<?xml version="1.0" encoding="UTF-8"?>
<testsuite xmlns:xsi="http://www.w3.org/2001/XMLSchema-instance" xsi:noNamespaceSchemaLocation="https://maven.apache.org/surefire/maven-surefire-plugin/xsd/surefire-test-report.xsd" name="org.apache.hadoop.ozone.freon.TestRandomKeyGenerator" time="145.775" tests="6" errors="1" skipped="0" failures="0">
  <properties>
    <property name="awt.toolkit" value="sun.awt.X11.XToolkit"/>
    <property name="file.encoding.pkg" value="sun.io"/>
    <property name="java.specification.version" value="1.8"/>
    <property name="sun.cpu.isalist" value=""/>
    <property name="sun.jnu.encoding" value="UTF-8"/>
    <property name="java.class.path" value="/workdir/hadoop-ozone/tools/target/test-classes:/workdir/hadoop-ozone/tools/target/classes:/home/user/.m2/repository/org/apache/hadoop/hadoop-ozone-ozone-manager/0.5.0-SNAPSHOT/hadoop-ozone-ozone-manager-0.5.0-SNAPSHOT.jar:/home/user/.m2/repository/org/apache/hadoop/hadoop-hdds-docs/0.5.0-SNAPSHOT/hadoop-hdds-docs-0.5.0-SNAPSHOT.jar:/home/user/.m2/repository/org/bouncycastle/bcprov-jdk15on/1.60/bcprov-jdk15on-1.60.jar:/home/user/.m2/repository/org/apache/hadoop/hadoop-ozone-common/0.5.0-SNAPSHOT/hadoop-ozone-common-0.5.0-SNAPSHOT.jar:/home/user/.m2/repository/org/apache/commons/commons-compress/1.4.1/commons-compress-1.4.1.jar:/home/user/.m2/repository/org/tukaani/xz/1.0/xz-1.0.jar:/home/user/.m2/repository/org/apache/hadoop/hadoop-hdfs-client/3.2.0/hadoop-hdfs-client-3.2.0.jar:/home/user/.m2/repository/com/fasterxml/jackson/core/jackson-annotations/2.9.5/jackson-annotations-2.9.5.jar:/home/user/.m2/repository/org/apache/hadoop/hadoop-hdds-common/0.5.0-SNAPSHOT/hadoop-hdds-common-0.5.0-SNAPSHOT.jar:/home/user/.m2/repository/org/apache/hadoop/hadoop-hdds-config/0.5.0-SNAPSHOT/hadoop-hdds-config-0.5.0-SNAPSHOT.jar:/home/user/.m2/repository/javax/annotation/javax.annotation-api/1.2/javax.annotation-api-1.2.jar:/home/user/.m2/repository/org/apache/ratis/ratis-server/0.4.0-78e95b9-SNAPSHOT/ratis-server-0.4.0-78e95b9-SNAPSHOT.jar:/home/user/.m2/repository/org/apache/ratis/ratis-thirdparty-misc/0.2.0/ratis-thirdparty-misc-0.2.0.jar:/home/user/.m2/repository/org/apache/ratis/ratis-proto/0.4.0-78e95b9-SNAPSHOT/ratis-proto-0.4.0-78e95b9-SNAPSHOT.jar:/home/user/.m2/repository/org/apache/ratis/ratis-common/0.4.0-78e95b9-SNAPSHOT/ratis-common-0.4.0-78e95b9-SNAPSHOT.jar:/home/user/.m2/repository/org/apache/ratis/ratis-client/0.4.0-78e95b9-SNAPSHOT/ratis-client-0.4.0-78e95b9-SNAPSHOT.jar:/home/user/.m2/repository/org/apache/ratis/ratis-metrics/0.4.0-78e95b9-SNAPSHOT/ratis-metrics-0.4.0-78e95b9-SNAPSHOT.jar:/home/user/.m2/repository/com/github/joshelser/dropwizard-metrics-hadoop-metrics2-reporter/0.1.2/dropwizard-metrics-hadoop-metrics2-reporter-0.1.2.jar:/home/user/.m2/repository/io/dropwizard/metrics/metrics-jvm/3.2.5/metrics-jvm-3.2.5.jar:/home/user/.m2/repository/io/dropwizard/metrics/metrics-ganglia/3.2.5/metrics-ganglia-3.2.5.jar:/home/user/.m2/repository/info/ganglia/gmetric4j/gmetric4j/1.0.7/gmetric4j-1.0.7.jar:/home/user/.m2/repository/org/apache/ratis/ratis-netty/0.4.0-78e95b9-SNAPSHOT/ratis-netty-0.4.0-78e95b9-SNAPSHOT.jar:/home/user/.m2/repository/org/apache/ratis/ratis-grpc/0.4.0-78e95b9-SNAPSHOT/ratis-grpc-0.4.0-78e95b9-SNAPSHOT.jar:/home/user/.m2/repository/org/rocksdb/rocksdbjni/6.0.1/rocksdbjni-6.0.1.jar:/home/user/.m2/repository/org/apache/logging/log4j/log4j-api/2.11.0/log4j-api-2.11.0.jar:/home/user/.m2/repository/org/apache/logging/log4j/log4j-core/2.11.0/log4j-core-2.11.0.jar:/home/user/.m2/repository/com/lmax/disruptor/3.4.2/disruptor-3.4.2.jar:/home/user/.m2/repository/org/apache/commons/commons-pool2/2.6.0/commons-pool2-2.6.0.jar:/home/user/.m2/repository/org/bouncycastle/bcpkix-jdk15on/1.60/bcpkix-jdk15on-1.60.jar:/home/user/.m2/repository/commons-validator/commons-validator/1.6/commons-validator-1.6.jar:/home/user/.m2/repository/commons-digester/commons-digester/1.8.1/commons-digester-1.8.1.jar:/home/user/.m2/repository/io/jaegertracing/jaeger-client/0.33.1/jaeger-client-0.33.1.jar:/home/user/.m2/repository/io/jaegertracing/jaeger-thrift/0.33.1/jaeger-thrift-0.33.1.jar:/home/user/.m2/repository/org/apache/thrift/libthrift/0.11.0/libthrift-0.11.0.jar:/home/user/.m2/repository/com/squareup/okhttp3/okhttp/3.9.0/okhttp-3.9.0.jar:/home/user/.m2/repository/com/squareup/okio/okio/1.13.0/okio-1.13.0.jar:/home/user/.m2/repository/io/jaegertracing/jaeger-core/0.33.1/jaeger-core-0.33.1.jar:/home/user/.m2/repository/io/jaegertracing/jaeger-tracerresolver/0.33.1/jaeger-tracerresolver-0.33.1.jar:/home/user/.m2/repository/io/opentracing/contrib/opentracing-tracerresolver/0.1.5/opentracing-tracerresolver-0.1.5.jar:/home/user/.m2/repository/io/opentracing/opentracing-util/0.31.0/opentracing-util-0.31.0.jar:/home/user/.m2/repository/io/opentracing/opentracing-api/0.31.0/opentracing-api-0.31.0.jar:/home/user/.m2/repository/io/opentracing/opentracing-noop/0.31.0/opentracing-noop-0.31.0.jar:/home/user/.m2/repository/org/yaml/snakeyaml/1.16/snakeyaml-1.16.jar:/home/user/.m2/repository/org/apache/hadoop/hadoop-hdds-container-service/0.5.0-SNAPSHOT/hadoop-hdds-container-service-0.5.0-SNAPSHOT.jar:/home/user/.m2/repository/org/apache/hadoop/hadoop-hdds-client/0.5.0-SNAPSHOT/hadoop-hdds-client-0.5.0-SNAPSHOT.jar:/home/user/.m2/repository/org/apache/hadoop/hadoop-hdds-tools/0.5.0-SNAPSHOT/hadoop-hdds-tools-0.5.0-SNAPSHOT.jar:/home/user/.m2/repository/org/xerial/sqlite-jdbc/3.25.2/sqlite-jdbc-3.25.2.jar:/home/user/.m2/repository/org/apache/hadoop/hadoop-hdds-server-scm/0.5.0-SNAPSHOT/hadoop-hdds-server-scm-0.5.0-SNAPSHOT.jar:/home/user/.m2/repository/org/hamcrest/hamcrest-all/1.3/hamcrest-all-1.3.jar:/home/user/.m2/repository/info/picocli/picocli/3.9.6/picocli-3.9.6.jar:/home/user/.m2/repository/com/google/protobuf/protobuf-java/2.5.0/protobuf-java-2.5.0.jar:/home/user/.m2/repository/com/google/guava/guava/11.0.2/guava-11.0.2.jar:/home/user/.m2/repository/org/apache/hadoop/hadoop-ozone-client/0.5.0-SNAPSHOT/hadoop-ozone-client-0.5.0-SNAPSHOT.jar:/workdir/hadoop-ozone/ozonefs/target/classes:/home/user/.m2/repository/org/apache/hadoop/hadoop-hdds-server-framework/0.5.0-SNAPSHOT/hadoop-hdds-server-framework-0.5.0-SNAPSHOT.jar:/home/user/.m2/repository/org/apache/hadoop/hadoop-common/3.2.0/hadoop-common-3.2.0.jar:/home/user/.m2/repository/org/apache/hadoop/hadoop-annotations/3.2.0/hadoop-annotations-3.2.0.jar:/usr/lib/jvm/java-1.8-openjdk/jre/../lib/tools.jar:/home/user/.m2/repository/commons-cli/commons-cli/1.2/commons-cli-1.2.jar:/home/user/.m2/repository/org/apache/commons/commons-math3/3.1.1/commons-math3-3.1.1.jar:/home/user/.m2/repository/org/apache/httpcomponents/httpclient/4.5.2/httpclient-4.5.2.jar:/home/user/.m2/repository/org/apache/httpcomponents/httpcore/4.4.4/httpcore-4.4.4.jar:/home/user/.m2/repository/commons-codec/commons-codec/1.11/commons-codec-1.11.jar:/home/user/.m2/repository/commons-io/commons-io/2.5/commons-io-2.5.jar:/home/user/.m2/repository/commons-net/commons-net/3.6/commons-net-3.6.jar:/home/user/.m2/repository/commons-collections/commons-collections/3.2.2/commons-collections-3.2.2.jar:/home/user/.m2/repository/javax/servlet/javax.servlet-api/3.1.0/javax.servlet-api-3.1.0.jar:/home/user/.m2/repository/org/eclipse/jetty/jetty-server/9.3.24.v20180605/jetty-server-9.3.24.v20180605.jar:/home/user/.m2/repository/org/eclipse/jetty/jetty-http/9.3.24.v20180605/jetty-http-9.3.24.v20180605.jar:/home/user/.m2/repository/org/eclipse/jetty/jetty-io/9.3.24.v20180605/jetty-io-9.3.24.v20180605.jar:/home/user/.m2/repository/org/eclipse/jetty/jetty-util/9.3.24.v20180605/jetty-util-9.3.24.v20180605.jar:/home/user/.m2/repository/org/eclipse/jetty/jetty-servlet/9.3.24.v20180605/jetty-servlet-9.3.24.v20180605.jar:/home/user/.m2/repository/org/eclipse/jetty/jetty-security/9.3.24.v20180605/jetty-security-9.3.24.v20180605.jar:/home/user/.m2/repository/org/eclipse/jetty/jetty-webapp/9.3.24.v20180605/jetty-webapp-9.3.24.v20180605.jar:/home/user/.m2/repository/org/eclipse/jetty/jetty-xml/9.3.24.v20180605/jetty-xml-9.3.24.v20180605.jar:/home/user/.m2/repository/javax/servlet/jsp/jsp-api/2.1/jsp-api-2.1.jar:/home/user/.m2/repository/com/sun/jersey/jersey-core/1.19/jersey-core-1.19.jar:/home/user/.m2/repository/javax/ws/rs/jsr311-api/1.1.1/jsr311-api-1.1.1.jar:/home/user/.m2/repository/com/sun/jersey/jersey-servlet/1.19/jersey-servlet-1.19.jar:/home/user/.m2/repository/com/sun/jersey/jersey-json/1.19/jersey-json-1.19.jar:/home/user/.m2/repository/org/codehaus/jettison/jettison/1.1/jettison-1.1.jar:/home/user/.m2/repository/com/sun/xml/bind/jaxb-impl/2.3.0.1/jaxb-impl-2.3.0.1.jar:/home/user/.m2/repository/org/codehaus/jackson/jackson-core-asl/1.9.13/jackson-core-asl-1.9.13.jar:/home/user/.m2/repository/org/codehaus/jackson/jackson-mapper-asl/1.9.13/jackson-mapper-asl-1.9.13.jar:/home/user/.m2/repository/org/codehaus/jackson/jackson-jaxrs/1.9.13/jackson-jaxrs-1.9.13.jar:/home/user/.m2/repository/org/codehaus/jackson/jackson-xc/1.9.13/jackson-xc-1.9.13.jar:/home/user/.m2/repository/com/sun/jersey/jersey-server/1.19/jersey-server-1.19.jar:/home/user/.m2/repository/commons-logging/commons-logging/1.1.3/commons-logging-1.1.3.jar:/home/user/.m2/repository/log4j/log4j/1.2.17/log4j-1.2.17.jar:/home/user/.m2/repository/commons-beanutils/commons-beanutils/1.9.3/commons-beanutils-1.9.3.jar:/home/user/.m2/repository/org/apache/commons/commons-configuration2/2.1.1/commons-configuration2-2.1.1.jar:/home/user/.m2/repository/org/apache/commons/commons-lang3/3.7/commons-lang3-3.7.jar:/home/user/.m2/repository/org/apache/commons/commons-text/1.4/commons-text-1.4.jar:/home/user/.m2/repository/org/slf4j/slf4j-api/1.7.25/slf4j-api-1.7.25.jar:/home/user/.m2/repository/org/slf4j/slf4j-log4j12/1.7.25/slf4j-log4j12-1.7.25.jar:/home/user/.m2/repository/org/apache/avro/avro/1.7.7/avro-1.7.7.jar:/home/user/.m2/repository/com/thoughtworks/paranamer/paranamer/2.3/paranamer-2.3.jar:/home/user/.m2/repository/org/xerial/snappy/snappy-java/1.0.5/snappy-java-1.0.5.jar:/home/user/.m2/repository/com/google/re2j/re2j/1.1/re2j-1.1.jar:/home/user/.m2/repository/com/google/code/gson/gson/2.2.4/gson-2.2.4.jar:/home/user/.m2/repository/org/apache/hadoop/hadoop-auth/3.2.0/hadoop-auth-3.2.0.jar:/home/user/.m2/repository/com/nimbusds/nimbus-jose-jwt/4.41.1/nimbus-jose-jwt-4.41.1.jar:/home/user/.m2/repository/com/github/stephenc/jcip/jcip-annotations/1.0-1/jcip-annotations-1.0-1.jar:/home/user/.m2/repository/net/minidev/json-smart/2.3/json-smart-2.3.jar:/home/user/.m2/repository/net/minidev/accessors-smart/1.2/accessors-smart-1.2.jar:/home/user/.m2/repository/org/apache/curator/curator-framework/2.12.0/curator-framework-2.12.0.jar:/home/user/.m2/repository/com/jcraft/jsch/0.1.54/jsch-0.1.54.jar:/home/user/.m2/repository/org/apache/curator/curator-client/2.12.0/curator-client-2.12.0.jar:/home/user/.m2/repository/org/apache/curator/curator-recipes/2.12.0/curator-recipes-2.12.0.jar:/home/user/.m2/repository/com/google/code/findbugs/jsr305/3.0.0/jsr305-3.0.0.jar:/home/user/.m2/repository/org/apache/htrace/htrace-core4/4.1.0-incubating/htrace-core4-4.1.0-incubating.jar:/home/user/.m2/repository/org/apache/zookeeper/zookeeper/3.4.13/zookeeper-3.4.13.jar:/home/user/.m2/repository/org/apache/yetus/audience-annotations/0.5.0/audience-annotations-0.5.0.jar:/home/user/.m2/repository/org/apache/kerby/kerb-simplekdc/1.0.1/kerb-simplekdc-1.0.1.jar:/home/user/.m2/repository/org/apache/kerby/kerb-client/1.0.1/kerb-client-1.0.1.jar:/home/user/.m2/repository/org/apache/kerby/kerby-config/1.0.1/kerby-config-1.0.1.jar:/home/user/.m2/repository/org/apache/kerby/kerb-core/1.0.1/kerb-core-1.0.1.jar:/home/user/.m2/repository/org/apache/kerby/kerby-pkix/1.0.1/kerby-pkix-1.0.1.jar:/home/user/.m2/repository/org/apache/kerby/kerby-asn1/1.0.1/kerby-asn1-1.0.1.jar:/home/user/.m2/repository/org/apache/kerby/kerby-util/1.0.1/kerby-util-1.0.1.jar:/home/user/.m2/repository/org/apache/kerby/kerb-common/1.0.1/kerb-common-1.0.1.jar:/home/user/.m2/repository/org/apache/kerby/kerb-crypto/1.0.1/kerb-crypto-1.0.1.jar:/home/user/.m2/repository/org/apache/kerby/kerb-util/1.0.1/kerb-util-1.0.1.jar:/home/user/.m2/repository/org/apache/kerby/token-provider/1.0.1/token-provider-1.0.1.jar:/home/user/.m2/repository/org/apache/kerby/kerb-admin/1.0.1/kerb-admin-1.0.1.jar:/home/user/.m2/repository/org/apache/kerby/kerb-server/1.0.1/kerb-server-1.0.1.jar:/home/user/.m2/repository/org/apache/kerby/kerb-identity/1.0.1/kerb-identity-1.0.1.jar:/home/user/.m2/repository/org/apache/kerby/kerby-xdr/1.0.1/kerby-xdr-1.0.1.jar:/home/user/.m2/repository/com/fasterxml/jackson/core/jackson-databind/2.9.5/jackson-databind-2.9.5.jar:/home/user/.m2/repository/com/fasterxml/jackson/core/jackson-core/2.9.5/jackson-core-2.9.5.jar:/home/user/.m2/repository/org/codehaus/woodstox/stax2-api/3.1.4/stax2-api-3.1.4.jar:/home/user/.m2/repository/com/fasterxml/woodstox/woodstox-core/5.0.3/woodstox-core-5.0.3.jar:/home/user/.m2/repository/dnsjava/dnsjava/2.1.7/dnsjava-2.1.7.jar:/home/user/.m2/repository/org/apache/hadoop/hadoop-hdfs/3.2.0/hadoop-hdfs-3.2.0.jar:/home/user/.m2/repository/org/eclipse/jetty/jetty-util-ajax/9.3.24.v20180605/jetty-util-ajax-9.3.24.v20180605.jar:/home/user/.m2/repository/commons-daemon/commons-daemon/1.0.13/commons-daemon-1.0.13.jar:/home/user/.m2/repository/io/netty/netty/3.10.5.Final/netty-3.10.5.Final.jar:/home/user/.m2/repository/io/netty/netty-all/4.0.52.Final/netty-all-4.0.52.Final.jar:/home/user/.m2/repository/org/fusesource/leveldbjni/leveldbjni-all/1.8/leveldbjni-all-1.8.jar:/home/user/.m2/repository/com/sun/xml/bind/jaxb-core/2.3.0.1/jaxb-core-2.3.0.1.jar:/home/user/.m2/repository/javax/xml/bind/jaxb-api/2.3.0/jaxb-api-2.3.0.jar:/home/user/.m2/repository/javax/activation/activation/1.1.1/activation-1.1.1.jar:/home/user/.m2/repository/io/dropwizard/metrics/metrics-core/3.2.4/metrics-core-3.2.4.jar:/home/user/.m2/repository/org/openjdk/jmh/jmh-core/1.19/jmh-core-1.19.jar:/home/user/.m2/repository/net/sf/jopt-simple/jopt-simple/4.6/jopt-simple-4.6.jar:/home/user/.m2/repository/org/openjdk/jmh/jmh-generator-annprocess/1.19/jmh-generator-annprocess-1.19.jar:/home/user/.m2/repository/com/google/code/findbugs/findbugs/3.0.1/findbugs-3.0.1.jar:/home/user/.m2/repository/net/jcip/jcip-annotations/1.0/jcip-annotations-1.0.jar:/home/user/.m2/repository/com/google/code/findbugs/bcel-findbugs/6.0/bcel-findbugs-6.0.jar:/home/user/.m2/repository/com/google/code/findbugs/jFormatString/2.0.1/jFormatString-2.0.1.jar:/home/user/.m2/repository/dom4j/dom4j/1.6.1/dom4j-1.6.1.jar:/home/user/.m2/repository/xml-apis/xml-apis/1.0.b2/xml-apis-1.0.b2.jar:/home/user/.m2/repository/org/ow2/asm/asm-debug-all/5.0.2/asm-debug-all-5.0.2.jar:/home/user/.m2/repository/org/ow2/asm/asm-commons/5.0.2/asm-commons-5.0.2.jar:/home/user/.m2/repository/org/ow2/asm/asm-tree/5.0.2/asm-tree-5.0.2.jar:/home/user/.m2/repository/org/ow2/asm/asm/5.0.4/asm-5.0.4.jar:/home/user/.m2/repository/commons-lang/commons-lang/2.6/commons-lang-2.6.jar:/home/user/.m2/repository/com/apple/AppleJavaExtensions/1.4/AppleJavaExtensions-1.4.jar:/home/user/.m2/repository/jaxen/jaxen/1.1.6/jaxen-1.1.6.jar:/home/user/.m2/repository/junit/junit/4.11/junit-4.11.jar:/home/user/.m2/repository/org/hamcrest/hamcrest-core/1.3/hamcrest-core-1.3.jar:/home/user/.m2/repository/org/apache/hadoop/hadoop-common/3.2.0/hadoop-common-3.2.0-tests.jar:/workdir/hadoop-ozone/integration-test/target/test-classes:/home/user/.m2/repository/org/apache/hadoop/hadoop-ozone-s3gateway/0.5.0-SNAPSHOT/hadoop-ozone-s3gateway-0.5.0-SNAPSHOT.jar:/home/user/.m2/repository/org/jboss/weld/servlet/weld-servlet/2.4.7.Final/weld-servlet-2.4.7.Final.jar:/home/user/.m2/repository/org/glassfish/jersey/containers/jersey-container-servlet-core/2.27/jersey-container-servlet-core-2.27.jar:/home/user/.m2/repository/org/glassfish/hk2/external/javax.inject/2.5.0-b42/javax.inject-2.5.0-b42.jar:/home/user/.m2/repository/org/glassfish/jersey/core/jersey-common/2.27/jersey-common-2.27.jar:/home/user/.m2/repository/org/glassfish/hk2/osgi-resource-locator/1.0.1/osgi-resource-locator-1.0.1.jar:/home/user/.m2/repository/javax/ws/rs/javax.ws.rs-api/2.1/javax.ws.rs-api-2.1.jar:/home/user/.m2/repository/org/glassfish/jersey/ext/cdi/jersey-cdi1x/2.27/jersey-cdi1x-2.27.jar:/home/user/.m2/repository/org/glassfish/jersey/inject/jersey-hk2/2.27/jersey-hk2-2.27.jar:/home/user/.m2/repository/org/glassfish/hk2/hk2-locator/2.5.0-b42/hk2-locator-2.5.0-b42.jar:/home/user/.m2/repository/org/javassist/javassist/3.22.0-CR2/javassist-3.22.0-CR2.jar:/home/user/.m2/repository/org/glassfish/hk2/hk2-api/2.5.0/hk2-api-2.5.0.jar:/home/user/.m2/repository/org/glassfish/hk2/external/jakarta.inject/2.5.0/jakarta.inject-2.5.0.jar:/home/user/.m2/repository/org/glassfish/hk2/hk2-utils/2.5.0/hk2-utils-2.5.0.jar:/home/user/.m2/repository/jakarta/annotation/jakarta.annotation-api/1.3.4/jakarta.annotation-api-1.3.4.jar:/home/user/.m2/repository/org/glassfish/hk2/external/aopalliance-repackaged/2.5.0/aopalliance-repackaged-2.5.0.jar:/home/user/.m2/repository/com/fasterxml/jackson/dataformat/jackson-dataformat-xml/2.9.0/jackson-dataformat-xml-2.9.0.jar:/home/user/.m2/repository/com/fasterxml/jackson/module/jackson-module-jaxb-annotations/2.9.5/jackson-module-jaxb-annotations-2.9.5.jar:/home/user/.m2/repository/javax/enterprise/cdi-api/1.2/cdi-api-1.2.jar:/home/user/.m2/repository/javax/el/javax.el-api/3.0.0/javax.el-api-3.0.0.jar:/home/user/.m2/repository/javax/interceptor/javax.interceptor-api/1.2/javax.interceptor-api-1.2.jar:/home/user/.m2/repository/javax/inject/javax.inject/1/javax.inject-1.jar:/home/user/.m2/repository/org/apache/hadoop/hadoop-ozone-csi/0.5.0-SNAPSHOT/hadoop-ozone-csi-0.5.0-SNAPSHOT.jar:/home/user/.m2/repository/com/google/protobuf/protobuf-java-util/3.5.1/protobuf-java-util-3.5.1.jar:/home/user/.m2/repository/io/grpc/grpc-netty/1.17.1/grpc-netty-1.17.1.jar:/home/user/.m2/repository/io/grpc/grpc-core/1.17.1/grpc-core-1.17.1.jar:/home/user/.m2/repository/io/grpc/grpc-context/1.17.1/grpc-context-1.17.1.jar:/home/user/.m2/repository/com/google/errorprone/error_prone_annotations/2.2.0/error_prone_annotations-2.2.0.jar:/home/user/.m2/repository/org/codehaus/mojo/animal-sniffer-annotations/1.17/animal-sniffer-annotations-1.17.jar:/home/user/.m2/repository/io/opencensus/opencensus-api/0.17.0/opencensus-api-0.17.0.jar:/home/user/.m2/repository/io/opencensus/opencensus-contrib-grpc-metrics/0.17.0/opencensus-contrib-grpc-metrics-0.17.0.jar:/home/user/.m2/repository/io/netty/netty-codec-http2/4.1.30.Final/netty-codec-http2-4.1.30.Final.jar:/home/user/.m2/repository/io/netty/netty-codec-http/4.1.30.Final/netty-codec-http-4.1.30.Final.jar:/home/user/.m2/repository/io/netty/netty-codec/4.1.30.Final/netty-codec-4.1.30.Final.jar:/home/user/.m2/repository/io/netty/netty-handler/4.1.30.Final/netty-handler-4.1.30.Final.jar:/home/user/.m2/repository/io/netty/netty-handler-proxy/4.1.30.Final/netty-handler-proxy-4.1.30.Final.jar:/home/user/.m2/repository/io/netty/netty-codec-socks/4.1.30.Final/netty-codec-socks-4.1.30.Final.jar:/home/user/.m2/repository/io/netty/netty-transport-native-epoll/4.1.30.Final/netty-transport-native-epoll-4.1.30.Final.jar:/home/user/.m2/repository/io/netty/netty-common/4.1.30.Final/netty-common-4.1.30.Final.jar:/home/user/.m2/repository/io/netty/netty-buffer/4.1.30.Final/netty-buffer-4.1.30.Final.jar:/home/user/.m2/repository/io/netty/netty-transport/4.1.30.Final/netty-transport-4.1.30.Final.jar:/home/user/.m2/repository/io/netty/netty-resolver/4.1.30.Final/netty-resolver-4.1.30.Final.jar:/home/user/.m2/repository/io/netty/netty-transport-native-unix-common/4.1.30.Final/netty-transport-native-unix-common-4.1.30.Final.jar:/home/user/.m2/repository/io/grpc/grpc-protobuf/1.17.1/grpc-protobuf-1.17.1.jar:/home/user/.m2/repository/com/google/api/grpc/proto-google-common-protos/1.0.0/proto-google-common-protos-1.0.0.jar:/home/user/.m2/repository/io/grpc/grpc-protobuf-lite/1.17.1/grpc-protobuf-lite-1.17.1.jar:/home/user/.m2/repository/io/grpc/grpc-stub/1.17.1/grpc-stub-1.17.1.jar:/home/user/.m2/repository/org/apache/hadoop/hadoop-ozone-recon/0.5.0-SNAPSHOT/hadoop-ozone-recon-0.5.0-SNAPSHOT.jar:/home/user/.m2/repository/org/apache/hadoop/hadoop-ozone-reconcodegen/0.5.0-SNAPSHOT/hadoop-ozone-reconcodegen-0.5.0-SNAPSHOT.jar:/home/user/.m2/repository/com/google/inject/extensions/guice-multibindings/4.0/guice-multibindings-4.0.jar:/home/user/.m2/repository/com/google/inject/guice/4.0/guice-4.0.jar:/home/user/.m2/repository/aopalliance/aopalliance/1.0/aopalliance-1.0.jar:/home/user/.m2/repository/com/google/inject/extensions/guice-servlet/4.0/guice-servlet-4.0.jar:/home/user/.m2/repository/org/glassfish/jersey/containers/jersey-container-servlet/2.27/jersey-container-servlet-2.27.jar:/home/user/.m2/repository/org/glassfish/hk2/guice-bridge/2.5.0/guice-bridge-2.5.0.jar:/home/user/.m2/repository/org/glassfish/jersey/core/jersey-server/2.27/jersey-server-2.27.jar:/home/user/.m2/repository/org/glassfish/jersey/core/jersey-client/2.27/jersey-client-2.27.jar:/home/user/.m2/repository/org/glassfish/jersey/media/jersey-media-jaxb/2.27/jersey-media-jaxb-2.27.jar:/home/user/.m2/repository/javax/validation/validation-api/1.1.0.Final/validation-api-1.1.0.Final.jar:/home/user/.m2/repository/org/glassfish/jersey/media/jersey-media-json-jackson/2.27/jersey-media-json-jackson-2.27.jar:/home/user/.m2/repository/org/glassfish/jersey/ext/jersey-entity-filtering/2.27/jersey-entity-filtering-2.27.jar:/home/user/.m2/repository/com/google/inject/extensions/guice-assistedinject/4.0/guice-assistedinject-4.0.jar:/home/user/.m2/repository/org/jooq/jooq/3.11.10/jooq-3.11.10.jar:/home/user/.m2/repository/org/jooq/jooq-meta/3.11.10/jooq-meta-3.11.10.jar:/home/user/.m2/repository/org/jooq/jooq-codegen/3.11.10/jooq-codegen-3.11.10.jar:/home/user/.m2/repository/com/jolbox/bonecp/0.8.0.RELEASE/bonecp-0.8.0.RELEASE.jar:/home/user/.m2/repository/org/springframework/spring-jdbc/5.1.3.RELEASE/spring-jdbc-5.1.3.RELEASE.jar:/home/user/.m2/repository/org/springframework/spring-beans/5.1.3.RELEASE/spring-beans-5.1.3.RELEASE.jar:/home/user/.m2/repository/org/springframework/spring-core/5.1.3.RELEASE/spring-core-5.1.3.RELEASE.jar:/home/user/.m2/repository/org/springframework/spring-jcl/5.1.3.RELEASE/spring-jcl-5.1.3.RELEASE.jar:/home/user/.m2/repository/org/springframework/spring-tx/5.1.3.RELEASE/spring-tx-5.1.3.RELEASE.jar:/home/user/.m2/repository/org/mockito/mockito-core/2.15.0/mockito-core-2.15.0.jar:/home/user/.m2/repository/net/bytebuddy/byte-buddy/1.7.9/byte-buddy-1.7.9.jar:/home/user/.m2/repository/net/bytebuddy/byte-buddy-agent/1.7.9/byte-buddy-agent-1.7.9.jar:/home/user/.m2/repository/org/objenesis/objenesis/1.0/objenesis-1.0.jar:"/>
    <property name="java.vm.vendor" value="IcedTea"/>
    <property name="sun.arch.data.model" value="64"/>
    <property name="test.build.dir" value="/workdir/hadoop-ozone/tools/target/test-dir"/>
    <property name="test.cache.data" value=""/>
    <property name="java.vendor.url" value="https://icedtea.classpath.org"/>
    <property name="user.timezone" value=""/>
    <property name="java.vm.specification.version" value="1.8"/>
    <property name="os.name" value="Linux"/>
    <property name="test.build.data" value="/workdir/hadoop-ozone/tools/target/test-dir"/>
    <property name="user.country" value="US"/>
    <property name="sun.java.launcher" value="SUN_STANDARD"/>
    <property name="sun.boot.library.path" value="/usr/lib/jvm/java-1.8-openjdk/jre/lib/amd64"/>
    <property name="sun.java.command" value="/workdir/hadoop-ozone/tools/target/surefire/surefirebooter3373962425559249894.jar /workdir/hadoop-ozone/tools/target/surefire 2019-09-11T05-57-26_031-jvmRun1 surefire6447804529068594256tmp surefire_1124708399061189596213tmp"/>
    <property name="test" value="!TestMiniChaosOzoneCluster"/>
    <property name="surefire.test.class.path" value="/workdir/hadoop-ozone/tools/target/test-classes:/workdir/hadoop-ozone/tools/target/classes:/home/user/.m2/repository/org/apache/hadoop/hadoop-ozone-ozone-manager/0.5.0-SNAPSHOT/hadoop-ozone-ozone-manager-0.5.0-SNAPSHOT.jar:/home/user/.m2/repository/org/apache/hadoop/hadoop-hdds-docs/0.5.0-SNAPSHOT/hadoop-hdds-docs-0.5.0-SNAPSHOT.jar:/home/user/.m2/repository/org/bouncycastle/bcprov-jdk15on/1.60/bcprov-jdk15on-1.60.jar:/home/user/.m2/repository/org/apache/hadoop/hadoop-ozone-common/0.5.0-SNAPSHOT/hadoop-ozone-common-0.5.0-SNAPSHOT.jar:/home/user/.m2/repository/org/apache/commons/commons-compress/1.4.1/commons-compress-1.4.1.jar:/home/user/.m2/repository/org/tukaani/xz/1.0/xz-1.0.jar:/home/user/.m2/repository/org/apache/hadoop/hadoop-hdfs-client/3.2.0/hadoop-hdfs-client-3.2.0.jar:/home/user/.m2/repository/com/fasterxml/jackson/core/jackson-annotations/2.9.5/jackson-annotations-2.9.5.jar:/home/user/.m2/repository/org/apache/hadoop/hadoop-hdds-common/0.5.0-SNAPSHOT/hadoop-hdds-common-0.5.0-SNAPSHOT.jar:/home/user/.m2/repository/org/apache/hadoop/hadoop-hdds-config/0.5.0-SNAPSHOT/hadoop-hdds-config-0.5.0-SNAPSHOT.jar:/home/user/.m2/repository/javax/annotation/javax.annotation-api/1.2/javax.annotation-api-1.2.jar:/home/user/.m2/repository/org/apache/ratis/ratis-server/0.4.0-78e95b9-SNAPSHOT/ratis-server-0.4.0-78e95b9-SNAPSHOT.jar:/home/user/.m2/repository/org/apache/ratis/ratis-thirdparty-misc/0.2.0/ratis-thirdparty-misc-0.2.0.jar:/home/user/.m2/repository/org/apache/ratis/ratis-proto/0.4.0-78e95b9-SNAPSHOT/ratis-proto-0.4.0-78e95b9-SNAPSHOT.jar:/home/user/.m2/repository/org/apache/ratis/ratis-common/0.4.0-78e95b9-SNAPSHOT/ratis-common-0.4.0-78e95b9-SNAPSHOT.jar:/home/user/.m2/repository/org/apache/ratis/ratis-client/0.4.0-78e95b9-SNAPSHOT/ratis-client-0.4.0-78e95b9-SNAPSHOT.jar:/home/user/.m2/repository/org/apache/ratis/ratis-metrics/0.4.0-78e95b9-SNAPSHOT/ratis-metrics-0.4.0-78e95b9-SNAPSHOT.jar:/home/user/.m2/repository/com/github/joshelser/dropwizard-metrics-hadoop-metrics2-reporter/0.1.2/dropwizard-metrics-hadoop-metrics2-reporter-0.1.2.jar:/home/user/.m2/repository/io/dropwizard/metrics/metrics-jvm/3.2.5/metrics-jvm-3.2.5.jar:/home/user/.m2/repository/io/dropwizard/metrics/metrics-ganglia/3.2.5/metrics-ganglia-3.2.5.jar:/home/user/.m2/repository/info/ganglia/gmetric4j/gmetric4j/1.0.7/gmetric4j-1.0.7.jar:/home/user/.m2/repository/org/apache/ratis/ratis-netty/0.4.0-78e95b9-SNAPSHOT/ratis-netty-0.4.0-78e95b9-SNAPSHOT.jar:/home/user/.m2/repository/org/apache/ratis/ratis-grpc/0.4.0-78e95b9-SNAPSHOT/ratis-grpc-0.4.0-78e95b9-SNAPSHOT.jar:/home/user/.m2/repository/org/rocksdb/rocksdbjni/6.0.1/rocksdbjni-6.0.1.jar:/home/user/.m2/repository/org/apache/logging/log4j/log4j-api/2.11.0/log4j-api-2.11.0.jar:/home/user/.m2/repository/org/apache/logging/log4j/log4j-core/2.11.0/log4j-core-2.11.0.jar:/home/user/.m2/repository/com/lmax/disruptor/3.4.2/disruptor-3.4.2.jar:/home/user/.m2/repository/org/apache/commons/commons-pool2/2.6.0/commons-pool2-2.6.0.jar:/home/user/.m2/repository/org/bouncycastle/bcpkix-jdk15on/1.60/bcpkix-jdk15on-1.60.jar:/home/user/.m2/repository/commons-validator/commons-validator/1.6/commons-validator-1.6.jar:/home/user/.m2/repository/commons-digester/commons-digester/1.8.1/commons-digester-1.8.1.jar:/home/user/.m2/repository/io/jaegertracing/jaeger-client/0.33.1/jaeger-client-0.33.1.jar:/home/user/.m2/repository/io/jaegertracing/jaeger-thrift/0.33.1/jaeger-thrift-0.33.1.jar:/home/user/.m2/repository/org/apache/thrift/libthrift/0.11.0/libthrift-0.11.0.jar:/home/user/.m2/repository/com/squareup/okhttp3/okhttp/3.9.0/okhttp-3.9.0.jar:/home/user/.m2/repository/com/squareup/okio/okio/1.13.0/okio-1.13.0.jar:/home/user/.m2/repository/io/jaegertracing/jaeger-core/0.33.1/jaeger-core-0.33.1.jar:/home/user/.m2/repository/io/jaegertracing/jaeger-tracerresolver/0.33.1/jaeger-tracerresolver-0.33.1.jar:/home/user/.m2/repository/io/opentracing/contrib/opentracing-tracerresolver/0.1.5/opentracing-tracerresolver-0.1.5.jar:/home/user/.m2/repository/io/opentracing/opentracing-util/0.31.0/opentracing-util-0.31.0.jar:/home/user/.m2/repository/io/opentracing/opentracing-api/0.31.0/opentracing-api-0.31.0.jar:/home/user/.m2/repository/io/opentracing/opentracing-noop/0.31.0/opentracing-noop-0.31.0.jar:/home/user/.m2/repository/org/yaml/snakeyaml/1.16/snakeyaml-1.16.jar:/home/user/.m2/repository/org/apache/hadoop/hadoop-hdds-container-service/0.5.0-SNAPSHOT/hadoop-hdds-container-service-0.5.0-SNAPSHOT.jar:/home/user/.m2/repository/org/apache/hadoop/hadoop-hdds-client/0.5.0-SNAPSHOT/hadoop-hdds-client-0.5.0-SNAPSHOT.jar:/home/user/.m2/repository/org/apache/hadoop/hadoop-hdds-tools/0.5.0-SNAPSHOT/hadoop-hdds-tools-0.5.0-SNAPSHOT.jar:/home/user/.m2/repository/org/xerial/sqlite-jdbc/3.25.2/sqlite-jdbc-3.25.2.jar:/home/user/.m2/repository/org/apache/hadoop/hadoop-hdds-server-scm/0.5.0-SNAPSHOT/hadoop-hdds-server-scm-0.5.0-SNAPSHOT.jar:/home/user/.m2/repository/org/hamcrest/hamcrest-all/1.3/hamcrest-all-1.3.jar:/home/user/.m2/repository/info/picocli/picocli/3.9.6/picocli-3.9.6.jar:/home/user/.m2/repository/com/google/protobuf/protobuf-java/2.5.0/protobuf-java-2.5.0.jar:/home/user/.m2/repository/com/google/guava/guava/11.0.2/guava-11.0.2.jar:/home/user/.m2/repository/org/apache/hadoop/hadoop-ozone-client/0.5.0-SNAPSHOT/hadoop-ozone-client-0.5.0-SNAPSHOT.jar:/workdir/hadoop-ozone/ozonefs/target/classes:/home/user/.m2/repository/org/apache/hadoop/hadoop-hdds-server-framework/0.5.0-SNAPSHOT/hadoop-hdds-server-framework-0.5.0-SNAPSHOT.jar:/home/user/.m2/repository/org/apache/hadoop/hadoop-common/3.2.0/hadoop-common-3.2.0.jar:/home/user/.m2/repository/org/apache/hadoop/hadoop-annotations/3.2.0/hadoop-annotations-3.2.0.jar:/usr/lib/jvm/java-1.8-openjdk/jre/../lib/tools.jar:/home/user/.m2/repository/commons-cli/commons-cli/1.2/commons-cli-1.2.jar:/home/user/.m2/repository/org/apache/commons/commons-math3/3.1.1/commons-math3-3.1.1.jar:/home/user/.m2/repository/org/apache/httpcomponents/httpclient/4.5.2/httpclient-4.5.2.jar:/home/user/.m2/repository/org/apache/httpcomponents/httpcore/4.4.4/httpcore-4.4.4.jar:/home/user/.m2/repository/commons-codec/commons-codec/1.11/commons-codec-1.11.jar:/home/user/.m2/repository/commons-io/commons-io/2.5/commons-io-2.5.jar:/home/user/.m2/repository/commons-net/commons-net/3.6/commons-net-3.6.jar:/home/user/.m2/repository/commons-collections/commons-collections/3.2.2/commons-collections-3.2.2.jar:/home/user/.m2/repository/javax/servlet/javax.servlet-api/3.1.0/javax.servlet-api-3.1.0.jar:/home/user/.m2/repository/org/eclipse/jetty/jetty-server/9.3.24.v20180605/jetty-server-9.3.24.v20180605.jar:/home/user/.m2/repository/org/eclipse/jetty/jetty-http/9.3.24.v20180605/jetty-http-9.3.24.v20180605.jar:/home/user/.m2/repository/org/eclipse/jetty/jetty-io/9.3.24.v20180605/jetty-io-9.3.24.v20180605.jar:/home/user/.m2/repository/org/eclipse/jetty/jetty-util/9.3.24.v20180605/jetty-util-9.3.24.v20180605.jar:/home/user/.m2/repository/org/eclipse/jetty/jetty-servlet/9.3.24.v20180605/jetty-servlet-9.3.24.v20180605.jar:/home/user/.m2/repository/org/eclipse/jetty/jetty-security/9.3.24.v20180605/jetty-security-9.3.24.v20180605.jar:/home/user/.m2/repository/org/eclipse/jetty/jetty-webapp/9.3.24.v20180605/jetty-webapp-9.3.24.v20180605.jar:/home/user/.m2/repository/org/eclipse/jetty/jetty-xml/9.3.24.v20180605/jetty-xml-9.3.24.v20180605.jar:/home/user/.m2/repository/javax/servlet/jsp/jsp-api/2.1/jsp-api-2.1.jar:/home/user/.m2/repository/com/sun/jersey/jersey-core/1.19/jersey-core-1.19.jar:/home/user/.m2/repository/javax/ws/rs/jsr311-api/1.1.1/jsr311-api-1.1.1.jar:/home/user/.m2/repository/com/sun/jersey/jersey-servlet/1.19/jersey-servlet-1.19.jar:/home/user/.m2/repository/com/sun/jersey/jersey-json/1.19/jersey-json-1.19.jar:/home/user/.m2/repository/org/codehaus/jettison/jettison/1.1/jettison-1.1.jar:/home/user/.m2/repository/com/sun/xml/bind/jaxb-impl/2.3.0.1/jaxb-impl-2.3.0.1.jar:/home/user/.m2/repository/org/codehaus/jackson/jackson-core-asl/1.9.13/jackson-core-asl-1.9.13.jar:/home/user/.m2/repository/org/codehaus/jackson/jackson-mapper-asl/1.9.13/jackson-mapper-asl-1.9.13.jar:/home/user/.m2/repository/org/codehaus/jackson/jackson-jaxrs/1.9.13/jackson-jaxrs-1.9.13.jar:/home/user/.m2/repository/org/codehaus/jackson/jackson-xc/1.9.13/jackson-xc-1.9.13.jar:/home/user/.m2/repository/com/sun/jersey/jersey-server/1.19/jersey-server-1.19.jar:/home/user/.m2/repository/commons-logging/commons-logging/1.1.3/commons-logging-1.1.3.jar:/home/user/.m2/repository/log4j/log4j/1.2.17/log4j-1.2.17.jar:/home/user/.m2/repository/commons-beanutils/commons-beanutils/1.9.3/commons-beanutils-1.9.3.jar:/home/user/.m2/repository/org/apache/commons/commons-configuration2/2.1.1/commons-configuration2-2.1.1.jar:/home/user/.m2/repository/org/apache/commons/commons-lang3/3.7/commons-lang3-3.7.jar:/home/user/.m2/repository/org/apache/commons/commons-text/1.4/commons-text-1.4.jar:/home/user/.m2/repository/org/slf4j/slf4j-api/1.7.25/slf4j-api-1.7.25.jar:/home/user/.m2/repository/org/slf4j/slf4j-log4j12/1.7.25/slf4j-log4j12-1.7.25.jar:/home/user/.m2/repository/org/apache/avro/avro/1.7.7/avro-1.7.7.jar:/home/user/.m2/repository/com/thoughtworks/paranamer/paranamer/2.3/paranamer-2.3.jar:/home/user/.m2/repository/org/xerial/snappy/snappy-java/1.0.5/snappy-java-1.0.5.jar:/home/user/.m2/repository/com/google/re2j/re2j/1.1/re2j-1.1.jar:/home/user/.m2/repository/com/google/code/gson/gson/2.2.4/gson-2.2.4.jar:/home/user/.m2/repository/org/apache/hadoop/hadoop-auth/3.2.0/hadoop-auth-3.2.0.jar:/home/user/.m2/repository/com/nimbusds/nimbus-jose-jwt/4.41.1/nimbus-jose-jwt-4.41.1.jar:/home/user/.m2/repository/com/github/stephenc/jcip/jcip-annotations/1.0-1/jcip-annotations-1.0-1.jar:/home/user/.m2/repository/net/minidev/json-smart/2.3/json-smart-2.3.jar:/home/user/.m2/repository/net/minidev/accessors-smart/1.2/accessors-smart-1.2.jar:/home/user/.m2/repository/org/apache/curator/curator-framework/2.12.0/curator-framework-2.12.0.jar:/home/user/.m2/repository/com/jcraft/jsch/0.1.54/jsch-0.1.54.jar:/home/user/.m2/repository/org/apache/curator/curator-client/2.12.0/curator-client-2.12.0.jar:/home/user/.m2/repository/org/apache/curator/curator-recipes/2.12.0/curator-recipes-2.12.0.jar:/home/user/.m2/repository/com/google/code/findbugs/jsr305/3.0.0/jsr305-3.0.0.jar:/home/user/.m2/repository/org/apache/htrace/htrace-core4/4.1.0-incubating/htrace-core4-4.1.0-incubating.jar:/home/user/.m2/repository/org/apache/zookeeper/zookeeper/3.4.13/zookeeper-3.4.13.jar:/home/user/.m2/repository/org/apache/yetus/audience-annotations/0.5.0/audience-annotations-0.5.0.jar:/home/user/.m2/repository/org/apache/kerby/kerb-simplekdc/1.0.1/kerb-simplekdc-1.0.1.jar:/home/user/.m2/repository/org/apache/kerby/kerb-client/1.0.1/kerb-client-1.0.1.jar:/home/user/.m2/repository/org/apache/kerby/kerby-config/1.0.1/kerby-config-1.0.1.jar:/home/user/.m2/repository/org/apache/kerby/kerb-core/1.0.1/kerb-core-1.0.1.jar:/home/user/.m2/repository/org/apache/kerby/kerby-pkix/1.0.1/kerby-pkix-1.0.1.jar:/home/user/.m2/repository/org/apache/kerby/kerby-asn1/1.0.1/kerby-asn1-1.0.1.jar:/home/user/.m2/repository/org/apache/kerby/kerby-util/1.0.1/kerby-util-1.0.1.jar:/home/user/.m2/repository/org/apache/kerby/kerb-common/1.0.1/kerb-common-1.0.1.jar:/home/user/.m2/repository/org/apache/kerby/kerb-crypto/1.0.1/kerb-crypto-1.0.1.jar:/home/user/.m2/repository/org/apache/kerby/kerb-util/1.0.1/kerb-util-1.0.1.jar:/home/user/.m2/repository/org/apache/kerby/token-provider/1.0.1/token-provider-1.0.1.jar:/home/user/.m2/repository/org/apache/kerby/kerb-admin/1.0.1/kerb-admin-1.0.1.jar:/home/user/.m2/repository/org/apache/kerby/kerb-server/1.0.1/kerb-server-1.0.1.jar:/home/user/.m2/repository/org/apache/kerby/kerb-identity/1.0.1/kerb-identity-1.0.1.jar:/home/user/.m2/repository/org/apache/kerby/kerby-xdr/1.0.1/kerby-xdr-1.0.1.jar:/home/user/.m2/repository/com/fasterxml/jackson/core/jackson-databind/2.9.5/jackson-databind-2.9.5.jar:/home/user/.m2/repository/com/fasterxml/jackson/core/jackson-core/2.9.5/jackson-core-2.9.5.jar:/home/user/.m2/repository/org/codehaus/woodstox/stax2-api/3.1.4/stax2-api-3.1.4.jar:/home/user/.m2/repository/com/fasterxml/woodstox/woodstox-core/5.0.3/woodstox-core-5.0.3.jar:/home/user/.m2/repository/dnsjava/dnsjava/2.1.7/dnsjava-2.1.7.jar:/home/user/.m2/repository/org/apache/hadoop/hadoop-hdfs/3.2.0/hadoop-hdfs-3.2.0.jar:/home/user/.m2/repository/org/eclipse/jetty/jetty-util-ajax/9.3.24.v20180605/jetty-util-ajax-9.3.24.v20180605.jar:/home/user/.m2/repository/commons-daemon/commons-daemon/1.0.13/commons-daemon-1.0.13.jar:/home/user/.m2/repository/io/netty/netty/3.10.5.Final/netty-3.10.5.Final.jar:/home/user/.m2/repository/io/netty/netty-all/4.0.52.Final/netty-all-4.0.52.Final.jar:/home/user/.m2/repository/org/fusesource/leveldbjni/leveldbjni-all/1.8/leveldbjni-all-1.8.jar:/home/user/.m2/repository/com/sun/xml/bind/jaxb-core/2.3.0.1/jaxb-core-2.3.0.1.jar:/home/user/.m2/repository/javax/xml/bind/jaxb-api/2.3.0/jaxb-api-2.3.0.jar:/home/user/.m2/repository/javax/activation/activation/1.1.1/activation-1.1.1.jar:/home/user/.m2/repository/io/dropwizard/metrics/metrics-core/3.2.4/metrics-core-3.2.4.jar:/home/user/.m2/repository/org/openjdk/jmh/jmh-core/1.19/jmh-core-1.19.jar:/home/user/.m2/repository/net/sf/jopt-simple/jopt-simple/4.6/jopt-simple-4.6.jar:/home/user/.m2/repository/org/openjdk/jmh/jmh-generator-annprocess/1.19/jmh-generator-annprocess-1.19.jar:/home/user/.m2/repository/com/google/code/findbugs/findbugs/3.0.1/findbugs-3.0.1.jar:/home/user/.m2/repository/net/jcip/jcip-annotations/1.0/jcip-annotations-1.0.jar:/home/user/.m2/repository/com/google/code/findbugs/bcel-findbugs/6.0/bcel-findbugs-6.0.jar:/home/user/.m2/repository/com/google/code/findbugs/jFormatString/2.0.1/jFormatString-2.0.1.jar:/home/user/.m2/repository/dom4j/dom4j/1.6.1/dom4j-1.6.1.jar:/home/user/.m2/repository/xml-apis/xml-apis/1.0.b2/xml-apis-1.0.b2.jar:/home/user/.m2/repository/org/ow2/asm/asm-debug-all/5.0.2/asm-debug-all-5.0.2.jar:/home/user/.m2/repository/org/ow2/asm/asm-commons/5.0.2/asm-commons-5.0.2.jar:/home/user/.m2/repository/org/ow2/asm/asm-tree/5.0.2/asm-tree-5.0.2.jar:/home/user/.m2/repository/org/ow2/asm/asm/5.0.4/asm-5.0.4.jar:/home/user/.m2/repository/commons-lang/commons-lang/2.6/commons-lang-2.6.jar:/home/user/.m2/repository/com/apple/AppleJavaExtensions/1.4/AppleJavaExtensions-1.4.jar:/home/user/.m2/repository/jaxen/jaxen/1.1.6/jaxen-1.1.6.jar:/home/user/.m2/repository/junit/junit/4.11/junit-4.11.jar:/home/user/.m2/repository/org/hamcrest/hamcrest-core/1.3/hamcrest-core-1.3.jar:/home/user/.m2/repository/org/apache/hadoop/hadoop-common/3.2.0/hadoop-common-3.2.0-tests.jar:/workdir/hadoop-ozone/integration-test/target/test-classes:/home/user/.m2/repository/org/apache/hadoop/hadoop-ozone-s3gateway/0.5.0-SNAPSHOT/hadoop-ozone-s3gateway-0.5.0-SNAPSHOT.jar:/home/user/.m2/repository/org/jboss/weld/servlet/weld-servlet/2.4.7.Final/weld-servlet-2.4.7.Final.jar:/home/user/.m2/repository/org/glassfish/jersey/containers/jersey-container-servlet-core/2.27/jersey-container-servlet-core-2.27.jar:/home/user/.m2/repository/org/glassfish/hk2/external/javax.inject/2.5.0-b42/javax.inject-2.5.0-b42.jar:/home/user/.m2/repository/org/glassfish/jersey/core/jersey-common/2.27/jersey-common-2.27.jar:/home/user/.m2/repository/org/glassfish/hk2/osgi-resource-locator/1.0.1/osgi-resource-locator-1.0.1.jar:/home/user/.m2/repository/javax/ws/rs/javax.ws.rs-api/2.1/javax.ws.rs-api-2.1.jar:/home/user/.m2/repository/org/glassfish/jersey/ext/cdi/jersey-cdi1x/2.27/jersey-cdi1x-2.27.jar:/home/user/.m2/repository/org/glassfish/jersey/inject/jersey-hk2/2.27/jersey-hk2-2.27.jar:/home/user/.m2/repository/org/glassfish/hk2/hk2-locator/2.5.0-b42/hk2-locator-2.5.0-b42.jar:/home/user/.m2/repository/org/javassist/javassist/3.22.0-CR2/javassist-3.22.0-CR2.jar:/home/user/.m2/repository/org/glassfish/hk2/hk2-api/2.5.0/hk2-api-2.5.0.jar:/home/user/.m2/repository/org/glassfish/hk2/external/jakarta.inject/2.5.0/jakarta.inject-2.5.0.jar:/home/user/.m2/repository/org/glassfish/hk2/hk2-utils/2.5.0/hk2-utils-2.5.0.jar:/home/user/.m2/repository/jakarta/annotation/jakarta.annotation-api/1.3.4/jakarta.annotation-api-1.3.4.jar:/home/user/.m2/repository/org/glassfish/hk2/external/aopalliance-repackaged/2.5.0/aopalliance-repackaged-2.5.0.jar:/home/user/.m2/repository/com/fasterxml/jackson/dataformat/jackson-dataformat-xml/2.9.0/jackson-dataformat-xml-2.9.0.jar:/home/user/.m2/repository/com/fasterxml/jackson/module/jackson-module-jaxb-annotations/2.9.5/jackson-module-jaxb-annotations-2.9.5.jar:/home/user/.m2/repository/javax/enterprise/cdi-api/1.2/cdi-api-1.2.jar:/home/user/.m2/repository/javax/el/javax.el-api/3.0.0/javax.el-api-3.0.0.jar:/home/user/.m2/repository/javax/interceptor/javax.interceptor-api/1.2/javax.interceptor-api-1.2.jar:/home/user/.m2/repository/javax/inject/javax.inject/1/javax.inject-1.jar:/home/user/.m2/repository/org/apache/hadoop/hadoop-ozone-csi/0.5.0-SNAPSHOT/hadoop-ozone-csi-0.5.0-SNAPSHOT.jar:/home/user/.m2/repository/com/google/protobuf/protobuf-java-util/3.5.1/protobuf-java-util-3.5.1.jar:/home/user/.m2/repository/io/grpc/grpc-netty/1.17.1/grpc-netty-1.17.1.jar:/home/user/.m2/repository/io/grpc/grpc-core/1.17.1/grpc-core-1.17.1.jar:/home/user/.m2/repository/io/grpc/grpc-context/1.17.1/grpc-context-1.17.1.jar:/home/user/.m2/repository/com/google/errorprone/error_prone_annotations/2.2.0/error_prone_annotations-2.2.0.jar:/home/user/.m2/repository/org/codehaus/mojo/animal-sniffer-annotations/1.17/animal-sniffer-annotations-1.17.jar:/home/user/.m2/repository/io/opencensus/opencensus-api/0.17.0/opencensus-api-0.17.0.jar:/home/user/.m2/repository/io/opencensus/opencensus-contrib-grpc-metrics/0.17.0/opencensus-contrib-grpc-metrics-0.17.0.jar:/home/user/.m2/repository/io/netty/netty-codec-http2/4.1.30.Final/netty-codec-http2-4.1.30.Final.jar:/home/user/.m2/repository/io/netty/netty-codec-http/4.1.30.Final/netty-codec-http-4.1.30.Final.jar:/home/user/.m2/repository/io/netty/netty-codec/4.1.30.Final/netty-codec-4.1.30.Final.jar:/home/user/.m2/repository/io/netty/netty-handler/4.1.30.Final/netty-handler-4.1.30.Final.jar:/home/user/.m2/repository/io/netty/netty-handler-proxy/4.1.30.Final/netty-handler-proxy-4.1.30.Final.jar:/home/user/.m2/repository/io/netty/netty-codec-socks/4.1.30.Final/netty-codec-socks-4.1.30.Final.jar:/home/user/.m2/repository/io/netty/netty-transport-native-epoll/4.1.30.Final/netty-transport-native-epoll-4.1.30.Final.jar:/home/user/.m2/repository/io/netty/netty-common/4.1.30.Final/netty-common-4.1.30.Final.jar:/home/user/.m2/repository/io/netty/netty-buffer/4.1.30.Final/netty-buffer-4.1.30.Final.jar:/home/user/.m2/repository/io/netty/netty-transport/4.1.30.Final/netty-transport-4.1.30.Final.jar:/home/user/.m2/repository/io/netty/netty-resolver/4.1.30.Final/netty-resolver-4.1.30.Final.jar:/home/user/.m2/repository/io/netty/netty-transport-native-unix-common/4.1.30.Final/netty-transport-native-unix-common-4.1.30.Final.jar:/home/user/.m2/repository/io/grpc/grpc-protobuf/1.17.1/grpc-protobuf-1.17.1.jar:/home/user/.m2/repository/com/google/api/grpc/proto-google-common-protos/1.0.0/proto-google-common-protos-1.0.0.jar:/home/user/.m2/repository/io/grpc/grpc-protobuf-lite/1.17.1/grpc-protobuf-lite-1.17.1.jar:/home/user/.m2/repository/io/grpc/grpc-stub/1.17.1/grpc-stub-1.17.1.jar:/home/user/.m2/repository/org/apache/hadoop/hadoop-ozone-recon/0.5.0-SNAPSHOT/hadoop-ozone-recon-0.5.0-SNAPSHOT.jar:/home/user/.m2/repository/org/apache/hadoop/hadoop-ozone-reconcodegen/0.5.0-SNAPSHOT/hadoop-ozone-reconcodegen-0.5.0-SNAPSHOT.jar:/home/user/.m2/repository/com/google/inject/extensions/guice-multibindings/4.0/guice-multibindings-4.0.jar:/home/user/.m2/repository/com/google/inject/guice/4.0/guice-4.0.jar:/home/user/.m2/repository/aopalliance/aopalliance/1.0/aopalliance-1.0.jar:/home/user/.m2/repository/com/google/inject/extensions/guice-servlet/4.0/guice-servlet-4.0.jar:/home/user/.m2/repository/org/glassfish/jersey/containers/jersey-container-servlet/2.27/jersey-container-servlet-2.27.jar:/home/user/.m2/repository/org/glassfish/hk2/guice-bridge/2.5.0/guice-bridge-2.5.0.jar:/home/user/.m2/repository/org/glassfish/jersey/core/jersey-server/2.27/jersey-server-2.27.jar:/home/user/.m2/repository/org/glassfish/jersey/core/jersey-client/2.27/jersey-client-2.27.jar:/home/user/.m2/repository/org/glassfish/jersey/media/jersey-media-jaxb/2.27/jersey-media-jaxb-2.27.jar:/home/user/.m2/repository/javax/validation/validation-api/1.1.0.Final/validation-api-1.1.0.Final.jar:/home/user/.m2/repository/org/glassfish/jersey/media/jersey-media-json-jackson/2.27/jersey-media-json-jackson-2.27.jar:/home/user/.m2/repository/org/glassfish/jersey/ext/jersey-entity-filtering/2.27/jersey-entity-filtering-2.27.jar:/home/user/.m2/repository/com/google/inject/extensions/guice-assistedinject/4.0/guice-assistedinject-4.0.jar:/home/user/.m2/repository/org/jooq/jooq/3.11.10/jooq-3.11.10.jar:/home/user/.m2/repository/org/jooq/jooq-meta/3.11.10/jooq-meta-3.11.10.jar:/home/user/.m2/repository/org/jooq/jooq-codegen/3.11.10/jooq-codegen-3.11.10.jar:/home/user/.m2/repository/com/jolbox/bonecp/0.8.0.RELEASE/bonecp-0.8.0.RELEASE.jar:/home/user/.m2/repository/org/springframework/spring-jdbc/5.1.3.RELEASE/spring-jdbc-5.1.3.RELEASE.jar:/home/user/.m2/repository/org/springframework/spring-beans/5.1.3.RELEASE/spring-beans-5.1.3.RELEASE.jar:/home/user/.m2/repository/org/springframework/spring-core/5.1.3.RELEASE/spring-core-5.1.3.RELEASE.jar:/home/user/.m2/repository/org/springframework/spring-jcl/5.1.3.RELEASE/spring-jcl-5.1.3.RELEASE.jar:/home/user/.m2/repository/org/springframework/spring-tx/5.1.3.RELEASE/spring-tx-5.1.3.RELEASE.jar:/home/user/.m2/repository/org/mockito/mockito-core/2.15.0/mockito-core-2.15.0.jar:/home/user/.m2/repository/net/bytebuddy/byte-buddy/1.7.9/byte-buddy-1.7.9.jar:/home/user/.m2/repository/net/bytebuddy/byte-buddy-agent/1.7.9/byte-buddy-agent-1.7.9.jar:/home/user/.m2/repository/org/objenesis/objenesis/1.0/objenesis-1.0.jar:"/>
    <property name="sun.cpu.endian" value="little"/>
    <property name="user.home" value="/home/user"/>
    <property name="user.language" value="en"/>
    <property name="java.specification.vendor" value="Oracle Corporation"/>
    <property name="java.home" value="/usr/lib/jvm/java-1.8-openjdk/jre"/>
    <property name="java.security.krb5.conf" value="/workdir/hadoop-ozone/tools/target/test-classes/krb5.conf"/>
    <property name="basedir" value="/workdir/hadoop-ozone/tools"/>
    <property name="file.separator" value="/"/>
    <property name="line.separator" value="&#10;"/>
    <property name="java.vm.specification.vendor" value="Oracle Corporation"/>
    <property name="java.specification.name" value="Java Platform API Specification"/>
    <property name="java.awt.graphicsenv" value="sun.awt.X11GraphicsEnvironment"/>
    <property name="surefire.real.class.path" value="/workdir/hadoop-ozone/tools/target/surefire/surefirebooter3373962425559249894.jar"/>
    <property name="hadoop.log.dir" value="/workdir/hadoop-ozone/tools/target/log"/>
    <property name="sun.boot.class.path" value="/usr/lib/jvm/java-1.8-openjdk/jre/lib/resources.jar:/usr/lib/jvm/java-1.8-openjdk/jre/lib/rt.jar:/usr/lib/jvm/java-1.8-openjdk/jre/lib/sunrsasign.jar:/usr/lib/jvm/java-1.8-openjdk/jre/lib/jsse.jar:/usr/lib/jvm/java-1.8-openjdk/jre/lib/jce.jar:/usr/lib/jvm/java-1.8-openjdk/jre/lib/charsets.jar:/usr/lib/jvm/java-1.8-openjdk/jre/lib/jfr.jar:/usr/lib/jvm/java-1.8-openjdk/jre/classes"/>
    <property name="sun.management.compiler" value="HotSpot 64-Bit Tiered Compilers"/>
    <property name="java.runtime.version" value="1.8.0_212-b04"/>
    <property name="java.net.preferIPv4Stack" value="true"/>
    <property name="user.name" value="jenkins1000"/>
    <property name="path.separator" value=":"/>
    <property name="java.security.egd" value="file:///dev/urandom"/>
    <property name="os.version" value="3.10.0-957.12.2.el7.x86_64"/>
    <property name="java.endorsed.dirs" value="/usr/lib/jvm/java-1.8-openjdk/jre/lib/endorsed"/>
    <property name="java.runtime.name" value="OpenJDK Runtime Environment"/>
    <property name="file.encoding" value="UTF-8"/>
    <property name="java.vm.name" value="OpenJDK 64-Bit Server VM"/>
    <property name="test.build.webapps" value=""/>
    <property name="localRepository" value="/home/user/.m2/repository"/>
    <property name="java.vendor.url.bug" value="https://icedtea.classpath.org/bugzilla"/>
    <property name="java.io.tmpdir" value="/tmp"/>
    <property name="require.test.libhadoop" value=""/>
    <property name="java.version" value="1.8.0_212"/>
    <property name="user.dir" value="/workdir/hadoop-ozone/tools"/>
    <property name="os.arch" value="amd64"/>
    <property name="java.vm.specification.name" value="Java Virtual Machine Specification"/>
    <property name="test.build.classes" value="/workdir/hadoop-ozone/tools/target/test-classes"/>
    <property name="java.awt.printerjob" value="sun.print.PSPrinterJob"/>
    <property name="sun.os.patch.level" value="unknown"/>
    <property name="hadoop.tmp.dir" value="/workdir/hadoop-ozone/tools/target/tmp"/>
    <property name="java.library.path" value="/usr/lib/jvm/java-1.8-openjdk/jre/lib/amd64/server:/usr/lib/jvm/java-1.8-openjdk/jre/lib/amd64:/usr/lib/jvm/java-1.8-openjdk/jre/../lib/amd64:/workdir/hadoop-ozone/tools/target/native/target/usr/local/lib:/workdir/hadoop-ozone/tools/../../hadoop-common-project/hadoop-common/target/native/target/usr/local/lib:/usr/java/packages/lib/amd64:/usr/lib64:/lib64:/lib:/usr/lib"/>
    <property name="java.vm.info" value="mixed mode"/>
    <property name="java.vendor" value="IcedTea"/>
    <property name="java.vm.version" value="25.212-b04"/>
    <property name="java.ext.dirs" value="/usr/lib/jvm/java-1.8-openjdk/jre/lib/ext:/usr/java/packages/lib/ext"/>
    <property name="sun.io.unicode.encoding" value="UnicodeLittle"/>
    <property name="java.class.version" value="52.0"/>
  </properties>
  <testcase name="ratisTest3" classname="org.apache.hadoop.ozone.freon.TestRandomKeyGenerator" time="10.566"/>
  <testcase name="testThreadPoolSize" classname="org.apache.hadoop.ozone.freon.TestRandomKeyGenerator" time="5.041"/>
  <testcase name="defaultTest" classname="org.apache.hadoop.ozone.freon.TestRandomKeyGenerator" time="5.035"/>
  <testcase name="bigFileThan2GB" classname="org.apache.hadoop.ozone.freon.TestRandomKeyGenerator" time="87.087">
    <error message="Allocated 0 blocks. Requested 1 blocks" type="INTERNAL_ERROR org.apache.hadoop.ozone.om.exceptions.OMException">INTERNAL_ERROR org.apache.hadoop.ozone.om.exceptions.OMException: Allocated 0 blocks. Requested 1 blocks
	at org.apache.hadoop.ozone.om.protocolPB.OzoneManagerProtocolClientSideTranslatorPB.handleError(OzoneManagerProtocolClientSideTranslatorPB.java:725)
	at org.apache.hadoop.ozone.om.protocolPB.OzoneManagerProtocolClientSideTranslatorPB.allocateBlock(OzoneManagerProtocolClientSideTranslatorPB.java:757)
	at org.apache.hadoop.ozone.client.io.BlockOutputStreamEntryPool.allocateNewBlock(BlockOutputStreamEntryPool.java:248)
	at org.apache.hadoop.ozone.client.io.BlockOutputStreamEntryPool.allocateBlockIfNeeded(BlockOutputStreamEntryPool.java:296)
	at org.apache.hadoop.ozone.client.io.KeyOutputStream.handleWrite(KeyOutputStream.java:201)
	at org.apache.hadoop.ozone.client.io.KeyOutputStream.write(KeyOutputStream.java:193)
	at org.apache.hadoop.ozone.client.io.OzoneOutputStream.write(OzoneOutputStream.java:49)
	at org.apache.hadoop.ozone.freon.RandomKeyGenerator.createKey(RandomKeyGenerator.java:708)
	at org.apache.hadoop.ozone.freon.RandomKeyGenerator.access$1100(RandomKeyGenerator.java:88)
	at org.apache.hadoop.ozone.freon.RandomKeyGenerator$ObjectCreator.run(RandomKeyGenerator.java:615)
	at java.util.concurrent.Executors$RunnableAdapter.call(Executors.java:511)
	at java.util.concurrent.FutureTask.run(FutureTask.java:266)
	at java.util.concurrent.ThreadPoolExecutor.runWorker(ThreadPoolExecutor.java:1149)
	at java.util.concurrent.ThreadPoolExecutor$Worker.run(ThreadPoolExecutor.java:624)
	at java.lang.Thread.run(Thread.java:748)
</error>
    <system-out><![CDATA[2019-09-11 09:06:20,331 [main] INFO  freon.RandomKeyGenerator (RandomKeyGenerator.java:call(283)) - Number of Threads: 1
2019-09-11 09:06:20,331 [main] INFO  freon.RandomKeyGenerator (RandomKeyGenerator.java:call(288)) - Number of Volumes: 1.
2019-09-11 09:06:20,331 [main] INFO  freon.RandomKeyGenerator (RandomKeyGenerator.java:call(289)) - Number of Buckets per Volume: 1.
2019-09-11 09:06:20,332 [main] INFO  freon.RandomKeyGenerator (RandomKeyGenerator.java:call(290)) - Number of Keys per Bucket: 1.
2019-09-11 09:06:20,332 [main] INFO  freon.RandomKeyGenerator (RandomKeyGenerator.java:call(291)) - Key size: 2147483657 bytes
2019-09-11 09:06:20,332 [main] INFO  freon.RandomKeyGenerator (RandomKeyGenerator.java:call(292)) - Buffer size: 4096 bytes
2019-09-11 09:06:20,332 [main] INFO  freon.RandomKeyGenerator (RandomKeyGenerator.java:call(293)) - validateWrites : true
2019-09-11 09:06:20,334 [main] INFO  freon.RandomKeyGenerator (RandomKeyGenerator.java:call(307)) - Data validation is enabled.
2019-09-11 09:06:20,334 [main] INFO  freon.RandomKeyGenerator (RandomKeyGenerator.java:call(313)) - Starting progress bar Thread.

 0.00% |█                                                                                                    |  0/1 Time: 0:00:002019-09-11 09:06:20,334 [pool-277-thread-1] INFO  rpc.RpcClient (RpcClient.java:createVolume(298)) - Creating Volume: vol-0-18201, with jenkins1000 as owner.
2019-09-11 09:06:20,342 [IPC Server handler 5 on 39458] INFO  volume.OMVolumeCreateRequest (OMVolumeCreateRequest.java:validateAndUpdateCache(189)) - created volume:vol-0-18201 for user:jenkins1000
2019-09-11 09:06:20,346 [pool-277-thread-1] INFO  rpc.RpcClient (RpcClient.java:createBucket(437)) - Creating Bucket: vol-0-18201/bucket-0-85859, with Versioning false and Storage Type set to DISK and Encryption set to false 
2019-09-11 09:06:20,456 [grpc-default-executor-1] INFO  client.GrpcClientProtocolClient (GrpcClientProtocolClient.java:onNext(264)) - client-B22ED198845A->3e713ff3-0d17-449f-90fa-609b20cf4c10: receive RaftClientReply:client-B22ED198845A->3e713ff3-0d17-449f-90fa-609b20cf4c10@group-47B82E5F6106, cid=600, FAILED org.apache.ratis.protocol.NotLeaderException: Server 3e713ff3-0d17-449f-90fa-609b20cf4c10@group-47B82E5F6106 is not the leader f3174d56-9988-40ec-970b-d447ed545dfb:192.168.5.143:44686, logIndex=0, commits[3e713ff3-0d17-449f-90fa-609b20cf4c10:c710, f3174d56-9988-40ec-970b-d447ed545dfb:c710, 34290298-343f-405c-af97-b2d19041b010:c710]
2019-09-11 09:06:20,514 [grpc-default-executor-1] INFO  client.GrpcClientProtocolClient (GrpcClientProtocolClient.java:onNext(264)) - client-B22ED198845A->f3174d56-9988-40ec-970b-d447ed545dfb: receive RaftClientReply:client-B22ED198845A->f3174d56-9988-40ec-970b-d447ed545dfb@group-47B82E5F6106, cid=600, SUCCESS, logIndex=711, commits[f3174d56-9988-40ec-970b-d447ed545dfb:c711, 3e713ff3-0d17-449f-90fa-609b20cf4c10:c710, 34290298-343f-405c-af97-b2d19041b010:c710]
2019-09-11 09:06:20,539 [grpc-default-executor-5] INFO  client.GrpcClientProtocolClient (GrpcClientProtocolClient.java:onNext(264)) - client-B22ED198845A->f3174d56-9988-40ec-970b-d447ed545dfb: receive RaftClientReply:client-B22ED198845A->f3174d56-9988-40ec-970b-d447ed545dfb@group-47B82E5F6106, cid=601, SUCCESS, logIndex=713, commits[f3174d56-9988-40ec-970b-d447ed545dfb:c713, 3e713ff3-0d17-449f-90fa-609b20cf4c10:c711, 34290298-343f-405c-af97-b2d19041b010:c711]
2019-09-11 09:06:20,548 [grpc-default-executor-2] INFO  client.GrpcClientProtocolClient (GrpcClientProtocolClient.java:onNext(264)) - client-B22ED198845A->f3174d56-9988-40ec-970b-d447ed545dfb: receive RaftClientReply:client-B22ED198845A->f3174d56-9988-40ec-970b-d447ed545dfb@group-47B82E5F6106, cid=602, SUCCESS, logIndex=714, commits[f3174d56-9988-40ec-970b-d447ed545dfb:c716, 3e713ff3-0d17-449f-90fa-609b20cf4c10:c713, 34290298-343f-405c-af97-b2d19041b010:c713]
2019-09-11 09:06:20,549 [grpc-default-executor-2] INFO  client.GrpcClientProtocolClient (GrpcClientProtocolClient.java:onNext(264)) - client-B22ED198845A->f3174d56-9988-40ec-970b-d447ed545dfb: receive RaftClientReply:client-B22ED198845A->f3174d56-9988-40ec-970b-d447ed545dfb@group-47B82E5F6106, cid=603, SUCCESS, logIndex=715, commits[f3174d56-9988-40ec-970b-d447ed545dfb:c716, 3e713ff3-0d17-449f-90fa-609b20cf4c10:c713, 34290298-343f-405c-af97-b2d19041b010:c713]
2019-09-11 09:06:20,580 [grpc-default-executor-2] INFO  client.GrpcClientProtocolClient (GrpcClientProtocolClient.java:onNext(264)) - client-B22ED198845A->f3174d56-9988-40ec-970b-d447ed545dfb: receive RaftClientReply:client-B22ED198845A->f3174d56-9988-40ec-970b-d447ed545dfb@group-47B82E5F6106, cid=604, SUCCESS, logIndex=719, commits[f3174d56-9988-40ec-970b-d447ed545dfb:c720, 3e713ff3-0d17-449f-90fa-609b20cf4c10:c718, 34290298-343f-405c-af97-b2d19041b010:c718]
2019-09-11 09:06:20,581 [grpc-default-executor-2] INFO  client.GrpcClientProtocolClient (GrpcClientProtocolClient.java:onNext(264)) - client-B22ED198845A->f3174d56-9988-40ec-970b-d447ed545dfb: receive RaftClientReply:client-B22ED198845A->f3174d56-9988-40ec-970b-d447ed545dfb@group-47B82E5F6106, cid=605, SUCCESS, logIndex=720, commits[f3174d56-9988-40ec-970b-d447ed545dfb:c720, 3e713ff3-0d17-449f-90fa-609b20cf4c10:c718, 34290298-343f-405c-af97-b2d19041b010:c718]
2019-09-11 09:06:20,606 [grpc-default-executor-2] INFO  client.GrpcClientProtocolClient (GrpcClientProtocolClient.java:onNext(264)) - client-B22ED198845A->f3174d56-9988-40ec-970b-d447ed545dfb: receive RaftClientReply:client-B22ED198845A->f3174d56-9988-40ec-970b-d447ed545dfb@group-47B82E5F6106, cid=606, SUCCESS, logIndex=723, commits[f3174d56-9988-40ec-970b-d447ed545dfb:c724, 3e713ff3-0d17-449f-90fa-609b20cf4c10:c720, 34290298-343f-405c-af97-b2d19041b010:c720]
2019-09-11 09:06:20,606 [grpc-default-executor-2] INFO  client.GrpcClientProtocolClient (GrpcClientProtocolClient.java:onNext(264)) - client-B22ED198845A->f3174d56-9988-40ec-970b-d447ed545dfb: receive RaftClientReply:client-B22ED198845A->f3174d56-9988-40ec-970b-d447ed545dfb@group-47B82E5F6106, cid=607, SUCCESS, logIndex=724, commits[f3174d56-9988-40ec-970b-d447ed545dfb:c724, 3e713ff3-0d17-449f-90fa-609b20cf4c10:c720, 34290298-343f-405c-af97-b2d19041b010:c720]
2019-09-11 09:06:20,621 [grpc-default-executor-1] INFO  client.GrpcClientProtocolClient (GrpcClientProtocolClient.java:onNext(264)) - client-B22ED198845A->f3174d56-9988-40ec-970b-d447ed545dfb: receive RaftClientReply:client-B22ED198845A->f3174d56-9988-40ec-970b-d447ed545dfb@group-47B82E5F6106, cid=608, SUCCESS, logIndex=0, commits[f3174d56-9988-40ec-970b-d447ed545dfb:c725, 3e713ff3-0d17-449f-90fa-609b20cf4c10:c724, 34290298-343f-405c-af97-b2d19041b010:c724]
2019-09-11 09:06:20,648 [grpc-default-executor-0] INFO  client.GrpcClientProtocolClient (GrpcClientProtocolClient.java:onNext(264)) - client-B22ED198845A->f3174d56-9988-40ec-970b-d447ed545dfb: receive RaftClientReply:client-B22ED198845A->f3174d56-9988-40ec-970b-d447ed545dfb@group-47B82E5F6106, cid=609, SUCCESS, logIndex=727, commits[f3174d56-9988-40ec-970b-d447ed545dfb:c728, 3e713ff3-0d17-449f-90fa-609b20cf4c10:c726, 34290298-343f-405c-af97-b2d19041b010:c726]
2019-09-11 09:06:20,649 [grpc-default-executor-0] INFO  client.GrpcClientProtocolClient (GrpcClientProtocolClient.java:onNext(264)) - client-B22ED198845A->f3174d56-9988-40ec-970b-d447ed545dfb: receive RaftClientReply:client-B22ED198845A->f3174d56-9988-40ec-970b-d447ed545dfb@group-47B82E5F6106, cid=610, SUCCESS, logIndex=728, commits[f3174d56-9988-40ec-970b-d447ed545dfb:c730, 3e713ff3-0d17-449f-90fa-609b20cf4c10:c726, 34290298-343f-405c-af97-b2d19041b010:c726]
2019-09-11 09:06:20,652 [grpc-default-executor-0] INFO  client.GrpcClientProtocolClient (GrpcClientProtocolClient.java:onNext(264)) - client-B22ED198845A->f3174d56-9988-40ec-970b-d447ed545dfb: receive RaftClientReply:client-B22ED198845A->f3174d56-9988-40ec-970b-d447ed545dfb@group-47B82E5F6106, cid=611, SUCCESS, logIndex=729, commits[f3174d56-9988-40ec-970b-d447ed545dfb:c730, 3e713ff3-0d17-449f-90fa-609b20cf4c10:c726, 34290298-343f-405c-af97-b2d19041b010:c726]
2019-09-11 09:06:20,653 [grpc-default-executor-0] INFO  client.GrpcClientProtocolClient (GrpcClientProtocolClient.java:onNext(264)) - client-B22ED198845A->f3174d56-9988-40ec-970b-d447ed545dfb: receive RaftClientReply:client-B22ED198845A->f3174d56-9988-40ec-970b-d447ed545dfb@group-47B82E5F6106, cid=612, SUCCESS, logIndex=730, commits[f3174d56-9988-40ec-970b-d447ed545dfb:c730, 3e713ff3-0d17-449f-90fa-609b20cf4c10:c726, 34290298-343f-405c-af97-b2d19041b010:c726]
2019-09-11 09:06:20,655 [grpc-default-executor-0] INFO  client.GrpcClientProtocolClient (GrpcClientProtocolClient.java:onNext(264)) - client-B22ED198845A->f3174d56-9988-40ec-970b-d447ed545dfb: receive RaftClientReply:client-B22ED198845A->f3174d56-9988-40ec-970b-d447ed545dfb@group-47B82E5F6106, cid=613, SUCCESS, logIndex=0, commits[f3174d56-9988-40ec-970b-d447ed545dfb:c733, 3e713ff3-0d17-449f-90fa-609b20cf4c10:c730, 34290298-343f-405c-af97-b2d19041b010:c730]
2019-09-11 09:06:20,680 [grpc-default-executor-4] INFO  client.GrpcClientProtocolClient (GrpcClientProtocolClient.java:onNext(264)) - client-B22ED198845A->f3174d56-9988-40ec-970b-d447ed545dfb: receive RaftClientReply:client-B22ED198845A->f3174d56-9988-40ec-970b-d447ed545dfb@group-47B82E5F6106, cid=614, SUCCESS, logIndex=734, commits[f3174d56-9988-40ec-970b-d447ed545dfb:c735, 3e713ff3-0d17-449f-90fa-609b20cf4c10:c730, 34290298-343f-405c-af97-b2d19041b010:c733]
2019-09-11 09:06:20,681 [grpc-default-executor-4] INFO  client.GrpcClientProtocolClient (GrpcClientProtocolClient.java:onNext(264)) - client-B22ED198845A->f3174d56-9988-40ec-970b-d447ed545dfb: receive RaftClientReply:client-B22ED198845A->f3174d56-9988-40ec-970b-d447ed545dfb@group-47B82E5F6106, cid=615, SUCCESS, logIndex=735, commits[f3174d56-9988-40ec-970b-d447ed545dfb:c735, 3e713ff3-0d17-449f-90fa-609b20cf4c10:c733, 34290298-343f-405c-af97-b2d19041b010:c733]
2019-09-11 09:06:20,700 [grpc-default-executor-0] INFO  client.GrpcClientProtocolClient (GrpcClientProtocolClient.java:onNext(264)) - client-B22ED198845A->f3174d56-9988-40ec-970b-d447ed545dfb: receive RaftClientReply:client-B22ED198845A->f3174d56-9988-40ec-970b-d447ed545dfb@group-47B82E5F6106, cid=616, SUCCESS, logIndex=738, commits[f3174d56-9988-40ec-970b-d447ed545dfb:c739, 3e713ff3-0d17-449f-90fa-609b20cf4c10:c735, 34290298-343f-405c-af97-b2d19041b010:c737]
2019-09-11 09:06:20,701 [grpc-default-executor-0] INFO  client.GrpcClientProtocolClient (GrpcClientProtocolClient.java:onNext(264)) - client-B22ED198845A->f3174d56-9988-40ec-970b-d447ed545dfb: receive RaftClientReply:client-B22ED198845A->f3174d56-9988-40ec-970b-d447ed545dfb@group-47B82E5F6106, cid=617, SUCCESS, logIndex=739, commits[f3174d56-9988-40ec-970b-d447ed545dfb:c739, 3e713ff3-0d17-449f-90fa-609b20cf4c10:c737, 34290298-343f-405c-af97-b2d19041b010:c737]
2019-09-11 09:06:20,704 [grpc-default-executor-0] INFO  client.GrpcClientProtocolClient (GrpcClientProtocolClient.java:onNext(264)) - client-B22ED198845A->f3174d56-9988-40ec-970b-d447ed545dfb: receive RaftClientReply:client-B22ED198845A->f3174d56-9988-40ec-970b-d447ed545dfb@group-47B82E5F6106, cid=618, SUCCESS, logIndex=0, commits[f3174d56-9988-40ec-970b-d447ed545dfb:c741, 3e713ff3-0d17-449f-90fa-609b20cf4c10:c739, 34290298-343f-405c-af97-b2d19041b010:c739]
2019-09-11 09:06:20,977 [grpc-default-executor-1] INFO  client.GrpcClientProtocolClient (GrpcClientProtocolClient.java:onNext(264)) - client-B22ED198845A->f3174d56-9988-40ec-970b-d447ed545dfb: receive RaftClientReply:client-B22ED198845A->f3174d56-9988-40ec-970b-d447ed545dfb@group-47B82E5F6106, cid=619, SUCCESS, logIndex=742, commits[f3174d56-9988-40ec-970b-d447ed545dfb:c743, 3e713ff3-0d17-449f-90fa-609b20cf4c10:c741, 34290298-343f-405c-af97-b2d19041b010:c741]
2019-09-11 09:06:20,978 [grpc-default-executor-1] INFO  client.GrpcClientProtocolClient (GrpcClientProtocolClient.java:onNext(264)) - client-B22ED198845A->f3174d56-9988-40ec-970b-d447ed545dfb: receive RaftClientReply:client-B22ED198845A->f3174d56-9988-40ec-970b-d447ed545dfb@group-47B82E5F6106, cid=620, SUCCESS, logIndex=743, commits[f3174d56-9988-40ec-970b-d447ed545dfb:c743, 3e713ff3-0d17-449f-90fa-609b20cf4c10:c741, 34290298-343f-405c-af97-b2d19041b010:c741]
2019-09-11 09:06:20,989 [grpc-default-executor-1] INFO  client.GrpcClientProtocolClient (GrpcClientProtocolClient.java:onNext(264)) - client-B22ED198845A->f3174d56-9988-40ec-970b-d447ed545dfb: receive RaftClientReply:client-B22ED198845A->f3174d56-9988-40ec-970b-d447ed545dfb@group-47B82E5F6106, cid=621, SUCCESS, logIndex=744, commits[f3174d56-9988-40ec-970b-d447ed545dfb:c747, 3e713ff3-0d17-449f-90fa-609b20cf4c10:c743, 34290298-343f-405c-af97-b2d19041b010:c741]
2019-09-11 09:06:20,990 [grpc-default-executor-1] INFO  client.GrpcClientProtocolClient (GrpcClientProtocolClient.java:onNext(264)) - client-B22ED198845A->f3174d56-9988-40ec-970b-d447ed545dfb: receive RaftClientReply:client-B22ED198845A->f3174d56-9988-40ec-970b-d447ed545dfb@group-47B82E5F6106, cid=622, SUCCESS, logIndex=745, commits[f3174d56-9988-40ec-970b-d447ed545dfb:c747, 3e713ff3-0d17-449f-90fa-609b20cf4c10:c743, 34290298-343f-405c-af97-b2d19041b010:c743]
2019-09-11 09:06:21,017 [grpc-default-executor-0] INFO  client.GrpcClientProtocolClient (GrpcClientProtocolClient.java:onNext(264)) - client-B22ED198845A->f3174d56-9988-40ec-970b-d447ed545dfb: receive RaftClientReply:client-B22ED198845A->f3174d56-9988-40ec-970b-d447ed545dfb@group-47B82E5F6106, cid=623, SUCCESS, logIndex=750, commits[f3174d56-9988-40ec-970b-d447ed545dfb:c751, 3e713ff3-0d17-449f-90fa-609b20cf4c10:c747, 34290298-343f-405c-af97-b2d19041b010:c747]
2019-09-11 09:06:21,017 [grpc-default-executor-0] INFO  client.GrpcClientProtocolClient (GrpcClientProtocolClient.java:onNext(264)) - client-B22ED198845A->f3174d56-9988-40ec-970b-d447ed545dfb: receive RaftClientReply:client-B22ED198845A->f3174d56-9988-40ec-970b-d447ed545dfb@group-47B82E5F6106, cid=624, SUCCESS, logIndex=751, commits[f3174d56-9988-40ec-970b-d447ed545dfb:c751, 3e713ff3-0d17-449f-90fa-609b20cf4c10:c747, 34290298-343f-405c-af97-b2d19041b010:c747]
2019-09-11 09:06:21,045 [grpc-default-executor-1] INFO  client.GrpcClientProtocolClient (GrpcClientProtocolClient.java:onNext(264)) - client-B22ED198845A->f3174d56-9988-40ec-970b-d447ed545dfb: receive RaftClientReply:client-B22ED198845A->f3174d56-9988-40ec-970b-d447ed545dfb@group-47B82E5F6106, cid=625, SUCCESS, logIndex=754, commits[f3174d56-9988-40ec-970b-d447ed545dfb:c755, 3e713ff3-0d17-449f-90fa-609b20cf4c10:c751, 34290298-343f-405c-af97-b2d19041b010:c751]
2019-09-11 09:06:21,046 [grpc-default-executor-1] INFO  client.GrpcClientProtocolClient (GrpcClientProtocolClient.java:onNext(264)) - client-B22ED198845A->f3174d56-9988-40ec-970b-d447ed545dfb: receive RaftClientReply:client-B22ED198845A->f3174d56-9988-40ec-970b-d447ed545dfb@group-47B82E5F6106, cid=626, SUCCESS, logIndex=755, commits[f3174d56-9988-40ec-970b-d447ed545dfb:c755, 3e713ff3-0d17-449f-90fa-609b20cf4c10:c751, 34290298-343f-405c-af97-b2d19041b010:c751]
2019-09-11 09:06:21,057 [grpc-default-executor-1] INFO  client.GrpcClientProtocolClient (GrpcClientProtocolClient.java:onNext(264)) - client-B22ED198845A->f3174d56-9988-40ec-970b-d447ed545dfb: receive RaftClientReply:client-B22ED198845A->f3174d56-9988-40ec-970b-d447ed545dfb@group-47B82E5F6106, cid=627, SUCCESS, logIndex=0, commits[f3174d56-9988-40ec-970b-d447ed545dfb:c756, 3e713ff3-0d17-449f-90fa-609b20cf4c10:c755, 34290298-343f-405c-af97-b2d19041b010:c755]
2019-09-11 09:06:21,084 [grpc-default-executor-5] INFO  client.GrpcClientProtocolClient (GrpcClientProtocolClient.java:onNext(264)) - client-B22ED198845A->f3174d56-9988-40ec-970b-d447ed545dfb: receive RaftClientReply:client-B22ED198845A->f3174d56-9988-40ec-970b-d447ed545dfb@group-47B82E5F6106, cid=628, SUCCESS, logIndex=758, commits[f3174d56-9988-40ec-970b-d447ed545dfb:c759, 3e713ff3-0d17-449f-90fa-609b20cf4c10:c757, 34290298-343f-405c-af97-b2d19041b010:c757]
2019-09-11 09:06:21,085 [grpc-default-executor-5] INFO  client.GrpcClientProtocolClient (GrpcClientProtocolClient.java:onNext(264)) - client-B22ED198845A->f3174d56-9988-40ec-970b-d447ed545dfb: receive RaftClientReply:client-B22ED198845A->f3174d56-9988-40ec-970b-d447ed545dfb@group-47B82E5F6106, cid=629, SUCCESS, logIndex=759, commits[f3174d56-9988-40ec-970b-d447ed545dfb:c761, 3e713ff3-0d17-449f-90fa-609b20cf4c10:c757, 34290298-343f-405c-af97-b2d19041b010:c757]
2019-09-11 09:06:21,086 [grpc-default-executor-5] INFO  client.GrpcClientProtocolClient (GrpcClientProtocolClient.java:onNext(264)) - client-B22ED198845A->f3174d56-9988-40ec-970b-d447ed545dfb: receive RaftClientReply:client-B22ED198845A->f3174d56-9988-40ec-970b-d447ed545dfb@group-47B82E5F6106, cid=630, SUCCESS, logIndex=760, commits[f3174d56-9988-40ec-970b-d447ed545dfb:c761, 3e713ff3-0d17-449f-90fa-609b20cf4c10:c757, 34290298-343f-405c-af97-b2d19041b010:c757]
2019-09-11 09:06:21,086 [grpc-default-executor-5] INFO  client.GrpcClientProtocolClient (GrpcClientProtocolClient.java:onNext(264)) - client-B22ED198845A->f3174d56-9988-40ec-970b-d447ed545dfb: receive RaftClientReply:client-B22ED198845A->f3174d56-9988-40ec-970b-d447ed545dfb@group-47B82E5F6106, cid=631, SUCCESS, logIndex=761, commits[f3174d56-9988-40ec-970b-d447ed545dfb:c761, 3e713ff3-0d17-449f-90fa-609b20cf4c10:c757, 34290298-343f-405c-af97-b2d19041b010:c757]
2019-09-11 09:06:21,087 [grpc-default-executor-5] INFO  client.GrpcClientProtocolClient (GrpcClientProtocolClient.java:onNext(264)) - client-B22ED198845A->f3174d56-9988-40ec-970b-d447ed545dfb: receive RaftClientReply:client-B22ED198845A->f3174d56-9988-40ec-970b-d447ed545dfb@group-47B82E5F6106, cid=632, SUCCESS, logIndex=0, commits[f3174d56-9988-40ec-970b-d447ed545dfb:c764, 3e713ff3-0d17-449f-90fa-609b20cf4c10:c761, 34290298-343f-405c-af97-b2d19041b010:c759]
2019-09-11 09:06:21,110 [grpc-default-executor-5] INFO  client.GrpcClientProtocolClient (GrpcClientProtocolClient.java:onNext(264)) - client-B22ED198845A->f3174d56-9988-40ec-970b-d447ed545dfb: receive RaftClientReply:client-B22ED198845A->f3174d56-9988-40ec-970b-d447ed545dfb@group-47B82E5F6106, cid=633, SUCCESS, logIndex=766, commits[f3174d56-9988-40ec-970b-d447ed545dfb:c767, 3e713ff3-0d17-449f-90fa-609b20cf4c10:c765, 34290298-343f-405c-af97-b2d19041b010:c765]
2019-09-11 09:06:21,111 [grpc-default-executor-5] INFO  client.GrpcClientProtocolClient (GrpcClientProtocolClient.java:onNext(264)) - client-B22ED198845A->f3174d56-9988-40ec-970b-d447ed545dfb: receive RaftClientReply:client-B22ED198845A->f3174d56-9988-40ec-970b-d447ed545dfb@group-47B82E5F6106, cid=634, SUCCESS, logIndex=767, commits[f3174d56-9988-40ec-970b-d447ed545dfb:c767, 3e713ff3-0d17-449f-90fa-609b20cf4c10:c765, 34290298-343f-405c-af97-b2d19041b010:c765]
2019-09-11 09:06:21,132 [grpc-default-executor-4] INFO  client.GrpcClientProtocolClient (GrpcClientProtocolClient.java:onNext(264)) - client-B22ED198845A->f3174d56-9988-40ec-970b-d447ed545dfb: receive RaftClientReply:client-B22ED198845A->f3174d56-9988-40ec-970b-d447ed545dfb@group-47B82E5F6106, cid=635, SUCCESS, logIndex=770, commits[f3174d56-9988-40ec-970b-d447ed545dfb:c770, 3e713ff3-0d17-449f-90fa-609b20cf4c10:c767, 34290298-343f-405c-af97-b2d19041b010:c767]
2019-09-11 09:06:21,132 [grpc-default-executor-4] INFO  client.GrpcClientProtocolClient (GrpcClientProtocolClient.java:onNext(264)) - client-B22ED198845A->f3174d56-9988-40ec-970b-d447ed545dfb: receive RaftClientReply:client-B22ED198845A->f3174d56-9988-40ec-970b-d447ed545dfb@group-47B82E5F6106, cid=636, SUCCESS, logIndex=771, commits[f3174d56-9988-40ec-970b-d447ed545dfb:c771, 3e713ff3-0d17-449f-90fa-609b20cf4c10:c767, 34290298-343f-405c-af97-b2d19041b010:c767]
2019-09-11 09:06:21,145 [grpc-default-executor-4] INFO  client.GrpcClientProtocolClient (GrpcClientProtocolClient.java:onNext(264)) - client-B22ED198845A->f3174d56-9988-40ec-970b-d447ed545dfb: receive RaftClientReply:client-B22ED198845A->f3174d56-9988-40ec-970b-d447ed545dfb@group-47B82E5F6106, cid=637, SUCCESS, logIndex=0, commits[f3174d56-9988-40ec-970b-d447ed545dfb:c773, 3e713ff3-0d17-449f-90fa-609b20cf4c10:c771, 34290298-343f-405c-af97-b2d19041b010:c771]
2019-09-11 09:06:21,167 [grpc-default-executor-0] INFO  client.GrpcClientProtocolClient (GrpcClientProtocolClient.java:onNext(264)) - client-B22ED198845A->f3174d56-9988-40ec-970b-d447ed545dfb: receive RaftClientReply:client-B22ED198845A->f3174d56-9988-40ec-970b-d447ed545dfb@group-47B82E5F6106, cid=638, SUCCESS, logIndex=774, commits[f3174d56-9988-40ec-970b-d447ed545dfb:c776, 3e713ff3-0d17-449f-90fa-609b20cf4c10:c773, 34290298-343f-405c-af97-b2d19041b010:c773]
2019-09-11 09:06:21,168 [grpc-default-executor-0] INFO  client.GrpcClientProtocolClient (GrpcClientProtocolClient.java:onNext(264)) - client-B22ED198845A->f3174d56-9988-40ec-970b-d447ed545dfb: receive RaftClientReply:client-B22ED198845A->f3174d56-9988-40ec-970b-d447ed545dfb@group-47B82E5F6106, cid=639, SUCCESS, logIndex=775, commits[f3174d56-9988-40ec-970b-d447ed545dfb:c777, 3e713ff3-0d17-449f-90fa-609b20cf4c10:c773, 34290298-343f-405c-af97-b2d19041b010:c773]
2019-09-11 09:06:21,169 [grpc-default-executor-1] INFO  client.GrpcClientProtocolClient (GrpcClientProtocolClient.java:onNext(264)) - client-B22ED198845A->f3174d56-9988-40ec-970b-d447ed545dfb: receive RaftClientReply:client-B22ED198845A->f3174d56-9988-40ec-970b-d447ed545dfb@group-47B82E5F6106, cid=640, SUCCESS, logIndex=776, commits[f3174d56-9988-40ec-970b-d447ed545dfb:c777, 3e713ff3-0d17-449f-90fa-609b20cf4c10:c773, 34290298-343f-405c-af97-b2d19041b010:c773]
2019-09-11 09:06:21,171 [grpc-default-executor-1] INFO  client.GrpcClientProtocolClient (GrpcClientProtocolClient.java:onNext(264)) - client-B22ED198845A->f3174d56-9988-40ec-970b-d447ed545dfb: receive RaftClientReply:client-B22ED198845A->f3174d56-9988-40ec-970b-d447ed545dfb@group-47B82E5F6106, cid=641, SUCCESS, logIndex=777, commits[f3174d56-9988-40ec-970b-d447ed545dfb:c777, 3e713ff3-0d17-449f-90fa-609b20cf4c10:c773, 34290298-343f-405c-af97-b2d19041b010:c773]
2019-09-11 09:06:21,172 [grpc-default-executor-1] INFO  client.GrpcClientProtocolClient (GrpcClientProtocolClient.java:onNext(264)) - client-B22ED198845A->f3174d56-9988-40ec-970b-d447ed545dfb: receive RaftClientReply:client-B22ED198845A->f3174d56-9988-40ec-970b-d447ed545dfb@group-47B82E5F6106, cid=642, SUCCESS, logIndex=0, commits[f3174d56-9988-40ec-970b-d447ed545dfb:c781, 3e713ff3-0d17-449f-90fa-609b20cf4c10:c777, 34290298-343f-405c-af97-b2d19041b010:c777]
2019-09-11 09:06:21,199 [grpc-default-executor-5] INFO  client.GrpcClientProtocolClient (GrpcClientProtocolClient.java:onNext(264)) - client-B22ED198845A->f3174d56-9988-40ec-970b-d447ed545dfb: receive RaftClientReply:client-B22ED198845A->f3174d56-9988-40ec-970b-d447ed545dfb@group-47B82E5F6106, cid=643, SUCCESS, logIndex=782, commits[f3174d56-9988-40ec-970b-d447ed545dfb:c783, 3e713ff3-0d17-449f-90fa-609b20cf4c10:c781, 34290298-343f-405c-af97-b2d19041b010:c781]
2019-09-11 09:06:21,199 [grpc-default-executor-5] INFO  client.GrpcClientProtocolClient (GrpcClientProtocolClient.java:onNext(264)) - client-B22ED198845A->f3174d56-9988-40ec-970b-d447ed545dfb: receive RaftClientReply:client-B22ED198845A->f3174d56-9988-40ec-970b-d447ed545dfb@group-47B82E5F6106, cid=644, SUCCESS, logIndex=783, commits[f3174d56-9988-40ec-970b-d447ed545dfb:c783, 3e713ff3-0d17-449f-90fa-609b20cf4c10:c781, 34290298-343f-405c-af97-b2d19041b010:c781]
2019-09-11 09:06:21,224 [grpc-default-executor-5] INFO  client.GrpcClientProtocolClient (GrpcClientProtocolClient.java:onNext(264)) - client-B22ED198845A->f3174d56-9988-40ec-970b-d447ed545dfb: receive RaftClientReply:client-B22ED198845A->f3174d56-9988-40ec-970b-d447ed545dfb@group-47B82E5F6106, cid=645, SUCCESS, logIndex=786, commits[f3174d56-9988-40ec-970b-d447ed545dfb:c787, 3e713ff3-0d17-449f-90fa-609b20cf4c10:c783, 34290298-343f-405c-af97-b2d19041b010:c783]
2019-09-11 09:06:21,225 [grpc-default-executor-5] INFO  client.GrpcClientProtocolClient (GrpcClientProtocolClient.java:onNext(264)) - client-B22ED198845A->f3174d56-9988-40ec-970b-d447ed545dfb: receive RaftClientReply:client-B22ED198845A->f3174d56-9988-40ec-970b-d447ed545dfb@group-47B82E5F6106, cid=646, SUCCESS, logIndex=787, commits[f3174d56-9988-40ec-970b-d447ed545dfb:c787, 3e713ff3-0d17-449f-90fa-609b20cf4c10:c783, 34290298-343f-405c-af97-b2d19041b010:c783]
2019-09-11 09:06:21,236 [grpc-default-executor-1] INFO  client.GrpcClientProtocolClient (GrpcClientProtocolClient.java:onNext(264)) - client-B22ED198845A->f3174d56-9988-40ec-970b-d447ed545dfb: receive RaftClientReply:client-B22ED198845A->f3174d56-9988-40ec-970b-d447ed545dfb@group-47B82E5F6106, cid=647, SUCCESS, logIndex=0, commits[f3174d56-9988-40ec-970b-d447ed545dfb:c788, 3e713ff3-0d17-449f-90fa-609b20cf4c10:c787, 34290298-343f-405c-af97-b2d19041b010:c787]
2019-09-11 09:06:21,262 [grpc-default-executor-0] INFO  client.GrpcClientProtocolClient (GrpcClientProtocolClient.java:onNext(264)) - client-B22ED198845A->f3174d56-9988-40ec-970b-d447ed545dfb: receive RaftClientReply:client-B22ED198845A->f3174d56-9988-40ec-970b-d447ed545dfb@group-47B82E5F6106, cid=648, SUCCESS, logIndex=790, commits[f3174d56-9988-40ec-970b-d447ed545dfb:c793, 3e713ff3-0d17-449f-90fa-609b20cf4c10:c789, 34290298-343f-405c-af97-b2d19041b010:c789]
2019-09-11 09:06:21,263 [grpc-default-executor-0] INFO  client.GrpcClientProtocolClient (GrpcClientProtocolClient.java:onNext(264)) - client-B22ED198845A->f3174d56-9988-40ec-970b-d447ed545dfb: receive RaftClientReply:client-B22ED198845A->f3174d56-9988-40ec-970b-d447ed545dfb@group-47B82E5F6106, cid=649, SUCCESS, logIndex=791, commits[f3174d56-9988-40ec-970b-d447ed545dfb:c793, 3e713ff3-0d17-449f-90fa-609b20cf4c10:c789, 34290298-343f-405c-af97-b2d19041b010:c789]
2019-09-11 09:06:21,264 [grpc-default-executor-0] INFO  client.GrpcClientProtocolClient (GrpcClientProtocolClient.java:onNext(264)) - client-B22ED198845A->f3174d56-9988-40ec-970b-d447ed545dfb: receive RaftClientReply:client-B22ED198845A->f3174d56-9988-40ec-970b-d447ed545dfb@group-47B82E5F6106, cid=650, SUCCESS, logIndex=792, commits[f3174d56-9988-40ec-970b-d447ed545dfb:c793, 3e713ff3-0d17-449f-90fa-609b20cf4c10:c789, 34290298-343f-405c-af97-b2d19041b010:c789]
2019-09-11 09:06:21,264 [grpc-default-executor-0] INFO  client.GrpcClientProtocolClient (GrpcClientProtocolClient.java:onNext(264)) - client-B22ED198845A->f3174d56-9988-40ec-970b-d447ed545dfb: receive RaftClientReply:client-B22ED198845A->f3174d56-9988-40ec-970b-d447ed545dfb@group-47B82E5F6106, cid=651, SUCCESS, logIndex=793, commits[f3174d56-9988-40ec-970b-d447ed545dfb:c794, 3e713ff3-0d17-449f-90fa-609b20cf4c10:c789, 34290298-343f-405c-af97-b2d19041b010:c791]
2019-09-11 09:06:21,266 [grpc-default-executor-0] INFO  client.GrpcClientProtocolClient (GrpcClientProtocolClient.java:onNext(264)) - client-B22ED198845A->f3174d56-9988-40ec-970b-d447ed545dfb: receive RaftClientReply:client-B22ED198845A->f3174d56-9988-40ec-970b-d447ed545dfb@group-47B82E5F6106, cid=652, SUCCESS, logIndex=0, commits[f3174d56-9988-40ec-970b-d447ed545dfb:c797, 3e713ff3-0d17-449f-90fa-609b20cf4c10:c793, 34290298-343f-405c-af97-b2d19041b010:c793]
2019-09-11 09:06:21,288 [grpc-default-executor-5] INFO  client.GrpcClientProtocolClient (GrpcClientProtocolClient.java:onNext(264)) - client-B22ED198845A->f3174d56-9988-40ec-970b-d447ed545dfb: receive RaftClientReply:client-B22ED198845A->f3174d56-9988-40ec-970b-d447ed545dfb@group-47B82E5F6106, cid=653, SUCCESS, logIndex=798, commits[f3174d56-9988-40ec-970b-d447ed545dfb:c799, 3e713ff3-0d17-449f-90fa-609b20cf4c10:c797, 34290298-343f-405c-af97-b2d19041b010:c797]
2019-09-11 09:06:21,289 [grpc-default-executor-5] INFO  client.GrpcClientProtocolClient (GrpcClientProtocolClient.java:onNext(264)) - client-B22ED198845A->f3174d56-9988-40ec-970b-d447ed545dfb: receive RaftClientReply:client-B22ED198845A->f3174d56-9988-40ec-970b-d447ed545dfb@group-47B82E5F6106, cid=654, SUCCESS, logIndex=799, commits[f3174d56-9988-40ec-970b-d447ed545dfb:c799, 3e713ff3-0d17-449f-90fa-609b20cf4c10:c797, 34290298-343f-405c-af97-b2d19041b010:c797]
2019-09-11 09:06:21,315 [grpc-default-executor-4] INFO  client.GrpcClientProtocolClient (GrpcClientProtocolClient.java:onNext(264)) - client-B22ED198845A->f3174d56-9988-40ec-970b-d447ed545dfb: receive RaftClientReply:client-B22ED198845A->f3174d56-9988-40ec-970b-d447ed545dfb@group-47B82E5F6106, cid=655, SUCCESS, logIndex=802, commits[f3174d56-9988-40ec-970b-d447ed545dfb:c803, 3e713ff3-0d17-449f-90fa-609b20cf4c10:c799, 34290298-343f-405c-af97-b2d19041b010:c799]
2019-09-11 09:06:21,317 [grpc-default-executor-4] INFO  client.GrpcClientProtocolClient (GrpcClientProtocolClient.java:onNext(264)) - client-B22ED198845A->f3174d56-9988-40ec-970b-d447ed545dfb: receive RaftClientReply:client-B22ED198845A->f3174d56-9988-40ec-970b-d447ed545dfb@group-47B82E5F6106, cid=656, SUCCESS, logIndex=803, commits[f3174d56-9988-40ec-970b-d447ed545dfb:c803, 3e713ff3-0d17-449f-90fa-609b20cf4c10:c799, 34290298-343f-405c-af97-b2d19041b010:c799]
2019-09-11 09:06:21,318 [grpc-default-executor-0] INFO  client.GrpcClientProtocolClient (GrpcClientProtocolClient.java:onNext(264)) - client-B22ED198845A->f3174d56-9988-40ec-970b-d447ed545dfb: receive RaftClientReply:client-B22ED198845A->f3174d56-9988-40ec-970b-d447ed545dfb@group-47B82E5F6106, cid=657, SUCCESS, logIndex=0, commits[f3174d56-9988-40ec-970b-d447ed545dfb:c805, 3e713ff3-0d17-449f-90fa-609b20cf4c10:c803, 34290298-343f-405c-af97-b2d19041b010:c803]
 0.00% |█                                                                                                    |  0/1 Time: 0:00:012019-09-11 09:06:21,340 [grpc-default-executor-0] INFO  client.GrpcClientProtocolClient (GrpcClientProtocolClient.java:onNext(264)) - client-B22ED198845A->f3174d56-9988-40ec-970b-d447ed545dfb: receive RaftClientReply:client-B22ED198845A->f3174d56-9988-40ec-970b-d447ed545dfb@group-47B82E5F6106, cid=658, SUCCESS, logIndex=806, commits[f3174d56-9988-40ec-970b-d447ed545dfb:c807, 3e713ff3-0d17-449f-90fa-609b20cf4c10:c805, 34290298-343f-405c-af97-b2d19041b010:c805]
2019-09-11 09:06:21,341 [grpc-default-executor-0] INFO  client.GrpcClientProtocolClient (GrpcClientProtocolClient.java:onNext(264)) - client-B22ED198845A->f3174d56-9988-40ec-970b-d447ed545dfb: receive RaftClientReply:client-B22ED198845A->f3174d56-9988-40ec-970b-d447ed545dfb@group-47B82E5F6106, cid=659, SUCCESS, logIndex=807, commits[f3174d56-9988-40ec-970b-d447ed545dfb:c807, 3e713ff3-0d17-449f-90fa-609b20cf4c10:c805, 34290298-343f-405c-af97-b2d19041b010:c805]
2019-09-11 09:06:21,342 [grpc-default-executor-5] INFO  client.GrpcClientProtocolClient (GrpcClientProtocolClient.java:onNext(264)) - client-B22ED198845A->f3174d56-9988-40ec-970b-d447ed545dfb: receive RaftClientReply:client-B22ED198845A->f3174d56-9988-40ec-970b-d447ed545dfb@group-47B82E5F6106, cid=660, SUCCESS, logIndex=808, commits[f3174d56-9988-40ec-970b-d447ed545dfb:c809, 3e713ff3-0d17-449f-90fa-609b20cf4c10:c805, 34290298-343f-405c-af97-b2d19041b010:c805]
2019-09-11 09:06:21,343 [grpc-default-executor-0] INFO  client.GrpcClientProtocolClient (GrpcClientProtocolClient.java:onNext(264)) - client-B22ED198845A->f3174d56-9988-40ec-970b-d447ed545dfb: receive RaftClientReply:client-B22ED198845A->f3174d56-9988-40ec-970b-d447ed545dfb@group-47B82E5F6106, cid=661, SUCCESS, logIndex=809, commits[f3174d56-9988-40ec-970b-d447ed545dfb:c809, 3e713ff3-0d17-449f-90fa-609b20cf4c10:c805, 34290298-343f-405c-af97-b2d19041b010:c805]
2019-09-11 09:06:21,345 [grpc-default-executor-5] INFO  client.GrpcClientProtocolClient (GrpcClientProtocolClient.java:onNext(264)) - client-B22ED198845A->f3174d56-9988-40ec-970b-d447ed545dfb: receive RaftClientReply:client-B22ED198845A->f3174d56-9988-40ec-970b-d447ed545dfb@group-47B82E5F6106, cid=662, SUCCESS, logIndex=0, commits[f3174d56-9988-40ec-970b-d447ed545dfb:c813, 3e713ff3-0d17-449f-90fa-609b20cf4c10:c809, 34290298-343f-405c-af97-b2d19041b010:c809]
2019-09-11 09:06:21,369 [grpc-default-executor-5] INFO  client.GrpcClientProtocolClient (GrpcClientProtocolClient.java:onNext(264)) - client-B22ED198845A->f3174d56-9988-40ec-970b-d447ed545dfb: receive RaftClientReply:client-B22ED198845A->f3174d56-9988-40ec-970b-d447ed545dfb@group-47B82E5F6106, cid=663, SUCCESS, logIndex=814, commits[f3174d56-9988-40ec-970b-d447ed545dfb:c815, 3e713ff3-0d17-449f-90fa-609b20cf4c10:c813, 34290298-343f-405c-af97-b2d19041b010:c813]
2019-09-11 09:06:21,370 [grpc-default-executor-5] INFO  client.GrpcClientProtocolClient (GrpcClientProtocolClient.java:onNext(264)) - client-B22ED198845A->f3174d56-9988-40ec-970b-d447ed545dfb: receive RaftClientReply:client-B22ED198845A->f3174d56-9988-40ec-970b-d447ed545dfb@group-47B82E5F6106, cid=664, SUCCESS, logIndex=815, commits[f3174d56-9988-40ec-970b-d447ed545dfb:c815, 3e713ff3-0d17-449f-90fa-609b20cf4c10:c813, 34290298-343f-405c-af97-b2d19041b010:c813]
2019-09-11 09:06:21,399 [grpc-default-executor-0] INFO  client.GrpcClientProtocolClient (GrpcClientProtocolClient.java:onNext(264)) - client-B22ED198845A->f3174d56-9988-40ec-970b-d447ed545dfb: receive RaftClientReply:client-B22ED198845A->f3174d56-9988-40ec-970b-d447ed545dfb@group-47B82E5F6106, cid=665, SUCCESS, logIndex=818, commits[f3174d56-9988-40ec-970b-d447ed545dfb:c819, 3e713ff3-0d17-449f-90fa-609b20cf4c10:c815, 34290298-343f-405c-af97-b2d19041b010:c815]
2019-09-11 09:06:21,399 [grpc-default-executor-0] INFO  client.GrpcClientProtocolClient (GrpcClientProtocolClient.java:onNext(264)) - client-B22ED198845A->f3174d56-9988-40ec-970b-d447ed545dfb: receive RaftClientReply:client-B22ED198845A->f3174d56-9988-40ec-970b-d447ed545dfb@group-47B82E5F6106, cid=666, SUCCESS, logIndex=819, commits[f3174d56-9988-40ec-970b-d447ed545dfb:c819, 3e713ff3-0d17-449f-90fa-609b20cf4c10:c815, 34290298-343f-405c-af97-b2d19041b010:c815]
2019-09-11 09:06:21,411 [grpc-default-executor-5] INFO  client.GrpcClientProtocolClient (GrpcClientProtocolClient.java:onNext(264)) - client-B22ED198845A->f3174d56-9988-40ec-970b-d447ed545dfb: receive RaftClientReply:client-B22ED198845A->f3174d56-9988-40ec-970b-d447ed545dfb@group-47B82E5F6106, cid=667, SUCCESS, logIndex=0, commits[f3174d56-9988-40ec-970b-d447ed545dfb:c820, 3e713ff3-0d17-449f-90fa-609b20cf4c10:c819, 34290298-343f-405c-af97-b2d19041b010:c819]
2019-09-11 09:06:21,436 [grpc-default-executor-5] INFO  client.GrpcClientProtocolClient (GrpcClientProtocolClient.java:onNext(264)) - client-B22ED198845A->f3174d56-9988-40ec-970b-d447ed545dfb: receive RaftClientReply:client-B22ED198845A->f3174d56-9988-40ec-970b-d447ed545dfb@group-47B82E5F6106, cid=668, SUCCESS, logIndex=822, commits[f3174d56-9988-40ec-970b-d447ed545dfb:c824, 3e713ff3-0d17-449f-90fa-609b20cf4c10:c821, 34290298-343f-405c-af97-b2d19041b010:c819]
2019-09-11 09:06:21,436 [grpc-default-executor-5] INFO  client.GrpcClientProtocolClient (GrpcClientProtocolClient.java:onNext(264)) - client-B22ED198845A->f3174d56-9988-40ec-970b-d447ed545dfb: receive RaftClientReply:client-B22ED198845A->f3174d56-9988-40ec-970b-d447ed545dfb@group-47B82E5F6106, cid=669, SUCCESS, logIndex=823, commits[f3174d56-9988-40ec-970b-d447ed545dfb:c824, 3e713ff3-0d17-449f-90fa-609b20cf4c10:c821, 34290298-343f-405c-af97-b2d19041b010:c821]
2019-09-11 09:06:21,437 [grpc-default-executor-5] INFO  client.GrpcClientProtocolClient (GrpcClientProtocolClient.java:onNext(264)) - client-B22ED198845A->f3174d56-9988-40ec-970b-d447ed545dfb: receive RaftClientReply:client-B22ED198845A->f3174d56-9988-40ec-970b-d447ed545dfb@group-47B82E5F6106, cid=670, SUCCESS, logIndex=824, commits[f3174d56-9988-40ec-970b-d447ed545dfb:c825, 3e713ff3-0d17-449f-90fa-609b20cf4c10:c821, 34290298-343f-405c-af97-b2d19041b010:c821]
2019-09-11 09:06:21,437 [grpc-default-executor-5] INFO  client.GrpcClientProtocolClient (GrpcClientProtocolClient.java:onNext(264)) - client-B22ED198845A->f3174d56-9988-40ec-970b-d447ed545dfb: receive RaftClientReply:client-B22ED198845A->f3174d56-9988-40ec-970b-d447ed545dfb@group-47B82E5F6106, cid=671, SUCCESS, logIndex=825, commits[f3174d56-9988-40ec-970b-d447ed545dfb:c825, 3e713ff3-0d17-449f-90fa-609b20cf4c10:c821, 34290298-343f-405c-af97-b2d19041b010:c821]
2019-09-11 09:06:21,439 [grpc-default-executor-1] INFO  client.GrpcClientProtocolClient (GrpcClientProtocolClient.java:onNext(264)) - client-B22ED198845A->f3174d56-9988-40ec-970b-d447ed545dfb: receive RaftClientReply:client-B22ED198845A->f3174d56-9988-40ec-970b-d447ed545dfb@group-47B82E5F6106, cid=672, SUCCESS, logIndex=0, commits[f3174d56-9988-40ec-970b-d447ed545dfb:c826, 3e713ff3-0d17-449f-90fa-609b20cf4c10:c823, 34290298-343f-405c-af97-b2d19041b010:c823]
2019-09-11 09:06:21,452 [grpc-default-executor-5] INFO  client.GrpcClientProtocolClient (GrpcClientProtocolClient.java:onNext(264)) - client-B22ED198845A->f3174d56-9988-40ec-970b-d447ed545dfb: receive RaftClientReply:client-B22ED198845A->f3174d56-9988-40ec-970b-d447ed545dfb@group-47B82E5F6106, cid=673, SUCCESS, logIndex=830, commits[f3174d56-9988-40ec-970b-d447ed545dfb:c831, 3e713ff3-0d17-449f-90fa-609b20cf4c10:c825, 34290298-343f-405c-af97-b2d19041b010:c829]
2019-09-11 09:06:21,453 [grpc-default-executor-5] INFO  client.GrpcClientProtocolClient (GrpcClientProtocolClient.java:onNext(264)) - client-B22ED198845A->f3174d56-9988-40ec-970b-d447ed545dfb: receive RaftClientReply:client-B22ED198845A->f3174d56-9988-40ec-970b-d447ed545dfb@group-47B82E5F6106, cid=674, SUCCESS, logIndex=831, commits[f3174d56-9988-40ec-970b-d447ed545dfb:c831, 3e713ff3-0d17-449f-90fa-609b20cf4c10:c829, 34290298-343f-405c-af97-b2d19041b010:c829]
2019-09-11 09:06:21,467 [grpc-default-executor-5] INFO  client.GrpcClientProtocolClient (GrpcClientProtocolClient.java:onNext(264)) - client-B22ED198845A->f3174d56-9988-40ec-970b-d447ed545dfb: receive RaftClientReply:client-B22ED198845A->f3174d56-9988-40ec-970b-d447ed545dfb@group-47B82E5F6106, cid=675, SUCCESS, logIndex=834, commits[f3174d56-9988-40ec-970b-d447ed545dfb:c835, 3e713ff3-0d17-449f-90fa-609b20cf4c10:c833, 34290298-343f-405c-af97-b2d19041b010:c833]
2019-09-11 09:06:21,467 [grpc-default-executor-5] INFO  client.GrpcClientProtocolClient (GrpcClientProtocolClient.java:onNext(264)) - client-B22ED198845A->f3174d56-9988-40ec-970b-d447ed545dfb: receive RaftClientReply:client-B22ED198845A->f3174d56-9988-40ec-970b-d447ed545dfb@group-47B82E5F6106, cid=676, SUCCESS, logIndex=835, commits[f3174d56-9988-40ec-970b-d447ed545dfb:c835, 3e713ff3-0d17-449f-90fa-609b20cf4c10:c833, 34290298-343f-405c-af97-b2d19041b010:c833]
2019-09-11 09:06:21,471 [grpc-default-executor-5] INFO  client.GrpcClientProtocolClient (GrpcClientProtocolClient.java:onNext(264)) - client-B22ED198845A->f3174d56-9988-40ec-970b-d447ed545dfb: receive RaftClientReply:client-B22ED198845A->f3174d56-9988-40ec-970b-d447ed545dfb@group-47B82E5F6106, cid=677, SUCCESS, logIndex=0, commits[f3174d56-9988-40ec-970b-d447ed545dfb:c837, 3e713ff3-0d17-449f-90fa-609b20cf4c10:c835, 34290298-343f-405c-af97-b2d19041b010:c835]
2019-09-11 09:06:21,488 [grpc-default-executor-0] INFO  client.GrpcClientProtocolClient (GrpcClientProtocolClient.java:onNext(264)) - client-B22ED198845A->f3174d56-9988-40ec-970b-d447ed545dfb: receive RaftClientReply:client-B22ED198845A->f3174d56-9988-40ec-970b-d447ed545dfb@group-47B82E5F6106, cid=678, SUCCESS, logIndex=838, commits[f3174d56-9988-40ec-970b-d447ed545dfb:c841, 3e713ff3-0d17-449f-90fa-609b20cf4c10:c837, 34290298-343f-405c-af97-b2d19041b010:c835]
2019-09-11 09:06:21,488 [grpc-default-executor-0] INFO  client.GrpcClientProtocolClient (GrpcClientProtocolClient.java:onNext(264)) - client-B22ED198845A->f3174d56-9988-40ec-970b-d447ed545dfb: receive RaftClientReply:client-B22ED198845A->f3174d56-9988-40ec-970b-d447ed545dfb@group-47B82E5F6106, cid=679, SUCCESS, logIndex=839, commits[f3174d56-9988-40ec-970b-d447ed545dfb:c841, 3e713ff3-0d17-449f-90fa-609b20cf4c10:c837, 34290298-343f-405c-af97-b2d19041b010:c835]
2019-09-11 09:06:21,489 [grpc-default-executor-0] INFO  client.GrpcClientProtocolClient (GrpcClientProtocolClient.java:onNext(264)) - client-B22ED198845A->f3174d56-9988-40ec-970b-d447ed545dfb: receive RaftClientReply:client-B22ED198845A->f3174d56-9988-40ec-970b-d447ed545dfb@group-47B82E5F6106, cid=680, SUCCESS, logIndex=840, commits[f3174d56-9988-40ec-970b-d447ed545dfb:c841, 3e713ff3-0d17-449f-90fa-609b20cf4c10:c837, 34290298-343f-405c-af97-b2d19041b010:c837]
2019-09-11 09:06:21,489 [grpc-default-executor-5] INFO  client.GrpcClientProtocolClient (GrpcClientProtocolClient.java:onNext(264)) - client-B22ED198845A->f3174d56-9988-40ec-970b-d447ed545dfb: receive RaftClientReply:client-B22ED198845A->f3174d56-9988-40ec-970b-d447ed545dfb@group-47B82E5F6106, cid=681, SUCCESS, logIndex=841, commits[f3174d56-9988-40ec-970b-d447ed545dfb:c841, 3e713ff3-0d17-449f-90fa-609b20cf4c10:c837, 34290298-343f-405c-af97-b2d19041b010:c837]
2019-09-11 09:06:21,492 [grpc-default-executor-5] INFO  client.GrpcClientProtocolClient (GrpcClientProtocolClient.java:onNext(264)) - client-B22ED198845A->f3174d56-9988-40ec-970b-d447ed545dfb: receive RaftClientReply:client-B22ED198845A->f3174d56-9988-40ec-970b-d447ed545dfb@group-47B82E5F6106, cid=682, SUCCESS, logIndex=0, commits[f3174d56-9988-40ec-970b-d447ed545dfb:c844, 3e713ff3-0d17-449f-90fa-609b20cf4c10:c841, 34290298-343f-405c-af97-b2d19041b010:c841]
2019-09-11 09:06:21,506 [grpc-default-executor-1] INFO  client.GrpcClientProtocolClient (GrpcClientProtocolClient.java:onNext(264)) - client-B22ED198845A->f3174d56-9988-40ec-970b-d447ed545dfb: receive RaftClientReply:client-B22ED198845A->f3174d56-9988-40ec-970b-d447ed545dfb@group-47B82E5F6106, cid=683, SUCCESS, logIndex=846, commits[f3174d56-9988-40ec-970b-d447ed545dfb:c847, 3e713ff3-0d17-449f-90fa-609b20cf4c10:c845, 34290298-343f-405c-af97-b2d19041b010:c841]
2019-09-11 09:06:21,506 [grpc-default-executor-5] INFO  client.GrpcClientProtocolClient (GrpcClientProtocolClient.java:onNext(264)) - client-B22ED198845A->f3174d56-9988-40ec-970b-d447ed545dfb: receive RaftClientReply:client-B22ED198845A->f3174d56-9988-40ec-970b-d447ed545dfb@group-47B82E5F6106, cid=684, SUCCESS, logIndex=847, commits[f3174d56-9988-40ec-970b-d447ed545dfb:c847, 3e713ff3-0d17-449f-90fa-609b20cf4c10:c845, 34290298-343f-405c-af97-b2d19041b010:c845]
2019-09-11 09:06:21,522 [grpc-default-executor-5] INFO  client.GrpcClientProtocolClient (GrpcClientProtocolClient.java:onNext(264)) - client-B22ED198845A->f3174d56-9988-40ec-970b-d447ed545dfb: receive RaftClientReply:client-B22ED198845A->f3174d56-9988-40ec-970b-d447ed545dfb@group-47B82E5F6106, cid=685, SUCCESS, logIndex=850, commits[f3174d56-9988-40ec-970b-d447ed545dfb:c851, 3e713ff3-0d17-449f-90fa-609b20cf4c10:c849, 34290298-343f-405c-af97-b2d19041b010:c847]
2019-09-11 09:06:21,523 [grpc-default-executor-5] INFO  client.GrpcClientProtocolClient (GrpcClientProtocolClient.java:onNext(264)) - client-B22ED198845A->f3174d56-9988-40ec-970b-d447ed545dfb: receive RaftClientReply:client-B22ED198845A->f3174d56-9988-40ec-970b-d447ed545dfb@group-47B82E5F6106, cid=686, SUCCESS, logIndex=851, commits[f3174d56-9988-40ec-970b-d447ed545dfb:c851, 3e713ff3-0d17-449f-90fa-609b20cf4c10:c849, 34290298-343f-405c-af97-b2d19041b010:c849]
2019-09-11 09:06:21,540 [grpc-default-executor-5] INFO  client.GrpcClientProtocolClient (GrpcClientProtocolClient.java:onNext(264)) - client-B22ED198845A->f3174d56-9988-40ec-970b-d447ed545dfb: receive RaftClientReply:client-B22ED198845A->f3174d56-9988-40ec-970b-d447ed545dfb@group-47B82E5F6106, cid=687, SUCCESS, logIndex=0, commits[f3174d56-9988-40ec-970b-d447ed545dfb:c852, 3e713ff3-0d17-449f-90fa-609b20cf4c10:c851, 34290298-343f-405c-af97-b2d19041b010:c851]
2019-09-11 09:06:21,561 [grpc-default-executor-0] INFO  client.GrpcClientProtocolClient (GrpcClientProtocolClient.java:onNext(264)) - client-B22ED198845A->f3174d56-9988-40ec-970b-d447ed545dfb: receive RaftClientReply:client-B22ED198845A->f3174d56-9988-40ec-970b-d447ed545dfb@group-47B82E5F6106, cid=688, SUCCESS, logIndex=854, commits[f3174d56-9988-40ec-970b-d447ed545dfb:c855, 3e713ff3-0d17-449f-90fa-609b20cf4c10:c853, 34290298-343f-405c-af97-b2d19041b010:c853]
2019-09-11 09:06:21,562 [grpc-default-executor-0] INFO  client.GrpcClientProtocolClient (GrpcClientProtocolClient.java:onNext(264)) - client-B22ED198845A->f3174d56-9988-40ec-970b-d447ed545dfb: receive RaftClientReply:client-B22ED198845A->f3174d56-9988-40ec-970b-d447ed545dfb@group-47B82E5F6106, cid=689, SUCCESS, logIndex=855, commits[f3174d56-9988-40ec-970b-d447ed545dfb:c857, 3e713ff3-0d17-449f-90fa-609b20cf4c10:c853, 34290298-343f-405c-af97-b2d19041b010:c853]
2019-09-11 09:06:21,562 [grpc-default-executor-0] INFO  client.GrpcClientProtocolClient (GrpcClientProtocolClient.java:onNext(264)) - client-B22ED198845A->f3174d56-9988-40ec-970b-d447ed545dfb: receive RaftClientReply:client-B22ED198845A->f3174d56-9988-40ec-970b-d447ed545dfb@group-47B82E5F6106, cid=690, SUCCESS, logIndex=856, commits[f3174d56-9988-40ec-970b-d447ed545dfb:c857, 3e713ff3-0d17-449f-90fa-609b20cf4c10:c853, 34290298-343f-405c-af97-b2d19041b010:c853]
2019-09-11 09:06:21,563 [grpc-default-executor-0] INFO  client.GrpcClientProtocolClient (GrpcClientProtocolClient.java:onNext(264)) - client-B22ED198845A->f3174d56-9988-40ec-970b-d447ed545dfb: receive RaftClientReply:client-B22ED198845A->f3174d56-9988-40ec-970b-d447ed545dfb@group-47B82E5F6106, cid=691, SUCCESS, logIndex=857, commits[f3174d56-9988-40ec-970b-d447ed545dfb:c857, 3e713ff3-0d17-449f-90fa-609b20cf4c10:c853, 34290298-343f-405c-af97-b2d19041b010:c853]
2019-09-11 09:06:21,565 [grpc-default-executor-0] INFO  client.GrpcClientProtocolClient (GrpcClientProtocolClient.java:onNext(264)) - client-B22ED198845A->f3174d56-9988-40ec-970b-d447ed545dfb: receive RaftClientReply:client-B22ED198845A->f3174d56-9988-40ec-970b-d447ed545dfb@group-47B82E5F6106, cid=692, SUCCESS, logIndex=0, commits[f3174d56-9988-40ec-970b-d447ed545dfb:c858, 3e713ff3-0d17-449f-90fa-609b20cf4c10:c855, 34290298-343f-405c-af97-b2d19041b010:c855]
2019-09-11 09:06:21,587 [grpc-default-executor-5] INFO  client.GrpcClientProtocolClient (GrpcClientProtocolClient.java:onNext(264)) - client-B22ED198845A->f3174d56-9988-40ec-970b-d447ed545dfb: receive RaftClientReply:client-B22ED198845A->f3174d56-9988-40ec-970b-d447ed545dfb@group-47B82E5F6106, cid=693, SUCCESS, logIndex=862, commits[f3174d56-9988-40ec-970b-d447ed545dfb:c863, 3e713ff3-0d17-449f-90fa-609b20cf4c10:c861, 34290298-343f-405c-af97-b2d19041b010:c861]
2019-09-11 09:06:21,587 [grpc-default-executor-5] INFO  client.GrpcClientProtocolClient (GrpcClientProtocolClient.java:onNext(264)) - client-B22ED198845A->f3174d56-9988-40ec-970b-d447ed545dfb: receive RaftClientReply:client-B22ED198845A->f3174d56-9988-40ec-970b-d447ed545dfb@group-47B82E5F6106, cid=694, SUCCESS, logIndex=863, commits[f3174d56-9988-40ec-970b-d447ed545dfb:c863, 3e713ff3-0d17-449f-90fa-609b20cf4c10:c861, 34290298-343f-405c-af97-b2d19041b010:c861]
2019-09-11 09:06:21,614 [grpc-default-executor-5] INFO  client.GrpcClientProtocolClient (GrpcClientProtocolClient.java:onNext(264)) - client-B22ED198845A->f3174d56-9988-40ec-970b-d447ed545dfb: receive RaftClientReply:client-B22ED198845A->f3174d56-9988-40ec-970b-d447ed545dfb@group-47B82E5F6106, cid=695, SUCCESS, logIndex=866, commits[f3174d56-9988-40ec-970b-d447ed545dfb:c867, 3e713ff3-0d17-449f-90fa-609b20cf4c10:c863, 34290298-343f-405c-af97-b2d19041b010:c863]
2019-09-11 09:06:21,614 [grpc-default-executor-5] INFO  client.GrpcClientProtocolClient (GrpcClientProtocolClient.java:onNext(264)) - client-B22ED198845A->f3174d56-9988-40ec-970b-d447ed545dfb: receive RaftClientReply:client-B22ED198845A->f3174d56-9988-40ec-970b-d447ed545dfb@group-47B82E5F6106, cid=696, SUCCESS, logIndex=867, commits[f3174d56-9988-40ec-970b-d447ed545dfb:c867, 3e713ff3-0d17-449f-90fa-609b20cf4c10:c863, 34290298-343f-405c-af97-b2d19041b010:c863]
2019-09-11 09:06:21,616 [grpc-default-executor-0] INFO  client.GrpcClientProtocolClient (GrpcClientProtocolClient.java:onNext(264)) - client-B22ED198845A->f3174d56-9988-40ec-970b-d447ed545dfb: receive RaftClientReply:client-B22ED198845A->f3174d56-9988-40ec-970b-d447ed545dfb@group-47B82E5F6106, cid=697, SUCCESS, logIndex=0, commits[f3174d56-9988-40ec-970b-d447ed545dfb:c868, 3e713ff3-0d17-449f-90fa-609b20cf4c10:c867, 34290298-343f-405c-af97-b2d19041b010:c867]
2019-09-11 09:06:21,638 [grpc-default-executor-5] INFO  client.GrpcClientProtocolClient (GrpcClientProtocolClient.java:onNext(264)) - client-B22ED198845A->f3174d56-9988-40ec-970b-d447ed545dfb: receive RaftClientReply:client-B22ED198845A->f3174d56-9988-40ec-970b-d447ed545dfb@group-47B82E5F6106, cid=698, SUCCESS, logIndex=870, commits[f3174d56-9988-40ec-970b-d447ed545dfb:c872, 3e713ff3-0d17-449f-90fa-609b20cf4c10:c869, 34290298-343f-405c-af97-b2d19041b010:c869]
2019-09-11 09:06:21,638 [grpc-default-executor-5] INFO  client.GrpcClientProtocolClient (GrpcClientProtocolClient.java:onNext(264)) - client-B22ED198845A->f3174d56-9988-40ec-970b-d447ed545dfb: receive RaftClientReply:client-B22ED198845A->f3174d56-9988-40ec-970b-d447ed545dfb@group-47B82E5F6106, cid=699, SUCCESS, logIndex=871, commits[f3174d56-9988-40ec-970b-d447ed545dfb:c873, 3e713ff3-0d17-449f-90fa-609b20cf4c10:c869, 34290298-343f-405c-af97-b2d19041b010:c869]
2019-09-11 09:06:21,639 [grpc-default-executor-5] INFO  client.GrpcClientProtocolClient (GrpcClientProtocolClient.java:onNext(264)) - client-B22ED198845A->f3174d56-9988-40ec-970b-d447ed545dfb: receive RaftClientReply:client-B22ED198845A->f3174d56-9988-40ec-970b-d447ed545dfb@group-47B82E5F6106, cid=700, SUCCESS, logIndex=872, commits[f3174d56-9988-40ec-970b-d447ed545dfb:c873, 3e713ff3-0d17-449f-90fa-609b20cf4c10:c869, 34290298-343f-405c-af97-b2d19041b010:c869]
2019-09-11 09:06:21,639 [grpc-default-executor-5] INFO  client.GrpcClientProtocolClient (GrpcClientProtocolClient.java:onNext(264)) - client-B22ED198845A->f3174d56-9988-40ec-970b-d447ed545dfb: receive RaftClientReply:client-B22ED198845A->f3174d56-9988-40ec-970b-d447ed545dfb@group-47B82E5F6106, cid=701, SUCCESS, logIndex=873, commits[f3174d56-9988-40ec-970b-d447ed545dfb:c873, 3e713ff3-0d17-449f-90fa-609b20cf4c10:c869, 34290298-343f-405c-af97-b2d19041b010:c869]
2019-09-11 09:06:21,651 [grpc-default-executor-0] INFO  client.GrpcClientProtocolClient (GrpcClientProtocolClient.java:onNext(264)) - client-B22ED198845A->f3174d56-9988-40ec-970b-d447ed545dfb: receive RaftClientReply:client-B22ED198845A->f3174d56-9988-40ec-970b-d447ed545dfb@group-47B82E5F6106, cid=702, SUCCESS, logIndex=0, commits[f3174d56-9988-40ec-970b-d447ed545dfb:c876, 3e713ff3-0d17-449f-90fa-609b20cf4c10:c873, 34290298-343f-405c-af97-b2d19041b010:c871]
2019-09-11 09:06:21,673 [grpc-default-executor-5] INFO  client.GrpcClientProtocolClient (GrpcClientProtocolClient.java:onNext(264)) - client-B22ED198845A->f3174d56-9988-40ec-970b-d447ed545dfb: receive RaftClientReply:client-B22ED198845A->f3174d56-9988-40ec-970b-d447ed545dfb@group-47B82E5F6106, cid=703, SUCCESS, logIndex=878, commits[f3174d56-9988-40ec-970b-d447ed545dfb:c879, 3e713ff3-0d17-449f-90fa-609b20cf4c10:c877, 34290298-343f-405c-af97-b2d19041b010:c877]
2019-09-11 09:06:21,674 [grpc-default-executor-5] INFO  client.GrpcClientProtocolClient (GrpcClientProtocolClient.java:onNext(264)) - client-B22ED198845A->f3174d56-9988-40ec-970b-d447ed545dfb: receive RaftClientReply:client-B22ED198845A->f3174d56-9988-40ec-970b-d447ed545dfb@group-47B82E5F6106, cid=704, SUCCESS, logIndex=879, commits[f3174d56-9988-40ec-970b-d447ed545dfb:c879, 3e713ff3-0d17-449f-90fa-609b20cf4c10:c877, 34290298-343f-405c-af97-b2d19041b010:c877]
2019-09-11 09:06:21,699 [grpc-default-executor-4] INFO  client.GrpcClientProtocolClient (GrpcClientProtocolClient.java:onNext(264)) - client-B22ED198845A->f3174d56-9988-40ec-970b-d447ed545dfb: receive RaftClientReply:client-B22ED198845A->f3174d56-9988-40ec-970b-d447ed545dfb@group-47B82E5F6106, cid=705, SUCCESS, logIndex=882, commits[f3174d56-9988-40ec-970b-d447ed545dfb:c883, 3e713ff3-0d17-449f-90fa-609b20cf4c10:c879, 34290298-343f-405c-af97-b2d19041b010:c879]
2019-09-11 09:06:21,699 [grpc-default-executor-4] INFO  client.GrpcClientProtocolClient (GrpcClientProtocolClient.java:onNext(264)) - client-B22ED198845A->f3174d56-9988-40ec-970b-d447ed545dfb: receive RaftClientReply:client-B22ED198845A->f3174d56-9988-40ec-970b-d447ed545dfb@group-47B82E5F6106, cid=706, SUCCESS, logIndex=883, commits[f3174d56-9988-40ec-970b-d447ed545dfb:c883, 3e713ff3-0d17-449f-90fa-609b20cf4c10:c879, 34290298-343f-405c-af97-b2d19041b010:c879]
2019-09-11 09:06:21,701 [grpc-default-executor-5] INFO  client.GrpcClientProtocolClient (GrpcClientProtocolClient.java:onNext(264)) - client-B22ED198845A->f3174d56-9988-40ec-970b-d447ed545dfb: receive RaftClientReply:client-B22ED198845A->f3174d56-9988-40ec-970b-d447ed545dfb@group-47B82E5F6106, cid=707, SUCCESS, logIndex=0, commits[f3174d56-9988-40ec-970b-d447ed545dfb:c884, 3e713ff3-0d17-449f-90fa-609b20cf4c10:c883, 34290298-343f-405c-af97-b2d19041b010:c883]
2019-09-11 09:06:21,724 [grpc-default-executor-4] INFO  client.GrpcClientProtocolClient (GrpcClientProtocolClient.java:onNext(264)) - client-B22ED198845A->f3174d56-9988-40ec-970b-d447ed545dfb: receive RaftClientReply:client-B22ED198845A->f3174d56-9988-40ec-970b-d447ed545dfb@group-47B82E5F6106, cid=708, SUCCESS, logIndex=886, commits[f3174d56-9988-40ec-970b-d447ed545dfb:c887, 3e713ff3-0d17-449f-90fa-609b20cf4c10:c885, 34290298-343f-405c-af97-b2d19041b010:c885]
2019-09-11 09:06:21,725 [grpc-default-executor-4] INFO  client.GrpcClientProtocolClient (GrpcClientProtocolClient.java:onNext(264)) - client-B22ED198845A->f3174d56-9988-40ec-970b-d447ed545dfb: receive RaftClientReply:client-B22ED198845A->f3174d56-9988-40ec-970b-d447ed545dfb@group-47B82E5F6106, cid=709, SUCCESS, logIndex=887, commits[f3174d56-9988-40ec-970b-d447ed545dfb:c889, 3e713ff3-0d17-449f-90fa-609b20cf4c10:c885, 34290298-343f-405c-af97-b2d19041b010:c885]
2019-09-11 09:06:21,726 [grpc-default-executor-4] INFO  client.GrpcClientProtocolClient (GrpcClientProtocolClient.java:onNext(264)) - client-B22ED198845A->f3174d56-9988-40ec-970b-d447ed545dfb: receive RaftClientReply:client-B22ED198845A->f3174d56-9988-40ec-970b-d447ed545dfb@group-47B82E5F6106, cid=710, SUCCESS, logIndex=888, commits[f3174d56-9988-40ec-970b-d447ed545dfb:c890, 3e713ff3-0d17-449f-90fa-609b20cf4c10:c886, 34290298-343f-405c-af97-b2d19041b010:c885]
2019-09-11 09:06:21,727 [grpc-default-executor-1] INFO  client.GrpcClientProtocolClient (GrpcClientProtocolClient.java:onNext(264)) - client-B22ED198845A->f3174d56-9988-40ec-970b-d447ed545dfb: receive RaftClientReply:client-B22ED198845A->f3174d56-9988-40ec-970b-d447ed545dfb@group-47B82E5F6106, cid=711, SUCCESS, logIndex=889, commits[f3174d56-9988-40ec-970b-d447ed545dfb:c890, 3e713ff3-0d17-449f-90fa-609b20cf4c10:c886, 34290298-343f-405c-af97-b2d19041b010:c885]
2019-09-11 09:06:21,728 [grpc-default-executor-1] INFO  client.GrpcClientProtocolClient (GrpcClientProtocolClient.java:onNext(264)) - client-B22ED198845A->f3174d56-9988-40ec-970b-d447ed545dfb: receive RaftClientReply:client-B22ED198845A->f3174d56-9988-40ec-970b-d447ed545dfb@group-47B82E5F6106, cid=712, SUCCESS, logIndex=0, commits[f3174d56-9988-40ec-970b-d447ed545dfb:c893, 3e713ff3-0d17-449f-90fa-609b20cf4c10:c889, 34290298-343f-405c-af97-b2d19041b010:c889]
2019-09-11 09:06:21,750 [grpc-default-executor-4] INFO  client.GrpcClientProtocolClient (GrpcClientProtocolClient.java:onNext(264)) - client-B22ED198845A->f3174d56-9988-40ec-970b-d447ed545dfb: receive RaftClientReply:client-B22ED198845A->f3174d56-9988-40ec-970b-d447ed545dfb@group-47B82E5F6106, cid=713, SUCCESS, logIndex=894, commits[f3174d56-9988-40ec-970b-d447ed545dfb:c895, 3e713ff3-0d17-449f-90fa-609b20cf4c10:c893, 34290298-343f-405c-af97-b2d19041b010:c893]
2019-09-11 09:06:21,750 [grpc-default-executor-4] INFO  client.GrpcClientProtocolClient (GrpcClientProtocolClient.java:onNext(264)) - client-B22ED198845A->f3174d56-9988-40ec-970b-d447ed545dfb: receive RaftClientReply:client-B22ED198845A->f3174d56-9988-40ec-970b-d447ed545dfb@group-47B82E5F6106, cid=714, SUCCESS, logIndex=895, commits[f3174d56-9988-40ec-970b-d447ed545dfb:c895, 3e713ff3-0d17-449f-90fa-609b20cf4c10:c893, 34290298-343f-405c-af97-b2d19041b010:c893]
2019-09-11 09:06:21,764 [grpc-default-executor-0] INFO  client.GrpcClientProtocolClient (GrpcClientProtocolClient.java:onNext(264)) - client-B22ED198845A->f3174d56-9988-40ec-970b-d447ed545dfb: receive RaftClientReply:client-B22ED198845A->f3174d56-9988-40ec-970b-d447ed545dfb@group-47B82E5F6106, cid=715, SUCCESS, logIndex=898, commits[f3174d56-9988-40ec-970b-d447ed545dfb:c899, 3e713ff3-0d17-449f-90fa-609b20cf4c10:c897, 34290298-343f-405c-af97-b2d19041b010:c895]
2019-09-11 09:06:21,765 [grpc-default-executor-0] INFO  client.GrpcClientProtocolClient (GrpcClientProtocolClient.java:onNext(264)) - client-B22ED198845A->f3174d56-9988-40ec-970b-d447ed545dfb: receive RaftClientReply:client-B22ED198845A->f3174d56-9988-40ec-970b-d447ed545dfb@group-47B82E5F6106, cid=716, SUCCESS, logIndex=899, commits[f3174d56-9988-40ec-970b-d447ed545dfb:c899, 3e713ff3-0d17-449f-90fa-609b20cf4c10:c897, 34290298-343f-405c-af97-b2d19041b010:c897]
2019-09-11 09:06:21,767 [grpc-default-executor-1] INFO  client.GrpcClientProtocolClient (GrpcClientProtocolClient.java:onNext(264)) - client-B22ED198845A->f3174d56-9988-40ec-970b-d447ed545dfb: receive RaftClientReply:client-B22ED198845A->f3174d56-9988-40ec-970b-d447ed545dfb@group-47B82E5F6106, cid=717, SUCCESS, logIndex=0, commits[f3174d56-9988-40ec-970b-d447ed545dfb:c901, 3e713ff3-0d17-449f-90fa-609b20cf4c10:c899, 34290298-343f-405c-af97-b2d19041b010:c899]
2019-09-11 09:06:21,791 [grpc-default-executor-1] INFO  client.GrpcClientProtocolClient (GrpcClientProtocolClient.java:onNext(264)) - client-B22ED198845A->f3174d56-9988-40ec-970b-d447ed545dfb: receive RaftClientReply:client-B22ED198845A->f3174d56-9988-40ec-970b-d447ed545dfb@group-47B82E5F6106, cid=718, SUCCESS, logIndex=902, commits[f3174d56-9988-40ec-970b-d447ed545dfb:c903, 3e713ff3-0d17-449f-90fa-609b20cf4c10:c901, 34290298-343f-405c-af97-b2d19041b010:c901]
2019-09-11 09:06:21,791 [grpc-default-executor-1] INFO  client.GrpcClientProtocolClient (GrpcClientProtocolClient.java:onNext(264)) - client-B22ED198845A->f3174d56-9988-40ec-970b-d447ed545dfb: receive RaftClientReply:client-B22ED198845A->f3174d56-9988-40ec-970b-d447ed545dfb@group-47B82E5F6106, cid=719, SUCCESS, logIndex=903, commits[f3174d56-9988-40ec-970b-d447ed545dfb:c905, 3e713ff3-0d17-449f-90fa-609b20cf4c10:c901, 34290298-343f-405c-af97-b2d19041b010:c901]
2019-09-11 09:06:21,792 [grpc-default-executor-1] INFO  client.GrpcClientProtocolClient (GrpcClientProtocolClient.java:onNext(264)) - client-B22ED198845A->f3174d56-9988-40ec-970b-d447ed545dfb: receive RaftClientReply:client-B22ED198845A->f3174d56-9988-40ec-970b-d447ed545dfb@group-47B82E5F6106, cid=720, SUCCESS, logIndex=904, commits[f3174d56-9988-40ec-970b-d447ed545dfb:c905, 3e713ff3-0d17-449f-90fa-609b20cf4c10:c901, 34290298-343f-405c-af97-b2d19041b010:c901]
2019-09-11 09:06:21,792 [grpc-default-executor-1] INFO  client.GrpcClientProtocolClient (GrpcClientProtocolClient.java:onNext(264)) - client-B22ED198845A->f3174d56-9988-40ec-970b-d447ed545dfb: receive RaftClientReply:client-B22ED198845A->f3174d56-9988-40ec-970b-d447ed545dfb@group-47B82E5F6106, cid=721, SUCCESS, logIndex=905, commits[f3174d56-9988-40ec-970b-d447ed545dfb:c905, 3e713ff3-0d17-449f-90fa-609b20cf4c10:c901, 34290298-343f-405c-af97-b2d19041b010:c901]
2019-09-11 09:06:21,793 [grpc-default-executor-1] INFO  client.GrpcClientProtocolClient (GrpcClientProtocolClient.java:onNext(264)) - client-B22ED198845A->f3174d56-9988-40ec-970b-d447ed545dfb: receive RaftClientReply:client-B22ED198845A->f3174d56-9988-40ec-970b-d447ed545dfb@group-47B82E5F6106, cid=722, SUCCESS, logIndex=0, commits[f3174d56-9988-40ec-970b-d447ed545dfb:c906, 3e713ff3-0d17-449f-90fa-609b20cf4c10:c903, 34290298-343f-405c-af97-b2d19041b010:c903]
2019-09-11 09:06:21,815 [grpc-default-executor-1] INFO  client.GrpcClientProtocolClient (GrpcClientProtocolClient.java:onNext(264)) - client-B22ED198845A->f3174d56-9988-40ec-970b-d447ed545dfb: receive RaftClientReply:client-B22ED198845A->f3174d56-9988-40ec-970b-d447ed545dfb@group-47B82E5F6106, cid=723, SUCCESS, logIndex=909, commits[f3174d56-9988-40ec-970b-d447ed545dfb:c910, 3e713ff3-0d17-449f-90fa-609b20cf4c10:c908, 34290298-343f-405c-af97-b2d19041b010:c908]
2019-09-11 09:06:21,815 [grpc-default-executor-1] INFO  client.GrpcClientProtocolClient (GrpcClientProtocolClient.java:onNext(264)) - client-B22ED198845A->f3174d56-9988-40ec-970b-d447ed545dfb: receive RaftClientReply:client-B22ED198845A->f3174d56-9988-40ec-970b-d447ed545dfb@group-47B82E5F6106, cid=724, SUCCESS, logIndex=910, commits[f3174d56-9988-40ec-970b-d447ed545dfb:c910, 3e713ff3-0d17-449f-90fa-609b20cf4c10:c908, 34290298-343f-405c-af97-b2d19041b010:c908]
2019-09-11 09:06:21,828 [grpc-default-executor-1] INFO  client.GrpcClientProtocolClient (GrpcClientProtocolClient.java:onNext(264)) - client-B22ED198845A->f3174d56-9988-40ec-970b-d447ed545dfb: receive RaftClientReply:client-B22ED198845A->f3174d56-9988-40ec-970b-d447ed545dfb@group-47B82E5F6106, cid=725, SUCCESS, logIndex=913, commits[f3174d56-9988-40ec-970b-d447ed545dfb:c914, 3e713ff3-0d17-449f-90fa-609b20cf4c10:c910, 34290298-343f-405c-af97-b2d19041b010:c910]
2019-09-11 09:06:21,829 [grpc-default-executor-1] INFO  client.GrpcClientProtocolClient (GrpcClientProtocolClient.java:onNext(264)) - client-B22ED198845A->f3174d56-9988-40ec-970b-d447ed545dfb: receive RaftClientReply:client-B22ED198845A->f3174d56-9988-40ec-970b-d447ed545dfb@group-47B82E5F6106, cid=726, SUCCESS, logIndex=914, commits[f3174d56-9988-40ec-970b-d447ed545dfb:c914, 3e713ff3-0d17-449f-90fa-609b20cf4c10:c910, 34290298-343f-405c-af97-b2d19041b010:c910]
2019-09-11 09:06:21,831 [grpc-default-executor-4] INFO  client.GrpcClientProtocolClient (GrpcClientProtocolClient.java:onNext(264)) - client-B22ED198845A->f3174d56-9988-40ec-970b-d447ed545dfb: receive RaftClientReply:client-B22ED198845A->f3174d56-9988-40ec-970b-d447ed545dfb@group-47B82E5F6106, cid=727, SUCCESS, logIndex=0, commits[f3174d56-9988-40ec-970b-d447ed545dfb:c915, 3e713ff3-0d17-449f-90fa-609b20cf4c10:c914, 34290298-343f-405c-af97-b2d19041b010:c914]
2019-09-11 09:06:21,852 [grpc-default-executor-4] INFO  client.GrpcClientProtocolClient (GrpcClientProtocolClient.java:onNext(264)) - client-B22ED198845A->f3174d56-9988-40ec-970b-d447ed545dfb: receive RaftClientReply:client-B22ED198845A->f3174d56-9988-40ec-970b-d447ed545dfb@group-47B82E5F6106, cid=728, SUCCESS, logIndex=917, commits[f3174d56-9988-40ec-970b-d447ed545dfb:c918, 3e713ff3-0d17-449f-90fa-609b20cf4c10:c916, 34290298-343f-405c-af97-b2d19041b010:c916]
2019-09-11 09:06:21,852 [grpc-default-executor-4] INFO  client.GrpcClientProtocolClient (GrpcClientProtocolClient.java:onNext(264)) - client-B22ED198845A->f3174d56-9988-40ec-970b-d447ed545dfb: receive RaftClientReply:client-B22ED198845A->f3174d56-9988-40ec-970b-d447ed545dfb@group-47B82E5F6106, cid=729, SUCCESS, logIndex=918, commits[f3174d56-9988-40ec-970b-d447ed545dfb:c920, 3e713ff3-0d17-449f-90fa-609b20cf4c10:c916, 34290298-343f-405c-af97-b2d19041b010:c916]
2019-09-11 09:06:21,853 [grpc-default-executor-4] INFO  client.GrpcClientProtocolClient (GrpcClientProtocolClient.java:onNext(264)) - client-B22ED198845A->f3174d56-9988-40ec-970b-d447ed545dfb: receive RaftClientReply:client-B22ED198845A->f3174d56-9988-40ec-970b-d447ed545dfb@group-47B82E5F6106, cid=730, SUCCESS, logIndex=919, commits[f3174d56-9988-40ec-970b-d447ed545dfb:c920, 3e713ff3-0d17-449f-90fa-609b20cf4c10:c916, 34290298-343f-405c-af97-b2d19041b010:c916]
2019-09-11 09:06:21,853 [grpc-default-executor-4] INFO  client.GrpcClientProtocolClient (GrpcClientProtocolClient.java:onNext(264)) - client-B22ED198845A->f3174d56-9988-40ec-970b-d447ed545dfb: receive RaftClientReply:client-B22ED198845A->f3174d56-9988-40ec-970b-d447ed545dfb@group-47B82E5F6106, cid=731, SUCCESS, logIndex=920, commits[f3174d56-9988-40ec-970b-d447ed545dfb:c920, 3e713ff3-0d17-449f-90fa-609b20cf4c10:c916, 34290298-343f-405c-af97-b2d19041b010:c916]
2019-09-11 09:06:21,855 [grpc-default-executor-4] INFO  client.GrpcClientProtocolClient (GrpcClientProtocolClient.java:onNext(264)) - client-B22ED198845A->f3174d56-9988-40ec-970b-d447ed545dfb: receive RaftClientReply:client-B22ED198845A->f3174d56-9988-40ec-970b-d447ed545dfb@group-47B82E5F6106, cid=732, SUCCESS, logIndex=0, commits[f3174d56-9988-40ec-970b-d447ed545dfb:c923, 3e713ff3-0d17-449f-90fa-609b20cf4c10:c920, 34290298-343f-405c-af97-b2d19041b010:c918]
2019-09-11 09:06:21,875 [grpc-default-executor-4] INFO  client.GrpcClientProtocolClient (GrpcClientProtocolClient.java:onNext(264)) - client-B22ED198845A->f3174d56-9988-40ec-970b-d447ed545dfb: receive RaftClientReply:client-B22ED198845A->f3174d56-9988-40ec-970b-d447ed545dfb@group-47B82E5F6106, cid=733, SUCCESS, logIndex=924, commits[f3174d56-9988-40ec-970b-d447ed545dfb:c925, 3e713ff3-0d17-449f-90fa-609b20cf4c10:c923, 34290298-343f-405c-af97-b2d19041b010:c923]
2019-09-11 09:06:21,876 [grpc-default-executor-4] INFO  client.GrpcClientProtocolClient (GrpcClientProtocolClient.java:onNext(264)) - client-B22ED198845A->f3174d56-9988-40ec-970b-d447ed545dfb: receive RaftClientReply:client-B22ED198845A->f3174d56-9988-40ec-970b-d447ed545dfb@group-47B82E5F6106, cid=734, SUCCESS, logIndex=925, commits[f3174d56-9988-40ec-970b-d447ed545dfb:c925, 3e713ff3-0d17-449f-90fa-609b20cf4c10:c923, 34290298-343f-405c-af97-b2d19041b010:c923]
2019-09-11 09:06:21,892 [grpc-default-executor-1] INFO  client.GrpcClientProtocolClient (GrpcClientProtocolClient.java:onNext(264)) - client-B22ED198845A->f3174d56-9988-40ec-970b-d447ed545dfb: receive RaftClientReply:client-B22ED198845A->f3174d56-9988-40ec-970b-d447ed545dfb@group-47B82E5F6106, cid=735, SUCCESS, logIndex=928, commits[f3174d56-9988-40ec-970b-d447ed545dfb:c929, 3e713ff3-0d17-449f-90fa-609b20cf4c10:c925, 34290298-343f-405c-af97-b2d19041b010:c925]
2019-09-11 09:06:21,893 [grpc-default-executor-1] INFO  client.GrpcClientProtocolClient (GrpcClientProtocolClient.java:onNext(264)) - client-B22ED198845A->f3174d56-9988-40ec-970b-d447ed545dfb: receive RaftClientReply:client-B22ED198845A->f3174d56-9988-40ec-970b-d447ed545dfb@group-47B82E5F6106, cid=736, SUCCESS, logIndex=929, commits[f3174d56-9988-40ec-970b-d447ed545dfb:c929, 3e713ff3-0d17-449f-90fa-609b20cf4c10:c925, 34290298-343f-405c-af97-b2d19041b010:c925]
2019-09-11 09:06:21,904 [grpc-default-executor-1] INFO  client.GrpcClientProtocolClient (GrpcClientProtocolClient.java:onNext(264)) - client-B22ED198845A->f3174d56-9988-40ec-970b-d447ed545dfb: receive RaftClientReply:client-B22ED198845A->f3174d56-9988-40ec-970b-d447ed545dfb@group-47B82E5F6106, cid=737, SUCCESS, logIndex=0, commits[f3174d56-9988-40ec-970b-d447ed545dfb:c930, 3e713ff3-0d17-449f-90fa-609b20cf4c10:c929, 34290298-343f-405c-af97-b2d19041b010:c929]
2019-09-11 09:06:21,924 [grpc-default-executor-1] INFO  client.GrpcClientProtocolClient (GrpcClientProtocolClient.java:onNext(264)) - client-B22ED198845A->f3174d56-9988-40ec-970b-d447ed545dfb: receive RaftClientReply:client-B22ED198845A->f3174d56-9988-40ec-970b-d447ed545dfb@group-47B82E5F6106, cid=738, SUCCESS, logIndex=932, commits[f3174d56-9988-40ec-970b-d447ed545dfb:c933, 3e713ff3-0d17-449f-90fa-609b20cf4c10:c931, 34290298-343f-405c-af97-b2d19041b010:c931]
2019-09-11 09:06:21,925 [grpc-default-executor-1] INFO  client.GrpcClientProtocolClient (GrpcClientProtocolClient.java:onNext(264)) - client-B22ED198845A->f3174d56-9988-40ec-970b-d447ed545dfb: receive RaftClientReply:client-B22ED198845A->f3174d56-9988-40ec-970b-d447ed545dfb@group-47B82E5F6106, cid=739, SUCCESS, logIndex=933, commits[f3174d56-9988-40ec-970b-d447ed545dfb:c935, 3e713ff3-0d17-449f-90fa-609b20cf4c10:c931, 34290298-343f-405c-af97-b2d19041b010:c931]
2019-09-11 09:06:21,925 [grpc-default-executor-1] INFO  client.GrpcClientProtocolClient (GrpcClientProtocolClient.java:onNext(264)) - client-B22ED198845A->f3174d56-9988-40ec-970b-d447ed545dfb: receive RaftClientReply:client-B22ED198845A->f3174d56-9988-40ec-970b-d447ed545dfb@group-47B82E5F6106, cid=740, SUCCESS, logIndex=934, commits[f3174d56-9988-40ec-970b-d447ed545dfb:c935, 3e713ff3-0d17-449f-90fa-609b20cf4c10:c931, 34290298-343f-405c-af97-b2d19041b010:c931]
2019-09-11 09:06:21,926 [grpc-default-executor-1] INFO  client.GrpcClientProtocolClient (GrpcClientProtocolClient.java:onNext(264)) - client-B22ED198845A->f3174d56-9988-40ec-970b-d447ed545dfb: receive RaftClientReply:client-B22ED198845A->f3174d56-9988-40ec-970b-d447ed545dfb@group-47B82E5F6106, cid=741, SUCCESS, logIndex=935, commits[f3174d56-9988-40ec-970b-d447ed545dfb:c935, 3e713ff3-0d17-449f-90fa-609b20cf4c10:c931, 34290298-343f-405c-af97-b2d19041b010:c931]
2019-09-11 09:06:21,928 [grpc-default-executor-1] INFO  client.GrpcClientProtocolClient (GrpcClientProtocolClient.java:onNext(264)) - client-B22ED198845A->f3174d56-9988-40ec-970b-d447ed545dfb: receive RaftClientReply:client-B22ED198845A->f3174d56-9988-40ec-970b-d447ed545dfb@group-47B82E5F6106, cid=742, SUCCESS, logIndex=0, commits[f3174d56-9988-40ec-970b-d447ed545dfb:c939, 3e713ff3-0d17-449f-90fa-609b20cf4c10:c935, 34290298-343f-405c-af97-b2d19041b010:c935]
2019-09-11 09:06:21,949 [grpc-default-executor-5] INFO  client.GrpcClientProtocolClient (GrpcClientProtocolClient.java:onNext(264)) - client-B22ED198845A->f3174d56-9988-40ec-970b-d447ed545dfb: receive RaftClientReply:client-B22ED198845A->f3174d56-9988-40ec-970b-d447ed545dfb@group-47B82E5F6106, cid=743, SUCCESS, logIndex=940, commits[f3174d56-9988-40ec-970b-d447ed545dfb:c941, 3e713ff3-0d17-449f-90fa-609b20cf4c10:c939, 34290298-343f-405c-af97-b2d19041b010:c935]
2019-09-11 09:06:21,950 [grpc-default-executor-5] INFO  client.GrpcClientProtocolClient (GrpcClientProtocolClient.java:onNext(264)) - client-B22ED198845A->f3174d56-9988-40ec-970b-d447ed545dfb: receive RaftClientReply:client-B22ED198845A->f3174d56-9988-40ec-970b-d447ed545dfb@group-47B82E5F6106, cid=744, SUCCESS, logIndex=941, commits[f3174d56-9988-40ec-970b-d447ed545dfb:c941, 3e713ff3-0d17-449f-90fa-609b20cf4c10:c939, 34290298-343f-405c-af97-b2d19041b010:c939]
2019-09-11 09:06:21,968 [grpc-default-executor-5] INFO  client.GrpcClientProtocolClient (GrpcClientProtocolClient.java:onNext(264)) - client-B22ED198845A->f3174d56-9988-40ec-970b-d447ed545dfb: receive RaftClientReply:client-B22ED198845A->f3174d56-9988-40ec-970b-d447ed545dfb@group-47B82E5F6106, cid=745, SUCCESS, logIndex=944, commits[f3174d56-9988-40ec-970b-d447ed545dfb:c945, 3e713ff3-0d17-449f-90fa-609b20cf4c10:c941, 34290298-343f-405c-af97-b2d19041b010:c941]
2019-09-11 09:06:21,968 [grpc-default-executor-5] INFO  client.GrpcClientProtocolClient (GrpcClientProtocolClient.java:onNext(264)) - client-B22ED198845A->f3174d56-9988-40ec-970b-d447ed545dfb: receive RaftClientReply:client-B22ED198845A->f3174d56-9988-40ec-970b-d447ed545dfb@group-47B82E5F6106, cid=746, SUCCESS, logIndex=945, commits[f3174d56-9988-40ec-970b-d447ed545dfb:c945, 3e713ff3-0d17-449f-90fa-609b20cf4c10:c941, 34290298-343f-405c-af97-b2d19041b010:c941]
2019-09-11 09:06:21,970 [grpc-default-executor-4] INFO  client.GrpcClientProtocolClient (GrpcClientProtocolClient.java:onNext(264)) - client-B22ED198845A->f3174d56-9988-40ec-970b-d447ed545dfb: receive RaftClientReply:client-B22ED198845A->f3174d56-9988-40ec-970b-d447ed545dfb@group-47B82E5F6106, cid=747, SUCCESS, logIndex=0, commits[f3174d56-9988-40ec-970b-d447ed545dfb:c947, 3e713ff3-0d17-449f-90fa-609b20cf4c10:c945, 34290298-343f-405c-af97-b2d19041b010:c945]
2019-09-11 09:06:21,986 [grpc-default-executor-0] INFO  client.GrpcClientProtocolClient (GrpcClientProtocolClient.java:onNext(264)) - client-B22ED198845A->f3174d56-9988-40ec-970b-d447ed545dfb: receive RaftClientReply:client-B22ED198845A->f3174d56-9988-40ec-970b-d447ed545dfb@group-47B82E5F6106, cid=748, SUCCESS, logIndex=948, commits[f3174d56-9988-40ec-970b-d447ed545dfb:c949, 3e713ff3-0d17-449f-90fa-609b20cf4c10:c947, 34290298-343f-405c-af97-b2d19041b010:c945]
2019-09-11 09:06:21,987 [grpc-default-executor-0] INFO  client.GrpcClientProtocolClient (GrpcClientProtocolClient.java:onNext(264)) - client-B22ED198845A->f3174d56-9988-40ec-970b-d447ed545dfb: receive RaftClientReply:client-B22ED198845A->f3174d56-9988-40ec-970b-d447ed545dfb@group-47B82E5F6106, cid=749, SUCCESS, logIndex=949, commits[f3174d56-9988-40ec-970b-d447ed545dfb:c949, 3e713ff3-0d17-449f-90fa-609b20cf4c10:c947, 34290298-343f-405c-af97-b2d19041b010:c947]
2019-09-11 09:06:21,987 [grpc-default-executor-0] INFO  client.GrpcClientProtocolClient (GrpcClientProtocolClient.java:onNext(264)) - client-B22ED198845A->f3174d56-9988-40ec-970b-d447ed545dfb: receive RaftClientReply:client-B22ED198845A->f3174d56-9988-40ec-970b-d447ed545dfb@group-47B82E5F6106, cid=750, SUCCESS, logIndex=950, commits[f3174d56-9988-40ec-970b-d447ed545dfb:c951, 3e713ff3-0d17-449f-90fa-609b20cf4c10:c947, 34290298-343f-405c-af97-b2d19041b010:c947]
2019-09-11 09:06:21,987 [grpc-default-executor-0] INFO  client.GrpcClientProtocolClient (GrpcClientProtocolClient.java:onNext(264)) - client-B22ED198845A->f3174d56-9988-40ec-970b-d447ed545dfb: receive RaftClientReply:client-B22ED198845A->f3174d56-9988-40ec-970b-d447ed545dfb@group-47B82E5F6106, cid=751, SUCCESS, logIndex=951, commits[f3174d56-9988-40ec-970b-d447ed545dfb:c952, 3e713ff3-0d17-449f-90fa-609b20cf4c10:c947, 34290298-343f-405c-af97-b2d19041b010:c949]
2019-09-11 09:06:21,989 [grpc-default-executor-1] INFO  client.GrpcClientProtocolClient (GrpcClientProtocolClient.java:onNext(264)) - client-B22ED198845A->f3174d56-9988-40ec-970b-d447ed545dfb: receive RaftClientReply:client-B22ED198845A->f3174d56-9988-40ec-970b-d447ed545dfb@group-47B82E5F6106, cid=752, SUCCESS, logIndex=0, commits[f3174d56-9988-40ec-970b-d447ed545dfb:c953, 3e713ff3-0d17-449f-90fa-609b20cf4c10:c949, 34290298-343f-405c-af97-b2d19041b010:c949]
2019-09-11 09:06:22,000 [grpc-default-executor-1] INFO  client.GrpcClientProtocolClient (GrpcClientProtocolClient.java:onNext(264)) - client-B22ED198845A->f3174d56-9988-40ec-970b-d447ed545dfb: receive RaftClientReply:client-B22ED198845A->f3174d56-9988-40ec-970b-d447ed545dfb@group-47B82E5F6106, cid=753, SUCCESS, logIndex=955, commits[f3174d56-9988-40ec-970b-d447ed545dfb:c956, 3e713ff3-0d17-449f-90fa-609b20cf4c10:c951, 34290298-343f-405c-af97-b2d19041b010:c954]
2019-09-11 09:06:22,000 [grpc-default-executor-1] INFO  client.GrpcClientProtocolClient (GrpcClientProtocolClient.java:onNext(264)) - client-B22ED198845A->f3174d56-9988-40ec-970b-d447ed545dfb: receive RaftClientReply:client-B22ED198845A->f3174d56-9988-40ec-970b-d447ed545dfb@group-47B82E5F6106, cid=754, SUCCESS, logIndex=956, commits[f3174d56-9988-40ec-970b-d447ed545dfb:c956, 3e713ff3-0d17-449f-90fa-609b20cf4c10:c954, 34290298-343f-405c-af97-b2d19041b010:c954]
2019-09-11 09:06:22,012 [grpc-default-executor-0] INFO  client.GrpcClientProtocolClient (GrpcClientProtocolClient.java:onNext(264)) - client-B22ED198845A->f3174d56-9988-40ec-970b-d447ed545dfb: receive RaftClientReply:client-B22ED198845A->f3174d56-9988-40ec-970b-d447ed545dfb@group-47B82E5F6106, cid=755, SUCCESS, logIndex=959, commits[f3174d56-9988-40ec-970b-d447ed545dfb:c960, 3e713ff3-0d17-449f-90fa-609b20cf4c10:c958, 34290298-343f-405c-af97-b2d19041b010:c956]
2019-09-11 09:06:22,012 [grpc-default-executor-0] INFO  client.GrpcClientProtocolClient (GrpcClientProtocolClient.java:onNext(264)) - client-B22ED198845A->f3174d56-9988-40ec-970b-d447ed545dfb: receive RaftClientReply:client-B22ED198845A->f3174d56-9988-40ec-970b-d447ed545dfb@group-47B82E5F6106, cid=756, SUCCESS, logIndex=960, commits[f3174d56-9988-40ec-970b-d447ed545dfb:c960, 3e713ff3-0d17-449f-90fa-609b20cf4c10:c958, 34290298-343f-405c-af97-b2d19041b010:c958]
2019-09-11 09:06:22,014 [grpc-default-executor-1] INFO  client.GrpcClientProtocolClient (GrpcClientProtocolClient.java:onNext(264)) - client-B22ED198845A->f3174d56-9988-40ec-970b-d447ed545dfb: receive RaftClientReply:client-B22ED198845A->f3174d56-9988-40ec-970b-d447ed545dfb@group-47B82E5F6106, cid=757, SUCCESS, logIndex=0, commits[f3174d56-9988-40ec-970b-d447ed545dfb:c961, 3e713ff3-0d17-449f-90fa-609b20cf4c10:c960, 34290298-343f-405c-af97-b2d19041b010:c960]
2019-09-11 09:06:22,025 [grpc-default-executor-1] INFO  client.GrpcClientProtocolClient (GrpcClientProtocolClient.java:onNext(264)) - client-B22ED198845A->f3174d56-9988-40ec-970b-d447ed545dfb: receive RaftClientReply:client-B22ED198845A->f3174d56-9988-40ec-970b-d447ed545dfb@group-47B82E5F6106, cid=758, SUCCESS, logIndex=963, commits[f3174d56-9988-40ec-970b-d447ed545dfb:c964, 3e713ff3-0d17-449f-90fa-609b20cf4c10:c962, 34290298-343f-405c-af97-b2d19041b010:c960]
2019-09-11 09:06:22,025 [grpc-default-executor-1] INFO  client.GrpcClientProtocolClient (GrpcClientProtocolClient.java:onNext(264)) - client-B22ED198845A->f3174d56-9988-40ec-970b-d447ed545dfb: receive RaftClientReply:client-B22ED198845A->f3174d56-9988-40ec-970b-d447ed545dfb@group-47B82E5F6106, cid=759, SUCCESS, logIndex=964, commits[f3174d56-9988-40ec-970b-d447ed545dfb:c964, 3e713ff3-0d17-449f-90fa-609b20cf4c10:c962, 34290298-343f-405c-af97-b2d19041b010:c960]
2019-09-11 09:06:22,028 [grpc-default-executor-0] INFO  client.GrpcClientProtocolClient (GrpcClientProtocolClient.java:onNext(264)) - client-B22ED198845A->f3174d56-9988-40ec-970b-d447ed545dfb: receive RaftClientReply:client-B22ED198845A->f3174d56-9988-40ec-970b-d447ed545dfb@group-47B82E5F6106, cid=760, SUCCESS, logIndex=965, commits[f3174d56-9988-40ec-970b-d447ed545dfb:c966, 3e713ff3-0d17-449f-90fa-609b20cf4c10:c962, 34290298-343f-405c-af97-b2d19041b010:c962]
2019-09-11 09:06:22,028 [grpc-default-executor-0] INFO  client.GrpcClientProtocolClient (GrpcClientProtocolClient.java:onNext(264)) - client-B22ED198845A->f3174d56-9988-40ec-970b-d447ed545dfb: receive RaftClientReply:client-B22ED198845A->f3174d56-9988-40ec-970b-d447ed545dfb@group-47B82E5F6106, cid=761, SUCCESS, logIndex=966, commits[f3174d56-9988-40ec-970b-d447ed545dfb:c967, 3e713ff3-0d17-449f-90fa-609b20cf4c10:c964, 34290298-343f-405c-af97-b2d19041b010:c964]
2019-09-11 09:06:22,047 [grpc-default-executor-0] INFO  client.GrpcClientProtocolClient (GrpcClientProtocolClient.java:onNext(264)) - client-B22ED198845A->f3174d56-9988-40ec-970b-d447ed545dfb: receive RaftClientReply:client-B22ED198845A->f3174d56-9988-40ec-970b-d447ed545dfb@group-47B82E5F6106, cid=762, SUCCESS, logIndex=971, commits[f3174d56-9988-40ec-970b-d447ed545dfb:c972, 3e713ff3-0d17-449f-90fa-609b20cf4c10:c966, 34290298-343f-405c-af97-b2d19041b010:c970]
2019-09-11 09:06:22,048 [grpc-default-executor-0] INFO  client.GrpcClientProtocolClient (GrpcClientProtocolClient.java:onNext(264)) - client-B22ED198845A->f3174d56-9988-40ec-970b-d447ed545dfb: receive RaftClientReply:client-B22ED198845A->f3174d56-9988-40ec-970b-d447ed545dfb@group-47B82E5F6106, cid=763, SUCCESS, logIndex=972, commits[f3174d56-9988-40ec-970b-d447ed545dfb:c972, 3e713ff3-0d17-449f-90fa-609b20cf4c10:c970, 34290298-343f-405c-af97-b2d19041b010:c970]
2019-09-11 09:06:22,074 [grpc-default-executor-0] INFO  client.GrpcClientProtocolClient (GrpcClientProtocolClient.java:onNext(264)) - client-B22ED198845A->f3174d56-9988-40ec-970b-d447ed545dfb: receive RaftClientReply:client-B22ED198845A->f3174d56-9988-40ec-970b-d447ed545dfb@group-47B82E5F6106, cid=764, SUCCESS, logIndex=975, commits[f3174d56-9988-40ec-970b-d447ed545dfb:c976, 3e713ff3-0d17-449f-90fa-609b20cf4c10:c974, 34290298-343f-405c-af97-b2d19041b010:c974]
2019-09-11 09:06:22,074 [grpc-default-executor-0] INFO  client.GrpcClientProtocolClient (GrpcClientProtocolClient.java:onNext(264)) - client-B22ED198845A->f3174d56-9988-40ec-970b-d447ed545dfb: receive RaftClientReply:client-B22ED198845A->f3174d56-9988-40ec-970b-d447ed545dfb@group-47B82E5F6106, cid=765, SUCCESS, logIndex=976, commits[f3174d56-9988-40ec-970b-d447ed545dfb:c976, 3e713ff3-0d17-449f-90fa-609b20cf4c10:c974, 34290298-343f-405c-af97-b2d19041b010:c974]
2019-09-11 09:06:22,086 [grpc-default-executor-0] INFO  client.GrpcClientProtocolClient (GrpcClientProtocolClient.java:onNext(264)) - client-B22ED198845A->f3174d56-9988-40ec-970b-d447ed545dfb: receive RaftClientReply:client-B22ED198845A->f3174d56-9988-40ec-970b-d447ed545dfb@group-47B82E5F6106, cid=766, SUCCESS, logIndex=0, commits[f3174d56-9988-40ec-970b-d447ed545dfb:c977, 3e713ff3-0d17-449f-90fa-609b20cf4c10:c976, 34290298-343f-405c-af97-b2d19041b010:c976]
2019-09-11 09:06:22,104 [grpc-default-executor-1] INFO  client.GrpcClientProtocolClient (GrpcClientProtocolClient.java:onNext(264)) - client-B22ED198845A->f3174d56-9988-40ec-970b-d447ed545dfb: receive RaftClientReply:client-B22ED198845A->f3174d56-9988-40ec-970b-d447ed545dfb@group-47B82E5F6106, cid=767, SUCCESS, logIndex=979, commits[f3174d56-9988-40ec-970b-d447ed545dfb:c981, 3e713ff3-0d17-449f-90fa-609b20cf4c10:c978, 34290298-343f-405c-af97-b2d19041b010:c978]
2019-09-11 09:06:22,105 [grpc-default-executor-1] INFO  client.GrpcClientProtocolClient (GrpcClientProtocolClient.java:onNext(264)) - client-B22ED198845A->f3174d56-9988-40ec-970b-d447ed545dfb: receive RaftClientReply:client-B22ED198845A->f3174d56-9988-40ec-970b-d447ed545dfb@group-47B82E5F6106, cid=768, SUCCESS, logIndex=980, commits[f3174d56-9988-40ec-970b-d447ed545dfb:c982, 3e713ff3-0d17-449f-90fa-609b20cf4c10:c978, 34290298-343f-405c-af97-b2d19041b010:c978]
2019-09-11 09:06:22,105 [grpc-default-executor-1] INFO  client.GrpcClientProtocolClient (GrpcClientProtocolClient.java:onNext(264)) - client-B22ED198845A->f3174d56-9988-40ec-970b-d447ed545dfb: receive RaftClientReply:client-B22ED198845A->f3174d56-9988-40ec-970b-d447ed545dfb@group-47B82E5F6106, cid=769, SUCCESS, logIndex=981, commits[f3174d56-9988-40ec-970b-d447ed545dfb:c982, 3e713ff3-0d17-449f-90fa-609b20cf4c10:c978, 34290298-343f-405c-af97-b2d19041b010:c978]
2019-09-11 09:06:22,105 [grpc-default-executor-1] INFO  client.GrpcClientProtocolClient (GrpcClientProtocolClient.java:onNext(264)) - client-B22ED198845A->f3174d56-9988-40ec-970b-d447ed545dfb: receive RaftClientReply:client-B22ED198845A->f3174d56-9988-40ec-970b-d447ed545dfb@group-47B82E5F6106, cid=770, SUCCESS, logIndex=982, commits[f3174d56-9988-40ec-970b-d447ed545dfb:c982, 3e713ff3-0d17-449f-90fa-609b20cf4c10:c978, 34290298-343f-405c-af97-b2d19041b010:c978]
2019-09-11 09:06:22,108 [grpc-default-executor-4] INFO  client.GrpcClientProtocolClient (GrpcClientProtocolClient.java:onNext(264)) - client-B22ED198845A->f3174d56-9988-40ec-970b-d447ed545dfb: receive RaftClientReply:client-B22ED198845A->f3174d56-9988-40ec-970b-d447ed545dfb@group-47B82E5F6106, cid=771, SUCCESS, logIndex=0, commits[f3174d56-9988-40ec-970b-d447ed545dfb:c984, 3e713ff3-0d17-449f-90fa-609b20cf4c10:c980, 34290298-343f-405c-af97-b2d19041b010:c980]
2019-09-11 09:06:22,128 [grpc-default-executor-4] INFO  client.GrpcClientProtocolClient (GrpcClientProtocolClient.java:onNext(264)) - client-B22ED198845A->f3174d56-9988-40ec-970b-d447ed545dfb: receive RaftClientReply:client-B22ED198845A->f3174d56-9988-40ec-970b-d447ed545dfb@group-47B82E5F6106, cid=772, SUCCESS, logIndex=987, commits[f3174d56-9988-40ec-970b-d447ed545dfb:c988, 3e713ff3-0d17-449f-90fa-609b20cf4c10:c986, 34290298-343f-405c-af97-b2d19041b010:c986]
2019-09-11 09:06:22,128 [grpc-default-executor-4] INFO  client.GrpcClientProtocolClient (GrpcClientProtocolClient.java:onNext(264)) - client-B22ED198845A->f3174d56-9988-40ec-970b-d447ed545dfb: receive RaftClientReply:client-B22ED198845A->f3174d56-9988-40ec-970b-d447ed545dfb@group-47B82E5F6106, cid=773, SUCCESS, logIndex=988, commits[f3174d56-9988-40ec-970b-d447ed545dfb:c988, 3e713ff3-0d17-449f-90fa-609b20cf4c10:c986, 34290298-343f-405c-af97-b2d19041b010:c986]
2019-09-11 09:06:22,141 [grpc-default-executor-1] INFO  client.GrpcClientProtocolClient (GrpcClientProtocolClient.java:onNext(264)) - client-B22ED198845A->f3174d56-9988-40ec-970b-d447ed545dfb: receive RaftClientReply:client-B22ED198845A->f3174d56-9988-40ec-970b-d447ed545dfb@group-47B82E5F6106, cid=774, SUCCESS, logIndex=991, commits[f3174d56-9988-40ec-970b-d447ed545dfb:c992, 3e713ff3-0d17-449f-90fa-609b20cf4c10:c988, 34290298-343f-405c-af97-b2d19041b010:c988]
2019-09-11 09:06:22,141 [grpc-default-executor-1] INFO  client.GrpcClientProtocolClient (GrpcClientProtocolClient.java:onNext(264)) - client-B22ED198845A->f3174d56-9988-40ec-970b-d447ed545dfb: receive RaftClientReply:client-B22ED198845A->f3174d56-9988-40ec-970b-d447ed545dfb@group-47B82E5F6106, cid=775, SUCCESS, logIndex=992, commits[f3174d56-9988-40ec-970b-d447ed545dfb:c992, 3e713ff3-0d17-449f-90fa-609b20cf4c10:c988, 34290298-343f-405c-af97-b2d19041b010:c988]
2019-09-11 09:06:22,153 [grpc-default-executor-1] INFO  client.GrpcClientProtocolClient (GrpcClientProtocolClient.java:onNext(264)) - client-B22ED198845A->f3174d56-9988-40ec-970b-d447ed545dfb: receive RaftClientReply:client-B22ED198845A->f3174d56-9988-40ec-970b-d447ed545dfb@group-47B82E5F6106, cid=776, SUCCESS, logIndex=0, commits[f3174d56-9988-40ec-970b-d447ed545dfb:c994, 3e713ff3-0d17-449f-90fa-609b20cf4c10:c992, 34290298-343f-405c-af97-b2d19041b010:c992]
 0.00% |█                                                                                                    |  0/1 Time: 0:00:022019-09-11 09:06:22,394 [grpc-default-executor-1] INFO  client.GrpcClientProtocolClient (GrpcClientProtocolClient.java:onNext(264)) - client-B22ED198845A->f3174d56-9988-40ec-970b-d447ed545dfb: receive RaftClientReply:client-B22ED198845A->f3174d56-9988-40ec-970b-d447ed545dfb@group-47B82E5F6106, cid=777, SUCCESS, logIndex=995, commits[f3174d56-9988-40ec-970b-d447ed545dfb:c996, 3e713ff3-0d17-449f-90fa-609b20cf4c10:c994, 34290298-343f-405c-af97-b2d19041b010:c994]
2019-09-11 09:06:22,396 [grpc-default-executor-1] INFO  client.GrpcClientProtocolClient (GrpcClientProtocolClient.java:onNext(264)) - client-B22ED198845A->f3174d56-9988-40ec-970b-d447ed545dfb: receive RaftClientReply:client-B22ED198845A->f3174d56-9988-40ec-970b-d447ed545dfb@group-47B82E5F6106, cid=778, SUCCESS, logIndex=996, commits[f3174d56-9988-40ec-970b-d447ed545dfb:c997, 3e713ff3-0d17-449f-90fa-609b20cf4c10:c994, 34290298-343f-405c-af97-b2d19041b010:c994]
2019-09-11 09:06:22,397 [grpc-default-executor-5] INFO  client.GrpcClientProtocolClient (GrpcClientProtocolClient.java:onNext(264)) - client-B22ED198845A->f3174d56-9988-40ec-970b-d447ed545dfb: receive RaftClientReply:client-B22ED198845A->f3174d56-9988-40ec-970b-d447ed545dfb@group-47B82E5F6106, cid=779, SUCCESS, logIndex=997, commits[f3174d56-9988-40ec-970b-d447ed545dfb:c998, 3e713ff3-0d17-449f-90fa-609b20cf4c10:c994, 34290298-343f-405c-af97-b2d19041b010:c994]
2019-09-11 09:06:22,397 [grpc-default-executor-5] INFO  client.GrpcClientProtocolClient (GrpcClientProtocolClient.java:onNext(264)) - client-B22ED198845A->f3174d56-9988-40ec-970b-d447ed545dfb: receive RaftClientReply:client-B22ED198845A->f3174d56-9988-40ec-970b-d447ed545dfb@group-47B82E5F6106, cid=780, SUCCESS, logIndex=998, commits[f3174d56-9988-40ec-970b-d447ed545dfb:c998, 3e713ff3-0d17-449f-90fa-609b20cf4c10:c994, 34290298-343f-405c-af97-b2d19041b010:c994]
2019-09-11 09:06:22,398 [grpc-default-executor-5] INFO  client.GrpcClientProtocolClient (GrpcClientProtocolClient.java:onNext(264)) - client-B22ED198845A->f3174d56-9988-40ec-970b-d447ed545dfb: receive RaftClientReply:client-B22ED198845A->f3174d56-9988-40ec-970b-d447ed545dfb@group-47B82E5F6106, cid=781, SUCCESS, logIndex=0, commits[f3174d56-9988-40ec-970b-d447ed545dfb:c1002, 3e713ff3-0d17-449f-90fa-609b20cf4c10:c998, 34290298-343f-405c-af97-b2d19041b010:c998]
2019-09-11 09:06:22,419 [grpc-default-executor-5] INFO  client.GrpcClientProtocolClient (GrpcClientProtocolClient.java:onNext(264)) - client-B22ED198845A->f3174d56-9988-40ec-970b-d447ed545dfb: receive RaftClientReply:client-B22ED198845A->f3174d56-9988-40ec-970b-d447ed545dfb@group-47B82E5F6106, cid=782, SUCCESS, logIndex=1003, commits[f3174d56-9988-40ec-970b-d447ed545dfb:c1004, 3e713ff3-0d17-449f-90fa-609b20cf4c10:c1002, 34290298-343f-405c-af97-b2d19041b010:c1002]
2019-09-11 09:06:22,419 [grpc-default-executor-5] INFO  client.GrpcClientProtocolClient (GrpcClientProtocolClient.java:onNext(264)) - client-B22ED198845A->f3174d56-9988-40ec-970b-d447ed545dfb: receive RaftClientReply:client-B22ED198845A->f3174d56-9988-40ec-970b-d447ed545dfb@group-47B82E5F6106, cid=783, SUCCESS, logIndex=1004, commits[f3174d56-9988-40ec-970b-d447ed545dfb:c1004, 3e713ff3-0d17-449f-90fa-609b20cf4c10:c1002, 34290298-343f-405c-af97-b2d19041b010:c1002]
2019-09-11 09:06:22,434 [grpc-default-executor-4] INFO  client.GrpcClientProtocolClient (GrpcClientProtocolClient.java:onNext(264)) - client-B22ED198845A->f3174d56-9988-40ec-970b-d447ed545dfb: receive RaftClientReply:client-B22ED198845A->f3174d56-9988-40ec-970b-d447ed545dfb@group-47B82E5F6106, cid=784, SUCCESS, logIndex=1007, commits[f3174d56-9988-40ec-970b-d447ed545dfb:c1008, 3e713ff3-0d17-449f-90fa-609b20cf4c10:c1004, 34290298-343f-405c-af97-b2d19041b010:c1004]
2019-09-11 09:06:22,434 [grpc-default-executor-4] INFO  client.GrpcClientProtocolClient (GrpcClientProtocolClient.java:onNext(264)) - client-B22ED198845A->f3174d56-9988-40ec-970b-d447ed545dfb: receive RaftClientReply:client-B22ED198845A->f3174d56-9988-40ec-970b-d447ed545dfb@group-47B82E5F6106, cid=785, SUCCESS, logIndex=1008, commits[f3174d56-9988-40ec-970b-d447ed545dfb:c1008, 3e713ff3-0d17-449f-90fa-609b20cf4c10:c1004, 34290298-343f-405c-af97-b2d19041b010:c1004]
2019-09-11 09:06:22,447 [grpc-default-executor-1] INFO  client.GrpcClientProtocolClient (GrpcClientProtocolClient.java:onNext(264)) - client-B22ED198845A->f3174d56-9988-40ec-970b-d447ed545dfb: receive RaftClientReply:client-B22ED198845A->f3174d56-9988-40ec-970b-d447ed545dfb@group-47B82E5F6106, cid=786, SUCCESS, logIndex=0, commits[f3174d56-9988-40ec-970b-d447ed545dfb:c1010, 3e713ff3-0d17-449f-90fa-609b20cf4c10:c1008, 34290298-343f-405c-af97-b2d19041b010:c1008]
2019-09-11 09:06:22,470 [grpc-default-executor-0] INFO  client.GrpcClientProtocolClient (GrpcClientProtocolClient.java:onNext(264)) - client-B22ED198845A->f3174d56-9988-40ec-970b-d447ed545dfb: receive RaftClientReply:client-B22ED198845A->f3174d56-9988-40ec-970b-d447ed545dfb@group-47B82E5F6106, cid=787, SUCCESS, logIndex=1011, commits[f3174d56-9988-40ec-970b-d447ed545dfb:c1014, 3e713ff3-0d17-449f-90fa-609b20cf4c10:c1010, 34290298-343f-405c-af97-b2d19041b010:c1010]
2019-09-11 09:06:22,472 [grpc-default-executor-0] INFO  client.GrpcClientProtocolClient (GrpcClientProtocolClient.java:onNext(264)) - client-B22ED198845A->f3174d56-9988-40ec-970b-d447ed545dfb: receive RaftClientReply:client-B22ED198845A->f3174d56-9988-40ec-970b-d447ed545dfb@group-47B82E5F6106, cid=788, SUCCESS, logIndex=1012, commits[f3174d56-9988-40ec-970b-d447ed545dfb:c1014, 3e713ff3-0d17-449f-90fa-609b20cf4c10:c1010, 34290298-343f-405c-af97-b2d19041b010:c1010]
2019-09-11 09:06:22,472 [grpc-default-executor-0] INFO  client.GrpcClientProtocolClient (GrpcClientProtocolClient.java:onNext(264)) - client-B22ED198845A->f3174d56-9988-40ec-970b-d447ed545dfb: receive RaftClientReply:client-B22ED198845A->f3174d56-9988-40ec-970b-d447ed545dfb@group-47B82E5F6106, cid=789, SUCCESS, logIndex=1013, commits[f3174d56-9988-40ec-970b-d447ed545dfb:c1014, 3e713ff3-0d17-449f-90fa-609b20cf4c10:c1010, 34290298-343f-405c-af97-b2d19041b010:c1010]
2019-09-11 09:06:22,472 [grpc-default-executor-0] INFO  client.GrpcClientProtocolClient (GrpcClientProtocolClient.java:onNext(264)) - client-B22ED198845A->f3174d56-9988-40ec-970b-d447ed545dfb: receive RaftClientReply:client-B22ED198845A->f3174d56-9988-40ec-970b-d447ed545dfb@group-47B82E5F6106, cid=790, SUCCESS, logIndex=1014, commits[f3174d56-9988-40ec-970b-d447ed545dfb:c1014, 3e713ff3-0d17-449f-90fa-609b20cf4c10:c1010, 34290298-343f-405c-af97-b2d19041b010:c1010]
2019-09-11 09:06:22,481 [grpc-default-executor-0] INFO  client.GrpcClientProtocolClient (GrpcClientProtocolClient.java:onNext(264)) - client-B22ED198845A->f3174d56-9988-40ec-970b-d447ed545dfb: receive RaftClientReply:client-B22ED198845A->f3174d56-9988-40ec-970b-d447ed545dfb@group-47B82E5F6106, cid=791, SUCCESS, logIndex=0, commits[f3174d56-9988-40ec-970b-d447ed545dfb:c1015, 3e713ff3-0d17-449f-90fa-609b20cf4c10:c1013, 34290298-343f-405c-af97-b2d19041b010:c1013]
2019-09-11 09:06:22,503 [grpc-default-executor-0] INFO  client.GrpcClientProtocolClient (GrpcClientProtocolClient.java:onNext(264)) - client-B22ED198845A->f3174d56-9988-40ec-970b-d447ed545dfb: receive RaftClientReply:client-B22ED198845A->f3174d56-9988-40ec-970b-d447ed545dfb@group-47B82E5F6106, cid=792, SUCCESS, logIndex=1018, commits[f3174d56-9988-40ec-970b-d447ed545dfb:c1019, 3e713ff3-0d17-449f-90fa-609b20cf4c10:c1017, 34290298-343f-405c-af97-b2d19041b010:c1017]
2019-09-11 09:06:22,503 [grpc-default-executor-0] INFO  client.GrpcClientProtocolClient (GrpcClientProtocolClient.java:onNext(264)) - client-B22ED198845A->f3174d56-9988-40ec-970b-d447ed545dfb: receive RaftClientReply:client-B22ED198845A->f3174d56-9988-40ec-970b-d447ed545dfb@group-47B82E5F6106, cid=793, SUCCESS, logIndex=1019, commits[f3174d56-9988-40ec-970b-d447ed545dfb:c1019, 3e713ff3-0d17-449f-90fa-609b20cf4c10:c1017, 34290298-343f-405c-af97-b2d19041b010:c1017]
2019-09-11 09:06:22,516 [grpc-default-executor-4] INFO  client.GrpcClientProtocolClient (GrpcClientProtocolClient.java:onNext(264)) - client-B22ED198845A->f3174d56-9988-40ec-970b-d447ed545dfb: receive RaftClientReply:client-B22ED198845A->f3174d56-9988-40ec-970b-d447ed545dfb@group-47B82E5F6106, cid=794, SUCCESS, logIndex=1022, commits[f3174d56-9988-40ec-970b-d447ed545dfb:c1022, 3e713ff3-0d17-449f-90fa-609b20cf4c10:c1019, 34290298-343f-405c-af97-b2d19041b010:c1019]
2019-09-11 09:06:22,516 [grpc-default-executor-4] INFO  client.GrpcClientProtocolClient (GrpcClientProtocolClient.java:onNext(264)) - client-B22ED198845A->f3174d56-9988-40ec-970b-d447ed545dfb: receive RaftClientReply:client-B22ED198845A->f3174d56-9988-40ec-970b-d447ed545dfb@group-47B82E5F6106, cid=795, SUCCESS, logIndex=1023, commits[f3174d56-9988-40ec-970b-d447ed545dfb:c1023, 3e713ff3-0d17-449f-90fa-609b20cf4c10:c1019, 34290298-343f-405c-af97-b2d19041b010:c1019]
2019-09-11 09:06:22,529 [grpc-default-executor-1] INFO  client.GrpcClientProtocolClient (GrpcClientProtocolClient.java:onNext(264)) - client-B22ED198845A->f3174d56-9988-40ec-970b-d447ed545dfb: receive RaftClientReply:client-B22ED198845A->f3174d56-9988-40ec-970b-d447ed545dfb@group-47B82E5F6106, cid=796, SUCCESS, logIndex=0, commits[f3174d56-9988-40ec-970b-d447ed545dfb:c1025, 3e713ff3-0d17-449f-90fa-609b20cf4c10:c1023, 34290298-343f-405c-af97-b2d19041b010:c1023]
2019-09-11 09:06:22,541 [grpc-default-executor-4] INFO  client.GrpcClientProtocolClient (GrpcClientProtocolClient.java:onNext(264)) - client-B22ED198845A->f3174d56-9988-40ec-970b-d447ed545dfb: receive RaftClientReply:client-B22ED198845A->f3174d56-9988-40ec-970b-d447ed545dfb@group-47B82E5F6106, cid=797, SUCCESS, logIndex=1026, commits[f3174d56-9988-40ec-970b-d447ed545dfb:c1027, 3e713ff3-0d17-449f-90fa-609b20cf4c10:c1025, 34290298-343f-405c-af97-b2d19041b010:c1025]
2019-09-11 09:06:22,541 [grpc-default-executor-4] INFO  client.GrpcClientProtocolClient (GrpcClientProtocolClient.java:onNext(264)) - client-B22ED198845A->f3174d56-9988-40ec-970b-d447ed545dfb: receive RaftClientReply:client-B22ED198845A->f3174d56-9988-40ec-970b-d447ed545dfb@group-47B82E5F6106, cid=798, SUCCESS, logIndex=1027, commits[f3174d56-9988-40ec-970b-d447ed545dfb:c1027, 3e713ff3-0d17-449f-90fa-609b20cf4c10:c1025, 34290298-343f-405c-af97-b2d19041b010:c1025]
2019-09-11 09:06:22,543 [grpc-default-executor-1] INFO  client.GrpcClientProtocolClient (GrpcClientProtocolClient.java:onNext(264)) - client-B22ED198845A->f3174d56-9988-40ec-970b-d447ed545dfb: receive RaftClientReply:client-B22ED198845A->f3174d56-9988-40ec-970b-d447ed545dfb@group-47B82E5F6106, cid=799, SUCCESS, logIndex=1028, commits[f3174d56-9988-40ec-970b-d447ed545dfb:c1030, 3e713ff3-0d17-449f-90fa-609b20cf4c10:c1027, 34290298-343f-405c-af97-b2d19041b010:c1025]
2019-09-11 09:06:22,543 [grpc-default-executor-1] INFO  client.GrpcClientProtocolClient (GrpcClientProtocolClient.java:onNext(264)) - client-B22ED198845A->f3174d56-9988-40ec-970b-d447ed545dfb: receive RaftClientReply:client-B22ED198845A->f3174d56-9988-40ec-970b-d447ed545dfb@group-47B82E5F6106, cid=800, SUCCESS, logIndex=1029, commits[f3174d56-9988-40ec-970b-d447ed545dfb:c1031, 3e713ff3-0d17-449f-90fa-609b20cf4c10:c1027, 34290298-343f-405c-af97-b2d19041b010:c1027]
2019-09-11 09:06:22,553 [grpc-default-executor-4] INFO  client.GrpcClientProtocolClient (GrpcClientProtocolClient.java:onNext(264)) - client-B22ED198845A->f3174d56-9988-40ec-970b-d447ed545dfb: receive RaftClientReply:client-B22ED198845A->f3174d56-9988-40ec-970b-d447ed545dfb@group-47B82E5F6106, cid=801, SUCCESS, logIndex=1034, commits[f3174d56-9988-40ec-970b-d447ed545dfb:c1035, 3e713ff3-0d17-449f-90fa-609b20cf4c10:c1033, 34290298-343f-405c-af97-b2d19041b010:c1030]
2019-09-11 09:06:22,554 [grpc-default-executor-4] INFO  client.GrpcClientProtocolClient (GrpcClientProtocolClient.java:onNext(264)) - client-B22ED198845A->f3174d56-9988-40ec-970b-d447ed545dfb: receive RaftClientReply:client-B22ED198845A->f3174d56-9988-40ec-970b-d447ed545dfb@group-47B82E5F6106, cid=802, SUCCESS, logIndex=1035, commits[f3174d56-9988-40ec-970b-d447ed545dfb:c1035, 3e713ff3-0d17-449f-90fa-609b20cf4c10:c1033, 34290298-343f-405c-af97-b2d19041b010:c1030]
2019-09-11 09:06:22,567 [grpc-default-executor-4] INFO  client.GrpcClientProtocolClient (GrpcClientProtocolClient.java:onNext(264)) - client-B22ED198845A->f3174d56-9988-40ec-970b-d447ed545dfb: receive RaftClientReply:client-B22ED198845A->f3174d56-9988-40ec-970b-d447ed545dfb@group-47B82E5F6106, cid=803, SUCCESS, logIndex=1038, commits[f3174d56-9988-40ec-970b-d447ed545dfb:c1039, 3e713ff3-0d17-449f-90fa-609b20cf4c10:c1037, 34290298-343f-405c-af97-b2d19041b010:c1037]
2019-09-11 09:06:22,567 [grpc-default-executor-4] INFO  client.GrpcClientProtocolClient (GrpcClientProtocolClient.java:onNext(264)) - client-B22ED198845A->f3174d56-9988-40ec-970b-d447ed545dfb: receive RaftClientReply:client-B22ED198845A->f3174d56-9988-40ec-970b-d447ed545dfb@group-47B82E5F6106, cid=804, SUCCESS, logIndex=1039, commits[f3174d56-9988-40ec-970b-d447ed545dfb:c1039, 3e713ff3-0d17-449f-90fa-609b20cf4c10:c1037, 34290298-343f-405c-af97-b2d19041b010:c1037]
2019-09-11 09:06:22,570 [grpc-default-executor-4] INFO  client.GrpcClientProtocolClient (GrpcClientProtocolClient.java:onNext(264)) - client-B22ED198845A->f3174d56-9988-40ec-970b-d447ed545dfb: receive RaftClientReply:client-B22ED198845A->f3174d56-9988-40ec-970b-d447ed545dfb@group-47B82E5F6106, cid=805, SUCCESS, logIndex=0, commits[f3174d56-9988-40ec-970b-d447ed545dfb:c1041, 3e713ff3-0d17-449f-90fa-609b20cf4c10:c1039, 34290298-343f-405c-af97-b2d19041b010:c1039]
2019-09-11 09:06:22,583 [grpc-default-executor-1] INFO  client.GrpcClientProtocolClient (GrpcClientProtocolClient.java:onNext(264)) - client-B22ED198845A->f3174d56-9988-40ec-970b-d447ed545dfb: receive RaftClientReply:client-B22ED198845A->f3174d56-9988-40ec-970b-d447ed545dfb@group-47B82E5F6106, cid=806, SUCCESS, logIndex=1042, commits[f3174d56-9988-40ec-970b-d447ed545dfb:c1043, 3e713ff3-0d17-449f-90fa-609b20cf4c10:c1041, 34290298-343f-405c-af97-b2d19041b010:c1041]
2019-09-11 09:06:22,584 [grpc-default-executor-0] INFO  client.GrpcClientProtocolClient (GrpcClientProtocolClient.java:onNext(264)) - client-B22ED198845A->f3174d56-9988-40ec-970b-d447ed545dfb: receive RaftClientReply:client-B22ED198845A->f3174d56-9988-40ec-970b-d447ed545dfb@group-47B82E5F6106, cid=807, SUCCESS, logIndex=1043, commits[f3174d56-9988-40ec-970b-d447ed545dfb:c1043, 3e713ff3-0d17-449f-90fa-609b20cf4c10:c1041, 34290298-343f-405c-af97-b2d19041b010:c1041]
2019-09-11 09:06:22,584 [grpc-default-executor-0] INFO  client.GrpcClientProtocolClient (GrpcClientProtocolClient.java:onNext(264)) - client-B22ED198845A->f3174d56-9988-40ec-970b-d447ed545dfb: receive RaftClientReply:client-B22ED198845A->f3174d56-9988-40ec-970b-d447ed545dfb@group-47B82E5F6106, cid=808, SUCCESS, logIndex=1044, commits[f3174d56-9988-40ec-970b-d447ed545dfb:c1045, 3e713ff3-0d17-449f-90fa-609b20cf4c10:c1041, 34290298-343f-405c-af97-b2d19041b010:c1041]
2019-09-11 09:06:22,584 [grpc-default-executor-4] INFO  client.GrpcClientProtocolClient (GrpcClientProtocolClient.java:onNext(264)) - client-B22ED198845A->f3174d56-9988-40ec-970b-d447ed545dfb: receive RaftClientReply:client-B22ED198845A->f3174d56-9988-40ec-970b-d447ed545dfb@group-47B82E5F6106, cid=809, SUCCESS, logIndex=1045, commits[f3174d56-9988-40ec-970b-d447ed545dfb:c1045, 3e713ff3-0d17-449f-90fa-609b20cf4c10:c1041, 34290298-343f-405c-af97-b2d19041b010:c1041]
2019-09-11 09:06:22,586 [grpc-default-executor-0] INFO  client.GrpcClientProtocolClient (GrpcClientProtocolClient.java:onNext(264)) - client-B22ED198845A->f3174d56-9988-40ec-970b-d447ed545dfb: receive RaftClientReply:client-B22ED198845A->f3174d56-9988-40ec-970b-d447ed545dfb@group-47B82E5F6106, cid=810, SUCCESS, logIndex=0, commits[f3174d56-9988-40ec-970b-d447ed545dfb:c1047, 3e713ff3-0d17-449f-90fa-609b20cf4c10:c1043, 34290298-343f-405c-af97-b2d19041b010:c1043]
2019-09-11 09:06:22,596 [grpc-default-executor-1] INFO  client.GrpcClientProtocolClient (GrpcClientProtocolClient.java:onNext(264)) - client-B22ED198845A->f3174d56-9988-40ec-970b-d447ed545dfb: receive RaftClientReply:client-B22ED198845A->f3174d56-9988-40ec-970b-d447ed545dfb@group-47B82E5F6106, cid=811, SUCCESS, logIndex=1050, commits[f3174d56-9988-40ec-970b-d447ed545dfb:c1051, 3e713ff3-0d17-449f-90fa-609b20cf4c10:c1049, 34290298-343f-405c-af97-b2d19041b010:c1045]
2019-09-11 09:06:22,596 [grpc-default-executor-1] INFO  client.GrpcClientProtocolClient (GrpcClientProtocolClient.java:onNext(264)) - client-B22ED198845A->f3174d56-9988-40ec-970b-d447ed545dfb: receive RaftClientReply:client-B22ED198845A->f3174d56-9988-40ec-970b-d447ed545dfb@group-47B82E5F6106, cid=812, SUCCESS, logIndex=1051, commits[f3174d56-9988-40ec-970b-d447ed545dfb:c1051, 3e713ff3-0d17-449f-90fa-609b20cf4c10:c1049, 34290298-343f-405c-af97-b2d19041b010:c1049]
2019-09-11 09:06:22,607 [grpc-default-executor-4] INFO  client.GrpcClientProtocolClient (GrpcClientProtocolClient.java:onNext(264)) - client-B22ED198845A->f3174d56-9988-40ec-970b-d447ed545dfb: receive RaftClientReply:client-B22ED198845A->f3174d56-9988-40ec-970b-d447ed545dfb@group-47B82E5F6106, cid=813, SUCCESS, logIndex=1054, commits[f3174d56-9988-40ec-970b-d447ed545dfb:c1055, 3e713ff3-0d17-449f-90fa-609b20cf4c10:c1051, 34290298-343f-405c-af97-b2d19041b010:c1053]
2019-09-11 09:06:22,607 [grpc-default-executor-4] INFO  client.GrpcClientProtocolClient (GrpcClientProtocolClient.java:onNext(264)) - client-B22ED198845A->f3174d56-9988-40ec-970b-d447ed545dfb: receive RaftClientReply:client-B22ED198845A->f3174d56-9988-40ec-970b-d447ed545dfb@group-47B82E5F6106, cid=814, SUCCESS, logIndex=1055, commits[f3174d56-9988-40ec-970b-d447ed545dfb:c1055, 3e713ff3-0d17-449f-90fa-609b20cf4c10:c1053, 34290298-343f-405c-af97-b2d19041b010:c1053]
2019-09-11 09:06:22,608 [grpc-default-executor-4] INFO  client.GrpcClientProtocolClient (GrpcClientProtocolClient.java:onNext(264)) - client-B22ED198845A->f3174d56-9988-40ec-970b-d447ed545dfb: receive RaftClientReply:client-B22ED198845A->f3174d56-9988-40ec-970b-d447ed545dfb@group-47B82E5F6106, cid=815, SUCCESS, logIndex=0, commits[f3174d56-9988-40ec-970b-d447ed545dfb:c1056, 3e713ff3-0d17-449f-90fa-609b20cf4c10:c1055, 34290298-343f-405c-af97-b2d19041b010:c1055]
2019-09-11 09:06:22,620 [grpc-default-executor-1] INFO  client.GrpcClientProtocolClient (GrpcClientProtocolClient.java:onNext(264)) - client-B22ED198845A->f3174d56-9988-40ec-970b-d447ed545dfb: receive RaftClientReply:client-B22ED198845A->f3174d56-9988-40ec-970b-d447ed545dfb@group-47B82E5F6106, cid=816, SUCCESS, logIndex=1058, commits[f3174d56-9988-40ec-970b-d447ed545dfb:c1059, 3e713ff3-0d17-449f-90fa-609b20cf4c10:c1057, 34290298-343f-405c-af97-b2d19041b010:c1055]
2019-09-11 09:06:22,621 [grpc-default-executor-1] INFO  client.GrpcClientProtocolClient (GrpcClientProtocolClient.java:onNext(264)) - client-B22ED198845A->f3174d56-9988-40ec-970b-d447ed545dfb: receive RaftClientReply:client-B22ED198845A->f3174d56-9988-40ec-970b-d447ed545dfb@group-47B82E5F6106, cid=817, SUCCESS, logIndex=1059, commits[f3174d56-9988-40ec-970b-d447ed545dfb:c1059, 3e713ff3-0d17-449f-90fa-609b20cf4c10:c1057, 34290298-343f-405c-af97-b2d19041b010:c1057]
2019-09-11 09:06:22,623 [grpc-default-executor-4] INFO  client.GrpcClientProtocolClient (GrpcClientProtocolClient.java:onNext(264)) - client-B22ED198845A->f3174d56-9988-40ec-970b-d447ed545dfb: receive RaftClientReply:client-B22ED198845A->f3174d56-9988-40ec-970b-d447ed545dfb@group-47B82E5F6106, cid=818, SUCCESS, logIndex=1060, commits[f3174d56-9988-40ec-970b-d447ed545dfb:c1062, 3e713ff3-0d17-449f-90fa-609b20cf4c10:c1057, 34290298-343f-405c-af97-b2d19041b010:c1059]
2019-09-11 09:06:22,624 [grpc-default-executor-4] INFO  client.GrpcClientProtocolClient (GrpcClientProtocolClient.java:onNext(264)) - client-B22ED198845A->f3174d56-9988-40ec-970b-d447ed545dfb: receive RaftClientReply:client-B22ED198845A->f3174d56-9988-40ec-970b-d447ed545dfb@group-47B82E5F6106, cid=819, SUCCESS, logIndex=1061, commits[f3174d56-9988-40ec-970b-d447ed545dfb:c1063, 3e713ff3-0d17-449f-90fa-609b20cf4c10:c1057, 34290298-343f-405c-af97-b2d19041b010:c1059]
2019-09-11 09:06:22,629 [grpc-default-executor-0] INFO  client.GrpcClientProtocolClient (GrpcClientProtocolClient.java:onNext(264)) - client-B22ED198845A->f3174d56-9988-40ec-970b-d447ed545dfb: receive RaftClientReply:client-B22ED198845A->f3174d56-9988-40ec-970b-d447ed545dfb@group-47B82E5F6106, cid=820, SUCCESS, logIndex=0, commits[f3174d56-9988-40ec-970b-d447ed545dfb:c1064, 3e713ff3-0d17-449f-90fa-609b20cf4c10:c1059, 34290298-343f-405c-af97-b2d19041b010:c1061]
2019-09-11 09:06:22,641 [grpc-default-executor-1] INFO  client.GrpcClientProtocolClient (GrpcClientProtocolClient.java:onNext(264)) - client-B22ED198845A->f3174d56-9988-40ec-970b-d447ed545dfb: receive RaftClientReply:client-B22ED198845A->f3174d56-9988-40ec-970b-d447ed545dfb@group-47B82E5F6106, cid=821, SUCCESS, logIndex=1066, commits[f3174d56-9988-40ec-970b-d447ed545dfb:c1067, 3e713ff3-0d17-449f-90fa-609b20cf4c10:c1063, 34290298-343f-405c-af97-b2d19041b010:c1065]
2019-09-11 09:06:22,641 [grpc-default-executor-1] INFO  client.GrpcClientProtocolClient (GrpcClientProtocolClient.java:onNext(264)) - client-B22ED198845A->f3174d56-9988-40ec-970b-d447ed545dfb: receive RaftClientReply:client-B22ED198845A->f3174d56-9988-40ec-970b-d447ed545dfb@group-47B82E5F6106, cid=822, SUCCESS, logIndex=1067, commits[f3174d56-9988-40ec-970b-d447ed545dfb:c1067, 3e713ff3-0d17-449f-90fa-609b20cf4c10:c1065, 34290298-343f-405c-af97-b2d19041b010:c1065]
2019-09-11 09:06:22,672 [grpc-default-executor-0] INFO  client.GrpcClientProtocolClient (GrpcClientProtocolClient.java:onNext(264)) - client-B22ED198845A->f3174d56-9988-40ec-970b-d447ed545dfb: receive RaftClientReply:client-B22ED198845A->f3174d56-9988-40ec-970b-d447ed545dfb@group-47B82E5F6106, cid=823, SUCCESS, logIndex=1069, commits[f3174d56-9988-40ec-970b-d447ed545dfb:c1070, 3e713ff3-0d17-449f-90fa-609b20cf4c10:c1067, 34290298-343f-405c-af97-b2d19041b010:c1068]
2019-09-11 09:06:22,672 [grpc-default-executor-0] INFO  client.GrpcClientProtocolClient (GrpcClientProtocolClient.java:onNext(264)) - client-B22ED198845A->f3174d56-9988-40ec-970b-d447ed545dfb: receive RaftClientReply:client-B22ED198845A->f3174d56-9988-40ec-970b-d447ed545dfb@group-47B82E5F6106, cid=824, SUCCESS, logIndex=1070, commits[f3174d56-9988-40ec-970b-d447ed545dfb:c1070, 3e713ff3-0d17-449f-90fa-609b20cf4c10:c1067, 34290298-343f-405c-af97-b2d19041b010:c1068]
2019-09-11 09:06:22,675 [grpc-default-executor-5] INFO  client.GrpcClientProtocolClient (GrpcClientProtocolClient.java:onNext(264)) - client-B22ED198845A->f3174d56-9988-40ec-970b-d447ed545dfb: receive RaftClientReply:client-B22ED198845A->f3174d56-9988-40ec-970b-d447ed545dfb@group-47B82E5F6106, cid=825, SUCCESS, logIndex=0, commits[f3174d56-9988-40ec-970b-d447ed545dfb:c1071, 3e713ff3-0d17-449f-90fa-609b20cf4c10:c1070, 34290298-343f-405c-af97-b2d19041b010:c1070]
2019-09-11 09:06:22,698 [grpc-default-executor-0] INFO  client.GrpcClientProtocolClient (GrpcClientProtocolClient.java:onNext(264)) - client-B22ED198845A->f3174d56-9988-40ec-970b-d447ed545dfb: receive RaftClientReply:client-B22ED198845A->f3174d56-9988-40ec-970b-d447ed545dfb@group-47B82E5F6106, cid=826, SUCCESS, logIndex=1073, commits[f3174d56-9988-40ec-970b-d447ed545dfb:c1074, 3e713ff3-0d17-449f-90fa-609b20cf4c10:c1072, 34290298-343f-405c-af97-b2d19041b010:c1072]
2019-09-11 09:06:22,698 [grpc-default-executor-0] INFO  client.GrpcClientProtocolClient (GrpcClientProtocolClient.java:onNext(264)) - client-B22ED198845A->f3174d56-9988-40ec-970b-d447ed545dfb: receive RaftClientReply:client-B22ED198845A->f3174d56-9988-40ec-970b-d447ed545dfb@group-47B82E5F6106, cid=827, SUCCESS, logIndex=1074, commits[f3174d56-9988-40ec-970b-d447ed545dfb:c1075, 3e713ff3-0d17-449f-90fa-609b20cf4c10:c1072, 34290298-343f-405c-af97-b2d19041b010:c1072]
2019-09-11 09:06:22,698 [grpc-default-executor-0] INFO  client.GrpcClientProtocolClient (GrpcClientProtocolClient.java:onNext(264)) - client-B22ED198845A->f3174d56-9988-40ec-970b-d447ed545dfb: receive RaftClientReply:client-B22ED198845A->f3174d56-9988-40ec-970b-d447ed545dfb@group-47B82E5F6106, cid=828, SUCCESS, logIndex=1075, commits[f3174d56-9988-40ec-970b-d447ed545dfb:c1076, 3e713ff3-0d17-449f-90fa-609b20cf4c10:c1072, 34290298-343f-405c-af97-b2d19041b010:c1072]
2019-09-11 09:06:22,699 [grpc-default-executor-0] INFO  client.GrpcClientProtocolClient (GrpcClientProtocolClient.java:onNext(264)) - client-B22ED198845A->f3174d56-9988-40ec-970b-d447ed545dfb: receive RaftClientReply:client-B22ED198845A->f3174d56-9988-40ec-970b-d447ed545dfb@group-47B82E5F6106, cid=829, SUCCESS, logIndex=1076, commits[f3174d56-9988-40ec-970b-d447ed545dfb:c1076, 3e713ff3-0d17-449f-90fa-609b20cf4c10:c1072, 34290298-343f-405c-af97-b2d19041b010:c1072]
2019-09-11 09:06:22,700 [grpc-default-executor-5] INFO  client.GrpcClientProtocolClient (GrpcClientProtocolClient.java:onNext(264)) - client-B22ED198845A->f3174d56-9988-40ec-970b-d447ed545dfb: receive RaftClientReply:client-B22ED198845A->f3174d56-9988-40ec-970b-d447ed545dfb@group-47B82E5F6106, cid=830, SUCCESS, logIndex=0, commits[f3174d56-9988-40ec-970b-d447ed545dfb:c1079, 3e713ff3-0d17-449f-90fa-609b20cf4c10:c1074, 34290298-343f-405c-af97-b2d19041b010:c1075]
2019-09-11 09:06:22,720 [grpc-default-executor-1] INFO  client.GrpcClientProtocolClient (GrpcClientProtocolClient.java:onNext(264)) - client-B22ED198845A->f3174d56-9988-40ec-970b-d447ed545dfb: receive RaftClientReply:client-B22ED198845A->f3174d56-9988-40ec-970b-d447ed545dfb@group-47B82E5F6106, cid=831, SUCCESS, logIndex=1081, commits[f3174d56-9988-40ec-970b-d447ed545dfb:c1082, 3e713ff3-0d17-449f-90fa-609b20cf4c10:c1080, 34290298-343f-405c-af97-b2d19041b010:c1080]
2019-09-11 09:06:22,720 [grpc-default-executor-1] INFO  client.GrpcClientProtocolClient (GrpcClientProtocolClient.java:onNext(264)) - client-B22ED198845A->f3174d56-9988-40ec-970b-d447ed545dfb: receive RaftClientReply:client-B22ED198845A->f3174d56-9988-40ec-970b-d447ed545dfb@group-47B82E5F6106, cid=832, SUCCESS, logIndex=1082, commits[f3174d56-9988-40ec-970b-d447ed545dfb:c1082, 3e713ff3-0d17-449f-90fa-609b20cf4c10:c1080, 34290298-343f-405c-af97-b2d19041b010:c1080]
2019-09-11 09:06:22,734 [grpc-default-executor-0] INFO  client.GrpcClientProtocolClient (GrpcClientProtocolClient.java:onNext(264)) - client-B22ED198845A->f3174d56-9988-40ec-970b-d447ed545dfb: receive RaftClientReply:client-B22ED198845A->f3174d56-9988-40ec-970b-d447ed545dfb@group-47B82E5F6106, cid=833, SUCCESS, logIndex=1085, commits[f3174d56-9988-40ec-970b-d447ed545dfb:c1086, 3e713ff3-0d17-449f-90fa-609b20cf4c10:c1082, 34290298-343f-405c-af97-b2d19041b010:c1082]
2019-09-11 09:06:22,735 [grpc-default-executor-0] INFO  client.GrpcClientProtocolClient (GrpcClientProtocolClient.java:onNext(264)) - client-B22ED198845A->f3174d56-9988-40ec-970b-d447ed545dfb: receive RaftClientReply:client-B22ED198845A->f3174d56-9988-40ec-970b-d447ed545dfb@group-47B82E5F6106, cid=834, SUCCESS, logIndex=1086, commits[f3174d56-9988-40ec-970b-d447ed545dfb:c1086, 3e713ff3-0d17-449f-90fa-609b20cf4c10:c1082, 34290298-343f-405c-af97-b2d19041b010:c1082]
2019-09-11 09:06:22,745 [grpc-default-executor-0] INFO  client.GrpcClientProtocolClient (GrpcClientProtocolClient.java:onNext(264)) - client-B22ED198845A->f3174d56-9988-40ec-970b-d447ed545dfb: receive RaftClientReply:client-B22ED198845A->f3174d56-9988-40ec-970b-d447ed545dfb@group-47B82E5F6106, cid=835, SUCCESS, logIndex=0, commits[f3174d56-9988-40ec-970b-d447ed545dfb:c1087, 3e713ff3-0d17-449f-90fa-609b20cf4c10:c1086, 34290298-343f-405c-af97-b2d19041b010:c1086]
2019-09-11 09:06:22,767 [grpc-default-executor-1] INFO  client.GrpcClientProtocolClient (GrpcClientProtocolClient.java:onNext(264)) - client-B22ED198845A->f3174d56-9988-40ec-970b-d447ed545dfb: receive RaftClientReply:client-B22ED198845A->f3174d56-9988-40ec-970b-d447ed545dfb@group-47B82E5F6106, cid=836, SUCCESS, logIndex=1089, commits[f3174d56-9988-40ec-970b-d447ed545dfb:c1090, 3e713ff3-0d17-449f-90fa-609b20cf4c10:c1088, 34290298-343f-405c-af97-b2d19041b010:c1088]
2019-09-11 09:06:22,767 [grpc-default-executor-1] INFO  client.GrpcClientProtocolClient (GrpcClientProtocolClient.java:onNext(264)) - client-B22ED198845A->f3174d56-9988-40ec-970b-d447ed545dfb: receive RaftClientReply:client-B22ED198845A->f3174d56-9988-40ec-970b-d447ed545dfb@group-47B82E5F6106, cid=837, SUCCESS, logIndex=1090, commits[f3174d56-9988-40ec-970b-d447ed545dfb:c1090, 3e713ff3-0d17-449f-90fa-609b20cf4c10:c1088, 34290298-343f-405c-af97-b2d19041b010:c1088]
2019-09-11 09:06:22,767 [grpc-default-executor-1] INFO  client.GrpcClientProtocolClient (GrpcClientProtocolClient.java:onNext(264)) - client-B22ED198845A->f3174d56-9988-40ec-970b-d447ed545dfb: receive RaftClientReply:client-B22ED198845A->f3174d56-9988-40ec-970b-d447ed545dfb@group-47B82E5F6106, cid=838, SUCCESS, logIndex=1091, commits[f3174d56-9988-40ec-970b-d447ed545dfb:c1092, 3e713ff3-0d17-449f-90fa-609b20cf4c10:c1088, 34290298-343f-405c-af97-b2d19041b010:c1088]
2019-09-11 09:06:22,768 [grpc-default-executor-1] INFO  client.GrpcClientProtocolClient (GrpcClientProtocolClient.java:onNext(264)) - client-B22ED198845A->f3174d56-9988-40ec-970b-d447ed545dfb: receive RaftClientReply:client-B22ED198845A->f3174d56-9988-40ec-970b-d447ed545dfb@group-47B82E5F6106, cid=839, SUCCESS, logIndex=1092, commits[f3174d56-9988-40ec-970b-d447ed545dfb:c1092, 3e713ff3-0d17-449f-90fa-609b20cf4c10:c1088, 34290298-343f-405c-af97-b2d19041b010:c1088]
2019-09-11 09:06:22,769 [grpc-default-executor-4] INFO  client.GrpcClientProtocolClient (GrpcClientProtocolClient.java:onNext(264)) - client-B22ED198845A->f3174d56-9988-40ec-970b-d447ed545dfb: receive RaftClientReply:client-B22ED198845A->f3174d56-9988-40ec-970b-d447ed545dfb@group-47B82E5F6106, cid=840, SUCCESS, logIndex=0, commits[f3174d56-9988-40ec-970b-d447ed545dfb:c1094, 3e713ff3-0d17-449f-90fa-609b20cf4c10:c1090, 34290298-343f-405c-af97-b2d19041b010:c1090]
2019-09-11 09:06:22,789 [grpc-default-executor-1] INFO  client.GrpcClientProtocolClient (GrpcClientProtocolClient.java:onNext(264)) - client-B22ED198845A->f3174d56-9988-40ec-970b-d447ed545dfb: receive RaftClientReply:client-B22ED198845A->f3174d56-9988-40ec-970b-d447ed545dfb@group-47B82E5F6106, cid=841, SUCCESS, logIndex=1097, commits[f3174d56-9988-40ec-970b-d447ed545dfb:c1098, 3e713ff3-0d17-449f-90fa-609b20cf4c10:c1096, 34290298-343f-405c-af97-b2d19041b010:c1096]
2019-09-11 09:06:22,789 [grpc-default-executor-1] INFO  client.GrpcClientProtocolClient (GrpcClientProtocolClient.java:onNext(264)) - client-B22ED198845A->f3174d56-9988-40ec-970b-d447ed545dfb: receive RaftClientReply:client-B22ED198845A->f3174d56-9988-40ec-970b-d447ed545dfb@group-47B82E5F6106, cid=842, SUCCESS, logIndex=1098, commits[f3174d56-9988-40ec-970b-d447ed545dfb:c1098, 3e713ff3-0d17-449f-90fa-609b20cf4c10:c1096, 34290298-343f-405c-af97-b2d19041b010:c1096]
2019-09-11 09:06:22,803 [grpc-default-executor-4] INFO  client.GrpcClientProtocolClient (GrpcClientProtocolClient.java:onNext(264)) - client-B22ED198845A->f3174d56-9988-40ec-970b-d447ed545dfb: receive RaftClientReply:client-B22ED198845A->f3174d56-9988-40ec-970b-d447ed545dfb@group-47B82E5F6106, cid=843, SUCCESS, logIndex=1101, commits[f3174d56-9988-40ec-970b-d447ed545dfb:c1102, 3e713ff3-0d17-449f-90fa-609b20cf4c10:c1098, 34290298-343f-405c-af97-b2d19041b010:c1098]
2019-09-11 09:06:22,804 [grpc-default-executor-4] INFO  client.GrpcClientProtocolClient (GrpcClientProtocolClient.java:onNext(264)) - client-B22ED198845A->f3174d56-9988-40ec-970b-d447ed545dfb: receive RaftClientReply:client-B22ED198845A->f3174d56-9988-40ec-970b-d447ed545dfb@group-47B82E5F6106, cid=844, SUCCESS, logIndex=1102, commits[f3174d56-9988-40ec-970b-d447ed545dfb:c1102, 3e713ff3-0d17-449f-90fa-609b20cf4c10:c1098, 34290298-343f-405c-af97-b2d19041b010:c1098]
2019-09-11 09:06:22,817 [grpc-default-executor-0] INFO  client.GrpcClientProtocolClient (GrpcClientProtocolClient.java:onNext(264)) - client-B22ED198845A->f3174d56-9988-40ec-970b-d447ed545dfb: receive RaftClientReply:client-B22ED198845A->f3174d56-9988-40ec-970b-d447ed545dfb@group-47B82E5F6106, cid=845, SUCCESS, logIndex=0, commits[f3174d56-9988-40ec-970b-d447ed545dfb:c1104, 3e713ff3-0d17-449f-90fa-609b20cf4c10:c1102, 34290298-343f-405c-af97-b2d19041b010:c1102]
2019-09-11 09:06:22,923 [grpc-default-executor-1] INFO  client.GrpcClientProtocolClient (GrpcClientProtocolClient.java:onNext(264)) - client-B22ED198845A->f3174d56-9988-40ec-970b-d447ed545dfb: receive RaftClientReply:client-B22ED198845A->f3174d56-9988-40ec-970b-d447ed545dfb@group-47B82E5F6106, cid=846, SUCCESS, logIndex=1105, commits[f3174d56-9988-40ec-970b-d447ed545dfb:c1106, 3e713ff3-0d17-449f-90fa-609b20cf4c10:c1104, 34290298-343f-405c-af97-b2d19041b010:c1104]
2019-09-11 09:06:22,923 [grpc-default-executor-1] INFO  client.GrpcClientProtocolClient (GrpcClientProtocolClient.java:onNext(264)) - client-B22ED198845A->f3174d56-9988-40ec-970b-d447ed545dfb: receive RaftClientReply:client-B22ED198845A->f3174d56-9988-40ec-970b-d447ed545dfb@group-47B82E5F6106, cid=847, SUCCESS, logIndex=1106, commits[f3174d56-9988-40ec-970b-d447ed545dfb:c1107, 3e713ff3-0d17-449f-90fa-609b20cf4c10:c1104, 34290298-343f-405c-af97-b2d19041b010:c1104]
2019-09-11 09:06:22,924 [grpc-default-executor-1] INFO  client.GrpcClientProtocolClient (GrpcClientProtocolClient.java:onNext(264)) - client-B22ED198845A->f3174d56-9988-40ec-970b-d447ed545dfb: receive RaftClientReply:client-B22ED198845A->f3174d56-9988-40ec-970b-d447ed545dfb@group-47B82E5F6106, cid=848, SUCCESS, logIndex=1107, commits[f3174d56-9988-40ec-970b-d447ed545dfb:c1108, 3e713ff3-0d17-449f-90fa-609b20cf4c10:c1104, 34290298-343f-405c-af97-b2d19041b010:c1104]
2019-09-11 09:06:22,924 [grpc-default-executor-1] INFO  client.GrpcClientProtocolClient (GrpcClientProtocolClient.java:onNext(264)) - client-B22ED198845A->f3174d56-9988-40ec-970b-d447ed545dfb: receive RaftClientReply:client-B22ED198845A->f3174d56-9988-40ec-970b-d447ed545dfb@group-47B82E5F6106, cid=849, SUCCESS, logIndex=1108, commits[f3174d56-9988-40ec-970b-d447ed545dfb:c1108, 3e713ff3-0d17-449f-90fa-609b20cf4c10:c1104, 34290298-343f-405c-af97-b2d19041b010:c1104]
2019-09-11 09:06:22,926 [grpc-default-executor-0] INFO  client.GrpcClientProtocolClient (GrpcClientProtocolClient.java:onNext(264)) - client-B22ED198845A->f3174d56-9988-40ec-970b-d447ed545dfb: receive RaftClientReply:client-B22ED198845A->f3174d56-9988-40ec-970b-d447ed545dfb@group-47B82E5F6106, cid=850, SUCCESS, logIndex=0, commits[f3174d56-9988-40ec-970b-d447ed545dfb:c1109, 3e713ff3-0d17-449f-90fa-609b20cf4c10:c1106, 34290298-343f-405c-af97-b2d19041b010:c1106]
2019-09-11 09:06:22,945 [grpc-default-executor-1] INFO  client.GrpcClientProtocolClient (GrpcClientProtocolClient.java:onNext(264)) - client-B22ED198845A->f3174d56-9988-40ec-970b-d447ed545dfb: receive RaftClientReply:client-B22ED198845A->f3174d56-9988-40ec-970b-d447ed545dfb@group-47B82E5F6106, cid=851, SUCCESS, logIndex=1113, commits[f3174d56-9988-40ec-970b-d447ed545dfb:c1114, 3e713ff3-0d17-449f-90fa-609b20cf4c10:c1112, 34290298-343f-405c-af97-b2d19041b010:c1112]
2019-09-11 09:06:22,945 [grpc-default-executor-1] INFO  client.GrpcClientProtocolClient (GrpcClientProtocolClient.java:onNext(264)) - client-B22ED198845A->f3174d56-9988-40ec-970b-d447ed545dfb: receive RaftClientReply:client-B22ED198845A->f3174d56-9988-40ec-970b-d447ed545dfb@group-47B82E5F6106, cid=852, SUCCESS, logIndex=1114, commits[f3174d56-9988-40ec-970b-d447ed545dfb:c1114, 3e713ff3-0d17-449f-90fa-609b20cf4c10:c1112, 34290298-343f-405c-af97-b2d19041b010:c1112]
2019-09-11 09:06:22,959 [grpc-default-executor-0] INFO  client.GrpcClientProtocolClient (GrpcClientProtocolClient.java:onNext(264)) - client-B22ED198845A->f3174d56-9988-40ec-970b-d447ed545dfb: receive RaftClientReply:client-B22ED198845A->f3174d56-9988-40ec-970b-d447ed545dfb@group-47B82E5F6106, cid=853, SUCCESS, logIndex=1117, commits[f3174d56-9988-40ec-970b-d447ed545dfb:c1118, 3e713ff3-0d17-449f-90fa-609b20cf4c10:c1114, 34290298-343f-405c-af97-b2d19041b010:c1114]
2019-09-11 09:06:22,960 [grpc-default-executor-0] INFO  client.GrpcClientProtocolClient (GrpcClientProtocolClient.java:onNext(264)) - client-B22ED198845A->f3174d56-9988-40ec-970b-d447ed545dfb: receive RaftClientReply:client-B22ED198845A->f3174d56-9988-40ec-970b-d447ed545dfb@group-47B82E5F6106, cid=854, SUCCESS, logIndex=1118, commits[f3174d56-9988-40ec-970b-d447ed545dfb:c1118, 3e713ff3-0d17-449f-90fa-609b20cf4c10:c1114, 34290298-343f-405c-af97-b2d19041b010:c1114]
2019-09-11 09:06:22,973 [grpc-default-executor-0] INFO  client.GrpcClientProtocolClient (GrpcClientProtocolClient.java:onNext(264)) - client-B22ED198845A->f3174d56-9988-40ec-970b-d447ed545dfb: receive RaftClientReply:client-B22ED198845A->f3174d56-9988-40ec-970b-d447ed545dfb@group-47B82E5F6106, cid=855, SUCCESS, logIndex=0, commits[f3174d56-9988-40ec-970b-d447ed545dfb:c1120, 3e713ff3-0d17-449f-90fa-609b20cf4c10:c1118, 34290298-343f-405c-af97-b2d19041b010:c1118]
2019-09-11 09:06:22,992 [grpc-default-executor-4] INFO  client.GrpcClientProtocolClient (GrpcClientProtocolClient.java:onNext(264)) - client-B22ED198845A->f3174d56-9988-40ec-970b-d447ed545dfb: receive RaftClientReply:client-B22ED198845A->f3174d56-9988-40ec-970b-d447ed545dfb@group-47B82E5F6106, cid=856, SUCCESS, logIndex=1121, commits[f3174d56-9988-40ec-970b-d447ed545dfb:c1123, 3e713ff3-0d17-449f-90fa-609b20cf4c10:c1120, 34290298-343f-405c-af97-b2d19041b010:c1120]
2019-09-11 09:06:22,992 [grpc-default-executor-4] INFO  client.GrpcClientProtocolClient (GrpcClientProtocolClient.java:onNext(264)) - client-B22ED198845A->f3174d56-9988-40ec-970b-d447ed545dfb: receive RaftClientReply:client-B22ED198845A->f3174d56-9988-40ec-970b-d447ed545dfb@group-47B82E5F6106, cid=857, SUCCESS, logIndex=1122, commits[f3174d56-9988-40ec-970b-d447ed545dfb:c1124, 3e713ff3-0d17-449f-90fa-609b20cf4c10:c1120, 34290298-343f-405c-af97-b2d19041b010:c1120]
2019-09-11 09:06:22,993 [grpc-default-executor-4] INFO  client.GrpcClientProtocolClient (GrpcClientProtocolClient.java:onNext(264)) - client-B22ED198845A->f3174d56-9988-40ec-970b-d447ed545dfb: receive RaftClientReply:client-B22ED198845A->f3174d56-9988-40ec-970b-d447ed545dfb@group-47B82E5F6106, cid=858, SUCCESS, logIndex=1123, commits[f3174d56-9988-40ec-970b-d447ed545dfb:c1124, 3e713ff3-0d17-449f-90fa-609b20cf4c10:c1120, 34290298-343f-405c-af97-b2d19041b010:c1120]
2019-09-11 09:06:22,993 [grpc-default-executor-4] INFO  client.GrpcClientProtocolClient (GrpcClientProtocolClient.java:onNext(264)) - client-B22ED198845A->f3174d56-9988-40ec-970b-d447ed545dfb: receive RaftClientReply:client-B22ED198845A->f3174d56-9988-40ec-970b-d447ed545dfb@group-47B82E5F6106, cid=859, SUCCESS, logIndex=1124, commits[f3174d56-9988-40ec-970b-d447ed545dfb:c1124, 3e713ff3-0d17-449f-90fa-609b20cf4c10:c1120, 34290298-343f-405c-af97-b2d19041b010:c1120]
2019-09-11 09:06:22,994 [grpc-default-executor-5] INFO  client.GrpcClientProtocolClient (GrpcClientProtocolClient.java:onNext(264)) - client-B22ED198845A->f3174d56-9988-40ec-970b-d447ed545dfb: receive RaftClientReply:client-B22ED198845A->f3174d56-9988-40ec-970b-d447ed545dfb@group-47B82E5F6106, cid=860, SUCCESS, logIndex=0, commits[f3174d56-9988-40ec-970b-d447ed545dfb:c1127, 3e713ff3-0d17-449f-90fa-609b20cf4c10:c1123, 34290298-343f-405c-af97-b2d19041b010:c1123]
2019-09-11 09:06:23,013 [grpc-default-executor-0] INFO  client.GrpcClientProtocolClient (GrpcClientProtocolClient.java:onNext(264)) - client-B22ED198845A->f3174d56-9988-40ec-970b-d447ed545dfb: receive RaftClientReply:client-B22ED198845A->f3174d56-9988-40ec-970b-d447ed545dfb@group-47B82E5F6106, cid=861, SUCCESS, logIndex=1129, commits[f3174d56-9988-40ec-970b-d447ed545dfb:c1130, 3e713ff3-0d17-449f-90fa-609b20cf4c10:c1128, 34290298-343f-405c-af97-b2d19041b010:c1128]
2019-09-11 09:06:23,013 [grpc-default-executor-0] INFO  client.GrpcClientProtocolClient (GrpcClientProtocolClient.java:onNext(264)) - client-B22ED198845A->f3174d56-9988-40ec-970b-d447ed545dfb: receive RaftClientReply:client-B22ED198845A->f3174d56-9988-40ec-970b-d447ed545dfb@group-47B82E5F6106, cid=862, SUCCESS, logIndex=1130, commits[f3174d56-9988-40ec-970b-d447ed545dfb:c1130, 3e713ff3-0d17-449f-90fa-609b20cf4c10:c1128, 34290298-343f-405c-af97-b2d19041b010:c1128]
2019-09-11 09:06:23,031 [grpc-default-executor-5] INFO  client.GrpcClientProtocolClient (GrpcClientProtocolClient.java:onNext(264)) - client-B22ED198845A->f3174d56-9988-40ec-970b-d447ed545dfb: receive RaftClientReply:client-B22ED198845A->f3174d56-9988-40ec-970b-d447ed545dfb@group-47B82E5F6106, cid=863, SUCCESS, logIndex=1133, commits[f3174d56-9988-40ec-970b-d447ed545dfb:c1134, 3e713ff3-0d17-449f-90fa-609b20cf4c10:c1130, 34290298-343f-405c-af97-b2d19041b010:c1130]
2019-09-11 09:06:23,032 [grpc-default-executor-5] INFO  client.GrpcClientProtocolClient (GrpcClientProtocolClient.java:onNext(264)) - client-B22ED198845A->f3174d56-9988-40ec-970b-d447ed545dfb: receive RaftClientReply:client-B22ED198845A->f3174d56-9988-40ec-970b-d447ed545dfb@group-47B82E5F6106, cid=864, SUCCESS, logIndex=1134, commits[f3174d56-9988-40ec-970b-d447ed545dfb:c1134, 3e713ff3-0d17-449f-90fa-609b20cf4c10:c1130, 34290298-343f-405c-af97-b2d19041b010:c1130]
2019-09-11 09:06:23,043 [grpc-default-executor-0] INFO  client.GrpcClientProtocolClient (GrpcClientProtocolClient.java:onNext(264)) - client-B22ED198845A->f3174d56-9988-40ec-970b-d447ed545dfb: receive RaftClientReply:client-B22ED198845A->f3174d56-9988-40ec-970b-d447ed545dfb@group-47B82E5F6106, cid=865, SUCCESS, logIndex=0, commits[f3174d56-9988-40ec-970b-d447ed545dfb:c1136, 3e713ff3-0d17-449f-90fa-609b20cf4c10:c1134, 34290298-343f-405c-af97-b2d19041b010:c1134]
2019-09-11 09:06:23,062 [grpc-default-executor-4] INFO  client.GrpcClientProtocolClient (GrpcClientProtocolClient.java:onNext(264)) - client-B22ED198845A->f3174d56-9988-40ec-970b-d447ed545dfb: receive RaftClientReply:client-B22ED198845A->f3174d56-9988-40ec-970b-d447ed545dfb@group-47B82E5F6106, cid=866, SUCCESS, logIndex=1137, commits[f3174d56-9988-40ec-970b-d447ed545dfb:c1140, 3e713ff3-0d17-449f-90fa-609b20cf4c10:c1136, 34290298-343f-405c-af97-b2d19041b010:c1136]
2019-09-11 09:06:23,063 [grpc-default-executor-4] INFO  client.GrpcClientProtocolClient (GrpcClientProtocolClient.java:onNext(264)) - client-B22ED198845A->f3174d56-9988-40ec-970b-d447ed545dfb: receive RaftClientReply:client-B22ED198845A->f3174d56-9988-40ec-970b-d447ed545dfb@group-47B82E5F6106, cid=867, SUCCESS, logIndex=1138, commits[f3174d56-9988-40ec-970b-d447ed545dfb:c1140, 3e713ff3-0d17-449f-90fa-609b20cf4c10:c1136, 34290298-343f-405c-af97-b2d19041b010:c1136]
2019-09-11 09:06:23,063 [grpc-default-executor-4] INFO  client.GrpcClientProtocolClient (GrpcClientProtocolClient.java:onNext(264)) - client-B22ED198845A->f3174d56-9988-40ec-970b-d447ed545dfb: receive RaftClientReply:client-B22ED198845A->f3174d56-9988-40ec-970b-d447ed545dfb@group-47B82E5F6106, cid=868, SUCCESS, logIndex=1139, commits[f3174d56-9988-40ec-970b-d447ed545dfb:c1140, 3e713ff3-0d17-449f-90fa-609b20cf4c10:c1136, 34290298-343f-405c-af97-b2d19041b010:c1136]
2019-09-11 09:06:23,063 [grpc-default-executor-4] INFO  client.GrpcClientProtocolClient (GrpcClientProtocolClient.java:onNext(264)) - client-B22ED198845A->f3174d56-9988-40ec-970b-d447ed545dfb: receive RaftClientReply:client-B22ED198845A->f3174d56-9988-40ec-970b-d447ed545dfb@group-47B82E5F6106, cid=869, SUCCESS, logIndex=1140, commits[f3174d56-9988-40ec-970b-d447ed545dfb:c1140, 3e713ff3-0d17-449f-90fa-609b20cf4c10:c1136, 34290298-343f-405c-af97-b2d19041b010:c1136]
2019-09-11 09:06:23,064 [grpc-default-executor-4] INFO  client.GrpcClientProtocolClient (GrpcClientProtocolClient.java:onNext(264)) - client-B22ED198845A->f3174d56-9988-40ec-970b-d447ed545dfb: receive RaftClientReply:client-B22ED198845A->f3174d56-9988-40ec-970b-d447ed545dfb@group-47B82E5F6106, cid=870, SUCCESS, logIndex=0, commits[f3174d56-9988-40ec-970b-d447ed545dfb:c1141, 3e713ff3-0d17-449f-90fa-609b20cf4c10:c1138, 34290298-343f-405c-af97-b2d19041b010:c1138]
2019-09-11 09:06:23,082 [grpc-default-executor-0] INFO  client.GrpcClientProtocolClient (GrpcClientProtocolClient.java:onNext(264)) - client-B22ED198845A->f3174d56-9988-40ec-970b-d447ed545dfb: receive RaftClientReply:client-B22ED198845A->f3174d56-9988-40ec-970b-d447ed545dfb@group-47B82E5F6106, cid=871, SUCCESS, logIndex=1145, commits[f3174d56-9988-40ec-970b-d447ed545dfb:c1146, 3e713ff3-0d17-449f-90fa-609b20cf4c10:c1144, 34290298-343f-405c-af97-b2d19041b010:c1144]
2019-09-11 09:06:23,082 [grpc-default-executor-0] INFO  client.GrpcClientProtocolClient (GrpcClientProtocolClient.java:onNext(264)) - client-B22ED198845A->f3174d56-9988-40ec-970b-d447ed545dfb: receive RaftClientReply:client-B22ED198845A->f3174d56-9988-40ec-970b-d447ed545dfb@group-47B82E5F6106, cid=872, SUCCESS, logIndex=1146, commits[f3174d56-9988-40ec-970b-d447ed545dfb:c1146, 3e713ff3-0d17-449f-90fa-609b20cf4c10:c1144, 34290298-343f-405c-af97-b2d19041b010:c1144]
2019-09-11 09:06:23,096 [grpc-default-executor-4] INFO  client.GrpcClientProtocolClient (GrpcClientProtocolClient.java:onNext(264)) - client-B22ED198845A->f3174d56-9988-40ec-970b-d447ed545dfb: receive RaftClientReply:client-B22ED198845A->f3174d56-9988-40ec-970b-d447ed545dfb@group-47B82E5F6106, cid=873, SUCCESS, logIndex=1149, commits[f3174d56-9988-40ec-970b-d447ed545dfb:c1150, 3e713ff3-0d17-449f-90fa-609b20cf4c10:c1148, 34290298-343f-405c-af97-b2d19041b010:c1148]
2019-09-11 09:06:23,096 [grpc-default-executor-4] INFO  client.GrpcClientProtocolClient (GrpcClientProtocolClient.java:onNext(264)) - client-B22ED198845A->f3174d56-9988-40ec-970b-d447ed545dfb: receive RaftClientReply:client-B22ED198845A->f3174d56-9988-40ec-970b-d447ed545dfb@group-47B82E5F6106, cid=874, SUCCESS, logIndex=1150, commits[f3174d56-9988-40ec-970b-d447ed545dfb:c1150, 3e713ff3-0d17-449f-90fa-609b20cf4c10:c1148, 34290298-343f-405c-af97-b2d19041b010:c1148]
2019-09-11 09:06:23,106 [grpc-default-executor-4] INFO  client.GrpcClientProtocolClient (GrpcClientProtocolClient.java:onNext(264)) - client-B22ED198845A->f3174d56-9988-40ec-970b-d447ed545dfb: receive RaftClientReply:client-B22ED198845A->f3174d56-9988-40ec-970b-d447ed545dfb@group-47B82E5F6106, cid=875, SUCCESS, logIndex=0, commits[f3174d56-9988-40ec-970b-d447ed545dfb:c1151, 3e713ff3-0d17-449f-90fa-609b20cf4c10:c1150, 34290298-343f-405c-af97-b2d19041b010:c1150]
2019-09-11 09:06:23,118 [grpc-default-executor-5] INFO  client.GrpcClientProtocolClient (GrpcClientProtocolClient.java:onNext(264)) - client-B22ED198845A->f3174d56-9988-40ec-970b-d447ed545dfb: receive RaftClientReply:client-B22ED198845A->f3174d56-9988-40ec-970b-d447ed545dfb@group-47B82E5F6106, cid=876, SUCCESS, logIndex=1153, commits[f3174d56-9988-40ec-970b-d447ed545dfb:c1154, 3e713ff3-0d17-449f-90fa-609b20cf4c10:c1152, 34290298-343f-405c-af97-b2d19041b010:c1150]
2019-09-11 09:06:23,118 [grpc-default-executor-1] INFO  client.GrpcClientProtocolClient (GrpcClientProtocolClient.java:onNext(264)) - client-B22ED198845A->f3174d56-9988-40ec-970b-d447ed545dfb: receive RaftClientReply:client-B22ED198845A->f3174d56-9988-40ec-970b-d447ed545dfb@group-47B82E5F6106, cid=877, SUCCESS, logIndex=1154, commits[f3174d56-9988-40ec-970b-d447ed545dfb:c1154, 3e713ff3-0d17-449f-90fa-609b20cf4c10:c1152, 34290298-343f-405c-af97-b2d19041b010:c1152]
2019-09-11 09:06:23,119 [grpc-default-executor-1] INFO  client.GrpcClientProtocolClient (GrpcClientProtocolClient.java:onNext(264)) - client-B22ED198845A->f3174d56-9988-40ec-970b-d447ed545dfb: receive RaftClientReply:client-B22ED198845A->f3174d56-9988-40ec-970b-d447ed545dfb@group-47B82E5F6106, cid=878, SUCCESS, logIndex=1155, commits[f3174d56-9988-40ec-970b-d447ed545dfb:c1155, 3e713ff3-0d17-449f-90fa-609b20cf4c10:c1152, 34290298-343f-405c-af97-b2d19041b010:c1152]
2019-09-11 09:06:23,119 [grpc-default-executor-5] INFO  client.GrpcClientProtocolClient (GrpcClientProtocolClient.java:onNext(264)) - client-B22ED198845A->f3174d56-9988-40ec-970b-d447ed545dfb: receive RaftClientReply:client-B22ED198845A->f3174d56-9988-40ec-970b-d447ed545dfb@group-47B82E5F6106, cid=879, SUCCESS, logIndex=1156, commits[f3174d56-9988-40ec-970b-d447ed545dfb:c1156, 3e713ff3-0d17-449f-90fa-609b20cf4c10:c1152, 34290298-343f-405c-af97-b2d19041b010:c1152]
2019-09-11 09:06:23,120 [grpc-default-executor-5] INFO  client.GrpcClientProtocolClient (GrpcClientProtocolClient.java:onNext(264)) - client-B22ED198845A->f3174d56-9988-40ec-970b-d447ed545dfb: receive RaftClientReply:client-B22ED198845A->f3174d56-9988-40ec-970b-d447ed545dfb@group-47B82E5F6106, cid=880, SUCCESS, logIndex=0, commits[f3174d56-9988-40ec-970b-d447ed545dfb:c1158, 3e713ff3-0d17-449f-90fa-609b20cf4c10:c1154, 34290298-343f-405c-af97-b2d19041b010:c1154]
2019-09-11 09:06:23,130 [grpc-default-executor-1] INFO  client.GrpcClientProtocolClient (GrpcClientProtocolClient.java:onNext(264)) - client-B22ED198845A->f3174d56-9988-40ec-970b-d447ed545dfb: receive RaftClientReply:client-B22ED198845A->f3174d56-9988-40ec-970b-d447ed545dfb@group-47B82E5F6106, cid=881, SUCCESS, logIndex=1161, commits[f3174d56-9988-40ec-970b-d447ed545dfb:c1162, 3e713ff3-0d17-449f-90fa-609b20cf4c10:c1160, 34290298-343f-405c-af97-b2d19041b010:c1160]
2019-09-11 09:06:23,130 [grpc-default-executor-1] INFO  client.GrpcClientProtocolClient (GrpcClientProtocolClient.java:onNext(264)) - client-B22ED198845A->f3174d56-9988-40ec-970b-d447ed545dfb: receive RaftClientReply:client-B22ED198845A->f3174d56-9988-40ec-970b-d447ed545dfb@group-47B82E5F6106, cid=882, SUCCESS, logIndex=1162, commits[f3174d56-9988-40ec-970b-d447ed545dfb:c1162, 3e713ff3-0d17-449f-90fa-609b20cf4c10:c1160, 34290298-343f-405c-af97-b2d19041b010:c1160]
2019-09-11 09:06:23,140 [grpc-default-executor-1] INFO  client.GrpcClientProtocolClient (GrpcClientProtocolClient.java:onNext(264)) - client-B22ED198845A->f3174d56-9988-40ec-970b-d447ed545dfb: receive RaftClientReply:client-B22ED198845A->f3174d56-9988-40ec-970b-d447ed545dfb@group-47B82E5F6106, cid=883, SUCCESS, logIndex=1165, commits[f3174d56-9988-40ec-970b-d447ed545dfb:c1166, 3e713ff3-0d17-449f-90fa-609b20cf4c10:c1164, 34290298-343f-405c-af97-b2d19041b010:c1164]
2019-09-11 09:06:23,140 [grpc-default-executor-1] INFO  client.GrpcClientProtocolClient (GrpcClientProtocolClient.java:onNext(264)) - client-B22ED198845A->f3174d56-9988-40ec-970b-d447ed545dfb: receive RaftClientReply:client-B22ED198845A->f3174d56-9988-40ec-970b-d447ed545dfb@group-47B82E5F6106, cid=884, SUCCESS, logIndex=1166, commits[f3174d56-9988-40ec-970b-d447ed545dfb:c1166, 3e713ff3-0d17-449f-90fa-609b20cf4c10:c1164, 34290298-343f-405c-af97-b2d19041b010:c1164]
2019-09-11 09:06:23,142 [grpc-default-executor-1] INFO  client.GrpcClientProtocolClient (GrpcClientProtocolClient.java:onNext(264)) - client-B22ED198845A->f3174d56-9988-40ec-970b-d447ed545dfb: receive RaftClientReply:client-B22ED198845A->f3174d56-9988-40ec-970b-d447ed545dfb@group-47B82E5F6106, cid=885, SUCCESS, logIndex=0, commits[f3174d56-9988-40ec-970b-d447ed545dfb:c1167, 3e713ff3-0d17-449f-90fa-609b20cf4c10:c1166, 34290298-343f-405c-af97-b2d19041b010:c1166]
2019-09-11 09:06:23,153 [grpc-default-executor-1] INFO  client.GrpcClientProtocolClient (GrpcClientProtocolClient.java:onNext(264)) - client-B22ED198845A->f3174d56-9988-40ec-970b-d447ed545dfb: receive RaftClientReply:client-B22ED198845A->f3174d56-9988-40ec-970b-d447ed545dfb@group-47B82E5F6106, cid=886, SUCCESS, logIndex=1169, commits[f3174d56-9988-40ec-970b-d447ed545dfb:c1170, 3e713ff3-0d17-449f-90fa-609b20cf4c10:c1168, 34290298-343f-405c-af97-b2d19041b010:c1166]
2019-09-11 09:06:23,153 [grpc-default-executor-1] INFO  client.GrpcClientProtocolClient (GrpcClientProtocolClient.java:onNext(264)) - client-B22ED198845A->f3174d56-9988-40ec-970b-d447ed545dfb: receive RaftClientReply:client-B22ED198845A->f3174d56-9988-40ec-970b-d447ed545dfb@group-47B82E5F6106, cid=887, SUCCESS, logIndex=1170, commits[f3174d56-9988-40ec-970b-d447ed545dfb:c1170, 3e713ff3-0d17-449f-90fa-609b20cf4c10:c1168, 34290298-343f-405c-af97-b2d19041b010:c1168]
2019-09-11 09:06:23,154 [grpc-default-executor-1] INFO  client.GrpcClientProtocolClient (GrpcClientProtocolClient.java:onNext(264)) - client-B22ED198845A->f3174d56-9988-40ec-970b-d447ed545dfb: receive RaftClientReply:client-B22ED198845A->f3174d56-9988-40ec-970b-d447ed545dfb@group-47B82E5F6106, cid=888, SUCCESS, logIndex=1171, commits[f3174d56-9988-40ec-970b-d447ed545dfb:c1174, 3e713ff3-0d17-449f-90fa-609b20cf4c10:c1168, 34290298-343f-405c-af97-b2d19041b010:c1170]
2019-09-11 09:06:23,155 [grpc-default-executor-1] INFO  client.GrpcClientProtocolClient (GrpcClientProtocolClient.java:onNext(264)) - client-B22ED198845A->f3174d56-9988-40ec-970b-d447ed545dfb: receive RaftClientReply:client-B22ED198845A->f3174d56-9988-40ec-970b-d447ed545dfb@group-47B82E5F6106, cid=889, SUCCESS, logIndex=1172, commits[f3174d56-9988-40ec-970b-d447ed545dfb:c1174, 3e713ff3-0d17-449f-90fa-609b20cf4c10:c1168, 34290298-343f-405c-af97-b2d19041b010:c1170]
2019-09-11 09:06:23,156 [grpc-default-executor-1] INFO  client.GrpcClientProtocolClient (GrpcClientProtocolClient.java:onNext(264)) - client-B22ED198845A->f3174d56-9988-40ec-970b-d447ed545dfb: receive RaftClientReply:client-B22ED198845A->f3174d56-9988-40ec-970b-d447ed545dfb@group-47B82E5F6106, cid=890, SUCCESS, logIndex=0, commits[f3174d56-9988-40ec-970b-d447ed545dfb:c1174, 3e713ff3-0d17-449f-90fa-609b20cf4c10:c1170, 34290298-343f-405c-af97-b2d19041b010:c1170]
2019-09-11 09:06:23,165 [grpc-default-executor-1] INFO  client.GrpcClientProtocolClient (GrpcClientProtocolClient.java:onNext(264)) - client-B22ED198845A->f3174d56-9988-40ec-970b-d447ed545dfb: receive RaftClientReply:client-B22ED198845A->f3174d56-9988-40ec-970b-d447ed545dfb@group-47B82E5F6106, cid=891, SUCCESS, logIndex=1176, commits[f3174d56-9988-40ec-970b-d447ed545dfb:c1177, 3e713ff3-0d17-449f-90fa-609b20cf4c10:c1171, 34290298-343f-405c-af97-b2d19041b010:c1175]
2019-09-11 09:06:23,166 [grpc-default-executor-1] INFO  client.GrpcClientProtocolClient (GrpcClientProtocolClient.java:onNext(264)) - client-B22ED198845A->f3174d56-9988-40ec-970b-d447ed545dfb: receive RaftClientReply:client-B22ED198845A->f3174d56-9988-40ec-970b-d447ed545dfb@group-47B82E5F6106, cid=892, SUCCESS, logIndex=1177, commits[f3174d56-9988-40ec-970b-d447ed545dfb:c1177, 3e713ff3-0d17-449f-90fa-609b20cf4c10:c1175, 34290298-343f-405c-af97-b2d19041b010:c1175]
2019-09-11 09:06:23,176 [grpc-default-executor-5] INFO  client.GrpcClientProtocolClient (GrpcClientProtocolClient.java:onNext(264)) - client-B22ED198845A->f3174d56-9988-40ec-970b-d447ed545dfb: receive RaftClientReply:client-B22ED198845A->f3174d56-9988-40ec-970b-d447ed545dfb@group-47B82E5F6106, cid=893, SUCCESS, logIndex=1180, commits[f3174d56-9988-40ec-970b-d447ed545dfb:c1181, 3e713ff3-0d17-449f-90fa-609b20cf4c10:c1177, 34290298-343f-405c-af97-b2d19041b010:c1179]
2019-09-11 09:06:23,177 [grpc-default-executor-5] INFO  client.GrpcClientProtocolClient (GrpcClientProtocolClient.java:onNext(264)) - client-B22ED198845A->f3174d56-9988-40ec-970b-d447ed545dfb: receive RaftClientReply:client-B22ED198845A->f3174d56-9988-40ec-970b-d447ed545dfb@group-47B82E5F6106, cid=894, SUCCESS, logIndex=1181, commits[f3174d56-9988-40ec-970b-d447ed545dfb:c1181, 3e713ff3-0d17-449f-90fa-609b20cf4c10:c1177, 34290298-343f-405c-af97-b2d19041b010:c1179]
2019-09-11 09:06:23,179 [grpc-default-executor-4] INFO  client.GrpcClientProtocolClient (GrpcClientProtocolClient.java:onNext(264)) - client-B22ED198845A->f3174d56-9988-40ec-970b-d447ed545dfb: receive RaftClientReply:client-B22ED198845A->f3174d56-9988-40ec-970b-d447ed545dfb@group-47B82E5F6106, cid=895, SUCCESS, logIndex=0, commits[f3174d56-9988-40ec-970b-d447ed545dfb:c1182, 3e713ff3-0d17-449f-90fa-609b20cf4c10:c1181, 34290298-343f-405c-af97-b2d19041b010:c1181]
2019-09-11 09:06:23,210 [grpc-default-executor-5] INFO  client.GrpcClientProtocolClient (GrpcClientProtocolClient.java:onNext(264)) - client-B22ED198845A->f3174d56-9988-40ec-970b-d447ed545dfb: receive RaftClientReply:client-B22ED198845A->f3174d56-9988-40ec-970b-d447ed545dfb@group-47B82E5F6106, cid=896, SUCCESS, logIndex=1184, commits[f3174d56-9988-40ec-970b-d447ed545dfb:c1185, 3e713ff3-0d17-449f-90fa-609b20cf4c10:c1183, 34290298-343f-405c-af97-b2d19041b010:c1181]
2019-09-11 09:06:23,210 [grpc-default-executor-5] INFO  client.GrpcClientProtocolClient (GrpcClientProtocolClient.java:onNext(264)) - client-B22ED198845A->f3174d56-9988-40ec-970b-d447ed545dfb: receive RaftClientReply:client-B22ED198845A->f3174d56-9988-40ec-970b-d447ed545dfb@group-47B82E5F6106, cid=897, SUCCESS, logIndex=1185, commits[f3174d56-9988-40ec-970b-d447ed545dfb:c1185, 3e713ff3-0d17-449f-90fa-609b20cf4c10:c1183, 34290298-343f-405c-af97-b2d19041b010:c1183]
2019-09-11 09:06:23,211 [grpc-default-executor-5] INFO  client.GrpcClientProtocolClient (GrpcClientProtocolClient.java:onNext(264)) - client-B22ED198845A->f3174d56-9988-40ec-970b-d447ed545dfb: receive RaftClientReply:client-B22ED198845A->f3174d56-9988-40ec-970b-d447ed545dfb@group-47B82E5F6106, cid=898, SUCCESS, logIndex=1186, commits[f3174d56-9988-40ec-970b-d447ed545dfb:c1187, 3e713ff3-0d17-449f-90fa-609b20cf4c10:c1183, 34290298-343f-405c-af97-b2d19041b010:c1183]
2019-09-11 09:06:23,211 [grpc-default-executor-5] INFO  client.GrpcClientProtocolClient (GrpcClientProtocolClient.java:onNext(264)) - client-B22ED198845A->f3174d56-9988-40ec-970b-d447ed545dfb: receive RaftClientReply:client-B22ED198845A->f3174d56-9988-40ec-970b-d447ed545dfb@group-47B82E5F6106, cid=899, SUCCESS, logIndex=1187, commits[f3174d56-9988-40ec-970b-d447ed545dfb:c1187, 3e713ff3-0d17-449f-90fa-609b20cf4c10:c1183, 34290298-343f-405c-af97-b2d19041b010:c1183]
2019-09-11 09:06:23,212 [grpc-default-executor-5] INFO  client.GrpcClientProtocolClient (GrpcClientProtocolClient.java:onNext(264)) - client-B22ED198845A->f3174d56-9988-40ec-970b-d447ed545dfb: receive RaftClientReply:client-B22ED198845A->f3174d56-9988-40ec-970b-d447ed545dfb@group-47B82E5F6106, cid=900, SUCCESS, logIndex=0, commits[f3174d56-9988-40ec-970b-d447ed545dfb:c1190, 3e713ff3-0d17-449f-90fa-609b20cf4c10:c1187, 34290298-343f-405c-af97-b2d19041b010:c1187]
2019-09-11 09:06:23,229 [grpc-default-executor-1] INFO  client.GrpcClientProtocolClient (GrpcClientProtocolClient.java:onNext(264)) - client-B22ED198845A->f3174d56-9988-40ec-970b-d447ed545dfb: receive RaftClientReply:client-B22ED198845A->f3174d56-9988-40ec-970b-d447ed545dfb@group-47B82E5F6106, cid=901, SUCCESS, logIndex=1191, commits[f3174d56-9988-40ec-970b-d447ed545dfb:c1192, 3e713ff3-0d17-449f-90fa-609b20cf4c10:c1190, 34290298-343f-405c-af97-b2d19041b010:c1187]
2019-09-11 09:06:23,229 [grpc-default-executor-1] INFO  client.GrpcClientProtocolClient (GrpcClientProtocolClient.java:onNext(264)) - client-B22ED198845A->f3174d56-9988-40ec-970b-d447ed545dfb: receive RaftClientReply:client-B22ED198845A->f3174d56-9988-40ec-970b-d447ed545dfb@group-47B82E5F6106, cid=902, SUCCESS, logIndex=1192, commits[f3174d56-9988-40ec-970b-d447ed545dfb:c1192, 3e713ff3-0d17-449f-90fa-609b20cf4c10:c1190, 34290298-343f-405c-af97-b2d19041b010:c1187]
2019-09-11 09:06:23,248 [grpc-default-executor-5] INFO  client.GrpcClientProtocolClient (GrpcClientProtocolClient.java:onNext(264)) - client-B22ED198845A->f3174d56-9988-40ec-970b-d447ed545dfb: receive RaftClientReply:client-B22ED198845A->f3174d56-9988-40ec-970b-d447ed545dfb@group-47B82E5F6106, cid=903, SUCCESS, logIndex=1195, commits[f3174d56-9988-40ec-970b-d447ed545dfb:c1196, 3e713ff3-0d17-449f-90fa-609b20cf4c10:c1194, 34290298-343f-405c-af97-b2d19041b010:c1192]
2019-09-11 09:06:23,248 [grpc-default-executor-5] INFO  client.GrpcClientProtocolClient (GrpcClientProtocolClient.java:onNext(264)) - client-B22ED198845A->f3174d56-9988-40ec-970b-d447ed545dfb: receive RaftClientReply:client-B22ED198845A->f3174d56-9988-40ec-970b-d447ed545dfb@group-47B82E5F6106, cid=904, SUCCESS, logIndex=1196, commits[f3174d56-9988-40ec-970b-d447ed545dfb:c1196, 3e713ff3-0d17-449f-90fa-609b20cf4c10:c1194, 34290298-343f-405c-af97-b2d19041b010:c1194]
2019-09-11 09:06:23,260 [grpc-default-executor-5] INFO  client.GrpcClientProtocolClient (GrpcClientProtocolClient.java:onNext(264)) - client-B22ED198845A->f3174d56-9988-40ec-970b-d447ed545dfb: receive RaftClientReply:client-B22ED198845A->f3174d56-9988-40ec-970b-d447ed545dfb@group-47B82E5F6106, cid=905, SUCCESS, logIndex=0, commits[f3174d56-9988-40ec-970b-d447ed545dfb:c1197, 3e713ff3-0d17-449f-90fa-609b20cf4c10:c1196, 34290298-343f-405c-af97-b2d19041b010:c1196]
2019-09-11 09:06:23,279 [grpc-default-executor-1] INFO  client.GrpcClientProtocolClient (GrpcClientProtocolClient.java:onNext(264)) - client-B22ED198845A->f3174d56-9988-40ec-970b-d447ed545dfb: receive RaftClientReply:client-B22ED198845A->f3174d56-9988-40ec-970b-d447ed545dfb@group-47B82E5F6106, cid=906, SUCCESS, logIndex=1199, commits[f3174d56-9988-40ec-970b-d447ed545dfb:c1200, 3e713ff3-0d17-449f-90fa-609b20cf4c10:c1198, 34290298-343f-405c-af97-b2d19041b010:c1198]
2019-09-11 09:06:23,279 [grpc-default-executor-1] INFO  client.GrpcClientProtocolClient (GrpcClientProtocolClient.java:onNext(264)) - client-B22ED198845A->f3174d56-9988-40ec-970b-d447ed545dfb: receive RaftClientReply:client-B22ED198845A->f3174d56-9988-40ec-970b-d447ed545dfb@group-47B82E5F6106, cid=907, SUCCESS, logIndex=1200, commits[f3174d56-9988-40ec-970b-d447ed545dfb:c1202, 3e713ff3-0d17-449f-90fa-609b20cf4c10:c1198, 34290298-343f-405c-af97-b2d19041b010:c1198]
2019-09-11 09:06:23,280 [grpc-default-executor-1] INFO  client.GrpcClientProtocolClient (GrpcClientProtocolClient.java:onNext(264)) - client-B22ED198845A->f3174d56-9988-40ec-970b-d447ed545dfb: receive RaftClientReply:client-B22ED198845A->f3174d56-9988-40ec-970b-d447ed545dfb@group-47B82E5F6106, cid=908, SUCCESS, logIndex=1201, commits[f3174d56-9988-40ec-970b-d447ed545dfb:c1202, 3e713ff3-0d17-449f-90fa-609b20cf4c10:c1198, 34290298-343f-405c-af97-b2d19041b010:c1198]
2019-09-11 09:06:23,280 [grpc-default-executor-1] INFO  client.GrpcClientProtocolClient (GrpcClientProtocolClient.java:onNext(264)) - client-B22ED198845A->f3174d56-9988-40ec-970b-d447ed545dfb: receive RaftClientReply:client-B22ED198845A->f3174d56-9988-40ec-970b-d447ed545dfb@group-47B82E5F6106, cid=909, SUCCESS, logIndex=1202, commits[f3174d56-9988-40ec-970b-d447ed545dfb:c1202, 3e713ff3-0d17-449f-90fa-609b20cf4c10:c1198, 34290298-343f-405c-af97-b2d19041b010:c1198]
2019-09-11 09:06:23,281 [grpc-default-executor-4] INFO  client.GrpcClientProtocolClient (GrpcClientProtocolClient.java:onNext(264)) - client-B22ED198845A->f3174d56-9988-40ec-970b-d447ed545dfb: receive RaftClientReply:client-B22ED198845A->f3174d56-9988-40ec-970b-d447ed545dfb@group-47B82E5F6106, cid=910, SUCCESS, logIndex=0, commits[f3174d56-9988-40ec-970b-d447ed545dfb:c1204, 3e713ff3-0d17-449f-90fa-609b20cf4c10:c1200, 34290298-343f-405c-af97-b2d19041b010:c1200]
2019-09-11 09:06:23,300 [grpc-default-executor-1] INFO  client.GrpcClientProtocolClient (GrpcClientProtocolClient.java:onNext(264)) - client-B22ED198845A->f3174d56-9988-40ec-970b-d447ed545dfb: receive RaftClientReply:client-B22ED198845A->f3174d56-9988-40ec-970b-d447ed545dfb@group-47B82E5F6106, cid=911, SUCCESS, logIndex=1206, commits[f3174d56-9988-40ec-970b-d447ed545dfb:c1207, 3e713ff3-0d17-449f-90fa-609b20cf4c10:c1205, 34290298-343f-405c-af97-b2d19041b010:c1205]
2019-09-11 09:06:23,300 [grpc-default-executor-1] INFO  client.GrpcClientProtocolClient (GrpcClientProtocolClient.java:onNext(264)) - client-B22ED198845A->f3174d56-9988-40ec-970b-d447ed545dfb: receive RaftClientReply:client-B22ED198845A->f3174d56-9988-40ec-970b-d447ed545dfb@group-47B82E5F6106, cid=912, SUCCESS, logIndex=1207, commits[f3174d56-9988-40ec-970b-d447ed545dfb:c1207, 3e713ff3-0d17-449f-90fa-609b20cf4c10:c1205, 34290298-343f-405c-af97-b2d19041b010:c1205]
2019-09-11 09:06:23,313 [grpc-default-executor-4] INFO  client.GrpcClientProtocolClient (GrpcClientProtocolClient.java:onNext(264)) - client-B22ED198845A->f3174d56-9988-40ec-970b-d447ed545dfb: receive RaftClientReply:client-B22ED198845A->f3174d56-9988-40ec-970b-d447ed545dfb@group-47B82E5F6106, cid=913, SUCCESS, logIndex=1210, commits[f3174d56-9988-40ec-970b-d447ed545dfb:c1211, 3e713ff3-0d17-449f-90fa-609b20cf4c10:c1207, 34290298-343f-405c-af97-b2d19041b010:c1207]
2019-09-11 09:06:23,313 [grpc-default-executor-4] INFO  client.GrpcClientProtocolClient (GrpcClientProtocolClient.java:onNext(264)) - client-B22ED198845A->f3174d56-9988-40ec-970b-d447ed545dfb: receive RaftClientReply:client-B22ED198845A->f3174d56-9988-40ec-970b-d447ed545dfb@group-47B82E5F6106, cid=914, SUCCESS, logIndex=1211, commits[f3174d56-9988-40ec-970b-d447ed545dfb:c1211, 3e713ff3-0d17-449f-90fa-609b20cf4c10:c1207, 34290298-343f-405c-af97-b2d19041b010:c1207]
2019-09-11 09:06:23,324 [grpc-default-executor-4] INFO  client.GrpcClientProtocolClient (GrpcClientProtocolClient.java:onNext(264)) - client-B22ED198845A->f3174d56-9988-40ec-970b-d447ed545dfb: receive RaftClientReply:client-B22ED198845A->f3174d56-9988-40ec-970b-d447ed545dfb@group-47B82E5F6106, cid=915, SUCCESS, logIndex=0, commits[f3174d56-9988-40ec-970b-d447ed545dfb:c1212, 3e713ff3-0d17-449f-90fa-609b20cf4c10:c1211, 34290298-343f-405c-af97-b2d19041b010:c1211]
2019-09-11 09:06:23,343 [grpc-default-executor-4] INFO  client.GrpcClientProtocolClient (GrpcClientProtocolClient.java:onNext(264)) - client-B22ED198845A->f3174d56-9988-40ec-970b-d447ed545dfb: receive RaftClientReply:client-B22ED198845A->f3174d56-9988-40ec-970b-d447ed545dfb@group-47B82E5F6106, cid=916, SUCCESS, logIndex=1214, commits[f3174d56-9988-40ec-970b-d447ed545dfb:c1215, 3e713ff3-0d17-449f-90fa-609b20cf4c10:c1213, 34290298-343f-405c-af97-b2d19041b010:c1213]
2019-09-11 09:06:23,343 [grpc-default-executor-4] INFO  client.GrpcClientProtocolClient (GrpcClientProtocolClient.java:onNext(264)) - client-B22ED198845A->f3174d56-9988-40ec-970b-d447ed545dfb: receive RaftClientReply:client-B22ED198845A->f3174d56-9988-40ec-970b-d447ed545dfb@group-47B82E5F6106, cid=917, SUCCESS, logIndex=1215, commits[f3174d56-9988-40ec-970b-d447ed545dfb:c1217, 3e713ff3-0d17-449f-90fa-609b20cf4c10:c1213, 34290298-343f-405c-af97-b2d19041b010:c1213]
2019-09-11 09:06:23,344 [grpc-default-executor-4] INFO  client.GrpcClientProtocolClient (GrpcClientProtocolClient.java:onNext(264)) - client-B22ED198845A->f3174d56-9988-40ec-970b-d447ed545dfb: receive RaftClientReply:client-B22ED198845A->f3174d56-9988-40ec-970b-d447ed545dfb@group-47B82E5F6106, cid=918, SUCCESS, logIndex=1216, commits[f3174d56-9988-40ec-970b-d447ed545dfb:c1217, 3e713ff3-0d17-449f-90fa-609b20cf4c10:c1213, 34290298-343f-405c-af97-b2d19041b010:c1213]
2019-09-11 09:06:23,344 [grpc-default-executor-4] INFO  client.GrpcClientProtocolClient (GrpcClientProtocolClient.java:onNext(264)) - client-B22ED198845A->f3174d56-9988-40ec-970b-d447ed545dfb: receive RaftClientReply:client-B22ED198845A->f3174d56-9988-40ec-970b-d447ed545dfb@group-47B82E5F6106, cid=919, SUCCESS, logIndex=1217, commits[f3174d56-9988-40ec-970b-d447ed545dfb:c1217, 3e713ff3-0d17-449f-90fa-609b20cf4c10:c1213, 34290298-343f-405c-af97-b2d19041b010:c1213]
2019-09-11 09:06:23,346 [grpc-default-executor-4] INFO  client.GrpcClientProtocolClient (GrpcClientProtocolClient.java:onNext(264)) - client-B22ED198845A->f3174d56-9988-40ec-970b-d447ed545dfb: receive RaftClientReply:client-B22ED198845A->f3174d56-9988-40ec-970b-d447ed545dfb@group-47B82E5F6106, cid=920, SUCCESS, logIndex=0, commits[f3174d56-9988-40ec-970b-d447ed545dfb:c1221, 3e713ff3-0d17-449f-90fa-609b20cf4c10:c1217, 34290298-343f-405c-af97-b2d19041b010:c1215]
 0.00% |█                                                                                                    |  0/1 Time: 0:00:032019-09-11 09:06:23,498 [grpc-default-executor-4] INFO  client.GrpcClientProtocolClient (GrpcClientProtocolClient.java:onNext(264)) - client-B22ED198845A->f3174d56-9988-40ec-970b-d447ed545dfb: receive RaftClientReply:client-B22ED198845A->f3174d56-9988-40ec-970b-d447ed545dfb@group-47B82E5F6106, cid=921, SUCCESS, logIndex=1222, commits[f3174d56-9988-40ec-970b-d447ed545dfb:c1223, 3e713ff3-0d17-449f-90fa-609b20cf4c10:c1221, 34290298-343f-405c-af97-b2d19041b010:c1221]
2019-09-11 09:06:23,499 [grpc-default-executor-4] INFO  client.GrpcClientProtocolClient (GrpcClientProtocolClient.java:onNext(264)) - client-B22ED198845A->f3174d56-9988-40ec-970b-d447ed545dfb: receive RaftClientReply:client-B22ED198845A->f3174d56-9988-40ec-970b-d447ed545dfb@group-47B82E5F6106, cid=922, SUCCESS, logIndex=1223, commits[f3174d56-9988-40ec-970b-d447ed545dfb:c1223, 3e713ff3-0d17-449f-90fa-609b20cf4c10:c1221, 34290298-343f-405c-af97-b2d19041b010:c1221]
2019-09-11 09:06:23,525 [grpc-default-executor-4] INFO  client.GrpcClientProtocolClient (GrpcClientProtocolClient.java:onNext(264)) - client-B22ED198845A->f3174d56-9988-40ec-970b-d447ed545dfb: receive RaftClientReply:client-B22ED198845A->f3174d56-9988-40ec-970b-d447ed545dfb@group-47B82E5F6106, cid=923, SUCCESS, logIndex=1226, commits[f3174d56-9988-40ec-970b-d447ed545dfb:c1227, 3e713ff3-0d17-449f-90fa-609b20cf4c10:c1223, 34290298-343f-405c-af97-b2d19041b010:c1223]
2019-09-11 09:06:23,525 [grpc-default-executor-4] INFO  client.GrpcClientProtocolClient (GrpcClientProtocolClient.java:onNext(264)) - client-B22ED198845A->f3174d56-9988-40ec-970b-d447ed545dfb: receive RaftClientReply:client-B22ED198845A->f3174d56-9988-40ec-970b-d447ed545dfb@group-47B82E5F6106, cid=924, SUCCESS, logIndex=1227, commits[f3174d56-9988-40ec-970b-d447ed545dfb:c1227, 3e713ff3-0d17-449f-90fa-609b20cf4c10:c1223, 34290298-343f-405c-af97-b2d19041b010:c1223]
2019-09-11 09:06:23,527 [grpc-default-executor-4] INFO  client.GrpcClientProtocolClient (GrpcClientProtocolClient.java:onNext(264)) - client-B22ED198845A->f3174d56-9988-40ec-970b-d447ed545dfb: receive RaftClientReply:client-B22ED198845A->f3174d56-9988-40ec-970b-d447ed545dfb@group-47B82E5F6106, cid=925, SUCCESS, logIndex=0, commits[f3174d56-9988-40ec-970b-d447ed545dfb:c1229, 3e713ff3-0d17-449f-90fa-609b20cf4c10:c1227, 34290298-343f-405c-af97-b2d19041b010:c1227]
2019-09-11 09:06:23,549 [grpc-default-executor-0] INFO  client.GrpcClientProtocolClient (GrpcClientProtocolClient.java:onNext(264)) - client-B22ED198845A->f3174d56-9988-40ec-970b-d447ed545dfb: receive RaftClientReply:client-B22ED198845A->f3174d56-9988-40ec-970b-d447ed545dfb@group-47B82E5F6106, cid=926, SUCCESS, logIndex=1230, commits[f3174d56-9988-40ec-970b-d447ed545dfb:c1231, 3e713ff3-0d17-449f-90fa-609b20cf4c10:c1229, 34290298-343f-405c-af97-b2d19041b010:c1229]
2019-09-11 09:06:23,550 [grpc-default-executor-4] INFO  client.GrpcClientProtocolClient (GrpcClientProtocolClient.java:onNext(264)) - client-B22ED198845A->f3174d56-9988-40ec-970b-d447ed545dfb: receive RaftClientReply:client-B22ED198845A->f3174d56-9988-40ec-970b-d447ed545dfb@group-47B82E5F6106, cid=927, SUCCESS, logIndex=1231, commits[f3174d56-9988-40ec-970b-d447ed545dfb:c1231, 3e713ff3-0d17-449f-90fa-609b20cf4c10:c1229, 34290298-343f-405c-af97-b2d19041b010:c1229]
2019-09-11 09:06:23,550 [grpc-default-executor-5] INFO  client.GrpcClientProtocolClient (GrpcClientProtocolClient.java:onNext(264)) - client-B22ED198845A->f3174d56-9988-40ec-970b-d447ed545dfb: receive RaftClientReply:client-B22ED198845A->f3174d56-9988-40ec-970b-d447ed545dfb@group-47B82E5F6106, cid=928, SUCCESS, logIndex=1232, commits[f3174d56-9988-40ec-970b-d447ed545dfb:c1233, 3e713ff3-0d17-449f-90fa-609b20cf4c10:c1229, 34290298-343f-405c-af97-b2d19041b010:c1229]
2019-09-11 09:06:23,550 [grpc-default-executor-5] INFO  client.GrpcClientProtocolClient (GrpcClientProtocolClient.java:onNext(264)) - client-B22ED198845A->f3174d56-9988-40ec-970b-d447ed545dfb: receive RaftClientReply:client-B22ED198845A->f3174d56-9988-40ec-970b-d447ed545dfb@group-47B82E5F6106, cid=929, SUCCESS, logIndex=1233, commits[f3174d56-9988-40ec-970b-d447ed545dfb:c1233, 3e713ff3-0d17-449f-90fa-609b20cf4c10:c1229, 34290298-343f-405c-af97-b2d19041b010:c1229]
2019-09-11 09:06:23,552 [grpc-default-executor-4] INFO  client.GrpcClientProtocolClient (GrpcClientProtocolClient.java:onNext(264)) - client-B22ED198845A->f3174d56-9988-40ec-970b-d447ed545dfb: receive RaftClientReply:client-B22ED198845A->f3174d56-9988-40ec-970b-d447ed545dfb@group-47B82E5F6106, cid=930, SUCCESS, logIndex=0, commits[f3174d56-9988-40ec-970b-d447ed545dfb:c1237, 3e713ff3-0d17-449f-90fa-609b20cf4c10:c1232, 34290298-343f-405c-af97-b2d19041b010:c1233]
2019-09-11 09:06:23,573 [grpc-default-executor-1] INFO  client.GrpcClientProtocolClient (GrpcClientProtocolClient.java:onNext(264)) - client-B22ED198845A->f3174d56-9988-40ec-970b-d447ed545dfb: receive RaftClientReply:client-B22ED198845A->f3174d56-9988-40ec-970b-d447ed545dfb@group-47B82E5F6106, cid=931, SUCCESS, logIndex=1238, commits[f3174d56-9988-40ec-970b-d447ed545dfb:c1239, 3e713ff3-0d17-449f-90fa-609b20cf4c10:c1237, 34290298-343f-405c-af97-b2d19041b010:c1237]
2019-09-11 09:06:23,574 [grpc-default-executor-1] INFO  client.GrpcClientProtocolClient (GrpcClientProtocolClient.java:onNext(264)) - client-B22ED198845A->f3174d56-9988-40ec-970b-d447ed545dfb: receive RaftClientReply:client-B22ED198845A->f3174d56-9988-40ec-970b-d447ed545dfb@group-47B82E5F6106, cid=932, SUCCESS, logIndex=1239, commits[f3174d56-9988-40ec-970b-d447ed545dfb:c1239, 3e713ff3-0d17-449f-90fa-609b20cf4c10:c1237, 34290298-343f-405c-af97-b2d19041b010:c1237]
2019-09-11 09:06:23,589 [grpc-default-executor-0] INFO  client.GrpcClientProtocolClient (GrpcClientProtocolClient.java:onNext(264)) - client-B22ED198845A->f3174d56-9988-40ec-970b-d447ed545dfb: receive RaftClientReply:client-B22ED198845A->f3174d56-9988-40ec-970b-d447ed545dfb@group-47B82E5F6106, cid=933, SUCCESS, logIndex=1242, commits[f3174d56-9988-40ec-970b-d447ed545dfb:c1243, 3e713ff3-0d17-449f-90fa-609b20cf4c10:c1239, 34290298-343f-405c-af97-b2d19041b010:c1239]
2019-09-11 09:06:23,589 [grpc-default-executor-0] INFO  client.GrpcClientProtocolClient (GrpcClientProtocolClient.java:onNext(264)) - client-B22ED198845A->f3174d56-9988-40ec-970b-d447ed545dfb: receive RaftClientReply:client-B22ED198845A->f3174d56-9988-40ec-970b-d447ed545dfb@group-47B82E5F6106, cid=934, SUCCESS, logIndex=1243, commits[f3174d56-9988-40ec-970b-d447ed545dfb:c1243, 3e713ff3-0d17-449f-90fa-609b20cf4c10:c1239, 34290298-343f-405c-af97-b2d19041b010:c1239]
2019-09-11 09:06:23,603 [grpc-default-executor-0] INFO  client.GrpcClientProtocolClient (GrpcClientProtocolClient.java:onNext(264)) - client-B22ED198845A->f3174d56-9988-40ec-970b-d447ed545dfb: receive RaftClientReply:client-B22ED198845A->f3174d56-9988-40ec-970b-d447ed545dfb@group-47B82E5F6106, cid=935, SUCCESS, logIndex=0, commits[f3174d56-9988-40ec-970b-d447ed545dfb:c1245, 3e713ff3-0d17-449f-90fa-609b20cf4c10:c1243, 34290298-343f-405c-af97-b2d19041b010:c1243]
2019-09-11 09:06:23,624 [grpc-default-executor-0] INFO  client.GrpcClientProtocolClient (GrpcClientProtocolClient.java:onNext(264)) - client-B22ED198845A->f3174d56-9988-40ec-970b-d447ed545dfb: receive RaftClientReply:client-B22ED198845A->f3174d56-9988-40ec-970b-d447ed545dfb@group-47B82E5F6106, cid=936, SUCCESS, logIndex=1246, commits[f3174d56-9988-40ec-970b-d447ed545dfb:c1246, 3e713ff3-0d17-449f-90fa-609b20cf4c10:c1245, 34290298-343f-405c-af97-b2d19041b010:c1245]
2019-09-11 09:06:23,625 [grpc-default-executor-0] INFO  client.GrpcClientProtocolClient (GrpcClientProtocolClient.java:onNext(264)) - client-B22ED198845A->f3174d56-9988-40ec-970b-d447ed545dfb: receive RaftClientReply:client-B22ED198845A->f3174d56-9988-40ec-970b-d447ed545dfb@group-47B82E5F6106, cid=937, SUCCESS, logIndex=1247, commits[f3174d56-9988-40ec-970b-d447ed545dfb:c1247, 3e713ff3-0d17-449f-90fa-609b20cf4c10:c1245, 34290298-343f-405c-af97-b2d19041b010:c1245]
2019-09-11 09:06:23,625 [grpc-default-executor-0] INFO  client.GrpcClientProtocolClient (GrpcClientProtocolClient.java:onNext(264)) - client-B22ED198845A->f3174d56-9988-40ec-970b-d447ed545dfb: receive RaftClientReply:client-B22ED198845A->f3174d56-9988-40ec-970b-d447ed545dfb@group-47B82E5F6106, cid=938, SUCCESS, logIndex=1248, commits[f3174d56-9988-40ec-970b-d447ed545dfb:c1249, 3e713ff3-0d17-449f-90fa-609b20cf4c10:c1245, 34290298-343f-405c-af97-b2d19041b010:c1245]
2019-09-11 09:06:23,625 [grpc-default-executor-4] INFO  client.GrpcClientProtocolClient (GrpcClientProtocolClient.java:onNext(264)) - client-B22ED198845A->f3174d56-9988-40ec-970b-d447ed545dfb: receive RaftClientReply:client-B22ED198845A->f3174d56-9988-40ec-970b-d447ed545dfb@group-47B82E5F6106, cid=939, SUCCESS, logIndex=1249, commits[f3174d56-9988-40ec-970b-d447ed545dfb:c1249, 3e713ff3-0d17-449f-90fa-609b20cf4c10:c1245, 34290298-343f-405c-af97-b2d19041b010:c1245]
2019-09-11 09:06:23,627 [grpc-default-executor-0] INFO  client.GrpcClientProtocolClient (GrpcClientProtocolClient.java:onNext(264)) - client-B22ED198845A->f3174d56-9988-40ec-970b-d447ed545dfb: receive RaftClientReply:client-B22ED198845A->f3174d56-9988-40ec-970b-d447ed545dfb@group-47B82E5F6106, cid=940, SUCCESS, logIndex=0, commits[f3174d56-9988-40ec-970b-d447ed545dfb:c1251, 3e713ff3-0d17-449f-90fa-609b20cf4c10:c1247, 34290298-343f-405c-af97-b2d19041b010:c1247]
2019-09-11 09:06:23,647 [grpc-default-executor-4] INFO  client.GrpcClientProtocolClient (GrpcClientProtocolClient.java:onNext(264)) - client-B22ED198845A->f3174d56-9988-40ec-970b-d447ed545dfb: receive RaftClientReply:client-B22ED198845A->f3174d56-9988-40ec-970b-d447ed545dfb@group-47B82E5F6106, cid=941, SUCCESS, logIndex=1253, commits[f3174d56-9988-40ec-970b-d447ed545dfb:c1254, 3e713ff3-0d17-449f-90fa-609b20cf4c10:c1252, 34290298-343f-405c-af97-b2d19041b010:c1252]
2019-09-11 09:06:23,648 [grpc-default-executor-4] INFO  client.GrpcClientProtocolClient (GrpcClientProtocolClient.java:onNext(264)) - client-B22ED198845A->f3174d56-9988-40ec-970b-d447ed545dfb: receive RaftClientReply:client-B22ED198845A->f3174d56-9988-40ec-970b-d447ed545dfb@group-47B82E5F6106, cid=942, SUCCESS, logIndex=1254, commits[f3174d56-9988-40ec-970b-d447ed545dfb:c1254, 3e713ff3-0d17-449f-90fa-609b20cf4c10:c1252, 34290298-343f-405c-af97-b2d19041b010:c1252]
2019-09-11 09:06:23,664 [grpc-default-executor-0] INFO  client.GrpcClientProtocolClient (GrpcClientProtocolClient.java:onNext(264)) - client-B22ED198845A->f3174d56-9988-40ec-970b-d447ed545dfb: receive RaftClientReply:client-B22ED198845A->f3174d56-9988-40ec-970b-d447ed545dfb@group-47B82E5F6106, cid=943, SUCCESS, logIndex=1257, commits[f3174d56-9988-40ec-970b-d447ed545dfb:c1258, 3e713ff3-0d17-449f-90fa-609b20cf4c10:c1256, 34290298-343f-405c-af97-b2d19041b010:c1256]
2019-09-11 09:06:23,664 [grpc-default-executor-0] INFO  client.GrpcClientProtocolClient (GrpcClientProtocolClient.java:onNext(264)) - client-B22ED198845A->f3174d56-9988-40ec-970b-d447ed545dfb: receive RaftClientReply:client-B22ED198845A->f3174d56-9988-40ec-970b-d447ed545dfb@group-47B82E5F6106, cid=944, SUCCESS, logIndex=1258, commits[f3174d56-9988-40ec-970b-d447ed545dfb:c1258, 3e713ff3-0d17-449f-90fa-609b20cf4c10:c1256, 34290298-343f-405c-af97-b2d19041b010:c1256]
2019-09-11 09:06:23,668 [grpc-default-executor-0] INFO  client.GrpcClientProtocolClient (GrpcClientProtocolClient.java:onNext(264)) - client-B22ED198845A->f3174d56-9988-40ec-970b-d447ed545dfb: receive RaftClientReply:client-B22ED198845A->f3174d56-9988-40ec-970b-d447ed545dfb@group-47B82E5F6106, cid=945, SUCCESS, logIndex=0, commits[f3174d56-9988-40ec-970b-d447ed545dfb:c1259, 3e713ff3-0d17-449f-90fa-609b20cf4c10:c1258, 34290298-343f-405c-af97-b2d19041b010:c1258]
2019-09-11 09:06:23,681 [grpc-default-executor-5] INFO  client.GrpcClientProtocolClient (GrpcClientProtocolClient.java:onNext(264)) - client-B22ED198845A->f3174d56-9988-40ec-970b-d447ed545dfb: receive RaftClientReply:client-B22ED198845A->f3174d56-9988-40ec-970b-d447ed545dfb@group-47B82E5F6106, cid=946, SUCCESS, logIndex=1261, commits[f3174d56-9988-40ec-970b-d447ed545dfb:c1262, 3e713ff3-0d17-449f-90fa-609b20cf4c10:c1258, 34290298-343f-405c-af97-b2d19041b010:c1260]
2019-09-11 09:06:23,681 [grpc-default-executor-5] INFO  client.GrpcClientProtocolClient (GrpcClientProtocolClient.java:onNext(264)) - client-B22ED198845A->f3174d56-9988-40ec-970b-d447ed545dfb: receive RaftClientReply:client-B22ED198845A->f3174d56-9988-40ec-970b-d447ed545dfb@group-47B82E5F6106, cid=947, SUCCESS, logIndex=1262, commits[f3174d56-9988-40ec-970b-d447ed545dfb:c1262, 3e713ff3-0d17-449f-90fa-609b20cf4c10:c1260, 34290298-343f-405c-af97-b2d19041b010:c1260]
2019-09-11 09:06:23,682 [grpc-default-executor-5] INFO  client.GrpcClientProtocolClient (GrpcClientProtocolClient.java:onNext(264)) - client-B22ED198845A->f3174d56-9988-40ec-970b-d447ed545dfb: receive RaftClientReply:client-B22ED198845A->f3174d56-9988-40ec-970b-d447ed545dfb@group-47B82E5F6106, cid=948, SUCCESS, logIndex=1263, commits[f3174d56-9988-40ec-970b-d447ed545dfb:c1264, 3e713ff3-0d17-449f-90fa-609b20cf4c10:c1260, 34290298-343f-405c-af97-b2d19041b010:c1260]
2019-09-11 09:06:23,682 [grpc-default-executor-5] INFO  client.GrpcClientProtocolClient (GrpcClientProtocolClient.java:onNext(264)) - client-B22ED198845A->f3174d56-9988-40ec-970b-d447ed545dfb: receive RaftClientReply:client-B22ED198845A->f3174d56-9988-40ec-970b-d447ed545dfb@group-47B82E5F6106, cid=949, SUCCESS, logIndex=1264, commits[f3174d56-9988-40ec-970b-d447ed545dfb:c1264, 3e713ff3-0d17-449f-90fa-609b20cf4c10:c1260, 34290298-343f-405c-af97-b2d19041b010:c1260]
2019-09-11 09:06:23,683 [grpc-default-executor-5] INFO  client.GrpcClientProtocolClient (GrpcClientProtocolClient.java:onNext(264)) - client-B22ED198845A->f3174d56-9988-40ec-970b-d447ed545dfb: receive RaftClientReply:client-B22ED198845A->f3174d56-9988-40ec-970b-d447ed545dfb@group-47B82E5F6106, cid=950, SUCCESS, logIndex=0, commits[f3174d56-9988-40ec-970b-d447ed545dfb:c1267, 3e713ff3-0d17-449f-90fa-609b20cf4c10:c1264, 34290298-343f-405c-af97-b2d19041b010:c1262]
2019-09-11 09:06:23,695 [grpc-default-executor-5] INFO  client.GrpcClientProtocolClient (GrpcClientProtocolClient.java:onNext(264)) - client-B22ED198845A->f3174d56-9988-40ec-970b-d447ed545dfb: receive RaftClientReply:client-B22ED198845A->f3174d56-9988-40ec-970b-d447ed545dfb@group-47B82E5F6106, cid=951, SUCCESS, logIndex=1268, commits[f3174d56-9988-40ec-970b-d447ed545dfb:c1269, 3e713ff3-0d17-449f-90fa-609b20cf4c10:c1264, 34290298-343f-405c-af97-b2d19041b010:c1267]
2019-09-11 09:06:23,695 [grpc-default-executor-5] INFO  client.GrpcClientProtocolClient (GrpcClientProtocolClient.java:onNext(264)) - client-B22ED198845A->f3174d56-9988-40ec-970b-d447ed545dfb: receive RaftClientReply:client-B22ED198845A->f3174d56-9988-40ec-970b-d447ed545dfb@group-47B82E5F6106, cid=952, SUCCESS, logIndex=1269, commits[f3174d56-9988-40ec-970b-d447ed545dfb:c1269, 3e713ff3-0d17-449f-90fa-609b20cf4c10:c1264, 34290298-343f-405c-af97-b2d19041b010:c1267]
2019-09-11 09:06:23,707 [grpc-default-executor-5] INFO  client.GrpcClientProtocolClient (GrpcClientProtocolClient.java:onNext(264)) - client-B22ED198845A->f3174d56-9988-40ec-970b-d447ed545dfb: receive RaftClientReply:client-B22ED198845A->f3174d56-9988-40ec-970b-d447ed545dfb@group-47B82E5F6106, cid=953, SUCCESS, logIndex=1272, commits[f3174d56-9988-40ec-970b-d447ed545dfb:c1273, 3e713ff3-0d17-449f-90fa-609b20cf4c10:c1269, 34290298-343f-405c-af97-b2d19041b010:c1271]
2019-09-11 09:06:23,707 [grpc-default-executor-5] INFO  client.GrpcClientProtocolClient (GrpcClientProtocolClient.java:onNext(264)) - client-B22ED198845A->f3174d56-9988-40ec-970b-d447ed545dfb: receive RaftClientReply:client-B22ED198845A->f3174d56-9988-40ec-970b-d447ed545dfb@group-47B82E5F6106, cid=954, SUCCESS, logIndex=1273, commits[f3174d56-9988-40ec-970b-d447ed545dfb:c1273, 3e713ff3-0d17-449f-90fa-609b20cf4c10:c1271, 34290298-343f-405c-af97-b2d19041b010:c1271]
2019-09-11 09:06:23,710 [grpc-default-executor-5] INFO  client.GrpcClientProtocolClient (GrpcClientProtocolClient.java:onNext(264)) - client-B22ED198845A->f3174d56-9988-40ec-970b-d447ed545dfb: receive RaftClientReply:client-B22ED198845A->f3174d56-9988-40ec-970b-d447ed545dfb@group-47B82E5F6106, cid=955, SUCCESS, logIndex=0, commits[f3174d56-9988-40ec-970b-d447ed545dfb:c1274, 3e713ff3-0d17-449f-90fa-609b20cf4c10:c1273, 34290298-343f-405c-af97-b2d19041b010:c1273]
2019-09-11 09:06:23,722 [grpc-default-executor-4] INFO  client.GrpcClientProtocolClient (GrpcClientProtocolClient.java:onNext(264)) - client-B22ED198845A->f3174d56-9988-40ec-970b-d447ed545dfb: receive RaftClientReply:client-B22ED198845A->f3174d56-9988-40ec-970b-d447ed545dfb@group-47B82E5F6106, cid=956, SUCCESS, logIndex=1276, commits[f3174d56-9988-40ec-970b-d447ed545dfb:c1277, 3e713ff3-0d17-449f-90fa-609b20cf4c10:c1275, 34290298-343f-405c-af97-b2d19041b010:c1273]
2019-09-11 09:06:23,723 [grpc-default-executor-4] INFO  client.GrpcClientProtocolClient (GrpcClientProtocolClient.java:onNext(264)) - client-B22ED198845A->f3174d56-9988-40ec-970b-d447ed545dfb: receive RaftClientReply:client-B22ED198845A->f3174d56-9988-40ec-970b-d447ed545dfb@group-47B82E5F6106, cid=957, SUCCESS, logIndex=1277, commits[f3174d56-9988-40ec-970b-d447ed545dfb:c1277, 3e713ff3-0d17-449f-90fa-609b20cf4c10:c1275, 34290298-343f-405c-af97-b2d19041b010:c1273]
2019-09-11 09:06:23,724 [grpc-default-executor-1] INFO  client.GrpcClientProtocolClient (GrpcClientProtocolClient.java:onNext(264)) - client-B22ED198845A->f3174d56-9988-40ec-970b-d447ed545dfb: receive RaftClientReply:client-B22ED198845A->f3174d56-9988-40ec-970b-d447ed545dfb@group-47B82E5F6106, cid=958, SUCCESS, logIndex=1278, commits[f3174d56-9988-40ec-970b-d447ed545dfb:c1279, 3e713ff3-0d17-449f-90fa-609b20cf4c10:c1275, 34290298-343f-405c-af97-b2d19041b010:c1275]
2019-09-11 09:06:23,725 [grpc-default-executor-1] INFO  client.GrpcClientProtocolClient (GrpcClientProtocolClient.java:onNext(264)) - client-B22ED198845A->f3174d56-9988-40ec-970b-d447ed545dfb: receive RaftClientReply:client-B22ED198845A->f3174d56-9988-40ec-970b-d447ed545dfb@group-47B82E5F6106, cid=959, SUCCESS, logIndex=1279, commits[f3174d56-9988-40ec-970b-d447ed545dfb:c1281, 3e713ff3-0d17-449f-90fa-609b20cf4c10:c1275, 34290298-343f-405c-af97-b2d19041b010:c1277]
2019-09-11 09:06:23,726 [grpc-default-executor-4] INFO  client.GrpcClientProtocolClient (GrpcClientProtocolClient.java:onNext(264)) - client-B22ED198845A->f3174d56-9988-40ec-970b-d447ed545dfb: receive RaftClientReply:client-B22ED198845A->f3174d56-9988-40ec-970b-d447ed545dfb@group-47B82E5F6106, cid=960, SUCCESS, logIndex=0, commits[f3174d56-9988-40ec-970b-d447ed545dfb:c1281, 3e713ff3-0d17-449f-90fa-609b20cf4c10:c1277, 34290298-343f-405c-af97-b2d19041b010:c1277]
2019-09-11 09:06:23,737 [grpc-default-executor-1] INFO  client.GrpcClientProtocolClient (GrpcClientProtocolClient.java:onNext(264)) - client-B22ED198845A->f3174d56-9988-40ec-970b-d447ed545dfb: receive RaftClientReply:client-B22ED198845A->f3174d56-9988-40ec-970b-d447ed545dfb@group-47B82E5F6106, cid=961, SUCCESS, logIndex=1284, commits[f3174d56-9988-40ec-970b-d447ed545dfb:c1285, 3e713ff3-0d17-449f-90fa-609b20cf4c10:c1283, 34290298-343f-405c-af97-b2d19041b010:c1279]
2019-09-11 09:06:23,738 [grpc-default-executor-1] INFO  client.GrpcClientProtocolClient (GrpcClientProtocolClient.java:onNext(264)) - client-B22ED198845A->f3174d56-9988-40ec-970b-d447ed545dfb: receive RaftClientReply:client-B22ED198845A->f3174d56-9988-40ec-970b-d447ed545dfb@group-47B82E5F6106, cid=962, SUCCESS, logIndex=1285, commits[f3174d56-9988-40ec-970b-d447ed545dfb:c1285, 3e713ff3-0d17-449f-90fa-609b20cf4c10:c1283, 34290298-343f-405c-af97-b2d19041b010:c1283]
2019-09-11 09:06:23,748 [grpc-default-executor-1] INFO  client.GrpcClientProtocolClient (GrpcClientProtocolClient.java:onNext(264)) - client-B22ED198845A->f3174d56-9988-40ec-970b-d447ed545dfb: receive RaftClientReply:client-B22ED198845A->f3174d56-9988-40ec-970b-d447ed545dfb@group-47B82E5F6106, cid=963, SUCCESS, logIndex=1288, commits[f3174d56-9988-40ec-970b-d447ed545dfb:c1289, 3e713ff3-0d17-449f-90fa-609b20cf4c10:c1285, 34290298-343f-405c-af97-b2d19041b010:c1287]
2019-09-11 09:06:23,749 [grpc-default-executor-1] INFO  client.GrpcClientProtocolClient (GrpcClientProtocolClient.java:onNext(264)) - client-B22ED198845A->f3174d56-9988-40ec-970b-d447ed545dfb: receive RaftClientReply:client-B22ED198845A->f3174d56-9988-40ec-970b-d447ed545dfb@group-47B82E5F6106, cid=964, SUCCESS, logIndex=1289, commits[f3174d56-9988-40ec-970b-d447ed545dfb:c1289, 3e713ff3-0d17-449f-90fa-609b20cf4c10:c1287, 34290298-343f-405c-af97-b2d19041b010:c1287]
2019-09-11 09:06:23,750 [grpc-default-executor-5] INFO  client.GrpcClientProtocolClient (GrpcClientProtocolClient.java:onNext(264)) - client-B22ED198845A->f3174d56-9988-40ec-970b-d447ed545dfb: receive RaftClientReply:client-B22ED198845A->f3174d56-9988-40ec-970b-d447ed545dfb@group-47B82E5F6106, cid=965, SUCCESS, logIndex=0, commits[f3174d56-9988-40ec-970b-d447ed545dfb:c1290, 3e713ff3-0d17-449f-90fa-609b20cf4c10:c1289, 34290298-343f-405c-af97-b2d19041b010:c1289]
2019-09-11 09:06:23,777 [grpc-default-executor-5] INFO  client.GrpcClientProtocolClient (GrpcClientProtocolClient.java:onNext(264)) - client-B22ED198845A->f3174d56-9988-40ec-970b-d447ed545dfb: receive RaftClientReply:client-B22ED198845A->f3174d56-9988-40ec-970b-d447ed545dfb@group-47B82E5F6106, cid=966, SUCCESS, logIndex=1292, commits[f3174d56-9988-40ec-970b-d447ed545dfb:c1293, 3e713ff3-0d17-449f-90fa-609b20cf4c10:c1291, 34290298-343f-405c-af97-b2d19041b010:c1291]
2019-09-11 09:06:23,778 [grpc-default-executor-5] INFO  client.GrpcClientProtocolClient (GrpcClientProtocolClient.java:onNext(264)) - client-B22ED198845A->f3174d56-9988-40ec-970b-d447ed545dfb: receive RaftClientReply:client-B22ED198845A->f3174d56-9988-40ec-970b-d447ed545dfb@group-47B82E5F6106, cid=967, SUCCESS, logIndex=1293, commits[f3174d56-9988-40ec-970b-d447ed545dfb:c1295, 3e713ff3-0d17-449f-90fa-609b20cf4c10:c1291, 34290298-343f-405c-af97-b2d19041b010:c1291]
2019-09-11 09:06:23,778 [grpc-default-executor-5] INFO  client.GrpcClientProtocolClient (GrpcClientProtocolClient.java:onNext(264)) - client-B22ED198845A->f3174d56-9988-40ec-970b-d447ed545dfb: receive RaftClientReply:client-B22ED198845A->f3174d56-9988-40ec-970b-d447ed545dfb@group-47B82E5F6106, cid=968, SUCCESS, logIndex=1294, commits[f3174d56-9988-40ec-970b-d447ed545dfb:c1295, 3e713ff3-0d17-449f-90fa-609b20cf4c10:c1291, 34290298-343f-405c-af97-b2d19041b010:c1291]
2019-09-11 09:06:23,778 [grpc-default-executor-5] INFO  client.GrpcClientProtocolClient (GrpcClientProtocolClient.java:onNext(264)) - client-B22ED198845A->f3174d56-9988-40ec-970b-d447ed545dfb: receive RaftClientReply:client-B22ED198845A->f3174d56-9988-40ec-970b-d447ed545dfb@group-47B82E5F6106, cid=969, SUCCESS, logIndex=1295, commits[f3174d56-9988-40ec-970b-d447ed545dfb:c1295, 3e713ff3-0d17-449f-90fa-609b20cf4c10:c1291, 34290298-343f-405c-af97-b2d19041b010:c1291]
2019-09-11 09:06:23,779 [grpc-default-executor-5] INFO  client.GrpcClientProtocolClient (GrpcClientProtocolClient.java:onNext(264)) - client-B22ED198845A->f3174d56-9988-40ec-970b-d447ed545dfb: receive RaftClientReply:client-B22ED198845A->f3174d56-9988-40ec-970b-d447ed545dfb@group-47B82E5F6106, cid=970, SUCCESS, logIndex=0, commits[f3174d56-9988-40ec-970b-d447ed545dfb:c1297, 3e713ff3-0d17-449f-90fa-609b20cf4c10:c1295, 34290298-343f-405c-af97-b2d19041b010:c1295]
2019-09-11 09:06:23,804 [grpc-default-executor-2] INFO  client.GrpcClientProtocolClient (GrpcClientProtocolClient.java:onNext(264)) - client-B22ED198845A->f3174d56-9988-40ec-970b-d447ed545dfb: receive RaftClientReply:client-B22ED198845A->f3174d56-9988-40ec-970b-d447ed545dfb@group-47B82E5F6106, cid=971, SUCCESS, logIndex=1300, commits[f3174d56-9988-40ec-970b-d447ed545dfb:c1301, 3e713ff3-0d17-449f-90fa-609b20cf4c10:c1299, 34290298-343f-405c-af97-b2d19041b010:c1299]
2019-09-11 09:06:23,805 [grpc-default-executor-2] INFO  client.GrpcClientProtocolClient (GrpcClientProtocolClient.java:onNext(264)) - client-B22ED198845A->f3174d56-9988-40ec-970b-d447ed545dfb: receive RaftClientReply:client-B22ED198845A->f3174d56-9988-40ec-970b-d447ed545dfb@group-47B82E5F6106, cid=972, SUCCESS, logIndex=1301, commits[f3174d56-9988-40ec-970b-d447ed545dfb:c1301, 3e713ff3-0d17-449f-90fa-609b20cf4c10:c1299, 34290298-343f-405c-af97-b2d19041b010:c1299]
2019-09-11 09:06:23,817 [grpc-default-executor-0] INFO  client.GrpcClientProtocolClient (GrpcClientProtocolClient.java:onNext(264)) - client-B22ED198845A->f3174d56-9988-40ec-970b-d447ed545dfb: receive RaftClientReply:client-B22ED198845A->f3174d56-9988-40ec-970b-d447ed545dfb@group-47B82E5F6106, cid=973, SUCCESS, logIndex=1304, commits[f3174d56-9988-40ec-970b-d447ed545dfb:c1305, 3e713ff3-0d17-449f-90fa-609b20cf4c10:c1301, 34290298-343f-405c-af97-b2d19041b010:c1301]
2019-09-11 09:06:23,818 [grpc-default-executor-0] INFO  client.GrpcClientProtocolClient (GrpcClientProtocolClient.java:onNext(264)) - client-B22ED198845A->f3174d56-9988-40ec-970b-d447ed545dfb: receive RaftClientReply:client-B22ED198845A->f3174d56-9988-40ec-970b-d447ed545dfb@group-47B82E5F6106, cid=974, SUCCESS, logIndex=1305, commits[f3174d56-9988-40ec-970b-d447ed545dfb:c1305, 3e713ff3-0d17-449f-90fa-609b20cf4c10:c1301, 34290298-343f-405c-af97-b2d19041b010:c1301]
2019-09-11 09:06:23,830 [grpc-default-executor-0] INFO  client.GrpcClientProtocolClient (GrpcClientProtocolClient.java:onNext(264)) - client-B22ED198845A->f3174d56-9988-40ec-970b-d447ed545dfb: receive RaftClientReply:client-B22ED198845A->f3174d56-9988-40ec-970b-d447ed545dfb@group-47B82E5F6106, cid=975, SUCCESS, logIndex=0, commits[f3174d56-9988-40ec-970b-d447ed545dfb:c1307, 3e713ff3-0d17-449f-90fa-609b20cf4c10:c1305, 34290298-343f-405c-af97-b2d19041b010:c1305]
2019-09-11 09:06:23,853 [grpc-default-executor-2] INFO  client.GrpcClientProtocolClient (GrpcClientProtocolClient.java:onNext(264)) - client-B22ED198845A->f3174d56-9988-40ec-970b-d447ed545dfb: receive RaftClientReply:client-B22ED198845A->f3174d56-9988-40ec-970b-d447ed545dfb@group-47B82E5F6106, cid=976, SUCCESS, logIndex=1308, commits[f3174d56-9988-40ec-970b-d447ed545dfb:c1309, 3e713ff3-0d17-449f-90fa-609b20cf4c10:c1307, 34290298-343f-405c-af97-b2d19041b010:c1307]
2019-09-11 09:06:23,854 [grpc-default-executor-2] INFO  client.GrpcClientProtocolClient (GrpcClientProtocolClient.java:onNext(264)) - client-B22ED198845A->f3174d56-9988-40ec-970b-d447ed545dfb: receive RaftClientReply:client-B22ED198845A->f3174d56-9988-40ec-970b-d447ed545dfb@group-47B82E5F6106, cid=977, SUCCESS, logIndex=1309, commits[f3174d56-9988-40ec-970b-d447ed545dfb:c1309, 3e713ff3-0d17-449f-90fa-609b20cf4c10:c1307, 34290298-343f-405c-af97-b2d19041b010:c1307]
2019-09-11 09:06:23,855 [grpc-default-executor-0] INFO  client.GrpcClientProtocolClient (GrpcClientProtocolClient.java:onNext(264)) - client-B22ED198845A->f3174d56-9988-40ec-970b-d447ed545dfb: receive RaftClientReply:client-B22ED198845A->f3174d56-9988-40ec-970b-d447ed545dfb@group-47B82E5F6106, cid=978, SUCCESS, logIndex=1310, commits[f3174d56-9988-40ec-970b-d447ed545dfb:c1311, 3e713ff3-0d17-449f-90fa-609b20cf4c10:c1307, 34290298-343f-405c-af97-b2d19041b010:c1307]
2019-09-11 09:06:23,855 [grpc-default-executor-5] INFO  client.GrpcClientProtocolClient (GrpcClientProtocolClient.java:onNext(264)) - client-B22ED198845A->f3174d56-9988-40ec-970b-d447ed545dfb: receive RaftClientReply:client-B22ED198845A->f3174d56-9988-40ec-970b-d447ed545dfb@group-47B82E5F6106, cid=979, SUCCESS, logIndex=1311, commits[f3174d56-9988-40ec-970b-d447ed545dfb:c1311, 3e713ff3-0d17-449f-90fa-609b20cf4c10:c1307, 34290298-343f-405c-af97-b2d19041b010:c1307]
2019-09-11 09:06:23,856 [grpc-default-executor-5] INFO  client.GrpcClientProtocolClient (GrpcClientProtocolClient.java:onNext(264)) - client-B22ED198845A->f3174d56-9988-40ec-970b-d447ed545dfb: receive RaftClientReply:client-B22ED198845A->f3174d56-9988-40ec-970b-d447ed545dfb@group-47B82E5F6106, cid=980, SUCCESS, logIndex=0, commits[f3174d56-9988-40ec-970b-d447ed545dfb:c1314, 3e713ff3-0d17-449f-90fa-609b20cf4c10:c1311, 34290298-343f-405c-af97-b2d19041b010:c1311]
2019-09-11 09:06:23,878 [grpc-default-executor-2] INFO  client.GrpcClientProtocolClient (GrpcClientProtocolClient.java:onNext(264)) - client-B22ED198845A->f3174d56-9988-40ec-970b-d447ed545dfb: receive RaftClientReply:client-B22ED198845A->f3174d56-9988-40ec-970b-d447ed545dfb@group-47B82E5F6106, cid=981, SUCCESS, logIndex=1315, commits[f3174d56-9988-40ec-970b-d447ed545dfb:c1316, 3e713ff3-0d17-449f-90fa-609b20cf4c10:c1314, 34290298-343f-405c-af97-b2d19041b010:c1314]
2019-09-11 09:06:23,878 [grpc-default-executor-2] INFO  client.GrpcClientProtocolClient (GrpcClientProtocolClient.java:onNext(264)) - client-B22ED198845A->f3174d56-9988-40ec-970b-d447ed545dfb: receive RaftClientReply:client-B22ED198845A->f3174d56-9988-40ec-970b-d447ed545dfb@group-47B82E5F6106, cid=982, SUCCESS, logIndex=1316, commits[f3174d56-9988-40ec-970b-d447ed545dfb:c1316, 3e713ff3-0d17-449f-90fa-609b20cf4c10:c1314, 34290298-343f-405c-af97-b2d19041b010:c1314]
2019-09-11 09:06:23,893 [grpc-default-executor-5] INFO  client.GrpcClientProtocolClient (GrpcClientProtocolClient.java:onNext(264)) - client-B22ED198845A->f3174d56-9988-40ec-970b-d447ed545dfb: receive RaftClientReply:client-B22ED198845A->f3174d56-9988-40ec-970b-d447ed545dfb@group-47B82E5F6106, cid=983, SUCCESS, logIndex=1319, commits[f3174d56-9988-40ec-970b-d447ed545dfb:c1320, 3e713ff3-0d17-449f-90fa-609b20cf4c10:c1316, 34290298-343f-405c-af97-b2d19041b010:c1316]
2019-09-11 09:06:23,893 [grpc-default-executor-5] INFO  client.GrpcClientProtocolClient (GrpcClientProtocolClient.java:onNext(264)) - client-B22ED198845A->f3174d56-9988-40ec-970b-d447ed545dfb: receive RaftClientReply:client-B22ED198845A->f3174d56-9988-40ec-970b-d447ed545dfb@group-47B82E5F6106, cid=984, SUCCESS, logIndex=1320, commits[f3174d56-9988-40ec-970b-d447ed545dfb:c1320, 3e713ff3-0d17-449f-90fa-609b20cf4c10:c1316, 34290298-343f-405c-af97-b2d19041b010:c1316]
2019-09-11 09:06:23,907 [grpc-default-executor-5] INFO  client.GrpcClientProtocolClient (GrpcClientProtocolClient.java:onNext(264)) - client-B22ED198845A->f3174d56-9988-40ec-970b-d447ed545dfb: receive RaftClientReply:client-B22ED198845A->f3174d56-9988-40ec-970b-d447ed545dfb@group-47B82E5F6106, cid=985, SUCCESS, logIndex=0, commits[f3174d56-9988-40ec-970b-d447ed545dfb:c1322, 3e713ff3-0d17-449f-90fa-609b20cf4c10:c1320, 34290298-343f-405c-af97-b2d19041b010:c1320]
2019-09-11 09:06:23,930 [grpc-default-executor-0] INFO  client.GrpcClientProtocolClient (GrpcClientProtocolClient.java:onNext(264)) - client-B22ED198845A->f3174d56-9988-40ec-970b-d447ed545dfb: receive RaftClientReply:client-B22ED198845A->f3174d56-9988-40ec-970b-d447ed545dfb@group-47B82E5F6106, cid=986, SUCCESS, logIndex=1323, commits[f3174d56-9988-40ec-970b-d447ed545dfb:c1324, 3e713ff3-0d17-449f-90fa-609b20cf4c10:c1322, 34290298-343f-405c-af97-b2d19041b010:c1322]
2019-09-11 09:06:23,931 [grpc-default-executor-0] INFO  client.GrpcClientProtocolClient (GrpcClientProtocolClient.java:onNext(264)) - client-B22ED198845A->f3174d56-9988-40ec-970b-d447ed545dfb: receive RaftClientReply:client-B22ED198845A->f3174d56-9988-40ec-970b-d447ed545dfb@group-47B82E5F6106, cid=987, SUCCESS, logIndex=1324, commits[f3174d56-9988-40ec-970b-d447ed545dfb:c1324, 3e713ff3-0d17-449f-90fa-609b20cf4c10:c1322, 34290298-343f-405c-af97-b2d19041b010:c1322]
2019-09-11 09:06:23,943 [grpc-default-executor-2] INFO  client.GrpcClientProtocolClient (GrpcClientProtocolClient.java:onNext(264)) - client-B22ED198845A->f3174d56-9988-40ec-970b-d447ed545dfb: receive RaftClientReply:client-B22ED198845A->f3174d56-9988-40ec-970b-d447ed545dfb@group-47B82E5F6106, cid=988, SUCCESS, logIndex=1325, commits[f3174d56-9988-40ec-970b-d447ed545dfb:c1328, 3e713ff3-0d17-449f-90fa-609b20cf4c10:c1322, 34290298-343f-405c-af97-b2d19041b010:c1324]
2019-09-11 09:06:23,943 [grpc-default-executor-2] INFO  client.GrpcClientProtocolClient (GrpcClientProtocolClient.java:onNext(264)) - client-B22ED198845A->f3174d56-9988-40ec-970b-d447ed545dfb: receive RaftClientReply:client-B22ED198845A->f3174d56-9988-40ec-970b-d447ed545dfb@group-47B82E5F6106, cid=989, SUCCESS, logIndex=1326, commits[f3174d56-9988-40ec-970b-d447ed545dfb:c1328, 3e713ff3-0d17-449f-90fa-609b20cf4c10:c1324, 34290298-343f-405c-af97-b2d19041b010:c1324]
2019-09-11 09:06:23,957 [grpc-default-executor-2] INFO  client.GrpcClientProtocolClient (GrpcClientProtocolClient.java:onNext(264)) - client-B22ED198845A->f3174d56-9988-40ec-970b-d447ed545dfb: receive RaftClientReply:client-B22ED198845A->f3174d56-9988-40ec-970b-d447ed545dfb@group-47B82E5F6106, cid=990, SUCCESS, logIndex=1330, commits[f3174d56-9988-40ec-970b-d447ed545dfb:c1331, 3e713ff3-0d17-449f-90fa-609b20cf4c10:c1329, 34290298-343f-405c-af97-b2d19041b010:c1329]
2019-09-11 09:06:23,958 [grpc-default-executor-2] INFO  client.GrpcClientProtocolClient (GrpcClientProtocolClient.java:onNext(264)) - client-B22ED198845A->f3174d56-9988-40ec-970b-d447ed545dfb: receive RaftClientReply:client-B22ED198845A->f3174d56-9988-40ec-970b-d447ed545dfb@group-47B82E5F6106, cid=991, SUCCESS, logIndex=1331, commits[f3174d56-9988-40ec-970b-d447ed545dfb:c1331, 3e713ff3-0d17-449f-90fa-609b20cf4c10:c1329, 34290298-343f-405c-af97-b2d19041b010:c1329]
2019-09-11 09:06:23,972 [grpc-default-executor-4] INFO  client.GrpcClientProtocolClient (GrpcClientProtocolClient.java:onNext(264)) - client-B22ED198845A->f3174d56-9988-40ec-970b-d447ed545dfb: receive RaftClientReply:client-B22ED198845A->f3174d56-9988-40ec-970b-d447ed545dfb@group-47B82E5F6106, cid=992, SUCCESS, logIndex=1334, commits[f3174d56-9988-40ec-970b-d447ed545dfb:c1335, 3e713ff3-0d17-449f-90fa-609b20cf4c10:c1333, 34290298-343f-405c-af97-b2d19041b010:c1333]
2019-09-11 09:06:23,973 [grpc-default-executor-4] INFO  client.GrpcClientProtocolClient (GrpcClientProtocolClient.java:onNext(264)) - client-B22ED198845A->f3174d56-9988-40ec-970b-d447ed545dfb: receive RaftClientReply:client-B22ED198845A->f3174d56-9988-40ec-970b-d447ed545dfb@group-47B82E5F6106, cid=993, SUCCESS, logIndex=1335, commits[f3174d56-9988-40ec-970b-d447ed545dfb:c1335, 3e713ff3-0d17-449f-90fa-609b20cf4c10:c1333, 34290298-343f-405c-af97-b2d19041b010:c1333]
2019-09-11 09:06:23,976 [grpc-default-executor-0] INFO  client.GrpcClientProtocolClient (GrpcClientProtocolClient.java:onNext(264)) - client-B22ED198845A->f3174d56-9988-40ec-970b-d447ed545dfb: receive RaftClientReply:client-B22ED198845A->f3174d56-9988-40ec-970b-d447ed545dfb@group-47B82E5F6106, cid=994, SUCCESS, logIndex=0, commits[f3174d56-9988-40ec-970b-d447ed545dfb:c1337, 3e713ff3-0d17-449f-90fa-609b20cf4c10:c1335, 34290298-343f-405c-af97-b2d19041b010:c1335]
2019-09-11 09:06:24,259 [grpc-default-executor-4] INFO  client.GrpcClientProtocolClient (GrpcClientProtocolClient.java:onNext(264)) - client-B22ED198845A->f3174d56-9988-40ec-970b-d447ed545dfb: receive RaftClientReply:client-B22ED198845A->f3174d56-9988-40ec-970b-d447ed545dfb@group-47B82E5F6106, cid=995, SUCCESS, logIndex=1338, commits[f3174d56-9988-40ec-970b-d447ed545dfb:c1340, 3e713ff3-0d17-449f-90fa-609b20cf4c10:c1337, 34290298-343f-405c-af97-b2d19041b010:c1337]
2019-09-11 09:06:24,261 [grpc-default-executor-5] INFO  client.GrpcClientProtocolClient (GrpcClientProtocolClient.java:onNext(264)) - client-B22ED198845A->f3174d56-9988-40ec-970b-d447ed545dfb: receive RaftClientReply:client-B22ED198845A->f3174d56-9988-40ec-970b-d447ed545dfb@group-47B82E5F6106, cid=996, SUCCESS, logIndex=1339, commits[f3174d56-9988-40ec-970b-d447ed545dfb:c1341, 3e713ff3-0d17-449f-90fa-609b20cf4c10:c1337, 34290298-343f-405c-af97-b2d19041b010:c1337]
2019-09-11 09:06:24,262 [grpc-default-executor-5] INFO  client.GrpcClientProtocolClient (GrpcClientProtocolClient.java:onNext(264)) - client-B22ED198845A->f3174d56-9988-40ec-970b-d447ed545dfb: receive RaftClientReply:client-B22ED198845A->f3174d56-9988-40ec-970b-d447ed545dfb@group-47B82E5F6106, cid=997, SUCCESS, logIndex=1340, commits[f3174d56-9988-40ec-970b-d447ed545dfb:c1341, 3e713ff3-0d17-449f-90fa-609b20cf4c10:c1337, 34290298-343f-405c-af97-b2d19041b010:c1337]
2019-09-11 09:06:24,262 [grpc-default-executor-5] INFO  client.GrpcClientProtocolClient (GrpcClientProtocolClient.java:onNext(264)) - client-B22ED198845A->f3174d56-9988-40ec-970b-d447ed545dfb: receive RaftClientReply:client-B22ED198845A->f3174d56-9988-40ec-970b-d447ed545dfb@group-47B82E5F6106, cid=998, SUCCESS, logIndex=1341, commits[f3174d56-9988-40ec-970b-d447ed545dfb:c1341, 3e713ff3-0d17-449f-90fa-609b20cf4c10:c1337, 34290298-343f-405c-af97-b2d19041b010:c1337]
2019-09-11 09:06:24,272 [grpc-default-executor-5] INFO  client.GrpcClientProtocolClient (GrpcClientProtocolClient.java:onNext(264)) - client-B22ED198845A->f3174d56-9988-40ec-970b-d447ed545dfb: receive RaftClientReply:client-B22ED198845A->f3174d56-9988-40ec-970b-d447ed545dfb@group-47B82E5F6106, cid=999, SUCCESS, logIndex=0, commits[f3174d56-9988-40ec-970b-d447ed545dfb:c1345, 3e713ff3-0d17-449f-90fa-609b20cf4c10:c1341, 34290298-343f-405c-af97-b2d19041b010:c1339]
2019-09-11 09:06:24,295 [grpc-default-executor-5] INFO  client.GrpcClientProtocolClient (GrpcClientProtocolClient.java:onNext(264)) - client-B22ED198845A->f3174d56-9988-40ec-970b-d447ed545dfb: receive RaftClientReply:client-B22ED198845A->f3174d56-9988-40ec-970b-d447ed545dfb@group-47B82E5F6106, cid=1000, SUCCESS, logIndex=1346, commits[f3174d56-9988-40ec-970b-d447ed545dfb:c1347, 3e713ff3-0d17-449f-90fa-609b20cf4c10:c1345, 34290298-343f-405c-af97-b2d19041b010:c1345]
2019-09-11 09:06:24,295 [grpc-default-executor-5] INFO  client.GrpcClientProtocolClient (GrpcClientProtocolClient.java:onNext(264)) - client-B22ED198845A->f3174d56-9988-40ec-970b-d447ed545dfb: receive RaftClientReply:client-B22ED198845A->f3174d56-9988-40ec-970b-d447ed545dfb@group-47B82E5F6106, cid=1001, SUCCESS, logIndex=1347, commits[f3174d56-9988-40ec-970b-d447ed545dfb:c1347, 3e713ff3-0d17-449f-90fa-609b20cf4c10:c1345, 34290298-343f-405c-af97-b2d19041b010:c1345]
2019-09-11 09:06:24,308 [grpc-default-executor-0] INFO  client.GrpcClientProtocolClient (GrpcClientProtocolClient.java:onNext(264)) - client-B22ED198845A->f3174d56-9988-40ec-970b-d447ed545dfb: receive RaftClientReply:client-B22ED198845A->f3174d56-9988-40ec-970b-d447ed545dfb@group-47B82E5F6106, cid=1002, SUCCESS, logIndex=1350, commits[f3174d56-9988-40ec-970b-d447ed545dfb:c1351, 3e713ff3-0d17-449f-90fa-609b20cf4c10:c1347, 34290298-343f-405c-af97-b2d19041b010:c1347]
2019-09-11 09:06:24,308 [grpc-default-executor-0] INFO  client.GrpcClientProtocolClient (GrpcClientProtocolClient.java:onNext(264)) - client-B22ED198845A->f3174d56-9988-40ec-970b-d447ed545dfb: receive RaftClientReply:client-B22ED198845A->f3174d56-9988-40ec-970b-d447ed545dfb@group-47B82E5F6106, cid=1003, SUCCESS, logIndex=1351, commits[f3174d56-9988-40ec-970b-d447ed545dfb:c1351, 3e713ff3-0d17-449f-90fa-609b20cf4c10:c1347, 34290298-343f-405c-af97-b2d19041b010:c1347]
2019-09-11 09:06:24,309 [grpc-default-executor-0] INFO  client.GrpcClientProtocolClient (GrpcClientProtocolClient.java:onNext(264)) - client-B22ED198845A->f3174d56-9988-40ec-970b-d447ed545dfb: receive RaftClientReply:client-B22ED198845A->f3174d56-9988-40ec-970b-d447ed545dfb@group-47B82E5F6106, cid=1004, SUCCESS, logIndex=0, commits[f3174d56-9988-40ec-970b-d447ed545dfb:c1352, 3e713ff3-0d17-449f-90fa-609b20cf4c10:c1351, 34290298-343f-405c-af97-b2d19041b010:c1351]
2019-09-11 09:06:24,330 [grpc-default-executor-4] INFO  client.GrpcClientProtocolClient (GrpcClientProtocolClient.java:onNext(264)) - client-B22ED198845A->f3174d56-9988-40ec-970b-d447ed545dfb: receive RaftClientReply:client-B22ED198845A->f3174d56-9988-40ec-970b-d447ed545dfb@group-47B82E5F6106, cid=1005, SUCCESS, logIndex=1354, commits[f3174d56-9988-40ec-970b-d447ed545dfb:c1355, 3e713ff3-0d17-449f-90fa-609b20cf4c10:c1353, 34290298-343f-405c-af97-b2d19041b010:c1353]
2019-09-11 09:06:24,331 [grpc-default-executor-2] INFO  client.GrpcClientProtocolClient (GrpcClientProtocolClient.java:onNext(264)) - client-B22ED198845A->f3174d56-9988-40ec-970b-d447ed545dfb: receive RaftClientReply:client-B22ED198845A->f3174d56-9988-40ec-970b-d447ed545dfb@group-47B82E5F6106, cid=1006, SUCCESS, logIndex=1355, commits[f3174d56-9988-40ec-970b-d447ed545dfb:c1355, 3e713ff3-0d17-449f-90fa-609b20cf4c10:c1353, 34290298-343f-405c-af97-b2d19041b010:c1353]
2019-09-11 09:06:24,331 [grpc-default-executor-2] INFO  client.GrpcClientProtocolClient (GrpcClientProtocolClient.java:onNext(264)) - client-B22ED198845A->f3174d56-9988-40ec-970b-d447ed545dfb: receive RaftClientReply:client-B22ED198845A->f3174d56-9988-40ec-970b-d447ed545dfb@group-47B82E5F6106, cid=1007, SUCCESS, logIndex=1356, commits[f3174d56-9988-40ec-970b-d447ed545dfb:c1357, 3e713ff3-0d17-449f-90fa-609b20cf4c10:c1353, 34290298-343f-405c-af97-b2d19041b010:c1353]
2019-09-11 09:06:24,331 [grpc-default-executor-2] INFO  client.GrpcClientProtocolClient (GrpcClientProtocolClient.java:onNext(264)) - client-B22ED198845A->f3174d56-9988-40ec-970b-d447ed545dfb: receive RaftClientReply:client-B22ED198845A->f3174d56-9988-40ec-970b-d447ed545dfb@group-47B82E5F6106, cid=1008, SUCCESS, logIndex=1357, commits[f3174d56-9988-40ec-970b-d447ed545dfb:c1357, 3e713ff3-0d17-449f-90fa-609b20cf4c10:c1353, 34290298-343f-405c-af97-b2d19041b010:c1353]
2019-09-11 09:06:24,333 [grpc-default-executor-0] INFO  client.GrpcClientProtocolClient (GrpcClientProtocolClient.java:onNext(264)) - client-B22ED198845A->f3174d56-9988-40ec-970b-d447ed545dfb: receive RaftClientReply:client-B22ED198845A->f3174d56-9988-40ec-970b-d447ed545dfb@group-47B82E5F6106, cid=1009, SUCCESS, logIndex=0, commits[f3174d56-9988-40ec-970b-d447ed545dfb:c1359, 3e713ff3-0d17-449f-90fa-609b20cf4c10:c1355, 34290298-343f-405c-af97-b2d19041b010:c1355]
2019-09-11 09:06:24,354 [grpc-default-executor-4] INFO  client.GrpcClientProtocolClient (GrpcClientProtocolClient.java:onNext(264)) - client-B22ED198845A->f3174d56-9988-40ec-970b-d447ed545dfb: receive RaftClientReply:client-B22ED198845A->f3174d56-9988-40ec-970b-d447ed545dfb@group-47B82E5F6106, cid=1010, SUCCESS, logIndex=1361, commits[f3174d56-9988-40ec-970b-d447ed545dfb:c1362, 3e713ff3-0d17-449f-90fa-609b20cf4c10:c1360, 34290298-343f-405c-af97-b2d19041b010:c1360]
2019-09-11 09:06:24,354 [grpc-default-executor-4] INFO  client.GrpcClientProtocolClient (GrpcClientProtocolClient.java:onNext(264)) - client-B22ED198845A->f3174d56-9988-40ec-970b-d447ed545dfb: receive RaftClientReply:client-B22ED198845A->f3174d56-9988-40ec-970b-d447ed545dfb@group-47B82E5F6106, cid=1011, SUCCESS, logIndex=1362, commits[f3174d56-9988-40ec-970b-d447ed545dfb:c1362, 3e713ff3-0d17-449f-90fa-609b20cf4c10:c1360, 34290298-343f-405c-af97-b2d19041b010:c1360]
2019-09-11 09:06:24,369 [grpc-default-executor-2] INFO  client.GrpcClientProtocolClient (GrpcClientProtocolClient.java:onNext(264)) - client-B22ED198845A->f3174d56-9988-40ec-970b-d447ed545dfb: receive RaftClientReply:client-B22ED198845A->f3174d56-9988-40ec-970b-d447ed545dfb@group-47B82E5F6106, cid=1012, SUCCESS, logIndex=1365, commits[f3174d56-9988-40ec-970b-d447ed545dfb:c1366, 3e713ff3-0d17-449f-90fa-609b20cf4c10:c1362, 34290298-343f-405c-af97-b2d19041b010:c1362]
2019-09-11 09:06:24,369 [grpc-default-executor-2] INFO  client.GrpcClientProtocolClient (GrpcClientProtocolClient.java:onNext(264)) - client-B22ED198845A->f3174d56-9988-40ec-970b-d447ed545dfb: receive RaftClientReply:client-B22ED198845A->f3174d56-9988-40ec-970b-d447ed545dfb@group-47B82E5F6106, cid=1013, SUCCESS, logIndex=1366, commits[f3174d56-9988-40ec-970b-d447ed545dfb:c1366, 3e713ff3-0d17-449f-90fa-609b20cf4c10:c1362, 34290298-343f-405c-af97-b2d19041b010:c1362]
2019-09-11 09:06:24,382 [grpc-default-executor-2] INFO  client.GrpcClientProtocolClient (GrpcClientProtocolClient.java:onNext(264)) - client-B22ED198845A->f3174d56-9988-40ec-970b-d447ed545dfb: receive RaftClientReply:client-B22ED198845A->f3174d56-9988-40ec-970b-d447ed545dfb@group-47B82E5F6106, cid=1014, SUCCESS, logIndex=0, commits[f3174d56-9988-40ec-970b-d447ed545dfb:c1367, 3e713ff3-0d17-449f-90fa-609b20cf4c10:c1366, 34290298-343f-405c-af97-b2d19041b010:c1366]
2019-09-11 09:06:24,402 [grpc-default-executor-0] INFO  client.GrpcClientProtocolClient (GrpcClientProtocolClient.java:onNext(264)) - client-B22ED198845A->f3174d56-9988-40ec-970b-d447ed545dfb: receive RaftClientReply:client-B22ED198845A->f3174d56-9988-40ec-970b-d447ed545dfb@group-47B82E5F6106, cid=1015, SUCCESS, logIndex=1369, commits[f3174d56-9988-40ec-970b-d447ed545dfb:c1370, 3e713ff3-0d17-449f-90fa-609b20cf4c10:c1368, 34290298-343f-405c-af97-b2d19041b010:c1368]
2019-09-11 09:06:24,402 [grpc-default-executor-2] INFO  client.GrpcClientProtocolClient (GrpcClientProtocolClient.java:onNext(264)) - client-B22ED198845A->f3174d56-9988-40ec-970b-d447ed545dfb: receive RaftClientReply:client-B22ED198845A->f3174d56-9988-40ec-970b-d447ed545dfb@group-47B82E5F6106, cid=1016, SUCCESS, logIndex=1370, commits[f3174d56-9988-40ec-970b-d447ed545dfb:c1371, 3e713ff3-0d17-449f-90fa-609b20cf4c10:c1368, 34290298-343f-405c-af97-b2d19041b010:c1368]
2019-09-11 09:06:24,403 [grpc-default-executor-2] INFO  client.GrpcClientProtocolClient (GrpcClientProtocolClient.java:onNext(264)) - client-B22ED198845A->f3174d56-9988-40ec-970b-d447ed545dfb: receive RaftClientReply:client-B22ED198845A->f3174d56-9988-40ec-970b-d447ed545dfb@group-47B82E5F6106, cid=1017, SUCCESS, logIndex=1371, commits[f3174d56-9988-40ec-970b-d447ed545dfb:c1371, 3e713ff3-0d17-449f-90fa-609b20cf4c10:c1368, 34290298-343f-405c-af97-b2d19041b010:c1368]
2019-09-11 09:06:24,403 [grpc-default-executor-2] INFO  client.GrpcClientProtocolClient (GrpcClientProtocolClient.java:onNext(264)) - client-B22ED198845A->f3174d56-9988-40ec-970b-d447ed545dfb: receive RaftClientReply:client-B22ED198845A->f3174d56-9988-40ec-970b-d447ed545dfb@group-47B82E5F6106, cid=1018, SUCCESS, logIndex=1372, commits[f3174d56-9988-40ec-970b-d447ed545dfb:c1372, 3e713ff3-0d17-449f-90fa-609b20cf4c10:c1368, 34290298-343f-405c-af97-b2d19041b010:c1368]
2019-09-11 09:06:24,404 [grpc-default-executor-0] INFO  client.GrpcClientProtocolClient (GrpcClientProtocolClient.java:onNext(264)) - client-B22ED198845A->f3174d56-9988-40ec-970b-d447ed545dfb: receive RaftClientReply:client-B22ED198845A->f3174d56-9988-40ec-970b-d447ed545dfb@group-47B82E5F6106, cid=1019, SUCCESS, logIndex=0, commits[f3174d56-9988-40ec-970b-d447ed545dfb:c1375, 3e713ff3-0d17-449f-90fa-609b20cf4c10:c1371, 34290298-343f-405c-af97-b2d19041b010:c1370]
2019-09-11 09:06:24,415 [grpc-default-executor-2] INFO  client.GrpcClientProtocolClient (GrpcClientProtocolClient.java:onNext(264)) - client-B22ED198845A->f3174d56-9988-40ec-970b-d447ed545dfb: receive RaftClientReply:client-B22ED198845A->f3174d56-9988-40ec-970b-d447ed545dfb@group-47B82E5F6106, cid=1020, SUCCESS, logIndex=1377, commits[f3174d56-9988-40ec-970b-d447ed545dfb:c1378, 3e713ff3-0d17-449f-90fa-609b20cf4c10:c1376, 34290298-343f-405c-af97-b2d19041b010:c1372]
2019-09-11 09:06:24,416 [grpc-default-executor-2] INFO  client.GrpcClientProtocolClient (GrpcClientProtocolClient.java:onNext(264)) - client-B22ED198845A->f3174d56-9988-40ec-970b-d447ed545dfb: receive RaftClientReply:client-B22ED198845A->f3174d56-9988-40ec-970b-d447ed545dfb@group-47B82E5F6106, cid=1021, SUCCESS, logIndex=1378, commits[f3174d56-9988-40ec-970b-d447ed545dfb:c1378, 3e713ff3-0d17-449f-90fa-609b20cf4c10:c1376, 34290298-343f-405c-af97-b2d19041b010:c1376]
2019-09-11 09:06:24,426 [grpc-default-executor-2] INFO  client.GrpcClientProtocolClient (GrpcClientProtocolClient.java:onNext(264)) - client-B22ED198845A->f3174d56-9988-40ec-970b-d447ed545dfb: receive RaftClientReply:client-B22ED198845A->f3174d56-9988-40ec-970b-d447ed545dfb@group-47B82E5F6106, cid=1022, SUCCESS, logIndex=1381, commits[f3174d56-9988-40ec-970b-d447ed545dfb:c1382, 3e713ff3-0d17-449f-90fa-609b20cf4c10:c1378, 34290298-343f-405c-af97-b2d19041b010:c1380]
2019-09-11 09:06:24,427 [grpc-default-executor-2] INFO  client.GrpcClientProtocolClient (GrpcClientProtocolClient.java:onNext(264)) - client-B22ED198845A->f3174d56-9988-40ec-970b-d447ed545dfb: receive RaftClientReply:client-B22ED198845A->f3174d56-9988-40ec-970b-d447ed545dfb@group-47B82E5F6106, cid=1023, SUCCESS, logIndex=1382, commits[f3174d56-9988-40ec-970b-d447ed545dfb:c1382, 3e713ff3-0d17-449f-90fa-609b20cf4c10:c1380, 34290298-343f-405c-af97-b2d19041b010:c1380]
2019-09-11 09:06:24,429 [grpc-default-executor-2] INFO  client.GrpcClientProtocolClient (GrpcClientProtocolClient.java:onNext(264)) - client-B22ED198845A->f3174d56-9988-40ec-970b-d447ed545dfb: receive RaftClientReply:client-B22ED198845A->f3174d56-9988-40ec-970b-d447ed545dfb@group-47B82E5F6106, cid=1024, SUCCESS, logIndex=0, commits[f3174d56-9988-40ec-970b-d447ed545dfb:c1384, 3e713ff3-0d17-449f-90fa-609b20cf4c10:c1382, 34290298-343f-405c-af97-b2d19041b010:c1382]
2019-09-11 09:06:24,441 [grpc-default-executor-2] INFO  client.GrpcClientProtocolClient (GrpcClientProtocolClient.java:onNext(264)) - client-B22ED198845A->f3174d56-9988-40ec-970b-d447ed545dfb: receive RaftClientReply:client-B22ED198845A->f3174d56-9988-40ec-970b-d447ed545dfb@group-47B82E5F6106, cid=1025, SUCCESS, logIndex=1385, commits[f3174d56-9988-40ec-970b-d447ed545dfb:c1386, 3e713ff3-0d17-449f-90fa-609b20cf4c10:c1384, 34290298-343f-405c-af97-b2d19041b010:c1384]
2019-09-11 09:06:24,442 [grpc-default-executor-2] INFO  client.GrpcClientProtocolClient (GrpcClientProtocolClient.java:onNext(264)) - client-B22ED198845A->f3174d56-9988-40ec-970b-d447ed545dfb: receive RaftClientReply:client-B22ED198845A->f3174d56-9988-40ec-970b-d447ed545dfb@group-47B82E5F6106, cid=1026, SUCCESS, logIndex=1386, commits[f3174d56-9988-40ec-970b-d447ed545dfb:c1386, 3e713ff3-0d17-449f-90fa-609b20cf4c10:c1384, 34290298-343f-405c-af97-b2d19041b010:c1384]
2019-09-11 09:06:24,444 [grpc-default-executor-0] INFO  client.GrpcClientProtocolClient (GrpcClientProtocolClient.java:onNext(264)) - client-B22ED198845A->f3174d56-9988-40ec-970b-d447ed545dfb: receive RaftClientReply:client-B22ED198845A->f3174d56-9988-40ec-970b-d447ed545dfb@group-47B82E5F6106, cid=1027, SUCCESS, logIndex=1387, commits[f3174d56-9988-40ec-970b-d447ed545dfb:c1389, 3e713ff3-0d17-449f-90fa-609b20cf4c10:c1384, 34290298-343f-405c-af97-b2d19041b010:c1386]
2019-09-11 09:06:24,444 [grpc-default-executor-4] INFO  client.GrpcClientProtocolClient (GrpcClientProtocolClient.java:onNext(264)) - client-B22ED198845A->f3174d56-9988-40ec-970b-d447ed545dfb: receive RaftClientReply:client-B22ED198845A->f3174d56-9988-40ec-970b-d447ed545dfb@group-47B82E5F6106, cid=1028, SUCCESS, logIndex=1388, commits[f3174d56-9988-40ec-970b-d447ed545dfb:c1390, 3e713ff3-0d17-449f-90fa-609b20cf4c10:c1384, 34290298-343f-405c-af97-b2d19041b010:c1386]
2019-09-11 09:06:24,445 [grpc-default-executor-0] INFO  client.GrpcClientProtocolClient (GrpcClientProtocolClient.java:onNext(264)) - client-B22ED198845A->f3174d56-9988-40ec-970b-d447ed545dfb: receive RaftClientReply:client-B22ED198845A->f3174d56-9988-40ec-970b-d447ed545dfb@group-47B82E5F6106, cid=1029, SUCCESS, logIndex=0, commits[f3174d56-9988-40ec-970b-d447ed545dfb:c1391, 3e713ff3-0d17-449f-90fa-609b20cf4c10:c1386, 34290298-343f-405c-af97-b2d19041b010:c1387]
2019-09-11 09:06:24,459 [grpc-default-executor-4] INFO  client.GrpcClientProtocolClient (GrpcClientProtocolClient.java:onNext(264)) - client-B22ED198845A->f3174d56-9988-40ec-970b-d447ed545dfb: receive RaftClientReply:client-B22ED198845A->f3174d56-9988-40ec-970b-d447ed545dfb@group-47B82E5F6106, cid=1030, SUCCESS, logIndex=1393, commits[f3174d56-9988-40ec-970b-d447ed545dfb:c1394, 3e713ff3-0d17-449f-90fa-609b20cf4c10:c1392, 34290298-343f-405c-af97-b2d19041b010:c1388]
2019-09-11 09:06:24,460 [grpc-default-executor-4] INFO  client.GrpcClientProtocolClient (GrpcClientProtocolClient.java:onNext(264)) - client-B22ED198845A->f3174d56-9988-40ec-970b-d447ed545dfb: receive RaftClientReply:client-B22ED198845A->f3174d56-9988-40ec-970b-d447ed545dfb@group-47B82E5F6106, cid=1031, SUCCESS, logIndex=1394, commits[f3174d56-9988-40ec-970b-d447ed545dfb:c1394, 3e713ff3-0d17-449f-90fa-609b20cf4c10:c1392, 34290298-343f-405c-af97-b2d19041b010:c1392]
2019-09-11 09:06:24,470 [grpc-default-executor-5] INFO  client.GrpcClientProtocolClient (GrpcClientProtocolClient.java:onNext(264)) - client-B22ED198845A->f3174d56-9988-40ec-970b-d447ed545dfb: receive RaftClientReply:client-B22ED198845A->f3174d56-9988-40ec-970b-d447ed545dfb@group-47B82E5F6106, cid=1032, SUCCESS, logIndex=1397, commits[f3174d56-9988-40ec-970b-d447ed545dfb:c1398, 3e713ff3-0d17-449f-90fa-609b20cf4c10:c1396, 34290298-343f-405c-af97-b2d19041b010:c1396]
2019-09-11 09:06:24,470 [grpc-default-executor-5] INFO  client.GrpcClientProtocolClient (GrpcClientProtocolClient.java:onNext(264)) - client-B22ED198845A->f3174d56-9988-40ec-970b-d447ed545dfb: receive RaftClientReply:client-B22ED198845A->f3174d56-9988-40ec-970b-d447ed545dfb@group-47B82E5F6106, cid=1033, SUCCESS, logIndex=1398, commits[f3174d56-9988-40ec-970b-d447ed545dfb:c1398, 3e713ff3-0d17-449f-90fa-609b20cf4c10:c1396, 34290298-343f-405c-af97-b2d19041b010:c1396]
2019-09-11 09:06:24,474 [grpc-default-executor-5] INFO  client.GrpcClientProtocolClient (GrpcClientProtocolClient.java:onNext(264)) - client-B22ED198845A->f3174d56-9988-40ec-970b-d447ed545dfb: receive RaftClientReply:client-B22ED198845A->f3174d56-9988-40ec-970b-d447ed545dfb@group-47B82E5F6106, cid=1034, SUCCESS, logIndex=0, commits[f3174d56-9988-40ec-970b-d447ed545dfb:c1400, 3e713ff3-0d17-449f-90fa-609b20cf4c10:c1398, 34290298-343f-405c-af97-b2d19041b010:c1398]
 0.00% |█                                                                                                    |  0/1 Time: 0:00:042019-09-11 09:06:24,486 [grpc-default-executor-5] INFO  client.GrpcClientProtocolClient (GrpcClientProtocolClient.java:onNext(264)) - client-B22ED198845A->f3174d56-9988-40ec-970b-d447ed545dfb: receive RaftClientReply:client-B22ED198845A->f3174d56-9988-40ec-970b-d447ed545dfb@group-47B82E5F6106, cid=1035, SUCCESS, logIndex=1401, commits[f3174d56-9988-40ec-970b-d447ed545dfb:c1402, 3e713ff3-0d17-449f-90fa-609b20cf4c10:c1400, 34290298-343f-405c-af97-b2d19041b010:c1400]
2019-09-11 09:06:24,486 [grpc-default-executor-5] INFO  client.GrpcClientProtocolClient (GrpcClientProtocolClient.java:onNext(264)) - client-B22ED198845A->f3174d56-9988-40ec-970b-d447ed545dfb: receive RaftClientReply:client-B22ED198845A->f3174d56-9988-40ec-970b-d447ed545dfb@group-47B82E5F6106, cid=1036, SUCCESS, logIndex=1402, commits[f3174d56-9988-40ec-970b-d447ed545dfb:c1402, 3e713ff3-0d17-449f-90fa-609b20cf4c10:c1400, 34290298-343f-405c-af97-b2d19041b010:c1400]
2019-09-11 09:06:24,488 [grpc-default-executor-5] INFO  client.GrpcClientProtocolClient (GrpcClientProtocolClient.java:onNext(264)) - client-B22ED198845A->f3174d56-9988-40ec-970b-d447ed545dfb: receive RaftClientReply:client-B22ED198845A->f3174d56-9988-40ec-970b-d447ed545dfb@group-47B82E5F6106, cid=1037, SUCCESS, logIndex=1403, commits[f3174d56-9988-40ec-970b-d447ed545dfb:c1404, 3e713ff3-0d17-449f-90fa-609b20cf4c10:c1400, 34290298-343f-405c-af97-b2d19041b010:c1400]
2019-09-11 09:06:24,488 [grpc-default-executor-5] INFO  client.GrpcClientProtocolClient (GrpcClientProtocolClient.java:onNext(264)) - client-B22ED198845A->f3174d56-9988-40ec-970b-d447ed545dfb: receive RaftClientReply:client-B22ED198845A->f3174d56-9988-40ec-970b-d447ed545dfb@group-47B82E5F6106, cid=1038, SUCCESS, logIndex=1404, commits[f3174d56-9988-40ec-970b-d447ed545dfb:c1406, 3e713ff3-0d17-449f-90fa-609b20cf4c10:c1400, 34290298-343f-405c-af97-b2d19041b010:c1402]
2019-09-11 09:06:24,489 [grpc-default-executor-5] INFO  client.GrpcClientProtocolClient (GrpcClientProtocolClient.java:onNext(264)) - client-B22ED198845A->f3174d56-9988-40ec-970b-d447ed545dfb: receive RaftClientReply:client-B22ED198845A->f3174d56-9988-40ec-970b-d447ed545dfb@group-47B82E5F6106, cid=1039, SUCCESS, logIndex=0, commits[f3174d56-9988-40ec-970b-d447ed545dfb:c1406, 3e713ff3-0d17-449f-90fa-609b20cf4c10:c1402, 34290298-343f-405c-af97-b2d19041b010:c1402]
2019-09-11 09:06:24,500 [grpc-default-executor-0] INFO  client.GrpcClientProtocolClient (GrpcClientProtocolClient.java:onNext(264)) - client-B22ED198845A->f3174d56-9988-40ec-970b-d447ed545dfb: receive RaftClientReply:client-B22ED198845A->f3174d56-9988-40ec-970b-d447ed545dfb@group-47B82E5F6106, cid=1040, SUCCESS, logIndex=1409, commits[f3174d56-9988-40ec-970b-d447ed545dfb:c1410, 3e713ff3-0d17-449f-90fa-609b20cf4c10:c1408, 34290298-343f-405c-af97-b2d19041b010:c1404]
2019-09-11 09:06:24,501 [grpc-default-executor-0] INFO  client.GrpcClientProtocolClient (GrpcClientProtocolClient.java:onNext(264)) - client-B22ED198845A->f3174d56-9988-40ec-970b-d447ed545dfb: receive RaftClientReply:client-B22ED198845A->f3174d56-9988-40ec-970b-d447ed545dfb@group-47B82E5F6106, cid=1041, SUCCESS, logIndex=1410, commits[f3174d56-9988-40ec-970b-d447ed545dfb:c1410, 3e713ff3-0d17-449f-90fa-609b20cf4c10:c1408, 34290298-343f-405c-af97-b2d19041b010:c1408]
2019-09-11 09:06:24,511 [grpc-default-executor-2] INFO  client.GrpcClientProtocolClient (GrpcClientProtocolClient.java:onNext(264)) - client-B22ED198845A->f3174d56-9988-40ec-970b-d447ed545dfb: receive RaftClientReply:client-B22ED198845A->f3174d56-9988-40ec-970b-d447ed545dfb@group-47B82E5F6106, cid=1042, SUCCESS, logIndex=1413, commits[f3174d56-9988-40ec-970b-d447ed545dfb:c1414, 3e713ff3-0d17-449f-90fa-609b20cf4c10:c1410, 34290298-343f-405c-af97-b2d19041b010:c1412]
2019-09-11 09:06:24,512 [grpc-default-executor-2] INFO  client.GrpcClientProtocolClient (GrpcClientProtocolClient.java:onNext(264)) - client-B22ED198845A->f3174d56-9988-40ec-970b-d447ed545dfb: receive RaftClientReply:client-B22ED198845A->f3174d56-9988-40ec-970b-d447ed545dfb@group-47B82E5F6106, cid=1043, SUCCESS, logIndex=1414, commits[f3174d56-9988-40ec-970b-d447ed545dfb:c1414, 3e713ff3-0d17-449f-90fa-609b20cf4c10:c1412, 34290298-343f-405c-af97-b2d19041b010:c1412]
2019-09-11 09:06:24,513 [grpc-default-executor-5] INFO  client.GrpcClientProtocolClient (GrpcClientProtocolClient.java:onNext(264)) - client-B22ED198845A->f3174d56-9988-40ec-970b-d447ed545dfb: receive RaftClientReply:client-B22ED198845A->f3174d56-9988-40ec-970b-d447ed545dfb@group-47B82E5F6106, cid=1044, SUCCESS, logIndex=0, commits[f3174d56-9988-40ec-970b-d447ed545dfb:c1415, 3e713ff3-0d17-449f-90fa-609b20cf4c10:c1414, 34290298-343f-405c-af97-b2d19041b010:c1414]
2019-09-11 09:06:24,537 [grpc-default-executor-2] INFO  client.GrpcClientProtocolClient (GrpcClientProtocolClient.java:onNext(264)) - client-B22ED198845A->f3174d56-9988-40ec-970b-d447ed545dfb: receive RaftClientReply:client-B22ED198845A->f3174d56-9988-40ec-970b-d447ed545dfb@group-47B82E5F6106, cid=1045, SUCCESS, logIndex=1417, commits[f3174d56-9988-40ec-970b-d447ed545dfb:c1418, 3e713ff3-0d17-449f-90fa-609b20cf4c10:c1416, 34290298-343f-405c-af97-b2d19041b010:c1416]
2019-09-11 09:06:24,543 [grpc-default-executor-0] INFO  client.GrpcClientProtocolClient (GrpcClientProtocolClient.java:onNext(264)) - client-B22ED198845A->f3174d56-9988-40ec-970b-d447ed545dfb: receive RaftClientReply:client-B22ED198845A->f3174d56-9988-40ec-970b-d447ed545dfb@group-47B82E5F6106, cid=1046, SUCCESS, logIndex=1418, commits[f3174d56-9988-40ec-970b-d447ed545dfb:c1418, 3e713ff3-0d17-449f-90fa-609b20cf4c10:c1416, 34290298-343f-405c-af97-b2d19041b010:c1416]
2019-09-11 09:06:24,549 [grpc-default-executor-0] INFO  client.GrpcClientProtocolClient (GrpcClientProtocolClient.java:onNext(264)) - client-B22ED198845A->f3174d56-9988-40ec-970b-d447ed545dfb: receive RaftClientReply:client-B22ED198845A->f3174d56-9988-40ec-970b-d447ed545dfb@group-47B82E5F6106, cid=1047, SUCCESS, logIndex=1419, commits[f3174d56-9988-40ec-970b-d447ed545dfb:c1419, 3e713ff3-0d17-449f-90fa-609b20cf4c10:c1416, 34290298-343f-405c-af97-b2d19041b010:c1416]
2019-09-11 09:06:24,549 [grpc-default-executor-0] INFO  client.GrpcClientProtocolClient (GrpcClientProtocolClient.java:onNext(264)) - client-B22ED198845A->f3174d56-9988-40ec-970b-d447ed545dfb: receive RaftClientReply:client-B22ED198845A->f3174d56-9988-40ec-970b-d447ed545dfb@group-47B82E5F6106, cid=1048, SUCCESS, logIndex=1420, commits[f3174d56-9988-40ec-970b-d447ed545dfb:c1420, 3e713ff3-0d17-449f-90fa-609b20cf4c10:c1416, 34290298-343f-405c-af97-b2d19041b010:c1416]
2019-09-11 09:06:24,556 [grpc-default-executor-5] INFO  client.GrpcClientProtocolClient (GrpcClientProtocolClient.java:onNext(264)) - client-B22ED198845A->f3174d56-9988-40ec-970b-d447ed545dfb: receive RaftClientReply:client-B22ED198845A->f3174d56-9988-40ec-970b-d447ed545dfb@group-47B82E5F6106, cid=1049, SUCCESS, logIndex=0, commits[f3174d56-9988-40ec-970b-d447ed545dfb:c1422, 3e713ff3-0d17-449f-90fa-609b20cf4c10:c1418, 34290298-343f-405c-af97-b2d19041b010:c1418]
2019-09-11 09:06:24,568 [grpc-default-executor-0] INFO  client.GrpcClientProtocolClient (GrpcClientProtocolClient.java:onNext(264)) - client-B22ED198845A->f3174d56-9988-40ec-970b-d447ed545dfb: receive RaftClientReply:client-B22ED198845A->f3174d56-9988-40ec-970b-d447ed545dfb@group-47B82E5F6106, cid=1050, SUCCESS, logIndex=1425, commits[f3174d56-9988-40ec-970b-d447ed545dfb:c1426, 3e713ff3-0d17-449f-90fa-609b20cf4c10:c1423, 34290298-343f-405c-af97-b2d19041b010:c1420]
2019-09-11 09:06:24,569 [grpc-default-executor-0] INFO  client.GrpcClientProtocolClient (GrpcClientProtocolClient.java:onNext(264)) - client-B22ED198845A->f3174d56-9988-40ec-970b-d447ed545dfb: receive RaftClientReply:client-B22ED198845A->f3174d56-9988-40ec-970b-d447ed545dfb@group-47B82E5F6106, cid=1051, SUCCESS, logIndex=1426, commits[f3174d56-9988-40ec-970b-d447ed545dfb:c1426, 3e713ff3-0d17-449f-90fa-609b20cf4c10:c1423, 34290298-343f-405c-af97-b2d19041b010:c1423]
2019-09-11 09:06:24,589 [grpc-default-executor-2] INFO  client.GrpcClientProtocolClient (GrpcClientProtocolClient.java:onNext(264)) - client-B22ED198845A->f3174d56-9988-40ec-970b-d447ed545dfb: receive RaftClientReply:client-B22ED198845A->f3174d56-9988-40ec-970b-d447ed545dfb@group-47B82E5F6106, cid=1052, SUCCESS, logIndex=1429, commits[f3174d56-9988-40ec-970b-d447ed545dfb:c1430, 3e713ff3-0d17-449f-90fa-609b20cf4c10:c1428, 34290298-343f-405c-af97-b2d19041b010:c1428]
2019-09-11 09:06:24,589 [grpc-default-executor-2] INFO  client.GrpcClientProtocolClient (GrpcClientProtocolClient.java:onNext(264)) - client-B22ED198845A->f3174d56-9988-40ec-970b-d447ed545dfb: receive RaftClientReply:client-B22ED198845A->f3174d56-9988-40ec-970b-d447ed545dfb@group-47B82E5F6106, cid=1053, SUCCESS, logIndex=1430, commits[f3174d56-9988-40ec-970b-d447ed545dfb:c1430, 3e713ff3-0d17-449f-90fa-609b20cf4c10:c1428, 34290298-343f-405c-af97-b2d19041b010:c1428]
2019-09-11 09:06:24,603 [grpc-default-executor-2] INFO  client.GrpcClientProtocolClient (GrpcClientProtocolClient.java:onNext(264)) - client-B22ED198845A->f3174d56-9988-40ec-970b-d447ed545dfb: receive RaftClientReply:client-B22ED198845A->f3174d56-9988-40ec-970b-d447ed545dfb@group-47B82E5F6106, cid=1054, SUCCESS, logIndex=0, commits[f3174d56-9988-40ec-970b-d447ed545dfb:c1432, 3e713ff3-0d17-449f-90fa-609b20cf4c10:c1430, 34290298-343f-405c-af97-b2d19041b010:c1430]
2019-09-11 09:06:24,623 [grpc-default-executor-5] INFO  client.GrpcClientProtocolClient (GrpcClientProtocolClient.java:onNext(264)) - client-B22ED198845A->f3174d56-9988-40ec-970b-d447ed545dfb: receive RaftClientReply:client-B22ED198845A->f3174d56-9988-40ec-970b-d447ed545dfb@group-47B82E5F6106, cid=1055, SUCCESS, logIndex=1433, commits[f3174d56-9988-40ec-970b-d447ed545dfb:c1434, 3e713ff3-0d17-449f-90fa-609b20cf4c10:c1432, 34290298-343f-405c-af97-b2d19041b010:c1432]
2019-09-11 09:06:24,624 [grpc-default-executor-5] INFO  client.GrpcClientProtocolClient (GrpcClientProtocolClient.java:onNext(264)) - client-B22ED198845A->f3174d56-9988-40ec-970b-d447ed545dfb: receive RaftClientReply:client-B22ED198845A->f3174d56-9988-40ec-970b-d447ed545dfb@group-47B82E5F6106, cid=1056, SUCCESS, logIndex=1434, commits[f3174d56-9988-40ec-970b-d447ed545dfb:c1435, 3e713ff3-0d17-449f-90fa-609b20cf4c10:c1432, 34290298-343f-405c-af97-b2d19041b010:c1432]
2019-09-11 09:06:24,625 [grpc-default-executor-4] INFO  client.GrpcClientProtocolClient (GrpcClientProtocolClient.java:onNext(264)) - client-B22ED198845A->f3174d56-9988-40ec-970b-d447ed545dfb: receive RaftClientReply:client-B22ED198845A->f3174d56-9988-40ec-970b-d447ed545dfb@group-47B82E5F6106, cid=1057, SUCCESS, logIndex=1435, commits[f3174d56-9988-40ec-970b-d447ed545dfb:c1436, 3e713ff3-0d17-449f-90fa-609b20cf4c10:c1432, 34290298-343f-405c-af97-b2d19041b010:c1432]
2019-09-11 09:06:24,625 [grpc-default-executor-4] INFO  client.GrpcClientProtocolClient (GrpcClientProtocolClient.java:onNext(264)) - client-B22ED198845A->f3174d56-9988-40ec-970b-d447ed545dfb: receive RaftClientReply:client-B22ED198845A->f3174d56-9988-40ec-970b-d447ed545dfb@group-47B82E5F6106, cid=1058, SUCCESS, logIndex=1436, commits[f3174d56-9988-40ec-970b-d447ed545dfb:c1436, 3e713ff3-0d17-449f-90fa-609b20cf4c10:c1432, 34290298-343f-405c-af97-b2d19041b010:c1432]
2019-09-11 09:06:24,626 [grpc-default-executor-4] INFO  client.GrpcClientProtocolClient (GrpcClientProtocolClient.java:onNext(264)) - client-B22ED198845A->f3174d56-9988-40ec-970b-d447ed545dfb: receive RaftClientReply:client-B22ED198845A->f3174d56-9988-40ec-970b-d447ed545dfb@group-47B82E5F6106, cid=1059, SUCCESS, logIndex=0, commits[f3174d56-9988-40ec-970b-d447ed545dfb:c1439, 3e713ff3-0d17-449f-90fa-609b20cf4c10:c1436, 34290298-343f-405c-af97-b2d19041b010:c1434]
2019-09-11 09:06:24,645 [grpc-default-executor-5] INFO  client.GrpcClientProtocolClient (GrpcClientProtocolClient.java:onNext(264)) - client-B22ED198845A->f3174d56-9988-40ec-970b-d447ed545dfb: receive RaftClientReply:client-B22ED198845A->f3174d56-9988-40ec-970b-d447ed545dfb@group-47B82E5F6106, cid=1060, SUCCESS, logIndex=1441, commits[f3174d56-9988-40ec-970b-d447ed545dfb:c1442, 3e713ff3-0d17-449f-90fa-609b20cf4c10:c1440, 34290298-343f-405c-af97-b2d19041b010:c1440]
2019-09-11 09:06:24,646 [grpc-default-executor-5] INFO  client.GrpcClientProtocolClient (GrpcClientProtocolClient.java:onNext(264)) - client-B22ED198845A->f3174d56-9988-40ec-970b-d447ed545dfb: receive RaftClientReply:client-B22ED198845A->f3174d56-9988-40ec-970b-d447ed545dfb@group-47B82E5F6106, cid=1061, SUCCESS, logIndex=1442, commits[f3174d56-9988-40ec-970b-d447ed545dfb:c1442, 3e713ff3-0d17-449f-90fa-609b20cf4c10:c1440, 34290298-343f-405c-af97-b2d19041b010:c1440]
2019-09-11 09:06:24,766 [grpc-default-executor-5] INFO  client.GrpcClientProtocolClient (GrpcClientProtocolClient.java:onNext(264)) - client-B22ED198845A->f3174d56-9988-40ec-970b-d447ed545dfb: receive RaftClientReply:client-B22ED198845A->f3174d56-9988-40ec-970b-d447ed545dfb@group-47B82E5F6106, cid=1062, SUCCESS, logIndex=1445, commits[f3174d56-9988-40ec-970b-d447ed545dfb:c1446, 3e713ff3-0d17-449f-90fa-609b20cf4c10:c1442, 34290298-343f-405c-af97-b2d19041b010:c1442]
2019-09-11 09:06:24,766 [grpc-default-executor-5] INFO  client.GrpcClientProtocolClient (GrpcClientProtocolClient.java:onNext(264)) - client-B22ED198845A->f3174d56-9988-40ec-970b-d447ed545dfb: receive RaftClientReply:client-B22ED198845A->f3174d56-9988-40ec-970b-d447ed545dfb@group-47B82E5F6106, cid=1063, SUCCESS, logIndex=1446, commits[f3174d56-9988-40ec-970b-d447ed545dfb:c1446, 3e713ff3-0d17-449f-90fa-609b20cf4c10:c1442, 34290298-343f-405c-af97-b2d19041b010:c1442]
2019-09-11 09:06:24,781 [grpc-default-executor-4] INFO  client.GrpcClientProtocolClient (GrpcClientProtocolClient.java:onNext(264)) - client-B22ED198845A->f3174d56-9988-40ec-970b-d447ed545dfb: receive RaftClientReply:client-B22ED198845A->f3174d56-9988-40ec-970b-d447ed545dfb@group-47B82E5F6106, cid=1064, SUCCESS, logIndex=0, commits[f3174d56-9988-40ec-970b-d447ed545dfb:c1448, 3e713ff3-0d17-449f-90fa-609b20cf4c10:c1446, 34290298-343f-405c-af97-b2d19041b010:c1446]
2019-09-11 09:06:24,806 [grpc-default-executor-5] INFO  client.GrpcClientProtocolClient (GrpcClientProtocolClient.java:onNext(264)) - client-B22ED198845A->f3174d56-9988-40ec-970b-d447ed545dfb: receive RaftClientReply:client-B22ED198845A->f3174d56-9988-40ec-970b-d447ed545dfb@group-47B82E5F6106, cid=1065, SUCCESS, logIndex=1449, commits[f3174d56-9988-40ec-970b-d447ed545dfb:c1450, 3e713ff3-0d17-449f-90fa-609b20cf4c10:c1448, 34290298-343f-405c-af97-b2d19041b010:c1448]
2019-09-11 09:06:24,807 [grpc-default-executor-5] INFO  client.GrpcClientProtocolClient (GrpcClientProtocolClient.java:onNext(264)) - client-B22ED198845A->f3174d56-9988-40ec-970b-d447ed545dfb: receive RaftClientReply:client-B22ED198845A->f3174d56-9988-40ec-970b-d447ed545dfb@group-47B82E5F6106, cid=1066, SUCCESS, logIndex=1450, commits[f3174d56-9988-40ec-970b-d447ed545dfb:c1452, 3e713ff3-0d17-449f-90fa-609b20cf4c10:c1448, 34290298-343f-405c-af97-b2d19041b010:c1448]
2019-09-11 09:06:24,807 [grpc-default-executor-5] INFO  client.GrpcClientProtocolClient (GrpcClientProtocolClient.java:onNext(264)) - client-B22ED198845A->f3174d56-9988-40ec-970b-d447ed545dfb: receive RaftClientReply:client-B22ED198845A->f3174d56-9988-40ec-970b-d447ed545dfb@group-47B82E5F6106, cid=1067, SUCCESS, logIndex=1451, commits[f3174d56-9988-40ec-970b-d447ed545dfb:c1452, 3e713ff3-0d17-449f-90fa-609b20cf4c10:c1448, 34290298-343f-405c-af97-b2d19041b010:c1448]
2019-09-11 09:06:24,808 [grpc-default-executor-2] INFO  client.GrpcClientProtocolClient (GrpcClientProtocolClient.java:onNext(264)) - client-B22ED198845A->f3174d56-9988-40ec-970b-d447ed545dfb: receive RaftClientReply:client-B22ED198845A->f3174d56-9988-40ec-970b-d447ed545dfb@group-47B82E5F6106, cid=1068, SUCCESS, logIndex=1452, commits[f3174d56-9988-40ec-970b-d447ed545dfb:c1452, 3e713ff3-0d17-449f-90fa-609b20cf4c10:c1449, 34290298-343f-405c-af97-b2d19041b010:c1448]
2019-09-11 09:06:24,809 [grpc-default-executor-2] INFO  client.GrpcClientProtocolClient (GrpcClientProtocolClient.java:onNext(264)) - client-B22ED198845A->f3174d56-9988-40ec-970b-d447ed545dfb: receive RaftClientReply:client-B22ED198845A->f3174d56-9988-40ec-970b-d447ed545dfb@group-47B82E5F6106, cid=1069, SUCCESS, logIndex=0, commits[f3174d56-9988-40ec-970b-d447ed545dfb:c1455, 3e713ff3-0d17-449f-90fa-609b20cf4c10:c1452, 34290298-343f-405c-af97-b2d19041b010:c1450]
2019-09-11 09:06:24,829 [grpc-default-executor-5] INFO  client.GrpcClientProtocolClient (GrpcClientProtocolClient.java:onNext(264)) - client-B22ED198845A->f3174d56-9988-40ec-970b-d447ed545dfb: receive RaftClientReply:client-B22ED198845A->f3174d56-9988-40ec-970b-d447ed545dfb@group-47B82E5F6106, cid=1070, SUCCESS, logIndex=1457, commits[f3174d56-9988-40ec-970b-d447ed545dfb:c1458, 3e713ff3-0d17-449f-90fa-609b20cf4c10:c1456, 34290298-343f-405c-af97-b2d19041b010:c1456]
2019-09-11 09:06:24,830 [grpc-default-executor-5] INFO  client.GrpcClientProtocolClient (GrpcClientProtocolClient.java:onNext(264)) - client-B22ED198845A->f3174d56-9988-40ec-970b-d447ed545dfb: receive RaftClientReply:client-B22ED198845A->f3174d56-9988-40ec-970b-d447ed545dfb@group-47B82E5F6106, cid=1071, SUCCESS, logIndex=1458, commits[f3174d56-9988-40ec-970b-d447ed545dfb:c1458, 3e713ff3-0d17-449f-90fa-609b20cf4c10:c1456, 34290298-343f-405c-af97-b2d19041b010:c1456]
2019-09-11 09:06:24,844 [grpc-default-executor-5] INFO  client.GrpcClientProtocolClient (GrpcClientProtocolClient.java:onNext(264)) - client-B22ED198845A->f3174d56-9988-40ec-970b-d447ed545dfb: receive RaftClientReply:client-B22ED198845A->f3174d56-9988-40ec-970b-d447ed545dfb@group-47B82E5F6106, cid=1072, SUCCESS, logIndex=1461, commits[f3174d56-9988-40ec-970b-d447ed545dfb:c1462, 3e713ff3-0d17-449f-90fa-609b20cf4c10:c1458, 34290298-343f-405c-af97-b2d19041b010:c1458]
2019-09-11 09:06:24,844 [grpc-default-executor-5] INFO  client.GrpcClientProtocolClient (GrpcClientProtocolClient.java:onNext(264)) - client-B22ED198845A->f3174d56-9988-40ec-970b-d447ed545dfb: receive RaftClientReply:client-B22ED198845A->f3174d56-9988-40ec-970b-d447ed545dfb@group-47B82E5F6106, cid=1073, SUCCESS, logIndex=1462, commits[f3174d56-9988-40ec-970b-d447ed545dfb:c1462, 3e713ff3-0d17-449f-90fa-609b20cf4c10:c1458, 34290298-343f-405c-af97-b2d19041b010:c1458]
2019-09-11 09:06:24,857 [grpc-default-executor-5] INFO  client.GrpcClientProtocolClient (GrpcClientProtocolClient.java:onNext(264)) - client-B22ED198845A->f3174d56-9988-40ec-970b-d447ed545dfb: receive RaftClientReply:client-B22ED198845A->f3174d56-9988-40ec-970b-d447ed545dfb@group-47B82E5F6106, cid=1074, SUCCESS, logIndex=0, commits[f3174d56-9988-40ec-970b-d447ed545dfb:c1464, 3e713ff3-0d17-449f-90fa-609b20cf4c10:c1462, 34290298-343f-405c-af97-b2d19041b010:c1462]
2019-09-11 09:06:24,877 [grpc-default-executor-2] INFO  client.GrpcClientProtocolClient (GrpcClientProtocolClient.java:onNext(264)) - client-B22ED198845A->f3174d56-9988-40ec-970b-d447ed545dfb: receive RaftClientReply:client-B22ED198845A->f3174d56-9988-40ec-970b-d447ed545dfb@group-47B82E5F6106, cid=1075, SUCCESS, logIndex=1465, commits[f3174d56-9988-40ec-970b-d447ed545dfb:c1466, 3e713ff3-0d17-449f-90fa-609b20cf4c10:c1464, 34290298-343f-405c-af97-b2d19041b010:c1464]
2019-09-11 09:06:24,878 [grpc-default-executor-2] INFO  client.GrpcClientProtocolClient (GrpcClientProtocolClient.java:onNext(264)) - client-B22ED198845A->f3174d56-9988-40ec-970b-d447ed545dfb: receive RaftClientReply:client-B22ED198845A->f3174d56-9988-40ec-970b-d447ed545dfb@group-47B82E5F6106, cid=1076, SUCCESS, logIndex=1466, commits[f3174d56-9988-40ec-970b-d447ed545dfb:c1466, 3e713ff3-0d17-449f-90fa-609b20cf4c10:c1464, 34290298-343f-405c-af97-b2d19041b010:c1464]
2019-09-11 09:06:24,879 [grpc-default-executor-2] INFO  client.GrpcClientProtocolClient (GrpcClientProtocolClient.java:onNext(264)) - client-B22ED198845A->f3174d56-9988-40ec-970b-d447ed545dfb: receive RaftClientReply:client-B22ED198845A->f3174d56-9988-40ec-970b-d447ed545dfb@group-47B82E5F6106, cid=1077, SUCCESS, logIndex=1467, commits[f3174d56-9988-40ec-970b-d447ed545dfb:c1468, 3e713ff3-0d17-449f-90fa-609b20cf4c10:c1464, 34290298-343f-405c-af97-b2d19041b010:c1464]
2019-09-11 09:06:24,879 [grpc-default-executor-2] INFO  client.GrpcClientProtocolClient (GrpcClientProtocolClient.java:onNext(264)) - client-B22ED198845A->f3174d56-9988-40ec-970b-d447ed545dfb: receive RaftClientReply:client-B22ED198845A->f3174d56-9988-40ec-970b-d447ed545dfb@group-47B82E5F6106, cid=1078, SUCCESS, logIndex=1468, commits[f3174d56-9988-40ec-970b-d447ed545dfb:c1468, 3e713ff3-0d17-449f-90fa-609b20cf4c10:c1464, 34290298-343f-405c-af97-b2d19041b010:c1464]
2019-09-11 09:06:24,880 [grpc-default-executor-4] INFO  client.GrpcClientProtocolClient (GrpcClientProtocolClient.java:onNext(264)) - client-B22ED198845A->f3174d56-9988-40ec-970b-d447ed545dfb: receive RaftClientReply:client-B22ED198845A->f3174d56-9988-40ec-970b-d447ed545dfb@group-47B82E5F6106, cid=1079, SUCCESS, logIndex=0, commits[f3174d56-9988-40ec-970b-d447ed545dfb:c1470, 3e713ff3-0d17-449f-90fa-609b20cf4c10:c1466, 34290298-343f-405c-af97-b2d19041b010:c1466]
2019-09-11 09:06:24,899 [grpc-default-executor-4] INFO  client.GrpcClientProtocolClient (GrpcClientProtocolClient.java:onNext(264)) - client-B22ED198845A->f3174d56-9988-40ec-970b-d447ed545dfb: receive RaftClientReply:client-B22ED198845A->f3174d56-9988-40ec-970b-d447ed545dfb@group-47B82E5F6106, cid=1080, SUCCESS, logIndex=1473, commits[f3174d56-9988-40ec-970b-d447ed545dfb:c1474, 3e713ff3-0d17-449f-90fa-609b20cf4c10:c1472, 34290298-343f-405c-af97-b2d19041b010:c1472]
2019-09-11 09:06:24,899 [grpc-default-executor-4] INFO  client.GrpcClientProtocolClient (GrpcClientProtocolClient.java:onNext(264)) - client-B22ED198845A->f3174d56-9988-40ec-970b-d447ed545dfb: receive RaftClientReply:client-B22ED198845A->f3174d56-9988-40ec-970b-d447ed545dfb@group-47B82E5F6106, cid=1081, SUCCESS, logIndex=1474, commits[f3174d56-9988-40ec-970b-d447ed545dfb:c1474, 3e713ff3-0d17-449f-90fa-609b20cf4c10:c1472, 34290298-343f-405c-af97-b2d19041b010:c1472]
2019-09-11 09:06:24,914 [grpc-default-executor-2] INFO  client.GrpcClientProtocolClient (GrpcClientProtocolClient.java:onNext(264)) - client-B22ED198845A->f3174d56-9988-40ec-970b-d447ed545dfb: receive RaftClientReply:client-B22ED198845A->f3174d56-9988-40ec-970b-d447ed545dfb@group-47B82E5F6106, cid=1082, SUCCESS, logIndex=1477, commits[f3174d56-9988-40ec-970b-d447ed545dfb:c1478, 3e713ff3-0d17-449f-90fa-609b20cf4c10:c1474, 34290298-343f-405c-af97-b2d19041b010:c1474]
2019-09-11 09:06:24,915 [grpc-default-executor-2] INFO  client.GrpcClientProtocolClient (GrpcClientProtocolClient.java:onNext(264)) - client-B22ED198845A->f3174d56-9988-40ec-970b-d447ed545dfb: receive RaftClientReply:client-B22ED198845A->f3174d56-9988-40ec-970b-d447ed545dfb@group-47B82E5F6106, cid=1083, SUCCESS, logIndex=1478, commits[f3174d56-9988-40ec-970b-d447ed545dfb:c1478, 3e713ff3-0d17-449f-90fa-609b20cf4c10:c1474, 34290298-343f-405c-af97-b2d19041b010:c1474]
2019-09-11 09:06:24,927 [grpc-default-executor-2] INFO  client.GrpcClientProtocolClient (GrpcClientProtocolClient.java:onNext(264)) - client-B22ED198845A->f3174d56-9988-40ec-970b-d447ed545dfb: receive RaftClientReply:client-B22ED198845A->f3174d56-9988-40ec-970b-d447ed545dfb@group-47B82E5F6106, cid=1084, SUCCESS, logIndex=0, commits[f3174d56-9988-40ec-970b-d447ed545dfb:c1480, 3e713ff3-0d17-449f-90fa-609b20cf4c10:c1478, 34290298-343f-405c-af97-b2d19041b010:c1478]
2019-09-11 09:06:24,947 [grpc-default-executor-0] INFO  client.GrpcClientProtocolClient (GrpcClientProtocolClient.java:onNext(264)) - client-B22ED198845A->f3174d56-9988-40ec-970b-d447ed545dfb: receive RaftClientReply:client-B22ED198845A->f3174d56-9988-40ec-970b-d447ed545dfb@group-47B82E5F6106, cid=1085, SUCCESS, logIndex=1481, commits[f3174d56-9988-40ec-970b-d447ed545dfb:c1481, 3e713ff3-0d17-449f-90fa-609b20cf4c10:c1480, 34290298-343f-405c-af97-b2d19041b010:c1480]
2019-09-11 09:06:24,948 [grpc-default-executor-5] INFO  client.GrpcClientProtocolClient (GrpcClientProtocolClient.java:onNext(264)) - client-B22ED198845A->f3174d56-9988-40ec-970b-d447ed545dfb: receive RaftClientReply:client-B22ED198845A->f3174d56-9988-40ec-970b-d447ed545dfb@group-47B82E5F6106, cid=1086, SUCCESS, logIndex=1482, commits[f3174d56-9988-40ec-970b-d447ed545dfb:c1484, 3e713ff3-0d17-449f-90fa-609b20cf4c10:c1480, 34290298-343f-405c-af97-b2d19041b010:c1480]
2019-09-11 09:06:24,949 [grpc-default-executor-5] INFO  client.GrpcClientProtocolClient (GrpcClientProtocolClient.java:onNext(264)) - client-B22ED198845A->f3174d56-9988-40ec-970b-d447ed545dfb: receive RaftClientReply:client-B22ED198845A->f3174d56-9988-40ec-970b-d447ed545dfb@group-47B82E5F6106, cid=1087, SUCCESS, logIndex=1483, commits[f3174d56-9988-40ec-970b-d447ed545dfb:c1484, 3e713ff3-0d17-449f-90fa-609b20cf4c10:c1480, 34290298-343f-405c-af97-b2d19041b010:c1480]
2019-09-11 09:06:24,949 [grpc-default-executor-0] INFO  client.GrpcClientProtocolClient (GrpcClientProtocolClient.java:onNext(264)) - client-B22ED198845A->f3174d56-9988-40ec-970b-d447ed545dfb: receive RaftClientReply:client-B22ED198845A->f3174d56-9988-40ec-970b-d447ed545dfb@group-47B82E5F6106, cid=1088, SUCCESS, logIndex=1484, commits[f3174d56-9988-40ec-970b-d447ed545dfb:c1484, 3e713ff3-0d17-449f-90fa-609b20cf4c10:c1480, 34290298-343f-405c-af97-b2d19041b010:c1480]
2019-09-11 09:06:24,950 [grpc-default-executor-0] INFO  client.GrpcClientProtocolClient (GrpcClientProtocolClient.java:onNext(264)) - client-B22ED198845A->f3174d56-9988-40ec-970b-d447ed545dfb: receive RaftClientReply:client-B22ED198845A->f3174d56-9988-40ec-970b-d447ed545dfb@group-47B82E5F6106, cid=1089, SUCCESS, logIndex=0, commits[f3174d56-9988-40ec-970b-d447ed545dfb:c1486, 3e713ff3-0d17-449f-90fa-609b20cf4c10:c1484, 34290298-343f-405c-af97-b2d19041b010:c1484]
2019-09-11 09:06:24,960 [grpc-default-executor-4] INFO  client.GrpcClientProtocolClient (GrpcClientProtocolClient.java:onNext(264)) - client-B22ED198845A->f3174d56-9988-40ec-970b-d447ed545dfb: receive RaftClientReply:client-B22ED198845A->f3174d56-9988-40ec-970b-d447ed545dfb@group-47B82E5F6106, cid=1090, SUCCESS, logIndex=1487, commits[f3174d56-9988-40ec-970b-d447ed545dfb:c1488, 3e713ff3-0d17-449f-90fa-609b20cf4c10:c1486, 34290298-343f-405c-af97-b2d19041b010:c1484]
2019-09-11 09:06:24,961 [grpc-default-executor-4] INFO  client.GrpcClientProtocolClient (GrpcClientProtocolClient.java:onNext(264)) - client-B22ED198845A->f3174d56-9988-40ec-970b-d447ed545dfb: receive RaftClientReply:client-B22ED198845A->f3174d56-9988-40ec-970b-d447ed545dfb@group-47B82E5F6106, cid=1091, SUCCESS, logIndex=1488, commits[f3174d56-9988-40ec-970b-d447ed545dfb:c1488, 3e713ff3-0d17-449f-90fa-609b20cf4c10:c1486, 34290298-343f-405c-af97-b2d19041b010:c1484]
2019-09-11 09:06:24,975 [grpc-default-executor-0] INFO  client.GrpcClientProtocolClient (GrpcClientProtocolClient.java:onNext(264)) - client-B22ED198845A->f3174d56-9988-40ec-970b-d447ed545dfb: receive RaftClientReply:client-B22ED198845A->f3174d56-9988-40ec-970b-d447ed545dfb@group-47B82E5F6106, cid=1092, SUCCESS, logIndex=1491, commits[f3174d56-9988-40ec-970b-d447ed545dfb:c1492, 3e713ff3-0d17-449f-90fa-609b20cf4c10:c1490, 34290298-343f-405c-af97-b2d19041b010:c1490]
2019-09-11 09:06:24,976 [grpc-default-executor-0] INFO  client.GrpcClientProtocolClient (GrpcClientProtocolClient.java:onNext(264)) - client-B22ED198845A->f3174d56-9988-40ec-970b-d447ed545dfb: receive RaftClientReply:client-B22ED198845A->f3174d56-9988-40ec-970b-d447ed545dfb@group-47B82E5F6106, cid=1093, SUCCESS, logIndex=1492, commits[f3174d56-9988-40ec-970b-d447ed545dfb:c1492, 3e713ff3-0d17-449f-90fa-609b20cf4c10:c1490, 34290298-343f-405c-af97-b2d19041b010:c1490]
2019-09-11 09:06:24,977 [grpc-default-executor-0] INFO  client.GrpcClientProtocolClient (GrpcClientProtocolClient.java:onNext(264)) - client-B22ED198845A->f3174d56-9988-40ec-970b-d447ed545dfb: receive RaftClientReply:client-B22ED198845A->f3174d56-9988-40ec-970b-d447ed545dfb@group-47B82E5F6106, cid=1094, SUCCESS, logIndex=0, commits[f3174d56-9988-40ec-970b-d447ed545dfb:c1493, 3e713ff3-0d17-449f-90fa-609b20cf4c10:c1492, 34290298-343f-405c-af97-b2d19041b010:c1492]
2019-09-11 09:06:24,987 [grpc-default-executor-0] INFO  client.GrpcClientProtocolClient (GrpcClientProtocolClient.java:onNext(264)) - client-B22ED198845A->f3174d56-9988-40ec-970b-d447ed545dfb: receive RaftClientReply:client-B22ED198845A->f3174d56-9988-40ec-970b-d447ed545dfb@group-47B82E5F6106, cid=1095, SUCCESS, logIndex=1495, commits[f3174d56-9988-40ec-970b-d447ed545dfb:c1496, 3e713ff3-0d17-449f-90fa-609b20cf4c10:c1494, 34290298-343f-405c-af97-b2d19041b010:c1492]
2019-09-11 09:06:24,988 [grpc-default-executor-0] INFO  client.GrpcClientProtocolClient (GrpcClientProtocolClient.java:onNext(264)) - client-B22ED198845A->f3174d56-9988-40ec-970b-d447ed545dfb: receive RaftClientReply:client-B22ED198845A->f3174d56-9988-40ec-970b-d447ed545dfb@group-47B82E5F6106, cid=1096, SUCCESS, logIndex=1496, commits[f3174d56-9988-40ec-970b-d447ed545dfb:c1496, 3e713ff3-0d17-449f-90fa-609b20cf4c10:c1494, 34290298-343f-405c-af97-b2d19041b010:c1494]
2019-09-11 09:06:24,991 [grpc-default-executor-4] INFO  client.GrpcClientProtocolClient (GrpcClientProtocolClient.java:onNext(264)) - client-B22ED198845A->f3174d56-9988-40ec-970b-d447ed545dfb: receive RaftClientReply:client-B22ED198845A->f3174d56-9988-40ec-970b-d447ed545dfb@group-47B82E5F6106, cid=1097, SUCCESS, logIndex=1497, commits[f3174d56-9988-40ec-970b-d447ed545dfb:c1498, 3e713ff3-0d17-449f-90fa-609b20cf4c10:c1494, 34290298-343f-405c-af97-b2d19041b010:c1494]
2019-09-11 09:06:24,991 [grpc-default-executor-4] INFO  client.GrpcClientProtocolClient (GrpcClientProtocolClient.java:onNext(264)) - client-B22ED198845A->f3174d56-9988-40ec-970b-d447ed545dfb: receive RaftClientReply:client-B22ED198845A->f3174d56-9988-40ec-970b-d447ed545dfb@group-47B82E5F6106, cid=1098, SUCCESS, logIndex=1498, commits[f3174d56-9988-40ec-970b-d447ed545dfb:c1500, 3e713ff3-0d17-449f-90fa-609b20cf4c10:c1496, 34290298-343f-405c-af97-b2d19041b010:c1494]
2019-09-11 09:06:24,992 [grpc-default-executor-4] INFO  client.GrpcClientProtocolClient (GrpcClientProtocolClient.java:onNext(264)) - client-B22ED198845A->f3174d56-9988-40ec-970b-d447ed545dfb: receive RaftClientReply:client-B22ED198845A->f3174d56-9988-40ec-970b-d447ed545dfb@group-47B82E5F6106, cid=1099, SUCCESS, logIndex=0, commits[f3174d56-9988-40ec-970b-d447ed545dfb:c1500, 3e713ff3-0d17-449f-90fa-609b20cf4c10:c1496, 34290298-343f-405c-af97-b2d19041b010:c1496]
2019-09-11 09:06:25,002 [grpc-default-executor-0] INFO  client.GrpcClientProtocolClient (GrpcClientProtocolClient.java:onNext(264)) - client-B22ED198845A->f3174d56-9988-40ec-970b-d447ed545dfb: receive RaftClientReply:client-B22ED198845A->f3174d56-9988-40ec-970b-d447ed545dfb@group-47B82E5F6106, cid=1100, SUCCESS, logIndex=1503, commits[f3174d56-9988-40ec-970b-d447ed545dfb:c1504, 3e713ff3-0d17-449f-90fa-609b20cf4c10:c1502, 34290298-343f-405c-af97-b2d19041b010:c1498]
2019-09-11 09:06:25,003 [grpc-default-executor-0] INFO  client.GrpcClientProtocolClient (GrpcClientProtocolClient.java:onNext(264)) - client-B22ED198845A->f3174d56-9988-40ec-970b-d447ed545dfb: receive RaftClientReply:client-B22ED198845A->f3174d56-9988-40ec-970b-d447ed545dfb@group-47B82E5F6106, cid=1101, SUCCESS, logIndex=1504, commits[f3174d56-9988-40ec-970b-d447ed545dfb:c1504, 3e713ff3-0d17-449f-90fa-609b20cf4c10:c1502, 34290298-343f-405c-af97-b2d19041b010:c1502]
2019-09-11 09:06:25,013 [grpc-default-executor-2] INFO  client.GrpcClientProtocolClient (GrpcClientProtocolClient.java:onNext(264)) - client-B22ED198845A->f3174d56-9988-40ec-970b-d447ed545dfb: receive RaftClientReply:client-B22ED198845A->f3174d56-9988-40ec-970b-d447ed545dfb@group-47B82E5F6106, cid=1102, SUCCESS, logIndex=1507, commits[f3174d56-9988-40ec-970b-d447ed545dfb:c1508, 3e713ff3-0d17-449f-90fa-609b20cf4c10:c1506, 34290298-343f-405c-af97-b2d19041b010:c1506]
2019-09-11 09:06:25,013 [grpc-default-executor-2] INFO  client.GrpcClientProtocolClient (GrpcClientProtocolClient.java:onNext(264)) - client-B22ED198845A->f3174d56-9988-40ec-970b-d447ed545dfb: receive RaftClientReply:client-B22ED198845A->f3174d56-9988-40ec-970b-d447ed545dfb@group-47B82E5F6106, cid=1103, SUCCESS, logIndex=1508, commits[f3174d56-9988-40ec-970b-d447ed545dfb:c1508, 3e713ff3-0d17-449f-90fa-609b20cf4c10:c1506, 34290298-343f-405c-af97-b2d19041b010:c1506]
2019-09-11 09:06:25,015 [grpc-default-executor-2] INFO  client.GrpcClientProtocolClient (GrpcClientProtocolClient.java:onNext(264)) - client-B22ED198845A->f3174d56-9988-40ec-970b-d447ed545dfb: receive RaftClientReply:client-B22ED198845A->f3174d56-9988-40ec-970b-d447ed545dfb@group-47B82E5F6106, cid=1104, SUCCESS, logIndex=0, commits[f3174d56-9988-40ec-970b-d447ed545dfb:c1510, 3e713ff3-0d17-449f-90fa-609b20cf4c10:c1508, 34290298-343f-405c-af97-b2d19041b010:c1508]
2019-09-11 09:06:25,034 [grpc-default-executor-2] INFO  client.GrpcClientProtocolClient (GrpcClientProtocolClient.java:onNext(264)) - client-B22ED198845A->f3174d56-9988-40ec-970b-d447ed545dfb: receive RaftClientReply:client-B22ED198845A->f3174d56-9988-40ec-970b-d447ed545dfb@group-47B82E5F6106, cid=1105, SUCCESS, logIndex=1511, commits[f3174d56-9988-40ec-970b-d447ed545dfb:c1512, 3e713ff3-0d17-449f-90fa-609b20cf4c10:c1510, 34290298-343f-405c-af97-b2d19041b010:c1510]
2019-09-11 09:06:25,034 [grpc-default-executor-2] INFO  client.GrpcClientProtocolClient (GrpcClientProtocolClient.java:onNext(264)) - client-B22ED198845A->f3174d56-9988-40ec-970b-d447ed545dfb: receive RaftClientReply:client-B22ED198845A->f3174d56-9988-40ec-970b-d447ed545dfb@group-47B82E5F6106, cid=1106, SUCCESS, logIndex=1512, commits[f3174d56-9988-40ec-970b-d447ed545dfb:c1514, 3e713ff3-0d17-449f-90fa-609b20cf4c10:c1510, 34290298-343f-405c-af97-b2d19041b010:c1510]
2019-09-11 09:06:25,034 [grpc-default-executor-2] INFO  client.GrpcClientProtocolClient (GrpcClientProtocolClient.java:onNext(264)) - client-B22ED198845A->f3174d56-9988-40ec-970b-d447ed545dfb: receive RaftClientReply:client-B22ED198845A->f3174d56-9988-40ec-970b-d447ed545dfb@group-47B82E5F6106, cid=1107, SUCCESS, logIndex=1513, commits[f3174d56-9988-40ec-970b-d447ed545dfb:c1514, 3e713ff3-0d17-449f-90fa-609b20cf4c10:c1510, 34290298-343f-405c-af97-b2d19041b010:c1510]
2019-09-11 09:06:25,035 [grpc-default-executor-2] INFO  client.GrpcClientProtocolClient (GrpcClientProtocolClient.java:onNext(264)) - client-B22ED198845A->f3174d56-9988-40ec-970b-d447ed545dfb: receive RaftClientReply:client-B22ED198845A->f3174d56-9988-40ec-970b-d447ed545dfb@group-47B82E5F6106, cid=1108, SUCCESS, logIndex=1514, commits[f3174d56-9988-40ec-970b-d447ed545dfb:c1514, 3e713ff3-0d17-449f-90fa-609b20cf4c10:c1510, 34290298-343f-405c-af97-b2d19041b010:c1510]
2019-09-11 09:06:25,037 [grpc-default-executor-4] INFO  client.GrpcClientProtocolClient (GrpcClientProtocolClient.java:onNext(264)) - client-B22ED198845A->f3174d56-9988-40ec-970b-d447ed545dfb: receive RaftClientReply:client-B22ED198845A->f3174d56-9988-40ec-970b-d447ed545dfb@group-47B82E5F6106, cid=1109, SUCCESS, logIndex=0, commits[f3174d56-9988-40ec-970b-d447ed545dfb:c1516, 3e713ff3-0d17-449f-90fa-609b20cf4c10:c1512, 34290298-343f-405c-af97-b2d19041b010:c1512]
2019-09-11 09:06:25,047 [grpc-default-executor-0] INFO  client.GrpcClientProtocolClient (GrpcClientProtocolClient.java:onNext(264)) - client-B22ED198845A->f3174d56-9988-40ec-970b-d447ed545dfb: receive RaftClientReply:client-B22ED198845A->f3174d56-9988-40ec-970b-d447ed545dfb@group-47B82E5F6106, cid=1110, SUCCESS, logIndex=1519, commits[f3174d56-9988-40ec-970b-d447ed545dfb:c1520, 3e713ff3-0d17-449f-90fa-609b20cf4c10:c1518, 34290298-343f-405c-af97-b2d19041b010:c1518]
2019-09-11 09:06:25,047 [grpc-default-executor-0] INFO  client.GrpcClientProtocolClient (GrpcClientProtocolClient.java:onNext(264)) - client-B22ED198845A->f3174d56-9988-40ec-970b-d447ed545dfb: receive RaftClientReply:client-B22ED198845A->f3174d56-9988-40ec-970b-d447ed545dfb@group-47B82E5F6106, cid=1111, SUCCESS, logIndex=1520, commits[f3174d56-9988-40ec-970b-d447ed545dfb:c1520, 3e713ff3-0d17-449f-90fa-609b20cf4c10:c1518, 34290298-343f-405c-af97-b2d19041b010:c1518]
2019-09-11 09:06:25,058 [grpc-default-executor-0] INFO  client.GrpcClientProtocolClient (GrpcClientProtocolClient.java:onNext(264)) - client-B22ED198845A->f3174d56-9988-40ec-970b-d447ed545dfb: receive RaftClientReply:client-B22ED198845A->f3174d56-9988-40ec-970b-d447ed545dfb@group-47B82E5F6106, cid=1112, SUCCESS, logIndex=1523, commits[f3174d56-9988-40ec-970b-d447ed545dfb:c1524, 3e713ff3-0d17-449f-90fa-609b20cf4c10:c1520, 34290298-343f-405c-af97-b2d19041b010:c1522]
2019-09-11 09:06:25,058 [grpc-default-executor-0] INFO  client.GrpcClientProtocolClient (GrpcClientProtocolClient.java:onNext(264)) - client-B22ED198845A->f3174d56-9988-40ec-970b-d447ed545dfb: receive RaftClientReply:client-B22ED198845A->f3174d56-9988-40ec-970b-d447ed545dfb@group-47B82E5F6106, cid=1113, SUCCESS, logIndex=1524, commits[f3174d56-9988-40ec-970b-d447ed545dfb:c1524, 3e713ff3-0d17-449f-90fa-609b20cf4c10:c1522, 34290298-343f-405c-af97-b2d19041b010:c1522]
2019-09-11 09:06:25,060 [grpc-default-executor-0] INFO  client.GrpcClientProtocolClient (GrpcClientProtocolClient.java:onNext(264)) - client-B22ED198845A->f3174d56-9988-40ec-970b-d447ed545dfb: receive RaftClientReply:client-B22ED198845A->f3174d56-9988-40ec-970b-d447ed545dfb@group-47B82E5F6106, cid=1114, SUCCESS, logIndex=0, commits[f3174d56-9988-40ec-970b-d447ed545dfb:c1525, 3e713ff3-0d17-449f-90fa-609b20cf4c10:c1524, 34290298-343f-405c-af97-b2d19041b010:c1524]
2019-09-11 09:06:25,088 [grpc-default-executor-2] INFO  client.GrpcClientProtocolClient (GrpcClientProtocolClient.java:onNext(264)) - client-B22ED198845A->f3174d56-9988-40ec-970b-d447ed545dfb: receive RaftClientReply:client-B22ED198845A->f3174d56-9988-40ec-970b-d447ed545dfb@group-47B82E5F6106, cid=1115, SUCCESS, logIndex=1527, commits[f3174d56-9988-40ec-970b-d447ed545dfb:c1530, 3e713ff3-0d17-449f-90fa-609b20cf4c10:c1526, 34290298-343f-405c-af97-b2d19041b010:c1526]
2019-09-11 09:06:25,088 [grpc-default-executor-2] INFO  client.GrpcClientProtocolClient (GrpcClientProtocolClient.java:onNext(264)) - client-B22ED198845A->f3174d56-9988-40ec-970b-d447ed545dfb: receive RaftClientReply:client-B22ED198845A->f3174d56-9988-40ec-970b-d447ed545dfb@group-47B82E5F6106, cid=1116, SUCCESS, logIndex=1528, commits[f3174d56-9988-40ec-970b-d447ed545dfb:c1530, 3e713ff3-0d17-449f-90fa-609b20cf4c10:c1526, 34290298-343f-405c-af97-b2d19041b010:c1526]
2019-09-11 09:06:25,089 [grpc-default-executor-2] INFO  client.GrpcClientProtocolClient (GrpcClientProtocolClient.java:onNext(264)) - client-B22ED198845A->f3174d56-9988-40ec-970b-d447ed545dfb: receive RaftClientReply:client-B22ED198845A->f3174d56-9988-40ec-970b-d447ed545dfb@group-47B82E5F6106, cid=1117, SUCCESS, logIndex=1529, commits[f3174d56-9988-40ec-970b-d447ed545dfb:c1530, 3e713ff3-0d17-449f-90fa-609b20cf4c10:c1526, 34290298-343f-405c-af97-b2d19041b010:c1526]
2019-09-11 09:06:25,089 [grpc-default-executor-0] INFO  client.GrpcClientProtocolClient (GrpcClientProtocolClient.java:onNext(264)) - client-B22ED198845A->f3174d56-9988-40ec-970b-d447ed545dfb: receive RaftClientReply:client-B22ED198845A->f3174d56-9988-40ec-970b-d447ed545dfb@group-47B82E5F6106, cid=1118, SUCCESS, logIndex=1530, commits[f3174d56-9988-40ec-970b-d447ed545dfb:c1530, 3e713ff3-0d17-449f-90fa-609b20cf4c10:c1526, 34290298-343f-405c-af97-b2d19041b010:c1526]
2019-09-11 09:06:25,091 [grpc-default-executor-4] INFO  client.GrpcClientProtocolClient (GrpcClientProtocolClient.java:onNext(264)) - client-B22ED198845A->f3174d56-9988-40ec-970b-d447ed545dfb: receive RaftClientReply:client-B22ED198845A->f3174d56-9988-40ec-970b-d447ed545dfb@group-47B82E5F6106, cid=1119, SUCCESS, logIndex=0, commits[f3174d56-9988-40ec-970b-d447ed545dfb:c1531, 3e713ff3-0d17-449f-90fa-609b20cf4c10:c1528, 34290298-343f-405c-af97-b2d19041b010:c1528]
2019-09-11 09:06:25,122 [grpc-default-executor-4] INFO  client.GrpcClientProtocolClient (GrpcClientProtocolClient.java:onNext(264)) - client-B22ED198845A->f3174d56-9988-40ec-970b-d447ed545dfb: receive RaftClientReply:client-B22ED198845A->f3174d56-9988-40ec-970b-d447ed545dfb@group-47B82E5F6106, cid=1120, SUCCESS, logIndex=1534, commits[f3174d56-9988-40ec-970b-d447ed545dfb:c1535, 3e713ff3-0d17-449f-90fa-609b20cf4c10:c1533, 34290298-343f-405c-af97-b2d19041b010:c1533]
2019-09-11 09:06:25,122 [grpc-default-executor-4] INFO  client.GrpcClientProtocolClient (GrpcClientProtocolClient.java:onNext(264)) - client-B22ED198845A->f3174d56-9988-40ec-970b-d447ed545dfb: receive RaftClientReply:client-B22ED198845A->f3174d56-9988-40ec-970b-d447ed545dfb@group-47B82E5F6106, cid=1121, SUCCESS, logIndex=1535, commits[f3174d56-9988-40ec-970b-d447ed545dfb:c1535, 3e713ff3-0d17-449f-90fa-609b20cf4c10:c1533, 34290298-343f-405c-af97-b2d19041b010:c1533]
2019-09-11 09:06:25,141 [grpc-default-executor-0] INFO  client.GrpcClientProtocolClient (GrpcClientProtocolClient.java:onNext(264)) - client-B22ED198845A->f3174d56-9988-40ec-970b-d447ed545dfb: receive RaftClientReply:client-B22ED198845A->f3174d56-9988-40ec-970b-d447ed545dfb@group-47B82E5F6106, cid=1122, SUCCESS, logIndex=1538, commits[f3174d56-9988-40ec-970b-d447ed545dfb:c1539, 3e713ff3-0d17-449f-90fa-609b20cf4c10:c1537, 34290298-343f-405c-af97-b2d19041b010:c1537]
2019-09-11 09:06:25,141 [grpc-default-executor-0] INFO  client.GrpcClientProtocolClient (GrpcClientProtocolClient.java:onNext(264)) - client-B22ED198845A->f3174d56-9988-40ec-970b-d447ed545dfb: receive RaftClientReply:client-B22ED198845A->f3174d56-9988-40ec-970b-d447ed545dfb@group-47B82E5F6106, cid=1123, SUCCESS, logIndex=1539, commits[f3174d56-9988-40ec-970b-d447ed545dfb:c1539, 3e713ff3-0d17-449f-90fa-609b20cf4c10:c1537, 34290298-343f-405c-af97-b2d19041b010:c1537]
2019-09-11 09:06:25,165 [grpc-default-executor-2] INFO  client.GrpcClientProtocolClient (GrpcClientProtocolClient.java:onNext(264)) - client-B22ED198845A->f3174d56-9988-40ec-970b-d447ed545dfb: receive RaftClientReply:client-B22ED198845A->f3174d56-9988-40ec-970b-d447ed545dfb@group-47B82E5F6106, cid=1124, SUCCESS, logIndex=0, commits[f3174d56-9988-40ec-970b-d447ed545dfb:c1541, 3e713ff3-0d17-449f-90fa-609b20cf4c10:c1539, 34290298-343f-405c-af97-b2d19041b010:c1539]
2019-09-11 09:06:25,185 [grpc-default-executor-0] INFO  client.GrpcClientProtocolClient (GrpcClientProtocolClient.java:onNext(264)) - client-B22ED198845A->f3174d56-9988-40ec-970b-d447ed545dfb: receive RaftClientReply:client-B22ED198845A->f3174d56-9988-40ec-970b-d447ed545dfb@group-47B82E5F6106, cid=1125, SUCCESS, logIndex=1542, commits[f3174d56-9988-40ec-970b-d447ed545dfb:c1543, 3e713ff3-0d17-449f-90fa-609b20cf4c10:c1541, 34290298-343f-405c-af97-b2d19041b010:c1541]
2019-09-11 09:06:25,186 [grpc-default-executor-0] INFO  client.GrpcClientProtocolClient (GrpcClientProtocolClient.java:onNext(264)) - client-B22ED198845A->f3174d56-9988-40ec-970b-d447ed545dfb: receive RaftClientReply:client-B22ED198845A->f3174d56-9988-40ec-970b-d447ed545dfb@group-47B82E5F6106, cid=1126, SUCCESS, logIndex=1543, commits[f3174d56-9988-40ec-970b-d447ed545dfb:c1545, 3e713ff3-0d17-449f-90fa-609b20cf4c10:c1541, 34290298-343f-405c-af97-b2d19041b010:c1541]
2019-09-11 09:06:25,186 [grpc-default-executor-0] INFO  client.GrpcClientProtocolClient (GrpcClientProtocolClient.java:onNext(264)) - client-B22ED198845A->f3174d56-9988-40ec-970b-d447ed545dfb: receive RaftClientReply:client-B22ED198845A->f3174d56-9988-40ec-970b-d447ed545dfb@group-47B82E5F6106, cid=1127, SUCCESS, logIndex=1544, commits[f3174d56-9988-40ec-970b-d447ed545dfb:c1545, 3e713ff3-0d17-449f-90fa-609b20cf4c10:c1541, 34290298-343f-405c-af97-b2d19041b010:c1541]
2019-09-11 09:06:25,186 [grpc-default-executor-0] INFO  client.GrpcClientProtocolClient (GrpcClientProtocolClient.java:onNext(264)) - client-B22ED198845A->f3174d56-9988-40ec-970b-d447ed545dfb: receive RaftClientReply:client-B22ED198845A->f3174d56-9988-40ec-970b-d447ed545dfb@group-47B82E5F6106, cid=1128, SUCCESS, logIndex=1545, commits[f3174d56-9988-40ec-970b-d447ed545dfb:c1545, 3e713ff3-0d17-449f-90fa-609b20cf4c10:c1541, 34290298-343f-405c-af97-b2d19041b010:c1541]
2019-09-11 09:06:25,197 [grpc-default-executor-2] INFO  client.GrpcClientProtocolClient (GrpcClientProtocolClient.java:onNext(264)) - client-B22ED198845A->f3174d56-9988-40ec-970b-d447ed545dfb: receive RaftClientReply:client-B22ED198845A->f3174d56-9988-40ec-970b-d447ed545dfb@group-47B82E5F6106, cid=1129, SUCCESS, logIndex=0, commits[f3174d56-9988-40ec-970b-d447ed545dfb:c1546, 3e713ff3-0d17-449f-90fa-609b20cf4c10:c1543, 34290298-343f-405c-af97-b2d19041b010:c1543]
2019-09-11 09:06:25,215 [grpc-default-executor-0] INFO  client.GrpcClientProtocolClient (GrpcClientProtocolClient.java:onNext(264)) - client-B22ED198845A->f3174d56-9988-40ec-970b-d447ed545dfb: receive RaftClientReply:client-B22ED198845A->f3174d56-9988-40ec-970b-d447ed545dfb@group-47B82E5F6106, cid=1130, SUCCESS, logIndex=1549, commits[f3174d56-9988-40ec-970b-d447ed545dfb:c1550, 3e713ff3-0d17-449f-90fa-609b20cf4c10:c1548, 34290298-343f-405c-af97-b2d19041b010:c1548]
2019-09-11 09:06:25,215 [grpc-default-executor-0] INFO  client.GrpcClientProtocolClient (GrpcClientProtocolClient.java:onNext(264)) - client-B22ED198845A->f3174d56-9988-40ec-970b-d447ed545dfb: receive RaftClientReply:client-B22ED198845A->f3174d56-9988-40ec-970b-d447ed545dfb@group-47B82E5F6106, cid=1131, SUCCESS, logIndex=1550, commits[f3174d56-9988-40ec-970b-d447ed545dfb:c1550, 3e713ff3-0d17-449f-90fa-609b20cf4c10:c1548, 34290298-343f-405c-af97-b2d19041b010:c1548]
2019-09-11 09:06:25,228 [grpc-default-executor-2] INFO  client.GrpcClientProtocolClient (GrpcClientProtocolClient.java:onNext(264)) - client-B22ED198845A->f3174d56-9988-40ec-970b-d447ed545dfb: receive RaftClientReply:client-B22ED198845A->f3174d56-9988-40ec-970b-d447ed545dfb@group-47B82E5F6106, cid=1132, SUCCESS, logIndex=1553, commits[f3174d56-9988-40ec-970b-d447ed545dfb:c1553, 3e713ff3-0d17-449f-90fa-609b20cf4c10:c1550, 34290298-343f-405c-af97-b2d19041b010:c1550]
2019-09-11 09:06:25,229 [grpc-default-executor-2] INFO  client.GrpcClientProtocolClient (GrpcClientProtocolClient.java:onNext(264)) - client-B22ED198845A->f3174d56-9988-40ec-970b-d447ed545dfb: receive RaftClientReply:client-B22ED198845A->f3174d56-9988-40ec-970b-d447ed545dfb@group-47B82E5F6106, cid=1133, SUCCESS, logIndex=1554, commits[f3174d56-9988-40ec-970b-d447ed545dfb:c1554, 3e713ff3-0d17-449f-90fa-609b20cf4c10:c1550, 34290298-343f-405c-af97-b2d19041b010:c1550]
2019-09-11 09:06:25,241 [grpc-default-executor-2] INFO  client.GrpcClientProtocolClient (GrpcClientProtocolClient.java:onNext(264)) - client-B22ED198845A->f3174d56-9988-40ec-970b-d447ed545dfb: receive RaftClientReply:client-B22ED198845A->f3174d56-9988-40ec-970b-d447ed545dfb@group-47B82E5F6106, cid=1134, SUCCESS, logIndex=0, commits[f3174d56-9988-40ec-970b-d447ed545dfb:c1556, 3e713ff3-0d17-449f-90fa-609b20cf4c10:c1554, 34290298-343f-405c-af97-b2d19041b010:c1554]
2019-09-11 09:06:25,378 [grpc-default-executor-1] INFO  client.GrpcClientProtocolClient (GrpcClientProtocolClient.java:onNext(264)) - client-B22ED198845A->f3174d56-9988-40ec-970b-d447ed545dfb: receive RaftClientReply:client-B22ED198845A->f3174d56-9988-40ec-970b-d447ed545dfb@group-47B82E5F6106, cid=1135, SUCCESS, logIndex=1557, commits[f3174d56-9988-40ec-970b-d447ed545dfb:c1559, 3e713ff3-0d17-449f-90fa-609b20cf4c10:c1556, 34290298-343f-405c-af97-b2d19041b010:c1556]
2019-09-11 09:06:25,379 [grpc-default-executor-1] INFO  client.GrpcClientProtocolClient (GrpcClientProtocolClient.java:onNext(264)) - client-B22ED198845A->f3174d56-9988-40ec-970b-d447ed545dfb: receive RaftClientReply:client-B22ED198845A->f3174d56-9988-40ec-970b-d447ed545dfb@group-47B82E5F6106, cid=1136, SUCCESS, logIndex=1558, commits[f3174d56-9988-40ec-970b-d447ed545dfb:c1560, 3e713ff3-0d17-449f-90fa-609b20cf4c10:c1556, 34290298-343f-405c-af97-b2d19041b010:c1556]
2019-09-11 09:06:25,379 [grpc-default-executor-1] INFO  client.GrpcClientProtocolClient (GrpcClientProtocolClient.java:onNext(264)) - client-B22ED198845A->f3174d56-9988-40ec-970b-d447ed545dfb: receive RaftClientReply:client-B22ED198845A->f3174d56-9988-40ec-970b-d447ed545dfb@group-47B82E5F6106, cid=1137, SUCCESS, logIndex=1559, commits[f3174d56-9988-40ec-970b-d447ed545dfb:c1560, 3e713ff3-0d17-449f-90fa-609b20cf4c10:c1556, 34290298-343f-405c-af97-b2d19041b010:c1556]
2019-09-11 09:06:25,379 [grpc-default-executor-1] INFO  client.GrpcClientProtocolClient (GrpcClientProtocolClient.java:onNext(264)) - client-B22ED198845A->f3174d56-9988-40ec-970b-d447ed545dfb: receive RaftClientReply:client-B22ED198845A->f3174d56-9988-40ec-970b-d447ed545dfb@group-47B82E5F6106, cid=1138, SUCCESS, logIndex=1560, commits[f3174d56-9988-40ec-970b-d447ed545dfb:c1560, 3e713ff3-0d17-449f-90fa-609b20cf4c10:c1556, 34290298-343f-405c-af97-b2d19041b010:c1556]
2019-09-11 09:06:25,391 [grpc-default-executor-1] INFO  client.GrpcClientProtocolClient (GrpcClientProtocolClient.java:onNext(264)) - client-B22ED198845A->f3174d56-9988-40ec-970b-d447ed545dfb: receive RaftClientReply:client-B22ED198845A->f3174d56-9988-40ec-970b-d447ed545dfb@group-47B82E5F6106, cid=1139, SUCCESS, logIndex=0, commits[f3174d56-9988-40ec-970b-d447ed545dfb:c1562, 3e713ff3-0d17-449f-90fa-609b20cf4c10:c1558, 34290298-343f-405c-af97-b2d19041b010:c1558]
2019-09-11 09:06:25,413 [grpc-default-executor-4] INFO  client.GrpcClientProtocolClient (GrpcClientProtocolClient.java:onNext(264)) - client-B22ED198845A->f3174d56-9988-40ec-970b-d447ed545dfb: receive RaftClientReply:client-B22ED198845A->f3174d56-9988-40ec-970b-d447ed545dfb@group-47B82E5F6106, cid=1140, SUCCESS, logIndex=1565, commits[f3174d56-9988-40ec-970b-d447ed545dfb:c1566, 3e713ff3-0d17-449f-90fa-609b20cf4c10:c1564, 34290298-343f-405c-af97-b2d19041b010:c1564]
2019-09-11 09:06:25,414 [grpc-default-executor-4] INFO  client.GrpcClientProtocolClient (GrpcClientProtocolClient.java:onNext(264)) - client-B22ED198845A->f3174d56-9988-40ec-970b-d447ed545dfb: receive RaftClientReply:client-B22ED198845A->f3174d56-9988-40ec-970b-d447ed545dfb@group-47B82E5F6106, cid=1141, SUCCESS, logIndex=1566, commits[f3174d56-9988-40ec-970b-d447ed545dfb:c1566, 3e713ff3-0d17-449f-90fa-609b20cf4c10:c1564, 34290298-343f-405c-af97-b2d19041b010:c1564]
2019-09-11 09:06:25,431 [grpc-default-executor-4] INFO  client.GrpcClientProtocolClient (GrpcClientProtocolClient.java:onNext(264)) - client-B22ED198845A->f3174d56-9988-40ec-970b-d447ed545dfb: receive RaftClientReply:client-B22ED198845A->f3174d56-9988-40ec-970b-d447ed545dfb@group-47B82E5F6106, cid=1142, SUCCESS, logIndex=1569, commits[f3174d56-9988-40ec-970b-d447ed545dfb:c1570, 3e713ff3-0d17-449f-90fa-609b20cf4c10:c1566, 34290298-343f-405c-af97-b2d19041b010:c1566]
2019-09-11 09:06:25,431 [grpc-default-executor-4] INFO  client.GrpcClientProtocolClient (GrpcClientProtocolClient.java:onNext(264)) - client-B22ED198845A->f3174d56-9988-40ec-970b-d447ed545dfb: receive RaftClientReply:client-B22ED198845A->f3174d56-9988-40ec-970b-d447ed545dfb@group-47B82E5F6106, cid=1143, SUCCESS, logIndex=1570, commits[f3174d56-9988-40ec-970b-d447ed545dfb:c1570, 3e713ff3-0d17-449f-90fa-609b20cf4c10:c1566, 34290298-343f-405c-af97-b2d19041b010:c1566]
2019-09-11 09:06:25,444 [grpc-default-executor-4] INFO  client.GrpcClientProtocolClient (GrpcClientProtocolClient.java:onNext(264)) - client-B22ED198845A->f3174d56-9988-40ec-970b-d447ed545dfb: receive RaftClientReply:client-B22ED198845A->f3174d56-9988-40ec-970b-d447ed545dfb@group-47B82E5F6106, cid=1144, SUCCESS, logIndex=0, commits[f3174d56-9988-40ec-970b-d447ed545dfb:c1572, 3e713ff3-0d17-449f-90fa-609b20cf4c10:c1570, 34290298-343f-405c-af97-b2d19041b010:c1570]
2019-09-11 09:06:25,465 [grpc-default-executor-1] INFO  client.GrpcClientProtocolClient (GrpcClientProtocolClient.java:onNext(264)) - client-B22ED198845A->f3174d56-9988-40ec-970b-d447ed545dfb: receive RaftClientReply:client-B22ED198845A->f3174d56-9988-40ec-970b-d447ed545dfb@group-47B82E5F6106, cid=1145, SUCCESS, logIndex=1573, commits[f3174d56-9988-40ec-970b-d447ed545dfb:c1573, 3e713ff3-0d17-449f-90fa-609b20cf4c10:c1572, 34290298-343f-405c-af97-b2d19041b010:c1572]
2019-09-11 09:06:25,466 [grpc-default-executor-1] INFO  client.GrpcClientProtocolClient (GrpcClientProtocolClient.java:onNext(264)) - client-B22ED198845A->f3174d56-9988-40ec-970b-d447ed545dfb: receive RaftClientReply:client-B22ED198845A->f3174d56-9988-40ec-970b-d447ed545dfb@group-47B82E5F6106, cid=1146, SUCCESS, logIndex=1574, commits[f3174d56-9988-40ec-970b-d447ed545dfb:c1576, 3e713ff3-0d17-449f-90fa-609b20cf4c10:c1572, 34290298-343f-405c-af97-b2d19041b010:c1572]
2019-09-11 09:06:25,466 [grpc-default-executor-1] INFO  client.GrpcClientProtocolClient (GrpcClientProtocolClient.java:onNext(264)) - client-B22ED198845A->f3174d56-9988-40ec-970b-d447ed545dfb: receive RaftClientReply:client-B22ED198845A->f3174d56-9988-40ec-970b-d447ed545dfb@group-47B82E5F6106, cid=1147, SUCCESS, logIndex=1575, commits[f3174d56-9988-40ec-970b-d447ed545dfb:c1576, 3e713ff3-0d17-449f-90fa-609b20cf4c10:c1572, 34290298-343f-405c-af97-b2d19041b010:c1572]
2019-09-11 09:06:25,466 [grpc-default-executor-1] INFO  client.GrpcClientProtocolClient (GrpcClientProtocolClient.java:onNext(264)) - client-B22ED198845A->f3174d56-9988-40ec-970b-d447ed545dfb: receive RaftClientReply:client-B22ED198845A->f3174d56-9988-40ec-970b-d447ed545dfb@group-47B82E5F6106, cid=1148, SUCCESS, logIndex=1576, commits[f3174d56-9988-40ec-970b-d447ed545dfb:c1576, 3e713ff3-0d17-449f-90fa-609b20cf4c10:c1572, 34290298-343f-405c-af97-b2d19041b010:c1572]
2019-09-11 09:06:25,467 [grpc-default-executor-2] INFO  client.GrpcClientProtocolClient (GrpcClientProtocolClient.java:onNext(264)) - client-B22ED198845A->f3174d56-9988-40ec-970b-d447ed545dfb: receive RaftClientReply:client-B22ED198845A->f3174d56-9988-40ec-970b-d447ed545dfb@group-47B82E5F6106, cid=1149, SUCCESS, logIndex=0, commits[f3174d56-9988-40ec-970b-d447ed545dfb:c1578, 3e713ff3-0d17-449f-90fa-609b20cf4c10:c1574, 34290298-343f-405c-af97-b2d19041b010:c1574]
 0.00% |█                                                                                                    |  0/1 Time: 0:00:052019-09-11 09:06:25,486 [grpc-default-executor-4] INFO  client.GrpcClientProtocolClient (GrpcClientProtocolClient.java:onNext(264)) - client-B22ED198845A->f3174d56-9988-40ec-970b-d447ed545dfb: receive RaftClientReply:client-B22ED198845A->f3174d56-9988-40ec-970b-d447ed545dfb@group-47B82E5F6106, cid=1150, SUCCESS, logIndex=1581, commits[f3174d56-9988-40ec-970b-d447ed545dfb:c1582, 3e713ff3-0d17-449f-90fa-609b20cf4c10:c1580, 34290298-343f-405c-af97-b2d19041b010:c1580]
2019-09-11 09:06:25,486 [grpc-default-executor-4] INFO  client.GrpcClientProtocolClient (GrpcClientProtocolClient.java:onNext(264)) - client-B22ED198845A->f3174d56-9988-40ec-970b-d447ed545dfb: receive RaftClientReply:client-B22ED198845A->f3174d56-9988-40ec-970b-d447ed545dfb@group-47B82E5F6106, cid=1151, SUCCESS, logIndex=1582, commits[f3174d56-9988-40ec-970b-d447ed545dfb:c1582, 3e713ff3-0d17-449f-90fa-609b20cf4c10:c1580, 34290298-343f-405c-af97-b2d19041b010:c1580]
2019-09-11 09:06:25,501 [grpc-default-executor-1] INFO  client.GrpcClientProtocolClient (GrpcClientProtocolClient.java:onNext(264)) - client-B22ED198845A->f3174d56-9988-40ec-970b-d447ed545dfb: receive RaftClientReply:client-B22ED198845A->f3174d56-9988-40ec-970b-d447ed545dfb@group-47B82E5F6106, cid=1152, SUCCESS, logIndex=1585, commits[f3174d56-9988-40ec-970b-d447ed545dfb:c1586, 3e713ff3-0d17-449f-90fa-609b20cf4c10:c1582, 34290298-343f-405c-af97-b2d19041b010:c1582]
2019-09-11 09:06:25,501 [grpc-default-executor-1] INFO  client.GrpcClientProtocolClient (GrpcClientProtocolClient.java:onNext(264)) - client-B22ED198845A->f3174d56-9988-40ec-970b-d447ed545dfb: receive RaftClientReply:client-B22ED198845A->f3174d56-9988-40ec-970b-d447ed545dfb@group-47B82E5F6106, cid=1153, SUCCESS, logIndex=1586, commits[f3174d56-9988-40ec-970b-d447ed545dfb:c1586, 3e713ff3-0d17-449f-90fa-609b20cf4c10:c1582, 34290298-343f-405c-af97-b2d19041b010:c1582]
2019-09-11 09:06:25,514 [grpc-default-executor-2] INFO  client.GrpcClientProtocolClient (GrpcClientProtocolClient.java:onNext(264)) - client-B22ED198845A->f3174d56-9988-40ec-970b-d447ed545dfb: receive RaftClientReply:client-B22ED198845A->f3174d56-9988-40ec-970b-d447ed545dfb@group-47B82E5F6106, cid=1154, SUCCESS, logIndex=0, commits[f3174d56-9988-40ec-970b-d447ed545dfb:c1588, 3e713ff3-0d17-449f-90fa-609b20cf4c10:c1586, 34290298-343f-405c-af97-b2d19041b010:c1586]
2019-09-11 09:06:25,533 [grpc-default-executor-1] INFO  client.GrpcClientProtocolClient (GrpcClientProtocolClient.java:onNext(264)) - client-B22ED198845A->f3174d56-9988-40ec-970b-d447ed545dfb: receive RaftClientReply:client-B22ED198845A->f3174d56-9988-40ec-970b-d447ed545dfb@group-47B82E5F6106, cid=1155, SUCCESS, logIndex=1589, commits[f3174d56-9988-40ec-970b-d447ed545dfb:c1590, 3e713ff3-0d17-449f-90fa-609b20cf4c10:c1588, 34290298-343f-405c-af97-b2d19041b010:c1588]
2019-09-11 09:06:25,533 [grpc-default-executor-1] INFO  client.GrpcClientProtocolClient (GrpcClientProtocolClient.java:onNext(264)) - client-B22ED198845A->f3174d56-9988-40ec-970b-d447ed545dfb: receive RaftClientReply:client-B22ED198845A->f3174d56-9988-40ec-970b-d447ed545dfb@group-47B82E5F6106, cid=1156, SUCCESS, logIndex=1590, commits[f3174d56-9988-40ec-970b-d447ed545dfb:c1590, 3e713ff3-0d17-449f-90fa-609b20cf4c10:c1588, 34290298-343f-405c-af97-b2d19041b010:c1588]
2019-09-11 09:06:25,541 [grpc-default-executor-0] INFO  client.GrpcClientProtocolClient (GrpcClientProtocolClient.java:onNext(264)) - client-B22ED198845A->f3174d56-9988-40ec-970b-d447ed545dfb: receive RaftClientReply:client-B22ED198845A->f3174d56-9988-40ec-970b-d447ed545dfb@group-47B82E5F6106, cid=1157, SUCCESS, logIndex=1591, commits[f3174d56-9988-40ec-970b-d447ed545dfb:c1592, 3e713ff3-0d17-449f-90fa-609b20cf4c10:c1588, 34290298-343f-405c-af97-b2d19041b010:c1589]
2019-09-11 09:06:25,541 [grpc-default-executor-0] INFO  client.GrpcClientProtocolClient (GrpcClientProtocolClient.java:onNext(264)) - client-B22ED198845A->f3174d56-9988-40ec-970b-d447ed545dfb: receive RaftClientReply:client-B22ED198845A->f3174d56-9988-40ec-970b-d447ed545dfb@group-47B82E5F6106, cid=1158, SUCCESS, logIndex=1592, commits[f3174d56-9988-40ec-970b-d447ed545dfb:c1594, 3e713ff3-0d17-449f-90fa-609b20cf4c10:c1589, 34290298-343f-405c-af97-b2d19041b010:c1590]
2019-09-11 09:06:25,542 [grpc-default-executor-0] INFO  client.GrpcClientProtocolClient (GrpcClientProtocolClient.java:onNext(264)) - client-B22ED198845A->f3174d56-9988-40ec-970b-d447ed545dfb: receive RaftClientReply:client-B22ED198845A->f3174d56-9988-40ec-970b-d447ed545dfb@group-47B82E5F6106, cid=1159, SUCCESS, logIndex=0, commits[f3174d56-9988-40ec-970b-d447ed545dfb:c1595, 3e713ff3-0d17-449f-90fa-609b20cf4c10:c1590, 34290298-343f-405c-af97-b2d19041b010:c1592]
2019-09-11 09:06:25,559 [grpc-default-executor-4] INFO  client.GrpcClientProtocolClient (GrpcClientProtocolClient.java:onNext(264)) - client-B22ED198845A->f3174d56-9988-40ec-970b-d447ed545dfb: receive RaftClientReply:client-B22ED198845A->f3174d56-9988-40ec-970b-d447ed545dfb@group-47B82E5F6106, cid=1160, SUCCESS, logIndex=1597, commits[f3174d56-9988-40ec-970b-d447ed545dfb:c1598, 3e713ff3-0d17-449f-90fa-609b20cf4c10:c1596, 34290298-343f-405c-af97-b2d19041b010:c1596]
2019-09-11 09:06:25,559 [grpc-default-executor-4] INFO  client.GrpcClientProtocolClient (GrpcClientProtocolClient.java:onNext(264)) - client-B22ED198845A->f3174d56-9988-40ec-970b-d447ed545dfb: receive RaftClientReply:client-B22ED198845A->f3174d56-9988-40ec-970b-d447ed545dfb@group-47B82E5F6106, cid=1161, SUCCESS, logIndex=1598, commits[f3174d56-9988-40ec-970b-d447ed545dfb:c1598, 3e713ff3-0d17-449f-90fa-609b20cf4c10:c1596, 34290298-343f-405c-af97-b2d19041b010:c1596]
2019-09-11 09:06:25,569 [grpc-default-executor-0] INFO  client.GrpcClientProtocolClient (GrpcClientProtocolClient.java:onNext(264)) - client-B22ED198845A->f3174d56-9988-40ec-970b-d447ed545dfb: receive RaftClientReply:client-B22ED198845A->f3174d56-9988-40ec-970b-d447ed545dfb@group-47B82E5F6106, cid=1162, SUCCESS, logIndex=1601, commits[f3174d56-9988-40ec-970b-d447ed545dfb:c1602, 3e713ff3-0d17-449f-90fa-609b20cf4c10:c1600, 34290298-343f-405c-af97-b2d19041b010:c1598]
2019-09-11 09:06:25,570 [grpc-default-executor-0] INFO  client.GrpcClientProtocolClient (GrpcClientProtocolClient.java:onNext(264)) - client-B22ED198845A->f3174d56-9988-40ec-970b-d447ed545dfb: receive RaftClientReply:client-B22ED198845A->f3174d56-9988-40ec-970b-d447ed545dfb@group-47B82E5F6106, cid=1163, SUCCESS, logIndex=1602, commits[f3174d56-9988-40ec-970b-d447ed545dfb:c1602, 3e713ff3-0d17-449f-90fa-609b20cf4c10:c1600, 34290298-343f-405c-af97-b2d19041b010:c1600]
2019-09-11 09:06:25,571 [grpc-default-executor-0] INFO  client.GrpcClientProtocolClient (GrpcClientProtocolClient.java:onNext(264)) - client-B22ED198845A->f3174d56-9988-40ec-970b-d447ed545dfb: receive RaftClientReply:client-B22ED198845A->f3174d56-9988-40ec-970b-d447ed545dfb@group-47B82E5F6106, cid=1164, SUCCESS, logIndex=0, commits[f3174d56-9988-40ec-970b-d447ed545dfb:c1603, 3e713ff3-0d17-449f-90fa-609b20cf4c10:c1602, 34290298-343f-405c-af97-b2d19041b010:c1602]
2019-09-11 09:06:25,581 [grpc-default-executor-4] INFO  client.GrpcClientProtocolClient (GrpcClientProtocolClient.java:onNext(264)) - client-B22ED198845A->f3174d56-9988-40ec-970b-d447ed545dfb: receive RaftClientReply:client-B22ED198845A->f3174d56-9988-40ec-970b-d447ed545dfb@group-47B82E5F6106, cid=1165, SUCCESS, logIndex=1605, commits[f3174d56-9988-40ec-970b-d447ed545dfb:c1606, 3e713ff3-0d17-449f-90fa-609b20cf4c10:c1604, 34290298-343f-405c-af97-b2d19041b010:c1602]
2019-09-11 09:06:25,582 [grpc-default-executor-4] INFO  client.GrpcClientProtocolClient (GrpcClientProtocolClient.java:onNext(264)) - client-B22ED198845A->f3174d56-9988-40ec-970b-d447ed545dfb: receive RaftClientReply:client-B22ED198845A->f3174d56-9988-40ec-970b-d447ed545dfb@group-47B82E5F6106, cid=1166, SUCCESS, logIndex=1606, commits[f3174d56-9988-40ec-970b-d447ed545dfb:c1606, 3e713ff3-0d17-449f-90fa-609b20cf4c10:c1604, 34290298-343f-405c-af97-b2d19041b010:c1602]
2019-09-11 09:06:25,584 [grpc-default-executor-4] INFO  client.GrpcClientProtocolClient (GrpcClientProtocolClient.java:onNext(264)) - client-B22ED198845A->f3174d56-9988-40ec-970b-d447ed545dfb: receive RaftClientReply:client-B22ED198845A->f3174d56-9988-40ec-970b-d447ed545dfb@group-47B82E5F6106, cid=1167, SUCCESS, logIndex=1607, commits[f3174d56-9988-40ec-970b-d447ed545dfb:c1608, 3e713ff3-0d17-449f-90fa-609b20cf4c10:c1604, 34290298-343f-405c-af97-b2d19041b010:c1604]
2019-09-11 09:06:25,584 [grpc-default-executor-4] INFO  client.GrpcClientProtocolClient (GrpcClientProtocolClient.java:onNext(264)) - client-B22ED198845A->f3174d56-9988-40ec-970b-d447ed545dfb: receive RaftClientReply:client-B22ED198845A->f3174d56-9988-40ec-970b-d447ed545dfb@group-47B82E5F6106, cid=1168, SUCCESS, logIndex=1608, commits[f3174d56-9988-40ec-970b-d447ed545dfb:c1610, 3e713ff3-0d17-449f-90fa-609b20cf4c10:c1606, 34290298-343f-405c-af97-b2d19041b010:c1604]
2019-09-11 09:06:25,585 [grpc-default-executor-1] INFO  client.GrpcClientProtocolClient (GrpcClientProtocolClient.java:onNext(264)) - client-B22ED198845A->f3174d56-9988-40ec-970b-d447ed545dfb: receive RaftClientReply:client-B22ED198845A->f3174d56-9988-40ec-970b-d447ed545dfb@group-47B82E5F6106, cid=1169, SUCCESS, logIndex=0, commits[f3174d56-9988-40ec-970b-d447ed545dfb:c1611, 3e713ff3-0d17-449f-90fa-609b20cf4c10:c1607, 34290298-343f-405c-af97-b2d19041b010:c1606]
2019-09-11 09:06:25,603 [grpc-default-executor-1] INFO  client.GrpcClientProtocolClient (GrpcClientProtocolClient.java:onNext(264)) - client-B22ED198845A->f3174d56-9988-40ec-970b-d447ed545dfb: receive RaftClientReply:client-B22ED198845A->f3174d56-9988-40ec-970b-d447ed545dfb@group-47B82E5F6106, cid=1170, SUCCESS, logIndex=1613, commits[f3174d56-9988-40ec-970b-d447ed545dfb:c1614, 3e713ff3-0d17-449f-90fa-609b20cf4c10:c1612, 34290298-343f-405c-af97-b2d19041b010:c1612]
2019-09-11 09:06:25,603 [grpc-default-executor-1] INFO  client.GrpcClientProtocolClient (GrpcClientProtocolClient.java:onNext(264)) - client-B22ED198845A->f3174d56-9988-40ec-970b-d447ed545dfb: receive RaftClientReply:client-B22ED198845A->f3174d56-9988-40ec-970b-d447ed545dfb@group-47B82E5F6106, cid=1171, SUCCESS, logIndex=1614, commits[f3174d56-9988-40ec-970b-d447ed545dfb:c1614, 3e713ff3-0d17-449f-90fa-609b20cf4c10:c1612, 34290298-343f-405c-af97-b2d19041b010:c1612]
2019-09-11 09:06:25,638 [grpc-default-executor-4] INFO  client.GrpcClientProtocolClient (GrpcClientProtocolClient.java:onNext(264)) - client-B22ED198845A->f3174d56-9988-40ec-970b-d447ed545dfb: receive RaftClientReply:client-B22ED198845A->f3174d56-9988-40ec-970b-d447ed545dfb@group-47B82E5F6106, cid=1172, SUCCESS, logIndex=1617, commits[f3174d56-9988-40ec-970b-d447ed545dfb:c1618, 3e713ff3-0d17-449f-90fa-609b20cf4c10:c1616, 34290298-343f-405c-af97-b2d19041b010:c1614]
2019-09-11 09:06:25,639 [grpc-default-executor-4] INFO  client.GrpcClientProtocolClient (GrpcClientProtocolClient.java:onNext(264)) - client-B22ED198845A->f3174d56-9988-40ec-970b-d447ed545dfb: receive RaftClientReply:client-B22ED198845A->f3174d56-9988-40ec-970b-d447ed545dfb@group-47B82E5F6106, cid=1173, SUCCESS, logIndex=1618, commits[f3174d56-9988-40ec-970b-d447ed545dfb:c1618, 3e713ff3-0d17-449f-90fa-609b20cf4c10:c1616, 34290298-343f-405c-af97-b2d19041b010:c1616]
2019-09-11 09:06:25,640 [grpc-default-executor-4] INFO  client.GrpcClientProtocolClient (GrpcClientProtocolClient.java:onNext(264)) - client-B22ED198845A->f3174d56-9988-40ec-970b-d447ed545dfb: receive RaftClientReply:client-B22ED198845A->f3174d56-9988-40ec-970b-d447ed545dfb@group-47B82E5F6106, cid=1174, SUCCESS, logIndex=0, commits[f3174d56-9988-40ec-970b-d447ed545dfb:c1619, 3e713ff3-0d17-449f-90fa-609b20cf4c10:c1618, 34290298-343f-405c-af97-b2d19041b010:c1618]
2019-09-11 09:06:25,659 [grpc-default-executor-2] INFO  client.GrpcClientProtocolClient (GrpcClientProtocolClient.java:onNext(264)) - client-B22ED198845A->f3174d56-9988-40ec-970b-d447ed545dfb: receive RaftClientReply:client-B22ED198845A->f3174d56-9988-40ec-970b-d447ed545dfb@group-47B82E5F6106, cid=1175, SUCCESS, logIndex=1621, commits[f3174d56-9988-40ec-970b-d447ed545dfb:c1622, 3e713ff3-0d17-449f-90fa-609b20cf4c10:c1620, 34290298-343f-405c-af97-b2d19041b010:c1620]
2019-09-11 09:06:25,660 [grpc-default-executor-2] INFO  client.GrpcClientProtocolClient (GrpcClientProtocolClient.java:onNext(264)) - client-B22ED198845A->f3174d56-9988-40ec-970b-d447ed545dfb: receive RaftClientReply:client-B22ED198845A->f3174d56-9988-40ec-970b-d447ed545dfb@group-47B82E5F6106, cid=1176, SUCCESS, logIndex=1622, commits[f3174d56-9988-40ec-970b-d447ed545dfb:c1622, 3e713ff3-0d17-449f-90fa-609b20cf4c10:c1620, 34290298-343f-405c-af97-b2d19041b010:c1620]
2019-09-11 09:06:25,660 [grpc-default-executor-2] INFO  client.GrpcClientProtocolClient (GrpcClientProtocolClient.java:onNext(264)) - client-B22ED198845A->f3174d56-9988-40ec-970b-d447ed545dfb: receive RaftClientReply:client-B22ED198845A->f3174d56-9988-40ec-970b-d447ed545dfb@group-47B82E5F6106, cid=1177, SUCCESS, logIndex=1623, commits[f3174d56-9988-40ec-970b-d447ed545dfb:c1624, 3e713ff3-0d17-449f-90fa-609b20cf4c10:c1620, 34290298-343f-405c-af97-b2d19041b010:c1620]
2019-09-11 09:06:25,660 [grpc-default-executor-1] INFO  client.GrpcClientProtocolClient (GrpcClientProtocolClient.java:onNext(264)) - client-B22ED198845A->f3174d56-9988-40ec-970b-d447ed545dfb: receive RaftClientReply:client-B22ED198845A->f3174d56-9988-40ec-970b-d447ed545dfb@group-47B82E5F6106, cid=1178, SUCCESS, logIndex=1624, commits[f3174d56-9988-40ec-970b-d447ed545dfb:c1624, 3e713ff3-0d17-449f-90fa-609b20cf4c10:c1620, 34290298-343f-405c-af97-b2d19041b010:c1620]
2019-09-11 09:06:25,662 [grpc-default-executor-1] INFO  client.GrpcClientProtocolClient (GrpcClientProtocolClient.java:onNext(264)) - client-B22ED198845A->f3174d56-9988-40ec-970b-d447ed545dfb: receive RaftClientReply:client-B22ED198845A->f3174d56-9988-40ec-970b-d447ed545dfb@group-47B82E5F6106, cid=1179, SUCCESS, logIndex=0, commits[f3174d56-9988-40ec-970b-d447ed545dfb:c1626, 3e713ff3-0d17-449f-90fa-609b20cf4c10:c1622, 34290298-343f-405c-af97-b2d19041b010:c1622]
2019-09-11 09:06:25,680 [grpc-default-executor-1] INFO  client.GrpcClientProtocolClient (GrpcClientProtocolClient.java:onNext(264)) - client-B22ED198845A->f3174d56-9988-40ec-970b-d447ed545dfb: receive RaftClientReply:client-B22ED198845A->f3174d56-9988-40ec-970b-d447ed545dfb@group-47B82E5F6106, cid=1180, SUCCESS, logIndex=1629, commits[f3174d56-9988-40ec-970b-d447ed545dfb:c1630, 3e713ff3-0d17-449f-90fa-609b20cf4c10:c1628, 34290298-343f-405c-af97-b2d19041b010:c1628]
2019-09-11 09:06:25,681 [grpc-default-executor-1] INFO  client.GrpcClientProtocolClient (GrpcClientProtocolClient.java:onNext(264)) - client-B22ED198845A->f3174d56-9988-40ec-970b-d447ed545dfb: receive RaftClientReply:client-B22ED198845A->f3174d56-9988-40ec-970b-d447ed545dfb@group-47B82E5F6106, cid=1181, SUCCESS, logIndex=1630, commits[f3174d56-9988-40ec-970b-d447ed545dfb:c1630, 3e713ff3-0d17-449f-90fa-609b20cf4c10:c1628, 34290298-343f-405c-af97-b2d19041b010:c1628]
2019-09-11 09:06:25,693 [grpc-default-executor-0] INFO  client.GrpcClientProtocolClient (GrpcClientProtocolClient.java:onNext(264)) - client-B22ED198845A->f3174d56-9988-40ec-970b-d447ed545dfb: receive RaftClientReply:client-B22ED198845A->f3174d56-9988-40ec-970b-d447ed545dfb@group-47B82E5F6106, cid=1182, SUCCESS, logIndex=1633, commits[f3174d56-9988-40ec-970b-d447ed545dfb:c1634, 3e713ff3-0d17-449f-90fa-609b20cf4c10:c1630, 34290298-343f-405c-af97-b2d19041b010:c1630]
2019-09-11 09:06:25,694 [grpc-default-executor-0] INFO  client.GrpcClientProtocolClient (GrpcClientProtocolClient.java:onNext(264)) - client-B22ED198845A->f3174d56-9988-40ec-970b-d447ed545dfb: receive RaftClientReply:client-B22ED198845A->f3174d56-9988-40ec-970b-d447ed545dfb@group-47B82E5F6106, cid=1183, SUCCESS, logIndex=1634, commits[f3174d56-9988-40ec-970b-d447ed545dfb:c1634, 3e713ff3-0d17-449f-90fa-609b20cf4c10:c1630, 34290298-343f-405c-af97-b2d19041b010:c1630]
2019-09-11 09:06:25,706 [grpc-default-executor-0] INFO  client.GrpcClientProtocolClient (GrpcClientProtocolClient.java:onNext(264)) - client-B22ED198845A->f3174d56-9988-40ec-970b-d447ed545dfb: receive RaftClientReply:client-B22ED198845A->f3174d56-9988-40ec-970b-d447ed545dfb@group-47B82E5F6106, cid=1184, SUCCESS, logIndex=0, commits[f3174d56-9988-40ec-970b-d447ed545dfb:c1636, 3e713ff3-0d17-449f-90fa-609b20cf4c10:c1634, 34290298-343f-405c-af97-b2d19041b010:c1634]
2019-09-11 09:06:25,725 [grpc-default-executor-1] INFO  client.GrpcClientProtocolClient (GrpcClientProtocolClient.java:onNext(264)) - client-B22ED198845A->f3174d56-9988-40ec-970b-d447ed545dfb: receive RaftClientReply:client-B22ED198845A->f3174d56-9988-40ec-970b-d447ed545dfb@group-47B82E5F6106, cid=1185, SUCCESS, logIndex=1637, commits[f3174d56-9988-40ec-970b-d447ed545dfb:c1639, 3e713ff3-0d17-449f-90fa-609b20cf4c10:c1636, 34290298-343f-405c-af97-b2d19041b010:c1636]
2019-09-11 09:06:25,725 [grpc-default-executor-1] INFO  client.GrpcClientProtocolClient (GrpcClientProtocolClient.java:onNext(264)) - client-B22ED198845A->f3174d56-9988-40ec-970b-d447ed545dfb: receive RaftClientReply:client-B22ED198845A->f3174d56-9988-40ec-970b-d447ed545dfb@group-47B82E5F6106, cid=1186, SUCCESS, logIndex=1638, commits[f3174d56-9988-40ec-970b-d447ed545dfb:c1640, 3e713ff3-0d17-449f-90fa-609b20cf4c10:c1636, 34290298-343f-405c-af97-b2d19041b010:c1636]
2019-09-11 09:06:25,726 [grpc-default-executor-1] INFO  client.GrpcClientProtocolClient (GrpcClientProtocolClient.java:onNext(264)) - client-B22ED198845A->f3174d56-9988-40ec-970b-d447ed545dfb: receive RaftClientReply:client-B22ED198845A->f3174d56-9988-40ec-970b-d447ed545dfb@group-47B82E5F6106, cid=1187, SUCCESS, logIndex=1639, commits[f3174d56-9988-40ec-970b-d447ed545dfb:c1640, 3e713ff3-0d17-449f-90fa-609b20cf4c10:c1636, 34290298-343f-405c-af97-b2d19041b010:c1636]
2019-09-11 09:06:25,726 [grpc-default-executor-1] INFO  client.GrpcClientProtocolClient (GrpcClientProtocolClient.java:onNext(264)) - client-B22ED198845A->f3174d56-9988-40ec-970b-d447ed545dfb: receive RaftClientReply:client-B22ED198845A->f3174d56-9988-40ec-970b-d447ed545dfb@group-47B82E5F6106, cid=1188, SUCCESS, logIndex=1640, commits[f3174d56-9988-40ec-970b-d447ed545dfb:c1640, 3e713ff3-0d17-449f-90fa-609b20cf4c10:c1636, 34290298-343f-405c-af97-b2d19041b010:c1636]
2019-09-11 09:06:25,727 [grpc-default-executor-2] INFO  client.GrpcClientProtocolClient (GrpcClientProtocolClient.java:onNext(264)) - client-B22ED198845A->f3174d56-9988-40ec-970b-d447ed545dfb: receive RaftClientReply:client-B22ED198845A->f3174d56-9988-40ec-970b-d447ed545dfb@group-47B82E5F6106, cid=1189, SUCCESS, logIndex=0, commits[f3174d56-9988-40ec-970b-d447ed545dfb:c1644, 3e713ff3-0d17-449f-90fa-609b20cf4c10:c1640, 34290298-343f-405c-af97-b2d19041b010:c1638]
2019-09-11 09:06:25,745 [grpc-default-executor-4] INFO  client.GrpcClientProtocolClient (GrpcClientProtocolClient.java:onNext(264)) - client-B22ED198845A->f3174d56-9988-40ec-970b-d447ed545dfb: receive RaftClientReply:client-B22ED198845A->f3174d56-9988-40ec-970b-d447ed545dfb@group-47B82E5F6106, cid=1190, SUCCESS, logIndex=1645, commits[f3174d56-9988-40ec-970b-d447ed545dfb:c1646, 3e713ff3-0d17-449f-90fa-609b20cf4c10:c1644, 34290298-343f-405c-af97-b2d19041b010:c1644]
2019-09-11 09:06:25,746 [grpc-default-executor-4] INFO  client.GrpcClientProtocolClient (GrpcClientProtocolClient.java:onNext(264)) - client-B22ED198845A->f3174d56-9988-40ec-970b-d447ed545dfb: receive RaftClientReply:client-B22ED198845A->f3174d56-9988-40ec-970b-d447ed545dfb@group-47B82E5F6106, cid=1191, SUCCESS, logIndex=1646, commits[f3174d56-9988-40ec-970b-d447ed545dfb:c1646, 3e713ff3-0d17-449f-90fa-609b20cf4c10:c1644, 34290298-343f-405c-af97-b2d19041b010:c1644]
2019-09-11 09:06:25,759 [grpc-default-executor-2] INFO  client.GrpcClientProtocolClient (GrpcClientProtocolClient.java:onNext(264)) - client-B22ED198845A->f3174d56-9988-40ec-970b-d447ed545dfb: receive RaftClientReply:client-B22ED198845A->f3174d56-9988-40ec-970b-d447ed545dfb@group-47B82E5F6106, cid=1192, SUCCESS, logIndex=1649, commits[f3174d56-9988-40ec-970b-d447ed545dfb:c1649, 3e713ff3-0d17-449f-90fa-609b20cf4c10:c1646, 34290298-343f-405c-af97-b2d19041b010:c1646]
2019-09-11 09:06:25,759 [grpc-default-executor-2] INFO  client.GrpcClientProtocolClient (GrpcClientProtocolClient.java:onNext(264)) - client-B22ED198845A->f3174d56-9988-40ec-970b-d447ed545dfb: receive RaftClientReply:client-B22ED198845A->f3174d56-9988-40ec-970b-d447ed545dfb@group-47B82E5F6106, cid=1193, SUCCESS, logIndex=1650, commits[f3174d56-9988-40ec-970b-d447ed545dfb:c1650, 3e713ff3-0d17-449f-90fa-609b20cf4c10:c1646, 34290298-343f-405c-af97-b2d19041b010:c1646]
2019-09-11 09:06:25,772 [grpc-default-executor-2] INFO  client.GrpcClientProtocolClient (GrpcClientProtocolClient.java:onNext(264)) - client-B22ED198845A->f3174d56-9988-40ec-970b-d447ed545dfb: receive RaftClientReply:client-B22ED198845A->f3174d56-9988-40ec-970b-d447ed545dfb@group-47B82E5F6106, cid=1194, SUCCESS, logIndex=0, commits[f3174d56-9988-40ec-970b-d447ed545dfb:c1652, 3e713ff3-0d17-449f-90fa-609b20cf4c10:c1650, 34290298-343f-405c-af97-b2d19041b010:c1650]
2019-09-11 09:06:25,790 [grpc-default-executor-0] INFO  client.GrpcClientProtocolClient (GrpcClientProtocolClient.java:onNext(264)) - client-B22ED198845A->f3174d56-9988-40ec-970b-d447ed545dfb: receive RaftClientReply:client-B22ED198845A->f3174d56-9988-40ec-970b-d447ed545dfb@group-47B82E5F6106, cid=1195, SUCCESS, logIndex=1653, commits[f3174d56-9988-40ec-970b-d447ed545dfb:c1654, 3e713ff3-0d17-449f-90fa-609b20cf4c10:c1652, 34290298-343f-405c-af97-b2d19041b010:c1652]
2019-09-11 09:06:25,790 [grpc-default-executor-0] INFO  client.GrpcClientProtocolClient (GrpcClientProtocolClient.java:onNext(264)) - client-B22ED198845A->f3174d56-9988-40ec-970b-d447ed545dfb: receive RaftClientReply:client-B22ED198845A->f3174d56-9988-40ec-970b-d447ed545dfb@group-47B82E5F6106, cid=1196, SUCCESS, logIndex=1654, commits[f3174d56-9988-40ec-970b-d447ed545dfb:c1656, 3e713ff3-0d17-449f-90fa-609b20cf4c10:c1652, 34290298-343f-405c-af97-b2d19041b010:c1652]
2019-09-11 09:06:25,791 [grpc-default-executor-0] INFO  client.GrpcClientProtocolClient (GrpcClientProtocolClient.java:onNext(264)) - client-B22ED198845A->f3174d56-9988-40ec-970b-d447ed545dfb: receive RaftClientReply:client-B22ED198845A->f3174d56-9988-40ec-970b-d447ed545dfb@group-47B82E5F6106, cid=1197, SUCCESS, logIndex=1655, commits[f3174d56-9988-40ec-970b-d447ed545dfb:c1656, 3e713ff3-0d17-449f-90fa-609b20cf4c10:c1652, 34290298-343f-405c-af97-b2d19041b010:c1652]
2019-09-11 09:06:25,791 [grpc-default-executor-0] INFO  client.GrpcClientProtocolClient (GrpcClientProtocolClient.java:onNext(264)) - client-B22ED198845A->f3174d56-9988-40ec-970b-d447ed545dfb: receive RaftClientReply:client-B22ED198845A->f3174d56-9988-40ec-970b-d447ed545dfb@group-47B82E5F6106, cid=1198, SUCCESS, logIndex=1656, commits[f3174d56-9988-40ec-970b-d447ed545dfb:c1656, 3e713ff3-0d17-449f-90fa-609b20cf4c10:c1652, 34290298-343f-405c-af97-b2d19041b010:c1652]
2019-09-11 09:06:25,792 [grpc-default-executor-4] INFO  client.GrpcClientProtocolClient (GrpcClientProtocolClient.java:onNext(264)) - client-B22ED198845A->f3174d56-9988-40ec-970b-d447ed545dfb: receive RaftClientReply:client-B22ED198845A->f3174d56-9988-40ec-970b-d447ed545dfb@group-47B82E5F6106, cid=1199, SUCCESS, logIndex=0, commits[f3174d56-9988-40ec-970b-d447ed545dfb:c1658, 3e713ff3-0d17-449f-90fa-609b20cf4c10:c1654, 34290298-343f-405c-af97-b2d19041b010:c1654]
2019-09-11 09:06:25,810 [grpc-default-executor-0] INFO  client.GrpcClientProtocolClient (GrpcClientProtocolClient.java:onNext(264)) - client-B22ED198845A->f3174d56-9988-40ec-970b-d447ed545dfb: receive RaftClientReply:client-B22ED198845A->f3174d56-9988-40ec-970b-d447ed545dfb@group-47B82E5F6106, cid=1200, SUCCESS, logIndex=1661, commits[f3174d56-9988-40ec-970b-d447ed545dfb:c1662, 3e713ff3-0d17-449f-90fa-609b20cf4c10:c1660, 34290298-343f-405c-af97-b2d19041b010:c1660]
2019-09-11 09:06:25,811 [grpc-default-executor-0] INFO  client.GrpcClientProtocolClient (GrpcClientProtocolClient.java:onNext(264)) - client-B22ED198845A->f3174d56-9988-40ec-970b-d447ed545dfb: receive RaftClientReply:client-B22ED198845A->f3174d56-9988-40ec-970b-d447ed545dfb@group-47B82E5F6106, cid=1201, SUCCESS, logIndex=1662, commits[f3174d56-9988-40ec-970b-d447ed545dfb:c1662, 3e713ff3-0d17-449f-90fa-609b20cf4c10:c1660, 34290298-343f-405c-af97-b2d19041b010:c1660]
2019-09-11 09:06:25,824 [grpc-default-executor-2] INFO  client.GrpcClientProtocolClient (GrpcClientProtocolClient.java:onNext(264)) - client-B22ED198845A->f3174d56-9988-40ec-970b-d447ed545dfb: receive RaftClientReply:client-B22ED198845A->f3174d56-9988-40ec-970b-d447ed545dfb@group-47B82E5F6106, cid=1202, SUCCESS, logIndex=1665, commits[f3174d56-9988-40ec-970b-d447ed545dfb:c1666, 3e713ff3-0d17-449f-90fa-609b20cf4c10:c1662, 34290298-343f-405c-af97-b2d19041b010:c1662]
2019-09-11 09:06:25,824 [grpc-default-executor-2] INFO  client.GrpcClientProtocolClient (GrpcClientProtocolClient.java:onNext(264)) - client-B22ED198845A->f3174d56-9988-40ec-970b-d447ed545dfb: receive RaftClientReply:client-B22ED198845A->f3174d56-9988-40ec-970b-d447ed545dfb@group-47B82E5F6106, cid=1203, SUCCESS, logIndex=1666, commits[f3174d56-9988-40ec-970b-d447ed545dfb:c1666, 3e713ff3-0d17-449f-90fa-609b20cf4c10:c1662, 34290298-343f-405c-af97-b2d19041b010:c1662]
2019-09-11 09:06:25,827 [grpc-default-executor-2] INFO  client.GrpcClientProtocolClient (GrpcClientProtocolClient.java:onNext(264)) - client-B22ED198845A->f3174d56-9988-40ec-970b-d447ed545dfb: receive RaftClientReply:client-B22ED198845A->f3174d56-9988-40ec-970b-d447ed545dfb@group-47B82E5F6106, cid=1204, SUCCESS, logIndex=0, commits[f3174d56-9988-40ec-970b-d447ed545dfb:c1668, 3e713ff3-0d17-449f-90fa-609b20cf4c10:c1666, 34290298-343f-405c-af97-b2d19041b010:c1666]
2019-09-11 09:06:25,837 [grpc-default-executor-0] INFO  client.GrpcClientProtocolClient (GrpcClientProtocolClient.java:onNext(264)) - client-B22ED198845A->f3174d56-9988-40ec-970b-d447ed545dfb: receive RaftClientReply:client-B22ED198845A->f3174d56-9988-40ec-970b-d447ed545dfb@group-47B82E5F6106, cid=1205, SUCCESS, logIndex=1669, commits[f3174d56-9988-40ec-970b-d447ed545dfb:c1670, 3e713ff3-0d17-449f-90fa-609b20cf4c10:c1668, 34290298-343f-405c-af97-b2d19041b010:c1666]
2019-09-11 09:06:25,837 [grpc-default-executor-0] INFO  client.GrpcClientProtocolClient (GrpcClientProtocolClient.java:onNext(264)) - client-B22ED198845A->f3174d56-9988-40ec-970b-d447ed545dfb: receive RaftClientReply:client-B22ED198845A->f3174d56-9988-40ec-970b-d447ed545dfb@group-47B82E5F6106, cid=1206, SUCCESS, logIndex=1670, commits[f3174d56-9988-40ec-970b-d447ed545dfb:c1670, 3e713ff3-0d17-449f-90fa-609b20cf4c10:c1668, 34290298-343f-405c-af97-b2d19041b010:c1668]
2019-09-11 09:06:25,839 [grpc-default-executor-2] INFO  client.GrpcClientProtocolClient (GrpcClientProtocolClient.java:onNext(264)) - client-B22ED198845A->f3174d56-9988-40ec-970b-d447ed545dfb: receive RaftClientReply:client-B22ED198845A->f3174d56-9988-40ec-970b-d447ed545dfb@group-47B82E5F6106, cid=1207, SUCCESS, logIndex=1671, commits[f3174d56-9988-40ec-970b-d447ed545dfb:c1672, 3e713ff3-0d17-449f-90fa-609b20cf4c10:c1668, 34290298-343f-405c-af97-b2d19041b010:c1668]
2019-09-11 09:06:25,921 [grpc-default-executor-4] INFO  client.GrpcClientProtocolClient (GrpcClientProtocolClient.java:onNext(264)) - client-B22ED198845A->f3174d56-9988-40ec-970b-d447ed545dfb: receive RaftClientReply:client-B22ED198845A->f3174d56-9988-40ec-970b-d447ed545dfb@group-47B82E5F6106, cid=1208, SUCCESS, logIndex=1672, commits[f3174d56-9988-40ec-970b-d447ed545dfb:c1673, 3e713ff3-0d17-449f-90fa-609b20cf4c10:c1668, 34290298-343f-405c-af97-b2d19041b010:c1670]
2019-09-11 09:06:25,923 [grpc-default-executor-4] INFO  client.GrpcClientProtocolClient (GrpcClientProtocolClient.java:onNext(264)) - client-B22ED198845A->f3174d56-9988-40ec-970b-d447ed545dfb: receive RaftClientReply:client-B22ED198845A->f3174d56-9988-40ec-970b-d447ed545dfb@group-47B82E5F6106, cid=1209, SUCCESS, logIndex=0, commits[f3174d56-9988-40ec-970b-d447ed545dfb:c1676, 3e713ff3-0d17-449f-90fa-609b20cf4c10:c1672, 34290298-343f-405c-af97-b2d19041b010:c1672]
2019-09-11 09:06:25,944 [grpc-default-executor-4] INFO  client.GrpcClientProtocolClient (GrpcClientProtocolClient.java:onNext(264)) - client-B22ED198845A->f3174d56-9988-40ec-970b-d447ed545dfb: receive RaftClientReply:client-B22ED198845A->f3174d56-9988-40ec-970b-d447ed545dfb@group-47B82E5F6106, cid=1210, SUCCESS, logIndex=1677, commits[f3174d56-9988-40ec-970b-d447ed545dfb:c1678, 3e713ff3-0d17-449f-90fa-609b20cf4c10:c1676, 34290298-343f-405c-af97-b2d19041b010:c1676]
2019-09-11 09:06:25,945 [grpc-default-executor-4] INFO  client.GrpcClientProtocolClient (GrpcClientProtocolClient.java:onNext(264)) - client-B22ED198845A->f3174d56-9988-40ec-970b-d447ed545dfb: receive RaftClientReply:client-B22ED198845A->f3174d56-9988-40ec-970b-d447ed545dfb@group-47B82E5F6106, cid=1211, SUCCESS, logIndex=1678, commits[f3174d56-9988-40ec-970b-d447ed545dfb:c1678, 3e713ff3-0d17-449f-90fa-609b20cf4c10:c1676, 34290298-343f-405c-af97-b2d19041b010:c1676]
2019-09-11 09:06:25,968 [grpc-default-executor-2] INFO  client.GrpcClientProtocolClient (GrpcClientProtocolClient.java:onNext(264)) - client-B22ED198845A->f3174d56-9988-40ec-970b-d447ed545dfb: receive RaftClientReply:client-B22ED198845A->f3174d56-9988-40ec-970b-d447ed545dfb@group-47B82E5F6106, cid=1212, SUCCESS, logIndex=1681, commits[f3174d56-9988-40ec-970b-d447ed545dfb:c1682, 3e713ff3-0d17-449f-90fa-609b20cf4c10:c1678, 34290298-343f-405c-af97-b2d19041b010:c1677]
2019-09-11 09:06:25,968 [grpc-default-executor-2] INFO  client.GrpcClientProtocolClient (GrpcClientProtocolClient.java:onNext(264)) - client-B22ED198845A->f3174d56-9988-40ec-970b-d447ed545dfb: receive RaftClientReply:client-B22ED198845A->f3174d56-9988-40ec-970b-d447ed545dfb@group-47B82E5F6106, cid=1213, SUCCESS, logIndex=1682, commits[f3174d56-9988-40ec-970b-d447ed545dfb:c1682, 3e713ff3-0d17-449f-90fa-609b20cf4c10:c1678, 34290298-343f-405c-af97-b2d19041b010:c1678]
2019-09-11 09:06:25,970 [grpc-default-executor-2] INFO  client.GrpcClientProtocolClient (GrpcClientProtocolClient.java:onNext(264)) - client-B22ED198845A->f3174d56-9988-40ec-970b-d447ed545dfb: receive RaftClientReply:client-B22ED198845A->f3174d56-9988-40ec-970b-d447ed545dfb@group-47B82E5F6106, cid=1214, SUCCESS, logIndex=0, commits[f3174d56-9988-40ec-970b-d447ed545dfb:c1683, 3e713ff3-0d17-449f-90fa-609b20cf4c10:c1682, 34290298-343f-405c-af97-b2d19041b010:c1682]
2019-09-11 09:06:25,990 [grpc-default-executor-2] INFO  client.GrpcClientProtocolClient (GrpcClientProtocolClient.java:onNext(264)) - client-B22ED198845A->f3174d56-9988-40ec-970b-d447ed545dfb: receive RaftClientReply:client-B22ED198845A->f3174d56-9988-40ec-970b-d447ed545dfb@group-47B82E5F6106, cid=1215, SUCCESS, logIndex=1685, commits[f3174d56-9988-40ec-970b-d447ed545dfb:c1686, 3e713ff3-0d17-449f-90fa-609b20cf4c10:c1684, 34290298-343f-405c-af97-b2d19041b010:c1684]
2019-09-11 09:06:25,991 [grpc-default-executor-2] INFO  client.GrpcClientProtocolClient (GrpcClientProtocolClient.java:onNext(264)) - client-B22ED198845A->f3174d56-9988-40ec-970b-d447ed545dfb: receive RaftClientReply:client-B22ED198845A->f3174d56-9988-40ec-970b-d447ed545dfb@group-47B82E5F6106, cid=1216, SUCCESS, logIndex=1686, commits[f3174d56-9988-40ec-970b-d447ed545dfb:c1686, 3e713ff3-0d17-449f-90fa-609b20cf4c10:c1684, 34290298-343f-405c-af97-b2d19041b010:c1684]
2019-09-11 09:06:25,992 [grpc-default-executor-0] INFO  client.GrpcClientProtocolClient (GrpcClientProtocolClient.java:onNext(264)) - client-B22ED198845A->f3174d56-9988-40ec-970b-d447ed545dfb: receive RaftClientReply:client-B22ED198845A->f3174d56-9988-40ec-970b-d447ed545dfb@group-47B82E5F6106, cid=1217, SUCCESS, logIndex=1687, commits[f3174d56-9988-40ec-970b-d447ed545dfb:c1688, 3e713ff3-0d17-449f-90fa-609b20cf4c10:c1684, 34290298-343f-405c-af97-b2d19041b010:c1684]
2019-09-11 09:06:25,992 [grpc-default-executor-0] INFO  client.GrpcClientProtocolClient (GrpcClientProtocolClient.java:onNext(264)) - client-B22ED198845A->f3174d56-9988-40ec-970b-d447ed545dfb: receive RaftClientReply:client-B22ED198845A->f3174d56-9988-40ec-970b-d447ed545dfb@group-47B82E5F6106, cid=1218, SUCCESS, logIndex=1688, commits[f3174d56-9988-40ec-970b-d447ed545dfb:c1688, 3e713ff3-0d17-449f-90fa-609b20cf4c10:c1684, 34290298-343f-405c-af97-b2d19041b010:c1684]
2019-09-11 09:06:25,993 [grpc-default-executor-0] INFO  client.GrpcClientProtocolClient (GrpcClientProtocolClient.java:onNext(264)) - client-B22ED198845A->f3174d56-9988-40ec-970b-d447ed545dfb: receive RaftClientReply:client-B22ED198845A->f3174d56-9988-40ec-970b-d447ed545dfb@group-47B82E5F6106, cid=1219, SUCCESS, logIndex=0, commits[f3174d56-9988-40ec-970b-d447ed545dfb:c1690, 3e713ff3-0d17-449f-90fa-609b20cf4c10:c1686, 34290298-343f-405c-af97-b2d19041b010:c1687]
2019-09-11 09:06:26,012 [grpc-default-executor-4] INFO  client.GrpcClientProtocolClient (GrpcClientProtocolClient.java:onNext(264)) - client-B22ED198845A->f3174d56-9988-40ec-970b-d447ed545dfb: receive RaftClientReply:client-B22ED198845A->f3174d56-9988-40ec-970b-d447ed545dfb@group-47B82E5F6106, cid=1220, SUCCESS, logIndex=1693, commits[f3174d56-9988-40ec-970b-d447ed545dfb:c1694, 3e713ff3-0d17-449f-90fa-609b20cf4c10:c1692, 34290298-343f-405c-af97-b2d19041b010:c1692]
2019-09-11 09:06:26,013 [grpc-default-executor-0] INFO  client.GrpcClientProtocolClient (GrpcClientProtocolClient.java:onNext(264)) - client-B22ED198845A->f3174d56-9988-40ec-970b-d447ed545dfb: receive RaftClientReply:client-B22ED198845A->f3174d56-9988-40ec-970b-d447ed545dfb@group-47B82E5F6106, cid=1221, SUCCESS, logIndex=1694, commits[f3174d56-9988-40ec-970b-d447ed545dfb:c1694, 3e713ff3-0d17-449f-90fa-609b20cf4c10:c1692, 34290298-343f-405c-af97-b2d19041b010:c1692]
2019-09-11 09:06:26,027 [grpc-default-executor-0] INFO  client.GrpcClientProtocolClient (GrpcClientProtocolClient.java:onNext(264)) - client-B22ED198845A->f3174d56-9988-40ec-970b-d447ed545dfb: receive RaftClientReply:client-B22ED198845A->f3174d56-9988-40ec-970b-d447ed545dfb@group-47B82E5F6106, cid=1222, SUCCESS, logIndex=1697, commits[f3174d56-9988-40ec-970b-d447ed545dfb:c1698, 3e713ff3-0d17-449f-90fa-609b20cf4c10:c1694, 34290298-343f-405c-af97-b2d19041b010:c1694]
2019-09-11 09:06:26,028 [grpc-default-executor-0] INFO  client.GrpcClientProtocolClient (GrpcClientProtocolClient.java:onNext(264)) - client-B22ED198845A->f3174d56-9988-40ec-970b-d447ed545dfb: receive RaftClientReply:client-B22ED198845A->f3174d56-9988-40ec-970b-d447ed545dfb@group-47B82E5F6106, cid=1223, SUCCESS, logIndex=1698, commits[f3174d56-9988-40ec-970b-d447ed545dfb:c1698, 3e713ff3-0d17-449f-90fa-609b20cf4c10:c1694, 34290298-343f-405c-af97-b2d19041b010:c1694]
2019-09-11 09:06:26,041 [grpc-default-executor-0] INFO  client.GrpcClientProtocolClient (GrpcClientProtocolClient.java:onNext(264)) - client-B22ED198845A->f3174d56-9988-40ec-970b-d447ed545dfb: receive RaftClientReply:client-B22ED198845A->f3174d56-9988-40ec-970b-d447ed545dfb@group-47B82E5F6106, cid=1224, SUCCESS, logIndex=0, commits[f3174d56-9988-40ec-970b-d447ed545dfb:c1700, 3e713ff3-0d17-449f-90fa-609b20cf4c10:c1698, 34290298-343f-405c-af97-b2d19041b010:c1698]
2019-09-11 09:06:26,060 [grpc-default-executor-0] INFO  client.GrpcClientProtocolClient (GrpcClientProtocolClient.java:onNext(264)) - client-B22ED198845A->f3174d56-9988-40ec-970b-d447ed545dfb: receive RaftClientReply:client-B22ED198845A->f3174d56-9988-40ec-970b-d447ed545dfb@group-47B82E5F6106, cid=1225, SUCCESS, logIndex=1701, commits[f3174d56-9988-40ec-970b-d447ed545dfb:c1703, 3e713ff3-0d17-449f-90fa-609b20cf4c10:c1700, 34290298-343f-405c-af97-b2d19041b010:c1700]
2019-09-11 09:06:26,061 [grpc-default-executor-0] INFO  client.GrpcClientProtocolClient (GrpcClientProtocolClient.java:onNext(264)) - client-B22ED198845A->f3174d56-9988-40ec-970b-d447ed545dfb: receive RaftClientReply:client-B22ED198845A->f3174d56-9988-40ec-970b-d447ed545dfb@group-47B82E5F6106, cid=1226, SUCCESS, logIndex=1702, commits[f3174d56-9988-40ec-970b-d447ed545dfb:c1704, 3e713ff3-0d17-449f-90fa-609b20cf4c10:c1700, 34290298-343f-405c-af97-b2d19041b010:c1700]
2019-09-11 09:06:26,061 [grpc-default-executor-0] INFO  client.GrpcClientProtocolClient (GrpcClientProtocolClient.java:onNext(264)) - client-B22ED198845A->f3174d56-9988-40ec-970b-d447ed545dfb: receive RaftClientReply:client-B22ED198845A->f3174d56-9988-40ec-970b-d447ed545dfb@group-47B82E5F6106, cid=1227, SUCCESS, logIndex=1703, commits[f3174d56-9988-40ec-970b-d447ed545dfb:c1704, 3e713ff3-0d17-449f-90fa-609b20cf4c10:c1700, 34290298-343f-405c-af97-b2d19041b010:c1700]
2019-09-11 09:06:26,061 [grpc-default-executor-0] INFO  client.GrpcClientProtocolClient (GrpcClientProtocolClient.java:onNext(264)) - client-B22ED198845A->f3174d56-9988-40ec-970b-d447ed545dfb: receive RaftClientReply:client-B22ED198845A->f3174d56-9988-40ec-970b-d447ed545dfb@group-47B82E5F6106, cid=1228, SUCCESS, logIndex=1704, commits[f3174d56-9988-40ec-970b-d447ed545dfb:c1704, 3e713ff3-0d17-449f-90fa-609b20cf4c10:c1700, 34290298-343f-405c-af97-b2d19041b010:c1700]
2019-09-11 09:06:26,063 [grpc-default-executor-4] INFO  client.GrpcClientProtocolClient (GrpcClientProtocolClient.java:onNext(264)) - client-B22ED198845A->f3174d56-9988-40ec-970b-d447ed545dfb: receive RaftClientReply:client-B22ED198845A->f3174d56-9988-40ec-970b-d447ed545dfb@group-47B82E5F6106, cid=1229, SUCCESS, logIndex=0, commits[f3174d56-9988-40ec-970b-d447ed545dfb:c1708, 3e713ff3-0d17-449f-90fa-609b20cf4c10:c1702, 34290298-343f-405c-af97-b2d19041b010:c1704]
2019-09-11 09:06:26,081 [grpc-default-executor-4] INFO  client.GrpcClientProtocolClient (GrpcClientProtocolClient.java:onNext(264)) - client-B22ED198845A->f3174d56-9988-40ec-970b-d447ed545dfb: receive RaftClientReply:client-B22ED198845A->f3174d56-9988-40ec-970b-d447ed545dfb@group-47B82E5F6106, cid=1230, SUCCESS, logIndex=1709, commits[f3174d56-9988-40ec-970b-d447ed545dfb:c1710, 3e713ff3-0d17-449f-90fa-609b20cf4c10:c1708, 34290298-343f-405c-af97-b2d19041b010:c1708]
2019-09-11 09:06:26,082 [grpc-default-executor-4] INFO  client.GrpcClientProtocolClient (GrpcClientProtocolClient.java:onNext(264)) - client-B22ED198845A->f3174d56-9988-40ec-970b-d447ed545dfb: receive RaftClientReply:client-B22ED198845A->f3174d56-9988-40ec-970b-d447ed545dfb@group-47B82E5F6106, cid=1231, SUCCESS, logIndex=1710, commits[f3174d56-9988-40ec-970b-d447ed545dfb:c1710, 3e713ff3-0d17-449f-90fa-609b20cf4c10:c1708, 34290298-343f-405c-af97-b2d19041b010:c1708]
2019-09-11 09:06:26,092 [grpc-default-executor-1] INFO  client.GrpcClientProtocolClient (GrpcClientProtocolClient.java:onNext(264)) - client-B22ED198845A->f3174d56-9988-40ec-970b-d447ed545dfb: receive RaftClientReply:client-B22ED198845A->f3174d56-9988-40ec-970b-d447ed545dfb@group-47B82E5F6106, cid=1232, SUCCESS, logIndex=1713, commits[f3174d56-9988-40ec-970b-d447ed545dfb:c1714, 3e713ff3-0d17-449f-90fa-609b20cf4c10:c1710, 34290298-343f-405c-af97-b2d19041b010:c1712]
2019-09-11 09:06:26,092 [grpc-default-executor-1] INFO  client.GrpcClientProtocolClient (GrpcClientProtocolClient.java:onNext(264)) - client-B22ED198845A->f3174d56-9988-40ec-970b-d447ed545dfb: receive RaftClientReply:client-B22ED198845A->f3174d56-9988-40ec-970b-d447ed545dfb@group-47B82E5F6106, cid=1233, SUCCESS, logIndex=1714, commits[f3174d56-9988-40ec-970b-d447ed545dfb:c1714, 3e713ff3-0d17-449f-90fa-609b20cf4c10:c1712, 34290298-343f-405c-af97-b2d19041b010:c1712]
2019-09-11 09:06:26,094 [grpc-default-executor-4] INFO  client.GrpcClientProtocolClient (GrpcClientProtocolClient.java:onNext(264)) - client-B22ED198845A->f3174d56-9988-40ec-970b-d447ed545dfb: receive RaftClientReply:client-B22ED198845A->f3174d56-9988-40ec-970b-d447ed545dfb@group-47B82E5F6106, cid=1234, SUCCESS, logIndex=0, commits[f3174d56-9988-40ec-970b-d447ed545dfb:c1716, 3e713ff3-0d17-449f-90fa-609b20cf4c10:c1714, 34290298-343f-405c-af97-b2d19041b010:c1714]
2019-09-11 09:06:26,127 [grpc-default-executor-4] INFO  client.GrpcClientProtocolClient (GrpcClientProtocolClient.java:onNext(264)) - client-B22ED198845A->f3174d56-9988-40ec-970b-d447ed545dfb: receive RaftClientReply:client-B22ED198845A->f3174d56-9988-40ec-970b-d447ed545dfb@group-47B82E5F6106, cid=1235, SUCCESS, logIndex=1717, commits[f3174d56-9988-40ec-970b-d447ed545dfb:c1718, 3e713ff3-0d17-449f-90fa-609b20cf4c10:c1716, 34290298-343f-405c-af97-b2d19041b010:c1716]
2019-09-11 09:06:26,128 [grpc-default-executor-4] INFO  client.GrpcClientProtocolClient (GrpcClientProtocolClient.java:onNext(264)) - client-B22ED198845A->f3174d56-9988-40ec-970b-d447ed545dfb: receive RaftClientReply:client-B22ED198845A->f3174d56-9988-40ec-970b-d447ed545dfb@group-47B82E5F6106, cid=1236, SUCCESS, logIndex=1718, commits[f3174d56-9988-40ec-970b-d447ed545dfb:c1718, 3e713ff3-0d17-449f-90fa-609b20cf4c10:c1716, 34290298-343f-405c-af97-b2d19041b010:c1716]
2019-09-11 09:06:26,128 [grpc-default-executor-4] INFO  client.GrpcClientProtocolClient (GrpcClientProtocolClient.java:onNext(264)) - client-B22ED198845A->f3174d56-9988-40ec-970b-d447ed545dfb: receive RaftClientReply:client-B22ED198845A->f3174d56-9988-40ec-970b-d447ed545dfb@group-47B82E5F6106, cid=1237, SUCCESS, logIndex=1719, commits[f3174d56-9988-40ec-970b-d447ed545dfb:c1720, 3e713ff3-0d17-449f-90fa-609b20cf4c10:c1716, 34290298-343f-405c-af97-b2d19041b010:c1716]
2019-09-11 09:06:26,128 [grpc-default-executor-4] INFO  client.GrpcClientProtocolClient (GrpcClientProtocolClient.java:onNext(264)) - client-B22ED198845A->f3174d56-9988-40ec-970b-d447ed545dfb: receive RaftClientReply:client-B22ED198845A->f3174d56-9988-40ec-970b-d447ed545dfb@group-47B82E5F6106, cid=1238, SUCCESS, logIndex=1720, commits[f3174d56-9988-40ec-970b-d447ed545dfb:c1720, 3e713ff3-0d17-449f-90fa-609b20cf4c10:c1716, 34290298-343f-405c-af97-b2d19041b010:c1716]
2019-09-11 09:06:26,131 [grpc-default-executor-1] INFO  client.GrpcClientProtocolClient (GrpcClientProtocolClient.java:onNext(264)) - client-B22ED198845A->f3174d56-9988-40ec-970b-d447ed545dfb: receive RaftClientReply:client-B22ED198845A->f3174d56-9988-40ec-970b-d447ed545dfb@group-47B82E5F6106, cid=1239, SUCCESS, logIndex=0, commits[f3174d56-9988-40ec-970b-d447ed545dfb:c1724, 3e713ff3-0d17-449f-90fa-609b20cf4c10:c1720, 34290298-343f-405c-af97-b2d19041b010:c1718]
2019-09-11 09:06:26,149 [grpc-default-executor-0] INFO  client.GrpcClientProtocolClient (GrpcClientProtocolClient.java:onNext(264)) - client-B22ED198845A->f3174d56-9988-40ec-970b-d447ed545dfb: receive RaftClientReply:client-B22ED198845A->f3174d56-9988-40ec-970b-d447ed545dfb@group-47B82E5F6106, cid=1240, SUCCESS, logIndex=1725, commits[f3174d56-9988-40ec-970b-d447ed545dfb:c1726, 3e713ff3-0d17-449f-90fa-609b20cf4c10:c1724, 34290298-343f-405c-af97-b2d19041b010:c1720]
2019-09-11 09:06:26,149 [grpc-default-executor-0] INFO  client.GrpcClientProtocolClient (GrpcClientProtocolClient.java:onNext(264)) - client-B22ED198845A->f3174d56-9988-40ec-970b-d447ed545dfb: receive RaftClientReply:client-B22ED198845A->f3174d56-9988-40ec-970b-d447ed545dfb@group-47B82E5F6106, cid=1241, SUCCESS, logIndex=1726, commits[f3174d56-9988-40ec-970b-d447ed545dfb:c1726, 3e713ff3-0d17-449f-90fa-609b20cf4c10:c1724, 34290298-343f-405c-af97-b2d19041b010:c1724]
2019-09-11 09:06:26,162 [grpc-default-executor-0] INFO  client.GrpcClientProtocolClient (GrpcClientProtocolClient.java:onNext(264)) - client-B22ED198845A->f3174d56-9988-40ec-970b-d447ed545dfb: receive RaftClientReply:client-B22ED198845A->f3174d56-9988-40ec-970b-d447ed545dfb@group-47B82E5F6106, cid=1242, SUCCESS, logIndex=1729, commits[f3174d56-9988-40ec-970b-d447ed545dfb:c1729, 3e713ff3-0d17-449f-90fa-609b20cf4c10:c1726, 34290298-343f-405c-af97-b2d19041b010:c1726]
2019-09-11 09:06:26,162 [grpc-default-executor-0] INFO  client.GrpcClientProtocolClient (GrpcClientProtocolClient.java:onNext(264)) - client-B22ED198845A->f3174d56-9988-40ec-970b-d447ed545dfb: receive RaftClientReply:client-B22ED198845A->f3174d56-9988-40ec-970b-d447ed545dfb@group-47B82E5F6106, cid=1243, SUCCESS, logIndex=1730, commits[f3174d56-9988-40ec-970b-d447ed545dfb:c1730, 3e713ff3-0d17-449f-90fa-609b20cf4c10:c1726, 34290298-343f-405c-af97-b2d19041b010:c1726]
2019-09-11 09:06:26,175 [grpc-default-executor-4] INFO  client.GrpcClientProtocolClient (GrpcClientProtocolClient.java:onNext(264)) - client-B22ED198845A->f3174d56-9988-40ec-970b-d447ed545dfb: receive RaftClientReply:client-B22ED198845A->f3174d56-9988-40ec-970b-d447ed545dfb@group-47B82E5F6106, cid=1244, SUCCESS, logIndex=0, commits[f3174d56-9988-40ec-970b-d447ed545dfb:c1732, 3e713ff3-0d17-449f-90fa-609b20cf4c10:c1730, 34290298-343f-405c-af97-b2d19041b010:c1730]
2019-09-11 09:06:26,203 [grpc-default-executor-2] INFO  client.GrpcClientProtocolClient (GrpcClientProtocolClient.java:onNext(264)) - client-B22ED198845A->f3174d56-9988-40ec-970b-d447ed545dfb: receive RaftClientReply:client-B22ED198845A->f3174d56-9988-40ec-970b-d447ed545dfb@group-47B82E5F6106, cid=1245, SUCCESS, logIndex=1733, commits[f3174d56-9988-40ec-970b-d447ed545dfb:c1733, 3e713ff3-0d17-449f-90fa-609b20cf4c10:c1732, 34290298-343f-405c-af97-b2d19041b010:c1732]
2019-09-11 09:06:26,204 [grpc-default-executor-2] INFO  client.GrpcClientProtocolClient (GrpcClientProtocolClient.java:onNext(264)) - client-B22ED198845A->f3174d56-9988-40ec-970b-d447ed545dfb: receive RaftClientReply:client-B22ED198845A->f3174d56-9988-40ec-970b-d447ed545dfb@group-47B82E5F6106, cid=1246, SUCCESS, logIndex=1734, commits[f3174d56-9988-40ec-970b-d447ed545dfb:c1734, 3e713ff3-0d17-449f-90fa-609b20cf4c10:c1732, 34290298-343f-405c-af97-b2d19041b010:c1732]
2019-09-11 09:06:26,205 [grpc-default-executor-4] INFO  client.GrpcClientProtocolClient (GrpcClientProtocolClient.java:onNext(264)) - client-B22ED198845A->f3174d56-9988-40ec-970b-d447ed545dfb: receive RaftClientReply:client-B22ED198845A->f3174d56-9988-40ec-970b-d447ed545dfb@group-47B82E5F6106, cid=1247, SUCCESS, logIndex=1735, commits[f3174d56-9988-40ec-970b-d447ed545dfb:c1735, 3e713ff3-0d17-449f-90fa-609b20cf4c10:c1732, 34290298-343f-405c-af97-b2d19041b010:c1732]
2019-09-11 09:06:26,205 [grpc-default-executor-4] INFO  client.GrpcClientProtocolClient (GrpcClientProtocolClient.java:onNext(264)) - client-B22ED198845A->f3174d56-9988-40ec-970b-d447ed545dfb: receive RaftClientReply:client-B22ED198845A->f3174d56-9988-40ec-970b-d447ed545dfb@group-47B82E5F6106, cid=1248, SUCCESS, logIndex=1736, commits[f3174d56-9988-40ec-970b-d447ed545dfb:c1736, 3e713ff3-0d17-449f-90fa-609b20cf4c10:c1732, 34290298-343f-405c-af97-b2d19041b010:c1732]
2019-09-11 09:06:26,206 [grpc-default-executor-1] INFO  client.GrpcClientProtocolClient (GrpcClientProtocolClient.java:onNext(264)) - client-B22ED198845A->f3174d56-9988-40ec-970b-d447ed545dfb: receive RaftClientReply:client-B22ED198845A->f3174d56-9988-40ec-970b-d447ed545dfb@group-47B82E5F6106, cid=1249, SUCCESS, logIndex=0, commits[f3174d56-9988-40ec-970b-d447ed545dfb:c1738, 3e713ff3-0d17-449f-90fa-609b20cf4c10:c1734, 34290298-343f-405c-af97-b2d19041b010:c1734]
2019-09-11 09:06:26,226 [grpc-default-executor-1] INFO  client.GrpcClientProtocolClient (GrpcClientProtocolClient.java:onNext(264)) - client-B22ED198845A->f3174d56-9988-40ec-970b-d447ed545dfb: receive RaftClientReply:client-B22ED198845A->f3174d56-9988-40ec-970b-d447ed545dfb@group-47B82E5F6106, cid=1250, SUCCESS, logIndex=1741, commits[f3174d56-9988-40ec-970b-d447ed545dfb:c1742, 3e713ff3-0d17-449f-90fa-609b20cf4c10:c1740, 34290298-343f-405c-af97-b2d19041b010:c1740]
2019-09-11 09:06:26,226 [grpc-default-executor-1] INFO  client.GrpcClientProtocolClient (GrpcClientProtocolClient.java:onNext(264)) - client-B22ED198845A->f3174d56-9988-40ec-970b-d447ed545dfb: receive RaftClientReply:client-B22ED198845A->f3174d56-9988-40ec-970b-d447ed545dfb@group-47B82E5F6106, cid=1251, SUCCESS, logIndex=1742, commits[f3174d56-9988-40ec-970b-d447ed545dfb:c1742, 3e713ff3-0d17-449f-90fa-609b20cf4c10:c1740, 34290298-343f-405c-af97-b2d19041b010:c1740]
2019-09-11 09:06:26,240 [grpc-default-executor-2] INFO  client.GrpcClientProtocolClient (GrpcClientProtocolClient.java:onNext(264)) - client-B22ED198845A->f3174d56-9988-40ec-970b-d447ed545dfb: receive RaftClientReply:client-B22ED198845A->f3174d56-9988-40ec-970b-d447ed545dfb@group-47B82E5F6106, cid=1252, SUCCESS, logIndex=1745, commits[f3174d56-9988-40ec-970b-d447ed545dfb:c1746, 3e713ff3-0d17-449f-90fa-609b20cf4c10:c1742, 34290298-343f-405c-af97-b2d19041b010:c1742]
2019-09-11 09:06:26,240 [grpc-default-executor-2] INFO  client.GrpcClientProtocolClient (GrpcClientProtocolClient.java:onNext(264)) - client-B22ED198845A->f3174d56-9988-40ec-970b-d447ed545dfb: receive RaftClientReply:client-B22ED198845A->f3174d56-9988-40ec-970b-d447ed545dfb@group-47B82E5F6106, cid=1253, SUCCESS, logIndex=1746, commits[f3174d56-9988-40ec-970b-d447ed545dfb:c1746, 3e713ff3-0d17-449f-90fa-609b20cf4c10:c1742, 34290298-343f-405c-af97-b2d19041b010:c1742]
2019-09-11 09:06:26,265 [grpc-default-executor-1] INFO  client.GrpcClientProtocolClient (GrpcClientProtocolClient.java:onNext(264)) - client-B22ED198845A->f3174d56-9988-40ec-970b-d447ed545dfb: receive RaftClientReply:client-B22ED198845A->f3174d56-9988-40ec-970b-d447ed545dfb@group-47B82E5F6106, cid=1254, SUCCESS, logIndex=0, commits[f3174d56-9988-40ec-970b-d447ed545dfb:c1747, 3e713ff3-0d17-449f-90fa-609b20cf4c10:c1746, 34290298-343f-405c-af97-b2d19041b010:c1746]
2019-09-11 09:06:26,292 [grpc-default-executor-1] INFO  client.GrpcClientProtocolClient (GrpcClientProtocolClient.java:onNext(264)) - client-B22ED198845A->f3174d56-9988-40ec-970b-d447ed545dfb: receive RaftClientReply:client-B22ED198845A->f3174d56-9988-40ec-970b-d447ed545dfb@group-47B82E5F6106, cid=1255, SUCCESS, logIndex=1749, commits[f3174d56-9988-40ec-970b-d447ed545dfb:c1750, 3e713ff3-0d17-449f-90fa-609b20cf4c10:c1748, 34290298-343f-405c-af97-b2d19041b010:c1748]
2019-09-11 09:06:26,293 [grpc-default-executor-1] INFO  client.GrpcClientProtocolClient (GrpcClientProtocolClient.java:onNext(264)) - client-B22ED198845A->f3174d56-9988-40ec-970b-d447ed545dfb: receive RaftClientReply:client-B22ED198845A->f3174d56-9988-40ec-970b-d447ed545dfb@group-47B82E5F6106, cid=1256, SUCCESS, logIndex=1750, commits[f3174d56-9988-40ec-970b-d447ed545dfb:c1752, 3e713ff3-0d17-449f-90fa-609b20cf4c10:c1748, 34290298-343f-405c-af97-b2d19041b010:c1748]
2019-09-11 09:06:26,293 [grpc-default-executor-1] INFO  client.GrpcClientProtocolClient (GrpcClientProtocolClient.java:onNext(264)) - client-B22ED198845A->f3174d56-9988-40ec-970b-d447ed545dfb: receive RaftClientReply:client-B22ED198845A->f3174d56-9988-40ec-970b-d447ed545dfb@group-47B82E5F6106, cid=1257, SUCCESS, logIndex=1751, commits[f3174d56-9988-40ec-970b-d447ed545dfb:c1752, 3e713ff3-0d17-449f-90fa-609b20cf4c10:c1748, 34290298-343f-405c-af97-b2d19041b010:c1748]
2019-09-11 09:06:26,293 [grpc-default-executor-1] INFO  client.GrpcClientProtocolClient (GrpcClientProtocolClient.java:onNext(264)) - client-B22ED198845A->f3174d56-9988-40ec-970b-d447ed545dfb: receive RaftClientReply:client-B22ED198845A->f3174d56-9988-40ec-970b-d447ed545dfb@group-47B82E5F6106, cid=1258, SUCCESS, logIndex=1752, commits[f3174d56-9988-40ec-970b-d447ed545dfb:c1752, 3e713ff3-0d17-449f-90fa-609b20cf4c10:c1748, 34290298-343f-405c-af97-b2d19041b010:c1748]
2019-09-11 09:06:26,294 [grpc-default-executor-1] INFO  client.GrpcClientProtocolClient (GrpcClientProtocolClient.java:onNext(264)) - client-B22ED198845A->f3174d56-9988-40ec-970b-d447ed545dfb: receive RaftClientReply:client-B22ED198845A->f3174d56-9988-40ec-970b-d447ed545dfb@group-47B82E5F6106, cid=1259, SUCCESS, logIndex=0, commits[f3174d56-9988-40ec-970b-d447ed545dfb:c1753, 3e713ff3-0d17-449f-90fa-609b20cf4c10:c1750, 34290298-343f-405c-af97-b2d19041b010:c1750]
2019-09-11 09:06:26,312 [grpc-default-executor-2] INFO  client.GrpcClientProtocolClient (GrpcClientProtocolClient.java:onNext(264)) - client-B22ED198845A->f3174d56-9988-40ec-970b-d447ed545dfb: receive RaftClientReply:client-B22ED198845A->f3174d56-9988-40ec-970b-d447ed545dfb@group-47B82E5F6106, cid=1260, SUCCESS, logIndex=1756, commits[f3174d56-9988-40ec-970b-d447ed545dfb:c1757, 3e713ff3-0d17-449f-90fa-609b20cf4c10:c1755, 34290298-343f-405c-af97-b2d19041b010:c1755]
2019-09-11 09:06:26,313 [grpc-default-executor-2] INFO  client.GrpcClientProtocolClient (GrpcClientProtocolClient.java:onNext(264)) - client-B22ED198845A->f3174d56-9988-40ec-970b-d447ed545dfb: receive RaftClientReply:client-B22ED198845A->f3174d56-9988-40ec-970b-d447ed545dfb@group-47B82E5F6106, cid=1261, SUCCESS, logIndex=1757, commits[f3174d56-9988-40ec-970b-d447ed545dfb:c1757, 3e713ff3-0d17-449f-90fa-609b20cf4c10:c1755, 34290298-343f-405c-af97-b2d19041b010:c1755]
2019-09-11 09:06:26,326 [grpc-default-executor-4] INFO  client.GrpcClientProtocolClient (GrpcClientProtocolClient.java:onNext(264)) - client-B22ED198845A->f3174d56-9988-40ec-970b-d447ed545dfb: receive RaftClientReply:client-B22ED198845A->f3174d56-9988-40ec-970b-d447ed545dfb@group-47B82E5F6106, cid=1262, SUCCESS, logIndex=1760, commits[f3174d56-9988-40ec-970b-d447ed545dfb:c1761, 3e713ff3-0d17-449f-90fa-609b20cf4c10:c1757, 34290298-343f-405c-af97-b2d19041b010:c1757]
2019-09-11 09:06:26,326 [grpc-default-executor-4] INFO  client.GrpcClientProtocolClient (GrpcClientProtocolClient.java:onNext(264)) - client-B22ED198845A->f3174d56-9988-40ec-970b-d447ed545dfb: receive RaftClientReply:client-B22ED198845A->f3174d56-9988-40ec-970b-d447ed545dfb@group-47B82E5F6106, cid=1263, SUCCESS, logIndex=1761, commits[f3174d56-9988-40ec-970b-d447ed545dfb:c1761, 3e713ff3-0d17-449f-90fa-609b20cf4c10:c1757, 34290298-343f-405c-af97-b2d19041b010:c1757]
2019-09-11 09:06:26,339 [grpc-default-executor-4] INFO  client.GrpcClientProtocolClient (GrpcClientProtocolClient.java:onNext(264)) - client-B22ED198845A->f3174d56-9988-40ec-970b-d447ed545dfb: receive RaftClientReply:client-B22ED198845A->f3174d56-9988-40ec-970b-d447ed545dfb@group-47B82E5F6106, cid=1264, SUCCESS, logIndex=0, commits[f3174d56-9988-40ec-970b-d447ed545dfb:c1763, 3e713ff3-0d17-449f-90fa-609b20cf4c10:c1761, 34290298-343f-405c-af97-b2d19041b010:c1761]
2019-09-11 09:06:26,363 [grpc-default-executor-0] INFO  client.GrpcClientProtocolClient (GrpcClientProtocolClient.java:onNext(264)) - client-B22ED198845A->f3174d56-9988-40ec-970b-d447ed545dfb: receive RaftClientReply:client-B22ED198845A->f3174d56-9988-40ec-970b-d447ed545dfb@group-47B82E5F6106, cid=1265, SUCCESS, logIndex=1764, commits[f3174d56-9988-40ec-970b-d447ed545dfb:c1765, 3e713ff3-0d17-449f-90fa-609b20cf4c10:c1763, 34290298-343f-405c-af97-b2d19041b010:c1763]
2019-09-11 09:06:26,364 [grpc-default-executor-0] INFO  client.GrpcClientProtocolClient (GrpcClientProtocolClient.java:onNext(264)) - client-B22ED198845A->f3174d56-9988-40ec-970b-d447ed545dfb: receive RaftClientReply:client-B22ED198845A->f3174d56-9988-40ec-970b-d447ed545dfb@group-47B82E5F6106, cid=1266, SUCCESS, logIndex=1765, commits[f3174d56-9988-40ec-970b-d447ed545dfb:c1765, 3e713ff3-0d17-449f-90fa-609b20cf4c10:c1763, 34290298-343f-405c-af97-b2d19041b010:c1763]
2019-09-11 09:06:26,364 [grpc-default-executor-0] INFO  client.GrpcClientProtocolClient (GrpcClientProtocolClient.java:onNext(264)) - client-B22ED198845A->f3174d56-9988-40ec-970b-d447ed545dfb: receive RaftClientReply:client-B22ED198845A->f3174d56-9988-40ec-970b-d447ed545dfb@group-47B82E5F6106, cid=1267, SUCCESS, logIndex=1766, commits[f3174d56-9988-40ec-970b-d447ed545dfb:c1767, 3e713ff3-0d17-449f-90fa-609b20cf4c10:c1763, 34290298-343f-405c-af97-b2d19041b010:c1763]
2019-09-11 09:06:26,365 [grpc-default-executor-0] INFO  client.GrpcClientProtocolClient (GrpcClientProtocolClient.java:onNext(264)) - client-B22ED198845A->f3174d56-9988-40ec-970b-d447ed545dfb: receive RaftClientReply:client-B22ED198845A->f3174d56-9988-40ec-970b-d447ed545dfb@group-47B82E5F6106, cid=1268, SUCCESS, logIndex=1767, commits[f3174d56-9988-40ec-970b-d447ed545dfb:c1767, 3e713ff3-0d17-449f-90fa-609b20cf4c10:c1763, 34290298-343f-405c-af97-b2d19041b010:c1763]
2019-09-11 09:06:26,366 [grpc-default-executor-0] INFO  client.GrpcClientProtocolClient (GrpcClientProtocolClient.java:onNext(264)) - client-B22ED198845A->f3174d56-9988-40ec-970b-d447ed545dfb: receive RaftClientReply:client-B22ED198845A->f3174d56-9988-40ec-970b-d447ed545dfb@group-47B82E5F6106, cid=1269, SUCCESS, logIndex=0, commits[f3174d56-9988-40ec-970b-d447ed545dfb:c1769, 3e713ff3-0d17-449f-90fa-609b20cf4c10:c1765, 34290298-343f-405c-af97-b2d19041b010:c1765]
2019-09-11 09:06:26,384 [grpc-default-executor-4] INFO  client.GrpcClientProtocolClient (GrpcClientProtocolClient.java:onNext(264)) - client-B22ED198845A->f3174d56-9988-40ec-970b-d447ed545dfb: receive RaftClientReply:client-B22ED198845A->f3174d56-9988-40ec-970b-d447ed545dfb@group-47B82E5F6106, cid=1270, SUCCESS, logIndex=1772, commits[f3174d56-9988-40ec-970b-d447ed545dfb:c1773, 3e713ff3-0d17-449f-90fa-609b20cf4c10:c1771, 34290298-343f-405c-af97-b2d19041b010:c1771]
2019-09-11 09:06:26,384 [grpc-default-executor-4] INFO  client.GrpcClientProtocolClient (GrpcClientProtocolClient.java:onNext(264)) - client-B22ED198845A->f3174d56-9988-40ec-970b-d447ed545dfb: receive RaftClientReply:client-B22ED198845A->f3174d56-9988-40ec-970b-d447ed545dfb@group-47B82E5F6106, cid=1271, SUCCESS, logIndex=1773, commits[f3174d56-9988-40ec-970b-d447ed545dfb:c1773, 3e713ff3-0d17-449f-90fa-609b20cf4c10:c1771, 34290298-343f-405c-af97-b2d19041b010:c1771]
2019-09-11 09:06:26,397 [grpc-default-executor-0] INFO  client.GrpcClientProtocolClient (GrpcClientProtocolClient.java:onNext(264)) - client-B22ED198845A->f3174d56-9988-40ec-970b-d447ed545dfb: receive RaftClientReply:client-B22ED198845A->f3174d56-9988-40ec-970b-d447ed545dfb@group-47B82E5F6106, cid=1272, SUCCESS, logIndex=1776, commits[f3174d56-9988-40ec-970b-d447ed545dfb:c1777, 3e713ff3-0d17-449f-90fa-609b20cf4c10:c1773, 34290298-343f-405c-af97-b2d19041b010:c1773]
2019-09-11 09:06:26,398 [grpc-default-executor-0] INFO  client.GrpcClientProtocolClient (GrpcClientProtocolClient.java:onNext(264)) - client-B22ED198845A->f3174d56-9988-40ec-970b-d447ed545dfb: receive RaftClientReply:client-B22ED198845A->f3174d56-9988-40ec-970b-d447ed545dfb@group-47B82E5F6106, cid=1273, SUCCESS, logIndex=1777, commits[f3174d56-9988-40ec-970b-d447ed545dfb:c1777, 3e713ff3-0d17-449f-90fa-609b20cf4c10:c1773, 34290298-343f-405c-af97-b2d19041b010:c1773]
2019-09-11 09:06:26,409 [grpc-default-executor-1] INFO  client.GrpcClientProtocolClient (GrpcClientProtocolClient.java:onNext(264)) - client-B22ED198845A->f3174d56-9988-40ec-970b-d447ed545dfb: receive RaftClientReply:client-B22ED198845A->f3174d56-9988-40ec-970b-d447ed545dfb@group-47B82E5F6106, cid=1274, SUCCESS, logIndex=0, commits[f3174d56-9988-40ec-970b-d447ed545dfb:c1778, 3e713ff3-0d17-449f-90fa-609b20cf4c10:c1777, 34290298-343f-405c-af97-b2d19041b010:c1777]
2019-09-11 09:06:26,427 [grpc-default-executor-2] INFO  client.GrpcClientProtocolClient (GrpcClientProtocolClient.java:onNext(264)) - client-B22ED198845A->f3174d56-9988-40ec-970b-d447ed545dfb: receive RaftClientReply:client-B22ED198845A->f3174d56-9988-40ec-970b-d447ed545dfb@group-47B82E5F6106, cid=1275, SUCCESS, logIndex=1780, commits[f3174d56-9988-40ec-970b-d447ed545dfb:c1781, 3e713ff3-0d17-449f-90fa-609b20cf4c10:c1777, 34290298-343f-405c-af97-b2d19041b010:c1779]
2019-09-11 09:06:26,428 [grpc-default-executor-2] INFO  client.GrpcClientProtocolClient (GrpcClientProtocolClient.java:onNext(264)) - client-B22ED198845A->f3174d56-9988-40ec-970b-d447ed545dfb: receive RaftClientReply:client-B22ED198845A->f3174d56-9988-40ec-970b-d447ed545dfb@group-47B82E5F6106, cid=1276, SUCCESS, logIndex=1781, commits[f3174d56-9988-40ec-970b-d447ed545dfb:c1781, 3e713ff3-0d17-449f-90fa-609b20cf4c10:c1779, 34290298-343f-405c-af97-b2d19041b010:c1779]
2019-09-11 09:06:26,428 [grpc-default-executor-2] INFO  client.GrpcClientProtocolClient (GrpcClientProtocolClient.java:onNext(264)) - client-B22ED198845A->f3174d56-9988-40ec-970b-d447ed545dfb: receive RaftClientReply:client-B22ED198845A->f3174d56-9988-40ec-970b-d447ed545dfb@group-47B82E5F6106, cid=1277, SUCCESS, logIndex=1782, commits[f3174d56-9988-40ec-970b-d447ed545dfb:c1783, 3e713ff3-0d17-449f-90fa-609b20cf4c10:c1779, 34290298-343f-405c-af97-b2d19041b010:c1779]
2019-09-11 09:06:26,428 [grpc-default-executor-0] INFO  client.GrpcClientProtocolClient (GrpcClientProtocolClient.java:onNext(264)) - client-B22ED198845A->f3174d56-9988-40ec-970b-d447ed545dfb: receive RaftClientReply:client-B22ED198845A->f3174d56-9988-40ec-970b-d447ed545dfb@group-47B82E5F6106, cid=1278, SUCCESS, logIndex=1783, commits[f3174d56-9988-40ec-970b-d447ed545dfb:c1783, 3e713ff3-0d17-449f-90fa-609b20cf4c10:c1779, 34290298-343f-405c-af97-b2d19041b010:c1779]
2019-09-11 09:06:26,429 [grpc-default-executor-0] INFO  client.GrpcClientProtocolClient (GrpcClientProtocolClient.java:onNext(264)) - client-B22ED198845A->f3174d56-9988-40ec-970b-d447ed545dfb: receive RaftClientReply:client-B22ED198845A->f3174d56-9988-40ec-970b-d447ed545dfb@group-47B82E5F6106, cid=1279, SUCCESS, logIndex=0, commits[f3174d56-9988-40ec-970b-d447ed545dfb:c1785, 3e713ff3-0d17-449f-90fa-609b20cf4c10:c1781, 34290298-343f-405c-af97-b2d19041b010:c1781]
 0.00% |█                                                                                                    |  0/1 Time: 0:00:062019-09-11 09:06:26,531 [grpc-default-executor-2] INFO  client.GrpcClientProtocolClient (GrpcClientProtocolClient.java:onNext(264)) - client-B22ED198845A->f3174d56-9988-40ec-970b-d447ed545dfb: receive RaftClientReply:client-B22ED198845A->f3174d56-9988-40ec-970b-d447ed545dfb@group-47B82E5F6106, cid=1280, SUCCESS, logIndex=1788, commits[f3174d56-9988-40ec-970b-d447ed545dfb:c1789, 3e713ff3-0d17-449f-90fa-609b20cf4c10:c1787, 34290298-343f-405c-af97-b2d19041b010:c1787]
2019-09-11 09:06:26,532 [grpc-default-executor-2] INFO  client.GrpcClientProtocolClient (GrpcClientProtocolClient.java:onNext(264)) - client-B22ED198845A->f3174d56-9988-40ec-970b-d447ed545dfb: receive RaftClientReply:client-B22ED198845A->f3174d56-9988-40ec-970b-d447ed545dfb@group-47B82E5F6106, cid=1281, SUCCESS, logIndex=1789, commits[f3174d56-9988-40ec-970b-d447ed545dfb:c1789, 3e713ff3-0d17-449f-90fa-609b20cf4c10:c1787, 34290298-343f-405c-af97-b2d19041b010:c1787]
2019-09-11 09:06:26,544 [grpc-default-executor-0] INFO  client.GrpcClientProtocolClient (GrpcClientProtocolClient.java:onNext(264)) - client-B22ED198845A->f3174d56-9988-40ec-970b-d447ed545dfb: receive RaftClientReply:client-B22ED198845A->f3174d56-9988-40ec-970b-d447ed545dfb@group-47B82E5F6106, cid=1282, SUCCESS, logIndex=1792, commits[f3174d56-9988-40ec-970b-d447ed545dfb:c1792, 3e713ff3-0d17-449f-90fa-609b20cf4c10:c1789, 34290298-343f-405c-af97-b2d19041b010:c1789]
2019-09-11 09:06:26,545 [grpc-default-executor-0] INFO  client.GrpcClientProtocolClient (GrpcClientProtocolClient.java:onNext(264)) - client-B22ED198845A->f3174d56-9988-40ec-970b-d447ed545dfb: receive RaftClientReply:client-B22ED198845A->f3174d56-9988-40ec-970b-d447ed545dfb@group-47B82E5F6106, cid=1283, SUCCESS, logIndex=1793, commits[f3174d56-9988-40ec-970b-d447ed545dfb:c1793, 3e713ff3-0d17-449f-90fa-609b20cf4c10:c1789, 34290298-343f-405c-af97-b2d19041b010:c1789]
2019-09-11 09:06:26,559 [grpc-default-executor-4] INFO  client.GrpcClientProtocolClient (GrpcClientProtocolClient.java:onNext(264)) - client-B22ED198845A->f3174d56-9988-40ec-970b-d447ed545dfb: receive RaftClientReply:client-B22ED198845A->f3174d56-9988-40ec-970b-d447ed545dfb@group-47B82E5F6106, cid=1284, SUCCESS, logIndex=0, commits[f3174d56-9988-40ec-970b-d447ed545dfb:c1794, 3e713ff3-0d17-449f-90fa-609b20cf4c10:c1793, 34290298-343f-405c-af97-b2d19041b010:c1793]
2019-09-11 09:06:26,588 [grpc-default-executor-4] INFO  client.GrpcClientProtocolClient (GrpcClientProtocolClient.java:onNext(264)) - client-B22ED198845A->f3174d56-9988-40ec-970b-d447ed545dfb: receive RaftClientReply:client-B22ED198845A->f3174d56-9988-40ec-970b-d447ed545dfb@group-47B82E5F6106, cid=1285, SUCCESS, logIndex=1796, commits[f3174d56-9988-40ec-970b-d447ed545dfb:c1797, 3e713ff3-0d17-449f-90fa-609b20cf4c10:c1795, 34290298-343f-405c-af97-b2d19041b010:c1795]
2019-09-11 09:06:26,588 [grpc-default-executor-4] INFO  client.GrpcClientProtocolClient (GrpcClientProtocolClient.java:onNext(264)) - client-B22ED198845A->f3174d56-9988-40ec-970b-d447ed545dfb: receive RaftClientReply:client-B22ED198845A->f3174d56-9988-40ec-970b-d447ed545dfb@group-47B82E5F6106, cid=1286, SUCCESS, logIndex=1797, commits[f3174d56-9988-40ec-970b-d447ed545dfb:c1798, 3e713ff3-0d17-449f-90fa-609b20cf4c10:c1795, 34290298-343f-405c-af97-b2d19041b010:c1795]
2019-09-11 09:06:26,588 [grpc-default-executor-4] INFO  client.GrpcClientProtocolClient (GrpcClientProtocolClient.java:onNext(264)) - client-B22ED198845A->f3174d56-9988-40ec-970b-d447ed545dfb: receive RaftClientReply:client-B22ED198845A->f3174d56-9988-40ec-970b-d447ed545dfb@group-47B82E5F6106, cid=1287, SUCCESS, logIndex=1798, commits[f3174d56-9988-40ec-970b-d447ed545dfb:c1799, 3e713ff3-0d17-449f-90fa-609b20cf4c10:c1795, 34290298-343f-405c-af97-b2d19041b010:c1795]
2019-09-11 09:06:26,588 [grpc-default-executor-4] INFO  client.GrpcClientProtocolClient (GrpcClientProtocolClient.java:onNext(264)) - client-B22ED198845A->f3174d56-9988-40ec-970b-d447ed545dfb: receive RaftClientReply:client-B22ED198845A->f3174d56-9988-40ec-970b-d447ed545dfb@group-47B82E5F6106, cid=1288, SUCCESS, logIndex=1799, commits[f3174d56-9988-40ec-970b-d447ed545dfb:c1799, 3e713ff3-0d17-449f-90fa-609b20cf4c10:c1795, 34290298-343f-405c-af97-b2d19041b010:c1795]
2019-09-11 09:06:26,600 [grpc-default-executor-0] INFO  client.GrpcClientProtocolClient (GrpcClientProtocolClient.java:onNext(264)) - client-B22ED198845A->f3174d56-9988-40ec-970b-d447ed545dfb: receive RaftClientReply:client-B22ED198845A->f3174d56-9988-40ec-970b-d447ed545dfb@group-47B82E5F6106, cid=1289, SUCCESS, logIndex=0, commits[f3174d56-9988-40ec-970b-d447ed545dfb:c1801, 3e713ff3-0d17-449f-90fa-609b20cf4c10:c1797, 34290298-343f-405c-af97-b2d19041b010:c1797]
2019-09-11 09:06:26,619 [grpc-default-executor-2] INFO  client.GrpcClientProtocolClient (GrpcClientProtocolClient.java:onNext(264)) - client-B22ED198845A->f3174d56-9988-40ec-970b-d447ed545dfb: receive RaftClientReply:client-B22ED198845A->f3174d56-9988-40ec-970b-d447ed545dfb@group-47B82E5F6106, cid=1290, SUCCESS, logIndex=1804, commits[f3174d56-9988-40ec-970b-d447ed545dfb:c1805, 3e713ff3-0d17-449f-90fa-609b20cf4c10:c1803, 34290298-343f-405c-af97-b2d19041b010:c1803]
2019-09-11 09:06:26,619 [grpc-default-executor-2] INFO  client.GrpcClientProtocolClient (GrpcClientProtocolClient.java:onNext(264)) - client-B22ED198845A->f3174d56-9988-40ec-970b-d447ed545dfb: receive RaftClientReply:client-B22ED198845A->f3174d56-9988-40ec-970b-d447ed545dfb@group-47B82E5F6106, cid=1291, SUCCESS, logIndex=1805, commits[f3174d56-9988-40ec-970b-d447ed545dfb:c1805, 3e713ff3-0d17-449f-90fa-609b20cf4c10:c1803, 34290298-343f-405c-af97-b2d19041b010:c1803]
2019-09-11 09:06:26,634 [grpc-default-executor-0] INFO  client.GrpcClientProtocolClient (GrpcClientProtocolClient.java:onNext(264)) - client-B22ED198845A->f3174d56-9988-40ec-970b-d447ed545dfb: receive RaftClientReply:client-B22ED198845A->f3174d56-9988-40ec-970b-d447ed545dfb@group-47B82E5F6106, cid=1292, SUCCESS, logIndex=1808, commits[f3174d56-9988-40ec-970b-d447ed545dfb:c1808, 3e713ff3-0d17-449f-90fa-609b20cf4c10:c1805, 34290298-343f-405c-af97-b2d19041b010:c1805]
2019-09-11 09:06:26,635 [grpc-default-executor-0] INFO  client.GrpcClientProtocolClient (GrpcClientProtocolClient.java:onNext(264)) - client-B22ED198845A->f3174d56-9988-40ec-970b-d447ed545dfb: receive RaftClientReply:client-B22ED198845A->f3174d56-9988-40ec-970b-d447ed545dfb@group-47B82E5F6106, cid=1293, SUCCESS, logIndex=1809, commits[f3174d56-9988-40ec-970b-d447ed545dfb:c1809, 3e713ff3-0d17-449f-90fa-609b20cf4c10:c1805, 34290298-343f-405c-af97-b2d19041b010:c1805]
2019-09-11 09:06:26,647 [grpc-default-executor-2] INFO  client.GrpcClientProtocolClient (GrpcClientProtocolClient.java:onNext(264)) - client-B22ED198845A->f3174d56-9988-40ec-970b-d447ed545dfb: receive RaftClientReply:client-B22ED198845A->f3174d56-9988-40ec-970b-d447ed545dfb@group-47B82E5F6106, cid=1294, SUCCESS, logIndex=0, commits[f3174d56-9988-40ec-970b-d447ed545dfb:c1810, 3e713ff3-0d17-449f-90fa-609b20cf4c10:c1809, 34290298-343f-405c-af97-b2d19041b010:c1809]
2019-09-11 09:06:26,672 [grpc-default-executor-0] INFO  client.GrpcClientProtocolClient (GrpcClientProtocolClient.java:onNext(264)) - client-B22ED198845A->f3174d56-9988-40ec-970b-d447ed545dfb: receive RaftClientReply:client-B22ED198845A->f3174d56-9988-40ec-970b-d447ed545dfb@group-47B82E5F6106, cid=1295, SUCCESS, logIndex=1812, commits[f3174d56-9988-40ec-970b-d447ed545dfb:c1814, 3e713ff3-0d17-449f-90fa-609b20cf4c10:c1811, 34290298-343f-405c-af97-b2d19041b010:c1811]
2019-09-11 09:06:26,673 [grpc-default-executor-0] INFO  client.GrpcClientProtocolClient (GrpcClientProtocolClient.java:onNext(264)) - client-B22ED198845A->f3174d56-9988-40ec-970b-d447ed545dfb: receive RaftClientReply:client-B22ED198845A->f3174d56-9988-40ec-970b-d447ed545dfb@group-47B82E5F6106, cid=1296, SUCCESS, logIndex=1813, commits[f3174d56-9988-40ec-970b-d447ed545dfb:c1815, 3e713ff3-0d17-449f-90fa-609b20cf4c10:c1811, 34290298-343f-405c-af97-b2d19041b010:c1811]
2019-09-11 09:06:26,673 [grpc-default-executor-0] INFO  client.GrpcClientProtocolClient (GrpcClientProtocolClient.java:onNext(264)) - client-B22ED198845A->f3174d56-9988-40ec-970b-d447ed545dfb: receive RaftClientReply:client-B22ED198845A->f3174d56-9988-40ec-970b-d447ed545dfb@group-47B82E5F6106, cid=1297, SUCCESS, logIndex=1814, commits[f3174d56-9988-40ec-970b-d447ed545dfb:c1815, 3e713ff3-0d17-449f-90fa-609b20cf4c10:c1811, 34290298-343f-405c-af97-b2d19041b010:c1811]
2019-09-11 09:06:26,673 [grpc-default-executor-0] INFO  client.GrpcClientProtocolClient (GrpcClientProtocolClient.java:onNext(264)) - client-B22ED198845A->f3174d56-9988-40ec-970b-d447ed545dfb: receive RaftClientReply:client-B22ED198845A->f3174d56-9988-40ec-970b-d447ed545dfb@group-47B82E5F6106, cid=1298, SUCCESS, logIndex=1815, commits[f3174d56-9988-40ec-970b-d447ed545dfb:c1815, 3e713ff3-0d17-449f-90fa-609b20cf4c10:c1811, 34290298-343f-405c-af97-b2d19041b010:c1811]
2019-09-11 09:06:26,674 [grpc-default-executor-1] INFO  client.GrpcClientProtocolClient (GrpcClientProtocolClient.java:onNext(264)) - client-B22ED198845A->f3174d56-9988-40ec-970b-d447ed545dfb: receive RaftClientReply:client-B22ED198845A->f3174d56-9988-40ec-970b-d447ed545dfb@group-47B82E5F6106, cid=1299, SUCCESS, logIndex=0, commits[f3174d56-9988-40ec-970b-d447ed545dfb:c1818, 3e713ff3-0d17-449f-90fa-609b20cf4c10:c1813, 34290298-343f-405c-af97-b2d19041b010:c1814]
2019-09-11 09:06:26,685 [grpc-default-executor-0] INFO  client.GrpcClientProtocolClient (GrpcClientProtocolClient.java:onNext(264)) - client-B22ED198845A->f3174d56-9988-40ec-970b-d447ed545dfb: receive RaftClientReply:client-B22ED198845A->f3174d56-9988-40ec-970b-d447ed545dfb@group-47B82E5F6106, cid=1300, SUCCESS, logIndex=1820, commits[f3174d56-9988-40ec-970b-d447ed545dfb:c1821, 3e713ff3-0d17-449f-90fa-609b20cf4c10:c1819, 34290298-343f-405c-af97-b2d19041b010:c1815]
2019-09-11 09:06:26,685 [grpc-default-executor-0] INFO  client.GrpcClientProtocolClient (GrpcClientProtocolClient.java:onNext(264)) - client-B22ED198845A->f3174d56-9988-40ec-970b-d447ed545dfb: receive RaftClientReply:client-B22ED198845A->f3174d56-9988-40ec-970b-d447ed545dfb@group-47B82E5F6106, cid=1301, SUCCESS, logIndex=1821, commits[f3174d56-9988-40ec-970b-d447ed545dfb:c1821, 3e713ff3-0d17-449f-90fa-609b20cf4c10:c1819, 34290298-343f-405c-af97-b2d19041b010:c1819]
2019-09-11 09:06:26,695 [grpc-default-executor-2] INFO  client.GrpcClientProtocolClient (GrpcClientProtocolClient.java:onNext(264)) - client-B22ED198845A->f3174d56-9988-40ec-970b-d447ed545dfb: receive RaftClientReply:client-B22ED198845A->f3174d56-9988-40ec-970b-d447ed545dfb@group-47B82E5F6106, cid=1302, SUCCESS, logIndex=1824, commits[f3174d56-9988-40ec-970b-d447ed545dfb:c1825, 3e713ff3-0d17-449f-90fa-609b20cf4c10:c1821, 34290298-343f-405c-af97-b2d19041b010:c1823]
2019-09-11 09:06:26,695 [grpc-default-executor-2] INFO  client.GrpcClientProtocolClient (GrpcClientProtocolClient.java:onNext(264)) - client-B22ED198845A->f3174d56-9988-40ec-970b-d447ed545dfb: receive RaftClientReply:client-B22ED198845A->f3174d56-9988-40ec-970b-d447ed545dfb@group-47B82E5F6106, cid=1303, SUCCESS, logIndex=1825, commits[f3174d56-9988-40ec-970b-d447ed545dfb:c1825, 3e713ff3-0d17-449f-90fa-609b20cf4c10:c1823, 34290298-343f-405c-af97-b2d19041b010:c1823]
2019-09-11 09:06:26,697 [grpc-default-executor-2] INFO  client.GrpcClientProtocolClient (GrpcClientProtocolClient.java:onNext(264)) - client-B22ED198845A->f3174d56-9988-40ec-970b-d447ed545dfb: receive RaftClientReply:client-B22ED198845A->f3174d56-9988-40ec-970b-d447ed545dfb@group-47B82E5F6106, cid=1304, SUCCESS, logIndex=0, commits[f3174d56-9988-40ec-970b-d447ed545dfb:c1826, 3e713ff3-0d17-449f-90fa-609b20cf4c10:c1825, 34290298-343f-405c-af97-b2d19041b010:c1825]
2019-09-11 09:06:26,715 [grpc-default-executor-4] INFO  client.GrpcClientProtocolClient (GrpcClientProtocolClient.java:onNext(264)) - client-B22ED198845A->f3174d56-9988-40ec-970b-d447ed545dfb: receive RaftClientReply:client-B22ED198845A->f3174d56-9988-40ec-970b-d447ed545dfb@group-47B82E5F6106, cid=1305, SUCCESS, logIndex=1828, commits[f3174d56-9988-40ec-970b-d447ed545dfb:c1830, 3e713ff3-0d17-449f-90fa-609b20cf4c10:c1825, 34290298-343f-405c-af97-b2d19041b010:c1827]
2019-09-11 09:06:26,715 [grpc-default-executor-4] INFO  client.GrpcClientProtocolClient (GrpcClientProtocolClient.java:onNext(264)) - client-B22ED198845A->f3174d56-9988-40ec-970b-d447ed545dfb: receive RaftClientReply:client-B22ED198845A->f3174d56-9988-40ec-970b-d447ed545dfb@group-47B82E5F6106, cid=1306, SUCCESS, logIndex=1829, commits[f3174d56-9988-40ec-970b-d447ed545dfb:c1831, 3e713ff3-0d17-449f-90fa-609b20cf4c10:c1827, 34290298-343f-405c-af97-b2d19041b010:c1827]
2019-09-11 09:06:26,715 [grpc-default-executor-4] INFO  client.GrpcClientProtocolClient (GrpcClientProtocolClient.java:onNext(264)) - client-B22ED198845A->f3174d56-9988-40ec-970b-d447ed545dfb: receive RaftClientReply:client-B22ED198845A->f3174d56-9988-40ec-970b-d447ed545dfb@group-47B82E5F6106, cid=1307, SUCCESS, logIndex=1830, commits[f3174d56-9988-40ec-970b-d447ed545dfb:c1831, 3e713ff3-0d17-449f-90fa-609b20cf4c10:c1827, 34290298-343f-405c-af97-b2d19041b010:c1827]
2019-09-11 09:06:26,716 [grpc-default-executor-0] INFO  client.GrpcClientProtocolClient (GrpcClientProtocolClient.java:onNext(264)) - client-B22ED198845A->f3174d56-9988-40ec-970b-d447ed545dfb: receive RaftClientReply:client-B22ED198845A->f3174d56-9988-40ec-970b-d447ed545dfb@group-47B82E5F6106, cid=1308, SUCCESS, logIndex=1831, commits[f3174d56-9988-40ec-970b-d447ed545dfb:c1831, 3e713ff3-0d17-449f-90fa-609b20cf4c10:c1827, 34290298-343f-405c-af97-b2d19041b010:c1827]
2019-09-11 09:06:26,719 [grpc-default-executor-0] INFO  client.GrpcClientProtocolClient (GrpcClientProtocolClient.java:onNext(264)) - client-B22ED198845A->f3174d56-9988-40ec-970b-d447ed545dfb: receive RaftClientReply:client-B22ED198845A->f3174d56-9988-40ec-970b-d447ed545dfb@group-47B82E5F6106, cid=1309, SUCCESS, logIndex=0, commits[f3174d56-9988-40ec-970b-d447ed545dfb:c1835, 3e713ff3-0d17-449f-90fa-609b20cf4c10:c1831, 34290298-343f-405c-af97-b2d19041b010:c1830]
2019-09-11 09:06:26,728 [grpc-default-executor-1] INFO  client.GrpcClientProtocolClient (GrpcClientProtocolClient.java:onNext(264)) - client-B22ED198845A->f3174d56-9988-40ec-970b-d447ed545dfb: receive RaftClientReply:client-B22ED198845A->f3174d56-9988-40ec-970b-d447ed545dfb@group-47B82E5F6106, cid=1310, SUCCESS, logIndex=1836, commits[f3174d56-9988-40ec-970b-d447ed545dfb:c1837, 3e713ff3-0d17-449f-90fa-609b20cf4c10:c1831, 34290298-343f-405c-af97-b2d19041b010:c1835]
2019-09-11 09:06:26,729 [grpc-default-executor-1] INFO  client.GrpcClientProtocolClient (GrpcClientProtocolClient.java:onNext(264)) - client-B22ED198845A->f3174d56-9988-40ec-970b-d447ed545dfb: receive RaftClientReply:client-B22ED198845A->f3174d56-9988-40ec-970b-d447ed545dfb@group-47B82E5F6106, cid=1311, SUCCESS, logIndex=1837, commits[f3174d56-9988-40ec-970b-d447ed545dfb:c1837, 3e713ff3-0d17-449f-90fa-609b20cf4c10:c1835, 34290298-343f-405c-af97-b2d19041b010:c1835]
2019-09-11 09:06:26,739 [grpc-default-executor-1] INFO  client.GrpcClientProtocolClient (GrpcClientProtocolClient.java:onNext(264)) - client-B22ED198845A->f3174d56-9988-40ec-970b-d447ed545dfb: receive RaftClientReply:client-B22ED198845A->f3174d56-9988-40ec-970b-d447ed545dfb@group-47B82E5F6106, cid=1312, SUCCESS, logIndex=1840, commits[f3174d56-9988-40ec-970b-d447ed545dfb:c1841, 3e713ff3-0d17-449f-90fa-609b20cf4c10:c1837, 34290298-343f-405c-af97-b2d19041b010:c1839]
2019-09-11 09:06:26,739 [grpc-default-executor-1] INFO  client.GrpcClientProtocolClient (GrpcClientProtocolClient.java:onNext(264)) - client-B22ED198845A->f3174d56-9988-40ec-970b-d447ed545dfb: receive RaftClientReply:client-B22ED198845A->f3174d56-9988-40ec-970b-d447ed545dfb@group-47B82E5F6106, cid=1313, SUCCESS, logIndex=1841, commits[f3174d56-9988-40ec-970b-d447ed545dfb:c1841, 3e713ff3-0d17-449f-90fa-609b20cf4c10:c1839, 34290298-343f-405c-af97-b2d19041b010:c1839]
2019-09-11 09:06:26,740 [grpc-default-executor-1] INFO  client.GrpcClientProtocolClient (GrpcClientProtocolClient.java:onNext(264)) - client-B22ED198845A->f3174d56-9988-40ec-970b-d447ed545dfb: receive RaftClientReply:client-B22ED198845A->f3174d56-9988-40ec-970b-d447ed545dfb@group-47B82E5F6106, cid=1314, SUCCESS, logIndex=0, commits[f3174d56-9988-40ec-970b-d447ed545dfb:c1842, 3e713ff3-0d17-449f-90fa-609b20cf4c10:c1841, 34290298-343f-405c-af97-b2d19041b010:c1841]
2019-09-11 09:06:26,757 [grpc-default-executor-1] INFO  client.GrpcClientProtocolClient (GrpcClientProtocolClient.java:onNext(264)) - client-B22ED198845A->f3174d56-9988-40ec-970b-d447ed545dfb: receive RaftClientReply:client-B22ED198845A->f3174d56-9988-40ec-970b-d447ed545dfb@group-47B82E5F6106, cid=1315, SUCCESS, logIndex=1844, commits[f3174d56-9988-40ec-970b-d447ed545dfb:c1845, 3e713ff3-0d17-449f-90fa-609b20cf4c10:c1843, 34290298-343f-405c-af97-b2d19041b010:c1843]
2019-09-11 09:06:26,758 [grpc-default-executor-1] INFO  client.GrpcClientProtocolClient (GrpcClientProtocolClient.java:onNext(264)) - client-B22ED198845A->f3174d56-9988-40ec-970b-d447ed545dfb: receive RaftClientReply:client-B22ED198845A->f3174d56-9988-40ec-970b-d447ed545dfb@group-47B82E5F6106, cid=1316, SUCCESS, logIndex=1845, commits[f3174d56-9988-40ec-970b-d447ed545dfb:c1846, 3e713ff3-0d17-449f-90fa-609b20cf4c10:c1843, 34290298-343f-405c-af97-b2d19041b010:c1843]
2019-09-11 09:06:26,758 [grpc-default-executor-1] INFO  client.GrpcClientProtocolClient (GrpcClientProtocolClient.java:onNext(264)) - client-B22ED198845A->f3174d56-9988-40ec-970b-d447ed545dfb: receive RaftClientReply:client-B22ED198845A->f3174d56-9988-40ec-970b-d447ed545dfb@group-47B82E5F6106, cid=1317, SUCCESS, logIndex=1846, commits[f3174d56-9988-40ec-970b-d447ed545dfb:c1847, 3e713ff3-0d17-449f-90fa-609b20cf4c10:c1843, 34290298-343f-405c-af97-b2d19041b010:c1843]
2019-09-11 09:06:26,758 [grpc-default-executor-1] INFO  client.GrpcClientProtocolClient (GrpcClientProtocolClient.java:onNext(264)) - client-B22ED198845A->f3174d56-9988-40ec-970b-d447ed545dfb: receive RaftClientReply:client-B22ED198845A->f3174d56-9988-40ec-970b-d447ed545dfb@group-47B82E5F6106, cid=1318, SUCCESS, logIndex=1847, commits[f3174d56-9988-40ec-970b-d447ed545dfb:c1847, 3e713ff3-0d17-449f-90fa-609b20cf4c10:c1843, 34290298-343f-405c-af97-b2d19041b010:c1843]
2019-09-11 09:06:26,759 [grpc-default-executor-2] INFO  client.GrpcClientProtocolClient (GrpcClientProtocolClient.java:onNext(264)) - client-B22ED198845A->f3174d56-9988-40ec-970b-d447ed545dfb: receive RaftClientReply:client-B22ED198845A->f3174d56-9988-40ec-970b-d447ed545dfb@group-47B82E5F6106, cid=1319, SUCCESS, logIndex=0, commits[f3174d56-9988-40ec-970b-d447ed545dfb:c1849, 3e713ff3-0d17-449f-90fa-609b20cf4c10:c1845, 34290298-343f-405c-af97-b2d19041b010:c1845]
2019-09-11 09:06:26,769 [grpc-default-executor-4] INFO  client.GrpcClientProtocolClient (GrpcClientProtocolClient.java:onNext(264)) - client-B22ED198845A->f3174d56-9988-40ec-970b-d447ed545dfb: receive RaftClientReply:client-B22ED198845A->f3174d56-9988-40ec-970b-d447ed545dfb@group-47B82E5F6106, cid=1320, SUCCESS, logIndex=1852, commits[f3174d56-9988-40ec-970b-d447ed545dfb:c1853, 3e713ff3-0d17-449f-90fa-609b20cf4c10:c1851, 34290298-343f-405c-af97-b2d19041b010:c1851]
2019-09-11 09:06:26,769 [grpc-default-executor-4] INFO  client.GrpcClientProtocolClient (GrpcClientProtocolClient.java:onNext(264)) - client-B22ED198845A->f3174d56-9988-40ec-970b-d447ed545dfb: receive RaftClientReply:client-B22ED198845A->f3174d56-9988-40ec-970b-d447ed545dfb@group-47B82E5F6106, cid=1321, SUCCESS, logIndex=1853, commits[f3174d56-9988-40ec-970b-d447ed545dfb:c1853, 3e713ff3-0d17-449f-90fa-609b20cf4c10:c1851, 34290298-343f-405c-af97-b2d19041b010:c1851]
2019-09-11 09:06:26,779 [grpc-default-executor-4] INFO  client.GrpcClientProtocolClient (GrpcClientProtocolClient.java:onNext(264)) - client-B22ED198845A->f3174d56-9988-40ec-970b-d447ed545dfb: receive RaftClientReply:client-B22ED198845A->f3174d56-9988-40ec-970b-d447ed545dfb@group-47B82E5F6106, cid=1322, SUCCESS, logIndex=1856, commits[f3174d56-9988-40ec-970b-d447ed545dfb:c1857, 3e713ff3-0d17-449f-90fa-609b20cf4c10:c1855, 34290298-343f-405c-af97-b2d19041b010:c1853]
2019-09-11 09:06:26,779 [grpc-default-executor-4] INFO  client.GrpcClientProtocolClient (GrpcClientProtocolClient.java:onNext(264)) - client-B22ED198845A->f3174d56-9988-40ec-970b-d447ed545dfb: receive RaftClientReply:client-B22ED198845A->f3174d56-9988-40ec-970b-d447ed545dfb@group-47B82E5F6106, cid=1323, SUCCESS, logIndex=1857, commits[f3174d56-9988-40ec-970b-d447ed545dfb:c1857, 3e713ff3-0d17-449f-90fa-609b20cf4c10:c1855, 34290298-343f-405c-af97-b2d19041b010:c1855]
2019-09-11 09:06:26,781 [grpc-default-executor-4] INFO  client.GrpcClientProtocolClient (GrpcClientProtocolClient.java:onNext(264)) - client-B22ED198845A->f3174d56-9988-40ec-970b-d447ed545dfb: receive RaftClientReply:client-B22ED198845A->f3174d56-9988-40ec-970b-d447ed545dfb@group-47B82E5F6106, cid=1324, SUCCESS, logIndex=0, commits[f3174d56-9988-40ec-970b-d447ed545dfb:c1858, 3e713ff3-0d17-449f-90fa-609b20cf4c10:c1857, 34290298-343f-405c-af97-b2d19041b010:c1857]
2019-09-11 09:06:26,804 [grpc-default-executor-4] INFO  client.GrpcClientProtocolClient (GrpcClientProtocolClient.java:onNext(264)) - client-B22ED198845A->f3174d56-9988-40ec-970b-d447ed545dfb: receive RaftClientReply:client-B22ED198845A->f3174d56-9988-40ec-970b-d447ed545dfb@group-47B82E5F6106, cid=1325, SUCCESS, logIndex=1860, commits[f3174d56-9988-40ec-970b-d447ed545dfb:c1861, 3e713ff3-0d17-449f-90fa-609b20cf4c10:c1859, 34290298-343f-405c-af97-b2d19041b010:c1859]
2019-09-11 09:06:26,805 [grpc-default-executor-2] INFO  client.GrpcClientProtocolClient (GrpcClientProtocolClient.java:onNext(264)) - client-B22ED198845A->f3174d56-9988-40ec-970b-d447ed545dfb: receive RaftClientReply:client-B22ED198845A->f3174d56-9988-40ec-970b-d447ed545dfb@group-47B82E5F6106, cid=1326, SUCCESS, logIndex=1861, commits[f3174d56-9988-40ec-970b-d447ed545dfb:c1861, 3e713ff3-0d17-449f-90fa-609b20cf4c10:c1859, 34290298-343f-405c-af97-b2d19041b010:c1859]
2019-09-11 09:06:26,805 [grpc-default-executor-2] INFO  client.GrpcClientProtocolClient (GrpcClientProtocolClient.java:onNext(264)) - client-B22ED198845A->f3174d56-9988-40ec-970b-d447ed545dfb: receive RaftClientReply:client-B22ED198845A->f3174d56-9988-40ec-970b-d447ed545dfb@group-47B82E5F6106, cid=1327, SUCCESS, logIndex=1862, commits[f3174d56-9988-40ec-970b-d447ed545dfb:c1863, 3e713ff3-0d17-449f-90fa-609b20cf4c10:c1859, 34290298-343f-405c-af97-b2d19041b010:c1859]
2019-09-11 09:06:26,805 [grpc-default-executor-2] INFO  client.GrpcClientProtocolClient (GrpcClientProtocolClient.java:onNext(264)) - client-B22ED198845A->f3174d56-9988-40ec-970b-d447ed545dfb: receive RaftClientReply:client-B22ED198845A->f3174d56-9988-40ec-970b-d447ed545dfb@group-47B82E5F6106, cid=1328, SUCCESS, logIndex=1863, commits[f3174d56-9988-40ec-970b-d447ed545dfb:c1863, 3e713ff3-0d17-449f-90fa-609b20cf4c10:c1859, 34290298-343f-405c-af97-b2d19041b010:c1859]
2019-09-11 09:06:26,806 [grpc-default-executor-4] INFO  client.GrpcClientProtocolClient (GrpcClientProtocolClient.java:onNext(264)) - client-B22ED198845A->f3174d56-9988-40ec-970b-d447ed545dfb: receive RaftClientReply:client-B22ED198845A->f3174d56-9988-40ec-970b-d447ed545dfb@group-47B82E5F6106, cid=1329, SUCCESS, logIndex=0, commits[f3174d56-9988-40ec-970b-d447ed545dfb:c1865, 3e713ff3-0d17-449f-90fa-609b20cf4c10:c1861, 34290298-343f-405c-af97-b2d19041b010:c1861]
2019-09-11 09:06:26,819 [grpc-default-executor-1] INFO  client.GrpcClientProtocolClient (GrpcClientProtocolClient.java:onNext(264)) - client-B22ED198845A->f3174d56-9988-40ec-970b-d447ed545dfb: receive RaftClientReply:client-B22ED198845A->f3174d56-9988-40ec-970b-d447ed545dfb@group-47B82E5F6106, cid=1330, SUCCESS, logIndex=1868, commits[f3174d56-9988-40ec-970b-d447ed545dfb:c1868, 3e713ff3-0d17-449f-90fa-609b20cf4c10:c1867, 34290298-343f-405c-af97-b2d19041b010:c1867]
2019-09-11 09:06:26,820 [grpc-default-executor-1] INFO  client.GrpcClientProtocolClient (GrpcClientProtocolClient.java:onNext(264)) - client-B22ED198845A->f3174d56-9988-40ec-970b-d447ed545dfb: receive RaftClientReply:client-B22ED198845A->f3174d56-9988-40ec-970b-d447ed545dfb@group-47B82E5F6106, cid=1331, SUCCESS, logIndex=1869, commits[f3174d56-9988-40ec-970b-d447ed545dfb:c1869, 3e713ff3-0d17-449f-90fa-609b20cf4c10:c1867, 34290298-343f-405c-af97-b2d19041b010:c1867]
2019-09-11 09:06:26,837 [grpc-default-executor-4] INFO  client.GrpcClientProtocolClient (GrpcClientProtocolClient.java:onNext(264)) - client-B22ED198845A->f3174d56-9988-40ec-970b-d447ed545dfb: receive RaftClientReply:client-B22ED198845A->f3174d56-9988-40ec-970b-d447ed545dfb@group-47B82E5F6106, cid=1332, SUCCESS, logIndex=1872, commits[f3174d56-9988-40ec-970b-d447ed545dfb:c1873, 3e713ff3-0d17-449f-90fa-609b20cf4c10:c1871, 34290298-343f-405c-af97-b2d19041b010:c1871]
2019-09-11 09:06:26,838 [grpc-default-executor-4] INFO  client.GrpcClientProtocolClient (GrpcClientProtocolClient.java:onNext(264)) - client-B22ED198845A->f3174d56-9988-40ec-970b-d447ed545dfb: receive RaftClientReply:client-B22ED198845A->f3174d56-9988-40ec-970b-d447ed545dfb@group-47B82E5F6106, cid=1333, SUCCESS, logIndex=1873, commits[f3174d56-9988-40ec-970b-d447ed545dfb:c1873, 3e713ff3-0d17-449f-90fa-609b20cf4c10:c1871, 34290298-343f-405c-af97-b2d19041b010:c1871]
2019-09-11 09:06:26,850 [grpc-default-executor-4] INFO  client.GrpcClientProtocolClient (GrpcClientProtocolClient.java:onNext(264)) - client-B22ED198845A->f3174d56-9988-40ec-970b-d447ed545dfb: receive RaftClientReply:client-B22ED198845A->f3174d56-9988-40ec-970b-d447ed545dfb@group-47B82E5F6106, cid=1334, SUCCESS, logIndex=0, commits[f3174d56-9988-40ec-970b-d447ed545dfb:c1875, 3e713ff3-0d17-449f-90fa-609b20cf4c10:c1873, 34290298-343f-405c-af97-b2d19041b010:c1873]
2019-09-11 09:06:26,876 [grpc-default-executor-1] INFO  client.GrpcClientProtocolClient (GrpcClientProtocolClient.java:onNext(264)) - client-B22ED198845A->f3174d56-9988-40ec-970b-d447ed545dfb: receive RaftClientReply:client-B22ED198845A->f3174d56-9988-40ec-970b-d447ed545dfb@group-47B82E5F6106, cid=1335, SUCCESS, logIndex=1876, commits[f3174d56-9988-40ec-970b-d447ed545dfb:c1877, 3e713ff3-0d17-449f-90fa-609b20cf4c10:c1875, 34290298-343f-405c-af97-b2d19041b010:c1875]
2019-09-11 09:06:26,876 [grpc-default-executor-1] INFO  client.GrpcClientProtocolClient (GrpcClientProtocolClient.java:onNext(264)) - client-B22ED198845A->f3174d56-9988-40ec-970b-d447ed545dfb: receive RaftClientReply:client-B22ED198845A->f3174d56-9988-40ec-970b-d447ed545dfb@group-47B82E5F6106, cid=1336, SUCCESS, logIndex=1877, commits[f3174d56-9988-40ec-970b-d447ed545dfb:c1877, 3e713ff3-0d17-449f-90fa-609b20cf4c10:c1875, 34290298-343f-405c-af97-b2d19041b010:c1875]
2019-09-11 09:06:26,878 [grpc-default-executor-1] INFO  client.GrpcClientProtocolClient (GrpcClientProtocolClient.java:onNext(264)) - client-B22ED198845A->f3174d56-9988-40ec-970b-d447ed545dfb: receive RaftClientReply:client-B22ED198845A->f3174d56-9988-40ec-970b-d447ed545dfb@group-47B82E5F6106, cid=1337, SUCCESS, logIndex=1878, commits[f3174d56-9988-40ec-970b-d447ed545dfb:c1878, 3e713ff3-0d17-449f-90fa-609b20cf4c10:c1875, 34290298-343f-405c-af97-b2d19041b010:c1875]
2019-09-11 09:06:26,883 [grpc-default-executor-1] INFO  client.GrpcClientProtocolClient (GrpcClientProtocolClient.java:onNext(264)) - client-B22ED198845A->f3174d56-9988-40ec-970b-d447ed545dfb: receive RaftClientReply:client-B22ED198845A->f3174d56-9988-40ec-970b-d447ed545dfb@group-47B82E5F6106, cid=1338, SUCCESS, logIndex=1879, commits[f3174d56-9988-40ec-970b-d447ed545dfb:c1879, 3e713ff3-0d17-449f-90fa-609b20cf4c10:c1875, 34290298-343f-405c-af97-b2d19041b010:c1875]
2019-09-11 09:06:26,894 [grpc-default-executor-1] INFO  client.GrpcClientProtocolClient (GrpcClientProtocolClient.java:onNext(264)) - client-B22ED198845A->f3174d56-9988-40ec-970b-d447ed545dfb: receive RaftClientReply:client-B22ED198845A->f3174d56-9988-40ec-970b-d447ed545dfb@group-47B82E5F6106, cid=1339, SUCCESS, logIndex=0, commits[f3174d56-9988-40ec-970b-d447ed545dfb:c1879, 3e713ff3-0d17-449f-90fa-609b20cf4c10:c1877, 34290298-343f-405c-af97-b2d19041b010:c1877]
2019-09-11 09:06:26,906 [grpc-default-executor-4] INFO  client.GrpcClientProtocolClient (GrpcClientProtocolClient.java:onNext(264)) - client-B22ED198845A->f3174d56-9988-40ec-970b-d447ed545dfb: receive RaftClientReply:client-B22ED198845A->f3174d56-9988-40ec-970b-d447ed545dfb@group-47B82E5F6106, cid=1340, SUCCESS, logIndex=1884, commits[f3174d56-9988-40ec-970b-d447ed545dfb:c1885, 3e713ff3-0d17-449f-90fa-609b20cf4c10:c1881, 34290298-343f-405c-af97-b2d19041b010:c1879]
2019-09-11 09:06:26,907 [grpc-default-executor-4] INFO  client.GrpcClientProtocolClient (GrpcClientProtocolClient.java:onNext(264)) - client-B22ED198845A->f3174d56-9988-40ec-970b-d447ed545dfb: receive RaftClientReply:client-B22ED198845A->f3174d56-9988-40ec-970b-d447ed545dfb@group-47B82E5F6106, cid=1341, SUCCESS, logIndex=1885, commits[f3174d56-9988-40ec-970b-d447ed545dfb:c1885, 3e713ff3-0d17-449f-90fa-609b20cf4c10:c1881, 34290298-343f-405c-af97-b2d19041b010:c1879]
2019-09-11 09:06:26,925 [grpc-default-executor-0] INFO  client.GrpcClientProtocolClient (GrpcClientProtocolClient.java:onNext(264)) - client-B22ED198845A->f3174d56-9988-40ec-970b-d447ed545dfb: receive RaftClientReply:client-B22ED198845A->f3174d56-9988-40ec-970b-d447ed545dfb@group-47B82E5F6106, cid=1342, SUCCESS, logIndex=1888, commits[f3174d56-9988-40ec-970b-d447ed545dfb:c1889, 3e713ff3-0d17-449f-90fa-609b20cf4c10:c1887, 34290298-343f-405c-af97-b2d19041b010:c1887]
2019-09-11 09:06:26,925 [grpc-default-executor-0] INFO  client.GrpcClientProtocolClient (GrpcClientProtocolClient.java:onNext(264)) - client-B22ED198845A->f3174d56-9988-40ec-970b-d447ed545dfb: receive RaftClientReply:client-B22ED198845A->f3174d56-9988-40ec-970b-d447ed545dfb@group-47B82E5F6106, cid=1343, SUCCESS, logIndex=1889, commits[f3174d56-9988-40ec-970b-d447ed545dfb:c1889, 3e713ff3-0d17-449f-90fa-609b20cf4c10:c1887, 34290298-343f-405c-af97-b2d19041b010:c1887]
2019-09-11 09:06:26,937 [grpc-default-executor-0] INFO  client.GrpcClientProtocolClient (GrpcClientProtocolClient.java:onNext(264)) - client-B22ED198845A->f3174d56-9988-40ec-970b-d447ed545dfb: receive RaftClientReply:client-B22ED198845A->f3174d56-9988-40ec-970b-d447ed545dfb@group-47B82E5F6106, cid=1344, SUCCESS, logIndex=0, commits[f3174d56-9988-40ec-970b-d447ed545dfb:c1890, 3e713ff3-0d17-449f-90fa-609b20cf4c10:c1889, 34290298-343f-405c-af97-b2d19041b010:c1889]
2019-09-11 09:06:27,060 [grpc-default-executor-0] INFO  client.GrpcClientProtocolClient (GrpcClientProtocolClient.java:onNext(264)) - client-B22ED198845A->f3174d56-9988-40ec-970b-d447ed545dfb: receive RaftClientReply:client-B22ED198845A->f3174d56-9988-40ec-970b-d447ed545dfb@group-47B82E5F6106, cid=1345, SUCCESS, logIndex=1892, commits[f3174d56-9988-40ec-970b-d447ed545dfb:c1893, 3e713ff3-0d17-449f-90fa-609b20cf4c10:c1891, 34290298-343f-405c-af97-b2d19041b010:c1891]
2019-09-11 09:06:27,060 [grpc-default-executor-0] INFO  client.GrpcClientProtocolClient (GrpcClientProtocolClient.java:onNext(264)) - client-B22ED198845A->f3174d56-9988-40ec-970b-d447ed545dfb: receive RaftClientReply:client-B22ED198845A->f3174d56-9988-40ec-970b-d447ed545dfb@group-47B82E5F6106, cid=1346, SUCCESS, logIndex=1893, commits[f3174d56-9988-40ec-970b-d447ed545dfb:c1895, 3e713ff3-0d17-449f-90fa-609b20cf4c10:c1891, 34290298-343f-405c-af97-b2d19041b010:c1891]
2019-09-11 09:06:27,060 [grpc-default-executor-0] INFO  client.GrpcClientProtocolClient (GrpcClientProtocolClient.java:onNext(264)) - client-B22ED198845A->f3174d56-9988-40ec-970b-d447ed545dfb: receive RaftClientReply:client-B22ED198845A->f3174d56-9988-40ec-970b-d447ed545dfb@group-47B82E5F6106, cid=1347, SUCCESS, logIndex=1894, commits[f3174d56-9988-40ec-970b-d447ed545dfb:c1895, 3e713ff3-0d17-449f-90fa-609b20cf4c10:c1891, 34290298-343f-405c-af97-b2d19041b010:c1891]
2019-09-11 09:06:27,061 [grpc-default-executor-0] INFO  client.GrpcClientProtocolClient (GrpcClientProtocolClient.java:onNext(264)) - client-B22ED198845A->f3174d56-9988-40ec-970b-d447ed545dfb: receive RaftClientReply:client-B22ED198845A->f3174d56-9988-40ec-970b-d447ed545dfb@group-47B82E5F6106, cid=1348, SUCCESS, logIndex=1895, commits[f3174d56-9988-40ec-970b-d447ed545dfb:c1895, 3e713ff3-0d17-449f-90fa-609b20cf4c10:c1891, 34290298-343f-405c-af97-b2d19041b010:c1891]
2019-09-11 09:06:27,076 [grpc-default-executor-1] INFO  client.GrpcClientProtocolClient (GrpcClientProtocolClient.java:onNext(264)) - client-B22ED198845A->f3174d56-9988-40ec-970b-d447ed545dfb: receive RaftClientReply:client-B22ED198845A->f3174d56-9988-40ec-970b-d447ed545dfb@group-47B82E5F6106, cid=1349, SUCCESS, logIndex=0, commits[f3174d56-9988-40ec-970b-d447ed545dfb:c1896, 3e713ff3-0d17-449f-90fa-609b20cf4c10:c1893, 34290298-343f-405c-af97-b2d19041b010:c1893]
2019-09-11 09:06:27,096 [grpc-default-executor-1] INFO  client.GrpcClientProtocolClient (GrpcClientProtocolClient.java:onNext(264)) - client-B22ED198845A->f3174d56-9988-40ec-970b-d447ed545dfb: receive RaftClientReply:client-B22ED198845A->f3174d56-9988-40ec-970b-d447ed545dfb@group-47B82E5F6106, cid=1350, SUCCESS, logIndex=1900, commits[f3174d56-9988-40ec-970b-d447ed545dfb:c1901, 3e713ff3-0d17-449f-90fa-609b20cf4c10:c1899, 34290298-343f-405c-af97-b2d19041b010:c1899]
2019-09-11 09:06:27,097 [grpc-default-executor-1] INFO  client.GrpcClientProtocolClient (GrpcClientProtocolClient.java:onNext(264)) - client-B22ED198845A->f3174d56-9988-40ec-970b-d447ed545dfb: receive RaftClientReply:client-B22ED198845A->f3174d56-9988-40ec-970b-d447ed545dfb@group-47B82E5F6106, cid=1351, SUCCESS, logIndex=1901, commits[f3174d56-9988-40ec-970b-d447ed545dfb:c1901, 3e713ff3-0d17-449f-90fa-609b20cf4c10:c1899, 34290298-343f-405c-af97-b2d19041b010:c1899]
2019-09-11 09:06:27,110 [grpc-default-executor-0] INFO  client.GrpcClientProtocolClient (GrpcClientProtocolClient.java:onNext(264)) - client-B22ED198845A->f3174d56-9988-40ec-970b-d447ed545dfb: receive RaftClientReply:client-B22ED198845A->f3174d56-9988-40ec-970b-d447ed545dfb@group-47B82E5F6106, cid=1352, SUCCESS, logIndex=1904, commits[f3174d56-9988-40ec-970b-d447ed545dfb:c1905, 3e713ff3-0d17-449f-90fa-609b20cf4c10:c1901, 34290298-343f-405c-af97-b2d19041b010:c1901]
2019-09-11 09:06:27,110 [grpc-default-executor-0] INFO  client.GrpcClientProtocolClient (GrpcClientProtocolClient.java:onNext(264)) - client-B22ED198845A->f3174d56-9988-40ec-970b-d447ed545dfb: receive RaftClientReply:client-B22ED198845A->f3174d56-9988-40ec-970b-d447ed545dfb@group-47B82E5F6106, cid=1353, SUCCESS, logIndex=1905, commits[f3174d56-9988-40ec-970b-d447ed545dfb:c1905, 3e713ff3-0d17-449f-90fa-609b20cf4c10:c1901, 34290298-343f-405c-af97-b2d19041b010:c1901]
2019-09-11 09:06:27,123 [grpc-default-executor-1] INFO  client.GrpcClientProtocolClient (GrpcClientProtocolClient.java:onNext(264)) - client-B22ED198845A->f3174d56-9988-40ec-970b-d447ed545dfb: receive RaftClientReply:client-B22ED198845A->f3174d56-9988-40ec-970b-d447ed545dfb@group-47B82E5F6106, cid=1354, SUCCESS, logIndex=0, commits[f3174d56-9988-40ec-970b-d447ed545dfb:c1907, 3e713ff3-0d17-449f-90fa-609b20cf4c10:c1905, 34290298-343f-405c-af97-b2d19041b010:c1905]
2019-09-11 09:06:27,150 [grpc-default-executor-2] INFO  client.GrpcClientProtocolClient (GrpcClientProtocolClient.java:onNext(264)) - client-B22ED198845A->f3174d56-9988-40ec-970b-d447ed545dfb: receive RaftClientReply:client-B22ED198845A->f3174d56-9988-40ec-970b-d447ed545dfb@group-47B82E5F6106, cid=1355, SUCCESS, logIndex=1908, commits[f3174d56-9988-40ec-970b-d447ed545dfb:c1909, 3e713ff3-0d17-449f-90fa-609b20cf4c10:c1907, 34290298-343f-405c-af97-b2d19041b010:c1907]
2019-09-11 09:06:27,151 [grpc-default-executor-2] INFO  client.GrpcClientProtocolClient (GrpcClientProtocolClient.java:onNext(264)) - client-B22ED198845A->f3174d56-9988-40ec-970b-d447ed545dfb: receive RaftClientReply:client-B22ED198845A->f3174d56-9988-40ec-970b-d447ed545dfb@group-47B82E5F6106, cid=1356, SUCCESS, logIndex=1909, commits[f3174d56-9988-40ec-970b-d447ed545dfb:c1909, 3e713ff3-0d17-449f-90fa-609b20cf4c10:c1907, 34290298-343f-405c-af97-b2d19041b010:c1907]
2019-09-11 09:06:27,162 [grpc-default-executor-2] INFO  client.GrpcClientProtocolClient (GrpcClientProtocolClient.java:onNext(264)) - client-B22ED198845A->f3174d56-9988-40ec-970b-d447ed545dfb: receive RaftClientReply:client-B22ED198845A->f3174d56-9988-40ec-970b-d447ed545dfb@group-47B82E5F6106, cid=1357, SUCCESS, logIndex=1910, commits[f3174d56-9988-40ec-970b-d447ed545dfb:c1911, 3e713ff3-0d17-449f-90fa-609b20cf4c10:c1907, 34290298-343f-405c-af97-b2d19041b010:c1907]
2019-09-11 09:06:27,162 [grpc-default-executor-2] INFO  client.GrpcClientProtocolClient (GrpcClientProtocolClient.java:onNext(264)) - client-B22ED198845A->f3174d56-9988-40ec-970b-d447ed545dfb: receive RaftClientReply:client-B22ED198845A->f3174d56-9988-40ec-970b-d447ed545dfb@group-47B82E5F6106, cid=1358, SUCCESS, logIndex=1911, commits[f3174d56-9988-40ec-970b-d447ed545dfb:c1911, 3e713ff3-0d17-449f-90fa-609b20cf4c10:c1907, 34290298-343f-405c-af97-b2d19041b010:c1907]
2019-09-11 09:06:27,165 [grpc-default-executor-2] INFO  client.GrpcClientProtocolClient (GrpcClientProtocolClient.java:onNext(264)) - client-B22ED198845A->f3174d56-9988-40ec-970b-d447ed545dfb: receive RaftClientReply:client-B22ED198845A->f3174d56-9988-40ec-970b-d447ed545dfb@group-47B82E5F6106, cid=1359, SUCCESS, logIndex=0, commits[f3174d56-9988-40ec-970b-d447ed545dfb:c1913, 3e713ff3-0d17-449f-90fa-609b20cf4c10:c1909, 34290298-343f-405c-af97-b2d19041b010:c1909]
2019-09-11 09:06:27,177 [grpc-default-executor-0] INFO  client.GrpcClientProtocolClient (GrpcClientProtocolClient.java:onNext(264)) - client-B22ED198845A->f3174d56-9988-40ec-970b-d447ed545dfb: receive RaftClientReply:client-B22ED198845A->f3174d56-9988-40ec-970b-d447ed545dfb@group-47B82E5F6106, cid=1360, SUCCESS, logIndex=1916, commits[f3174d56-9988-40ec-970b-d447ed545dfb:c1917, 3e713ff3-0d17-449f-90fa-609b20cf4c10:c1915, 34290298-343f-405c-af97-b2d19041b010:c1911]
2019-09-11 09:06:27,177 [grpc-default-executor-0] INFO  client.GrpcClientProtocolClient (GrpcClientProtocolClient.java:onNext(264)) - client-B22ED198845A->f3174d56-9988-40ec-970b-d447ed545dfb: receive RaftClientReply:client-B22ED198845A->f3174d56-9988-40ec-970b-d447ed545dfb@group-47B82E5F6106, cid=1361, SUCCESS, logIndex=1917, commits[f3174d56-9988-40ec-970b-d447ed545dfb:c1917, 3e713ff3-0d17-449f-90fa-609b20cf4c10:c1915, 34290298-343f-405c-af97-b2d19041b010:c1915]
2019-09-11 09:06:27,197 [grpc-default-executor-2] INFO  client.GrpcClientProtocolClient (GrpcClientProtocolClient.java:onNext(264)) - client-B22ED198845A->f3174d56-9988-40ec-970b-d447ed545dfb: receive RaftClientReply:client-B22ED198845A->f3174d56-9988-40ec-970b-d447ed545dfb@group-47B82E5F6106, cid=1362, SUCCESS, logIndex=1920, commits[f3174d56-9988-40ec-970b-d447ed545dfb:c1920, 3e713ff3-0d17-449f-90fa-609b20cf4c10:c1919, 34290298-343f-405c-af97-b2d19041b010:c1919]
2019-09-11 09:06:27,197 [grpc-default-executor-2] INFO  client.GrpcClientProtocolClient (GrpcClientProtocolClient.java:onNext(264)) - client-B22ED198845A->f3174d56-9988-40ec-970b-d447ed545dfb: receive RaftClientReply:client-B22ED198845A->f3174d56-9988-40ec-970b-d447ed545dfb@group-47B82E5F6106, cid=1363, SUCCESS, logIndex=1921, commits[f3174d56-9988-40ec-970b-d447ed545dfb:c1921, 3e713ff3-0d17-449f-90fa-609b20cf4c10:c1919, 34290298-343f-405c-af97-b2d19041b010:c1919]
2019-09-11 09:06:27,210 [grpc-default-executor-2] INFO  client.GrpcClientProtocolClient (GrpcClientProtocolClient.java:onNext(264)) - client-B22ED198845A->f3174d56-9988-40ec-970b-d447ed545dfb: receive RaftClientReply:client-B22ED198845A->f3174d56-9988-40ec-970b-d447ed545dfb@group-47B82E5F6106, cid=1364, SUCCESS, logIndex=0, commits[f3174d56-9988-40ec-970b-d447ed545dfb:c1923, 3e713ff3-0d17-449f-90fa-609b20cf4c10:c1921, 34290298-343f-405c-af97-b2d19041b010:c1921]
2019-09-11 09:06:27,236 [grpc-default-executor-2] INFO  client.GrpcClientProtocolClient (GrpcClientProtocolClient.java:onNext(264)) - client-B22ED198845A->f3174d56-9988-40ec-970b-d447ed545dfb: receive RaftClientReply:client-B22ED198845A->f3174d56-9988-40ec-970b-d447ed545dfb@group-47B82E5F6106, cid=1365, SUCCESS, logIndex=1924, commits[f3174d56-9988-40ec-970b-d447ed545dfb:c1926, 3e713ff3-0d17-449f-90fa-609b20cf4c10:c1923, 34290298-343f-405c-af97-b2d19041b010:c1923]
2019-09-11 09:06:27,236 [grpc-default-executor-2] INFO  client.GrpcClientProtocolClient (GrpcClientProtocolClient.java:onNext(264)) - client-B22ED198845A->f3174d56-9988-40ec-970b-d447ed545dfb: receive RaftClientReply:client-B22ED198845A->f3174d56-9988-40ec-970b-d447ed545dfb@group-47B82E5F6106, cid=1366, SUCCESS, logIndex=1925, commits[f3174d56-9988-40ec-970b-d447ed545dfb:c1927, 3e713ff3-0d17-449f-90fa-609b20cf4c10:c1923, 34290298-343f-405c-af97-b2d19041b010:c1923]
2019-09-11 09:06:27,237 [grpc-default-executor-2] INFO  client.GrpcClientProtocolClient (GrpcClientProtocolClient.java:onNext(264)) - client-B22ED198845A->f3174d56-9988-40ec-970b-d447ed545dfb: receive RaftClientReply:client-B22ED198845A->f3174d56-9988-40ec-970b-d447ed545dfb@group-47B82E5F6106, cid=1367, SUCCESS, logIndex=1926, commits[f3174d56-9988-40ec-970b-d447ed545dfb:c1927, 3e713ff3-0d17-449f-90fa-609b20cf4c10:c1923, 34290298-343f-405c-af97-b2d19041b010:c1923]
2019-09-11 09:06:27,237 [grpc-default-executor-2] INFO  client.GrpcClientProtocolClient (GrpcClientProtocolClient.java:onNext(264)) - client-B22ED198845A->f3174d56-9988-40ec-970b-d447ed545dfb: receive RaftClientReply:client-B22ED198845A->f3174d56-9988-40ec-970b-d447ed545dfb@group-47B82E5F6106, cid=1368, SUCCESS, logIndex=1927, commits[f3174d56-9988-40ec-970b-d447ed545dfb:c1927, 3e713ff3-0d17-449f-90fa-609b20cf4c10:c1923, 34290298-343f-405c-af97-b2d19041b010:c1923]
2019-09-11 09:06:27,240 [grpc-default-executor-2] INFO  client.GrpcClientProtocolClient (GrpcClientProtocolClient.java:onNext(264)) - client-B22ED198845A->f3174d56-9988-40ec-970b-d447ed545dfb: receive RaftClientReply:client-B22ED198845A->f3174d56-9988-40ec-970b-d447ed545dfb@group-47B82E5F6106, cid=1369, SUCCESS, logIndex=0, commits[f3174d56-9988-40ec-970b-d447ed545dfb:c1930, 3e713ff3-0d17-449f-90fa-609b20cf4c10:c1925, 34290298-343f-405c-af97-b2d19041b010:c1926]
2019-09-11 09:06:27,250 [grpc-default-executor-2] INFO  client.GrpcClientProtocolClient (GrpcClientProtocolClient.java:onNext(264)) - client-B22ED198845A->f3174d56-9988-40ec-970b-d447ed545dfb: receive RaftClientReply:client-B22ED198845A->f3174d56-9988-40ec-970b-d447ed545dfb@group-47B82E5F6106, cid=1370, SUCCESS, logIndex=1932, commits[f3174d56-9988-40ec-970b-d447ed545dfb:c1933, 3e713ff3-0d17-449f-90fa-609b20cf4c10:c1931, 34290298-343f-405c-af97-b2d19041b010:c1927]
2019-09-11 09:06:27,250 [grpc-default-executor-0] INFO  client.GrpcClientProtocolClient (GrpcClientProtocolClient.java:onNext(264)) - client-B22ED198845A->f3174d56-9988-40ec-970b-d447ed545dfb: receive RaftClientReply:client-B22ED198845A->f3174d56-9988-40ec-970b-d447ed545dfb@group-47B82E5F6106, cid=1371, SUCCESS, logIndex=1933, commits[f3174d56-9988-40ec-970b-d447ed545dfb:c1933, 3e713ff3-0d17-449f-90fa-609b20cf4c10:c1931, 34290298-343f-405c-af97-b2d19041b010:c1931]
2019-09-11 09:06:27,260 [grpc-default-executor-2] INFO  client.GrpcClientProtocolClient (GrpcClientProtocolClient.java:onNext(264)) - client-B22ED198845A->f3174d56-9988-40ec-970b-d447ed545dfb: receive RaftClientReply:client-B22ED198845A->f3174d56-9988-40ec-970b-d447ed545dfb@group-47B82E5F6106, cid=1372, SUCCESS, logIndex=1936, commits[f3174d56-9988-40ec-970b-d447ed545dfb:c1937, 3e713ff3-0d17-449f-90fa-609b20cf4c10:c1935, 34290298-343f-405c-af97-b2d19041b010:c1933]
2019-09-11 09:06:27,260 [grpc-default-executor-2] INFO  client.GrpcClientProtocolClient (GrpcClientProtocolClient.java:onNext(264)) - client-B22ED198845A->f3174d56-9988-40ec-970b-d447ed545dfb: receive RaftClientReply:client-B22ED198845A->f3174d56-9988-40ec-970b-d447ed545dfb@group-47B82E5F6106, cid=1373, SUCCESS, logIndex=1937, commits[f3174d56-9988-40ec-970b-d447ed545dfb:c1937, 3e713ff3-0d17-449f-90fa-609b20cf4c10:c1935, 34290298-343f-405c-af97-b2d19041b010:c1933]
2019-09-11 09:06:27,262 [grpc-default-executor-2] INFO  client.GrpcClientProtocolClient (GrpcClientProtocolClient.java:onNext(264)) - client-B22ED198845A->f3174d56-9988-40ec-970b-d447ed545dfb: receive RaftClientReply:client-B22ED198845A->f3174d56-9988-40ec-970b-d447ed545dfb@group-47B82E5F6106, cid=1374, SUCCESS, logIndex=0, commits[f3174d56-9988-40ec-970b-d447ed545dfb:c1938, 3e713ff3-0d17-449f-90fa-609b20cf4c10:c1937, 34290298-343f-405c-af97-b2d19041b010:c1937]
2019-09-11 09:06:27,278 [grpc-default-executor-2] INFO  client.GrpcClientProtocolClient (GrpcClientProtocolClient.java:onNext(264)) - client-B22ED198845A->f3174d56-9988-40ec-970b-d447ed545dfb: receive RaftClientReply:client-B22ED198845A->f3174d56-9988-40ec-970b-d447ed545dfb@group-47B82E5F6106, cid=1375, SUCCESS, logIndex=1940, commits[f3174d56-9988-40ec-970b-d447ed545dfb:c1941, 3e713ff3-0d17-449f-90fa-609b20cf4c10:c1939, 34290298-343f-405c-af97-b2d19041b010:c1937]
2019-09-11 09:06:27,281 [grpc-default-executor-2] INFO  client.GrpcClientProtocolClient (GrpcClientProtocolClient.java:onNext(264)) - client-B22ED198845A->f3174d56-9988-40ec-970b-d447ed545dfb: receive RaftClientReply:client-B22ED198845A->f3174d56-9988-40ec-970b-d447ed545dfb@group-47B82E5F6106, cid=1376, SUCCESS, logIndex=1941, commits[f3174d56-9988-40ec-970b-d447ed545dfb:c1941, 3e713ff3-0d17-449f-90fa-609b20cf4c10:c1939, 34290298-343f-405c-af97-b2d19041b010:c1937]
2019-09-11 09:06:27,282 [grpc-default-executor-0] INFO  client.GrpcClientProtocolClient (GrpcClientProtocolClient.java:onNext(264)) - client-B22ED198845A->f3174d56-9988-40ec-970b-d447ed545dfb: receive RaftClientReply:client-B22ED198845A->f3174d56-9988-40ec-970b-d447ed545dfb@group-47B82E5F6106, cid=1377, SUCCESS, logIndex=1942, commits[f3174d56-9988-40ec-970b-d447ed545dfb:c1943, 3e713ff3-0d17-449f-90fa-609b20cf4c10:c1939, 34290298-343f-405c-af97-b2d19041b010:c1939]
2019-09-11 09:06:27,283 [grpc-default-executor-0] INFO  client.GrpcClientProtocolClient (GrpcClientProtocolClient.java:onNext(264)) - client-B22ED198845A->f3174d56-9988-40ec-970b-d447ed545dfb: receive RaftClientReply:client-B22ED198845A->f3174d56-9988-40ec-970b-d447ed545dfb@group-47B82E5F6106, cid=1378, SUCCESS, logIndex=1943, commits[f3174d56-9988-40ec-970b-d447ed545dfb:c1943, 3e713ff3-0d17-449f-90fa-609b20cf4c10:c1941, 34290298-343f-405c-af97-b2d19041b010:c1939]
2019-09-11 09:06:27,284 [grpc-default-executor-0] INFO  client.GrpcClientProtocolClient (GrpcClientProtocolClient.java:onNext(264)) - client-B22ED198845A->f3174d56-9988-40ec-970b-d447ed545dfb: receive RaftClientReply:client-B22ED198845A->f3174d56-9988-40ec-970b-d447ed545dfb@group-47B82E5F6106, cid=1379, SUCCESS, logIndex=0, commits[f3174d56-9988-40ec-970b-d447ed545dfb:c1945, 3e713ff3-0d17-449f-90fa-609b20cf4c10:c1941, 34290298-343f-405c-af97-b2d19041b010:c1941]
2019-09-11 09:06:27,295 [grpc-default-executor-0] INFO  client.GrpcClientProtocolClient (GrpcClientProtocolClient.java:onNext(264)) - client-B22ED198845A->f3174d56-9988-40ec-970b-d447ed545dfb: receive RaftClientReply:client-B22ED198845A->f3174d56-9988-40ec-970b-d447ed545dfb@group-47B82E5F6106, cid=1380, SUCCESS, logIndex=1948, commits[f3174d56-9988-40ec-970b-d447ed545dfb:c1949, 3e713ff3-0d17-449f-90fa-609b20cf4c10:c1943, 34290298-343f-405c-af97-b2d19041b010:c1947]
2019-09-11 09:06:27,296 [grpc-default-executor-0] INFO  client.GrpcClientProtocolClient (GrpcClientProtocolClient.java:onNext(264)) - client-B22ED198845A->f3174d56-9988-40ec-970b-d447ed545dfb: receive RaftClientReply:client-B22ED198845A->f3174d56-9988-40ec-970b-d447ed545dfb@group-47B82E5F6106, cid=1381, SUCCESS, logIndex=1949, commits[f3174d56-9988-40ec-970b-d447ed545dfb:c1949, 3e713ff3-0d17-449f-90fa-609b20cf4c10:c1947, 34290298-343f-405c-af97-b2d19041b010:c1947]
2019-09-11 09:06:27,322 [grpc-default-executor-1] INFO  client.GrpcClientProtocolClient (GrpcClientProtocolClient.java:onNext(264)) - client-B22ED198845A->f3174d56-9988-40ec-970b-d447ed545dfb: receive RaftClientReply:client-B22ED198845A->f3174d56-9988-40ec-970b-d447ed545dfb@group-47B82E5F6106, cid=1382, SUCCESS, logIndex=1952, commits[f3174d56-9988-40ec-970b-d447ed545dfb:c1953, 3e713ff3-0d17-449f-90fa-609b20cf4c10:c1951, 34290298-343f-405c-af97-b2d19041b010:c1949]
2019-09-11 09:06:27,322 [grpc-default-executor-1] INFO  client.GrpcClientProtocolClient (GrpcClientProtocolClient.java:onNext(264)) - client-B22ED198845A->f3174d56-9988-40ec-970b-d447ed545dfb: receive RaftClientReply:client-B22ED198845A->f3174d56-9988-40ec-970b-d447ed545dfb@group-47B82E5F6106, cid=1383, SUCCESS, logIndex=1953, commits[f3174d56-9988-40ec-970b-d447ed545dfb:c1953, 3e713ff3-0d17-449f-90fa-609b20cf4c10:c1951, 34290298-343f-405c-af97-b2d19041b010:c1951]
2019-09-11 09:06:27,324 [grpc-default-executor-2] INFO  client.GrpcClientProtocolClient (GrpcClientProtocolClient.java:onNext(264)) - client-B22ED198845A->f3174d56-9988-40ec-970b-d447ed545dfb: receive RaftClientReply:client-B22ED198845A->f3174d56-9988-40ec-970b-d447ed545dfb@group-47B82E5F6106, cid=1384, SUCCESS, logIndex=0, commits[f3174d56-9988-40ec-970b-d447ed545dfb:c1954, 3e713ff3-0d17-449f-90fa-609b20cf4c10:c1953, 34290298-343f-405c-af97-b2d19041b010:c1953]
2019-09-11 09:06:27,360 [grpc-default-executor-2] INFO  client.GrpcClientProtocolClient (GrpcClientProtocolClient.java:onNext(264)) - client-B22ED198845A->f3174d56-9988-40ec-970b-d447ed545dfb: receive RaftClientReply:client-B22ED198845A->f3174d56-9988-40ec-970b-d447ed545dfb@group-47B82E5F6106, cid=1385, SUCCESS, logIndex=1956, commits[f3174d56-9988-40ec-970b-d447ed545dfb:c1956, 3e713ff3-0d17-449f-90fa-609b20cf4c10:c1955, 34290298-343f-405c-af97-b2d19041b010:c1955]
2019-09-11 09:06:27,361 [grpc-default-executor-2] INFO  client.GrpcClientProtocolClient (GrpcClientProtocolClient.java:onNext(264)) - client-B22ED198845A->f3174d56-9988-40ec-970b-d447ed545dfb: receive RaftClientReply:client-B22ED198845A->f3174d56-9988-40ec-970b-d447ed545dfb@group-47B82E5F6106, cid=1386, SUCCESS, logIndex=1957, commits[f3174d56-9988-40ec-970b-d447ed545dfb:c1957, 3e713ff3-0d17-449f-90fa-609b20cf4c10:c1955, 34290298-343f-405c-af97-b2d19041b010:c1955]
2019-09-11 09:06:27,361 [grpc-default-executor-2] INFO  client.GrpcClientProtocolClient (GrpcClientProtocolClient.java:onNext(264)) - client-B22ED198845A->f3174d56-9988-40ec-970b-d447ed545dfb: receive RaftClientReply:client-B22ED198845A->f3174d56-9988-40ec-970b-d447ed545dfb@group-47B82E5F6106, cid=1387, SUCCESS, logIndex=1958, commits[f3174d56-9988-40ec-970b-d447ed545dfb:c1959, 3e713ff3-0d17-449f-90fa-609b20cf4c10:c1955, 34290298-343f-405c-af97-b2d19041b010:c1955]
2019-09-11 09:06:27,362 [grpc-default-executor-2] INFO  client.GrpcClientProtocolClient (GrpcClientProtocolClient.java:onNext(264)) - client-B22ED198845A->f3174d56-9988-40ec-970b-d447ed545dfb: receive RaftClientReply:client-B22ED198845A->f3174d56-9988-40ec-970b-d447ed545dfb@group-47B82E5F6106, cid=1388, SUCCESS, logIndex=1959, commits[f3174d56-9988-40ec-970b-d447ed545dfb:c1959, 3e713ff3-0d17-449f-90fa-609b20cf4c10:c1955, 34290298-343f-405c-af97-b2d19041b010:c1955]
2019-09-11 09:06:27,363 [grpc-default-executor-0] INFO  client.GrpcClientProtocolClient (GrpcClientProtocolClient.java:onNext(264)) - client-B22ED198845A->f3174d56-9988-40ec-970b-d447ed545dfb: receive RaftClientReply:client-B22ED198845A->f3174d56-9988-40ec-970b-d447ed545dfb@group-47B82E5F6106, cid=1389, SUCCESS, logIndex=0, commits[f3174d56-9988-40ec-970b-d447ed545dfb:c1961, 3e713ff3-0d17-449f-90fa-609b20cf4c10:c1957, 34290298-343f-405c-af97-b2d19041b010:c1957]
2019-09-11 09:06:27,382 [grpc-default-executor-1] INFO  client.GrpcClientProtocolClient (GrpcClientProtocolClient.java:onNext(264)) - client-B22ED198845A->f3174d56-9988-40ec-970b-d447ed545dfb: receive RaftClientReply:client-B22ED198845A->f3174d56-9988-40ec-970b-d447ed545dfb@group-47B82E5F6106, cid=1390, SUCCESS, logIndex=1963, commits[f3174d56-9988-40ec-970b-d447ed545dfb:c1964, 3e713ff3-0d17-449f-90fa-609b20cf4c10:c1962, 34290298-343f-405c-af97-b2d19041b010:c1962]
2019-09-11 09:06:27,383 [grpc-default-executor-1] INFO  client.GrpcClientProtocolClient (GrpcClientProtocolClient.java:onNext(264)) - client-B22ED198845A->f3174d56-9988-40ec-970b-d447ed545dfb: receive RaftClientReply:client-B22ED198845A->f3174d56-9988-40ec-970b-d447ed545dfb@group-47B82E5F6106, cid=1391, SUCCESS, logIndex=1964, commits[f3174d56-9988-40ec-970b-d447ed545dfb:c1964, 3e713ff3-0d17-449f-90fa-609b20cf4c10:c1962, 34290298-343f-405c-af97-b2d19041b010:c1962]
2019-09-11 09:06:27,396 [grpc-default-executor-2] INFO  client.GrpcClientProtocolClient (GrpcClientProtocolClient.java:onNext(264)) - client-B22ED198845A->f3174d56-9988-40ec-970b-d447ed545dfb: receive RaftClientReply:client-B22ED198845A->f3174d56-9988-40ec-970b-d447ed545dfb@group-47B82E5F6106, cid=1392, SUCCESS, logIndex=1967, commits[f3174d56-9988-40ec-970b-d447ed545dfb:c1968, 3e713ff3-0d17-449f-90fa-609b20cf4c10:c1964, 34290298-343f-405c-af97-b2d19041b010:c1964]
2019-09-11 09:06:27,396 [grpc-default-executor-2] INFO  client.GrpcClientProtocolClient (GrpcClientProtocolClient.java:onNext(264)) - client-B22ED198845A->f3174d56-9988-40ec-970b-d447ed545dfb: receive RaftClientReply:client-B22ED198845A->f3174d56-9988-40ec-970b-d447ed545dfb@group-47B82E5F6106, cid=1393, SUCCESS, logIndex=1968, commits[f3174d56-9988-40ec-970b-d447ed545dfb:c1968, 3e713ff3-0d17-449f-90fa-609b20cf4c10:c1964, 34290298-343f-405c-af97-b2d19041b010:c1964]
2019-09-11 09:06:27,410 [grpc-default-executor-0] INFO  client.GrpcClientProtocolClient (GrpcClientProtocolClient.java:onNext(264)) - client-B22ED198845A->f3174d56-9988-40ec-970b-d447ed545dfb: receive RaftClientReply:client-B22ED198845A->f3174d56-9988-40ec-970b-d447ed545dfb@group-47B82E5F6106, cid=1394, SUCCESS, logIndex=0, commits[f3174d56-9988-40ec-970b-d447ed545dfb:c1970, 3e713ff3-0d17-449f-90fa-609b20cf4c10:c1968, 34290298-343f-405c-af97-b2d19041b010:c1968]
2019-09-11 09:06:27,443 [grpc-default-executor-1] INFO  client.GrpcClientProtocolClient (GrpcClientProtocolClient.java:onNext(264)) - client-B22ED198845A->f3174d56-9988-40ec-970b-d447ed545dfb: receive RaftClientReply:client-B22ED198845A->f3174d56-9988-40ec-970b-d447ed545dfb@group-47B82E5F6106, cid=1395, SUCCESS, logIndex=1971, commits[f3174d56-9988-40ec-970b-d447ed545dfb:c1972, 3e713ff3-0d17-449f-90fa-609b20cf4c10:c1970, 34290298-343f-405c-af97-b2d19041b010:c1970]
2019-09-11 09:06:27,443 [grpc-default-executor-1] INFO  client.GrpcClientProtocolClient (GrpcClientProtocolClient.java:onNext(264)) - client-B22ED198845A->f3174d56-9988-40ec-970b-d447ed545dfb: receive RaftClientReply:client-B22ED198845A->f3174d56-9988-40ec-970b-d447ed545dfb@group-47B82E5F6106, cid=1396, SUCCESS, logIndex=1972, commits[f3174d56-9988-40ec-970b-d447ed545dfb:c1972, 3e713ff3-0d17-449f-90fa-609b20cf4c10:c1970, 34290298-343f-405c-af97-b2d19041b010:c1970]
2019-09-11 09:06:27,444 [grpc-default-executor-1] INFO  client.GrpcClientProtocolClient (GrpcClientProtocolClient.java:onNext(264)) - client-B22ED198845A->f3174d56-9988-40ec-970b-d447ed545dfb: receive RaftClientReply:client-B22ED198845A->f3174d56-9988-40ec-970b-d447ed545dfb@group-47B82E5F6106, cid=1397, SUCCESS, logIndex=1973, commits[f3174d56-9988-40ec-970b-d447ed545dfb:c1974, 3e713ff3-0d17-449f-90fa-609b20cf4c10:c1970, 34290298-343f-405c-af97-b2d19041b010:c1970]
2019-09-11 09:06:27,444 [grpc-default-executor-1] INFO  client.GrpcClientProtocolClient (GrpcClientProtocolClient.java:onNext(264)) - client-B22ED198845A->f3174d56-9988-40ec-970b-d447ed545dfb: receive RaftClientReply:client-B22ED198845A->f3174d56-9988-40ec-970b-d447ed545dfb@group-47B82E5F6106, cid=1398, SUCCESS, logIndex=1974, commits[f3174d56-9988-40ec-970b-d447ed545dfb:c1974, 3e713ff3-0d17-449f-90fa-609b20cf4c10:c1970, 34290298-343f-405c-af97-b2d19041b010:c1970]
2019-09-11 09:06:27,457 [grpc-default-executor-1] INFO  client.GrpcClientProtocolClient (GrpcClientProtocolClient.java:onNext(264)) - client-B22ED198845A->f3174d56-9988-40ec-970b-d447ed545dfb: receive RaftClientReply:client-B22ED198845A->f3174d56-9988-40ec-970b-d447ed545dfb@group-47B82E5F6106, cid=1399, SUCCESS, logIndex=0, commits[f3174d56-9988-40ec-970b-d447ed545dfb:c1976, 3e713ff3-0d17-449f-90fa-609b20cf4c10:c1972, 34290298-343f-405c-af97-b2d19041b010:c1972]
2019-09-11 09:06:27,476 [grpc-default-executor-1] INFO  client.GrpcClientProtocolClient (GrpcClientProtocolClient.java:onNext(264)) - client-B22ED198845A->f3174d56-9988-40ec-970b-d447ed545dfb: receive RaftClientReply:client-B22ED198845A->f3174d56-9988-40ec-970b-d447ed545dfb@group-47B82E5F6106, cid=1400, SUCCESS, logIndex=1979, commits[f3174d56-9988-40ec-970b-d447ed545dfb:c1979, 3e713ff3-0d17-449f-90fa-609b20cf4c10:c1978, 34290298-343f-405c-af97-b2d19041b010:c1978]
2019-09-11 09:06:27,477 [grpc-default-executor-1] INFO  client.GrpcClientProtocolClient (GrpcClientProtocolClient.java:onNext(264)) - client-B22ED198845A->f3174d56-9988-40ec-970b-d447ed545dfb: receive RaftClientReply:client-B22ED198845A->f3174d56-9988-40ec-970b-d447ed545dfb@group-47B82E5F6106, cid=1401, SUCCESS, logIndex=1980, commits[f3174d56-9988-40ec-970b-d447ed545dfb:c1980, 3e713ff3-0d17-449f-90fa-609b20cf4c10:c1978, 34290298-343f-405c-af97-b2d19041b010:c1978]
2019-09-11 09:06:27,495 [grpc-default-executor-4] INFO  client.GrpcClientProtocolClient (GrpcClientProtocolClient.java:onNext(264)) - client-B22ED198845A->f3174d56-9988-40ec-970b-d447ed545dfb: receive RaftClientReply:client-B22ED198845A->f3174d56-9988-40ec-970b-d447ed545dfb@group-47B82E5F6106, cid=1402, SUCCESS, logIndex=1983, commits[f3174d56-9988-40ec-970b-d447ed545dfb:c1984, 3e713ff3-0d17-449f-90fa-609b20cf4c10:c1980, 34290298-343f-405c-af97-b2d19041b010:c1980]
2019-09-11 09:06:27,495 [grpc-default-executor-4] INFO  client.GrpcClientProtocolClient (GrpcClientProtocolClient.java:onNext(264)) - client-B22ED198845A->f3174d56-9988-40ec-970b-d447ed545dfb: receive RaftClientReply:client-B22ED198845A->f3174d56-9988-40ec-970b-d447ed545dfb@group-47B82E5F6106, cid=1403, SUCCESS, logIndex=1984, commits[f3174d56-9988-40ec-970b-d447ed545dfb:c1984, 3e713ff3-0d17-449f-90fa-609b20cf4c10:c1980, 34290298-343f-405c-af97-b2d19041b010:c1980]
2019-09-11 09:06:27,507 [grpc-default-executor-4] INFO  client.GrpcClientProtocolClient (GrpcClientProtocolClient.java:onNext(264)) - client-B22ED198845A->f3174d56-9988-40ec-970b-d447ed545dfb: receive RaftClientReply:client-B22ED198845A->f3174d56-9988-40ec-970b-d447ed545dfb@group-47B82E5F6106, cid=1404, SUCCESS, logIndex=0, commits[f3174d56-9988-40ec-970b-d447ed545dfb:c1985, 3e713ff3-0d17-449f-90fa-609b20cf4c10:c1984, 34290298-343f-405c-af97-b2d19041b010:c1984]
 0.00% |█                                                                                                    |  0/1 Time: 0:00:072019-09-11 09:06:27,535 [grpc-default-executor-4] INFO  client.GrpcClientProtocolClient (GrpcClientProtocolClient.java:onNext(264)) - client-B22ED198845A->f3174d56-9988-40ec-970b-d447ed545dfb: receive RaftClientReply:client-B22ED198845A->f3174d56-9988-40ec-970b-d447ed545dfb@group-47B82E5F6106, cid=1405, SUCCESS, logIndex=1987, commits[f3174d56-9988-40ec-970b-d447ed545dfb:c1988, 3e713ff3-0d17-449f-90fa-609b20cf4c10:c1986, 34290298-343f-405c-af97-b2d19041b010:c1984]
2019-09-11 09:06:27,536 [grpc-default-executor-4] INFO  client.GrpcClientProtocolClient (GrpcClientProtocolClient.java:onNext(264)) - client-B22ED198845A->f3174d56-9988-40ec-970b-d447ed545dfb: receive RaftClientReply:client-B22ED198845A->f3174d56-9988-40ec-970b-d447ed545dfb@group-47B82E5F6106, cid=1406, SUCCESS, logIndex=1988, commits[f3174d56-9988-40ec-970b-d447ed545dfb:c1988, 3e713ff3-0d17-449f-90fa-609b20cf4c10:c1986, 34290298-343f-405c-af97-b2d19041b010:c1986]
2019-09-11 09:06:27,536 [grpc-default-executor-4] INFO  client.GrpcClientProtocolClient (GrpcClientProtocolClient.java:onNext(264)) - client-B22ED198845A->f3174d56-9988-40ec-970b-d447ed545dfb: receive RaftClientReply:client-B22ED198845A->f3174d56-9988-40ec-970b-d447ed545dfb@group-47B82E5F6106, cid=1407, SUCCESS, logIndex=1989, commits[f3174d56-9988-40ec-970b-d447ed545dfb:c1990, 3e713ff3-0d17-449f-90fa-609b20cf4c10:c1986, 34290298-343f-405c-af97-b2d19041b010:c1986]
2019-09-11 09:06:27,536 [grpc-default-executor-4] INFO  client.GrpcClientProtocolClient (GrpcClientProtocolClient.java:onNext(264)) - client-B22ED198845A->f3174d56-9988-40ec-970b-d447ed545dfb: receive RaftClientReply:client-B22ED198845A->f3174d56-9988-40ec-970b-d447ed545dfb@group-47B82E5F6106, cid=1408, SUCCESS, logIndex=1990, commits[f3174d56-9988-40ec-970b-d447ed545dfb:c1990, 3e713ff3-0d17-449f-90fa-609b20cf4c10:c1986, 34290298-343f-405c-af97-b2d19041b010:c1986]
2019-09-11 09:06:27,540 [grpc-default-executor-4] INFO  client.GrpcClientProtocolClient (GrpcClientProtocolClient.java:onNext(264)) - client-B22ED198845A->f3174d56-9988-40ec-970b-d447ed545dfb: receive RaftClientReply:client-B22ED198845A->f3174d56-9988-40ec-970b-d447ed545dfb@group-47B82E5F6106, cid=1409, SUCCESS, logIndex=0, commits[f3174d56-9988-40ec-970b-d447ed545dfb:c1992, 3e713ff3-0d17-449f-90fa-609b20cf4c10:c1988, 34290298-343f-405c-af97-b2d19041b010:c1988]
2019-09-11 09:06:27,552 [grpc-default-executor-4] INFO  client.GrpcClientProtocolClient (GrpcClientProtocolClient.java:onNext(264)) - client-B22ED198845A->f3174d56-9988-40ec-970b-d447ed545dfb: receive RaftClientReply:client-B22ED198845A->f3174d56-9988-40ec-970b-d447ed545dfb@group-47B82E5F6106, cid=1410, SUCCESS, logIndex=1995, commits[f3174d56-9988-40ec-970b-d447ed545dfb:c1996, 3e713ff3-0d17-449f-90fa-609b20cf4c10:c1990, 34290298-343f-405c-af97-b2d19041b010:c1994]
2019-09-11 09:06:27,552 [grpc-default-executor-4] INFO  client.GrpcClientProtocolClient (GrpcClientProtocolClient.java:onNext(264)) - client-B22ED198845A->f3174d56-9988-40ec-970b-d447ed545dfb: receive RaftClientReply:client-B22ED198845A->f3174d56-9988-40ec-970b-d447ed545dfb@group-47B82E5F6106, cid=1411, SUCCESS, logIndex=1996, commits[f3174d56-9988-40ec-970b-d447ed545dfb:c1996, 3e713ff3-0d17-449f-90fa-609b20cf4c10:c1994, 34290298-343f-405c-af97-b2d19041b010:c1994]
2019-09-11 09:06:27,574 [grpc-default-executor-4] INFO  client.GrpcClientProtocolClient (GrpcClientProtocolClient.java:onNext(264)) - client-B22ED198845A->f3174d56-9988-40ec-970b-d447ed545dfb: receive RaftClientReply:client-B22ED198845A->f3174d56-9988-40ec-970b-d447ed545dfb@group-47B82E5F6106, cid=1412, SUCCESS, logIndex=1999, commits[f3174d56-9988-40ec-970b-d447ed545dfb:c2000, 3e713ff3-0d17-449f-90fa-609b20cf4c10:c1998, 34290298-343f-405c-af97-b2d19041b010:c1998]
2019-09-11 09:06:27,575 [grpc-default-executor-4] INFO  client.GrpcClientProtocolClient (GrpcClientProtocolClient.java:onNext(264)) - client-B22ED198845A->f3174d56-9988-40ec-970b-d447ed545dfb: receive RaftClientReply:client-B22ED198845A->f3174d56-9988-40ec-970b-d447ed545dfb@group-47B82E5F6106, cid=1413, SUCCESS, logIndex=2000, commits[f3174d56-9988-40ec-970b-d447ed545dfb:c2000, 3e713ff3-0d17-449f-90fa-609b20cf4c10:c1998, 34290298-343f-405c-af97-b2d19041b010:c1998]
2019-09-11 09:06:27,581 [grpc-default-executor-4] INFO  client.GrpcClientProtocolClient (GrpcClientProtocolClient.java:onNext(264)) - client-B22ED198845A->f3174d56-9988-40ec-970b-d447ed545dfb: receive RaftClientReply:client-B22ED198845A->f3174d56-9988-40ec-970b-d447ed545dfb@group-47B82E5F6106, cid=1414, SUCCESS, logIndex=0, commits[f3174d56-9988-40ec-970b-d447ed545dfb:c2001, 3e713ff3-0d17-449f-90fa-609b20cf4c10:c2000, 34290298-343f-405c-af97-b2d19041b010:c2000]
2019-09-11 09:06:27,611 [grpc-default-executor-4] INFO  client.GrpcClientProtocolClient (GrpcClientProtocolClient.java:onNext(264)) - client-B22ED198845A->f3174d56-9988-40ec-970b-d447ed545dfb: receive RaftClientReply:client-B22ED198845A->f3174d56-9988-40ec-970b-d447ed545dfb@group-47B82E5F6106, cid=1415, SUCCESS, logIndex=2003, commits[f3174d56-9988-40ec-970b-d447ed545dfb:c2004, 3e713ff3-0d17-449f-90fa-609b20cf4c10:c2002, 34290298-343f-405c-af97-b2d19041b010:c2002]
2019-09-11 09:06:27,611 [grpc-default-executor-4] INFO  client.GrpcClientProtocolClient (GrpcClientProtocolClient.java:onNext(264)) - client-B22ED198845A->f3174d56-9988-40ec-970b-d447ed545dfb: receive RaftClientReply:client-B22ED198845A->f3174d56-9988-40ec-970b-d447ed545dfb@group-47B82E5F6106, cid=1416, SUCCESS, logIndex=2004, commits[f3174d56-9988-40ec-970b-d447ed545dfb:c2004, 3e713ff3-0d17-449f-90fa-609b20cf4c10:c2002, 34290298-343f-405c-af97-b2d19041b010:c2002]
2019-09-11 09:06:27,781 [grpc-default-executor-4] INFO  client.GrpcClientProtocolClient (GrpcClientProtocolClient.java:onNext(264)) - client-B22ED198845A->f3174d56-9988-40ec-970b-d447ed545dfb: receive RaftClientReply:client-B22ED198845A->f3174d56-9988-40ec-970b-d447ed545dfb@group-47B82E5F6106, cid=1417, SUCCESS, logIndex=2005, commits[f3174d56-9988-40ec-970b-d447ed545dfb:c2006, 3e713ff3-0d17-449f-90fa-609b20cf4c10:c2002, 34290298-343f-405c-af97-b2d19041b010:c2002]
2019-09-11 09:06:27,781 [grpc-default-executor-2] INFO  client.GrpcClientProtocolClient (GrpcClientProtocolClient.java:onNext(264)) - client-B22ED198845A->f3174d56-9988-40ec-970b-d447ed545dfb: receive RaftClientReply:client-B22ED198845A->f3174d56-9988-40ec-970b-d447ed545dfb@group-47B82E5F6106, cid=1418, SUCCESS, logIndex=2006, commits[f3174d56-9988-40ec-970b-d447ed545dfb:c2006, 3e713ff3-0d17-449f-90fa-609b20cf4c10:c2002, 34290298-343f-405c-af97-b2d19041b010:c2002]
2019-09-11 09:06:27,792 [grpc-default-executor-2] INFO  client.GrpcClientProtocolClient (GrpcClientProtocolClient.java:onNext(264)) - client-B22ED198845A->f3174d56-9988-40ec-970b-d447ed545dfb: receive RaftClientReply:client-B22ED198845A->f3174d56-9988-40ec-970b-d447ed545dfb@group-47B82E5F6106, cid=1419, SUCCESS, logIndex=0, commits[f3174d56-9988-40ec-970b-d447ed545dfb:c2008, 3e713ff3-0d17-449f-90fa-609b20cf4c10:c2004, 34290298-343f-405c-af97-b2d19041b010:c2004]
2019-09-11 09:06:27,814 [grpc-default-executor-4] INFO  client.GrpcClientProtocolClient (GrpcClientProtocolClient.java:onNext(264)) - client-B22ED198845A->f3174d56-9988-40ec-970b-d447ed545dfb: receive RaftClientReply:client-B22ED198845A->f3174d56-9988-40ec-970b-d447ed545dfb@group-47B82E5F6106, cid=1420, SUCCESS, logIndex=2011, commits[f3174d56-9988-40ec-970b-d447ed545dfb:c2012, 3e713ff3-0d17-449f-90fa-609b20cf4c10:c2010, 34290298-343f-405c-af97-b2d19041b010:c2010]
2019-09-11 09:06:27,815 [grpc-default-executor-4] INFO  client.GrpcClientProtocolClient (GrpcClientProtocolClient.java:onNext(264)) - client-B22ED198845A->f3174d56-9988-40ec-970b-d447ed545dfb: receive RaftClientReply:client-B22ED198845A->f3174d56-9988-40ec-970b-d447ed545dfb@group-47B82E5F6106, cid=1421, SUCCESS, logIndex=2012, commits[f3174d56-9988-40ec-970b-d447ed545dfb:c2012, 3e713ff3-0d17-449f-90fa-609b20cf4c10:c2010, 34290298-343f-405c-af97-b2d19041b010:c2010]
2019-09-11 09:06:27,834 [grpc-default-executor-4] INFO  client.GrpcClientProtocolClient (GrpcClientProtocolClient.java:onNext(264)) - client-B22ED198845A->f3174d56-9988-40ec-970b-d447ed545dfb: receive RaftClientReply:client-B22ED198845A->f3174d56-9988-40ec-970b-d447ed545dfb@group-47B82E5F6106, cid=1422, SUCCESS, logIndex=2015, commits[f3174d56-9988-40ec-970b-d447ed545dfb:c2016, 3e713ff3-0d17-449f-90fa-609b20cf4c10:c2012, 34290298-343f-405c-af97-b2d19041b010:c2012]
2019-09-11 09:06:27,835 [grpc-default-executor-4] INFO  client.GrpcClientProtocolClient (GrpcClientProtocolClient.java:onNext(264)) - client-B22ED198845A->f3174d56-9988-40ec-970b-d447ed545dfb: receive RaftClientReply:client-B22ED198845A->f3174d56-9988-40ec-970b-d447ed545dfb@group-47B82E5F6106, cid=1423, SUCCESS, logIndex=2016, commits[f3174d56-9988-40ec-970b-d447ed545dfb:c2016, 3e713ff3-0d17-449f-90fa-609b20cf4c10:c2012, 34290298-343f-405c-af97-b2d19041b010:c2012]
2019-09-11 09:06:27,846 [grpc-default-executor-4] INFO  client.GrpcClientProtocolClient (GrpcClientProtocolClient.java:onNext(264)) - client-B22ED198845A->f3174d56-9988-40ec-970b-d447ed545dfb: receive RaftClientReply:client-B22ED198845A->f3174d56-9988-40ec-970b-d447ed545dfb@group-47B82E5F6106, cid=1424, SUCCESS, logIndex=0, commits[f3174d56-9988-40ec-970b-d447ed545dfb:c2016, 3e713ff3-0d17-449f-90fa-609b20cf4c10:c2016, 34290298-343f-405c-af97-b2d19041b010:c2016]
2019-09-11 09:06:27,874 [grpc-default-executor-0] INFO  client.GrpcClientProtocolClient (GrpcClientProtocolClient.java:onNext(264)) - client-B22ED198845A->f3174d56-9988-40ec-970b-d447ed545dfb: receive RaftClientReply:client-B22ED198845A->f3174d56-9988-40ec-970b-d447ed545dfb@group-47B82E5F6106, cid=1425, SUCCESS, logIndex=2018, commits[f3174d56-9988-40ec-970b-d447ed545dfb:c2019, 3e713ff3-0d17-449f-90fa-609b20cf4c10:c2017, 34290298-343f-405c-af97-b2d19041b010:c2017]
2019-09-11 09:06:27,875 [grpc-default-executor-0] INFO  client.GrpcClientProtocolClient (GrpcClientProtocolClient.java:onNext(264)) - client-B22ED198845A->f3174d56-9988-40ec-970b-d447ed545dfb: receive RaftClientReply:client-B22ED198845A->f3174d56-9988-40ec-970b-d447ed545dfb@group-47B82E5F6106, cid=1426, SUCCESS, logIndex=2019, commits[f3174d56-9988-40ec-970b-d447ed545dfb:c2019, 3e713ff3-0d17-449f-90fa-609b20cf4c10:c2017, 34290298-343f-405c-af97-b2d19041b010:c2017]
2019-09-11 09:06:27,875 [grpc-default-executor-0] INFO  client.GrpcClientProtocolClient (GrpcClientProtocolClient.java:onNext(264)) - client-B22ED198845A->f3174d56-9988-40ec-970b-d447ed545dfb: receive RaftClientReply:client-B22ED198845A->f3174d56-9988-40ec-970b-d447ed545dfb@group-47B82E5F6106, cid=1427, SUCCESS, logIndex=2020, commits[f3174d56-9988-40ec-970b-d447ed545dfb:c2021, 3e713ff3-0d17-449f-90fa-609b20cf4c10:c2017, 34290298-343f-405c-af97-b2d19041b010:c2017]
2019-09-11 09:06:27,876 [grpc-default-executor-0] INFO  client.GrpcClientProtocolClient (GrpcClientProtocolClient.java:onNext(264)) - client-B22ED198845A->f3174d56-9988-40ec-970b-d447ed545dfb: receive RaftClientReply:client-B22ED198845A->f3174d56-9988-40ec-970b-d447ed545dfb@group-47B82E5F6106, cid=1428, SUCCESS, logIndex=2021, commits[f3174d56-9988-40ec-970b-d447ed545dfb:c2021, 3e713ff3-0d17-449f-90fa-609b20cf4c10:c2017, 34290298-343f-405c-af97-b2d19041b010:c2017]
2019-09-11 09:06:27,888 [grpc-default-executor-1] INFO  client.GrpcClientProtocolClient (GrpcClientProtocolClient.java:onNext(264)) - client-B22ED198845A->f3174d56-9988-40ec-970b-d447ed545dfb: receive RaftClientReply:client-B22ED198845A->f3174d56-9988-40ec-970b-d447ed545dfb@group-47B82E5F6106, cid=1429, SUCCESS, logIndex=0, commits[f3174d56-9988-40ec-970b-d447ed545dfb:c2022, 3e713ff3-0d17-449f-90fa-609b20cf4c10:c2019, 34290298-343f-405c-af97-b2d19041b010:c2019]
2019-09-11 09:06:27,908 [grpc-default-executor-1] INFO  client.GrpcClientProtocolClient (GrpcClientProtocolClient.java:onNext(264)) - client-B22ED198845A->f3174d56-9988-40ec-970b-d447ed545dfb: receive RaftClientReply:client-B22ED198845A->f3174d56-9988-40ec-970b-d447ed545dfb@group-47B82E5F6106, cid=1430, SUCCESS, logIndex=2025, commits[f3174d56-9988-40ec-970b-d447ed545dfb:c2026, 3e713ff3-0d17-449f-90fa-609b20cf4c10:c2024, 34290298-343f-405c-af97-b2d19041b010:c2024]
2019-09-11 09:06:27,908 [grpc-default-executor-1] INFO  client.GrpcClientProtocolClient (GrpcClientProtocolClient.java:onNext(264)) - client-B22ED198845A->f3174d56-9988-40ec-970b-d447ed545dfb: receive RaftClientReply:client-B22ED198845A->f3174d56-9988-40ec-970b-d447ed545dfb@group-47B82E5F6106, cid=1431, SUCCESS, logIndex=2026, commits[f3174d56-9988-40ec-970b-d447ed545dfb:c2026, 3e713ff3-0d17-449f-90fa-609b20cf4c10:c2024, 34290298-343f-405c-af97-b2d19041b010:c2024]
2019-09-11 09:06:27,923 [grpc-default-executor-1] INFO  client.GrpcClientProtocolClient (GrpcClientProtocolClient.java:onNext(264)) - client-B22ED198845A->f3174d56-9988-40ec-970b-d447ed545dfb: receive RaftClientReply:client-B22ED198845A->f3174d56-9988-40ec-970b-d447ed545dfb@group-47B82E5F6106, cid=1432, SUCCESS, logIndex=2029, commits[f3174d56-9988-40ec-970b-d447ed545dfb:c2030, 3e713ff3-0d17-449f-90fa-609b20cf4c10:c2026, 34290298-343f-405c-af97-b2d19041b010:c2026]
2019-09-11 09:06:27,923 [grpc-default-executor-1] INFO  client.GrpcClientProtocolClient (GrpcClientProtocolClient.java:onNext(264)) - client-B22ED198845A->f3174d56-9988-40ec-970b-d447ed545dfb: receive RaftClientReply:client-B22ED198845A->f3174d56-9988-40ec-970b-d447ed545dfb@group-47B82E5F6106, cid=1433, SUCCESS, logIndex=2030, commits[f3174d56-9988-40ec-970b-d447ed545dfb:c2030, 3e713ff3-0d17-449f-90fa-609b20cf4c10:c2026, 34290298-343f-405c-af97-b2d19041b010:c2026]
2019-09-11 09:06:27,938 [grpc-default-executor-1] INFO  client.GrpcClientProtocolClient (GrpcClientProtocolClient.java:onNext(264)) - client-B22ED198845A->f3174d56-9988-40ec-970b-d447ed545dfb: receive RaftClientReply:client-B22ED198845A->f3174d56-9988-40ec-970b-d447ed545dfb@group-47B82E5F6106, cid=1434, SUCCESS, logIndex=0, commits[f3174d56-9988-40ec-970b-d447ed545dfb:c2032, 3e713ff3-0d17-449f-90fa-609b20cf4c10:c2030, 34290298-343f-405c-af97-b2d19041b010:c2030]
2019-09-11 09:06:27,964 [grpc-default-executor-0] INFO  client.GrpcClientProtocolClient (GrpcClientProtocolClient.java:onNext(264)) - client-B22ED198845A->f3174d56-9988-40ec-970b-d447ed545dfb: receive RaftClientReply:client-B22ED198845A->f3174d56-9988-40ec-970b-d447ed545dfb@group-47B82E5F6106, cid=1435, SUCCESS, logIndex=2033, commits[f3174d56-9988-40ec-970b-d447ed545dfb:c2034, 3e713ff3-0d17-449f-90fa-609b20cf4c10:c2032, 34290298-343f-405c-af97-b2d19041b010:c2032]
2019-09-11 09:06:27,965 [grpc-default-executor-0] INFO  client.GrpcClientProtocolClient (GrpcClientProtocolClient.java:onNext(264)) - client-B22ED198845A->f3174d56-9988-40ec-970b-d447ed545dfb: receive RaftClientReply:client-B22ED198845A->f3174d56-9988-40ec-970b-d447ed545dfb@group-47B82E5F6106, cid=1436, SUCCESS, logIndex=2034, commits[f3174d56-9988-40ec-970b-d447ed545dfb:c2034, 3e713ff3-0d17-449f-90fa-609b20cf4c10:c2032, 34290298-343f-405c-af97-b2d19041b010:c2032]
2019-09-11 09:06:27,967 [grpc-default-executor-1] INFO  client.GrpcClientProtocolClient (GrpcClientProtocolClient.java:onNext(264)) - client-B22ED198845A->f3174d56-9988-40ec-970b-d447ed545dfb: receive RaftClientReply:client-B22ED198845A->f3174d56-9988-40ec-970b-d447ed545dfb@group-47B82E5F6106, cid=1437, SUCCESS, logIndex=2035, commits[f3174d56-9988-40ec-970b-d447ed545dfb:c2036, 3e713ff3-0d17-449f-90fa-609b20cf4c10:c2032, 34290298-343f-405c-af97-b2d19041b010:c2032]
2019-09-11 09:06:27,968 [grpc-default-executor-1] INFO  client.GrpcClientProtocolClient (GrpcClientProtocolClient.java:onNext(264)) - client-B22ED198845A->f3174d56-9988-40ec-970b-d447ed545dfb: receive RaftClientReply:client-B22ED198845A->f3174d56-9988-40ec-970b-d447ed545dfb@group-47B82E5F6106, cid=1438, SUCCESS, logIndex=2036, commits[f3174d56-9988-40ec-970b-d447ed545dfb:c2036, 3e713ff3-0d17-449f-90fa-609b20cf4c10:c2032, 34290298-343f-405c-af97-b2d19041b010:c2032]
2019-09-11 09:06:27,979 [grpc-default-executor-1] INFO  client.GrpcClientProtocolClient (GrpcClientProtocolClient.java:onNext(264)) - client-B22ED198845A->f3174d56-9988-40ec-970b-d447ed545dfb: receive RaftClientReply:client-B22ED198845A->f3174d56-9988-40ec-970b-d447ed545dfb@group-47B82E5F6106, cid=1439, SUCCESS, logIndex=0, commits[f3174d56-9988-40ec-970b-d447ed545dfb:c2038, 3e713ff3-0d17-449f-90fa-609b20cf4c10:c2034, 34290298-343f-405c-af97-b2d19041b010:c2034]
2019-09-11 09:06:27,990 [grpc-default-executor-0] INFO  client.GrpcClientProtocolClient (GrpcClientProtocolClient.java:onNext(264)) - client-B22ED198845A->f3174d56-9988-40ec-970b-d447ed545dfb: receive RaftClientReply:client-B22ED198845A->f3174d56-9988-40ec-970b-d447ed545dfb@group-47B82E5F6106, cid=1440, SUCCESS, logIndex=2041, commits[f3174d56-9988-40ec-970b-d447ed545dfb:c2042, 3e713ff3-0d17-449f-90fa-609b20cf4c10:c2038, 34290298-343f-405c-af97-b2d19041b010:c2036]
2019-09-11 09:06:27,991 [grpc-default-executor-0] INFO  client.GrpcClientProtocolClient (GrpcClientProtocolClient.java:onNext(264)) - client-B22ED198845A->f3174d56-9988-40ec-970b-d447ed545dfb: receive RaftClientReply:client-B22ED198845A->f3174d56-9988-40ec-970b-d447ed545dfb@group-47B82E5F6106, cid=1441, SUCCESS, logIndex=2042, commits[f3174d56-9988-40ec-970b-d447ed545dfb:c2042, 3e713ff3-0d17-449f-90fa-609b20cf4c10:c2038, 34290298-343f-405c-af97-b2d19041b010:c2038]
2019-09-11 09:06:28,002 [grpc-default-executor-4] INFO  client.GrpcClientProtocolClient (GrpcClientProtocolClient.java:onNext(264)) - client-B22ED198845A->f3174d56-9988-40ec-970b-d447ed545dfb: receive RaftClientReply:client-B22ED198845A->f3174d56-9988-40ec-970b-d447ed545dfb@group-47B82E5F6106, cid=1442, SUCCESS, logIndex=2045, commits[f3174d56-9988-40ec-970b-d447ed545dfb:c2046, 3e713ff3-0d17-449f-90fa-609b20cf4c10:c2044, 34290298-343f-405c-af97-b2d19041b010:c2042]
2019-09-11 09:06:28,002 [grpc-default-executor-4] INFO  client.GrpcClientProtocolClient (GrpcClientProtocolClient.java:onNext(264)) - client-B22ED198845A->f3174d56-9988-40ec-970b-d447ed545dfb: receive RaftClientReply:client-B22ED198845A->f3174d56-9988-40ec-970b-d447ed545dfb@group-47B82E5F6106, cid=1443, SUCCESS, logIndex=2046, commits[f3174d56-9988-40ec-970b-d447ed545dfb:c2046, 3e713ff3-0d17-449f-90fa-609b20cf4c10:c2044, 34290298-343f-405c-af97-b2d19041b010:c2044]
2019-09-11 09:06:28,005 [grpc-default-executor-4] INFO  client.GrpcClientProtocolClient (GrpcClientProtocolClient.java:onNext(264)) - client-B22ED198845A->f3174d56-9988-40ec-970b-d447ed545dfb: receive RaftClientReply:client-B22ED198845A->f3174d56-9988-40ec-970b-d447ed545dfb@group-47B82E5F6106, cid=1444, SUCCESS, logIndex=0, commits[f3174d56-9988-40ec-970b-d447ed545dfb:c2047, 3e713ff3-0d17-449f-90fa-609b20cf4c10:c2046, 34290298-343f-405c-af97-b2d19041b010:c2046]
2019-09-11 09:06:28,022 [grpc-default-executor-1] INFO  client.GrpcClientProtocolClient (GrpcClientProtocolClient.java:onNext(264)) - client-B22ED198845A->f3174d56-9988-40ec-970b-d447ed545dfb: receive RaftClientReply:client-B22ED198845A->f3174d56-9988-40ec-970b-d447ed545dfb@group-47B82E5F6106, cid=1445, SUCCESS, logIndex=2049, commits[f3174d56-9988-40ec-970b-d447ed545dfb:c2050, 3e713ff3-0d17-449f-90fa-609b20cf4c10:c2048, 34290298-343f-405c-af97-b2d19041b010:c2046]
2019-09-11 09:06:28,022 [grpc-default-executor-1] INFO  client.GrpcClientProtocolClient (GrpcClientProtocolClient.java:onNext(264)) - client-B22ED198845A->f3174d56-9988-40ec-970b-d447ed545dfb: receive RaftClientReply:client-B22ED198845A->f3174d56-9988-40ec-970b-d447ed545dfb@group-47B82E5F6106, cid=1446, SUCCESS, logIndex=2050, commits[f3174d56-9988-40ec-970b-d447ed545dfb:c2050, 3e713ff3-0d17-449f-90fa-609b20cf4c10:c2048, 34290298-343f-405c-af97-b2d19041b010:c2048]
2019-09-11 09:06:28,023 [grpc-default-executor-1] INFO  client.GrpcClientProtocolClient (GrpcClientProtocolClient.java:onNext(264)) - client-B22ED198845A->f3174d56-9988-40ec-970b-d447ed545dfb: receive RaftClientReply:client-B22ED198845A->f3174d56-9988-40ec-970b-d447ed545dfb@group-47B82E5F6106, cid=1447, SUCCESS, logIndex=2051, commits[f3174d56-9988-40ec-970b-d447ed545dfb:c2052, 3e713ff3-0d17-449f-90fa-609b20cf4c10:c2048, 34290298-343f-405c-af97-b2d19041b010:c2048]
2019-09-11 09:06:28,024 [grpc-default-executor-1] INFO  client.GrpcClientProtocolClient (GrpcClientProtocolClient.java:onNext(264)) - client-B22ED198845A->f3174d56-9988-40ec-970b-d447ed545dfb: receive RaftClientReply:client-B22ED198845A->f3174d56-9988-40ec-970b-d447ed545dfb@group-47B82E5F6106, cid=1448, SUCCESS, logIndex=2052, commits[f3174d56-9988-40ec-970b-d447ed545dfb:c2052, 3e713ff3-0d17-449f-90fa-609b20cf4c10:c2048, 34290298-343f-405c-af97-b2d19041b010:c2048]
2019-09-11 09:06:28,025 [grpc-default-executor-1] INFO  client.GrpcClientProtocolClient (GrpcClientProtocolClient.java:onNext(264)) - client-B22ED198845A->f3174d56-9988-40ec-970b-d447ed545dfb: receive RaftClientReply:client-B22ED198845A->f3174d56-9988-40ec-970b-d447ed545dfb@group-47B82E5F6106, cid=1449, SUCCESS, logIndex=0, commits[f3174d56-9988-40ec-970b-d447ed545dfb:c2054, 3e713ff3-0d17-449f-90fa-609b20cf4c10:c2050, 34290298-343f-405c-af97-b2d19041b010:c2050]
2019-09-11 09:06:28,034 [grpc-default-executor-4] INFO  client.GrpcClientProtocolClient (GrpcClientProtocolClient.java:onNext(264)) - client-B22ED198845A->f3174d56-9988-40ec-970b-d447ed545dfb: receive RaftClientReply:client-B22ED198845A->f3174d56-9988-40ec-970b-d447ed545dfb@group-47B82E5F6106, cid=1450, SUCCESS, logIndex=2057, commits[f3174d56-9988-40ec-970b-d447ed545dfb:c2058, 3e713ff3-0d17-449f-90fa-609b20cf4c10:c2056, 34290298-343f-405c-af97-b2d19041b010:c2052]
2019-09-11 09:06:28,035 [grpc-default-executor-4] INFO  client.GrpcClientProtocolClient (GrpcClientProtocolClient.java:onNext(264)) - client-B22ED198845A->f3174d56-9988-40ec-970b-d447ed545dfb: receive RaftClientReply:client-B22ED198845A->f3174d56-9988-40ec-970b-d447ed545dfb@group-47B82E5F6106, cid=1451, SUCCESS, logIndex=2058, commits[f3174d56-9988-40ec-970b-d447ed545dfb:c2058, 3e713ff3-0d17-449f-90fa-609b20cf4c10:c2056, 34290298-343f-405c-af97-b2d19041b010:c2056]
2019-09-11 09:06:28,044 [grpc-default-executor-0] INFO  client.GrpcClientProtocolClient (GrpcClientProtocolClient.java:onNext(264)) - client-B22ED198845A->f3174d56-9988-40ec-970b-d447ed545dfb: receive RaftClientReply:client-B22ED198845A->f3174d56-9988-40ec-970b-d447ed545dfb@group-47B82E5F6106, cid=1452, SUCCESS, logIndex=2061, commits[f3174d56-9988-40ec-970b-d447ed545dfb:c2062, 3e713ff3-0d17-449f-90fa-609b20cf4c10:c2058, 34290298-343f-405c-af97-b2d19041b010:c2060]
2019-09-11 09:06:28,044 [grpc-default-executor-0] INFO  client.GrpcClientProtocolClient (GrpcClientProtocolClient.java:onNext(264)) - client-B22ED198845A->f3174d56-9988-40ec-970b-d447ed545dfb: receive RaftClientReply:client-B22ED198845A->f3174d56-9988-40ec-970b-d447ed545dfb@group-47B82E5F6106, cid=1453, SUCCESS, logIndex=2062, commits[f3174d56-9988-40ec-970b-d447ed545dfb:c2062, 3e713ff3-0d17-449f-90fa-609b20cf4c10:c2060, 34290298-343f-405c-af97-b2d19041b010:c2060]
2019-09-11 09:06:28,046 [grpc-default-executor-0] INFO  client.GrpcClientProtocolClient (GrpcClientProtocolClient.java:onNext(264)) - client-B22ED198845A->f3174d56-9988-40ec-970b-d447ed545dfb: receive RaftClientReply:client-B22ED198845A->f3174d56-9988-40ec-970b-d447ed545dfb@group-47B82E5F6106, cid=1454, SUCCESS, logIndex=0, commits[f3174d56-9988-40ec-970b-d447ed545dfb:c2063, 3e713ff3-0d17-449f-90fa-609b20cf4c10:c2062, 34290298-343f-405c-af97-b2d19041b010:c2062]
2019-09-11 09:06:28,067 [grpc-default-executor-1] INFO  client.GrpcClientProtocolClient (GrpcClientProtocolClient.java:onNext(264)) - client-B22ED198845A->f3174d56-9988-40ec-970b-d447ed545dfb: receive RaftClientReply:client-B22ED198845A->f3174d56-9988-40ec-970b-d447ed545dfb@group-47B82E5F6106, cid=1455, SUCCESS, logIndex=2065, commits[f3174d56-9988-40ec-970b-d447ed545dfb:c2068, 3e713ff3-0d17-449f-90fa-609b20cf4c10:c2064, 34290298-343f-405c-af97-b2d19041b010:c2064]
2019-09-11 09:06:28,067 [grpc-default-executor-1] INFO  client.GrpcClientProtocolClient (GrpcClientProtocolClient.java:onNext(264)) - client-B22ED198845A->f3174d56-9988-40ec-970b-d447ed545dfb: receive RaftClientReply:client-B22ED198845A->f3174d56-9988-40ec-970b-d447ed545dfb@group-47B82E5F6106, cid=1456, SUCCESS, logIndex=2066, commits[f3174d56-9988-40ec-970b-d447ed545dfb:c2068, 3e713ff3-0d17-449f-90fa-609b20cf4c10:c2064, 34290298-343f-405c-af97-b2d19041b010:c2064]
2019-09-11 09:06:28,067 [grpc-default-executor-1] INFO  client.GrpcClientProtocolClient (GrpcClientProtocolClient.java:onNext(264)) - client-B22ED198845A->f3174d56-9988-40ec-970b-d447ed545dfb: receive RaftClientReply:client-B22ED198845A->f3174d56-9988-40ec-970b-d447ed545dfb@group-47B82E5F6106, cid=1457, SUCCESS, logIndex=2067, commits[f3174d56-9988-40ec-970b-d447ed545dfb:c2068, 3e713ff3-0d17-449f-90fa-609b20cf4c10:c2064, 34290298-343f-405c-af97-b2d19041b010:c2064]
2019-09-11 09:06:28,068 [grpc-default-executor-1] INFO  client.GrpcClientProtocolClient (GrpcClientProtocolClient.java:onNext(264)) - client-B22ED198845A->f3174d56-9988-40ec-970b-d447ed545dfb: receive RaftClientReply:client-B22ED198845A->f3174d56-9988-40ec-970b-d447ed545dfb@group-47B82E5F6106, cid=1458, SUCCESS, logIndex=2068, commits[f3174d56-9988-40ec-970b-d447ed545dfb:c2068, 3e713ff3-0d17-449f-90fa-609b20cf4c10:c2064, 34290298-343f-405c-af97-b2d19041b010:c2064]
2019-09-11 09:06:28,089 [grpc-default-executor-1] INFO  client.GrpcClientProtocolClient (GrpcClientProtocolClient.java:onNext(264)) - client-B22ED198845A->f3174d56-9988-40ec-970b-d447ed545dfb: receive RaftClientReply:client-B22ED198845A->f3174d56-9988-40ec-970b-d447ed545dfb@group-47B82E5F6106, cid=1459, SUCCESS, logIndex=0, commits[f3174d56-9988-40ec-970b-d447ed545dfb:c2069, 3e713ff3-0d17-449f-90fa-609b20cf4c10:c2067, 34290298-343f-405c-af97-b2d19041b010:c2067]
2019-09-11 09:06:28,105 [grpc-default-executor-4] INFO  client.GrpcClientProtocolClient (GrpcClientProtocolClient.java:onNext(264)) - client-B22ED198845A->f3174d56-9988-40ec-970b-d447ed545dfb: receive RaftClientReply:client-B22ED198845A->f3174d56-9988-40ec-970b-d447ed545dfb@group-47B82E5F6106, cid=1460, SUCCESS, logIndex=2072, commits[f3174d56-9988-40ec-970b-d447ed545dfb:c2073, 3e713ff3-0d17-449f-90fa-609b20cf4c10:c2068, 34290298-343f-405c-af97-b2d19041b010:c2071]
2019-09-11 09:06:28,106 [grpc-default-executor-4] INFO  client.GrpcClientProtocolClient (GrpcClientProtocolClient.java:onNext(264)) - client-B22ED198845A->f3174d56-9988-40ec-970b-d447ed545dfb: receive RaftClientReply:client-B22ED198845A->f3174d56-9988-40ec-970b-d447ed545dfb@group-47B82E5F6106, cid=1461, SUCCESS, logIndex=2073, commits[f3174d56-9988-40ec-970b-d447ed545dfb:c2073, 3e713ff3-0d17-449f-90fa-609b20cf4c10:c2071, 34290298-343f-405c-af97-b2d19041b010:c2071]
2019-09-11 09:06:28,124 [grpc-default-executor-1] INFO  client.GrpcClientProtocolClient (GrpcClientProtocolClient.java:onNext(264)) - client-B22ED198845A->f3174d56-9988-40ec-970b-d447ed545dfb: receive RaftClientReply:client-B22ED198845A->f3174d56-9988-40ec-970b-d447ed545dfb@group-47B82E5F6106, cid=1462, SUCCESS, logIndex=2076, commits[f3174d56-9988-40ec-970b-d447ed545dfb:c2077, 3e713ff3-0d17-449f-90fa-609b20cf4c10:c2075, 34290298-343f-405c-af97-b2d19041b010:c2075]
2019-09-11 09:06:28,124 [grpc-default-executor-1] INFO  client.GrpcClientProtocolClient (GrpcClientProtocolClient.java:onNext(264)) - client-B22ED198845A->f3174d56-9988-40ec-970b-d447ed545dfb: receive RaftClientReply:client-B22ED198845A->f3174d56-9988-40ec-970b-d447ed545dfb@group-47B82E5F6106, cid=1463, SUCCESS, logIndex=2077, commits[f3174d56-9988-40ec-970b-d447ed545dfb:c2077, 3e713ff3-0d17-449f-90fa-609b20cf4c10:c2075, 34290298-343f-405c-af97-b2d19041b010:c2075]
2019-09-11 09:06:28,138 [grpc-default-executor-1] INFO  client.GrpcClientProtocolClient (GrpcClientProtocolClient.java:onNext(264)) - client-B22ED198845A->f3174d56-9988-40ec-970b-d447ed545dfb: receive RaftClientReply:client-B22ED198845A->f3174d56-9988-40ec-970b-d447ed545dfb@group-47B82E5F6106, cid=1464, SUCCESS, logIndex=0, commits[f3174d56-9988-40ec-970b-d447ed545dfb:c2079, 3e713ff3-0d17-449f-90fa-609b20cf4c10:c2077, 34290298-343f-405c-af97-b2d19041b010:c2077]
2019-09-11 09:06:28,163 [grpc-default-executor-4] INFO  client.GrpcClientProtocolClient (GrpcClientProtocolClient.java:onNext(264)) - client-B22ED198845A->f3174d56-9988-40ec-970b-d447ed545dfb: receive RaftClientReply:client-B22ED198845A->f3174d56-9988-40ec-970b-d447ed545dfb@group-47B82E5F6106, cid=1465, SUCCESS, logIndex=2080, commits[f3174d56-9988-40ec-970b-d447ed545dfb:c2081, 3e713ff3-0d17-449f-90fa-609b20cf4c10:c2079, 34290298-343f-405c-af97-b2d19041b010:c2079]
2019-09-11 09:06:28,164 [grpc-default-executor-4] INFO  client.GrpcClientProtocolClient (GrpcClientProtocolClient.java:onNext(264)) - client-B22ED198845A->f3174d56-9988-40ec-970b-d447ed545dfb: receive RaftClientReply:client-B22ED198845A->f3174d56-9988-40ec-970b-d447ed545dfb@group-47B82E5F6106, cid=1466, SUCCESS, logIndex=2081, commits[f3174d56-9988-40ec-970b-d447ed545dfb:c2081, 3e713ff3-0d17-449f-90fa-609b20cf4c10:c2079, 34290298-343f-405c-af97-b2d19041b010:c2079]
2019-09-11 09:06:28,165 [grpc-default-executor-1] INFO  client.GrpcClientProtocolClient (GrpcClientProtocolClient.java:onNext(264)) - client-B22ED198845A->f3174d56-9988-40ec-970b-d447ed545dfb: receive RaftClientReply:client-B22ED198845A->f3174d56-9988-40ec-970b-d447ed545dfb@group-47B82E5F6106, cid=1467, SUCCESS, logIndex=2082, commits[f3174d56-9988-40ec-970b-d447ed545dfb:c2083, 3e713ff3-0d17-449f-90fa-609b20cf4c10:c2079, 34290298-343f-405c-af97-b2d19041b010:c2079]
2019-09-11 09:06:28,165 [grpc-default-executor-1] INFO  client.GrpcClientProtocolClient (GrpcClientProtocolClient.java:onNext(264)) - client-B22ED198845A->f3174d56-9988-40ec-970b-d447ed545dfb: receive RaftClientReply:client-B22ED198845A->f3174d56-9988-40ec-970b-d447ed545dfb@group-47B82E5F6106, cid=1468, SUCCESS, logIndex=2083, commits[f3174d56-9988-40ec-970b-d447ed545dfb:c2083, 3e713ff3-0d17-449f-90fa-609b20cf4c10:c2079, 34290298-343f-405c-af97-b2d19041b010:c2079]
2019-09-11 09:06:28,177 [grpc-default-executor-1] INFO  client.GrpcClientProtocolClient (GrpcClientProtocolClient.java:onNext(264)) - client-B22ED198845A->f3174d56-9988-40ec-970b-d447ed545dfb: receive RaftClientReply:client-B22ED198845A->f3174d56-9988-40ec-970b-d447ed545dfb@group-47B82E5F6106, cid=1469, SUCCESS, logIndex=0, commits[f3174d56-9988-40ec-970b-d447ed545dfb:c2085, 3e713ff3-0d17-449f-90fa-609b20cf4c10:c2081, 34290298-343f-405c-af97-b2d19041b010:c2081]
2019-09-11 09:06:28,196 [grpc-default-executor-4] INFO  client.GrpcClientProtocolClient (GrpcClientProtocolClient.java:onNext(264)) - client-B22ED198845A->f3174d56-9988-40ec-970b-d447ed545dfb: receive RaftClientReply:client-B22ED198845A->f3174d56-9988-40ec-970b-d447ed545dfb@group-47B82E5F6106, cid=1470, SUCCESS, logIndex=2088, commits[f3174d56-9988-40ec-970b-d447ed545dfb:c2089, 3e713ff3-0d17-449f-90fa-609b20cf4c10:c2087, 34290298-343f-405c-af97-b2d19041b010:c2087]
2019-09-11 09:06:28,197 [grpc-default-executor-4] INFO  client.GrpcClientProtocolClient (GrpcClientProtocolClient.java:onNext(264)) - client-B22ED198845A->f3174d56-9988-40ec-970b-d447ed545dfb: receive RaftClientReply:client-B22ED198845A->f3174d56-9988-40ec-970b-d447ed545dfb@group-47B82E5F6106, cid=1471, SUCCESS, logIndex=2089, commits[f3174d56-9988-40ec-970b-d447ed545dfb:c2089, 3e713ff3-0d17-449f-90fa-609b20cf4c10:c2087, 34290298-343f-405c-af97-b2d19041b010:c2087]
2019-09-11 09:06:28,213 [grpc-default-executor-4] INFO  client.GrpcClientProtocolClient (GrpcClientProtocolClient.java:onNext(264)) - client-B22ED198845A->f3174d56-9988-40ec-970b-d447ed545dfb: receive RaftClientReply:client-B22ED198845A->f3174d56-9988-40ec-970b-d447ed545dfb@group-47B82E5F6106, cid=1472, SUCCESS, logIndex=2092, commits[f3174d56-9988-40ec-970b-d447ed545dfb:c2093, 3e713ff3-0d17-449f-90fa-609b20cf4c10:c2089, 34290298-343f-405c-af97-b2d19041b010:c2088]
2019-09-11 09:06:28,213 [grpc-default-executor-4] INFO  client.GrpcClientProtocolClient (GrpcClientProtocolClient.java:onNext(264)) - client-B22ED198845A->f3174d56-9988-40ec-970b-d447ed545dfb: receive RaftClientReply:client-B22ED198845A->f3174d56-9988-40ec-970b-d447ed545dfb@group-47B82E5F6106, cid=1473, SUCCESS, logIndex=2093, commits[f3174d56-9988-40ec-970b-d447ed545dfb:c2093, 3e713ff3-0d17-449f-90fa-609b20cf4c10:c2089, 34290298-343f-405c-af97-b2d19041b010:c2089]
2019-09-11 09:06:28,224 [grpc-default-executor-4] INFO  client.GrpcClientProtocolClient (GrpcClientProtocolClient.java:onNext(264)) - client-B22ED198845A->f3174d56-9988-40ec-970b-d447ed545dfb: receive RaftClientReply:client-B22ED198845A->f3174d56-9988-40ec-970b-d447ed545dfb@group-47B82E5F6106, cid=1474, SUCCESS, logIndex=0, commits[f3174d56-9988-40ec-970b-d447ed545dfb:c2094, 3e713ff3-0d17-449f-90fa-609b20cf4c10:c2093, 34290298-343f-405c-af97-b2d19041b010:c2093]
2019-09-11 09:06:28,249 [grpc-default-executor-2] INFO  client.GrpcClientProtocolClient (GrpcClientProtocolClient.java:onNext(264)) - client-B22ED198845A->f3174d56-9988-40ec-970b-d447ed545dfb: receive RaftClientReply:client-B22ED198845A->f3174d56-9988-40ec-970b-d447ed545dfb@group-47B82E5F6106, cid=1475, SUCCESS, logIndex=2096, commits[f3174d56-9988-40ec-970b-d447ed545dfb:c2097, 3e713ff3-0d17-449f-90fa-609b20cf4c10:c2095, 34290298-343f-405c-af97-b2d19041b010:c2095]
2019-09-11 09:06:28,250 [grpc-default-executor-2] INFO  client.GrpcClientProtocolClient (GrpcClientProtocolClient.java:onNext(264)) - client-B22ED198845A->f3174d56-9988-40ec-970b-d447ed545dfb: receive RaftClientReply:client-B22ED198845A->f3174d56-9988-40ec-970b-d447ed545dfb@group-47B82E5F6106, cid=1476, SUCCESS, logIndex=2097, commits[f3174d56-9988-40ec-970b-d447ed545dfb:c2099, 3e713ff3-0d17-449f-90fa-609b20cf4c10:c2095, 34290298-343f-405c-af97-b2d19041b010:c2095]
2019-09-11 09:06:28,250 [grpc-default-executor-2] INFO  client.GrpcClientProtocolClient (GrpcClientProtocolClient.java:onNext(264)) - client-B22ED198845A->f3174d56-9988-40ec-970b-d447ed545dfb: receive RaftClientReply:client-B22ED198845A->f3174d56-9988-40ec-970b-d447ed545dfb@group-47B82E5F6106, cid=1477, SUCCESS, logIndex=2098, commits[f3174d56-9988-40ec-970b-d447ed545dfb:c2099, 3e713ff3-0d17-449f-90fa-609b20cf4c10:c2095, 34290298-343f-405c-af97-b2d19041b010:c2095]
2019-09-11 09:06:28,250 [grpc-default-executor-2] INFO  client.GrpcClientProtocolClient (GrpcClientProtocolClient.java:onNext(264)) - client-B22ED198845A->f3174d56-9988-40ec-970b-d447ed545dfb: receive RaftClientReply:client-B22ED198845A->f3174d56-9988-40ec-970b-d447ed545dfb@group-47B82E5F6106, cid=1478, SUCCESS, logIndex=2099, commits[f3174d56-9988-40ec-970b-d447ed545dfb:c2099, 3e713ff3-0d17-449f-90fa-609b20cf4c10:c2095, 34290298-343f-405c-af97-b2d19041b010:c2095]
2019-09-11 09:06:28,263 [grpc-default-executor-2] INFO  client.GrpcClientProtocolClient (GrpcClientProtocolClient.java:onNext(264)) - client-B22ED198845A->f3174d56-9988-40ec-970b-d447ed545dfb: receive RaftClientReply:client-B22ED198845A->f3174d56-9988-40ec-970b-d447ed545dfb@group-47B82E5F6106, cid=1479, SUCCESS, logIndex=0, commits[f3174d56-9988-40ec-970b-d447ed545dfb:c2102, 3e713ff3-0d17-449f-90fa-609b20cf4c10:c2097, 34290298-343f-405c-af97-b2d19041b010:c2099]
2019-09-11 09:06:28,275 [grpc-default-executor-0] INFO  client.GrpcClientProtocolClient (GrpcClientProtocolClient.java:onNext(264)) - client-B22ED198845A->f3174d56-9988-40ec-970b-d447ed545dfb: receive RaftClientReply:client-B22ED198845A->f3174d56-9988-40ec-970b-d447ed545dfb@group-47B82E5F6106, cid=1480, SUCCESS, logIndex=2103, commits[f3174d56-9988-40ec-970b-d447ed545dfb:c2104, 3e713ff3-0d17-449f-90fa-609b20cf4c10:c2102, 34290298-343f-405c-af97-b2d19041b010:c2102]
2019-09-11 09:06:28,276 [grpc-default-executor-0] INFO  client.GrpcClientProtocolClient (GrpcClientProtocolClient.java:onNext(264)) - client-B22ED198845A->f3174d56-9988-40ec-970b-d447ed545dfb: receive RaftClientReply:client-B22ED198845A->f3174d56-9988-40ec-970b-d447ed545dfb@group-47B82E5F6106, cid=1481, SUCCESS, logIndex=2104, commits[f3174d56-9988-40ec-970b-d447ed545dfb:c2104, 3e713ff3-0d17-449f-90fa-609b20cf4c10:c2102, 34290298-343f-405c-af97-b2d19041b010:c2102]
2019-09-11 09:06:28,286 [grpc-default-executor-4] INFO  client.GrpcClientProtocolClient (GrpcClientProtocolClient.java:onNext(264)) - client-B22ED198845A->f3174d56-9988-40ec-970b-d447ed545dfb: receive RaftClientReply:client-B22ED198845A->f3174d56-9988-40ec-970b-d447ed545dfb@group-47B82E5F6106, cid=1482, SUCCESS, logIndex=2107, commits[f3174d56-9988-40ec-970b-d447ed545dfb:c2108, 3e713ff3-0d17-449f-90fa-609b20cf4c10:c2106, 34290298-343f-405c-af97-b2d19041b010:c2104]
2019-09-11 09:06:28,286 [grpc-default-executor-4] INFO  client.GrpcClientProtocolClient (GrpcClientProtocolClient.java:onNext(264)) - client-B22ED198845A->f3174d56-9988-40ec-970b-d447ed545dfb: receive RaftClientReply:client-B22ED198845A->f3174d56-9988-40ec-970b-d447ed545dfb@group-47B82E5F6106, cid=1483, SUCCESS, logIndex=2108, commits[f3174d56-9988-40ec-970b-d447ed545dfb:c2108, 3e713ff3-0d17-449f-90fa-609b20cf4c10:c2106, 34290298-343f-405c-af97-b2d19041b010:c2106]
2019-09-11 09:06:28,290 [grpc-default-executor-4] INFO  client.GrpcClientProtocolClient (GrpcClientProtocolClient.java:onNext(264)) - client-B22ED198845A->f3174d56-9988-40ec-970b-d447ed545dfb: receive RaftClientReply:client-B22ED198845A->f3174d56-9988-40ec-970b-d447ed545dfb@group-47B82E5F6106, cid=1484, SUCCESS, logIndex=0, commits[f3174d56-9988-40ec-970b-d447ed545dfb:c2110, 3e713ff3-0d17-449f-90fa-609b20cf4c10:c2108, 34290298-343f-405c-af97-b2d19041b010:c2108]
2019-09-11 09:06:28,308 [grpc-default-executor-0] INFO  client.GrpcClientProtocolClient (GrpcClientProtocolClient.java:onNext(264)) - client-B22ED198845A->f3174d56-9988-40ec-970b-d447ed545dfb: receive RaftClientReply:client-B22ED198845A->f3174d56-9988-40ec-970b-d447ed545dfb@group-47B82E5F6106, cid=1485, SUCCESS, logIndex=2111, commits[f3174d56-9988-40ec-970b-d447ed545dfb:c2112, 3e713ff3-0d17-449f-90fa-609b20cf4c10:c2108, 34290298-343f-405c-af97-b2d19041b010:c2110]
2019-09-11 09:06:28,309 [grpc-default-executor-0] INFO  client.GrpcClientProtocolClient (GrpcClientProtocolClient.java:onNext(264)) - client-B22ED198845A->f3174d56-9988-40ec-970b-d447ed545dfb: receive RaftClientReply:client-B22ED198845A->f3174d56-9988-40ec-970b-d447ed545dfb@group-47B82E5F6106, cid=1486, SUCCESS, logIndex=2112, commits[f3174d56-9988-40ec-970b-d447ed545dfb:c2112, 3e713ff3-0d17-449f-90fa-609b20cf4c10:c2108, 34290298-343f-405c-af97-b2d19041b010:c2110]
2019-09-11 09:06:28,310 [grpc-default-executor-0] INFO  client.GrpcClientProtocolClient (GrpcClientProtocolClient.java:onNext(264)) - client-B22ED198845A->f3174d56-9988-40ec-970b-d447ed545dfb: receive RaftClientReply:client-B22ED198845A->f3174d56-9988-40ec-970b-d447ed545dfb@group-47B82E5F6106, cid=1487, SUCCESS, logIndex=2113, commits[f3174d56-9988-40ec-970b-d447ed545dfb:c2114, 3e713ff3-0d17-449f-90fa-609b20cf4c10:c2110, 34290298-343f-405c-af97-b2d19041b010:c2110]
2019-09-11 09:06:28,311 [grpc-default-executor-0] INFO  client.GrpcClientProtocolClient (GrpcClientProtocolClient.java:onNext(264)) - client-B22ED198845A->f3174d56-9988-40ec-970b-d447ed545dfb: receive RaftClientReply:client-B22ED198845A->f3174d56-9988-40ec-970b-d447ed545dfb@group-47B82E5F6106, cid=1488, SUCCESS, logIndex=2114, commits[f3174d56-9988-40ec-970b-d447ed545dfb:c2115, 3e713ff3-0d17-449f-90fa-609b20cf4c10:c2112, 34290298-343f-405c-af97-b2d19041b010:c2110]
2019-09-11 09:06:28,312 [grpc-default-executor-4] INFO  client.GrpcClientProtocolClient (GrpcClientProtocolClient.java:onNext(264)) - client-B22ED198845A->f3174d56-9988-40ec-970b-d447ed545dfb: receive RaftClientReply:client-B22ED198845A->f3174d56-9988-40ec-970b-d447ed545dfb@group-47B82E5F6106, cid=1489, SUCCESS, logIndex=0, commits[f3174d56-9988-40ec-970b-d447ed545dfb:c2117, 3e713ff3-0d17-449f-90fa-609b20cf4c10:c2113, 34290298-343f-405c-af97-b2d19041b010:c2112]
2019-09-11 09:06:28,478 [grpc-default-executor-2] INFO  client.GrpcClientProtocolClient (GrpcClientProtocolClient.java:onNext(264)) - client-B22ED198845A->f3174d56-9988-40ec-970b-d447ed545dfb: receive RaftClientReply:client-B22ED198845A->f3174d56-9988-40ec-970b-d447ed545dfb@group-47B82E5F6106, cid=1490, SUCCESS, logIndex=2119, commits[f3174d56-9988-40ec-970b-d447ed545dfb:c2120, 3e713ff3-0d17-449f-90fa-609b20cf4c10:c2118, 34290298-343f-405c-af97-b2d19041b010:c2118]
2019-09-11 09:06:28,479 [grpc-default-executor-2] INFO  client.GrpcClientProtocolClient (GrpcClientProtocolClient.java:onNext(264)) - client-B22ED198845A->f3174d56-9988-40ec-970b-d447ed545dfb: receive RaftClientReply:client-B22ED198845A->f3174d56-9988-40ec-970b-d447ed545dfb@group-47B82E5F6106, cid=1491, SUCCESS, logIndex=2120, commits[f3174d56-9988-40ec-970b-d447ed545dfb:c2120, 3e713ff3-0d17-449f-90fa-609b20cf4c10:c2118, 34290298-343f-405c-af97-b2d19041b010:c2118]
2019-09-11 09:06:28,504 [grpc-default-executor-0] INFO  client.GrpcClientProtocolClient (GrpcClientProtocolClient.java:onNext(264)) - client-B22ED198845A->f3174d56-9988-40ec-970b-d447ed545dfb: receive RaftClientReply:client-B22ED198845A->f3174d56-9988-40ec-970b-d447ed545dfb@group-47B82E5F6106, cid=1492, SUCCESS, logIndex=2123, commits[f3174d56-9988-40ec-970b-d447ed545dfb:c2124, 3e713ff3-0d17-449f-90fa-609b20cf4c10:c2120, 34290298-343f-405c-af97-b2d19041b010:c2120]
2019-09-11 09:06:28,504 [grpc-default-executor-0] INFO  client.GrpcClientProtocolClient (GrpcClientProtocolClient.java:onNext(264)) - client-B22ED198845A->f3174d56-9988-40ec-970b-d447ed545dfb: receive RaftClientReply:client-B22ED198845A->f3174d56-9988-40ec-970b-d447ed545dfb@group-47B82E5F6106, cid=1493, SUCCESS, logIndex=2124, commits[f3174d56-9988-40ec-970b-d447ed545dfb:c2124, 3e713ff3-0d17-449f-90fa-609b20cf4c10:c2120, 34290298-343f-405c-af97-b2d19041b010:c2120]
 0.00% |█                                                                                                    |  0/1 Time: 0:00:082019-09-11 09:06:28,515 [grpc-default-executor-0] INFO  client.GrpcClientProtocolClient (GrpcClientProtocolClient.java:onNext(264)) - client-B22ED198845A->f3174d56-9988-40ec-970b-d447ed545dfb: receive RaftClientReply:client-B22ED198845A->f3174d56-9988-40ec-970b-d447ed545dfb@group-47B82E5F6106, cid=1494, SUCCESS, logIndex=0, commits[f3174d56-9988-40ec-970b-d447ed545dfb:c2125, 3e713ff3-0d17-449f-90fa-609b20cf4c10:c2124, 34290298-343f-405c-af97-b2d19041b010:c2124]
2019-09-11 09:06:28,546 [grpc-default-executor-4] INFO  client.GrpcClientProtocolClient (GrpcClientProtocolClient.java:onNext(264)) - client-B22ED198845A->f3174d56-9988-40ec-970b-d447ed545dfb: receive RaftClientReply:client-B22ED198845A->f3174d56-9988-40ec-970b-d447ed545dfb@group-47B82E5F6106, cid=1495, SUCCESS, logIndex=2127, commits[f3174d56-9988-40ec-970b-d447ed545dfb:c2128, 3e713ff3-0d17-449f-90fa-609b20cf4c10:c2126, 34290298-343f-405c-af97-b2d19041b010:c2126]
2019-09-11 09:06:28,547 [grpc-default-executor-4] INFO  client.GrpcClientProtocolClient (GrpcClientProtocolClient.java:onNext(264)) - client-B22ED198845A->f3174d56-9988-40ec-970b-d447ed545dfb: receive RaftClientReply:client-B22ED198845A->f3174d56-9988-40ec-970b-d447ed545dfb@group-47B82E5F6106, cid=1496, SUCCESS, logIndex=2128, commits[f3174d56-9988-40ec-970b-d447ed545dfb:c2130, 3e713ff3-0d17-449f-90fa-609b20cf4c10:c2126, 34290298-343f-405c-af97-b2d19041b010:c2126]
2019-09-11 09:06:28,547 [grpc-default-executor-4] INFO  client.GrpcClientProtocolClient (GrpcClientProtocolClient.java:onNext(264)) - client-B22ED198845A->f3174d56-9988-40ec-970b-d447ed545dfb: receive RaftClientReply:client-B22ED198845A->f3174d56-9988-40ec-970b-d447ed545dfb@group-47B82E5F6106, cid=1497, SUCCESS, logIndex=2129, commits[f3174d56-9988-40ec-970b-d447ed545dfb:c2130, 3e713ff3-0d17-449f-90fa-609b20cf4c10:c2126, 34290298-343f-405c-af97-b2d19041b010:c2126]
2019-09-11 09:06:28,547 [grpc-default-executor-2] INFO  client.GrpcClientProtocolClient (GrpcClientProtocolClient.java:onNext(264)) - client-B22ED198845A->f3174d56-9988-40ec-970b-d447ed545dfb: receive RaftClientReply:client-B22ED198845A->f3174d56-9988-40ec-970b-d447ed545dfb@group-47B82E5F6106, cid=1498, SUCCESS, logIndex=2130, commits[f3174d56-9988-40ec-970b-d447ed545dfb:c2130, 3e713ff3-0d17-449f-90fa-609b20cf4c10:c2126, 34290298-343f-405c-af97-b2d19041b010:c2126]
2019-09-11 09:06:28,561 [grpc-default-executor-4] INFO  client.GrpcClientProtocolClient (GrpcClientProtocolClient.java:onNext(264)) - client-B22ED198845A->f3174d56-9988-40ec-970b-d447ed545dfb: receive RaftClientReply:client-B22ED198845A->f3174d56-9988-40ec-970b-d447ed545dfb@group-47B82E5F6106, cid=1499, SUCCESS, logIndex=0, commits[f3174d56-9988-40ec-970b-d447ed545dfb:c2132, 3e713ff3-0d17-449f-90fa-609b20cf4c10:c2128, 34290298-343f-405c-af97-b2d19041b010:c2128]
2019-09-11 09:06:28,581 [grpc-default-executor-1] INFO  client.GrpcClientProtocolClient (GrpcClientProtocolClient.java:onNext(264)) - client-B22ED198845A->f3174d56-9988-40ec-970b-d447ed545dfb: receive RaftClientReply:client-B22ED198845A->f3174d56-9988-40ec-970b-d447ed545dfb@group-47B82E5F6106, cid=1500, SUCCESS, logIndex=2135, commits[f3174d56-9988-40ec-970b-d447ed545dfb:c2136, 3e713ff3-0d17-449f-90fa-609b20cf4c10:c2134, 34290298-343f-405c-af97-b2d19041b010:c2134]
2019-09-11 09:06:28,581 [grpc-default-executor-1] INFO  client.GrpcClientProtocolClient (GrpcClientProtocolClient.java:onNext(264)) - client-B22ED198845A->f3174d56-9988-40ec-970b-d447ed545dfb: receive RaftClientReply:client-B22ED198845A->f3174d56-9988-40ec-970b-d447ed545dfb@group-47B82E5F6106, cid=1501, SUCCESS, logIndex=2136, commits[f3174d56-9988-40ec-970b-d447ed545dfb:c2136, 3e713ff3-0d17-449f-90fa-609b20cf4c10:c2134, 34290298-343f-405c-af97-b2d19041b010:c2134]
2019-09-11 09:06:28,595 [grpc-default-executor-1] INFO  client.GrpcClientProtocolClient (GrpcClientProtocolClient.java:onNext(264)) - client-B22ED198845A->f3174d56-9988-40ec-970b-d447ed545dfb: receive RaftClientReply:client-B22ED198845A->f3174d56-9988-40ec-970b-d447ed545dfb@group-47B82E5F6106, cid=1502, SUCCESS, logIndex=2139, commits[f3174d56-9988-40ec-970b-d447ed545dfb:c2140, 3e713ff3-0d17-449f-90fa-609b20cf4c10:c2136, 34290298-343f-405c-af97-b2d19041b010:c2136]
2019-09-11 09:06:28,596 [grpc-default-executor-1] INFO  client.GrpcClientProtocolClient (GrpcClientProtocolClient.java:onNext(264)) - client-B22ED198845A->f3174d56-9988-40ec-970b-d447ed545dfb: receive RaftClientReply:client-B22ED198845A->f3174d56-9988-40ec-970b-d447ed545dfb@group-47B82E5F6106, cid=1503, SUCCESS, logIndex=2140, commits[f3174d56-9988-40ec-970b-d447ed545dfb:c2140, 3e713ff3-0d17-449f-90fa-609b20cf4c10:c2136, 34290298-343f-405c-af97-b2d19041b010:c2136]
2019-09-11 09:06:28,617 [grpc-default-executor-0] INFO  client.GrpcClientProtocolClient (GrpcClientProtocolClient.java:onNext(264)) - client-B22ED198845A->f3174d56-9988-40ec-970b-d447ed545dfb: receive RaftClientReply:client-B22ED198845A->f3174d56-9988-40ec-970b-d447ed545dfb@group-47B82E5F6106, cid=1504, SUCCESS, logIndex=0, commits[f3174d56-9988-40ec-970b-d447ed545dfb:c2142, 3e713ff3-0d17-449f-90fa-609b20cf4c10:c2140, 34290298-343f-405c-af97-b2d19041b010:c2140]
2019-09-11 09:06:28,659 [grpc-default-executor-1] INFO  client.GrpcClientProtocolClient (GrpcClientProtocolClient.java:onNext(264)) - client-B22ED198845A->f3174d56-9988-40ec-970b-d447ed545dfb: receive RaftClientReply:client-B22ED198845A->f3174d56-9988-40ec-970b-d447ed545dfb@group-47B82E5F6106, cid=1505, SUCCESS, logIndex=2143, commits[f3174d56-9988-40ec-970b-d447ed545dfb:c2144, 3e713ff3-0d17-449f-90fa-609b20cf4c10:c2142, 34290298-343f-405c-af97-b2d19041b010:c2142]
2019-09-11 09:06:28,660 [grpc-default-executor-2] INFO  client.GrpcClientProtocolClient (GrpcClientProtocolClient.java:onNext(264)) - client-B22ED198845A->f3174d56-9988-40ec-970b-d447ed545dfb: receive RaftClientReply:client-B22ED198845A->f3174d56-9988-40ec-970b-d447ed545dfb@group-47B82E5F6106, cid=1506, SUCCESS, logIndex=2144, commits[f3174d56-9988-40ec-970b-d447ed545dfb:c2144, 3e713ff3-0d17-449f-90fa-609b20cf4c10:c2142, 34290298-343f-405c-af97-b2d19041b010:c2142]
2019-09-11 09:06:28,661 [grpc-default-executor-2] INFO  client.GrpcClientProtocolClient (GrpcClientProtocolClient.java:onNext(264)) - client-B22ED198845A->f3174d56-9988-40ec-970b-d447ed545dfb: receive RaftClientReply:client-B22ED198845A->f3174d56-9988-40ec-970b-d447ed545dfb@group-47B82E5F6106, cid=1507, SUCCESS, logIndex=2145, commits[f3174d56-9988-40ec-970b-d447ed545dfb:c2146, 3e713ff3-0d17-449f-90fa-609b20cf4c10:c2142, 34290298-343f-405c-af97-b2d19041b010:c2142]
2019-09-11 09:06:28,661 [grpc-default-executor-2] INFO  client.GrpcClientProtocolClient (GrpcClientProtocolClient.java:onNext(264)) - client-B22ED198845A->f3174d56-9988-40ec-970b-d447ed545dfb: receive RaftClientReply:client-B22ED198845A->f3174d56-9988-40ec-970b-d447ed545dfb@group-47B82E5F6106, cid=1508, SUCCESS, logIndex=2146, commits[f3174d56-9988-40ec-970b-d447ed545dfb:c2146, 3e713ff3-0d17-449f-90fa-609b20cf4c10:c2142, 34290298-343f-405c-af97-b2d19041b010:c2142]
2019-09-11 09:06:28,662 [grpc-default-executor-0] INFO  client.GrpcClientProtocolClient (GrpcClientProtocolClient.java:onNext(264)) - client-B22ED198845A->f3174d56-9988-40ec-970b-d447ed545dfb: receive RaftClientReply:client-B22ED198845A->f3174d56-9988-40ec-970b-d447ed545dfb@group-47B82E5F6106, cid=1509, SUCCESS, logIndex=0, commits[f3174d56-9988-40ec-970b-d447ed545dfb:c2148, 3e713ff3-0d17-449f-90fa-609b20cf4c10:c2144, 34290298-343f-405c-af97-b2d19041b010:c2144]
2019-09-11 09:06:28,676 [grpc-default-executor-0] INFO  client.GrpcClientProtocolClient (GrpcClientProtocolClient.java:onNext(264)) - client-B22ED198845A->f3174d56-9988-40ec-970b-d447ed545dfb: receive RaftClientReply:client-B22ED198845A->f3174d56-9988-40ec-970b-d447ed545dfb@group-47B82E5F6106, cid=1510, SUCCESS, logIndex=2151, commits[f3174d56-9988-40ec-970b-d447ed545dfb:c2152, 3e713ff3-0d17-449f-90fa-609b20cf4c10:c2146, 34290298-343f-405c-af97-b2d19041b010:c2150]
2019-09-11 09:06:28,676 [grpc-default-executor-0] INFO  client.GrpcClientProtocolClient (GrpcClientProtocolClient.java:onNext(264)) - client-B22ED198845A->f3174d56-9988-40ec-970b-d447ed545dfb: receive RaftClientReply:client-B22ED198845A->f3174d56-9988-40ec-970b-d447ed545dfb@group-47B82E5F6106, cid=1511, SUCCESS, logIndex=2152, commits[f3174d56-9988-40ec-970b-d447ed545dfb:c2152, 3e713ff3-0d17-449f-90fa-609b20cf4c10:c2150, 34290298-343f-405c-af97-b2d19041b010:c2150]
2019-09-11 09:06:28,691 [grpc-default-executor-1] INFO  client.GrpcClientProtocolClient (GrpcClientProtocolClient.java:onNext(264)) - client-B22ED198845A->f3174d56-9988-40ec-970b-d447ed545dfb: receive RaftClientReply:client-B22ED198845A->f3174d56-9988-40ec-970b-d447ed545dfb@group-47B82E5F6106, cid=1512, SUCCESS, logIndex=2155, commits[f3174d56-9988-40ec-970b-d447ed545dfb:c2156, 3e713ff3-0d17-449f-90fa-609b20cf4c10:c2153, 34290298-343f-405c-af97-b2d19041b010:c2153]
2019-09-11 09:06:28,691 [grpc-default-executor-1] INFO  client.GrpcClientProtocolClient (GrpcClientProtocolClient.java:onNext(264)) - client-B22ED198845A->f3174d56-9988-40ec-970b-d447ed545dfb: receive RaftClientReply:client-B22ED198845A->f3174d56-9988-40ec-970b-d447ed545dfb@group-47B82E5F6106, cid=1513, SUCCESS, logIndex=2156, commits[f3174d56-9988-40ec-970b-d447ed545dfb:c2156, 3e713ff3-0d17-449f-90fa-609b20cf4c10:c2153, 34290298-343f-405c-af97-b2d19041b010:c2153]
2019-09-11 09:06:28,705 [grpc-default-executor-1] INFO  client.GrpcClientProtocolClient (GrpcClientProtocolClient.java:onNext(264)) - client-B22ED198845A->f3174d56-9988-40ec-970b-d447ed545dfb: receive RaftClientReply:client-B22ED198845A->f3174d56-9988-40ec-970b-d447ed545dfb@group-47B82E5F6106, cid=1514, SUCCESS, logIndex=0, commits[f3174d56-9988-40ec-970b-d447ed545dfb:c2158, 3e713ff3-0d17-449f-90fa-609b20cf4c10:c2156, 34290298-343f-405c-af97-b2d19041b010:c2156]
2019-09-11 09:06:28,732 [grpc-default-executor-0] INFO  client.GrpcClientProtocolClient (GrpcClientProtocolClient.java:onNext(264)) - client-B22ED198845A->f3174d56-9988-40ec-970b-d447ed545dfb: receive RaftClientReply:client-B22ED198845A->f3174d56-9988-40ec-970b-d447ed545dfb@group-47B82E5F6106, cid=1515, SUCCESS, logIndex=2159, commits[f3174d56-9988-40ec-970b-d447ed545dfb:c2160, 3e713ff3-0d17-449f-90fa-609b20cf4c10:c2158, 34290298-343f-405c-af97-b2d19041b010:c2158]
2019-09-11 09:06:28,733 [grpc-default-executor-0] INFO  client.GrpcClientProtocolClient (GrpcClientProtocolClient.java:onNext(264)) - client-B22ED198845A->f3174d56-9988-40ec-970b-d447ed545dfb: receive RaftClientReply:client-B22ED198845A->f3174d56-9988-40ec-970b-d447ed545dfb@group-47B82E5F6106, cid=1516, SUCCESS, logIndex=2160, commits[f3174d56-9988-40ec-970b-d447ed545dfb:c2160, 3e713ff3-0d17-449f-90fa-609b20cf4c10:c2158, 34290298-343f-405c-af97-b2d19041b010:c2158]
2019-09-11 09:06:28,735 [grpc-default-executor-1] INFO  client.GrpcClientProtocolClient (GrpcClientProtocolClient.java:onNext(264)) - client-B22ED198845A->f3174d56-9988-40ec-970b-d447ed545dfb: receive RaftClientReply:client-B22ED198845A->f3174d56-9988-40ec-970b-d447ed545dfb@group-47B82E5F6106, cid=1517, SUCCESS, logIndex=2161, commits[f3174d56-9988-40ec-970b-d447ed545dfb:c2162, 3e713ff3-0d17-449f-90fa-609b20cf4c10:c2158, 34290298-343f-405c-af97-b2d19041b010:c2158]
2019-09-11 09:06:28,736 [grpc-default-executor-1] INFO  client.GrpcClientProtocolClient (GrpcClientProtocolClient.java:onNext(264)) - client-B22ED198845A->f3174d56-9988-40ec-970b-d447ed545dfb: receive RaftClientReply:client-B22ED198845A->f3174d56-9988-40ec-970b-d447ed545dfb@group-47B82E5F6106, cid=1518, SUCCESS, logIndex=2162, commits[f3174d56-9988-40ec-970b-d447ed545dfb:c2162, 3e713ff3-0d17-449f-90fa-609b20cf4c10:c2158, 34290298-343f-405c-af97-b2d19041b010:c2158]
2019-09-11 09:06:28,747 [grpc-default-executor-1] INFO  client.GrpcClientProtocolClient (GrpcClientProtocolClient.java:onNext(264)) - client-B22ED198845A->f3174d56-9988-40ec-970b-d447ed545dfb: receive RaftClientReply:client-B22ED198845A->f3174d56-9988-40ec-970b-d447ed545dfb@group-47B82E5F6106, cid=1519, SUCCESS, logIndex=0, commits[f3174d56-9988-40ec-970b-d447ed545dfb:c2164, 3e713ff3-0d17-449f-90fa-609b20cf4c10:c2160, 34290298-343f-405c-af97-b2d19041b010:c2160]
2019-09-11 09:06:28,767 [grpc-default-executor-4] INFO  client.GrpcClientProtocolClient (GrpcClientProtocolClient.java:onNext(264)) - client-B22ED198845A->f3174d56-9988-40ec-970b-d447ed545dfb: receive RaftClientReply:client-B22ED198845A->f3174d56-9988-40ec-970b-d447ed545dfb@group-47B82E5F6106, cid=1520, SUCCESS, logIndex=2167, commits[f3174d56-9988-40ec-970b-d447ed545dfb:c2168, 3e713ff3-0d17-449f-90fa-609b20cf4c10:c2166, 34290298-343f-405c-af97-b2d19041b010:c2166]
2019-09-11 09:06:28,767 [grpc-default-executor-4] INFO  client.GrpcClientProtocolClient (GrpcClientProtocolClient.java:onNext(264)) - client-B22ED198845A->f3174d56-9988-40ec-970b-d447ed545dfb: receive RaftClientReply:client-B22ED198845A->f3174d56-9988-40ec-970b-d447ed545dfb@group-47B82E5F6106, cid=1521, SUCCESS, logIndex=2168, commits[f3174d56-9988-40ec-970b-d447ed545dfb:c2168, 3e713ff3-0d17-449f-90fa-609b20cf4c10:c2166, 34290298-343f-405c-af97-b2d19041b010:c2166]
2019-09-11 09:06:28,781 [grpc-default-executor-1] INFO  client.GrpcClientProtocolClient (GrpcClientProtocolClient.java:onNext(264)) - client-B22ED198845A->f3174d56-9988-40ec-970b-d447ed545dfb: receive RaftClientReply:client-B22ED198845A->f3174d56-9988-40ec-970b-d447ed545dfb@group-47B82E5F6106, cid=1522, SUCCESS, logIndex=2171, commits[f3174d56-9988-40ec-970b-d447ed545dfb:c2172, 3e713ff3-0d17-449f-90fa-609b20cf4c10:c2168, 34290298-343f-405c-af97-b2d19041b010:c2168]
2019-09-11 09:06:28,781 [grpc-default-executor-1] INFO  client.GrpcClientProtocolClient (GrpcClientProtocolClient.java:onNext(264)) - client-B22ED198845A->f3174d56-9988-40ec-970b-d447ed545dfb: receive RaftClientReply:client-B22ED198845A->f3174d56-9988-40ec-970b-d447ed545dfb@group-47B82E5F6106, cid=1523, SUCCESS, logIndex=2172, commits[f3174d56-9988-40ec-970b-d447ed545dfb:c2172, 3e713ff3-0d17-449f-90fa-609b20cf4c10:c2168, 34290298-343f-405c-af97-b2d19041b010:c2168]
2019-09-11 09:06:28,783 [grpc-default-executor-0] INFO  client.GrpcClientProtocolClient (GrpcClientProtocolClient.java:onNext(264)) - client-B22ED198845A->f3174d56-9988-40ec-970b-d447ed545dfb: receive RaftClientReply:client-B22ED198845A->f3174d56-9988-40ec-970b-d447ed545dfb@group-47B82E5F6106, cid=1524, SUCCESS, logIndex=0, commits[f3174d56-9988-40ec-970b-d447ed545dfb:c2173, 3e713ff3-0d17-449f-90fa-609b20cf4c10:c2172, 34290298-343f-405c-af97-b2d19041b010:c2172]
2019-09-11 09:06:28,803 [grpc-default-executor-2] INFO  client.GrpcClientProtocolClient (GrpcClientProtocolClient.java:onNext(264)) - client-B22ED198845A->f3174d56-9988-40ec-970b-d447ed545dfb: receive RaftClientReply:client-B22ED198845A->f3174d56-9988-40ec-970b-d447ed545dfb@group-47B82E5F6106, cid=1525, SUCCESS, logIndex=2175, commits[f3174d56-9988-40ec-970b-d447ed545dfb:c2176, 3e713ff3-0d17-449f-90fa-609b20cf4c10:c2174, 34290298-343f-405c-af97-b2d19041b010:c2172]
2019-09-11 09:06:28,803 [grpc-default-executor-2] INFO  client.GrpcClientProtocolClient (GrpcClientProtocolClient.java:onNext(264)) - client-B22ED198845A->f3174d56-9988-40ec-970b-d447ed545dfb: receive RaftClientReply:client-B22ED198845A->f3174d56-9988-40ec-970b-d447ed545dfb@group-47B82E5F6106, cid=1526, SUCCESS, logIndex=2176, commits[f3174d56-9988-40ec-970b-d447ed545dfb:c2176, 3e713ff3-0d17-449f-90fa-609b20cf4c10:c2174, 34290298-343f-405c-af97-b2d19041b010:c2172]
2019-09-11 09:06:28,805 [grpc-default-executor-0] INFO  client.GrpcClientProtocolClient (GrpcClientProtocolClient.java:onNext(264)) - client-B22ED198845A->f3174d56-9988-40ec-970b-d447ed545dfb: receive RaftClientReply:client-B22ED198845A->f3174d56-9988-40ec-970b-d447ed545dfb@group-47B82E5F6106, cid=1527, SUCCESS, logIndex=2177, commits[f3174d56-9988-40ec-970b-d447ed545dfb:c2177, 3e713ff3-0d17-449f-90fa-609b20cf4c10:c2174, 34290298-343f-405c-af97-b2d19041b010:c2174]
2019-09-11 09:06:28,806 [grpc-default-executor-0] INFO  client.GrpcClientProtocolClient (GrpcClientProtocolClient.java:onNext(264)) - client-B22ED198845A->f3174d56-9988-40ec-970b-d447ed545dfb: receive RaftClientReply:client-B22ED198845A->f3174d56-9988-40ec-970b-d447ed545dfb@group-47B82E5F6106, cid=1528, SUCCESS, logIndex=2178, commits[f3174d56-9988-40ec-970b-d447ed545dfb:c2179, 3e713ff3-0d17-449f-90fa-609b20cf4c10:c2175, 34290298-343f-405c-af97-b2d19041b010:c2174]
2019-09-11 09:06:28,807 [grpc-default-executor-0] INFO  client.GrpcClientProtocolClient (GrpcClientProtocolClient.java:onNext(264)) - client-B22ED198845A->f3174d56-9988-40ec-970b-d447ed545dfb: receive RaftClientReply:client-B22ED198845A->f3174d56-9988-40ec-970b-d447ed545dfb@group-47B82E5F6106, cid=1529, SUCCESS, logIndex=0, commits[f3174d56-9988-40ec-970b-d447ed545dfb:c2180, 3e713ff3-0d17-449f-90fa-609b20cf4c10:c2176, 34290298-343f-405c-af97-b2d19041b010:c2176]
2019-09-11 09:06:28,818 [grpc-default-executor-1] INFO  client.GrpcClientProtocolClient (GrpcClientProtocolClient.java:onNext(264)) - client-B22ED198845A->f3174d56-9988-40ec-970b-d447ed545dfb: receive RaftClientReply:client-B22ED198845A->f3174d56-9988-40ec-970b-d447ed545dfb@group-47B82E5F6106, cid=1530, SUCCESS, logIndex=2182, commits[f3174d56-9988-40ec-970b-d447ed545dfb:c2183, 3e713ff3-0d17-449f-90fa-609b20cf4c10:c2181, 34290298-343f-405c-af97-b2d19041b010:c2177]
2019-09-11 09:06:28,818 [grpc-default-executor-1] INFO  client.GrpcClientProtocolClient (GrpcClientProtocolClient.java:onNext(264)) - client-B22ED198845A->f3174d56-9988-40ec-970b-d447ed545dfb: receive RaftClientReply:client-B22ED198845A->f3174d56-9988-40ec-970b-d447ed545dfb@group-47B82E5F6106, cid=1531, SUCCESS, logIndex=2183, commits[f3174d56-9988-40ec-970b-d447ed545dfb:c2183, 3e713ff3-0d17-449f-90fa-609b20cf4c10:c2181, 34290298-343f-405c-af97-b2d19041b010:c2181]
2019-09-11 09:06:28,857 [grpc-default-executor-2] INFO  client.GrpcClientProtocolClient (GrpcClientProtocolClient.java:onNext(264)) - client-B22ED198845A->f3174d56-9988-40ec-970b-d447ed545dfb: receive RaftClientReply:client-B22ED198845A->f3174d56-9988-40ec-970b-d447ed545dfb@group-47B82E5F6106, cid=1532, SUCCESS, logIndex=2186, commits[f3174d56-9988-40ec-970b-d447ed545dfb:c2187, 3e713ff3-0d17-449f-90fa-609b20cf4c10:c2185, 34290298-343f-405c-af97-b2d19041b010:c2185]
2019-09-11 09:06:28,857 [grpc-default-executor-2] INFO  client.GrpcClientProtocolClient (GrpcClientProtocolClient.java:onNext(264)) - client-B22ED198845A->f3174d56-9988-40ec-970b-d447ed545dfb: receive RaftClientReply:client-B22ED198845A->f3174d56-9988-40ec-970b-d447ed545dfb@group-47B82E5F6106, cid=1533, SUCCESS, logIndex=2187, commits[f3174d56-9988-40ec-970b-d447ed545dfb:c2187, 3e713ff3-0d17-449f-90fa-609b20cf4c10:c2185, 34290298-343f-405c-af97-b2d19041b010:c2185]
2019-09-11 09:06:28,872 [grpc-default-executor-2] INFO  client.GrpcClientProtocolClient (GrpcClientProtocolClient.java:onNext(264)) - client-B22ED198845A->f3174d56-9988-40ec-970b-d447ed545dfb: receive RaftClientReply:client-B22ED198845A->f3174d56-9988-40ec-970b-d447ed545dfb@group-47B82E5F6106, cid=1534, SUCCESS, logIndex=0, commits[f3174d56-9988-40ec-970b-d447ed545dfb:c2188, 3e713ff3-0d17-449f-90fa-609b20cf4c10:c2187, 34290298-343f-405c-af97-b2d19041b010:c2187]
2019-09-11 09:06:28,902 [grpc-default-executor-4] INFO  client.GrpcClientProtocolClient (GrpcClientProtocolClient.java:onNext(264)) - client-B22ED198845A->f3174d56-9988-40ec-970b-d447ed545dfb: receive RaftClientReply:client-B22ED198845A->f3174d56-9988-40ec-970b-d447ed545dfb@group-47B82E5F6106, cid=1535, SUCCESS, logIndex=2190, commits[f3174d56-9988-40ec-970b-d447ed545dfb:c2190, 3e713ff3-0d17-449f-90fa-609b20cf4c10:c2189, 34290298-343f-405c-af97-b2d19041b010:c2187]
2019-09-11 09:06:28,904 [grpc-default-executor-4] INFO  client.GrpcClientProtocolClient (GrpcClientProtocolClient.java:onNext(264)) - client-B22ED198845A->f3174d56-9988-40ec-970b-d447ed545dfb: receive RaftClientReply:client-B22ED198845A->f3174d56-9988-40ec-970b-d447ed545dfb@group-47B82E5F6106, cid=1536, SUCCESS, logIndex=2191, commits[f3174d56-9988-40ec-970b-d447ed545dfb:c2191, 3e713ff3-0d17-449f-90fa-609b20cf4c10:c2189, 34290298-343f-405c-af97-b2d19041b010:c2189]
2019-09-11 09:06:28,912 [grpc-default-executor-4] INFO  client.GrpcClientProtocolClient (GrpcClientProtocolClient.java:onNext(264)) - client-B22ED198845A->f3174d56-9988-40ec-970b-d447ed545dfb: receive RaftClientReply:client-B22ED198845A->f3174d56-9988-40ec-970b-d447ed545dfb@group-47B82E5F6106, cid=1537, SUCCESS, logIndex=2192, commits[f3174d56-9988-40ec-970b-d447ed545dfb:c2194, 3e713ff3-0d17-449f-90fa-609b20cf4c10:c2189, 34290298-343f-405c-af97-b2d19041b010:c2190]
2019-09-11 09:06:28,913 [grpc-default-executor-4] INFO  client.GrpcClientProtocolClient (GrpcClientProtocolClient.java:onNext(264)) - client-B22ED198845A->f3174d56-9988-40ec-970b-d447ed545dfb: receive RaftClientReply:client-B22ED198845A->f3174d56-9988-40ec-970b-d447ed545dfb@group-47B82E5F6106, cid=1538, SUCCESS, logIndex=2193, commits[f3174d56-9988-40ec-970b-d447ed545dfb:c2194, 3e713ff3-0d17-449f-90fa-609b20cf4c10:c2190, 34290298-343f-405c-af97-b2d19041b010:c2191]
2019-09-11 09:06:28,914 [grpc-default-executor-4] INFO  client.GrpcClientProtocolClient (GrpcClientProtocolClient.java:onNext(264)) - client-B22ED198845A->f3174d56-9988-40ec-970b-d447ed545dfb: receive RaftClientReply:client-B22ED198845A->f3174d56-9988-40ec-970b-d447ed545dfb@group-47B82E5F6106, cid=1539, SUCCESS, logIndex=0, commits[f3174d56-9988-40ec-970b-d447ed545dfb:c2195, 3e713ff3-0d17-449f-90fa-609b20cf4c10:c2191, 34290298-343f-405c-af97-b2d19041b010:c2191]
2019-09-11 09:06:28,927 [grpc-default-executor-0] INFO  client.GrpcClientProtocolClient (GrpcClientProtocolClient.java:onNext(264)) - client-B22ED198845A->f3174d56-9988-40ec-970b-d447ed545dfb: receive RaftClientReply:client-B22ED198845A->f3174d56-9988-40ec-970b-d447ed545dfb@group-47B82E5F6106, cid=1540, SUCCESS, logIndex=2197, commits[f3174d56-9988-40ec-970b-d447ed545dfb:c2198, 3e713ff3-0d17-449f-90fa-609b20cf4c10:c2194, 34290298-343f-405c-af97-b2d19041b010:c2195]
2019-09-11 09:06:28,927 [grpc-default-executor-0] INFO  client.GrpcClientProtocolClient (GrpcClientProtocolClient.java:onNext(264)) - client-B22ED198845A->f3174d56-9988-40ec-970b-d447ed545dfb: receive RaftClientReply:client-B22ED198845A->f3174d56-9988-40ec-970b-d447ed545dfb@group-47B82E5F6106, cid=1541, SUCCESS, logIndex=2198, commits[f3174d56-9988-40ec-970b-d447ed545dfb:c2198, 3e713ff3-0d17-449f-90fa-609b20cf4c10:c2194, 34290298-343f-405c-af97-b2d19041b010:c2195]
2019-09-11 09:06:28,946 [grpc-default-executor-4] INFO  client.GrpcClientProtocolClient (GrpcClientProtocolClient.java:onNext(264)) - client-B22ED198845A->f3174d56-9988-40ec-970b-d447ed545dfb: receive RaftClientReply:client-B22ED198845A->f3174d56-9988-40ec-970b-d447ed545dfb@group-47B82E5F6106, cid=1542, SUCCESS, logIndex=2201, commits[f3174d56-9988-40ec-970b-d447ed545dfb:c2202, 3e713ff3-0d17-449f-90fa-609b20cf4c10:c2200, 34290298-343f-405c-af97-b2d19041b010:c2200]
2019-09-11 09:06:28,946 [grpc-default-executor-4] INFO  client.GrpcClientProtocolClient (GrpcClientProtocolClient.java:onNext(264)) - client-B22ED198845A->f3174d56-9988-40ec-970b-d447ed545dfb: receive RaftClientReply:client-B22ED198845A->f3174d56-9988-40ec-970b-d447ed545dfb@group-47B82E5F6106, cid=1543, SUCCESS, logIndex=2202, commits[f3174d56-9988-40ec-970b-d447ed545dfb:c2202, 3e713ff3-0d17-449f-90fa-609b20cf4c10:c2200, 34290298-343f-405c-af97-b2d19041b010:c2200]
2019-09-11 09:06:28,958 [grpc-default-executor-4] INFO  client.GrpcClientProtocolClient (GrpcClientProtocolClient.java:onNext(264)) - client-B22ED198845A->f3174d56-9988-40ec-970b-d447ed545dfb: receive RaftClientReply:client-B22ED198845A->f3174d56-9988-40ec-970b-d447ed545dfb@group-47B82E5F6106, cid=1544, SUCCESS, logIndex=0, commits[f3174d56-9988-40ec-970b-d447ed545dfb:c2203, 3e713ff3-0d17-449f-90fa-609b20cf4c10:c2202, 34290298-343f-405c-af97-b2d19041b010:c2202]
2019-09-11 09:06:28,986 [grpc-default-executor-0] INFO  client.GrpcClientProtocolClient (GrpcClientProtocolClient.java:onNext(264)) - client-B22ED198845A->f3174d56-9988-40ec-970b-d447ed545dfb: receive RaftClientReply:client-B22ED198845A->f3174d56-9988-40ec-970b-d447ed545dfb@group-47B82E5F6106, cid=1545, SUCCESS, logIndex=2205, commits[f3174d56-9988-40ec-970b-d447ed545dfb:c2206, 3e713ff3-0d17-449f-90fa-609b20cf4c10:c2204, 34290298-343f-405c-af97-b2d19041b010:c2204]
2019-09-11 09:06:28,986 [grpc-default-executor-0] INFO  client.GrpcClientProtocolClient (GrpcClientProtocolClient.java:onNext(264)) - client-B22ED198845A->f3174d56-9988-40ec-970b-d447ed545dfb: receive RaftClientReply:client-B22ED198845A->f3174d56-9988-40ec-970b-d447ed545dfb@group-47B82E5F6106, cid=1546, SUCCESS, logIndex=2206, commits[f3174d56-9988-40ec-970b-d447ed545dfb:c2208, 3e713ff3-0d17-449f-90fa-609b20cf4c10:c2204, 34290298-343f-405c-af97-b2d19041b010:c2204]
2019-09-11 09:06:28,986 [grpc-default-executor-0] INFO  client.GrpcClientProtocolClient (GrpcClientProtocolClient.java:onNext(264)) - client-B22ED198845A->f3174d56-9988-40ec-970b-d447ed545dfb: receive RaftClientReply:client-B22ED198845A->f3174d56-9988-40ec-970b-d447ed545dfb@group-47B82E5F6106, cid=1547, SUCCESS, logIndex=2207, commits[f3174d56-9988-40ec-970b-d447ed545dfb:c2208, 3e713ff3-0d17-449f-90fa-609b20cf4c10:c2204, 34290298-343f-405c-af97-b2d19041b010:c2204]
2019-09-11 09:06:28,986 [grpc-default-executor-0] INFO  client.GrpcClientProtocolClient (GrpcClientProtocolClient.java:onNext(264)) - client-B22ED198845A->f3174d56-9988-40ec-970b-d447ed545dfb: receive RaftClientReply:client-B22ED198845A->f3174d56-9988-40ec-970b-d447ed545dfb@group-47B82E5F6106, cid=1548, SUCCESS, logIndex=2208, commits[f3174d56-9988-40ec-970b-d447ed545dfb:c2208, 3e713ff3-0d17-449f-90fa-609b20cf4c10:c2204, 34290298-343f-405c-af97-b2d19041b010:c2204]
2019-09-11 09:06:28,999 [grpc-default-executor-0] INFO  client.GrpcClientProtocolClient (GrpcClientProtocolClient.java:onNext(264)) - client-B22ED198845A->f3174d56-9988-40ec-970b-d447ed545dfb: receive RaftClientReply:client-B22ED198845A->f3174d56-9988-40ec-970b-d447ed545dfb@group-47B82E5F6106, cid=1549, SUCCESS, logIndex=0, commits[f3174d56-9988-40ec-970b-d447ed545dfb:c2210, 3e713ff3-0d17-449f-90fa-609b20cf4c10:c2206, 34290298-343f-405c-af97-b2d19041b010:c2206]
2019-09-11 09:06:29,017 [grpc-default-executor-4] INFO  client.GrpcClientProtocolClient (GrpcClientProtocolClient.java:onNext(264)) - client-B22ED198845A->f3174d56-9988-40ec-970b-d447ed545dfb: receive RaftClientReply:client-B22ED198845A->f3174d56-9988-40ec-970b-d447ed545dfb@group-47B82E5F6106, cid=1550, SUCCESS, logIndex=2212, commits[f3174d56-9988-40ec-970b-d447ed545dfb:c2213, 3e713ff3-0d17-449f-90fa-609b20cf4c10:c2211, 34290298-343f-405c-af97-b2d19041b010:c2211]
2019-09-11 09:06:29,018 [grpc-default-executor-4] INFO  client.GrpcClientProtocolClient (GrpcClientProtocolClient.java:onNext(264)) - client-B22ED198845A->f3174d56-9988-40ec-970b-d447ed545dfb: receive RaftClientReply:client-B22ED198845A->f3174d56-9988-40ec-970b-d447ed545dfb@group-47B82E5F6106, cid=1551, SUCCESS, logIndex=2213, commits[f3174d56-9988-40ec-970b-d447ed545dfb:c2213, 3e713ff3-0d17-449f-90fa-609b20cf4c10:c2211, 34290298-343f-405c-af97-b2d19041b010:c2211]
2019-09-11 09:06:29,032 [grpc-default-executor-2] INFO  client.GrpcClientProtocolClient (GrpcClientProtocolClient.java:onNext(264)) - client-B22ED198845A->f3174d56-9988-40ec-970b-d447ed545dfb: receive RaftClientReply:client-B22ED198845A->f3174d56-9988-40ec-970b-d447ed545dfb@group-47B82E5F6106, cid=1552, SUCCESS, logIndex=2216, commits[f3174d56-9988-40ec-970b-d447ed545dfb:c2217, 3e713ff3-0d17-449f-90fa-609b20cf4c10:c2213, 34290298-343f-405c-af97-b2d19041b010:c2213]
2019-09-11 09:06:29,033 [grpc-default-executor-2] INFO  client.GrpcClientProtocolClient (GrpcClientProtocolClient.java:onNext(264)) - client-B22ED198845A->f3174d56-9988-40ec-970b-d447ed545dfb: receive RaftClientReply:client-B22ED198845A->f3174d56-9988-40ec-970b-d447ed545dfb@group-47B82E5F6106, cid=1553, SUCCESS, logIndex=2217, commits[f3174d56-9988-40ec-970b-d447ed545dfb:c2217, 3e713ff3-0d17-449f-90fa-609b20cf4c10:c2213, 34290298-343f-405c-af97-b2d19041b010:c2213]
2019-09-11 09:06:29,037 [grpc-default-executor-2] INFO  client.GrpcClientProtocolClient (GrpcClientProtocolClient.java:onNext(264)) - client-B22ED198845A->f3174d56-9988-40ec-970b-d447ed545dfb: receive RaftClientReply:client-B22ED198845A->f3174d56-9988-40ec-970b-d447ed545dfb@group-47B82E5F6106, cid=1554, SUCCESS, logIndex=0, commits[f3174d56-9988-40ec-970b-d447ed545dfb:c2219, 3e713ff3-0d17-449f-90fa-609b20cf4c10:c2217, 34290298-343f-405c-af97-b2d19041b010:c2217]
2019-09-11 09:06:29,148 [grpc-default-executor-2] INFO  client.GrpcClientProtocolClient (GrpcClientProtocolClient.java:onNext(264)) - client-B22ED198845A->f3174d56-9988-40ec-970b-d447ed545dfb: receive RaftClientReply:client-B22ED198845A->f3174d56-9988-40ec-970b-d447ed545dfb@group-47B82E5F6106, cid=1555, SUCCESS, logIndex=2220, commits[f3174d56-9988-40ec-970b-d447ed545dfb:c2222, 3e713ff3-0d17-449f-90fa-609b20cf4c10:c2217, 34290298-343f-405c-af97-b2d19041b010:c2219]
2019-09-11 09:06:29,149 [grpc-default-executor-2] INFO  client.GrpcClientProtocolClient (GrpcClientProtocolClient.java:onNext(264)) - client-B22ED198845A->f3174d56-9988-40ec-970b-d447ed545dfb: receive RaftClientReply:client-B22ED198845A->f3174d56-9988-40ec-970b-d447ed545dfb@group-47B82E5F6106, cid=1556, SUCCESS, logIndex=2221, commits[f3174d56-9988-40ec-970b-d447ed545dfb:c2223, 3e713ff3-0d17-449f-90fa-609b20cf4c10:c2219, 34290298-343f-405c-af97-b2d19041b010:c2219]
2019-09-11 09:06:29,149 [grpc-default-executor-2] INFO  client.GrpcClientProtocolClient (GrpcClientProtocolClient.java:onNext(264)) - client-B22ED198845A->f3174d56-9988-40ec-970b-d447ed545dfb: receive RaftClientReply:client-B22ED198845A->f3174d56-9988-40ec-970b-d447ed545dfb@group-47B82E5F6106, cid=1557, SUCCESS, logIndex=2222, commits[f3174d56-9988-40ec-970b-d447ed545dfb:c2226, 3e713ff3-0d17-449f-90fa-609b20cf4c10:c2223, 34290298-343f-405c-af97-b2d19041b010:c2219]
2019-09-11 09:06:29,150 [grpc-default-executor-2] INFO  client.GrpcClientProtocolClient (GrpcClientProtocolClient.java:onNext(264)) - client-B22ED198845A->f3174d56-9988-40ec-970b-d447ed545dfb: receive RaftClientReply:client-B22ED198845A->f3174d56-9988-40ec-970b-d447ed545dfb@group-47B82E5F6106, cid=1558, SUCCESS, logIndex=2223, commits[f3174d56-9988-40ec-970b-d447ed545dfb:c2226, 3e713ff3-0d17-449f-90fa-609b20cf4c10:c2223, 34290298-343f-405c-af97-b2d19041b010:c2221]
2019-09-11 09:06:29,161 [grpc-default-executor-2] INFO  client.GrpcClientProtocolClient (GrpcClientProtocolClient.java:onNext(264)) - client-B22ED198845A->f3174d56-9988-40ec-970b-d447ed545dfb: receive RaftClientReply:client-B22ED198845A->f3174d56-9988-40ec-970b-d447ed545dfb@group-47B82E5F6106, cid=1559, SUCCESS, logIndex=2228, commits[f3174d56-9988-40ec-970b-d447ed545dfb:c2229, 3e713ff3-0d17-449f-90fa-609b20cf4c10:c2226, 34290298-343f-405c-af97-b2d19041b010:c2223]
2019-09-11 09:06:29,161 [grpc-default-executor-2] INFO  client.GrpcClientProtocolClient (GrpcClientProtocolClient.java:onNext(264)) - client-B22ED198845A->f3174d56-9988-40ec-970b-d447ed545dfb: receive RaftClientReply:client-B22ED198845A->f3174d56-9988-40ec-970b-d447ed545dfb@group-47B82E5F6106, cid=1560, SUCCESS, logIndex=2229, commits[f3174d56-9988-40ec-970b-d447ed545dfb:c2229, 3e713ff3-0d17-449f-90fa-609b20cf4c10:c2226, 34290298-343f-405c-af97-b2d19041b010:c2226]
2019-09-11 09:06:29,179 [grpc-default-executor-4] INFO  client.GrpcClientProtocolClient (GrpcClientProtocolClient.java:onNext(264)) - client-B22ED198845A->f3174d56-9988-40ec-970b-d447ed545dfb: receive RaftClientReply:client-B22ED198845A->f3174d56-9988-40ec-970b-d447ed545dfb@group-47B82E5F6106, cid=1561, SUCCESS, logIndex=2232, commits[f3174d56-9988-40ec-970b-d447ed545dfb:c2233, 3e713ff3-0d17-449f-90fa-609b20cf4c10:c2231, 34290298-343f-405c-af97-b2d19041b010:c2231]
2019-09-11 09:06:29,180 [grpc-default-executor-4] INFO  client.GrpcClientProtocolClient (GrpcClientProtocolClient.java:onNext(264)) - client-B22ED198845A->f3174d56-9988-40ec-970b-d447ed545dfb: receive RaftClientReply:client-B22ED198845A->f3174d56-9988-40ec-970b-d447ed545dfb@group-47B82E5F6106, cid=1562, SUCCESS, logIndex=2233, commits[f3174d56-9988-40ec-970b-d447ed545dfb:c2233, 3e713ff3-0d17-449f-90fa-609b20cf4c10:c2231, 34290298-343f-405c-af97-b2d19041b010:c2231]
2019-09-11 09:06:29,205 [grpc-default-executor-4] INFO  client.GrpcClientProtocolClient (GrpcClientProtocolClient.java:onNext(264)) - client-B22ED198845A->f3174d56-9988-40ec-970b-d447ed545dfb: receive RaftClientReply:client-B22ED198845A->f3174d56-9988-40ec-970b-d447ed545dfb@group-47B82E5F6106, cid=1563, SUCCESS, logIndex=0, commits[f3174d56-9988-40ec-970b-d447ed545dfb:c2235, 3e713ff3-0d17-449f-90fa-609b20cf4c10:c2233, 34290298-343f-405c-af97-b2d19041b010:c2233]
2019-09-11 09:06:29,237 [grpc-default-executor-1] INFO  client.GrpcClientProtocolClient (GrpcClientProtocolClient.java:onNext(264)) - client-B22ED198845A->f3174d56-9988-40ec-970b-d447ed545dfb: receive RaftClientReply:client-B22ED198845A->f3174d56-9988-40ec-970b-d447ed545dfb@group-47B82E5F6106, cid=1564, SUCCESS, logIndex=2236, commits[f3174d56-9988-40ec-970b-d447ed545dfb:c2238, 3e713ff3-0d17-449f-90fa-609b20cf4c10:c2235, 34290298-343f-405c-af97-b2d19041b010:c2235]
2019-09-11 09:06:29,238 [grpc-default-executor-1] INFO  client.GrpcClientProtocolClient (GrpcClientProtocolClient.java:onNext(264)) - client-B22ED198845A->f3174d56-9988-40ec-970b-d447ed545dfb: receive RaftClientReply:client-B22ED198845A->f3174d56-9988-40ec-970b-d447ed545dfb@group-47B82E5F6106, cid=1565, SUCCESS, logIndex=2237, commits[f3174d56-9988-40ec-970b-d447ed545dfb:c2239, 3e713ff3-0d17-449f-90fa-609b20cf4c10:c2235, 34290298-343f-405c-af97-b2d19041b010:c2235]
2019-09-11 09:06:29,238 [grpc-default-executor-1] INFO  client.GrpcClientProtocolClient (GrpcClientProtocolClient.java:onNext(264)) - client-B22ED198845A->f3174d56-9988-40ec-970b-d447ed545dfb: receive RaftClientReply:client-B22ED198845A->f3174d56-9988-40ec-970b-d447ed545dfb@group-47B82E5F6106, cid=1566, SUCCESS, logIndex=2238, commits[f3174d56-9988-40ec-970b-d447ed545dfb:c2239, 3e713ff3-0d17-449f-90fa-609b20cf4c10:c2235, 34290298-343f-405c-af97-b2d19041b010:c2235]
2019-09-11 09:06:29,238 [grpc-default-executor-1] INFO  client.GrpcClientProtocolClient (GrpcClientProtocolClient.java:onNext(264)) - client-B22ED198845A->f3174d56-9988-40ec-970b-d447ed545dfb: receive RaftClientReply:client-B22ED198845A->f3174d56-9988-40ec-970b-d447ed545dfb@group-47B82E5F6106, cid=1567, SUCCESS, logIndex=2239, commits[f3174d56-9988-40ec-970b-d447ed545dfb:c2239, 3e713ff3-0d17-449f-90fa-609b20cf4c10:c2235, 34290298-343f-405c-af97-b2d19041b010:c2235]
2019-09-11 09:06:29,262 [grpc-default-executor-1] INFO  client.GrpcClientProtocolClient (GrpcClientProtocolClient.java:onNext(264)) - client-B22ED198845A->f3174d56-9988-40ec-970b-d447ed545dfb: receive RaftClientReply:client-B22ED198845A->f3174d56-9988-40ec-970b-d447ed545dfb@group-47B82E5F6106, cid=1568, SUCCESS, logIndex=0, commits[f3174d56-9988-40ec-970b-d447ed545dfb:c2241, 3e713ff3-0d17-449f-90fa-609b20cf4c10:c2238, 34290298-343f-405c-af97-b2d19041b010:c2238]
2019-09-11 09:06:29,281 [grpc-default-executor-1] INFO  client.GrpcClientProtocolClient (GrpcClientProtocolClient.java:onNext(264)) - client-B22ED198845A->f3174d56-9988-40ec-970b-d447ed545dfb: receive RaftClientReply:client-B22ED198845A->f3174d56-9988-40ec-970b-d447ed545dfb@group-47B82E5F6106, cid=1569, SUCCESS, logIndex=2244, commits[f3174d56-9988-40ec-970b-d447ed545dfb:c2245, 3e713ff3-0d17-449f-90fa-609b20cf4c10:c2243, 34290298-343f-405c-af97-b2d19041b010:c2243]
2019-09-11 09:06:29,282 [grpc-default-executor-1] INFO  client.GrpcClientProtocolClient (GrpcClientProtocolClient.java:onNext(264)) - client-B22ED198845A->f3174d56-9988-40ec-970b-d447ed545dfb: receive RaftClientReply:client-B22ED198845A->f3174d56-9988-40ec-970b-d447ed545dfb@group-47B82E5F6106, cid=1570, SUCCESS, logIndex=2245, commits[f3174d56-9988-40ec-970b-d447ed545dfb:c2245, 3e713ff3-0d17-449f-90fa-609b20cf4c10:c2243, 34290298-343f-405c-af97-b2d19041b010:c2243]
2019-09-11 09:06:29,297 [grpc-default-executor-4] INFO  client.GrpcClientProtocolClient (GrpcClientProtocolClient.java:onNext(264)) - client-B22ED198845A->f3174d56-9988-40ec-970b-d447ed545dfb: receive RaftClientReply:client-B22ED198845A->f3174d56-9988-40ec-970b-d447ed545dfb@group-47B82E5F6106, cid=1571, SUCCESS, logIndex=2248, commits[f3174d56-9988-40ec-970b-d447ed545dfb:c2249, 3e713ff3-0d17-449f-90fa-609b20cf4c10:c2245, 34290298-343f-405c-af97-b2d19041b010:c2245]
2019-09-11 09:06:29,299 [grpc-default-executor-4] INFO  client.GrpcClientProtocolClient (GrpcClientProtocolClient.java:onNext(264)) - client-B22ED198845A->f3174d56-9988-40ec-970b-d447ed545dfb: receive RaftClientReply:client-B22ED198845A->f3174d56-9988-40ec-970b-d447ed545dfb@group-47B82E5F6106, cid=1572, SUCCESS, logIndex=2249, commits[f3174d56-9988-40ec-970b-d447ed545dfb:c2250, 3e713ff3-0d17-449f-90fa-609b20cf4c10:c2248, 34290298-343f-405c-af97-b2d19041b010:c2248]
2019-09-11 09:06:29,300 [grpc-default-executor-4] INFO  client.GrpcClientProtocolClient (GrpcClientProtocolClient.java:onNext(264)) - client-B22ED198845A->f3174d56-9988-40ec-970b-d447ed545dfb: receive RaftClientReply:client-B22ED198845A->f3174d56-9988-40ec-970b-d447ed545dfb@group-47B82E5F6106, cid=1573, SUCCESS, logIndex=0, commits[f3174d56-9988-40ec-970b-d447ed545dfb:c2251, 3e713ff3-0d17-449f-90fa-609b20cf4c10:c2249, 34290298-343f-405c-af97-b2d19041b010:c2249]
2019-09-11 09:06:29,325 [grpc-default-executor-4] INFO  client.GrpcClientProtocolClient (GrpcClientProtocolClient.java:onNext(264)) - client-B22ED198845A->f3174d56-9988-40ec-970b-d447ed545dfb: receive RaftClientReply:client-B22ED198845A->f3174d56-9988-40ec-970b-d447ed545dfb@group-47B82E5F6106, cid=1574, SUCCESS, logIndex=2252, commits[f3174d56-9988-40ec-970b-d447ed545dfb:c2253, 3e713ff3-0d17-449f-90fa-609b20cf4c10:c2251, 34290298-343f-405c-af97-b2d19041b010:c2251]
2019-09-11 09:06:29,325 [grpc-default-executor-4] INFO  client.GrpcClientProtocolClient (GrpcClientProtocolClient.java:onNext(264)) - client-B22ED198845A->f3174d56-9988-40ec-970b-d447ed545dfb: receive RaftClientReply:client-B22ED198845A->f3174d56-9988-40ec-970b-d447ed545dfb@group-47B82E5F6106, cid=1575, SUCCESS, logIndex=2253, commits[f3174d56-9988-40ec-970b-d447ed545dfb:c2255, 3e713ff3-0d17-449f-90fa-609b20cf4c10:c2251, 34290298-343f-405c-af97-b2d19041b010:c2251]
2019-09-11 09:06:29,325 [grpc-default-executor-4] INFO  client.GrpcClientProtocolClient (GrpcClientProtocolClient.java:onNext(264)) - client-B22ED198845A->f3174d56-9988-40ec-970b-d447ed545dfb: receive RaftClientReply:client-B22ED198845A->f3174d56-9988-40ec-970b-d447ed545dfb@group-47B82E5F6106, cid=1576, SUCCESS, logIndex=2254, commits[f3174d56-9988-40ec-970b-d447ed545dfb:c2255, 3e713ff3-0d17-449f-90fa-609b20cf4c10:c2251, 34290298-343f-405c-af97-b2d19041b010:c2251]
2019-09-11 09:06:29,325 [grpc-default-executor-4] INFO  client.GrpcClientProtocolClient (GrpcClientProtocolClient.java:onNext(264)) - client-B22ED198845A->f3174d56-9988-40ec-970b-d447ed545dfb: receive RaftClientReply:client-B22ED198845A->f3174d56-9988-40ec-970b-d447ed545dfb@group-47B82E5F6106, cid=1577, SUCCESS, logIndex=2255, commits[f3174d56-9988-40ec-970b-d447ed545dfb:c2255, 3e713ff3-0d17-449f-90fa-609b20cf4c10:c2251, 34290298-343f-405c-af97-b2d19041b010:c2251]
2019-09-11 09:06:29,331 [grpc-default-executor-4] INFO  client.GrpcClientProtocolClient (GrpcClientProtocolClient.java:onNext(264)) - client-B22ED198845A->f3174d56-9988-40ec-970b-d447ed545dfb: receive RaftClientReply:client-B22ED198845A->f3174d56-9988-40ec-970b-d447ed545dfb@group-47B82E5F6106, cid=1578, SUCCESS, logIndex=0, commits[f3174d56-9988-40ec-970b-d447ed545dfb:c2258, 3e713ff3-0d17-449f-90fa-609b20cf4c10:c2255, 34290298-343f-405c-af97-b2d19041b010:c2253]
2019-09-11 09:06:29,341 [grpc-default-executor-0] INFO  client.GrpcClientProtocolClient (GrpcClientProtocolClient.java:onNext(264)) - client-B22ED198845A->f3174d56-9988-40ec-970b-d447ed545dfb: receive RaftClientReply:client-B22ED198845A->f3174d56-9988-40ec-970b-d447ed545dfb@group-47B82E5F6106, cid=1579, SUCCESS, logIndex=2259, commits[f3174d56-9988-40ec-970b-d447ed545dfb:c2260, 3e713ff3-0d17-449f-90fa-609b20cf4c10:c2258, 34290298-343f-405c-af97-b2d19041b010:c2255]
2019-09-11 09:06:29,341 [grpc-default-executor-0] INFO  client.GrpcClientProtocolClient (GrpcClientProtocolClient.java:onNext(264)) - client-B22ED198845A->f3174d56-9988-40ec-970b-d447ed545dfb: receive RaftClientReply:client-B22ED198845A->f3174d56-9988-40ec-970b-d447ed545dfb@group-47B82E5F6106, cid=1580, SUCCESS, logIndex=2260, commits[f3174d56-9988-40ec-970b-d447ed545dfb:c2260, 3e713ff3-0d17-449f-90fa-609b20cf4c10:c2258, 34290298-343f-405c-af97-b2d19041b010:c2258]
2019-09-11 09:06:29,352 [grpc-default-executor-2] INFO  client.GrpcClientProtocolClient (GrpcClientProtocolClient.java:onNext(264)) - client-B22ED198845A->f3174d56-9988-40ec-970b-d447ed545dfb: receive RaftClientReply:client-B22ED198845A->f3174d56-9988-40ec-970b-d447ed545dfb@group-47B82E5F6106, cid=1581, SUCCESS, logIndex=2263, commits[f3174d56-9988-40ec-970b-d447ed545dfb:c2264, 3e713ff3-0d17-449f-90fa-609b20cf4c10:c2262, 34290298-343f-405c-af97-b2d19041b010:c2262]
2019-09-11 09:06:29,353 [grpc-default-executor-2] INFO  client.GrpcClientProtocolClient (GrpcClientProtocolClient.java:onNext(264)) - client-B22ED198845A->f3174d56-9988-40ec-970b-d447ed545dfb: receive RaftClientReply:client-B22ED198845A->f3174d56-9988-40ec-970b-d447ed545dfb@group-47B82E5F6106, cid=1582, SUCCESS, logIndex=2264, commits[f3174d56-9988-40ec-970b-d447ed545dfb:c2264, 3e713ff3-0d17-449f-90fa-609b20cf4c10:c2262, 34290298-343f-405c-af97-b2d19041b010:c2262]
2019-09-11 09:06:29,358 [grpc-default-executor-0] INFO  client.GrpcClientProtocolClient (GrpcClientProtocolClient.java:onNext(264)) - client-B22ED198845A->f3174d56-9988-40ec-970b-d447ed545dfb: receive RaftClientReply:client-B22ED198845A->f3174d56-9988-40ec-970b-d447ed545dfb@group-47B82E5F6106, cid=1583, SUCCESS, logIndex=0, commits[f3174d56-9988-40ec-970b-d447ed545dfb:c2265, 3e713ff3-0d17-449f-90fa-609b20cf4c10:c2264, 34290298-343f-405c-af97-b2d19041b010:c2264]
2019-09-11 09:06:29,393 [grpc-default-executor-2] INFO  client.GrpcClientProtocolClient (GrpcClientProtocolClient.java:onNext(264)) - client-B22ED198845A->f3174d56-9988-40ec-970b-d447ed545dfb: receive RaftClientReply:client-B22ED198845A->f3174d56-9988-40ec-970b-d447ed545dfb@group-47B82E5F6106, cid=1584, SUCCESS, logIndex=2267, commits[f3174d56-9988-40ec-970b-d447ed545dfb:c2268, 3e713ff3-0d17-449f-90fa-609b20cf4c10:c2264, 34290298-343f-405c-af97-b2d19041b010:c2266]
2019-09-11 09:06:29,394 [grpc-default-executor-2] INFO  client.GrpcClientProtocolClient (GrpcClientProtocolClient.java:onNext(264)) - client-B22ED198845A->f3174d56-9988-40ec-970b-d447ed545dfb: receive RaftClientReply:client-B22ED198845A->f3174d56-9988-40ec-970b-d447ed545dfb@group-47B82E5F6106, cid=1585, SUCCESS, logIndex=2268, commits[f3174d56-9988-40ec-970b-d447ed545dfb:c2270, 3e713ff3-0d17-449f-90fa-609b20cf4c10:c2266, 34290298-343f-405c-af97-b2d19041b010:c2266]
2019-09-11 09:06:29,394 [grpc-default-executor-2] INFO  client.GrpcClientProtocolClient (GrpcClientProtocolClient.java:onNext(264)) - client-B22ED198845A->f3174d56-9988-40ec-970b-d447ed545dfb: receive RaftClientReply:client-B22ED198845A->f3174d56-9988-40ec-970b-d447ed545dfb@group-47B82E5F6106, cid=1586, SUCCESS, logIndex=2269, commits[f3174d56-9988-40ec-970b-d447ed545dfb:c2270, 3e713ff3-0d17-449f-90fa-609b20cf4c10:c2266, 34290298-343f-405c-af97-b2d19041b010:c2266]
2019-09-11 09:06:29,394 [grpc-default-executor-2] INFO  client.GrpcClientProtocolClient (GrpcClientProtocolClient.java:onNext(264)) - client-B22ED198845A->f3174d56-9988-40ec-970b-d447ed545dfb: receive RaftClientReply:client-B22ED198845A->f3174d56-9988-40ec-970b-d447ed545dfb@group-47B82E5F6106, cid=1587, SUCCESS, logIndex=2270, commits[f3174d56-9988-40ec-970b-d447ed545dfb:c2270, 3e713ff3-0d17-449f-90fa-609b20cf4c10:c2266, 34290298-343f-405c-af97-b2d19041b010:c2266]
2019-09-11 09:06:29,398 [grpc-default-executor-2] INFO  client.GrpcClientProtocolClient (GrpcClientProtocolClient.java:onNext(264)) - client-B22ED198845A->f3174d56-9988-40ec-970b-d447ed545dfb: receive RaftClientReply:client-B22ED198845A->f3174d56-9988-40ec-970b-d447ed545dfb@group-47B82E5F6106, cid=1588, SUCCESS, logIndex=0, commits[f3174d56-9988-40ec-970b-d447ed545dfb:c2271, 3e713ff3-0d17-449f-90fa-609b20cf4c10:c2268, 34290298-343f-405c-af97-b2d19041b010:c2268]
2019-09-11 09:06:29,409 [grpc-default-executor-4] INFO  client.GrpcClientProtocolClient (GrpcClientProtocolClient.java:onNext(264)) - client-B22ED198845A->f3174d56-9988-40ec-970b-d447ed545dfb: receive RaftClientReply:client-B22ED198845A->f3174d56-9988-40ec-970b-d447ed545dfb@group-47B82E5F6106, cid=1589, SUCCESS, logIndex=2274, commits[f3174d56-9988-40ec-970b-d447ed545dfb:c2275, 3e713ff3-0d17-449f-90fa-609b20cf4c10:c2270, 34290298-343f-405c-af97-b2d19041b010:c2273]
2019-09-11 09:06:29,410 [grpc-default-executor-4] INFO  client.GrpcClientProtocolClient (GrpcClientProtocolClient.java:onNext(264)) - client-B22ED198845A->f3174d56-9988-40ec-970b-d447ed545dfb: receive RaftClientReply:client-B22ED198845A->f3174d56-9988-40ec-970b-d447ed545dfb@group-47B82E5F6106, cid=1590, SUCCESS, logIndex=2275, commits[f3174d56-9988-40ec-970b-d447ed545dfb:c2275, 3e713ff3-0d17-449f-90fa-609b20cf4c10:c2270, 34290298-343f-405c-af97-b2d19041b010:c2273]
2019-09-11 09:06:29,425 [grpc-default-executor-2] INFO  client.GrpcClientProtocolClient (GrpcClientProtocolClient.java:onNext(264)) - client-B22ED198845A->f3174d56-9988-40ec-970b-d447ed545dfb: receive RaftClientReply:client-B22ED198845A->f3174d56-9988-40ec-970b-d447ed545dfb@group-47B82E5F6106, cid=1591, SUCCESS, logIndex=2278, commits[f3174d56-9988-40ec-970b-d447ed545dfb:c2279, 3e713ff3-0d17-449f-90fa-609b20cf4c10:c2276, 34290298-343f-405c-af97-b2d19041b010:c2275]
2019-09-11 09:06:29,425 [grpc-default-executor-4] INFO  client.GrpcClientProtocolClient (GrpcClientProtocolClient.java:onNext(264)) - client-B22ED198845A->f3174d56-9988-40ec-970b-d447ed545dfb: receive RaftClientReply:client-B22ED198845A->f3174d56-9988-40ec-970b-d447ed545dfb@group-47B82E5F6106, cid=1592, SUCCESS, logIndex=2279, commits[f3174d56-9988-40ec-970b-d447ed545dfb:c2279, 3e713ff3-0d17-449f-90fa-609b20cf4c10:c2276, 34290298-343f-405c-af97-b2d19041b010:c2275]
2019-09-11 09:06:29,439 [grpc-default-executor-4] INFO  client.GrpcClientProtocolClient (GrpcClientProtocolClient.java:onNext(264)) - client-B22ED198845A->f3174d56-9988-40ec-970b-d447ed545dfb: receive RaftClientReply:client-B22ED198845A->f3174d56-9988-40ec-970b-d447ed545dfb@group-47B82E5F6106, cid=1593, SUCCESS, logIndex=0, commits[f3174d56-9988-40ec-970b-d447ed545dfb:c2280, 3e713ff3-0d17-449f-90fa-609b20cf4c10:c2279, 34290298-343f-405c-af97-b2d19041b010:c2279]
2019-09-11 09:06:29,466 [grpc-default-executor-2] INFO  client.GrpcClientProtocolClient (GrpcClientProtocolClient.java:onNext(264)) - client-B22ED198845A->f3174d56-9988-40ec-970b-d447ed545dfb: receive RaftClientReply:client-B22ED198845A->f3174d56-9988-40ec-970b-d447ed545dfb@group-47B82E5F6106, cid=1594, SUCCESS, logIndex=2282, commits[f3174d56-9988-40ec-970b-d447ed545dfb:c2283, 3e713ff3-0d17-449f-90fa-609b20cf4c10:c2281, 34290298-343f-405c-af97-b2d19041b010:c2281]
2019-09-11 09:06:29,467 [grpc-default-executor-2] INFO  client.GrpcClientProtocolClient (GrpcClientProtocolClient.java:onNext(264)) - client-B22ED198845A->f3174d56-9988-40ec-970b-d447ed545dfb: receive RaftClientReply:client-B22ED198845A->f3174d56-9988-40ec-970b-d447ed545dfb@group-47B82E5F6106, cid=1595, SUCCESS, logIndex=2283, commits[f3174d56-9988-40ec-970b-d447ed545dfb:c2283, 3e713ff3-0d17-449f-90fa-609b20cf4c10:c2281, 34290298-343f-405c-af97-b2d19041b010:c2281]
2019-09-11 09:06:29,467 [grpc-default-executor-2] INFO  client.GrpcClientProtocolClient (GrpcClientProtocolClient.java:onNext(264)) - client-B22ED198845A->f3174d56-9988-40ec-970b-d447ed545dfb: receive RaftClientReply:client-B22ED198845A->f3174d56-9988-40ec-970b-d447ed545dfb@group-47B82E5F6106, cid=1596, SUCCESS, logIndex=2284, commits[f3174d56-9988-40ec-970b-d447ed545dfb:c2285, 3e713ff3-0d17-449f-90fa-609b20cf4c10:c2281, 34290298-343f-405c-af97-b2d19041b010:c2281]
2019-09-11 09:06:29,468 [grpc-default-executor-2] INFO  client.GrpcClientProtocolClient (GrpcClientProtocolClient.java:onNext(264)) - client-B22ED198845A->f3174d56-9988-40ec-970b-d447ed545dfb: receive RaftClientReply:client-B22ED198845A->f3174d56-9988-40ec-970b-d447ed545dfb@group-47B82E5F6106, cid=1597, SUCCESS, logIndex=2285, commits[f3174d56-9988-40ec-970b-d447ed545dfb:c2285, 3e713ff3-0d17-449f-90fa-609b20cf4c10:c2281, 34290298-343f-405c-af97-b2d19041b010:c2281]
2019-09-11 09:06:29,482 [grpc-default-executor-2] INFO  client.GrpcClientProtocolClient (GrpcClientProtocolClient.java:onNext(264)) - client-B22ED198845A->f3174d56-9988-40ec-970b-d447ed545dfb: receive RaftClientReply:client-B22ED198845A->f3174d56-9988-40ec-970b-d447ed545dfb@group-47B82E5F6106, cid=1598, SUCCESS, logIndex=0, commits[f3174d56-9988-40ec-970b-d447ed545dfb:c2287, 3e713ff3-0d17-449f-90fa-609b20cf4c10:c2283, 34290298-343f-405c-af97-b2d19041b010:c2283]
2019-09-11 09:06:29,496 [grpc-default-executor-0] INFO  client.GrpcClientProtocolClient (GrpcClientProtocolClient.java:onNext(264)) - client-B22ED198845A->f3174d56-9988-40ec-970b-d447ed545dfb: receive RaftClientReply:client-B22ED198845A->f3174d56-9988-40ec-970b-d447ed545dfb@group-47B82E5F6106, cid=1599, SUCCESS, logIndex=2290, commits[f3174d56-9988-40ec-970b-d447ed545dfb:c2291, 3e713ff3-0d17-449f-90fa-609b20cf4c10:c2285, 34290298-343f-405c-af97-b2d19041b010:c2289]
2019-09-11 09:06:29,496 [grpc-default-executor-0] INFO  client.GrpcClientProtocolClient (GrpcClientProtocolClient.java:onNext(264)) - client-B22ED198845A->f3174d56-9988-40ec-970b-d447ed545dfb: receive RaftClientReply:client-B22ED198845A->f3174d56-9988-40ec-970b-d447ed545dfb@group-47B82E5F6106, cid=1600, SUCCESS, logIndex=2291, commits[f3174d56-9988-40ec-970b-d447ed545dfb:c2291, 3e713ff3-0d17-449f-90fa-609b20cf4c10:c2285, 34290298-343f-405c-af97-b2d19041b010:c2289]
 0.00% |█                                                                                                    |  0/1 Time: 0:00:092019-09-11 09:06:29,521 [grpc-default-executor-4] INFO  client.GrpcClientProtocolClient (GrpcClientProtocolClient.java:onNext(264)) - client-B22ED198845A->f3174d56-9988-40ec-970b-d447ed545dfb: receive RaftClientReply:client-B22ED198845A->f3174d56-9988-40ec-970b-d447ed545dfb@group-47B82E5F6106, cid=1601, SUCCESS, logIndex=2294, commits[f3174d56-9988-40ec-970b-d447ed545dfb:c2295, 3e713ff3-0d17-449f-90fa-609b20cf4c10:c2291, 34290298-343f-405c-af97-b2d19041b010:c2291]
2019-09-11 09:06:29,521 [grpc-default-executor-4] INFO  client.GrpcClientProtocolClient (GrpcClientProtocolClient.java:onNext(264)) - client-B22ED198845A->f3174d56-9988-40ec-970b-d447ed545dfb: receive RaftClientReply:client-B22ED198845A->f3174d56-9988-40ec-970b-d447ed545dfb@group-47B82E5F6106, cid=1602, SUCCESS, logIndex=2295, commits[f3174d56-9988-40ec-970b-d447ed545dfb:c2295, 3e713ff3-0d17-449f-90fa-609b20cf4c10:c2291, 34290298-343f-405c-af97-b2d19041b010:c2291]
2019-09-11 09:06:29,533 [grpc-default-executor-4] INFO  client.GrpcClientProtocolClient (GrpcClientProtocolClient.java:onNext(264)) - client-B22ED198845A->f3174d56-9988-40ec-970b-d447ed545dfb: receive RaftClientReply:client-B22ED198845A->f3174d56-9988-40ec-970b-d447ed545dfb@group-47B82E5F6106, cid=1603, SUCCESS, logIndex=0, commits[f3174d56-9988-40ec-970b-d447ed545dfb:c2296, 3e713ff3-0d17-449f-90fa-609b20cf4c10:c2295, 34290298-343f-405c-af97-b2d19041b010:c2295]
2019-09-11 09:06:29,558 [grpc-default-executor-2] INFO  client.GrpcClientProtocolClient (GrpcClientProtocolClient.java:onNext(264)) - client-B22ED198845A->f3174d56-9988-40ec-970b-d447ed545dfb: receive RaftClientReply:client-B22ED198845A->f3174d56-9988-40ec-970b-d447ed545dfb@group-47B82E5F6106, cid=1604, SUCCESS, logIndex=2297, commits[f3174d56-9988-40ec-970b-d447ed545dfb:c2298, 3e713ff3-0d17-449f-90fa-609b20cf4c10:c2296, 34290298-343f-405c-af97-b2d19041b010:c2296]
2019-09-11 09:06:29,559 [grpc-default-executor-2] INFO  client.GrpcClientProtocolClient (GrpcClientProtocolClient.java:onNext(264)) - client-B22ED198845A->f3174d56-9988-40ec-970b-d447ed545dfb: receive RaftClientReply:client-B22ED198845A->f3174d56-9988-40ec-970b-d447ed545dfb@group-47B82E5F6106, cid=1605, SUCCESS, logIndex=2298, commits[f3174d56-9988-40ec-970b-d447ed545dfb:c2300, 3e713ff3-0d17-449f-90fa-609b20cf4c10:c2296, 34290298-343f-405c-af97-b2d19041b010:c2296]
2019-09-11 09:06:29,559 [grpc-default-executor-2] INFO  client.GrpcClientProtocolClient (GrpcClientProtocolClient.java:onNext(264)) - client-B22ED198845A->f3174d56-9988-40ec-970b-d447ed545dfb: receive RaftClientReply:client-B22ED198845A->f3174d56-9988-40ec-970b-d447ed545dfb@group-47B82E5F6106, cid=1606, SUCCESS, logIndex=2299, commits[f3174d56-9988-40ec-970b-d447ed545dfb:c2300, 3e713ff3-0d17-449f-90fa-609b20cf4c10:c2296, 34290298-343f-405c-af97-b2d19041b010:c2296]
2019-09-11 09:06:29,559 [grpc-default-executor-2] INFO  client.GrpcClientProtocolClient (GrpcClientProtocolClient.java:onNext(264)) - client-B22ED198845A->f3174d56-9988-40ec-970b-d447ed545dfb: receive RaftClientReply:client-B22ED198845A->f3174d56-9988-40ec-970b-d447ed545dfb@group-47B82E5F6106, cid=1607, SUCCESS, logIndex=2300, commits[f3174d56-9988-40ec-970b-d447ed545dfb:c2300, 3e713ff3-0d17-449f-90fa-609b20cf4c10:c2296, 34290298-343f-405c-af97-b2d19041b010:c2296]
2019-09-11 09:06:29,560 [grpc-default-executor-0] INFO  client.GrpcClientProtocolClient (GrpcClientProtocolClient.java:onNext(264)) - client-B22ED198845A->f3174d56-9988-40ec-970b-d447ed545dfb: receive RaftClientReply:client-B22ED198845A->f3174d56-9988-40ec-970b-d447ed545dfb@group-47B82E5F6106, cid=1608, SUCCESS, logIndex=0, commits[f3174d56-9988-40ec-970b-d447ed545dfb:c2301, 3e713ff3-0d17-449f-90fa-609b20cf4c10:c2298, 34290298-343f-405c-af97-b2d19041b010:c2298]
2019-09-11 09:06:29,570 [grpc-default-executor-0] INFO  client.GrpcClientProtocolClient (GrpcClientProtocolClient.java:onNext(264)) - client-B22ED198845A->f3174d56-9988-40ec-970b-d447ed545dfb: receive RaftClientReply:client-B22ED198845A->f3174d56-9988-40ec-970b-d447ed545dfb@group-47B82E5F6106, cid=1609, SUCCESS, logIndex=2305, commits[f3174d56-9988-40ec-970b-d447ed545dfb:c2306, 3e713ff3-0d17-449f-90fa-609b20cf4c10:c2304, 34290298-343f-405c-af97-b2d19041b010:c2300]
2019-09-11 09:06:29,571 [grpc-default-executor-0] INFO  client.GrpcClientProtocolClient (GrpcClientProtocolClient.java:onNext(264)) - client-B22ED198845A->f3174d56-9988-40ec-970b-d447ed545dfb: receive RaftClientReply:client-B22ED198845A->f3174d56-9988-40ec-970b-d447ed545dfb@group-47B82E5F6106, cid=1610, SUCCESS, logIndex=2306, commits[f3174d56-9988-40ec-970b-d447ed545dfb:c2306, 3e713ff3-0d17-449f-90fa-609b20cf4c10:c2304, 34290298-343f-405c-af97-b2d19041b010:c2304]
2019-09-11 09:06:29,580 [grpc-default-executor-0] INFO  client.GrpcClientProtocolClient (GrpcClientProtocolClient.java:onNext(264)) - client-B22ED198845A->f3174d56-9988-40ec-970b-d447ed545dfb: receive RaftClientReply:client-B22ED198845A->f3174d56-9988-40ec-970b-d447ed545dfb@group-47B82E5F6106, cid=1611, SUCCESS, logIndex=2309, commits[f3174d56-9988-40ec-970b-d447ed545dfb:c2310, 3e713ff3-0d17-449f-90fa-609b20cf4c10:c2306, 34290298-343f-405c-af97-b2d19041b010:c2308]
2019-09-11 09:06:29,580 [grpc-default-executor-0] INFO  client.GrpcClientProtocolClient (GrpcClientProtocolClient.java:onNext(264)) - client-B22ED198845A->f3174d56-9988-40ec-970b-d447ed545dfb: receive RaftClientReply:client-B22ED198845A->f3174d56-9988-40ec-970b-d447ed545dfb@group-47B82E5F6106, cid=1612, SUCCESS, logIndex=2310, commits[f3174d56-9988-40ec-970b-d447ed545dfb:c2310, 3e713ff3-0d17-449f-90fa-609b20cf4c10:c2308, 34290298-343f-405c-af97-b2d19041b010:c2308]
2019-09-11 09:06:29,584 [grpc-default-executor-0] INFO  client.GrpcClientProtocolClient (GrpcClientProtocolClient.java:onNext(264)) - client-B22ED198845A->f3174d56-9988-40ec-970b-d447ed545dfb: receive RaftClientReply:client-B22ED198845A->f3174d56-9988-40ec-970b-d447ed545dfb@group-47B82E5F6106, cid=1613, SUCCESS, logIndex=0, commits[f3174d56-9988-40ec-970b-d447ed545dfb:c2312, 3e713ff3-0d17-449f-90fa-609b20cf4c10:c2310, 34290298-343f-405c-af97-b2d19041b010:c2310]
2019-09-11 09:06:29,602 [grpc-default-executor-4] INFO  client.GrpcClientProtocolClient (GrpcClientProtocolClient.java:onNext(264)) - client-B22ED198845A->f3174d56-9988-40ec-970b-d447ed545dfb: receive RaftClientReply:client-B22ED198845A->f3174d56-9988-40ec-970b-d447ed545dfb@group-47B82E5F6106, cid=1614, SUCCESS, logIndex=2313, commits[f3174d56-9988-40ec-970b-d447ed545dfb:c2314, 3e713ff3-0d17-449f-90fa-609b20cf4c10:c2312, 34290298-343f-405c-af97-b2d19041b010:c2310]
2019-09-11 09:06:29,603 [grpc-default-executor-4] INFO  client.GrpcClientProtocolClient (GrpcClientProtocolClient.java:onNext(264)) - client-B22ED198845A->f3174d56-9988-40ec-970b-d447ed545dfb: receive RaftClientReply:client-B22ED198845A->f3174d56-9988-40ec-970b-d447ed545dfb@group-47B82E5F6106, cid=1615, SUCCESS, logIndex=2314, commits[f3174d56-9988-40ec-970b-d447ed545dfb:c2314, 3e713ff3-0d17-449f-90fa-609b20cf4c10:c2312, 34290298-343f-405c-af97-b2d19041b010:c2312]
2019-09-11 09:06:29,604 [grpc-default-executor-1] INFO  client.GrpcClientProtocolClient (GrpcClientProtocolClient.java:onNext(264)) - client-B22ED198845A->f3174d56-9988-40ec-970b-d447ed545dfb: receive RaftClientReply:client-B22ED198845A->f3174d56-9988-40ec-970b-d447ed545dfb@group-47B82E5F6106, cid=1616, SUCCESS, logIndex=2315, commits[f3174d56-9988-40ec-970b-d447ed545dfb:c2316, 3e713ff3-0d17-449f-90fa-609b20cf4c10:c2312, 34290298-343f-405c-af97-b2d19041b010:c2312]
2019-09-11 09:06:29,605 [grpc-default-executor-1] INFO  client.GrpcClientProtocolClient (GrpcClientProtocolClient.java:onNext(264)) - client-B22ED198845A->f3174d56-9988-40ec-970b-d447ed545dfb: receive RaftClientReply:client-B22ED198845A->f3174d56-9988-40ec-970b-d447ed545dfb@group-47B82E5F6106, cid=1617, SUCCESS, logIndex=2316, commits[f3174d56-9988-40ec-970b-d447ed545dfb:c2317, 3e713ff3-0d17-449f-90fa-609b20cf4c10:c2314, 34290298-343f-405c-af97-b2d19041b010:c2312]
2019-09-11 09:06:29,608 [grpc-default-executor-4] INFO  client.GrpcClientProtocolClient (GrpcClientProtocolClient.java:onNext(264)) - client-B22ED198845A->f3174d56-9988-40ec-970b-d447ed545dfb: receive RaftClientReply:client-B22ED198845A->f3174d56-9988-40ec-970b-d447ed545dfb@group-47B82E5F6106, cid=1618, SUCCESS, logIndex=0, commits[f3174d56-9988-40ec-970b-d447ed545dfb:c2318, 3e713ff3-0d17-449f-90fa-609b20cf4c10:c2314, 34290298-343f-405c-af97-b2d19041b010:c2314]
2019-09-11 09:06:29,633 [grpc-default-executor-0] INFO  client.GrpcClientProtocolClient (GrpcClientProtocolClient.java:onNext(264)) - client-B22ED198845A->f3174d56-9988-40ec-970b-d447ed545dfb: receive RaftClientReply:client-B22ED198845A->f3174d56-9988-40ec-970b-d447ed545dfb@group-47B82E5F6106, cid=1619, SUCCESS, logIndex=2321, commits[f3174d56-9988-40ec-970b-d447ed545dfb:c2322, 3e713ff3-0d17-449f-90fa-609b20cf4c10:c2316, 34290298-343f-405c-af97-b2d19041b010:c2320]
2019-09-11 09:06:29,633 [grpc-default-executor-0] INFO  client.GrpcClientProtocolClient (GrpcClientProtocolClient.java:onNext(264)) - client-B22ED198845A->f3174d56-9988-40ec-970b-d447ed545dfb: receive RaftClientReply:client-B22ED198845A->f3174d56-9988-40ec-970b-d447ed545dfb@group-47B82E5F6106, cid=1620, SUCCESS, logIndex=2322, commits[f3174d56-9988-40ec-970b-d447ed545dfb:c2322, 3e713ff3-0d17-449f-90fa-609b20cf4c10:c2320, 34290298-343f-405c-af97-b2d19041b010:c2320]
2019-09-11 09:06:29,650 [grpc-default-executor-0] INFO  client.GrpcClientProtocolClient (GrpcClientProtocolClient.java:onNext(264)) - client-B22ED198845A->f3174d56-9988-40ec-970b-d447ed545dfb: receive RaftClientReply:client-B22ED198845A->f3174d56-9988-40ec-970b-d447ed545dfb@group-47B82E5F6106, cid=1621, SUCCESS, logIndex=2325, commits[f3174d56-9988-40ec-970b-d447ed545dfb:c2326, 3e713ff3-0d17-449f-90fa-609b20cf4c10:c2323, 34290298-343f-405c-af97-b2d19041b010:c2323]
2019-09-11 09:06:29,651 [grpc-default-executor-0] INFO  client.GrpcClientProtocolClient (GrpcClientProtocolClient.java:onNext(264)) - client-B22ED198845A->f3174d56-9988-40ec-970b-d447ed545dfb: receive RaftClientReply:client-B22ED198845A->f3174d56-9988-40ec-970b-d447ed545dfb@group-47B82E5F6106, cid=1622, SUCCESS, logIndex=2326, commits[f3174d56-9988-40ec-970b-d447ed545dfb:c2326, 3e713ff3-0d17-449f-90fa-609b20cf4c10:c2323, 34290298-343f-405c-af97-b2d19041b010:c2323]
2019-09-11 09:06:29,677 [grpc-default-executor-0] INFO  client.GrpcClientProtocolClient (GrpcClientProtocolClient.java:onNext(264)) - client-B22ED198845A->f3174d56-9988-40ec-970b-d447ed545dfb: receive RaftClientReply:client-B22ED198845A->f3174d56-9988-40ec-970b-d447ed545dfb@group-47B82E5F6106, cid=1623, SUCCESS, logIndex=0, commits[f3174d56-9988-40ec-970b-d447ed545dfb:c2327, 3e713ff3-0d17-449f-90fa-609b20cf4c10:c2326, 34290298-343f-405c-af97-b2d19041b010:c2326]
2019-09-11 09:06:29,813 [grpc-default-executor-4] INFO  client.GrpcClientProtocolClient (GrpcClientProtocolClient.java:onNext(264)) - client-B22ED198845A->f3174d56-9988-40ec-970b-d447ed545dfb: receive RaftClientReply:client-B22ED198845A->f3174d56-9988-40ec-970b-d447ed545dfb@group-47B82E5F6106, cid=1624, SUCCESS, logIndex=2329, commits[f3174d56-9988-40ec-970b-d447ed545dfb:c2332, 3e713ff3-0d17-449f-90fa-609b20cf4c10:c2328, 34290298-343f-405c-af97-b2d19041b010:c2328]
2019-09-11 09:06:29,813 [grpc-default-executor-4] INFO  client.GrpcClientProtocolClient (GrpcClientProtocolClient.java:onNext(264)) - client-B22ED198845A->f3174d56-9988-40ec-970b-d447ed545dfb: receive RaftClientReply:client-B22ED198845A->f3174d56-9988-40ec-970b-d447ed545dfb@group-47B82E5F6106, cid=1625, SUCCESS, logIndex=2330, commits[f3174d56-9988-40ec-970b-d447ed545dfb:c2333, 3e713ff3-0d17-449f-90fa-609b20cf4c10:c2329, 34290298-343f-405c-af97-b2d19041b010:c2328]
2019-09-11 09:06:29,814 [grpc-default-executor-4] INFO  client.GrpcClientProtocolClient (GrpcClientProtocolClient.java:onNext(264)) - client-B22ED198845A->f3174d56-9988-40ec-970b-d447ed545dfb: receive RaftClientReply:client-B22ED198845A->f3174d56-9988-40ec-970b-d447ed545dfb@group-47B82E5F6106, cid=1626, SUCCESS, logIndex=2331, commits[f3174d56-9988-40ec-970b-d447ed545dfb:c2333, 3e713ff3-0d17-449f-90fa-609b20cf4c10:c2329, 34290298-343f-405c-af97-b2d19041b010:c2328]
2019-09-11 09:06:29,814 [grpc-default-executor-4] INFO  client.GrpcClientProtocolClient (GrpcClientProtocolClient.java:onNext(264)) - client-B22ED198845A->f3174d56-9988-40ec-970b-d447ed545dfb: receive RaftClientReply:client-B22ED198845A->f3174d56-9988-40ec-970b-d447ed545dfb@group-47B82E5F6106, cid=1627, SUCCESS, logIndex=2332, commits[f3174d56-9988-40ec-970b-d447ed545dfb:c2333, 3e713ff3-0d17-449f-90fa-609b20cf4c10:c2329, 34290298-343f-405c-af97-b2d19041b010:c2328]
2019-09-11 09:06:29,824 [grpc-default-executor-4] INFO  client.GrpcClientProtocolClient (GrpcClientProtocolClient.java:onNext(264)) - client-B22ED198845A->f3174d56-9988-40ec-970b-d447ed545dfb: receive RaftClientReply:client-B22ED198845A->f3174d56-9988-40ec-970b-d447ed545dfb@group-47B82E5F6106, cid=1628, SUCCESS, logIndex=0, commits[f3174d56-9988-40ec-970b-d447ed545dfb:c2334, 3e713ff3-0d17-449f-90fa-609b20cf4c10:c2331, 34290298-343f-405c-af97-b2d19041b010:c2331]
2019-09-11 09:06:29,845 [grpc-default-executor-0] INFO  client.GrpcClientProtocolClient (GrpcClientProtocolClient.java:onNext(264)) - client-B22ED198845A->f3174d56-9988-40ec-970b-d447ed545dfb: receive RaftClientReply:client-B22ED198845A->f3174d56-9988-40ec-970b-d447ed545dfb@group-47B82E5F6106, cid=1629, SUCCESS, logIndex=2336, commits[f3174d56-9988-40ec-970b-d447ed545dfb:c2337, 3e713ff3-0d17-449f-90fa-609b20cf4c10:c2335, 34290298-343f-405c-af97-b2d19041b010:c2335]
2019-09-11 09:06:29,845 [grpc-default-executor-0] INFO  client.GrpcClientProtocolClient (GrpcClientProtocolClient.java:onNext(264)) - client-B22ED198845A->f3174d56-9988-40ec-970b-d447ed545dfb: receive RaftClientReply:client-B22ED198845A->f3174d56-9988-40ec-970b-d447ed545dfb@group-47B82E5F6106, cid=1630, SUCCESS, logIndex=2337, commits[f3174d56-9988-40ec-970b-d447ed545dfb:c2337, 3e713ff3-0d17-449f-90fa-609b20cf4c10:c2335, 34290298-343f-405c-af97-b2d19041b010:c2335]
2019-09-11 09:06:29,860 [grpc-default-executor-1] INFO  client.GrpcClientProtocolClient (GrpcClientProtocolClient.java:onNext(264)) - client-B22ED198845A->f3174d56-9988-40ec-970b-d447ed545dfb: receive RaftClientReply:client-B22ED198845A->f3174d56-9988-40ec-970b-d447ed545dfb@group-47B82E5F6106, cid=1631, SUCCESS, logIndex=2340, commits[f3174d56-9988-40ec-970b-d447ed545dfb:c2341, 3e713ff3-0d17-449f-90fa-609b20cf4c10:c2337, 34290298-343f-405c-af97-b2d19041b010:c2337]
2019-09-11 09:06:29,860 [grpc-default-executor-1] INFO  client.GrpcClientProtocolClient (GrpcClientProtocolClient.java:onNext(264)) - client-B22ED198845A->f3174d56-9988-40ec-970b-d447ed545dfb: receive RaftClientReply:client-B22ED198845A->f3174d56-9988-40ec-970b-d447ed545dfb@group-47B82E5F6106, cid=1632, SUCCESS, logIndex=2341, commits[f3174d56-9988-40ec-970b-d447ed545dfb:c2341, 3e713ff3-0d17-449f-90fa-609b20cf4c10:c2337, 34290298-343f-405c-af97-b2d19041b010:c2337]
2019-09-11 09:06:29,882 [grpc-default-executor-4] INFO  client.GrpcClientProtocolClient (GrpcClientProtocolClient.java:onNext(264)) - client-B22ED198845A->f3174d56-9988-40ec-970b-d447ed545dfb: receive RaftClientReply:client-B22ED198845A->f3174d56-9988-40ec-970b-d447ed545dfb@group-47B82E5F6106, cid=1633, SUCCESS, logIndex=0, commits[f3174d56-9988-40ec-970b-d447ed545dfb:c2342, 3e713ff3-0d17-449f-90fa-609b20cf4c10:c2341, 34290298-343f-405c-af97-b2d19041b010:c2341]
2019-09-11 09:06:29,909 [grpc-default-executor-4] INFO  client.GrpcClientProtocolClient (GrpcClientProtocolClient.java:onNext(264)) - client-B22ED198845A->f3174d56-9988-40ec-970b-d447ed545dfb: receive RaftClientReply:client-B22ED198845A->f3174d56-9988-40ec-970b-d447ed545dfb@group-47B82E5F6106, cid=1634, SUCCESS, logIndex=2344, commits[f3174d56-9988-40ec-970b-d447ed545dfb:c2345, 3e713ff3-0d17-449f-90fa-609b20cf4c10:c2343, 34290298-343f-405c-af97-b2d19041b010:c2343]
2019-09-11 09:06:29,910 [grpc-default-executor-4] INFO  client.GrpcClientProtocolClient (GrpcClientProtocolClient.java:onNext(264)) - client-B22ED198845A->f3174d56-9988-40ec-970b-d447ed545dfb: receive RaftClientReply:client-B22ED198845A->f3174d56-9988-40ec-970b-d447ed545dfb@group-47B82E5F6106, cid=1635, SUCCESS, logIndex=2345, commits[f3174d56-9988-40ec-970b-d447ed545dfb:c2347, 3e713ff3-0d17-449f-90fa-609b20cf4c10:c2343, 34290298-343f-405c-af97-b2d19041b010:c2343]
2019-09-11 09:06:29,910 [grpc-default-executor-4] INFO  client.GrpcClientProtocolClient (GrpcClientProtocolClient.java:onNext(264)) - client-B22ED198845A->f3174d56-9988-40ec-970b-d447ed545dfb: receive RaftClientReply:client-B22ED198845A->f3174d56-9988-40ec-970b-d447ed545dfb@group-47B82E5F6106, cid=1636, SUCCESS, logIndex=2346, commits[f3174d56-9988-40ec-970b-d447ed545dfb:c2347, 3e713ff3-0d17-449f-90fa-609b20cf4c10:c2343, 34290298-343f-405c-af97-b2d19041b010:c2343]
2019-09-11 09:06:29,910 [grpc-default-executor-4] INFO  client.GrpcClientProtocolClient (GrpcClientProtocolClient.java:onNext(264)) - client-B22ED198845A->f3174d56-9988-40ec-970b-d447ed545dfb: receive RaftClientReply:client-B22ED198845A->f3174d56-9988-40ec-970b-d447ed545dfb@group-47B82E5F6106, cid=1637, SUCCESS, logIndex=2347, commits[f3174d56-9988-40ec-970b-d447ed545dfb:c2347, 3e713ff3-0d17-449f-90fa-609b20cf4c10:c2343, 34290298-343f-405c-af97-b2d19041b010:c2343]
2019-09-11 09:06:29,924 [grpc-default-executor-4] INFO  client.GrpcClientProtocolClient (GrpcClientProtocolClient.java:onNext(264)) - client-B22ED198845A->f3174d56-9988-40ec-970b-d447ed545dfb: receive RaftClientReply:client-B22ED198845A->f3174d56-9988-40ec-970b-d447ed545dfb@group-47B82E5F6106, cid=1638, SUCCESS, logIndex=0, commits[f3174d56-9988-40ec-970b-d447ed545dfb:c2351, 3e713ff3-0d17-449f-90fa-609b20cf4c10:c2347, 34290298-343f-405c-af97-b2d19041b010:c2345]
2019-09-11 09:06:29,942 [grpc-default-executor-4] INFO  client.GrpcClientProtocolClient (GrpcClientProtocolClient.java:onNext(264)) - client-B22ED198845A->f3174d56-9988-40ec-970b-d447ed545dfb: receive RaftClientReply:client-B22ED198845A->f3174d56-9988-40ec-970b-d447ed545dfb@group-47B82E5F6106, cid=1639, SUCCESS, logIndex=2352, commits[f3174d56-9988-40ec-970b-d447ed545dfb:c2353, 3e713ff3-0d17-449f-90fa-609b20cf4c10:c2351, 34290298-343f-405c-af97-b2d19041b010:c2347]
2019-09-11 09:06:29,943 [grpc-default-executor-4] INFO  client.GrpcClientProtocolClient (GrpcClientProtocolClient.java:onNext(264)) - client-B22ED198845A->f3174d56-9988-40ec-970b-d447ed545dfb: receive RaftClientReply:client-B22ED198845A->f3174d56-9988-40ec-970b-d447ed545dfb@group-47B82E5F6106, cid=1640, SUCCESS, logIndex=2353, commits[f3174d56-9988-40ec-970b-d447ed545dfb:c2353, 3e713ff3-0d17-449f-90fa-609b20cf4c10:c2351, 34290298-343f-405c-af97-b2d19041b010:c2351]
2019-09-11 09:06:29,957 [grpc-default-executor-0] INFO  client.GrpcClientProtocolClient (GrpcClientProtocolClient.java:onNext(264)) - client-B22ED198845A->f3174d56-9988-40ec-970b-d447ed545dfb: receive RaftClientReply:client-B22ED198845A->f3174d56-9988-40ec-970b-d447ed545dfb@group-47B82E5F6106, cid=1641, SUCCESS, logIndex=2356, commits[f3174d56-9988-40ec-970b-d447ed545dfb:c2357, 3e713ff3-0d17-449f-90fa-609b20cf4c10:c2353, 34290298-343f-405c-af97-b2d19041b010:c2353]
2019-09-11 09:06:29,958 [grpc-default-executor-0] INFO  client.GrpcClientProtocolClient (GrpcClientProtocolClient.java:onNext(264)) - client-B22ED198845A->f3174d56-9988-40ec-970b-d447ed545dfb: receive RaftClientReply:client-B22ED198845A->f3174d56-9988-40ec-970b-d447ed545dfb@group-47B82E5F6106, cid=1642, SUCCESS, logIndex=2357, commits[f3174d56-9988-40ec-970b-d447ed545dfb:c2357, 3e713ff3-0d17-449f-90fa-609b20cf4c10:c2353, 34290298-343f-405c-af97-b2d19041b010:c2353]
2019-09-11 09:06:29,970 [grpc-default-executor-0] INFO  client.GrpcClientProtocolClient (GrpcClientProtocolClient.java:onNext(264)) - client-B22ED198845A->f3174d56-9988-40ec-970b-d447ed545dfb: receive RaftClientReply:client-B22ED198845A->f3174d56-9988-40ec-970b-d447ed545dfb@group-47B82E5F6106, cid=1643, SUCCESS, logIndex=0, commits[f3174d56-9988-40ec-970b-d447ed545dfb:c2359, 3e713ff3-0d17-449f-90fa-609b20cf4c10:c2357, 34290298-343f-405c-af97-b2d19041b010:c2357]
2019-09-11 09:06:29,998 [grpc-default-executor-4] INFO  client.GrpcClientProtocolClient (GrpcClientProtocolClient.java:onNext(264)) - client-B22ED198845A->f3174d56-9988-40ec-970b-d447ed545dfb: receive RaftClientReply:client-B22ED198845A->f3174d56-9988-40ec-970b-d447ed545dfb@group-47B82E5F6106, cid=1644, SUCCESS, logIndex=2360, commits[f3174d56-9988-40ec-970b-d447ed545dfb:c2360, 3e713ff3-0d17-449f-90fa-609b20cf4c10:c2359, 34290298-343f-405c-af97-b2d19041b010:c2359]
2019-09-11 09:06:29,999 [grpc-default-executor-4] INFO  client.GrpcClientProtocolClient (GrpcClientProtocolClient.java:onNext(264)) - client-B22ED198845A->f3174d56-9988-40ec-970b-d447ed545dfb: receive RaftClientReply:client-B22ED198845A->f3174d56-9988-40ec-970b-d447ed545dfb@group-47B82E5F6106, cid=1645, SUCCESS, logIndex=2361, commits[f3174d56-9988-40ec-970b-d447ed545dfb:c2363, 3e713ff3-0d17-449f-90fa-609b20cf4c10:c2359, 34290298-343f-405c-af97-b2d19041b010:c2359]
2019-09-11 09:06:29,999 [grpc-default-executor-4] INFO  client.GrpcClientProtocolClient (GrpcClientProtocolClient.java:onNext(264)) - client-B22ED198845A->f3174d56-9988-40ec-970b-d447ed545dfb: receive RaftClientReply:client-B22ED198845A->f3174d56-9988-40ec-970b-d447ed545dfb@group-47B82E5F6106, cid=1646, SUCCESS, logIndex=2362, commits[f3174d56-9988-40ec-970b-d447ed545dfb:c2363, 3e713ff3-0d17-449f-90fa-609b20cf4c10:c2359, 34290298-343f-405c-af97-b2d19041b010:c2359]
2019-09-11 09:06:29,999 [grpc-default-executor-4] INFO  client.GrpcClientProtocolClient (GrpcClientProtocolClient.java:onNext(264)) - client-B22ED198845A->f3174d56-9988-40ec-970b-d447ed545dfb: receive RaftClientReply:client-B22ED198845A->f3174d56-9988-40ec-970b-d447ed545dfb@group-47B82E5F6106, cid=1647, SUCCESS, logIndex=2363, commits[f3174d56-9988-40ec-970b-d447ed545dfb:c2363, 3e713ff3-0d17-449f-90fa-609b20cf4c10:c2359, 34290298-343f-405c-af97-b2d19041b010:c2359]
2019-09-11 09:06:30,013 [grpc-default-executor-4] INFO  client.GrpcClientProtocolClient (GrpcClientProtocolClient.java:onNext(264)) - client-B22ED198845A->f3174d56-9988-40ec-970b-d447ed545dfb: receive RaftClientReply:client-B22ED198845A->f3174d56-9988-40ec-970b-d447ed545dfb@group-47B82E5F6106, cid=1648, SUCCESS, logIndex=0, commits[f3174d56-9988-40ec-970b-d447ed545dfb:c2365, 3e713ff3-0d17-449f-90fa-609b20cf4c10:c2361, 34290298-343f-405c-af97-b2d19041b010:c2361]
2019-09-11 09:06:30,031 [grpc-default-executor-4] INFO  client.GrpcClientProtocolClient (GrpcClientProtocolClient.java:onNext(264)) - client-B22ED198845A->f3174d56-9988-40ec-970b-d447ed545dfb: receive RaftClientReply:client-B22ED198845A->f3174d56-9988-40ec-970b-d447ed545dfb@group-47B82E5F6106, cid=1649, SUCCESS, logIndex=2368, commits[f3174d56-9988-40ec-970b-d447ed545dfb:c2369, 3e713ff3-0d17-449f-90fa-609b20cf4c10:c2367, 34290298-343f-405c-af97-b2d19041b010:c2367]
2019-09-11 09:06:30,032 [grpc-default-executor-4] INFO  client.GrpcClientProtocolClient (GrpcClientProtocolClient.java:onNext(264)) - client-B22ED198845A->f3174d56-9988-40ec-970b-d447ed545dfb: receive RaftClientReply:client-B22ED198845A->f3174d56-9988-40ec-970b-d447ed545dfb@group-47B82E5F6106, cid=1650, SUCCESS, logIndex=2369, commits[f3174d56-9988-40ec-970b-d447ed545dfb:c2369, 3e713ff3-0d17-449f-90fa-609b20cf4c10:c2367, 34290298-343f-405c-af97-b2d19041b010:c2367]
2019-09-11 09:06:30,046 [grpc-default-executor-4] INFO  client.GrpcClientProtocolClient (GrpcClientProtocolClient.java:onNext(264)) - client-B22ED198845A->f3174d56-9988-40ec-970b-d447ed545dfb: receive RaftClientReply:client-B22ED198845A->f3174d56-9988-40ec-970b-d447ed545dfb@group-47B82E5F6106, cid=1651, SUCCESS, logIndex=2372, commits[f3174d56-9988-40ec-970b-d447ed545dfb:c2373, 3e713ff3-0d17-449f-90fa-609b20cf4c10:c2369, 34290298-343f-405c-af97-b2d19041b010:c2369]
2019-09-11 09:06:30,046 [grpc-default-executor-4] INFO  client.GrpcClientProtocolClient (GrpcClientProtocolClient.java:onNext(264)) - client-B22ED198845A->f3174d56-9988-40ec-970b-d447ed545dfb: receive RaftClientReply:client-B22ED198845A->f3174d56-9988-40ec-970b-d447ed545dfb@group-47B82E5F6106, cid=1652, SUCCESS, logIndex=2373, commits[f3174d56-9988-40ec-970b-d447ed545dfb:c2373, 3e713ff3-0d17-449f-90fa-609b20cf4c10:c2369, 34290298-343f-405c-af97-b2d19041b010:c2369]
2019-09-11 09:06:30,049 [grpc-default-executor-4] INFO  client.GrpcClientProtocolClient (GrpcClientProtocolClient.java:onNext(264)) - client-B22ED198845A->f3174d56-9988-40ec-970b-d447ed545dfb: receive RaftClientReply:client-B22ED198845A->f3174d56-9988-40ec-970b-d447ed545dfb@group-47B82E5F6106, cid=1653, SUCCESS, logIndex=0, commits[f3174d56-9988-40ec-970b-d447ed545dfb:c2374, 3e713ff3-0d17-449f-90fa-609b20cf4c10:c2373, 34290298-343f-405c-af97-b2d19041b010:c2373]
2019-09-11 09:06:30,066 [grpc-default-executor-1] INFO  client.GrpcClientProtocolClient (GrpcClientProtocolClient.java:onNext(264)) - client-B22ED198845A->f3174d56-9988-40ec-970b-d447ed545dfb: receive RaftClientReply:client-B22ED198845A->f3174d56-9988-40ec-970b-d447ed545dfb@group-47B82E5F6106, cid=1654, SUCCESS, logIndex=2376, commits[f3174d56-9988-40ec-970b-d447ed545dfb:c2377, 3e713ff3-0d17-449f-90fa-609b20cf4c10:c2373, 34290298-343f-405c-af97-b2d19041b010:c2375]
2019-09-11 09:06:30,067 [grpc-default-executor-1] INFO  client.GrpcClientProtocolClient (GrpcClientProtocolClient.java:onNext(264)) - client-B22ED198845A->f3174d56-9988-40ec-970b-d447ed545dfb: receive RaftClientReply:client-B22ED198845A->f3174d56-9988-40ec-970b-d447ed545dfb@group-47B82E5F6106, cid=1655, SUCCESS, logIndex=2377, commits[f3174d56-9988-40ec-970b-d447ed545dfb:c2377, 3e713ff3-0d17-449f-90fa-609b20cf4c10:c2373, 34290298-343f-405c-af97-b2d19041b010:c2375]
2019-09-11 09:06:30,068 [grpc-default-executor-4] INFO  client.GrpcClientProtocolClient (GrpcClientProtocolClient.java:onNext(264)) - client-B22ED198845A->f3174d56-9988-40ec-970b-d447ed545dfb: receive RaftClientReply:client-B22ED198845A->f3174d56-9988-40ec-970b-d447ed545dfb@group-47B82E5F6106, cid=1656, SUCCESS, logIndex=2378, commits[f3174d56-9988-40ec-970b-d447ed545dfb:c2379, 3e713ff3-0d17-449f-90fa-609b20cf4c10:c2375, 34290298-343f-405c-af97-b2d19041b010:c2375]
2019-09-11 09:06:30,069 [grpc-default-executor-4] INFO  client.GrpcClientProtocolClient (GrpcClientProtocolClient.java:onNext(264)) - client-B22ED198845A->f3174d56-9988-40ec-970b-d447ed545dfb: receive RaftClientReply:client-B22ED198845A->f3174d56-9988-40ec-970b-d447ed545dfb@group-47B82E5F6106, cid=1657, SUCCESS, logIndex=2379, commits[f3174d56-9988-40ec-970b-d447ed545dfb:c2379, 3e713ff3-0d17-449f-90fa-609b20cf4c10:c2375, 34290298-343f-405c-af97-b2d19041b010:c2375]
2019-09-11 09:06:30,074 [grpc-default-executor-4] INFO  client.GrpcClientProtocolClient (GrpcClientProtocolClient.java:onNext(264)) - client-B22ED198845A->f3174d56-9988-40ec-970b-d447ed545dfb: receive RaftClientReply:client-B22ED198845A->f3174d56-9988-40ec-970b-d447ed545dfb@group-47B82E5F6106, cid=1658, SUCCESS, logIndex=0, commits[f3174d56-9988-40ec-970b-d447ed545dfb:c2381, 3e713ff3-0d17-449f-90fa-609b20cf4c10:c2377, 34290298-343f-405c-af97-b2d19041b010:c2377]
2019-09-11 09:06:30,083 [grpc-default-executor-1] INFO  client.GrpcClientProtocolClient (GrpcClientProtocolClient.java:onNext(264)) - client-B22ED198845A->f3174d56-9988-40ec-970b-d447ed545dfb: receive RaftClientReply:client-B22ED198845A->f3174d56-9988-40ec-970b-d447ed545dfb@group-47B82E5F6106, cid=1659, SUCCESS, logIndex=2384, commits[f3174d56-9988-40ec-970b-d447ed545dfb:c2385, 3e713ff3-0d17-449f-90fa-609b20cf4c10:c2379, 34290298-343f-405c-af97-b2d19041b010:c2383]
2019-09-11 09:06:30,083 [grpc-default-executor-1] INFO  client.GrpcClientProtocolClient (GrpcClientProtocolClient.java:onNext(264)) - client-B22ED198845A->f3174d56-9988-40ec-970b-d447ed545dfb: receive RaftClientReply:client-B22ED198845A->f3174d56-9988-40ec-970b-d447ed545dfb@group-47B82E5F6106, cid=1660, SUCCESS, logIndex=2385, commits[f3174d56-9988-40ec-970b-d447ed545dfb:c2385, 3e713ff3-0d17-449f-90fa-609b20cf4c10:c2379, 34290298-343f-405c-af97-b2d19041b010:c2383]
2019-09-11 09:06:30,092 [grpc-default-executor-1] INFO  client.GrpcClientProtocolClient (GrpcClientProtocolClient.java:onNext(264)) - client-B22ED198845A->f3174d56-9988-40ec-970b-d447ed545dfb: receive RaftClientReply:client-B22ED198845A->f3174d56-9988-40ec-970b-d447ed545dfb@group-47B82E5F6106, cid=1661, SUCCESS, logIndex=2388, commits[f3174d56-9988-40ec-970b-d447ed545dfb:c2389, 3e713ff3-0d17-449f-90fa-609b20cf4c10:c2385, 34290298-343f-405c-af97-b2d19041b010:c2387]
2019-09-11 09:06:30,093 [grpc-default-executor-1] INFO  client.GrpcClientProtocolClient (GrpcClientProtocolClient.java:onNext(264)) - client-B22ED198845A->f3174d56-9988-40ec-970b-d447ed545dfb: receive RaftClientReply:client-B22ED198845A->f3174d56-9988-40ec-970b-d447ed545dfb@group-47B82E5F6106, cid=1662, SUCCESS, logIndex=2389, commits[f3174d56-9988-40ec-970b-d447ed545dfb:c2389, 3e713ff3-0d17-449f-90fa-609b20cf4c10:c2387, 34290298-343f-405c-af97-b2d19041b010:c2387]
2019-09-11 09:06:30,095 [grpc-default-executor-1] INFO  client.GrpcClientProtocolClient (GrpcClientProtocolClient.java:onNext(264)) - client-B22ED198845A->f3174d56-9988-40ec-970b-d447ed545dfb: receive RaftClientReply:client-B22ED198845A->f3174d56-9988-40ec-970b-d447ed545dfb@group-47B82E5F6106, cid=1663, SUCCESS, logIndex=0, commits[f3174d56-9988-40ec-970b-d447ed545dfb:c2390, 3e713ff3-0d17-449f-90fa-609b20cf4c10:c2389, 34290298-343f-405c-af97-b2d19041b010:c2389]
2019-09-11 09:06:30,114 [grpc-default-executor-0] INFO  client.GrpcClientProtocolClient (GrpcClientProtocolClient.java:onNext(264)) - client-B22ED198845A->f3174d56-9988-40ec-970b-d447ed545dfb: receive RaftClientReply:client-B22ED198845A->f3174d56-9988-40ec-970b-d447ed545dfb@group-47B82E5F6106, cid=1664, SUCCESS, logIndex=2392, commits[f3174d56-9988-40ec-970b-d447ed545dfb:c2393, 3e713ff3-0d17-449f-90fa-609b20cf4c10:c2391, 34290298-343f-405c-af97-b2d19041b010:c2389]
2019-09-11 09:06:30,114 [grpc-default-executor-0] INFO  client.GrpcClientProtocolClient (GrpcClientProtocolClient.java:onNext(264)) - client-B22ED198845A->f3174d56-9988-40ec-970b-d447ed545dfb: receive RaftClientReply:client-B22ED198845A->f3174d56-9988-40ec-970b-d447ed545dfb@group-47B82E5F6106, cid=1665, SUCCESS, logIndex=2393, commits[f3174d56-9988-40ec-970b-d447ed545dfb:c2393, 3e713ff3-0d17-449f-90fa-609b20cf4c10:c2391, 34290298-343f-405c-af97-b2d19041b010:c2389]
2019-09-11 09:06:30,117 [grpc-default-executor-4] INFO  client.GrpcClientProtocolClient (GrpcClientProtocolClient.java:onNext(264)) - client-B22ED198845A->f3174d56-9988-40ec-970b-d447ed545dfb: receive RaftClientReply:client-B22ED198845A->f3174d56-9988-40ec-970b-d447ed545dfb@group-47B82E5F6106, cid=1666, SUCCESS, logIndex=2394, commits[f3174d56-9988-40ec-970b-d447ed545dfb:c2395, 3e713ff3-0d17-449f-90fa-609b20cf4c10:c2391, 34290298-343f-405c-af97-b2d19041b010:c2391]
2019-09-11 09:06:30,117 [grpc-default-executor-4] INFO  client.GrpcClientProtocolClient (GrpcClientProtocolClient.java:onNext(264)) - client-B22ED198845A->f3174d56-9988-40ec-970b-d447ed545dfb: receive RaftClientReply:client-B22ED198845A->f3174d56-9988-40ec-970b-d447ed545dfb@group-47B82E5F6106, cid=1667, SUCCESS, logIndex=2395, commits[f3174d56-9988-40ec-970b-d447ed545dfb:c2397, 3e713ff3-0d17-449f-90fa-609b20cf4c10:c2391, 34290298-343f-405c-af97-b2d19041b010:c2393]
2019-09-11 09:06:30,118 [grpc-default-executor-4] INFO  client.GrpcClientProtocolClient (GrpcClientProtocolClient.java:onNext(264)) - client-B22ED198845A->f3174d56-9988-40ec-970b-d447ed545dfb: receive RaftClientReply:client-B22ED198845A->f3174d56-9988-40ec-970b-d447ed545dfb@group-47B82E5F6106, cid=1668, SUCCESS, logIndex=0, commits[f3174d56-9988-40ec-970b-d447ed545dfb:c2397, 3e713ff3-0d17-449f-90fa-609b20cf4c10:c2393, 34290298-343f-405c-af97-b2d19041b010:c2393]
2019-09-11 09:06:30,141 [grpc-default-executor-1] INFO  client.GrpcClientProtocolClient (GrpcClientProtocolClient.java:onNext(264)) - client-B22ED198845A->f3174d56-9988-40ec-970b-d447ed545dfb: receive RaftClientReply:client-B22ED198845A->f3174d56-9988-40ec-970b-d447ed545dfb@group-47B82E5F6106, cid=1669, SUCCESS, logIndex=2400, commits[f3174d56-9988-40ec-970b-d447ed545dfb:c2401, 3e713ff3-0d17-449f-90fa-609b20cf4c10:c2399, 34290298-343f-405c-af97-b2d19041b010:c2399]
2019-09-11 09:06:30,141 [grpc-default-executor-1] INFO  client.GrpcClientProtocolClient (GrpcClientProtocolClient.java:onNext(264)) - client-B22ED198845A->f3174d56-9988-40ec-970b-d447ed545dfb: receive RaftClientReply:client-B22ED198845A->f3174d56-9988-40ec-970b-d447ed545dfb@group-47B82E5F6106, cid=1670, SUCCESS, logIndex=2401, commits[f3174d56-9988-40ec-970b-d447ed545dfb:c2401, 3e713ff3-0d17-449f-90fa-609b20cf4c10:c2399, 34290298-343f-405c-af97-b2d19041b010:c2399]
2019-09-11 09:06:30,155 [grpc-default-executor-0] INFO  client.GrpcClientProtocolClient (GrpcClientProtocolClient.java:onNext(264)) - client-B22ED198845A->f3174d56-9988-40ec-970b-d447ed545dfb: receive RaftClientReply:client-B22ED198845A->f3174d56-9988-40ec-970b-d447ed545dfb@group-47B82E5F6106, cid=1671, SUCCESS, logIndex=2404, commits[f3174d56-9988-40ec-970b-d447ed545dfb:c2405, 3e713ff3-0d17-449f-90fa-609b20cf4c10:c2401, 34290298-343f-405c-af97-b2d19041b010:c2401]
2019-09-11 09:06:30,156 [grpc-default-executor-0] INFO  client.GrpcClientProtocolClient (GrpcClientProtocolClient.java:onNext(264)) - client-B22ED198845A->f3174d56-9988-40ec-970b-d447ed545dfb: receive RaftClientReply:client-B22ED198845A->f3174d56-9988-40ec-970b-d447ed545dfb@group-47B82E5F6106, cid=1672, SUCCESS, logIndex=2405, commits[f3174d56-9988-40ec-970b-d447ed545dfb:c2405, 3e713ff3-0d17-449f-90fa-609b20cf4c10:c2401, 34290298-343f-405c-af97-b2d19041b010:c2401]
2019-09-11 09:06:30,173 [grpc-default-executor-1] INFO  client.GrpcClientProtocolClient (GrpcClientProtocolClient.java:onNext(264)) - client-B22ED198845A->f3174d56-9988-40ec-970b-d447ed545dfb: receive RaftClientReply:client-B22ED198845A->f3174d56-9988-40ec-970b-d447ed545dfb@group-47B82E5F6106, cid=1673, SUCCESS, logIndex=0, commits[f3174d56-9988-40ec-970b-d447ed545dfb:c2407, 3e713ff3-0d17-449f-90fa-609b20cf4c10:c2405, 34290298-343f-405c-af97-b2d19041b010:c2405]
2019-09-11 09:06:30,196 [grpc-default-executor-1] INFO  client.GrpcClientProtocolClient (GrpcClientProtocolClient.java:onNext(264)) - client-B22ED198845A->f3174d56-9988-40ec-970b-d447ed545dfb: receive RaftClientReply:client-B22ED198845A->f3174d56-9988-40ec-970b-d447ed545dfb@group-47B82E5F6106, cid=1674, SUCCESS, logIndex=2408, commits[f3174d56-9988-40ec-970b-d447ed545dfb:c2409, 3e713ff3-0d17-449f-90fa-609b20cf4c10:c2407, 34290298-343f-405c-af97-b2d19041b010:c2407]
2019-09-11 09:06:30,197 [grpc-default-executor-1] INFO  client.GrpcClientProtocolClient (GrpcClientProtocolClient.java:onNext(264)) - client-B22ED198845A->f3174d56-9988-40ec-970b-d447ed545dfb: receive RaftClientReply:client-B22ED198845A->f3174d56-9988-40ec-970b-d447ed545dfb@group-47B82E5F6106, cid=1675, SUCCESS, logIndex=2409, commits[f3174d56-9988-40ec-970b-d447ed545dfb:c2409, 3e713ff3-0d17-449f-90fa-609b20cf4c10:c2407, 34290298-343f-405c-af97-b2d19041b010:c2407]
2019-09-11 09:06:30,199 [grpc-default-executor-0] INFO  client.GrpcClientProtocolClient (GrpcClientProtocolClient.java:onNext(264)) - client-B22ED198845A->f3174d56-9988-40ec-970b-d447ed545dfb: receive RaftClientReply:client-B22ED198845A->f3174d56-9988-40ec-970b-d447ed545dfb@group-47B82E5F6106, cid=1676, SUCCESS, logIndex=2410, commits[f3174d56-9988-40ec-970b-d447ed545dfb:c2411, 3e713ff3-0d17-449f-90fa-609b20cf4c10:c2407, 34290298-343f-405c-af97-b2d19041b010:c2407]
2019-09-11 09:06:30,199 [grpc-default-executor-0] INFO  client.GrpcClientProtocolClient (GrpcClientProtocolClient.java:onNext(264)) - client-B22ED198845A->f3174d56-9988-40ec-970b-d447ed545dfb: receive RaftClientReply:client-B22ED198845A->f3174d56-9988-40ec-970b-d447ed545dfb@group-47B82E5F6106, cid=1677, SUCCESS, logIndex=2411, commits[f3174d56-9988-40ec-970b-d447ed545dfb:c2411, 3e713ff3-0d17-449f-90fa-609b20cf4c10:c2407, 34290298-343f-405c-af97-b2d19041b010:c2407]
2019-09-11 09:06:30,210 [grpc-default-executor-1] INFO  client.GrpcClientProtocolClient (GrpcClientProtocolClient.java:onNext(264)) - client-B22ED198845A->f3174d56-9988-40ec-970b-d447ed545dfb: receive RaftClientReply:client-B22ED198845A->f3174d56-9988-40ec-970b-d447ed545dfb@group-47B82E5F6106, cid=1678, SUCCESS, logIndex=0, commits[f3174d56-9988-40ec-970b-d447ed545dfb:c2413, 3e713ff3-0d17-449f-90fa-609b20cf4c10:c2409, 34290298-343f-405c-af97-b2d19041b010:c2409]
2019-09-11 09:06:30,228 [grpc-default-executor-4] INFO  client.GrpcClientProtocolClient (GrpcClientProtocolClient.java:onNext(264)) - client-B22ED198845A->f3174d56-9988-40ec-970b-d447ed545dfb: receive RaftClientReply:client-B22ED198845A->f3174d56-9988-40ec-970b-d447ed545dfb@group-47B82E5F6106, cid=1679, SUCCESS, logIndex=2416, commits[f3174d56-9988-40ec-970b-d447ed545dfb:c2417, 3e713ff3-0d17-449f-90fa-609b20cf4c10:c2415, 34290298-343f-405c-af97-b2d19041b010:c2415]
2019-09-11 09:06:30,228 [grpc-default-executor-4] INFO  client.GrpcClientProtocolClient (GrpcClientProtocolClient.java:onNext(264)) - client-B22ED198845A->f3174d56-9988-40ec-970b-d447ed545dfb: receive RaftClientReply:client-B22ED198845A->f3174d56-9988-40ec-970b-d447ed545dfb@group-47B82E5F6106, cid=1680, SUCCESS, logIndex=2417, commits[f3174d56-9988-40ec-970b-d447ed545dfb:c2417, 3e713ff3-0d17-449f-90fa-609b20cf4c10:c2415, 34290298-343f-405c-af97-b2d19041b010:c2415]
2019-09-11 09:06:30,242 [grpc-default-executor-1] INFO  client.GrpcClientProtocolClient (GrpcClientProtocolClient.java:onNext(264)) - client-B22ED198845A->f3174d56-9988-40ec-970b-d447ed545dfb: receive RaftClientReply:client-B22ED198845A->f3174d56-9988-40ec-970b-d447ed545dfb@group-47B82E5F6106, cid=1681, SUCCESS, logIndex=2420, commits[f3174d56-9988-40ec-970b-d447ed545dfb:c2421, 3e713ff3-0d17-449f-90fa-609b20cf4c10:c2417, 34290298-343f-405c-af97-b2d19041b010:c2416]
2019-09-11 09:06:30,242 [grpc-default-executor-1] INFO  client.GrpcClientProtocolClient (GrpcClientProtocolClient.java:onNext(264)) - client-B22ED198845A->f3174d56-9988-40ec-970b-d447ed545dfb: receive RaftClientReply:client-B22ED198845A->f3174d56-9988-40ec-970b-d447ed545dfb@group-47B82E5F6106, cid=1682, SUCCESS, logIndex=2421, commits[f3174d56-9988-40ec-970b-d447ed545dfb:c2421, 3e713ff3-0d17-449f-90fa-609b20cf4c10:c2417, 34290298-343f-405c-af97-b2d19041b010:c2417]
2019-09-11 09:06:30,253 [grpc-default-executor-1] INFO  client.GrpcClientProtocolClient (GrpcClientProtocolClient.java:onNext(264)) - client-B22ED198845A->f3174d56-9988-40ec-970b-d447ed545dfb: receive RaftClientReply:client-B22ED198845A->f3174d56-9988-40ec-970b-d447ed545dfb@group-47B82E5F6106, cid=1683, SUCCESS, logIndex=0, commits[f3174d56-9988-40ec-970b-d447ed545dfb:c2422, 3e713ff3-0d17-449f-90fa-609b20cf4c10:c2421, 34290298-343f-405c-af97-b2d19041b010:c2421]
2019-09-11 09:06:30,292 [grpc-default-executor-1] INFO  client.GrpcClientProtocolClient (GrpcClientProtocolClient.java:onNext(264)) - client-B22ED198845A->f3174d56-9988-40ec-970b-d447ed545dfb: receive RaftClientReply:client-B22ED198845A->f3174d56-9988-40ec-970b-d447ed545dfb@group-47B82E5F6106, cid=1684, SUCCESS, logIndex=2423, commits[f3174d56-9988-40ec-970b-d447ed545dfb:c2424, 3e713ff3-0d17-449f-90fa-609b20cf4c10:c2421, 34290298-343f-405c-af97-b2d19041b010:c2422]
2019-09-11 09:06:30,293 [grpc-default-executor-1] INFO  client.GrpcClientProtocolClient (GrpcClientProtocolClient.java:onNext(264)) - client-B22ED198845A->f3174d56-9988-40ec-970b-d447ed545dfb: receive RaftClientReply:client-B22ED198845A->f3174d56-9988-40ec-970b-d447ed545dfb@group-47B82E5F6106, cid=1685, SUCCESS, logIndex=2424, commits[f3174d56-9988-40ec-970b-d447ed545dfb:c2424, 3e713ff3-0d17-449f-90fa-609b20cf4c10:c2421, 34290298-343f-405c-af97-b2d19041b010:c2422]
2019-09-11 09:06:30,294 [grpc-default-executor-1] INFO  client.GrpcClientProtocolClient (GrpcClientProtocolClient.java:onNext(264)) - client-B22ED198845A->f3174d56-9988-40ec-970b-d447ed545dfb: receive RaftClientReply:client-B22ED198845A->f3174d56-9988-40ec-970b-d447ed545dfb@group-47B82E5F6106, cid=1686, SUCCESS, logIndex=2425, commits[f3174d56-9988-40ec-970b-d447ed545dfb:c2426, 3e713ff3-0d17-449f-90fa-609b20cf4c10:c2421, 34290298-343f-405c-af97-b2d19041b010:c2422]
2019-09-11 09:06:30,294 [grpc-default-executor-1] INFO  client.GrpcClientProtocolClient (GrpcClientProtocolClient.java:onNext(264)) - client-B22ED198845A->f3174d56-9988-40ec-970b-d447ed545dfb: receive RaftClientReply:client-B22ED198845A->f3174d56-9988-40ec-970b-d447ed545dfb@group-47B82E5F6106, cid=1687, SUCCESS, logIndex=2426, commits[f3174d56-9988-40ec-970b-d447ed545dfb:c2426, 3e713ff3-0d17-449f-90fa-609b20cf4c10:c2422, 34290298-343f-405c-af97-b2d19041b010:c2422]
2019-09-11 09:06:30,305 [grpc-default-executor-4] INFO  client.GrpcClientProtocolClient (GrpcClientProtocolClient.java:onNext(264)) - client-B22ED198845A->f3174d56-9988-40ec-970b-d447ed545dfb: receive RaftClientReply:client-B22ED198845A->f3174d56-9988-40ec-970b-d447ed545dfb@group-47B82E5F6106, cid=1688, SUCCESS, logIndex=0, commits[f3174d56-9988-40ec-970b-d447ed545dfb:c2427, 3e713ff3-0d17-449f-90fa-609b20cf4c10:c2424, 34290298-343f-405c-af97-b2d19041b010:c2424]
2019-09-11 09:06:30,325 [grpc-default-executor-4] INFO  client.GrpcClientProtocolClient (GrpcClientProtocolClient.java:onNext(264)) - client-B22ED198845A->f3174d56-9988-40ec-970b-d447ed545dfb: receive RaftClientReply:client-B22ED198845A->f3174d56-9988-40ec-970b-d447ed545dfb@group-47B82E5F6106, cid=1689, SUCCESS, logIndex=2430, commits[f3174d56-9988-40ec-970b-d447ed545dfb:c2431, 3e713ff3-0d17-449f-90fa-609b20cf4c10:c2429, 34290298-343f-405c-af97-b2d19041b010:c2429]
2019-09-11 09:06:30,326 [grpc-default-executor-4] INFO  client.GrpcClientProtocolClient (GrpcClientProtocolClient.java:onNext(264)) - client-B22ED198845A->f3174d56-9988-40ec-970b-d447ed545dfb: receive RaftClientReply:client-B22ED198845A->f3174d56-9988-40ec-970b-d447ed545dfb@group-47B82E5F6106, cid=1690, SUCCESS, logIndex=2431, commits[f3174d56-9988-40ec-970b-d447ed545dfb:c2431, 3e713ff3-0d17-449f-90fa-609b20cf4c10:c2429, 34290298-343f-405c-af97-b2d19041b010:c2429]
2019-09-11 09:06:30,340 [grpc-default-executor-1] INFO  client.GrpcClientProtocolClient (GrpcClientProtocolClient.java:onNext(264)) - client-B22ED198845A->f3174d56-9988-40ec-970b-d447ed545dfb: receive RaftClientReply:client-B22ED198845A->f3174d56-9988-40ec-970b-d447ed545dfb@group-47B82E5F6106, cid=1691, SUCCESS, logIndex=2434, commits[f3174d56-9988-40ec-970b-d447ed545dfb:c2434, 3e713ff3-0d17-449f-90fa-609b20cf4c10:c2431, 34290298-343f-405c-af97-b2d19041b010:c2431]
2019-09-11 09:06:30,341 [grpc-default-executor-1] INFO  client.GrpcClientProtocolClient (GrpcClientProtocolClient.java:onNext(264)) - client-B22ED198845A->f3174d56-9988-40ec-970b-d447ed545dfb: receive RaftClientReply:client-B22ED198845A->f3174d56-9988-40ec-970b-d447ed545dfb@group-47B82E5F6106, cid=1692, SUCCESS, logIndex=2435, commits[f3174d56-9988-40ec-970b-d447ed545dfb:c2435, 3e713ff3-0d17-449f-90fa-609b20cf4c10:c2431, 34290298-343f-405c-af97-b2d19041b010:c2431]
2019-09-11 09:06:30,345 [grpc-default-executor-1] INFO  client.GrpcClientProtocolClient (GrpcClientProtocolClient.java:onNext(264)) - client-B22ED198845A->f3174d56-9988-40ec-970b-d447ed545dfb: receive RaftClientReply:client-B22ED198845A->f3174d56-9988-40ec-970b-d447ed545dfb@group-47B82E5F6106, cid=1693, SUCCESS, logIndex=0, commits[f3174d56-9988-40ec-970b-d447ed545dfb:c2437, 3e713ff3-0d17-449f-90fa-609b20cf4c10:c2435, 34290298-343f-405c-af97-b2d19041b010:c2435]
2019-09-11 09:06:30,465 [grpc-default-executor-4] INFO  client.GrpcClientProtocolClient (GrpcClientProtocolClient.java:onNext(264)) - client-B22ED198845A->f3174d56-9988-40ec-970b-d447ed545dfb: receive RaftClientReply:client-B22ED198845A->f3174d56-9988-40ec-970b-d447ed545dfb@group-47B82E5F6106, cid=1694, SUCCESS, logIndex=2438, commits[f3174d56-9988-40ec-970b-d447ed545dfb:c2439, 3e713ff3-0d17-449f-90fa-609b20cf4c10:c2437, 34290298-343f-405c-af97-b2d19041b010:c2437]
2019-09-11 09:06:30,465 [grpc-default-executor-4] INFO  client.GrpcClientProtocolClient (GrpcClientProtocolClient.java:onNext(264)) - client-B22ED198845A->f3174d56-9988-40ec-970b-d447ed545dfb: receive RaftClientReply:client-B22ED198845A->f3174d56-9988-40ec-970b-d447ed545dfb@group-47B82E5F6106, cid=1695, SUCCESS, logIndex=2439, commits[f3174d56-9988-40ec-970b-d447ed545dfb:c2441, 3e713ff3-0d17-449f-90fa-609b20cf4c10:c2437, 34290298-343f-405c-af97-b2d19041b010:c2437]
2019-09-11 09:06:30,466 [grpc-default-executor-4] INFO  client.GrpcClientProtocolClient (GrpcClientProtocolClient.java:onNext(264)) - client-B22ED198845A->f3174d56-9988-40ec-970b-d447ed545dfb: receive RaftClientReply:client-B22ED198845A->f3174d56-9988-40ec-970b-d447ed545dfb@group-47B82E5F6106, cid=1696, SUCCESS, logIndex=2440, commits[f3174d56-9988-40ec-970b-d447ed545dfb:c2441, 3e713ff3-0d17-449f-90fa-609b20cf4c10:c2437, 34290298-343f-405c-af97-b2d19041b010:c2437]
2019-09-11 09:06:30,466 [grpc-default-executor-4] INFO  client.GrpcClientProtocolClient (GrpcClientProtocolClient.java:onNext(264)) - client-B22ED198845A->f3174d56-9988-40ec-970b-d447ed545dfb: receive RaftClientReply:client-B22ED198845A->f3174d56-9988-40ec-970b-d447ed545dfb@group-47B82E5F6106, cid=1697, SUCCESS, logIndex=2441, commits[f3174d56-9988-40ec-970b-d447ed545dfb:c2441, 3e713ff3-0d17-449f-90fa-609b20cf4c10:c2437, 34290298-343f-405c-af97-b2d19041b010:c2437]
2019-09-11 09:06:30,468 [grpc-default-executor-1] INFO  client.GrpcClientProtocolClient (GrpcClientProtocolClient.java:onNext(264)) - client-B22ED198845A->f3174d56-9988-40ec-970b-d447ed545dfb: receive RaftClientReply:client-B22ED198845A->f3174d56-9988-40ec-970b-d447ed545dfb@group-47B82E5F6106, cid=1698, SUCCESS, logIndex=0, commits[f3174d56-9988-40ec-970b-d447ed545dfb:c2443, 3e713ff3-0d17-449f-90fa-609b20cf4c10:c2439, 34290298-343f-405c-af97-b2d19041b010:c2439]
2019-09-11 09:06:30,479 [grpc-default-executor-0] INFO  client.GrpcClientProtocolClient (GrpcClientProtocolClient.java:onNext(264)) - client-B22ED198845A->f3174d56-9988-40ec-970b-d447ed545dfb: receive RaftClientReply:client-B22ED198845A->f3174d56-9988-40ec-970b-d447ed545dfb@group-47B82E5F6106, cid=1699, SUCCESS, logIndex=2446, commits[f3174d56-9988-40ec-970b-d447ed545dfb:c2447, 3e713ff3-0d17-449f-90fa-609b20cf4c10:c2445, 34290298-343f-405c-af97-b2d19041b010:c2441]
2019-09-11 09:06:30,480 [grpc-default-executor-0] INFO  client.GrpcClientProtocolClient (GrpcClientProtocolClient.java:onNext(264)) - client-B22ED198845A->f3174d56-9988-40ec-970b-d447ed545dfb: receive RaftClientReply:client-B22ED198845A->f3174d56-9988-40ec-970b-d447ed545dfb@group-47B82E5F6106, cid=1700, SUCCESS, logIndex=2447, commits[f3174d56-9988-40ec-970b-d447ed545dfb:c2447, 3e713ff3-0d17-449f-90fa-609b20cf4c10:c2445, 34290298-343f-405c-af97-b2d19041b010:c2445]
2019-09-11 09:06:30,497 [grpc-default-executor-1] INFO  client.GrpcClientProtocolClient (GrpcClientProtocolClient.java:onNext(264)) - client-B22ED198845A->f3174d56-9988-40ec-970b-d447ed545dfb: receive RaftClientReply:client-B22ED198845A->f3174d56-9988-40ec-970b-d447ed545dfb@group-47B82E5F6106, cid=1701, SUCCESS, logIndex=2450, commits[f3174d56-9988-40ec-970b-d447ed545dfb:c2451, 3e713ff3-0d17-449f-90fa-609b20cf4c10:c2449, 34290298-343f-405c-af97-b2d19041b010:c2449]
2019-09-11 09:06:30,498 [grpc-default-executor-1] INFO  client.GrpcClientProtocolClient (GrpcClientProtocolClient.java:onNext(264)) - client-B22ED198845A->f3174d56-9988-40ec-970b-d447ed545dfb: receive RaftClientReply:client-B22ED198845A->f3174d56-9988-40ec-970b-d447ed545dfb@group-47B82E5F6106, cid=1702, SUCCESS, logIndex=2451, commits[f3174d56-9988-40ec-970b-d447ed545dfb:c2451, 3e713ff3-0d17-449f-90fa-609b20cf4c10:c2449, 34290298-343f-405c-af97-b2d19041b010:c2449]
 0.00% |█                                                                                                    |  0/1 Time: 0:00:102019-09-11 09:06:30,511 [grpc-default-executor-0] INFO  client.GrpcClientProtocolClient (GrpcClientProtocolClient.java:onNext(264)) - client-B22ED198845A->f3174d56-9988-40ec-970b-d447ed545dfb: receive RaftClientReply:client-B22ED198845A->f3174d56-9988-40ec-970b-d447ed545dfb@group-47B82E5F6106, cid=1703, SUCCESS, logIndex=0, commits[f3174d56-9988-40ec-970b-d447ed545dfb:c2452, 3e713ff3-0d17-449f-90fa-609b20cf4c10:c2451, 34290298-343f-405c-af97-b2d19041b010:c2451]
2019-09-11 09:06:30,536 [grpc-default-executor-0] INFO  client.GrpcClientProtocolClient (GrpcClientProtocolClient.java:onNext(264)) - client-B22ED198845A->f3174d56-9988-40ec-970b-d447ed545dfb: receive RaftClientReply:client-B22ED198845A->f3174d56-9988-40ec-970b-d447ed545dfb@group-47B82E5F6106, cid=1704, SUCCESS, logIndex=2454, commits[f3174d56-9988-40ec-970b-d447ed545dfb:c2455, 3e713ff3-0d17-449f-90fa-609b20cf4c10:c2453, 34290298-343f-405c-af97-b2d19041b010:c2453]
2019-09-11 09:06:30,537 [grpc-default-executor-0] INFO  client.GrpcClientProtocolClient (GrpcClientProtocolClient.java:onNext(264)) - client-B22ED198845A->f3174d56-9988-40ec-970b-d447ed545dfb: receive RaftClientReply:client-B22ED198845A->f3174d56-9988-40ec-970b-d447ed545dfb@group-47B82E5F6106, cid=1705, SUCCESS, logIndex=2455, commits[f3174d56-9988-40ec-970b-d447ed545dfb:c2457, 3e713ff3-0d17-449f-90fa-609b20cf4c10:c2453, 34290298-343f-405c-af97-b2d19041b010:c2453]
2019-09-11 09:06:30,537 [grpc-default-executor-0] INFO  client.GrpcClientProtocolClient (GrpcClientProtocolClient.java:onNext(264)) - client-B22ED198845A->f3174d56-9988-40ec-970b-d447ed545dfb: receive RaftClientReply:client-B22ED198845A->f3174d56-9988-40ec-970b-d447ed545dfb@group-47B82E5F6106, cid=1706, SUCCESS, logIndex=2456, commits[f3174d56-9988-40ec-970b-d447ed545dfb:c2457, 3e713ff3-0d17-449f-90fa-609b20cf4c10:c2453, 34290298-343f-405c-af97-b2d19041b010:c2453]
2019-09-11 09:06:30,538 [grpc-default-executor-0] INFO  client.GrpcClientProtocolClient (GrpcClientProtocolClient.java:onNext(264)) - client-B22ED198845A->f3174d56-9988-40ec-970b-d447ed545dfb: receive RaftClientReply:client-B22ED198845A->f3174d56-9988-40ec-970b-d447ed545dfb@group-47B82E5F6106, cid=1707, SUCCESS, logIndex=2457, commits[f3174d56-9988-40ec-970b-d447ed545dfb:c2457, 3e713ff3-0d17-449f-90fa-609b20cf4c10:c2453, 34290298-343f-405c-af97-b2d19041b010:c2453]
2019-09-11 09:06:30,552 [grpc-default-executor-0] INFO  client.GrpcClientProtocolClient (GrpcClientProtocolClient.java:onNext(264)) - client-B22ED198845A->f3174d56-9988-40ec-970b-d447ed545dfb: receive RaftClientReply:client-B22ED198845A->f3174d56-9988-40ec-970b-d447ed545dfb@group-47B82E5F6106, cid=1708, SUCCESS, logIndex=0, commits[f3174d56-9988-40ec-970b-d447ed545dfb:c2461, 3e713ff3-0d17-449f-90fa-609b20cf4c10:c2457, 34290298-343f-405c-af97-b2d19041b010:c2455]
2019-09-11 09:06:30,571 [grpc-default-executor-0] INFO  client.GrpcClientProtocolClient (GrpcClientProtocolClient.java:onNext(264)) - client-B22ED198845A->f3174d56-9988-40ec-970b-d447ed545dfb: receive RaftClientReply:client-B22ED198845A->f3174d56-9988-40ec-970b-d447ed545dfb@group-47B82E5F6106, cid=1709, SUCCESS, logIndex=2462, commits[f3174d56-9988-40ec-970b-d447ed545dfb:c2463, 3e713ff3-0d17-449f-90fa-609b20cf4c10:c2461, 34290298-343f-405c-af97-b2d19041b010:c2461]
2019-09-11 09:06:30,571 [grpc-default-executor-0] INFO  client.GrpcClientProtocolClient (GrpcClientProtocolClient.java:onNext(264)) - client-B22ED198845A->f3174d56-9988-40ec-970b-d447ed545dfb: receive RaftClientReply:client-B22ED198845A->f3174d56-9988-40ec-970b-d447ed545dfb@group-47B82E5F6106, cid=1710, SUCCESS, logIndex=2463, commits[f3174d56-9988-40ec-970b-d447ed545dfb:c2463, 3e713ff3-0d17-449f-90fa-609b20cf4c10:c2461, 34290298-343f-405c-af97-b2d19041b010:c2461]
2019-09-11 09:06:30,595 [grpc-default-executor-2] INFO  client.GrpcClientProtocolClient (GrpcClientProtocolClient.java:onNext(264)) - client-B22ED198845A->f3174d56-9988-40ec-970b-d447ed545dfb: receive RaftClientReply:client-B22ED198845A->f3174d56-9988-40ec-970b-d447ed545dfb@group-47B82E5F6106, cid=1711, SUCCESS, logIndex=2466, commits[f3174d56-9988-40ec-970b-d447ed545dfb:c2467, 3e713ff3-0d17-449f-90fa-609b20cf4c10:c2463, 34290298-343f-405c-af97-b2d19041b010:c2463]
2019-09-11 09:06:30,596 [grpc-default-executor-2] INFO  client.GrpcClientProtocolClient (GrpcClientProtocolClient.java:onNext(264)) - client-B22ED198845A->f3174d56-9988-40ec-970b-d447ed545dfb: receive RaftClientReply:client-B22ED198845A->f3174d56-9988-40ec-970b-d447ed545dfb@group-47B82E5F6106, cid=1712, SUCCESS, logIndex=2467, commits[f3174d56-9988-40ec-970b-d447ed545dfb:c2467, 3e713ff3-0d17-449f-90fa-609b20cf4c10:c2463, 34290298-343f-405c-af97-b2d19041b010:c2463]
2019-09-11 09:06:30,599 [grpc-default-executor-0] INFO  client.GrpcClientProtocolClient (GrpcClientProtocolClient.java:onNext(264)) - client-B22ED198845A->f3174d56-9988-40ec-970b-d447ed545dfb: receive RaftClientReply:client-B22ED198845A->f3174d56-9988-40ec-970b-d447ed545dfb@group-47B82E5F6106, cid=1713, SUCCESS, logIndex=0, commits[f3174d56-9988-40ec-970b-d447ed545dfb:c2468, 3e713ff3-0d17-449f-90fa-609b20cf4c10:c2467, 34290298-343f-405c-af97-b2d19041b010:c2467]
2019-09-11 09:06:30,622 [grpc-default-executor-1] INFO  client.GrpcClientProtocolClient (GrpcClientProtocolClient.java:onNext(264)) - client-B22ED198845A->f3174d56-9988-40ec-970b-d447ed545dfb: receive RaftClientReply:client-B22ED198845A->f3174d56-9988-40ec-970b-d447ed545dfb@group-47B82E5F6106, cid=1714, SUCCESS, logIndex=2470, commits[f3174d56-9988-40ec-970b-d447ed545dfb:c2471, 3e713ff3-0d17-449f-90fa-609b20cf4c10:c2469, 34290298-343f-405c-af97-b2d19041b010:c2469]
2019-09-11 09:06:30,622 [grpc-default-executor-1] INFO  client.GrpcClientProtocolClient (GrpcClientProtocolClient.java:onNext(264)) - client-B22ED198845A->f3174d56-9988-40ec-970b-d447ed545dfb: receive RaftClientReply:client-B22ED198845A->f3174d56-9988-40ec-970b-d447ed545dfb@group-47B82E5F6106, cid=1715, SUCCESS, logIndex=2471, commits[f3174d56-9988-40ec-970b-d447ed545dfb:c2473, 3e713ff3-0d17-449f-90fa-609b20cf4c10:c2469, 34290298-343f-405c-af97-b2d19041b010:c2469]
2019-09-11 09:06:30,622 [grpc-default-executor-1] INFO  client.GrpcClientProtocolClient (GrpcClientProtocolClient.java:onNext(264)) - client-B22ED198845A->f3174d56-9988-40ec-970b-d447ed545dfb: receive RaftClientReply:client-B22ED198845A->f3174d56-9988-40ec-970b-d447ed545dfb@group-47B82E5F6106, cid=1716, SUCCESS, logIndex=2472, commits[f3174d56-9988-40ec-970b-d447ed545dfb:c2473, 3e713ff3-0d17-449f-90fa-609b20cf4c10:c2469, 34290298-343f-405c-af97-b2d19041b010:c2469]
2019-09-11 09:06:30,623 [grpc-default-executor-1] INFO  client.GrpcClientProtocolClient (GrpcClientProtocolClient.java:onNext(264)) - client-B22ED198845A->f3174d56-9988-40ec-970b-d447ed545dfb: receive RaftClientReply:client-B22ED198845A->f3174d56-9988-40ec-970b-d447ed545dfb@group-47B82E5F6106, cid=1717, SUCCESS, logIndex=2473, commits[f3174d56-9988-40ec-970b-d447ed545dfb:c2473, 3e713ff3-0d17-449f-90fa-609b20cf4c10:c2469, 34290298-343f-405c-af97-b2d19041b010:c2469]
2019-09-11 09:06:30,625 [grpc-default-executor-1] INFO  client.GrpcClientProtocolClient (GrpcClientProtocolClient.java:onNext(264)) - client-B22ED198845A->f3174d56-9988-40ec-970b-d447ed545dfb: receive RaftClientReply:client-B22ED198845A->f3174d56-9988-40ec-970b-d447ed545dfb@group-47B82E5F6106, cid=1718, SUCCESS, logIndex=0, commits[f3174d56-9988-40ec-970b-d447ed545dfb:c2475, 3e713ff3-0d17-449f-90fa-609b20cf4c10:c2471, 34290298-343f-405c-af97-b2d19041b010:c2471]
2019-09-11 09:06:30,634 [grpc-default-executor-4] INFO  client.GrpcClientProtocolClient (GrpcClientProtocolClient.java:onNext(264)) - client-B22ED198845A->f3174d56-9988-40ec-970b-d447ed545dfb: receive RaftClientReply:client-B22ED198845A->f3174d56-9988-40ec-970b-d447ed545dfb@group-47B82E5F6106, cid=1719, SUCCESS, logIndex=2478, commits[f3174d56-9988-40ec-970b-d447ed545dfb:c2479, 3e713ff3-0d17-449f-90fa-609b20cf4c10:c2477, 34290298-343f-405c-af97-b2d19041b010:c2473]
2019-09-11 09:06:30,634 [grpc-default-executor-4] INFO  client.GrpcClientProtocolClient (GrpcClientProtocolClient.java:onNext(264)) - client-B22ED198845A->f3174d56-9988-40ec-970b-d447ed545dfb: receive RaftClientReply:client-B22ED198845A->f3174d56-9988-40ec-970b-d447ed545dfb@group-47B82E5F6106, cid=1720, SUCCESS, logIndex=2479, commits[f3174d56-9988-40ec-970b-d447ed545dfb:c2479, 3e713ff3-0d17-449f-90fa-609b20cf4c10:c2477, 34290298-343f-405c-af97-b2d19041b010:c2473]
2019-09-11 09:06:30,644 [grpc-default-executor-0] INFO  client.GrpcClientProtocolClient (GrpcClientProtocolClient.java:onNext(264)) - client-B22ED198845A->f3174d56-9988-40ec-970b-d447ed545dfb: receive RaftClientReply:client-B22ED198845A->f3174d56-9988-40ec-970b-d447ed545dfb@group-47B82E5F6106, cid=1721, SUCCESS, logIndex=2482, commits[f3174d56-9988-40ec-970b-d447ed545dfb:c2483, 3e713ff3-0d17-449f-90fa-609b20cf4c10:c2479, 34290298-343f-405c-af97-b2d19041b010:c2480]
2019-09-11 09:06:30,644 [grpc-default-executor-0] INFO  client.GrpcClientProtocolClient (GrpcClientProtocolClient.java:onNext(264)) - client-B22ED198845A->f3174d56-9988-40ec-970b-d447ed545dfb: receive RaftClientReply:client-B22ED198845A->f3174d56-9988-40ec-970b-d447ed545dfb@group-47B82E5F6106, cid=1722, SUCCESS, logIndex=2483, commits[f3174d56-9988-40ec-970b-d447ed545dfb:c2483, 3e713ff3-0d17-449f-90fa-609b20cf4c10:c2480, 34290298-343f-405c-af97-b2d19041b010:c2480]
2019-09-11 09:06:30,649 [grpc-default-executor-1] INFO  client.GrpcClientProtocolClient (GrpcClientProtocolClient.java:onNext(264)) - client-B22ED198845A->f3174d56-9988-40ec-970b-d447ed545dfb: receive RaftClientReply:client-B22ED198845A->f3174d56-9988-40ec-970b-d447ed545dfb@group-47B82E5F6106, cid=1723, SUCCESS, logIndex=0, commits[f3174d56-9988-40ec-970b-d447ed545dfb:c2485, 3e713ff3-0d17-449f-90fa-609b20cf4c10:c2483, 34290298-343f-405c-af97-b2d19041b010:c2483]
2019-09-11 09:06:30,683 [grpc-default-executor-0] INFO  client.GrpcClientProtocolClient (GrpcClientProtocolClient.java:onNext(264)) - client-B22ED198845A->f3174d56-9988-40ec-970b-d447ed545dfb: receive RaftClientReply:client-B22ED198845A->f3174d56-9988-40ec-970b-d447ed545dfb@group-47B82E5F6106, cid=1724, SUCCESS, logIndex=2486, commits[f3174d56-9988-40ec-970b-d447ed545dfb:c2487, 3e713ff3-0d17-449f-90fa-609b20cf4c10:c2485, 34290298-343f-405c-af97-b2d19041b010:c2485]
2019-09-11 09:06:30,683 [grpc-default-executor-0] INFO  client.GrpcClientProtocolClient (GrpcClientProtocolClient.java:onNext(264)) - client-B22ED198845A->f3174d56-9988-40ec-970b-d447ed545dfb: receive RaftClientReply:client-B22ED198845A->f3174d56-9988-40ec-970b-d447ed545dfb@group-47B82E5F6106, cid=1725, SUCCESS, logIndex=2487, commits[f3174d56-9988-40ec-970b-d447ed545dfb:c2489, 3e713ff3-0d17-449f-90fa-609b20cf4c10:c2485, 34290298-343f-405c-af97-b2d19041b010:c2485]
2019-09-11 09:06:30,684 [grpc-default-executor-0] INFO  client.GrpcClientProtocolClient (GrpcClientProtocolClient.java:onNext(264)) - client-B22ED198845A->f3174d56-9988-40ec-970b-d447ed545dfb: receive RaftClientReply:client-B22ED198845A->f3174d56-9988-40ec-970b-d447ed545dfb@group-47B82E5F6106, cid=1726, SUCCESS, logIndex=2488, commits[f3174d56-9988-40ec-970b-d447ed545dfb:c2489, 3e713ff3-0d17-449f-90fa-609b20cf4c10:c2485, 34290298-343f-405c-af97-b2d19041b010:c2485]
2019-09-11 09:06:30,684 [grpc-default-executor-0] INFO  client.GrpcClientProtocolClient (GrpcClientProtocolClient.java:onNext(264)) - client-B22ED198845A->f3174d56-9988-40ec-970b-d447ed545dfb: receive RaftClientReply:client-B22ED198845A->f3174d56-9988-40ec-970b-d447ed545dfb@group-47B82E5F6106, cid=1727, SUCCESS, logIndex=2489, commits[f3174d56-9988-40ec-970b-d447ed545dfb:c2489, 3e713ff3-0d17-449f-90fa-609b20cf4c10:c2485, 34290298-343f-405c-af97-b2d19041b010:c2485]
2019-09-11 09:06:30,686 [grpc-default-executor-0] INFO  client.GrpcClientProtocolClient (GrpcClientProtocolClient.java:onNext(264)) - client-B22ED198845A->f3174d56-9988-40ec-970b-d447ed545dfb: receive RaftClientReply:client-B22ED198845A->f3174d56-9988-40ec-970b-d447ed545dfb@group-47B82E5F6106, cid=1728, SUCCESS, logIndex=0, commits[f3174d56-9988-40ec-970b-d447ed545dfb:c2490, 3e713ff3-0d17-449f-90fa-609b20cf4c10:c2487, 34290298-343f-405c-af97-b2d19041b010:c2487]
2019-09-11 09:06:30,701 [grpc-default-executor-0] INFO  client.GrpcClientProtocolClient (GrpcClientProtocolClient.java:onNext(264)) - client-B22ED198845A->f3174d56-9988-40ec-970b-d447ed545dfb: receive RaftClientReply:client-B22ED198845A->f3174d56-9988-40ec-970b-d447ed545dfb@group-47B82E5F6106, cid=1729, SUCCESS, logIndex=2493, commits[f3174d56-9988-40ec-970b-d447ed545dfb:c2494, 3e713ff3-0d17-449f-90fa-609b20cf4c10:c2490, 34290298-343f-405c-af97-b2d19041b010:c2490]
2019-09-11 09:06:30,701 [grpc-default-executor-0] INFO  client.GrpcClientProtocolClient (GrpcClientProtocolClient.java:onNext(264)) - client-B22ED198845A->f3174d56-9988-40ec-970b-d447ed545dfb: receive RaftClientReply:client-B22ED198845A->f3174d56-9988-40ec-970b-d447ed545dfb@group-47B82E5F6106, cid=1730, SUCCESS, logIndex=2494, commits[f3174d56-9988-40ec-970b-d447ed545dfb:c2494, 3e713ff3-0d17-449f-90fa-609b20cf4c10:c2490, 34290298-343f-405c-af97-b2d19041b010:c2490]
2019-09-11 09:06:30,718 [grpc-default-executor-2] INFO  client.GrpcClientProtocolClient (GrpcClientProtocolClient.java:onNext(264)) - client-B22ED198845A->f3174d56-9988-40ec-970b-d447ed545dfb: receive RaftClientReply:client-B22ED198845A->f3174d56-9988-40ec-970b-d447ed545dfb@group-47B82E5F6106, cid=1731, SUCCESS, logIndex=2497, commits[f3174d56-9988-40ec-970b-d447ed545dfb:c2498, 3e713ff3-0d17-449f-90fa-609b20cf4c10:c2494, 34290298-343f-405c-af97-b2d19041b010:c2494]
2019-09-11 09:06:30,718 [grpc-default-executor-2] INFO  client.GrpcClientProtocolClient (GrpcClientProtocolClient.java:onNext(264)) - client-B22ED198845A->f3174d56-9988-40ec-970b-d447ed545dfb: receive RaftClientReply:client-B22ED198845A->f3174d56-9988-40ec-970b-d447ed545dfb@group-47B82E5F6106, cid=1732, SUCCESS, logIndex=2498, commits[f3174d56-9988-40ec-970b-d447ed545dfb:c2498, 3e713ff3-0d17-449f-90fa-609b20cf4c10:c2494, 34290298-343f-405c-af97-b2d19041b010:c2494]
2019-09-11 09:06:30,733 [grpc-default-executor-2] INFO  client.GrpcClientProtocolClient (GrpcClientProtocolClient.java:onNext(264)) - client-B22ED198845A->f3174d56-9988-40ec-970b-d447ed545dfb: receive RaftClientReply:client-B22ED198845A->f3174d56-9988-40ec-970b-d447ed545dfb@group-47B82E5F6106, cid=1733, SUCCESS, logIndex=0, commits[f3174d56-9988-40ec-970b-d447ed545dfb:c2500, 3e713ff3-0d17-449f-90fa-609b20cf4c10:c2498, 34290298-343f-405c-af97-b2d19041b010:c2498]
2019-09-11 09:06:30,757 [grpc-default-executor-1] INFO  client.GrpcClientProtocolClient (GrpcClientProtocolClient.java:onNext(264)) - client-B22ED198845A->f3174d56-9988-40ec-970b-d447ed545dfb: receive RaftClientReply:client-B22ED198845A->f3174d56-9988-40ec-970b-d447ed545dfb@group-47B82E5F6106, cid=1734, SUCCESS, logIndex=2501, commits[f3174d56-9988-40ec-970b-d447ed545dfb:c2503, 3e713ff3-0d17-449f-90fa-609b20cf4c10:c2500, 34290298-343f-405c-af97-b2d19041b010:c2500]
2019-09-11 09:06:30,757 [grpc-default-executor-1] INFO  client.GrpcClientProtocolClient (GrpcClientProtocolClient.java:onNext(264)) - client-B22ED198845A->f3174d56-9988-40ec-970b-d447ed545dfb: receive RaftClientReply:client-B22ED198845A->f3174d56-9988-40ec-970b-d447ed545dfb@group-47B82E5F6106, cid=1735, SUCCESS, logIndex=2502, commits[f3174d56-9988-40ec-970b-d447ed545dfb:c2504, 3e713ff3-0d17-449f-90fa-609b20cf4c10:c2500, 34290298-343f-405c-af97-b2d19041b010:c2500]
2019-09-11 09:06:30,757 [grpc-default-executor-1] INFO  client.GrpcClientProtocolClient (GrpcClientProtocolClient.java:onNext(264)) - client-B22ED198845A->f3174d56-9988-40ec-970b-d447ed545dfb: receive RaftClientReply:client-B22ED198845A->f3174d56-9988-40ec-970b-d447ed545dfb@group-47B82E5F6106, cid=1736, SUCCESS, logIndex=2503, commits[f3174d56-9988-40ec-970b-d447ed545dfb:c2504, 3e713ff3-0d17-449f-90fa-609b20cf4c10:c2500, 34290298-343f-405c-af97-b2d19041b010:c2500]
2019-09-11 09:06:30,757 [grpc-default-executor-1] INFO  client.GrpcClientProtocolClient (GrpcClientProtocolClient.java:onNext(264)) - client-B22ED198845A->f3174d56-9988-40ec-970b-d447ed545dfb: receive RaftClientReply:client-B22ED198845A->f3174d56-9988-40ec-970b-d447ed545dfb@group-47B82E5F6106, cid=1737, SUCCESS, logIndex=2504, commits[f3174d56-9988-40ec-970b-d447ed545dfb:c2504, 3e713ff3-0d17-449f-90fa-609b20cf4c10:c2500, 34290298-343f-405c-af97-b2d19041b010:c2500]
2019-09-11 09:06:30,771 [grpc-default-executor-2] INFO  client.GrpcClientProtocolClient (GrpcClientProtocolClient.java:onNext(264)) - client-B22ED198845A->f3174d56-9988-40ec-970b-d447ed545dfb: receive RaftClientReply:client-B22ED198845A->f3174d56-9988-40ec-970b-d447ed545dfb@group-47B82E5F6106, cid=1738, SUCCESS, logIndex=0, commits[f3174d56-9988-40ec-970b-d447ed545dfb:c2507, 3e713ff3-0d17-449f-90fa-609b20cf4c10:c2503, 34290298-343f-405c-af97-b2d19041b010:c2502]
2019-09-11 09:06:30,790 [grpc-default-executor-4] INFO  client.GrpcClientProtocolClient (GrpcClientProtocolClient.java:onNext(264)) - client-B22ED198845A->f3174d56-9988-40ec-970b-d447ed545dfb: receive RaftClientReply:client-B22ED198845A->f3174d56-9988-40ec-970b-d447ed545dfb@group-47B82E5F6106, cid=1739, SUCCESS, logIndex=2509, commits[f3174d56-9988-40ec-970b-d447ed545dfb:c2510, 3e713ff3-0d17-449f-90fa-609b20cf4c10:c2508, 34290298-343f-405c-af97-b2d19041b010:c2508]
2019-09-11 09:06:30,790 [grpc-default-executor-4] INFO  client.GrpcClientProtocolClient (GrpcClientProtocolClient.java:onNext(264)) - client-B22ED198845A->f3174d56-9988-40ec-970b-d447ed545dfb: receive RaftClientReply:client-B22ED198845A->f3174d56-9988-40ec-970b-d447ed545dfb@group-47B82E5F6106, cid=1740, SUCCESS, logIndex=2510, commits[f3174d56-9988-40ec-970b-d447ed545dfb:c2510, 3e713ff3-0d17-449f-90fa-609b20cf4c10:c2508, 34290298-343f-405c-af97-b2d19041b010:c2508]
2019-09-11 09:06:30,804 [grpc-default-executor-4] INFO  client.GrpcClientProtocolClient (GrpcClientProtocolClient.java:onNext(264)) - client-B22ED198845A->f3174d56-9988-40ec-970b-d447ed545dfb: receive RaftClientReply:client-B22ED198845A->f3174d56-9988-40ec-970b-d447ed545dfb@group-47B82E5F6106, cid=1741, SUCCESS, logIndex=2513, commits[f3174d56-9988-40ec-970b-d447ed545dfb:c2514, 3e713ff3-0d17-449f-90fa-609b20cf4c10:c2510, 34290298-343f-405c-af97-b2d19041b010:c2510]
2019-09-11 09:06:30,804 [grpc-default-executor-4] INFO  client.GrpcClientProtocolClient (GrpcClientProtocolClient.java:onNext(264)) - client-B22ED198845A->f3174d56-9988-40ec-970b-d447ed545dfb: receive RaftClientReply:client-B22ED198845A->f3174d56-9988-40ec-970b-d447ed545dfb@group-47B82E5F6106, cid=1742, SUCCESS, logIndex=2514, commits[f3174d56-9988-40ec-970b-d447ed545dfb:c2514, 3e713ff3-0d17-449f-90fa-609b20cf4c10:c2510, 34290298-343f-405c-af97-b2d19041b010:c2510]
2019-09-11 09:06:30,829 [grpc-default-executor-4] INFO  client.GrpcClientProtocolClient (GrpcClientProtocolClient.java:onNext(264)) - client-B22ED198845A->f3174d56-9988-40ec-970b-d447ed545dfb: receive RaftClientReply:client-B22ED198845A->f3174d56-9988-40ec-970b-d447ed545dfb@group-47B82E5F6106, cid=1743, SUCCESS, logIndex=0, commits[f3174d56-9988-40ec-970b-d447ed545dfb:c2516, 3e713ff3-0d17-449f-90fa-609b20cf4c10:c2514, 34290298-343f-405c-af97-b2d19041b010:c2514]
2019-09-11 09:06:30,855 [grpc-default-executor-0] INFO  client.GrpcClientProtocolClient (GrpcClientProtocolClient.java:onNext(264)) - client-B22ED198845A->f3174d56-9988-40ec-970b-d447ed545dfb: receive RaftClientReply:client-B22ED198845A->f3174d56-9988-40ec-970b-d447ed545dfb@group-47B82E5F6106, cid=1744, SUCCESS, logIndex=2517, commits[f3174d56-9988-40ec-970b-d447ed545dfb:c2518, 3e713ff3-0d17-449f-90fa-609b20cf4c10:c2516, 34290298-343f-405c-af97-b2d19041b010:c2516]
2019-09-11 09:06:30,856 [grpc-default-executor-1] INFO  client.GrpcClientProtocolClient (GrpcClientProtocolClient.java:onNext(264)) - client-B22ED198845A->f3174d56-9988-40ec-970b-d447ed545dfb: receive RaftClientReply:client-B22ED198845A->f3174d56-9988-40ec-970b-d447ed545dfb@group-47B82E5F6106, cid=1745, SUCCESS, logIndex=2518, commits[f3174d56-9988-40ec-970b-d447ed545dfb:c2518, 3e713ff3-0d17-449f-90fa-609b20cf4c10:c2516, 34290298-343f-405c-af97-b2d19041b010:c2516]
2019-09-11 09:06:30,856 [grpc-default-executor-4] INFO  client.GrpcClientProtocolClient (GrpcClientProtocolClient.java:onNext(264)) - client-B22ED198845A->f3174d56-9988-40ec-970b-d447ed545dfb: receive RaftClientReply:client-B22ED198845A->f3174d56-9988-40ec-970b-d447ed545dfb@group-47B82E5F6106, cid=1746, SUCCESS, logIndex=2519, commits[f3174d56-9988-40ec-970b-d447ed545dfb:c2520, 3e713ff3-0d17-449f-90fa-609b20cf4c10:c2516, 34290298-343f-405c-af97-b2d19041b010:c2516]
2019-09-11 09:06:30,856 [grpc-default-executor-4] INFO  client.GrpcClientProtocolClient (GrpcClientProtocolClient.java:onNext(264)) - client-B22ED198845A->f3174d56-9988-40ec-970b-d447ed545dfb: receive RaftClientReply:client-B22ED198845A->f3174d56-9988-40ec-970b-d447ed545dfb@group-47B82E5F6106, cid=1747, SUCCESS, logIndex=2520, commits[f3174d56-9988-40ec-970b-d447ed545dfb:c2520, 3e713ff3-0d17-449f-90fa-609b20cf4c10:c2516, 34290298-343f-405c-af97-b2d19041b010:c2516]
2019-09-11 09:06:30,870 [grpc-default-executor-4] INFO  client.GrpcClientProtocolClient (GrpcClientProtocolClient.java:onNext(264)) - client-B22ED198845A->f3174d56-9988-40ec-970b-d447ed545dfb: receive RaftClientReply:client-B22ED198845A->f3174d56-9988-40ec-970b-d447ed545dfb@group-47B82E5F6106, cid=1748, SUCCESS, logIndex=0, commits[f3174d56-9988-40ec-970b-d447ed545dfb:c2522, 3e713ff3-0d17-449f-90fa-609b20cf4c10:c2518, 34290298-343f-405c-af97-b2d19041b010:c2518]
2019-09-11 09:06:30,880 [grpc-default-executor-1] INFO  client.GrpcClientProtocolClient (GrpcClientProtocolClient.java:onNext(264)) - client-B22ED198845A->f3174d56-9988-40ec-970b-d447ed545dfb: receive RaftClientReply:client-B22ED198845A->f3174d56-9988-40ec-970b-d447ed545dfb@group-47B82E5F6106, cid=1749, SUCCESS, logIndex=2525, commits[f3174d56-9988-40ec-970b-d447ed545dfb:c2526, 3e713ff3-0d17-449f-90fa-609b20cf4c10:c2524, 34290298-343f-405c-af97-b2d19041b010:c2524]
2019-09-11 09:06:30,881 [grpc-default-executor-1] INFO  client.GrpcClientProtocolClient (GrpcClientProtocolClient.java:onNext(264)) - client-B22ED198845A->f3174d56-9988-40ec-970b-d447ed545dfb: receive RaftClientReply:client-B22ED198845A->f3174d56-9988-40ec-970b-d447ed545dfb@group-47B82E5F6106, cid=1750, SUCCESS, logIndex=2526, commits[f3174d56-9988-40ec-970b-d447ed545dfb:c2526, 3e713ff3-0d17-449f-90fa-609b20cf4c10:c2524, 34290298-343f-405c-af97-b2d19041b010:c2524]
2019-09-11 09:06:30,894 [grpc-default-executor-0] INFO  client.GrpcClientProtocolClient (GrpcClientProtocolClient.java:onNext(264)) - client-B22ED198845A->f3174d56-9988-40ec-970b-d447ed545dfb: receive RaftClientReply:client-B22ED198845A->f3174d56-9988-40ec-970b-d447ed545dfb@group-47B82E5F6106, cid=1751, SUCCESS, logIndex=2529, commits[f3174d56-9988-40ec-970b-d447ed545dfb:c2530, 3e713ff3-0d17-449f-90fa-609b20cf4c10:c2527, 34290298-343f-405c-af97-b2d19041b010:c2526]
2019-09-11 09:06:30,895 [grpc-default-executor-1] INFO  client.GrpcClientProtocolClient (GrpcClientProtocolClient.java:onNext(264)) - client-B22ED198845A->f3174d56-9988-40ec-970b-d447ed545dfb: receive RaftClientReply:client-B22ED198845A->f3174d56-9988-40ec-970b-d447ed545dfb@group-47B82E5F6106, cid=1752, SUCCESS, logIndex=2530, commits[f3174d56-9988-40ec-970b-d447ed545dfb:c2530, 3e713ff3-0d17-449f-90fa-609b20cf4c10:c2527, 34290298-343f-405c-af97-b2d19041b010:c2527]
2019-09-11 09:06:30,897 [grpc-default-executor-1] INFO  client.GrpcClientProtocolClient (GrpcClientProtocolClient.java:onNext(264)) - client-B22ED198845A->f3174d56-9988-40ec-970b-d447ed545dfb: receive RaftClientReply:client-B22ED198845A->f3174d56-9988-40ec-970b-d447ed545dfb@group-47B82E5F6106, cid=1753, SUCCESS, logIndex=0, commits[f3174d56-9988-40ec-970b-d447ed545dfb:c2532, 3e713ff3-0d17-449f-90fa-609b20cf4c10:c2530, 34290298-343f-405c-af97-b2d19041b010:c2530]
2019-09-11 09:06:30,919 [grpc-default-executor-0] INFO  client.GrpcClientProtocolClient (GrpcClientProtocolClient.java:onNext(264)) - client-B22ED198845A->f3174d56-9988-40ec-970b-d447ed545dfb: receive RaftClientReply:client-B22ED198845A->f3174d56-9988-40ec-970b-d447ed545dfb@group-47B82E5F6106, cid=1754, SUCCESS, logIndex=2533, commits[f3174d56-9988-40ec-970b-d447ed545dfb:c2534, 3e713ff3-0d17-449f-90fa-609b20cf4c10:c2532, 34290298-343f-405c-af97-b2d19041b010:c2530]
2019-09-11 09:06:30,919 [grpc-default-executor-0] INFO  client.GrpcClientProtocolClient (GrpcClientProtocolClient.java:onNext(264)) - client-B22ED198845A->f3174d56-9988-40ec-970b-d447ed545dfb: receive RaftClientReply:client-B22ED198845A->f3174d56-9988-40ec-970b-d447ed545dfb@group-47B82E5F6106, cid=1755, SUCCESS, logIndex=2534, commits[f3174d56-9988-40ec-970b-d447ed545dfb:c2534, 3e713ff3-0d17-449f-90fa-609b20cf4c10:c2532, 34290298-343f-405c-af97-b2d19041b010:c2532]
2019-09-11 09:06:30,920 [grpc-default-executor-0] INFO  client.GrpcClientProtocolClient (GrpcClientProtocolClient.java:onNext(264)) - client-B22ED198845A->f3174d56-9988-40ec-970b-d447ed545dfb: receive RaftClientReply:client-B22ED198845A->f3174d56-9988-40ec-970b-d447ed545dfb@group-47B82E5F6106, cid=1756, SUCCESS, logIndex=2535, commits[f3174d56-9988-40ec-970b-d447ed545dfb:c2536, 3e713ff3-0d17-449f-90fa-609b20cf4c10:c2532, 34290298-343f-405c-af97-b2d19041b010:c2532]
2019-09-11 09:06:30,921 [grpc-default-executor-0] INFO  client.GrpcClientProtocolClient (GrpcClientProtocolClient.java:onNext(264)) - client-B22ED198845A->f3174d56-9988-40ec-970b-d447ed545dfb: receive RaftClientReply:client-B22ED198845A->f3174d56-9988-40ec-970b-d447ed545dfb@group-47B82E5F6106, cid=1757, SUCCESS, logIndex=2536, commits[f3174d56-9988-40ec-970b-d447ed545dfb:c2536, 3e713ff3-0d17-449f-90fa-609b20cf4c10:c2532, 34290298-343f-405c-af97-b2d19041b010:c2532]
2019-09-11 09:06:30,922 [grpc-default-executor-0] INFO  client.GrpcClientProtocolClient (GrpcClientProtocolClient.java:onNext(264)) - client-B22ED198845A->f3174d56-9988-40ec-970b-d447ed545dfb: receive RaftClientReply:client-B22ED198845A->f3174d56-9988-40ec-970b-d447ed545dfb@group-47B82E5F6106, cid=1758, SUCCESS, logIndex=0, commits[f3174d56-9988-40ec-970b-d447ed545dfb:c2537, 3e713ff3-0d17-449f-90fa-609b20cf4c10:c2534, 34290298-343f-405c-af97-b2d19041b010:c2534]
2019-09-11 09:06:30,950 [grpc-default-executor-4] INFO  client.GrpcClientProtocolClient (GrpcClientProtocolClient.java:onNext(264)) - client-B22ED198845A->f3174d56-9988-40ec-970b-d447ed545dfb: receive RaftClientReply:client-B22ED198845A->f3174d56-9988-40ec-970b-d447ed545dfb@group-47B82E5F6106, cid=1759, SUCCESS, logIndex=2541, commits[f3174d56-9988-40ec-970b-d447ed545dfb:c2542, 3e713ff3-0d17-449f-90fa-609b20cf4c10:c2540, 34290298-343f-405c-af97-b2d19041b010:c2540]
2019-09-11 09:06:30,950 [grpc-default-executor-4] INFO  client.GrpcClientProtocolClient (GrpcClientProtocolClient.java:onNext(264)) - client-B22ED198845A->f3174d56-9988-40ec-970b-d447ed545dfb: receive RaftClientReply:client-B22ED198845A->f3174d56-9988-40ec-970b-d447ed545dfb@group-47B82E5F6106, cid=1760, SUCCESS, logIndex=2542, commits[f3174d56-9988-40ec-970b-d447ed545dfb:c2542, 3e713ff3-0d17-449f-90fa-609b20cf4c10:c2540, 34290298-343f-405c-af97-b2d19041b010:c2540]
2019-09-11 09:06:30,965 [grpc-default-executor-4] INFO  client.GrpcClientProtocolClient (GrpcClientProtocolClient.java:onNext(264)) - client-B22ED198845A->f3174d56-9988-40ec-970b-d447ed545dfb: receive RaftClientReply:client-B22ED198845A->f3174d56-9988-40ec-970b-d447ed545dfb@group-47B82E5F6106, cid=1761, SUCCESS, logIndex=2545, commits[f3174d56-9988-40ec-970b-d447ed545dfb:c2546, 3e713ff3-0d17-449f-90fa-609b20cf4c10:c2542, 34290298-343f-405c-af97-b2d19041b010:c2542]
2019-09-11 09:06:30,965 [grpc-default-executor-4] INFO  client.GrpcClientProtocolClient (GrpcClientProtocolClient.java:onNext(264)) - client-B22ED198845A->f3174d56-9988-40ec-970b-d447ed545dfb: receive RaftClientReply:client-B22ED198845A->f3174d56-9988-40ec-970b-d447ed545dfb@group-47B82E5F6106, cid=1762, SUCCESS, logIndex=2546, commits[f3174d56-9988-40ec-970b-d447ed545dfb:c2546, 3e713ff3-0d17-449f-90fa-609b20cf4c10:c2542, 34290298-343f-405c-af97-b2d19041b010:c2542]
2019-09-11 09:06:30,976 [grpc-default-executor-4] INFO  client.GrpcClientProtocolClient (GrpcClientProtocolClient.java:onNext(264)) - client-B22ED198845A->f3174d56-9988-40ec-970b-d447ed545dfb: receive RaftClientReply:client-B22ED198845A->f3174d56-9988-40ec-970b-d447ed545dfb@group-47B82E5F6106, cid=1763, SUCCESS, logIndex=0, commits[f3174d56-9988-40ec-970b-d447ed545dfb:c2547, 3e713ff3-0d17-449f-90fa-609b20cf4c10:c2546, 34290298-343f-405c-af97-b2d19041b010:c2546]
2019-09-11 09:06:31,087 [grpc-default-executor-4] INFO  client.GrpcClientProtocolClient (GrpcClientProtocolClient.java:onNext(264)) - client-B22ED198845A->f3174d56-9988-40ec-970b-d447ed545dfb: receive RaftClientReply:client-B22ED198845A->f3174d56-9988-40ec-970b-d447ed545dfb@group-47B82E5F6106, cid=1764, SUCCESS, logIndex=2548, commits[f3174d56-9988-40ec-970b-d447ed545dfb:c2549, 3e713ff3-0d17-449f-90fa-609b20cf4c10:c2547, 34290298-343f-405c-af97-b2d19041b010:c2547]
2019-09-11 09:06:31,088 [grpc-default-executor-0] INFO  client.GrpcClientProtocolClient (GrpcClientProtocolClient.java:onNext(264)) - client-B22ED198845A->f3174d56-9988-40ec-970b-d447ed545dfb: receive RaftClientReply:client-B22ED198845A->f3174d56-9988-40ec-970b-d447ed545dfb@group-47B82E5F6106, cid=1765, SUCCESS, logIndex=2549, commits[f3174d56-9988-40ec-970b-d447ed545dfb:c2551, 3e713ff3-0d17-449f-90fa-609b20cf4c10:c2547, 34290298-343f-405c-af97-b2d19041b010:c2547]
2019-09-11 09:06:31,088 [grpc-default-executor-0] INFO  client.GrpcClientProtocolClient (GrpcClientProtocolClient.java:onNext(264)) - client-B22ED198845A->f3174d56-9988-40ec-970b-d447ed545dfb: receive RaftClientReply:client-B22ED198845A->f3174d56-9988-40ec-970b-d447ed545dfb@group-47B82E5F6106, cid=1766, SUCCESS, logIndex=2550, commits[f3174d56-9988-40ec-970b-d447ed545dfb:c2551, 3e713ff3-0d17-449f-90fa-609b20cf4c10:c2547, 34290298-343f-405c-af97-b2d19041b010:c2547]
2019-09-11 09:06:31,088 [grpc-default-executor-0] INFO  client.GrpcClientProtocolClient (GrpcClientProtocolClient.java:onNext(264)) - client-B22ED198845A->f3174d56-9988-40ec-970b-d447ed545dfb: receive RaftClientReply:client-B22ED198845A->f3174d56-9988-40ec-970b-d447ed545dfb@group-47B82E5F6106, cid=1767, SUCCESS, logIndex=2551, commits[f3174d56-9988-40ec-970b-d447ed545dfb:c2552, 3e713ff3-0d17-449f-90fa-609b20cf4c10:c2547, 34290298-343f-405c-af97-b2d19041b010:c2548]
2019-09-11 09:06:31,101 [grpc-default-executor-0] INFO  client.GrpcClientProtocolClient (GrpcClientProtocolClient.java:onNext(264)) - client-B22ED198845A->f3174d56-9988-40ec-970b-d447ed545dfb: receive RaftClientReply:client-B22ED198845A->f3174d56-9988-40ec-970b-d447ed545dfb@group-47B82E5F6106, cid=1768, SUCCESS, logIndex=0, commits[f3174d56-9988-40ec-970b-d447ed545dfb:c2553, 3e713ff3-0d17-449f-90fa-609b20cf4c10:c2549, 34290298-343f-405c-af97-b2d19041b010:c2549]
2019-09-11 09:06:31,129 [grpc-default-executor-1] INFO  client.GrpcClientProtocolClient (GrpcClientProtocolClient.java:onNext(264)) - client-B22ED198845A->f3174d56-9988-40ec-970b-d447ed545dfb: receive RaftClientReply:client-B22ED198845A->f3174d56-9988-40ec-970b-d447ed545dfb@group-47B82E5F6106, cid=1769, SUCCESS, logIndex=2555, commits[f3174d56-9988-40ec-970b-d447ed545dfb:c2556, 3e713ff3-0d17-449f-90fa-609b20cf4c10:c2554, 34290298-343f-405c-af97-b2d19041b010:c2554]
2019-09-11 09:06:31,130 [grpc-default-executor-1] INFO  client.GrpcClientProtocolClient (GrpcClientProtocolClient.java:onNext(264)) - client-B22ED198845A->f3174d56-9988-40ec-970b-d447ed545dfb: receive RaftClientReply:client-B22ED198845A->f3174d56-9988-40ec-970b-d447ed545dfb@group-47B82E5F6106, cid=1770, SUCCESS, logIndex=2556, commits[f3174d56-9988-40ec-970b-d447ed545dfb:c2556, 3e713ff3-0d17-449f-90fa-609b20cf4c10:c2554, 34290298-343f-405c-af97-b2d19041b010:c2554]
2019-09-11 09:06:31,145 [grpc-default-executor-0] INFO  client.GrpcClientProtocolClient (GrpcClientProtocolClient.java:onNext(264)) - client-B22ED198845A->f3174d56-9988-40ec-970b-d447ed545dfb: receive RaftClientReply:client-B22ED198845A->f3174d56-9988-40ec-970b-d447ed545dfb@group-47B82E5F6106, cid=1771, SUCCESS, logIndex=2559, commits[f3174d56-9988-40ec-970b-d447ed545dfb:c2560, 3e713ff3-0d17-449f-90fa-609b20cf4c10:c2556, 34290298-343f-405c-af97-b2d19041b010:c2556]
2019-09-11 09:06:31,145 [grpc-default-executor-0] INFO  client.GrpcClientProtocolClient (GrpcClientProtocolClient.java:onNext(264)) - client-B22ED198845A->f3174d56-9988-40ec-970b-d447ed545dfb: receive RaftClientReply:client-B22ED198845A->f3174d56-9988-40ec-970b-d447ed545dfb@group-47B82E5F6106, cid=1772, SUCCESS, logIndex=2560, commits[f3174d56-9988-40ec-970b-d447ed545dfb:c2560, 3e713ff3-0d17-449f-90fa-609b20cf4c10:c2556, 34290298-343f-405c-af97-b2d19041b010:c2556]
2019-09-11 09:06:31,171 [grpc-default-executor-1] INFO  client.GrpcClientProtocolClient (GrpcClientProtocolClient.java:onNext(264)) - client-B22ED198845A->f3174d56-9988-40ec-970b-d447ed545dfb: receive RaftClientReply:client-B22ED198845A->f3174d56-9988-40ec-970b-d447ed545dfb@group-47B82E5F6106, cid=1773, SUCCESS, logIndex=0, commits[f3174d56-9988-40ec-970b-d447ed545dfb:c2562, 3e713ff3-0d17-449f-90fa-609b20cf4c10:c2560, 34290298-343f-405c-af97-b2d19041b010:c2560]
2019-09-11 09:06:31,192 [grpc-default-executor-2] INFO  client.GrpcClientProtocolClient (GrpcClientProtocolClient.java:onNext(264)) - client-B22ED198845A->f3174d56-9988-40ec-970b-d447ed545dfb: receive RaftClientReply:client-B22ED198845A->f3174d56-9988-40ec-970b-d447ed545dfb@group-47B82E5F6106, cid=1774, SUCCESS, logIndex=2563, commits[f3174d56-9988-40ec-970b-d447ed545dfb:c2564, 3e713ff3-0d17-449f-90fa-609b20cf4c10:c2562, 34290298-343f-405c-af97-b2d19041b010:c2562]
2019-09-11 09:06:31,193 [grpc-default-executor-2] INFO  client.GrpcClientProtocolClient (GrpcClientProtocolClient.java:onNext(264)) - client-B22ED198845A->f3174d56-9988-40ec-970b-d447ed545dfb: receive RaftClientReply:client-B22ED198845A->f3174d56-9988-40ec-970b-d447ed545dfb@group-47B82E5F6106, cid=1775, SUCCESS, logIndex=2564, commits[f3174d56-9988-40ec-970b-d447ed545dfb:c2564, 3e713ff3-0d17-449f-90fa-609b20cf4c10:c2562, 34290298-343f-405c-af97-b2d19041b010:c2562]
2019-09-11 09:06:31,195 [grpc-default-executor-2] INFO  client.GrpcClientProtocolClient (GrpcClientProtocolClient.java:onNext(264)) - client-B22ED198845A->f3174d56-9988-40ec-970b-d447ed545dfb: receive RaftClientReply:client-B22ED198845A->f3174d56-9988-40ec-970b-d447ed545dfb@group-47B82E5F6106, cid=1776, SUCCESS, logIndex=2565, commits[f3174d56-9988-40ec-970b-d447ed545dfb:c2565, 3e713ff3-0d17-449f-90fa-609b20cf4c10:c2562, 34290298-343f-405c-af97-b2d19041b010:c2562]
2019-09-11 09:06:31,195 [grpc-default-executor-2] INFO  client.GrpcClientProtocolClient (GrpcClientProtocolClient.java:onNext(264)) - client-B22ED198845A->f3174d56-9988-40ec-970b-d447ed545dfb: receive RaftClientReply:client-B22ED198845A->f3174d56-9988-40ec-970b-d447ed545dfb@group-47B82E5F6106, cid=1777, SUCCESS, logIndex=2566, commits[f3174d56-9988-40ec-970b-d447ed545dfb:c2566, 3e713ff3-0d17-449f-90fa-609b20cf4c10:c2562, 34290298-343f-405c-af97-b2d19041b010:c2562]
2019-09-11 09:06:31,206 [grpc-default-executor-2] INFO  client.GrpcClientProtocolClient (GrpcClientProtocolClient.java:onNext(264)) - client-B22ED198845A->f3174d56-9988-40ec-970b-d447ed545dfb: receive RaftClientReply:client-B22ED198845A->f3174d56-9988-40ec-970b-d447ed545dfb@group-47B82E5F6106, cid=1778, SUCCESS, logIndex=0, commits[f3174d56-9988-40ec-970b-d447ed545dfb:c2568, 3e713ff3-0d17-449f-90fa-609b20cf4c10:c2564, 34290298-343f-405c-af97-b2d19041b010:c2564]
2019-09-11 09:06:31,224 [grpc-default-executor-1] INFO  client.GrpcClientProtocolClient (GrpcClientProtocolClient.java:onNext(264)) - client-B22ED198845A->f3174d56-9988-40ec-970b-d447ed545dfb: receive RaftClientReply:client-B22ED198845A->f3174d56-9988-40ec-970b-d447ed545dfb@group-47B82E5F6106, cid=1779, SUCCESS, logIndex=2571, commits[f3174d56-9988-40ec-970b-d447ed545dfb:c2571, 3e713ff3-0d17-449f-90fa-609b20cf4c10:c2570, 34290298-343f-405c-af97-b2d19041b010:c2570]
2019-09-11 09:06:31,225 [grpc-default-executor-1] INFO  client.GrpcClientProtocolClient (GrpcClientProtocolClient.java:onNext(264)) - client-B22ED198845A->f3174d56-9988-40ec-970b-d447ed545dfb: receive RaftClientReply:client-B22ED198845A->f3174d56-9988-40ec-970b-d447ed545dfb@group-47B82E5F6106, cid=1780, SUCCESS, logIndex=2572, commits[f3174d56-9988-40ec-970b-d447ed545dfb:c2572, 3e713ff3-0d17-449f-90fa-609b20cf4c10:c2570, 34290298-343f-405c-af97-b2d19041b010:c2570]
2019-09-11 09:06:31,239 [grpc-default-executor-1] INFO  client.GrpcClientProtocolClient (GrpcClientProtocolClient.java:onNext(264)) - client-B22ED198845A->f3174d56-9988-40ec-970b-d447ed545dfb: receive RaftClientReply:client-B22ED198845A->f3174d56-9988-40ec-970b-d447ed545dfb@group-47B82E5F6106, cid=1781, SUCCESS, logIndex=2575, commits[f3174d56-9988-40ec-970b-d447ed545dfb:c2576, 3e713ff3-0d17-449f-90fa-609b20cf4c10:c2572, 34290298-343f-405c-af97-b2d19041b010:c2572]
2019-09-11 09:06:31,239 [grpc-default-executor-1] INFO  client.GrpcClientProtocolClient (GrpcClientProtocolClient.java:onNext(264)) - client-B22ED198845A->f3174d56-9988-40ec-970b-d447ed545dfb: receive RaftClientReply:client-B22ED198845A->f3174d56-9988-40ec-970b-d447ed545dfb@group-47B82E5F6106, cid=1782, SUCCESS, logIndex=2576, commits[f3174d56-9988-40ec-970b-d447ed545dfb:c2576, 3e713ff3-0d17-449f-90fa-609b20cf4c10:c2572, 34290298-343f-405c-af97-b2d19041b010:c2572]
2019-09-11 09:06:31,253 [grpc-default-executor-1] INFO  client.GrpcClientProtocolClient (GrpcClientProtocolClient.java:onNext(264)) - client-B22ED198845A->f3174d56-9988-40ec-970b-d447ed545dfb: receive RaftClientReply:client-B22ED198845A->f3174d56-9988-40ec-970b-d447ed545dfb@group-47B82E5F6106, cid=1783, SUCCESS, logIndex=0, commits[f3174d56-9988-40ec-970b-d447ed545dfb:c2578, 3e713ff3-0d17-449f-90fa-609b20cf4c10:c2576, 34290298-343f-405c-af97-b2d19041b010:c2576]
2019-09-11 09:06:31,282 [grpc-default-executor-1] INFO  client.GrpcClientProtocolClient (GrpcClientProtocolClient.java:onNext(264)) - client-B22ED198845A->f3174d56-9988-40ec-970b-d447ed545dfb: receive RaftClientReply:client-B22ED198845A->f3174d56-9988-40ec-970b-d447ed545dfb@group-47B82E5F6106, cid=1784, SUCCESS, logIndex=2579, commits[f3174d56-9988-40ec-970b-d447ed545dfb:c2580, 3e713ff3-0d17-449f-90fa-609b20cf4c10:c2578, 34290298-343f-405c-af97-b2d19041b010:c2578]
2019-09-11 09:06:31,283 [grpc-default-executor-1] INFO  client.GrpcClientProtocolClient (GrpcClientProtocolClient.java:onNext(264)) - client-B22ED198845A->f3174d56-9988-40ec-970b-d447ed545dfb: receive RaftClientReply:client-B22ED198845A->f3174d56-9988-40ec-970b-d447ed545dfb@group-47B82E5F6106, cid=1785, SUCCESS, logIndex=2580, commits[f3174d56-9988-40ec-970b-d447ed545dfb:c2582, 3e713ff3-0d17-449f-90fa-609b20cf4c10:c2578, 34290298-343f-405c-af97-b2d19041b010:c2578]
2019-09-11 09:06:31,283 [grpc-default-executor-1] INFO  client.GrpcClientProtocolClient (GrpcClientProtocolClient.java:onNext(264)) - client-B22ED198845A->f3174d56-9988-40ec-970b-d447ed545dfb: receive RaftClientReply:client-B22ED198845A->f3174d56-9988-40ec-970b-d447ed545dfb@group-47B82E5F6106, cid=1786, SUCCESS, logIndex=2581, commits[f3174d56-9988-40ec-970b-d447ed545dfb:c2582, 3e713ff3-0d17-449f-90fa-609b20cf4c10:c2578, 34290298-343f-405c-af97-b2d19041b010:c2578]
2019-09-11 09:06:31,283 [grpc-default-executor-1] INFO  client.GrpcClientProtocolClient (GrpcClientProtocolClient.java:onNext(264)) - client-B22ED198845A->f3174d56-9988-40ec-970b-d447ed545dfb: receive RaftClientReply:client-B22ED198845A->f3174d56-9988-40ec-970b-d447ed545dfb@group-47B82E5F6106, cid=1787, SUCCESS, logIndex=2582, commits[f3174d56-9988-40ec-970b-d447ed545dfb:c2582, 3e713ff3-0d17-449f-90fa-609b20cf4c10:c2578, 34290298-343f-405c-af97-b2d19041b010:c2578]
2019-09-11 09:06:31,297 [grpc-default-executor-1] INFO  client.GrpcClientProtocolClient (GrpcClientProtocolClient.java:onNext(264)) - client-B22ED198845A->f3174d56-9988-40ec-970b-d447ed545dfb: receive RaftClientReply:client-B22ED198845A->f3174d56-9988-40ec-970b-d447ed545dfb@group-47B82E5F6106, cid=1788, SUCCESS, logIndex=0, commits[f3174d56-9988-40ec-970b-d447ed545dfb:c2586, 3e713ff3-0d17-449f-90fa-609b20cf4c10:c2582, 34290298-343f-405c-af97-b2d19041b010:c2580]
2019-09-11 09:06:31,315 [grpc-default-executor-0] INFO  client.GrpcClientProtocolClient (GrpcClientProtocolClient.java:onNext(264)) - client-B22ED198845A->f3174d56-9988-40ec-970b-d447ed545dfb: receive RaftClientReply:client-B22ED198845A->f3174d56-9988-40ec-970b-d447ed545dfb@group-47B82E5F6106, cid=1789, SUCCESS, logIndex=2587, commits[f3174d56-9988-40ec-970b-d447ed545dfb:c2587, 3e713ff3-0d17-449f-90fa-609b20cf4c10:c2586, 34290298-343f-405c-af97-b2d19041b010:c2586]
2019-09-11 09:06:31,315 [grpc-default-executor-0] INFO  client.GrpcClientProtocolClient (GrpcClientProtocolClient.java:onNext(264)) - client-B22ED198845A->f3174d56-9988-40ec-970b-d447ed545dfb: receive RaftClientReply:client-B22ED198845A->f3174d56-9988-40ec-970b-d447ed545dfb@group-47B82E5F6106, cid=1790, SUCCESS, logIndex=2588, commits[f3174d56-9988-40ec-970b-d447ed545dfb:c2588, 3e713ff3-0d17-449f-90fa-609b20cf4c10:c2586, 34290298-343f-405c-af97-b2d19041b010:c2586]
2019-09-11 09:06:31,330 [grpc-default-executor-0] INFO  client.GrpcClientProtocolClient (GrpcClientProtocolClient.java:onNext(264)) - client-B22ED198845A->f3174d56-9988-40ec-970b-d447ed545dfb: receive RaftClientReply:client-B22ED198845A->f3174d56-9988-40ec-970b-d447ed545dfb@group-47B82E5F6106, cid=1791, SUCCESS, logIndex=2591, commits[f3174d56-9988-40ec-970b-d447ed545dfb:c2592, 3e713ff3-0d17-449f-90fa-609b20cf4c10:c2588, 34290298-343f-405c-af97-b2d19041b010:c2588]
2019-09-11 09:06:31,330 [grpc-default-executor-0] INFO  client.GrpcClientProtocolClient (GrpcClientProtocolClient.java:onNext(264)) - client-B22ED198845A->f3174d56-9988-40ec-970b-d447ed545dfb: receive RaftClientReply:client-B22ED198845A->f3174d56-9988-40ec-970b-d447ed545dfb@group-47B82E5F6106, cid=1792, SUCCESS, logIndex=2592, commits[f3174d56-9988-40ec-970b-d447ed545dfb:c2592, 3e713ff3-0d17-449f-90fa-609b20cf4c10:c2588, 34290298-343f-405c-af97-b2d19041b010:c2588]
2019-09-11 09:06:31,343 [grpc-default-executor-0] INFO  client.GrpcClientProtocolClient (GrpcClientProtocolClient.java:onNext(264)) - client-B22ED198845A->f3174d56-9988-40ec-970b-d447ed545dfb: receive RaftClientReply:client-B22ED198845A->f3174d56-9988-40ec-970b-d447ed545dfb@group-47B82E5F6106, cid=1793, SUCCESS, logIndex=0, commits[f3174d56-9988-40ec-970b-d447ed545dfb:c2594, 3e713ff3-0d17-449f-90fa-609b20cf4c10:c2592, 34290298-343f-405c-af97-b2d19041b010:c2592]
2019-09-11 09:06:31,361 [grpc-default-executor-2] INFO  client.GrpcClientProtocolClient (GrpcClientProtocolClient.java:onNext(264)) - client-B22ED198845A->f3174d56-9988-40ec-970b-d447ed545dfb: receive RaftClientReply:client-B22ED198845A->f3174d56-9988-40ec-970b-d447ed545dfb@group-47B82E5F6106, cid=1794, SUCCESS, logIndex=2595, commits[f3174d56-9988-40ec-970b-d447ed545dfb:c2596, 3e713ff3-0d17-449f-90fa-609b20cf4c10:c2594, 34290298-343f-405c-af97-b2d19041b010:c2592]
2019-09-11 09:06:31,361 [grpc-default-executor-1] INFO  client.GrpcClientProtocolClient (GrpcClientProtocolClient.java:onNext(264)) - client-B22ED198845A->f3174d56-9988-40ec-970b-d447ed545dfb: receive RaftClientReply:client-B22ED198845A->f3174d56-9988-40ec-970b-d447ed545dfb@group-47B82E5F6106, cid=1795, SUCCESS, logIndex=2596, commits[f3174d56-9988-40ec-970b-d447ed545dfb:c2596, 3e713ff3-0d17-449f-90fa-609b20cf4c10:c2594, 34290298-343f-405c-af97-b2d19041b010:c2594]
2019-09-11 09:06:31,361 [grpc-default-executor-1] INFO  client.GrpcClientProtocolClient (GrpcClientProtocolClient.java:onNext(264)) - client-B22ED198845A->f3174d56-9988-40ec-970b-d447ed545dfb: receive RaftClientReply:client-B22ED198845A->f3174d56-9988-40ec-970b-d447ed545dfb@group-47B82E5F6106, cid=1796, SUCCESS, logIndex=2597, commits[f3174d56-9988-40ec-970b-d447ed545dfb:c2598, 3e713ff3-0d17-449f-90fa-609b20cf4c10:c2594, 34290298-343f-405c-af97-b2d19041b010:c2594]
2019-09-11 09:06:31,362 [grpc-default-executor-1] INFO  client.GrpcClientProtocolClient (GrpcClientProtocolClient.java:onNext(264)) - client-B22ED198845A->f3174d56-9988-40ec-970b-d447ed545dfb: receive RaftClientReply:client-B22ED198845A->f3174d56-9988-40ec-970b-d447ed545dfb@group-47B82E5F6106, cid=1797, SUCCESS, logIndex=2598, commits[f3174d56-9988-40ec-970b-d447ed545dfb:c2598, 3e713ff3-0d17-449f-90fa-609b20cf4c10:c2594, 34290298-343f-405c-af97-b2d19041b010:c2594]
2019-09-11 09:06:31,363 [grpc-default-executor-0] INFO  client.GrpcClientProtocolClient (GrpcClientProtocolClient.java:onNext(264)) - client-B22ED198845A->f3174d56-9988-40ec-970b-d447ed545dfb: receive RaftClientReply:client-B22ED198845A->f3174d56-9988-40ec-970b-d447ed545dfb@group-47B82E5F6106, cid=1798, SUCCESS, logIndex=0, commits[f3174d56-9988-40ec-970b-d447ed545dfb:c2599, 3e713ff3-0d17-449f-90fa-609b20cf4c10:c2596, 34290298-343f-405c-af97-b2d19041b010:c2596]
2019-09-11 09:06:31,373 [grpc-default-executor-2] INFO  client.GrpcClientProtocolClient (GrpcClientProtocolClient.java:onNext(264)) - client-B22ED198845A->f3174d56-9988-40ec-970b-d447ed545dfb: receive RaftClientReply:client-B22ED198845A->f3174d56-9988-40ec-970b-d447ed545dfb@group-47B82E5F6106, cid=1799, SUCCESS, logIndex=2603, commits[f3174d56-9988-40ec-970b-d447ed545dfb:c2604, 3e713ff3-0d17-449f-90fa-609b20cf4c10:c2602, 34290298-343f-405c-af97-b2d19041b010:c2602]
2019-09-11 09:06:31,374 [grpc-default-executor-2] INFO  client.GrpcClientProtocolClient (GrpcClientProtocolClient.java:onNext(264)) - client-B22ED198845A->f3174d56-9988-40ec-970b-d447ed545dfb: receive RaftClientReply:client-B22ED198845A->f3174d56-9988-40ec-970b-d447ed545dfb@group-47B82E5F6106, cid=1800, SUCCESS, logIndex=2604, commits[f3174d56-9988-40ec-970b-d447ed545dfb:c2604, 3e713ff3-0d17-449f-90fa-609b20cf4c10:c2602, 34290298-343f-405c-af97-b2d19041b010:c2602]
2019-09-11 09:06:31,392 [grpc-default-executor-2] INFO  client.GrpcClientProtocolClient (GrpcClientProtocolClient.java:onNext(264)) - client-B22ED198845A->f3174d56-9988-40ec-970b-d447ed545dfb: receive RaftClientReply:client-B22ED198845A->f3174d56-9988-40ec-970b-d447ed545dfb@group-47B82E5F6106, cid=1801, SUCCESS, logIndex=2607, commits[f3174d56-9988-40ec-970b-d447ed545dfb:c2608, 3e713ff3-0d17-449f-90fa-609b20cf4c10:c2604, 34290298-343f-405c-af97-b2d19041b010:c2606]
2019-09-11 09:06:31,392 [grpc-default-executor-2] INFO  client.GrpcClientProtocolClient (GrpcClientProtocolClient.java:onNext(264)) - client-B22ED198845A->f3174d56-9988-40ec-970b-d447ed545dfb: receive RaftClientReply:client-B22ED198845A->f3174d56-9988-40ec-970b-d447ed545dfb@group-47B82E5F6106, cid=1802, SUCCESS, logIndex=2608, commits[f3174d56-9988-40ec-970b-d447ed545dfb:c2608, 3e713ff3-0d17-449f-90fa-609b20cf4c10:c2604, 34290298-343f-405c-af97-b2d19041b010:c2606]
2019-09-11 09:06:31,394 [grpc-default-executor-1] INFO  client.GrpcClientProtocolClient (GrpcClientProtocolClient.java:onNext(264)) - client-B22ED198845A->f3174d56-9988-40ec-970b-d447ed545dfb: receive RaftClientReply:client-B22ED198845A->f3174d56-9988-40ec-970b-d447ed545dfb@group-47B82E5F6106, cid=1803, SUCCESS, logIndex=0, commits[f3174d56-9988-40ec-970b-d447ed545dfb:c2610, 3e713ff3-0d17-449f-90fa-609b20cf4c10:c2608, 34290298-343f-405c-af97-b2d19041b010:c2608]
2019-09-11 09:06:31,412 [grpc-default-executor-2] INFO  client.GrpcClientProtocolClient (GrpcClientProtocolClient.java:onNext(264)) - client-B22ED198845A->f3174d56-9988-40ec-970b-d447ed545dfb: receive RaftClientReply:client-B22ED198845A->f3174d56-9988-40ec-970b-d447ed545dfb@group-47B82E5F6106, cid=1804, SUCCESS, logIndex=2611, commits[f3174d56-9988-40ec-970b-d447ed545dfb:c2614, 3e713ff3-0d17-449f-90fa-609b20cf4c10:c2608, 34290298-343f-405c-af97-b2d19041b010:c2610]
2019-09-11 09:06:31,412 [grpc-default-executor-2] INFO  client.GrpcClientProtocolClient (GrpcClientProtocolClient.java:onNext(264)) - client-B22ED198845A->f3174d56-9988-40ec-970b-d447ed545dfb: receive RaftClientReply:client-B22ED198845A->f3174d56-9988-40ec-970b-d447ed545dfb@group-47B82E5F6106, cid=1805, SUCCESS, logIndex=2612, commits[f3174d56-9988-40ec-970b-d447ed545dfb:c2614, 3e713ff3-0d17-449f-90fa-609b20cf4c10:c2610, 34290298-343f-405c-af97-b2d19041b010:c2610]
2019-09-11 09:06:31,412 [grpc-default-executor-2] INFO  client.GrpcClientProtocolClient (GrpcClientProtocolClient.java:onNext(264)) - client-B22ED198845A->f3174d56-9988-40ec-970b-d447ed545dfb: receive RaftClientReply:client-B22ED198845A->f3174d56-9988-40ec-970b-d447ed545dfb@group-47B82E5F6106, cid=1806, SUCCESS, logIndex=2613, commits[f3174d56-9988-40ec-970b-d447ed545dfb:c2614, 3e713ff3-0d17-449f-90fa-609b20cf4c10:c2610, 34290298-343f-405c-af97-b2d19041b010:c2610]
2019-09-11 09:06:31,412 [grpc-default-executor-2] INFO  client.GrpcClientProtocolClient (GrpcClientProtocolClient.java:onNext(264)) - client-B22ED198845A->f3174d56-9988-40ec-970b-d447ed545dfb: receive RaftClientReply:client-B22ED198845A->f3174d56-9988-40ec-970b-d447ed545dfb@group-47B82E5F6106, cid=1807, SUCCESS, logIndex=2614, commits[f3174d56-9988-40ec-970b-d447ed545dfb:c2614, 3e713ff3-0d17-449f-90fa-609b20cf4c10:c2610, 34290298-343f-405c-af97-b2d19041b010:c2610]
2019-09-11 09:06:31,414 [grpc-default-executor-2] INFO  client.GrpcClientProtocolClient (GrpcClientProtocolClient.java:onNext(264)) - client-B22ED198845A->f3174d56-9988-40ec-970b-d447ed545dfb: receive RaftClientReply:client-B22ED198845A->f3174d56-9988-40ec-970b-d447ed545dfb@group-47B82E5F6106, cid=1808, SUCCESS, logIndex=0, commits[f3174d56-9988-40ec-970b-d447ed545dfb:c2615, 3e713ff3-0d17-449f-90fa-609b20cf4c10:c2612, 34290298-343f-405c-af97-b2d19041b010:c2612]
2019-09-11 09:06:31,444 [grpc-default-executor-2] INFO  client.GrpcClientProtocolClient (GrpcClientProtocolClient.java:onNext(264)) - client-B22ED198845A->f3174d56-9988-40ec-970b-d447ed545dfb: receive RaftClientReply:client-B22ED198845A->f3174d56-9988-40ec-970b-d447ed545dfb@group-47B82E5F6106, cid=1809, SUCCESS, logIndex=2619, commits[f3174d56-9988-40ec-970b-d447ed545dfb:c2620, 3e713ff3-0d17-449f-90fa-609b20cf4c10:c2614, 34290298-343f-405c-af97-b2d19041b010:c2618]
2019-09-11 09:06:31,445 [grpc-default-executor-2] INFO  client.GrpcClientProtocolClient (GrpcClientProtocolClient.java:onNext(264)) - client-B22ED198845A->f3174d56-9988-40ec-970b-d447ed545dfb: receive RaftClientReply:client-B22ED198845A->f3174d56-9988-40ec-970b-d447ed545dfb@group-47B82E5F6106, cid=1810, SUCCESS, logIndex=2620, commits[f3174d56-9988-40ec-970b-d447ed545dfb:c2620, 3e713ff3-0d17-449f-90fa-609b20cf4c10:c2614, 34290298-343f-405c-af97-b2d19041b010:c2618]
2019-09-11 09:06:31,461 [grpc-default-executor-2] INFO  client.GrpcClientProtocolClient (GrpcClientProtocolClient.java:onNext(264)) - client-B22ED198845A->f3174d56-9988-40ec-970b-d447ed545dfb: receive RaftClientReply:client-B22ED198845A->f3174d56-9988-40ec-970b-d447ed545dfb@group-47B82E5F6106, cid=1811, SUCCESS, logIndex=2623, commits[f3174d56-9988-40ec-970b-d447ed545dfb:c2623, 3e713ff3-0d17-449f-90fa-609b20cf4c10:c2621, 34290298-343f-405c-af97-b2d19041b010:c2620]
2019-09-11 09:06:31,462 [grpc-default-executor-1] INFO  client.GrpcClientProtocolClient (GrpcClientProtocolClient.java:onNext(264)) - client-B22ED198845A->f3174d56-9988-40ec-970b-d447ed545dfb: receive RaftClientReply:client-B22ED198845A->f3174d56-9988-40ec-970b-d447ed545dfb@group-47B82E5F6106, cid=1812, SUCCESS, logIndex=2624, commits[f3174d56-9988-40ec-970b-d447ed545dfb:c2624, 3e713ff3-0d17-449f-90fa-609b20cf4c10:c2621, 34290298-343f-405c-af97-b2d19041b010:c2621]
2019-09-11 09:06:31,475 [grpc-default-executor-1] INFO  client.GrpcClientProtocolClient (GrpcClientProtocolClient.java:onNext(264)) - client-B22ED198845A->f3174d56-9988-40ec-970b-d447ed545dfb: receive RaftClientReply:client-B22ED198845A->f3174d56-9988-40ec-970b-d447ed545dfb@group-47B82E5F6106, cid=1813, SUCCESS, logIndex=0, commits[f3174d56-9988-40ec-970b-d447ed545dfb:c2626, 3e713ff3-0d17-449f-90fa-609b20cf4c10:c2624, 34290298-343f-405c-af97-b2d19041b010:c2624]
2019-09-11 09:06:31,502 [grpc-default-executor-4] INFO  client.GrpcClientProtocolClient (GrpcClientProtocolClient.java:onNext(264)) - client-B22ED198845A->f3174d56-9988-40ec-970b-d447ed545dfb: receive RaftClientReply:client-B22ED198845A->f3174d56-9988-40ec-970b-d447ed545dfb@group-47B82E5F6106, cid=1814, SUCCESS, logIndex=2627, commits[f3174d56-9988-40ec-970b-d447ed545dfb:c2628, 3e713ff3-0d17-449f-90fa-609b20cf4c10:c2626, 34290298-343f-405c-af97-b2d19041b010:c2624]
2019-09-11 09:06:31,503 [grpc-default-executor-4] INFO  client.GrpcClientProtocolClient (GrpcClientProtocolClient.java:onNext(264)) - client-B22ED198845A->f3174d56-9988-40ec-970b-d447ed545dfb: receive RaftClientReply:client-B22ED198845A->f3174d56-9988-40ec-970b-d447ed545dfb@group-47B82E5F6106, cid=1815, SUCCESS, logIndex=2628, commits[f3174d56-9988-40ec-970b-d447ed545dfb:c2629, 3e713ff3-0d17-449f-90fa-609b20cf4c10:c2626, 34290298-343f-405c-af97-b2d19041b010:c2626]
2019-09-11 09:06:31,503 [grpc-default-executor-4] INFO  client.GrpcClientProtocolClient (GrpcClientProtocolClient.java:onNext(264)) - client-B22ED198845A->f3174d56-9988-40ec-970b-d447ed545dfb: receive RaftClientReply:client-B22ED198845A->f3174d56-9988-40ec-970b-d447ed545dfb@group-47B82E5F6106, cid=1816, SUCCESS, logIndex=2629, commits[f3174d56-9988-40ec-970b-d447ed545dfb:c2630, 3e713ff3-0d17-449f-90fa-609b20cf4c10:c2626, 34290298-343f-405c-af97-b2d19041b010:c2626]
2019-09-11 09:06:31,503 [grpc-default-executor-4] INFO  client.GrpcClientProtocolClient (GrpcClientProtocolClient.java:onNext(264)) - client-B22ED198845A->f3174d56-9988-40ec-970b-d447ed545dfb: receive RaftClientReply:client-B22ED198845A->f3174d56-9988-40ec-970b-d447ed545dfb@group-47B82E5F6106, cid=1817, SUCCESS, logIndex=2630, commits[f3174d56-9988-40ec-970b-d447ed545dfb:c2630, 3e713ff3-0d17-449f-90fa-609b20cf4c10:c2626, 34290298-343f-405c-af97-b2d19041b010:c2626]
2019-09-11 09:06:31,505 [grpc-default-executor-4] INFO  client.GrpcClientProtocolClient (GrpcClientProtocolClient.java:onNext(264)) - client-B22ED198845A->f3174d56-9988-40ec-970b-d447ed545dfb: receive RaftClientReply:client-B22ED198845A->f3174d56-9988-40ec-970b-d447ed545dfb@group-47B82E5F6106, cid=1818, SUCCESS, logIndex=0, commits[f3174d56-9988-40ec-970b-d447ed545dfb:c2631, 3e713ff3-0d17-449f-90fa-609b20cf4c10:c2629, 34290298-343f-405c-af97-b2d19041b010:c2628]
 0.00% |█                                                                                                    |  0/1 Time: 0:00:112019-09-11 09:06:31,523 [grpc-default-executor-1] INFO  client.GrpcClientProtocolClient (GrpcClientProtocolClient.java:onNext(264)) - client-B22ED198845A->f3174d56-9988-40ec-970b-d447ed545dfb: receive RaftClientReply:client-B22ED198845A->f3174d56-9988-40ec-970b-d447ed545dfb@group-47B82E5F6106, cid=1819, SUCCESS, logIndex=2635, commits[f3174d56-9988-40ec-970b-d447ed545dfb:c2636, 3e713ff3-0d17-449f-90fa-609b20cf4c10:c2634, 34290298-343f-405c-af97-b2d19041b010:c2634]
2019-09-11 09:06:31,524 [grpc-default-executor-1] INFO  client.GrpcClientProtocolClient (GrpcClientProtocolClient.java:onNext(264)) - client-B22ED198845A->f3174d56-9988-40ec-970b-d447ed545dfb: receive RaftClientReply:client-B22ED198845A->f3174d56-9988-40ec-970b-d447ed545dfb@group-47B82E5F6106, cid=1820, SUCCESS, logIndex=2636, commits[f3174d56-9988-40ec-970b-d447ed545dfb:c2636, 3e713ff3-0d17-449f-90fa-609b20cf4c10:c2634, 34290298-343f-405c-af97-b2d19041b010:c2634]
2019-09-11 09:06:31,538 [grpc-default-executor-4] INFO  client.GrpcClientProtocolClient (GrpcClientProtocolClient.java:onNext(264)) - client-B22ED198845A->f3174d56-9988-40ec-970b-d447ed545dfb: receive RaftClientReply:client-B22ED198845A->f3174d56-9988-40ec-970b-d447ed545dfb@group-47B82E5F6106, cid=1821, SUCCESS, logIndex=2639, commits[f3174d56-9988-40ec-970b-d447ed545dfb:c2640, 3e713ff3-0d17-449f-90fa-609b20cf4c10:c2636, 34290298-343f-405c-af97-b2d19041b010:c2636]
2019-09-11 09:06:31,538 [grpc-default-executor-4] INFO  client.GrpcClientProtocolClient (GrpcClientProtocolClient.java:onNext(264)) - client-B22ED198845A->f3174d56-9988-40ec-970b-d447ed545dfb: receive RaftClientReply:client-B22ED198845A->f3174d56-9988-40ec-970b-d447ed545dfb@group-47B82E5F6106, cid=1822, SUCCESS, logIndex=2640, commits[f3174d56-9988-40ec-970b-d447ed545dfb:c2640, 3e713ff3-0d17-449f-90fa-609b20cf4c10:c2636, 34290298-343f-405c-af97-b2d19041b010:c2636]
2019-09-11 09:06:31,552 [grpc-default-executor-4] INFO  client.GrpcClientProtocolClient (GrpcClientProtocolClient.java:onNext(264)) - client-B22ED198845A->f3174d56-9988-40ec-970b-d447ed545dfb: receive RaftClientReply:client-B22ED198845A->f3174d56-9988-40ec-970b-d447ed545dfb@group-47B82E5F6106, cid=1823, SUCCESS, logIndex=0, commits[f3174d56-9988-40ec-970b-d447ed545dfb:c2642, 3e713ff3-0d17-449f-90fa-609b20cf4c10:c2640, 34290298-343f-405c-af97-b2d19041b010:c2640]
2019-09-11 09:06:31,576 [grpc-default-executor-2] INFO  client.GrpcClientProtocolClient (GrpcClientProtocolClient.java:onNext(264)) - client-B22ED198845A->f3174d56-9988-40ec-970b-d447ed545dfb: receive RaftClientReply:client-B22ED198845A->f3174d56-9988-40ec-970b-d447ed545dfb@group-47B82E5F6106, cid=1824, SUCCESS, logIndex=2643, commits[f3174d56-9988-40ec-970b-d447ed545dfb:c2644, 3e713ff3-0d17-449f-90fa-609b20cf4c10:c2642, 34290298-343f-405c-af97-b2d19041b010:c2642]
2019-09-11 09:06:31,577 [grpc-default-executor-2] INFO  client.GrpcClientProtocolClient (GrpcClientProtocolClient.java:onNext(264)) - client-B22ED198845A->f3174d56-9988-40ec-970b-d447ed545dfb: receive RaftClientReply:client-B22ED198845A->f3174d56-9988-40ec-970b-d447ed545dfb@group-47B82E5F6106, cid=1825, SUCCESS, logIndex=2644, commits[f3174d56-9988-40ec-970b-d447ed545dfb:c2644, 3e713ff3-0d17-449f-90fa-609b20cf4c10:c2642, 34290298-343f-405c-af97-b2d19041b010:c2642]
2019-09-11 09:06:31,577 [grpc-default-executor-1] INFO  client.GrpcClientProtocolClient (GrpcClientProtocolClient.java:onNext(264)) - client-B22ED198845A->f3174d56-9988-40ec-970b-d447ed545dfb: receive RaftClientReply:client-B22ED198845A->f3174d56-9988-40ec-970b-d447ed545dfb@group-47B82E5F6106, cid=1826, SUCCESS, logIndex=2645, commits[f3174d56-9988-40ec-970b-d447ed545dfb:c2645, 3e713ff3-0d17-449f-90fa-609b20cf4c10:c2642, 34290298-343f-405c-af97-b2d19041b010:c2642]
2019-09-11 09:06:31,578 [grpc-default-executor-1] INFO  client.GrpcClientProtocolClient (GrpcClientProtocolClient.java:onNext(264)) - client-B22ED198845A->f3174d56-9988-40ec-970b-d447ed545dfb: receive RaftClientReply:client-B22ED198845A->f3174d56-9988-40ec-970b-d447ed545dfb@group-47B82E5F6106, cid=1827, SUCCESS, logIndex=2646, commits[f3174d56-9988-40ec-970b-d447ed545dfb:c2646, 3e713ff3-0d17-449f-90fa-609b20cf4c10:c2642, 34290298-343f-405c-af97-b2d19041b010:c2642]
2019-09-11 09:06:31,579 [grpc-default-executor-2] INFO  client.GrpcClientProtocolClient (GrpcClientProtocolClient.java:onNext(264)) - client-B22ED198845A->f3174d56-9988-40ec-970b-d447ed545dfb: receive RaftClientReply:client-B22ED198845A->f3174d56-9988-40ec-970b-d447ed545dfb@group-47B82E5F6106, cid=1828, SUCCESS, logIndex=0, commits[f3174d56-9988-40ec-970b-d447ed545dfb:c2648, 3e713ff3-0d17-449f-90fa-609b20cf4c10:c2644, 34290298-343f-405c-af97-b2d19041b010:c2644]
2019-09-11 09:06:31,594 [grpc-default-executor-2] INFO  client.GrpcClientProtocolClient (GrpcClientProtocolClient.java:onNext(264)) - client-B22ED198845A->f3174d56-9988-40ec-970b-d447ed545dfb: receive RaftClientReply:client-B22ED198845A->f3174d56-9988-40ec-970b-d447ed545dfb@group-47B82E5F6106, cid=1829, SUCCESS, logIndex=2651, commits[f3174d56-9988-40ec-970b-d447ed545dfb:c2652, 3e713ff3-0d17-449f-90fa-609b20cf4c10:c2650, 34290298-343f-405c-af97-b2d19041b010:c2646]
2019-09-11 09:06:31,594 [grpc-default-executor-2] INFO  client.GrpcClientProtocolClient (GrpcClientProtocolClient.java:onNext(264)) - client-B22ED198845A->f3174d56-9988-40ec-970b-d447ed545dfb: receive RaftClientReply:client-B22ED198845A->f3174d56-9988-40ec-970b-d447ed545dfb@group-47B82E5F6106, cid=1830, SUCCESS, logIndex=2652, commits[f3174d56-9988-40ec-970b-d447ed545dfb:c2652, 3e713ff3-0d17-449f-90fa-609b20cf4c10:c2650, 34290298-343f-405c-af97-b2d19041b010:c2646]
2019-09-11 09:06:31,713 [grpc-default-executor-2] INFO  client.GrpcClientProtocolClient (GrpcClientProtocolClient.java:onNext(264)) - client-B22ED198845A->f3174d56-9988-40ec-970b-d447ed545dfb: receive RaftClientReply:client-B22ED198845A->f3174d56-9988-40ec-970b-d447ed545dfb@group-47B82E5F6106, cid=1831, SUCCESS, logIndex=2655, commits[f3174d56-9988-40ec-970b-d447ed545dfb:c2656, 3e713ff3-0d17-449f-90fa-609b20cf4c10:c2654, 34290298-343f-405c-af97-b2d19041b010:c2654]
2019-09-11 09:06:31,714 [grpc-default-executor-2] INFO  client.GrpcClientProtocolClient (GrpcClientProtocolClient.java:onNext(264)) - client-B22ED198845A->f3174d56-9988-40ec-970b-d447ed545dfb: receive RaftClientReply:client-B22ED198845A->f3174d56-9988-40ec-970b-d447ed545dfb@group-47B82E5F6106, cid=1832, SUCCESS, logIndex=2656, commits[f3174d56-9988-40ec-970b-d447ed545dfb:c2656, 3e713ff3-0d17-449f-90fa-609b20cf4c10:c2654, 34290298-343f-405c-af97-b2d19041b010:c2654]
2019-09-11 09:06:31,727 [grpc-default-executor-2] INFO  client.GrpcClientProtocolClient (GrpcClientProtocolClient.java:onNext(264)) - client-B22ED198845A->f3174d56-9988-40ec-970b-d447ed545dfb: receive RaftClientReply:client-B22ED198845A->f3174d56-9988-40ec-970b-d447ed545dfb@group-47B82E5F6106, cid=1833, SUCCESS, logIndex=0, commits[f3174d56-9988-40ec-970b-d447ed545dfb:c2658, 3e713ff3-0d17-449f-90fa-609b20cf4c10:c2656, 34290298-343f-405c-af97-b2d19041b010:c2656]
2019-09-11 09:06:31,760 [grpc-default-executor-0] INFO  client.GrpcClientProtocolClient (GrpcClientProtocolClient.java:onNext(264)) - client-B22ED198845A->f3174d56-9988-40ec-970b-d447ed545dfb: receive RaftClientReply:client-B22ED198845A->f3174d56-9988-40ec-970b-d447ed545dfb@group-47B82E5F6106, cid=1834, SUCCESS, logIndex=2659, commits[f3174d56-9988-40ec-970b-d447ed545dfb:c2660, 3e713ff3-0d17-449f-90fa-609b20cf4c10:c2658, 34290298-343f-405c-af97-b2d19041b010:c2658]
2019-09-11 09:06:31,760 [grpc-default-executor-0] INFO  client.GrpcClientProtocolClient (GrpcClientProtocolClient.java:onNext(264)) - client-B22ED198845A->f3174d56-9988-40ec-970b-d447ed545dfb: receive RaftClientReply:client-B22ED198845A->f3174d56-9988-40ec-970b-d447ed545dfb@group-47B82E5F6106, cid=1835, SUCCESS, logIndex=2660, commits[f3174d56-9988-40ec-970b-d447ed545dfb:c2662, 3e713ff3-0d17-449f-90fa-609b20cf4c10:c2658, 34290298-343f-405c-af97-b2d19041b010:c2658]
2019-09-11 09:06:31,761 [grpc-default-executor-0] INFO  client.GrpcClientProtocolClient (GrpcClientProtocolClient.java:onNext(264)) - client-B22ED198845A->f3174d56-9988-40ec-970b-d447ed545dfb: receive RaftClientReply:client-B22ED198845A->f3174d56-9988-40ec-970b-d447ed545dfb@group-47B82E5F6106, cid=1836, SUCCESS, logIndex=2661, commits[f3174d56-9988-40ec-970b-d447ed545dfb:c2662, 3e713ff3-0d17-449f-90fa-609b20cf4c10:c2658, 34290298-343f-405c-af97-b2d19041b010:c2658]
2019-09-11 09:06:31,761 [grpc-default-executor-0] INFO  client.GrpcClientProtocolClient (GrpcClientProtocolClient.java:onNext(264)) - client-B22ED198845A->f3174d56-9988-40ec-970b-d447ed545dfb: receive RaftClientReply:client-B22ED198845A->f3174d56-9988-40ec-970b-d447ed545dfb@group-47B82E5F6106, cid=1837, SUCCESS, logIndex=2662, commits[f3174d56-9988-40ec-970b-d447ed545dfb:c2662, 3e713ff3-0d17-449f-90fa-609b20cf4c10:c2658, 34290298-343f-405c-af97-b2d19041b010:c2658]
2019-09-11 09:06:31,772 [grpc-default-executor-0] INFO  client.GrpcClientProtocolClient (GrpcClientProtocolClient.java:onNext(264)) - client-B22ED198845A->f3174d56-9988-40ec-970b-d447ed545dfb: receive RaftClientReply:client-B22ED198845A->f3174d56-9988-40ec-970b-d447ed545dfb@group-47B82E5F6106, cid=1838, SUCCESS, logIndex=0, commits[f3174d56-9988-40ec-970b-d447ed545dfb:c2664, 3e713ff3-0d17-449f-90fa-609b20cf4c10:c2660, 34290298-343f-405c-af97-b2d19041b010:c2660]
2019-09-11 09:06:31,792 [grpc-default-executor-0] INFO  client.GrpcClientProtocolClient (GrpcClientProtocolClient.java:onNext(264)) - client-B22ED198845A->f3174d56-9988-40ec-970b-d447ed545dfb: receive RaftClientReply:client-B22ED198845A->f3174d56-9988-40ec-970b-d447ed545dfb@group-47B82E5F6106, cid=1839, SUCCESS, logIndex=2666, commits[f3174d56-9988-40ec-970b-d447ed545dfb:c2667, 3e713ff3-0d17-449f-90fa-609b20cf4c10:c2665, 34290298-343f-405c-af97-b2d19041b010:c2665]
2019-09-11 09:06:31,793 [grpc-default-executor-0] INFO  client.GrpcClientProtocolClient (GrpcClientProtocolClient.java:onNext(264)) - client-B22ED198845A->f3174d56-9988-40ec-970b-d447ed545dfb: receive RaftClientReply:client-B22ED198845A->f3174d56-9988-40ec-970b-d447ed545dfb@group-47B82E5F6106, cid=1840, SUCCESS, logIndex=2667, commits[f3174d56-9988-40ec-970b-d447ed545dfb:c2667, 3e713ff3-0d17-449f-90fa-609b20cf4c10:c2665, 34290298-343f-405c-af97-b2d19041b010:c2665]
2019-09-11 09:06:31,817 [grpc-default-executor-4] INFO  client.GrpcClientProtocolClient (GrpcClientProtocolClient.java:onNext(264)) - client-B22ED198845A->f3174d56-9988-40ec-970b-d447ed545dfb: receive RaftClientReply:client-B22ED198845A->f3174d56-9988-40ec-970b-d447ed545dfb@group-47B82E5F6106, cid=1841, SUCCESS, logIndex=2670, commits[f3174d56-9988-40ec-970b-d447ed545dfb:c2671, 3e713ff3-0d17-449f-90fa-609b20cf4c10:c2667, 34290298-343f-405c-af97-b2d19041b010:c2667]
2019-09-11 09:06:31,817 [grpc-default-executor-4] INFO  client.GrpcClientProtocolClient (GrpcClientProtocolClient.java:onNext(264)) - client-B22ED198845A->f3174d56-9988-40ec-970b-d447ed545dfb: receive RaftClientReply:client-B22ED198845A->f3174d56-9988-40ec-970b-d447ed545dfb@group-47B82E5F6106, cid=1842, SUCCESS, logIndex=2671, commits[f3174d56-9988-40ec-970b-d447ed545dfb:c2671, 3e713ff3-0d17-449f-90fa-609b20cf4c10:c2667, 34290298-343f-405c-af97-b2d19041b010:c2667]
2019-09-11 09:06:31,844 [grpc-default-executor-4] INFO  client.GrpcClientProtocolClient (GrpcClientProtocolClient.java:onNext(264)) - client-B22ED198845A->f3174d56-9988-40ec-970b-d447ed545dfb: receive RaftClientReply:client-B22ED198845A->f3174d56-9988-40ec-970b-d447ed545dfb@group-47B82E5F6106, cid=1843, SUCCESS, logIndex=0, commits[f3174d56-9988-40ec-970b-d447ed545dfb:c2673, 3e713ff3-0d17-449f-90fa-609b20cf4c10:c2671, 34290298-343f-405c-af97-b2d19041b010:c2671]
2019-09-11 09:06:31,872 [grpc-default-executor-2] INFO  client.GrpcClientProtocolClient (GrpcClientProtocolClient.java:onNext(264)) - client-B22ED198845A->f3174d56-9988-40ec-970b-d447ed545dfb: receive RaftClientReply:client-B22ED198845A->f3174d56-9988-40ec-970b-d447ed545dfb@group-47B82E5F6106, cid=1844, SUCCESS, logIndex=2674, commits[f3174d56-9988-40ec-970b-d447ed545dfb:c2675, 3e713ff3-0d17-449f-90fa-609b20cf4c10:c2673, 34290298-343f-405c-af97-b2d19041b010:c2673]
2019-09-11 09:06:31,872 [grpc-default-executor-2] INFO  client.GrpcClientProtocolClient (GrpcClientProtocolClient.java:onNext(264)) - client-B22ED198845A->f3174d56-9988-40ec-970b-d447ed545dfb: receive RaftClientReply:client-B22ED198845A->f3174d56-9988-40ec-970b-d447ed545dfb@group-47B82E5F6106, cid=1845, SUCCESS, logIndex=2675, commits[f3174d56-9988-40ec-970b-d447ed545dfb:c2675, 3e713ff3-0d17-449f-90fa-609b20cf4c10:c2673, 34290298-343f-405c-af97-b2d19041b010:c2673]
2019-09-11 09:06:31,882 [grpc-default-executor-2] INFO  client.GrpcClientProtocolClient (GrpcClientProtocolClient.java:onNext(264)) - client-B22ED198845A->f3174d56-9988-40ec-970b-d447ed545dfb: receive RaftClientReply:client-B22ED198845A->f3174d56-9988-40ec-970b-d447ed545dfb@group-47B82E5F6106, cid=1846, SUCCESS, logIndex=2676, commits[f3174d56-9988-40ec-970b-d447ed545dfb:c2677, 3e713ff3-0d17-449f-90fa-609b20cf4c10:c2673, 34290298-343f-405c-af97-b2d19041b010:c2673]
2019-09-11 09:06:31,882 [grpc-default-executor-4] INFO  client.GrpcClientProtocolClient (GrpcClientProtocolClient.java:onNext(264)) - client-B22ED198845A->f3174d56-9988-40ec-970b-d447ed545dfb: receive RaftClientReply:client-B22ED198845A->f3174d56-9988-40ec-970b-d447ed545dfb@group-47B82E5F6106, cid=1847, SUCCESS, logIndex=2677, commits[f3174d56-9988-40ec-970b-d447ed545dfb:c2677, 3e713ff3-0d17-449f-90fa-609b20cf4c10:c2673, 34290298-343f-405c-af97-b2d19041b010:c2673]
2019-09-11 09:06:31,885 [grpc-default-executor-2] INFO  client.GrpcClientProtocolClient (GrpcClientProtocolClient.java:onNext(264)) - client-B22ED198845A->f3174d56-9988-40ec-970b-d447ed545dfb: receive RaftClientReply:client-B22ED198845A->f3174d56-9988-40ec-970b-d447ed545dfb@group-47B82E5F6106, cid=1848, SUCCESS, logIndex=0, commits[f3174d56-9988-40ec-970b-d447ed545dfb:c2679, 3e713ff3-0d17-449f-90fa-609b20cf4c10:c2675, 34290298-343f-405c-af97-b2d19041b010:c2675]
2019-09-11 09:06:31,895 [grpc-default-executor-2] INFO  client.GrpcClientProtocolClient (GrpcClientProtocolClient.java:onNext(264)) - client-B22ED198845A->f3174d56-9988-40ec-970b-d447ed545dfb: receive RaftClientReply:client-B22ED198845A->f3174d56-9988-40ec-970b-d447ed545dfb@group-47B82E5F6106, cid=1849, SUCCESS, logIndex=2682, commits[f3174d56-9988-40ec-970b-d447ed545dfb:c2683, 3e713ff3-0d17-449f-90fa-609b20cf4c10:c2675, 34290298-343f-405c-af97-b2d19041b010:c2681]
2019-09-11 09:06:31,895 [grpc-default-executor-2] INFO  client.GrpcClientProtocolClient (GrpcClientProtocolClient.java:onNext(264)) - client-B22ED198845A->f3174d56-9988-40ec-970b-d447ed545dfb: receive RaftClientReply:client-B22ED198845A->f3174d56-9988-40ec-970b-d447ed545dfb@group-47B82E5F6106, cid=1850, SUCCESS, logIndex=2683, commits[f3174d56-9988-40ec-970b-d447ed545dfb:c2683, 3e713ff3-0d17-449f-90fa-609b20cf4c10:c2675, 34290298-343f-405c-af97-b2d19041b010:c2681]
2019-09-11 09:06:31,896 [grpc-default-executor-2] INFO  client.GrpcClientProtocolClient (GrpcClientProtocolClient.java:onNext(264)) - client-B22ED198845A->f3174d56-9988-40ec-970b-d447ed545dfb: receive RaftClientReply:client-B22ED198845A->f3174d56-9988-40ec-970b-d447ed545dfb@group-47B82E5F6106, cid=1851, SUCCESS, logIndex=0, commits[f3174d56-9988-40ec-970b-d447ed545dfb:c2683, 3e713ff3-0d17-449f-90fa-609b20cf4c10:c2681, 34290298-343f-405c-af97-b2d19041b010:c2681]
2019-09-11 09:06:31,907 [grpc-default-executor-4] INFO  client.GrpcClientProtocolClient (GrpcClientProtocolClient.java:onNext(264)) - client-B22ED198845A->f3174d56-9988-40ec-970b-d447ed545dfb: receive RaftClientReply:client-B22ED198845A->f3174d56-9988-40ec-970b-d447ed545dfb@group-47B82E5F6106, cid=1852, SUCCESS, logIndex=2686, commits[f3174d56-9988-40ec-970b-d447ed545dfb:c2687, 3e713ff3-0d17-449f-90fa-609b20cf4c10:c2683, 34290298-343f-405c-af97-b2d19041b010:c2685]
2019-09-11 09:06:31,907 [grpc-default-executor-4] INFO  client.GrpcClientProtocolClient (GrpcClientProtocolClient.java:onNext(264)) - client-B22ED198845A->f3174d56-9988-40ec-970b-d447ed545dfb: receive RaftClientReply:client-B22ED198845A->f3174d56-9988-40ec-970b-d447ed545dfb@group-47B82E5F6106, cid=1853, SUCCESS, logIndex=2687, commits[f3174d56-9988-40ec-970b-d447ed545dfb:c2687, 3e713ff3-0d17-449f-90fa-609b20cf4c10:c2685, 34290298-343f-405c-af97-b2d19041b010:c2685]
2019-09-11 09:06:31,910 [grpc-default-executor-1] INFO  client.GrpcClientProtocolClient (GrpcClientProtocolClient.java:onNext(264)) - client-B22ED198845A->f3174d56-9988-40ec-970b-d447ed545dfb: receive RaftClientReply:client-B22ED198845A->f3174d56-9988-40ec-970b-d447ed545dfb@group-47B82E5F6106, cid=1854, SUCCESS, logIndex=0, commits[f3174d56-9988-40ec-970b-d447ed545dfb:c2688, 3e713ff3-0d17-449f-90fa-609b20cf4c10:c2687, 34290298-343f-405c-af97-b2d19041b010:c2687]
2019-09-11 09:06:31,934 [grpc-default-executor-4] INFO  client.GrpcClientProtocolClient (GrpcClientProtocolClient.java:onNext(264)) - client-B22ED198845A->f3174d56-9988-40ec-970b-d447ed545dfb: receive RaftClientReply:client-B22ED198845A->f3174d56-9988-40ec-970b-d447ed545dfb@group-47B82E5F6106, cid=1855, SUCCESS, logIndex=2690, commits[f3174d56-9988-40ec-970b-d447ed545dfb:c2691, 3e713ff3-0d17-449f-90fa-609b20cf4c10:c2689, 34290298-343f-405c-af97-b2d19041b010:c2689]
2019-09-11 09:06:31,935 [grpc-default-executor-4] INFO  client.GrpcClientProtocolClient (GrpcClientProtocolClient.java:onNext(264)) - client-B22ED198845A->f3174d56-9988-40ec-970b-d447ed545dfb: receive RaftClientReply:client-B22ED198845A->f3174d56-9988-40ec-970b-d447ed545dfb@group-47B82E5F6106, cid=1856, SUCCESS, logIndex=2691, commits[f3174d56-9988-40ec-970b-d447ed545dfb:c2693, 3e713ff3-0d17-449f-90fa-609b20cf4c10:c2689, 34290298-343f-405c-af97-b2d19041b010:c2689]
2019-09-11 09:06:31,935 [grpc-default-executor-4] INFO  client.GrpcClientProtocolClient (GrpcClientProtocolClient.java:onNext(264)) - client-B22ED198845A->f3174d56-9988-40ec-970b-d447ed545dfb: receive RaftClientReply:client-B22ED198845A->f3174d56-9988-40ec-970b-d447ed545dfb@group-47B82E5F6106, cid=1857, SUCCESS, logIndex=2692, commits[f3174d56-9988-40ec-970b-d447ed545dfb:c2693, 3e713ff3-0d17-449f-90fa-609b20cf4c10:c2689, 34290298-343f-405c-af97-b2d19041b010:c2689]
2019-09-11 09:06:31,935 [grpc-default-executor-4] INFO  client.GrpcClientProtocolClient (GrpcClientProtocolClient.java:onNext(264)) - client-B22ED198845A->f3174d56-9988-40ec-970b-d447ed545dfb: receive RaftClientReply:client-B22ED198845A->f3174d56-9988-40ec-970b-d447ed545dfb@group-47B82E5F6106, cid=1858, SUCCESS, logIndex=2693, commits[f3174d56-9988-40ec-970b-d447ed545dfb:c2693, 3e713ff3-0d17-449f-90fa-609b20cf4c10:c2689, 34290298-343f-405c-af97-b2d19041b010:c2689]
2019-09-11 09:06:31,939 [grpc-default-executor-2] INFO  client.GrpcClientProtocolClient (GrpcClientProtocolClient.java:onNext(264)) - client-B22ED198845A->f3174d56-9988-40ec-970b-d447ed545dfb: receive RaftClientReply:client-B22ED198845A->f3174d56-9988-40ec-970b-d447ed545dfb@group-47B82E5F6106, cid=1859, SUCCESS, logIndex=0, commits[f3174d56-9988-40ec-970b-d447ed545dfb:c2694, 3e713ff3-0d17-449f-90fa-609b20cf4c10:c2691, 34290298-343f-405c-af97-b2d19041b010:c2691]
2019-09-11 09:06:31,949 [grpc-default-executor-4] INFO  client.GrpcClientProtocolClient (GrpcClientProtocolClient.java:onNext(264)) - client-B22ED198845A->f3174d56-9988-40ec-970b-d447ed545dfb: receive RaftClientReply:client-B22ED198845A->f3174d56-9988-40ec-970b-d447ed545dfb@group-47B82E5F6106, cid=1860, SUCCESS, logIndex=2697, commits[f3174d56-9988-40ec-970b-d447ed545dfb:c2698, 3e713ff3-0d17-449f-90fa-609b20cf4c10:c2693, 34290298-343f-405c-af97-b2d19041b010:c2696]
2019-09-11 09:06:31,949 [grpc-default-executor-4] INFO  client.GrpcClientProtocolClient (GrpcClientProtocolClient.java:onNext(264)) - client-B22ED198845A->f3174d56-9988-40ec-970b-d447ed545dfb: receive RaftClientReply:client-B22ED198845A->f3174d56-9988-40ec-970b-d447ed545dfb@group-47B82E5F6106, cid=1861, SUCCESS, logIndex=2698, commits[f3174d56-9988-40ec-970b-d447ed545dfb:c2698, 3e713ff3-0d17-449f-90fa-609b20cf4c10:c2693, 34290298-343f-405c-af97-b2d19041b010:c2696]
2019-09-11 09:06:31,958 [grpc-default-executor-4] INFO  client.GrpcClientProtocolClient (GrpcClientProtocolClient.java:onNext(264)) - client-B22ED198845A->f3174d56-9988-40ec-970b-d447ed545dfb: receive RaftClientReply:client-B22ED198845A->f3174d56-9988-40ec-970b-d447ed545dfb@group-47B82E5F6106, cid=1862, SUCCESS, logIndex=2701, commits[f3174d56-9988-40ec-970b-d447ed545dfb:c2702, 3e713ff3-0d17-449f-90fa-609b20cf4c10:c2699, 34290298-343f-405c-af97-b2d19041b010:c2699]
2019-09-11 09:06:31,958 [grpc-default-executor-4] INFO  client.GrpcClientProtocolClient (GrpcClientProtocolClient.java:onNext(264)) - client-B22ED198845A->f3174d56-9988-40ec-970b-d447ed545dfb: receive RaftClientReply:client-B22ED198845A->f3174d56-9988-40ec-970b-d447ed545dfb@group-47B82E5F6106, cid=1863, SUCCESS, logIndex=2702, commits[f3174d56-9988-40ec-970b-d447ed545dfb:c2702, 3e713ff3-0d17-449f-90fa-609b20cf4c10:c2699, 34290298-343f-405c-af97-b2d19041b010:c2699]
2019-09-11 09:06:31,964 [grpc-default-executor-4] INFO  client.GrpcClientProtocolClient (GrpcClientProtocolClient.java:onNext(264)) - client-B22ED198845A->f3174d56-9988-40ec-970b-d447ed545dfb: receive RaftClientReply:client-B22ED198845A->f3174d56-9988-40ec-970b-d447ed545dfb@group-47B82E5F6106, cid=1864, SUCCESS, logIndex=0, commits[f3174d56-9988-40ec-970b-d447ed545dfb:c2704, 3e713ff3-0d17-449f-90fa-609b20cf4c10:c2702, 34290298-343f-405c-af97-b2d19041b010:c2702]
2019-09-11 09:06:31,983 [grpc-default-executor-4] INFO  client.GrpcClientProtocolClient (GrpcClientProtocolClient.java:onNext(264)) - client-B22ED198845A->f3174d56-9988-40ec-970b-d447ed545dfb: receive RaftClientReply:client-B22ED198845A->f3174d56-9988-40ec-970b-d447ed545dfb@group-47B82E5F6106, cid=1865, SUCCESS, logIndex=2705, commits[f3174d56-9988-40ec-970b-d447ed545dfb:c2706, 3e713ff3-0d17-449f-90fa-609b20cf4c10:c2704, 34290298-343f-405c-af97-b2d19041b010:c2704]
2019-09-11 09:06:31,984 [grpc-default-executor-4] INFO  client.GrpcClientProtocolClient (GrpcClientProtocolClient.java:onNext(264)) - client-B22ED198845A->f3174d56-9988-40ec-970b-d447ed545dfb: receive RaftClientReply:client-B22ED198845A->f3174d56-9988-40ec-970b-d447ed545dfb@group-47B82E5F6106, cid=1866, SUCCESS, logIndex=2706, commits[f3174d56-9988-40ec-970b-d447ed545dfb:c2708, 3e713ff3-0d17-449f-90fa-609b20cf4c10:c2704, 34290298-343f-405c-af97-b2d19041b010:c2704]
2019-09-11 09:06:31,984 [grpc-default-executor-4] INFO  client.GrpcClientProtocolClient (GrpcClientProtocolClient.java:onNext(264)) - client-B22ED198845A->f3174d56-9988-40ec-970b-d447ed545dfb: receive RaftClientReply:client-B22ED198845A->f3174d56-9988-40ec-970b-d447ed545dfb@group-47B82E5F6106, cid=1867, SUCCESS, logIndex=2707, commits[f3174d56-9988-40ec-970b-d447ed545dfb:c2708, 3e713ff3-0d17-449f-90fa-609b20cf4c10:c2704, 34290298-343f-405c-af97-b2d19041b010:c2704]
2019-09-11 09:06:31,984 [grpc-default-executor-4] INFO  client.GrpcClientProtocolClient (GrpcClientProtocolClient.java:onNext(264)) - client-B22ED198845A->f3174d56-9988-40ec-970b-d447ed545dfb: receive RaftClientReply:client-B22ED198845A->f3174d56-9988-40ec-970b-d447ed545dfb@group-47B82E5F6106, cid=1868, SUCCESS, logIndex=2708, commits[f3174d56-9988-40ec-970b-d447ed545dfb:c2708, 3e713ff3-0d17-449f-90fa-609b20cf4c10:c2704, 34290298-343f-405c-af97-b2d19041b010:c2704]
2019-09-11 09:06:31,999 [grpc-default-executor-4] INFO  client.GrpcClientProtocolClient (GrpcClientProtocolClient.java:onNext(264)) - client-B22ED198845A->f3174d56-9988-40ec-970b-d447ed545dfb: receive RaftClientReply:client-B22ED198845A->f3174d56-9988-40ec-970b-d447ed545dfb@group-47B82E5F6106, cid=1869, SUCCESS, logIndex=0, commits[f3174d56-9988-40ec-970b-d447ed545dfb:c2712, 3e713ff3-0d17-449f-90fa-609b20cf4c10:c2708, 34290298-343f-405c-af97-b2d19041b010:c2706]
2019-09-11 09:06:32,015 [grpc-default-executor-4] INFO  client.GrpcClientProtocolClient (GrpcClientProtocolClient.java:onNext(264)) - client-B22ED198845A->f3174d56-9988-40ec-970b-d447ed545dfb: receive RaftClientReply:client-B22ED198845A->f3174d56-9988-40ec-970b-d447ed545dfb@group-47B82E5F6106, cid=1870, SUCCESS, logIndex=2713, commits[f3174d56-9988-40ec-970b-d447ed545dfb:c2713, 3e713ff3-0d17-449f-90fa-609b20cf4c10:c2712, 34290298-343f-405c-af97-b2d19041b010:c2712]
2019-09-11 09:06:32,015 [grpc-default-executor-4] INFO  client.GrpcClientProtocolClient (GrpcClientProtocolClient.java:onNext(264)) - client-B22ED198845A->f3174d56-9988-40ec-970b-d447ed545dfb: receive RaftClientReply:client-B22ED198845A->f3174d56-9988-40ec-970b-d447ed545dfb@group-47B82E5F6106, cid=1871, SUCCESS, logIndex=2714, commits[f3174d56-9988-40ec-970b-d447ed545dfb:c2714, 3e713ff3-0d17-449f-90fa-609b20cf4c10:c2712, 34290298-343f-405c-af97-b2d19041b010:c2712]
2019-09-11 09:06:32,030 [grpc-default-executor-2] INFO  client.GrpcClientProtocolClient (GrpcClientProtocolClient.java:onNext(264)) - client-B22ED198845A->f3174d56-9988-40ec-970b-d447ed545dfb: receive RaftClientReply:client-B22ED198845A->f3174d56-9988-40ec-970b-d447ed545dfb@group-47B82E5F6106, cid=1872, SUCCESS, logIndex=2717, commits[f3174d56-9988-40ec-970b-d447ed545dfb:c2717, 3e713ff3-0d17-449f-90fa-609b20cf4c10:c2714, 34290298-343f-405c-af97-b2d19041b010:c2714]
2019-09-11 09:06:32,030 [grpc-default-executor-2] INFO  client.GrpcClientProtocolClient (GrpcClientProtocolClient.java:onNext(264)) - client-B22ED198845A->f3174d56-9988-40ec-970b-d447ed545dfb: receive RaftClientReply:client-B22ED198845A->f3174d56-9988-40ec-970b-d447ed545dfb@group-47B82E5F6106, cid=1873, SUCCESS, logIndex=2718, commits[f3174d56-9988-40ec-970b-d447ed545dfb:c2718, 3e713ff3-0d17-449f-90fa-609b20cf4c10:c2714, 34290298-343f-405c-af97-b2d19041b010:c2714]
2019-09-11 09:06:32,045 [grpc-default-executor-2] INFO  client.GrpcClientProtocolClient (GrpcClientProtocolClient.java:onNext(264)) - client-B22ED198845A->f3174d56-9988-40ec-970b-d447ed545dfb: receive RaftClientReply:client-B22ED198845A->f3174d56-9988-40ec-970b-d447ed545dfb@group-47B82E5F6106, cid=1874, SUCCESS, logIndex=0, commits[f3174d56-9988-40ec-970b-d447ed545dfb:c2720, 3e713ff3-0d17-449f-90fa-609b20cf4c10:c2718, 34290298-343f-405c-af97-b2d19041b010:c2718]
2019-09-11 09:06:32,071 [grpc-default-executor-4] INFO  client.GrpcClientProtocolClient (GrpcClientProtocolClient.java:onNext(264)) - client-B22ED198845A->f3174d56-9988-40ec-970b-d447ed545dfb: receive RaftClientReply:client-B22ED198845A->f3174d56-9988-40ec-970b-d447ed545dfb@group-47B82E5F6106, cid=1875, SUCCESS, logIndex=2721, commits[f3174d56-9988-40ec-970b-d447ed545dfb:c2722, 3e713ff3-0d17-449f-90fa-609b20cf4c10:c2720, 34290298-343f-405c-af97-b2d19041b010:c2720]
2019-09-11 09:06:32,072 [grpc-default-executor-4] INFO  client.GrpcClientProtocolClient (GrpcClientProtocolClient.java:onNext(264)) - client-B22ED198845A->f3174d56-9988-40ec-970b-d447ed545dfb: receive RaftClientReply:client-B22ED198845A->f3174d56-9988-40ec-970b-d447ed545dfb@group-47B82E5F6106, cid=1876, SUCCESS, logIndex=2722, commits[f3174d56-9988-40ec-970b-d447ed545dfb:c2722, 3e713ff3-0d17-449f-90fa-609b20cf4c10:c2720, 34290298-343f-405c-af97-b2d19041b010:c2720]
2019-09-11 09:06:32,081 [grpc-default-executor-4] INFO  client.GrpcClientProtocolClient (GrpcClientProtocolClient.java:onNext(264)) - client-B22ED198845A->f3174d56-9988-40ec-970b-d447ed545dfb: receive RaftClientReply:client-B22ED198845A->f3174d56-9988-40ec-970b-d447ed545dfb@group-47B82E5F6106, cid=1877, SUCCESS, logIndex=2723, commits[f3174d56-9988-40ec-970b-d447ed545dfb:c2724, 3e713ff3-0d17-449f-90fa-609b20cf4c10:c2720, 34290298-343f-405c-af97-b2d19041b010:c2720]
2019-09-11 09:06:32,081 [grpc-default-executor-4] INFO  client.GrpcClientProtocolClient (GrpcClientProtocolClient.java:onNext(264)) - client-B22ED198845A->f3174d56-9988-40ec-970b-d447ed545dfb: receive RaftClientReply:client-B22ED198845A->f3174d56-9988-40ec-970b-d447ed545dfb@group-47B82E5F6106, cid=1878, SUCCESS, logIndex=2724, commits[f3174d56-9988-40ec-970b-d447ed545dfb:c2724, 3e713ff3-0d17-449f-90fa-609b20cf4c10:c2720, 34290298-343f-405c-af97-b2d19041b010:c2720]
2019-09-11 09:06:32,096 [grpc-default-executor-4] INFO  client.GrpcClientProtocolClient (GrpcClientProtocolClient.java:onNext(264)) - client-B22ED198845A->f3174d56-9988-40ec-970b-d447ed545dfb: receive RaftClientReply:client-B22ED198845A->f3174d56-9988-40ec-970b-d447ed545dfb@group-47B82E5F6106, cid=1879, SUCCESS, logIndex=0, commits[f3174d56-9988-40ec-970b-d447ed545dfb:c2726, 3e713ff3-0d17-449f-90fa-609b20cf4c10:c2722, 34290298-343f-405c-af97-b2d19041b010:c2722]
2019-09-11 09:06:32,115 [grpc-default-executor-2] INFO  client.GrpcClientProtocolClient (GrpcClientProtocolClient.java:onNext(264)) - client-B22ED198845A->f3174d56-9988-40ec-970b-d447ed545dfb: receive RaftClientReply:client-B22ED198845A->f3174d56-9988-40ec-970b-d447ed545dfb@group-47B82E5F6106, cid=1880, SUCCESS, logIndex=2729, commits[f3174d56-9988-40ec-970b-d447ed545dfb:c2730, 3e713ff3-0d17-449f-90fa-609b20cf4c10:c2728, 34290298-343f-405c-af97-b2d19041b010:c2728]
2019-09-11 09:06:32,115 [grpc-default-executor-2] INFO  client.GrpcClientProtocolClient (GrpcClientProtocolClient.java:onNext(264)) - client-B22ED198845A->f3174d56-9988-40ec-970b-d447ed545dfb: receive RaftClientReply:client-B22ED198845A->f3174d56-9988-40ec-970b-d447ed545dfb@group-47B82E5F6106, cid=1881, SUCCESS, logIndex=2730, commits[f3174d56-9988-40ec-970b-d447ed545dfb:c2730, 3e713ff3-0d17-449f-90fa-609b20cf4c10:c2728, 34290298-343f-405c-af97-b2d19041b010:c2728]
2019-09-11 09:06:32,141 [grpc-default-executor-2] INFO  client.GrpcClientProtocolClient (GrpcClientProtocolClient.java:onNext(264)) - client-B22ED198845A->f3174d56-9988-40ec-970b-d447ed545dfb: receive RaftClientReply:client-B22ED198845A->f3174d56-9988-40ec-970b-d447ed545dfb@group-47B82E5F6106, cid=1882, SUCCESS, logIndex=2733, commits[f3174d56-9988-40ec-970b-d447ed545dfb:c2733, 3e713ff3-0d17-449f-90fa-609b20cf4c10:c2730, 34290298-343f-405c-af97-b2d19041b010:c2730]
2019-09-11 09:06:32,141 [grpc-default-executor-2] INFO  client.GrpcClientProtocolClient (GrpcClientProtocolClient.java:onNext(264)) - client-B22ED198845A->f3174d56-9988-40ec-970b-d447ed545dfb: receive RaftClientReply:client-B22ED198845A->f3174d56-9988-40ec-970b-d447ed545dfb@group-47B82E5F6106, cid=1883, SUCCESS, logIndex=2734, commits[f3174d56-9988-40ec-970b-d447ed545dfb:c2734, 3e713ff3-0d17-449f-90fa-609b20cf4c10:c2730, 34290298-343f-405c-af97-b2d19041b010:c2730]
2019-09-11 09:06:32,163 [grpc-default-executor-2] INFO  client.GrpcClientProtocolClient (GrpcClientProtocolClient.java:onNext(264)) - client-B22ED198845A->f3174d56-9988-40ec-970b-d447ed545dfb: receive RaftClientReply:client-B22ED198845A->f3174d56-9988-40ec-970b-d447ed545dfb@group-47B82E5F6106, cid=1884, SUCCESS, logIndex=0, commits[f3174d56-9988-40ec-970b-d447ed545dfb:c2736, 3e713ff3-0d17-449f-90fa-609b20cf4c10:c2734, 34290298-343f-405c-af97-b2d19041b010:c2734]
2019-09-11 09:06:32,190 [grpc-default-executor-0] INFO  client.GrpcClientProtocolClient (GrpcClientProtocolClient.java:onNext(264)) - client-B22ED198845A->f3174d56-9988-40ec-970b-d447ed545dfb: receive RaftClientReply:client-B22ED198845A->f3174d56-9988-40ec-970b-d447ed545dfb@group-47B82E5F6106, cid=1885, SUCCESS, logIndex=2737, commits[f3174d56-9988-40ec-970b-d447ed545dfb:c2738, 3e713ff3-0d17-449f-90fa-609b20cf4c10:c2736, 34290298-343f-405c-af97-b2d19041b010:c2736]
2019-09-11 09:06:32,191 [grpc-default-executor-0] INFO  client.GrpcClientProtocolClient (GrpcClientProtocolClient.java:onNext(264)) - client-B22ED198845A->f3174d56-9988-40ec-970b-d447ed545dfb: receive RaftClientReply:client-B22ED198845A->f3174d56-9988-40ec-970b-d447ed545dfb@group-47B82E5F6106, cid=1886, SUCCESS, logIndex=2738, commits[f3174d56-9988-40ec-970b-d447ed545dfb:c2738, 3e713ff3-0d17-449f-90fa-609b20cf4c10:c2736, 34290298-343f-405c-af97-b2d19041b010:c2736]
2019-09-11 09:06:32,191 [grpc-default-executor-0] INFO  client.GrpcClientProtocolClient (GrpcClientProtocolClient.java:onNext(264)) - client-B22ED198845A->f3174d56-9988-40ec-970b-d447ed545dfb: receive RaftClientReply:client-B22ED198845A->f3174d56-9988-40ec-970b-d447ed545dfb@group-47B82E5F6106, cid=1887, SUCCESS, logIndex=2739, commits[f3174d56-9988-40ec-970b-d447ed545dfb:c2740, 3e713ff3-0d17-449f-90fa-609b20cf4c10:c2736, 34290298-343f-405c-af97-b2d19041b010:c2736]
2019-09-11 09:06:32,191 [grpc-default-executor-0] INFO  client.GrpcClientProtocolClient (GrpcClientProtocolClient.java:onNext(264)) - client-B22ED198845A->f3174d56-9988-40ec-970b-d447ed545dfb: receive RaftClientReply:client-B22ED198845A->f3174d56-9988-40ec-970b-d447ed545dfb@group-47B82E5F6106, cid=1888, SUCCESS, logIndex=2740, commits[f3174d56-9988-40ec-970b-d447ed545dfb:c2740, 3e713ff3-0d17-449f-90fa-609b20cf4c10:c2736, 34290298-343f-405c-af97-b2d19041b010:c2736]
2019-09-11 09:06:32,196 [grpc-default-executor-0] INFO  client.GrpcClientProtocolClient (GrpcClientProtocolClient.java:onNext(264)) - client-B22ED198845A->f3174d56-9988-40ec-970b-d447ed545dfb: receive RaftClientReply:client-B22ED198845A->f3174d56-9988-40ec-970b-d447ed545dfb@group-47B82E5F6106, cid=1889, SUCCESS, logIndex=0, commits[f3174d56-9988-40ec-970b-d447ed545dfb:c2744, 3e713ff3-0d17-449f-90fa-609b20cf4c10:c2738, 34290298-343f-405c-af97-b2d19041b010:c2738]
2019-09-11 09:06:32,225 [grpc-default-executor-2] INFO  client.GrpcClientProtocolClient (GrpcClientProtocolClient.java:onNext(264)) - client-B22ED198845A->f3174d56-9988-40ec-970b-d447ed545dfb: receive RaftClientReply:client-B22ED198845A->f3174d56-9988-40ec-970b-d447ed545dfb@group-47B82E5F6106, cid=1890, SUCCESS, logIndex=2745, commits[f3174d56-9988-40ec-970b-d447ed545dfb:c2746, 3e713ff3-0d17-449f-90fa-609b20cf4c10:c2738, 34290298-343f-405c-af97-b2d19041b010:c2744]
2019-09-11 09:06:32,226 [grpc-default-executor-2] INFO  client.GrpcClientProtocolClient (GrpcClientProtocolClient.java:onNext(264)) - client-B22ED198845A->f3174d56-9988-40ec-970b-d447ed545dfb: receive RaftClientReply:client-B22ED198845A->f3174d56-9988-40ec-970b-d447ed545dfb@group-47B82E5F6106, cid=1891, SUCCESS, logIndex=2746, commits[f3174d56-9988-40ec-970b-d447ed545dfb:c2746, 3e713ff3-0d17-449f-90fa-609b20cf4c10:c2744, 34290298-343f-405c-af97-b2d19041b010:c2744]
2019-09-11 09:06:32,245 [grpc-default-executor-2] INFO  client.GrpcClientProtocolClient (GrpcClientProtocolClient.java:onNext(264)) - client-B22ED198845A->f3174d56-9988-40ec-970b-d447ed545dfb: receive RaftClientReply:client-B22ED198845A->f3174d56-9988-40ec-970b-d447ed545dfb@group-47B82E5F6106, cid=1892, SUCCESS, logIndex=2748, commits[f3174d56-9988-40ec-970b-d447ed545dfb:c2749, 3e713ff3-0d17-449f-90fa-609b20cf4c10:c2747, 34290298-343f-405c-af97-b2d19041b010:c2747]
2019-09-11 09:06:32,246 [grpc-default-executor-2] INFO  client.GrpcClientProtocolClient (GrpcClientProtocolClient.java:onNext(264)) - client-B22ED198845A->f3174d56-9988-40ec-970b-d447ed545dfb: receive RaftClientReply:client-B22ED198845A->f3174d56-9988-40ec-970b-d447ed545dfb@group-47B82E5F6106, cid=1893, SUCCESS, logIndex=2749, commits[f3174d56-9988-40ec-970b-d447ed545dfb:c2749, 3e713ff3-0d17-449f-90fa-609b20cf4c10:c2747, 34290298-343f-405c-af97-b2d19041b010:c2747]
2019-09-11 09:06:32,272 [grpc-default-executor-0] INFO  client.GrpcClientProtocolClient (GrpcClientProtocolClient.java:onNext(264)) - client-B22ED198845A->f3174d56-9988-40ec-970b-d447ed545dfb: receive RaftClientReply:client-B22ED198845A->f3174d56-9988-40ec-970b-d447ed545dfb@group-47B82E5F6106, cid=1894, SUCCESS, logIndex=0, commits[f3174d56-9988-40ec-970b-d447ed545dfb:c2751, 3e713ff3-0d17-449f-90fa-609b20cf4c10:c2749, 34290298-343f-405c-af97-b2d19041b010:c2749]
2019-09-11 09:06:32,301 [grpc-default-executor-0] INFO  client.GrpcClientProtocolClient (GrpcClientProtocolClient.java:onNext(264)) - client-B22ED198845A->f3174d56-9988-40ec-970b-d447ed545dfb: receive RaftClientReply:client-B22ED198845A->f3174d56-9988-40ec-970b-d447ed545dfb@group-47B82E5F6106, cid=1895, SUCCESS, logIndex=2752, commits[f3174d56-9988-40ec-970b-d447ed545dfb:c2753, 3e713ff3-0d17-449f-90fa-609b20cf4c10:c2751, 34290298-343f-405c-af97-b2d19041b010:c2751]
2019-09-11 09:06:32,302 [grpc-default-executor-0] INFO  client.GrpcClientProtocolClient (GrpcClientProtocolClient.java:onNext(264)) - client-B22ED198845A->f3174d56-9988-40ec-970b-d447ed545dfb: receive RaftClientReply:client-B22ED198845A->f3174d56-9988-40ec-970b-d447ed545dfb@group-47B82E5F6106, cid=1896, SUCCESS, logIndex=2753, commits[f3174d56-9988-40ec-970b-d447ed545dfb:c2753, 3e713ff3-0d17-449f-90fa-609b20cf4c10:c2751, 34290298-343f-405c-af97-b2d19041b010:c2751]
2019-09-11 09:06:32,312 [grpc-default-executor-0] INFO  client.GrpcClientProtocolClient (GrpcClientProtocolClient.java:onNext(264)) - client-B22ED198845A->f3174d56-9988-40ec-970b-d447ed545dfb: receive RaftClientReply:client-B22ED198845A->f3174d56-9988-40ec-970b-d447ed545dfb@group-47B82E5F6106, cid=1897, SUCCESS, logIndex=2754, commits[f3174d56-9988-40ec-970b-d447ed545dfb:c2755, 3e713ff3-0d17-449f-90fa-609b20cf4c10:c2751, 34290298-343f-405c-af97-b2d19041b010:c2751]
2019-09-11 09:06:32,312 [grpc-default-executor-0] INFO  client.GrpcClientProtocolClient (GrpcClientProtocolClient.java:onNext(264)) - client-B22ED198845A->f3174d56-9988-40ec-970b-d447ed545dfb: receive RaftClientReply:client-B22ED198845A->f3174d56-9988-40ec-970b-d447ed545dfb@group-47B82E5F6106, cid=1898, SUCCESS, logIndex=2755, commits[f3174d56-9988-40ec-970b-d447ed545dfb:c2755, 3e713ff3-0d17-449f-90fa-609b20cf4c10:c2751, 34290298-343f-405c-af97-b2d19041b010:c2751]
2019-09-11 09:06:32,412 [grpc-default-executor-0] INFO  client.GrpcClientProtocolClient (GrpcClientProtocolClient.java:onNext(264)) - client-B22ED198845A->f3174d56-9988-40ec-970b-d447ed545dfb: receive RaftClientReply:client-B22ED198845A->f3174d56-9988-40ec-970b-d447ed545dfb@group-47B82E5F6106, cid=1899, SUCCESS, logIndex=0, commits[f3174d56-9988-40ec-970b-d447ed545dfb:c2756, 3e713ff3-0d17-449f-90fa-609b20cf4c10:c2753, 34290298-343f-405c-af97-b2d19041b010:c2753]
2019-09-11 09:06:32,435 [grpc-default-executor-2] INFO  client.GrpcClientProtocolClient (GrpcClientProtocolClient.java:onNext(264)) - client-B22ED198845A->f3174d56-9988-40ec-970b-d447ed545dfb: receive RaftClientReply:client-B22ED198845A->f3174d56-9988-40ec-970b-d447ed545dfb@group-47B82E5F6106, cid=1900, SUCCESS, logIndex=2760, commits[f3174d56-9988-40ec-970b-d447ed545dfb:c2761, 3e713ff3-0d17-449f-90fa-609b20cf4c10:c2759, 34290298-343f-405c-af97-b2d19041b010:c2759]
2019-09-11 09:06:32,435 [grpc-default-executor-2] INFO  client.GrpcClientProtocolClient (GrpcClientProtocolClient.java:onNext(264)) - client-B22ED198845A->f3174d56-9988-40ec-970b-d447ed545dfb: receive RaftClientReply:client-B22ED198845A->f3174d56-9988-40ec-970b-d447ed545dfb@group-47B82E5F6106, cid=1901, SUCCESS, logIndex=2761, commits[f3174d56-9988-40ec-970b-d447ed545dfb:c2761, 3e713ff3-0d17-449f-90fa-609b20cf4c10:c2759, 34290298-343f-405c-af97-b2d19041b010:c2759]
2019-09-11 09:06:32,451 [grpc-default-executor-1] INFO  client.GrpcClientProtocolClient (GrpcClientProtocolClient.java:onNext(264)) - client-B22ED198845A->f3174d56-9988-40ec-970b-d447ed545dfb: receive RaftClientReply:client-B22ED198845A->f3174d56-9988-40ec-970b-d447ed545dfb@group-47B82E5F6106, cid=1902, SUCCESS, logIndex=2764, commits[f3174d56-9988-40ec-970b-d447ed545dfb:c2764, 3e713ff3-0d17-449f-90fa-609b20cf4c10:c2761, 34290298-343f-405c-af97-b2d19041b010:c2761]
2019-09-11 09:06:32,452 [grpc-default-executor-1] INFO  client.GrpcClientProtocolClient (GrpcClientProtocolClient.java:onNext(264)) - client-B22ED198845A->f3174d56-9988-40ec-970b-d447ed545dfb: receive RaftClientReply:client-B22ED198845A->f3174d56-9988-40ec-970b-d447ed545dfb@group-47B82E5F6106, cid=1903, SUCCESS, logIndex=2765, commits[f3174d56-9988-40ec-970b-d447ed545dfb:c2765, 3e713ff3-0d17-449f-90fa-609b20cf4c10:c2761, 34290298-343f-405c-af97-b2d19041b010:c2761]
2019-09-11 09:06:32,457 [grpc-default-executor-1] INFO  client.GrpcClientProtocolClient (GrpcClientProtocolClient.java:onNext(264)) - client-B22ED198845A->f3174d56-9988-40ec-970b-d447ed545dfb: receive RaftClientReply:client-B22ED198845A->f3174d56-9988-40ec-970b-d447ed545dfb@group-47B82E5F6106, cid=1904, SUCCESS, logIndex=0, commits[f3174d56-9988-40ec-970b-d447ed545dfb:c2767, 3e713ff3-0d17-449f-90fa-609b20cf4c10:c2765, 34290298-343f-405c-af97-b2d19041b010:c2765]
2019-09-11 09:06:32,476 [grpc-default-executor-2] INFO  client.GrpcClientProtocolClient (GrpcClientProtocolClient.java:onNext(264)) - client-B22ED198845A->f3174d56-9988-40ec-970b-d447ed545dfb: receive RaftClientReply:client-B22ED198845A->f3174d56-9988-40ec-970b-d447ed545dfb@group-47B82E5F6106, cid=1905, SUCCESS, logIndex=2768, commits[f3174d56-9988-40ec-970b-d447ed545dfb:c2769, 3e713ff3-0d17-449f-90fa-609b20cf4c10:c2767, 34290298-343f-405c-af97-b2d19041b010:c2767]
2019-09-11 09:06:32,476 [grpc-default-executor-2] INFO  client.GrpcClientProtocolClient (GrpcClientProtocolClient.java:onNext(264)) - client-B22ED198845A->f3174d56-9988-40ec-970b-d447ed545dfb: receive RaftClientReply:client-B22ED198845A->f3174d56-9988-40ec-970b-d447ed545dfb@group-47B82E5F6106, cid=1906, SUCCESS, logIndex=2769, commits[f3174d56-9988-40ec-970b-d447ed545dfb:c2771, 3e713ff3-0d17-449f-90fa-609b20cf4c10:c2767, 34290298-343f-405c-af97-b2d19041b010:c2767]
2019-09-11 09:06:32,476 [grpc-default-executor-2] INFO  client.GrpcClientProtocolClient (GrpcClientProtocolClient.java:onNext(264)) - client-B22ED198845A->f3174d56-9988-40ec-970b-d447ed545dfb: receive RaftClientReply:client-B22ED198845A->f3174d56-9988-40ec-970b-d447ed545dfb@group-47B82E5F6106, cid=1907, SUCCESS, logIndex=2770, commits[f3174d56-9988-40ec-970b-d447ed545dfb:c2771, 3e713ff3-0d17-449f-90fa-609b20cf4c10:c2767, 34290298-343f-405c-af97-b2d19041b010:c2767]
2019-09-11 09:06:32,477 [grpc-default-executor-2] INFO  client.GrpcClientProtocolClient (GrpcClientProtocolClient.java:onNext(264)) - client-B22ED198845A->f3174d56-9988-40ec-970b-d447ed545dfb: receive RaftClientReply:client-B22ED198845A->f3174d56-9988-40ec-970b-d447ed545dfb@group-47B82E5F6106, cid=1908, SUCCESS, logIndex=2771, commits[f3174d56-9988-40ec-970b-d447ed545dfb:c2771, 3e713ff3-0d17-449f-90fa-609b20cf4c10:c2767, 34290298-343f-405c-af97-b2d19041b010:c2767]
2019-09-11 09:06:32,491 [grpc-default-executor-0] INFO  client.GrpcClientProtocolClient (GrpcClientProtocolClient.java:onNext(264)) - client-B22ED198845A->f3174d56-9988-40ec-970b-d447ed545dfb: receive RaftClientReply:client-B22ED198845A->f3174d56-9988-40ec-970b-d447ed545dfb@group-47B82E5F6106, cid=1909, SUCCESS, logIndex=0, commits[f3174d56-9988-40ec-970b-d447ed545dfb:c2773, 3e713ff3-0d17-449f-90fa-609b20cf4c10:c2769, 34290298-343f-405c-af97-b2d19041b010:c2769]
2019-09-11 09:06:32,506 [grpc-default-executor-0] INFO  client.GrpcClientProtocolClient (GrpcClientProtocolClient.java:onNext(264)) - client-B22ED198845A->f3174d56-9988-40ec-970b-d447ed545dfb: receive RaftClientReply:client-B22ED198845A->f3174d56-9988-40ec-970b-d447ed545dfb@group-47B82E5F6106, cid=1910, SUCCESS, logIndex=2775, commits[f3174d56-9988-40ec-970b-d447ed545dfb:c2776, 3e713ff3-0d17-449f-90fa-609b20cf4c10:c2774, 34290298-343f-405c-af97-b2d19041b010:c2774]
2019-09-11 09:06:32,507 [grpc-default-executor-0] INFO  client.GrpcClientProtocolClient (GrpcClientProtocolClient.java:onNext(264)) - client-B22ED198845A->f3174d56-9988-40ec-970b-d447ed545dfb: receive RaftClientReply:client-B22ED198845A->f3174d56-9988-40ec-970b-d447ed545dfb@group-47B82E5F6106, cid=1911, SUCCESS, logIndex=2776, commits[f3174d56-9988-40ec-970b-d447ed545dfb:c2776, 3e713ff3-0d17-449f-90fa-609b20cf4c10:c2774, 34290298-343f-405c-af97-b2d19041b010:c2774]
 0.00% |█                                                                                                    |  0/1 Time: 0:00:122019-09-11 09:06:32,525 [grpc-default-executor-2] INFO  client.GrpcClientProtocolClient (GrpcClientProtocolClient.java:onNext(264)) - client-B22ED198845A->f3174d56-9988-40ec-970b-d447ed545dfb: receive RaftClientReply:client-B22ED198845A->f3174d56-9988-40ec-970b-d447ed545dfb@group-47B82E5F6106, cid=1912, SUCCESS, logIndex=2779, commits[f3174d56-9988-40ec-970b-d447ed545dfb:c2780, 3e713ff3-0d17-449f-90fa-609b20cf4c10:c2778, 34290298-343f-405c-af97-b2d19041b010:c2778]
2019-09-11 09:06:32,525 [grpc-default-executor-2] INFO  client.GrpcClientProtocolClient (GrpcClientProtocolClient.java:onNext(264)) - client-B22ED198845A->f3174d56-9988-40ec-970b-d447ed545dfb: receive RaftClientReply:client-B22ED198845A->f3174d56-9988-40ec-970b-d447ed545dfb@group-47B82E5F6106, cid=1913, SUCCESS, logIndex=2780, commits[f3174d56-9988-40ec-970b-d447ed545dfb:c2780, 3e713ff3-0d17-449f-90fa-609b20cf4c10:c2778, 34290298-343f-405c-af97-b2d19041b010:c2778]
2019-09-11 09:06:32,539 [grpc-default-executor-2] INFO  client.GrpcClientProtocolClient (GrpcClientProtocolClient.java:onNext(264)) - client-B22ED198845A->f3174d56-9988-40ec-970b-d447ed545dfb: receive RaftClientReply:client-B22ED198845A->f3174d56-9988-40ec-970b-d447ed545dfb@group-47B82E5F6106, cid=1914, SUCCESS, logIndex=0, commits[f3174d56-9988-40ec-970b-d447ed545dfb:c2781, 3e713ff3-0d17-449f-90fa-609b20cf4c10:c2780, 34290298-343f-405c-af97-b2d19041b010:c2780]
2019-09-11 09:06:32,565 [grpc-default-executor-4] INFO  client.GrpcClientProtocolClient (GrpcClientProtocolClient.java:onNext(264)) - client-B22ED198845A->f3174d56-9988-40ec-970b-d447ed545dfb: receive RaftClientReply:client-B22ED198845A->f3174d56-9988-40ec-970b-d447ed545dfb@group-47B82E5F6106, cid=1915, SUCCESS, logIndex=2783, commits[f3174d56-9988-40ec-970b-d447ed545dfb:c2784, 3e713ff3-0d17-449f-90fa-609b20cf4c10:c2782, 34290298-343f-405c-af97-b2d19041b010:c2782]
2019-09-11 09:06:32,565 [grpc-default-executor-4] INFO  client.GrpcClientProtocolClient (GrpcClientProtocolClient.java:onNext(264)) - client-B22ED198845A->f3174d56-9988-40ec-970b-d447ed545dfb: receive RaftClientReply:client-B22ED198845A->f3174d56-9988-40ec-970b-d447ed545dfb@group-47B82E5F6106, cid=1916, SUCCESS, logIndex=2784, commits[f3174d56-9988-40ec-970b-d447ed545dfb:c2784, 3e713ff3-0d17-449f-90fa-609b20cf4c10:c2782, 34290298-343f-405c-af97-b2d19041b010:c2782]
2019-09-11 09:06:32,575 [grpc-default-executor-2] INFO  client.GrpcClientProtocolClient (GrpcClientProtocolClient.java:onNext(264)) - client-B22ED198845A->f3174d56-9988-40ec-970b-d447ed545dfb: receive RaftClientReply:client-B22ED198845A->f3174d56-9988-40ec-970b-d447ed545dfb@group-47B82E5F6106, cid=1917, SUCCESS, logIndex=2785, commits[f3174d56-9988-40ec-970b-d447ed545dfb:c2786, 3e713ff3-0d17-449f-90fa-609b20cf4c10:c2782, 34290298-343f-405c-af97-b2d19041b010:c2782]
2019-09-11 09:06:32,576 [grpc-default-executor-2] INFO  client.GrpcClientProtocolClient (GrpcClientProtocolClient.java:onNext(264)) - client-B22ED198845A->f3174d56-9988-40ec-970b-d447ed545dfb: receive RaftClientReply:client-B22ED198845A->f3174d56-9988-40ec-970b-d447ed545dfb@group-47B82E5F6106, cid=1918, SUCCESS, logIndex=2786, commits[f3174d56-9988-40ec-970b-d447ed545dfb:c2786, 3e713ff3-0d17-449f-90fa-609b20cf4c10:c2782, 34290298-343f-405c-af97-b2d19041b010:c2782]
2019-09-11 09:06:32,590 [grpc-default-executor-2] INFO  client.GrpcClientProtocolClient (GrpcClientProtocolClient.java:onNext(264)) - client-B22ED198845A->f3174d56-9988-40ec-970b-d447ed545dfb: receive RaftClientReply:client-B22ED198845A->f3174d56-9988-40ec-970b-d447ed545dfb@group-47B82E5F6106, cid=1919, SUCCESS, logIndex=0, commits[f3174d56-9988-40ec-970b-d447ed545dfb:c2788, 3e713ff3-0d17-449f-90fa-609b20cf4c10:c2784, 34290298-343f-405c-af97-b2d19041b010:c2784]
2019-09-11 09:06:32,615 [grpc-default-executor-2] INFO  client.GrpcClientProtocolClient (GrpcClientProtocolClient.java:onNext(264)) - client-B22ED198845A->f3174d56-9988-40ec-970b-d447ed545dfb: receive RaftClientReply:client-B22ED198845A->f3174d56-9988-40ec-970b-d447ed545dfb@group-47B82E5F6106, cid=1920, SUCCESS, logIndex=2790, commits[f3174d56-9988-40ec-970b-d447ed545dfb:c2791, 3e713ff3-0d17-449f-90fa-609b20cf4c10:c2788, 34290298-343f-405c-af97-b2d19041b010:c2788]
2019-09-11 09:06:32,615 [grpc-default-executor-2] INFO  client.GrpcClientProtocolClient (GrpcClientProtocolClient.java:onNext(264)) - client-B22ED198845A->f3174d56-9988-40ec-970b-d447ed545dfb: receive RaftClientReply:client-B22ED198845A->f3174d56-9988-40ec-970b-d447ed545dfb@group-47B82E5F6106, cid=1921, SUCCESS, logIndex=2791, commits[f3174d56-9988-40ec-970b-d447ed545dfb:c2791, 3e713ff3-0d17-449f-90fa-609b20cf4c10:c2788, 34290298-343f-405c-af97-b2d19041b010:c2788]
2019-09-11 09:06:32,644 [grpc-default-executor-1] INFO  client.GrpcClientProtocolClient (GrpcClientProtocolClient.java:onNext(264)) - client-B22ED198845A->f3174d56-9988-40ec-970b-d447ed545dfb: receive RaftClientReply:client-B22ED198845A->f3174d56-9988-40ec-970b-d447ed545dfb@group-47B82E5F6106, cid=1922, SUCCESS, logIndex=2794, commits[f3174d56-9988-40ec-970b-d447ed545dfb:c2795, 3e713ff3-0d17-449f-90fa-609b20cf4c10:c2791, 34290298-343f-405c-af97-b2d19041b010:c2791]
2019-09-11 09:06:32,644 [grpc-default-executor-1] INFO  client.GrpcClientProtocolClient (GrpcClientProtocolClient.java:onNext(264)) - client-B22ED198845A->f3174d56-9988-40ec-970b-d447ed545dfb: receive RaftClientReply:client-B22ED198845A->f3174d56-9988-40ec-970b-d447ed545dfb@group-47B82E5F6106, cid=1923, SUCCESS, logIndex=2795, commits[f3174d56-9988-40ec-970b-d447ed545dfb:c2795, 3e713ff3-0d17-449f-90fa-609b20cf4c10:c2791, 34290298-343f-405c-af97-b2d19041b010:c2791]
2019-09-11 09:06:32,657 [grpc-default-executor-4] INFO  client.GrpcClientProtocolClient (GrpcClientProtocolClient.java:onNext(264)) - client-B22ED198845A->f3174d56-9988-40ec-970b-d447ed545dfb: receive RaftClientReply:client-B22ED198845A->f3174d56-9988-40ec-970b-d447ed545dfb@group-47B82E5F6106, cid=1924, SUCCESS, logIndex=0, commits[f3174d56-9988-40ec-970b-d447ed545dfb:c2797, 3e713ff3-0d17-449f-90fa-609b20cf4c10:c2795, 34290298-343f-405c-af97-b2d19041b010:c2795]
2019-09-11 09:06:32,680 [grpc-default-executor-4] INFO  client.GrpcClientProtocolClient (GrpcClientProtocolClient.java:onNext(264)) - client-B22ED198845A->f3174d56-9988-40ec-970b-d447ed545dfb: receive RaftClientReply:client-B22ED198845A->f3174d56-9988-40ec-970b-d447ed545dfb@group-47B82E5F6106, cid=1925, SUCCESS, logIndex=2798, commits[f3174d56-9988-40ec-970b-d447ed545dfb:c2799, 3e713ff3-0d17-449f-90fa-609b20cf4c10:c2797, 34290298-343f-405c-af97-b2d19041b010:c2797]
2019-09-11 09:06:32,680 [grpc-default-executor-4] INFO  client.GrpcClientProtocolClient (GrpcClientProtocolClient.java:onNext(264)) - client-B22ED198845A->f3174d56-9988-40ec-970b-d447ed545dfb: receive RaftClientReply:client-B22ED198845A->f3174d56-9988-40ec-970b-d447ed545dfb@group-47B82E5F6106, cid=1926, SUCCESS, logIndex=2799, commits[f3174d56-9988-40ec-970b-d447ed545dfb:c2801, 3e713ff3-0d17-449f-90fa-609b20cf4c10:c2797, 34290298-343f-405c-af97-b2d19041b010:c2797]
2019-09-11 09:06:32,681 [grpc-default-executor-4] INFO  client.GrpcClientProtocolClient (GrpcClientProtocolClient.java:onNext(264)) - client-B22ED198845A->f3174d56-9988-40ec-970b-d447ed545dfb: receive RaftClientReply:client-B22ED198845A->f3174d56-9988-40ec-970b-d447ed545dfb@group-47B82E5F6106, cid=1927, SUCCESS, logIndex=2800, commits[f3174d56-9988-40ec-970b-d447ed545dfb:c2801, 3e713ff3-0d17-449f-90fa-609b20cf4c10:c2797, 34290298-343f-405c-af97-b2d19041b010:c2797]
2019-09-11 09:06:32,681 [grpc-default-executor-4] INFO  client.GrpcClientProtocolClient (GrpcClientProtocolClient.java:onNext(264)) - client-B22ED198845A->f3174d56-9988-40ec-970b-d447ed545dfb: receive RaftClientReply:client-B22ED198845A->f3174d56-9988-40ec-970b-d447ed545dfb@group-47B82E5F6106, cid=1928, SUCCESS, logIndex=2801, commits[f3174d56-9988-40ec-970b-d447ed545dfb:c2801, 3e713ff3-0d17-449f-90fa-609b20cf4c10:c2797, 34290298-343f-405c-af97-b2d19041b010:c2797]
2019-09-11 09:06:32,685 [grpc-default-executor-1] INFO  client.GrpcClientProtocolClient (GrpcClientProtocolClient.java:onNext(264)) - client-B22ED198845A->f3174d56-9988-40ec-970b-d447ed545dfb: receive RaftClientReply:client-B22ED198845A->f3174d56-9988-40ec-970b-d447ed545dfb@group-47B82E5F6106, cid=1929, SUCCESS, logIndex=0, commits[f3174d56-9988-40ec-970b-d447ed545dfb:c2803, 3e713ff3-0d17-449f-90fa-609b20cf4c10:c2799, 34290298-343f-405c-af97-b2d19041b010:c2799]
2019-09-11 09:06:32,696 [grpc-default-executor-0] INFO  client.GrpcClientProtocolClient (GrpcClientProtocolClient.java:onNext(264)) - client-B22ED198845A->f3174d56-9988-40ec-970b-d447ed545dfb: receive RaftClientReply:client-B22ED198845A->f3174d56-9988-40ec-970b-d447ed545dfb@group-47B82E5F6106, cid=1930, SUCCESS, logIndex=2806, commits[f3174d56-9988-40ec-970b-d447ed545dfb:c2807, 3e713ff3-0d17-449f-90fa-609b20cf4c10:c2805, 34290298-343f-405c-af97-b2d19041b010:c2805]
2019-09-11 09:06:32,697 [grpc-default-executor-0] INFO  client.GrpcClientProtocolClient (GrpcClientProtocolClient.java:onNext(264)) - client-B22ED198845A->f3174d56-9988-40ec-970b-d447ed545dfb: receive RaftClientReply:client-B22ED198845A->f3174d56-9988-40ec-970b-d447ed545dfb@group-47B82E5F6106, cid=1931, SUCCESS, logIndex=2807, commits[f3174d56-9988-40ec-970b-d447ed545dfb:c2807, 3e713ff3-0d17-449f-90fa-609b20cf4c10:c2805, 34290298-343f-405c-af97-b2d19041b010:c2805]
2019-09-11 09:06:32,709 [grpc-default-executor-0] INFO  client.GrpcClientProtocolClient (GrpcClientProtocolClient.java:onNext(264)) - client-B22ED198845A->f3174d56-9988-40ec-970b-d447ed545dfb: receive RaftClientReply:client-B22ED198845A->f3174d56-9988-40ec-970b-d447ed545dfb@group-47B82E5F6106, cid=1932, SUCCESS, logIndex=2810, commits[f3174d56-9988-40ec-970b-d447ed545dfb:c2811, 3e713ff3-0d17-449f-90fa-609b20cf4c10:c2808, 34290298-343f-405c-af97-b2d19041b010:c2807]
2019-09-11 09:06:32,709 [grpc-default-executor-0] INFO  client.GrpcClientProtocolClient (GrpcClientProtocolClient.java:onNext(264)) - client-B22ED198845A->f3174d56-9988-40ec-970b-d447ed545dfb: receive RaftClientReply:client-B22ED198845A->f3174d56-9988-40ec-970b-d447ed545dfb@group-47B82E5F6106, cid=1933, SUCCESS, logIndex=2811, commits[f3174d56-9988-40ec-970b-d447ed545dfb:c2811, 3e713ff3-0d17-449f-90fa-609b20cf4c10:c2808, 34290298-343f-405c-af97-b2d19041b010:c2808]
2019-09-11 09:06:32,734 [grpc-default-executor-0] INFO  client.GrpcClientProtocolClient (GrpcClientProtocolClient.java:onNext(264)) - client-B22ED198845A->f3174d56-9988-40ec-970b-d447ed545dfb: receive RaftClientReply:client-B22ED198845A->f3174d56-9988-40ec-970b-d447ed545dfb@group-47B82E5F6106, cid=1934, SUCCESS, logIndex=0, commits[f3174d56-9988-40ec-970b-d447ed545dfb:c2813, 3e713ff3-0d17-449f-90fa-609b20cf4c10:c2811, 34290298-343f-405c-af97-b2d19041b010:c2811]
2019-09-11 09:06:32,757 [grpc-default-executor-0] INFO  client.GrpcClientProtocolClient (GrpcClientProtocolClient.java:onNext(264)) - client-B22ED198845A->f3174d56-9988-40ec-970b-d447ed545dfb: receive RaftClientReply:client-B22ED198845A->f3174d56-9988-40ec-970b-d447ed545dfb@group-47B82E5F6106, cid=1935, SUCCESS, logIndex=2814, commits[f3174d56-9988-40ec-970b-d447ed545dfb:c2815, 3e713ff3-0d17-449f-90fa-609b20cf4c10:c2813, 34290298-343f-405c-af97-b2d19041b010:c2813]
2019-09-11 09:06:32,758 [grpc-default-executor-4] INFO  client.GrpcClientProtocolClient (GrpcClientProtocolClient.java:onNext(264)) - client-B22ED198845A->f3174d56-9988-40ec-970b-d447ed545dfb: receive RaftClientReply:client-B22ED198845A->f3174d56-9988-40ec-970b-d447ed545dfb@group-47B82E5F6106, cid=1936, SUCCESS, logIndex=2815, commits[f3174d56-9988-40ec-970b-d447ed545dfb:c2815, 3e713ff3-0d17-449f-90fa-609b20cf4c10:c2813, 34290298-343f-405c-af97-b2d19041b010:c2813]
2019-09-11 09:06:32,758 [grpc-default-executor-4] INFO  client.GrpcClientProtocolClient (GrpcClientProtocolClient.java:onNext(264)) - client-B22ED198845A->f3174d56-9988-40ec-970b-d447ed545dfb: receive RaftClientReply:client-B22ED198845A->f3174d56-9988-40ec-970b-d447ed545dfb@group-47B82E5F6106, cid=1937, SUCCESS, logIndex=2816, commits[f3174d56-9988-40ec-970b-d447ed545dfb:c2817, 3e713ff3-0d17-449f-90fa-609b20cf4c10:c2813, 34290298-343f-405c-af97-b2d19041b010:c2813]
2019-09-11 09:06:32,758 [grpc-default-executor-4] INFO  client.GrpcClientProtocolClient (GrpcClientProtocolClient.java:onNext(264)) - client-B22ED198845A->f3174d56-9988-40ec-970b-d447ed545dfb: receive RaftClientReply:client-B22ED198845A->f3174d56-9988-40ec-970b-d447ed545dfb@group-47B82E5F6106, cid=1938, SUCCESS, logIndex=2817, commits[f3174d56-9988-40ec-970b-d447ed545dfb:c2817, 3e713ff3-0d17-449f-90fa-609b20cf4c10:c2813, 34290298-343f-405c-af97-b2d19041b010:c2813]
2019-09-11 09:06:32,773 [grpc-default-executor-4] INFO  client.GrpcClientProtocolClient (GrpcClientProtocolClient.java:onNext(264)) - client-B22ED198845A->f3174d56-9988-40ec-970b-d447ed545dfb: receive RaftClientReply:client-B22ED198845A->f3174d56-9988-40ec-970b-d447ed545dfb@group-47B82E5F6106, cid=1939, SUCCESS, logIndex=0, commits[f3174d56-9988-40ec-970b-d447ed545dfb:c2819, 3e713ff3-0d17-449f-90fa-609b20cf4c10:c2815, 34290298-343f-405c-af97-b2d19041b010:c2815]
2019-09-11 09:06:32,786 [grpc-default-executor-4] INFO  client.GrpcClientProtocolClient (GrpcClientProtocolClient.java:onNext(264)) - client-B22ED198845A->f3174d56-9988-40ec-970b-d447ed545dfb: receive RaftClientReply:client-B22ED198845A->f3174d56-9988-40ec-970b-d447ed545dfb@group-47B82E5F6106, cid=1940, SUCCESS, logIndex=2822, commits[f3174d56-9988-40ec-970b-d447ed545dfb:c2823, 3e713ff3-0d17-449f-90fa-609b20cf4c10:c2817, 34290298-343f-405c-af97-b2d19041b010:c2821]
2019-09-11 09:06:32,786 [grpc-default-executor-4] INFO  client.GrpcClientProtocolClient (GrpcClientProtocolClient.java:onNext(264)) - client-B22ED198845A->f3174d56-9988-40ec-970b-d447ed545dfb: receive RaftClientReply:client-B22ED198845A->f3174d56-9988-40ec-970b-d447ed545dfb@group-47B82E5F6106, cid=1941, SUCCESS, logIndex=2823, commits[f3174d56-9988-40ec-970b-d447ed545dfb:c2823, 3e713ff3-0d17-449f-90fa-609b20cf4c10:c2817, 34290298-343f-405c-af97-b2d19041b010:c2821]
2019-09-11 09:06:32,810 [grpc-default-executor-1] INFO  client.GrpcClientProtocolClient (GrpcClientProtocolClient.java:onNext(264)) - client-B22ED198845A->f3174d56-9988-40ec-970b-d447ed545dfb: receive RaftClientReply:client-B22ED198845A->f3174d56-9988-40ec-970b-d447ed545dfb@group-47B82E5F6106, cid=1942, SUCCESS, logIndex=2826, commits[f3174d56-9988-40ec-970b-d447ed545dfb:c2827, 3e713ff3-0d17-449f-90fa-609b20cf4c10:c2823, 34290298-343f-405c-af97-b2d19041b010:c2823]
2019-09-11 09:06:32,810 [grpc-default-executor-1] INFO  client.GrpcClientProtocolClient (GrpcClientProtocolClient.java:onNext(264)) - client-B22ED198845A->f3174d56-9988-40ec-970b-d447ed545dfb: receive RaftClientReply:client-B22ED198845A->f3174d56-9988-40ec-970b-d447ed545dfb@group-47B82E5F6106, cid=1943, SUCCESS, logIndex=2827, commits[f3174d56-9988-40ec-970b-d447ed545dfb:c2827, 3e713ff3-0d17-449f-90fa-609b20cf4c10:c2823, 34290298-343f-405c-af97-b2d19041b010:c2823]
2019-09-11 09:06:32,813 [grpc-default-executor-1] INFO  client.GrpcClientProtocolClient (GrpcClientProtocolClient.java:onNext(264)) - client-B22ED198845A->f3174d56-9988-40ec-970b-d447ed545dfb: receive RaftClientReply:client-B22ED198845A->f3174d56-9988-40ec-970b-d447ed545dfb@group-47B82E5F6106, cid=1944, SUCCESS, logIndex=0, commits[f3174d56-9988-40ec-970b-d447ed545dfb:c2828, 3e713ff3-0d17-449f-90fa-609b20cf4c10:c2827, 34290298-343f-405c-af97-b2d19041b010:c2827]
2019-09-11 09:06:32,840 [grpc-default-executor-0] INFO  client.GrpcClientProtocolClient (GrpcClientProtocolClient.java:onNext(264)) - client-B22ED198845A->f3174d56-9988-40ec-970b-d447ed545dfb: receive RaftClientReply:client-B22ED198845A->f3174d56-9988-40ec-970b-d447ed545dfb@group-47B82E5F6106, cid=1945, SUCCESS, logIndex=2830, commits[f3174d56-9988-40ec-970b-d447ed545dfb:c2831, 3e713ff3-0d17-449f-90fa-609b20cf4c10:c2828, 34290298-343f-405c-af97-b2d19041b010:c2828]
2019-09-11 09:06:32,840 [grpc-default-executor-0] INFO  client.GrpcClientProtocolClient (GrpcClientProtocolClient.java:onNext(264)) - client-B22ED198845A->f3174d56-9988-40ec-970b-d447ed545dfb: receive RaftClientReply:client-B22ED198845A->f3174d56-9988-40ec-970b-d447ed545dfb@group-47B82E5F6106, cid=1946, SUCCESS, logIndex=2831, commits[f3174d56-9988-40ec-970b-d447ed545dfb:c2831, 3e713ff3-0d17-449f-90fa-609b20cf4c10:c2828, 34290298-343f-405c-af97-b2d19041b010:c2828]
2019-09-11 09:06:32,856 [grpc-default-executor-4] INFO  client.GrpcClientProtocolClient (GrpcClientProtocolClient.java:onNext(264)) - client-B22ED198845A->f3174d56-9988-40ec-970b-d447ed545dfb: receive RaftClientReply:client-B22ED198845A->f3174d56-9988-40ec-970b-d447ed545dfb@group-47B82E5F6106, cid=1947, SUCCESS, logIndex=2832, commits[f3174d56-9988-40ec-970b-d447ed545dfb:c2833, 3e713ff3-0d17-449f-90fa-609b20cf4c10:c2829, 34290298-343f-405c-af97-b2d19041b010:c2829]
2019-09-11 09:06:32,856 [grpc-default-executor-4] INFO  client.GrpcClientProtocolClient (GrpcClientProtocolClient.java:onNext(264)) - client-B22ED198845A->f3174d56-9988-40ec-970b-d447ed545dfb: receive RaftClientReply:client-B22ED198845A->f3174d56-9988-40ec-970b-d447ed545dfb@group-47B82E5F6106, cid=1948, SUCCESS, logIndex=2833, commits[f3174d56-9988-40ec-970b-d447ed545dfb:c2833, 3e713ff3-0d17-449f-90fa-609b20cf4c10:c2829, 34290298-343f-405c-af97-b2d19041b010:c2829]
2019-09-11 09:06:32,865 [grpc-default-executor-4] INFO  client.GrpcClientProtocolClient (GrpcClientProtocolClient.java:onNext(264)) - client-B22ED198845A->f3174d56-9988-40ec-970b-d447ed545dfb: receive RaftClientReply:client-B22ED198845A->f3174d56-9988-40ec-970b-d447ed545dfb@group-47B82E5F6106, cid=1949, SUCCESS, logIndex=0, commits[f3174d56-9988-40ec-970b-d447ed545dfb:c2834, 3e713ff3-0d17-449f-90fa-609b20cf4c10:c2831, 34290298-343f-405c-af97-b2d19041b010:c2831]
2019-09-11 09:06:32,874 [grpc-default-executor-4] INFO  client.GrpcClientProtocolClient (GrpcClientProtocolClient.java:onNext(264)) - client-B22ED198845A->f3174d56-9988-40ec-970b-d447ed545dfb: receive RaftClientReply:client-B22ED198845A->f3174d56-9988-40ec-970b-d447ed545dfb@group-47B82E5F6106, cid=1950, SUCCESS, logIndex=2838, commits[f3174d56-9988-40ec-970b-d447ed545dfb:c2839, 3e713ff3-0d17-449f-90fa-609b20cf4c10:c2833, 34290298-343f-405c-af97-b2d19041b010:c2837]
2019-09-11 09:06:32,874 [grpc-default-executor-4] INFO  client.GrpcClientProtocolClient (GrpcClientProtocolClient.java:onNext(264)) - client-B22ED198845A->f3174d56-9988-40ec-970b-d447ed545dfb: receive RaftClientReply:client-B22ED198845A->f3174d56-9988-40ec-970b-d447ed545dfb@group-47B82E5F6106, cid=1951, SUCCESS, logIndex=2839, commits[f3174d56-9988-40ec-970b-d447ed545dfb:c2839, 3e713ff3-0d17-449f-90fa-609b20cf4c10:c2833, 34290298-343f-405c-af97-b2d19041b010:c2837]
2019-09-11 09:06:32,882 [grpc-default-executor-0] INFO  client.GrpcClientProtocolClient (GrpcClientProtocolClient.java:onNext(264)) - client-B22ED198845A->f3174d56-9988-40ec-970b-d447ed545dfb: receive RaftClientReply:client-B22ED198845A->f3174d56-9988-40ec-970b-d447ed545dfb@group-47B82E5F6106, cid=1952, SUCCESS, logIndex=2842, commits[f3174d56-9988-40ec-970b-d447ed545dfb:c2843, 3e713ff3-0d17-449f-90fa-609b20cf4c10:c2839, 34290298-343f-405c-af97-b2d19041b010:c2841]
2019-09-11 09:06:32,883 [grpc-default-executor-0] INFO  client.GrpcClientProtocolClient (GrpcClientProtocolClient.java:onNext(264)) - client-B22ED198845A->f3174d56-9988-40ec-970b-d447ed545dfb: receive RaftClientReply:client-B22ED198845A->f3174d56-9988-40ec-970b-d447ed545dfb@group-47B82E5F6106, cid=1953, SUCCESS, logIndex=2843, commits[f3174d56-9988-40ec-970b-d447ed545dfb:c2843, 3e713ff3-0d17-449f-90fa-609b20cf4c10:c2839, 34290298-343f-405c-af97-b2d19041b010:c2841]
2019-09-11 09:06:32,886 [grpc-default-executor-0] INFO  client.GrpcClientProtocolClient (GrpcClientProtocolClient.java:onNext(264)) - client-B22ED198845A->f3174d56-9988-40ec-970b-d447ed545dfb: receive RaftClientReply:client-B22ED198845A->f3174d56-9988-40ec-970b-d447ed545dfb@group-47B82E5F6106, cid=1954, SUCCESS, logIndex=0, commits[f3174d56-9988-40ec-970b-d447ed545dfb:c2844, 3e713ff3-0d17-449f-90fa-609b20cf4c10:c2843, 34290298-343f-405c-af97-b2d19041b010:c2843]
2019-09-11 09:06:32,905 [grpc-default-executor-4] INFO  client.GrpcClientProtocolClient (GrpcClientProtocolClient.java:onNext(264)) - client-B22ED198845A->f3174d56-9988-40ec-970b-d447ed545dfb: receive RaftClientReply:client-B22ED198845A->f3174d56-9988-40ec-970b-d447ed545dfb@group-47B82E5F6106, cid=1955, SUCCESS, logIndex=2846, commits[f3174d56-9988-40ec-970b-d447ed545dfb:c2847, 3e713ff3-0d17-449f-90fa-609b20cf4c10:c2843, 34290298-343f-405c-af97-b2d19041b010:c2845]
2019-09-11 09:06:32,906 [grpc-default-executor-4] INFO  client.GrpcClientProtocolClient (GrpcClientProtocolClient.java:onNext(264)) - client-B22ED198845A->f3174d56-9988-40ec-970b-d447ed545dfb: receive RaftClientReply:client-B22ED198845A->f3174d56-9988-40ec-970b-d447ed545dfb@group-47B82E5F6106, cid=1956, SUCCESS, logIndex=2847, commits[f3174d56-9988-40ec-970b-d447ed545dfb:c2847, 3e713ff3-0d17-449f-90fa-609b20cf4c10:c2843, 34290298-343f-405c-af97-b2d19041b010:c2845]
2019-09-11 09:06:32,910 [grpc-default-executor-1] INFO  client.GrpcClientProtocolClient (GrpcClientProtocolClient.java:onNext(264)) - client-B22ED198845A->f3174d56-9988-40ec-970b-d447ed545dfb: receive RaftClientReply:client-B22ED198845A->f3174d56-9988-40ec-970b-d447ed545dfb@group-47B82E5F6106, cid=1957, SUCCESS, logIndex=2848, commits[f3174d56-9988-40ec-970b-d447ed545dfb:c2849, 3e713ff3-0d17-449f-90fa-609b20cf4c10:c2845, 34290298-343f-405c-af97-b2d19041b010:c2845]
2019-09-11 09:06:32,910 [grpc-default-executor-1] INFO  client.GrpcClientProtocolClient (GrpcClientProtocolClient.java:onNext(264)) - client-B22ED198845A->f3174d56-9988-40ec-970b-d447ed545dfb: receive RaftClientReply:client-B22ED198845A->f3174d56-9988-40ec-970b-d447ed545dfb@group-47B82E5F6106, cid=1958, SUCCESS, logIndex=2849, commits[f3174d56-9988-40ec-970b-d447ed545dfb:c2849, 3e713ff3-0d17-449f-90fa-609b20cf4c10:c2845, 34290298-343f-405c-af97-b2d19041b010:c2845]
2019-09-11 09:06:32,911 [grpc-default-executor-1] INFO  client.GrpcClientProtocolClient (GrpcClientProtocolClient.java:onNext(264)) - client-B22ED198845A->f3174d56-9988-40ec-970b-d447ed545dfb: receive RaftClientReply:client-B22ED198845A->f3174d56-9988-40ec-970b-d447ed545dfb@group-47B82E5F6106, cid=1959, SUCCESS, logIndex=0, commits[f3174d56-9988-40ec-970b-d447ed545dfb:c2851, 3e713ff3-0d17-449f-90fa-609b20cf4c10:c2847, 34290298-343f-405c-af97-b2d19041b010:c2847]
2019-09-11 09:06:32,920 [grpc-default-executor-1] INFO  client.GrpcClientProtocolClient (GrpcClientProtocolClient.java:onNext(264)) - client-B22ED198845A->f3174d56-9988-40ec-970b-d447ed545dfb: receive RaftClientReply:client-B22ED198845A->f3174d56-9988-40ec-970b-d447ed545dfb@group-47B82E5F6106, cid=1960, SUCCESS, logIndex=2854, commits[f3174d56-9988-40ec-970b-d447ed545dfb:c2855, 3e713ff3-0d17-449f-90fa-609b20cf4c10:c2849, 34290298-343f-405c-af97-b2d19041b010:c2853]
2019-09-11 09:06:32,921 [grpc-default-executor-1] INFO  client.GrpcClientProtocolClient (GrpcClientProtocolClient.java:onNext(264)) - client-B22ED198845A->f3174d56-9988-40ec-970b-d447ed545dfb: receive RaftClientReply:client-B22ED198845A->f3174d56-9988-40ec-970b-d447ed545dfb@group-47B82E5F6106, cid=1961, SUCCESS, logIndex=2855, commits[f3174d56-9988-40ec-970b-d447ed545dfb:c2855, 3e713ff3-0d17-449f-90fa-609b20cf4c10:c2853, 34290298-343f-405c-af97-b2d19041b010:c2853]
2019-09-11 09:06:32,930 [grpc-default-executor-0] INFO  client.GrpcClientProtocolClient (GrpcClientProtocolClient.java:onNext(264)) - client-B22ED198845A->f3174d56-9988-40ec-970b-d447ed545dfb: receive RaftClientReply:client-B22ED198845A->f3174d56-9988-40ec-970b-d447ed545dfb@group-47B82E5F6106, cid=1962, SUCCESS, logIndex=2858, commits[f3174d56-9988-40ec-970b-d447ed545dfb:c2859, 3e713ff3-0d17-449f-90fa-609b20cf4c10:c2857, 34290298-343f-405c-af97-b2d19041b010:c2855]
2019-09-11 09:06:32,931 [grpc-default-executor-0] INFO  client.GrpcClientProtocolClient (GrpcClientProtocolClient.java:onNext(264)) - client-B22ED198845A->f3174d56-9988-40ec-970b-d447ed545dfb: receive RaftClientReply:client-B22ED198845A->f3174d56-9988-40ec-970b-d447ed545dfb@group-47B82E5F6106, cid=1963, SUCCESS, logIndex=2859, commits[f3174d56-9988-40ec-970b-d447ed545dfb:c2859, 3e713ff3-0d17-449f-90fa-609b20cf4c10:c2857, 34290298-343f-405c-af97-b2d19041b010:c2857]
2019-09-11 09:06:32,935 [grpc-default-executor-0] INFO  client.GrpcClientProtocolClient (GrpcClientProtocolClient.java:onNext(264)) - client-B22ED198845A->f3174d56-9988-40ec-970b-d447ed545dfb: receive RaftClientReply:client-B22ED198845A->f3174d56-9988-40ec-970b-d447ed545dfb@group-47B82E5F6106, cid=1964, SUCCESS, logIndex=0, commits[f3174d56-9988-40ec-970b-d447ed545dfb:c2861, 3e713ff3-0d17-449f-90fa-609b20cf4c10:c2859, 34290298-343f-405c-af97-b2d19041b010:c2859]
2019-09-11 09:06:32,951 [grpc-default-executor-1] INFO  client.GrpcClientProtocolClient (GrpcClientProtocolClient.java:onNext(264)) - client-B22ED198845A->f3174d56-9988-40ec-970b-d447ed545dfb: receive RaftClientReply:client-B22ED198845A->f3174d56-9988-40ec-970b-d447ed545dfb@group-47B82E5F6106, cid=1965, SUCCESS, logIndex=2862, commits[f3174d56-9988-40ec-970b-d447ed545dfb:c2865, 3e713ff3-0d17-449f-90fa-609b20cf4c10:c2859, 34290298-343f-405c-af97-b2d19041b010:c2861]
2019-09-11 09:06:32,952 [grpc-default-executor-1] INFO  client.GrpcClientProtocolClient (GrpcClientProtocolClient.java:onNext(264)) - client-B22ED198845A->f3174d56-9988-40ec-970b-d447ed545dfb: receive RaftClientReply:client-B22ED198845A->f3174d56-9988-40ec-970b-d447ed545dfb@group-47B82E5F6106, cid=1966, SUCCESS, logIndex=2863, commits[f3174d56-9988-40ec-970b-d447ed545dfb:c2865, 3e713ff3-0d17-449f-90fa-609b20cf4c10:c2859, 34290298-343f-405c-af97-b2d19041b010:c2861]
2019-09-11 09:06:32,952 [grpc-default-executor-1] INFO  client.GrpcClientProtocolClient (GrpcClientProtocolClient.java:onNext(264)) - client-B22ED198845A->f3174d56-9988-40ec-970b-d447ed545dfb: receive RaftClientReply:client-B22ED198845A->f3174d56-9988-40ec-970b-d447ed545dfb@group-47B82E5F6106, cid=1967, SUCCESS, logIndex=2864, commits[f3174d56-9988-40ec-970b-d447ed545dfb:c2865, 3e713ff3-0d17-449f-90fa-609b20cf4c10:c2859, 34290298-343f-405c-af97-b2d19041b010:c2861]
2019-09-11 09:06:32,952 [grpc-default-executor-2] INFO  client.GrpcClientProtocolClient (GrpcClientProtocolClient.java:onNext(264)) - client-B22ED198845A->f3174d56-9988-40ec-970b-d447ed545dfb: receive RaftClientReply:client-B22ED198845A->f3174d56-9988-40ec-970b-d447ed545dfb@group-47B82E5F6106, cid=1968, SUCCESS, logIndex=2865, commits[f3174d56-9988-40ec-970b-d447ed545dfb:c2865, 3e713ff3-0d17-449f-90fa-609b20cf4c10:c2861, 34290298-343f-405c-af97-b2d19041b010:c2861]
2019-09-11 09:06:32,956 [grpc-default-executor-2] INFO  client.GrpcClientProtocolClient (GrpcClientProtocolClient.java:onNext(264)) - client-B22ED198845A->f3174d56-9988-40ec-970b-d447ed545dfb: receive RaftClientReply:client-B22ED198845A->f3174d56-9988-40ec-970b-d447ed545dfb@group-47B82E5F6106, cid=1969, SUCCESS, logIndex=0, commits[f3174d56-9988-40ec-970b-d447ed545dfb:c2866, 3e713ff3-0d17-449f-90fa-609b20cf4c10:c2863, 34290298-343f-405c-af97-b2d19041b010:c2863]
2019-09-11 09:06:32,984 [grpc-default-executor-2] INFO  client.GrpcClientProtocolClient (GrpcClientProtocolClient.java:onNext(264)) - client-B22ED198845A->f3174d56-9988-40ec-970b-d447ed545dfb: receive RaftClientReply:client-B22ED198845A->f3174d56-9988-40ec-970b-d447ed545dfb@group-47B82E5F6106, cid=1970, SUCCESS, logIndex=2869, commits[f3174d56-9988-40ec-970b-d447ed545dfb:c2870, 3e713ff3-0d17-449f-90fa-609b20cf4c10:c2868, 34290298-343f-405c-af97-b2d19041b010:c2868]
2019-09-11 09:06:32,984 [grpc-default-executor-2] INFO  client.GrpcClientProtocolClient (GrpcClientProtocolClient.java:onNext(264)) - client-B22ED198845A->f3174d56-9988-40ec-970b-d447ed545dfb: receive RaftClientReply:client-B22ED198845A->f3174d56-9988-40ec-970b-d447ed545dfb@group-47B82E5F6106, cid=1971, SUCCESS, logIndex=2870, commits[f3174d56-9988-40ec-970b-d447ed545dfb:c2870, 3e713ff3-0d17-449f-90fa-609b20cf4c10:c2868, 34290298-343f-405c-af97-b2d19041b010:c2868]
 0.00% |█                                                                                                    |  0/1 Time: 0:00:132019-09-11 09:06:33,635 [grpc-default-executor-1] INFO  client.GrpcClientProtocolClient (GrpcClientProtocolClient.java:onNext(264)) - client-B22ED198845A->f3174d56-9988-40ec-970b-d447ed545dfb: receive RaftClientReply:client-B22ED198845A->f3174d56-9988-40ec-970b-d447ed545dfb@group-47B82E5F6106, cid=1972, SUCCESS, logIndex=2873, commits[f3174d56-9988-40ec-970b-d447ed545dfb:c2874, 3e713ff3-0d17-449f-90fa-609b20cf4c10:c2871, 34290298-343f-405c-af97-b2d19041b010:c2871]
2019-09-11 09:06:33,635 [grpc-default-executor-1] INFO  client.GrpcClientProtocolClient (GrpcClientProtocolClient.java:onNext(264)) - client-B22ED198845A->f3174d56-9988-40ec-970b-d447ed545dfb: receive RaftClientReply:client-B22ED198845A->f3174d56-9988-40ec-970b-d447ed545dfb@group-47B82E5F6106, cid=1973, SUCCESS, logIndex=2874, commits[f3174d56-9988-40ec-970b-d447ed545dfb:c2874, 3e713ff3-0d17-449f-90fa-609b20cf4c10:c2871, 34290298-343f-405c-af97-b2d19041b010:c2871]
2019-09-11 09:06:33,650 [grpc-default-executor-1] INFO  client.GrpcClientProtocolClient (GrpcClientProtocolClient.java:onNext(264)) - client-B22ED198845A->f3174d56-9988-40ec-970b-d447ed545dfb: receive RaftClientReply:client-B22ED198845A->f3174d56-9988-40ec-970b-d447ed545dfb@group-47B82E5F6106, cid=1974, SUCCESS, logIndex=0, commits[f3174d56-9988-40ec-970b-d447ed545dfb:c2875, 3e713ff3-0d17-449f-90fa-609b20cf4c10:c2874, 34290298-343f-405c-af97-b2d19041b010:c2874]
2019-09-11 09:06:33,683 [grpc-default-executor-1] INFO  client.GrpcClientProtocolClient (GrpcClientProtocolClient.java:onNext(264)) - client-B22ED198845A->f3174d56-9988-40ec-970b-d447ed545dfb: receive RaftClientReply:client-B22ED198845A->f3174d56-9988-40ec-970b-d447ed545dfb@group-47B82E5F6106, cid=1975, SUCCESS, logIndex=2877, commits[f3174d56-9988-40ec-970b-d447ed545dfb:c2878, 3e713ff3-0d17-449f-90fa-609b20cf4c10:c2876, 34290298-343f-405c-af97-b2d19041b010:c2876]
2019-09-11 09:06:33,684 [grpc-default-executor-1] INFO  client.GrpcClientProtocolClient (GrpcClientProtocolClient.java:onNext(264)) - client-B22ED198845A->f3174d56-9988-40ec-970b-d447ed545dfb: receive RaftClientReply:client-B22ED198845A->f3174d56-9988-40ec-970b-d447ed545dfb@group-47B82E5F6106, cid=1976, SUCCESS, logIndex=2878, commits[f3174d56-9988-40ec-970b-d447ed545dfb:c2878, 3e713ff3-0d17-449f-90fa-609b20cf4c10:c2876, 34290298-343f-405c-af97-b2d19041b010:c2876]
2019-09-11 09:06:33,697 [grpc-default-executor-4] INFO  client.GrpcClientProtocolClient (GrpcClientProtocolClient.java:onNext(264)) - client-B22ED198845A->f3174d56-9988-40ec-970b-d447ed545dfb: receive RaftClientReply:client-B22ED198845A->f3174d56-9988-40ec-970b-d447ed545dfb@group-47B82E5F6106, cid=1977, SUCCESS, logIndex=2879, commits[f3174d56-9988-40ec-970b-d447ed545dfb:c2880, 3e713ff3-0d17-449f-90fa-609b20cf4c10:c2876, 34290298-343f-405c-af97-b2d19041b010:c2876]
2019-09-11 09:06:33,697 [grpc-default-executor-4] INFO  client.GrpcClientProtocolClient (GrpcClientProtocolClient.java:onNext(264)) - client-B22ED198845A->f3174d56-9988-40ec-970b-d447ed545dfb: receive RaftClientReply:client-B22ED198845A->f3174d56-9988-40ec-970b-d447ed545dfb@group-47B82E5F6106, cid=1978, SUCCESS, logIndex=2880, commits[f3174d56-9988-40ec-970b-d447ed545dfb:c2880, 3e713ff3-0d17-449f-90fa-609b20cf4c10:c2876, 34290298-343f-405c-af97-b2d19041b010:c2876]
2019-09-11 09:06:33,709 [grpc-default-executor-4] INFO  client.GrpcClientProtocolClient (GrpcClientProtocolClient.java:onNext(264)) - client-B22ED198845A->f3174d56-9988-40ec-970b-d447ed545dfb: receive RaftClientReply:client-B22ED198845A->f3174d56-9988-40ec-970b-d447ed545dfb@group-47B82E5F6106, cid=1979, SUCCESS, logIndex=0, commits[f3174d56-9988-40ec-970b-d447ed545dfb:c2882, 3e713ff3-0d17-449f-90fa-609b20cf4c10:c2878, 34290298-343f-405c-af97-b2d19041b010:c2878]
2019-09-11 09:06:33,735 [grpc-default-executor-2] INFO  client.GrpcClientProtocolClient (GrpcClientProtocolClient.java:onNext(264)) - client-B22ED198845A->f3174d56-9988-40ec-970b-d447ed545dfb: receive RaftClientReply:client-B22ED198845A->f3174d56-9988-40ec-970b-d447ed545dfb@group-47B82E5F6106, cid=1980, SUCCESS, logIndex=2885, commits[f3174d56-9988-40ec-970b-d447ed545dfb:c2885, 3e713ff3-0d17-449f-90fa-609b20cf4c10:c2882, 34290298-343f-405c-af97-b2d19041b010:c2882]
2019-09-11 09:06:33,735 [grpc-default-executor-2] INFO  client.GrpcClientProtocolClient (GrpcClientProtocolClient.java:onNext(264)) - client-B22ED198845A->f3174d56-9988-40ec-970b-d447ed545dfb: receive RaftClientReply:client-B22ED198845A->f3174d56-9988-40ec-970b-d447ed545dfb@group-47B82E5F6106, cid=1981, SUCCESS, logIndex=2886, commits[f3174d56-9988-40ec-970b-d447ed545dfb:c2886, 3e713ff3-0d17-449f-90fa-609b20cf4c10:c2882, 34290298-343f-405c-af97-b2d19041b010:c2882]
2019-09-11 09:06:33,747 [grpc-default-executor-4] INFO  client.GrpcClientProtocolClient (GrpcClientProtocolClient.java:onNext(264)) - client-B22ED198845A->f3174d56-9988-40ec-970b-d447ed545dfb: receive RaftClientReply:client-B22ED198845A->f3174d56-9988-40ec-970b-d447ed545dfb@group-47B82E5F6106, cid=1982, SUCCESS, logIndex=2889, commits[f3174d56-9988-40ec-970b-d447ed545dfb:c2890, 3e713ff3-0d17-449f-90fa-609b20cf4c10:c2886, 34290298-343f-405c-af97-b2d19041b010:c2888]
2019-09-11 09:06:33,748 [grpc-default-executor-4] INFO  client.GrpcClientProtocolClient (GrpcClientProtocolClient.java:onNext(264)) - client-B22ED198845A->f3174d56-9988-40ec-970b-d447ed545dfb: receive RaftClientReply:client-B22ED198845A->f3174d56-9988-40ec-970b-d447ed545dfb@group-47B82E5F6106, cid=1983, SUCCESS, logIndex=2890, commits[f3174d56-9988-40ec-970b-d447ed545dfb:c2890, 3e713ff3-0d17-449f-90fa-609b20cf4c10:c2888, 34290298-343f-405c-af97-b2d19041b010:c2888]
2019-09-11 09:06:33,751 [grpc-default-executor-4] INFO  client.GrpcClientProtocolClient (GrpcClientProtocolClient.java:onNext(264)) - client-B22ED198845A->f3174d56-9988-40ec-970b-d447ed545dfb: receive RaftClientReply:client-B22ED198845A->f3174d56-9988-40ec-970b-d447ed545dfb@group-47B82E5F6106, cid=1984, SUCCESS, logIndex=0, commits[f3174d56-9988-40ec-970b-d447ed545dfb:c2891, 3e713ff3-0d17-449f-90fa-609b20cf4c10:c2890, 34290298-343f-405c-af97-b2d19041b010:c2890]
2019-09-11 09:06:33,774 [grpc-default-executor-4] INFO  client.GrpcClientProtocolClient (GrpcClientProtocolClient.java:onNext(264)) - client-B22ED198845A->f3174d56-9988-40ec-970b-d447ed545dfb: receive RaftClientReply:client-B22ED198845A->f3174d56-9988-40ec-970b-d447ed545dfb@group-47B82E5F6106, cid=1985, SUCCESS, logIndex=2893, commits[f3174d56-9988-40ec-970b-d447ed545dfb:c2894, 3e713ff3-0d17-449f-90fa-609b20cf4c10:c2892, 34290298-343f-405c-af97-b2d19041b010:c2892]
2019-09-11 09:06:33,774 [grpc-default-executor-4] INFO  client.GrpcClientProtocolClient (GrpcClientProtocolClient.java:onNext(264)) - client-B22ED198845A->f3174d56-9988-40ec-970b-d447ed545dfb: receive RaftClientReply:client-B22ED198845A->f3174d56-9988-40ec-970b-d447ed545dfb@group-47B82E5F6106, cid=1986, SUCCESS, logIndex=2894, commits[f3174d56-9988-40ec-970b-d447ed545dfb:c2894, 3e713ff3-0d17-449f-90fa-609b20cf4c10:c2892, 34290298-343f-405c-af97-b2d19041b010:c2892]
2019-09-11 09:06:33,775 [grpc-default-executor-4] INFO  client.GrpcClientProtocolClient (GrpcClientProtocolClient.java:onNext(264)) - client-B22ED198845A->f3174d56-9988-40ec-970b-d447ed545dfb: receive RaftClientReply:client-B22ED198845A->f3174d56-9988-40ec-970b-d447ed545dfb@group-47B82E5F6106, cid=1987, SUCCESS, logIndex=2895, commits[f3174d56-9988-40ec-970b-d447ed545dfb:c2896, 3e713ff3-0d17-449f-90fa-609b20cf4c10:c2892, 34290298-343f-405c-af97-b2d19041b010:c2892]
2019-09-11 09:06:33,775 [grpc-default-executor-4] INFO  client.GrpcClientProtocolClient (GrpcClientProtocolClient.java:onNext(264)) - client-B22ED198845A->f3174d56-9988-40ec-970b-d447ed545dfb: receive RaftClientReply:client-B22ED198845A->f3174d56-9988-40ec-970b-d447ed545dfb@group-47B82E5F6106, cid=1988, SUCCESS, logIndex=2896, commits[f3174d56-9988-40ec-970b-d447ed545dfb:c2896, 3e713ff3-0d17-449f-90fa-609b20cf4c10:c2892, 34290298-343f-405c-af97-b2d19041b010:c2892]
2019-09-11 09:06:33,778 [grpc-default-executor-4] INFO  client.GrpcClientProtocolClient (GrpcClientProtocolClient.java:onNext(264)) - client-B22ED198845A->f3174d56-9988-40ec-970b-d447ed545dfb: receive RaftClientReply:client-B22ED198845A->f3174d56-9988-40ec-970b-d447ed545dfb@group-47B82E5F6106, cid=1989, SUCCESS, logIndex=0, commits[f3174d56-9988-40ec-970b-d447ed545dfb:c2898, 3e713ff3-0d17-449f-90fa-609b20cf4c10:c2894, 34290298-343f-405c-af97-b2d19041b010:c2894]
2019-09-11 09:06:33,791 [grpc-default-executor-4] INFO  client.GrpcClientProtocolClient (GrpcClientProtocolClient.java:onNext(264)) - client-B22ED198845A->f3174d56-9988-40ec-970b-d447ed545dfb: receive RaftClientReply:client-B22ED198845A->f3174d56-9988-40ec-970b-d447ed545dfb@group-47B82E5F6106, cid=1990, SUCCESS, logIndex=2901, commits[f3174d56-9988-40ec-970b-d447ed545dfb:c2902, 3e713ff3-0d17-449f-90fa-609b20cf4c10:c2896, 34290298-343f-405c-af97-b2d19041b010:c2900]
2019-09-11 09:06:33,792 [grpc-default-executor-4] INFO  client.GrpcClientProtocolClient (GrpcClientProtocolClient.java:onNext(264)) - client-B22ED198845A->f3174d56-9988-40ec-970b-d447ed545dfb: receive RaftClientReply:client-B22ED198845A->f3174d56-9988-40ec-970b-d447ed545dfb@group-47B82E5F6106, cid=1991, SUCCESS, logIndex=2902, commits[f3174d56-9988-40ec-970b-d447ed545dfb:c2902, 3e713ff3-0d17-449f-90fa-609b20cf4c10:c2900, 34290298-343f-405c-af97-b2d19041b010:c2900]
2019-09-11 09:06:33,804 [grpc-default-executor-2] INFO  client.GrpcClientProtocolClient (GrpcClientProtocolClient.java:onNext(264)) - client-B22ED198845A->f3174d56-9988-40ec-970b-d447ed545dfb: receive RaftClientReply:client-B22ED198845A->f3174d56-9988-40ec-970b-d447ed545dfb@group-47B82E5F6106, cid=1992, SUCCESS, logIndex=2905, commits[f3174d56-9988-40ec-970b-d447ed545dfb:c2906, 3e713ff3-0d17-449f-90fa-609b20cf4c10:c2902, 34290298-343f-405c-af97-b2d19041b010:c2903]
2019-09-11 09:06:33,804 [grpc-default-executor-2] INFO  client.GrpcClientProtocolClient (GrpcClientProtocolClient.java:onNext(264)) - client-B22ED198845A->f3174d56-9988-40ec-970b-d447ed545dfb: receive RaftClientReply:client-B22ED198845A->f3174d56-9988-40ec-970b-d447ed545dfb@group-47B82E5F6106, cid=1993, SUCCESS, logIndex=2906, commits[f3174d56-9988-40ec-970b-d447ed545dfb:c2906, 3e713ff3-0d17-449f-90fa-609b20cf4c10:c2903, 34290298-343f-405c-af97-b2d19041b010:c2903]
2019-09-11 09:06:33,805 [grpc-default-executor-2] INFO  client.GrpcClientProtocolClient (GrpcClientProtocolClient.java:onNext(264)) - client-B22ED198845A->f3174d56-9988-40ec-970b-d447ed545dfb: receive RaftClientReply:client-B22ED198845A->f3174d56-9988-40ec-970b-d447ed545dfb@group-47B82E5F6106, cid=1994, SUCCESS, logIndex=0, commits[f3174d56-9988-40ec-970b-d447ed545dfb:c2907, 3e713ff3-0d17-449f-90fa-609b20cf4c10:c2906, 34290298-343f-405c-af97-b2d19041b010:c2906]
2019-09-11 09:06:33,833 [grpc-default-executor-0] INFO  client.GrpcClientProtocolClient (GrpcClientProtocolClient.java:onNext(264)) - client-B22ED198845A->f3174d56-9988-40ec-970b-d447ed545dfb: receive RaftClientReply:client-B22ED198845A->f3174d56-9988-40ec-970b-d447ed545dfb@group-47B82E5F6106, cid=1995, SUCCESS, logIndex=2909, commits[f3174d56-9988-40ec-970b-d447ed545dfb:c2910, 3e713ff3-0d17-449f-90fa-609b20cf4c10:c2908, 34290298-343f-405c-af97-b2d19041b010:c2908]
2019-09-11 09:06:33,833 [grpc-default-executor-0] INFO  client.GrpcClientProtocolClient (GrpcClientProtocolClient.java:onNext(264)) - client-B22ED198845A->f3174d56-9988-40ec-970b-d447ed545dfb: receive RaftClientReply:client-B22ED198845A->f3174d56-9988-40ec-970b-d447ed545dfb@group-47B82E5F6106, cid=1996, SUCCESS, logIndex=2910, commits[f3174d56-9988-40ec-970b-d447ed545dfb:c2912, 3e713ff3-0d17-449f-90fa-609b20cf4c10:c2908, 34290298-343f-405c-af97-b2d19041b010:c2908]
2019-09-11 09:06:33,834 [grpc-default-executor-0] INFO  client.GrpcClientProtocolClient (GrpcClientProtocolClient.java:onNext(264)) - client-B22ED198845A->f3174d56-9988-40ec-970b-d447ed545dfb: receive RaftClientReply:client-B22ED198845A->f3174d56-9988-40ec-970b-d447ed545dfb@group-47B82E5F6106, cid=1997, SUCCESS, logIndex=2911, commits[f3174d56-9988-40ec-970b-d447ed545dfb:c2912, 3e713ff3-0d17-449f-90fa-609b20cf4c10:c2908, 34290298-343f-405c-af97-b2d19041b010:c2908]
2019-09-11 09:06:33,834 [grpc-default-executor-0] INFO  client.GrpcClientProtocolClient (GrpcClientProtocolClient.java:onNext(264)) - client-B22ED198845A->f3174d56-9988-40ec-970b-d447ed545dfb: receive RaftClientReply:client-B22ED198845A->f3174d56-9988-40ec-970b-d447ed545dfb@group-47B82E5F6106, cid=1998, SUCCESS, logIndex=2912, commits[f3174d56-9988-40ec-970b-d447ed545dfb:c2912, 3e713ff3-0d17-449f-90fa-609b20cf4c10:c2908, 34290298-343f-405c-af97-b2d19041b010:c2908]
2019-09-11 09:06:33,842 [grpc-default-executor-0] INFO  client.GrpcClientProtocolClient (GrpcClientProtocolClient.java:onNext(264)) - client-B22ED198845A->f3174d56-9988-40ec-970b-d447ed545dfb: receive RaftClientReply:client-B22ED198845A->f3174d56-9988-40ec-970b-d447ed545dfb@group-47B82E5F6106, cid=1999, SUCCESS, logIndex=0, commits[f3174d56-9988-40ec-970b-d447ed545dfb:c2916, 3e713ff3-0d17-449f-90fa-609b20cf4c10:c2912, 34290298-343f-405c-af97-b2d19041b010:c2910]
2019-09-11 09:06:33,864 [grpc-default-executor-1] INFO  client.GrpcClientProtocolClient (GrpcClientProtocolClient.java:onNext(264)) - client-B22ED198845A->f3174d56-9988-40ec-970b-d447ed545dfb: receive RaftClientReply:client-B22ED198845A->f3174d56-9988-40ec-970b-d447ed545dfb@group-47B82E5F6106, cid=2000, SUCCESS, logIndex=2917, commits[f3174d56-9988-40ec-970b-d447ed545dfb:c2918, 3e713ff3-0d17-449f-90fa-609b20cf4c10:c2916, 34290298-343f-405c-af97-b2d19041b010:c2916]
2019-09-11 09:06:33,864 [grpc-default-executor-1] INFO  client.GrpcClientProtocolClient (GrpcClientProtocolClient.java:onNext(264)) - client-B22ED198845A->f3174d56-9988-40ec-970b-d447ed545dfb: receive RaftClientReply:client-B22ED198845A->f3174d56-9988-40ec-970b-d447ed545dfb@group-47B82E5F6106, cid=2001, SUCCESS, logIndex=2918, commits[f3174d56-9988-40ec-970b-d447ed545dfb:c2918, 3e713ff3-0d17-449f-90fa-609b20cf4c10:c2916, 34290298-343f-405c-af97-b2d19041b010:c2916]
2019-09-11 09:06:33,890 [grpc-default-executor-1] INFO  client.GrpcClientProtocolClient (GrpcClientProtocolClient.java:onNext(264)) - client-B22ED198845A->f3174d56-9988-40ec-970b-d447ed545dfb: receive RaftClientReply:client-B22ED198845A->f3174d56-9988-40ec-970b-d447ed545dfb@group-47B82E5F6106, cid=2002, SUCCESS, logIndex=2921, commits[f3174d56-9988-40ec-970b-d447ed545dfb:c2922, 3e713ff3-0d17-449f-90fa-609b20cf4c10:c2920, 34290298-343f-405c-af97-b2d19041b010:c2918]
2019-09-11 09:06:33,891 [grpc-default-executor-1] INFO  client.GrpcClientProtocolClient (GrpcClientProtocolClient.java:onNext(264)) - client-B22ED198845A->f3174d56-9988-40ec-970b-d447ed545dfb: receive RaftClientReply:client-B22ED198845A->f3174d56-9988-40ec-970b-d447ed545dfb@group-47B82E5F6106, cid=2003, SUCCESS, logIndex=2922, commits[f3174d56-9988-40ec-970b-d447ed545dfb:c2922, 3e713ff3-0d17-449f-90fa-609b20cf4c10:c2920, 34290298-343f-405c-af97-b2d19041b010:c2918]
2019-09-11 09:06:33,907 [grpc-default-executor-1] INFO  client.GrpcClientProtocolClient (GrpcClientProtocolClient.java:onNext(264)) - client-B22ED198845A->f3174d56-9988-40ec-970b-d447ed545dfb: receive RaftClientReply:client-B22ED198845A->f3174d56-9988-40ec-970b-d447ed545dfb@group-47B82E5F6106, cid=2004, SUCCESS, logIndex=0, commits[f3174d56-9988-40ec-970b-d447ed545dfb:c2924, 3e713ff3-0d17-449f-90fa-609b20cf4c10:c2922, 34290298-343f-405c-af97-b2d19041b010:c2922]
2019-09-11 09:06:33,937 [grpc-default-executor-0] INFO  client.GrpcClientProtocolClient (GrpcClientProtocolClient.java:onNext(264)) - client-B22ED198845A->f3174d56-9988-40ec-970b-d447ed545dfb: receive RaftClientReply:client-B22ED198845A->f3174d56-9988-40ec-970b-d447ed545dfb@group-47B82E5F6106, cid=2005, SUCCESS, logIndex=2925, commits[f3174d56-9988-40ec-970b-d447ed545dfb:c2926, 3e713ff3-0d17-449f-90fa-609b20cf4c10:c2924, 34290298-343f-405c-af97-b2d19041b010:c2924]
2019-09-11 09:06:33,937 [grpc-default-executor-0] INFO  client.GrpcClientProtocolClient (GrpcClientProtocolClient.java:onNext(264)) - client-B22ED198845A->f3174d56-9988-40ec-970b-d447ed545dfb: receive RaftClientReply:client-B22ED198845A->f3174d56-9988-40ec-970b-d447ed545dfb@group-47B82E5F6106, cid=2006, SUCCESS, logIndex=2926, commits[f3174d56-9988-40ec-970b-d447ed545dfb:c2926, 3e713ff3-0d17-449f-90fa-609b20cf4c10:c2924, 34290298-343f-405c-af97-b2d19041b010:c2924]
2019-09-11 09:06:33,940 [grpc-default-executor-1] INFO  client.GrpcClientProtocolClient (GrpcClientProtocolClient.java:onNext(264)) - client-B22ED198845A->f3174d56-9988-40ec-970b-d447ed545dfb: receive RaftClientReply:client-B22ED198845A->f3174d56-9988-40ec-970b-d447ed545dfb@group-47B82E5F6106, cid=2007, SUCCESS, logIndex=2927, commits[f3174d56-9988-40ec-970b-d447ed545dfb:c2928, 3e713ff3-0d17-449f-90fa-609b20cf4c10:c2924, 34290298-343f-405c-af97-b2d19041b010:c2924]
2019-09-11 09:06:33,941 [grpc-default-executor-1] INFO  client.GrpcClientProtocolClient (GrpcClientProtocolClient.java:onNext(264)) - client-B22ED198845A->f3174d56-9988-40ec-970b-d447ed545dfb: receive RaftClientReply:client-B22ED198845A->f3174d56-9988-40ec-970b-d447ed545dfb@group-47B82E5F6106, cid=2008, SUCCESS, logIndex=2928, commits[f3174d56-9988-40ec-970b-d447ed545dfb:c2928, 3e713ff3-0d17-449f-90fa-609b20cf4c10:c2924, 34290298-343f-405c-af97-b2d19041b010:c2924]
2019-09-11 09:06:33,951 [grpc-default-executor-1] INFO  client.GrpcClientProtocolClient (GrpcClientProtocolClient.java:onNext(264)) - client-B22ED198845A->f3174d56-9988-40ec-970b-d447ed545dfb: receive RaftClientReply:client-B22ED198845A->f3174d56-9988-40ec-970b-d447ed545dfb@group-47B82E5F6106, cid=2009, SUCCESS, logIndex=0, commits[f3174d56-9988-40ec-970b-d447ed545dfb:c2930, 3e713ff3-0d17-449f-90fa-609b20cf4c10:c2926, 34290298-343f-405c-af97-b2d19041b010:c2926]
2019-09-11 09:06:33,972 [grpc-default-executor-1] INFO  client.GrpcClientProtocolClient (GrpcClientProtocolClient.java:onNext(264)) - client-B22ED198845A->f3174d56-9988-40ec-970b-d447ed545dfb: receive RaftClientReply:client-B22ED198845A->f3174d56-9988-40ec-970b-d447ed545dfb@group-47B82E5F6106, cid=2010, SUCCESS, logIndex=2933, commits[f3174d56-9988-40ec-970b-d447ed545dfb:c2934, 3e713ff3-0d17-449f-90fa-609b20cf4c10:c2932, 34290298-343f-405c-af97-b2d19041b010:c2932]
2019-09-11 09:06:33,973 [grpc-default-executor-1] INFO  client.GrpcClientProtocolClient (GrpcClientProtocolClient.java:onNext(264)) - client-B22ED198845A->f3174d56-9988-40ec-970b-d447ed545dfb: receive RaftClientReply:client-B22ED198845A->f3174d56-9988-40ec-970b-d447ed545dfb@group-47B82E5F6106, cid=2011, SUCCESS, logIndex=2934, commits[f3174d56-9988-40ec-970b-d447ed545dfb:c2934, 3e713ff3-0d17-449f-90fa-609b20cf4c10:c2932, 34290298-343f-405c-af97-b2d19041b010:c2932]
2019-09-11 09:06:33,998 [grpc-default-executor-0] INFO  client.GrpcClientProtocolClient (GrpcClientProtocolClient.java:onNext(264)) - client-B22ED198845A->f3174d56-9988-40ec-970b-d447ed545dfb: receive RaftClientReply:client-B22ED198845A->f3174d56-9988-40ec-970b-d447ed545dfb@group-47B82E5F6106, cid=2012, SUCCESS, logIndex=2937, commits[f3174d56-9988-40ec-970b-d447ed545dfb:c2938, 3e713ff3-0d17-449f-90fa-609b20cf4c10:c2934, 34290298-343f-405c-af97-b2d19041b010:c2934]
2019-09-11 09:06:33,998 [grpc-default-executor-0] INFO  client.GrpcClientProtocolClient (GrpcClientProtocolClient.java:onNext(264)) - client-B22ED198845A->f3174d56-9988-40ec-970b-d447ed545dfb: receive RaftClientReply:client-B22ED198845A->f3174d56-9988-40ec-970b-d447ed545dfb@group-47B82E5F6106, cid=2013, SUCCESS, logIndex=2938, commits[f3174d56-9988-40ec-970b-d447ed545dfb:c2938, 3e713ff3-0d17-449f-90fa-609b20cf4c10:c2934, 34290298-343f-405c-af97-b2d19041b010:c2934]
2019-09-11 09:06:34,024 [grpc-default-executor-0] INFO  client.GrpcClientProtocolClient (GrpcClientProtocolClient.java:onNext(264)) - client-B22ED198845A->f3174d56-9988-40ec-970b-d447ed545dfb: receive RaftClientReply:client-B22ED198845A->f3174d56-9988-40ec-970b-d447ed545dfb@group-47B82E5F6106, cid=2014, SUCCESS, logIndex=0, commits[f3174d56-9988-40ec-970b-d447ed545dfb:c2940, 3e713ff3-0d17-449f-90fa-609b20cf4c10:c2938, 34290298-343f-405c-af97-b2d19041b010:c2938]
2019-09-11 09:06:34,056 [grpc-default-executor-0] INFO  client.GrpcClientProtocolClient (GrpcClientProtocolClient.java:onNext(264)) - client-B22ED198845A->f3174d56-9988-40ec-970b-d447ed545dfb: receive RaftClientReply:client-B22ED198845A->f3174d56-9988-40ec-970b-d447ed545dfb@group-47B82E5F6106, cid=2015, SUCCESS, logIndex=2941, commits[f3174d56-9988-40ec-970b-d447ed545dfb:c2942, 3e713ff3-0d17-449f-90fa-609b20cf4c10:c2940, 34290298-343f-405c-af97-b2d19041b010:c2940]
2019-09-11 09:06:34,056 [grpc-default-executor-0] INFO  client.GrpcClientProtocolClient (GrpcClientProtocolClient.java:onNext(264)) - client-B22ED198845A->f3174d56-9988-40ec-970b-d447ed545dfb: receive RaftClientReply:client-B22ED198845A->f3174d56-9988-40ec-970b-d447ed545dfb@group-47B82E5F6106, cid=2016, SUCCESS, logIndex=2942, commits[f3174d56-9988-40ec-970b-d447ed545dfb:c2942, 3e713ff3-0d17-449f-90fa-609b20cf4c10:c2940, 34290298-343f-405c-af97-b2d19041b010:c2940]
2019-09-11 09:06:34,069 [grpc-default-executor-0] INFO  client.GrpcClientProtocolClient (GrpcClientProtocolClient.java:onNext(264)) - client-B22ED198845A->f3174d56-9988-40ec-970b-d447ed545dfb: receive RaftClientReply:client-B22ED198845A->f3174d56-9988-40ec-970b-d447ed545dfb@group-47B82E5F6106, cid=2017, SUCCESS, logIndex=2943, commits[f3174d56-9988-40ec-970b-d447ed545dfb:c2944, 3e713ff3-0d17-449f-90fa-609b20cf4c10:c2940, 34290298-343f-405c-af97-b2d19041b010:c2940]
2019-09-11 09:06:34,070 [grpc-default-executor-0] INFO  client.GrpcClientProtocolClient (GrpcClientProtocolClient.java:onNext(264)) - client-B22ED198845A->f3174d56-9988-40ec-970b-d447ed545dfb: receive RaftClientReply:client-B22ED198845A->f3174d56-9988-40ec-970b-d447ed545dfb@group-47B82E5F6106, cid=2018, SUCCESS, logIndex=2944, commits[f3174d56-9988-40ec-970b-d447ed545dfb:c2944, 3e713ff3-0d17-449f-90fa-609b20cf4c10:c2940, 34290298-343f-405c-af97-b2d19041b010:c2940]
2019-09-11 09:06:34,082 [grpc-default-executor-0] INFO  client.GrpcClientProtocolClient (GrpcClientProtocolClient.java:onNext(264)) - client-B22ED198845A->f3174d56-9988-40ec-970b-d447ed545dfb: receive RaftClientReply:client-B22ED198845A->f3174d56-9988-40ec-970b-d447ed545dfb@group-47B82E5F6106, cid=2019, SUCCESS, logIndex=0, commits[f3174d56-9988-40ec-970b-d447ed545dfb:c2946, 3e713ff3-0d17-449f-90fa-609b20cf4c10:c2942, 34290298-343f-405c-af97-b2d19041b010:c2942]
2019-09-11 09:06:34,095 [grpc-default-executor-4] INFO  client.GrpcClientProtocolClient (GrpcClientProtocolClient.java:onNext(264)) - client-B22ED198845A->f3174d56-9988-40ec-970b-d447ed545dfb: receive RaftClientReply:client-B22ED198845A->f3174d56-9988-40ec-970b-d447ed545dfb@group-47B82E5F6106, cid=2020, SUCCESS, logIndex=2949, commits[f3174d56-9988-40ec-970b-d447ed545dfb:c2950, 3e713ff3-0d17-449f-90fa-609b20cf4c10:c2948, 34290298-343f-405c-af97-b2d19041b010:c2944]
2019-09-11 09:06:34,096 [grpc-default-executor-4] INFO  client.GrpcClientProtocolClient (GrpcClientProtocolClient.java:onNext(264)) - client-B22ED198845A->f3174d56-9988-40ec-970b-d447ed545dfb: receive RaftClientReply:client-B22ED198845A->f3174d56-9988-40ec-970b-d447ed545dfb@group-47B82E5F6106, cid=2021, SUCCESS, logIndex=2950, commits[f3174d56-9988-40ec-970b-d447ed545dfb:c2950, 3e713ff3-0d17-449f-90fa-609b20cf4c10:c2948, 34290298-343f-405c-af97-b2d19041b010:c2948]
2019-09-11 09:06:34,108 [grpc-default-executor-0] INFO  client.GrpcClientProtocolClient (GrpcClientProtocolClient.java:onNext(264)) - client-B22ED198845A->f3174d56-9988-40ec-970b-d447ed545dfb: receive RaftClientReply:client-B22ED198845A->f3174d56-9988-40ec-970b-d447ed545dfb@group-47B82E5F6106, cid=2022, SUCCESS, logIndex=2953, commits[f3174d56-9988-40ec-970b-d447ed545dfb:c2954, 3e713ff3-0d17-449f-90fa-609b20cf4c10:c2952, 34290298-343f-405c-af97-b2d19041b010:c2950]
2019-09-11 09:06:34,109 [grpc-default-executor-0] INFO  client.GrpcClientProtocolClient (GrpcClientProtocolClient.java:onNext(264)) - client-B22ED198845A->f3174d56-9988-40ec-970b-d447ed545dfb: receive RaftClientReply:client-B22ED198845A->f3174d56-9988-40ec-970b-d447ed545dfb@group-47B82E5F6106, cid=2023, SUCCESS, logIndex=2954, commits[f3174d56-9988-40ec-970b-d447ed545dfb:c2954, 3e713ff3-0d17-449f-90fa-609b20cf4c10:c2952, 34290298-343f-405c-af97-b2d19041b010:c2950]
2019-09-11 09:06:34,112 [grpc-default-executor-0] INFO  client.GrpcClientProtocolClient (GrpcClientProtocolClient.java:onNext(264)) - client-B22ED198845A->f3174d56-9988-40ec-970b-d447ed545dfb: receive RaftClientReply:client-B22ED198845A->f3174d56-9988-40ec-970b-d447ed545dfb@group-47B82E5F6106, cid=2024, SUCCESS, logIndex=0, commits[f3174d56-9988-40ec-970b-d447ed545dfb:c2955, 3e713ff3-0d17-449f-90fa-609b20cf4c10:c2954, 34290298-343f-405c-af97-b2d19041b010:c2954]
2019-09-11 09:06:34,142 [grpc-default-executor-2] INFO  client.GrpcClientProtocolClient (GrpcClientProtocolClient.java:onNext(264)) - client-B22ED198845A->f3174d56-9988-40ec-970b-d447ed545dfb: receive RaftClientReply:client-B22ED198845A->f3174d56-9988-40ec-970b-d447ed545dfb@group-47B82E5F6106, cid=2025, SUCCESS, logIndex=2957, commits[f3174d56-9988-40ec-970b-d447ed545dfb:c2958, 3e713ff3-0d17-449f-90fa-609b20cf4c10:c2956, 34290298-343f-405c-af97-b2d19041b010:c2956]
2019-09-11 09:06:34,143 [grpc-default-executor-2] INFO  client.GrpcClientProtocolClient (GrpcClientProtocolClient.java:onNext(264)) - client-B22ED198845A->f3174d56-9988-40ec-970b-d447ed545dfb: receive RaftClientReply:client-B22ED198845A->f3174d56-9988-40ec-970b-d447ed545dfb@group-47B82E5F6106, cid=2026, SUCCESS, logIndex=2958, commits[f3174d56-9988-40ec-970b-d447ed545dfb:c2960, 3e713ff3-0d17-449f-90fa-609b20cf4c10:c2956, 34290298-343f-405c-af97-b2d19041b010:c2956]
2019-09-11 09:06:34,143 [grpc-default-executor-2] INFO  client.GrpcClientProtocolClient (GrpcClientProtocolClient.java:onNext(264)) - client-B22ED198845A->f3174d56-9988-40ec-970b-d447ed545dfb: receive RaftClientReply:client-B22ED198845A->f3174d56-9988-40ec-970b-d447ed545dfb@group-47B82E5F6106, cid=2027, SUCCESS, logIndex=2959, commits[f3174d56-9988-40ec-970b-d447ed545dfb:c2960, 3e713ff3-0d17-449f-90fa-609b20cf4c10:c2956, 34290298-343f-405c-af97-b2d19041b010:c2956]
2019-09-11 09:06:34,143 [grpc-default-executor-2] INFO  client.GrpcClientProtocolClient (GrpcClientProtocolClient.java:onNext(264)) - client-B22ED198845A->f3174d56-9988-40ec-970b-d447ed545dfb: receive RaftClientReply:client-B22ED198845A->f3174d56-9988-40ec-970b-d447ed545dfb@group-47B82E5F6106, cid=2028, SUCCESS, logIndex=2960, commits[f3174d56-9988-40ec-970b-d447ed545dfb:c2960, 3e713ff3-0d17-449f-90fa-609b20cf4c10:c2956, 34290298-343f-405c-af97-b2d19041b010:c2956]
2019-09-11 09:06:34,154 [grpc-default-executor-2] INFO  client.GrpcClientProtocolClient (GrpcClientProtocolClient.java:onNext(264)) - client-B22ED198845A->f3174d56-9988-40ec-970b-d447ed545dfb: receive RaftClientReply:client-B22ED198845A->f3174d56-9988-40ec-970b-d447ed545dfb@group-47B82E5F6106, cid=2029, SUCCESS, logIndex=0, commits[f3174d56-9988-40ec-970b-d447ed545dfb:c2961, 3e713ff3-0d17-449f-90fa-609b20cf4c10:c2958, 34290298-343f-405c-af97-b2d19041b010:c2958]
2019-09-11 09:06:34,173 [grpc-default-executor-2] INFO  client.GrpcClientProtocolClient (GrpcClientProtocolClient.java:onNext(264)) - client-B22ED198845A->f3174d56-9988-40ec-970b-d447ed545dfb: receive RaftClientReply:client-B22ED198845A->f3174d56-9988-40ec-970b-d447ed545dfb@group-47B82E5F6106, cid=2030, SUCCESS, logIndex=2965, commits[f3174d56-9988-40ec-970b-d447ed545dfb:c2966, 3e713ff3-0d17-449f-90fa-609b20cf4c10:c2960, 34290298-343f-405c-af97-b2d19041b010:c2964]
2019-09-11 09:06:34,173 [grpc-default-executor-2] INFO  client.GrpcClientProtocolClient (GrpcClientProtocolClient.java:onNext(264)) - client-B22ED198845A->f3174d56-9988-40ec-970b-d447ed545dfb: receive RaftClientReply:client-B22ED198845A->f3174d56-9988-40ec-970b-d447ed545dfb@group-47B82E5F6106, cid=2031, SUCCESS, logIndex=2966, commits[f3174d56-9988-40ec-970b-d447ed545dfb:c2966, 3e713ff3-0d17-449f-90fa-609b20cf4c10:c2964, 34290298-343f-405c-af97-b2d19041b010:c2964]
2019-09-11 09:06:34,188 [grpc-default-executor-0] INFO  client.GrpcClientProtocolClient (GrpcClientProtocolClient.java:onNext(264)) - client-B22ED198845A->f3174d56-9988-40ec-970b-d447ed545dfb: receive RaftClientReply:client-B22ED198845A->f3174d56-9988-40ec-970b-d447ed545dfb@group-47B82E5F6106, cid=2032, SUCCESS, logIndex=2969, commits[f3174d56-9988-40ec-970b-d447ed545dfb:c2970, 3e713ff3-0d17-449f-90fa-609b20cf4c10:c2967, 34290298-343f-405c-af97-b2d19041b010:c2966]
2019-09-11 09:06:34,188 [grpc-default-executor-0] INFO  client.GrpcClientProtocolClient (GrpcClientProtocolClient.java:onNext(264)) - client-B22ED198845A->f3174d56-9988-40ec-970b-d447ed545dfb: receive RaftClientReply:client-B22ED198845A->f3174d56-9988-40ec-970b-d447ed545dfb@group-47B82E5F6106, cid=2033, SUCCESS, logIndex=2970, commits[f3174d56-9988-40ec-970b-d447ed545dfb:c2970, 3e713ff3-0d17-449f-90fa-609b20cf4c10:c2967, 34290298-343f-405c-af97-b2d19041b010:c2967]
2019-09-11 09:06:34,190 [grpc-default-executor-0] INFO  client.GrpcClientProtocolClient (GrpcClientProtocolClient.java:onNext(264)) - client-B22ED198845A->f3174d56-9988-40ec-970b-d447ed545dfb: receive RaftClientReply:client-B22ED198845A->f3174d56-9988-40ec-970b-d447ed545dfb@group-47B82E5F6106, cid=2034, SUCCESS, logIndex=0, commits[f3174d56-9988-40ec-970b-d447ed545dfb:c2971, 3e713ff3-0d17-449f-90fa-609b20cf4c10:c2970, 34290298-343f-405c-af97-b2d19041b010:c2970]
2019-09-11 09:06:34,217 [grpc-default-executor-2] INFO  client.GrpcClientProtocolClient (GrpcClientProtocolClient.java:onNext(264)) - client-B22ED198845A->f3174d56-9988-40ec-970b-d447ed545dfb: receive RaftClientReply:client-B22ED198845A->f3174d56-9988-40ec-970b-d447ed545dfb@group-47B82E5F6106, cid=2035, SUCCESS, logIndex=2973, commits[f3174d56-9988-40ec-970b-d447ed545dfb:c2974, 3e713ff3-0d17-449f-90fa-609b20cf4c10:c2971, 34290298-343f-405c-af97-b2d19041b010:c2971]
2019-09-11 09:06:34,217 [grpc-default-executor-2] INFO  client.GrpcClientProtocolClient (GrpcClientProtocolClient.java:onNext(264)) - client-B22ED198845A->f3174d56-9988-40ec-970b-d447ed545dfb: receive RaftClientReply:client-B22ED198845A->f3174d56-9988-40ec-970b-d447ed545dfb@group-47B82E5F6106, cid=2036, SUCCESS, logIndex=2974, commits[f3174d56-9988-40ec-970b-d447ed545dfb:c2974, 3e713ff3-0d17-449f-90fa-609b20cf4c10:c2971, 34290298-343f-405c-af97-b2d19041b010:c2971]
2019-09-11 09:06:34,230 [grpc-default-executor-0] INFO  client.GrpcClientProtocolClient (GrpcClientProtocolClient.java:onNext(264)) - client-B22ED198845A->f3174d56-9988-40ec-970b-d447ed545dfb: receive RaftClientReply:client-B22ED198845A->f3174d56-9988-40ec-970b-d447ed545dfb@group-47B82E5F6106, cid=2037, SUCCESS, logIndex=2975, commits[f3174d56-9988-40ec-970b-d447ed545dfb:c2976, 3e713ff3-0d17-449f-90fa-609b20cf4c10:c2971, 34290298-343f-405c-af97-b2d19041b010:c2971]
2019-09-11 09:06:34,230 [grpc-default-executor-0] INFO  client.GrpcClientProtocolClient (GrpcClientProtocolClient.java:onNext(264)) - client-B22ED198845A->f3174d56-9988-40ec-970b-d447ed545dfb: receive RaftClientReply:client-B22ED198845A->f3174d56-9988-40ec-970b-d447ed545dfb@group-47B82E5F6106, cid=2038, SUCCESS, logIndex=2976, commits[f3174d56-9988-40ec-970b-d447ed545dfb:c2976, 3e713ff3-0d17-449f-90fa-609b20cf4c10:c2971, 34290298-343f-405c-af97-b2d19041b010:c2971]
2019-09-11 09:06:34,243 [grpc-default-executor-0] INFO  client.GrpcClientProtocolClient (GrpcClientProtocolClient.java:onNext(264)) - client-B22ED198845A->f3174d56-9988-40ec-970b-d447ed545dfb: receive RaftClientReply:client-B22ED198845A->f3174d56-9988-40ec-970b-d447ed545dfb@group-47B82E5F6106, cid=2039, SUCCESS, logIndex=0, commits[f3174d56-9988-40ec-970b-d447ed545dfb:c2978, 3e713ff3-0d17-449f-90fa-609b20cf4c10:c2974, 34290298-343f-405c-af97-b2d19041b010:c2974]
2019-09-11 09:06:34,270 [grpc-default-executor-4] INFO  client.GrpcClientProtocolClient (GrpcClientProtocolClient.java:onNext(264)) - client-B22ED198845A->f3174d56-9988-40ec-970b-d447ed545dfb: receive RaftClientReply:client-B22ED198845A->f3174d56-9988-40ec-970b-d447ed545dfb@group-47B82E5F6106, cid=2040, SUCCESS, logIndex=2981, commits[f3174d56-9988-40ec-970b-d447ed545dfb:c2982, 3e713ff3-0d17-449f-90fa-609b20cf4c10:c2978, 34290298-343f-405c-af97-b2d19041b010:c2976]
2019-09-11 09:06:34,270 [grpc-default-executor-4] INFO  client.GrpcClientProtocolClient (GrpcClientProtocolClient.java:onNext(264)) - client-B22ED198845A->f3174d56-9988-40ec-970b-d447ed545dfb: receive RaftClientReply:client-B22ED198845A->f3174d56-9988-40ec-970b-d447ed545dfb@group-47B82E5F6106, cid=2041, SUCCESS, logIndex=2982, commits[f3174d56-9988-40ec-970b-d447ed545dfb:c2982, 3e713ff3-0d17-449f-90fa-609b20cf4c10:c2978, 34290298-343f-405c-af97-b2d19041b010:c2978]
2019-09-11 09:06:34,304 [grpc-default-executor-2] INFO  client.GrpcClientProtocolClient (GrpcClientProtocolClient.java:onNext(264)) - client-B22ED198845A->f3174d56-9988-40ec-970b-d447ed545dfb: receive RaftClientReply:client-B22ED198845A->f3174d56-9988-40ec-970b-d447ed545dfb@group-47B82E5F6106, cid=2042, SUCCESS, logIndex=2985, commits[f3174d56-9988-40ec-970b-d447ed545dfb:c2986, 3e713ff3-0d17-449f-90fa-609b20cf4c10:c2982, 34290298-343f-405c-af97-b2d19041b010:c2982]
2019-09-11 09:06:34,304 [grpc-default-executor-2] INFO  client.GrpcClientProtocolClient (GrpcClientProtocolClient.java:onNext(264)) - client-B22ED198845A->f3174d56-9988-40ec-970b-d447ed545dfb: receive RaftClientReply:client-B22ED198845A->f3174d56-9988-40ec-970b-d447ed545dfb@group-47B82E5F6106, cid=2043, SUCCESS, logIndex=2986, commits[f3174d56-9988-40ec-970b-d447ed545dfb:c2986, 3e713ff3-0d17-449f-90fa-609b20cf4c10:c2982, 34290298-343f-405c-af97-b2d19041b010:c2982]
2019-09-11 09:06:34,315 [grpc-default-executor-2] INFO  client.GrpcClientProtocolClient (GrpcClientProtocolClient.java:onNext(264)) - client-B22ED198845A->f3174d56-9988-40ec-970b-d447ed545dfb: receive RaftClientReply:client-B22ED198845A->f3174d56-9988-40ec-970b-d447ed545dfb@group-47B82E5F6106, cid=2044, SUCCESS, logIndex=0, commits[f3174d56-9988-40ec-970b-d447ed545dfb:c2987, 3e713ff3-0d17-449f-90fa-609b20cf4c10:c2986, 34290298-343f-405c-af97-b2d19041b010:c2986]
2019-09-11 09:06:34,426 [grpc-default-executor-0] INFO  client.GrpcClientProtocolClient (GrpcClientProtocolClient.java:onNext(264)) - client-B22ED198845A->f3174d56-9988-40ec-970b-d447ed545dfb: receive RaftClientReply:client-B22ED198845A->f3174d56-9988-40ec-970b-d447ed545dfb@group-47B82E5F6106, cid=2045, SUCCESS, logIndex=2989, commits[f3174d56-9988-40ec-970b-d447ed545dfb:c2990, 3e713ff3-0d17-449f-90fa-609b20cf4c10:c2986, 34290298-343f-405c-af97-b2d19041b010:c2988]
2019-09-11 09:06:34,426 [grpc-default-executor-0] INFO  client.GrpcClientProtocolClient (GrpcClientProtocolClient.java:onNext(264)) - client-B22ED198845A->f3174d56-9988-40ec-970b-d447ed545dfb: receive RaftClientReply:client-B22ED198845A->f3174d56-9988-40ec-970b-d447ed545dfb@group-47B82E5F6106, cid=2046, SUCCESS, logIndex=2990, commits[f3174d56-9988-40ec-970b-d447ed545dfb:c2992, 3e713ff3-0d17-449f-90fa-609b20cf4c10:c2988, 34290298-343f-405c-af97-b2d19041b010:c2988]
2019-09-11 09:06:34,426 [grpc-default-executor-0] INFO  client.GrpcClientProtocolClient (GrpcClientProtocolClient.java:onNext(264)) - client-B22ED198845A->f3174d56-9988-40ec-970b-d447ed545dfb: receive RaftClientReply:client-B22ED198845A->f3174d56-9988-40ec-970b-d447ed545dfb@group-47B82E5F6106, cid=2047, SUCCESS, logIndex=2991, commits[f3174d56-9988-40ec-970b-d447ed545dfb:c2992, 3e713ff3-0d17-449f-90fa-609b20cf4c10:c2988, 34290298-343f-405c-af97-b2d19041b010:c2988]
2019-09-11 09:06:34,427 [grpc-default-executor-0] INFO  client.GrpcClientProtocolClient (GrpcClientProtocolClient.java:onNext(264)) - client-B22ED198845A->f3174d56-9988-40ec-970b-d447ed545dfb: receive RaftClientReply:client-B22ED198845A->f3174d56-9988-40ec-970b-d447ed545dfb@group-47B82E5F6106, cid=2048, SUCCESS, logIndex=2992, commits[f3174d56-9988-40ec-970b-d447ed545dfb:c2992, 3e713ff3-0d17-449f-90fa-609b20cf4c10:c2988, 34290298-343f-405c-af97-b2d19041b010:c2990]
2019-09-11 09:06:34,428 [grpc-default-executor-0] INFO  client.GrpcClientProtocolClient (GrpcClientProtocolClient.java:onNext(264)) - client-B22ED198845A->f3174d56-9988-40ec-970b-d447ed545dfb: receive RaftClientReply:client-B22ED198845A->f3174d56-9988-40ec-970b-d447ed545dfb@group-47B82E5F6106, cid=2049, SUCCESS, logIndex=0, commits[f3174d56-9988-40ec-970b-d447ed545dfb:c2993, 3e713ff3-0d17-449f-90fa-609b20cf4c10:c2990, 34290298-343f-405c-af97-b2d19041b010:c2990]
2019-09-11 09:06:34,454 [grpc-default-executor-0] INFO  client.GrpcClientProtocolClient (GrpcClientProtocolClient.java:onNext(264)) - client-B22ED198845A->f3174d56-9988-40ec-970b-d447ed545dfb: receive RaftClientReply:client-B22ED198845A->f3174d56-9988-40ec-970b-d447ed545dfb@group-47B82E5F6106, cid=2050, SUCCESS, logIndex=2995, commits[f3174d56-9988-40ec-970b-d447ed545dfb:c2996, 3e713ff3-0d17-449f-90fa-609b20cf4c10:c2992, 34290298-343f-405c-af97-b2d19041b010:c2993]
2019-09-11 09:06:34,454 [grpc-default-executor-0] INFO  client.GrpcClientProtocolClient (GrpcClientProtocolClient.java:onNext(264)) - client-B22ED198845A->f3174d56-9988-40ec-970b-d447ed545dfb: receive RaftClientReply:client-B22ED198845A->f3174d56-9988-40ec-970b-d447ed545dfb@group-47B82E5F6106, cid=2051, SUCCESS, logIndex=2996, commits[f3174d56-9988-40ec-970b-d447ed545dfb:c2996, 3e713ff3-0d17-449f-90fa-609b20cf4c10:c2993, 34290298-343f-405c-af97-b2d19041b010:c2993]
2019-09-11 09:06:34,480 [grpc-default-executor-1] INFO  client.GrpcClientProtocolClient (GrpcClientProtocolClient.java:onNext(264)) - client-B22ED198845A->f3174d56-9988-40ec-970b-d447ed545dfb: receive RaftClientReply:client-B22ED198845A->f3174d56-9988-40ec-970b-d447ed545dfb@group-47B82E5F6106, cid=2052, SUCCESS, logIndex=2998, commits[f3174d56-9988-40ec-970b-d447ed545dfb:c2999, 3e713ff3-0d17-449f-90fa-609b20cf4c10:c2996, 34290298-343f-405c-af97-b2d19041b010:c2996]
2019-09-11 09:06:34,481 [grpc-default-executor-1] INFO  client.GrpcClientProtocolClient (GrpcClientProtocolClient.java:onNext(264)) - client-B22ED198845A->f3174d56-9988-40ec-970b-d447ed545dfb: receive RaftClientReply:client-B22ED198845A->f3174d56-9988-40ec-970b-d447ed545dfb@group-47B82E5F6106, cid=2053, SUCCESS, logIndex=2999, commits[f3174d56-9988-40ec-970b-d447ed545dfb:c2999, 3e713ff3-0d17-449f-90fa-609b20cf4c10:c2996, 34290298-343f-405c-af97-b2d19041b010:c2996]
2019-09-11 09:06:34,507 [grpc-default-executor-0] INFO  client.GrpcClientProtocolClient (GrpcClientProtocolClient.java:onNext(264)) - client-B22ED198845A->f3174d56-9988-40ec-970b-d447ed545dfb: receive RaftClientReply:client-B22ED198845A->f3174d56-9988-40ec-970b-d447ed545dfb@group-47B82E5F6106, cid=2054, SUCCESS, logIndex=0, commits[f3174d56-9988-40ec-970b-d447ed545dfb:c3000, 3e713ff3-0d17-449f-90fa-609b20cf4c10:c2999, 34290298-343f-405c-af97-b2d19041b010:c2999]
2019-09-11 09:06:34,541 [grpc-default-executor-2] INFO  client.GrpcClientProtocolClient (GrpcClientProtocolClient.java:onNext(264)) - client-B22ED198845A->f3174d56-9988-40ec-970b-d447ed545dfb: receive RaftClientReply:client-B22ED198845A->f3174d56-9988-40ec-970b-d447ed545dfb@group-47B82E5F6106, cid=2055, SUCCESS, logIndex=3002, commits[f3174d56-9988-40ec-970b-d447ed545dfb:c3003, 3e713ff3-0d17-449f-90fa-609b20cf4c10:c3001, 34290298-343f-405c-af97-b2d19041b010:c3001]
2019-09-11 09:06:34,541 [grpc-default-executor-2] INFO  client.GrpcClientProtocolClient (GrpcClientProtocolClient.java:onNext(264)) - client-B22ED198845A->f3174d56-9988-40ec-970b-d447ed545dfb: receive RaftClientReply:client-B22ED198845A->f3174d56-9988-40ec-970b-d447ed545dfb@group-47B82E5F6106, cid=2056, SUCCESS, logIndex=3003, commits[f3174d56-9988-40ec-970b-d447ed545dfb:c3004, 3e713ff3-0d17-449f-90fa-609b20cf4c10:c3001, 34290298-343f-405c-af97-b2d19041b010:c3001]
2019-09-11 09:06:34,548 [grpc-default-executor-2] INFO  client.GrpcClientProtocolClient (GrpcClientProtocolClient.java:onNext(264)) - client-B22ED198845A->f3174d56-9988-40ec-970b-d447ed545dfb: receive RaftClientReply:client-B22ED198845A->f3174d56-9988-40ec-970b-d447ed545dfb@group-47B82E5F6106, cid=2057, SUCCESS, logIndex=3004, commits[f3174d56-9988-40ec-970b-d447ed545dfb:c3005, 3e713ff3-0d17-449f-90fa-609b20cf4c10:c3001, 34290298-343f-405c-af97-b2d19041b010:c3001]
2019-09-11 09:06:34,548 [grpc-default-executor-2] INFO  client.GrpcClientProtocolClient (GrpcClientProtocolClient.java:onNext(264)) - client-B22ED198845A->f3174d56-9988-40ec-970b-d447ed545dfb: receive RaftClientReply:client-B22ED198845A->f3174d56-9988-40ec-970b-d447ed545dfb@group-47B82E5F6106, cid=2058, SUCCESS, logIndex=3005, commits[f3174d56-9988-40ec-970b-d447ed545dfb:c3005, 3e713ff3-0d17-449f-90fa-609b20cf4c10:c3001, 34290298-343f-405c-af97-b2d19041b010:c3001]
2019-09-11 09:06:34,557 [grpc-default-executor-2] INFO  client.GrpcClientProtocolClient (GrpcClientProtocolClient.java:onNext(264)) - client-B22ED198845A->f3174d56-9988-40ec-970b-d447ed545dfb: receive RaftClientReply:client-B22ED198845A->f3174d56-9988-40ec-970b-d447ed545dfb@group-47B82E5F6106, cid=2059, SUCCESS, logIndex=0, commits[f3174d56-9988-40ec-970b-d447ed545dfb:c3007, 3e713ff3-0d17-449f-90fa-609b20cf4c10:c3003, 34290298-343f-405c-af97-b2d19041b010:c3003]
2019-09-11 09:06:34,571 [grpc-default-executor-1] INFO  client.GrpcClientProtocolClient (GrpcClientProtocolClient.java:onNext(264)) - client-B22ED198845A->f3174d56-9988-40ec-970b-d447ed545dfb: receive RaftClientReply:client-B22ED198845A->f3174d56-9988-40ec-970b-d447ed545dfb@group-47B82E5F6106, cid=2060, SUCCESS, logIndex=3010, commits[f3174d56-9988-40ec-970b-d447ed545dfb:c3011, 3e713ff3-0d17-449f-90fa-609b20cf4c10:c3007, 34290298-343f-405c-af97-b2d19041b010:c3007]
2019-09-11 09:06:34,571 [grpc-default-executor-1] INFO  client.GrpcClientProtocolClient (GrpcClientProtocolClient.java:onNext(264)) - client-B22ED198845A->f3174d56-9988-40ec-970b-d447ed545dfb: receive RaftClientReply:client-B22ED198845A->f3174d56-9988-40ec-970b-d447ed545dfb@group-47B82E5F6106, cid=2061, SUCCESS, logIndex=3011, commits[f3174d56-9988-40ec-970b-d447ed545dfb:c3011, 3e713ff3-0d17-449f-90fa-609b20cf4c10:c3007, 34290298-343f-405c-af97-b2d19041b010:c3007]
2019-09-11 09:06:34,586 [grpc-default-executor-0] INFO  client.GrpcClientProtocolClient (GrpcClientProtocolClient.java:onNext(264)) - client-B22ED198845A->f3174d56-9988-40ec-970b-d447ed545dfb: receive RaftClientReply:client-B22ED198845A->f3174d56-9988-40ec-970b-d447ed545dfb@group-47B82E5F6106, cid=2062, SUCCESS, logIndex=3014, commits[f3174d56-9988-40ec-970b-d447ed545dfb:c3015, 3e713ff3-0d17-449f-90fa-609b20cf4c10:c3013, 34290298-343f-405c-af97-b2d19041b010:c3013]
2019-09-11 09:06:34,587 [grpc-default-executor-0] INFO  client.GrpcClientProtocolClient (GrpcClientProtocolClient.java:onNext(264)) - client-B22ED198845A->f3174d56-9988-40ec-970b-d447ed545dfb: receive RaftClientReply:client-B22ED198845A->f3174d56-9988-40ec-970b-d447ed545dfb@group-47B82E5F6106, cid=2063, SUCCESS, logIndex=3015, commits[f3174d56-9988-40ec-970b-d447ed545dfb:c3015, 3e713ff3-0d17-449f-90fa-609b20cf4c10:c3013, 34290298-343f-405c-af97-b2d19041b010:c3013]
2019-09-11 09:06:34,590 [grpc-default-executor-0] INFO  client.GrpcClientProtocolClient (GrpcClientProtocolClient.java:onNext(264)) - client-B22ED198845A->f3174d56-9988-40ec-970b-d447ed545dfb: receive RaftClientReply:client-B22ED198845A->f3174d56-9988-40ec-970b-d447ed545dfb@group-47B82E5F6106, cid=2064, SUCCESS, logIndex=0, commits[f3174d56-9988-40ec-970b-d447ed545dfb:c3016, 3e713ff3-0d17-449f-90fa-609b20cf4c10:c3015, 34290298-343f-405c-af97-b2d19041b010:c3015]
 0.00% |█                                                                                                    |  0/1 Time: 0:00:142019-09-11 09:06:34,617 [grpc-default-executor-0] INFO  client.GrpcClientProtocolClient (GrpcClientProtocolClient.java:onNext(264)) - client-B22ED198845A->f3174d56-9988-40ec-970b-d447ed545dfb: receive RaftClientReply:client-B22ED198845A->f3174d56-9988-40ec-970b-d447ed545dfb@group-47B82E5F6106, cid=2065, SUCCESS, logIndex=3018, commits[f3174d56-9988-40ec-970b-d447ed545dfb:c3019, 3e713ff3-0d17-449f-90fa-609b20cf4c10:c3017, 34290298-343f-405c-af97-b2d19041b010:c3017]
2019-09-11 09:06:34,618 [grpc-default-executor-0] INFO  client.GrpcClientProtocolClient (GrpcClientProtocolClient.java:onNext(264)) - client-B22ED198845A->f3174d56-9988-40ec-970b-d447ed545dfb: receive RaftClientReply:client-B22ED198845A->f3174d56-9988-40ec-970b-d447ed545dfb@group-47B82E5F6106, cid=2066, SUCCESS, logIndex=3019, commits[f3174d56-9988-40ec-970b-d447ed545dfb:c3019, 3e713ff3-0d17-449f-90fa-609b20cf4c10:c3017, 34290298-343f-405c-af97-b2d19041b010:c3017]
2019-09-11 09:06:34,618 [grpc-default-executor-0] INFO  client.GrpcClientProtocolClient (GrpcClientProtocolClient.java:onNext(264)) - client-B22ED198845A->f3174d56-9988-40ec-970b-d447ed545dfb: receive RaftClientReply:client-B22ED198845A->f3174d56-9988-40ec-970b-d447ed545dfb@group-47B82E5F6106, cid=2067, SUCCESS, logIndex=3020, commits[f3174d56-9988-40ec-970b-d447ed545dfb:c3021, 3e713ff3-0d17-449f-90fa-609b20cf4c10:c3017, 34290298-343f-405c-af97-b2d19041b010:c3017]
2019-09-11 09:06:34,618 [grpc-default-executor-0] INFO  client.GrpcClientProtocolClient (GrpcClientProtocolClient.java:onNext(264)) - client-B22ED198845A->f3174d56-9988-40ec-970b-d447ed545dfb: receive RaftClientReply:client-B22ED198845A->f3174d56-9988-40ec-970b-d447ed545dfb@group-47B82E5F6106, cid=2068, SUCCESS, logIndex=3021, commits[f3174d56-9988-40ec-970b-d447ed545dfb:c3021, 3e713ff3-0d17-449f-90fa-609b20cf4c10:c3017, 34290298-343f-405c-af97-b2d19041b010:c3017]
2019-09-11 09:06:34,622 [grpc-default-executor-0] INFO  client.GrpcClientProtocolClient (GrpcClientProtocolClient.java:onNext(264)) - client-B22ED198845A->f3174d56-9988-40ec-970b-d447ed545dfb: receive RaftClientReply:client-B22ED198845A->f3174d56-9988-40ec-970b-d447ed545dfb@group-47B82E5F6106, cid=2069, SUCCESS, logIndex=0, commits[f3174d56-9988-40ec-970b-d447ed545dfb:c3024, 3e713ff3-0d17-449f-90fa-609b20cf4c10:c3021, 34290298-343f-405c-af97-b2d19041b010:c3019]
2019-09-11 09:06:34,631 [grpc-default-executor-0] INFO  client.GrpcClientProtocolClient (GrpcClientProtocolClient.java:onNext(264)) - client-B22ED198845A->f3174d56-9988-40ec-970b-d447ed545dfb: receive RaftClientReply:client-B22ED198845A->f3174d56-9988-40ec-970b-d447ed545dfb@group-47B82E5F6106, cid=2070, SUCCESS, logIndex=3025, commits[f3174d56-9988-40ec-970b-d447ed545dfb:c3026, 3e713ff3-0d17-449f-90fa-609b20cf4c10:c3024, 34290298-343f-405c-af97-b2d19041b010:c3021]
2019-09-11 09:06:34,632 [grpc-default-executor-0] INFO  client.GrpcClientProtocolClient (GrpcClientProtocolClient.java:onNext(264)) - client-B22ED198845A->f3174d56-9988-40ec-970b-d447ed545dfb: receive RaftClientReply:client-B22ED198845A->f3174d56-9988-40ec-970b-d447ed545dfb@group-47B82E5F6106, cid=2071, SUCCESS, logIndex=3026, commits[f3174d56-9988-40ec-970b-d447ed545dfb:c3026, 3e713ff3-0d17-449f-90fa-609b20cf4c10:c3024, 34290298-343f-405c-af97-b2d19041b010:c3024]
2019-09-11 09:06:34,641 [grpc-default-executor-1] INFO  client.GrpcClientProtocolClient (GrpcClientProtocolClient.java:onNext(264)) - client-B22ED198845A->f3174d56-9988-40ec-970b-d447ed545dfb: receive RaftClientReply:client-B22ED198845A->f3174d56-9988-40ec-970b-d447ed545dfb@group-47B82E5F6106, cid=2072, SUCCESS, logIndex=3029, commits[f3174d56-9988-40ec-970b-d447ed545dfb:c3030, 3e713ff3-0d17-449f-90fa-609b20cf4c10:c3028, 34290298-343f-405c-af97-b2d19041b010:c3026]
2019-09-11 09:06:34,641 [grpc-default-executor-1] INFO  client.GrpcClientProtocolClient (GrpcClientProtocolClient.java:onNext(264)) - client-B22ED198845A->f3174d56-9988-40ec-970b-d447ed545dfb: receive RaftClientReply:client-B22ED198845A->f3174d56-9988-40ec-970b-d447ed545dfb@group-47B82E5F6106, cid=2073, SUCCESS, logIndex=3030, commits[f3174d56-9988-40ec-970b-d447ed545dfb:c3030, 3e713ff3-0d17-449f-90fa-609b20cf4c10:c3028, 34290298-343f-405c-af97-b2d19041b010:c3028]
2019-09-11 09:06:34,644 [grpc-default-executor-0] INFO  client.GrpcClientProtocolClient (GrpcClientProtocolClient.java:onNext(264)) - client-B22ED198845A->f3174d56-9988-40ec-970b-d447ed545dfb: receive RaftClientReply:client-B22ED198845A->f3174d56-9988-40ec-970b-d447ed545dfb@group-47B82E5F6106, cid=2074, SUCCESS, logIndex=0, commits[f3174d56-9988-40ec-970b-d447ed545dfb:c3031, 3e713ff3-0d17-449f-90fa-609b20cf4c10:c3030, 34290298-343f-405c-af97-b2d19041b010:c3030]
2019-09-11 09:06:34,690 [grpc-default-executor-0] INFO  client.GrpcClientProtocolClient (GrpcClientProtocolClient.java:onNext(264)) - client-B22ED198845A->f3174d56-9988-40ec-970b-d447ed545dfb: receive RaftClientReply:client-B22ED198845A->f3174d56-9988-40ec-970b-d447ed545dfb@group-47B82E5F6106, cid=2075, SUCCESS, logIndex=3033, commits[f3174d56-9988-40ec-970b-d447ed545dfb:c3034, 3e713ff3-0d17-449f-90fa-609b20cf4c10:c3032, 34290298-343f-405c-af97-b2d19041b010:c3032]
2019-09-11 09:06:34,691 [grpc-default-executor-0] INFO  client.GrpcClientProtocolClient (GrpcClientProtocolClient.java:onNext(264)) - client-B22ED198845A->f3174d56-9988-40ec-970b-d447ed545dfb: receive RaftClientReply:client-B22ED198845A->f3174d56-9988-40ec-970b-d447ed545dfb@group-47B82E5F6106, cid=2076, SUCCESS, logIndex=3034, commits[f3174d56-9988-40ec-970b-d447ed545dfb:c3036, 3e713ff3-0d17-449f-90fa-609b20cf4c10:c3032, 34290298-343f-405c-af97-b2d19041b010:c3032]
2019-09-11 09:06:34,691 [grpc-default-executor-0] INFO  client.GrpcClientProtocolClient (GrpcClientProtocolClient.java:onNext(264)) - client-B22ED198845A->f3174d56-9988-40ec-970b-d447ed545dfb: receive RaftClientReply:client-B22ED198845A->f3174d56-9988-40ec-970b-d447ed545dfb@group-47B82E5F6106, cid=2077, SUCCESS, logIndex=3035, commits[f3174d56-9988-40ec-970b-d447ed545dfb:c3036, 3e713ff3-0d17-449f-90fa-609b20cf4c10:c3032, 34290298-343f-405c-af97-b2d19041b010:c3032]
2019-09-11 09:06:34,691 [grpc-default-executor-0] INFO  client.GrpcClientProtocolClient (GrpcClientProtocolClient.java:onNext(264)) - client-B22ED198845A->f3174d56-9988-40ec-970b-d447ed545dfb: receive RaftClientReply:client-B22ED198845A->f3174d56-9988-40ec-970b-d447ed545dfb@group-47B82E5F6106, cid=2078, SUCCESS, logIndex=3036, commits[f3174d56-9988-40ec-970b-d447ed545dfb:c3036, 3e713ff3-0d17-449f-90fa-609b20cf4c10:c3032, 34290298-343f-405c-af97-b2d19041b010:c3032]
2019-09-11 09:06:34,704 [grpc-default-executor-1] INFO  client.GrpcClientProtocolClient (GrpcClientProtocolClient.java:onNext(264)) - client-B22ED198845A->f3174d56-9988-40ec-970b-d447ed545dfb: receive RaftClientReply:client-B22ED198845A->f3174d56-9988-40ec-970b-d447ed545dfb@group-47B82E5F6106, cid=2079, SUCCESS, logIndex=0, commits[f3174d56-9988-40ec-970b-d447ed545dfb:c3038, 3e713ff3-0d17-449f-90fa-609b20cf4c10:c3034, 34290298-343f-405c-af97-b2d19041b010:c3034]
2019-09-11 09:06:34,725 [grpc-default-executor-2] INFO  client.GrpcClientProtocolClient (GrpcClientProtocolClient.java:onNext(264)) - client-B22ED198845A->f3174d56-9988-40ec-970b-d447ed545dfb: receive RaftClientReply:client-B22ED198845A->f3174d56-9988-40ec-970b-d447ed545dfb@group-47B82E5F6106, cid=2080, SUCCESS, logIndex=3040, commits[f3174d56-9988-40ec-970b-d447ed545dfb:c3041, 3e713ff3-0d17-449f-90fa-609b20cf4c10:c3039, 34290298-343f-405c-af97-b2d19041b010:c3039]
2019-09-11 09:06:34,726 [grpc-default-executor-2] INFO  client.GrpcClientProtocolClient (GrpcClientProtocolClient.java:onNext(264)) - client-B22ED198845A->f3174d56-9988-40ec-970b-d447ed545dfb: receive RaftClientReply:client-B22ED198845A->f3174d56-9988-40ec-970b-d447ed545dfb@group-47B82E5F6106, cid=2081, SUCCESS, logIndex=3041, commits[f3174d56-9988-40ec-970b-d447ed545dfb:c3041, 3e713ff3-0d17-449f-90fa-609b20cf4c10:c3039, 34290298-343f-405c-af97-b2d19041b010:c3039]
2019-09-11 09:06:34,750 [grpc-default-executor-0] INFO  client.GrpcClientProtocolClient (GrpcClientProtocolClient.java:onNext(264)) - client-B22ED198845A->f3174d56-9988-40ec-970b-d447ed545dfb: receive RaftClientReply:client-B22ED198845A->f3174d56-9988-40ec-970b-d447ed545dfb@group-47B82E5F6106, cid=2082, SUCCESS, logIndex=3044, commits[f3174d56-9988-40ec-970b-d447ed545dfb:c3045, 3e713ff3-0d17-449f-90fa-609b20cf4c10:c3041, 34290298-343f-405c-af97-b2d19041b010:c3041]
2019-09-11 09:06:34,750 [grpc-default-executor-0] INFO  client.GrpcClientProtocolClient (GrpcClientProtocolClient.java:onNext(264)) - client-B22ED198845A->f3174d56-9988-40ec-970b-d447ed545dfb: receive RaftClientReply:client-B22ED198845A->f3174d56-9988-40ec-970b-d447ed545dfb@group-47B82E5F6106, cid=2083, SUCCESS, logIndex=3045, commits[f3174d56-9988-40ec-970b-d447ed545dfb:c3045, 3e713ff3-0d17-449f-90fa-609b20cf4c10:c3041, 34290298-343f-405c-af97-b2d19041b010:c3041]
2019-09-11 09:06:34,763 [grpc-default-executor-0] INFO  client.GrpcClientProtocolClient (GrpcClientProtocolClient.java:onNext(264)) - client-B22ED198845A->f3174d56-9988-40ec-970b-d447ed545dfb: receive RaftClientReply:client-B22ED198845A->f3174d56-9988-40ec-970b-d447ed545dfb@group-47B82E5F6106, cid=2084, SUCCESS, logIndex=0, commits[f3174d56-9988-40ec-970b-d447ed545dfb:c3046, 3e713ff3-0d17-449f-90fa-609b20cf4c10:c3045, 34290298-343f-405c-af97-b2d19041b010:c3045]
2019-09-11 09:06:34,791 [grpc-default-executor-1] INFO  client.GrpcClientProtocolClient (GrpcClientProtocolClient.java:onNext(264)) - client-B22ED198845A->f3174d56-9988-40ec-970b-d447ed545dfb: receive RaftClientReply:client-B22ED198845A->f3174d56-9988-40ec-970b-d447ed545dfb@group-47B82E5F6106, cid=2085, SUCCESS, logIndex=3048, commits[f3174d56-9988-40ec-970b-d447ed545dfb:c3049, 3e713ff3-0d17-449f-90fa-609b20cf4c10:c3047, 34290298-343f-405c-af97-b2d19041b010:c3046]
2019-09-11 09:06:34,792 [grpc-default-executor-1] INFO  client.GrpcClientProtocolClient (GrpcClientProtocolClient.java:onNext(264)) - client-B22ED198845A->f3174d56-9988-40ec-970b-d447ed545dfb: receive RaftClientReply:client-B22ED198845A->f3174d56-9988-40ec-970b-d447ed545dfb@group-47B82E5F6106, cid=2086, SUCCESS, logIndex=3049, commits[f3174d56-9988-40ec-970b-d447ed545dfb:c3049, 3e713ff3-0d17-449f-90fa-609b20cf4c10:c3047, 34290298-343f-405c-af97-b2d19041b010:c3047]
2019-09-11 09:06:34,800 [grpc-default-executor-1] INFO  client.GrpcClientProtocolClient (GrpcClientProtocolClient.java:onNext(264)) - client-B22ED198845A->f3174d56-9988-40ec-970b-d447ed545dfb: receive RaftClientReply:client-B22ED198845A->f3174d56-9988-40ec-970b-d447ed545dfb@group-47B82E5F6106, cid=2087, SUCCESS, logIndex=3050, commits[f3174d56-9988-40ec-970b-d447ed545dfb:c3051, 3e713ff3-0d17-449f-90fa-609b20cf4c10:c3047, 34290298-343f-405c-af97-b2d19041b010:c3047]
2019-09-11 09:06:34,801 [grpc-default-executor-1] INFO  client.GrpcClientProtocolClient (GrpcClientProtocolClient.java:onNext(264)) - client-B22ED198845A->f3174d56-9988-40ec-970b-d447ed545dfb: receive RaftClientReply:client-B22ED198845A->f3174d56-9988-40ec-970b-d447ed545dfb@group-47B82E5F6106, cid=2088, SUCCESS, logIndex=3051, commits[f3174d56-9988-40ec-970b-d447ed545dfb:c3051, 3e713ff3-0d17-449f-90fa-609b20cf4c10:c3047, 34290298-343f-405c-af97-b2d19041b010:c3047]
2019-09-11 09:06:34,816 [grpc-default-executor-1] INFO  client.GrpcClientProtocolClient (GrpcClientProtocolClient.java:onNext(264)) - client-B22ED198845A->f3174d56-9988-40ec-970b-d447ed545dfb: receive RaftClientReply:client-B22ED198845A->f3174d56-9988-40ec-970b-d447ed545dfb@group-47B82E5F6106, cid=2089, SUCCESS, logIndex=0, commits[f3174d56-9988-40ec-970b-d447ed545dfb:c3054, 3e713ff3-0d17-449f-90fa-609b20cf4c10:c3049, 34290298-343f-405c-af97-b2d19041b010:c3049]
2019-09-11 09:06:34,839 [grpc-default-executor-1] INFO  client.GrpcClientProtocolClient (GrpcClientProtocolClient.java:onNext(264)) - client-B22ED198845A->f3174d56-9988-40ec-970b-d447ed545dfb: receive RaftClientReply:client-B22ED198845A->f3174d56-9988-40ec-970b-d447ed545dfb@group-47B82E5F6106, cid=2090, SUCCESS, logIndex=3056, commits[f3174d56-9988-40ec-970b-d447ed545dfb:c3057, 3e713ff3-0d17-449f-90fa-609b20cf4c10:c3055, 34290298-343f-405c-af97-b2d19041b010:c3055]
2019-09-11 09:06:34,839 [grpc-default-executor-1] INFO  client.GrpcClientProtocolClient (GrpcClientProtocolClient.java:onNext(264)) - client-B22ED198845A->f3174d56-9988-40ec-970b-d447ed545dfb: receive RaftClientReply:client-B22ED198845A->f3174d56-9988-40ec-970b-d447ed545dfb@group-47B82E5F6106, cid=2091, SUCCESS, logIndex=3057, commits[f3174d56-9988-40ec-970b-d447ed545dfb:c3057, 3e713ff3-0d17-449f-90fa-609b20cf4c10:c3055, 34290298-343f-405c-af97-b2d19041b010:c3055]
2019-09-11 09:06:34,854 [grpc-default-executor-2] INFO  client.GrpcClientProtocolClient (GrpcClientProtocolClient.java:onNext(264)) - client-B22ED198845A->f3174d56-9988-40ec-970b-d447ed545dfb: receive RaftClientReply:client-B22ED198845A->f3174d56-9988-40ec-970b-d447ed545dfb@group-47B82E5F6106, cid=2092, SUCCESS, logIndex=3060, commits[f3174d56-9988-40ec-970b-d447ed545dfb:c3061, 3e713ff3-0d17-449f-90fa-609b20cf4c10:c3059, 34290298-343f-405c-af97-b2d19041b010:c3059]
2019-09-11 09:06:34,854 [grpc-default-executor-2] INFO  client.GrpcClientProtocolClient (GrpcClientProtocolClient.java:onNext(264)) - client-B22ED198845A->f3174d56-9988-40ec-970b-d447ed545dfb: receive RaftClientReply:client-B22ED198845A->f3174d56-9988-40ec-970b-d447ed545dfb@group-47B82E5F6106, cid=2093, SUCCESS, logIndex=3061, commits[f3174d56-9988-40ec-970b-d447ed545dfb:c3061, 3e713ff3-0d17-449f-90fa-609b20cf4c10:c3059, 34290298-343f-405c-af97-b2d19041b010:c3059]
2019-09-11 09:06:34,856 [grpc-default-executor-2] INFO  client.GrpcClientProtocolClient (GrpcClientProtocolClient.java:onNext(264)) - client-B22ED198845A->f3174d56-9988-40ec-970b-d447ed545dfb: receive RaftClientReply:client-B22ED198845A->f3174d56-9988-40ec-970b-d447ed545dfb@group-47B82E5F6106, cid=2094, SUCCESS, logIndex=0, commits[f3174d56-9988-40ec-970b-d447ed545dfb:c3062, 3e713ff3-0d17-449f-90fa-609b20cf4c10:c3061, 34290298-343f-405c-af97-b2d19041b010:c3061]
2019-09-11 09:06:34,883 [grpc-default-executor-0] INFO  client.GrpcClientProtocolClient (GrpcClientProtocolClient.java:onNext(264)) - client-B22ED198845A->f3174d56-9988-40ec-970b-d447ed545dfb: receive RaftClientReply:client-B22ED198845A->f3174d56-9988-40ec-970b-d447ed545dfb@group-47B82E5F6106, cid=2095, SUCCESS, logIndex=3064, commits[f3174d56-9988-40ec-970b-d447ed545dfb:c3065, 3e713ff3-0d17-449f-90fa-609b20cf4c10:c3063, 34290298-343f-405c-af97-b2d19041b010:c3061]
2019-09-11 09:06:34,884 [grpc-default-executor-0] INFO  client.GrpcClientProtocolClient (GrpcClientProtocolClient.java:onNext(264)) - client-B22ED198845A->f3174d56-9988-40ec-970b-d447ed545dfb: receive RaftClientReply:client-B22ED198845A->f3174d56-9988-40ec-970b-d447ed545dfb@group-47B82E5F6106, cid=2096, SUCCESS, logIndex=3065, commits[f3174d56-9988-40ec-970b-d447ed545dfb:c3065, 3e713ff3-0d17-449f-90fa-609b20cf4c10:c3063, 34290298-343f-405c-af97-b2d19041b010:c3061]
2019-09-11 09:06:34,887 [grpc-default-executor-0] INFO  client.GrpcClientProtocolClient (GrpcClientProtocolClient.java:onNext(264)) - client-B22ED198845A->f3174d56-9988-40ec-970b-d447ed545dfb: receive RaftClientReply:client-B22ED198845A->f3174d56-9988-40ec-970b-d447ed545dfb@group-47B82E5F6106, cid=2097, SUCCESS, logIndex=3066, commits[f3174d56-9988-40ec-970b-d447ed545dfb:c3067, 3e713ff3-0d17-449f-90fa-609b20cf4c10:c3063, 34290298-343f-405c-af97-b2d19041b010:c3065]
2019-09-11 09:06:34,887 [grpc-default-executor-0] INFO  client.GrpcClientProtocolClient (GrpcClientProtocolClient.java:onNext(264)) - client-B22ED198845A->f3174d56-9988-40ec-970b-d447ed545dfb: receive RaftClientReply:client-B22ED198845A->f3174d56-9988-40ec-970b-d447ed545dfb@group-47B82E5F6106, cid=2098, SUCCESS, logIndex=3067, commits[f3174d56-9988-40ec-970b-d447ed545dfb:c3069, 3e713ff3-0d17-449f-90fa-609b20cf4c10:c3065, 34290298-343f-405c-af97-b2d19041b010:c3065]
2019-09-11 09:06:34,900 [grpc-default-executor-0] INFO  client.GrpcClientProtocolClient (GrpcClientProtocolClient.java:onNext(264)) - client-B22ED198845A->f3174d56-9988-40ec-970b-d447ed545dfb: receive RaftClientReply:client-B22ED198845A->f3174d56-9988-40ec-970b-d447ed545dfb@group-47B82E5F6106, cid=2099, SUCCESS, logIndex=3072, commits[f3174d56-9988-40ec-970b-d447ed545dfb:c3073, 3e713ff3-0d17-449f-90fa-609b20cf4c10:c3071, 34290298-343f-405c-af97-b2d19041b010:c3069]
2019-09-11 09:06:34,901 [grpc-default-executor-0] INFO  client.GrpcClientProtocolClient (GrpcClientProtocolClient.java:onNext(264)) - client-B22ED198845A->f3174d56-9988-40ec-970b-d447ed545dfb: receive RaftClientReply:client-B22ED198845A->f3174d56-9988-40ec-970b-d447ed545dfb@group-47B82E5F6106, cid=2100, SUCCESS, logIndex=3073, commits[f3174d56-9988-40ec-970b-d447ed545dfb:c3073, 3e713ff3-0d17-449f-90fa-609b20cf4c10:c3071, 34290298-343f-405c-af97-b2d19041b010:c3071]
2019-09-11 09:06:34,932 [grpc-default-executor-0] INFO  client.GrpcClientProtocolClient (GrpcClientProtocolClient.java:onNext(264)) - client-B22ED198845A->f3174d56-9988-40ec-970b-d447ed545dfb: receive RaftClientReply:client-B22ED198845A->f3174d56-9988-40ec-970b-d447ed545dfb@group-47B82E5F6106, cid=2101, SUCCESS, logIndex=3076, commits[f3174d56-9988-40ec-970b-d447ed545dfb:c3077, 3e713ff3-0d17-449f-90fa-609b20cf4c10:c3075, 34290298-343f-405c-af97-b2d19041b010:c3075]
2019-09-11 09:06:34,933 [grpc-default-executor-0] INFO  client.GrpcClientProtocolClient (GrpcClientProtocolClient.java:onNext(264)) - client-B22ED198845A->f3174d56-9988-40ec-970b-d447ed545dfb: receive RaftClientReply:client-B22ED198845A->f3174d56-9988-40ec-970b-d447ed545dfb@group-47B82E5F6106, cid=2102, SUCCESS, logIndex=3077, commits[f3174d56-9988-40ec-970b-d447ed545dfb:c3077, 3e713ff3-0d17-449f-90fa-609b20cf4c10:c3075, 34290298-343f-405c-af97-b2d19041b010:c3075]
2019-09-11 09:06:34,944 [grpc-default-executor-0] INFO  client.GrpcClientProtocolClient (GrpcClientProtocolClient.java:onNext(264)) - client-B22ED198845A->f3174d56-9988-40ec-970b-d447ed545dfb: receive RaftClientReply:client-B22ED198845A->f3174d56-9988-40ec-970b-d447ed545dfb@group-47B82E5F6106, cid=2103, SUCCESS, logIndex=0, commits[f3174d56-9988-40ec-970b-d447ed545dfb:c3078, 3e713ff3-0d17-449f-90fa-609b20cf4c10:c3077, 34290298-343f-405c-af97-b2d19041b010:c3077]
2019-09-11 09:06:34,979 [grpc-default-executor-1] INFO  client.GrpcClientProtocolClient (GrpcClientProtocolClient.java:onNext(264)) - client-B22ED198845A->f3174d56-9988-40ec-970b-d447ed545dfb: receive RaftClientReply:client-B22ED198845A->f3174d56-9988-40ec-970b-d447ed545dfb@group-47B82E5F6106, cid=2104, SUCCESS, logIndex=3080, commits[f3174d56-9988-40ec-970b-d447ed545dfb:c3081, 3e713ff3-0d17-449f-90fa-609b20cf4c10:c3079, 34290298-343f-405c-af97-b2d19041b010:c3079]
2019-09-11 09:06:34,980 [grpc-default-executor-1] INFO  client.GrpcClientProtocolClient (GrpcClientProtocolClient.java:onNext(264)) - client-B22ED198845A->f3174d56-9988-40ec-970b-d447ed545dfb: receive RaftClientReply:client-B22ED198845A->f3174d56-9988-40ec-970b-d447ed545dfb@group-47B82E5F6106, cid=2105, SUCCESS, logIndex=3081, commits[f3174d56-9988-40ec-970b-d447ed545dfb:c3081, 3e713ff3-0d17-449f-90fa-609b20cf4c10:c3079, 34290298-343f-405c-af97-b2d19041b010:c3079]
2019-09-11 09:06:34,989 [grpc-default-executor-1] INFO  client.GrpcClientProtocolClient (GrpcClientProtocolClient.java:onNext(264)) - client-B22ED198845A->f3174d56-9988-40ec-970b-d447ed545dfb: receive RaftClientReply:client-B22ED198845A->f3174d56-9988-40ec-970b-d447ed545dfb@group-47B82E5F6106, cid=2106, SUCCESS, logIndex=3082, commits[f3174d56-9988-40ec-970b-d447ed545dfb:c3083, 3e713ff3-0d17-449f-90fa-609b20cf4c10:c3079, 34290298-343f-405c-af97-b2d19041b010:c3079]
2019-09-11 09:06:34,989 [grpc-default-executor-1] INFO  client.GrpcClientProtocolClient (GrpcClientProtocolClient.java:onNext(264)) - client-B22ED198845A->f3174d56-9988-40ec-970b-d447ed545dfb: receive RaftClientReply:client-B22ED198845A->f3174d56-9988-40ec-970b-d447ed545dfb@group-47B82E5F6106, cid=2107, SUCCESS, logIndex=3083, commits[f3174d56-9988-40ec-970b-d447ed545dfb:c3083, 3e713ff3-0d17-449f-90fa-609b20cf4c10:c3079, 34290298-343f-405c-af97-b2d19041b010:c3079]
2019-09-11 09:06:35,005 [grpc-default-executor-0] INFO  client.GrpcClientProtocolClient (GrpcClientProtocolClient.java:onNext(264)) - client-B22ED198845A->f3174d56-9988-40ec-970b-d447ed545dfb: receive RaftClientReply:client-B22ED198845A->f3174d56-9988-40ec-970b-d447ed545dfb@group-47B82E5F6106, cid=2108, SUCCESS, logIndex=0, commits[f3174d56-9988-40ec-970b-d447ed545dfb:c3085, 3e713ff3-0d17-449f-90fa-609b20cf4c10:c3081, 34290298-343f-405c-af97-b2d19041b010:c3081]
2019-09-11 09:06:35,017 [grpc-default-executor-0] INFO  client.GrpcClientProtocolClient (GrpcClientProtocolClient.java:onNext(264)) - client-B22ED198845A->f3174d56-9988-40ec-970b-d447ed545dfb: receive RaftClientReply:client-B22ED198845A->f3174d56-9988-40ec-970b-d447ed545dfb@group-47B82E5F6106, cid=2109, SUCCESS, logIndex=3087, commits[f3174d56-9988-40ec-970b-d447ed545dfb:c3088, 3e713ff3-0d17-449f-90fa-609b20cf4c10:c3085, 34290298-343f-405c-af97-b2d19041b010:c3083]
2019-09-11 09:06:35,018 [grpc-default-executor-0] INFO  client.GrpcClientProtocolClient (GrpcClientProtocolClient.java:onNext(264)) - client-B22ED198845A->f3174d56-9988-40ec-970b-d447ed545dfb: receive RaftClientReply:client-B22ED198845A->f3174d56-9988-40ec-970b-d447ed545dfb@group-47B82E5F6106, cid=2110, SUCCESS, logIndex=3088, commits[f3174d56-9988-40ec-970b-d447ed545dfb:c3088, 3e713ff3-0d17-449f-90fa-609b20cf4c10:c3085, 34290298-343f-405c-af97-b2d19041b010:c3085]
2019-09-11 09:06:35,044 [grpc-default-executor-0] INFO  client.GrpcClientProtocolClient (GrpcClientProtocolClient.java:onNext(264)) - client-B22ED198845A->f3174d56-9988-40ec-970b-d447ed545dfb: receive RaftClientReply:client-B22ED198845A->f3174d56-9988-40ec-970b-d447ed545dfb@group-47B82E5F6106, cid=2111, SUCCESS, logIndex=3090, commits[f3174d56-9988-40ec-970b-d447ed545dfb:c3091, 3e713ff3-0d17-449f-90fa-609b20cf4c10:c3088, 34290298-343f-405c-af97-b2d19041b010:c3088]
2019-09-11 09:06:35,045 [grpc-default-executor-0] INFO  client.GrpcClientProtocolClient (GrpcClientProtocolClient.java:onNext(264)) - client-B22ED198845A->f3174d56-9988-40ec-970b-d447ed545dfb: receive RaftClientReply:client-B22ED198845A->f3174d56-9988-40ec-970b-d447ed545dfb@group-47B82E5F6106, cid=2112, SUCCESS, logIndex=3091, commits[f3174d56-9988-40ec-970b-d447ed545dfb:c3091, 3e713ff3-0d17-449f-90fa-609b20cf4c10:c3088, 34290298-343f-405c-af97-b2d19041b010:c3088]
2019-09-11 09:06:35,058 [grpc-default-executor-0] INFO  client.GrpcClientProtocolClient (GrpcClientProtocolClient.java:onNext(264)) - client-B22ED198845A->f3174d56-9988-40ec-970b-d447ed545dfb: receive RaftClientReply:client-B22ED198845A->f3174d56-9988-40ec-970b-d447ed545dfb@group-47B82E5F6106, cid=2113, SUCCESS, logIndex=0, commits[f3174d56-9988-40ec-970b-d447ed545dfb:c3092, 3e713ff3-0d17-449f-90fa-609b20cf4c10:c3091, 34290298-343f-405c-af97-b2d19041b010:c3091]
2019-09-11 09:06:35,089 [grpc-default-executor-2] INFO  client.GrpcClientProtocolClient (GrpcClientProtocolClient.java:onNext(264)) - client-B22ED198845A->f3174d56-9988-40ec-970b-d447ed545dfb: receive RaftClientReply:client-B22ED198845A->f3174d56-9988-40ec-970b-d447ed545dfb@group-47B82E5F6106, cid=2114, SUCCESS, logIndex=3094, commits[f3174d56-9988-40ec-970b-d447ed545dfb:c3095, 3e713ff3-0d17-449f-90fa-609b20cf4c10:c3093, 34290298-343f-405c-af97-b2d19041b010:c3093]
2019-09-11 09:06:35,089 [grpc-default-executor-2] INFO  client.GrpcClientProtocolClient (GrpcClientProtocolClient.java:onNext(264)) - client-B22ED198845A->f3174d56-9988-40ec-970b-d447ed545dfb: receive RaftClientReply:client-B22ED198845A->f3174d56-9988-40ec-970b-d447ed545dfb@group-47B82E5F6106, cid=2115, SUCCESS, logIndex=3095, commits[f3174d56-9988-40ec-970b-d447ed545dfb:c3097, 3e713ff3-0d17-449f-90fa-609b20cf4c10:c3093, 34290298-343f-405c-af97-b2d19041b010:c3093]
2019-09-11 09:06:35,090 [grpc-default-executor-2] INFO  client.GrpcClientProtocolClient (GrpcClientProtocolClient.java:onNext(264)) - client-B22ED198845A->f3174d56-9988-40ec-970b-d447ed545dfb: receive RaftClientReply:client-B22ED198845A->f3174d56-9988-40ec-970b-d447ed545dfb@group-47B82E5F6106, cid=2116, SUCCESS, logIndex=3096, commits[f3174d56-9988-40ec-970b-d447ed545dfb:c3097, 3e713ff3-0d17-449f-90fa-609b20cf4c10:c3093, 34290298-343f-405c-af97-b2d19041b010:c3093]
2019-09-11 09:06:35,090 [grpc-default-executor-2] INFO  client.GrpcClientProtocolClient (GrpcClientProtocolClient.java:onNext(264)) - client-B22ED198845A->f3174d56-9988-40ec-970b-d447ed545dfb: receive RaftClientReply:client-B22ED198845A->f3174d56-9988-40ec-970b-d447ed545dfb@group-47B82E5F6106, cid=2117, SUCCESS, logIndex=3097, commits[f3174d56-9988-40ec-970b-d447ed545dfb:c3097, 3e713ff3-0d17-449f-90fa-609b20cf4c10:c3093, 34290298-343f-405c-af97-b2d19041b010:c3093]
2019-09-11 09:06:35,095 [grpc-default-executor-2] INFO  client.GrpcClientProtocolClient (GrpcClientProtocolClient.java:onNext(264)) - client-B22ED198845A->f3174d56-9988-40ec-970b-d447ed545dfb: receive RaftClientReply:client-B22ED198845A->f3174d56-9988-40ec-970b-d447ed545dfb@group-47B82E5F6106, cid=2118, SUCCESS, logIndex=0, commits[f3174d56-9988-40ec-970b-d447ed545dfb:c3098, 3e713ff3-0d17-449f-90fa-609b20cf4c10:c3095, 34290298-343f-405c-af97-b2d19041b010:c3095]
2019-09-11 09:06:35,107 [grpc-default-executor-0] INFO  client.GrpcClientProtocolClient (GrpcClientProtocolClient.java:onNext(264)) - client-B22ED198845A->f3174d56-9988-40ec-970b-d447ed545dfb: receive RaftClientReply:client-B22ED198845A->f3174d56-9988-40ec-970b-d447ed545dfb@group-47B82E5F6106, cid=2119, SUCCESS, logIndex=3102, commits[f3174d56-9988-40ec-970b-d447ed545dfb:c3103, 3e713ff3-0d17-449f-90fa-609b20cf4c10:c3101, 34290298-343f-405c-af97-b2d19041b010:c3097]
2019-09-11 09:06:35,108 [grpc-default-executor-0] INFO  client.GrpcClientProtocolClient (GrpcClientProtocolClient.java:onNext(264)) - client-B22ED198845A->f3174d56-9988-40ec-970b-d447ed545dfb: receive RaftClientReply:client-B22ED198845A->f3174d56-9988-40ec-970b-d447ed545dfb@group-47B82E5F6106, cid=2120, SUCCESS, logIndex=3103, commits[f3174d56-9988-40ec-970b-d447ed545dfb:c3103, 3e713ff3-0d17-449f-90fa-609b20cf4c10:c3101, 34290298-343f-405c-af97-b2d19041b010:c3101]
2019-09-11 09:06:35,273 [grpc-default-executor-0] INFO  client.GrpcClientProtocolClient (GrpcClientProtocolClient.java:onNext(264)) - client-B22ED198845A->f3174d56-9988-40ec-970b-d447ed545dfb: receive RaftClientReply:client-B22ED198845A->f3174d56-9988-40ec-970b-d447ed545dfb@group-47B82E5F6106, cid=2121, SUCCESS, logIndex=3106, commits[f3174d56-9988-40ec-970b-d447ed545dfb:c3107, 3e713ff3-0d17-449f-90fa-609b20cf4c10:c3105, 34290298-343f-405c-af97-b2d19041b010:c3105]
2019-09-11 09:06:35,274 [grpc-default-executor-0] INFO  client.GrpcClientProtocolClient (GrpcClientProtocolClient.java:onNext(264)) - client-B22ED198845A->f3174d56-9988-40ec-970b-d447ed545dfb: receive RaftClientReply:client-B22ED198845A->f3174d56-9988-40ec-970b-d447ed545dfb@group-47B82E5F6106, cid=2122, SUCCESS, logIndex=3107, commits[f3174d56-9988-40ec-970b-d447ed545dfb:c3107, 3e713ff3-0d17-449f-90fa-609b20cf4c10:c3105, 34290298-343f-405c-af97-b2d19041b010:c3105]
2019-09-11 09:06:35,288 [grpc-default-executor-1] INFO  client.GrpcClientProtocolClient (GrpcClientProtocolClient.java:onNext(264)) - client-B22ED198845A->f3174d56-9988-40ec-970b-d447ed545dfb: receive RaftClientReply:client-B22ED198845A->f3174d56-9988-40ec-970b-d447ed545dfb@group-47B82E5F6106, cid=2123, SUCCESS, logIndex=0, commits[f3174d56-9988-40ec-970b-d447ed545dfb:c3109, 3e713ff3-0d17-449f-90fa-609b20cf4c10:c3107, 34290298-343f-405c-af97-b2d19041b010:c3107]
2019-09-11 09:06:35,318 [grpc-default-executor-0] INFO  client.GrpcClientProtocolClient (GrpcClientProtocolClient.java:onNext(264)) - client-B22ED198845A->f3174d56-9988-40ec-970b-d447ed545dfb: receive RaftClientReply:client-B22ED198845A->f3174d56-9988-40ec-970b-d447ed545dfb@group-47B82E5F6106, cid=2124, SUCCESS, logIndex=3110, commits[f3174d56-9988-40ec-970b-d447ed545dfb:c3111, 3e713ff3-0d17-449f-90fa-609b20cf4c10:c3109, 34290298-343f-405c-af97-b2d19041b010:c3109]
2019-09-11 09:06:35,319 [grpc-default-executor-0] INFO  client.GrpcClientProtocolClient (GrpcClientProtocolClient.java:onNext(264)) - client-B22ED198845A->f3174d56-9988-40ec-970b-d447ed545dfb: receive RaftClientReply:client-B22ED198845A->f3174d56-9988-40ec-970b-d447ed545dfb@group-47B82E5F6106, cid=2125, SUCCESS, logIndex=3111, commits[f3174d56-9988-40ec-970b-d447ed545dfb:c3111, 3e713ff3-0d17-449f-90fa-609b20cf4c10:c3109, 34290298-343f-405c-af97-b2d19041b010:c3109]
2019-09-11 09:06:35,328 [grpc-default-executor-0] INFO  client.GrpcClientProtocolClient (GrpcClientProtocolClient.java:onNext(264)) - client-B22ED198845A->f3174d56-9988-40ec-970b-d447ed545dfb: receive RaftClientReply:client-B22ED198845A->f3174d56-9988-40ec-970b-d447ed545dfb@group-47B82E5F6106, cid=2126, SUCCESS, logIndex=3112, commits[f3174d56-9988-40ec-970b-d447ed545dfb:c3113, 3e713ff3-0d17-449f-90fa-609b20cf4c10:c3109, 34290298-343f-405c-af97-b2d19041b010:c3109]
2019-09-11 09:06:35,328 [grpc-default-executor-0] INFO  client.GrpcClientProtocolClient (GrpcClientProtocolClient.java:onNext(264)) - client-B22ED198845A->f3174d56-9988-40ec-970b-d447ed545dfb: receive RaftClientReply:client-B22ED198845A->f3174d56-9988-40ec-970b-d447ed545dfb@group-47B82E5F6106, cid=2127, SUCCESS, logIndex=3113, commits[f3174d56-9988-40ec-970b-d447ed545dfb:c3113, 3e713ff3-0d17-449f-90fa-609b20cf4c10:c3109, 34290298-343f-405c-af97-b2d19041b010:c3109]
2019-09-11 09:06:35,342 [grpc-default-executor-0] INFO  client.GrpcClientProtocolClient (GrpcClientProtocolClient.java:onNext(264)) - client-B22ED198845A->f3174d56-9988-40ec-970b-d447ed545dfb: receive RaftClientReply:client-B22ED198845A->f3174d56-9988-40ec-970b-d447ed545dfb@group-47B82E5F6106, cid=2128, SUCCESS, logIndex=0, commits[f3174d56-9988-40ec-970b-d447ed545dfb:c3115, 3e713ff3-0d17-449f-90fa-609b20cf4c10:c3111, 34290298-343f-405c-af97-b2d19041b010:c3111]
2019-09-11 09:06:35,364 [grpc-default-executor-2] INFO  client.GrpcClientProtocolClient (GrpcClientProtocolClient.java:onNext(264)) - client-B22ED198845A->f3174d56-9988-40ec-970b-d447ed545dfb: receive RaftClientReply:client-B22ED198845A->f3174d56-9988-40ec-970b-d447ed545dfb@group-47B82E5F6106, cid=2129, SUCCESS, logIndex=3118, commits[f3174d56-9988-40ec-970b-d447ed545dfb:c3119, 3e713ff3-0d17-449f-90fa-609b20cf4c10:c3117, 34290298-343f-405c-af97-b2d19041b010:c3117]
2019-09-11 09:06:35,364 [grpc-default-executor-2] INFO  client.GrpcClientProtocolClient (GrpcClientProtocolClient.java:onNext(264)) - client-B22ED198845A->f3174d56-9988-40ec-970b-d447ed545dfb: receive RaftClientReply:client-B22ED198845A->f3174d56-9988-40ec-970b-d447ed545dfb@group-47B82E5F6106, cid=2130, SUCCESS, logIndex=3119, commits[f3174d56-9988-40ec-970b-d447ed545dfb:c3119, 3e713ff3-0d17-449f-90fa-609b20cf4c10:c3117, 34290298-343f-405c-af97-b2d19041b010:c3117]
2019-09-11 09:06:35,402 [grpc-default-executor-2] INFO  client.GrpcClientProtocolClient (GrpcClientProtocolClient.java:onNext(264)) - client-B22ED198845A->f3174d56-9988-40ec-970b-d447ed545dfb: receive RaftClientReply:client-B22ED198845A->f3174d56-9988-40ec-970b-d447ed545dfb@group-47B82E5F6106, cid=2131, SUCCESS, logIndex=3122, commits[f3174d56-9988-40ec-970b-d447ed545dfb:c3123, 3e713ff3-0d17-449f-90fa-609b20cf4c10:c3119, 34290298-343f-405c-af97-b2d19041b010:c3119]
2019-09-11 09:06:35,403 [grpc-default-executor-2] INFO  client.GrpcClientProtocolClient (GrpcClientProtocolClient.java:onNext(264)) - client-B22ED198845A->f3174d56-9988-40ec-970b-d447ed545dfb: receive RaftClientReply:client-B22ED198845A->f3174d56-9988-40ec-970b-d447ed545dfb@group-47B82E5F6106, cid=2132, SUCCESS, logIndex=3123, commits[f3174d56-9988-40ec-970b-d447ed545dfb:c3123, 3e713ff3-0d17-449f-90fa-609b20cf4c10:c3119, 34290298-343f-405c-af97-b2d19041b010:c3119]
2019-09-11 09:06:35,408 [grpc-default-executor-2] INFO  client.GrpcClientProtocolClient (GrpcClientProtocolClient.java:onNext(264)) - client-B22ED198845A->f3174d56-9988-40ec-970b-d447ed545dfb: receive RaftClientReply:client-B22ED198845A->f3174d56-9988-40ec-970b-d447ed545dfb@group-47B82E5F6106, cid=2133, SUCCESS, logIndex=0, commits[f3174d56-9988-40ec-970b-d447ed545dfb:c3125, 3e713ff3-0d17-449f-90fa-609b20cf4c10:c3123, 34290298-343f-405c-af97-b2d19041b010:c3123]
2019-09-11 09:06:35,432 [grpc-default-executor-4] INFO  client.GrpcClientProtocolClient (GrpcClientProtocolClient.java:onNext(264)) - client-B22ED198845A->f3174d56-9988-40ec-970b-d447ed545dfb: receive RaftClientReply:client-B22ED198845A->f3174d56-9988-40ec-970b-d447ed545dfb@group-47B82E5F6106, cid=2134, SUCCESS, logIndex=3126, commits[f3174d56-9988-40ec-970b-d447ed545dfb:c3127, 3e713ff3-0d17-449f-90fa-609b20cf4c10:c3125, 34290298-343f-405c-af97-b2d19041b010:c3125]
2019-09-11 09:06:35,432 [grpc-default-executor-4] INFO  client.GrpcClientProtocolClient (GrpcClientProtocolClient.java:onNext(264)) - client-B22ED198845A->f3174d56-9988-40ec-970b-d447ed545dfb: receive RaftClientReply:client-B22ED198845A->f3174d56-9988-40ec-970b-d447ed545dfb@group-47B82E5F6106, cid=2135, SUCCESS, logIndex=3127, commits[f3174d56-9988-40ec-970b-d447ed545dfb:c3129, 3e713ff3-0d17-449f-90fa-609b20cf4c10:c3125, 34290298-343f-405c-af97-b2d19041b010:c3125]
2019-09-11 09:06:35,433 [grpc-default-executor-4] INFO  client.GrpcClientProtocolClient (GrpcClientProtocolClient.java:onNext(264)) - client-B22ED198845A->f3174d56-9988-40ec-970b-d447ed545dfb: receive RaftClientReply:client-B22ED198845A->f3174d56-9988-40ec-970b-d447ed545dfb@group-47B82E5F6106, cid=2136, SUCCESS, logIndex=3128, commits[f3174d56-9988-40ec-970b-d447ed545dfb:c3129, 3e713ff3-0d17-449f-90fa-609b20cf4c10:c3125, 34290298-343f-405c-af97-b2d19041b010:c3125]
2019-09-11 09:06:35,433 [grpc-default-executor-4] INFO  client.GrpcClientProtocolClient (GrpcClientProtocolClient.java:onNext(264)) - client-B22ED198845A->f3174d56-9988-40ec-970b-d447ed545dfb: receive RaftClientReply:client-B22ED198845A->f3174d56-9988-40ec-970b-d447ed545dfb@group-47B82E5F6106, cid=2137, SUCCESS, logIndex=3129, commits[f3174d56-9988-40ec-970b-d447ed545dfb:c3129, 3e713ff3-0d17-449f-90fa-609b20cf4c10:c3125, 34290298-343f-405c-af97-b2d19041b010:c3125]
2019-09-11 09:06:35,437 [grpc-default-executor-4] INFO  client.GrpcClientProtocolClient (GrpcClientProtocolClient.java:onNext(264)) - client-B22ED198845A->f3174d56-9988-40ec-970b-d447ed545dfb: receive RaftClientReply:client-B22ED198845A->f3174d56-9988-40ec-970b-d447ed545dfb@group-47B82E5F6106, cid=2138, SUCCESS, logIndex=0, commits[f3174d56-9988-40ec-970b-d447ed545dfb:c3131, 3e713ff3-0d17-449f-90fa-609b20cf4c10:c3127, 34290298-343f-405c-af97-b2d19041b010:c3127]
2019-09-11 09:06:35,447 [grpc-default-executor-1] INFO  client.GrpcClientProtocolClient (GrpcClientProtocolClient.java:onNext(264)) - client-B22ED198845A->f3174d56-9988-40ec-970b-d447ed545dfb: receive RaftClientReply:client-B22ED198845A->f3174d56-9988-40ec-970b-d447ed545dfb@group-47B82E5F6106, cid=2139, SUCCESS, logIndex=3134, commits[f3174d56-9988-40ec-970b-d447ed545dfb:c3135, 3e713ff3-0d17-449f-90fa-609b20cf4c10:c3129, 34290298-343f-405c-af97-b2d19041b010:c3133]
2019-09-11 09:06:35,447 [grpc-default-executor-1] INFO  client.GrpcClientProtocolClient (GrpcClientProtocolClient.java:onNext(264)) - client-B22ED198845A->f3174d56-9988-40ec-970b-d447ed545dfb: receive RaftClientReply:client-B22ED198845A->f3174d56-9988-40ec-970b-d447ed545dfb@group-47B82E5F6106, cid=2140, SUCCESS, logIndex=3135, commits[f3174d56-9988-40ec-970b-d447ed545dfb:c3135, 3e713ff3-0d17-449f-90fa-609b20cf4c10:c3129, 34290298-343f-405c-af97-b2d19041b010:c3133]
2019-09-11 09:06:35,476 [grpc-default-executor-1] INFO  client.GrpcClientProtocolClient (GrpcClientProtocolClient.java:onNext(264)) - client-B22ED198845A->f3174d56-9988-40ec-970b-d447ed545dfb: receive RaftClientReply:client-B22ED198845A->f3174d56-9988-40ec-970b-d447ed545dfb@group-47B82E5F6106, cid=2141, SUCCESS, logIndex=3138, commits[f3174d56-9988-40ec-970b-d447ed545dfb:c3139, 3e713ff3-0d17-449f-90fa-609b20cf4c10:c3135, 34290298-343f-405c-af97-b2d19041b010:c3135]
2019-09-11 09:06:35,476 [grpc-default-executor-1] INFO  client.GrpcClientProtocolClient (GrpcClientProtocolClient.java:onNext(264)) - client-B22ED198845A->f3174d56-9988-40ec-970b-d447ed545dfb: receive RaftClientReply:client-B22ED198845A->f3174d56-9988-40ec-970b-d447ed545dfb@group-47B82E5F6106, cid=2142, SUCCESS, logIndex=3139, commits[f3174d56-9988-40ec-970b-d447ed545dfb:c3139, 3e713ff3-0d17-449f-90fa-609b20cf4c10:c3135, 34290298-343f-405c-af97-b2d19041b010:c3135]
2019-09-11 09:06:35,491 [grpc-default-executor-2] INFO  client.GrpcClientProtocolClient (GrpcClientProtocolClient.java:onNext(264)) - client-B22ED198845A->f3174d56-9988-40ec-970b-d447ed545dfb: receive RaftClientReply:client-B22ED198845A->f3174d56-9988-40ec-970b-d447ed545dfb@group-47B82E5F6106, cid=2143, SUCCESS, logIndex=0, commits[f3174d56-9988-40ec-970b-d447ed545dfb:c3140, 3e713ff3-0d17-449f-90fa-609b20cf4c10:c3139, 34290298-343f-405c-af97-b2d19041b010:c3139]
2019-09-11 09:06:35,516 [grpc-default-executor-2] INFO  client.GrpcClientProtocolClient (GrpcClientProtocolClient.java:onNext(264)) - client-B22ED198845A->f3174d56-9988-40ec-970b-d447ed545dfb: receive RaftClientReply:client-B22ED198845A->f3174d56-9988-40ec-970b-d447ed545dfb@group-47B82E5F6106, cid=2144, SUCCESS, logIndex=3142, commits[f3174d56-9988-40ec-970b-d447ed545dfb:c3143, 3e713ff3-0d17-449f-90fa-609b20cf4c10:c3141, 34290298-343f-405c-af97-b2d19041b010:c3141]
2019-09-11 09:06:35,517 [grpc-default-executor-2] INFO  client.GrpcClientProtocolClient (GrpcClientProtocolClient.java:onNext(264)) - client-B22ED198845A->f3174d56-9988-40ec-970b-d447ed545dfb: receive RaftClientReply:client-B22ED198845A->f3174d56-9988-40ec-970b-d447ed545dfb@group-47B82E5F6106, cid=2145, SUCCESS, logIndex=3143, commits[f3174d56-9988-40ec-970b-d447ed545dfb:c3145, 3e713ff3-0d17-449f-90fa-609b20cf4c10:c3141, 34290298-343f-405c-af97-b2d19041b010:c3141]
2019-09-11 09:06:35,517 [grpc-default-executor-2] INFO  client.GrpcClientProtocolClient (GrpcClientProtocolClient.java:onNext(264)) - client-B22ED198845A->f3174d56-9988-40ec-970b-d447ed545dfb: receive RaftClientReply:client-B22ED198845A->f3174d56-9988-40ec-970b-d447ed545dfb@group-47B82E5F6106, cid=2146, SUCCESS, logIndex=3144, commits[f3174d56-9988-40ec-970b-d447ed545dfb:c3145, 3e713ff3-0d17-449f-90fa-609b20cf4c10:c3141, 34290298-343f-405c-af97-b2d19041b010:c3141]
2019-09-11 09:06:35,517 [grpc-default-executor-2] INFO  client.GrpcClientProtocolClient (GrpcClientProtocolClient.java:onNext(264)) - client-B22ED198845A->f3174d56-9988-40ec-970b-d447ed545dfb: receive RaftClientReply:client-B22ED198845A->f3174d56-9988-40ec-970b-d447ed545dfb@group-47B82E5F6106, cid=2147, SUCCESS, logIndex=3145, commits[f3174d56-9988-40ec-970b-d447ed545dfb:c3145, 3e713ff3-0d17-449f-90fa-609b20cf4c10:c3141, 34290298-343f-405c-af97-b2d19041b010:c3141]
2019-09-11 09:06:35,532 [grpc-default-executor-4] INFO  client.GrpcClientProtocolClient (GrpcClientProtocolClient.java:onNext(264)) - client-B22ED198845A->f3174d56-9988-40ec-970b-d447ed545dfb: receive RaftClientReply:client-B22ED198845A->f3174d56-9988-40ec-970b-d447ed545dfb@group-47B82E5F6106, cid=2148, SUCCESS, logIndex=0, commits[f3174d56-9988-40ec-970b-d447ed545dfb:c3147, 3e713ff3-0d17-449f-90fa-609b20cf4c10:c3143, 34290298-343f-405c-af97-b2d19041b010:c3143]
2019-09-11 09:06:35,556 [grpc-default-executor-0] INFO  client.GrpcClientProtocolClient (GrpcClientProtocolClient.java:onNext(264)) - client-B22ED198845A->f3174d56-9988-40ec-970b-d447ed545dfb: receive RaftClientReply:client-B22ED198845A->f3174d56-9988-40ec-970b-d447ed545dfb@group-47B82E5F6106, cid=2149, SUCCESS, logIndex=3150, commits[f3174d56-9988-40ec-970b-d447ed545dfb:c3151, 3e713ff3-0d17-449f-90fa-609b20cf4c10:c3148, 34290298-343f-405c-af97-b2d19041b010:c3148]
2019-09-11 09:06:35,557 [grpc-default-executor-0] INFO  client.GrpcClientProtocolClient (GrpcClientProtocolClient.java:onNext(264)) - client-B22ED198845A->f3174d56-9988-40ec-970b-d447ed545dfb: receive RaftClientReply:client-B22ED198845A->f3174d56-9988-40ec-970b-d447ed545dfb@group-47B82E5F6106, cid=2150, SUCCESS, logIndex=3151, commits[f3174d56-9988-40ec-970b-d447ed545dfb:c3151, 3e713ff3-0d17-449f-90fa-609b20cf4c10:c3148, 34290298-343f-405c-af97-b2d19041b010:c3148]
2019-09-11 09:06:35,583 [grpc-default-executor-2] INFO  client.GrpcClientProtocolClient (GrpcClientProtocolClient.java:onNext(264)) - client-B22ED198845A->f3174d56-9988-40ec-970b-d447ed545dfb: receive RaftClientReply:client-B22ED198845A->f3174d56-9988-40ec-970b-d447ed545dfb@group-47B82E5F6106, cid=2151, SUCCESS, logIndex=3154, commits[f3174d56-9988-40ec-970b-d447ed545dfb:c3154, 3e713ff3-0d17-449f-90fa-609b20cf4c10:c3151, 34290298-343f-405c-af97-b2d19041b010:c3151]
2019-09-11 09:06:35,584 [grpc-default-executor-2] INFO  client.GrpcClientProtocolClient (GrpcClientProtocolClient.java:onNext(264)) - client-B22ED198845A->f3174d56-9988-40ec-970b-d447ed545dfb: receive RaftClientReply:client-B22ED198845A->f3174d56-9988-40ec-970b-d447ed545dfb@group-47B82E5F6106, cid=2152, SUCCESS, logIndex=3155, commits[f3174d56-9988-40ec-970b-d447ed545dfb:c3155, 3e713ff3-0d17-449f-90fa-609b20cf4c10:c3151, 34290298-343f-405c-af97-b2d19041b010:c3151]
2019-09-11 09:06:35,609 [grpc-default-executor-0] INFO  client.GrpcClientProtocolClient (GrpcClientProtocolClient.java:onNext(264)) - client-B22ED198845A->f3174d56-9988-40ec-970b-d447ed545dfb: receive RaftClientReply:client-B22ED198845A->f3174d56-9988-40ec-970b-d447ed545dfb@group-47B82E5F6106, cid=2153, SUCCESS, logIndex=0, commits[f3174d56-9988-40ec-970b-d447ed545dfb:c3157, 3e713ff3-0d17-449f-90fa-609b20cf4c10:c3155, 34290298-343f-405c-af97-b2d19041b010:c3155]
 0.00% |█                                                                                                    |  0/1 Time: 0:00:152019-09-11 09:06:35,638 [grpc-default-executor-0] INFO  client.GrpcClientProtocolClient (GrpcClientProtocolClient.java:onNext(264)) - client-B22ED198845A->f3174d56-9988-40ec-970b-d447ed545dfb: receive RaftClientReply:client-B22ED198845A->f3174d56-9988-40ec-970b-d447ed545dfb@group-47B82E5F6106, cid=2154, SUCCESS, logIndex=3158, commits[f3174d56-9988-40ec-970b-d447ed545dfb:c3159, 3e713ff3-0d17-449f-90fa-609b20cf4c10:c3157, 34290298-343f-405c-af97-b2d19041b010:c3157]
2019-09-11 09:06:35,638 [grpc-default-executor-0] INFO  client.GrpcClientProtocolClient (GrpcClientProtocolClient.java:onNext(264)) - client-B22ED198845A->f3174d56-9988-40ec-970b-d447ed545dfb: receive RaftClientReply:client-B22ED198845A->f3174d56-9988-40ec-970b-d447ed545dfb@group-47B82E5F6106, cid=2155, SUCCESS, logIndex=3159, commits[f3174d56-9988-40ec-970b-d447ed545dfb:c3160, 3e713ff3-0d17-449f-90fa-609b20cf4c10:c3157, 34290298-343f-405c-af97-b2d19041b010:c3157]
2019-09-11 09:06:35,638 [grpc-default-executor-0] INFO  client.GrpcClientProtocolClient (GrpcClientProtocolClient.java:onNext(264)) - client-B22ED198845A->f3174d56-9988-40ec-970b-d447ed545dfb: receive RaftClientReply:client-B22ED198845A->f3174d56-9988-40ec-970b-d447ed545dfb@group-47B82E5F6106, cid=2156, SUCCESS, logIndex=3160, commits[f3174d56-9988-40ec-970b-d447ed545dfb:c3161, 3e713ff3-0d17-449f-90fa-609b20cf4c10:c3157, 34290298-343f-405c-af97-b2d19041b010:c3157]
2019-09-11 09:06:35,638 [grpc-default-executor-0] INFO  client.GrpcClientProtocolClient (GrpcClientProtocolClient.java:onNext(264)) - client-B22ED198845A->f3174d56-9988-40ec-970b-d447ed545dfb: receive RaftClientReply:client-B22ED198845A->f3174d56-9988-40ec-970b-d447ed545dfb@group-47B82E5F6106, cid=2157, SUCCESS, logIndex=3161, commits[f3174d56-9988-40ec-970b-d447ed545dfb:c3161, 3e713ff3-0d17-449f-90fa-609b20cf4c10:c3157, 34290298-343f-405c-af97-b2d19041b010:c3157]
2019-09-11 09:06:35,642 [grpc-default-executor-0] INFO  client.GrpcClientProtocolClient (GrpcClientProtocolClient.java:onNext(264)) - client-B22ED198845A->f3174d56-9988-40ec-970b-d447ed545dfb: receive RaftClientReply:client-B22ED198845A->f3174d56-9988-40ec-970b-d447ed545dfb@group-47B82E5F6106, cid=2158, SUCCESS, logIndex=0, commits[f3174d56-9988-40ec-970b-d447ed545dfb:c3162, 3e713ff3-0d17-449f-90fa-609b20cf4c10:c3159, 34290298-343f-405c-af97-b2d19041b010:c3159]
2019-09-11 09:06:35,652 [grpc-default-executor-0] INFO  client.GrpcClientProtocolClient (GrpcClientProtocolClient.java:onNext(264)) - client-B22ED198845A->f3174d56-9988-40ec-970b-d447ed545dfb: receive RaftClientReply:client-B22ED198845A->f3174d56-9988-40ec-970b-d447ed545dfb@group-47B82E5F6106, cid=2159, SUCCESS, logIndex=3166, commits[f3174d56-9988-40ec-970b-d447ed545dfb:c3167, 3e713ff3-0d17-449f-90fa-609b20cf4c10:c3161, 34290298-343f-405c-af97-b2d19041b010:c3165]
2019-09-11 09:06:35,652 [grpc-default-executor-0] INFO  client.GrpcClientProtocolClient (GrpcClientProtocolClient.java:onNext(264)) - client-B22ED198845A->f3174d56-9988-40ec-970b-d447ed545dfb: receive RaftClientReply:client-B22ED198845A->f3174d56-9988-40ec-970b-d447ed545dfb@group-47B82E5F6106, cid=2160, SUCCESS, logIndex=3167, commits[f3174d56-9988-40ec-970b-d447ed545dfb:c3167, 3e713ff3-0d17-449f-90fa-609b20cf4c10:c3165, 34290298-343f-405c-af97-b2d19041b010:c3165]
2019-09-11 09:06:35,661 [grpc-default-executor-2] INFO  client.GrpcClientProtocolClient (GrpcClientProtocolClient.java:onNext(264)) - client-B22ED198845A->f3174d56-9988-40ec-970b-d447ed545dfb: receive RaftClientReply:client-B22ED198845A->f3174d56-9988-40ec-970b-d447ed545dfb@group-47B82E5F6106, cid=2161, SUCCESS, logIndex=3170, commits[f3174d56-9988-40ec-970b-d447ed545dfb:c3171, 3e713ff3-0d17-449f-90fa-609b20cf4c10:c3167, 34290298-343f-405c-af97-b2d19041b010:c3169]
2019-09-11 09:06:35,661 [grpc-default-executor-2] INFO  client.GrpcClientProtocolClient (GrpcClientProtocolClient.java:onNext(264)) - client-B22ED198845A->f3174d56-9988-40ec-970b-d447ed545dfb: receive RaftClientReply:client-B22ED198845A->f3174d56-9988-40ec-970b-d447ed545dfb@group-47B82E5F6106, cid=2162, SUCCESS, logIndex=3171, commits[f3174d56-9988-40ec-970b-d447ed545dfb:c3171, 3e713ff3-0d17-449f-90fa-609b20cf4c10:c3169, 34290298-343f-405c-af97-b2d19041b010:c3169]
2019-09-11 09:06:35,666 [grpc-default-executor-2] INFO  client.GrpcClientProtocolClient (GrpcClientProtocolClient.java:onNext(264)) - client-B22ED198845A->f3174d56-9988-40ec-970b-d447ed545dfb: receive RaftClientReply:client-B22ED198845A->f3174d56-9988-40ec-970b-d447ed545dfb@group-47B82E5F6106, cid=2163, SUCCESS, logIndex=0, commits[f3174d56-9988-40ec-970b-d447ed545dfb:c3173, 3e713ff3-0d17-449f-90fa-609b20cf4c10:c3171, 34290298-343f-405c-af97-b2d19041b010:c3171]
2019-09-11 09:06:35,689 [grpc-default-executor-2] INFO  client.GrpcClientProtocolClient (GrpcClientProtocolClient.java:onNext(264)) - client-B22ED198845A->f3174d56-9988-40ec-970b-d447ed545dfb: receive RaftClientReply:client-B22ED198845A->f3174d56-9988-40ec-970b-d447ed545dfb@group-47B82E5F6106, cid=2164, SUCCESS, logIndex=3174, commits[f3174d56-9988-40ec-970b-d447ed545dfb:c3176, 3e713ff3-0d17-449f-90fa-609b20cf4c10:c3173, 34290298-343f-405c-af97-b2d19041b010:c3173]
2019-09-11 09:06:35,689 [grpc-default-executor-2] INFO  client.GrpcClientProtocolClient (GrpcClientProtocolClient.java:onNext(264)) - client-B22ED198845A->f3174d56-9988-40ec-970b-d447ed545dfb: receive RaftClientReply:client-B22ED198845A->f3174d56-9988-40ec-970b-d447ed545dfb@group-47B82E5F6106, cid=2165, SUCCESS, logIndex=3175, commits[f3174d56-9988-40ec-970b-d447ed545dfb:c3177, 3e713ff3-0d17-449f-90fa-609b20cf4c10:c3173, 34290298-343f-405c-af97-b2d19041b010:c3173]
2019-09-11 09:06:35,690 [grpc-default-executor-2] INFO  client.GrpcClientProtocolClient (GrpcClientProtocolClient.java:onNext(264)) - client-B22ED198845A->f3174d56-9988-40ec-970b-d447ed545dfb: receive RaftClientReply:client-B22ED198845A->f3174d56-9988-40ec-970b-d447ed545dfb@group-47B82E5F6106, cid=2166, SUCCESS, logIndex=3176, commits[f3174d56-9988-40ec-970b-d447ed545dfb:c3177, 3e713ff3-0d17-449f-90fa-609b20cf4c10:c3173, 34290298-343f-405c-af97-b2d19041b010:c3173]
2019-09-11 09:06:35,690 [grpc-default-executor-2] INFO  client.GrpcClientProtocolClient (GrpcClientProtocolClient.java:onNext(264)) - client-B22ED198845A->f3174d56-9988-40ec-970b-d447ed545dfb: receive RaftClientReply:client-B22ED198845A->f3174d56-9988-40ec-970b-d447ed545dfb@group-47B82E5F6106, cid=2167, SUCCESS, logIndex=3177, commits[f3174d56-9988-40ec-970b-d447ed545dfb:c3177, 3e713ff3-0d17-449f-90fa-609b20cf4c10:c3173, 34290298-343f-405c-af97-b2d19041b010:c3173]
2019-09-11 09:06:35,695 [grpc-default-executor-0] INFO  client.GrpcClientProtocolClient (GrpcClientProtocolClient.java:onNext(264)) - client-B22ED198845A->f3174d56-9988-40ec-970b-d447ed545dfb: receive RaftClientReply:client-B22ED198845A->f3174d56-9988-40ec-970b-d447ed545dfb@group-47B82E5F6106, cid=2168, SUCCESS, logIndex=0, commits[f3174d56-9988-40ec-970b-d447ed545dfb:c3179, 3e713ff3-0d17-449f-90fa-609b20cf4c10:c3176, 34290298-343f-405c-af97-b2d19041b010:c3176]
2019-09-11 09:06:35,706 [grpc-default-executor-2] INFO  client.GrpcClientProtocolClient (GrpcClientProtocolClient.java:onNext(264)) - client-B22ED198845A->f3174d56-9988-40ec-970b-d447ed545dfb: receive RaftClientReply:client-B22ED198845A->f3174d56-9988-40ec-970b-d447ed545dfb@group-47B82E5F6106, cid=2169, SUCCESS, logIndex=3182, commits[f3174d56-9988-40ec-970b-d447ed545dfb:c3183, 3e713ff3-0d17-449f-90fa-609b20cf4c10:c3181, 34290298-343f-405c-af97-b2d19041b010:c3177]
2019-09-11 09:06:35,706 [grpc-default-executor-2] INFO  client.GrpcClientProtocolClient (GrpcClientProtocolClient.java:onNext(264)) - client-B22ED198845A->f3174d56-9988-40ec-970b-d447ed545dfb: receive RaftClientReply:client-B22ED198845A->f3174d56-9988-40ec-970b-d447ed545dfb@group-47B82E5F6106, cid=2170, SUCCESS, logIndex=3183, commits[f3174d56-9988-40ec-970b-d447ed545dfb:c3183, 3e713ff3-0d17-449f-90fa-609b20cf4c10:c3181, 34290298-343f-405c-af97-b2d19041b010:c3177]
2019-09-11 09:06:35,736 [grpc-default-executor-1] INFO  client.GrpcClientProtocolClient (GrpcClientProtocolClient.java:onNext(264)) - client-B22ED198845A->f3174d56-9988-40ec-970b-d447ed545dfb: receive RaftClientReply:client-B22ED198845A->f3174d56-9988-40ec-970b-d447ed545dfb@group-47B82E5F6106, cid=2171, SUCCESS, logIndex=3185, commits[f3174d56-9988-40ec-970b-d447ed545dfb:c3186, 3e713ff3-0d17-449f-90fa-609b20cf4c10:c3184, 34290298-343f-405c-af97-b2d19041b010:c3184]
2019-09-11 09:06:35,736 [grpc-default-executor-1] INFO  client.GrpcClientProtocolClient (GrpcClientProtocolClient.java:onNext(264)) - client-B22ED198845A->f3174d56-9988-40ec-970b-d447ed545dfb: receive RaftClientReply:client-B22ED198845A->f3174d56-9988-40ec-970b-d447ed545dfb@group-47B82E5F6106, cid=2172, SUCCESS, logIndex=3186, commits[f3174d56-9988-40ec-970b-d447ed545dfb:c3186, 3e713ff3-0d17-449f-90fa-609b20cf4c10:c3184, 34290298-343f-405c-af97-b2d19041b010:c3184]
2019-09-11 09:06:35,749 [grpc-default-executor-1] INFO  client.GrpcClientProtocolClient (GrpcClientProtocolClient.java:onNext(264)) - client-B22ED198845A->f3174d56-9988-40ec-970b-d447ed545dfb: receive RaftClientReply:client-B22ED198845A->f3174d56-9988-40ec-970b-d447ed545dfb@group-47B82E5F6106, cid=2173, SUCCESS, logIndex=0, commits[f3174d56-9988-40ec-970b-d447ed545dfb:c3188, 3e713ff3-0d17-449f-90fa-609b20cf4c10:c3186, 34290298-343f-405c-af97-b2d19041b010:c3186]
2019-09-11 09:06:35,778 [grpc-default-executor-4] INFO  client.GrpcClientProtocolClient (GrpcClientProtocolClient.java:onNext(264)) - client-B22ED198845A->f3174d56-9988-40ec-970b-d447ed545dfb: receive RaftClientReply:client-B22ED198845A->f3174d56-9988-40ec-970b-d447ed545dfb@group-47B82E5F6106, cid=2174, SUCCESS, logIndex=3189, commits[f3174d56-9988-40ec-970b-d447ed545dfb:c3191, 3e713ff3-0d17-449f-90fa-609b20cf4c10:c3188, 34290298-343f-405c-af97-b2d19041b010:c3188]
2019-09-11 09:06:35,779 [grpc-default-executor-4] INFO  client.GrpcClientProtocolClient (GrpcClientProtocolClient.java:onNext(264)) - client-B22ED198845A->f3174d56-9988-40ec-970b-d447ed545dfb: receive RaftClientReply:client-B22ED198845A->f3174d56-9988-40ec-970b-d447ed545dfb@group-47B82E5F6106, cid=2175, SUCCESS, logIndex=3190, commits[f3174d56-9988-40ec-970b-d447ed545dfb:c3191, 3e713ff3-0d17-449f-90fa-609b20cf4c10:c3188, 34290298-343f-405c-af97-b2d19041b010:c3188]
2019-09-11 09:06:35,779 [grpc-default-executor-4] INFO  client.GrpcClientProtocolClient (GrpcClientProtocolClient.java:onNext(264)) - client-B22ED198845A->f3174d56-9988-40ec-970b-d447ed545dfb: receive RaftClientReply:client-B22ED198845A->f3174d56-9988-40ec-970b-d447ed545dfb@group-47B82E5F6106, cid=2176, SUCCESS, logIndex=3191, commits[f3174d56-9988-40ec-970b-d447ed545dfb:c3192, 3e713ff3-0d17-449f-90fa-609b20cf4c10:c3188, 34290298-343f-405c-af97-b2d19041b010:c3188]
2019-09-11 09:06:35,779 [grpc-default-executor-4] INFO  client.GrpcClientProtocolClient (GrpcClientProtocolClient.java:onNext(264)) - client-B22ED198845A->f3174d56-9988-40ec-970b-d447ed545dfb: receive RaftClientReply:client-B22ED198845A->f3174d56-9988-40ec-970b-d447ed545dfb@group-47B82E5F6106, cid=2177, SUCCESS, logIndex=3192, commits[f3174d56-9988-40ec-970b-d447ed545dfb:c3192, 3e713ff3-0d17-449f-90fa-609b20cf4c10:c3188, 34290298-343f-405c-af97-b2d19041b010:c3188]
2019-09-11 09:06:35,792 [grpc-default-executor-4] INFO  client.GrpcClientProtocolClient (GrpcClientProtocolClient.java:onNext(264)) - client-B22ED198845A->f3174d56-9988-40ec-970b-d447ed545dfb: receive RaftClientReply:client-B22ED198845A->f3174d56-9988-40ec-970b-d447ed545dfb@group-47B82E5F6106, cid=2178, SUCCESS, logIndex=0, commits[f3174d56-9988-40ec-970b-d447ed545dfb:c3193, 3e713ff3-0d17-449f-90fa-609b20cf4c10:c3190, 34290298-343f-405c-af97-b2d19041b010:c3190]
2019-09-11 09:06:35,804 [grpc-default-executor-4] INFO  client.GrpcClientProtocolClient (GrpcClientProtocolClient.java:onNext(264)) - client-B22ED198845A->f3174d56-9988-40ec-970b-d447ed545dfb: receive RaftClientReply:client-B22ED198845A->f3174d56-9988-40ec-970b-d447ed545dfb@group-47B82E5F6106, cid=2179, SUCCESS, logIndex=3197, commits[f3174d56-9988-40ec-970b-d447ed545dfb:c3198, 3e713ff3-0d17-449f-90fa-609b20cf4c10:c3193, 34290298-343f-405c-af97-b2d19041b010:c3192]
2019-09-11 09:06:35,805 [grpc-default-executor-4] INFO  client.GrpcClientProtocolClient (GrpcClientProtocolClient.java:onNext(264)) - client-B22ED198845A->f3174d56-9988-40ec-970b-d447ed545dfb: receive RaftClientReply:client-B22ED198845A->f3174d56-9988-40ec-970b-d447ed545dfb@group-47B82E5F6106, cid=2180, SUCCESS, logIndex=3198, commits[f3174d56-9988-40ec-970b-d447ed545dfb:c3198, 3e713ff3-0d17-449f-90fa-609b20cf4c10:c3193, 34290298-343f-405c-af97-b2d19041b010:c3192]
2019-09-11 09:06:35,822 [grpc-default-executor-1] INFO  client.GrpcClientProtocolClient (GrpcClientProtocolClient.java:onNext(264)) - client-B22ED198845A->f3174d56-9988-40ec-970b-d447ed545dfb: receive RaftClientReply:client-B22ED198845A->f3174d56-9988-40ec-970b-d447ed545dfb@group-47B82E5F6106, cid=2181, SUCCESS, logIndex=3201, commits[f3174d56-9988-40ec-970b-d447ed545dfb:c3202, 3e713ff3-0d17-449f-90fa-609b20cf4c10:c3198, 34290298-343f-405c-af97-b2d19041b010:c3200]
2019-09-11 09:06:35,822 [grpc-default-executor-1] INFO  client.GrpcClientProtocolClient (GrpcClientProtocolClient.java:onNext(264)) - client-B22ED198845A->f3174d56-9988-40ec-970b-d447ed545dfb: receive RaftClientReply:client-B22ED198845A->f3174d56-9988-40ec-970b-d447ed545dfb@group-47B82E5F6106, cid=2182, SUCCESS, logIndex=3202, commits[f3174d56-9988-40ec-970b-d447ed545dfb:c3202, 3e713ff3-0d17-449f-90fa-609b20cf4c10:c3198, 34290298-343f-405c-af97-b2d19041b010:c3200]
2019-09-11 09:06:35,845 [grpc-default-executor-1] INFO  client.GrpcClientProtocolClient (GrpcClientProtocolClient.java:onNext(264)) - client-B22ED198845A->f3174d56-9988-40ec-970b-d447ed545dfb: receive RaftClientReply:client-B22ED198845A->f3174d56-9988-40ec-970b-d447ed545dfb@group-47B82E5F6106, cid=2183, SUCCESS, logIndex=0, commits[f3174d56-9988-40ec-970b-d447ed545dfb:c3203, 3e713ff3-0d17-449f-90fa-609b20cf4c10:c3202, 34290298-343f-405c-af97-b2d19041b010:c3202]
2019-09-11 09:06:35,871 [grpc-default-executor-4] INFO  client.GrpcClientProtocolClient (GrpcClientProtocolClient.java:onNext(264)) - client-B22ED198845A->f3174d56-9988-40ec-970b-d447ed545dfb: receive RaftClientReply:client-B22ED198845A->f3174d56-9988-40ec-970b-d447ed545dfb@group-47B82E5F6106, cid=2184, SUCCESS, logIndex=3205, commits[f3174d56-9988-40ec-970b-d447ed545dfb:c3207, 3e713ff3-0d17-449f-90fa-609b20cf4c10:c3204, 34290298-343f-405c-af97-b2d19041b010:c3204]
2019-09-11 09:06:35,871 [grpc-default-executor-4] INFO  client.GrpcClientProtocolClient (GrpcClientProtocolClient.java:onNext(264)) - client-B22ED198845A->f3174d56-9988-40ec-970b-d447ed545dfb: receive RaftClientReply:client-B22ED198845A->f3174d56-9988-40ec-970b-d447ed545dfb@group-47B82E5F6106, cid=2185, SUCCESS, logIndex=3206, commits[f3174d56-9988-40ec-970b-d447ed545dfb:c3208, 3e713ff3-0d17-449f-90fa-609b20cf4c10:c3204, 34290298-343f-405c-af97-b2d19041b010:c3204]
2019-09-11 09:06:35,871 [grpc-default-executor-4] INFO  client.GrpcClientProtocolClient (GrpcClientProtocolClient.java:onNext(264)) - client-B22ED198845A->f3174d56-9988-40ec-970b-d447ed545dfb: receive RaftClientReply:client-B22ED198845A->f3174d56-9988-40ec-970b-d447ed545dfb@group-47B82E5F6106, cid=2186, SUCCESS, logIndex=3207, commits[f3174d56-9988-40ec-970b-d447ed545dfb:c3208, 3e713ff3-0d17-449f-90fa-609b20cf4c10:c3204, 34290298-343f-405c-af97-b2d19041b010:c3204]
2019-09-11 09:06:35,872 [grpc-default-executor-4] INFO  client.GrpcClientProtocolClient (GrpcClientProtocolClient.java:onNext(264)) - client-B22ED198845A->f3174d56-9988-40ec-970b-d447ed545dfb: receive RaftClientReply:client-B22ED198845A->f3174d56-9988-40ec-970b-d447ed545dfb@group-47B82E5F6106, cid=2187, SUCCESS, logIndex=3208, commits[f3174d56-9988-40ec-970b-d447ed545dfb:c3209, 3e713ff3-0d17-449f-90fa-609b20cf4c10:c3204, 34290298-343f-405c-af97-b2d19041b010:c3206]
2019-09-11 09:06:35,887 [grpc-default-executor-4] INFO  client.GrpcClientProtocolClient (GrpcClientProtocolClient.java:onNext(264)) - client-B22ED198845A->f3174d56-9988-40ec-970b-d447ed545dfb: receive RaftClientReply:client-B22ED198845A->f3174d56-9988-40ec-970b-d447ed545dfb@group-47B82E5F6106, cid=2188, SUCCESS, logIndex=0, commits[f3174d56-9988-40ec-970b-d447ed545dfb:c3212, 3e713ff3-0d17-449f-90fa-609b20cf4c10:c3206, 34290298-343f-405c-af97-b2d19041b010:c3208]
2019-09-11 09:06:35,907 [grpc-default-executor-5] INFO  client.GrpcClientProtocolClient (GrpcClientProtocolClient.java:onNext(264)) - client-B22ED198845A->f3174d56-9988-40ec-970b-d447ed545dfb: receive RaftClientReply:client-B22ED198845A->f3174d56-9988-40ec-970b-d447ed545dfb@group-47B82E5F6106, cid=2189, SUCCESS, logIndex=3213, commits[f3174d56-9988-40ec-970b-d447ed545dfb:c3214, 3e713ff3-0d17-449f-90fa-609b20cf4c10:c3212, 34290298-343f-405c-af97-b2d19041b010:c3212]
2019-09-11 09:06:35,907 [grpc-default-executor-5] INFO  client.GrpcClientProtocolClient (GrpcClientProtocolClient.java:onNext(264)) - client-B22ED198845A->f3174d56-9988-40ec-970b-d447ed545dfb: receive RaftClientReply:client-B22ED198845A->f3174d56-9988-40ec-970b-d447ed545dfb@group-47B82E5F6106, cid=2190, SUCCESS, logIndex=3214, commits[f3174d56-9988-40ec-970b-d447ed545dfb:c3214, 3e713ff3-0d17-449f-90fa-609b20cf4c10:c3212, 34290298-343f-405c-af97-b2d19041b010:c3212]
2019-09-11 09:06:35,918 [grpc-default-executor-1] INFO  client.GrpcClientProtocolClient (GrpcClientProtocolClient.java:onNext(264)) - client-B22ED198845A->f3174d56-9988-40ec-970b-d447ed545dfb: receive RaftClientReply:client-B22ED198845A->f3174d56-9988-40ec-970b-d447ed545dfb@group-47B82E5F6106, cid=2191, SUCCESS, logIndex=3217, commits[f3174d56-9988-40ec-970b-d447ed545dfb:c3218, 3e713ff3-0d17-449f-90fa-609b20cf4c10:c3215, 34290298-343f-405c-af97-b2d19041b010:c3214]
2019-09-11 09:06:35,918 [grpc-default-executor-1] INFO  client.GrpcClientProtocolClient (GrpcClientProtocolClient.java:onNext(264)) - client-B22ED198845A->f3174d56-9988-40ec-970b-d447ed545dfb: receive RaftClientReply:client-B22ED198845A->f3174d56-9988-40ec-970b-d447ed545dfb@group-47B82E5F6106, cid=2192, SUCCESS, logIndex=3218, commits[f3174d56-9988-40ec-970b-d447ed545dfb:c3218, 3e713ff3-0d17-449f-90fa-609b20cf4c10:c3215, 34290298-343f-405c-af97-b2d19041b010:c3215]
2019-09-11 09:06:35,922 [grpc-default-executor-1] INFO  client.GrpcClientProtocolClient (GrpcClientProtocolClient.java:onNext(264)) - client-B22ED198845A->f3174d56-9988-40ec-970b-d447ed545dfb: receive RaftClientReply:client-B22ED198845A->f3174d56-9988-40ec-970b-d447ed545dfb@group-47B82E5F6106, cid=2193, SUCCESS, logIndex=0, commits[f3174d56-9988-40ec-970b-d447ed545dfb:c3219, 3e713ff3-0d17-449f-90fa-609b20cf4c10:c3218, 34290298-343f-405c-af97-b2d19041b010:c3218]
2019-09-11 09:06:35,939 [grpc-default-executor-5] INFO  client.GrpcClientProtocolClient (GrpcClientProtocolClient.java:onNext(264)) - client-B22ED198845A->f3174d56-9988-40ec-970b-d447ed545dfb: receive RaftClientReply:client-B22ED198845A->f3174d56-9988-40ec-970b-d447ed545dfb@group-47B82E5F6106, cid=2194, SUCCESS, logIndex=3221, commits[f3174d56-9988-40ec-970b-d447ed545dfb:c3222, 3e713ff3-0d17-449f-90fa-609b20cf4c10:c3220, 34290298-343f-405c-af97-b2d19041b010:c3218]
2019-09-11 09:06:35,940 [grpc-default-executor-1] INFO  client.GrpcClientProtocolClient (GrpcClientProtocolClient.java:onNext(264)) - client-B22ED198845A->f3174d56-9988-40ec-970b-d447ed545dfb: receive RaftClientReply:client-B22ED198845A->f3174d56-9988-40ec-970b-d447ed545dfb@group-47B82E5F6106, cid=2195, SUCCESS, logIndex=3222, commits[f3174d56-9988-40ec-970b-d447ed545dfb:c3222, 3e713ff3-0d17-449f-90fa-609b20cf4c10:c3220, 34290298-343f-405c-af97-b2d19041b010:c3218]
2019-09-11 09:06:35,944 [grpc-default-executor-5] INFO  client.GrpcClientProtocolClient (GrpcClientProtocolClient.java:onNext(264)) - client-B22ED198845A->f3174d56-9988-40ec-970b-d447ed545dfb: receive RaftClientReply:client-B22ED198845A->f3174d56-9988-40ec-970b-d447ed545dfb@group-47B82E5F6106, cid=2196, SUCCESS, logIndex=3223, commits[f3174d56-9988-40ec-970b-d447ed545dfb:c3224, 3e713ff3-0d17-449f-90fa-609b20cf4c10:c3220, 34290298-343f-405c-af97-b2d19041b010:c3220]
2019-09-11 09:06:35,946 [grpc-default-executor-5] INFO  client.GrpcClientProtocolClient (GrpcClientProtocolClient.java:onNext(264)) - client-B22ED198845A->f3174d56-9988-40ec-970b-d447ed545dfb: receive RaftClientReply:client-B22ED198845A->f3174d56-9988-40ec-970b-d447ed545dfb@group-47B82E5F6106, cid=2197, SUCCESS, logIndex=3224, commits[f3174d56-9988-40ec-970b-d447ed545dfb:c3226, 3e713ff3-0d17-449f-90fa-609b20cf4c10:c3222, 34290298-343f-405c-af97-b2d19041b010:c3220]
2019-09-11 09:06:35,947 [grpc-default-executor-1] INFO  client.GrpcClientProtocolClient (GrpcClientProtocolClient.java:onNext(264)) - client-B22ED198845A->f3174d56-9988-40ec-970b-d447ed545dfb: receive RaftClientReply:client-B22ED198845A->f3174d56-9988-40ec-970b-d447ed545dfb@group-47B82E5F6106, cid=2198, SUCCESS, logIndex=0, commits[f3174d56-9988-40ec-970b-d447ed545dfb:c3228, 3e713ff3-0d17-449f-90fa-609b20cf4c10:c3223, 34290298-343f-405c-af97-b2d19041b010:c3224]
2019-09-11 09:06:36,105 [grpc-default-executor-5] INFO  client.GrpcClientProtocolClient (GrpcClientProtocolClient.java:onNext(264)) - client-B22ED198845A->f3174d56-9988-40ec-970b-d447ed545dfb: receive RaftClientReply:client-B22ED198845A->f3174d56-9988-40ec-970b-d447ed545dfb@group-47B82E5F6106, cid=2199, SUCCESS, logIndex=3229, commits[f3174d56-9988-40ec-970b-d447ed545dfb:c3230, 3e713ff3-0d17-449f-90fa-609b20cf4c10:c3228, 34290298-343f-405c-af97-b2d19041b010:c3228]
2019-09-11 09:06:36,106 [grpc-default-executor-5] INFO  client.GrpcClientProtocolClient (GrpcClientProtocolClient.java:onNext(264)) - client-B22ED198845A->f3174d56-9988-40ec-970b-d447ed545dfb: receive RaftClientReply:client-B22ED198845A->f3174d56-9988-40ec-970b-d447ed545dfb@group-47B82E5F6106, cid=2200, SUCCESS, logIndex=3230, commits[f3174d56-9988-40ec-970b-d447ed545dfb:c3230, 3e713ff3-0d17-449f-90fa-609b20cf4c10:c3228, 34290298-343f-405c-af97-b2d19041b010:c3228]
2019-09-11 09:06:36,138 [grpc-default-executor-5] INFO  client.GrpcClientProtocolClient (GrpcClientProtocolClient.java:onNext(264)) - client-B22ED198845A->f3174d56-9988-40ec-970b-d447ed545dfb: receive RaftClientReply:client-B22ED198845A->f3174d56-9988-40ec-970b-d447ed545dfb@group-47B82E5F6106, cid=2201, SUCCESS, logIndex=3233, commits[f3174d56-9988-40ec-970b-d447ed545dfb:c3234, 3e713ff3-0d17-449f-90fa-609b20cf4c10:c3230, 34290298-343f-405c-af97-b2d19041b010:c3230]
2019-09-11 09:06:36,139 [grpc-default-executor-5] INFO  client.GrpcClientProtocolClient (GrpcClientProtocolClient.java:onNext(264)) - client-B22ED198845A->f3174d56-9988-40ec-970b-d447ed545dfb: receive RaftClientReply:client-B22ED198845A->f3174d56-9988-40ec-970b-d447ed545dfb@group-47B82E5F6106, cid=2202, SUCCESS, logIndex=3234, commits[f3174d56-9988-40ec-970b-d447ed545dfb:c3234, 3e713ff3-0d17-449f-90fa-609b20cf4c10:c3230, 34290298-343f-405c-af97-b2d19041b010:c3230]
2019-09-11 09:06:36,145 [grpc-default-executor-5] INFO  client.GrpcClientProtocolClient (GrpcClientProtocolClient.java:onNext(264)) - client-B22ED198845A->f3174d56-9988-40ec-970b-d447ed545dfb: receive RaftClientReply:client-B22ED198845A->f3174d56-9988-40ec-970b-d447ed545dfb@group-47B82E5F6106, cid=2203, SUCCESS, logIndex=0, commits[f3174d56-9988-40ec-970b-d447ed545dfb:c3236, 3e713ff3-0d17-449f-90fa-609b20cf4c10:c3234, 34290298-343f-405c-af97-b2d19041b010:c3234]
2019-09-11 09:06:36,167 [grpc-default-executor-1] INFO  client.GrpcClientProtocolClient (GrpcClientProtocolClient.java:onNext(264)) - client-B22ED198845A->f3174d56-9988-40ec-970b-d447ed545dfb: receive RaftClientReply:client-B22ED198845A->f3174d56-9988-40ec-970b-d447ed545dfb@group-47B82E5F6106, cid=2204, SUCCESS, logIndex=3237, commits[f3174d56-9988-40ec-970b-d447ed545dfb:c3238, 3e713ff3-0d17-449f-90fa-609b20cf4c10:c3236, 34290298-343f-405c-af97-b2d19041b010:c3234]
2019-09-11 09:06:36,168 [grpc-default-executor-1] INFO  client.GrpcClientProtocolClient (GrpcClientProtocolClient.java:onNext(264)) - client-B22ED198845A->f3174d56-9988-40ec-970b-d447ed545dfb: receive RaftClientReply:client-B22ED198845A->f3174d56-9988-40ec-970b-d447ed545dfb@group-47B82E5F6106, cid=2205, SUCCESS, logIndex=3238, commits[f3174d56-9988-40ec-970b-d447ed545dfb:c3238, 3e713ff3-0d17-449f-90fa-609b20cf4c10:c3236, 34290298-343f-405c-af97-b2d19041b010:c3236]
2019-09-11 09:06:36,174 [grpc-default-executor-4] INFO  client.GrpcClientProtocolClient (GrpcClientProtocolClient.java:onNext(264)) - client-B22ED198845A->f3174d56-9988-40ec-970b-d447ed545dfb: receive RaftClientReply:client-B22ED198845A->f3174d56-9988-40ec-970b-d447ed545dfb@group-47B82E5F6106, cid=2206, SUCCESS, logIndex=3239, commits[f3174d56-9988-40ec-970b-d447ed545dfb:c3240, 3e713ff3-0d17-449f-90fa-609b20cf4c10:c3236, 34290298-343f-405c-af97-b2d19041b010:c3236]
2019-09-11 09:06:36,174 [grpc-default-executor-1] INFO  client.GrpcClientProtocolClient (GrpcClientProtocolClient.java:onNext(264)) - client-B22ED198845A->f3174d56-9988-40ec-970b-d447ed545dfb: receive RaftClientReply:client-B22ED198845A->f3174d56-9988-40ec-970b-d447ed545dfb@group-47B82E5F6106, cid=2207, SUCCESS, logIndex=3240, commits[f3174d56-9988-40ec-970b-d447ed545dfb:c3241, 3e713ff3-0d17-449f-90fa-609b20cf4c10:c3237, 34290298-343f-405c-af97-b2d19041b010:c3237]
2019-09-11 09:06:36,175 [grpc-default-executor-1] INFO  client.GrpcClientProtocolClient (GrpcClientProtocolClient.java:onNext(264)) - client-B22ED198845A->f3174d56-9988-40ec-970b-d447ed545dfb: receive RaftClientReply:client-B22ED198845A->f3174d56-9988-40ec-970b-d447ed545dfb@group-47B82E5F6106, cid=2208, SUCCESS, logIndex=0, commits[f3174d56-9988-40ec-970b-d447ed545dfb:c3242, 3e713ff3-0d17-449f-90fa-609b20cf4c10:c3238, 34290298-343f-405c-af97-b2d19041b010:c3238]
2019-09-11 09:06:36,187 [grpc-default-executor-1] INFO  client.GrpcClientProtocolClient (GrpcClientProtocolClient.java:onNext(264)) - client-B22ED198845A->f3174d56-9988-40ec-970b-d447ed545dfb: receive RaftClientReply:client-B22ED198845A->f3174d56-9988-40ec-970b-d447ed545dfb@group-47B82E5F6106, cid=2209, SUCCESS, logIndex=3245, commits[f3174d56-9988-40ec-970b-d447ed545dfb:c3246, 3e713ff3-0d17-449f-90fa-609b20cf4c10:c3240, 34290298-343f-405c-af97-b2d19041b010:c3242]
2019-09-11 09:06:36,187 [grpc-default-executor-1] INFO  client.GrpcClientProtocolClient (GrpcClientProtocolClient.java:onNext(264)) - client-B22ED198845A->f3174d56-9988-40ec-970b-d447ed545dfb: receive RaftClientReply:client-B22ED198845A->f3174d56-9988-40ec-970b-d447ed545dfb@group-47B82E5F6106, cid=2210, SUCCESS, logIndex=3246, commits[f3174d56-9988-40ec-970b-d447ed545dfb:c3246, 3e713ff3-0d17-449f-90fa-609b20cf4c10:c3242, 34290298-343f-405c-af97-b2d19041b010:c3242]
2019-09-11 09:06:36,199 [grpc-default-executor-5] INFO  client.GrpcClientProtocolClient (GrpcClientProtocolClient.java:onNext(264)) - client-B22ED198845A->f3174d56-9988-40ec-970b-d447ed545dfb: receive RaftClientReply:client-B22ED198845A->f3174d56-9988-40ec-970b-d447ed545dfb@group-47B82E5F6106, cid=2211, SUCCESS, logIndex=3249, commits[f3174d56-9988-40ec-970b-d447ed545dfb:c3250, 3e713ff3-0d17-449f-90fa-609b20cf4c10:c3248, 34290298-343f-405c-af97-b2d19041b010:c3246]
2019-09-11 09:06:36,199 [grpc-default-executor-5] INFO  client.GrpcClientProtocolClient (GrpcClientProtocolClient.java:onNext(264)) - client-B22ED198845A->f3174d56-9988-40ec-970b-d447ed545dfb: receive RaftClientReply:client-B22ED198845A->f3174d56-9988-40ec-970b-d447ed545dfb@group-47B82E5F6106, cid=2212, SUCCESS, logIndex=3250, commits[f3174d56-9988-40ec-970b-d447ed545dfb:c3250, 3e713ff3-0d17-449f-90fa-609b20cf4c10:c3248, 34290298-343f-405c-af97-b2d19041b010:c3246]
2019-09-11 09:06:36,206 [grpc-default-executor-5] INFO  client.GrpcClientProtocolClient (GrpcClientProtocolClient.java:onNext(264)) - client-B22ED198845A->f3174d56-9988-40ec-970b-d447ed545dfb: receive RaftClientReply:client-B22ED198845A->f3174d56-9988-40ec-970b-d447ed545dfb@group-47B82E5F6106, cid=2213, SUCCESS, logIndex=0, commits[f3174d56-9988-40ec-970b-d447ed545dfb:c3252, 3e713ff3-0d17-449f-90fa-609b20cf4c10:c3250, 34290298-343f-405c-af97-b2d19041b010:c3250]
2019-09-11 09:06:36,227 [grpc-default-executor-4] INFO  client.GrpcClientProtocolClient (GrpcClientProtocolClient.java:onNext(264)) - client-B22ED198845A->f3174d56-9988-40ec-970b-d447ed545dfb: receive RaftClientReply:client-B22ED198845A->f3174d56-9988-40ec-970b-d447ed545dfb@group-47B82E5F6106, cid=2214, SUCCESS, logIndex=3253, commits[f3174d56-9988-40ec-970b-d447ed545dfb:c3256, 3e713ff3-0d17-449f-90fa-609b20cf4c10:c3250, 34290298-343f-405c-af97-b2d19041b010:c3252]
2019-09-11 09:06:36,227 [grpc-default-executor-4] INFO  client.GrpcClientProtocolClient (GrpcClientProtocolClient.java:onNext(264)) - client-B22ED198845A->f3174d56-9988-40ec-970b-d447ed545dfb: receive RaftClientReply:client-B22ED198845A->f3174d56-9988-40ec-970b-d447ed545dfb@group-47B82E5F6106, cid=2215, SUCCESS, logIndex=3254, commits[f3174d56-9988-40ec-970b-d447ed545dfb:c3256, 3e713ff3-0d17-449f-90fa-609b20cf4c10:c3250, 34290298-343f-405c-af97-b2d19041b010:c3252]
2019-09-11 09:06:36,227 [grpc-default-executor-4] INFO  client.GrpcClientProtocolClient (GrpcClientProtocolClient.java:onNext(264)) - client-B22ED198845A->f3174d56-9988-40ec-970b-d447ed545dfb: receive RaftClientReply:client-B22ED198845A->f3174d56-9988-40ec-970b-d447ed545dfb@group-47B82E5F6106, cid=2216, SUCCESS, logIndex=3255, commits[f3174d56-9988-40ec-970b-d447ed545dfb:c3256, 3e713ff3-0d17-449f-90fa-609b20cf4c10:c3250, 34290298-343f-405c-af97-b2d19041b010:c3252]
2019-09-11 09:06:36,227 [grpc-default-executor-4] INFO  client.GrpcClientProtocolClient (GrpcClientProtocolClient.java:onNext(264)) - client-B22ED198845A->f3174d56-9988-40ec-970b-d447ed545dfb: receive RaftClientReply:client-B22ED198845A->f3174d56-9988-40ec-970b-d447ed545dfb@group-47B82E5F6106, cid=2217, SUCCESS, logIndex=3256, commits[f3174d56-9988-40ec-970b-d447ed545dfb:c3256, 3e713ff3-0d17-449f-90fa-609b20cf4c10:c3250, 34290298-343f-405c-af97-b2d19041b010:c3252]
2019-09-11 09:06:36,231 [grpc-default-executor-5] INFO  client.GrpcClientProtocolClient (GrpcClientProtocolClient.java:onNext(264)) - client-B22ED198845A->f3174d56-9988-40ec-970b-d447ed545dfb: receive RaftClientReply:client-B22ED198845A->f3174d56-9988-40ec-970b-d447ed545dfb@group-47B82E5F6106, cid=2218, SUCCESS, logIndex=0, commits[f3174d56-9988-40ec-970b-d447ed545dfb:c3257, 3e713ff3-0d17-449f-90fa-609b20cf4c10:c3256, 34290298-343f-405c-af97-b2d19041b010:c3255]
2019-09-11 09:06:36,243 [grpc-default-executor-5] INFO  client.GrpcClientProtocolClient (GrpcClientProtocolClient.java:onNext(264)) - client-B22ED198845A->f3174d56-9988-40ec-970b-d447ed545dfb: receive RaftClientReply:client-B22ED198845A->f3174d56-9988-40ec-970b-d447ed545dfb@group-47B82E5F6106, cid=2219, SUCCESS, logIndex=3260, commits[f3174d56-9988-40ec-970b-d447ed545dfb:c3261, 3e713ff3-0d17-449f-90fa-609b20cf4c10:c3256, 34290298-343f-405c-af97-b2d19041b010:c3259]
2019-09-11 09:06:36,243 [grpc-default-executor-5] INFO  client.GrpcClientProtocolClient (GrpcClientProtocolClient.java:onNext(264)) - client-B22ED198845A->f3174d56-9988-40ec-970b-d447ed545dfb: receive RaftClientReply:client-B22ED198845A->f3174d56-9988-40ec-970b-d447ed545dfb@group-47B82E5F6106, cid=2220, SUCCESS, logIndex=3261, commits[f3174d56-9988-40ec-970b-d447ed545dfb:c3261, 3e713ff3-0d17-449f-90fa-609b20cf4c10:c3259, 34290298-343f-405c-af97-b2d19041b010:c3259]
2019-09-11 09:06:36,254 [grpc-default-executor-4] INFO  client.GrpcClientProtocolClient (GrpcClientProtocolClient.java:onNext(264)) - client-B22ED198845A->f3174d56-9988-40ec-970b-d447ed545dfb: receive RaftClientReply:client-B22ED198845A->f3174d56-9988-40ec-970b-d447ed545dfb@group-47B82E5F6106, cid=2221, SUCCESS, logIndex=3264, commits[f3174d56-9988-40ec-970b-d447ed545dfb:c3265, 3e713ff3-0d17-449f-90fa-609b20cf4c10:c3262, 34290298-343f-405c-af97-b2d19041b010:c3261]
2019-09-11 09:06:36,254 [grpc-default-executor-4] INFO  client.GrpcClientProtocolClient (GrpcClientProtocolClient.java:onNext(264)) - client-B22ED198845A->f3174d56-9988-40ec-970b-d447ed545dfb: receive RaftClientReply:client-B22ED198845A->f3174d56-9988-40ec-970b-d447ed545dfb@group-47B82E5F6106, cid=2222, SUCCESS, logIndex=3265, commits[f3174d56-9988-40ec-970b-d447ed545dfb:c3265, 3e713ff3-0d17-449f-90fa-609b20cf4c10:c3262, 34290298-343f-405c-af97-b2d19041b010:c3262]
2019-09-11 09:06:36,257 [grpc-default-executor-4] INFO  client.GrpcClientProtocolClient (GrpcClientProtocolClient.java:onNext(264)) - client-B22ED198845A->f3174d56-9988-40ec-970b-d447ed545dfb: receive RaftClientReply:client-B22ED198845A->f3174d56-9988-40ec-970b-d447ed545dfb@group-47B82E5F6106, cid=2223, SUCCESS, logIndex=0, commits[f3174d56-9988-40ec-970b-d447ed545dfb:c3266, 3e713ff3-0d17-449f-90fa-609b20cf4c10:c3265, 34290298-343f-405c-af97-b2d19041b010:c3265]
2019-09-11 09:06:36,294 [grpc-default-executor-5] INFO  client.GrpcClientProtocolClient (GrpcClientProtocolClient.java:onNext(264)) - client-B22ED198845A->f3174d56-9988-40ec-970b-d447ed545dfb: receive RaftClientReply:client-B22ED198845A->f3174d56-9988-40ec-970b-d447ed545dfb@group-47B82E5F6106, cid=2224, SUCCESS, logIndex=3268, commits[f3174d56-9988-40ec-970b-d447ed545dfb:c3269, 3e713ff3-0d17-449f-90fa-609b20cf4c10:c3267, 34290298-343f-405c-af97-b2d19041b010:c3265]
2019-09-11 09:06:36,295 [grpc-default-executor-5] INFO  client.GrpcClientProtocolClient (GrpcClientProtocolClient.java:onNext(264)) - client-B22ED198845A->f3174d56-9988-40ec-970b-d447ed545dfb: receive RaftClientReply:client-B22ED198845A->f3174d56-9988-40ec-970b-d447ed545dfb@group-47B82E5F6106, cid=2225, SUCCESS, logIndex=3269, commits[f3174d56-9988-40ec-970b-d447ed545dfb:c3271, 3e713ff3-0d17-449f-90fa-609b20cf4c10:c3267, 34290298-343f-405c-af97-b2d19041b010:c3267]
2019-09-11 09:06:36,295 [grpc-default-executor-5] INFO  client.GrpcClientProtocolClient (GrpcClientProtocolClient.java:onNext(264)) - client-B22ED198845A->f3174d56-9988-40ec-970b-d447ed545dfb: receive RaftClientReply:client-B22ED198845A->f3174d56-9988-40ec-970b-d447ed545dfb@group-47B82E5F6106, cid=2226, SUCCESS, logIndex=3270, commits[f3174d56-9988-40ec-970b-d447ed545dfb:c3271, 3e713ff3-0d17-449f-90fa-609b20cf4c10:c3267, 34290298-343f-405c-af97-b2d19041b010:c3267]
2019-09-11 09:06:36,296 [grpc-default-executor-5] INFO  client.GrpcClientProtocolClient (GrpcClientProtocolClient.java:onNext(264)) - client-B22ED198845A->f3174d56-9988-40ec-970b-d447ed545dfb: receive RaftClientReply:client-B22ED198845A->f3174d56-9988-40ec-970b-d447ed545dfb@group-47B82E5F6106, cid=2227, SUCCESS, logIndex=3271, commits[f3174d56-9988-40ec-970b-d447ed545dfb:c3272, 3e713ff3-0d17-449f-90fa-609b20cf4c10:c3269, 34290298-343f-405c-af97-b2d19041b010:c3269]
2019-09-11 09:06:36,310 [grpc-default-executor-4] INFO  client.GrpcClientProtocolClient (GrpcClientProtocolClient.java:onNext(264)) - client-B22ED198845A->f3174d56-9988-40ec-970b-d447ed545dfb: receive RaftClientReply:client-B22ED198845A->f3174d56-9988-40ec-970b-d447ed545dfb@group-47B82E5F6106, cid=2228, SUCCESS, logIndex=3275, commits[f3174d56-9988-40ec-970b-d447ed545dfb:c3276, 3e713ff3-0d17-449f-90fa-609b20cf4c10:c3274, 34290298-343f-405c-af97-b2d19041b010:c3271]
2019-09-11 09:06:36,310 [grpc-default-executor-4] INFO  client.GrpcClientProtocolClient (GrpcClientProtocolClient.java:onNext(264)) - client-B22ED198845A->f3174d56-9988-40ec-970b-d447ed545dfb: receive RaftClientReply:client-B22ED198845A->f3174d56-9988-40ec-970b-d447ed545dfb@group-47B82E5F6106, cid=2229, SUCCESS, logIndex=3276, commits[f3174d56-9988-40ec-970b-d447ed545dfb:c3276, 3e713ff3-0d17-449f-90fa-609b20cf4c10:c3274, 34290298-343f-405c-af97-b2d19041b010:c3274]
2019-09-11 09:06:36,330 [grpc-default-executor-5] INFO  client.GrpcClientProtocolClient (GrpcClientProtocolClient.java:onNext(264)) - client-B22ED198845A->f3174d56-9988-40ec-970b-d447ed545dfb: receive RaftClientReply:client-B22ED198845A->f3174d56-9988-40ec-970b-d447ed545dfb@group-47B82E5F6106, cid=2230, SUCCESS, logIndex=3279, commits[f3174d56-9988-40ec-970b-d447ed545dfb:c3280, 3e713ff3-0d17-449f-90fa-609b20cf4c10:c3278, 34290298-343f-405c-af97-b2d19041b010:c3278]
2019-09-11 09:06:36,330 [grpc-default-executor-5] INFO  client.GrpcClientProtocolClient (GrpcClientProtocolClient.java:onNext(264)) - client-B22ED198845A->f3174d56-9988-40ec-970b-d447ed545dfb: receive RaftClientReply:client-B22ED198845A->f3174d56-9988-40ec-970b-d447ed545dfb@group-47B82E5F6106, cid=2231, SUCCESS, logIndex=3280, commits[f3174d56-9988-40ec-970b-d447ed545dfb:c3280, 3e713ff3-0d17-449f-90fa-609b20cf4c10:c3278, 34290298-343f-405c-af97-b2d19041b010:c3278]
2019-09-11 09:06:36,354 [grpc-default-executor-5] INFO  client.GrpcClientProtocolClient (GrpcClientProtocolClient.java:onNext(264)) - client-B22ED198845A->f3174d56-9988-40ec-970b-d447ed545dfb: receive RaftClientReply:client-B22ED198845A->f3174d56-9988-40ec-970b-d447ed545dfb@group-47B82E5F6106, cid=2232, SUCCESS, logIndex=0, commits[f3174d56-9988-40ec-970b-d447ed545dfb:c3282, 3e713ff3-0d17-449f-90fa-609b20cf4c10:c3280, 34290298-343f-405c-af97-b2d19041b010:c3280]
2019-09-11 09:06:36,385 [grpc-default-executor-4] INFO  client.GrpcClientProtocolClient (GrpcClientProtocolClient.java:onNext(264)) - client-B22ED198845A->f3174d56-9988-40ec-970b-d447ed545dfb: receive RaftClientReply:client-B22ED198845A->f3174d56-9988-40ec-970b-d447ed545dfb@group-47B82E5F6106, cid=2233, SUCCESS, logIndex=3283, commits[f3174d56-9988-40ec-970b-d447ed545dfb:c3286, 3e713ff3-0d17-449f-90fa-609b20cf4c10:c3282, 34290298-343f-405c-af97-b2d19041b010:c3282]
2019-09-11 09:06:36,386 [grpc-default-executor-4] INFO  client.GrpcClientProtocolClient (GrpcClientProtocolClient.java:onNext(264)) - client-B22ED198845A->f3174d56-9988-40ec-970b-d447ed545dfb: receive RaftClientReply:client-B22ED198845A->f3174d56-9988-40ec-970b-d447ed545dfb@group-47B82E5F6106, cid=2234, SUCCESS, logIndex=3284, commits[f3174d56-9988-40ec-970b-d447ed545dfb:c3286, 3e713ff3-0d17-449f-90fa-609b20cf4c10:c3282, 34290298-343f-405c-af97-b2d19041b010:c3282]
2019-09-11 09:06:36,387 [grpc-default-executor-4] INFO  client.GrpcClientProtocolClient (GrpcClientProtocolClient.java:onNext(264)) - client-B22ED198845A->f3174d56-9988-40ec-970b-d447ed545dfb: receive RaftClientReply:client-B22ED198845A->f3174d56-9988-40ec-970b-d447ed545dfb@group-47B82E5F6106, cid=2235, SUCCESS, logIndex=3285, commits[f3174d56-9988-40ec-970b-d447ed545dfb:c3286, 3e713ff3-0d17-449f-90fa-609b20cf4c10:c3282, 34290298-343f-405c-af97-b2d19041b010:c3282]
2019-09-11 09:06:36,387 [grpc-default-executor-4] INFO  client.GrpcClientProtocolClient (GrpcClientProtocolClient.java:onNext(264)) - client-B22ED198845A->f3174d56-9988-40ec-970b-d447ed545dfb: receive RaftClientReply:client-B22ED198845A->f3174d56-9988-40ec-970b-d447ed545dfb@group-47B82E5F6106, cid=2236, SUCCESS, logIndex=3286, commits[f3174d56-9988-40ec-970b-d447ed545dfb:c3286, 3e713ff3-0d17-449f-90fa-609b20cf4c10:c3282, 34290298-343f-405c-af97-b2d19041b010:c3282]
2019-09-11 09:06:36,399 [grpc-default-executor-4] INFO  client.GrpcClientProtocolClient (GrpcClientProtocolClient.java:onNext(264)) - client-B22ED198845A->f3174d56-9988-40ec-970b-d447ed545dfb: receive RaftClientReply:client-B22ED198845A->f3174d56-9988-40ec-970b-d447ed545dfb@group-47B82E5F6106, cid=2237, SUCCESS, logIndex=0, commits[f3174d56-9988-40ec-970b-d447ed545dfb:c3287, 3e713ff3-0d17-449f-90fa-609b20cf4c10:c3286, 34290298-343f-405c-af97-b2d19041b010:c3286]
2019-09-11 09:06:36,423 [grpc-default-executor-4] INFO  client.GrpcClientProtocolClient (GrpcClientProtocolClient.java:onNext(264)) - client-B22ED198845A->f3174d56-9988-40ec-970b-d447ed545dfb: receive RaftClientReply:client-B22ED198845A->f3174d56-9988-40ec-970b-d447ed545dfb@group-47B82E5F6106, cid=2238, SUCCESS, logIndex=3289, commits[f3174d56-9988-40ec-970b-d447ed545dfb:c3290, 3e713ff3-0d17-449f-90fa-609b20cf4c10:c3287, 34290298-343f-405c-af97-b2d19041b010:c3287]
2019-09-11 09:06:36,424 [grpc-default-executor-4] INFO  client.GrpcClientProtocolClient (GrpcClientProtocolClient.java:onNext(264)) - client-B22ED198845A->f3174d56-9988-40ec-970b-d447ed545dfb: receive RaftClientReply:client-B22ED198845A->f3174d56-9988-40ec-970b-d447ed545dfb@group-47B82E5F6106, cid=2239, SUCCESS, logIndex=3290, commits[f3174d56-9988-40ec-970b-d447ed545dfb:c3290, 3e713ff3-0d17-449f-90fa-609b20cf4c10:c3287, 34290298-343f-405c-af97-b2d19041b010:c3287]
2019-09-11 09:06:36,445 [grpc-default-executor-1] INFO  client.GrpcClientProtocolClient (GrpcClientProtocolClient.java:onNext(264)) - client-B22ED198845A->f3174d56-9988-40ec-970b-d447ed545dfb: receive RaftClientReply:client-B22ED198845A->f3174d56-9988-40ec-970b-d447ed545dfb@group-47B82E5F6106, cid=2240, SUCCESS, logIndex=3293, commits[f3174d56-9988-40ec-970b-d447ed545dfb:c3294, 3e713ff3-0d17-449f-90fa-609b20cf4c10:c3292, 34290298-343f-405c-af97-b2d19041b010:c3292]
2019-09-11 09:06:36,445 [grpc-default-executor-1] INFO  client.GrpcClientProtocolClient (GrpcClientProtocolClient.java:onNext(264)) - client-B22ED198845A->f3174d56-9988-40ec-970b-d447ed545dfb: receive RaftClientReply:client-B22ED198845A->f3174d56-9988-40ec-970b-d447ed545dfb@group-47B82E5F6106, cid=2241, SUCCESS, logIndex=3294, commits[f3174d56-9988-40ec-970b-d447ed545dfb:c3294, 3e713ff3-0d17-449f-90fa-609b20cf4c10:c3292, 34290298-343f-405c-af97-b2d19041b010:c3292]
2019-09-11 09:06:36,459 [grpc-default-executor-5] INFO  client.GrpcClientProtocolClient (GrpcClientProtocolClient.java:onNext(264)) - client-B22ED198845A->f3174d56-9988-40ec-970b-d447ed545dfb: receive RaftClientReply:client-B22ED198845A->f3174d56-9988-40ec-970b-d447ed545dfb@group-47B82E5F6106, cid=2242, SUCCESS, logIndex=0, commits[f3174d56-9988-40ec-970b-d447ed545dfb:c3296, 3e713ff3-0d17-449f-90fa-609b20cf4c10:c3294, 34290298-343f-405c-af97-b2d19041b010:c3294]
2019-09-11 09:06:36,482 [grpc-default-executor-5] INFO  client.GrpcClientProtocolClient (GrpcClientProtocolClient.java:onNext(264)) - client-B22ED198845A->f3174d56-9988-40ec-970b-d447ed545dfb: receive RaftClientReply:client-B22ED198845A->f3174d56-9988-40ec-970b-d447ed545dfb@group-47B82E5F6106, cid=2243, SUCCESS, logIndex=3297, commits[f3174d56-9988-40ec-970b-d447ed545dfb:c3298, 3e713ff3-0d17-449f-90fa-609b20cf4c10:c3296, 34290298-343f-405c-af97-b2d19041b010:c3294]
2019-09-11 09:06:36,483 [grpc-default-executor-5] INFO  client.GrpcClientProtocolClient (GrpcClientProtocolClient.java:onNext(264)) - client-B22ED198845A->f3174d56-9988-40ec-970b-d447ed545dfb: receive RaftClientReply:client-B22ED198845A->f3174d56-9988-40ec-970b-d447ed545dfb@group-47B82E5F6106, cid=2244, SUCCESS, logIndex=3298, commits[f3174d56-9988-40ec-970b-d447ed545dfb:c3298, 3e713ff3-0d17-449f-90fa-609b20cf4c10:c3296, 34290298-343f-405c-af97-b2d19041b010:c3294]
2019-09-11 09:06:36,486 [grpc-default-executor-5] INFO  client.GrpcClientProtocolClient (GrpcClientProtocolClient.java:onNext(264)) - client-B22ED198845A->f3174d56-9988-40ec-970b-d447ed545dfb: receive RaftClientReply:client-B22ED198845A->f3174d56-9988-40ec-970b-d447ed545dfb@group-47B82E5F6106, cid=2245, SUCCESS, logIndex=3299, commits[f3174d56-9988-40ec-970b-d447ed545dfb:c3300, 3e713ff3-0d17-449f-90fa-609b20cf4c10:c3296, 34290298-343f-405c-af97-b2d19041b010:c3296]
2019-09-11 09:06:36,486 [grpc-default-executor-4] INFO  client.GrpcClientProtocolClient (GrpcClientProtocolClient.java:onNext(264)) - client-B22ED198845A->f3174d56-9988-40ec-970b-d447ed545dfb: receive RaftClientReply:client-B22ED198845A->f3174d56-9988-40ec-970b-d447ed545dfb@group-47B82E5F6106, cid=2246, SUCCESS, logIndex=3300, commits[f3174d56-9988-40ec-970b-d447ed545dfb:c3301, 3e713ff3-0d17-449f-90fa-609b20cf4c10:c3297, 34290298-343f-405c-af97-b2d19041b010:c3296]
2019-09-11 09:06:36,487 [grpc-default-executor-4] INFO  client.GrpcClientProtocolClient (GrpcClientProtocolClient.java:onNext(264)) - client-B22ED198845A->f3174d56-9988-40ec-970b-d447ed545dfb: receive RaftClientReply:client-B22ED198845A->f3174d56-9988-40ec-970b-d447ed545dfb@group-47B82E5F6106, cid=2247, SUCCESS, logIndex=0, commits[f3174d56-9988-40ec-970b-d447ed545dfb:c3302, 3e713ff3-0d17-449f-90fa-609b20cf4c10:c3298, 34290298-343f-405c-af97-b2d19041b010:c3298]
2019-09-11 09:06:36,499 [grpc-default-executor-0] INFO  client.GrpcClientProtocolClient (GrpcClientProtocolClient.java:onNext(264)) - client-B22ED198845A->f3174d56-9988-40ec-970b-d447ed545dfb: receive RaftClientReply:client-B22ED198845A->f3174d56-9988-40ec-970b-d447ed545dfb@group-47B82E5F6106, cid=2248, SUCCESS, logIndex=3305, commits[f3174d56-9988-40ec-970b-d447ed545dfb:c3306, 3e713ff3-0d17-449f-90fa-609b20cf4c10:c3300, 34290298-343f-405c-af97-b2d19041b010:c3304]
2019-09-11 09:06:36,499 [grpc-default-executor-0] INFO  client.GrpcClientProtocolClient (GrpcClientProtocolClient.java:onNext(264)) - client-B22ED198845A->f3174d56-9988-40ec-970b-d447ed545dfb: receive RaftClientReply:client-B22ED198845A->f3174d56-9988-40ec-970b-d447ed545dfb@group-47B82E5F6106, cid=2249, SUCCESS, logIndex=3306, commits[f3174d56-9988-40ec-970b-d447ed545dfb:c3306, 3e713ff3-0d17-449f-90fa-609b20cf4c10:c3304, 34290298-343f-405c-af97-b2d19041b010:c3304]
2019-09-11 09:06:36,532 [grpc-default-executor-4] INFO  client.GrpcClientProtocolClient (GrpcClientProtocolClient.java:onNext(264)) - client-B22ED198845A->f3174d56-9988-40ec-970b-d447ed545dfb: receive RaftClientReply:client-B22ED198845A->f3174d56-9988-40ec-970b-d447ed545dfb@group-47B82E5F6106, cid=2250, SUCCESS, logIndex=3309, commits[f3174d56-9988-40ec-970b-d447ed545dfb:c3310, 3e713ff3-0d17-449f-90fa-609b20cf4c10:c3308, 34290298-343f-405c-af97-b2d19041b010:c3308]
2019-09-11 09:06:36,533 [grpc-default-executor-4] INFO  client.GrpcClientProtocolClient (GrpcClientProtocolClient.java:onNext(264)) - client-B22ED198845A->f3174d56-9988-40ec-970b-d447ed545dfb: receive RaftClientReply:client-B22ED198845A->f3174d56-9988-40ec-970b-d447ed545dfb@group-47B82E5F6106, cid=2251, SUCCESS, logIndex=3310, commits[f3174d56-9988-40ec-970b-d447ed545dfb:c3310, 3e713ff3-0d17-449f-90fa-609b20cf4c10:c3308, 34290298-343f-405c-af97-b2d19041b010:c3308]
2019-09-11 09:06:36,535 [grpc-default-executor-5] INFO  client.GrpcClientProtocolClient (GrpcClientProtocolClient.java:onNext(264)) - client-B22ED198845A->f3174d56-9988-40ec-970b-d447ed545dfb: receive RaftClientReply:client-B22ED198845A->f3174d56-9988-40ec-970b-d447ed545dfb@group-47B82E5F6106, cid=2252, SUCCESS, logIndex=0, commits[f3174d56-9988-40ec-970b-d447ed545dfb:c3312, 3e713ff3-0d17-449f-90fa-609b20cf4c10:c3310, 34290298-343f-405c-af97-b2d19041b010:c3310]
2019-09-11 09:06:36,564 [grpc-default-executor-4] INFO  client.GrpcClientProtocolClient (GrpcClientProtocolClient.java:onNext(264)) - client-B22ED198845A->f3174d56-9988-40ec-970b-d447ed545dfb: receive RaftClientReply:client-B22ED198845A->f3174d56-9988-40ec-970b-d447ed545dfb@group-47B82E5F6106, cid=2253, SUCCESS, logIndex=3313, commits[f3174d56-9988-40ec-970b-d447ed545dfb:c3314, 3e713ff3-0d17-449f-90fa-609b20cf4c10:c3312, 34290298-343f-405c-af97-b2d19041b010:c3312]
2019-09-11 09:06:36,564 [grpc-default-executor-4] INFO  client.GrpcClientProtocolClient (GrpcClientProtocolClient.java:onNext(264)) - client-B22ED198845A->f3174d56-9988-40ec-970b-d447ed545dfb: receive RaftClientReply:client-B22ED198845A->f3174d56-9988-40ec-970b-d447ed545dfb@group-47B82E5F6106, cid=2254, SUCCESS, logIndex=3314, commits[f3174d56-9988-40ec-970b-d447ed545dfb:c3314, 3e713ff3-0d17-449f-90fa-609b20cf4c10:c3312, 34290298-343f-405c-af97-b2d19041b010:c3312]
2019-09-11 09:06:36,565 [grpc-default-executor-4] INFO  client.GrpcClientProtocolClient (GrpcClientProtocolClient.java:onNext(264)) - client-B22ED198845A->f3174d56-9988-40ec-970b-d447ed545dfb: receive RaftClientReply:client-B22ED198845A->f3174d56-9988-40ec-970b-d447ed545dfb@group-47B82E5F6106, cid=2255, SUCCESS, logIndex=3315, commits[f3174d56-9988-40ec-970b-d447ed545dfb:c3316, 3e713ff3-0d17-449f-90fa-609b20cf4c10:c3312, 34290298-343f-405c-af97-b2d19041b010:c3312]
2019-09-11 09:06:36,565 [grpc-default-executor-4] INFO  client.GrpcClientProtocolClient (GrpcClientProtocolClient.java:onNext(264)) - client-B22ED198845A->f3174d56-9988-40ec-970b-d447ed545dfb: receive RaftClientReply:client-B22ED198845A->f3174d56-9988-40ec-970b-d447ed545dfb@group-47B82E5F6106, cid=2256, SUCCESS, logIndex=3316, commits[f3174d56-9988-40ec-970b-d447ed545dfb:c3316, 3e713ff3-0d17-449f-90fa-609b20cf4c10:c3312, 34290298-343f-405c-af97-b2d19041b010:c3312]
2019-09-11 09:06:36,578 [grpc-default-executor-0] INFO  client.GrpcClientProtocolClient (GrpcClientProtocolClient.java:onNext(264)) - client-B22ED198845A->f3174d56-9988-40ec-970b-d447ed545dfb: receive RaftClientReply:client-B22ED198845A->f3174d56-9988-40ec-970b-d447ed545dfb@group-47B82E5F6106, cid=2257, SUCCESS, logIndex=0, commits[f3174d56-9988-40ec-970b-d447ed545dfb:c3318, 3e713ff3-0d17-449f-90fa-609b20cf4c10:c3314, 34290298-343f-405c-af97-b2d19041b010:c3314]
2019-09-11 09:06:36,597 [grpc-default-executor-5] INFO  client.GrpcClientProtocolClient (GrpcClientProtocolClient.java:onNext(264)) - client-B22ED198845A->f3174d56-9988-40ec-970b-d447ed545dfb: receive RaftClientReply:client-B22ED198845A->f3174d56-9988-40ec-970b-d447ed545dfb@group-47B82E5F6106, cid=2258, SUCCESS, logIndex=3321, commits[f3174d56-9988-40ec-970b-d447ed545dfb:c3322, 3e713ff3-0d17-449f-90fa-609b20cf4c10:c3320, 34290298-343f-405c-af97-b2d19041b010:c3320]
2019-09-11 09:06:36,598 [grpc-default-executor-5] INFO  client.GrpcClientProtocolClient (GrpcClientProtocolClient.java:onNext(264)) - client-B22ED198845A->f3174d56-9988-40ec-970b-d447ed545dfb: receive RaftClientReply:client-B22ED198845A->f3174d56-9988-40ec-970b-d447ed545dfb@group-47B82E5F6106, cid=2259, SUCCESS, logIndex=3322, commits[f3174d56-9988-40ec-970b-d447ed545dfb:c3322, 3e713ff3-0d17-449f-90fa-609b20cf4c10:c3320, 34290298-343f-405c-af97-b2d19041b010:c3320]
 0.00% |█                                                                                                    |  0/1 Time: 0:00:162019-09-11 09:06:36,612 [grpc-default-executor-5] INFO  client.GrpcClientProtocolClient (GrpcClientProtocolClient.java:onNext(264)) - client-B22ED198845A->f3174d56-9988-40ec-970b-d447ed545dfb: receive RaftClientReply:client-B22ED198845A->f3174d56-9988-40ec-970b-d447ed545dfb@group-47B82E5F6106, cid=2260, SUCCESS, logIndex=3325, commits[f3174d56-9988-40ec-970b-d447ed545dfb:c3326, 3e713ff3-0d17-449f-90fa-609b20cf4c10:c3322, 34290298-343f-405c-af97-b2d19041b010:c3322]
2019-09-11 09:06:36,612 [grpc-default-executor-5] INFO  client.GrpcClientProtocolClient (GrpcClientProtocolClient.java:onNext(264)) - client-B22ED198845A->f3174d56-9988-40ec-970b-d447ed545dfb: receive RaftClientReply:client-B22ED198845A->f3174d56-9988-40ec-970b-d447ed545dfb@group-47B82E5F6106, cid=2261, SUCCESS, logIndex=3326, commits[f3174d56-9988-40ec-970b-d447ed545dfb:c3326, 3e713ff3-0d17-449f-90fa-609b20cf4c10:c3322, 34290298-343f-405c-af97-b2d19041b010:c3322]
2019-09-11 09:06:36,624 [grpc-default-executor-5] INFO  client.GrpcClientProtocolClient (GrpcClientProtocolClient.java:onNext(264)) - client-B22ED198845A->f3174d56-9988-40ec-970b-d447ed545dfb: receive RaftClientReply:client-B22ED198845A->f3174d56-9988-40ec-970b-d447ed545dfb@group-47B82E5F6106, cid=2262, SUCCESS, logIndex=0, commits[f3174d56-9988-40ec-970b-d447ed545dfb:c3327, 3e713ff3-0d17-449f-90fa-609b20cf4c10:c3326, 34290298-343f-405c-af97-b2d19041b010:c3326]
2019-09-11 09:06:36,654 [grpc-default-executor-4] INFO  client.GrpcClientProtocolClient (GrpcClientProtocolClient.java:onNext(264)) - client-B22ED198845A->f3174d56-9988-40ec-970b-d447ed545dfb: receive RaftClientReply:client-B22ED198845A->f3174d56-9988-40ec-970b-d447ed545dfb@group-47B82E5F6106, cid=2263, SUCCESS, logIndex=3329, commits[f3174d56-9988-40ec-970b-d447ed545dfb:c3332, 3e713ff3-0d17-449f-90fa-609b20cf4c10:c3328, 34290298-343f-405c-af97-b2d19041b010:c3328]
2019-09-11 09:06:36,655 [grpc-default-executor-4] INFO  client.GrpcClientProtocolClient (GrpcClientProtocolClient.java:onNext(264)) - client-B22ED198845A->f3174d56-9988-40ec-970b-d447ed545dfb: receive RaftClientReply:client-B22ED198845A->f3174d56-9988-40ec-970b-d447ed545dfb@group-47B82E5F6106, cid=2264, SUCCESS, logIndex=3330, commits[f3174d56-9988-40ec-970b-d447ed545dfb:c3332, 3e713ff3-0d17-449f-90fa-609b20cf4c10:c3328, 34290298-343f-405c-af97-b2d19041b010:c3328]
2019-09-11 09:06:36,655 [grpc-default-executor-4] INFO  client.GrpcClientProtocolClient (GrpcClientProtocolClient.java:onNext(264)) - client-B22ED198845A->f3174d56-9988-40ec-970b-d447ed545dfb: receive RaftClientReply:client-B22ED198845A->f3174d56-9988-40ec-970b-d447ed545dfb@group-47B82E5F6106, cid=2265, SUCCESS, logIndex=3331, commits[f3174d56-9988-40ec-970b-d447ed545dfb:c3332, 3e713ff3-0d17-449f-90fa-609b20cf4c10:c3328, 34290298-343f-405c-af97-b2d19041b010:c3328]
2019-09-11 09:06:36,655 [grpc-default-executor-4] INFO  client.GrpcClientProtocolClient (GrpcClientProtocolClient.java:onNext(264)) - client-B22ED198845A->f3174d56-9988-40ec-970b-d447ed545dfb: receive RaftClientReply:client-B22ED198845A->f3174d56-9988-40ec-970b-d447ed545dfb@group-47B82E5F6106, cid=2266, SUCCESS, logIndex=3332, commits[f3174d56-9988-40ec-970b-d447ed545dfb:c3332, 3e713ff3-0d17-449f-90fa-609b20cf4c10:c3328, 34290298-343f-405c-af97-b2d19041b010:c3328]
2019-09-11 09:06:36,665 [grpc-default-executor-4] INFO  client.GrpcClientProtocolClient (GrpcClientProtocolClient.java:onNext(264)) - client-B22ED198845A->f3174d56-9988-40ec-970b-d447ed545dfb: receive RaftClientReply:client-B22ED198845A->f3174d56-9988-40ec-970b-d447ed545dfb@group-47B82E5F6106, cid=2267, SUCCESS, logIndex=0, commits[f3174d56-9988-40ec-970b-d447ed545dfb:c3333, 3e713ff3-0d17-449f-90fa-609b20cf4c10:c3332, 34290298-343f-405c-af97-b2d19041b010:c3332]
2019-09-11 09:06:36,685 [grpc-default-executor-4] INFO  client.GrpcClientProtocolClient (GrpcClientProtocolClient.java:onNext(264)) - client-B22ED198845A->f3174d56-9988-40ec-970b-d447ed545dfb: receive RaftClientReply:client-B22ED198845A->f3174d56-9988-40ec-970b-d447ed545dfb@group-47B82E5F6106, cid=2268, SUCCESS, logIndex=3335, commits[f3174d56-9988-40ec-970b-d447ed545dfb:c3336, 3e713ff3-0d17-449f-90fa-609b20cf4c10:c3334, 34290298-343f-405c-af97-b2d19041b010:c3334]
2019-09-11 09:06:36,685 [grpc-default-executor-4] INFO  client.GrpcClientProtocolClient (GrpcClientProtocolClient.java:onNext(264)) - client-B22ED198845A->f3174d56-9988-40ec-970b-d447ed545dfb: receive RaftClientReply:client-B22ED198845A->f3174d56-9988-40ec-970b-d447ed545dfb@group-47B82E5F6106, cid=2269, SUCCESS, logIndex=3336, commits[f3174d56-9988-40ec-970b-d447ed545dfb:c3336, 3e713ff3-0d17-449f-90fa-609b20cf4c10:c3334, 34290298-343f-405c-af97-b2d19041b010:c3334]
2019-09-11 09:06:36,700 [grpc-default-executor-0] INFO  client.GrpcClientProtocolClient (GrpcClientProtocolClient.java:onNext(264)) - client-B22ED198845A->f3174d56-9988-40ec-970b-d447ed545dfb: receive RaftClientReply:client-B22ED198845A->f3174d56-9988-40ec-970b-d447ed545dfb@group-47B82E5F6106, cid=2270, SUCCESS, logIndex=3339, commits[f3174d56-9988-40ec-970b-d447ed545dfb:c3339, 3e713ff3-0d17-449f-90fa-609b20cf4c10:c3336, 34290298-343f-405c-af97-b2d19041b010:c3336]
2019-09-11 09:06:36,700 [grpc-default-executor-0] INFO  client.GrpcClientProtocolClient (GrpcClientProtocolClient.java:onNext(264)) - client-B22ED198845A->f3174d56-9988-40ec-970b-d447ed545dfb: receive RaftClientReply:client-B22ED198845A->f3174d56-9988-40ec-970b-d447ed545dfb@group-47B82E5F6106, cid=2271, SUCCESS, logIndex=3340, commits[f3174d56-9988-40ec-970b-d447ed545dfb:c3340, 3e713ff3-0d17-449f-90fa-609b20cf4c10:c3336, 34290298-343f-405c-af97-b2d19041b010:c3336]
2019-09-11 09:06:36,706 [grpc-default-executor-0] INFO  client.GrpcClientProtocolClient (GrpcClientProtocolClient.java:onNext(264)) - client-B22ED198845A->f3174d56-9988-40ec-970b-d447ed545dfb: receive RaftClientReply:client-B22ED198845A->f3174d56-9988-40ec-970b-d447ed545dfb@group-47B82E5F6106, cid=2272, SUCCESS, logIndex=0, commits[f3174d56-9988-40ec-970b-d447ed545dfb:c3342, 3e713ff3-0d17-449f-90fa-609b20cf4c10:c3340, 34290298-343f-405c-af97-b2d19041b010:c3340]
2019-09-11 09:06:36,730 [grpc-default-executor-1] INFO  client.GrpcClientProtocolClient (GrpcClientProtocolClient.java:onNext(264)) - client-B22ED198845A->f3174d56-9988-40ec-970b-d447ed545dfb: receive RaftClientReply:client-B22ED198845A->f3174d56-9988-40ec-970b-d447ed545dfb@group-47B82E5F6106, cid=2273, SUCCESS, logIndex=3343, commits[f3174d56-9988-40ec-970b-d447ed545dfb:c3344, 3e713ff3-0d17-449f-90fa-609b20cf4c10:c3342, 34290298-343f-405c-af97-b2d19041b010:c3342]
2019-09-11 09:06:36,731 [grpc-default-executor-1] INFO  client.GrpcClientProtocolClient (GrpcClientProtocolClient.java:onNext(264)) - client-B22ED198845A->f3174d56-9988-40ec-970b-d447ed545dfb: receive RaftClientReply:client-B22ED198845A->f3174d56-9988-40ec-970b-d447ed545dfb@group-47B82E5F6106, cid=2274, SUCCESS, logIndex=3344, commits[f3174d56-9988-40ec-970b-d447ed545dfb:c3346, 3e713ff3-0d17-449f-90fa-609b20cf4c10:c3342, 34290298-343f-405c-af97-b2d19041b010:c3342]
2019-09-11 09:06:36,731 [grpc-default-executor-1] INFO  client.GrpcClientProtocolClient (GrpcClientProtocolClient.java:onNext(264)) - client-B22ED198845A->f3174d56-9988-40ec-970b-d447ed545dfb: receive RaftClientReply:client-B22ED198845A->f3174d56-9988-40ec-970b-d447ed545dfb@group-47B82E5F6106, cid=2275, SUCCESS, logIndex=3345, commits[f3174d56-9988-40ec-970b-d447ed545dfb:c3346, 3e713ff3-0d17-449f-90fa-609b20cf4c10:c3342, 34290298-343f-405c-af97-b2d19041b010:c3342]
2019-09-11 09:06:36,731 [grpc-default-executor-1] INFO  client.GrpcClientProtocolClient (GrpcClientProtocolClient.java:onNext(264)) - client-B22ED198845A->f3174d56-9988-40ec-970b-d447ed545dfb: receive RaftClientReply:client-B22ED198845A->f3174d56-9988-40ec-970b-d447ed545dfb@group-47B82E5F6106, cid=2276, SUCCESS, logIndex=3346, commits[f3174d56-9988-40ec-970b-d447ed545dfb:c3346, 3e713ff3-0d17-449f-90fa-609b20cf4c10:c3342, 34290298-343f-405c-af97-b2d19041b010:c3342]
2019-09-11 09:06:36,737 [grpc-default-executor-5] INFO  client.GrpcClientProtocolClient (GrpcClientProtocolClient.java:onNext(264)) - client-B22ED198845A->f3174d56-9988-40ec-970b-d447ed545dfb: receive RaftClientReply:client-B22ED198845A->f3174d56-9988-40ec-970b-d447ed545dfb@group-47B82E5F6106, cid=2277, SUCCESS, logIndex=0, commits[f3174d56-9988-40ec-970b-d447ed545dfb:c3348, 3e713ff3-0d17-449f-90fa-609b20cf4c10:c3344, 34290298-343f-405c-af97-b2d19041b010:c3344]
2019-09-11 09:06:36,748 [grpc-default-executor-0] INFO  client.GrpcClientProtocolClient (GrpcClientProtocolClient.java:onNext(264)) - client-B22ED198845A->f3174d56-9988-40ec-970b-d447ed545dfb: receive RaftClientReply:client-B22ED198845A->f3174d56-9988-40ec-970b-d447ed545dfb@group-47B82E5F6106, cid=2278, SUCCESS, logIndex=3351, commits[f3174d56-9988-40ec-970b-d447ed545dfb:c3352, 3e713ff3-0d17-449f-90fa-609b20cf4c10:c3350, 34290298-343f-405c-af97-b2d19041b010:c3346]
2019-09-11 09:06:36,748 [grpc-default-executor-0] INFO  client.GrpcClientProtocolClient (GrpcClientProtocolClient.java:onNext(264)) - client-B22ED198845A->f3174d56-9988-40ec-970b-d447ed545dfb: receive RaftClientReply:client-B22ED198845A->f3174d56-9988-40ec-970b-d447ed545dfb@group-47B82E5F6106, cid=2279, SUCCESS, logIndex=3352, commits[f3174d56-9988-40ec-970b-d447ed545dfb:c3352, 3e713ff3-0d17-449f-90fa-609b20cf4c10:c3350, 34290298-343f-405c-af97-b2d19041b010:c3350]
2019-09-11 09:06:36,758 [grpc-default-executor-1] INFO  client.GrpcClientProtocolClient (GrpcClientProtocolClient.java:onNext(264)) - client-B22ED198845A->f3174d56-9988-40ec-970b-d447ed545dfb: receive RaftClientReply:client-B22ED198845A->f3174d56-9988-40ec-970b-d447ed545dfb@group-47B82E5F6106, cid=2280, SUCCESS, logIndex=3355, commits[f3174d56-9988-40ec-970b-d447ed545dfb:c3356, 3e713ff3-0d17-449f-90fa-609b20cf4c10:c3352, 34290298-343f-405c-af97-b2d19041b010:c3353]
2019-09-11 09:06:36,758 [grpc-default-executor-1] INFO  client.GrpcClientProtocolClient (GrpcClientProtocolClient.java:onNext(264)) - client-B22ED198845A->f3174d56-9988-40ec-970b-d447ed545dfb: receive RaftClientReply:client-B22ED198845A->f3174d56-9988-40ec-970b-d447ed545dfb@group-47B82E5F6106, cid=2281, SUCCESS, logIndex=3356, commits[f3174d56-9988-40ec-970b-d447ed545dfb:c3356, 3e713ff3-0d17-449f-90fa-609b20cf4c10:c3353, 34290298-343f-405c-af97-b2d19041b010:c3353]
2019-09-11 09:06:36,763 [grpc-default-executor-1] INFO  client.GrpcClientProtocolClient (GrpcClientProtocolClient.java:onNext(264)) - client-B22ED198845A->f3174d56-9988-40ec-970b-d447ed545dfb: receive RaftClientReply:client-B22ED198845A->f3174d56-9988-40ec-970b-d447ed545dfb@group-47B82E5F6106, cid=2282, SUCCESS, logIndex=0, commits[f3174d56-9988-40ec-970b-d447ed545dfb:c3358, 3e713ff3-0d17-449f-90fa-609b20cf4c10:c3356, 34290298-343f-405c-af97-b2d19041b010:c3356]
2019-09-11 09:06:36,913 [grpc-default-executor-1] INFO  client.GrpcClientProtocolClient (GrpcClientProtocolClient.java:onNext(264)) - client-B22ED198845A->f3174d56-9988-40ec-970b-d447ed545dfb: receive RaftClientReply:client-B22ED198845A->f3174d56-9988-40ec-970b-d447ed545dfb@group-47B82E5F6106, cid=2283, SUCCESS, logIndex=3359, commits[f3174d56-9988-40ec-970b-d447ed545dfb:c3362, 3e713ff3-0d17-449f-90fa-609b20cf4c10:c3358, 34290298-343f-405c-af97-b2d19041b010:c3358]
2019-09-11 09:06:36,914 [grpc-default-executor-1] INFO  client.GrpcClientProtocolClient (GrpcClientProtocolClient.java:onNext(264)) - client-B22ED198845A->f3174d56-9988-40ec-970b-d447ed545dfb: receive RaftClientReply:client-B22ED198845A->f3174d56-9988-40ec-970b-d447ed545dfb@group-47B82E5F6106, cid=2284, SUCCESS, logIndex=3360, commits[f3174d56-9988-40ec-970b-d447ed545dfb:c3362, 3e713ff3-0d17-449f-90fa-609b20cf4c10:c3358, 34290298-343f-405c-af97-b2d19041b010:c3358]
2019-09-11 09:06:36,914 [grpc-default-executor-1] INFO  client.GrpcClientProtocolClient (GrpcClientProtocolClient.java:onNext(264)) - client-B22ED198845A->f3174d56-9988-40ec-970b-d447ed545dfb: receive RaftClientReply:client-B22ED198845A->f3174d56-9988-40ec-970b-d447ed545dfb@group-47B82E5F6106, cid=2285, SUCCESS, logIndex=3361, commits[f3174d56-9988-40ec-970b-d447ed545dfb:c3362, 3e713ff3-0d17-449f-90fa-609b20cf4c10:c3358, 34290298-343f-405c-af97-b2d19041b010:c3358]
2019-09-11 09:06:36,915 [grpc-default-executor-1] INFO  client.GrpcClientProtocolClient (GrpcClientProtocolClient.java:onNext(264)) - client-B22ED198845A->f3174d56-9988-40ec-970b-d447ed545dfb: receive RaftClientReply:client-B22ED198845A->f3174d56-9988-40ec-970b-d447ed545dfb@group-47B82E5F6106, cid=2286, SUCCESS, logIndex=3362, commits[f3174d56-9988-40ec-970b-d447ed545dfb:c3362, 3e713ff3-0d17-449f-90fa-609b20cf4c10:c3358, 34290298-343f-405c-af97-b2d19041b010:c3358]
2019-09-11 09:06:36,924 [grpc-default-executor-1] INFO  client.GrpcClientProtocolClient (GrpcClientProtocolClient.java:onNext(264)) - client-B22ED198845A->f3174d56-9988-40ec-970b-d447ed545dfb: receive RaftClientReply:client-B22ED198845A->f3174d56-9988-40ec-970b-d447ed545dfb@group-47B82E5F6106, cid=2287, SUCCESS, logIndex=0, commits[f3174d56-9988-40ec-970b-d447ed545dfb:c3363, 3e713ff3-0d17-449f-90fa-609b20cf4c10:c3360, 34290298-343f-405c-af97-b2d19041b010:c3360]
2019-09-11 09:06:36,945 [grpc-default-executor-0] INFO  client.GrpcClientProtocolClient (GrpcClientProtocolClient.java:onNext(264)) - client-B22ED198845A->f3174d56-9988-40ec-970b-d447ed545dfb: receive RaftClientReply:client-B22ED198845A->f3174d56-9988-40ec-970b-d447ed545dfb@group-47B82E5F6106, cid=2288, SUCCESS, logIndex=3366, commits[f3174d56-9988-40ec-970b-d447ed545dfb:c3367, 3e713ff3-0d17-449f-90fa-609b20cf4c10:c3365, 34290298-343f-405c-af97-b2d19041b010:c3365]
2019-09-11 09:06:36,946 [grpc-default-executor-0] INFO  client.GrpcClientProtocolClient (GrpcClientProtocolClient.java:onNext(264)) - client-B22ED198845A->f3174d56-9988-40ec-970b-d447ed545dfb: receive RaftClientReply:client-B22ED198845A->f3174d56-9988-40ec-970b-d447ed545dfb@group-47B82E5F6106, cid=2289, SUCCESS, logIndex=3367, commits[f3174d56-9988-40ec-970b-d447ed545dfb:c3367, 3e713ff3-0d17-449f-90fa-609b20cf4c10:c3365, 34290298-343f-405c-af97-b2d19041b010:c3365]
2019-09-11 09:06:36,970 [grpc-default-executor-1] INFO  client.GrpcClientProtocolClient (GrpcClientProtocolClient.java:onNext(264)) - client-B22ED198845A->f3174d56-9988-40ec-970b-d447ed545dfb: receive RaftClientReply:client-B22ED198845A->f3174d56-9988-40ec-970b-d447ed545dfb@group-47B82E5F6106, cid=2290, SUCCESS, logIndex=3370, commits[f3174d56-9988-40ec-970b-d447ed545dfb:c3371, 3e713ff3-0d17-449f-90fa-609b20cf4c10:c3367, 34290298-343f-405c-af97-b2d19041b010:c3367]
2019-09-11 09:06:36,970 [grpc-default-executor-1] INFO  client.GrpcClientProtocolClient (GrpcClientProtocolClient.java:onNext(264)) - client-B22ED198845A->f3174d56-9988-40ec-970b-d447ed545dfb: receive RaftClientReply:client-B22ED198845A->f3174d56-9988-40ec-970b-d447ed545dfb@group-47B82E5F6106, cid=2291, SUCCESS, logIndex=3371, commits[f3174d56-9988-40ec-970b-d447ed545dfb:c3371, 3e713ff3-0d17-449f-90fa-609b20cf4c10:c3367, 34290298-343f-405c-af97-b2d19041b010:c3367]
2019-09-11 09:06:36,986 [grpc-default-executor-5] INFO  client.GrpcClientProtocolClient (GrpcClientProtocolClient.java:onNext(264)) - client-B22ED198845A->f3174d56-9988-40ec-970b-d447ed545dfb: receive RaftClientReply:client-B22ED198845A->f3174d56-9988-40ec-970b-d447ed545dfb@group-47B82E5F6106, cid=2292, SUCCESS, logIndex=0, commits[f3174d56-9988-40ec-970b-d447ed545dfb:c3372, 3e713ff3-0d17-449f-90fa-609b20cf4c10:c3371, 34290298-343f-405c-af97-b2d19041b010:c3371]
2019-09-11 09:06:37,020 [grpc-default-executor-1] INFO  client.GrpcClientProtocolClient (GrpcClientProtocolClient.java:onNext(264)) - client-B22ED198845A->f3174d56-9988-40ec-970b-d447ed545dfb: receive RaftClientReply:client-B22ED198845A->f3174d56-9988-40ec-970b-d447ed545dfb@group-47B82E5F6106, cid=2293, SUCCESS, logIndex=3374, commits[f3174d56-9988-40ec-970b-d447ed545dfb:c3375, 3e713ff3-0d17-449f-90fa-609b20cf4c10:c3373, 34290298-343f-405c-af97-b2d19041b010:c3373]
2019-09-11 09:06:37,021 [grpc-default-executor-1] INFO  client.GrpcClientProtocolClient (GrpcClientProtocolClient.java:onNext(264)) - client-B22ED198845A->f3174d56-9988-40ec-970b-d447ed545dfb: receive RaftClientReply:client-B22ED198845A->f3174d56-9988-40ec-970b-d447ed545dfb@group-47B82E5F6106, cid=2294, SUCCESS, logIndex=3375, commits[f3174d56-9988-40ec-970b-d447ed545dfb:c3377, 3e713ff3-0d17-449f-90fa-609b20cf4c10:c3373, 34290298-343f-405c-af97-b2d19041b010:c3373]
2019-09-11 09:06:37,021 [grpc-default-executor-1] INFO  client.GrpcClientProtocolClient (GrpcClientProtocolClient.java:onNext(264)) - client-B22ED198845A->f3174d56-9988-40ec-970b-d447ed545dfb: receive RaftClientReply:client-B22ED198845A->f3174d56-9988-40ec-970b-d447ed545dfb@group-47B82E5F6106, cid=2295, SUCCESS, logIndex=3376, commits[f3174d56-9988-40ec-970b-d447ed545dfb:c3377, 3e713ff3-0d17-449f-90fa-609b20cf4c10:c3373, 34290298-343f-405c-af97-b2d19041b010:c3373]
2019-09-11 09:06:37,021 [grpc-default-executor-1] INFO  client.GrpcClientProtocolClient (GrpcClientProtocolClient.java:onNext(264)) - client-B22ED198845A->f3174d56-9988-40ec-970b-d447ed545dfb: receive RaftClientReply:client-B22ED198845A->f3174d56-9988-40ec-970b-d447ed545dfb@group-47B82E5F6106, cid=2296, SUCCESS, logIndex=3377, commits[f3174d56-9988-40ec-970b-d447ed545dfb:c3377, 3e713ff3-0d17-449f-90fa-609b20cf4c10:c3373, 34290298-343f-405c-af97-b2d19041b010:c3373]
2019-09-11 09:06:37,034 [grpc-default-executor-1] INFO  client.GrpcClientProtocolClient (GrpcClientProtocolClient.java:onNext(264)) - client-B22ED198845A->f3174d56-9988-40ec-970b-d447ed545dfb: receive RaftClientReply:client-B22ED198845A->f3174d56-9988-40ec-970b-d447ed545dfb@group-47B82E5F6106, cid=2297, SUCCESS, logIndex=0, commits[f3174d56-9988-40ec-970b-d447ed545dfb:c3380, 3e713ff3-0d17-449f-90fa-609b20cf4c10:c3377, 34290298-343f-405c-af97-b2d19041b010:c3375]
2019-09-11 09:06:37,051 [grpc-default-executor-1] INFO  client.GrpcClientProtocolClient (GrpcClientProtocolClient.java:onNext(264)) - client-B22ED198845A->f3174d56-9988-40ec-970b-d447ed545dfb: receive RaftClientReply:client-B22ED198845A->f3174d56-9988-40ec-970b-d447ed545dfb@group-47B82E5F6106, cid=2298, SUCCESS, logIndex=3382, commits[f3174d56-9988-40ec-970b-d447ed545dfb:c3383, 3e713ff3-0d17-449f-90fa-609b20cf4c10:c3381, 34290298-343f-405c-af97-b2d19041b010:c3381]
2019-09-11 09:06:37,051 [grpc-default-executor-1] INFO  client.GrpcClientProtocolClient (GrpcClientProtocolClient.java:onNext(264)) - client-B22ED198845A->f3174d56-9988-40ec-970b-d447ed545dfb: receive RaftClientReply:client-B22ED198845A->f3174d56-9988-40ec-970b-d447ed545dfb@group-47B82E5F6106, cid=2299, SUCCESS, logIndex=3383, commits[f3174d56-9988-40ec-970b-d447ed545dfb:c3383, 3e713ff3-0d17-449f-90fa-609b20cf4c10:c3381, 34290298-343f-405c-af97-b2d19041b010:c3381]
2019-09-11 09:06:37,065 [grpc-default-executor-5] INFO  client.GrpcClientProtocolClient (GrpcClientProtocolClient.java:onNext(264)) - client-B22ED198845A->f3174d56-9988-40ec-970b-d447ed545dfb: receive RaftClientReply:client-B22ED198845A->f3174d56-9988-40ec-970b-d447ed545dfb@group-47B82E5F6106, cid=2300, SUCCESS, logIndex=3386, commits[f3174d56-9988-40ec-970b-d447ed545dfb:c3386, 3e713ff3-0d17-449f-90fa-609b20cf4c10:c3383, 34290298-343f-405c-af97-b2d19041b010:c3383]
2019-09-11 09:06:37,066 [grpc-default-executor-5] INFO  client.GrpcClientProtocolClient (GrpcClientProtocolClient.java:onNext(264)) - client-B22ED198845A->f3174d56-9988-40ec-970b-d447ed545dfb: receive RaftClientReply:client-B22ED198845A->f3174d56-9988-40ec-970b-d447ed545dfb@group-47B82E5F6106, cid=2301, SUCCESS, logIndex=3387, commits[f3174d56-9988-40ec-970b-d447ed545dfb:c3387, 3e713ff3-0d17-449f-90fa-609b20cf4c10:c3383, 34290298-343f-405c-af97-b2d19041b010:c3383]
2019-09-11 09:06:37,084 [grpc-default-executor-5] INFO  client.GrpcClientProtocolClient (GrpcClientProtocolClient.java:onNext(264)) - client-B22ED198845A->f3174d56-9988-40ec-970b-d447ed545dfb: receive RaftClientReply:client-B22ED198845A->f3174d56-9988-40ec-970b-d447ed545dfb@group-47B82E5F6106, cid=2302, SUCCESS, logIndex=0, commits[f3174d56-9988-40ec-970b-d447ed545dfb:c3389, 3e713ff3-0d17-449f-90fa-609b20cf4c10:c3387, 34290298-343f-405c-af97-b2d19041b010:c3387]
2019-09-11 09:06:37,108 [grpc-default-executor-4] INFO  client.GrpcClientProtocolClient (GrpcClientProtocolClient.java:onNext(264)) - client-B22ED198845A->f3174d56-9988-40ec-970b-d447ed545dfb: receive RaftClientReply:client-B22ED198845A->f3174d56-9988-40ec-970b-d447ed545dfb@group-47B82E5F6106, cid=2303, SUCCESS, logIndex=3390, commits[f3174d56-9988-40ec-970b-d447ed545dfb:c3392, 3e713ff3-0d17-449f-90fa-609b20cf4c10:c3389, 34290298-343f-405c-af97-b2d19041b010:c3389]
2019-09-11 09:06:37,108 [grpc-default-executor-4] INFO  client.GrpcClientProtocolClient (GrpcClientProtocolClient.java:onNext(264)) - client-B22ED198845A->f3174d56-9988-40ec-970b-d447ed545dfb: receive RaftClientReply:client-B22ED198845A->f3174d56-9988-40ec-970b-d447ed545dfb@group-47B82E5F6106, cid=2304, SUCCESS, logIndex=3391, commits[f3174d56-9988-40ec-970b-d447ed545dfb:c3393, 3e713ff3-0d17-449f-90fa-609b20cf4c10:c3389, 34290298-343f-405c-af97-b2d19041b010:c3389]
2019-09-11 09:06:37,109 [grpc-default-executor-4] INFO  client.GrpcClientProtocolClient (GrpcClientProtocolClient.java:onNext(264)) - client-B22ED198845A->f3174d56-9988-40ec-970b-d447ed545dfb: receive RaftClientReply:client-B22ED198845A->f3174d56-9988-40ec-970b-d447ed545dfb@group-47B82E5F6106, cid=2305, SUCCESS, logIndex=3392, commits[f3174d56-9988-40ec-970b-d447ed545dfb:c3393, 3e713ff3-0d17-449f-90fa-609b20cf4c10:c3389, 34290298-343f-405c-af97-b2d19041b010:c3389]
2019-09-11 09:06:37,109 [grpc-default-executor-0] INFO  client.GrpcClientProtocolClient (GrpcClientProtocolClient.java:onNext(264)) - client-B22ED198845A->f3174d56-9988-40ec-970b-d447ed545dfb: receive RaftClientReply:client-B22ED198845A->f3174d56-9988-40ec-970b-d447ed545dfb@group-47B82E5F6106, cid=2306, SUCCESS, logIndex=3393, commits[f3174d56-9988-40ec-970b-d447ed545dfb:c3393, 3e713ff3-0d17-449f-90fa-609b20cf4c10:c3389, 34290298-343f-405c-af97-b2d19041b010:c3389]
2019-09-11 09:06:37,110 [grpc-default-executor-0] INFO  client.GrpcClientProtocolClient (GrpcClientProtocolClient.java:onNext(264)) - client-B22ED198845A->f3174d56-9988-40ec-970b-d447ed545dfb: receive RaftClientReply:client-B22ED198845A->f3174d56-9988-40ec-970b-d447ed545dfb@group-47B82E5F6106, cid=2307, SUCCESS, logIndex=0, commits[f3174d56-9988-40ec-970b-d447ed545dfb:c3394, 3e713ff3-0d17-449f-90fa-609b20cf4c10:c3391, 34290298-343f-405c-af97-b2d19041b010:c3391]
2019-09-11 09:06:37,132 [grpc-default-executor-0] INFO  client.GrpcClientProtocolClient (GrpcClientProtocolClient.java:onNext(264)) - client-B22ED198845A->f3174d56-9988-40ec-970b-d447ed545dfb: receive RaftClientReply:client-B22ED198845A->f3174d56-9988-40ec-970b-d447ed545dfb@group-47B82E5F6106, cid=2308, SUCCESS, logIndex=3398, commits[f3174d56-9988-40ec-970b-d447ed545dfb:c3399, 3e713ff3-0d17-449f-90fa-609b20cf4c10:c3397, 34290298-343f-405c-af97-b2d19041b010:c3397]
2019-09-11 09:06:37,133 [grpc-default-executor-0] INFO  client.GrpcClientProtocolClient (GrpcClientProtocolClient.java:onNext(264)) - client-B22ED198845A->f3174d56-9988-40ec-970b-d447ed545dfb: receive RaftClientReply:client-B22ED198845A->f3174d56-9988-40ec-970b-d447ed545dfb@group-47B82E5F6106, cid=2309, SUCCESS, logIndex=3399, commits[f3174d56-9988-40ec-970b-d447ed545dfb:c3399, 3e713ff3-0d17-449f-90fa-609b20cf4c10:c3397, 34290298-343f-405c-af97-b2d19041b010:c3397]
2019-09-11 09:06:37,158 [grpc-default-executor-4] INFO  client.GrpcClientProtocolClient (GrpcClientProtocolClient.java:onNext(264)) - client-B22ED198845A->f3174d56-9988-40ec-970b-d447ed545dfb: receive RaftClientReply:client-B22ED198845A->f3174d56-9988-40ec-970b-d447ed545dfb@group-47B82E5F6106, cid=2310, SUCCESS, logIndex=3402, commits[f3174d56-9988-40ec-970b-d447ed545dfb:c3403, 3e713ff3-0d17-449f-90fa-609b20cf4c10:c3399, 34290298-343f-405c-af97-b2d19041b010:c3399]
2019-09-11 09:06:37,158 [grpc-default-executor-4] INFO  client.GrpcClientProtocolClient (GrpcClientProtocolClient.java:onNext(264)) - client-B22ED198845A->f3174d56-9988-40ec-970b-d447ed545dfb: receive RaftClientReply:client-B22ED198845A->f3174d56-9988-40ec-970b-d447ed545dfb@group-47B82E5F6106, cid=2311, SUCCESS, logIndex=3403, commits[f3174d56-9988-40ec-970b-d447ed545dfb:c3403, 3e713ff3-0d17-449f-90fa-609b20cf4c10:c3399, 34290298-343f-405c-af97-b2d19041b010:c3399]
2019-09-11 09:06:37,171 [grpc-default-executor-0] INFO  client.GrpcClientProtocolClient (GrpcClientProtocolClient.java:onNext(264)) - client-B22ED198845A->f3174d56-9988-40ec-970b-d447ed545dfb: receive RaftClientReply:client-B22ED198845A->f3174d56-9988-40ec-970b-d447ed545dfb@group-47B82E5F6106, cid=2312, SUCCESS, logIndex=0, commits[f3174d56-9988-40ec-970b-d447ed545dfb:c3403, 3e713ff3-0d17-449f-90fa-609b20cf4c10:c3403, 34290298-343f-405c-af97-b2d19041b010:c3403]
2019-09-11 09:06:37,199 [grpc-default-executor-5] INFO  client.GrpcClientProtocolClient (GrpcClientProtocolClient.java:onNext(264)) - client-B22ED198845A->f3174d56-9988-40ec-970b-d447ed545dfb: receive RaftClientReply:client-B22ED198845A->f3174d56-9988-40ec-970b-d447ed545dfb@group-47B82E5F6106, cid=2313, SUCCESS, logIndex=3406, commits[f3174d56-9988-40ec-970b-d447ed545dfb:c3407, 3e713ff3-0d17-449f-90fa-609b20cf4c10:c3405, 34290298-343f-405c-af97-b2d19041b010:c3405]
2019-09-11 09:06:37,199 [grpc-default-executor-5] INFO  client.GrpcClientProtocolClient (GrpcClientProtocolClient.java:onNext(264)) - client-B22ED198845A->f3174d56-9988-40ec-970b-d447ed545dfb: receive RaftClientReply:client-B22ED198845A->f3174d56-9988-40ec-970b-d447ed545dfb@group-47B82E5F6106, cid=2314, SUCCESS, logIndex=3407, commits[f3174d56-9988-40ec-970b-d447ed545dfb:c3409, 3e713ff3-0d17-449f-90fa-609b20cf4c10:c3405, 34290298-343f-405c-af97-b2d19041b010:c3405]
2019-09-11 09:06:37,199 [grpc-default-executor-5] INFO  client.GrpcClientProtocolClient (GrpcClientProtocolClient.java:onNext(264)) - client-B22ED198845A->f3174d56-9988-40ec-970b-d447ed545dfb: receive RaftClientReply:client-B22ED198845A->f3174d56-9988-40ec-970b-d447ed545dfb@group-47B82E5F6106, cid=2315, SUCCESS, logIndex=3408, commits[f3174d56-9988-40ec-970b-d447ed545dfb:c3409, 3e713ff3-0d17-449f-90fa-609b20cf4c10:c3405, 34290298-343f-405c-af97-b2d19041b010:c3405]
2019-09-11 09:06:37,200 [grpc-default-executor-5] INFO  client.GrpcClientProtocolClient (GrpcClientProtocolClient.java:onNext(264)) - client-B22ED198845A->f3174d56-9988-40ec-970b-d447ed545dfb: receive RaftClientReply:client-B22ED198845A->f3174d56-9988-40ec-970b-d447ed545dfb@group-47B82E5F6106, cid=2316, SUCCESS, logIndex=3409, commits[f3174d56-9988-40ec-970b-d447ed545dfb:c3409, 3e713ff3-0d17-449f-90fa-609b20cf4c10:c3405, 34290298-343f-405c-af97-b2d19041b010:c3405]
2019-09-11 09:06:37,212 [grpc-default-executor-5] INFO  client.GrpcClientProtocolClient (GrpcClientProtocolClient.java:onNext(264)) - client-B22ED198845A->f3174d56-9988-40ec-970b-d447ed545dfb: receive RaftClientReply:client-B22ED198845A->f3174d56-9988-40ec-970b-d447ed545dfb@group-47B82E5F6106, cid=2317, SUCCESS, logIndex=0, commits[f3174d56-9988-40ec-970b-d447ed545dfb:c3410, 3e713ff3-0d17-449f-90fa-609b20cf4c10:c3407, 34290298-343f-405c-af97-b2d19041b010:c3407]
2019-09-11 09:06:37,237 [grpc-default-executor-5] INFO  client.GrpcClientProtocolClient (GrpcClientProtocolClient.java:onNext(264)) - client-B22ED198845A->f3174d56-9988-40ec-970b-d447ed545dfb: receive RaftClientReply:client-B22ED198845A->f3174d56-9988-40ec-970b-d447ed545dfb@group-47B82E5F6106, cid=2318, SUCCESS, logIndex=3414, commits[f3174d56-9988-40ec-970b-d447ed545dfb:c3415, 3e713ff3-0d17-449f-90fa-609b20cf4c10:c3410, 34290298-343f-405c-af97-b2d19041b010:c3410]
2019-09-11 09:06:37,237 [grpc-default-executor-5] INFO  client.GrpcClientProtocolClient (GrpcClientProtocolClient.java:onNext(264)) - client-B22ED198845A->f3174d56-9988-40ec-970b-d447ed545dfb: receive RaftClientReply:client-B22ED198845A->f3174d56-9988-40ec-970b-d447ed545dfb@group-47B82E5F6106, cid=2319, SUCCESS, logIndex=3415, commits[f3174d56-9988-40ec-970b-d447ed545dfb:c3415, 3e713ff3-0d17-449f-90fa-609b20cf4c10:c3410, 34290298-343f-405c-af97-b2d19041b010:c3410]
2019-09-11 09:06:37,246 [grpc-default-executor-4] INFO  client.GrpcClientProtocolClient (GrpcClientProtocolClient.java:onNext(264)) - client-B22ED198845A->f3174d56-9988-40ec-970b-d447ed545dfb: receive RaftClientReply:client-B22ED198845A->f3174d56-9988-40ec-970b-d447ed545dfb@group-47B82E5F6106, cid=2320, SUCCESS, logIndex=3418, commits[f3174d56-9988-40ec-970b-d447ed545dfb:c3419, 3e713ff3-0d17-449f-90fa-609b20cf4c10:c3415, 34290298-343f-405c-af97-b2d19041b010:c3416]
2019-09-11 09:06:37,246 [grpc-default-executor-4] INFO  client.GrpcClientProtocolClient (GrpcClientProtocolClient.java:onNext(264)) - client-B22ED198845A->f3174d56-9988-40ec-970b-d447ed545dfb: receive RaftClientReply:client-B22ED198845A->f3174d56-9988-40ec-970b-d447ed545dfb@group-47B82E5F6106, cid=2321, SUCCESS, logIndex=3419, commits[f3174d56-9988-40ec-970b-d447ed545dfb:c3419, 3e713ff3-0d17-449f-90fa-609b20cf4c10:c3416, 34290298-343f-405c-af97-b2d19041b010:c3416]
2019-09-11 09:06:37,249 [grpc-default-executor-4] INFO  client.GrpcClientProtocolClient (GrpcClientProtocolClient.java:onNext(264)) - client-B22ED198845A->f3174d56-9988-40ec-970b-d447ed545dfb: receive RaftClientReply:client-B22ED198845A->f3174d56-9988-40ec-970b-d447ed545dfb@group-47B82E5F6106, cid=2322, SUCCESS, logIndex=0, commits[f3174d56-9988-40ec-970b-d447ed545dfb:c3420, 3e713ff3-0d17-449f-90fa-609b20cf4c10:c3419, 34290298-343f-405c-af97-b2d19041b010:c3419]
2019-09-11 09:06:37,265 [grpc-default-executor-5] INFO  client.GrpcClientProtocolClient (GrpcClientProtocolClient.java:onNext(264)) - client-B22ED198845A->f3174d56-9988-40ec-970b-d447ed545dfb: receive RaftClientReply:client-B22ED198845A->f3174d56-9988-40ec-970b-d447ed545dfb@group-47B82E5F6106, cid=2323, SUCCESS, logIndex=3422, commits[f3174d56-9988-40ec-970b-d447ed545dfb:c3423, 3e713ff3-0d17-449f-90fa-609b20cf4c10:c3419, 34290298-343f-405c-af97-b2d19041b010:c3421]
2019-09-11 09:06:37,266 [grpc-default-executor-5] INFO  client.GrpcClientProtocolClient (GrpcClientProtocolClient.java:onNext(264)) - client-B22ED198845A->f3174d56-9988-40ec-970b-d447ed545dfb: receive RaftClientReply:client-B22ED198845A->f3174d56-9988-40ec-970b-d447ed545dfb@group-47B82E5F6106, cid=2324, SUCCESS, logIndex=3423, commits[f3174d56-9988-40ec-970b-d447ed545dfb:c3423, 3e713ff3-0d17-449f-90fa-609b20cf4c10:c3419, 34290298-343f-405c-af97-b2d19041b010:c3421]
2019-09-11 09:06:37,267 [grpc-default-executor-5] INFO  client.GrpcClientProtocolClient (GrpcClientProtocolClient.java:onNext(264)) - client-B22ED198845A->f3174d56-9988-40ec-970b-d447ed545dfb: receive RaftClientReply:client-B22ED198845A->f3174d56-9988-40ec-970b-d447ed545dfb@group-47B82E5F6106, cid=2325, SUCCESS, logIndex=3424, commits[f3174d56-9988-40ec-970b-d447ed545dfb:c3425, 3e713ff3-0d17-449f-90fa-609b20cf4c10:c3421, 34290298-343f-405c-af97-b2d19041b010:c3421]
2019-09-11 09:06:37,267 [grpc-default-executor-5] INFO  client.GrpcClientProtocolClient (GrpcClientProtocolClient.java:onNext(264)) - client-B22ED198845A->f3174d56-9988-40ec-970b-d447ed545dfb: receive RaftClientReply:client-B22ED198845A->f3174d56-9988-40ec-970b-d447ed545dfb@group-47B82E5F6106, cid=2326, SUCCESS, logIndex=3425, commits[f3174d56-9988-40ec-970b-d447ed545dfb:c3425, 3e713ff3-0d17-449f-90fa-609b20cf4c10:c3421, 34290298-343f-405c-af97-b2d19041b010:c3421]
2019-09-11 09:06:37,272 [grpc-default-executor-5] INFO  client.GrpcClientProtocolClient (GrpcClientProtocolClient.java:onNext(264)) - client-B22ED198845A->f3174d56-9988-40ec-970b-d447ed545dfb: receive RaftClientReply:client-B22ED198845A->f3174d56-9988-40ec-970b-d447ed545dfb@group-47B82E5F6106, cid=2327, SUCCESS, logIndex=0, commits[f3174d56-9988-40ec-970b-d447ed545dfb:c3427, 3e713ff3-0d17-449f-90fa-609b20cf4c10:c3423, 34290298-343f-405c-af97-b2d19041b010:c3423]
2019-09-11 09:06:37,291 [grpc-default-executor-5] INFO  client.GrpcClientProtocolClient (GrpcClientProtocolClient.java:onNext(264)) - client-B22ED198845A->f3174d56-9988-40ec-970b-d447ed545dfb: receive RaftClientReply:client-B22ED198845A->f3174d56-9988-40ec-970b-d447ed545dfb@group-47B82E5F6106, cid=2328, SUCCESS, logIndex=3430, commits[f3174d56-9988-40ec-970b-d447ed545dfb:c3431, 3e713ff3-0d17-449f-90fa-609b20cf4c10:c3429, 34290298-343f-405c-af97-b2d19041b010:c3429]
2019-09-11 09:06:37,292 [grpc-default-executor-5] INFO  client.GrpcClientProtocolClient (GrpcClientProtocolClient.java:onNext(264)) - client-B22ED198845A->f3174d56-9988-40ec-970b-d447ed545dfb: receive RaftClientReply:client-B22ED198845A->f3174d56-9988-40ec-970b-d447ed545dfb@group-47B82E5F6106, cid=2329, SUCCESS, logIndex=3431, commits[f3174d56-9988-40ec-970b-d447ed545dfb:c3431, 3e713ff3-0d17-449f-90fa-609b20cf4c10:c3429, 34290298-343f-405c-af97-b2d19041b010:c3429]
2019-09-11 09:06:37,321 [grpc-default-executor-5] INFO  client.GrpcClientProtocolClient (GrpcClientProtocolClient.java:onNext(264)) - client-B22ED198845A->f3174d56-9988-40ec-970b-d447ed545dfb: receive RaftClientReply:client-B22ED198845A->f3174d56-9988-40ec-970b-d447ed545dfb@group-47B82E5F6106, cid=2330, SUCCESS, logIndex=3434, commits[f3174d56-9988-40ec-970b-d447ed545dfb:c3435, 3e713ff3-0d17-449f-90fa-609b20cf4c10:c3432, 34290298-343f-405c-af97-b2d19041b010:c3432]
2019-09-11 09:06:37,321 [grpc-default-executor-5] INFO  client.GrpcClientProtocolClient (GrpcClientProtocolClient.java:onNext(264)) - client-B22ED198845A->f3174d56-9988-40ec-970b-d447ed545dfb: receive RaftClientReply:client-B22ED198845A->f3174d56-9988-40ec-970b-d447ed545dfb@group-47B82E5F6106, cid=2331, SUCCESS, logIndex=3435, commits[f3174d56-9988-40ec-970b-d447ed545dfb:c3435, 3e713ff3-0d17-449f-90fa-609b20cf4c10:c3432, 34290298-343f-405c-af97-b2d19041b010:c3432]
2019-09-11 09:06:37,335 [grpc-default-executor-5] INFO  client.GrpcClientProtocolClient (GrpcClientProtocolClient.java:onNext(264)) - client-B22ED198845A->f3174d56-9988-40ec-970b-d447ed545dfb: receive RaftClientReply:client-B22ED198845A->f3174d56-9988-40ec-970b-d447ed545dfb@group-47B82E5F6106, cid=2332, SUCCESS, logIndex=0, commits[f3174d56-9988-40ec-970b-d447ed545dfb:c3437, 3e713ff3-0d17-449f-90fa-609b20cf4c10:c3435, 34290298-343f-405c-af97-b2d19041b010:c3435]
2019-09-11 09:06:37,360 [grpc-default-executor-5] INFO  client.GrpcClientProtocolClient (GrpcClientProtocolClient.java:onNext(264)) - client-B22ED198845A->f3174d56-9988-40ec-970b-d447ed545dfb: receive RaftClientReply:client-B22ED198845A->f3174d56-9988-40ec-970b-d447ed545dfb@group-47B82E5F6106, cid=2333, SUCCESS, logIndex=3438, commits[f3174d56-9988-40ec-970b-d447ed545dfb:c3439, 3e713ff3-0d17-449f-90fa-609b20cf4c10:c3437, 34290298-343f-405c-af97-b2d19041b010:c3437]
2019-09-11 09:06:37,361 [grpc-default-executor-5] INFO  client.GrpcClientProtocolClient (GrpcClientProtocolClient.java:onNext(264)) - client-B22ED198845A->f3174d56-9988-40ec-970b-d447ed545dfb: receive RaftClientReply:client-B22ED198845A->f3174d56-9988-40ec-970b-d447ed545dfb@group-47B82E5F6106, cid=2334, SUCCESS, logIndex=3439, commits[f3174d56-9988-40ec-970b-d447ed545dfb:c3439, 3e713ff3-0d17-449f-90fa-609b20cf4c10:c3437, 34290298-343f-405c-af97-b2d19041b010:c3437]
2019-09-11 09:06:37,363 [grpc-default-executor-5] INFO  client.GrpcClientProtocolClient (GrpcClientProtocolClient.java:onNext(264)) - client-B22ED198845A->f3174d56-9988-40ec-970b-d447ed545dfb: receive RaftClientReply:client-B22ED198845A->f3174d56-9988-40ec-970b-d447ed545dfb@group-47B82E5F6106, cid=2335, SUCCESS, logIndex=3440, commits[f3174d56-9988-40ec-970b-d447ed545dfb:c3441, 3e713ff3-0d17-449f-90fa-609b20cf4c10:c3437, 34290298-343f-405c-af97-b2d19041b010:c3437]
2019-09-11 09:06:37,363 [grpc-default-executor-5] INFO  client.GrpcClientProtocolClient (GrpcClientProtocolClient.java:onNext(264)) - client-B22ED198845A->f3174d56-9988-40ec-970b-d447ed545dfb: receive RaftClientReply:client-B22ED198845A->f3174d56-9988-40ec-970b-d447ed545dfb@group-47B82E5F6106, cid=2336, SUCCESS, logIndex=3441, commits[f3174d56-9988-40ec-970b-d447ed545dfb:c3441, 3e713ff3-0d17-449f-90fa-609b20cf4c10:c3437, 34290298-343f-405c-af97-b2d19041b010:c3437]
2019-09-11 09:06:37,375 [grpc-default-executor-1] INFO  client.GrpcClientProtocolClient (GrpcClientProtocolClient.java:onNext(264)) - client-B22ED198845A->f3174d56-9988-40ec-970b-d447ed545dfb: receive RaftClientReply:client-B22ED198845A->f3174d56-9988-40ec-970b-d447ed545dfb@group-47B82E5F6106, cid=2337, SUCCESS, logIndex=0, commits[f3174d56-9988-40ec-970b-d447ed545dfb:c3442, 3e713ff3-0d17-449f-90fa-609b20cf4c10:c3439, 34290298-343f-405c-af97-b2d19041b010:c3439]
2019-09-11 09:06:37,402 [grpc-default-executor-1] INFO  client.GrpcClientProtocolClient (GrpcClientProtocolClient.java:onNext(264)) - client-B22ED198845A->f3174d56-9988-40ec-970b-d447ed545dfb: receive RaftClientReply:client-B22ED198845A->f3174d56-9988-40ec-970b-d447ed545dfb@group-47B82E5F6106, cid=2338, SUCCESS, logIndex=3446, commits[f3174d56-9988-40ec-970b-d447ed545dfb:c3447, 3e713ff3-0d17-449f-90fa-609b20cf4c10:c3442, 34290298-343f-405c-af97-b2d19041b010:c3442]
2019-09-11 09:06:37,402 [grpc-default-executor-1] INFO  client.GrpcClientProtocolClient (GrpcClientProtocolClient.java:onNext(264)) - client-B22ED198845A->f3174d56-9988-40ec-970b-d447ed545dfb: receive RaftClientReply:client-B22ED198845A->f3174d56-9988-40ec-970b-d447ed545dfb@group-47B82E5F6106, cid=2339, SUCCESS, logIndex=3447, commits[f3174d56-9988-40ec-970b-d447ed545dfb:c3447, 3e713ff3-0d17-449f-90fa-609b20cf4c10:c3442, 34290298-343f-405c-af97-b2d19041b010:c3442]
2019-09-11 09:06:37,415 [grpc-default-executor-0] INFO  client.GrpcClientProtocolClient (GrpcClientProtocolClient.java:onNext(264)) - client-B22ED198845A->f3174d56-9988-40ec-970b-d447ed545dfb: receive RaftClientReply:client-B22ED198845A->f3174d56-9988-40ec-970b-d447ed545dfb@group-47B82E5F6106, cid=2340, SUCCESS, logIndex=3450, commits[f3174d56-9988-40ec-970b-d447ed545dfb:c3450, 3e713ff3-0d17-449f-90fa-609b20cf4c10:c3447, 34290298-343f-405c-af97-b2d19041b010:c3447]
2019-09-11 09:06:37,415 [grpc-default-executor-0] INFO  client.GrpcClientProtocolClient (GrpcClientProtocolClient.java:onNext(264)) - client-B22ED198845A->f3174d56-9988-40ec-970b-d447ed545dfb: receive RaftClientReply:client-B22ED198845A->f3174d56-9988-40ec-970b-d447ed545dfb@group-47B82E5F6106, cid=2341, SUCCESS, logIndex=3451, commits[f3174d56-9988-40ec-970b-d447ed545dfb:c3451, 3e713ff3-0d17-449f-90fa-609b20cf4c10:c3447, 34290298-343f-405c-af97-b2d19041b010:c3447]
2019-09-11 09:06:37,432 [grpc-default-executor-0] INFO  client.GrpcClientProtocolClient (GrpcClientProtocolClient.java:onNext(264)) - client-B22ED198845A->f3174d56-9988-40ec-970b-d447ed545dfb: receive RaftClientReply:client-B22ED198845A->f3174d56-9988-40ec-970b-d447ed545dfb@group-47B82E5F6106, cid=2342, SUCCESS, logIndex=0, commits[f3174d56-9988-40ec-970b-d447ed545dfb:c3453, 3e713ff3-0d17-449f-90fa-609b20cf4c10:c3451, 34290298-343f-405c-af97-b2d19041b010:c3451]
2019-09-11 09:06:37,449 [grpc-default-executor-1] INFO  client.GrpcClientProtocolClient (GrpcClientProtocolClient.java:onNext(264)) - client-B22ED198845A->f3174d56-9988-40ec-970b-d447ed545dfb: receive RaftClientReply:client-B22ED198845A->f3174d56-9988-40ec-970b-d447ed545dfb@group-47B82E5F6106, cid=2343, SUCCESS, logIndex=3454, commits[f3174d56-9988-40ec-970b-d447ed545dfb:c3454, 3e713ff3-0d17-449f-90fa-609b20cf4c10:c3453, 34290298-343f-405c-af97-b2d19041b010:c3451]
2019-09-11 09:06:37,450 [grpc-default-executor-1] INFO  client.GrpcClientProtocolClient (GrpcClientProtocolClient.java:onNext(264)) - client-B22ED198845A->f3174d56-9988-40ec-970b-d447ed545dfb: receive RaftClientReply:client-B22ED198845A->f3174d56-9988-40ec-970b-d447ed545dfb@group-47B82E5F6106, cid=2344, SUCCESS, logIndex=3455, commits[f3174d56-9988-40ec-970b-d447ed545dfb:c3455, 3e713ff3-0d17-449f-90fa-609b20cf4c10:c3453, 34290298-343f-405c-af97-b2d19041b010:c3453]
2019-09-11 09:06:37,455 [grpc-default-executor-5] INFO  client.GrpcClientProtocolClient (GrpcClientProtocolClient.java:onNext(264)) - client-B22ED198845A->f3174d56-9988-40ec-970b-d447ed545dfb: receive RaftClientReply:client-B22ED198845A->f3174d56-9988-40ec-970b-d447ed545dfb@group-47B82E5F6106, cid=2345, SUCCESS, logIndex=3456, commits[f3174d56-9988-40ec-970b-d447ed545dfb:c3457, 3e713ff3-0d17-449f-90fa-609b20cf4c10:c3453, 34290298-343f-405c-af97-b2d19041b010:c3453]
2019-09-11 09:06:37,455 [grpc-default-executor-5] INFO  client.GrpcClientProtocolClient (GrpcClientProtocolClient.java:onNext(264)) - client-B22ED198845A->f3174d56-9988-40ec-970b-d447ed545dfb: receive RaftClientReply:client-B22ED198845A->f3174d56-9988-40ec-970b-d447ed545dfb@group-47B82E5F6106, cid=2346, SUCCESS, logIndex=3457, commits[f3174d56-9988-40ec-970b-d447ed545dfb:c3457, 3e713ff3-0d17-449f-90fa-609b20cf4c10:c3453, 34290298-343f-405c-af97-b2d19041b010:c3454]
2019-09-11 09:06:37,456 [grpc-default-executor-5] INFO  client.GrpcClientProtocolClient (GrpcClientProtocolClient.java:onNext(264)) - client-B22ED198845A->f3174d56-9988-40ec-970b-d447ed545dfb: receive RaftClientReply:client-B22ED198845A->f3174d56-9988-40ec-970b-d447ed545dfb@group-47B82E5F6106, cid=2347, SUCCESS, logIndex=0, commits[f3174d56-9988-40ec-970b-d447ed545dfb:c3459, 3e713ff3-0d17-449f-90fa-609b20cf4c10:c3455, 34290298-343f-405c-af97-b2d19041b010:c3455]
2019-09-11 09:06:37,469 [grpc-default-executor-5] INFO  client.GrpcClientProtocolClient (GrpcClientProtocolClient.java:onNext(264)) - client-B22ED198845A->f3174d56-9988-40ec-970b-d447ed545dfb: receive RaftClientReply:client-B22ED198845A->f3174d56-9988-40ec-970b-d447ed545dfb@group-47B82E5F6106, cid=2348, SUCCESS, logIndex=3462, commits[f3174d56-9988-40ec-970b-d447ed545dfb:c3463, 3e713ff3-0d17-449f-90fa-609b20cf4c10:c3461, 34290298-343f-405c-af97-b2d19041b010:c3457]
2019-09-11 09:06:37,469 [grpc-default-executor-5] INFO  client.GrpcClientProtocolClient (GrpcClientProtocolClient.java:onNext(264)) - client-B22ED198845A->f3174d56-9988-40ec-970b-d447ed545dfb: receive RaftClientReply:client-B22ED198845A->f3174d56-9988-40ec-970b-d447ed545dfb@group-47B82E5F6106, cid=2349, SUCCESS, logIndex=3463, commits[f3174d56-9988-40ec-970b-d447ed545dfb:c3463, 3e713ff3-0d17-449f-90fa-609b20cf4c10:c3461, 34290298-343f-405c-af97-b2d19041b010:c3461]
2019-09-11 09:06:37,479 [grpc-default-executor-5] INFO  client.GrpcClientProtocolClient (GrpcClientProtocolClient.java:onNext(264)) - client-B22ED198845A->f3174d56-9988-40ec-970b-d447ed545dfb: receive RaftClientReply:client-B22ED198845A->f3174d56-9988-40ec-970b-d447ed545dfb@group-47B82E5F6106, cid=2350, SUCCESS, logIndex=3466, commits[f3174d56-9988-40ec-970b-d447ed545dfb:c3467, 3e713ff3-0d17-449f-90fa-609b20cf4c10:c3465, 34290298-343f-405c-af97-b2d19041b010:c3463]
2019-09-11 09:06:37,479 [grpc-default-executor-5] INFO  client.GrpcClientProtocolClient (GrpcClientProtocolClient.java:onNext(264)) - client-B22ED198845A->f3174d56-9988-40ec-970b-d447ed545dfb: receive RaftClientReply:client-B22ED198845A->f3174d56-9988-40ec-970b-d447ed545dfb@group-47B82E5F6106, cid=2351, SUCCESS, logIndex=3467, commits[f3174d56-9988-40ec-970b-d447ed545dfb:c3467, 3e713ff3-0d17-449f-90fa-609b20cf4c10:c3465, 34290298-343f-405c-af97-b2d19041b010:c3465]
2019-09-11 09:06:37,483 [grpc-default-executor-1] INFO  client.GrpcClientProtocolClient (GrpcClientProtocolClient.java:onNext(264)) - client-B22ED198845A->f3174d56-9988-40ec-970b-d447ed545dfb: receive RaftClientReply:client-B22ED198845A->f3174d56-9988-40ec-970b-d447ed545dfb@group-47B82E5F6106, cid=2352, SUCCESS, logIndex=0, commits[f3174d56-9988-40ec-970b-d447ed545dfb:c3468, 3e713ff3-0d17-449f-90fa-609b20cf4c10:c3467, 34290298-343f-405c-af97-b2d19041b010:c3467]
2019-09-11 09:06:37,511 [grpc-default-executor-4] INFO  client.GrpcClientProtocolClient (GrpcClientProtocolClient.java:onNext(264)) - client-B22ED198845A->f3174d56-9988-40ec-970b-d447ed545dfb: receive RaftClientReply:client-B22ED198845A->f3174d56-9988-40ec-970b-d447ed545dfb@group-47B82E5F6106, cid=2353, SUCCESS, logIndex=3470, commits[f3174d56-9988-40ec-970b-d447ed545dfb:c3471, 3e713ff3-0d17-449f-90fa-609b20cf4c10:c3469, 34290298-343f-405c-af97-b2d19041b010:c3467]
2019-09-11 09:06:37,512 [grpc-default-executor-4] INFO  client.GrpcClientProtocolClient (GrpcClientProtocolClient.java:onNext(264)) - client-B22ED198845A->f3174d56-9988-40ec-970b-d447ed545dfb: receive RaftClientReply:client-B22ED198845A->f3174d56-9988-40ec-970b-d447ed545dfb@group-47B82E5F6106, cid=2354, SUCCESS, logIndex=3471, commits[f3174d56-9988-40ec-970b-d447ed545dfb:c3473, 3e713ff3-0d17-449f-90fa-609b20cf4c10:c3469, 34290298-343f-405c-af97-b2d19041b010:c3469]
2019-09-11 09:06:37,513 [grpc-default-executor-4] INFO  client.GrpcClientProtocolClient (GrpcClientProtocolClient.java:onNext(264)) - client-B22ED198845A->f3174d56-9988-40ec-970b-d447ed545dfb: receive RaftClientReply:client-B22ED198845A->f3174d56-9988-40ec-970b-d447ed545dfb@group-47B82E5F6106, cid=2355, SUCCESS, logIndex=3472, commits[f3174d56-9988-40ec-970b-d447ed545dfb:c3473, 3e713ff3-0d17-449f-90fa-609b20cf4c10:c3469, 34290298-343f-405c-af97-b2d19041b010:c3469]
2019-09-11 09:06:37,513 [grpc-default-executor-4] INFO  client.GrpcClientProtocolClient (GrpcClientProtocolClient.java:onNext(264)) - client-B22ED198845A->f3174d56-9988-40ec-970b-d447ed545dfb: receive RaftClientReply:client-B22ED198845A->f3174d56-9988-40ec-970b-d447ed545dfb@group-47B82E5F6106, cid=2356, SUCCESS, logIndex=3473, commits[f3174d56-9988-40ec-970b-d447ed545dfb:c3473, 3e713ff3-0d17-449f-90fa-609b20cf4c10:c3470, 34290298-343f-405c-af97-b2d19041b010:c3469]
2019-09-11 09:06:37,514 [grpc-default-executor-4] INFO  client.GrpcClientProtocolClient (GrpcClientProtocolClient.java:onNext(264)) - client-B22ED198845A->f3174d56-9988-40ec-970b-d447ed545dfb: receive RaftClientReply:client-B22ED198845A->f3174d56-9988-40ec-970b-d447ed545dfb@group-47B82E5F6106, cid=2357, SUCCESS, logIndex=0, commits[f3174d56-9988-40ec-970b-d447ed545dfb:c3477, 3e713ff3-0d17-449f-90fa-609b20cf4c10:c3473, 34290298-343f-405c-af97-b2d19041b010:c3473]
2019-09-11 09:06:37,542 [grpc-default-executor-1] INFO  client.GrpcClientProtocolClient (GrpcClientProtocolClient.java:onNext(264)) - client-B22ED198845A->f3174d56-9988-40ec-970b-d447ed545dfb: receive RaftClientReply:client-B22ED198845A->f3174d56-9988-40ec-970b-d447ed545dfb@group-47B82E5F6106, cid=2358, SUCCESS, logIndex=3478, commits[f3174d56-9988-40ec-970b-d447ed545dfb:c3479, 3e713ff3-0d17-449f-90fa-609b20cf4c10:c3477, 34290298-343f-405c-af97-b2d19041b010:c3477]
2019-09-11 09:06:37,542 [grpc-default-executor-1] INFO  client.GrpcClientProtocolClient (GrpcClientProtocolClient.java:onNext(264)) - client-B22ED198845A->f3174d56-9988-40ec-970b-d447ed545dfb: receive RaftClientReply:client-B22ED198845A->f3174d56-9988-40ec-970b-d447ed545dfb@group-47B82E5F6106, cid=2359, SUCCESS, logIndex=3479, commits[f3174d56-9988-40ec-970b-d447ed545dfb:c3479, 3e713ff3-0d17-449f-90fa-609b20cf4c10:c3477, 34290298-343f-405c-af97-b2d19041b010:c3477]
2019-09-11 09:06:37,559 [grpc-default-executor-4] INFO  client.GrpcClientProtocolClient (GrpcClientProtocolClient.java:onNext(264)) - client-B22ED198845A->f3174d56-9988-40ec-970b-d447ed545dfb: receive RaftClientReply:client-B22ED198845A->f3174d56-9988-40ec-970b-d447ed545dfb@group-47B82E5F6106, cid=2360, SUCCESS, logIndex=3482, commits[f3174d56-9988-40ec-970b-d447ed545dfb:c3483, 3e713ff3-0d17-449f-90fa-609b20cf4c10:c3479, 34290298-343f-405c-af97-b2d19041b010:c3479]
2019-09-11 09:06:37,559 [grpc-default-executor-4] INFO  client.GrpcClientProtocolClient (GrpcClientProtocolClient.java:onNext(264)) - client-B22ED198845A->f3174d56-9988-40ec-970b-d447ed545dfb: receive RaftClientReply:client-B22ED198845A->f3174d56-9988-40ec-970b-d447ed545dfb@group-47B82E5F6106, cid=2361, SUCCESS, logIndex=3483, commits[f3174d56-9988-40ec-970b-d447ed545dfb:c3483, 3e713ff3-0d17-449f-90fa-609b20cf4c10:c3479, 34290298-343f-405c-af97-b2d19041b010:c3479]
2019-09-11 09:06:37,560 [grpc-default-executor-4] INFO  client.GrpcClientProtocolClient (GrpcClientProtocolClient.java:onNext(264)) - client-B22ED198845A->f3174d56-9988-40ec-970b-d447ed545dfb: receive RaftClientReply:client-B22ED198845A->f3174d56-9988-40ec-970b-d447ed545dfb@group-47B82E5F6106, cid=2362, SUCCESS, logIndex=0, commits[f3174d56-9988-40ec-970b-d447ed545dfb:c3484, 3e713ff3-0d17-449f-90fa-609b20cf4c10:c3483, 34290298-343f-405c-af97-b2d19041b010:c3483]
2019-09-11 09:06:37,585 [grpc-default-executor-0] INFO  client.GrpcClientProtocolClient (GrpcClientProtocolClient.java:onNext(264)) - client-B22ED198845A->f3174d56-9988-40ec-970b-d447ed545dfb: receive RaftClientReply:client-B22ED198845A->f3174d56-9988-40ec-970b-d447ed545dfb@group-47B82E5F6106, cid=2363, SUCCESS, logIndex=3485, commits[f3174d56-9988-40ec-970b-d447ed545dfb:c3487, 3e713ff3-0d17-449f-90fa-609b20cf4c10:c3484, 34290298-343f-405c-af97-b2d19041b010:c3484]
2019-09-11 09:06:37,585 [grpc-default-executor-0] INFO  client.GrpcClientProtocolClient (GrpcClientProtocolClient.java:onNext(264)) - client-B22ED198845A->f3174d56-9988-40ec-970b-d447ed545dfb: receive RaftClientReply:client-B22ED198845A->f3174d56-9988-40ec-970b-d447ed545dfb@group-47B82E5F6106, cid=2364, SUCCESS, logIndex=3486, commits[f3174d56-9988-40ec-970b-d447ed545dfb:c3488, 3e713ff3-0d17-449f-90fa-609b20cf4c10:c3484, 34290298-343f-405c-af97-b2d19041b010:c3484]
2019-09-11 09:06:37,585 [grpc-default-executor-0] INFO  client.GrpcClientProtocolClient (GrpcClientProtocolClient.java:onNext(264)) - client-B22ED198845A->f3174d56-9988-40ec-970b-d447ed545dfb: receive RaftClientReply:client-B22ED198845A->f3174d56-9988-40ec-970b-d447ed545dfb@group-47B82E5F6106, cid=2365, SUCCESS, logIndex=3487, commits[f3174d56-9988-40ec-970b-d447ed545dfb:c3488, 3e713ff3-0d17-449f-90fa-609b20cf4c10:c3484, 34290298-343f-405c-af97-b2d19041b010:c3484]
2019-09-11 09:06:37,585 [grpc-default-executor-0] INFO  client.GrpcClientProtocolClient (GrpcClientProtocolClient.java:onNext(264)) - client-B22ED198845A->f3174d56-9988-40ec-970b-d447ed545dfb: receive RaftClientReply:client-B22ED198845A->f3174d56-9988-40ec-970b-d447ed545dfb@group-47B82E5F6106, cid=2366, SUCCESS, logIndex=3488, commits[f3174d56-9988-40ec-970b-d447ed545dfb:c3488, 3e713ff3-0d17-449f-90fa-609b20cf4c10:c3484, 34290298-343f-405c-af97-b2d19041b010:c3484]
2019-09-11 09:06:37,601 [grpc-default-executor-0] INFO  client.GrpcClientProtocolClient (GrpcClientProtocolClient.java:onNext(264)) - client-B22ED198845A->f3174d56-9988-40ec-970b-d447ed545dfb: receive RaftClientReply:client-B22ED198845A->f3174d56-9988-40ec-970b-d447ed545dfb@group-47B82E5F6106, cid=2367, SUCCESS, logIndex=0, commits[f3174d56-9988-40ec-970b-d447ed545dfb:c3490, 3e713ff3-0d17-449f-90fa-609b20cf4c10:c3486, 34290298-343f-405c-af97-b2d19041b010:c3486]
 0.00% |█                                                                                                    |  0/1 Time: 0:00:172019-09-11 09:06:37,624 [grpc-default-executor-4] INFO  client.GrpcClientProtocolClient (GrpcClientProtocolClient.java:onNext(264)) - client-B22ED198845A->f3174d56-9988-40ec-970b-d447ed545dfb: receive RaftClientReply:client-B22ED198845A->f3174d56-9988-40ec-970b-d447ed545dfb@group-47B82E5F6106, cid=2368, SUCCESS, logIndex=3493, commits[f3174d56-9988-40ec-970b-d447ed545dfb:c3493, 3e713ff3-0d17-449f-90fa-609b20cf4c10:c3492, 34290298-343f-405c-af97-b2d19041b010:c3492]
2019-09-11 09:06:37,625 [grpc-default-executor-4] INFO  client.GrpcClientProtocolClient (GrpcClientProtocolClient.java:onNext(264)) - client-B22ED198845A->f3174d56-9988-40ec-970b-d447ed545dfb: receive RaftClientReply:client-B22ED198845A->f3174d56-9988-40ec-970b-d447ed545dfb@group-47B82E5F6106, cid=2369, SUCCESS, logIndex=3494, commits[f3174d56-9988-40ec-970b-d447ed545dfb:c3494, 3e713ff3-0d17-449f-90fa-609b20cf4c10:c3492, 34290298-343f-405c-af97-b2d19041b010:c3492]
2019-09-11 09:06:37,651 [grpc-default-executor-0] INFO  client.GrpcClientProtocolClient (GrpcClientProtocolClient.java:onNext(264)) - client-B22ED198845A->f3174d56-9988-40ec-970b-d447ed545dfb: receive RaftClientReply:client-B22ED198845A->f3174d56-9988-40ec-970b-d447ed545dfb@group-47B82E5F6106, cid=2370, SUCCESS, logIndex=3497, commits[f3174d56-9988-40ec-970b-d447ed545dfb:c3498, 3e713ff3-0d17-449f-90fa-609b20cf4c10:c3494, 34290298-343f-405c-af97-b2d19041b010:c3494]
2019-09-11 09:06:37,651 [grpc-default-executor-0] INFO  client.GrpcClientProtocolClient (GrpcClientProtocolClient.java:onNext(264)) - client-B22ED198845A->f3174d56-9988-40ec-970b-d447ed545dfb: receive RaftClientReply:client-B22ED198845A->f3174d56-9988-40ec-970b-d447ed545dfb@group-47B82E5F6106, cid=2371, SUCCESS, logIndex=3498, commits[f3174d56-9988-40ec-970b-d447ed545dfb:c3498, 3e713ff3-0d17-449f-90fa-609b20cf4c10:c3494, 34290298-343f-405c-af97-b2d19041b010:c3494]
2019-09-11 09:06:37,677 [grpc-default-executor-4] INFO  client.GrpcClientProtocolClient (GrpcClientProtocolClient.java:onNext(264)) - client-B22ED198845A->f3174d56-9988-40ec-970b-d447ed545dfb: receive RaftClientReply:client-B22ED198845A->f3174d56-9988-40ec-970b-d447ed545dfb@group-47B82E5F6106, cid=2372, SUCCESS, logIndex=0, commits[f3174d56-9988-40ec-970b-d447ed545dfb:c3499, 3e713ff3-0d17-449f-90fa-609b20cf4c10:c3498, 34290298-343f-405c-af97-b2d19041b010:c3498]
2019-09-11 09:06:37,841 [grpc-default-executor-0] INFO  client.GrpcClientProtocolClient (GrpcClientProtocolClient.java:onNext(264)) - client-B22ED198845A->f3174d56-9988-40ec-970b-d447ed545dfb: receive RaftClientReply:client-B22ED198845A->f3174d56-9988-40ec-970b-d447ed545dfb@group-47B82E5F6106, cid=2373, SUCCESS, logIndex=3501, commits[f3174d56-9988-40ec-970b-d447ed545dfb:c3502, 3e713ff3-0d17-449f-90fa-609b20cf4c10:c3500, 34290298-343f-405c-af97-b2d19041b010:c3500]
2019-09-11 09:06:37,845 [grpc-default-executor-0] INFO  client.GrpcClientProtocolClient (GrpcClientProtocolClient.java:onNext(264)) - client-B22ED198845A->f3174d56-9988-40ec-970b-d447ed545dfb: receive RaftClientReply:client-B22ED198845A->f3174d56-9988-40ec-970b-d447ed545dfb@group-47B82E5F6106, cid=2374, SUCCESS, logIndex=3502, commits[f3174d56-9988-40ec-970b-d447ed545dfb:c3503, 3e713ff3-0d17-449f-90fa-609b20cf4c10:c3500, 34290298-343f-405c-af97-b2d19041b010:c3500]
2019-09-11 09:06:37,846 [grpc-default-executor-0] INFO  client.GrpcClientProtocolClient (GrpcClientProtocolClient.java:onNext(264)) - client-B22ED198845A->f3174d56-9988-40ec-970b-d447ed545dfb: receive RaftClientReply:client-B22ED198845A->f3174d56-9988-40ec-970b-d447ed545dfb@group-47B82E5F6106, cid=2375, SUCCESS, logIndex=3503, commits[f3174d56-9988-40ec-970b-d447ed545dfb:c3504, 3e713ff3-0d17-449f-90fa-609b20cf4c10:c3500, 34290298-343f-405c-af97-b2d19041b010:c3500]
2019-09-11 09:06:37,846 [grpc-default-executor-0] INFO  client.GrpcClientProtocolClient (GrpcClientProtocolClient.java:onNext(264)) - client-B22ED198845A->f3174d56-9988-40ec-970b-d447ed545dfb: receive RaftClientReply:client-B22ED198845A->f3174d56-9988-40ec-970b-d447ed545dfb@group-47B82E5F6106, cid=2376, SUCCESS, logIndex=3504, commits[f3174d56-9988-40ec-970b-d447ed545dfb:c3504, 3e713ff3-0d17-449f-90fa-609b20cf4c10:c3500, 34290298-343f-405c-af97-b2d19041b010:c3500]
2019-09-11 09:06:37,866 [grpc-default-executor-0] INFO  client.GrpcClientProtocolClient (GrpcClientProtocolClient.java:onNext(264)) - client-B22ED198845A->f3174d56-9988-40ec-970b-d447ed545dfb: receive RaftClientReply:client-B22ED198845A->f3174d56-9988-40ec-970b-d447ed545dfb@group-47B82E5F6106, cid=2377, SUCCESS, logIndex=0, commits[f3174d56-9988-40ec-970b-d447ed545dfb:c3505, 3e713ff3-0d17-449f-90fa-609b20cf4c10:c3502, 34290298-343f-405c-af97-b2d19041b010:c3502]
2019-09-11 09:06:37,891 [grpc-default-executor-0] INFO  client.GrpcClientProtocolClient (GrpcClientProtocolClient.java:onNext(264)) - client-B22ED198845A->f3174d56-9988-40ec-970b-d447ed545dfb: receive RaftClientReply:client-B22ED198845A->f3174d56-9988-40ec-970b-d447ed545dfb@group-47B82E5F6106, cid=2378, SUCCESS, logIndex=3509, commits[f3174d56-9988-40ec-970b-d447ed545dfb:c3510, 3e713ff3-0d17-449f-90fa-609b20cf4c10:c3508, 34290298-343f-405c-af97-b2d19041b010:c3508]
2019-09-11 09:06:37,892 [grpc-default-executor-0] INFO  client.GrpcClientProtocolClient (GrpcClientProtocolClient.java:onNext(264)) - client-B22ED198845A->f3174d56-9988-40ec-970b-d447ed545dfb: receive RaftClientReply:client-B22ED198845A->f3174d56-9988-40ec-970b-d447ed545dfb@group-47B82E5F6106, cid=2379, SUCCESS, logIndex=3510, commits[f3174d56-9988-40ec-970b-d447ed545dfb:c3510, 3e713ff3-0d17-449f-90fa-609b20cf4c10:c3508, 34290298-343f-405c-af97-b2d19041b010:c3508]
2019-09-11 09:06:37,919 [grpc-default-executor-5] INFO  client.GrpcClientProtocolClient (GrpcClientProtocolClient.java:onNext(264)) - client-B22ED198845A->f3174d56-9988-40ec-970b-d447ed545dfb: receive RaftClientReply:client-B22ED198845A->f3174d56-9988-40ec-970b-d447ed545dfb@group-47B82E5F6106, cid=2380, SUCCESS, logIndex=3513, commits[f3174d56-9988-40ec-970b-d447ed545dfb:c3514, 3e713ff3-0d17-449f-90fa-609b20cf4c10:c3510, 34290298-343f-405c-af97-b2d19041b010:c3510]
2019-09-11 09:06:37,919 [grpc-default-executor-5] INFO  client.GrpcClientProtocolClient (GrpcClientProtocolClient.java:onNext(264)) - client-B22ED198845A->f3174d56-9988-40ec-970b-d447ed545dfb: receive RaftClientReply:client-B22ED198845A->f3174d56-9988-40ec-970b-d447ed545dfb@group-47B82E5F6106, cid=2381, SUCCESS, logIndex=3514, commits[f3174d56-9988-40ec-970b-d447ed545dfb:c3514, 3e713ff3-0d17-449f-90fa-609b20cf4c10:c3510, 34290298-343f-405c-af97-b2d19041b010:c3510]
2019-09-11 09:06:37,932 [grpc-default-executor-5] INFO  client.GrpcClientProtocolClient (GrpcClientProtocolClient.java:onNext(264)) - client-B22ED198845A->f3174d56-9988-40ec-970b-d447ed545dfb: receive RaftClientReply:client-B22ED198845A->f3174d56-9988-40ec-970b-d447ed545dfb@group-47B82E5F6106, cid=2382, SUCCESS, logIndex=0, commits[f3174d56-9988-40ec-970b-d447ed545dfb:c3515, 3e713ff3-0d17-449f-90fa-609b20cf4c10:c3514, 34290298-343f-405c-af97-b2d19041b010:c3514]
2019-09-11 09:06:37,978 [grpc-default-executor-1] INFO  client.GrpcClientProtocolClient (GrpcClientProtocolClient.java:onNext(264)) - client-B22ED198845A->f3174d56-9988-40ec-970b-d447ed545dfb: receive RaftClientReply:client-B22ED198845A->f3174d56-9988-40ec-970b-d447ed545dfb@group-47B82E5F6106, cid=2383, SUCCESS, logIndex=3517, commits[f3174d56-9988-40ec-970b-d447ed545dfb:c3518, 3e713ff3-0d17-449f-90fa-609b20cf4c10:c3516, 34290298-343f-405c-af97-b2d19041b010:c3516]
2019-09-11 09:06:37,979 [grpc-default-executor-1] INFO  client.GrpcClientProtocolClient (GrpcClientProtocolClient.java:onNext(264)) - client-B22ED198845A->f3174d56-9988-40ec-970b-d447ed545dfb: receive RaftClientReply:client-B22ED198845A->f3174d56-9988-40ec-970b-d447ed545dfb@group-47B82E5F6106, cid=2384, SUCCESS, logIndex=3518, commits[f3174d56-9988-40ec-970b-d447ed545dfb:c3520, 3e713ff3-0d17-449f-90fa-609b20cf4c10:c3516, 34290298-343f-405c-af97-b2d19041b010:c3516]
2019-09-11 09:06:37,979 [grpc-default-executor-1] INFO  client.GrpcClientProtocolClient (GrpcClientProtocolClient.java:onNext(264)) - client-B22ED198845A->f3174d56-9988-40ec-970b-d447ed545dfb: receive RaftClientReply:client-B22ED198845A->f3174d56-9988-40ec-970b-d447ed545dfb@group-47B82E5F6106, cid=2385, SUCCESS, logIndex=3519, commits[f3174d56-9988-40ec-970b-d447ed545dfb:c3520, 3e713ff3-0d17-449f-90fa-609b20cf4c10:c3516, 34290298-343f-405c-af97-b2d19041b010:c3516]
2019-09-11 09:06:37,980 [grpc-default-executor-1] INFO  client.GrpcClientProtocolClient (GrpcClientProtocolClient.java:onNext(264)) - client-B22ED198845A->f3174d56-9988-40ec-970b-d447ed545dfb: receive RaftClientReply:client-B22ED198845A->f3174d56-9988-40ec-970b-d447ed545dfb@group-47B82E5F6106, cid=2386, SUCCESS, logIndex=3520, commits[f3174d56-9988-40ec-970b-d447ed545dfb:c3520, 3e713ff3-0d17-449f-90fa-609b20cf4c10:c3516, 34290298-343f-405c-af97-b2d19041b010:c3516]
2019-09-11 09:06:37,981 [grpc-default-executor-1] INFO  client.GrpcClientProtocolClient (GrpcClientProtocolClient.java:onNext(264)) - client-B22ED198845A->f3174d56-9988-40ec-970b-d447ed545dfb: receive RaftClientReply:client-B22ED198845A->f3174d56-9988-40ec-970b-d447ed545dfb@group-47B82E5F6106, cid=2387, SUCCESS, logIndex=0, commits[f3174d56-9988-40ec-970b-d447ed545dfb:c3521, 3e713ff3-0d17-449f-90fa-609b20cf4c10:c3518, 34290298-343f-405c-af97-b2d19041b010:c3518]
2019-09-11 09:06:37,996 [grpc-default-executor-0] INFO  client.GrpcClientProtocolClient (GrpcClientProtocolClient.java:onNext(264)) - client-B22ED198845A->f3174d56-9988-40ec-970b-d447ed545dfb: receive RaftClientReply:client-B22ED198845A->f3174d56-9988-40ec-970b-d447ed545dfb@group-47B82E5F6106, cid=2388, SUCCESS, logIndex=3524, commits[f3174d56-9988-40ec-970b-d447ed545dfb:c3525, 3e713ff3-0d17-449f-90fa-609b20cf4c10:c3520, 34290298-343f-405c-af97-b2d19041b010:c3523]
2019-09-11 09:06:37,997 [grpc-default-executor-0] INFO  client.GrpcClientProtocolClient (GrpcClientProtocolClient.java:onNext(264)) - client-B22ED198845A->f3174d56-9988-40ec-970b-d447ed545dfb: receive RaftClientReply:client-B22ED198845A->f3174d56-9988-40ec-970b-d447ed545dfb@group-47B82E5F6106, cid=2389, SUCCESS, logIndex=3525, commits[f3174d56-9988-40ec-970b-d447ed545dfb:c3525, 3e713ff3-0d17-449f-90fa-609b20cf4c10:c3523, 34290298-343f-405c-af97-b2d19041b010:c3523]
2019-09-11 09:06:38,012 [grpc-default-executor-5] INFO  client.GrpcClientProtocolClient (GrpcClientProtocolClient.java:onNext(264)) - client-B22ED198845A->f3174d56-9988-40ec-970b-d447ed545dfb: receive RaftClientReply:client-B22ED198845A->f3174d56-9988-40ec-970b-d447ed545dfb@group-47B82E5F6106, cid=2390, SUCCESS, logIndex=3528, commits[f3174d56-9988-40ec-970b-d447ed545dfb:c3529, 3e713ff3-0d17-449f-90fa-609b20cf4c10:c3527, 34290298-343f-405c-af97-b2d19041b010:c3525]
2019-09-11 09:06:38,013 [grpc-default-executor-5] INFO  client.GrpcClientProtocolClient (GrpcClientProtocolClient.java:onNext(264)) - client-B22ED198845A->f3174d56-9988-40ec-970b-d447ed545dfb: receive RaftClientReply:client-B22ED198845A->f3174d56-9988-40ec-970b-d447ed545dfb@group-47B82E5F6106, cid=2391, SUCCESS, logIndex=3529, commits[f3174d56-9988-40ec-970b-d447ed545dfb:c3529, 3e713ff3-0d17-449f-90fa-609b20cf4c10:c3527, 34290298-343f-405c-af97-b2d19041b010:c3527]
2019-09-11 09:06:38,014 [grpc-default-executor-1] INFO  client.GrpcClientProtocolClient (GrpcClientProtocolClient.java:onNext(264)) - client-B22ED198845A->f3174d56-9988-40ec-970b-d447ed545dfb: receive RaftClientReply:client-B22ED198845A->f3174d56-9988-40ec-970b-d447ed545dfb@group-47B82E5F6106, cid=2392, SUCCESS, logIndex=0, commits[f3174d56-9988-40ec-970b-d447ed545dfb:c3530, 3e713ff3-0d17-449f-90fa-609b20cf4c10:c3529, 34290298-343f-405c-af97-b2d19041b010:c3529]
2019-09-11 09:06:38,039 [grpc-default-executor-0] INFO  client.GrpcClientProtocolClient (GrpcClientProtocolClient.java:onNext(264)) - client-B22ED198845A->f3174d56-9988-40ec-970b-d447ed545dfb: receive RaftClientReply:client-B22ED198845A->f3174d56-9988-40ec-970b-d447ed545dfb@group-47B82E5F6106, cid=2393, SUCCESS, logIndex=3532, commits[f3174d56-9988-40ec-970b-d447ed545dfb:c3533, 3e713ff3-0d17-449f-90fa-609b20cf4c10:c3531, 34290298-343f-405c-af97-b2d19041b010:c3529]
2019-09-11 09:06:38,039 [grpc-default-executor-0] INFO  client.GrpcClientProtocolClient (GrpcClientProtocolClient.java:onNext(264)) - client-B22ED198845A->f3174d56-9988-40ec-970b-d447ed545dfb: receive RaftClientReply:client-B22ED198845A->f3174d56-9988-40ec-970b-d447ed545dfb@group-47B82E5F6106, cid=2394, SUCCESS, logIndex=3533, commits[f3174d56-9988-40ec-970b-d447ed545dfb:c3533, 3e713ff3-0d17-449f-90fa-609b20cf4c10:c3531, 34290298-343f-405c-af97-b2d19041b010:c3529]
2019-09-11 09:06:38,044 [grpc-default-executor-0] INFO  client.GrpcClientProtocolClient (GrpcClientProtocolClient.java:onNext(264)) - client-B22ED198845A->f3174d56-9988-40ec-970b-d447ed545dfb: receive RaftClientReply:client-B22ED198845A->f3174d56-9988-40ec-970b-d447ed545dfb@group-47B82E5F6106, cid=2395, SUCCESS, logIndex=3534, commits[f3174d56-9988-40ec-970b-d447ed545dfb:c3535, 3e713ff3-0d17-449f-90fa-609b20cf4c10:c3531, 34290298-343f-405c-af97-b2d19041b010:c3531]
2019-09-11 09:06:38,045 [grpc-default-executor-0] INFO  client.GrpcClientProtocolClient (GrpcClientProtocolClient.java:onNext(264)) - client-B22ED198845A->f3174d56-9988-40ec-970b-d447ed545dfb: receive RaftClientReply:client-B22ED198845A->f3174d56-9988-40ec-970b-d447ed545dfb@group-47B82E5F6106, cid=2396, SUCCESS, logIndex=3535, commits[f3174d56-9988-40ec-970b-d447ed545dfb:c3537, 3e713ff3-0d17-449f-90fa-609b20cf4c10:c3533, 34290298-343f-405c-af97-b2d19041b010:c3531]
2019-09-11 09:06:38,046 [grpc-default-executor-0] INFO  client.GrpcClientProtocolClient (GrpcClientProtocolClient.java:onNext(264)) - client-B22ED198845A->f3174d56-9988-40ec-970b-d447ed545dfb: receive RaftClientReply:client-B22ED198845A->f3174d56-9988-40ec-970b-d447ed545dfb@group-47B82E5F6106, cid=2397, SUCCESS, logIndex=0, commits[f3174d56-9988-40ec-970b-d447ed545dfb:c3537, 3e713ff3-0d17-449f-90fa-609b20cf4c10:c3533, 34290298-343f-405c-af97-b2d19041b010:c3533]
2019-09-11 09:06:38,059 [grpc-default-executor-5] INFO  client.GrpcClientProtocolClient (GrpcClientProtocolClient.java:onNext(264)) - client-B22ED198845A->f3174d56-9988-40ec-970b-d447ed545dfb: receive RaftClientReply:client-B22ED198845A->f3174d56-9988-40ec-970b-d447ed545dfb@group-47B82E5F6106, cid=2398, SUCCESS, logIndex=3540, commits[f3174d56-9988-40ec-970b-d447ed545dfb:c3541, 3e713ff3-0d17-449f-90fa-609b20cf4c10:c3537, 34290298-343f-405c-af97-b2d19041b010:c3537]
2019-09-11 09:06:38,059 [grpc-default-executor-5] INFO  client.GrpcClientProtocolClient (GrpcClientProtocolClient.java:onNext(264)) - client-B22ED198845A->f3174d56-9988-40ec-970b-d447ed545dfb: receive RaftClientReply:client-B22ED198845A->f3174d56-9988-40ec-970b-d447ed545dfb@group-47B82E5F6106, cid=2399, SUCCESS, logIndex=3541, commits[f3174d56-9988-40ec-970b-d447ed545dfb:c3541, 3e713ff3-0d17-449f-90fa-609b20cf4c10:c3537, 34290298-343f-405c-af97-b2d19041b010:c3537]
2019-09-11 09:06:38,082 [grpc-default-executor-0] INFO  client.GrpcClientProtocolClient (GrpcClientProtocolClient.java:onNext(264)) - client-B22ED198845A->f3174d56-9988-40ec-970b-d447ed545dfb: receive RaftClientReply:client-B22ED198845A->f3174d56-9988-40ec-970b-d447ed545dfb@group-47B82E5F6106, cid=2400, SUCCESS, logIndex=3544, commits[f3174d56-9988-40ec-970b-d447ed545dfb:c3545, 3e713ff3-0d17-449f-90fa-609b20cf4c10:c3541, 34290298-343f-405c-af97-b2d19041b010:c3541]
2019-09-11 09:06:38,082 [grpc-default-executor-0] INFO  client.GrpcClientProtocolClient (GrpcClientProtocolClient.java:onNext(264)) - client-B22ED198845A->f3174d56-9988-40ec-970b-d447ed545dfb: receive RaftClientReply:client-B22ED198845A->f3174d56-9988-40ec-970b-d447ed545dfb@group-47B82E5F6106, cid=2401, SUCCESS, logIndex=3545, commits[f3174d56-9988-40ec-970b-d447ed545dfb:c3545, 3e713ff3-0d17-449f-90fa-609b20cf4c10:c3541, 34290298-343f-405c-af97-b2d19041b010:c3541]
2019-09-11 09:06:38,093 [grpc-default-executor-5] INFO  client.GrpcClientProtocolClient (GrpcClientProtocolClient.java:onNext(264)) - client-B22ED198845A->f3174d56-9988-40ec-970b-d447ed545dfb: receive RaftClientReply:client-B22ED198845A->f3174d56-9988-40ec-970b-d447ed545dfb@group-47B82E5F6106, cid=2402, SUCCESS, logIndex=0, commits[f3174d56-9988-40ec-970b-d447ed545dfb:c3547, 3e713ff3-0d17-449f-90fa-609b20cf4c10:c3545, 34290298-343f-405c-af97-b2d19041b010:c3545]
2019-09-11 09:06:38,126 [grpc-default-executor-1] INFO  client.GrpcClientProtocolClient (GrpcClientProtocolClient.java:onNext(264)) - client-B22ED198845A->f3174d56-9988-40ec-970b-d447ed545dfb: receive RaftClientReply:client-B22ED198845A->f3174d56-9988-40ec-970b-d447ed545dfb@group-47B82E5F6106, cid=2403, SUCCESS, logIndex=3548, commits[f3174d56-9988-40ec-970b-d447ed545dfb:c3549, 3e713ff3-0d17-449f-90fa-609b20cf4c10:c3547, 34290298-343f-405c-af97-b2d19041b010:c3545]
2019-09-11 09:06:38,127 [grpc-default-executor-1] INFO  client.GrpcClientProtocolClient (GrpcClientProtocolClient.java:onNext(264)) - client-B22ED198845A->f3174d56-9988-40ec-970b-d447ed545dfb: receive RaftClientReply:client-B22ED198845A->f3174d56-9988-40ec-970b-d447ed545dfb@group-47B82E5F6106, cid=2404, SUCCESS, logIndex=3549, commits[f3174d56-9988-40ec-970b-d447ed545dfb:c3549, 3e713ff3-0d17-449f-90fa-609b20cf4c10:c3547, 34290298-343f-405c-af97-b2d19041b010:c3547]
2019-09-11 09:06:38,138 [grpc-default-executor-1] INFO  client.GrpcClientProtocolClient (GrpcClientProtocolClient.java:onNext(264)) - client-B22ED198845A->f3174d56-9988-40ec-970b-d447ed545dfb: receive RaftClientReply:client-B22ED198845A->f3174d56-9988-40ec-970b-d447ed545dfb@group-47B82E5F6106, cid=2405, SUCCESS, logIndex=3550, commits[f3174d56-9988-40ec-970b-d447ed545dfb:c3550, 3e713ff3-0d17-449f-90fa-609b20cf4c10:c3547, 34290298-343f-405c-af97-b2d19041b010:c3547]
2019-09-11 09:06:38,139 [grpc-default-executor-1] INFO  client.GrpcClientProtocolClient (GrpcClientProtocolClient.java:onNext(264)) - client-B22ED198845A->f3174d56-9988-40ec-970b-d447ed545dfb: receive RaftClientReply:client-B22ED198845A->f3174d56-9988-40ec-970b-d447ed545dfb@group-47B82E5F6106, cid=2406, SUCCESS, logIndex=3551, commits[f3174d56-9988-40ec-970b-d447ed545dfb:c3551, 3e713ff3-0d17-449f-90fa-609b20cf4c10:c3547, 34290298-343f-405c-af97-b2d19041b010:c3547]
2019-09-11 09:06:38,151 [grpc-default-executor-1] INFO  client.GrpcClientProtocolClient (GrpcClientProtocolClient.java:onNext(264)) - client-B22ED198845A->f3174d56-9988-40ec-970b-d447ed545dfb: receive RaftClientReply:client-B22ED198845A->f3174d56-9988-40ec-970b-d447ed545dfb@group-47B82E5F6106, cid=2407, SUCCESS, logIndex=0, commits[f3174d56-9988-40ec-970b-d447ed545dfb:c3553, 3e713ff3-0d17-449f-90fa-609b20cf4c10:c3549, 34290298-343f-405c-af97-b2d19041b010:c3549]
2019-09-11 09:06:38,177 [grpc-default-executor-0] INFO  client.GrpcClientProtocolClient (GrpcClientProtocolClient.java:onNext(264)) - client-B22ED198845A->f3174d56-9988-40ec-970b-d447ed545dfb: receive RaftClientReply:client-B22ED198845A->f3174d56-9988-40ec-970b-d447ed545dfb@group-47B82E5F6106, cid=2408, SUCCESS, logIndex=3556, commits[f3174d56-9988-40ec-970b-d447ed545dfb:c3557, 3e713ff3-0d17-449f-90fa-609b20cf4c10:c3553, 34290298-343f-405c-af97-b2d19041b010:c3551]
2019-09-11 09:06:38,177 [grpc-default-executor-0] INFO  client.GrpcClientProtocolClient (GrpcClientProtocolClient.java:onNext(264)) - client-B22ED198845A->f3174d56-9988-40ec-970b-d447ed545dfb: receive RaftClientReply:client-B22ED198845A->f3174d56-9988-40ec-970b-d447ed545dfb@group-47B82E5F6106, cid=2409, SUCCESS, logIndex=3557, commits[f3174d56-9988-40ec-970b-d447ed545dfb:c3557, 3e713ff3-0d17-449f-90fa-609b20cf4c10:c3553, 34290298-343f-405c-af97-b2d19041b010:c3553]
2019-09-11 09:06:38,203 [grpc-default-executor-0] INFO  client.GrpcClientProtocolClient (GrpcClientProtocolClient.java:onNext(264)) - client-B22ED198845A->f3174d56-9988-40ec-970b-d447ed545dfb: receive RaftClientReply:client-B22ED198845A->f3174d56-9988-40ec-970b-d447ed545dfb@group-47B82E5F6106, cid=2410, SUCCESS, logIndex=3560, commits[f3174d56-9988-40ec-970b-d447ed545dfb:c3560, 3e713ff3-0d17-449f-90fa-609b20cf4c10:c3557, 34290298-343f-405c-af97-b2d19041b010:c3557]
2019-09-11 09:06:38,204 [grpc-default-executor-0] INFO  client.GrpcClientProtocolClient (GrpcClientProtocolClient.java:onNext(264)) - client-B22ED198845A->f3174d56-9988-40ec-970b-d447ed545dfb: receive RaftClientReply:client-B22ED198845A->f3174d56-9988-40ec-970b-d447ed545dfb@group-47B82E5F6106, cid=2411, SUCCESS, logIndex=3561, commits[f3174d56-9988-40ec-970b-d447ed545dfb:c3561, 3e713ff3-0d17-449f-90fa-609b20cf4c10:c3557, 34290298-343f-405c-af97-b2d19041b010:c3557]
2019-09-11 09:06:38,225 [grpc-default-executor-0] INFO  client.GrpcClientProtocolClient (GrpcClientProtocolClient.java:onNext(264)) - client-B22ED198845A->f3174d56-9988-40ec-970b-d447ed545dfb: receive RaftClientReply:client-B22ED198845A->f3174d56-9988-40ec-970b-d447ed545dfb@group-47B82E5F6106, cid=2412, SUCCESS, logIndex=0, commits[f3174d56-9988-40ec-970b-d447ed545dfb:c3563, 3e713ff3-0d17-449f-90fa-609b20cf4c10:c3561, 34290298-343f-405c-af97-b2d19041b010:c3561]
2019-09-11 09:06:38,259 [grpc-default-executor-1] INFO  client.GrpcClientProtocolClient (GrpcClientProtocolClient.java:onNext(264)) - client-B22ED198845A->f3174d56-9988-40ec-970b-d447ed545dfb: receive RaftClientReply:client-B22ED198845A->f3174d56-9988-40ec-970b-d447ed545dfb@group-47B82E5F6106, cid=2413, SUCCESS, logIndex=3564, commits[f3174d56-9988-40ec-970b-d447ed545dfb:c3566, 3e713ff3-0d17-449f-90fa-609b20cf4c10:c3563, 34290298-343f-405c-af97-b2d19041b010:c3561]
2019-09-11 09:06:38,260 [grpc-default-executor-1] INFO  client.GrpcClientProtocolClient (GrpcClientProtocolClient.java:onNext(264)) - client-B22ED198845A->f3174d56-9988-40ec-970b-d447ed545dfb: receive RaftClientReply:client-B22ED198845A->f3174d56-9988-40ec-970b-d447ed545dfb@group-47B82E5F6106, cid=2414, SUCCESS, logIndex=3565, commits[f3174d56-9988-40ec-970b-d447ed545dfb:c3567, 3e713ff3-0d17-449f-90fa-609b20cf4c10:c3563, 34290298-343f-405c-af97-b2d19041b010:c3563]
2019-09-11 09:06:38,260 [grpc-default-executor-1] INFO  client.GrpcClientProtocolClient (GrpcClientProtocolClient.java:onNext(264)) - client-B22ED198845A->f3174d56-9988-40ec-970b-d447ed545dfb: receive RaftClientReply:client-B22ED198845A->f3174d56-9988-40ec-970b-d447ed545dfb@group-47B82E5F6106, cid=2415, SUCCESS, logIndex=3566, commits[f3174d56-9988-40ec-970b-d447ed545dfb:c3567, 3e713ff3-0d17-449f-90fa-609b20cf4c10:c3563, 34290298-343f-405c-af97-b2d19041b010:c3563]
2019-09-11 09:06:38,260 [grpc-default-executor-1] INFO  client.GrpcClientProtocolClient (GrpcClientProtocolClient.java:onNext(264)) - client-B22ED198845A->f3174d56-9988-40ec-970b-d447ed545dfb: receive RaftClientReply:client-B22ED198845A->f3174d56-9988-40ec-970b-d447ed545dfb@group-47B82E5F6106, cid=2416, SUCCESS, logIndex=3567, commits[f3174d56-9988-40ec-970b-d447ed545dfb:c3567, 3e713ff3-0d17-449f-90fa-609b20cf4c10:c3563, 34290298-343f-405c-af97-b2d19041b010:c3563]
2019-09-11 09:06:38,262 [grpc-default-executor-1] INFO  client.GrpcClientProtocolClient (GrpcClientProtocolClient.java:onNext(264)) - client-B22ED198845A->f3174d56-9988-40ec-970b-d447ed545dfb: receive RaftClientReply:client-B22ED198845A->f3174d56-9988-40ec-970b-d447ed545dfb@group-47B82E5F6106, cid=2417, SUCCESS, logIndex=0, commits[f3174d56-9988-40ec-970b-d447ed545dfb:c3568, 3e713ff3-0d17-449f-90fa-609b20cf4c10:c3566, 34290298-343f-405c-af97-b2d19041b010:c3566]
2019-09-11 09:06:38,276 [grpc-default-executor-1] INFO  client.GrpcClientProtocolClient (GrpcClientProtocolClient.java:onNext(264)) - client-B22ED198845A->f3174d56-9988-40ec-970b-d447ed545dfb: receive RaftClientReply:client-B22ED198845A->f3174d56-9988-40ec-970b-d447ed545dfb@group-47B82E5F6106, cid=2418, SUCCESS, logIndex=3571, commits[f3174d56-9988-40ec-970b-d447ed545dfb:c3572, 3e713ff3-0d17-449f-90fa-609b20cf4c10:c3567, 34290298-343f-405c-af97-b2d19041b010:c3570]
2019-09-11 09:06:38,277 [grpc-default-executor-1] INFO  client.GrpcClientProtocolClient (GrpcClientProtocolClient.java:onNext(264)) - client-B22ED198845A->f3174d56-9988-40ec-970b-d447ed545dfb: receive RaftClientReply:client-B22ED198845A->f3174d56-9988-40ec-970b-d447ed545dfb@group-47B82E5F6106, cid=2419, SUCCESS, logIndex=3572, commits[f3174d56-9988-40ec-970b-d447ed545dfb:c3572, 3e713ff3-0d17-449f-90fa-609b20cf4c10:c3570, 34290298-343f-405c-af97-b2d19041b010:c3570]
2019-09-11 09:06:38,290 [grpc-default-executor-1] INFO  client.GrpcClientProtocolClient (GrpcClientProtocolClient.java:onNext(264)) - client-B22ED198845A->f3174d56-9988-40ec-970b-d447ed545dfb: receive RaftClientReply:client-B22ED198845A->f3174d56-9988-40ec-970b-d447ed545dfb@group-47B82E5F6106, cid=2420, SUCCESS, logIndex=3575, commits[f3174d56-9988-40ec-970b-d447ed545dfb:c3576, 3e713ff3-0d17-449f-90fa-609b20cf4c10:c3571, 34290298-343f-405c-af97-b2d19041b010:c3572]
2019-09-11 09:06:38,291 [grpc-default-executor-1] INFO  client.GrpcClientProtocolClient (GrpcClientProtocolClient.java:onNext(264)) - client-B22ED198845A->f3174d56-9988-40ec-970b-d447ed545dfb: receive RaftClientReply:client-B22ED198845A->f3174d56-9988-40ec-970b-d447ed545dfb@group-47B82E5F6106, cid=2421, SUCCESS, logIndex=3576, commits[f3174d56-9988-40ec-970b-d447ed545dfb:c3576, 3e713ff3-0d17-449f-90fa-609b20cf4c10:c3571, 34290298-343f-405c-af97-b2d19041b010:c3572]
2019-09-11 09:06:38,292 [grpc-default-executor-1] INFO  client.GrpcClientProtocolClient (GrpcClientProtocolClient.java:onNext(264)) - client-B22ED198845A->f3174d56-9988-40ec-970b-d447ed545dfb: receive RaftClientReply:client-B22ED198845A->f3174d56-9988-40ec-970b-d447ed545dfb@group-47B82E5F6106, cid=2422, SUCCESS, logIndex=0, commits[f3174d56-9988-40ec-970b-d447ed545dfb:c3576, 3e713ff3-0d17-449f-90fa-609b20cf4c10:c3572, 34290298-343f-405c-af97-b2d19041b010:c3572]
2019-09-11 09:06:38,296 [grpc-default-executor-1] INFO  client.GrpcClientProtocolClient (GrpcClientProtocolClient.java:onNext(264)) - client-B22ED198845A->f3174d56-9988-40ec-970b-d447ed545dfb: receive RaftClientReply:client-B22ED198845A->f3174d56-9988-40ec-970b-d447ed545dfb@group-47B82E5F6106, cid=2423, SUCCESS, logIndex=0, commits[f3174d56-9988-40ec-970b-d447ed545dfb:c3577, 3e713ff3-0d17-449f-90fa-609b20cf4c10:c3576, 34290298-343f-405c-af97-b2d19041b010:c3576]
2019-09-11 09:06:38,335 [grpc-default-executor-4] INFO  client.GrpcClientProtocolClient (GrpcClientProtocolClient.java:onNext(264)) - client-B22ED198845A->f3174d56-9988-40ec-970b-d447ed545dfb: receive RaftClientReply:client-B22ED198845A->f3174d56-9988-40ec-970b-d447ed545dfb@group-47B82E5F6106, cid=2424, SUCCESS, logIndex=3579, commits[f3174d56-9988-40ec-970b-d447ed545dfb:c3580, 3e713ff3-0d17-449f-90fa-609b20cf4c10:c3578, 34290298-343f-405c-af97-b2d19041b010:c3576]
2019-09-11 09:06:38,336 [grpc-default-executor-4] INFO  client.GrpcClientProtocolClient (GrpcClientProtocolClient.java:onNext(264)) - client-B22ED198845A->f3174d56-9988-40ec-970b-d447ed545dfb: receive RaftClientReply:client-B22ED198845A->f3174d56-9988-40ec-970b-d447ed545dfb@group-47B82E5F6106, cid=2425, SUCCESS, logIndex=3580, commits[f3174d56-9988-40ec-970b-d447ed545dfb:c3580, 3e713ff3-0d17-449f-90fa-609b20cf4c10:c3578, 34290298-343f-405c-af97-b2d19041b010:c3578]
2019-09-11 09:06:38,336 [grpc-default-executor-4] INFO  client.GrpcClientProtocolClient (GrpcClientProtocolClient.java:onNext(264)) - client-B22ED198845A->f3174d56-9988-40ec-970b-d447ed545dfb: receive RaftClientReply:client-B22ED198845A->f3174d56-9988-40ec-970b-d447ed545dfb@group-47B82E5F6106, cid=2426, SUCCESS, logIndex=3581, commits[f3174d56-9988-40ec-970b-d447ed545dfb:c3582, 3e713ff3-0d17-449f-90fa-609b20cf4c10:c3578, 34290298-343f-405c-af97-b2d19041b010:c3578]
2019-09-11 09:06:38,336 [grpc-default-executor-4] INFO  client.GrpcClientProtocolClient (GrpcClientProtocolClient.java:onNext(264)) - client-B22ED198845A->f3174d56-9988-40ec-970b-d447ed545dfb: receive RaftClientReply:client-B22ED198845A->f3174d56-9988-40ec-970b-d447ed545dfb@group-47B82E5F6106, cid=2427, SUCCESS, logIndex=3582, commits[f3174d56-9988-40ec-970b-d447ed545dfb:c3582, 3e713ff3-0d17-449f-90fa-609b20cf4c10:c3578, 34290298-343f-405c-af97-b2d19041b010:c3578]
2019-09-11 09:06:38,338 [grpc-default-executor-5] INFO  client.GrpcClientProtocolClient (GrpcClientProtocolClient.java:onNext(264)) - client-B22ED198845A->f3174d56-9988-40ec-970b-d447ed545dfb: receive RaftClientReply:client-B22ED198845A->f3174d56-9988-40ec-970b-d447ed545dfb@group-47B82E5F6106, cid=2428, SUCCESS, logIndex=0, commits[f3174d56-9988-40ec-970b-d447ed545dfb:c3583, 3e713ff3-0d17-449f-90fa-609b20cf4c10:c3580, 34290298-343f-405c-af97-b2d19041b010:c3580]
2019-09-11 09:06:38,364 [grpc-default-executor-1] INFO  client.GrpcClientProtocolClient (GrpcClientProtocolClient.java:onNext(264)) - client-B22ED198845A->f3174d56-9988-40ec-970b-d447ed545dfb: receive RaftClientReply:client-B22ED198845A->f3174d56-9988-40ec-970b-d447ed545dfb@group-47B82E5F6106, cid=2429, SUCCESS, logIndex=3587, commits[f3174d56-9988-40ec-970b-d447ed545dfb:c3588, 3e713ff3-0d17-449f-90fa-609b20cf4c10:c3584, 34290298-343f-405c-af97-b2d19041b010:c3584]
2019-09-11 09:06:38,364 [grpc-default-executor-1] INFO  client.GrpcClientProtocolClient (GrpcClientProtocolClient.java:onNext(264)) - client-B22ED198845A->f3174d56-9988-40ec-970b-d447ed545dfb: receive RaftClientReply:client-B22ED198845A->f3174d56-9988-40ec-970b-d447ed545dfb@group-47B82E5F6106, cid=2430, SUCCESS, logIndex=3588, commits[f3174d56-9988-40ec-970b-d447ed545dfb:c3588, 3e713ff3-0d17-449f-90fa-609b20cf4c10:c3584, 34290298-343f-405c-af97-b2d19041b010:c3584]
2019-09-11 09:06:38,385 [grpc-default-executor-5] INFO  client.GrpcClientProtocolClient (GrpcClientProtocolClient.java:onNext(264)) - client-B22ED198845A->f3174d56-9988-40ec-970b-d447ed545dfb: receive RaftClientReply:client-B22ED198845A->f3174d56-9988-40ec-970b-d447ed545dfb@group-47B82E5F6106, cid=2431, SUCCESS, logIndex=3591, commits[f3174d56-9988-40ec-970b-d447ed545dfb:c3592, 3e713ff3-0d17-449f-90fa-609b20cf4c10:c3588, 34290298-343f-405c-af97-b2d19041b010:c3588]
2019-09-11 09:06:38,386 [grpc-default-executor-5] INFO  client.GrpcClientProtocolClient (GrpcClientProtocolClient.java:onNext(264)) - client-B22ED198845A->f3174d56-9988-40ec-970b-d447ed545dfb: receive RaftClientReply:client-B22ED198845A->f3174d56-9988-40ec-970b-d447ed545dfb@group-47B82E5F6106, cid=2432, SUCCESS, logIndex=3592, commits[f3174d56-9988-40ec-970b-d447ed545dfb:c3592, 3e713ff3-0d17-449f-90fa-609b20cf4c10:c3588, 34290298-343f-405c-af97-b2d19041b010:c3588]
2019-09-11 09:06:38,399 [grpc-default-executor-5] INFO  client.GrpcClientProtocolClient (GrpcClientProtocolClient.java:onNext(264)) - client-B22ED198845A->f3174d56-9988-40ec-970b-d447ed545dfb: receive RaftClientReply:client-B22ED198845A->f3174d56-9988-40ec-970b-d447ed545dfb@group-47B82E5F6106, cid=2433, SUCCESS, logIndex=0, commits[f3174d56-9988-40ec-970b-d447ed545dfb:c3593, 3e713ff3-0d17-449f-90fa-609b20cf4c10:c3592, 34290298-343f-405c-af97-b2d19041b010:c3592]
2019-09-11 09:06:38,428 [grpc-default-executor-0] INFO  client.GrpcClientProtocolClient (GrpcClientProtocolClient.java:onNext(264)) - client-B22ED198845A->f3174d56-9988-40ec-970b-d447ed545dfb: receive RaftClientReply:client-B22ED198845A->f3174d56-9988-40ec-970b-d447ed545dfb@group-47B82E5F6106, cid=2434, SUCCESS, logIndex=3595, commits[f3174d56-9988-40ec-970b-d447ed545dfb:c3596, 3e713ff3-0d17-449f-90fa-609b20cf4c10:c3594, 34290298-343f-405c-af97-b2d19041b010:c3594]
2019-09-11 09:06:38,429 [grpc-default-executor-1] INFO  client.GrpcClientProtocolClient (GrpcClientProtocolClient.java:onNext(264)) - client-B22ED198845A->f3174d56-9988-40ec-970b-d447ed545dfb: receive RaftClientReply:client-B22ED198845A->f3174d56-9988-40ec-970b-d447ed545dfb@group-47B82E5F6106, cid=2435, SUCCESS, logIndex=3596, commits[f3174d56-9988-40ec-970b-d447ed545dfb:c3596, 3e713ff3-0d17-449f-90fa-609b20cf4c10:c3594, 34290298-343f-405c-af97-b2d19041b010:c3594]
2019-09-11 09:06:38,429 [grpc-default-executor-1] INFO  client.GrpcClientProtocolClient (GrpcClientProtocolClient.java:onNext(264)) - client-B22ED198845A->f3174d56-9988-40ec-970b-d447ed545dfb: receive RaftClientReply:client-B22ED198845A->f3174d56-9988-40ec-970b-d447ed545dfb@group-47B82E5F6106, cid=2436, SUCCESS, logIndex=3597, commits[f3174d56-9988-40ec-970b-d447ed545dfb:c3598, 3e713ff3-0d17-449f-90fa-609b20cf4c10:c3594, 34290298-343f-405c-af97-b2d19041b010:c3594]
2019-09-11 09:06:38,429 [grpc-default-executor-1] INFO  client.GrpcClientProtocolClient (GrpcClientProtocolClient.java:onNext(264)) - client-B22ED198845A->f3174d56-9988-40ec-970b-d447ed545dfb: receive RaftClientReply:client-B22ED198845A->f3174d56-9988-40ec-970b-d447ed545dfb@group-47B82E5F6106, cid=2437, SUCCESS, logIndex=3598, commits[f3174d56-9988-40ec-970b-d447ed545dfb:c3598, 3e713ff3-0d17-449f-90fa-609b20cf4c10:c3594, 34290298-343f-405c-af97-b2d19041b010:c3594]
2019-09-11 09:06:38,444 [grpc-default-executor-1] INFO  client.GrpcClientProtocolClient (GrpcClientProtocolClient.java:onNext(264)) - client-B22ED198845A->f3174d56-9988-40ec-970b-d447ed545dfb: receive RaftClientReply:client-B22ED198845A->f3174d56-9988-40ec-970b-d447ed545dfb@group-47B82E5F6106, cid=2438, SUCCESS, logIndex=0, commits[f3174d56-9988-40ec-970b-d447ed545dfb:c3600, 3e713ff3-0d17-449f-90fa-609b20cf4c10:c3596, 34290298-343f-405c-af97-b2d19041b010:c3596]
2019-09-11 09:06:38,456 [grpc-default-executor-4] INFO  client.GrpcClientProtocolClient (GrpcClientProtocolClient.java:onNext(264)) - client-B22ED198845A->f3174d56-9988-40ec-970b-d447ed545dfb: receive RaftClientReply:client-B22ED198845A->f3174d56-9988-40ec-970b-d447ed545dfb@group-47B82E5F6106, cid=2439, SUCCESS, logIndex=3603, commits[f3174d56-9988-40ec-970b-d447ed545dfb:c3604, 3e713ff3-0d17-449f-90fa-609b20cf4c10:c3602, 34290298-343f-405c-af97-b2d19041b010:c3598]
2019-09-11 09:06:38,457 [grpc-default-executor-4] INFO  client.GrpcClientProtocolClient (GrpcClientProtocolClient.java:onNext(264)) - client-B22ED198845A->f3174d56-9988-40ec-970b-d447ed545dfb: receive RaftClientReply:client-B22ED198845A->f3174d56-9988-40ec-970b-d447ed545dfb@group-47B82E5F6106, cid=2440, SUCCESS, logIndex=3604, commits[f3174d56-9988-40ec-970b-d447ed545dfb:c3604, 3e713ff3-0d17-449f-90fa-609b20cf4c10:c3602, 34290298-343f-405c-af97-b2d19041b010:c3598]
2019-09-11 09:06:38,481 [grpc-default-executor-0] INFO  client.GrpcClientProtocolClient (GrpcClientProtocolClient.java:onNext(264)) - client-B22ED198845A->f3174d56-9988-40ec-970b-d447ed545dfb: receive RaftClientReply:client-B22ED198845A->f3174d56-9988-40ec-970b-d447ed545dfb@group-47B82E5F6106, cid=2441, SUCCESS, logIndex=3607, commits[f3174d56-9988-40ec-970b-d447ed545dfb:c3608, 3e713ff3-0d17-449f-90fa-609b20cf4c10:c3604, 34290298-343f-405c-af97-b2d19041b010:c3604]
2019-09-11 09:06:38,481 [grpc-default-executor-0] INFO  client.GrpcClientProtocolClient (GrpcClientProtocolClient.java:onNext(264)) - client-B22ED198845A->f3174d56-9988-40ec-970b-d447ed545dfb: receive RaftClientReply:client-B22ED198845A->f3174d56-9988-40ec-970b-d447ed545dfb@group-47B82E5F6106, cid=2442, SUCCESS, logIndex=3608, commits[f3174d56-9988-40ec-970b-d447ed545dfb:c3608, 3e713ff3-0d17-449f-90fa-609b20cf4c10:c3604, 34290298-343f-405c-af97-b2d19041b010:c3604]
2019-09-11 09:06:38,497 [grpc-default-executor-0] INFO  client.GrpcClientProtocolClient (GrpcClientProtocolClient.java:onNext(264)) - client-B22ED198845A->f3174d56-9988-40ec-970b-d447ed545dfb: receive RaftClientReply:client-B22ED198845A->f3174d56-9988-40ec-970b-d447ed545dfb@group-47B82E5F6106, cid=2443, SUCCESS, logIndex=0, commits[f3174d56-9988-40ec-970b-d447ed545dfb:c3609, 3e713ff3-0d17-449f-90fa-609b20cf4c10:c3608, 34290298-343f-405c-af97-b2d19041b010:c3608]
2019-09-11 09:06:38,520 [grpc-default-executor-4] INFO  client.GrpcClientProtocolClient (GrpcClientProtocolClient.java:onNext(264)) - client-B22ED198845A->f3174d56-9988-40ec-970b-d447ed545dfb: receive RaftClientReply:client-B22ED198845A->f3174d56-9988-40ec-970b-d447ed545dfb@group-47B82E5F6106, cid=2444, SUCCESS, logIndex=3611, commits[f3174d56-9988-40ec-970b-d447ed545dfb:c3612, 3e713ff3-0d17-449f-90fa-609b20cf4c10:c3610, 34290298-343f-405c-af97-b2d19041b010:c3610]
2019-09-11 09:06:38,520 [grpc-default-executor-4] INFO  client.GrpcClientProtocolClient (GrpcClientProtocolClient.java:onNext(264)) - client-B22ED198845A->f3174d56-9988-40ec-970b-d447ed545dfb: receive RaftClientReply:client-B22ED198845A->f3174d56-9988-40ec-970b-d447ed545dfb@group-47B82E5F6106, cid=2445, SUCCESS, logIndex=3612, commits[f3174d56-9988-40ec-970b-d447ed545dfb:c3612, 3e713ff3-0d17-449f-90fa-609b20cf4c10:c3610, 34290298-343f-405c-af97-b2d19041b010:c3610]
2019-09-11 09:06:38,524 [grpc-default-executor-0] INFO  client.GrpcClientProtocolClient (GrpcClientProtocolClient.java:onNext(264)) - client-B22ED198845A->f3174d56-9988-40ec-970b-d447ed545dfb: receive RaftClientReply:client-B22ED198845A->f3174d56-9988-40ec-970b-d447ed545dfb@group-47B82E5F6106, cid=2446, SUCCESS, logIndex=3613, commits[f3174d56-9988-40ec-970b-d447ed545dfb:c3616, 3e713ff3-0d17-449f-90fa-609b20cf4c10:c3610, 34290298-343f-405c-af97-b2d19041b010:c3612]
2019-09-11 09:06:38,524 [grpc-default-executor-0] INFO  client.GrpcClientProtocolClient (GrpcClientProtocolClient.java:onNext(264)) - client-B22ED198845A->f3174d56-9988-40ec-970b-d447ed545dfb: receive RaftClientReply:client-B22ED198845A->f3174d56-9988-40ec-970b-d447ed545dfb@group-47B82E5F6106, cid=2447, SUCCESS, logIndex=3614, commits[f3174d56-9988-40ec-970b-d447ed545dfb:c3616, 3e713ff3-0d17-449f-90fa-609b20cf4c10:c3612, 34290298-343f-405c-af97-b2d19041b010:c3612]
2019-09-11 09:06:38,536 [grpc-default-executor-4] INFO  client.GrpcClientProtocolClient (GrpcClientProtocolClient.java:onNext(264)) - client-B22ED198845A->f3174d56-9988-40ec-970b-d447ed545dfb: receive RaftClientReply:client-B22ED198845A->f3174d56-9988-40ec-970b-d447ed545dfb@group-47B82E5F6106, cid=2448, SUCCESS, logIndex=3619, commits[f3174d56-9988-40ec-970b-d447ed545dfb:c3620, 3e713ff3-0d17-449f-90fa-609b20cf4c10:c3618, 34290298-343f-405c-af97-b2d19041b010:c3614]
2019-09-11 09:06:38,537 [grpc-default-executor-4] INFO  client.GrpcClientProtocolClient (GrpcClientProtocolClient.java:onNext(264)) - client-B22ED198845A->f3174d56-9988-40ec-970b-d447ed545dfb: receive RaftClientReply:client-B22ED198845A->f3174d56-9988-40ec-970b-d447ed545dfb@group-47B82E5F6106, cid=2449, SUCCESS, logIndex=3620, commits[f3174d56-9988-40ec-970b-d447ed545dfb:c3620, 3e713ff3-0d17-449f-90fa-609b20cf4c10:c3618, 34290298-343f-405c-af97-b2d19041b010:c3614]
2019-09-11 09:06:38,549 [grpc-default-executor-1] INFO  client.GrpcClientProtocolClient (GrpcClientProtocolClient.java:onNext(264)) - client-B22ED198845A->f3174d56-9988-40ec-970b-d447ed545dfb: receive RaftClientReply:client-B22ED198845A->f3174d56-9988-40ec-970b-d447ed545dfb@group-47B82E5F6106, cid=2450, SUCCESS, logIndex=3623, commits[f3174d56-9988-40ec-970b-d447ed545dfb:c3624, 3e713ff3-0d17-449f-90fa-609b20cf4c10:c3620, 34290298-343f-405c-af97-b2d19041b010:c3620]
2019-09-11 09:06:38,550 [grpc-default-executor-1] INFO  client.GrpcClientProtocolClient (GrpcClientProtocolClient.java:onNext(264)) - client-B22ED198845A->f3174d56-9988-40ec-970b-d447ed545dfb: receive RaftClientReply:client-B22ED198845A->f3174d56-9988-40ec-970b-d447ed545dfb@group-47B82E5F6106, cid=2451, SUCCESS, logIndex=3624, commits[f3174d56-9988-40ec-970b-d447ed545dfb:c3624, 3e713ff3-0d17-449f-90fa-609b20cf4c10:c3620, 34290298-343f-405c-af97-b2d19041b010:c3620]
2019-09-11 09:06:38,552 [grpc-default-executor-1] INFO  client.GrpcClientProtocolClient (GrpcClientProtocolClient.java:onNext(264)) - client-B22ED198845A->f3174d56-9988-40ec-970b-d447ed545dfb: receive RaftClientReply:client-B22ED198845A->f3174d56-9988-40ec-970b-d447ed545dfb@group-47B82E5F6106, cid=2452, SUCCESS, logIndex=0, commits[f3174d56-9988-40ec-970b-d447ed545dfb:c3625, 3e713ff3-0d17-449f-90fa-609b20cf4c10:c3624, 34290298-343f-405c-af97-b2d19041b010:c3624]
2019-09-11 09:06:38,594 [grpc-default-executor-0] INFO  client.GrpcClientProtocolClient (GrpcClientProtocolClient.java:onNext(264)) - client-B22ED198845A->f3174d56-9988-40ec-970b-d447ed545dfb: receive RaftClientReply:client-B22ED198845A->f3174d56-9988-40ec-970b-d447ed545dfb@group-47B82E5F6106, cid=2453, SUCCESS, logIndex=3627, commits[f3174d56-9988-40ec-970b-d447ed545dfb:c3628, 3e713ff3-0d17-449f-90fa-609b20cf4c10:c3624, 34290298-343f-405c-af97-b2d19041b010:c3626]
2019-09-11 09:06:38,595 [grpc-default-executor-0] INFO  client.GrpcClientProtocolClient (GrpcClientProtocolClient.java:onNext(264)) - client-B22ED198845A->f3174d56-9988-40ec-970b-d447ed545dfb: receive RaftClientReply:client-B22ED198845A->f3174d56-9988-40ec-970b-d447ed545dfb@group-47B82E5F6106, cid=2454, SUCCESS, logIndex=3628, commits[f3174d56-9988-40ec-970b-d447ed545dfb:c3629, 3e713ff3-0d17-449f-90fa-609b20cf4c10:c3626, 34290298-343f-405c-af97-b2d19041b010:c3626]
2019-09-11 09:06:38,595 [grpc-default-executor-0] INFO  client.GrpcClientProtocolClient (GrpcClientProtocolClient.java:onNext(264)) - client-B22ED198845A->f3174d56-9988-40ec-970b-d447ed545dfb: receive RaftClientReply:client-B22ED198845A->f3174d56-9988-40ec-970b-d447ed545dfb@group-47B82E5F6106, cid=2455, SUCCESS, logIndex=3629, commits[f3174d56-9988-40ec-970b-d447ed545dfb:c3630, 3e713ff3-0d17-449f-90fa-609b20cf4c10:c3626, 34290298-343f-405c-af97-b2d19041b010:c3626]
2019-09-11 09:06:38,595 [grpc-default-executor-0] INFO  client.GrpcClientProtocolClient (GrpcClientProtocolClient.java:onNext(264)) - client-B22ED198845A->f3174d56-9988-40ec-970b-d447ed545dfb: receive RaftClientReply:client-B22ED198845A->f3174d56-9988-40ec-970b-d447ed545dfb@group-47B82E5F6106, cid=2456, SUCCESS, logIndex=3630, commits[f3174d56-9988-40ec-970b-d447ed545dfb:c3630, 3e713ff3-0d17-449f-90fa-609b20cf4c10:c3626, 34290298-343f-405c-af97-b2d19041b010:c3626]
2019-09-11 09:06:38,606 [grpc-default-executor-0] INFO  client.GrpcClientProtocolClient (GrpcClientProtocolClient.java:onNext(264)) - client-B22ED198845A->f3174d56-9988-40ec-970b-d447ed545dfb: receive RaftClientReply:client-B22ED198845A->f3174d56-9988-40ec-970b-d447ed545dfb@group-47B82E5F6106, cid=2457, SUCCESS, logIndex=0, commits[f3174d56-9988-40ec-970b-d447ed545dfb:c3631, 3e713ff3-0d17-449f-90fa-609b20cf4c10:c3628, 34290298-343f-405c-af97-b2d19041b010:c3628]
 0.00% |█                                                                                                    |  0/1 Time: 0:00:182019-09-11 09:06:38,628 [grpc-default-executor-1] INFO  client.GrpcClientProtocolClient (GrpcClientProtocolClient.java:onNext(264)) - client-B22ED198845A->f3174d56-9988-40ec-970b-d447ed545dfb: receive RaftClientReply:client-B22ED198845A->f3174d56-9988-40ec-970b-d447ed545dfb@group-47B82E5F6106, cid=2458, SUCCESS, logIndex=3635, commits[f3174d56-9988-40ec-970b-d447ed545dfb:c3636, 3e713ff3-0d17-449f-90fa-609b20cf4c10:c3634, 34290298-343f-405c-af97-b2d19041b010:c3634]
2019-09-11 09:06:38,628 [grpc-default-executor-1] INFO  client.GrpcClientProtocolClient (GrpcClientProtocolClient.java:onNext(264)) - client-B22ED198845A->f3174d56-9988-40ec-970b-d447ed545dfb: receive RaftClientReply:client-B22ED198845A->f3174d56-9988-40ec-970b-d447ed545dfb@group-47B82E5F6106, cid=2459, SUCCESS, logIndex=3636, commits[f3174d56-9988-40ec-970b-d447ed545dfb:c3636, 3e713ff3-0d17-449f-90fa-609b20cf4c10:c3634, 34290298-343f-405c-af97-b2d19041b010:c3634]
2019-09-11 09:06:38,654 [grpc-default-executor-1] INFO  client.GrpcClientProtocolClient (GrpcClientProtocolClient.java:onNext(264)) - client-B22ED198845A->f3174d56-9988-40ec-970b-d447ed545dfb: receive RaftClientReply:client-B22ED198845A->f3174d56-9988-40ec-970b-d447ed545dfb@group-47B82E5F6106, cid=2460, SUCCESS, logIndex=3639, commits[f3174d56-9988-40ec-970b-d447ed545dfb:c3639, 3e713ff3-0d17-449f-90fa-609b20cf4c10:c3636, 34290298-343f-405c-af97-b2d19041b010:c3636]
2019-09-11 09:06:38,654 [grpc-default-executor-1] INFO  client.GrpcClientProtocolClient (GrpcClientProtocolClient.java:onNext(264)) - client-B22ED198845A->f3174d56-9988-40ec-970b-d447ed545dfb: receive RaftClientReply:client-B22ED198845A->f3174d56-9988-40ec-970b-d447ed545dfb@group-47B82E5F6106, cid=2461, SUCCESS, logIndex=3640, commits[f3174d56-9988-40ec-970b-d447ed545dfb:c3640, 3e713ff3-0d17-449f-90fa-609b20cf4c10:c3636, 34290298-343f-405c-af97-b2d19041b010:c3636]
2019-09-11 09:06:38,680 [grpc-default-executor-1] INFO  client.GrpcClientProtocolClient (GrpcClientProtocolClient.java:onNext(264)) - client-B22ED198845A->f3174d56-9988-40ec-970b-d447ed545dfb: receive RaftClientReply:client-B22ED198845A->f3174d56-9988-40ec-970b-d447ed545dfb@group-47B82E5F6106, cid=2462, SUCCESS, logIndex=0, commits[f3174d56-9988-40ec-970b-d447ed545dfb:c3642, 3e713ff3-0d17-449f-90fa-609b20cf4c10:c3640, 34290298-343f-405c-af97-b2d19041b010:c3640]
2019-09-11 09:06:38,875 [grpc-default-executor-0] INFO  client.GrpcClientProtocolClient (GrpcClientProtocolClient.java:onNext(264)) - client-B22ED198845A->f3174d56-9988-40ec-970b-d447ed545dfb: receive RaftClientReply:client-B22ED198845A->f3174d56-9988-40ec-970b-d447ed545dfb@group-47B82E5F6106, cid=2463, SUCCESS, logIndex=3643, commits[f3174d56-9988-40ec-970b-d447ed545dfb:c3644, 3e713ff3-0d17-449f-90fa-609b20cf4c10:c3640, 34290298-343f-405c-af97-b2d19041b010:c3642]
2019-09-11 09:06:38,876 [grpc-default-executor-0] INFO  client.GrpcClientProtocolClient (GrpcClientProtocolClient.java:onNext(264)) - client-B22ED198845A->f3174d56-9988-40ec-970b-d447ed545dfb: receive RaftClientReply:client-B22ED198845A->f3174d56-9988-40ec-970b-d447ed545dfb@group-47B82E5F6106, cid=2464, SUCCESS, logIndex=3644, commits[f3174d56-9988-40ec-970b-d447ed545dfb:c3644, 3e713ff3-0d17-449f-90fa-609b20cf4c10:c3642, 34290298-343f-405c-af97-b2d19041b010:c3642]
2019-09-11 09:06:38,876 [grpc-default-executor-0] INFO  client.GrpcClientProtocolClient (GrpcClientProtocolClient.java:onNext(264)) - client-B22ED198845A->f3174d56-9988-40ec-970b-d447ed545dfb: receive RaftClientReply:client-B22ED198845A->f3174d56-9988-40ec-970b-d447ed545dfb@group-47B82E5F6106, cid=2465, SUCCESS, logIndex=3645, commits[f3174d56-9988-40ec-970b-d447ed545dfb:c3646, 3e713ff3-0d17-449f-90fa-609b20cf4c10:c3642, 34290298-343f-405c-af97-b2d19041b010:c3642]
2019-09-11 09:06:38,876 [grpc-default-executor-0] INFO  client.GrpcClientProtocolClient (GrpcClientProtocolClient.java:onNext(264)) - client-B22ED198845A->f3174d56-9988-40ec-970b-d447ed545dfb: receive RaftClientReply:client-B22ED198845A->f3174d56-9988-40ec-970b-d447ed545dfb@group-47B82E5F6106, cid=2466, SUCCESS, logIndex=3646, commits[f3174d56-9988-40ec-970b-d447ed545dfb:c3646, 3e713ff3-0d17-449f-90fa-609b20cf4c10:c3642, 34290298-343f-405c-af97-b2d19041b010:c3644]
2019-09-11 09:06:38,877 [grpc-default-executor-0] INFO  client.GrpcClientProtocolClient (GrpcClientProtocolClient.java:onNext(264)) - client-B22ED198845A->f3174d56-9988-40ec-970b-d447ed545dfb: receive RaftClientReply:client-B22ED198845A->f3174d56-9988-40ec-970b-d447ed545dfb@group-47B82E5F6106, cid=2467, SUCCESS, logIndex=0, commits[f3174d56-9988-40ec-970b-d447ed545dfb:c3646, 3e713ff3-0d17-449f-90fa-609b20cf4c10:c3644, 34290298-343f-405c-af97-b2d19041b010:c3644]
2019-09-11 09:06:38,899 [grpc-default-executor-0] INFO  client.GrpcClientProtocolClient (GrpcClientProtocolClient.java:onNext(264)) - client-B22ED198845A->f3174d56-9988-40ec-970b-d447ed545dfb: receive RaftClientReply:client-B22ED198845A->f3174d56-9988-40ec-970b-d447ed545dfb@group-47B82E5F6106, cid=2468, SUCCESS, logIndex=3650, commits[f3174d56-9988-40ec-970b-d447ed545dfb:c3651, 3e713ff3-0d17-449f-90fa-609b20cf4c10:c3647, 34290298-343f-405c-af97-b2d19041b010:c3648]
2019-09-11 09:06:38,899 [grpc-default-executor-0] INFO  client.GrpcClientProtocolClient (GrpcClientProtocolClient.java:onNext(264)) - client-B22ED198845A->f3174d56-9988-40ec-970b-d447ed545dfb: receive RaftClientReply:client-B22ED198845A->f3174d56-9988-40ec-970b-d447ed545dfb@group-47B82E5F6106, cid=2469, SUCCESS, logIndex=3651, commits[f3174d56-9988-40ec-970b-d447ed545dfb:c3651, 3e713ff3-0d17-449f-90fa-609b20cf4c10:c3647, 34290298-343f-405c-af97-b2d19041b010:c3648]
2019-09-11 09:06:38,912 [grpc-default-executor-4] INFO  client.GrpcClientProtocolClient (GrpcClientProtocolClient.java:onNext(264)) - client-B22ED198845A->f3174d56-9988-40ec-970b-d447ed545dfb: receive RaftClientReply:client-B22ED198845A->f3174d56-9988-40ec-970b-d447ed545dfb@group-47B82E5F6106, cid=2470, SUCCESS, logIndex=3654, commits[f3174d56-9988-40ec-970b-d447ed545dfb:c3655, 3e713ff3-0d17-449f-90fa-609b20cf4c10:c3651, 34290298-343f-405c-af97-b2d19041b010:c3650]
2019-09-11 09:06:38,913 [grpc-default-executor-4] INFO  client.GrpcClientProtocolClient (GrpcClientProtocolClient.java:onNext(264)) - client-B22ED198845A->f3174d56-9988-40ec-970b-d447ed545dfb: receive RaftClientReply:client-B22ED198845A->f3174d56-9988-40ec-970b-d447ed545dfb@group-47B82E5F6106, cid=2471, SUCCESS, logIndex=3655, commits[f3174d56-9988-40ec-970b-d447ed545dfb:c3655, 3e713ff3-0d17-449f-90fa-609b20cf4c10:c3651, 34290298-343f-405c-af97-b2d19041b010:c3651]
2019-09-11 09:06:38,916 [grpc-default-executor-4] INFO  client.GrpcClientProtocolClient (GrpcClientProtocolClient.java:onNext(264)) - client-B22ED198845A->f3174d56-9988-40ec-970b-d447ed545dfb: receive RaftClientReply:client-B22ED198845A->f3174d56-9988-40ec-970b-d447ed545dfb@group-47B82E5F6106, cid=2472, SUCCESS, logIndex=0, commits[f3174d56-9988-40ec-970b-d447ed545dfb:c3656, 3e713ff3-0d17-449f-90fa-609b20cf4c10:c3655, 34290298-343f-405c-af97-b2d19041b010:c3655]
2019-09-11 09:06:38,946 [grpc-default-executor-1] INFO  client.GrpcClientProtocolClient (GrpcClientProtocolClient.java:onNext(264)) - client-B22ED198845A->f3174d56-9988-40ec-970b-d447ed545dfb: receive RaftClientReply:client-B22ED198845A->f3174d56-9988-40ec-970b-d447ed545dfb@group-47B82E5F6106, cid=2473, SUCCESS, logIndex=3658, commits[f3174d56-9988-40ec-970b-d447ed545dfb:c3660, 3e713ff3-0d17-449f-90fa-609b20cf4c10:c3657, 34290298-343f-405c-af97-b2d19041b010:c3657]
2019-09-11 09:06:38,946 [grpc-default-executor-1] INFO  client.GrpcClientProtocolClient (GrpcClientProtocolClient.java:onNext(264)) - client-B22ED198845A->f3174d56-9988-40ec-970b-d447ed545dfb: receive RaftClientReply:client-B22ED198845A->f3174d56-9988-40ec-970b-d447ed545dfb@group-47B82E5F6106, cid=2474, SUCCESS, logIndex=3659, commits[f3174d56-9988-40ec-970b-d447ed545dfb:c3661, 3e713ff3-0d17-449f-90fa-609b20cf4c10:c3657, 34290298-343f-405c-af97-b2d19041b010:c3657]
2019-09-11 09:06:38,946 [grpc-default-executor-1] INFO  client.GrpcClientProtocolClient (GrpcClientProtocolClient.java:onNext(264)) - client-B22ED198845A->f3174d56-9988-40ec-970b-d447ed545dfb: receive RaftClientReply:client-B22ED198845A->f3174d56-9988-40ec-970b-d447ed545dfb@group-47B82E5F6106, cid=2475, SUCCESS, logIndex=3660, commits[f3174d56-9988-40ec-970b-d447ed545dfb:c3661, 3e713ff3-0d17-449f-90fa-609b20cf4c10:c3657, 34290298-343f-405c-af97-b2d19041b010:c3657]
2019-09-11 09:06:38,947 [grpc-default-executor-1] INFO  client.GrpcClientProtocolClient (GrpcClientProtocolClient.java:onNext(264)) - client-B22ED198845A->f3174d56-9988-40ec-970b-d447ed545dfb: receive RaftClientReply:client-B22ED198845A->f3174d56-9988-40ec-970b-d447ed545dfb@group-47B82E5F6106, cid=2476, SUCCESS, logIndex=3661, commits[f3174d56-9988-40ec-970b-d447ed545dfb:c3661, 3e713ff3-0d17-449f-90fa-609b20cf4c10:c3657, 34290298-343f-405c-af97-b2d19041b010:c3657]
2019-09-11 09:06:38,959 [grpc-default-executor-0] INFO  client.GrpcClientProtocolClient (GrpcClientProtocolClient.java:onNext(264)) - client-B22ED198845A->f3174d56-9988-40ec-970b-d447ed545dfb: receive RaftClientReply:client-B22ED198845A->f3174d56-9988-40ec-970b-d447ed545dfb@group-47B82E5F6106, cid=2477, SUCCESS, logIndex=0, commits[f3174d56-9988-40ec-970b-d447ed545dfb:c3662, 3e713ff3-0d17-449f-90fa-609b20cf4c10:c3659, 34290298-343f-405c-af97-b2d19041b010:c3659]
2019-09-11 09:06:38,985 [grpc-default-executor-1] INFO  client.GrpcClientProtocolClient (GrpcClientProtocolClient.java:onNext(264)) - client-B22ED198845A->f3174d56-9988-40ec-970b-d447ed545dfb: receive RaftClientReply:client-B22ED198845A->f3174d56-9988-40ec-970b-d447ed545dfb@group-47B82E5F6106, cid=2478, SUCCESS, logIndex=3666, commits[f3174d56-9988-40ec-970b-d447ed545dfb:c3667, 3e713ff3-0d17-449f-90fa-609b20cf4c10:c3662, 34290298-343f-405c-af97-b2d19041b010:c3662]
2019-09-11 09:06:38,986 [grpc-default-executor-1] INFO  client.GrpcClientProtocolClient (GrpcClientProtocolClient.java:onNext(264)) - client-B22ED198845A->f3174d56-9988-40ec-970b-d447ed545dfb: receive RaftClientReply:client-B22ED198845A->f3174d56-9988-40ec-970b-d447ed545dfb@group-47B82E5F6106, cid=2479, SUCCESS, logIndex=3667, commits[f3174d56-9988-40ec-970b-d447ed545dfb:c3667, 3e713ff3-0d17-449f-90fa-609b20cf4c10:c3662, 34290298-343f-405c-af97-b2d19041b010:c3662]
2019-09-11 09:06:39,012 [grpc-default-executor-0] INFO  client.GrpcClientProtocolClient (GrpcClientProtocolClient.java:onNext(264)) - client-B22ED198845A->f3174d56-9988-40ec-970b-d447ed545dfb: receive RaftClientReply:client-B22ED198845A->f3174d56-9988-40ec-970b-d447ed545dfb@group-47B82E5F6106, cid=2480, SUCCESS, logIndex=3670, commits[f3174d56-9988-40ec-970b-d447ed545dfb:c3671, 3e713ff3-0d17-449f-90fa-609b20cf4c10:c3667, 34290298-343f-405c-af97-b2d19041b010:c3667]
2019-09-11 09:06:39,012 [grpc-default-executor-0] INFO  client.GrpcClientProtocolClient (GrpcClientProtocolClient.java:onNext(264)) - client-B22ED198845A->f3174d56-9988-40ec-970b-d447ed545dfb: receive RaftClientReply:client-B22ED198845A->f3174d56-9988-40ec-970b-d447ed545dfb@group-47B82E5F6106, cid=2481, SUCCESS, logIndex=3671, commits[f3174d56-9988-40ec-970b-d447ed545dfb:c3671, 3e713ff3-0d17-449f-90fa-609b20cf4c10:c3667, 34290298-343f-405c-af97-b2d19041b010:c3667]
2019-09-11 09:06:39,015 [grpc-default-executor-0] INFO  client.GrpcClientProtocolClient (GrpcClientProtocolClient.java:onNext(264)) - client-B22ED198845A->f3174d56-9988-40ec-970b-d447ed545dfb: receive RaftClientReply:client-B22ED198845A->f3174d56-9988-40ec-970b-d447ed545dfb@group-47B82E5F6106, cid=2482, SUCCESS, logIndex=0, commits[f3174d56-9988-40ec-970b-d447ed545dfb:c3672, 3e713ff3-0d17-449f-90fa-609b20cf4c10:c3671, 34290298-343f-405c-af97-b2d19041b010:c3671]
2019-09-11 09:06:39,037 [grpc-default-executor-4] INFO  client.GrpcClientProtocolClient (GrpcClientProtocolClient.java:onNext(264)) - client-B22ED198845A->f3174d56-9988-40ec-970b-d447ed545dfb: receive RaftClientReply:client-B22ED198845A->f3174d56-9988-40ec-970b-d447ed545dfb@group-47B82E5F6106, cid=2483, SUCCESS, logIndex=3674, commits[f3174d56-9988-40ec-970b-d447ed545dfb:c3675, 3e713ff3-0d17-449f-90fa-609b20cf4c10:c3673, 34290298-343f-405c-af97-b2d19041b010:c3673]
2019-09-11 09:06:39,038 [grpc-default-executor-4] INFO  client.GrpcClientProtocolClient (GrpcClientProtocolClient.java:onNext(264)) - client-B22ED198845A->f3174d56-9988-40ec-970b-d447ed545dfb: receive RaftClientReply:client-B22ED198845A->f3174d56-9988-40ec-970b-d447ed545dfb@group-47B82E5F6106, cid=2484, SUCCESS, logIndex=3675, commits[f3174d56-9988-40ec-970b-d447ed545dfb:c3677, 3e713ff3-0d17-449f-90fa-609b20cf4c10:c3673, 34290298-343f-405c-af97-b2d19041b010:c3673]
2019-09-11 09:06:39,038 [grpc-default-executor-4] INFO  client.GrpcClientProtocolClient (GrpcClientProtocolClient.java:onNext(264)) - client-B22ED198845A->f3174d56-9988-40ec-970b-d447ed545dfb: receive RaftClientReply:client-B22ED198845A->f3174d56-9988-40ec-970b-d447ed545dfb@group-47B82E5F6106, cid=2485, SUCCESS, logIndex=3676, commits[f3174d56-9988-40ec-970b-d447ed545dfb:c3677, 3e713ff3-0d17-449f-90fa-609b20cf4c10:c3673, 34290298-343f-405c-af97-b2d19041b010:c3673]
2019-09-11 09:06:39,038 [grpc-default-executor-4] INFO  client.GrpcClientProtocolClient (GrpcClientProtocolClient.java:onNext(264)) - client-B22ED198845A->f3174d56-9988-40ec-970b-d447ed545dfb: receive RaftClientReply:client-B22ED198845A->f3174d56-9988-40ec-970b-d447ed545dfb@group-47B82E5F6106, cid=2486, SUCCESS, logIndex=3677, commits[f3174d56-9988-40ec-970b-d447ed545dfb:c3677, 3e713ff3-0d17-449f-90fa-609b20cf4c10:c3673, 34290298-343f-405c-af97-b2d19041b010:c3673]
2019-09-11 09:06:39,043 [grpc-default-executor-4] INFO  client.GrpcClientProtocolClient (GrpcClientProtocolClient.java:onNext(264)) - client-B22ED198845A->f3174d56-9988-40ec-970b-d447ed545dfb: receive RaftClientReply:client-B22ED198845A->f3174d56-9988-40ec-970b-d447ed545dfb@group-47B82E5F6106, cid=2487, SUCCESS, logIndex=0, commits[f3174d56-9988-40ec-970b-d447ed545dfb:c3679, 3e713ff3-0d17-449f-90fa-609b20cf4c10:c3675, 34290298-343f-405c-af97-b2d19041b010:c3675]
2019-09-11 09:06:39,062 [grpc-default-executor-0] INFO  client.GrpcClientProtocolClient (GrpcClientProtocolClient.java:onNext(264)) - client-B22ED198845A->f3174d56-9988-40ec-970b-d447ed545dfb: receive RaftClientReply:client-B22ED198845A->f3174d56-9988-40ec-970b-d447ed545dfb@group-47B82E5F6106, cid=2488, SUCCESS, logIndex=3682, commits[f3174d56-9988-40ec-970b-d447ed545dfb:c3683, 3e713ff3-0d17-449f-90fa-609b20cf4c10:c3681, 34290298-343f-405c-af97-b2d19041b010:c3681]
2019-09-11 09:06:39,062 [grpc-default-executor-0] INFO  client.GrpcClientProtocolClient (GrpcClientProtocolClient.java:onNext(264)) - client-B22ED198845A->f3174d56-9988-40ec-970b-d447ed545dfb: receive RaftClientReply:client-B22ED198845A->f3174d56-9988-40ec-970b-d447ed545dfb@group-47B82E5F6106, cid=2489, SUCCESS, logIndex=3683, commits[f3174d56-9988-40ec-970b-d447ed545dfb:c3683, 3e713ff3-0d17-449f-90fa-609b20cf4c10:c3681, 34290298-343f-405c-af97-b2d19041b010:c3681]
2019-09-11 09:06:39,073 [grpc-default-executor-5] INFO  client.GrpcClientProtocolClient (GrpcClientProtocolClient.java:onNext(264)) - client-B22ED198845A->f3174d56-9988-40ec-970b-d447ed545dfb: receive RaftClientReply:client-B22ED198845A->f3174d56-9988-40ec-970b-d447ed545dfb@group-47B82E5F6106, cid=2490, SUCCESS, logIndex=3686, commits[f3174d56-9988-40ec-970b-d447ed545dfb:c3687, 3e713ff3-0d17-449f-90fa-609b20cf4c10:c3684, 34290298-343f-405c-af97-b2d19041b010:c3683]
2019-09-11 09:06:39,073 [grpc-default-executor-5] INFO  client.GrpcClientProtocolClient (GrpcClientProtocolClient.java:onNext(264)) - client-B22ED198845A->f3174d56-9988-40ec-970b-d447ed545dfb: receive RaftClientReply:client-B22ED198845A->f3174d56-9988-40ec-970b-d447ed545dfb@group-47B82E5F6106, cid=2491, SUCCESS, logIndex=3687, commits[f3174d56-9988-40ec-970b-d447ed545dfb:c3687, 3e713ff3-0d17-449f-90fa-609b20cf4c10:c3684, 34290298-343f-405c-af97-b2d19041b010:c3684]
2019-09-11 09:06:39,074 [grpc-default-executor-5] INFO  client.GrpcClientProtocolClient (GrpcClientProtocolClient.java:onNext(264)) - client-B22ED198845A->f3174d56-9988-40ec-970b-d447ed545dfb: receive RaftClientReply:client-B22ED198845A->f3174d56-9988-40ec-970b-d447ed545dfb@group-47B82E5F6106, cid=2492, SUCCESS, logIndex=0, commits[f3174d56-9988-40ec-970b-d447ed545dfb:c3688, 3e713ff3-0d17-449f-90fa-609b20cf4c10:c3687, 34290298-343f-405c-af97-b2d19041b010:c3687]
2019-09-11 09:06:39,093 [grpc-default-executor-5] INFO  client.GrpcClientProtocolClient (GrpcClientProtocolClient.java:onNext(264)) - client-B22ED198845A->f3174d56-9988-40ec-970b-d447ed545dfb: receive RaftClientReply:client-B22ED198845A->f3174d56-9988-40ec-970b-d447ed545dfb@group-47B82E5F6106, cid=2493, SUCCESS, logIndex=3690, commits[f3174d56-9988-40ec-970b-d447ed545dfb:c3692, 3e713ff3-0d17-449f-90fa-609b20cf4c10:c3689, 34290298-343f-405c-af97-b2d19041b010:c3687]
2019-09-11 09:06:39,093 [grpc-default-executor-5] INFO  client.GrpcClientProtocolClient (GrpcClientProtocolClient.java:onNext(264)) - client-B22ED198845A->f3174d56-9988-40ec-970b-d447ed545dfb: receive RaftClientReply:client-B22ED198845A->f3174d56-9988-40ec-970b-d447ed545dfb@group-47B82E5F6106, cid=2494, SUCCESS, logIndex=3691, commits[f3174d56-9988-40ec-970b-d447ed545dfb:c3693, 3e713ff3-0d17-449f-90fa-609b20cf4c10:c3689, 34290298-343f-405c-af97-b2d19041b010:c3689]
2019-09-11 09:06:39,094 [grpc-default-executor-5] INFO  client.GrpcClientProtocolClient (GrpcClientProtocolClient.java:onNext(264)) - client-B22ED198845A->f3174d56-9988-40ec-970b-d447ed545dfb: receive RaftClientReply:client-B22ED198845A->f3174d56-9988-40ec-970b-d447ed545dfb@group-47B82E5F6106, cid=2495, SUCCESS, logIndex=3692, commits[f3174d56-9988-40ec-970b-d447ed545dfb:c3693, 3e713ff3-0d17-449f-90fa-609b20cf4c10:c3689, 34290298-343f-405c-af97-b2d19041b010:c3689]
2019-09-11 09:06:39,094 [grpc-default-executor-5] INFO  client.GrpcClientProtocolClient (GrpcClientProtocolClient.java:onNext(264)) - client-B22ED198845A->f3174d56-9988-40ec-970b-d447ed545dfb: receive RaftClientReply:client-B22ED198845A->f3174d56-9988-40ec-970b-d447ed545dfb@group-47B82E5F6106, cid=2496, SUCCESS, logIndex=3693, commits[f3174d56-9988-40ec-970b-d447ed545dfb:c3693, 3e713ff3-0d17-449f-90fa-609b20cf4c10:c3689, 34290298-343f-405c-af97-b2d19041b010:c3689]
2019-09-11 09:06:39,096 [grpc-default-executor-5] INFO  client.GrpcClientProtocolClient (GrpcClientProtocolClient.java:onNext(264)) - client-B22ED198845A->f3174d56-9988-40ec-970b-d447ed545dfb: receive RaftClientReply:client-B22ED198845A->f3174d56-9988-40ec-970b-d447ed545dfb@group-47B82E5F6106, cid=2497, SUCCESS, logIndex=0, commits[f3174d56-9988-40ec-970b-d447ed545dfb:c3694, 3e713ff3-0d17-449f-90fa-609b20cf4c10:c3691, 34290298-343f-405c-af97-b2d19041b010:c3691]
2019-09-11 09:06:39,105 [grpc-default-executor-4] INFO  client.GrpcClientProtocolClient (GrpcClientProtocolClient.java:onNext(264)) - client-B22ED198845A->f3174d56-9988-40ec-970b-d447ed545dfb: receive RaftClientReply:client-B22ED198845A->f3174d56-9988-40ec-970b-d447ed545dfb@group-47B82E5F6106, cid=2498, SUCCESS, logIndex=3698, commits[f3174d56-9988-40ec-970b-d447ed545dfb:c3699, 3e713ff3-0d17-449f-90fa-609b20cf4c10:c3697, 34290298-343f-405c-af97-b2d19041b010:c3693]
2019-09-11 09:06:39,106 [grpc-default-executor-4] INFO  client.GrpcClientProtocolClient (GrpcClientProtocolClient.java:onNext(264)) - client-B22ED198845A->f3174d56-9988-40ec-970b-d447ed545dfb: receive RaftClientReply:client-B22ED198845A->f3174d56-9988-40ec-970b-d447ed545dfb@group-47B82E5F6106, cid=2499, SUCCESS, logIndex=3699, commits[f3174d56-9988-40ec-970b-d447ed545dfb:c3699, 3e713ff3-0d17-449f-90fa-609b20cf4c10:c3697, 34290298-343f-405c-af97-b2d19041b010:c3693]
2019-09-11 09:06:39,116 [grpc-default-executor-5] INFO  client.GrpcClientProtocolClient (GrpcClientProtocolClient.java:onNext(264)) - client-B22ED198845A->f3174d56-9988-40ec-970b-d447ed545dfb: receive RaftClientReply:client-B22ED198845A->f3174d56-9988-40ec-970b-d447ed545dfb@group-47B82E5F6106, cid=2500, SUCCESS, logIndex=3702, commits[f3174d56-9988-40ec-970b-d447ed545dfb:c3703, 3e713ff3-0d17-449f-90fa-609b20cf4c10:c3699, 34290298-343f-405c-af97-b2d19041b010:c3700]
2019-09-11 09:06:39,117 [grpc-default-executor-5] INFO  client.GrpcClientProtocolClient (GrpcClientProtocolClient.java:onNext(264)) - client-B22ED198845A->f3174d56-9988-40ec-970b-d447ed545dfb: receive RaftClientReply:client-B22ED198845A->f3174d56-9988-40ec-970b-d447ed545dfb@group-47B82E5F6106, cid=2501, SUCCESS, logIndex=3703, commits[f3174d56-9988-40ec-970b-d447ed545dfb:c3703, 3e713ff3-0d17-449f-90fa-609b20cf4c10:c3700, 34290298-343f-405c-af97-b2d19041b010:c3700]
2019-09-11 09:06:39,123 [grpc-default-executor-1] INFO  client.GrpcClientProtocolClient (GrpcClientProtocolClient.java:onNext(264)) - client-B22ED198845A->f3174d56-9988-40ec-970b-d447ed545dfb: receive RaftClientReply:client-B22ED198845A->f3174d56-9988-40ec-970b-d447ed545dfb@group-47B82E5F6106, cid=2502, SUCCESS, logIndex=0, commits[f3174d56-9988-40ec-970b-d447ed545dfb:c3703, 3e713ff3-0d17-449f-90fa-609b20cf4c10:c3703, 34290298-343f-405c-af97-b2d19041b010:c3703]
2019-09-11 09:06:39,154 [grpc-default-executor-5] INFO  client.GrpcClientProtocolClient (GrpcClientProtocolClient.java:onNext(264)) - client-B22ED198845A->f3174d56-9988-40ec-970b-d447ed545dfb: receive RaftClientReply:client-B22ED198845A->f3174d56-9988-40ec-970b-d447ed545dfb@group-47B82E5F6106, cid=2503, SUCCESS, logIndex=3706, commits[f3174d56-9988-40ec-970b-d447ed545dfb:c3708, 3e713ff3-0d17-449f-90fa-609b20cf4c10:c3705, 34290298-343f-405c-af97-b2d19041b010:c3705]
2019-09-11 09:06:39,155 [grpc-default-executor-5] INFO  client.GrpcClientProtocolClient (GrpcClientProtocolClient.java:onNext(264)) - client-B22ED198845A->f3174d56-9988-40ec-970b-d447ed545dfb: receive RaftClientReply:client-B22ED198845A->f3174d56-9988-40ec-970b-d447ed545dfb@group-47B82E5F6106, cid=2504, SUCCESS, logIndex=3707, commits[f3174d56-9988-40ec-970b-d447ed545dfb:c3709, 3e713ff3-0d17-449f-90fa-609b20cf4c10:c3705, 34290298-343f-405c-af97-b2d19041b010:c3705]
2019-09-11 09:06:39,155 [grpc-default-executor-5] INFO  client.GrpcClientProtocolClient (GrpcClientProtocolClient.java:onNext(264)) - client-B22ED198845A->f3174d56-9988-40ec-970b-d447ed545dfb: receive RaftClientReply:client-B22ED198845A->f3174d56-9988-40ec-970b-d447ed545dfb@group-47B82E5F6106, cid=2505, SUCCESS, logIndex=3708, commits[f3174d56-9988-40ec-970b-d447ed545dfb:c3709, 3e713ff3-0d17-449f-90fa-609b20cf4c10:c3705, 34290298-343f-405c-af97-b2d19041b010:c3705]
2019-09-11 09:06:39,155 [grpc-default-executor-5] INFO  client.GrpcClientProtocolClient (GrpcClientProtocolClient.java:onNext(264)) - client-B22ED198845A->f3174d56-9988-40ec-970b-d447ed545dfb: receive RaftClientReply:client-B22ED198845A->f3174d56-9988-40ec-970b-d447ed545dfb@group-47B82E5F6106, cid=2506, SUCCESS, logIndex=3709, commits[f3174d56-9988-40ec-970b-d447ed545dfb:c3709, 3e713ff3-0d17-449f-90fa-609b20cf4c10:c3705, 34290298-343f-405c-af97-b2d19041b010:c3705]
2019-09-11 09:06:39,169 [grpc-default-executor-1] INFO  client.GrpcClientProtocolClient (GrpcClientProtocolClient.java:onNext(264)) - client-B22ED198845A->f3174d56-9988-40ec-970b-d447ed545dfb: receive RaftClientReply:client-B22ED198845A->f3174d56-9988-40ec-970b-d447ed545dfb@group-47B82E5F6106, cid=2507, SUCCESS, logIndex=0, commits[f3174d56-9988-40ec-970b-d447ed545dfb:c3711, 3e713ff3-0d17-449f-90fa-609b20cf4c10:c3707, 34290298-343f-405c-af97-b2d19041b010:c3707]
2019-09-11 09:06:39,187 [grpc-default-executor-5] INFO  client.GrpcClientProtocolClient (GrpcClientProtocolClient.java:onNext(264)) - client-B22ED198845A->f3174d56-9988-40ec-970b-d447ed545dfb: receive RaftClientReply:client-B22ED198845A->f3174d56-9988-40ec-970b-d447ed545dfb@group-47B82E5F6106, cid=2508, SUCCESS, logIndex=3714, commits[f3174d56-9988-40ec-970b-d447ed545dfb:c3715, 3e713ff3-0d17-449f-90fa-609b20cf4c10:c3713, 34290298-343f-405c-af97-b2d19041b010:c3713]
2019-09-11 09:06:39,188 [grpc-default-executor-5] INFO  client.GrpcClientProtocolClient (GrpcClientProtocolClient.java:onNext(264)) - client-B22ED198845A->f3174d56-9988-40ec-970b-d447ed545dfb: receive RaftClientReply:client-B22ED198845A->f3174d56-9988-40ec-970b-d447ed545dfb@group-47B82E5F6106, cid=2509, SUCCESS, logIndex=3715, commits[f3174d56-9988-40ec-970b-d447ed545dfb:c3715, 3e713ff3-0d17-449f-90fa-609b20cf4c10:c3713, 34290298-343f-405c-af97-b2d19041b010:c3713]
2019-09-11 09:06:39,213 [grpc-default-executor-1] INFO  client.GrpcClientProtocolClient (GrpcClientProtocolClient.java:onNext(264)) - client-B22ED198845A->f3174d56-9988-40ec-970b-d447ed545dfb: receive RaftClientReply:client-B22ED198845A->f3174d56-9988-40ec-970b-d447ed545dfb@group-47B82E5F6106, cid=2510, SUCCESS, logIndex=3718, commits[f3174d56-9988-40ec-970b-d447ed545dfb:c3718, 3e713ff3-0d17-449f-90fa-609b20cf4c10:c3715, 34290298-343f-405c-af97-b2d19041b010:c3715]
2019-09-11 09:06:39,213 [grpc-default-executor-1] INFO  client.GrpcClientProtocolClient (GrpcClientProtocolClient.java:onNext(264)) - client-B22ED198845A->f3174d56-9988-40ec-970b-d447ed545dfb: receive RaftClientReply:client-B22ED198845A->f3174d56-9988-40ec-970b-d447ed545dfb@group-47B82E5F6106, cid=2511, SUCCESS, logIndex=3719, commits[f3174d56-9988-40ec-970b-d447ed545dfb:c3719, 3e713ff3-0d17-449f-90fa-609b20cf4c10:c3715, 34290298-343f-405c-af97-b2d19041b010:c3715]
2019-09-11 09:06:39,240 [grpc-default-executor-1] INFO  client.GrpcClientProtocolClient (GrpcClientProtocolClient.java:onNext(264)) - client-B22ED198845A->f3174d56-9988-40ec-970b-d447ed545dfb: receive RaftClientReply:client-B22ED198845A->f3174d56-9988-40ec-970b-d447ed545dfb@group-47B82E5F6106, cid=2512, SUCCESS, logIndex=0, commits[f3174d56-9988-40ec-970b-d447ed545dfb:c3720, 3e713ff3-0d17-449f-90fa-609b20cf4c10:c3719, 34290298-343f-405c-af97-b2d19041b010:c3719]
2019-09-11 09:06:39,272 [grpc-default-executor-4] INFO  client.GrpcClientProtocolClient (GrpcClientProtocolClient.java:onNext(264)) - client-B22ED198845A->f3174d56-9988-40ec-970b-d447ed545dfb: receive RaftClientReply:client-B22ED198845A->f3174d56-9988-40ec-970b-d447ed545dfb@group-47B82E5F6106, cid=2513, SUCCESS, logIndex=3722, commits[f3174d56-9988-40ec-970b-d447ed545dfb:c3723, 3e713ff3-0d17-449f-90fa-609b20cf4c10:c3721, 34290298-343f-405c-af97-b2d19041b010:c3721]
2019-09-11 09:06:39,273 [grpc-default-executor-4] INFO  client.GrpcClientProtocolClient (GrpcClientProtocolClient.java:onNext(264)) - client-B22ED198845A->f3174d56-9988-40ec-970b-d447ed545dfb: receive RaftClientReply:client-B22ED198845A->f3174d56-9988-40ec-970b-d447ed545dfb@group-47B82E5F6106, cid=2514, SUCCESS, logIndex=3723, commits[f3174d56-9988-40ec-970b-d447ed545dfb:c3723, 3e713ff3-0d17-449f-90fa-609b20cf4c10:c3721, 34290298-343f-405c-af97-b2d19041b010:c3721]
2019-09-11 09:06:39,282 [grpc-default-executor-4] INFO  client.GrpcClientProtocolClient (GrpcClientProtocolClient.java:onNext(264)) - client-B22ED198845A->f3174d56-9988-40ec-970b-d447ed545dfb: receive RaftClientReply:client-B22ED198845A->f3174d56-9988-40ec-970b-d447ed545dfb@group-47B82E5F6106, cid=2515, SUCCESS, logIndex=3724, commits[f3174d56-9988-40ec-970b-d447ed545dfb:c3725, 3e713ff3-0d17-449f-90fa-609b20cf4c10:c3721, 34290298-343f-405c-af97-b2d19041b010:c3721]
2019-09-11 09:06:39,282 [grpc-default-executor-4] INFO  client.GrpcClientProtocolClient (GrpcClientProtocolClient.java:onNext(264)) - client-B22ED198845A->f3174d56-9988-40ec-970b-d447ed545dfb: receive RaftClientReply:client-B22ED198845A->f3174d56-9988-40ec-970b-d447ed545dfb@group-47B82E5F6106, cid=2516, SUCCESS, logIndex=3725, commits[f3174d56-9988-40ec-970b-d447ed545dfb:c3725, 3e713ff3-0d17-449f-90fa-609b20cf4c10:c3721, 34290298-343f-405c-af97-b2d19041b010:c3721]
2019-09-11 09:06:39,300 [grpc-default-executor-1] INFO  client.GrpcClientProtocolClient (GrpcClientProtocolClient.java:onNext(264)) - client-B22ED198845A->f3174d56-9988-40ec-970b-d447ed545dfb: receive RaftClientReply:client-B22ED198845A->f3174d56-9988-40ec-970b-d447ed545dfb@group-47B82E5F6106, cid=2517, SUCCESS, logIndex=0, commits[f3174d56-9988-40ec-970b-d447ed545dfb:c3727, 3e713ff3-0d17-449f-90fa-609b20cf4c10:c3723, 34290298-343f-405c-af97-b2d19041b010:c3725]
2019-09-11 09:06:39,321 [grpc-default-executor-4] INFO  client.GrpcClientProtocolClient (GrpcClientProtocolClient.java:onNext(264)) - client-B22ED198845A->f3174d56-9988-40ec-970b-d447ed545dfb: receive RaftClientReply:client-B22ED198845A->f3174d56-9988-40ec-970b-d447ed545dfb@group-47B82E5F6106, cid=2518, SUCCESS, logIndex=3729, commits[f3174d56-9988-40ec-970b-d447ed545dfb:c3730, 3e713ff3-0d17-449f-90fa-609b20cf4c10:c3725, 34290298-343f-405c-af97-b2d19041b010:c3727]
2019-09-11 09:06:39,322 [grpc-default-executor-4] INFO  client.GrpcClientProtocolClient (GrpcClientProtocolClient.java:onNext(264)) - client-B22ED198845A->f3174d56-9988-40ec-970b-d447ed545dfb: receive RaftClientReply:client-B22ED198845A->f3174d56-9988-40ec-970b-d447ed545dfb@group-47B82E5F6106, cid=2519, SUCCESS, logIndex=3730, commits[f3174d56-9988-40ec-970b-d447ed545dfb:c3730, 3e713ff3-0d17-449f-90fa-609b20cf4c10:c3727, 34290298-343f-405c-af97-b2d19041b010:c3727]
2019-09-11 09:06:39,333 [grpc-default-executor-4] INFO  client.GrpcClientProtocolClient (GrpcClientProtocolClient.java:onNext(264)) - client-B22ED198845A->f3174d56-9988-40ec-970b-d447ed545dfb: receive RaftClientReply:client-B22ED198845A->f3174d56-9988-40ec-970b-d447ed545dfb@group-47B82E5F6106, cid=2520, SUCCESS, logIndex=3733, commits[f3174d56-9988-40ec-970b-d447ed545dfb:c3734, 3e713ff3-0d17-449f-90fa-609b20cf4c10:c3730, 34290298-343f-405c-af97-b2d19041b010:c3731]
2019-09-11 09:06:39,333 [grpc-default-executor-4] INFO  client.GrpcClientProtocolClient (GrpcClientProtocolClient.java:onNext(264)) - client-B22ED198845A->f3174d56-9988-40ec-970b-d447ed545dfb: receive RaftClientReply:client-B22ED198845A->f3174d56-9988-40ec-970b-d447ed545dfb@group-47B82E5F6106, cid=2521, SUCCESS, logIndex=3734, commits[f3174d56-9988-40ec-970b-d447ed545dfb:c3734, 3e713ff3-0d17-449f-90fa-609b20cf4c10:c3730, 34290298-343f-405c-af97-b2d19041b010:c3731]
2019-09-11 09:06:39,338 [grpc-default-executor-4] INFO  client.GrpcClientProtocolClient (GrpcClientProtocolClient.java:onNext(264)) - client-B22ED198845A->f3174d56-9988-40ec-970b-d447ed545dfb: receive RaftClientReply:client-B22ED198845A->f3174d56-9988-40ec-970b-d447ed545dfb@group-47B82E5F6106, cid=2522, SUCCESS, logIndex=0, commits[f3174d56-9988-40ec-970b-d447ed545dfb:c3736, 3e713ff3-0d17-449f-90fa-609b20cf4c10:c3734, 34290298-343f-405c-af97-b2d19041b010:c3734]
2019-09-11 09:06:39,358 [grpc-default-executor-1] INFO  client.GrpcClientProtocolClient (GrpcClientProtocolClient.java:onNext(264)) - client-B22ED198845A->f3174d56-9988-40ec-970b-d447ed545dfb: receive RaftClientReply:client-B22ED198845A->f3174d56-9988-40ec-970b-d447ed545dfb@group-47B82E5F6106, cid=2523, SUCCESS, logIndex=3737, commits[f3174d56-9988-40ec-970b-d447ed545dfb:c3740, 3e713ff3-0d17-449f-90fa-609b20cf4c10:c3736, 34290298-343f-405c-af97-b2d19041b010:c3736]
2019-09-11 09:06:39,359 [grpc-default-executor-1] INFO  client.GrpcClientProtocolClient (GrpcClientProtocolClient.java:onNext(264)) - client-B22ED198845A->f3174d56-9988-40ec-970b-d447ed545dfb: receive RaftClientReply:client-B22ED198845A->f3174d56-9988-40ec-970b-d447ed545dfb@group-47B82E5F6106, cid=2524, SUCCESS, logIndex=3738, commits[f3174d56-9988-40ec-970b-d447ed545dfb:c3740, 3e713ff3-0d17-449f-90fa-609b20cf4c10:c3736, 34290298-343f-405c-af97-b2d19041b010:c3736]
2019-09-11 09:06:39,359 [grpc-default-executor-1] INFO  client.GrpcClientProtocolClient (GrpcClientProtocolClient.java:onNext(264)) - client-B22ED198845A->f3174d56-9988-40ec-970b-d447ed545dfb: receive RaftClientReply:client-B22ED198845A->f3174d56-9988-40ec-970b-d447ed545dfb@group-47B82E5F6106, cid=2525, SUCCESS, logIndex=3739, commits[f3174d56-9988-40ec-970b-d447ed545dfb:c3740, 3e713ff3-0d17-449f-90fa-609b20cf4c10:c3736, 34290298-343f-405c-af97-b2d19041b010:c3736]
2019-09-11 09:06:39,359 [grpc-default-executor-4] INFO  client.GrpcClientProtocolClient (GrpcClientProtocolClient.java:onNext(264)) - client-B22ED198845A->f3174d56-9988-40ec-970b-d447ed545dfb: receive RaftClientReply:client-B22ED198845A->f3174d56-9988-40ec-970b-d447ed545dfb@group-47B82E5F6106, cid=2526, SUCCESS, logIndex=3740, commits[f3174d56-9988-40ec-970b-d447ed545dfb:c3740, 3e713ff3-0d17-449f-90fa-609b20cf4c10:c3736, 34290298-343f-405c-af97-b2d19041b010:c3736]
2019-09-11 09:06:39,360 [grpc-default-executor-4] INFO  client.GrpcClientProtocolClient (GrpcClientProtocolClient.java:onNext(264)) - client-B22ED198845A->f3174d56-9988-40ec-970b-d447ed545dfb: receive RaftClientReply:client-B22ED198845A->f3174d56-9988-40ec-970b-d447ed545dfb@group-47B82E5F6106, cid=2527, SUCCESS, logIndex=0, commits[f3174d56-9988-40ec-970b-d447ed545dfb:c3743, 3e713ff3-0d17-449f-90fa-609b20cf4c10:c3740, 34290298-343f-405c-af97-b2d19041b010:c3738]
2019-09-11 09:06:39,386 [grpc-default-executor-4] INFO  client.GrpcClientProtocolClient (GrpcClientProtocolClient.java:onNext(264)) - client-B22ED198845A->f3174d56-9988-40ec-970b-d447ed545dfb: receive RaftClientReply:client-B22ED198845A->f3174d56-9988-40ec-970b-d447ed545dfb@group-47B82E5F6106, cid=2528, SUCCESS, logIndex=3744, commits[f3174d56-9988-40ec-970b-d447ed545dfb:c3745, 3e713ff3-0d17-449f-90fa-609b20cf4c10:c3743, 34290298-343f-405c-af97-b2d19041b010:c3743]
2019-09-11 09:06:39,387 [grpc-default-executor-4] INFO  client.GrpcClientProtocolClient (GrpcClientProtocolClient.java:onNext(264)) - client-B22ED198845A->f3174d56-9988-40ec-970b-d447ed545dfb: receive RaftClientReply:client-B22ED198845A->f3174d56-9988-40ec-970b-d447ed545dfb@group-47B82E5F6106, cid=2529, SUCCESS, logIndex=3745, commits[f3174d56-9988-40ec-970b-d447ed545dfb:c3745, 3e713ff3-0d17-449f-90fa-609b20cf4c10:c3743, 34290298-343f-405c-af97-b2d19041b010:c3743]
2019-09-11 09:06:39,413 [grpc-default-executor-5] INFO  client.GrpcClientProtocolClient (GrpcClientProtocolClient.java:onNext(264)) - client-B22ED198845A->f3174d56-9988-40ec-970b-d447ed545dfb: receive RaftClientReply:client-B22ED198845A->f3174d56-9988-40ec-970b-d447ed545dfb@group-47B82E5F6106, cid=2530, SUCCESS, logIndex=3748, commits[f3174d56-9988-40ec-970b-d447ed545dfb:c3749, 3e713ff3-0d17-449f-90fa-609b20cf4c10:c3745, 34290298-343f-405c-af97-b2d19041b010:c3745]
2019-09-11 09:06:39,413 [grpc-default-executor-5] INFO  client.GrpcClientProtocolClient (GrpcClientProtocolClient.java:onNext(264)) - client-B22ED198845A->f3174d56-9988-40ec-970b-d447ed545dfb: receive RaftClientReply:client-B22ED198845A->f3174d56-9988-40ec-970b-d447ed545dfb@group-47B82E5F6106, cid=2531, SUCCESS, logIndex=3749, commits[f3174d56-9988-40ec-970b-d447ed545dfb:c3749, 3e713ff3-0d17-449f-90fa-609b20cf4c10:c3745, 34290298-343f-405c-af97-b2d19041b010:c3745]
2019-09-11 09:06:39,427 [grpc-default-executor-4] INFO  client.GrpcClientProtocolClient (GrpcClientProtocolClient.java:onNext(264)) - client-B22ED198845A->f3174d56-9988-40ec-970b-d447ed545dfb: receive RaftClientReply:client-B22ED198845A->f3174d56-9988-40ec-970b-d447ed545dfb@group-47B82E5F6106, cid=2532, SUCCESS, logIndex=0, commits[f3174d56-9988-40ec-970b-d447ed545dfb:c3751, 3e713ff3-0d17-449f-90fa-609b20cf4c10:c3749, 34290298-343f-405c-af97-b2d19041b010:c3749]
2019-09-11 09:06:39,459 [grpc-default-executor-5] INFO  client.GrpcClientProtocolClient (GrpcClientProtocolClient.java:onNext(264)) - client-B22ED198845A->f3174d56-9988-40ec-970b-d447ed545dfb: receive RaftClientReply:client-B22ED198845A->f3174d56-9988-40ec-970b-d447ed545dfb@group-47B82E5F6106, cid=2533, SUCCESS, logIndex=3752, commits[f3174d56-9988-40ec-970b-d447ed545dfb:c3753, 3e713ff3-0d17-449f-90fa-609b20cf4c10:c3751, 34290298-343f-405c-af97-b2d19041b010:c3751]
2019-09-11 09:06:39,460 [grpc-default-executor-5] INFO  client.GrpcClientProtocolClient (GrpcClientProtocolClient.java:onNext(264)) - client-B22ED198845A->f3174d56-9988-40ec-970b-d447ed545dfb: receive RaftClientReply:client-B22ED198845A->f3174d56-9988-40ec-970b-d447ed545dfb@group-47B82E5F6106, cid=2534, SUCCESS, logIndex=3753, commits[f3174d56-9988-40ec-970b-d447ed545dfb:c3755, 3e713ff3-0d17-449f-90fa-609b20cf4c10:c3751, 34290298-343f-405c-af97-b2d19041b010:c3751]
2019-09-11 09:06:39,460 [grpc-default-executor-5] INFO  client.GrpcClientProtocolClient (GrpcClientProtocolClient.java:onNext(264)) - client-B22ED198845A->f3174d56-9988-40ec-970b-d447ed545dfb: receive RaftClientReply:client-B22ED198845A->f3174d56-9988-40ec-970b-d447ed545dfb@group-47B82E5F6106, cid=2535, SUCCESS, logIndex=3754, commits[f3174d56-9988-40ec-970b-d447ed545dfb:c3755, 3e713ff3-0d17-449f-90fa-609b20cf4c10:c3751, 34290298-343f-405c-af97-b2d19041b010:c3751]
2019-09-11 09:06:39,460 [grpc-default-executor-5] INFO  client.GrpcClientProtocolClient (GrpcClientProtocolClient.java:onNext(264)) - client-B22ED198845A->f3174d56-9988-40ec-970b-d447ed545dfb: receive RaftClientReply:client-B22ED198845A->f3174d56-9988-40ec-970b-d447ed545dfb@group-47B82E5F6106, cid=2536, SUCCESS, logIndex=3755, commits[f3174d56-9988-40ec-970b-d447ed545dfb:c3755, 3e713ff3-0d17-449f-90fa-609b20cf4c10:c3751, 34290298-343f-405c-af97-b2d19041b010:c3751]
2019-09-11 09:06:39,485 [grpc-default-executor-4] INFO  client.GrpcClientProtocolClient (GrpcClientProtocolClient.java:onNext(264)) - client-B22ED198845A->f3174d56-9988-40ec-970b-d447ed545dfb: receive RaftClientReply:client-B22ED198845A->f3174d56-9988-40ec-970b-d447ed545dfb@group-47B82E5F6106, cid=2537, SUCCESS, logIndex=0, commits[f3174d56-9988-40ec-970b-d447ed545dfb:c3757, 3e713ff3-0d17-449f-90fa-609b20cf4c10:c3753, 34290298-343f-405c-af97-b2d19041b010:c3753]
2019-09-11 09:06:39,505 [grpc-default-executor-5] INFO  client.GrpcClientProtocolClient (GrpcClientProtocolClient.java:onNext(264)) - client-B22ED198845A->f3174d56-9988-40ec-970b-d447ed545dfb: receive RaftClientReply:client-B22ED198845A->f3174d56-9988-40ec-970b-d447ed545dfb@group-47B82E5F6106, cid=2538, SUCCESS, logIndex=3759, commits[f3174d56-9988-40ec-970b-d447ed545dfb:c3760, 3e713ff3-0d17-449f-90fa-609b20cf4c10:c3758, 34290298-343f-405c-af97-b2d19041b010:c3758]
2019-09-11 09:06:39,505 [grpc-default-executor-5] INFO  client.GrpcClientProtocolClient (GrpcClientProtocolClient.java:onNext(264)) - client-B22ED198845A->f3174d56-9988-40ec-970b-d447ed545dfb: receive RaftClientReply:client-B22ED198845A->f3174d56-9988-40ec-970b-d447ed545dfb@group-47B82E5F6106, cid=2539, SUCCESS, logIndex=3760, commits[f3174d56-9988-40ec-970b-d447ed545dfb:c3760, 3e713ff3-0d17-449f-90fa-609b20cf4c10:c3758, 34290298-343f-405c-af97-b2d19041b010:c3758]
2019-09-11 09:06:39,532 [grpc-default-executor-4] INFO  client.GrpcClientProtocolClient (GrpcClientProtocolClient.java:onNext(264)) - client-B22ED198845A->f3174d56-9988-40ec-970b-d447ed545dfb: receive RaftClientReply:client-B22ED198845A->f3174d56-9988-40ec-970b-d447ed545dfb@group-47B82E5F6106, cid=2540, SUCCESS, logIndex=3763, commits[f3174d56-9988-40ec-970b-d447ed545dfb:c3764, 3e713ff3-0d17-449f-90fa-609b20cf4c10:c3760, 34290298-343f-405c-af97-b2d19041b010:c3760]
2019-09-11 09:06:39,533 [grpc-default-executor-4] INFO  client.GrpcClientProtocolClient (GrpcClientProtocolClient.java:onNext(264)) - client-B22ED198845A->f3174d56-9988-40ec-970b-d447ed545dfb: receive RaftClientReply:client-B22ED198845A->f3174d56-9988-40ec-970b-d447ed545dfb@group-47B82E5F6106, cid=2541, SUCCESS, logIndex=3764, commits[f3174d56-9988-40ec-970b-d447ed545dfb:c3764, 3e713ff3-0d17-449f-90fa-609b20cf4c10:c3760, 34290298-343f-405c-af97-b2d19041b010:c3760]
2019-09-11 09:06:39,547 [grpc-default-executor-4] INFO  client.GrpcClientProtocolClient (GrpcClientProtocolClient.java:onNext(264)) - client-B22ED198845A->f3174d56-9988-40ec-970b-d447ed545dfb: receive RaftClientReply:client-B22ED198845A->f3174d56-9988-40ec-970b-d447ed545dfb@group-47B82E5F6106, cid=2542, SUCCESS, logIndex=0, commits[f3174d56-9988-40ec-970b-d447ed545dfb:c3766, 3e713ff3-0d17-449f-90fa-609b20cf4c10:c3764, 34290298-343f-405c-af97-b2d19041b010:c3764]
2019-09-11 09:06:39,572 [grpc-default-executor-5] INFO  client.GrpcClientProtocolClient (GrpcClientProtocolClient.java:onNext(264)) - client-B22ED198845A->f3174d56-9988-40ec-970b-d447ed545dfb: receive RaftClientReply:client-B22ED198845A->f3174d56-9988-40ec-970b-d447ed545dfb@group-47B82E5F6106, cid=2543, SUCCESS, logIndex=3767, commits[f3174d56-9988-40ec-970b-d447ed545dfb:c3770, 3e713ff3-0d17-449f-90fa-609b20cf4c10:c3764, 34290298-343f-405c-af97-b2d19041b010:c3766]
2019-09-11 09:06:39,572 [grpc-default-executor-5] INFO  client.GrpcClientProtocolClient (GrpcClientProtocolClient.java:onNext(264)) - client-B22ED198845A->f3174d56-9988-40ec-970b-d447ed545dfb: receive RaftClientReply:client-B22ED198845A->f3174d56-9988-40ec-970b-d447ed545dfb@group-47B82E5F6106, cid=2544, SUCCESS, logIndex=3768, commits[f3174d56-9988-40ec-970b-d447ed545dfb:c3770, 3e713ff3-0d17-449f-90fa-609b20cf4c10:c3764, 34290298-343f-405c-af97-b2d19041b010:c3766]
2019-09-11 09:06:39,573 [grpc-default-executor-5] INFO  client.GrpcClientProtocolClient (GrpcClientProtocolClient.java:onNext(264)) - client-B22ED198845A->f3174d56-9988-40ec-970b-d447ed545dfb: receive RaftClientReply:client-B22ED198845A->f3174d56-9988-40ec-970b-d447ed545dfb@group-47B82E5F6106, cid=2545, SUCCESS, logIndex=3769, commits[f3174d56-9988-40ec-970b-d447ed545dfb:c3770, 3e713ff3-0d17-449f-90fa-609b20cf4c10:c3764, 34290298-343f-405c-af97-b2d19041b010:c3766]
2019-09-11 09:06:39,573 [grpc-default-executor-5] INFO  client.GrpcClientProtocolClient (GrpcClientProtocolClient.java:onNext(264)) - client-B22ED198845A->f3174d56-9988-40ec-970b-d447ed545dfb: receive RaftClientReply:client-B22ED198845A->f3174d56-9988-40ec-970b-d447ed545dfb@group-47B82E5F6106, cid=2546, SUCCESS, logIndex=3770, commits[f3174d56-9988-40ec-970b-d447ed545dfb:c3770, 3e713ff3-0d17-449f-90fa-609b20cf4c10:c3764, 34290298-343f-405c-af97-b2d19041b010:c3766]
2019-09-11 09:06:39,582 [grpc-default-executor-1] INFO  client.GrpcClientProtocolClient (GrpcClientProtocolClient.java:onNext(264)) - client-B22ED198845A->f3174d56-9988-40ec-970b-d447ed545dfb: receive RaftClientReply:client-B22ED198845A->f3174d56-9988-40ec-970b-d447ed545dfb@group-47B82E5F6106, cid=2547, SUCCESS, logIndex=0, commits[f3174d56-9988-40ec-970b-d447ed545dfb:c3771, 3e713ff3-0d17-449f-90fa-609b20cf4c10:c3768, 34290298-343f-405c-af97-b2d19041b010:c3768]
2019-09-11 09:06:39,593 [grpc-default-executor-1] INFO  client.GrpcClientProtocolClient (GrpcClientProtocolClient.java:onNext(264)) - client-B22ED198845A->f3174d56-9988-40ec-970b-d447ed545dfb: receive RaftClientReply:client-B22ED198845A->f3174d56-9988-40ec-970b-d447ed545dfb@group-47B82E5F6106, cid=2548, SUCCESS, logIndex=3774, commits[f3174d56-9988-40ec-970b-d447ed545dfb:c3775, 3e713ff3-0d17-449f-90fa-609b20cf4c10:c3773, 34290298-343f-405c-af97-b2d19041b010:c3773]
2019-09-11 09:06:39,593 [grpc-default-executor-1] INFO  client.GrpcClientProtocolClient (GrpcClientProtocolClient.java:onNext(264)) - client-B22ED198845A->f3174d56-9988-40ec-970b-d447ed545dfb: receive RaftClientReply:client-B22ED198845A->f3174d56-9988-40ec-970b-d447ed545dfb@group-47B82E5F6106, cid=2549, SUCCESS, logIndex=3775, commits[f3174d56-9988-40ec-970b-d447ed545dfb:c3775, 3e713ff3-0d17-449f-90fa-609b20cf4c10:c3773, 34290298-343f-405c-af97-b2d19041b010:c3773]
 0.00% |█                                                                                                    |  0/1 Time: 0:00:192019-09-11 09:06:39,642 [grpc-default-executor-5] INFO  client.GrpcClientProtocolClient (GrpcClientProtocolClient.java:onNext(264)) - client-B22ED198845A->f3174d56-9988-40ec-970b-d447ed545dfb: receive RaftClientReply:client-B22ED198845A->f3174d56-9988-40ec-970b-d447ed545dfb@group-47B82E5F6106, cid=2550, SUCCESS, logIndex=3778, commits[f3174d56-9988-40ec-970b-d447ed545dfb:c3779, 3e713ff3-0d17-449f-90fa-609b20cf4c10:c3775, 34290298-343f-405c-af97-b2d19041b010:c3775]
2019-09-11 09:06:39,642 [grpc-default-executor-5] INFO  client.GrpcClientProtocolClient (GrpcClientProtocolClient.java:onNext(264)) - client-B22ED198845A->f3174d56-9988-40ec-970b-d447ed545dfb: receive RaftClientReply:client-B22ED198845A->f3174d56-9988-40ec-970b-d447ed545dfb@group-47B82E5F6106, cid=2551, SUCCESS, logIndex=3779, commits[f3174d56-9988-40ec-970b-d447ed545dfb:c3779, 3e713ff3-0d17-449f-90fa-609b20cf4c10:c3775, 34290298-343f-405c-af97-b2d19041b010:c3775]
2019-09-11 09:06:39,645 [grpc-default-executor-5] INFO  client.GrpcClientProtocolClient (GrpcClientProtocolClient.java:onNext(264)) - client-B22ED198845A->f3174d56-9988-40ec-970b-d447ed545dfb: receive RaftClientReply:client-B22ED198845A->f3174d56-9988-40ec-970b-d447ed545dfb@group-47B82E5F6106, cid=2552, SUCCESS, logIndex=0, commits[f3174d56-9988-40ec-970b-d447ed545dfb:c3780, 3e713ff3-0d17-449f-90fa-609b20cf4c10:c3779, 34290298-343f-405c-af97-b2d19041b010:c3779]
2019-09-11 09:06:39,671 [grpc-default-executor-4] INFO  client.GrpcClientProtocolClient (GrpcClientProtocolClient.java:onNext(264)) - client-B22ED198845A->f3174d56-9988-40ec-970b-d447ed545dfb: receive RaftClientReply:client-B22ED198845A->f3174d56-9988-40ec-970b-d447ed545dfb@group-47B82E5F6106, cid=2553, SUCCESS, logIndex=3781, commits[f3174d56-9988-40ec-970b-d447ed545dfb:c3782, 3e713ff3-0d17-449f-90fa-609b20cf4c10:c3780, 34290298-343f-405c-af97-b2d19041b010:c3779]
2019-09-11 09:06:39,672 [grpc-default-executor-4] INFO  client.GrpcClientProtocolClient (GrpcClientProtocolClient.java:onNext(264)) - client-B22ED198845A->f3174d56-9988-40ec-970b-d447ed545dfb: receive RaftClientReply:client-B22ED198845A->f3174d56-9988-40ec-970b-d447ed545dfb@group-47B82E5F6106, cid=2554, SUCCESS, logIndex=3782, commits[f3174d56-9988-40ec-970b-d447ed545dfb:c3782, 3e713ff3-0d17-449f-90fa-609b20cf4c10:c3780, 34290298-343f-405c-af97-b2d19041b010:c3779]
2019-09-11 09:06:39,673 [grpc-default-executor-4] INFO  client.GrpcClientProtocolClient (GrpcClientProtocolClient.java:onNext(264)) - client-B22ED198845A->f3174d56-9988-40ec-970b-d447ed545dfb: receive RaftClientReply:client-B22ED198845A->f3174d56-9988-40ec-970b-d447ed545dfb@group-47B82E5F6106, cid=2555, SUCCESS, logIndex=3783, commits[f3174d56-9988-40ec-970b-d447ed545dfb:c3784, 3e713ff3-0d17-449f-90fa-609b20cf4c10:c3780, 34290298-343f-405c-af97-b2d19041b010:c3780]
2019-09-11 09:06:39,809 [grpc-default-executor-4] INFO  client.GrpcClientProtocolClient (GrpcClientProtocolClient.java:onNext(264)) - client-B22ED198845A->f3174d56-9988-40ec-970b-d447ed545dfb: receive RaftClientReply:client-B22ED198845A->f3174d56-9988-40ec-970b-d447ed545dfb@group-47B82E5F6106, cid=2556, SUCCESS, logIndex=3784, commits[f3174d56-9988-40ec-970b-d447ed545dfb:c3784, 3e713ff3-0d17-449f-90fa-609b20cf4c10:c3780, 34290298-343f-405c-af97-b2d19041b010:c3780]
2019-09-11 09:06:39,810 [grpc-default-executor-0] INFO  client.GrpcClientProtocolClient (GrpcClientProtocolClient.java:onNext(264)) - client-B22ED198845A->f3174d56-9988-40ec-970b-d447ed545dfb: receive RaftClientReply:client-B22ED198845A->f3174d56-9988-40ec-970b-d447ed545dfb@group-47B82E5F6106, cid=2557, SUCCESS, logIndex=0, commits[f3174d56-9988-40ec-970b-d447ed545dfb:c3787, 3e713ff3-0d17-449f-90fa-609b20cf4c10:c3782, 34290298-343f-405c-af97-b2d19041b010:c3784]
2019-09-11 09:06:39,825 [grpc-default-executor-0] INFO  client.GrpcClientProtocolClient (GrpcClientProtocolClient.java:onNext(264)) - client-B22ED198845A->f3174d56-9988-40ec-970b-d447ed545dfb: receive RaftClientReply:client-B22ED198845A->f3174d56-9988-40ec-970b-d447ed545dfb@group-47B82E5F6106, cid=2558, SUCCESS, logIndex=3789, commits[f3174d56-9988-40ec-970b-d447ed545dfb:c3790, 3e713ff3-0d17-449f-90fa-609b20cf4c10:c3787, 34290298-343f-405c-af97-b2d19041b010:c3784]
2019-09-11 09:06:39,825 [grpc-default-executor-0] INFO  client.GrpcClientProtocolClient (GrpcClientProtocolClient.java:onNext(264)) - client-B22ED198845A->f3174d56-9988-40ec-970b-d447ed545dfb: receive RaftClientReply:client-B22ED198845A->f3174d56-9988-40ec-970b-d447ed545dfb@group-47B82E5F6106, cid=2559, SUCCESS, logIndex=3790, commits[f3174d56-9988-40ec-970b-d447ed545dfb:c3790, 3e713ff3-0d17-449f-90fa-609b20cf4c10:c3787, 34290298-343f-405c-af97-b2d19041b010:c3784]
2019-09-11 09:06:39,852 [grpc-default-executor-0] INFO  client.GrpcClientProtocolClient (GrpcClientProtocolClient.java:onNext(264)) - client-B22ED198845A->f3174d56-9988-40ec-970b-d447ed545dfb: receive RaftClientReply:client-B22ED198845A->f3174d56-9988-40ec-970b-d447ed545dfb@group-47B82E5F6106, cid=2560, SUCCESS, logIndex=3793, commits[f3174d56-9988-40ec-970b-d447ed545dfb:c3794, 3e713ff3-0d17-449f-90fa-609b20cf4c10:c3790, 34290298-343f-405c-af97-b2d19041b010:c3790]
2019-09-11 09:06:39,853 [grpc-default-executor-0] INFO  client.GrpcClientProtocolClient (GrpcClientProtocolClient.java:onNext(264)) - client-B22ED198845A->f3174d56-9988-40ec-970b-d447ed545dfb: receive RaftClientReply:client-B22ED198845A->f3174d56-9988-40ec-970b-d447ed545dfb@group-47B82E5F6106, cid=2561, SUCCESS, logIndex=3794, commits[f3174d56-9988-40ec-970b-d447ed545dfb:c3794, 3e713ff3-0d17-449f-90fa-609b20cf4c10:c3790, 34290298-343f-405c-af97-b2d19041b010:c3790]
2019-09-11 09:06:39,873 [grpc-default-executor-0] INFO  client.GrpcClientProtocolClient (GrpcClientProtocolClient.java:onNext(264)) - client-B22ED198845A->f3174d56-9988-40ec-970b-d447ed545dfb: receive RaftClientReply:client-B22ED198845A->f3174d56-9988-40ec-970b-d447ed545dfb@group-47B82E5F6106, cid=2562, SUCCESS, logIndex=0, commits[f3174d56-9988-40ec-970b-d447ed545dfb:c3796, 3e713ff3-0d17-449f-90fa-609b20cf4c10:c3794, 34290298-343f-405c-af97-b2d19041b010:c3794]
2019-09-11 09:06:39,906 [grpc-default-executor-4] INFO  client.GrpcClientProtocolClient (GrpcClientProtocolClient.java:onNext(264)) - client-B22ED198845A->f3174d56-9988-40ec-970b-d447ed545dfb: receive RaftClientReply:client-B22ED198845A->f3174d56-9988-40ec-970b-d447ed545dfb@group-47B82E5F6106, cid=2563, SUCCESS, logIndex=3797, commits[f3174d56-9988-40ec-970b-d447ed545dfb:c3798, 3e713ff3-0d17-449f-90fa-609b20cf4c10:c3796, 34290298-343f-405c-af97-b2d19041b010:c3796]
2019-09-11 09:06:39,907 [grpc-default-executor-4] INFO  client.GrpcClientProtocolClient (GrpcClientProtocolClient.java:onNext(264)) - client-B22ED198845A->f3174d56-9988-40ec-970b-d447ed545dfb: receive RaftClientReply:client-B22ED198845A->f3174d56-9988-40ec-970b-d447ed545dfb@group-47B82E5F6106, cid=2564, SUCCESS, logIndex=3798, commits[f3174d56-9988-40ec-970b-d447ed545dfb:c3798, 3e713ff3-0d17-449f-90fa-609b20cf4c10:c3796, 34290298-343f-405c-af97-b2d19041b010:c3796]
2019-09-11 09:06:39,916 [grpc-default-executor-4] INFO  client.GrpcClientProtocolClient (GrpcClientProtocolClient.java:onNext(264)) - client-B22ED198845A->f3174d56-9988-40ec-970b-d447ed545dfb: receive RaftClientReply:client-B22ED198845A->f3174d56-9988-40ec-970b-d447ed545dfb@group-47B82E5F6106, cid=2565, SUCCESS, logIndex=3799, commits[f3174d56-9988-40ec-970b-d447ed545dfb:c3800, 3e713ff3-0d17-449f-90fa-609b20cf4c10:c3796, 34290298-343f-405c-af97-b2d19041b010:c3796]
2019-09-11 09:06:39,916 [grpc-default-executor-4] INFO  client.GrpcClientProtocolClient (GrpcClientProtocolClient.java:onNext(264)) - client-B22ED198845A->f3174d56-9988-40ec-970b-d447ed545dfb: receive RaftClientReply:client-B22ED198845A->f3174d56-9988-40ec-970b-d447ed545dfb@group-47B82E5F6106, cid=2566, SUCCESS, logIndex=3800, commits[f3174d56-9988-40ec-970b-d447ed545dfb:c3800, 3e713ff3-0d17-449f-90fa-609b20cf4c10:c3796, 34290298-343f-405c-af97-b2d19041b010:c3796]
2019-09-11 09:06:39,932 [grpc-default-executor-0] INFO  client.GrpcClientProtocolClient (GrpcClientProtocolClient.java:onNext(264)) - client-B22ED198845A->f3174d56-9988-40ec-970b-d447ed545dfb: receive RaftClientReply:client-B22ED198845A->f3174d56-9988-40ec-970b-d447ed545dfb@group-47B82E5F6106, cid=2567, SUCCESS, logIndex=0, commits[f3174d56-9988-40ec-970b-d447ed545dfb:c3803, 3e713ff3-0d17-449f-90fa-609b20cf4c10:c3798, 34290298-343f-405c-af97-b2d19041b010:c3798]
2019-09-11 09:06:39,958 [grpc-default-executor-4] INFO  client.GrpcClientProtocolClient (GrpcClientProtocolClient.java:onNext(264)) - client-B22ED198845A->f3174d56-9988-40ec-970b-d447ed545dfb: receive RaftClientReply:client-B22ED198845A->f3174d56-9988-40ec-970b-d447ed545dfb@group-47B82E5F6106, cid=2568, SUCCESS, logIndex=3805, commits[f3174d56-9988-40ec-970b-d447ed545dfb:c3806, 3e713ff3-0d17-449f-90fa-609b20cf4c10:c3804, 34290298-343f-405c-af97-b2d19041b010:c3804]
2019-09-11 09:06:39,958 [grpc-default-executor-4] INFO  client.GrpcClientProtocolClient (GrpcClientProtocolClient.java:onNext(264)) - client-B22ED198845A->f3174d56-9988-40ec-970b-d447ed545dfb: receive RaftClientReply:client-B22ED198845A->f3174d56-9988-40ec-970b-d447ed545dfb@group-47B82E5F6106, cid=2569, SUCCESS, logIndex=3806, commits[f3174d56-9988-40ec-970b-d447ed545dfb:c3806, 3e713ff3-0d17-449f-90fa-609b20cf4c10:c3804, 34290298-343f-405c-af97-b2d19041b010:c3804]
2019-09-11 09:06:39,972 [grpc-default-executor-1] INFO  client.GrpcClientProtocolClient (GrpcClientProtocolClient.java:onNext(264)) - client-B22ED198845A->f3174d56-9988-40ec-970b-d447ed545dfb: receive RaftClientReply:client-B22ED198845A->f3174d56-9988-40ec-970b-d447ed545dfb@group-47B82E5F6106, cid=2570, SUCCESS, logIndex=3809, commits[f3174d56-9988-40ec-970b-d447ed545dfb:c3810, 3e713ff3-0d17-449f-90fa-609b20cf4c10:c3806, 34290298-343f-405c-af97-b2d19041b010:c3806]
2019-09-11 09:06:39,972 [grpc-default-executor-1] INFO  client.GrpcClientProtocolClient (GrpcClientProtocolClient.java:onNext(264)) - client-B22ED198845A->f3174d56-9988-40ec-970b-d447ed545dfb: receive RaftClientReply:client-B22ED198845A->f3174d56-9988-40ec-970b-d447ed545dfb@group-47B82E5F6106, cid=2571, SUCCESS, logIndex=3810, commits[f3174d56-9988-40ec-970b-d447ed545dfb:c3810, 3e713ff3-0d17-449f-90fa-609b20cf4c10:c3806, 34290298-343f-405c-af97-b2d19041b010:c3806]
2019-09-11 09:06:39,982 [grpc-default-executor-1] INFO  client.GrpcClientProtocolClient (GrpcClientProtocolClient.java:onNext(264)) - client-B22ED198845A->f3174d56-9988-40ec-970b-d447ed545dfb: receive RaftClientReply:client-B22ED198845A->f3174d56-9988-40ec-970b-d447ed545dfb@group-47B82E5F6106, cid=2572, SUCCESS, logIndex=0, commits[f3174d56-9988-40ec-970b-d447ed545dfb:c3812, 3e713ff3-0d17-449f-90fa-609b20cf4c10:c3810, 34290298-343f-405c-af97-b2d19041b010:c3810]
2019-09-11 09:06:40,009 [grpc-default-executor-5] INFO  client.GrpcClientProtocolClient (GrpcClientProtocolClient.java:onNext(264)) - client-B22ED198845A->f3174d56-9988-40ec-970b-d447ed545dfb: receive RaftClientReply:client-B22ED198845A->f3174d56-9988-40ec-970b-d447ed545dfb@group-47B82E5F6106, cid=2573, SUCCESS, logIndex=3813, commits[f3174d56-9988-40ec-970b-d447ed545dfb:c3814, 3e713ff3-0d17-449f-90fa-609b20cf4c10:c3812, 34290298-343f-405c-af97-b2d19041b010:c3812]
2019-09-11 09:06:40,009 [grpc-default-executor-5] INFO  client.GrpcClientProtocolClient (GrpcClientProtocolClient.java:onNext(264)) - client-B22ED198845A->f3174d56-9988-40ec-970b-d447ed545dfb: receive RaftClientReply:client-B22ED198845A->f3174d56-9988-40ec-970b-d447ed545dfb@group-47B82E5F6106, cid=2574, SUCCESS, logIndex=3814, commits[f3174d56-9988-40ec-970b-d447ed545dfb:c3814, 3e713ff3-0d17-449f-90fa-609b20cf4c10:c3812, 34290298-343f-405c-af97-b2d19041b010:c3812]
2019-09-11 09:06:40,020 [grpc-default-executor-5] INFO  client.GrpcClientProtocolClient (GrpcClientProtocolClient.java:onNext(264)) - client-B22ED198845A->f3174d56-9988-40ec-970b-d447ed545dfb: receive RaftClientReply:client-B22ED198845A->f3174d56-9988-40ec-970b-d447ed545dfb@group-47B82E5F6106, cid=2575, SUCCESS, logIndex=3815, commits[f3174d56-9988-40ec-970b-d447ed545dfb:c3816, 3e713ff3-0d17-449f-90fa-609b20cf4c10:c3812, 34290298-343f-405c-af97-b2d19041b010:c3812]
2019-09-11 09:06:40,020 [grpc-default-executor-5] INFO  client.GrpcClientProtocolClient (GrpcClientProtocolClient.java:onNext(264)) - client-B22ED198845A->f3174d56-9988-40ec-970b-d447ed545dfb: receive RaftClientReply:client-B22ED198845A->f3174d56-9988-40ec-970b-d447ed545dfb@group-47B82E5F6106, cid=2576, SUCCESS, logIndex=3816, commits[f3174d56-9988-40ec-970b-d447ed545dfb:c3816, 3e713ff3-0d17-449f-90fa-609b20cf4c10:c3812, 34290298-343f-405c-af97-b2d19041b010:c3812]
2019-09-11 09:06:40,035 [grpc-default-executor-5] INFO  client.GrpcClientProtocolClient (GrpcClientProtocolClient.java:onNext(264)) - client-B22ED198845A->f3174d56-9988-40ec-970b-d447ed545dfb: receive RaftClientReply:client-B22ED198845A->f3174d56-9988-40ec-970b-d447ed545dfb@group-47B82E5F6106, cid=2577, SUCCESS, logIndex=0, commits[f3174d56-9988-40ec-970b-d447ed545dfb:c3818, 3e713ff3-0d17-449f-90fa-609b20cf4c10:c3814, 34290298-343f-405c-af97-b2d19041b010:c3814]
2019-09-11 09:06:40,047 [grpc-default-executor-1] INFO  client.GrpcClientProtocolClient (GrpcClientProtocolClient.java:onNext(264)) - client-B22ED198845A->f3174d56-9988-40ec-970b-d447ed545dfb: receive RaftClientReply:client-B22ED198845A->f3174d56-9988-40ec-970b-d447ed545dfb@group-47B82E5F6106, cid=2578, SUCCESS, logIndex=3821, commits[f3174d56-9988-40ec-970b-d447ed545dfb:c3822, 3e713ff3-0d17-449f-90fa-609b20cf4c10:c3816, 34290298-343f-405c-af97-b2d19041b010:c3820]
2019-09-11 09:06:40,047 [grpc-default-executor-1] INFO  client.GrpcClientProtocolClient (GrpcClientProtocolClient.java:onNext(264)) - client-B22ED198845A->f3174d56-9988-40ec-970b-d447ed545dfb: receive RaftClientReply:client-B22ED198845A->f3174d56-9988-40ec-970b-d447ed545dfb@group-47B82E5F6106, cid=2579, SUCCESS, logIndex=3822, commits[f3174d56-9988-40ec-970b-d447ed545dfb:c3822, 3e713ff3-0d17-449f-90fa-609b20cf4c10:c3820, 34290298-343f-405c-af97-b2d19041b010:c3820]
2019-09-11 09:06:40,075 [grpc-default-executor-1] INFO  client.GrpcClientProtocolClient (GrpcClientProtocolClient.java:onNext(264)) - client-B22ED198845A->f3174d56-9988-40ec-970b-d447ed545dfb: receive RaftClientReply:client-B22ED198845A->f3174d56-9988-40ec-970b-d447ed545dfb@group-47B82E5F6106, cid=2580, SUCCESS, logIndex=3825, commits[f3174d56-9988-40ec-970b-d447ed545dfb:c3826, 3e713ff3-0d17-449f-90fa-609b20cf4c10:c3822, 34290298-343f-405c-af97-b2d19041b010:c3823]
2019-09-11 09:06:40,075 [grpc-default-executor-1] INFO  client.GrpcClientProtocolClient (GrpcClientProtocolClient.java:onNext(264)) - client-B22ED198845A->f3174d56-9988-40ec-970b-d447ed545dfb: receive RaftClientReply:client-B22ED198845A->f3174d56-9988-40ec-970b-d447ed545dfb@group-47B82E5F6106, cid=2581, SUCCESS, logIndex=3826, commits[f3174d56-9988-40ec-970b-d447ed545dfb:c3826, 3e713ff3-0d17-449f-90fa-609b20cf4c10:c3823, 34290298-343f-405c-af97-b2d19041b010:c3823]
2019-09-11 09:06:40,078 [grpc-default-executor-1] INFO  client.GrpcClientProtocolClient (GrpcClientProtocolClient.java:onNext(264)) - client-B22ED198845A->f3174d56-9988-40ec-970b-d447ed545dfb: receive RaftClientReply:client-B22ED198845A->f3174d56-9988-40ec-970b-d447ed545dfb@group-47B82E5F6106, cid=2582, SUCCESS, logIndex=0, commits[f3174d56-9988-40ec-970b-d447ed545dfb:c3827, 3e713ff3-0d17-449f-90fa-609b20cf4c10:c3826, 34290298-343f-405c-af97-b2d19041b010:c3826]
2019-09-11 09:06:40,110 [grpc-default-executor-1] INFO  client.GrpcClientProtocolClient (GrpcClientProtocolClient.java:onNext(264)) - client-B22ED198845A->f3174d56-9988-40ec-970b-d447ed545dfb: receive RaftClientReply:client-B22ED198845A->f3174d56-9988-40ec-970b-d447ed545dfb@group-47B82E5F6106, cid=2583, SUCCESS, logIndex=3829, commits[f3174d56-9988-40ec-970b-d447ed545dfb:c3830, 3e713ff3-0d17-449f-90fa-609b20cf4c10:c3828, 34290298-343f-405c-af97-b2d19041b010:c3828]
2019-09-11 09:06:40,110 [grpc-default-executor-1] INFO  client.GrpcClientProtocolClient (GrpcClientProtocolClient.java:onNext(264)) - client-B22ED198845A->f3174d56-9988-40ec-970b-d447ed545dfb: receive RaftClientReply:client-B22ED198845A->f3174d56-9988-40ec-970b-d447ed545dfb@group-47B82E5F6106, cid=2584, SUCCESS, logIndex=3830, commits[f3174d56-9988-40ec-970b-d447ed545dfb:c3830, 3e713ff3-0d17-449f-90fa-609b20cf4c10:c3828, 34290298-343f-405c-af97-b2d19041b010:c3828]
2019-09-11 09:06:40,119 [grpc-default-executor-4] INFO  client.GrpcClientProtocolClient (GrpcClientProtocolClient.java:onNext(264)) - client-B22ED198845A->f3174d56-9988-40ec-970b-d447ed545dfb: receive RaftClientReply:client-B22ED198845A->f3174d56-9988-40ec-970b-d447ed545dfb@group-47B82E5F6106, cid=2585, SUCCESS, logIndex=3831, commits[f3174d56-9988-40ec-970b-d447ed545dfb:c3832, 3e713ff3-0d17-449f-90fa-609b20cf4c10:c3828, 34290298-343f-405c-af97-b2d19041b010:c3828]
2019-09-11 09:06:40,120 [grpc-default-executor-4] INFO  client.GrpcClientProtocolClient (GrpcClientProtocolClient.java:onNext(264)) - client-B22ED198845A->f3174d56-9988-40ec-970b-d447ed545dfb: receive RaftClientReply:client-B22ED198845A->f3174d56-9988-40ec-970b-d447ed545dfb@group-47B82E5F6106, cid=2586, SUCCESS, logIndex=3832, commits[f3174d56-9988-40ec-970b-d447ed545dfb:c3832, 3e713ff3-0d17-449f-90fa-609b20cf4c10:c3828, 34290298-343f-405c-af97-b2d19041b010:c3828]
2019-09-11 09:06:40,123 [grpc-default-executor-1] INFO  client.GrpcClientProtocolClient (GrpcClientProtocolClient.java:onNext(264)) - client-B22ED198845A->f3174d56-9988-40ec-970b-d447ed545dfb: receive RaftClientReply:client-B22ED198845A->f3174d56-9988-40ec-970b-d447ed545dfb@group-47B82E5F6106, cid=2587, SUCCESS, logIndex=0, commits[f3174d56-9988-40ec-970b-d447ed545dfb:c3833, 3e713ff3-0d17-449f-90fa-609b20cf4c10:c3830, 34290298-343f-405c-af97-b2d19041b010:c3830]
2019-09-11 09:06:40,133 [grpc-default-executor-1] INFO  client.GrpcClientProtocolClient (GrpcClientProtocolClient.java:onNext(264)) - client-B22ED198845A->f3174d56-9988-40ec-970b-d447ed545dfb: receive RaftClientReply:client-B22ED198845A->f3174d56-9988-40ec-970b-d447ed545dfb@group-47B82E5F6106, cid=2588, SUCCESS, logIndex=3836, commits[f3174d56-9988-40ec-970b-d447ed545dfb:c3837, 3e713ff3-0d17-449f-90fa-609b20cf4c10:c3832, 34290298-343f-405c-af97-b2d19041b010:c3835]
2019-09-11 09:06:40,134 [grpc-default-executor-1] INFO  client.GrpcClientProtocolClient (GrpcClientProtocolClient.java:onNext(264)) - client-B22ED198845A->f3174d56-9988-40ec-970b-d447ed545dfb: receive RaftClientReply:client-B22ED198845A->f3174d56-9988-40ec-970b-d447ed545dfb@group-47B82E5F6106, cid=2589, SUCCESS, logIndex=3837, commits[f3174d56-9988-40ec-970b-d447ed545dfb:c3837, 3e713ff3-0d17-449f-90fa-609b20cf4c10:c3832, 34290298-343f-405c-af97-b2d19041b010:c3835]
2019-09-11 09:06:40,162 [grpc-default-executor-0] INFO  client.GrpcClientProtocolClient (GrpcClientProtocolClient.java:onNext(264)) - client-B22ED198845A->f3174d56-9988-40ec-970b-d447ed545dfb: receive RaftClientReply:client-B22ED198845A->f3174d56-9988-40ec-970b-d447ed545dfb@group-47B82E5F6106, cid=2590, SUCCESS, logIndex=3840, commits[f3174d56-9988-40ec-970b-d447ed545dfb:c3841, 3e713ff3-0d17-449f-90fa-609b20cf4c10:c3839, 34290298-343f-405c-af97-b2d19041b010:c3839]
2019-09-11 09:06:40,162 [grpc-default-executor-0] INFO  client.GrpcClientProtocolClient (GrpcClientProtocolClient.java:onNext(264)) - client-B22ED198845A->f3174d56-9988-40ec-970b-d447ed545dfb: receive RaftClientReply:client-B22ED198845A->f3174d56-9988-40ec-970b-d447ed545dfb@group-47B82E5F6106, cid=2591, SUCCESS, logIndex=3841, commits[f3174d56-9988-40ec-970b-d447ed545dfb:c3841, 3e713ff3-0d17-449f-90fa-609b20cf4c10:c3839, 34290298-343f-405c-af97-b2d19041b010:c3839]
2019-09-11 09:06:40,189 [grpc-default-executor-0] INFO  client.GrpcClientProtocolClient (GrpcClientProtocolClient.java:onNext(264)) - client-B22ED198845A->f3174d56-9988-40ec-970b-d447ed545dfb: receive RaftClientReply:client-B22ED198845A->f3174d56-9988-40ec-970b-d447ed545dfb@group-47B82E5F6106, cid=2592, SUCCESS, logIndex=0, commits[f3174d56-9988-40ec-970b-d447ed545dfb:c3842, 3e713ff3-0d17-449f-90fa-609b20cf4c10:c3841, 34290298-343f-405c-af97-b2d19041b010:c3841]
2019-09-11 09:06:40,223 [grpc-default-executor-4] INFO  client.GrpcClientProtocolClient (GrpcClientProtocolClient.java:onNext(264)) - client-B22ED198845A->f3174d56-9988-40ec-970b-d447ed545dfb: receive RaftClientReply:client-B22ED198845A->f3174d56-9988-40ec-970b-d447ed545dfb@group-47B82E5F6106, cid=2593, SUCCESS, logIndex=3844, commits[f3174d56-9988-40ec-970b-d447ed545dfb:c3845, 3e713ff3-0d17-449f-90fa-609b20cf4c10:c3843, 34290298-343f-405c-af97-b2d19041b010:c3843]
2019-09-11 09:06:40,223 [grpc-default-executor-4] INFO  client.GrpcClientProtocolClient (GrpcClientProtocolClient.java:onNext(264)) - client-B22ED198845A->f3174d56-9988-40ec-970b-d447ed545dfb: receive RaftClientReply:client-B22ED198845A->f3174d56-9988-40ec-970b-d447ed545dfb@group-47B82E5F6106, cid=2594, SUCCESS, logIndex=3845, commits[f3174d56-9988-40ec-970b-d447ed545dfb:c3845, 3e713ff3-0d17-449f-90fa-609b20cf4c10:c3843, 34290298-343f-405c-af97-b2d19041b010:c3843]
2019-09-11 09:06:40,233 [grpc-default-executor-0] INFO  client.GrpcClientProtocolClient (GrpcClientProtocolClient.java:onNext(264)) - client-B22ED198845A->f3174d56-9988-40ec-970b-d447ed545dfb: receive RaftClientReply:client-B22ED198845A->f3174d56-9988-40ec-970b-d447ed545dfb@group-47B82E5F6106, cid=2595, SUCCESS, logIndex=3846, commits[f3174d56-9988-40ec-970b-d447ed545dfb:c3847, 3e713ff3-0d17-449f-90fa-609b20cf4c10:c3843, 34290298-343f-405c-af97-b2d19041b010:c3843]
2019-09-11 09:06:40,234 [grpc-default-executor-0] INFO  client.GrpcClientProtocolClient (GrpcClientProtocolClient.java:onNext(264)) - client-B22ED198845A->f3174d56-9988-40ec-970b-d447ed545dfb: receive RaftClientReply:client-B22ED198845A->f3174d56-9988-40ec-970b-d447ed545dfb@group-47B82E5F6106, cid=2596, SUCCESS, logIndex=3847, commits[f3174d56-9988-40ec-970b-d447ed545dfb:c3847, 3e713ff3-0d17-449f-90fa-609b20cf4c10:c3843, 34290298-343f-405c-af97-b2d19041b010:c3843]
2019-09-11 09:06:40,248 [grpc-default-executor-0] INFO  client.GrpcClientProtocolClient (GrpcClientProtocolClient.java:onNext(264)) - client-B22ED198845A->f3174d56-9988-40ec-970b-d447ed545dfb: receive RaftClientReply:client-B22ED198845A->f3174d56-9988-40ec-970b-d447ed545dfb@group-47B82E5F6106, cid=2597, SUCCESS, logIndex=0, commits[f3174d56-9988-40ec-970b-d447ed545dfb:c3849, 3e713ff3-0d17-449f-90fa-609b20cf4c10:c3845, 34290298-343f-405c-af97-b2d19041b010:c3845]
2019-09-11 09:06:40,260 [grpc-default-executor-5] INFO  client.GrpcClientProtocolClient (GrpcClientProtocolClient.java:onNext(264)) - client-B22ED198845A->f3174d56-9988-40ec-970b-d447ed545dfb: receive RaftClientReply:client-B22ED198845A->f3174d56-9988-40ec-970b-d447ed545dfb@group-47B82E5F6106, cid=2598, SUCCESS, logIndex=3852, commits[f3174d56-9988-40ec-970b-d447ed545dfb:c3853, 3e713ff3-0d17-449f-90fa-609b20cf4c10:c3847, 34290298-343f-405c-af97-b2d19041b010:c3851]
2019-09-11 09:06:40,260 [grpc-default-executor-5] INFO  client.GrpcClientProtocolClient (GrpcClientProtocolClient.java:onNext(264)) - client-B22ED198845A->f3174d56-9988-40ec-970b-d447ed545dfb: receive RaftClientReply:client-B22ED198845A->f3174d56-9988-40ec-970b-d447ed545dfb@group-47B82E5F6106, cid=2599, SUCCESS, logIndex=3853, commits[f3174d56-9988-40ec-970b-d447ed545dfb:c3853, 3e713ff3-0d17-449f-90fa-609b20cf4c10:c3847, 34290298-343f-405c-af97-b2d19041b010:c3851]
2019-09-11 09:06:40,288 [grpc-default-executor-4] INFO  client.GrpcClientProtocolClient (GrpcClientProtocolClient.java:onNext(264)) - client-B22ED198845A->f3174d56-9988-40ec-970b-d447ed545dfb: receive RaftClientReply:client-B22ED198845A->f3174d56-9988-40ec-970b-d447ed545dfb@group-47B82E5F6106, cid=2600, SUCCESS, logIndex=3856, commits[f3174d56-9988-40ec-970b-d447ed545dfb:c3857, 3e713ff3-0d17-449f-90fa-609b20cf4c10:c3853, 34290298-343f-405c-af97-b2d19041b010:c3853]
2019-09-11 09:06:40,289 [grpc-default-executor-4] INFO  client.GrpcClientProtocolClient (GrpcClientProtocolClient.java:onNext(264)) - client-B22ED198845A->f3174d56-9988-40ec-970b-d447ed545dfb: receive RaftClientReply:client-B22ED198845A->f3174d56-9988-40ec-970b-d447ed545dfb@group-47B82E5F6106, cid=2601, SUCCESS, logIndex=3857, commits[f3174d56-9988-40ec-970b-d447ed545dfb:c3857, 3e713ff3-0d17-449f-90fa-609b20cf4c10:c3853, 34290298-343f-405c-af97-b2d19041b010:c3853]
2019-09-11 09:06:40,302 [grpc-default-executor-4] INFO  client.GrpcClientProtocolClient (GrpcClientProtocolClient.java:onNext(264)) - client-B22ED198845A->f3174d56-9988-40ec-970b-d447ed545dfb: receive RaftClientReply:client-B22ED198845A->f3174d56-9988-40ec-970b-d447ed545dfb@group-47B82E5F6106, cid=2602, SUCCESS, logIndex=0, commits[f3174d56-9988-40ec-970b-d447ed545dfb:c3859, 3e713ff3-0d17-449f-90fa-609b20cf4c10:c3857, 34290298-343f-405c-af97-b2d19041b010:c3857]
2019-09-11 09:06:40,335 [grpc-default-executor-0] INFO  client.GrpcClientProtocolClient (GrpcClientProtocolClient.java:onNext(264)) - client-B22ED198845A->f3174d56-9988-40ec-970b-d447ed545dfb: receive RaftClientReply:client-B22ED198845A->f3174d56-9988-40ec-970b-d447ed545dfb@group-47B82E5F6106, cid=2603, SUCCESS, logIndex=3860, commits[f3174d56-9988-40ec-970b-d447ed545dfb:c3861, 3e713ff3-0d17-449f-90fa-609b20cf4c10:c3859, 34290298-343f-405c-af97-b2d19041b010:c3859]
2019-09-11 09:06:40,336 [grpc-default-executor-0] INFO  client.GrpcClientProtocolClient (GrpcClientProtocolClient.java:onNext(264)) - client-B22ED198845A->f3174d56-9988-40ec-970b-d447ed545dfb: receive RaftClientReply:client-B22ED198845A->f3174d56-9988-40ec-970b-d447ed545dfb@group-47B82E5F6106, cid=2604, SUCCESS, logIndex=3861, commits[f3174d56-9988-40ec-970b-d447ed545dfb:c3861, 3e713ff3-0d17-449f-90fa-609b20cf4c10:c3859, 34290298-343f-405c-af97-b2d19041b010:c3859]
2019-09-11 09:06:40,348 [grpc-default-executor-4] INFO  client.GrpcClientProtocolClient (GrpcClientProtocolClient.java:onNext(264)) - client-B22ED198845A->f3174d56-9988-40ec-970b-d447ed545dfb: receive RaftClientReply:client-B22ED198845A->f3174d56-9988-40ec-970b-d447ed545dfb@group-47B82E5F6106, cid=2605, SUCCESS, logIndex=3862, commits[f3174d56-9988-40ec-970b-d447ed545dfb:c3862, 3e713ff3-0d17-449f-90fa-609b20cf4c10:c3859, 34290298-343f-405c-af97-b2d19041b010:c3859]
2019-09-11 09:06:40,348 [grpc-default-executor-4] INFO  client.GrpcClientProtocolClient (GrpcClientProtocolClient.java:onNext(264)) - client-B22ED198845A->f3174d56-9988-40ec-970b-d447ed545dfb: receive RaftClientReply:client-B22ED198845A->f3174d56-9988-40ec-970b-d447ed545dfb@group-47B82E5F6106, cid=2606, SUCCESS, logIndex=3863, commits[f3174d56-9988-40ec-970b-d447ed545dfb:c3863, 3e713ff3-0d17-449f-90fa-609b20cf4c10:c3859, 34290298-343f-405c-af97-b2d19041b010:c3859]
2019-09-11 09:06:40,352 [grpc-default-executor-4] INFO  client.GrpcClientProtocolClient (GrpcClientProtocolClient.java:onNext(264)) - client-B22ED198845A->f3174d56-9988-40ec-970b-d447ed545dfb: receive RaftClientReply:client-B22ED198845A->f3174d56-9988-40ec-970b-d447ed545dfb@group-47B82E5F6106, cid=2607, SUCCESS, logIndex=0, commits[f3174d56-9988-40ec-970b-d447ed545dfb:c3865, 3e713ff3-0d17-449f-90fa-609b20cf4c10:c3861, 34290298-343f-405c-af97-b2d19041b010:c3861]
2019-09-11 09:06:40,364 [grpc-default-executor-0] INFO  client.GrpcClientProtocolClient (GrpcClientProtocolClient.java:onNext(264)) - client-B22ED198845A->f3174d56-9988-40ec-970b-d447ed545dfb: receive RaftClientReply:client-B22ED198845A->f3174d56-9988-40ec-970b-d447ed545dfb@group-47B82E5F6106, cid=2608, SUCCESS, logIndex=3868, commits[f3174d56-9988-40ec-970b-d447ed545dfb:c3869, 3e713ff3-0d17-449f-90fa-609b20cf4c10:c3863, 34290298-343f-405c-af97-b2d19041b010:c3867]
2019-09-11 09:06:40,364 [grpc-default-executor-0] INFO  client.GrpcClientProtocolClient (GrpcClientProtocolClient.java:onNext(264)) - client-B22ED198845A->f3174d56-9988-40ec-970b-d447ed545dfb: receive RaftClientReply:client-B22ED198845A->f3174d56-9988-40ec-970b-d447ed545dfb@group-47B82E5F6106, cid=2609, SUCCESS, logIndex=3869, commits[f3174d56-9988-40ec-970b-d447ed545dfb:c3869, 3e713ff3-0d17-449f-90fa-609b20cf4c10:c3863, 34290298-343f-405c-af97-b2d19041b010:c3867]
2019-09-11 09:06:40,376 [grpc-default-executor-5] INFO  client.GrpcClientProtocolClient (GrpcClientProtocolClient.java:onNext(264)) - client-B22ED198845A->f3174d56-9988-40ec-970b-d447ed545dfb: receive RaftClientReply:client-B22ED198845A->f3174d56-9988-40ec-970b-d447ed545dfb@group-47B82E5F6106, cid=2610, SUCCESS, logIndex=3872, commits[f3174d56-9988-40ec-970b-d447ed545dfb:c3873, 3e713ff3-0d17-449f-90fa-609b20cf4c10:c3871, 34290298-343f-405c-af97-b2d19041b010:c3871]
2019-09-11 09:06:40,377 [grpc-default-executor-5] INFO  client.GrpcClientProtocolClient (GrpcClientProtocolClient.java:onNext(264)) - client-B22ED198845A->f3174d56-9988-40ec-970b-d447ed545dfb: receive RaftClientReply:client-B22ED198845A->f3174d56-9988-40ec-970b-d447ed545dfb@group-47B82E5F6106, cid=2611, SUCCESS, logIndex=3873, commits[f3174d56-9988-40ec-970b-d447ed545dfb:c3873, 3e713ff3-0d17-449f-90fa-609b20cf4c10:c3871, 34290298-343f-405c-af97-b2d19041b010:c3871]
2019-09-11 09:06:40,380 [grpc-default-executor-5] INFO  client.GrpcClientProtocolClient (GrpcClientProtocolClient.java:onNext(264)) - client-B22ED198845A->f3174d56-9988-40ec-970b-d447ed545dfb: receive RaftClientReply:client-B22ED198845A->f3174d56-9988-40ec-970b-d447ed545dfb@group-47B82E5F6106, cid=2612, SUCCESS, logIndex=0, commits[f3174d56-9988-40ec-970b-d447ed545dfb:c3874, 3e713ff3-0d17-449f-90fa-609b20cf4c10:c3873, 34290298-343f-405c-af97-b2d19041b010:c3873]
2019-09-11 09:06:40,418 [grpc-default-executor-5] INFO  client.GrpcClientProtocolClient (GrpcClientProtocolClient.java:onNext(264)) - client-B22ED198845A->f3174d56-9988-40ec-970b-d447ed545dfb: receive RaftClientReply:client-B22ED198845A->f3174d56-9988-40ec-970b-d447ed545dfb@group-47B82E5F6106, cid=2613, SUCCESS, logIndex=3876, commits[f3174d56-9988-40ec-970b-d447ed545dfb:c3877, 3e713ff3-0d17-449f-90fa-609b20cf4c10:c3875, 34290298-343f-405c-af97-b2d19041b010:c3875]
2019-09-11 09:06:40,419 [grpc-default-executor-5] INFO  client.GrpcClientProtocolClient (GrpcClientProtocolClient.java:onNext(264)) - client-B22ED198845A->f3174d56-9988-40ec-970b-d447ed545dfb: receive RaftClientReply:client-B22ED198845A->f3174d56-9988-40ec-970b-d447ed545dfb@group-47B82E5F6106, cid=2614, SUCCESS, logIndex=3877, commits[f3174d56-9988-40ec-970b-d447ed545dfb:c3879, 3e713ff3-0d17-449f-90fa-609b20cf4c10:c3875, 34290298-343f-405c-af97-b2d19041b010:c3875]
2019-09-11 09:06:40,419 [grpc-default-executor-5] INFO  client.GrpcClientProtocolClient (GrpcClientProtocolClient.java:onNext(264)) - client-B22ED198845A->f3174d56-9988-40ec-970b-d447ed545dfb: receive RaftClientReply:client-B22ED198845A->f3174d56-9988-40ec-970b-d447ed545dfb@group-47B82E5F6106, cid=2615, SUCCESS, logIndex=3878, commits[f3174d56-9988-40ec-970b-d447ed545dfb:c3879, 3e713ff3-0d17-449f-90fa-609b20cf4c10:c3875, 34290298-343f-405c-af97-b2d19041b010:c3875]
2019-09-11 09:06:40,420 [grpc-default-executor-5] INFO  client.GrpcClientProtocolClient (GrpcClientProtocolClient.java:onNext(264)) - client-B22ED198845A->f3174d56-9988-40ec-970b-d447ed545dfb: receive RaftClientReply:client-B22ED198845A->f3174d56-9988-40ec-970b-d447ed545dfb@group-47B82E5F6106, cid=2616, SUCCESS, logIndex=3879, commits[f3174d56-9988-40ec-970b-d447ed545dfb:c3879, 3e713ff3-0d17-449f-90fa-609b20cf4c10:c3875, 34290298-343f-405c-af97-b2d19041b010:c3875]
2019-09-11 09:06:40,433 [grpc-default-executor-5] INFO  client.GrpcClientProtocolClient (GrpcClientProtocolClient.java:onNext(264)) - client-B22ED198845A->f3174d56-9988-40ec-970b-d447ed545dfb: receive RaftClientReply:client-B22ED198845A->f3174d56-9988-40ec-970b-d447ed545dfb@group-47B82E5F6106, cid=2617, SUCCESS, logIndex=0, commits[f3174d56-9988-40ec-970b-d447ed545dfb:c3880, 3e713ff3-0d17-449f-90fa-609b20cf4c10:c3877, 34290298-343f-405c-af97-b2d19041b010:c3877]
2019-09-11 09:06:40,457 [grpc-default-executor-4] INFO  client.GrpcClientProtocolClient (GrpcClientProtocolClient.java:onNext(264)) - client-B22ED198845A->f3174d56-9988-40ec-970b-d447ed545dfb: receive RaftClientReply:client-B22ED198845A->f3174d56-9988-40ec-970b-d447ed545dfb@group-47B82E5F6106, cid=2618, SUCCESS, logIndex=3883, commits[f3174d56-9988-40ec-970b-d447ed545dfb:c3884, 3e713ff3-0d17-449f-90fa-609b20cf4c10:c3881, 34290298-343f-405c-af97-b2d19041b010:c3879]
2019-09-11 09:06:40,457 [grpc-default-executor-4] INFO  client.GrpcClientProtocolClient (GrpcClientProtocolClient.java:onNext(264)) - client-B22ED198845A->f3174d56-9988-40ec-970b-d447ed545dfb: receive RaftClientReply:client-B22ED198845A->f3174d56-9988-40ec-970b-d447ed545dfb@group-47B82E5F6106, cid=2619, SUCCESS, logIndex=3884, commits[f3174d56-9988-40ec-970b-d447ed545dfb:c3884, 3e713ff3-0d17-449f-90fa-609b20cf4c10:c3881, 34290298-343f-405c-af97-b2d19041b010:c3881]
2019-09-11 09:06:40,485 [grpc-default-executor-5] INFO  client.GrpcClientProtocolClient (GrpcClientProtocolClient.java:onNext(264)) - client-B22ED198845A->f3174d56-9988-40ec-970b-d447ed545dfb: receive RaftClientReply:client-B22ED198845A->f3174d56-9988-40ec-970b-d447ed545dfb@group-47B82E5F6106, cid=2620, SUCCESS, logIndex=3887, commits[f3174d56-9988-40ec-970b-d447ed545dfb:c3888, 3e713ff3-0d17-449f-90fa-609b20cf4c10:c3886, 34290298-343f-405c-af97-b2d19041b010:c3886]
2019-09-11 09:06:40,485 [grpc-default-executor-5] INFO  client.GrpcClientProtocolClient (GrpcClientProtocolClient.java:onNext(264)) - client-B22ED198845A->f3174d56-9988-40ec-970b-d447ed545dfb: receive RaftClientReply:client-B22ED198845A->f3174d56-9988-40ec-970b-d447ed545dfb@group-47B82E5F6106, cid=2621, SUCCESS, logIndex=3888, commits[f3174d56-9988-40ec-970b-d447ed545dfb:c3888, 3e713ff3-0d17-449f-90fa-609b20cf4c10:c3886, 34290298-343f-405c-af97-b2d19041b010:c3886]
2019-09-11 09:06:40,499 [grpc-default-executor-5] INFO  client.GrpcClientProtocolClient (GrpcClientProtocolClient.java:onNext(264)) - client-B22ED198845A->f3174d56-9988-40ec-970b-d447ed545dfb: receive RaftClientReply:client-B22ED198845A->f3174d56-9988-40ec-970b-d447ed545dfb@group-47B82E5F6106, cid=2622, SUCCESS, logIndex=0, commits[f3174d56-9988-40ec-970b-d447ed545dfb:c3889, 3e713ff3-0d17-449f-90fa-609b20cf4c10:c3888, 34290298-343f-405c-af97-b2d19041b010:c3888]
2019-09-11 09:06:40,531 [grpc-default-executor-0] INFO  client.GrpcClientProtocolClient (GrpcClientProtocolClient.java:onNext(264)) - client-B22ED198845A->f3174d56-9988-40ec-970b-d447ed545dfb: receive RaftClientReply:client-B22ED198845A->f3174d56-9988-40ec-970b-d447ed545dfb@group-47B82E5F6106, cid=2623, SUCCESS, logIndex=3891, commits[f3174d56-9988-40ec-970b-d447ed545dfb:c3892, 3e713ff3-0d17-449f-90fa-609b20cf4c10:c3890, 34290298-343f-405c-af97-b2d19041b010:c3890]
2019-09-11 09:06:40,531 [grpc-default-executor-0] INFO  client.GrpcClientProtocolClient (GrpcClientProtocolClient.java:onNext(264)) - client-B22ED198845A->f3174d56-9988-40ec-970b-d447ed545dfb: receive RaftClientReply:client-B22ED198845A->f3174d56-9988-40ec-970b-d447ed545dfb@group-47B82E5F6106, cid=2624, SUCCESS, logIndex=3892, commits[f3174d56-9988-40ec-970b-d447ed545dfb:c3892, 3e713ff3-0d17-449f-90fa-609b20cf4c10:c3890, 34290298-343f-405c-af97-b2d19041b010:c3890]
2019-09-11 09:06:40,544 [grpc-default-executor-5] INFO  client.GrpcClientProtocolClient (GrpcClientProtocolClient.java:onNext(264)) - client-B22ED198845A->f3174d56-9988-40ec-970b-d447ed545dfb: receive RaftClientReply:client-B22ED198845A->f3174d56-9988-40ec-970b-d447ed545dfb@group-47B82E5F6106, cid=2625, SUCCESS, logIndex=3893, commits[f3174d56-9988-40ec-970b-d447ed545dfb:c3894, 3e713ff3-0d17-449f-90fa-609b20cf4c10:c3890, 34290298-343f-405c-af97-b2d19041b010:c3890]
2019-09-11 09:06:40,544 [grpc-default-executor-5] INFO  client.GrpcClientProtocolClient (GrpcClientProtocolClient.java:onNext(264)) - client-B22ED198845A->f3174d56-9988-40ec-970b-d447ed545dfb: receive RaftClientReply:client-B22ED198845A->f3174d56-9988-40ec-970b-d447ed545dfb@group-47B82E5F6106, cid=2626, SUCCESS, logIndex=3894, commits[f3174d56-9988-40ec-970b-d447ed545dfb:c3894, 3e713ff3-0d17-449f-90fa-609b20cf4c10:c3890, 34290298-343f-405c-af97-b2d19041b010:c3890]
2019-09-11 09:06:40,546 [grpc-default-executor-5] INFO  client.GrpcClientProtocolClient (GrpcClientProtocolClient.java:onNext(264)) - client-B22ED198845A->f3174d56-9988-40ec-970b-d447ed545dfb: receive RaftClientReply:client-B22ED198845A->f3174d56-9988-40ec-970b-d447ed545dfb@group-47B82E5F6106, cid=2627, SUCCESS, logIndex=0, commits[f3174d56-9988-40ec-970b-d447ed545dfb:c3896, 3e713ff3-0d17-449f-90fa-609b20cf4c10:c3892, 34290298-343f-405c-af97-b2d19041b010:c3892]
2019-09-11 09:06:40,570 [grpc-default-executor-5] INFO  client.GrpcClientProtocolClient (GrpcClientProtocolClient.java:onNext(264)) - client-B22ED198845A->f3174d56-9988-40ec-970b-d447ed545dfb: receive RaftClientReply:client-B22ED198845A->f3174d56-9988-40ec-970b-d447ed545dfb@group-47B82E5F6106, cid=2628, SUCCESS, logIndex=3899, commits[f3174d56-9988-40ec-970b-d447ed545dfb:c3900, 3e713ff3-0d17-449f-90fa-609b20cf4c10:c3896, 34290298-343f-405c-af97-b2d19041b010:c3896]
2019-09-11 09:06:40,571 [grpc-default-executor-5] INFO  client.GrpcClientProtocolClient (GrpcClientProtocolClient.java:onNext(264)) - client-B22ED198845A->f3174d56-9988-40ec-970b-d447ed545dfb: receive RaftClientReply:client-B22ED198845A->f3174d56-9988-40ec-970b-d447ed545dfb@group-47B82E5F6106, cid=2629, SUCCESS, logIndex=3900, commits[f3174d56-9988-40ec-970b-d447ed545dfb:c3900, 3e713ff3-0d17-449f-90fa-609b20cf4c10:c3896, 34290298-343f-405c-af97-b2d19041b010:c3896]
2019-09-11 09:06:40,598 [grpc-default-executor-0] INFO  client.GrpcClientProtocolClient (GrpcClientProtocolClient.java:onNext(264)) - client-B22ED198845A->f3174d56-9988-40ec-970b-d447ed545dfb: receive RaftClientReply:client-B22ED198845A->f3174d56-9988-40ec-970b-d447ed545dfb@group-47B82E5F6106, cid=2630, SUCCESS, logIndex=3903, commits[f3174d56-9988-40ec-970b-d447ed545dfb:c3904, 3e713ff3-0d17-449f-90fa-609b20cf4c10:c3900, 34290298-343f-405c-af97-b2d19041b010:c3900]
2019-09-11 09:06:40,598 [grpc-default-executor-0] INFO  client.GrpcClientProtocolClient (GrpcClientProtocolClient.java:onNext(264)) - client-B22ED198845A->f3174d56-9988-40ec-970b-d447ed545dfb: receive RaftClientReply:client-B22ED198845A->f3174d56-9988-40ec-970b-d447ed545dfb@group-47B82E5F6106, cid=2631, SUCCESS, logIndex=3904, commits[f3174d56-9988-40ec-970b-d447ed545dfb:c3904, 3e713ff3-0d17-449f-90fa-609b20cf4c10:c3900, 34290298-343f-405c-af97-b2d19041b010:c3900]
2019-09-11 09:06:40,610 [grpc-default-executor-0] INFO  client.GrpcClientProtocolClient (GrpcClientProtocolClient.java:onNext(264)) - client-B22ED198845A->f3174d56-9988-40ec-970b-d447ed545dfb: receive RaftClientReply:client-B22ED198845A->f3174d56-9988-40ec-970b-d447ed545dfb@group-47B82E5F6106, cid=2632, SUCCESS, logIndex=0, commits[f3174d56-9988-40ec-970b-d447ed545dfb:c3905, 3e713ff3-0d17-449f-90fa-609b20cf4c10:c3904, 34290298-343f-405c-af97-b2d19041b010:c3904]
 0.00% |█                                                                                                    |  0/1 Time: 0:00:202019-09-11 09:06:40,633 [grpc-default-executor-5] INFO  client.GrpcClientProtocolClient (GrpcClientProtocolClient.java:onNext(264)) - client-B22ED198845A->f3174d56-9988-40ec-970b-d447ed545dfb: receive RaftClientReply:client-B22ED198845A->f3174d56-9988-40ec-970b-d447ed545dfb@group-47B82E5F6106, cid=2633, SUCCESS, logIndex=3907, commits[f3174d56-9988-40ec-970b-d447ed545dfb:c3908, 3e713ff3-0d17-449f-90fa-609b20cf4c10:c3906, 34290298-343f-405c-af97-b2d19041b010:c3904]
2019-09-11 09:06:40,634 [grpc-default-executor-5] INFO  client.GrpcClientProtocolClient (GrpcClientProtocolClient.java:onNext(264)) - client-B22ED198845A->f3174d56-9988-40ec-970b-d447ed545dfb: receive RaftClientReply:client-B22ED198845A->f3174d56-9988-40ec-970b-d447ed545dfb@group-47B82E5F6106, cid=2634, SUCCESS, logIndex=3908, commits[f3174d56-9988-40ec-970b-d447ed545dfb:c3908, 3e713ff3-0d17-449f-90fa-609b20cf4c10:c3906, 34290298-343f-405c-af97-b2d19041b010:c3904]
2019-09-11 09:06:40,635 [grpc-default-executor-5] INFO  client.GrpcClientProtocolClient (GrpcClientProtocolClient.java:onNext(264)) - client-B22ED198845A->f3174d56-9988-40ec-970b-d447ed545dfb: receive RaftClientReply:client-B22ED198845A->f3174d56-9988-40ec-970b-d447ed545dfb@group-47B82E5F6106, cid=2635, SUCCESS, logIndex=3909, commits[f3174d56-9988-40ec-970b-d447ed545dfb:c3910, 3e713ff3-0d17-449f-90fa-609b20cf4c10:c3906, 34290298-343f-405c-af97-b2d19041b010:c3906]
2019-09-11 09:06:40,635 [grpc-default-executor-5] INFO  client.GrpcClientProtocolClient (GrpcClientProtocolClient.java:onNext(264)) - client-B22ED198845A->f3174d56-9988-40ec-970b-d447ed545dfb: receive RaftClientReply:client-B22ED198845A->f3174d56-9988-40ec-970b-d447ed545dfb@group-47B82E5F6106, cid=2636, SUCCESS, logIndex=3910, commits[f3174d56-9988-40ec-970b-d447ed545dfb:c3910, 3e713ff3-0d17-449f-90fa-609b20cf4c10:c3906, 34290298-343f-405c-af97-b2d19041b010:c3906]
2019-09-11 09:06:40,636 [grpc-default-executor-5] INFO  client.GrpcClientProtocolClient (GrpcClientProtocolClient.java:onNext(264)) - client-B22ED198845A->f3174d56-9988-40ec-970b-d447ed545dfb: receive RaftClientReply:client-B22ED198845A->f3174d56-9988-40ec-970b-d447ed545dfb@group-47B82E5F6106, cid=2637, SUCCESS, logIndex=0, commits[f3174d56-9988-40ec-970b-d447ed545dfb:c3912, 3e713ff3-0d17-449f-90fa-609b20cf4c10:c3908, 34290298-343f-405c-af97-b2d19041b010:c3908]
2019-09-11 09:06:40,649 [grpc-default-executor-5] INFO  client.GrpcClientProtocolClient (GrpcClientProtocolClient.java:onNext(264)) - client-B22ED198845A->f3174d56-9988-40ec-970b-d447ed545dfb: receive RaftClientReply:client-B22ED198845A->f3174d56-9988-40ec-970b-d447ed545dfb@group-47B82E5F6106, cid=2638, SUCCESS, logIndex=3915, commits[f3174d56-9988-40ec-970b-d447ed545dfb:c3916, 3e713ff3-0d17-449f-90fa-609b20cf4c10:c3914, 34290298-343f-405c-af97-b2d19041b010:c3910]
2019-09-11 09:06:40,650 [grpc-default-executor-5] INFO  client.GrpcClientProtocolClient (GrpcClientProtocolClient.java:onNext(264)) - client-B22ED198845A->f3174d56-9988-40ec-970b-d447ed545dfb: receive RaftClientReply:client-B22ED198845A->f3174d56-9988-40ec-970b-d447ed545dfb@group-47B82E5F6106, cid=2639, SUCCESS, logIndex=3916, commits[f3174d56-9988-40ec-970b-d447ed545dfb:c3916, 3e713ff3-0d17-449f-90fa-609b20cf4c10:c3914, 34290298-343f-405c-af97-b2d19041b010:c3910]
2019-09-11 09:06:40,695 [grpc-default-executor-5] INFO  client.GrpcClientProtocolClient (GrpcClientProtocolClient.java:onNext(264)) - client-B22ED198845A->f3174d56-9988-40ec-970b-d447ed545dfb: receive RaftClientReply:client-B22ED198845A->f3174d56-9988-40ec-970b-d447ed545dfb@group-47B82E5F6106, cid=2640, SUCCESS, logIndex=3919, commits[f3174d56-9988-40ec-970b-d447ed545dfb:c3920, 3e713ff3-0d17-449f-90fa-609b20cf4c10:c3918, 34290298-343f-405c-af97-b2d19041b010:c3918]
2019-09-11 09:06:40,698 [grpc-default-executor-5] INFO  client.GrpcClientProtocolClient (GrpcClientProtocolClient.java:onNext(264)) - client-B22ED198845A->f3174d56-9988-40ec-970b-d447ed545dfb: receive RaftClientReply:client-B22ED198845A->f3174d56-9988-40ec-970b-d447ed545dfb@group-47B82E5F6106, cid=2641, SUCCESS, logIndex=3920, commits[f3174d56-9988-40ec-970b-d447ed545dfb:c3920, 3e713ff3-0d17-449f-90fa-609b20cf4c10:c3918, 34290298-343f-405c-af97-b2d19041b010:c3918]
2019-09-11 09:06:40,707 [grpc-default-executor-5] INFO  client.GrpcClientProtocolClient (GrpcClientProtocolClient.java:onNext(264)) - client-B22ED198845A->f3174d56-9988-40ec-970b-d447ed545dfb: receive RaftClientReply:client-B22ED198845A->f3174d56-9988-40ec-970b-d447ed545dfb@group-47B82E5F6106, cid=2642, SUCCESS, logIndex=0, commits[f3174d56-9988-40ec-970b-d447ed545dfb:c3921, 3e713ff3-0d17-449f-90fa-609b20cf4c10:c3920, 34290298-343f-405c-af97-b2d19041b010:c3920]
2019-09-11 09:06:40,741 [grpc-default-executor-1] INFO  client.GrpcClientProtocolClient (GrpcClientProtocolClient.java:onNext(264)) - client-B22ED198845A->f3174d56-9988-40ec-970b-d447ed545dfb: receive RaftClientReply:client-B22ED198845A->f3174d56-9988-40ec-970b-d447ed545dfb@group-47B82E5F6106, cid=2643, SUCCESS, logIndex=3923, commits[f3174d56-9988-40ec-970b-d447ed545dfb:c3924, 3e713ff3-0d17-449f-90fa-609b20cf4c10:c3922, 34290298-343f-405c-af97-b2d19041b010:c3922]
2019-09-11 09:06:40,742 [grpc-default-executor-1] INFO  client.GrpcClientProtocolClient (GrpcClientProtocolClient.java:onNext(264)) - client-B22ED198845A->f3174d56-9988-40ec-970b-d447ed545dfb: receive RaftClientReply:client-B22ED198845A->f3174d56-9988-40ec-970b-d447ed545dfb@group-47B82E5F6106, cid=2644, SUCCESS, logIndex=3924, commits[f3174d56-9988-40ec-970b-d447ed545dfb:c3925, 3e713ff3-0d17-449f-90fa-609b20cf4c10:c3922, 34290298-343f-405c-af97-b2d19041b010:c3922]
2019-09-11 09:06:40,742 [grpc-default-executor-1] INFO  client.GrpcClientProtocolClient (GrpcClientProtocolClient.java:onNext(264)) - client-B22ED198845A->f3174d56-9988-40ec-970b-d447ed545dfb: receive RaftClientReply:client-B22ED198845A->f3174d56-9988-40ec-970b-d447ed545dfb@group-47B82E5F6106, cid=2645, SUCCESS, logIndex=3925, commits[f3174d56-9988-40ec-970b-d447ed545dfb:c3925, 3e713ff3-0d17-449f-90fa-609b20cf4c10:c3922, 34290298-343f-405c-af97-b2d19041b010:c3922]
2019-09-11 09:06:40,742 [grpc-default-executor-4] INFO  client.GrpcClientProtocolClient (GrpcClientProtocolClient.java:onNext(264)) - client-B22ED198845A->f3174d56-9988-40ec-970b-d447ed545dfb: receive RaftClientReply:client-B22ED198845A->f3174d56-9988-40ec-970b-d447ed545dfb@group-47B82E5F6106, cid=2646, SUCCESS, logIndex=3926, commits[f3174d56-9988-40ec-970b-d447ed545dfb:c3926, 3e713ff3-0d17-449f-90fa-609b20cf4c10:c3922, 34290298-343f-405c-af97-b2d19041b010:c3922]
2019-09-11 09:06:40,756 [grpc-default-executor-4] INFO  client.GrpcClientProtocolClient (GrpcClientProtocolClient.java:onNext(264)) - client-B22ED198845A->f3174d56-9988-40ec-970b-d447ed545dfb: receive RaftClientReply:client-B22ED198845A->f3174d56-9988-40ec-970b-d447ed545dfb@group-47B82E5F6106, cid=2647, SUCCESS, logIndex=0, commits[f3174d56-9988-40ec-970b-d447ed545dfb:c3928, 3e713ff3-0d17-449f-90fa-609b20cf4c10:c3924, 34290298-343f-405c-af97-b2d19041b010:c3924]
2019-09-11 09:06:40,981 [grpc-default-executor-4] INFO  client.GrpcClientProtocolClient (GrpcClientProtocolClient.java:onNext(264)) - client-B22ED198845A->f3174d56-9988-40ec-970b-d447ed545dfb: receive RaftClientReply:client-B22ED198845A->f3174d56-9988-40ec-970b-d447ed545dfb@group-47B82E5F6106, cid=2648, SUCCESS, logIndex=3931, commits[f3174d56-9988-40ec-970b-d447ed545dfb:c3932, 3e713ff3-0d17-449f-90fa-609b20cf4c10:c3930, 34290298-343f-405c-af97-b2d19041b010:c3926]
2019-09-11 09:06:40,982 [grpc-default-executor-4] INFO  client.GrpcClientProtocolClient (GrpcClientProtocolClient.java:onNext(264)) - client-B22ED198845A->f3174d56-9988-40ec-970b-d447ed545dfb: receive RaftClientReply:client-B22ED198845A->f3174d56-9988-40ec-970b-d447ed545dfb@group-47B82E5F6106, cid=2649, SUCCESS, logIndex=3932, commits[f3174d56-9988-40ec-970b-d447ed545dfb:c3932, 3e713ff3-0d17-449f-90fa-609b20cf4c10:c3930, 34290298-343f-405c-af97-b2d19041b010:c3926]
2019-09-11 09:06:41,012 [grpc-default-executor-4] INFO  client.GrpcClientProtocolClient (GrpcClientProtocolClient.java:onNext(264)) - client-B22ED198845A->f3174d56-9988-40ec-970b-d447ed545dfb: receive RaftClientReply:client-B22ED198845A->f3174d56-9988-40ec-970b-d447ed545dfb@group-47B82E5F6106, cid=2650, SUCCESS, logIndex=3935, commits[f3174d56-9988-40ec-970b-d447ed545dfb:c3936, 3e713ff3-0d17-449f-90fa-609b20cf4c10:c3934, 34290298-343f-405c-af97-b2d19041b010:c3934]
2019-09-11 09:06:41,013 [grpc-default-executor-4] INFO  client.GrpcClientProtocolClient (GrpcClientProtocolClient.java:onNext(264)) - client-B22ED198845A->f3174d56-9988-40ec-970b-d447ed545dfb: receive RaftClientReply:client-B22ED198845A->f3174d56-9988-40ec-970b-d447ed545dfb@group-47B82E5F6106, cid=2651, SUCCESS, logIndex=3936, commits[f3174d56-9988-40ec-970b-d447ed545dfb:c3936, 3e713ff3-0d17-449f-90fa-609b20cf4c10:c3934, 34290298-343f-405c-af97-b2d19041b010:c3934]
2019-09-11 09:06:41,026 [grpc-default-executor-4] INFO  client.GrpcClientProtocolClient (GrpcClientProtocolClient.java:onNext(264)) - client-B22ED198845A->f3174d56-9988-40ec-970b-d447ed545dfb: receive RaftClientReply:client-B22ED198845A->f3174d56-9988-40ec-970b-d447ed545dfb@group-47B82E5F6106, cid=2652, SUCCESS, logIndex=0, commits[f3174d56-9988-40ec-970b-d447ed545dfb:c3937, 3e713ff3-0d17-449f-90fa-609b20cf4c10:c3936, 34290298-343f-405c-af97-b2d19041b010:c3936]
2019-09-11 09:06:41,060 [grpc-default-executor-4] INFO  client.GrpcClientProtocolClient (GrpcClientProtocolClient.java:onNext(264)) - client-B22ED198845A->f3174d56-9988-40ec-970b-d447ed545dfb: receive RaftClientReply:client-B22ED198845A->f3174d56-9988-40ec-970b-d447ed545dfb@group-47B82E5F6106, cid=2653, SUCCESS, logIndex=3939, commits[f3174d56-9988-40ec-970b-d447ed545dfb:c3940, 3e713ff3-0d17-449f-90fa-609b20cf4c10:c3938, 34290298-343f-405c-af97-b2d19041b010:c3938]
2019-09-11 09:06:41,061 [grpc-default-executor-4] INFO  client.GrpcClientProtocolClient (GrpcClientProtocolClient.java:onNext(264)) - client-B22ED198845A->f3174d56-9988-40ec-970b-d447ed545dfb: receive RaftClientReply:client-B22ED198845A->f3174d56-9988-40ec-970b-d447ed545dfb@group-47B82E5F6106, cid=2654, SUCCESS, logIndex=3940, commits[f3174d56-9988-40ec-970b-d447ed545dfb:c3940, 3e713ff3-0d17-449f-90fa-609b20cf4c10:c3938, 34290298-343f-405c-af97-b2d19041b010:c3938]
2019-09-11 09:06:41,068 [grpc-default-executor-4] INFO  client.GrpcClientProtocolClient (GrpcClientProtocolClient.java:onNext(264)) - client-B22ED198845A->f3174d56-9988-40ec-970b-d447ed545dfb: receive RaftClientReply:client-B22ED198845A->f3174d56-9988-40ec-970b-d447ed545dfb@group-47B82E5F6106, cid=2655, SUCCESS, logIndex=3941, commits[f3174d56-9988-40ec-970b-d447ed545dfb:c3942, 3e713ff3-0d17-449f-90fa-609b20cf4c10:c3938, 34290298-343f-405c-af97-b2d19041b010:c3938]
2019-09-11 09:06:41,069 [grpc-default-executor-4] INFO  client.GrpcClientProtocolClient (GrpcClientProtocolClient.java:onNext(264)) - client-B22ED198845A->f3174d56-9988-40ec-970b-d447ed545dfb: receive RaftClientReply:client-B22ED198845A->f3174d56-9988-40ec-970b-d447ed545dfb@group-47B82E5F6106, cid=2656, SUCCESS, logIndex=3942, commits[f3174d56-9988-40ec-970b-d447ed545dfb:c3942, 3e713ff3-0d17-449f-90fa-609b20cf4c10:c3938, 34290298-343f-405c-af97-b2d19041b010:c3938]
2019-09-11 09:06:41,084 [grpc-default-executor-4] INFO  client.GrpcClientProtocolClient (GrpcClientProtocolClient.java:onNext(264)) - client-B22ED198845A->f3174d56-9988-40ec-970b-d447ed545dfb: receive RaftClientReply:client-B22ED198845A->f3174d56-9988-40ec-970b-d447ed545dfb@group-47B82E5F6106, cid=2657, SUCCESS, logIndex=0, commits[f3174d56-9988-40ec-970b-d447ed545dfb:c3945, 3e713ff3-0d17-449f-90fa-609b20cf4c10:c3940, 34290298-343f-405c-af97-b2d19041b010:c3940]
2019-09-11 09:06:41,105 [grpc-default-executor-5] INFO  client.GrpcClientProtocolClient (GrpcClientProtocolClient.java:onNext(264)) - client-B22ED198845A->f3174d56-9988-40ec-970b-d447ed545dfb: receive RaftClientReply:client-B22ED198845A->f3174d56-9988-40ec-970b-d447ed545dfb@group-47B82E5F6106, cid=2658, SUCCESS, logIndex=3947, commits[f3174d56-9988-40ec-970b-d447ed545dfb:c3948, 3e713ff3-0d17-449f-90fa-609b20cf4c10:c3946, 34290298-343f-405c-af97-b2d19041b010:c3946]
2019-09-11 09:06:41,106 [grpc-default-executor-5] INFO  client.GrpcClientProtocolClient (GrpcClientProtocolClient.java:onNext(264)) - client-B22ED198845A->f3174d56-9988-40ec-970b-d447ed545dfb: receive RaftClientReply:client-B22ED198845A->f3174d56-9988-40ec-970b-d447ed545dfb@group-47B82E5F6106, cid=2659, SUCCESS, logIndex=3948, commits[f3174d56-9988-40ec-970b-d447ed545dfb:c3948, 3e713ff3-0d17-449f-90fa-609b20cf4c10:c3946, 34290298-343f-405c-af97-b2d19041b010:c3946]
2019-09-11 09:06:41,137 [grpc-default-executor-5] INFO  client.GrpcClientProtocolClient (GrpcClientProtocolClient.java:onNext(264)) - client-B22ED198845A->f3174d56-9988-40ec-970b-d447ed545dfb: receive RaftClientReply:client-B22ED198845A->f3174d56-9988-40ec-970b-d447ed545dfb@group-47B82E5F6106, cid=2660, SUCCESS, logIndex=3951, commits[f3174d56-9988-40ec-970b-d447ed545dfb:c3952, 3e713ff3-0d17-449f-90fa-609b20cf4c10:c3948, 34290298-343f-405c-af97-b2d19041b010:c3948]
2019-09-11 09:06:41,138 [grpc-default-executor-5] INFO  client.GrpcClientProtocolClient (GrpcClientProtocolClient.java:onNext(264)) - client-B22ED198845A->f3174d56-9988-40ec-970b-d447ed545dfb: receive RaftClientReply:client-B22ED198845A->f3174d56-9988-40ec-970b-d447ed545dfb@group-47B82E5F6106, cid=2661, SUCCESS, logIndex=3952, commits[f3174d56-9988-40ec-970b-d447ed545dfb:c3952, 3e713ff3-0d17-449f-90fa-609b20cf4c10:c3948, 34290298-343f-405c-af97-b2d19041b010:c3948]
2019-09-11 09:06:41,141 [grpc-default-executor-5] INFO  client.GrpcClientProtocolClient (GrpcClientProtocolClient.java:onNext(264)) - client-B22ED198845A->f3174d56-9988-40ec-970b-d447ed545dfb: receive RaftClientReply:client-B22ED198845A->f3174d56-9988-40ec-970b-d447ed545dfb@group-47B82E5F6106, cid=2662, SUCCESS, logIndex=0, commits[f3174d56-9988-40ec-970b-d447ed545dfb:c3953, 3e713ff3-0d17-449f-90fa-609b20cf4c10:c3952, 34290298-343f-405c-af97-b2d19041b010:c3952]
2019-09-11 09:06:41,180 [grpc-default-executor-5] INFO  client.GrpcClientProtocolClient (GrpcClientProtocolClient.java:onNext(264)) - client-B22ED198845A->f3174d56-9988-40ec-970b-d447ed545dfb: receive RaftClientReply:client-B22ED198845A->f3174d56-9988-40ec-970b-d447ed545dfb@group-47B82E5F6106, cid=2663, SUCCESS, logIndex=3955, commits[f3174d56-9988-40ec-970b-d447ed545dfb:c3958, 3e713ff3-0d17-449f-90fa-609b20cf4c10:c3954, 34290298-343f-405c-af97-b2d19041b010:c3952]
2019-09-11 09:06:41,180 [grpc-default-executor-5] INFO  client.GrpcClientProtocolClient (GrpcClientProtocolClient.java:onNext(264)) - client-B22ED198845A->f3174d56-9988-40ec-970b-d447ed545dfb: receive RaftClientReply:client-B22ED198845A->f3174d56-9988-40ec-970b-d447ed545dfb@group-47B82E5F6106, cid=2664, SUCCESS, logIndex=3956, commits[f3174d56-9988-40ec-970b-d447ed545dfb:c3958, 3e713ff3-0d17-449f-90fa-609b20cf4c10:c3954, 34290298-343f-405c-af97-b2d19041b010:c3954]
2019-09-11 09:06:41,181 [grpc-default-executor-5] INFO  client.GrpcClientProtocolClient (GrpcClientProtocolClient.java:onNext(264)) - client-B22ED198845A->f3174d56-9988-40ec-970b-d447ed545dfb: receive RaftClientReply:client-B22ED198845A->f3174d56-9988-40ec-970b-d447ed545dfb@group-47B82E5F6106, cid=2665, SUCCESS, logIndex=3957, commits[f3174d56-9988-40ec-970b-d447ed545dfb:c3958, 3e713ff3-0d17-449f-90fa-609b20cf4c10:c3954, 34290298-343f-405c-af97-b2d19041b010:c3954]
2019-09-11 09:06:41,181 [grpc-default-executor-5] INFO  client.GrpcClientProtocolClient (GrpcClientProtocolClient.java:onNext(264)) - client-B22ED198845A->f3174d56-9988-40ec-970b-d447ed545dfb: receive RaftClientReply:client-B22ED198845A->f3174d56-9988-40ec-970b-d447ed545dfb@group-47B82E5F6106, cid=2666, SUCCESS, logIndex=3958, commits[f3174d56-9988-40ec-970b-d447ed545dfb:c3958, 3e713ff3-0d17-449f-90fa-609b20cf4c10:c3954, 34290298-343f-405c-af97-b2d19041b010:c3954]
2019-09-11 09:06:41,206 [grpc-default-executor-5] INFO  client.GrpcClientProtocolClient (GrpcClientProtocolClient.java:onNext(264)) - client-B22ED198845A->f3174d56-9988-40ec-970b-d447ed545dfb: receive RaftClientReply:client-B22ED198845A->f3174d56-9988-40ec-970b-d447ed545dfb@group-47B82E5F6106, cid=2667, SUCCESS, logIndex=0, commits[f3174d56-9988-40ec-970b-d447ed545dfb:c3959, 3e713ff3-0d17-449f-90fa-609b20cf4c10:c3956, 34290298-343f-405c-af97-b2d19041b010:c3956]
2019-09-11 09:06:41,225 [grpc-default-executor-4] INFO  client.GrpcClientProtocolClient (GrpcClientProtocolClient.java:onNext(264)) - client-B22ED198845A->f3174d56-9988-40ec-970b-d447ed545dfb: receive RaftClientReply:client-B22ED198845A->f3174d56-9988-40ec-970b-d447ed545dfb@group-47B82E5F6106, cid=2668, SUCCESS, logIndex=3963, commits[f3174d56-9988-40ec-970b-d447ed545dfb:c3964, 3e713ff3-0d17-449f-90fa-609b20cf4c10:c3962, 34290298-343f-405c-af97-b2d19041b010:c3962]
2019-09-11 09:06:41,226 [grpc-default-executor-4] INFO  client.GrpcClientProtocolClient (GrpcClientProtocolClient.java:onNext(264)) - client-B22ED198845A->f3174d56-9988-40ec-970b-d447ed545dfb: receive RaftClientReply:client-B22ED198845A->f3174d56-9988-40ec-970b-d447ed545dfb@group-47B82E5F6106, cid=2669, SUCCESS, logIndex=3964, commits[f3174d56-9988-40ec-970b-d447ed545dfb:c3964, 3e713ff3-0d17-449f-90fa-609b20cf4c10:c3962, 34290298-343f-405c-af97-b2d19041b010:c3962]
2019-09-11 09:06:41,252 [grpc-default-executor-4] INFO  client.GrpcClientProtocolClient (GrpcClientProtocolClient.java:onNext(264)) - client-B22ED198845A->f3174d56-9988-40ec-970b-d447ed545dfb: receive RaftClientReply:client-B22ED198845A->f3174d56-9988-40ec-970b-d447ed545dfb@group-47B82E5F6106, cid=2670, SUCCESS, logIndex=3967, commits[f3174d56-9988-40ec-970b-d447ed545dfb:c3968, 3e713ff3-0d17-449f-90fa-609b20cf4c10:c3964, 34290298-343f-405c-af97-b2d19041b010:c3964]
2019-09-11 09:06:41,252 [grpc-default-executor-4] INFO  client.GrpcClientProtocolClient (GrpcClientProtocolClient.java:onNext(264)) - client-B22ED198845A->f3174d56-9988-40ec-970b-d447ed545dfb: receive RaftClientReply:client-B22ED198845A->f3174d56-9988-40ec-970b-d447ed545dfb@group-47B82E5F6106, cid=2671, SUCCESS, logIndex=3968, commits[f3174d56-9988-40ec-970b-d447ed545dfb:c3968, 3e713ff3-0d17-449f-90fa-609b20cf4c10:c3964, 34290298-343f-405c-af97-b2d19041b010:c3964]
2019-09-11 09:06:41,265 [grpc-default-executor-4] INFO  client.GrpcClientProtocolClient (GrpcClientProtocolClient.java:onNext(264)) - client-B22ED198845A->f3174d56-9988-40ec-970b-d447ed545dfb: receive RaftClientReply:client-B22ED198845A->f3174d56-9988-40ec-970b-d447ed545dfb@group-47B82E5F6106, cid=2672, SUCCESS, logIndex=0, commits[f3174d56-9988-40ec-970b-d447ed545dfb:c3969, 3e713ff3-0d17-449f-90fa-609b20cf4c10:c3968, 34290298-343f-405c-af97-b2d19041b010:c3968]
2019-09-11 09:06:41,295 [grpc-default-executor-5] INFO  client.GrpcClientProtocolClient (GrpcClientProtocolClient.java:onNext(264)) - client-B22ED198845A->f3174d56-9988-40ec-970b-d447ed545dfb: receive RaftClientReply:client-B22ED198845A->f3174d56-9988-40ec-970b-d447ed545dfb@group-47B82E5F6106, cid=2673, SUCCESS, logIndex=3971, commits[f3174d56-9988-40ec-970b-d447ed545dfb:c3973, 3e713ff3-0d17-449f-90fa-609b20cf4c10:c3969, 34290298-343f-405c-af97-b2d19041b010:c3970]
2019-09-11 09:06:41,295 [grpc-default-executor-5] INFO  client.GrpcClientProtocolClient (GrpcClientProtocolClient.java:onNext(264)) - client-B22ED198845A->f3174d56-9988-40ec-970b-d447ed545dfb: receive RaftClientReply:client-B22ED198845A->f3174d56-9988-40ec-970b-d447ed545dfb@group-47B82E5F6106, cid=2674, SUCCESS, logIndex=3972, commits[f3174d56-9988-40ec-970b-d447ed545dfb:c3974, 3e713ff3-0d17-449f-90fa-609b20cf4c10:c3970, 34290298-343f-405c-af97-b2d19041b010:c3970]
2019-09-11 09:06:41,295 [grpc-default-executor-5] INFO  client.GrpcClientProtocolClient (GrpcClientProtocolClient.java:onNext(264)) - client-B22ED198845A->f3174d56-9988-40ec-970b-d447ed545dfb: receive RaftClientReply:client-B22ED198845A->f3174d56-9988-40ec-970b-d447ed545dfb@group-47B82E5F6106, cid=2675, SUCCESS, logIndex=3973, commits[f3174d56-9988-40ec-970b-d447ed545dfb:c3974, 3e713ff3-0d17-449f-90fa-609b20cf4c10:c3970, 34290298-343f-405c-af97-b2d19041b010:c3970]
2019-09-11 09:06:41,296 [grpc-default-executor-5] INFO  client.GrpcClientProtocolClient (GrpcClientProtocolClient.java:onNext(264)) - client-B22ED198845A->f3174d56-9988-40ec-970b-d447ed545dfb: receive RaftClientReply:client-B22ED198845A->f3174d56-9988-40ec-970b-d447ed545dfb@group-47B82E5F6106, cid=2676, SUCCESS, logIndex=3974, commits[f3174d56-9988-40ec-970b-d447ed545dfb:c3974, 3e713ff3-0d17-449f-90fa-609b20cf4c10:c3970, 34290298-343f-405c-af97-b2d19041b010:c3970]
2019-09-11 09:06:41,308 [grpc-default-executor-5] INFO  client.GrpcClientProtocolClient (GrpcClientProtocolClient.java:onNext(264)) - client-B22ED198845A->f3174d56-9988-40ec-970b-d447ed545dfb: receive RaftClientReply:client-B22ED198845A->f3174d56-9988-40ec-970b-d447ed545dfb@group-47B82E5F6106, cid=2677, SUCCESS, logIndex=0, commits[f3174d56-9988-40ec-970b-d447ed545dfb:c3977, 3e713ff3-0d17-449f-90fa-609b20cf4c10:c3973, 34290298-343f-405c-af97-b2d19041b010:c3972]
2019-09-11 09:06:41,317 [grpc-default-executor-4] INFO  client.GrpcClientProtocolClient (GrpcClientProtocolClient.java:onNext(264)) - client-B22ED198845A->f3174d56-9988-40ec-970b-d447ed545dfb: receive RaftClientReply:client-B22ED198845A->f3174d56-9988-40ec-970b-d447ed545dfb@group-47B82E5F6106, cid=2678, SUCCESS, logIndex=3979, commits[f3174d56-9988-40ec-970b-d447ed545dfb:c3980, 3e713ff3-0d17-449f-90fa-609b20cf4c10:c3974, 34290298-343f-405c-af97-b2d19041b010:c3978]
2019-09-11 09:06:41,318 [grpc-default-executor-4] INFO  client.GrpcClientProtocolClient (GrpcClientProtocolClient.java:onNext(264)) - client-B22ED198845A->f3174d56-9988-40ec-970b-d447ed545dfb: receive RaftClientReply:client-B22ED198845A->f3174d56-9988-40ec-970b-d447ed545dfb@group-47B82E5F6106, cid=2679, SUCCESS, logIndex=3980, commits[f3174d56-9988-40ec-970b-d447ed545dfb:c3980, 3e713ff3-0d17-449f-90fa-609b20cf4c10:c3978, 34290298-343f-405c-af97-b2d19041b010:c3978]
2019-09-11 09:06:41,327 [grpc-default-executor-4] INFO  client.GrpcClientProtocolClient (GrpcClientProtocolClient.java:onNext(264)) - client-B22ED198845A->f3174d56-9988-40ec-970b-d447ed545dfb: receive RaftClientReply:client-B22ED198845A->f3174d56-9988-40ec-970b-d447ed545dfb@group-47B82E5F6106, cid=2680, SUCCESS, logIndex=3983, commits[f3174d56-9988-40ec-970b-d447ed545dfb:c3984, 3e713ff3-0d17-449f-90fa-609b20cf4c10:c3980, 34290298-343f-405c-af97-b2d19041b010:c3982]
2019-09-11 09:06:41,327 [grpc-default-executor-4] INFO  client.GrpcClientProtocolClient (GrpcClientProtocolClient.java:onNext(264)) - client-B22ED198845A->f3174d56-9988-40ec-970b-d447ed545dfb: receive RaftClientReply:client-B22ED198845A->f3174d56-9988-40ec-970b-d447ed545dfb@group-47B82E5F6106, cid=2681, SUCCESS, logIndex=3984, commits[f3174d56-9988-40ec-970b-d447ed545dfb:c3984, 3e713ff3-0d17-449f-90fa-609b20cf4c10:c3980, 34290298-343f-405c-af97-b2d19041b010:c3982]
2019-09-11 09:06:41,330 [grpc-default-executor-4] INFO  client.GrpcClientProtocolClient (GrpcClientProtocolClient.java:onNext(264)) - client-B22ED198845A->f3174d56-9988-40ec-970b-d447ed545dfb: receive RaftClientReply:client-B22ED198845A->f3174d56-9988-40ec-970b-d447ed545dfb@group-47B82E5F6106, cid=2682, SUCCESS, logIndex=0, commits[f3174d56-9988-40ec-970b-d447ed545dfb:c3985, 3e713ff3-0d17-449f-90fa-609b20cf4c10:c3984, 34290298-343f-405c-af97-b2d19041b010:c3984]
2019-09-11 09:06:41,347 [grpc-default-executor-4] INFO  client.GrpcClientProtocolClient (GrpcClientProtocolClient.java:onNext(264)) - client-B22ED198845A->f3174d56-9988-40ec-970b-d447ed545dfb: receive RaftClientReply:client-B22ED198845A->f3174d56-9988-40ec-970b-d447ed545dfb@group-47B82E5F6106, cid=2683, SUCCESS, logIndex=3987, commits[f3174d56-9988-40ec-970b-d447ed545dfb:c3990, 3e713ff3-0d17-449f-90fa-609b20cf4c10:c3986, 34290298-343f-405c-af97-b2d19041b010:c3984]
2019-09-11 09:06:41,348 [grpc-default-executor-4] INFO  client.GrpcClientProtocolClient (GrpcClientProtocolClient.java:onNext(264)) - client-B22ED198845A->f3174d56-9988-40ec-970b-d447ed545dfb: receive RaftClientReply:client-B22ED198845A->f3174d56-9988-40ec-970b-d447ed545dfb@group-47B82E5F6106, cid=2684, SUCCESS, logIndex=3988, commits[f3174d56-9988-40ec-970b-d447ed545dfb:c3990, 3e713ff3-0d17-449f-90fa-609b20cf4c10:c3986, 34290298-343f-405c-af97-b2d19041b010:c3986]
2019-09-11 09:06:41,348 [grpc-default-executor-4] INFO  client.GrpcClientProtocolClient (GrpcClientProtocolClient.java:onNext(264)) - client-B22ED198845A->f3174d56-9988-40ec-970b-d447ed545dfb: receive RaftClientReply:client-B22ED198845A->f3174d56-9988-40ec-970b-d447ed545dfb@group-47B82E5F6106, cid=2685, SUCCESS, logIndex=3989, commits[f3174d56-9988-40ec-970b-d447ed545dfb:c3990, 3e713ff3-0d17-449f-90fa-609b20cf4c10:c3986, 34290298-343f-405c-af97-b2d19041b010:c3986]
2019-09-11 09:06:41,349 [grpc-default-executor-4] INFO  client.GrpcClientProtocolClient (GrpcClientProtocolClient.java:onNext(264)) - client-B22ED198845A->f3174d56-9988-40ec-970b-d447ed545dfb: receive RaftClientReply:client-B22ED198845A->f3174d56-9988-40ec-970b-d447ed545dfb@group-47B82E5F6106, cid=2686, SUCCESS, logIndex=3990, commits[f3174d56-9988-40ec-970b-d447ed545dfb:c3991, 3e713ff3-0d17-449f-90fa-609b20cf4c10:c3988, 34290298-343f-405c-af97-b2d19041b010:c3986]
2019-09-11 09:06:41,349 [grpc-default-executor-4] INFO  client.GrpcClientProtocolClient (GrpcClientProtocolClient.java:onNext(264)) - client-B22ED198845A->f3174d56-9988-40ec-970b-d447ed545dfb: receive RaftClientReply:client-B22ED198845A->f3174d56-9988-40ec-970b-d447ed545dfb@group-47B82E5F6106, cid=2687, SUCCESS, logIndex=0, commits[f3174d56-9988-40ec-970b-d447ed545dfb:c3991, 3e713ff3-0d17-449f-90fa-609b20cf4c10:c3988, 34290298-343f-405c-af97-b2d19041b010:c3988]
2019-09-11 09:06:41,362 [grpc-default-executor-4] INFO  client.GrpcClientProtocolClient (GrpcClientProtocolClient.java:onNext(264)) - client-B22ED198845A->f3174d56-9988-40ec-970b-d447ed545dfb: receive RaftClientReply:client-B22ED198845A->f3174d56-9988-40ec-970b-d447ed545dfb@group-47B82E5F6106, cid=2688, SUCCESS, logIndex=3995, commits[f3174d56-9988-40ec-970b-d447ed545dfb:c3996, 3e713ff3-0d17-449f-90fa-609b20cf4c10:c3994, 34290298-343f-405c-af97-b2d19041b010:c3994]
2019-09-11 09:06:41,362 [grpc-default-executor-4] INFO  client.GrpcClientProtocolClient (GrpcClientProtocolClient.java:onNext(264)) - client-B22ED198845A->f3174d56-9988-40ec-970b-d447ed545dfb: receive RaftClientReply:client-B22ED198845A->f3174d56-9988-40ec-970b-d447ed545dfb@group-47B82E5F6106, cid=2689, SUCCESS, logIndex=3996, commits[f3174d56-9988-40ec-970b-d447ed545dfb:c3996, 3e713ff3-0d17-449f-90fa-609b20cf4c10:c3994, 34290298-343f-405c-af97-b2d19041b010:c3994]
2019-09-11 09:06:41,372 [grpc-default-executor-5] INFO  client.GrpcClientProtocolClient (GrpcClientProtocolClient.java:onNext(264)) - client-B22ED198845A->f3174d56-9988-40ec-970b-d447ed545dfb: receive RaftClientReply:client-B22ED198845A->f3174d56-9988-40ec-970b-d447ed545dfb@group-47B82E5F6106, cid=2690, SUCCESS, logIndex=3999, commits[f3174d56-9988-40ec-970b-d447ed545dfb:c4000, 3e713ff3-0d17-449f-90fa-609b20cf4c10:c3996, 34290298-343f-405c-af97-b2d19041b010:c3998]
2019-09-11 09:06:41,373 [grpc-default-executor-5] INFO  client.GrpcClientProtocolClient (GrpcClientProtocolClient.java:onNext(264)) - client-B22ED198845A->f3174d56-9988-40ec-970b-d447ed545dfb: receive RaftClientReply:client-B22ED198845A->f3174d56-9988-40ec-970b-d447ed545dfb@group-47B82E5F6106, cid=2691, SUCCESS, logIndex=4000, commits[f3174d56-9988-40ec-970b-d447ed545dfb:c4000, 3e713ff3-0d17-449f-90fa-609b20cf4c10:c3998, 34290298-343f-405c-af97-b2d19041b010:c3998]
2019-09-11 09:06:41,375 [grpc-default-executor-5] INFO  client.GrpcClientProtocolClient (GrpcClientProtocolClient.java:onNext(264)) - client-B22ED198845A->f3174d56-9988-40ec-970b-d447ed545dfb: receive RaftClientReply:client-B22ED198845A->f3174d56-9988-40ec-970b-d447ed545dfb@group-47B82E5F6106, cid=2692, SUCCESS, logIndex=0, commits[f3174d56-9988-40ec-970b-d447ed545dfb:c4001, 3e713ff3-0d17-449f-90fa-609b20cf4c10:c4000, 34290298-343f-405c-af97-b2d19041b010:c4000]
2019-09-11 09:06:41,392 [grpc-default-executor-4] INFO  client.GrpcClientProtocolClient (GrpcClientProtocolClient.java:onNext(264)) - client-B22ED198845A->f3174d56-9988-40ec-970b-d447ed545dfb: receive RaftClientReply:client-B22ED198845A->f3174d56-9988-40ec-970b-d447ed545dfb@group-47B82E5F6106, cid=2693, SUCCESS, logIndex=4003, commits[f3174d56-9988-40ec-970b-d447ed545dfb:c4004, 3e713ff3-0d17-449f-90fa-609b20cf4c10:c4000, 34290298-343f-405c-af97-b2d19041b010:c4002]
2019-09-11 09:06:41,392 [grpc-default-executor-4] INFO  client.GrpcClientProtocolClient (GrpcClientProtocolClient.java:onNext(264)) - client-B22ED198845A->f3174d56-9988-40ec-970b-d447ed545dfb: receive RaftClientReply:client-B22ED198845A->f3174d56-9988-40ec-970b-d447ed545dfb@group-47B82E5F6106, cid=2694, SUCCESS, logIndex=4004, commits[f3174d56-9988-40ec-970b-d447ed545dfb:c4004, 3e713ff3-0d17-449f-90fa-609b20cf4c10:c4000, 34290298-343f-405c-af97-b2d19041b010:c4002]
2019-09-11 09:06:41,398 [grpc-default-executor-4] INFO  client.GrpcClientProtocolClient (GrpcClientProtocolClient.java:onNext(264)) - client-B22ED198845A->f3174d56-9988-40ec-970b-d447ed545dfb: receive RaftClientReply:client-B22ED198845A->f3174d56-9988-40ec-970b-d447ed545dfb@group-47B82E5F6106, cid=2695, SUCCESS, logIndex=4005, commits[f3174d56-9988-40ec-970b-d447ed545dfb:c4006, 3e713ff3-0d17-449f-90fa-609b20cf4c10:c4002, 34290298-343f-405c-af97-b2d19041b010:c4002]
2019-09-11 09:06:41,398 [grpc-default-executor-4] INFO  client.GrpcClientProtocolClient (GrpcClientProtocolClient.java:onNext(264)) - client-B22ED198845A->f3174d56-9988-40ec-970b-d447ed545dfb: receive RaftClientReply:client-B22ED198845A->f3174d56-9988-40ec-970b-d447ed545dfb@group-47B82E5F6106, cid=2696, SUCCESS, logIndex=4006, commits[f3174d56-9988-40ec-970b-d447ed545dfb:c4007, 3e713ff3-0d17-449f-90fa-609b20cf4c10:c4002, 34290298-343f-405c-af97-b2d19041b010:c4004]
2019-09-11 09:06:41,399 [grpc-default-executor-4] INFO  client.GrpcClientProtocolClient (GrpcClientProtocolClient.java:onNext(264)) - client-B22ED198845A->f3174d56-9988-40ec-970b-d447ed545dfb: receive RaftClientReply:client-B22ED198845A->f3174d56-9988-40ec-970b-d447ed545dfb@group-47B82E5F6106, cid=2697, SUCCESS, logIndex=0, commits[f3174d56-9988-40ec-970b-d447ed545dfb:c4008, 3e713ff3-0d17-449f-90fa-609b20cf4c10:c4004, 34290298-343f-405c-af97-b2d19041b010:c4004]
2019-09-11 09:06:41,409 [grpc-default-executor-5] INFO  client.GrpcClientProtocolClient (GrpcClientProtocolClient.java:onNext(264)) - client-B22ED198845A->f3174d56-9988-40ec-970b-d447ed545dfb: receive RaftClientReply:client-B22ED198845A->f3174d56-9988-40ec-970b-d447ed545dfb@group-47B82E5F6106, cid=2698, SUCCESS, logIndex=4011, commits[f3174d56-9988-40ec-970b-d447ed545dfb:c4012, 3e713ff3-0d17-449f-90fa-609b20cf4c10:c4006, 34290298-343f-405c-af97-b2d19041b010:c4010]
2019-09-11 09:06:41,409 [grpc-default-executor-5] INFO  client.GrpcClientProtocolClient (GrpcClientProtocolClient.java:onNext(264)) - client-B22ED198845A->f3174d56-9988-40ec-970b-d447ed545dfb: receive RaftClientReply:client-B22ED198845A->f3174d56-9988-40ec-970b-d447ed545dfb@group-47B82E5F6106, cid=2699, SUCCESS, logIndex=4012, commits[f3174d56-9988-40ec-970b-d447ed545dfb:c4012, 3e713ff3-0d17-449f-90fa-609b20cf4c10:c4010, 34290298-343f-405c-af97-b2d19041b010:c4010]
2019-09-11 09:06:41,428 [grpc-default-executor-5] INFO  client.GrpcClientProtocolClient (GrpcClientProtocolClient.java:onNext(264)) - client-B22ED198845A->f3174d56-9988-40ec-970b-d447ed545dfb: receive RaftClientReply:client-B22ED198845A->f3174d56-9988-40ec-970b-d447ed545dfb@group-47B82E5F6106, cid=2700, SUCCESS, logIndex=4015, commits[f3174d56-9988-40ec-970b-d447ed545dfb:c4016, 3e713ff3-0d17-449f-90fa-609b20cf4c10:c4014, 34290298-343f-405c-af97-b2d19041b010:c4014]
2019-09-11 09:06:41,428 [grpc-default-executor-5] INFO  client.GrpcClientProtocolClient (GrpcClientProtocolClient.java:onNext(264)) - client-B22ED198845A->f3174d56-9988-40ec-970b-d447ed545dfb: receive RaftClientReply:client-B22ED198845A->f3174d56-9988-40ec-970b-d447ed545dfb@group-47B82E5F6106, cid=2701, SUCCESS, logIndex=4016, commits[f3174d56-9988-40ec-970b-d447ed545dfb:c4016, 3e713ff3-0d17-449f-90fa-609b20cf4c10:c4014, 34290298-343f-405c-af97-b2d19041b010:c4014]
2019-09-11 09:06:41,454 [grpc-default-executor-4] INFO  client.GrpcClientProtocolClient (GrpcClientProtocolClient.java:onNext(264)) - client-B22ED198845A->f3174d56-9988-40ec-970b-d447ed545dfb: receive RaftClientReply:client-B22ED198845A->f3174d56-9988-40ec-970b-d447ed545dfb@group-47B82E5F6106, cid=2702, SUCCESS, logIndex=0, commits[f3174d56-9988-40ec-970b-d447ed545dfb:c4018, 3e713ff3-0d17-449f-90fa-609b20cf4c10:c4016, 34290298-343f-405c-af97-b2d19041b010:c4016]
2019-09-11 09:06:41,479 [grpc-default-executor-4] INFO  client.GrpcClientProtocolClient (GrpcClientProtocolClient.java:onNext(264)) - client-B22ED198845A->f3174d56-9988-40ec-970b-d447ed545dfb: receive RaftClientReply:client-B22ED198845A->f3174d56-9988-40ec-970b-d447ed545dfb@group-47B82E5F6106, cid=2703, SUCCESS, logIndex=4019, commits[f3174d56-9988-40ec-970b-d447ed545dfb:c4020, 3e713ff3-0d17-449f-90fa-609b20cf4c10:c4018, 34290298-343f-405c-af97-b2d19041b010:c4018]
2019-09-11 09:06:41,480 [grpc-default-executor-4] INFO  client.GrpcClientProtocolClient (GrpcClientProtocolClient.java:onNext(264)) - client-B22ED198845A->f3174d56-9988-40ec-970b-d447ed545dfb: receive RaftClientReply:client-B22ED198845A->f3174d56-9988-40ec-970b-d447ed545dfb@group-47B82E5F6106, cid=2704, SUCCESS, logIndex=4020, commits[f3174d56-9988-40ec-970b-d447ed545dfb:c4022, 3e713ff3-0d17-449f-90fa-609b20cf4c10:c4018, 34290298-343f-405c-af97-b2d19041b010:c4018]
2019-09-11 09:06:41,480 [grpc-default-executor-4] INFO  client.GrpcClientProtocolClient (GrpcClientProtocolClient.java:onNext(264)) - client-B22ED198845A->f3174d56-9988-40ec-970b-d447ed545dfb: receive RaftClientReply:client-B22ED198845A->f3174d56-9988-40ec-970b-d447ed545dfb@group-47B82E5F6106, cid=2705, SUCCESS, logIndex=4021, commits[f3174d56-9988-40ec-970b-d447ed545dfb:c4022, 3e713ff3-0d17-449f-90fa-609b20cf4c10:c4018, 34290298-343f-405c-af97-b2d19041b010:c4018]
2019-09-11 09:06:41,480 [grpc-default-executor-4] INFO  client.GrpcClientProtocolClient (GrpcClientProtocolClient.java:onNext(264)) - client-B22ED198845A->f3174d56-9988-40ec-970b-d447ed545dfb: receive RaftClientReply:client-B22ED198845A->f3174d56-9988-40ec-970b-d447ed545dfb@group-47B82E5F6106, cid=2706, SUCCESS, logIndex=4022, commits[f3174d56-9988-40ec-970b-d447ed545dfb:c4022, 3e713ff3-0d17-449f-90fa-609b20cf4c10:c4018, 34290298-343f-405c-af97-b2d19041b010:c4018]
2019-09-11 09:06:41,484 [grpc-default-executor-4] INFO  client.GrpcClientProtocolClient (GrpcClientProtocolClient.java:onNext(264)) - client-B22ED198845A->f3174d56-9988-40ec-970b-d447ed545dfb: receive RaftClientReply:client-B22ED198845A->f3174d56-9988-40ec-970b-d447ed545dfb@group-47B82E5F6106, cid=2707, SUCCESS, logIndex=0, commits[f3174d56-9988-40ec-970b-d447ed545dfb:c4024, 3e713ff3-0d17-449f-90fa-609b20cf4c10:c4020, 34290298-343f-405c-af97-b2d19041b010:c4020]
2019-09-11 09:06:41,501 [grpc-default-executor-1] INFO  client.GrpcClientProtocolClient (GrpcClientProtocolClient.java:onNext(264)) - client-B22ED198845A->f3174d56-9988-40ec-970b-d447ed545dfb: receive RaftClientReply:client-B22ED198845A->f3174d56-9988-40ec-970b-d447ed545dfb@group-47B82E5F6106, cid=2708, SUCCESS, logIndex=4026, commits[f3174d56-9988-40ec-970b-d447ed545dfb:c4027, 3e713ff3-0d17-449f-90fa-609b20cf4c10:c4025, 34290298-343f-405c-af97-b2d19041b010:c4025]
2019-09-11 09:06:41,502 [grpc-default-executor-1] INFO  client.GrpcClientProtocolClient (GrpcClientProtocolClient.java:onNext(264)) - client-B22ED198845A->f3174d56-9988-40ec-970b-d447ed545dfb: receive RaftClientReply:client-B22ED198845A->f3174d56-9988-40ec-970b-d447ed545dfb@group-47B82E5F6106, cid=2709, SUCCESS, logIndex=4027, commits[f3174d56-9988-40ec-970b-d447ed545dfb:c4027, 3e713ff3-0d17-449f-90fa-609b20cf4c10:c4025, 34290298-343f-405c-af97-b2d19041b010:c4025]
2019-09-11 09:06:41,528 [grpc-default-executor-4] INFO  client.GrpcClientProtocolClient (GrpcClientProtocolClient.java:onNext(264)) - client-B22ED198845A->f3174d56-9988-40ec-970b-d447ed545dfb: receive RaftClientReply:client-B22ED198845A->f3174d56-9988-40ec-970b-d447ed545dfb@group-47B82E5F6106, cid=2710, SUCCESS, logIndex=4030, commits[f3174d56-9988-40ec-970b-d447ed545dfb:c4031, 3e713ff3-0d17-449f-90fa-609b20cf4c10:c4027, 34290298-343f-405c-af97-b2d19041b010:c4027]
2019-09-11 09:06:41,528 [grpc-default-executor-4] INFO  client.GrpcClientProtocolClient (GrpcClientProtocolClient.java:onNext(264)) - client-B22ED198845A->f3174d56-9988-40ec-970b-d447ed545dfb: receive RaftClientReply:client-B22ED198845A->f3174d56-9988-40ec-970b-d447ed545dfb@group-47B82E5F6106, cid=2711, SUCCESS, logIndex=4031, commits[f3174d56-9988-40ec-970b-d447ed545dfb:c4031, 3e713ff3-0d17-449f-90fa-609b20cf4c10:c4027, 34290298-343f-405c-af97-b2d19041b010:c4027]
2019-09-11 09:06:41,541 [grpc-default-executor-4] INFO  client.GrpcClientProtocolClient (GrpcClientProtocolClient.java:onNext(264)) - client-B22ED198845A->f3174d56-9988-40ec-970b-d447ed545dfb: receive RaftClientReply:client-B22ED198845A->f3174d56-9988-40ec-970b-d447ed545dfb@group-47B82E5F6106, cid=2712, SUCCESS, logIndex=0, commits[f3174d56-9988-40ec-970b-d447ed545dfb:c4032, 3e713ff3-0d17-449f-90fa-609b20cf4c10:c4031, 34290298-343f-405c-af97-b2d19041b010:c4031]
2019-09-11 09:06:41,567 [grpc-default-executor-5] INFO  client.GrpcClientProtocolClient (GrpcClientProtocolClient.java:onNext(264)) - client-B22ED198845A->f3174d56-9988-40ec-970b-d447ed545dfb: receive RaftClientReply:client-B22ED198845A->f3174d56-9988-40ec-970b-d447ed545dfb@group-47B82E5F6106, cid=2713, SUCCESS, logIndex=4034, commits[f3174d56-9988-40ec-970b-d447ed545dfb:c4035, 3e713ff3-0d17-449f-90fa-609b20cf4c10:c4032, 34290298-343f-405c-af97-b2d19041b010:c4032]
2019-09-11 09:06:41,568 [grpc-default-executor-5] INFO  client.GrpcClientProtocolClient (GrpcClientProtocolClient.java:onNext(264)) - client-B22ED198845A->f3174d56-9988-40ec-970b-d447ed545dfb: receive RaftClientReply:client-B22ED198845A->f3174d56-9988-40ec-970b-d447ed545dfb@group-47B82E5F6106, cid=2714, SUCCESS, logIndex=4035, commits[f3174d56-9988-40ec-970b-d447ed545dfb:c4035, 3e713ff3-0d17-449f-90fa-609b20cf4c10:c4032, 34290298-343f-405c-af97-b2d19041b010:c4033]
2019-09-11 09:06:41,577 [grpc-default-executor-5] INFO  client.GrpcClientProtocolClient (GrpcClientProtocolClient.java:onNext(264)) - client-B22ED198845A->f3174d56-9988-40ec-970b-d447ed545dfb: receive RaftClientReply:client-B22ED198845A->f3174d56-9988-40ec-970b-d447ed545dfb@group-47B82E5F6106, cid=2715, SUCCESS, logIndex=4036, commits[f3174d56-9988-40ec-970b-d447ed545dfb:c4037, 3e713ff3-0d17-449f-90fa-609b20cf4c10:c4032, 34290298-343f-405c-af97-b2d19041b010:c4033]
2019-09-11 09:06:41,578 [grpc-default-executor-5] INFO  client.GrpcClientProtocolClient (GrpcClientProtocolClient.java:onNext(264)) - client-B22ED198845A->f3174d56-9988-40ec-970b-d447ed545dfb: receive RaftClientReply:client-B22ED198845A->f3174d56-9988-40ec-970b-d447ed545dfb@group-47B82E5F6106, cid=2716, SUCCESS, logIndex=4037, commits[f3174d56-9988-40ec-970b-d447ed545dfb:c4037, 3e713ff3-0d17-449f-90fa-609b20cf4c10:c4032, 34290298-343f-405c-af97-b2d19041b010:c4033]
2019-09-11 09:06:41,580 [grpc-default-executor-5] INFO  client.GrpcClientProtocolClient (GrpcClientProtocolClient.java:onNext(264)) - client-B22ED198845A->f3174d56-9988-40ec-970b-d447ed545dfb: receive RaftClientReply:client-B22ED198845A->f3174d56-9988-40ec-970b-d447ed545dfb@group-47B82E5F6106, cid=2717, SUCCESS, logIndex=0, commits[f3174d56-9988-40ec-970b-d447ed545dfb:c4040, 3e713ff3-0d17-449f-90fa-609b20cf4c10:c4035, 34290298-343f-405c-af97-b2d19041b010:c4037]
2019-09-11 09:06:41,599 [grpc-default-executor-4] INFO  client.GrpcClientProtocolClient (GrpcClientProtocolClient.java:onNext(264)) - client-B22ED198845A->f3174d56-9988-40ec-970b-d447ed545dfb: receive RaftClientReply:client-B22ED198845A->f3174d56-9988-40ec-970b-d447ed545dfb@group-47B82E5F6106, cid=2718, SUCCESS, logIndex=4041, commits[f3174d56-9988-40ec-970b-d447ed545dfb:c4042, 3e713ff3-0d17-449f-90fa-609b20cf4c10:c4040, 34290298-343f-405c-af97-b2d19041b010:c4040]
2019-09-11 09:06:41,600 [grpc-default-executor-4] INFO  client.GrpcClientProtocolClient (GrpcClientProtocolClient.java:onNext(264)) - client-B22ED198845A->f3174d56-9988-40ec-970b-d447ed545dfb: receive RaftClientReply:client-B22ED198845A->f3174d56-9988-40ec-970b-d447ed545dfb@group-47B82E5F6106, cid=2719, SUCCESS, logIndex=4042, commits[f3174d56-9988-40ec-970b-d447ed545dfb:c4042, 3e713ff3-0d17-449f-90fa-609b20cf4c10:c4040, 34290298-343f-405c-af97-b2d19041b010:c4040]
 0.00% |█                                                                                                    |  0/1 Time: 0:00:212019-09-11 09:06:41,616 [grpc-default-executor-1] INFO  client.GrpcClientProtocolClient (GrpcClientProtocolClient.java:onNext(264)) - client-B22ED198845A->f3174d56-9988-40ec-970b-d447ed545dfb: receive RaftClientReply:client-B22ED198845A->f3174d56-9988-40ec-970b-d447ed545dfb@group-47B82E5F6106, cid=2720, SUCCESS, logIndex=4045, commits[f3174d56-9988-40ec-970b-d447ed545dfb:c4046, 3e713ff3-0d17-449f-90fa-609b20cf4c10:c4042, 34290298-343f-405c-af97-b2d19041b010:c4042]
2019-09-11 09:06:41,616 [grpc-default-executor-1] INFO  client.GrpcClientProtocolClient (GrpcClientProtocolClient.java:onNext(264)) - client-B22ED198845A->f3174d56-9988-40ec-970b-d447ed545dfb: receive RaftClientReply:client-B22ED198845A->f3174d56-9988-40ec-970b-d447ed545dfb@group-47B82E5F6106, cid=2721, SUCCESS, logIndex=4046, commits[f3174d56-9988-40ec-970b-d447ed545dfb:c4046, 3e713ff3-0d17-449f-90fa-609b20cf4c10:c4042, 34290298-343f-405c-af97-b2d19041b010:c4042]
2019-09-11 09:06:41,623 [grpc-default-executor-4] INFO  client.GrpcClientProtocolClient (GrpcClientProtocolClient.java:onNext(264)) - client-B22ED198845A->f3174d56-9988-40ec-970b-d447ed545dfb: receive RaftClientReply:client-B22ED198845A->f3174d56-9988-40ec-970b-d447ed545dfb@group-47B82E5F6106, cid=2722, SUCCESS, logIndex=0, commits[f3174d56-9988-40ec-970b-d447ed545dfb:c4048, 3e713ff3-0d17-449f-90fa-609b20cf4c10:c4046, 34290298-343f-405c-af97-b2d19041b010:c4046]
2019-09-11 09:06:41,641 [grpc-default-executor-0] INFO  client.GrpcClientProtocolClient (GrpcClientProtocolClient.java:onNext(264)) - client-B22ED198845A->f3174d56-9988-40ec-970b-d447ed545dfb: receive RaftClientReply:client-B22ED198845A->f3174d56-9988-40ec-970b-d447ed545dfb@group-47B82E5F6106, cid=2723, SUCCESS, logIndex=4049, commits[f3174d56-9988-40ec-970b-d447ed545dfb:c4050, 3e713ff3-0d17-449f-90fa-609b20cf4c10:c4048, 34290298-343f-405c-af97-b2d19041b010:c4046]
2019-09-11 09:06:41,642 [grpc-default-executor-0] INFO  client.GrpcClientProtocolClient (GrpcClientProtocolClient.java:onNext(264)) - client-B22ED198845A->f3174d56-9988-40ec-970b-d447ed545dfb: receive RaftClientReply:client-B22ED198845A->f3174d56-9988-40ec-970b-d447ed545dfb@group-47B82E5F6106, cid=2724, SUCCESS, logIndex=4050, commits[f3174d56-9988-40ec-970b-d447ed545dfb:c4050, 3e713ff3-0d17-449f-90fa-609b20cf4c10:c4048, 34290298-343f-405c-af97-b2d19041b010:c4046]
2019-09-11 09:06:41,642 [grpc-default-executor-0] INFO  client.GrpcClientProtocolClient (GrpcClientProtocolClient.java:onNext(264)) - client-B22ED198845A->f3174d56-9988-40ec-970b-d447ed545dfb: receive RaftClientReply:client-B22ED198845A->f3174d56-9988-40ec-970b-d447ed545dfb@group-47B82E5F6106, cid=2725, SUCCESS, logIndex=4051, commits[f3174d56-9988-40ec-970b-d447ed545dfb:c4051, 3e713ff3-0d17-449f-90fa-609b20cf4c10:c4048, 34290298-343f-405c-af97-b2d19041b010:c4048]
2019-09-11 09:06:41,643 [grpc-default-executor-0] INFO  client.GrpcClientProtocolClient (GrpcClientProtocolClient.java:onNext(264)) - client-B22ED198845A->f3174d56-9988-40ec-970b-d447ed545dfb: receive RaftClientReply:client-B22ED198845A->f3174d56-9988-40ec-970b-d447ed545dfb@group-47B82E5F6106, cid=2726, SUCCESS, logIndex=4052, commits[f3174d56-9988-40ec-970b-d447ed545dfb:c4052, 3e713ff3-0d17-449f-90fa-609b20cf4c10:c4048, 34290298-343f-405c-af97-b2d19041b010:c4048]
2019-09-11 09:06:41,647 [grpc-default-executor-0] INFO  client.GrpcClientProtocolClient (GrpcClientProtocolClient.java:onNext(264)) - client-B22ED198845A->f3174d56-9988-40ec-970b-d447ed545dfb: receive RaftClientReply:client-B22ED198845A->f3174d56-9988-40ec-970b-d447ed545dfb@group-47B82E5F6106, cid=2727, SUCCESS, logIndex=0, commits[f3174d56-9988-40ec-970b-d447ed545dfb:c4053, 3e713ff3-0d17-449f-90fa-609b20cf4c10:c4050, 34290298-343f-405c-af97-b2d19041b010:c4050]
2019-09-11 09:06:41,656 [grpc-default-executor-0] INFO  client.GrpcClientProtocolClient (GrpcClientProtocolClient.java:onNext(264)) - client-B22ED198845A->f3174d56-9988-40ec-970b-d447ed545dfb: receive RaftClientReply:client-B22ED198845A->f3174d56-9988-40ec-970b-d447ed545dfb@group-47B82E5F6106, cid=2728, SUCCESS, logIndex=4057, commits[f3174d56-9988-40ec-970b-d447ed545dfb:c4058, 3e713ff3-0d17-449f-90fa-609b20cf4c10:c4052, 34290298-343f-405c-af97-b2d19041b010:c4056]
2019-09-11 09:06:41,657 [grpc-default-executor-0] INFO  client.GrpcClientProtocolClient (GrpcClientProtocolClient.java:onNext(264)) - client-B22ED198845A->f3174d56-9988-40ec-970b-d447ed545dfb: receive RaftClientReply:client-B22ED198845A->f3174d56-9988-40ec-970b-d447ed545dfb@group-47B82E5F6106, cid=2729, SUCCESS, logIndex=4058, commits[f3174d56-9988-40ec-970b-d447ed545dfb:c4058, 3e713ff3-0d17-449f-90fa-609b20cf4c10:c4056, 34290298-343f-405c-af97-b2d19041b010:c4056]
2019-09-11 09:06:41,683 [grpc-default-executor-0] INFO  client.GrpcClientProtocolClient (GrpcClientProtocolClient.java:onNext(264)) - client-B22ED198845A->f3174d56-9988-40ec-970b-d447ed545dfb: receive RaftClientReply:client-B22ED198845A->f3174d56-9988-40ec-970b-d447ed545dfb@group-47B82E5F6106, cid=2730, SUCCESS, logIndex=4061, commits[f3174d56-9988-40ec-970b-d447ed545dfb:c4062, 3e713ff3-0d17-449f-90fa-609b20cf4c10:c4059, 34290298-343f-405c-af97-b2d19041b010:c4059]
2019-09-11 09:06:41,684 [grpc-default-executor-0] INFO  client.GrpcClientProtocolClient (GrpcClientProtocolClient.java:onNext(264)) - client-B22ED198845A->f3174d56-9988-40ec-970b-d447ed545dfb: receive RaftClientReply:client-B22ED198845A->f3174d56-9988-40ec-970b-d447ed545dfb@group-47B82E5F6106, cid=2731, SUCCESS, logIndex=4062, commits[f3174d56-9988-40ec-970b-d447ed545dfb:c4062, 3e713ff3-0d17-449f-90fa-609b20cf4c10:c4059, 34290298-343f-405c-af97-b2d19041b010:c4059]
2019-09-11 09:06:41,695 [grpc-default-executor-0] INFO  client.GrpcClientProtocolClient (GrpcClientProtocolClient.java:onNext(264)) - client-B22ED198845A->f3174d56-9988-40ec-970b-d447ed545dfb: receive RaftClientReply:client-B22ED198845A->f3174d56-9988-40ec-970b-d447ed545dfb@group-47B82E5F6106, cid=2732, SUCCESS, logIndex=0, commits[f3174d56-9988-40ec-970b-d447ed545dfb:c4063, 3e713ff3-0d17-449f-90fa-609b20cf4c10:c4062, 34290298-343f-405c-af97-b2d19041b010:c4062]
2019-09-11 09:06:41,722 [grpc-default-executor-4] INFO  client.GrpcClientProtocolClient (GrpcClientProtocolClient.java:onNext(264)) - client-B22ED198845A->f3174d56-9988-40ec-970b-d447ed545dfb: receive RaftClientReply:client-B22ED198845A->f3174d56-9988-40ec-970b-d447ed545dfb@group-47B82E5F6106, cid=2733, SUCCESS, logIndex=4065, commits[f3174d56-9988-40ec-970b-d447ed545dfb:c4066, 3e713ff3-0d17-449f-90fa-609b20cf4c10:c4064, 34290298-343f-405c-af97-b2d19041b010:c4064]
2019-09-11 09:06:41,722 [grpc-default-executor-4] INFO  client.GrpcClientProtocolClient (GrpcClientProtocolClient.java:onNext(264)) - client-B22ED198845A->f3174d56-9988-40ec-970b-d447ed545dfb: receive RaftClientReply:client-B22ED198845A->f3174d56-9988-40ec-970b-d447ed545dfb@group-47B82E5F6106, cid=2734, SUCCESS, logIndex=4066, commits[f3174d56-9988-40ec-970b-d447ed545dfb:c4066, 3e713ff3-0d17-449f-90fa-609b20cf4c10:c4064, 34290298-343f-405c-af97-b2d19041b010:c4064]
2019-09-11 09:06:41,735 [grpc-default-executor-4] INFO  client.GrpcClientProtocolClient (GrpcClientProtocolClient.java:onNext(264)) - client-B22ED198845A->f3174d56-9988-40ec-970b-d447ed545dfb: receive RaftClientReply:client-B22ED198845A->f3174d56-9988-40ec-970b-d447ed545dfb@group-47B82E5F6106, cid=2735, SUCCESS, logIndex=4067, commits[f3174d56-9988-40ec-970b-d447ed545dfb:c4068, 3e713ff3-0d17-449f-90fa-609b20cf4c10:c4064, 34290298-343f-405c-af97-b2d19041b010:c4064]
2019-09-11 09:06:41,735 [grpc-default-executor-4] INFO  client.GrpcClientProtocolClient (GrpcClientProtocolClient.java:onNext(264)) - client-B22ED198845A->f3174d56-9988-40ec-970b-d447ed545dfb: receive RaftClientReply:client-B22ED198845A->f3174d56-9988-40ec-970b-d447ed545dfb@group-47B82E5F6106, cid=2736, SUCCESS, logIndex=4068, commits[f3174d56-9988-40ec-970b-d447ed545dfb:c4068, 3e713ff3-0d17-449f-90fa-609b20cf4c10:c4064, 34290298-343f-405c-af97-b2d19041b010:c4064]
2019-09-11 09:06:41,748 [grpc-default-executor-4] INFO  client.GrpcClientProtocolClient (GrpcClientProtocolClient.java:onNext(264)) - client-B22ED198845A->f3174d56-9988-40ec-970b-d447ed545dfb: receive RaftClientReply:client-B22ED198845A->f3174d56-9988-40ec-970b-d447ed545dfb@group-47B82E5F6106, cid=2737, SUCCESS, logIndex=0, commits[f3174d56-9988-40ec-970b-d447ed545dfb:c4070, 3e713ff3-0d17-449f-90fa-609b20cf4c10:c4066, 34290298-343f-405c-af97-b2d19041b010:c4066]
2019-09-11 09:06:41,929 [grpc-default-executor-5] INFO  client.GrpcClientProtocolClient (GrpcClientProtocolClient.java:onNext(264)) - client-B22ED198845A->f3174d56-9988-40ec-970b-d447ed545dfb: receive RaftClientReply:client-B22ED198845A->f3174d56-9988-40ec-970b-d447ed545dfb@group-47B82E5F6106, cid=2738, SUCCESS, logIndex=4073, commits[f3174d56-9988-40ec-970b-d447ed545dfb:c4074, 3e713ff3-0d17-449f-90fa-609b20cf4c10:c4072, 34290298-343f-405c-af97-b2d19041b010:c4072]
2019-09-11 09:06:41,930 [grpc-default-executor-5] INFO  client.GrpcClientProtocolClient (GrpcClientProtocolClient.java:onNext(264)) - client-B22ED198845A->f3174d56-9988-40ec-970b-d447ed545dfb: receive RaftClientReply:client-B22ED198845A->f3174d56-9988-40ec-970b-d447ed545dfb@group-47B82E5F6106, cid=2739, SUCCESS, logIndex=4074, commits[f3174d56-9988-40ec-970b-d447ed545dfb:c4074, 3e713ff3-0d17-449f-90fa-609b20cf4c10:c4072, 34290298-343f-405c-af97-b2d19041b010:c4072]
2019-09-11 09:06:41,954 [grpc-default-executor-5] INFO  client.GrpcClientProtocolClient (GrpcClientProtocolClient.java:onNext(264)) - client-B22ED198845A->f3174d56-9988-40ec-970b-d447ed545dfb: receive RaftClientReply:client-B22ED198845A->f3174d56-9988-40ec-970b-d447ed545dfb@group-47B82E5F6106, cid=2740, SUCCESS, logIndex=4077, commits[f3174d56-9988-40ec-970b-d447ed545dfb:c4078, 3e713ff3-0d17-449f-90fa-609b20cf4c10:c4074, 34290298-343f-405c-af97-b2d19041b010:c4074]
2019-09-11 09:06:41,954 [grpc-default-executor-5] INFO  client.GrpcClientProtocolClient (GrpcClientProtocolClient.java:onNext(264)) - client-B22ED198845A->f3174d56-9988-40ec-970b-d447ed545dfb: receive RaftClientReply:client-B22ED198845A->f3174d56-9988-40ec-970b-d447ed545dfb@group-47B82E5F6106, cid=2741, SUCCESS, logIndex=4078, commits[f3174d56-9988-40ec-970b-d447ed545dfb:c4078, 3e713ff3-0d17-449f-90fa-609b20cf4c10:c4074, 34290298-343f-405c-af97-b2d19041b010:c4074]
2019-09-11 09:06:41,966 [grpc-default-executor-5] INFO  client.GrpcClientProtocolClient (GrpcClientProtocolClient.java:onNext(264)) - client-B22ED198845A->f3174d56-9988-40ec-970b-d447ed545dfb: receive RaftClientReply:client-B22ED198845A->f3174d56-9988-40ec-970b-d447ed545dfb@group-47B82E5F6106, cid=2742, SUCCESS, logIndex=0, commits[f3174d56-9988-40ec-970b-d447ed545dfb:c4079, 3e713ff3-0d17-449f-90fa-609b20cf4c10:c4078, 34290298-343f-405c-af97-b2d19041b010:c4078]
2019-09-11 09:06:41,998 [grpc-default-executor-0] INFO  client.GrpcClientProtocolClient (GrpcClientProtocolClient.java:onNext(264)) - client-B22ED198845A->f3174d56-9988-40ec-970b-d447ed545dfb: receive RaftClientReply:client-B22ED198845A->f3174d56-9988-40ec-970b-d447ed545dfb@group-47B82E5F6106, cid=2743, SUCCESS, logIndex=4081, commits[f3174d56-9988-40ec-970b-d447ed545dfb:c4082, 3e713ff3-0d17-449f-90fa-609b20cf4c10:c4080, 34290298-343f-405c-af97-b2d19041b010:c4080]
2019-09-11 09:06:41,998 [grpc-default-executor-0] INFO  client.GrpcClientProtocolClient (GrpcClientProtocolClient.java:onNext(264)) - client-B22ED198845A->f3174d56-9988-40ec-970b-d447ed545dfb: receive RaftClientReply:client-B22ED198845A->f3174d56-9988-40ec-970b-d447ed545dfb@group-47B82E5F6106, cid=2744, SUCCESS, logIndex=4082, commits[f3174d56-9988-40ec-970b-d447ed545dfb:c4082, 3e713ff3-0d17-449f-90fa-609b20cf4c10:c4080, 34290298-343f-405c-af97-b2d19041b010:c4080]
2019-09-11 09:06:42,011 [grpc-default-executor-1] INFO  client.GrpcClientProtocolClient (GrpcClientProtocolClient.java:onNext(264)) - client-B22ED198845A->f3174d56-9988-40ec-970b-d447ed545dfb: receive RaftClientReply:client-B22ED198845A->f3174d56-9988-40ec-970b-d447ed545dfb@group-47B82E5F6106, cid=2745, SUCCESS, logIndex=4083, commits[f3174d56-9988-40ec-970b-d447ed545dfb:c4084, 3e713ff3-0d17-449f-90fa-609b20cf4c10:c4080, 34290298-343f-405c-af97-b2d19041b010:c4080]
2019-09-11 09:06:42,012 [grpc-default-executor-1] INFO  client.GrpcClientProtocolClient (GrpcClientProtocolClient.java:onNext(264)) - client-B22ED198845A->f3174d56-9988-40ec-970b-d447ed545dfb: receive RaftClientReply:client-B22ED198845A->f3174d56-9988-40ec-970b-d447ed545dfb@group-47B82E5F6106, cid=2746, SUCCESS, logIndex=4084, commits[f3174d56-9988-40ec-970b-d447ed545dfb:c4084, 3e713ff3-0d17-449f-90fa-609b20cf4c10:c4080, 34290298-343f-405c-af97-b2d19041b010:c4080]
2019-09-11 09:06:42,041 [grpc-default-executor-0] INFO  client.GrpcClientProtocolClient (GrpcClientProtocolClient.java:onNext(264)) - client-B22ED198845A->f3174d56-9988-40ec-970b-d447ed545dfb: receive RaftClientReply:client-B22ED198845A->f3174d56-9988-40ec-970b-d447ed545dfb@group-47B82E5F6106, cid=2747, SUCCESS, logIndex=0, commits[f3174d56-9988-40ec-970b-d447ed545dfb:c4086, 3e713ff3-0d17-449f-90fa-609b20cf4c10:c4082, 34290298-343f-405c-af97-b2d19041b010:c4082]
2019-09-11 09:06:42,065 [grpc-default-executor-0] INFO  client.GrpcClientProtocolClient (GrpcClientProtocolClient.java:onNext(264)) - client-B22ED198845A->f3174d56-9988-40ec-970b-d447ed545dfb: receive RaftClientReply:client-B22ED198845A->f3174d56-9988-40ec-970b-d447ed545dfb@group-47B82E5F6106, cid=2748, SUCCESS, logIndex=4089, commits[f3174d56-9988-40ec-970b-d447ed545dfb:c4090, 3e713ff3-0d17-449f-90fa-609b20cf4c10:c4086, 34290298-343f-405c-af97-b2d19041b010:c4086]
2019-09-11 09:06:42,065 [grpc-default-executor-0] INFO  client.GrpcClientProtocolClient (GrpcClientProtocolClient.java:onNext(264)) - client-B22ED198845A->f3174d56-9988-40ec-970b-d447ed545dfb: receive RaftClientReply:client-B22ED198845A->f3174d56-9988-40ec-970b-d447ed545dfb@group-47B82E5F6106, cid=2749, SUCCESS, logIndex=4090, commits[f3174d56-9988-40ec-970b-d447ed545dfb:c4090, 3e713ff3-0d17-449f-90fa-609b20cf4c10:c4086, 34290298-343f-405c-af97-b2d19041b010:c4086]
2019-09-11 09:06:42,092 [grpc-default-executor-5] INFO  client.GrpcClientProtocolClient (GrpcClientProtocolClient.java:onNext(264)) - client-B22ED198845A->f3174d56-9988-40ec-970b-d447ed545dfb: receive RaftClientReply:client-B22ED198845A->f3174d56-9988-40ec-970b-d447ed545dfb@group-47B82E5F6106, cid=2750, SUCCESS, logIndex=4093, commits[f3174d56-9988-40ec-970b-d447ed545dfb:c4093, 3e713ff3-0d17-449f-90fa-609b20cf4c10:c4090, 34290298-343f-405c-af97-b2d19041b010:c4090]
2019-09-11 09:06:42,092 [grpc-default-executor-5] INFO  client.GrpcClientProtocolClient (GrpcClientProtocolClient.java:onNext(264)) - client-B22ED198845A->f3174d56-9988-40ec-970b-d447ed545dfb: receive RaftClientReply:client-B22ED198845A->f3174d56-9988-40ec-970b-d447ed545dfb@group-47B82E5F6106, cid=2751, SUCCESS, logIndex=4094, commits[f3174d56-9988-40ec-970b-d447ed545dfb:c4094, 3e713ff3-0d17-449f-90fa-609b20cf4c10:c4090, 34290298-343f-405c-af97-b2d19041b010:c4090]
2019-09-11 09:06:42,107 [grpc-default-executor-5] INFO  client.GrpcClientProtocolClient (GrpcClientProtocolClient.java:onNext(264)) - client-B22ED198845A->f3174d56-9988-40ec-970b-d447ed545dfb: receive RaftClientReply:client-B22ED198845A->f3174d56-9988-40ec-970b-d447ed545dfb@group-47B82E5F6106, cid=2752, SUCCESS, logIndex=0, commits[f3174d56-9988-40ec-970b-d447ed545dfb:c4096, 3e713ff3-0d17-449f-90fa-609b20cf4c10:c4094, 34290298-343f-405c-af97-b2d19041b010:c4094]
2019-09-11 09:06:42,128 [grpc-default-executor-5] INFO  client.GrpcClientProtocolClient (GrpcClientProtocolClient.java:onNext(264)) - client-B22ED198845A->f3174d56-9988-40ec-970b-d447ed545dfb: receive RaftClientReply:client-B22ED198845A->f3174d56-9988-40ec-970b-d447ed545dfb@group-47B82E5F6106, cid=2753, SUCCESS, logIndex=4097, commits[f3174d56-9988-40ec-970b-d447ed545dfb:c4098, 3e713ff3-0d17-449f-90fa-609b20cf4c10:c4094, 34290298-343f-405c-af97-b2d19041b010:c4096]
2019-09-11 09:06:42,128 [grpc-default-executor-5] INFO  client.GrpcClientProtocolClient (GrpcClientProtocolClient.java:onNext(264)) - client-B22ED198845A->f3174d56-9988-40ec-970b-d447ed545dfb: receive RaftClientReply:client-B22ED198845A->f3174d56-9988-40ec-970b-d447ed545dfb@group-47B82E5F6106, cid=2754, SUCCESS, logIndex=4098, commits[f3174d56-9988-40ec-970b-d447ed545dfb:c4098, 3e713ff3-0d17-449f-90fa-609b20cf4c10:c4094, 34290298-343f-405c-af97-b2d19041b010:c4096]
2019-09-11 09:06:42,131 [grpc-default-executor-0] INFO  client.GrpcClientProtocolClient (GrpcClientProtocolClient.java:onNext(264)) - client-B22ED198845A->f3174d56-9988-40ec-970b-d447ed545dfb: receive RaftClientReply:client-B22ED198845A->f3174d56-9988-40ec-970b-d447ed545dfb@group-47B82E5F6106, cid=2755, SUCCESS, logIndex=4099, commits[f3174d56-9988-40ec-970b-d447ed545dfb:c4100, 3e713ff3-0d17-449f-90fa-609b20cf4c10:c4096, 34290298-343f-405c-af97-b2d19041b010:c4096]
2019-09-11 09:06:42,131 [grpc-default-executor-0] INFO  client.GrpcClientProtocolClient (GrpcClientProtocolClient.java:onNext(264)) - client-B22ED198845A->f3174d56-9988-40ec-970b-d447ed545dfb: receive RaftClientReply:client-B22ED198845A->f3174d56-9988-40ec-970b-d447ed545dfb@group-47B82E5F6106, cid=2756, SUCCESS, logIndex=4100, commits[f3174d56-9988-40ec-970b-d447ed545dfb:c4100, 3e713ff3-0d17-449f-90fa-609b20cf4c10:c4096, 34290298-343f-405c-af97-b2d19041b010:c4098]
2019-09-11 09:06:42,133 [grpc-default-executor-0] INFO  client.GrpcClientProtocolClient (GrpcClientProtocolClient.java:onNext(264)) - client-B22ED198845A->f3174d56-9988-40ec-970b-d447ed545dfb: receive RaftClientReply:client-B22ED198845A->f3174d56-9988-40ec-970b-d447ed545dfb@group-47B82E5F6106, cid=2757, SUCCESS, logIndex=0, commits[f3174d56-9988-40ec-970b-d447ed545dfb:c4102, 3e713ff3-0d17-449f-90fa-609b20cf4c10:c4098, 34290298-343f-405c-af97-b2d19041b010:c4098]
2019-09-11 09:06:42,144 [grpc-default-executor-5] INFO  client.GrpcClientProtocolClient (GrpcClientProtocolClient.java:onNext(264)) - client-B22ED198845A->f3174d56-9988-40ec-970b-d447ed545dfb: receive RaftClientReply:client-B22ED198845A->f3174d56-9988-40ec-970b-d447ed545dfb@group-47B82E5F6106, cid=2758, SUCCESS, logIndex=4105, commits[f3174d56-9988-40ec-970b-d447ed545dfb:c4106, 3e713ff3-0d17-449f-90fa-609b20cf4c10:c4104, 34290298-343f-405c-af97-b2d19041b010:c4104]
2019-09-11 09:06:42,144 [grpc-default-executor-5] INFO  client.GrpcClientProtocolClient (GrpcClientProtocolClient.java:onNext(264)) - client-B22ED198845A->f3174d56-9988-40ec-970b-d447ed545dfb: receive RaftClientReply:client-B22ED198845A->f3174d56-9988-40ec-970b-d447ed545dfb@group-47B82E5F6106, cid=2759, SUCCESS, logIndex=4106, commits[f3174d56-9988-40ec-970b-d447ed545dfb:c4106, 3e713ff3-0d17-449f-90fa-609b20cf4c10:c4104, 34290298-343f-405c-af97-b2d19041b010:c4104]
2019-09-11 09:06:42,160 [grpc-default-executor-0] INFO  client.GrpcClientProtocolClient (GrpcClientProtocolClient.java:onNext(264)) - client-B22ED198845A->f3174d56-9988-40ec-970b-d447ed545dfb: receive RaftClientReply:client-B22ED198845A->f3174d56-9988-40ec-970b-d447ed545dfb@group-47B82E5F6106, cid=2760, SUCCESS, logIndex=4109, commits[f3174d56-9988-40ec-970b-d447ed545dfb:c4110, 3e713ff3-0d17-449f-90fa-609b20cf4c10:c4107, 34290298-343f-405c-af97-b2d19041b010:c4107]
2019-09-11 09:06:42,161 [grpc-default-executor-0] INFO  client.GrpcClientProtocolClient (GrpcClientProtocolClient.java:onNext(264)) - client-B22ED198845A->f3174d56-9988-40ec-970b-d447ed545dfb: receive RaftClientReply:client-B22ED198845A->f3174d56-9988-40ec-970b-d447ed545dfb@group-47B82E5F6106, cid=2761, SUCCESS, logIndex=4110, commits[f3174d56-9988-40ec-970b-d447ed545dfb:c4110, 3e713ff3-0d17-449f-90fa-609b20cf4c10:c4107, 34290298-343f-405c-af97-b2d19041b010:c4107]
2019-09-11 09:06:42,165 [grpc-default-executor-0] INFO  client.GrpcClientProtocolClient (GrpcClientProtocolClient.java:onNext(264)) - client-B22ED198845A->f3174d56-9988-40ec-970b-d447ed545dfb: receive RaftClientReply:client-B22ED198845A->f3174d56-9988-40ec-970b-d447ed545dfb@group-47B82E5F6106, cid=2762, SUCCESS, logIndex=0, commits[f3174d56-9988-40ec-970b-d447ed545dfb:c4112, 3e713ff3-0d17-449f-90fa-609b20cf4c10:c4110, 34290298-343f-405c-af97-b2d19041b010:c4110]
2019-09-11 09:06:42,191 [grpc-default-executor-0] INFO  client.GrpcClientProtocolClient (GrpcClientProtocolClient.java:onNext(264)) - client-B22ED198845A->f3174d56-9988-40ec-970b-d447ed545dfb: receive RaftClientReply:client-B22ED198845A->f3174d56-9988-40ec-970b-d447ed545dfb@group-47B82E5F6106, cid=2763, SUCCESS, logIndex=4113, commits[f3174d56-9988-40ec-970b-d447ed545dfb:c4116, 3e713ff3-0d17-449f-90fa-609b20cf4c10:c4112, 34290298-343f-405c-af97-b2d19041b010:c4112]
2019-09-11 09:06:42,192 [grpc-default-executor-0] INFO  client.GrpcClientProtocolClient (GrpcClientProtocolClient.java:onNext(264)) - client-B22ED198845A->f3174d56-9988-40ec-970b-d447ed545dfb: receive RaftClientReply:client-B22ED198845A->f3174d56-9988-40ec-970b-d447ed545dfb@group-47B82E5F6106, cid=2764, SUCCESS, logIndex=4114, commits[f3174d56-9988-40ec-970b-d447ed545dfb:c4116, 3e713ff3-0d17-449f-90fa-609b20cf4c10:c4112, 34290298-343f-405c-af97-b2d19041b010:c4112]
2019-09-11 09:06:42,192 [grpc-default-executor-0] INFO  client.GrpcClientProtocolClient (GrpcClientProtocolClient.java:onNext(264)) - client-B22ED198845A->f3174d56-9988-40ec-970b-d447ed545dfb: receive RaftClientReply:client-B22ED198845A->f3174d56-9988-40ec-970b-d447ed545dfb@group-47B82E5F6106, cid=2765, SUCCESS, logIndex=4115, commits[f3174d56-9988-40ec-970b-d447ed545dfb:c4116, 3e713ff3-0d17-449f-90fa-609b20cf4c10:c4112, 34290298-343f-405c-af97-b2d19041b010:c4112]
2019-09-11 09:06:42,192 [grpc-default-executor-0] INFO  client.GrpcClientProtocolClient (GrpcClientProtocolClient.java:onNext(264)) - client-B22ED198845A->f3174d56-9988-40ec-970b-d447ed545dfb: receive RaftClientReply:client-B22ED198845A->f3174d56-9988-40ec-970b-d447ed545dfb@group-47B82E5F6106, cid=2766, SUCCESS, logIndex=4116, commits[f3174d56-9988-40ec-970b-d447ed545dfb:c4116, 3e713ff3-0d17-449f-90fa-609b20cf4c10:c4112, 34290298-343f-405c-af97-b2d19041b010:c4112]
2019-09-11 09:06:42,209 [grpc-default-executor-0] INFO  client.GrpcClientProtocolClient (GrpcClientProtocolClient.java:onNext(264)) - client-B22ED198845A->f3174d56-9988-40ec-970b-d447ed545dfb: receive RaftClientReply:client-B22ED198845A->f3174d56-9988-40ec-970b-d447ed545dfb@group-47B82E5F6106, cid=2767, SUCCESS, logIndex=0, commits[f3174d56-9988-40ec-970b-d447ed545dfb:c4117, 3e713ff3-0d17-449f-90fa-609b20cf4c10:c4114, 34290298-343f-405c-af97-b2d19041b010:c4114]
2019-09-11 09:06:42,230 [grpc-default-executor-0] INFO  client.GrpcClientProtocolClient (GrpcClientProtocolClient.java:onNext(264)) - client-B22ED198845A->f3174d56-9988-40ec-970b-d447ed545dfb: receive RaftClientReply:client-B22ED198845A->f3174d56-9988-40ec-970b-d447ed545dfb@group-47B82E5F6106, cid=2768, SUCCESS, logIndex=4120, commits[f3174d56-9988-40ec-970b-d447ed545dfb:c4121, 3e713ff3-0d17-449f-90fa-609b20cf4c10:c4119, 34290298-343f-405c-af97-b2d19041b010:c4116]
2019-09-11 09:06:42,230 [grpc-default-executor-0] INFO  client.GrpcClientProtocolClient (GrpcClientProtocolClient.java:onNext(264)) - client-B22ED198845A->f3174d56-9988-40ec-970b-d447ed545dfb: receive RaftClientReply:client-B22ED198845A->f3174d56-9988-40ec-970b-d447ed545dfb@group-47B82E5F6106, cid=2769, SUCCESS, logIndex=4121, commits[f3174d56-9988-40ec-970b-d447ed545dfb:c4121, 3e713ff3-0d17-449f-90fa-609b20cf4c10:c4119, 34290298-343f-405c-af97-b2d19041b010:c4119]
2019-09-11 09:06:42,258 [grpc-default-executor-0] INFO  client.GrpcClientProtocolClient (GrpcClientProtocolClient.java:onNext(264)) - client-B22ED198845A->f3174d56-9988-40ec-970b-d447ed545dfb: receive RaftClientReply:client-B22ED198845A->f3174d56-9988-40ec-970b-d447ed545dfb@group-47B82E5F6106, cid=2770, SUCCESS, logIndex=4124, commits[f3174d56-9988-40ec-970b-d447ed545dfb:c4125, 3e713ff3-0d17-449f-90fa-609b20cf4c10:c4122, 34290298-343f-405c-af97-b2d19041b010:c4122]
2019-09-11 09:06:42,258 [grpc-default-executor-0] INFO  client.GrpcClientProtocolClient (GrpcClientProtocolClient.java:onNext(264)) - client-B22ED198845A->f3174d56-9988-40ec-970b-d447ed545dfb: receive RaftClientReply:client-B22ED198845A->f3174d56-9988-40ec-970b-d447ed545dfb@group-47B82E5F6106, cid=2771, SUCCESS, logIndex=4125, commits[f3174d56-9988-40ec-970b-d447ed545dfb:c4125, 3e713ff3-0d17-449f-90fa-609b20cf4c10:c4122, 34290298-343f-405c-af97-b2d19041b010:c4122]
2019-09-11 09:06:42,271 [grpc-default-executor-5] INFO  client.GrpcClientProtocolClient (GrpcClientProtocolClient.java:onNext(264)) - client-B22ED198845A->f3174d56-9988-40ec-970b-d447ed545dfb: receive RaftClientReply:client-B22ED198845A->f3174d56-9988-40ec-970b-d447ed545dfb@group-47B82E5F6106, cid=2772, SUCCESS, logIndex=0, commits[f3174d56-9988-40ec-970b-d447ed545dfb:c4126, 3e713ff3-0d17-449f-90fa-609b20cf4c10:c4125, 34290298-343f-405c-af97-b2d19041b010:c4125]
2019-09-11 09:06:42,302 [grpc-default-executor-4] INFO  client.GrpcClientProtocolClient (GrpcClientProtocolClient.java:onNext(264)) - client-B22ED198845A->f3174d56-9988-40ec-970b-d447ed545dfb: receive RaftClientReply:client-B22ED198845A->f3174d56-9988-40ec-970b-d447ed545dfb@group-47B82E5F6106, cid=2773, SUCCESS, logIndex=4128, commits[f3174d56-9988-40ec-970b-d447ed545dfb:c4129, 3e713ff3-0d17-449f-90fa-609b20cf4c10:c4127, 34290298-343f-405c-af97-b2d19041b010:c4127]
2019-09-11 09:06:42,303 [grpc-default-executor-4] INFO  client.GrpcClientProtocolClient (GrpcClientProtocolClient.java:onNext(264)) - client-B22ED198845A->f3174d56-9988-40ec-970b-d447ed545dfb: receive RaftClientReply:client-B22ED198845A->f3174d56-9988-40ec-970b-d447ed545dfb@group-47B82E5F6106, cid=2774, SUCCESS, logIndex=4129, commits[f3174d56-9988-40ec-970b-d447ed545dfb:c4129, 3e713ff3-0d17-449f-90fa-609b20cf4c10:c4127, 34290298-343f-405c-af97-b2d19041b010:c4127]
2019-09-11 09:06:42,315 [grpc-default-executor-4] INFO  client.GrpcClientProtocolClient (GrpcClientProtocolClient.java:onNext(264)) - client-B22ED198845A->f3174d56-9988-40ec-970b-d447ed545dfb: receive RaftClientReply:client-B22ED198845A->f3174d56-9988-40ec-970b-d447ed545dfb@group-47B82E5F6106, cid=2775, SUCCESS, logIndex=4130, commits[f3174d56-9988-40ec-970b-d447ed545dfb:c4131, 3e713ff3-0d17-449f-90fa-609b20cf4c10:c4127, 34290298-343f-405c-af97-b2d19041b010:c4127]
2019-09-11 09:06:42,316 [grpc-default-executor-4] INFO  client.GrpcClientProtocolClient (GrpcClientProtocolClient.java:onNext(264)) - client-B22ED198845A->f3174d56-9988-40ec-970b-d447ed545dfb: receive RaftClientReply:client-B22ED198845A->f3174d56-9988-40ec-970b-d447ed545dfb@group-47B82E5F6106, cid=2776, SUCCESS, logIndex=4131, commits[f3174d56-9988-40ec-970b-d447ed545dfb:c4131, 3e713ff3-0d17-449f-90fa-609b20cf4c10:c4127, 34290298-343f-405c-af97-b2d19041b010:c4127]
2019-09-11 09:06:42,328 [grpc-default-executor-4] INFO  client.GrpcClientProtocolClient (GrpcClientProtocolClient.java:onNext(264)) - client-B22ED198845A->f3174d56-9988-40ec-970b-d447ed545dfb: receive RaftClientReply:client-B22ED198845A->f3174d56-9988-40ec-970b-d447ed545dfb@group-47B82E5F6106, cid=2777, SUCCESS, logIndex=0, commits[f3174d56-9988-40ec-970b-d447ed545dfb:c4132, 3e713ff3-0d17-449f-90fa-609b20cf4c10:c4129, 34290298-343f-405c-af97-b2d19041b010:c4129]
2019-09-11 09:06:42,353 [grpc-default-executor-4] INFO  client.GrpcClientProtocolClient (GrpcClientProtocolClient.java:onNext(264)) - client-B22ED198845A->f3174d56-9988-40ec-970b-d447ed545dfb: receive RaftClientReply:client-B22ED198845A->f3174d56-9988-40ec-970b-d447ed545dfb@group-47B82E5F6106, cid=2778, SUCCESS, logIndex=4136, commits[f3174d56-9988-40ec-970b-d447ed545dfb:c4137, 3e713ff3-0d17-449f-90fa-609b20cf4c10:c4133, 34290298-343f-405c-af97-b2d19041b010:c4133]
2019-09-11 09:06:42,354 [grpc-default-executor-4] INFO  client.GrpcClientProtocolClient (GrpcClientProtocolClient.java:onNext(264)) - client-B22ED198845A->f3174d56-9988-40ec-970b-d447ed545dfb: receive RaftClientReply:client-B22ED198845A->f3174d56-9988-40ec-970b-d447ed545dfb@group-47B82E5F6106, cid=2779, SUCCESS, logIndex=4137, commits[f3174d56-9988-40ec-970b-d447ed545dfb:c4137, 3e713ff3-0d17-449f-90fa-609b20cf4c10:c4133, 34290298-343f-405c-af97-b2d19041b010:c4133]
2019-09-11 09:06:42,365 [grpc-default-executor-5] INFO  client.GrpcClientProtocolClient (GrpcClientProtocolClient.java:onNext(264)) - client-B22ED198845A->f3174d56-9988-40ec-970b-d447ed545dfb: receive RaftClientReply:client-B22ED198845A->f3174d56-9988-40ec-970b-d447ed545dfb@group-47B82E5F6106, cid=2780, SUCCESS, logIndex=4140, commits[f3174d56-9988-40ec-970b-d447ed545dfb:c4141, 3e713ff3-0d17-449f-90fa-609b20cf4c10:c4138, 34290298-343f-405c-af97-b2d19041b010:c4137]
2019-09-11 09:06:42,365 [grpc-default-executor-5] INFO  client.GrpcClientProtocolClient (GrpcClientProtocolClient.java:onNext(264)) - client-B22ED198845A->f3174d56-9988-40ec-970b-d447ed545dfb: receive RaftClientReply:client-B22ED198845A->f3174d56-9988-40ec-970b-d447ed545dfb@group-47B82E5F6106, cid=2781, SUCCESS, logIndex=4141, commits[f3174d56-9988-40ec-970b-d447ed545dfb:c4141, 3e713ff3-0d17-449f-90fa-609b20cf4c10:c4138, 34290298-343f-405c-af97-b2d19041b010:c4138]
2019-09-11 09:06:42,368 [grpc-default-executor-5] INFO  client.GrpcClientProtocolClient (GrpcClientProtocolClient.java:onNext(264)) - client-B22ED198845A->f3174d56-9988-40ec-970b-d447ed545dfb: receive RaftClientReply:client-B22ED198845A->f3174d56-9988-40ec-970b-d447ed545dfb@group-47B82E5F6106, cid=2782, SUCCESS, logIndex=0, commits[f3174d56-9988-40ec-970b-d447ed545dfb:c4142, 3e713ff3-0d17-449f-90fa-609b20cf4c10:c4141, 34290298-343f-405c-af97-b2d19041b010:c4141]
2019-09-11 09:06:42,392 [grpc-default-executor-1] INFO  client.GrpcClientProtocolClient (GrpcClientProtocolClient.java:onNext(264)) - client-B22ED198845A->f3174d56-9988-40ec-970b-d447ed545dfb: receive RaftClientReply:client-B22ED198845A->f3174d56-9988-40ec-970b-d447ed545dfb@group-47B82E5F6106, cid=2783, SUCCESS, logIndex=4144, commits[f3174d56-9988-40ec-970b-d447ed545dfb:c4147, 3e713ff3-0d17-449f-90fa-609b20cf4c10:c4141, 34290298-343f-405c-af97-b2d19041b010:c4143]
2019-09-11 09:06:42,393 [grpc-default-executor-5] INFO  client.GrpcClientProtocolClient (GrpcClientProtocolClient.java:onNext(264)) - client-B22ED198845A->f3174d56-9988-40ec-970b-d447ed545dfb: receive RaftClientReply:client-B22ED198845A->f3174d56-9988-40ec-970b-d447ed545dfb@group-47B82E5F6106, cid=2784, SUCCESS, logIndex=4145, commits[f3174d56-9988-40ec-970b-d447ed545dfb:c4147, 3e713ff3-0d17-449f-90fa-609b20cf4c10:c4143, 34290298-343f-405c-af97-b2d19041b010:c4143]
2019-09-11 09:06:42,394 [grpc-default-executor-5] INFO  client.GrpcClientProtocolClient (GrpcClientProtocolClient.java:onNext(264)) - client-B22ED198845A->f3174d56-9988-40ec-970b-d447ed545dfb: receive RaftClientReply:client-B22ED198845A->f3174d56-9988-40ec-970b-d447ed545dfb@group-47B82E5F6106, cid=2785, SUCCESS, logIndex=4146, commits[f3174d56-9988-40ec-970b-d447ed545dfb:c4147, 3e713ff3-0d17-449f-90fa-609b20cf4c10:c4143, 34290298-343f-405c-af97-b2d19041b010:c4143]
2019-09-11 09:06:42,394 [grpc-default-executor-5] INFO  client.GrpcClientProtocolClient (GrpcClientProtocolClient.java:onNext(264)) - client-B22ED198845A->f3174d56-9988-40ec-970b-d447ed545dfb: receive RaftClientReply:client-B22ED198845A->f3174d56-9988-40ec-970b-d447ed545dfb@group-47B82E5F6106, cid=2786, SUCCESS, logIndex=4147, commits[f3174d56-9988-40ec-970b-d447ed545dfb:c4147, 3e713ff3-0d17-449f-90fa-609b20cf4c10:c4143, 34290298-343f-405c-af97-b2d19041b010:c4143]
2019-09-11 09:06:42,395 [grpc-default-executor-5] INFO  client.GrpcClientProtocolClient (GrpcClientProtocolClient.java:onNext(264)) - client-B22ED198845A->f3174d56-9988-40ec-970b-d447ed545dfb: receive RaftClientReply:client-B22ED198845A->f3174d56-9988-40ec-970b-d447ed545dfb@group-47B82E5F6106, cid=2787, SUCCESS, logIndex=0, commits[f3174d56-9988-40ec-970b-d447ed545dfb:c4151, 3e713ff3-0d17-449f-90fa-609b20cf4c10:c4147, 34290298-343f-405c-af97-b2d19041b010:c4147]
2019-09-11 09:06:42,405 [grpc-default-executor-4] INFO  client.GrpcClientProtocolClient (GrpcClientProtocolClient.java:onNext(264)) - client-B22ED198845A->f3174d56-9988-40ec-970b-d447ed545dfb: receive RaftClientReply:client-B22ED198845A->f3174d56-9988-40ec-970b-d447ed545dfb@group-47B82E5F6106, cid=2788, SUCCESS, logIndex=4152, commits[f3174d56-9988-40ec-970b-d447ed545dfb:c4153, 3e713ff3-0d17-449f-90fa-609b20cf4c10:c4151, 34290298-343f-405c-af97-b2d19041b010:c4147]
2019-09-11 09:06:42,405 [grpc-default-executor-4] INFO  client.GrpcClientProtocolClient (GrpcClientProtocolClient.java:onNext(264)) - client-B22ED198845A->f3174d56-9988-40ec-970b-d447ed545dfb: receive RaftClientReply:client-B22ED198845A->f3174d56-9988-40ec-970b-d447ed545dfb@group-47B82E5F6106, cid=2789, SUCCESS, logIndex=4153, commits[f3174d56-9988-40ec-970b-d447ed545dfb:c4153, 3e713ff3-0d17-449f-90fa-609b20cf4c10:c4151, 34290298-343f-405c-af97-b2d19041b010:c4151]
2019-09-11 09:06:42,416 [grpc-default-executor-4] INFO  client.GrpcClientProtocolClient (GrpcClientProtocolClient.java:onNext(264)) - client-B22ED198845A->f3174d56-9988-40ec-970b-d447ed545dfb: receive RaftClientReply:client-B22ED198845A->f3174d56-9988-40ec-970b-d447ed545dfb@group-47B82E5F6106, cid=2790, SUCCESS, logIndex=4156, commits[f3174d56-9988-40ec-970b-d447ed545dfb:c4157, 3e713ff3-0d17-449f-90fa-609b20cf4c10:c4154, 34290298-343f-405c-af97-b2d19041b010:c4153]
2019-09-11 09:06:42,416 [grpc-default-executor-4] INFO  client.GrpcClientProtocolClient (GrpcClientProtocolClient.java:onNext(264)) - client-B22ED198845A->f3174d56-9988-40ec-970b-d447ed545dfb: receive RaftClientReply:client-B22ED198845A->f3174d56-9988-40ec-970b-d447ed545dfb@group-47B82E5F6106, cid=2791, SUCCESS, logIndex=4157, commits[f3174d56-9988-40ec-970b-d447ed545dfb:c4157, 3e713ff3-0d17-449f-90fa-609b20cf4c10:c4154, 34290298-343f-405c-af97-b2d19041b010:c4154]
2019-09-11 09:06:42,420 [grpc-default-executor-4] INFO  client.GrpcClientProtocolClient (GrpcClientProtocolClient.java:onNext(264)) - client-B22ED198845A->f3174d56-9988-40ec-970b-d447ed545dfb: receive RaftClientReply:client-B22ED198845A->f3174d56-9988-40ec-970b-d447ed545dfb@group-47B82E5F6106, cid=2792, SUCCESS, logIndex=0, commits[f3174d56-9988-40ec-970b-d447ed545dfb:c4159, 3e713ff3-0d17-449f-90fa-609b20cf4c10:c4157, 34290298-343f-405c-af97-b2d19041b010:c4157]
2019-09-11 09:06:42,455 [grpc-default-executor-4] INFO  client.GrpcClientProtocolClient (GrpcClientProtocolClient.java:onNext(264)) - client-B22ED198845A->f3174d56-9988-40ec-970b-d447ed545dfb: receive RaftClientReply:client-B22ED198845A->f3174d56-9988-40ec-970b-d447ed545dfb@group-47B82E5F6106, cid=2793, SUCCESS, logIndex=4160, commits[f3174d56-9988-40ec-970b-d447ed545dfb:c4161, 3e713ff3-0d17-449f-90fa-609b20cf4c10:c4159, 34290298-343f-405c-af97-b2d19041b010:c4157]
2019-09-11 09:06:42,456 [grpc-default-executor-5] INFO  client.GrpcClientProtocolClient (GrpcClientProtocolClient.java:onNext(264)) - client-B22ED198845A->f3174d56-9988-40ec-970b-d447ed545dfb: receive RaftClientReply:client-B22ED198845A->f3174d56-9988-40ec-970b-d447ed545dfb@group-47B82E5F6106, cid=2794, SUCCESS, logIndex=4161, commits[f3174d56-9988-40ec-970b-d447ed545dfb:c4163, 3e713ff3-0d17-449f-90fa-609b20cf4c10:c4159, 34290298-343f-405c-af97-b2d19041b010:c4159]
2019-09-11 09:06:42,456 [grpc-default-executor-5] INFO  client.GrpcClientProtocolClient (GrpcClientProtocolClient.java:onNext(264)) - client-B22ED198845A->f3174d56-9988-40ec-970b-d447ed545dfb: receive RaftClientReply:client-B22ED198845A->f3174d56-9988-40ec-970b-d447ed545dfb@group-47B82E5F6106, cid=2795, SUCCESS, logIndex=4162, commits[f3174d56-9988-40ec-970b-d447ed545dfb:c4163, 3e713ff3-0d17-449f-90fa-609b20cf4c10:c4159, 34290298-343f-405c-af97-b2d19041b010:c4159]
2019-09-11 09:06:42,457 [grpc-default-executor-5] INFO  client.GrpcClientProtocolClient (GrpcClientProtocolClient.java:onNext(264)) - client-B22ED198845A->f3174d56-9988-40ec-970b-d447ed545dfb: receive RaftClientReply:client-B22ED198845A->f3174d56-9988-40ec-970b-d447ed545dfb@group-47B82E5F6106, cid=2796, SUCCESS, logIndex=4163, commits[f3174d56-9988-40ec-970b-d447ed545dfb:c4163, 3e713ff3-0d17-449f-90fa-609b20cf4c10:c4159, 34290298-343f-405c-af97-b2d19041b010:c4159]
2019-09-11 09:06:42,458 [grpc-default-executor-5] INFO  client.GrpcClientProtocolClient (GrpcClientProtocolClient.java:onNext(264)) - client-B22ED198845A->f3174d56-9988-40ec-970b-d447ed545dfb: receive RaftClientReply:client-B22ED198845A->f3174d56-9988-40ec-970b-d447ed545dfb@group-47B82E5F6106, cid=2797, SUCCESS, logIndex=0, commits[f3174d56-9988-40ec-970b-d447ed545dfb:c4164, 3e713ff3-0d17-449f-90fa-609b20cf4c10:c4161, 34290298-343f-405c-af97-b2d19041b010:c4161]
2019-09-11 09:06:42,475 [grpc-default-executor-5] INFO  client.GrpcClientProtocolClient (GrpcClientProtocolClient.java:onNext(264)) - client-B22ED198845A->f3174d56-9988-40ec-970b-d447ed545dfb: receive RaftClientReply:client-B22ED198845A->f3174d56-9988-40ec-970b-d447ed545dfb@group-47B82E5F6106, cid=2798, SUCCESS, logIndex=4167, commits[f3174d56-9988-40ec-970b-d447ed545dfb:c4168, 3e713ff3-0d17-449f-90fa-609b20cf4c10:c4166, 34290298-343f-405c-af97-b2d19041b010:c4166]
2019-09-11 09:06:42,475 [grpc-default-executor-5] INFO  client.GrpcClientProtocolClient (GrpcClientProtocolClient.java:onNext(264)) - client-B22ED198845A->f3174d56-9988-40ec-970b-d447ed545dfb: receive RaftClientReply:client-B22ED198845A->f3174d56-9988-40ec-970b-d447ed545dfb@group-47B82E5F6106, cid=2799, SUCCESS, logIndex=4168, commits[f3174d56-9988-40ec-970b-d447ed545dfb:c4168, 3e713ff3-0d17-449f-90fa-609b20cf4c10:c4166, 34290298-343f-405c-af97-b2d19041b010:c4166]
2019-09-11 09:06:42,489 [grpc-default-executor-4] INFO  client.GrpcClientProtocolClient (GrpcClientProtocolClient.java:onNext(264)) - client-B22ED198845A->f3174d56-9988-40ec-970b-d447ed545dfb: receive RaftClientReply:client-B22ED198845A->f3174d56-9988-40ec-970b-d447ed545dfb@group-47B82E5F6106, cid=2800, SUCCESS, logIndex=4171, commits[f3174d56-9988-40ec-970b-d447ed545dfb:c4171, 3e713ff3-0d17-449f-90fa-609b20cf4c10:c4168, 34290298-343f-405c-af97-b2d19041b010:c4168]
2019-09-11 09:06:42,489 [grpc-default-executor-4] INFO  client.GrpcClientProtocolClient (GrpcClientProtocolClient.java:onNext(264)) - client-B22ED198845A->f3174d56-9988-40ec-970b-d447ed545dfb: receive RaftClientReply:client-B22ED198845A->f3174d56-9988-40ec-970b-d447ed545dfb@group-47B82E5F6106, cid=2801, SUCCESS, logIndex=4172, commits[f3174d56-9988-40ec-970b-d447ed545dfb:c4172, 3e713ff3-0d17-449f-90fa-609b20cf4c10:c4168, 34290298-343f-405c-af97-b2d19041b010:c4168]
2019-09-11 09:06:42,503 [grpc-default-executor-4] INFO  client.GrpcClientProtocolClient (GrpcClientProtocolClient.java:onNext(264)) - client-B22ED198845A->f3174d56-9988-40ec-970b-d447ed545dfb: receive RaftClientReply:client-B22ED198845A->f3174d56-9988-40ec-970b-d447ed545dfb@group-47B82E5F6106, cid=2802, SUCCESS, logIndex=0, commits[f3174d56-9988-40ec-970b-d447ed545dfb:c4174, 3e713ff3-0d17-449f-90fa-609b20cf4c10:c4172, 34290298-343f-405c-af97-b2d19041b010:c4172]
2019-09-11 09:06:42,531 [grpc-default-executor-0] INFO  client.GrpcClientProtocolClient (GrpcClientProtocolClient.java:onNext(264)) - client-B22ED198845A->f3174d56-9988-40ec-970b-d447ed545dfb: receive RaftClientReply:client-B22ED198845A->f3174d56-9988-40ec-970b-d447ed545dfb@group-47B82E5F6106, cid=2803, SUCCESS, logIndex=4175, commits[f3174d56-9988-40ec-970b-d447ed545dfb:c4176, 3e713ff3-0d17-449f-90fa-609b20cf4c10:c4174, 34290298-343f-405c-af97-b2d19041b010:c4174]
2019-09-11 09:06:42,532 [grpc-default-executor-0] INFO  client.GrpcClientProtocolClient (GrpcClientProtocolClient.java:onNext(264)) - client-B22ED198845A->f3174d56-9988-40ec-970b-d447ed545dfb: receive RaftClientReply:client-B22ED198845A->f3174d56-9988-40ec-970b-d447ed545dfb@group-47B82E5F6106, cid=2804, SUCCESS, logIndex=4176, commits[f3174d56-9988-40ec-970b-d447ed545dfb:c4178, 3e713ff3-0d17-449f-90fa-609b20cf4c10:c4174, 34290298-343f-405c-af97-b2d19041b010:c4174]
2019-09-11 09:06:42,532 [grpc-default-executor-0] INFO  client.GrpcClientProtocolClient (GrpcClientProtocolClient.java:onNext(264)) - client-B22ED198845A->f3174d56-9988-40ec-970b-d447ed545dfb: receive RaftClientReply:client-B22ED198845A->f3174d56-9988-40ec-970b-d447ed545dfb@group-47B82E5F6106, cid=2805, SUCCESS, logIndex=4177, commits[f3174d56-9988-40ec-970b-d447ed545dfb:c4178, 3e713ff3-0d17-449f-90fa-609b20cf4c10:c4174, 34290298-343f-405c-af97-b2d19041b010:c4174]
2019-09-11 09:06:42,532 [grpc-default-executor-0] INFO  client.GrpcClientProtocolClient (GrpcClientProtocolClient.java:onNext(264)) - client-B22ED198845A->f3174d56-9988-40ec-970b-d447ed545dfb: receive RaftClientReply:client-B22ED198845A->f3174d56-9988-40ec-970b-d447ed545dfb@group-47B82E5F6106, cid=2806, SUCCESS, logIndex=4178, commits[f3174d56-9988-40ec-970b-d447ed545dfb:c4178, 3e713ff3-0d17-449f-90fa-609b20cf4c10:c4174, 34290298-343f-405c-af97-b2d19041b010:c4174]
2019-09-11 09:06:42,543 [grpc-default-executor-0] INFO  client.GrpcClientProtocolClient (GrpcClientProtocolClient.java:onNext(264)) - client-B22ED198845A->f3174d56-9988-40ec-970b-d447ed545dfb: receive RaftClientReply:client-B22ED198845A->f3174d56-9988-40ec-970b-d447ed545dfb@group-47B82E5F6106, cid=2807, SUCCESS, logIndex=0, commits[f3174d56-9988-40ec-970b-d447ed545dfb:c4179, 3e713ff3-0d17-449f-90fa-609b20cf4c10:c4176, 34290298-343f-405c-af97-b2d19041b010:c4176]
2019-09-11 09:06:42,562 [grpc-default-executor-1] INFO  client.GrpcClientProtocolClient (GrpcClientProtocolClient.java:onNext(264)) - client-B22ED198845A->f3174d56-9988-40ec-970b-d447ed545dfb: receive RaftClientReply:client-B22ED198845A->f3174d56-9988-40ec-970b-d447ed545dfb@group-47B82E5F6106, cid=2808, SUCCESS, logIndex=4183, commits[f3174d56-9988-40ec-970b-d447ed545dfb:c4184, 3e713ff3-0d17-449f-90fa-609b20cf4c10:c4182, 34290298-343f-405c-af97-b2d19041b010:c4182]
2019-09-11 09:06:42,563 [grpc-default-executor-1] INFO  client.GrpcClientProtocolClient (GrpcClientProtocolClient.java:onNext(264)) - client-B22ED198845A->f3174d56-9988-40ec-970b-d447ed545dfb: receive RaftClientReply:client-B22ED198845A->f3174d56-9988-40ec-970b-d447ed545dfb@group-47B82E5F6106, cid=2809, SUCCESS, logIndex=4184, commits[f3174d56-9988-40ec-970b-d447ed545dfb:c4184, 3e713ff3-0d17-449f-90fa-609b20cf4c10:c4182, 34290298-343f-405c-af97-b2d19041b010:c4182]
2019-09-11 09:06:42,589 [grpc-default-executor-4] INFO  client.GrpcClientProtocolClient (GrpcClientProtocolClient.java:onNext(264)) - client-B22ED198845A->f3174d56-9988-40ec-970b-d447ed545dfb: receive RaftClientReply:client-B22ED198845A->f3174d56-9988-40ec-970b-d447ed545dfb@group-47B82E5F6106, cid=2810, SUCCESS, logIndex=4187, commits[f3174d56-9988-40ec-970b-d447ed545dfb:c4188, 3e713ff3-0d17-449f-90fa-609b20cf4c10:c4184, 34290298-343f-405c-af97-b2d19041b010:c4184]
2019-09-11 09:06:42,589 [grpc-default-executor-4] INFO  client.GrpcClientProtocolClient (GrpcClientProtocolClient.java:onNext(264)) - client-B22ED198845A->f3174d56-9988-40ec-970b-d447ed545dfb: receive RaftClientReply:client-B22ED198845A->f3174d56-9988-40ec-970b-d447ed545dfb@group-47B82E5F6106, cid=2811, SUCCESS, logIndex=4188, commits[f3174d56-9988-40ec-970b-d447ed545dfb:c4188, 3e713ff3-0d17-449f-90fa-609b20cf4c10:c4184, 34290298-343f-405c-af97-b2d19041b010:c4184]
 0.00% |█                                                                                                    |  0/1 Time: 0:00:222019-09-11 09:06:42,615 [grpc-default-executor-4] INFO  client.GrpcClientProtocolClient (GrpcClientProtocolClient.java:onNext(264)) - client-B22ED198845A->f3174d56-9988-40ec-970b-d447ed545dfb: receive RaftClientReply:client-B22ED198845A->f3174d56-9988-40ec-970b-d447ed545dfb@group-47B82E5F6106, cid=2812, SUCCESS, logIndex=0, commits[f3174d56-9988-40ec-970b-d447ed545dfb:c4190, 3e713ff3-0d17-449f-90fa-609b20cf4c10:c4188, 34290298-343f-405c-af97-b2d19041b010:c4188]
2019-09-11 09:06:42,643 [grpc-default-executor-1] INFO  client.GrpcClientProtocolClient (GrpcClientProtocolClient.java:onNext(264)) - client-B22ED198845A->f3174d56-9988-40ec-970b-d447ed545dfb: receive RaftClientReply:client-B22ED198845A->f3174d56-9988-40ec-970b-d447ed545dfb@group-47B82E5F6106, cid=2813, SUCCESS, logIndex=4191, commits[f3174d56-9988-40ec-970b-d447ed545dfb:c4192, 3e713ff3-0d17-449f-90fa-609b20cf4c10:c4190, 34290298-343f-405c-af97-b2d19041b010:c4188]
2019-09-11 09:06:42,644 [grpc-default-executor-1] INFO  client.GrpcClientProtocolClient (GrpcClientProtocolClient.java:onNext(264)) - client-B22ED198845A->f3174d56-9988-40ec-970b-d447ed545dfb: receive RaftClientReply:client-B22ED198845A->f3174d56-9988-40ec-970b-d447ed545dfb@group-47B82E5F6106, cid=2814, SUCCESS, logIndex=4192, commits[f3174d56-9988-40ec-970b-d447ed545dfb:c4194, 3e713ff3-0d17-449f-90fa-609b20cf4c10:c4190, 34290298-343f-405c-af97-b2d19041b010:c4190]
2019-09-11 09:06:42,644 [grpc-default-executor-1] INFO  client.GrpcClientProtocolClient (GrpcClientProtocolClient.java:onNext(264)) - client-B22ED198845A->f3174d56-9988-40ec-970b-d447ed545dfb: receive RaftClientReply:client-B22ED198845A->f3174d56-9988-40ec-970b-d447ed545dfb@group-47B82E5F6106, cid=2815, SUCCESS, logIndex=4193, commits[f3174d56-9988-40ec-970b-d447ed545dfb:c4194, 3e713ff3-0d17-449f-90fa-609b20cf4c10:c4190, 34290298-343f-405c-af97-b2d19041b010:c4190]
2019-09-11 09:06:42,644 [grpc-default-executor-1] INFO  client.GrpcClientProtocolClient (GrpcClientProtocolClient.java:onNext(264)) - client-B22ED198845A->f3174d56-9988-40ec-970b-d447ed545dfb: receive RaftClientReply:client-B22ED198845A->f3174d56-9988-40ec-970b-d447ed545dfb@group-47B82E5F6106, cid=2816, SUCCESS, logIndex=4194, commits[f3174d56-9988-40ec-970b-d447ed545dfb:c4194, 3e713ff3-0d17-449f-90fa-609b20cf4c10:c4190, 34290298-343f-405c-af97-b2d19041b010:c4190]
2019-09-11 09:06:42,648 [grpc-default-executor-1] INFO  client.GrpcClientProtocolClient (GrpcClientProtocolClient.java:onNext(264)) - client-B22ED198845A->f3174d56-9988-40ec-970b-d447ed545dfb: receive RaftClientReply:client-B22ED198845A->f3174d56-9988-40ec-970b-d447ed545dfb@group-47B82E5F6106, cid=2817, SUCCESS, logIndex=0, commits[f3174d56-9988-40ec-970b-d447ed545dfb:c4195, 3e713ff3-0d17-449f-90fa-609b20cf4c10:c4192, 34290298-343f-405c-af97-b2d19041b010:c4192]
2019-09-11 09:06:42,657 [grpc-default-executor-1] INFO  client.GrpcClientProtocolClient (GrpcClientProtocolClient.java:onNext(264)) - client-B22ED198845A->f3174d56-9988-40ec-970b-d447ed545dfb: receive RaftClientReply:client-B22ED198845A->f3174d56-9988-40ec-970b-d447ed545dfb@group-47B82E5F6106, cid=2818, SUCCESS, logIndex=4198, commits[f3174d56-9988-40ec-970b-d447ed545dfb:c4199, 3e713ff3-0d17-449f-90fa-609b20cf4c10:c4195, 34290298-343f-405c-af97-b2d19041b010:c4194]
2019-09-11 09:06:42,658 [grpc-default-executor-1] INFO  client.GrpcClientProtocolClient (GrpcClientProtocolClient.java:onNext(264)) - client-B22ED198845A->f3174d56-9988-40ec-970b-d447ed545dfb: receive RaftClientReply:client-B22ED198845A->f3174d56-9988-40ec-970b-d447ed545dfb@group-47B82E5F6106, cid=2819, SUCCESS, logIndex=4199, commits[f3174d56-9988-40ec-970b-d447ed545dfb:c4199, 3e713ff3-0d17-449f-90fa-609b20cf4c10:c4195, 34290298-343f-405c-af97-b2d19041b010:c4195]
2019-09-11 09:06:42,667 [grpc-default-executor-5] INFO  client.GrpcClientProtocolClient (GrpcClientProtocolClient.java:onNext(264)) - client-B22ED198845A->f3174d56-9988-40ec-970b-d447ed545dfb: receive RaftClientReply:client-B22ED198845A->f3174d56-9988-40ec-970b-d447ed545dfb@group-47B82E5F6106, cid=2820, SUCCESS, logIndex=4201, commits[f3174d56-9988-40ec-970b-d447ed545dfb:c4201, 3e713ff3-0d17-449f-90fa-609b20cf4c10:c4200, 34290298-343f-405c-af97-b2d19041b010:c4199]
2019-09-11 09:06:42,667 [grpc-default-executor-5] INFO  client.GrpcClientProtocolClient (GrpcClientProtocolClient.java:onNext(264)) - client-B22ED198845A->f3174d56-9988-40ec-970b-d447ed545dfb: receive RaftClientReply:client-B22ED198845A->f3174d56-9988-40ec-970b-d447ed545dfb@group-47B82E5F6106, cid=2821, SUCCESS, logIndex=4202, commits[f3174d56-9988-40ec-970b-d447ed545dfb:c4202, 3e713ff3-0d17-449f-90fa-609b20cf4c10:c4200, 34290298-343f-405c-af97-b2d19041b010:c4200]
2019-09-11 09:06:42,668 [grpc-default-executor-5] INFO  client.GrpcClientProtocolClient (GrpcClientProtocolClient.java:onNext(264)) - client-B22ED198845A->f3174d56-9988-40ec-970b-d447ed545dfb: receive RaftClientReply:client-B22ED198845A->f3174d56-9988-40ec-970b-d447ed545dfb@group-47B82E5F6106, cid=2822, SUCCESS, logIndex=0, commits[f3174d56-9988-40ec-970b-d447ed545dfb:c4203, 3e713ff3-0d17-449f-90fa-609b20cf4c10:c4202, 34290298-343f-405c-af97-b2d19041b010:c4202]
2019-09-11 09:06:42,685 [grpc-default-executor-0] INFO  client.GrpcClientProtocolClient (GrpcClientProtocolClient.java:onNext(264)) - client-B22ED198845A->f3174d56-9988-40ec-970b-d447ed545dfb: receive RaftClientReply:client-B22ED198845A->f3174d56-9988-40ec-970b-d447ed545dfb@group-47B82E5F6106, cid=2823, SUCCESS, logIndex=4205, commits[f3174d56-9988-40ec-970b-d447ed545dfb:c4206, 3e713ff3-0d17-449f-90fa-609b20cf4c10:c4204, 34290298-343f-405c-af97-b2d19041b010:c4204]
2019-09-11 09:06:42,685 [grpc-default-executor-0] INFO  client.GrpcClientProtocolClient (GrpcClientProtocolClient.java:onNext(264)) - client-B22ED198845A->f3174d56-9988-40ec-970b-d447ed545dfb: receive RaftClientReply:client-B22ED198845A->f3174d56-9988-40ec-970b-d447ed545dfb@group-47B82E5F6106, cid=2824, SUCCESS, logIndex=4206, commits[f3174d56-9988-40ec-970b-d447ed545dfb:c4206, 3e713ff3-0d17-449f-90fa-609b20cf4c10:c4204, 34290298-343f-405c-af97-b2d19041b010:c4204]
2019-09-11 09:06:42,688 [grpc-default-executor-5] INFO  client.GrpcClientProtocolClient (GrpcClientProtocolClient.java:onNext(264)) - client-B22ED198845A->f3174d56-9988-40ec-970b-d447ed545dfb: receive RaftClientReply:client-B22ED198845A->f3174d56-9988-40ec-970b-d447ed545dfb@group-47B82E5F6106, cid=2825, SUCCESS, logIndex=4207, commits[f3174d56-9988-40ec-970b-d447ed545dfb:c4208, 3e713ff3-0d17-449f-90fa-609b20cf4c10:c4204, 34290298-343f-405c-af97-b2d19041b010:c4204]
2019-09-11 09:06:42,688 [grpc-default-executor-5] INFO  client.GrpcClientProtocolClient (GrpcClientProtocolClient.java:onNext(264)) - client-B22ED198845A->f3174d56-9988-40ec-970b-d447ed545dfb: receive RaftClientReply:client-B22ED198845A->f3174d56-9988-40ec-970b-d447ed545dfb@group-47B82E5F6106, cid=2826, SUCCESS, logIndex=4208, commits[f3174d56-9988-40ec-970b-d447ed545dfb:c4210, 3e713ff3-0d17-449f-90fa-609b20cf4c10:c4206, 34290298-343f-405c-af97-b2d19041b010:c4205]
2019-09-11 09:06:42,689 [grpc-default-executor-5] INFO  client.GrpcClientProtocolClient (GrpcClientProtocolClient.java:onNext(264)) - client-B22ED198845A->f3174d56-9988-40ec-970b-d447ed545dfb: receive RaftClientReply:client-B22ED198845A->f3174d56-9988-40ec-970b-d447ed545dfb@group-47B82E5F6106, cid=2827, SUCCESS, logIndex=0, commits[f3174d56-9988-40ec-970b-d447ed545dfb:c4210, 3e713ff3-0d17-449f-90fa-609b20cf4c10:c4206, 34290298-343f-405c-af97-b2d19041b010:c4206]
2019-09-11 09:06:42,707 [grpc-default-executor-1] INFO  client.GrpcClientProtocolClient (GrpcClientProtocolClient.java:onNext(264)) - client-B22ED198845A->f3174d56-9988-40ec-970b-d447ed545dfb: receive RaftClientReply:client-B22ED198845A->f3174d56-9988-40ec-970b-d447ed545dfb@group-47B82E5F6106, cid=2828, SUCCESS, logIndex=4213, commits[f3174d56-9988-40ec-970b-d447ed545dfb:c4214, 3e713ff3-0d17-449f-90fa-609b20cf4c10:c4210, 34290298-343f-405c-af97-b2d19041b010:c4208]
2019-09-11 09:06:42,708 [grpc-default-executor-1] INFO  client.GrpcClientProtocolClient (GrpcClientProtocolClient.java:onNext(264)) - client-B22ED198845A->f3174d56-9988-40ec-970b-d447ed545dfb: receive RaftClientReply:client-B22ED198845A->f3174d56-9988-40ec-970b-d447ed545dfb@group-47B82E5F6106, cid=2829, SUCCESS, logIndex=4214, commits[f3174d56-9988-40ec-970b-d447ed545dfb:c4214, 3e713ff3-0d17-449f-90fa-609b20cf4c10:c4210, 34290298-343f-405c-af97-b2d19041b010:c4210]
2019-09-11 09:06:42,886 [grpc-default-executor-0] INFO  client.GrpcClientProtocolClient (GrpcClientProtocolClient.java:onNext(264)) - client-B22ED198845A->f3174d56-9988-40ec-970b-d447ed545dfb: receive RaftClientReply:client-B22ED198845A->f3174d56-9988-40ec-970b-d447ed545dfb@group-47B82E5F6106, cid=2830, SUCCESS, logIndex=4216, commits[f3174d56-9988-40ec-970b-d447ed545dfb:c4217, 3e713ff3-0d17-449f-90fa-609b20cf4c10:c4215, 34290298-343f-405c-af97-b2d19041b010:c4215]
2019-09-11 09:06:42,887 [grpc-default-executor-0] INFO  client.GrpcClientProtocolClient (GrpcClientProtocolClient.java:onNext(264)) - client-B22ED198845A->f3174d56-9988-40ec-970b-d447ed545dfb: receive RaftClientReply:client-B22ED198845A->f3174d56-9988-40ec-970b-d447ed545dfb@group-47B82E5F6106, cid=2831, SUCCESS, logIndex=4217, commits[f3174d56-9988-40ec-970b-d447ed545dfb:c4217, 3e713ff3-0d17-449f-90fa-609b20cf4c10:c4215, 34290298-343f-405c-af97-b2d19041b010:c4215]
2019-09-11 09:06:42,912 [grpc-default-executor-0] INFO  client.GrpcClientProtocolClient (GrpcClientProtocolClient.java:onNext(264)) - client-B22ED198845A->f3174d56-9988-40ec-970b-d447ed545dfb: receive RaftClientReply:client-B22ED198845A->f3174d56-9988-40ec-970b-d447ed545dfb@group-47B82E5F6106, cid=2832, SUCCESS, logIndex=0, commits[f3174d56-9988-40ec-970b-d447ed545dfb:c4219, 3e713ff3-0d17-449f-90fa-609b20cf4c10:c4217, 34290298-343f-405c-af97-b2d19041b010:c4217]
2019-09-11 09:06:42,943 [grpc-default-executor-1] INFO  client.GrpcClientProtocolClient (GrpcClientProtocolClient.java:onNext(264)) - client-B22ED198845A->f3174d56-9988-40ec-970b-d447ed545dfb: receive RaftClientReply:client-B22ED198845A->f3174d56-9988-40ec-970b-d447ed545dfb@group-47B82E5F6106, cid=2833, SUCCESS, logIndex=4220, commits[f3174d56-9988-40ec-970b-d447ed545dfb:c4221, 3e713ff3-0d17-449f-90fa-609b20cf4c10:c4219, 34290298-343f-405c-af97-b2d19041b010:c4219]
2019-09-11 09:06:42,943 [grpc-default-executor-1] INFO  client.GrpcClientProtocolClient (GrpcClientProtocolClient.java:onNext(264)) - client-B22ED198845A->f3174d56-9988-40ec-970b-d447ed545dfb: receive RaftClientReply:client-B22ED198845A->f3174d56-9988-40ec-970b-d447ed545dfb@group-47B82E5F6106, cid=2834, SUCCESS, logIndex=4221, commits[f3174d56-9988-40ec-970b-d447ed545dfb:c4221, 3e713ff3-0d17-449f-90fa-609b20cf4c10:c4219, 34290298-343f-405c-af97-b2d19041b010:c4219]
2019-09-11 09:06:42,956 [grpc-default-executor-1] INFO  client.GrpcClientProtocolClient (GrpcClientProtocolClient.java:onNext(264)) - client-B22ED198845A->f3174d56-9988-40ec-970b-d447ed545dfb: receive RaftClientReply:client-B22ED198845A->f3174d56-9988-40ec-970b-d447ed545dfb@group-47B82E5F6106, cid=2835, SUCCESS, logIndex=4222, commits[f3174d56-9988-40ec-970b-d447ed545dfb:c4222, 3e713ff3-0d17-449f-90fa-609b20cf4c10:c4219, 34290298-343f-405c-af97-b2d19041b010:c4219]
2019-09-11 09:06:42,957 [grpc-default-executor-5] INFO  client.GrpcClientProtocolClient (GrpcClientProtocolClient.java:onNext(264)) - client-B22ED198845A->f3174d56-9988-40ec-970b-d447ed545dfb: receive RaftClientReply:client-B22ED198845A->f3174d56-9988-40ec-970b-d447ed545dfb@group-47B82E5F6106, cid=2836, SUCCESS, logIndex=4223, commits[f3174d56-9988-40ec-970b-d447ed545dfb:c4223, 3e713ff3-0d17-449f-90fa-609b20cf4c10:c4219, 34290298-343f-405c-af97-b2d19041b010:c4219]
2019-09-11 09:06:42,959 [grpc-default-executor-5] INFO  client.GrpcClientProtocolClient (GrpcClientProtocolClient.java:onNext(264)) - client-B22ED198845A->f3174d56-9988-40ec-970b-d447ed545dfb: receive RaftClientReply:client-B22ED198845A->f3174d56-9988-40ec-970b-d447ed545dfb@group-47B82E5F6106, cid=2837, SUCCESS, logIndex=0, commits[f3174d56-9988-40ec-970b-d447ed545dfb:c4225, 3e713ff3-0d17-449f-90fa-609b20cf4c10:c4221, 34290298-343f-405c-af97-b2d19041b010:c4221]
2019-09-11 09:06:42,984 [grpc-default-executor-0] INFO  client.GrpcClientProtocolClient (GrpcClientProtocolClient.java:onNext(264)) - client-B22ED198845A->f3174d56-9988-40ec-970b-d447ed545dfb: receive RaftClientReply:client-B22ED198845A->f3174d56-9988-40ec-970b-d447ed545dfb@group-47B82E5F6106, cid=2838, SUCCESS, logIndex=4228, commits[f3174d56-9988-40ec-970b-d447ed545dfb:c4229, 3e713ff3-0d17-449f-90fa-609b20cf4c10:c4225, 34290298-343f-405c-af97-b2d19041b010:c4223]
2019-09-11 09:06:42,985 [grpc-default-executor-0] INFO  client.GrpcClientProtocolClient (GrpcClientProtocolClient.java:onNext(264)) - client-B22ED198845A->f3174d56-9988-40ec-970b-d447ed545dfb: receive RaftClientReply:client-B22ED198845A->f3174d56-9988-40ec-970b-d447ed545dfb@group-47B82E5F6106, cid=2839, SUCCESS, logIndex=4229, commits[f3174d56-9988-40ec-970b-d447ed545dfb:c4229, 3e713ff3-0d17-449f-90fa-609b20cf4c10:c4225, 34290298-343f-405c-af97-b2d19041b010:c4225]
2019-09-11 09:06:43,011 [grpc-default-executor-0] INFO  client.GrpcClientProtocolClient (GrpcClientProtocolClient.java:onNext(264)) - client-B22ED198845A->f3174d56-9988-40ec-970b-d447ed545dfb: receive RaftClientReply:client-B22ED198845A->f3174d56-9988-40ec-970b-d447ed545dfb@group-47B82E5F6106, cid=2840, SUCCESS, logIndex=4231, commits[f3174d56-9988-40ec-970b-d447ed545dfb:c4232, 3e713ff3-0d17-449f-90fa-609b20cf4c10:c4229, 34290298-343f-405c-af97-b2d19041b010:c4229]
2019-09-11 09:06:43,011 [grpc-default-executor-0] INFO  client.GrpcClientProtocolClient (GrpcClientProtocolClient.java:onNext(264)) - client-B22ED198845A->f3174d56-9988-40ec-970b-d447ed545dfb: receive RaftClientReply:client-B22ED198845A->f3174d56-9988-40ec-970b-d447ed545dfb@group-47B82E5F6106, cid=2841, SUCCESS, logIndex=4232, commits[f3174d56-9988-40ec-970b-d447ed545dfb:c4232, 3e713ff3-0d17-449f-90fa-609b20cf4c10:c4229, 34290298-343f-405c-af97-b2d19041b010:c4229]
2019-09-11 09:06:43,034 [grpc-default-executor-0] INFO  client.GrpcClientProtocolClient (GrpcClientProtocolClient.java:onNext(264)) - client-B22ED198845A->f3174d56-9988-40ec-970b-d447ed545dfb: receive RaftClientReply:client-B22ED198845A->f3174d56-9988-40ec-970b-d447ed545dfb@group-47B82E5F6106, cid=2842, SUCCESS, logIndex=0, commits[f3174d56-9988-40ec-970b-d447ed545dfb:c4234, 3e713ff3-0d17-449f-90fa-609b20cf4c10:c4232, 34290298-343f-405c-af97-b2d19041b010:c4232]
2019-09-11 09:06:43,064 [grpc-default-executor-1] INFO  client.GrpcClientProtocolClient (GrpcClientProtocolClient.java:onNext(264)) - client-B22ED198845A->f3174d56-9988-40ec-970b-d447ed545dfb: receive RaftClientReply:client-B22ED198845A->f3174d56-9988-40ec-970b-d447ed545dfb@group-47B82E5F6106, cid=2843, SUCCESS, logIndex=4235, commits[f3174d56-9988-40ec-970b-d447ed545dfb:c4236, 3e713ff3-0d17-449f-90fa-609b20cf4c10:c4234, 34290298-343f-405c-af97-b2d19041b010:c4234]
2019-09-11 09:06:43,065 [grpc-default-executor-1] INFO  client.GrpcClientProtocolClient (GrpcClientProtocolClient.java:onNext(264)) - client-B22ED198845A->f3174d56-9988-40ec-970b-d447ed545dfb: receive RaftClientReply:client-B22ED198845A->f3174d56-9988-40ec-970b-d447ed545dfb@group-47B82E5F6106, cid=2844, SUCCESS, logIndex=4236, commits[f3174d56-9988-40ec-970b-d447ed545dfb:c4238, 3e713ff3-0d17-449f-90fa-609b20cf4c10:c4234, 34290298-343f-405c-af97-b2d19041b010:c4234]
2019-09-11 09:06:43,065 [grpc-default-executor-1] INFO  client.GrpcClientProtocolClient (GrpcClientProtocolClient.java:onNext(264)) - client-B22ED198845A->f3174d56-9988-40ec-970b-d447ed545dfb: receive RaftClientReply:client-B22ED198845A->f3174d56-9988-40ec-970b-d447ed545dfb@group-47B82E5F6106, cid=2845, SUCCESS, logIndex=4237, commits[f3174d56-9988-40ec-970b-d447ed545dfb:c4238, 3e713ff3-0d17-449f-90fa-609b20cf4c10:c4234, 34290298-343f-405c-af97-b2d19041b010:c4234]
2019-09-11 09:06:43,065 [grpc-default-executor-1] INFO  client.GrpcClientProtocolClient (GrpcClientProtocolClient.java:onNext(264)) - client-B22ED198845A->f3174d56-9988-40ec-970b-d447ed545dfb: receive RaftClientReply:client-B22ED198845A->f3174d56-9988-40ec-970b-d447ed545dfb@group-47B82E5F6106, cid=2846, SUCCESS, logIndex=4238, commits[f3174d56-9988-40ec-970b-d447ed545dfb:c4238, 3e713ff3-0d17-449f-90fa-609b20cf4c10:c4234, 34290298-343f-405c-af97-b2d19041b010:c4234]
2019-09-11 09:06:43,077 [grpc-default-executor-4] INFO  client.GrpcClientProtocolClient (GrpcClientProtocolClient.java:onNext(264)) - client-B22ED198845A->f3174d56-9988-40ec-970b-d447ed545dfb: receive RaftClientReply:client-B22ED198845A->f3174d56-9988-40ec-970b-d447ed545dfb@group-47B82E5F6106, cid=2847, SUCCESS, logIndex=0, commits[f3174d56-9988-40ec-970b-d447ed545dfb:c4239, 3e713ff3-0d17-449f-90fa-609b20cf4c10:c4236, 34290298-343f-405c-af97-b2d19041b010:c4236]
2019-09-11 09:06:43,103 [grpc-default-executor-1] INFO  client.GrpcClientProtocolClient (GrpcClientProtocolClient.java:onNext(264)) - client-B22ED198845A->f3174d56-9988-40ec-970b-d447ed545dfb: receive RaftClientReply:client-B22ED198845A->f3174d56-9988-40ec-970b-d447ed545dfb@group-47B82E5F6106, cid=2848, SUCCESS, logIndex=4243, commits[f3174d56-9988-40ec-970b-d447ed545dfb:c4244, 3e713ff3-0d17-449f-90fa-609b20cf4c10:c4239, 34290298-343f-405c-af97-b2d19041b010:c4239]
2019-09-11 09:06:43,103 [grpc-default-executor-1] INFO  client.GrpcClientProtocolClient (GrpcClientProtocolClient.java:onNext(264)) - client-B22ED198845A->f3174d56-9988-40ec-970b-d447ed545dfb: receive RaftClientReply:client-B22ED198845A->f3174d56-9988-40ec-970b-d447ed545dfb@group-47B82E5F6106, cid=2849, SUCCESS, logIndex=4244, commits[f3174d56-9988-40ec-970b-d447ed545dfb:c4244, 3e713ff3-0d17-449f-90fa-609b20cf4c10:c4239, 34290298-343f-405c-af97-b2d19041b010:c4239]
2019-09-11 09:06:43,130 [grpc-default-executor-1] INFO  client.GrpcClientProtocolClient (GrpcClientProtocolClient.java:onNext(264)) - client-B22ED198845A->f3174d56-9988-40ec-970b-d447ed545dfb: receive RaftClientReply:client-B22ED198845A->f3174d56-9988-40ec-970b-d447ed545dfb@group-47B82E5F6106, cid=2850, SUCCESS, logIndex=4247, commits[f3174d56-9988-40ec-970b-d447ed545dfb:c4247, 3e713ff3-0d17-449f-90fa-609b20cf4c10:c4244, 34290298-343f-405c-af97-b2d19041b010:c4244]
2019-09-11 09:06:43,130 [grpc-default-executor-1] INFO  client.GrpcClientProtocolClient (GrpcClientProtocolClient.java:onNext(264)) - client-B22ED198845A->f3174d56-9988-40ec-970b-d447ed545dfb: receive RaftClientReply:client-B22ED198845A->f3174d56-9988-40ec-970b-d447ed545dfb@group-47B82E5F6106, cid=2851, SUCCESS, logIndex=4248, commits[f3174d56-9988-40ec-970b-d447ed545dfb:c4248, 3e713ff3-0d17-449f-90fa-609b20cf4c10:c4244, 34290298-343f-405c-af97-b2d19041b010:c4244]
2019-09-11 09:06:43,156 [grpc-default-executor-4] INFO  client.GrpcClientProtocolClient (GrpcClientProtocolClient.java:onNext(264)) - client-B22ED198845A->f3174d56-9988-40ec-970b-d447ed545dfb: receive RaftClientReply:client-B22ED198845A->f3174d56-9988-40ec-970b-d447ed545dfb@group-47B82E5F6106, cid=2852, SUCCESS, logIndex=0, commits[f3174d56-9988-40ec-970b-d447ed545dfb:c4249, 3e713ff3-0d17-449f-90fa-609b20cf4c10:c4248, 34290298-343f-405c-af97-b2d19041b010:c4248]
2019-09-11 09:06:43,196 [grpc-default-executor-4] INFO  client.GrpcClientProtocolClient (GrpcClientProtocolClient.java:onNext(264)) - client-B22ED198845A->f3174d56-9988-40ec-970b-d447ed545dfb: receive RaftClientReply:client-B22ED198845A->f3174d56-9988-40ec-970b-d447ed545dfb@group-47B82E5F6106, cid=2853, SUCCESS, logIndex=4251, commits[f3174d56-9988-40ec-970b-d447ed545dfb:c4253, 3e713ff3-0d17-449f-90fa-609b20cf4c10:c4250, 34290298-343f-405c-af97-b2d19041b010:c4250]
2019-09-11 09:06:43,197 [grpc-default-executor-4] INFO  client.GrpcClientProtocolClient (GrpcClientProtocolClient.java:onNext(264)) - client-B22ED198845A->f3174d56-9988-40ec-970b-d447ed545dfb: receive RaftClientReply:client-B22ED198845A->f3174d56-9988-40ec-970b-d447ed545dfb@group-47B82E5F6106, cid=2854, SUCCESS, logIndex=4252, commits[f3174d56-9988-40ec-970b-d447ed545dfb:c4254, 3e713ff3-0d17-449f-90fa-609b20cf4c10:c4250, 34290298-343f-405c-af97-b2d19041b010:c4250]
2019-09-11 09:06:43,197 [grpc-default-executor-4] INFO  client.GrpcClientProtocolClient (GrpcClientProtocolClient.java:onNext(264)) - client-B22ED198845A->f3174d56-9988-40ec-970b-d447ed545dfb: receive RaftClientReply:client-B22ED198845A->f3174d56-9988-40ec-970b-d447ed545dfb@group-47B82E5F6106, cid=2855, SUCCESS, logIndex=4253, commits[f3174d56-9988-40ec-970b-d447ed545dfb:c4254, 3e713ff3-0d17-449f-90fa-609b20cf4c10:c4250, 34290298-343f-405c-af97-b2d19041b010:c4250]
2019-09-11 09:06:43,197 [grpc-default-executor-4] INFO  client.GrpcClientProtocolClient (GrpcClientProtocolClient.java:onNext(264)) - client-B22ED198845A->f3174d56-9988-40ec-970b-d447ed545dfb: receive RaftClientReply:client-B22ED198845A->f3174d56-9988-40ec-970b-d447ed545dfb@group-47B82E5F6106, cid=2856, SUCCESS, logIndex=4254, commits[f3174d56-9988-40ec-970b-d447ed545dfb:c4254, 3e713ff3-0d17-449f-90fa-609b20cf4c10:c4250, 34290298-343f-405c-af97-b2d19041b010:c4250]
2019-09-11 09:06:43,220 [grpc-default-executor-1] INFO  client.GrpcClientProtocolClient (GrpcClientProtocolClient.java:onNext(264)) - client-B22ED198845A->f3174d56-9988-40ec-970b-d447ed545dfb: receive RaftClientReply:client-B22ED198845A->f3174d56-9988-40ec-970b-d447ed545dfb@group-47B82E5F6106, cid=2857, SUCCESS, logIndex=0, commits[f3174d56-9988-40ec-970b-d447ed545dfb:c4256, 3e713ff3-0d17-449f-90fa-609b20cf4c10:c4252, 34290298-343f-405c-af97-b2d19041b010:c4252]
2019-09-11 09:06:43,239 [grpc-default-executor-4] INFO  client.GrpcClientProtocolClient (GrpcClientProtocolClient.java:onNext(264)) - client-B22ED198845A->f3174d56-9988-40ec-970b-d447ed545dfb: receive RaftClientReply:client-B22ED198845A->f3174d56-9988-40ec-970b-d447ed545dfb@group-47B82E5F6106, cid=2858, SUCCESS, logIndex=4259, commits[f3174d56-9988-40ec-970b-d447ed545dfb:c4260, 3e713ff3-0d17-449f-90fa-609b20cf4c10:c4258, 34290298-343f-405c-af97-b2d19041b010:c4258]
2019-09-11 09:06:43,240 [grpc-default-executor-4] INFO  client.GrpcClientProtocolClient (GrpcClientProtocolClient.java:onNext(264)) - client-B22ED198845A->f3174d56-9988-40ec-970b-d447ed545dfb: receive RaftClientReply:client-B22ED198845A->f3174d56-9988-40ec-970b-d447ed545dfb@group-47B82E5F6106, cid=2859, SUCCESS, logIndex=4260, commits[f3174d56-9988-40ec-970b-d447ed545dfb:c4260, 3e713ff3-0d17-449f-90fa-609b20cf4c10:c4258, 34290298-343f-405c-af97-b2d19041b010:c4258]
2019-09-11 09:06:43,254 [grpc-default-executor-4] INFO  client.GrpcClientProtocolClient (GrpcClientProtocolClient.java:onNext(264)) - client-B22ED198845A->f3174d56-9988-40ec-970b-d447ed545dfb: receive RaftClientReply:client-B22ED198845A->f3174d56-9988-40ec-970b-d447ed545dfb@group-47B82E5F6106, cid=2860, SUCCESS, logIndex=4263, commits[f3174d56-9988-40ec-970b-d447ed545dfb:c4264, 3e713ff3-0d17-449f-90fa-609b20cf4c10:c4260, 34290298-343f-405c-af97-b2d19041b010:c4260]
2019-09-11 09:06:43,254 [grpc-default-executor-4] INFO  client.GrpcClientProtocolClient (GrpcClientProtocolClient.java:onNext(264)) - client-B22ED198845A->f3174d56-9988-40ec-970b-d447ed545dfb: receive RaftClientReply:client-B22ED198845A->f3174d56-9988-40ec-970b-d447ed545dfb@group-47B82E5F6106, cid=2861, SUCCESS, logIndex=4264, commits[f3174d56-9988-40ec-970b-d447ed545dfb:c4264, 3e713ff3-0d17-449f-90fa-609b20cf4c10:c4260, 34290298-343f-405c-af97-b2d19041b010:c4260]
2019-09-11 09:06:43,279 [grpc-default-executor-4] INFO  client.GrpcClientProtocolClient (GrpcClientProtocolClient.java:onNext(264)) - client-B22ED198845A->f3174d56-9988-40ec-970b-d447ed545dfb: receive RaftClientReply:client-B22ED198845A->f3174d56-9988-40ec-970b-d447ed545dfb@group-47B82E5F6106, cid=2862, SUCCESS, logIndex=0, commits[f3174d56-9988-40ec-970b-d447ed545dfb:c4266, 3e713ff3-0d17-449f-90fa-609b20cf4c10:c4264, 34290298-343f-405c-af97-b2d19041b010:c4264]
2019-09-11 09:06:43,308 [grpc-default-executor-5] INFO  client.GrpcClientProtocolClient (GrpcClientProtocolClient.java:onNext(264)) - client-B22ED198845A->f3174d56-9988-40ec-970b-d447ed545dfb: receive RaftClientReply:client-B22ED198845A->f3174d56-9988-40ec-970b-d447ed545dfb@group-47B82E5F6106, cid=2863, SUCCESS, logIndex=4267, commits[f3174d56-9988-40ec-970b-d447ed545dfb:c4268, 3e713ff3-0d17-449f-90fa-609b20cf4c10:c4266, 34290298-343f-405c-af97-b2d19041b010:c4266]
2019-09-11 09:06:43,308 [grpc-default-executor-5] INFO  client.GrpcClientProtocolClient (GrpcClientProtocolClient.java:onNext(264)) - client-B22ED198845A->f3174d56-9988-40ec-970b-d447ed545dfb: receive RaftClientReply:client-B22ED198845A->f3174d56-9988-40ec-970b-d447ed545dfb@group-47B82E5F6106, cid=2864, SUCCESS, logIndex=4268, commits[f3174d56-9988-40ec-970b-d447ed545dfb:c4268, 3e713ff3-0d17-449f-90fa-609b20cf4c10:c4266, 34290298-343f-405c-af97-b2d19041b010:c4266]
2019-09-11 09:06:43,318 [grpc-default-executor-5] INFO  client.GrpcClientProtocolClient (GrpcClientProtocolClient.java:onNext(264)) - client-B22ED198845A->f3174d56-9988-40ec-970b-d447ed545dfb: receive RaftClientReply:client-B22ED198845A->f3174d56-9988-40ec-970b-d447ed545dfb@group-47B82E5F6106, cid=2865, SUCCESS, logIndex=4269, commits[f3174d56-9988-40ec-970b-d447ed545dfb:c4270, 3e713ff3-0d17-449f-90fa-609b20cf4c10:c4266, 34290298-343f-405c-af97-b2d19041b010:c4266]
2019-09-11 09:06:43,318 [grpc-default-executor-5] INFO  client.GrpcClientProtocolClient (GrpcClientProtocolClient.java:onNext(264)) - client-B22ED198845A->f3174d56-9988-40ec-970b-d447ed545dfb: receive RaftClientReply:client-B22ED198845A->f3174d56-9988-40ec-970b-d447ed545dfb@group-47B82E5F6106, cid=2866, SUCCESS, logIndex=4270, commits[f3174d56-9988-40ec-970b-d447ed545dfb:c4270, 3e713ff3-0d17-449f-90fa-609b20cf4c10:c4266, 34290298-343f-405c-af97-b2d19041b010:c4266]
2019-09-11 09:06:43,320 [grpc-default-executor-5] INFO  client.GrpcClientProtocolClient (GrpcClientProtocolClient.java:onNext(264)) - client-B22ED198845A->f3174d56-9988-40ec-970b-d447ed545dfb: receive RaftClientReply:client-B22ED198845A->f3174d56-9988-40ec-970b-d447ed545dfb@group-47B82E5F6106, cid=2867, SUCCESS, logIndex=0, commits[f3174d56-9988-40ec-970b-d447ed545dfb:c4270, 3e713ff3-0d17-449f-90fa-609b20cf4c10:c4268, 34290298-343f-405c-af97-b2d19041b010:c4268]
2019-09-11 09:06:43,346 [grpc-default-executor-0] INFO  client.GrpcClientProtocolClient (GrpcClientProtocolClient.java:onNext(264)) - client-B22ED198845A->f3174d56-9988-40ec-970b-d447ed545dfb: receive RaftClientReply:client-B22ED198845A->f3174d56-9988-40ec-970b-d447ed545dfb@group-47B82E5F6106, cid=2868, SUCCESS, logIndex=4275, commits[f3174d56-9988-40ec-970b-d447ed545dfb:c4276, 3e713ff3-0d17-449f-90fa-609b20cf4c10:c4270, 34290298-343f-405c-af97-b2d19041b010:c4270]
2019-09-11 09:06:43,347 [grpc-default-executor-0] INFO  client.GrpcClientProtocolClient (GrpcClientProtocolClient.java:onNext(264)) - client-B22ED198845A->f3174d56-9988-40ec-970b-d447ed545dfb: receive RaftClientReply:client-B22ED198845A->f3174d56-9988-40ec-970b-d447ed545dfb@group-47B82E5F6106, cid=2869, SUCCESS, logIndex=4276, commits[f3174d56-9988-40ec-970b-d447ed545dfb:c4276, 3e713ff3-0d17-449f-90fa-609b20cf4c10:c4270, 34290298-343f-405c-af97-b2d19041b010:c4270]
2019-09-11 09:06:43,367 [grpc-default-executor-0] INFO  client.GrpcClientProtocolClient (GrpcClientProtocolClient.java:onNext(264)) - client-B22ED198845A->f3174d56-9988-40ec-970b-d447ed545dfb: receive RaftClientReply:client-B22ED198845A->f3174d56-9988-40ec-970b-d447ed545dfb@group-47B82E5F6106, cid=2870, SUCCESS, logIndex=4279, commits[f3174d56-9988-40ec-970b-d447ed545dfb:c4279, 3e713ff3-0d17-449f-90fa-609b20cf4c10:c4276, 34290298-343f-405c-af97-b2d19041b010:c4276]
2019-09-11 09:06:43,368 [grpc-default-executor-0] INFO  client.GrpcClientProtocolClient (GrpcClientProtocolClient.java:onNext(264)) - client-B22ED198845A->f3174d56-9988-40ec-970b-d447ed545dfb: receive RaftClientReply:client-B22ED198845A->f3174d56-9988-40ec-970b-d447ed545dfb@group-47B82E5F6106, cid=2871, SUCCESS, logIndex=4280, commits[f3174d56-9988-40ec-970b-d447ed545dfb:c4280, 3e713ff3-0d17-449f-90fa-609b20cf4c10:c4276, 34290298-343f-405c-af97-b2d19041b010:c4276]
2019-09-11 09:06:43,373 [grpc-default-executor-0] INFO  client.GrpcClientProtocolClient (GrpcClientProtocolClient.java:onNext(264)) - client-B22ED198845A->f3174d56-9988-40ec-970b-d447ed545dfb: receive RaftClientReply:client-B22ED198845A->f3174d56-9988-40ec-970b-d447ed545dfb@group-47B82E5F6106, cid=2872, SUCCESS, logIndex=0, commits[f3174d56-9988-40ec-970b-d447ed545dfb:c4282, 3e713ff3-0d17-449f-90fa-609b20cf4c10:c4280, 34290298-343f-405c-af97-b2d19041b010:c4280]
2019-09-11 09:06:43,392 [grpc-default-executor-5] INFO  client.GrpcClientProtocolClient (GrpcClientProtocolClient.java:onNext(264)) - client-B22ED198845A->f3174d56-9988-40ec-970b-d447ed545dfb: receive RaftClientReply:client-B22ED198845A->f3174d56-9988-40ec-970b-d447ed545dfb@group-47B82E5F6106, cid=2873, SUCCESS, logIndex=4283, commits[f3174d56-9988-40ec-970b-d447ed545dfb:c4284, 3e713ff3-0d17-449f-90fa-609b20cf4c10:c4282, 34290298-343f-405c-af97-b2d19041b010:c4280]
2019-09-11 09:06:43,392 [grpc-default-executor-5] INFO  client.GrpcClientProtocolClient (GrpcClientProtocolClient.java:onNext(264)) - client-B22ED198845A->f3174d56-9988-40ec-970b-d447ed545dfb: receive RaftClientReply:client-B22ED198845A->f3174d56-9988-40ec-970b-d447ed545dfb@group-47B82E5F6106, cid=2874, SUCCESS, logIndex=4284, commits[f3174d56-9988-40ec-970b-d447ed545dfb:c4284, 3e713ff3-0d17-449f-90fa-609b20cf4c10:c4282, 34290298-343f-405c-af97-b2d19041b010:c4280]
2019-09-11 09:06:43,395 [grpc-default-executor-5] INFO  client.GrpcClientProtocolClient (GrpcClientProtocolClient.java:onNext(264)) - client-B22ED198845A->f3174d56-9988-40ec-970b-d447ed545dfb: receive RaftClientReply:client-B22ED198845A->f3174d56-9988-40ec-970b-d447ed545dfb@group-47B82E5F6106, cid=2875, SUCCESS, logIndex=4285, commits[f3174d56-9988-40ec-970b-d447ed545dfb:c4286, 3e713ff3-0d17-449f-90fa-609b20cf4c10:c4283, 34290298-343f-405c-af97-b2d19041b010:c4282]
2019-09-11 09:06:43,395 [grpc-default-executor-5] INFO  client.GrpcClientProtocolClient (GrpcClientProtocolClient.java:onNext(264)) - client-B22ED198845A->f3174d56-9988-40ec-970b-d447ed545dfb: receive RaftClientReply:client-B22ED198845A->f3174d56-9988-40ec-970b-d447ed545dfb@group-47B82E5F6106, cid=2876, SUCCESS, logIndex=4286, commits[f3174d56-9988-40ec-970b-d447ed545dfb:c4286, 3e713ff3-0d17-449f-90fa-609b20cf4c10:c4283, 34290298-343f-405c-af97-b2d19041b010:c4282]
2019-09-11 09:06:43,398 [grpc-default-executor-5] INFO  client.GrpcClientProtocolClient (GrpcClientProtocolClient.java:onNext(264)) - client-B22ED198845A->f3174d56-9988-40ec-970b-d447ed545dfb: receive RaftClientReply:client-B22ED198845A->f3174d56-9988-40ec-970b-d447ed545dfb@group-47B82E5F6106, cid=2877, SUCCESS, logIndex=0, commits[f3174d56-9988-40ec-970b-d447ed545dfb:c4288, 3e713ff3-0d17-449f-90fa-609b20cf4c10:c4284, 34290298-343f-405c-af97-b2d19041b010:c4284]
2019-09-11 09:06:43,409 [grpc-default-executor-0] INFO  client.GrpcClientProtocolClient (GrpcClientProtocolClient.java:onNext(264)) - client-B22ED198845A->f3174d56-9988-40ec-970b-d447ed545dfb: receive RaftClientReply:client-B22ED198845A->f3174d56-9988-40ec-970b-d447ed545dfb@group-47B82E5F6106, cid=2878, SUCCESS, logIndex=4291, commits[f3174d56-9988-40ec-970b-d447ed545dfb:c4292, 3e713ff3-0d17-449f-90fa-609b20cf4c10:c4290, 34290298-343f-405c-af97-b2d19041b010:c4286]
2019-09-11 09:06:43,409 [grpc-default-executor-0] INFO  client.GrpcClientProtocolClient (GrpcClientProtocolClient.java:onNext(264)) - client-B22ED198845A->f3174d56-9988-40ec-970b-d447ed545dfb: receive RaftClientReply:client-B22ED198845A->f3174d56-9988-40ec-970b-d447ed545dfb@group-47B82E5F6106, cid=2879, SUCCESS, logIndex=4292, commits[f3174d56-9988-40ec-970b-d447ed545dfb:c4292, 3e713ff3-0d17-449f-90fa-609b20cf4c10:c4290, 34290298-343f-405c-af97-b2d19041b010:c4290]
2019-09-11 09:06:43,427 [grpc-default-executor-5] INFO  client.GrpcClientProtocolClient (GrpcClientProtocolClient.java:onNext(264)) - client-B22ED198845A->f3174d56-9988-40ec-970b-d447ed545dfb: receive RaftClientReply:client-B22ED198845A->f3174d56-9988-40ec-970b-d447ed545dfb@group-47B82E5F6106, cid=2880, SUCCESS, logIndex=4295, commits[f3174d56-9988-40ec-970b-d447ed545dfb:c4296, 3e713ff3-0d17-449f-90fa-609b20cf4c10:c4294, 34290298-343f-405c-af97-b2d19041b010:c4294]
2019-09-11 09:06:43,428 [grpc-default-executor-5] INFO  client.GrpcClientProtocolClient (GrpcClientProtocolClient.java:onNext(264)) - client-B22ED198845A->f3174d56-9988-40ec-970b-d447ed545dfb: receive RaftClientReply:client-B22ED198845A->f3174d56-9988-40ec-970b-d447ed545dfb@group-47B82E5F6106, cid=2881, SUCCESS, logIndex=4296, commits[f3174d56-9988-40ec-970b-d447ed545dfb:c4296, 3e713ff3-0d17-449f-90fa-609b20cf4c10:c4294, 34290298-343f-405c-af97-b2d19041b010:c4294]
2019-09-11 09:06:43,434 [grpc-default-executor-5] INFO  client.GrpcClientProtocolClient (GrpcClientProtocolClient.java:onNext(264)) - client-B22ED198845A->f3174d56-9988-40ec-970b-d447ed545dfb: receive RaftClientReply:client-B22ED198845A->f3174d56-9988-40ec-970b-d447ed545dfb@group-47B82E5F6106, cid=2882, SUCCESS, logIndex=0, commits[f3174d56-9988-40ec-970b-d447ed545dfb:c4298, 3e713ff3-0d17-449f-90fa-609b20cf4c10:c4296, 34290298-343f-405c-af97-b2d19041b010:c4296]
2019-09-11 09:06:43,467 [grpc-default-executor-5] INFO  client.GrpcClientProtocolClient (GrpcClientProtocolClient.java:onNext(264)) - client-B22ED198845A->f3174d56-9988-40ec-970b-d447ed545dfb: receive RaftClientReply:client-B22ED198845A->f3174d56-9988-40ec-970b-d447ed545dfb@group-47B82E5F6106, cid=2883, SUCCESS, logIndex=4299, commits[f3174d56-9988-40ec-970b-d447ed545dfb:c4300, 3e713ff3-0d17-449f-90fa-609b20cf4c10:c4298, 34290298-343f-405c-af97-b2d19041b010:c4296]
2019-09-11 09:06:43,468 [grpc-default-executor-5] INFO  client.GrpcClientProtocolClient (GrpcClientProtocolClient.java:onNext(264)) - client-B22ED198845A->f3174d56-9988-40ec-970b-d447ed545dfb: receive RaftClientReply:client-B22ED198845A->f3174d56-9988-40ec-970b-d447ed545dfb@group-47B82E5F6106, cid=2884, SUCCESS, logIndex=4300, commits[f3174d56-9988-40ec-970b-d447ed545dfb:c4300, 3e713ff3-0d17-449f-90fa-609b20cf4c10:c4298, 34290298-343f-405c-af97-b2d19041b010:c4298]
2019-09-11 09:06:43,468 [grpc-default-executor-5] INFO  client.GrpcClientProtocolClient (GrpcClientProtocolClient.java:onNext(264)) - client-B22ED198845A->f3174d56-9988-40ec-970b-d447ed545dfb: receive RaftClientReply:client-B22ED198845A->f3174d56-9988-40ec-970b-d447ed545dfb@group-47B82E5F6106, cid=2885, SUCCESS, logIndex=4301, commits[f3174d56-9988-40ec-970b-d447ed545dfb:c4302, 3e713ff3-0d17-449f-90fa-609b20cf4c10:c4298, 34290298-343f-405c-af97-b2d19041b010:c4298]
2019-09-11 09:06:43,468 [grpc-default-executor-5] INFO  client.GrpcClientProtocolClient (GrpcClientProtocolClient.java:onNext(264)) - client-B22ED198845A->f3174d56-9988-40ec-970b-d447ed545dfb: receive RaftClientReply:client-B22ED198845A->f3174d56-9988-40ec-970b-d447ed545dfb@group-47B82E5F6106, cid=2886, SUCCESS, logIndex=4302, commits[f3174d56-9988-40ec-970b-d447ed545dfb:c4302, 3e713ff3-0d17-449f-90fa-609b20cf4c10:c4298, 34290298-343f-405c-af97-b2d19041b010:c4298]
2019-09-11 09:06:43,483 [grpc-default-executor-5] INFO  client.GrpcClientProtocolClient (GrpcClientProtocolClient.java:onNext(264)) - client-B22ED198845A->f3174d56-9988-40ec-970b-d447ed545dfb: receive RaftClientReply:client-B22ED198845A->f3174d56-9988-40ec-970b-d447ed545dfb@group-47B82E5F6106, cid=2887, SUCCESS, logIndex=0, commits[f3174d56-9988-40ec-970b-d447ed545dfb:c4304, 3e713ff3-0d17-449f-90fa-609b20cf4c10:c4300, 34290298-343f-405c-af97-b2d19041b010:c4300]
2019-09-11 09:06:43,496 [grpc-default-executor-5] INFO  client.GrpcClientProtocolClient (GrpcClientProtocolClient.java:onNext(264)) - client-B22ED198845A->f3174d56-9988-40ec-970b-d447ed545dfb: receive RaftClientReply:client-B22ED198845A->f3174d56-9988-40ec-970b-d447ed545dfb@group-47B82E5F6106, cid=2888, SUCCESS, logIndex=4307, commits[f3174d56-9988-40ec-970b-d447ed545dfb:c4308, 3e713ff3-0d17-449f-90fa-609b20cf4c10:c4302, 34290298-343f-405c-af97-b2d19041b010:c4306]
2019-09-11 09:06:43,496 [grpc-default-executor-5] INFO  client.GrpcClientProtocolClient (GrpcClientProtocolClient.java:onNext(264)) - client-B22ED198845A->f3174d56-9988-40ec-970b-d447ed545dfb: receive RaftClientReply:client-B22ED198845A->f3174d56-9988-40ec-970b-d447ed545dfb@group-47B82E5F6106, cid=2889, SUCCESS, logIndex=4308, commits[f3174d56-9988-40ec-970b-d447ed545dfb:c4308, 3e713ff3-0d17-449f-90fa-609b20cf4c10:c4302, 34290298-343f-405c-af97-b2d19041b010:c4306]
2019-09-11 09:06:43,510 [grpc-default-executor-4] INFO  client.GrpcClientProtocolClient (GrpcClientProtocolClient.java:onNext(264)) - client-B22ED198845A->f3174d56-9988-40ec-970b-d447ed545dfb: receive RaftClientReply:client-B22ED198845A->f3174d56-9988-40ec-970b-d447ed545dfb@group-47B82E5F6106, cid=2890, SUCCESS, logIndex=4311, commits[f3174d56-9988-40ec-970b-d447ed545dfb:c4312, 3e713ff3-0d17-449f-90fa-609b20cf4c10:c4308, 34290298-343f-405c-af97-b2d19041b010:c4307]
2019-09-11 09:06:43,510 [grpc-default-executor-4] INFO  client.GrpcClientProtocolClient (GrpcClientProtocolClient.java:onNext(264)) - client-B22ED198845A->f3174d56-9988-40ec-970b-d447ed545dfb: receive RaftClientReply:client-B22ED198845A->f3174d56-9988-40ec-970b-d447ed545dfb@group-47B82E5F6106, cid=2891, SUCCESS, logIndex=4312, commits[f3174d56-9988-40ec-970b-d447ed545dfb:c4312, 3e713ff3-0d17-449f-90fa-609b20cf4c10:c4308, 34290298-343f-405c-af97-b2d19041b010:c4308]
2019-09-11 09:06:43,522 [grpc-default-executor-4] INFO  client.GrpcClientProtocolClient (GrpcClientProtocolClient.java:onNext(264)) - client-B22ED198845A->f3174d56-9988-40ec-970b-d447ed545dfb: receive RaftClientReply:client-B22ED198845A->f3174d56-9988-40ec-970b-d447ed545dfb@group-47B82E5F6106, cid=2892, SUCCESS, logIndex=0, commits[f3174d56-9988-40ec-970b-d447ed545dfb:c4313, 3e713ff3-0d17-449f-90fa-609b20cf4c10:c4312, 34290298-343f-405c-af97-b2d19041b010:c4312]
2019-09-11 09:06:43,549 [grpc-default-executor-4] INFO  client.GrpcClientProtocolClient (GrpcClientProtocolClient.java:onNext(264)) - client-B22ED198845A->f3174d56-9988-40ec-970b-d447ed545dfb: receive RaftClientReply:client-B22ED198845A->f3174d56-9988-40ec-970b-d447ed545dfb@group-47B82E5F6106, cid=2893, SUCCESS, logIndex=4314, commits[f3174d56-9988-40ec-970b-d447ed545dfb:c4315, 3e713ff3-0d17-449f-90fa-609b20cf4c10:c4313, 34290298-343f-405c-af97-b2d19041b010:c4313]
2019-09-11 09:06:43,550 [grpc-default-executor-5] INFO  client.GrpcClientProtocolClient (GrpcClientProtocolClient.java:onNext(264)) - client-B22ED198845A->f3174d56-9988-40ec-970b-d447ed545dfb: receive RaftClientReply:client-B22ED198845A->f3174d56-9988-40ec-970b-d447ed545dfb@group-47B82E5F6106, cid=2894, SUCCESS, logIndex=4315, commits[f3174d56-9988-40ec-970b-d447ed545dfb:c4315, 3e713ff3-0d17-449f-90fa-609b20cf4c10:c4313, 34290298-343f-405c-af97-b2d19041b010:c4313]
2019-09-11 09:06:43,550 [grpc-default-executor-5] INFO  client.GrpcClientProtocolClient (GrpcClientProtocolClient.java:onNext(264)) - client-B22ED198845A->f3174d56-9988-40ec-970b-d447ed545dfb: receive RaftClientReply:client-B22ED198845A->f3174d56-9988-40ec-970b-d447ed545dfb@group-47B82E5F6106, cid=2895, SUCCESS, logIndex=4316, commits[f3174d56-9988-40ec-970b-d447ed545dfb:c4317, 3e713ff3-0d17-449f-90fa-609b20cf4c10:c4313, 34290298-343f-405c-af97-b2d19041b010:c4313]
2019-09-11 09:06:43,550 [grpc-default-executor-5] INFO  client.GrpcClientProtocolClient (GrpcClientProtocolClient.java:onNext(264)) - client-B22ED198845A->f3174d56-9988-40ec-970b-d447ed545dfb: receive RaftClientReply:client-B22ED198845A->f3174d56-9988-40ec-970b-d447ed545dfb@group-47B82E5F6106, cid=2896, SUCCESS, logIndex=4317, commits[f3174d56-9988-40ec-970b-d447ed545dfb:c4317, 3e713ff3-0d17-449f-90fa-609b20cf4c10:c4313, 34290298-343f-405c-af97-b2d19041b010:c4313]
2019-09-11 09:06:43,552 [grpc-default-executor-5] INFO  client.GrpcClientProtocolClient (GrpcClientProtocolClient.java:onNext(264)) - client-B22ED198845A->f3174d56-9988-40ec-970b-d447ed545dfb: receive RaftClientReply:client-B22ED198845A->f3174d56-9988-40ec-970b-d447ed545dfb@group-47B82E5F6106, cid=2897, SUCCESS, logIndex=0, commits[f3174d56-9988-40ec-970b-d447ed545dfb:c4319, 3e713ff3-0d17-449f-90fa-609b20cf4c10:c4315, 34290298-343f-405c-af97-b2d19041b010:c4315]
2019-09-11 09:06:43,572 [grpc-default-executor-1] INFO  client.GrpcClientProtocolClient (GrpcClientProtocolClient.java:onNext(264)) - client-B22ED198845A->f3174d56-9988-40ec-970b-d447ed545dfb: receive RaftClientReply:client-B22ED198845A->f3174d56-9988-40ec-970b-d447ed545dfb@group-47B82E5F6106, cid=2898, SUCCESS, logIndex=4322, commits[f3174d56-9988-40ec-970b-d447ed545dfb:c4323, 3e713ff3-0d17-449f-90fa-609b20cf4c10:c4321, 34290298-343f-405c-af97-b2d19041b010:c4321]
2019-09-11 09:06:43,572 [grpc-default-executor-1] INFO  client.GrpcClientProtocolClient (GrpcClientProtocolClient.java:onNext(264)) - client-B22ED198845A->f3174d56-9988-40ec-970b-d447ed545dfb: receive RaftClientReply:client-B22ED198845A->f3174d56-9988-40ec-970b-d447ed545dfb@group-47B82E5F6106, cid=2899, SUCCESS, logIndex=4323, commits[f3174d56-9988-40ec-970b-d447ed545dfb:c4323, 3e713ff3-0d17-449f-90fa-609b20cf4c10:c4321, 34290298-343f-405c-af97-b2d19041b010:c4321]
2019-09-11 09:06:43,598 [grpc-default-executor-0] INFO  client.GrpcClientProtocolClient (GrpcClientProtocolClient.java:onNext(264)) - client-B22ED198845A->f3174d56-9988-40ec-970b-d447ed545dfb: receive RaftClientReply:client-B22ED198845A->f3174d56-9988-40ec-970b-d447ed545dfb@group-47B82E5F6106, cid=2900, SUCCESS, logIndex=4326, commits[f3174d56-9988-40ec-970b-d447ed545dfb:c4326, 3e713ff3-0d17-449f-90fa-609b20cf4c10:c4323, 34290298-343f-405c-af97-b2d19041b010:c4323]
2019-09-11 09:06:43,598 [grpc-default-executor-0] INFO  client.GrpcClientProtocolClient (GrpcClientProtocolClient.java:onNext(264)) - client-B22ED198845A->f3174d56-9988-40ec-970b-d447ed545dfb: receive RaftClientReply:client-B22ED198845A->f3174d56-9988-40ec-970b-d447ed545dfb@group-47B82E5F6106, cid=2901, SUCCESS, logIndex=4327, commits[f3174d56-9988-40ec-970b-d447ed545dfb:c4327, 3e713ff3-0d17-449f-90fa-609b20cf4c10:c4323, 34290298-343f-405c-af97-b2d19041b010:c4323]
 0.00% |█                                                                                                    |  0/1 Time: 0:00:232019-09-11 09:06:43,625 [grpc-default-executor-0] INFO  client.GrpcClientProtocolClient (GrpcClientProtocolClient.java:onNext(264)) - client-B22ED198845A->f3174d56-9988-40ec-970b-d447ed545dfb: receive RaftClientReply:client-B22ED198845A->f3174d56-9988-40ec-970b-d447ed545dfb@group-47B82E5F6106, cid=2902, SUCCESS, logIndex=0, commits[f3174d56-9988-40ec-970b-d447ed545dfb:c4329, 3e713ff3-0d17-449f-90fa-609b20cf4c10:c4327, 34290298-343f-405c-af97-b2d19041b010:c4327]
2019-09-11 09:06:43,657 [grpc-default-executor-1] INFO  client.GrpcClientProtocolClient (GrpcClientProtocolClient.java:onNext(264)) - client-B22ED198845A->f3174d56-9988-40ec-970b-d447ed545dfb: receive RaftClientReply:client-B22ED198845A->f3174d56-9988-40ec-970b-d447ed545dfb@group-47B82E5F6106, cid=2903, SUCCESS, logIndex=4330, commits[f3174d56-9988-40ec-970b-d447ed545dfb:c4331, 3e713ff3-0d17-449f-90fa-609b20cf4c10:c4329, 34290298-343f-405c-af97-b2d19041b010:c4329]
2019-09-11 09:06:43,657 [grpc-default-executor-1] INFO  client.GrpcClientProtocolClient (GrpcClientProtocolClient.java:onNext(264)) - client-B22ED198845A->f3174d56-9988-40ec-970b-d447ed545dfb: receive RaftClientReply:client-B22ED198845A->f3174d56-9988-40ec-970b-d447ed545dfb@group-47B82E5F6106, cid=2904, SUCCESS, logIndex=4331, commits[f3174d56-9988-40ec-970b-d447ed545dfb:c4332, 3e713ff3-0d17-449f-90fa-609b20cf4c10:c4329, 34290298-343f-405c-af97-b2d19041b010:c4329]
2019-09-11 09:06:43,657 [grpc-default-executor-1] INFO  client.GrpcClientProtocolClient (GrpcClientProtocolClient.java:onNext(264)) - client-B22ED198845A->f3174d56-9988-40ec-970b-d447ed545dfb: receive RaftClientReply:client-B22ED198845A->f3174d56-9988-40ec-970b-d447ed545dfb@group-47B82E5F6106, cid=2905, SUCCESS, logIndex=4332, commits[f3174d56-9988-40ec-970b-d447ed545dfb:c4333, 3e713ff3-0d17-449f-90fa-609b20cf4c10:c4329, 34290298-343f-405c-af97-b2d19041b010:c4329]
2019-09-11 09:06:43,658 [grpc-default-executor-1] INFO  client.GrpcClientProtocolClient (GrpcClientProtocolClient.java:onNext(264)) - client-B22ED198845A->f3174d56-9988-40ec-970b-d447ed545dfb: receive RaftClientReply:client-B22ED198845A->f3174d56-9988-40ec-970b-d447ed545dfb@group-47B82E5F6106, cid=2906, SUCCESS, logIndex=4333, commits[f3174d56-9988-40ec-970b-d447ed545dfb:c4333, 3e713ff3-0d17-449f-90fa-609b20cf4c10:c4329, 34290298-343f-405c-af97-b2d19041b010:c4329]
2019-09-11 09:06:43,683 [grpc-default-executor-4] INFO  client.GrpcClientProtocolClient (GrpcClientProtocolClient.java:onNext(264)) - client-B22ED198845A->f3174d56-9988-40ec-970b-d447ed545dfb: receive RaftClientReply:client-B22ED198845A->f3174d56-9988-40ec-970b-d447ed545dfb@group-47B82E5F6106, cid=2907, SUCCESS, logIndex=0, commits[f3174d56-9988-40ec-970b-d447ed545dfb:c4336, 3e713ff3-0d17-449f-90fa-609b20cf4c10:c4331, 34290298-343f-405c-af97-b2d19041b010:c4332]
2019-09-11 09:06:43,693 [grpc-default-executor-4] INFO  client.GrpcClientProtocolClient (GrpcClientProtocolClient.java:onNext(264)) - client-B22ED198845A->f3174d56-9988-40ec-970b-d447ed545dfb: receive RaftClientReply:client-B22ED198845A->f3174d56-9988-40ec-970b-d447ed545dfb@group-47B82E5F6106, cid=2908, SUCCESS, logIndex=4338, commits[f3174d56-9988-40ec-970b-d447ed545dfb:c4339, 3e713ff3-0d17-449f-90fa-609b20cf4c10:c4333, 34290298-343f-405c-af97-b2d19041b010:c4337]
2019-09-11 09:06:43,693 [grpc-default-executor-4] INFO  client.GrpcClientProtocolClient (GrpcClientProtocolClient.java:onNext(264)) - client-B22ED198845A->f3174d56-9988-40ec-970b-d447ed545dfb: receive RaftClientReply:client-B22ED198845A->f3174d56-9988-40ec-970b-d447ed545dfb@group-47B82E5F6106, cid=2909, SUCCESS, logIndex=4339, commits[f3174d56-9988-40ec-970b-d447ed545dfb:c4339, 3e713ff3-0d17-449f-90fa-609b20cf4c10:c4333, 34290298-343f-405c-af97-b2d19041b010:c4337]
2019-09-11 09:06:43,704 [grpc-default-executor-1] INFO  client.GrpcClientProtocolClient (GrpcClientProtocolClient.java:onNext(264)) - client-B22ED198845A->f3174d56-9988-40ec-970b-d447ed545dfb: receive RaftClientReply:client-B22ED198845A->f3174d56-9988-40ec-970b-d447ed545dfb@group-47B82E5F6106, cid=2910, SUCCESS, logIndex=4342, commits[f3174d56-9988-40ec-970b-d447ed545dfb:c4343, 3e713ff3-0d17-449f-90fa-609b20cf4c10:c4340, 34290298-343f-405c-af97-b2d19041b010:c4339]
2019-09-11 09:06:43,704 [grpc-default-executor-1] INFO  client.GrpcClientProtocolClient (GrpcClientProtocolClient.java:onNext(264)) - client-B22ED198845A->f3174d56-9988-40ec-970b-d447ed545dfb: receive RaftClientReply:client-B22ED198845A->f3174d56-9988-40ec-970b-d447ed545dfb@group-47B82E5F6106, cid=2911, SUCCESS, logIndex=4343, commits[f3174d56-9988-40ec-970b-d447ed545dfb:c4343, 3e713ff3-0d17-449f-90fa-609b20cf4c10:c4340, 34290298-343f-405c-af97-b2d19041b010:c4340]
2019-09-11 09:06:43,707 [grpc-default-executor-1] INFO  client.GrpcClientProtocolClient (GrpcClientProtocolClient.java:onNext(264)) - client-B22ED198845A->f3174d56-9988-40ec-970b-d447ed545dfb: receive RaftClientReply:client-B22ED198845A->f3174d56-9988-40ec-970b-d447ed545dfb@group-47B82E5F6106, cid=2912, SUCCESS, logIndex=0, commits[f3174d56-9988-40ec-970b-d447ed545dfb:c4344, 3e713ff3-0d17-449f-90fa-609b20cf4c10:c4343, 34290298-343f-405c-af97-b2d19041b010:c4343]
2019-09-11 09:06:43,737 [grpc-default-executor-0] INFO  client.GrpcClientProtocolClient (GrpcClientProtocolClient.java:onNext(264)) - client-B22ED198845A->f3174d56-9988-40ec-970b-d447ed545dfb: receive RaftClientReply:client-B22ED198845A->f3174d56-9988-40ec-970b-d447ed545dfb@group-47B82E5F6106, cid=2913, SUCCESS, logIndex=4346, commits[f3174d56-9988-40ec-970b-d447ed545dfb:c4347, 3e713ff3-0d17-449f-90fa-609b20cf4c10:c4345, 34290298-343f-405c-af97-b2d19041b010:c4345]
2019-09-11 09:06:43,738 [grpc-default-executor-0] INFO  client.GrpcClientProtocolClient (GrpcClientProtocolClient.java:onNext(264)) - client-B22ED198845A->f3174d56-9988-40ec-970b-d447ed545dfb: receive RaftClientReply:client-B22ED198845A->f3174d56-9988-40ec-970b-d447ed545dfb@group-47B82E5F6106, cid=2914, SUCCESS, logIndex=4347, commits[f3174d56-9988-40ec-970b-d447ed545dfb:c4347, 3e713ff3-0d17-449f-90fa-609b20cf4c10:c4345, 34290298-343f-405c-af97-b2d19041b010:c4345]
2019-09-11 09:06:43,739 [grpc-default-executor-4] INFO  client.GrpcClientProtocolClient (GrpcClientProtocolClient.java:onNext(264)) - client-B22ED198845A->f3174d56-9988-40ec-970b-d447ed545dfb: receive RaftClientReply:client-B22ED198845A->f3174d56-9988-40ec-970b-d447ed545dfb@group-47B82E5F6106, cid=2915, SUCCESS, logIndex=4348, commits[f3174d56-9988-40ec-970b-d447ed545dfb:c4349, 3e713ff3-0d17-449f-90fa-609b20cf4c10:c4345, 34290298-343f-405c-af97-b2d19041b010:c4345]
2019-09-11 09:06:43,739 [grpc-default-executor-4] INFO  client.GrpcClientProtocolClient (GrpcClientProtocolClient.java:onNext(264)) - client-B22ED198845A->f3174d56-9988-40ec-970b-d447ed545dfb: receive RaftClientReply:client-B22ED198845A->f3174d56-9988-40ec-970b-d447ed545dfb@group-47B82E5F6106, cid=2916, SUCCESS, logIndex=4349, commits[f3174d56-9988-40ec-970b-d447ed545dfb:c4349, 3e713ff3-0d17-449f-90fa-609b20cf4c10:c4345, 34290298-343f-405c-af97-b2d19041b010:c4345]
2019-09-11 09:06:43,751 [grpc-default-executor-4] INFO  client.GrpcClientProtocolClient (GrpcClientProtocolClient.java:onNext(264)) - client-B22ED198845A->f3174d56-9988-40ec-970b-d447ed545dfb: receive RaftClientReply:client-B22ED198845A->f3174d56-9988-40ec-970b-d447ed545dfb@group-47B82E5F6106, cid=2917, SUCCESS, logIndex=0, commits[f3174d56-9988-40ec-970b-d447ed545dfb:c4351, 3e713ff3-0d17-449f-90fa-609b20cf4c10:c4347, 34290298-343f-405c-af97-b2d19041b010:c4347]
2019-09-11 09:06:43,770 [grpc-default-executor-0] INFO  client.GrpcClientProtocolClient (GrpcClientProtocolClient.java:onNext(264)) - client-B22ED198845A->f3174d56-9988-40ec-970b-d447ed545dfb: receive RaftClientReply:client-B22ED198845A->f3174d56-9988-40ec-970b-d447ed545dfb@group-47B82E5F6106, cid=2918, SUCCESS, logIndex=4354, commits[f3174d56-9988-40ec-970b-d447ed545dfb:c4355, 3e713ff3-0d17-449f-90fa-609b20cf4c10:c4353, 34290298-343f-405c-af97-b2d19041b010:c4353]
2019-09-11 09:06:43,770 [grpc-default-executor-0] INFO  client.GrpcClientProtocolClient (GrpcClientProtocolClient.java:onNext(264)) - client-B22ED198845A->f3174d56-9988-40ec-970b-d447ed545dfb: receive RaftClientReply:client-B22ED198845A->f3174d56-9988-40ec-970b-d447ed545dfb@group-47B82E5F6106, cid=2919, SUCCESS, logIndex=4355, commits[f3174d56-9988-40ec-970b-d447ed545dfb:c4355, 3e713ff3-0d17-449f-90fa-609b20cf4c10:c4353, 34290298-343f-405c-af97-b2d19041b010:c4353]
2019-09-11 09:06:43,924 [grpc-default-executor-0] INFO  client.GrpcClientProtocolClient (GrpcClientProtocolClient.java:onNext(264)) - client-B22ED198845A->f3174d56-9988-40ec-970b-d447ed545dfb: receive RaftClientReply:client-B22ED198845A->f3174d56-9988-40ec-970b-d447ed545dfb@group-47B82E5F6106, cid=2920, SUCCESS, logIndex=4358, commits[f3174d56-9988-40ec-970b-d447ed545dfb:c4359, 3e713ff3-0d17-449f-90fa-609b20cf4c10:c4355, 34290298-343f-405c-af97-b2d19041b010:c4355]
2019-09-11 09:06:43,924 [grpc-default-executor-0] INFO  client.GrpcClientProtocolClient (GrpcClientProtocolClient.java:onNext(264)) - client-B22ED198845A->f3174d56-9988-40ec-970b-d447ed545dfb: receive RaftClientReply:client-B22ED198845A->f3174d56-9988-40ec-970b-d447ed545dfb@group-47B82E5F6106, cid=2921, SUCCESS, logIndex=4359, commits[f3174d56-9988-40ec-970b-d447ed545dfb:c4359, 3e713ff3-0d17-449f-90fa-609b20cf4c10:c4355, 34290298-343f-405c-af97-b2d19041b010:c4355]
2019-09-11 09:06:43,949 [grpc-default-executor-0] INFO  client.GrpcClientProtocolClient (GrpcClientProtocolClient.java:onNext(264)) - client-B22ED198845A->f3174d56-9988-40ec-970b-d447ed545dfb: receive RaftClientReply:client-B22ED198845A->f3174d56-9988-40ec-970b-d447ed545dfb@group-47B82E5F6106, cid=2922, SUCCESS, logIndex=0, commits[f3174d56-9988-40ec-970b-d447ed545dfb:c4361, 3e713ff3-0d17-449f-90fa-609b20cf4c10:c4359, 34290298-343f-405c-af97-b2d19041b010:c4359]
2019-09-11 09:06:43,984 [grpc-default-executor-0] INFO  client.GrpcClientProtocolClient (GrpcClientProtocolClient.java:onNext(264)) - client-B22ED198845A->f3174d56-9988-40ec-970b-d447ed545dfb: receive RaftClientReply:client-B22ED198845A->f3174d56-9988-40ec-970b-d447ed545dfb@group-47B82E5F6106, cid=2923, SUCCESS, logIndex=4362, commits[f3174d56-9988-40ec-970b-d447ed545dfb:c4364, 3e713ff3-0d17-449f-90fa-609b20cf4c10:c4361, 34290298-343f-405c-af97-b2d19041b010:c4361]
2019-09-11 09:06:43,985 [grpc-default-executor-0] INFO  client.GrpcClientProtocolClient (GrpcClientProtocolClient.java:onNext(264)) - client-B22ED198845A->f3174d56-9988-40ec-970b-d447ed545dfb: receive RaftClientReply:client-B22ED198845A->f3174d56-9988-40ec-970b-d447ed545dfb@group-47B82E5F6106, cid=2924, SUCCESS, logIndex=4363, commits[f3174d56-9988-40ec-970b-d447ed545dfb:c4365, 3e713ff3-0d17-449f-90fa-609b20cf4c10:c4361, 34290298-343f-405c-af97-b2d19041b010:c4361]
2019-09-11 09:06:43,985 [grpc-default-executor-0] INFO  client.GrpcClientProtocolClient (GrpcClientProtocolClient.java:onNext(264)) - client-B22ED198845A->f3174d56-9988-40ec-970b-d447ed545dfb: receive RaftClientReply:client-B22ED198845A->f3174d56-9988-40ec-970b-d447ed545dfb@group-47B82E5F6106, cid=2925, SUCCESS, logIndex=4364, commits[f3174d56-9988-40ec-970b-d447ed545dfb:c4365, 3e713ff3-0d17-449f-90fa-609b20cf4c10:c4361, 34290298-343f-405c-af97-b2d19041b010:c4361]
2019-09-11 09:06:43,985 [grpc-default-executor-0] INFO  client.GrpcClientProtocolClient (GrpcClientProtocolClient.java:onNext(264)) - client-B22ED198845A->f3174d56-9988-40ec-970b-d447ed545dfb: receive RaftClientReply:client-B22ED198845A->f3174d56-9988-40ec-970b-d447ed545dfb@group-47B82E5F6106, cid=2926, SUCCESS, logIndex=4365, commits[f3174d56-9988-40ec-970b-d447ed545dfb:c4365, 3e713ff3-0d17-449f-90fa-609b20cf4c10:c4361, 34290298-343f-405c-af97-b2d19041b010:c4361]
2019-09-11 09:06:43,997 [grpc-default-executor-0] INFO  client.GrpcClientProtocolClient (GrpcClientProtocolClient.java:onNext(264)) - client-B22ED198845A->f3174d56-9988-40ec-970b-d447ed545dfb: receive RaftClientReply:client-B22ED198845A->f3174d56-9988-40ec-970b-d447ed545dfb@group-47B82E5F6106, cid=2927, SUCCESS, logIndex=0, commits[f3174d56-9988-40ec-970b-d447ed545dfb:c4366, 3e713ff3-0d17-449f-90fa-609b20cf4c10:c4363, 34290298-343f-405c-af97-b2d19041b010:c4363]
2019-09-11 09:06:44,021 [grpc-default-executor-1] INFO  client.GrpcClientProtocolClient (GrpcClientProtocolClient.java:onNext(264)) - client-B22ED198845A->f3174d56-9988-40ec-970b-d447ed545dfb: receive RaftClientReply:client-B22ED198845A->f3174d56-9988-40ec-970b-d447ed545dfb@group-47B82E5F6106, cid=2928, SUCCESS, logIndex=4370, commits[f3174d56-9988-40ec-970b-d447ed545dfb:c4371, 3e713ff3-0d17-449f-90fa-609b20cf4c10:c4366, 34290298-343f-405c-af97-b2d19041b010:c4366]
2019-09-11 09:06:44,022 [grpc-default-executor-1] INFO  client.GrpcClientProtocolClient (GrpcClientProtocolClient.java:onNext(264)) - client-B22ED198845A->f3174d56-9988-40ec-970b-d447ed545dfb: receive RaftClientReply:client-B22ED198845A->f3174d56-9988-40ec-970b-d447ed545dfb@group-47B82E5F6106, cid=2929, SUCCESS, logIndex=4371, commits[f3174d56-9988-40ec-970b-d447ed545dfb:c4371, 3e713ff3-0d17-449f-90fa-609b20cf4c10:c4366, 34290298-343f-405c-af97-b2d19041b010:c4366]
2019-09-11 09:06:44,030 [grpc-default-executor-1] INFO  client.GrpcClientProtocolClient (GrpcClientProtocolClient.java:onNext(264)) - client-B22ED198845A->f3174d56-9988-40ec-970b-d447ed545dfb: receive RaftClientReply:client-B22ED198845A->f3174d56-9988-40ec-970b-d447ed545dfb@group-47B82E5F6106, cid=2930, SUCCESS, logIndex=4374, commits[f3174d56-9988-40ec-970b-d447ed545dfb:c4375, 3e713ff3-0d17-449f-90fa-609b20cf4c10:c4371, 34290298-343f-405c-af97-b2d19041b010:c4372]
2019-09-11 09:06:44,031 [grpc-default-executor-1] INFO  client.GrpcClientProtocolClient (GrpcClientProtocolClient.java:onNext(264)) - client-B22ED198845A->f3174d56-9988-40ec-970b-d447ed545dfb: receive RaftClientReply:client-B22ED198845A->f3174d56-9988-40ec-970b-d447ed545dfb@group-47B82E5F6106, cid=2931, SUCCESS, logIndex=4375, commits[f3174d56-9988-40ec-970b-d447ed545dfb:c4375, 3e713ff3-0d17-449f-90fa-609b20cf4c10:c4372, 34290298-343f-405c-af97-b2d19041b010:c4372]
2019-09-11 09:06:44,033 [grpc-default-executor-1] INFO  client.GrpcClientProtocolClient (GrpcClientProtocolClient.java:onNext(264)) - client-B22ED198845A->f3174d56-9988-40ec-970b-d447ed545dfb: receive RaftClientReply:client-B22ED198845A->f3174d56-9988-40ec-970b-d447ed545dfb@group-47B82E5F6106, cid=2932, SUCCESS, logIndex=0, commits[f3174d56-9988-40ec-970b-d447ed545dfb:c4376, 3e713ff3-0d17-449f-90fa-609b20cf4c10:c4375, 34290298-343f-405c-af97-b2d19041b010:c4375]
2019-09-11 09:06:44,052 [grpc-default-executor-0] INFO  client.GrpcClientProtocolClient (GrpcClientProtocolClient.java:onNext(264)) - client-B22ED198845A->f3174d56-9988-40ec-970b-d447ed545dfb: receive RaftClientReply:client-B22ED198845A->f3174d56-9988-40ec-970b-d447ed545dfb@group-47B82E5F6106, cid=2933, SUCCESS, logIndex=4378, commits[f3174d56-9988-40ec-970b-d447ed545dfb:c4381, 3e713ff3-0d17-449f-90fa-609b20cf4c10:c4375, 34290298-343f-405c-af97-b2d19041b010:c4377]
2019-09-11 09:06:44,053 [grpc-default-executor-0] INFO  client.GrpcClientProtocolClient (GrpcClientProtocolClient.java:onNext(264)) - client-B22ED198845A->f3174d56-9988-40ec-970b-d447ed545dfb: receive RaftClientReply:client-B22ED198845A->f3174d56-9988-40ec-970b-d447ed545dfb@group-47B82E5F6106, cid=2934, SUCCESS, logIndex=4379, commits[f3174d56-9988-40ec-970b-d447ed545dfb:c4381, 3e713ff3-0d17-449f-90fa-609b20cf4c10:c4375, 34290298-343f-405c-af97-b2d19041b010:c4377]
2019-09-11 09:06:44,053 [grpc-default-executor-0] INFO  client.GrpcClientProtocolClient (GrpcClientProtocolClient.java:onNext(264)) - client-B22ED198845A->f3174d56-9988-40ec-970b-d447ed545dfb: receive RaftClientReply:client-B22ED198845A->f3174d56-9988-40ec-970b-d447ed545dfb@group-47B82E5F6106, cid=2935, SUCCESS, logIndex=4380, commits[f3174d56-9988-40ec-970b-d447ed545dfb:c4381, 3e713ff3-0d17-449f-90fa-609b20cf4c10:c4375, 34290298-343f-405c-af97-b2d19041b010:c4377]
2019-09-11 09:06:44,053 [grpc-default-executor-0] INFO  client.GrpcClientProtocolClient (GrpcClientProtocolClient.java:onNext(264)) - client-B22ED198845A->f3174d56-9988-40ec-970b-d447ed545dfb: receive RaftClientReply:client-B22ED198845A->f3174d56-9988-40ec-970b-d447ed545dfb@group-47B82E5F6106, cid=2936, SUCCESS, logIndex=4381, commits[f3174d56-9988-40ec-970b-d447ed545dfb:c4381, 3e713ff3-0d17-449f-90fa-609b20cf4c10:c4375, 34290298-343f-405c-af97-b2d19041b010:c4377]
2019-09-11 09:06:44,059 [grpc-default-executor-0] INFO  client.GrpcClientProtocolClient (GrpcClientProtocolClient.java:onNext(264)) - client-B22ED198845A->f3174d56-9988-40ec-970b-d447ed545dfb: receive RaftClientReply:client-B22ED198845A->f3174d56-9988-40ec-970b-d447ed545dfb@group-47B82E5F6106, cid=2937, SUCCESS, logIndex=0, commits[f3174d56-9988-40ec-970b-d447ed545dfb:c4385, 3e713ff3-0d17-449f-90fa-609b20cf4c10:c4380, 34290298-343f-405c-af97-b2d19041b010:c4381]
2019-09-11 09:06:44,068 [grpc-default-executor-4] INFO  client.GrpcClientProtocolClient (GrpcClientProtocolClient.java:onNext(264)) - client-B22ED198845A->f3174d56-9988-40ec-970b-d447ed545dfb: receive RaftClientReply:client-B22ED198845A->f3174d56-9988-40ec-970b-d447ed545dfb@group-47B82E5F6106, cid=2938, SUCCESS, logIndex=4386, commits[f3174d56-9988-40ec-970b-d447ed545dfb:c4387, 3e713ff3-0d17-449f-90fa-609b20cf4c10:c4381, 34290298-343f-405c-af97-b2d19041b010:c4385]
2019-09-11 09:06:44,068 [grpc-default-executor-4] INFO  client.GrpcClientProtocolClient (GrpcClientProtocolClient.java:onNext(264)) - client-B22ED198845A->f3174d56-9988-40ec-970b-d447ed545dfb: receive RaftClientReply:client-B22ED198845A->f3174d56-9988-40ec-970b-d447ed545dfb@group-47B82E5F6106, cid=2939, SUCCESS, logIndex=4387, commits[f3174d56-9988-40ec-970b-d447ed545dfb:c4387, 3e713ff3-0d17-449f-90fa-609b20cf4c10:c4381, 34290298-343f-405c-af97-b2d19041b010:c4385]
2019-09-11 09:06:44,076 [grpc-default-executor-0] INFO  client.GrpcClientProtocolClient (GrpcClientProtocolClient.java:onNext(264)) - client-B22ED198845A->f3174d56-9988-40ec-970b-d447ed545dfb: receive RaftClientReply:client-B22ED198845A->f3174d56-9988-40ec-970b-d447ed545dfb@group-47B82E5F6106, cid=2940, SUCCESS, logIndex=4390, commits[f3174d56-9988-40ec-970b-d447ed545dfb:c4391, 3e713ff3-0d17-449f-90fa-609b20cf4c10:c4389, 34290298-343f-405c-af97-b2d19041b010:c4387]
2019-09-11 09:06:44,077 [grpc-default-executor-4] INFO  client.GrpcClientProtocolClient (GrpcClientProtocolClient.java:onNext(264)) - client-B22ED198845A->f3174d56-9988-40ec-970b-d447ed545dfb: receive RaftClientReply:client-B22ED198845A->f3174d56-9988-40ec-970b-d447ed545dfb@group-47B82E5F6106, cid=2941, SUCCESS, logIndex=4391, commits[f3174d56-9988-40ec-970b-d447ed545dfb:c4391, 3e713ff3-0d17-449f-90fa-609b20cf4c10:c4389, 34290298-343f-405c-af97-b2d19041b010:c4387]
2019-09-11 09:06:44,082 [grpc-default-executor-4] INFO  client.GrpcClientProtocolClient (GrpcClientProtocolClient.java:onNext(264)) - client-B22ED198845A->f3174d56-9988-40ec-970b-d447ed545dfb: receive RaftClientReply:client-B22ED198845A->f3174d56-9988-40ec-970b-d447ed545dfb@group-47B82E5F6106, cid=2942, SUCCESS, logIndex=0, commits[f3174d56-9988-40ec-970b-d447ed545dfb:c4393, 3e713ff3-0d17-449f-90fa-609b20cf4c10:c4391, 34290298-343f-405c-af97-b2d19041b010:c4391]
2019-09-11 09:06:44,098 [grpc-default-executor-4] INFO  client.GrpcClientProtocolClient (GrpcClientProtocolClient.java:onNext(264)) - client-B22ED198845A->f3174d56-9988-40ec-970b-d447ed545dfb: receive RaftClientReply:client-B22ED198845A->f3174d56-9988-40ec-970b-d447ed545dfb@group-47B82E5F6106, cid=2943, SUCCESS, logIndex=4394, commits[f3174d56-9988-40ec-970b-d447ed545dfb:c4395, 3e713ff3-0d17-449f-90fa-609b20cf4c10:c4391, 34290298-343f-405c-af97-b2d19041b010:c4393]
2019-09-11 09:06:44,099 [grpc-default-executor-4] INFO  client.GrpcClientProtocolClient (GrpcClientProtocolClient.java:onNext(264)) - client-B22ED198845A->f3174d56-9988-40ec-970b-d447ed545dfb: receive RaftClientReply:client-B22ED198845A->f3174d56-9988-40ec-970b-d447ed545dfb@group-47B82E5F6106, cid=2944, SUCCESS, logIndex=4395, commits[f3174d56-9988-40ec-970b-d447ed545dfb:c4395, 3e713ff3-0d17-449f-90fa-609b20cf4c10:c4391, 34290298-343f-405c-af97-b2d19041b010:c4393]
2019-09-11 09:06:44,104 [grpc-default-executor-4] INFO  client.GrpcClientProtocolClient (GrpcClientProtocolClient.java:onNext(264)) - client-B22ED198845A->f3174d56-9988-40ec-970b-d447ed545dfb: receive RaftClientReply:client-B22ED198845A->f3174d56-9988-40ec-970b-d447ed545dfb@group-47B82E5F6106, cid=2945, SUCCESS, logIndex=4396, commits[f3174d56-9988-40ec-970b-d447ed545dfb:c4396, 3e713ff3-0d17-449f-90fa-609b20cf4c10:c4393, 34290298-343f-405c-af97-b2d19041b010:c4393]
2019-09-11 09:06:44,104 [grpc-default-executor-4] INFO  client.GrpcClientProtocolClient (GrpcClientProtocolClient.java:onNext(264)) - client-B22ED198845A->f3174d56-9988-40ec-970b-d447ed545dfb: receive RaftClientReply:client-B22ED198845A->f3174d56-9988-40ec-970b-d447ed545dfb@group-47B82E5F6106, cid=2946, SUCCESS, logIndex=4397, commits[f3174d56-9988-40ec-970b-d447ed545dfb:c4397, 3e713ff3-0d17-449f-90fa-609b20cf4c10:c4395, 34290298-343f-405c-af97-b2d19041b010:c4394]
2019-09-11 09:06:44,104 [grpc-default-executor-4] INFO  client.GrpcClientProtocolClient (GrpcClientProtocolClient.java:onNext(264)) - client-B22ED198845A->f3174d56-9988-40ec-970b-d447ed545dfb: receive RaftClientReply:client-B22ED198845A->f3174d56-9988-40ec-970b-d447ed545dfb@group-47B82E5F6106, cid=2947, SUCCESS, logIndex=0, commits[f3174d56-9988-40ec-970b-d447ed545dfb:c4399, 3e713ff3-0d17-449f-90fa-609b20cf4c10:c4395, 34290298-343f-405c-af97-b2d19041b010:c4395]
2019-09-11 09:06:44,115 [grpc-default-executor-4] INFO  client.GrpcClientProtocolClient (GrpcClientProtocolClient.java:onNext(264)) - client-B22ED198845A->f3174d56-9988-40ec-970b-d447ed545dfb: receive RaftClientReply:client-B22ED198845A->f3174d56-9988-40ec-970b-d447ed545dfb@group-47B82E5F6106, cid=2948, SUCCESS, logIndex=4401, commits[f3174d56-9988-40ec-970b-d447ed545dfb:c4402, 3e713ff3-0d17-449f-90fa-609b20cf4c10:c4396, 34290298-343f-405c-af97-b2d19041b010:c4400]
2019-09-11 09:06:44,115 [grpc-default-executor-4] INFO  client.GrpcClientProtocolClient (GrpcClientProtocolClient.java:onNext(264)) - client-B22ED198845A->f3174d56-9988-40ec-970b-d447ed545dfb: receive RaftClientReply:client-B22ED198845A->f3174d56-9988-40ec-970b-d447ed545dfb@group-47B82E5F6106, cid=2949, SUCCESS, logIndex=4402, commits[f3174d56-9988-40ec-970b-d447ed545dfb:c4402, 3e713ff3-0d17-449f-90fa-609b20cf4c10:c4400, 34290298-343f-405c-af97-b2d19041b010:c4400]
2019-09-11 09:06:44,126 [grpc-default-executor-5] INFO  client.GrpcClientProtocolClient (GrpcClientProtocolClient.java:onNext(264)) - client-B22ED198845A->f3174d56-9988-40ec-970b-d447ed545dfb: receive RaftClientReply:client-B22ED198845A->f3174d56-9988-40ec-970b-d447ed545dfb@group-47B82E5F6106, cid=2950, SUCCESS, logIndex=4405, commits[f3174d56-9988-40ec-970b-d447ed545dfb:c4406, 3e713ff3-0d17-449f-90fa-609b20cf4c10:c4404, 34290298-343f-405c-af97-b2d19041b010:c4404]
2019-09-11 09:06:44,126 [grpc-default-executor-5] INFO  client.GrpcClientProtocolClient (GrpcClientProtocolClient.java:onNext(264)) - client-B22ED198845A->f3174d56-9988-40ec-970b-d447ed545dfb: receive RaftClientReply:client-B22ED198845A->f3174d56-9988-40ec-970b-d447ed545dfb@group-47B82E5F6106, cid=2951, SUCCESS, logIndex=4406, commits[f3174d56-9988-40ec-970b-d447ed545dfb:c4406, 3e713ff3-0d17-449f-90fa-609b20cf4c10:c4404, 34290298-343f-405c-af97-b2d19041b010:c4404]
2019-09-11 09:06:44,132 [grpc-default-executor-0] INFO  client.GrpcClientProtocolClient (GrpcClientProtocolClient.java:onNext(264)) - client-B22ED198845A->f3174d56-9988-40ec-970b-d447ed545dfb: receive RaftClientReply:client-B22ED198845A->f3174d56-9988-40ec-970b-d447ed545dfb@group-47B82E5F6106, cid=2952, SUCCESS, logIndex=0, commits[f3174d56-9988-40ec-970b-d447ed545dfb:c4408, 3e713ff3-0d17-449f-90fa-609b20cf4c10:c4406, 34290298-343f-405c-af97-b2d19041b010:c4406]
2019-09-11 09:06:44,150 [grpc-default-executor-4] INFO  client.GrpcClientProtocolClient (GrpcClientProtocolClient.java:onNext(264)) - client-B22ED198845A->f3174d56-9988-40ec-970b-d447ed545dfb: receive RaftClientReply:client-B22ED198845A->f3174d56-9988-40ec-970b-d447ed545dfb@group-47B82E5F6106, cid=2953, SUCCESS, logIndex=4409, commits[f3174d56-9988-40ec-970b-d447ed545dfb:c4410, 3e713ff3-0d17-449f-90fa-609b20cf4c10:c4408, 34290298-343f-405c-af97-b2d19041b010:c4406]
2019-09-11 09:06:44,150 [grpc-default-executor-4] INFO  client.GrpcClientProtocolClient (GrpcClientProtocolClient.java:onNext(264)) - client-B22ED198845A->f3174d56-9988-40ec-970b-d447ed545dfb: receive RaftClientReply:client-B22ED198845A->f3174d56-9988-40ec-970b-d447ed545dfb@group-47B82E5F6106, cid=2954, SUCCESS, logIndex=4410, commits[f3174d56-9988-40ec-970b-d447ed545dfb:c4410, 3e713ff3-0d17-449f-90fa-609b20cf4c10:c4408, 34290298-343f-405c-af97-b2d19041b010:c4406]
2019-09-11 09:06:44,161 [grpc-default-executor-0] INFO  client.GrpcClientProtocolClient (GrpcClientProtocolClient.java:onNext(264)) - client-B22ED198845A->f3174d56-9988-40ec-970b-d447ed545dfb: receive RaftClientReply:client-B22ED198845A->f3174d56-9988-40ec-970b-d447ed545dfb@group-47B82E5F6106, cid=2955, SUCCESS, logIndex=4411, commits[f3174d56-9988-40ec-970b-d447ed545dfb:c4413, 3e713ff3-0d17-449f-90fa-609b20cf4c10:c4409, 34290298-343f-405c-af97-b2d19041b010:c4408]
2019-09-11 09:06:44,162 [grpc-default-executor-0] INFO  client.GrpcClientProtocolClient (GrpcClientProtocolClient.java:onNext(264)) - client-B22ED198845A->f3174d56-9988-40ec-970b-d447ed545dfb: receive RaftClientReply:client-B22ED198845A->f3174d56-9988-40ec-970b-d447ed545dfb@group-47B82E5F6106, cid=2956, SUCCESS, logIndex=4412, commits[f3174d56-9988-40ec-970b-d447ed545dfb:c4414, 3e713ff3-0d17-449f-90fa-609b20cf4c10:c4410, 34290298-343f-405c-af97-b2d19041b010:c4408]
2019-09-11 09:06:44,162 [grpc-default-executor-0] INFO  client.GrpcClientProtocolClient (GrpcClientProtocolClient.java:onNext(264)) - client-B22ED198845A->f3174d56-9988-40ec-970b-d447ed545dfb: receive RaftClientReply:client-B22ED198845A->f3174d56-9988-40ec-970b-d447ed545dfb@group-47B82E5F6106, cid=2957, SUCCESS, logIndex=0, commits[f3174d56-9988-40ec-970b-d447ed545dfb:c4414, 3e713ff3-0d17-449f-90fa-609b20cf4c10:c4410, 34290298-343f-405c-af97-b2d19041b010:c4410]
2019-09-11 09:06:44,172 [grpc-default-executor-5] INFO  client.GrpcClientProtocolClient (GrpcClientProtocolClient.java:onNext(264)) - client-B22ED198845A->f3174d56-9988-40ec-970b-d447ed545dfb: receive RaftClientReply:client-B22ED198845A->f3174d56-9988-40ec-970b-d447ed545dfb@group-47B82E5F6106, cid=2958, SUCCESS, logIndex=4417, commits[f3174d56-9988-40ec-970b-d447ed545dfb:c4418, 3e713ff3-0d17-449f-90fa-609b20cf4c10:c4416, 34290298-343f-405c-af97-b2d19041b010:c4412]
2019-09-11 09:06:44,172 [grpc-default-executor-5] INFO  client.GrpcClientProtocolClient (GrpcClientProtocolClient.java:onNext(264)) - client-B22ED198845A->f3174d56-9988-40ec-970b-d447ed545dfb: receive RaftClientReply:client-B22ED198845A->f3174d56-9988-40ec-970b-d447ed545dfb@group-47B82E5F6106, cid=2959, SUCCESS, logIndex=4418, commits[f3174d56-9988-40ec-970b-d447ed545dfb:c4418, 3e713ff3-0d17-449f-90fa-609b20cf4c10:c4416, 34290298-343f-405c-af97-b2d19041b010:c4416]
2019-09-11 09:06:44,181 [grpc-default-executor-4] INFO  client.GrpcClientProtocolClient (GrpcClientProtocolClient.java:onNext(264)) - client-B22ED198845A->f3174d56-9988-40ec-970b-d447ed545dfb: receive RaftClientReply:client-B22ED198845A->f3174d56-9988-40ec-970b-d447ed545dfb@group-47B82E5F6106, cid=2960, SUCCESS, logIndex=4421, commits[f3174d56-9988-40ec-970b-d447ed545dfb:c4422, 3e713ff3-0d17-449f-90fa-609b20cf4c10:c4419, 34290298-343f-405c-af97-b2d19041b010:c4418]
2019-09-11 09:06:44,181 [grpc-default-executor-4] INFO  client.GrpcClientProtocolClient (GrpcClientProtocolClient.java:onNext(264)) - client-B22ED198845A->f3174d56-9988-40ec-970b-d447ed545dfb: receive RaftClientReply:client-B22ED198845A->f3174d56-9988-40ec-970b-d447ed545dfb@group-47B82E5F6106, cid=2961, SUCCESS, logIndex=4422, commits[f3174d56-9988-40ec-970b-d447ed545dfb:c4422, 3e713ff3-0d17-449f-90fa-609b20cf4c10:c4419, 34290298-343f-405c-af97-b2d19041b010:c4418]
2019-09-11 09:06:44,185 [grpc-default-executor-4] INFO  client.GrpcClientProtocolClient (GrpcClientProtocolClient.java:onNext(264)) - client-B22ED198845A->f3174d56-9988-40ec-970b-d447ed545dfb: receive RaftClientReply:client-B22ED198845A->f3174d56-9988-40ec-970b-d447ed545dfb@group-47B82E5F6106, cid=2962, SUCCESS, logIndex=0, commits[f3174d56-9988-40ec-970b-d447ed545dfb:c4423, 3e713ff3-0d17-449f-90fa-609b20cf4c10:c4422, 34290298-343f-405c-af97-b2d19041b010:c4422]
2019-09-11 09:06:44,210 [grpc-default-executor-5] INFO  client.GrpcClientProtocolClient (GrpcClientProtocolClient.java:onNext(264)) - client-B22ED198845A->f3174d56-9988-40ec-970b-d447ed545dfb: receive RaftClientReply:client-B22ED198845A->f3174d56-9988-40ec-970b-d447ed545dfb@group-47B82E5F6106, cid=2963, SUCCESS, logIndex=4425, commits[f3174d56-9988-40ec-970b-d447ed545dfb:c4425, 3e713ff3-0d17-449f-90fa-609b20cf4c10:c4424, 34290298-343f-405c-af97-b2d19041b010:c4424]
2019-09-11 09:06:44,210 [grpc-default-executor-5] INFO  client.GrpcClientProtocolClient (GrpcClientProtocolClient.java:onNext(264)) - client-B22ED198845A->f3174d56-9988-40ec-970b-d447ed545dfb: receive RaftClientReply:client-B22ED198845A->f3174d56-9988-40ec-970b-d447ed545dfb@group-47B82E5F6106, cid=2964, SUCCESS, logIndex=4426, commits[f3174d56-9988-40ec-970b-d447ed545dfb:c4426, 3e713ff3-0d17-449f-90fa-609b20cf4c10:c4424, 34290298-343f-405c-af97-b2d19041b010:c4424]
2019-09-11 09:06:44,210 [grpc-default-executor-5] INFO  client.GrpcClientProtocolClient (GrpcClientProtocolClient.java:onNext(264)) - client-B22ED198845A->f3174d56-9988-40ec-970b-d447ed545dfb: receive RaftClientReply:client-B22ED198845A->f3174d56-9988-40ec-970b-d447ed545dfb@group-47B82E5F6106, cid=2965, SUCCESS, logIndex=4427, commits[f3174d56-9988-40ec-970b-d447ed545dfb:c4428, 3e713ff3-0d17-449f-90fa-609b20cf4c10:c4424, 34290298-343f-405c-af97-b2d19041b010:c4424]
2019-09-11 09:06:44,211 [grpc-default-executor-5] INFO  client.GrpcClientProtocolClient (GrpcClientProtocolClient.java:onNext(264)) - client-B22ED198845A->f3174d56-9988-40ec-970b-d447ed545dfb: receive RaftClientReply:client-B22ED198845A->f3174d56-9988-40ec-970b-d447ed545dfb@group-47B82E5F6106, cid=2966, SUCCESS, logIndex=4428, commits[f3174d56-9988-40ec-970b-d447ed545dfb:c4428, 3e713ff3-0d17-449f-90fa-609b20cf4c10:c4424, 34290298-343f-405c-af97-b2d19041b010:c4424]
2019-09-11 09:06:44,213 [grpc-default-executor-5] INFO  client.GrpcClientProtocolClient (GrpcClientProtocolClient.java:onNext(264)) - client-B22ED198845A->f3174d56-9988-40ec-970b-d447ed545dfb: receive RaftClientReply:client-B22ED198845A->f3174d56-9988-40ec-970b-d447ed545dfb@group-47B82E5F6106, cid=2967, SUCCESS, logIndex=0, commits[f3174d56-9988-40ec-970b-d447ed545dfb:c4431, 3e713ff3-0d17-449f-90fa-609b20cf4c10:c4426, 34290298-343f-405c-af97-b2d19041b010:c4428]
2019-09-11 09:06:44,226 [grpc-default-executor-4] INFO  client.GrpcClientProtocolClient (GrpcClientProtocolClient.java:onNext(264)) - client-B22ED198845A->f3174d56-9988-40ec-970b-d447ed545dfb: receive RaftClientReply:client-B22ED198845A->f3174d56-9988-40ec-970b-d447ed545dfb@group-47B82E5F6106, cid=2968, SUCCESS, logIndex=4432, commits[f3174d56-9988-40ec-970b-d447ed545dfb:c4432, 3e713ff3-0d17-449f-90fa-609b20cf4c10:c4431, 34290298-343f-405c-af97-b2d19041b010:c4431]
2019-09-11 09:06:44,227 [grpc-default-executor-4] INFO  client.GrpcClientProtocolClient (GrpcClientProtocolClient.java:onNext(264)) - client-B22ED198845A->f3174d56-9988-40ec-970b-d447ed545dfb: receive RaftClientReply:client-B22ED198845A->f3174d56-9988-40ec-970b-d447ed545dfb@group-47B82E5F6106, cid=2969, SUCCESS, logIndex=4433, commits[f3174d56-9988-40ec-970b-d447ed545dfb:c4433, 3e713ff3-0d17-449f-90fa-609b20cf4c10:c4431, 34290298-343f-405c-af97-b2d19041b010:c4431]
2019-09-11 09:06:44,251 [grpc-default-executor-4] INFO  client.GrpcClientProtocolClient (GrpcClientProtocolClient.java:onNext(264)) - client-B22ED198845A->f3174d56-9988-40ec-970b-d447ed545dfb: receive RaftClientReply:client-B22ED198845A->f3174d56-9988-40ec-970b-d447ed545dfb@group-47B82E5F6106, cid=2970, SUCCESS, logIndex=4436, commits[f3174d56-9988-40ec-970b-d447ed545dfb:c4437, 3e713ff3-0d17-449f-90fa-609b20cf4c10:c4433, 34290298-343f-405c-af97-b2d19041b010:c4433]
2019-09-11 09:06:44,251 [grpc-default-executor-4] INFO  client.GrpcClientProtocolClient (GrpcClientProtocolClient.java:onNext(264)) - client-B22ED198845A->f3174d56-9988-40ec-970b-d447ed545dfb: receive RaftClientReply:client-B22ED198845A->f3174d56-9988-40ec-970b-d447ed545dfb@group-47B82E5F6106, cid=2971, SUCCESS, logIndex=4437, commits[f3174d56-9988-40ec-970b-d447ed545dfb:c4437, 3e713ff3-0d17-449f-90fa-609b20cf4c10:c4433, 34290298-343f-405c-af97-b2d19041b010:c4433]
2019-09-11 09:06:44,264 [grpc-default-executor-4] INFO  client.GrpcClientProtocolClient (GrpcClientProtocolClient.java:onNext(264)) - client-B22ED198845A->f3174d56-9988-40ec-970b-d447ed545dfb: receive RaftClientReply:client-B22ED198845A->f3174d56-9988-40ec-970b-d447ed545dfb@group-47B82E5F6106, cid=2972, SUCCESS, logIndex=0, commits[f3174d56-9988-40ec-970b-d447ed545dfb:c4438, 3e713ff3-0d17-449f-90fa-609b20cf4c10:c4437, 34290298-343f-405c-af97-b2d19041b010:c4437]
2019-09-11 09:06:44,290 [grpc-default-executor-2] INFO  client.GrpcClientProtocolClient (GrpcClientProtocolClient.java:onNext(264)) - client-B22ED198845A->f3174d56-9988-40ec-970b-d447ed545dfb: receive RaftClientReply:client-B22ED198845A->f3174d56-9988-40ec-970b-d447ed545dfb@group-47B82E5F6106, cid=2973, SUCCESS, logIndex=4440, commits[f3174d56-9988-40ec-970b-d447ed545dfb:c4441, 3e713ff3-0d17-449f-90fa-609b20cf4c10:c4438, 34290298-343f-405c-af97-b2d19041b010:c4438]
2019-09-11 09:06:44,291 [grpc-default-executor-2] INFO  client.GrpcClientProtocolClient (GrpcClientProtocolClient.java:onNext(264)) - client-B22ED198845A->f3174d56-9988-40ec-970b-d447ed545dfb: receive RaftClientReply:client-B22ED198845A->f3174d56-9988-40ec-970b-d447ed545dfb@group-47B82E5F6106, cid=2974, SUCCESS, logIndex=4441, commits[f3174d56-9988-40ec-970b-d447ed545dfb:c4441, 3e713ff3-0d17-449f-90fa-609b20cf4c10:c4438, 34290298-343f-405c-af97-b2d19041b010:c4439]
2019-09-11 09:06:44,291 [grpc-default-executor-2] INFO  client.GrpcClientProtocolClient (GrpcClientProtocolClient.java:onNext(264)) - client-B22ED198845A->f3174d56-9988-40ec-970b-d447ed545dfb: receive RaftClientReply:client-B22ED198845A->f3174d56-9988-40ec-970b-d447ed545dfb@group-47B82E5F6106, cid=2975, SUCCESS, logIndex=4442, commits[f3174d56-9988-40ec-970b-d447ed545dfb:c4443, 3e713ff3-0d17-449f-90fa-609b20cf4c10:c4438, 34290298-343f-405c-af97-b2d19041b010:c4439]
2019-09-11 09:06:44,292 [grpc-default-executor-2] INFO  client.GrpcClientProtocolClient (GrpcClientProtocolClient.java:onNext(264)) - client-B22ED198845A->f3174d56-9988-40ec-970b-d447ed545dfb: receive RaftClientReply:client-B22ED198845A->f3174d56-9988-40ec-970b-d447ed545dfb@group-47B82E5F6106, cid=2976, SUCCESS, logIndex=4443, commits[f3174d56-9988-40ec-970b-d447ed545dfb:c4443, 3e713ff3-0d17-449f-90fa-609b20cf4c10:c4438, 34290298-343f-405c-af97-b2d19041b010:c4439]
2019-09-11 09:06:44,298 [grpc-default-executor-2] INFO  client.GrpcClientProtocolClient (GrpcClientProtocolClient.java:onNext(264)) - client-B22ED198845A->f3174d56-9988-40ec-970b-d447ed545dfb: receive RaftClientReply:client-B22ED198845A->f3174d56-9988-40ec-970b-d447ed545dfb@group-47B82E5F6106, cid=2977, SUCCESS, logIndex=0, commits[f3174d56-9988-40ec-970b-d447ed545dfb:c4444, 3e713ff3-0d17-449f-90fa-609b20cf4c10:c4441, 34290298-343f-405c-af97-b2d19041b010:c4443]
2019-09-11 09:06:44,307 [grpc-default-executor-5] INFO  client.GrpcClientProtocolClient (GrpcClientProtocolClient.java:onNext(264)) - client-B22ED198845A->f3174d56-9988-40ec-970b-d447ed545dfb: receive RaftClientReply:client-B22ED198845A->f3174d56-9988-40ec-970b-d447ed545dfb@group-47B82E5F6106, cid=2978, SUCCESS, logIndex=4447, commits[f3174d56-9988-40ec-970b-d447ed545dfb:c4448, 3e713ff3-0d17-449f-90fa-609b20cf4c10:c4443, 34290298-343f-405c-af97-b2d19041b010:c4446]
2019-09-11 09:06:44,307 [grpc-default-executor-2] INFO  client.GrpcClientProtocolClient (GrpcClientProtocolClient.java:onNext(264)) - client-B22ED198845A->f3174d56-9988-40ec-970b-d447ed545dfb: receive RaftClientReply:client-B22ED198845A->f3174d56-9988-40ec-970b-d447ed545dfb@group-47B82E5F6106, cid=2979, SUCCESS, logIndex=4448, commits[f3174d56-9988-40ec-970b-d447ed545dfb:c4448, 3e713ff3-0d17-449f-90fa-609b20cf4c10:c4443, 34290298-343f-405c-af97-b2d19041b010:c4446]
2019-09-11 09:06:44,315 [grpc-default-executor-5] INFO  client.GrpcClientProtocolClient (GrpcClientProtocolClient.java:onNext(264)) - client-B22ED198845A->f3174d56-9988-40ec-970b-d447ed545dfb: receive RaftClientReply:client-B22ED198845A->f3174d56-9988-40ec-970b-d447ed545dfb@group-47B82E5F6106, cid=2980, SUCCESS, logIndex=4451, commits[f3174d56-9988-40ec-970b-d447ed545dfb:c4452, 3e713ff3-0d17-449f-90fa-609b20cf4c10:c4450, 34290298-343f-405c-af97-b2d19041b010:c4450]
2019-09-11 09:06:44,316 [grpc-default-executor-5] INFO  client.GrpcClientProtocolClient (GrpcClientProtocolClient.java:onNext(264)) - client-B22ED198845A->f3174d56-9988-40ec-970b-d447ed545dfb: receive RaftClientReply:client-B22ED198845A->f3174d56-9988-40ec-970b-d447ed545dfb@group-47B82E5F6106, cid=2981, SUCCESS, logIndex=4452, commits[f3174d56-9988-40ec-970b-d447ed545dfb:c4452, 3e713ff3-0d17-449f-90fa-609b20cf4c10:c4450, 34290298-343f-405c-af97-b2d19041b010:c4450]
2019-09-11 09:06:44,321 [grpc-default-executor-5] INFO  client.GrpcClientProtocolClient (GrpcClientProtocolClient.java:onNext(264)) - client-B22ED198845A->f3174d56-9988-40ec-970b-d447ed545dfb: receive RaftClientReply:client-B22ED198845A->f3174d56-9988-40ec-970b-d447ed545dfb@group-47B82E5F6106, cid=2982, SUCCESS, logIndex=0, commits[f3174d56-9988-40ec-970b-d447ed545dfb:c4454, 3e713ff3-0d17-449f-90fa-609b20cf4c10:c4452, 34290298-343f-405c-af97-b2d19041b010:c4452]
2019-09-11 09:06:44,337 [grpc-default-executor-5] INFO  client.GrpcClientProtocolClient (GrpcClientProtocolClient.java:onNext(264)) - client-B22ED198845A->f3174d56-9988-40ec-970b-d447ed545dfb: receive RaftClientReply:client-B22ED198845A->f3174d56-9988-40ec-970b-d447ed545dfb@group-47B82E5F6106, cid=2983, SUCCESS, logIndex=4455, commits[f3174d56-9988-40ec-970b-d447ed545dfb:c4456, 3e713ff3-0d17-449f-90fa-609b20cf4c10:c4454, 34290298-343f-405c-af97-b2d19041b010:c4452]
2019-09-11 09:06:44,337 [grpc-default-executor-5] INFO  client.GrpcClientProtocolClient (GrpcClientProtocolClient.java:onNext(264)) - client-B22ED198845A->f3174d56-9988-40ec-970b-d447ed545dfb: receive RaftClientReply:client-B22ED198845A->f3174d56-9988-40ec-970b-d447ed545dfb@group-47B82E5F6106, cid=2984, SUCCESS, logIndex=4456, commits[f3174d56-9988-40ec-970b-d447ed545dfb:c4456, 3e713ff3-0d17-449f-90fa-609b20cf4c10:c4454, 34290298-343f-405c-af97-b2d19041b010:c4452]
2019-09-11 09:06:44,340 [grpc-default-executor-5] INFO  client.GrpcClientProtocolClient (GrpcClientProtocolClient.java:onNext(264)) - client-B22ED198845A->f3174d56-9988-40ec-970b-d447ed545dfb: receive RaftClientReply:client-B22ED198845A->f3174d56-9988-40ec-970b-d447ed545dfb@group-47B82E5F6106, cid=2985, SUCCESS, logIndex=4457, commits[f3174d56-9988-40ec-970b-d447ed545dfb:c4458, 3e713ff3-0d17-449f-90fa-609b20cf4c10:c4454, 34290298-343f-405c-af97-b2d19041b010:c4454]
2019-09-11 09:06:44,340 [grpc-default-executor-5] INFO  client.GrpcClientProtocolClient (GrpcClientProtocolClient.java:onNext(264)) - client-B22ED198845A->f3174d56-9988-40ec-970b-d447ed545dfb: receive RaftClientReply:client-B22ED198845A->f3174d56-9988-40ec-970b-d447ed545dfb@group-47B82E5F6106, cid=2986, SUCCESS, logIndex=4458, commits[f3174d56-9988-40ec-970b-d447ed545dfb:c4458, 3e713ff3-0d17-449f-90fa-609b20cf4c10:c4454, 34290298-343f-405c-af97-b2d19041b010:c4454]
2019-09-11 09:06:44,343 [grpc-default-executor-5] INFO  client.GrpcClientProtocolClient (GrpcClientProtocolClient.java:onNext(264)) - client-B22ED198845A->f3174d56-9988-40ec-970b-d447ed545dfb: receive RaftClientReply:client-B22ED198845A->f3174d56-9988-40ec-970b-d447ed545dfb@group-47B82E5F6106, cid=2987, SUCCESS, logIndex=0, commits[f3174d56-9988-40ec-970b-d447ed545dfb:c4460, 3e713ff3-0d17-449f-90fa-609b20cf4c10:c4456, 34290298-343f-405c-af97-b2d19041b010:c4456]
2019-09-11 09:06:44,353 [grpc-default-executor-5] INFO  client.GrpcClientProtocolClient (GrpcClientProtocolClient.java:onNext(264)) - client-B22ED198845A->f3174d56-9988-40ec-970b-d447ed545dfb: receive RaftClientReply:client-B22ED198845A->f3174d56-9988-40ec-970b-d447ed545dfb@group-47B82E5F6106, cid=2988, SUCCESS, logIndex=4463, commits[f3174d56-9988-40ec-970b-d447ed545dfb:c4464, 3e713ff3-0d17-449f-90fa-609b20cf4c10:c4458, 34290298-343f-405c-af97-b2d19041b010:c4462]
2019-09-11 09:06:44,353 [grpc-default-executor-5] INFO  client.GrpcClientProtocolClient (GrpcClientProtocolClient.java:onNext(264)) - client-B22ED198845A->f3174d56-9988-40ec-970b-d447ed545dfb: receive RaftClientReply:client-B22ED198845A->f3174d56-9988-40ec-970b-d447ed545dfb@group-47B82E5F6106, cid=2989, SUCCESS, logIndex=4464, commits[f3174d56-9988-40ec-970b-d447ed545dfb:c4464, 3e713ff3-0d17-449f-90fa-609b20cf4c10:c4458, 34290298-343f-405c-af97-b2d19041b010:c4462]
2019-09-11 09:06:44,362 [grpc-default-executor-0] INFO  client.GrpcClientProtocolClient (GrpcClientProtocolClient.java:onNext(264)) - client-B22ED198845A->f3174d56-9988-40ec-970b-d447ed545dfb: receive RaftClientReply:client-B22ED198845A->f3174d56-9988-40ec-970b-d447ed545dfb@group-47B82E5F6106, cid=2990, SUCCESS, logIndex=4467, commits[f3174d56-9988-40ec-970b-d447ed545dfb:c4468, 3e713ff3-0d17-449f-90fa-609b20cf4c10:c4465, 34290298-343f-405c-af97-b2d19041b010:c4464]
2019-09-11 09:06:44,362 [grpc-default-executor-0] INFO  client.GrpcClientProtocolClient (GrpcClientProtocolClient.java:onNext(264)) - client-B22ED198845A->f3174d56-9988-40ec-970b-d447ed545dfb: receive RaftClientReply:client-B22ED198845A->f3174d56-9988-40ec-970b-d447ed545dfb@group-47B82E5F6106, cid=2991, SUCCESS, logIndex=4468, commits[f3174d56-9988-40ec-970b-d447ed545dfb:c4468, 3e713ff3-0d17-449f-90fa-609b20cf4c10:c4465, 34290298-343f-405c-af97-b2d19041b010:c4465]
2019-09-11 09:06:44,365 [grpc-default-executor-0] INFO  client.GrpcClientProtocolClient (GrpcClientProtocolClient.java:onNext(264)) - client-B22ED198845A->f3174d56-9988-40ec-970b-d447ed545dfb: receive RaftClientReply:client-B22ED198845A->f3174d56-9988-40ec-970b-d447ed545dfb@group-47B82E5F6106, cid=2992, SUCCESS, logIndex=0, commits[f3174d56-9988-40ec-970b-d447ed545dfb:c4469, 3e713ff3-0d17-449f-90fa-609b20cf4c10:c4468, 34290298-343f-405c-af97-b2d19041b010:c4468]
2019-09-11 09:06:44,382 [grpc-default-executor-0] INFO  client.GrpcClientProtocolClient (GrpcClientProtocolClient.java:onNext(264)) - client-B22ED198845A->f3174d56-9988-40ec-970b-d447ed545dfb: receive RaftClientReply:client-B22ED198845A->f3174d56-9988-40ec-970b-d447ed545dfb@group-47B82E5F6106, cid=2993, SUCCESS, logIndex=4471, commits[f3174d56-9988-40ec-970b-d447ed545dfb:c4472, 3e713ff3-0d17-449f-90fa-609b20cf4c10:c4470, 34290298-343f-405c-af97-b2d19041b010:c4468]
2019-09-11 09:06:44,382 [grpc-default-executor-0] INFO  client.GrpcClientProtocolClient (GrpcClientProtocolClient.java:onNext(264)) - client-B22ED198845A->f3174d56-9988-40ec-970b-d447ed545dfb: receive RaftClientReply:client-B22ED198845A->f3174d56-9988-40ec-970b-d447ed545dfb@group-47B82E5F6106, cid=2994, SUCCESS, logIndex=4472, commits[f3174d56-9988-40ec-970b-d447ed545dfb:c4472, 3e713ff3-0d17-449f-90fa-609b20cf4c10:c4470, 34290298-343f-405c-af97-b2d19041b010:c4468]
2019-09-11 09:06:44,383 [grpc-default-executor-2] INFO  client.GrpcClientProtocolClient (GrpcClientProtocolClient.java:onNext(264)) - client-B22ED198845A->f3174d56-9988-40ec-970b-d447ed545dfb: receive RaftClientReply:client-B22ED198845A->f3174d56-9988-40ec-970b-d447ed545dfb@group-47B82E5F6106, cid=2995, SUCCESS, logIndex=4473, commits[f3174d56-9988-40ec-970b-d447ed545dfb:c4473, 3e713ff3-0d17-449f-90fa-609b20cf4c10:c4470, 34290298-343f-405c-af97-b2d19041b010:c4470]
2019-09-11 09:06:44,384 [grpc-default-executor-2] INFO  client.GrpcClientProtocolClient (GrpcClientProtocolClient.java:onNext(264)) - client-B22ED198845A->f3174d56-9988-40ec-970b-d447ed545dfb: receive RaftClientReply:client-B22ED198845A->f3174d56-9988-40ec-970b-d447ed545dfb@group-47B82E5F6106, cid=2996, SUCCESS, logIndex=4474, commits[f3174d56-9988-40ec-970b-d447ed545dfb:c4474, 3e713ff3-0d17-449f-90fa-609b20cf4c10:c4470, 34290298-343f-405c-af97-b2d19041b010:c4470]
2019-09-11 09:06:44,386 [grpc-default-executor-2] INFO  client.GrpcClientProtocolClient (GrpcClientProtocolClient.java:onNext(264)) - client-B22ED198845A->f3174d56-9988-40ec-970b-d447ed545dfb: receive RaftClientReply:client-B22ED198845A->f3174d56-9988-40ec-970b-d447ed545dfb@group-47B82E5F6106, cid=2997, SUCCESS, logIndex=0, commits[f3174d56-9988-40ec-970b-d447ed545dfb:c4475, 3e713ff3-0d17-449f-90fa-609b20cf4c10:c4472, 34290298-343f-405c-af97-b2d19041b010:c4472]
2019-09-11 09:06:44,395 [grpc-default-executor-5] INFO  client.GrpcClientProtocolClient (GrpcClientProtocolClient.java:onNext(264)) - client-B22ED198845A->f3174d56-9988-40ec-970b-d447ed545dfb: receive RaftClientReply:client-B22ED198845A->f3174d56-9988-40ec-970b-d447ed545dfb@group-47B82E5F6106, cid=2998, SUCCESS, logIndex=4479, commits[f3174d56-9988-40ec-970b-d447ed545dfb:c4480, 3e713ff3-0d17-449f-90fa-609b20cf4c10:c4478, 34290298-343f-405c-af97-b2d19041b010:c4474]
2019-09-11 09:06:44,395 [grpc-default-executor-5] INFO  client.GrpcClientProtocolClient (GrpcClientProtocolClient.java:onNext(264)) - client-B22ED198845A->f3174d56-9988-40ec-970b-d447ed545dfb: receive RaftClientReply:client-B22ED198845A->f3174d56-9988-40ec-970b-d447ed545dfb@group-47B82E5F6106, cid=2999, SUCCESS, logIndex=4480, commits[f3174d56-9988-40ec-970b-d447ed545dfb:c4480, 3e713ff3-0d17-449f-90fa-609b20cf4c10:c4478, 34290298-343f-405c-af97-b2d19041b010:c4474]
2019-09-11 09:06:44,405 [grpc-default-executor-2] INFO  client.GrpcClientProtocolClient (GrpcClientProtocolClient.java:onNext(264)) - client-B22ED198845A->f3174d56-9988-40ec-970b-d447ed545dfb: receive RaftClientReply:client-B22ED198845A->f3174d56-9988-40ec-970b-d447ed545dfb@group-47B82E5F6106, cid=3000, SUCCESS, logIndex=4483, commits[f3174d56-9988-40ec-970b-d447ed545dfb:c4484, 3e713ff3-0d17-449f-90fa-609b20cf4c10:c4480, 34290298-343f-405c-af97-b2d19041b010:c4480]
2019-09-11 09:06:44,405 [grpc-default-executor-2] INFO  client.GrpcClientProtocolClient (GrpcClientProtocolClient.java:onNext(264)) - client-B22ED198845A->f3174d56-9988-40ec-970b-d447ed545dfb: receive RaftClientReply:client-B22ED198845A->f3174d56-9988-40ec-970b-d447ed545dfb@group-47B82E5F6106, cid=3001, SUCCESS, logIndex=4484, commits[f3174d56-9988-40ec-970b-d447ed545dfb:c4484, 3e713ff3-0d17-449f-90fa-609b20cf4c10:c4480, 34290298-343f-405c-af97-b2d19041b010:c4480]
2019-09-11 09:06:44,408 [grpc-default-executor-2] INFO  client.GrpcClientProtocolClient (GrpcClientProtocolClient.java:onNext(264)) - client-B22ED198845A->f3174d56-9988-40ec-970b-d447ed545dfb: receive RaftClientReply:client-B22ED198845A->f3174d56-9988-40ec-970b-d447ed545dfb@group-47B82E5F6106, cid=3002, SUCCESS, logIndex=0, commits[f3174d56-9988-40ec-970b-d447ed545dfb:c4484, 3e713ff3-0d17-449f-90fa-609b20cf4c10:c4484, 34290298-343f-405c-af97-b2d19041b010:c4484]
2019-09-11 09:06:44,427 [grpc-default-executor-2] INFO  client.GrpcClientProtocolClient (GrpcClientProtocolClient.java:onNext(264)) - client-B22ED198845A->f3174d56-9988-40ec-970b-d447ed545dfb: receive RaftClientReply:client-B22ED198845A->f3174d56-9988-40ec-970b-d447ed545dfb@group-47B82E5F6106, cid=3003, SUCCESS, logIndex=4487, commits[f3174d56-9988-40ec-970b-d447ed545dfb:c4488, 3e713ff3-0d17-449f-90fa-609b20cf4c10:c4486, 34290298-343f-405c-af97-b2d19041b010:c4486]
2019-09-11 09:06:44,427 [grpc-default-executor-2] INFO  client.GrpcClientProtocolClient (GrpcClientProtocolClient.java:onNext(264)) - client-B22ED198845A->f3174d56-9988-40ec-970b-d447ed545dfb: receive RaftClientReply:client-B22ED198845A->f3174d56-9988-40ec-970b-d447ed545dfb@group-47B82E5F6106, cid=3004, SUCCESS, logIndex=4488, commits[f3174d56-9988-40ec-970b-d447ed545dfb:c4488, 3e713ff3-0d17-449f-90fa-609b20cf4c10:c4486, 34290298-343f-405c-af97-b2d19041b010:c4486]
2019-09-11 09:06:44,428 [grpc-default-executor-0] INFO  client.GrpcClientProtocolClient (GrpcClientProtocolClient.java:onNext(264)) - client-B22ED198845A->f3174d56-9988-40ec-970b-d447ed545dfb: receive RaftClientReply:client-B22ED198845A->f3174d56-9988-40ec-970b-d447ed545dfb@group-47B82E5F6106, cid=3005, SUCCESS, logIndex=4489, commits[f3174d56-9988-40ec-970b-d447ed545dfb:c4490, 3e713ff3-0d17-449f-90fa-609b20cf4c10:c4486, 34290298-343f-405c-af97-b2d19041b010:c4486]
2019-09-11 09:06:44,429 [grpc-default-executor-0] INFO  client.GrpcClientProtocolClient (GrpcClientProtocolClient.java:onNext(264)) - client-B22ED198845A->f3174d56-9988-40ec-970b-d447ed545dfb: receive RaftClientReply:client-B22ED198845A->f3174d56-9988-40ec-970b-d447ed545dfb@group-47B82E5F6106, cid=3006, SUCCESS, logIndex=4490, commits[f3174d56-9988-40ec-970b-d447ed545dfb:c4490, 3e713ff3-0d17-449f-90fa-609b20cf4c10:c4486, 34290298-343f-405c-af97-b2d19041b010:c4486]
2019-09-11 09:06:44,433 [grpc-default-executor-0] INFO  client.GrpcClientProtocolClient (GrpcClientProtocolClient.java:onNext(264)) - client-B22ED198845A->f3174d56-9988-40ec-970b-d447ed545dfb: receive RaftClientReply:client-B22ED198845A->f3174d56-9988-40ec-970b-d447ed545dfb@group-47B82E5F6106, cid=3007, SUCCESS, logIndex=0, commits[f3174d56-9988-40ec-970b-d447ed545dfb:c4492, 3e713ff3-0d17-449f-90fa-609b20cf4c10:c4488, 34290298-343f-405c-af97-b2d19041b010:c4488]
2019-09-11 09:06:44,443 [grpc-default-executor-0] INFO  client.GrpcClientProtocolClient (GrpcClientProtocolClient.java:onNext(264)) - client-B22ED198845A->f3174d56-9988-40ec-970b-d447ed545dfb: receive RaftClientReply:client-B22ED198845A->f3174d56-9988-40ec-970b-d447ed545dfb@group-47B82E5F6106, cid=3008, SUCCESS, logIndex=4495, commits[f3174d56-9988-40ec-970b-d447ed545dfb:c4496, 3e713ff3-0d17-449f-90fa-609b20cf4c10:c4490, 34290298-343f-405c-af97-b2d19041b010:c4494]
2019-09-11 09:06:44,443 [grpc-default-executor-0] INFO  client.GrpcClientProtocolClient (GrpcClientProtocolClient.java:onNext(264)) - client-B22ED198845A->f3174d56-9988-40ec-970b-d447ed545dfb: receive RaftClientReply:client-B22ED198845A->f3174d56-9988-40ec-970b-d447ed545dfb@group-47B82E5F6106, cid=3009, SUCCESS, logIndex=4496, commits[f3174d56-9988-40ec-970b-d447ed545dfb:c4496, 3e713ff3-0d17-449f-90fa-609b20cf4c10:c4490, 34290298-343f-405c-af97-b2d19041b010:c4494]
2019-09-11 09:06:44,586 [grpc-default-executor-0] INFO  client.GrpcClientProtocolClient (GrpcClientProtocolClient.java:onNext(264)) - client-B22ED198845A->f3174d56-9988-40ec-970b-d447ed545dfb: receive RaftClientReply:client-B22ED198845A->f3174d56-9988-40ec-970b-d447ed545dfb@group-47B82E5F6106, cid=3010, SUCCESS, logIndex=4499, commits[f3174d56-9988-40ec-970b-d447ed545dfb:c4500, 3e713ff3-0d17-449f-90fa-609b20cf4c10:c4498, 34290298-343f-405c-af97-b2d19041b010:c4498]
2019-09-11 09:06:44,587 [grpc-default-executor-0] INFO  client.GrpcClientProtocolClient (GrpcClientProtocolClient.java:onNext(264)) - client-B22ED198845A->f3174d56-9988-40ec-970b-d447ed545dfb: receive RaftClientReply:client-B22ED198845A->f3174d56-9988-40ec-970b-d447ed545dfb@group-47B82E5F6106, cid=3011, SUCCESS, logIndex=4500, commits[f3174d56-9988-40ec-970b-d447ed545dfb:c4500, 3e713ff3-0d17-449f-90fa-609b20cf4c10:c4498, 34290298-343f-405c-af97-b2d19041b010:c4498]
2019-09-11 09:06:44,603 [grpc-default-executor-0] INFO  client.GrpcClientProtocolClient (GrpcClientProtocolClient.java:onNext(264)) - client-B22ED198845A->f3174d56-9988-40ec-970b-d447ed545dfb: receive RaftClientReply:client-B22ED198845A->f3174d56-9988-40ec-970b-d447ed545dfb@group-47B82E5F6106, cid=3012, SUCCESS, logIndex=0, commits[f3174d56-9988-40ec-970b-d447ed545dfb:c4501, 3e713ff3-0d17-449f-90fa-609b20cf4c10:c4500, 34290298-343f-405c-af97-b2d19041b010:c4500]
 0.00% |█                                                                                                    |  0/1 Time: 0:00:242019-09-11 09:06:44,635 [grpc-default-executor-5] INFO  client.GrpcClientProtocolClient (GrpcClientProtocolClient.java:onNext(264)) - client-B22ED198845A->f3174d56-9988-40ec-970b-d447ed545dfb: receive RaftClientReply:client-B22ED198845A->f3174d56-9988-40ec-970b-d447ed545dfb@group-47B82E5F6106, cid=3013, SUCCESS, logIndex=4503, commits[f3174d56-9988-40ec-970b-d447ed545dfb:c4504, 3e713ff3-0d17-449f-90fa-609b20cf4c10:c4502, 34290298-343f-405c-af97-b2d19041b010:c4502]
2019-09-11 09:06:44,636 [grpc-default-executor-5] INFO  client.GrpcClientProtocolClient (GrpcClientProtocolClient.java:onNext(264)) - client-B22ED198845A->f3174d56-9988-40ec-970b-d447ed545dfb: receive RaftClientReply:client-B22ED198845A->f3174d56-9988-40ec-970b-d447ed545dfb@group-47B82E5F6106, cid=3014, SUCCESS, logIndex=4504, commits[f3174d56-9988-40ec-970b-d447ed545dfb:c4504, 3e713ff3-0d17-449f-90fa-609b20cf4c10:c4502, 34290298-343f-405c-af97-b2d19041b010:c4502]
2019-09-11 09:06:44,649 [grpc-default-executor-0] INFO  client.GrpcClientProtocolClient (GrpcClientProtocolClient.java:onNext(264)) - client-B22ED198845A->f3174d56-9988-40ec-970b-d447ed545dfb: receive RaftClientReply:client-B22ED198845A->f3174d56-9988-40ec-970b-d447ed545dfb@group-47B82E5F6106, cid=3015, SUCCESS, logIndex=4505, commits[f3174d56-9988-40ec-970b-d447ed545dfb:c4506, 3e713ff3-0d17-449f-90fa-609b20cf4c10:c4502, 34290298-343f-405c-af97-b2d19041b010:c4502]
2019-09-11 09:06:44,649 [grpc-default-executor-0] INFO  client.GrpcClientProtocolClient (GrpcClientProtocolClient.java:onNext(264)) - client-B22ED198845A->f3174d56-9988-40ec-970b-d447ed545dfb: receive RaftClientReply:client-B22ED198845A->f3174d56-9988-40ec-970b-d447ed545dfb@group-47B82E5F6106, cid=3016, SUCCESS, logIndex=4506, commits[f3174d56-9988-40ec-970b-d447ed545dfb:c4506, 3e713ff3-0d17-449f-90fa-609b20cf4c10:c4502, 34290298-343f-405c-af97-b2d19041b010:c4502]
2019-09-11 09:06:44,661 [grpc-default-executor-2] INFO  client.GrpcClientProtocolClient (GrpcClientProtocolClient.java:onNext(264)) - client-B22ED198845A->f3174d56-9988-40ec-970b-d447ed545dfb: receive RaftClientReply:client-B22ED198845A->f3174d56-9988-40ec-970b-d447ed545dfb@group-47B82E5F6106, cid=3017, SUCCESS, logIndex=0, commits[f3174d56-9988-40ec-970b-d447ed545dfb:c4508, 3e713ff3-0d17-449f-90fa-609b20cf4c10:c4504, 34290298-343f-405c-af97-b2d19041b010:c4504]
2019-09-11 09:06:44,689 [grpc-default-executor-2] INFO  client.GrpcClientProtocolClient (GrpcClientProtocolClient.java:onNext(264)) - client-B22ED198845A->f3174d56-9988-40ec-970b-d447ed545dfb: receive RaftClientReply:client-B22ED198845A->f3174d56-9988-40ec-970b-d447ed545dfb@group-47B82E5F6106, cid=3018, SUCCESS, logIndex=4511, commits[f3174d56-9988-40ec-970b-d447ed545dfb:c4512, 3e713ff3-0d17-449f-90fa-609b20cf4c10:c4508, 34290298-343f-405c-af97-b2d19041b010:c4508]
2019-09-11 09:06:44,689 [grpc-default-executor-2] INFO  client.GrpcClientProtocolClient (GrpcClientProtocolClient.java:onNext(264)) - client-B22ED198845A->f3174d56-9988-40ec-970b-d447ed545dfb: receive RaftClientReply:client-B22ED198845A->f3174d56-9988-40ec-970b-d447ed545dfb@group-47B82E5F6106, cid=3019, SUCCESS, logIndex=4512, commits[f3174d56-9988-40ec-970b-d447ed545dfb:c4512, 3e713ff3-0d17-449f-90fa-609b20cf4c10:c4508, 34290298-343f-405c-af97-b2d19041b010:c4508]
2019-09-11 09:06:44,715 [grpc-default-executor-5] INFO  client.GrpcClientProtocolClient (GrpcClientProtocolClient.java:onNext(264)) - client-B22ED198845A->f3174d56-9988-40ec-970b-d447ed545dfb: receive RaftClientReply:client-B22ED198845A->f3174d56-9988-40ec-970b-d447ed545dfb@group-47B82E5F6106, cid=3020, SUCCESS, logIndex=4515, commits[f3174d56-9988-40ec-970b-d447ed545dfb:c4516, 3e713ff3-0d17-449f-90fa-609b20cf4c10:c4512, 34290298-343f-405c-af97-b2d19041b010:c4512]
2019-09-11 09:06:44,716 [grpc-default-executor-5] INFO  client.GrpcClientProtocolClient (GrpcClientProtocolClient.java:onNext(264)) - client-B22ED198845A->f3174d56-9988-40ec-970b-d447ed545dfb: receive RaftClientReply:client-B22ED198845A->f3174d56-9988-40ec-970b-d447ed545dfb@group-47B82E5F6106, cid=3021, SUCCESS, logIndex=4516, commits[f3174d56-9988-40ec-970b-d447ed545dfb:c4516, 3e713ff3-0d17-449f-90fa-609b20cf4c10:c4512, 34290298-343f-405c-af97-b2d19041b010:c4512]
2019-09-11 09:06:44,741 [grpc-default-executor-5] INFO  client.GrpcClientProtocolClient (GrpcClientProtocolClient.java:onNext(264)) - client-B22ED198845A->f3174d56-9988-40ec-970b-d447ed545dfb: receive RaftClientReply:client-B22ED198845A->f3174d56-9988-40ec-970b-d447ed545dfb@group-47B82E5F6106, cid=3022, SUCCESS, logIndex=0, commits[f3174d56-9988-40ec-970b-d447ed545dfb:c4518, 3e713ff3-0d17-449f-90fa-609b20cf4c10:c4516, 34290298-343f-405c-af97-b2d19041b010:c4516]
2019-09-11 09:06:44,764 [grpc-default-executor-4] INFO  client.GrpcClientProtocolClient (GrpcClientProtocolClient.java:onNext(264)) - client-B22ED198845A->f3174d56-9988-40ec-970b-d447ed545dfb: receive RaftClientReply:client-B22ED198845A->f3174d56-9988-40ec-970b-d447ed545dfb@group-47B82E5F6106, cid=3023, SUCCESS, logIndex=4519, commits[f3174d56-9988-40ec-970b-d447ed545dfb:c4520, 3e713ff3-0d17-449f-90fa-609b20cf4c10:c4516, 34290298-343f-405c-af97-b2d19041b010:c4518]
2019-09-11 09:06:44,764 [grpc-default-executor-4] INFO  client.GrpcClientProtocolClient (GrpcClientProtocolClient.java:onNext(264)) - client-B22ED198845A->f3174d56-9988-40ec-970b-d447ed545dfb: receive RaftClientReply:client-B22ED198845A->f3174d56-9988-40ec-970b-d447ed545dfb@group-47B82E5F6106, cid=3024, SUCCESS, logIndex=4520, commits[f3174d56-9988-40ec-970b-d447ed545dfb:c4520, 3e713ff3-0d17-449f-90fa-609b20cf4c10:c4518, 34290298-343f-405c-af97-b2d19041b010:c4518]
2019-09-11 09:06:44,777 [grpc-default-executor-5] INFO  client.GrpcClientProtocolClient (GrpcClientProtocolClient.java:onNext(264)) - client-B22ED198845A->f3174d56-9988-40ec-970b-d447ed545dfb: receive RaftClientReply:client-B22ED198845A->f3174d56-9988-40ec-970b-d447ed545dfb@group-47B82E5F6106, cid=3025, SUCCESS, logIndex=4521, commits[f3174d56-9988-40ec-970b-d447ed545dfb:c4522, 3e713ff3-0d17-449f-90fa-609b20cf4c10:c4518, 34290298-343f-405c-af97-b2d19041b010:c4518]
2019-09-11 09:06:44,777 [grpc-default-executor-5] INFO  client.GrpcClientProtocolClient (GrpcClientProtocolClient.java:onNext(264)) - client-B22ED198845A->f3174d56-9988-40ec-970b-d447ed545dfb: receive RaftClientReply:client-B22ED198845A->f3174d56-9988-40ec-970b-d447ed545dfb@group-47B82E5F6106, cid=3026, SUCCESS, logIndex=4522, commits[f3174d56-9988-40ec-970b-d447ed545dfb:c4522, 3e713ff3-0d17-449f-90fa-609b20cf4c10:c4518, 34290298-343f-405c-af97-b2d19041b010:c4518]
2019-09-11 09:06:44,789 [grpc-default-executor-5] INFO  client.GrpcClientProtocolClient (GrpcClientProtocolClient.java:onNext(264)) - client-B22ED198845A->f3174d56-9988-40ec-970b-d447ed545dfb: receive RaftClientReply:client-B22ED198845A->f3174d56-9988-40ec-970b-d447ed545dfb@group-47B82E5F6106, cid=3027, SUCCESS, logIndex=0, commits[f3174d56-9988-40ec-970b-d447ed545dfb:c4524, 3e713ff3-0d17-449f-90fa-609b20cf4c10:c4520, 34290298-343f-405c-af97-b2d19041b010:c4520]
2019-09-11 09:06:44,814 [grpc-default-executor-5] INFO  client.GrpcClientProtocolClient (GrpcClientProtocolClient.java:onNext(264)) - client-B22ED198845A->f3174d56-9988-40ec-970b-d447ed545dfb: receive RaftClientReply:client-B22ED198845A->f3174d56-9988-40ec-970b-d447ed545dfb@group-47B82E5F6106, cid=3028, SUCCESS, logIndex=4527, commits[f3174d56-9988-40ec-970b-d447ed545dfb:c4528, 3e713ff3-0d17-449f-90fa-609b20cf4c10:c4524, 34290298-343f-405c-af97-b2d19041b010:c4524]
2019-09-11 09:06:44,815 [grpc-default-executor-5] INFO  client.GrpcClientProtocolClient (GrpcClientProtocolClient.java:onNext(264)) - client-B22ED198845A->f3174d56-9988-40ec-970b-d447ed545dfb: receive RaftClientReply:client-B22ED198845A->f3174d56-9988-40ec-970b-d447ed545dfb@group-47B82E5F6106, cid=3029, SUCCESS, logIndex=4528, commits[f3174d56-9988-40ec-970b-d447ed545dfb:c4528, 3e713ff3-0d17-449f-90fa-609b20cf4c10:c4524, 34290298-343f-405c-af97-b2d19041b010:c4524]
2019-09-11 09:06:44,823 [grpc-default-executor-4] INFO  client.GrpcClientProtocolClient (GrpcClientProtocolClient.java:onNext(264)) - client-B22ED198845A->f3174d56-9988-40ec-970b-d447ed545dfb: receive RaftClientReply:client-B22ED198845A->f3174d56-9988-40ec-970b-d447ed545dfb@group-47B82E5F6106, cid=3030, SUCCESS, logIndex=4531, commits[f3174d56-9988-40ec-970b-d447ed545dfb:c4532, 3e713ff3-0d17-449f-90fa-609b20cf4c10:c4529, 34290298-343f-405c-af97-b2d19041b010:c4528]
2019-09-11 09:06:44,824 [grpc-default-executor-4] INFO  client.GrpcClientProtocolClient (GrpcClientProtocolClient.java:onNext(264)) - client-B22ED198845A->f3174d56-9988-40ec-970b-d447ed545dfb: receive RaftClientReply:client-B22ED198845A->f3174d56-9988-40ec-970b-d447ed545dfb@group-47B82E5F6106, cid=3031, SUCCESS, logIndex=4532, commits[f3174d56-9988-40ec-970b-d447ed545dfb:c4532, 3e713ff3-0d17-449f-90fa-609b20cf4c10:c4529, 34290298-343f-405c-af97-b2d19041b010:c4529]
2019-09-11 09:06:44,826 [grpc-default-executor-4] INFO  client.GrpcClientProtocolClient (GrpcClientProtocolClient.java:onNext(264)) - client-B22ED198845A->f3174d56-9988-40ec-970b-d447ed545dfb: receive RaftClientReply:client-B22ED198845A->f3174d56-9988-40ec-970b-d447ed545dfb@group-47B82E5F6106, cid=3032, SUCCESS, logIndex=0, commits[f3174d56-9988-40ec-970b-d447ed545dfb:c4533, 3e713ff3-0d17-449f-90fa-609b20cf4c10:c4532, 34290298-343f-405c-af97-b2d19041b010:c4532]
2019-09-11 09:06:44,845 [grpc-default-executor-5] INFO  client.GrpcClientProtocolClient (GrpcClientProtocolClient.java:onNext(264)) - client-B22ED198845A->f3174d56-9988-40ec-970b-d447ed545dfb: receive RaftClientReply:client-B22ED198845A->f3174d56-9988-40ec-970b-d447ed545dfb@group-47B82E5F6106, cid=3033, SUCCESS, logIndex=4535, commits[f3174d56-9988-40ec-970b-d447ed545dfb:c4538, 3e713ff3-0d17-449f-90fa-609b20cf4c10:c4532, 34290298-343f-405c-af97-b2d19041b010:c4534]
2019-09-11 09:06:44,846 [grpc-default-executor-2] INFO  client.GrpcClientProtocolClient (GrpcClientProtocolClient.java:onNext(264)) - client-B22ED198845A->f3174d56-9988-40ec-970b-d447ed545dfb: receive RaftClientReply:client-B22ED198845A->f3174d56-9988-40ec-970b-d447ed545dfb@group-47B82E5F6106, cid=3034, SUCCESS, logIndex=4536, commits[f3174d56-9988-40ec-970b-d447ed545dfb:c4538, 3e713ff3-0d17-449f-90fa-609b20cf4c10:c4532, 34290298-343f-405c-af97-b2d19041b010:c4534]
2019-09-11 09:06:44,846 [grpc-default-executor-5] INFO  client.GrpcClientProtocolClient (GrpcClientProtocolClient.java:onNext(264)) - client-B22ED198845A->f3174d56-9988-40ec-970b-d447ed545dfb: receive RaftClientReply:client-B22ED198845A->f3174d56-9988-40ec-970b-d447ed545dfb@group-47B82E5F6106, cid=3035, SUCCESS, logIndex=4537, commits[f3174d56-9988-40ec-970b-d447ed545dfb:c4538, 3e713ff3-0d17-449f-90fa-609b20cf4c10:c4532, 34290298-343f-405c-af97-b2d19041b010:c4534]
2019-09-11 09:06:44,846 [grpc-default-executor-5] INFO  client.GrpcClientProtocolClient (GrpcClientProtocolClient.java:onNext(264)) - client-B22ED198845A->f3174d56-9988-40ec-970b-d447ed545dfb: receive RaftClientReply:client-B22ED198845A->f3174d56-9988-40ec-970b-d447ed545dfb@group-47B82E5F6106, cid=3036, SUCCESS, logIndex=4538, commits[f3174d56-9988-40ec-970b-d447ed545dfb:c4538, 3e713ff3-0d17-449f-90fa-609b20cf4c10:c4534, 34290298-343f-405c-af97-b2d19041b010:c4534]
2019-09-11 09:06:44,849 [grpc-default-executor-2] INFO  client.GrpcClientProtocolClient (GrpcClientProtocolClient.java:onNext(264)) - client-B22ED198845A->f3174d56-9988-40ec-970b-d447ed545dfb: receive RaftClientReply:client-B22ED198845A->f3174d56-9988-40ec-970b-d447ed545dfb@group-47B82E5F6106, cid=3037, SUCCESS, logIndex=0, commits[f3174d56-9988-40ec-970b-d447ed545dfb:c4539, 3e713ff3-0d17-449f-90fa-609b20cf4c10:c4536, 34290298-343f-405c-af97-b2d19041b010:c4536]
2019-09-11 09:06:44,858 [grpc-default-executor-2] INFO  client.GrpcClientProtocolClient (GrpcClientProtocolClient.java:onNext(264)) - client-B22ED198845A->f3174d56-9988-40ec-970b-d447ed545dfb: receive RaftClientReply:client-B22ED198845A->f3174d56-9988-40ec-970b-d447ed545dfb@group-47B82E5F6106, cid=3038, SUCCESS, logIndex=4542, commits[f3174d56-9988-40ec-970b-d447ed545dfb:c4543, 3e713ff3-0d17-449f-90fa-609b20cf4c10:c4541, 34290298-343f-405c-af97-b2d19041b010:c4538]
2019-09-11 09:06:44,859 [grpc-default-executor-2] INFO  client.GrpcClientProtocolClient (GrpcClientProtocolClient.java:onNext(264)) - client-B22ED198845A->f3174d56-9988-40ec-970b-d447ed545dfb: receive RaftClientReply:client-B22ED198845A->f3174d56-9988-40ec-970b-d447ed545dfb@group-47B82E5F6106, cid=3039, SUCCESS, logIndex=4543, commits[f3174d56-9988-40ec-970b-d447ed545dfb:c4543, 3e713ff3-0d17-449f-90fa-609b20cf4c10:c4541, 34290298-343f-405c-af97-b2d19041b010:c4541]
2019-09-11 09:06:44,877 [grpc-default-executor-2] INFO  client.GrpcClientProtocolClient (GrpcClientProtocolClient.java:onNext(264)) - client-B22ED198845A->f3174d56-9988-40ec-970b-d447ed545dfb: receive RaftClientReply:client-B22ED198845A->f3174d56-9988-40ec-970b-d447ed545dfb@group-47B82E5F6106, cid=3040, SUCCESS, logIndex=4546, commits[f3174d56-9988-40ec-970b-d447ed545dfb:c4547, 3e713ff3-0d17-449f-90fa-609b20cf4c10:c4544, 34290298-343f-405c-af97-b2d19041b010:c4544]
2019-09-11 09:06:44,877 [grpc-default-executor-2] INFO  client.GrpcClientProtocolClient (GrpcClientProtocolClient.java:onNext(264)) - client-B22ED198845A->f3174d56-9988-40ec-970b-d447ed545dfb: receive RaftClientReply:client-B22ED198845A->f3174d56-9988-40ec-970b-d447ed545dfb@group-47B82E5F6106, cid=3041, SUCCESS, logIndex=4547, commits[f3174d56-9988-40ec-970b-d447ed545dfb:c4547, 3e713ff3-0d17-449f-90fa-609b20cf4c10:c4544, 34290298-343f-405c-af97-b2d19041b010:c4544]
2019-09-11 09:06:44,892 [grpc-default-executor-5] INFO  client.GrpcClientProtocolClient (GrpcClientProtocolClient.java:onNext(264)) - client-B22ED198845A->f3174d56-9988-40ec-970b-d447ed545dfb: receive RaftClientReply:client-B22ED198845A->f3174d56-9988-40ec-970b-d447ed545dfb@group-47B82E5F6106, cid=3042, SUCCESS, logIndex=0, commits[f3174d56-9988-40ec-970b-d447ed545dfb:c4547, 3e713ff3-0d17-449f-90fa-609b20cf4c10:c4547, 34290298-343f-405c-af97-b2d19041b010:c4547]
2019-09-11 09:06:44,915 [grpc-default-executor-5] INFO  client.GrpcClientProtocolClient (GrpcClientProtocolClient.java:onNext(264)) - client-B22ED198845A->f3174d56-9988-40ec-970b-d447ed545dfb: receive RaftClientReply:client-B22ED198845A->f3174d56-9988-40ec-970b-d447ed545dfb@group-47B82E5F6106, cid=3043, SUCCESS, logIndex=4550, commits[f3174d56-9988-40ec-970b-d447ed545dfb:c4551, 3e713ff3-0d17-449f-90fa-609b20cf4c10:c4549, 34290298-343f-405c-af97-b2d19041b010:c4549]
2019-09-11 09:06:44,916 [grpc-default-executor-5] INFO  client.GrpcClientProtocolClient (GrpcClientProtocolClient.java:onNext(264)) - client-B22ED198845A->f3174d56-9988-40ec-970b-d447ed545dfb: receive RaftClientReply:client-B22ED198845A->f3174d56-9988-40ec-970b-d447ed545dfb@group-47B82E5F6106, cid=3044, SUCCESS, logIndex=4551, commits[f3174d56-9988-40ec-970b-d447ed545dfb:c4551, 3e713ff3-0d17-449f-90fa-609b20cf4c10:c4549, 34290298-343f-405c-af97-b2d19041b010:c4549]
2019-09-11 09:06:44,928 [grpc-default-executor-5] INFO  client.GrpcClientProtocolClient (GrpcClientProtocolClient.java:onNext(264)) - client-B22ED198845A->f3174d56-9988-40ec-970b-d447ed545dfb: receive RaftClientReply:client-B22ED198845A->f3174d56-9988-40ec-970b-d447ed545dfb@group-47B82E5F6106, cid=3045, SUCCESS, logIndex=4552, commits[f3174d56-9988-40ec-970b-d447ed545dfb:c4553, 3e713ff3-0d17-449f-90fa-609b20cf4c10:c4549, 34290298-343f-405c-af97-b2d19041b010:c4549]
2019-09-11 09:06:44,928 [grpc-default-executor-5] INFO  client.GrpcClientProtocolClient (GrpcClientProtocolClient.java:onNext(264)) - client-B22ED198845A->f3174d56-9988-40ec-970b-d447ed545dfb: receive RaftClientReply:client-B22ED198845A->f3174d56-9988-40ec-970b-d447ed545dfb@group-47B82E5F6106, cid=3046, SUCCESS, logIndex=4553, commits[f3174d56-9988-40ec-970b-d447ed545dfb:c4553, 3e713ff3-0d17-449f-90fa-609b20cf4c10:c4549, 34290298-343f-405c-af97-b2d19041b010:c4549]
2019-09-11 09:06:44,941 [grpc-default-executor-4] INFO  client.GrpcClientProtocolClient (GrpcClientProtocolClient.java:onNext(264)) - client-B22ED198845A->f3174d56-9988-40ec-970b-d447ed545dfb: receive RaftClientReply:client-B22ED198845A->f3174d56-9988-40ec-970b-d447ed545dfb@group-47B82E5F6106, cid=3047, SUCCESS, logIndex=0, commits[f3174d56-9988-40ec-970b-d447ed545dfb:c4553, 3e713ff3-0d17-449f-90fa-609b20cf4c10:c4551, 34290298-343f-405c-af97-b2d19041b010:c4551]
2019-09-11 09:06:44,956 [grpc-default-executor-4] INFO  client.GrpcClientProtocolClient (GrpcClientProtocolClient.java:onNext(264)) - client-B22ED198845A->f3174d56-9988-40ec-970b-d447ed545dfb: receive RaftClientReply:client-B22ED198845A->f3174d56-9988-40ec-970b-d447ed545dfb@group-47B82E5F6106, cid=3048, SUCCESS, logIndex=4558, commits[f3174d56-9988-40ec-970b-d447ed545dfb:c4559, 3e713ff3-0d17-449f-90fa-609b20cf4c10:c4555, 34290298-343f-405c-af97-b2d19041b010:c4553]
2019-09-11 09:06:44,956 [grpc-default-executor-4] INFO  client.GrpcClientProtocolClient (GrpcClientProtocolClient.java:onNext(264)) - client-B22ED198845A->f3174d56-9988-40ec-970b-d447ed545dfb: receive RaftClientReply:client-B22ED198845A->f3174d56-9988-40ec-970b-d447ed545dfb@group-47B82E5F6106, cid=3049, SUCCESS, logIndex=4559, commits[f3174d56-9988-40ec-970b-d447ed545dfb:c4559, 3e713ff3-0d17-449f-90fa-609b20cf4c10:c4555, 34290298-343f-405c-af97-b2d19041b010:c4553]
2019-09-11 09:06:44,974 [grpc-default-executor-5] INFO  client.GrpcClientProtocolClient (GrpcClientProtocolClient.java:onNext(264)) - client-B22ED198845A->f3174d56-9988-40ec-970b-d447ed545dfb: receive RaftClientReply:client-B22ED198845A->f3174d56-9988-40ec-970b-d447ed545dfb@group-47B82E5F6106, cid=3050, SUCCESS, logIndex=4562, commits[f3174d56-9988-40ec-970b-d447ed545dfb:c4563, 3e713ff3-0d17-449f-90fa-609b20cf4c10:c4560, 34290298-343f-405c-af97-b2d19041b010:c4560]
2019-09-11 09:06:44,974 [grpc-default-executor-5] INFO  client.GrpcClientProtocolClient (GrpcClientProtocolClient.java:onNext(264)) - client-B22ED198845A->f3174d56-9988-40ec-970b-d447ed545dfb: receive RaftClientReply:client-B22ED198845A->f3174d56-9988-40ec-970b-d447ed545dfb@group-47B82E5F6106, cid=3051, SUCCESS, logIndex=4563, commits[f3174d56-9988-40ec-970b-d447ed545dfb:c4563, 3e713ff3-0d17-449f-90fa-609b20cf4c10:c4560, 34290298-343f-405c-af97-b2d19041b010:c4560]
2019-09-11 09:06:44,976 [grpc-default-executor-5] INFO  client.GrpcClientProtocolClient (GrpcClientProtocolClient.java:onNext(264)) - client-B22ED198845A->f3174d56-9988-40ec-970b-d447ed545dfb: receive RaftClientReply:client-B22ED198845A->f3174d56-9988-40ec-970b-d447ed545dfb@group-47B82E5F6106, cid=3052, SUCCESS, logIndex=0, commits[f3174d56-9988-40ec-970b-d447ed545dfb:c4564, 3e713ff3-0d17-449f-90fa-609b20cf4c10:c4563, 34290298-343f-405c-af97-b2d19041b010:c4563]
2019-09-11 09:06:45,003 [grpc-default-executor-5] INFO  client.GrpcClientProtocolClient (GrpcClientProtocolClient.java:onNext(264)) - client-B22ED198845A->f3174d56-9988-40ec-970b-d447ed545dfb: receive RaftClientReply:client-B22ED198845A->f3174d56-9988-40ec-970b-d447ed545dfb@group-47B82E5F6106, cid=3053, SUCCESS, logIndex=4566, commits[f3174d56-9988-40ec-970b-d447ed545dfb:c4568, 3e713ff3-0d17-449f-90fa-609b20cf4c10:c4565, 34290298-343f-405c-af97-b2d19041b010:c4565]
2019-09-11 09:06:45,004 [grpc-default-executor-5] INFO  client.GrpcClientProtocolClient (GrpcClientProtocolClient.java:onNext(264)) - client-B22ED198845A->f3174d56-9988-40ec-970b-d447ed545dfb: receive RaftClientReply:client-B22ED198845A->f3174d56-9988-40ec-970b-d447ed545dfb@group-47B82E5F6106, cid=3054, SUCCESS, logIndex=4567, commits[f3174d56-9988-40ec-970b-d447ed545dfb:c4569, 3e713ff3-0d17-449f-90fa-609b20cf4c10:c4565, 34290298-343f-405c-af97-b2d19041b010:c4565]
2019-09-11 09:06:45,004 [grpc-default-executor-5] INFO  client.GrpcClientProtocolClient (GrpcClientProtocolClient.java:onNext(264)) - client-B22ED198845A->f3174d56-9988-40ec-970b-d447ed545dfb: receive RaftClientReply:client-B22ED198845A->f3174d56-9988-40ec-970b-d447ed545dfb@group-47B82E5F6106, cid=3055, SUCCESS, logIndex=4568, commits[f3174d56-9988-40ec-970b-d447ed545dfb:c4569, 3e713ff3-0d17-449f-90fa-609b20cf4c10:c4565, 34290298-343f-405c-af97-b2d19041b010:c4565]
2019-09-11 09:06:45,004 [grpc-default-executor-5] INFO  client.GrpcClientProtocolClient (GrpcClientProtocolClient.java:onNext(264)) - client-B22ED198845A->f3174d56-9988-40ec-970b-d447ed545dfb: receive RaftClientReply:client-B22ED198845A->f3174d56-9988-40ec-970b-d447ed545dfb@group-47B82E5F6106, cid=3056, SUCCESS, logIndex=4569, commits[f3174d56-9988-40ec-970b-d447ed545dfb:c4569, 3e713ff3-0d17-449f-90fa-609b20cf4c10:c4565, 34290298-343f-405c-af97-b2d19041b010:c4565]
2019-09-11 09:06:45,006 [grpc-default-executor-5] INFO  client.GrpcClientProtocolClient (GrpcClientProtocolClient.java:onNext(264)) - client-B22ED198845A->f3174d56-9988-40ec-970b-d447ed545dfb: receive RaftClientReply:client-B22ED198845A->f3174d56-9988-40ec-970b-d447ed545dfb@group-47B82E5F6106, cid=3057, SUCCESS, logIndex=0, commits[f3174d56-9988-40ec-970b-d447ed545dfb:c4570, 3e713ff3-0d17-449f-90fa-609b20cf4c10:c4567, 34290298-343f-405c-af97-b2d19041b010:c4567]
2019-09-11 09:06:45,015 [grpc-default-executor-0] INFO  client.GrpcClientProtocolClient (GrpcClientProtocolClient.java:onNext(264)) - client-B22ED198845A->f3174d56-9988-40ec-970b-d447ed545dfb: receive RaftClientReply:client-B22ED198845A->f3174d56-9988-40ec-970b-d447ed545dfb@group-47B82E5F6106, cid=3058, SUCCESS, logIndex=4574, commits[f3174d56-9988-40ec-970b-d447ed545dfb:c4575, 3e713ff3-0d17-449f-90fa-609b20cf4c10:c4573, 34290298-343f-405c-af97-b2d19041b010:c4569]
2019-09-11 09:06:45,015 [grpc-default-executor-0] INFO  client.GrpcClientProtocolClient (GrpcClientProtocolClient.java:onNext(264)) - client-B22ED198845A->f3174d56-9988-40ec-970b-d447ed545dfb: receive RaftClientReply:client-B22ED198845A->f3174d56-9988-40ec-970b-d447ed545dfb@group-47B82E5F6106, cid=3059, SUCCESS, logIndex=4575, commits[f3174d56-9988-40ec-970b-d447ed545dfb:c4575, 3e713ff3-0d17-449f-90fa-609b20cf4c10:c4573, 34290298-343f-405c-af97-b2d19041b010:c4573]
2019-09-11 09:06:45,024 [grpc-default-executor-2] INFO  client.GrpcClientProtocolClient (GrpcClientProtocolClient.java:onNext(264)) - client-B22ED198845A->f3174d56-9988-40ec-970b-d447ed545dfb: receive RaftClientReply:client-B22ED198845A->f3174d56-9988-40ec-970b-d447ed545dfb@group-47B82E5F6106, cid=3060, SUCCESS, logIndex=4578, commits[f3174d56-9988-40ec-970b-d447ed545dfb:c4579, 3e713ff3-0d17-449f-90fa-609b20cf4c10:c4575, 34290298-343f-405c-af97-b2d19041b010:c4577]
2019-09-11 09:06:45,024 [grpc-default-executor-2] INFO  client.GrpcClientProtocolClient (GrpcClientProtocolClient.java:onNext(264)) - client-B22ED198845A->f3174d56-9988-40ec-970b-d447ed545dfb: receive RaftClientReply:client-B22ED198845A->f3174d56-9988-40ec-970b-d447ed545dfb@group-47B82E5F6106, cid=3061, SUCCESS, logIndex=4579, commits[f3174d56-9988-40ec-970b-d447ed545dfb:c4579, 3e713ff3-0d17-449f-90fa-609b20cf4c10:c4577, 34290298-343f-405c-af97-b2d19041b010:c4577]
2019-09-11 09:06:45,027 [grpc-default-executor-2] INFO  client.GrpcClientProtocolClient (GrpcClientProtocolClient.java:onNext(264)) - client-B22ED198845A->f3174d56-9988-40ec-970b-d447ed545dfb: receive RaftClientReply:client-B22ED198845A->f3174d56-9988-40ec-970b-d447ed545dfb@group-47B82E5F6106, cid=3062, SUCCESS, logIndex=0, commits[f3174d56-9988-40ec-970b-d447ed545dfb:c4580, 3e713ff3-0d17-449f-90fa-609b20cf4c10:c4579, 34290298-343f-405c-af97-b2d19041b010:c4579]
2019-09-11 09:06:45,044 [grpc-default-executor-0] INFO  client.GrpcClientProtocolClient (GrpcClientProtocolClient.java:onNext(264)) - client-B22ED198845A->f3174d56-9988-40ec-970b-d447ed545dfb: receive RaftClientReply:client-B22ED198845A->f3174d56-9988-40ec-970b-d447ed545dfb@group-47B82E5F6106, cid=3063, SUCCESS, logIndex=4582, commits[f3174d56-9988-40ec-970b-d447ed545dfb:c4583, 3e713ff3-0d17-449f-90fa-609b20cf4c10:c4581, 34290298-343f-405c-af97-b2d19041b010:c4579]
2019-09-11 09:06:45,044 [grpc-default-executor-5] INFO  client.GrpcClientProtocolClient (GrpcClientProtocolClient.java:onNext(264)) - client-B22ED198845A->f3174d56-9988-40ec-970b-d447ed545dfb: receive RaftClientReply:client-B22ED198845A->f3174d56-9988-40ec-970b-d447ed545dfb@group-47B82E5F6106, cid=3064, SUCCESS, logIndex=4583, commits[f3174d56-9988-40ec-970b-d447ed545dfb:c4583, 3e713ff3-0d17-449f-90fa-609b20cf4c10:c4581, 34290298-343f-405c-af97-b2d19041b010:c4579]
2019-09-11 09:06:45,045 [grpc-default-executor-2] INFO  client.GrpcClientProtocolClient (GrpcClientProtocolClient.java:onNext(264)) - client-B22ED198845A->f3174d56-9988-40ec-970b-d447ed545dfb: receive RaftClientReply:client-B22ED198845A->f3174d56-9988-40ec-970b-d447ed545dfb@group-47B82E5F6106, cid=3065, SUCCESS, logIndex=4584, commits[f3174d56-9988-40ec-970b-d447ed545dfb:c4584, 3e713ff3-0d17-449f-90fa-609b20cf4c10:c4581, 34290298-343f-405c-af97-b2d19041b010:c4581]
2019-09-11 09:06:45,045 [grpc-default-executor-2] INFO  client.GrpcClientProtocolClient (GrpcClientProtocolClient.java:onNext(264)) - client-B22ED198845A->f3174d56-9988-40ec-970b-d447ed545dfb: receive RaftClientReply:client-B22ED198845A->f3174d56-9988-40ec-970b-d447ed545dfb@group-47B82E5F6106, cid=3066, SUCCESS, logIndex=4585, commits[f3174d56-9988-40ec-970b-d447ed545dfb:c4585, 3e713ff3-0d17-449f-90fa-609b20cf4c10:c4581, 34290298-343f-405c-af97-b2d19041b010:c4581]
2019-09-11 09:06:45,047 [grpc-default-executor-2] INFO  client.GrpcClientProtocolClient (GrpcClientProtocolClient.java:onNext(264)) - client-B22ED198845A->f3174d56-9988-40ec-970b-d447ed545dfb: receive RaftClientReply:client-B22ED198845A->f3174d56-9988-40ec-970b-d447ed545dfb@group-47B82E5F6106, cid=3067, SUCCESS, logIndex=0, commits[f3174d56-9988-40ec-970b-d447ed545dfb:c4587, 3e713ff3-0d17-449f-90fa-609b20cf4c10:c4583, 34290298-343f-405c-af97-b2d19041b010:c4583]
2019-09-11 09:06:45,056 [grpc-default-executor-0] INFO  client.GrpcClientProtocolClient (GrpcClientProtocolClient.java:onNext(264)) - client-B22ED198845A->f3174d56-9988-40ec-970b-d447ed545dfb: receive RaftClientReply:client-B22ED198845A->f3174d56-9988-40ec-970b-d447ed545dfb@group-47B82E5F6106, cid=3068, SUCCESS, logIndex=4590, commits[f3174d56-9988-40ec-970b-d447ed545dfb:c4591, 3e713ff3-0d17-449f-90fa-609b20cf4c10:c4589, 34290298-343f-405c-af97-b2d19041b010:c4585]
2019-09-11 09:06:45,057 [grpc-default-executor-0] INFO  client.GrpcClientProtocolClient (GrpcClientProtocolClient.java:onNext(264)) - client-B22ED198845A->f3174d56-9988-40ec-970b-d447ed545dfb: receive RaftClientReply:client-B22ED198845A->f3174d56-9988-40ec-970b-d447ed545dfb@group-47B82E5F6106, cid=3069, SUCCESS, logIndex=4591, commits[f3174d56-9988-40ec-970b-d447ed545dfb:c4591, 3e713ff3-0d17-449f-90fa-609b20cf4c10:c4589, 34290298-343f-405c-af97-b2d19041b010:c4589]
2019-09-11 09:06:45,065 [grpc-default-executor-5] INFO  client.GrpcClientProtocolClient (GrpcClientProtocolClient.java:onNext(264)) - client-B22ED198845A->f3174d56-9988-40ec-970b-d447ed545dfb: receive RaftClientReply:client-B22ED198845A->f3174d56-9988-40ec-970b-d447ed545dfb@group-47B82E5F6106, cid=3070, SUCCESS, logIndex=4594, commits[f3174d56-9988-40ec-970b-d447ed545dfb:c4595, 3e713ff3-0d17-449f-90fa-609b20cf4c10:c4592, 34290298-343f-405c-af97-b2d19041b010:c4591]
2019-09-11 09:06:45,066 [grpc-default-executor-5] INFO  client.GrpcClientProtocolClient (GrpcClientProtocolClient.java:onNext(264)) - client-B22ED198845A->f3174d56-9988-40ec-970b-d447ed545dfb: receive RaftClientReply:client-B22ED198845A->f3174d56-9988-40ec-970b-d447ed545dfb@group-47B82E5F6106, cid=3071, SUCCESS, logIndex=4595, commits[f3174d56-9988-40ec-970b-d447ed545dfb:c4595, 3e713ff3-0d17-449f-90fa-609b20cf4c10:c4592, 34290298-343f-405c-af97-b2d19041b010:c4592]
2019-09-11 09:06:45,069 [grpc-default-executor-5] INFO  client.GrpcClientProtocolClient (GrpcClientProtocolClient.java:onNext(264)) - client-B22ED198845A->f3174d56-9988-40ec-970b-d447ed545dfb: receive RaftClientReply:client-B22ED198845A->f3174d56-9988-40ec-970b-d447ed545dfb@group-47B82E5F6106, cid=3072, SUCCESS, logIndex=0, commits[f3174d56-9988-40ec-970b-d447ed545dfb:c4596, 3e713ff3-0d17-449f-90fa-609b20cf4c10:c4595, 34290298-343f-405c-af97-b2d19041b010:c4595]
2019-09-11 09:06:45,096 [grpc-default-executor-0] INFO  client.GrpcClientProtocolClient (GrpcClientProtocolClient.java:onNext(264)) - client-B22ED198845A->f3174d56-9988-40ec-970b-d447ed545dfb: receive RaftClientReply:client-B22ED198845A->f3174d56-9988-40ec-970b-d447ed545dfb@group-47B82E5F6106, cid=3073, SUCCESS, logIndex=4598, commits[f3174d56-9988-40ec-970b-d447ed545dfb:c4599, 3e713ff3-0d17-449f-90fa-609b20cf4c10:c4597, 34290298-343f-405c-af97-b2d19041b010:c4597]
2019-09-11 09:06:45,097 [grpc-default-executor-0] INFO  client.GrpcClientProtocolClient (GrpcClientProtocolClient.java:onNext(264)) - client-B22ED198845A->f3174d56-9988-40ec-970b-d447ed545dfb: receive RaftClientReply:client-B22ED198845A->f3174d56-9988-40ec-970b-d447ed545dfb@group-47B82E5F6106, cid=3074, SUCCESS, logIndex=4599, commits[f3174d56-9988-40ec-970b-d447ed545dfb:c4599, 3e713ff3-0d17-449f-90fa-609b20cf4c10:c4597, 34290298-343f-405c-af97-b2d19041b010:c4597]
2019-09-11 09:06:45,099 [grpc-default-executor-4] INFO  client.GrpcClientProtocolClient (GrpcClientProtocolClient.java:onNext(264)) - client-B22ED198845A->f3174d56-9988-40ec-970b-d447ed545dfb: receive RaftClientReply:client-B22ED198845A->f3174d56-9988-40ec-970b-d447ed545dfb@group-47B82E5F6106, cid=3075, SUCCESS, logIndex=4600, commits[f3174d56-9988-40ec-970b-d447ed545dfb:c4601, 3e713ff3-0d17-449f-90fa-609b20cf4c10:c4597, 34290298-343f-405c-af97-b2d19041b010:c4597]
2019-09-11 09:06:45,099 [grpc-default-executor-4] INFO  client.GrpcClientProtocolClient (GrpcClientProtocolClient.java:onNext(264)) - client-B22ED198845A->f3174d56-9988-40ec-970b-d447ed545dfb: receive RaftClientReply:client-B22ED198845A->f3174d56-9988-40ec-970b-d447ed545dfb@group-47B82E5F6106, cid=3076, SUCCESS, logIndex=4601, commits[f3174d56-9988-40ec-970b-d447ed545dfb:c4601, 3e713ff3-0d17-449f-90fa-609b20cf4c10:c4597, 34290298-343f-405c-af97-b2d19041b010:c4597]
2019-09-11 09:06:45,103 [grpc-default-executor-2] INFO  client.GrpcClientProtocolClient (GrpcClientProtocolClient.java:onNext(264)) - client-B22ED198845A->f3174d56-9988-40ec-970b-d447ed545dfb: receive RaftClientReply:client-B22ED198845A->f3174d56-9988-40ec-970b-d447ed545dfb@group-47B82E5F6106, cid=3077, SUCCESS, logIndex=0, commits[f3174d56-9988-40ec-970b-d447ed545dfb:c4603, 3e713ff3-0d17-449f-90fa-609b20cf4c10:c4599, 34290298-343f-405c-af97-b2d19041b010:c4599]
2019-09-11 09:06:45,112 [grpc-default-executor-4] INFO  client.GrpcClientProtocolClient (GrpcClientProtocolClient.java:onNext(264)) - client-B22ED198845A->f3174d56-9988-40ec-970b-d447ed545dfb: receive RaftClientReply:client-B22ED198845A->f3174d56-9988-40ec-970b-d447ed545dfb@group-47B82E5F6106, cid=3078, SUCCESS, logIndex=4606, commits[f3174d56-9988-40ec-970b-d447ed545dfb:c4607, 3e713ff3-0d17-449f-90fa-609b20cf4c10:c4601, 34290298-343f-405c-af97-b2d19041b010:c4605]
2019-09-11 09:06:45,112 [grpc-default-executor-4] INFO  client.GrpcClientProtocolClient (GrpcClientProtocolClient.java:onNext(264)) - client-B22ED198845A->f3174d56-9988-40ec-970b-d447ed545dfb: receive RaftClientReply:client-B22ED198845A->f3174d56-9988-40ec-970b-d447ed545dfb@group-47B82E5F6106, cid=3079, SUCCESS, logIndex=4607, commits[f3174d56-9988-40ec-970b-d447ed545dfb:c4607, 3e713ff3-0d17-449f-90fa-609b20cf4c10:c4605, 34290298-343f-405c-af97-b2d19041b010:c4605]
2019-09-11 09:06:45,121 [grpc-default-executor-2] INFO  client.GrpcClientProtocolClient (GrpcClientProtocolClient.java:onNext(264)) - client-B22ED198845A->f3174d56-9988-40ec-970b-d447ed545dfb: receive RaftClientReply:client-B22ED198845A->f3174d56-9988-40ec-970b-d447ed545dfb@group-47B82E5F6106, cid=3080, SUCCESS, logIndex=4610, commits[f3174d56-9988-40ec-970b-d447ed545dfb:c4611, 3e713ff3-0d17-449f-90fa-609b20cf4c10:c4607, 34290298-343f-405c-af97-b2d19041b010:c4608]
2019-09-11 09:06:45,121 [grpc-default-executor-2] INFO  client.GrpcClientProtocolClient (GrpcClientProtocolClient.java:onNext(264)) - client-B22ED198845A->f3174d56-9988-40ec-970b-d447ed545dfb: receive RaftClientReply:client-B22ED198845A->f3174d56-9988-40ec-970b-d447ed545dfb@group-47B82E5F6106, cid=3081, SUCCESS, logIndex=4611, commits[f3174d56-9988-40ec-970b-d447ed545dfb:c4611, 3e713ff3-0d17-449f-90fa-609b20cf4c10:c4608, 34290298-343f-405c-af97-b2d19041b010:c4608]
2019-09-11 09:06:45,124 [grpc-default-executor-4] INFO  client.GrpcClientProtocolClient (GrpcClientProtocolClient.java:onNext(264)) - client-B22ED198845A->f3174d56-9988-40ec-970b-d447ed545dfb: receive RaftClientReply:client-B22ED198845A->f3174d56-9988-40ec-970b-d447ed545dfb@group-47B82E5F6106, cid=3082, SUCCESS, logIndex=0, commits[f3174d56-9988-40ec-970b-d447ed545dfb:c4612, 3e713ff3-0d17-449f-90fa-609b20cf4c10:c4611, 34290298-343f-405c-af97-b2d19041b010:c4611]
2019-09-11 09:06:45,155 [grpc-default-executor-0] INFO  client.GrpcClientProtocolClient (GrpcClientProtocolClient.java:onNext(264)) - client-B22ED198845A->f3174d56-9988-40ec-970b-d447ed545dfb: receive RaftClientReply:client-B22ED198845A->f3174d56-9988-40ec-970b-d447ed545dfb@group-47B82E5F6106, cid=3083, SUCCESS, logIndex=4614, commits[f3174d56-9988-40ec-970b-d447ed545dfb:c4615, 3e713ff3-0d17-449f-90fa-609b20cf4c10:c4613, 34290298-343f-405c-af97-b2d19041b010:c4611]
2019-09-11 09:06:45,155 [grpc-default-executor-0] INFO  client.GrpcClientProtocolClient (GrpcClientProtocolClient.java:onNext(264)) - client-B22ED198845A->f3174d56-9988-40ec-970b-d447ed545dfb: receive RaftClientReply:client-B22ED198845A->f3174d56-9988-40ec-970b-d447ed545dfb@group-47B82E5F6106, cid=3084, SUCCESS, logIndex=4615, commits[f3174d56-9988-40ec-970b-d447ed545dfb:c4615, 3e713ff3-0d17-449f-90fa-609b20cf4c10:c4613, 34290298-343f-405c-af97-b2d19041b010:c4611]
2019-09-11 09:06:45,157 [grpc-default-executor-0] INFO  client.GrpcClientProtocolClient (GrpcClientProtocolClient.java:onNext(264)) - client-B22ED198845A->f3174d56-9988-40ec-970b-d447ed545dfb: receive RaftClientReply:client-B22ED198845A->f3174d56-9988-40ec-970b-d447ed545dfb@group-47B82E5F6106, cid=3085, SUCCESS, logIndex=4616, commits[f3174d56-9988-40ec-970b-d447ed545dfb:c4617, 3e713ff3-0d17-449f-90fa-609b20cf4c10:c4613, 34290298-343f-405c-af97-b2d19041b010:c4613]
2019-09-11 09:06:45,157 [grpc-default-executor-0] INFO  client.GrpcClientProtocolClient (GrpcClientProtocolClient.java:onNext(264)) - client-B22ED198845A->f3174d56-9988-40ec-970b-d447ed545dfb: receive RaftClientReply:client-B22ED198845A->f3174d56-9988-40ec-970b-d447ed545dfb@group-47B82E5F6106, cid=3086, SUCCESS, logIndex=4617, commits[f3174d56-9988-40ec-970b-d447ed545dfb:c4617, 3e713ff3-0d17-449f-90fa-609b20cf4c10:c4613, 34290298-343f-405c-af97-b2d19041b010:c4613]
2019-09-11 09:06:45,181 [grpc-default-executor-0] INFO  client.GrpcClientProtocolClient (GrpcClientProtocolClient.java:onNext(264)) - client-B22ED198845A->f3174d56-9988-40ec-970b-d447ed545dfb: receive RaftClientReply:client-B22ED198845A->f3174d56-9988-40ec-970b-d447ed545dfb@group-47B82E5F6106, cid=3087, SUCCESS, logIndex=0, commits[f3174d56-9988-40ec-970b-d447ed545dfb:c4619, 3e713ff3-0d17-449f-90fa-609b20cf4c10:c4615, 34290298-343f-405c-af97-b2d19041b010:c4615]
2019-09-11 09:06:45,199 [grpc-default-executor-4] INFO  client.GrpcClientProtocolClient (GrpcClientProtocolClient.java:onNext(264)) - client-B22ED198845A->f3174d56-9988-40ec-970b-d447ed545dfb: receive RaftClientReply:client-B22ED198845A->f3174d56-9988-40ec-970b-d447ed545dfb@group-47B82E5F6106, cid=3088, SUCCESS, logIndex=4622, commits[f3174d56-9988-40ec-970b-d447ed545dfb:c4623, 3e713ff3-0d17-449f-90fa-609b20cf4c10:c4621, 34290298-343f-405c-af97-b2d19041b010:c4621]
2019-09-11 09:06:45,200 [grpc-default-executor-4] INFO  client.GrpcClientProtocolClient (GrpcClientProtocolClient.java:onNext(264)) - client-B22ED198845A->f3174d56-9988-40ec-970b-d447ed545dfb: receive RaftClientReply:client-B22ED198845A->f3174d56-9988-40ec-970b-d447ed545dfb@group-47B82E5F6106, cid=3089, SUCCESS, logIndex=4623, commits[f3174d56-9988-40ec-970b-d447ed545dfb:c4623, 3e713ff3-0d17-449f-90fa-609b20cf4c10:c4621, 34290298-343f-405c-af97-b2d19041b010:c4621]
2019-09-11 09:06:45,226 [grpc-default-executor-2] INFO  client.GrpcClientProtocolClient (GrpcClientProtocolClient.java:onNext(264)) - client-B22ED198845A->f3174d56-9988-40ec-970b-d447ed545dfb: receive RaftClientReply:client-B22ED198845A->f3174d56-9988-40ec-970b-d447ed545dfb@group-47B82E5F6106, cid=3090, SUCCESS, logIndex=4626, commits[f3174d56-9988-40ec-970b-d447ed545dfb:c4627, 3e713ff3-0d17-449f-90fa-609b20cf4c10:c4623, 34290298-343f-405c-af97-b2d19041b010:c4623]
2019-09-11 09:06:45,226 [grpc-default-executor-2] INFO  client.GrpcClientProtocolClient (GrpcClientProtocolClient.java:onNext(264)) - client-B22ED198845A->f3174d56-9988-40ec-970b-d447ed545dfb: receive RaftClientReply:client-B22ED198845A->f3174d56-9988-40ec-970b-d447ed545dfb@group-47B82E5F6106, cid=3091, SUCCESS, logIndex=4627, commits[f3174d56-9988-40ec-970b-d447ed545dfb:c4627, 3e713ff3-0d17-449f-90fa-609b20cf4c10:c4623, 34290298-343f-405c-af97-b2d19041b010:c4623]
2019-09-11 09:06:45,252 [grpc-default-executor-2] INFO  client.GrpcClientProtocolClient (GrpcClientProtocolClient.java:onNext(264)) - client-B22ED198845A->f3174d56-9988-40ec-970b-d447ed545dfb: receive RaftClientReply:client-B22ED198845A->f3174d56-9988-40ec-970b-d447ed545dfb@group-47B82E5F6106, cid=3092, SUCCESS, logIndex=0, commits[f3174d56-9988-40ec-970b-d447ed545dfb:c4629, 3e713ff3-0d17-449f-90fa-609b20cf4c10:c4627, 34290298-343f-405c-af97-b2d19041b010:c4627]
2019-09-11 09:06:45,387 [grpc-default-executor-4] INFO  client.GrpcClientProtocolClient (GrpcClientProtocolClient.java:onNext(264)) - client-B22ED198845A->f3174d56-9988-40ec-970b-d447ed545dfb: receive RaftClientReply:client-B22ED198845A->f3174d56-9988-40ec-970b-d447ed545dfb@group-47B82E5F6106, cid=3093, SUCCESS, logIndex=4630, commits[f3174d56-9988-40ec-970b-d447ed545dfb:c4631, 3e713ff3-0d17-449f-90fa-609b20cf4c10:c4629, 34290298-343f-405c-af97-b2d19041b010:c4629]
2019-09-11 09:06:45,387 [grpc-default-executor-4] INFO  client.GrpcClientProtocolClient (GrpcClientProtocolClient.java:onNext(264)) - client-B22ED198845A->f3174d56-9988-40ec-970b-d447ed545dfb: receive RaftClientReply:client-B22ED198845A->f3174d56-9988-40ec-970b-d447ed545dfb@group-47B82E5F6106, cid=3094, SUCCESS, logIndex=4631, commits[f3174d56-9988-40ec-970b-d447ed545dfb:c4631, 3e713ff3-0d17-449f-90fa-609b20cf4c10:c4629, 34290298-343f-405c-af97-b2d19041b010:c4629]
2019-09-11 09:06:45,388 [grpc-default-executor-4] INFO  client.GrpcClientProtocolClient (GrpcClientProtocolClient.java:onNext(264)) - client-B22ED198845A->f3174d56-9988-40ec-970b-d447ed545dfb: receive RaftClientReply:client-B22ED198845A->f3174d56-9988-40ec-970b-d447ed545dfb@group-47B82E5F6106, cid=3095, SUCCESS, logIndex=4632, commits[f3174d56-9988-40ec-970b-d447ed545dfb:c4633, 3e713ff3-0d17-449f-90fa-609b20cf4c10:c4629, 34290298-343f-405c-af97-b2d19041b010:c4629]
2019-09-11 09:06:45,388 [grpc-default-executor-2] INFO  client.GrpcClientProtocolClient (GrpcClientProtocolClient.java:onNext(264)) - client-B22ED198845A->f3174d56-9988-40ec-970b-d447ed545dfb: receive RaftClientReply:client-B22ED198845A->f3174d56-9988-40ec-970b-d447ed545dfb@group-47B82E5F6106, cid=3096, SUCCESS, logIndex=4633, commits[f3174d56-9988-40ec-970b-d447ed545dfb:c4633, 3e713ff3-0d17-449f-90fa-609b20cf4c10:c4629, 34290298-343f-405c-af97-b2d19041b010:c4629]
2019-09-11 09:06:45,392 [grpc-default-executor-4] INFO  client.GrpcClientProtocolClient (GrpcClientProtocolClient.java:onNext(264)) - client-B22ED198845A->f3174d56-9988-40ec-970b-d447ed545dfb: receive RaftClientReply:client-B22ED198845A->f3174d56-9988-40ec-970b-d447ed545dfb@group-47B82E5F6106, cid=3097, SUCCESS, logIndex=0, commits[f3174d56-9988-40ec-970b-d447ed545dfb:c4637, 3e713ff3-0d17-449f-90fa-609b20cf4c10:c4631, 34290298-343f-405c-af97-b2d19041b010:c4633]
2019-09-11 09:06:45,407 [grpc-default-executor-2] INFO  client.GrpcClientProtocolClient (GrpcClientProtocolClient.java:onNext(264)) - client-B22ED198845A->f3174d56-9988-40ec-970b-d447ed545dfb: receive RaftClientReply:client-B22ED198845A->f3174d56-9988-40ec-970b-d447ed545dfb@group-47B82E5F6106, cid=3098, SUCCESS, logIndex=4638, commits[f3174d56-9988-40ec-970b-d447ed545dfb:c4639, 3e713ff3-0d17-449f-90fa-609b20cf4c10:c4637, 34290298-343f-405c-af97-b2d19041b010:c4637]
2019-09-11 09:06:45,407 [grpc-default-executor-2] INFO  client.GrpcClientProtocolClient (GrpcClientProtocolClient.java:onNext(264)) - client-B22ED198845A->f3174d56-9988-40ec-970b-d447ed545dfb: receive RaftClientReply:client-B22ED198845A->f3174d56-9988-40ec-970b-d447ed545dfb@group-47B82E5F6106, cid=3099, SUCCESS, logIndex=4639, commits[f3174d56-9988-40ec-970b-d447ed545dfb:c4639, 3e713ff3-0d17-449f-90fa-609b20cf4c10:c4637, 34290298-343f-405c-af97-b2d19041b010:c4637]
2019-09-11 09:06:45,417 [grpc-default-executor-2] INFO  client.GrpcClientProtocolClient (GrpcClientProtocolClient.java:onNext(264)) - client-B22ED198845A->f3174d56-9988-40ec-970b-d447ed545dfb: receive RaftClientReply:client-B22ED198845A->f3174d56-9988-40ec-970b-d447ed545dfb@group-47B82E5F6106, cid=3100, SUCCESS, logIndex=4642, commits[f3174d56-9988-40ec-970b-d447ed545dfb:c4643, 3e713ff3-0d17-449f-90fa-609b20cf4c10:c4638, 34290298-343f-405c-af97-b2d19041b010:c4639]
2019-09-11 09:06:45,418 [grpc-default-executor-2] INFO  client.GrpcClientProtocolClient (GrpcClientProtocolClient.java:onNext(264)) - client-B22ED198845A->f3174d56-9988-40ec-970b-d447ed545dfb: receive RaftClientReply:client-B22ED198845A->f3174d56-9988-40ec-970b-d447ed545dfb@group-47B82E5F6106, cid=3101, SUCCESS, logIndex=4643, commits[f3174d56-9988-40ec-970b-d447ed545dfb:c4643, 3e713ff3-0d17-449f-90fa-609b20cf4c10:c4639, 34290298-343f-405c-af97-b2d19041b010:c4639]
2019-09-11 09:06:45,431 [grpc-default-executor-2] INFO  client.GrpcClientProtocolClient (GrpcClientProtocolClient.java:onNext(264)) - client-B22ED198845A->f3174d56-9988-40ec-970b-d447ed545dfb: receive RaftClientReply:client-B22ED198845A->f3174d56-9988-40ec-970b-d447ed545dfb@group-47B82E5F6106, cid=3102, SUCCESS, logIndex=0, commits[f3174d56-9988-40ec-970b-d447ed545dfb:c4645, 3e713ff3-0d17-449f-90fa-609b20cf4c10:c4643, 34290298-343f-405c-af97-b2d19041b010:c4643]
2019-09-11 09:06:45,463 [grpc-default-executor-5] INFO  client.GrpcClientProtocolClient (GrpcClientProtocolClient.java:onNext(264)) - client-B22ED198845A->f3174d56-9988-40ec-970b-d447ed545dfb: receive RaftClientReply:client-B22ED198845A->f3174d56-9988-40ec-970b-d447ed545dfb@group-47B82E5F6106, cid=3103, SUCCESS, logIndex=4646, commits[f3174d56-9988-40ec-970b-d447ed545dfb:c4646, 3e713ff3-0d17-449f-90fa-609b20cf4c10:c4645, 34290298-343f-405c-af97-b2d19041b010:c4645]
2019-09-11 09:06:45,464 [grpc-default-executor-5] INFO  client.GrpcClientProtocolClient (GrpcClientProtocolClient.java:onNext(264)) - client-B22ED198845A->f3174d56-9988-40ec-970b-d447ed545dfb: receive RaftClientReply:client-B22ED198845A->f3174d56-9988-40ec-970b-d447ed545dfb@group-47B82E5F6106, cid=3104, SUCCESS, logIndex=4647, commits[f3174d56-9988-40ec-970b-d447ed545dfb:c4649, 3e713ff3-0d17-449f-90fa-609b20cf4c10:c4645, 34290298-343f-405c-af97-b2d19041b010:c4645]
2019-09-11 09:06:45,464 [grpc-default-executor-5] INFO  client.GrpcClientProtocolClient (GrpcClientProtocolClient.java:onNext(264)) - client-B22ED198845A->f3174d56-9988-40ec-970b-d447ed545dfb: receive RaftClientReply:client-B22ED198845A->f3174d56-9988-40ec-970b-d447ed545dfb@group-47B82E5F6106, cid=3105, SUCCESS, logIndex=4648, commits[f3174d56-9988-40ec-970b-d447ed545dfb:c4649, 3e713ff3-0d17-449f-90fa-609b20cf4c10:c4645, 34290298-343f-405c-af97-b2d19041b010:c4645]
2019-09-11 09:06:45,464 [grpc-default-executor-5] INFO  client.GrpcClientProtocolClient (GrpcClientProtocolClient.java:onNext(264)) - client-B22ED198845A->f3174d56-9988-40ec-970b-d447ed545dfb: receive RaftClientReply:client-B22ED198845A->f3174d56-9988-40ec-970b-d447ed545dfb@group-47B82E5F6106, cid=3106, SUCCESS, logIndex=4649, commits[f3174d56-9988-40ec-970b-d447ed545dfb:c4649, 3e713ff3-0d17-449f-90fa-609b20cf4c10:c4645, 34290298-343f-405c-af97-b2d19041b010:c4645]
2019-09-11 09:06:45,489 [grpc-default-executor-2] INFO  client.GrpcClientProtocolClient (GrpcClientProtocolClient.java:onNext(264)) - client-B22ED198845A->f3174d56-9988-40ec-970b-d447ed545dfb: receive RaftClientReply:client-B22ED198845A->f3174d56-9988-40ec-970b-d447ed545dfb@group-47B82E5F6106, cid=3107, SUCCESS, logIndex=0, commits[f3174d56-9988-40ec-970b-d447ed545dfb:c4651, 3e713ff3-0d17-449f-90fa-609b20cf4c10:c4649, 34290298-343f-405c-af97-b2d19041b010:c4649]
2019-09-11 09:06:45,500 [grpc-default-executor-2] INFO  client.GrpcClientProtocolClient (GrpcClientProtocolClient.java:onNext(264)) - client-B22ED198845A->f3174d56-9988-40ec-970b-d447ed545dfb: receive RaftClientReply:client-B22ED198845A->f3174d56-9988-40ec-970b-d447ed545dfb@group-47B82E5F6106, cid=3108, SUCCESS, logIndex=4652, commits[f3174d56-9988-40ec-970b-d447ed545dfb:c4653, 3e713ff3-0d17-449f-90fa-609b20cf4c10:c4649, 34290298-343f-405c-af97-b2d19041b010:c4651]
2019-09-11 09:06:45,500 [grpc-default-executor-2] INFO  client.GrpcClientProtocolClient (GrpcClientProtocolClient.java:onNext(264)) - client-B22ED198845A->f3174d56-9988-40ec-970b-d447ed545dfb: receive RaftClientReply:client-B22ED198845A->f3174d56-9988-40ec-970b-d447ed545dfb@group-47B82E5F6106, cid=3109, SUCCESS, logIndex=4653, commits[f3174d56-9988-40ec-970b-d447ed545dfb:c4653, 3e713ff3-0d17-449f-90fa-609b20cf4c10:c4649, 34290298-343f-405c-af97-b2d19041b010:c4651]
2019-09-11 09:06:45,510 [grpc-default-executor-0] INFO  client.GrpcClientProtocolClient (GrpcClientProtocolClient.java:onNext(264)) - client-B22ED198845A->f3174d56-9988-40ec-970b-d447ed545dfb: receive RaftClientReply:client-B22ED198845A->f3174d56-9988-40ec-970b-d447ed545dfb@group-47B82E5F6106, cid=3110, SUCCESS, logIndex=4656, commits[f3174d56-9988-40ec-970b-d447ed545dfb:c4657, 3e713ff3-0d17-449f-90fa-609b20cf4c10:c4653, 34290298-343f-405c-af97-b2d19041b010:c4655]
2019-09-11 09:06:45,511 [grpc-default-executor-0] INFO  client.GrpcClientProtocolClient (GrpcClientProtocolClient.java:onNext(264)) - client-B22ED198845A->f3174d56-9988-40ec-970b-d447ed545dfb: receive RaftClientReply:client-B22ED198845A->f3174d56-9988-40ec-970b-d447ed545dfb@group-47B82E5F6106, cid=3111, SUCCESS, logIndex=4657, commits[f3174d56-9988-40ec-970b-d447ed545dfb:c4657, 3e713ff3-0d17-449f-90fa-609b20cf4c10:c4655, 34290298-343f-405c-af97-b2d19041b010:c4655]
2019-09-11 09:06:45,515 [grpc-default-executor-0] INFO  client.GrpcClientProtocolClient (GrpcClientProtocolClient.java:onNext(264)) - client-B22ED198845A->f3174d56-9988-40ec-970b-d447ed545dfb: receive RaftClientReply:client-B22ED198845A->f3174d56-9988-40ec-970b-d447ed545dfb@group-47B82E5F6106, cid=3112, SUCCESS, logIndex=0, commits[f3174d56-9988-40ec-970b-d447ed545dfb:c4659, 3e713ff3-0d17-449f-90fa-609b20cf4c10:c4657, 34290298-343f-405c-af97-b2d19041b010:c4657]
2019-09-11 09:06:45,533 [grpc-default-executor-5] INFO  client.GrpcClientProtocolClient (GrpcClientProtocolClient.java:onNext(264)) - client-B22ED198845A->f3174d56-9988-40ec-970b-d447ed545dfb: receive RaftClientReply:client-B22ED198845A->f3174d56-9988-40ec-970b-d447ed545dfb@group-47B82E5F6106, cid=3113, SUCCESS, logIndex=4660, commits[f3174d56-9988-40ec-970b-d447ed545dfb:c4661, 3e713ff3-0d17-449f-90fa-609b20cf4c10:c4659, 34290298-343f-405c-af97-b2d19041b010:c4659]
2019-09-11 09:06:45,534 [grpc-default-executor-5] INFO  client.GrpcClientProtocolClient (GrpcClientProtocolClient.java:onNext(264)) - client-B22ED198845A->f3174d56-9988-40ec-970b-d447ed545dfb: receive RaftClientReply:client-B22ED198845A->f3174d56-9988-40ec-970b-d447ed545dfb@group-47B82E5F6106, cid=3114, SUCCESS, logIndex=4661, commits[f3174d56-9988-40ec-970b-d447ed545dfb:c4661, 3e713ff3-0d17-449f-90fa-609b20cf4c10:c4659, 34290298-343f-405c-af97-b2d19041b010:c4659]
2019-09-11 09:06:45,534 [grpc-default-executor-5] INFO  client.GrpcClientProtocolClient (GrpcClientProtocolClient.java:onNext(264)) - client-B22ED198845A->f3174d56-9988-40ec-970b-d447ed545dfb: receive RaftClientReply:client-B22ED198845A->f3174d56-9988-40ec-970b-d447ed545dfb@group-47B82E5F6106, cid=3115, SUCCESS, logIndex=4662, commits[f3174d56-9988-40ec-970b-d447ed545dfb:c4663, 3e713ff3-0d17-449f-90fa-609b20cf4c10:c4659, 34290298-343f-405c-af97-b2d19041b010:c4659]
2019-09-11 09:06:45,534 [grpc-default-executor-5] INFO  client.GrpcClientProtocolClient (GrpcClientProtocolClient.java:onNext(264)) - client-B22ED198845A->f3174d56-9988-40ec-970b-d447ed545dfb: receive RaftClientReply:client-B22ED198845A->f3174d56-9988-40ec-970b-d447ed545dfb@group-47B82E5F6106, cid=3116, SUCCESS, logIndex=4663, commits[f3174d56-9988-40ec-970b-d447ed545dfb:c4663, 3e713ff3-0d17-449f-90fa-609b20cf4c10:c4659, 34290298-343f-405c-af97-b2d19041b010:c4659]
2019-09-11 09:06:45,539 [grpc-default-executor-5] INFO  client.GrpcClientProtocolClient (GrpcClientProtocolClient.java:onNext(264)) - client-B22ED198845A->f3174d56-9988-40ec-970b-d447ed545dfb: receive RaftClientReply:client-B22ED198845A->f3174d56-9988-40ec-970b-d447ed545dfb@group-47B82E5F6106, cid=3117, SUCCESS, logIndex=0, commits[f3174d56-9988-40ec-970b-d447ed545dfb:c4665, 3e713ff3-0d17-449f-90fa-609b20cf4c10:c4661, 34290298-343f-405c-af97-b2d19041b010:c4661]
2019-09-11 09:06:45,552 [grpc-default-executor-0] INFO  client.GrpcClientProtocolClient (GrpcClientProtocolClient.java:onNext(264)) - client-B22ED198845A->f3174d56-9988-40ec-970b-d447ed545dfb: receive RaftClientReply:client-B22ED198845A->f3174d56-9988-40ec-970b-d447ed545dfb@group-47B82E5F6106, cid=3118, SUCCESS, logIndex=4668, commits[f3174d56-9988-40ec-970b-d447ed545dfb:c4669, 3e713ff3-0d17-449f-90fa-609b20cf4c10:c4667, 34290298-343f-405c-af97-b2d19041b010:c4667]
2019-09-11 09:06:45,552 [grpc-default-executor-0] INFO  client.GrpcClientProtocolClient (GrpcClientProtocolClient.java:onNext(264)) - client-B22ED198845A->f3174d56-9988-40ec-970b-d447ed545dfb: receive RaftClientReply:client-B22ED198845A->f3174d56-9988-40ec-970b-d447ed545dfb@group-47B82E5F6106, cid=3119, SUCCESS, logIndex=4669, commits[f3174d56-9988-40ec-970b-d447ed545dfb:c4669, 3e713ff3-0d17-449f-90fa-609b20cf4c10:c4667, 34290298-343f-405c-af97-b2d19041b010:c4667]
2019-09-11 09:06:45,563 [grpc-default-executor-2] INFO  client.GrpcClientProtocolClient (GrpcClientProtocolClient.java:onNext(264)) - client-B22ED198845A->f3174d56-9988-40ec-970b-d447ed545dfb: receive RaftClientReply:client-B22ED198845A->f3174d56-9988-40ec-970b-d447ed545dfb@group-47B82E5F6106, cid=3120, SUCCESS, logIndex=4672, commits[f3174d56-9988-40ec-970b-d447ed545dfb:c4673, 3e713ff3-0d17-449f-90fa-609b20cf4c10:c4670, 34290298-343f-405c-af97-b2d19041b010:c4669]
2019-09-11 09:06:45,563 [grpc-default-executor-2] INFO  client.GrpcClientProtocolClient (GrpcClientProtocolClient.java:onNext(264)) - client-B22ED198845A->f3174d56-9988-40ec-970b-d447ed545dfb: receive RaftClientReply:client-B22ED198845A->f3174d56-9988-40ec-970b-d447ed545dfb@group-47B82E5F6106, cid=3121, SUCCESS, logIndex=4673, commits[f3174d56-9988-40ec-970b-d447ed545dfb:c4673, 3e713ff3-0d17-449f-90fa-609b20cf4c10:c4670, 34290298-343f-405c-af97-b2d19041b010:c4669]
2019-09-11 09:06:45,567 [grpc-default-executor-5] INFO  client.GrpcClientProtocolClient (GrpcClientProtocolClient.java:onNext(264)) - client-B22ED198845A->f3174d56-9988-40ec-970b-d447ed545dfb: receive RaftClientReply:client-B22ED198845A->f3174d56-9988-40ec-970b-d447ed545dfb@group-47B82E5F6106, cid=3122, SUCCESS, logIndex=0, commits[f3174d56-9988-40ec-970b-d447ed545dfb:c4674, 3e713ff3-0d17-449f-90fa-609b20cf4c10:c4673, 34290298-343f-405c-af97-b2d19041b010:c4673]
2019-09-11 09:06:45,586 [grpc-default-executor-2] INFO  client.GrpcClientProtocolClient (GrpcClientProtocolClient.java:onNext(264)) - client-B22ED198845A->f3174d56-9988-40ec-970b-d447ed545dfb: receive RaftClientReply:client-B22ED198845A->f3174d56-9988-40ec-970b-d447ed545dfb@group-47B82E5F6106, cid=3123, SUCCESS, logIndex=4676, commits[f3174d56-9988-40ec-970b-d447ed545dfb:c4677, 3e713ff3-0d17-449f-90fa-609b20cf4c10:c4675, 34290298-343f-405c-af97-b2d19041b010:c4673]
2019-09-11 09:06:45,587 [grpc-default-executor-2] INFO  client.GrpcClientProtocolClient (GrpcClientProtocolClient.java:onNext(264)) - client-B22ED198845A->f3174d56-9988-40ec-970b-d447ed545dfb: receive RaftClientReply:client-B22ED198845A->f3174d56-9988-40ec-970b-d447ed545dfb@group-47B82E5F6106, cid=3124, SUCCESS, logIndex=4677, commits[f3174d56-9988-40ec-970b-d447ed545dfb:c4677, 3e713ff3-0d17-449f-90fa-609b20cf4c10:c4675, 34290298-343f-405c-af97-b2d19041b010:c4673]
2019-09-11 09:06:45,589 [grpc-default-executor-0] INFO  client.GrpcClientProtocolClient (GrpcClientProtocolClient.java:onNext(264)) - client-B22ED198845A->f3174d56-9988-40ec-970b-d447ed545dfb: receive RaftClientReply:client-B22ED198845A->f3174d56-9988-40ec-970b-d447ed545dfb@group-47B82E5F6106, cid=3125, SUCCESS, logIndex=4678, commits[f3174d56-9988-40ec-970b-d447ed545dfb:c4679, 3e713ff3-0d17-449f-90fa-609b20cf4c10:c4677, 34290298-343f-405c-af97-b2d19041b010:c4675]
2019-09-11 09:06:45,589 [grpc-default-executor-0] INFO  client.GrpcClientProtocolClient (GrpcClientProtocolClient.java:onNext(264)) - client-B22ED198845A->f3174d56-9988-40ec-970b-d447ed545dfb: receive RaftClientReply:client-B22ED198845A->f3174d56-9988-40ec-970b-d447ed545dfb@group-47B82E5F6106, cid=3126, SUCCESS, logIndex=4679, commits[f3174d56-9988-40ec-970b-d447ed545dfb:c4679, 3e713ff3-0d17-449f-90fa-609b20cf4c10:c4677, 34290298-343f-405c-af97-b2d19041b010:c4675]
2019-09-11 09:06:45,590 [grpc-default-executor-0] INFO  client.GrpcClientProtocolClient (GrpcClientProtocolClient.java:onNext(264)) - client-B22ED198845A->f3174d56-9988-40ec-970b-d447ed545dfb: receive RaftClientReply:client-B22ED198845A->f3174d56-9988-40ec-970b-d447ed545dfb@group-47B82E5F6106, cid=3127, SUCCESS, logIndex=0, commits[f3174d56-9988-40ec-970b-d447ed545dfb:c4681, 3e713ff3-0d17-449f-90fa-609b20cf4c10:c4677, 34290298-343f-405c-af97-b2d19041b010:c4677]
2019-09-11 09:06:45,600 [grpc-default-executor-0] INFO  client.GrpcClientProtocolClient (GrpcClientProtocolClient.java:onNext(264)) - client-B22ED198845A->f3174d56-9988-40ec-970b-d447ed545dfb: receive RaftClientReply:client-B22ED198845A->f3174d56-9988-40ec-970b-d447ed545dfb@group-47B82E5F6106, cid=3128, SUCCESS, logIndex=4684, commits[f3174d56-9988-40ec-970b-d447ed545dfb:c4685, 3e713ff3-0d17-449f-90fa-609b20cf4c10:c4683, 34290298-343f-405c-af97-b2d19041b010:c4679]
2019-09-11 09:06:45,601 [grpc-default-executor-0] INFO  client.GrpcClientProtocolClient (GrpcClientProtocolClient.java:onNext(264)) - client-B22ED198845A->f3174d56-9988-40ec-970b-d447ed545dfb: receive RaftClientReply:client-B22ED198845A->f3174d56-9988-40ec-970b-d447ed545dfb@group-47B82E5F6106, cid=3129, SUCCESS, logIndex=4685, commits[f3174d56-9988-40ec-970b-d447ed545dfb:c4685, 3e713ff3-0d17-449f-90fa-609b20cf4c10:c4683, 34290298-343f-405c-af97-b2d19041b010:c4683]
2019-09-11 09:06:45,609 [grpc-default-executor-0] INFO  client.GrpcClientProtocolClient (GrpcClientProtocolClient.java:onNext(264)) - client-B22ED198845A->f3174d56-9988-40ec-970b-d447ed545dfb: receive RaftClientReply:client-B22ED198845A->f3174d56-9988-40ec-970b-d447ed545dfb@group-47B82E5F6106, cid=3130, SUCCESS, logIndex=4688, commits[f3174d56-9988-40ec-970b-d447ed545dfb:c4689, 3e713ff3-0d17-449f-90fa-609b20cf4c10:c4686, 34290298-343f-405c-af97-b2d19041b010:c4686]
2019-09-11 09:06:45,610 [grpc-default-executor-0] INFO  client.GrpcClientProtocolClient (GrpcClientProtocolClient.java:onNext(264)) - client-B22ED198845A->f3174d56-9988-40ec-970b-d447ed545dfb: receive RaftClientReply:client-B22ED198845A->f3174d56-9988-40ec-970b-d447ed545dfb@group-47B82E5F6106, cid=3131, SUCCESS, logIndex=4689, commits[f3174d56-9988-40ec-970b-d447ed545dfb:c4689, 3e713ff3-0d17-449f-90fa-609b20cf4c10:c4686, 34290298-343f-405c-af97-b2d19041b010:c4686]
 0.00% |█                                                                                                    |  0/1 Time: 0:00:252019-09-11 09:06:45,615 [grpc-default-executor-0] INFO  client.GrpcClientProtocolClient (GrpcClientProtocolClient.java:onNext(264)) - client-B22ED198845A->f3174d56-9988-40ec-970b-d447ed545dfb: receive RaftClientReply:client-B22ED198845A->f3174d56-9988-40ec-970b-d447ed545dfb@group-47B82E5F6106, cid=3132, SUCCESS, logIndex=0, commits[f3174d56-9988-40ec-970b-d447ed545dfb:c4691, 3e713ff3-0d17-449f-90fa-609b20cf4c10:c4689, 34290298-343f-405c-af97-b2d19041b010:c4689]
2019-09-11 09:06:45,634 [grpc-default-executor-4] INFO  client.GrpcClientProtocolClient (GrpcClientProtocolClient.java:onNext(264)) - client-B22ED198845A->f3174d56-9988-40ec-970b-d447ed545dfb: receive RaftClientReply:client-B22ED198845A->f3174d56-9988-40ec-970b-d447ed545dfb@group-47B82E5F6106, cid=3133, SUCCESS, logIndex=4692, commits[f3174d56-9988-40ec-970b-d447ed545dfb:c4693, 3e713ff3-0d17-449f-90fa-609b20cf4c10:c4691, 34290298-343f-405c-af97-b2d19041b010:c4689]
2019-09-11 09:06:45,634 [grpc-default-executor-4] INFO  client.GrpcClientProtocolClient (GrpcClientProtocolClient.java:onNext(264)) - client-B22ED198845A->f3174d56-9988-40ec-970b-d447ed545dfb: receive RaftClientReply:client-B22ED198845A->f3174d56-9988-40ec-970b-d447ed545dfb@group-47B82E5F6106, cid=3134, SUCCESS, logIndex=4693, commits[f3174d56-9988-40ec-970b-d447ed545dfb:c4693, 3e713ff3-0d17-449f-90fa-609b20cf4c10:c4691, 34290298-343f-405c-af97-b2d19041b010:c4689]
2019-09-11 09:06:45,635 [grpc-default-executor-2] INFO  client.GrpcClientProtocolClient (GrpcClientProtocolClient.java:onNext(264)) - client-B22ED198845A->f3174d56-9988-40ec-970b-d447ed545dfb: receive RaftClientReply:client-B22ED198845A->f3174d56-9988-40ec-970b-d447ed545dfb@group-47B82E5F6106, cid=3135, SUCCESS, logIndex=4694, commits[f3174d56-9988-40ec-970b-d447ed545dfb:c4694, 3e713ff3-0d17-449f-90fa-609b20cf4c10:c4691, 34290298-343f-405c-af97-b2d19041b010:c4691]
2019-09-11 09:06:45,635 [grpc-default-executor-2] INFO  client.GrpcClientProtocolClient (GrpcClientProtocolClient.java:onNext(264)) - client-B22ED198845A->f3174d56-9988-40ec-970b-d447ed545dfb: receive RaftClientReply:client-B22ED198845A->f3174d56-9988-40ec-970b-d447ed545dfb@group-47B82E5F6106, cid=3136, SUCCESS, logIndex=4695, commits[f3174d56-9988-40ec-970b-d447ed545dfb:c4695, 3e713ff3-0d17-449f-90fa-609b20cf4c10:c4691, 34290298-343f-405c-af97-b2d19041b010:c4691]
2019-09-11 09:06:45,637 [grpc-default-executor-2] INFO  client.GrpcClientProtocolClient (GrpcClientProtocolClient.java:onNext(264)) - client-B22ED198845A->f3174d56-9988-40ec-970b-d447ed545dfb: receive RaftClientReply:client-B22ED198845A->f3174d56-9988-40ec-970b-d447ed545dfb@group-47B82E5F6106, cid=3137, SUCCESS, logIndex=0, commits[f3174d56-9988-40ec-970b-d447ed545dfb:c4696, 3e713ff3-0d17-449f-90fa-609b20cf4c10:c4693, 34290298-343f-405c-af97-b2d19041b010:c4693]
2019-09-11 09:06:45,649 [grpc-default-executor-0] INFO  client.GrpcClientProtocolClient (GrpcClientProtocolClient.java:onNext(264)) - client-B22ED198845A->f3174d56-9988-40ec-970b-d447ed545dfb: receive RaftClientReply:client-B22ED198845A->f3174d56-9988-40ec-970b-d447ed545dfb@group-47B82E5F6106, cid=3138, SUCCESS, logIndex=4700, commits[f3174d56-9988-40ec-970b-d447ed545dfb:c4701, 3e713ff3-0d17-449f-90fa-609b20cf4c10:c4699, 34290298-343f-405c-af97-b2d19041b010:c4699]
2019-09-11 09:06:45,650 [grpc-default-executor-0] INFO  client.GrpcClientProtocolClient (GrpcClientProtocolClient.java:onNext(264)) - client-B22ED198845A->f3174d56-9988-40ec-970b-d447ed545dfb: receive RaftClientReply:client-B22ED198845A->f3174d56-9988-40ec-970b-d447ed545dfb@group-47B82E5F6106, cid=3139, SUCCESS, logIndex=4701, commits[f3174d56-9988-40ec-970b-d447ed545dfb:c4701, 3e713ff3-0d17-449f-90fa-609b20cf4c10:c4699, 34290298-343f-405c-af97-b2d19041b010:c4699]
2019-09-11 09:06:45,664 [grpc-default-executor-0] INFO  client.GrpcClientProtocolClient (GrpcClientProtocolClient.java:onNext(264)) - client-B22ED198845A->f3174d56-9988-40ec-970b-d447ed545dfb: receive RaftClientReply:client-B22ED198845A->f3174d56-9988-40ec-970b-d447ed545dfb@group-47B82E5F6106, cid=3140, SUCCESS, logIndex=4704, commits[f3174d56-9988-40ec-970b-d447ed545dfb:c4705, 3e713ff3-0d17-449f-90fa-609b20cf4c10:c4703, 34290298-343f-405c-af97-b2d19041b010:c4701]
2019-09-11 09:06:45,664 [grpc-default-executor-0] INFO  client.GrpcClientProtocolClient (GrpcClientProtocolClient.java:onNext(264)) - client-B22ED198845A->f3174d56-9988-40ec-970b-d447ed545dfb: receive RaftClientReply:client-B22ED198845A->f3174d56-9988-40ec-970b-d447ed545dfb@group-47B82E5F6106, cid=3141, SUCCESS, logIndex=4705, commits[f3174d56-9988-40ec-970b-d447ed545dfb:c4705, 3e713ff3-0d17-449f-90fa-609b20cf4c10:c4703, 34290298-343f-405c-af97-b2d19041b010:c4701]
2019-09-11 09:06:45,669 [grpc-default-executor-0] INFO  client.GrpcClientProtocolClient (GrpcClientProtocolClient.java:onNext(264)) - client-B22ED198845A->f3174d56-9988-40ec-970b-d447ed545dfb: receive RaftClientReply:client-B22ED198845A->f3174d56-9988-40ec-970b-d447ed545dfb@group-47B82E5F6106, cid=3142, SUCCESS, logIndex=0, commits[f3174d56-9988-40ec-970b-d447ed545dfb:c4706, 3e713ff3-0d17-449f-90fa-609b20cf4c10:c4705, 34290298-343f-405c-af97-b2d19041b010:c4705]
2019-09-11 09:06:45,686 [grpc-default-executor-0] INFO  client.GrpcClientProtocolClient (GrpcClientProtocolClient.java:onNext(264)) - client-B22ED198845A->f3174d56-9988-40ec-970b-d447ed545dfb: receive RaftClientReply:client-B22ED198845A->f3174d56-9988-40ec-970b-d447ed545dfb@group-47B82E5F6106, cid=3143, SUCCESS, logIndex=4708, commits[f3174d56-9988-40ec-970b-d447ed545dfb:c4709, 3e713ff3-0d17-449f-90fa-609b20cf4c10:c4707, 34290298-343f-405c-af97-b2d19041b010:c4705]
2019-09-11 09:06:45,686 [grpc-default-executor-0] INFO  client.GrpcClientProtocolClient (GrpcClientProtocolClient.java:onNext(264)) - client-B22ED198845A->f3174d56-9988-40ec-970b-d447ed545dfb: receive RaftClientReply:client-B22ED198845A->f3174d56-9988-40ec-970b-d447ed545dfb@group-47B82E5F6106, cid=3144, SUCCESS, logIndex=4709, commits[f3174d56-9988-40ec-970b-d447ed545dfb:c4709, 3e713ff3-0d17-449f-90fa-609b20cf4c10:c4707, 34290298-343f-405c-af97-b2d19041b010:c4705]
2019-09-11 09:06:45,699 [grpc-default-executor-2] INFO  client.GrpcClientProtocolClient (GrpcClientProtocolClient.java:onNext(264)) - client-B22ED198845A->f3174d56-9988-40ec-970b-d447ed545dfb: receive RaftClientReply:client-B22ED198845A->f3174d56-9988-40ec-970b-d447ed545dfb@group-47B82E5F6106, cid=3145, SUCCESS, logIndex=4710, commits[f3174d56-9988-40ec-970b-d447ed545dfb:c4711, 3e713ff3-0d17-449f-90fa-609b20cf4c10:c4709, 34290298-343f-405c-af97-b2d19041b010:c4707]
2019-09-11 09:06:45,700 [grpc-default-executor-2] INFO  client.GrpcClientProtocolClient (GrpcClientProtocolClient.java:onNext(264)) - client-B22ED198845A->f3174d56-9988-40ec-970b-d447ed545dfb: receive RaftClientReply:client-B22ED198845A->f3174d56-9988-40ec-970b-d447ed545dfb@group-47B82E5F6106, cid=3146, SUCCESS, logIndex=4711, commits[f3174d56-9988-40ec-970b-d447ed545dfb:c4711, 3e713ff3-0d17-449f-90fa-609b20cf4c10:c4709, 34290298-343f-405c-af97-b2d19041b010:c4707]
2019-09-11 09:06:45,702 [grpc-default-executor-2] INFO  client.GrpcClientProtocolClient (GrpcClientProtocolClient.java:onNext(264)) - client-B22ED198845A->f3174d56-9988-40ec-970b-d447ed545dfb: receive RaftClientReply:client-B22ED198845A->f3174d56-9988-40ec-970b-d447ed545dfb@group-47B82E5F6106, cid=3147, SUCCESS, logIndex=0, commits[f3174d56-9988-40ec-970b-d447ed545dfb:c4712, 3e713ff3-0d17-449f-90fa-609b20cf4c10:c4709, 34290298-343f-405c-af97-b2d19041b010:c4709]
2019-09-11 09:06:45,727 [grpc-default-executor-2] INFO  client.GrpcClientProtocolClient (GrpcClientProtocolClient.java:onNext(264)) - client-B22ED198845A->f3174d56-9988-40ec-970b-d447ed545dfb: receive RaftClientReply:client-B22ED198845A->f3174d56-9988-40ec-970b-d447ed545dfb@group-47B82E5F6106, cid=3148, SUCCESS, logIndex=4715, commits[f3174d56-9988-40ec-970b-d447ed545dfb:c4716, 3e713ff3-0d17-449f-90fa-609b20cf4c10:c4713, 34290298-343f-405c-af97-b2d19041b010:c4711]
2019-09-11 09:06:45,727 [grpc-default-executor-2] INFO  client.GrpcClientProtocolClient (GrpcClientProtocolClient.java:onNext(264)) - client-B22ED198845A->f3174d56-9988-40ec-970b-d447ed545dfb: receive RaftClientReply:client-B22ED198845A->f3174d56-9988-40ec-970b-d447ed545dfb@group-47B82E5F6106, cid=3149, SUCCESS, logIndex=4716, commits[f3174d56-9988-40ec-970b-d447ed545dfb:c4716, 3e713ff3-0d17-449f-90fa-609b20cf4c10:c4713, 34290298-343f-405c-af97-b2d19041b010:c4713]
2019-09-11 09:06:45,743 [grpc-default-executor-0] INFO  client.GrpcClientProtocolClient (GrpcClientProtocolClient.java:onNext(264)) - client-B22ED198845A->f3174d56-9988-40ec-970b-d447ed545dfb: receive RaftClientReply:client-B22ED198845A->f3174d56-9988-40ec-970b-d447ed545dfb@group-47B82E5F6106, cid=3150, SUCCESS, logIndex=4718, commits[f3174d56-9988-40ec-970b-d447ed545dfb:c4718, 3e713ff3-0d17-449f-90fa-609b20cf4c10:c4716, 34290298-343f-405c-af97-b2d19041b010:c4716]
2019-09-11 09:06:45,743 [grpc-default-executor-0] INFO  client.GrpcClientProtocolClient (GrpcClientProtocolClient.java:onNext(264)) - client-B22ED198845A->f3174d56-9988-40ec-970b-d447ed545dfb: receive RaftClientReply:client-B22ED198845A->f3174d56-9988-40ec-970b-d447ed545dfb@group-47B82E5F6106, cid=3151, SUCCESS, logIndex=4719, commits[f3174d56-9988-40ec-970b-d447ed545dfb:c4719, 3e713ff3-0d17-449f-90fa-609b20cf4c10:c4716, 34290298-343f-405c-af97-b2d19041b010:c4716]
2019-09-11 09:06:45,748 [grpc-default-executor-0] INFO  client.GrpcClientProtocolClient (GrpcClientProtocolClient.java:onNext(264)) - client-B22ED198845A->f3174d56-9988-40ec-970b-d447ed545dfb: receive RaftClientReply:client-B22ED198845A->f3174d56-9988-40ec-970b-d447ed545dfb@group-47B82E5F6106, cid=3152, SUCCESS, logIndex=0, commits[f3174d56-9988-40ec-970b-d447ed545dfb:c4721, 3e713ff3-0d17-449f-90fa-609b20cf4c10:c4719, 34290298-343f-405c-af97-b2d19041b010:c4719]
2019-09-11 09:06:45,777 [grpc-default-executor-2] INFO  client.GrpcClientProtocolClient (GrpcClientProtocolClient.java:onNext(264)) - client-B22ED198845A->f3174d56-9988-40ec-970b-d447ed545dfb: receive RaftClientReply:client-B22ED198845A->f3174d56-9988-40ec-970b-d447ed545dfb@group-47B82E5F6106, cid=3153, SUCCESS, logIndex=4722, commits[f3174d56-9988-40ec-970b-d447ed545dfb:c4723, 3e713ff3-0d17-449f-90fa-609b20cf4c10:c4721, 34290298-343f-405c-af97-b2d19041b010:c4721]
2019-09-11 09:06:45,778 [grpc-default-executor-2] INFO  client.GrpcClientProtocolClient (GrpcClientProtocolClient.java:onNext(264)) - client-B22ED198845A->f3174d56-9988-40ec-970b-d447ed545dfb: receive RaftClientReply:client-B22ED198845A->f3174d56-9988-40ec-970b-d447ed545dfb@group-47B82E5F6106, cid=3154, SUCCESS, logIndex=4723, commits[f3174d56-9988-40ec-970b-d447ed545dfb:c4723, 3e713ff3-0d17-449f-90fa-609b20cf4c10:c4721, 34290298-343f-405c-af97-b2d19041b010:c4721]
2019-09-11 09:06:45,790 [grpc-default-executor-0] INFO  client.GrpcClientProtocolClient (GrpcClientProtocolClient.java:onNext(264)) - client-B22ED198845A->f3174d56-9988-40ec-970b-d447ed545dfb: receive RaftClientReply:client-B22ED198845A->f3174d56-9988-40ec-970b-d447ed545dfb@group-47B82E5F6106, cid=3155, SUCCESS, logIndex=4724, commits[f3174d56-9988-40ec-970b-d447ed545dfb:c4725, 3e713ff3-0d17-449f-90fa-609b20cf4c10:c4721, 34290298-343f-405c-af97-b2d19041b010:c4721]
2019-09-11 09:06:45,790 [grpc-default-executor-0] INFO  client.GrpcClientProtocolClient (GrpcClientProtocolClient.java:onNext(264)) - client-B22ED198845A->f3174d56-9988-40ec-970b-d447ed545dfb: receive RaftClientReply:client-B22ED198845A->f3174d56-9988-40ec-970b-d447ed545dfb@group-47B82E5F6106, cid=3156, SUCCESS, logIndex=4725, commits[f3174d56-9988-40ec-970b-d447ed545dfb:c4725, 3e713ff3-0d17-449f-90fa-609b20cf4c10:c4721, 34290298-343f-405c-af97-b2d19041b010:c4721]
2019-09-11 09:06:45,803 [grpc-default-executor-0] INFO  client.GrpcClientProtocolClient (GrpcClientProtocolClient.java:onNext(264)) - client-B22ED198845A->f3174d56-9988-40ec-970b-d447ed545dfb: receive RaftClientReply:client-B22ED198845A->f3174d56-9988-40ec-970b-d447ed545dfb@group-47B82E5F6106, cid=3157, SUCCESS, logIndex=0, commits[f3174d56-9988-40ec-970b-d447ed545dfb:c4727, 3e713ff3-0d17-449f-90fa-609b20cf4c10:c4723, 34290298-343f-405c-af97-b2d19041b010:c4723]
2019-09-11 09:06:45,819 [grpc-default-executor-5] INFO  client.GrpcClientProtocolClient (GrpcClientProtocolClient.java:onNext(264)) - client-B22ED198845A->f3174d56-9988-40ec-970b-d447ed545dfb: receive RaftClientReply:client-B22ED198845A->f3174d56-9988-40ec-970b-d447ed545dfb@group-47B82E5F6106, cid=3158, SUCCESS, logIndex=4730, commits[f3174d56-9988-40ec-970b-d447ed545dfb:c4731, 3e713ff3-0d17-449f-90fa-609b20cf4c10:c4727, 34290298-343f-405c-af97-b2d19041b010:c4727]
2019-09-11 09:06:45,819 [grpc-default-executor-5] INFO  client.GrpcClientProtocolClient (GrpcClientProtocolClient.java:onNext(264)) - client-B22ED198845A->f3174d56-9988-40ec-970b-d447ed545dfb: receive RaftClientReply:client-B22ED198845A->f3174d56-9988-40ec-970b-d447ed545dfb@group-47B82E5F6106, cid=3159, SUCCESS, logIndex=4731, commits[f3174d56-9988-40ec-970b-d447ed545dfb:c4731, 3e713ff3-0d17-449f-90fa-609b20cf4c10:c4727, 34290298-343f-405c-af97-b2d19041b010:c4727]
2019-09-11 09:06:45,836 [grpc-default-executor-2] INFO  client.GrpcClientProtocolClient (GrpcClientProtocolClient.java:onNext(264)) - client-B22ED198845A->f3174d56-9988-40ec-970b-d447ed545dfb: receive RaftClientReply:client-B22ED198845A->f3174d56-9988-40ec-970b-d447ed545dfb@group-47B82E5F6106, cid=3160, SUCCESS, logIndex=4734, commits[f3174d56-9988-40ec-970b-d447ed545dfb:c4735, 3e713ff3-0d17-449f-90fa-609b20cf4c10:c4732, 34290298-343f-405c-af97-b2d19041b010:c4732]
2019-09-11 09:06:45,836 [grpc-default-executor-2] INFO  client.GrpcClientProtocolClient (GrpcClientProtocolClient.java:onNext(264)) - client-B22ED198845A->f3174d56-9988-40ec-970b-d447ed545dfb: receive RaftClientReply:client-B22ED198845A->f3174d56-9988-40ec-970b-d447ed545dfb@group-47B82E5F6106, cid=3161, SUCCESS, logIndex=4735, commits[f3174d56-9988-40ec-970b-d447ed545dfb:c4735, 3e713ff3-0d17-449f-90fa-609b20cf4c10:c4732, 34290298-343f-405c-af97-b2d19041b010:c4732]
2019-09-11 09:06:45,847 [grpc-default-executor-2] INFO  client.GrpcClientProtocolClient (GrpcClientProtocolClient.java:onNext(264)) - client-B22ED198845A->f3174d56-9988-40ec-970b-d447ed545dfb: receive RaftClientReply:client-B22ED198845A->f3174d56-9988-40ec-970b-d447ed545dfb@group-47B82E5F6106, cid=3162, SUCCESS, logIndex=0, commits[f3174d56-9988-40ec-970b-d447ed545dfb:c4736, 3e713ff3-0d17-449f-90fa-609b20cf4c10:c4735, 34290298-343f-405c-af97-b2d19041b010:c4735]
2019-09-11 09:06:45,866 [grpc-default-executor-5] INFO  client.GrpcClientProtocolClient (GrpcClientProtocolClient.java:onNext(264)) - client-B22ED198845A->f3174d56-9988-40ec-970b-d447ed545dfb: receive RaftClientReply:client-B22ED198845A->f3174d56-9988-40ec-970b-d447ed545dfb@group-47B82E5F6106, cid=3163, SUCCESS, logIndex=4738, commits[f3174d56-9988-40ec-970b-d447ed545dfb:c4739, 3e713ff3-0d17-449f-90fa-609b20cf4c10:c4737, 34290298-343f-405c-af97-b2d19041b010:c4735]
2019-09-11 09:06:45,866 [grpc-default-executor-5] INFO  client.GrpcClientProtocolClient (GrpcClientProtocolClient.java:onNext(264)) - client-B22ED198845A->f3174d56-9988-40ec-970b-d447ed545dfb: receive RaftClientReply:client-B22ED198845A->f3174d56-9988-40ec-970b-d447ed545dfb@group-47B82E5F6106, cid=3164, SUCCESS, logIndex=4739, commits[f3174d56-9988-40ec-970b-d447ed545dfb:c4739, 3e713ff3-0d17-449f-90fa-609b20cf4c10:c4737, 34290298-343f-405c-af97-b2d19041b010:c4737]
2019-09-11 09:06:45,868 [grpc-default-executor-2] INFO  client.GrpcClientProtocolClient (GrpcClientProtocolClient.java:onNext(264)) - client-B22ED198845A->f3174d56-9988-40ec-970b-d447ed545dfb: receive RaftClientReply:client-B22ED198845A->f3174d56-9988-40ec-970b-d447ed545dfb@group-47B82E5F6106, cid=3165, SUCCESS, logIndex=4740, commits[f3174d56-9988-40ec-970b-d447ed545dfb:c4743, 3e713ff3-0d17-449f-90fa-609b20cf4c10:c4739, 34290298-343f-405c-af97-b2d19041b010:c4737]
2019-09-11 09:06:45,869 [grpc-default-executor-2] INFO  client.GrpcClientProtocolClient (GrpcClientProtocolClient.java:onNext(264)) - client-B22ED198845A->f3174d56-9988-40ec-970b-d447ed545dfb: receive RaftClientReply:client-B22ED198845A->f3174d56-9988-40ec-970b-d447ed545dfb@group-47B82E5F6106, cid=3166, SUCCESS, logIndex=4741, commits[f3174d56-9988-40ec-970b-d447ed545dfb:c4743, 3e713ff3-0d17-449f-90fa-609b20cf4c10:c4739, 34290298-343f-405c-af97-b2d19041b010:c4737]
2019-09-11 09:06:45,870 [grpc-default-executor-2] INFO  client.GrpcClientProtocolClient (GrpcClientProtocolClient.java:onNext(264)) - client-B22ED198845A->f3174d56-9988-40ec-970b-d447ed545dfb: receive RaftClientReply:client-B22ED198845A->f3174d56-9988-40ec-970b-d447ed545dfb@group-47B82E5F6106, cid=3167, SUCCESS, logIndex=0, commits[f3174d56-9988-40ec-970b-d447ed545dfb:c4744, 3e713ff3-0d17-449f-90fa-609b20cf4c10:c4741, 34290298-343f-405c-af97-b2d19041b010:c4739]
2019-09-11 09:06:45,880 [grpc-default-executor-5] INFO  client.GrpcClientProtocolClient (GrpcClientProtocolClient.java:onNext(264)) - client-B22ED198845A->f3174d56-9988-40ec-970b-d447ed545dfb: receive RaftClientReply:client-B22ED198845A->f3174d56-9988-40ec-970b-d447ed545dfb@group-47B82E5F6106, cid=3168, SUCCESS, logIndex=4746, commits[f3174d56-9988-40ec-970b-d447ed545dfb:c4747, 3e713ff3-0d17-449f-90fa-609b20cf4c10:c4742, 34290298-343f-405c-af97-b2d19041b010:c4745]
2019-09-11 09:06:45,880 [grpc-default-executor-5] INFO  client.GrpcClientProtocolClient (GrpcClientProtocolClient.java:onNext(264)) - client-B22ED198845A->f3174d56-9988-40ec-970b-d447ed545dfb: receive RaftClientReply:client-B22ED198845A->f3174d56-9988-40ec-970b-d447ed545dfb@group-47B82E5F6106, cid=3169, SUCCESS, logIndex=4747, commits[f3174d56-9988-40ec-970b-d447ed545dfb:c4747, 3e713ff3-0d17-449f-90fa-609b20cf4c10:c4745, 34290298-343f-405c-af97-b2d19041b010:c4745]
2019-09-11 09:06:45,890 [grpc-default-executor-2] INFO  client.GrpcClientProtocolClient (GrpcClientProtocolClient.java:onNext(264)) - client-B22ED198845A->f3174d56-9988-40ec-970b-d447ed545dfb: receive RaftClientReply:client-B22ED198845A->f3174d56-9988-40ec-970b-d447ed545dfb@group-47B82E5F6106, cid=3170, SUCCESS, logIndex=4750, commits[f3174d56-9988-40ec-970b-d447ed545dfb:c4751, 3e713ff3-0d17-449f-90fa-609b20cf4c10:c4749, 34290298-343f-405c-af97-b2d19041b010:c4747]
2019-09-11 09:06:45,890 [grpc-default-executor-2] INFO  client.GrpcClientProtocolClient (GrpcClientProtocolClient.java:onNext(264)) - client-B22ED198845A->f3174d56-9988-40ec-970b-d447ed545dfb: receive RaftClientReply:client-B22ED198845A->f3174d56-9988-40ec-970b-d447ed545dfb@group-47B82E5F6106, cid=3171, SUCCESS, logIndex=4751, commits[f3174d56-9988-40ec-970b-d447ed545dfb:c4751, 3e713ff3-0d17-449f-90fa-609b20cf4c10:c4749, 34290298-343f-405c-af97-b2d19041b010:c4749]
2019-09-11 09:06:45,896 [grpc-default-executor-5] INFO  client.GrpcClientProtocolClient (GrpcClientProtocolClient.java:onNext(264)) - client-B22ED198845A->f3174d56-9988-40ec-970b-d447ed545dfb: receive RaftClientReply:client-B22ED198845A->f3174d56-9988-40ec-970b-d447ed545dfb@group-47B82E5F6106, cid=3172, SUCCESS, logIndex=0, commits[f3174d56-9988-40ec-970b-d447ed545dfb:c4753, 3e713ff3-0d17-449f-90fa-609b20cf4c10:c4751, 34290298-343f-405c-af97-b2d19041b010:c4751]
2019-09-11 09:06:45,919 [grpc-default-executor-0] INFO  client.GrpcClientProtocolClient (GrpcClientProtocolClient.java:onNext(264)) - client-B22ED198845A->f3174d56-9988-40ec-970b-d447ed545dfb: receive RaftClientReply:client-B22ED198845A->f3174d56-9988-40ec-970b-d447ed545dfb@group-47B82E5F6106, cid=3173, SUCCESS, logIndex=4754, commits[f3174d56-9988-40ec-970b-d447ed545dfb:c4755, 3e713ff3-0d17-449f-90fa-609b20cf4c10:c4753, 34290298-343f-405c-af97-b2d19041b010:c4753]
2019-09-11 09:06:45,919 [grpc-default-executor-0] INFO  client.GrpcClientProtocolClient (GrpcClientProtocolClient.java:onNext(264)) - client-B22ED198845A->f3174d56-9988-40ec-970b-d447ed545dfb: receive RaftClientReply:client-B22ED198845A->f3174d56-9988-40ec-970b-d447ed545dfb@group-47B82E5F6106, cid=3174, SUCCESS, logIndex=4755, commits[f3174d56-9988-40ec-970b-d447ed545dfb:c4755, 3e713ff3-0d17-449f-90fa-609b20cf4c10:c4753, 34290298-343f-405c-af97-b2d19041b010:c4753]
2019-09-11 09:06:45,929 [grpc-default-executor-2] INFO  client.GrpcClientProtocolClient (GrpcClientProtocolClient.java:onNext(264)) - client-B22ED198845A->f3174d56-9988-40ec-970b-d447ed545dfb: receive RaftClientReply:client-B22ED198845A->f3174d56-9988-40ec-970b-d447ed545dfb@group-47B82E5F6106, cid=3175, SUCCESS, logIndex=4756, commits[f3174d56-9988-40ec-970b-d447ed545dfb:c4757, 3e713ff3-0d17-449f-90fa-609b20cf4c10:c4753, 34290298-343f-405c-af97-b2d19041b010:c4753]
2019-09-11 09:06:45,929 [grpc-default-executor-2] INFO  client.GrpcClientProtocolClient (GrpcClientProtocolClient.java:onNext(264)) - client-B22ED198845A->f3174d56-9988-40ec-970b-d447ed545dfb: receive RaftClientReply:client-B22ED198845A->f3174d56-9988-40ec-970b-d447ed545dfb@group-47B82E5F6106, cid=3176, SUCCESS, logIndex=4757, commits[f3174d56-9988-40ec-970b-d447ed545dfb:c4757, 3e713ff3-0d17-449f-90fa-609b20cf4c10:c4753, 34290298-343f-405c-af97-b2d19041b010:c4753]
2019-09-11 09:06:45,944 [grpc-default-executor-2] INFO  client.GrpcClientProtocolClient (GrpcClientProtocolClient.java:onNext(264)) - client-B22ED198845A->f3174d56-9988-40ec-970b-d447ed545dfb: receive RaftClientReply:client-B22ED198845A->f3174d56-9988-40ec-970b-d447ed545dfb@group-47B82E5F6106, cid=3177, SUCCESS, logIndex=0, commits[f3174d56-9988-40ec-970b-d447ed545dfb:c4759, 3e713ff3-0d17-449f-90fa-609b20cf4c10:c4755, 34290298-343f-405c-af97-b2d19041b010:c4755]
2019-09-11 09:06:45,956 [grpc-default-executor-2] INFO  client.GrpcClientProtocolClient (GrpcClientProtocolClient.java:onNext(264)) - client-B22ED198845A->f3174d56-9988-40ec-970b-d447ed545dfb: receive RaftClientReply:client-B22ED198845A->f3174d56-9988-40ec-970b-d447ed545dfb@group-47B82E5F6106, cid=3178, SUCCESS, logIndex=4761, commits[f3174d56-9988-40ec-970b-d447ed545dfb:c4762, 3e713ff3-0d17-449f-90fa-609b20cf4c10:c4759, 34290298-343f-405c-af97-b2d19041b010:c4759]
2019-09-11 09:06:45,957 [grpc-default-executor-2] INFO  client.GrpcClientProtocolClient (GrpcClientProtocolClient.java:onNext(264)) - client-B22ED198845A->f3174d56-9988-40ec-970b-d447ed545dfb: receive RaftClientReply:client-B22ED198845A->f3174d56-9988-40ec-970b-d447ed545dfb@group-47B82E5F6106, cid=3179, SUCCESS, logIndex=4762, commits[f3174d56-9988-40ec-970b-d447ed545dfb:c4762, 3e713ff3-0d17-449f-90fa-609b20cf4c10:c4759, 34290298-343f-405c-af97-b2d19041b010:c4759]
2019-09-11 09:06:45,974 [grpc-default-executor-0] INFO  client.GrpcClientProtocolClient (GrpcClientProtocolClient.java:onNext(264)) - client-B22ED198845A->f3174d56-9988-40ec-970b-d447ed545dfb: receive RaftClientReply:client-B22ED198845A->f3174d56-9988-40ec-970b-d447ed545dfb@group-47B82E5F6106, cid=3180, SUCCESS, logIndex=4765, commits[f3174d56-9988-40ec-970b-d447ed545dfb:c4765, 3e713ff3-0d17-449f-90fa-609b20cf4c10:c4760, 34290298-343f-405c-af97-b2d19041b010:c4763]
2019-09-11 09:06:45,974 [grpc-default-executor-0] INFO  client.GrpcClientProtocolClient (GrpcClientProtocolClient.java:onNext(264)) - client-B22ED198845A->f3174d56-9988-40ec-970b-d447ed545dfb: receive RaftClientReply:client-B22ED198845A->f3174d56-9988-40ec-970b-d447ed545dfb@group-47B82E5F6106, cid=3181, SUCCESS, logIndex=4766, commits[f3174d56-9988-40ec-970b-d447ed545dfb:c4766, 3e713ff3-0d17-449f-90fa-609b20cf4c10:c4763, 34290298-343f-405c-af97-b2d19041b010:c4763]
2019-09-11 09:06:45,978 [grpc-default-executor-0] INFO  client.GrpcClientProtocolClient (GrpcClientProtocolClient.java:onNext(264)) - client-B22ED198845A->f3174d56-9988-40ec-970b-d447ed545dfb: receive RaftClientReply:client-B22ED198845A->f3174d56-9988-40ec-970b-d447ed545dfb@group-47B82E5F6106, cid=3182, SUCCESS, logIndex=0, commits[f3174d56-9988-40ec-970b-d447ed545dfb:c4768, 3e713ff3-0d17-449f-90fa-609b20cf4c10:c4766, 34290298-343f-405c-af97-b2d19041b010:c4766]
2019-09-11 09:06:46,132 [grpc-default-executor-5] INFO  client.GrpcClientProtocolClient (GrpcClientProtocolClient.java:onNext(264)) - client-B22ED198845A->f3174d56-9988-40ec-970b-d447ed545dfb: receive RaftClientReply:client-B22ED198845A->f3174d56-9988-40ec-970b-d447ed545dfb@group-47B82E5F6106, cid=3183, SUCCESS, logIndex=4769, commits[f3174d56-9988-40ec-970b-d447ed545dfb:c4770, 3e713ff3-0d17-449f-90fa-609b20cf4c10:c4768, 34290298-343f-405c-af97-b2d19041b010:c4768]
2019-09-11 09:06:46,133 [grpc-default-executor-5] INFO  client.GrpcClientProtocolClient (GrpcClientProtocolClient.java:onNext(264)) - client-B22ED198845A->f3174d56-9988-40ec-970b-d447ed545dfb: receive RaftClientReply:client-B22ED198845A->f3174d56-9988-40ec-970b-d447ed545dfb@group-47B82E5F6106, cid=3184, SUCCESS, logIndex=4770, commits[f3174d56-9988-40ec-970b-d447ed545dfb:c4770, 3e713ff3-0d17-449f-90fa-609b20cf4c10:c4768, 34290298-343f-405c-af97-b2d19041b010:c4768]
2019-09-11 09:06:46,142 [grpc-default-executor-2] INFO  client.GrpcClientProtocolClient (GrpcClientProtocolClient.java:onNext(264)) - client-B22ED198845A->f3174d56-9988-40ec-970b-d447ed545dfb: receive RaftClientReply:client-B22ED198845A->f3174d56-9988-40ec-970b-d447ed545dfb@group-47B82E5F6106, cid=3185, SUCCESS, logIndex=4771, commits[f3174d56-9988-40ec-970b-d447ed545dfb:c4772, 3e713ff3-0d17-449f-90fa-609b20cf4c10:c4768, 34290298-343f-405c-af97-b2d19041b010:c4768]
2019-09-11 09:06:46,143 [grpc-default-executor-2] INFO  client.GrpcClientProtocolClient (GrpcClientProtocolClient.java:onNext(264)) - client-B22ED198845A->f3174d56-9988-40ec-970b-d447ed545dfb: receive RaftClientReply:client-B22ED198845A->f3174d56-9988-40ec-970b-d447ed545dfb@group-47B82E5F6106, cid=3186, SUCCESS, logIndex=4772, commits[f3174d56-9988-40ec-970b-d447ed545dfb:c4772, 3e713ff3-0d17-449f-90fa-609b20cf4c10:c4768, 34290298-343f-405c-af97-b2d19041b010:c4768]
2019-09-11 09:06:46,158 [grpc-default-executor-2] INFO  client.GrpcClientProtocolClient (GrpcClientProtocolClient.java:onNext(264)) - client-B22ED198845A->f3174d56-9988-40ec-970b-d447ed545dfb: receive RaftClientReply:client-B22ED198845A->f3174d56-9988-40ec-970b-d447ed545dfb@group-47B82E5F6106, cid=3187, SUCCESS, logIndex=0, commits[f3174d56-9988-40ec-970b-d447ed545dfb:c4774, 3e713ff3-0d17-449f-90fa-609b20cf4c10:c4770, 34290298-343f-405c-af97-b2d19041b010:c4772]
2019-09-11 09:06:46,183 [grpc-default-executor-5] INFO  client.GrpcClientProtocolClient (GrpcClientProtocolClient.java:onNext(264)) - client-B22ED198845A->f3174d56-9988-40ec-970b-d447ed545dfb: receive RaftClientReply:client-B22ED198845A->f3174d56-9988-40ec-970b-d447ed545dfb@group-47B82E5F6106, cid=3188, SUCCESS, logIndex=4776, commits[f3174d56-9988-40ec-970b-d447ed545dfb:c4777, 3e713ff3-0d17-449f-90fa-609b20cf4c10:c4774, 34290298-343f-405c-af97-b2d19041b010:c4774]
2019-09-11 09:06:46,184 [grpc-default-executor-5] INFO  client.GrpcClientProtocolClient (GrpcClientProtocolClient.java:onNext(264)) - client-B22ED198845A->f3174d56-9988-40ec-970b-d447ed545dfb: receive RaftClientReply:client-B22ED198845A->f3174d56-9988-40ec-970b-d447ed545dfb@group-47B82E5F6106, cid=3189, SUCCESS, logIndex=4777, commits[f3174d56-9988-40ec-970b-d447ed545dfb:c4777, 3e713ff3-0d17-449f-90fa-609b20cf4c10:c4774, 34290298-343f-405c-af97-b2d19041b010:c4774]
2019-09-11 09:06:46,210 [grpc-default-executor-2] INFO  client.GrpcClientProtocolClient (GrpcClientProtocolClient.java:onNext(264)) - client-B22ED198845A->f3174d56-9988-40ec-970b-d447ed545dfb: receive RaftClientReply:client-B22ED198845A->f3174d56-9988-40ec-970b-d447ed545dfb@group-47B82E5F6106, cid=3190, SUCCESS, logIndex=4780, commits[f3174d56-9988-40ec-970b-d447ed545dfb:c4781, 3e713ff3-0d17-449f-90fa-609b20cf4c10:c4777, 34290298-343f-405c-af97-b2d19041b010:c4777]
2019-09-11 09:06:46,211 [grpc-default-executor-2] INFO  client.GrpcClientProtocolClient (GrpcClientProtocolClient.java:onNext(264)) - client-B22ED198845A->f3174d56-9988-40ec-970b-d447ed545dfb: receive RaftClientReply:client-B22ED198845A->f3174d56-9988-40ec-970b-d447ed545dfb@group-47B82E5F6106, cid=3191, SUCCESS, logIndex=4781, commits[f3174d56-9988-40ec-970b-d447ed545dfb:c4781, 3e713ff3-0d17-449f-90fa-609b20cf4c10:c4777, 34290298-343f-405c-af97-b2d19041b010:c4777]
2019-09-11 09:06:46,226 [grpc-default-executor-2] INFO  client.GrpcClientProtocolClient (GrpcClientProtocolClient.java:onNext(264)) - client-B22ED198845A->f3174d56-9988-40ec-970b-d447ed545dfb: receive RaftClientReply:client-B22ED198845A->f3174d56-9988-40ec-970b-d447ed545dfb@group-47B82E5F6106, cid=3192, SUCCESS, logIndex=0, commits[f3174d56-9988-40ec-970b-d447ed545dfb:c4782, 3e713ff3-0d17-449f-90fa-609b20cf4c10:c4781, 34290298-343f-405c-af97-b2d19041b010:c4781]
2019-09-11 09:06:46,254 [grpc-default-executor-2] INFO  client.GrpcClientProtocolClient (GrpcClientProtocolClient.java:onNext(264)) - client-B22ED198845A->f3174d56-9988-40ec-970b-d447ed545dfb: receive RaftClientReply:client-B22ED198845A->f3174d56-9988-40ec-970b-d447ed545dfb@group-47B82E5F6106, cid=3193, SUCCESS, logIndex=4784, commits[f3174d56-9988-40ec-970b-d447ed545dfb:c4785, 3e713ff3-0d17-449f-90fa-609b20cf4c10:c4783, 34290298-343f-405c-af97-b2d19041b010:c4783]
2019-09-11 09:06:46,254 [grpc-default-executor-2] INFO  client.GrpcClientProtocolClient (GrpcClientProtocolClient.java:onNext(264)) - client-B22ED198845A->f3174d56-9988-40ec-970b-d447ed545dfb: receive RaftClientReply:client-B22ED198845A->f3174d56-9988-40ec-970b-d447ed545dfb@group-47B82E5F6106, cid=3194, SUCCESS, logIndex=4785, commits[f3174d56-9988-40ec-970b-d447ed545dfb:c4785, 3e713ff3-0d17-449f-90fa-609b20cf4c10:c4783, 34290298-343f-405c-af97-b2d19041b010:c4783]
2019-09-11 09:06:46,264 [grpc-default-executor-2] INFO  client.GrpcClientProtocolClient (GrpcClientProtocolClient.java:onNext(264)) - client-B22ED198845A->f3174d56-9988-40ec-970b-d447ed545dfb: receive RaftClientReply:client-B22ED198845A->f3174d56-9988-40ec-970b-d447ed545dfb@group-47B82E5F6106, cid=3195, SUCCESS, logIndex=4786, commits[f3174d56-9988-40ec-970b-d447ed545dfb:c4787, 3e713ff3-0d17-449f-90fa-609b20cf4c10:c4783, 34290298-343f-405c-af97-b2d19041b010:c4783]
2019-09-11 09:06:46,264 [grpc-default-executor-2] INFO  client.GrpcClientProtocolClient (GrpcClientProtocolClient.java:onNext(264)) - client-B22ED198845A->f3174d56-9988-40ec-970b-d447ed545dfb: receive RaftClientReply:client-B22ED198845A->f3174d56-9988-40ec-970b-d447ed545dfb@group-47B82E5F6106, cid=3196, SUCCESS, logIndex=4787, commits[f3174d56-9988-40ec-970b-d447ed545dfb:c4787, 3e713ff3-0d17-449f-90fa-609b20cf4c10:c4783, 34290298-343f-405c-af97-b2d19041b010:c4783]
2019-09-11 09:06:46,279 [grpc-default-executor-2] INFO  client.GrpcClientProtocolClient (GrpcClientProtocolClient.java:onNext(264)) - client-B22ED198845A->f3174d56-9988-40ec-970b-d447ed545dfb: receive RaftClientReply:client-B22ED198845A->f3174d56-9988-40ec-970b-d447ed545dfb@group-47B82E5F6106, cid=3197, SUCCESS, logIndex=0, commits[f3174d56-9988-40ec-970b-d447ed545dfb:c4789, 3e713ff3-0d17-449f-90fa-609b20cf4c10:c4785, 34290298-343f-405c-af97-b2d19041b010:c4785]
2019-09-11 09:06:46,292 [grpc-default-executor-4] INFO  client.GrpcClientProtocolClient (GrpcClientProtocolClient.java:onNext(264)) - client-B22ED198845A->f3174d56-9988-40ec-970b-d447ed545dfb: receive RaftClientReply:client-B22ED198845A->f3174d56-9988-40ec-970b-d447ed545dfb@group-47B82E5F6106, cid=3198, SUCCESS, logIndex=4791, commits[f3174d56-9988-40ec-970b-d447ed545dfb:c4792, 3e713ff3-0d17-449f-90fa-609b20cf4c10:c4789, 34290298-343f-405c-af97-b2d19041b010:c4787]
2019-09-11 09:06:46,292 [grpc-default-executor-4] INFO  client.GrpcClientProtocolClient (GrpcClientProtocolClient.java:onNext(264)) - client-B22ED198845A->f3174d56-9988-40ec-970b-d447ed545dfb: receive RaftClientReply:client-B22ED198845A->f3174d56-9988-40ec-970b-d447ed545dfb@group-47B82E5F6106, cid=3199, SUCCESS, logIndex=4792, commits[f3174d56-9988-40ec-970b-d447ed545dfb:c4792, 3e713ff3-0d17-449f-90fa-609b20cf4c10:c4789, 34290298-343f-405c-af97-b2d19041b010:c4789]
2019-09-11 09:06:46,309 [grpc-default-executor-2] INFO  client.GrpcClientProtocolClient (GrpcClientProtocolClient.java:onNext(264)) - client-B22ED198845A->f3174d56-9988-40ec-970b-d447ed545dfb: receive RaftClientReply:client-B22ED198845A->f3174d56-9988-40ec-970b-d447ed545dfb@group-47B82E5F6106, cid=3200, SUCCESS, logIndex=4794, commits[f3174d56-9988-40ec-970b-d447ed545dfb:c4795, 3e713ff3-0d17-449f-90fa-609b20cf4c10:c4792, 34290298-343f-405c-af97-b2d19041b010:c4792]
2019-09-11 09:06:46,309 [grpc-default-executor-2] INFO  client.GrpcClientProtocolClient (GrpcClientProtocolClient.java:onNext(264)) - client-B22ED198845A->f3174d56-9988-40ec-970b-d447ed545dfb: receive RaftClientReply:client-B22ED198845A->f3174d56-9988-40ec-970b-d447ed545dfb@group-47B82E5F6106, cid=3201, SUCCESS, logIndex=4795, commits[f3174d56-9988-40ec-970b-d447ed545dfb:c4795, 3e713ff3-0d17-449f-90fa-609b20cf4c10:c4792, 34290298-343f-405c-af97-b2d19041b010:c4792]
2019-09-11 09:06:46,315 [grpc-default-executor-2] INFO  client.GrpcClientProtocolClient (GrpcClientProtocolClient.java:onNext(264)) - client-B22ED198845A->f3174d56-9988-40ec-970b-d447ed545dfb: receive RaftClientReply:client-B22ED198845A->f3174d56-9988-40ec-970b-d447ed545dfb@group-47B82E5F6106, cid=3202, SUCCESS, logIndex=0, commits[f3174d56-9988-40ec-970b-d447ed545dfb:c4797, 3e713ff3-0d17-449f-90fa-609b20cf4c10:c4795, 34290298-343f-405c-af97-b2d19041b010:c4795]
2019-09-11 09:06:46,334 [grpc-default-executor-0] INFO  client.GrpcClientProtocolClient (GrpcClientProtocolClient.java:onNext(264)) - client-B22ED198845A->f3174d56-9988-40ec-970b-d447ed545dfb: receive RaftClientReply:client-B22ED198845A->f3174d56-9988-40ec-970b-d447ed545dfb@group-47B82E5F6106, cid=3203, SUCCESS, logIndex=4798, commits[f3174d56-9988-40ec-970b-d447ed545dfb:c4800, 3e713ff3-0d17-449f-90fa-609b20cf4c10:c4795, 34290298-343f-405c-af97-b2d19041b010:c4797]
2019-09-11 09:06:46,334 [grpc-default-executor-0] INFO  client.GrpcClientProtocolClient (GrpcClientProtocolClient.java:onNext(264)) - client-B22ED198845A->f3174d56-9988-40ec-970b-d447ed545dfb: receive RaftClientReply:client-B22ED198845A->f3174d56-9988-40ec-970b-d447ed545dfb@group-47B82E5F6106, cid=3204, SUCCESS, logIndex=4799, commits[f3174d56-9988-40ec-970b-d447ed545dfb:c4801, 3e713ff3-0d17-449f-90fa-609b20cf4c10:c4797, 34290298-343f-405c-af97-b2d19041b010:c4797]
2019-09-11 09:06:46,334 [grpc-default-executor-0] INFO  client.GrpcClientProtocolClient (GrpcClientProtocolClient.java:onNext(264)) - client-B22ED198845A->f3174d56-9988-40ec-970b-d447ed545dfb: receive RaftClientReply:client-B22ED198845A->f3174d56-9988-40ec-970b-d447ed545dfb@group-47B82E5F6106, cid=3205, SUCCESS, logIndex=4800, commits[f3174d56-9988-40ec-970b-d447ed545dfb:c4801, 3e713ff3-0d17-449f-90fa-609b20cf4c10:c4797, 34290298-343f-405c-af97-b2d19041b010:c4797]
2019-09-11 09:06:46,335 [grpc-default-executor-0] INFO  client.GrpcClientProtocolClient (GrpcClientProtocolClient.java:onNext(264)) - client-B22ED198845A->f3174d56-9988-40ec-970b-d447ed545dfb: receive RaftClientReply:client-B22ED198845A->f3174d56-9988-40ec-970b-d447ed545dfb@group-47B82E5F6106, cid=3206, SUCCESS, logIndex=4801, commits[f3174d56-9988-40ec-970b-d447ed545dfb:c4801, 3e713ff3-0d17-449f-90fa-609b20cf4c10:c4797, 34290298-343f-405c-af97-b2d19041b010:c4797]
2019-09-11 09:06:46,337 [grpc-default-executor-0] INFO  client.GrpcClientProtocolClient (GrpcClientProtocolClient.java:onNext(264)) - client-B22ED198845A->f3174d56-9988-40ec-970b-d447ed545dfb: receive RaftClientReply:client-B22ED198845A->f3174d56-9988-40ec-970b-d447ed545dfb@group-47B82E5F6106, cid=3207, SUCCESS, logIndex=0, commits[f3174d56-9988-40ec-970b-d447ed545dfb:c4802, 3e713ff3-0d17-449f-90fa-609b20cf4c10:c4800, 34290298-343f-405c-af97-b2d19041b010:c4800]
2019-09-11 09:06:46,345 [grpc-default-executor-4] INFO  client.GrpcClientProtocolClient (GrpcClientProtocolClient.java:onNext(264)) - client-B22ED198845A->f3174d56-9988-40ec-970b-d447ed545dfb: receive RaftClientReply:client-B22ED198845A->f3174d56-9988-40ec-970b-d447ed545dfb@group-47B82E5F6106, cid=3208, SUCCESS, logIndex=4805, commits[f3174d56-9988-40ec-970b-d447ed545dfb:c4806, 3e713ff3-0d17-449f-90fa-609b20cf4c10:c4801, 34290298-343f-405c-af97-b2d19041b010:c4804]
2019-09-11 09:06:46,345 [grpc-default-executor-4] INFO  client.GrpcClientProtocolClient (GrpcClientProtocolClient.java:onNext(264)) - client-B22ED198845A->f3174d56-9988-40ec-970b-d447ed545dfb: receive RaftClientReply:client-B22ED198845A->f3174d56-9988-40ec-970b-d447ed545dfb@group-47B82E5F6106, cid=3209, SUCCESS, logIndex=4806, commits[f3174d56-9988-40ec-970b-d447ed545dfb:c4806, 3e713ff3-0d17-449f-90fa-609b20cf4c10:c4804, 34290298-343f-405c-af97-b2d19041b010:c4804]
2019-09-11 09:06:46,355 [grpc-default-executor-0] INFO  client.GrpcClientProtocolClient (GrpcClientProtocolClient.java:onNext(264)) - client-B22ED198845A->f3174d56-9988-40ec-970b-d447ed545dfb: receive RaftClientReply:client-B22ED198845A->f3174d56-9988-40ec-970b-d447ed545dfb@group-47B82E5F6106, cid=3210, SUCCESS, logIndex=4809, commits[f3174d56-9988-40ec-970b-d447ed545dfb:c4810, 3e713ff3-0d17-449f-90fa-609b20cf4c10:c4807, 34290298-343f-405c-af97-b2d19041b010:c4806]
2019-09-11 09:06:46,355 [grpc-default-executor-0] INFO  client.GrpcClientProtocolClient (GrpcClientProtocolClient.java:onNext(264)) - client-B22ED198845A->f3174d56-9988-40ec-970b-d447ed545dfb: receive RaftClientReply:client-B22ED198845A->f3174d56-9988-40ec-970b-d447ed545dfb@group-47B82E5F6106, cid=3211, SUCCESS, logIndex=4810, commits[f3174d56-9988-40ec-970b-d447ed545dfb:c4810, 3e713ff3-0d17-449f-90fa-609b20cf4c10:c4807, 34290298-343f-405c-af97-b2d19041b010:c4807]
2019-09-11 09:06:46,357 [grpc-default-executor-0] INFO  client.GrpcClientProtocolClient (GrpcClientProtocolClient.java:onNext(264)) - client-B22ED198845A->f3174d56-9988-40ec-970b-d447ed545dfb: receive RaftClientReply:client-B22ED198845A->f3174d56-9988-40ec-970b-d447ed545dfb@group-47B82E5F6106, cid=3212, SUCCESS, logIndex=0, commits[f3174d56-9988-40ec-970b-d447ed545dfb:c4811, 3e713ff3-0d17-449f-90fa-609b20cf4c10:c4810, 34290298-343f-405c-af97-b2d19041b010:c4810]
2019-09-11 09:06:46,376 [grpc-default-executor-5] INFO  client.GrpcClientProtocolClient (GrpcClientProtocolClient.java:onNext(264)) - client-B22ED198845A->f3174d56-9988-40ec-970b-d447ed545dfb: receive RaftClientReply:client-B22ED198845A->f3174d56-9988-40ec-970b-d447ed545dfb@group-47B82E5F6106, cid=3213, SUCCESS, logIndex=4813, commits[f3174d56-9988-40ec-970b-d447ed545dfb:c4814, 3e713ff3-0d17-449f-90fa-609b20cf4c10:c4810, 34290298-343f-405c-af97-b2d19041b010:c4812]
2019-09-11 09:06:46,376 [grpc-default-executor-5] INFO  client.GrpcClientProtocolClient (GrpcClientProtocolClient.java:onNext(264)) - client-B22ED198845A->f3174d56-9988-40ec-970b-d447ed545dfb: receive RaftClientReply:client-B22ED198845A->f3174d56-9988-40ec-970b-d447ed545dfb@group-47B82E5F6106, cid=3214, SUCCESS, logIndex=4814, commits[f3174d56-9988-40ec-970b-d447ed545dfb:c4814, 3e713ff3-0d17-449f-90fa-609b20cf4c10:c4812, 34290298-343f-405c-af97-b2d19041b010:c4812]
2019-09-11 09:06:46,379 [grpc-default-executor-2] INFO  client.GrpcClientProtocolClient (GrpcClientProtocolClient.java:onNext(264)) - client-B22ED198845A->f3174d56-9988-40ec-970b-d447ed545dfb: receive RaftClientReply:client-B22ED198845A->f3174d56-9988-40ec-970b-d447ed545dfb@group-47B82E5F6106, cid=3215, SUCCESS, logIndex=4815, commits[f3174d56-9988-40ec-970b-d447ed545dfb:c4816, 3e713ff3-0d17-449f-90fa-609b20cf4c10:c4812, 34290298-343f-405c-af97-b2d19041b010:c4812]
2019-09-11 09:06:46,379 [grpc-default-executor-2] INFO  client.GrpcClientProtocolClient (GrpcClientProtocolClient.java:onNext(264)) - client-B22ED198845A->f3174d56-9988-40ec-970b-d447ed545dfb: receive RaftClientReply:client-B22ED198845A->f3174d56-9988-40ec-970b-d447ed545dfb@group-47B82E5F6106, cid=3216, SUCCESS, logIndex=4816, commits[f3174d56-9988-40ec-970b-d447ed545dfb:c4817, 3e713ff3-0d17-449f-90fa-609b20cf4c10:c4814, 34290298-343f-405c-af97-b2d19041b010:c4812]
2019-09-11 09:06:46,381 [grpc-default-executor-2] INFO  client.GrpcClientProtocolClient (GrpcClientProtocolClient.java:onNext(264)) - client-B22ED198845A->f3174d56-9988-40ec-970b-d447ed545dfb: receive RaftClientReply:client-B22ED198845A->f3174d56-9988-40ec-970b-d447ed545dfb@group-47B82E5F6106, cid=3217, SUCCESS, logIndex=0, commits[f3174d56-9988-40ec-970b-d447ed545dfb:c4818, 3e713ff3-0d17-449f-90fa-609b20cf4c10:c4814, 34290298-343f-405c-af97-b2d19041b010:c4814]
2019-09-11 09:06:46,391 [grpc-default-executor-0] INFO  client.GrpcClientProtocolClient (GrpcClientProtocolClient.java:onNext(264)) - client-B22ED198845A->f3174d56-9988-40ec-970b-d447ed545dfb: receive RaftClientReply:client-B22ED198845A->f3174d56-9988-40ec-970b-d447ed545dfb@group-47B82E5F6106, cid=3218, SUCCESS, logIndex=4821, commits[f3174d56-9988-40ec-970b-d447ed545dfb:c4822, 3e713ff3-0d17-449f-90fa-609b20cf4c10:c4820, 34290298-343f-405c-af97-b2d19041b010:c4820]
2019-09-11 09:06:46,391 [grpc-default-executor-0] INFO  client.GrpcClientProtocolClient (GrpcClientProtocolClient.java:onNext(264)) - client-B22ED198845A->f3174d56-9988-40ec-970b-d447ed545dfb: receive RaftClientReply:client-B22ED198845A->f3174d56-9988-40ec-970b-d447ed545dfb@group-47B82E5F6106, cid=3219, SUCCESS, logIndex=4822, commits[f3174d56-9988-40ec-970b-d447ed545dfb:c4822, 3e713ff3-0d17-449f-90fa-609b20cf4c10:c4820, 34290298-343f-405c-af97-b2d19041b010:c4820]
2019-09-11 09:06:46,406 [grpc-default-executor-0] INFO  client.GrpcClientProtocolClient (GrpcClientProtocolClient.java:onNext(264)) - client-B22ED198845A->f3174d56-9988-40ec-970b-d447ed545dfb: receive RaftClientReply:client-B22ED198845A->f3174d56-9988-40ec-970b-d447ed545dfb@group-47B82E5F6106, cid=3220, SUCCESS, logIndex=4825, commits[f3174d56-9988-40ec-970b-d447ed545dfb:c4826, 3e713ff3-0d17-449f-90fa-609b20cf4c10:c4824, 34290298-343f-405c-af97-b2d19041b010:c4823]
2019-09-11 09:06:46,406 [grpc-default-executor-0] INFO  client.GrpcClientProtocolClient (GrpcClientProtocolClient.java:onNext(264)) - client-B22ED198845A->f3174d56-9988-40ec-970b-d447ed545dfb: receive RaftClientReply:client-B22ED198845A->f3174d56-9988-40ec-970b-d447ed545dfb@group-47B82E5F6106, cid=3221, SUCCESS, logIndex=4826, commits[f3174d56-9988-40ec-970b-d447ed545dfb:c4826, 3e713ff3-0d17-449f-90fa-609b20cf4c10:c4824, 34290298-343f-405c-af97-b2d19041b010:c4823]
2019-09-11 09:06:46,422 [grpc-default-executor-0] INFO  client.GrpcClientProtocolClient (GrpcClientProtocolClient.java:onNext(264)) - client-B22ED198845A->f3174d56-9988-40ec-970b-d447ed545dfb: receive RaftClientReply:client-B22ED198845A->f3174d56-9988-40ec-970b-d447ed545dfb@group-47B82E5F6106, cid=3222, SUCCESS, logIndex=0, commits[f3174d56-9988-40ec-970b-d447ed545dfb:c4828, 3e713ff3-0d17-449f-90fa-609b20cf4c10:c4826, 34290298-343f-405c-af97-b2d19041b010:c4826]
2019-09-11 09:06:46,451 [grpc-default-executor-2] INFO  client.GrpcClientProtocolClient (GrpcClientProtocolClient.java:onNext(264)) - client-B22ED198845A->f3174d56-9988-40ec-970b-d447ed545dfb: receive RaftClientReply:client-B22ED198845A->f3174d56-9988-40ec-970b-d447ed545dfb@group-47B82E5F6106, cid=3223, SUCCESS, logIndex=4829, commits[f3174d56-9988-40ec-970b-d447ed545dfb:c4831, 3e713ff3-0d17-449f-90fa-609b20cf4c10:c4828, 34290298-343f-405c-af97-b2d19041b010:c4828]
2019-09-11 09:06:46,452 [grpc-default-executor-2] INFO  client.GrpcClientProtocolClient (GrpcClientProtocolClient.java:onNext(264)) - client-B22ED198845A->f3174d56-9988-40ec-970b-d447ed545dfb: receive RaftClientReply:client-B22ED198845A->f3174d56-9988-40ec-970b-d447ed545dfb@group-47B82E5F6106, cid=3224, SUCCESS, logIndex=4830, commits[f3174d56-9988-40ec-970b-d447ed545dfb:c4832, 3e713ff3-0d17-449f-90fa-609b20cf4c10:c4828, 34290298-343f-405c-af97-b2d19041b010:c4828]
2019-09-11 09:06:46,452 [grpc-default-executor-2] INFO  client.GrpcClientProtocolClient (GrpcClientProtocolClient.java:onNext(264)) - client-B22ED198845A->f3174d56-9988-40ec-970b-d447ed545dfb: receive RaftClientReply:client-B22ED198845A->f3174d56-9988-40ec-970b-d447ed545dfb@group-47B82E5F6106, cid=3225, SUCCESS, logIndex=4831, commits[f3174d56-9988-40ec-970b-d447ed545dfb:c4832, 3e713ff3-0d17-449f-90fa-609b20cf4c10:c4828, 34290298-343f-405c-af97-b2d19041b010:c4828]
2019-09-11 09:06:46,452 [grpc-default-executor-2] INFO  client.GrpcClientProtocolClient (GrpcClientProtocolClient.java:onNext(264)) - client-B22ED198845A->f3174d56-9988-40ec-970b-d447ed545dfb: receive RaftClientReply:client-B22ED198845A->f3174d56-9988-40ec-970b-d447ed545dfb@group-47B82E5F6106, cid=3226, SUCCESS, logIndex=4832, commits[f3174d56-9988-40ec-970b-d447ed545dfb:c4832, 3e713ff3-0d17-449f-90fa-609b20cf4c10:c4828, 34290298-343f-405c-af97-b2d19041b010:c4828]
2019-09-11 09:06:46,466 [grpc-default-executor-2] INFO  client.GrpcClientProtocolClient (GrpcClientProtocolClient.java:onNext(264)) - client-B22ED198845A->f3174d56-9988-40ec-970b-d447ed545dfb: receive RaftClientReply:client-B22ED198845A->f3174d56-9988-40ec-970b-d447ed545dfb@group-47B82E5F6106, cid=3227, SUCCESS, logIndex=0, commits[f3174d56-9988-40ec-970b-d447ed545dfb:c4834, 3e713ff3-0d17-449f-90fa-609b20cf4c10:c4830, 34290298-343f-405c-af97-b2d19041b010:c4830]
2019-09-11 09:06:46,484 [grpc-default-executor-5] INFO  client.GrpcClientProtocolClient (GrpcClientProtocolClient.java:onNext(264)) - client-B22ED198845A->f3174d56-9988-40ec-970b-d447ed545dfb: receive RaftClientReply:client-B22ED198845A->f3174d56-9988-40ec-970b-d447ed545dfb@group-47B82E5F6106, cid=3228, SUCCESS, logIndex=4837, commits[f3174d56-9988-40ec-970b-d447ed545dfb:c4838, 3e713ff3-0d17-449f-90fa-609b20cf4c10:c4836, 34290298-343f-405c-af97-b2d19041b010:c4836]
2019-09-11 09:06:46,485 [grpc-default-executor-5] INFO  client.GrpcClientProtocolClient (GrpcClientProtocolClient.java:onNext(264)) - client-B22ED198845A->f3174d56-9988-40ec-970b-d447ed545dfb: receive RaftClientReply:client-B22ED198845A->f3174d56-9988-40ec-970b-d447ed545dfb@group-47B82E5F6106, cid=3229, SUCCESS, logIndex=4838, commits[f3174d56-9988-40ec-970b-d447ed545dfb:c4838, 3e713ff3-0d17-449f-90fa-609b20cf4c10:c4836, 34290298-343f-405c-af97-b2d19041b010:c4836]
2019-09-11 09:06:46,511 [grpc-default-executor-5] INFO  client.GrpcClientProtocolClient (GrpcClientProtocolClient.java:onNext(264)) - client-B22ED198845A->f3174d56-9988-40ec-970b-d447ed545dfb: receive RaftClientReply:client-B22ED198845A->f3174d56-9988-40ec-970b-d447ed545dfb@group-47B82E5F6106, cid=3230, SUCCESS, logIndex=4841, commits[f3174d56-9988-40ec-970b-d447ed545dfb:c4842, 3e713ff3-0d17-449f-90fa-609b20cf4c10:c4838, 34290298-343f-405c-af97-b2d19041b010:c4838]
2019-09-11 09:06:46,511 [grpc-default-executor-5] INFO  client.GrpcClientProtocolClient (GrpcClientProtocolClient.java:onNext(264)) - client-B22ED198845A->f3174d56-9988-40ec-970b-d447ed545dfb: receive RaftClientReply:client-B22ED198845A->f3174d56-9988-40ec-970b-d447ed545dfb@group-47B82E5F6106, cid=3231, SUCCESS, logIndex=4842, commits[f3174d56-9988-40ec-970b-d447ed545dfb:c4842, 3e713ff3-0d17-449f-90fa-609b20cf4c10:c4838, 34290298-343f-405c-af97-b2d19041b010:c4838]
2019-09-11 09:06:46,525 [grpc-default-executor-5] INFO  client.GrpcClientProtocolClient (GrpcClientProtocolClient.java:onNext(264)) - client-B22ED198845A->f3174d56-9988-40ec-970b-d447ed545dfb: receive RaftClientReply:client-B22ED198845A->f3174d56-9988-40ec-970b-d447ed545dfb@group-47B82E5F6106, cid=3232, SUCCESS, logIndex=0, commits[f3174d56-9988-40ec-970b-d447ed545dfb:c4843, 3e713ff3-0d17-449f-90fa-609b20cf4c10:c4842, 34290298-343f-405c-af97-b2d19041b010:c4842]
2019-09-11 09:06:46,552 [grpc-default-executor-4] INFO  client.GrpcClientProtocolClient (GrpcClientProtocolClient.java:onNext(264)) - client-B22ED198845A->f3174d56-9988-40ec-970b-d447ed545dfb: receive RaftClientReply:client-B22ED198845A->f3174d56-9988-40ec-970b-d447ed545dfb@group-47B82E5F6106, cid=3233, SUCCESS, logIndex=4845, commits[f3174d56-9988-40ec-970b-d447ed545dfb:c4846, 3e713ff3-0d17-449f-90fa-609b20cf4c10:c4844, 34290298-343f-405c-af97-b2d19041b010:c4844]
2019-09-11 09:06:46,552 [grpc-default-executor-4] INFO  client.GrpcClientProtocolClient (GrpcClientProtocolClient.java:onNext(264)) - client-B22ED198845A->f3174d56-9988-40ec-970b-d447ed545dfb: receive RaftClientReply:client-B22ED198845A->f3174d56-9988-40ec-970b-d447ed545dfb@group-47B82E5F6106, cid=3234, SUCCESS, logIndex=4846, commits[f3174d56-9988-40ec-970b-d447ed545dfb:c4846, 3e713ff3-0d17-449f-90fa-609b20cf4c10:c4844, 34290298-343f-405c-af97-b2d19041b010:c4844]
2019-09-11 09:06:46,562 [grpc-default-executor-4] INFO  client.GrpcClientProtocolClient (GrpcClientProtocolClient.java:onNext(264)) - client-B22ED198845A->f3174d56-9988-40ec-970b-d447ed545dfb: receive RaftClientReply:client-B22ED198845A->f3174d56-9988-40ec-970b-d447ed545dfb@group-47B82E5F6106, cid=3235, SUCCESS, logIndex=4847, commits[f3174d56-9988-40ec-970b-d447ed545dfb:c4848, 3e713ff3-0d17-449f-90fa-609b20cf4c10:c4844, 34290298-343f-405c-af97-b2d19041b010:c4844]
2019-09-11 09:06:46,562 [grpc-default-executor-4] INFO  client.GrpcClientProtocolClient (GrpcClientProtocolClient.java:onNext(264)) - client-B22ED198845A->f3174d56-9988-40ec-970b-d447ed545dfb: receive RaftClientReply:client-B22ED198845A->f3174d56-9988-40ec-970b-d447ed545dfb@group-47B82E5F6106, cid=3236, SUCCESS, logIndex=4848, commits[f3174d56-9988-40ec-970b-d447ed545dfb:c4848, 3e713ff3-0d17-449f-90fa-609b20cf4c10:c4844, 34290298-343f-405c-af97-b2d19041b010:c4844]
2019-09-11 09:06:46,577 [grpc-default-executor-4] INFO  client.GrpcClientProtocolClient (GrpcClientProtocolClient.java:onNext(264)) - client-B22ED198845A->f3174d56-9988-40ec-970b-d447ed545dfb: receive RaftClientReply:client-B22ED198845A->f3174d56-9988-40ec-970b-d447ed545dfb@group-47B82E5F6106, cid=3237, SUCCESS, logIndex=0, commits[f3174d56-9988-40ec-970b-d447ed545dfb:c4850, 3e713ff3-0d17-449f-90fa-609b20cf4c10:c4846, 34290298-343f-405c-af97-b2d19041b010:c4846]
2019-09-11 09:06:46,587 [grpc-default-executor-2] INFO  client.GrpcClientProtocolClient (GrpcClientProtocolClient.java:onNext(264)) - client-B22ED198845A->f3174d56-9988-40ec-970b-d447ed545dfb: receive RaftClientReply:client-B22ED198845A->f3174d56-9988-40ec-970b-d447ed545dfb@group-47B82E5F6106, cid=3238, SUCCESS, logIndex=4853, commits[f3174d56-9988-40ec-970b-d447ed545dfb:c4854, 3e713ff3-0d17-449f-90fa-609b20cf4c10:c4852, 34290298-343f-405c-af97-b2d19041b010:c4846]
2019-09-11 09:06:46,588 [grpc-default-executor-2] INFO  client.GrpcClientProtocolClient (GrpcClientProtocolClient.java:onNext(264)) - client-B22ED198845A->f3174d56-9988-40ec-970b-d447ed545dfb: receive RaftClientReply:client-B22ED198845A->f3174d56-9988-40ec-970b-d447ed545dfb@group-47B82E5F6106, cid=3239, SUCCESS, logIndex=4854, commits[f3174d56-9988-40ec-970b-d447ed545dfb:c4854, 3e713ff3-0d17-449f-90fa-609b20cf4c10:c4852, 34290298-343f-405c-af97-b2d19041b010:c4852]
2019-09-11 09:06:46,598 [grpc-default-executor-2] INFO  client.GrpcClientProtocolClient (GrpcClientProtocolClient.java:onNext(264)) - client-B22ED198845A->f3174d56-9988-40ec-970b-d447ed545dfb: receive RaftClientReply:client-B22ED198845A->f3174d56-9988-40ec-970b-d447ed545dfb@group-47B82E5F6106, cid=3240, SUCCESS, logIndex=4857, commits[f3174d56-9988-40ec-970b-d447ed545dfb:c4858, 3e713ff3-0d17-449f-90fa-609b20cf4c10:c4854, 34290298-343f-405c-af97-b2d19041b010:c4855]
2019-09-11 09:06:46,598 [grpc-default-executor-2] INFO  client.GrpcClientProtocolClient (GrpcClientProtocolClient.java:onNext(264)) - client-B22ED198845A->f3174d56-9988-40ec-970b-d447ed545dfb: receive RaftClientReply:client-B22ED198845A->f3174d56-9988-40ec-970b-d447ed545dfb@group-47B82E5F6106, cid=3241, SUCCESS, logIndex=4858, commits[f3174d56-9988-40ec-970b-d447ed545dfb:c4858, 3e713ff3-0d17-449f-90fa-609b20cf4c10:c4855, 34290298-343f-405c-af97-b2d19041b010:c4855]
2019-09-11 09:06:46,604 [grpc-default-executor-2] INFO  client.GrpcClientProtocolClient (GrpcClientProtocolClient.java:onNext(264)) - client-B22ED198845A->f3174d56-9988-40ec-970b-d447ed545dfb: receive RaftClientReply:client-B22ED198845A->f3174d56-9988-40ec-970b-d447ed545dfb@group-47B82E5F6106, cid=3242, SUCCESS, logIndex=0, commits[f3174d56-9988-40ec-970b-d447ed545dfb:c4860, 3e713ff3-0d17-449f-90fa-609b20cf4c10:c4858, 34290298-343f-405c-af97-b2d19041b010:c4858]
 0.00% |█                                                                                                    |  0/1 Time: 0:00:262019-09-11 09:06:46,625 [grpc-default-executor-0] INFO  client.GrpcClientProtocolClient (GrpcClientProtocolClient.java:onNext(264)) - client-B22ED198845A->f3174d56-9988-40ec-970b-d447ed545dfb: receive RaftClientReply:client-B22ED198845A->f3174d56-9988-40ec-970b-d447ed545dfb@group-47B82E5F6106, cid=3243, SUCCESS, logIndex=4861, commits[f3174d56-9988-40ec-970b-d447ed545dfb:c4862, 3e713ff3-0d17-449f-90fa-609b20cf4c10:c4858, 34290298-343f-405c-af97-b2d19041b010:c4860]
2019-09-11 09:06:46,625 [grpc-default-executor-0] INFO  client.GrpcClientProtocolClient (GrpcClientProtocolClient.java:onNext(264)) - client-B22ED198845A->f3174d56-9988-40ec-970b-d447ed545dfb: receive RaftClientReply:client-B22ED198845A->f3174d56-9988-40ec-970b-d447ed545dfb@group-47B82E5F6106, cid=3244, SUCCESS, logIndex=4862, commits[f3174d56-9988-40ec-970b-d447ed545dfb:c4862, 3e713ff3-0d17-449f-90fa-609b20cf4c10:c4858, 34290298-343f-405c-af97-b2d19041b010:c4860]
2019-09-11 09:06:46,628 [grpc-default-executor-0] INFO  client.GrpcClientProtocolClient (GrpcClientProtocolClient.java:onNext(264)) - client-B22ED198845A->f3174d56-9988-40ec-970b-d447ed545dfb: receive RaftClientReply:client-B22ED198845A->f3174d56-9988-40ec-970b-d447ed545dfb@group-47B82E5F6106, cid=3245, SUCCESS, logIndex=4863, commits[f3174d56-9988-40ec-970b-d447ed545dfb:c4864, 3e713ff3-0d17-449f-90fa-609b20cf4c10:c4860, 34290298-343f-405c-af97-b2d19041b010:c4862]
2019-09-11 09:06:46,629 [grpc-default-executor-0] INFO  client.GrpcClientProtocolClient (GrpcClientProtocolClient.java:onNext(264)) - client-B22ED198845A->f3174d56-9988-40ec-970b-d447ed545dfb: receive RaftClientReply:client-B22ED198845A->f3174d56-9988-40ec-970b-d447ed545dfb@group-47B82E5F6106, cid=3246, SUCCESS, logIndex=4864, commits[f3174d56-9988-40ec-970b-d447ed545dfb:c4864, 3e713ff3-0d17-449f-90fa-609b20cf4c10:c4860, 34290298-343f-405c-af97-b2d19041b010:c4862]
2019-09-11 09:06:46,630 [grpc-default-executor-0] INFO  client.GrpcClientProtocolClient (GrpcClientProtocolClient.java:onNext(264)) - client-B22ED198845A->f3174d56-9988-40ec-970b-d447ed545dfb: receive RaftClientReply:client-B22ED198845A->f3174d56-9988-40ec-970b-d447ed545dfb@group-47B82E5F6106, cid=3247, SUCCESS, logIndex=0, commits[f3174d56-9988-40ec-970b-d447ed545dfb:c4866, 3e713ff3-0d17-449f-90fa-609b20cf4c10:c4862, 34290298-343f-405c-af97-b2d19041b010:c4862]
2019-09-11 09:06:46,639 [grpc-default-executor-0] INFO  client.GrpcClientProtocolClient (GrpcClientProtocolClient.java:onNext(264)) - client-B22ED198845A->f3174d56-9988-40ec-970b-d447ed545dfb: receive RaftClientReply:client-B22ED198845A->f3174d56-9988-40ec-970b-d447ed545dfb@group-47B82E5F6106, cid=3248, SUCCESS, logIndex=4869, commits[f3174d56-9988-40ec-970b-d447ed545dfb:c4870, 3e713ff3-0d17-449f-90fa-609b20cf4c10:c4868, 34290298-343f-405c-af97-b2d19041b010:c4864]
2019-09-11 09:06:46,640 [grpc-default-executor-0] INFO  client.GrpcClientProtocolClient (GrpcClientProtocolClient.java:onNext(264)) - client-B22ED198845A->f3174d56-9988-40ec-970b-d447ed545dfb: receive RaftClientReply:client-B22ED198845A->f3174d56-9988-40ec-970b-d447ed545dfb@group-47B82E5F6106, cid=3249, SUCCESS, logIndex=4870, commits[f3174d56-9988-40ec-970b-d447ed545dfb:c4870, 3e713ff3-0d17-449f-90fa-609b20cf4c10:c4868, 34290298-343f-405c-af97-b2d19041b010:c4864]
2019-09-11 09:06:46,658 [grpc-default-executor-4] INFO  client.GrpcClientProtocolClient (GrpcClientProtocolClient.java:onNext(264)) - client-B22ED198845A->f3174d56-9988-40ec-970b-d447ed545dfb: receive RaftClientReply:client-B22ED198845A->f3174d56-9988-40ec-970b-d447ed545dfb@group-47B82E5F6106, cid=3250, SUCCESS, logIndex=4873, commits[f3174d56-9988-40ec-970b-d447ed545dfb:c4874, 3e713ff3-0d17-449f-90fa-609b20cf4c10:c4870, 34290298-343f-405c-af97-b2d19041b010:c4870]
2019-09-11 09:06:46,659 [grpc-default-executor-4] INFO  client.GrpcClientProtocolClient (GrpcClientProtocolClient.java:onNext(264)) - client-B22ED198845A->f3174d56-9988-40ec-970b-d447ed545dfb: receive RaftClientReply:client-B22ED198845A->f3174d56-9988-40ec-970b-d447ed545dfb@group-47B82E5F6106, cid=3251, SUCCESS, logIndex=4874, commits[f3174d56-9988-40ec-970b-d447ed545dfb:c4874, 3e713ff3-0d17-449f-90fa-609b20cf4c10:c4870, 34290298-343f-405c-af97-b2d19041b010:c4870]
2019-09-11 09:06:46,661 [grpc-default-executor-4] INFO  client.GrpcClientProtocolClient (GrpcClientProtocolClient.java:onNext(264)) - client-B22ED198845A->f3174d56-9988-40ec-970b-d447ed545dfb: receive RaftClientReply:client-B22ED198845A->f3174d56-9988-40ec-970b-d447ed545dfb@group-47B82E5F6106, cid=3252, SUCCESS, logIndex=0, commits[f3174d56-9988-40ec-970b-d447ed545dfb:c4875, 3e713ff3-0d17-449f-90fa-609b20cf4c10:c4874, 34290298-343f-405c-af97-b2d19041b010:c4874]
2019-09-11 09:06:46,678 [grpc-default-executor-0] INFO  client.GrpcClientProtocolClient (GrpcClientProtocolClient.java:onNext(264)) - client-B22ED198845A->f3174d56-9988-40ec-970b-d447ed545dfb: receive RaftClientReply:client-B22ED198845A->f3174d56-9988-40ec-970b-d447ed545dfb@group-47B82E5F6106, cid=3253, SUCCESS, logIndex=4876, commits[f3174d56-9988-40ec-970b-d447ed545dfb:c4877, 3e713ff3-0d17-449f-90fa-609b20cf4c10:c4874, 34290298-343f-405c-af97-b2d19041b010:c4875]
2019-09-11 09:06:46,679 [grpc-default-executor-0] INFO  client.GrpcClientProtocolClient (GrpcClientProtocolClient.java:onNext(264)) - client-B22ED198845A->f3174d56-9988-40ec-970b-d447ed545dfb: receive RaftClientReply:client-B22ED198845A->f3174d56-9988-40ec-970b-d447ed545dfb@group-47B82E5F6106, cid=3254, SUCCESS, logIndex=4877, commits[f3174d56-9988-40ec-970b-d447ed545dfb:c4877, 3e713ff3-0d17-449f-90fa-609b20cf4c10:c4874, 34290298-343f-405c-af97-b2d19041b010:c4875]
2019-09-11 09:06:46,680 [grpc-default-executor-5] INFO  client.GrpcClientProtocolClient (GrpcClientProtocolClient.java:onNext(264)) - client-B22ED198845A->f3174d56-9988-40ec-970b-d447ed545dfb: receive RaftClientReply:client-B22ED198845A->f3174d56-9988-40ec-970b-d447ed545dfb@group-47B82E5F6106, cid=3255, SUCCESS, logIndex=4878, commits[f3174d56-9988-40ec-970b-d447ed545dfb:c4879, 3e713ff3-0d17-449f-90fa-609b20cf4c10:c4875, 34290298-343f-405c-af97-b2d19041b010:c4875]
2019-09-11 09:06:46,680 [grpc-default-executor-5] INFO  client.GrpcClientProtocolClient (GrpcClientProtocolClient.java:onNext(264)) - client-B22ED198845A->f3174d56-9988-40ec-970b-d447ed545dfb: receive RaftClientReply:client-B22ED198845A->f3174d56-9988-40ec-970b-d447ed545dfb@group-47B82E5F6106, cid=3256, SUCCESS, logIndex=4879, commits[f3174d56-9988-40ec-970b-d447ed545dfb:c4879, 3e713ff3-0d17-449f-90fa-609b20cf4c10:c4875, 34290298-343f-405c-af97-b2d19041b010:c4875]
2019-09-11 09:06:46,683 [grpc-default-executor-2] INFO  client.GrpcClientProtocolClient (GrpcClientProtocolClient.java:onNext(264)) - client-B22ED198845A->f3174d56-9988-40ec-970b-d447ed545dfb: receive RaftClientReply:client-B22ED198845A->f3174d56-9988-40ec-970b-d447ed545dfb@group-47B82E5F6106, cid=3257, SUCCESS, logIndex=0, commits[f3174d56-9988-40ec-970b-d447ed545dfb:c4881, 3e713ff3-0d17-449f-90fa-609b20cf4c10:c4877, 34290298-343f-405c-af97-b2d19041b010:c4877]
2019-09-11 09:06:46,710 [grpc-default-executor-5] INFO  client.GrpcClientProtocolClient (GrpcClientProtocolClient.java:onNext(264)) - client-B22ED198845A->f3174d56-9988-40ec-970b-d447ed545dfb: receive RaftClientReply:client-B22ED198845A->f3174d56-9988-40ec-970b-d447ed545dfb@group-47B82E5F6106, cid=3258, SUCCESS, logIndex=4884, commits[f3174d56-9988-40ec-970b-d447ed545dfb:c4885, 3e713ff3-0d17-449f-90fa-609b20cf4c10:c4879, 34290298-343f-405c-af97-b2d19041b010:c4881]
2019-09-11 09:06:46,710 [grpc-default-executor-5] INFO  client.GrpcClientProtocolClient (GrpcClientProtocolClient.java:onNext(264)) - client-B22ED198845A->f3174d56-9988-40ec-970b-d447ed545dfb: receive RaftClientReply:client-B22ED198845A->f3174d56-9988-40ec-970b-d447ed545dfb@group-47B82E5F6106, cid=3259, SUCCESS, logIndex=4885, commits[f3174d56-9988-40ec-970b-d447ed545dfb:c4885, 3e713ff3-0d17-449f-90fa-609b20cf4c10:c4879, 34290298-343f-405c-af97-b2d19041b010:c4881]
2019-09-11 09:06:46,728 [grpc-default-executor-2] INFO  client.GrpcClientProtocolClient (GrpcClientProtocolClient.java:onNext(264)) - client-B22ED198845A->f3174d56-9988-40ec-970b-d447ed545dfb: receive RaftClientReply:client-B22ED198845A->f3174d56-9988-40ec-970b-d447ed545dfb@group-47B82E5F6106, cid=3260, SUCCESS, logIndex=4888, commits[f3174d56-9988-40ec-970b-d447ed545dfb:c4889, 3e713ff3-0d17-449f-90fa-609b20cf4c10:c4886, 34290298-343f-405c-af97-b2d19041b010:c4886]
2019-09-11 09:06:46,728 [grpc-default-executor-2] INFO  client.GrpcClientProtocolClient (GrpcClientProtocolClient.java:onNext(264)) - client-B22ED198845A->f3174d56-9988-40ec-970b-d447ed545dfb: receive RaftClientReply:client-B22ED198845A->f3174d56-9988-40ec-970b-d447ed545dfb@group-47B82E5F6106, cid=3261, SUCCESS, logIndex=4889, commits[f3174d56-9988-40ec-970b-d447ed545dfb:c4889, 3e713ff3-0d17-449f-90fa-609b20cf4c10:c4886, 34290298-343f-405c-af97-b2d19041b010:c4886]
2019-09-11 09:06:46,749 [grpc-default-executor-2] INFO  client.GrpcClientProtocolClient (GrpcClientProtocolClient.java:onNext(264)) - client-B22ED198845A->f3174d56-9988-40ec-970b-d447ed545dfb: receive RaftClientReply:client-B22ED198845A->f3174d56-9988-40ec-970b-d447ed545dfb@group-47B82E5F6106, cid=3262, SUCCESS, logIndex=0, commits[f3174d56-9988-40ec-970b-d447ed545dfb:c4891, 3e713ff3-0d17-449f-90fa-609b20cf4c10:c4889, 34290298-343f-405c-af97-b2d19041b010:c4889]
2019-09-11 09:06:46,779 [grpc-default-executor-0] INFO  client.GrpcClientProtocolClient (GrpcClientProtocolClient.java:onNext(264)) - client-B22ED198845A->f3174d56-9988-40ec-970b-d447ed545dfb: receive RaftClientReply:client-B22ED198845A->f3174d56-9988-40ec-970b-d447ed545dfb@group-47B82E5F6106, cid=3263, SUCCESS, logIndex=4892, commits[f3174d56-9988-40ec-970b-d447ed545dfb:c4892, 3e713ff3-0d17-449f-90fa-609b20cf4c10:c4891, 34290298-343f-405c-af97-b2d19041b010:c4891]
2019-09-11 09:06:46,780 [grpc-default-executor-0] INFO  client.GrpcClientProtocolClient (GrpcClientProtocolClient.java:onNext(264)) - client-B22ED198845A->f3174d56-9988-40ec-970b-d447ed545dfb: receive RaftClientReply:client-B22ED198845A->f3174d56-9988-40ec-970b-d447ed545dfb@group-47B82E5F6106, cid=3264, SUCCESS, logIndex=4893, commits[f3174d56-9988-40ec-970b-d447ed545dfb:c4893, 3e713ff3-0d17-449f-90fa-609b20cf4c10:c4891, 34290298-343f-405c-af97-b2d19041b010:c4891]
2019-09-11 09:06:46,780 [grpc-default-executor-0] INFO  client.GrpcClientProtocolClient (GrpcClientProtocolClient.java:onNext(264)) - client-B22ED198845A->f3174d56-9988-40ec-970b-d447ed545dfb: receive RaftClientReply:client-B22ED198845A->f3174d56-9988-40ec-970b-d447ed545dfb@group-47B82E5F6106, cid=3265, SUCCESS, logIndex=4894, commits[f3174d56-9988-40ec-970b-d447ed545dfb:c4894, 3e713ff3-0d17-449f-90fa-609b20cf4c10:c4891, 34290298-343f-405c-af97-b2d19041b010:c4891]
2019-09-11 09:06:46,780 [grpc-default-executor-0] INFO  client.GrpcClientProtocolClient (GrpcClientProtocolClient.java:onNext(264)) - client-B22ED198845A->f3174d56-9988-40ec-970b-d447ed545dfb: receive RaftClientReply:client-B22ED198845A->f3174d56-9988-40ec-970b-d447ed545dfb@group-47B82E5F6106, cid=3266, SUCCESS, logIndex=4895, commits[f3174d56-9988-40ec-970b-d447ed545dfb:c4895, 3e713ff3-0d17-449f-90fa-609b20cf4c10:c4891, 34290298-343f-405c-af97-b2d19041b010:c4891]
2019-09-11 09:06:46,783 [grpc-default-executor-2] INFO  client.GrpcClientProtocolClient (GrpcClientProtocolClient.java:onNext(264)) - client-B22ED198845A->f3174d56-9988-40ec-970b-d447ed545dfb: receive RaftClientReply:client-B22ED198845A->f3174d56-9988-40ec-970b-d447ed545dfb@group-47B82E5F6106, cid=3267, SUCCESS, logIndex=0, commits[f3174d56-9988-40ec-970b-d447ed545dfb:c4897, 3e713ff3-0d17-449f-90fa-609b20cf4c10:c4893, 34290298-343f-405c-af97-b2d19041b010:c4893]
2019-09-11 09:06:47,321 [grpc-default-executor-0] INFO  client.GrpcClientProtocolClient (GrpcClientProtocolClient.java:onNext(264)) - client-B22ED198845A->f3174d56-9988-40ec-970b-d447ed545dfb: receive RaftClientReply:client-B22ED198845A->f3174d56-9988-40ec-970b-d447ed545dfb@group-47B82E5F6106, cid=3268, SUCCESS, logIndex=4900, commits[f3174d56-9988-40ec-970b-d447ed545dfb:c4901, 3e713ff3-0d17-449f-90fa-609b20cf4c10:c4897, 34290298-343f-405c-af97-b2d19041b010:c4897]
2019-09-11 09:06:47,322 [grpc-default-executor-0] INFO  client.GrpcClientProtocolClient (GrpcClientProtocolClient.java:onNext(264)) - client-B22ED198845A->f3174d56-9988-40ec-970b-d447ed545dfb: receive RaftClientReply:client-B22ED198845A->f3174d56-9988-40ec-970b-d447ed545dfb@group-47B82E5F6106, cid=3269, SUCCESS, logIndex=4901, commits[f3174d56-9988-40ec-970b-d447ed545dfb:c4901, 3e713ff3-0d17-449f-90fa-609b20cf4c10:c4897, 34290298-343f-405c-af97-b2d19041b010:c4897]
2019-09-11 09:06:47,336 [grpc-default-executor-2] INFO  client.GrpcClientProtocolClient (GrpcClientProtocolClient.java:onNext(264)) - client-B22ED198845A->f3174d56-9988-40ec-970b-d447ed545dfb: receive RaftClientReply:client-B22ED198845A->f3174d56-9988-40ec-970b-d447ed545dfb@group-47B82E5F6106, cid=3270, SUCCESS, logIndex=4904, commits[f3174d56-9988-40ec-970b-d447ed545dfb:c4904, 3e713ff3-0d17-449f-90fa-609b20cf4c10:c4901, 34290298-343f-405c-af97-b2d19041b010:c4901]
2019-09-11 09:06:47,336 [grpc-default-executor-2] INFO  client.GrpcClientProtocolClient (GrpcClientProtocolClient.java:onNext(264)) - client-B22ED198845A->f3174d56-9988-40ec-970b-d447ed545dfb: receive RaftClientReply:client-B22ED198845A->f3174d56-9988-40ec-970b-d447ed545dfb@group-47B82E5F6106, cid=3271, SUCCESS, logIndex=4905, commits[f3174d56-9988-40ec-970b-d447ed545dfb:c4905, 3e713ff3-0d17-449f-90fa-609b20cf4c10:c4901, 34290298-343f-405c-af97-b2d19041b010:c4901]
2019-09-11 09:06:47,350 [grpc-default-executor-2] INFO  client.GrpcClientProtocolClient (GrpcClientProtocolClient.java:onNext(264)) - client-B22ED198845A->f3174d56-9988-40ec-970b-d447ed545dfb: receive RaftClientReply:client-B22ED198845A->f3174d56-9988-40ec-970b-d447ed545dfb@group-47B82E5F6106, cid=3272, SUCCESS, logIndex=0, commits[f3174d56-9988-40ec-970b-d447ed545dfb:c4907, 3e713ff3-0d17-449f-90fa-609b20cf4c10:c4905, 34290298-343f-405c-af97-b2d19041b010:c4905]
2019-09-11 09:06:47,379 [grpc-default-executor-2] INFO  client.GrpcClientProtocolClient (GrpcClientProtocolClient.java:onNext(264)) - client-B22ED198845A->f3174d56-9988-40ec-970b-d447ed545dfb: receive RaftClientReply:client-B22ED198845A->f3174d56-9988-40ec-970b-d447ed545dfb@group-47B82E5F6106, cid=3273, SUCCESS, logIndex=4908, commits[f3174d56-9988-40ec-970b-d447ed545dfb:c4909, 3e713ff3-0d17-449f-90fa-609b20cf4c10:c4907, 34290298-343f-405c-af97-b2d19041b010:c4907]
2019-09-11 09:06:47,380 [grpc-default-executor-5] INFO  client.GrpcClientProtocolClient (GrpcClientProtocolClient.java:onNext(264)) - client-B22ED198845A->f3174d56-9988-40ec-970b-d447ed545dfb: receive RaftClientReply:client-B22ED198845A->f3174d56-9988-40ec-970b-d447ed545dfb@group-47B82E5F6106, cid=3274, SUCCESS, logIndex=4909, commits[f3174d56-9988-40ec-970b-d447ed545dfb:c4909, 3e713ff3-0d17-449f-90fa-609b20cf4c10:c4907, 34290298-343f-405c-af97-b2d19041b010:c4907]
2019-09-11 09:06:47,380 [grpc-default-executor-5] INFO  client.GrpcClientProtocolClient (GrpcClientProtocolClient.java:onNext(264)) - client-B22ED198845A->f3174d56-9988-40ec-970b-d447ed545dfb: receive RaftClientReply:client-B22ED198845A->f3174d56-9988-40ec-970b-d447ed545dfb@group-47B82E5F6106, cid=3275, SUCCESS, logIndex=4910, commits[f3174d56-9988-40ec-970b-d447ed545dfb:c4911, 3e713ff3-0d17-449f-90fa-609b20cf4c10:c4907, 34290298-343f-405c-af97-b2d19041b010:c4907]
2019-09-11 09:06:47,381 [grpc-default-executor-5] INFO  client.GrpcClientProtocolClient (GrpcClientProtocolClient.java:onNext(264)) - client-B22ED198845A->f3174d56-9988-40ec-970b-d447ed545dfb: receive RaftClientReply:client-B22ED198845A->f3174d56-9988-40ec-970b-d447ed545dfb@group-47B82E5F6106, cid=3276, SUCCESS, logIndex=4911, commits[f3174d56-9988-40ec-970b-d447ed545dfb:c4911, 3e713ff3-0d17-449f-90fa-609b20cf4c10:c4907, 34290298-343f-405c-af97-b2d19041b010:c4907]
2019-09-11 09:06:47,383 [grpc-default-executor-5] INFO  client.GrpcClientProtocolClient (GrpcClientProtocolClient.java:onNext(264)) - client-B22ED198845A->f3174d56-9988-40ec-970b-d447ed545dfb: receive RaftClientReply:client-B22ED198845A->f3174d56-9988-40ec-970b-d447ed545dfb@group-47B82E5F6106, cid=3277, SUCCESS, logIndex=0, commits[f3174d56-9988-40ec-970b-d447ed545dfb:c4913, 3e713ff3-0d17-449f-90fa-609b20cf4c10:c4909, 34290298-343f-405c-af97-b2d19041b010:c4909]
2019-09-11 09:06:47,396 [grpc-default-executor-5] INFO  client.GrpcClientProtocolClient (GrpcClientProtocolClient.java:onNext(264)) - client-B22ED198845A->f3174d56-9988-40ec-970b-d447ed545dfb: receive RaftClientReply:client-B22ED198845A->f3174d56-9988-40ec-970b-d447ed545dfb@group-47B82E5F6106, cid=3278, SUCCESS, logIndex=4916, commits[f3174d56-9988-40ec-970b-d447ed545dfb:c4917, 3e713ff3-0d17-449f-90fa-609b20cf4c10:c4914, 34290298-343f-405c-af97-b2d19041b010:c4914]
2019-09-11 09:06:47,396 [grpc-default-executor-5] INFO  client.GrpcClientProtocolClient (GrpcClientProtocolClient.java:onNext(264)) - client-B22ED198845A->f3174d56-9988-40ec-970b-d447ed545dfb: receive RaftClientReply:client-B22ED198845A->f3174d56-9988-40ec-970b-d447ed545dfb@group-47B82E5F6106, cid=3279, SUCCESS, logIndex=4917, commits[f3174d56-9988-40ec-970b-d447ed545dfb:c4917, 3e713ff3-0d17-449f-90fa-609b20cf4c10:c4914, 34290298-343f-405c-af97-b2d19041b010:c4914]
2019-09-11 09:06:47,411 [grpc-default-executor-5] INFO  client.GrpcClientProtocolClient (GrpcClientProtocolClient.java:onNext(264)) - client-B22ED198845A->f3174d56-9988-40ec-970b-d447ed545dfb: receive RaftClientReply:client-B22ED198845A->f3174d56-9988-40ec-970b-d447ed545dfb@group-47B82E5F6106, cid=3280, SUCCESS, logIndex=4920, commits[f3174d56-9988-40ec-970b-d447ed545dfb:c4921, 3e713ff3-0d17-449f-90fa-609b20cf4c10:c4917, 34290298-343f-405c-af97-b2d19041b010:c4918]
2019-09-11 09:06:47,411 [grpc-default-executor-5] INFO  client.GrpcClientProtocolClient (GrpcClientProtocolClient.java:onNext(264)) - client-B22ED198845A->f3174d56-9988-40ec-970b-d447ed545dfb: receive RaftClientReply:client-B22ED198845A->f3174d56-9988-40ec-970b-d447ed545dfb@group-47B82E5F6106, cid=3281, SUCCESS, logIndex=4921, commits[f3174d56-9988-40ec-970b-d447ed545dfb:c4921, 3e713ff3-0d17-449f-90fa-609b20cf4c10:c4917, 34290298-343f-405c-af97-b2d19041b010:c4918]
2019-09-11 09:06:47,412 [grpc-default-executor-5] INFO  client.GrpcClientProtocolClient (GrpcClientProtocolClient.java:onNext(264)) - client-B22ED198845A->f3174d56-9988-40ec-970b-d447ed545dfb: receive RaftClientReply:client-B22ED198845A->f3174d56-9988-40ec-970b-d447ed545dfb@group-47B82E5F6106, cid=3282, SUCCESS, logIndex=0, commits[f3174d56-9988-40ec-970b-d447ed545dfb:c4922, 3e713ff3-0d17-449f-90fa-609b20cf4c10:c4921, 34290298-343f-405c-af97-b2d19041b010:c4921]
2019-09-11 09:06:47,440 [grpc-default-executor-2] INFO  client.GrpcClientProtocolClient (GrpcClientProtocolClient.java:onNext(264)) - client-B22ED198845A->f3174d56-9988-40ec-970b-d447ed545dfb: receive RaftClientReply:client-B22ED198845A->f3174d56-9988-40ec-970b-d447ed545dfb@group-47B82E5F6106, cid=3283, SUCCESS, logIndex=4924, commits[f3174d56-9988-40ec-970b-d447ed545dfb:c4925, 3e713ff3-0d17-449f-90fa-609b20cf4c10:c4923, 34290298-343f-405c-af97-b2d19041b010:c4923]
2019-09-11 09:06:47,440 [grpc-default-executor-2] INFO  client.GrpcClientProtocolClient (GrpcClientProtocolClient.java:onNext(264)) - client-B22ED198845A->f3174d56-9988-40ec-970b-d447ed545dfb: receive RaftClientReply:client-B22ED198845A->f3174d56-9988-40ec-970b-d447ed545dfb@group-47B82E5F6106, cid=3284, SUCCESS, logIndex=4925, commits[f3174d56-9988-40ec-970b-d447ed545dfb:c4926, 3e713ff3-0d17-449f-90fa-609b20cf4c10:c4923, 34290298-343f-405c-af97-b2d19041b010:c4923]
2019-09-11 09:06:47,440 [grpc-default-executor-2] INFO  client.GrpcClientProtocolClient (GrpcClientProtocolClient.java:onNext(264)) - client-B22ED198845A->f3174d56-9988-40ec-970b-d447ed545dfb: receive RaftClientReply:client-B22ED198845A->f3174d56-9988-40ec-970b-d447ed545dfb@group-47B82E5F6106, cid=3285, SUCCESS, logIndex=4926, commits[f3174d56-9988-40ec-970b-d447ed545dfb:c4927, 3e713ff3-0d17-449f-90fa-609b20cf4c10:c4923, 34290298-343f-405c-af97-b2d19041b010:c4923]
2019-09-11 09:06:47,440 [grpc-default-executor-2] INFO  client.GrpcClientProtocolClient (GrpcClientProtocolClient.java:onNext(264)) - client-B22ED198845A->f3174d56-9988-40ec-970b-d447ed545dfb: receive RaftClientReply:client-B22ED198845A->f3174d56-9988-40ec-970b-d447ed545dfb@group-47B82E5F6106, cid=3286, SUCCESS, logIndex=4927, commits[f3174d56-9988-40ec-970b-d447ed545dfb:c4927, 3e713ff3-0d17-449f-90fa-609b20cf4c10:c4923, 34290298-343f-405c-af97-b2d19041b010:c4923]
2019-09-11 09:06:47,454 [grpc-default-executor-0] INFO  client.GrpcClientProtocolClient (GrpcClientProtocolClient.java:onNext(264)) - client-B22ED198845A->f3174d56-9988-40ec-970b-d447ed545dfb: receive RaftClientReply:client-B22ED198845A->f3174d56-9988-40ec-970b-d447ed545dfb@group-47B82E5F6106, cid=3287, SUCCESS, logIndex=0, commits[f3174d56-9988-40ec-970b-d447ed545dfb:c4930, 3e713ff3-0d17-449f-90fa-609b20cf4c10:c4926, 34290298-343f-405c-af97-b2d19041b010:c4925]
2019-09-11 09:06:47,477 [grpc-default-executor-5] INFO  client.GrpcClientProtocolClient (GrpcClientProtocolClient.java:onNext(264)) - client-B22ED198845A->f3174d56-9988-40ec-970b-d447ed545dfb: receive RaftClientReply:client-B22ED198845A->f3174d56-9988-40ec-970b-d447ed545dfb@group-47B82E5F6106, cid=3288, SUCCESS, logIndex=4932, commits[f3174d56-9988-40ec-970b-d447ed545dfb:c4933, 3e713ff3-0d17-449f-90fa-609b20cf4c10:c4931, 34290298-343f-405c-af97-b2d19041b010:c4931]
2019-09-11 09:06:47,477 [grpc-default-executor-5] INFO  client.GrpcClientProtocolClient (GrpcClientProtocolClient.java:onNext(264)) - client-B22ED198845A->f3174d56-9988-40ec-970b-d447ed545dfb: receive RaftClientReply:client-B22ED198845A->f3174d56-9988-40ec-970b-d447ed545dfb@group-47B82E5F6106, cid=3289, SUCCESS, logIndex=4933, commits[f3174d56-9988-40ec-970b-d447ed545dfb:c4933, 3e713ff3-0d17-449f-90fa-609b20cf4c10:c4931, 34290298-343f-405c-af97-b2d19041b010:c4931]
2019-09-11 09:06:47,492 [grpc-default-executor-5] INFO  client.GrpcClientProtocolClient (GrpcClientProtocolClient.java:onNext(264)) - client-B22ED198845A->f3174d56-9988-40ec-970b-d447ed545dfb: receive RaftClientReply:client-B22ED198845A->f3174d56-9988-40ec-970b-d447ed545dfb@group-47B82E5F6106, cid=3290, SUCCESS, logIndex=4936, commits[f3174d56-9988-40ec-970b-d447ed545dfb:c4937, 3e713ff3-0d17-449f-90fa-609b20cf4c10:c4933, 34290298-343f-405c-af97-b2d19041b010:c4933]
2019-09-11 09:06:47,492 [grpc-default-executor-5] INFO  client.GrpcClientProtocolClient (GrpcClientProtocolClient.java:onNext(264)) - client-B22ED198845A->f3174d56-9988-40ec-970b-d447ed545dfb: receive RaftClientReply:client-B22ED198845A->f3174d56-9988-40ec-970b-d447ed545dfb@group-47B82E5F6106, cid=3291, SUCCESS, logIndex=4937, commits[f3174d56-9988-40ec-970b-d447ed545dfb:c4937, 3e713ff3-0d17-449f-90fa-609b20cf4c10:c4933, 34290298-343f-405c-af97-b2d19041b010:c4933]
2019-09-11 09:06:47,509 [grpc-default-executor-5] INFO  client.GrpcClientProtocolClient (GrpcClientProtocolClient.java:onNext(264)) - client-B22ED198845A->f3174d56-9988-40ec-970b-d447ed545dfb: receive RaftClientReply:client-B22ED198845A->f3174d56-9988-40ec-970b-d447ed545dfb@group-47B82E5F6106, cid=3292, SUCCESS, logIndex=0, commits[f3174d56-9988-40ec-970b-d447ed545dfb:c4939, 3e713ff3-0d17-449f-90fa-609b20cf4c10:c4937, 34290298-343f-405c-af97-b2d19041b010:c4937]
2019-09-11 09:06:47,534 [grpc-default-executor-0] INFO  client.GrpcClientProtocolClient (GrpcClientProtocolClient.java:onNext(264)) - client-B22ED198845A->f3174d56-9988-40ec-970b-d447ed545dfb: receive RaftClientReply:client-B22ED198845A->f3174d56-9988-40ec-970b-d447ed545dfb@group-47B82E5F6106, cid=3293, SUCCESS, logIndex=4940, commits[f3174d56-9988-40ec-970b-d447ed545dfb:c4941, 3e713ff3-0d17-449f-90fa-609b20cf4c10:c4939, 34290298-343f-405c-af97-b2d19041b010:c4939]
2019-09-11 09:06:47,534 [grpc-default-executor-0] INFO  client.GrpcClientProtocolClient (GrpcClientProtocolClient.java:onNext(264)) - client-B22ED198845A->f3174d56-9988-40ec-970b-d447ed545dfb: receive RaftClientReply:client-B22ED198845A->f3174d56-9988-40ec-970b-d447ed545dfb@group-47B82E5F6106, cid=3294, SUCCESS, logIndex=4941, commits[f3174d56-9988-40ec-970b-d447ed545dfb:c4943, 3e713ff3-0d17-449f-90fa-609b20cf4c10:c4939, 34290298-343f-405c-af97-b2d19041b010:c4939]
2019-09-11 09:06:47,534 [grpc-default-executor-0] INFO  client.GrpcClientProtocolClient (GrpcClientProtocolClient.java:onNext(264)) - client-B22ED198845A->f3174d56-9988-40ec-970b-d447ed545dfb: receive RaftClientReply:client-B22ED198845A->f3174d56-9988-40ec-970b-d447ed545dfb@group-47B82E5F6106, cid=3295, SUCCESS, logIndex=4942, commits[f3174d56-9988-40ec-970b-d447ed545dfb:c4943, 3e713ff3-0d17-449f-90fa-609b20cf4c10:c4939, 34290298-343f-405c-af97-b2d19041b010:c4939]
2019-09-11 09:06:47,535 [grpc-default-executor-0] INFO  client.GrpcClientProtocolClient (GrpcClientProtocolClient.java:onNext(264)) - client-B22ED198845A->f3174d56-9988-40ec-970b-d447ed545dfb: receive RaftClientReply:client-B22ED198845A->f3174d56-9988-40ec-970b-d447ed545dfb@group-47B82E5F6106, cid=3296, SUCCESS, logIndex=4943, commits[f3174d56-9988-40ec-970b-d447ed545dfb:c4943, 3e713ff3-0d17-449f-90fa-609b20cf4c10:c4939, 34290298-343f-405c-af97-b2d19041b010:c4939]
2019-09-11 09:06:47,548 [grpc-default-executor-0] INFO  client.GrpcClientProtocolClient (GrpcClientProtocolClient.java:onNext(264)) - client-B22ED198845A->f3174d56-9988-40ec-970b-d447ed545dfb: receive RaftClientReply:client-B22ED198845A->f3174d56-9988-40ec-970b-d447ed545dfb@group-47B82E5F6106, cid=3297, SUCCESS, logIndex=0, commits[f3174d56-9988-40ec-970b-d447ed545dfb:c4944, 3e713ff3-0d17-449f-90fa-609b20cf4c10:c4941, 34290298-343f-405c-af97-b2d19041b010:c4941]
2019-09-11 09:06:47,565 [grpc-default-executor-2] INFO  client.GrpcClientProtocolClient (GrpcClientProtocolClient.java:onNext(264)) - client-B22ED198845A->f3174d56-9988-40ec-970b-d447ed545dfb: receive RaftClientReply:client-B22ED198845A->f3174d56-9988-40ec-970b-d447ed545dfb@group-47B82E5F6106, cid=3298, SUCCESS, logIndex=4947, commits[f3174d56-9988-40ec-970b-d447ed545dfb:c4948, 3e713ff3-0d17-449f-90fa-609b20cf4c10:c4946, 34290298-343f-405c-af97-b2d19041b010:c4946]
2019-09-11 09:06:47,565 [grpc-default-executor-2] INFO  client.GrpcClientProtocolClient (GrpcClientProtocolClient.java:onNext(264)) - client-B22ED198845A->f3174d56-9988-40ec-970b-d447ed545dfb: receive RaftClientReply:client-B22ED198845A->f3174d56-9988-40ec-970b-d447ed545dfb@group-47B82E5F6106, cid=3299, SUCCESS, logIndex=4948, commits[f3174d56-9988-40ec-970b-d447ed545dfb:c4948, 3e713ff3-0d17-449f-90fa-609b20cf4c10:c4946, 34290298-343f-405c-af97-b2d19041b010:c4946]
2019-09-11 09:06:47,580 [grpc-default-executor-5] INFO  client.GrpcClientProtocolClient (GrpcClientProtocolClient.java:onNext(264)) - client-B22ED198845A->f3174d56-9988-40ec-970b-d447ed545dfb: receive RaftClientReply:client-B22ED198845A->f3174d56-9988-40ec-970b-d447ed545dfb@group-47B82E5F6106, cid=3300, SUCCESS, logIndex=4951, commits[f3174d56-9988-40ec-970b-d447ed545dfb:c4951, 3e713ff3-0d17-449f-90fa-609b20cf4c10:c4948, 34290298-343f-405c-af97-b2d19041b010:c4948]
2019-09-11 09:06:47,580 [grpc-default-executor-5] INFO  client.GrpcClientProtocolClient (GrpcClientProtocolClient.java:onNext(264)) - client-B22ED198845A->f3174d56-9988-40ec-970b-d447ed545dfb: receive RaftClientReply:client-B22ED198845A->f3174d56-9988-40ec-970b-d447ed545dfb@group-47B82E5F6106, cid=3301, SUCCESS, logIndex=4952, commits[f3174d56-9988-40ec-970b-d447ed545dfb:c4952, 3e713ff3-0d17-449f-90fa-609b20cf4c10:c4948, 34290298-343f-405c-af97-b2d19041b010:c4948]
2019-09-11 09:06:47,594 [grpc-default-executor-0] INFO  client.GrpcClientProtocolClient (GrpcClientProtocolClient.java:onNext(264)) - client-B22ED198845A->f3174d56-9988-40ec-970b-d447ed545dfb: receive RaftClientReply:client-B22ED198845A->f3174d56-9988-40ec-970b-d447ed545dfb@group-47B82E5F6106, cid=3302, SUCCESS, logIndex=0, commits[f3174d56-9988-40ec-970b-d447ed545dfb:c4953, 3e713ff3-0d17-449f-90fa-609b20cf4c10:c4952, 34290298-343f-405c-af97-b2d19041b010:c4952]
 0.00% |█                                                                                                    |  0/1 Time: 0:00:272019-09-11 09:06:47,620 [grpc-default-executor-4] INFO  client.GrpcClientProtocolClient (GrpcClientProtocolClient.java:onNext(264)) - client-B22ED198845A->f3174d56-9988-40ec-970b-d447ed545dfb: receive RaftClientReply:client-B22ED198845A->f3174d56-9988-40ec-970b-d447ed545dfb@group-47B82E5F6106, cid=3303, SUCCESS, logIndex=4955, commits[f3174d56-9988-40ec-970b-d447ed545dfb:c4956, 3e713ff3-0d17-449f-90fa-609b20cf4c10:c4954, 34290298-343f-405c-af97-b2d19041b010:c4954]
2019-09-11 09:06:47,620 [grpc-default-executor-4] INFO  client.GrpcClientProtocolClient (GrpcClientProtocolClient.java:onNext(264)) - client-B22ED198845A->f3174d56-9988-40ec-970b-d447ed545dfb: receive RaftClientReply:client-B22ED198845A->f3174d56-9988-40ec-970b-d447ed545dfb@group-47B82E5F6106, cid=3304, SUCCESS, logIndex=4956, commits[f3174d56-9988-40ec-970b-d447ed545dfb:c4958, 3e713ff3-0d17-449f-90fa-609b20cf4c10:c4954, 34290298-343f-405c-af97-b2d19041b010:c4954]
2019-09-11 09:06:47,621 [grpc-default-executor-4] INFO  client.GrpcClientProtocolClient (GrpcClientProtocolClient.java:onNext(264)) - client-B22ED198845A->f3174d56-9988-40ec-970b-d447ed545dfb: receive RaftClientReply:client-B22ED198845A->f3174d56-9988-40ec-970b-d447ed545dfb@group-47B82E5F6106, cid=3305, SUCCESS, logIndex=4957, commits[f3174d56-9988-40ec-970b-d447ed545dfb:c4958, 3e713ff3-0d17-449f-90fa-609b20cf4c10:c4954, 34290298-343f-405c-af97-b2d19041b010:c4954]
2019-09-11 09:06:47,621 [grpc-default-executor-4] INFO  client.GrpcClientProtocolClient (GrpcClientProtocolClient.java:onNext(264)) - client-B22ED198845A->f3174d56-9988-40ec-970b-d447ed545dfb: receive RaftClientReply:client-B22ED198845A->f3174d56-9988-40ec-970b-d447ed545dfb@group-47B82E5F6106, cid=3306, SUCCESS, logIndex=4958, commits[f3174d56-9988-40ec-970b-d447ed545dfb:c4958, 3e713ff3-0d17-449f-90fa-609b20cf4c10:c4954, 34290298-343f-405c-af97-b2d19041b010:c4954]
2019-09-11 09:06:47,634 [grpc-default-executor-4] INFO  client.GrpcClientProtocolClient (GrpcClientProtocolClient.java:onNext(264)) - client-B22ED198845A->f3174d56-9988-40ec-970b-d447ed545dfb: receive RaftClientReply:client-B22ED198845A->f3174d56-9988-40ec-970b-d447ed545dfb@group-47B82E5F6106, cid=3307, SUCCESS, logIndex=0, commits[f3174d56-9988-40ec-970b-d447ed545dfb:c4962, 3e713ff3-0d17-449f-90fa-609b20cf4c10:c4958, 34290298-343f-405c-af97-b2d19041b010:c4956]
2019-09-11 09:06:47,653 [grpc-default-executor-5] INFO  client.GrpcClientProtocolClient (GrpcClientProtocolClient.java:onNext(264)) - client-B22ED198845A->f3174d56-9988-40ec-970b-d447ed545dfb: receive RaftClientReply:client-B22ED198845A->f3174d56-9988-40ec-970b-d447ed545dfb@group-47B82E5F6106, cid=3308, SUCCESS, logIndex=4963, commits[f3174d56-9988-40ec-970b-d447ed545dfb:c4964, 3e713ff3-0d17-449f-90fa-609b20cf4c10:c4962, 34290298-343f-405c-af97-b2d19041b010:c4962]
2019-09-11 09:06:47,653 [grpc-default-executor-5] INFO  client.GrpcClientProtocolClient (GrpcClientProtocolClient.java:onNext(264)) - client-B22ED198845A->f3174d56-9988-40ec-970b-d447ed545dfb: receive RaftClientReply:client-B22ED198845A->f3174d56-9988-40ec-970b-d447ed545dfb@group-47B82E5F6106, cid=3309, SUCCESS, logIndex=4964, commits[f3174d56-9988-40ec-970b-d447ed545dfb:c4964, 3e713ff3-0d17-449f-90fa-609b20cf4c10:c4962, 34290298-343f-405c-af97-b2d19041b010:c4962]
2019-09-11 09:06:47,667 [grpc-default-executor-0] INFO  client.GrpcClientProtocolClient (GrpcClientProtocolClient.java:onNext(264)) - client-B22ED198845A->f3174d56-9988-40ec-970b-d447ed545dfb: receive RaftClientReply:client-B22ED198845A->f3174d56-9988-40ec-970b-d447ed545dfb@group-47B82E5F6106, cid=3310, SUCCESS, logIndex=4967, commits[f3174d56-9988-40ec-970b-d447ed545dfb:c4968, 3e713ff3-0d17-449f-90fa-609b20cf4c10:c4964, 34290298-343f-405c-af97-b2d19041b010:c4964]
2019-09-11 09:06:47,668 [grpc-default-executor-0] INFO  client.GrpcClientProtocolClient (GrpcClientProtocolClient.java:onNext(264)) - client-B22ED198845A->f3174d56-9988-40ec-970b-d447ed545dfb: receive RaftClientReply:client-B22ED198845A->f3174d56-9988-40ec-970b-d447ed545dfb@group-47B82E5F6106, cid=3311, SUCCESS, logIndex=4968, commits[f3174d56-9988-40ec-970b-d447ed545dfb:c4968, 3e713ff3-0d17-449f-90fa-609b20cf4c10:c4964, 34290298-343f-405c-af97-b2d19041b010:c4964]
2019-09-11 09:06:47,675 [grpc-default-executor-0] INFO  client.GrpcClientProtocolClient (GrpcClientProtocolClient.java:onNext(264)) - client-B22ED198845A->f3174d56-9988-40ec-970b-d447ed545dfb: receive RaftClientReply:client-B22ED198845A->f3174d56-9988-40ec-970b-d447ed545dfb@group-47B82E5F6106, cid=3312, SUCCESS, logIndex=0, commits[f3174d56-9988-40ec-970b-d447ed545dfb:c4970, 3e713ff3-0d17-449f-90fa-609b20cf4c10:c4968, 34290298-343f-405c-af97-b2d19041b010:c4968]
2019-09-11 09:06:47,692 [grpc-default-executor-4] INFO  client.GrpcClientProtocolClient (GrpcClientProtocolClient.java:onNext(264)) - client-B22ED198845A->f3174d56-9988-40ec-970b-d447ed545dfb: receive RaftClientReply:client-B22ED198845A->f3174d56-9988-40ec-970b-d447ed545dfb@group-47B82E5F6106, cid=3313, SUCCESS, logIndex=4971, commits[f3174d56-9988-40ec-970b-d447ed545dfb:c4972, 3e713ff3-0d17-449f-90fa-609b20cf4c10:c4970, 34290298-343f-405c-af97-b2d19041b010:c4968]
2019-09-11 09:06:47,693 [grpc-default-executor-4] INFO  client.GrpcClientProtocolClient (GrpcClientProtocolClient.java:onNext(264)) - client-B22ED198845A->f3174d56-9988-40ec-970b-d447ed545dfb: receive RaftClientReply:client-B22ED198845A->f3174d56-9988-40ec-970b-d447ed545dfb@group-47B82E5F6106, cid=3314, SUCCESS, logIndex=4972, commits[f3174d56-9988-40ec-970b-d447ed545dfb:c4972, 3e713ff3-0d17-449f-90fa-609b20cf4c10:c4970, 34290298-343f-405c-af97-b2d19041b010:c4970]
2019-09-11 09:06:47,693 [grpc-default-executor-0] INFO  client.GrpcClientProtocolClient (GrpcClientProtocolClient.java:onNext(264)) - client-B22ED198845A->f3174d56-9988-40ec-970b-d447ed545dfb: receive RaftClientReply:client-B22ED198845A->f3174d56-9988-40ec-970b-d447ed545dfb@group-47B82E5F6106, cid=3315, SUCCESS, logIndex=4973, commits[f3174d56-9988-40ec-970b-d447ed545dfb:c4974, 3e713ff3-0d17-449f-90fa-609b20cf4c10:c4970, 34290298-343f-405c-af97-b2d19041b010:c4970]
2019-09-11 09:06:47,694 [grpc-default-executor-0] INFO  client.GrpcClientProtocolClient (GrpcClientProtocolClient.java:onNext(264)) - client-B22ED198845A->f3174d56-9988-40ec-970b-d447ed545dfb: receive RaftClientReply:client-B22ED198845A->f3174d56-9988-40ec-970b-d447ed545dfb@group-47B82E5F6106, cid=3316, SUCCESS, logIndex=4974, commits[f3174d56-9988-40ec-970b-d447ed545dfb:c4974, 3e713ff3-0d17-449f-90fa-609b20cf4c10:c4970, 34290298-343f-405c-af97-b2d19041b010:c4970]
2019-09-11 09:06:47,695 [grpc-default-executor-0] INFO  client.GrpcClientProtocolClient (GrpcClientProtocolClient.java:onNext(264)) - client-B22ED198845A->f3174d56-9988-40ec-970b-d447ed545dfb: receive RaftClientReply:client-B22ED198845A->f3174d56-9988-40ec-970b-d447ed545dfb@group-47B82E5F6106, cid=3317, SUCCESS, logIndex=0, commits[f3174d56-9988-40ec-970b-d447ed545dfb:c4975, 3e713ff3-0d17-449f-90fa-609b20cf4c10:c4972, 34290298-343f-405c-af97-b2d19041b010:c4972]
2019-09-11 09:06:47,705 [grpc-default-executor-4] INFO  client.GrpcClientProtocolClient (GrpcClientProtocolClient.java:onNext(264)) - client-B22ED198845A->f3174d56-9988-40ec-970b-d447ed545dfb: receive RaftClientReply:client-B22ED198845A->f3174d56-9988-40ec-970b-d447ed545dfb@group-47B82E5F6106, cid=3318, SUCCESS, logIndex=4978, commits[f3174d56-9988-40ec-970b-d447ed545dfb:c4979, 3e713ff3-0d17-449f-90fa-609b20cf4c10:c4974, 34290298-343f-405c-af97-b2d19041b010:c4977]
2019-09-11 09:06:47,705 [grpc-default-executor-4] INFO  client.GrpcClientProtocolClient (GrpcClientProtocolClient.java:onNext(264)) - client-B22ED198845A->f3174d56-9988-40ec-970b-d447ed545dfb: receive RaftClientReply:client-B22ED198845A->f3174d56-9988-40ec-970b-d447ed545dfb@group-47B82E5F6106, cid=3319, SUCCESS, logIndex=4979, commits[f3174d56-9988-40ec-970b-d447ed545dfb:c4979, 3e713ff3-0d17-449f-90fa-609b20cf4c10:c4977, 34290298-343f-405c-af97-b2d19041b010:c4977]
2019-09-11 09:06:47,715 [grpc-default-executor-5] INFO  client.GrpcClientProtocolClient (GrpcClientProtocolClient.java:onNext(264)) - client-B22ED198845A->f3174d56-9988-40ec-970b-d447ed545dfb: receive RaftClientReply:client-B22ED198845A->f3174d56-9988-40ec-970b-d447ed545dfb@group-47B82E5F6106, cid=3320, SUCCESS, logIndex=4982, commits[f3174d56-9988-40ec-970b-d447ed545dfb:c4983, 3e713ff3-0d17-449f-90fa-609b20cf4c10:c4980, 34290298-343f-405c-af97-b2d19041b010:c4980]
2019-09-11 09:06:47,715 [grpc-default-executor-5] INFO  client.GrpcClientProtocolClient (GrpcClientProtocolClient.java:onNext(264)) - client-B22ED198845A->f3174d56-9988-40ec-970b-d447ed545dfb: receive RaftClientReply:client-B22ED198845A->f3174d56-9988-40ec-970b-d447ed545dfb@group-47B82E5F6106, cid=3321, SUCCESS, logIndex=4983, commits[f3174d56-9988-40ec-970b-d447ed545dfb:c4983, 3e713ff3-0d17-449f-90fa-609b20cf4c10:c4980, 34290298-343f-405c-af97-b2d19041b010:c4980]
2019-09-11 09:06:47,749 [grpc-default-executor-0] INFO  client.GrpcClientProtocolClient (GrpcClientProtocolClient.java:onNext(264)) - client-B22ED198845A->f3174d56-9988-40ec-970b-d447ed545dfb: receive RaftClientReply:client-B22ED198845A->f3174d56-9988-40ec-970b-d447ed545dfb@group-47B82E5F6106, cid=3322, SUCCESS, logIndex=0, commits[f3174d56-9988-40ec-970b-d447ed545dfb:c4984, 3e713ff3-0d17-449f-90fa-609b20cf4c10:c4983, 34290298-343f-405c-af97-b2d19041b010:c4983]
2019-09-11 09:06:47,778 [grpc-default-executor-4] INFO  client.GrpcClientProtocolClient (GrpcClientProtocolClient.java:onNext(264)) - client-B22ED198845A->f3174d56-9988-40ec-970b-d447ed545dfb: receive RaftClientReply:client-B22ED198845A->f3174d56-9988-40ec-970b-d447ed545dfb@group-47B82E5F6106, cid=3323, SUCCESS, logIndex=4986, commits[f3174d56-9988-40ec-970b-d447ed545dfb:c4987, 3e713ff3-0d17-449f-90fa-609b20cf4c10:c4985, 34290298-343f-405c-af97-b2d19041b010:c4985]
2019-09-11 09:06:47,778 [grpc-default-executor-4] INFO  client.GrpcClientProtocolClient (GrpcClientProtocolClient.java:onNext(264)) - client-B22ED198845A->f3174d56-9988-40ec-970b-d447ed545dfb: receive RaftClientReply:client-B22ED198845A->f3174d56-9988-40ec-970b-d447ed545dfb@group-47B82E5F6106, cid=3324, SUCCESS, logIndex=4987, commits[f3174d56-9988-40ec-970b-d447ed545dfb:c4987, 3e713ff3-0d17-449f-90fa-609b20cf4c10:c4985, 34290298-343f-405c-af97-b2d19041b010:c4985]
2019-09-11 09:06:47,780 [grpc-default-executor-5] INFO  client.GrpcClientProtocolClient (GrpcClientProtocolClient.java:onNext(264)) - client-B22ED198845A->f3174d56-9988-40ec-970b-d447ed545dfb: receive RaftClientReply:client-B22ED198845A->f3174d56-9988-40ec-970b-d447ed545dfb@group-47B82E5F6106, cid=3325, SUCCESS, logIndex=4988, commits[f3174d56-9988-40ec-970b-d447ed545dfb:c4989, 3e713ff3-0d17-449f-90fa-609b20cf4c10:c4985, 34290298-343f-405c-af97-b2d19041b010:c4985]
2019-09-11 09:06:47,781 [grpc-default-executor-5] INFO  client.GrpcClientProtocolClient (GrpcClientProtocolClient.java:onNext(264)) - client-B22ED198845A->f3174d56-9988-40ec-970b-d447ed545dfb: receive RaftClientReply:client-B22ED198845A->f3174d56-9988-40ec-970b-d447ed545dfb@group-47B82E5F6106, cid=3326, SUCCESS, logIndex=4989, commits[f3174d56-9988-40ec-970b-d447ed545dfb:c4989, 3e713ff3-0d17-449f-90fa-609b20cf4c10:c4985, 34290298-343f-405c-af97-b2d19041b010:c4985]
2019-09-11 09:06:47,792 [grpc-default-executor-5] INFO  client.GrpcClientProtocolClient (GrpcClientProtocolClient.java:onNext(264)) - client-B22ED198845A->f3174d56-9988-40ec-970b-d447ed545dfb: receive RaftClientReply:client-B22ED198845A->f3174d56-9988-40ec-970b-d447ed545dfb@group-47B82E5F6106, cid=3327, SUCCESS, logIndex=0, commits[f3174d56-9988-40ec-970b-d447ed545dfb:c4991, 3e713ff3-0d17-449f-90fa-609b20cf4c10:c4987, 34290298-343f-405c-af97-b2d19041b010:c4987]
2019-09-11 09:06:47,824 [grpc-default-executor-5] INFO  client.GrpcClientProtocolClient (GrpcClientProtocolClient.java:onNext(264)) - client-B22ED198845A->f3174d56-9988-40ec-970b-d447ed545dfb: receive RaftClientReply:client-B22ED198845A->f3174d56-9988-40ec-970b-d447ed545dfb@group-47B82E5F6106, cid=3328, SUCCESS, logIndex=4994, commits[f3174d56-9988-40ec-970b-d447ed545dfb:c4995, 3e713ff3-0d17-449f-90fa-609b20cf4c10:c4993, 34290298-343f-405c-af97-b2d19041b010:c4993]
2019-09-11 09:06:47,825 [grpc-default-executor-5] INFO  client.GrpcClientProtocolClient (GrpcClientProtocolClient.java:onNext(264)) - client-B22ED198845A->f3174d56-9988-40ec-970b-d447ed545dfb: receive RaftClientReply:client-B22ED198845A->f3174d56-9988-40ec-970b-d447ed545dfb@group-47B82E5F6106, cid=3329, SUCCESS, logIndex=4995, commits[f3174d56-9988-40ec-970b-d447ed545dfb:c4995, 3e713ff3-0d17-449f-90fa-609b20cf4c10:c4993, 34290298-343f-405c-af97-b2d19041b010:c4993]
2019-09-11 09:06:47,849 [grpc-default-executor-5] INFO  client.GrpcClientProtocolClient (GrpcClientProtocolClient.java:onNext(264)) - client-B22ED198845A->f3174d56-9988-40ec-970b-d447ed545dfb: receive RaftClientReply:client-B22ED198845A->f3174d56-9988-40ec-970b-d447ed545dfb@group-47B82E5F6106, cid=3330, SUCCESS, logIndex=4998, commits[f3174d56-9988-40ec-970b-d447ed545dfb:c4998, 3e713ff3-0d17-449f-90fa-609b20cf4c10:c4995, 34290298-343f-405c-af97-b2d19041b010:c4995]
2019-09-11 09:06:47,850 [grpc-default-executor-5] INFO  client.GrpcClientProtocolClient (GrpcClientProtocolClient.java:onNext(264)) - client-B22ED198845A->f3174d56-9988-40ec-970b-d447ed545dfb: receive RaftClientReply:client-B22ED198845A->f3174d56-9988-40ec-970b-d447ed545dfb@group-47B82E5F6106, cid=3331, SUCCESS, logIndex=4999, commits[f3174d56-9988-40ec-970b-d447ed545dfb:c4999, 3e713ff3-0d17-449f-90fa-609b20cf4c10:c4995, 34290298-343f-405c-af97-b2d19041b010:c4995]
2019-09-11 09:06:47,864 [grpc-default-executor-5] INFO  client.GrpcClientProtocolClient (GrpcClientProtocolClient.java:onNext(264)) - client-B22ED198845A->f3174d56-9988-40ec-970b-d447ed545dfb: receive RaftClientReply:client-B22ED198845A->f3174d56-9988-40ec-970b-d447ed545dfb@group-47B82E5F6106, cid=3332, SUCCESS, logIndex=0, commits[f3174d56-9988-40ec-970b-d447ed545dfb:c5001, 3e713ff3-0d17-449f-90fa-609b20cf4c10:c4999, 34290298-343f-405c-af97-b2d19041b010:c4999]
2019-09-11 09:06:47,889 [grpc-default-executor-0] INFO  client.GrpcClientProtocolClient (GrpcClientProtocolClient.java:onNext(264)) - client-B22ED198845A->f3174d56-9988-40ec-970b-d447ed545dfb: receive RaftClientReply:client-B22ED198845A->f3174d56-9988-40ec-970b-d447ed545dfb@group-47B82E5F6106, cid=3333, SUCCESS, logIndex=5002, commits[f3174d56-9988-40ec-970b-d447ed545dfb:c5004, 3e713ff3-0d17-449f-90fa-609b20cf4c10:c5001, 34290298-343f-405c-af97-b2d19041b010:c5001]
2019-09-11 09:06:47,890 [grpc-default-executor-0] INFO  client.GrpcClientProtocolClient (GrpcClientProtocolClient.java:onNext(264)) - client-B22ED198845A->f3174d56-9988-40ec-970b-d447ed545dfb: receive RaftClientReply:client-B22ED198845A->f3174d56-9988-40ec-970b-d447ed545dfb@group-47B82E5F6106, cid=3334, SUCCESS, logIndex=5003, commits[f3174d56-9988-40ec-970b-d447ed545dfb:c5005, 3e713ff3-0d17-449f-90fa-609b20cf4c10:c5001, 34290298-343f-405c-af97-b2d19041b010:c5001]
2019-09-11 09:06:47,890 [grpc-default-executor-0] INFO  client.GrpcClientProtocolClient (GrpcClientProtocolClient.java:onNext(264)) - client-B22ED198845A->f3174d56-9988-40ec-970b-d447ed545dfb: receive RaftClientReply:client-B22ED198845A->f3174d56-9988-40ec-970b-d447ed545dfb@group-47B82E5F6106, cid=3335, SUCCESS, logIndex=5004, commits[f3174d56-9988-40ec-970b-d447ed545dfb:c5005, 3e713ff3-0d17-449f-90fa-609b20cf4c10:c5001, 34290298-343f-405c-af97-b2d19041b010:c5001]
2019-09-11 09:06:47,890 [grpc-default-executor-0] INFO  client.GrpcClientProtocolClient (GrpcClientProtocolClient.java:onNext(264)) - client-B22ED198845A->f3174d56-9988-40ec-970b-d447ed545dfb: receive RaftClientReply:client-B22ED198845A->f3174d56-9988-40ec-970b-d447ed545dfb@group-47B82E5F6106, cid=3336, SUCCESS, logIndex=5005, commits[f3174d56-9988-40ec-970b-d447ed545dfb:c5005, 3e713ff3-0d17-449f-90fa-609b20cf4c10:c5001, 34290298-343f-405c-af97-b2d19041b010:c5001]
2019-09-11 09:06:47,893 [grpc-default-executor-0] INFO  client.GrpcClientProtocolClient (GrpcClientProtocolClient.java:onNext(264)) - client-B22ED198845A->f3174d56-9988-40ec-970b-d447ed545dfb: receive RaftClientReply:client-B22ED198845A->f3174d56-9988-40ec-970b-d447ed545dfb@group-47B82E5F6106, cid=3337, SUCCESS, logIndex=0, commits[f3174d56-9988-40ec-970b-d447ed545dfb:c5006, 3e713ff3-0d17-449f-90fa-609b20cf4c10:c5003, 34290298-343f-405c-af97-b2d19041b010:c5003]
2019-09-11 09:06:47,907 [grpc-default-executor-4] INFO  client.GrpcClientProtocolClient (GrpcClientProtocolClient.java:onNext(264)) - client-B22ED198845A->f3174d56-9988-40ec-970b-d447ed545dfb: receive RaftClientReply:client-B22ED198845A->f3174d56-9988-40ec-970b-d447ed545dfb@group-47B82E5F6106, cid=3338, SUCCESS, logIndex=5010, commits[f3174d56-9988-40ec-970b-d447ed545dfb:c5011, 3e713ff3-0d17-449f-90fa-609b20cf4c10:c5008, 34290298-343f-405c-af97-b2d19041b010:c5005]
2019-09-11 09:06:47,907 [grpc-default-executor-4] INFO  client.GrpcClientProtocolClient (GrpcClientProtocolClient.java:onNext(264)) - client-B22ED198845A->f3174d56-9988-40ec-970b-d447ed545dfb: receive RaftClientReply:client-B22ED198845A->f3174d56-9988-40ec-970b-d447ed545dfb@group-47B82E5F6106, cid=3339, SUCCESS, logIndex=5011, commits[f3174d56-9988-40ec-970b-d447ed545dfb:c5011, 3e713ff3-0d17-449f-90fa-609b20cf4c10:c5008, 34290298-343f-405c-af97-b2d19041b010:c5008]
2019-09-11 09:06:47,921 [grpc-default-executor-4] INFO  client.GrpcClientProtocolClient (GrpcClientProtocolClient.java:onNext(264)) - client-B22ED198845A->f3174d56-9988-40ec-970b-d447ed545dfb: receive RaftClientReply:client-B22ED198845A->f3174d56-9988-40ec-970b-d447ed545dfb@group-47B82E5F6106, cid=3340, SUCCESS, logIndex=5013, commits[f3174d56-9988-40ec-970b-d447ed545dfb:c5014, 3e713ff3-0d17-449f-90fa-609b20cf4c10:c5011, 34290298-343f-405c-af97-b2d19041b010:c5011]
2019-09-11 09:06:47,922 [grpc-default-executor-4] INFO  client.GrpcClientProtocolClient (GrpcClientProtocolClient.java:onNext(264)) - client-B22ED198845A->f3174d56-9988-40ec-970b-d447ed545dfb: receive RaftClientReply:client-B22ED198845A->f3174d56-9988-40ec-970b-d447ed545dfb@group-47B82E5F6106, cid=3341, SUCCESS, logIndex=5014, commits[f3174d56-9988-40ec-970b-d447ed545dfb:c5014, 3e713ff3-0d17-449f-90fa-609b20cf4c10:c5011, 34290298-343f-405c-af97-b2d19041b010:c5011]
2019-09-11 09:06:47,926 [grpc-default-executor-4] INFO  client.GrpcClientProtocolClient (GrpcClientProtocolClient.java:onNext(264)) - client-B22ED198845A->f3174d56-9988-40ec-970b-d447ed545dfb: receive RaftClientReply:client-B22ED198845A->f3174d56-9988-40ec-970b-d447ed545dfb@group-47B82E5F6106, cid=3342, SUCCESS, logIndex=0, commits[f3174d56-9988-40ec-970b-d447ed545dfb:c5015, 3e713ff3-0d17-449f-90fa-609b20cf4c10:c5014, 34290298-343f-405c-af97-b2d19041b010:c5014]
2019-09-11 09:06:47,944 [grpc-default-executor-0] INFO  client.GrpcClientProtocolClient (GrpcClientProtocolClient.java:onNext(264)) - client-B22ED198845A->f3174d56-9988-40ec-970b-d447ed545dfb: receive RaftClientReply:client-B22ED198845A->f3174d56-9988-40ec-970b-d447ed545dfb@group-47B82E5F6106, cid=3343, SUCCESS, logIndex=5017, commits[f3174d56-9988-40ec-970b-d447ed545dfb:c5018, 3e713ff3-0d17-449f-90fa-609b20cf4c10:c5016, 34290298-343f-405c-af97-b2d19041b010:c5014]
2019-09-11 09:06:47,945 [grpc-default-executor-0] INFO  client.GrpcClientProtocolClient (GrpcClientProtocolClient.java:onNext(264)) - client-B22ED198845A->f3174d56-9988-40ec-970b-d447ed545dfb: receive RaftClientReply:client-B22ED198845A->f3174d56-9988-40ec-970b-d447ed545dfb@group-47B82E5F6106, cid=3344, SUCCESS, logIndex=5018, commits[f3174d56-9988-40ec-970b-d447ed545dfb:c5018, 3e713ff3-0d17-449f-90fa-609b20cf4c10:c5016, 34290298-343f-405c-af97-b2d19041b010:c5016]
2019-09-11 09:06:47,945 [grpc-default-executor-0] INFO  client.GrpcClientProtocolClient (GrpcClientProtocolClient.java:onNext(264)) - client-B22ED198845A->f3174d56-9988-40ec-970b-d447ed545dfb: receive RaftClientReply:client-B22ED198845A->f3174d56-9988-40ec-970b-d447ed545dfb@group-47B82E5F6106, cid=3345, SUCCESS, logIndex=5019, commits[f3174d56-9988-40ec-970b-d447ed545dfb:c5020, 3e713ff3-0d17-449f-90fa-609b20cf4c10:c5016, 34290298-343f-405c-af97-b2d19041b010:c5016]
2019-09-11 09:06:47,945 [grpc-default-executor-0] INFO  client.GrpcClientProtocolClient (GrpcClientProtocolClient.java:onNext(264)) - client-B22ED198845A->f3174d56-9988-40ec-970b-d447ed545dfb: receive RaftClientReply:client-B22ED198845A->f3174d56-9988-40ec-970b-d447ed545dfb@group-47B82E5F6106, cid=3346, SUCCESS, logIndex=5020, commits[f3174d56-9988-40ec-970b-d447ed545dfb:c5020, 3e713ff3-0d17-449f-90fa-609b20cf4c10:c5016, 34290298-343f-405c-af97-b2d19041b010:c5016]
2019-09-11 09:06:47,946 [grpc-default-executor-0] INFO  client.GrpcClientProtocolClient (GrpcClientProtocolClient.java:onNext(264)) - client-B22ED198845A->f3174d56-9988-40ec-970b-d447ed545dfb: receive RaftClientReply:client-B22ED198845A->f3174d56-9988-40ec-970b-d447ed545dfb@group-47B82E5F6106, cid=3347, SUCCESS, logIndex=0, commits[f3174d56-9988-40ec-970b-d447ed545dfb:c5022, 3e713ff3-0d17-449f-90fa-609b20cf4c10:c5018, 34290298-343f-405c-af97-b2d19041b010:c5018]
2019-09-11 09:06:47,954 [grpc-default-executor-4] INFO  client.GrpcClientProtocolClient (GrpcClientProtocolClient.java:onNext(264)) - client-B22ED198845A->f3174d56-9988-40ec-970b-d447ed545dfb: receive RaftClientReply:client-B22ED198845A->f3174d56-9988-40ec-970b-d447ed545dfb@group-47B82E5F6106, cid=3348, SUCCESS, logIndex=5025, commits[f3174d56-9988-40ec-970b-d447ed545dfb:c5026, 3e713ff3-0d17-449f-90fa-609b20cf4c10:c5024, 34290298-343f-405c-af97-b2d19041b010:c5020]
2019-09-11 09:06:47,955 [grpc-default-executor-4] INFO  client.GrpcClientProtocolClient (GrpcClientProtocolClient.java:onNext(264)) - client-B22ED198845A->f3174d56-9988-40ec-970b-d447ed545dfb: receive RaftClientReply:client-B22ED198845A->f3174d56-9988-40ec-970b-d447ed545dfb@group-47B82E5F6106, cid=3349, SUCCESS, logIndex=5026, commits[f3174d56-9988-40ec-970b-d447ed545dfb:c5026, 3e713ff3-0d17-449f-90fa-609b20cf4c10:c5024, 34290298-343f-405c-af97-b2d19041b010:c5020]
2019-09-11 09:06:47,964 [grpc-default-executor-0] INFO  client.GrpcClientProtocolClient (GrpcClientProtocolClient.java:onNext(264)) - client-B22ED198845A->f3174d56-9988-40ec-970b-d447ed545dfb: receive RaftClientReply:client-B22ED198845A->f3174d56-9988-40ec-970b-d447ed545dfb@group-47B82E5F6106, cid=3350, SUCCESS, logIndex=5029, commits[f3174d56-9988-40ec-970b-d447ed545dfb:c5029, 3e713ff3-0d17-449f-90fa-609b20cf4c10:c5026, 34290298-343f-405c-af97-b2d19041b010:c5026]
2019-09-11 09:06:47,964 [grpc-default-executor-0] INFO  client.GrpcClientProtocolClient (GrpcClientProtocolClient.java:onNext(264)) - client-B22ED198845A->f3174d56-9988-40ec-970b-d447ed545dfb: receive RaftClientReply:client-B22ED198845A->f3174d56-9988-40ec-970b-d447ed545dfb@group-47B82E5F6106, cid=3351, SUCCESS, logIndex=5030, commits[f3174d56-9988-40ec-970b-d447ed545dfb:c5030, 3e713ff3-0d17-449f-90fa-609b20cf4c10:c5026, 34290298-343f-405c-af97-b2d19041b010:c5026]
2019-09-11 09:06:47,967 [grpc-default-executor-4] INFO  client.GrpcClientProtocolClient (GrpcClientProtocolClient.java:onNext(264)) - client-B22ED198845A->f3174d56-9988-40ec-970b-d447ed545dfb: receive RaftClientReply:client-B22ED198845A->f3174d56-9988-40ec-970b-d447ed545dfb@group-47B82E5F6106, cid=3352, SUCCESS, logIndex=0, commits[f3174d56-9988-40ec-970b-d447ed545dfb:c5030, 3e713ff3-0d17-449f-90fa-609b20cf4c10:c5030, 34290298-343f-405c-af97-b2d19041b010:c5030]
2019-09-11 09:06:47,998 [grpc-default-executor-0] INFO  client.GrpcClientProtocolClient (GrpcClientProtocolClient.java:onNext(264)) - client-B22ED198845A->f3174d56-9988-40ec-970b-d447ed545dfb: receive RaftClientReply:client-B22ED198845A->f3174d56-9988-40ec-970b-d447ed545dfb@group-47B82E5F6106, cid=3353, SUCCESS, logIndex=5033, commits[f3174d56-9988-40ec-970b-d447ed545dfb:c5035, 3e713ff3-0d17-449f-90fa-609b20cf4c10:c5032, 34290298-343f-405c-af97-b2d19041b010:c5032]
2019-09-11 09:06:48,070 [grpc-default-executor-0] INFO  client.GrpcClientProtocolClient (GrpcClientProtocolClient.java:onNext(264)) - client-B22ED198845A->f3174d56-9988-40ec-970b-d447ed545dfb: receive RaftClientReply:client-B22ED198845A->f3174d56-9988-40ec-970b-d447ed545dfb@group-47B82E5F6106, cid=3354, SUCCESS, logIndex=5034, commits[f3174d56-9988-40ec-970b-d447ed545dfb:c5036, 3e713ff3-0d17-449f-90fa-609b20cf4c10:c5032, 34290298-343f-405c-af97-b2d19041b010:c5032]
2019-09-11 09:06:48,071 [grpc-default-executor-0] INFO  client.GrpcClientProtocolClient (GrpcClientProtocolClient.java:onNext(264)) - client-B22ED198845A->f3174d56-9988-40ec-970b-d447ed545dfb: receive RaftClientReply:client-B22ED198845A->f3174d56-9988-40ec-970b-d447ed545dfb@group-47B82E5F6106, cid=3355, SUCCESS, logIndex=5035, commits[f3174d56-9988-40ec-970b-d447ed545dfb:c5036, 3e713ff3-0d17-449f-90fa-609b20cf4c10:c5032, 34290298-343f-405c-af97-b2d19041b010:c5032]
2019-09-11 09:06:48,071 [grpc-default-executor-0] INFO  client.GrpcClientProtocolClient (GrpcClientProtocolClient.java:onNext(264)) - client-B22ED198845A->f3174d56-9988-40ec-970b-d447ed545dfb: receive RaftClientReply:client-B22ED198845A->f3174d56-9988-40ec-970b-d447ed545dfb@group-47B82E5F6106, cid=3356, SUCCESS, logIndex=5036, commits[f3174d56-9988-40ec-970b-d447ed545dfb:c5036, 3e713ff3-0d17-449f-90fa-609b20cf4c10:c5032, 34290298-343f-405c-af97-b2d19041b010:c5032]
2019-09-11 09:06:48,072 [grpc-default-executor-0] INFO  client.GrpcClientProtocolClient (GrpcClientProtocolClient.java:onNext(264)) - client-B22ED198845A->f3174d56-9988-40ec-970b-d447ed545dfb: receive RaftClientReply:client-B22ED198845A->f3174d56-9988-40ec-970b-d447ed545dfb@group-47B82E5F6106, cid=3357, SUCCESS, logIndex=0, commits[f3174d56-9988-40ec-970b-d447ed545dfb:c5037, 3e713ff3-0d17-449f-90fa-609b20cf4c10:c5034, 34290298-343f-405c-af97-b2d19041b010:c5034]
2019-09-11 09:06:48,083 [grpc-default-executor-0] INFO  client.GrpcClientProtocolClient (GrpcClientProtocolClient.java:onNext(264)) - client-B22ED198845A->f3174d56-9988-40ec-970b-d447ed545dfb: receive RaftClientReply:client-B22ED198845A->f3174d56-9988-40ec-970b-d447ed545dfb@group-47B82E5F6106, cid=3358, SUCCESS, logIndex=5040, commits[f3174d56-9988-40ec-970b-d447ed545dfb:c5041, 3e713ff3-0d17-449f-90fa-609b20cf4c10:c5036, 34290298-343f-405c-af97-b2d19041b010:c5037]
2019-09-11 09:06:48,083 [grpc-default-executor-0] INFO  client.GrpcClientProtocolClient (GrpcClientProtocolClient.java:onNext(264)) - client-B22ED198845A->f3174d56-9988-40ec-970b-d447ed545dfb: receive RaftClientReply:client-B22ED198845A->f3174d56-9988-40ec-970b-d447ed545dfb@group-47B82E5F6106, cid=3359, SUCCESS, logIndex=5041, commits[f3174d56-9988-40ec-970b-d447ed545dfb:c5041, 3e713ff3-0d17-449f-90fa-609b20cf4c10:c5036, 34290298-343f-405c-af97-b2d19041b010:c5037]
2019-09-11 09:06:48,102 [grpc-default-executor-0] INFO  client.GrpcClientProtocolClient (GrpcClientProtocolClient.java:onNext(264)) - client-B22ED198845A->f3174d56-9988-40ec-970b-d447ed545dfb: receive RaftClientReply:client-B22ED198845A->f3174d56-9988-40ec-970b-d447ed545dfb@group-47B82E5F6106, cid=3360, SUCCESS, logIndex=5044, commits[f3174d56-9988-40ec-970b-d447ed545dfb:c5045, 3e713ff3-0d17-449f-90fa-609b20cf4c10:c5043, 34290298-343f-405c-af97-b2d19041b010:c5043]
2019-09-11 09:06:48,102 [grpc-default-executor-0] INFO  client.GrpcClientProtocolClient (GrpcClientProtocolClient.java:onNext(264)) - client-B22ED198845A->f3174d56-9988-40ec-970b-d447ed545dfb: receive RaftClientReply:client-B22ED198845A->f3174d56-9988-40ec-970b-d447ed545dfb@group-47B82E5F6106, cid=3361, SUCCESS, logIndex=5045, commits[f3174d56-9988-40ec-970b-d447ed545dfb:c5045, 3e713ff3-0d17-449f-90fa-609b20cf4c10:c5043, 34290298-343f-405c-af97-b2d19041b010:c5043]
2019-09-11 09:06:48,113 [grpc-default-executor-0] INFO  client.GrpcClientProtocolClient (GrpcClientProtocolClient.java:onNext(264)) - client-B22ED198845A->f3174d56-9988-40ec-970b-d447ed545dfb: receive RaftClientReply:client-B22ED198845A->f3174d56-9988-40ec-970b-d447ed545dfb@group-47B82E5F6106, cid=3362, SUCCESS, logIndex=0, commits[f3174d56-9988-40ec-970b-d447ed545dfb:c5045, 3e713ff3-0d17-449f-90fa-609b20cf4c10:c5045, 34290298-343f-405c-af97-b2d19041b010:c5045]
2019-09-11 09:06:48,139 [grpc-default-executor-0] INFO  client.GrpcClientProtocolClient (GrpcClientProtocolClient.java:onNext(264)) - client-B22ED198845A->f3174d56-9988-40ec-970b-d447ed545dfb: receive RaftClientReply:client-B22ED198845A->f3174d56-9988-40ec-970b-d447ed545dfb@group-47B82E5F6106, cid=3363, SUCCESS, logIndex=5047, commits[f3174d56-9988-40ec-970b-d447ed545dfb:c5048, 3e713ff3-0d17-449f-90fa-609b20cf4c10:c5046, 34290298-343f-405c-af97-b2d19041b010:c5046]
2019-09-11 09:06:48,140 [grpc-default-executor-4] INFO  client.GrpcClientProtocolClient (GrpcClientProtocolClient.java:onNext(264)) - client-B22ED198845A->f3174d56-9988-40ec-970b-d447ed545dfb: receive RaftClientReply:client-B22ED198845A->f3174d56-9988-40ec-970b-d447ed545dfb@group-47B82E5F6106, cid=3364, SUCCESS, logIndex=5048, commits[f3174d56-9988-40ec-970b-d447ed545dfb:c5049, 3e713ff3-0d17-449f-90fa-609b20cf4c10:c5046, 34290298-343f-405c-af97-b2d19041b010:c5046]
2019-09-11 09:06:48,140 [grpc-default-executor-4] INFO  client.GrpcClientProtocolClient (GrpcClientProtocolClient.java:onNext(264)) - client-B22ED198845A->f3174d56-9988-40ec-970b-d447ed545dfb: receive RaftClientReply:client-B22ED198845A->f3174d56-9988-40ec-970b-d447ed545dfb@group-47B82E5F6106, cid=3365, SUCCESS, logIndex=5049, commits[f3174d56-9988-40ec-970b-d447ed545dfb:c5050, 3e713ff3-0d17-449f-90fa-609b20cf4c10:c5046, 34290298-343f-405c-af97-b2d19041b010:c5046]
2019-09-11 09:06:48,140 [grpc-default-executor-4] INFO  client.GrpcClientProtocolClient (GrpcClientProtocolClient.java:onNext(264)) - client-B22ED198845A->f3174d56-9988-40ec-970b-d447ed545dfb: receive RaftClientReply:client-B22ED198845A->f3174d56-9988-40ec-970b-d447ed545dfb@group-47B82E5F6106, cid=3366, SUCCESS, logIndex=5050, commits[f3174d56-9988-40ec-970b-d447ed545dfb:c5050, 3e713ff3-0d17-449f-90fa-609b20cf4c10:c5046, 34290298-343f-405c-af97-b2d19041b010:c5046]
2019-09-11 09:06:48,154 [grpc-default-executor-0] INFO  client.GrpcClientProtocolClient (GrpcClientProtocolClient.java:onNext(264)) - client-B22ED198845A->f3174d56-9988-40ec-970b-d447ed545dfb: receive RaftClientReply:client-B22ED198845A->f3174d56-9988-40ec-970b-d447ed545dfb@group-47B82E5F6106, cid=3367, SUCCESS, logIndex=0, commits[f3174d56-9988-40ec-970b-d447ed545dfb:c5053, 3e713ff3-0d17-449f-90fa-609b20cf4c10:c5050, 34290298-343f-405c-af97-b2d19041b010:c5048]
2019-09-11 09:06:48,173 [grpc-default-executor-0] INFO  client.GrpcClientProtocolClient (GrpcClientProtocolClient.java:onNext(264)) - client-B22ED198845A->f3174d56-9988-40ec-970b-d447ed545dfb: receive RaftClientReply:client-B22ED198845A->f3174d56-9988-40ec-970b-d447ed545dfb@group-47B82E5F6106, cid=3368, SUCCESS, logIndex=5055, commits[f3174d56-9988-40ec-970b-d447ed545dfb:c5056, 3e713ff3-0d17-449f-90fa-609b20cf4c10:c5054, 34290298-343f-405c-af97-b2d19041b010:c5054]
2019-09-11 09:06:48,173 [grpc-default-executor-0] INFO  client.GrpcClientProtocolClient (GrpcClientProtocolClient.java:onNext(264)) - client-B22ED198845A->f3174d56-9988-40ec-970b-d447ed545dfb: receive RaftClientReply:client-B22ED198845A->f3174d56-9988-40ec-970b-d447ed545dfb@group-47B82E5F6106, cid=3369, SUCCESS, logIndex=5056, commits[f3174d56-9988-40ec-970b-d447ed545dfb:c5056, 3e713ff3-0d17-449f-90fa-609b20cf4c10:c5054, 34290298-343f-405c-af97-b2d19041b010:c5054]
2019-09-11 09:06:48,186 [grpc-default-executor-5] INFO  client.GrpcClientProtocolClient (GrpcClientProtocolClient.java:onNext(264)) - client-B22ED198845A->f3174d56-9988-40ec-970b-d447ed545dfb: receive RaftClientReply:client-B22ED198845A->f3174d56-9988-40ec-970b-d447ed545dfb@group-47B82E5F6106, cid=3370, SUCCESS, logIndex=5059, commits[f3174d56-9988-40ec-970b-d447ed545dfb:c5060, 3e713ff3-0d17-449f-90fa-609b20cf4c10:c5056, 34290298-343f-405c-af97-b2d19041b010:c5056]
2019-09-11 09:06:48,187 [grpc-default-executor-5] INFO  client.GrpcClientProtocolClient (GrpcClientProtocolClient.java:onNext(264)) - client-B22ED198845A->f3174d56-9988-40ec-970b-d447ed545dfb: receive RaftClientReply:client-B22ED198845A->f3174d56-9988-40ec-970b-d447ed545dfb@group-47B82E5F6106, cid=3371, SUCCESS, logIndex=5060, commits[f3174d56-9988-40ec-970b-d447ed545dfb:c5060, 3e713ff3-0d17-449f-90fa-609b20cf4c10:c5056, 34290298-343f-405c-af97-b2d19041b010:c5056]
2019-09-11 09:06:48,200 [grpc-default-executor-5] INFO  client.GrpcClientProtocolClient (GrpcClientProtocolClient.java:onNext(264)) - client-B22ED198845A->f3174d56-9988-40ec-970b-d447ed545dfb: receive RaftClientReply:client-B22ED198845A->f3174d56-9988-40ec-970b-d447ed545dfb@group-47B82E5F6106, cid=3372, SUCCESS, logIndex=0, commits[f3174d56-9988-40ec-970b-d447ed545dfb:c5062, 3e713ff3-0d17-449f-90fa-609b20cf4c10:c5060, 34290298-343f-405c-af97-b2d19041b010:c5060]
2019-09-11 09:06:48,226 [grpc-default-executor-4] INFO  client.GrpcClientProtocolClient (GrpcClientProtocolClient.java:onNext(264)) - client-B22ED198845A->f3174d56-9988-40ec-970b-d447ed545dfb: receive RaftClientReply:client-B22ED198845A->f3174d56-9988-40ec-970b-d447ed545dfb@group-47B82E5F6106, cid=3373, SUCCESS, logIndex=5063, commits[f3174d56-9988-40ec-970b-d447ed545dfb:c5064, 3e713ff3-0d17-449f-90fa-609b20cf4c10:c5062, 34290298-343f-405c-af97-b2d19041b010:c5062]
2019-09-11 09:06:48,227 [grpc-default-executor-4] INFO  client.GrpcClientProtocolClient (GrpcClientProtocolClient.java:onNext(264)) - client-B22ED198845A->f3174d56-9988-40ec-970b-d447ed545dfb: receive RaftClientReply:client-B22ED198845A->f3174d56-9988-40ec-970b-d447ed545dfb@group-47B82E5F6106, cid=3374, SUCCESS, logIndex=5064, commits[f3174d56-9988-40ec-970b-d447ed545dfb:c5064, 3e713ff3-0d17-449f-90fa-609b20cf4c10:c5062, 34290298-343f-405c-af97-b2d19041b010:c5062]
2019-09-11 09:06:48,227 [grpc-default-executor-4] INFO  client.GrpcClientProtocolClient (GrpcClientProtocolClient.java:onNext(264)) - client-B22ED198845A->f3174d56-9988-40ec-970b-d447ed545dfb: receive RaftClientReply:client-B22ED198845A->f3174d56-9988-40ec-970b-d447ed545dfb@group-47B82E5F6106, cid=3375, SUCCESS, logIndex=5065, commits[f3174d56-9988-40ec-970b-d447ed545dfb:c5066, 3e713ff3-0d17-449f-90fa-609b20cf4c10:c5062, 34290298-343f-405c-af97-b2d19041b010:c5062]
2019-09-11 09:06:48,228 [grpc-default-executor-4] INFO  client.GrpcClientProtocolClient (GrpcClientProtocolClient.java:onNext(264)) - client-B22ED198845A->f3174d56-9988-40ec-970b-d447ed545dfb: receive RaftClientReply:client-B22ED198845A->f3174d56-9988-40ec-970b-d447ed545dfb@group-47B82E5F6106, cid=3376, SUCCESS, logIndex=5066, commits[f3174d56-9988-40ec-970b-d447ed545dfb:c5066, 3e713ff3-0d17-449f-90fa-609b20cf4c10:c5062, 34290298-343f-405c-af97-b2d19041b010:c5062]
2019-09-11 09:06:48,229 [grpc-default-executor-5] INFO  client.GrpcClientProtocolClient (GrpcClientProtocolClient.java:onNext(264)) - client-B22ED198845A->f3174d56-9988-40ec-970b-d447ed545dfb: receive RaftClientReply:client-B22ED198845A->f3174d56-9988-40ec-970b-d447ed545dfb@group-47B82E5F6106, cid=3377, SUCCESS, logIndex=0, commits[f3174d56-9988-40ec-970b-d447ed545dfb:c5068, 3e713ff3-0d17-449f-90fa-609b20cf4c10:c5064, 34290298-343f-405c-af97-b2d19041b010:c5064]
2019-09-11 09:06:48,260 [grpc-default-executor-4] INFO  client.GrpcClientProtocolClient (GrpcClientProtocolClient.java:onNext(264)) - client-B22ED198845A->f3174d56-9988-40ec-970b-d447ed545dfb: receive RaftClientReply:client-B22ED198845A->f3174d56-9988-40ec-970b-d447ed545dfb@group-47B82E5F6106, cid=3378, SUCCESS, logIndex=5071, commits[f3174d56-9988-40ec-970b-d447ed545dfb:c5072, 3e713ff3-0d17-449f-90fa-609b20cf4c10:c5070, 34290298-343f-405c-af97-b2d19041b010:c5070]
2019-09-11 09:06:48,261 [grpc-default-executor-4] INFO  client.GrpcClientProtocolClient (GrpcClientProtocolClient.java:onNext(264)) - client-B22ED198845A->f3174d56-9988-40ec-970b-d447ed545dfb: receive RaftClientReply:client-B22ED198845A->f3174d56-9988-40ec-970b-d447ed545dfb@group-47B82E5F6106, cid=3379, SUCCESS, logIndex=5072, commits[f3174d56-9988-40ec-970b-d447ed545dfb:c5072, 3e713ff3-0d17-449f-90fa-609b20cf4c10:c5070, 34290298-343f-405c-af97-b2d19041b010:c5070]
2019-09-11 09:06:48,276 [grpc-default-executor-4] INFO  client.GrpcClientProtocolClient (GrpcClientProtocolClient.java:onNext(264)) - client-B22ED198845A->f3174d56-9988-40ec-970b-d447ed545dfb: receive RaftClientReply:client-B22ED198845A->f3174d56-9988-40ec-970b-d447ed545dfb@group-47B82E5F6106, cid=3380, SUCCESS, logIndex=5075, commits[f3174d56-9988-40ec-970b-d447ed545dfb:c5076, 3e713ff3-0d17-449f-90fa-609b20cf4c10:c5073, 34290298-343f-405c-af97-b2d19041b010:c5073]
2019-09-11 09:06:48,276 [grpc-default-executor-4] INFO  client.GrpcClientProtocolClient (GrpcClientProtocolClient.java:onNext(264)) - client-B22ED198845A->f3174d56-9988-40ec-970b-d447ed545dfb: receive RaftClientReply:client-B22ED198845A->f3174d56-9988-40ec-970b-d447ed545dfb@group-47B82E5F6106, cid=3381, SUCCESS, logIndex=5076, commits[f3174d56-9988-40ec-970b-d447ed545dfb:c5076, 3e713ff3-0d17-449f-90fa-609b20cf4c10:c5073, 34290298-343f-405c-af97-b2d19041b010:c5073]
2019-09-11 09:06:48,301 [grpc-default-executor-4] INFO  client.GrpcClientProtocolClient (GrpcClientProtocolClient.java:onNext(264)) - client-B22ED198845A->f3174d56-9988-40ec-970b-d447ed545dfb: receive RaftClientReply:client-B22ED198845A->f3174d56-9988-40ec-970b-d447ed545dfb@group-47B82E5F6106, cid=3382, SUCCESS, logIndex=0, commits[f3174d56-9988-40ec-970b-d447ed545dfb:c5078, 3e713ff3-0d17-449f-90fa-609b20cf4c10:c5076, 34290298-343f-405c-af97-b2d19041b010:c5076]
2019-09-11 09:06:48,333 [grpc-default-executor-2] INFO  client.GrpcClientProtocolClient (GrpcClientProtocolClient.java:onNext(264)) - client-B22ED198845A->f3174d56-9988-40ec-970b-d447ed545dfb: receive RaftClientReply:client-B22ED198845A->f3174d56-9988-40ec-970b-d447ed545dfb@group-47B82E5F6106, cid=3383, SUCCESS, logIndex=5079, commits[f3174d56-9988-40ec-970b-d447ed545dfb:c5080, 3e713ff3-0d17-449f-90fa-609b20cf4c10:c5078, 34290298-343f-405c-af97-b2d19041b010:c5078]
2019-09-11 09:06:48,333 [grpc-default-executor-2] INFO  client.GrpcClientProtocolClient (GrpcClientProtocolClient.java:onNext(264)) - client-B22ED198845A->f3174d56-9988-40ec-970b-d447ed545dfb: receive RaftClientReply:client-B22ED198845A->f3174d56-9988-40ec-970b-d447ed545dfb@group-47B82E5F6106, cid=3384, SUCCESS, logIndex=5080, commits[f3174d56-9988-40ec-970b-d447ed545dfb:c5081, 3e713ff3-0d17-449f-90fa-609b20cf4c10:c5078, 34290298-343f-405c-af97-b2d19041b010:c5078]
2019-09-11 09:06:48,334 [grpc-default-executor-2] INFO  client.GrpcClientProtocolClient (GrpcClientProtocolClient.java:onNext(264)) - client-B22ED198845A->f3174d56-9988-40ec-970b-d447ed545dfb: receive RaftClientReply:client-B22ED198845A->f3174d56-9988-40ec-970b-d447ed545dfb@group-47B82E5F6106, cid=3385, SUCCESS, logIndex=5081, commits[f3174d56-9988-40ec-970b-d447ed545dfb:c5082, 3e713ff3-0d17-449f-90fa-609b20cf4c10:c5078, 34290298-343f-405c-af97-b2d19041b010:c5078]
2019-09-11 09:06:48,334 [grpc-default-executor-0] INFO  client.GrpcClientProtocolClient (GrpcClientProtocolClient.java:onNext(264)) - client-B22ED198845A->f3174d56-9988-40ec-970b-d447ed545dfb: receive RaftClientReply:client-B22ED198845A->f3174d56-9988-40ec-970b-d447ed545dfb@group-47B82E5F6106, cid=3386, SUCCESS, logIndex=5082, commits[f3174d56-9988-40ec-970b-d447ed545dfb:c5082, 3e713ff3-0d17-449f-90fa-609b20cf4c10:c5078, 34290298-343f-405c-af97-b2d19041b010:c5078]
2019-09-11 09:06:48,347 [grpc-default-executor-0] INFO  client.GrpcClientProtocolClient (GrpcClientProtocolClient.java:onNext(264)) - client-B22ED198845A->f3174d56-9988-40ec-970b-d447ed545dfb: receive RaftClientReply:client-B22ED198845A->f3174d56-9988-40ec-970b-d447ed545dfb@group-47B82E5F6106, cid=3387, SUCCESS, logIndex=0, commits[f3174d56-9988-40ec-970b-d447ed545dfb:c5084, 3e713ff3-0d17-449f-90fa-609b20cf4c10:c5080, 34290298-343f-405c-af97-b2d19041b010:c5080]
2019-09-11 09:06:48,367 [grpc-default-executor-5] INFO  client.GrpcClientProtocolClient (GrpcClientProtocolClient.java:onNext(264)) - client-B22ED198845A->f3174d56-9988-40ec-970b-d447ed545dfb: receive RaftClientReply:client-B22ED198845A->f3174d56-9988-40ec-970b-d447ed545dfb@group-47B82E5F6106, cid=3388, SUCCESS, logIndex=5087, commits[f3174d56-9988-40ec-970b-d447ed545dfb:c5088, 3e713ff3-0d17-449f-90fa-609b20cf4c10:c5086, 34290298-343f-405c-af97-b2d19041b010:c5086]
2019-09-11 09:06:48,367 [grpc-default-executor-5] INFO  client.GrpcClientProtocolClient (GrpcClientProtocolClient.java:onNext(264)) - client-B22ED198845A->f3174d56-9988-40ec-970b-d447ed545dfb: receive RaftClientReply:client-B22ED198845A->f3174d56-9988-40ec-970b-d447ed545dfb@group-47B82E5F6106, cid=3389, SUCCESS, logIndex=5088, commits[f3174d56-9988-40ec-970b-d447ed545dfb:c5088, 3e713ff3-0d17-449f-90fa-609b20cf4c10:c5086, 34290298-343f-405c-af97-b2d19041b010:c5086]
2019-09-11 09:06:48,392 [grpc-default-executor-5] INFO  client.GrpcClientProtocolClient (GrpcClientProtocolClient.java:onNext(264)) - client-B22ED198845A->f3174d56-9988-40ec-970b-d447ed545dfb: receive RaftClientReply:client-B22ED198845A->f3174d56-9988-40ec-970b-d447ed545dfb@group-47B82E5F6106, cid=3390, SUCCESS, logIndex=5091, commits[f3174d56-9988-40ec-970b-d447ed545dfb:c5092, 3e713ff3-0d17-449f-90fa-609b20cf4c10:c5088, 34290298-343f-405c-af97-b2d19041b010:c5088]
2019-09-11 09:06:48,393 [grpc-default-executor-5] INFO  client.GrpcClientProtocolClient (GrpcClientProtocolClient.java:onNext(264)) - client-B22ED198845A->f3174d56-9988-40ec-970b-d447ed545dfb: receive RaftClientReply:client-B22ED198845A->f3174d56-9988-40ec-970b-d447ed545dfb@group-47B82E5F6106, cid=3391, SUCCESS, logIndex=5092, commits[f3174d56-9988-40ec-970b-d447ed545dfb:c5092, 3e713ff3-0d17-449f-90fa-609b20cf4c10:c5088, 34290298-343f-405c-af97-b2d19041b010:c5088]
2019-09-11 09:06:48,396 [grpc-default-executor-5] INFO  client.GrpcClientProtocolClient (GrpcClientProtocolClient.java:onNext(264)) - client-B22ED198845A->f3174d56-9988-40ec-970b-d447ed545dfb: receive RaftClientReply:client-B22ED198845A->f3174d56-9988-40ec-970b-d447ed545dfb@group-47B82E5F6106, cid=3392, SUCCESS, logIndex=0, commits[f3174d56-9988-40ec-970b-d447ed545dfb:c5093, 3e713ff3-0d17-449f-90fa-609b20cf4c10:c5092, 34290298-343f-405c-af97-b2d19041b010:c5092]
2019-09-11 09:06:48,415 [grpc-default-executor-0] INFO  client.GrpcClientProtocolClient (GrpcClientProtocolClient.java:onNext(264)) - client-B22ED198845A->f3174d56-9988-40ec-970b-d447ed545dfb: receive RaftClientReply:client-B22ED198845A->f3174d56-9988-40ec-970b-d447ed545dfb@group-47B82E5F6106, cid=3393, SUCCESS, logIndex=5095, commits[f3174d56-9988-40ec-970b-d447ed545dfb:c5096, 3e713ff3-0d17-449f-90fa-609b20cf4c10:c5094, 34290298-343f-405c-af97-b2d19041b010:c5094]
2019-09-11 09:06:48,416 [grpc-default-executor-0] INFO  client.GrpcClientProtocolClient (GrpcClientProtocolClient.java:onNext(264)) - client-B22ED198845A->f3174d56-9988-40ec-970b-d447ed545dfb: receive RaftClientReply:client-B22ED198845A->f3174d56-9988-40ec-970b-d447ed545dfb@group-47B82E5F6106, cid=3394, SUCCESS, logIndex=5096, commits[f3174d56-9988-40ec-970b-d447ed545dfb:c5096, 3e713ff3-0d17-449f-90fa-609b20cf4c10:c5094, 34290298-343f-405c-af97-b2d19041b010:c5094]
2019-09-11 09:06:48,416 [grpc-default-executor-0] INFO  client.GrpcClientProtocolClient (GrpcClientProtocolClient.java:onNext(264)) - client-B22ED198845A->f3174d56-9988-40ec-970b-d447ed545dfb: receive RaftClientReply:client-B22ED198845A->f3174d56-9988-40ec-970b-d447ed545dfb@group-47B82E5F6106, cid=3395, SUCCESS, logIndex=5097, commits[f3174d56-9988-40ec-970b-d447ed545dfb:c5098, 3e713ff3-0d17-449f-90fa-609b20cf4c10:c5094, 34290298-343f-405c-af97-b2d19041b010:c5094]
2019-09-11 09:06:48,416 [grpc-default-executor-0] INFO  client.GrpcClientProtocolClient (GrpcClientProtocolClient.java:onNext(264)) - client-B22ED198845A->f3174d56-9988-40ec-970b-d447ed545dfb: receive RaftClientReply:client-B22ED198845A->f3174d56-9988-40ec-970b-d447ed545dfb@group-47B82E5F6106, cid=3396, SUCCESS, logIndex=5098, commits[f3174d56-9988-40ec-970b-d447ed545dfb:c5098, 3e713ff3-0d17-449f-90fa-609b20cf4c10:c5094, 34290298-343f-405c-af97-b2d19041b010:c5094]
2019-09-11 09:06:48,419 [grpc-default-executor-0] INFO  client.GrpcClientProtocolClient (GrpcClientProtocolClient.java:onNext(264)) - client-B22ED198845A->f3174d56-9988-40ec-970b-d447ed545dfb: receive RaftClientReply:client-B22ED198845A->f3174d56-9988-40ec-970b-d447ed545dfb@group-47B82E5F6106, cid=3397, SUCCESS, logIndex=0, commits[f3174d56-9988-40ec-970b-d447ed545dfb:c5100, 3e713ff3-0d17-449f-90fa-609b20cf4c10:c5096, 34290298-343f-405c-af97-b2d19041b010:c5096]
2019-09-11 09:06:48,432 [grpc-default-executor-5] INFO  client.GrpcClientProtocolClient (GrpcClientProtocolClient.java:onNext(264)) - client-B22ED198845A->f3174d56-9988-40ec-970b-d447ed545dfb: receive RaftClientReply:client-B22ED198845A->f3174d56-9988-40ec-970b-d447ed545dfb@group-47B82E5F6106, cid=3398, SUCCESS, logIndex=5103, commits[f3174d56-9988-40ec-970b-d447ed545dfb:c5104, 3e713ff3-0d17-449f-90fa-609b20cf4c10:c5102, 34290298-343f-405c-af97-b2d19041b010:c5102]
2019-09-11 09:06:48,432 [grpc-default-executor-5] INFO  client.GrpcClientProtocolClient (GrpcClientProtocolClient.java:onNext(264)) - client-B22ED198845A->f3174d56-9988-40ec-970b-d447ed545dfb: receive RaftClientReply:client-B22ED198845A->f3174d56-9988-40ec-970b-d447ed545dfb@group-47B82E5F6106, cid=3399, SUCCESS, logIndex=5104, commits[f3174d56-9988-40ec-970b-d447ed545dfb:c5104, 3e713ff3-0d17-449f-90fa-609b20cf4c10:c5102, 34290298-343f-405c-af97-b2d19041b010:c5102]
2019-09-11 09:06:48,442 [grpc-default-executor-0] INFO  client.GrpcClientProtocolClient (GrpcClientProtocolClient.java:onNext(264)) - client-B22ED198845A->f3174d56-9988-40ec-970b-d447ed545dfb: receive RaftClientReply:client-B22ED198845A->f3174d56-9988-40ec-970b-d447ed545dfb@group-47B82E5F6106, cid=3400, SUCCESS, logIndex=5107, commits[f3174d56-9988-40ec-970b-d447ed545dfb:c5108, 3e713ff3-0d17-449f-90fa-609b20cf4c10:c5106, 34290298-343f-405c-af97-b2d19041b010:c5104]
2019-09-11 09:06:48,443 [grpc-default-executor-0] INFO  client.GrpcClientProtocolClient (GrpcClientProtocolClient.java:onNext(264)) - client-B22ED198845A->f3174d56-9988-40ec-970b-d447ed545dfb: receive RaftClientReply:client-B22ED198845A->f3174d56-9988-40ec-970b-d447ed545dfb@group-47B82E5F6106, cid=3401, SUCCESS, logIndex=5108, commits[f3174d56-9988-40ec-970b-d447ed545dfb:c5108, 3e713ff3-0d17-449f-90fa-609b20cf4c10:c5106, 34290298-343f-405c-af97-b2d19041b010:c5106]
2019-09-11 09:06:48,446 [grpc-default-executor-0] INFO  client.GrpcClientProtocolClient (GrpcClientProtocolClient.java:onNext(264)) - client-B22ED198845A->f3174d56-9988-40ec-970b-d447ed545dfb: receive RaftClientReply:client-B22ED198845A->f3174d56-9988-40ec-970b-d447ed545dfb@group-47B82E5F6106, cid=3402, SUCCESS, logIndex=0, commits[f3174d56-9988-40ec-970b-d447ed545dfb:c5110, 3e713ff3-0d17-449f-90fa-609b20cf4c10:c5108, 34290298-343f-405c-af97-b2d19041b010:c5108]
2019-09-11 09:06:48,464 [grpc-default-executor-5] INFO  client.GrpcClientProtocolClient (GrpcClientProtocolClient.java:onNext(264)) - client-B22ED198845A->f3174d56-9988-40ec-970b-d447ed545dfb: receive RaftClientReply:client-B22ED198845A->f3174d56-9988-40ec-970b-d447ed545dfb@group-47B82E5F6106, cid=3403, SUCCESS, logIndex=5111, commits[f3174d56-9988-40ec-970b-d447ed545dfb:c5112, 3e713ff3-0d17-449f-90fa-609b20cf4c10:c5108, 34290298-343f-405c-af97-b2d19041b010:c5110]
2019-09-11 09:06:48,464 [grpc-default-executor-5] INFO  client.GrpcClientProtocolClient (GrpcClientProtocolClient.java:onNext(264)) - client-B22ED198845A->f3174d56-9988-40ec-970b-d447ed545dfb: receive RaftClientReply:client-B22ED198845A->f3174d56-9988-40ec-970b-d447ed545dfb@group-47B82E5F6106, cid=3404, SUCCESS, logIndex=5112, commits[f3174d56-9988-40ec-970b-d447ed545dfb:c5112, 3e713ff3-0d17-449f-90fa-609b20cf4c10:c5108, 34290298-343f-405c-af97-b2d19041b010:c5110]
2019-09-11 09:06:48,467 [grpc-default-executor-0] INFO  client.GrpcClientProtocolClient (GrpcClientProtocolClient.java:onNext(264)) - client-B22ED198845A->f3174d56-9988-40ec-970b-d447ed545dfb: receive RaftClientReply:client-B22ED198845A->f3174d56-9988-40ec-970b-d447ed545dfb@group-47B82E5F6106, cid=3405, SUCCESS, logIndex=5113, commits[f3174d56-9988-40ec-970b-d447ed545dfb:c5114, 3e713ff3-0d17-449f-90fa-609b20cf4c10:c5110, 34290298-343f-405c-af97-b2d19041b010:c5110]
2019-09-11 09:06:48,467 [grpc-default-executor-0] INFO  client.GrpcClientProtocolClient (GrpcClientProtocolClient.java:onNext(264)) - client-B22ED198845A->f3174d56-9988-40ec-970b-d447ed545dfb: receive RaftClientReply:client-B22ED198845A->f3174d56-9988-40ec-970b-d447ed545dfb@group-47B82E5F6106, cid=3406, SUCCESS, logIndex=5114, commits[f3174d56-9988-40ec-970b-d447ed545dfb:c5114, 3e713ff3-0d17-449f-90fa-609b20cf4c10:c5110, 34290298-343f-405c-af97-b2d19041b010:c5110]
2019-09-11 09:06:48,468 [grpc-default-executor-0] INFO  client.GrpcClientProtocolClient (GrpcClientProtocolClient.java:onNext(264)) - client-B22ED198845A->f3174d56-9988-40ec-970b-d447ed545dfb: receive RaftClientReply:client-B22ED198845A->f3174d56-9988-40ec-970b-d447ed545dfb@group-47B82E5F6106, cid=3407, SUCCESS, logIndex=0, commits[f3174d56-9988-40ec-970b-d447ed545dfb:c5116, 3e713ff3-0d17-449f-90fa-609b20cf4c10:c5112, 34290298-343f-405c-af97-b2d19041b010:c5112]
2019-09-11 09:06:48,502 [grpc-default-executor-2] INFO  client.GrpcClientProtocolClient (GrpcClientProtocolClient.java:onNext(264)) - client-B22ED198845A->f3174d56-9988-40ec-970b-d447ed545dfb: receive RaftClientReply:client-B22ED198845A->f3174d56-9988-40ec-970b-d447ed545dfb@group-47B82E5F6106, cid=3408, SUCCESS, logIndex=5118, commits[f3174d56-9988-40ec-970b-d447ed545dfb:c5118, 3e713ff3-0d17-449f-90fa-609b20cf4c10:c5117, 34290298-343f-405c-af97-b2d19041b010:c5117]
2019-09-11 09:06:48,502 [grpc-default-executor-2] INFO  client.GrpcClientProtocolClient (GrpcClientProtocolClient.java:onNext(264)) - client-B22ED198845A->f3174d56-9988-40ec-970b-d447ed545dfb: receive RaftClientReply:client-B22ED198845A->f3174d56-9988-40ec-970b-d447ed545dfb@group-47B82E5F6106, cid=3409, SUCCESS, logIndex=5119, commits[f3174d56-9988-40ec-970b-d447ed545dfb:c5119, 3e713ff3-0d17-449f-90fa-609b20cf4c10:c5117, 34290298-343f-405c-af97-b2d19041b010:c5117]
2019-09-11 09:06:48,516 [grpc-default-executor-0] INFO  client.GrpcClientProtocolClient (GrpcClientProtocolClient.java:onNext(264)) - client-B22ED198845A->f3174d56-9988-40ec-970b-d447ed545dfb: receive RaftClientReply:client-B22ED198845A->f3174d56-9988-40ec-970b-d447ed545dfb@group-47B82E5F6106, cid=3410, SUCCESS, logIndex=5122, commits[f3174d56-9988-40ec-970b-d447ed545dfb:c5122, 3e713ff3-0d17-449f-90fa-609b20cf4c10:c5119, 34290298-343f-405c-af97-b2d19041b010:c5119]
2019-09-11 09:06:48,516 [grpc-default-executor-0] INFO  client.GrpcClientProtocolClient (GrpcClientProtocolClient.java:onNext(264)) - client-B22ED198845A->f3174d56-9988-40ec-970b-d447ed545dfb: receive RaftClientReply:client-B22ED198845A->f3174d56-9988-40ec-970b-d447ed545dfb@group-47B82E5F6106, cid=3411, SUCCESS, logIndex=5123, commits[f3174d56-9988-40ec-970b-d447ed545dfb:c5123, 3e713ff3-0d17-449f-90fa-609b20cf4c10:c5119, 34290298-343f-405c-af97-b2d19041b010:c5119]
2019-09-11 09:06:48,530 [grpc-default-executor-0] INFO  client.GrpcClientProtocolClient (GrpcClientProtocolClient.java:onNext(264)) - client-B22ED198845A->f3174d56-9988-40ec-970b-d447ed545dfb: receive RaftClientReply:client-B22ED198845A->f3174d56-9988-40ec-970b-d447ed545dfb@group-47B82E5F6106, cid=3412, SUCCESS, logIndex=0, commits[f3174d56-9988-40ec-970b-d447ed545dfb:c5125, 3e713ff3-0d17-449f-90fa-609b20cf4c10:c5123, 34290298-343f-405c-af97-b2d19041b010:c5123]
2019-09-11 09:06:48,559 [grpc-default-executor-0] INFO  client.GrpcClientProtocolClient (GrpcClientProtocolClient.java:onNext(264)) - client-B22ED198845A->f3174d56-9988-40ec-970b-d447ed545dfb: receive RaftClientReply:client-B22ED198845A->f3174d56-9988-40ec-970b-d447ed545dfb@group-47B82E5F6106, cid=3413, SUCCESS, logIndex=5126, commits[f3174d56-9988-40ec-970b-d447ed545dfb:c5127, 3e713ff3-0d17-449f-90fa-609b20cf4c10:c5125, 34290298-343f-405c-af97-b2d19041b010:c5125]
2019-09-11 09:06:48,559 [grpc-default-executor-0] INFO  client.GrpcClientProtocolClient (GrpcClientProtocolClient.java:onNext(264)) - client-B22ED198845A->f3174d56-9988-40ec-970b-d447ed545dfb: receive RaftClientReply:client-B22ED198845A->f3174d56-9988-40ec-970b-d447ed545dfb@group-47B82E5F6106, cid=3414, SUCCESS, logIndex=5127, commits[f3174d56-9988-40ec-970b-d447ed545dfb:c5127, 3e713ff3-0d17-449f-90fa-609b20cf4c10:c5125, 34290298-343f-405c-af97-b2d19041b010:c5125]
2019-09-11 09:06:48,570 [grpc-default-executor-4] INFO  client.GrpcClientProtocolClient (GrpcClientProtocolClient.java:onNext(264)) - client-B22ED198845A->f3174d56-9988-40ec-970b-d447ed545dfb: receive RaftClientReply:client-B22ED198845A->f3174d56-9988-40ec-970b-d447ed545dfb@group-47B82E5F6106, cid=3415, SUCCESS, logIndex=5128, commits[f3174d56-9988-40ec-970b-d447ed545dfb:c5128, 3e713ff3-0d17-449f-90fa-609b20cf4c10:c5125, 34290298-343f-405c-af97-b2d19041b010:c5125]
2019-09-11 09:06:48,570 [grpc-default-executor-4] INFO  client.GrpcClientProtocolClient (GrpcClientProtocolClient.java:onNext(264)) - client-B22ED198845A->f3174d56-9988-40ec-970b-d447ed545dfb: receive RaftClientReply:client-B22ED198845A->f3174d56-9988-40ec-970b-d447ed545dfb@group-47B82E5F6106, cid=3416, SUCCESS, logIndex=5129, commits[f3174d56-9988-40ec-970b-d447ed545dfb:c5129, 3e713ff3-0d17-449f-90fa-609b20cf4c10:c5125, 34290298-343f-405c-af97-b2d19041b010:c5125]
2019-09-11 09:06:48,573 [grpc-default-executor-0] INFO  client.GrpcClientProtocolClient (GrpcClientProtocolClient.java:onNext(264)) - client-B22ED198845A->f3174d56-9988-40ec-970b-d447ed545dfb: receive RaftClientReply:client-B22ED198845A->f3174d56-9988-40ec-970b-d447ed545dfb@group-47B82E5F6106, cid=3417, SUCCESS, logIndex=0, commits[f3174d56-9988-40ec-970b-d447ed545dfb:c5131, 3e713ff3-0d17-449f-90fa-609b20cf4c10:c5127, 34290298-343f-405c-af97-b2d19041b010:c5127]
2019-09-11 09:06:48,587 [grpc-default-executor-0] INFO  client.GrpcClientProtocolClient (GrpcClientProtocolClient.java:onNext(264)) - client-B22ED198845A->f3174d56-9988-40ec-970b-d447ed545dfb: receive RaftClientReply:client-B22ED198845A->f3174d56-9988-40ec-970b-d447ed545dfb@group-47B82E5F6106, cid=3418, SUCCESS, logIndex=5134, commits[f3174d56-9988-40ec-970b-d447ed545dfb:c5135, 3e713ff3-0d17-449f-90fa-609b20cf4c10:c5131, 34290298-343f-405c-af97-b2d19041b010:c5131]
2019-09-11 09:06:48,587 [grpc-default-executor-0] INFO  client.GrpcClientProtocolClient (GrpcClientProtocolClient.java:onNext(264)) - client-B22ED198845A->f3174d56-9988-40ec-970b-d447ed545dfb: receive RaftClientReply:client-B22ED198845A->f3174d56-9988-40ec-970b-d447ed545dfb@group-47B82E5F6106, cid=3419, SUCCESS, logIndex=5135, commits[f3174d56-9988-40ec-970b-d447ed545dfb:c5135, 3e713ff3-0d17-449f-90fa-609b20cf4c10:c5131, 34290298-343f-405c-af97-b2d19041b010:c5131]
 0.00% |█                                                                                                    |  0/1 Time: 0:00:282019-09-11 09:06:48,613 [grpc-default-executor-2] INFO  client.GrpcClientProtocolClient (GrpcClientProtocolClient.java:onNext(264)) - client-B22ED198845A->f3174d56-9988-40ec-970b-d447ed545dfb: receive RaftClientReply:client-B22ED198845A->f3174d56-9988-40ec-970b-d447ed545dfb@group-47B82E5F6106, cid=3420, SUCCESS, logIndex=5137, commits[f3174d56-9988-40ec-970b-d447ed545dfb:c5137, 3e713ff3-0d17-449f-90fa-609b20cf4c10:c5135, 34290298-343f-405c-af97-b2d19041b010:c5135]
2019-09-11 09:06:48,614 [grpc-default-executor-2] INFO  client.GrpcClientProtocolClient (GrpcClientProtocolClient.java:onNext(264)) - client-B22ED198845A->f3174d56-9988-40ec-970b-d447ed545dfb: receive RaftClientReply:client-B22ED198845A->f3174d56-9988-40ec-970b-d447ed545dfb@group-47B82E5F6106, cid=3421, SUCCESS, logIndex=5138, commits[f3174d56-9988-40ec-970b-d447ed545dfb:c5138, 3e713ff3-0d17-449f-90fa-609b20cf4c10:c5135, 34290298-343f-405c-af97-b2d19041b010:c5135]
2019-09-11 09:06:48,627 [grpc-default-executor-2] INFO  client.GrpcClientProtocolClient (GrpcClientProtocolClient.java:onNext(264)) - client-B22ED198845A->f3174d56-9988-40ec-970b-d447ed545dfb: receive RaftClientReply:client-B22ED198845A->f3174d56-9988-40ec-970b-d447ed545dfb@group-47B82E5F6106, cid=3422, SUCCESS, logIndex=0, commits[f3174d56-9988-40ec-970b-d447ed545dfb:c5140, 3e713ff3-0d17-449f-90fa-609b20cf4c10:c5138, 34290298-343f-405c-af97-b2d19041b010:c5138]
2019-09-11 09:06:48,654 [grpc-default-executor-4] INFO  client.GrpcClientProtocolClient (GrpcClientProtocolClient.java:onNext(264)) - client-B22ED198845A->f3174d56-9988-40ec-970b-d447ed545dfb: receive RaftClientReply:client-B22ED198845A->f3174d56-9988-40ec-970b-d447ed545dfb@group-47B82E5F6106, cid=3423, SUCCESS, logIndex=5141, commits[f3174d56-9988-40ec-970b-d447ed545dfb:c5141, 3e713ff3-0d17-449f-90fa-609b20cf4c10:c5140, 34290298-343f-405c-af97-b2d19041b010:c5140]
2019-09-11 09:06:48,654 [grpc-default-executor-4] INFO  client.GrpcClientProtocolClient (GrpcClientProtocolClient.java:onNext(264)) - client-B22ED198845A->f3174d56-9988-40ec-970b-d447ed545dfb: receive RaftClientReply:client-B22ED198845A->f3174d56-9988-40ec-970b-d447ed545dfb@group-47B82E5F6106, cid=3424, SUCCESS, logIndex=5142, commits[f3174d56-9988-40ec-970b-d447ed545dfb:c5142, 3e713ff3-0d17-449f-90fa-609b20cf4c10:c5140, 34290298-343f-405c-af97-b2d19041b010:c5140]
2019-09-11 09:06:48,654 [grpc-default-executor-4] INFO  client.GrpcClientProtocolClient (GrpcClientProtocolClient.java:onNext(264)) - client-B22ED198845A->f3174d56-9988-40ec-970b-d447ed545dfb: receive RaftClientReply:client-B22ED198845A->f3174d56-9988-40ec-970b-d447ed545dfb@group-47B82E5F6106, cid=3425, SUCCESS, logIndex=5143, commits[f3174d56-9988-40ec-970b-d447ed545dfb:c5144, 3e713ff3-0d17-449f-90fa-609b20cf4c10:c5140, 34290298-343f-405c-af97-b2d19041b010:c5140]
2019-09-11 09:06:48,655 [grpc-default-executor-4] INFO  client.GrpcClientProtocolClient (GrpcClientProtocolClient.java:onNext(264)) - client-B22ED198845A->f3174d56-9988-40ec-970b-d447ed545dfb: receive RaftClientReply:client-B22ED198845A->f3174d56-9988-40ec-970b-d447ed545dfb@group-47B82E5F6106, cid=3426, SUCCESS, logIndex=5144, commits[f3174d56-9988-40ec-970b-d447ed545dfb:c5144, 3e713ff3-0d17-449f-90fa-609b20cf4c10:c5140, 34290298-343f-405c-af97-b2d19041b010:c5140]
2019-09-11 09:06:48,668 [grpc-default-executor-4] INFO  client.GrpcClientProtocolClient (GrpcClientProtocolClient.java:onNext(264)) - client-B22ED198845A->f3174d56-9988-40ec-970b-d447ed545dfb: receive RaftClientReply:client-B22ED198845A->f3174d56-9988-40ec-970b-d447ed545dfb@group-47B82E5F6106, cid=3427, SUCCESS, logIndex=0, commits[f3174d56-9988-40ec-970b-d447ed545dfb:c5147, 3e713ff3-0d17-449f-90fa-609b20cf4c10:c5144, 34290298-343f-405c-af97-b2d19041b010:c5142]
2019-09-11 09:06:48,677 [grpc-default-executor-4] INFO  client.GrpcClientProtocolClient (GrpcClientProtocolClient.java:onNext(264)) - client-B22ED198845A->f3174d56-9988-40ec-970b-d447ed545dfb: receive RaftClientReply:client-B22ED198845A->f3174d56-9988-40ec-970b-d447ed545dfb@group-47B82E5F6106, cid=3428, SUCCESS, logIndex=5148, commits[f3174d56-9988-40ec-970b-d447ed545dfb:c5149, 3e713ff3-0d17-449f-90fa-609b20cf4c10:c5144, 34290298-343f-405c-af97-b2d19041b010:c5147]
2019-09-11 09:06:48,678 [grpc-default-executor-4] INFO  client.GrpcClientProtocolClient (GrpcClientProtocolClient.java:onNext(264)) - client-B22ED198845A->f3174d56-9988-40ec-970b-d447ed545dfb: receive RaftClientReply:client-B22ED198845A->f3174d56-9988-40ec-970b-d447ed545dfb@group-47B82E5F6106, cid=3429, SUCCESS, logIndex=5149, commits[f3174d56-9988-40ec-970b-d447ed545dfb:c5149, 3e713ff3-0d17-449f-90fa-609b20cf4c10:c5147, 34290298-343f-405c-af97-b2d19041b010:c5147]
2019-09-11 09:06:48,694 [grpc-default-executor-5] INFO  client.GrpcClientProtocolClient (GrpcClientProtocolClient.java:onNext(264)) - client-B22ED198845A->f3174d56-9988-40ec-970b-d447ed545dfb: receive RaftClientReply:client-B22ED198845A->f3174d56-9988-40ec-970b-d447ed545dfb@group-47B82E5F6106, cid=3430, SUCCESS, logIndex=5152, commits[f3174d56-9988-40ec-970b-d447ed545dfb:c5153, 3e713ff3-0d17-449f-90fa-609b20cf4c10:c5151, 34290298-343f-405c-af97-b2d19041b010:c5151]
2019-09-11 09:06:48,694 [grpc-default-executor-5] INFO  client.GrpcClientProtocolClient (GrpcClientProtocolClient.java:onNext(264)) - client-B22ED198845A->f3174d56-9988-40ec-970b-d447ed545dfb: receive RaftClientReply:client-B22ED198845A->f3174d56-9988-40ec-970b-d447ed545dfb@group-47B82E5F6106, cid=3431, SUCCESS, logIndex=5153, commits[f3174d56-9988-40ec-970b-d447ed545dfb:c5153, 3e713ff3-0d17-449f-90fa-609b20cf4c10:c5151, 34290298-343f-405c-af97-b2d19041b010:c5151]
2019-09-11 09:06:48,698 [grpc-default-executor-5] INFO  client.GrpcClientProtocolClient (GrpcClientProtocolClient.java:onNext(264)) - client-B22ED198845A->f3174d56-9988-40ec-970b-d447ed545dfb: receive RaftClientReply:client-B22ED198845A->f3174d56-9988-40ec-970b-d447ed545dfb@group-47B82E5F6106, cid=3432, SUCCESS, logIndex=0, commits[f3174d56-9988-40ec-970b-d447ed545dfb:c5155, 3e713ff3-0d17-449f-90fa-609b20cf4c10:c5153, 34290298-343f-405c-af97-b2d19041b010:c5153]
2019-09-11 09:06:48,717 [grpc-default-executor-4] INFO  client.GrpcClientProtocolClient (GrpcClientProtocolClient.java:onNext(264)) - client-B22ED198845A->f3174d56-9988-40ec-970b-d447ed545dfb: receive RaftClientReply:client-B22ED198845A->f3174d56-9988-40ec-970b-d447ed545dfb@group-47B82E5F6106, cid=3433, SUCCESS, logIndex=5156, commits[f3174d56-9988-40ec-970b-d447ed545dfb:c5157, 3e713ff3-0d17-449f-90fa-609b20cf4c10:c5155, 34290298-343f-405c-af97-b2d19041b010:c5155]
2019-09-11 09:06:48,717 [grpc-default-executor-2] INFO  client.GrpcClientProtocolClient (GrpcClientProtocolClient.java:onNext(264)) - client-B22ED198845A->f3174d56-9988-40ec-970b-d447ed545dfb: receive RaftClientReply:client-B22ED198845A->f3174d56-9988-40ec-970b-d447ed545dfb@group-47B82E5F6106, cid=3434, SUCCESS, logIndex=5157, commits[f3174d56-9988-40ec-970b-d447ed545dfb:c5158, 3e713ff3-0d17-449f-90fa-609b20cf4c10:c5155, 34290298-343f-405c-af97-b2d19041b010:c5155]
2019-09-11 09:06:48,718 [grpc-default-executor-2] INFO  client.GrpcClientProtocolClient (GrpcClientProtocolClient.java:onNext(264)) - client-B22ED198845A->f3174d56-9988-40ec-970b-d447ed545dfb: receive RaftClientReply:client-B22ED198845A->f3174d56-9988-40ec-970b-d447ed545dfb@group-47B82E5F6106, cid=3435, SUCCESS, logIndex=5158, commits[f3174d56-9988-40ec-970b-d447ed545dfb:c5159, 3e713ff3-0d17-449f-90fa-609b20cf4c10:c5155, 34290298-343f-405c-af97-b2d19041b010:c5155]
2019-09-11 09:06:48,718 [grpc-default-executor-2] INFO  client.GrpcClientProtocolClient (GrpcClientProtocolClient.java:onNext(264)) - client-B22ED198845A->f3174d56-9988-40ec-970b-d447ed545dfb: receive RaftClientReply:client-B22ED198845A->f3174d56-9988-40ec-970b-d447ed545dfb@group-47B82E5F6106, cid=3436, SUCCESS, logIndex=5159, commits[f3174d56-9988-40ec-970b-d447ed545dfb:c5159, 3e713ff3-0d17-449f-90fa-609b20cf4c10:c5155, 34290298-343f-405c-af97-b2d19041b010:c5155]
2019-09-11 09:06:48,719 [grpc-default-executor-4] INFO  client.GrpcClientProtocolClient (GrpcClientProtocolClient.java:onNext(264)) - client-B22ED198845A->f3174d56-9988-40ec-970b-d447ed545dfb: receive RaftClientReply:client-B22ED198845A->f3174d56-9988-40ec-970b-d447ed545dfb@group-47B82E5F6106, cid=3437, SUCCESS, logIndex=0, commits[f3174d56-9988-40ec-970b-d447ed545dfb:c5160, 3e713ff3-0d17-449f-90fa-609b20cf4c10:c5157, 34290298-343f-405c-af97-b2d19041b010:c5157]
2019-09-11 09:06:48,743 [grpc-default-executor-2] INFO  client.GrpcClientProtocolClient (GrpcClientProtocolClient.java:onNext(264)) - client-B22ED198845A->f3174d56-9988-40ec-970b-d447ed545dfb: receive RaftClientReply:client-B22ED198845A->f3174d56-9988-40ec-970b-d447ed545dfb@group-47B82E5F6106, cid=3438, SUCCESS, logIndex=5164, commits[f3174d56-9988-40ec-970b-d447ed545dfb:c5164, 3e713ff3-0d17-449f-90fa-609b20cf4c10:c5163, 34290298-343f-405c-af97-b2d19041b010:c5163]
2019-09-11 09:06:48,743 [grpc-default-executor-2] INFO  client.GrpcClientProtocolClient (GrpcClientProtocolClient.java:onNext(264)) - client-B22ED198845A->f3174d56-9988-40ec-970b-d447ed545dfb: receive RaftClientReply:client-B22ED198845A->f3174d56-9988-40ec-970b-d447ed545dfb@group-47B82E5F6106, cid=3439, SUCCESS, logIndex=5165, commits[f3174d56-9988-40ec-970b-d447ed545dfb:c5165, 3e713ff3-0d17-449f-90fa-609b20cf4c10:c5163, 34290298-343f-405c-af97-b2d19041b010:c5163]
2019-09-11 09:06:48,758 [grpc-default-executor-2] INFO  client.GrpcClientProtocolClient (GrpcClientProtocolClient.java:onNext(264)) - client-B22ED198845A->f3174d56-9988-40ec-970b-d447ed545dfb: receive RaftClientReply:client-B22ED198845A->f3174d56-9988-40ec-970b-d447ed545dfb@group-47B82E5F6106, cid=3440, SUCCESS, logIndex=5168, commits[f3174d56-9988-40ec-970b-d447ed545dfb:c5169, 3e713ff3-0d17-449f-90fa-609b20cf4c10:c5165, 34290298-343f-405c-af97-b2d19041b010:c5165]
2019-09-11 09:06:48,758 [grpc-default-executor-2] INFO  client.GrpcClientProtocolClient (GrpcClientProtocolClient.java:onNext(264)) - client-B22ED198845A->f3174d56-9988-40ec-970b-d447ed545dfb: receive RaftClientReply:client-B22ED198845A->f3174d56-9988-40ec-970b-d447ed545dfb@group-47B82E5F6106, cid=3441, SUCCESS, logIndex=5169, commits[f3174d56-9988-40ec-970b-d447ed545dfb:c5169, 3e713ff3-0d17-449f-90fa-609b20cf4c10:c5165, 34290298-343f-405c-af97-b2d19041b010:c5165]
2019-09-11 09:06:48,771 [grpc-default-executor-5] INFO  client.GrpcClientProtocolClient (GrpcClientProtocolClient.java:onNext(264)) - client-B22ED198845A->f3174d56-9988-40ec-970b-d447ed545dfb: receive RaftClientReply:client-B22ED198845A->f3174d56-9988-40ec-970b-d447ed545dfb@group-47B82E5F6106, cid=3442, SUCCESS, logIndex=0, commits[f3174d56-9988-40ec-970b-d447ed545dfb:c5171, 3e713ff3-0d17-449f-90fa-609b20cf4c10:c5169, 34290298-343f-405c-af97-b2d19041b010:c5169]
2019-09-11 09:06:48,797 [grpc-default-executor-2] INFO  client.GrpcClientProtocolClient (GrpcClientProtocolClient.java:onNext(264)) - client-B22ED198845A->f3174d56-9988-40ec-970b-d447ed545dfb: receive RaftClientReply:client-B22ED198845A->f3174d56-9988-40ec-970b-d447ed545dfb@group-47B82E5F6106, cid=3443, SUCCESS, logIndex=5172, commits[f3174d56-9988-40ec-970b-d447ed545dfb:c5174, 3e713ff3-0d17-449f-90fa-609b20cf4c10:c5171, 34290298-343f-405c-af97-b2d19041b010:c5171]
2019-09-11 09:06:48,798 [grpc-default-executor-2] INFO  client.GrpcClientProtocolClient (GrpcClientProtocolClient.java:onNext(264)) - client-B22ED198845A->f3174d56-9988-40ec-970b-d447ed545dfb: receive RaftClientReply:client-B22ED198845A->f3174d56-9988-40ec-970b-d447ed545dfb@group-47B82E5F6106, cid=3444, SUCCESS, logIndex=5173, commits[f3174d56-9988-40ec-970b-d447ed545dfb:c5175, 3e713ff3-0d17-449f-90fa-609b20cf4c10:c5171, 34290298-343f-405c-af97-b2d19041b010:c5171]
2019-09-11 09:06:48,798 [grpc-default-executor-2] INFO  client.GrpcClientProtocolClient (GrpcClientProtocolClient.java:onNext(264)) - client-B22ED198845A->f3174d56-9988-40ec-970b-d447ed545dfb: receive RaftClientReply:client-B22ED198845A->f3174d56-9988-40ec-970b-d447ed545dfb@group-47B82E5F6106, cid=3445, SUCCESS, logIndex=5174, commits[f3174d56-9988-40ec-970b-d447ed545dfb:c5175, 3e713ff3-0d17-449f-90fa-609b20cf4c10:c5171, 34290298-343f-405c-af97-b2d19041b010:c5171]
2019-09-11 09:06:48,798 [grpc-default-executor-2] INFO  client.GrpcClientProtocolClient (GrpcClientProtocolClient.java:onNext(264)) - client-B22ED198845A->f3174d56-9988-40ec-970b-d447ed545dfb: receive RaftClientReply:client-B22ED198845A->f3174d56-9988-40ec-970b-d447ed545dfb@group-47B82E5F6106, cid=3446, SUCCESS, logIndex=5175, commits[f3174d56-9988-40ec-970b-d447ed545dfb:c5175, 3e713ff3-0d17-449f-90fa-609b20cf4c10:c5171, 34290298-343f-405c-af97-b2d19041b010:c5171]
2019-09-11 09:06:48,812 [grpc-default-executor-2] INFO  client.GrpcClientProtocolClient (GrpcClientProtocolClient.java:onNext(264)) - client-B22ED198845A->f3174d56-9988-40ec-970b-d447ed545dfb: receive RaftClientReply:client-B22ED198845A->f3174d56-9988-40ec-970b-d447ed545dfb@group-47B82E5F6106, cid=3447, SUCCESS, logIndex=0, commits[f3174d56-9988-40ec-970b-d447ed545dfb:c5178, 3e713ff3-0d17-449f-90fa-609b20cf4c10:c5173, 34290298-343f-405c-af97-b2d19041b010:c5174]
2019-09-11 09:06:48,931 [grpc-default-executor-4] INFO  client.GrpcClientProtocolClient (GrpcClientProtocolClient.java:onNext(264)) - client-B22ED198845A->f3174d56-9988-40ec-970b-d447ed545dfb: receive RaftClientReply:client-B22ED198845A->f3174d56-9988-40ec-970b-d447ed545dfb@group-47B82E5F6106, cid=3448, SUCCESS, logIndex=5180, commits[f3174d56-9988-40ec-970b-d447ed545dfb:c5181, 3e713ff3-0d17-449f-90fa-609b20cf4c10:c5179, 34290298-343f-405c-af97-b2d19041b010:c5179]
2019-09-11 09:06:48,932 [grpc-default-executor-4] INFO  client.GrpcClientProtocolClient (GrpcClientProtocolClient.java:onNext(264)) - client-B22ED198845A->f3174d56-9988-40ec-970b-d447ed545dfb: receive RaftClientReply:client-B22ED198845A->f3174d56-9988-40ec-970b-d447ed545dfb@group-47B82E5F6106, cid=3449, SUCCESS, logIndex=5181, commits[f3174d56-9988-40ec-970b-d447ed545dfb:c5181, 3e713ff3-0d17-449f-90fa-609b20cf4c10:c5179, 34290298-343f-405c-af97-b2d19041b010:c5179]
2019-09-11 09:06:48,947 [grpc-default-executor-2] INFO  client.GrpcClientProtocolClient (GrpcClientProtocolClient.java:onNext(264)) - client-B22ED198845A->f3174d56-9988-40ec-970b-d447ed545dfb: receive RaftClientReply:client-B22ED198845A->f3174d56-9988-40ec-970b-d447ed545dfb@group-47B82E5F6106, cid=3450, SUCCESS, logIndex=5184, commits[f3174d56-9988-40ec-970b-d447ed545dfb:c5185, 3e713ff3-0d17-449f-90fa-609b20cf4c10:c5181, 34290298-343f-405c-af97-b2d19041b010:c5182]
2019-09-11 09:06:48,948 [grpc-default-executor-2] INFO  client.GrpcClientProtocolClient (GrpcClientProtocolClient.java:onNext(264)) - client-B22ED198845A->f3174d56-9988-40ec-970b-d447ed545dfb: receive RaftClientReply:client-B22ED198845A->f3174d56-9988-40ec-970b-d447ed545dfb@group-47B82E5F6106, cid=3451, SUCCESS, logIndex=5185, commits[f3174d56-9988-40ec-970b-d447ed545dfb:c5185, 3e713ff3-0d17-449f-90fa-609b20cf4c10:c5182, 34290298-343f-405c-af97-b2d19041b010:c5182]
2019-09-11 09:06:48,962 [grpc-default-executor-4] INFO  client.GrpcClientProtocolClient (GrpcClientProtocolClient.java:onNext(264)) - client-B22ED198845A->f3174d56-9988-40ec-970b-d447ed545dfb: receive RaftClientReply:client-B22ED198845A->f3174d56-9988-40ec-970b-d447ed545dfb@group-47B82E5F6106, cid=3452, SUCCESS, logIndex=0, commits[f3174d56-9988-40ec-970b-d447ed545dfb:c5187, 3e713ff3-0d17-449f-90fa-609b20cf4c10:c5185, 34290298-343f-405c-af97-b2d19041b010:c5185]
2019-09-11 09:06:48,990 [grpc-default-executor-5] INFO  client.GrpcClientProtocolClient (GrpcClientProtocolClient.java:onNext(264)) - client-B22ED198845A->f3174d56-9988-40ec-970b-d447ed545dfb: receive RaftClientReply:client-B22ED198845A->f3174d56-9988-40ec-970b-d447ed545dfb@group-47B82E5F6106, cid=3453, SUCCESS, logIndex=5188, commits[f3174d56-9988-40ec-970b-d447ed545dfb:c5189, 3e713ff3-0d17-449f-90fa-609b20cf4c10:c5187, 34290298-343f-405c-af97-b2d19041b010:c5187]
2019-09-11 09:06:48,991 [grpc-default-executor-5] INFO  client.GrpcClientProtocolClient (GrpcClientProtocolClient.java:onNext(264)) - client-B22ED198845A->f3174d56-9988-40ec-970b-d447ed545dfb: receive RaftClientReply:client-B22ED198845A->f3174d56-9988-40ec-970b-d447ed545dfb@group-47B82E5F6106, cid=3454, SUCCESS, logIndex=5189, commits[f3174d56-9988-40ec-970b-d447ed545dfb:c5191, 3e713ff3-0d17-449f-90fa-609b20cf4c10:c5187, 34290298-343f-405c-af97-b2d19041b010:c5187]
2019-09-11 09:06:48,991 [grpc-default-executor-5] INFO  client.GrpcClientProtocolClient (GrpcClientProtocolClient.java:onNext(264)) - client-B22ED198845A->f3174d56-9988-40ec-970b-d447ed545dfb: receive RaftClientReply:client-B22ED198845A->f3174d56-9988-40ec-970b-d447ed545dfb@group-47B82E5F6106, cid=3455, SUCCESS, logIndex=5190, commits[f3174d56-9988-40ec-970b-d447ed545dfb:c5191, 3e713ff3-0d17-449f-90fa-609b20cf4c10:c5187, 34290298-343f-405c-af97-b2d19041b010:c5187]
2019-09-11 09:06:48,991 [grpc-default-executor-0] INFO  client.GrpcClientProtocolClient (GrpcClientProtocolClient.java:onNext(264)) - client-B22ED198845A->f3174d56-9988-40ec-970b-d447ed545dfb: receive RaftClientReply:client-B22ED198845A->f3174d56-9988-40ec-970b-d447ed545dfb@group-47B82E5F6106, cid=3456, SUCCESS, logIndex=5191, commits[f3174d56-9988-40ec-970b-d447ed545dfb:c5191, 3e713ff3-0d17-449f-90fa-609b20cf4c10:c5187, 34290298-343f-405c-af97-b2d19041b010:c5187]
2019-09-11 09:06:48,992 [grpc-default-executor-0] INFO  client.GrpcClientProtocolClient (GrpcClientProtocolClient.java:onNext(264)) - client-B22ED198845A->f3174d56-9988-40ec-970b-d447ed545dfb: receive RaftClientReply:client-B22ED198845A->f3174d56-9988-40ec-970b-d447ed545dfb@group-47B82E5F6106, cid=3457, SUCCESS, logIndex=0, commits[f3174d56-9988-40ec-970b-d447ed545dfb:c5193, 3e713ff3-0d17-449f-90fa-609b20cf4c10:c5189, 34290298-343f-405c-af97-b2d19041b010:c5189]
2019-09-11 09:06:49,018 [grpc-default-executor-5] INFO  client.GrpcClientProtocolClient (GrpcClientProtocolClient.java:onNext(264)) - client-B22ED198845A->f3174d56-9988-40ec-970b-d447ed545dfb: receive RaftClientReply:client-B22ED198845A->f3174d56-9988-40ec-970b-d447ed545dfb@group-47B82E5F6106, cid=3458, SUCCESS, logIndex=5195, commits[f3174d56-9988-40ec-970b-d447ed545dfb:c5196, 3e713ff3-0d17-449f-90fa-609b20cf4c10:c5194, 34290298-343f-405c-af97-b2d19041b010:c5194]
2019-09-11 09:06:49,018 [grpc-default-executor-5] INFO  client.GrpcClientProtocolClient (GrpcClientProtocolClient.java:onNext(264)) - client-B22ED198845A->f3174d56-9988-40ec-970b-d447ed545dfb: receive RaftClientReply:client-B22ED198845A->f3174d56-9988-40ec-970b-d447ed545dfb@group-47B82E5F6106, cid=3459, SUCCESS, logIndex=5196, commits[f3174d56-9988-40ec-970b-d447ed545dfb:c5196, 3e713ff3-0d17-449f-90fa-609b20cf4c10:c5194, 34290298-343f-405c-af97-b2d19041b010:c5194]
2019-09-11 09:06:49,033 [grpc-default-executor-0] INFO  client.GrpcClientProtocolClient (GrpcClientProtocolClient.java:onNext(264)) - client-B22ED198845A->f3174d56-9988-40ec-970b-d447ed545dfb: receive RaftClientReply:client-B22ED198845A->f3174d56-9988-40ec-970b-d447ed545dfb@group-47B82E5F6106, cid=3460, SUCCESS, logIndex=5199, commits[f3174d56-9988-40ec-970b-d447ed545dfb:c5199, 3e713ff3-0d17-449f-90fa-609b20cf4c10:c5196, 34290298-343f-405c-af97-b2d19041b010:c5196]
2019-09-11 09:06:49,033 [grpc-default-executor-0] INFO  client.GrpcClientProtocolClient (GrpcClientProtocolClient.java:onNext(264)) - client-B22ED198845A->f3174d56-9988-40ec-970b-d447ed545dfb: receive RaftClientReply:client-B22ED198845A->f3174d56-9988-40ec-970b-d447ed545dfb@group-47B82E5F6106, cid=3461, SUCCESS, logIndex=5200, commits[f3174d56-9988-40ec-970b-d447ed545dfb:c5200, 3e713ff3-0d17-449f-90fa-609b20cf4c10:c5196, 34290298-343f-405c-af97-b2d19041b010:c5196]
2019-09-11 09:06:49,047 [grpc-default-executor-0] INFO  client.GrpcClientProtocolClient (GrpcClientProtocolClient.java:onNext(264)) - client-B22ED198845A->f3174d56-9988-40ec-970b-d447ed545dfb: receive RaftClientReply:client-B22ED198845A->f3174d56-9988-40ec-970b-d447ed545dfb@group-47B82E5F6106, cid=3462, SUCCESS, logIndex=0, commits[f3174d56-9988-40ec-970b-d447ed545dfb:c5201, 3e713ff3-0d17-449f-90fa-609b20cf4c10:c5200, 34290298-343f-405c-af97-b2d19041b010:c5200]
2019-09-11 09:06:49,076 [grpc-default-executor-5] INFO  client.GrpcClientProtocolClient (GrpcClientProtocolClient.java:onNext(264)) - client-B22ED198845A->f3174d56-9988-40ec-970b-d447ed545dfb: receive RaftClientReply:client-B22ED198845A->f3174d56-9988-40ec-970b-d447ed545dfb@group-47B82E5F6106, cid=3463, SUCCESS, logIndex=5203, commits[f3174d56-9988-40ec-970b-d447ed545dfb:c5205, 3e713ff3-0d17-449f-90fa-609b20cf4c10:c5202, 34290298-343f-405c-af97-b2d19041b010:c5202]
2019-09-11 09:06:49,076 [grpc-default-executor-5] INFO  client.GrpcClientProtocolClient (GrpcClientProtocolClient.java:onNext(264)) - client-B22ED198845A->f3174d56-9988-40ec-970b-d447ed545dfb: receive RaftClientReply:client-B22ED198845A->f3174d56-9988-40ec-970b-d447ed545dfb@group-47B82E5F6106, cid=3464, SUCCESS, logIndex=5204, commits[f3174d56-9988-40ec-970b-d447ed545dfb:c5206, 3e713ff3-0d17-449f-90fa-609b20cf4c10:c5202, 34290298-343f-405c-af97-b2d19041b010:c5202]
2019-09-11 09:06:49,077 [grpc-default-executor-5] INFO  client.GrpcClientProtocolClient (GrpcClientProtocolClient.java:onNext(264)) - client-B22ED198845A->f3174d56-9988-40ec-970b-d447ed545dfb: receive RaftClientReply:client-B22ED198845A->f3174d56-9988-40ec-970b-d447ed545dfb@group-47B82E5F6106, cid=3465, SUCCESS, logIndex=5205, commits[f3174d56-9988-40ec-970b-d447ed545dfb:c5206, 3e713ff3-0d17-449f-90fa-609b20cf4c10:c5202, 34290298-343f-405c-af97-b2d19041b010:c5202]
2019-09-11 09:06:49,077 [grpc-default-executor-5] INFO  client.GrpcClientProtocolClient (GrpcClientProtocolClient.java:onNext(264)) - client-B22ED198845A->f3174d56-9988-40ec-970b-d447ed545dfb: receive RaftClientReply:client-B22ED198845A->f3174d56-9988-40ec-970b-d447ed545dfb@group-47B82E5F6106, cid=3466, SUCCESS, logIndex=5206, commits[f3174d56-9988-40ec-970b-d447ed545dfb:c5206, 3e713ff3-0d17-449f-90fa-609b20cf4c10:c5202, 34290298-343f-405c-af97-b2d19041b010:c5202]
2019-09-11 09:06:49,090 [grpc-default-executor-5] INFO  client.GrpcClientProtocolClient (GrpcClientProtocolClient.java:onNext(264)) - client-B22ED198845A->f3174d56-9988-40ec-970b-d447ed545dfb: receive RaftClientReply:client-B22ED198845A->f3174d56-9988-40ec-970b-d447ed545dfb@group-47B82E5F6106, cid=3467, SUCCESS, logIndex=0, commits[f3174d56-9988-40ec-970b-d447ed545dfb:c5209, 3e713ff3-0d17-449f-90fa-609b20cf4c10:c5205, 34290298-343f-405c-af97-b2d19041b010:c5204]
2019-09-11 09:06:49,110 [grpc-default-executor-5] INFO  client.GrpcClientProtocolClient (GrpcClientProtocolClient.java:onNext(264)) - client-B22ED198845A->f3174d56-9988-40ec-970b-d447ed545dfb: receive RaftClientReply:client-B22ED198845A->f3174d56-9988-40ec-970b-d447ed545dfb@group-47B82E5F6106, cid=3468, SUCCESS, logIndex=5211, commits[f3174d56-9988-40ec-970b-d447ed545dfb:c5212, 3e713ff3-0d17-449f-90fa-609b20cf4c10:c5210, 34290298-343f-405c-af97-b2d19041b010:c5210]
2019-09-11 09:06:49,110 [grpc-default-executor-5] INFO  client.GrpcClientProtocolClient (GrpcClientProtocolClient.java:onNext(264)) - client-B22ED198845A->f3174d56-9988-40ec-970b-d447ed545dfb: receive RaftClientReply:client-B22ED198845A->f3174d56-9988-40ec-970b-d447ed545dfb@group-47B82E5F6106, cid=3469, SUCCESS, logIndex=5212, commits[f3174d56-9988-40ec-970b-d447ed545dfb:c5212, 3e713ff3-0d17-449f-90fa-609b20cf4c10:c5210, 34290298-343f-405c-af97-b2d19041b010:c5210]
2019-09-11 09:06:49,125 [grpc-default-executor-0] INFO  client.GrpcClientProtocolClient (GrpcClientProtocolClient.java:onNext(264)) - client-B22ED198845A->f3174d56-9988-40ec-970b-d447ed545dfb: receive RaftClientReply:client-B22ED198845A->f3174d56-9988-40ec-970b-d447ed545dfb@group-47B82E5F6106, cid=3470, SUCCESS, logIndex=5215, commits[f3174d56-9988-40ec-970b-d447ed545dfb:c5215, 3e713ff3-0d17-449f-90fa-609b20cf4c10:c5212, 34290298-343f-405c-af97-b2d19041b010:c5212]
2019-09-11 09:06:49,125 [grpc-default-executor-0] INFO  client.GrpcClientProtocolClient (GrpcClientProtocolClient.java:onNext(264)) - client-B22ED198845A->f3174d56-9988-40ec-970b-d447ed545dfb: receive RaftClientReply:client-B22ED198845A->f3174d56-9988-40ec-970b-d447ed545dfb@group-47B82E5F6106, cid=3471, SUCCESS, logIndex=5216, commits[f3174d56-9988-40ec-970b-d447ed545dfb:c5216, 3e713ff3-0d17-449f-90fa-609b20cf4c10:c5212, 34290298-343f-405c-af97-b2d19041b010:c5212]
2019-09-11 09:06:49,138 [grpc-default-executor-0] INFO  client.GrpcClientProtocolClient (GrpcClientProtocolClient.java:onNext(264)) - client-B22ED198845A->f3174d56-9988-40ec-970b-d447ed545dfb: receive RaftClientReply:client-B22ED198845A->f3174d56-9988-40ec-970b-d447ed545dfb@group-47B82E5F6106, cid=3472, SUCCESS, logIndex=0, commits[f3174d56-9988-40ec-970b-d447ed545dfb:c5218, 3e713ff3-0d17-449f-90fa-609b20cf4c10:c5216, 34290298-343f-405c-af97-b2d19041b010:c5216]
2019-09-11 09:06:49,166 [grpc-default-executor-4] INFO  client.GrpcClientProtocolClient (GrpcClientProtocolClient.java:onNext(264)) - client-B22ED198845A->f3174d56-9988-40ec-970b-d447ed545dfb: receive RaftClientReply:client-B22ED198845A->f3174d56-9988-40ec-970b-d447ed545dfb@group-47B82E5F6106, cid=3473, SUCCESS, logIndex=5219, commits[f3174d56-9988-40ec-970b-d447ed545dfb:c5220, 3e713ff3-0d17-449f-90fa-609b20cf4c10:c5218, 34290298-343f-405c-af97-b2d19041b010:c5218]
2019-09-11 09:06:49,166 [grpc-default-executor-4] INFO  client.GrpcClientProtocolClient (GrpcClientProtocolClient.java:onNext(264)) - client-B22ED198845A->f3174d56-9988-40ec-970b-d447ed545dfb: receive RaftClientReply:client-B22ED198845A->f3174d56-9988-40ec-970b-d447ed545dfb@group-47B82E5F6106, cid=3474, SUCCESS, logIndex=5220, commits[f3174d56-9988-40ec-970b-d447ed545dfb:c5220, 3e713ff3-0d17-449f-90fa-609b20cf4c10:c5218, 34290298-343f-405c-af97-b2d19041b010:c5218]
2019-09-11 09:06:49,167 [grpc-default-executor-4] INFO  client.GrpcClientProtocolClient (GrpcClientProtocolClient.java:onNext(264)) - client-B22ED198845A->f3174d56-9988-40ec-970b-d447ed545dfb: receive RaftClientReply:client-B22ED198845A->f3174d56-9988-40ec-970b-d447ed545dfb@group-47B82E5F6106, cid=3475, SUCCESS, logIndex=5221, commits[f3174d56-9988-40ec-970b-d447ed545dfb:c5222, 3e713ff3-0d17-449f-90fa-609b20cf4c10:c5218, 34290298-343f-405c-af97-b2d19041b010:c5218]
2019-09-11 09:06:49,167 [grpc-default-executor-4] INFO  client.GrpcClientProtocolClient (GrpcClientProtocolClient.java:onNext(264)) - client-B22ED198845A->f3174d56-9988-40ec-970b-d447ed545dfb: receive RaftClientReply:client-B22ED198845A->f3174d56-9988-40ec-970b-d447ed545dfb@group-47B82E5F6106, cid=3476, SUCCESS, logIndex=5222, commits[f3174d56-9988-40ec-970b-d447ed545dfb:c5222, 3e713ff3-0d17-449f-90fa-609b20cf4c10:c5218, 34290298-343f-405c-af97-b2d19041b010:c5218]
2019-09-11 09:06:49,170 [grpc-default-executor-4] INFO  client.GrpcClientProtocolClient (GrpcClientProtocolClient.java:onNext(264)) - client-B22ED198845A->f3174d56-9988-40ec-970b-d447ed545dfb: receive RaftClientReply:client-B22ED198845A->f3174d56-9988-40ec-970b-d447ed545dfb@group-47B82E5F6106, cid=3477, SUCCESS, logIndex=0, commits[f3174d56-9988-40ec-970b-d447ed545dfb:c5224, 3e713ff3-0d17-449f-90fa-609b20cf4c10:c5220, 34290298-343f-405c-af97-b2d19041b010:c5220]
2019-09-11 09:06:49,184 [grpc-default-executor-0] INFO  client.GrpcClientProtocolClient (GrpcClientProtocolClient.java:onNext(264)) - client-B22ED198845A->f3174d56-9988-40ec-970b-d447ed545dfb: receive RaftClientReply:client-B22ED198845A->f3174d56-9988-40ec-970b-d447ed545dfb@group-47B82E5F6106, cid=3478, SUCCESS, logIndex=5227, commits[f3174d56-9988-40ec-970b-d447ed545dfb:c5227, 3e713ff3-0d17-449f-90fa-609b20cf4c10:c5222, 34290298-343f-405c-af97-b2d19041b010:c5226]
2019-09-11 09:06:49,184 [grpc-default-executor-0] INFO  client.GrpcClientProtocolClient (GrpcClientProtocolClient.java:onNext(264)) - client-B22ED198845A->f3174d56-9988-40ec-970b-d447ed545dfb: receive RaftClientReply:client-B22ED198845A->f3174d56-9988-40ec-970b-d447ed545dfb@group-47B82E5F6106, cid=3479, SUCCESS, logIndex=5228, commits[f3174d56-9988-40ec-970b-d447ed545dfb:c5228, 3e713ff3-0d17-449f-90fa-609b20cf4c10:c5222, 34290298-343f-405c-af97-b2d19041b010:c5226]
2019-09-11 09:06:49,193 [grpc-default-executor-4] INFO  client.GrpcClientProtocolClient (GrpcClientProtocolClient.java:onNext(264)) - client-B22ED198845A->f3174d56-9988-40ec-970b-d447ed545dfb: receive RaftClientReply:client-B22ED198845A->f3174d56-9988-40ec-970b-d447ed545dfb@group-47B82E5F6106, cid=3480, SUCCESS, logIndex=5231, commits[f3174d56-9988-40ec-970b-d447ed545dfb:c5232, 3e713ff3-0d17-449f-90fa-609b20cf4c10:c5228, 34290298-343f-405c-af97-b2d19041b010:c5230]
2019-09-11 09:06:49,193 [grpc-default-executor-4] INFO  client.GrpcClientProtocolClient (GrpcClientProtocolClient.java:onNext(264)) - client-B22ED198845A->f3174d56-9988-40ec-970b-d447ed545dfb: receive RaftClientReply:client-B22ED198845A->f3174d56-9988-40ec-970b-d447ed545dfb@group-47B82E5F6106, cid=3481, SUCCESS, logIndex=5232, commits[f3174d56-9988-40ec-970b-d447ed545dfb:c5232, 3e713ff3-0d17-449f-90fa-609b20cf4c10:c5230, 34290298-343f-405c-af97-b2d19041b010:c5230]
2019-09-11 09:06:49,194 [grpc-default-executor-4] INFO  client.GrpcClientProtocolClient (GrpcClientProtocolClient.java:onNext(264)) - client-B22ED198845A->f3174d56-9988-40ec-970b-d447ed545dfb: receive RaftClientReply:client-B22ED198845A->f3174d56-9988-40ec-970b-d447ed545dfb@group-47B82E5F6106, cid=3482, SUCCESS, logIndex=0, commits[f3174d56-9988-40ec-970b-d447ed545dfb:c5233, 3e713ff3-0d17-449f-90fa-609b20cf4c10:c5232, 34290298-343f-405c-af97-b2d19041b010:c5232]
2019-09-11 09:06:49,214 [grpc-default-executor-0] INFO  client.GrpcClientProtocolClient (GrpcClientProtocolClient.java:onNext(264)) - client-B22ED198845A->f3174d56-9988-40ec-970b-d447ed545dfb: receive RaftClientReply:client-B22ED198845A->f3174d56-9988-40ec-970b-d447ed545dfb@group-47B82E5F6106, cid=3483, SUCCESS, logIndex=5235, commits[f3174d56-9988-40ec-970b-d447ed545dfb:c5236, 3e713ff3-0d17-449f-90fa-609b20cf4c10:c5232, 34290298-343f-405c-af97-b2d19041b010:c5234]
2019-09-11 09:06:49,215 [grpc-default-executor-0] INFO  client.GrpcClientProtocolClient (GrpcClientProtocolClient.java:onNext(264)) - client-B22ED198845A->f3174d56-9988-40ec-970b-d447ed545dfb: receive RaftClientReply:client-B22ED198845A->f3174d56-9988-40ec-970b-d447ed545dfb@group-47B82E5F6106, cid=3484, SUCCESS, logIndex=5236, commits[f3174d56-9988-40ec-970b-d447ed545dfb:c5236, 3e713ff3-0d17-449f-90fa-609b20cf4c10:c5232, 34290298-343f-405c-af97-b2d19041b010:c5234]
2019-09-11 09:06:49,216 [grpc-default-executor-4] INFO  client.GrpcClientProtocolClient (GrpcClientProtocolClient.java:onNext(264)) - client-B22ED198845A->f3174d56-9988-40ec-970b-d447ed545dfb: receive RaftClientReply:client-B22ED198845A->f3174d56-9988-40ec-970b-d447ed545dfb@group-47B82E5F6106, cid=3485, SUCCESS, logIndex=5237, commits[f3174d56-9988-40ec-970b-d447ed545dfb:c5237, 3e713ff3-0d17-449f-90fa-609b20cf4c10:c5232, 34290298-343f-405c-af97-b2d19041b010:c5234]
2019-09-11 09:06:49,216 [grpc-default-executor-4] INFO  client.GrpcClientProtocolClient (GrpcClientProtocolClient.java:onNext(264)) - client-B22ED198845A->f3174d56-9988-40ec-970b-d447ed545dfb: receive RaftClientReply:client-B22ED198845A->f3174d56-9988-40ec-970b-d447ed545dfb@group-47B82E5F6106, cid=3486, SUCCESS, logIndex=5238, commits[f3174d56-9988-40ec-970b-d447ed545dfb:c5238, 3e713ff3-0d17-449f-90fa-609b20cf4c10:c5234, 34290298-343f-405c-af97-b2d19041b010:c5234]
2019-09-11 09:06:49,218 [grpc-default-executor-4] INFO  client.GrpcClientProtocolClient (GrpcClientProtocolClient.java:onNext(264)) - client-B22ED198845A->f3174d56-9988-40ec-970b-d447ed545dfb: receive RaftClientReply:client-B22ED198845A->f3174d56-9988-40ec-970b-d447ed545dfb@group-47B82E5F6106, cid=3487, SUCCESS, logIndex=0, commits[f3174d56-9988-40ec-970b-d447ed545dfb:c5240, 3e713ff3-0d17-449f-90fa-609b20cf4c10:c5236, 34290298-343f-405c-af97-b2d19041b010:c5236]
2019-09-11 09:06:49,227 [grpc-default-executor-4] INFO  client.GrpcClientProtocolClient (GrpcClientProtocolClient.java:onNext(264)) - client-B22ED198845A->f3174d56-9988-40ec-970b-d447ed545dfb: receive RaftClientReply:client-B22ED198845A->f3174d56-9988-40ec-970b-d447ed545dfb@group-47B82E5F6106, cid=3488, SUCCESS, logIndex=5243, commits[f3174d56-9988-40ec-970b-d447ed545dfb:c5244, 3e713ff3-0d17-449f-90fa-609b20cf4c10:c5242, 34290298-343f-405c-af97-b2d19041b010:c5242]
2019-09-11 09:06:49,227 [grpc-default-executor-4] INFO  client.GrpcClientProtocolClient (GrpcClientProtocolClient.java:onNext(264)) - client-B22ED198845A->f3174d56-9988-40ec-970b-d447ed545dfb: receive RaftClientReply:client-B22ED198845A->f3174d56-9988-40ec-970b-d447ed545dfb@group-47B82E5F6106, cid=3489, SUCCESS, logIndex=5244, commits[f3174d56-9988-40ec-970b-d447ed545dfb:c5244, 3e713ff3-0d17-449f-90fa-609b20cf4c10:c5242, 34290298-343f-405c-af97-b2d19041b010:c5242]
2019-09-11 09:06:49,256 [grpc-default-executor-0] INFO  client.GrpcClientProtocolClient (GrpcClientProtocolClient.java:onNext(264)) - client-B22ED198845A->f3174d56-9988-40ec-970b-d447ed545dfb: receive RaftClientReply:client-B22ED198845A->f3174d56-9988-40ec-970b-d447ed545dfb@group-47B82E5F6106, cid=3490, SUCCESS, logIndex=5247, commits[f3174d56-9988-40ec-970b-d447ed545dfb:c5248, 3e713ff3-0d17-449f-90fa-609b20cf4c10:c5245, 34290298-343f-405c-af97-b2d19041b010:c5245]
2019-09-11 09:06:49,256 [grpc-default-executor-0] INFO  client.GrpcClientProtocolClient (GrpcClientProtocolClient.java:onNext(264)) - client-B22ED198845A->f3174d56-9988-40ec-970b-d447ed545dfb: receive RaftClientReply:client-B22ED198845A->f3174d56-9988-40ec-970b-d447ed545dfb@group-47B82E5F6106, cid=3491, SUCCESS, logIndex=5248, commits[f3174d56-9988-40ec-970b-d447ed545dfb:c5248, 3e713ff3-0d17-449f-90fa-609b20cf4c10:c5245, 34290298-343f-405c-af97-b2d19041b010:c5245]
2019-09-11 09:06:49,259 [grpc-default-executor-0] INFO  client.GrpcClientProtocolClient (GrpcClientProtocolClient.java:onNext(264)) - client-B22ED198845A->f3174d56-9988-40ec-970b-d447ed545dfb: receive RaftClientReply:client-B22ED198845A->f3174d56-9988-40ec-970b-d447ed545dfb@group-47B82E5F6106, cid=3492, SUCCESS, logIndex=0, commits[f3174d56-9988-40ec-970b-d447ed545dfb:c5249, 3e713ff3-0d17-449f-90fa-609b20cf4c10:c5248, 34290298-343f-405c-af97-b2d19041b010:c5248]
2019-09-11 09:06:49,288 [grpc-default-executor-5] INFO  client.GrpcClientProtocolClient (GrpcClientProtocolClient.java:onNext(264)) - client-B22ED198845A->f3174d56-9988-40ec-970b-d447ed545dfb: receive RaftClientReply:client-B22ED198845A->f3174d56-9988-40ec-970b-d447ed545dfb@group-47B82E5F6106, cid=3493, SUCCESS, logIndex=5251, commits[f3174d56-9988-40ec-970b-d447ed545dfb:c5253, 3e713ff3-0d17-449f-90fa-609b20cf4c10:c5249, 34290298-343f-405c-af97-b2d19041b010:c5250]
2019-09-11 09:06:49,288 [grpc-default-executor-5] INFO  client.GrpcClientProtocolClient (GrpcClientProtocolClient.java:onNext(264)) - client-B22ED198845A->f3174d56-9988-40ec-970b-d447ed545dfb: receive RaftClientReply:client-B22ED198845A->f3174d56-9988-40ec-970b-d447ed545dfb@group-47B82E5F6106, cid=3494, SUCCESS, logIndex=5252, commits[f3174d56-9988-40ec-970b-d447ed545dfb:c5254, 3e713ff3-0d17-449f-90fa-609b20cf4c10:c5250, 34290298-343f-405c-af97-b2d19041b010:c5250]
2019-09-11 09:06:49,289 [grpc-default-executor-5] INFO  client.GrpcClientProtocolClient (GrpcClientProtocolClient.java:onNext(264)) - client-B22ED198845A->f3174d56-9988-40ec-970b-d447ed545dfb: receive RaftClientReply:client-B22ED198845A->f3174d56-9988-40ec-970b-d447ed545dfb@group-47B82E5F6106, cid=3495, SUCCESS, logIndex=5253, commits[f3174d56-9988-40ec-970b-d447ed545dfb:c5254, 3e713ff3-0d17-449f-90fa-609b20cf4c10:c5250, 34290298-343f-405c-af97-b2d19041b010:c5250]
2019-09-11 09:06:49,289 [grpc-default-executor-5] INFO  client.GrpcClientProtocolClient (GrpcClientProtocolClient.java:onNext(264)) - client-B22ED198845A->f3174d56-9988-40ec-970b-d447ed545dfb: receive RaftClientReply:client-B22ED198845A->f3174d56-9988-40ec-970b-d447ed545dfb@group-47B82E5F6106, cid=3496, SUCCESS, logIndex=5254, commits[f3174d56-9988-40ec-970b-d447ed545dfb:c5254, 3e713ff3-0d17-449f-90fa-609b20cf4c10:c5250, 34290298-343f-405c-af97-b2d19041b010:c5250]
2019-09-11 09:06:49,302 [grpc-default-executor-4] INFO  client.GrpcClientProtocolClient (GrpcClientProtocolClient.java:onNext(264)) - client-B22ED198845A->f3174d56-9988-40ec-970b-d447ed545dfb: receive RaftClientReply:client-B22ED198845A->f3174d56-9988-40ec-970b-d447ed545dfb@group-47B82E5F6106, cid=3497, SUCCESS, logIndex=0, commits[f3174d56-9988-40ec-970b-d447ed545dfb:c5258, 3e713ff3-0d17-449f-90fa-609b20cf4c10:c5252, 34290298-343f-405c-af97-b2d19041b010:c5254]
2019-09-11 09:06:49,320 [grpc-default-executor-5] INFO  client.GrpcClientProtocolClient (GrpcClientProtocolClient.java:onNext(264)) - client-B22ED198845A->f3174d56-9988-40ec-970b-d447ed545dfb: receive RaftClientReply:client-B22ED198845A->f3174d56-9988-40ec-970b-d447ed545dfb@group-47B82E5F6106, cid=3498, SUCCESS, logIndex=5259, commits[f3174d56-9988-40ec-970b-d447ed545dfb:c5260, 3e713ff3-0d17-449f-90fa-609b20cf4c10:c5258, 34290298-343f-405c-af97-b2d19041b010:c5258]
2019-09-11 09:06:49,320 [grpc-default-executor-5] INFO  client.GrpcClientProtocolClient (GrpcClientProtocolClient.java:onNext(264)) - client-B22ED198845A->f3174d56-9988-40ec-970b-d447ed545dfb: receive RaftClientReply:client-B22ED198845A->f3174d56-9988-40ec-970b-d447ed545dfb@group-47B82E5F6106, cid=3499, SUCCESS, logIndex=5260, commits[f3174d56-9988-40ec-970b-d447ed545dfb:c5260, 3e713ff3-0d17-449f-90fa-609b20cf4c10:c5258, 34290298-343f-405c-af97-b2d19041b010:c5258]
2019-09-11 09:06:49,344 [grpc-default-executor-4] INFO  client.GrpcClientProtocolClient (GrpcClientProtocolClient.java:onNext(264)) - client-B22ED198845A->f3174d56-9988-40ec-970b-d447ed545dfb: receive RaftClientReply:client-B22ED198845A->f3174d56-9988-40ec-970b-d447ed545dfb@group-47B82E5F6106, cid=3500, SUCCESS, logIndex=5263, commits[f3174d56-9988-40ec-970b-d447ed545dfb:c5264, 3e713ff3-0d17-449f-90fa-609b20cf4c10:c5260, 34290298-343f-405c-af97-b2d19041b010:c5260]
2019-09-11 09:06:49,344 [grpc-default-executor-4] INFO  client.GrpcClientProtocolClient (GrpcClientProtocolClient.java:onNext(264)) - client-B22ED198845A->f3174d56-9988-40ec-970b-d447ed545dfb: receive RaftClientReply:client-B22ED198845A->f3174d56-9988-40ec-970b-d447ed545dfb@group-47B82E5F6106, cid=3501, SUCCESS, logIndex=5264, commits[f3174d56-9988-40ec-970b-d447ed545dfb:c5264, 3e713ff3-0d17-449f-90fa-609b20cf4c10:c5260, 34290298-343f-405c-af97-b2d19041b010:c5260]
2019-09-11 09:06:49,368 [grpc-default-executor-5] INFO  client.GrpcClientProtocolClient (GrpcClientProtocolClient.java:onNext(264)) - client-B22ED198845A->f3174d56-9988-40ec-970b-d447ed545dfb: receive RaftClientReply:client-B22ED198845A->f3174d56-9988-40ec-970b-d447ed545dfb@group-47B82E5F6106, cid=3502, SUCCESS, logIndex=0, commits[f3174d56-9988-40ec-970b-d447ed545dfb:c5266, 3e713ff3-0d17-449f-90fa-609b20cf4c10:c5264, 34290298-343f-405c-af97-b2d19041b010:c5264]
2019-09-11 09:06:49,395 [grpc-default-executor-5] INFO  client.GrpcClientProtocolClient (GrpcClientProtocolClient.java:onNext(264)) - client-B22ED198845A->f3174d56-9988-40ec-970b-d447ed545dfb: receive RaftClientReply:client-B22ED198845A->f3174d56-9988-40ec-970b-d447ed545dfb@group-47B82E5F6106, cid=3503, SUCCESS, logIndex=5267, commits[f3174d56-9988-40ec-970b-d447ed545dfb:c5268, 3e713ff3-0d17-449f-90fa-609b20cf4c10:c5266, 34290298-343f-405c-af97-b2d19041b010:c5266]
2019-09-11 09:06:49,395 [grpc-default-executor-5] INFO  client.GrpcClientProtocolClient (GrpcClientProtocolClient.java:onNext(264)) - client-B22ED198845A->f3174d56-9988-40ec-970b-d447ed545dfb: receive RaftClientReply:client-B22ED198845A->f3174d56-9988-40ec-970b-d447ed545dfb@group-47B82E5F6106, cid=3504, SUCCESS, logIndex=5268, commits[f3174d56-9988-40ec-970b-d447ed545dfb:c5268, 3e713ff3-0d17-449f-90fa-609b20cf4c10:c5266, 34290298-343f-405c-af97-b2d19041b010:c5266]
2019-09-11 09:06:49,395 [grpc-default-executor-5] INFO  client.GrpcClientProtocolClient (GrpcClientProtocolClient.java:onNext(264)) - client-B22ED198845A->f3174d56-9988-40ec-970b-d447ed545dfb: receive RaftClientReply:client-B22ED198845A->f3174d56-9988-40ec-970b-d447ed545dfb@group-47B82E5F6106, cid=3505, SUCCESS, logIndex=5269, commits[f3174d56-9988-40ec-970b-d447ed545dfb:c5270, 3e713ff3-0d17-449f-90fa-609b20cf4c10:c5266, 34290298-343f-405c-af97-b2d19041b010:c5266]
2019-09-11 09:06:49,396 [grpc-default-executor-5] INFO  client.GrpcClientProtocolClient (GrpcClientProtocolClient.java:onNext(264)) - client-B22ED198845A->f3174d56-9988-40ec-970b-d447ed545dfb: receive RaftClientReply:client-B22ED198845A->f3174d56-9988-40ec-970b-d447ed545dfb@group-47B82E5F6106, cid=3506, SUCCESS, logIndex=5270, commits[f3174d56-9988-40ec-970b-d447ed545dfb:c5270, 3e713ff3-0d17-449f-90fa-609b20cf4c10:c5266, 34290298-343f-405c-af97-b2d19041b010:c5266]
2019-09-11 09:06:49,411 [grpc-default-executor-5] INFO  client.GrpcClientProtocolClient (GrpcClientProtocolClient.java:onNext(264)) - client-B22ED198845A->f3174d56-9988-40ec-970b-d447ed545dfb: receive RaftClientReply:client-B22ED198845A->f3174d56-9988-40ec-970b-d447ed545dfb@group-47B82E5F6106, cid=3507, SUCCESS, logIndex=0, commits[f3174d56-9988-40ec-970b-d447ed545dfb:c5272, 3e713ff3-0d17-449f-90fa-609b20cf4c10:c5268, 34290298-343f-405c-af97-b2d19041b010:c5268]
2019-09-11 09:06:49,424 [grpc-default-executor-4] INFO  client.GrpcClientProtocolClient (GrpcClientProtocolClient.java:onNext(264)) - client-B22ED198845A->f3174d56-9988-40ec-970b-d447ed545dfb: receive RaftClientReply:client-B22ED198845A->f3174d56-9988-40ec-970b-d447ed545dfb@group-47B82E5F6106, cid=3508, SUCCESS, logIndex=5275, commits[f3174d56-9988-40ec-970b-d447ed545dfb:c5276, 3e713ff3-0d17-449f-90fa-609b20cf4c10:c5274, 34290298-343f-405c-af97-b2d19041b010:c5270]
2019-09-11 09:06:49,424 [grpc-default-executor-4] INFO  client.GrpcClientProtocolClient (GrpcClientProtocolClient.java:onNext(264)) - client-B22ED198845A->f3174d56-9988-40ec-970b-d447ed545dfb: receive RaftClientReply:client-B22ED198845A->f3174d56-9988-40ec-970b-d447ed545dfb@group-47B82E5F6106, cid=3509, SUCCESS, logIndex=5276, commits[f3174d56-9988-40ec-970b-d447ed545dfb:c5276, 3e713ff3-0d17-449f-90fa-609b20cf4c10:c5274, 34290298-343f-405c-af97-b2d19041b010:c5270]
2019-09-11 09:06:49,438 [grpc-default-executor-2] INFO  client.GrpcClientProtocolClient (GrpcClientProtocolClient.java:onNext(264)) - client-B22ED198845A->f3174d56-9988-40ec-970b-d447ed545dfb: receive RaftClientReply:client-B22ED198845A->f3174d56-9988-40ec-970b-d447ed545dfb@group-47B82E5F6106, cid=3510, SUCCESS, logIndex=5279, commits[f3174d56-9988-40ec-970b-d447ed545dfb:c5280, 3e713ff3-0d17-449f-90fa-609b20cf4c10:c5276, 34290298-343f-405c-af97-b2d19041b010:c5276]
2019-09-11 09:06:49,438 [grpc-default-executor-2] INFO  client.GrpcClientProtocolClient (GrpcClientProtocolClient.java:onNext(264)) - client-B22ED198845A->f3174d56-9988-40ec-970b-d447ed545dfb: receive RaftClientReply:client-B22ED198845A->f3174d56-9988-40ec-970b-d447ed545dfb@group-47B82E5F6106, cid=3511, SUCCESS, logIndex=5280, commits[f3174d56-9988-40ec-970b-d447ed545dfb:c5280, 3e713ff3-0d17-449f-90fa-609b20cf4c10:c5276, 34290298-343f-405c-af97-b2d19041b010:c5276]
2019-09-11 09:06:49,440 [grpc-default-executor-2] INFO  client.GrpcClientProtocolClient (GrpcClientProtocolClient.java:onNext(264)) - client-B22ED198845A->f3174d56-9988-40ec-970b-d447ed545dfb: receive RaftClientReply:client-B22ED198845A->f3174d56-9988-40ec-970b-d447ed545dfb@group-47B82E5F6106, cid=3512, SUCCESS, logIndex=0, commits[f3174d56-9988-40ec-970b-d447ed545dfb:c5281, 3e713ff3-0d17-449f-90fa-609b20cf4c10:c5280, 34290298-343f-405c-af97-b2d19041b010:c5280]
2019-09-11 09:06:49,459 [grpc-default-executor-5] INFO  client.GrpcClientProtocolClient (GrpcClientProtocolClient.java:onNext(264)) - client-B22ED198845A->f3174d56-9988-40ec-970b-d447ed545dfb: receive RaftClientReply:client-B22ED198845A->f3174d56-9988-40ec-970b-d447ed545dfb@group-47B82E5F6106, cid=3513, SUCCESS, logIndex=5282, commits[f3174d56-9988-40ec-970b-d447ed545dfb:c5283, 3e713ff3-0d17-449f-90fa-609b20cf4c10:c5281, 34290298-343f-405c-af97-b2d19041b010:c5280]
2019-09-11 09:06:49,459 [grpc-default-executor-4] INFO  client.GrpcClientProtocolClient (GrpcClientProtocolClient.java:onNext(264)) - client-B22ED198845A->f3174d56-9988-40ec-970b-d447ed545dfb: receive RaftClientReply:client-B22ED198845A->f3174d56-9988-40ec-970b-d447ed545dfb@group-47B82E5F6106, cid=3514, SUCCESS, logIndex=5283, commits[f3174d56-9988-40ec-970b-d447ed545dfb:c5285, 3e713ff3-0d17-449f-90fa-609b20cf4c10:c5281, 34290298-343f-405c-af97-b2d19041b010:c5280]
2019-09-11 09:06:49,460 [grpc-default-executor-4] INFO  client.GrpcClientProtocolClient (GrpcClientProtocolClient.java:onNext(264)) - client-B22ED198845A->f3174d56-9988-40ec-970b-d447ed545dfb: receive RaftClientReply:client-B22ED198845A->f3174d56-9988-40ec-970b-d447ed545dfb@group-47B82E5F6106, cid=3515, SUCCESS, logIndex=5284, commits[f3174d56-9988-40ec-970b-d447ed545dfb:c5285, 3e713ff3-0d17-449f-90fa-609b20cf4c10:c5281, 34290298-343f-405c-af97-b2d19041b010:c5281]
2019-09-11 09:06:49,460 [grpc-default-executor-4] INFO  client.GrpcClientProtocolClient (GrpcClientProtocolClient.java:onNext(264)) - client-B22ED198845A->f3174d56-9988-40ec-970b-d447ed545dfb: receive RaftClientReply:client-B22ED198845A->f3174d56-9988-40ec-970b-d447ed545dfb@group-47B82E5F6106, cid=3516, SUCCESS, logIndex=5285, commits[f3174d56-9988-40ec-970b-d447ed545dfb:c5285, 3e713ff3-0d17-449f-90fa-609b20cf4c10:c5281, 34290298-343f-405c-af97-b2d19041b010:c5281]
2019-09-11 09:06:49,463 [grpc-default-executor-4] INFO  client.GrpcClientProtocolClient (GrpcClientProtocolClient.java:onNext(264)) - client-B22ED198845A->f3174d56-9988-40ec-970b-d447ed545dfb: receive RaftClientReply:client-B22ED198845A->f3174d56-9988-40ec-970b-d447ed545dfb@group-47B82E5F6106, cid=3517, SUCCESS, logIndex=0, commits[f3174d56-9988-40ec-970b-d447ed545dfb:c5287, 3e713ff3-0d17-449f-90fa-609b20cf4c10:c5283, 34290298-343f-405c-af97-b2d19041b010:c5283]
2019-09-11 09:06:49,473 [grpc-default-executor-5] INFO  client.GrpcClientProtocolClient (GrpcClientProtocolClient.java:onNext(264)) - client-B22ED198845A->f3174d56-9988-40ec-970b-d447ed545dfb: receive RaftClientReply:client-B22ED198845A->f3174d56-9988-40ec-970b-d447ed545dfb@group-47B82E5F6106, cid=3518, SUCCESS, logIndex=5289, commits[f3174d56-9988-40ec-970b-d447ed545dfb:c5290, 3e713ff3-0d17-449f-90fa-609b20cf4c10:c5288, 34290298-343f-405c-af97-b2d19041b010:c5285]
2019-09-11 09:06:49,473 [grpc-default-executor-5] INFO  client.GrpcClientProtocolClient (GrpcClientProtocolClient.java:onNext(264)) - client-B22ED198845A->f3174d56-9988-40ec-970b-d447ed545dfb: receive RaftClientReply:client-B22ED198845A->f3174d56-9988-40ec-970b-d447ed545dfb@group-47B82E5F6106, cid=3519, SUCCESS, logIndex=5290, commits[f3174d56-9988-40ec-970b-d447ed545dfb:c5290, 3e713ff3-0d17-449f-90fa-609b20cf4c10:c5288, 34290298-343f-405c-af97-b2d19041b010:c5288]
2019-09-11 09:06:49,503 [grpc-default-executor-5] INFO  client.GrpcClientProtocolClient (GrpcClientProtocolClient.java:onNext(264)) - client-B22ED198845A->f3174d56-9988-40ec-970b-d447ed545dfb: receive RaftClientReply:client-B22ED198845A->f3174d56-9988-40ec-970b-d447ed545dfb@group-47B82E5F6106, cid=3520, SUCCESS, logIndex=5293, commits[f3174d56-9988-40ec-970b-d447ed545dfb:c5294, 3e713ff3-0d17-449f-90fa-609b20cf4c10:c5291, 34290298-343f-405c-af97-b2d19041b010:c5290]
2019-09-11 09:06:49,503 [grpc-default-executor-5] INFO  client.GrpcClientProtocolClient (GrpcClientProtocolClient.java:onNext(264)) - client-B22ED198845A->f3174d56-9988-40ec-970b-d447ed545dfb: receive RaftClientReply:client-B22ED198845A->f3174d56-9988-40ec-970b-d447ed545dfb@group-47B82E5F6106, cid=3521, SUCCESS, logIndex=5294, commits[f3174d56-9988-40ec-970b-d447ed545dfb:c5294, 3e713ff3-0d17-449f-90fa-609b20cf4c10:c5291, 34290298-343f-405c-af97-b2d19041b010:c5291]
2019-09-11 09:06:49,515 [grpc-default-executor-5] INFO  client.GrpcClientProtocolClient (GrpcClientProtocolClient.java:onNext(264)) - client-B22ED198845A->f3174d56-9988-40ec-970b-d447ed545dfb: receive RaftClientReply:client-B22ED198845A->f3174d56-9988-40ec-970b-d447ed545dfb@group-47B82E5F6106, cid=3522, SUCCESS, logIndex=0, commits[f3174d56-9988-40ec-970b-d447ed545dfb:c5295, 3e713ff3-0d17-449f-90fa-609b20cf4c10:c5294, 34290298-343f-405c-af97-b2d19041b010:c5294]
2019-09-11 09:06:49,542 [grpc-default-executor-5] INFO  client.GrpcClientProtocolClient (GrpcClientProtocolClient.java:onNext(264)) - client-B22ED198845A->f3174d56-9988-40ec-970b-d447ed545dfb: receive RaftClientReply:client-B22ED198845A->f3174d56-9988-40ec-970b-d447ed545dfb@group-47B82E5F6106, cid=3523, SUCCESS, logIndex=5296, commits[f3174d56-9988-40ec-970b-d447ed545dfb:c5296, 3e713ff3-0d17-449f-90fa-609b20cf4c10:c5295, 34290298-343f-405c-af97-b2d19041b010:c5295]
2019-09-11 09:06:49,543 [grpc-default-executor-5] INFO  client.GrpcClientProtocolClient (GrpcClientProtocolClient.java:onNext(264)) - client-B22ED198845A->f3174d56-9988-40ec-970b-d447ed545dfb: receive RaftClientReply:client-B22ED198845A->f3174d56-9988-40ec-970b-d447ed545dfb@group-47B82E5F6106, cid=3524, SUCCESS, logIndex=5297, commits[f3174d56-9988-40ec-970b-d447ed545dfb:c5299, 3e713ff3-0d17-449f-90fa-609b20cf4c10:c5295, 34290298-343f-405c-af97-b2d19041b010:c5295]
2019-09-11 09:06:49,543 [grpc-default-executor-4] INFO  client.GrpcClientProtocolClient (GrpcClientProtocolClient.java:onNext(264)) - client-B22ED198845A->f3174d56-9988-40ec-970b-d447ed545dfb: receive RaftClientReply:client-B22ED198845A->f3174d56-9988-40ec-970b-d447ed545dfb@group-47B82E5F6106, cid=3525, SUCCESS, logIndex=5298, commits[f3174d56-9988-40ec-970b-d447ed545dfb:c5299, 3e713ff3-0d17-449f-90fa-609b20cf4c10:c5295, 34290298-343f-405c-af97-b2d19041b010:c5295]
2019-09-11 09:06:49,543 [grpc-default-executor-4] INFO  client.GrpcClientProtocolClient (GrpcClientProtocolClient.java:onNext(264)) - client-B22ED198845A->f3174d56-9988-40ec-970b-d447ed545dfb: receive RaftClientReply:client-B22ED198845A->f3174d56-9988-40ec-970b-d447ed545dfb@group-47B82E5F6106, cid=3526, SUCCESS, logIndex=5299, commits[f3174d56-9988-40ec-970b-d447ed545dfb:c5299, 3e713ff3-0d17-449f-90fa-609b20cf4c10:c5295, 34290298-343f-405c-af97-b2d19041b010:c5295]
2019-09-11 09:06:49,557 [grpc-default-executor-4] INFO  client.GrpcClientProtocolClient (GrpcClientProtocolClient.java:onNext(264)) - client-B22ED198845A->f3174d56-9988-40ec-970b-d447ed545dfb: receive RaftClientReply:client-B22ED198845A->f3174d56-9988-40ec-970b-d447ed545dfb@group-47B82E5F6106, cid=3527, SUCCESS, logIndex=0, commits[f3174d56-9988-40ec-970b-d447ed545dfb:c5301, 3e713ff3-0d17-449f-90fa-609b20cf4c10:c5299, 34290298-343f-405c-af97-b2d19041b010:c5299]
2019-09-11 09:06:49,576 [grpc-default-executor-5] INFO  client.GrpcClientProtocolClient (GrpcClientProtocolClient.java:onNext(264)) - client-B22ED198845A->f3174d56-9988-40ec-970b-d447ed545dfb: receive RaftClientReply:client-B22ED198845A->f3174d56-9988-40ec-970b-d447ed545dfb@group-47B82E5F6106, cid=3528, SUCCESS, logIndex=5302, commits[f3174d56-9988-40ec-970b-d447ed545dfb:c5303, 3e713ff3-0d17-449f-90fa-609b20cf4c10:c5301, 34290298-343f-405c-af97-b2d19041b010:c5301]
2019-09-11 09:06:49,576 [grpc-default-executor-5] INFO  client.GrpcClientProtocolClient (GrpcClientProtocolClient.java:onNext(264)) - client-B22ED198845A->f3174d56-9988-40ec-970b-d447ed545dfb: receive RaftClientReply:client-B22ED198845A->f3174d56-9988-40ec-970b-d447ed545dfb@group-47B82E5F6106, cid=3529, SUCCESS, logIndex=5303, commits[f3174d56-9988-40ec-970b-d447ed545dfb:c5303, 3e713ff3-0d17-449f-90fa-609b20cf4c10:c5301, 34290298-343f-405c-af97-b2d19041b010:c5301]
2019-09-11 09:06:49,590 [grpc-default-executor-5] INFO  client.GrpcClientProtocolClient (GrpcClientProtocolClient.java:onNext(264)) - client-B22ED198845A->f3174d56-9988-40ec-970b-d447ed545dfb: receive RaftClientReply:client-B22ED198845A->f3174d56-9988-40ec-970b-d447ed545dfb@group-47B82E5F6106, cid=3530, SUCCESS, logIndex=5306, commits[f3174d56-9988-40ec-970b-d447ed545dfb:c5307, 3e713ff3-0d17-449f-90fa-609b20cf4c10:c5303, 34290298-343f-405c-af97-b2d19041b010:c5303]
2019-09-11 09:06:49,591 [grpc-default-executor-5] INFO  client.GrpcClientProtocolClient (GrpcClientProtocolClient.java:onNext(264)) - client-B22ED198845A->f3174d56-9988-40ec-970b-d447ed545dfb: receive RaftClientReply:client-B22ED198845A->f3174d56-9988-40ec-970b-d447ed545dfb@group-47B82E5F6106, cid=3531, SUCCESS, logIndex=5307, commits[f3174d56-9988-40ec-970b-d447ed545dfb:c5307, 3e713ff3-0d17-449f-90fa-609b20cf4c10:c5303, 34290298-343f-405c-af97-b2d19041b010:c5303]
2019-09-11 09:06:49,605 [grpc-default-executor-5] INFO  client.GrpcClientProtocolClient (GrpcClientProtocolClient.java:onNext(264)) - client-B22ED198845A->f3174d56-9988-40ec-970b-d447ed545dfb: receive RaftClientReply:client-B22ED198845A->f3174d56-9988-40ec-970b-d447ed545dfb@group-47B82E5F6106, cid=3532, SUCCESS, logIndex=0, commits[f3174d56-9988-40ec-970b-d447ed545dfb:c5309, 3e713ff3-0d17-449f-90fa-609b20cf4c10:c5307, 34290298-343f-405c-af97-b2d19041b010:c5307]
 0.00% |█                                                                                                    |  0/1 Time: 0:00:292019-09-11 09:06:49,631 [grpc-default-executor-4] INFO  client.GrpcClientProtocolClient (GrpcClientProtocolClient.java:onNext(264)) - client-B22ED198845A->f3174d56-9988-40ec-970b-d447ed545dfb: receive RaftClientReply:client-B22ED198845A->f3174d56-9988-40ec-970b-d447ed545dfb@group-47B82E5F6106, cid=3533, SUCCESS, logIndex=5310, commits[f3174d56-9988-40ec-970b-d447ed545dfb:c5310, 3e713ff3-0d17-449f-90fa-609b20cf4c10:c5309, 34290298-343f-405c-af97-b2d19041b010:c5309]
2019-09-11 09:06:49,631 [grpc-default-executor-4] INFO  client.GrpcClientProtocolClient (GrpcClientProtocolClient.java:onNext(264)) - client-B22ED198845A->f3174d56-9988-40ec-970b-d447ed545dfb: receive RaftClientReply:client-B22ED198845A->f3174d56-9988-40ec-970b-d447ed545dfb@group-47B82E5F6106, cid=3534, SUCCESS, logIndex=5311, commits[f3174d56-9988-40ec-970b-d447ed545dfb:c5311, 3e713ff3-0d17-449f-90fa-609b20cf4c10:c5309, 34290298-343f-405c-af97-b2d19041b010:c5309]
2019-09-11 09:06:49,632 [grpc-default-executor-4] INFO  client.GrpcClientProtocolClient (GrpcClientProtocolClient.java:onNext(264)) - client-B22ED198845A->f3174d56-9988-40ec-970b-d447ed545dfb: receive RaftClientReply:client-B22ED198845A->f3174d56-9988-40ec-970b-d447ed545dfb@group-47B82E5F6106, cid=3535, SUCCESS, logIndex=5312, commits[f3174d56-9988-40ec-970b-d447ed545dfb:c5313, 3e713ff3-0d17-449f-90fa-609b20cf4c10:c5309, 34290298-343f-405c-af97-b2d19041b010:c5309]
2019-09-11 09:06:49,632 [grpc-default-executor-4] INFO  client.GrpcClientProtocolClient (GrpcClientProtocolClient.java:onNext(264)) - client-B22ED198845A->f3174d56-9988-40ec-970b-d447ed545dfb: receive RaftClientReply:client-B22ED198845A->f3174d56-9988-40ec-970b-d447ed545dfb@group-47B82E5F6106, cid=3536, SUCCESS, logIndex=5313, commits[f3174d56-9988-40ec-970b-d447ed545dfb:c5313, 3e713ff3-0d17-449f-90fa-609b20cf4c10:c5309, 34290298-343f-405c-af97-b2d19041b010:c5309]
2019-09-11 09:06:49,646 [grpc-default-executor-4] INFO  client.GrpcClientProtocolClient (GrpcClientProtocolClient.java:onNext(264)) - client-B22ED198845A->f3174d56-9988-40ec-970b-d447ed545dfb: receive RaftClientReply:client-B22ED198845A->f3174d56-9988-40ec-970b-d447ed545dfb@group-47B82E5F6106, cid=3537, SUCCESS, logIndex=0, commits[f3174d56-9988-40ec-970b-d447ed545dfb:c5315, 3e713ff3-0d17-449f-90fa-609b20cf4c10:c5311, 34290298-343f-405c-af97-b2d19041b010:c5311]
2019-09-11 09:06:49,666 [grpc-default-executor-2] INFO  client.GrpcClientProtocolClient (GrpcClientProtocolClient.java:onNext(264)) - client-B22ED198845A->f3174d56-9988-40ec-970b-d447ed545dfb: receive RaftClientReply:client-B22ED198845A->f3174d56-9988-40ec-970b-d447ed545dfb@group-47B82E5F6106, cid=3538, SUCCESS, logIndex=5318, commits[f3174d56-9988-40ec-970b-d447ed545dfb:c5319, 3e713ff3-0d17-449f-90fa-609b20cf4c10:c5317, 34290298-343f-405c-af97-b2d19041b010:c5317]
2019-09-11 09:06:49,667 [grpc-default-executor-2] INFO  client.GrpcClientProtocolClient (GrpcClientProtocolClient.java:onNext(264)) - client-B22ED198845A->f3174d56-9988-40ec-970b-d447ed545dfb: receive RaftClientReply:client-B22ED198845A->f3174d56-9988-40ec-970b-d447ed545dfb@group-47B82E5F6106, cid=3539, SUCCESS, logIndex=5319, commits[f3174d56-9988-40ec-970b-d447ed545dfb:c5319, 3e713ff3-0d17-449f-90fa-609b20cf4c10:c5317, 34290298-343f-405c-af97-b2d19041b010:c5317]
2019-09-11 09:06:49,801 [grpc-default-executor-2] INFO  client.GrpcClientProtocolClient (GrpcClientProtocolClient.java:onNext(264)) - client-B22ED198845A->f3174d56-9988-40ec-970b-d447ed545dfb: receive RaftClientReply:client-B22ED198845A->f3174d56-9988-40ec-970b-d447ed545dfb@group-47B82E5F6106, cid=3540, SUCCESS, logIndex=5322, commits[f3174d56-9988-40ec-970b-d447ed545dfb:c5323, 3e713ff3-0d17-449f-90fa-609b20cf4c10:c5319, 34290298-343f-405c-af97-b2d19041b010:c5321]
2019-09-11 09:06:49,801 [grpc-default-executor-2] INFO  client.GrpcClientProtocolClient (GrpcClientProtocolClient.java:onNext(264)) - client-B22ED198845A->f3174d56-9988-40ec-970b-d447ed545dfb: receive RaftClientReply:client-B22ED198845A->f3174d56-9988-40ec-970b-d447ed545dfb@group-47B82E5F6106, cid=3541, SUCCESS, logIndex=5323, commits[f3174d56-9988-40ec-970b-d447ed545dfb:c5323, 3e713ff3-0d17-449f-90fa-609b20cf4c10:c5321, 34290298-343f-405c-af97-b2d19041b010:c5321]
2019-09-11 09:06:49,812 [grpc-default-executor-2] INFO  client.GrpcClientProtocolClient (GrpcClientProtocolClient.java:onNext(264)) - client-B22ED198845A->f3174d56-9988-40ec-970b-d447ed545dfb: receive RaftClientReply:client-B22ED198845A->f3174d56-9988-40ec-970b-d447ed545dfb@group-47B82E5F6106, cid=3542, SUCCESS, logIndex=0, commits[f3174d56-9988-40ec-970b-d447ed545dfb:c5323, 3e713ff3-0d17-449f-90fa-609b20cf4c10:c5323, 34290298-343f-405c-af97-b2d19041b010:c5323]
2019-09-11 09:06:49,843 [grpc-default-executor-4] INFO  client.GrpcClientProtocolClient (GrpcClientProtocolClient.java:onNext(264)) - client-B22ED198845A->f3174d56-9988-40ec-970b-d447ed545dfb: receive RaftClientReply:client-B22ED198845A->f3174d56-9988-40ec-970b-d447ed545dfb@group-47B82E5F6106, cid=3543, SUCCESS, logIndex=5326, commits[f3174d56-9988-40ec-970b-d447ed545dfb:c5326, 3e713ff3-0d17-449f-90fa-609b20cf4c10:c5325, 34290298-343f-405c-af97-b2d19041b010:c5325]
2019-09-11 09:06:49,843 [grpc-default-executor-4] INFO  client.GrpcClientProtocolClient (GrpcClientProtocolClient.java:onNext(264)) - client-B22ED198845A->f3174d56-9988-40ec-970b-d447ed545dfb: receive RaftClientReply:client-B22ED198845A->f3174d56-9988-40ec-970b-d447ed545dfb@group-47B82E5F6106, cid=3544, SUCCESS, logIndex=5327, commits[f3174d56-9988-40ec-970b-d447ed545dfb:c5327, 3e713ff3-0d17-449f-90fa-609b20cf4c10:c5325, 34290298-343f-405c-af97-b2d19041b010:c5325]
2019-09-11 09:06:49,853 [grpc-default-executor-4] INFO  client.GrpcClientProtocolClient (GrpcClientProtocolClient.java:onNext(264)) - client-B22ED198845A->f3174d56-9988-40ec-970b-d447ed545dfb: receive RaftClientReply:client-B22ED198845A->f3174d56-9988-40ec-970b-d447ed545dfb@group-47B82E5F6106, cid=3545, SUCCESS, logIndex=5328, commits[f3174d56-9988-40ec-970b-d447ed545dfb:c5329, 3e713ff3-0d17-449f-90fa-609b20cf4c10:c5325, 34290298-343f-405c-af97-b2d19041b010:c5325]
2019-09-11 09:06:49,853 [grpc-default-executor-5] INFO  client.GrpcClientProtocolClient (GrpcClientProtocolClient.java:onNext(264)) - client-B22ED198845A->f3174d56-9988-40ec-970b-d447ed545dfb: receive RaftClientReply:client-B22ED198845A->f3174d56-9988-40ec-970b-d447ed545dfb@group-47B82E5F6106, cid=3546, SUCCESS, logIndex=5329, commits[f3174d56-9988-40ec-970b-d447ed545dfb:c5329, 3e713ff3-0d17-449f-90fa-609b20cf4c10:c5325, 34290298-343f-405c-af97-b2d19041b010:c5325]
2019-09-11 09:06:49,857 [grpc-default-executor-5] INFO  client.GrpcClientProtocolClient (GrpcClientProtocolClient.java:onNext(264)) - client-B22ED198845A->f3174d56-9988-40ec-970b-d447ed545dfb: receive RaftClientReply:client-B22ED198845A->f3174d56-9988-40ec-970b-d447ed545dfb@group-47B82E5F6106, cid=3547, SUCCESS, logIndex=0, commits[f3174d56-9988-40ec-970b-d447ed545dfb:c5332, 3e713ff3-0d17-449f-90fa-609b20cf4c10:c5327, 34290298-343f-405c-af97-b2d19041b010:c5329]
2019-09-11 09:06:49,876 [grpc-default-executor-4] INFO  client.GrpcClientProtocolClient (GrpcClientProtocolClient.java:onNext(264)) - client-B22ED198845A->f3174d56-9988-40ec-970b-d447ed545dfb: receive RaftClientReply:client-B22ED198845A->f3174d56-9988-40ec-970b-d447ed545dfb@group-47B82E5F6106, cid=3548, SUCCESS, logIndex=5333, commits[f3174d56-9988-40ec-970b-d447ed545dfb:c5334, 3e713ff3-0d17-449f-90fa-609b20cf4c10:c5332, 34290298-343f-405c-af97-b2d19041b010:c5332]
2019-09-11 09:06:49,876 [grpc-default-executor-4] INFO  client.GrpcClientProtocolClient (GrpcClientProtocolClient.java:onNext(264)) - client-B22ED198845A->f3174d56-9988-40ec-970b-d447ed545dfb: receive RaftClientReply:client-B22ED198845A->f3174d56-9988-40ec-970b-d447ed545dfb@group-47B82E5F6106, cid=3549, SUCCESS, logIndex=5334, commits[f3174d56-9988-40ec-970b-d447ed545dfb:c5334, 3e713ff3-0d17-449f-90fa-609b20cf4c10:c5332, 34290298-343f-405c-af97-b2d19041b010:c5332]
2019-09-11 09:06:49,902 [grpc-default-executor-2] INFO  client.GrpcClientProtocolClient (GrpcClientProtocolClient.java:onNext(264)) - client-B22ED198845A->f3174d56-9988-40ec-970b-d447ed545dfb: receive RaftClientReply:client-B22ED198845A->f3174d56-9988-40ec-970b-d447ed545dfb@group-47B82E5F6106, cid=3550, SUCCESS, logIndex=5337, commits[f3174d56-9988-40ec-970b-d447ed545dfb:c5338, 3e713ff3-0d17-449f-90fa-609b20cf4c10:c5334, 34290298-343f-405c-af97-b2d19041b010:c5334]
2019-09-11 09:06:49,903 [grpc-default-executor-2] INFO  client.GrpcClientProtocolClient (GrpcClientProtocolClient.java:onNext(264)) - client-B22ED198845A->f3174d56-9988-40ec-970b-d447ed545dfb: receive RaftClientReply:client-B22ED198845A->f3174d56-9988-40ec-970b-d447ed545dfb@group-47B82E5F6106, cid=3551, SUCCESS, logIndex=5338, commits[f3174d56-9988-40ec-970b-d447ed545dfb:c5338, 3e713ff3-0d17-449f-90fa-609b20cf4c10:c5334, 34290298-343f-405c-af97-b2d19041b010:c5334]
2019-09-11 09:06:49,915 [grpc-default-executor-2] INFO  client.GrpcClientProtocolClient (GrpcClientProtocolClient.java:onNext(264)) - client-B22ED198845A->f3174d56-9988-40ec-970b-d447ed545dfb: receive RaftClientReply:client-B22ED198845A->f3174d56-9988-40ec-970b-d447ed545dfb@group-47B82E5F6106, cid=3552, SUCCESS, logIndex=0, commits[f3174d56-9988-40ec-970b-d447ed545dfb:c5339, 3e713ff3-0d17-449f-90fa-609b20cf4c10:c5338, 34290298-343f-405c-af97-b2d19041b010:c5338]
2019-09-11 09:06:49,937 [grpc-default-executor-4] INFO  client.GrpcClientProtocolClient (GrpcClientProtocolClient.java:onNext(264)) - client-B22ED198845A->f3174d56-9988-40ec-970b-d447ed545dfb: receive RaftClientReply:client-B22ED198845A->f3174d56-9988-40ec-970b-d447ed545dfb@group-47B82E5F6106, cid=3553, SUCCESS, logIndex=5341, commits[f3174d56-9988-40ec-970b-d447ed545dfb:c5342, 3e713ff3-0d17-449f-90fa-609b20cf4c10:c5340, 34290298-343f-405c-af97-b2d19041b010:c5338]
2019-09-11 09:06:49,937 [grpc-default-executor-4] INFO  client.GrpcClientProtocolClient (GrpcClientProtocolClient.java:onNext(264)) - client-B22ED198845A->f3174d56-9988-40ec-970b-d447ed545dfb: receive RaftClientReply:client-B22ED198845A->f3174d56-9988-40ec-970b-d447ed545dfb@group-47B82E5F6106, cid=3554, SUCCESS, logIndex=5342, commits[f3174d56-9988-40ec-970b-d447ed545dfb:c5342, 3e713ff3-0d17-449f-90fa-609b20cf4c10:c5340, 34290298-343f-405c-af97-b2d19041b010:c5338]
2019-09-11 09:06:49,940 [grpc-default-executor-4] INFO  client.GrpcClientProtocolClient (GrpcClientProtocolClient.java:onNext(264)) - client-B22ED198845A->f3174d56-9988-40ec-970b-d447ed545dfb: receive RaftClientReply:client-B22ED198845A->f3174d56-9988-40ec-970b-d447ed545dfb@group-47B82E5F6106, cid=3555, SUCCESS, logIndex=5343, commits[f3174d56-9988-40ec-970b-d447ed545dfb:c5344, 3e713ff3-0d17-449f-90fa-609b20cf4c10:c5340, 34290298-343f-405c-af97-b2d19041b010:c5340]
2019-09-11 09:06:49,940 [grpc-default-executor-4] INFO  client.GrpcClientProtocolClient (GrpcClientProtocolClient.java:onNext(264)) - client-B22ED198845A->f3174d56-9988-40ec-970b-d447ed545dfb: receive RaftClientReply:client-B22ED198845A->f3174d56-9988-40ec-970b-d447ed545dfb@group-47B82E5F6106, cid=3556, SUCCESS, logIndex=5344, commits[f3174d56-9988-40ec-970b-d447ed545dfb:c5344, 3e713ff3-0d17-449f-90fa-609b20cf4c10:c5340, 34290298-343f-405c-af97-b2d19041b010:c5340]
2019-09-11 09:06:49,941 [grpc-default-executor-4] INFO  client.GrpcClientProtocolClient (GrpcClientProtocolClient.java:onNext(264)) - client-B22ED198845A->f3174d56-9988-40ec-970b-d447ed545dfb: receive RaftClientReply:client-B22ED198845A->f3174d56-9988-40ec-970b-d447ed545dfb@group-47B82E5F6106, cid=3557, SUCCESS, logIndex=0, commits[f3174d56-9988-40ec-970b-d447ed545dfb:c5346, 3e713ff3-0d17-449f-90fa-609b20cf4c10:c5342, 34290298-343f-405c-af97-b2d19041b010:c5342]
2019-09-11 09:06:49,951 [grpc-default-executor-4] INFO  client.GrpcClientProtocolClient (GrpcClientProtocolClient.java:onNext(264)) - client-B22ED198845A->f3174d56-9988-40ec-970b-d447ed545dfb: receive RaftClientReply:client-B22ED198845A->f3174d56-9988-40ec-970b-d447ed545dfb@group-47B82E5F6106, cid=3558, SUCCESS, logIndex=5349, commits[f3174d56-9988-40ec-970b-d447ed545dfb:c5350, 3e713ff3-0d17-449f-90fa-609b20cf4c10:c5348, 34290298-343f-405c-af97-b2d19041b010:c5344]
2019-09-11 09:06:49,952 [grpc-default-executor-4] INFO  client.GrpcClientProtocolClient (GrpcClientProtocolClient.java:onNext(264)) - client-B22ED198845A->f3174d56-9988-40ec-970b-d447ed545dfb: receive RaftClientReply:client-B22ED198845A->f3174d56-9988-40ec-970b-d447ed545dfb@group-47B82E5F6106, cid=3559, SUCCESS, logIndex=5350, commits[f3174d56-9988-40ec-970b-d447ed545dfb:c5350, 3e713ff3-0d17-449f-90fa-609b20cf4c10:c5348, 34290298-343f-405c-af97-b2d19041b010:c5348]
2019-09-11 09:06:49,962 [grpc-default-executor-2] INFO  client.GrpcClientProtocolClient (GrpcClientProtocolClient.java:onNext(264)) - client-B22ED198845A->f3174d56-9988-40ec-970b-d447ed545dfb: receive RaftClientReply:client-B22ED198845A->f3174d56-9988-40ec-970b-d447ed545dfb@group-47B82E5F6106, cid=3560, SUCCESS, logIndex=5353, commits[f3174d56-9988-40ec-970b-d447ed545dfb:c5354, 3e713ff3-0d17-449f-90fa-609b20cf4c10:c5350, 34290298-343f-405c-af97-b2d19041b010:c5352]
2019-09-11 09:06:49,962 [grpc-default-executor-2] INFO  client.GrpcClientProtocolClient (GrpcClientProtocolClient.java:onNext(264)) - client-B22ED198845A->f3174d56-9988-40ec-970b-d447ed545dfb: receive RaftClientReply:client-B22ED198845A->f3174d56-9988-40ec-970b-d447ed545dfb@group-47B82E5F6106, cid=3561, SUCCESS, logIndex=5354, commits[f3174d56-9988-40ec-970b-d447ed545dfb:c5354, 3e713ff3-0d17-449f-90fa-609b20cf4c10:c5352, 34290298-343f-405c-af97-b2d19041b010:c5352]
2019-09-11 09:06:49,966 [grpc-default-executor-2] INFO  client.GrpcClientProtocolClient (GrpcClientProtocolClient.java:onNext(264)) - client-B22ED198845A->f3174d56-9988-40ec-970b-d447ed545dfb: receive RaftClientReply:client-B22ED198845A->f3174d56-9988-40ec-970b-d447ed545dfb@group-47B82E5F6106, cid=3562, SUCCESS, logIndex=0, commits[f3174d56-9988-40ec-970b-d447ed545dfb:c5356, 3e713ff3-0d17-449f-90fa-609b20cf4c10:c5354, 34290298-343f-405c-af97-b2d19041b010:c5354]
2019-09-11 09:06:49,984 [grpc-default-executor-4] INFO  client.GrpcClientProtocolClient (GrpcClientProtocolClient.java:onNext(264)) - client-B22ED198845A->f3174d56-9988-40ec-970b-d447ed545dfb: receive RaftClientReply:client-B22ED198845A->f3174d56-9988-40ec-970b-d447ed545dfb@group-47B82E5F6106, cid=3563, SUCCESS, logIndex=5357, commits[f3174d56-9988-40ec-970b-d447ed545dfb:c5358, 3e713ff3-0d17-449f-90fa-609b20cf4c10:c5356, 34290298-343f-405c-af97-b2d19041b010:c5354]
2019-09-11 09:06:49,984 [grpc-default-executor-4] INFO  client.GrpcClientProtocolClient (GrpcClientProtocolClient.java:onNext(264)) - client-B22ED198845A->f3174d56-9988-40ec-970b-d447ed545dfb: receive RaftClientReply:client-B22ED198845A->f3174d56-9988-40ec-970b-d447ed545dfb@group-47B82E5F6106, cid=3564, SUCCESS, logIndex=5358, commits[f3174d56-9988-40ec-970b-d447ed545dfb:c5358, 3e713ff3-0d17-449f-90fa-609b20cf4c10:c5356, 34290298-343f-405c-af97-b2d19041b010:c5354]
2019-09-11 09:06:49,985 [grpc-default-executor-2] INFO  client.GrpcClientProtocolClient (GrpcClientProtocolClient.java:onNext(264)) - client-B22ED198845A->f3174d56-9988-40ec-970b-d447ed545dfb: receive RaftClientReply:client-B22ED198845A->f3174d56-9988-40ec-970b-d447ed545dfb@group-47B82E5F6106, cid=3565, SUCCESS, logIndex=5359, commits[f3174d56-9988-40ec-970b-d447ed545dfb:c5360, 3e713ff3-0d17-449f-90fa-609b20cf4c10:c5357, 34290298-343f-405c-af97-b2d19041b010:c5354]
2019-09-11 09:06:49,986 [grpc-default-executor-2] INFO  client.GrpcClientProtocolClient (GrpcClientProtocolClient.java:onNext(264)) - client-B22ED198845A->f3174d56-9988-40ec-970b-d447ed545dfb: receive RaftClientReply:client-B22ED198845A->f3174d56-9988-40ec-970b-d447ed545dfb@group-47B82E5F6106, cid=3566, SUCCESS, logIndex=5360, commits[f3174d56-9988-40ec-970b-d447ed545dfb:c5362, 3e713ff3-0d17-449f-90fa-609b20cf4c10:c5358, 34290298-343f-405c-af97-b2d19041b010:c5354]
2019-09-11 09:06:49,986 [grpc-default-executor-2] INFO  client.GrpcClientProtocolClient (GrpcClientProtocolClient.java:onNext(264)) - client-B22ED198845A->f3174d56-9988-40ec-970b-d447ed545dfb: receive RaftClientReply:client-B22ED198845A->f3174d56-9988-40ec-970b-d447ed545dfb@group-47B82E5F6106, cid=3567, SUCCESS, logIndex=0, commits[f3174d56-9988-40ec-970b-d447ed545dfb:c5362, 3e713ff3-0d17-449f-90fa-609b20cf4c10:c5358, 34290298-343f-405c-af97-b2d19041b010:c5358]
2019-09-11 09:06:49,996 [grpc-default-executor-0] INFO  client.GrpcClientProtocolClient (GrpcClientProtocolClient.java:onNext(264)) - client-B22ED198845A->f3174d56-9988-40ec-970b-d447ed545dfb: receive RaftClientReply:client-B22ED198845A->f3174d56-9988-40ec-970b-d447ed545dfb@group-47B82E5F6106, cid=3568, SUCCESS, logIndex=5365, commits[f3174d56-9988-40ec-970b-d447ed545dfb:c5366, 3e713ff3-0d17-449f-90fa-609b20cf4c10:c5360, 34290298-343f-405c-af97-b2d19041b010:c5364]
2019-09-11 09:06:49,996 [grpc-default-executor-0] INFO  client.GrpcClientProtocolClient (GrpcClientProtocolClient.java:onNext(264)) - client-B22ED198845A->f3174d56-9988-40ec-970b-d447ed545dfb: receive RaftClientReply:client-B22ED198845A->f3174d56-9988-40ec-970b-d447ed545dfb@group-47B82E5F6106, cid=3569, SUCCESS, logIndex=5366, commits[f3174d56-9988-40ec-970b-d447ed545dfb:c5366, 3e713ff3-0d17-449f-90fa-609b20cf4c10:c5364, 34290298-343f-405c-af97-b2d19041b010:c5364]
2019-09-11 09:06:50,005 [grpc-default-executor-4] INFO  client.GrpcClientProtocolClient (GrpcClientProtocolClient.java:onNext(264)) - client-B22ED198845A->f3174d56-9988-40ec-970b-d447ed545dfb: receive RaftClientReply:client-B22ED198845A->f3174d56-9988-40ec-970b-d447ed545dfb@group-47B82E5F6106, cid=3570, SUCCESS, logIndex=5369, commits[f3174d56-9988-40ec-970b-d447ed545dfb:c5370, 3e713ff3-0d17-449f-90fa-609b20cf4c10:c5368, 34290298-343f-405c-af97-b2d19041b010:c5368]
2019-09-11 09:06:50,005 [grpc-default-executor-4] INFO  client.GrpcClientProtocolClient (GrpcClientProtocolClient.java:onNext(264)) - client-B22ED198845A->f3174d56-9988-40ec-970b-d447ed545dfb: receive RaftClientReply:client-B22ED198845A->f3174d56-9988-40ec-970b-d447ed545dfb@group-47B82E5F6106, cid=3571, SUCCESS, logIndex=5370, commits[f3174d56-9988-40ec-970b-d447ed545dfb:c5370, 3e713ff3-0d17-449f-90fa-609b20cf4c10:c5368, 34290298-343f-405c-af97-b2d19041b010:c5368]
2019-09-11 09:06:50,009 [grpc-default-executor-2] INFO  client.GrpcClientProtocolClient (GrpcClientProtocolClient.java:onNext(264)) - client-B22ED198845A->f3174d56-9988-40ec-970b-d447ed545dfb: receive RaftClientReply:client-B22ED198845A->f3174d56-9988-40ec-970b-d447ed545dfb@group-47B82E5F6106, cid=3572, SUCCESS, logIndex=0, commits[f3174d56-9988-40ec-970b-d447ed545dfb:c5372, 3e713ff3-0d17-449f-90fa-609b20cf4c10:c5370, 34290298-343f-405c-af97-b2d19041b010:c5370]
2019-09-11 09:06:50,031 [grpc-default-executor-0] INFO  client.GrpcClientProtocolClient (GrpcClientProtocolClient.java:onNext(264)) - client-B22ED198845A->f3174d56-9988-40ec-970b-d447ed545dfb: receive RaftClientReply:client-B22ED198845A->f3174d56-9988-40ec-970b-d447ed545dfb@group-47B82E5F6106, cid=3573, SUCCESS, logIndex=5373, commits[f3174d56-9988-40ec-970b-d447ed545dfb:c5374, 3e713ff3-0d17-449f-90fa-609b20cf4c10:c5370, 34290298-343f-405c-af97-b2d19041b010:c5372]
2019-09-11 09:06:50,032 [grpc-default-executor-0] INFO  client.GrpcClientProtocolClient (GrpcClientProtocolClient.java:onNext(264)) - client-B22ED198845A->f3174d56-9988-40ec-970b-d447ed545dfb: receive RaftClientReply:client-B22ED198845A->f3174d56-9988-40ec-970b-d447ed545dfb@group-47B82E5F6106, cid=3574, SUCCESS, logIndex=5374, commits[f3174d56-9988-40ec-970b-d447ed545dfb:c5374, 3e713ff3-0d17-449f-90fa-609b20cf4c10:c5372, 34290298-343f-405c-af97-b2d19041b010:c5372]
2019-09-11 09:06:50,034 [grpc-default-executor-0] INFO  client.GrpcClientProtocolClient (GrpcClientProtocolClient.java:onNext(264)) - client-B22ED198845A->f3174d56-9988-40ec-970b-d447ed545dfb: receive RaftClientReply:client-B22ED198845A->f3174d56-9988-40ec-970b-d447ed545dfb@group-47B82E5F6106, cid=3575, SUCCESS, logIndex=5375, commits[f3174d56-9988-40ec-970b-d447ed545dfb:c5376, 3e713ff3-0d17-449f-90fa-609b20cf4c10:c5372, 34290298-343f-405c-af97-b2d19041b010:c5372]
2019-09-11 09:06:50,034 [grpc-default-executor-0] INFO  client.GrpcClientProtocolClient (GrpcClientProtocolClient.java:onNext(264)) - client-B22ED198845A->f3174d56-9988-40ec-970b-d447ed545dfb: receive RaftClientReply:client-B22ED198845A->f3174d56-9988-40ec-970b-d447ed545dfb@group-47B82E5F6106, cid=3576, SUCCESS, logIndex=5376, commits[f3174d56-9988-40ec-970b-d447ed545dfb:c5376, 3e713ff3-0d17-449f-90fa-609b20cf4c10:c5374, 34290298-343f-405c-af97-b2d19041b010:c5372]
2019-09-11 09:06:50,045 [grpc-default-executor-0] INFO  client.GrpcClientProtocolClient (GrpcClientProtocolClient.java:onNext(264)) - client-B22ED198845A->f3174d56-9988-40ec-970b-d447ed545dfb: receive RaftClientReply:client-B22ED198845A->f3174d56-9988-40ec-970b-d447ed545dfb@group-47B82E5F6106, cid=3577, SUCCESS, logIndex=0, commits[f3174d56-9988-40ec-970b-d447ed545dfb:c5376, 3e713ff3-0d17-449f-90fa-609b20cf4c10:c5374, 34290298-343f-405c-af97-b2d19041b010:c5374]
2019-09-11 09:06:50,063 [grpc-default-executor-0] INFO  client.GrpcClientProtocolClient (GrpcClientProtocolClient.java:onNext(264)) - client-B22ED198845A->f3174d56-9988-40ec-970b-d447ed545dfb: receive RaftClientReply:client-B22ED198845A->f3174d56-9988-40ec-970b-d447ed545dfb@group-47B82E5F6106, cid=3578, SUCCESS, logIndex=5381, commits[f3174d56-9988-40ec-970b-d447ed545dfb:c5381, 3e713ff3-0d17-449f-90fa-609b20cf4c10:c5380, 34290298-343f-405c-af97-b2d19041b010:c5380]
2019-09-11 09:06:50,063 [grpc-default-executor-0] INFO  client.GrpcClientProtocolClient (GrpcClientProtocolClient.java:onNext(264)) - client-B22ED198845A->f3174d56-9988-40ec-970b-d447ed545dfb: receive RaftClientReply:client-B22ED198845A->f3174d56-9988-40ec-970b-d447ed545dfb@group-47B82E5F6106, cid=3579, SUCCESS, logIndex=5382, commits[f3174d56-9988-40ec-970b-d447ed545dfb:c5382, 3e713ff3-0d17-449f-90fa-609b20cf4c10:c5380, 34290298-343f-405c-af97-b2d19041b010:c5380]
2019-09-11 09:06:50,078 [grpc-default-executor-0] INFO  client.GrpcClientProtocolClient (GrpcClientProtocolClient.java:onNext(264)) - client-B22ED198845A->f3174d56-9988-40ec-970b-d447ed545dfb: receive RaftClientReply:client-B22ED198845A->f3174d56-9988-40ec-970b-d447ed545dfb@group-47B82E5F6106, cid=3580, SUCCESS, logIndex=5385, commits[f3174d56-9988-40ec-970b-d447ed545dfb:c5386, 3e713ff3-0d17-449f-90fa-609b20cf4c10:c5382, 34290298-343f-405c-af97-b2d19041b010:c5382]
2019-09-11 09:06:50,079 [grpc-default-executor-0] INFO  client.GrpcClientProtocolClient (GrpcClientProtocolClient.java:onNext(264)) - client-B22ED198845A->f3174d56-9988-40ec-970b-d447ed545dfb: receive RaftClientReply:client-B22ED198845A->f3174d56-9988-40ec-970b-d447ed545dfb@group-47B82E5F6106, cid=3581, SUCCESS, logIndex=5386, commits[f3174d56-9988-40ec-970b-d447ed545dfb:c5386, 3e713ff3-0d17-449f-90fa-609b20cf4c10:c5382, 34290298-343f-405c-af97-b2d19041b010:c5382]
2019-09-11 09:06:50,093 [grpc-default-executor-4] INFO  client.GrpcClientProtocolClient (GrpcClientProtocolClient.java:onNext(264)) - client-B22ED198845A->f3174d56-9988-40ec-970b-d447ed545dfb: receive RaftClientReply:client-B22ED198845A->f3174d56-9988-40ec-970b-d447ed545dfb@group-47B82E5F6106, cid=3582, SUCCESS, logIndex=0, commits[f3174d56-9988-40ec-970b-d447ed545dfb:c5388, 3e713ff3-0d17-449f-90fa-609b20cf4c10:c5386, 34290298-343f-405c-af97-b2d19041b010:c5386]
2019-09-11 09:06:50,119 [grpc-default-executor-0] INFO  client.GrpcClientProtocolClient (GrpcClientProtocolClient.java:onNext(264)) - client-B22ED198845A->f3174d56-9988-40ec-970b-d447ed545dfb: receive RaftClientReply:client-B22ED198845A->f3174d56-9988-40ec-970b-d447ed545dfb@group-47B82E5F6106, cid=3583, SUCCESS, logIndex=5389, commits[f3174d56-9988-40ec-970b-d447ed545dfb:c5390, 3e713ff3-0d17-449f-90fa-609b20cf4c10:c5388, 34290298-343f-405c-af97-b2d19041b010:c5388]
2019-09-11 09:06:50,120 [grpc-default-executor-0] INFO  client.GrpcClientProtocolClient (GrpcClientProtocolClient.java:onNext(264)) - client-B22ED198845A->f3174d56-9988-40ec-970b-d447ed545dfb: receive RaftClientReply:client-B22ED198845A->f3174d56-9988-40ec-970b-d447ed545dfb@group-47B82E5F6106, cid=3584, SUCCESS, logIndex=5390, commits[f3174d56-9988-40ec-970b-d447ed545dfb:c5390, 3e713ff3-0d17-449f-90fa-609b20cf4c10:c5388, 34290298-343f-405c-af97-b2d19041b010:c5388]
2019-09-11 09:06:50,130 [grpc-default-executor-0] INFO  client.GrpcClientProtocolClient (GrpcClientProtocolClient.java:onNext(264)) - client-B22ED198845A->f3174d56-9988-40ec-970b-d447ed545dfb: receive RaftClientReply:client-B22ED198845A->f3174d56-9988-40ec-970b-d447ed545dfb@group-47B82E5F6106, cid=3585, SUCCESS, logIndex=5391, commits[f3174d56-9988-40ec-970b-d447ed545dfb:c5392, 3e713ff3-0d17-449f-90fa-609b20cf4c10:c5388, 34290298-343f-405c-af97-b2d19041b010:c5388]
2019-09-11 09:06:50,130 [grpc-default-executor-0] INFO  client.GrpcClientProtocolClient (GrpcClientProtocolClient.java:onNext(264)) - client-B22ED198845A->f3174d56-9988-40ec-970b-d447ed545dfb: receive RaftClientReply:client-B22ED198845A->f3174d56-9988-40ec-970b-d447ed545dfb@group-47B82E5F6106, cid=3586, SUCCESS, logIndex=5392, commits[f3174d56-9988-40ec-970b-d447ed545dfb:c5392, 3e713ff3-0d17-449f-90fa-609b20cf4c10:c5388, 34290298-343f-405c-af97-b2d19041b010:c5388]
2019-09-11 09:06:50,133 [grpc-default-executor-0] INFO  client.GrpcClientProtocolClient (GrpcClientProtocolClient.java:onNext(264)) - client-B22ED198845A->f3174d56-9988-40ec-970b-d447ed545dfb: receive RaftClientReply:client-B22ED198845A->f3174d56-9988-40ec-970b-d447ed545dfb@group-47B82E5F6106, cid=3587, SUCCESS, logIndex=0, commits[f3174d56-9988-40ec-970b-d447ed545dfb:c5395, 3e713ff3-0d17-449f-90fa-609b20cf4c10:c5390, 34290298-343f-405c-af97-b2d19041b010:c5390]
2019-09-11 09:06:50,151 [grpc-default-executor-5] INFO  client.GrpcClientProtocolClient (GrpcClientProtocolClient.java:onNext(264)) - client-B22ED198845A->f3174d56-9988-40ec-970b-d447ed545dfb: receive RaftClientReply:client-B22ED198845A->f3174d56-9988-40ec-970b-d447ed545dfb@group-47B82E5F6106, cid=3588, SUCCESS, logIndex=5397, commits[f3174d56-9988-40ec-970b-d447ed545dfb:c5398, 3e713ff3-0d17-449f-90fa-609b20cf4c10:c5396, 34290298-343f-405c-af97-b2d19041b010:c5396]
2019-09-11 09:06:50,151 [grpc-default-executor-5] INFO  client.GrpcClientProtocolClient (GrpcClientProtocolClient.java:onNext(264)) - client-B22ED198845A->f3174d56-9988-40ec-970b-d447ed545dfb: receive RaftClientReply:client-B22ED198845A->f3174d56-9988-40ec-970b-d447ed545dfb@group-47B82E5F6106, cid=3589, SUCCESS, logIndex=5398, commits[f3174d56-9988-40ec-970b-d447ed545dfb:c5398, 3e713ff3-0d17-449f-90fa-609b20cf4c10:c5396, 34290298-343f-405c-af97-b2d19041b010:c5396]
2019-09-11 09:06:50,164 [grpc-default-executor-0] INFO  client.GrpcClientProtocolClient (GrpcClientProtocolClient.java:onNext(264)) - client-B22ED198845A->f3174d56-9988-40ec-970b-d447ed545dfb: receive RaftClientReply:client-B22ED198845A->f3174d56-9988-40ec-970b-d447ed545dfb@group-47B82E5F6106, cid=3590, SUCCESS, logIndex=5401, commits[f3174d56-9988-40ec-970b-d447ed545dfb:c5401, 3e713ff3-0d17-449f-90fa-609b20cf4c10:c5398, 34290298-343f-405c-af97-b2d19041b010:c5398]
2019-09-11 09:06:50,164 [grpc-default-executor-0] INFO  client.GrpcClientProtocolClient (GrpcClientProtocolClient.java:onNext(264)) - client-B22ED198845A->f3174d56-9988-40ec-970b-d447ed545dfb: receive RaftClientReply:client-B22ED198845A->f3174d56-9988-40ec-970b-d447ed545dfb@group-47B82E5F6106, cid=3591, SUCCESS, logIndex=5402, commits[f3174d56-9988-40ec-970b-d447ed545dfb:c5402, 3e713ff3-0d17-449f-90fa-609b20cf4c10:c5398, 34290298-343f-405c-af97-b2d19041b010:c5398]
2019-09-11 09:06:50,166 [grpc-default-executor-0] INFO  client.GrpcClientProtocolClient (GrpcClientProtocolClient.java:onNext(264)) - client-B22ED198845A->f3174d56-9988-40ec-970b-d447ed545dfb: receive RaftClientReply:client-B22ED198845A->f3174d56-9988-40ec-970b-d447ed545dfb@group-47B82E5F6106, cid=3592, SUCCESS, logIndex=0, commits[f3174d56-9988-40ec-970b-d447ed545dfb:c5404, 3e713ff3-0d17-449f-90fa-609b20cf4c10:c5402, 34290298-343f-405c-af97-b2d19041b010:c5402]
2019-09-11 09:06:50,196 [grpc-default-executor-4] INFO  client.GrpcClientProtocolClient (GrpcClientProtocolClient.java:onNext(264)) - client-B22ED198845A->f3174d56-9988-40ec-970b-d447ed545dfb: receive RaftClientReply:client-B22ED198845A->f3174d56-9988-40ec-970b-d447ed545dfb@group-47B82E5F6106, cid=3593, SUCCESS, logIndex=5405, commits[f3174d56-9988-40ec-970b-d447ed545dfb:c5406, 3e713ff3-0d17-449f-90fa-609b20cf4c10:c5404, 34290298-343f-405c-af97-b2d19041b010:c5404]
2019-09-11 09:06:50,196 [grpc-default-executor-4] INFO  client.GrpcClientProtocolClient (GrpcClientProtocolClient.java:onNext(264)) - client-B22ED198845A->f3174d56-9988-40ec-970b-d447ed545dfb: receive RaftClientReply:client-B22ED198845A->f3174d56-9988-40ec-970b-d447ed545dfb@group-47B82E5F6106, cid=3594, SUCCESS, logIndex=5406, commits[f3174d56-9988-40ec-970b-d447ed545dfb:c5406, 3e713ff3-0d17-449f-90fa-609b20cf4c10:c5404, 34290298-343f-405c-af97-b2d19041b010:c5404]
2019-09-11 09:06:50,199 [grpc-default-executor-5] INFO  client.GrpcClientProtocolClient (GrpcClientProtocolClient.java:onNext(264)) - client-B22ED198845A->f3174d56-9988-40ec-970b-d447ed545dfb: receive RaftClientReply:client-B22ED198845A->f3174d56-9988-40ec-970b-d447ed545dfb@group-47B82E5F6106, cid=3595, SUCCESS, logIndex=5407, commits[f3174d56-9988-40ec-970b-d447ed545dfb:c5407, 3e713ff3-0d17-449f-90fa-609b20cf4c10:c5404, 34290298-343f-405c-af97-b2d19041b010:c5404]
2019-09-11 09:06:50,199 [grpc-default-executor-5] INFO  client.GrpcClientProtocolClient (GrpcClientProtocolClient.java:onNext(264)) - client-B22ED198845A->f3174d56-9988-40ec-970b-d447ed545dfb: receive RaftClientReply:client-B22ED198845A->f3174d56-9988-40ec-970b-d447ed545dfb@group-47B82E5F6106, cid=3596, SUCCESS, logIndex=5408, commits[f3174d56-9988-40ec-970b-d447ed545dfb:c5408, 3e713ff3-0d17-449f-90fa-609b20cf4c10:c5404, 34290298-343f-405c-af97-b2d19041b010:c5404]
2019-09-11 09:06:50,202 [grpc-default-executor-4] INFO  client.GrpcClientProtocolClient (GrpcClientProtocolClient.java:onNext(264)) - client-B22ED198845A->f3174d56-9988-40ec-970b-d447ed545dfb: receive RaftClientReply:client-B22ED198845A->f3174d56-9988-40ec-970b-d447ed545dfb@group-47B82E5F6106, cid=3597, SUCCESS, logIndex=0, commits[f3174d56-9988-40ec-970b-d447ed545dfb:c5410, 3e713ff3-0d17-449f-90fa-609b20cf4c10:c5406, 34290298-343f-405c-af97-b2d19041b010:c5406]
2019-09-11 09:06:50,212 [grpc-default-executor-5] INFO  client.GrpcClientProtocolClient (GrpcClientProtocolClient.java:onNext(264)) - client-B22ED198845A->f3174d56-9988-40ec-970b-d447ed545dfb: receive RaftClientReply:client-B22ED198845A->f3174d56-9988-40ec-970b-d447ed545dfb@group-47B82E5F6106, cid=3598, SUCCESS, logIndex=5413, commits[f3174d56-9988-40ec-970b-d447ed545dfb:c5414, 3e713ff3-0d17-449f-90fa-609b20cf4c10:c5408, 34290298-343f-405c-af97-b2d19041b010:c5412]
2019-09-11 09:06:50,212 [grpc-default-executor-5] INFO  client.GrpcClientProtocolClient (GrpcClientProtocolClient.java:onNext(264)) - client-B22ED198845A->f3174d56-9988-40ec-970b-d447ed545dfb: receive RaftClientReply:client-B22ED198845A->f3174d56-9988-40ec-970b-d447ed545dfb@group-47B82E5F6106, cid=3599, SUCCESS, logIndex=5414, commits[f3174d56-9988-40ec-970b-d447ed545dfb:c5414, 3e713ff3-0d17-449f-90fa-609b20cf4c10:c5412, 34290298-343f-405c-af97-b2d19041b010:c5412]
2019-09-11 09:06:50,221 [grpc-default-executor-5] INFO  client.GrpcClientProtocolClient (GrpcClientProtocolClient.java:onNext(264)) - client-B22ED198845A->f3174d56-9988-40ec-970b-d447ed545dfb: receive RaftClientReply:client-B22ED198845A->f3174d56-9988-40ec-970b-d447ed545dfb@group-47B82E5F6106, cid=3600, SUCCESS, logIndex=5417, commits[f3174d56-9988-40ec-970b-d447ed545dfb:c5418, 3e713ff3-0d17-449f-90fa-609b20cf4c10:c5416, 34290298-343f-405c-af97-b2d19041b010:c5414]
2019-09-11 09:06:50,222 [grpc-default-executor-5] INFO  client.GrpcClientProtocolClient (GrpcClientProtocolClient.java:onNext(264)) - client-B22ED198845A->f3174d56-9988-40ec-970b-d447ed545dfb: receive RaftClientReply:client-B22ED198845A->f3174d56-9988-40ec-970b-d447ed545dfb@group-47B82E5F6106, cid=3601, SUCCESS, logIndex=5418, commits[f3174d56-9988-40ec-970b-d447ed545dfb:c5418, 3e713ff3-0d17-449f-90fa-609b20cf4c10:c5416, 34290298-343f-405c-af97-b2d19041b010:c5416]
2019-09-11 09:06:50,224 [grpc-default-executor-2] INFO  client.GrpcClientProtocolClient (GrpcClientProtocolClient.java:onNext(264)) - client-B22ED198845A->f3174d56-9988-40ec-970b-d447ed545dfb: receive RaftClientReply:client-B22ED198845A->f3174d56-9988-40ec-970b-d447ed545dfb@group-47B82E5F6106, cid=3602, SUCCESS, logIndex=0, commits[f3174d56-9988-40ec-970b-d447ed545dfb:c5419, 3e713ff3-0d17-449f-90fa-609b20cf4c10:c5418, 34290298-343f-405c-af97-b2d19041b010:c5418]
2019-09-11 09:06:50,242 [grpc-default-executor-5] INFO  client.GrpcClientProtocolClient (GrpcClientProtocolClient.java:onNext(264)) - client-B22ED198845A->f3174d56-9988-40ec-970b-d447ed545dfb: receive RaftClientReply:client-B22ED198845A->f3174d56-9988-40ec-970b-d447ed545dfb@group-47B82E5F6106, cid=3603, SUCCESS, logIndex=5421, commits[f3174d56-9988-40ec-970b-d447ed545dfb:c5422, 3e713ff3-0d17-449f-90fa-609b20cf4c10:c5420, 34290298-343f-405c-af97-b2d19041b010:c5418]
2019-09-11 09:06:50,243 [grpc-default-executor-5] INFO  client.GrpcClientProtocolClient (GrpcClientProtocolClient.java:onNext(264)) - client-B22ED198845A->f3174d56-9988-40ec-970b-d447ed545dfb: receive RaftClientReply:client-B22ED198845A->f3174d56-9988-40ec-970b-d447ed545dfb@group-47B82E5F6106, cid=3604, SUCCESS, logIndex=5422, commits[f3174d56-9988-40ec-970b-d447ed545dfb:c5422, 3e713ff3-0d17-449f-90fa-609b20cf4c10:c5420, 34290298-343f-405c-af97-b2d19041b010:c5418]
2019-09-11 09:06:50,247 [grpc-default-executor-4] INFO  client.GrpcClientProtocolClient (GrpcClientProtocolClient.java:onNext(264)) - client-B22ED198845A->f3174d56-9988-40ec-970b-d447ed545dfb: receive RaftClientReply:client-B22ED198845A->f3174d56-9988-40ec-970b-d447ed545dfb@group-47B82E5F6106, cid=3605, SUCCESS, logIndex=5423, commits[f3174d56-9988-40ec-970b-d447ed545dfb:c5423, 3e713ff3-0d17-449f-90fa-609b20cf4c10:c5420, 34290298-343f-405c-af97-b2d19041b010:c5420]
2019-09-11 09:06:50,247 [grpc-default-executor-4] INFO  client.GrpcClientProtocolClient (GrpcClientProtocolClient.java:onNext(264)) - client-B22ED198845A->f3174d56-9988-40ec-970b-d447ed545dfb: receive RaftClientReply:client-B22ED198845A->f3174d56-9988-40ec-970b-d447ed545dfb@group-47B82E5F6106, cid=3606, SUCCESS, logIndex=5424, commits[f3174d56-9988-40ec-970b-d447ed545dfb:c5424, 3e713ff3-0d17-449f-90fa-609b20cf4c10:c5420, 34290298-343f-405c-af97-b2d19041b010:c5420]
2019-09-11 09:06:50,250 [grpc-default-executor-2] INFO  client.GrpcClientProtocolClient (GrpcClientProtocolClient.java:onNext(264)) - client-B22ED198845A->f3174d56-9988-40ec-970b-d447ed545dfb: receive RaftClientReply:client-B22ED198845A->f3174d56-9988-40ec-970b-d447ed545dfb@group-47B82E5F6106, cid=3607, SUCCESS, logIndex=0, commits[f3174d56-9988-40ec-970b-d447ed545dfb:c5425, 3e713ff3-0d17-449f-90fa-609b20cf4c10:c5422, 34290298-343f-405c-af97-b2d19041b010:c5422]
2019-09-11 09:06:50,292 [grpc-default-executor-5] INFO  client.GrpcClientProtocolClient (GrpcClientProtocolClient.java:onNext(264)) - client-B22ED198845A->f3174d56-9988-40ec-970b-d447ed545dfb: receive RaftClientReply:client-B22ED198845A->f3174d56-9988-40ec-970b-d447ed545dfb@group-47B82E5F6106, cid=3608, SUCCESS, logIndex=5429, commits[f3174d56-9988-40ec-970b-d447ed545dfb:c5430, 3e713ff3-0d17-449f-90fa-609b20cf4c10:c5428, 34290298-343f-405c-af97-b2d19041b010:c5428]
2019-09-11 09:06:50,293 [grpc-default-executor-5] INFO  client.GrpcClientProtocolClient (GrpcClientProtocolClient.java:onNext(264)) - client-B22ED198845A->f3174d56-9988-40ec-970b-d447ed545dfb: receive RaftClientReply:client-B22ED198845A->f3174d56-9988-40ec-970b-d447ed545dfb@group-47B82E5F6106, cid=3609, SUCCESS, logIndex=5430, commits[f3174d56-9988-40ec-970b-d447ed545dfb:c5430, 3e713ff3-0d17-449f-90fa-609b20cf4c10:c5428, 34290298-343f-405c-af97-b2d19041b010:c5428]
2019-09-11 09:06:50,307 [grpc-default-executor-5] INFO  client.GrpcClientProtocolClient (GrpcClientProtocolClient.java:onNext(264)) - client-B22ED198845A->f3174d56-9988-40ec-970b-d447ed545dfb: receive RaftClientReply:client-B22ED198845A->f3174d56-9988-40ec-970b-d447ed545dfb@group-47B82E5F6106, cid=3610, SUCCESS, logIndex=5433, commits[f3174d56-9988-40ec-970b-d447ed545dfb:c5434, 3e713ff3-0d17-449f-90fa-609b20cf4c10:c5430, 34290298-343f-405c-af97-b2d19041b010:c5430]
2019-09-11 09:06:50,307 [grpc-default-executor-5] INFO  client.GrpcClientProtocolClient (GrpcClientProtocolClient.java:onNext(264)) - client-B22ED198845A->f3174d56-9988-40ec-970b-d447ed545dfb: receive RaftClientReply:client-B22ED198845A->f3174d56-9988-40ec-970b-d447ed545dfb@group-47B82E5F6106, cid=3611, SUCCESS, logIndex=5434, commits[f3174d56-9988-40ec-970b-d447ed545dfb:c5434, 3e713ff3-0d17-449f-90fa-609b20cf4c10:c5430, 34290298-343f-405c-af97-b2d19041b010:c5430]
2019-09-11 09:06:50,321 [grpc-default-executor-5] INFO  client.GrpcClientProtocolClient (GrpcClientProtocolClient.java:onNext(264)) - client-B22ED198845A->f3174d56-9988-40ec-970b-d447ed545dfb: receive RaftClientReply:client-B22ED198845A->f3174d56-9988-40ec-970b-d447ed545dfb@group-47B82E5F6106, cid=3612, SUCCESS, logIndex=0, commits[f3174d56-9988-40ec-970b-d447ed545dfb:c5436, 3e713ff3-0d17-449f-90fa-609b20cf4c10:c5434, 34290298-343f-405c-af97-b2d19041b010:c5434]
2019-09-11 09:06:50,353 [grpc-default-executor-0] INFO  client.GrpcClientProtocolClient (GrpcClientProtocolClient.java:onNext(264)) - client-B22ED198845A->f3174d56-9988-40ec-970b-d447ed545dfb: receive RaftClientReply:client-B22ED198845A->f3174d56-9988-40ec-970b-d447ed545dfb@group-47B82E5F6106, cid=3613, SUCCESS, logIndex=5437, commits[f3174d56-9988-40ec-970b-d447ed545dfb:c5439, 3e713ff3-0d17-449f-90fa-609b20cf4c10:c5436, 34290298-343f-405c-af97-b2d19041b010:c5436]
2019-09-11 09:06:50,354 [grpc-default-executor-0] INFO  client.GrpcClientProtocolClient (GrpcClientProtocolClient.java:onNext(264)) - client-B22ED198845A->f3174d56-9988-40ec-970b-d447ed545dfb: receive RaftClientReply:client-B22ED198845A->f3174d56-9988-40ec-970b-d447ed545dfb@group-47B82E5F6106, cid=3614, SUCCESS, logIndex=5438, commits[f3174d56-9988-40ec-970b-d447ed545dfb:c5440, 3e713ff3-0d17-449f-90fa-609b20cf4c10:c5436, 34290298-343f-405c-af97-b2d19041b010:c5436]
2019-09-11 09:06:50,355 [grpc-default-executor-0] INFO  client.GrpcClientProtocolClient (GrpcClientProtocolClient.java:onNext(264)) - client-B22ED198845A->f3174d56-9988-40ec-970b-d447ed545dfb: receive RaftClientReply:client-B22ED198845A->f3174d56-9988-40ec-970b-d447ed545dfb@group-47B82E5F6106, cid=3615, SUCCESS, logIndex=5439, commits[f3174d56-9988-40ec-970b-d447ed545dfb:c5440, 3e713ff3-0d17-449f-90fa-609b20cf4c10:c5436, 34290298-343f-405c-af97-b2d19041b010:c5436]
2019-09-11 09:06:50,355 [grpc-default-executor-0] INFO  client.GrpcClientProtocolClient (GrpcClientProtocolClient.java:onNext(264)) - client-B22ED198845A->f3174d56-9988-40ec-970b-d447ed545dfb: receive RaftClientReply:client-B22ED198845A->f3174d56-9988-40ec-970b-d447ed545dfb@group-47B82E5F6106, cid=3616, SUCCESS, logIndex=5440, commits[f3174d56-9988-40ec-970b-d447ed545dfb:c5440, 3e713ff3-0d17-449f-90fa-609b20cf4c10:c5436, 34290298-343f-405c-af97-b2d19041b010:c5436]
2019-09-11 09:06:50,356 [grpc-default-executor-0] INFO  client.GrpcClientProtocolClient (GrpcClientProtocolClient.java:onNext(264)) - client-B22ED198845A->f3174d56-9988-40ec-970b-d447ed545dfb: receive RaftClientReply:client-B22ED198845A->f3174d56-9988-40ec-970b-d447ed545dfb@group-47B82E5F6106, cid=3617, SUCCESS, logIndex=0, commits[f3174d56-9988-40ec-970b-d447ed545dfb:c5441, 3e713ff3-0d17-449f-90fa-609b20cf4c10:c5438, 34290298-343f-405c-af97-b2d19041b010:c5438]
2019-09-11 09:06:50,374 [grpc-default-executor-2] INFO  client.GrpcClientProtocolClient (GrpcClientProtocolClient.java:onNext(264)) - client-B22ED198845A->f3174d56-9988-40ec-970b-d447ed545dfb: receive RaftClientReply:client-B22ED198845A->f3174d56-9988-40ec-970b-d447ed545dfb@group-47B82E5F6106, cid=3618, SUCCESS, logIndex=5445, commits[f3174d56-9988-40ec-970b-d447ed545dfb:c5446, 3e713ff3-0d17-449f-90fa-609b20cf4c10:c5444, 34290298-343f-405c-af97-b2d19041b010:c5444]
2019-09-11 09:06:50,374 [grpc-default-executor-2] INFO  client.GrpcClientProtocolClient (GrpcClientProtocolClient.java:onNext(264)) - client-B22ED198845A->f3174d56-9988-40ec-970b-d447ed545dfb: receive RaftClientReply:client-B22ED198845A->f3174d56-9988-40ec-970b-d447ed545dfb@group-47B82E5F6106, cid=3619, SUCCESS, logIndex=5446, commits[f3174d56-9988-40ec-970b-d447ed545dfb:c5446, 3e713ff3-0d17-449f-90fa-609b20cf4c10:c5444, 34290298-343f-405c-af97-b2d19041b010:c5444]
2019-09-11 09:06:50,390 [grpc-default-executor-0] INFO  client.GrpcClientProtocolClient (GrpcClientProtocolClient.java:onNext(264)) - client-B22ED198845A->f3174d56-9988-40ec-970b-d447ed545dfb: receive RaftClientReply:client-B22ED198845A->f3174d56-9988-40ec-970b-d447ed545dfb@group-47B82E5F6106, cid=3620, SUCCESS, logIndex=5449, commits[f3174d56-9988-40ec-970b-d447ed545dfb:c5450, 3e713ff3-0d17-449f-90fa-609b20cf4c10:c5446, 34290298-343f-405c-af97-b2d19041b010:c5446]
2019-09-11 09:06:50,390 [grpc-default-executor-0] INFO  client.GrpcClientProtocolClient (GrpcClientProtocolClient.java:onNext(264)) - client-B22ED198845A->f3174d56-9988-40ec-970b-d447ed545dfb: receive RaftClientReply:client-B22ED198845A->f3174d56-9988-40ec-970b-d447ed545dfb@group-47B82E5F6106, cid=3621, SUCCESS, logIndex=5450, commits[f3174d56-9988-40ec-970b-d447ed545dfb:c5450, 3e713ff3-0d17-449f-90fa-609b20cf4c10:c5446, 34290298-343f-405c-af97-b2d19041b010:c5446]
2019-09-11 09:06:50,403 [grpc-default-executor-2] INFO  client.GrpcClientProtocolClient (GrpcClientProtocolClient.java:onNext(264)) - client-B22ED198845A->f3174d56-9988-40ec-970b-d447ed545dfb: receive RaftClientReply:client-B22ED198845A->f3174d56-9988-40ec-970b-d447ed545dfb@group-47B82E5F6106, cid=3622, SUCCESS, logIndex=0, commits[f3174d56-9988-40ec-970b-d447ed545dfb:c5452, 3e713ff3-0d17-449f-90fa-609b20cf4c10:c5450, 34290298-343f-405c-af97-b2d19041b010:c5450]
2019-09-11 09:06:50,430 [grpc-default-executor-4] INFO  client.GrpcClientProtocolClient (GrpcClientProtocolClient.java:onNext(264)) - client-B22ED198845A->f3174d56-9988-40ec-970b-d447ed545dfb: receive RaftClientReply:client-B22ED198845A->f3174d56-9988-40ec-970b-d447ed545dfb@group-47B82E5F6106, cid=3623, SUCCESS, logIndex=5453, commits[f3174d56-9988-40ec-970b-d447ed545dfb:c5454, 3e713ff3-0d17-449f-90fa-609b20cf4c10:c5452, 34290298-343f-405c-af97-b2d19041b010:c5452]
2019-09-11 09:06:50,430 [grpc-default-executor-4] INFO  client.GrpcClientProtocolClient (GrpcClientProtocolClient.java:onNext(264)) - client-B22ED198845A->f3174d56-9988-40ec-970b-d447ed545dfb: receive RaftClientReply:client-B22ED198845A->f3174d56-9988-40ec-970b-d447ed545dfb@group-47B82E5F6106, cid=3624, SUCCESS, logIndex=5454, commits[f3174d56-9988-40ec-970b-d447ed545dfb:c5454, 3e713ff3-0d17-449f-90fa-609b20cf4c10:c5452, 34290298-343f-405c-af97-b2d19041b010:c5452]
2019-09-11 09:06:50,431 [grpc-default-executor-2] INFO  client.GrpcClientProtocolClient (GrpcClientProtocolClient.java:onNext(264)) - client-B22ED198845A->f3174d56-9988-40ec-970b-d447ed545dfb: receive RaftClientReply:client-B22ED198845A->f3174d56-9988-40ec-970b-d447ed545dfb@group-47B82E5F6106, cid=3625, SUCCESS, logIndex=5455, commits[f3174d56-9988-40ec-970b-d447ed545dfb:c5456, 3e713ff3-0d17-449f-90fa-609b20cf4c10:c5452, 34290298-343f-405c-af97-b2d19041b010:c5452]
2019-09-11 09:06:50,432 [grpc-default-executor-2] INFO  client.GrpcClientProtocolClient (GrpcClientProtocolClient.java:onNext(264)) - client-B22ED198845A->f3174d56-9988-40ec-970b-d447ed545dfb: receive RaftClientReply:client-B22ED198845A->f3174d56-9988-40ec-970b-d447ed545dfb@group-47B82E5F6106, cid=3626, SUCCESS, logIndex=5456, commits[f3174d56-9988-40ec-970b-d447ed545dfb:c5456, 3e713ff3-0d17-449f-90fa-609b20cf4c10:c5452, 34290298-343f-405c-af97-b2d19041b010:c5452]
2019-09-11 09:06:50,432 [grpc-default-executor-2] INFO  client.GrpcClientProtocolClient (GrpcClientProtocolClient.java:onNext(264)) - client-B22ED198845A->f3174d56-9988-40ec-970b-d447ed545dfb: receive RaftClientReply:client-B22ED198845A->f3174d56-9988-40ec-970b-d447ed545dfb@group-47B82E5F6106, cid=3627, SUCCESS, logIndex=0, commits[f3174d56-9988-40ec-970b-d447ed545dfb:c5457, 3e713ff3-0d17-449f-90fa-609b20cf4c10:c5454, 34290298-343f-405c-af97-b2d19041b010:c5454]
2019-09-11 09:06:50,450 [grpc-default-executor-2] INFO  client.GrpcClientProtocolClient (GrpcClientProtocolClient.java:onNext(264)) - client-B22ED198845A->f3174d56-9988-40ec-970b-d447ed545dfb: receive RaftClientReply:client-B22ED198845A->f3174d56-9988-40ec-970b-d447ed545dfb@group-47B82E5F6106, cid=3628, SUCCESS, logIndex=5461, commits[f3174d56-9988-40ec-970b-d447ed545dfb:c5462, 3e713ff3-0d17-449f-90fa-609b20cf4c10:c5460, 34290298-343f-405c-af97-b2d19041b010:c5460]
2019-09-11 09:06:50,450 [grpc-default-executor-2] INFO  client.GrpcClientProtocolClient (GrpcClientProtocolClient.java:onNext(264)) - client-B22ED198845A->f3174d56-9988-40ec-970b-d447ed545dfb: receive RaftClientReply:client-B22ED198845A->f3174d56-9988-40ec-970b-d447ed545dfb@group-47B82E5F6106, cid=3629, SUCCESS, logIndex=5462, commits[f3174d56-9988-40ec-970b-d447ed545dfb:c5462, 3e713ff3-0d17-449f-90fa-609b20cf4c10:c5460, 34290298-343f-405c-af97-b2d19041b010:c5460]
2019-09-11 09:06:50,585 [grpc-default-executor-0] INFO  client.GrpcClientProtocolClient (GrpcClientProtocolClient.java:onNext(264)) - client-B22ED198845A->f3174d56-9988-40ec-970b-d447ed545dfb: receive RaftClientReply:client-B22ED198845A->f3174d56-9988-40ec-970b-d447ed545dfb@group-47B82E5F6106, cid=3630, SUCCESS, logIndex=5465, commits[f3174d56-9988-40ec-970b-d447ed545dfb:c5466, 3e713ff3-0d17-449f-90fa-609b20cf4c10:c5463, 34290298-343f-405c-af97-b2d19041b010:c5463]
2019-09-11 09:06:50,586 [grpc-default-executor-0] INFO  client.GrpcClientProtocolClient (GrpcClientProtocolClient.java:onNext(264)) - client-B22ED198845A->f3174d56-9988-40ec-970b-d447ed545dfb: receive RaftClientReply:client-B22ED198845A->f3174d56-9988-40ec-970b-d447ed545dfb@group-47B82E5F6106, cid=3631, SUCCESS, logIndex=5466, commits[f3174d56-9988-40ec-970b-d447ed545dfb:c5466, 3e713ff3-0d17-449f-90fa-609b20cf4c10:c5463, 34290298-343f-405c-af97-b2d19041b010:c5463]
2019-09-11 09:06:50,597 [grpc-default-executor-2] INFO  client.GrpcClientProtocolClient (GrpcClientProtocolClient.java:onNext(264)) - client-B22ED198845A->f3174d56-9988-40ec-970b-d447ed545dfb: receive RaftClientReply:client-B22ED198845A->f3174d56-9988-40ec-970b-d447ed545dfb@group-47B82E5F6106, cid=3632, SUCCESS, logIndex=0, commits[f3174d56-9988-40ec-970b-d447ed545dfb:c5467, 3e713ff3-0d17-449f-90fa-609b20cf4c10:c5466, 34290298-343f-405c-af97-b2d19041b010:c5466]
 0.00% |█                                                                                                    |  0/1 Time: 0:00:302019-09-11 09:06:50,629 [grpc-default-executor-4] INFO  client.GrpcClientProtocolClient (GrpcClientProtocolClient.java:onNext(264)) - client-B22ED198845A->f3174d56-9988-40ec-970b-d447ed545dfb: receive RaftClientReply:client-B22ED198845A->f3174d56-9988-40ec-970b-d447ed545dfb@group-47B82E5F6106, cid=3633, SUCCESS, logIndex=5469, commits[f3174d56-9988-40ec-970b-d447ed545dfb:c5470, 3e713ff3-0d17-449f-90fa-609b20cf4c10:c5468, 34290298-343f-405c-af97-b2d19041b010:c5468]
2019-09-11 09:06:50,630 [grpc-default-executor-4] INFO  client.GrpcClientProtocolClient (GrpcClientProtocolClient.java:onNext(264)) - client-B22ED198845A->f3174d56-9988-40ec-970b-d447ed545dfb: receive RaftClientReply:client-B22ED198845A->f3174d56-9988-40ec-970b-d447ed545dfb@group-47B82E5F6106, cid=3634, SUCCESS, logIndex=5470, commits[f3174d56-9988-40ec-970b-d447ed545dfb:c5470, 3e713ff3-0d17-449f-90fa-609b20cf4c10:c5468, 34290298-343f-405c-af97-b2d19041b010:c5468]
2019-09-11 09:06:50,631 [grpc-default-executor-4] INFO  client.GrpcClientProtocolClient (GrpcClientProtocolClient.java:onNext(264)) - client-B22ED198845A->f3174d56-9988-40ec-970b-d447ed545dfb: receive RaftClientReply:client-B22ED198845A->f3174d56-9988-40ec-970b-d447ed545dfb@group-47B82E5F6106, cid=3635, SUCCESS, logIndex=5471, commits[f3174d56-9988-40ec-970b-d447ed545dfb:c5472, 3e713ff3-0d17-449f-90fa-609b20cf4c10:c5468, 34290298-343f-405c-af97-b2d19041b010:c5468]
2019-09-11 09:06:50,631 [grpc-default-executor-4] INFO  client.GrpcClientProtocolClient (GrpcClientProtocolClient.java:onNext(264)) - client-B22ED198845A->f3174d56-9988-40ec-970b-d447ed545dfb: receive RaftClientReply:client-B22ED198845A->f3174d56-9988-40ec-970b-d447ed545dfb@group-47B82E5F6106, cid=3636, SUCCESS, logIndex=5472, commits[f3174d56-9988-40ec-970b-d447ed545dfb:c5472, 3e713ff3-0d17-449f-90fa-609b20cf4c10:c5468, 34290298-343f-405c-af97-b2d19041b010:c5468]
2019-09-11 09:06:50,646 [grpc-default-executor-4] INFO  client.GrpcClientProtocolClient (GrpcClientProtocolClient.java:onNext(264)) - client-B22ED198845A->f3174d56-9988-40ec-970b-d447ed545dfb: receive RaftClientReply:client-B22ED198845A->f3174d56-9988-40ec-970b-d447ed545dfb@group-47B82E5F6106, cid=3637, SUCCESS, logIndex=0, commits[f3174d56-9988-40ec-970b-d447ed545dfb:c5474, 3e713ff3-0d17-449f-90fa-609b20cf4c10:c5470, 34290298-343f-405c-af97-b2d19041b010:c5470]
2019-09-11 09:06:50,658 [grpc-default-executor-5] INFO  client.GrpcClientProtocolClient (GrpcClientProtocolClient.java:onNext(264)) - client-B22ED198845A->f3174d56-9988-40ec-970b-d447ed545dfb: receive RaftClientReply:client-B22ED198845A->f3174d56-9988-40ec-970b-d447ed545dfb@group-47B82E5F6106, cid=3638, SUCCESS, logIndex=5477, commits[f3174d56-9988-40ec-970b-d447ed545dfb:c5478, 3e713ff3-0d17-449f-90fa-609b20cf4c10:c5476, 34290298-343f-405c-af97-b2d19041b010:c5472]
2019-09-11 09:06:50,658 [grpc-default-executor-5] INFO  client.GrpcClientProtocolClient (GrpcClientProtocolClient.java:onNext(264)) - client-B22ED198845A->f3174d56-9988-40ec-970b-d447ed545dfb: receive RaftClientReply:client-B22ED198845A->f3174d56-9988-40ec-970b-d447ed545dfb@group-47B82E5F6106, cid=3639, SUCCESS, logIndex=5478, commits[f3174d56-9988-40ec-970b-d447ed545dfb:c5478, 3e713ff3-0d17-449f-90fa-609b20cf4c10:c5476, 34290298-343f-405c-af97-b2d19041b010:c5476]
2019-09-11 09:06:50,676 [grpc-default-executor-4] INFO  client.GrpcClientProtocolClient (GrpcClientProtocolClient.java:onNext(264)) - client-B22ED198845A->f3174d56-9988-40ec-970b-d447ed545dfb: receive RaftClientReply:client-B22ED198845A->f3174d56-9988-40ec-970b-d447ed545dfb@group-47B82E5F6106, cid=3640, SUCCESS, logIndex=5481, commits[f3174d56-9988-40ec-970b-d447ed545dfb:c5482, 3e713ff3-0d17-449f-90fa-609b20cf4c10:c5479, 34290298-343f-405c-af97-b2d19041b010:c5479]
2019-09-11 09:06:50,676 [grpc-default-executor-4] INFO  client.GrpcClientProtocolClient (GrpcClientProtocolClient.java:onNext(264)) - client-B22ED198845A->f3174d56-9988-40ec-970b-d447ed545dfb: receive RaftClientReply:client-B22ED198845A->f3174d56-9988-40ec-970b-d447ed545dfb@group-47B82E5F6106, cid=3641, SUCCESS, logIndex=5482, commits[f3174d56-9988-40ec-970b-d447ed545dfb:c5482, 3e713ff3-0d17-449f-90fa-609b20cf4c10:c5479, 34290298-343f-405c-af97-b2d19041b010:c5479]
2019-09-11 09:06:50,700 [grpc-default-executor-4] INFO  client.GrpcClientProtocolClient (GrpcClientProtocolClient.java:onNext(264)) - client-B22ED198845A->f3174d56-9988-40ec-970b-d447ed545dfb: receive RaftClientReply:client-B22ED198845A->f3174d56-9988-40ec-970b-d447ed545dfb@group-47B82E5F6106, cid=3642, SUCCESS, logIndex=0, commits[f3174d56-9988-40ec-970b-d447ed545dfb:c5484, 3e713ff3-0d17-449f-90fa-609b20cf4c10:c5482, 34290298-343f-405c-af97-b2d19041b010:c5482]
2019-09-11 09:06:50,730 [grpc-default-executor-4] INFO  client.GrpcClientProtocolClient (GrpcClientProtocolClient.java:onNext(264)) - client-B22ED198845A->f3174d56-9988-40ec-970b-d447ed545dfb: receive RaftClientReply:client-B22ED198845A->f3174d56-9988-40ec-970b-d447ed545dfb@group-47B82E5F6106, cid=3643, SUCCESS, logIndex=5485, commits[f3174d56-9988-40ec-970b-d447ed545dfb:c5486, 3e713ff3-0d17-449f-90fa-609b20cf4c10:c5484, 34290298-343f-405c-af97-b2d19041b010:c5484]
2019-09-11 09:06:50,730 [grpc-default-executor-4] INFO  client.GrpcClientProtocolClient (GrpcClientProtocolClient.java:onNext(264)) - client-B22ED198845A->f3174d56-9988-40ec-970b-d447ed545dfb: receive RaftClientReply:client-B22ED198845A->f3174d56-9988-40ec-970b-d447ed545dfb@group-47B82E5F6106, cid=3644, SUCCESS, logIndex=5486, commits[f3174d56-9988-40ec-970b-d447ed545dfb:c5488, 3e713ff3-0d17-449f-90fa-609b20cf4c10:c5484, 34290298-343f-405c-af97-b2d19041b010:c5484]
2019-09-11 09:06:50,731 [grpc-default-executor-4] INFO  client.GrpcClientProtocolClient (GrpcClientProtocolClient.java:onNext(264)) - client-B22ED198845A->f3174d56-9988-40ec-970b-d447ed545dfb: receive RaftClientReply:client-B22ED198845A->f3174d56-9988-40ec-970b-d447ed545dfb@group-47B82E5F6106, cid=3645, SUCCESS, logIndex=5487, commits[f3174d56-9988-40ec-970b-d447ed545dfb:c5488, 3e713ff3-0d17-449f-90fa-609b20cf4c10:c5484, 34290298-343f-405c-af97-b2d19041b010:c5484]
2019-09-11 09:06:50,731 [grpc-default-executor-4] INFO  client.GrpcClientProtocolClient (GrpcClientProtocolClient.java:onNext(264)) - client-B22ED198845A->f3174d56-9988-40ec-970b-d447ed545dfb: receive RaftClientReply:client-B22ED198845A->f3174d56-9988-40ec-970b-d447ed545dfb@group-47B82E5F6106, cid=3646, SUCCESS, logIndex=5488, commits[f3174d56-9988-40ec-970b-d447ed545dfb:c5488, 3e713ff3-0d17-449f-90fa-609b20cf4c10:c5484, 34290298-343f-405c-af97-b2d19041b010:c5484]
2019-09-11 09:06:50,744 [grpc-default-executor-4] INFO  client.GrpcClientProtocolClient (GrpcClientProtocolClient.java:onNext(264)) - client-B22ED198845A->f3174d56-9988-40ec-970b-d447ed545dfb: receive RaftClientReply:client-B22ED198845A->f3174d56-9988-40ec-970b-d447ed545dfb@group-47B82E5F6106, cid=3647, SUCCESS, logIndex=0, commits[f3174d56-9988-40ec-970b-d447ed545dfb:c5491, 3e713ff3-0d17-449f-90fa-609b20cf4c10:c5488, 34290298-343f-405c-af97-b2d19041b010:c5486]
2019-09-11 09:06:50,753 [grpc-default-executor-0] INFO  client.GrpcClientProtocolClient (GrpcClientProtocolClient.java:onNext(264)) - client-B22ED198845A->f3174d56-9988-40ec-970b-d447ed545dfb: receive RaftClientReply:client-B22ED198845A->f3174d56-9988-40ec-970b-d447ed545dfb@group-47B82E5F6106, cid=3648, SUCCESS, logIndex=5492, commits[f3174d56-9988-40ec-970b-d447ed545dfb:c5493, 3e713ff3-0d17-449f-90fa-609b20cf4c10:c5488, 34290298-343f-405c-af97-b2d19041b010:c5491]
2019-09-11 09:06:50,753 [grpc-default-executor-0] INFO  client.GrpcClientProtocolClient (GrpcClientProtocolClient.java:onNext(264)) - client-B22ED198845A->f3174d56-9988-40ec-970b-d447ed545dfb: receive RaftClientReply:client-B22ED198845A->f3174d56-9988-40ec-970b-d447ed545dfb@group-47B82E5F6106, cid=3649, SUCCESS, logIndex=5493, commits[f3174d56-9988-40ec-970b-d447ed545dfb:c5493, 3e713ff3-0d17-449f-90fa-609b20cf4c10:c5491, 34290298-343f-405c-af97-b2d19041b010:c5491]
2019-09-11 09:06:50,764 [grpc-default-executor-0] INFO  client.GrpcClientProtocolClient (GrpcClientProtocolClient.java:onNext(264)) - client-B22ED198845A->f3174d56-9988-40ec-970b-d447ed545dfb: receive RaftClientReply:client-B22ED198845A->f3174d56-9988-40ec-970b-d447ed545dfb@group-47B82E5F6106, cid=3650, SUCCESS, logIndex=5496, commits[f3174d56-9988-40ec-970b-d447ed545dfb:c5497, 3e713ff3-0d17-449f-90fa-609b20cf4c10:c5493, 34290298-343f-405c-af97-b2d19041b010:c5495]
2019-09-11 09:06:50,764 [grpc-default-executor-0] INFO  client.GrpcClientProtocolClient (GrpcClientProtocolClient.java:onNext(264)) - client-B22ED198845A->f3174d56-9988-40ec-970b-d447ed545dfb: receive RaftClientReply:client-B22ED198845A->f3174d56-9988-40ec-970b-d447ed545dfb@group-47B82E5F6106, cid=3651, SUCCESS, logIndex=5497, commits[f3174d56-9988-40ec-970b-d447ed545dfb:c5497, 3e713ff3-0d17-449f-90fa-609b20cf4c10:c5495, 34290298-343f-405c-af97-b2d19041b010:c5495]
2019-09-11 09:06:50,766 [grpc-default-executor-0] INFO  client.GrpcClientProtocolClient (GrpcClientProtocolClient.java:onNext(264)) - client-B22ED198845A->f3174d56-9988-40ec-970b-d447ed545dfb: receive RaftClientReply:client-B22ED198845A->f3174d56-9988-40ec-970b-d447ed545dfb@group-47B82E5F6106, cid=3652, SUCCESS, logIndex=0, commits[f3174d56-9988-40ec-970b-d447ed545dfb:c5498, 3e713ff3-0d17-449f-90fa-609b20cf4c10:c5497, 34290298-343f-405c-af97-b2d19041b010:c5497]
2019-09-11 09:06:50,787 [grpc-default-executor-2] INFO  client.GrpcClientProtocolClient (GrpcClientProtocolClient.java:onNext(264)) - client-B22ED198845A->f3174d56-9988-40ec-970b-d447ed545dfb: receive RaftClientReply:client-B22ED198845A->f3174d56-9988-40ec-970b-d447ed545dfb@group-47B82E5F6106, cid=3653, SUCCESS, logIndex=5499, commits[f3174d56-9988-40ec-970b-d447ed545dfb:c5500, 3e713ff3-0d17-449f-90fa-609b20cf4c10:c5497, 34290298-343f-405c-af97-b2d19041b010:c5498]
2019-09-11 09:06:50,787 [grpc-default-executor-2] INFO  client.GrpcClientProtocolClient (GrpcClientProtocolClient.java:onNext(264)) - client-B22ED198845A->f3174d56-9988-40ec-970b-d447ed545dfb: receive RaftClientReply:client-B22ED198845A->f3174d56-9988-40ec-970b-d447ed545dfb@group-47B82E5F6106, cid=3654, SUCCESS, logIndex=5500, commits[f3174d56-9988-40ec-970b-d447ed545dfb:c5500, 3e713ff3-0d17-449f-90fa-609b20cf4c10:c5498, 34290298-343f-405c-af97-b2d19041b010:c5498]
2019-09-11 09:06:50,788 [grpc-default-executor-2] INFO  client.GrpcClientProtocolClient (GrpcClientProtocolClient.java:onNext(264)) - client-B22ED198845A->f3174d56-9988-40ec-970b-d447ed545dfb: receive RaftClientReply:client-B22ED198845A->f3174d56-9988-40ec-970b-d447ed545dfb@group-47B82E5F6106, cid=3655, SUCCESS, logIndex=5501, commits[f3174d56-9988-40ec-970b-d447ed545dfb:c5502, 3e713ff3-0d17-449f-90fa-609b20cf4c10:c5498, 34290298-343f-405c-af97-b2d19041b010:c5498]
2019-09-11 09:06:50,789 [grpc-default-executor-2] INFO  client.GrpcClientProtocolClient (GrpcClientProtocolClient.java:onNext(264)) - client-B22ED198845A->f3174d56-9988-40ec-970b-d447ed545dfb: receive RaftClientReply:client-B22ED198845A->f3174d56-9988-40ec-970b-d447ed545dfb@group-47B82E5F6106, cid=3656, SUCCESS, logIndex=5502, commits[f3174d56-9988-40ec-970b-d447ed545dfb:c5503, 3e713ff3-0d17-449f-90fa-609b20cf4c10:c5500, 34290298-343f-405c-af97-b2d19041b010:c5498]
2019-09-11 09:06:50,789 [grpc-default-executor-2] INFO  client.GrpcClientProtocolClient (GrpcClientProtocolClient.java:onNext(264)) - client-B22ED198845A->f3174d56-9988-40ec-970b-d447ed545dfb: receive RaftClientReply:client-B22ED198845A->f3174d56-9988-40ec-970b-d447ed545dfb@group-47B82E5F6106, cid=3657, SUCCESS, logIndex=0, commits[f3174d56-9988-40ec-970b-d447ed545dfb:c5504, 3e713ff3-0d17-449f-90fa-609b20cf4c10:c5500, 34290298-343f-405c-af97-b2d19041b010:c5500]
2019-09-11 09:06:50,798 [grpc-default-executor-5] INFO  client.GrpcClientProtocolClient (GrpcClientProtocolClient.java:onNext(264)) - client-B22ED198845A->f3174d56-9988-40ec-970b-d447ed545dfb: receive RaftClientReply:client-B22ED198845A->f3174d56-9988-40ec-970b-d447ed545dfb@group-47B82E5F6106, cid=3658, SUCCESS, logIndex=5507, commits[f3174d56-9988-40ec-970b-d447ed545dfb:c5508, 3e713ff3-0d17-449f-90fa-609b20cf4c10:c5502, 34290298-343f-405c-af97-b2d19041b010:c5506]
2019-09-11 09:06:50,798 [grpc-default-executor-5] INFO  client.GrpcClientProtocolClient (GrpcClientProtocolClient.java:onNext(264)) - client-B22ED198845A->f3174d56-9988-40ec-970b-d447ed545dfb: receive RaftClientReply:client-B22ED198845A->f3174d56-9988-40ec-970b-d447ed545dfb@group-47B82E5F6106, cid=3659, SUCCESS, logIndex=5508, commits[f3174d56-9988-40ec-970b-d447ed545dfb:c5508, 3e713ff3-0d17-449f-90fa-609b20cf4c10:c5506, 34290298-343f-405c-af97-b2d19041b010:c5506]
2019-09-11 09:06:50,829 [grpc-default-executor-5] INFO  client.GrpcClientProtocolClient (GrpcClientProtocolClient.java:onNext(264)) - client-B22ED198845A->f3174d56-9988-40ec-970b-d447ed545dfb: receive RaftClientReply:client-B22ED198845A->f3174d56-9988-40ec-970b-d447ed545dfb@group-47B82E5F6106, cid=3660, SUCCESS, logIndex=5511, commits[f3174d56-9988-40ec-970b-d447ed545dfb:c5512, 3e713ff3-0d17-449f-90fa-609b20cf4c10:c5510, 34290298-343f-405c-af97-b2d19041b010:c5508]
2019-09-11 09:06:50,829 [grpc-default-executor-5] INFO  client.GrpcClientProtocolClient (GrpcClientProtocolClient.java:onNext(264)) - client-B22ED198845A->f3174d56-9988-40ec-970b-d447ed545dfb: receive RaftClientReply:client-B22ED198845A->f3174d56-9988-40ec-970b-d447ed545dfb@group-47B82E5F6106, cid=3661, SUCCESS, logIndex=5512, commits[f3174d56-9988-40ec-970b-d447ed545dfb:c5512, 3e713ff3-0d17-449f-90fa-609b20cf4c10:c5510, 34290298-343f-405c-af97-b2d19041b010:c5510]
2019-09-11 09:06:50,840 [grpc-default-executor-5] INFO  client.GrpcClientProtocolClient (GrpcClientProtocolClient.java:onNext(264)) - client-B22ED198845A->f3174d56-9988-40ec-970b-d447ed545dfb: receive RaftClientReply:client-B22ED198845A->f3174d56-9988-40ec-970b-d447ed545dfb@group-47B82E5F6106, cid=3662, SUCCESS, logIndex=0, commits[f3174d56-9988-40ec-970b-d447ed545dfb:c5513, 3e713ff3-0d17-449f-90fa-609b20cf4c10:c5512, 34290298-343f-405c-af97-b2d19041b010:c5512]
2019-09-11 09:06:50,867 [grpc-default-executor-5] INFO  client.GrpcClientProtocolClient (GrpcClientProtocolClient.java:onNext(264)) - client-B22ED198845A->f3174d56-9988-40ec-970b-d447ed545dfb: receive RaftClientReply:client-B22ED198845A->f3174d56-9988-40ec-970b-d447ed545dfb@group-47B82E5F6106, cid=3663, SUCCESS, logIndex=5514, commits[f3174d56-9988-40ec-970b-d447ed545dfb:c5515, 3e713ff3-0d17-449f-90fa-609b20cf4c10:c5513, 34290298-343f-405c-af97-b2d19041b010:c5512]
2019-09-11 09:06:50,868 [grpc-default-executor-5] INFO  client.GrpcClientProtocolClient (GrpcClientProtocolClient.java:onNext(264)) - client-B22ED198845A->f3174d56-9988-40ec-970b-d447ed545dfb: receive RaftClientReply:client-B22ED198845A->f3174d56-9988-40ec-970b-d447ed545dfb@group-47B82E5F6106, cid=3664, SUCCESS, logIndex=5515, commits[f3174d56-9988-40ec-970b-d447ed545dfb:c5515, 3e713ff3-0d17-449f-90fa-609b20cf4c10:c5513, 34290298-343f-405c-af97-b2d19041b010:c5512]
2019-09-11 09:06:50,869 [grpc-default-executor-5] INFO  client.GrpcClientProtocolClient (GrpcClientProtocolClient.java:onNext(264)) - client-B22ED198845A->f3174d56-9988-40ec-970b-d447ed545dfb: receive RaftClientReply:client-B22ED198845A->f3174d56-9988-40ec-970b-d447ed545dfb@group-47B82E5F6106, cid=3665, SUCCESS, logIndex=5516, commits[f3174d56-9988-40ec-970b-d447ed545dfb:c5517, 3e713ff3-0d17-449f-90fa-609b20cf4c10:c5513, 34290298-343f-405c-af97-b2d19041b010:c5513]
2019-09-11 09:06:50,869 [grpc-default-executor-5] INFO  client.GrpcClientProtocolClient (GrpcClientProtocolClient.java:onNext(264)) - client-B22ED198845A->f3174d56-9988-40ec-970b-d447ed545dfb: receive RaftClientReply:client-B22ED198845A->f3174d56-9988-40ec-970b-d447ed545dfb@group-47B82E5F6106, cid=3666, SUCCESS, logIndex=5517, commits[f3174d56-9988-40ec-970b-d447ed545dfb:c5517, 3e713ff3-0d17-449f-90fa-609b20cf4c10:c5513, 34290298-343f-405c-af97-b2d19041b010:c5513]
2019-09-11 09:06:50,870 [grpc-default-executor-0] INFO  client.GrpcClientProtocolClient (GrpcClientProtocolClient.java:onNext(264)) - client-B22ED198845A->f3174d56-9988-40ec-970b-d447ed545dfb: receive RaftClientReply:client-B22ED198845A->f3174d56-9988-40ec-970b-d447ed545dfb@group-47B82E5F6106, cid=3667, SUCCESS, logIndex=0, commits[f3174d56-9988-40ec-970b-d447ed545dfb:c5518, 3e713ff3-0d17-449f-90fa-609b20cf4c10:c5515, 34290298-343f-405c-af97-b2d19041b010:c5515]
2019-09-11 09:06:50,888 [grpc-default-executor-0] INFO  client.GrpcClientProtocolClient (GrpcClientProtocolClient.java:onNext(264)) - client-B22ED198845A->f3174d56-9988-40ec-970b-d447ed545dfb: receive RaftClientReply:client-B22ED198845A->f3174d56-9988-40ec-970b-d447ed545dfb@group-47B82E5F6106, cid=3668, SUCCESS, logIndex=5522, commits[f3174d56-9988-40ec-970b-d447ed545dfb:c5523, 3e713ff3-0d17-449f-90fa-609b20cf4c10:c5521, 34290298-343f-405c-af97-b2d19041b010:c5521]
2019-09-11 09:06:50,889 [grpc-default-executor-0] INFO  client.GrpcClientProtocolClient (GrpcClientProtocolClient.java:onNext(264)) - client-B22ED198845A->f3174d56-9988-40ec-970b-d447ed545dfb: receive RaftClientReply:client-B22ED198845A->f3174d56-9988-40ec-970b-d447ed545dfb@group-47B82E5F6106, cid=3669, SUCCESS, logIndex=5523, commits[f3174d56-9988-40ec-970b-d447ed545dfb:c5523, 3e713ff3-0d17-449f-90fa-609b20cf4c10:c5521, 34290298-343f-405c-af97-b2d19041b010:c5521]
2019-09-11 09:06:50,915 [grpc-default-executor-5] INFO  client.GrpcClientProtocolClient (GrpcClientProtocolClient.java:onNext(264)) - client-B22ED198845A->f3174d56-9988-40ec-970b-d447ed545dfb: receive RaftClientReply:client-B22ED198845A->f3174d56-9988-40ec-970b-d447ed545dfb@group-47B82E5F6106, cid=3670, SUCCESS, logIndex=5526, commits[f3174d56-9988-40ec-970b-d447ed545dfb:c5527, 3e713ff3-0d17-449f-90fa-609b20cf4c10:c5523, 34290298-343f-405c-af97-b2d19041b010:c5523]
2019-09-11 09:06:50,915 [grpc-default-executor-5] INFO  client.GrpcClientProtocolClient (GrpcClientProtocolClient.java:onNext(264)) - client-B22ED198845A->f3174d56-9988-40ec-970b-d447ed545dfb: receive RaftClientReply:client-B22ED198845A->f3174d56-9988-40ec-970b-d447ed545dfb@group-47B82E5F6106, cid=3671, SUCCESS, logIndex=5527, commits[f3174d56-9988-40ec-970b-d447ed545dfb:c5527, 3e713ff3-0d17-449f-90fa-609b20cf4c10:c5523, 34290298-343f-405c-af97-b2d19041b010:c5523]
2019-09-11 09:06:50,926 [grpc-default-executor-0] INFO  client.GrpcClientProtocolClient (GrpcClientProtocolClient.java:onNext(264)) - client-B22ED198845A->f3174d56-9988-40ec-970b-d447ed545dfb: receive RaftClientReply:client-B22ED198845A->f3174d56-9988-40ec-970b-d447ed545dfb@group-47B82E5F6106, cid=3672, SUCCESS, logIndex=0, commits[f3174d56-9988-40ec-970b-d447ed545dfb:c5527, 3e713ff3-0d17-449f-90fa-609b20cf4c10:c5527, 34290298-343f-405c-af97-b2d19041b010:c5527]
2019-09-11 09:06:50,954 [grpc-default-executor-4] INFO  client.GrpcClientProtocolClient (GrpcClientProtocolClient.java:onNext(264)) - client-B22ED198845A->f3174d56-9988-40ec-970b-d447ed545dfb: receive RaftClientReply:client-B22ED198845A->f3174d56-9988-40ec-970b-d447ed545dfb@group-47B82E5F6106, cid=3673, SUCCESS, logIndex=5530, commits[f3174d56-9988-40ec-970b-d447ed545dfb:c5531, 3e713ff3-0d17-449f-90fa-609b20cf4c10:c5529, 34290298-343f-405c-af97-b2d19041b010:c5529]
2019-09-11 09:06:50,954 [grpc-default-executor-4] INFO  client.GrpcClientProtocolClient (GrpcClientProtocolClient.java:onNext(264)) - client-B22ED198845A->f3174d56-9988-40ec-970b-d447ed545dfb: receive RaftClientReply:client-B22ED198845A->f3174d56-9988-40ec-970b-d447ed545dfb@group-47B82E5F6106, cid=3674, SUCCESS, logIndex=5531, commits[f3174d56-9988-40ec-970b-d447ed545dfb:c5533, 3e713ff3-0d17-449f-90fa-609b20cf4c10:c5529, 34290298-343f-405c-af97-b2d19041b010:c5529]
2019-09-11 09:06:50,955 [grpc-default-executor-4] INFO  client.GrpcClientProtocolClient (GrpcClientProtocolClient.java:onNext(264)) - client-B22ED198845A->f3174d56-9988-40ec-970b-d447ed545dfb: receive RaftClientReply:client-B22ED198845A->f3174d56-9988-40ec-970b-d447ed545dfb@group-47B82E5F6106, cid=3675, SUCCESS, logIndex=5532, commits[f3174d56-9988-40ec-970b-d447ed545dfb:c5533, 3e713ff3-0d17-449f-90fa-609b20cf4c10:c5529, 34290298-343f-405c-af97-b2d19041b010:c5529]
2019-09-11 09:06:50,955 [grpc-default-executor-4] INFO  client.GrpcClientProtocolClient (GrpcClientProtocolClient.java:onNext(264)) - client-B22ED198845A->f3174d56-9988-40ec-970b-d447ed545dfb: receive RaftClientReply:client-B22ED198845A->f3174d56-9988-40ec-970b-d447ed545dfb@group-47B82E5F6106, cid=3676, SUCCESS, logIndex=5533, commits[f3174d56-9988-40ec-970b-d447ed545dfb:c5533, 3e713ff3-0d17-449f-90fa-609b20cf4c10:c5529, 34290298-343f-405c-af97-b2d19041b010:c5529]
2019-09-11 09:06:50,955 [grpc-default-executor-4] INFO  client.GrpcClientProtocolClient (GrpcClientProtocolClient.java:onNext(264)) - client-B22ED198845A->f3174d56-9988-40ec-970b-d447ed545dfb: receive RaftClientReply:client-B22ED198845A->f3174d56-9988-40ec-970b-d447ed545dfb@group-47B82E5F6106, cid=3677, SUCCESS, logIndex=0, commits[f3174d56-9988-40ec-970b-d447ed545dfb:c5534, 3e713ff3-0d17-449f-90fa-609b20cf4c10:c5531, 34290298-343f-405c-af97-b2d19041b010:c5531]
2019-09-11 09:06:50,975 [grpc-default-executor-5] INFO  client.GrpcClientProtocolClient (GrpcClientProtocolClient.java:onNext(264)) - client-B22ED198845A->f3174d56-9988-40ec-970b-d447ed545dfb: receive RaftClientReply:client-B22ED198845A->f3174d56-9988-40ec-970b-d447ed545dfb@group-47B82E5F6106, cid=3678, SUCCESS, logIndex=5537, commits[f3174d56-9988-40ec-970b-d447ed545dfb:c5538, 3e713ff3-0d17-449f-90fa-609b20cf4c10:c5536, 34290298-343f-405c-af97-b2d19041b010:c5536]
2019-09-11 09:06:50,976 [grpc-default-executor-5] INFO  client.GrpcClientProtocolClient (GrpcClientProtocolClient.java:onNext(264)) - client-B22ED198845A->f3174d56-9988-40ec-970b-d447ed545dfb: receive RaftClientReply:client-B22ED198845A->f3174d56-9988-40ec-970b-d447ed545dfb@group-47B82E5F6106, cid=3679, SUCCESS, logIndex=5538, commits[f3174d56-9988-40ec-970b-d447ed545dfb:c5538, 3e713ff3-0d17-449f-90fa-609b20cf4c10:c5536, 34290298-343f-405c-af97-b2d19041b010:c5536]
2019-09-11 09:06:50,989 [grpc-default-executor-5] INFO  client.GrpcClientProtocolClient (GrpcClientProtocolClient.java:onNext(264)) - client-B22ED198845A->f3174d56-9988-40ec-970b-d447ed545dfb: receive RaftClientReply:client-B22ED198845A->f3174d56-9988-40ec-970b-d447ed545dfb@group-47B82E5F6106, cid=3680, SUCCESS, logIndex=5541, commits[f3174d56-9988-40ec-970b-d447ed545dfb:c5542, 3e713ff3-0d17-449f-90fa-609b20cf4c10:c5538, 34290298-343f-405c-af97-b2d19041b010:c5538]
2019-09-11 09:06:50,989 [grpc-default-executor-5] INFO  client.GrpcClientProtocolClient (GrpcClientProtocolClient.java:onNext(264)) - client-B22ED198845A->f3174d56-9988-40ec-970b-d447ed545dfb: receive RaftClientReply:client-B22ED198845A->f3174d56-9988-40ec-970b-d447ed545dfb@group-47B82E5F6106, cid=3681, SUCCESS, logIndex=5542, commits[f3174d56-9988-40ec-970b-d447ed545dfb:c5542, 3e713ff3-0d17-449f-90fa-609b20cf4c10:c5538, 34290298-343f-405c-af97-b2d19041b010:c5538]
2019-09-11 09:06:50,993 [grpc-default-executor-5] INFO  client.GrpcClientProtocolClient (GrpcClientProtocolClient.java:onNext(264)) - client-B22ED198845A->f3174d56-9988-40ec-970b-d447ed545dfb: receive RaftClientReply:client-B22ED198845A->f3174d56-9988-40ec-970b-d447ed545dfb@group-47B82E5F6106, cid=3682, SUCCESS, logIndex=0, commits[f3174d56-9988-40ec-970b-d447ed545dfb:c5544, 3e713ff3-0d17-449f-90fa-609b20cf4c10:c5542, 34290298-343f-405c-af97-b2d19041b010:c5542]
2019-09-11 09:06:51,011 [grpc-default-executor-0] INFO  client.GrpcClientProtocolClient (GrpcClientProtocolClient.java:onNext(264)) - client-B22ED198845A->f3174d56-9988-40ec-970b-d447ed545dfb: receive RaftClientReply:client-B22ED198845A->f3174d56-9988-40ec-970b-d447ed545dfb@group-47B82E5F6106, cid=3683, SUCCESS, logIndex=5545, commits[f3174d56-9988-40ec-970b-d447ed545dfb:c5546, 3e713ff3-0d17-449f-90fa-609b20cf4c10:c5544, 34290298-343f-405c-af97-b2d19041b010:c5542]
2019-09-11 09:06:51,012 [grpc-default-executor-0] INFO  client.GrpcClientProtocolClient (GrpcClientProtocolClient.java:onNext(264)) - client-B22ED198845A->f3174d56-9988-40ec-970b-d447ed545dfb: receive RaftClientReply:client-B22ED198845A->f3174d56-9988-40ec-970b-d447ed545dfb@group-47B82E5F6106, cid=3684, SUCCESS, logIndex=5546, commits[f3174d56-9988-40ec-970b-d447ed545dfb:c5546, 3e713ff3-0d17-449f-90fa-609b20cf4c10:c5544, 34290298-343f-405c-af97-b2d19041b010:c5542]
2019-09-11 09:06:51,013 [grpc-default-executor-5] INFO  client.GrpcClientProtocolClient (GrpcClientProtocolClient.java:onNext(264)) - client-B22ED198845A->f3174d56-9988-40ec-970b-d447ed545dfb: receive RaftClientReply:client-B22ED198845A->f3174d56-9988-40ec-970b-d447ed545dfb@group-47B82E5F6106, cid=3685, SUCCESS, logIndex=5547, commits[f3174d56-9988-40ec-970b-d447ed545dfb:c5547, 3e713ff3-0d17-449f-90fa-609b20cf4c10:c5544, 34290298-343f-405c-af97-b2d19041b010:c5544]
2019-09-11 09:06:51,013 [grpc-default-executor-5] INFO  client.GrpcClientProtocolClient (GrpcClientProtocolClient.java:onNext(264)) - client-B22ED198845A->f3174d56-9988-40ec-970b-d447ed545dfb: receive RaftClientReply:client-B22ED198845A->f3174d56-9988-40ec-970b-d447ed545dfb@group-47B82E5F6106, cid=3686, SUCCESS, logIndex=5548, commits[f3174d56-9988-40ec-970b-d447ed545dfb:c5549, 3e713ff3-0d17-449f-90fa-609b20cf4c10:c5546, 34290298-343f-405c-af97-b2d19041b010:c5544]
2019-09-11 09:06:51,014 [grpc-default-executor-5] INFO  client.GrpcClientProtocolClient (GrpcClientProtocolClient.java:onNext(264)) - client-B22ED198845A->f3174d56-9988-40ec-970b-d447ed545dfb: receive RaftClientReply:client-B22ED198845A->f3174d56-9988-40ec-970b-d447ed545dfb@group-47B82E5F6106, cid=3687, SUCCESS, logIndex=0, commits[f3174d56-9988-40ec-970b-d447ed545dfb:c5550, 3e713ff3-0d17-449f-90fa-609b20cf4c10:c5546, 34290298-343f-405c-af97-b2d19041b010:c5546]
2019-09-11 09:06:51,022 [grpc-default-executor-0] INFO  client.GrpcClientProtocolClient (GrpcClientProtocolClient.java:onNext(264)) - client-B22ED198845A->f3174d56-9988-40ec-970b-d447ed545dfb: receive RaftClientReply:client-B22ED198845A->f3174d56-9988-40ec-970b-d447ed545dfb@group-47B82E5F6106, cid=3688, SUCCESS, logIndex=5553, commits[f3174d56-9988-40ec-970b-d447ed545dfb:c5554, 3e713ff3-0d17-449f-90fa-609b20cf4c10:c5552, 34290298-343f-405c-af97-b2d19041b010:c5552]
2019-09-11 09:06:51,022 [grpc-default-executor-0] INFO  client.GrpcClientProtocolClient (GrpcClientProtocolClient.java:onNext(264)) - client-B22ED198845A->f3174d56-9988-40ec-970b-d447ed545dfb: receive RaftClientReply:client-B22ED198845A->f3174d56-9988-40ec-970b-d447ed545dfb@group-47B82E5F6106, cid=3689, SUCCESS, logIndex=5554, commits[f3174d56-9988-40ec-970b-d447ed545dfb:c5554, 3e713ff3-0d17-449f-90fa-609b20cf4c10:c5552, 34290298-343f-405c-af97-b2d19041b010:c5552]
2019-09-11 09:06:51,031 [grpc-default-executor-0] INFO  client.GrpcClientProtocolClient (GrpcClientProtocolClient.java:onNext(264)) - client-B22ED198845A->f3174d56-9988-40ec-970b-d447ed545dfb: receive RaftClientReply:client-B22ED198845A->f3174d56-9988-40ec-970b-d447ed545dfb@group-47B82E5F6106, cid=3690, SUCCESS, logIndex=5557, commits[f3174d56-9988-40ec-970b-d447ed545dfb:c5558, 3e713ff3-0d17-449f-90fa-609b20cf4c10:c5554, 34290298-343f-405c-af97-b2d19041b010:c5555]
2019-09-11 09:06:51,031 [grpc-default-executor-0] INFO  client.GrpcClientProtocolClient (GrpcClientProtocolClient.java:onNext(264)) - client-B22ED198845A->f3174d56-9988-40ec-970b-d447ed545dfb: receive RaftClientReply:client-B22ED198845A->f3174d56-9988-40ec-970b-d447ed545dfb@group-47B82E5F6106, cid=3691, SUCCESS, logIndex=5558, commits[f3174d56-9988-40ec-970b-d447ed545dfb:c5558, 3e713ff3-0d17-449f-90fa-609b20cf4c10:c5555, 34290298-343f-405c-af97-b2d19041b010:c5555]
2019-09-11 09:06:51,035 [grpc-default-executor-0] INFO  client.GrpcClientProtocolClient (GrpcClientProtocolClient.java:onNext(264)) - client-B22ED198845A->f3174d56-9988-40ec-970b-d447ed545dfb: receive RaftClientReply:client-B22ED198845A->f3174d56-9988-40ec-970b-d447ed545dfb@group-47B82E5F6106, cid=3692, SUCCESS, logIndex=0, commits[f3174d56-9988-40ec-970b-d447ed545dfb:c5559, 3e713ff3-0d17-449f-90fa-609b20cf4c10:c5558, 34290298-343f-405c-af97-b2d19041b010:c5558]
2019-09-11 09:06:51,053 [grpc-default-executor-0] INFO  client.GrpcClientProtocolClient (GrpcClientProtocolClient.java:onNext(264)) - client-B22ED198845A->f3174d56-9988-40ec-970b-d447ed545dfb: receive RaftClientReply:client-B22ED198845A->f3174d56-9988-40ec-970b-d447ed545dfb@group-47B82E5F6106, cid=3693, SUCCESS, logIndex=5561, commits[f3174d56-9988-40ec-970b-d447ed545dfb:c5562, 3e713ff3-0d17-449f-90fa-609b20cf4c10:c5558, 34290298-343f-405c-af97-b2d19041b010:c5560]
2019-09-11 09:06:51,053 [grpc-default-executor-0] INFO  client.GrpcClientProtocolClient (GrpcClientProtocolClient.java:onNext(264)) - client-B22ED198845A->f3174d56-9988-40ec-970b-d447ed545dfb: receive RaftClientReply:client-B22ED198845A->f3174d56-9988-40ec-970b-d447ed545dfb@group-47B82E5F6106, cid=3694, SUCCESS, logIndex=5562, commits[f3174d56-9988-40ec-970b-d447ed545dfb:c5562, 3e713ff3-0d17-449f-90fa-609b20cf4c10:c5560, 34290298-343f-405c-af97-b2d19041b010:c5560]
2019-09-11 09:06:51,055 [grpc-default-executor-0] INFO  client.GrpcClientProtocolClient (GrpcClientProtocolClient.java:onNext(264)) - client-B22ED198845A->f3174d56-9988-40ec-970b-d447ed545dfb: receive RaftClientReply:client-B22ED198845A->f3174d56-9988-40ec-970b-d447ed545dfb@group-47B82E5F6106, cid=3695, SUCCESS, logIndex=5563, commits[f3174d56-9988-40ec-970b-d447ed545dfb:c5564, 3e713ff3-0d17-449f-90fa-609b20cf4c10:c5560, 34290298-343f-405c-af97-b2d19041b010:c5560]
2019-09-11 09:06:51,055 [grpc-default-executor-0] INFO  client.GrpcClientProtocolClient (GrpcClientProtocolClient.java:onNext(264)) - client-B22ED198845A->f3174d56-9988-40ec-970b-d447ed545dfb: receive RaftClientReply:client-B22ED198845A->f3174d56-9988-40ec-970b-d447ed545dfb@group-47B82E5F6106, cid=3696, SUCCESS, logIndex=5564, commits[f3174d56-9988-40ec-970b-d447ed545dfb:c5565, 3e713ff3-0d17-449f-90fa-609b20cf4c10:c5560, 34290298-343f-405c-af97-b2d19041b010:c5562]
2019-09-11 09:06:51,056 [grpc-default-executor-0] INFO  client.GrpcClientProtocolClient (GrpcClientProtocolClient.java:onNext(264)) - client-B22ED198845A->f3174d56-9988-40ec-970b-d447ed545dfb: receive RaftClientReply:client-B22ED198845A->f3174d56-9988-40ec-970b-d447ed545dfb@group-47B82E5F6106, cid=3697, SUCCESS, logIndex=0, commits[f3174d56-9988-40ec-970b-d447ed545dfb:c5566, 3e713ff3-0d17-449f-90fa-609b20cf4c10:c5562, 34290298-343f-405c-af97-b2d19041b010:c5562]
2019-09-11 09:06:51,083 [grpc-default-executor-0] INFO  client.GrpcClientProtocolClient (GrpcClientProtocolClient.java:onNext(264)) - client-B22ED198845A->f3174d56-9988-40ec-970b-d447ed545dfb: receive RaftClientReply:client-B22ED198845A->f3174d56-9988-40ec-970b-d447ed545dfb@group-47B82E5F6106, cid=3698, SUCCESS, logIndex=5569, commits[f3174d56-9988-40ec-970b-d447ed545dfb:c5570, 3e713ff3-0d17-449f-90fa-609b20cf4c10:c5568, 34290298-343f-405c-af97-b2d19041b010:c5568]
2019-09-11 09:06:51,084 [grpc-default-executor-0] INFO  client.GrpcClientProtocolClient (GrpcClientProtocolClient.java:onNext(264)) - client-B22ED198845A->f3174d56-9988-40ec-970b-d447ed545dfb: receive RaftClientReply:client-B22ED198845A->f3174d56-9988-40ec-970b-d447ed545dfb@group-47B82E5F6106, cid=3699, SUCCESS, logIndex=5570, commits[f3174d56-9988-40ec-970b-d447ed545dfb:c5570, 3e713ff3-0d17-449f-90fa-609b20cf4c10:c5568, 34290298-343f-405c-af97-b2d19041b010:c5568]
2019-09-11 09:06:51,098 [grpc-default-executor-5] INFO  client.GrpcClientProtocolClient (GrpcClientProtocolClient.java:onNext(264)) - client-B22ED198845A->f3174d56-9988-40ec-970b-d447ed545dfb: receive RaftClientReply:client-B22ED198845A->f3174d56-9988-40ec-970b-d447ed545dfb@group-47B82E5F6106, cid=3700, SUCCESS, logIndex=5573, commits[f3174d56-9988-40ec-970b-d447ed545dfb:c5573, 3e713ff3-0d17-449f-90fa-609b20cf4c10:c5570, 34290298-343f-405c-af97-b2d19041b010:c5570]
2019-09-11 09:06:51,098 [grpc-default-executor-5] INFO  client.GrpcClientProtocolClient (GrpcClientProtocolClient.java:onNext(264)) - client-B22ED198845A->f3174d56-9988-40ec-970b-d447ed545dfb: receive RaftClientReply:client-B22ED198845A->f3174d56-9988-40ec-970b-d447ed545dfb@group-47B82E5F6106, cid=3701, SUCCESS, logIndex=5574, commits[f3174d56-9988-40ec-970b-d447ed545dfb:c5574, 3e713ff3-0d17-449f-90fa-609b20cf4c10:c5570, 34290298-343f-405c-af97-b2d19041b010:c5570]
2019-09-11 09:06:51,125 [grpc-default-executor-5] INFO  client.GrpcClientProtocolClient (GrpcClientProtocolClient.java:onNext(264)) - client-B22ED198845A->f3174d56-9988-40ec-970b-d447ed545dfb: receive RaftClientReply:client-B22ED198845A->f3174d56-9988-40ec-970b-d447ed545dfb@group-47B82E5F6106, cid=3702, SUCCESS, logIndex=0, commits[f3174d56-9988-40ec-970b-d447ed545dfb:c5576, 3e713ff3-0d17-449f-90fa-609b20cf4c10:c5574, 34290298-343f-405c-af97-b2d19041b010:c5574]
2019-09-11 09:06:51,152 [grpc-default-executor-0] INFO  client.GrpcClientProtocolClient (GrpcClientProtocolClient.java:onNext(264)) - client-B22ED198845A->f3174d56-9988-40ec-970b-d447ed545dfb: receive RaftClientReply:client-B22ED198845A->f3174d56-9988-40ec-970b-d447ed545dfb@group-47B82E5F6106, cid=3703, SUCCESS, logIndex=5577, commits[f3174d56-9988-40ec-970b-d447ed545dfb:c5579, 3e713ff3-0d17-449f-90fa-609b20cf4c10:c5576, 34290298-343f-405c-af97-b2d19041b010:c5576]
2019-09-11 09:06:51,152 [grpc-default-executor-2] INFO  client.GrpcClientProtocolClient (GrpcClientProtocolClient.java:onNext(264)) - client-B22ED198845A->f3174d56-9988-40ec-970b-d447ed545dfb: receive RaftClientReply:client-B22ED198845A->f3174d56-9988-40ec-970b-d447ed545dfb@group-47B82E5F6106, cid=3704, SUCCESS, logIndex=5578, commits[f3174d56-9988-40ec-970b-d447ed545dfb:c5580, 3e713ff3-0d17-449f-90fa-609b20cf4c10:c5576, 34290298-343f-405c-af97-b2d19041b010:c5576]
2019-09-11 09:06:51,153 [grpc-default-executor-2] INFO  client.GrpcClientProtocolClient (GrpcClientProtocolClient.java:onNext(264)) - client-B22ED198845A->f3174d56-9988-40ec-970b-d447ed545dfb: receive RaftClientReply:client-B22ED198845A->f3174d56-9988-40ec-970b-d447ed545dfb@group-47B82E5F6106, cid=3705, SUCCESS, logIndex=5579, commits[f3174d56-9988-40ec-970b-d447ed545dfb:c5580, 3e713ff3-0d17-449f-90fa-609b20cf4c10:c5576, 34290298-343f-405c-af97-b2d19041b010:c5576]
2019-09-11 09:06:51,153 [grpc-default-executor-2] INFO  client.GrpcClientProtocolClient (GrpcClientProtocolClient.java:onNext(264)) - client-B22ED198845A->f3174d56-9988-40ec-970b-d447ed545dfb: receive RaftClientReply:client-B22ED198845A->f3174d56-9988-40ec-970b-d447ed545dfb@group-47B82E5F6106, cid=3706, SUCCESS, logIndex=5580, commits[f3174d56-9988-40ec-970b-d447ed545dfb:c5580, 3e713ff3-0d17-449f-90fa-609b20cf4c10:c5576, 34290298-343f-405c-af97-b2d19041b010:c5576]
2019-09-11 09:06:51,154 [grpc-default-executor-2] INFO  client.GrpcClientProtocolClient (GrpcClientProtocolClient.java:onNext(264)) - client-B22ED198845A->f3174d56-9988-40ec-970b-d447ed545dfb: receive RaftClientReply:client-B22ED198845A->f3174d56-9988-40ec-970b-d447ed545dfb@group-47B82E5F6106, cid=3707, SUCCESS, logIndex=0, commits[f3174d56-9988-40ec-970b-d447ed545dfb:c5582, 3e713ff3-0d17-449f-90fa-609b20cf4c10:c5578, 34290298-343f-405c-af97-b2d19041b010:c5578]
2019-09-11 09:06:51,171 [grpc-default-executor-5] INFO  client.GrpcClientProtocolClient (GrpcClientProtocolClient.java:onNext(264)) - client-B22ED198845A->f3174d56-9988-40ec-970b-d447ed545dfb: receive RaftClientReply:client-B22ED198845A->f3174d56-9988-40ec-970b-d447ed545dfb@group-47B82E5F6106, cid=3708, SUCCESS, logIndex=5585, commits[f3174d56-9988-40ec-970b-d447ed545dfb:c5586, 3e713ff3-0d17-449f-90fa-609b20cf4c10:c5584, 34290298-343f-405c-af97-b2d19041b010:c5584]
2019-09-11 09:06:51,172 [grpc-default-executor-5] INFO  client.GrpcClientProtocolClient (GrpcClientProtocolClient.java:onNext(264)) - client-B22ED198845A->f3174d56-9988-40ec-970b-d447ed545dfb: receive RaftClientReply:client-B22ED198845A->f3174d56-9988-40ec-970b-d447ed545dfb@group-47B82E5F6106, cid=3709, SUCCESS, logIndex=5586, commits[f3174d56-9988-40ec-970b-d447ed545dfb:c5586, 3e713ff3-0d17-449f-90fa-609b20cf4c10:c5584, 34290298-343f-405c-af97-b2d19041b010:c5584]
2019-09-11 09:06:51,185 [grpc-default-executor-0] INFO  client.GrpcClientProtocolClient (GrpcClientProtocolClient.java:onNext(264)) - client-B22ED198845A->f3174d56-9988-40ec-970b-d447ed545dfb: receive RaftClientReply:client-B22ED198845A->f3174d56-9988-40ec-970b-d447ed545dfb@group-47B82E5F6106, cid=3710, SUCCESS, logIndex=5589, commits[f3174d56-9988-40ec-970b-d447ed545dfb:c5590, 3e713ff3-0d17-449f-90fa-609b20cf4c10:c5586, 34290298-343f-405c-af97-b2d19041b010:c5586]
2019-09-11 09:06:51,186 [grpc-default-executor-0] INFO  client.GrpcClientProtocolClient (GrpcClientProtocolClient.java:onNext(264)) - client-B22ED198845A->f3174d56-9988-40ec-970b-d447ed545dfb: receive RaftClientReply:client-B22ED198845A->f3174d56-9988-40ec-970b-d447ed545dfb@group-47B82E5F6106, cid=3711, SUCCESS, logIndex=5590, commits[f3174d56-9988-40ec-970b-d447ed545dfb:c5590, 3e713ff3-0d17-449f-90fa-609b20cf4c10:c5586, 34290298-343f-405c-af97-b2d19041b010:c5586]
2019-09-11 09:06:51,197 [grpc-default-executor-0] INFO  client.GrpcClientProtocolClient (GrpcClientProtocolClient.java:onNext(264)) - client-B22ED198845A->f3174d56-9988-40ec-970b-d447ed545dfb: receive RaftClientReply:client-B22ED198845A->f3174d56-9988-40ec-970b-d447ed545dfb@group-47B82E5F6106, cid=3712, SUCCESS, logIndex=0, commits[f3174d56-9988-40ec-970b-d447ed545dfb:c5591, 3e713ff3-0d17-449f-90fa-609b20cf4c10:c5590, 34290298-343f-405c-af97-b2d19041b010:c5590]
2019-09-11 09:06:51,224 [grpc-default-executor-0] INFO  client.GrpcClientProtocolClient (GrpcClientProtocolClient.java:onNext(264)) - client-B22ED198845A->f3174d56-9988-40ec-970b-d447ed545dfb: receive RaftClientReply:client-B22ED198845A->f3174d56-9988-40ec-970b-d447ed545dfb@group-47B82E5F6106, cid=3713, SUCCESS, logIndex=5593, commits[f3174d56-9988-40ec-970b-d447ed545dfb:c5594, 3e713ff3-0d17-449f-90fa-609b20cf4c10:c5592, 34290298-343f-405c-af97-b2d19041b010:c5592]
2019-09-11 09:06:51,225 [grpc-default-executor-0] INFO  client.GrpcClientProtocolClient (GrpcClientProtocolClient.java:onNext(264)) - client-B22ED198845A->f3174d56-9988-40ec-970b-d447ed545dfb: receive RaftClientReply:client-B22ED198845A->f3174d56-9988-40ec-970b-d447ed545dfb@group-47B82E5F6106, cid=3714, SUCCESS, logIndex=5594, commits[f3174d56-9988-40ec-970b-d447ed545dfb:c5596, 3e713ff3-0d17-449f-90fa-609b20cf4c10:c5592, 34290298-343f-405c-af97-b2d19041b010:c5592]
2019-09-11 09:06:51,225 [grpc-default-executor-0] INFO  client.GrpcClientProtocolClient (GrpcClientProtocolClient.java:onNext(264)) - client-B22ED198845A->f3174d56-9988-40ec-970b-d447ed545dfb: receive RaftClientReply:client-B22ED198845A->f3174d56-9988-40ec-970b-d447ed545dfb@group-47B82E5F6106, cid=3715, SUCCESS, logIndex=5595, commits[f3174d56-9988-40ec-970b-d447ed545dfb:c5596, 3e713ff3-0d17-449f-90fa-609b20cf4c10:c5592, 34290298-343f-405c-af97-b2d19041b010:c5592]
2019-09-11 09:06:51,225 [grpc-default-executor-0] INFO  client.GrpcClientProtocolClient (GrpcClientProtocolClient.java:onNext(264)) - client-B22ED198845A->f3174d56-9988-40ec-970b-d447ed545dfb: receive RaftClientReply:client-B22ED198845A->f3174d56-9988-40ec-970b-d447ed545dfb@group-47B82E5F6106, cid=3716, SUCCESS, logIndex=5596, commits[f3174d56-9988-40ec-970b-d447ed545dfb:c5596, 3e713ff3-0d17-449f-90fa-609b20cf4c10:c5592, 34290298-343f-405c-af97-b2d19041b010:c5592]
2019-09-11 09:06:51,227 [grpc-default-executor-0] INFO  client.GrpcClientProtocolClient (GrpcClientProtocolClient.java:onNext(264)) - client-B22ED198845A->f3174d56-9988-40ec-970b-d447ed545dfb: receive RaftClientReply:client-B22ED198845A->f3174d56-9988-40ec-970b-d447ed545dfb@group-47B82E5F6106, cid=3717, SUCCESS, logIndex=0, commits[f3174d56-9988-40ec-970b-d447ed545dfb:c5598, 3e713ff3-0d17-449f-90fa-609b20cf4c10:c5594, 34290298-343f-405c-af97-b2d19041b010:c5594]
2019-09-11 09:06:51,246 [grpc-default-executor-5] INFO  client.GrpcClientProtocolClient (GrpcClientProtocolClient.java:onNext(264)) - client-B22ED198845A->f3174d56-9988-40ec-970b-d447ed545dfb: receive RaftClientReply:client-B22ED198845A->f3174d56-9988-40ec-970b-d447ed545dfb@group-47B82E5F6106, cid=3718, SUCCESS, logIndex=5601, commits[f3174d56-9988-40ec-970b-d447ed545dfb:c5602, 3e713ff3-0d17-449f-90fa-609b20cf4c10:c5600, 34290298-343f-405c-af97-b2d19041b010:c5600]
2019-09-11 09:06:51,247 [grpc-default-executor-5] INFO  client.GrpcClientProtocolClient (GrpcClientProtocolClient.java:onNext(264)) - client-B22ED198845A->f3174d56-9988-40ec-970b-d447ed545dfb: receive RaftClientReply:client-B22ED198845A->f3174d56-9988-40ec-970b-d447ed545dfb@group-47B82E5F6106, cid=3719, SUCCESS, logIndex=5602, commits[f3174d56-9988-40ec-970b-d447ed545dfb:c5602, 3e713ff3-0d17-449f-90fa-609b20cf4c10:c5600, 34290298-343f-405c-af97-b2d19041b010:c5600]
2019-09-11 09:06:51,261 [grpc-default-executor-4] INFO  client.GrpcClientProtocolClient (GrpcClientProtocolClient.java:onNext(264)) - client-B22ED198845A->f3174d56-9988-40ec-970b-d447ed545dfb: receive RaftClientReply:client-B22ED198845A->f3174d56-9988-40ec-970b-d447ed545dfb@group-47B82E5F6106, cid=3720, SUCCESS, logIndex=5605, commits[f3174d56-9988-40ec-970b-d447ed545dfb:c5606, 3e713ff3-0d17-449f-90fa-609b20cf4c10:c5602, 34290298-343f-405c-af97-b2d19041b010:c5602]
2019-09-11 09:06:51,261 [grpc-default-executor-4] INFO  client.GrpcClientProtocolClient (GrpcClientProtocolClient.java:onNext(264)) - client-B22ED198845A->f3174d56-9988-40ec-970b-d447ed545dfb: receive RaftClientReply:client-B22ED198845A->f3174d56-9988-40ec-970b-d447ed545dfb@group-47B82E5F6106, cid=3721, SUCCESS, logIndex=5606, commits[f3174d56-9988-40ec-970b-d447ed545dfb:c5606, 3e713ff3-0d17-449f-90fa-609b20cf4c10:c5602, 34290298-343f-405c-af97-b2d19041b010:c5602]
2019-09-11 09:06:51,273 [grpc-default-executor-4] INFO  client.GrpcClientProtocolClient (GrpcClientProtocolClient.java:onNext(264)) - client-B22ED198845A->f3174d56-9988-40ec-970b-d447ed545dfb: receive RaftClientReply:client-B22ED198845A->f3174d56-9988-40ec-970b-d447ed545dfb@group-47B82E5F6106, cid=3722, SUCCESS, logIndex=0, commits[f3174d56-9988-40ec-970b-d447ed545dfb:c5607, 3e713ff3-0d17-449f-90fa-609b20cf4c10:c5606, 34290298-343f-405c-af97-b2d19041b010:c5606]
2019-09-11 09:06:51,421 [grpc-default-executor-0] INFO  client.GrpcClientProtocolClient (GrpcClientProtocolClient.java:onNext(264)) - client-B22ED198845A->f3174d56-9988-40ec-970b-d447ed545dfb: receive RaftClientReply:client-B22ED198845A->f3174d56-9988-40ec-970b-d447ed545dfb@group-47B82E5F6106, cid=3723, SUCCESS, logIndex=5609, commits[f3174d56-9988-40ec-970b-d447ed545dfb:c5609, 3e713ff3-0d17-449f-90fa-609b20cf4c10:c5608, 34290298-343f-405c-af97-b2d19041b010:c5608]
2019-09-11 09:06:51,421 [grpc-default-executor-0] INFO  client.GrpcClientProtocolClient (GrpcClientProtocolClient.java:onNext(264)) - client-B22ED198845A->f3174d56-9988-40ec-970b-d447ed545dfb: receive RaftClientReply:client-B22ED198845A->f3174d56-9988-40ec-970b-d447ed545dfb@group-47B82E5F6106, cid=3724, SUCCESS, logIndex=5610, commits[f3174d56-9988-40ec-970b-d447ed545dfb:c5612, 3e713ff3-0d17-449f-90fa-609b20cf4c10:c5608, 34290298-343f-405c-af97-b2d19041b010:c5608]
2019-09-11 09:06:51,422 [grpc-default-executor-0] INFO  client.GrpcClientProtocolClient (GrpcClientProtocolClient.java:onNext(264)) - client-B22ED198845A->f3174d56-9988-40ec-970b-d447ed545dfb: receive RaftClientReply:client-B22ED198845A->f3174d56-9988-40ec-970b-d447ed545dfb@group-47B82E5F6106, cid=3725, SUCCESS, logIndex=5611, commits[f3174d56-9988-40ec-970b-d447ed545dfb:c5612, 3e713ff3-0d17-449f-90fa-609b20cf4c10:c5608, 34290298-343f-405c-af97-b2d19041b010:c5608]
2019-09-11 09:06:51,422 [grpc-default-executor-0] INFO  client.GrpcClientProtocolClient (GrpcClientProtocolClient.java:onNext(264)) - client-B22ED198845A->f3174d56-9988-40ec-970b-d447ed545dfb: receive RaftClientReply:client-B22ED198845A->f3174d56-9988-40ec-970b-d447ed545dfb@group-47B82E5F6106, cid=3726, SUCCESS, logIndex=5612, commits[f3174d56-9988-40ec-970b-d447ed545dfb:c5612, 3e713ff3-0d17-449f-90fa-609b20cf4c10:c5608, 34290298-343f-405c-af97-b2d19041b010:c5608]
2019-09-11 09:06:51,434 [grpc-default-executor-0] INFO  client.GrpcClientProtocolClient (GrpcClientProtocolClient.java:onNext(264)) - client-B22ED198845A->f3174d56-9988-40ec-970b-d447ed545dfb: receive RaftClientReply:client-B22ED198845A->f3174d56-9988-40ec-970b-d447ed545dfb@group-47B82E5F6106, cid=3727, SUCCESS, logIndex=0, commits[f3174d56-9988-40ec-970b-d447ed545dfb:c5614, 3e713ff3-0d17-449f-90fa-609b20cf4c10:c5610, 34290298-343f-405c-af97-b2d19041b010:c5610]
2019-09-11 09:06:51,455 [grpc-default-executor-5] INFO  client.GrpcClientProtocolClient (GrpcClientProtocolClient.java:onNext(264)) - client-B22ED198845A->f3174d56-9988-40ec-970b-d447ed545dfb: receive RaftClientReply:client-B22ED198845A->f3174d56-9988-40ec-970b-d447ed545dfb@group-47B82E5F6106, cid=3728, SUCCESS, logIndex=5617, commits[f3174d56-9988-40ec-970b-d447ed545dfb:c5618, 3e713ff3-0d17-449f-90fa-609b20cf4c10:c5616, 34290298-343f-405c-af97-b2d19041b010:c5616]
2019-09-11 09:06:51,456 [grpc-default-executor-5] INFO  client.GrpcClientProtocolClient (GrpcClientProtocolClient.java:onNext(264)) - client-B22ED198845A->f3174d56-9988-40ec-970b-d447ed545dfb: receive RaftClientReply:client-B22ED198845A->f3174d56-9988-40ec-970b-d447ed545dfb@group-47B82E5F6106, cid=3729, SUCCESS, logIndex=5618, commits[f3174d56-9988-40ec-970b-d447ed545dfb:c5618, 3e713ff3-0d17-449f-90fa-609b20cf4c10:c5616, 34290298-343f-405c-af97-b2d19041b010:c5616]
2019-09-11 09:06:51,470 [grpc-default-executor-5] INFO  client.GrpcClientProtocolClient (GrpcClientProtocolClient.java:onNext(264)) - client-B22ED198845A->f3174d56-9988-40ec-970b-d447ed545dfb: receive RaftClientReply:client-B22ED198845A->f3174d56-9988-40ec-970b-d447ed545dfb@group-47B82E5F6106, cid=3730, SUCCESS, logIndex=5621, commits[f3174d56-9988-40ec-970b-d447ed545dfb:c5622, 3e713ff3-0d17-449f-90fa-609b20cf4c10:c5618, 34290298-343f-405c-af97-b2d19041b010:c5618]
2019-09-11 09:06:51,470 [grpc-default-executor-5] INFO  client.GrpcClientProtocolClient (GrpcClientProtocolClient.java:onNext(264)) - client-B22ED198845A->f3174d56-9988-40ec-970b-d447ed545dfb: receive RaftClientReply:client-B22ED198845A->f3174d56-9988-40ec-970b-d447ed545dfb@group-47B82E5F6106, cid=3731, SUCCESS, logIndex=5622, commits[f3174d56-9988-40ec-970b-d447ed545dfb:c5622, 3e713ff3-0d17-449f-90fa-609b20cf4c10:c5618, 34290298-343f-405c-af97-b2d19041b010:c5618]
2019-09-11 09:06:51,483 [grpc-default-executor-5] INFO  client.GrpcClientProtocolClient (GrpcClientProtocolClient.java:onNext(264)) - client-B22ED198845A->f3174d56-9988-40ec-970b-d447ed545dfb: receive RaftClientReply:client-B22ED198845A->f3174d56-9988-40ec-970b-d447ed545dfb@group-47B82E5F6106, cid=3732, SUCCESS, logIndex=0, commits[f3174d56-9988-40ec-970b-d447ed545dfb:c5624, 3e713ff3-0d17-449f-90fa-609b20cf4c10:c5622, 34290298-343f-405c-af97-b2d19041b010:c5622]
2019-09-11 09:06:51,513 [grpc-default-executor-0] INFO  client.GrpcClientProtocolClient (GrpcClientProtocolClient.java:onNext(264)) - client-B22ED198845A->f3174d56-9988-40ec-970b-d447ed545dfb: receive RaftClientReply:client-B22ED198845A->f3174d56-9988-40ec-970b-d447ed545dfb@group-47B82E5F6106, cid=3733, SUCCESS, logIndex=5625, commits[f3174d56-9988-40ec-970b-d447ed545dfb:c5626, 3e713ff3-0d17-449f-90fa-609b20cf4c10:c5624, 34290298-343f-405c-af97-b2d19041b010:c5624]
2019-09-11 09:06:51,514 [grpc-default-executor-0] INFO  client.GrpcClientProtocolClient (GrpcClientProtocolClient.java:onNext(264)) - client-B22ED198845A->f3174d56-9988-40ec-970b-d447ed545dfb: receive RaftClientReply:client-B22ED198845A->f3174d56-9988-40ec-970b-d447ed545dfb@group-47B82E5F6106, cid=3734, SUCCESS, logIndex=5626, commits[f3174d56-9988-40ec-970b-d447ed545dfb:c5628, 3e713ff3-0d17-449f-90fa-609b20cf4c10:c5624, 34290298-343f-405c-af97-b2d19041b010:c5624]
2019-09-11 09:06:51,514 [grpc-default-executor-0] INFO  client.GrpcClientProtocolClient (GrpcClientProtocolClient.java:onNext(264)) - client-B22ED198845A->f3174d56-9988-40ec-970b-d447ed545dfb: receive RaftClientReply:client-B22ED198845A->f3174d56-9988-40ec-970b-d447ed545dfb@group-47B82E5F6106, cid=3735, SUCCESS, logIndex=5627, commits[f3174d56-9988-40ec-970b-d447ed545dfb:c5628, 3e713ff3-0d17-449f-90fa-609b20cf4c10:c5624, 34290298-343f-405c-af97-b2d19041b010:c5624]
2019-09-11 09:06:51,514 [grpc-default-executor-0] INFO  client.GrpcClientProtocolClient (GrpcClientProtocolClient.java:onNext(264)) - client-B22ED198845A->f3174d56-9988-40ec-970b-d447ed545dfb: receive RaftClientReply:client-B22ED198845A->f3174d56-9988-40ec-970b-d447ed545dfb@group-47B82E5F6106, cid=3736, SUCCESS, logIndex=5628, commits[f3174d56-9988-40ec-970b-d447ed545dfb:c5628, 3e713ff3-0d17-449f-90fa-609b20cf4c10:c5624, 34290298-343f-405c-af97-b2d19041b010:c5624]
2019-09-11 09:06:51,527 [grpc-default-executor-0] INFO  client.GrpcClientProtocolClient (GrpcClientProtocolClient.java:onNext(264)) - client-B22ED198845A->f3174d56-9988-40ec-970b-d447ed545dfb: receive RaftClientReply:client-B22ED198845A->f3174d56-9988-40ec-970b-d447ed545dfb@group-47B82E5F6106, cid=3737, SUCCESS, logIndex=0, commits[f3174d56-9988-40ec-970b-d447ed545dfb:c5632, 3e713ff3-0d17-449f-90fa-609b20cf4c10:c5628, 34290298-343f-405c-af97-b2d19041b010:c5626]
2019-09-11 09:06:51,546 [grpc-default-executor-5] INFO  client.GrpcClientProtocolClient (GrpcClientProtocolClient.java:onNext(264)) - client-B22ED198845A->f3174d56-9988-40ec-970b-d447ed545dfb: receive RaftClientReply:client-B22ED198845A->f3174d56-9988-40ec-970b-d447ed545dfb@group-47B82E5F6106, cid=3738, SUCCESS, logIndex=5633, commits[f3174d56-9988-40ec-970b-d447ed545dfb:c5634, 3e713ff3-0d17-449f-90fa-609b20cf4c10:c5632, 34290298-343f-405c-af97-b2d19041b010:c5632]
2019-09-11 09:06:51,546 [grpc-default-executor-5] INFO  client.GrpcClientProtocolClient (GrpcClientProtocolClient.java:onNext(264)) - client-B22ED198845A->f3174d56-9988-40ec-970b-d447ed545dfb: receive RaftClientReply:client-B22ED198845A->f3174d56-9988-40ec-970b-d447ed545dfb@group-47B82E5F6106, cid=3739, SUCCESS, logIndex=5634, commits[f3174d56-9988-40ec-970b-d447ed545dfb:c5634, 3e713ff3-0d17-449f-90fa-609b20cf4c10:c5632, 34290298-343f-405c-af97-b2d19041b010:c5632]
2019-09-11 09:06:51,561 [grpc-default-executor-4] INFO  client.GrpcClientProtocolClient (GrpcClientProtocolClient.java:onNext(264)) - client-B22ED198845A->f3174d56-9988-40ec-970b-d447ed545dfb: receive RaftClientReply:client-B22ED198845A->f3174d56-9988-40ec-970b-d447ed545dfb@group-47B82E5F6106, cid=3740, SUCCESS, logIndex=5637, commits[f3174d56-9988-40ec-970b-d447ed545dfb:c5638, 3e713ff3-0d17-449f-90fa-609b20cf4c10:c5634, 34290298-343f-405c-af97-b2d19041b010:c5634]
2019-09-11 09:06:51,561 [grpc-default-executor-4] INFO  client.GrpcClientProtocolClient (GrpcClientProtocolClient.java:onNext(264)) - client-B22ED198845A->f3174d56-9988-40ec-970b-d447ed545dfb: receive RaftClientReply:client-B22ED198845A->f3174d56-9988-40ec-970b-d447ed545dfb@group-47B82E5F6106, cid=3741, SUCCESS, logIndex=5638, commits[f3174d56-9988-40ec-970b-d447ed545dfb:c5638, 3e713ff3-0d17-449f-90fa-609b20cf4c10:c5634, 34290298-343f-405c-af97-b2d19041b010:c5634]
2019-09-11 09:06:51,563 [grpc-default-executor-4] INFO  client.GrpcClientProtocolClient (GrpcClientProtocolClient.java:onNext(264)) - client-B22ED198845A->f3174d56-9988-40ec-970b-d447ed545dfb: receive RaftClientReply:client-B22ED198845A->f3174d56-9988-40ec-970b-d447ed545dfb@group-47B82E5F6106, cid=3742, SUCCESS, logIndex=0, commits[f3174d56-9988-40ec-970b-d447ed545dfb:c5639, 3e713ff3-0d17-449f-90fa-609b20cf4c10:c5638, 34290298-343f-405c-af97-b2d19041b010:c5638]
2019-09-11 09:06:51,581 [grpc-default-executor-2] INFO  client.GrpcClientProtocolClient (GrpcClientProtocolClient.java:onNext(264)) - client-B22ED198845A->f3174d56-9988-40ec-970b-d447ed545dfb: receive RaftClientReply:client-B22ED198845A->f3174d56-9988-40ec-970b-d447ed545dfb@group-47B82E5F6106, cid=3743, SUCCESS, logIndex=5641, commits[f3174d56-9988-40ec-970b-d447ed545dfb:c5642, 3e713ff3-0d17-449f-90fa-609b20cf4c10:c5640, 34290298-343f-405c-af97-b2d19041b010:c5638]
2019-09-11 09:06:51,581 [grpc-default-executor-2] INFO  client.GrpcClientProtocolClient (GrpcClientProtocolClient.java:onNext(264)) - client-B22ED198845A->f3174d56-9988-40ec-970b-d447ed545dfb: receive RaftClientReply:client-B22ED198845A->f3174d56-9988-40ec-970b-d447ed545dfb@group-47B82E5F6106, cid=3744, SUCCESS, logIndex=5642, commits[f3174d56-9988-40ec-970b-d447ed545dfb:c5642, 3e713ff3-0d17-449f-90fa-609b20cf4c10:c5640, 34290298-343f-405c-af97-b2d19041b010:c5638]
2019-09-11 09:06:51,584 [grpc-default-executor-5] INFO  client.GrpcClientProtocolClient (GrpcClientProtocolClient.java:onNext(264)) - client-B22ED198845A->f3174d56-9988-40ec-970b-d447ed545dfb: receive RaftClientReply:client-B22ED198845A->f3174d56-9988-40ec-970b-d447ed545dfb@group-47B82E5F6106, cid=3745, SUCCESS, logIndex=5643, commits[f3174d56-9988-40ec-970b-d447ed545dfb:c5646, 3e713ff3-0d17-449f-90fa-609b20cf4c10:c5642, 34290298-343f-405c-af97-b2d19041b010:c5640]
2019-09-11 09:06:51,584 [grpc-default-executor-5] INFO  client.GrpcClientProtocolClient (GrpcClientProtocolClient.java:onNext(264)) - client-B22ED198845A->f3174d56-9988-40ec-970b-d447ed545dfb: receive RaftClientReply:client-B22ED198845A->f3174d56-9988-40ec-970b-d447ed545dfb@group-47B82E5F6106, cid=3746, SUCCESS, logIndex=5644, commits[f3174d56-9988-40ec-970b-d447ed545dfb:c5646, 3e713ff3-0d17-449f-90fa-609b20cf4c10:c5642, 34290298-343f-405c-af97-b2d19041b010:c5640]
2019-09-11 09:06:51,585 [grpc-default-executor-4] INFO  client.GrpcClientProtocolClient (GrpcClientProtocolClient.java:onNext(264)) - client-B22ED198845A->f3174d56-9988-40ec-970b-d447ed545dfb: receive RaftClientReply:client-B22ED198845A->f3174d56-9988-40ec-970b-d447ed545dfb@group-47B82E5F6106, cid=3747, SUCCESS, logIndex=0, commits[f3174d56-9988-40ec-970b-d447ed545dfb:c5646, 3e713ff3-0d17-449f-90fa-609b20cf4c10:c5642, 34290298-343f-405c-af97-b2d19041b010:c5642]
2019-09-11 09:06:51,599 [grpc-default-executor-2] INFO  client.GrpcClientProtocolClient (GrpcClientProtocolClient.java:onNext(264)) - client-B22ED198845A->f3174d56-9988-40ec-970b-d447ed545dfb: receive RaftClientReply:client-B22ED198845A->f3174d56-9988-40ec-970b-d447ed545dfb@group-47B82E5F6106, cid=3748, SUCCESS, logIndex=5649, commits[f3174d56-9988-40ec-970b-d447ed545dfb:c5650, 3e713ff3-0d17-449f-90fa-609b20cf4c10:c5648, 34290298-343f-405c-af97-b2d19041b010:c5648]
2019-09-11 09:06:51,599 [grpc-default-executor-2] INFO  client.GrpcClientProtocolClient (GrpcClientProtocolClient.java:onNext(264)) - client-B22ED198845A->f3174d56-9988-40ec-970b-d447ed545dfb: receive RaftClientReply:client-B22ED198845A->f3174d56-9988-40ec-970b-d447ed545dfb@group-47B82E5F6106, cid=3749, SUCCESS, logIndex=5650, commits[f3174d56-9988-40ec-970b-d447ed545dfb:c5650, 3e713ff3-0d17-449f-90fa-609b20cf4c10:c5648, 34290298-343f-405c-af97-b2d19041b010:c5648]
 0.00% |█                                                                                                    |  0/1 Time: 0:00:312019-09-11 09:06:51,630 [grpc-default-executor-2] INFO  client.GrpcClientProtocolClient (GrpcClientProtocolClient.java:onNext(264)) - client-B22ED198845A->f3174d56-9988-40ec-970b-d447ed545dfb: receive RaftClientReply:client-B22ED198845A->f3174d56-9988-40ec-970b-d447ed545dfb@group-47B82E5F6106, cid=3750, SUCCESS, logIndex=5653, commits[f3174d56-9988-40ec-970b-d447ed545dfb:c5654, 3e713ff3-0d17-449f-90fa-609b20cf4c10:c5652, 34290298-343f-405c-af97-b2d19041b010:c5652]
2019-09-11 09:06:51,630 [grpc-default-executor-2] INFO  client.GrpcClientProtocolClient (GrpcClientProtocolClient.java:onNext(264)) - client-B22ED198845A->f3174d56-9988-40ec-970b-d447ed545dfb: receive RaftClientReply:client-B22ED198845A->f3174d56-9988-40ec-970b-d447ed545dfb@group-47B82E5F6106, cid=3751, SUCCESS, logIndex=5654, commits[f3174d56-9988-40ec-970b-d447ed545dfb:c5654, 3e713ff3-0d17-449f-90fa-609b20cf4c10:c5652, 34290298-343f-405c-af97-b2d19041b010:c5652]
2019-09-11 09:06:51,644 [grpc-default-executor-2] INFO  client.GrpcClientProtocolClient (GrpcClientProtocolClient.java:onNext(264)) - client-B22ED198845A->f3174d56-9988-40ec-970b-d447ed545dfb: receive RaftClientReply:client-B22ED198845A->f3174d56-9988-40ec-970b-d447ed545dfb@group-47B82E5F6106, cid=3752, SUCCESS, logIndex=0, commits[f3174d56-9988-40ec-970b-d447ed545dfb:c5656, 3e713ff3-0d17-449f-90fa-609b20cf4c10:c5654, 34290298-343f-405c-af97-b2d19041b010:c5654]
2019-09-11 09:06:51,672 [grpc-default-executor-0] INFO  client.GrpcClientProtocolClient (GrpcClientProtocolClient.java:onNext(264)) - client-B22ED198845A->f3174d56-9988-40ec-970b-d447ed545dfb: receive RaftClientReply:client-B22ED198845A->f3174d56-9988-40ec-970b-d447ed545dfb@group-47B82E5F6106, cid=3753, SUCCESS, logIndex=5657, commits[f3174d56-9988-40ec-970b-d447ed545dfb:c5659, 3e713ff3-0d17-449f-90fa-609b20cf4c10:c5656, 34290298-343f-405c-af97-b2d19041b010:c5656]
2019-09-11 09:06:51,673 [grpc-default-executor-0] INFO  client.GrpcClientProtocolClient (GrpcClientProtocolClient.java:onNext(264)) - client-B22ED198845A->f3174d56-9988-40ec-970b-d447ed545dfb: receive RaftClientReply:client-B22ED198845A->f3174d56-9988-40ec-970b-d447ed545dfb@group-47B82E5F6106, cid=3754, SUCCESS, logIndex=5658, commits[f3174d56-9988-40ec-970b-d447ed545dfb:c5660, 3e713ff3-0d17-449f-90fa-609b20cf4c10:c5656, 34290298-343f-405c-af97-b2d19041b010:c5656]
2019-09-11 09:06:51,673 [grpc-default-executor-0] INFO  client.GrpcClientProtocolClient (GrpcClientProtocolClient.java:onNext(264)) - client-B22ED198845A->f3174d56-9988-40ec-970b-d447ed545dfb: receive RaftClientReply:client-B22ED198845A->f3174d56-9988-40ec-970b-d447ed545dfb@group-47B82E5F6106, cid=3755, SUCCESS, logIndex=5659, commits[f3174d56-9988-40ec-970b-d447ed545dfb:c5660, 3e713ff3-0d17-449f-90fa-609b20cf4c10:c5656, 34290298-343f-405c-af97-b2d19041b010:c5656]
2019-09-11 09:06:51,673 [grpc-default-executor-0] INFO  client.GrpcClientProtocolClient (GrpcClientProtocolClient.java:onNext(264)) - client-B22ED198845A->f3174d56-9988-40ec-970b-d447ed545dfb: receive RaftClientReply:client-B22ED198845A->f3174d56-9988-40ec-970b-d447ed545dfb@group-47B82E5F6106, cid=3756, SUCCESS, logIndex=5660, commits[f3174d56-9988-40ec-970b-d447ed545dfb:c5660, 3e713ff3-0d17-449f-90fa-609b20cf4c10:c5656, 34290298-343f-405c-af97-b2d19041b010:c5656]
2019-09-11 09:06:51,677 [grpc-default-executor-2] INFO  client.GrpcClientProtocolClient (GrpcClientProtocolClient.java:onNext(264)) - client-B22ED198845A->f3174d56-9988-40ec-970b-d447ed545dfb: receive RaftClientReply:client-B22ED198845A->f3174d56-9988-40ec-970b-d447ed545dfb@group-47B82E5F6106, cid=3757, SUCCESS, logIndex=0, commits[f3174d56-9988-40ec-970b-d447ed545dfb:c5664, 3e713ff3-0d17-449f-90fa-609b20cf4c10:c5658, 34290298-343f-405c-af97-b2d19041b010:c5660]
2019-09-11 09:06:51,697 [grpc-default-executor-2] INFO  client.GrpcClientProtocolClient (GrpcClientProtocolClient.java:onNext(264)) - client-B22ED198845A->f3174d56-9988-40ec-970b-d447ed545dfb: receive RaftClientReply:client-B22ED198845A->f3174d56-9988-40ec-970b-d447ed545dfb@group-47B82E5F6106, cid=3758, SUCCESS, logIndex=5665, commits[f3174d56-9988-40ec-970b-d447ed545dfb:c5666, 3e713ff3-0d17-449f-90fa-609b20cf4c10:c5664, 34290298-343f-405c-af97-b2d19041b010:c5664]
2019-09-11 09:06:51,697 [grpc-default-executor-2] INFO  client.GrpcClientProtocolClient (GrpcClientProtocolClient.java:onNext(264)) - client-B22ED198845A->f3174d56-9988-40ec-970b-d447ed545dfb: receive RaftClientReply:client-B22ED198845A->f3174d56-9988-40ec-970b-d447ed545dfb@group-47B82E5F6106, cid=3759, SUCCESS, logIndex=5666, commits[f3174d56-9988-40ec-970b-d447ed545dfb:c5666, 3e713ff3-0d17-449f-90fa-609b20cf4c10:c5664, 34290298-343f-405c-af97-b2d19041b010:c5664]
2019-09-11 09:06:51,723 [grpc-default-executor-2] INFO  client.GrpcClientProtocolClient (GrpcClientProtocolClient.java:onNext(264)) - client-B22ED198845A->f3174d56-9988-40ec-970b-d447ed545dfb: receive RaftClientReply:client-B22ED198845A->f3174d56-9988-40ec-970b-d447ed545dfb@group-47B82E5F6106, cid=3760, SUCCESS, logIndex=5669, commits[f3174d56-9988-40ec-970b-d447ed545dfb:c5670, 3e713ff3-0d17-449f-90fa-609b20cf4c10:c5666, 34290298-343f-405c-af97-b2d19041b010:c5666]
2019-09-11 09:06:51,723 [grpc-default-executor-2] INFO  client.GrpcClientProtocolClient (GrpcClientProtocolClient.java:onNext(264)) - client-B22ED198845A->f3174d56-9988-40ec-970b-d447ed545dfb: receive RaftClientReply:client-B22ED198845A->f3174d56-9988-40ec-970b-d447ed545dfb@group-47B82E5F6106, cid=3761, SUCCESS, logIndex=5670, commits[f3174d56-9988-40ec-970b-d447ed545dfb:c5670, 3e713ff3-0d17-449f-90fa-609b20cf4c10:c5666, 34290298-343f-405c-af97-b2d19041b010:c5666]
2019-09-11 09:06:51,737 [grpc-default-executor-2] INFO  client.GrpcClientProtocolClient (GrpcClientProtocolClient.java:onNext(264)) - client-B22ED198845A->f3174d56-9988-40ec-970b-d447ed545dfb: receive RaftClientReply:client-B22ED198845A->f3174d56-9988-40ec-970b-d447ed545dfb@group-47B82E5F6106, cid=3762, SUCCESS, logIndex=0, commits[f3174d56-9988-40ec-970b-d447ed545dfb:c5671, 3e713ff3-0d17-449f-90fa-609b20cf4c10:c5670, 34290298-343f-405c-af97-b2d19041b010:c5670]
2019-09-11 09:06:51,767 [grpc-default-executor-5] INFO  client.GrpcClientProtocolClient (GrpcClientProtocolClient.java:onNext(264)) - client-B22ED198845A->f3174d56-9988-40ec-970b-d447ed545dfb: receive RaftClientReply:client-B22ED198845A->f3174d56-9988-40ec-970b-d447ed545dfb@group-47B82E5F6106, cid=3763, SUCCESS, logIndex=5673, commits[f3174d56-9988-40ec-970b-d447ed545dfb:c5674, 3e713ff3-0d17-449f-90fa-609b20cf4c10:c5672, 34290298-343f-405c-af97-b2d19041b010:c5672]
2019-09-11 09:06:51,767 [grpc-default-executor-5] INFO  client.GrpcClientProtocolClient (GrpcClientProtocolClient.java:onNext(264)) - client-B22ED198845A->f3174d56-9988-40ec-970b-d447ed545dfb: receive RaftClientReply:client-B22ED198845A->f3174d56-9988-40ec-970b-d447ed545dfb@group-47B82E5F6106, cid=3764, SUCCESS, logIndex=5674, commits[f3174d56-9988-40ec-970b-d447ed545dfb:c5674, 3e713ff3-0d17-449f-90fa-609b20cf4c10:c5672, 34290298-343f-405c-af97-b2d19041b010:c5672]
2019-09-11 09:06:51,780 [grpc-default-executor-2] INFO  client.GrpcClientProtocolClient (GrpcClientProtocolClient.java:onNext(264)) - client-B22ED198845A->f3174d56-9988-40ec-970b-d447ed545dfb: receive RaftClientReply:client-B22ED198845A->f3174d56-9988-40ec-970b-d447ed545dfb@group-47B82E5F6106, cid=3765, SUCCESS, logIndex=5675, commits[f3174d56-9988-40ec-970b-d447ed545dfb:c5676, 3e713ff3-0d17-449f-90fa-609b20cf4c10:c5672, 34290298-343f-405c-af97-b2d19041b010:c5672]
2019-09-11 09:06:51,780 [grpc-default-executor-2] INFO  client.GrpcClientProtocolClient (GrpcClientProtocolClient.java:onNext(264)) - client-B22ED198845A->f3174d56-9988-40ec-970b-d447ed545dfb: receive RaftClientReply:client-B22ED198845A->f3174d56-9988-40ec-970b-d447ed545dfb@group-47B82E5F6106, cid=3766, SUCCESS, logIndex=5676, commits[f3174d56-9988-40ec-970b-d447ed545dfb:c5676, 3e713ff3-0d17-449f-90fa-609b20cf4c10:c5672, 34290298-343f-405c-af97-b2d19041b010:c5672]
2019-09-11 09:06:51,799 [grpc-default-executor-2] INFO  client.GrpcClientProtocolClient (GrpcClientProtocolClient.java:onNext(264)) - client-B22ED198845A->f3174d56-9988-40ec-970b-d447ed545dfb: receive RaftClientReply:client-B22ED198845A->f3174d56-9988-40ec-970b-d447ed545dfb@group-47B82E5F6106, cid=3767, SUCCESS, logIndex=0, commits[f3174d56-9988-40ec-970b-d447ed545dfb:c5678, 3e713ff3-0d17-449f-90fa-609b20cf4c10:c5674, 34290298-343f-405c-af97-b2d19041b010:c5674]
2019-09-11 09:06:51,810 [grpc-default-executor-2] INFO  client.GrpcClientProtocolClient (GrpcClientProtocolClient.java:onNext(264)) - client-B22ED198845A->f3174d56-9988-40ec-970b-d447ed545dfb: receive RaftClientReply:client-B22ED198845A->f3174d56-9988-40ec-970b-d447ed545dfb@group-47B82E5F6106, cid=3768, SUCCESS, logIndex=5681, commits[f3174d56-9988-40ec-970b-d447ed545dfb:c5682, 3e713ff3-0d17-449f-90fa-609b20cf4c10:c5680, 34290298-343f-405c-af97-b2d19041b010:c5676]
2019-09-11 09:06:51,811 [grpc-default-executor-2] INFO  client.GrpcClientProtocolClient (GrpcClientProtocolClient.java:onNext(264)) - client-B22ED198845A->f3174d56-9988-40ec-970b-d447ed545dfb: receive RaftClientReply:client-B22ED198845A->f3174d56-9988-40ec-970b-d447ed545dfb@group-47B82E5F6106, cid=3769, SUCCESS, logIndex=5682, commits[f3174d56-9988-40ec-970b-d447ed545dfb:c5682, 3e713ff3-0d17-449f-90fa-609b20cf4c10:c5680, 34290298-343f-405c-af97-b2d19041b010:c5680]
2019-09-11 09:06:51,820 [grpc-default-executor-5] INFO  client.GrpcClientProtocolClient (GrpcClientProtocolClient.java:onNext(264)) - client-B22ED198845A->f3174d56-9988-40ec-970b-d447ed545dfb: receive RaftClientReply:client-B22ED198845A->f3174d56-9988-40ec-970b-d447ed545dfb@group-47B82E5F6106, cid=3770, SUCCESS, logIndex=5685, commits[f3174d56-9988-40ec-970b-d447ed545dfb:c5686, 3e713ff3-0d17-449f-90fa-609b20cf4c10:c5684, 34290298-343f-405c-af97-b2d19041b010:c5682]
2019-09-11 09:06:51,821 [grpc-default-executor-5] INFO  client.GrpcClientProtocolClient (GrpcClientProtocolClient.java:onNext(264)) - client-B22ED198845A->f3174d56-9988-40ec-970b-d447ed545dfb: receive RaftClientReply:client-B22ED198845A->f3174d56-9988-40ec-970b-d447ed545dfb@group-47B82E5F6106, cid=3771, SUCCESS, logIndex=5686, commits[f3174d56-9988-40ec-970b-d447ed545dfb:c5686, 3e713ff3-0d17-449f-90fa-609b20cf4c10:c5684, 34290298-343f-405c-af97-b2d19041b010:c5682]
2019-09-11 09:06:51,827 [grpc-default-executor-2] INFO  client.GrpcClientProtocolClient (GrpcClientProtocolClient.java:onNext(264)) - client-B22ED198845A->f3174d56-9988-40ec-970b-d447ed545dfb: receive RaftClientReply:client-B22ED198845A->f3174d56-9988-40ec-970b-d447ed545dfb@group-47B82E5F6106, cid=3772, SUCCESS, logIndex=0, commits[f3174d56-9988-40ec-970b-d447ed545dfb:c5688, 3e713ff3-0d17-449f-90fa-609b20cf4c10:c5686, 34290298-343f-405c-af97-b2d19041b010:c5686]
2019-09-11 09:06:51,847 [grpc-default-executor-0] INFO  client.GrpcClientProtocolClient (GrpcClientProtocolClient.java:onNext(264)) - client-B22ED198845A->f3174d56-9988-40ec-970b-d447ed545dfb: receive RaftClientReply:client-B22ED198845A->f3174d56-9988-40ec-970b-d447ed545dfb@group-47B82E5F6106, cid=3773, SUCCESS, logIndex=5689, commits[f3174d56-9988-40ec-970b-d447ed545dfb:c5690, 3e713ff3-0d17-449f-90fa-609b20cf4c10:c5686, 34290298-343f-405c-af97-b2d19041b010:c5688]
2019-09-11 09:06:51,848 [grpc-default-executor-0] INFO  client.GrpcClientProtocolClient (GrpcClientProtocolClient.java:onNext(264)) - client-B22ED198845A->f3174d56-9988-40ec-970b-d447ed545dfb: receive RaftClientReply:client-B22ED198845A->f3174d56-9988-40ec-970b-d447ed545dfb@group-47B82E5F6106, cid=3774, SUCCESS, logIndex=5690, commits[f3174d56-9988-40ec-970b-d447ed545dfb:c5690, 3e713ff3-0d17-449f-90fa-609b20cf4c10:c5686, 34290298-343f-405c-af97-b2d19041b010:c5688]
2019-09-11 09:06:51,850 [grpc-default-executor-5] INFO  client.GrpcClientProtocolClient (GrpcClientProtocolClient.java:onNext(264)) - client-B22ED198845A->f3174d56-9988-40ec-970b-d447ed545dfb: receive RaftClientReply:client-B22ED198845A->f3174d56-9988-40ec-970b-d447ed545dfb@group-47B82E5F6106, cid=3775, SUCCESS, logIndex=5691, commits[f3174d56-9988-40ec-970b-d447ed545dfb:c5692, 3e713ff3-0d17-449f-90fa-609b20cf4c10:c5688, 34290298-343f-405c-af97-b2d19041b010:c5688]
2019-09-11 09:06:51,850 [grpc-default-executor-5] INFO  client.GrpcClientProtocolClient (GrpcClientProtocolClient.java:onNext(264)) - client-B22ED198845A->f3174d56-9988-40ec-970b-d447ed545dfb: receive RaftClientReply:client-B22ED198845A->f3174d56-9988-40ec-970b-d447ed545dfb@group-47B82E5F6106, cid=3776, SUCCESS, logIndex=5692, commits[f3174d56-9988-40ec-970b-d447ed545dfb:c5692, 3e713ff3-0d17-449f-90fa-609b20cf4c10:c5688, 34290298-343f-405c-af97-b2d19041b010:c5688]
2019-09-11 09:06:51,856 [grpc-default-executor-2] INFO  client.GrpcClientProtocolClient (GrpcClientProtocolClient.java:onNext(264)) - client-B22ED198845A->f3174d56-9988-40ec-970b-d447ed545dfb: receive RaftClientReply:client-B22ED198845A->f3174d56-9988-40ec-970b-d447ed545dfb@group-47B82E5F6106, cid=3777, SUCCESS, logIndex=0, commits[f3174d56-9988-40ec-970b-d447ed545dfb:c5695, 3e713ff3-0d17-449f-90fa-609b20cf4c10:c5691, 34290298-343f-405c-af97-b2d19041b010:c5691]
2019-09-11 09:06:51,877 [grpc-default-executor-0] INFO  client.GrpcClientProtocolClient (GrpcClientProtocolClient.java:onNext(264)) - client-B22ED198845A->f3174d56-9988-40ec-970b-d447ed545dfb: receive RaftClientReply:client-B22ED198845A->f3174d56-9988-40ec-970b-d447ed545dfb@group-47B82E5F6106, cid=3778, SUCCESS, logIndex=5697, commits[f3174d56-9988-40ec-970b-d447ed545dfb:c5698, 3e713ff3-0d17-449f-90fa-609b20cf4c10:c5696, 34290298-343f-405c-af97-b2d19041b010:c5696]
2019-09-11 09:06:51,877 [grpc-default-executor-0] INFO  client.GrpcClientProtocolClient (GrpcClientProtocolClient.java:onNext(264)) - client-B22ED198845A->f3174d56-9988-40ec-970b-d447ed545dfb: receive RaftClientReply:client-B22ED198845A->f3174d56-9988-40ec-970b-d447ed545dfb@group-47B82E5F6106, cid=3779, SUCCESS, logIndex=5698, commits[f3174d56-9988-40ec-970b-d447ed545dfb:c5698, 3e713ff3-0d17-449f-90fa-609b20cf4c10:c5696, 34290298-343f-405c-af97-b2d19041b010:c5696]
2019-09-11 09:06:51,891 [grpc-default-executor-0] INFO  client.GrpcClientProtocolClient (GrpcClientProtocolClient.java:onNext(264)) - client-B22ED198845A->f3174d56-9988-40ec-970b-d447ed545dfb: receive RaftClientReply:client-B22ED198845A->f3174d56-9988-40ec-970b-d447ed545dfb@group-47B82E5F6106, cid=3780, SUCCESS, logIndex=5701, commits[f3174d56-9988-40ec-970b-d447ed545dfb:c5702, 3e713ff3-0d17-449f-90fa-609b20cf4c10:c5698, 34290298-343f-405c-af97-b2d19041b010:c5698]
2019-09-11 09:06:51,892 [grpc-default-executor-0] INFO  client.GrpcClientProtocolClient (GrpcClientProtocolClient.java:onNext(264)) - client-B22ED198845A->f3174d56-9988-40ec-970b-d447ed545dfb: receive RaftClientReply:client-B22ED198845A->f3174d56-9988-40ec-970b-d447ed545dfb@group-47B82E5F6106, cid=3781, SUCCESS, logIndex=5702, commits[f3174d56-9988-40ec-970b-d447ed545dfb:c5702, 3e713ff3-0d17-449f-90fa-609b20cf4c10:c5698, 34290298-343f-405c-af97-b2d19041b010:c5698]
2019-09-11 09:06:51,918 [grpc-default-executor-0] INFO  client.GrpcClientProtocolClient (GrpcClientProtocolClient.java:onNext(264)) - client-B22ED198845A->f3174d56-9988-40ec-970b-d447ed545dfb: receive RaftClientReply:client-B22ED198845A->f3174d56-9988-40ec-970b-d447ed545dfb@group-47B82E5F6106, cid=3782, SUCCESS, logIndex=0, commits[f3174d56-9988-40ec-970b-d447ed545dfb:c5704, 3e713ff3-0d17-449f-90fa-609b20cf4c10:c5702, 34290298-343f-405c-af97-b2d19041b010:c5702]
2019-09-11 09:06:51,946 [grpc-default-executor-0] INFO  client.GrpcClientProtocolClient (GrpcClientProtocolClient.java:onNext(264)) - client-B22ED198845A->f3174d56-9988-40ec-970b-d447ed545dfb: receive RaftClientReply:client-B22ED198845A->f3174d56-9988-40ec-970b-d447ed545dfb@group-47B82E5F6106, cid=3783, SUCCESS, logIndex=5705, commits[f3174d56-9988-40ec-970b-d447ed545dfb:c5708, 3e713ff3-0d17-449f-90fa-609b20cf4c10:c5704, 34290298-343f-405c-af97-b2d19041b010:c5704]
2019-09-11 09:06:51,946 [grpc-default-executor-0] INFO  client.GrpcClientProtocolClient (GrpcClientProtocolClient.java:onNext(264)) - client-B22ED198845A->f3174d56-9988-40ec-970b-d447ed545dfb: receive RaftClientReply:client-B22ED198845A->f3174d56-9988-40ec-970b-d447ed545dfb@group-47B82E5F6106, cid=3784, SUCCESS, logIndex=5706, commits[f3174d56-9988-40ec-970b-d447ed545dfb:c5708, 3e713ff3-0d17-449f-90fa-609b20cf4c10:c5704, 34290298-343f-405c-af97-b2d19041b010:c5704]
2019-09-11 09:06:51,947 [grpc-default-executor-0] INFO  client.GrpcClientProtocolClient (GrpcClientProtocolClient.java:onNext(264)) - client-B22ED198845A->f3174d56-9988-40ec-970b-d447ed545dfb: receive RaftClientReply:client-B22ED198845A->f3174d56-9988-40ec-970b-d447ed545dfb@group-47B82E5F6106, cid=3785, SUCCESS, logIndex=5707, commits[f3174d56-9988-40ec-970b-d447ed545dfb:c5708, 3e713ff3-0d17-449f-90fa-609b20cf4c10:c5704, 34290298-343f-405c-af97-b2d19041b010:c5704]
2019-09-11 09:06:51,947 [grpc-default-executor-0] INFO  client.GrpcClientProtocolClient (GrpcClientProtocolClient.java:onNext(264)) - client-B22ED198845A->f3174d56-9988-40ec-970b-d447ed545dfb: receive RaftClientReply:client-B22ED198845A->f3174d56-9988-40ec-970b-d447ed545dfb@group-47B82E5F6106, cid=3786, SUCCESS, logIndex=5708, commits[f3174d56-9988-40ec-970b-d447ed545dfb:c5708, 3e713ff3-0d17-449f-90fa-609b20cf4c10:c5704, 34290298-343f-405c-af97-b2d19041b010:c5704]
2019-09-11 09:06:51,949 [grpc-default-executor-0] INFO  client.GrpcClientProtocolClient (GrpcClientProtocolClient.java:onNext(264)) - client-B22ED198845A->f3174d56-9988-40ec-970b-d447ed545dfb: receive RaftClientReply:client-B22ED198845A->f3174d56-9988-40ec-970b-d447ed545dfb@group-47B82E5F6106, cid=3787, SUCCESS, logIndex=0, commits[f3174d56-9988-40ec-970b-d447ed545dfb:c5709, 3e713ff3-0d17-449f-90fa-609b20cf4c10:c5706, 34290298-343f-405c-af97-b2d19041b010:c5706]
2019-09-11 09:06:51,975 [grpc-default-executor-0] INFO  client.GrpcClientProtocolClient (GrpcClientProtocolClient.java:onNext(264)) - client-B22ED198845A->f3174d56-9988-40ec-970b-d447ed545dfb: receive RaftClientReply:client-B22ED198845A->f3174d56-9988-40ec-970b-d447ed545dfb@group-47B82E5F6106, cid=3788, SUCCESS, logIndex=5713, commits[f3174d56-9988-40ec-970b-d447ed545dfb:c5714, 3e713ff3-0d17-449f-90fa-609b20cf4c10:c5709, 34290298-343f-405c-af97-b2d19041b010:c5709]
2019-09-11 09:06:51,975 [grpc-default-executor-0] INFO  client.GrpcClientProtocolClient (GrpcClientProtocolClient.java:onNext(264)) - client-B22ED198845A->f3174d56-9988-40ec-970b-d447ed545dfb: receive RaftClientReply:client-B22ED198845A->f3174d56-9988-40ec-970b-d447ed545dfb@group-47B82E5F6106, cid=3789, SUCCESS, logIndex=5714, commits[f3174d56-9988-40ec-970b-d447ed545dfb:c5714, 3e713ff3-0d17-449f-90fa-609b20cf4c10:c5709, 34290298-343f-405c-af97-b2d19041b010:c5709]
2019-09-11 09:06:52,002 [grpc-default-executor-2] INFO  client.GrpcClientProtocolClient (GrpcClientProtocolClient.java:onNext(264)) - client-B22ED198845A->f3174d56-9988-40ec-970b-d447ed545dfb: receive RaftClientReply:client-B22ED198845A->f3174d56-9988-40ec-970b-d447ed545dfb@group-47B82E5F6106, cid=3790, SUCCESS, logIndex=5717, commits[f3174d56-9988-40ec-970b-d447ed545dfb:c5717, 3e713ff3-0d17-449f-90fa-609b20cf4c10:c5714, 34290298-343f-405c-af97-b2d19041b010:c5714]
2019-09-11 09:06:52,002 [grpc-default-executor-2] INFO  client.GrpcClientProtocolClient (GrpcClientProtocolClient.java:onNext(264)) - client-B22ED198845A->f3174d56-9988-40ec-970b-d447ed545dfb: receive RaftClientReply:client-B22ED198845A->f3174d56-9988-40ec-970b-d447ed545dfb@group-47B82E5F6106, cid=3791, SUCCESS, logIndex=5718, commits[f3174d56-9988-40ec-970b-d447ed545dfb:c5718, 3e713ff3-0d17-449f-90fa-609b20cf4c10:c5714, 34290298-343f-405c-af97-b2d19041b010:c5714]
2019-09-11 09:06:52,017 [grpc-default-executor-5] INFO  client.GrpcClientProtocolClient (GrpcClientProtocolClient.java:onNext(264)) - client-B22ED198845A->f3174d56-9988-40ec-970b-d447ed545dfb: receive RaftClientReply:client-B22ED198845A->f3174d56-9988-40ec-970b-d447ed545dfb@group-47B82E5F6106, cid=3792, SUCCESS, logIndex=0, commits[f3174d56-9988-40ec-970b-d447ed545dfb:c5720, 3e713ff3-0d17-449f-90fa-609b20cf4c10:c5718, 34290298-343f-405c-af97-b2d19041b010:c5718]
2019-09-11 09:06:52,037 [grpc-default-executor-2] INFO  client.GrpcClientProtocolClient (GrpcClientProtocolClient.java:onNext(264)) - client-B22ED198845A->f3174d56-9988-40ec-970b-d447ed545dfb: receive RaftClientReply:client-B22ED198845A->f3174d56-9988-40ec-970b-d447ed545dfb@group-47B82E5F6106, cid=3793, SUCCESS, logIndex=5721, commits[f3174d56-9988-40ec-970b-d447ed545dfb:c5724, 3e713ff3-0d17-449f-90fa-609b20cf4c10:c5720, 34290298-343f-405c-af97-b2d19041b010:c5718]
2019-09-11 09:06:52,038 [grpc-default-executor-2] INFO  client.GrpcClientProtocolClient (GrpcClientProtocolClient.java:onNext(264)) - client-B22ED198845A->f3174d56-9988-40ec-970b-d447ed545dfb: receive RaftClientReply:client-B22ED198845A->f3174d56-9988-40ec-970b-d447ed545dfb@group-47B82E5F6106, cid=3794, SUCCESS, logIndex=5722, commits[f3174d56-9988-40ec-970b-d447ed545dfb:c5724, 3e713ff3-0d17-449f-90fa-609b20cf4c10:c5720, 34290298-343f-405c-af97-b2d19041b010:c5720]
2019-09-11 09:06:52,038 [grpc-default-executor-2] INFO  client.GrpcClientProtocolClient (GrpcClientProtocolClient.java:onNext(264)) - client-B22ED198845A->f3174d56-9988-40ec-970b-d447ed545dfb: receive RaftClientReply:client-B22ED198845A->f3174d56-9988-40ec-970b-d447ed545dfb@group-47B82E5F6106, cid=3795, SUCCESS, logIndex=5723, commits[f3174d56-9988-40ec-970b-d447ed545dfb:c5724, 3e713ff3-0d17-449f-90fa-609b20cf4c10:c5720, 34290298-343f-405c-af97-b2d19041b010:c5720]
2019-09-11 09:06:52,038 [grpc-default-executor-2] INFO  client.GrpcClientProtocolClient (GrpcClientProtocolClient.java:onNext(264)) - client-B22ED198845A->f3174d56-9988-40ec-970b-d447ed545dfb: receive RaftClientReply:client-B22ED198845A->f3174d56-9988-40ec-970b-d447ed545dfb@group-47B82E5F6106, cid=3796, SUCCESS, logIndex=5724, commits[f3174d56-9988-40ec-970b-d447ed545dfb:c5724, 3e713ff3-0d17-449f-90fa-609b20cf4c10:c5720, 34290298-343f-405c-af97-b2d19041b010:c5720]
2019-09-11 09:06:52,039 [grpc-default-executor-2] INFO  client.GrpcClientProtocolClient (GrpcClientProtocolClient.java:onNext(264)) - client-B22ED198845A->f3174d56-9988-40ec-970b-d447ed545dfb: receive RaftClientReply:client-B22ED198845A->f3174d56-9988-40ec-970b-d447ed545dfb@group-47B82E5F6106, cid=3797, SUCCESS, logIndex=0, commits[f3174d56-9988-40ec-970b-d447ed545dfb:c5727, 3e713ff3-0d17-449f-90fa-609b20cf4c10:c5722, 34290298-343f-405c-af97-b2d19041b010:c5723]
2019-09-11 09:06:52,048 [grpc-default-executor-5] INFO  client.GrpcClientProtocolClient (GrpcClientProtocolClient.java:onNext(264)) - client-B22ED198845A->f3174d56-9988-40ec-970b-d447ed545dfb: receive RaftClientReply:client-B22ED198845A->f3174d56-9988-40ec-970b-d447ed545dfb@group-47B82E5F6106, cid=3798, SUCCESS, logIndex=5729, commits[f3174d56-9988-40ec-970b-d447ed545dfb:c5730, 3e713ff3-0d17-449f-90fa-609b20cf4c10:c5728, 34290298-343f-405c-af97-b2d19041b010:c5724]
2019-09-11 09:06:52,049 [grpc-default-executor-5] INFO  client.GrpcClientProtocolClient (GrpcClientProtocolClient.java:onNext(264)) - client-B22ED198845A->f3174d56-9988-40ec-970b-d447ed545dfb: receive RaftClientReply:client-B22ED198845A->f3174d56-9988-40ec-970b-d447ed545dfb@group-47B82E5F6106, cid=3799, SUCCESS, logIndex=5730, commits[f3174d56-9988-40ec-970b-d447ed545dfb:c5730, 3e713ff3-0d17-449f-90fa-609b20cf4c10:c5728, 34290298-343f-405c-af97-b2d19041b010:c5724]
2019-09-11 09:06:52,058 [grpc-default-executor-2] INFO  client.GrpcClientProtocolClient (GrpcClientProtocolClient.java:onNext(264)) - client-B22ED198845A->f3174d56-9988-40ec-970b-d447ed545dfb: receive RaftClientReply:client-B22ED198845A->f3174d56-9988-40ec-970b-d447ed545dfb@group-47B82E5F6106, cid=3800, SUCCESS, logIndex=5733, commits[f3174d56-9988-40ec-970b-d447ed545dfb:c5734, 3e713ff3-0d17-449f-90fa-609b20cf4c10:c5732, 34290298-343f-405c-af97-b2d19041b010:c5732]
2019-09-11 09:06:52,058 [grpc-default-executor-2] INFO  client.GrpcClientProtocolClient (GrpcClientProtocolClient.java:onNext(264)) - client-B22ED198845A->f3174d56-9988-40ec-970b-d447ed545dfb: receive RaftClientReply:client-B22ED198845A->f3174d56-9988-40ec-970b-d447ed545dfb@group-47B82E5F6106, cid=3801, SUCCESS, logIndex=5734, commits[f3174d56-9988-40ec-970b-d447ed545dfb:c5734, 3e713ff3-0d17-449f-90fa-609b20cf4c10:c5732, 34290298-343f-405c-af97-b2d19041b010:c5732]
2019-09-11 09:06:52,061 [grpc-default-executor-2] INFO  client.GrpcClientProtocolClient (GrpcClientProtocolClient.java:onNext(264)) - client-B22ED198845A->f3174d56-9988-40ec-970b-d447ed545dfb: receive RaftClientReply:client-B22ED198845A->f3174d56-9988-40ec-970b-d447ed545dfb@group-47B82E5F6106, cid=3802, SUCCESS, logIndex=0, commits[f3174d56-9988-40ec-970b-d447ed545dfb:c5735, 3e713ff3-0d17-449f-90fa-609b20cf4c10:c5734, 34290298-343f-405c-af97-b2d19041b010:c5734]
2019-09-11 09:06:52,081 [grpc-default-executor-2] INFO  client.GrpcClientProtocolClient (GrpcClientProtocolClient.java:onNext(264)) - client-B22ED198845A->f3174d56-9988-40ec-970b-d447ed545dfb: receive RaftClientReply:client-B22ED198845A->f3174d56-9988-40ec-970b-d447ed545dfb@group-47B82E5F6106, cid=3803, SUCCESS, logIndex=5737, commits[f3174d56-9988-40ec-970b-d447ed545dfb:c5740, 3e713ff3-0d17-449f-90fa-609b20cf4c10:c5736, 34290298-343f-405c-af97-b2d19041b010:c5734]
2019-09-11 09:06:52,081 [grpc-default-executor-2] INFO  client.GrpcClientProtocolClient (GrpcClientProtocolClient.java:onNext(264)) - client-B22ED198845A->f3174d56-9988-40ec-970b-d447ed545dfb: receive RaftClientReply:client-B22ED198845A->f3174d56-9988-40ec-970b-d447ed545dfb@group-47B82E5F6106, cid=3804, SUCCESS, logIndex=5738, commits[f3174d56-9988-40ec-970b-d447ed545dfb:c5740, 3e713ff3-0d17-449f-90fa-609b20cf4c10:c5736, 34290298-343f-405c-af97-b2d19041b010:c5736]
2019-09-11 09:06:52,081 [grpc-default-executor-2] INFO  client.GrpcClientProtocolClient (GrpcClientProtocolClient.java:onNext(264)) - client-B22ED198845A->f3174d56-9988-40ec-970b-d447ed545dfb: receive RaftClientReply:client-B22ED198845A->f3174d56-9988-40ec-970b-d447ed545dfb@group-47B82E5F6106, cid=3805, SUCCESS, logIndex=5739, commits[f3174d56-9988-40ec-970b-d447ed545dfb:c5740, 3e713ff3-0d17-449f-90fa-609b20cf4c10:c5736, 34290298-343f-405c-af97-b2d19041b010:c5736]
2019-09-11 09:06:52,082 [grpc-default-executor-2] INFO  client.GrpcClientProtocolClient (GrpcClientProtocolClient.java:onNext(264)) - client-B22ED198845A->f3174d56-9988-40ec-970b-d447ed545dfb: receive RaftClientReply:client-B22ED198845A->f3174d56-9988-40ec-970b-d447ed545dfb@group-47B82E5F6106, cid=3806, SUCCESS, logIndex=5740, commits[f3174d56-9988-40ec-970b-d447ed545dfb:c5740, 3e713ff3-0d17-449f-90fa-609b20cf4c10:c5736, 34290298-343f-405c-af97-b2d19041b010:c5736]
2019-09-11 09:06:52,087 [grpc-default-executor-2] INFO  client.GrpcClientProtocolClient (GrpcClientProtocolClient.java:onNext(264)) - client-B22ED198845A->f3174d56-9988-40ec-970b-d447ed545dfb: receive RaftClientReply:client-B22ED198845A->f3174d56-9988-40ec-970b-d447ed545dfb@group-47B82E5F6106, cid=3807, SUCCESS, logIndex=0, commits[f3174d56-9988-40ec-970b-d447ed545dfb:c5742, 3e713ff3-0d17-449f-90fa-609b20cf4c10:c5739, 34290298-343f-405c-af97-b2d19041b010:c5740]
2019-09-11 09:06:52,096 [grpc-default-executor-2] INFO  client.GrpcClientProtocolClient (GrpcClientProtocolClient.java:onNext(264)) - client-B22ED198845A->f3174d56-9988-40ec-970b-d447ed545dfb: receive RaftClientReply:client-B22ED198845A->f3174d56-9988-40ec-970b-d447ed545dfb@group-47B82E5F6106, cid=3808, SUCCESS, logIndex=5745, commits[f3174d56-9988-40ec-970b-d447ed545dfb:c5746, 3e713ff3-0d17-449f-90fa-609b20cf4c10:c5744, 34290298-343f-405c-af97-b2d19041b010:c5740]
2019-09-11 09:06:52,097 [grpc-default-executor-2] INFO  client.GrpcClientProtocolClient (GrpcClientProtocolClient.java:onNext(264)) - client-B22ED198845A->f3174d56-9988-40ec-970b-d447ed545dfb: receive RaftClientReply:client-B22ED198845A->f3174d56-9988-40ec-970b-d447ed545dfb@group-47B82E5F6106, cid=3809, SUCCESS, logIndex=5746, commits[f3174d56-9988-40ec-970b-d447ed545dfb:c5746, 3e713ff3-0d17-449f-90fa-609b20cf4c10:c5744, 34290298-343f-405c-af97-b2d19041b010:c5744]
2019-09-11 09:06:52,106 [grpc-default-executor-2] INFO  client.GrpcClientProtocolClient (GrpcClientProtocolClient.java:onNext(264)) - client-B22ED198845A->f3174d56-9988-40ec-970b-d447ed545dfb: receive RaftClientReply:client-B22ED198845A->f3174d56-9988-40ec-970b-d447ed545dfb@group-47B82E5F6106, cid=3810, SUCCESS, logIndex=5749, commits[f3174d56-9988-40ec-970b-d447ed545dfb:c5750, 3e713ff3-0d17-449f-90fa-609b20cf4c10:c5748, 34290298-343f-405c-af97-b2d19041b010:c5748]
2019-09-11 09:06:52,107 [grpc-default-executor-2] INFO  client.GrpcClientProtocolClient (GrpcClientProtocolClient.java:onNext(264)) - client-B22ED198845A->f3174d56-9988-40ec-970b-d447ed545dfb: receive RaftClientReply:client-B22ED198845A->f3174d56-9988-40ec-970b-d447ed545dfb@group-47B82E5F6106, cid=3811, SUCCESS, logIndex=5750, commits[f3174d56-9988-40ec-970b-d447ed545dfb:c5750, 3e713ff3-0d17-449f-90fa-609b20cf4c10:c5748, 34290298-343f-405c-af97-b2d19041b010:c5748]
2019-09-11 09:06:52,108 [grpc-default-executor-0] INFO  client.GrpcClientProtocolClient (GrpcClientProtocolClient.java:onNext(264)) - client-B22ED198845A->f3174d56-9988-40ec-970b-d447ed545dfb: receive RaftClientReply:client-B22ED198845A->f3174d56-9988-40ec-970b-d447ed545dfb@group-47B82E5F6106, cid=3812, SUCCESS, logIndex=0, commits[f3174d56-9988-40ec-970b-d447ed545dfb:c5751, 3e713ff3-0d17-449f-90fa-609b20cf4c10:c5750, 34290298-343f-405c-af97-b2d19041b010:c5750]
2019-09-11 09:06:52,246 [grpc-default-executor-2] INFO  client.GrpcClientProtocolClient (GrpcClientProtocolClient.java:onNext(264)) - client-B22ED198845A->f3174d56-9988-40ec-970b-d447ed545dfb: receive RaftClientReply:client-B22ED198845A->f3174d56-9988-40ec-970b-d447ed545dfb@group-47B82E5F6106, cid=3813, SUCCESS, logIndex=5753, commits[f3174d56-9988-40ec-970b-d447ed545dfb:c5754, 3e713ff3-0d17-449f-90fa-609b20cf4c10:c5752, 34290298-343f-405c-af97-b2d19041b010:c5752]
2019-09-11 09:06:52,246 [grpc-default-executor-2] INFO  client.GrpcClientProtocolClient (GrpcClientProtocolClient.java:onNext(264)) - client-B22ED198845A->f3174d56-9988-40ec-970b-d447ed545dfb: receive RaftClientReply:client-B22ED198845A->f3174d56-9988-40ec-970b-d447ed545dfb@group-47B82E5F6106, cid=3814, SUCCESS, logIndex=5754, commits[f3174d56-9988-40ec-970b-d447ed545dfb:c5754, 3e713ff3-0d17-449f-90fa-609b20cf4c10:c5752, 34290298-343f-405c-af97-b2d19041b010:c5752]
2019-09-11 09:06:52,247 [grpc-default-executor-2] INFO  client.GrpcClientProtocolClient (GrpcClientProtocolClient.java:onNext(264)) - client-B22ED198845A->f3174d56-9988-40ec-970b-d447ed545dfb: receive RaftClientReply:client-B22ED198845A->f3174d56-9988-40ec-970b-d447ed545dfb@group-47B82E5F6106, cid=3815, SUCCESS, logIndex=5755, commits[f3174d56-9988-40ec-970b-d447ed545dfb:c5756, 3e713ff3-0d17-449f-90fa-609b20cf4c10:c5752, 34290298-343f-405c-af97-b2d19041b010:c5752]
2019-09-11 09:06:52,247 [grpc-default-executor-2] INFO  client.GrpcClientProtocolClient (GrpcClientProtocolClient.java:onNext(264)) - client-B22ED198845A->f3174d56-9988-40ec-970b-d447ed545dfb: receive RaftClientReply:client-B22ED198845A->f3174d56-9988-40ec-970b-d447ed545dfb@group-47B82E5F6106, cid=3816, SUCCESS, logIndex=5756, commits[f3174d56-9988-40ec-970b-d447ed545dfb:c5756, 3e713ff3-0d17-449f-90fa-609b20cf4c10:c5752, 34290298-343f-405c-af97-b2d19041b010:c5752]
2019-09-11 09:06:52,260 [grpc-default-executor-2] INFO  client.GrpcClientProtocolClient (GrpcClientProtocolClient.java:onNext(264)) - client-B22ED198845A->f3174d56-9988-40ec-970b-d447ed545dfb: receive RaftClientReply:client-B22ED198845A->f3174d56-9988-40ec-970b-d447ed545dfb@group-47B82E5F6106, cid=3817, SUCCESS, logIndex=0, commits[f3174d56-9988-40ec-970b-d447ed545dfb:c5758, 3e713ff3-0d17-449f-90fa-609b20cf4c10:c5754, 34290298-343f-405c-af97-b2d19041b010:c5754]
2019-09-11 09:06:52,283 [grpc-default-executor-0] INFO  client.GrpcClientProtocolClient (GrpcClientProtocolClient.java:onNext(264)) - client-B22ED198845A->f3174d56-9988-40ec-970b-d447ed545dfb: receive RaftClientReply:client-B22ED198845A->f3174d56-9988-40ec-970b-d447ed545dfb@group-47B82E5F6106, cid=3818, SUCCESS, logIndex=5761, commits[f3174d56-9988-40ec-970b-d447ed545dfb:c5762, 3e713ff3-0d17-449f-90fa-609b20cf4c10:c5760, 34290298-343f-405c-af97-b2d19041b010:c5760]
2019-09-11 09:06:52,283 [grpc-default-executor-0] INFO  client.GrpcClientProtocolClient (GrpcClientProtocolClient.java:onNext(264)) - client-B22ED198845A->f3174d56-9988-40ec-970b-d447ed545dfb: receive RaftClientReply:client-B22ED198845A->f3174d56-9988-40ec-970b-d447ed545dfb@group-47B82E5F6106, cid=3819, SUCCESS, logIndex=5762, commits[f3174d56-9988-40ec-970b-d447ed545dfb:c5762, 3e713ff3-0d17-449f-90fa-609b20cf4c10:c5760, 34290298-343f-405c-af97-b2d19041b010:c5760]
2019-09-11 09:06:52,309 [grpc-default-executor-0] INFO  client.GrpcClientProtocolClient (GrpcClientProtocolClient.java:onNext(264)) - client-B22ED198845A->f3174d56-9988-40ec-970b-d447ed545dfb: receive RaftClientReply:client-B22ED198845A->f3174d56-9988-40ec-970b-d447ed545dfb@group-47B82E5F6106, cid=3820, SUCCESS, logIndex=5765, commits[f3174d56-9988-40ec-970b-d447ed545dfb:c5766, 3e713ff3-0d17-449f-90fa-609b20cf4c10:c5762, 34290298-343f-405c-af97-b2d19041b010:c5762]
2019-09-11 09:06:52,310 [grpc-default-executor-0] INFO  client.GrpcClientProtocolClient (GrpcClientProtocolClient.java:onNext(264)) - client-B22ED198845A->f3174d56-9988-40ec-970b-d447ed545dfb: receive RaftClientReply:client-B22ED198845A->f3174d56-9988-40ec-970b-d447ed545dfb@group-47B82E5F6106, cid=3821, SUCCESS, logIndex=5766, commits[f3174d56-9988-40ec-970b-d447ed545dfb:c5766, 3e713ff3-0d17-449f-90fa-609b20cf4c10:c5762, 34290298-343f-405c-af97-b2d19041b010:c5762]
2019-09-11 09:06:52,323 [grpc-default-executor-0] INFO  client.GrpcClientProtocolClient (GrpcClientProtocolClient.java:onNext(264)) - client-B22ED198845A->f3174d56-9988-40ec-970b-d447ed545dfb: receive RaftClientReply:client-B22ED198845A->f3174d56-9988-40ec-970b-d447ed545dfb@group-47B82E5F6106, cid=3822, SUCCESS, logIndex=0, commits[f3174d56-9988-40ec-970b-d447ed545dfb:c5768, 3e713ff3-0d17-449f-90fa-609b20cf4c10:c5766, 34290298-343f-405c-af97-b2d19041b010:c5766]
2019-09-11 09:06:52,357 [grpc-default-executor-0] INFO  client.GrpcClientProtocolClient (GrpcClientProtocolClient.java:onNext(264)) - client-B22ED198845A->f3174d56-9988-40ec-970b-d447ed545dfb: receive RaftClientReply:client-B22ED198845A->f3174d56-9988-40ec-970b-d447ed545dfb@group-47B82E5F6106, cid=3823, SUCCESS, logIndex=5769, commits[f3174d56-9988-40ec-970b-d447ed545dfb:c5770, 3e713ff3-0d17-449f-90fa-609b20cf4c10:c5766, 34290298-343f-405c-af97-b2d19041b010:c5768]
2019-09-11 09:06:52,358 [grpc-default-executor-0] INFO  client.GrpcClientProtocolClient (GrpcClientProtocolClient.java:onNext(264)) - client-B22ED198845A->f3174d56-9988-40ec-970b-d447ed545dfb: receive RaftClientReply:client-B22ED198845A->f3174d56-9988-40ec-970b-d447ed545dfb@group-47B82E5F6106, cid=3824, SUCCESS, logIndex=5770, commits[f3174d56-9988-40ec-970b-d447ed545dfb:c5770, 3e713ff3-0d17-449f-90fa-609b20cf4c10:c5768, 34290298-343f-405c-af97-b2d19041b010:c5768]
2019-09-11 09:06:52,370 [grpc-default-executor-5] INFO  client.GrpcClientProtocolClient (GrpcClientProtocolClient.java:onNext(264)) - client-B22ED198845A->f3174d56-9988-40ec-970b-d447ed545dfb: receive RaftClientReply:client-B22ED198845A->f3174d56-9988-40ec-970b-d447ed545dfb@group-47B82E5F6106, cid=3825, SUCCESS, logIndex=5771, commits[f3174d56-9988-40ec-970b-d447ed545dfb:c5772, 3e713ff3-0d17-449f-90fa-609b20cf4c10:c5768, 34290298-343f-405c-af97-b2d19041b010:c5768]
2019-09-11 09:06:52,370 [grpc-default-executor-5] INFO  client.GrpcClientProtocolClient (GrpcClientProtocolClient.java:onNext(264)) - client-B22ED198845A->f3174d56-9988-40ec-970b-d447ed545dfb: receive RaftClientReply:client-B22ED198845A->f3174d56-9988-40ec-970b-d447ed545dfb@group-47B82E5F6106, cid=3826, SUCCESS, logIndex=5772, commits[f3174d56-9988-40ec-970b-d447ed545dfb:c5772, 3e713ff3-0d17-449f-90fa-609b20cf4c10:c5768, 34290298-343f-405c-af97-b2d19041b010:c5768]
2019-09-11 09:06:52,381 [grpc-default-executor-5] INFO  client.GrpcClientProtocolClient (GrpcClientProtocolClient.java:onNext(264)) - client-B22ED198845A->f3174d56-9988-40ec-970b-d447ed545dfb: receive RaftClientReply:client-B22ED198845A->f3174d56-9988-40ec-970b-d447ed545dfb@group-47B82E5F6106, cid=3827, SUCCESS, logIndex=0, commits[f3174d56-9988-40ec-970b-d447ed545dfb:c5774, 3e713ff3-0d17-449f-90fa-609b20cf4c10:c5770, 34290298-343f-405c-af97-b2d19041b010:c5770]
2019-09-11 09:06:52,407 [grpc-default-executor-5] INFO  client.GrpcClientProtocolClient (GrpcClientProtocolClient.java:onNext(264)) - client-B22ED198845A->f3174d56-9988-40ec-970b-d447ed545dfb: receive RaftClientReply:client-B22ED198845A->f3174d56-9988-40ec-970b-d447ed545dfb@group-47B82E5F6106, cid=3828, SUCCESS, logIndex=5777, commits[f3174d56-9988-40ec-970b-d447ed545dfb:c5778, 3e713ff3-0d17-449f-90fa-609b20cf4c10:c5776, 34290298-343f-405c-af97-b2d19041b010:c5776]
2019-09-11 09:06:52,408 [grpc-default-executor-5] INFO  client.GrpcClientProtocolClient (GrpcClientProtocolClient.java:onNext(264)) - client-B22ED198845A->f3174d56-9988-40ec-970b-d447ed545dfb: receive RaftClientReply:client-B22ED198845A->f3174d56-9988-40ec-970b-d447ed545dfb@group-47B82E5F6106, cid=3829, SUCCESS, logIndex=5778, commits[f3174d56-9988-40ec-970b-d447ed545dfb:c5778, 3e713ff3-0d17-449f-90fa-609b20cf4c10:c5776, 34290298-343f-405c-af97-b2d19041b010:c5776]
2019-09-11 09:06:52,422 [grpc-default-executor-5] INFO  client.GrpcClientProtocolClient (GrpcClientProtocolClient.java:onNext(264)) - client-B22ED198845A->f3174d56-9988-40ec-970b-d447ed545dfb: receive RaftClientReply:client-B22ED198845A->f3174d56-9988-40ec-970b-d447ed545dfb@group-47B82E5F6106, cid=3830, SUCCESS, logIndex=5781, commits[f3174d56-9988-40ec-970b-d447ed545dfb:c5782, 3e713ff3-0d17-449f-90fa-609b20cf4c10:c5778, 34290298-343f-405c-af97-b2d19041b010:c5778]
2019-09-11 09:06:52,422 [grpc-default-executor-5] INFO  client.GrpcClientProtocolClient (GrpcClientProtocolClient.java:onNext(264)) - client-B22ED198845A->f3174d56-9988-40ec-970b-d447ed545dfb: receive RaftClientReply:client-B22ED198845A->f3174d56-9988-40ec-970b-d447ed545dfb@group-47B82E5F6106, cid=3831, SUCCESS, logIndex=5782, commits[f3174d56-9988-40ec-970b-d447ed545dfb:c5782, 3e713ff3-0d17-449f-90fa-609b20cf4c10:c5778, 34290298-343f-405c-af97-b2d19041b010:c5778]
2019-09-11 09:06:52,433 [grpc-default-executor-5] INFO  client.GrpcClientProtocolClient (GrpcClientProtocolClient.java:onNext(264)) - client-B22ED198845A->f3174d56-9988-40ec-970b-d447ed545dfb: receive RaftClientReply:client-B22ED198845A->f3174d56-9988-40ec-970b-d447ed545dfb@group-47B82E5F6106, cid=3832, SUCCESS, logIndex=0, commits[f3174d56-9988-40ec-970b-d447ed545dfb:c5784, 3e713ff3-0d17-449f-90fa-609b20cf4c10:c5782, 34290298-343f-405c-af97-b2d19041b010:c5782]
2019-09-11 09:06:52,466 [grpc-default-executor-4] INFO  client.GrpcClientProtocolClient (GrpcClientProtocolClient.java:onNext(264)) - client-B22ED198845A->f3174d56-9988-40ec-970b-d447ed545dfb: receive RaftClientReply:client-B22ED198845A->f3174d56-9988-40ec-970b-d447ed545dfb@group-47B82E5F6106, cid=3833, SUCCESS, logIndex=5785, commits[f3174d56-9988-40ec-970b-d447ed545dfb:c5786, 3e713ff3-0d17-449f-90fa-609b20cf4c10:c5784, 34290298-343f-405c-af97-b2d19041b010:c5784]
2019-09-11 09:06:52,467 [grpc-default-executor-4] INFO  client.GrpcClientProtocolClient (GrpcClientProtocolClient.java:onNext(264)) - client-B22ED198845A->f3174d56-9988-40ec-970b-d447ed545dfb: receive RaftClientReply:client-B22ED198845A->f3174d56-9988-40ec-970b-d447ed545dfb@group-47B82E5F6106, cid=3834, SUCCESS, logIndex=5786, commits[f3174d56-9988-40ec-970b-d447ed545dfb:c5786, 3e713ff3-0d17-449f-90fa-609b20cf4c10:c5784, 34290298-343f-405c-af97-b2d19041b010:c5784]
2019-09-11 09:06:52,479 [grpc-default-executor-2] INFO  client.GrpcClientProtocolClient (GrpcClientProtocolClient.java:onNext(264)) - client-B22ED198845A->f3174d56-9988-40ec-970b-d447ed545dfb: receive RaftClientReply:client-B22ED198845A->f3174d56-9988-40ec-970b-d447ed545dfb@group-47B82E5F6106, cid=3835, SUCCESS, logIndex=5787, commits[f3174d56-9988-40ec-970b-d447ed545dfb:c5788, 3e713ff3-0d17-449f-90fa-609b20cf4c10:c5784, 34290298-343f-405c-af97-b2d19041b010:c5784]
2019-09-11 09:06:52,480 [grpc-default-executor-2] INFO  client.GrpcClientProtocolClient (GrpcClientProtocolClient.java:onNext(264)) - client-B22ED198845A->f3174d56-9988-40ec-970b-d447ed545dfb: receive RaftClientReply:client-B22ED198845A->f3174d56-9988-40ec-970b-d447ed545dfb@group-47B82E5F6106, cid=3836, SUCCESS, logIndex=5788, commits[f3174d56-9988-40ec-970b-d447ed545dfb:c5788, 3e713ff3-0d17-449f-90fa-609b20cf4c10:c5784, 34290298-343f-405c-af97-b2d19041b010:c5784]
2019-09-11 09:06:52,492 [grpc-default-executor-0] INFO  client.GrpcClientProtocolClient (GrpcClientProtocolClient.java:onNext(264)) - client-B22ED198845A->f3174d56-9988-40ec-970b-d447ed545dfb: receive RaftClientReply:client-B22ED198845A->f3174d56-9988-40ec-970b-d447ed545dfb@group-47B82E5F6106, cid=3837, SUCCESS, logIndex=0, commits[f3174d56-9988-40ec-970b-d447ed545dfb:c5789, 3e713ff3-0d17-449f-90fa-609b20cf4c10:c5786, 34290298-343f-405c-af97-b2d19041b010:c5786]
2019-09-11 09:06:52,505 [grpc-default-executor-2] INFO  client.GrpcClientProtocolClient (GrpcClientProtocolClient.java:onNext(264)) - client-B22ED198845A->f3174d56-9988-40ec-970b-d447ed545dfb: receive RaftClientReply:client-B22ED198845A->f3174d56-9988-40ec-970b-d447ed545dfb@group-47B82E5F6106, cid=3838, SUCCESS, logIndex=5793, commits[f3174d56-9988-40ec-970b-d447ed545dfb:c5794, 3e713ff3-0d17-449f-90fa-609b20cf4c10:c5788, 34290298-343f-405c-af97-b2d19041b010:c5790]
2019-09-11 09:06:52,506 [grpc-default-executor-2] INFO  client.GrpcClientProtocolClient (GrpcClientProtocolClient.java:onNext(264)) - client-B22ED198845A->f3174d56-9988-40ec-970b-d447ed545dfb: receive RaftClientReply:client-B22ED198845A->f3174d56-9988-40ec-970b-d447ed545dfb@group-47B82E5F6106, cid=3839, SUCCESS, logIndex=5794, commits[f3174d56-9988-40ec-970b-d447ed545dfb:c5794, 3e713ff3-0d17-449f-90fa-609b20cf4c10:c5788, 34290298-343f-405c-af97-b2d19041b010:c5790]
2019-09-11 09:06:52,534 [grpc-default-executor-4] INFO  client.GrpcClientProtocolClient (GrpcClientProtocolClient.java:onNext(264)) - client-B22ED198845A->f3174d56-9988-40ec-970b-d447ed545dfb: receive RaftClientReply:client-B22ED198845A->f3174d56-9988-40ec-970b-d447ed545dfb@group-47B82E5F6106, cid=3840, SUCCESS, logIndex=5797, commits[f3174d56-9988-40ec-970b-d447ed545dfb:c5798, 3e713ff3-0d17-449f-90fa-609b20cf4c10:c5794, 34290298-343f-405c-af97-b2d19041b010:c5794]
2019-09-11 09:06:52,534 [grpc-default-executor-4] INFO  client.GrpcClientProtocolClient (GrpcClientProtocolClient.java:onNext(264)) - client-B22ED198845A->f3174d56-9988-40ec-970b-d447ed545dfb: receive RaftClientReply:client-B22ED198845A->f3174d56-9988-40ec-970b-d447ed545dfb@group-47B82E5F6106, cid=3841, SUCCESS, logIndex=5798, commits[f3174d56-9988-40ec-970b-d447ed545dfb:c5798, 3e713ff3-0d17-449f-90fa-609b20cf4c10:c5794, 34290298-343f-405c-af97-b2d19041b010:c5794]
2019-09-11 09:06:52,559 [grpc-default-executor-4] INFO  client.GrpcClientProtocolClient (GrpcClientProtocolClient.java:onNext(264)) - client-B22ED198845A->f3174d56-9988-40ec-970b-d447ed545dfb: receive RaftClientReply:client-B22ED198845A->f3174d56-9988-40ec-970b-d447ed545dfb@group-47B82E5F6106, cid=3842, SUCCESS, logIndex=0, commits[f3174d56-9988-40ec-970b-d447ed545dfb:c5800, 3e713ff3-0d17-449f-90fa-609b20cf4c10:c5798, 34290298-343f-405c-af97-b2d19041b010:c5798]
2019-09-11 09:06:52,592 [grpc-default-executor-0] INFO  client.GrpcClientProtocolClient (GrpcClientProtocolClient.java:onNext(264)) - client-B22ED198845A->f3174d56-9988-40ec-970b-d447ed545dfb: receive RaftClientReply:client-B22ED198845A->f3174d56-9988-40ec-970b-d447ed545dfb@group-47B82E5F6106, cid=3843, SUCCESS, logIndex=5801, commits[f3174d56-9988-40ec-970b-d447ed545dfb:c5802, 3e713ff3-0d17-449f-90fa-609b20cf4c10:c5800, 34290298-343f-405c-af97-b2d19041b010:c5800]
2019-09-11 09:06:52,592 [grpc-default-executor-0] INFO  client.GrpcClientProtocolClient (GrpcClientProtocolClient.java:onNext(264)) - client-B22ED198845A->f3174d56-9988-40ec-970b-d447ed545dfb: receive RaftClientReply:client-B22ED198845A->f3174d56-9988-40ec-970b-d447ed545dfb@group-47B82E5F6106, cid=3844, SUCCESS, logIndex=5802, commits[f3174d56-9988-40ec-970b-d447ed545dfb:c5802, 3e713ff3-0d17-449f-90fa-609b20cf4c10:c5800, 34290298-343f-405c-af97-b2d19041b010:c5800]
2019-09-11 09:06:52,595 [grpc-default-executor-2] INFO  client.GrpcClientProtocolClient (GrpcClientProtocolClient.java:onNext(264)) - client-B22ED198845A->f3174d56-9988-40ec-970b-d447ed545dfb: receive RaftClientReply:client-B22ED198845A->f3174d56-9988-40ec-970b-d447ed545dfb@group-47B82E5F6106, cid=3845, SUCCESS, logIndex=5803, commits[f3174d56-9988-40ec-970b-d447ed545dfb:c5804, 3e713ff3-0d17-449f-90fa-609b20cf4c10:c5800, 34290298-343f-405c-af97-b2d19041b010:c5800]
2019-09-11 09:06:52,596 [grpc-default-executor-2] INFO  client.GrpcClientProtocolClient (GrpcClientProtocolClient.java:onNext(264)) - client-B22ED198845A->f3174d56-9988-40ec-970b-d447ed545dfb: receive RaftClientReply:client-B22ED198845A->f3174d56-9988-40ec-970b-d447ed545dfb@group-47B82E5F6106, cid=3846, SUCCESS, logIndex=5804, commits[f3174d56-9988-40ec-970b-d447ed545dfb:c5804, 3e713ff3-0d17-449f-90fa-609b20cf4c10:c5800, 34290298-343f-405c-af97-b2d19041b010:c5800]
2019-09-11 09:06:52,605 [grpc-default-executor-2] INFO  client.GrpcClientProtocolClient (GrpcClientProtocolClient.java:onNext(264)) - client-B22ED198845A->f3174d56-9988-40ec-970b-d447ed545dfb: receive RaftClientReply:client-B22ED198845A->f3174d56-9988-40ec-970b-d447ed545dfb@group-47B82E5F6106, cid=3847, SUCCESS, logIndex=0, commits[f3174d56-9988-40ec-970b-d447ed545dfb:c5806, 3e713ff3-0d17-449f-90fa-609b20cf4c10:c5802, 34290298-343f-405c-af97-b2d19041b010:c5802]
 0.00% |█                                                                                                    |  0/1 Time: 0:00:322019-09-11 09:06:52,614 [grpc-default-executor-4] INFO  client.GrpcClientProtocolClient (GrpcClientProtocolClient.java:onNext(264)) - client-B22ED198845A->f3174d56-9988-40ec-970b-d447ed545dfb: receive RaftClientReply:client-B22ED198845A->f3174d56-9988-40ec-970b-d447ed545dfb@group-47B82E5F6106, cid=3848, SUCCESS, logIndex=5809, commits[f3174d56-9988-40ec-970b-d447ed545dfb:c5810, 3e713ff3-0d17-449f-90fa-609b20cf4c10:c5804, 34290298-343f-405c-af97-b2d19041b010:c5808]
2019-09-11 09:06:52,614 [grpc-default-executor-4] INFO  client.GrpcClientProtocolClient (GrpcClientProtocolClient.java:onNext(264)) - client-B22ED198845A->f3174d56-9988-40ec-970b-d447ed545dfb: receive RaftClientReply:client-B22ED198845A->f3174d56-9988-40ec-970b-d447ed545dfb@group-47B82E5F6106, cid=3849, SUCCESS, logIndex=5810, commits[f3174d56-9988-40ec-970b-d447ed545dfb:c5810, 3e713ff3-0d17-449f-90fa-609b20cf4c10:c5808, 34290298-343f-405c-af97-b2d19041b010:c5808]
2019-09-11 09:06:52,625 [grpc-default-executor-2] INFO  client.GrpcClientProtocolClient (GrpcClientProtocolClient.java:onNext(264)) - client-B22ED198845A->f3174d56-9988-40ec-970b-d447ed545dfb: receive RaftClientReply:client-B22ED198845A->f3174d56-9988-40ec-970b-d447ed545dfb@group-47B82E5F6106, cid=3850, SUCCESS, logIndex=5813, commits[f3174d56-9988-40ec-970b-d447ed545dfb:c5814, 3e713ff3-0d17-449f-90fa-609b20cf4c10:c5811, 34290298-343f-405c-af97-b2d19041b010:c5811]
2019-09-11 09:06:52,626 [grpc-default-executor-2] INFO  client.GrpcClientProtocolClient (GrpcClientProtocolClient.java:onNext(264)) - client-B22ED198845A->f3174d56-9988-40ec-970b-d447ed545dfb: receive RaftClientReply:client-B22ED198845A->f3174d56-9988-40ec-970b-d447ed545dfb@group-47B82E5F6106, cid=3851, SUCCESS, logIndex=5814, commits[f3174d56-9988-40ec-970b-d447ed545dfb:c5814, 3e713ff3-0d17-449f-90fa-609b20cf4c10:c5812, 34290298-343f-405c-af97-b2d19041b010:c5811]
2019-09-11 09:06:52,645 [grpc-default-executor-2] INFO  client.GrpcClientProtocolClient (GrpcClientProtocolClient.java:onNext(264)) - client-B22ED198845A->f3174d56-9988-40ec-970b-d447ed545dfb: receive RaftClientReply:client-B22ED198845A->f3174d56-9988-40ec-970b-d447ed545dfb@group-47B82E5F6106, cid=3852, SUCCESS, logIndex=0, commits[f3174d56-9988-40ec-970b-d447ed545dfb:c5816, 3e713ff3-0d17-449f-90fa-609b20cf4c10:c5814, 34290298-343f-405c-af97-b2d19041b010:c5814]
2019-09-11 09:06:52,674 [grpc-default-executor-4] INFO  client.GrpcClientProtocolClient (GrpcClientProtocolClient.java:onNext(264)) - client-B22ED198845A->f3174d56-9988-40ec-970b-d447ed545dfb: receive RaftClientReply:client-B22ED198845A->f3174d56-9988-40ec-970b-d447ed545dfb@group-47B82E5F6106, cid=3853, SUCCESS, logIndex=5817, commits[f3174d56-9988-40ec-970b-d447ed545dfb:c5818, 3e713ff3-0d17-449f-90fa-609b20cf4c10:c5816, 34290298-343f-405c-af97-b2d19041b010:c5816]
2019-09-11 09:06:52,675 [grpc-default-executor-4] INFO  client.GrpcClientProtocolClient (GrpcClientProtocolClient.java:onNext(264)) - client-B22ED198845A->f3174d56-9988-40ec-970b-d447ed545dfb: receive RaftClientReply:client-B22ED198845A->f3174d56-9988-40ec-970b-d447ed545dfb@group-47B82E5F6106, cid=3854, SUCCESS, logIndex=5818, commits[f3174d56-9988-40ec-970b-d447ed545dfb:c5820, 3e713ff3-0d17-449f-90fa-609b20cf4c10:c5816, 34290298-343f-405c-af97-b2d19041b010:c5816]
2019-09-11 09:06:52,675 [grpc-default-executor-4] INFO  client.GrpcClientProtocolClient (GrpcClientProtocolClient.java:onNext(264)) - client-B22ED198845A->f3174d56-9988-40ec-970b-d447ed545dfb: receive RaftClientReply:client-B22ED198845A->f3174d56-9988-40ec-970b-d447ed545dfb@group-47B82E5F6106, cid=3855, SUCCESS, logIndex=5819, commits[f3174d56-9988-40ec-970b-d447ed545dfb:c5820, 3e713ff3-0d17-449f-90fa-609b20cf4c10:c5816, 34290298-343f-405c-af97-b2d19041b010:c5816]
2019-09-11 09:06:52,675 [grpc-default-executor-2] INFO  client.GrpcClientProtocolClient (GrpcClientProtocolClient.java:onNext(264)) - client-B22ED198845A->f3174d56-9988-40ec-970b-d447ed545dfb: receive RaftClientReply:client-B22ED198845A->f3174d56-9988-40ec-970b-d447ed545dfb@group-47B82E5F6106, cid=3856, SUCCESS, logIndex=5820, commits[f3174d56-9988-40ec-970b-d447ed545dfb:c5820, 3e713ff3-0d17-449f-90fa-609b20cf4c10:c5816, 34290298-343f-405c-af97-b2d19041b010:c5816]
2019-09-11 09:06:52,676 [grpc-default-executor-2] INFO  client.GrpcClientProtocolClient (GrpcClientProtocolClient.java:onNext(264)) - client-B22ED198845A->f3174d56-9988-40ec-970b-d447ed545dfb: receive RaftClientReply:client-B22ED198845A->f3174d56-9988-40ec-970b-d447ed545dfb@group-47B82E5F6106, cid=3857, SUCCESS, logIndex=0, commits[f3174d56-9988-40ec-970b-d447ed545dfb:c5822, 3e713ff3-0d17-449f-90fa-609b20cf4c10:c5818, 34290298-343f-405c-af97-b2d19041b010:c5818]
2019-09-11 09:06:52,694 [grpc-default-executor-4] INFO  client.GrpcClientProtocolClient (GrpcClientProtocolClient.java:onNext(264)) - client-B22ED198845A->f3174d56-9988-40ec-970b-d447ed545dfb: receive RaftClientReply:client-B22ED198845A->f3174d56-9988-40ec-970b-d447ed545dfb@group-47B82E5F6106, cid=3858, SUCCESS, logIndex=5825, commits[f3174d56-9988-40ec-970b-d447ed545dfb:c5826, 3e713ff3-0d17-449f-90fa-609b20cf4c10:c5824, 34290298-343f-405c-af97-b2d19041b010:c5824]
2019-09-11 09:06:52,694 [grpc-default-executor-4] INFO  client.GrpcClientProtocolClient (GrpcClientProtocolClient.java:onNext(264)) - client-B22ED198845A->f3174d56-9988-40ec-970b-d447ed545dfb: receive RaftClientReply:client-B22ED198845A->f3174d56-9988-40ec-970b-d447ed545dfb@group-47B82E5F6106, cid=3859, SUCCESS, logIndex=5826, commits[f3174d56-9988-40ec-970b-d447ed545dfb:c5826, 3e713ff3-0d17-449f-90fa-609b20cf4c10:c5824, 34290298-343f-405c-af97-b2d19041b010:c5824]
2019-09-11 09:06:52,720 [grpc-default-executor-2] INFO  client.GrpcClientProtocolClient (GrpcClientProtocolClient.java:onNext(264)) - client-B22ED198845A->f3174d56-9988-40ec-970b-d447ed545dfb: receive RaftClientReply:client-B22ED198845A->f3174d56-9988-40ec-970b-d447ed545dfb@group-47B82E5F6106, cid=3860, SUCCESS, logIndex=5829, commits[f3174d56-9988-40ec-970b-d447ed545dfb:c5830, 3e713ff3-0d17-449f-90fa-609b20cf4c10:c5826, 34290298-343f-405c-af97-b2d19041b010:c5826]
2019-09-11 09:06:52,721 [grpc-default-executor-2] INFO  client.GrpcClientProtocolClient (GrpcClientProtocolClient.java:onNext(264)) - client-B22ED198845A->f3174d56-9988-40ec-970b-d447ed545dfb: receive RaftClientReply:client-B22ED198845A->f3174d56-9988-40ec-970b-d447ed545dfb@group-47B82E5F6106, cid=3861, SUCCESS, logIndex=5830, commits[f3174d56-9988-40ec-970b-d447ed545dfb:c5830, 3e713ff3-0d17-449f-90fa-609b20cf4c10:c5826, 34290298-343f-405c-af97-b2d19041b010:c5826]
2019-09-11 09:06:52,733 [grpc-default-executor-2] INFO  client.GrpcClientProtocolClient (GrpcClientProtocolClient.java:onNext(264)) - client-B22ED198845A->f3174d56-9988-40ec-970b-d447ed545dfb: receive RaftClientReply:client-B22ED198845A->f3174d56-9988-40ec-970b-d447ed545dfb@group-47B82E5F6106, cid=3862, SUCCESS, logIndex=0, commits[f3174d56-9988-40ec-970b-d447ed545dfb:c5831, 3e713ff3-0d17-449f-90fa-609b20cf4c10:c5830, 34290298-343f-405c-af97-b2d19041b010:c5830]
2019-09-11 09:06:52,763 [grpc-default-executor-2] INFO  client.GrpcClientProtocolClient (GrpcClientProtocolClient.java:onNext(264)) - client-B22ED198845A->f3174d56-9988-40ec-970b-d447ed545dfb: receive RaftClientReply:client-B22ED198845A->f3174d56-9988-40ec-970b-d447ed545dfb@group-47B82E5F6106, cid=3863, SUCCESS, logIndex=5833, commits[f3174d56-9988-40ec-970b-d447ed545dfb:c5834, 3e713ff3-0d17-449f-90fa-609b20cf4c10:c5832, 34290298-343f-405c-af97-b2d19041b010:c5832]
2019-09-11 09:06:52,763 [grpc-default-executor-2] INFO  client.GrpcClientProtocolClient (GrpcClientProtocolClient.java:onNext(264)) - client-B22ED198845A->f3174d56-9988-40ec-970b-d447ed545dfb: receive RaftClientReply:client-B22ED198845A->f3174d56-9988-40ec-970b-d447ed545dfb@group-47B82E5F6106, cid=3864, SUCCESS, logIndex=5834, commits[f3174d56-9988-40ec-970b-d447ed545dfb:c5834, 3e713ff3-0d17-449f-90fa-609b20cf4c10:c5832, 34290298-343f-405c-af97-b2d19041b010:c5832]
2019-09-11 09:06:52,775 [grpc-default-executor-0] INFO  client.GrpcClientProtocolClient (GrpcClientProtocolClient.java:onNext(264)) - client-B22ED198845A->f3174d56-9988-40ec-970b-d447ed545dfb: receive RaftClientReply:client-B22ED198845A->f3174d56-9988-40ec-970b-d447ed545dfb@group-47B82E5F6106, cid=3865, SUCCESS, logIndex=5835, commits[f3174d56-9988-40ec-970b-d447ed545dfb:c5835, 3e713ff3-0d17-449f-90fa-609b20cf4c10:c5832, 34290298-343f-405c-af97-b2d19041b010:c5832]
2019-09-11 09:06:52,775 [grpc-default-executor-0] INFO  client.GrpcClientProtocolClient (GrpcClientProtocolClient.java:onNext(264)) - client-B22ED198845A->f3174d56-9988-40ec-970b-d447ed545dfb: receive RaftClientReply:client-B22ED198845A->f3174d56-9988-40ec-970b-d447ed545dfb@group-47B82E5F6106, cid=3866, SUCCESS, logIndex=5836, commits[f3174d56-9988-40ec-970b-d447ed545dfb:c5836, 3e713ff3-0d17-449f-90fa-609b20cf4c10:c5832, 34290298-343f-405c-af97-b2d19041b010:c5832]
2019-09-11 09:06:52,788 [grpc-default-executor-0] INFO  client.GrpcClientProtocolClient (GrpcClientProtocolClient.java:onNext(264)) - client-B22ED198845A->f3174d56-9988-40ec-970b-d447ed545dfb: receive RaftClientReply:client-B22ED198845A->f3174d56-9988-40ec-970b-d447ed545dfb@group-47B82E5F6106, cid=3867, SUCCESS, logIndex=0, commits[f3174d56-9988-40ec-970b-d447ed545dfb:c5838, 3e713ff3-0d17-449f-90fa-609b20cf4c10:c5834, 34290298-343f-405c-af97-b2d19041b010:c5834]
2019-09-11 09:06:52,797 [grpc-default-executor-5] INFO  client.GrpcClientProtocolClient (GrpcClientProtocolClient.java:onNext(264)) - client-B22ED198845A->f3174d56-9988-40ec-970b-d447ed545dfb: receive RaftClientReply:client-B22ED198845A->f3174d56-9988-40ec-970b-d447ed545dfb@group-47B82E5F6106, cid=3868, SUCCESS, logIndex=5841, commits[f3174d56-9988-40ec-970b-d447ed545dfb:c5842, 3e713ff3-0d17-449f-90fa-609b20cf4c10:c5840, 34290298-343f-405c-af97-b2d19041b010:c5836]
2019-09-11 09:06:52,797 [grpc-default-executor-5] INFO  client.GrpcClientProtocolClient (GrpcClientProtocolClient.java:onNext(264)) - client-B22ED198845A->f3174d56-9988-40ec-970b-d447ed545dfb: receive RaftClientReply:client-B22ED198845A->f3174d56-9988-40ec-970b-d447ed545dfb@group-47B82E5F6106, cid=3869, SUCCESS, logIndex=5842, commits[f3174d56-9988-40ec-970b-d447ed545dfb:c5842, 3e713ff3-0d17-449f-90fa-609b20cf4c10:c5840, 34290298-343f-405c-af97-b2d19041b010:c5840]
2019-09-11 09:06:52,806 [grpc-default-executor-0] INFO  client.GrpcClientProtocolClient (GrpcClientProtocolClient.java:onNext(264)) - client-B22ED198845A->f3174d56-9988-40ec-970b-d447ed545dfb: receive RaftClientReply:client-B22ED198845A->f3174d56-9988-40ec-970b-d447ed545dfb@group-47B82E5F6106, cid=3870, SUCCESS, logIndex=5845, commits[f3174d56-9988-40ec-970b-d447ed545dfb:c5846, 3e713ff3-0d17-449f-90fa-609b20cf4c10:c5842, 34290298-343f-405c-af97-b2d19041b010:c5844]
2019-09-11 09:06:52,807 [grpc-default-executor-0] INFO  client.GrpcClientProtocolClient (GrpcClientProtocolClient.java:onNext(264)) - client-B22ED198845A->f3174d56-9988-40ec-970b-d447ed545dfb: receive RaftClientReply:client-B22ED198845A->f3174d56-9988-40ec-970b-d447ed545dfb@group-47B82E5F6106, cid=3871, SUCCESS, logIndex=5846, commits[f3174d56-9988-40ec-970b-d447ed545dfb:c5846, 3e713ff3-0d17-449f-90fa-609b20cf4c10:c5844, 34290298-343f-405c-af97-b2d19041b010:c5844]
2019-09-11 09:06:52,809 [grpc-default-executor-0] INFO  client.GrpcClientProtocolClient (GrpcClientProtocolClient.java:onNext(264)) - client-B22ED198845A->f3174d56-9988-40ec-970b-d447ed545dfb: receive RaftClientReply:client-B22ED198845A->f3174d56-9988-40ec-970b-d447ed545dfb@group-47B82E5F6106, cid=3872, SUCCESS, logIndex=0, commits[f3174d56-9988-40ec-970b-d447ed545dfb:c5847, 3e713ff3-0d17-449f-90fa-609b20cf4c10:c5846, 34290298-343f-405c-af97-b2d19041b010:c5846]
2019-09-11 09:06:52,830 [grpc-default-executor-5] INFO  client.GrpcClientProtocolClient (GrpcClientProtocolClient.java:onNext(264)) - client-B22ED198845A->f3174d56-9988-40ec-970b-d447ed545dfb: receive RaftClientReply:client-B22ED198845A->f3174d56-9988-40ec-970b-d447ed545dfb@group-47B82E5F6106, cid=3873, SUCCESS, logIndex=5849, commits[f3174d56-9988-40ec-970b-d447ed545dfb:c5850, 3e713ff3-0d17-449f-90fa-609b20cf4c10:c5848, 34290298-343f-405c-af97-b2d19041b010:c5846]
2019-09-11 09:06:52,831 [grpc-default-executor-5] INFO  client.GrpcClientProtocolClient (GrpcClientProtocolClient.java:onNext(264)) - client-B22ED198845A->f3174d56-9988-40ec-970b-d447ed545dfb: receive RaftClientReply:client-B22ED198845A->f3174d56-9988-40ec-970b-d447ed545dfb@group-47B82E5F6106, cid=3874, SUCCESS, logIndex=5850, commits[f3174d56-9988-40ec-970b-d447ed545dfb:c5850, 3e713ff3-0d17-449f-90fa-609b20cf4c10:c5848, 34290298-343f-405c-af97-b2d19041b010:c5846]
2019-09-11 09:06:52,831 [grpc-default-executor-2] INFO  client.GrpcClientProtocolClient (GrpcClientProtocolClient.java:onNext(264)) - client-B22ED198845A->f3174d56-9988-40ec-970b-d447ed545dfb: receive RaftClientReply:client-B22ED198845A->f3174d56-9988-40ec-970b-d447ed545dfb@group-47B82E5F6106, cid=3875, SUCCESS, logIndex=5851, commits[f3174d56-9988-40ec-970b-d447ed545dfb:c5851, 3e713ff3-0d17-449f-90fa-609b20cf4c10:c5848, 34290298-343f-405c-af97-b2d19041b010:c5846]
2019-09-11 09:06:52,831 [grpc-default-executor-2] INFO  client.GrpcClientProtocolClient (GrpcClientProtocolClient.java:onNext(264)) - client-B22ED198845A->f3174d56-9988-40ec-970b-d447ed545dfb: receive RaftClientReply:client-B22ED198845A->f3174d56-9988-40ec-970b-d447ed545dfb@group-47B82E5F6106, cid=3876, SUCCESS, logIndex=5852, commits[f3174d56-9988-40ec-970b-d447ed545dfb:c5852, 3e713ff3-0d17-449f-90fa-609b20cf4c10:c5848, 34290298-343f-405c-af97-b2d19041b010:c5846]
2019-09-11 09:06:52,842 [grpc-default-executor-2] INFO  client.GrpcClientProtocolClient (GrpcClientProtocolClient.java:onNext(264)) - client-B22ED198845A->f3174d56-9988-40ec-970b-d447ed545dfb: receive RaftClientReply:client-B22ED198845A->f3174d56-9988-40ec-970b-d447ed545dfb@group-47B82E5F6106, cid=3877, SUCCESS, logIndex=0, commits[f3174d56-9988-40ec-970b-d447ed545dfb:c5855, 3e713ff3-0d17-449f-90fa-609b20cf4c10:c5851, 34290298-343f-405c-af97-b2d19041b010:c5850]
2019-09-11 09:06:52,850 [grpc-default-executor-5] INFO  client.GrpcClientProtocolClient (GrpcClientProtocolClient.java:onNext(264)) - client-B22ED198845A->f3174d56-9988-40ec-970b-d447ed545dfb: receive RaftClientReply:client-B22ED198845A->f3174d56-9988-40ec-970b-d447ed545dfb@group-47B82E5F6106, cid=3878, SUCCESS, logIndex=5857, commits[f3174d56-9988-40ec-970b-d447ed545dfb:c5858, 3e713ff3-0d17-449f-90fa-609b20cf4c10:c5856, 34290298-343f-405c-af97-b2d19041b010:c5852]
2019-09-11 09:06:52,850 [grpc-default-executor-5] INFO  client.GrpcClientProtocolClient (GrpcClientProtocolClient.java:onNext(264)) - client-B22ED198845A->f3174d56-9988-40ec-970b-d447ed545dfb: receive RaftClientReply:client-B22ED198845A->f3174d56-9988-40ec-970b-d447ed545dfb@group-47B82E5F6106, cid=3879, SUCCESS, logIndex=5858, commits[f3174d56-9988-40ec-970b-d447ed545dfb:c5858, 3e713ff3-0d17-449f-90fa-609b20cf4c10:c5856, 34290298-343f-405c-af97-b2d19041b010:c5852]
2019-09-11 09:06:52,861 [grpc-default-executor-0] INFO  client.GrpcClientProtocolClient (GrpcClientProtocolClient.java:onNext(264)) - client-B22ED198845A->f3174d56-9988-40ec-970b-d447ed545dfb: receive RaftClientReply:client-B22ED198845A->f3174d56-9988-40ec-970b-d447ed545dfb@group-47B82E5F6106, cid=3880, SUCCESS, logIndex=5861, commits[f3174d56-9988-40ec-970b-d447ed545dfb:c5862, 3e713ff3-0d17-449f-90fa-609b20cf4c10:c5858, 34290298-343f-405c-af97-b2d19041b010:c5858]
2019-09-11 09:06:52,861 [grpc-default-executor-0] INFO  client.GrpcClientProtocolClient (GrpcClientProtocolClient.java:onNext(264)) - client-B22ED198845A->f3174d56-9988-40ec-970b-d447ed545dfb: receive RaftClientReply:client-B22ED198845A->f3174d56-9988-40ec-970b-d447ed545dfb@group-47B82E5F6106, cid=3881, SUCCESS, logIndex=5862, commits[f3174d56-9988-40ec-970b-d447ed545dfb:c5862, 3e713ff3-0d17-449f-90fa-609b20cf4c10:c5858, 34290298-343f-405c-af97-b2d19041b010:c5858]
2019-09-11 09:06:52,865 [grpc-default-executor-5] INFO  client.GrpcClientProtocolClient (GrpcClientProtocolClient.java:onNext(264)) - client-B22ED198845A->f3174d56-9988-40ec-970b-d447ed545dfb: receive RaftClientReply:client-B22ED198845A->f3174d56-9988-40ec-970b-d447ed545dfb@group-47B82E5F6106, cid=3882, SUCCESS, logIndex=0, commits[f3174d56-9988-40ec-970b-d447ed545dfb:c5863, 3e713ff3-0d17-449f-90fa-609b20cf4c10:c5862, 34290298-343f-405c-af97-b2d19041b010:c5862]
2019-09-11 09:06:52,902 [grpc-default-executor-0] INFO  client.GrpcClientProtocolClient (GrpcClientProtocolClient.java:onNext(264)) - client-B22ED198845A->f3174d56-9988-40ec-970b-d447ed545dfb: receive RaftClientReply:client-B22ED198845A->f3174d56-9988-40ec-970b-d447ed545dfb@group-47B82E5F6106, cid=3883, SUCCESS, logIndex=5865, commits[f3174d56-9988-40ec-970b-d447ed545dfb:c5867, 3e713ff3-0d17-449f-90fa-609b20cf4c10:c5864, 34290298-343f-405c-af97-b2d19041b010:c5862]
2019-09-11 09:06:52,903 [grpc-default-executor-0] INFO  client.GrpcClientProtocolClient (GrpcClientProtocolClient.java:onNext(264)) - client-B22ED198845A->f3174d56-9988-40ec-970b-d447ed545dfb: receive RaftClientReply:client-B22ED198845A->f3174d56-9988-40ec-970b-d447ed545dfb@group-47B82E5F6106, cid=3884, SUCCESS, logIndex=5866, commits[f3174d56-9988-40ec-970b-d447ed545dfb:c5868, 3e713ff3-0d17-449f-90fa-609b20cf4c10:c5864, 34290298-343f-405c-af97-b2d19041b010:c5864]
2019-09-11 09:06:52,903 [grpc-default-executor-0] INFO  client.GrpcClientProtocolClient (GrpcClientProtocolClient.java:onNext(264)) - client-B22ED198845A->f3174d56-9988-40ec-970b-d447ed545dfb: receive RaftClientReply:client-B22ED198845A->f3174d56-9988-40ec-970b-d447ed545dfb@group-47B82E5F6106, cid=3885, SUCCESS, logIndex=5867, commits[f3174d56-9988-40ec-970b-d447ed545dfb:c5868, 3e713ff3-0d17-449f-90fa-609b20cf4c10:c5864, 34290298-343f-405c-af97-b2d19041b010:c5864]
2019-09-11 09:06:52,904 [grpc-default-executor-0] INFO  client.GrpcClientProtocolClient (GrpcClientProtocolClient.java:onNext(264)) - client-B22ED198845A->f3174d56-9988-40ec-970b-d447ed545dfb: receive RaftClientReply:client-B22ED198845A->f3174d56-9988-40ec-970b-d447ed545dfb@group-47B82E5F6106, cid=3886, SUCCESS, logIndex=5868, commits[f3174d56-9988-40ec-970b-d447ed545dfb:c5868, 3e713ff3-0d17-449f-90fa-609b20cf4c10:c5864, 34290298-343f-405c-af97-b2d19041b010:c5864]
2019-09-11 09:06:52,904 [grpc-default-executor-2] INFO  client.GrpcClientProtocolClient (GrpcClientProtocolClient.java:onNext(264)) - client-B22ED198845A->f3174d56-9988-40ec-970b-d447ed545dfb: receive RaftClientReply:client-B22ED198845A->f3174d56-9988-40ec-970b-d447ed545dfb@group-47B82E5F6106, cid=3887, SUCCESS, logIndex=0, commits[f3174d56-9988-40ec-970b-d447ed545dfb:c5871, 3e713ff3-0d17-449f-90fa-609b20cf4c10:c5866, 34290298-343f-405c-af97-b2d19041b010:c5867]
2019-09-11 09:06:52,939 [grpc-default-executor-2] INFO  client.GrpcClientProtocolClient (GrpcClientProtocolClient.java:onNext(264)) - client-B22ED198845A->f3174d56-9988-40ec-970b-d447ed545dfb: receive RaftClientReply:client-B22ED198845A->f3174d56-9988-40ec-970b-d447ed545dfb@group-47B82E5F6106, cid=3888, SUCCESS, logIndex=5873, commits[f3174d56-9988-40ec-970b-d447ed545dfb:c5874, 3e713ff3-0d17-449f-90fa-609b20cf4c10:c5872, 34290298-343f-405c-af97-b2d19041b010:c5872]
2019-09-11 09:06:52,939 [grpc-default-executor-2] INFO  client.GrpcClientProtocolClient (GrpcClientProtocolClient.java:onNext(264)) - client-B22ED198845A->f3174d56-9988-40ec-970b-d447ed545dfb: receive RaftClientReply:client-B22ED198845A->f3174d56-9988-40ec-970b-d447ed545dfb@group-47B82E5F6106, cid=3889, SUCCESS, logIndex=5874, commits[f3174d56-9988-40ec-970b-d447ed545dfb:c5874, 3e713ff3-0d17-449f-90fa-609b20cf4c10:c5872, 34290298-343f-405c-af97-b2d19041b010:c5872]
2019-09-11 09:06:52,964 [grpc-default-executor-5] INFO  client.GrpcClientProtocolClient (GrpcClientProtocolClient.java:onNext(264)) - client-B22ED198845A->f3174d56-9988-40ec-970b-d447ed545dfb: receive RaftClientReply:client-B22ED198845A->f3174d56-9988-40ec-970b-d447ed545dfb@group-47B82E5F6106, cid=3890, SUCCESS, logIndex=5877, commits[f3174d56-9988-40ec-970b-d447ed545dfb:c5878, 3e713ff3-0d17-449f-90fa-609b20cf4c10:c5874, 34290298-343f-405c-af97-b2d19041b010:c5874]
2019-09-11 09:06:52,965 [grpc-default-executor-5] INFO  client.GrpcClientProtocolClient (GrpcClientProtocolClient.java:onNext(264)) - client-B22ED198845A->f3174d56-9988-40ec-970b-d447ed545dfb: receive RaftClientReply:client-B22ED198845A->f3174d56-9988-40ec-970b-d447ed545dfb@group-47B82E5F6106, cid=3891, SUCCESS, logIndex=5878, commits[f3174d56-9988-40ec-970b-d447ed545dfb:c5878, 3e713ff3-0d17-449f-90fa-609b20cf4c10:c5874, 34290298-343f-405c-af97-b2d19041b010:c5874]
2019-09-11 09:06:52,980 [grpc-default-executor-5] INFO  client.GrpcClientProtocolClient (GrpcClientProtocolClient.java:onNext(264)) - client-B22ED198845A->f3174d56-9988-40ec-970b-d447ed545dfb: receive RaftClientReply:client-B22ED198845A->f3174d56-9988-40ec-970b-d447ed545dfb@group-47B82E5F6106, cid=3892, SUCCESS, logIndex=0, commits[f3174d56-9988-40ec-970b-d447ed545dfb:c5879, 3e713ff3-0d17-449f-90fa-609b20cf4c10:c5878, 34290298-343f-405c-af97-b2d19041b010:c5878]
2019-09-11 09:06:53,011 [grpc-default-executor-5] INFO  client.GrpcClientProtocolClient (GrpcClientProtocolClient.java:onNext(264)) - client-B22ED198845A->f3174d56-9988-40ec-970b-d447ed545dfb: receive RaftClientReply:client-B22ED198845A->f3174d56-9988-40ec-970b-d447ed545dfb@group-47B82E5F6106, cid=3893, SUCCESS, logIndex=5881, commits[f3174d56-9988-40ec-970b-d447ed545dfb:c5882, 3e713ff3-0d17-449f-90fa-609b20cf4c10:c5880, 34290298-343f-405c-af97-b2d19041b010:c5880]
2019-09-11 09:06:53,011 [grpc-default-executor-5] INFO  client.GrpcClientProtocolClient (GrpcClientProtocolClient.java:onNext(264)) - client-B22ED198845A->f3174d56-9988-40ec-970b-d447ed545dfb: receive RaftClientReply:client-B22ED198845A->f3174d56-9988-40ec-970b-d447ed545dfb@group-47B82E5F6106, cid=3894, SUCCESS, logIndex=5882, commits[f3174d56-9988-40ec-970b-d447ed545dfb:c5883, 3e713ff3-0d17-449f-90fa-609b20cf4c10:c5880, 34290298-343f-405c-af97-b2d19041b010:c5880]
2019-09-11 09:06:53,012 [grpc-default-executor-5] INFO  client.GrpcClientProtocolClient (GrpcClientProtocolClient.java:onNext(264)) - client-B22ED198845A->f3174d56-9988-40ec-970b-d447ed545dfb: receive RaftClientReply:client-B22ED198845A->f3174d56-9988-40ec-970b-d447ed545dfb@group-47B82E5F6106, cid=3895, SUCCESS, logIndex=5883, commits[f3174d56-9988-40ec-970b-d447ed545dfb:c5884, 3e713ff3-0d17-449f-90fa-609b20cf4c10:c5880, 34290298-343f-405c-af97-b2d19041b010:c5880]
2019-09-11 09:06:53,012 [grpc-default-executor-5] INFO  client.GrpcClientProtocolClient (GrpcClientProtocolClient.java:onNext(264)) - client-B22ED198845A->f3174d56-9988-40ec-970b-d447ed545dfb: receive RaftClientReply:client-B22ED198845A->f3174d56-9988-40ec-970b-d447ed545dfb@group-47B82E5F6106, cid=3896, SUCCESS, logIndex=5884, commits[f3174d56-9988-40ec-970b-d447ed545dfb:c5884, 3e713ff3-0d17-449f-90fa-609b20cf4c10:c5880, 34290298-343f-405c-af97-b2d19041b010:c5880]
2019-09-11 09:06:53,026 [grpc-default-executor-5] INFO  client.GrpcClientProtocolClient (GrpcClientProtocolClient.java:onNext(264)) - client-B22ED198845A->f3174d56-9988-40ec-970b-d447ed545dfb: receive RaftClientReply:client-B22ED198845A->f3174d56-9988-40ec-970b-d447ed545dfb@group-47B82E5F6106, cid=3897, SUCCESS, logIndex=0, commits[f3174d56-9988-40ec-970b-d447ed545dfb:c5886, 3e713ff3-0d17-449f-90fa-609b20cf4c10:c5882, 34290298-343f-405c-af97-b2d19041b010:c5882]
2019-09-11 09:06:53,038 [grpc-default-executor-5] INFO  client.GrpcClientProtocolClient (GrpcClientProtocolClient.java:onNext(264)) - client-B22ED198845A->f3174d56-9988-40ec-970b-d447ed545dfb: receive RaftClientReply:client-B22ED198845A->f3174d56-9988-40ec-970b-d447ed545dfb@group-47B82E5F6106, cid=3898, SUCCESS, logIndex=5889, commits[f3174d56-9988-40ec-970b-d447ed545dfb:c5890, 3e713ff3-0d17-449f-90fa-609b20cf4c10:c5888, 34290298-343f-405c-af97-b2d19041b010:c5884]
2019-09-11 09:06:53,038 [grpc-default-executor-5] INFO  client.GrpcClientProtocolClient (GrpcClientProtocolClient.java:onNext(264)) - client-B22ED198845A->f3174d56-9988-40ec-970b-d447ed545dfb: receive RaftClientReply:client-B22ED198845A->f3174d56-9988-40ec-970b-d447ed545dfb@group-47B82E5F6106, cid=3899, SUCCESS, logIndex=5890, commits[f3174d56-9988-40ec-970b-d447ed545dfb:c5890, 3e713ff3-0d17-449f-90fa-609b20cf4c10:c5888, 34290298-343f-405c-af97-b2d19041b010:c5884]
2019-09-11 09:06:53,056 [grpc-default-executor-5] INFO  client.GrpcClientProtocolClient (GrpcClientProtocolClient.java:onNext(264)) - client-B22ED198845A->f3174d56-9988-40ec-970b-d447ed545dfb: receive RaftClientReply:client-B22ED198845A->f3174d56-9988-40ec-970b-d447ed545dfb@group-47B82E5F6106, cid=3900, SUCCESS, logIndex=5893, commits[f3174d56-9988-40ec-970b-d447ed545dfb:c5894, 3e713ff3-0d17-449f-90fa-609b20cf4c10:c5890, 34290298-343f-405c-af97-b2d19041b010:c5891]
2019-09-11 09:06:53,057 [grpc-default-executor-5] INFO  client.GrpcClientProtocolClient (GrpcClientProtocolClient.java:onNext(264)) - client-B22ED198845A->f3174d56-9988-40ec-970b-d447ed545dfb: receive RaftClientReply:client-B22ED198845A->f3174d56-9988-40ec-970b-d447ed545dfb@group-47B82E5F6106, cid=3901, SUCCESS, logIndex=5894, commits[f3174d56-9988-40ec-970b-d447ed545dfb:c5894, 3e713ff3-0d17-449f-90fa-609b20cf4c10:c5891, 34290298-343f-405c-af97-b2d19041b010:c5891]
2019-09-11 09:06:53,060 [grpc-default-executor-5] INFO  client.GrpcClientProtocolClient (GrpcClientProtocolClient.java:onNext(264)) - client-B22ED198845A->f3174d56-9988-40ec-970b-d447ed545dfb: receive RaftClientReply:client-B22ED198845A->f3174d56-9988-40ec-970b-d447ed545dfb@group-47B82E5F6106, cid=3902, SUCCESS, logIndex=0, commits[f3174d56-9988-40ec-970b-d447ed545dfb:c5895, 3e713ff3-0d17-449f-90fa-609b20cf4c10:c5894, 34290298-343f-405c-af97-b2d19041b010:c5894]
2019-09-11 09:06:53,202 [grpc-default-executor-5] INFO  client.GrpcClientProtocolClient (GrpcClientProtocolClient.java:onNext(264)) - client-B22ED198845A->f3174d56-9988-40ec-970b-d447ed545dfb: receive RaftClientReply:client-B22ED198845A->f3174d56-9988-40ec-970b-d447ed545dfb@group-47B82E5F6106, cid=3903, SUCCESS, logIndex=5896, commits[f3174d56-9988-40ec-970b-d447ed545dfb:c5897, 3e713ff3-0d17-449f-90fa-609b20cf4c10:c5895, 34290298-343f-405c-af97-b2d19041b010:c5895]
2019-09-11 09:06:53,202 [grpc-default-executor-5] INFO  client.GrpcClientProtocolClient (GrpcClientProtocolClient.java:onNext(264)) - client-B22ED198845A->f3174d56-9988-40ec-970b-d447ed545dfb: receive RaftClientReply:client-B22ED198845A->f3174d56-9988-40ec-970b-d447ed545dfb@group-47B82E5F6106, cid=3904, SUCCESS, logIndex=5897, commits[f3174d56-9988-40ec-970b-d447ed545dfb:c5899, 3e713ff3-0d17-449f-90fa-609b20cf4c10:c5895, 34290298-343f-405c-af97-b2d19041b010:c5895]
2019-09-11 09:06:53,203 [grpc-default-executor-5] INFO  client.GrpcClientProtocolClient (GrpcClientProtocolClient.java:onNext(264)) - client-B22ED198845A->f3174d56-9988-40ec-970b-d447ed545dfb: receive RaftClientReply:client-B22ED198845A->f3174d56-9988-40ec-970b-d447ed545dfb@group-47B82E5F6106, cid=3905, SUCCESS, logIndex=5898, commits[f3174d56-9988-40ec-970b-d447ed545dfb:c5899, 3e713ff3-0d17-449f-90fa-609b20cf4c10:c5895, 34290298-343f-405c-af97-b2d19041b010:c5895]
2019-09-11 09:06:53,203 [grpc-default-executor-5] INFO  client.GrpcClientProtocolClient (GrpcClientProtocolClient.java:onNext(264)) - client-B22ED198845A->f3174d56-9988-40ec-970b-d447ed545dfb: receive RaftClientReply:client-B22ED198845A->f3174d56-9988-40ec-970b-d447ed545dfb@group-47B82E5F6106, cid=3906, SUCCESS, logIndex=5899, commits[f3174d56-9988-40ec-970b-d447ed545dfb:c5899, 3e713ff3-0d17-449f-90fa-609b20cf4c10:c5895, 34290298-343f-405c-af97-b2d19041b010:c5895]
2019-09-11 09:06:53,228 [grpc-default-executor-0] INFO  client.GrpcClientProtocolClient (GrpcClientProtocolClient.java:onNext(264)) - client-B22ED198845A->f3174d56-9988-40ec-970b-d447ed545dfb: receive RaftClientReply:client-B22ED198845A->f3174d56-9988-40ec-970b-d447ed545dfb@group-47B82E5F6106, cid=3907, SUCCESS, logIndex=0, commits[f3174d56-9988-40ec-970b-d447ed545dfb:c5903, 3e713ff3-0d17-449f-90fa-609b20cf4c10:c5897, 34290298-343f-405c-af97-b2d19041b010:c5899]
2019-09-11 09:06:53,248 [grpc-default-executor-5] INFO  client.GrpcClientProtocolClient (GrpcClientProtocolClient.java:onNext(264)) - client-B22ED198845A->f3174d56-9988-40ec-970b-d447ed545dfb: receive RaftClientReply:client-B22ED198845A->f3174d56-9988-40ec-970b-d447ed545dfb@group-47B82E5F6106, cid=3908, SUCCESS, logIndex=5904, commits[f3174d56-9988-40ec-970b-d447ed545dfb:c5904, 3e713ff3-0d17-449f-90fa-609b20cf4c10:c5903, 34290298-343f-405c-af97-b2d19041b010:c5903]
2019-09-11 09:06:53,248 [grpc-default-executor-5] INFO  client.GrpcClientProtocolClient (GrpcClientProtocolClient.java:onNext(264)) - client-B22ED198845A->f3174d56-9988-40ec-970b-d447ed545dfb: receive RaftClientReply:client-B22ED198845A->f3174d56-9988-40ec-970b-d447ed545dfb@group-47B82E5F6106, cid=3909, SUCCESS, logIndex=5905, commits[f3174d56-9988-40ec-970b-d447ed545dfb:c5905, 3e713ff3-0d17-449f-90fa-609b20cf4c10:c5903, 34290298-343f-405c-af97-b2d19041b010:c5903]
2019-09-11 09:06:53,274 [grpc-default-executor-0] INFO  client.GrpcClientProtocolClient (GrpcClientProtocolClient.java:onNext(264)) - client-B22ED198845A->f3174d56-9988-40ec-970b-d447ed545dfb: receive RaftClientReply:client-B22ED198845A->f3174d56-9988-40ec-970b-d447ed545dfb@group-47B82E5F6106, cid=3910, SUCCESS, logIndex=5908, commits[f3174d56-9988-40ec-970b-d447ed545dfb:c5909, 3e713ff3-0d17-449f-90fa-609b20cf4c10:c5905, 34290298-343f-405c-af97-b2d19041b010:c5905]
2019-09-11 09:06:53,274 [grpc-default-executor-0] INFO  client.GrpcClientProtocolClient (GrpcClientProtocolClient.java:onNext(264)) - client-B22ED198845A->f3174d56-9988-40ec-970b-d447ed545dfb: receive RaftClientReply:client-B22ED198845A->f3174d56-9988-40ec-970b-d447ed545dfb@group-47B82E5F6106, cid=3911, SUCCESS, logIndex=5909, commits[f3174d56-9988-40ec-970b-d447ed545dfb:c5909, 3e713ff3-0d17-449f-90fa-609b20cf4c10:c5905, 34290298-343f-405c-af97-b2d19041b010:c5905]
2019-09-11 09:06:53,288 [grpc-default-executor-0] INFO  client.GrpcClientProtocolClient (GrpcClientProtocolClient.java:onNext(264)) - client-B22ED198845A->f3174d56-9988-40ec-970b-d447ed545dfb: receive RaftClientReply:client-B22ED198845A->f3174d56-9988-40ec-970b-d447ed545dfb@group-47B82E5F6106, cid=3912, SUCCESS, logIndex=0, commits[f3174d56-9988-40ec-970b-d447ed545dfb:c5911, 3e713ff3-0d17-449f-90fa-609b20cf4c10:c5909, 34290298-343f-405c-af97-b2d19041b010:c5909]
2019-09-11 09:06:53,319 [grpc-default-executor-5] INFO  client.GrpcClientProtocolClient (GrpcClientProtocolClient.java:onNext(264)) - client-B22ED198845A->f3174d56-9988-40ec-970b-d447ed545dfb: receive RaftClientReply:client-B22ED198845A->f3174d56-9988-40ec-970b-d447ed545dfb@group-47B82E5F6106, cid=3913, SUCCESS, logIndex=5912, commits[f3174d56-9988-40ec-970b-d447ed545dfb:c5913, 3e713ff3-0d17-449f-90fa-609b20cf4c10:c5911, 34290298-343f-405c-af97-b2d19041b010:c5911]
2019-09-11 09:06:53,320 [grpc-default-executor-5] INFO  client.GrpcClientProtocolClient (GrpcClientProtocolClient.java:onNext(264)) - client-B22ED198845A->f3174d56-9988-40ec-970b-d447ed545dfb: receive RaftClientReply:client-B22ED198845A->f3174d56-9988-40ec-970b-d447ed545dfb@group-47B82E5F6106, cid=3914, SUCCESS, logIndex=5913, commits[f3174d56-9988-40ec-970b-d447ed545dfb:c5913, 3e713ff3-0d17-449f-90fa-609b20cf4c10:c5911, 34290298-343f-405c-af97-b2d19041b010:c5911]
2019-09-11 09:06:53,329 [grpc-default-executor-5] INFO  client.GrpcClientProtocolClient (GrpcClientProtocolClient.java:onNext(264)) - client-B22ED198845A->f3174d56-9988-40ec-970b-d447ed545dfb: receive RaftClientReply:client-B22ED198845A->f3174d56-9988-40ec-970b-d447ed545dfb@group-47B82E5F6106, cid=3915, SUCCESS, logIndex=5914, commits[f3174d56-9988-40ec-970b-d447ed545dfb:c5915, 3e713ff3-0d17-449f-90fa-609b20cf4c10:c5911, 34290298-343f-405c-af97-b2d19041b010:c5911]
2019-09-11 09:06:53,329 [grpc-default-executor-5] INFO  client.GrpcClientProtocolClient (GrpcClientProtocolClient.java:onNext(264)) - client-B22ED198845A->f3174d56-9988-40ec-970b-d447ed545dfb: receive RaftClientReply:client-B22ED198845A->f3174d56-9988-40ec-970b-d447ed545dfb@group-47B82E5F6106, cid=3916, SUCCESS, logIndex=5915, commits[f3174d56-9988-40ec-970b-d447ed545dfb:c5915, 3e713ff3-0d17-449f-90fa-609b20cf4c10:c5911, 34290298-343f-405c-af97-b2d19041b010:c5911]
2019-09-11 09:06:53,331 [grpc-default-executor-4] INFO  client.GrpcClientProtocolClient (GrpcClientProtocolClient.java:onNext(264)) - client-B22ED198845A->f3174d56-9988-40ec-970b-d447ed545dfb: receive RaftClientReply:client-B22ED198845A->f3174d56-9988-40ec-970b-d447ed545dfb@group-47B82E5F6106, cid=3917, SUCCESS, logIndex=0, commits[f3174d56-9988-40ec-970b-d447ed545dfb:c5917, 3e713ff3-0d17-449f-90fa-609b20cf4c10:c5913, 34290298-343f-405c-af97-b2d19041b010:c5913]
2019-09-11 09:06:53,342 [grpc-default-executor-5] INFO  client.GrpcClientProtocolClient (GrpcClientProtocolClient.java:onNext(264)) - client-B22ED198845A->f3174d56-9988-40ec-970b-d447ed545dfb: receive RaftClientReply:client-B22ED198845A->f3174d56-9988-40ec-970b-d447ed545dfb@group-47B82E5F6106, cid=3918, SUCCESS, logIndex=5920, commits[f3174d56-9988-40ec-970b-d447ed545dfb:c5921, 3e713ff3-0d17-449f-90fa-609b20cf4c10:c5913, 34290298-343f-405c-af97-b2d19041b010:c5919]
2019-09-11 09:06:53,343 [grpc-default-executor-5] INFO  client.GrpcClientProtocolClient (GrpcClientProtocolClient.java:onNext(264)) - client-B22ED198845A->f3174d56-9988-40ec-970b-d447ed545dfb: receive RaftClientReply:client-B22ED198845A->f3174d56-9988-40ec-970b-d447ed545dfb@group-47B82E5F6106, cid=3919, SUCCESS, logIndex=5921, commits[f3174d56-9988-40ec-970b-d447ed545dfb:c5921, 3e713ff3-0d17-449f-90fa-609b20cf4c10:c5913, 34290298-343f-405c-af97-b2d19041b010:c5919]
2019-09-11 09:06:53,355 [grpc-default-executor-5] INFO  client.GrpcClientProtocolClient (GrpcClientProtocolClient.java:onNext(264)) - client-B22ED198845A->f3174d56-9988-40ec-970b-d447ed545dfb: receive RaftClientReply:client-B22ED198845A->f3174d56-9988-40ec-970b-d447ed545dfb@group-47B82E5F6106, cid=3920, SUCCESS, logIndex=0, commits[f3174d56-9988-40ec-970b-d447ed545dfb:c5922, 3e713ff3-0d17-449f-90fa-609b20cf4c10:c5919, 34290298-343f-405c-af97-b2d19041b010:c5920]
2019-09-11 09:06:53,366 [grpc-default-executor-0] INFO  client.GrpcClientProtocolClient (GrpcClientProtocolClient.java:onNext(264)) - client-B22ED198845A->f3174d56-9988-40ec-970b-d447ed545dfb: receive RaftClientReply:client-B22ED198845A->f3174d56-9988-40ec-970b-d447ed545dfb@group-47B82E5F6106, cid=3921, SUCCESS, logIndex=5924, commits[f3174d56-9988-40ec-970b-d447ed545dfb:c5925, 3e713ff3-0d17-449f-90fa-609b20cf4c10:c5923, 34290298-343f-405c-af97-b2d19041b010:c5923]
2019-09-11 09:06:53,367 [grpc-default-executor-0] INFO  client.GrpcClientProtocolClient (GrpcClientProtocolClient.java:onNext(264)) - client-B22ED198845A->f3174d56-9988-40ec-970b-d447ed545dfb: receive RaftClientReply:client-B22ED198845A->f3174d56-9988-40ec-970b-d447ed545dfb@group-47B82E5F6106, cid=3922, SUCCESS, logIndex=5925, commits[f3174d56-9988-40ec-970b-d447ed545dfb:c5925, 3e713ff3-0d17-449f-90fa-609b20cf4c10:c5923, 34290298-343f-405c-af97-b2d19041b010:c5923]
2019-09-11 09:06:53,369 [grpc-default-executor-0] INFO  client.GrpcClientProtocolClient (GrpcClientProtocolClient.java:onNext(264)) - client-B22ED198845A->f3174d56-9988-40ec-970b-d447ed545dfb: receive RaftClientReply:client-B22ED198845A->f3174d56-9988-40ec-970b-d447ed545dfb@group-47B82E5F6106, cid=3923, SUCCESS, logIndex=0, commits[f3174d56-9988-40ec-970b-d447ed545dfb:c5926, 3e713ff3-0d17-449f-90fa-609b20cf4c10:c5925, 34290298-343f-405c-af97-b2d19041b010:c5925]
2019-09-11 09:06:53,403 [grpc-default-executor-0] INFO  client.GrpcClientProtocolClient (GrpcClientProtocolClient.java:onNext(264)) - client-B22ED198845A->f3174d56-9988-40ec-970b-d447ed545dfb: receive RaftClientReply:client-B22ED198845A->f3174d56-9988-40ec-970b-d447ed545dfb@group-47B82E5F6106, cid=3924, SUCCESS, logIndex=5928, commits[f3174d56-9988-40ec-970b-d447ed545dfb:c5929, 3e713ff3-0d17-449f-90fa-609b20cf4c10:c5927, 34290298-343f-405c-af97-b2d19041b010:c5927]
2019-09-11 09:06:53,403 [grpc-default-executor-0] INFO  client.GrpcClientProtocolClient (GrpcClientProtocolClient.java:onNext(264)) - client-B22ED198845A->f3174d56-9988-40ec-970b-d447ed545dfb: receive RaftClientReply:client-B22ED198845A->f3174d56-9988-40ec-970b-d447ed545dfb@group-47B82E5F6106, cid=3925, SUCCESS, logIndex=5929, commits[f3174d56-9988-40ec-970b-d447ed545dfb:c5929, 3e713ff3-0d17-449f-90fa-609b20cf4c10:c5927, 34290298-343f-405c-af97-b2d19041b010:c5927]
2019-09-11 09:06:53,424 [grpc-default-executor-5] INFO  client.GrpcClientProtocolClient (GrpcClientProtocolClient.java:onNext(264)) - client-B22ED198845A->f3174d56-9988-40ec-970b-d447ed545dfb: receive RaftClientReply:client-B22ED198845A->f3174d56-9988-40ec-970b-d447ed545dfb@group-47B82E5F6106, cid=3926, SUCCESS, logIndex=5930, commits[f3174d56-9988-40ec-970b-d447ed545dfb:c5933, 3e713ff3-0d17-449f-90fa-609b20cf4c10:c5929, 34290298-343f-405c-af97-b2d19041b010:c5927]
2019-09-11 09:06:53,425 [grpc-default-executor-5] INFO  client.GrpcClientProtocolClient (GrpcClientProtocolClient.java:onNext(264)) - client-B22ED198845A->f3174d56-9988-40ec-970b-d447ed545dfb: receive RaftClientReply:client-B22ED198845A->f3174d56-9988-40ec-970b-d447ed545dfb@group-47B82E5F6106, cid=3927, SUCCESS, logIndex=5931, commits[f3174d56-9988-40ec-970b-d447ed545dfb:c5933, 3e713ff3-0d17-449f-90fa-609b20cf4c10:c5929, 34290298-343f-405c-af97-b2d19041b010:c5929]
2019-09-11 09:06:53,450 [grpc-default-executor-0] INFO  client.GrpcClientProtocolClient (GrpcClientProtocolClient.java:onNext(264)) - client-B22ED198845A->f3174d56-9988-40ec-970b-d447ed545dfb: receive RaftClientReply:client-B22ED198845A->f3174d56-9988-40ec-970b-d447ed545dfb@group-47B82E5F6106, cid=3928, SUCCESS, logIndex=5936, commits[f3174d56-9988-40ec-970b-d447ed545dfb:c5937, 3e713ff3-0d17-449f-90fa-609b20cf4c10:c5931, 34290298-343f-405c-af97-b2d19041b010:c5933]
2019-09-11 09:06:53,450 [grpc-default-executor-0] INFO  client.GrpcClientProtocolClient (GrpcClientProtocolClient.java:onNext(264)) - client-B22ED198845A->f3174d56-9988-40ec-970b-d447ed545dfb: receive RaftClientReply:client-B22ED198845A->f3174d56-9988-40ec-970b-d447ed545dfb@group-47B82E5F6106, cid=3929, SUCCESS, logIndex=5937, commits[f3174d56-9988-40ec-970b-d447ed545dfb:c5937, 3e713ff3-0d17-449f-90fa-609b20cf4c10:c5933, 34290298-343f-405c-af97-b2d19041b010:c5933]
2019-09-11 09:06:53,478 [grpc-default-executor-4] INFO  client.GrpcClientProtocolClient (GrpcClientProtocolClient.java:onNext(264)) - client-B22ED198845A->f3174d56-9988-40ec-970b-d447ed545dfb: receive RaftClientReply:client-B22ED198845A->f3174d56-9988-40ec-970b-d447ed545dfb@group-47B82E5F6106, cid=3930, SUCCESS, logIndex=5940, commits[f3174d56-9988-40ec-970b-d447ed545dfb:c5941, 3e713ff3-0d17-449f-90fa-609b20cf4c10:c5937, 34290298-343f-405c-af97-b2d19041b010:c5937]
2019-09-11 09:06:53,478 [grpc-default-executor-4] INFO  client.GrpcClientProtocolClient (GrpcClientProtocolClient.java:onNext(264)) - client-B22ED198845A->f3174d56-9988-40ec-970b-d447ed545dfb: receive RaftClientReply:client-B22ED198845A->f3174d56-9988-40ec-970b-d447ed545dfb@group-47B82E5F6106, cid=3931, SUCCESS, logIndex=5941, commits[f3174d56-9988-40ec-970b-d447ed545dfb:c5941, 3e713ff3-0d17-449f-90fa-609b20cf4c10:c5937, 34290298-343f-405c-af97-b2d19041b010:c5937]
2019-09-11 09:06:53,491 [grpc-default-executor-4] INFO  client.GrpcClientProtocolClient (GrpcClientProtocolClient.java:onNext(264)) - client-B22ED198845A->f3174d56-9988-40ec-970b-d447ed545dfb: receive RaftClientReply:client-B22ED198845A->f3174d56-9988-40ec-970b-d447ed545dfb@group-47B82E5F6106, cid=3932, SUCCESS, logIndex=0, commits[f3174d56-9988-40ec-970b-d447ed545dfb:c5942, 3e713ff3-0d17-449f-90fa-609b20cf4c10:c5941, 34290298-343f-405c-af97-b2d19041b010:c5941]
2019-09-11 09:06:53,526 [grpc-default-executor-5] INFO  client.GrpcClientProtocolClient (GrpcClientProtocolClient.java:onNext(264)) - client-B22ED198845A->f3174d56-9988-40ec-970b-d447ed545dfb: receive RaftClientReply:client-B22ED198845A->f3174d56-9988-40ec-970b-d447ed545dfb@group-47B82E5F6106, cid=3933, SUCCESS, logIndex=5943, commits[f3174d56-9988-40ec-970b-d447ed545dfb:c5944, 3e713ff3-0d17-449f-90fa-609b20cf4c10:c5942, 34290298-343f-405c-af97-b2d19041b010:c5942]
2019-09-11 09:06:53,526 [grpc-default-executor-5] INFO  client.GrpcClientProtocolClient (GrpcClientProtocolClient.java:onNext(264)) - client-B22ED198845A->f3174d56-9988-40ec-970b-d447ed545dfb: receive RaftClientReply:client-B22ED198845A->f3174d56-9988-40ec-970b-d447ed545dfb@group-47B82E5F6106, cid=3934, SUCCESS, logIndex=5944, commits[f3174d56-9988-40ec-970b-d447ed545dfb:c5944, 3e713ff3-0d17-449f-90fa-609b20cf4c10:c5942, 34290298-343f-405c-af97-b2d19041b010:c5942]
2019-09-11 09:06:53,527 [grpc-default-executor-4] INFO  client.GrpcClientProtocolClient (GrpcClientProtocolClient.java:onNext(264)) - client-B22ED198845A->f3174d56-9988-40ec-970b-d447ed545dfb: receive RaftClientReply:client-B22ED198845A->f3174d56-9988-40ec-970b-d447ed545dfb@group-47B82E5F6106, cid=3935, SUCCESS, logIndex=5945, commits[f3174d56-9988-40ec-970b-d447ed545dfb:c5946, 3e713ff3-0d17-449f-90fa-609b20cf4c10:c5942, 34290298-343f-405c-af97-b2d19041b010:c5942]
2019-09-11 09:06:53,527 [grpc-default-executor-4] INFO  client.GrpcClientProtocolClient (GrpcClientProtocolClient.java:onNext(264)) - client-B22ED198845A->f3174d56-9988-40ec-970b-d447ed545dfb: receive RaftClientReply:client-B22ED198845A->f3174d56-9988-40ec-970b-d447ed545dfb@group-47B82E5F6106, cid=3936, SUCCESS, logIndex=5946, commits[f3174d56-9988-40ec-970b-d447ed545dfb:c5946, 3e713ff3-0d17-449f-90fa-609b20cf4c10:c5942, 34290298-343f-405c-af97-b2d19041b010:c5942]
2019-09-11 09:06:53,538 [grpc-default-executor-4] INFO  client.GrpcClientProtocolClient (GrpcClientProtocolClient.java:onNext(264)) - client-B22ED198845A->f3174d56-9988-40ec-970b-d447ed545dfb: receive RaftClientReply:client-B22ED198845A->f3174d56-9988-40ec-970b-d447ed545dfb@group-47B82E5F6106, cid=3937, SUCCESS, logIndex=0, commits[f3174d56-9988-40ec-970b-d447ed545dfb:c5948, 3e713ff3-0d17-449f-90fa-609b20cf4c10:c5944, 34290298-343f-405c-af97-b2d19041b010:c5944]
2019-09-11 09:06:53,562 [grpc-default-executor-5] INFO  client.GrpcClientProtocolClient (GrpcClientProtocolClient.java:onNext(264)) - client-B22ED198845A->f3174d56-9988-40ec-970b-d447ed545dfb: receive RaftClientReply:client-B22ED198845A->f3174d56-9988-40ec-970b-d447ed545dfb@group-47B82E5F6106, cid=3938, SUCCESS, logIndex=5951, commits[f3174d56-9988-40ec-970b-d447ed545dfb:c5952, 3e713ff3-0d17-449f-90fa-609b20cf4c10:c5946, 34290298-343f-405c-af97-b2d19041b010:c5950]
2019-09-11 09:06:53,562 [grpc-default-executor-5] INFO  client.GrpcClientProtocolClient (GrpcClientProtocolClient.java:onNext(264)) - client-B22ED198845A->f3174d56-9988-40ec-970b-d447ed545dfb: receive RaftClientReply:client-B22ED198845A->f3174d56-9988-40ec-970b-d447ed545dfb@group-47B82E5F6106, cid=3939, SUCCESS, logIndex=5952, commits[f3174d56-9988-40ec-970b-d447ed545dfb:c5952, 3e713ff3-0d17-449f-90fa-609b20cf4c10:c5950, 34290298-343f-405c-af97-b2d19041b010:c5950]
2019-09-11 09:06:53,587 [grpc-default-executor-4] INFO  client.GrpcClientProtocolClient (GrpcClientProtocolClient.java:onNext(264)) - client-B22ED198845A->f3174d56-9988-40ec-970b-d447ed545dfb: receive RaftClientReply:client-B22ED198845A->f3174d56-9988-40ec-970b-d447ed545dfb@group-47B82E5F6106, cid=3940, SUCCESS, logIndex=5954, commits[f3174d56-9988-40ec-970b-d447ed545dfb:c5954, 3e713ff3-0d17-449f-90fa-609b20cf4c10:c5952, 34290298-343f-405c-af97-b2d19041b010:c5952]
2019-09-11 09:06:53,587 [grpc-default-executor-4] INFO  client.GrpcClientProtocolClient (GrpcClientProtocolClient.java:onNext(264)) - client-B22ED198845A->f3174d56-9988-40ec-970b-d447ed545dfb: receive RaftClientReply:client-B22ED198845A->f3174d56-9988-40ec-970b-d447ed545dfb@group-47B82E5F6106, cid=3941, SUCCESS, logIndex=5955, commits[f3174d56-9988-40ec-970b-d447ed545dfb:c5955, 3e713ff3-0d17-449f-90fa-609b20cf4c10:c5952, 34290298-343f-405c-af97-b2d19041b010:c5952]
2019-09-11 09:06:53,613 [grpc-default-executor-4] INFO  client.GrpcClientProtocolClient (GrpcClientProtocolClient.java:onNext(264)) - client-B22ED198845A->f3174d56-9988-40ec-970b-d447ed545dfb: receive RaftClientReply:client-B22ED198845A->f3174d56-9988-40ec-970b-d447ed545dfb@group-47B82E5F6106, cid=3942, SUCCESS, logIndex=0, commits[f3174d56-9988-40ec-970b-d447ed545dfb:c5957, 3e713ff3-0d17-449f-90fa-609b20cf4c10:c5955, 34290298-343f-405c-af97-b2d19041b010:c5955]
 0.00% |█                                                                                                    |  0/1 Time: 0:00:332019-09-11 09:06:53,653 [grpc-default-executor-4] INFO  client.GrpcClientProtocolClient (GrpcClientProtocolClient.java:onNext(264)) - client-B22ED198845A->f3174d56-9988-40ec-970b-d447ed545dfb: receive RaftClientReply:client-B22ED198845A->f3174d56-9988-40ec-970b-d447ed545dfb@group-47B82E5F6106, cid=3943, SUCCESS, logIndex=5958, commits[f3174d56-9988-40ec-970b-d447ed545dfb:c5959, 3e713ff3-0d17-449f-90fa-609b20cf4c10:c5957, 34290298-343f-405c-af97-b2d19041b010:c5957]
2019-09-11 09:06:53,654 [grpc-default-executor-4] INFO  client.GrpcClientProtocolClient (GrpcClientProtocolClient.java:onNext(264)) - client-B22ED198845A->f3174d56-9988-40ec-970b-d447ed545dfb: receive RaftClientReply:client-B22ED198845A->f3174d56-9988-40ec-970b-d447ed545dfb@group-47B82E5F6106, cid=3944, SUCCESS, logIndex=5959, commits[f3174d56-9988-40ec-970b-d447ed545dfb:c5959, 3e713ff3-0d17-449f-90fa-609b20cf4c10:c5957, 34290298-343f-405c-af97-b2d19041b010:c5957]
2019-09-11 09:06:53,666 [grpc-default-executor-5] INFO  client.GrpcClientProtocolClient (GrpcClientProtocolClient.java:onNext(264)) - client-B22ED198845A->f3174d56-9988-40ec-970b-d447ed545dfb: receive RaftClientReply:client-B22ED198845A->f3174d56-9988-40ec-970b-d447ed545dfb@group-47B82E5F6106, cid=3945, SUCCESS, logIndex=5960, commits[f3174d56-9988-40ec-970b-d447ed545dfb:c5961, 3e713ff3-0d17-449f-90fa-609b20cf4c10:c5957, 34290298-343f-405c-af97-b2d19041b010:c5957]
2019-09-11 09:06:53,666 [grpc-default-executor-5] INFO  client.GrpcClientProtocolClient (GrpcClientProtocolClient.java:onNext(264)) - client-B22ED198845A->f3174d56-9988-40ec-970b-d447ed545dfb: receive RaftClientReply:client-B22ED198845A->f3174d56-9988-40ec-970b-d447ed545dfb@group-47B82E5F6106, cid=3946, SUCCESS, logIndex=5961, commits[f3174d56-9988-40ec-970b-d447ed545dfb:c5961, 3e713ff3-0d17-449f-90fa-609b20cf4c10:c5957, 34290298-343f-405c-af97-b2d19041b010:c5957]
2019-09-11 09:06:53,670 [grpc-default-executor-5] INFO  client.GrpcClientProtocolClient (GrpcClientProtocolClient.java:onNext(264)) - client-B22ED198845A->f3174d56-9988-40ec-970b-d447ed545dfb: receive RaftClientReply:client-B22ED198845A->f3174d56-9988-40ec-970b-d447ed545dfb@group-47B82E5F6106, cid=3947, SUCCESS, logIndex=0, commits[f3174d56-9988-40ec-970b-d447ed545dfb:c5963, 3e713ff3-0d17-449f-90fa-609b20cf4c10:c5959, 34290298-343f-405c-af97-b2d19041b010:c5959]
2019-09-11 09:06:53,694 [grpc-default-executor-4] INFO  client.GrpcClientProtocolClient (GrpcClientProtocolClient.java:onNext(264)) - client-B22ED198845A->f3174d56-9988-40ec-970b-d447ed545dfb: receive RaftClientReply:client-B22ED198845A->f3174d56-9988-40ec-970b-d447ed545dfb@group-47B82E5F6106, cid=3948, SUCCESS, logIndex=5966, commits[f3174d56-9988-40ec-970b-d447ed545dfb:c5967, 3e713ff3-0d17-449f-90fa-609b20cf4c10:c5961, 34290298-343f-405c-af97-b2d19041b010:c5965]
2019-09-11 09:06:53,694 [grpc-default-executor-4] INFO  client.GrpcClientProtocolClient (GrpcClientProtocolClient.java:onNext(264)) - client-B22ED198845A->f3174d56-9988-40ec-970b-d447ed545dfb: receive RaftClientReply:client-B22ED198845A->f3174d56-9988-40ec-970b-d447ed545dfb@group-47B82E5F6106, cid=3949, SUCCESS, logIndex=5967, commits[f3174d56-9988-40ec-970b-d447ed545dfb:c5967, 3e713ff3-0d17-449f-90fa-609b20cf4c10:c5965, 34290298-343f-405c-af97-b2d19041b010:c5965]
2019-09-11 09:06:53,709 [grpc-default-executor-4] INFO  client.GrpcClientProtocolClient (GrpcClientProtocolClient.java:onNext(264)) - client-B22ED198845A->f3174d56-9988-40ec-970b-d447ed545dfb: receive RaftClientReply:client-B22ED198845A->f3174d56-9988-40ec-970b-d447ed545dfb@group-47B82E5F6106, cid=3950, SUCCESS, logIndex=5970, commits[f3174d56-9988-40ec-970b-d447ed545dfb:c5971, 3e713ff3-0d17-449f-90fa-609b20cf4c10:c5967, 34290298-343f-405c-af97-b2d19041b010:c5967]
2019-09-11 09:06:53,710 [grpc-default-executor-4] INFO  client.GrpcClientProtocolClient (GrpcClientProtocolClient.java:onNext(264)) - client-B22ED198845A->f3174d56-9988-40ec-970b-d447ed545dfb: receive RaftClientReply:client-B22ED198845A->f3174d56-9988-40ec-970b-d447ed545dfb@group-47B82E5F6106, cid=3951, SUCCESS, logIndex=5971, commits[f3174d56-9988-40ec-970b-d447ed545dfb:c5971, 3e713ff3-0d17-449f-90fa-609b20cf4c10:c5967, 34290298-343f-405c-af97-b2d19041b010:c5967]
2019-09-11 09:06:53,722 [grpc-default-executor-4] INFO  client.GrpcClientProtocolClient (GrpcClientProtocolClient.java:onNext(264)) - client-B22ED198845A->f3174d56-9988-40ec-970b-d447ed545dfb: receive RaftClientReply:client-B22ED198845A->f3174d56-9988-40ec-970b-d447ed545dfb@group-47B82E5F6106, cid=3952, SUCCESS, logIndex=0, commits[f3174d56-9988-40ec-970b-d447ed545dfb:c5972, 3e713ff3-0d17-449f-90fa-609b20cf4c10:c5971, 34290298-343f-405c-af97-b2d19041b010:c5971]
2019-09-11 09:06:53,762 [grpc-default-executor-4] INFO  client.GrpcClientProtocolClient (GrpcClientProtocolClient.java:onNext(264)) - client-B22ED198845A->f3174d56-9988-40ec-970b-d447ed545dfb: receive RaftClientReply:client-B22ED198845A->f3174d56-9988-40ec-970b-d447ed545dfb@group-47B82E5F6106, cid=3953, SUCCESS, logIndex=5974, commits[f3174d56-9988-40ec-970b-d447ed545dfb:c5975, 3e713ff3-0d17-449f-90fa-609b20cf4c10:c5971, 34290298-343f-405c-af97-b2d19041b010:c5973]
2019-09-11 09:06:53,763 [grpc-default-executor-4] INFO  client.GrpcClientProtocolClient (GrpcClientProtocolClient.java:onNext(264)) - client-B22ED198845A->f3174d56-9988-40ec-970b-d447ed545dfb: receive RaftClientReply:client-B22ED198845A->f3174d56-9988-40ec-970b-d447ed545dfb@group-47B82E5F6106, cid=3954, SUCCESS, logIndex=5975, commits[f3174d56-9988-40ec-970b-d447ed545dfb:c5975, 3e713ff3-0d17-449f-90fa-609b20cf4c10:c5973, 34290298-343f-405c-af97-b2d19041b010:c5973]
2019-09-11 09:06:53,775 [grpc-default-executor-5] INFO  client.GrpcClientProtocolClient (GrpcClientProtocolClient.java:onNext(264)) - client-B22ED198845A->f3174d56-9988-40ec-970b-d447ed545dfb: receive RaftClientReply:client-B22ED198845A->f3174d56-9988-40ec-970b-d447ed545dfb@group-47B82E5F6106, cid=3955, SUCCESS, logIndex=5976, commits[f3174d56-9988-40ec-970b-d447ed545dfb:c5977, 3e713ff3-0d17-449f-90fa-609b20cf4c10:c5973, 34290298-343f-405c-af97-b2d19041b010:c5973]
2019-09-11 09:06:53,776 [grpc-default-executor-5] INFO  client.GrpcClientProtocolClient (GrpcClientProtocolClient.java:onNext(264)) - client-B22ED198845A->f3174d56-9988-40ec-970b-d447ed545dfb: receive RaftClientReply:client-B22ED198845A->f3174d56-9988-40ec-970b-d447ed545dfb@group-47B82E5F6106, cid=3956, SUCCESS, logIndex=5977, commits[f3174d56-9988-40ec-970b-d447ed545dfb:c5977, 3e713ff3-0d17-449f-90fa-609b20cf4c10:c5973, 34290298-343f-405c-af97-b2d19041b010:c5973]
2019-09-11 09:06:53,788 [grpc-default-executor-5] INFO  client.GrpcClientProtocolClient (GrpcClientProtocolClient.java:onNext(264)) - client-B22ED198845A->f3174d56-9988-40ec-970b-d447ed545dfb: receive RaftClientReply:client-B22ED198845A->f3174d56-9988-40ec-970b-d447ed545dfb@group-47B82E5F6106, cid=3957, SUCCESS, logIndex=0, commits[f3174d56-9988-40ec-970b-d447ed545dfb:c5979, 3e713ff3-0d17-449f-90fa-609b20cf4c10:c5975, 34290298-343f-405c-af97-b2d19041b010:c5975]
2019-09-11 09:06:53,814 [grpc-default-executor-4] INFO  client.GrpcClientProtocolClient (GrpcClientProtocolClient.java:onNext(264)) - client-B22ED198845A->f3174d56-9988-40ec-970b-d447ed545dfb: receive RaftClientReply:client-B22ED198845A->f3174d56-9988-40ec-970b-d447ed545dfb@group-47B82E5F6106, cid=3958, SUCCESS, logIndex=5981, commits[f3174d56-9988-40ec-970b-d447ed545dfb:c5982, 3e713ff3-0d17-449f-90fa-609b20cf4c10:c5979, 34290298-343f-405c-af97-b2d19041b010:c5979]
2019-09-11 09:06:53,814 [grpc-default-executor-4] INFO  client.GrpcClientProtocolClient (GrpcClientProtocolClient.java:onNext(264)) - client-B22ED198845A->f3174d56-9988-40ec-970b-d447ed545dfb: receive RaftClientReply:client-B22ED198845A->f3174d56-9988-40ec-970b-d447ed545dfb@group-47B82E5F6106, cid=3959, SUCCESS, logIndex=5982, commits[f3174d56-9988-40ec-970b-d447ed545dfb:c5982, 3e713ff3-0d17-449f-90fa-609b20cf4c10:c5979, 34290298-343f-405c-af97-b2d19041b010:c5979]
2019-09-11 09:06:53,833 [grpc-default-executor-4] INFO  client.GrpcClientProtocolClient (GrpcClientProtocolClient.java:onNext(264)) - client-B22ED198845A->f3174d56-9988-40ec-970b-d447ed545dfb: receive RaftClientReply:client-B22ED198845A->f3174d56-9988-40ec-970b-d447ed545dfb@group-47B82E5F6106, cid=3960, SUCCESS, logIndex=5985, commits[f3174d56-9988-40ec-970b-d447ed545dfb:c5985, 3e713ff3-0d17-449f-90fa-609b20cf4c10:c5982, 34290298-343f-405c-af97-b2d19041b010:c5982]
2019-09-11 09:06:53,833 [grpc-default-executor-4] INFO  client.GrpcClientProtocolClient (GrpcClientProtocolClient.java:onNext(264)) - client-B22ED198845A->f3174d56-9988-40ec-970b-d447ed545dfb: receive RaftClientReply:client-B22ED198845A->f3174d56-9988-40ec-970b-d447ed545dfb@group-47B82E5F6106, cid=3961, SUCCESS, logIndex=5986, commits[f3174d56-9988-40ec-970b-d447ed545dfb:c5986, 3e713ff3-0d17-449f-90fa-609b20cf4c10:c5982, 34290298-343f-405c-af97-b2d19041b010:c5982]
2019-09-11 09:06:53,851 [grpc-default-executor-4] INFO  client.GrpcClientProtocolClient (GrpcClientProtocolClient.java:onNext(264)) - client-B22ED198845A->f3174d56-9988-40ec-970b-d447ed545dfb: receive RaftClientReply:client-B22ED198845A->f3174d56-9988-40ec-970b-d447ed545dfb@group-47B82E5F6106, cid=3962, SUCCESS, logIndex=0, commits[f3174d56-9988-40ec-970b-d447ed545dfb:c5988, 3e713ff3-0d17-449f-90fa-609b20cf4c10:c5986, 34290298-343f-405c-af97-b2d19041b010:c5986]
2019-09-11 09:06:53,879 [grpc-default-executor-0] INFO  client.GrpcClientProtocolClient (GrpcClientProtocolClient.java:onNext(264)) - client-B22ED198845A->f3174d56-9988-40ec-970b-d447ed545dfb: receive RaftClientReply:client-B22ED198845A->f3174d56-9988-40ec-970b-d447ed545dfb@group-47B82E5F6106, cid=3963, SUCCESS, logIndex=5989, commits[f3174d56-9988-40ec-970b-d447ed545dfb:c5990, 3e713ff3-0d17-449f-90fa-609b20cf4c10:c5988, 34290298-343f-405c-af97-b2d19041b010:c5986]
2019-09-11 09:06:53,880 [grpc-default-executor-0] INFO  client.GrpcClientProtocolClient (GrpcClientProtocolClient.java:onNext(264)) - client-B22ED198845A->f3174d56-9988-40ec-970b-d447ed545dfb: receive RaftClientReply:client-B22ED198845A->f3174d56-9988-40ec-970b-d447ed545dfb@group-47B82E5F6106, cid=3964, SUCCESS, logIndex=5990, commits[f3174d56-9988-40ec-970b-d447ed545dfb:c5990, 3e713ff3-0d17-449f-90fa-609b20cf4c10:c5988, 34290298-343f-405c-af97-b2d19041b010:c5986]
2019-09-11 09:06:53,882 [grpc-default-executor-4] INFO  client.GrpcClientProtocolClient (GrpcClientProtocolClient.java:onNext(264)) - client-B22ED198845A->f3174d56-9988-40ec-970b-d447ed545dfb: receive RaftClientReply:client-B22ED198845A->f3174d56-9988-40ec-970b-d447ed545dfb@group-47B82E5F6106, cid=3965, SUCCESS, logIndex=5991, commits[f3174d56-9988-40ec-970b-d447ed545dfb:c5994, 3e713ff3-0d17-449f-90fa-609b20cf4c10:c5988, 34290298-343f-405c-af97-b2d19041b010:c5990]
2019-09-11 09:06:53,883 [grpc-default-executor-4] INFO  client.GrpcClientProtocolClient (GrpcClientProtocolClient.java:onNext(264)) - client-B22ED198845A->f3174d56-9988-40ec-970b-d447ed545dfb: receive RaftClientReply:client-B22ED198845A->f3174d56-9988-40ec-970b-d447ed545dfb@group-47B82E5F6106, cid=3966, SUCCESS, logIndex=5992, commits[f3174d56-9988-40ec-970b-d447ed545dfb:c5994, 3e713ff3-0d17-449f-90fa-609b20cf4c10:c5988, 34290298-343f-405c-af97-b2d19041b010:c5990]
2019-09-11 09:06:53,883 [grpc-default-executor-4] INFO  client.GrpcClientProtocolClient (GrpcClientProtocolClient.java:onNext(264)) - client-B22ED198845A->f3174d56-9988-40ec-970b-d447ed545dfb: receive RaftClientReply:client-B22ED198845A->f3174d56-9988-40ec-970b-d447ed545dfb@group-47B82E5F6106, cid=3967, SUCCESS, logIndex=0, commits[f3174d56-9988-40ec-970b-d447ed545dfb:c5994, 3e713ff3-0d17-449f-90fa-609b20cf4c10:c5990, 34290298-343f-405c-af97-b2d19041b010:c5990]
2019-09-11 09:06:53,896 [grpc-default-executor-5] INFO  client.GrpcClientProtocolClient (GrpcClientProtocolClient.java:onNext(264)) - client-B22ED198845A->f3174d56-9988-40ec-970b-d447ed545dfb: receive RaftClientReply:client-B22ED198845A->f3174d56-9988-40ec-970b-d447ed545dfb@group-47B82E5F6106, cid=3968, SUCCESS, logIndex=5996, commits[f3174d56-9988-40ec-970b-d447ed545dfb:c5997, 3e713ff3-0d17-449f-90fa-609b20cf4c10:c5995, 34290298-343f-405c-af97-b2d19041b010:c5993]
2019-09-11 09:06:53,897 [grpc-default-executor-5] INFO  client.GrpcClientProtocolClient (GrpcClientProtocolClient.java:onNext(264)) - client-B22ED198845A->f3174d56-9988-40ec-970b-d447ed545dfb: receive RaftClientReply:client-B22ED198845A->f3174d56-9988-40ec-970b-d447ed545dfb@group-47B82E5F6106, cid=3969, SUCCESS, logIndex=5997, commits[f3174d56-9988-40ec-970b-d447ed545dfb:c5997, 3e713ff3-0d17-449f-90fa-609b20cf4c10:c5995, 34290298-343f-405c-af97-b2d19041b010:c5995]
2019-09-11 09:06:53,911 [grpc-default-executor-0] INFO  client.GrpcClientProtocolClient (GrpcClientProtocolClient.java:onNext(264)) - client-B22ED198845A->f3174d56-9988-40ec-970b-d447ed545dfb: receive RaftClientReply:client-B22ED198845A->f3174d56-9988-40ec-970b-d447ed545dfb@group-47B82E5F6106, cid=3970, SUCCESS, logIndex=6000, commits[f3174d56-9988-40ec-970b-d447ed545dfb:c6001, 3e713ff3-0d17-449f-90fa-609b20cf4c10:c5999, 34290298-343f-405c-af97-b2d19041b010:c5997]
2019-09-11 09:06:53,911 [grpc-default-executor-0] INFO  client.GrpcClientProtocolClient (GrpcClientProtocolClient.java:onNext(264)) - client-B22ED198845A->f3174d56-9988-40ec-970b-d447ed545dfb: receive RaftClientReply:client-B22ED198845A->f3174d56-9988-40ec-970b-d447ed545dfb@group-47B82E5F6106, cid=3971, SUCCESS, logIndex=6001, commits[f3174d56-9988-40ec-970b-d447ed545dfb:c6001, 3e713ff3-0d17-449f-90fa-609b20cf4c10:c5999, 34290298-343f-405c-af97-b2d19041b010:c5999]
2019-09-11 09:06:53,916 [grpc-default-executor-0] INFO  client.GrpcClientProtocolClient (GrpcClientProtocolClient.java:onNext(264)) - client-B22ED198845A->f3174d56-9988-40ec-970b-d447ed545dfb: receive RaftClientReply:client-B22ED198845A->f3174d56-9988-40ec-970b-d447ed545dfb@group-47B82E5F6106, cid=3972, SUCCESS, logIndex=0, commits[f3174d56-9988-40ec-970b-d447ed545dfb:c6002, 3e713ff3-0d17-449f-90fa-609b20cf4c10:c6001, 34290298-343f-405c-af97-b2d19041b010:c6001]
2019-09-11 09:06:53,956 [grpc-default-executor-2] INFO  client.GrpcClientProtocolClient (GrpcClientProtocolClient.java:onNext(264)) - client-B22ED198845A->f3174d56-9988-40ec-970b-d447ed545dfb: receive RaftClientReply:client-B22ED198845A->f3174d56-9988-40ec-970b-d447ed545dfb@group-47B82E5F6106, cid=3973, SUCCESS, logIndex=6004, commits[f3174d56-9988-40ec-970b-d447ed545dfb:c6005, 3e713ff3-0d17-449f-90fa-609b20cf4c10:c6003, 34290298-343f-405c-af97-b2d19041b010:c6003]
2019-09-11 09:06:53,957 [grpc-default-executor-2] INFO  client.GrpcClientProtocolClient (GrpcClientProtocolClient.java:onNext(264)) - client-B22ED198845A->f3174d56-9988-40ec-970b-d447ed545dfb: receive RaftClientReply:client-B22ED198845A->f3174d56-9988-40ec-970b-d447ed545dfb@group-47B82E5F6106, cid=3974, SUCCESS, logIndex=6005, commits[f3174d56-9988-40ec-970b-d447ed545dfb:c6005, 3e713ff3-0d17-449f-90fa-609b20cf4c10:c6003, 34290298-343f-405c-af97-b2d19041b010:c6003]
2019-09-11 09:06:53,959 [grpc-default-executor-2] INFO  client.GrpcClientProtocolClient (GrpcClientProtocolClient.java:onNext(264)) - client-B22ED198845A->f3174d56-9988-40ec-970b-d447ed545dfb: receive RaftClientReply:client-B22ED198845A->f3174d56-9988-40ec-970b-d447ed545dfb@group-47B82E5F6106, cid=3975, SUCCESS, logIndex=6006, commits[f3174d56-9988-40ec-970b-d447ed545dfb:c6007, 3e713ff3-0d17-449f-90fa-609b20cf4c10:c6003, 34290298-343f-405c-af97-b2d19041b010:c6003]
2019-09-11 09:06:53,959 [grpc-default-executor-2] INFO  client.GrpcClientProtocolClient (GrpcClientProtocolClient.java:onNext(264)) - client-B22ED198845A->f3174d56-9988-40ec-970b-d447ed545dfb: receive RaftClientReply:client-B22ED198845A->f3174d56-9988-40ec-970b-d447ed545dfb@group-47B82E5F6106, cid=3976, SUCCESS, logIndex=6007, commits[f3174d56-9988-40ec-970b-d447ed545dfb:c6007, 3e713ff3-0d17-449f-90fa-609b20cf4c10:c6003, 34290298-343f-405c-af97-b2d19041b010:c6003]
2019-09-11 09:06:53,970 [grpc-default-executor-2] INFO  client.GrpcClientProtocolClient (GrpcClientProtocolClient.java:onNext(264)) - client-B22ED198845A->f3174d56-9988-40ec-970b-d447ed545dfb: receive RaftClientReply:client-B22ED198845A->f3174d56-9988-40ec-970b-d447ed545dfb@group-47B82E5F6106, cid=3977, SUCCESS, logIndex=0, commits[f3174d56-9988-40ec-970b-d447ed545dfb:c6009, 3e713ff3-0d17-449f-90fa-609b20cf4c10:c6005, 34290298-343f-405c-af97-b2d19041b010:c6005]
2019-09-11 09:06:53,994 [grpc-default-executor-2] INFO  client.GrpcClientProtocolClient (GrpcClientProtocolClient.java:onNext(264)) - client-B22ED198845A->f3174d56-9988-40ec-970b-d447ed545dfb: receive RaftClientReply:client-B22ED198845A->f3174d56-9988-40ec-970b-d447ed545dfb@group-47B82E5F6106, cid=3978, SUCCESS, logIndex=6012, commits[f3174d56-9988-40ec-970b-d447ed545dfb:c6013, 3e713ff3-0d17-449f-90fa-609b20cf4c10:c6011, 34290298-343f-405c-af97-b2d19041b010:c6011]
2019-09-11 09:06:53,995 [grpc-default-executor-2] INFO  client.GrpcClientProtocolClient (GrpcClientProtocolClient.java:onNext(264)) - client-B22ED198845A->f3174d56-9988-40ec-970b-d447ed545dfb: receive RaftClientReply:client-B22ED198845A->f3174d56-9988-40ec-970b-d447ed545dfb@group-47B82E5F6106, cid=3979, SUCCESS, logIndex=6013, commits[f3174d56-9988-40ec-970b-d447ed545dfb:c6013, 3e713ff3-0d17-449f-90fa-609b20cf4c10:c6011, 34290298-343f-405c-af97-b2d19041b010:c6011]
2019-09-11 09:06:54,020 [grpc-default-executor-2] INFO  client.GrpcClientProtocolClient (GrpcClientProtocolClient.java:onNext(264)) - client-B22ED198845A->f3174d56-9988-40ec-970b-d447ed545dfb: receive RaftClientReply:client-B22ED198845A->f3174d56-9988-40ec-970b-d447ed545dfb@group-47B82E5F6106, cid=3980, SUCCESS, logIndex=6016, commits[f3174d56-9988-40ec-970b-d447ed545dfb:c6017, 3e713ff3-0d17-449f-90fa-609b20cf4c10:c6013, 34290298-343f-405c-af97-b2d19041b010:c6013]
2019-09-11 09:06:54,020 [grpc-default-executor-2] INFO  client.GrpcClientProtocolClient (GrpcClientProtocolClient.java:onNext(264)) - client-B22ED198845A->f3174d56-9988-40ec-970b-d447ed545dfb: receive RaftClientReply:client-B22ED198845A->f3174d56-9988-40ec-970b-d447ed545dfb@group-47B82E5F6106, cid=3981, SUCCESS, logIndex=6017, commits[f3174d56-9988-40ec-970b-d447ed545dfb:c6017, 3e713ff3-0d17-449f-90fa-609b20cf4c10:c6013, 34290298-343f-405c-af97-b2d19041b010:c6013]
2019-09-11 09:06:54,047 [grpc-default-executor-2] INFO  client.GrpcClientProtocolClient (GrpcClientProtocolClient.java:onNext(264)) - client-B22ED198845A->f3174d56-9988-40ec-970b-d447ed545dfb: receive RaftClientReply:client-B22ED198845A->f3174d56-9988-40ec-970b-d447ed545dfb@group-47B82E5F6106, cid=3982, SUCCESS, logIndex=0, commits[f3174d56-9988-40ec-970b-d447ed545dfb:c6019, 3e713ff3-0d17-449f-90fa-609b20cf4c10:c6017, 34290298-343f-405c-af97-b2d19041b010:c6017]
2019-09-11 09:06:54,094 [grpc-default-executor-0] INFO  client.GrpcClientProtocolClient (GrpcClientProtocolClient.java:onNext(264)) - client-B22ED198845A->f3174d56-9988-40ec-970b-d447ed545dfb: receive RaftClientReply:client-B22ED198845A->f3174d56-9988-40ec-970b-d447ed545dfb@group-47B82E5F6106, cid=3983, SUCCESS, logIndex=6020, commits[f3174d56-9988-40ec-970b-d447ed545dfb:c6021, 3e713ff3-0d17-449f-90fa-609b20cf4c10:c6019, 34290298-343f-405c-af97-b2d19041b010:c6017]
2019-09-11 09:06:54,094 [grpc-default-executor-0] INFO  client.GrpcClientProtocolClient (GrpcClientProtocolClient.java:onNext(264)) - client-B22ED198845A->f3174d56-9988-40ec-970b-d447ed545dfb: receive RaftClientReply:client-B22ED198845A->f3174d56-9988-40ec-970b-d447ed545dfb@group-47B82E5F6106, cid=3984, SUCCESS, logIndex=6021, commits[f3174d56-9988-40ec-970b-d447ed545dfb:c6021, 3e713ff3-0d17-449f-90fa-609b20cf4c10:c6019, 34290298-343f-405c-af97-b2d19041b010:c6017]
2019-09-11 09:06:54,095 [grpc-default-executor-0] INFO  client.GrpcClientProtocolClient (GrpcClientProtocolClient.java:onNext(264)) - client-B22ED198845A->f3174d56-9988-40ec-970b-d447ed545dfb: receive RaftClientReply:client-B22ED198845A->f3174d56-9988-40ec-970b-d447ed545dfb@group-47B82E5F6106, cid=3985, SUCCESS, logIndex=6022, commits[f3174d56-9988-40ec-970b-d447ed545dfb:c6023, 3e713ff3-0d17-449f-90fa-609b20cf4c10:c6019, 34290298-343f-405c-af97-b2d19041b010:c6019]
2019-09-11 09:06:54,095 [grpc-default-executor-0] INFO  client.GrpcClientProtocolClient (GrpcClientProtocolClient.java:onNext(264)) - client-B22ED198845A->f3174d56-9988-40ec-970b-d447ed545dfb: receive RaftClientReply:client-B22ED198845A->f3174d56-9988-40ec-970b-d447ed545dfb@group-47B82E5F6106, cid=3986, SUCCESS, logIndex=6023, commits[f3174d56-9988-40ec-970b-d447ed545dfb:c6023, 3e713ff3-0d17-449f-90fa-609b20cf4c10:c6019, 34290298-343f-405c-af97-b2d19041b010:c6019]
2019-09-11 09:06:54,117 [grpc-default-executor-0] INFO  client.GrpcClientProtocolClient (GrpcClientProtocolClient.java:onNext(264)) - client-B22ED198845A->f3174d56-9988-40ec-970b-d447ed545dfb: receive RaftClientReply:client-B22ED198845A->f3174d56-9988-40ec-970b-d447ed545dfb@group-47B82E5F6106, cid=3987, SUCCESS, logIndex=0, commits[f3174d56-9988-40ec-970b-d447ed545dfb:c6024, 3e713ff3-0d17-449f-90fa-609b20cf4c10:c6021, 34290298-343f-405c-af97-b2d19041b010:c6021]
2019-09-11 09:06:54,141 [grpc-default-executor-2] INFO  client.GrpcClientProtocolClient (GrpcClientProtocolClient.java:onNext(264)) - client-B22ED198845A->f3174d56-9988-40ec-970b-d447ed545dfb: receive RaftClientReply:client-B22ED198845A->f3174d56-9988-40ec-970b-d447ed545dfb@group-47B82E5F6106, cid=3988, SUCCESS, logIndex=6027, commits[f3174d56-9988-40ec-970b-d447ed545dfb:c6028, 3e713ff3-0d17-449f-90fa-609b20cf4c10:c6026, 34290298-343f-405c-af97-b2d19041b010:c6026]
2019-09-11 09:06:54,141 [grpc-default-executor-2] INFO  client.GrpcClientProtocolClient (GrpcClientProtocolClient.java:onNext(264)) - client-B22ED198845A->f3174d56-9988-40ec-970b-d447ed545dfb: receive RaftClientReply:client-B22ED198845A->f3174d56-9988-40ec-970b-d447ed545dfb@group-47B82E5F6106, cid=3989, SUCCESS, logIndex=6028, commits[f3174d56-9988-40ec-970b-d447ed545dfb:c6028, 3e713ff3-0d17-449f-90fa-609b20cf4c10:c6026, 34290298-343f-405c-af97-b2d19041b010:c6026]
2019-09-11 09:06:54,163 [grpc-default-executor-2] INFO  client.GrpcClientProtocolClient (GrpcClientProtocolClient.java:onNext(264)) - client-B22ED198845A->f3174d56-9988-40ec-970b-d447ed545dfb: receive RaftClientReply:client-B22ED198845A->f3174d56-9988-40ec-970b-d447ed545dfb@group-47B82E5F6106, cid=3990, SUCCESS, logIndex=6031, commits[f3174d56-9988-40ec-970b-d447ed545dfb:c6032, 3e713ff3-0d17-449f-90fa-609b20cf4c10:c6030, 34290298-343f-405c-af97-b2d19041b010:c6030]
2019-09-11 09:06:54,163 [grpc-default-executor-2] INFO  client.GrpcClientProtocolClient (GrpcClientProtocolClient.java:onNext(264)) - client-B22ED198845A->f3174d56-9988-40ec-970b-d447ed545dfb: receive RaftClientReply:client-B22ED198845A->f3174d56-9988-40ec-970b-d447ed545dfb@group-47B82E5F6106, cid=3991, SUCCESS, logIndex=6032, commits[f3174d56-9988-40ec-970b-d447ed545dfb:c6032, 3e713ff3-0d17-449f-90fa-609b20cf4c10:c6030, 34290298-343f-405c-af97-b2d19041b010:c6030]
2019-09-11 09:06:54,165 [grpc-default-executor-2] INFO  client.GrpcClientProtocolClient (GrpcClientProtocolClient.java:onNext(264)) - client-B22ED198845A->f3174d56-9988-40ec-970b-d447ed545dfb: receive RaftClientReply:client-B22ED198845A->f3174d56-9988-40ec-970b-d447ed545dfb@group-47B82E5F6106, cid=3992, SUCCESS, logIndex=0, commits[f3174d56-9988-40ec-970b-d447ed545dfb:c6033, 3e713ff3-0d17-449f-90fa-609b20cf4c10:c6032, 34290298-343f-405c-af97-b2d19041b010:c6032]
2019-09-11 09:06:54,194 [grpc-default-executor-2] INFO  client.GrpcClientProtocolClient (GrpcClientProtocolClient.java:onNext(264)) - client-B22ED198845A->f3174d56-9988-40ec-970b-d447ed545dfb: receive RaftClientReply:client-B22ED198845A->f3174d56-9988-40ec-970b-d447ed545dfb@group-47B82E5F6106, cid=3993, SUCCESS, logIndex=6035, commits[f3174d56-9988-40ec-970b-d447ed545dfb:c6036, 3e713ff3-0d17-449f-90fa-609b20cf4c10:c6034, 34290298-343f-405c-af97-b2d19041b010:c6034]
2019-09-11 09:06:54,195 [grpc-default-executor-2] INFO  client.GrpcClientProtocolClient (GrpcClientProtocolClient.java:onNext(264)) - client-B22ED198845A->f3174d56-9988-40ec-970b-d447ed545dfb: receive RaftClientReply:client-B22ED198845A->f3174d56-9988-40ec-970b-d447ed545dfb@group-47B82E5F6106, cid=3994, SUCCESS, logIndex=6036, commits[f3174d56-9988-40ec-970b-d447ed545dfb:c6036, 3e713ff3-0d17-449f-90fa-609b20cf4c10:c6034, 34290298-343f-405c-af97-b2d19041b010:c6034]
2019-09-11 09:06:54,390 [grpc-default-executor-2] INFO  client.GrpcClientProtocolClient (GrpcClientProtocolClient.java:onNext(264)) - client-B22ED198845A->f3174d56-9988-40ec-970b-d447ed545dfb: receive RaftClientReply:client-B22ED198845A->f3174d56-9988-40ec-970b-d447ed545dfb@group-47B82E5F6106, cid=3995, SUCCESS, logIndex=6037, commits[f3174d56-9988-40ec-970b-d447ed545dfb:c6038, 3e713ff3-0d17-449f-90fa-609b20cf4c10:c6036, 34290298-343f-405c-af97-b2d19041b010:c6034]
2019-09-11 09:06:54,391 [grpc-default-executor-2] INFO  client.GrpcClientProtocolClient (GrpcClientProtocolClient.java:onNext(264)) - client-B22ED198845A->f3174d56-9988-40ec-970b-d447ed545dfb: receive RaftClientReply:client-B22ED198845A->f3174d56-9988-40ec-970b-d447ed545dfb@group-47B82E5F6106, cid=3996, SUCCESS, logIndex=6038, commits[f3174d56-9988-40ec-970b-d447ed545dfb:c6040, 3e713ff3-0d17-449f-90fa-609b20cf4c10:c6036, 34290298-343f-405c-af97-b2d19041b010:c6035]
2019-09-11 09:06:54,392 [grpc-default-executor-2] INFO  client.GrpcClientProtocolClient (GrpcClientProtocolClient.java:onNext(264)) - client-B22ED198845A->f3174d56-9988-40ec-970b-d447ed545dfb: receive RaftClientReply:client-B22ED198845A->f3174d56-9988-40ec-970b-d447ed545dfb@group-47B82E5F6106, cid=3997, SUCCESS, logIndex=0, commits[f3174d56-9988-40ec-970b-d447ed545dfb:c6040, 3e713ff3-0d17-449f-90fa-609b20cf4c10:c6036, 34290298-343f-405c-af97-b2d19041b010:c6036]
2019-09-11 09:06:54,417 [grpc-default-executor-2] INFO  client.GrpcClientProtocolClient (GrpcClientProtocolClient.java:onNext(264)) - client-B22ED198845A->f3174d56-9988-40ec-970b-d447ed545dfb: receive RaftClientReply:client-B22ED198845A->f3174d56-9988-40ec-970b-d447ed545dfb@group-47B82E5F6106, cid=3998, SUCCESS, logIndex=6043, commits[f3174d56-9988-40ec-970b-d447ed545dfb:c6043, 3e713ff3-0d17-449f-90fa-609b20cf4c10:c6040, 34290298-343f-405c-af97-b2d19041b010:c6038]
2019-09-11 09:06:54,417 [grpc-default-executor-2] INFO  client.GrpcClientProtocolClient (GrpcClientProtocolClient.java:onNext(264)) - client-B22ED198845A->f3174d56-9988-40ec-970b-d447ed545dfb: receive RaftClientReply:client-B22ED198845A->f3174d56-9988-40ec-970b-d447ed545dfb@group-47B82E5F6106, cid=3999, SUCCESS, logIndex=6044, commits[f3174d56-9988-40ec-970b-d447ed545dfb:c6044, 3e713ff3-0d17-449f-90fa-609b20cf4c10:c6040, 34290298-343f-405c-af97-b2d19041b010:c6040]
2019-09-11 09:06:54,444 [grpc-default-executor-4] INFO  client.GrpcClientProtocolClient (GrpcClientProtocolClient.java:onNext(264)) - client-B22ED198845A->f3174d56-9988-40ec-970b-d447ed545dfb: receive RaftClientReply:client-B22ED198845A->f3174d56-9988-40ec-970b-d447ed545dfb@group-47B82E5F6106, cid=4000, SUCCESS, logIndex=6047, commits[f3174d56-9988-40ec-970b-d447ed545dfb:c6048, 3e713ff3-0d17-449f-90fa-609b20cf4c10:c6044, 34290298-343f-405c-af97-b2d19041b010:c6044]
2019-09-11 09:06:54,444 [grpc-default-executor-4] INFO  client.GrpcClientProtocolClient (GrpcClientProtocolClient.java:onNext(264)) - client-B22ED198845A->f3174d56-9988-40ec-970b-d447ed545dfb: receive RaftClientReply:client-B22ED198845A->f3174d56-9988-40ec-970b-d447ed545dfb@group-47B82E5F6106, cid=4001, SUCCESS, logIndex=6048, commits[f3174d56-9988-40ec-970b-d447ed545dfb:c6048, 3e713ff3-0d17-449f-90fa-609b20cf4c10:c6044, 34290298-343f-405c-af97-b2d19041b010:c6044]
2019-09-11 09:06:54,461 [grpc-default-executor-4] INFO  client.GrpcClientProtocolClient (GrpcClientProtocolClient.java:onNext(264)) - client-B22ED198845A->f3174d56-9988-40ec-970b-d447ed545dfb: receive RaftClientReply:client-B22ED198845A->f3174d56-9988-40ec-970b-d447ed545dfb@group-47B82E5F6106, cid=4002, SUCCESS, logIndex=0, commits[f3174d56-9988-40ec-970b-d447ed545dfb:c6049, 3e713ff3-0d17-449f-90fa-609b20cf4c10:c6048, 34290298-343f-405c-af97-b2d19041b010:c6048]
2019-09-11 09:06:54,492 [grpc-default-executor-5] INFO  client.GrpcClientProtocolClient (GrpcClientProtocolClient.java:onNext(264)) - client-B22ED198845A->f3174d56-9988-40ec-970b-d447ed545dfb: receive RaftClientReply:client-B22ED198845A->f3174d56-9988-40ec-970b-d447ed545dfb@group-47B82E5F6106, cid=4003, SUCCESS, logIndex=6051, commits[f3174d56-9988-40ec-970b-d447ed545dfb:c6052, 3e713ff3-0d17-449f-90fa-609b20cf4c10:c6050, 34290298-343f-405c-af97-b2d19041b010:c6050]
2019-09-11 09:06:54,493 [grpc-default-executor-5] INFO  client.GrpcClientProtocolClient (GrpcClientProtocolClient.java:onNext(264)) - client-B22ED198845A->f3174d56-9988-40ec-970b-d447ed545dfb: receive RaftClientReply:client-B22ED198845A->f3174d56-9988-40ec-970b-d447ed545dfb@group-47B82E5F6106, cid=4004, SUCCESS, logIndex=6052, commits[f3174d56-9988-40ec-970b-d447ed545dfb:c6054, 3e713ff3-0d17-449f-90fa-609b20cf4c10:c6050, 34290298-343f-405c-af97-b2d19041b010:c6050]
2019-09-11 09:06:54,493 [grpc-default-executor-5] INFO  client.GrpcClientProtocolClient (GrpcClientProtocolClient.java:onNext(264)) - client-B22ED198845A->f3174d56-9988-40ec-970b-d447ed545dfb: receive RaftClientReply:client-B22ED198845A->f3174d56-9988-40ec-970b-d447ed545dfb@group-47B82E5F6106, cid=4005, SUCCESS, logIndex=6053, commits[f3174d56-9988-40ec-970b-d447ed545dfb:c6054, 3e713ff3-0d17-449f-90fa-609b20cf4c10:c6050, 34290298-343f-405c-af97-b2d19041b010:c6050]
2019-09-11 09:06:54,493 [grpc-default-executor-5] INFO  client.GrpcClientProtocolClient (GrpcClientProtocolClient.java:onNext(264)) - client-B22ED198845A->f3174d56-9988-40ec-970b-d447ed545dfb: receive RaftClientReply:client-B22ED198845A->f3174d56-9988-40ec-970b-d447ed545dfb@group-47B82E5F6106, cid=4006, SUCCESS, logIndex=6054, commits[f3174d56-9988-40ec-970b-d447ed545dfb:c6054, 3e713ff3-0d17-449f-90fa-609b20cf4c10:c6050, 34290298-343f-405c-af97-b2d19041b010:c6050]
2019-09-11 09:06:54,508 [grpc-default-executor-4] INFO  client.GrpcClientProtocolClient (GrpcClientProtocolClient.java:onNext(264)) - client-B22ED198845A->f3174d56-9988-40ec-970b-d447ed545dfb: receive RaftClientReply:client-B22ED198845A->f3174d56-9988-40ec-970b-d447ed545dfb@group-47B82E5F6106, cid=4007, SUCCESS, logIndex=0, commits[f3174d56-9988-40ec-970b-d447ed545dfb:c6056, 3e713ff3-0d17-449f-90fa-609b20cf4c10:c6052, 34290298-343f-405c-af97-b2d19041b010:c6053]
2019-09-11 09:06:54,535 [grpc-default-executor-5] INFO  client.GrpcClientProtocolClient (GrpcClientProtocolClient.java:onNext(264)) - client-B22ED198845A->f3174d56-9988-40ec-970b-d447ed545dfb: receive RaftClientReply:client-B22ED198845A->f3174d56-9988-40ec-970b-d447ed545dfb@group-47B82E5F6106, cid=4008, SUCCESS, logIndex=6059, commits[f3174d56-9988-40ec-970b-d447ed545dfb:c6060, 3e713ff3-0d17-449f-90fa-609b20cf4c10:c6054, 34290298-343f-405c-af97-b2d19041b010:c6056]
2019-09-11 09:06:54,535 [grpc-default-executor-5] INFO  client.GrpcClientProtocolClient (GrpcClientProtocolClient.java:onNext(264)) - client-B22ED198845A->f3174d56-9988-40ec-970b-d447ed545dfb: receive RaftClientReply:client-B22ED198845A->f3174d56-9988-40ec-970b-d447ed545dfb@group-47B82E5F6106, cid=4009, SUCCESS, logIndex=6060, commits[f3174d56-9988-40ec-970b-d447ed545dfb:c6061, 3e713ff3-0d17-449f-90fa-609b20cf4c10:c6054, 34290298-343f-405c-af97-b2d19041b010:c6060]
2019-09-11 09:06:54,558 [grpc-default-executor-4] INFO  client.GrpcClientProtocolClient (GrpcClientProtocolClient.java:onNext(264)) - client-B22ED198845A->f3174d56-9988-40ec-970b-d447ed545dfb: receive RaftClientReply:client-B22ED198845A->f3174d56-9988-40ec-970b-d447ed545dfb@group-47B82E5F6106, cid=4010, SUCCESS, logIndex=6062, commits[f3174d56-9988-40ec-970b-d447ed545dfb:c6062, 3e713ff3-0d17-449f-90fa-609b20cf4c10:c6060, 34290298-343f-405c-af97-b2d19041b010:c6061]
2019-09-11 09:06:54,559 [grpc-default-executor-4] INFO  client.GrpcClientProtocolClient (GrpcClientProtocolClient.java:onNext(264)) - client-B22ED198845A->f3174d56-9988-40ec-970b-d447ed545dfb: receive RaftClientReply:client-B22ED198845A->f3174d56-9988-40ec-970b-d447ed545dfb@group-47B82E5F6106, cid=4011, SUCCESS, logIndex=6063, commits[f3174d56-9988-40ec-970b-d447ed545dfb:c6063, 3e713ff3-0d17-449f-90fa-609b20cf4c10:c6060, 34290298-343f-405c-af97-b2d19041b010:c6061]
2019-09-11 09:06:54,576 [grpc-default-executor-4] INFO  client.GrpcClientProtocolClient (GrpcClientProtocolClient.java:onNext(264)) - client-B22ED198845A->f3174d56-9988-40ec-970b-d447ed545dfb: receive RaftClientReply:client-B22ED198845A->f3174d56-9988-40ec-970b-d447ed545dfb@group-47B82E5F6106, cid=4012, SUCCESS, logIndex=0, commits[f3174d56-9988-40ec-970b-d447ed545dfb:c6065, 3e713ff3-0d17-449f-90fa-609b20cf4c10:c6063, 34290298-343f-405c-af97-b2d19041b010:c6063]
2019-09-11 09:06:54,607 [grpc-default-executor-2] INFO  client.GrpcClientProtocolClient (GrpcClientProtocolClient.java:onNext(264)) - client-B22ED198845A->f3174d56-9988-40ec-970b-d447ed545dfb: receive RaftClientReply:client-B22ED198845A->f3174d56-9988-40ec-970b-d447ed545dfb@group-47B82E5F6106, cid=4013, SUCCESS, logIndex=6066, commits[f3174d56-9988-40ec-970b-d447ed545dfb:c6067, 3e713ff3-0d17-449f-90fa-609b20cf4c10:c6065, 34290298-343f-405c-af97-b2d19041b010:c6065]
2019-09-11 09:06:54,607 [grpc-default-executor-2] INFO  client.GrpcClientProtocolClient (GrpcClientProtocolClient.java:onNext(264)) - client-B22ED198845A->f3174d56-9988-40ec-970b-d447ed545dfb: receive RaftClientReply:client-B22ED198845A->f3174d56-9988-40ec-970b-d447ed545dfb@group-47B82E5F6106, cid=4014, SUCCESS, logIndex=6067, commits[f3174d56-9988-40ec-970b-d447ed545dfb:c6067, 3e713ff3-0d17-449f-90fa-609b20cf4c10:c6065, 34290298-343f-405c-af97-b2d19041b010:c6065]
 0.00% |█                                                                                                    |  0/1 Time: 0:00:342019-09-11 09:06:54,616 [grpc-default-executor-4] INFO  client.GrpcClientProtocolClient (GrpcClientProtocolClient.java:onNext(264)) - client-B22ED198845A->f3174d56-9988-40ec-970b-d447ed545dfb: receive RaftClientReply:client-B22ED198845A->f3174d56-9988-40ec-970b-d447ed545dfb@group-47B82E5F6106, cid=4015, SUCCESS, logIndex=6068, commits[f3174d56-9988-40ec-970b-d447ed545dfb:c6069, 3e713ff3-0d17-449f-90fa-609b20cf4c10:c6065, 34290298-343f-405c-af97-b2d19041b010:c6065]
2019-09-11 09:06:54,617 [grpc-default-executor-4] INFO  client.GrpcClientProtocolClient (GrpcClientProtocolClient.java:onNext(264)) - client-B22ED198845A->f3174d56-9988-40ec-970b-d447ed545dfb: receive RaftClientReply:client-B22ED198845A->f3174d56-9988-40ec-970b-d447ed545dfb@group-47B82E5F6106, cid=4016, SUCCESS, logIndex=6069, commits[f3174d56-9988-40ec-970b-d447ed545dfb:c6069, 3e713ff3-0d17-449f-90fa-609b20cf4c10:c6065, 34290298-343f-405c-af97-b2d19041b010:c6065]
2019-09-11 09:06:54,623 [grpc-default-executor-4] INFO  client.GrpcClientProtocolClient (GrpcClientProtocolClient.java:onNext(264)) - client-B22ED198845A->f3174d56-9988-40ec-970b-d447ed545dfb: receive RaftClientReply:client-B22ED198845A->f3174d56-9988-40ec-970b-d447ed545dfb@group-47B82E5F6106, cid=4017, SUCCESS, logIndex=0, commits[f3174d56-9988-40ec-970b-d447ed545dfb:c6071, 3e713ff3-0d17-449f-90fa-609b20cf4c10:c6067, 34290298-343f-405c-af97-b2d19041b010:c6069]
2019-09-11 09:06:54,895 [grpc-default-executor-4] INFO  client.GrpcClientProtocolClient (GrpcClientProtocolClient.java:onNext(264)) - client-B22ED198845A->f3174d56-9988-40ec-970b-d447ed545dfb: receive RaftClientReply:client-B22ED198845A->f3174d56-9988-40ec-970b-d447ed545dfb@group-47B82E5F6106, cid=4018, SUCCESS, logIndex=6073, commits[f3174d56-9988-40ec-970b-d447ed545dfb:c6074, 3e713ff3-0d17-449f-90fa-609b20cf4c10:c6072, 34290298-343f-405c-af97-b2d19041b010:c6069]
2019-09-11 09:06:54,896 [grpc-default-executor-4] INFO  client.GrpcClientProtocolClient (GrpcClientProtocolClient.java:onNext(264)) - client-B22ED198845A->f3174d56-9988-40ec-970b-d447ed545dfb: receive RaftClientReply:client-B22ED198845A->f3174d56-9988-40ec-970b-d447ed545dfb@group-47B82E5F6106, cid=4019, SUCCESS, logIndex=6074, commits[f3174d56-9988-40ec-970b-d447ed545dfb:c6074, 3e713ff3-0d17-449f-90fa-609b20cf4c10:c6072, 34290298-343f-405c-af97-b2d19041b010:c6072]
2019-09-11 09:06:54,929 [grpc-default-executor-0] INFO  client.GrpcClientProtocolClient (GrpcClientProtocolClient.java:onNext(264)) - client-B22ED198845A->f3174d56-9988-40ec-970b-d447ed545dfb: receive RaftClientReply:client-B22ED198845A->f3174d56-9988-40ec-970b-d447ed545dfb@group-47B82E5F6106, cid=4020, SUCCESS, logIndex=6077, commits[f3174d56-9988-40ec-970b-d447ed545dfb:c6078, 3e713ff3-0d17-449f-90fa-609b20cf4c10:c6075, 34290298-343f-405c-af97-b2d19041b010:c6075]
2019-09-11 09:06:54,929 [grpc-default-executor-0] INFO  client.GrpcClientProtocolClient (GrpcClientProtocolClient.java:onNext(264)) - client-B22ED198845A->f3174d56-9988-40ec-970b-d447ed545dfb: receive RaftClientReply:client-B22ED198845A->f3174d56-9988-40ec-970b-d447ed545dfb@group-47B82E5F6106, cid=4021, SUCCESS, logIndex=6078, commits[f3174d56-9988-40ec-970b-d447ed545dfb:c6078, 3e713ff3-0d17-449f-90fa-609b20cf4c10:c6075, 34290298-343f-405c-af97-b2d19041b010:c6075]
2019-09-11 09:06:54,953 [grpc-default-executor-0] INFO  client.GrpcClientProtocolClient (GrpcClientProtocolClient.java:onNext(264)) - client-B22ED198845A->f3174d56-9988-40ec-970b-d447ed545dfb: receive RaftClientReply:client-B22ED198845A->f3174d56-9988-40ec-970b-d447ed545dfb@group-47B82E5F6106, cid=4022, SUCCESS, logIndex=0, commits[f3174d56-9988-40ec-970b-d447ed545dfb:c6079, 3e713ff3-0d17-449f-90fa-609b20cf4c10:c6078, 34290298-343f-405c-af97-b2d19041b010:c6078]
2019-09-11 09:06:54,981 [grpc-default-executor-0] INFO  client.GrpcClientProtocolClient (GrpcClientProtocolClient.java:onNext(264)) - client-B22ED198845A->f3174d56-9988-40ec-970b-d447ed545dfb: receive RaftClientReply:client-B22ED198845A->f3174d56-9988-40ec-970b-d447ed545dfb@group-47B82E5F6106, cid=4023, SUCCESS, logIndex=6081, commits[f3174d56-9988-40ec-970b-d447ed545dfb:c6082, 3e713ff3-0d17-449f-90fa-609b20cf4c10:c6080, 34290298-343f-405c-af97-b2d19041b010:c6080]
2019-09-11 09:06:54,982 [grpc-default-executor-0] INFO  client.GrpcClientProtocolClient (GrpcClientProtocolClient.java:onNext(264)) - client-B22ED198845A->f3174d56-9988-40ec-970b-d447ed545dfb: receive RaftClientReply:client-B22ED198845A->f3174d56-9988-40ec-970b-d447ed545dfb@group-47B82E5F6106, cid=4024, SUCCESS, logIndex=6082, commits[f3174d56-9988-40ec-970b-d447ed545dfb:c6084, 3e713ff3-0d17-449f-90fa-609b20cf4c10:c6080, 34290298-343f-405c-af97-b2d19041b010:c6080]
2019-09-11 09:06:54,982 [grpc-default-executor-0] INFO  client.GrpcClientProtocolClient (GrpcClientProtocolClient.java:onNext(264)) - client-B22ED198845A->f3174d56-9988-40ec-970b-d447ed545dfb: receive RaftClientReply:client-B22ED198845A->f3174d56-9988-40ec-970b-d447ed545dfb@group-47B82E5F6106, cid=4025, SUCCESS, logIndex=6083, commits[f3174d56-9988-40ec-970b-d447ed545dfb:c6084, 3e713ff3-0d17-449f-90fa-609b20cf4c10:c6080, 34290298-343f-405c-af97-b2d19041b010:c6080]
2019-09-11 09:06:54,982 [grpc-default-executor-0] INFO  client.GrpcClientProtocolClient (GrpcClientProtocolClient.java:onNext(264)) - client-B22ED198845A->f3174d56-9988-40ec-970b-d447ed545dfb: receive RaftClientReply:client-B22ED198845A->f3174d56-9988-40ec-970b-d447ed545dfb@group-47B82E5F6106, cid=4026, SUCCESS, logIndex=6084, commits[f3174d56-9988-40ec-970b-d447ed545dfb:c6084, 3e713ff3-0d17-449f-90fa-609b20cf4c10:c6080, 34290298-343f-405c-af97-b2d19041b010:c6080]
2019-09-11 09:06:54,993 [grpc-default-executor-2] INFO  client.GrpcClientProtocolClient (GrpcClientProtocolClient.java:onNext(264)) - client-B22ED198845A->f3174d56-9988-40ec-970b-d447ed545dfb: receive RaftClientReply:client-B22ED198845A->f3174d56-9988-40ec-970b-d447ed545dfb@group-47B82E5F6106, cid=4027, SUCCESS, logIndex=0, commits[f3174d56-9988-40ec-970b-d447ed545dfb:c6087, 3e713ff3-0d17-449f-90fa-609b20cf4c10:c6082, 34290298-343f-405c-af97-b2d19041b010:c6084]
2019-09-11 09:06:55,013 [grpc-default-executor-2] INFO  client.GrpcClientProtocolClient (GrpcClientProtocolClient.java:onNext(264)) - client-B22ED198845A->f3174d56-9988-40ec-970b-d447ed545dfb: receive RaftClientReply:client-B22ED198845A->f3174d56-9988-40ec-970b-d447ed545dfb@group-47B82E5F6106, cid=4028, SUCCESS, logIndex=6088, commits[f3174d56-9988-40ec-970b-d447ed545dfb:c6089, 3e713ff3-0d17-449f-90fa-609b20cf4c10:c6087, 34290298-343f-405c-af97-b2d19041b010:c6087]
2019-09-11 09:06:55,013 [grpc-default-executor-2] INFO  client.GrpcClientProtocolClient (GrpcClientProtocolClient.java:onNext(264)) - client-B22ED198845A->f3174d56-9988-40ec-970b-d447ed545dfb: receive RaftClientReply:client-B22ED198845A->f3174d56-9988-40ec-970b-d447ed545dfb@group-47B82E5F6106, cid=4029, SUCCESS, logIndex=6089, commits[f3174d56-9988-40ec-970b-d447ed545dfb:c6089, 3e713ff3-0d17-449f-90fa-609b20cf4c10:c6087, 34290298-343f-405c-af97-b2d19041b010:c6087]
2019-09-11 09:06:55,284 [grpc-default-executor-2] INFO  client.GrpcClientProtocolClient (GrpcClientProtocolClient.java:onNext(264)) - client-B22ED198845A->f3174d56-9988-40ec-970b-d447ed545dfb: receive RaftClientReply:client-B22ED198845A->f3174d56-9988-40ec-970b-d447ed545dfb@group-47B82E5F6106, cid=4030, SUCCESS, logIndex=6091, commits[f3174d56-9988-40ec-970b-d447ed545dfb:c6092, 3e713ff3-0d17-449f-90fa-609b20cf4c10:c6089, 34290298-343f-405c-af97-b2d19041b010:c6089]
2019-09-11 09:06:55,284 [grpc-default-executor-2] INFO  client.GrpcClientProtocolClient (GrpcClientProtocolClient.java:onNext(264)) - client-B22ED198845A->f3174d56-9988-40ec-970b-d447ed545dfb: receive RaftClientReply:client-B22ED198845A->f3174d56-9988-40ec-970b-d447ed545dfb@group-47B82E5F6106, cid=4031, SUCCESS, logIndex=6092, commits[f3174d56-9988-40ec-970b-d447ed545dfb:c6092, 3e713ff3-0d17-449f-90fa-609b20cf4c10:c6089, 34290298-343f-405c-af97-b2d19041b010:c6089]
2019-09-11 09:06:55,297 [grpc-default-executor-2] INFO  client.GrpcClientProtocolClient (GrpcClientProtocolClient.java:onNext(264)) - client-B22ED198845A->f3174d56-9988-40ec-970b-d447ed545dfb: receive RaftClientReply:client-B22ED198845A->f3174d56-9988-40ec-970b-d447ed545dfb@group-47B82E5F6106, cid=4032, SUCCESS, logIndex=0, commits[f3174d56-9988-40ec-970b-d447ed545dfb:c6093, 3e713ff3-0d17-449f-90fa-609b20cf4c10:c6092, 34290298-343f-405c-af97-b2d19041b010:c6092]
2019-09-11 09:06:55,342 [grpc-default-executor-4] INFO  client.GrpcClientProtocolClient (GrpcClientProtocolClient.java:onNext(264)) - client-B22ED198845A->f3174d56-9988-40ec-970b-d447ed545dfb: receive RaftClientReply:client-B22ED198845A->f3174d56-9988-40ec-970b-d447ed545dfb@group-47B82E5F6106, cid=4033, SUCCESS, logIndex=6095, commits[f3174d56-9988-40ec-970b-d447ed545dfb:c6095, 3e713ff3-0d17-449f-90fa-609b20cf4c10:c6094, 34290298-343f-405c-af97-b2d19041b010:c6094]
2019-09-11 09:06:55,343 [grpc-default-executor-4] INFO  client.GrpcClientProtocolClient (GrpcClientProtocolClient.java:onNext(264)) - client-B22ED198845A->f3174d56-9988-40ec-970b-d447ed545dfb: receive RaftClientReply:client-B22ED198845A->f3174d56-9988-40ec-970b-d447ed545dfb@group-47B82E5F6106, cid=4034, SUCCESS, logIndex=6096, commits[f3174d56-9988-40ec-970b-d447ed545dfb:c6096, 3e713ff3-0d17-449f-90fa-609b20cf4c10:c6094, 34290298-343f-405c-af97-b2d19041b010:c6094]
2019-09-11 09:06:55,352 [grpc-default-executor-4] INFO  client.GrpcClientProtocolClient (GrpcClientProtocolClient.java:onNext(264)) - client-B22ED198845A->f3174d56-9988-40ec-970b-d447ed545dfb: receive RaftClientReply:client-B22ED198845A->f3174d56-9988-40ec-970b-d447ed545dfb@group-47B82E5F6106, cid=4035, SUCCESS, logIndex=6097, commits[f3174d56-9988-40ec-970b-d447ed545dfb:c6098, 3e713ff3-0d17-449f-90fa-609b20cf4c10:c6094, 34290298-343f-405c-af97-b2d19041b010:c6094]
2019-09-11 09:06:55,352 [grpc-default-executor-4] INFO  client.GrpcClientProtocolClient (GrpcClientProtocolClient.java:onNext(264)) - client-B22ED198845A->f3174d56-9988-40ec-970b-d447ed545dfb: receive RaftClientReply:client-B22ED198845A->f3174d56-9988-40ec-970b-d447ed545dfb@group-47B82E5F6106, cid=4036, SUCCESS, logIndex=6098, commits[f3174d56-9988-40ec-970b-d447ed545dfb:c6098, 3e713ff3-0d17-449f-90fa-609b20cf4c10:c6094, 34290298-343f-405c-af97-b2d19041b010:c6094]
2019-09-11 09:06:55,367 [grpc-default-executor-0] INFO  client.GrpcClientProtocolClient (GrpcClientProtocolClient.java:onNext(264)) - client-B22ED198845A->f3174d56-9988-40ec-970b-d447ed545dfb: receive RaftClientReply:client-B22ED198845A->f3174d56-9988-40ec-970b-d447ed545dfb@group-47B82E5F6106, cid=4037, SUCCESS, logIndex=0, commits[f3174d56-9988-40ec-970b-d447ed545dfb:c6101, 3e713ff3-0d17-449f-90fa-609b20cf4c10:c6096, 34290298-343f-405c-af97-b2d19041b010:c6096]
2019-09-11 09:06:55,391 [grpc-default-executor-4] INFO  client.GrpcClientProtocolClient (GrpcClientProtocolClient.java:onNext(264)) - client-B22ED198845A->f3174d56-9988-40ec-970b-d447ed545dfb: receive RaftClientReply:client-B22ED198845A->f3174d56-9988-40ec-970b-d447ed545dfb@group-47B82E5F6106, cid=4038, SUCCESS, logIndex=6102, commits[f3174d56-9988-40ec-970b-d447ed545dfb:c6103, 3e713ff3-0d17-449f-90fa-609b20cf4c10:c6101, 34290298-343f-405c-af97-b2d19041b010:c6101]
2019-09-11 09:06:55,391 [grpc-default-executor-4] INFO  client.GrpcClientProtocolClient (GrpcClientProtocolClient.java:onNext(264)) - client-B22ED198845A->f3174d56-9988-40ec-970b-d447ed545dfb: receive RaftClientReply:client-B22ED198845A->f3174d56-9988-40ec-970b-d447ed545dfb@group-47B82E5F6106, cid=4039, SUCCESS, logIndex=6103, commits[f3174d56-9988-40ec-970b-d447ed545dfb:c6103, 3e713ff3-0d17-449f-90fa-609b20cf4c10:c6101, 34290298-343f-405c-af97-b2d19041b010:c6101]
2019-09-11 09:06:55,413 [grpc-default-executor-4] INFO  client.GrpcClientProtocolClient (GrpcClientProtocolClient.java:onNext(264)) - client-B22ED198845A->f3174d56-9988-40ec-970b-d447ed545dfb: receive RaftClientReply:client-B22ED198845A->f3174d56-9988-40ec-970b-d447ed545dfb@group-47B82E5F6106, cid=4040, SUCCESS, logIndex=6106, commits[f3174d56-9988-40ec-970b-d447ed545dfb:c6107, 3e713ff3-0d17-449f-90fa-609b20cf4c10:c6103, 34290298-343f-405c-af97-b2d19041b010:c6103]
2019-09-11 09:06:55,414 [grpc-default-executor-4] INFO  client.GrpcClientProtocolClient (GrpcClientProtocolClient.java:onNext(264)) - client-B22ED198845A->f3174d56-9988-40ec-970b-d447ed545dfb: receive RaftClientReply:client-B22ED198845A->f3174d56-9988-40ec-970b-d447ed545dfb@group-47B82E5F6106, cid=4041, SUCCESS, logIndex=6107, commits[f3174d56-9988-40ec-970b-d447ed545dfb:c6107, 3e713ff3-0d17-449f-90fa-609b20cf4c10:c6103, 34290298-343f-405c-af97-b2d19041b010:c6103]
2019-09-11 09:06:55,417 [grpc-default-executor-4] INFO  client.GrpcClientProtocolClient (GrpcClientProtocolClient.java:onNext(264)) - client-B22ED198845A->f3174d56-9988-40ec-970b-d447ed545dfb: receive RaftClientReply:client-B22ED198845A->f3174d56-9988-40ec-970b-d447ed545dfb@group-47B82E5F6106, cid=4042, SUCCESS, logIndex=0, commits[f3174d56-9988-40ec-970b-d447ed545dfb:c6108, 3e713ff3-0d17-449f-90fa-609b20cf4c10:c6107, 34290298-343f-405c-af97-b2d19041b010:c6107]
2019-09-11 09:06:55,445 [grpc-default-executor-2] INFO  client.GrpcClientProtocolClient (GrpcClientProtocolClient.java:onNext(264)) - client-B22ED198845A->f3174d56-9988-40ec-970b-d447ed545dfb: receive RaftClientReply:client-B22ED198845A->f3174d56-9988-40ec-970b-d447ed545dfb@group-47B82E5F6106, cid=4043, SUCCESS, logIndex=6110, commits[f3174d56-9988-40ec-970b-d447ed545dfb:c6113, 3e713ff3-0d17-449f-90fa-609b20cf4c10:c6109, 34290298-343f-405c-af97-b2d19041b010:c6109]
2019-09-11 09:06:55,446 [grpc-default-executor-2] INFO  client.GrpcClientProtocolClient (GrpcClientProtocolClient.java:onNext(264)) - client-B22ED198845A->f3174d56-9988-40ec-970b-d447ed545dfb: receive RaftClientReply:client-B22ED198845A->f3174d56-9988-40ec-970b-d447ed545dfb@group-47B82E5F6106, cid=4044, SUCCESS, logIndex=6111, commits[f3174d56-9988-40ec-970b-d447ed545dfb:c6113, 3e713ff3-0d17-449f-90fa-609b20cf4c10:c6109, 34290298-343f-405c-af97-b2d19041b010:c6109]
2019-09-11 09:06:55,446 [grpc-default-executor-2] INFO  client.GrpcClientProtocolClient (GrpcClientProtocolClient.java:onNext(264)) - client-B22ED198845A->f3174d56-9988-40ec-970b-d447ed545dfb: receive RaftClientReply:client-B22ED198845A->f3174d56-9988-40ec-970b-d447ed545dfb@group-47B82E5F6106, cid=4045, SUCCESS, logIndex=6112, commits[f3174d56-9988-40ec-970b-d447ed545dfb:c6113, 3e713ff3-0d17-449f-90fa-609b20cf4c10:c6109, 34290298-343f-405c-af97-b2d19041b010:c6109]
2019-09-11 09:06:55,446 [grpc-default-executor-2] INFO  client.GrpcClientProtocolClient (GrpcClientProtocolClient.java:onNext(264)) - client-B22ED198845A->f3174d56-9988-40ec-970b-d447ed545dfb: receive RaftClientReply:client-B22ED198845A->f3174d56-9988-40ec-970b-d447ed545dfb@group-47B82E5F6106, cid=4046, SUCCESS, logIndex=6113, commits[f3174d56-9988-40ec-970b-d447ed545dfb:c6113, 3e713ff3-0d17-449f-90fa-609b20cf4c10:c6109, 34290298-343f-405c-af97-b2d19041b010:c6109]
2019-09-11 09:06:55,451 [grpc-default-executor-4] INFO  client.GrpcClientProtocolClient (GrpcClientProtocolClient.java:onNext(264)) - client-B22ED198845A->f3174d56-9988-40ec-970b-d447ed545dfb: receive RaftClientReply:client-B22ED198845A->f3174d56-9988-40ec-970b-d447ed545dfb@group-47B82E5F6106, cid=4047, SUCCESS, logIndex=0, commits[f3174d56-9988-40ec-970b-d447ed545dfb:c6115, 3e713ff3-0d17-449f-90fa-609b20cf4c10:c6113, 34290298-343f-405c-af97-b2d19041b010:c6113]
2019-09-11 09:06:55,462 [grpc-default-executor-4] INFO  client.GrpcClientProtocolClient (GrpcClientProtocolClient.java:onNext(264)) - client-B22ED198845A->f3174d56-9988-40ec-970b-d447ed545dfb: receive RaftClientReply:client-B22ED198845A->f3174d56-9988-40ec-970b-d447ed545dfb@group-47B82E5F6106, cid=4048, SUCCESS, logIndex=6117, commits[f3174d56-9988-40ec-970b-d447ed545dfb:c6118, 3e713ff3-0d17-449f-90fa-609b20cf4c10:c6116, 34290298-343f-405c-af97-b2d19041b010:c6113]
2019-09-11 09:06:55,462 [grpc-default-executor-4] INFO  client.GrpcClientProtocolClient (GrpcClientProtocolClient.java:onNext(264)) - client-B22ED198845A->f3174d56-9988-40ec-970b-d447ed545dfb: receive RaftClientReply:client-B22ED198845A->f3174d56-9988-40ec-970b-d447ed545dfb@group-47B82E5F6106, cid=4049, SUCCESS, logIndex=6118, commits[f3174d56-9988-40ec-970b-d447ed545dfb:c6118, 3e713ff3-0d17-449f-90fa-609b20cf4c10:c6116, 34290298-343f-405c-af97-b2d19041b010:c6116]
2019-09-11 09:06:55,471 [grpc-default-executor-2] INFO  client.GrpcClientProtocolClient (GrpcClientProtocolClient.java:onNext(264)) - client-B22ED198845A->f3174d56-9988-40ec-970b-d447ed545dfb: receive RaftClientReply:client-B22ED198845A->f3174d56-9988-40ec-970b-d447ed545dfb@group-47B82E5F6106, cid=4050, SUCCESS, logIndex=6121, commits[f3174d56-9988-40ec-970b-d447ed545dfb:c6122, 3e713ff3-0d17-449f-90fa-609b20cf4c10:c6120, 34290298-343f-405c-af97-b2d19041b010:c6118]
2019-09-11 09:06:55,472 [grpc-default-executor-2] INFO  client.GrpcClientProtocolClient (GrpcClientProtocolClient.java:onNext(264)) - client-B22ED198845A->f3174d56-9988-40ec-970b-d447ed545dfb: receive RaftClientReply:client-B22ED198845A->f3174d56-9988-40ec-970b-d447ed545dfb@group-47B82E5F6106, cid=4051, SUCCESS, logIndex=6122, commits[f3174d56-9988-40ec-970b-d447ed545dfb:c6122, 3e713ff3-0d17-449f-90fa-609b20cf4c10:c6120, 34290298-343f-405c-af97-b2d19041b010:c6120]
2019-09-11 09:06:55,474 [grpc-default-executor-2] INFO  client.GrpcClientProtocolClient (GrpcClientProtocolClient.java:onNext(264)) - client-B22ED198845A->f3174d56-9988-40ec-970b-d447ed545dfb: receive RaftClientReply:client-B22ED198845A->f3174d56-9988-40ec-970b-d447ed545dfb@group-47B82E5F6106, cid=4052, SUCCESS, logIndex=0, commits[f3174d56-9988-40ec-970b-d447ed545dfb:c6123, 3e713ff3-0d17-449f-90fa-609b20cf4c10:c6122, 34290298-343f-405c-af97-b2d19041b010:c6122]
2019-09-11 09:06:55,505 [grpc-default-executor-0] INFO  client.GrpcClientProtocolClient (GrpcClientProtocolClient.java:onNext(264)) - client-B22ED198845A->f3174d56-9988-40ec-970b-d447ed545dfb: receive RaftClientReply:client-B22ED198845A->f3174d56-9988-40ec-970b-d447ed545dfb@group-47B82E5F6106, cid=4053, SUCCESS, logIndex=6125, commits[f3174d56-9988-40ec-970b-d447ed545dfb:c6126, 3e713ff3-0d17-449f-90fa-609b20cf4c10:c6124, 34290298-343f-405c-af97-b2d19041b010:c6124]
2019-09-11 09:06:55,505 [grpc-default-executor-0] INFO  client.GrpcClientProtocolClient (GrpcClientProtocolClient.java:onNext(264)) - client-B22ED198845A->f3174d56-9988-40ec-970b-d447ed545dfb: receive RaftClientReply:client-B22ED198845A->f3174d56-9988-40ec-970b-d447ed545dfb@group-47B82E5F6106, cid=4054, SUCCESS, logIndex=6126, commits[f3174d56-9988-40ec-970b-d447ed545dfb:c6128, 3e713ff3-0d17-449f-90fa-609b20cf4c10:c6124, 34290298-343f-405c-af97-b2d19041b010:c6124]
2019-09-11 09:06:55,506 [grpc-default-executor-0] INFO  client.GrpcClientProtocolClient (GrpcClientProtocolClient.java:onNext(264)) - client-B22ED198845A->f3174d56-9988-40ec-970b-d447ed545dfb: receive RaftClientReply:client-B22ED198845A->f3174d56-9988-40ec-970b-d447ed545dfb@group-47B82E5F6106, cid=4055, SUCCESS, logIndex=6127, commits[f3174d56-9988-40ec-970b-d447ed545dfb:c6128, 3e713ff3-0d17-449f-90fa-609b20cf4c10:c6124, 34290298-343f-405c-af97-b2d19041b010:c6124]
2019-09-11 09:06:55,506 [grpc-default-executor-0] INFO  client.GrpcClientProtocolClient (GrpcClientProtocolClient.java:onNext(264)) - client-B22ED198845A->f3174d56-9988-40ec-970b-d447ed545dfb: receive RaftClientReply:client-B22ED198845A->f3174d56-9988-40ec-970b-d447ed545dfb@group-47B82E5F6106, cid=4056, SUCCESS, logIndex=6128, commits[f3174d56-9988-40ec-970b-d447ed545dfb:c6128, 3e713ff3-0d17-449f-90fa-609b20cf4c10:c6124, 34290298-343f-405c-af97-b2d19041b010:c6124]
2019-09-11 09:06:55,524 [grpc-default-executor-0] INFO  client.GrpcClientProtocolClient (GrpcClientProtocolClient.java:onNext(264)) - client-B22ED198845A->f3174d56-9988-40ec-970b-d447ed545dfb: receive RaftClientReply:client-B22ED198845A->f3174d56-9988-40ec-970b-d447ed545dfb@group-47B82E5F6106, cid=4057, SUCCESS, logIndex=0, commits[f3174d56-9988-40ec-970b-d447ed545dfb:c6131, 3e713ff3-0d17-449f-90fa-609b20cf4c10:c6126, 34290298-343f-405c-af97-b2d19041b010:c6128]
2019-09-11 09:06:55,533 [grpc-default-executor-0] INFO  client.GrpcClientProtocolClient (GrpcClientProtocolClient.java:onNext(264)) - client-B22ED198845A->f3174d56-9988-40ec-970b-d447ed545dfb: receive RaftClientReply:client-B22ED198845A->f3174d56-9988-40ec-970b-d447ed545dfb@group-47B82E5F6106, cid=4058, SUCCESS, logIndex=6133, commits[f3174d56-9988-40ec-970b-d447ed545dfb:c6134, 3e713ff3-0d17-449f-90fa-609b20cf4c10:c6132, 34290298-343f-405c-af97-b2d19041b010:c6132]
2019-09-11 09:06:55,533 [grpc-default-executor-0] INFO  client.GrpcClientProtocolClient (GrpcClientProtocolClient.java:onNext(264)) - client-B22ED198845A->f3174d56-9988-40ec-970b-d447ed545dfb: receive RaftClientReply:client-B22ED198845A->f3174d56-9988-40ec-970b-d447ed545dfb@group-47B82E5F6106, cid=4059, SUCCESS, logIndex=6134, commits[f3174d56-9988-40ec-970b-d447ed545dfb:c6134, 3e713ff3-0d17-449f-90fa-609b20cf4c10:c6132, 34290298-343f-405c-af97-b2d19041b010:c6132]
2019-09-11 09:06:55,553 [grpc-default-executor-4] INFO  client.GrpcClientProtocolClient (GrpcClientProtocolClient.java:onNext(264)) - client-B22ED198845A->f3174d56-9988-40ec-970b-d447ed545dfb: receive RaftClientReply:client-B22ED198845A->f3174d56-9988-40ec-970b-d447ed545dfb@group-47B82E5F6106, cid=4060, SUCCESS, logIndex=6137, commits[f3174d56-9988-40ec-970b-d447ed545dfb:c6138, 3e713ff3-0d17-449f-90fa-609b20cf4c10:c6136, 34290298-343f-405c-af97-b2d19041b010:c6136]
2019-09-11 09:06:55,553 [grpc-default-executor-4] INFO  client.GrpcClientProtocolClient (GrpcClientProtocolClient.java:onNext(264)) - client-B22ED198845A->f3174d56-9988-40ec-970b-d447ed545dfb: receive RaftClientReply:client-B22ED198845A->f3174d56-9988-40ec-970b-d447ed545dfb@group-47B82E5F6106, cid=4061, SUCCESS, logIndex=6138, commits[f3174d56-9988-40ec-970b-d447ed545dfb:c6138, 3e713ff3-0d17-449f-90fa-609b20cf4c10:c6136, 34290298-343f-405c-af97-b2d19041b010:c6136]
2019-09-11 09:06:55,579 [grpc-default-executor-1] INFO  client.GrpcClientProtocolClient (GrpcClientProtocolClient.java:onNext(264)) - client-B22ED198845A->f3174d56-9988-40ec-970b-d447ed545dfb: receive RaftClientReply:client-B22ED198845A->f3174d56-9988-40ec-970b-d447ed545dfb@group-47B82E5F6106, cid=4062, SUCCESS, logIndex=0, commits[f3174d56-9988-40ec-970b-d447ed545dfb:c6140, 3e713ff3-0d17-449f-90fa-609b20cf4c10:c6138, 34290298-343f-405c-af97-b2d19041b010:c6138]
2019-09-11 09:06:55,612 [grpc-default-executor-0] INFO  client.GrpcClientProtocolClient (GrpcClientProtocolClient.java:onNext(264)) - client-B22ED198845A->f3174d56-9988-40ec-970b-d447ed545dfb: receive RaftClientReply:client-B22ED198845A->f3174d56-9988-40ec-970b-d447ed545dfb@group-47B82E5F6106, cid=4063, SUCCESS, logIndex=6141, commits[f3174d56-9988-40ec-970b-d447ed545dfb:c6142, 3e713ff3-0d17-449f-90fa-609b20cf4c10:c6140, 34290298-343f-405c-af97-b2d19041b010:c6140]
2019-09-11 09:06:55,612 [grpc-default-executor-0] INFO  client.GrpcClientProtocolClient (GrpcClientProtocolClient.java:onNext(264)) - client-B22ED198845A->f3174d56-9988-40ec-970b-d447ed545dfb: receive RaftClientReply:client-B22ED198845A->f3174d56-9988-40ec-970b-d447ed545dfb@group-47B82E5F6106, cid=4064, SUCCESS, logIndex=6142, commits[f3174d56-9988-40ec-970b-d447ed545dfb:c6142, 3e713ff3-0d17-449f-90fa-609b20cf4c10:c6140, 34290298-343f-405c-af97-b2d19041b010:c6140]
 0.00% |█                                                                                                    |  0/1 Time: 0:00:352019-09-11 09:06:55,622 [grpc-default-executor-4] INFO  client.GrpcClientProtocolClient (GrpcClientProtocolClient.java:onNext(264)) - client-B22ED198845A->f3174d56-9988-40ec-970b-d447ed545dfb: receive RaftClientReply:client-B22ED198845A->f3174d56-9988-40ec-970b-d447ed545dfb@group-47B82E5F6106, cid=4065, SUCCESS, logIndex=6143, commits[f3174d56-9988-40ec-970b-d447ed545dfb:c6144, 3e713ff3-0d17-449f-90fa-609b20cf4c10:c6140, 34290298-343f-405c-af97-b2d19041b010:c6140]
2019-09-11 09:06:55,623 [grpc-default-executor-4] INFO  client.GrpcClientProtocolClient (GrpcClientProtocolClient.java:onNext(264)) - client-B22ED198845A->f3174d56-9988-40ec-970b-d447ed545dfb: receive RaftClientReply:client-B22ED198845A->f3174d56-9988-40ec-970b-d447ed545dfb@group-47B82E5F6106, cid=4066, SUCCESS, logIndex=6144, commits[f3174d56-9988-40ec-970b-d447ed545dfb:c6144, 3e713ff3-0d17-449f-90fa-609b20cf4c10:c6140, 34290298-343f-405c-af97-b2d19041b010:c6140]
2019-09-11 09:06:55,638 [grpc-default-executor-4] INFO  client.GrpcClientProtocolClient (GrpcClientProtocolClient.java:onNext(264)) - client-B22ED198845A->f3174d56-9988-40ec-970b-d447ed545dfb: receive RaftClientReply:client-B22ED198845A->f3174d56-9988-40ec-970b-d447ed545dfb@group-47B82E5F6106, cid=4067, SUCCESS, logIndex=0, commits[f3174d56-9988-40ec-970b-d447ed545dfb:c6146, 3e713ff3-0d17-449f-90fa-609b20cf4c10:c6142, 34290298-343f-405c-af97-b2d19041b010:c6142]
2019-09-11 09:06:55,662 [grpc-default-executor-0] INFO  client.GrpcClientProtocolClient (GrpcClientProtocolClient.java:onNext(264)) - client-B22ED198845A->f3174d56-9988-40ec-970b-d447ed545dfb: receive RaftClientReply:client-B22ED198845A->f3174d56-9988-40ec-970b-d447ed545dfb@group-47B82E5F6106, cid=4068, SUCCESS, logIndex=6149, commits[f3174d56-9988-40ec-970b-d447ed545dfb:c6150, 3e713ff3-0d17-449f-90fa-609b20cf4c10:c6144, 34290298-343f-405c-af97-b2d19041b010:c6146]
2019-09-11 09:06:55,662 [grpc-default-executor-0] INFO  client.GrpcClientProtocolClient (GrpcClientProtocolClient.java:onNext(264)) - client-B22ED198845A->f3174d56-9988-40ec-970b-d447ed545dfb: receive RaftClientReply:client-B22ED198845A->f3174d56-9988-40ec-970b-d447ed545dfb@group-47B82E5F6106, cid=4069, SUCCESS, logIndex=6150, commits[f3174d56-9988-40ec-970b-d447ed545dfb:c6150, 3e713ff3-0d17-449f-90fa-609b20cf4c10:c6146, 34290298-343f-405c-af97-b2d19041b010:c6146]
2019-09-11 09:06:55,684 [grpc-default-executor-0] INFO  client.GrpcClientProtocolClient (GrpcClientProtocolClient.java:onNext(264)) - client-B22ED198845A->f3174d56-9988-40ec-970b-d447ed545dfb: receive RaftClientReply:client-B22ED198845A->f3174d56-9988-40ec-970b-d447ed545dfb@group-47B82E5F6106, cid=4070, SUCCESS, logIndex=6153, commits[f3174d56-9988-40ec-970b-d447ed545dfb:c6154, 3e713ff3-0d17-449f-90fa-609b20cf4c10:c6152, 34290298-343f-405c-af97-b2d19041b010:c6152]
2019-09-11 09:06:55,685 [grpc-default-executor-0] INFO  client.GrpcClientProtocolClient (GrpcClientProtocolClient.java:onNext(264)) - client-B22ED198845A->f3174d56-9988-40ec-970b-d447ed545dfb: receive RaftClientReply:client-B22ED198845A->f3174d56-9988-40ec-970b-d447ed545dfb@group-47B82E5F6106, cid=4071, SUCCESS, logIndex=6154, commits[f3174d56-9988-40ec-970b-d447ed545dfb:c6154, 3e713ff3-0d17-449f-90fa-609b20cf4c10:c6152, 34290298-343f-405c-af97-b2d19041b010:c6152]
2019-09-11 09:06:55,687 [grpc-default-executor-0] INFO  client.GrpcClientProtocolClient (GrpcClientProtocolClient.java:onNext(264)) - client-B22ED198845A->f3174d56-9988-40ec-970b-d447ed545dfb: receive RaftClientReply:client-B22ED198845A->f3174d56-9988-40ec-970b-d447ed545dfb@group-47B82E5F6106, cid=4072, SUCCESS, logIndex=0, commits[f3174d56-9988-40ec-970b-d447ed545dfb:c6155, 3e713ff3-0d17-449f-90fa-609b20cf4c10:c6154, 34290298-343f-405c-af97-b2d19041b010:c6154]
2019-09-11 09:06:55,717 [grpc-default-executor-1] INFO  client.GrpcClientProtocolClient (GrpcClientProtocolClient.java:onNext(264)) - client-B22ED198845A->f3174d56-9988-40ec-970b-d447ed545dfb: receive RaftClientReply:client-B22ED198845A->f3174d56-9988-40ec-970b-d447ed545dfb@group-47B82E5F6106, cid=4073, SUCCESS, logIndex=6157, commits[f3174d56-9988-40ec-970b-d447ed545dfb:c6159, 3e713ff3-0d17-449f-90fa-609b20cf4c10:c6156, 34290298-343f-405c-af97-b2d19041b010:c6154]
2019-09-11 09:06:55,718 [grpc-default-executor-1] INFO  client.GrpcClientProtocolClient (GrpcClientProtocolClient.java:onNext(264)) - client-B22ED198845A->f3174d56-9988-40ec-970b-d447ed545dfb: receive RaftClientReply:client-B22ED198845A->f3174d56-9988-40ec-970b-d447ed545dfb@group-47B82E5F6106, cid=4074, SUCCESS, logIndex=6158, commits[f3174d56-9988-40ec-970b-d447ed545dfb:c6160, 3e713ff3-0d17-449f-90fa-609b20cf4c10:c6156, 34290298-343f-405c-af97-b2d19041b010:c6154]
2019-09-11 09:06:55,718 [grpc-default-executor-1] INFO  client.GrpcClientProtocolClient (GrpcClientProtocolClient.java:onNext(264)) - client-B22ED198845A->f3174d56-9988-40ec-970b-d447ed545dfb: receive RaftClientReply:client-B22ED198845A->f3174d56-9988-40ec-970b-d447ed545dfb@group-47B82E5F6106, cid=4075, SUCCESS, logIndex=6159, commits[f3174d56-9988-40ec-970b-d447ed545dfb:c6160, 3e713ff3-0d17-449f-90fa-609b20cf4c10:c6156, 34290298-343f-405c-af97-b2d19041b010:c6154]
2019-09-11 09:06:55,718 [grpc-default-executor-1] INFO  client.GrpcClientProtocolClient (GrpcClientProtocolClient.java:onNext(264)) - client-B22ED198845A->f3174d56-9988-40ec-970b-d447ed545dfb: receive RaftClientReply:client-B22ED198845A->f3174d56-9988-40ec-970b-d447ed545dfb@group-47B82E5F6106, cid=4076, SUCCESS, logIndex=6160, commits[f3174d56-9988-40ec-970b-d447ed545dfb:c6160, 3e713ff3-0d17-449f-90fa-609b20cf4c10:c6156, 34290298-343f-405c-af97-b2d19041b010:c6154]
2019-09-11 09:06:55,724 [grpc-default-executor-4] INFO  client.GrpcClientProtocolClient (GrpcClientProtocolClient.java:onNext(264)) - client-B22ED198845A->f3174d56-9988-40ec-970b-d447ed545dfb: receive RaftClientReply:client-B22ED198845A->f3174d56-9988-40ec-970b-d447ed545dfb@group-47B82E5F6106, cid=4077, SUCCESS, logIndex=0, commits[f3174d56-9988-40ec-970b-d447ed545dfb:c6164, 3e713ff3-0d17-449f-90fa-609b20cf4c10:c6158, 34290298-343f-405c-af97-b2d19041b010:c6160]
2019-09-11 09:06:55,733 [grpc-default-executor-1] INFO  client.GrpcClientProtocolClient (GrpcClientProtocolClient.java:onNext(264)) - client-B22ED198845A->f3174d56-9988-40ec-970b-d447ed545dfb: receive RaftClientReply:client-B22ED198845A->f3174d56-9988-40ec-970b-d447ed545dfb@group-47B82E5F6106, cid=4078, SUCCESS, logIndex=6165, commits[f3174d56-9988-40ec-970b-d447ed545dfb:c6166, 3e713ff3-0d17-449f-90fa-609b20cf4c10:c6164, 34290298-343f-405c-af97-b2d19041b010:c6160]
2019-09-11 09:06:55,733 [grpc-default-executor-1] INFO  client.GrpcClientProtocolClient (GrpcClientProtocolClient.java:onNext(264)) - client-B22ED198845A->f3174d56-9988-40ec-970b-d447ed545dfb: receive RaftClientReply:client-B22ED198845A->f3174d56-9988-40ec-970b-d447ed545dfb@group-47B82E5F6106, cid=4079, SUCCESS, logIndex=6166, commits[f3174d56-9988-40ec-970b-d447ed545dfb:c6166, 3e713ff3-0d17-449f-90fa-609b20cf4c10:c6164, 34290298-343f-405c-af97-b2d19041b010:c6164]
2019-09-11 09:06:55,743 [grpc-default-executor-4] INFO  client.GrpcClientProtocolClient (GrpcClientProtocolClient.java:onNext(264)) - client-B22ED198845A->f3174d56-9988-40ec-970b-d447ed545dfb: receive RaftClientReply:client-B22ED198845A->f3174d56-9988-40ec-970b-d447ed545dfb@group-47B82E5F6106, cid=4080, SUCCESS, logIndex=6169, commits[f3174d56-9988-40ec-970b-d447ed545dfb:c6170, 3e713ff3-0d17-449f-90fa-609b20cf4c10:c6168, 34290298-343f-405c-af97-b2d19041b010:c6168]
2019-09-11 09:06:55,743 [grpc-default-executor-4] INFO  client.GrpcClientProtocolClient (GrpcClientProtocolClient.java:onNext(264)) - client-B22ED198845A->f3174d56-9988-40ec-970b-d447ed545dfb: receive RaftClientReply:client-B22ED198845A->f3174d56-9988-40ec-970b-d447ed545dfb@group-47B82E5F6106, cid=4081, SUCCESS, logIndex=6170, commits[f3174d56-9988-40ec-970b-d447ed545dfb:c6170, 3e713ff3-0d17-449f-90fa-609b20cf4c10:c6168, 34290298-343f-405c-af97-b2d19041b010:c6168]
2019-09-11 09:06:55,748 [grpc-default-executor-4] INFO  client.GrpcClientProtocolClient (GrpcClientProtocolClient.java:onNext(264)) - client-B22ED198845A->f3174d56-9988-40ec-970b-d447ed545dfb: receive RaftClientReply:client-B22ED198845A->f3174d56-9988-40ec-970b-d447ed545dfb@group-47B82E5F6106, cid=4082, SUCCESS, logIndex=0, commits[f3174d56-9988-40ec-970b-d447ed545dfb:c6172, 3e713ff3-0d17-449f-90fa-609b20cf4c10:c6170, 34290298-343f-405c-af97-b2d19041b010:c6170]
2019-09-11 09:06:55,910 [grpc-default-executor-1] INFO  client.GrpcClientProtocolClient (GrpcClientProtocolClient.java:onNext(264)) - client-B22ED198845A->f3174d56-9988-40ec-970b-d447ed545dfb: receive RaftClientReply:client-B22ED198845A->f3174d56-9988-40ec-970b-d447ed545dfb@group-47B82E5F6106, cid=4083, SUCCESS, logIndex=6173, commits[f3174d56-9988-40ec-970b-d447ed545dfb:c6174, 3e713ff3-0d17-449f-90fa-609b20cf4c10:c6172, 34290298-343f-405c-af97-b2d19041b010:c6172]
2019-09-11 09:06:55,911 [grpc-default-executor-1] INFO  client.GrpcClientProtocolClient (GrpcClientProtocolClient.java:onNext(264)) - client-B22ED198845A->f3174d56-9988-40ec-970b-d447ed545dfb: receive RaftClientReply:client-B22ED198845A->f3174d56-9988-40ec-970b-d447ed545dfb@group-47B82E5F6106, cid=4084, SUCCESS, logIndex=6174, commits[f3174d56-9988-40ec-970b-d447ed545dfb:c6176, 3e713ff3-0d17-449f-90fa-609b20cf4c10:c6172, 34290298-343f-405c-af97-b2d19041b010:c6172]
2019-09-11 09:06:55,911 [grpc-default-executor-1] INFO  client.GrpcClientProtocolClient (GrpcClientProtocolClient.java:onNext(264)) - client-B22ED198845A->f3174d56-9988-40ec-970b-d447ed545dfb: receive RaftClientReply:client-B22ED198845A->f3174d56-9988-40ec-970b-d447ed545dfb@group-47B82E5F6106, cid=4085, SUCCESS, logIndex=6175, commits[f3174d56-9988-40ec-970b-d447ed545dfb:c6176, 3e713ff3-0d17-449f-90fa-609b20cf4c10:c6172, 34290298-343f-405c-af97-b2d19041b010:c6172]
2019-09-11 09:06:55,911 [grpc-default-executor-1] INFO  client.GrpcClientProtocolClient (GrpcClientProtocolClient.java:onNext(264)) - client-B22ED198845A->f3174d56-9988-40ec-970b-d447ed545dfb: receive RaftClientReply:client-B22ED198845A->f3174d56-9988-40ec-970b-d447ed545dfb@group-47B82E5F6106, cid=4086, SUCCESS, logIndex=6176, commits[f3174d56-9988-40ec-970b-d447ed545dfb:c6176, 3e713ff3-0d17-449f-90fa-609b20cf4c10:c6172, 34290298-343f-405c-af97-b2d19041b010:c6172]
2019-09-11 09:06:55,913 [grpc-default-executor-1] INFO  client.GrpcClientProtocolClient (GrpcClientProtocolClient.java:onNext(264)) - client-B22ED198845A->f3174d56-9988-40ec-970b-d447ed545dfb: receive RaftClientReply:client-B22ED198845A->f3174d56-9988-40ec-970b-d447ed545dfb@group-47B82E5F6106, cid=4087, SUCCESS, logIndex=0, commits[f3174d56-9988-40ec-970b-d447ed545dfb:c6177, 3e713ff3-0d17-449f-90fa-609b20cf4c10:c6174, 34290298-343f-405c-af97-b2d19041b010:c6174]
2019-09-11 09:06:55,940 [grpc-default-executor-0] INFO  client.GrpcClientProtocolClient (GrpcClientProtocolClient.java:onNext(264)) - client-B22ED198845A->f3174d56-9988-40ec-970b-d447ed545dfb: receive RaftClientReply:client-B22ED198845A->f3174d56-9988-40ec-970b-d447ed545dfb@group-47B82E5F6106, cid=4088, SUCCESS, logIndex=6180, commits[f3174d56-9988-40ec-970b-d447ed545dfb:c6181, 3e713ff3-0d17-449f-90fa-609b20cf4c10:c6177, 34290298-343f-405c-af97-b2d19041b010:c6177]
2019-09-11 09:06:55,941 [grpc-default-executor-0] INFO  client.GrpcClientProtocolClient (GrpcClientProtocolClient.java:onNext(264)) - client-B22ED198845A->f3174d56-9988-40ec-970b-d447ed545dfb: receive RaftClientReply:client-B22ED198845A->f3174d56-9988-40ec-970b-d447ed545dfb@group-47B82E5F6106, cid=4089, SUCCESS, logIndex=6181, commits[f3174d56-9988-40ec-970b-d447ed545dfb:c6181, 3e713ff3-0d17-449f-90fa-609b20cf4c10:c6177, 34290298-343f-405c-af97-b2d19041b010:c6177]
2019-09-11 09:06:55,956 [grpc-default-executor-0] INFO  client.GrpcClientProtocolClient (GrpcClientProtocolClient.java:onNext(264)) - client-B22ED198845A->f3174d56-9988-40ec-970b-d447ed545dfb: receive RaftClientReply:client-B22ED198845A->f3174d56-9988-40ec-970b-d447ed545dfb@group-47B82E5F6106, cid=4090, SUCCESS, logIndex=6184, commits[f3174d56-9988-40ec-970b-d447ed545dfb:c6185, 3e713ff3-0d17-449f-90fa-609b20cf4c10:c6181, 34290298-343f-405c-af97-b2d19041b010:c6181]
2019-09-11 09:06:55,956 [grpc-default-executor-0] INFO  client.GrpcClientProtocolClient (GrpcClientProtocolClient.java:onNext(264)) - client-B22ED198845A->f3174d56-9988-40ec-970b-d447ed545dfb: receive RaftClientReply:client-B22ED198845A->f3174d56-9988-40ec-970b-d447ed545dfb@group-47B82E5F6106, cid=4091, SUCCESS, logIndex=6185, commits[f3174d56-9988-40ec-970b-d447ed545dfb:c6185, 3e713ff3-0d17-449f-90fa-609b20cf4c10:c6181, 34290298-343f-405c-af97-b2d19041b010:c6181]
2019-09-11 09:06:55,969 [grpc-default-executor-0] INFO  client.GrpcClientProtocolClient (GrpcClientProtocolClient.java:onNext(264)) - client-B22ED198845A->f3174d56-9988-40ec-970b-d447ed545dfb: receive RaftClientReply:client-B22ED198845A->f3174d56-9988-40ec-970b-d447ed545dfb@group-47B82E5F6106, cid=4092, SUCCESS, logIndex=0, commits[f3174d56-9988-40ec-970b-d447ed545dfb:c6187, 3e713ff3-0d17-449f-90fa-609b20cf4c10:c6185, 34290298-343f-405c-af97-b2d19041b010:c6185]
2019-09-11 09:06:55,998 [grpc-default-executor-0] INFO  client.GrpcClientProtocolClient (GrpcClientProtocolClient.java:onNext(264)) - client-B22ED198845A->f3174d56-9988-40ec-970b-d447ed545dfb: receive RaftClientReply:client-B22ED198845A->f3174d56-9988-40ec-970b-d447ed545dfb@group-47B82E5F6106, cid=4093, SUCCESS, logIndex=6188, commits[f3174d56-9988-40ec-970b-d447ed545dfb:c6188, 3e713ff3-0d17-449f-90fa-609b20cf4c10:c6187, 34290298-343f-405c-af97-b2d19041b010:c6187]
2019-09-11 09:06:55,998 [grpc-default-executor-0] INFO  client.GrpcClientProtocolClient (GrpcClientProtocolClient.java:onNext(264)) - client-B22ED198845A->f3174d56-9988-40ec-970b-d447ed545dfb: receive RaftClientReply:client-B22ED198845A->f3174d56-9988-40ec-970b-d447ed545dfb@group-47B82E5F6106, cid=4094, SUCCESS, logIndex=6189, commits[f3174d56-9988-40ec-970b-d447ed545dfb:c6189, 3e713ff3-0d17-449f-90fa-609b20cf4c10:c6187, 34290298-343f-405c-af97-b2d19041b010:c6187]
2019-09-11 09:06:56,011 [grpc-default-executor-1] INFO  client.GrpcClientProtocolClient (GrpcClientProtocolClient.java:onNext(264)) - client-B22ED198845A->f3174d56-9988-40ec-970b-d447ed545dfb: receive RaftClientReply:client-B22ED198845A->f3174d56-9988-40ec-970b-d447ed545dfb@group-47B82E5F6106, cid=4095, SUCCESS, logIndex=6190, commits[f3174d56-9988-40ec-970b-d447ed545dfb:c6191, 3e713ff3-0d17-449f-90fa-609b20cf4c10:c6187, 34290298-343f-405c-af97-b2d19041b010:c6187]
2019-09-11 09:06:56,011 [grpc-default-executor-1] INFO  client.GrpcClientProtocolClient (GrpcClientProtocolClient.java:onNext(264)) - client-B22ED198845A->f3174d56-9988-40ec-970b-d447ed545dfb: receive RaftClientReply:client-B22ED198845A->f3174d56-9988-40ec-970b-d447ed545dfb@group-47B82E5F6106, cid=4096, SUCCESS, logIndex=6191, commits[f3174d56-9988-40ec-970b-d447ed545dfb:c6191, 3e713ff3-0d17-449f-90fa-609b20cf4c10:c6187, 34290298-343f-405c-af97-b2d19041b010:c6187]
2019-09-11 09:06:56,024 [grpc-default-executor-1] INFO  client.GrpcClientProtocolClient (GrpcClientProtocolClient.java:onNext(264)) - client-B22ED198845A->f3174d56-9988-40ec-970b-d447ed545dfb: receive RaftClientReply:client-B22ED198845A->f3174d56-9988-40ec-970b-d447ed545dfb@group-47B82E5F6106, cid=4097, SUCCESS, logIndex=0, commits[f3174d56-9988-40ec-970b-d447ed545dfb:c6193, 3e713ff3-0d17-449f-90fa-609b20cf4c10:c6189, 34290298-343f-405c-af97-b2d19041b010:c6189]
2019-09-11 09:06:56,041 [grpc-default-executor-0] INFO  client.GrpcClientProtocolClient (GrpcClientProtocolClient.java:onNext(264)) - client-B22ED198845A->f3174d56-9988-40ec-970b-d447ed545dfb: receive RaftClientReply:client-B22ED198845A->f3174d56-9988-40ec-970b-d447ed545dfb@group-47B82E5F6106, cid=4098, SUCCESS, logIndex=6196, commits[f3174d56-9988-40ec-970b-d447ed545dfb:c6197, 3e713ff3-0d17-449f-90fa-609b20cf4c10:c6193, 34290298-343f-405c-af97-b2d19041b010:c6193]
2019-09-11 09:06:56,041 [grpc-default-executor-0] INFO  client.GrpcClientProtocolClient (GrpcClientProtocolClient.java:onNext(264)) - client-B22ED198845A->f3174d56-9988-40ec-970b-d447ed545dfb: receive RaftClientReply:client-B22ED198845A->f3174d56-9988-40ec-970b-d447ed545dfb@group-47B82E5F6106, cid=4099, SUCCESS, logIndex=6197, commits[f3174d56-9988-40ec-970b-d447ed545dfb:c6197, 3e713ff3-0d17-449f-90fa-609b20cf4c10:c6193, 34290298-343f-405c-af97-b2d19041b010:c6193]
2019-09-11 09:06:56,370 [grpc-default-executor-4] INFO  client.GrpcClientProtocolClient (GrpcClientProtocolClient.java:onNext(264)) - client-B22ED198845A->f3174d56-9988-40ec-970b-d447ed545dfb: receive RaftClientReply:client-B22ED198845A->f3174d56-9988-40ec-970b-d447ed545dfb@group-47B82E5F6106, cid=4100, SUCCESS, logIndex=6200, commits[f3174d56-9988-40ec-970b-d447ed545dfb:c6201, 3e713ff3-0d17-449f-90fa-609b20cf4c10:c6198, 34290298-343f-405c-af97-b2d19041b010:c6198]
2019-09-11 09:06:56,370 [grpc-default-executor-4] INFO  client.GrpcClientProtocolClient (GrpcClientProtocolClient.java:onNext(264)) - client-B22ED198845A->f3174d56-9988-40ec-970b-d447ed545dfb: receive RaftClientReply:client-B22ED198845A->f3174d56-9988-40ec-970b-d447ed545dfb@group-47B82E5F6106, cid=4101, SUCCESS, logIndex=6201, commits[f3174d56-9988-40ec-970b-d447ed545dfb:c6201, 3e713ff3-0d17-449f-90fa-609b20cf4c10:c6198, 34290298-343f-405c-af97-b2d19041b010:c6198]
2019-09-11 09:06:56,396 [grpc-default-executor-0] INFO  client.GrpcClientProtocolClient (GrpcClientProtocolClient.java:onNext(264)) - client-B22ED198845A->f3174d56-9988-40ec-970b-d447ed545dfb: receive RaftClientReply:client-B22ED198845A->f3174d56-9988-40ec-970b-d447ed545dfb@group-47B82E5F6106, cid=4102, SUCCESS, logIndex=0, commits[f3174d56-9988-40ec-970b-d447ed545dfb:c6203, 3e713ff3-0d17-449f-90fa-609b20cf4c10:c6201, 34290298-343f-405c-af97-b2d19041b010:c6201]
2019-09-11 09:06:56,432 [grpc-default-executor-0] INFO  client.GrpcClientProtocolClient (GrpcClientProtocolClient.java:onNext(264)) - client-B22ED198845A->f3174d56-9988-40ec-970b-d447ed545dfb: receive RaftClientReply:client-B22ED198845A->f3174d56-9988-40ec-970b-d447ed545dfb@group-47B82E5F6106, cid=4103, SUCCESS, logIndex=6204, commits[f3174d56-9988-40ec-970b-d447ed545dfb:c6205, 3e713ff3-0d17-449f-90fa-609b20cf4c10:c6203, 34290298-343f-405c-af97-b2d19041b010:c6203]
2019-09-11 09:06:56,433 [grpc-default-executor-0] INFO  client.GrpcClientProtocolClient (GrpcClientProtocolClient.java:onNext(264)) - client-B22ED198845A->f3174d56-9988-40ec-970b-d447ed545dfb: receive RaftClientReply:client-B22ED198845A->f3174d56-9988-40ec-970b-d447ed545dfb@group-47B82E5F6106, cid=4104, SUCCESS, logIndex=6205, commits[f3174d56-9988-40ec-970b-d447ed545dfb:c6205, 3e713ff3-0d17-449f-90fa-609b20cf4c10:c6203, 34290298-343f-405c-af97-b2d19041b010:c6203]
2019-09-11 09:06:56,442 [grpc-default-executor-0] INFO  client.GrpcClientProtocolClient (GrpcClientProtocolClient.java:onNext(264)) - client-B22ED198845A->f3174d56-9988-40ec-970b-d447ed545dfb: receive RaftClientReply:client-B22ED198845A->f3174d56-9988-40ec-970b-d447ed545dfb@group-47B82E5F6106, cid=4105, SUCCESS, logIndex=6206, commits[f3174d56-9988-40ec-970b-d447ed545dfb:c6207, 3e713ff3-0d17-449f-90fa-609b20cf4c10:c6203, 34290298-343f-405c-af97-b2d19041b010:c6203]
2019-09-11 09:06:56,442 [grpc-default-executor-0] INFO  client.GrpcClientProtocolClient (GrpcClientProtocolClient.java:onNext(264)) - client-B22ED198845A->f3174d56-9988-40ec-970b-d447ed545dfb: receive RaftClientReply:client-B22ED198845A->f3174d56-9988-40ec-970b-d447ed545dfb@group-47B82E5F6106, cid=4106, SUCCESS, logIndex=6207, commits[f3174d56-9988-40ec-970b-d447ed545dfb:c6207, 3e713ff3-0d17-449f-90fa-609b20cf4c10:c6203, 34290298-343f-405c-af97-b2d19041b010:c6203]
2019-09-11 09:06:56,458 [grpc-default-executor-0] INFO  client.GrpcClientProtocolClient (GrpcClientProtocolClient.java:onNext(264)) - client-B22ED198845A->f3174d56-9988-40ec-970b-d447ed545dfb: receive RaftClientReply:client-B22ED198845A->f3174d56-9988-40ec-970b-d447ed545dfb@group-47B82E5F6106, cid=4107, SUCCESS, logIndex=0, commits[f3174d56-9988-40ec-970b-d447ed545dfb:c6209, 3e713ff3-0d17-449f-90fa-609b20cf4c10:c6205, 34290298-343f-405c-af97-b2d19041b010:c6205]
2019-09-11 09:06:56,484 [grpc-default-executor-0] INFO  client.GrpcClientProtocolClient (GrpcClientProtocolClient.java:onNext(264)) - client-B22ED198845A->f3174d56-9988-40ec-970b-d447ed545dfb: receive RaftClientReply:client-B22ED198845A->f3174d56-9988-40ec-970b-d447ed545dfb@group-47B82E5F6106, cid=4108, SUCCESS, logIndex=6212, commits[f3174d56-9988-40ec-970b-d447ed545dfb:c6213, 3e713ff3-0d17-449f-90fa-609b20cf4c10:c6211, 34290298-343f-405c-af97-b2d19041b010:c6211]
2019-09-11 09:06:56,484 [grpc-default-executor-0] INFO  client.GrpcClientProtocolClient (GrpcClientProtocolClient.java:onNext(264)) - client-B22ED198845A->f3174d56-9988-40ec-970b-d447ed545dfb: receive RaftClientReply:client-B22ED198845A->f3174d56-9988-40ec-970b-d447ed545dfb@group-47B82E5F6106, cid=4109, SUCCESS, logIndex=6213, commits[f3174d56-9988-40ec-970b-d447ed545dfb:c6213, 3e713ff3-0d17-449f-90fa-609b20cf4c10:c6211, 34290298-343f-405c-af97-b2d19041b010:c6211]
2019-09-11 09:06:56,507 [grpc-default-executor-0] INFO  client.GrpcClientProtocolClient (GrpcClientProtocolClient.java:onNext(264)) - client-B22ED198845A->f3174d56-9988-40ec-970b-d447ed545dfb: receive RaftClientReply:client-B22ED198845A->f3174d56-9988-40ec-970b-d447ed545dfb@group-47B82E5F6106, cid=4110, SUCCESS, logIndex=6216, commits[f3174d56-9988-40ec-970b-d447ed545dfb:c6217, 3e713ff3-0d17-449f-90fa-609b20cf4c10:c6213, 34290298-343f-405c-af97-b2d19041b010:c6213]
2019-09-11 09:06:56,508 [grpc-default-executor-0] INFO  client.GrpcClientProtocolClient (GrpcClientProtocolClient.java:onNext(264)) - client-B22ED198845A->f3174d56-9988-40ec-970b-d447ed545dfb: receive RaftClientReply:client-B22ED198845A->f3174d56-9988-40ec-970b-d447ed545dfb@group-47B82E5F6106, cid=4111, SUCCESS, logIndex=6217, commits[f3174d56-9988-40ec-970b-d447ed545dfb:c6217, 3e713ff3-0d17-449f-90fa-609b20cf4c10:c6213, 34290298-343f-405c-af97-b2d19041b010:c6213]
2019-09-11 09:06:56,523 [grpc-default-executor-0] INFO  client.GrpcClientProtocolClient (GrpcClientProtocolClient.java:onNext(264)) - client-B22ED198845A->f3174d56-9988-40ec-970b-d447ed545dfb: receive RaftClientReply:client-B22ED198845A->f3174d56-9988-40ec-970b-d447ed545dfb@group-47B82E5F6106, cid=4112, SUCCESS, logIndex=0, commits[f3174d56-9988-40ec-970b-d447ed545dfb:c6218, 3e713ff3-0d17-449f-90fa-609b20cf4c10:c6217, 34290298-343f-405c-af97-b2d19041b010:c6217]
2019-09-11 09:06:56,590 [grpc-default-executor-5] INFO  client.GrpcClientProtocolClient (GrpcClientProtocolClient.java:onNext(264)) - client-B22ED198845A->f3174d56-9988-40ec-970b-d447ed545dfb: receive RaftClientReply:client-B22ED198845A->f3174d56-9988-40ec-970b-d447ed545dfb@group-47B82E5F6106, cid=4113, SUCCESS, logIndex=6220, commits[f3174d56-9988-40ec-970b-d447ed545dfb:c6223, 3e713ff3-0d17-449f-90fa-609b20cf4c10:c6219, 34290298-343f-405c-af97-b2d19041b010:c6219]
2019-09-11 09:06:56,590 [grpc-default-executor-5] INFO  client.GrpcClientProtocolClient (GrpcClientProtocolClient.java:onNext(264)) - client-B22ED198845A->f3174d56-9988-40ec-970b-d447ed545dfb: receive RaftClientReply:client-B22ED198845A->f3174d56-9988-40ec-970b-d447ed545dfb@group-47B82E5F6106, cid=4114, SUCCESS, logIndex=6221, commits[f3174d56-9988-40ec-970b-d447ed545dfb:c6223, 3e713ff3-0d17-449f-90fa-609b20cf4c10:c6219, 34290298-343f-405c-af97-b2d19041b010:c6219]
2019-09-11 09:06:56,590 [grpc-default-executor-5] INFO  client.GrpcClientProtocolClient (GrpcClientProtocolClient.java:onNext(264)) - client-B22ED198845A->f3174d56-9988-40ec-970b-d447ed545dfb: receive RaftClientReply:client-B22ED198845A->f3174d56-9988-40ec-970b-d447ed545dfb@group-47B82E5F6106, cid=4115, SUCCESS, logIndex=6222, commits[f3174d56-9988-40ec-970b-d447ed545dfb:c6223, 3e713ff3-0d17-449f-90fa-609b20cf4c10:c6219, 34290298-343f-405c-af97-b2d19041b010:c6219]
2019-09-11 09:06:56,591 [grpc-default-executor-5] INFO  client.GrpcClientProtocolClient (GrpcClientProtocolClient.java:onNext(264)) - client-B22ED198845A->f3174d56-9988-40ec-970b-d447ed545dfb: receive RaftClientReply:client-B22ED198845A->f3174d56-9988-40ec-970b-d447ed545dfb@group-47B82E5F6106, cid=4116, SUCCESS, logIndex=6223, commits[f3174d56-9988-40ec-970b-d447ed545dfb:c6224, 3e713ff3-0d17-449f-90fa-609b20cf4c10:c6221, 34290298-343f-405c-af97-b2d19041b010:c6221]
2019-09-11 09:06:56,606 [grpc-default-executor-5] INFO  client.GrpcClientProtocolClient (GrpcClientProtocolClient.java:onNext(264)) - client-B22ED198845A->f3174d56-9988-40ec-970b-d447ed545dfb: receive RaftClientReply:client-B22ED198845A->f3174d56-9988-40ec-970b-d447ed545dfb@group-47B82E5F6106, cid=4117, SUCCESS, logIndex=6228, commits[f3174d56-9988-40ec-970b-d447ed545dfb:c6229, 3e713ff3-0d17-449f-90fa-609b20cf4c10:c6227, 34290298-343f-405c-af97-b2d19041b010:c6223]
2019-09-11 09:06:56,606 [grpc-default-executor-5] INFO  client.GrpcClientProtocolClient (GrpcClientProtocolClient.java:onNext(264)) - client-B22ED198845A->f3174d56-9988-40ec-970b-d447ed545dfb: receive RaftClientReply:client-B22ED198845A->f3174d56-9988-40ec-970b-d447ed545dfb@group-47B82E5F6106, cid=4118, SUCCESS, logIndex=6229, commits[f3174d56-9988-40ec-970b-d447ed545dfb:c6229, 3e713ff3-0d17-449f-90fa-609b20cf4c10:c6227, 34290298-343f-405c-af97-b2d19041b010:c6223]
 0.00% |█                                                                                                    |  0/1 Time: 0:00:362019-09-11 09:06:56,618 [grpc-default-executor-5] INFO  client.GrpcClientProtocolClient (GrpcClientProtocolClient.java:onNext(264)) - client-B22ED198845A->f3174d56-9988-40ec-970b-d447ed545dfb: receive RaftClientReply:client-B22ED198845A->f3174d56-9988-40ec-970b-d447ed545dfb@group-47B82E5F6106, cid=4119, SUCCESS, logIndex=6232, commits[f3174d56-9988-40ec-970b-d447ed545dfb:c6233, 3e713ff3-0d17-449f-90fa-609b20cf4c10:c6228, 34290298-343f-405c-af97-b2d19041b010:c6229]
2019-09-11 09:06:56,618 [grpc-default-executor-5] INFO  client.GrpcClientProtocolClient (GrpcClientProtocolClient.java:onNext(264)) - client-B22ED198845A->f3174d56-9988-40ec-970b-d447ed545dfb: receive RaftClientReply:client-B22ED198845A->f3174d56-9988-40ec-970b-d447ed545dfb@group-47B82E5F6106, cid=4120, SUCCESS, logIndex=6233, commits[f3174d56-9988-40ec-970b-d447ed545dfb:c6233, 3e713ff3-0d17-449f-90fa-609b20cf4c10:c6229, 34290298-343f-405c-af97-b2d19041b010:c6229]
2019-09-11 09:06:56,620 [grpc-default-executor-4] INFO  client.GrpcClientProtocolClient (GrpcClientProtocolClient.java:onNext(264)) - client-B22ED198845A->f3174d56-9988-40ec-970b-d447ed545dfb: receive RaftClientReply:client-B22ED198845A->f3174d56-9988-40ec-970b-d447ed545dfb@group-47B82E5F6106, cid=4121, SUCCESS, logIndex=0, commits[f3174d56-9988-40ec-970b-d447ed545dfb:c6235, 3e713ff3-0d17-449f-90fa-609b20cf4c10:c6233, 34290298-343f-405c-af97-b2d19041b010:c6233]
2019-09-11 09:06:56,652 [grpc-default-executor-4] INFO  client.GrpcClientProtocolClient (GrpcClientProtocolClient.java:onNext(264)) - client-B22ED198845A->f3174d56-9988-40ec-970b-d447ed545dfb: receive RaftClientReply:client-B22ED198845A->f3174d56-9988-40ec-970b-d447ed545dfb@group-47B82E5F6106, cid=4122, SUCCESS, logIndex=6236, commits[f3174d56-9988-40ec-970b-d447ed545dfb:c6236, 3e713ff3-0d17-449f-90fa-609b20cf4c10:c6235, 34290298-343f-405c-af97-b2d19041b010:c6235]
2019-09-11 09:06:56,653 [grpc-default-executor-4] INFO  client.GrpcClientProtocolClient (GrpcClientProtocolClient.java:onNext(264)) - client-B22ED198845A->f3174d56-9988-40ec-970b-d447ed545dfb: receive RaftClientReply:client-B22ED198845A->f3174d56-9988-40ec-970b-d447ed545dfb@group-47B82E5F6106, cid=4123, SUCCESS, logIndex=6237, commits[f3174d56-9988-40ec-970b-d447ed545dfb:c6237, 3e713ff3-0d17-449f-90fa-609b20cf4c10:c6235, 34290298-343f-405c-af97-b2d19041b010:c6235]
2019-09-11 09:06:56,662 [grpc-default-executor-4] INFO  client.GrpcClientProtocolClient (GrpcClientProtocolClient.java:onNext(264)) - client-B22ED198845A->f3174d56-9988-40ec-970b-d447ed545dfb: receive RaftClientReply:client-B22ED198845A->f3174d56-9988-40ec-970b-d447ed545dfb@group-47B82E5F6106, cid=4124, SUCCESS, logIndex=6238, commits[f3174d56-9988-40ec-970b-d447ed545dfb:c6239, 3e713ff3-0d17-449f-90fa-609b20cf4c10:c6235, 34290298-343f-405c-af97-b2d19041b010:c6235]
2019-09-11 09:06:56,663 [grpc-default-executor-4] INFO  client.GrpcClientProtocolClient (GrpcClientProtocolClient.java:onNext(264)) - client-B22ED198845A->f3174d56-9988-40ec-970b-d447ed545dfb: receive RaftClientReply:client-B22ED198845A->f3174d56-9988-40ec-970b-d447ed545dfb@group-47B82E5F6106, cid=4125, SUCCESS, logIndex=6239, commits[f3174d56-9988-40ec-970b-d447ed545dfb:c6239, 3e713ff3-0d17-449f-90fa-609b20cf4c10:c6235, 34290298-343f-405c-af97-b2d19041b010:c6235]
2019-09-11 09:06:56,678 [grpc-default-executor-4] INFO  client.GrpcClientProtocolClient (GrpcClientProtocolClient.java:onNext(264)) - client-B22ED198845A->f3174d56-9988-40ec-970b-d447ed545dfb: receive RaftClientReply:client-B22ED198845A->f3174d56-9988-40ec-970b-d447ed545dfb@group-47B82E5F6106, cid=4126, SUCCESS, logIndex=0, commits[f3174d56-9988-40ec-970b-d447ed545dfb:c6241, 3e713ff3-0d17-449f-90fa-609b20cf4c10:c6237, 34290298-343f-405c-af97-b2d19041b010:c6237]
2019-09-11 09:06:56,698 [grpc-default-executor-4] INFO  client.GrpcClientProtocolClient (GrpcClientProtocolClient.java:onNext(264)) - client-B22ED198845A->f3174d56-9988-40ec-970b-d447ed545dfb: receive RaftClientReply:client-B22ED198845A->f3174d56-9988-40ec-970b-d447ed545dfb@group-47B82E5F6106, cid=4127, SUCCESS, logIndex=6243, commits[f3174d56-9988-40ec-970b-d447ed545dfb:c6243, 3e713ff3-0d17-449f-90fa-609b20cf4c10:c6242, 34290298-343f-405c-af97-b2d19041b010:c6242]
2019-09-11 09:06:56,699 [grpc-default-executor-4] INFO  client.GrpcClientProtocolClient (GrpcClientProtocolClient.java:onNext(264)) - client-B22ED198845A->f3174d56-9988-40ec-970b-d447ed545dfb: receive RaftClientReply:client-B22ED198845A->f3174d56-9988-40ec-970b-d447ed545dfb@group-47B82E5F6106, cid=4128, SUCCESS, logIndex=6244, commits[f3174d56-9988-40ec-970b-d447ed545dfb:c6244, 3e713ff3-0d17-449f-90fa-609b20cf4c10:c6242, 34290298-343f-405c-af97-b2d19041b010:c6242]
2019-09-11 09:06:56,715 [grpc-default-executor-5] INFO  client.GrpcClientProtocolClient (GrpcClientProtocolClient.java:onNext(264)) - client-B22ED198845A->f3174d56-9988-40ec-970b-d447ed545dfb: receive RaftClientReply:client-B22ED198845A->f3174d56-9988-40ec-970b-d447ed545dfb@group-47B82E5F6106, cid=4129, SUCCESS, logIndex=6247, commits[f3174d56-9988-40ec-970b-d447ed545dfb:c6248, 3e713ff3-0d17-449f-90fa-609b20cf4c10:c6244, 34290298-343f-405c-af97-b2d19041b010:c6244]
2019-09-11 09:06:56,715 [grpc-default-executor-5] INFO  client.GrpcClientProtocolClient (GrpcClientProtocolClient.java:onNext(264)) - client-B22ED198845A->f3174d56-9988-40ec-970b-d447ed545dfb: receive RaftClientReply:client-B22ED198845A->f3174d56-9988-40ec-970b-d447ed545dfb@group-47B82E5F6106, cid=4130, SUCCESS, logIndex=6248, commits[f3174d56-9988-40ec-970b-d447ed545dfb:c6248, 3e713ff3-0d17-449f-90fa-609b20cf4c10:c6244, 34290298-343f-405c-af97-b2d19041b010:c6244]
2019-09-11 09:06:56,719 [grpc-default-executor-5] INFO  client.GrpcClientProtocolClient (GrpcClientProtocolClient.java:onNext(264)) - client-B22ED198845A->f3174d56-9988-40ec-970b-d447ed545dfb: receive RaftClientReply:client-B22ED198845A->f3174d56-9988-40ec-970b-d447ed545dfb@group-47B82E5F6106, cid=4131, SUCCESS, logIndex=0, commits[f3174d56-9988-40ec-970b-d447ed545dfb:c6250, 3e713ff3-0d17-449f-90fa-609b20cf4c10:c6248, 34290298-343f-405c-af97-b2d19041b010:c6248]
2019-09-11 09:06:56,741 [grpc-default-executor-1] INFO  client.GrpcClientProtocolClient (GrpcClientProtocolClient.java:onNext(264)) - client-B22ED198845A->f3174d56-9988-40ec-970b-d447ed545dfb: receive RaftClientReply:client-B22ED198845A->f3174d56-9988-40ec-970b-d447ed545dfb@group-47B82E5F6106, cid=4132, SUCCESS, logIndex=6251, commits[f3174d56-9988-40ec-970b-d447ed545dfb:c6252, 3e713ff3-0d17-449f-90fa-609b20cf4c10:c6250, 34290298-343f-405c-af97-b2d19041b010:c6248]
2019-09-11 09:06:56,742 [grpc-default-executor-1] INFO  client.GrpcClientProtocolClient (GrpcClientProtocolClient.java:onNext(264)) - client-B22ED198845A->f3174d56-9988-40ec-970b-d447ed545dfb: receive RaftClientReply:client-B22ED198845A->f3174d56-9988-40ec-970b-d447ed545dfb@group-47B82E5F6106, cid=4133, SUCCESS, logIndex=6252, commits[f3174d56-9988-40ec-970b-d447ed545dfb:c6252, 3e713ff3-0d17-449f-90fa-609b20cf4c10:c6250, 34290298-343f-405c-af97-b2d19041b010:c6248]
2019-09-11 09:06:56,745 [grpc-default-executor-1] INFO  client.GrpcClientProtocolClient (GrpcClientProtocolClient.java:onNext(264)) - client-B22ED198845A->f3174d56-9988-40ec-970b-d447ed545dfb: receive RaftClientReply:client-B22ED198845A->f3174d56-9988-40ec-970b-d447ed545dfb@group-47B82E5F6106, cid=4134, SUCCESS, logIndex=6253, commits[f3174d56-9988-40ec-970b-d447ed545dfb:c6256, 3e713ff3-0d17-449f-90fa-609b20cf4c10:c6252, 34290298-343f-405c-af97-b2d19041b010:c6250]
2019-09-11 09:06:56,745 [grpc-default-executor-1] INFO  client.GrpcClientProtocolClient (GrpcClientProtocolClient.java:onNext(264)) - client-B22ED198845A->f3174d56-9988-40ec-970b-d447ed545dfb: receive RaftClientReply:client-B22ED198845A->f3174d56-9988-40ec-970b-d447ed545dfb@group-47B82E5F6106, cid=4135, SUCCESS, logIndex=6254, commits[f3174d56-9988-40ec-970b-d447ed545dfb:c6256, 3e713ff3-0d17-449f-90fa-609b20cf4c10:c6252, 34290298-343f-405c-af97-b2d19041b010:c6250]
2019-09-11 09:06:56,746 [grpc-default-executor-1] INFO  client.GrpcClientProtocolClient (GrpcClientProtocolClient.java:onNext(264)) - client-B22ED198845A->f3174d56-9988-40ec-970b-d447ed545dfb: receive RaftClientReply:client-B22ED198845A->f3174d56-9988-40ec-970b-d447ed545dfb@group-47B82E5F6106, cid=4136, SUCCESS, logIndex=0, commits[f3174d56-9988-40ec-970b-d447ed545dfb:c6256, 3e713ff3-0d17-449f-90fa-609b20cf4c10:c6252, 34290298-343f-405c-af97-b2d19041b010:c6252]
2019-09-11 09:06:56,754 [grpc-default-executor-1] INFO  client.GrpcClientProtocolClient (GrpcClientProtocolClient.java:onNext(264)) - client-B22ED198845A->f3174d56-9988-40ec-970b-d447ed545dfb: receive RaftClientReply:client-B22ED198845A->f3174d56-9988-40ec-970b-d447ed545dfb@group-47B82E5F6106, cid=4137, SUCCESS, logIndex=6259, commits[f3174d56-9988-40ec-970b-d447ed545dfb:c6260, 3e713ff3-0d17-449f-90fa-609b20cf4c10:c6254, 34290298-343f-405c-af97-b2d19041b010:c6258]
2019-09-11 09:06:56,755 [grpc-default-executor-1] INFO  client.GrpcClientProtocolClient (GrpcClientProtocolClient.java:onNext(264)) - client-B22ED198845A->f3174d56-9988-40ec-970b-d447ed545dfb: receive RaftClientReply:client-B22ED198845A->f3174d56-9988-40ec-970b-d447ed545dfb@group-47B82E5F6106, cid=4138, SUCCESS, logIndex=6260, commits[f3174d56-9988-40ec-970b-d447ed545dfb:c6260, 3e713ff3-0d17-449f-90fa-609b20cf4c10:c6258, 34290298-343f-405c-af97-b2d19041b010:c6258]
2019-09-11 09:06:56,776 [grpc-default-executor-5] INFO  client.GrpcClientProtocolClient (GrpcClientProtocolClient.java:onNext(264)) - client-B22ED198845A->f3174d56-9988-40ec-970b-d447ed545dfb: receive RaftClientReply:client-B22ED198845A->f3174d56-9988-40ec-970b-d447ed545dfb@group-47B82E5F6106, cid=4139, SUCCESS, logIndex=6263, commits[f3174d56-9988-40ec-970b-d447ed545dfb:c6264, 3e713ff3-0d17-449f-90fa-609b20cf4c10:c6262, 34290298-343f-405c-af97-b2d19041b010:c6262]
2019-09-11 09:06:56,777 [grpc-default-executor-5] INFO  client.GrpcClientProtocolClient (GrpcClientProtocolClient.java:onNext(264)) - client-B22ED198845A->f3174d56-9988-40ec-970b-d447ed545dfb: receive RaftClientReply:client-B22ED198845A->f3174d56-9988-40ec-970b-d447ed545dfb@group-47B82E5F6106, cid=4140, SUCCESS, logIndex=6264, commits[f3174d56-9988-40ec-970b-d447ed545dfb:c6264, 3e713ff3-0d17-449f-90fa-609b20cf4c10:c6262, 34290298-343f-405c-af97-b2d19041b010:c6262]
2019-09-11 09:06:56,802 [grpc-default-executor-5] INFO  client.GrpcClientProtocolClient (GrpcClientProtocolClient.java:onNext(264)) - client-B22ED198845A->f3174d56-9988-40ec-970b-d447ed545dfb: receive RaftClientReply:client-B22ED198845A->f3174d56-9988-40ec-970b-d447ed545dfb@group-47B82E5F6106, cid=4141, SUCCESS, logIndex=0, commits[f3174d56-9988-40ec-970b-d447ed545dfb:c6266, 3e713ff3-0d17-449f-90fa-609b20cf4c10:c6264, 34290298-343f-405c-af97-b2d19041b010:c6264]
2019-09-11 09:06:56,830 [grpc-default-executor-5] INFO  client.GrpcClientProtocolClient (GrpcClientProtocolClient.java:onNext(264)) - client-B22ED198845A->f3174d56-9988-40ec-970b-d447ed545dfb: receive RaftClientReply:client-B22ED198845A->f3174d56-9988-40ec-970b-d447ed545dfb@group-47B82E5F6106, cid=4142, SUCCESS, logIndex=6267, commits[f3174d56-9988-40ec-970b-d447ed545dfb:c6268, 3e713ff3-0d17-449f-90fa-609b20cf4c10:c6266, 34290298-343f-405c-af97-b2d19041b010:c6266]
2019-09-11 09:06:56,830 [grpc-default-executor-5] INFO  client.GrpcClientProtocolClient (GrpcClientProtocolClient.java:onNext(264)) - client-B22ED198845A->f3174d56-9988-40ec-970b-d447ed545dfb: receive RaftClientReply:client-B22ED198845A->f3174d56-9988-40ec-970b-d447ed545dfb@group-47B82E5F6106, cid=4143, SUCCESS, logIndex=6268, commits[f3174d56-9988-40ec-970b-d447ed545dfb:c6268, 3e713ff3-0d17-449f-90fa-609b20cf4c10:c6266, 34290298-343f-405c-af97-b2d19041b010:c6266]
2019-09-11 09:06:56,831 [grpc-default-executor-1] INFO  client.GrpcClientProtocolClient (GrpcClientProtocolClient.java:onNext(264)) - client-B22ED198845A->f3174d56-9988-40ec-970b-d447ed545dfb: receive RaftClientReply:client-B22ED198845A->f3174d56-9988-40ec-970b-d447ed545dfb@group-47B82E5F6106, cid=4144, SUCCESS, logIndex=6269, commits[f3174d56-9988-40ec-970b-d447ed545dfb:c6270, 3e713ff3-0d17-449f-90fa-609b20cf4c10:c6266, 34290298-343f-405c-af97-b2d19041b010:c6266]
2019-09-11 09:06:56,831 [grpc-default-executor-1] INFO  client.GrpcClientProtocolClient (GrpcClientProtocolClient.java:onNext(264)) - client-B22ED198845A->f3174d56-9988-40ec-970b-d447ed545dfb: receive RaftClientReply:client-B22ED198845A->f3174d56-9988-40ec-970b-d447ed545dfb@group-47B82E5F6106, cid=4145, SUCCESS, logIndex=6270, commits[f3174d56-9988-40ec-970b-d447ed545dfb:c6270, 3e713ff3-0d17-449f-90fa-609b20cf4c10:c6266, 34290298-343f-405c-af97-b2d19041b010:c6266]
2019-09-11 09:06:56,844 [grpc-default-executor-1] INFO  client.GrpcClientProtocolClient (GrpcClientProtocolClient.java:onNext(264)) - client-B22ED198845A->f3174d56-9988-40ec-970b-d447ed545dfb: receive RaftClientReply:client-B22ED198845A->f3174d56-9988-40ec-970b-d447ed545dfb@group-47B82E5F6106, cid=4146, SUCCESS, logIndex=0, commits[f3174d56-9988-40ec-970b-d447ed545dfb:c6272, 3e713ff3-0d17-449f-90fa-609b20cf4c10:c6268, 34290298-343f-405c-af97-b2d19041b010:c6268]
2019-09-11 09:06:56,863 [grpc-default-executor-1] INFO  client.GrpcClientProtocolClient (GrpcClientProtocolClient.java:onNext(264)) - client-B22ED198845A->f3174d56-9988-40ec-970b-d447ed545dfb: receive RaftClientReply:client-B22ED198845A->f3174d56-9988-40ec-970b-d447ed545dfb@group-47B82E5F6106, cid=4147, SUCCESS, logIndex=6275, commits[f3174d56-9988-40ec-970b-d447ed545dfb:c6276, 3e713ff3-0d17-449f-90fa-609b20cf4c10:c6274, 34290298-343f-405c-af97-b2d19041b010:c6274]
2019-09-11 09:06:56,863 [grpc-default-executor-1] INFO  client.GrpcClientProtocolClient (GrpcClientProtocolClient.java:onNext(264)) - client-B22ED198845A->f3174d56-9988-40ec-970b-d447ed545dfb: receive RaftClientReply:client-B22ED198845A->f3174d56-9988-40ec-970b-d447ed545dfb@group-47B82E5F6106, cid=4148, SUCCESS, logIndex=6276, commits[f3174d56-9988-40ec-970b-d447ed545dfb:c6276, 3e713ff3-0d17-449f-90fa-609b20cf4c10:c6274, 34290298-343f-405c-af97-b2d19041b010:c6274]
2019-09-11 09:06:56,889 [grpc-default-executor-0] INFO  client.GrpcClientProtocolClient (GrpcClientProtocolClient.java:onNext(264)) - client-B22ED198845A->f3174d56-9988-40ec-970b-d447ed545dfb: receive RaftClientReply:client-B22ED198845A->f3174d56-9988-40ec-970b-d447ed545dfb@group-47B82E5F6106, cid=4149, SUCCESS, logIndex=6279, commits[f3174d56-9988-40ec-970b-d447ed545dfb:c6279, 3e713ff3-0d17-449f-90fa-609b20cf4c10:c6276, 34290298-343f-405c-af97-b2d19041b010:c6276]
2019-09-11 09:06:56,889 [grpc-default-executor-0] INFO  client.GrpcClientProtocolClient (GrpcClientProtocolClient.java:onNext(264)) - client-B22ED198845A->f3174d56-9988-40ec-970b-d447ed545dfb: receive RaftClientReply:client-B22ED198845A->f3174d56-9988-40ec-970b-d447ed545dfb@group-47B82E5F6106, cid=4150, SUCCESS, logIndex=6280, commits[f3174d56-9988-40ec-970b-d447ed545dfb:c6280, 3e713ff3-0d17-449f-90fa-609b20cf4c10:c6276, 34290298-343f-405c-af97-b2d19041b010:c6276]
2019-09-11 09:06:56,914 [grpc-default-executor-0] INFO  client.GrpcClientProtocolClient (GrpcClientProtocolClient.java:onNext(264)) - client-B22ED198845A->f3174d56-9988-40ec-970b-d447ed545dfb: receive RaftClientReply:client-B22ED198845A->f3174d56-9988-40ec-970b-d447ed545dfb@group-47B82E5F6106, cid=4151, SUCCESS, logIndex=0, commits[f3174d56-9988-40ec-970b-d447ed545dfb:c6282, 3e713ff3-0d17-449f-90fa-609b20cf4c10:c6280, 34290298-343f-405c-af97-b2d19041b010:c6280]
2019-09-11 09:06:56,946 [grpc-default-executor-1] INFO  client.GrpcClientProtocolClient (GrpcClientProtocolClient.java:onNext(264)) - client-B22ED198845A->f3174d56-9988-40ec-970b-d447ed545dfb: receive RaftClientReply:client-B22ED198845A->f3174d56-9988-40ec-970b-d447ed545dfb@group-47B82E5F6106, cid=4152, SUCCESS, logIndex=6283, commits[f3174d56-9988-40ec-970b-d447ed545dfb:c6284, 3e713ff3-0d17-449f-90fa-609b20cf4c10:c6282, 34290298-343f-405c-af97-b2d19041b010:c6282]
2019-09-11 09:06:56,947 [grpc-default-executor-1] INFO  client.GrpcClientProtocolClient (GrpcClientProtocolClient.java:onNext(264)) - client-B22ED198845A->f3174d56-9988-40ec-970b-d447ed545dfb: receive RaftClientReply:client-B22ED198845A->f3174d56-9988-40ec-970b-d447ed545dfb@group-47B82E5F6106, cid=4153, SUCCESS, logIndex=6284, commits[f3174d56-9988-40ec-970b-d447ed545dfb:c6284, 3e713ff3-0d17-449f-90fa-609b20cf4c10:c6282, 34290298-343f-405c-af97-b2d19041b010:c6282]
2019-09-11 09:06:56,960 [grpc-default-executor-0] INFO  client.GrpcClientProtocolClient (GrpcClientProtocolClient.java:onNext(264)) - client-B22ED198845A->f3174d56-9988-40ec-970b-d447ed545dfb: receive RaftClientReply:client-B22ED198845A->f3174d56-9988-40ec-970b-d447ed545dfb@group-47B82E5F6106, cid=4154, SUCCESS, logIndex=6285, commits[f3174d56-9988-40ec-970b-d447ed545dfb:c6286, 3e713ff3-0d17-449f-90fa-609b20cf4c10:c6282, 34290298-343f-405c-af97-b2d19041b010:c6282]
2019-09-11 09:06:56,961 [grpc-default-executor-0] INFO  client.GrpcClientProtocolClient (GrpcClientProtocolClient.java:onNext(264)) - client-B22ED198845A->f3174d56-9988-40ec-970b-d447ed545dfb: receive RaftClientReply:client-B22ED198845A->f3174d56-9988-40ec-970b-d447ed545dfb@group-47B82E5F6106, cid=4155, SUCCESS, logIndex=6286, commits[f3174d56-9988-40ec-970b-d447ed545dfb:c6286, 3e713ff3-0d17-449f-90fa-609b20cf4c10:c6282, 34290298-343f-405c-af97-b2d19041b010:c6282]
2019-09-11 09:06:56,970 [grpc-default-executor-1] INFO  client.GrpcClientProtocolClient (GrpcClientProtocolClient.java:onNext(264)) - client-B22ED198845A->f3174d56-9988-40ec-970b-d447ed545dfb: receive RaftClientReply:client-B22ED198845A->f3174d56-9988-40ec-970b-d447ed545dfb@group-47B82E5F6106, cid=4156, SUCCESS, logIndex=0, commits[f3174d56-9988-40ec-970b-d447ed545dfb:c6288, 3e713ff3-0d17-449f-90fa-609b20cf4c10:c6284, 34290298-343f-405c-af97-b2d19041b010:c6284]
2019-09-11 09:06:56,991 [grpc-default-executor-1] INFO  client.GrpcClientProtocolClient (GrpcClientProtocolClient.java:onNext(264)) - client-B22ED198845A->f3174d56-9988-40ec-970b-d447ed545dfb: receive RaftClientReply:client-B22ED198845A->f3174d56-9988-40ec-970b-d447ed545dfb@group-47B82E5F6106, cid=4157, SUCCESS, logIndex=6290, commits[f3174d56-9988-40ec-970b-d447ed545dfb:c6291, 3e713ff3-0d17-449f-90fa-609b20cf4c10:c6289, 34290298-343f-405c-af97-b2d19041b010:c6289]
2019-09-11 09:06:56,991 [grpc-default-executor-1] INFO  client.GrpcClientProtocolClient (GrpcClientProtocolClient.java:onNext(264)) - client-B22ED198845A->f3174d56-9988-40ec-970b-d447ed545dfb: receive RaftClientReply:client-B22ED198845A->f3174d56-9988-40ec-970b-d447ed545dfb@group-47B82E5F6106, cid=4158, SUCCESS, logIndex=6291, commits[f3174d56-9988-40ec-970b-d447ed545dfb:c6291, 3e713ff3-0d17-449f-90fa-609b20cf4c10:c6289, 34290298-343f-405c-af97-b2d19041b010:c6289]
2019-09-11 09:06:57,000 [grpc-default-executor-0] INFO  client.GrpcClientProtocolClient (GrpcClientProtocolClient.java:onNext(264)) - client-B22ED198845A->f3174d56-9988-40ec-970b-d447ed545dfb: receive RaftClientReply:client-B22ED198845A->f3174d56-9988-40ec-970b-d447ed545dfb@group-47B82E5F6106, cid=4159, SUCCESS, logIndex=6294, commits[f3174d56-9988-40ec-970b-d447ed545dfb:c6295, 3e713ff3-0d17-449f-90fa-609b20cf4c10:c6291, 34290298-343f-405c-af97-b2d19041b010:c6292]
2019-09-11 09:06:57,000 [grpc-default-executor-0] INFO  client.GrpcClientProtocolClient (GrpcClientProtocolClient.java:onNext(264)) - client-B22ED198845A->f3174d56-9988-40ec-970b-d447ed545dfb: receive RaftClientReply:client-B22ED198845A->f3174d56-9988-40ec-970b-d447ed545dfb@group-47B82E5F6106, cid=4160, SUCCESS, logIndex=6295, commits[f3174d56-9988-40ec-970b-d447ed545dfb:c6295, 3e713ff3-0d17-449f-90fa-609b20cf4c10:c6292, 34290298-343f-405c-af97-b2d19041b010:c6292]
2019-09-11 09:06:57,002 [grpc-default-executor-0] INFO  client.GrpcClientProtocolClient (GrpcClientProtocolClient.java:onNext(264)) - client-B22ED198845A->f3174d56-9988-40ec-970b-d447ed545dfb: receive RaftClientReply:client-B22ED198845A->f3174d56-9988-40ec-970b-d447ed545dfb@group-47B82E5F6106, cid=4161, SUCCESS, logIndex=0, commits[f3174d56-9988-40ec-970b-d447ed545dfb:c6296, 3e713ff3-0d17-449f-90fa-609b20cf4c10:c6295, 34290298-343f-405c-af97-b2d19041b010:c6295]
2019-09-11 09:06:57,040 [grpc-default-executor-1] INFO  client.GrpcClientProtocolClient (GrpcClientProtocolClient.java:onNext(264)) - client-B22ED198845A->f3174d56-9988-40ec-970b-d447ed545dfb: receive RaftClientReply:client-B22ED198845A->f3174d56-9988-40ec-970b-d447ed545dfb@group-47B82E5F6106, cid=4162, SUCCESS, logIndex=6298, commits[f3174d56-9988-40ec-970b-d447ed545dfb:c6299, 3e713ff3-0d17-449f-90fa-609b20cf4c10:c6295, 34290298-343f-405c-af97-b2d19041b010:c6297]
2019-09-11 09:06:57,040 [grpc-default-executor-1] INFO  client.GrpcClientProtocolClient (GrpcClientProtocolClient.java:onNext(264)) - client-B22ED198845A->f3174d56-9988-40ec-970b-d447ed545dfb: receive RaftClientReply:client-B22ED198845A->f3174d56-9988-40ec-970b-d447ed545dfb@group-47B82E5F6106, cid=4163, SUCCESS, logIndex=6299, commits[f3174d56-9988-40ec-970b-d447ed545dfb:c6300, 3e713ff3-0d17-449f-90fa-609b20cf4c10:c6297, 34290298-343f-405c-af97-b2d19041b010:c6297]
2019-09-11 09:06:57,040 [grpc-default-executor-1] INFO  client.GrpcClientProtocolClient (GrpcClientProtocolClient.java:onNext(264)) - client-B22ED198845A->f3174d56-9988-40ec-970b-d447ed545dfb: receive RaftClientReply:client-B22ED198845A->f3174d56-9988-40ec-970b-d447ed545dfb@group-47B82E5F6106, cid=4164, SUCCESS, logIndex=6300, commits[f3174d56-9988-40ec-970b-d447ed545dfb:c6301, 3e713ff3-0d17-449f-90fa-609b20cf4c10:c6297, 34290298-343f-405c-af97-b2d19041b010:c6297]
2019-09-11 09:06:57,040 [grpc-default-executor-1] INFO  client.GrpcClientProtocolClient (GrpcClientProtocolClient.java:onNext(264)) - client-B22ED198845A->f3174d56-9988-40ec-970b-d447ed545dfb: receive RaftClientReply:client-B22ED198845A->f3174d56-9988-40ec-970b-d447ed545dfb@group-47B82E5F6106, cid=4165, SUCCESS, logIndex=6301, commits[f3174d56-9988-40ec-970b-d447ed545dfb:c6301, 3e713ff3-0d17-449f-90fa-609b20cf4c10:c6297, 34290298-343f-405c-af97-b2d19041b010:c6297]
2019-09-11 09:06:57,054 [grpc-default-executor-1] INFO  client.GrpcClientProtocolClient (GrpcClientProtocolClient.java:onNext(264)) - client-B22ED198845A->f3174d56-9988-40ec-970b-d447ed545dfb: receive RaftClientReply:client-B22ED198845A->f3174d56-9988-40ec-970b-d447ed545dfb@group-47B82E5F6106, cid=4166, SUCCESS, logIndex=0, commits[f3174d56-9988-40ec-970b-d447ed545dfb:c6303, 3e713ff3-0d17-449f-90fa-609b20cf4c10:c6299, 34290298-343f-405c-af97-b2d19041b010:c6299]
2019-09-11 09:06:57,065 [grpc-default-executor-5] INFO  client.GrpcClientProtocolClient (GrpcClientProtocolClient.java:onNext(264)) - client-B22ED198845A->f3174d56-9988-40ec-970b-d447ed545dfb: receive RaftClientReply:client-B22ED198845A->f3174d56-9988-40ec-970b-d447ed545dfb@group-47B82E5F6106, cid=4167, SUCCESS, logIndex=6306, commits[f3174d56-9988-40ec-970b-d447ed545dfb:c6307, 3e713ff3-0d17-449f-90fa-609b20cf4c10:c6301, 34290298-343f-405c-af97-b2d19041b010:c6305]
2019-09-11 09:06:57,065 [grpc-default-executor-5] INFO  client.GrpcClientProtocolClient (GrpcClientProtocolClient.java:onNext(264)) - client-B22ED198845A->f3174d56-9988-40ec-970b-d447ed545dfb: receive RaftClientReply:client-B22ED198845A->f3174d56-9988-40ec-970b-d447ed545dfb@group-47B82E5F6106, cid=4168, SUCCESS, logIndex=6307, commits[f3174d56-9988-40ec-970b-d447ed545dfb:c6307, 3e713ff3-0d17-449f-90fa-609b20cf4c10:c6305, 34290298-343f-405c-af97-b2d19041b010:c6305]
 0.00% |█                                                                                                    |  0/1 Time: 0:00:37 0.00% |█                                                                                                    |  0/1 Time: 0:00:382019-09-11 09:06:58,833 [grpc-default-executor-1] INFO  client.GrpcClientProtocolClient (GrpcClientProtocolClient.java:onNext(264)) - client-B22ED198845A->f3174d56-9988-40ec-970b-d447ed545dfb: receive RaftClientReply:client-B22ED198845A->f3174d56-9988-40ec-970b-d447ed545dfb@group-47B82E5F6106, cid=4169, SUCCESS, logIndex=6310, commits[f3174d56-9988-40ec-970b-d447ed545dfb:c6311, 3e713ff3-0d17-449f-90fa-609b20cf4c10:c6309, 34290298-343f-405c-af97-b2d19041b010:c6309]
2019-09-11 09:06:58,833 [grpc-default-executor-1] INFO  client.GrpcClientProtocolClient (GrpcClientProtocolClient.java:onNext(264)) - client-B22ED198845A->f3174d56-9988-40ec-970b-d447ed545dfb: receive RaftClientReply:client-B22ED198845A->f3174d56-9988-40ec-970b-d447ed545dfb@group-47B82E5F6106, cid=4170, SUCCESS, logIndex=6311, commits[f3174d56-9988-40ec-970b-d447ed545dfb:c6311, 3e713ff3-0d17-449f-90fa-609b20cf4c10:c6309, 34290298-343f-405c-af97-b2d19041b010:c6309]
2019-09-11 09:06:58,836 [grpc-default-executor-1] INFO  client.GrpcClientProtocolClient (GrpcClientProtocolClient.java:onNext(264)) - client-B22ED198845A->f3174d56-9988-40ec-970b-d447ed545dfb: receive RaftClientReply:client-B22ED198845A->f3174d56-9988-40ec-970b-d447ed545dfb@group-47B82E5F6106, cid=4171, SUCCESS, logIndex=0, commits[f3174d56-9988-40ec-970b-d447ed545dfb:c6312, 3e713ff3-0d17-449f-90fa-609b20cf4c10:c6311, 34290298-343f-405c-af97-b2d19041b010:c6311]
2019-09-11 09:06:59,109 [grpc-default-executor-0] INFO  client.GrpcClientProtocolClient (GrpcClientProtocolClient.java:onNext(264)) - client-B22ED198845A->f3174d56-9988-40ec-970b-d447ed545dfb: receive RaftClientReply:client-B22ED198845A->f3174d56-9988-40ec-970b-d447ed545dfb@group-47B82E5F6106, cid=4172, SUCCESS, logIndex=6314, commits[f3174d56-9988-40ec-970b-d447ed545dfb:c6315, 3e713ff3-0d17-449f-90fa-609b20cf4c10:c6311, 34290298-343f-405c-af97-b2d19041b010:c6313]
2019-09-11 09:06:59,110 [grpc-default-executor-0] INFO  client.GrpcClientProtocolClient (GrpcClientProtocolClient.java:onNext(264)) - client-B22ED198845A->f3174d56-9988-40ec-970b-d447ed545dfb: receive RaftClientReply:client-B22ED198845A->f3174d56-9988-40ec-970b-d447ed545dfb@group-47B82E5F6106, cid=4173, SUCCESS, logIndex=6315, commits[f3174d56-9988-40ec-970b-d447ed545dfb:c6316, 3e713ff3-0d17-449f-90fa-609b20cf4c10:c6313, 34290298-343f-405c-af97-b2d19041b010:c6313]
2019-09-11 09:06:59,110 [grpc-default-executor-0] INFO  client.GrpcClientProtocolClient (GrpcClientProtocolClient.java:onNext(264)) - client-B22ED198845A->f3174d56-9988-40ec-970b-d447ed545dfb: receive RaftClientReply:client-B22ED198845A->f3174d56-9988-40ec-970b-d447ed545dfb@group-47B82E5F6106, cid=4174, SUCCESS, logIndex=6316, commits[f3174d56-9988-40ec-970b-d447ed545dfb:c6317, 3e713ff3-0d17-449f-90fa-609b20cf4c10:c6313, 34290298-343f-405c-af97-b2d19041b010:c6313]
2019-09-11 09:06:59,112 [grpc-default-executor-0] INFO  client.GrpcClientProtocolClient (GrpcClientProtocolClient.java:onNext(264)) - client-B22ED198845A->f3174d56-9988-40ec-970b-d447ed545dfb: receive RaftClientReply:client-B22ED198845A->f3174d56-9988-40ec-970b-d447ed545dfb@group-47B82E5F6106, cid=4175, SUCCESS, logIndex=6317, commits[f3174d56-9988-40ec-970b-d447ed545dfb:c6317, 3e713ff3-0d17-449f-90fa-609b20cf4c10:c6313, 34290298-343f-405c-af97-b2d19041b010:c6313]
2019-09-11 09:06:59,113 [grpc-default-executor-0] INFO  client.GrpcClientProtocolClient (GrpcClientProtocolClient.java:onNext(264)) - client-B22ED198845A->f3174d56-9988-40ec-970b-d447ed545dfb: receive RaftClientReply:client-B22ED198845A->f3174d56-9988-40ec-970b-d447ed545dfb@group-47B82E5F6106, cid=4176, SUCCESS, logIndex=0, commits[f3174d56-9988-40ec-970b-d447ed545dfb:c6319, 3e713ff3-0d17-449f-90fa-609b20cf4c10:c6315, 34290298-343f-405c-af97-b2d19041b010:c6315]
2019-09-11 09:06:59,133 [grpc-default-executor-0] INFO  client.GrpcClientProtocolClient (GrpcClientProtocolClient.java:onNext(264)) - client-B22ED198845A->f3174d56-9988-40ec-970b-d447ed545dfb: receive RaftClientReply:client-B22ED198845A->f3174d56-9988-40ec-970b-d447ed545dfb@group-47B82E5F6106, cid=4177, SUCCESS, logIndex=6322, commits[f3174d56-9988-40ec-970b-d447ed545dfb:c6323, 3e713ff3-0d17-449f-90fa-609b20cf4c10:c6317, 34290298-343f-405c-af97-b2d19041b010:c6319]
2019-09-11 09:06:59,133 [grpc-default-executor-0] INFO  client.GrpcClientProtocolClient (GrpcClientProtocolClient.java:onNext(264)) - client-B22ED198845A->f3174d56-9988-40ec-970b-d447ed545dfb: receive RaftClientReply:client-B22ED198845A->f3174d56-9988-40ec-970b-d447ed545dfb@group-47B82E5F6106, cid=4178, SUCCESS, logIndex=6323, commits[f3174d56-9988-40ec-970b-d447ed545dfb:c6323, 3e713ff3-0d17-449f-90fa-609b20cf4c10:c6319, 34290298-343f-405c-af97-b2d19041b010:c6319]
2019-09-11 09:06:59,164 [grpc-default-executor-5] INFO  client.GrpcClientProtocolClient (GrpcClientProtocolClient.java:onNext(264)) - client-B22ED198845A->f3174d56-9988-40ec-970b-d447ed545dfb: receive RaftClientReply:client-B22ED198845A->f3174d56-9988-40ec-970b-d447ed545dfb@group-47B82E5F6106, cid=4179, SUCCESS, logIndex=6326, commits[f3174d56-9988-40ec-970b-d447ed545dfb:c6327, 3e713ff3-0d17-449f-90fa-609b20cf4c10:c6324, 34290298-343f-405c-af97-b2d19041b010:c6324]
2019-09-11 09:06:59,164 [grpc-default-executor-5] INFO  client.GrpcClientProtocolClient (GrpcClientProtocolClient.java:onNext(264)) - client-B22ED198845A->f3174d56-9988-40ec-970b-d447ed545dfb: receive RaftClientReply:client-B22ED198845A->f3174d56-9988-40ec-970b-d447ed545dfb@group-47B82E5F6106, cid=4180, SUCCESS, logIndex=6327, commits[f3174d56-9988-40ec-970b-d447ed545dfb:c6327, 3e713ff3-0d17-449f-90fa-609b20cf4c10:c6324, 34290298-343f-405c-af97-b2d19041b010:c6324]
2019-09-11 09:06:59,176 [grpc-default-executor-5] INFO  client.GrpcClientProtocolClient (GrpcClientProtocolClient.java:onNext(264)) - client-B22ED198845A->f3174d56-9988-40ec-970b-d447ed545dfb: receive RaftClientReply:client-B22ED198845A->f3174d56-9988-40ec-970b-d447ed545dfb@group-47B82E5F6106, cid=4181, SUCCESS, logIndex=0, commits[f3174d56-9988-40ec-970b-d447ed545dfb:c6328, 3e713ff3-0d17-449f-90fa-609b20cf4c10:c6327, 34290298-343f-405c-af97-b2d19041b010:c6327]
2019-09-11 09:06:59,212 [grpc-default-executor-5] INFO  client.GrpcClientProtocolClient (GrpcClientProtocolClient.java:onNext(264)) - client-B22ED198845A->f3174d56-9988-40ec-970b-d447ed545dfb: receive RaftClientReply:client-B22ED198845A->f3174d56-9988-40ec-970b-d447ed545dfb@group-47B82E5F6106, cid=4182, SUCCESS, logIndex=6330, commits[f3174d56-9988-40ec-970b-d447ed545dfb:c6331, 3e713ff3-0d17-449f-90fa-609b20cf4c10:c6329, 34290298-343f-405c-af97-b2d19041b010:c6327]
2019-09-11 09:06:59,213 [grpc-default-executor-5] INFO  client.GrpcClientProtocolClient (GrpcClientProtocolClient.java:onNext(264)) - client-B22ED198845A->f3174d56-9988-40ec-970b-d447ed545dfb: receive RaftClientReply:client-B22ED198845A->f3174d56-9988-40ec-970b-d447ed545dfb@group-47B82E5F6106, cid=4183, SUCCESS, logIndex=6331, commits[f3174d56-9988-40ec-970b-d447ed545dfb:c6331, 3e713ff3-0d17-449f-90fa-609b20cf4c10:c6329, 34290298-343f-405c-af97-b2d19041b010:c6329]
2019-09-11 09:06:59,225 [grpc-default-executor-1] INFO  client.GrpcClientProtocolClient (GrpcClientProtocolClient.java:onNext(264)) - client-B22ED198845A->f3174d56-9988-40ec-970b-d447ed545dfb: receive RaftClientReply:client-B22ED198845A->f3174d56-9988-40ec-970b-d447ed545dfb@group-47B82E5F6106, cid=4184, SUCCESS, logIndex=6332, commits[f3174d56-9988-40ec-970b-d447ed545dfb:c6333, 3e713ff3-0d17-449f-90fa-609b20cf4c10:c6329, 34290298-343f-405c-af97-b2d19041b010:c6329]
2019-09-11 09:06:59,225 [grpc-default-executor-1] INFO  client.GrpcClientProtocolClient (GrpcClientProtocolClient.java:onNext(264)) - client-B22ED198845A->f3174d56-9988-40ec-970b-d447ed545dfb: receive RaftClientReply:client-B22ED198845A->f3174d56-9988-40ec-970b-d447ed545dfb@group-47B82E5F6106, cid=4185, SUCCESS, logIndex=6333, commits[f3174d56-9988-40ec-970b-d447ed545dfb:c6333, 3e713ff3-0d17-449f-90fa-609b20cf4c10:c6329, 34290298-343f-405c-af97-b2d19041b010:c6329]
2019-09-11 09:06:59,238 [grpc-default-executor-1] INFO  client.GrpcClientProtocolClient (GrpcClientProtocolClient.java:onNext(264)) - client-B22ED198845A->f3174d56-9988-40ec-970b-d447ed545dfb: receive RaftClientReply:client-B22ED198845A->f3174d56-9988-40ec-970b-d447ed545dfb@group-47B82E5F6106, cid=4186, SUCCESS, logIndex=0, commits[f3174d56-9988-40ec-970b-d447ed545dfb:c6335, 3e713ff3-0d17-449f-90fa-609b20cf4c10:c6331, 34290298-343f-405c-af97-b2d19041b010:c6331]
2019-09-11 09:06:59,256 [grpc-default-executor-1] INFO  client.GrpcClientProtocolClient (GrpcClientProtocolClient.java:onNext(264)) - client-B22ED198845A->f3174d56-9988-40ec-970b-d447ed545dfb: receive RaftClientReply:client-B22ED198845A->f3174d56-9988-40ec-970b-d447ed545dfb@group-47B82E5F6106, cid=4187, SUCCESS, logIndex=6338, commits[f3174d56-9988-40ec-970b-d447ed545dfb:c6338, 3e713ff3-0d17-449f-90fa-609b20cf4c10:c6337, 34290298-343f-405c-af97-b2d19041b010:c6337]
2019-09-11 09:06:59,257 [grpc-default-executor-1] INFO  client.GrpcClientProtocolClient (GrpcClientProtocolClient.java:onNext(264)) - client-B22ED198845A->f3174d56-9988-40ec-970b-d447ed545dfb: receive RaftClientReply:client-B22ED198845A->f3174d56-9988-40ec-970b-d447ed545dfb@group-47B82E5F6106, cid=4188, SUCCESS, logIndex=6339, commits[f3174d56-9988-40ec-970b-d447ed545dfb:c6339, 3e713ff3-0d17-449f-90fa-609b20cf4c10:c6337, 34290298-343f-405c-af97-b2d19041b010:c6337]
2019-09-11 09:06:59,274 [grpc-default-executor-1] INFO  client.GrpcClientProtocolClient (GrpcClientProtocolClient.java:onNext(264)) - client-B22ED198845A->f3174d56-9988-40ec-970b-d447ed545dfb: receive RaftClientReply:client-B22ED198845A->f3174d56-9988-40ec-970b-d447ed545dfb@group-47B82E5F6106, cid=4189, SUCCESS, logIndex=6342, commits[f3174d56-9988-40ec-970b-d447ed545dfb:c6342, 3e713ff3-0d17-449f-90fa-609b20cf4c10:c6339, 34290298-343f-405c-af97-b2d19041b010:c6339]
2019-09-11 09:06:59,274 [grpc-default-executor-1] INFO  client.GrpcClientProtocolClient (GrpcClientProtocolClient.java:onNext(264)) - client-B22ED198845A->f3174d56-9988-40ec-970b-d447ed545dfb: receive RaftClientReply:client-B22ED198845A->f3174d56-9988-40ec-970b-d447ed545dfb@group-47B82E5F6106, cid=4190, SUCCESS, logIndex=6343, commits[f3174d56-9988-40ec-970b-d447ed545dfb:c6343, 3e713ff3-0d17-449f-90fa-609b20cf4c10:c6339, 34290298-343f-405c-af97-b2d19041b010:c6339]
2019-09-11 09:06:59,281 [grpc-default-executor-1] INFO  client.GrpcClientProtocolClient (GrpcClientProtocolClient.java:onNext(264)) - client-B22ED198845A->f3174d56-9988-40ec-970b-d447ed545dfb: receive RaftClientReply:client-B22ED198845A->f3174d56-9988-40ec-970b-d447ed545dfb@group-47B82E5F6106, cid=4191, SUCCESS, logIndex=0, commits[f3174d56-9988-40ec-970b-d447ed545dfb:c6345, 3e713ff3-0d17-449f-90fa-609b20cf4c10:c6343, 34290298-343f-405c-af97-b2d19041b010:c6343]
2019-09-11 09:06:59,311 [grpc-default-executor-5] INFO  client.GrpcClientProtocolClient (GrpcClientProtocolClient.java:onNext(264)) - client-B22ED198845A->f3174d56-9988-40ec-970b-d447ed545dfb: receive RaftClientReply:client-B22ED198845A->f3174d56-9988-40ec-970b-d447ed545dfb@group-47B82E5F6106, cid=4192, SUCCESS, logIndex=6346, commits[f3174d56-9988-40ec-970b-d447ed545dfb:c6347, 3e713ff3-0d17-449f-90fa-609b20cf4c10:c6343, 34290298-343f-405c-af97-b2d19041b010:c6345]
2019-09-11 09:06:59,311 [grpc-default-executor-5] INFO  client.GrpcClientProtocolClient (GrpcClientProtocolClient.java:onNext(264)) - client-B22ED198845A->f3174d56-9988-40ec-970b-d447ed545dfb: receive RaftClientReply:client-B22ED198845A->f3174d56-9988-40ec-970b-d447ed545dfb@group-47B82E5F6106, cid=4193, SUCCESS, logIndex=6347, commits[f3174d56-9988-40ec-970b-d447ed545dfb:c6349, 3e713ff3-0d17-449f-90fa-609b20cf4c10:c6345, 34290298-343f-405c-af97-b2d19041b010:c6345]
2019-09-11 09:06:59,311 [grpc-default-executor-5] INFO  client.GrpcClientProtocolClient (GrpcClientProtocolClient.java:onNext(264)) - client-B22ED198845A->f3174d56-9988-40ec-970b-d447ed545dfb: receive RaftClientReply:client-B22ED198845A->f3174d56-9988-40ec-970b-d447ed545dfb@group-47B82E5F6106, cid=4194, SUCCESS, logIndex=6348, commits[f3174d56-9988-40ec-970b-d447ed545dfb:c6349, 3e713ff3-0d17-449f-90fa-609b20cf4c10:c6345, 34290298-343f-405c-af97-b2d19041b010:c6345]
2019-09-11 09:06:59,311 [grpc-default-executor-5] INFO  client.GrpcClientProtocolClient (GrpcClientProtocolClient.java:onNext(264)) - client-B22ED198845A->f3174d56-9988-40ec-970b-d447ed545dfb: receive RaftClientReply:client-B22ED198845A->f3174d56-9988-40ec-970b-d447ed545dfb@group-47B82E5F6106, cid=4195, SUCCESS, logIndex=6349, commits[f3174d56-9988-40ec-970b-d447ed545dfb:c6349, 3e713ff3-0d17-449f-90fa-609b20cf4c10:c6345, 34290298-343f-405c-af97-b2d19041b010:c6345]
2019-09-11 09:06:59,313 [grpc-default-executor-5] INFO  client.GrpcClientProtocolClient (GrpcClientProtocolClient.java:onNext(264)) - client-B22ED198845A->f3174d56-9988-40ec-970b-d447ed545dfb: receive RaftClientReply:client-B22ED198845A->f3174d56-9988-40ec-970b-d447ed545dfb@group-47B82E5F6106, cid=4196, SUCCESS, logIndex=0, commits[f3174d56-9988-40ec-970b-d447ed545dfb:c6350, 3e713ff3-0d17-449f-90fa-609b20cf4c10:c6347, 34290298-343f-405c-af97-b2d19041b010:c6347]
2019-09-11 09:06:59,322 [grpc-default-executor-0] INFO  client.GrpcClientProtocolClient (GrpcClientProtocolClient.java:onNext(264)) - client-B22ED198845A->f3174d56-9988-40ec-970b-d447ed545dfb: receive RaftClientReply:client-B22ED198845A->f3174d56-9988-40ec-970b-d447ed545dfb@group-47B82E5F6106, cid=4197, SUCCESS, logIndex=6354, commits[f3174d56-9988-40ec-970b-d447ed545dfb:c6355, 3e713ff3-0d17-449f-90fa-609b20cf4c10:c6349, 34290298-343f-405c-af97-b2d19041b010:c6353]
2019-09-11 09:06:59,322 [grpc-default-executor-0] INFO  client.GrpcClientProtocolClient (GrpcClientProtocolClient.java:onNext(264)) - client-B22ED198845A->f3174d56-9988-40ec-970b-d447ed545dfb: receive RaftClientReply:client-B22ED198845A->f3174d56-9988-40ec-970b-d447ed545dfb@group-47B82E5F6106, cid=4198, SUCCESS, logIndex=6355, commits[f3174d56-9988-40ec-970b-d447ed545dfb:c6355, 3e713ff3-0d17-449f-90fa-609b20cf4c10:c6349, 34290298-343f-405c-af97-b2d19041b010:c6353]
2019-09-11 09:06:59,332 [grpc-default-executor-5] INFO  client.GrpcClientProtocolClient (GrpcClientProtocolClient.java:onNext(264)) - client-B22ED198845A->f3174d56-9988-40ec-970b-d447ed545dfb: receive RaftClientReply:client-B22ED198845A->f3174d56-9988-40ec-970b-d447ed545dfb@group-47B82E5F6106, cid=4199, SUCCESS, logIndex=6358, commits[f3174d56-9988-40ec-970b-d447ed545dfb:c6359, 3e713ff3-0d17-449f-90fa-609b20cf4c10:c6355, 34290298-343f-405c-af97-b2d19041b010:c6356]
2019-09-11 09:06:59,332 [grpc-default-executor-5] INFO  client.GrpcClientProtocolClient (GrpcClientProtocolClient.java:onNext(264)) - client-B22ED198845A->f3174d56-9988-40ec-970b-d447ed545dfb: receive RaftClientReply:client-B22ED198845A->f3174d56-9988-40ec-970b-d447ed545dfb@group-47B82E5F6106, cid=4200, SUCCESS, logIndex=6359, commits[f3174d56-9988-40ec-970b-d447ed545dfb:c6359, 3e713ff3-0d17-449f-90fa-609b20cf4c10:c6356, 34290298-343f-405c-af97-b2d19041b010:c6356]
2019-09-11 09:06:59,335 [grpc-default-executor-5] INFO  client.GrpcClientProtocolClient (GrpcClientProtocolClient.java:onNext(264)) - client-B22ED198845A->f3174d56-9988-40ec-970b-d447ed545dfb: receive RaftClientReply:client-B22ED198845A->f3174d56-9988-40ec-970b-d447ed545dfb@group-47B82E5F6106, cid=4201, SUCCESS, logIndex=0, commits[f3174d56-9988-40ec-970b-d447ed545dfb:c6360, 3e713ff3-0d17-449f-90fa-609b20cf4c10:c6359, 34290298-343f-405c-af97-b2d19041b010:c6359]
2019-09-11 09:06:59,374 [grpc-default-executor-4] INFO  client.GrpcClientProtocolClient (GrpcClientProtocolClient.java:onNext(264)) - client-B22ED198845A->f3174d56-9988-40ec-970b-d447ed545dfb: receive RaftClientReply:client-B22ED198845A->f3174d56-9988-40ec-970b-d447ed545dfb@group-47B82E5F6106, cid=4202, SUCCESS, logIndex=6362, commits[f3174d56-9988-40ec-970b-d447ed545dfb:c6363, 3e713ff3-0d17-449f-90fa-609b20cf4c10:c6361, 34290298-343f-405c-af97-b2d19041b010:c6359]
2019-09-11 09:06:59,375 [grpc-default-executor-4] INFO  client.GrpcClientProtocolClient (GrpcClientProtocolClient.java:onNext(264)) - client-B22ED198845A->f3174d56-9988-40ec-970b-d447ed545dfb: receive RaftClientReply:client-B22ED198845A->f3174d56-9988-40ec-970b-d447ed545dfb@group-47B82E5F6106, cid=4203, SUCCESS, logIndex=6363, commits[f3174d56-9988-40ec-970b-d447ed545dfb:c6364, 3e713ff3-0d17-449f-90fa-609b20cf4c10:c6361, 34290298-343f-405c-af97-b2d19041b010:c6361]
2019-09-11 09:06:59,379 [grpc-default-executor-4] INFO  client.GrpcClientProtocolClient (GrpcClientProtocolClient.java:onNext(264)) - client-B22ED198845A->f3174d56-9988-40ec-970b-d447ed545dfb: receive RaftClientReply:client-B22ED198845A->f3174d56-9988-40ec-970b-d447ed545dfb@group-47B82E5F6106, cid=4204, SUCCESS, logIndex=6364, commits[f3174d56-9988-40ec-970b-d447ed545dfb:c6365, 3e713ff3-0d17-449f-90fa-609b20cf4c10:c6361, 34290298-343f-405c-af97-b2d19041b010:c6361]
2019-09-11 09:06:59,379 [grpc-default-executor-4] INFO  client.GrpcClientProtocolClient (GrpcClientProtocolClient.java:onNext(264)) - client-B22ED198845A->f3174d56-9988-40ec-970b-d447ed545dfb: receive RaftClientReply:client-B22ED198845A->f3174d56-9988-40ec-970b-d447ed545dfb@group-47B82E5F6106, cid=4205, SUCCESS, logIndex=6365, commits[f3174d56-9988-40ec-970b-d447ed545dfb:c6365, 3e713ff3-0d17-449f-90fa-609b20cf4c10:c6361, 34290298-343f-405c-af97-b2d19041b010:c6361]
2019-09-11 09:06:59,380 [grpc-default-executor-5] INFO  client.GrpcClientProtocolClient (GrpcClientProtocolClient.java:onNext(264)) - client-B22ED198845A->f3174d56-9988-40ec-970b-d447ed545dfb: receive RaftClientReply:client-B22ED198845A->f3174d56-9988-40ec-970b-d447ed545dfb@group-47B82E5F6106, cid=4206, SUCCESS, logIndex=0, commits[f3174d56-9988-40ec-970b-d447ed545dfb:c6369, 3e713ff3-0d17-449f-90fa-609b20cf4c10:c6364, 34290298-343f-405c-af97-b2d19041b010:c6365]
2019-09-11 09:06:59,399 [grpc-default-executor-1] INFO  client.GrpcClientProtocolClient (GrpcClientProtocolClient.java:onNext(264)) - client-B22ED198845A->f3174d56-9988-40ec-970b-d447ed545dfb: receive RaftClientReply:client-B22ED198845A->f3174d56-9988-40ec-970b-d447ed545dfb@group-47B82E5F6106, cid=4207, SUCCESS, logIndex=6370, commits[f3174d56-9988-40ec-970b-d447ed545dfb:c6371, 3e713ff3-0d17-449f-90fa-609b20cf4c10:c6365, 34290298-343f-405c-af97-b2d19041b010:c6369]
2019-09-11 09:06:59,399 [grpc-default-executor-1] INFO  client.GrpcClientProtocolClient (GrpcClientProtocolClient.java:onNext(264)) - client-B22ED198845A->f3174d56-9988-40ec-970b-d447ed545dfb: receive RaftClientReply:client-B22ED198845A->f3174d56-9988-40ec-970b-d447ed545dfb@group-47B82E5F6106, cid=4208, SUCCESS, logIndex=6371, commits[f3174d56-9988-40ec-970b-d447ed545dfb:c6371, 3e713ff3-0d17-449f-90fa-609b20cf4c10:c6369, 34290298-343f-405c-af97-b2d19041b010:c6369]
2019-09-11 09:06:59,424 [grpc-default-executor-4] INFO  client.GrpcClientProtocolClient (GrpcClientProtocolClient.java:onNext(264)) - client-B22ED198845A->f3174d56-9988-40ec-970b-d447ed545dfb: receive RaftClientReply:client-B22ED198845A->f3174d56-9988-40ec-970b-d447ed545dfb@group-47B82E5F6106, cid=4209, SUCCESS, logIndex=6374, commits[f3174d56-9988-40ec-970b-d447ed545dfb:c6374, 3e713ff3-0d17-449f-90fa-609b20cf4c10:c6371, 34290298-343f-405c-af97-b2d19041b010:c6371]
2019-09-11 09:06:59,424 [grpc-default-executor-4] INFO  client.GrpcClientProtocolClient (GrpcClientProtocolClient.java:onNext(264)) - client-B22ED198845A->f3174d56-9988-40ec-970b-d447ed545dfb: receive RaftClientReply:client-B22ED198845A->f3174d56-9988-40ec-970b-d447ed545dfb@group-47B82E5F6106, cid=4210, SUCCESS, logIndex=6375, commits[f3174d56-9988-40ec-970b-d447ed545dfb:c6375, 3e713ff3-0d17-449f-90fa-609b20cf4c10:c6371, 34290298-343f-405c-af97-b2d19041b010:c6371]
2019-09-11 09:06:59,450 [grpc-default-executor-4] INFO  client.GrpcClientProtocolClient (GrpcClientProtocolClient.java:onNext(264)) - client-B22ED198845A->f3174d56-9988-40ec-970b-d447ed545dfb: receive RaftClientReply:client-B22ED198845A->f3174d56-9988-40ec-970b-d447ed545dfb@group-47B82E5F6106, cid=4211, SUCCESS, logIndex=0, commits[f3174d56-9988-40ec-970b-d447ed545dfb:c6377, 3e713ff3-0d17-449f-90fa-609b20cf4c10:c6375, 34290298-343f-405c-af97-b2d19041b010:c6375]
2019-09-11 09:06:59,483 [grpc-default-executor-0] INFO  client.GrpcClientProtocolClient (GrpcClientProtocolClient.java:onNext(264)) - client-B22ED198845A->f3174d56-9988-40ec-970b-d447ed545dfb: receive RaftClientReply:client-B22ED198845A->f3174d56-9988-40ec-970b-d447ed545dfb@group-47B82E5F6106, cid=4212, SUCCESS, logIndex=6378, commits[f3174d56-9988-40ec-970b-d447ed545dfb:c6380, 3e713ff3-0d17-449f-90fa-609b20cf4c10:c6377, 34290298-343f-405c-af97-b2d19041b010:c6377]
2019-09-11 09:06:59,483 [grpc-default-executor-0] INFO  client.GrpcClientProtocolClient (GrpcClientProtocolClient.java:onNext(264)) - client-B22ED198845A->f3174d56-9988-40ec-970b-d447ed545dfb: receive RaftClientReply:client-B22ED198845A->f3174d56-9988-40ec-970b-d447ed545dfb@group-47B82E5F6106, cid=4213, SUCCESS, logIndex=6379, commits[f3174d56-9988-40ec-970b-d447ed545dfb:c6381, 3e713ff3-0d17-449f-90fa-609b20cf4c10:c6377, 34290298-343f-405c-af97-b2d19041b010:c6377]
2019-09-11 09:06:59,483 [grpc-default-executor-0] INFO  client.GrpcClientProtocolClient (GrpcClientProtocolClient.java:onNext(264)) - client-B22ED198845A->f3174d56-9988-40ec-970b-d447ed545dfb: receive RaftClientReply:client-B22ED198845A->f3174d56-9988-40ec-970b-d447ed545dfb@group-47B82E5F6106, cid=4214, SUCCESS, logIndex=6380, commits[f3174d56-9988-40ec-970b-d447ed545dfb:c6381, 3e713ff3-0d17-449f-90fa-609b20cf4c10:c6377, 34290298-343f-405c-af97-b2d19041b010:c6377]
2019-09-11 09:06:59,483 [grpc-default-executor-0] INFO  client.GrpcClientProtocolClient (GrpcClientProtocolClient.java:onNext(264)) - client-B22ED198845A->f3174d56-9988-40ec-970b-d447ed545dfb: receive RaftClientReply:client-B22ED198845A->f3174d56-9988-40ec-970b-d447ed545dfb@group-47B82E5F6106, cid=4215, SUCCESS, logIndex=6381, commits[f3174d56-9988-40ec-970b-d447ed545dfb:c6381, 3e713ff3-0d17-449f-90fa-609b20cf4c10:c6377, 34290298-343f-405c-af97-b2d19041b010:c6377]
2019-09-11 09:06:59,494 [grpc-default-executor-0] INFO  client.GrpcClientProtocolClient (GrpcClientProtocolClient.java:onNext(264)) - client-B22ED198845A->f3174d56-9988-40ec-970b-d447ed545dfb: receive RaftClientReply:client-B22ED198845A->f3174d56-9988-40ec-970b-d447ed545dfb@group-47B82E5F6106, cid=4216, SUCCESS, logIndex=0, commits[f3174d56-9988-40ec-970b-d447ed545dfb:c6382, 3e713ff3-0d17-449f-90fa-609b20cf4c10:c6379, 34290298-343f-405c-af97-b2d19041b010:c6379]
2019-09-11 09:06:59,514 [grpc-default-executor-1] INFO  client.GrpcClientProtocolClient (GrpcClientProtocolClient.java:onNext(264)) - client-B22ED198845A->f3174d56-9988-40ec-970b-d447ed545dfb: receive RaftClientReply:client-B22ED198845A->f3174d56-9988-40ec-970b-d447ed545dfb@group-47B82E5F6106, cid=4217, SUCCESS, logIndex=6386, commits[f3174d56-9988-40ec-970b-d447ed545dfb:c6386, 3e713ff3-0d17-449f-90fa-609b20cf4c10:c6385, 34290298-343f-405c-af97-b2d19041b010:c6385]
2019-09-11 09:06:59,515 [grpc-default-executor-1] INFO  client.GrpcClientProtocolClient (GrpcClientProtocolClient.java:onNext(264)) - client-B22ED198845A->f3174d56-9988-40ec-970b-d447ed545dfb: receive RaftClientReply:client-B22ED198845A->f3174d56-9988-40ec-970b-d447ed545dfb@group-47B82E5F6106, cid=4218, SUCCESS, logIndex=6387, commits[f3174d56-9988-40ec-970b-d447ed545dfb:c6387, 3e713ff3-0d17-449f-90fa-609b20cf4c10:c6385, 34290298-343f-405c-af97-b2d19041b010:c6385]
2019-09-11 09:06:59,532 [grpc-default-executor-1] INFO  client.GrpcClientProtocolClient (GrpcClientProtocolClient.java:onNext(264)) - client-B22ED198845A->f3174d56-9988-40ec-970b-d447ed545dfb: receive RaftClientReply:client-B22ED198845A->f3174d56-9988-40ec-970b-d447ed545dfb@group-47B82E5F6106, cid=4219, SUCCESS, logIndex=6390, commits[f3174d56-9988-40ec-970b-d447ed545dfb:c6390, 3e713ff3-0d17-449f-90fa-609b20cf4c10:c6387, 34290298-343f-405c-af97-b2d19041b010:c6387]
2019-09-11 09:06:59,532 [grpc-default-executor-1] INFO  client.GrpcClientProtocolClient (GrpcClientProtocolClient.java:onNext(264)) - client-B22ED198845A->f3174d56-9988-40ec-970b-d447ed545dfb: receive RaftClientReply:client-B22ED198845A->f3174d56-9988-40ec-970b-d447ed545dfb@group-47B82E5F6106, cid=4220, SUCCESS, logIndex=6391, commits[f3174d56-9988-40ec-970b-d447ed545dfb:c6391, 3e713ff3-0d17-449f-90fa-609b20cf4c10:c6387, 34290298-343f-405c-af97-b2d19041b010:c6387]
2019-09-11 09:06:59,538 [grpc-default-executor-0] INFO  client.GrpcClientProtocolClient (GrpcClientProtocolClient.java:onNext(264)) - client-B22ED198845A->f3174d56-9988-40ec-970b-d447ed545dfb: receive RaftClientReply:client-B22ED198845A->f3174d56-9988-40ec-970b-d447ed545dfb@group-47B82E5F6106, cid=4221, SUCCESS, logIndex=0, commits[f3174d56-9988-40ec-970b-d447ed545dfb:c6393, 3e713ff3-0d17-449f-90fa-609b20cf4c10:c6391, 34290298-343f-405c-af97-b2d19041b010:c6391]
2019-09-11 09:06:59,564 [grpc-default-executor-0] INFO  client.GrpcClientProtocolClient (GrpcClientProtocolClient.java:onNext(264)) - client-B22ED198845A->f3174d56-9988-40ec-970b-d447ed545dfb: receive RaftClientReply:client-B22ED198845A->f3174d56-9988-40ec-970b-d447ed545dfb@group-47B82E5F6106, cid=4222, SUCCESS, logIndex=6394, commits[f3174d56-9988-40ec-970b-d447ed545dfb:c6397, 3e713ff3-0d17-449f-90fa-609b20cf4c10:c6393, 34290298-343f-405c-af97-b2d19041b010:c6393]
2019-09-11 09:06:59,565 [grpc-default-executor-0] INFO  client.GrpcClientProtocolClient (GrpcClientProtocolClient.java:onNext(264)) - client-B22ED198845A->f3174d56-9988-40ec-970b-d447ed545dfb: receive RaftClientReply:client-B22ED198845A->f3174d56-9988-40ec-970b-d447ed545dfb@group-47B82E5F6106, cid=4223, SUCCESS, logIndex=6395, commits[f3174d56-9988-40ec-970b-d447ed545dfb:c6397, 3e713ff3-0d17-449f-90fa-609b20cf4c10:c6393, 34290298-343f-405c-af97-b2d19041b010:c6393]
2019-09-11 09:06:59,565 [grpc-default-executor-0] INFO  client.GrpcClientProtocolClient (GrpcClientProtocolClient.java:onNext(264)) - client-B22ED198845A->f3174d56-9988-40ec-970b-d447ed545dfb: receive RaftClientReply:client-B22ED198845A->f3174d56-9988-40ec-970b-d447ed545dfb@group-47B82E5F6106, cid=4224, SUCCESS, logIndex=6396, commits[f3174d56-9988-40ec-970b-d447ed545dfb:c6397, 3e713ff3-0d17-449f-90fa-609b20cf4c10:c6393, 34290298-343f-405c-af97-b2d19041b010:c6393]
2019-09-11 09:06:59,565 [grpc-default-executor-0] INFO  client.GrpcClientProtocolClient (GrpcClientProtocolClient.java:onNext(264)) - client-B22ED198845A->f3174d56-9988-40ec-970b-d447ed545dfb: receive RaftClientReply:client-B22ED198845A->f3174d56-9988-40ec-970b-d447ed545dfb@group-47B82E5F6106, cid=4225, SUCCESS, logIndex=6397, commits[f3174d56-9988-40ec-970b-d447ed545dfb:c6397, 3e713ff3-0d17-449f-90fa-609b20cf4c10:c6393, 34290298-343f-405c-af97-b2d19041b010:c6393]
2019-09-11 09:06:59,568 [grpc-default-executor-0] INFO  client.GrpcClientProtocolClient (GrpcClientProtocolClient.java:onNext(264)) - client-B22ED198845A->f3174d56-9988-40ec-970b-d447ed545dfb: receive RaftClientReply:client-B22ED198845A->f3174d56-9988-40ec-970b-d447ed545dfb@group-47B82E5F6106, cid=4226, SUCCESS, logIndex=0, commits[f3174d56-9988-40ec-970b-d447ed545dfb:c6398, 3e713ff3-0d17-449f-90fa-609b20cf4c10:c6396, 34290298-343f-405c-af97-b2d19041b010:c6396]
2019-09-11 09:06:59,577 [grpc-default-executor-0] INFO  client.GrpcClientProtocolClient (GrpcClientProtocolClient.java:onNext(264)) - client-B22ED198845A->f3174d56-9988-40ec-970b-d447ed545dfb: receive RaftClientReply:client-B22ED198845A->f3174d56-9988-40ec-970b-d447ed545dfb@group-47B82E5F6106, cid=4227, SUCCESS, logIndex=6401, commits[f3174d56-9988-40ec-970b-d447ed545dfb:c6402, 3e713ff3-0d17-449f-90fa-609b20cf4c10:c6400, 34290298-343f-405c-af97-b2d19041b010:c6397]
2019-09-11 09:06:59,577 [grpc-default-executor-0] INFO  client.GrpcClientProtocolClient (GrpcClientProtocolClient.java:onNext(264)) - client-B22ED198845A->f3174d56-9988-40ec-970b-d447ed545dfb: receive RaftClientReply:client-B22ED198845A->f3174d56-9988-40ec-970b-d447ed545dfb@group-47B82E5F6106, cid=4228, SUCCESS, logIndex=6402, commits[f3174d56-9988-40ec-970b-d447ed545dfb:c6402, 3e713ff3-0d17-449f-90fa-609b20cf4c10:c6400, 34290298-343f-405c-af97-b2d19041b010:c6397]
2019-09-11 09:06:59,587 [grpc-default-executor-4] INFO  client.GrpcClientProtocolClient (GrpcClientProtocolClient.java:onNext(264)) - client-B22ED198845A->f3174d56-9988-40ec-970b-d447ed545dfb: receive RaftClientReply:client-B22ED198845A->f3174d56-9988-40ec-970b-d447ed545dfb@group-47B82E5F6106, cid=4229, SUCCESS, logIndex=6405, commits[f3174d56-9988-40ec-970b-d447ed545dfb:c6406, 3e713ff3-0d17-449f-90fa-609b20cf4c10:c6403, 34290298-343f-405c-af97-b2d19041b010:c6402]
2019-09-11 09:06:59,588 [grpc-default-executor-4] INFO  client.GrpcClientProtocolClient (GrpcClientProtocolClient.java:onNext(264)) - client-B22ED198845A->f3174d56-9988-40ec-970b-d447ed545dfb: receive RaftClientReply:client-B22ED198845A->f3174d56-9988-40ec-970b-d447ed545dfb@group-47B82E5F6106, cid=4230, SUCCESS, logIndex=6406, commits[f3174d56-9988-40ec-970b-d447ed545dfb:c6406, 3e713ff3-0d17-449f-90fa-609b20cf4c10:c6403, 34290298-343f-405c-af97-b2d19041b010:c6402]
2019-09-11 09:06:59,590 [grpc-default-executor-4] INFO  client.GrpcClientProtocolClient (GrpcClientProtocolClient.java:onNext(264)) - client-B22ED198845A->f3174d56-9988-40ec-970b-d447ed545dfb: receive RaftClientReply:client-B22ED198845A->f3174d56-9988-40ec-970b-d447ed545dfb@group-47B82E5F6106, cid=4231, SUCCESS, logIndex=0, commits[f3174d56-9988-40ec-970b-d447ed545dfb:c6407, 3e713ff3-0d17-449f-90fa-609b20cf4c10:c6406, 34290298-343f-405c-af97-b2d19041b010:c6406]
 0.00% |█                                                                                                    |  0/1 Time: 0:00:392019-09-11 09:06:59,628 [grpc-default-executor-4] INFO  client.GrpcClientProtocolClient (GrpcClientProtocolClient.java:onNext(264)) - client-B22ED198845A->f3174d56-9988-40ec-970b-d447ed545dfb: receive RaftClientReply:client-B22ED198845A->f3174d56-9988-40ec-970b-d447ed545dfb@group-47B82E5F6106, cid=4232, SUCCESS, logIndex=6408, commits[f3174d56-9988-40ec-970b-d447ed545dfb:c6409, 3e713ff3-0d17-449f-90fa-609b20cf4c10:c6407, 34290298-343f-405c-af97-b2d19041b010:c6407]
2019-09-11 09:06:59,629 [grpc-default-executor-4] INFO  client.GrpcClientProtocolClient (GrpcClientProtocolClient.java:onNext(264)) - client-B22ED198845A->f3174d56-9988-40ec-970b-d447ed545dfb: receive RaftClientReply:client-B22ED198845A->f3174d56-9988-40ec-970b-d447ed545dfb@group-47B82E5F6106, cid=4233, SUCCESS, logIndex=6409, commits[f3174d56-9988-40ec-970b-d447ed545dfb:c6409, 3e713ff3-0d17-449f-90fa-609b20cf4c10:c6407, 34290298-343f-405c-af97-b2d19041b010:c6407]
2019-09-11 09:06:59,630 [grpc-default-executor-4] INFO  client.GrpcClientProtocolClient (GrpcClientProtocolClient.java:onNext(264)) - client-B22ED198845A->f3174d56-9988-40ec-970b-d447ed545dfb: receive RaftClientReply:client-B22ED198845A->f3174d56-9988-40ec-970b-d447ed545dfb@group-47B82E5F6106, cid=4234, SUCCESS, logIndex=6410, commits[f3174d56-9988-40ec-970b-d447ed545dfb:c6411, 3e713ff3-0d17-449f-90fa-609b20cf4c10:c6407, 34290298-343f-405c-af97-b2d19041b010:c6407]
2019-09-11 09:06:59,630 [grpc-default-executor-4] INFO  client.GrpcClientProtocolClient (GrpcClientProtocolClient.java:onNext(264)) - client-B22ED198845A->f3174d56-9988-40ec-970b-d447ed545dfb: receive RaftClientReply:client-B22ED198845A->f3174d56-9988-40ec-970b-d447ed545dfb@group-47B82E5F6106, cid=4235, SUCCESS, logIndex=6411, commits[f3174d56-9988-40ec-970b-d447ed545dfb:c6411, 3e713ff3-0d17-449f-90fa-609b20cf4c10:c6407, 34290298-343f-405c-af97-b2d19041b010:c6407]
2019-09-11 09:06:59,655 [grpc-default-executor-4] INFO  client.GrpcClientProtocolClient (GrpcClientProtocolClient.java:onNext(264)) - client-B22ED198845A->f3174d56-9988-40ec-970b-d447ed545dfb: receive RaftClientReply:client-B22ED198845A->f3174d56-9988-40ec-970b-d447ed545dfb@group-47B82E5F6106, cid=4236, SUCCESS, logIndex=0, commits[f3174d56-9988-40ec-970b-d447ed545dfb:c6413, 3e713ff3-0d17-449f-90fa-609b20cf4c10:c6409, 34290298-343f-405c-af97-b2d19041b010:c6409]
2019-09-11 09:06:59,674 [grpc-default-executor-0] INFO  client.GrpcClientProtocolClient (GrpcClientProtocolClient.java:onNext(264)) - client-B22ED198845A->f3174d56-9988-40ec-970b-d447ed545dfb: receive RaftClientReply:client-B22ED198845A->f3174d56-9988-40ec-970b-d447ed545dfb@group-47B82E5F6106, cid=4237, SUCCESS, logIndex=6416, commits[f3174d56-9988-40ec-970b-d447ed545dfb:c6416, 3e713ff3-0d17-449f-90fa-609b20cf4c10:c6415, 34290298-343f-405c-af97-b2d19041b010:c6415]
2019-09-11 09:06:59,675 [grpc-default-executor-0] INFO  client.GrpcClientProtocolClient (GrpcClientProtocolClient.java:onNext(264)) - client-B22ED198845A->f3174d56-9988-40ec-970b-d447ed545dfb: receive RaftClientReply:client-B22ED198845A->f3174d56-9988-40ec-970b-d447ed545dfb@group-47B82E5F6106, cid=4238, SUCCESS, logIndex=6417, commits[f3174d56-9988-40ec-970b-d447ed545dfb:c6417, 3e713ff3-0d17-449f-90fa-609b20cf4c10:c6415, 34290298-343f-405c-af97-b2d19041b010:c6415]
2019-09-11 09:07:00,042 [grpc-default-executor-1] INFO  client.GrpcClientProtocolClient (GrpcClientProtocolClient.java:onNext(264)) - client-B22ED198845A->f3174d56-9988-40ec-970b-d447ed545dfb: receive RaftClientReply:client-B22ED198845A->f3174d56-9988-40ec-970b-d447ed545dfb@group-47B82E5F6106, cid=4239, SUCCESS, logIndex=6420, commits[f3174d56-9988-40ec-970b-d447ed545dfb:c6420, 3e713ff3-0d17-449f-90fa-609b20cf4c10:c6417, 34290298-343f-405c-af97-b2d19041b010:c6416]
2019-09-11 09:07:00,042 [grpc-default-executor-1] INFO  client.GrpcClientProtocolClient (GrpcClientProtocolClient.java:onNext(264)) - client-B22ED198845A->f3174d56-9988-40ec-970b-d447ed545dfb: receive RaftClientReply:client-B22ED198845A->f3174d56-9988-40ec-970b-d447ed545dfb@group-47B82E5F6106, cid=4240, SUCCESS, logIndex=6421, commits[f3174d56-9988-40ec-970b-d447ed545dfb:c6421, 3e713ff3-0d17-449f-90fa-609b20cf4c10:c6417, 34290298-343f-405c-af97-b2d19041b010:c6417]
2019-09-11 09:07:00,055 [grpc-default-executor-1] INFO  client.GrpcClientProtocolClient (GrpcClientProtocolClient.java:onNext(264)) - client-B22ED198845A->f3174d56-9988-40ec-970b-d447ed545dfb: receive RaftClientReply:client-B22ED198845A->f3174d56-9988-40ec-970b-d447ed545dfb@group-47B82E5F6106, cid=4241, SUCCESS, logIndex=0, commits[f3174d56-9988-40ec-970b-d447ed545dfb:c6423, 3e713ff3-0d17-449f-90fa-609b20cf4c10:c6421, 34290298-343f-405c-af97-b2d19041b010:c6421]
2019-09-11 09:07:00,089 [grpc-default-executor-0] INFO  client.GrpcClientProtocolClient (GrpcClientProtocolClient.java:onNext(264)) - client-B22ED198845A->f3174d56-9988-40ec-970b-d447ed545dfb: receive RaftClientReply:client-B22ED198845A->f3174d56-9988-40ec-970b-d447ed545dfb@group-47B82E5F6106, cid=4242, SUCCESS, logIndex=6424, commits[f3174d56-9988-40ec-970b-d447ed545dfb:c6425, 3e713ff3-0d17-449f-90fa-609b20cf4c10:c6423, 34290298-343f-405c-af97-b2d19041b010:c6423]
2019-09-11 09:07:00,089 [grpc-default-executor-0] INFO  client.GrpcClientProtocolClient (GrpcClientProtocolClient.java:onNext(264)) - client-B22ED198845A->f3174d56-9988-40ec-970b-d447ed545dfb: receive RaftClientReply:client-B22ED198845A->f3174d56-9988-40ec-970b-d447ed545dfb@group-47B82E5F6106, cid=4243, SUCCESS, logIndex=6425, commits[f3174d56-9988-40ec-970b-d447ed545dfb:c6425, 3e713ff3-0d17-449f-90fa-609b20cf4c10:c6423, 34290298-343f-405c-af97-b2d19041b010:c6423]
2019-09-11 09:07:00,100 [grpc-default-executor-4] INFO  client.GrpcClientProtocolClient (GrpcClientProtocolClient.java:onNext(264)) - client-B22ED198845A->f3174d56-9988-40ec-970b-d447ed545dfb: receive RaftClientReply:client-B22ED198845A->f3174d56-9988-40ec-970b-d447ed545dfb@group-47B82E5F6106, cid=4244, SUCCESS, logIndex=6426, commits[f3174d56-9988-40ec-970b-d447ed545dfb:c6427, 3e713ff3-0d17-449f-90fa-609b20cf4c10:c6423, 34290298-343f-405c-af97-b2d19041b010:c6423]
2019-09-11 09:07:00,101 [grpc-default-executor-4] INFO  client.GrpcClientProtocolClient (GrpcClientProtocolClient.java:onNext(264)) - client-B22ED198845A->f3174d56-9988-40ec-970b-d447ed545dfb: receive RaftClientReply:client-B22ED198845A->f3174d56-9988-40ec-970b-d447ed545dfb@group-47B82E5F6106, cid=4245, SUCCESS, logIndex=6427, commits[f3174d56-9988-40ec-970b-d447ed545dfb:c6427, 3e713ff3-0d17-449f-90fa-609b20cf4c10:c6423, 34290298-343f-405c-af97-b2d19041b010:c6423]
2019-09-11 09:07:00,112 [grpc-default-executor-4] INFO  client.GrpcClientProtocolClient (GrpcClientProtocolClient.java:onNext(264)) - client-B22ED198845A->f3174d56-9988-40ec-970b-d447ed545dfb: receive RaftClientReply:client-B22ED198845A->f3174d56-9988-40ec-970b-d447ed545dfb@group-47B82E5F6106, cid=4246, SUCCESS, logIndex=0, commits[f3174d56-9988-40ec-970b-d447ed545dfb:c6429, 3e713ff3-0d17-449f-90fa-609b20cf4c10:c6425, 34290298-343f-405c-af97-b2d19041b010:c6425]
2019-09-11 09:07:00,134 [grpc-default-executor-1] INFO  client.GrpcClientProtocolClient (GrpcClientProtocolClient.java:onNext(264)) - client-B22ED198845A->f3174d56-9988-40ec-970b-d447ed545dfb: receive RaftClientReply:client-B22ED198845A->f3174d56-9988-40ec-970b-d447ed545dfb@group-47B82E5F6106, cid=4247, SUCCESS, logIndex=6432, commits[f3174d56-9988-40ec-970b-d447ed545dfb:c6433, 3e713ff3-0d17-449f-90fa-609b20cf4c10:c6431, 34290298-343f-405c-af97-b2d19041b010:c6431]
2019-09-11 09:07:00,134 [grpc-default-executor-1] INFO  client.GrpcClientProtocolClient (GrpcClientProtocolClient.java:onNext(264)) - client-B22ED198845A->f3174d56-9988-40ec-970b-d447ed545dfb: receive RaftClientReply:client-B22ED198845A->f3174d56-9988-40ec-970b-d447ed545dfb@group-47B82E5F6106, cid=4248, SUCCESS, logIndex=6433, commits[f3174d56-9988-40ec-970b-d447ed545dfb:c6433, 3e713ff3-0d17-449f-90fa-609b20cf4c10:c6431, 34290298-343f-405c-af97-b2d19041b010:c6431]
2019-09-11 09:07:00,150 [grpc-default-executor-1] INFO  client.GrpcClientProtocolClient (GrpcClientProtocolClient.java:onNext(264)) - client-B22ED198845A->f3174d56-9988-40ec-970b-d447ed545dfb: receive RaftClientReply:client-B22ED198845A->f3174d56-9988-40ec-970b-d447ed545dfb@group-47B82E5F6106, cid=4249, SUCCESS, logIndex=6436, commits[f3174d56-9988-40ec-970b-d447ed545dfb:c6437, 3e713ff3-0d17-449f-90fa-609b20cf4c10:c6433, 34290298-343f-405c-af97-b2d19041b010:c6433]
2019-09-11 09:07:00,151 [grpc-default-executor-1] INFO  client.GrpcClientProtocolClient (GrpcClientProtocolClient.java:onNext(264)) - client-B22ED198845A->f3174d56-9988-40ec-970b-d447ed545dfb: receive RaftClientReply:client-B22ED198845A->f3174d56-9988-40ec-970b-d447ed545dfb@group-47B82E5F6106, cid=4250, SUCCESS, logIndex=6437, commits[f3174d56-9988-40ec-970b-d447ed545dfb:c6437, 3e713ff3-0d17-449f-90fa-609b20cf4c10:c6433, 34290298-343f-405c-af97-b2d19041b010:c6433]
2019-09-11 09:07:00,163 [grpc-default-executor-1] INFO  client.GrpcClientProtocolClient (GrpcClientProtocolClient.java:onNext(264)) - client-B22ED198845A->f3174d56-9988-40ec-970b-d447ed545dfb: receive RaftClientReply:client-B22ED198845A->f3174d56-9988-40ec-970b-d447ed545dfb@group-47B82E5F6106, cid=4251, SUCCESS, logIndex=0, commits[f3174d56-9988-40ec-970b-d447ed545dfb:c6438, 3e713ff3-0d17-449f-90fa-609b20cf4c10:c6437, 34290298-343f-405c-af97-b2d19041b010:c6437]
2019-09-11 09:07:00,213 [grpc-default-executor-0] INFO  client.GrpcClientProtocolClient (GrpcClientProtocolClient.java:onNext(264)) - client-B22ED198845A->f3174d56-9988-40ec-970b-d447ed545dfb: receive RaftClientReply:client-B22ED198845A->f3174d56-9988-40ec-970b-d447ed545dfb@group-47B82E5F6106, cid=4252, SUCCESS, logIndex=6440, commits[f3174d56-9988-40ec-970b-d447ed545dfb:c6441, 3e713ff3-0d17-449f-90fa-609b20cf4c10:c6439, 34290298-343f-405c-af97-b2d19041b010:c6439]
2019-09-11 09:07:00,214 [grpc-default-executor-0] INFO  client.GrpcClientProtocolClient (GrpcClientProtocolClient.java:onNext(264)) - client-B22ED198845A->f3174d56-9988-40ec-970b-d447ed545dfb: receive RaftClientReply:client-B22ED198845A->f3174d56-9988-40ec-970b-d447ed545dfb@group-47B82E5F6106, cid=4253, SUCCESS, logIndex=6441, commits[f3174d56-9988-40ec-970b-d447ed545dfb:c6443, 3e713ff3-0d17-449f-90fa-609b20cf4c10:c6439, 34290298-343f-405c-af97-b2d19041b010:c6439]
2019-09-11 09:07:00,215 [grpc-default-executor-0] INFO  client.GrpcClientProtocolClient (GrpcClientProtocolClient.java:onNext(264)) - client-B22ED198845A->f3174d56-9988-40ec-970b-d447ed545dfb: receive RaftClientReply:client-B22ED198845A->f3174d56-9988-40ec-970b-d447ed545dfb@group-47B82E5F6106, cid=4254, SUCCESS, logIndex=6442, commits[f3174d56-9988-40ec-970b-d447ed545dfb:c6443, 3e713ff3-0d17-449f-90fa-609b20cf4c10:c6439, 34290298-343f-405c-af97-b2d19041b010:c6439]
2019-09-11 09:07:00,215 [grpc-default-executor-1] INFO  client.GrpcClientProtocolClient (GrpcClientProtocolClient.java:onNext(264)) - client-B22ED198845A->f3174d56-9988-40ec-970b-d447ed545dfb: receive RaftClientReply:client-B22ED198845A->f3174d56-9988-40ec-970b-d447ed545dfb@group-47B82E5F6106, cid=4255, SUCCESS, logIndex=6443, commits[f3174d56-9988-40ec-970b-d447ed545dfb:c6443, 3e713ff3-0d17-449f-90fa-609b20cf4c10:c6439, 34290298-343f-405c-af97-b2d19041b010:c6439]
2019-09-11 09:07:00,231 [grpc-default-executor-1] INFO  client.GrpcClientProtocolClient (GrpcClientProtocolClient.java:onNext(264)) - client-B22ED198845A->f3174d56-9988-40ec-970b-d447ed545dfb: receive RaftClientReply:client-B22ED198845A->f3174d56-9988-40ec-970b-d447ed545dfb@group-47B82E5F6106, cid=4256, SUCCESS, logIndex=0, commits[f3174d56-9988-40ec-970b-d447ed545dfb:c6446, 3e713ff3-0d17-449f-90fa-609b20cf4c10:c6441, 34290298-343f-405c-af97-b2d19041b010:c6443]
2019-09-11 09:07:00,252 [grpc-default-executor-1] INFO  client.GrpcClientProtocolClient (GrpcClientProtocolClient.java:onNext(264)) - client-B22ED198845A->f3174d56-9988-40ec-970b-d447ed545dfb: receive RaftClientReply:client-B22ED198845A->f3174d56-9988-40ec-970b-d447ed545dfb@group-47B82E5F6106, cid=4257, SUCCESS, logIndex=6447, commits[f3174d56-9988-40ec-970b-d447ed545dfb:c6448, 3e713ff3-0d17-449f-90fa-609b20cf4c10:c6446, 34290298-343f-405c-af97-b2d19041b010:c6446]
2019-09-11 09:07:00,252 [grpc-default-executor-1] INFO  client.GrpcClientProtocolClient (GrpcClientProtocolClient.java:onNext(264)) - client-B22ED198845A->f3174d56-9988-40ec-970b-d447ed545dfb: receive RaftClientReply:client-B22ED198845A->f3174d56-9988-40ec-970b-d447ed545dfb@group-47B82E5F6106, cid=4258, SUCCESS, logIndex=6448, commits[f3174d56-9988-40ec-970b-d447ed545dfb:c6448, 3e713ff3-0d17-449f-90fa-609b20cf4c10:c6446, 34290298-343f-405c-af97-b2d19041b010:c6446]
2019-09-11 09:07:00,279 [grpc-default-executor-1] INFO  client.GrpcClientProtocolClient (GrpcClientProtocolClient.java:onNext(264)) - client-B22ED198845A->f3174d56-9988-40ec-970b-d447ed545dfb: receive RaftClientReply:client-B22ED198845A->f3174d56-9988-40ec-970b-d447ed545dfb@group-47B82E5F6106, cid=4259, SUCCESS, logIndex=6451, commits[f3174d56-9988-40ec-970b-d447ed545dfb:c6452, 3e713ff3-0d17-449f-90fa-609b20cf4c10:c6448, 34290298-343f-405c-af97-b2d19041b010:c6448]
2019-09-11 09:07:00,280 [grpc-default-executor-1] INFO  client.GrpcClientProtocolClient (GrpcClientProtocolClient.java:onNext(264)) - client-B22ED198845A->f3174d56-9988-40ec-970b-d447ed545dfb: receive RaftClientReply:client-B22ED198845A->f3174d56-9988-40ec-970b-d447ed545dfb@group-47B82E5F6106, cid=4260, SUCCESS, logIndex=6452, commits[f3174d56-9988-40ec-970b-d447ed545dfb:c6452, 3e713ff3-0d17-449f-90fa-609b20cf4c10:c6448, 34290298-343f-405c-af97-b2d19041b010:c6448]
2019-09-11 09:07:00,292 [grpc-default-executor-1] INFO  client.GrpcClientProtocolClient (GrpcClientProtocolClient.java:onNext(264)) - client-B22ED198845A->f3174d56-9988-40ec-970b-d447ed545dfb: receive RaftClientReply:client-B22ED198845A->f3174d56-9988-40ec-970b-d447ed545dfb@group-47B82E5F6106, cid=4261, SUCCESS, logIndex=0, commits[f3174d56-9988-40ec-970b-d447ed545dfb:c6453, 3e713ff3-0d17-449f-90fa-609b20cf4c10:c6452, 34290298-343f-405c-af97-b2d19041b010:c6452]
2019-09-11 09:07:00,324 [grpc-default-executor-4] INFO  client.GrpcClientProtocolClient (GrpcClientProtocolClient.java:onNext(264)) - client-B22ED198845A->f3174d56-9988-40ec-970b-d447ed545dfb: receive RaftClientReply:client-B22ED198845A->f3174d56-9988-40ec-970b-d447ed545dfb@group-47B82E5F6106, cid=4262, SUCCESS, logIndex=6455, commits[f3174d56-9988-40ec-970b-d447ed545dfb:c6455, 3e713ff3-0d17-449f-90fa-609b20cf4c10:c6454, 34290298-343f-405c-af97-b2d19041b010:c6454]
2019-09-11 09:07:00,325 [grpc-default-executor-4] INFO  client.GrpcClientProtocolClient (GrpcClientProtocolClient.java:onNext(264)) - client-B22ED198845A->f3174d56-9988-40ec-970b-d447ed545dfb: receive RaftClientReply:client-B22ED198845A->f3174d56-9988-40ec-970b-d447ed545dfb@group-47B82E5F6106, cid=4263, SUCCESS, logIndex=6456, commits[f3174d56-9988-40ec-970b-d447ed545dfb:c6456, 3e713ff3-0d17-449f-90fa-609b20cf4c10:c6454, 34290298-343f-405c-af97-b2d19041b010:c6454]
2019-09-11 09:07:00,334 [grpc-default-executor-4] INFO  client.GrpcClientProtocolClient (GrpcClientProtocolClient.java:onNext(264)) - client-B22ED198845A->f3174d56-9988-40ec-970b-d447ed545dfb: receive RaftClientReply:client-B22ED198845A->f3174d56-9988-40ec-970b-d447ed545dfb@group-47B82E5F6106, cid=4264, SUCCESS, logIndex=6457, commits[f3174d56-9988-40ec-970b-d447ed545dfb:c6458, 3e713ff3-0d17-449f-90fa-609b20cf4c10:c6454, 34290298-343f-405c-af97-b2d19041b010:c6454]
2019-09-11 09:07:00,334 [grpc-default-executor-4] INFO  client.GrpcClientProtocolClient (GrpcClientProtocolClient.java:onNext(264)) - client-B22ED198845A->f3174d56-9988-40ec-970b-d447ed545dfb: receive RaftClientReply:client-B22ED198845A->f3174d56-9988-40ec-970b-d447ed545dfb@group-47B82E5F6106, cid=4265, SUCCESS, logIndex=6458, commits[f3174d56-9988-40ec-970b-d447ed545dfb:c6458, 3e713ff3-0d17-449f-90fa-609b20cf4c10:c6454, 34290298-343f-405c-af97-b2d19041b010:c6454]
2019-09-11 09:07:00,349 [grpc-default-executor-0] INFO  client.GrpcClientProtocolClient (GrpcClientProtocolClient.java:onNext(264)) - client-B22ED198845A->f3174d56-9988-40ec-970b-d447ed545dfb: receive RaftClientReply:client-B22ED198845A->f3174d56-9988-40ec-970b-d447ed545dfb@group-47B82E5F6106, cid=4266, SUCCESS, logIndex=0, commits[f3174d56-9988-40ec-970b-d447ed545dfb:c6460, 3e713ff3-0d17-449f-90fa-609b20cf4c10:c6456, 34290298-343f-405c-af97-b2d19041b010:c6456]
2019-09-11 09:07:00,369 [grpc-default-executor-4] INFO  client.GrpcClientProtocolClient (GrpcClientProtocolClient.java:onNext(264)) - client-B22ED198845A->f3174d56-9988-40ec-970b-d447ed545dfb: receive RaftClientReply:client-B22ED198845A->f3174d56-9988-40ec-970b-d447ed545dfb@group-47B82E5F6106, cid=4267, SUCCESS, logIndex=6463, commits[f3174d56-9988-40ec-970b-d447ed545dfb:c6464, 3e713ff3-0d17-449f-90fa-609b20cf4c10:c6462, 34290298-343f-405c-af97-b2d19041b010:c6462]
2019-09-11 09:07:00,369 [grpc-default-executor-4] INFO  client.GrpcClientProtocolClient (GrpcClientProtocolClient.java:onNext(264)) - client-B22ED198845A->f3174d56-9988-40ec-970b-d447ed545dfb: receive RaftClientReply:client-B22ED198845A->f3174d56-9988-40ec-970b-d447ed545dfb@group-47B82E5F6106, cid=4268, SUCCESS, logIndex=6464, commits[f3174d56-9988-40ec-970b-d447ed545dfb:c6464, 3e713ff3-0d17-449f-90fa-609b20cf4c10:c6462, 34290298-343f-405c-af97-b2d19041b010:c6462]
2019-09-11 09:07:00,499 [grpc-default-executor-4] INFO  client.GrpcClientProtocolClient (GrpcClientProtocolClient.java:onNext(264)) - client-B22ED198845A->f3174d56-9988-40ec-970b-d447ed545dfb: receive RaftClientReply:client-B22ED198845A->f3174d56-9988-40ec-970b-d447ed545dfb@group-47B82E5F6106, cid=4269, SUCCESS, logIndex=6467, commits[f3174d56-9988-40ec-970b-d447ed545dfb:c6468, 3e713ff3-0d17-449f-90fa-609b20cf4c10:c6464, 34290298-343f-405c-af97-b2d19041b010:c6464]
2019-09-11 09:07:00,499 [grpc-default-executor-4] INFO  client.GrpcClientProtocolClient (GrpcClientProtocolClient.java:onNext(264)) - client-B22ED198845A->f3174d56-9988-40ec-970b-d447ed545dfb: receive RaftClientReply:client-B22ED198845A->f3174d56-9988-40ec-970b-d447ed545dfb@group-47B82E5F6106, cid=4270, SUCCESS, logIndex=6468, commits[f3174d56-9988-40ec-970b-d447ed545dfb:c6468, 3e713ff3-0d17-449f-90fa-609b20cf4c10:c6464, 34290298-343f-405c-af97-b2d19041b010:c6464]
2019-09-11 09:07:00,510 [grpc-default-executor-4] INFO  client.GrpcClientProtocolClient (GrpcClientProtocolClient.java:onNext(264)) - client-B22ED198845A->f3174d56-9988-40ec-970b-d447ed545dfb: receive RaftClientReply:client-B22ED198845A->f3174d56-9988-40ec-970b-d447ed545dfb@group-47B82E5F6106, cid=4271, SUCCESS, logIndex=0, commits[f3174d56-9988-40ec-970b-d447ed545dfb:c6469, 3e713ff3-0d17-449f-90fa-609b20cf4c10:c6468, 34290298-343f-405c-af97-b2d19041b010:c6468]
2019-09-11 09:07:00,546 [grpc-default-executor-1] INFO  client.GrpcClientProtocolClient (GrpcClientProtocolClient.java:onNext(264)) - client-B22ED198845A->f3174d56-9988-40ec-970b-d447ed545dfb: receive RaftClientReply:client-B22ED198845A->f3174d56-9988-40ec-970b-d447ed545dfb@group-47B82E5F6106, cid=4272, SUCCESS, logIndex=6470, commits[f3174d56-9988-40ec-970b-d447ed545dfb:c6471, 3e713ff3-0d17-449f-90fa-609b20cf4c10:c6468, 34290298-343f-405c-af97-b2d19041b010:c6469]
2019-09-11 09:07:00,547 [grpc-default-executor-1] INFO  client.GrpcClientProtocolClient (GrpcClientProtocolClient.java:onNext(264)) - client-B22ED198845A->f3174d56-9988-40ec-970b-d447ed545dfb: receive RaftClientReply:client-B22ED198845A->f3174d56-9988-40ec-970b-d447ed545dfb@group-47B82E5F6106, cid=4273, SUCCESS, logIndex=6471, commits[f3174d56-9988-40ec-970b-d447ed545dfb:c6472, 3e713ff3-0d17-449f-90fa-609b20cf4c10:c6469, 34290298-343f-405c-af97-b2d19041b010:c6469]
2019-09-11 09:07:00,547 [grpc-default-executor-1] INFO  client.GrpcClientProtocolClient (GrpcClientProtocolClient.java:onNext(264)) - client-B22ED198845A->f3174d56-9988-40ec-970b-d447ed545dfb: receive RaftClientReply:client-B22ED198845A->f3174d56-9988-40ec-970b-d447ed545dfb@group-47B82E5F6106, cid=4274, SUCCESS, logIndex=6472, commits[f3174d56-9988-40ec-970b-d447ed545dfb:c6473, 3e713ff3-0d17-449f-90fa-609b20cf4c10:c6469, 34290298-343f-405c-af97-b2d19041b010:c6469]
2019-09-11 09:07:00,547 [grpc-default-executor-1] INFO  client.GrpcClientProtocolClient (GrpcClientProtocolClient.java:onNext(264)) - client-B22ED198845A->f3174d56-9988-40ec-970b-d447ed545dfb: receive RaftClientReply:client-B22ED198845A->f3174d56-9988-40ec-970b-d447ed545dfb@group-47B82E5F6106, cid=4275, SUCCESS, logIndex=6473, commits[f3174d56-9988-40ec-970b-d447ed545dfb:c6473, 3e713ff3-0d17-449f-90fa-609b20cf4c10:c6469, 34290298-343f-405c-af97-b2d19041b010:c6469]
2019-09-11 09:07:00,558 [grpc-default-executor-1] INFO  client.GrpcClientProtocolClient (GrpcClientProtocolClient.java:onNext(264)) - client-B22ED198845A->f3174d56-9988-40ec-970b-d447ed545dfb: receive RaftClientReply:client-B22ED198845A->f3174d56-9988-40ec-970b-d447ed545dfb@group-47B82E5F6106, cid=4276, SUCCESS, logIndex=0, commits[f3174d56-9988-40ec-970b-d447ed545dfb:c6474, 3e713ff3-0d17-449f-90fa-609b20cf4c10:c6471, 34290298-343f-405c-af97-b2d19041b010:c6471]
2019-09-11 09:07:00,577 [grpc-default-executor-0] INFO  client.GrpcClientProtocolClient (GrpcClientProtocolClient.java:onNext(264)) - client-B22ED198845A->f3174d56-9988-40ec-970b-d447ed545dfb: receive RaftClientReply:client-B22ED198845A->f3174d56-9988-40ec-970b-d447ed545dfb@group-47B82E5F6106, cid=4277, SUCCESS, logIndex=6477, commits[f3174d56-9988-40ec-970b-d447ed545dfb:c6478, 3e713ff3-0d17-449f-90fa-609b20cf4c10:c6476, 34290298-343f-405c-af97-b2d19041b010:c6476]
2019-09-11 09:07:00,577 [grpc-default-executor-0] INFO  client.GrpcClientProtocolClient (GrpcClientProtocolClient.java:onNext(264)) - client-B22ED198845A->f3174d56-9988-40ec-970b-d447ed545dfb: receive RaftClientReply:client-B22ED198845A->f3174d56-9988-40ec-970b-d447ed545dfb@group-47B82E5F6106, cid=4278, SUCCESS, logIndex=6478, commits[f3174d56-9988-40ec-970b-d447ed545dfb:c6478, 3e713ff3-0d17-449f-90fa-609b20cf4c10:c6476, 34290298-343f-405c-af97-b2d19041b010:c6476]
2019-09-11 09:07:00,604 [grpc-default-executor-0] INFO  client.GrpcClientProtocolClient (GrpcClientProtocolClient.java:onNext(264)) - client-B22ED198845A->f3174d56-9988-40ec-970b-d447ed545dfb: receive RaftClientReply:client-B22ED198845A->f3174d56-9988-40ec-970b-d447ed545dfb@group-47B82E5F6106, cid=4279, SUCCESS, logIndex=6481, commits[f3174d56-9988-40ec-970b-d447ed545dfb:c6482, 3e713ff3-0d17-449f-90fa-609b20cf4c10:c6478, 34290298-343f-405c-af97-b2d19041b010:c6478]
2019-09-11 09:07:00,604 [grpc-default-executor-0] INFO  client.GrpcClientProtocolClient (GrpcClientProtocolClient.java:onNext(264)) - client-B22ED198845A->f3174d56-9988-40ec-970b-d447ed545dfb: receive RaftClientReply:client-B22ED198845A->f3174d56-9988-40ec-970b-d447ed545dfb@group-47B82E5F6106, cid=4280, SUCCESS, logIndex=6482, commits[f3174d56-9988-40ec-970b-d447ed545dfb:c6482, 3e713ff3-0d17-449f-90fa-609b20cf4c10:c6478, 34290298-343f-405c-af97-b2d19041b010:c6478]
 0.00% |█                                                                                                    |  0/1 Time: 0:00:402019-09-11 09:07:00,624 [grpc-default-executor-0] INFO  client.GrpcClientProtocolClient (GrpcClientProtocolClient.java:onNext(264)) - client-B22ED198845A->f3174d56-9988-40ec-970b-d447ed545dfb: receive RaftClientReply:client-B22ED198845A->f3174d56-9988-40ec-970b-d447ed545dfb@group-47B82E5F6106, cid=4281, SUCCESS, logIndex=0, commits[f3174d56-9988-40ec-970b-d447ed545dfb:c6483, 3e713ff3-0d17-449f-90fa-609b20cf4c10:c6482, 34290298-343f-405c-af97-b2d19041b010:c6482]
2019-09-11 09:07:00,662 [grpc-default-executor-4] INFO  client.GrpcClientProtocolClient (GrpcClientProtocolClient.java:onNext(264)) - client-B22ED198845A->f3174d56-9988-40ec-970b-d447ed545dfb: receive RaftClientReply:client-B22ED198845A->f3174d56-9988-40ec-970b-d447ed545dfb@group-47B82E5F6106, cid=4282, SUCCESS, logIndex=6485, commits[f3174d56-9988-40ec-970b-d447ed545dfb:c6486, 3e713ff3-0d17-449f-90fa-609b20cf4c10:c6484, 34290298-343f-405c-af97-b2d19041b010:c6484]
2019-09-11 09:07:00,662 [grpc-default-executor-4] INFO  client.GrpcClientProtocolClient (GrpcClientProtocolClient.java:onNext(264)) - client-B22ED198845A->f3174d56-9988-40ec-970b-d447ed545dfb: receive RaftClientReply:client-B22ED198845A->f3174d56-9988-40ec-970b-d447ed545dfb@group-47B82E5F6106, cid=4283, SUCCESS, logIndex=6486, commits[f3174d56-9988-40ec-970b-d447ed545dfb:c6488, 3e713ff3-0d17-449f-90fa-609b20cf4c10:c6484, 34290298-343f-405c-af97-b2d19041b010:c6484]
2019-09-11 09:07:00,663 [grpc-default-executor-4] INFO  client.GrpcClientProtocolClient (GrpcClientProtocolClient.java:onNext(264)) - client-B22ED198845A->f3174d56-9988-40ec-970b-d447ed545dfb: receive RaftClientReply:client-B22ED198845A->f3174d56-9988-40ec-970b-d447ed545dfb@group-47B82E5F6106, cid=4284, SUCCESS, logIndex=6487, commits[f3174d56-9988-40ec-970b-d447ed545dfb:c6488, 3e713ff3-0d17-449f-90fa-609b20cf4c10:c6484, 34290298-343f-405c-af97-b2d19041b010:c6484]
2019-09-11 09:07:00,663 [grpc-default-executor-4] INFO  client.GrpcClientProtocolClient (GrpcClientProtocolClient.java:onNext(264)) - client-B22ED198845A->f3174d56-9988-40ec-970b-d447ed545dfb: receive RaftClientReply:client-B22ED198845A->f3174d56-9988-40ec-970b-d447ed545dfb@group-47B82E5F6106, cid=4285, SUCCESS, logIndex=6488, commits[f3174d56-9988-40ec-970b-d447ed545dfb:c6488, 3e713ff3-0d17-449f-90fa-609b20cf4c10:c6484, 34290298-343f-405c-af97-b2d19041b010:c6484]
2019-09-11 09:07:00,674 [grpc-default-executor-4] INFO  client.GrpcClientProtocolClient (GrpcClientProtocolClient.java:onNext(264)) - client-B22ED198845A->f3174d56-9988-40ec-970b-d447ed545dfb: receive RaftClientReply:client-B22ED198845A->f3174d56-9988-40ec-970b-d447ed545dfb@group-47B82E5F6106, cid=4286, SUCCESS, logIndex=0, commits[f3174d56-9988-40ec-970b-d447ed545dfb:c6491, 3e713ff3-0d17-449f-90fa-609b20cf4c10:c6486, 34290298-343f-405c-af97-b2d19041b010:c6488]
2019-09-11 09:07:00,685 [grpc-default-executor-4] INFO  client.GrpcClientProtocolClient (GrpcClientProtocolClient.java:onNext(264)) - client-B22ED198845A->f3174d56-9988-40ec-970b-d447ed545dfb: receive RaftClientReply:client-B22ED198845A->f3174d56-9988-40ec-970b-d447ed545dfb@group-47B82E5F6106, cid=4287, SUCCESS, logIndex=6492, commits[f3174d56-9988-40ec-970b-d447ed545dfb:c6493, 3e713ff3-0d17-449f-90fa-609b20cf4c10:c6491, 34290298-343f-405c-af97-b2d19041b010:c6488]
2019-09-11 09:07:00,685 [grpc-default-executor-4] INFO  client.GrpcClientProtocolClient (GrpcClientProtocolClient.java:onNext(264)) - client-B22ED198845A->f3174d56-9988-40ec-970b-d447ed545dfb: receive RaftClientReply:client-B22ED198845A->f3174d56-9988-40ec-970b-d447ed545dfb@group-47B82E5F6106, cid=4288, SUCCESS, logIndex=6493, commits[f3174d56-9988-40ec-970b-d447ed545dfb:c6493, 3e713ff3-0d17-449f-90fa-609b20cf4c10:c6491, 34290298-343f-405c-af97-b2d19041b010:c6488]
2019-09-11 09:07:00,695 [grpc-default-executor-4] INFO  client.GrpcClientProtocolClient (GrpcClientProtocolClient.java:onNext(264)) - client-B22ED198845A->f3174d56-9988-40ec-970b-d447ed545dfb: receive RaftClientReply:client-B22ED198845A->f3174d56-9988-40ec-970b-d447ed545dfb@group-47B82E5F6106, cid=4289, SUCCESS, logIndex=6496, commits[f3174d56-9988-40ec-970b-d447ed545dfb:c6497, 3e713ff3-0d17-449f-90fa-609b20cf4c10:c6493, 34290298-343f-405c-af97-b2d19041b010:c6495]
2019-09-11 09:07:00,695 [grpc-default-executor-4] INFO  client.GrpcClientProtocolClient (GrpcClientProtocolClient.java:onNext(264)) - client-B22ED198845A->f3174d56-9988-40ec-970b-d447ed545dfb: receive RaftClientReply:client-B22ED198845A->f3174d56-9988-40ec-970b-d447ed545dfb@group-47B82E5F6106, cid=4290, SUCCESS, logIndex=6497, commits[f3174d56-9988-40ec-970b-d447ed545dfb:c6497, 3e713ff3-0d17-449f-90fa-609b20cf4c10:c6493, 34290298-343f-405c-af97-b2d19041b010:c6495]
2019-09-11 09:07:00,699 [grpc-default-executor-4] INFO  client.GrpcClientProtocolClient (GrpcClientProtocolClient.java:onNext(264)) - client-B22ED198845A->f3174d56-9988-40ec-970b-d447ed545dfb: receive RaftClientReply:client-B22ED198845A->f3174d56-9988-40ec-970b-d447ed545dfb@group-47B82E5F6106, cid=4291, SUCCESS, logIndex=0, commits[f3174d56-9988-40ec-970b-d447ed545dfb:c6498, 3e713ff3-0d17-449f-90fa-609b20cf4c10:c6497, 34290298-343f-405c-af97-b2d19041b010:c6497]
2019-09-11 09:07:00,741 [grpc-default-executor-4] INFO  client.GrpcClientProtocolClient (GrpcClientProtocolClient.java:onNext(264)) - client-B22ED198845A->f3174d56-9988-40ec-970b-d447ed545dfb: receive RaftClientReply:client-B22ED198845A->f3174d56-9988-40ec-970b-d447ed545dfb@group-47B82E5F6106, cid=4292, SUCCESS, logIndex=6500, commits[f3174d56-9988-40ec-970b-d447ed545dfb:c6501, 3e713ff3-0d17-449f-90fa-609b20cf4c10:c6499, 34290298-343f-405c-af97-b2d19041b010:c6497]
2019-09-11 09:07:00,741 [grpc-default-executor-4] INFO  client.GrpcClientProtocolClient (GrpcClientProtocolClient.java:onNext(264)) - client-B22ED198845A->f3174d56-9988-40ec-970b-d447ed545dfb: receive RaftClientReply:client-B22ED198845A->f3174d56-9988-40ec-970b-d447ed545dfb@group-47B82E5F6106, cid=4293, SUCCESS, logIndex=6501, commits[f3174d56-9988-40ec-970b-d447ed545dfb:c6502, 3e713ff3-0d17-449f-90fa-609b20cf4c10:c6499, 34290298-343f-405c-af97-b2d19041b010:c6499]
2019-09-11 09:07:00,742 [grpc-default-executor-4] INFO  client.GrpcClientProtocolClient (GrpcClientProtocolClient.java:onNext(264)) - client-B22ED198845A->f3174d56-9988-40ec-970b-d447ed545dfb: receive RaftClientReply:client-B22ED198845A->f3174d56-9988-40ec-970b-d447ed545dfb@group-47B82E5F6106, cid=4294, SUCCESS, logIndex=6502, commits[f3174d56-9988-40ec-970b-d447ed545dfb:c6503, 3e713ff3-0d17-449f-90fa-609b20cf4c10:c6499, 34290298-343f-405c-af97-b2d19041b010:c6499]
2019-09-11 09:07:00,742 [grpc-default-executor-4] INFO  client.GrpcClientProtocolClient (GrpcClientProtocolClient.java:onNext(264)) - client-B22ED198845A->f3174d56-9988-40ec-970b-d447ed545dfb: receive RaftClientReply:client-B22ED198845A->f3174d56-9988-40ec-970b-d447ed545dfb@group-47B82E5F6106, cid=4295, SUCCESS, logIndex=6503, commits[f3174d56-9988-40ec-970b-d447ed545dfb:c6503, 3e713ff3-0d17-449f-90fa-609b20cf4c10:c6499, 34290298-343f-405c-af97-b2d19041b010:c6499]
2019-09-11 09:07:00,743 [grpc-default-executor-1] INFO  client.GrpcClientProtocolClient (GrpcClientProtocolClient.java:onNext(264)) - client-B22ED198845A->f3174d56-9988-40ec-970b-d447ed545dfb: receive RaftClientReply:client-B22ED198845A->f3174d56-9988-40ec-970b-d447ed545dfb@group-47B82E5F6106, cid=4296, SUCCESS, logIndex=0, commits[f3174d56-9988-40ec-970b-d447ed545dfb:c6505, 3e713ff3-0d17-449f-90fa-609b20cf4c10:c6501, 34290298-343f-405c-af97-b2d19041b010:c6501]
2019-09-11 09:07:00,757 [grpc-default-executor-0] INFO  client.GrpcClientProtocolClient (GrpcClientProtocolClient.java:onNext(264)) - client-B22ED198845A->f3174d56-9988-40ec-970b-d447ed545dfb: receive RaftClientReply:client-B22ED198845A->f3174d56-9988-40ec-970b-d447ed545dfb@group-47B82E5F6106, cid=4297, SUCCESS, logIndex=6508, commits[f3174d56-9988-40ec-970b-d447ed545dfb:c6509, 3e713ff3-0d17-449f-90fa-609b20cf4c10:c6507, 34290298-343f-405c-af97-b2d19041b010:c6507]
2019-09-11 09:07:00,757 [grpc-default-executor-0] INFO  client.GrpcClientProtocolClient (GrpcClientProtocolClient.java:onNext(264)) - client-B22ED198845A->f3174d56-9988-40ec-970b-d447ed545dfb: receive RaftClientReply:client-B22ED198845A->f3174d56-9988-40ec-970b-d447ed545dfb@group-47B82E5F6106, cid=4298, SUCCESS, logIndex=6509, commits[f3174d56-9988-40ec-970b-d447ed545dfb:c6509, 3e713ff3-0d17-449f-90fa-609b20cf4c10:c6507, 34290298-343f-405c-af97-b2d19041b010:c6507]
2019-09-11 09:07:00,772 [grpc-default-executor-0] INFO  client.GrpcClientProtocolClient (GrpcClientProtocolClient.java:onNext(264)) - client-B22ED198845A->f3174d56-9988-40ec-970b-d447ed545dfb: receive RaftClientReply:client-B22ED198845A->f3174d56-9988-40ec-970b-d447ed545dfb@group-47B82E5F6106, cid=4299, SUCCESS, logIndex=6512, commits[f3174d56-9988-40ec-970b-d447ed545dfb:c6513, 3e713ff3-0d17-449f-90fa-609b20cf4c10:c6509, 34290298-343f-405c-af97-b2d19041b010:c6509]
2019-09-11 09:07:00,772 [grpc-default-executor-0] INFO  client.GrpcClientProtocolClient (GrpcClientProtocolClient.java:onNext(264)) - client-B22ED198845A->f3174d56-9988-40ec-970b-d447ed545dfb: receive RaftClientReply:client-B22ED198845A->f3174d56-9988-40ec-970b-d447ed545dfb@group-47B82E5F6106, cid=4300, SUCCESS, logIndex=6513, commits[f3174d56-9988-40ec-970b-d447ed545dfb:c6513, 3e713ff3-0d17-449f-90fa-609b20cf4c10:c6509, 34290298-343f-405c-af97-b2d19041b010:c6509]
2019-09-11 09:07:00,797 [grpc-default-executor-1] INFO  client.GrpcClientProtocolClient (GrpcClientProtocolClient.java:onNext(264)) - client-B22ED198845A->f3174d56-9988-40ec-970b-d447ed545dfb: receive RaftClientReply:client-B22ED198845A->f3174d56-9988-40ec-970b-d447ed545dfb@group-47B82E5F6106, cid=4301, SUCCESS, logIndex=0, commits[f3174d56-9988-40ec-970b-d447ed545dfb:c6514, 3e713ff3-0d17-449f-90fa-609b20cf4c10:c6513, 34290298-343f-405c-af97-b2d19041b010:c6513]
2019-09-11 09:07:00,835 [grpc-default-executor-1] INFO  client.GrpcClientProtocolClient (GrpcClientProtocolClient.java:onNext(264)) - client-B22ED198845A->f3174d56-9988-40ec-970b-d447ed545dfb: receive RaftClientReply:client-B22ED198845A->f3174d56-9988-40ec-970b-d447ed545dfb@group-47B82E5F6106, cid=4302, SUCCESS, logIndex=6516, commits[f3174d56-9988-40ec-970b-d447ed545dfb:c6518, 3e713ff3-0d17-449f-90fa-609b20cf4c10:c6515, 34290298-343f-405c-af97-b2d19041b010:c6515]
2019-09-11 09:07:00,835 [grpc-default-executor-1] INFO  client.GrpcClientProtocolClient (GrpcClientProtocolClient.java:onNext(264)) - client-B22ED198845A->f3174d56-9988-40ec-970b-d447ed545dfb: receive RaftClientReply:client-B22ED198845A->f3174d56-9988-40ec-970b-d447ed545dfb@group-47B82E5F6106, cid=4303, SUCCESS, logIndex=6517, commits[f3174d56-9988-40ec-970b-d447ed545dfb:c6519, 3e713ff3-0d17-449f-90fa-609b20cf4c10:c6515, 34290298-343f-405c-af97-b2d19041b010:c6515]
2019-09-11 09:07:00,835 [grpc-default-executor-1] INFO  client.GrpcClientProtocolClient (GrpcClientProtocolClient.java:onNext(264)) - client-B22ED198845A->f3174d56-9988-40ec-970b-d447ed545dfb: receive RaftClientReply:client-B22ED198845A->f3174d56-9988-40ec-970b-d447ed545dfb@group-47B82E5F6106, cid=4304, SUCCESS, logIndex=6518, commits[f3174d56-9988-40ec-970b-d447ed545dfb:c6519, 3e713ff3-0d17-449f-90fa-609b20cf4c10:c6515, 34290298-343f-405c-af97-b2d19041b010:c6515]
2019-09-11 09:07:00,836 [grpc-default-executor-1] INFO  client.GrpcClientProtocolClient (GrpcClientProtocolClient.java:onNext(264)) - client-B22ED198845A->f3174d56-9988-40ec-970b-d447ed545dfb: receive RaftClientReply:client-B22ED198845A->f3174d56-9988-40ec-970b-d447ed545dfb@group-47B82E5F6106, cid=4305, SUCCESS, logIndex=6519, commits[f3174d56-9988-40ec-970b-d447ed545dfb:c6519, 3e713ff3-0d17-449f-90fa-609b20cf4c10:c6515, 34290298-343f-405c-af97-b2d19041b010:c6515]
2019-09-11 09:07:00,847 [grpc-default-executor-1] INFO  client.GrpcClientProtocolClient (GrpcClientProtocolClient.java:onNext(264)) - client-B22ED198845A->f3174d56-9988-40ec-970b-d447ed545dfb: receive RaftClientReply:client-B22ED198845A->f3174d56-9988-40ec-970b-d447ed545dfb@group-47B82E5F6106, cid=4306, SUCCESS, logIndex=0, commits[f3174d56-9988-40ec-970b-d447ed545dfb:c6520, 3e713ff3-0d17-449f-90fa-609b20cf4c10:c6517, 34290298-343f-405c-af97-b2d19041b010:c6517]
2019-09-11 09:07:00,874 [grpc-default-executor-4] INFO  client.GrpcClientProtocolClient (GrpcClientProtocolClient.java:onNext(264)) - client-B22ED198845A->f3174d56-9988-40ec-970b-d447ed545dfb: receive RaftClientReply:client-B22ED198845A->f3174d56-9988-40ec-970b-d447ed545dfb@group-47B82E5F6106, cid=4307, SUCCESS, logIndex=6524, commits[f3174d56-9988-40ec-970b-d447ed545dfb:c6525, 3e713ff3-0d17-449f-90fa-609b20cf4c10:c6520, 34290298-343f-405c-af97-b2d19041b010:c6520]
2019-09-11 09:07:00,874 [grpc-default-executor-4] INFO  client.GrpcClientProtocolClient (GrpcClientProtocolClient.java:onNext(264)) - client-B22ED198845A->f3174d56-9988-40ec-970b-d447ed545dfb: receive RaftClientReply:client-B22ED198845A->f3174d56-9988-40ec-970b-d447ed545dfb@group-47B82E5F6106, cid=4308, SUCCESS, logIndex=6525, commits[f3174d56-9988-40ec-970b-d447ed545dfb:c6525, 3e713ff3-0d17-449f-90fa-609b20cf4c10:c6520, 34290298-343f-405c-af97-b2d19041b010:c6520]
2019-09-11 09:07:01,202 [grpc-default-executor-4] INFO  client.GrpcClientProtocolClient (GrpcClientProtocolClient.java:onNext(264)) - client-B22ED198845A->f3174d56-9988-40ec-970b-d447ed545dfb: receive RaftClientReply:client-B22ED198845A->f3174d56-9988-40ec-970b-d447ed545dfb@group-47B82E5F6106, cid=4309, SUCCESS, logIndex=6528, commits[f3174d56-9988-40ec-970b-d447ed545dfb:c6529, 3e713ff3-0d17-449f-90fa-609b20cf4c10:c6525, 34290298-343f-405c-af97-b2d19041b010:c6525]
2019-09-11 09:07:01,203 [grpc-default-executor-4] INFO  client.GrpcClientProtocolClient (GrpcClientProtocolClient.java:onNext(264)) - client-B22ED198845A->f3174d56-9988-40ec-970b-d447ed545dfb: receive RaftClientReply:client-B22ED198845A->f3174d56-9988-40ec-970b-d447ed545dfb@group-47B82E5F6106, cid=4310, SUCCESS, logIndex=6529, commits[f3174d56-9988-40ec-970b-d447ed545dfb:c6529, 3e713ff3-0d17-449f-90fa-609b20cf4c10:c6525, 34290298-343f-405c-af97-b2d19041b010:c6525]
2019-09-11 09:07:01,216 [grpc-default-executor-4] INFO  client.GrpcClientProtocolClient (GrpcClientProtocolClient.java:onNext(264)) - client-B22ED198845A->f3174d56-9988-40ec-970b-d447ed545dfb: receive RaftClientReply:client-B22ED198845A->f3174d56-9988-40ec-970b-d447ed545dfb@group-47B82E5F6106, cid=4311, SUCCESS, logIndex=0, commits[f3174d56-9988-40ec-970b-d447ed545dfb:c6531, 3e713ff3-0d17-449f-90fa-609b20cf4c10:c6529, 34290298-343f-405c-af97-b2d19041b010:c6529]
2019-09-11 09:07:01,252 [grpc-default-executor-0] INFO  client.GrpcClientProtocolClient (GrpcClientProtocolClient.java:onNext(264)) - client-B22ED198845A->f3174d56-9988-40ec-970b-d447ed545dfb: receive RaftClientReply:client-B22ED198845A->f3174d56-9988-40ec-970b-d447ed545dfb@group-47B82E5F6106, cid=4312, SUCCESS, logIndex=6532, commits[f3174d56-9988-40ec-970b-d447ed545dfb:c6533, 3e713ff3-0d17-449f-90fa-609b20cf4c10:c6531, 34290298-343f-405c-af97-b2d19041b010:c6531]
2019-09-11 09:07:01,252 [grpc-default-executor-0] INFO  client.GrpcClientProtocolClient (GrpcClientProtocolClient.java:onNext(264)) - client-B22ED198845A->f3174d56-9988-40ec-970b-d447ed545dfb: receive RaftClientReply:client-B22ED198845A->f3174d56-9988-40ec-970b-d447ed545dfb@group-47B82E5F6106, cid=4313, SUCCESS, logIndex=6533, commits[f3174d56-9988-40ec-970b-d447ed545dfb:c6533, 3e713ff3-0d17-449f-90fa-609b20cf4c10:c6531, 34290298-343f-405c-af97-b2d19041b010:c6531]
2019-09-11 09:07:01,253 [grpc-default-executor-0] INFO  client.GrpcClientProtocolClient (GrpcClientProtocolClient.java:onNext(264)) - client-B22ED198845A->f3174d56-9988-40ec-970b-d447ed545dfb: receive RaftClientReply:client-B22ED198845A->f3174d56-9988-40ec-970b-d447ed545dfb@group-47B82E5F6106, cid=4314, SUCCESS, logIndex=6534, commits[f3174d56-9988-40ec-970b-d447ed545dfb:c6535, 3e713ff3-0d17-449f-90fa-609b20cf4c10:c6531, 34290298-343f-405c-af97-b2d19041b010:c6531]
2019-09-11 09:07:01,253 [grpc-default-executor-0] INFO  client.GrpcClientProtocolClient (GrpcClientProtocolClient.java:onNext(264)) - client-B22ED198845A->f3174d56-9988-40ec-970b-d447ed545dfb: receive RaftClientReply:client-B22ED198845A->f3174d56-9988-40ec-970b-d447ed545dfb@group-47B82E5F6106, cid=4315, SUCCESS, logIndex=6535, commits[f3174d56-9988-40ec-970b-d447ed545dfb:c6535, 3e713ff3-0d17-449f-90fa-609b20cf4c10:c6531, 34290298-343f-405c-af97-b2d19041b010:c6531]
2019-09-11 09:07:01,266 [grpc-default-executor-0] INFO  client.GrpcClientProtocolClient (GrpcClientProtocolClient.java:onNext(264)) - client-B22ED198845A->f3174d56-9988-40ec-970b-d447ed545dfb: receive RaftClientReply:client-B22ED198845A->f3174d56-9988-40ec-970b-d447ed545dfb@group-47B82E5F6106, cid=4316, SUCCESS, logIndex=0, commits[f3174d56-9988-40ec-970b-d447ed545dfb:c6537, 3e713ff3-0d17-449f-90fa-609b20cf4c10:c6533, 34290298-343f-405c-af97-b2d19041b010:c6533]
2019-09-11 09:07:01,300 [grpc-default-executor-0] INFO  client.GrpcClientProtocolClient (GrpcClientProtocolClient.java:onNext(264)) - client-B22ED198845A->f3174d56-9988-40ec-970b-d447ed545dfb: receive RaftClientReply:client-B22ED198845A->f3174d56-9988-40ec-970b-d447ed545dfb@group-47B82E5F6106, cid=4317, SUCCESS, logIndex=6540, commits[f3174d56-9988-40ec-970b-d447ed545dfb:c6541, 3e713ff3-0d17-449f-90fa-609b20cf4c10:c6535, 34290298-343f-405c-af97-b2d19041b010:c6539]
2019-09-11 09:07:01,300 [grpc-default-executor-0] INFO  client.GrpcClientProtocolClient (GrpcClientProtocolClient.java:onNext(264)) - client-B22ED198845A->f3174d56-9988-40ec-970b-d447ed545dfb: receive RaftClientReply:client-B22ED198845A->f3174d56-9988-40ec-970b-d447ed545dfb@group-47B82E5F6106, cid=4318, SUCCESS, logIndex=6541, commits[f3174d56-9988-40ec-970b-d447ed545dfb:c6541, 3e713ff3-0d17-449f-90fa-609b20cf4c10:c6539, 34290298-343f-405c-af97-b2d19041b010:c6539]
2019-09-11 09:07:01,321 [grpc-default-executor-0] INFO  client.GrpcClientProtocolClient (GrpcClientProtocolClient.java:onNext(264)) - client-B22ED198845A->f3174d56-9988-40ec-970b-d447ed545dfb: receive RaftClientReply:client-B22ED198845A->f3174d56-9988-40ec-970b-d447ed545dfb@group-47B82E5F6106, cid=4319, SUCCESS, logIndex=6544, commits[f3174d56-9988-40ec-970b-d447ed545dfb:c6544, 3e713ff3-0d17-449f-90fa-609b20cf4c10:c6543, 34290298-343f-405c-af97-b2d19041b010:c6543]
2019-09-11 09:07:01,321 [grpc-default-executor-0] INFO  client.GrpcClientProtocolClient (GrpcClientProtocolClient.java:onNext(264)) - client-B22ED198845A->f3174d56-9988-40ec-970b-d447ed545dfb: receive RaftClientReply:client-B22ED198845A->f3174d56-9988-40ec-970b-d447ed545dfb@group-47B82E5F6106, cid=4320, SUCCESS, logIndex=6545, commits[f3174d56-9988-40ec-970b-d447ed545dfb:c6545, 3e713ff3-0d17-449f-90fa-609b20cf4c10:c6543, 34290298-343f-405c-af97-b2d19041b010:c6543]
2019-09-11 09:07:01,335 [grpc-default-executor-4] INFO  client.GrpcClientProtocolClient (GrpcClientProtocolClient.java:onNext(264)) - client-B22ED198845A->f3174d56-9988-40ec-970b-d447ed545dfb: receive RaftClientReply:client-B22ED198845A->f3174d56-9988-40ec-970b-d447ed545dfb@group-47B82E5F6106, cid=4321, SUCCESS, logIndex=0, commits[f3174d56-9988-40ec-970b-d447ed545dfb:c6547, 3e713ff3-0d17-449f-90fa-609b20cf4c10:c6545, 34290298-343f-405c-af97-b2d19041b010:c6545]
2019-09-11 09:07:01,369 [grpc-default-executor-1] INFO  client.GrpcClientProtocolClient (GrpcClientProtocolClient.java:onNext(264)) - client-B22ED198845A->f3174d56-9988-40ec-970b-d447ed545dfb: receive RaftClientReply:client-B22ED198845A->f3174d56-9988-40ec-970b-d447ed545dfb@group-47B82E5F6106, cid=4322, SUCCESS, logIndex=6548, commits[f3174d56-9988-40ec-970b-d447ed545dfb:c6549, 3e713ff3-0d17-449f-90fa-609b20cf4c10:c6547, 34290298-343f-405c-af97-b2d19041b010:c6547]
2019-09-11 09:07:01,370 [grpc-default-executor-1] INFO  client.GrpcClientProtocolClient (GrpcClientProtocolClient.java:onNext(264)) - client-B22ED198845A->f3174d56-9988-40ec-970b-d447ed545dfb: receive RaftClientReply:client-B22ED198845A->f3174d56-9988-40ec-970b-d447ed545dfb@group-47B82E5F6106, cid=4323, SUCCESS, logIndex=6549, commits[f3174d56-9988-40ec-970b-d447ed545dfb:c6549, 3e713ff3-0d17-449f-90fa-609b20cf4c10:c6547, 34290298-343f-405c-af97-b2d19041b010:c6547]
2019-09-11 09:07:01,379 [grpc-default-executor-0] INFO  client.GrpcClientProtocolClient (GrpcClientProtocolClient.java:onNext(264)) - client-B22ED198845A->f3174d56-9988-40ec-970b-d447ed545dfb: receive RaftClientReply:client-B22ED198845A->f3174d56-9988-40ec-970b-d447ed545dfb@group-47B82E5F6106, cid=4324, SUCCESS, logIndex=6550, commits[f3174d56-9988-40ec-970b-d447ed545dfb:c6551, 3e713ff3-0d17-449f-90fa-609b20cf4c10:c6547, 34290298-343f-405c-af97-b2d19041b010:c6547]
2019-09-11 09:07:01,379 [grpc-default-executor-0] INFO  client.GrpcClientProtocolClient (GrpcClientProtocolClient.java:onNext(264)) - client-B22ED198845A->f3174d56-9988-40ec-970b-d447ed545dfb: receive RaftClientReply:client-B22ED198845A->f3174d56-9988-40ec-970b-d447ed545dfb@group-47B82E5F6106, cid=4325, SUCCESS, logIndex=6551, commits[f3174d56-9988-40ec-970b-d447ed545dfb:c6551, 3e713ff3-0d17-449f-90fa-609b20cf4c10:c6547, 34290298-343f-405c-af97-b2d19041b010:c6547]
2019-09-11 09:07:01,394 [grpc-default-executor-0] INFO  client.GrpcClientProtocolClient (GrpcClientProtocolClient.java:onNext(264)) - client-B22ED198845A->f3174d56-9988-40ec-970b-d447ed545dfb: receive RaftClientReply:client-B22ED198845A->f3174d56-9988-40ec-970b-d447ed545dfb@group-47B82E5F6106, cid=4326, SUCCESS, logIndex=0, commits[f3174d56-9988-40ec-970b-d447ed545dfb:c6553, 3e713ff3-0d17-449f-90fa-609b20cf4c10:c6549, 34290298-343f-405c-af97-b2d19041b010:c6549]
2019-09-11 09:07:01,417 [grpc-default-executor-0] INFO  client.GrpcClientProtocolClient (GrpcClientProtocolClient.java:onNext(264)) - client-B22ED198845A->f3174d56-9988-40ec-970b-d447ed545dfb: receive RaftClientReply:client-B22ED198845A->f3174d56-9988-40ec-970b-d447ed545dfb@group-47B82E5F6106, cid=4327, SUCCESS, logIndex=6555, commits[f3174d56-9988-40ec-970b-d447ed545dfb:c6556, 3e713ff3-0d17-449f-90fa-609b20cf4c10:c6553, 34290298-343f-405c-af97-b2d19041b010:c6553]
2019-09-11 09:07:01,418 [grpc-default-executor-0] INFO  client.GrpcClientProtocolClient (GrpcClientProtocolClient.java:onNext(264)) - client-B22ED198845A->f3174d56-9988-40ec-970b-d447ed545dfb: receive RaftClientReply:client-B22ED198845A->f3174d56-9988-40ec-970b-d447ed545dfb@group-47B82E5F6106, cid=4328, SUCCESS, logIndex=6556, commits[f3174d56-9988-40ec-970b-d447ed545dfb:c6556, 3e713ff3-0d17-449f-90fa-609b20cf4c10:c6553, 34290298-343f-405c-af97-b2d19041b010:c6553]
2019-09-11 09:07:01,446 [grpc-default-executor-4] INFO  client.GrpcClientProtocolClient (GrpcClientProtocolClient.java:onNext(264)) - client-B22ED198845A->f3174d56-9988-40ec-970b-d447ed545dfb: receive RaftClientReply:client-B22ED198845A->f3174d56-9988-40ec-970b-d447ed545dfb@group-47B82E5F6106, cid=4329, SUCCESS, logIndex=6559, commits[f3174d56-9988-40ec-970b-d447ed545dfb:c6560, 3e713ff3-0d17-449f-90fa-609b20cf4c10:c6556, 34290298-343f-405c-af97-b2d19041b010:c6556]
2019-09-11 09:07:01,446 [grpc-default-executor-4] INFO  client.GrpcClientProtocolClient (GrpcClientProtocolClient.java:onNext(264)) - client-B22ED198845A->f3174d56-9988-40ec-970b-d447ed545dfb: receive RaftClientReply:client-B22ED198845A->f3174d56-9988-40ec-970b-d447ed545dfb@group-47B82E5F6106, cid=4330, SUCCESS, logIndex=6560, commits[f3174d56-9988-40ec-970b-d447ed545dfb:c6560, 3e713ff3-0d17-449f-90fa-609b20cf4c10:c6556, 34290298-343f-405c-af97-b2d19041b010:c6556]
2019-09-11 09:07:01,468 [grpc-default-executor-1] INFO  client.GrpcClientProtocolClient (GrpcClientProtocolClient.java:onNext(264)) - client-B22ED198845A->f3174d56-9988-40ec-970b-d447ed545dfb: receive RaftClientReply:client-B22ED198845A->f3174d56-9988-40ec-970b-d447ed545dfb@group-47B82E5F6106, cid=4331, SUCCESS, logIndex=0, commits[f3174d56-9988-40ec-970b-d447ed545dfb:c6562, 3e713ff3-0d17-449f-90fa-609b20cf4c10:c6560, 34290298-343f-405c-af97-b2d19041b010:c6560]
2019-09-11 09:07:01,491 [grpc-default-executor-4] INFO  client.GrpcClientProtocolClient (GrpcClientProtocolClient.java:onNext(264)) - client-B22ED198845A->f3174d56-9988-40ec-970b-d447ed545dfb: receive RaftClientReply:client-B22ED198845A->f3174d56-9988-40ec-970b-d447ed545dfb@group-47B82E5F6106, cid=4332, SUCCESS, logIndex=6563, commits[f3174d56-9988-40ec-970b-d447ed545dfb:c6564, 3e713ff3-0d17-449f-90fa-609b20cf4c10:c6562, 34290298-343f-405c-af97-b2d19041b010:c6560]
2019-09-11 09:07:01,491 [grpc-default-executor-4] INFO  client.GrpcClientProtocolClient (GrpcClientProtocolClient.java:onNext(264)) - client-B22ED198845A->f3174d56-9988-40ec-970b-d447ed545dfb: receive RaftClientReply:client-B22ED198845A->f3174d56-9988-40ec-970b-d447ed545dfb@group-47B82E5F6106, cid=4333, SUCCESS, logIndex=6564, commits[f3174d56-9988-40ec-970b-d447ed545dfb:c6564, 3e713ff3-0d17-449f-90fa-609b20cf4c10:c6562, 34290298-343f-405c-af97-b2d19041b010:c6560]
2019-09-11 09:07:01,494 [grpc-default-executor-1] INFO  client.GrpcClientProtocolClient (GrpcClientProtocolClient.java:onNext(264)) - client-B22ED198845A->f3174d56-9988-40ec-970b-d447ed545dfb: receive RaftClientReply:client-B22ED198845A->f3174d56-9988-40ec-970b-d447ed545dfb@group-47B82E5F6106, cid=4334, SUCCESS, logIndex=6565, commits[f3174d56-9988-40ec-970b-d447ed545dfb:c6565, 3e713ff3-0d17-449f-90fa-609b20cf4c10:c6562, 34290298-343f-405c-af97-b2d19041b010:c6562]
2019-09-11 09:07:01,495 [grpc-default-executor-1] INFO  client.GrpcClientProtocolClient (GrpcClientProtocolClient.java:onNext(264)) - client-B22ED198845A->f3174d56-9988-40ec-970b-d447ed545dfb: receive RaftClientReply:client-B22ED198845A->f3174d56-9988-40ec-970b-d447ed545dfb@group-47B82E5F6106, cid=4335, SUCCESS, logIndex=6566, commits[f3174d56-9988-40ec-970b-d447ed545dfb:c6566, 3e713ff3-0d17-449f-90fa-609b20cf4c10:c6562, 34290298-343f-405c-af97-b2d19041b010:c6563]
2019-09-11 09:07:01,500 [grpc-default-executor-1] INFO  client.GrpcClientProtocolClient (GrpcClientProtocolClient.java:onNext(264)) - client-B22ED198845A->f3174d56-9988-40ec-970b-d447ed545dfb: receive RaftClientReply:client-B22ED198845A->f3174d56-9988-40ec-970b-d447ed545dfb@group-47B82E5F6106, cid=4336, SUCCESS, logIndex=0, commits[f3174d56-9988-40ec-970b-d447ed545dfb:c6570, 3e713ff3-0d17-449f-90fa-609b20cf4c10:c6566, 34290298-343f-405c-af97-b2d19041b010:c6564]
2019-09-11 09:07:01,510 [grpc-default-executor-5] INFO  client.GrpcClientProtocolClient (GrpcClientProtocolClient.java:onNext(264)) - client-B22ED198845A->f3174d56-9988-40ec-970b-d447ed545dfb: receive RaftClientReply:client-B22ED198845A->f3174d56-9988-40ec-970b-d447ed545dfb@group-47B82E5F6106, cid=4337, SUCCESS, logIndex=6571, commits[f3174d56-9988-40ec-970b-d447ed545dfb:c6572, 3e713ff3-0d17-449f-90fa-609b20cf4c10:c6566, 34290298-343f-405c-af97-b2d19041b010:c6570]
2019-09-11 09:07:01,511 [grpc-default-executor-5] INFO  client.GrpcClientProtocolClient (GrpcClientProtocolClient.java:onNext(264)) - client-B22ED198845A->f3174d56-9988-40ec-970b-d447ed545dfb: receive RaftClientReply:client-B22ED198845A->f3174d56-9988-40ec-970b-d447ed545dfb@group-47B82E5F6106, cid=4338, SUCCESS, logIndex=6572, commits[f3174d56-9988-40ec-970b-d447ed545dfb:c6572, 3e713ff3-0d17-449f-90fa-609b20cf4c10:c6566, 34290298-343f-405c-af97-b2d19041b010:c6570]
2019-09-11 09:07:01,531 [grpc-default-executor-5] INFO  client.GrpcClientProtocolClient (GrpcClientProtocolClient.java:onNext(264)) - client-B22ED198845A->f3174d56-9988-40ec-970b-d447ed545dfb: receive RaftClientReply:client-B22ED198845A->f3174d56-9988-40ec-970b-d447ed545dfb@group-47B82E5F6106, cid=4339, SUCCESS, logIndex=6575, commits[f3174d56-9988-40ec-970b-d447ed545dfb:c6576, 3e713ff3-0d17-449f-90fa-609b20cf4c10:c6574, 34290298-343f-405c-af97-b2d19041b010:c6574]
2019-09-11 09:07:01,532 [grpc-default-executor-5] INFO  client.GrpcClientProtocolClient (GrpcClientProtocolClient.java:onNext(264)) - client-B22ED198845A->f3174d56-9988-40ec-970b-d447ed545dfb: receive RaftClientReply:client-B22ED198845A->f3174d56-9988-40ec-970b-d447ed545dfb@group-47B82E5F6106, cid=4340, SUCCESS, logIndex=6576, commits[f3174d56-9988-40ec-970b-d447ed545dfb:c6576, 3e713ff3-0d17-449f-90fa-609b20cf4c10:c6574, 34290298-343f-405c-af97-b2d19041b010:c6574]
2019-09-11 09:07:01,558 [grpc-default-executor-5] INFO  client.GrpcClientProtocolClient (GrpcClientProtocolClient.java:onNext(264)) - client-B22ED198845A->f3174d56-9988-40ec-970b-d447ed545dfb: receive RaftClientReply:client-B22ED198845A->f3174d56-9988-40ec-970b-d447ed545dfb@group-47B82E5F6106, cid=4341, SUCCESS, logIndex=0, commits[f3174d56-9988-40ec-970b-d447ed545dfb:c6578, 3e713ff3-0d17-449f-90fa-609b20cf4c10:c6576, 34290298-343f-405c-af97-b2d19041b010:c6576]
2019-09-11 09:07:01,587 [grpc-default-executor-4] INFO  client.GrpcClientProtocolClient (GrpcClientProtocolClient.java:onNext(264)) - client-B22ED198845A->f3174d56-9988-40ec-970b-d447ed545dfb: receive RaftClientReply:client-B22ED198845A->f3174d56-9988-40ec-970b-d447ed545dfb@group-47B82E5F6106, cid=4342, SUCCESS, logIndex=6579, commits[f3174d56-9988-40ec-970b-d447ed545dfb:c6580, 3e713ff3-0d17-449f-90fa-609b20cf4c10:c6578, 34290298-343f-405c-af97-b2d19041b010:c6578]
2019-09-11 09:07:01,587 [grpc-default-executor-4] INFO  client.GrpcClientProtocolClient (GrpcClientProtocolClient.java:onNext(264)) - client-B22ED198845A->f3174d56-9988-40ec-970b-d447ed545dfb: receive RaftClientReply:client-B22ED198845A->f3174d56-9988-40ec-970b-d447ed545dfb@group-47B82E5F6106, cid=4343, SUCCESS, logIndex=6580, commits[f3174d56-9988-40ec-970b-d447ed545dfb:c6582, 3e713ff3-0d17-449f-90fa-609b20cf4c10:c6578, 34290298-343f-405c-af97-b2d19041b010:c6578]
2019-09-11 09:07:01,588 [grpc-default-executor-4] INFO  client.GrpcClientProtocolClient (GrpcClientProtocolClient.java:onNext(264)) - client-B22ED198845A->f3174d56-9988-40ec-970b-d447ed545dfb: receive RaftClientReply:client-B22ED198845A->f3174d56-9988-40ec-970b-d447ed545dfb@group-47B82E5F6106, cid=4344, SUCCESS, logIndex=6581, commits[f3174d56-9988-40ec-970b-d447ed545dfb:c6582, 3e713ff3-0d17-449f-90fa-609b20cf4c10:c6578, 34290298-343f-405c-af97-b2d19041b010:c6578]
2019-09-11 09:07:01,588 [grpc-default-executor-4] INFO  client.GrpcClientProtocolClient (GrpcClientProtocolClient.java:onNext(264)) - client-B22ED198845A->f3174d56-9988-40ec-970b-d447ed545dfb: receive RaftClientReply:client-B22ED198845A->f3174d56-9988-40ec-970b-d447ed545dfb@group-47B82E5F6106, cid=4345, SUCCESS, logIndex=6582, commits[f3174d56-9988-40ec-970b-d447ed545dfb:c6582, 3e713ff3-0d17-449f-90fa-609b20cf4c10:c6578, 34290298-343f-405c-af97-b2d19041b010:c6578]
2019-09-11 09:07:01,602 [grpc-default-executor-4] INFO  client.GrpcClientProtocolClient (GrpcClientProtocolClient.java:onNext(264)) - client-B22ED198845A->f3174d56-9988-40ec-970b-d447ed545dfb: receive RaftClientReply:client-B22ED198845A->f3174d56-9988-40ec-970b-d447ed545dfb@group-47B82E5F6106, cid=4346, SUCCESS, logIndex=0, commits[f3174d56-9988-40ec-970b-d447ed545dfb:c6586, 3e713ff3-0d17-449f-90fa-609b20cf4c10:c6582, 34290298-343f-405c-af97-b2d19041b010:c6580]
 0.00% |█                                                                                                    |  0/1 Time: 0:00:412019-09-11 09:07:01,622 [grpc-default-executor-4] INFO  client.GrpcClientProtocolClient (GrpcClientProtocolClient.java:onNext(264)) - client-B22ED198845A->f3174d56-9988-40ec-970b-d447ed545dfb: receive RaftClientReply:client-B22ED198845A->f3174d56-9988-40ec-970b-d447ed545dfb@group-47B82E5F6106, cid=4347, SUCCESS, logIndex=6587, commits[f3174d56-9988-40ec-970b-d447ed545dfb:c6587, 3e713ff3-0d17-449f-90fa-609b20cf4c10:c6586, 34290298-343f-405c-af97-b2d19041b010:c6586]
2019-09-11 09:07:01,622 [grpc-default-executor-4] INFO  client.GrpcClientProtocolClient (GrpcClientProtocolClient.java:onNext(264)) - client-B22ED198845A->f3174d56-9988-40ec-970b-d447ed545dfb: receive RaftClientReply:client-B22ED198845A->f3174d56-9988-40ec-970b-d447ed545dfb@group-47B82E5F6106, cid=4348, SUCCESS, logIndex=6588, commits[f3174d56-9988-40ec-970b-d447ed545dfb:c6588, 3e713ff3-0d17-449f-90fa-609b20cf4c10:c6586, 34290298-343f-405c-af97-b2d19041b010:c6586]
2019-09-11 09:07:01,648 [grpc-default-executor-1] INFO  client.GrpcClientProtocolClient (GrpcClientProtocolClient.java:onNext(264)) - client-B22ED198845A->f3174d56-9988-40ec-970b-d447ed545dfb: receive RaftClientReply:client-B22ED198845A->f3174d56-9988-40ec-970b-d447ed545dfb@group-47B82E5F6106, cid=4349, SUCCESS, logIndex=6591, commits[f3174d56-9988-40ec-970b-d447ed545dfb:c6592, 3e713ff3-0d17-449f-90fa-609b20cf4c10:c6588, 34290298-343f-405c-af97-b2d19041b010:c6588]
2019-09-11 09:07:01,649 [grpc-default-executor-1] INFO  client.GrpcClientProtocolClient (GrpcClientProtocolClient.java:onNext(264)) - client-B22ED198845A->f3174d56-9988-40ec-970b-d447ed545dfb: receive RaftClientReply:client-B22ED198845A->f3174d56-9988-40ec-970b-d447ed545dfb@group-47B82E5F6106, cid=4350, SUCCESS, logIndex=6592, commits[f3174d56-9988-40ec-970b-d447ed545dfb:c6592, 3e713ff3-0d17-449f-90fa-609b20cf4c10:c6588, 34290298-343f-405c-af97-b2d19041b010:c6588]
2019-09-11 09:07:01,675 [grpc-default-executor-5] INFO  client.GrpcClientProtocolClient (GrpcClientProtocolClient.java:onNext(264)) - client-B22ED198845A->f3174d56-9988-40ec-970b-d447ed545dfb: receive RaftClientReply:client-B22ED198845A->f3174d56-9988-40ec-970b-d447ed545dfb@group-47B82E5F6106, cid=4351, SUCCESS, logIndex=0, commits[f3174d56-9988-40ec-970b-d447ed545dfb:c6594, 3e713ff3-0d17-449f-90fa-609b20cf4c10:c6592, 34290298-343f-405c-af97-b2d19041b010:c6592]
2019-09-11 09:07:01,720 [grpc-default-executor-4] INFO  client.GrpcClientProtocolClient (GrpcClientProtocolClient.java:onNext(264)) - client-B22ED198845A->f3174d56-9988-40ec-970b-d447ed545dfb: receive RaftClientReply:client-B22ED198845A->f3174d56-9988-40ec-970b-d447ed545dfb@group-47B82E5F6106, cid=4352, SUCCESS, logIndex=6595, commits[f3174d56-9988-40ec-970b-d447ed545dfb:c6596, 3e713ff3-0d17-449f-90fa-609b20cf4c10:c6594, 34290298-343f-405c-af97-b2d19041b010:c6594]
2019-09-11 09:07:01,721 [grpc-default-executor-4] INFO  client.GrpcClientProtocolClient (GrpcClientProtocolClient.java:onNext(264)) - client-B22ED198845A->f3174d56-9988-40ec-970b-d447ed545dfb: receive RaftClientReply:client-B22ED198845A->f3174d56-9988-40ec-970b-d447ed545dfb@group-47B82E5F6106, cid=4353, SUCCESS, logIndex=6596, commits[f3174d56-9988-40ec-970b-d447ed545dfb:c6598, 3e713ff3-0d17-449f-90fa-609b20cf4c10:c6594, 34290298-343f-405c-af97-b2d19041b010:c6594]
2019-09-11 09:07:01,721 [grpc-default-executor-4] INFO  client.GrpcClientProtocolClient (GrpcClientProtocolClient.java:onNext(264)) - client-B22ED198845A->f3174d56-9988-40ec-970b-d447ed545dfb: receive RaftClientReply:client-B22ED198845A->f3174d56-9988-40ec-970b-d447ed545dfb@group-47B82E5F6106, cid=4354, SUCCESS, logIndex=6597, commits[f3174d56-9988-40ec-970b-d447ed545dfb:c6598, 3e713ff3-0d17-449f-90fa-609b20cf4c10:c6594, 34290298-343f-405c-af97-b2d19041b010:c6594]
2019-09-11 09:07:01,721 [grpc-default-executor-4] INFO  client.GrpcClientProtocolClient (GrpcClientProtocolClient.java:onNext(264)) - client-B22ED198845A->f3174d56-9988-40ec-970b-d447ed545dfb: receive RaftClientReply:client-B22ED198845A->f3174d56-9988-40ec-970b-d447ed545dfb@group-47B82E5F6106, cid=4355, SUCCESS, logIndex=6598, commits[f3174d56-9988-40ec-970b-d447ed545dfb:c6598, 3e713ff3-0d17-449f-90fa-609b20cf4c10:c6594, 34290298-343f-405c-af97-b2d19041b010:c6594]
2019-09-11 09:07:01,743 [grpc-default-executor-5] INFO  client.GrpcClientProtocolClient (GrpcClientProtocolClient.java:onNext(264)) - client-B22ED198845A->f3174d56-9988-40ec-970b-d447ed545dfb: receive RaftClientReply:client-B22ED198845A->f3174d56-9988-40ec-970b-d447ed545dfb@group-47B82E5F6106, cid=4356, SUCCESS, logIndex=0, commits[f3174d56-9988-40ec-970b-d447ed545dfb:c6602, 3e713ff3-0d17-449f-90fa-609b20cf4c10:c6596, 34290298-343f-405c-af97-b2d19041b010:c6598]
2019-09-11 09:07:01,821 [grpc-default-executor-5] INFO  client.GrpcClientProtocolClient (GrpcClientProtocolClient.java:onNext(264)) - client-B22ED198845A->f3174d56-9988-40ec-970b-d447ed545dfb: receive RaftClientReply:client-B22ED198845A->f3174d56-9988-40ec-970b-d447ed545dfb@group-47B82E5F6106, cid=4357, SUCCESS, logIndex=6603, commits[f3174d56-9988-40ec-970b-d447ed545dfb:c6604, 3e713ff3-0d17-449f-90fa-609b20cf4c10:c6602, 34290298-343f-405c-af97-b2d19041b010:c6602]
2019-09-11 09:07:01,830 [grpc-default-executor-5] INFO  client.GrpcClientProtocolClient (GrpcClientProtocolClient.java:onNext(264)) - client-B22ED198845A->f3174d56-9988-40ec-970b-d447ed545dfb: receive RaftClientReply:client-B22ED198845A->f3174d56-9988-40ec-970b-d447ed545dfb@group-47B82E5F6106, cid=4358, SUCCESS, logIndex=6604, commits[f3174d56-9988-40ec-970b-d447ed545dfb:c6605, 3e713ff3-0d17-449f-90fa-609b20cf4c10:c6603, 34290298-343f-405c-af97-b2d19041b010:c6603]
2019-09-11 09:07:01,846 [grpc-default-executor-1] INFO  client.GrpcClientProtocolClient (GrpcClientProtocolClient.java:onNext(264)) - client-B22ED198845A->f3174d56-9988-40ec-970b-d447ed545dfb: receive RaftClientReply:client-B22ED198845A->f3174d56-9988-40ec-970b-d447ed545dfb@group-47B82E5F6106, cid=4359, SUCCESS, logIndex=6607, commits[f3174d56-9988-40ec-970b-d447ed545dfb:c6608, 3e713ff3-0d17-449f-90fa-609b20cf4c10:c6605, 34290298-343f-405c-af97-b2d19041b010:c6604]
2019-09-11 09:07:01,846 [grpc-default-executor-1] INFO  client.GrpcClientProtocolClient (GrpcClientProtocolClient.java:onNext(264)) - client-B22ED198845A->f3174d56-9988-40ec-970b-d447ed545dfb: receive RaftClientReply:client-B22ED198845A->f3174d56-9988-40ec-970b-d447ed545dfb@group-47B82E5F6106, cid=4360, SUCCESS, logIndex=6608, commits[f3174d56-9988-40ec-970b-d447ed545dfb:c6608, 3e713ff3-0d17-449f-90fa-609b20cf4c10:c6605, 34290298-343f-405c-af97-b2d19041b010:c6605]
2019-09-11 09:07:01,859 [grpc-default-executor-1] INFO  client.GrpcClientProtocolClient (GrpcClientProtocolClient.java:onNext(264)) - client-B22ED198845A->f3174d56-9988-40ec-970b-d447ed545dfb: receive RaftClientReply:client-B22ED198845A->f3174d56-9988-40ec-970b-d447ed545dfb@group-47B82E5F6106, cid=4361, SUCCESS, logIndex=0, commits[f3174d56-9988-40ec-970b-d447ed545dfb:c6609, 3e713ff3-0d17-449f-90fa-609b20cf4c10:c6608, 34290298-343f-405c-af97-b2d19041b010:c6608]
2019-09-11 09:07:02,021 [grpc-default-executor-0] INFO  client.GrpcClientProtocolClient (GrpcClientProtocolClient.java:onNext(264)) - client-B22ED198845A->f3174d56-9988-40ec-970b-d447ed545dfb: receive RaftClientReply:client-B22ED198845A->f3174d56-9988-40ec-970b-d447ed545dfb@group-47B82E5F6106, cid=4362, SUCCESS, logIndex=6610, commits[f3174d56-9988-40ec-970b-d447ed545dfb:c6611, 3e713ff3-0d17-449f-90fa-609b20cf4c10:c6609, 34290298-343f-405c-af97-b2d19041b010:c6609]
2019-09-11 09:07:02,021 [grpc-default-executor-0] INFO  client.GrpcClientProtocolClient (GrpcClientProtocolClient.java:onNext(264)) - client-B22ED198845A->f3174d56-9988-40ec-970b-d447ed545dfb: receive RaftClientReply:client-B22ED198845A->f3174d56-9988-40ec-970b-d447ed545dfb@group-47B82E5F6106, cid=4363, SUCCESS, logIndex=6611, commits[f3174d56-9988-40ec-970b-d447ed545dfb:c6611, 3e713ff3-0d17-449f-90fa-609b20cf4c10:c6609, 34290298-343f-405c-af97-b2d19041b010:c6609]
2019-09-11 09:07:02,031 [grpc-default-executor-1] INFO  client.GrpcClientProtocolClient (GrpcClientProtocolClient.java:onNext(264)) - client-B22ED198845A->f3174d56-9988-40ec-970b-d447ed545dfb: receive RaftClientReply:client-B22ED198845A->f3174d56-9988-40ec-970b-d447ed545dfb@group-47B82E5F6106, cid=4364, SUCCESS, logIndex=6612, commits[f3174d56-9988-40ec-970b-d447ed545dfb:c6613, 3e713ff3-0d17-449f-90fa-609b20cf4c10:c6609, 34290298-343f-405c-af97-b2d19041b010:c6609]
2019-09-11 09:07:02,032 [grpc-default-executor-1] INFO  client.GrpcClientProtocolClient (GrpcClientProtocolClient.java:onNext(264)) - client-B22ED198845A->f3174d56-9988-40ec-970b-d447ed545dfb: receive RaftClientReply:client-B22ED198845A->f3174d56-9988-40ec-970b-d447ed545dfb@group-47B82E5F6106, cid=4365, SUCCESS, logIndex=6613, commits[f3174d56-9988-40ec-970b-d447ed545dfb:c6613, 3e713ff3-0d17-449f-90fa-609b20cf4c10:c6609, 34290298-343f-405c-af97-b2d19041b010:c6609]
2019-09-11 09:07:02,046 [grpc-default-executor-1] INFO  client.GrpcClientProtocolClient (GrpcClientProtocolClient.java:onNext(264)) - client-B22ED198845A->f3174d56-9988-40ec-970b-d447ed545dfb: receive RaftClientReply:client-B22ED198845A->f3174d56-9988-40ec-970b-d447ed545dfb@group-47B82E5F6106, cid=4366, SUCCESS, logIndex=0, commits[f3174d56-9988-40ec-970b-d447ed545dfb:c6616, 3e713ff3-0d17-449f-90fa-609b20cf4c10:c6613, 34290298-343f-405c-af97-b2d19041b010:c6611]
2019-09-11 09:07:02,069 [grpc-default-executor-4] INFO  client.GrpcClientProtocolClient (GrpcClientProtocolClient.java:onNext(264)) - client-B22ED198845A->f3174d56-9988-40ec-970b-d447ed545dfb: receive RaftClientReply:client-B22ED198845A->f3174d56-9988-40ec-970b-d447ed545dfb@group-47B82E5F6106, cid=4367, SUCCESS, logIndex=6617, commits[f3174d56-9988-40ec-970b-d447ed545dfb:c6618, 3e713ff3-0d17-449f-90fa-609b20cf4c10:c6616, 34290298-343f-405c-af97-b2d19041b010:c6616]
2019-09-11 09:07:02,069 [grpc-default-executor-4] INFO  client.GrpcClientProtocolClient (GrpcClientProtocolClient.java:onNext(264)) - client-B22ED198845A->f3174d56-9988-40ec-970b-d447ed545dfb: receive RaftClientReply:client-B22ED198845A->f3174d56-9988-40ec-970b-d447ed545dfb@group-47B82E5F6106, cid=4368, SUCCESS, logIndex=6618, commits[f3174d56-9988-40ec-970b-d447ed545dfb:c6618, 3e713ff3-0d17-449f-90fa-609b20cf4c10:c6616, 34290298-343f-405c-af97-b2d19041b010:c6616]
2019-09-11 09:07:02,093 [grpc-default-executor-0] INFO  client.GrpcClientProtocolClient (GrpcClientProtocolClient.java:onNext(264)) - client-B22ED198845A->f3174d56-9988-40ec-970b-d447ed545dfb: receive RaftClientReply:client-B22ED198845A->f3174d56-9988-40ec-970b-d447ed545dfb@group-47B82E5F6106, cid=4369, SUCCESS, logIndex=6621, commits[f3174d56-9988-40ec-970b-d447ed545dfb:c6621, 3e713ff3-0d17-449f-90fa-609b20cf4c10:c6618, 34290298-343f-405c-af97-b2d19041b010:c6618]
2019-09-11 09:07:02,093 [grpc-default-executor-0] INFO  client.GrpcClientProtocolClient (GrpcClientProtocolClient.java:onNext(264)) - client-B22ED198845A->f3174d56-9988-40ec-970b-d447ed545dfb: receive RaftClientReply:client-B22ED198845A->f3174d56-9988-40ec-970b-d447ed545dfb@group-47B82E5F6106, cid=4370, SUCCESS, logIndex=6622, commits[f3174d56-9988-40ec-970b-d447ed545dfb:c6622, 3e713ff3-0d17-449f-90fa-609b20cf4c10:c6618, 34290298-343f-405c-af97-b2d19041b010:c6618]
2019-09-11 09:07:02,114 [grpc-default-executor-0] INFO  client.GrpcClientProtocolClient (GrpcClientProtocolClient.java:onNext(264)) - client-B22ED198845A->f3174d56-9988-40ec-970b-d447ed545dfb: receive RaftClientReply:client-B22ED198845A->f3174d56-9988-40ec-970b-d447ed545dfb@group-47B82E5F6106, cid=4371, SUCCESS, logIndex=0, commits[f3174d56-9988-40ec-970b-d447ed545dfb:c6624, 3e713ff3-0d17-449f-90fa-609b20cf4c10:c6622, 34290298-343f-405c-af97-b2d19041b010:c6622]
2019-09-11 09:07:02,144 [grpc-default-executor-1] INFO  client.GrpcClientProtocolClient (GrpcClientProtocolClient.java:onNext(264)) - client-B22ED198845A->f3174d56-9988-40ec-970b-d447ed545dfb: receive RaftClientReply:client-B22ED198845A->f3174d56-9988-40ec-970b-d447ed545dfb@group-47B82E5F6106, cid=4372, SUCCESS, logIndex=6625, commits[f3174d56-9988-40ec-970b-d447ed545dfb:c6626, 3e713ff3-0d17-449f-90fa-609b20cf4c10:c6624, 34290298-343f-405c-af97-b2d19041b010:c6624]
2019-09-11 09:07:02,144 [grpc-default-executor-0] INFO  client.GrpcClientProtocolClient (GrpcClientProtocolClient.java:onNext(264)) - client-B22ED198845A->f3174d56-9988-40ec-970b-d447ed545dfb: receive RaftClientReply:client-B22ED198845A->f3174d56-9988-40ec-970b-d447ed545dfb@group-47B82E5F6106, cid=4373, SUCCESS, logIndex=6626, commits[f3174d56-9988-40ec-970b-d447ed545dfb:c6626, 3e713ff3-0d17-449f-90fa-609b20cf4c10:c6624, 34290298-343f-405c-af97-b2d19041b010:c6624]
2019-09-11 09:07:02,145 [grpc-default-executor-1] INFO  client.GrpcClientProtocolClient (GrpcClientProtocolClient.java:onNext(264)) - client-B22ED198845A->f3174d56-9988-40ec-970b-d447ed545dfb: receive RaftClientReply:client-B22ED198845A->f3174d56-9988-40ec-970b-d447ed545dfb@group-47B82E5F6106, cid=4374, SUCCESS, logIndex=6627, commits[f3174d56-9988-40ec-970b-d447ed545dfb:c6628, 3e713ff3-0d17-449f-90fa-609b20cf4c10:c6624, 34290298-343f-405c-af97-b2d19041b010:c6624]
2019-09-11 09:07:02,145 [grpc-default-executor-1] INFO  client.GrpcClientProtocolClient (GrpcClientProtocolClient.java:onNext(264)) - client-B22ED198845A->f3174d56-9988-40ec-970b-d447ed545dfb: receive RaftClientReply:client-B22ED198845A->f3174d56-9988-40ec-970b-d447ed545dfb@group-47B82E5F6106, cid=4375, SUCCESS, logIndex=6628, commits[f3174d56-9988-40ec-970b-d447ed545dfb:c6628, 3e713ff3-0d17-449f-90fa-609b20cf4c10:c6624, 34290298-343f-405c-af97-b2d19041b010:c6624]
2019-09-11 09:07:02,158 [grpc-default-executor-1] INFO  client.GrpcClientProtocolClient (GrpcClientProtocolClient.java:onNext(264)) - client-B22ED198845A->f3174d56-9988-40ec-970b-d447ed545dfb: receive RaftClientReply:client-B22ED198845A->f3174d56-9988-40ec-970b-d447ed545dfb@group-47B82E5F6106, cid=4376, SUCCESS, logIndex=0, commits[f3174d56-9988-40ec-970b-d447ed545dfb:c6630, 3e713ff3-0d17-449f-90fa-609b20cf4c10:c6626, 34290298-343f-405c-af97-b2d19041b010:c6626]
2019-09-11 09:07:02,179 [grpc-default-executor-0] INFO  client.GrpcClientProtocolClient (GrpcClientProtocolClient.java:onNext(264)) - client-B22ED198845A->f3174d56-9988-40ec-970b-d447ed545dfb: receive RaftClientReply:client-B22ED198845A->f3174d56-9988-40ec-970b-d447ed545dfb@group-47B82E5F6106, cid=4377, SUCCESS, logIndex=6633, commits[f3174d56-9988-40ec-970b-d447ed545dfb:c6634, 3e713ff3-0d17-449f-90fa-609b20cf4c10:c6632, 34290298-343f-405c-af97-b2d19041b010:c6632]
2019-09-11 09:07:02,180 [grpc-default-executor-0] INFO  client.GrpcClientProtocolClient (GrpcClientProtocolClient.java:onNext(264)) - client-B22ED198845A->f3174d56-9988-40ec-970b-d447ed545dfb: receive RaftClientReply:client-B22ED198845A->f3174d56-9988-40ec-970b-d447ed545dfb@group-47B82E5F6106, cid=4378, SUCCESS, logIndex=6634, commits[f3174d56-9988-40ec-970b-d447ed545dfb:c6634, 3e713ff3-0d17-449f-90fa-609b20cf4c10:c6632, 34290298-343f-405c-af97-b2d19041b010:c6632]
2019-09-11 09:07:02,518 [grpc-default-executor-0] INFO  client.GrpcClientProtocolClient (GrpcClientProtocolClient.java:onNext(264)) - client-B22ED198845A->f3174d56-9988-40ec-970b-d447ed545dfb: receive RaftClientReply:client-B22ED198845A->f3174d56-9988-40ec-970b-d447ed545dfb@group-47B82E5F6106, cid=4379, SUCCESS, logIndex=6637, commits[f3174d56-9988-40ec-970b-d447ed545dfb:c6638, 3e713ff3-0d17-449f-90fa-609b20cf4c10:c6634, 34290298-343f-405c-af97-b2d19041b010:c6634]
2019-09-11 09:07:02,519 [grpc-default-executor-0] INFO  client.GrpcClientProtocolClient (GrpcClientProtocolClient.java:onNext(264)) - client-B22ED198845A->f3174d56-9988-40ec-970b-d447ed545dfb: receive RaftClientReply:client-B22ED198845A->f3174d56-9988-40ec-970b-d447ed545dfb@group-47B82E5F6106, cid=4380, SUCCESS, logIndex=6638, commits[f3174d56-9988-40ec-970b-d447ed545dfb:c6638, 3e713ff3-0d17-449f-90fa-609b20cf4c10:c6634, 34290298-343f-405c-af97-b2d19041b010:c6634]
2019-09-11 09:07:02,532 [grpc-default-executor-0] INFO  client.GrpcClientProtocolClient (GrpcClientProtocolClient.java:onNext(264)) - client-B22ED198845A->f3174d56-9988-40ec-970b-d447ed545dfb: receive RaftClientReply:client-B22ED198845A->f3174d56-9988-40ec-970b-d447ed545dfb@group-47B82E5F6106, cid=4381, SUCCESS, logIndex=0, commits[f3174d56-9988-40ec-970b-d447ed545dfb:c6640, 3e713ff3-0d17-449f-90fa-609b20cf4c10:c6638, 34290298-343f-405c-af97-b2d19041b010:c6638]
2019-09-11 09:07:02,570 [grpc-default-executor-5] INFO  client.GrpcClientProtocolClient (GrpcClientProtocolClient.java:onNext(264)) - client-B22ED198845A->f3174d56-9988-40ec-970b-d447ed545dfb: receive RaftClientReply:client-B22ED198845A->f3174d56-9988-40ec-970b-d447ed545dfb@group-47B82E5F6106, cid=4382, SUCCESS, logIndex=6641, commits[f3174d56-9988-40ec-970b-d447ed545dfb:c6643, 3e713ff3-0d17-449f-90fa-609b20cf4c10:c6640, 34290298-343f-405c-af97-b2d19041b010:c6640]
2019-09-11 09:07:02,571 [grpc-default-executor-5] INFO  client.GrpcClientProtocolClient (GrpcClientProtocolClient.java:onNext(264)) - client-B22ED198845A->f3174d56-9988-40ec-970b-d447ed545dfb: receive RaftClientReply:client-B22ED198845A->f3174d56-9988-40ec-970b-d447ed545dfb@group-47B82E5F6106, cid=4383, SUCCESS, logIndex=6642, commits[f3174d56-9988-40ec-970b-d447ed545dfb:c6644, 3e713ff3-0d17-449f-90fa-609b20cf4c10:c6640, 34290298-343f-405c-af97-b2d19041b010:c6640]
2019-09-11 09:07:02,571 [grpc-default-executor-5] INFO  client.GrpcClientProtocolClient (GrpcClientProtocolClient.java:onNext(264)) - client-B22ED198845A->f3174d56-9988-40ec-970b-d447ed545dfb: receive RaftClientReply:client-B22ED198845A->f3174d56-9988-40ec-970b-d447ed545dfb@group-47B82E5F6106, cid=4384, SUCCESS, logIndex=6643, commits[f3174d56-9988-40ec-970b-d447ed545dfb:c6644, 3e713ff3-0d17-449f-90fa-609b20cf4c10:c6640, 34290298-343f-405c-af97-b2d19041b010:c6640]
2019-09-11 09:07:02,571 [grpc-default-executor-5] INFO  client.GrpcClientProtocolClient (GrpcClientProtocolClient.java:onNext(264)) - client-B22ED198845A->f3174d56-9988-40ec-970b-d447ed545dfb: receive RaftClientReply:client-B22ED198845A->f3174d56-9988-40ec-970b-d447ed545dfb@group-47B82E5F6106, cid=4385, SUCCESS, logIndex=6644, commits[f3174d56-9988-40ec-970b-d447ed545dfb:c6644, 3e713ff3-0d17-449f-90fa-609b20cf4c10:c6640, 34290298-343f-405c-af97-b2d19041b010:c6640]
2019-09-11 09:07:02,596 [grpc-default-executor-5] INFO  client.GrpcClientProtocolClient (GrpcClientProtocolClient.java:onNext(264)) - client-B22ED198845A->f3174d56-9988-40ec-970b-d447ed545dfb: receive RaftClientReply:client-B22ED198845A->f3174d56-9988-40ec-970b-d447ed545dfb@group-47B82E5F6106, cid=4386, SUCCESS, logIndex=0, commits[f3174d56-9988-40ec-970b-d447ed545dfb:c6648, 3e713ff3-0d17-449f-90fa-609b20cf4c10:c6642, 34290298-343f-405c-af97-b2d19041b010:c6644]
 0.00% |█                                                                                                    |  0/1 Time: 0:00:422019-09-11 09:07:02,617 [grpc-default-executor-0] INFO  client.GrpcClientProtocolClient (GrpcClientProtocolClient.java:onNext(264)) - client-B22ED198845A->f3174d56-9988-40ec-970b-d447ed545dfb: receive RaftClientReply:client-B22ED198845A->f3174d56-9988-40ec-970b-d447ed545dfb@group-47B82E5F6106, cid=4387, SUCCESS, logIndex=6649, commits[f3174d56-9988-40ec-970b-d447ed545dfb:c6650, 3e713ff3-0d17-449f-90fa-609b20cf4c10:c6648, 34290298-343f-405c-af97-b2d19041b010:c6648]
2019-09-11 09:07:02,617 [grpc-default-executor-0] INFO  client.GrpcClientProtocolClient (GrpcClientProtocolClient.java:onNext(264)) - client-B22ED198845A->f3174d56-9988-40ec-970b-d447ed545dfb: receive RaftClientReply:client-B22ED198845A->f3174d56-9988-40ec-970b-d447ed545dfb@group-47B82E5F6106, cid=4388, SUCCESS, logIndex=6650, commits[f3174d56-9988-40ec-970b-d447ed545dfb:c6650, 3e713ff3-0d17-449f-90fa-609b20cf4c10:c6648, 34290298-343f-405c-af97-b2d19041b010:c6648]
2019-09-11 09:07:02,635 [grpc-default-executor-1] INFO  client.GrpcClientProtocolClient (GrpcClientProtocolClient.java:onNext(264)) - client-B22ED198845A->f3174d56-9988-40ec-970b-d447ed545dfb: receive RaftClientReply:client-B22ED198845A->f3174d56-9988-40ec-970b-d447ed545dfb@group-47B82E5F6106, cid=4389, SUCCESS, logIndex=6653, commits[f3174d56-9988-40ec-970b-d447ed545dfb:c6654, 3e713ff3-0d17-449f-90fa-609b20cf4c10:c6650, 34290298-343f-405c-af97-b2d19041b010:c6649]
2019-09-11 09:07:02,635 [grpc-default-executor-1] INFO  client.GrpcClientProtocolClient (GrpcClientProtocolClient.java:onNext(264)) - client-B22ED198845A->f3174d56-9988-40ec-970b-d447ed545dfb: receive RaftClientReply:client-B22ED198845A->f3174d56-9988-40ec-970b-d447ed545dfb@group-47B82E5F6106, cid=4390, SUCCESS, logIndex=6654, commits[f3174d56-9988-40ec-970b-d447ed545dfb:c6654, 3e713ff3-0d17-449f-90fa-609b20cf4c10:c6650, 34290298-343f-405c-af97-b2d19041b010:c6650]
2019-09-11 09:07:02,646 [grpc-default-executor-1] INFO  client.GrpcClientProtocolClient (GrpcClientProtocolClient.java:onNext(264)) - client-B22ED198845A->f3174d56-9988-40ec-970b-d447ed545dfb: receive RaftClientReply:client-B22ED198845A->f3174d56-9988-40ec-970b-d447ed545dfb@group-47B82E5F6106, cid=4391, SUCCESS, logIndex=0, commits[f3174d56-9988-40ec-970b-d447ed545dfb:c6655, 3e713ff3-0d17-449f-90fa-609b20cf4c10:c6654, 34290298-343f-405c-af97-b2d19041b010:c6654]
2019-09-11 09:07:02,680 [grpc-default-executor-1] INFO  client.GrpcClientProtocolClient (GrpcClientProtocolClient.java:onNext(264)) - client-B22ED198845A->f3174d56-9988-40ec-970b-d447ed545dfb: receive RaftClientReply:client-B22ED198845A->f3174d56-9988-40ec-970b-d447ed545dfb@group-47B82E5F6106, cid=4392, SUCCESS, logIndex=6656, commits[f3174d56-9988-40ec-970b-d447ed545dfb:c6657, 3e713ff3-0d17-449f-90fa-609b20cf4c10:c6655, 34290298-343f-405c-af97-b2d19041b010:c6655]
2019-09-11 09:07:02,681 [grpc-default-executor-1] INFO  client.GrpcClientProtocolClient (GrpcClientProtocolClient.java:onNext(264)) - client-B22ED198845A->f3174d56-9988-40ec-970b-d447ed545dfb: receive RaftClientReply:client-B22ED198845A->f3174d56-9988-40ec-970b-d447ed545dfb@group-47B82E5F6106, cid=4393, SUCCESS, logIndex=6657, commits[f3174d56-9988-40ec-970b-d447ed545dfb:c6657, 3e713ff3-0d17-449f-90fa-609b20cf4c10:c6655, 34290298-343f-405c-af97-b2d19041b010:c6655]
2019-09-11 09:07:02,681 [grpc-default-executor-5] INFO  client.GrpcClientProtocolClient (GrpcClientProtocolClient.java:onNext(264)) - client-B22ED198845A->f3174d56-9988-40ec-970b-d447ed545dfb: receive RaftClientReply:client-B22ED198845A->f3174d56-9988-40ec-970b-d447ed545dfb@group-47B82E5F6106, cid=4394, SUCCESS, logIndex=6658, commits[f3174d56-9988-40ec-970b-d447ed545dfb:c6659, 3e713ff3-0d17-449f-90fa-609b20cf4c10:c6655, 34290298-343f-405c-af97-b2d19041b010:c6655]
2019-09-11 09:07:02,681 [grpc-default-executor-5] INFO  client.GrpcClientProtocolClient (GrpcClientProtocolClient.java:onNext(264)) - client-B22ED198845A->f3174d56-9988-40ec-970b-d447ed545dfb: receive RaftClientReply:client-B22ED198845A->f3174d56-9988-40ec-970b-d447ed545dfb@group-47B82E5F6106, cid=4395, SUCCESS, logIndex=6659, commits[f3174d56-9988-40ec-970b-d447ed545dfb:c6659, 3e713ff3-0d17-449f-90fa-609b20cf4c10:c6655, 34290298-343f-405c-af97-b2d19041b010:c6655]
2019-09-11 09:07:02,695 [grpc-default-executor-5] INFO  client.GrpcClientProtocolClient (GrpcClientProtocolClient.java:onNext(264)) - client-B22ED198845A->f3174d56-9988-40ec-970b-d447ed545dfb: receive RaftClientReply:client-B22ED198845A->f3174d56-9988-40ec-970b-d447ed545dfb@group-47B82E5F6106, cid=4396, SUCCESS, logIndex=0, commits[f3174d56-9988-40ec-970b-d447ed545dfb:c6661, 3e713ff3-0d17-449f-90fa-609b20cf4c10:c6657, 34290298-343f-405c-af97-b2d19041b010:c6657]
2019-09-11 09:07:02,712 [grpc-default-executor-0] INFO  client.GrpcClientProtocolClient (GrpcClientProtocolClient.java:onNext(264)) - client-B22ED198845A->f3174d56-9988-40ec-970b-d447ed545dfb: receive RaftClientReply:client-B22ED198845A->f3174d56-9988-40ec-970b-d447ed545dfb@group-47B82E5F6106, cid=4397, SUCCESS, logIndex=6664, commits[f3174d56-9988-40ec-970b-d447ed545dfb:c6665, 3e713ff3-0d17-449f-90fa-609b20cf4c10:c6663, 34290298-343f-405c-af97-b2d19041b010:c6663]
2019-09-11 09:07:02,713 [grpc-default-executor-0] INFO  client.GrpcClientProtocolClient (GrpcClientProtocolClient.java:onNext(264)) - client-B22ED198845A->f3174d56-9988-40ec-970b-d447ed545dfb: receive RaftClientReply:client-B22ED198845A->f3174d56-9988-40ec-970b-d447ed545dfb@group-47B82E5F6106, cid=4398, SUCCESS, logIndex=6665, commits[f3174d56-9988-40ec-970b-d447ed545dfb:c6665, 3e713ff3-0d17-449f-90fa-609b20cf4c10:c6663, 34290298-343f-405c-af97-b2d19041b010:c6663]
2019-09-11 09:07:02,739 [grpc-default-executor-0] INFO  client.GrpcClientProtocolClient (GrpcClientProtocolClient.java:onNext(264)) - client-B22ED198845A->f3174d56-9988-40ec-970b-d447ed545dfb: receive RaftClientReply:client-B22ED198845A->f3174d56-9988-40ec-970b-d447ed545dfb@group-47B82E5F6106, cid=4399, SUCCESS, logIndex=6668, commits[f3174d56-9988-40ec-970b-d447ed545dfb:c6669, 3e713ff3-0d17-449f-90fa-609b20cf4c10:c6665, 34290298-343f-405c-af97-b2d19041b010:c6665]
2019-09-11 09:07:02,739 [grpc-default-executor-0] INFO  client.GrpcClientProtocolClient (GrpcClientProtocolClient.java:onNext(264)) - client-B22ED198845A->f3174d56-9988-40ec-970b-d447ed545dfb: receive RaftClientReply:client-B22ED198845A->f3174d56-9988-40ec-970b-d447ed545dfb@group-47B82E5F6106, cid=4400, SUCCESS, logIndex=6669, commits[f3174d56-9988-40ec-970b-d447ed545dfb:c6669, 3e713ff3-0d17-449f-90fa-609b20cf4c10:c6665, 34290298-343f-405c-af97-b2d19041b010:c6665]
2019-09-11 09:07:02,752 [grpc-default-executor-0] INFO  client.GrpcClientProtocolClient (GrpcClientProtocolClient.java:onNext(264)) - client-B22ED198845A->f3174d56-9988-40ec-970b-d447ed545dfb: receive RaftClientReply:client-B22ED198845A->f3174d56-9988-40ec-970b-d447ed545dfb@group-47B82E5F6106, cid=4401, SUCCESS, logIndex=0, commits[f3174d56-9988-40ec-970b-d447ed545dfb:c6670, 3e713ff3-0d17-449f-90fa-609b20cf4c10:c6669, 34290298-343f-405c-af97-b2d19041b010:c6669]
2019-09-11 09:07:02,784 [grpc-default-executor-5] INFO  client.GrpcClientProtocolClient (GrpcClientProtocolClient.java:onNext(264)) - client-B22ED198845A->f3174d56-9988-40ec-970b-d447ed545dfb: receive RaftClientReply:client-B22ED198845A->f3174d56-9988-40ec-970b-d447ed545dfb@group-47B82E5F6106, cid=4402, SUCCESS, logIndex=6672, commits[f3174d56-9988-40ec-970b-d447ed545dfb:c6673, 3e713ff3-0d17-449f-90fa-609b20cf4c10:c6671, 34290298-343f-405c-af97-b2d19041b010:c6671]
2019-09-11 09:07:02,784 [grpc-default-executor-5] INFO  client.GrpcClientProtocolClient (GrpcClientProtocolClient.java:onNext(264)) - client-B22ED198845A->f3174d56-9988-40ec-970b-d447ed545dfb: receive RaftClientReply:client-B22ED198845A->f3174d56-9988-40ec-970b-d447ed545dfb@group-47B82E5F6106, cid=4403, SUCCESS, logIndex=6673, commits[f3174d56-9988-40ec-970b-d447ed545dfb:c6673, 3e713ff3-0d17-449f-90fa-609b20cf4c10:c6671, 34290298-343f-405c-af97-b2d19041b010:c6671]
2019-09-11 09:07:02,794 [grpc-default-executor-0] INFO  client.GrpcClientProtocolClient (GrpcClientProtocolClient.java:onNext(264)) - client-B22ED198845A->f3174d56-9988-40ec-970b-d447ed545dfb: receive RaftClientReply:client-B22ED198845A->f3174d56-9988-40ec-970b-d447ed545dfb@group-47B82E5F6106, cid=4404, SUCCESS, logIndex=6674, commits[f3174d56-9988-40ec-970b-d447ed545dfb:c6675, 3e713ff3-0d17-449f-90fa-609b20cf4c10:c6671, 34290298-343f-405c-af97-b2d19041b010:c6671]
2019-09-11 09:07:02,795 [grpc-default-executor-0] INFO  client.GrpcClientProtocolClient (GrpcClientProtocolClient.java:onNext(264)) - client-B22ED198845A->f3174d56-9988-40ec-970b-d447ed545dfb: receive RaftClientReply:client-B22ED198845A->f3174d56-9988-40ec-970b-d447ed545dfb@group-47B82E5F6106, cid=4405, SUCCESS, logIndex=6675, commits[f3174d56-9988-40ec-970b-d447ed545dfb:c6675, 3e713ff3-0d17-449f-90fa-609b20cf4c10:c6671, 34290298-343f-405c-af97-b2d19041b010:c6671]
2019-09-11 09:07:02,809 [grpc-default-executor-0] INFO  client.GrpcClientProtocolClient (GrpcClientProtocolClient.java:onNext(264)) - client-B22ED198845A->f3174d56-9988-40ec-970b-d447ed545dfb: receive RaftClientReply:client-B22ED198845A->f3174d56-9988-40ec-970b-d447ed545dfb@group-47B82E5F6106, cid=4406, SUCCESS, logIndex=0, commits[f3174d56-9988-40ec-970b-d447ed545dfb:c6677, 3e713ff3-0d17-449f-90fa-609b20cf4c10:c6673, 34290298-343f-405c-af97-b2d19041b010:c6675]
2019-09-11 09:07:02,818 [grpc-default-executor-5] INFO  client.GrpcClientProtocolClient (GrpcClientProtocolClient.java:onNext(264)) - client-B22ED198845A->f3174d56-9988-40ec-970b-d447ed545dfb: receive RaftClientReply:client-B22ED198845A->f3174d56-9988-40ec-970b-d447ed545dfb@group-47B82E5F6106, cid=4407, SUCCESS, logIndex=6679, commits[f3174d56-9988-40ec-970b-d447ed545dfb:c6680, 3e713ff3-0d17-449f-90fa-609b20cf4c10:c6675, 34290298-343f-405c-af97-b2d19041b010:c6678]
2019-09-11 09:07:02,819 [grpc-default-executor-5] INFO  client.GrpcClientProtocolClient (GrpcClientProtocolClient.java:onNext(264)) - client-B22ED198845A->f3174d56-9988-40ec-970b-d447ed545dfb: receive RaftClientReply:client-B22ED198845A->f3174d56-9988-40ec-970b-d447ed545dfb@group-47B82E5F6106, cid=4408, SUCCESS, logIndex=6680, commits[f3174d56-9988-40ec-970b-d447ed545dfb:c6680, 3e713ff3-0d17-449f-90fa-609b20cf4c10:c6678, 34290298-343f-405c-af97-b2d19041b010:c6678]
2019-09-11 09:07:02,827 [grpc-default-executor-0] INFO  client.GrpcClientProtocolClient (GrpcClientProtocolClient.java:onNext(264)) - client-B22ED198845A->f3174d56-9988-40ec-970b-d447ed545dfb: receive RaftClientReply:client-B22ED198845A->f3174d56-9988-40ec-970b-d447ed545dfb@group-47B82E5F6106, cid=4409, SUCCESS, logIndex=6683, commits[f3174d56-9988-40ec-970b-d447ed545dfb:c6684, 3e713ff3-0d17-449f-90fa-609b20cf4c10:c6681, 34290298-343f-405c-af97-b2d19041b010:c6680]
2019-09-11 09:07:02,827 [grpc-default-executor-0] INFO  client.GrpcClientProtocolClient (GrpcClientProtocolClient.java:onNext(264)) - client-B22ED198845A->f3174d56-9988-40ec-970b-d447ed545dfb: receive RaftClientReply:client-B22ED198845A->f3174d56-9988-40ec-970b-d447ed545dfb@group-47B82E5F6106, cid=4410, SUCCESS, logIndex=6684, commits[f3174d56-9988-40ec-970b-d447ed545dfb:c6684, 3e713ff3-0d17-449f-90fa-609b20cf4c10:c6681, 34290298-343f-405c-af97-b2d19041b010:c6680]
2019-09-11 09:07:02,831 [grpc-default-executor-5] INFO  client.GrpcClientProtocolClient (GrpcClientProtocolClient.java:onNext(264)) - client-B22ED198845A->f3174d56-9988-40ec-970b-d447ed545dfb: receive RaftClientReply:client-B22ED198845A->f3174d56-9988-40ec-970b-d447ed545dfb@group-47B82E5F6106, cid=4411, SUCCESS, logIndex=0, commits[f3174d56-9988-40ec-970b-d447ed545dfb:c6685, 3e713ff3-0d17-449f-90fa-609b20cf4c10:c6684, 34290298-343f-405c-af97-b2d19041b010:c6684]
2019-09-11 09:07:02,860 [grpc-default-executor-0] INFO  client.GrpcClientProtocolClient (GrpcClientProtocolClient.java:onNext(264)) - client-B22ED198845A->f3174d56-9988-40ec-970b-d447ed545dfb: receive RaftClientReply:client-B22ED198845A->f3174d56-9988-40ec-970b-d447ed545dfb@group-47B82E5F6106, cid=4412, SUCCESS, logIndex=6687, commits[f3174d56-9988-40ec-970b-d447ed545dfb:c6688, 3e713ff3-0d17-449f-90fa-609b20cf4c10:c6686, 34290298-343f-405c-af97-b2d19041b010:c6684]
2019-09-11 09:07:02,860 [grpc-default-executor-0] INFO  client.GrpcClientProtocolClient (GrpcClientProtocolClient.java:onNext(264)) - client-B22ED198845A->f3174d56-9988-40ec-970b-d447ed545dfb: receive RaftClientReply:client-B22ED198845A->f3174d56-9988-40ec-970b-d447ed545dfb@group-47B82E5F6106, cid=4413, SUCCESS, logIndex=6688, commits[f3174d56-9988-40ec-970b-d447ed545dfb:c6688, 3e713ff3-0d17-449f-90fa-609b20cf4c10:c6686, 34290298-343f-405c-af97-b2d19041b010:c6684]
2019-09-11 09:07:02,861 [grpc-default-executor-5] INFO  client.GrpcClientProtocolClient (GrpcClientProtocolClient.java:onNext(264)) - client-B22ED198845A->f3174d56-9988-40ec-970b-d447ed545dfb: receive RaftClientReply:client-B22ED198845A->f3174d56-9988-40ec-970b-d447ed545dfb@group-47B82E5F6106, cid=4414, SUCCESS, logIndex=6689, commits[f3174d56-9988-40ec-970b-d447ed545dfb:c6689, 3e713ff3-0d17-449f-90fa-609b20cf4c10:c6686, 34290298-343f-405c-af97-b2d19041b010:c6686]
2019-09-11 09:07:02,862 [grpc-default-executor-5] INFO  client.GrpcClientProtocolClient (GrpcClientProtocolClient.java:onNext(264)) - client-B22ED198845A->f3174d56-9988-40ec-970b-d447ed545dfb: receive RaftClientReply:client-B22ED198845A->f3174d56-9988-40ec-970b-d447ed545dfb@group-47B82E5F6106, cid=4415, SUCCESS, logIndex=6690, commits[f3174d56-9988-40ec-970b-d447ed545dfb:c6690, 3e713ff3-0d17-449f-90fa-609b20cf4c10:c6686, 34290298-343f-405c-af97-b2d19041b010:c6686]
2019-09-11 09:07:02,864 [grpc-default-executor-5] INFO  client.GrpcClientProtocolClient (GrpcClientProtocolClient.java:onNext(264)) - client-B22ED198845A->f3174d56-9988-40ec-970b-d447ed545dfb: receive RaftClientReply:client-B22ED198845A->f3174d56-9988-40ec-970b-d447ed545dfb@group-47B82E5F6106, cid=4416, SUCCESS, logIndex=0, commits[f3174d56-9988-40ec-970b-d447ed545dfb:c6692, 3e713ff3-0d17-449f-90fa-609b20cf4c10:c6688, 34290298-343f-405c-af97-b2d19041b010:c6688]
2019-09-11 09:07:02,885 [grpc-default-executor-1] INFO  client.GrpcClientProtocolClient (GrpcClientProtocolClient.java:onNext(264)) - client-B22ED198845A->f3174d56-9988-40ec-970b-d447ed545dfb: receive RaftClientReply:client-B22ED198845A->f3174d56-9988-40ec-970b-d447ed545dfb@group-47B82E5F6106, cid=4417, SUCCESS, logIndex=6695, commits[f3174d56-9988-40ec-970b-d447ed545dfb:c6696, 3e713ff3-0d17-449f-90fa-609b20cf4c10:c6694, 34290298-343f-405c-af97-b2d19041b010:c6690]
2019-09-11 09:07:02,886 [grpc-default-executor-1] INFO  client.GrpcClientProtocolClient (GrpcClientProtocolClient.java:onNext(264)) - client-B22ED198845A->f3174d56-9988-40ec-970b-d447ed545dfb: receive RaftClientReply:client-B22ED198845A->f3174d56-9988-40ec-970b-d447ed545dfb@group-47B82E5F6106, cid=4418, SUCCESS, logIndex=6696, commits[f3174d56-9988-40ec-970b-d447ed545dfb:c6696, 3e713ff3-0d17-449f-90fa-609b20cf4c10:c6694, 34290298-343f-405c-af97-b2d19041b010:c6694]
2019-09-11 09:07:02,903 [grpc-default-executor-5] INFO  client.GrpcClientProtocolClient (GrpcClientProtocolClient.java:onNext(264)) - client-B22ED198845A->f3174d56-9988-40ec-970b-d447ed545dfb: receive RaftClientReply:client-B22ED198845A->f3174d56-9988-40ec-970b-d447ed545dfb@group-47B82E5F6106, cid=4419, SUCCESS, logIndex=6699, commits[f3174d56-9988-40ec-970b-d447ed545dfb:c6699, 3e713ff3-0d17-449f-90fa-609b20cf4c10:c6697, 34290298-343f-405c-af97-b2d19041b010:c6697]
2019-09-11 09:07:02,904 [grpc-default-executor-5] INFO  client.GrpcClientProtocolClient (GrpcClientProtocolClient.java:onNext(264)) - client-B22ED198845A->f3174d56-9988-40ec-970b-d447ed545dfb: receive RaftClientReply:client-B22ED198845A->f3174d56-9988-40ec-970b-d447ed545dfb@group-47B82E5F6106, cid=4420, SUCCESS, logIndex=6700, commits[f3174d56-9988-40ec-970b-d447ed545dfb:c6700, 3e713ff3-0d17-449f-90fa-609b20cf4c10:c6697, 34290298-343f-405c-af97-b2d19041b010:c6697]
2019-09-11 09:07:02,918 [grpc-default-executor-5] INFO  client.GrpcClientProtocolClient (GrpcClientProtocolClient.java:onNext(264)) - client-B22ED198845A->f3174d56-9988-40ec-970b-d447ed545dfb: receive RaftClientReply:client-B22ED198845A->f3174d56-9988-40ec-970b-d447ed545dfb@group-47B82E5F6106, cid=4421, SUCCESS, logIndex=0, commits[f3174d56-9988-40ec-970b-d447ed545dfb:c6702, 3e713ff3-0d17-449f-90fa-609b20cf4c10:c6700, 34290298-343f-405c-af97-b2d19041b010:c6700]
2019-09-11 09:07:02,949 [grpc-default-executor-1] INFO  client.GrpcClientProtocolClient (GrpcClientProtocolClient.java:onNext(264)) - client-B22ED198845A->f3174d56-9988-40ec-970b-d447ed545dfb: receive RaftClientReply:client-B22ED198845A->f3174d56-9988-40ec-970b-d447ed545dfb@group-47B82E5F6106, cid=4422, SUCCESS, logIndex=6703, commits[f3174d56-9988-40ec-970b-d447ed545dfb:c6704, 3e713ff3-0d17-449f-90fa-609b20cf4c10:c6702, 34290298-343f-405c-af97-b2d19041b010:c6702]
2019-09-11 09:07:02,949 [grpc-default-executor-1] INFO  client.GrpcClientProtocolClient (GrpcClientProtocolClient.java:onNext(264)) - client-B22ED198845A->f3174d56-9988-40ec-970b-d447ed545dfb: receive RaftClientReply:client-B22ED198845A->f3174d56-9988-40ec-970b-d447ed545dfb@group-47B82E5F6106, cid=4423, SUCCESS, logIndex=6704, commits[f3174d56-9988-40ec-970b-d447ed545dfb:c6704, 3e713ff3-0d17-449f-90fa-609b20cf4c10:c6702, 34290298-343f-405c-af97-b2d19041b010:c6702]
2019-09-11 09:07:02,959 [grpc-default-executor-1] INFO  client.GrpcClientProtocolClient (GrpcClientProtocolClient.java:onNext(264)) - client-B22ED198845A->f3174d56-9988-40ec-970b-d447ed545dfb: receive RaftClientReply:client-B22ED198845A->f3174d56-9988-40ec-970b-d447ed545dfb@group-47B82E5F6106, cid=4424, SUCCESS, logIndex=6705, commits[f3174d56-9988-40ec-970b-d447ed545dfb:c6706, 3e713ff3-0d17-449f-90fa-609b20cf4c10:c6702, 34290298-343f-405c-af97-b2d19041b010:c6702]
2019-09-11 09:07:02,959 [grpc-default-executor-1] INFO  client.GrpcClientProtocolClient (GrpcClientProtocolClient.java:onNext(264)) - client-B22ED198845A->f3174d56-9988-40ec-970b-d447ed545dfb: receive RaftClientReply:client-B22ED198845A->f3174d56-9988-40ec-970b-d447ed545dfb@group-47B82E5F6106, cid=4425, SUCCESS, logIndex=6706, commits[f3174d56-9988-40ec-970b-d447ed545dfb:c6706, 3e713ff3-0d17-449f-90fa-609b20cf4c10:c6702, 34290298-343f-405c-af97-b2d19041b010:c6702]
2019-09-11 09:07:02,974 [grpc-default-executor-1] INFO  client.GrpcClientProtocolClient (GrpcClientProtocolClient.java:onNext(264)) - client-B22ED198845A->f3174d56-9988-40ec-970b-d447ed545dfb: receive RaftClientReply:client-B22ED198845A->f3174d56-9988-40ec-970b-d447ed545dfb@group-47B82E5F6106, cid=4426, SUCCESS, logIndex=0, commits[f3174d56-9988-40ec-970b-d447ed545dfb:c6708, 3e713ff3-0d17-449f-90fa-609b20cf4c10:c6704, 34290298-343f-405c-af97-b2d19041b010:c6704]
2019-09-11 09:07:02,998 [grpc-default-executor-1] INFO  client.GrpcClientProtocolClient (GrpcClientProtocolClient.java:onNext(264)) - client-B22ED198845A->f3174d56-9988-40ec-970b-d447ed545dfb: receive RaftClientReply:client-B22ED198845A->f3174d56-9988-40ec-970b-d447ed545dfb@group-47B82E5F6106, cid=4427, SUCCESS, logIndex=6710, commits[f3174d56-9988-40ec-970b-d447ed545dfb:c6711, 3e713ff3-0d17-449f-90fa-609b20cf4c10:c6708, 34290298-343f-405c-af97-b2d19041b010:c6708]
2019-09-11 09:07:02,998 [grpc-default-executor-1] INFO  client.GrpcClientProtocolClient (GrpcClientProtocolClient.java:onNext(264)) - client-B22ED198845A->f3174d56-9988-40ec-970b-d447ed545dfb: receive RaftClientReply:client-B22ED198845A->f3174d56-9988-40ec-970b-d447ed545dfb@group-47B82E5F6106, cid=4428, SUCCESS, logIndex=6711, commits[f3174d56-9988-40ec-970b-d447ed545dfb:c6711, 3e713ff3-0d17-449f-90fa-609b20cf4c10:c6708, 34290298-343f-405c-af97-b2d19041b010:c6708]
2019-09-11 09:07:03,025 [grpc-default-executor-5] INFO  client.GrpcClientProtocolClient (GrpcClientProtocolClient.java:onNext(264)) - client-B22ED198845A->f3174d56-9988-40ec-970b-d447ed545dfb: receive RaftClientReply:client-B22ED198845A->f3174d56-9988-40ec-970b-d447ed545dfb@group-47B82E5F6106, cid=4429, SUCCESS, logIndex=6714, commits[f3174d56-9988-40ec-970b-d447ed545dfb:c6715, 3e713ff3-0d17-449f-90fa-609b20cf4c10:c6711, 34290298-343f-405c-af97-b2d19041b010:c6711]
2019-09-11 09:07:03,026 [grpc-default-executor-5] INFO  client.GrpcClientProtocolClient (GrpcClientProtocolClient.java:onNext(264)) - client-B22ED198845A->f3174d56-9988-40ec-970b-d447ed545dfb: receive RaftClientReply:client-B22ED198845A->f3174d56-9988-40ec-970b-d447ed545dfb@group-47B82E5F6106, cid=4430, SUCCESS, logIndex=6715, commits[f3174d56-9988-40ec-970b-d447ed545dfb:c6715, 3e713ff3-0d17-449f-90fa-609b20cf4c10:c6711, 34290298-343f-405c-af97-b2d19041b010:c6711]
2019-09-11 09:07:03,029 [grpc-default-executor-5] INFO  client.GrpcClientProtocolClient (GrpcClientProtocolClient.java:onNext(264)) - client-B22ED198845A->f3174d56-9988-40ec-970b-d447ed545dfb: receive RaftClientReply:client-B22ED198845A->f3174d56-9988-40ec-970b-d447ed545dfb@group-47B82E5F6106, cid=4431, SUCCESS, logIndex=0, commits[f3174d56-9988-40ec-970b-d447ed545dfb:c6717, 3e713ff3-0d17-449f-90fa-609b20cf4c10:c6715, 34290298-343f-405c-af97-b2d19041b010:c6715]
2019-09-11 09:07:03,050 [grpc-default-executor-0] INFO  client.GrpcClientProtocolClient (GrpcClientProtocolClient.java:onNext(264)) - client-B22ED198845A->f3174d56-9988-40ec-970b-d447ed545dfb: receive RaftClientReply:client-B22ED198845A->f3174d56-9988-40ec-970b-d447ed545dfb@group-47B82E5F6106, cid=4432, SUCCESS, logIndex=6718, commits[f3174d56-9988-40ec-970b-d447ed545dfb:c6720, 3e713ff3-0d17-449f-90fa-609b20cf4c10:c6715, 34290298-343f-405c-af97-b2d19041b010:c6717]
2019-09-11 09:07:03,051 [grpc-default-executor-0] INFO  client.GrpcClientProtocolClient (GrpcClientProtocolClient.java:onNext(264)) - client-B22ED198845A->f3174d56-9988-40ec-970b-d447ed545dfb: receive RaftClientReply:client-B22ED198845A->f3174d56-9988-40ec-970b-d447ed545dfb@group-47B82E5F6106, cid=4433, SUCCESS, logIndex=6719, commits[f3174d56-9988-40ec-970b-d447ed545dfb:c6721, 3e713ff3-0d17-449f-90fa-609b20cf4c10:c6717, 34290298-343f-405c-af97-b2d19041b010:c6717]
2019-09-11 09:07:03,051 [grpc-default-executor-0] INFO  client.GrpcClientProtocolClient (GrpcClientProtocolClient.java:onNext(264)) - client-B22ED198845A->f3174d56-9988-40ec-970b-d447ed545dfb: receive RaftClientReply:client-B22ED198845A->f3174d56-9988-40ec-970b-d447ed545dfb@group-47B82E5F6106, cid=4434, SUCCESS, logIndex=6720, commits[f3174d56-9988-40ec-970b-d447ed545dfb:c6721, 3e713ff3-0d17-449f-90fa-609b20cf4c10:c6717, 34290298-343f-405c-af97-b2d19041b010:c6717]
2019-09-11 09:07:03,051 [grpc-default-executor-0] INFO  client.GrpcClientProtocolClient (GrpcClientProtocolClient.java:onNext(264)) - client-B22ED198845A->f3174d56-9988-40ec-970b-d447ed545dfb: receive RaftClientReply:client-B22ED198845A->f3174d56-9988-40ec-970b-d447ed545dfb@group-47B82E5F6106, cid=4435, SUCCESS, logIndex=6721, commits[f3174d56-9988-40ec-970b-d447ed545dfb:c6721, 3e713ff3-0d17-449f-90fa-609b20cf4c10:c6717, 34290298-343f-405c-af97-b2d19041b010:c6717]
2019-09-11 09:07:03,054 [grpc-default-executor-1] INFO  client.GrpcClientProtocolClient (GrpcClientProtocolClient.java:onNext(264)) - client-B22ED198845A->f3174d56-9988-40ec-970b-d447ed545dfb: receive RaftClientReply:client-B22ED198845A->f3174d56-9988-40ec-970b-d447ed545dfb@group-47B82E5F6106, cid=4436, SUCCESS, logIndex=0, commits[f3174d56-9988-40ec-970b-d447ed545dfb:c6723, 3e713ff3-0d17-449f-90fa-609b20cf4c10:c6719, 34290298-343f-405c-af97-b2d19041b010:c6719]
2019-09-11 09:07:03,063 [grpc-default-executor-5] INFO  client.GrpcClientProtocolClient (GrpcClientProtocolClient.java:onNext(264)) - client-B22ED198845A->f3174d56-9988-40ec-970b-d447ed545dfb: receive RaftClientReply:client-B22ED198845A->f3174d56-9988-40ec-970b-d447ed545dfb@group-47B82E5F6106, cid=4437, SUCCESS, logIndex=6726, commits[f3174d56-9988-40ec-970b-d447ed545dfb:c6727, 3e713ff3-0d17-449f-90fa-609b20cf4c10:c6725, 34290298-343f-405c-af97-b2d19041b010:c6721]
2019-09-11 09:07:03,063 [grpc-default-executor-5] INFO  client.GrpcClientProtocolClient (GrpcClientProtocolClient.java:onNext(264)) - client-B22ED198845A->f3174d56-9988-40ec-970b-d447ed545dfb: receive RaftClientReply:client-B22ED198845A->f3174d56-9988-40ec-970b-d447ed545dfb@group-47B82E5F6106, cid=4438, SUCCESS, logIndex=6727, commits[f3174d56-9988-40ec-970b-d447ed545dfb:c6727, 3e713ff3-0d17-449f-90fa-609b20cf4c10:c6725, 34290298-343f-405c-af97-b2d19041b010:c6725]
2019-09-11 09:07:03,081 [grpc-default-executor-5] INFO  client.GrpcClientProtocolClient (GrpcClientProtocolClient.java:onNext(264)) - client-B22ED198845A->f3174d56-9988-40ec-970b-d447ed545dfb: receive RaftClientReply:client-B22ED198845A->f3174d56-9988-40ec-970b-d447ed545dfb@group-47B82E5F6106, cid=4439, SUCCESS, logIndex=6730, commits[f3174d56-9988-40ec-970b-d447ed545dfb:c6731, 3e713ff3-0d17-449f-90fa-609b20cf4c10:c6729, 34290298-343f-405c-af97-b2d19041b010:c6729]
2019-09-11 09:07:03,081 [grpc-default-executor-5] INFO  client.GrpcClientProtocolClient (GrpcClientProtocolClient.java:onNext(264)) - client-B22ED198845A->f3174d56-9988-40ec-970b-d447ed545dfb: receive RaftClientReply:client-B22ED198845A->f3174d56-9988-40ec-970b-d447ed545dfb@group-47B82E5F6106, cid=4440, SUCCESS, logIndex=6731, commits[f3174d56-9988-40ec-970b-d447ed545dfb:c6731, 3e713ff3-0d17-449f-90fa-609b20cf4c10:c6729, 34290298-343f-405c-af97-b2d19041b010:c6729]
2019-09-11 09:07:03,082 [grpc-default-executor-5] INFO  client.GrpcClientProtocolClient (GrpcClientProtocolClient.java:onNext(264)) - client-B22ED198845A->f3174d56-9988-40ec-970b-d447ed545dfb: receive RaftClientReply:client-B22ED198845A->f3174d56-9988-40ec-970b-d447ed545dfb@group-47B82E5F6106, cid=4441, SUCCESS, logIndex=0, commits[f3174d56-9988-40ec-970b-d447ed545dfb:c6732, 3e713ff3-0d17-449f-90fa-609b20cf4c10:c6731, 34290298-343f-405c-af97-b2d19041b010:c6731]
2019-09-11 09:07:03,107 [grpc-default-executor-2] INFO  client.GrpcClientProtocolClient (GrpcClientProtocolClient.java:onNext(264)) - client-B22ED198845A->f3174d56-9988-40ec-970b-d447ed545dfb: receive RaftClientReply:client-B22ED198845A->f3174d56-9988-40ec-970b-d447ed545dfb@group-47B82E5F6106, cid=4442, SUCCESS, logIndex=6734, commits[f3174d56-9988-40ec-970b-d447ed545dfb:c6735, 3e713ff3-0d17-449f-90fa-609b20cf4c10:c6733, 34290298-343f-405c-af97-b2d19041b010:c6731]
2019-09-11 09:07:03,108 [grpc-default-executor-2] INFO  client.GrpcClientProtocolClient (GrpcClientProtocolClient.java:onNext(264)) - client-B22ED198845A->f3174d56-9988-40ec-970b-d447ed545dfb: receive RaftClientReply:client-B22ED198845A->f3174d56-9988-40ec-970b-d447ed545dfb@group-47B82E5F6106, cid=4443, SUCCESS, logIndex=6735, commits[f3174d56-9988-40ec-970b-d447ed545dfb:c6735, 3e713ff3-0d17-449f-90fa-609b20cf4c10:c6733, 34290298-343f-405c-af97-b2d19041b010:c6731]
2019-09-11 09:07:03,109 [grpc-default-executor-2] INFO  client.GrpcClientProtocolClient (GrpcClientProtocolClient.java:onNext(264)) - client-B22ED198845A->f3174d56-9988-40ec-970b-d447ed545dfb: receive RaftClientReply:client-B22ED198845A->f3174d56-9988-40ec-970b-d447ed545dfb@group-47B82E5F6106, cid=4444, SUCCESS, logIndex=6736, commits[f3174d56-9988-40ec-970b-d447ed545dfb:c6736, 3e713ff3-0d17-449f-90fa-609b20cf4c10:c6733, 34290298-343f-405c-af97-b2d19041b010:c6731]
2019-09-11 09:07:03,109 [grpc-default-executor-2] INFO  client.GrpcClientProtocolClient (GrpcClientProtocolClient.java:onNext(264)) - client-B22ED198845A->f3174d56-9988-40ec-970b-d447ed545dfb: receive RaftClientReply:client-B22ED198845A->f3174d56-9988-40ec-970b-d447ed545dfb@group-47B82E5F6106, cid=4445, SUCCESS, logIndex=6737, commits[f3174d56-9988-40ec-970b-d447ed545dfb:c6737, 3e713ff3-0d17-449f-90fa-609b20cf4c10:c6733, 34290298-343f-405c-af97-b2d19041b010:c6731]
2019-09-11 09:07:03,111 [grpc-default-executor-2] INFO  client.GrpcClientProtocolClient (GrpcClientProtocolClient.java:onNext(264)) - client-B22ED198845A->f3174d56-9988-40ec-970b-d447ed545dfb: receive RaftClientReply:client-B22ED198845A->f3174d56-9988-40ec-970b-d447ed545dfb@group-47B82E5F6106, cid=4446, SUCCESS, logIndex=0, commits[f3174d56-9988-40ec-970b-d447ed545dfb:c6738, 3e713ff3-0d17-449f-90fa-609b20cf4c10:c6735, 34290298-343f-405c-af97-b2d19041b010:c6735]
2019-09-11 09:07:03,137 [grpc-default-executor-2] INFO  client.GrpcClientProtocolClient (GrpcClientProtocolClient.java:onNext(264)) - client-B22ED198845A->f3174d56-9988-40ec-970b-d447ed545dfb: receive RaftClientReply:client-B22ED198845A->f3174d56-9988-40ec-970b-d447ed545dfb@group-47B82E5F6106, cid=4447, SUCCESS, logIndex=6742, commits[f3174d56-9988-40ec-970b-d447ed545dfb:c6743, 3e713ff3-0d17-449f-90fa-609b20cf4c10:c6741, 34290298-343f-405c-af97-b2d19041b010:c6737]
2019-09-11 09:07:03,137 [grpc-default-executor-2] INFO  client.GrpcClientProtocolClient (GrpcClientProtocolClient.java:onNext(264)) - client-B22ED198845A->f3174d56-9988-40ec-970b-d447ed545dfb: receive RaftClientReply:client-B22ED198845A->f3174d56-9988-40ec-970b-d447ed545dfb@group-47B82E5F6106, cid=4448, SUCCESS, logIndex=6743, commits[f3174d56-9988-40ec-970b-d447ed545dfb:c6743, 3e713ff3-0d17-449f-90fa-609b20cf4c10:c6741, 34290298-343f-405c-af97-b2d19041b010:c6741]
2019-09-11 09:07:03,485 [grpc-default-executor-1] INFO  client.GrpcClientProtocolClient (GrpcClientProtocolClient.java:onNext(264)) - client-B22ED198845A->f3174d56-9988-40ec-970b-d447ed545dfb: receive RaftClientReply:client-B22ED198845A->f3174d56-9988-40ec-970b-d447ed545dfb@group-47B82E5F6106, cid=4449, SUCCESS, logIndex=6745, commits[f3174d56-9988-40ec-970b-d447ed545dfb:c6745, 3e713ff3-0d17-449f-90fa-609b20cf4c10:c6743, 34290298-343f-405c-af97-b2d19041b010:c6743]
2019-09-11 09:07:03,486 [grpc-default-executor-1] INFO  client.GrpcClientProtocolClient (GrpcClientProtocolClient.java:onNext(264)) - client-B22ED198845A->f3174d56-9988-40ec-970b-d447ed545dfb: receive RaftClientReply:client-B22ED198845A->f3174d56-9988-40ec-970b-d447ed545dfb@group-47B82E5F6106, cid=4450, SUCCESS, logIndex=6746, commits[f3174d56-9988-40ec-970b-d447ed545dfb:c6746, 3e713ff3-0d17-449f-90fa-609b20cf4c10:c6743, 34290298-343f-405c-af97-b2d19041b010:c6743]
2019-09-11 09:07:03,511 [grpc-default-executor-1] INFO  client.GrpcClientProtocolClient (GrpcClientProtocolClient.java:onNext(264)) - client-B22ED198845A->f3174d56-9988-40ec-970b-d447ed545dfb: receive RaftClientReply:client-B22ED198845A->f3174d56-9988-40ec-970b-d447ed545dfb@group-47B82E5F6106, cid=4451, SUCCESS, logIndex=0, commits[f3174d56-9988-40ec-970b-d447ed545dfb:c6748, 3e713ff3-0d17-449f-90fa-609b20cf4c10:c6746, 34290298-343f-405c-af97-b2d19041b010:c6746]
 0.00% |█                                                                                                    |  0/1 Time: 0:00:432019-09-11 09:07:03,675 [grpc-default-executor-1] INFO  client.GrpcClientProtocolClient (GrpcClientProtocolClient.java:onNext(264)) - client-B22ED198845A->f3174d56-9988-40ec-970b-d447ed545dfb: receive RaftClientReply:client-B22ED198845A->f3174d56-9988-40ec-970b-d447ed545dfb@group-47B82E5F6106, cid=4452, SUCCESS, logIndex=6749, commits[f3174d56-9988-40ec-970b-d447ed545dfb:c6750, 3e713ff3-0d17-449f-90fa-609b20cf4c10:c6748, 34290298-343f-405c-af97-b2d19041b010:c6748]
2019-09-11 09:07:03,676 [grpc-default-executor-1] INFO  client.GrpcClientProtocolClient (GrpcClientProtocolClient.java:onNext(264)) - client-B22ED198845A->f3174d56-9988-40ec-970b-d447ed545dfb: receive RaftClientReply:client-B22ED198845A->f3174d56-9988-40ec-970b-d447ed545dfb@group-47B82E5F6106, cid=4453, SUCCESS, logIndex=6750, commits[f3174d56-9988-40ec-970b-d447ed545dfb:c6750, 3e713ff3-0d17-449f-90fa-609b20cf4c10:c6748, 34290298-343f-405c-af97-b2d19041b010:c6748]
2019-09-11 09:07:03,676 [grpc-default-executor-1] INFO  client.GrpcClientProtocolClient (GrpcClientProtocolClient.java:onNext(264)) - client-B22ED198845A->f3174d56-9988-40ec-970b-d447ed545dfb: receive RaftClientReply:client-B22ED198845A->f3174d56-9988-40ec-970b-d447ed545dfb@group-47B82E5F6106, cid=4454, SUCCESS, logIndex=6751, commits[f3174d56-9988-40ec-970b-d447ed545dfb:c6752, 3e713ff3-0d17-449f-90fa-609b20cf4c10:c6748, 34290298-343f-405c-af97-b2d19041b010:c6748]
2019-09-11 09:07:03,676 [grpc-default-executor-1] INFO  client.GrpcClientProtocolClient (GrpcClientProtocolClient.java:onNext(264)) - client-B22ED198845A->f3174d56-9988-40ec-970b-d447ed545dfb: receive RaftClientReply:client-B22ED198845A->f3174d56-9988-40ec-970b-d447ed545dfb@group-47B82E5F6106, cid=4455, SUCCESS, logIndex=6752, commits[f3174d56-9988-40ec-970b-d447ed545dfb:c6752, 3e713ff3-0d17-449f-90fa-609b20cf4c10:c6748, 34290298-343f-405c-af97-b2d19041b010:c6748]
2019-09-11 09:07:03,690 [grpc-default-executor-1] INFO  client.GrpcClientProtocolClient (GrpcClientProtocolClient.java:onNext(264)) - client-B22ED198845A->f3174d56-9988-40ec-970b-d447ed545dfb: receive RaftClientReply:client-B22ED198845A->f3174d56-9988-40ec-970b-d447ed545dfb@group-47B82E5F6106, cid=4456, SUCCESS, logIndex=0, commits[f3174d56-9988-40ec-970b-d447ed545dfb:c6754, 3e713ff3-0d17-449f-90fa-609b20cf4c10:c6750, 34290298-343f-405c-af97-b2d19041b010:c6750]
2019-09-11 09:07:03,727 [grpc-default-executor-1] INFO  client.GrpcClientProtocolClient (GrpcClientProtocolClient.java:onNext(264)) - client-B22ED198845A->f3174d56-9988-40ec-970b-d447ed545dfb: receive RaftClientReply:client-B22ED198845A->f3174d56-9988-40ec-970b-d447ed545dfb@group-47B82E5F6106, cid=4457, SUCCESS, logIndex=6757, commits[f3174d56-9988-40ec-970b-d447ed545dfb:c6758, 3e713ff3-0d17-449f-90fa-609b20cf4c10:c6756, 34290298-343f-405c-af97-b2d19041b010:c6756]
2019-09-11 09:07:03,727 [grpc-default-executor-1] INFO  client.GrpcClientProtocolClient (GrpcClientProtocolClient.java:onNext(264)) - client-B22ED198845A->f3174d56-9988-40ec-970b-d447ed545dfb: receive RaftClientReply:client-B22ED198845A->f3174d56-9988-40ec-970b-d447ed545dfb@group-47B82E5F6106, cid=4458, SUCCESS, logIndex=6758, commits[f3174d56-9988-40ec-970b-d447ed545dfb:c6758, 3e713ff3-0d17-449f-90fa-609b20cf4c10:c6756, 34290298-343f-405c-af97-b2d19041b010:c6756]
2019-09-11 09:07:03,742 [grpc-default-executor-5] INFO  client.GrpcClientProtocolClient (GrpcClientProtocolClient.java:onNext(264)) - client-B22ED198845A->f3174d56-9988-40ec-970b-d447ed545dfb: receive RaftClientReply:client-B22ED198845A->f3174d56-9988-40ec-970b-d447ed545dfb@group-47B82E5F6106, cid=4459, SUCCESS, logIndex=6761, commits[f3174d56-9988-40ec-970b-d447ed545dfb:c6762, 3e713ff3-0d17-449f-90fa-609b20cf4c10:c6758, 34290298-343f-405c-af97-b2d19041b010:c6758]
2019-09-11 09:07:03,742 [grpc-default-executor-5] INFO  client.GrpcClientProtocolClient (GrpcClientProtocolClient.java:onNext(264)) - client-B22ED198845A->f3174d56-9988-40ec-970b-d447ed545dfb: receive RaftClientReply:client-B22ED198845A->f3174d56-9988-40ec-970b-d447ed545dfb@group-47B82E5F6106, cid=4460, SUCCESS, logIndex=6762, commits[f3174d56-9988-40ec-970b-d447ed545dfb:c6762, 3e713ff3-0d17-449f-90fa-609b20cf4c10:c6758, 34290298-343f-405c-af97-b2d19041b010:c6758]
2019-09-11 09:07:03,753 [grpc-default-executor-5] INFO  client.GrpcClientProtocolClient (GrpcClientProtocolClient.java:onNext(264)) - client-B22ED198845A->f3174d56-9988-40ec-970b-d447ed545dfb: receive RaftClientReply:client-B22ED198845A->f3174d56-9988-40ec-970b-d447ed545dfb@group-47B82E5F6106, cid=4461, SUCCESS, logIndex=0, commits[f3174d56-9988-40ec-970b-d447ed545dfb:c6763, 3e713ff3-0d17-449f-90fa-609b20cf4c10:c6762, 34290298-343f-405c-af97-b2d19041b010:c6762]
2019-09-11 09:07:03,790 [grpc-default-executor-2] INFO  client.GrpcClientProtocolClient (GrpcClientProtocolClient.java:onNext(264)) - client-B22ED198845A->f3174d56-9988-40ec-970b-d447ed545dfb: receive RaftClientReply:client-B22ED198845A->f3174d56-9988-40ec-970b-d447ed545dfb@group-47B82E5F6106, cid=4462, SUCCESS, logIndex=6764, commits[f3174d56-9988-40ec-970b-d447ed545dfb:c6765, 3e713ff3-0d17-449f-90fa-609b20cf4c10:c6763, 34290298-343f-405c-af97-b2d19041b010:c6763]
2019-09-11 09:07:03,791 [grpc-default-executor-2] INFO  client.GrpcClientProtocolClient (GrpcClientProtocolClient.java:onNext(264)) - client-B22ED198845A->f3174d56-9988-40ec-970b-d447ed545dfb: receive RaftClientReply:client-B22ED198845A->f3174d56-9988-40ec-970b-d447ed545dfb@group-47B82E5F6106, cid=4463, SUCCESS, logIndex=6765, commits[f3174d56-9988-40ec-970b-d447ed545dfb:c6765, 3e713ff3-0d17-449f-90fa-609b20cf4c10:c6763, 34290298-343f-405c-af97-b2d19041b010:c6763]
2019-09-11 09:07:03,801 [grpc-default-executor-5] INFO  client.GrpcClientProtocolClient (GrpcClientProtocolClient.java:onNext(264)) - client-B22ED198845A->f3174d56-9988-40ec-970b-d447ed545dfb: receive RaftClientReply:client-B22ED198845A->f3174d56-9988-40ec-970b-d447ed545dfb@group-47B82E5F6106, cid=4464, SUCCESS, logIndex=6766, commits[f3174d56-9988-40ec-970b-d447ed545dfb:c6767, 3e713ff3-0d17-449f-90fa-609b20cf4c10:c6763, 34290298-343f-405c-af97-b2d19041b010:c6763]
2019-09-11 09:07:03,801 [grpc-default-executor-5] INFO  client.GrpcClientProtocolClient (GrpcClientProtocolClient.java:onNext(264)) - client-B22ED198845A->f3174d56-9988-40ec-970b-d447ed545dfb: receive RaftClientReply:client-B22ED198845A->f3174d56-9988-40ec-970b-d447ed545dfb@group-47B82E5F6106, cid=4465, SUCCESS, logIndex=6767, commits[f3174d56-9988-40ec-970b-d447ed545dfb:c6767, 3e713ff3-0d17-449f-90fa-609b20cf4c10:c6763, 34290298-343f-405c-af97-b2d19041b010:c6763]
2019-09-11 09:07:03,804 [grpc-default-executor-5] INFO  client.GrpcClientProtocolClient (GrpcClientProtocolClient.java:onNext(264)) - client-B22ED198845A->f3174d56-9988-40ec-970b-d447ed545dfb: receive RaftClientReply:client-B22ED198845A->f3174d56-9988-40ec-970b-d447ed545dfb@group-47B82E5F6106, cid=4466, SUCCESS, logIndex=0, commits[f3174d56-9988-40ec-970b-d447ed545dfb:c6770, 3e713ff3-0d17-449f-90fa-609b20cf4c10:c6765, 34290298-343f-405c-af97-b2d19041b010:c6767]
2019-09-11 09:07:03,823 [grpc-default-executor-2] INFO  client.GrpcClientProtocolClient (GrpcClientProtocolClient.java:onNext(264)) - client-B22ED198845A->f3174d56-9988-40ec-970b-d447ed545dfb: receive RaftClientReply:client-B22ED198845A->f3174d56-9988-40ec-970b-d447ed545dfb@group-47B82E5F6106, cid=4467, SUCCESS, logIndex=6771, commits[f3174d56-9988-40ec-970b-d447ed545dfb:c6772, 3e713ff3-0d17-449f-90fa-609b20cf4c10:c6770, 34290298-343f-405c-af97-b2d19041b010:c6770]
2019-09-11 09:07:03,823 [grpc-default-executor-2] INFO  client.GrpcClientProtocolClient (GrpcClientProtocolClient.java:onNext(264)) - client-B22ED198845A->f3174d56-9988-40ec-970b-d447ed545dfb: receive RaftClientReply:client-B22ED198845A->f3174d56-9988-40ec-970b-d447ed545dfb@group-47B82E5F6106, cid=4468, SUCCESS, logIndex=6772, commits[f3174d56-9988-40ec-970b-d447ed545dfb:c6772, 3e713ff3-0d17-449f-90fa-609b20cf4c10:c6770, 34290298-343f-405c-af97-b2d19041b010:c6770]
2019-09-11 09:07:03,849 [grpc-default-executor-5] INFO  client.GrpcClientProtocolClient (GrpcClientProtocolClient.java:onNext(264)) - client-B22ED198845A->f3174d56-9988-40ec-970b-d447ed545dfb: receive RaftClientReply:client-B22ED198845A->f3174d56-9988-40ec-970b-d447ed545dfb@group-47B82E5F6106, cid=4469, SUCCESS, logIndex=6775, commits[f3174d56-9988-40ec-970b-d447ed545dfb:c6775, 3e713ff3-0d17-449f-90fa-609b20cf4c10:c6772, 34290298-343f-405c-af97-b2d19041b010:c6772]
2019-09-11 09:07:03,850 [grpc-default-executor-5] INFO  client.GrpcClientProtocolClient (GrpcClientProtocolClient.java:onNext(264)) - client-B22ED198845A->f3174d56-9988-40ec-970b-d447ed545dfb: receive RaftClientReply:client-B22ED198845A->f3174d56-9988-40ec-970b-d447ed545dfb@group-47B82E5F6106, cid=4470, SUCCESS, logIndex=6776, commits[f3174d56-9988-40ec-970b-d447ed545dfb:c6776, 3e713ff3-0d17-449f-90fa-609b20cf4c10:c6772, 34290298-343f-405c-af97-b2d19041b010:c6772]
2019-09-11 09:07:03,875 [grpc-default-executor-1] INFO  client.GrpcClientProtocolClient (GrpcClientProtocolClient.java:onNext(264)) - client-B22ED198845A->f3174d56-9988-40ec-970b-d447ed545dfb: receive RaftClientReply:client-B22ED198845A->f3174d56-9988-40ec-970b-d447ed545dfb@group-47B82E5F6106, cid=4471, SUCCESS, logIndex=0, commits[f3174d56-9988-40ec-970b-d447ed545dfb:c6777, 3e713ff3-0d17-449f-90fa-609b20cf4c10:c6776, 34290298-343f-405c-af97-b2d19041b010:c6776]
2019-09-11 09:07:03,905 [grpc-default-executor-2] INFO  client.GrpcClientProtocolClient (GrpcClientProtocolClient.java:onNext(264)) - client-B22ED198845A->f3174d56-9988-40ec-970b-d447ed545dfb: receive RaftClientReply:client-B22ED198845A->f3174d56-9988-40ec-970b-d447ed545dfb@group-47B82E5F6106, cid=4472, SUCCESS, logIndex=6779, commits[f3174d56-9988-40ec-970b-d447ed545dfb:c6780, 3e713ff3-0d17-449f-90fa-609b20cf4c10:c6778, 34290298-343f-405c-af97-b2d19041b010:c6778]
2019-09-11 09:07:03,906 [grpc-default-executor-2] INFO  client.GrpcClientProtocolClient (GrpcClientProtocolClient.java:onNext(264)) - client-B22ED198845A->f3174d56-9988-40ec-970b-d447ed545dfb: receive RaftClientReply:client-B22ED198845A->f3174d56-9988-40ec-970b-d447ed545dfb@group-47B82E5F6106, cid=4473, SUCCESS, logIndex=6780, commits[f3174d56-9988-40ec-970b-d447ed545dfb:c6780, 3e713ff3-0d17-449f-90fa-609b20cf4c10:c6778, 34290298-343f-405c-af97-b2d19041b010:c6778]
2019-09-11 09:07:03,906 [grpc-default-executor-2] INFO  client.GrpcClientProtocolClient (GrpcClientProtocolClient.java:onNext(264)) - client-B22ED198845A->f3174d56-9988-40ec-970b-d447ed545dfb: receive RaftClientReply:client-B22ED198845A->f3174d56-9988-40ec-970b-d447ed545dfb@group-47B82E5F6106, cid=4474, SUCCESS, logIndex=6781, commits[f3174d56-9988-40ec-970b-d447ed545dfb:c6782, 3e713ff3-0d17-449f-90fa-609b20cf4c10:c6778, 34290298-343f-405c-af97-b2d19041b010:c6778]
2019-09-11 09:07:03,907 [grpc-default-executor-2] INFO  client.GrpcClientProtocolClient (GrpcClientProtocolClient.java:onNext(264)) - client-B22ED198845A->f3174d56-9988-40ec-970b-d447ed545dfb: receive RaftClientReply:client-B22ED198845A->f3174d56-9988-40ec-970b-d447ed545dfb@group-47B82E5F6106, cid=4475, SUCCESS, logIndex=6782, commits[f3174d56-9988-40ec-970b-d447ed545dfb:c6782, 3e713ff3-0d17-449f-90fa-609b20cf4c10:c6778, 34290298-343f-405c-af97-b2d19041b010:c6778]
2019-09-11 09:07:03,908 [grpc-default-executor-5] INFO  client.GrpcClientProtocolClient (GrpcClientProtocolClient.java:onNext(264)) - client-B22ED198845A->f3174d56-9988-40ec-970b-d447ed545dfb: receive RaftClientReply:client-B22ED198845A->f3174d56-9988-40ec-970b-d447ed545dfb@group-47B82E5F6106, cid=4476, SUCCESS, logIndex=0, commits[f3174d56-9988-40ec-970b-d447ed545dfb:c6784, 3e713ff3-0d17-449f-90fa-609b20cf4c10:c6780, 34290298-343f-405c-af97-b2d19041b010:c6780]
2019-09-11 09:07:03,916 [grpc-default-executor-2] INFO  client.GrpcClientProtocolClient (GrpcClientProtocolClient.java:onNext(264)) - client-B22ED198845A->f3174d56-9988-40ec-970b-d447ed545dfb: receive RaftClientReply:client-B22ED198845A->f3174d56-9988-40ec-970b-d447ed545dfb@group-47B82E5F6106, cid=4477, SUCCESS, logIndex=6786, commits[f3174d56-9988-40ec-970b-d447ed545dfb:c6787, 3e713ff3-0d17-449f-90fa-609b20cf4c10:c6785, 34290298-343f-405c-af97-b2d19041b010:c6782]
2019-09-11 09:07:03,916 [grpc-default-executor-2] INFO  client.GrpcClientProtocolClient (GrpcClientProtocolClient.java:onNext(264)) - client-B22ED198845A->f3174d56-9988-40ec-970b-d447ed545dfb: receive RaftClientReply:client-B22ED198845A->f3174d56-9988-40ec-970b-d447ed545dfb@group-47B82E5F6106, cid=4478, SUCCESS, logIndex=6787, commits[f3174d56-9988-40ec-970b-d447ed545dfb:c6787, 3e713ff3-0d17-449f-90fa-609b20cf4c10:c6785, 34290298-343f-405c-af97-b2d19041b010:c6785]
2019-09-11 09:07:03,936 [grpc-default-executor-2] INFO  client.GrpcClientProtocolClient (GrpcClientProtocolClient.java:onNext(264)) - client-B22ED198845A->f3174d56-9988-40ec-970b-d447ed545dfb: receive RaftClientReply:client-B22ED198845A->f3174d56-9988-40ec-970b-d447ed545dfb@group-47B82E5F6106, cid=4479, SUCCESS, logIndex=6789, commits[f3174d56-9988-40ec-970b-d447ed545dfb:c6790, 3e713ff3-0d17-449f-90fa-609b20cf4c10:c6788, 34290298-343f-405c-af97-b2d19041b010:c6788]
2019-09-11 09:07:03,937 [grpc-default-executor-2] INFO  client.GrpcClientProtocolClient (GrpcClientProtocolClient.java:onNext(264)) - client-B22ED198845A->f3174d56-9988-40ec-970b-d447ed545dfb: receive RaftClientReply:client-B22ED198845A->f3174d56-9988-40ec-970b-d447ed545dfb@group-47B82E5F6106, cid=4480, SUCCESS, logIndex=6790, commits[f3174d56-9988-40ec-970b-d447ed545dfb:c6790, 3e713ff3-0d17-449f-90fa-609b20cf4c10:c6788, 34290298-343f-405c-af97-b2d19041b010:c6788]
2019-09-11 09:07:03,949 [grpc-default-executor-2] INFO  client.GrpcClientProtocolClient (GrpcClientProtocolClient.java:onNext(264)) - client-B22ED198845A->f3174d56-9988-40ec-970b-d447ed545dfb: receive RaftClientReply:client-B22ED198845A->f3174d56-9988-40ec-970b-d447ed545dfb@group-47B82E5F6106, cid=4481, SUCCESS, logIndex=0, commits[f3174d56-9988-40ec-970b-d447ed545dfb:c6792, 3e713ff3-0d17-449f-90fa-609b20cf4c10:c6790, 34290298-343f-405c-af97-b2d19041b010:c6790]
2019-09-11 09:07:03,977 [grpc-default-executor-2] INFO  client.GrpcClientProtocolClient (GrpcClientProtocolClient.java:onNext(264)) - client-B22ED198845A->f3174d56-9988-40ec-970b-d447ed545dfb: receive RaftClientReply:client-B22ED198845A->f3174d56-9988-40ec-970b-d447ed545dfb@group-47B82E5F6106, cid=4482, SUCCESS, logIndex=6793, commits[f3174d56-9988-40ec-970b-d447ed545dfb:c6794, 3e713ff3-0d17-449f-90fa-609b20cf4c10:c6792, 34290298-343f-405c-af97-b2d19041b010:c6792]
2019-09-11 09:07:03,977 [grpc-default-executor-2] INFO  client.GrpcClientProtocolClient (GrpcClientProtocolClient.java:onNext(264)) - client-B22ED198845A->f3174d56-9988-40ec-970b-d447ed545dfb: receive RaftClientReply:client-B22ED198845A->f3174d56-9988-40ec-970b-d447ed545dfb@group-47B82E5F6106, cid=4483, SUCCESS, logIndex=6794, commits[f3174d56-9988-40ec-970b-d447ed545dfb:c6796, 3e713ff3-0d17-449f-90fa-609b20cf4c10:c6792, 34290298-343f-405c-af97-b2d19041b010:c6792]
2019-09-11 09:07:03,977 [grpc-default-executor-2] INFO  client.GrpcClientProtocolClient (GrpcClientProtocolClient.java:onNext(264)) - client-B22ED198845A->f3174d56-9988-40ec-970b-d447ed545dfb: receive RaftClientReply:client-B22ED198845A->f3174d56-9988-40ec-970b-d447ed545dfb@group-47B82E5F6106, cid=4484, SUCCESS, logIndex=6795, commits[f3174d56-9988-40ec-970b-d447ed545dfb:c6796, 3e713ff3-0d17-449f-90fa-609b20cf4c10:c6792, 34290298-343f-405c-af97-b2d19041b010:c6792]
2019-09-11 09:07:03,978 [grpc-default-executor-1] INFO  client.GrpcClientProtocolClient (GrpcClientProtocolClient.java:onNext(264)) - client-B22ED198845A->f3174d56-9988-40ec-970b-d447ed545dfb: receive RaftClientReply:client-B22ED198845A->f3174d56-9988-40ec-970b-d447ed545dfb@group-47B82E5F6106, cid=4485, SUCCESS, logIndex=6796, commits[f3174d56-9988-40ec-970b-d447ed545dfb:c6796, 3e713ff3-0d17-449f-90fa-609b20cf4c10:c6792, 34290298-343f-405c-af97-b2d19041b010:c6792]
2019-09-11 09:07:03,979 [grpc-default-executor-1] INFO  client.GrpcClientProtocolClient (GrpcClientProtocolClient.java:onNext(264)) - client-B22ED198845A->f3174d56-9988-40ec-970b-d447ed545dfb: receive RaftClientReply:client-B22ED198845A->f3174d56-9988-40ec-970b-d447ed545dfb@group-47B82E5F6106, cid=4486, SUCCESS, logIndex=0, commits[f3174d56-9988-40ec-970b-d447ed545dfb:c6800, 3e713ff3-0d17-449f-90fa-609b20cf4c10:c6796, 34290298-343f-405c-af97-b2d19041b010:c6794]
2019-09-11 09:07:03,997 [grpc-default-executor-1] INFO  client.GrpcClientProtocolClient (GrpcClientProtocolClient.java:onNext(264)) - client-B22ED198845A->f3174d56-9988-40ec-970b-d447ed545dfb: receive RaftClientReply:client-B22ED198845A->f3174d56-9988-40ec-970b-d447ed545dfb@group-47B82E5F6106, cid=4487, SUCCESS, logIndex=6801, commits[f3174d56-9988-40ec-970b-d447ed545dfb:c6802, 3e713ff3-0d17-449f-90fa-609b20cf4c10:c6800, 34290298-343f-405c-af97-b2d19041b010:c6800]
2019-09-11 09:07:03,997 [grpc-default-executor-1] INFO  client.GrpcClientProtocolClient (GrpcClientProtocolClient.java:onNext(264)) - client-B22ED198845A->f3174d56-9988-40ec-970b-d447ed545dfb: receive RaftClientReply:client-B22ED198845A->f3174d56-9988-40ec-970b-d447ed545dfb@group-47B82E5F6106, cid=4488, SUCCESS, logIndex=6802, commits[f3174d56-9988-40ec-970b-d447ed545dfb:c6802, 3e713ff3-0d17-449f-90fa-609b20cf4c10:c6800, 34290298-343f-405c-af97-b2d19041b010:c6800]
2019-09-11 09:07:04,011 [grpc-default-executor-1] INFO  client.GrpcClientProtocolClient (GrpcClientProtocolClient.java:onNext(264)) - client-B22ED198845A->f3174d56-9988-40ec-970b-d447ed545dfb: receive RaftClientReply:client-B22ED198845A->f3174d56-9988-40ec-970b-d447ed545dfb@group-47B82E5F6106, cid=4489, SUCCESS, logIndex=6805, commits[f3174d56-9988-40ec-970b-d447ed545dfb:c6806, 3e713ff3-0d17-449f-90fa-609b20cf4c10:c6802, 34290298-343f-405c-af97-b2d19041b010:c6801]
2019-09-11 09:07:04,012 [grpc-default-executor-1] INFO  client.GrpcClientProtocolClient (GrpcClientProtocolClient.java:onNext(264)) - client-B22ED198845A->f3174d56-9988-40ec-970b-d447ed545dfb: receive RaftClientReply:client-B22ED198845A->f3174d56-9988-40ec-970b-d447ed545dfb@group-47B82E5F6106, cid=4490, SUCCESS, logIndex=6806, commits[f3174d56-9988-40ec-970b-d447ed545dfb:c6806, 3e713ff3-0d17-449f-90fa-609b20cf4c10:c6802, 34290298-343f-405c-af97-b2d19041b010:c6802]
2019-09-11 09:07:04,023 [grpc-default-executor-1] INFO  client.GrpcClientProtocolClient (GrpcClientProtocolClient.java:onNext(264)) - client-B22ED198845A->f3174d56-9988-40ec-970b-d447ed545dfb: receive RaftClientReply:client-B22ED198845A->f3174d56-9988-40ec-970b-d447ed545dfb@group-47B82E5F6106, cid=4491, SUCCESS, logIndex=0, commits[f3174d56-9988-40ec-970b-d447ed545dfb:c6807, 3e713ff3-0d17-449f-90fa-609b20cf4c10:c6806, 34290298-343f-405c-af97-b2d19041b010:c6806]
2019-09-11 09:07:04,051 [grpc-default-executor-2] INFO  client.GrpcClientProtocolClient (GrpcClientProtocolClient.java:onNext(264)) - client-B22ED198845A->f3174d56-9988-40ec-970b-d447ed545dfb: receive RaftClientReply:client-B22ED198845A->f3174d56-9988-40ec-970b-d447ed545dfb@group-47B82E5F6106, cid=4492, SUCCESS, logIndex=6808, commits[f3174d56-9988-40ec-970b-d447ed545dfb:c6809, 3e713ff3-0d17-449f-90fa-609b20cf4c10:c6807, 34290298-343f-405c-af97-b2d19041b010:c6807]
2019-09-11 09:07:04,052 [grpc-default-executor-4] INFO  client.GrpcClientProtocolClient (GrpcClientProtocolClient.java:onNext(264)) - client-B22ED198845A->f3174d56-9988-40ec-970b-d447ed545dfb: receive RaftClientReply:client-B22ED198845A->f3174d56-9988-40ec-970b-d447ed545dfb@group-47B82E5F6106, cid=4493, SUCCESS, logIndex=6809, commits[f3174d56-9988-40ec-970b-d447ed545dfb:c6811, 3e713ff3-0d17-449f-90fa-609b20cf4c10:c6807, 34290298-343f-405c-af97-b2d19041b010:c6807]
2019-09-11 09:07:04,052 [grpc-default-executor-4] INFO  client.GrpcClientProtocolClient (GrpcClientProtocolClient.java:onNext(264)) - client-B22ED198845A->f3174d56-9988-40ec-970b-d447ed545dfb: receive RaftClientReply:client-B22ED198845A->f3174d56-9988-40ec-970b-d447ed545dfb@group-47B82E5F6106, cid=4494, SUCCESS, logIndex=6810, commits[f3174d56-9988-40ec-970b-d447ed545dfb:c6811, 3e713ff3-0d17-449f-90fa-609b20cf4c10:c6807, 34290298-343f-405c-af97-b2d19041b010:c6807]
2019-09-11 09:07:04,052 [grpc-default-executor-4] INFO  client.GrpcClientProtocolClient (GrpcClientProtocolClient.java:onNext(264)) - client-B22ED198845A->f3174d56-9988-40ec-970b-d447ed545dfb: receive RaftClientReply:client-B22ED198845A->f3174d56-9988-40ec-970b-d447ed545dfb@group-47B82E5F6106, cid=4495, SUCCESS, logIndex=6811, commits[f3174d56-9988-40ec-970b-d447ed545dfb:c6811, 3e713ff3-0d17-449f-90fa-609b20cf4c10:c6807, 34290298-343f-405c-af97-b2d19041b010:c6807]
2019-09-11 09:07:04,066 [grpc-default-executor-4] INFO  client.GrpcClientProtocolClient (GrpcClientProtocolClient.java:onNext(264)) - client-B22ED198845A->f3174d56-9988-40ec-970b-d447ed545dfb: receive RaftClientReply:client-B22ED198845A->f3174d56-9988-40ec-970b-d447ed545dfb@group-47B82E5F6106, cid=4496, SUCCESS, logIndex=0, commits[f3174d56-9988-40ec-970b-d447ed545dfb:c6815, 3e713ff3-0d17-449f-90fa-609b20cf4c10:c6811, 34290298-343f-405c-af97-b2d19041b010:c6809]
2019-09-11 09:07:04,085 [grpc-default-executor-1] INFO  client.GrpcClientProtocolClient (GrpcClientProtocolClient.java:onNext(264)) - client-B22ED198845A->f3174d56-9988-40ec-970b-d447ed545dfb: receive RaftClientReply:client-B22ED198845A->f3174d56-9988-40ec-970b-d447ed545dfb@group-47B82E5F6106, cid=4497, SUCCESS, logIndex=6816, commits[f3174d56-9988-40ec-970b-d447ed545dfb:c6817, 3e713ff3-0d17-449f-90fa-609b20cf4c10:c6815, 34290298-343f-405c-af97-b2d19041b010:c6815]
2019-09-11 09:07:04,086 [grpc-default-executor-1] INFO  client.GrpcClientProtocolClient (GrpcClientProtocolClient.java:onNext(264)) - client-B22ED198845A->f3174d56-9988-40ec-970b-d447ed545dfb: receive RaftClientReply:client-B22ED198845A->f3174d56-9988-40ec-970b-d447ed545dfb@group-47B82E5F6106, cid=4498, SUCCESS, logIndex=6817, commits[f3174d56-9988-40ec-970b-d447ed545dfb:c6817, 3e713ff3-0d17-449f-90fa-609b20cf4c10:c6815, 34290298-343f-405c-af97-b2d19041b010:c6815]
2019-09-11 09:07:04,110 [grpc-default-executor-2] INFO  client.GrpcClientProtocolClient (GrpcClientProtocolClient.java:onNext(264)) - client-B22ED198845A->f3174d56-9988-40ec-970b-d447ed545dfb: receive RaftClientReply:client-B22ED198845A->f3174d56-9988-40ec-970b-d447ed545dfb@group-47B82E5F6106, cid=4499, SUCCESS, logIndex=6820, commits[f3174d56-9988-40ec-970b-d447ed545dfb:c6820, 3e713ff3-0d17-449f-90fa-609b20cf4c10:c6817, 34290298-343f-405c-af97-b2d19041b010:c6817]
2019-09-11 09:07:04,110 [grpc-default-executor-2] INFO  client.GrpcClientProtocolClient (GrpcClientProtocolClient.java:onNext(264)) - client-B22ED198845A->f3174d56-9988-40ec-970b-d447ed545dfb: receive RaftClientReply:client-B22ED198845A->f3174d56-9988-40ec-970b-d447ed545dfb@group-47B82E5F6106, cid=4500, SUCCESS, logIndex=6821, commits[f3174d56-9988-40ec-970b-d447ed545dfb:c6821, 3e713ff3-0d17-449f-90fa-609b20cf4c10:c6817, 34290298-343f-405c-af97-b2d19041b010:c6817]
2019-09-11 09:07:04,114 [grpc-default-executor-2] INFO  client.GrpcClientProtocolClient (GrpcClientProtocolClient.java:onNext(264)) - client-B22ED198845A->f3174d56-9988-40ec-970b-d447ed545dfb: receive RaftClientReply:client-B22ED198845A->f3174d56-9988-40ec-970b-d447ed545dfb@group-47B82E5F6106, cid=4501, SUCCESS, logIndex=0, commits[f3174d56-9988-40ec-970b-d447ed545dfb:c6823, 3e713ff3-0d17-449f-90fa-609b20cf4c10:c6821, 34290298-343f-405c-af97-b2d19041b010:c6821]
2019-09-11 09:07:04,133 [grpc-default-executor-1] INFO  client.GrpcClientProtocolClient (GrpcClientProtocolClient.java:onNext(264)) - client-B22ED198845A->f3174d56-9988-40ec-970b-d447ed545dfb: receive RaftClientReply:client-B22ED198845A->f3174d56-9988-40ec-970b-d447ed545dfb@group-47B82E5F6106, cid=4502, SUCCESS, logIndex=6824, commits[f3174d56-9988-40ec-970b-d447ed545dfb:c6825, 3e713ff3-0d17-449f-90fa-609b20cf4c10:c6823, 34290298-343f-405c-af97-b2d19041b010:c6821]
2019-09-11 09:07:04,133 [grpc-default-executor-1] INFO  client.GrpcClientProtocolClient (GrpcClientProtocolClient.java:onNext(264)) - client-B22ED198845A->f3174d56-9988-40ec-970b-d447ed545dfb: receive RaftClientReply:client-B22ED198845A->f3174d56-9988-40ec-970b-d447ed545dfb@group-47B82E5F6106, cid=4503, SUCCESS, logIndex=6825, commits[f3174d56-9988-40ec-970b-d447ed545dfb:c6825, 3e713ff3-0d17-449f-90fa-609b20cf4c10:c6823, 34290298-343f-405c-af97-b2d19041b010:c6823]
2019-09-11 09:07:04,137 [grpc-default-executor-1] INFO  client.GrpcClientProtocolClient (GrpcClientProtocolClient.java:onNext(264)) - client-B22ED198845A->f3174d56-9988-40ec-970b-d447ed545dfb: receive RaftClientReply:client-B22ED198845A->f3174d56-9988-40ec-970b-d447ed545dfb@group-47B82E5F6106, cid=4504, SUCCESS, logIndex=6826, commits[f3174d56-9988-40ec-970b-d447ed545dfb:c6828, 3e713ff3-0d17-449f-90fa-609b20cf4c10:c6823, 34290298-343f-405c-af97-b2d19041b010:c6825]
2019-09-11 09:07:04,138 [grpc-default-executor-2] INFO  client.GrpcClientProtocolClient (GrpcClientProtocolClient.java:onNext(264)) - client-B22ED198845A->f3174d56-9988-40ec-970b-d447ed545dfb: receive RaftClientReply:client-B22ED198845A->f3174d56-9988-40ec-970b-d447ed545dfb@group-47B82E5F6106, cid=4505, SUCCESS, logIndex=6827, commits[f3174d56-9988-40ec-970b-d447ed545dfb:c6829, 3e713ff3-0d17-449f-90fa-609b20cf4c10:c6823, 34290298-343f-405c-af97-b2d19041b010:c6825]
2019-09-11 09:07:04,138 [grpc-default-executor-2] INFO  client.GrpcClientProtocolClient (GrpcClientProtocolClient.java:onNext(264)) - client-B22ED198845A->f3174d56-9988-40ec-970b-d447ed545dfb: receive RaftClientReply:client-B22ED198845A->f3174d56-9988-40ec-970b-d447ed545dfb@group-47B82E5F6106, cid=4506, SUCCESS, logIndex=0, commits[f3174d56-9988-40ec-970b-d447ed545dfb:c6829, 3e713ff3-0d17-449f-90fa-609b20cf4c10:c6825, 34290298-343f-405c-af97-b2d19041b010:c6825]
2019-09-11 09:07:04,148 [grpc-default-executor-2] INFO  client.GrpcClientProtocolClient (GrpcClientProtocolClient.java:onNext(264)) - client-B22ED198845A->f3174d56-9988-40ec-970b-d447ed545dfb: receive RaftClientReply:client-B22ED198845A->f3174d56-9988-40ec-970b-d447ed545dfb@group-47B82E5F6106, cid=4507, SUCCESS, logIndex=6832, commits[f3174d56-9988-40ec-970b-d447ed545dfb:c6833, 3e713ff3-0d17-449f-90fa-609b20cf4c10:c6831, 34290298-343f-405c-af97-b2d19041b010:c6831]
2019-09-11 09:07:04,148 [grpc-default-executor-2] INFO  client.GrpcClientProtocolClient (GrpcClientProtocolClient.java:onNext(264)) - client-B22ED198845A->f3174d56-9988-40ec-970b-d447ed545dfb: receive RaftClientReply:client-B22ED198845A->f3174d56-9988-40ec-970b-d447ed545dfb@group-47B82E5F6106, cid=4508, SUCCESS, logIndex=6833, commits[f3174d56-9988-40ec-970b-d447ed545dfb:c6833, 3e713ff3-0d17-449f-90fa-609b20cf4c10:c6831, 34290298-343f-405c-af97-b2d19041b010:c6831]
2019-09-11 09:07:04,158 [grpc-default-executor-4] INFO  client.GrpcClientProtocolClient (GrpcClientProtocolClient.java:onNext(264)) - client-B22ED198845A->f3174d56-9988-40ec-970b-d447ed545dfb: receive RaftClientReply:client-B22ED198845A->f3174d56-9988-40ec-970b-d447ed545dfb@group-47B82E5F6106, cid=4509, SUCCESS, logIndex=6836, commits[f3174d56-9988-40ec-970b-d447ed545dfb:c6837, 3e713ff3-0d17-449f-90fa-609b20cf4c10:c6835, 34290298-343f-405c-af97-b2d19041b010:c6833]
2019-09-11 09:07:04,159 [grpc-default-executor-4] INFO  client.GrpcClientProtocolClient (GrpcClientProtocolClient.java:onNext(264)) - client-B22ED198845A->f3174d56-9988-40ec-970b-d447ed545dfb: receive RaftClientReply:client-B22ED198845A->f3174d56-9988-40ec-970b-d447ed545dfb@group-47B82E5F6106, cid=4510, SUCCESS, logIndex=6837, commits[f3174d56-9988-40ec-970b-d447ed545dfb:c6837, 3e713ff3-0d17-449f-90fa-609b20cf4c10:c6835, 34290298-343f-405c-af97-b2d19041b010:c6835]
2019-09-11 09:07:04,163 [grpc-default-executor-4] INFO  client.GrpcClientProtocolClient (GrpcClientProtocolClient.java:onNext(264)) - client-B22ED198845A->f3174d56-9988-40ec-970b-d447ed545dfb: receive RaftClientReply:client-B22ED198845A->f3174d56-9988-40ec-970b-d447ed545dfb@group-47B82E5F6106, cid=4511, SUCCESS, logIndex=0, commits[f3174d56-9988-40ec-970b-d447ed545dfb:c6839, 3e713ff3-0d17-449f-90fa-609b20cf4c10:c6837, 34290298-343f-405c-af97-b2d19041b010:c6837]
2019-09-11 09:07:04,199 [grpc-default-executor-2] INFO  client.GrpcClientProtocolClient (GrpcClientProtocolClient.java:onNext(264)) - client-B22ED198845A->f3174d56-9988-40ec-970b-d447ed545dfb: receive RaftClientReply:client-B22ED198845A->f3174d56-9988-40ec-970b-d447ed545dfb@group-47B82E5F6106, cid=4512, SUCCESS, logIndex=6840, commits[f3174d56-9988-40ec-970b-d447ed545dfb:c6841, 3e713ff3-0d17-449f-90fa-609b20cf4c10:c6839, 34290298-343f-405c-af97-b2d19041b010:c6837]
2019-09-11 09:07:04,200 [grpc-default-executor-2] INFO  client.GrpcClientProtocolClient (GrpcClientProtocolClient.java:onNext(264)) - client-B22ED198845A->f3174d56-9988-40ec-970b-d447ed545dfb: receive RaftClientReply:client-B22ED198845A->f3174d56-9988-40ec-970b-d447ed545dfb@group-47B82E5F6106, cid=4513, SUCCESS, logIndex=6841, commits[f3174d56-9988-40ec-970b-d447ed545dfb:c6843, 3e713ff3-0d17-449f-90fa-609b20cf4c10:c6839, 34290298-343f-405c-af97-b2d19041b010:c6839]
2019-09-11 09:07:04,200 [grpc-default-executor-2] INFO  client.GrpcClientProtocolClient (GrpcClientProtocolClient.java:onNext(264)) - client-B22ED198845A->f3174d56-9988-40ec-970b-d447ed545dfb: receive RaftClientReply:client-B22ED198845A->f3174d56-9988-40ec-970b-d447ed545dfb@group-47B82E5F6106, cid=4514, SUCCESS, logIndex=6842, commits[f3174d56-9988-40ec-970b-d447ed545dfb:c6843, 3e713ff3-0d17-449f-90fa-609b20cf4c10:c6839, 34290298-343f-405c-af97-b2d19041b010:c6839]
2019-09-11 09:07:04,200 [grpc-default-executor-2] INFO  client.GrpcClientProtocolClient (GrpcClientProtocolClient.java:onNext(264)) - client-B22ED198845A->f3174d56-9988-40ec-970b-d447ed545dfb: receive RaftClientReply:client-B22ED198845A->f3174d56-9988-40ec-970b-d447ed545dfb@group-47B82E5F6106, cid=4515, SUCCESS, logIndex=6843, commits[f3174d56-9988-40ec-970b-d447ed545dfb:c6843, 3e713ff3-0d17-449f-90fa-609b20cf4c10:c6839, 34290298-343f-405c-af97-b2d19041b010:c6839]
2019-09-11 09:07:04,201 [grpc-default-executor-2] INFO  client.GrpcClientProtocolClient (GrpcClientProtocolClient.java:onNext(264)) - client-B22ED198845A->f3174d56-9988-40ec-970b-d447ed545dfb: receive RaftClientReply:client-B22ED198845A->f3174d56-9988-40ec-970b-d447ed545dfb@group-47B82E5F6106, cid=4516, SUCCESS, logIndex=0, commits[f3174d56-9988-40ec-970b-d447ed545dfb:c6844, 3e713ff3-0d17-449f-90fa-609b20cf4c10:c6841, 34290298-343f-405c-af97-b2d19041b010:c6841]
2019-09-11 09:07:04,215 [grpc-default-executor-4] INFO  client.GrpcClientProtocolClient (GrpcClientProtocolClient.java:onNext(264)) - client-B22ED198845A->f3174d56-9988-40ec-970b-d447ed545dfb: receive RaftClientReply:client-B22ED198845A->f3174d56-9988-40ec-970b-d447ed545dfb@group-47B82E5F6106, cid=4517, SUCCESS, logIndex=6848, commits[f3174d56-9988-40ec-970b-d447ed545dfb:c6849, 3e713ff3-0d17-449f-90fa-609b20cf4c10:c6843, 34290298-343f-405c-af97-b2d19041b010:c6847]
2019-09-11 09:07:04,215 [grpc-default-executor-4] INFO  client.GrpcClientProtocolClient (GrpcClientProtocolClient.java:onNext(264)) - client-B22ED198845A->f3174d56-9988-40ec-970b-d447ed545dfb: receive RaftClientReply:client-B22ED198845A->f3174d56-9988-40ec-970b-d447ed545dfb@group-47B82E5F6106, cid=4518, SUCCESS, logIndex=6849, commits[f3174d56-9988-40ec-970b-d447ed545dfb:c6849, 3e713ff3-0d17-449f-90fa-609b20cf4c10:c6847, 34290298-343f-405c-af97-b2d19041b010:c6847]
 0.00% |█                                                                                                    |  0/1 Time: 0:00:44 0.00% |█                                                                                                    |  0/1 Time: 0:00:452019-09-11 09:07:06,305 [grpc-default-executor-4] INFO  client.GrpcClientProtocolClient (GrpcClientProtocolClient.java:onNext(264)) - client-B22ED198845A->f3174d56-9988-40ec-970b-d447ed545dfb: receive RaftClientReply:client-B22ED198845A->f3174d56-9988-40ec-970b-d447ed545dfb@group-47B82E5F6106, cid=4519, SUCCESS, logIndex=6852, commits[f3174d56-9988-40ec-970b-d447ed545dfb:c6853, 3e713ff3-0d17-449f-90fa-609b20cf4c10:c6851, 34290298-343f-405c-af97-b2d19041b010:c6851]
2019-09-11 09:07:06,305 [grpc-default-executor-4] INFO  client.GrpcClientProtocolClient (GrpcClientProtocolClient.java:onNext(264)) - client-B22ED198845A->f3174d56-9988-40ec-970b-d447ed545dfb: receive RaftClientReply:client-B22ED198845A->f3174d56-9988-40ec-970b-d447ed545dfb@group-47B82E5F6106, cid=4520, SUCCESS, logIndex=6853, commits[f3174d56-9988-40ec-970b-d447ed545dfb:c6853, 3e713ff3-0d17-449f-90fa-609b20cf4c10:c6851, 34290298-343f-405c-af97-b2d19041b010:c6851]
2019-09-11 09:07:06,309 [grpc-default-executor-4] INFO  client.GrpcClientProtocolClient (GrpcClientProtocolClient.java:onNext(264)) - client-B22ED198845A->f3174d56-9988-40ec-970b-d447ed545dfb: receive RaftClientReply:client-B22ED198845A->f3174d56-9988-40ec-970b-d447ed545dfb@group-47B82E5F6106, cid=4521, SUCCESS, logIndex=0, commits[f3174d56-9988-40ec-970b-d447ed545dfb:c6855, 3e713ff3-0d17-449f-90fa-609b20cf4c10:c6853, 34290298-343f-405c-af97-b2d19041b010:c6853]
2019-09-11 09:07:06,339 [grpc-default-executor-5] INFO  client.GrpcClientProtocolClient (GrpcClientProtocolClient.java:onNext(264)) - client-B22ED198845A->f3174d56-9988-40ec-970b-d447ed545dfb: receive RaftClientReply:client-B22ED198845A->f3174d56-9988-40ec-970b-d447ed545dfb@group-47B82E5F6106, cid=4522, SUCCESS, logIndex=6856, commits[f3174d56-9988-40ec-970b-d447ed545dfb:c6857, 3e713ff3-0d17-449f-90fa-609b20cf4c10:c6853, 34290298-343f-405c-af97-b2d19041b010:c6855]
2019-09-11 09:07:06,339 [grpc-default-executor-5] INFO  client.GrpcClientProtocolClient (GrpcClientProtocolClient.java:onNext(264)) - client-B22ED198845A->f3174d56-9988-40ec-970b-d447ed545dfb: receive RaftClientReply:client-B22ED198845A->f3174d56-9988-40ec-970b-d447ed545dfb@group-47B82E5F6106, cid=4523, SUCCESS, logIndex=6857, commits[f3174d56-9988-40ec-970b-d447ed545dfb:c6857, 3e713ff3-0d17-449f-90fa-609b20cf4c10:c6855, 34290298-343f-405c-af97-b2d19041b010:c6855]
2019-09-11 09:07:06,342 [grpc-default-executor-2] INFO  client.GrpcClientProtocolClient (GrpcClientProtocolClient.java:onNext(264)) - client-B22ED198845A->f3174d56-9988-40ec-970b-d447ed545dfb: receive RaftClientReply:client-B22ED198845A->f3174d56-9988-40ec-970b-d447ed545dfb@group-47B82E5F6106, cid=4524, SUCCESS, logIndex=6858, commits[f3174d56-9988-40ec-970b-d447ed545dfb:c6859, 3e713ff3-0d17-449f-90fa-609b20cf4c10:c6855, 34290298-343f-405c-af97-b2d19041b010:c6855]
2019-09-11 09:07:06,343 [grpc-default-executor-2] INFO  client.GrpcClientProtocolClient (GrpcClientProtocolClient.java:onNext(264)) - client-B22ED198845A->f3174d56-9988-40ec-970b-d447ed545dfb: receive RaftClientReply:client-B22ED198845A->f3174d56-9988-40ec-970b-d447ed545dfb@group-47B82E5F6106, cid=4525, SUCCESS, logIndex=6859, commits[f3174d56-9988-40ec-970b-d447ed545dfb:c6861, 3e713ff3-0d17-449f-90fa-609b20cf4c10:c6857, 34290298-343f-405c-af97-b2d19041b010:c6856]
2019-09-11 09:07:06,343 [grpc-default-executor-2] INFO  client.GrpcClientProtocolClient (GrpcClientProtocolClient.java:onNext(264)) - client-B22ED198845A->f3174d56-9988-40ec-970b-d447ed545dfb: receive RaftClientReply:client-B22ED198845A->f3174d56-9988-40ec-970b-d447ed545dfb@group-47B82E5F6106, cid=4526, SUCCESS, logIndex=0, commits[f3174d56-9988-40ec-970b-d447ed545dfb:c6861, 3e713ff3-0d17-449f-90fa-609b20cf4c10:c6857, 34290298-343f-405c-af97-b2d19041b010:c6857]
2019-09-11 09:07:06,353 [grpc-default-executor-4] INFO  client.GrpcClientProtocolClient (GrpcClientProtocolClient.java:onNext(264)) - client-B22ED198845A->f3174d56-9988-40ec-970b-d447ed545dfb: receive RaftClientReply:client-B22ED198845A->f3174d56-9988-40ec-970b-d447ed545dfb@group-47B82E5F6106, cid=4527, SUCCESS, logIndex=6864, commits[f3174d56-9988-40ec-970b-d447ed545dfb:c6865, 3e713ff3-0d17-449f-90fa-609b20cf4c10:c6863, 34290298-343f-405c-af97-b2d19041b010:c6859]
2019-09-11 09:07:06,353 [grpc-default-executor-4] INFO  client.GrpcClientProtocolClient (GrpcClientProtocolClient.java:onNext(264)) - client-B22ED198845A->f3174d56-9988-40ec-970b-d447ed545dfb: receive RaftClientReply:client-B22ED198845A->f3174d56-9988-40ec-970b-d447ed545dfb@group-47B82E5F6106, cid=4528, SUCCESS, logIndex=6865, commits[f3174d56-9988-40ec-970b-d447ed545dfb:c6865, 3e713ff3-0d17-449f-90fa-609b20cf4c10:c6863, 34290298-343f-405c-af97-b2d19041b010:c6863]
2019-09-11 09:07:06,364 [grpc-default-executor-2] INFO  client.GrpcClientProtocolClient (GrpcClientProtocolClient.java:onNext(264)) - client-B22ED198845A->f3174d56-9988-40ec-970b-d447ed545dfb: receive RaftClientReply:client-B22ED198845A->f3174d56-9988-40ec-970b-d447ed545dfb@group-47B82E5F6106, cid=4529, SUCCESS, logIndex=6868, commits[f3174d56-9988-40ec-970b-d447ed545dfb:c6869, 3e713ff3-0d17-449f-90fa-609b20cf4c10:c6865, 34290298-343f-405c-af97-b2d19041b010:c6867]
2019-09-11 09:07:06,364 [grpc-default-executor-2] INFO  client.GrpcClientProtocolClient (GrpcClientProtocolClient.java:onNext(264)) - client-B22ED198845A->f3174d56-9988-40ec-970b-d447ed545dfb: receive RaftClientReply:client-B22ED198845A->f3174d56-9988-40ec-970b-d447ed545dfb@group-47B82E5F6106, cid=4530, SUCCESS, logIndex=6869, commits[f3174d56-9988-40ec-970b-d447ed545dfb:c6869, 3e713ff3-0d17-449f-90fa-609b20cf4c10:c6867, 34290298-343f-405c-af97-b2d19041b010:c6867]
2019-09-11 09:07:06,368 [grpc-default-executor-2] INFO  client.GrpcClientProtocolClient (GrpcClientProtocolClient.java:onNext(264)) - client-B22ED198845A->f3174d56-9988-40ec-970b-d447ed545dfb: receive RaftClientReply:client-B22ED198845A->f3174d56-9988-40ec-970b-d447ed545dfb@group-47B82E5F6106, cid=4531, SUCCESS, logIndex=0, commits[f3174d56-9988-40ec-970b-d447ed545dfb:c6870, 3e713ff3-0d17-449f-90fa-609b20cf4c10:c6869, 34290298-343f-405c-af97-b2d19041b010:c6869]
2019-09-11 09:07:06,393 [grpc-default-executor-5] INFO  client.GrpcClientProtocolClient (GrpcClientProtocolClient.java:onNext(264)) - client-B22ED198845A->f3174d56-9988-40ec-970b-d447ed545dfb: receive RaftClientReply:client-B22ED198845A->f3174d56-9988-40ec-970b-d447ed545dfb@group-47B82E5F6106, cid=4532, SUCCESS, logIndex=6872, commits[f3174d56-9988-40ec-970b-d447ed545dfb:c6873, 3e713ff3-0d17-449f-90fa-609b20cf4c10:c6871, 34290298-343f-405c-af97-b2d19041b010:c6871]
2019-09-11 09:07:06,394 [grpc-default-executor-5] INFO  client.GrpcClientProtocolClient (GrpcClientProtocolClient.java:onNext(264)) - client-B22ED198845A->f3174d56-9988-40ec-970b-d447ed545dfb: receive RaftClientReply:client-B22ED198845A->f3174d56-9988-40ec-970b-d447ed545dfb@group-47B82E5F6106, cid=4533, SUCCESS, logIndex=6873, commits[f3174d56-9988-40ec-970b-d447ed545dfb:c6875, 3e713ff3-0d17-449f-90fa-609b20cf4c10:c6871, 34290298-343f-405c-af97-b2d19041b010:c6871]
2019-09-11 09:07:06,394 [grpc-default-executor-5] INFO  client.GrpcClientProtocolClient (GrpcClientProtocolClient.java:onNext(264)) - client-B22ED198845A->f3174d56-9988-40ec-970b-d447ed545dfb: receive RaftClientReply:client-B22ED198845A->f3174d56-9988-40ec-970b-d447ed545dfb@group-47B82E5F6106, cid=4534, SUCCESS, logIndex=6874, commits[f3174d56-9988-40ec-970b-d447ed545dfb:c6875, 3e713ff3-0d17-449f-90fa-609b20cf4c10:c6871, 34290298-343f-405c-af97-b2d19041b010:c6871]
2019-09-11 09:07:06,394 [grpc-default-executor-5] INFO  client.GrpcClientProtocolClient (GrpcClientProtocolClient.java:onNext(264)) - client-B22ED198845A->f3174d56-9988-40ec-970b-d447ed545dfb: receive RaftClientReply:client-B22ED198845A->f3174d56-9988-40ec-970b-d447ed545dfb@group-47B82E5F6106, cid=4535, SUCCESS, logIndex=6875, commits[f3174d56-9988-40ec-970b-d447ed545dfb:c6875, 3e713ff3-0d17-449f-90fa-609b20cf4c10:c6871, 34290298-343f-405c-af97-b2d19041b010:c6871]
2019-09-11 09:07:06,397 [grpc-default-executor-5] INFO  client.GrpcClientProtocolClient (GrpcClientProtocolClient.java:onNext(264)) - client-B22ED198845A->f3174d56-9988-40ec-970b-d447ed545dfb: receive RaftClientReply:client-B22ED198845A->f3174d56-9988-40ec-970b-d447ed545dfb@group-47B82E5F6106, cid=4536, SUCCESS, logIndex=0, commits[f3174d56-9988-40ec-970b-d447ed545dfb:c6878, 3e713ff3-0d17-449f-90fa-609b20cf4c10:c6873, 34290298-343f-405c-af97-b2d19041b010:c6875]
2019-09-11 09:07:06,407 [grpc-default-executor-4] INFO  client.GrpcClientProtocolClient (GrpcClientProtocolClient.java:onNext(264)) - client-B22ED198845A->f3174d56-9988-40ec-970b-d447ed545dfb: receive RaftClientReply:client-B22ED198845A->f3174d56-9988-40ec-970b-d447ed545dfb@group-47B82E5F6106, cid=4537, SUCCESS, logIndex=6879, commits[f3174d56-9988-40ec-970b-d447ed545dfb:c6880, 3e713ff3-0d17-449f-90fa-609b20cf4c10:c6878, 34290298-343f-405c-af97-b2d19041b010:c6878]
2019-09-11 09:07:06,407 [grpc-default-executor-4] INFO  client.GrpcClientProtocolClient (GrpcClientProtocolClient.java:onNext(264)) - client-B22ED198845A->f3174d56-9988-40ec-970b-d447ed545dfb: receive RaftClientReply:client-B22ED198845A->f3174d56-9988-40ec-970b-d447ed545dfb@group-47B82E5F6106, cid=4538, SUCCESS, logIndex=6880, commits[f3174d56-9988-40ec-970b-d447ed545dfb:c6880, 3e713ff3-0d17-449f-90fa-609b20cf4c10:c6878, 34290298-343f-405c-af97-b2d19041b010:c6878]
2019-09-11 09:07:06,418 [grpc-default-executor-2] INFO  client.GrpcClientProtocolClient (GrpcClientProtocolClient.java:onNext(264)) - client-B22ED198845A->f3174d56-9988-40ec-970b-d447ed545dfb: receive RaftClientReply:client-B22ED198845A->f3174d56-9988-40ec-970b-d447ed545dfb@group-47B82E5F6106, cid=4539, SUCCESS, logIndex=6883, commits[f3174d56-9988-40ec-970b-d447ed545dfb:c6884, 3e713ff3-0d17-449f-90fa-609b20cf4c10:c6880, 34290298-343f-405c-af97-b2d19041b010:c6882]
2019-09-11 09:07:06,418 [grpc-default-executor-2] INFO  client.GrpcClientProtocolClient (GrpcClientProtocolClient.java:onNext(264)) - client-B22ED198845A->f3174d56-9988-40ec-970b-d447ed545dfb: receive RaftClientReply:client-B22ED198845A->f3174d56-9988-40ec-970b-d447ed545dfb@group-47B82E5F6106, cid=4540, SUCCESS, logIndex=6884, commits[f3174d56-9988-40ec-970b-d447ed545dfb:c6884, 3e713ff3-0d17-449f-90fa-609b20cf4c10:c6882, 34290298-343f-405c-af97-b2d19041b010:c6882]
2019-09-11 09:07:06,419 [grpc-default-executor-2] INFO  client.GrpcClientProtocolClient (GrpcClientProtocolClient.java:onNext(264)) - client-B22ED198845A->f3174d56-9988-40ec-970b-d447ed545dfb: receive RaftClientReply:client-B22ED198845A->f3174d56-9988-40ec-970b-d447ed545dfb@group-47B82E5F6106, cid=4541, SUCCESS, logIndex=0, commits[f3174d56-9988-40ec-970b-d447ed545dfb:c6885, 3e713ff3-0d17-449f-90fa-609b20cf4c10:c6884, 34290298-343f-405c-af97-b2d19041b010:c6884]
2019-09-11 09:07:06,532 [grpc-default-executor-5] INFO  client.GrpcClientProtocolClient (GrpcClientProtocolClient.java:onNext(264)) - client-B22ED198845A->f3174d56-9988-40ec-970b-d447ed545dfb: receive RaftClientReply:client-B22ED198845A->f3174d56-9988-40ec-970b-d447ed545dfb@group-47B82E5F6106, cid=4542, SUCCESS, logIndex=6887, commits[f3174d56-9988-40ec-970b-d447ed545dfb:c6888, 3e713ff3-0d17-449f-90fa-609b20cf4c10:c6886, 34290298-343f-405c-af97-b2d19041b010:c6886]
2019-09-11 09:07:06,532 [grpc-default-executor-2] INFO  client.GrpcClientProtocolClient (GrpcClientProtocolClient.java:onNext(264)) - client-B22ED198845A->f3174d56-9988-40ec-970b-d447ed545dfb: receive RaftClientReply:client-B22ED198845A->f3174d56-9988-40ec-970b-d447ed545dfb@group-47B82E5F6106, cid=4543, SUCCESS, logIndex=6888, commits[f3174d56-9988-40ec-970b-d447ed545dfb:c6888, 3e713ff3-0d17-449f-90fa-609b20cf4c10:c6886, 34290298-343f-405c-af97-b2d19041b010:c6886]
2019-09-11 09:07:06,533 [grpc-default-executor-2] INFO  client.GrpcClientProtocolClient (GrpcClientProtocolClient.java:onNext(264)) - client-B22ED198845A->f3174d56-9988-40ec-970b-d447ed545dfb: receive RaftClientReply:client-B22ED198845A->f3174d56-9988-40ec-970b-d447ed545dfb@group-47B82E5F6106, cid=4544, SUCCESS, logIndex=6889, commits[f3174d56-9988-40ec-970b-d447ed545dfb:c6890, 3e713ff3-0d17-449f-90fa-609b20cf4c10:c6886, 34290298-343f-405c-af97-b2d19041b010:c6886]
2019-09-11 09:07:06,533 [grpc-default-executor-2] INFO  client.GrpcClientProtocolClient (GrpcClientProtocolClient.java:onNext(264)) - client-B22ED198845A->f3174d56-9988-40ec-970b-d447ed545dfb: receive RaftClientReply:client-B22ED198845A->f3174d56-9988-40ec-970b-d447ed545dfb@group-47B82E5F6106, cid=4545, SUCCESS, logIndex=6890, commits[f3174d56-9988-40ec-970b-d447ed545dfb:c6890, 3e713ff3-0d17-449f-90fa-609b20cf4c10:c6886, 34290298-343f-405c-af97-b2d19041b010:c6886]
2019-09-11 09:07:06,537 [grpc-default-executor-2] INFO  client.GrpcClientProtocolClient (GrpcClientProtocolClient.java:onNext(264)) - client-B22ED198845A->f3174d56-9988-40ec-970b-d447ed545dfb: receive RaftClientReply:client-B22ED198845A->f3174d56-9988-40ec-970b-d447ed545dfb@group-47B82E5F6106, cid=4546, SUCCESS, logIndex=0, commits[f3174d56-9988-40ec-970b-d447ed545dfb:c6892, 3e713ff3-0d17-449f-90fa-609b20cf4c10:c6888, 34290298-343f-405c-af97-b2d19041b010:c6888]
2019-09-11 09:07:06,548 [grpc-default-executor-2] INFO  client.GrpcClientProtocolClient (GrpcClientProtocolClient.java:onNext(264)) - client-B22ED198845A->f3174d56-9988-40ec-970b-d447ed545dfb: receive RaftClientReply:client-B22ED198845A->f3174d56-9988-40ec-970b-d447ed545dfb@group-47B82E5F6106, cid=4547, SUCCESS, logIndex=6895, commits[f3174d56-9988-40ec-970b-d447ed545dfb:c6896, 3e713ff3-0d17-449f-90fa-609b20cf4c10:c6894, 34290298-343f-405c-af97-b2d19041b010:c6894]
2019-09-11 09:07:06,549 [grpc-default-executor-2] INFO  client.GrpcClientProtocolClient (GrpcClientProtocolClient.java:onNext(264)) - client-B22ED198845A->f3174d56-9988-40ec-970b-d447ed545dfb: receive RaftClientReply:client-B22ED198845A->f3174d56-9988-40ec-970b-d447ed545dfb@group-47B82E5F6106, cid=4548, SUCCESS, logIndex=6896, commits[f3174d56-9988-40ec-970b-d447ed545dfb:c6896, 3e713ff3-0d17-449f-90fa-609b20cf4c10:c6894, 34290298-343f-405c-af97-b2d19041b010:c6894]
2019-09-11 09:07:06,580 [grpc-default-executor-2] INFO  client.GrpcClientProtocolClient (GrpcClientProtocolClient.java:onNext(264)) - client-B22ED198845A->f3174d56-9988-40ec-970b-d447ed545dfb: receive RaftClientReply:client-B22ED198845A->f3174d56-9988-40ec-970b-d447ed545dfb@group-47B82E5F6106, cid=4549, SUCCESS, logIndex=6899, commits[f3174d56-9988-40ec-970b-d447ed545dfb:c6900, 3e713ff3-0d17-449f-90fa-609b20cf4c10:c6898, 34290298-343f-405c-af97-b2d19041b010:c6898]
2019-09-11 09:07:06,580 [grpc-default-executor-2] INFO  client.GrpcClientProtocolClient (GrpcClientProtocolClient.java:onNext(264)) - client-B22ED198845A->f3174d56-9988-40ec-970b-d447ed545dfb: receive RaftClientReply:client-B22ED198845A->f3174d56-9988-40ec-970b-d447ed545dfb@group-47B82E5F6106, cid=4550, SUCCESS, logIndex=6900, commits[f3174d56-9988-40ec-970b-d447ed545dfb:c6900, 3e713ff3-0d17-449f-90fa-609b20cf4c10:c6898, 34290298-343f-405c-af97-b2d19041b010:c6898]
2019-09-11 09:07:06,593 [grpc-default-executor-2] INFO  client.GrpcClientProtocolClient (GrpcClientProtocolClient.java:onNext(264)) - client-B22ED198845A->f3174d56-9988-40ec-970b-d447ed545dfb: receive RaftClientReply:client-B22ED198845A->f3174d56-9988-40ec-970b-d447ed545dfb@group-47B82E5F6106, cid=4551, SUCCESS, logIndex=0, commits[f3174d56-9988-40ec-970b-d447ed545dfb:c6902, 3e713ff3-0d17-449f-90fa-609b20cf4c10:c6900, 34290298-343f-405c-af97-b2d19041b010:c6900]
2019-09-11 09:07:06,625 [grpc-default-executor-2] INFO  client.GrpcClientProtocolClient (GrpcClientProtocolClient.java:onNext(264)) - client-B22ED198845A->f3174d56-9988-40ec-970b-d447ed545dfb: receive RaftClientReply:client-B22ED198845A->f3174d56-9988-40ec-970b-d447ed545dfb@group-47B82E5F6106, cid=4552, SUCCESS, logIndex=6903, commits[f3174d56-9988-40ec-970b-d447ed545dfb:c6904, 3e713ff3-0d17-449f-90fa-609b20cf4c10:c6902, 34290298-343f-405c-af97-b2d19041b010:c6902]
2019-09-11 09:07:06,626 [grpc-default-executor-2] INFO  client.GrpcClientProtocolClient (GrpcClientProtocolClient.java:onNext(264)) - client-B22ED198845A->f3174d56-9988-40ec-970b-d447ed545dfb: receive RaftClientReply:client-B22ED198845A->f3174d56-9988-40ec-970b-d447ed545dfb@group-47B82E5F6106, cid=4553, SUCCESS, logIndex=6904, commits[f3174d56-9988-40ec-970b-d447ed545dfb:c6904, 3e713ff3-0d17-449f-90fa-609b20cf4c10:c6902, 34290298-343f-405c-af97-b2d19041b010:c6902]
2019-09-11 09:07:06,626 [grpc-default-executor-2] INFO  client.GrpcClientProtocolClient (GrpcClientProtocolClient.java:onNext(264)) - client-B22ED198845A->f3174d56-9988-40ec-970b-d447ed545dfb: receive RaftClientReply:client-B22ED198845A->f3174d56-9988-40ec-970b-d447ed545dfb@group-47B82E5F6106, cid=4554, SUCCESS, logIndex=6905, commits[f3174d56-9988-40ec-970b-d447ed545dfb:c6906, 3e713ff3-0d17-449f-90fa-609b20cf4c10:c6902, 34290298-343f-405c-af97-b2d19041b010:c6902]
2019-09-11 09:07:06,627 [grpc-default-executor-2] INFO  client.GrpcClientProtocolClient (GrpcClientProtocolClient.java:onNext(264)) - client-B22ED198845A->f3174d56-9988-40ec-970b-d447ed545dfb: receive RaftClientReply:client-B22ED198845A->f3174d56-9988-40ec-970b-d447ed545dfb@group-47B82E5F6106, cid=4555, SUCCESS, logIndex=6906, commits[f3174d56-9988-40ec-970b-d447ed545dfb:c6906, 3e713ff3-0d17-449f-90fa-609b20cf4c10:c6902, 34290298-343f-405c-af97-b2d19041b010:c6902]
2019-09-11 09:07:06,629 [grpc-default-executor-2] INFO  client.GrpcClientProtocolClient (GrpcClientProtocolClient.java:onNext(264)) - client-B22ED198845A->f3174d56-9988-40ec-970b-d447ed545dfb: receive RaftClientReply:client-B22ED198845A->f3174d56-9988-40ec-970b-d447ed545dfb@group-47B82E5F6106, cid=4556, SUCCESS, logIndex=0, commits[f3174d56-9988-40ec-970b-d447ed545dfb:c6910, 3e713ff3-0d17-449f-90fa-609b20cf4c10:c6904, 34290298-343f-405c-af97-b2d19041b010:c6906]
2019-09-11 09:07:06,647 [grpc-default-executor-2] INFO  client.GrpcClientProtocolClient (GrpcClientProtocolClient.java:onNext(264)) - client-B22ED198845A->f3174d56-9988-40ec-970b-d447ed545dfb: receive RaftClientReply:client-B22ED198845A->f3174d56-9988-40ec-970b-d447ed545dfb@group-47B82E5F6106, cid=4557, SUCCESS, logIndex=6911, commits[f3174d56-9988-40ec-970b-d447ed545dfb:c6912, 3e713ff3-0d17-449f-90fa-609b20cf4c10:c6910, 34290298-343f-405c-af97-b2d19041b010:c6910]
2019-09-11 09:07:06,647 [grpc-default-executor-2] INFO  client.GrpcClientProtocolClient (GrpcClientProtocolClient.java:onNext(264)) - client-B22ED198845A->f3174d56-9988-40ec-970b-d447ed545dfb: receive RaftClientReply:client-B22ED198845A->f3174d56-9988-40ec-970b-d447ed545dfb@group-47B82E5F6106, cid=4558, SUCCESS, logIndex=6912, commits[f3174d56-9988-40ec-970b-d447ed545dfb:c6912, 3e713ff3-0d17-449f-90fa-609b20cf4c10:c6910, 34290298-343f-405c-af97-b2d19041b010:c6910]
 0.00% |█                                                                                                    |  0/1 Time: 0:00:462019-09-11 09:07:06,662 [grpc-default-executor-4] INFO  client.GrpcClientProtocolClient (GrpcClientProtocolClient.java:onNext(264)) - client-B22ED198845A->f3174d56-9988-40ec-970b-d447ed545dfb: receive RaftClientReply:client-B22ED198845A->f3174d56-9988-40ec-970b-d447ed545dfb@group-47B82E5F6106, cid=4559, SUCCESS, logIndex=6915, commits[f3174d56-9988-40ec-970b-d447ed545dfb:c6915, 3e713ff3-0d17-449f-90fa-609b20cf4c10:c6912, 34290298-343f-405c-af97-b2d19041b010:c6912]
2019-09-11 09:07:06,662 [grpc-default-executor-4] INFO  client.GrpcClientProtocolClient (GrpcClientProtocolClient.java:onNext(264)) - client-B22ED198845A->f3174d56-9988-40ec-970b-d447ed545dfb: receive RaftClientReply:client-B22ED198845A->f3174d56-9988-40ec-970b-d447ed545dfb@group-47B82E5F6106, cid=4560, SUCCESS, logIndex=6916, commits[f3174d56-9988-40ec-970b-d447ed545dfb:c6916, 3e713ff3-0d17-449f-90fa-609b20cf4c10:c6912, 34290298-343f-405c-af97-b2d19041b010:c6912]
2019-09-11 09:07:06,675 [grpc-default-executor-4] INFO  client.GrpcClientProtocolClient (GrpcClientProtocolClient.java:onNext(264)) - client-B22ED198845A->f3174d56-9988-40ec-970b-d447ed545dfb: receive RaftClientReply:client-B22ED198845A->f3174d56-9988-40ec-970b-d447ed545dfb@group-47B82E5F6106, cid=4561, SUCCESS, logIndex=0, commits[f3174d56-9988-40ec-970b-d447ed545dfb:c6918, 3e713ff3-0d17-449f-90fa-609b20cf4c10:c6916, 34290298-343f-405c-af97-b2d19041b010:c6916]
2019-09-11 09:07:06,705 [grpc-default-executor-5] INFO  client.GrpcClientProtocolClient (GrpcClientProtocolClient.java:onNext(264)) - client-B22ED198845A->f3174d56-9988-40ec-970b-d447ed545dfb: receive RaftClientReply:client-B22ED198845A->f3174d56-9988-40ec-970b-d447ed545dfb@group-47B82E5F6106, cid=4562, SUCCESS, logIndex=6919, commits[f3174d56-9988-40ec-970b-d447ed545dfb:c6921, 3e713ff3-0d17-449f-90fa-609b20cf4c10:c6918, 34290298-343f-405c-af97-b2d19041b010:c6918]
2019-09-11 09:07:06,705 [grpc-default-executor-5] INFO  client.GrpcClientProtocolClient (GrpcClientProtocolClient.java:onNext(264)) - client-B22ED198845A->f3174d56-9988-40ec-970b-d447ed545dfb: receive RaftClientReply:client-B22ED198845A->f3174d56-9988-40ec-970b-d447ed545dfb@group-47B82E5F6106, cid=4563, SUCCESS, logIndex=6920, commits[f3174d56-9988-40ec-970b-d447ed545dfb:c6922, 3e713ff3-0d17-449f-90fa-609b20cf4c10:c6918, 34290298-343f-405c-af97-b2d19041b010:c6918]
2019-09-11 09:07:06,705 [grpc-default-executor-5] INFO  client.GrpcClientProtocolClient (GrpcClientProtocolClient.java:onNext(264)) - client-B22ED198845A->f3174d56-9988-40ec-970b-d447ed545dfb: receive RaftClientReply:client-B22ED198845A->f3174d56-9988-40ec-970b-d447ed545dfb@group-47B82E5F6106, cid=4564, SUCCESS, logIndex=6921, commits[f3174d56-9988-40ec-970b-d447ed545dfb:c6922, 3e713ff3-0d17-449f-90fa-609b20cf4c10:c6918, 34290298-343f-405c-af97-b2d19041b010:c6918]
2019-09-11 09:07:06,706 [grpc-default-executor-5] INFO  client.GrpcClientProtocolClient (GrpcClientProtocolClient.java:onNext(264)) - client-B22ED198845A->f3174d56-9988-40ec-970b-d447ed545dfb: receive RaftClientReply:client-B22ED198845A->f3174d56-9988-40ec-970b-d447ed545dfb@group-47B82E5F6106, cid=4565, SUCCESS, logIndex=6922, commits[f3174d56-9988-40ec-970b-d447ed545dfb:c6922, 3e713ff3-0d17-449f-90fa-609b20cf4c10:c6918, 34290298-343f-405c-af97-b2d19041b010:c6918]
2019-09-11 09:07:06,706 [grpc-default-executor-5] INFO  client.GrpcClientProtocolClient (GrpcClientProtocolClient.java:onNext(264)) - client-B22ED198845A->f3174d56-9988-40ec-970b-d447ed545dfb: receive RaftClientReply:client-B22ED198845A->f3174d56-9988-40ec-970b-d447ed545dfb@group-47B82E5F6106, cid=4566, SUCCESS, logIndex=0, commits[f3174d56-9988-40ec-970b-d447ed545dfb:c6925, 3e713ff3-0d17-449f-90fa-609b20cf4c10:c6920, 34290298-343f-405c-af97-b2d19041b010:c6921]
2019-09-11 09:07:06,724 [grpc-default-executor-4] INFO  client.GrpcClientProtocolClient (GrpcClientProtocolClient.java:onNext(264)) - client-B22ED198845A->f3174d56-9988-40ec-970b-d447ed545dfb: receive RaftClientReply:client-B22ED198845A->f3174d56-9988-40ec-970b-d447ed545dfb@group-47B82E5F6106, cid=4567, SUCCESS, logIndex=6927, commits[f3174d56-9988-40ec-970b-d447ed545dfb:c6928, 3e713ff3-0d17-449f-90fa-609b20cf4c10:c6926, 34290298-343f-405c-af97-b2d19041b010:c6926]
2019-09-11 09:07:06,725 [grpc-default-executor-4] INFO  client.GrpcClientProtocolClient (GrpcClientProtocolClient.java:onNext(264)) - client-B22ED198845A->f3174d56-9988-40ec-970b-d447ed545dfb: receive RaftClientReply:client-B22ED198845A->f3174d56-9988-40ec-970b-d447ed545dfb@group-47B82E5F6106, cid=4568, SUCCESS, logIndex=6928, commits[f3174d56-9988-40ec-970b-d447ed545dfb:c6928, 3e713ff3-0d17-449f-90fa-609b20cf4c10:c6926, 34290298-343f-405c-af97-b2d19041b010:c6926]
2019-09-11 09:07:06,740 [grpc-default-executor-2] INFO  client.GrpcClientProtocolClient (GrpcClientProtocolClient.java:onNext(264)) - client-B22ED198845A->f3174d56-9988-40ec-970b-d447ed545dfb: receive RaftClientReply:client-B22ED198845A->f3174d56-9988-40ec-970b-d447ed545dfb@group-47B82E5F6106, cid=4569, SUCCESS, logIndex=6931, commits[f3174d56-9988-40ec-970b-d447ed545dfb:c6932, 3e713ff3-0d17-449f-90fa-609b20cf4c10:c6928, 34290298-343f-405c-af97-b2d19041b010:c6928]
2019-09-11 09:07:06,741 [grpc-default-executor-2] INFO  client.GrpcClientProtocolClient (GrpcClientProtocolClient.java:onNext(264)) - client-B22ED198845A->f3174d56-9988-40ec-970b-d447ed545dfb: receive RaftClientReply:client-B22ED198845A->f3174d56-9988-40ec-970b-d447ed545dfb@group-47B82E5F6106, cid=4570, SUCCESS, logIndex=6932, commits[f3174d56-9988-40ec-970b-d447ed545dfb:c6932, 3e713ff3-0d17-449f-90fa-609b20cf4c10:c6928, 34290298-343f-405c-af97-b2d19041b010:c6928]
2019-09-11 09:07:06,752 [grpc-default-executor-2] INFO  client.GrpcClientProtocolClient (GrpcClientProtocolClient.java:onNext(264)) - client-B22ED198845A->f3174d56-9988-40ec-970b-d447ed545dfb: receive RaftClientReply:client-B22ED198845A->f3174d56-9988-40ec-970b-d447ed545dfb@group-47B82E5F6106, cid=4571, SUCCESS, logIndex=0, commits[f3174d56-9988-40ec-970b-d447ed545dfb:c6933, 3e713ff3-0d17-449f-90fa-609b20cf4c10:c6932, 34290298-343f-405c-af97-b2d19041b010:c6932]
2019-09-11 09:07:06,785 [grpc-default-executor-2] INFO  client.GrpcClientProtocolClient (GrpcClientProtocolClient.java:onNext(264)) - client-B22ED198845A->f3174d56-9988-40ec-970b-d447ed545dfb: receive RaftClientReply:client-B22ED198845A->f3174d56-9988-40ec-970b-d447ed545dfb@group-47B82E5F6106, cid=4572, SUCCESS, logIndex=6935, commits[f3174d56-9988-40ec-970b-d447ed545dfb:c6936, 3e713ff3-0d17-449f-90fa-609b20cf4c10:c6932, 34290298-343f-405c-af97-b2d19041b010:c6934]
2019-09-11 09:07:06,786 [grpc-default-executor-5] INFO  client.GrpcClientProtocolClient (GrpcClientProtocolClient.java:onNext(264)) - client-B22ED198845A->f3174d56-9988-40ec-970b-d447ed545dfb: receive RaftClientReply:client-B22ED198845A->f3174d56-9988-40ec-970b-d447ed545dfb@group-47B82E5F6106, cid=4573, SUCCESS, logIndex=6936, commits[f3174d56-9988-40ec-970b-d447ed545dfb:c6936, 3e713ff3-0d17-449f-90fa-609b20cf4c10:c6934, 34290298-343f-405c-af97-b2d19041b010:c6934]
2019-09-11 09:07:06,786 [grpc-default-executor-5] INFO  client.GrpcClientProtocolClient (GrpcClientProtocolClient.java:onNext(264)) - client-B22ED198845A->f3174d56-9988-40ec-970b-d447ed545dfb: receive RaftClientReply:client-B22ED198845A->f3174d56-9988-40ec-970b-d447ed545dfb@group-47B82E5F6106, cid=4574, SUCCESS, logIndex=6937, commits[f3174d56-9988-40ec-970b-d447ed545dfb:c6938, 3e713ff3-0d17-449f-90fa-609b20cf4c10:c6934, 34290298-343f-405c-af97-b2d19041b010:c6934]
2019-09-11 09:07:06,787 [grpc-default-executor-5] INFO  client.GrpcClientProtocolClient (GrpcClientProtocolClient.java:onNext(264)) - client-B22ED198845A->f3174d56-9988-40ec-970b-d447ed545dfb: receive RaftClientReply:client-B22ED198845A->f3174d56-9988-40ec-970b-d447ed545dfb@group-47B82E5F6106, cid=4575, SUCCESS, logIndex=6938, commits[f3174d56-9988-40ec-970b-d447ed545dfb:c6938, 3e713ff3-0d17-449f-90fa-609b20cf4c10:c6934, 34290298-343f-405c-af97-b2d19041b010:c6934]
2019-09-11 09:07:06,791 [grpc-default-executor-5] INFO  client.GrpcClientProtocolClient (GrpcClientProtocolClient.java:onNext(264)) - client-B22ED198845A->f3174d56-9988-40ec-970b-d447ed545dfb: receive RaftClientReply:client-B22ED198845A->f3174d56-9988-40ec-970b-d447ed545dfb@group-47B82E5F6106, cid=4576, SUCCESS, logIndex=0, commits[f3174d56-9988-40ec-970b-d447ed545dfb:c6940, 3e713ff3-0d17-449f-90fa-609b20cf4c10:c6936, 34290298-343f-405c-af97-b2d19041b010:c6936]
2019-09-11 09:07:06,800 [grpc-default-executor-5] INFO  client.GrpcClientProtocolClient (GrpcClientProtocolClient.java:onNext(264)) - client-B22ED198845A->f3174d56-9988-40ec-970b-d447ed545dfb: receive RaftClientReply:client-B22ED198845A->f3174d56-9988-40ec-970b-d447ed545dfb@group-47B82E5F6106, cid=4577, SUCCESS, logIndex=6943, commits[f3174d56-9988-40ec-970b-d447ed545dfb:c6944, 3e713ff3-0d17-449f-90fa-609b20cf4c10:c6938, 34290298-343f-405c-af97-b2d19041b010:c6942]
2019-09-11 09:07:06,801 [grpc-default-executor-5] INFO  client.GrpcClientProtocolClient (GrpcClientProtocolClient.java:onNext(264)) - client-B22ED198845A->f3174d56-9988-40ec-970b-d447ed545dfb: receive RaftClientReply:client-B22ED198845A->f3174d56-9988-40ec-970b-d447ed545dfb@group-47B82E5F6106, cid=4578, SUCCESS, logIndex=6944, commits[f3174d56-9988-40ec-970b-d447ed545dfb:c6944, 3e713ff3-0d17-449f-90fa-609b20cf4c10:c6942, 34290298-343f-405c-af97-b2d19041b010:c6942]
2019-09-11 09:07:06,828 [grpc-default-executor-2] INFO  client.GrpcClientProtocolClient (GrpcClientProtocolClient.java:onNext(264)) - client-B22ED198845A->f3174d56-9988-40ec-970b-d447ed545dfb: receive RaftClientReply:client-B22ED198845A->f3174d56-9988-40ec-970b-d447ed545dfb@group-47B82E5F6106, cid=4579, SUCCESS, logIndex=6947, commits[f3174d56-9988-40ec-970b-d447ed545dfb:c6948, 3e713ff3-0d17-449f-90fa-609b20cf4c10:c6944, 34290298-343f-405c-af97-b2d19041b010:c6946]
2019-09-11 09:07:06,828 [grpc-default-executor-2] INFO  client.GrpcClientProtocolClient (GrpcClientProtocolClient.java:onNext(264)) - client-B22ED198845A->f3174d56-9988-40ec-970b-d447ed545dfb: receive RaftClientReply:client-B22ED198845A->f3174d56-9988-40ec-970b-d447ed545dfb@group-47B82E5F6106, cid=4580, SUCCESS, logIndex=6948, commits[f3174d56-9988-40ec-970b-d447ed545dfb:c6948, 3e713ff3-0d17-449f-90fa-609b20cf4c10:c6946, 34290298-343f-405c-af97-b2d19041b010:c6946]
2019-09-11 09:07:06,840 [grpc-default-executor-2] INFO  client.GrpcClientProtocolClient (GrpcClientProtocolClient.java:onNext(264)) - client-B22ED198845A->f3174d56-9988-40ec-970b-d447ed545dfb: receive RaftClientReply:client-B22ED198845A->f3174d56-9988-40ec-970b-d447ed545dfb@group-47B82E5F6106, cid=4581, SUCCESS, logIndex=0, commits[f3174d56-9988-40ec-970b-d447ed545dfb:c6949, 3e713ff3-0d17-449f-90fa-609b20cf4c10:c6948, 34290298-343f-405c-af97-b2d19041b010:c6948]
2019-09-11 09:07:06,874 [grpc-default-executor-2] INFO  client.GrpcClientProtocolClient (GrpcClientProtocolClient.java:onNext(264)) - client-B22ED198845A->f3174d56-9988-40ec-970b-d447ed545dfb: receive RaftClientReply:client-B22ED198845A->f3174d56-9988-40ec-970b-d447ed545dfb@group-47B82E5F6106, cid=4582, SUCCESS, logIndex=6951, commits[f3174d56-9988-40ec-970b-d447ed545dfb:c6952, 3e713ff3-0d17-449f-90fa-609b20cf4c10:c6950, 34290298-343f-405c-af97-b2d19041b010:c6950]
2019-09-11 09:07:06,875 [grpc-default-executor-2] INFO  client.GrpcClientProtocolClient (GrpcClientProtocolClient.java:onNext(264)) - client-B22ED198845A->f3174d56-9988-40ec-970b-d447ed545dfb: receive RaftClientReply:client-B22ED198845A->f3174d56-9988-40ec-970b-d447ed545dfb@group-47B82E5F6106, cid=4583, SUCCESS, logIndex=6952, commits[f3174d56-9988-40ec-970b-d447ed545dfb:c6952, 3e713ff3-0d17-449f-90fa-609b20cf4c10:c6950, 34290298-343f-405c-af97-b2d19041b010:c6950]
2019-09-11 09:07:06,875 [grpc-default-executor-2] INFO  client.GrpcClientProtocolClient (GrpcClientProtocolClient.java:onNext(264)) - client-B22ED198845A->f3174d56-9988-40ec-970b-d447ed545dfb: receive RaftClientReply:client-B22ED198845A->f3174d56-9988-40ec-970b-d447ed545dfb@group-47B82E5F6106, cid=4584, SUCCESS, logIndex=6953, commits[f3174d56-9988-40ec-970b-d447ed545dfb:c6954, 3e713ff3-0d17-449f-90fa-609b20cf4c10:c6950, 34290298-343f-405c-af97-b2d19041b010:c6950]
2019-09-11 09:07:06,875 [grpc-default-executor-2] INFO  client.GrpcClientProtocolClient (GrpcClientProtocolClient.java:onNext(264)) - client-B22ED198845A->f3174d56-9988-40ec-970b-d447ed545dfb: receive RaftClientReply:client-B22ED198845A->f3174d56-9988-40ec-970b-d447ed545dfb@group-47B82E5F6106, cid=4585, SUCCESS, logIndex=6954, commits[f3174d56-9988-40ec-970b-d447ed545dfb:c6954, 3e713ff3-0d17-449f-90fa-609b20cf4c10:c6950, 34290298-343f-405c-af97-b2d19041b010:c6950]
2019-09-11 09:07:06,888 [grpc-default-executor-2] INFO  client.GrpcClientProtocolClient (GrpcClientProtocolClient.java:onNext(264)) - client-B22ED198845A->f3174d56-9988-40ec-970b-d447ed545dfb: receive RaftClientReply:client-B22ED198845A->f3174d56-9988-40ec-970b-d447ed545dfb@group-47B82E5F6106, cid=4586, SUCCESS, logIndex=0, commits[f3174d56-9988-40ec-970b-d447ed545dfb:c6956, 3e713ff3-0d17-449f-90fa-609b20cf4c10:c6952, 34290298-343f-405c-af97-b2d19041b010:c6952]
2019-09-11 09:07:06,905 [grpc-default-executor-5] INFO  client.GrpcClientProtocolClient (GrpcClientProtocolClient.java:onNext(264)) - client-B22ED198845A->f3174d56-9988-40ec-970b-d447ed545dfb: receive RaftClientReply:client-B22ED198845A->f3174d56-9988-40ec-970b-d447ed545dfb@group-47B82E5F6106, cid=4587, SUCCESS, logIndex=6959, commits[f3174d56-9988-40ec-970b-d447ed545dfb:c6960, 3e713ff3-0d17-449f-90fa-609b20cf4c10:c6958, 34290298-343f-405c-af97-b2d19041b010:c6958]
2019-09-11 09:07:06,905 [grpc-default-executor-5] INFO  client.GrpcClientProtocolClient (GrpcClientProtocolClient.java:onNext(264)) - client-B22ED198845A->f3174d56-9988-40ec-970b-d447ed545dfb: receive RaftClientReply:client-B22ED198845A->f3174d56-9988-40ec-970b-d447ed545dfb@group-47B82E5F6106, cid=4588, SUCCESS, logIndex=6960, commits[f3174d56-9988-40ec-970b-d447ed545dfb:c6960, 3e713ff3-0d17-449f-90fa-609b20cf4c10:c6958, 34290298-343f-405c-af97-b2d19041b010:c6958]
2019-09-11 09:07:07,221 [grpc-default-executor-1] INFO  client.GrpcClientProtocolClient (GrpcClientProtocolClient.java:onNext(264)) - client-B22ED198845A->f3174d56-9988-40ec-970b-d447ed545dfb: receive RaftClientReply:client-B22ED198845A->f3174d56-9988-40ec-970b-d447ed545dfb@group-47B82E5F6106, cid=4589, SUCCESS, logIndex=6963, commits[f3174d56-9988-40ec-970b-d447ed545dfb:c6964, 3e713ff3-0d17-449f-90fa-609b20cf4c10:c6960, 34290298-343f-405c-af97-b2d19041b010:c6960]
2019-09-11 09:07:07,222 [grpc-default-executor-1] INFO  client.GrpcClientProtocolClient (GrpcClientProtocolClient.java:onNext(264)) - client-B22ED198845A->f3174d56-9988-40ec-970b-d447ed545dfb: receive RaftClientReply:client-B22ED198845A->f3174d56-9988-40ec-970b-d447ed545dfb@group-47B82E5F6106, cid=4590, SUCCESS, logIndex=6964, commits[f3174d56-9988-40ec-970b-d447ed545dfb:c6964, 3e713ff3-0d17-449f-90fa-609b20cf4c10:c6960, 34290298-343f-405c-af97-b2d19041b010:c6960]
2019-09-11 09:07:07,233 [grpc-default-executor-1] INFO  client.GrpcClientProtocolClient (GrpcClientProtocolClient.java:onNext(264)) - client-B22ED198845A->f3174d56-9988-40ec-970b-d447ed545dfb: receive RaftClientReply:client-B22ED198845A->f3174d56-9988-40ec-970b-d447ed545dfb@group-47B82E5F6106, cid=4591, SUCCESS, logIndex=0, commits[f3174d56-9988-40ec-970b-d447ed545dfb:c6965, 3e713ff3-0d17-449f-90fa-609b20cf4c10:c6964, 34290298-343f-405c-af97-b2d19041b010:c6964]
2019-09-11 09:07:07,273 [grpc-default-executor-4] INFO  client.GrpcClientProtocolClient (GrpcClientProtocolClient.java:onNext(264)) - client-B22ED198845A->f3174d56-9988-40ec-970b-d447ed545dfb: receive RaftClientReply:client-B22ED198845A->f3174d56-9988-40ec-970b-d447ed545dfb@group-47B82E5F6106, cid=4592, SUCCESS, logIndex=6967, commits[f3174d56-9988-40ec-970b-d447ed545dfb:c6967, 3e713ff3-0d17-449f-90fa-609b20cf4c10:c6966, 34290298-343f-405c-af97-b2d19041b010:c6966]
2019-09-11 09:07:07,273 [grpc-default-executor-4] INFO  client.GrpcClientProtocolClient (GrpcClientProtocolClient.java:onNext(264)) - client-B22ED198845A->f3174d56-9988-40ec-970b-d447ed545dfb: receive RaftClientReply:client-B22ED198845A->f3174d56-9988-40ec-970b-d447ed545dfb@group-47B82E5F6106, cid=4593, SUCCESS, logIndex=6968, commits[f3174d56-9988-40ec-970b-d447ed545dfb:c6968, 3e713ff3-0d17-449f-90fa-609b20cf4c10:c6966, 34290298-343f-405c-af97-b2d19041b010:c6966]
2019-09-11 09:07:07,274 [grpc-default-executor-4] INFO  client.GrpcClientProtocolClient (GrpcClientProtocolClient.java:onNext(264)) - client-B22ED198845A->f3174d56-9988-40ec-970b-d447ed545dfb: receive RaftClientReply:client-B22ED198845A->f3174d56-9988-40ec-970b-d447ed545dfb@group-47B82E5F6106, cid=4594, SUCCESS, logIndex=6969, commits[f3174d56-9988-40ec-970b-d447ed545dfb:c6970, 3e713ff3-0d17-449f-90fa-609b20cf4c10:c6966, 34290298-343f-405c-af97-b2d19041b010:c6966]
2019-09-11 09:07:07,274 [grpc-default-executor-4] INFO  client.GrpcClientProtocolClient (GrpcClientProtocolClient.java:onNext(264)) - client-B22ED198845A->f3174d56-9988-40ec-970b-d447ed545dfb: receive RaftClientReply:client-B22ED198845A->f3174d56-9988-40ec-970b-d447ed545dfb@group-47B82E5F6106, cid=4595, SUCCESS, logIndex=6970, commits[f3174d56-9988-40ec-970b-d447ed545dfb:c6970, 3e713ff3-0d17-449f-90fa-609b20cf4c10:c6966, 34290298-343f-405c-af97-b2d19041b010:c6966]
2019-09-11 09:07:07,287 [grpc-default-executor-4] INFO  client.GrpcClientProtocolClient (GrpcClientProtocolClient.java:onNext(264)) - client-B22ED198845A->f3174d56-9988-40ec-970b-d447ed545dfb: receive RaftClientReply:client-B22ED198845A->f3174d56-9988-40ec-970b-d447ed545dfb@group-47B82E5F6106, cid=4596, SUCCESS, logIndex=0, commits[f3174d56-9988-40ec-970b-d447ed545dfb:c6972, 3e713ff3-0d17-449f-90fa-609b20cf4c10:c6968, 34290298-343f-405c-af97-b2d19041b010:c6968]
2019-09-11 09:07:07,307 [grpc-default-executor-2] INFO  client.GrpcClientProtocolClient (GrpcClientProtocolClient.java:onNext(264)) - client-B22ED198845A->f3174d56-9988-40ec-970b-d447ed545dfb: receive RaftClientReply:client-B22ED198845A->f3174d56-9988-40ec-970b-d447ed545dfb@group-47B82E5F6106, cid=4597, SUCCESS, logIndex=6975, commits[f3174d56-9988-40ec-970b-d447ed545dfb:c6976, 3e713ff3-0d17-449f-90fa-609b20cf4c10:c6974, 34290298-343f-405c-af97-b2d19041b010:c6974]
2019-09-11 09:07:07,308 [grpc-default-executor-2] INFO  client.GrpcClientProtocolClient (GrpcClientProtocolClient.java:onNext(264)) - client-B22ED198845A->f3174d56-9988-40ec-970b-d447ed545dfb: receive RaftClientReply:client-B22ED198845A->f3174d56-9988-40ec-970b-d447ed545dfb@group-47B82E5F6106, cid=4598, SUCCESS, logIndex=6976, commits[f3174d56-9988-40ec-970b-d447ed545dfb:c6976, 3e713ff3-0d17-449f-90fa-609b20cf4c10:c6974, 34290298-343f-405c-af97-b2d19041b010:c6974]
2019-09-11 09:07:07,322 [grpc-default-executor-4] INFO  client.GrpcClientProtocolClient (GrpcClientProtocolClient.java:onNext(264)) - client-B22ED198845A->f3174d56-9988-40ec-970b-d447ed545dfb: receive RaftClientReply:client-B22ED198845A->f3174d56-9988-40ec-970b-d447ed545dfb@group-47B82E5F6106, cid=4599, SUCCESS, logIndex=6979, commits[f3174d56-9988-40ec-970b-d447ed545dfb:c6980, 3e713ff3-0d17-449f-90fa-609b20cf4c10:c6976, 34290298-343f-405c-af97-b2d19041b010:c6976]
2019-09-11 09:07:07,322 [grpc-default-executor-4] INFO  client.GrpcClientProtocolClient (GrpcClientProtocolClient.java:onNext(264)) - client-B22ED198845A->f3174d56-9988-40ec-970b-d447ed545dfb: receive RaftClientReply:client-B22ED198845A->f3174d56-9988-40ec-970b-d447ed545dfb@group-47B82E5F6106, cid=4600, SUCCESS, logIndex=6980, commits[f3174d56-9988-40ec-970b-d447ed545dfb:c6980, 3e713ff3-0d17-449f-90fa-609b20cf4c10:c6976, 34290298-343f-405c-af97-b2d19041b010:c6976]
2019-09-11 09:07:07,338 [grpc-default-executor-4] INFO  client.GrpcClientProtocolClient (GrpcClientProtocolClient.java:onNext(264)) - client-B22ED198845A->f3174d56-9988-40ec-970b-d447ed545dfb: receive RaftClientReply:client-B22ED198845A->f3174d56-9988-40ec-970b-d447ed545dfb@group-47B82E5F6106, cid=4601, SUCCESS, logIndex=0, commits[f3174d56-9988-40ec-970b-d447ed545dfb:c6982, 3e713ff3-0d17-449f-90fa-609b20cf4c10:c6980, 34290298-343f-405c-af97-b2d19041b010:c6980]
2019-09-11 09:07:07,373 [grpc-default-executor-2] INFO  client.GrpcClientProtocolClient (GrpcClientProtocolClient.java:onNext(264)) - client-B22ED198845A->f3174d56-9988-40ec-970b-d447ed545dfb: receive RaftClientReply:client-B22ED198845A->f3174d56-9988-40ec-970b-d447ed545dfb@group-47B82E5F6106, cid=4602, SUCCESS, logIndex=6983, commits[f3174d56-9988-40ec-970b-d447ed545dfb:c6983, 3e713ff3-0d17-449f-90fa-609b20cf4c10:c6980, 34290298-343f-405c-af97-b2d19041b010:c6982]
2019-09-11 09:07:07,374 [grpc-default-executor-2] INFO  client.GrpcClientProtocolClient (GrpcClientProtocolClient.java:onNext(264)) - client-B22ED198845A->f3174d56-9988-40ec-970b-d447ed545dfb: receive RaftClientReply:client-B22ED198845A->f3174d56-9988-40ec-970b-d447ed545dfb@group-47B82E5F6106, cid=4603, SUCCESS, logIndex=6984, commits[f3174d56-9988-40ec-970b-d447ed545dfb:c6984, 3e713ff3-0d17-449f-90fa-609b20cf4c10:c6982, 34290298-343f-405c-af97-b2d19041b010:c6982]
2019-09-11 09:07:07,374 [grpc-default-executor-2] INFO  client.GrpcClientProtocolClient (GrpcClientProtocolClient.java:onNext(264)) - client-B22ED198845A->f3174d56-9988-40ec-970b-d447ed545dfb: receive RaftClientReply:client-B22ED198845A->f3174d56-9988-40ec-970b-d447ed545dfb@group-47B82E5F6106, cid=4604, SUCCESS, logIndex=6985, commits[f3174d56-9988-40ec-970b-d447ed545dfb:c6986, 3e713ff3-0d17-449f-90fa-609b20cf4c10:c6982, 34290298-343f-405c-af97-b2d19041b010:c6982]
2019-09-11 09:07:07,374 [grpc-default-executor-2] INFO  client.GrpcClientProtocolClient (GrpcClientProtocolClient.java:onNext(264)) - client-B22ED198845A->f3174d56-9988-40ec-970b-d447ed545dfb: receive RaftClientReply:client-B22ED198845A->f3174d56-9988-40ec-970b-d447ed545dfb@group-47B82E5F6106, cid=4605, SUCCESS, logIndex=6986, commits[f3174d56-9988-40ec-970b-d447ed545dfb:c6986, 3e713ff3-0d17-449f-90fa-609b20cf4c10:c6982, 34290298-343f-405c-af97-b2d19041b010:c6982]
2019-09-11 09:07:07,387 [grpc-default-executor-2] INFO  client.GrpcClientProtocolClient (GrpcClientProtocolClient.java:onNext(264)) - client-B22ED198845A->f3174d56-9988-40ec-970b-d447ed545dfb: receive RaftClientReply:client-B22ED198845A->f3174d56-9988-40ec-970b-d447ed545dfb@group-47B82E5F6106, cid=4606, SUCCESS, logIndex=0, commits[f3174d56-9988-40ec-970b-d447ed545dfb:c6988, 3e713ff3-0d17-449f-90fa-609b20cf4c10:c6984, 34290298-343f-405c-af97-b2d19041b010:c6984]
2019-09-11 09:07:07,426 [grpc-default-executor-1] INFO  client.GrpcClientProtocolClient (GrpcClientProtocolClient.java:onNext(264)) - client-B22ED198845A->f3174d56-9988-40ec-970b-d447ed545dfb: receive RaftClientReply:client-B22ED198845A->f3174d56-9988-40ec-970b-d447ed545dfb@group-47B82E5F6106, cid=4607, SUCCESS, logIndex=6991, commits[f3174d56-9988-40ec-970b-d447ed545dfb:c6992, 3e713ff3-0d17-449f-90fa-609b20cf4c10:c6986, 34290298-343f-405c-af97-b2d19041b010:c6990]
2019-09-11 09:07:07,427 [grpc-default-executor-1] INFO  client.GrpcClientProtocolClient (GrpcClientProtocolClient.java:onNext(264)) - client-B22ED198845A->f3174d56-9988-40ec-970b-d447ed545dfb: receive RaftClientReply:client-B22ED198845A->f3174d56-9988-40ec-970b-d447ed545dfb@group-47B82E5F6106, cid=4608, SUCCESS, logIndex=6992, commits[f3174d56-9988-40ec-970b-d447ed545dfb:c6992, 3e713ff3-0d17-449f-90fa-609b20cf4c10:c6990, 34290298-343f-405c-af97-b2d19041b010:c6990]
2019-09-11 09:07:07,444 [grpc-default-executor-4] INFO  client.GrpcClientProtocolClient (GrpcClientProtocolClient.java:onNext(264)) - client-B22ED198845A->f3174d56-9988-40ec-970b-d447ed545dfb: receive RaftClientReply:client-B22ED198845A->f3174d56-9988-40ec-970b-d447ed545dfb@group-47B82E5F6106, cid=4609, SUCCESS, logIndex=6995, commits[f3174d56-9988-40ec-970b-d447ed545dfb:c6995, 3e713ff3-0d17-449f-90fa-609b20cf4c10:c6992, 34290298-343f-405c-af97-b2d19041b010:c6993]
2019-09-11 09:07:07,445 [grpc-default-executor-4] INFO  client.GrpcClientProtocolClient (GrpcClientProtocolClient.java:onNext(264)) - client-B22ED198845A->f3174d56-9988-40ec-970b-d447ed545dfb: receive RaftClientReply:client-B22ED198845A->f3174d56-9988-40ec-970b-d447ed545dfb@group-47B82E5F6106, cid=4610, SUCCESS, logIndex=6996, commits[f3174d56-9988-40ec-970b-d447ed545dfb:c6996, 3e713ff3-0d17-449f-90fa-609b20cf4c10:c6993, 34290298-343f-405c-af97-b2d19041b010:c6993]
2019-09-11 09:07:07,457 [grpc-default-executor-4] INFO  client.GrpcClientProtocolClient (GrpcClientProtocolClient.java:onNext(264)) - client-B22ED198845A->f3174d56-9988-40ec-970b-d447ed545dfb: receive RaftClientReply:client-B22ED198845A->f3174d56-9988-40ec-970b-d447ed545dfb@group-47B82E5F6106, cid=4611, SUCCESS, logIndex=0, commits[f3174d56-9988-40ec-970b-d447ed545dfb:c6998, 3e713ff3-0d17-449f-90fa-609b20cf4c10:c6996, 34290298-343f-405c-af97-b2d19041b010:c6996]
2019-09-11 09:07:07,495 [grpc-default-executor-4] INFO  client.GrpcClientProtocolClient (GrpcClientProtocolClient.java:onNext(264)) - client-B22ED198845A->f3174d56-9988-40ec-970b-d447ed545dfb: receive RaftClientReply:client-B22ED198845A->f3174d56-9988-40ec-970b-d447ed545dfb@group-47B82E5F6106, cid=4612, SUCCESS, logIndex=6999, commits[f3174d56-9988-40ec-970b-d447ed545dfb:c7000, 3e713ff3-0d17-449f-90fa-609b20cf4c10:c6998, 34290298-343f-405c-af97-b2d19041b010:c6998]
2019-09-11 09:07:07,496 [grpc-default-executor-4] INFO  client.GrpcClientProtocolClient (GrpcClientProtocolClient.java:onNext(264)) - client-B22ED198845A->f3174d56-9988-40ec-970b-d447ed545dfb: receive RaftClientReply:client-B22ED198845A->f3174d56-9988-40ec-970b-d447ed545dfb@group-47B82E5F6106, cid=4613, SUCCESS, logIndex=7000, commits[f3174d56-9988-40ec-970b-d447ed545dfb:c7000, 3e713ff3-0d17-449f-90fa-609b20cf4c10:c6998, 34290298-343f-405c-af97-b2d19041b010:c6998]
2019-09-11 09:07:07,498 [grpc-default-executor-1] INFO  client.GrpcClientProtocolClient (GrpcClientProtocolClient.java:onNext(264)) - client-B22ED198845A->f3174d56-9988-40ec-970b-d447ed545dfb: receive RaftClientReply:client-B22ED198845A->f3174d56-9988-40ec-970b-d447ed545dfb@group-47B82E5F6106, cid=4614, SUCCESS, logIndex=7001, commits[f3174d56-9988-40ec-970b-d447ed545dfb:c7002, 3e713ff3-0d17-449f-90fa-609b20cf4c10:c6998, 34290298-343f-405c-af97-b2d19041b010:c6998]
2019-09-11 09:07:07,498 [grpc-default-executor-1] INFO  client.GrpcClientProtocolClient (GrpcClientProtocolClient.java:onNext(264)) - client-B22ED198845A->f3174d56-9988-40ec-970b-d447ed545dfb: receive RaftClientReply:client-B22ED198845A->f3174d56-9988-40ec-970b-d447ed545dfb@group-47B82E5F6106, cid=4615, SUCCESS, logIndex=7002, commits[f3174d56-9988-40ec-970b-d447ed545dfb:c7002, 3e713ff3-0d17-449f-90fa-609b20cf4c10:c6998, 34290298-343f-405c-af97-b2d19041b010:c6998]
2019-09-11 09:07:07,510 [grpc-default-executor-1] INFO  client.GrpcClientProtocolClient (GrpcClientProtocolClient.java:onNext(264)) - client-B22ED198845A->f3174d56-9988-40ec-970b-d447ed545dfb: receive RaftClientReply:client-B22ED198845A->f3174d56-9988-40ec-970b-d447ed545dfb@group-47B82E5F6106, cid=4616, SUCCESS, logIndex=0, commits[f3174d56-9988-40ec-970b-d447ed545dfb:c7004, 3e713ff3-0d17-449f-90fa-609b20cf4c10:c7000, 34290298-343f-405c-af97-b2d19041b010:c7000]
2019-09-11 09:07:07,530 [grpc-default-executor-4] INFO  client.GrpcClientProtocolClient (GrpcClientProtocolClient.java:onNext(264)) - client-B22ED198845A->f3174d56-9988-40ec-970b-d447ed545dfb: receive RaftClientReply:client-B22ED198845A->f3174d56-9988-40ec-970b-d447ed545dfb@group-47B82E5F6106, cid=4617, SUCCESS, logIndex=7006, commits[f3174d56-9988-40ec-970b-d447ed545dfb:c7007, 3e713ff3-0d17-449f-90fa-609b20cf4c10:c7005, 34290298-343f-405c-af97-b2d19041b010:c7005]
2019-09-11 09:07:07,530 [grpc-default-executor-4] INFO  client.GrpcClientProtocolClient (GrpcClientProtocolClient.java:onNext(264)) - client-B22ED198845A->f3174d56-9988-40ec-970b-d447ed545dfb: receive RaftClientReply:client-B22ED198845A->f3174d56-9988-40ec-970b-d447ed545dfb@group-47B82E5F6106, cid=4618, SUCCESS, logIndex=7007, commits[f3174d56-9988-40ec-970b-d447ed545dfb:c7007, 3e713ff3-0d17-449f-90fa-609b20cf4c10:c7005, 34290298-343f-405c-af97-b2d19041b010:c7005]
2019-09-11 09:07:07,545 [grpc-default-executor-2] INFO  client.GrpcClientProtocolClient (GrpcClientProtocolClient.java:onNext(264)) - client-B22ED198845A->f3174d56-9988-40ec-970b-d447ed545dfb: receive RaftClientReply:client-B22ED198845A->f3174d56-9988-40ec-970b-d447ed545dfb@group-47B82E5F6106, cid=4619, SUCCESS, logIndex=7010, commits[f3174d56-9988-40ec-970b-d447ed545dfb:c7010, 3e713ff3-0d17-449f-90fa-609b20cf4c10:c7007, 34290298-343f-405c-af97-b2d19041b010:c7007]
2019-09-11 09:07:07,545 [grpc-default-executor-2] INFO  client.GrpcClientProtocolClient (GrpcClientProtocolClient.java:onNext(264)) - client-B22ED198845A->f3174d56-9988-40ec-970b-d447ed545dfb: receive RaftClientReply:client-B22ED198845A->f3174d56-9988-40ec-970b-d447ed545dfb@group-47B82E5F6106, cid=4620, SUCCESS, logIndex=7011, commits[f3174d56-9988-40ec-970b-d447ed545dfb:c7011, 3e713ff3-0d17-449f-90fa-609b20cf4c10:c7007, 34290298-343f-405c-af97-b2d19041b010:c7007]
2019-09-11 09:07:07,559 [grpc-default-executor-2] INFO  client.GrpcClientProtocolClient (GrpcClientProtocolClient.java:onNext(264)) - client-B22ED198845A->f3174d56-9988-40ec-970b-d447ed545dfb: receive RaftClientReply:client-B22ED198845A->f3174d56-9988-40ec-970b-d447ed545dfb@group-47B82E5F6106, cid=4621, SUCCESS, logIndex=0, commits[f3174d56-9988-40ec-970b-d447ed545dfb:c7013, 3e713ff3-0d17-449f-90fa-609b20cf4c10:c7011, 34290298-343f-405c-af97-b2d19041b010:c7011]
2019-09-11 09:07:07,596 [grpc-default-executor-1] INFO  client.GrpcClientProtocolClient (GrpcClientProtocolClient.java:onNext(264)) - client-B22ED198845A->f3174d56-9988-40ec-970b-d447ed545dfb: receive RaftClientReply:client-B22ED198845A->f3174d56-9988-40ec-970b-d447ed545dfb@group-47B82E5F6106, cid=4622, SUCCESS, logIndex=7014, commits[f3174d56-9988-40ec-970b-d447ed545dfb:c7015, 3e713ff3-0d17-449f-90fa-609b20cf4c10:c7011, 34290298-343f-405c-af97-b2d19041b010:c7013]
2019-09-11 09:07:07,597 [grpc-default-executor-2] INFO  client.GrpcClientProtocolClient (GrpcClientProtocolClient.java:onNext(264)) - client-B22ED198845A->f3174d56-9988-40ec-970b-d447ed545dfb: receive RaftClientReply:client-B22ED198845A->f3174d56-9988-40ec-970b-d447ed545dfb@group-47B82E5F6106, cid=4623, SUCCESS, logIndex=7015, commits[f3174d56-9988-40ec-970b-d447ed545dfb:c7017, 3e713ff3-0d17-449f-90fa-609b20cf4c10:c7013, 34290298-343f-405c-af97-b2d19041b010:c7013]
2019-09-11 09:07:07,597 [grpc-default-executor-2] INFO  client.GrpcClientProtocolClient (GrpcClientProtocolClient.java:onNext(264)) - client-B22ED198845A->f3174d56-9988-40ec-970b-d447ed545dfb: receive RaftClientReply:client-B22ED198845A->f3174d56-9988-40ec-970b-d447ed545dfb@group-47B82E5F6106, cid=4624, SUCCESS, logIndex=7016, commits[f3174d56-9988-40ec-970b-d447ed545dfb:c7017, 3e713ff3-0d17-449f-90fa-609b20cf4c10:c7013, 34290298-343f-405c-af97-b2d19041b010:c7013]
2019-09-11 09:07:07,597 [grpc-default-executor-2] INFO  client.GrpcClientProtocolClient (GrpcClientProtocolClient.java:onNext(264)) - client-B22ED198845A->f3174d56-9988-40ec-970b-d447ed545dfb: receive RaftClientReply:client-B22ED198845A->f3174d56-9988-40ec-970b-d447ed545dfb@group-47B82E5F6106, cid=4625, SUCCESS, logIndex=7017, commits[f3174d56-9988-40ec-970b-d447ed545dfb:c7017, 3e713ff3-0d17-449f-90fa-609b20cf4c10:c7013, 34290298-343f-405c-af97-b2d19041b010:c7013]
2019-09-11 09:07:07,600 [grpc-default-executor-2] INFO  client.GrpcClientProtocolClient (GrpcClientProtocolClient.java:onNext(264)) - client-B22ED198845A->f3174d56-9988-40ec-970b-d447ed545dfb: receive RaftClientReply:client-B22ED198845A->f3174d56-9988-40ec-970b-d447ed545dfb@group-47B82E5F6106, cid=4626, SUCCESS, logIndex=0, commits[f3174d56-9988-40ec-970b-d447ed545dfb:c7018, 3e713ff3-0d17-449f-90fa-609b20cf4c10:c7015, 34290298-343f-405c-af97-b2d19041b010:c7017]
2019-09-11 09:07:07,613 [grpc-default-executor-1] INFO  client.GrpcClientProtocolClient (GrpcClientProtocolClient.java:onNext(264)) - client-B22ED198845A->f3174d56-9988-40ec-970b-d447ed545dfb: receive RaftClientReply:client-B22ED198845A->f3174d56-9988-40ec-970b-d447ed545dfb@group-47B82E5F6106, cid=4627, SUCCESS, logIndex=7022, commits[f3174d56-9988-40ec-970b-d447ed545dfb:c7023, 3e713ff3-0d17-449f-90fa-609b20cf4c10:c7017, 34290298-343f-405c-af97-b2d19041b010:c7018]
2019-09-11 09:07:07,613 [grpc-default-executor-1] INFO  client.GrpcClientProtocolClient (GrpcClientProtocolClient.java:onNext(264)) - client-B22ED198845A->f3174d56-9988-40ec-970b-d447ed545dfb: receive RaftClientReply:client-B22ED198845A->f3174d56-9988-40ec-970b-d447ed545dfb@group-47B82E5F6106, cid=4628, SUCCESS, logIndex=7023, commits[f3174d56-9988-40ec-970b-d447ed545dfb:c7023, 3e713ff3-0d17-449f-90fa-609b20cf4c10:c7017, 34290298-343f-405c-af97-b2d19041b010:c7018]
2019-09-11 09:07:07,638 [grpc-default-executor-1] INFO  client.GrpcClientProtocolClient (GrpcClientProtocolClient.java:onNext(264)) - client-B22ED198845A->f3174d56-9988-40ec-970b-d447ed545dfb: receive RaftClientReply:client-B22ED198845A->f3174d56-9988-40ec-970b-d447ed545dfb@group-47B82E5F6106, cid=4629, SUCCESS, logIndex=7026, commits[f3174d56-9988-40ec-970b-d447ed545dfb:c7027, 3e713ff3-0d17-449f-90fa-609b20cf4c10:c7025, 34290298-343f-405c-af97-b2d19041b010:c7023]
2019-09-11 09:07:07,638 [grpc-default-executor-1] INFO  client.GrpcClientProtocolClient (GrpcClientProtocolClient.java:onNext(264)) - client-B22ED198845A->f3174d56-9988-40ec-970b-d447ed545dfb: receive RaftClientReply:client-B22ED198845A->f3174d56-9988-40ec-970b-d447ed545dfb@group-47B82E5F6106, cid=4630, SUCCESS, logIndex=7027, commits[f3174d56-9988-40ec-970b-d447ed545dfb:c7027, 3e713ff3-0d17-449f-90fa-609b20cf4c10:c7025, 34290298-343f-405c-af97-b2d19041b010:c7023]
2019-09-11 09:07:07,649 [grpc-default-executor-1] INFO  client.GrpcClientProtocolClient (GrpcClientProtocolClient.java:onNext(264)) - client-B22ED198845A->f3174d56-9988-40ec-970b-d447ed545dfb: receive RaftClientReply:client-B22ED198845A->f3174d56-9988-40ec-970b-d447ed545dfb@group-47B82E5F6106, cid=4631, SUCCESS, logIndex=0, commits[f3174d56-9988-40ec-970b-d447ed545dfb:c7028, 3e713ff3-0d17-449f-90fa-609b20cf4c10:c7027, 34290298-343f-405c-af97-b2d19041b010:c7027]
 0.00% |█                                                                                                    |  0/1 Time: 0:00:472019-09-11 09:07:08,202 [grpc-default-executor-5] INFO  client.GrpcClientProtocolClient (GrpcClientProtocolClient.java:onNext(264)) - client-B22ED198845A->f3174d56-9988-40ec-970b-d447ed545dfb: receive RaftClientReply:client-B22ED198845A->f3174d56-9988-40ec-970b-d447ed545dfb@group-47B82E5F6106, cid=4632, SUCCESS, logIndex=7029, commits[f3174d56-9988-40ec-970b-d447ed545dfb:c7032, 3e713ff3-0d17-449f-90fa-609b20cf4c10:c7028, 34290298-343f-405c-af97-b2d19041b010:c7027]
2019-09-11 09:07:08,203 [grpc-default-executor-5] INFO  client.GrpcClientProtocolClient (GrpcClientProtocolClient.java:onNext(264)) - client-B22ED198845A->f3174d56-9988-40ec-970b-d447ed545dfb: receive RaftClientReply:client-B22ED198845A->f3174d56-9988-40ec-970b-d447ed545dfb@group-47B82E5F6106, cid=4633, SUCCESS, logIndex=7030, commits[f3174d56-9988-40ec-970b-d447ed545dfb:c7032, 3e713ff3-0d17-449f-90fa-609b20cf4c10:c7028, 34290298-343f-405c-af97-b2d19041b010:c7028]
2019-09-11 09:07:08,203 [grpc-default-executor-5] INFO  client.GrpcClientProtocolClient (GrpcClientProtocolClient.java:onNext(264)) - client-B22ED198845A->f3174d56-9988-40ec-970b-d447ed545dfb: receive RaftClientReply:client-B22ED198845A->f3174d56-9988-40ec-970b-d447ed545dfb@group-47B82E5F6106, cid=4634, SUCCESS, logIndex=7031, commits[f3174d56-9988-40ec-970b-d447ed545dfb:c7032, 3e713ff3-0d17-449f-90fa-609b20cf4c10:c7028, 34290298-343f-405c-af97-b2d19041b010:c7028]
2019-09-11 09:07:08,203 [grpc-default-executor-5] INFO  client.GrpcClientProtocolClient (GrpcClientProtocolClient.java:onNext(264)) - client-B22ED198845A->f3174d56-9988-40ec-970b-d447ed545dfb: receive RaftClientReply:client-B22ED198845A->f3174d56-9988-40ec-970b-d447ed545dfb@group-47B82E5F6106, cid=4635, SUCCESS, logIndex=7032, commits[f3174d56-9988-40ec-970b-d447ed545dfb:c7032, 3e713ff3-0d17-449f-90fa-609b20cf4c10:c7028, 34290298-343f-405c-af97-b2d19041b010:c7028]
2019-09-11 09:07:08,216 [grpc-default-executor-5] INFO  client.GrpcClientProtocolClient (GrpcClientProtocolClient.java:onNext(264)) - client-B22ED198845A->f3174d56-9988-40ec-970b-d447ed545dfb: receive RaftClientReply:client-B22ED198845A->f3174d56-9988-40ec-970b-d447ed545dfb@group-47B82E5F6106, cid=4636, SUCCESS, logIndex=0, commits[f3174d56-9988-40ec-970b-d447ed545dfb:c7033, 3e713ff3-0d17-449f-90fa-609b20cf4c10:c7030, 34290298-343f-405c-af97-b2d19041b010:c7030]
2019-09-11 09:07:08,396 [grpc-default-executor-5] INFO  client.GrpcClientProtocolClient (GrpcClientProtocolClient.java:onNext(264)) - client-B22ED198845A->f3174d56-9988-40ec-970b-d447ed545dfb: receive RaftClientReply:client-B22ED198845A->f3174d56-9988-40ec-970b-d447ed545dfb@group-47B82E5F6106, cid=4637, SUCCESS, logIndex=7037, commits[f3174d56-9988-40ec-970b-d447ed545dfb:c7038, 3e713ff3-0d17-449f-90fa-609b20cf4c10:c7032, 34290298-343f-405c-af97-b2d19041b010:c7033]
2019-09-11 09:07:08,397 [grpc-default-executor-5] INFO  client.GrpcClientProtocolClient (GrpcClientProtocolClient.java:onNext(264)) - client-B22ED198845A->f3174d56-9988-40ec-970b-d447ed545dfb: receive RaftClientReply:client-B22ED198845A->f3174d56-9988-40ec-970b-d447ed545dfb@group-47B82E5F6106, cid=4638, SUCCESS, logIndex=7038, commits[f3174d56-9988-40ec-970b-d447ed545dfb:c7038, 3e713ff3-0d17-449f-90fa-609b20cf4c10:c7033, 34290298-343f-405c-af97-b2d19041b010:c7033]
2019-09-11 09:07:08,411 [grpc-default-executor-2] INFO  client.GrpcClientProtocolClient (GrpcClientProtocolClient.java:onNext(264)) - client-B22ED198845A->f3174d56-9988-40ec-970b-d447ed545dfb: receive RaftClientReply:client-B22ED198845A->f3174d56-9988-40ec-970b-d447ed545dfb@group-47B82E5F6106, cid=4639, SUCCESS, logIndex=7041, commits[f3174d56-9988-40ec-970b-d447ed545dfb:c7042, 3e713ff3-0d17-449f-90fa-609b20cf4c10:c7038, 34290298-343f-405c-af97-b2d19041b010:c7038]
2019-09-11 09:07:08,411 [grpc-default-executor-2] INFO  client.GrpcClientProtocolClient (GrpcClientProtocolClient.java:onNext(264)) - client-B22ED198845A->f3174d56-9988-40ec-970b-d447ed545dfb: receive RaftClientReply:client-B22ED198845A->f3174d56-9988-40ec-970b-d447ed545dfb@group-47B82E5F6106, cid=4640, SUCCESS, logIndex=7042, commits[f3174d56-9988-40ec-970b-d447ed545dfb:c7042, 3e713ff3-0d17-449f-90fa-609b20cf4c10:c7038, 34290298-343f-405c-af97-b2d19041b010:c7038]
2019-09-11 09:07:08,425 [grpc-default-executor-4] INFO  client.GrpcClientProtocolClient (GrpcClientProtocolClient.java:onNext(264)) - client-B22ED198845A->f3174d56-9988-40ec-970b-d447ed545dfb: receive RaftClientReply:client-B22ED198845A->f3174d56-9988-40ec-970b-d447ed545dfb@group-47B82E5F6106, cid=4641, SUCCESS, logIndex=0, commits[f3174d56-9988-40ec-970b-d447ed545dfb:c7044, 3e713ff3-0d17-449f-90fa-609b20cf4c10:c7042, 34290298-343f-405c-af97-b2d19041b010:c7042]
2019-09-11 09:07:08,461 [grpc-default-executor-2] INFO  client.GrpcClientProtocolClient (GrpcClientProtocolClient.java:onNext(264)) - client-B22ED198845A->f3174d56-9988-40ec-970b-d447ed545dfb: receive RaftClientReply:client-B22ED198845A->f3174d56-9988-40ec-970b-d447ed545dfb@group-47B82E5F6106, cid=4642, SUCCESS, logIndex=7045, commits[f3174d56-9988-40ec-970b-d447ed545dfb:c7048, 3e713ff3-0d17-449f-90fa-609b20cf4c10:c7042, 34290298-343f-405c-af97-b2d19041b010:c7044]
2019-09-11 09:07:08,462 [grpc-default-executor-2] INFO  client.GrpcClientProtocolClient (GrpcClientProtocolClient.java:onNext(264)) - client-B22ED198845A->f3174d56-9988-40ec-970b-d447ed545dfb: receive RaftClientReply:client-B22ED198845A->f3174d56-9988-40ec-970b-d447ed545dfb@group-47B82E5F6106, cid=4643, SUCCESS, logIndex=7046, commits[f3174d56-9988-40ec-970b-d447ed545dfb:c7048, 3e713ff3-0d17-449f-90fa-609b20cf4c10:c7044, 34290298-343f-405c-af97-b2d19041b010:c7044]
2019-09-11 09:07:08,462 [grpc-default-executor-2] INFO  client.GrpcClientProtocolClient (GrpcClientProtocolClient.java:onNext(264)) - client-B22ED198845A->f3174d56-9988-40ec-970b-d447ed545dfb: receive RaftClientReply:client-B22ED198845A->f3174d56-9988-40ec-970b-d447ed545dfb@group-47B82E5F6106, cid=4644, SUCCESS, logIndex=7047, commits[f3174d56-9988-40ec-970b-d447ed545dfb:c7048, 3e713ff3-0d17-449f-90fa-609b20cf4c10:c7044, 34290298-343f-405c-af97-b2d19041b010:c7044]
2019-09-11 09:07:08,462 [grpc-default-executor-2] INFO  client.GrpcClientProtocolClient (GrpcClientProtocolClient.java:onNext(264)) - client-B22ED198845A->f3174d56-9988-40ec-970b-d447ed545dfb: receive RaftClientReply:client-B22ED198845A->f3174d56-9988-40ec-970b-d447ed545dfb@group-47B82E5F6106, cid=4645, SUCCESS, logIndex=7048, commits[f3174d56-9988-40ec-970b-d447ed545dfb:c7048, 3e713ff3-0d17-449f-90fa-609b20cf4c10:c7044, 34290298-343f-405c-af97-b2d19041b010:c7044]
2019-09-11 09:07:08,487 [grpc-default-executor-2] INFO  client.GrpcClientProtocolClient (GrpcClientProtocolClient.java:onNext(264)) - client-B22ED198845A->f3174d56-9988-40ec-970b-d447ed545dfb: receive RaftClientReply:client-B22ED198845A->f3174d56-9988-40ec-970b-d447ed545dfb@group-47B82E5F6106, cid=4646, SUCCESS, logIndex=0, commits[f3174d56-9988-40ec-970b-d447ed545dfb:c7049, 3e713ff3-0d17-449f-90fa-609b20cf4c10:c7047, 34290298-343f-405c-af97-b2d19041b010:c7047]
2019-09-11 09:07:08,506 [grpc-default-executor-2] INFO  client.GrpcClientProtocolClient (GrpcClientProtocolClient.java:onNext(264)) - client-B22ED198845A->f3174d56-9988-40ec-970b-d447ed545dfb: receive RaftClientReply:client-B22ED198845A->f3174d56-9988-40ec-970b-d447ed545dfb@group-47B82E5F6106, cid=4647, SUCCESS, logIndex=7052, commits[f3174d56-9988-40ec-970b-d447ed545dfb:c7053, 3e713ff3-0d17-449f-90fa-609b20cf4c10:c7051, 34290298-343f-405c-af97-b2d19041b010:c7051]
2019-09-11 09:07:08,507 [grpc-default-executor-2] INFO  client.GrpcClientProtocolClient (GrpcClientProtocolClient.java:onNext(264)) - client-B22ED198845A->f3174d56-9988-40ec-970b-d447ed545dfb: receive RaftClientReply:client-B22ED198845A->f3174d56-9988-40ec-970b-d447ed545dfb@group-47B82E5F6106, cid=4648, SUCCESS, logIndex=7053, commits[f3174d56-9988-40ec-970b-d447ed545dfb:c7053, 3e713ff3-0d17-449f-90fa-609b20cf4c10:c7051, 34290298-343f-405c-af97-b2d19041b010:c7051]
2019-09-11 09:07:08,519 [grpc-default-executor-4] INFO  client.GrpcClientProtocolClient (GrpcClientProtocolClient.java:onNext(264)) - client-B22ED198845A->f3174d56-9988-40ec-970b-d447ed545dfb: receive RaftClientReply:client-B22ED198845A->f3174d56-9988-40ec-970b-d447ed545dfb@group-47B82E5F6106, cid=4649, SUCCESS, logIndex=7056, commits[f3174d56-9988-40ec-970b-d447ed545dfb:c7056, 3e713ff3-0d17-449f-90fa-609b20cf4c10:c7053, 34290298-343f-405c-af97-b2d19041b010:c7053]
2019-09-11 09:07:08,520 [grpc-default-executor-4] INFO  client.GrpcClientProtocolClient (GrpcClientProtocolClient.java:onNext(264)) - client-B22ED198845A->f3174d56-9988-40ec-970b-d447ed545dfb: receive RaftClientReply:client-B22ED198845A->f3174d56-9988-40ec-970b-d447ed545dfb@group-47B82E5F6106, cid=4650, SUCCESS, logIndex=7057, commits[f3174d56-9988-40ec-970b-d447ed545dfb:c7057, 3e713ff3-0d17-449f-90fa-609b20cf4c10:c7053, 34290298-343f-405c-af97-b2d19041b010:c7053]
2019-09-11 09:07:08,522 [grpc-default-executor-4] INFO  client.GrpcClientProtocolClient (GrpcClientProtocolClient.java:onNext(264)) - client-B22ED198845A->f3174d56-9988-40ec-970b-d447ed545dfb: receive RaftClientReply:client-B22ED198845A->f3174d56-9988-40ec-970b-d447ed545dfb@group-47B82E5F6106, cid=4651, SUCCESS, logIndex=0, commits[f3174d56-9988-40ec-970b-d447ed545dfb:c7059, 3e713ff3-0d17-449f-90fa-609b20cf4c10:c7057, 34290298-343f-405c-af97-b2d19041b010:c7057]
2019-09-11 09:07:08,554 [grpc-default-executor-4] INFO  client.GrpcClientProtocolClient (GrpcClientProtocolClient.java:onNext(264)) - client-B22ED198845A->f3174d56-9988-40ec-970b-d447ed545dfb: receive RaftClientReply:client-B22ED198845A->f3174d56-9988-40ec-970b-d447ed545dfb@group-47B82E5F6106, cid=4652, SUCCESS, logIndex=7060, commits[f3174d56-9988-40ec-970b-d447ed545dfb:c7062, 3e713ff3-0d17-449f-90fa-609b20cf4c10:c7059, 34290298-343f-405c-af97-b2d19041b010:c7059]
2019-09-11 09:07:08,555 [grpc-default-executor-4] INFO  client.GrpcClientProtocolClient (GrpcClientProtocolClient.java:onNext(264)) - client-B22ED198845A->f3174d56-9988-40ec-970b-d447ed545dfb: receive RaftClientReply:client-B22ED198845A->f3174d56-9988-40ec-970b-d447ed545dfb@group-47B82E5F6106, cid=4653, SUCCESS, logIndex=7061, commits[f3174d56-9988-40ec-970b-d447ed545dfb:c7063, 3e713ff3-0d17-449f-90fa-609b20cf4c10:c7059, 34290298-343f-405c-af97-b2d19041b010:c7059]
2019-09-11 09:07:08,555 [grpc-default-executor-4] INFO  client.GrpcClientProtocolClient (GrpcClientProtocolClient.java:onNext(264)) - client-B22ED198845A->f3174d56-9988-40ec-970b-d447ed545dfb: receive RaftClientReply:client-B22ED198845A->f3174d56-9988-40ec-970b-d447ed545dfb@group-47B82E5F6106, cid=4654, SUCCESS, logIndex=7062, commits[f3174d56-9988-40ec-970b-d447ed545dfb:c7063, 3e713ff3-0d17-449f-90fa-609b20cf4c10:c7059, 34290298-343f-405c-af97-b2d19041b010:c7059]
2019-09-11 09:07:08,556 [grpc-default-executor-4] INFO  client.GrpcClientProtocolClient (GrpcClientProtocolClient.java:onNext(264)) - client-B22ED198845A->f3174d56-9988-40ec-970b-d447ed545dfb: receive RaftClientReply:client-B22ED198845A->f3174d56-9988-40ec-970b-d447ed545dfb@group-47B82E5F6106, cid=4655, SUCCESS, logIndex=7063, commits[f3174d56-9988-40ec-970b-d447ed545dfb:c7063, 3e713ff3-0d17-449f-90fa-609b20cf4c10:c7059, 34290298-343f-405c-af97-b2d19041b010:c7059]
2019-09-11 09:07:08,557 [grpc-default-executor-4] INFO  client.GrpcClientProtocolClient (GrpcClientProtocolClient.java:onNext(264)) - client-B22ED198845A->f3174d56-9988-40ec-970b-d447ed545dfb: receive RaftClientReply:client-B22ED198845A->f3174d56-9988-40ec-970b-d447ed545dfb@group-47B82E5F6106, cid=4656, SUCCESS, logIndex=0, commits[f3174d56-9988-40ec-970b-d447ed545dfb:c7067, 3e713ff3-0d17-449f-90fa-609b20cf4c10:c7061, 34290298-343f-405c-af97-b2d19041b010:c7063]
2019-09-11 09:07:08,575 [grpc-default-executor-2] INFO  client.GrpcClientProtocolClient (GrpcClientProtocolClient.java:onNext(264)) - client-B22ED198845A->f3174d56-9988-40ec-970b-d447ed545dfb: receive RaftClientReply:client-B22ED198845A->f3174d56-9988-40ec-970b-d447ed545dfb@group-47B82E5F6106, cid=4657, SUCCESS, logIndex=7068, commits[f3174d56-9988-40ec-970b-d447ed545dfb:c7069, 3e713ff3-0d17-449f-90fa-609b20cf4c10:c7067, 34290298-343f-405c-af97-b2d19041b010:c7067]
2019-09-11 09:07:08,575 [grpc-default-executor-2] INFO  client.GrpcClientProtocolClient (GrpcClientProtocolClient.java:onNext(264)) - client-B22ED198845A->f3174d56-9988-40ec-970b-d447ed545dfb: receive RaftClientReply:client-B22ED198845A->f3174d56-9988-40ec-970b-d447ed545dfb@group-47B82E5F6106, cid=4658, SUCCESS, logIndex=7069, commits[f3174d56-9988-40ec-970b-d447ed545dfb:c7069, 3e713ff3-0d17-449f-90fa-609b20cf4c10:c7067, 34290298-343f-405c-af97-b2d19041b010:c7067]
2019-09-11 09:07:08,581 [grpc-default-executor-2] INFO  segmented.SegmentedRaftLogWorker (SegmentedRaftLogWorker.java:rollLogSegment(385)) - f3174d56-9988-40ec-970b-d447ed545dfb@group-47B82E5F6106-SegmentedRaftLogWorker: Rolling segment log-0_7072 to index:7072
2019-09-11 09:07:08,583 [grpc-default-executor-2] INFO  segmented.SegmentedRaftLogWorker (SegmentedRaftLogWorker.java:rollLogSegment(385)) - 3e713ff3-0d17-449f-90fa-609b20cf4c10@group-47B82E5F6106-SegmentedRaftLogWorker: Rolling segment log-0_7072 to index:7072
2019-09-11 09:07:08,583 [grpc-default-executor-4] INFO  segmented.SegmentedRaftLogWorker (SegmentedRaftLogWorker.java:rollLogSegment(385)) - 34290298-343f-405c-af97-b2d19041b010@group-47B82E5F6106-SegmentedRaftLogWorker: Rolling segment log-0_7072 to index:7072
2019-09-11 09:07:08,587 [f3174d56-9988-40ec-970b-d447ed545dfb@group-47B82E5F6106-SegmentedRaftLogWorker] INFO  segmented.SegmentedRaftLogWorker (SegmentedRaftLogWorker.java:execute(526)) - f3174d56-9988-40ec-970b-d447ed545dfb@group-47B82E5F6106-SegmentedRaftLogWorker: Rolled log segment from /workdir/hadoop-ozone/tools/target/test-dir/MiniOzoneClusterImpl-d37e7903-a669-4a0e-ab33-190c0e948d7a/datanode-4/data/ratis/df3d7c9a-c33a-451d-8a56-47b82e5f6106/current/log_inprogress_0 to /workdir/hadoop-ozone/tools/target/test-dir/MiniOzoneClusterImpl-d37e7903-a669-4a0e-ab33-190c0e948d7a/datanode-4/data/ratis/df3d7c9a-c33a-451d-8a56-47b82e5f6106/current/log_0-7072
2019-09-11 09:07:08,588 [34290298-343f-405c-af97-b2d19041b010@group-47B82E5F6106-SegmentedRaftLogWorker] INFO  segmented.SegmentedRaftLogWorker (SegmentedRaftLogWorker.java:execute(526)) - 34290298-343f-405c-af97-b2d19041b010@group-47B82E5F6106-SegmentedRaftLogWorker: Rolled log segment from /workdir/hadoop-ozone/tools/target/test-dir/MiniOzoneClusterImpl-d37e7903-a669-4a0e-ab33-190c0e948d7a/datanode-1/data/ratis/df3d7c9a-c33a-451d-8a56-47b82e5f6106/current/log_inprogress_0 to /workdir/hadoop-ozone/tools/target/test-dir/MiniOzoneClusterImpl-d37e7903-a669-4a0e-ab33-190c0e948d7a/datanode-1/data/ratis/df3d7c9a-c33a-451d-8a56-47b82e5f6106/current/log_0-7072
2019-09-11 09:07:08,588 [3e713ff3-0d17-449f-90fa-609b20cf4c10@group-47B82E5F6106-SegmentedRaftLogWorker] INFO  segmented.SegmentedRaftLogWorker (SegmentedRaftLogWorker.java:execute(526)) - 3e713ff3-0d17-449f-90fa-609b20cf4c10@group-47B82E5F6106-SegmentedRaftLogWorker: Rolled log segment from /workdir/hadoop-ozone/tools/target/test-dir/MiniOzoneClusterImpl-d37e7903-a669-4a0e-ab33-190c0e948d7a/datanode-3/data/ratis/df3d7c9a-c33a-451d-8a56-47b82e5f6106/current/log_inprogress_0 to /workdir/hadoop-ozone/tools/target/test-dir/MiniOzoneClusterImpl-d37e7903-a669-4a0e-ab33-190c0e948d7a/datanode-3/data/ratis/df3d7c9a-c33a-451d-8a56-47b82e5f6106/current/log_0-7072
2019-09-11 09:07:08,614 [grpc-default-executor-4] INFO  client.GrpcClientProtocolClient (GrpcClientProtocolClient.java:onNext(264)) - client-B22ED198845A->f3174d56-9988-40ec-970b-d447ed545dfb: receive RaftClientReply:client-B22ED198845A->f3174d56-9988-40ec-970b-d447ed545dfb@group-47B82E5F6106, cid=4659, SUCCESS, logIndex=7072, commits[f3174d56-9988-40ec-970b-d447ed545dfb:c7072, 3e713ff3-0d17-449f-90fa-609b20cf4c10:c7069, 34290298-343f-405c-af97-b2d19041b010:c7069]
 0.00% |█                                                                                                    |  0/1 Time: 0:00:482019-09-11 09:07:09,481 [3e713ff3-0d17-449f-90fa-609b20cf4c10@group-47B82E5F6106-SegmentedRaftLogWorker] INFO  segmented.SegmentedRaftLogWorker (SegmentedRaftLogWorker.java:execute(569)) - 3e713ff3-0d17-449f-90fa-609b20cf4c10@group-47B82E5F6106-SegmentedRaftLogWorker: created new log segment /workdir/hadoop-ozone/tools/target/test-dir/MiniOzoneClusterImpl-d37e7903-a669-4a0e-ab33-190c0e948d7a/datanode-3/data/ratis/df3d7c9a-c33a-451d-8a56-47b82e5f6106/current/log_inprogress_7073
2019-09-11 09:07:09,481 [f3174d56-9988-40ec-970b-d447ed545dfb@group-47B82E5F6106-SegmentedRaftLogWorker] INFO  segmented.SegmentedRaftLogWorker (SegmentedRaftLogWorker.java:execute(569)) - f3174d56-9988-40ec-970b-d447ed545dfb@group-47B82E5F6106-SegmentedRaftLogWorker: created new log segment /workdir/hadoop-ozone/tools/target/test-dir/MiniOzoneClusterImpl-d37e7903-a669-4a0e-ab33-190c0e948d7a/datanode-4/data/ratis/df3d7c9a-c33a-451d-8a56-47b82e5f6106/current/log_inprogress_7073
2019-09-11 09:07:09,481 [34290298-343f-405c-af97-b2d19041b010@group-47B82E5F6106-SegmentedRaftLogWorker] INFO  segmented.SegmentedRaftLogWorker (SegmentedRaftLogWorker.java:execute(569)) - 34290298-343f-405c-af97-b2d19041b010@group-47B82E5F6106-SegmentedRaftLogWorker: created new log segment /workdir/hadoop-ozone/tools/target/test-dir/MiniOzoneClusterImpl-d37e7903-a669-4a0e-ab33-190c0e948d7a/datanode-1/data/ratis/df3d7c9a-c33a-451d-8a56-47b82e5f6106/current/log_inprogress_7073
 0.00% |█                                                                                                    |  0/1 Time: 0:00:49 0.00% |█                                                                                                    |  0/1 Time: 0:00:502019-09-11 09:07:11,583 [java.util.concurrent.ThreadPoolExecutor$Worker@77120afb[State = -1, empty queue]] WARN  server.GrpcLogAppender (GrpcLogAppender.java:timeoutAppendRequest(200)) - f3174d56-9988-40ec-970b-d447ed545dfb@group-47B82E5F6106->3e713ff3-0d17-449f-90fa-609b20cf4c10-GrpcLogAppender: appendEntries Timeout, request=f3174d56-9988-40ec-970b-d447ed545dfb->3e713ff3-0d17-449f-90fa-609b20cf4c10#7080-t1, previous=(t:1, i:7072), leaderCommit=7069, initializing? false, entries: size=1, first=(t:1, i:7073), STATEMACHINELOGENTRY, client-B22ED198845A, cid=4660
2019-09-11 09:07:11,583 [java.util.concurrent.ThreadPoolExecutor$Worker@5ccdc116[State = -1, empty queue]] WARN  server.GrpcLogAppender (GrpcLogAppender.java:timeoutAppendRequest(200)) - f3174d56-9988-40ec-970b-d447ed545dfb@group-47B82E5F6106->34290298-343f-405c-af97-b2d19041b010-GrpcLogAppender: appendEntries Timeout, request=f3174d56-9988-40ec-970b-d447ed545dfb->34290298-343f-405c-af97-b2d19041b010#7080-t1, previous=(t:1, i:7072), leaderCommit=7069, initializing? false, entries: size=1, first=(t:1, i:7073), STATEMACHINELOGENTRY, client-B22ED198845A, cid=4660
2019-09-11 09:07:11,593 [grpc-default-executor-2] WARN  server.GrpcLogAppender (GrpcLogAppender.java:onNextImpl(251)) - f3174d56-9988-40ec-970b-d447ed545dfb@group-47B82E5F6106->3e713ff3-0d17-449f-90fa-609b20cf4c10-AppendLogResponseHandler: Request not found, ignoring reply: f3174d56-9988-40ec-970b-d447ed545dfb<-3e713ff3-0d17-449f-90fa-609b20cf4c10#7080:OK,SUCCESS,nextIndex:7074,term:1,followerCommit:7072
2019-09-11 09:07:11,593 [grpc-default-executor-4] WARN  server.GrpcLogAppender (GrpcLogAppender.java:onNextImpl(251)) - f3174d56-9988-40ec-970b-d447ed545dfb@group-47B82E5F6106->34290298-343f-405c-af97-b2d19041b010-AppendLogResponseHandler: Request not found, ignoring reply: f3174d56-9988-40ec-970b-d447ed545dfb<-34290298-343f-405c-af97-b2d19041b010#7080:OK,SUCCESS,nextIndex:7074,term:1,followerCommit:7072
2019-09-11 09:07:11,599 [grpc-default-executor-4] INFO  client.GrpcClientProtocolClient (GrpcClientProtocolClient.java:onNext(264)) - client-B22ED198845A->f3174d56-9988-40ec-970b-d447ed545dfb: receive RaftClientReply:client-B22ED198845A->f3174d56-9988-40ec-970b-d447ed545dfb@group-47B82E5F6106, cid=4660, SUCCESS, logIndex=7073, commits[f3174d56-9988-40ec-970b-d447ed545dfb:c7074, 3e713ff3-0d17-449f-90fa-609b20cf4c10:c7072, 34290298-343f-405c-af97-b2d19041b010:c7072]
 0.00% |█                                                                                                    |  0/1 Time: 0:00:51 0.00% |█                                                                                                    |  0/1 Time: 0:00:52 0.00% |█                                                                                                    |  0/1 Time: 0:00:53 0.00% |█                                                                                                    |  0/1 Time: 0:00:54 0.00% |█                                                                                                    |  0/1 Time: 0:00:55 0.00% |█                                                                                                    |  0/1 Time: 0:00:562019-09-11 09:07:17,650 [grpc-default-executor-5] INFO  client.GrpcClientProtocolClient (GrpcClientProtocolClient.java:onNext(264)) - client-B22ED198845A->34290298-343f-405c-af97-b2d19041b010: receive RaftClientReply:client-B22ED198845A->34290298-343f-405c-af97-b2d19041b010@group-47B82E5F6106, cid=4660, FAILED org.apache.ratis.protocol.NotLeaderException: Server 34290298-343f-405c-af97-b2d19041b010@group-47B82E5F6106 is not the leader f3174d56-9988-40ec-970b-d447ed545dfb:192.168.5.143:44686, logIndex=0, commits[34290298-343f-405c-af97-b2d19041b010:c7074, f3174d56-9988-40ec-970b-d447ed545dfb:c7074, 3e713ff3-0d17-449f-90fa-609b20cf4c10:c7074]
 0.00% |█                                                                                                    |  0/1 Time: 0:00:572019-09-11 09:07:17,682 [grpc-default-executor-5] INFO  client.GrpcClientProtocolClient (GrpcClientProtocolClient.java:onNext(264)) - client-B22ED198845A->f3174d56-9988-40ec-970b-d447ed545dfb: receive RaftClientReply:client-B22ED198845A->f3174d56-9988-40ec-970b-d447ed545dfb@group-47B82E5F6106, cid=4660, SUCCESS, logIndex=7073, commits[f3174d56-9988-40ec-970b-d447ed545dfb:c7074, 3e713ff3-0d17-449f-90fa-609b20cf4c10:c7072, 34290298-343f-405c-af97-b2d19041b010:c7072]
2019-09-11 09:07:17,689 [grpc-default-executor-5] INFO  client.GrpcClientProtocolClient (GrpcClientProtocolClient.java:onNext(264)) - client-B22ED198845A->f3174d56-9988-40ec-970b-d447ed545dfb: receive RaftClientReply:client-B22ED198845A->f3174d56-9988-40ec-970b-d447ed545dfb@group-47B82E5F6106, cid=4661, SUCCESS, logIndex=0, commits[f3174d56-9988-40ec-970b-d447ed545dfb:c7074, 3e713ff3-0d17-449f-90fa-609b20cf4c10:c7074, 34290298-343f-405c-af97-b2d19041b010:c7074]
 0.00% |█                                                                                                    |  0/1 Time: 0:00:582019-09-11 09:07:19,554 [grpc-default-executor-2] INFO  client.GrpcClientProtocolClient (GrpcClientProtocolClient.java:onNext(264)) - client-B22ED198845A->f3174d56-9988-40ec-970b-d447ed545dfb: receive RaftClientReply:client-B22ED198845A->f3174d56-9988-40ec-970b-d447ed545dfb@group-47B82E5F6106, cid=4662, SUCCESS, logIndex=7075, commits[f3174d56-9988-40ec-970b-d447ed545dfb:c7076, 3e713ff3-0d17-449f-90fa-609b20cf4c10:c7074, 34290298-343f-405c-af97-b2d19041b010:c7074]
2019-09-11 09:07:19,555 [grpc-default-executor-2] INFO  client.GrpcClientProtocolClient (GrpcClientProtocolClient.java:onNext(264)) - client-B22ED198845A->f3174d56-9988-40ec-970b-d447ed545dfb: receive RaftClientReply:client-B22ED198845A->f3174d56-9988-40ec-970b-d447ed545dfb@group-47B82E5F6106, cid=4663, SUCCESS, logIndex=7076, commits[f3174d56-9988-40ec-970b-d447ed545dfb:c7076, 3e713ff3-0d17-449f-90fa-609b20cf4c10:c7074, 34290298-343f-405c-af97-b2d19041b010:c7074]
2019-09-11 09:07:19,566 [grpc-default-executor-2] INFO  client.GrpcClientProtocolClient (GrpcClientProtocolClient.java:onNext(264)) - client-B22ED198845A->f3174d56-9988-40ec-970b-d447ed545dfb: receive RaftClientReply:client-B22ED198845A->f3174d56-9988-40ec-970b-d447ed545dfb@group-47B82E5F6106, cid=4664, SUCCESS, logIndex=7077, commits[f3174d56-9988-40ec-970b-d447ed545dfb:c7078, 3e713ff3-0d17-449f-90fa-609b20cf4c10:c7074, 34290298-343f-405c-af97-b2d19041b010:c7074]
2019-09-11 09:07:19,567 [grpc-default-executor-2] INFO  client.GrpcClientProtocolClient (GrpcClientProtocolClient.java:onNext(264)) - client-B22ED198845A->f3174d56-9988-40ec-970b-d447ed545dfb: receive RaftClientReply:client-B22ED198845A->f3174d56-9988-40ec-970b-d447ed545dfb@group-47B82E5F6106, cid=4665, SUCCESS, logIndex=7078, commits[f3174d56-9988-40ec-970b-d447ed545dfb:c7078, 3e713ff3-0d17-449f-90fa-609b20cf4c10:c7074, 34290298-343f-405c-af97-b2d19041b010:c7074]
2019-09-11 09:07:19,568 [grpc-default-executor-2] INFO  client.GrpcClientProtocolClient (GrpcClientProtocolClient.java:onNext(264)) - client-B22ED198845A->f3174d56-9988-40ec-970b-d447ed545dfb: receive RaftClientReply:client-B22ED198845A->f3174d56-9988-40ec-970b-d447ed545dfb@group-47B82E5F6106, cid=4666, SUCCESS, logIndex=0, commits[f3174d56-9988-40ec-970b-d447ed545dfb:c7078, 3e713ff3-0d17-449f-90fa-609b20cf4c10:c7076, 34290298-343f-405c-af97-b2d19041b010:c7076]
 0.00% |█                                                                                                    |  0/1 Time: 0:00:59 0.00% |█                                                                                                    |  0/1 Time: 0:01:00 0.00% |█                                                                                                    |  0/1 Time: 0:01:012019-09-11 09:07:22,098 [grpc-default-executor-2] INFO  client.GrpcClientProtocolClient (GrpcClientProtocolClient.java:onNext(264)) - client-B22ED198845A->f3174d56-9988-40ec-970b-d447ed545dfb: receive RaftClientReply:client-B22ED198845A->f3174d56-9988-40ec-970b-d447ed545dfb@group-47B82E5F6106, cid=4667, SUCCESS, logIndex=7083, commits[f3174d56-9988-40ec-970b-d447ed545dfb:c7084, 3e713ff3-0d17-449f-90fa-609b20cf4c10:c7078, 34290298-343f-405c-af97-b2d19041b010:c7078]
2019-09-11 09:07:22,109 [grpc-default-executor-2] INFO  client.GrpcClientProtocolClient (GrpcClientProtocolClient.java:onNext(264)) - client-B22ED198845A->f3174d56-9988-40ec-970b-d447ed545dfb: receive RaftClientReply:client-B22ED198845A->f3174d56-9988-40ec-970b-d447ed545dfb@group-47B82E5F6106, cid=4668, SUCCESS, logIndex=7084, commits[f3174d56-9988-40ec-970b-d447ed545dfb:c7084, 3e713ff3-0d17-449f-90fa-609b20cf4c10:c7078, 34290298-343f-405c-af97-b2d19041b010:c7078]
 0.00% |█                                                                                                    |  0/1 Time: 0:01:022019-09-11 09:07:23,611 [grpc-default-executor-4] INFO  client.GrpcClientProtocolClient (GrpcClientProtocolClient.java:onNext(264)) - client-B22ED198845A->f3174d56-9988-40ec-970b-d447ed545dfb: receive RaftClientReply:client-B22ED198845A->f3174d56-9988-40ec-970b-d447ed545dfb@group-47B82E5F6106, cid=4669, SUCCESS, logIndex=7087, commits[f3174d56-9988-40ec-970b-d447ed545dfb:c7088, 3e713ff3-0d17-449f-90fa-609b20cf4c10:c7084, 34290298-343f-405c-af97-b2d19041b010:c7084]
2019-09-11 09:07:23,612 [grpc-default-executor-4] INFO  client.GrpcClientProtocolClient (GrpcClientProtocolClient.java:onNext(264)) - client-B22ED198845A->f3174d56-9988-40ec-970b-d447ed545dfb: receive RaftClientReply:client-B22ED198845A->f3174d56-9988-40ec-970b-d447ed545dfb@group-47B82E5F6106, cid=4670, SUCCESS, logIndex=7088, commits[f3174d56-9988-40ec-970b-d447ed545dfb:c7088, 3e713ff3-0d17-449f-90fa-609b20cf4c10:c7084, 34290298-343f-405c-af97-b2d19041b010:c7084]
 0.00% |█                                                                                                    |  0/1 Time: 0:01:032019-09-11 09:07:24,125 [grpc-default-executor-4] INFO  client.GrpcClientProtocolClient (GrpcClientProtocolClient.java:onNext(264)) - client-B22ED198845A->f3174d56-9988-40ec-970b-d447ed545dfb: receive RaftClientReply:client-B22ED198845A->f3174d56-9988-40ec-970b-d447ed545dfb@group-47B82E5F6106, cid=4671, SUCCESS, logIndex=0, commits[f3174d56-9988-40ec-970b-d447ed545dfb:c7089, 3e713ff3-0d17-449f-90fa-609b20cf4c10:c7088, 34290298-343f-405c-af97-b2d19041b010:c7088]
 0.00% |█                                                                                                    |  0/1 Time: 0:01:042019-09-11 09:07:24,732 [grpc-default-executor-5] INFO  client.GrpcClientProtocolClient (GrpcClientProtocolClient.java:onNext(264)) - client-B22ED198845A->f3174d56-9988-40ec-970b-d447ed545dfb: receive RaftClientReply:client-B22ED198845A->f3174d56-9988-40ec-970b-d447ed545dfb@group-47B82E5F6106, cid=4672, SUCCESS, logIndex=7091, commits[f3174d56-9988-40ec-970b-d447ed545dfb:c7094, 3e713ff3-0d17-449f-90fa-609b20cf4c10:c7088, 34290298-343f-405c-af97-b2d19041b010:c7089]
2019-09-11 09:07:24,733 [grpc-default-executor-5] INFO  client.GrpcClientProtocolClient (GrpcClientProtocolClient.java:onNext(264)) - client-B22ED198845A->f3174d56-9988-40ec-970b-d447ed545dfb: receive RaftClientReply:client-B22ED198845A->f3174d56-9988-40ec-970b-d447ed545dfb@group-47B82E5F6106, cid=4673, SUCCESS, logIndex=7092, commits[f3174d56-9988-40ec-970b-d447ed545dfb:c7094, 3e713ff3-0d17-449f-90fa-609b20cf4c10:c7088, 34290298-343f-405c-af97-b2d19041b010:c7089]
2019-09-11 09:07:24,734 [grpc-default-executor-5] INFO  client.GrpcClientProtocolClient (GrpcClientProtocolClient.java:onNext(264)) - client-B22ED198845A->f3174d56-9988-40ec-970b-d447ed545dfb: receive RaftClientReply:client-B22ED198845A->f3174d56-9988-40ec-970b-d447ed545dfb@group-47B82E5F6106, cid=4674, SUCCESS, logIndex=7093, commits[f3174d56-9988-40ec-970b-d447ed545dfb:c7094, 3e713ff3-0d17-449f-90fa-609b20cf4c10:c7088, 34290298-343f-405c-af97-b2d19041b010:c7089]
2019-09-11 09:07:24,734 [grpc-default-executor-5] INFO  client.GrpcClientProtocolClient (GrpcClientProtocolClient.java:onNext(264)) - client-B22ED198845A->f3174d56-9988-40ec-970b-d447ed545dfb: receive RaftClientReply:client-B22ED198845A->f3174d56-9988-40ec-970b-d447ed545dfb@group-47B82E5F6106, cid=4675, SUCCESS, logIndex=7094, commits[f3174d56-9988-40ec-970b-d447ed545dfb:c7094, 3e713ff3-0d17-449f-90fa-609b20cf4c10:c7088, 34290298-343f-405c-af97-b2d19041b010:c7089]
 0.00% |█                                                                                                    |  0/1 Time: 0:01:05 0.00% |█                                                                                                    |  0/1 Time: 0:01:062019-09-11 09:07:27,171 [java.util.concurrent.ThreadPoolExecutor$Worker@77120afb[State = -1, empty queue]] WARN  server.GrpcLogAppender (GrpcLogAppender.java:timeoutAppendRequest(200)) - f3174d56-9988-40ec-970b-d447ed545dfb@group-47B82E5F6106->3e713ff3-0d17-449f-90fa-609b20cf4c10-GrpcLogAppender: appendEntries Timeout, request=f3174d56-9988-40ec-970b-d447ed545dfb->3e713ff3-0d17-449f-90fa-609b20cf4c10#7101-t1, previous=(t:1, i:7090), leaderCommit=7089, initializing? false, entries: size=1, first=(t:1, i:7091), STATEMACHINELOGENTRY, client-B22ED198845A, cid=4672
2019-09-11 09:07:27,172 [java.util.concurrent.ThreadPoolExecutor$Worker@77120afb[State = -1, empty queue]] WARN  server.GrpcLogAppender (GrpcLogAppender.java:timeoutAppendRequest(200)) - f3174d56-9988-40ec-970b-d447ed545dfb@group-47B82E5F6106->3e713ff3-0d17-449f-90fa-609b20cf4c10-GrpcLogAppender: appendEntries Timeout, request=f3174d56-9988-40ec-970b-d447ed545dfb->3e713ff3-0d17-449f-90fa-609b20cf4c10#7102-t1, previous=(t:1, i:7091), leaderCommit=7089, initializing? false, entries: size=1, first=(t:1, i:7092), STATEMACHINELOGENTRY, client-B22ED198845A, cid=4673
2019-09-11 09:07:27,175 [java.util.concurrent.ThreadPoolExecutor$Worker@77120afb[State = -1, empty queue]] WARN  server.GrpcLogAppender (GrpcLogAppender.java:timeoutAppendRequest(200)) - f3174d56-9988-40ec-970b-d447ed545dfb@group-47B82E5F6106->3e713ff3-0d17-449f-90fa-609b20cf4c10-GrpcLogAppender: appendEntries Timeout, request=f3174d56-9988-40ec-970b-d447ed545dfb->3e713ff3-0d17-449f-90fa-609b20cf4c10#7103-t1, previous=(t:1, i:7092), leaderCommit=7089, initializing? false, entries: size=1, first=(t:1, i:7093), STATEMACHINELOGENTRY, client-B22ED198845A, cid=4674
2019-09-11 09:07:27,175 [java.util.concurrent.ThreadPoolExecutor$Worker@77120afb[State = -1, empty queue]] WARN  server.GrpcLogAppender (GrpcLogAppender.java:timeoutAppendRequest(200)) - f3174d56-9988-40ec-970b-d447ed545dfb@group-47B82E5F6106->3e713ff3-0d17-449f-90fa-609b20cf4c10-GrpcLogAppender: appendEntries Timeout, request=f3174d56-9988-40ec-970b-d447ed545dfb->3e713ff3-0d17-449f-90fa-609b20cf4c10#7104-t1, previous=(t:1, i:7093), leaderCommit=7089, initializing? false, entries: size=1, first=(t:1, i:7094), STATEMACHINELOGENTRY, client-B22ED198845A, cid=4675
2019-09-11 09:07:27,257 [grpc-default-executor-4] WARN  server.GrpcLogAppender (GrpcLogAppender.java:onNextImpl(251)) - f3174d56-9988-40ec-970b-d447ed545dfb@group-47B82E5F6106->3e713ff3-0d17-449f-90fa-609b20cf4c10-AppendLogResponseHandler: Request not found, ignoring reply: f3174d56-9988-40ec-970b-d447ed545dfb<-3e713ff3-0d17-449f-90fa-609b20cf4c10#7101:OK,SUCCESS,nextIndex:7092,term:1,followerCommit:7090
2019-09-11 09:07:27,263 [grpc-default-executor-4] WARN  server.GrpcLogAppender (GrpcLogAppender.java:onNextImpl(251)) - f3174d56-9988-40ec-970b-d447ed545dfb@group-47B82E5F6106->3e713ff3-0d17-449f-90fa-609b20cf4c10-AppendLogResponseHandler: Request not found, ignoring reply: f3174d56-9988-40ec-970b-d447ed545dfb<-3e713ff3-0d17-449f-90fa-609b20cf4c10#7102:OK,SUCCESS,nextIndex:7093,term:1,followerCommit:7090
2019-09-11 09:07:27,264 [grpc-default-executor-4] WARN  server.GrpcLogAppender (GrpcLogAppender.java:onNextImpl(251)) - f3174d56-9988-40ec-970b-d447ed545dfb@group-47B82E5F6106->3e713ff3-0d17-449f-90fa-609b20cf4c10-AppendLogResponseHandler: Request not found, ignoring reply: f3174d56-9988-40ec-970b-d447ed545dfb<-3e713ff3-0d17-449f-90fa-609b20cf4c10#7103:OK,SUCCESS,nextIndex:7094,term:1,followerCommit:7090
2019-09-11 09:07:27,264 [grpc-default-executor-4] WARN  server.GrpcLogAppender (GrpcLogAppender.java:onNextImpl(251)) - f3174d56-9988-40ec-970b-d447ed545dfb@group-47B82E5F6106->3e713ff3-0d17-449f-90fa-609b20cf4c10-AppendLogResponseHandler: Request not found, ignoring reply: f3174d56-9988-40ec-970b-d447ed545dfb<-3e713ff3-0d17-449f-90fa-609b20cf4c10#7104:OK,SUCCESS,nextIndex:7095,term:1,followerCommit:7090
 0.00% |█                                                                                                    |  0/1 Time: 0:01:072019-09-11 09:07:27,731 [java.util.concurrent.ThreadPoolExecutor$Worker@5ccdc116[State = -1, empty queue]] WARN  server.GrpcLogAppender (GrpcLogAppender.java:timeoutAppendRequest(200)) - f3174d56-9988-40ec-970b-d447ed545dfb@group-47B82E5F6106->34290298-343f-405c-af97-b2d19041b010-GrpcLogAppender: appendEntries Timeout, request=f3174d56-9988-40ec-970b-d447ed545dfb->34290298-343f-405c-af97-b2d19041b010#7106-t1, previous=(t:1, i:7095), leaderCommit=7093, initializing? false, entries: size=1, first=(t:1, i:7096), METADATAENTRY(c7093)
2019-09-11 09:07:27,731 [java.util.concurrent.ThreadPoolExecutor$Worker@77120afb[State = -1, empty queue]] WARN  server.GrpcLogAppender (GrpcLogAppender.java:timeoutAppendRequest(200)) - f3174d56-9988-40ec-970b-d447ed545dfb@group-47B82E5F6106->3e713ff3-0d17-449f-90fa-609b20cf4c10-GrpcLogAppender: appendEntries Timeout, request=f3174d56-9988-40ec-970b-d447ed545dfb->3e713ff3-0d17-449f-90fa-609b20cf4c10#7105-t1, previous=(t:1, i:7094), leaderCommit=7093, initializing? false, entries: size=1, first=(t:1, i:7095), METADATAENTRY(c7091)
2019-09-11 09:07:27,734 [java.util.concurrent.ThreadPoolExecutor$Worker@5ccdc116[State = -1, empty queue]] WARN  server.GrpcLogAppender (GrpcLogAppender.java:timeoutAppendRequest(200)) - f3174d56-9988-40ec-970b-d447ed545dfb@group-47B82E5F6106->34290298-343f-405c-af97-b2d19041b010-GrpcLogAppender: appendEntries Timeout, request=f3174d56-9988-40ec-970b-d447ed545dfb->34290298-343f-405c-af97-b2d19041b010#7107-t1, previous=(t:1, i:7096), leaderCommit=7094, initializing? false, entries: size=1, first=(t:1, i:7097), METADATAENTRY(c7094)
2019-09-11 09:07:27,736 [java.util.concurrent.ThreadPoolExecutor$Worker@77120afb[State = -1, empty queue]] WARN  server.GrpcLogAppender (GrpcLogAppender.java:timeoutAppendRequest(200)) - f3174d56-9988-40ec-970b-d447ed545dfb@group-47B82E5F6106->3e713ff3-0d17-449f-90fa-609b20cf4c10-GrpcLogAppender: appendEntries Timeout, request=f3174d56-9988-40ec-970b-d447ed545dfb->3e713ff3-0d17-449f-90fa-609b20cf4c10#7106-t1, previous=(t:1, i:7095), leaderCommit=7094, initializing? false, entries: size=1, first=(t:1, i:7096), METADATAENTRY(c7093)
2019-09-11 09:07:27,738 [java.util.concurrent.ThreadPoolExecutor$Worker@77120afb[State = -1, empty queue]] WARN  server.GrpcLogAppender (GrpcLogAppender.java:timeoutAppendRequest(200)) - f3174d56-9988-40ec-970b-d447ed545dfb@group-47B82E5F6106->3e713ff3-0d17-449f-90fa-609b20cf4c10-GrpcLogAppender: appendEntries Timeout, request=f3174d56-9988-40ec-970b-d447ed545dfb->3e713ff3-0d17-449f-90fa-609b20cf4c10#7107-t1, previous=(t:1, i:7096), leaderCommit=7094, initializing? false, entries: size=1, first=(t:1, i:7097), METADATAENTRY(c7094)
2019-09-11 09:07:28,292 [grpc-default-executor-4] WARN  server.GrpcLogAppender (GrpcLogAppender.java:onNextImpl(251)) - f3174d56-9988-40ec-970b-d447ed545dfb@group-47B82E5F6106->34290298-343f-405c-af97-b2d19041b010-AppendLogResponseHandler: Request not found, ignoring reply: f3174d56-9988-40ec-970b-d447ed545dfb<-34290298-343f-405c-af97-b2d19041b010#7106:OK,SUCCESS,nextIndex:7097,term:1,followerCommit:7094
2019-09-11 09:07:28,292 [grpc-default-executor-5] WARN  server.GrpcLogAppender (GrpcLogAppender.java:onNextImpl(251)) - f3174d56-9988-40ec-970b-d447ed545dfb@group-47B82E5F6106->3e713ff3-0d17-449f-90fa-609b20cf4c10-AppendLogResponseHandler: Request not found, ignoring reply: f3174d56-9988-40ec-970b-d447ed545dfb<-3e713ff3-0d17-449f-90fa-609b20cf4c10#7105:OK,SUCCESS,nextIndex:7096,term:1,followerCommit:7093
2019-09-11 09:07:28,299 [grpc-default-executor-4] WARN  server.GrpcLogAppender (GrpcLogAppender.java:onNextImpl(251)) - f3174d56-9988-40ec-970b-d447ed545dfb@group-47B82E5F6106->34290298-343f-405c-af97-b2d19041b010-AppendLogResponseHandler: Request not found, ignoring reply: f3174d56-9988-40ec-970b-d447ed545dfb<-34290298-343f-405c-af97-b2d19041b010#7107:OK,SUCCESS,nextIndex:7098,term:1,followerCommit:7094
2019-09-11 09:07:28,300 [grpc-default-executor-5] WARN  server.GrpcLogAppender (GrpcLogAppender.java:onNextImpl(251)) - f3174d56-9988-40ec-970b-d447ed545dfb@group-47B82E5F6106->3e713ff3-0d17-449f-90fa-609b20cf4c10-AppendLogResponseHandler: Request not found, ignoring reply: f3174d56-9988-40ec-970b-d447ed545dfb<-3e713ff3-0d17-449f-90fa-609b20cf4c10#7106:OK,SUCCESS,nextIndex:7097,term:1,followerCommit:7094
2019-09-11 09:07:28,300 [grpc-default-executor-5] WARN  server.GrpcLogAppender (GrpcLogAppender.java:onNextImpl(251)) - f3174d56-9988-40ec-970b-d447ed545dfb@group-47B82E5F6106->3e713ff3-0d17-449f-90fa-609b20cf4c10-AppendLogResponseHandler: Request not found, ignoring reply: f3174d56-9988-40ec-970b-d447ed545dfb<-3e713ff3-0d17-449f-90fa-609b20cf4c10#7107:OK,SUCCESS,nextIndex:7098,term:1,followerCommit:7094
 0.00% |█                                                                                                    |  0/1 Time: 0:01:08 0.00% |█                                                                                                    |  0/1 Time: 0:01:092019-09-11 09:07:29,738 [pool-277-thread-1] WARN  scm.XceiverClientRatis (XceiverClientRatis.java:watchForCommit(262)) - 3 way commit failed on pipeline Pipeline[ Id: df3d7c9a-c33a-451d-8a56-47b82e5f6106, Nodes: 3e713ff3-0d17-449f-90fa-609b20cf4c10{ip: 192.168.5.143, host: pr-hdds-1786-trunk-klbfp-3319181915, networkLocation: /default-rack, certSerialId: null}34290298-343f-405c-af97-b2d19041b010{ip: 192.168.5.143, host: pr-hdds-1786-trunk-klbfp-3319181915, networkLocation: /default-rack, certSerialId: null}f3174d56-9988-40ec-970b-d447ed545dfb{ip: 192.168.5.143, host: pr-hdds-1786-trunk-klbfp-3319181915, networkLocation: /default-rack, certSerialId: null}, Type:RATIS, Factor:THREE, State:OPEN]
java.util.concurrent.TimeoutException
	at java.util.concurrent.CompletableFuture.timedGet(CompletableFuture.java:1771)
	at java.util.concurrent.CompletableFuture.get(CompletableFuture.java:1915)
	at org.apache.hadoop.hdds.scm.XceiverClientRatis.watchForCommit(XceiverClientRatis.java:259)
	at org.apache.hadoop.hdds.scm.storage.CommitWatcher.watchForCommit(CommitWatcher.java:194)
	at org.apache.hadoop.hdds.scm.storage.CommitWatcher.watchOnFirstIndex(CommitWatcher.java:135)
	at org.apache.hadoop.hdds.scm.storage.BlockOutputStream.watchForCommit(BlockOutputStream.java:347)
	at org.apache.hadoop.hdds.scm.storage.BlockOutputStream.handleFullBuffer(BlockOutputStream.java:324)
	at org.apache.hadoop.hdds.scm.storage.BlockOutputStream.write(BlockOutputStream.java:251)
	at org.apache.hadoop.ozone.client.io.BlockOutputStreamEntry.write(BlockOutputStreamEntry.java:129)
	at org.apache.hadoop.ozone.client.io.KeyOutputStream.handleWrite(KeyOutputStream.java:211)
	at org.apache.hadoop.ozone.client.io.KeyOutputStream.write(KeyOutputStream.java:193)
	at org.apache.hadoop.ozone.client.io.OzoneOutputStream.write(OzoneOutputStream.java:49)
	at org.apache.hadoop.ozone.freon.RandomKeyGenerator.createKey(RandomKeyGenerator.java:708)
	at org.apache.hadoop.ozone.freon.RandomKeyGenerator.access$1100(RandomKeyGenerator.java:88)
	at org.apache.hadoop.ozone.freon.RandomKeyGenerator$ObjectCreator.run(RandomKeyGenerator.java:615)
	at java.util.concurrent.Executors$RunnableAdapter.call(Executors.java:511)
	at java.util.concurrent.FutureTask.run(FutureTask.java:266)
	at java.util.concurrent.ThreadPoolExecutor.runWorker(ThreadPoolExecutor.java:1149)
	at java.util.concurrent.ThreadPoolExecutor$Worker.run(ThreadPoolExecutor.java:624)
	at java.lang.Thread.run(Thread.java:748)
2019-09-11 09:07:29,749 [grpc-default-executor-5] INFO  client.GrpcClientProtocolClient (GrpcClientProtocolClient.java:onNext(264)) - client-B22ED198845A->f3174d56-9988-40ec-970b-d447ed545dfb: receive RaftClientReply:client-B22ED198845A->f3174d56-9988-40ec-970b-d447ed545dfb@group-47B82E5F6106, cid=4677, SUCCESS, logIndex=0, commits[f3174d56-9988-40ec-970b-d447ed545dfb:c7097, 3e713ff3-0d17-449f-90fa-609b20cf4c10:c7090, 34290298-343f-405c-af97-b2d19041b010:c7094]
2019-09-11 09:07:29,753 [pool-277-thread-1] INFO  scm.XceiverClientRatis (XceiverClientRatis.java:lambda$watchForCommit$7(280)) - Could not commit index 7092 on pipeline Pipeline[ Id: df3d7c9a-c33a-451d-8a56-47b82e5f6106, Nodes: 3e713ff3-0d17-449f-90fa-609b20cf4c10{ip: 192.168.5.143, host: pr-hdds-1786-trunk-klbfp-3319181915, networkLocation: /default-rack, certSerialId: null}34290298-343f-405c-af97-b2d19041b010{ip: 192.168.5.143, host: pr-hdds-1786-trunk-klbfp-3319181915, networkLocation: /default-rack, certSerialId: null}f3174d56-9988-40ec-970b-d447ed545dfb{ip: 192.168.5.143, host: pr-hdds-1786-trunk-klbfp-3319181915, networkLocation: /default-rack, certSerialId: null}, Type:RATIS, Factor:THREE, State:OPEN] to all the nodes. Server 3e713ff3-0d17-449f-90fa-609b20cf4c10 has failed. Committed by majority.
2019-09-11 09:07:29,755 [pool-277-thread-1] WARN  storage.BlockOutputStream (BlockOutputStream.java:watchForCommit(353)) - Failed to commit BlockId conID: 1 locID: 102773086232904491 bcsId: 7094 on Pipeline[ Id: df3d7c9a-c33a-451d-8a56-47b82e5f6106, Nodes: 3e713ff3-0d17-449f-90fa-609b20cf4c10{ip: 192.168.5.143, host: pr-hdds-1786-trunk-klbfp-3319181915, networkLocation: /default-rack, certSerialId: null}34290298-343f-405c-af97-b2d19041b010{ip: 192.168.5.143, host: pr-hdds-1786-trunk-klbfp-3319181915, networkLocation: /default-rack, certSerialId: null}f3174d56-9988-40ec-970b-d447ed545dfb{ip: 192.168.5.143, host: pr-hdds-1786-trunk-klbfp-3319181915, networkLocation: /default-rack, certSerialId: null}, Type:RATIS, Factor:THREE, State:OPEN]. Failed nodes: [3e713ff3-0d17-449f-90fa-609b20cf4c10{ip: null, host: null, networkLocation: /default-rack, certSerialId: null}]
2019-09-11 09:07:30,398 [grpc-default-executor-5] INFO  client.GrpcClientProtocolClient (GrpcClientProtocolClient.java:onNext(264)) - client-B22ED198845A->f3174d56-9988-40ec-970b-d447ed545dfb: receive RaftClientReply:client-B22ED198845A->f3174d56-9988-40ec-970b-d447ed545dfb@group-47B82E5F6106, cid=4676, SUCCESS, logIndex=0, commits[f3174d56-9988-40ec-970b-d447ed545dfb:c7097, 3e713ff3-0d17-449f-90fa-609b20cf4c10:c7097, 34290298-343f-405c-af97-b2d19041b010:c7097]
2019-09-11 09:07:30,414 [grpc-default-executor-5] INFO  client.GrpcClientProtocolClient (GrpcClientProtocolClient.java:onNext(264)) - client-B22ED198845A->f3174d56-9988-40ec-970b-d447ed545dfb: receive RaftClientReply:client-B22ED198845A->f3174d56-9988-40ec-970b-d447ed545dfb@group-47B82E5F6106, cid=4676, SUCCESS, logIndex=0, commits[f3174d56-9988-40ec-970b-d447ed545dfb:c7097, 3e713ff3-0d17-449f-90fa-609b20cf4c10:c7097, 34290298-343f-405c-af97-b2d19041b010:c7097]
2019-09-11 09:07:30,416 [grpc-default-executor-5] INFO  client.GrpcClientProtocolClient (GrpcClientProtocolClient.java:onNext(264)) - client-B22ED198845A->f3174d56-9988-40ec-970b-d447ed545dfb: receive RaftClientReply:client-B22ED198845A->f3174d56-9988-40ec-970b-d447ed545dfb@group-47B82E5F6106, cid=4678, SUCCESS, logIndex=7098, commits[f3174d56-9988-40ec-970b-d447ed545dfb:c7099, 3e713ff3-0d17-449f-90fa-609b20cf4c10:c7097, 34290298-343f-405c-af97-b2d19041b010:c7097]
2019-09-11 09:07:30,416 [grpc-default-executor-5] INFO  client.GrpcClientProtocolClient (GrpcClientProtocolClient.java:onNext(264)) - client-B22ED198845A->f3174d56-9988-40ec-970b-d447ed545dfb: receive RaftClientReply:client-B22ED198845A->f3174d56-9988-40ec-970b-d447ed545dfb@group-47B82E5F6106, cid=4679, SUCCESS, logIndex=7099, commits[f3174d56-9988-40ec-970b-d447ed545dfb:c7099, 3e713ff3-0d17-449f-90fa-609b20cf4c10:c7097, 34290298-343f-405c-af97-b2d19041b010:c7097]
 0.00% |█                                                                                                    |  0/1 Time: 0:01:10 0.00% |█                                                                                                    |  0/1 Time: 0:01:11 0.00% |█                                                                                                    |  0/1 Time: 0:01:122019-09-11 09:07:33,398 [java.util.concurrent.ThreadPoolExecutor$Worker@77120afb[State = -1, empty queue]] WARN  server.GrpcLogAppender (GrpcLogAppender.java:timeoutAppendRequest(200)) - f3174d56-9988-40ec-970b-d447ed545dfb@group-47B82E5F6106->3e713ff3-0d17-449f-90fa-609b20cf4c10-GrpcLogAppender: appendEntries Timeout, request=f3174d56-9988-40ec-970b-d447ed545dfb->3e713ff3-0d17-449f-90fa-609b20cf4c10#7112-t1, previous=(t:1, i:7100), leaderCommit=7099, initializing? false, entries: size=1, first=(t:1, i:7101), METADATAENTRY(c7099)
2019-09-11 09:07:33,398 [java.util.concurrent.ThreadPoolExecutor$Worker@5ccdc116[State = -1, empty queue]] WARN  server.GrpcLogAppender (GrpcLogAppender.java:timeoutAppendRequest(200)) - f3174d56-9988-40ec-970b-d447ed545dfb@group-47B82E5F6106->34290298-343f-405c-af97-b2d19041b010-GrpcLogAppender: appendEntries Timeout, request=f3174d56-9988-40ec-970b-d447ed545dfb->34290298-343f-405c-af97-b2d19041b010#7112-t1, previous=(t:1, i:7100), leaderCommit=7099, initializing? false, entries: size=1, first=(t:1, i:7101), METADATAENTRY(c7099)
2019-09-11 09:07:33,425 [java.util.concurrent.ThreadPoolExecutor$Worker@77120afb[State = -1, empty queue]] WARN  server.GrpcLogAppender (GrpcLogAppender.java:timeoutAppendRequest(200)) - f3174d56-9988-40ec-970b-d447ed545dfb@group-47B82E5F6106->3e713ff3-0d17-449f-90fa-609b20cf4c10-GrpcLogAppender: appendEntries Timeout, request=f3174d56-9988-40ec-970b-d447ed545dfb->3e713ff3-0d17-449f-90fa-609b20cf4c10#7113-t1, previous=(t:1, i:7101), leaderCommit=7099, initializing? false, entries: size=1, first=(t:1, i:7102), STATEMACHINELOGENTRY, client-B22ED198845A, cid=4680
2019-09-11 09:07:33,425 [java.util.concurrent.ThreadPoolExecutor$Worker@5ccdc116[State = -1, empty queue]] WARN  server.GrpcLogAppender (GrpcLogAppender.java:timeoutAppendRequest(200)) - f3174d56-9988-40ec-970b-d447ed545dfb@group-47B82E5F6106->34290298-343f-405c-af97-b2d19041b010-GrpcLogAppender: appendEntries Timeout, request=f3174d56-9988-40ec-970b-d447ed545dfb->34290298-343f-405c-af97-b2d19041b010#7113-t1, previous=(t:1, i:7101), leaderCommit=7099, initializing? false, entries: size=1, first=(t:1, i:7102), STATEMACHINELOGENTRY, client-B22ED198845A, cid=4680
2019-09-11 09:07:33,429 [java.util.concurrent.ThreadPoolExecutor$Worker@77120afb[State = -1, empty queue]] WARN  server.GrpcLogAppender (GrpcLogAppender.java:timeoutAppendRequest(200)) - f3174d56-9988-40ec-970b-d447ed545dfb@group-47B82E5F6106->3e713ff3-0d17-449f-90fa-609b20cf4c10-GrpcLogAppender: appendEntries Timeout, request=f3174d56-9988-40ec-970b-d447ed545dfb->3e713ff3-0d17-449f-90fa-609b20cf4c10#7114-t1, previous=(t:1, i:7102), leaderCommit=7099, initializing? false, entries: size=1, first=(t:1, i:7103), STATEMACHINELOGENTRY, client-B22ED198845A, cid=4681
2019-09-11 09:07:33,432 [java.util.concurrent.ThreadPoolExecutor$Worker@5ccdc116[State = -1, empty queue]] WARN  server.GrpcLogAppender (GrpcLogAppender.java:timeoutAppendRequest(200)) - f3174d56-9988-40ec-970b-d447ed545dfb@group-47B82E5F6106->34290298-343f-405c-af97-b2d19041b010-GrpcLogAppender: appendEntries Timeout, request=f3174d56-9988-40ec-970b-d447ed545dfb->34290298-343f-405c-af97-b2d19041b010#7114-t1, previous=(t:1, i:7102), leaderCommit=7099, initializing? false, entries: size=1, first=(t:1, i:7103), STATEMACHINELOGENTRY, client-B22ED198845A, cid=4681
2019-09-11 09:07:33,651 [grpc-default-executor-5] WARN  server.GrpcLogAppender (GrpcLogAppender.java:onNextImpl(251)) - f3174d56-9988-40ec-970b-d447ed545dfb@group-47B82E5F6106->34290298-343f-405c-af97-b2d19041b010-AppendLogResponseHandler: Request not found, ignoring reply: f3174d56-9988-40ec-970b-d447ed545dfb<-34290298-343f-405c-af97-b2d19041b010#7112:OK,SUCCESS,nextIndex:7102,term:1,followerCommit:7099
2019-09-11 09:07:33,651 [grpc-default-executor-2] WARN  server.GrpcLogAppender (GrpcLogAppender.java:onNextImpl(251)) - f3174d56-9988-40ec-970b-d447ed545dfb@group-47B82E5F6106->3e713ff3-0d17-449f-90fa-609b20cf4c10-AppendLogResponseHandler: Request not found, ignoring reply: f3174d56-9988-40ec-970b-d447ed545dfb<-3e713ff3-0d17-449f-90fa-609b20cf4c10#7112:OK,SUCCESS,nextIndex:7102,term:1,followerCommit:7099
2019-09-11 09:07:33,656 [grpc-default-executor-5] WARN  server.GrpcLogAppender (GrpcLogAppender.java:onNextImpl(251)) - f3174d56-9988-40ec-970b-d447ed545dfb@group-47B82E5F6106->34290298-343f-405c-af97-b2d19041b010-AppendLogResponseHandler: Request not found, ignoring reply: f3174d56-9988-40ec-970b-d447ed545dfb<-34290298-343f-405c-af97-b2d19041b010#7113:OK,SUCCESS,nextIndex:7103,term:1,followerCommit:7099
2019-09-11 09:07:33,656 [grpc-default-executor-2] WARN  server.GrpcLogAppender (GrpcLogAppender.java:onNextImpl(251)) - f3174d56-9988-40ec-970b-d447ed545dfb@group-47B82E5F6106->3e713ff3-0d17-449f-90fa-609b20cf4c10-AppendLogResponseHandler: Request not found, ignoring reply: f3174d56-9988-40ec-970b-d447ed545dfb<-3e713ff3-0d17-449f-90fa-609b20cf4c10#7113:OK,SUCCESS,nextIndex:7103,term:1,followerCommit:7099
2019-09-11 09:07:33,657 [grpc-default-executor-5] WARN  server.GrpcLogAppender (GrpcLogAppender.java:onNextImpl(251)) - f3174d56-9988-40ec-970b-d447ed545dfb@group-47B82E5F6106->34290298-343f-405c-af97-b2d19041b010-AppendLogResponseHandler: Request not found, ignoring reply: f3174d56-9988-40ec-970b-d447ed545dfb<-34290298-343f-405c-af97-b2d19041b010#7114:OK,SUCCESS,nextIndex:7104,term:1,followerCommit:7099
2019-09-11 09:07:33,657 [grpc-default-executor-2] WARN  server.GrpcLogAppender (GrpcLogAppender.java:onNextImpl(251)) - f3174d56-9988-40ec-970b-d447ed545dfb@group-47B82E5F6106->3e713ff3-0d17-449f-90fa-609b20cf4c10-AppendLogResponseHandler: Request not found, ignoring reply: f3174d56-9988-40ec-970b-d447ed545dfb<-3e713ff3-0d17-449f-90fa-609b20cf4c10#7114:OK,SUCCESS,nextIndex:7104,term:1,followerCommit:7099
 0.00% |█                                                                                                    |  0/1 Time: 0:01:13 0.00% |█                                                                                                    |  0/1 Time: 0:01:142019-09-11 09:07:35,468 [grpc-default-executor-2] INFO  client.GrpcClientProtocolClient (GrpcClientProtocolClient.java:onNext(264)) - client-B22ED198845A->3e713ff3-0d17-449f-90fa-609b20cf4c10: receive RaftClientReply:client-B22ED198845A->3e713ff3-0d17-449f-90fa-609b20cf4c10@group-47B82E5F6106, cid=4680, FAILED org.apache.ratis.protocol.NotLeaderException: Server 3e713ff3-0d17-449f-90fa-609b20cf4c10@group-47B82E5F6106 is not the leader f3174d56-9988-40ec-970b-d447ed545dfb:192.168.5.143:44686, logIndex=0, commits[3e713ff3-0d17-449f-90fa-609b20cf4c10:c7099, f3174d56-9988-40ec-970b-d447ed545dfb:c7099, 34290298-343f-405c-af97-b2d19041b010:c7097]
 0.00% |█                                                                                                    |  0/1 Time: 0:01:152019-09-11 09:07:36,168 [grpc-default-executor-2] INFO  client.GrpcClientProtocolClient (GrpcClientProtocolClient.java:onNext(264)) - client-B22ED198845A->f3174d56-9988-40ec-970b-d447ed545dfb: receive RaftClientReply:client-B22ED198845A->f3174d56-9988-40ec-970b-d447ed545dfb@group-47B82E5F6106, cid=4680, SUCCESS, logIndex=7102, commits[f3174d56-9988-40ec-970b-d447ed545dfb:c7103, 3e713ff3-0d17-449f-90fa-609b20cf4c10:c7100, 34290298-343f-405c-af97-b2d19041b010:c7100]
2019-09-11 09:07:36,178 [grpc-default-executor-5] INFO  client.GrpcClientProtocolClient (GrpcClientProtocolClient.java:onNext(264)) - client-B22ED198845A->f3174d56-9988-40ec-970b-d447ed545dfb: receive RaftClientReply:client-B22ED198845A->f3174d56-9988-40ec-970b-d447ed545dfb@group-47B82E5F6106, cid=4681, SUCCESS, logIndex=7103, commits[f3174d56-9988-40ec-970b-d447ed545dfb:c7103, 3e713ff3-0d17-449f-90fa-609b20cf4c10:c7100, 34290298-343f-405c-af97-b2d19041b010:c7100]
2019-09-11 09:07:36,185 [grpc-default-executor-5] INFO  client.GrpcClientProtocolClient (GrpcClientProtocolClient.java:onNext(264)) - client-B22ED198845A->f3174d56-9988-40ec-970b-d447ed545dfb: receive RaftClientReply:client-B22ED198845A->f3174d56-9988-40ec-970b-d447ed545dfb@group-47B82E5F6106, cid=4682, SUCCESS, logIndex=0, commits[f3174d56-9988-40ec-970b-d447ed545dfb:c7104, 3e713ff3-0d17-449f-90fa-609b20cf4c10:c7103, 34290298-343f-405c-af97-b2d19041b010:c7103]
2019-09-11 09:07:36,215 [IPC Server handler 5 on 43102] WARN  block.BlockManagerImpl (BlockManagerImpl.java:allocateBlock(192)) - Pipeline creation failed for type:RATIS factor:THREE. Retrying get pipelines call once.
org.apache.hadoop.hdds.scm.pipeline.InsufficientDatanodesException: Cannot create pipeline of factor 3 using 2 nodes.
	at org.apache.hadoop.hdds.scm.pipeline.RatisPipelineProvider.create(RatisPipelineProvider.java:152)
	at org.apache.hadoop.hdds.scm.pipeline.PipelineFactory.create(PipelineFactory.java:57)
	at org.apache.hadoop.hdds.scm.pipeline.SCMPipelineManager.createPipeline(SCMPipelineManager.java:151)
	at org.apache.hadoop.hdds.scm.block.BlockManagerImpl.allocateBlock(BlockManagerImpl.java:190)
	at org.apache.hadoop.hdds.scm.server.SCMBlockProtocolServer.allocateBlock(SCMBlockProtocolServer.java:182)
	at org.apache.hadoop.ozone.protocolPB.ScmBlockLocationProtocolServerSideTranslatorPB.allocateScmBlock(ScmBlockLocationProtocolServerSideTranslatorPB.java:183)
	at org.apache.hadoop.ozone.protocolPB.ScmBlockLocationProtocolServerSideTranslatorPB.processMessage(ScmBlockLocationProtocolServerSideTranslatorPB.java:141)
	at org.apache.hadoop.ozone.protocolPB.ScmBlockLocationProtocolServerSideTranslatorPB.send(ScmBlockLocationProtocolServerSideTranslatorPB.java:116)
	at org.apache.hadoop.hdds.protocol.proto.ScmBlockLocationProtocolProtos$ScmBlockLocationProtocolService$2.callBlockingMethod(ScmBlockLocationProtocolProtos.java:13157)
	at org.apache.hadoop.ipc.ProtobufRpcEngine$Server$ProtoBufRpcInvoker.call(ProtobufRpcEngine.java:524)
	at org.apache.hadoop.ipc.RPC$Server.call(RPC.java:1025)
	at org.apache.hadoop.ipc.Server$RpcCall.run(Server.java:876)
	at org.apache.hadoop.ipc.Server$RpcCall.run(Server.java:822)
	at java.security.AccessController.doPrivileged(Native Method)
	at javax.security.auth.Subject.doAs(Subject.java:422)
	at org.apache.hadoop.security.UserGroupInformation.doAs(UserGroupInformation.java:1730)
	at org.apache.hadoop.ipc.Server$Handler.run(Server.java:2682)
2019-09-11 09:07:36,216 [IPC Server handler 5 on 43102] INFO  block.BlockManagerImpl (BlockManagerImpl.java:allocateBlock(198)) - Could not find available pipeline of type:RATIS and factor:THREE even after retrying
2019-09-11 09:07:36,216 [IPC Server handler 5 on 43102] ERROR block.BlockManagerImpl (BlockManagerImpl.java:allocateBlock(222)) - Unable to allocate a block for the size: 4194304, type: RATIS, factor: THREE
2019-09-11 09:07:36,223 [pool-277-thread-1] ERROR io.BlockOutputStreamEntryPool (BlockOutputStreamEntryPool.java:allocateBlockIfNeeded(299)) - Try to allocate more blocks for write failed, already allocated 0 blocks for this write.
INTERNAL_ERROR org.apache.hadoop.ozone.om.exceptions.OMException: Allocated 0 blocks. Requested 1 blocks
	at org.apache.hadoop.ozone.om.protocolPB.OzoneManagerProtocolClientSideTranslatorPB.handleError(OzoneManagerProtocolClientSideTranslatorPB.java:725)
	at org.apache.hadoop.ozone.om.protocolPB.OzoneManagerProtocolClientSideTranslatorPB.allocateBlock(OzoneManagerProtocolClientSideTranslatorPB.java:757)
	at org.apache.hadoop.ozone.client.io.BlockOutputStreamEntryPool.allocateNewBlock(BlockOutputStreamEntryPool.java:248)
	at org.apache.hadoop.ozone.client.io.BlockOutputStreamEntryPool.allocateBlockIfNeeded(BlockOutputStreamEntryPool.java:296)
	at org.apache.hadoop.ozone.client.io.KeyOutputStream.handleWrite(KeyOutputStream.java:201)
	at org.apache.hadoop.ozone.client.io.KeyOutputStream.write(KeyOutputStream.java:193)
	at org.apache.hadoop.ozone.client.io.OzoneOutputStream.write(OzoneOutputStream.java:49)
	at org.apache.hadoop.ozone.freon.RandomKeyGenerator.createKey(RandomKeyGenerator.java:708)
	at org.apache.hadoop.ozone.freon.RandomKeyGenerator.access$1100(RandomKeyGenerator.java:88)
	at org.apache.hadoop.ozone.freon.RandomKeyGenerator$ObjectCreator.run(RandomKeyGenerator.java:615)
	at java.util.concurrent.Executors$RunnableAdapter.call(Executors.java:511)
	at java.util.concurrent.FutureTask.run(FutureTask.java:266)
	at java.util.concurrent.ThreadPoolExecutor.runWorker(ThreadPoolExecutor.java:1149)
	at java.util.concurrent.ThreadPoolExecutor$Worker.run(ThreadPoolExecutor.java:624)
	at java.lang.Thread.run(Thread.java:748)
2019-09-11 09:07:36,224 [pool-277-thread-1] ERROR freon.RandomKeyGenerator (RandomKeyGenerator.java:createKey(733)) - Exception while adding key: key-0-02962 in bucket: bucket-0-85859 of volume: vol-0-18201.
INTERNAL_ERROR org.apache.hadoop.ozone.om.exceptions.OMException: Allocated 0 blocks. Requested 1 blocks
	at org.apache.hadoop.ozone.om.protocolPB.OzoneManagerProtocolClientSideTranslatorPB.handleError(OzoneManagerProtocolClientSideTranslatorPB.java:725)
	at org.apache.hadoop.ozone.om.protocolPB.OzoneManagerProtocolClientSideTranslatorPB.allocateBlock(OzoneManagerProtocolClientSideTranslatorPB.java:757)
	at org.apache.hadoop.ozone.client.io.BlockOutputStreamEntryPool.allocateNewBlock(BlockOutputStreamEntryPool.java:248)
	at org.apache.hadoop.ozone.client.io.BlockOutputStreamEntryPool.allocateBlockIfNeeded(BlockOutputStreamEntryPool.java:296)
	at org.apache.hadoop.ozone.client.io.KeyOutputStream.handleWrite(KeyOutputStream.java:201)
	at org.apache.hadoop.ozone.client.io.KeyOutputStream.write(KeyOutputStream.java:193)
	at org.apache.hadoop.ozone.client.io.OzoneOutputStream.write(OzoneOutputStream.java:49)
	at org.apache.hadoop.ozone.freon.RandomKeyGenerator.createKey(RandomKeyGenerator.java:708)
	at org.apache.hadoop.ozone.freon.RandomKeyGenerator.access$1100(RandomKeyGenerator.java:88)
	at org.apache.hadoop.ozone.freon.RandomKeyGenerator$ObjectCreator.run(RandomKeyGenerator.java:615)
	at java.util.concurrent.Executors$RunnableAdapter.call(Executors.java:511)
	at java.util.concurrent.FutureTask.run(FutureTask.java:266)
	at java.util.concurrent.ThreadPoolExecutor.runWorker(ThreadPoolExecutor.java:1149)
	at java.util.concurrent.ThreadPoolExecutor$Worker.run(ThreadPoolExecutor.java:624)
	at java.lang.Thread.run(Thread.java:748)
 0.00% |█                                                                                                    |  0/1 Time: 0:01:16 0.00% |█                                                                                                    |  0/1 Time: 0:01:17 0.00% |█                                                                                                    |  0/1 Time: 0:01:18 0.00% |█                                                                                                    |  0/1 Time: 0:01:19 100.00% |█████████████████████████████████████████████████████████████████████████████████████████████████████|  1/1 Time: 0:01:20
]]></system-out>
  </testcase>
  <testcase name="fileWithSizeZero" classname="org.apache.hadoop.ozone.freon.TestRandomKeyGenerator" time="5.056"/>
  <testcase name="multiThread" classname="org.apache.hadoop.ozone.freon.TestRandomKeyGenerator" time="5.032"/>
</testsuite>