<?xml version="1.0" encoding="UTF-8"?>
<testsuite xmlns:xsi="http://www.w3.org/2001/XMLSchema-instance" xsi:noNamespaceSchemaLocation="https://maven.apache.org/surefire/maven-surefire-plugin/xsd/surefire-test-report.xsd" name="org.apache.hadoop.ozone.freon.TestRandomKeyGenerator" time="106.497" tests="5" errors="1" skipped="0" failures="0">
  <properties>
    <property name="awt.toolkit" value="sun.awt.X11.XToolkit"/>
    <property name="file.encoding.pkg" value="sun.io"/>
    <property name="java.specification.version" value="1.8"/>
    <property name="sun.cpu.isalist" value=""/>
    <property name="sun.jnu.encoding" value="UTF-8"/>
    <property name="java.class.path" value="/tmp/workdir/hadoop-ozone/tools/target/test-classes:/tmp/workdir/hadoop-ozone/tools/target/classes:/tmp/workdir/hadoop-ozone/ozone-manager/target/classes:/tmp/workdir/hadoop-hdds/docs/target/classes:/home/user/.m2/repository/org/bouncycastle/bcprov-jdk15on/1.60/bcprov-jdk15on-1.60.jar:/tmp/workdir/hadoop-ozone/common/target/classes:/home/user/.m2/repository/org/apache/commons/commons-compress/1.4.1/commons-compress-1.4.1.jar:/home/user/.m2/repository/org/tukaani/xz/1.0/xz-1.0.jar:/home/user/.m2/repository/org/apache/hadoop/hadoop-hdfs-client/3.2.0/hadoop-hdfs-client-3.2.0.jar:/home/user/.m2/repository/com/fasterxml/jackson/core/jackson-annotations/2.9.5/jackson-annotations-2.9.5.jar:/tmp/workdir/hadoop-hdds/common/target/classes:/tmp/workdir/hadoop-hdds/config/target/classes:/home/user/.m2/repository/javax/annotation/javax.annotation-api/1.2/javax.annotation-api-1.2.jar:/home/user/.m2/repository/org/apache/ratis/ratis-server/0.4.0-2337318-SNAPSHOT/ratis-server-0.4.0-2337318-SNAPSHOT.jar:/home/user/.m2/repository/org/apache/ratis/ratis-thirdparty-misc/0.2.0/ratis-thirdparty-misc-0.2.0.jar:/home/user/.m2/repository/org/apache/ratis/ratis-proto/0.4.0-2337318-SNAPSHOT/ratis-proto-0.4.0-2337318-SNAPSHOT.jar:/home/user/.m2/repository/org/apache/ratis/ratis-common/0.4.0-2337318-SNAPSHOT/ratis-common-0.4.0-2337318-SNAPSHOT.jar:/home/user/.m2/repository/org/apache/ratis/ratis-client/0.4.0-2337318-SNAPSHOT/ratis-client-0.4.0-2337318-SNAPSHOT.jar:/home/user/.m2/repository/org/apache/ratis/ratis-metrics/0.4.0-2337318-SNAPSHOT/ratis-metrics-0.4.0-2337318-SNAPSHOT.jar:/home/user/.m2/repository/org/apache/ratis/ratis-netty/0.4.0-2337318-SNAPSHOT/ratis-netty-0.4.0-2337318-SNAPSHOT.jar:/home/user/.m2/repository/org/apache/ratis/ratis-grpc/0.4.0-2337318-SNAPSHOT/ratis-grpc-0.4.0-2337318-SNAPSHOT.jar:/home/user/.m2/repository/org/rocksdb/rocksdbjni/6.0.1/rocksdbjni-6.0.1.jar:/home/user/.m2/repository/org/apache/logging/log4j/log4j-api/2.11.0/log4j-api-2.11.0.jar:/home/user/.m2/repository/org/apache/logging/log4j/log4j-core/2.11.0/log4j-core-2.11.0.jar:/home/user/.m2/repository/com/lmax/disruptor/3.4.2/disruptor-3.4.2.jar:/home/user/.m2/repository/org/apache/commons/commons-pool2/2.6.0/commons-pool2-2.6.0.jar:/home/user/.m2/repository/org/bouncycastle/bcpkix-jdk15on/1.60/bcpkix-jdk15on-1.60.jar:/home/user/.m2/repository/commons-validator/commons-validator/1.6/commons-validator-1.6.jar:/home/user/.m2/repository/commons-digester/commons-digester/1.8.1/commons-digester-1.8.1.jar:/home/user/.m2/repository/io/jaegertracing/jaeger-client/0.33.1/jaeger-client-0.33.1.jar:/home/user/.m2/repository/io/jaegertracing/jaeger-thrift/0.33.1/jaeger-thrift-0.33.1.jar:/home/user/.m2/repository/org/apache/thrift/libthrift/0.11.0/libthrift-0.11.0.jar:/home/user/.m2/repository/com/squareup/okhttp3/okhttp/3.9.0/okhttp-3.9.0.jar:/home/user/.m2/repository/com/squareup/okio/okio/1.13.0/okio-1.13.0.jar:/home/user/.m2/repository/io/jaegertracing/jaeger-core/0.33.1/jaeger-core-0.33.1.jar:/home/user/.m2/repository/io/jaegertracing/jaeger-tracerresolver/0.33.1/jaeger-tracerresolver-0.33.1.jar:/home/user/.m2/repository/io/opentracing/contrib/opentracing-tracerresolver/0.1.5/opentracing-tracerresolver-0.1.5.jar:/home/user/.m2/repository/io/opentracing/opentracing-util/0.31.0/opentracing-util-0.31.0.jar:/home/user/.m2/repository/io/opentracing/opentracing-api/0.31.0/opentracing-api-0.31.0.jar:/home/user/.m2/repository/io/opentracing/opentracing-noop/0.31.0/opentracing-noop-0.31.0.jar:/home/user/.m2/repository/org/yaml/snakeyaml/1.16/snakeyaml-1.16.jar:/tmp/workdir/hadoop-hdds/container-service/target/classes:/tmp/workdir/hadoop-hdds/client/target/classes:/tmp/workdir/hadoop-hdds/tools/target/classes:/home/user/.m2/repository/org/xerial/sqlite-jdbc/3.25.2/sqlite-jdbc-3.25.2.jar:/tmp/workdir/hadoop-hdds/server-scm/target/classes:/home/user/.m2/repository/org/hamcrest/hamcrest-all/1.3/hamcrest-all-1.3.jar:/home/user/.m2/repository/info/picocli/picocli/3.9.6/picocli-3.9.6.jar:/home/user/.m2/repository/com/google/protobuf/protobuf-java/2.5.0/protobuf-java-2.5.0.jar:/home/user/.m2/repository/com/google/guava/guava/11.0.2/guava-11.0.2.jar:/tmp/workdir/hadoop-ozone/client/target/classes:/home/user/.m2/repository/org/apache/hadoop/hadoop-ozone-filesystem/0.5.0-SNAPSHOT/hadoop-ozone-filesystem-0.5.0-SNAPSHOT.jar:/tmp/workdir/hadoop-hdds/framework/target/classes:/home/user/.m2/repository/org/apache/hadoop/hadoop-common/3.2.0/hadoop-common-3.2.0.jar:/home/user/.m2/repository/org/apache/hadoop/hadoop-annotations/3.2.0/hadoop-annotations-3.2.0.jar:/usr/lib/jvm/java-1.8-openjdk/jre/../lib/tools.jar:/home/user/.m2/repository/commons-cli/commons-cli/1.2/commons-cli-1.2.jar:/home/user/.m2/repository/org/apache/commons/commons-math3/3.1.1/commons-math3-3.1.1.jar:/home/user/.m2/repository/org/apache/httpcomponents/httpclient/4.5.2/httpclient-4.5.2.jar:/home/user/.m2/repository/org/apache/httpcomponents/httpcore/4.4.4/httpcore-4.4.4.jar:/home/user/.m2/repository/commons-codec/commons-codec/1.11/commons-codec-1.11.jar:/home/user/.m2/repository/commons-io/commons-io/2.5/commons-io-2.5.jar:/home/user/.m2/repository/commons-net/commons-net/3.6/commons-net-3.6.jar:/home/user/.m2/repository/commons-collections/commons-collections/3.2.2/commons-collections-3.2.2.jar:/home/user/.m2/repository/javax/servlet/javax.servlet-api/3.1.0/javax.servlet-api-3.1.0.jar:/home/user/.m2/repository/org/eclipse/jetty/jetty-server/9.3.24.v20180605/jetty-server-9.3.24.v20180605.jar:/home/user/.m2/repository/org/eclipse/jetty/jetty-http/9.3.24.v20180605/jetty-http-9.3.24.v20180605.jar:/home/user/.m2/repository/org/eclipse/jetty/jetty-io/9.3.24.v20180605/jetty-io-9.3.24.v20180605.jar:/home/user/.m2/repository/org/eclipse/jetty/jetty-util/9.3.24.v20180605/jetty-util-9.3.24.v20180605.jar:/home/user/.m2/repository/org/eclipse/jetty/jetty-servlet/9.3.24.v20180605/jetty-servlet-9.3.24.v20180605.jar:/home/user/.m2/repository/org/eclipse/jetty/jetty-security/9.3.24.v20180605/jetty-security-9.3.24.v20180605.jar:/home/user/.m2/repository/org/eclipse/jetty/jetty-webapp/9.3.24.v20180605/jetty-webapp-9.3.24.v20180605.jar:/home/user/.m2/repository/org/eclipse/jetty/jetty-xml/9.3.24.v20180605/jetty-xml-9.3.24.v20180605.jar:/home/user/.m2/repository/javax/servlet/jsp/jsp-api/2.1/jsp-api-2.1.jar:/home/user/.m2/repository/com/sun/jersey/jersey-core/1.19/jersey-core-1.19.jar:/home/user/.m2/repository/javax/ws/rs/jsr311-api/1.1.1/jsr311-api-1.1.1.jar:/home/user/.m2/repository/com/sun/jersey/jersey-servlet/1.19/jersey-servlet-1.19.jar:/home/user/.m2/repository/com/sun/jersey/jersey-json/1.19/jersey-json-1.19.jar:/home/user/.m2/repository/org/codehaus/jettison/jettison/1.1/jettison-1.1.jar:/home/user/.m2/repository/com/sun/xml/bind/jaxb-impl/2.3.0.1/jaxb-impl-2.3.0.1.jar:/home/user/.m2/repository/org/codehaus/jackson/jackson-core-asl/1.9.13/jackson-core-asl-1.9.13.jar:/home/user/.m2/repository/org/codehaus/jackson/jackson-mapper-asl/1.9.13/jackson-mapper-asl-1.9.13.jar:/home/user/.m2/repository/org/codehaus/jackson/jackson-jaxrs/1.9.13/jackson-jaxrs-1.9.13.jar:/home/user/.m2/repository/org/codehaus/jackson/jackson-xc/1.9.13/jackson-xc-1.9.13.jar:/home/user/.m2/repository/com/sun/jersey/jersey-server/1.19/jersey-server-1.19.jar:/home/user/.m2/repository/commons-logging/commons-logging/1.1.3/commons-logging-1.1.3.jar:/home/user/.m2/repository/log4j/log4j/1.2.17/log4j-1.2.17.jar:/home/user/.m2/repository/commons-beanutils/commons-beanutils/1.9.3/commons-beanutils-1.9.3.jar:/home/user/.m2/repository/org/apache/commons/commons-configuration2/2.1.1/commons-configuration2-2.1.1.jar:/home/user/.m2/repository/org/apache/commons/commons-lang3/3.7/commons-lang3-3.7.jar:/home/user/.m2/repository/org/apache/commons/commons-text/1.4/commons-text-1.4.jar:/home/user/.m2/repository/org/slf4j/slf4j-api/1.7.25/slf4j-api-1.7.25.jar:/home/user/.m2/repository/org/slf4j/slf4j-log4j12/1.7.25/slf4j-log4j12-1.7.25.jar:/home/user/.m2/repository/org/apache/avro/avro/1.7.7/avro-1.7.7.jar:/home/user/.m2/repository/com/thoughtworks/paranamer/paranamer/2.3/paranamer-2.3.jar:/home/user/.m2/repository/org/xerial/snappy/snappy-java/1.0.5/snappy-java-1.0.5.jar:/home/user/.m2/repository/com/google/re2j/re2j/1.1/re2j-1.1.jar:/home/user/.m2/repository/com/google/code/gson/gson/2.2.4/gson-2.2.4.jar:/home/user/.m2/repository/org/apache/hadoop/hadoop-auth/3.2.0/hadoop-auth-3.2.0.jar:/home/user/.m2/repository/com/nimbusds/nimbus-jose-jwt/4.41.1/nimbus-jose-jwt-4.41.1.jar:/home/user/.m2/repository/com/github/stephenc/jcip/jcip-annotations/1.0-1/jcip-annotations-1.0-1.jar:/home/user/.m2/repository/net/minidev/json-smart/2.3/json-smart-2.3.jar:/home/user/.m2/repository/net/minidev/accessors-smart/1.2/accessors-smart-1.2.jar:/home/user/.m2/repository/org/apache/curator/curator-framework/2.12.0/curator-framework-2.12.0.jar:/home/user/.m2/repository/com/jcraft/jsch/0.1.54/jsch-0.1.54.jar:/home/user/.m2/repository/org/apache/curator/curator-client/2.12.0/curator-client-2.12.0.jar:/home/user/.m2/repository/org/apache/curator/curator-recipes/2.12.0/curator-recipes-2.12.0.jar:/home/user/.m2/repository/com/google/code/findbugs/jsr305/3.0.0/jsr305-3.0.0.jar:/home/user/.m2/repository/org/apache/htrace/htrace-core4/4.1.0-incubating/htrace-core4-4.1.0-incubating.jar:/home/user/.m2/repository/org/apache/zookeeper/zookeeper/3.4.13/zookeeper-3.4.13.jar:/home/user/.m2/repository/org/apache/yetus/audience-annotations/0.5.0/audience-annotations-0.5.0.jar:/home/user/.m2/repository/org/apache/kerby/kerb-simplekdc/1.0.1/kerb-simplekdc-1.0.1.jar:/home/user/.m2/repository/org/apache/kerby/kerb-client/1.0.1/kerb-client-1.0.1.jar:/home/user/.m2/repository/org/apache/kerby/kerby-config/1.0.1/kerby-config-1.0.1.jar:/home/user/.m2/repository/org/apache/kerby/kerb-core/1.0.1/kerb-core-1.0.1.jar:/home/user/.m2/repository/org/apache/kerby/kerby-pkix/1.0.1/kerby-pkix-1.0.1.jar:/home/user/.m2/repository/org/apache/kerby/kerby-asn1/1.0.1/kerby-asn1-1.0.1.jar:/home/user/.m2/repository/org/apache/kerby/kerby-util/1.0.1/kerby-util-1.0.1.jar:/home/user/.m2/repository/org/apache/kerby/kerb-common/1.0.1/kerb-common-1.0.1.jar:/home/user/.m2/repository/org/apache/kerby/kerb-crypto/1.0.1/kerb-crypto-1.0.1.jar:/home/user/.m2/repository/org/apache/kerby/kerb-util/1.0.1/kerb-util-1.0.1.jar:/home/user/.m2/repository/org/apache/kerby/token-provider/1.0.1/token-provider-1.0.1.jar:/home/user/.m2/repository/org/apache/kerby/kerb-admin/1.0.1/kerb-admin-1.0.1.jar:/home/user/.m2/repository/org/apache/kerby/kerb-server/1.0.1/kerb-server-1.0.1.jar:/home/user/.m2/repository/org/apache/kerby/kerb-identity/1.0.1/kerb-identity-1.0.1.jar:/home/user/.m2/repository/org/apache/kerby/kerby-xdr/1.0.1/kerby-xdr-1.0.1.jar:/home/user/.m2/repository/com/fasterxml/jackson/core/jackson-databind/2.9.5/jackson-databind-2.9.5.jar:/home/user/.m2/repository/com/fasterxml/jackson/core/jackson-core/2.9.5/jackson-core-2.9.5.jar:/home/user/.m2/repository/org/codehaus/woodstox/stax2-api/3.1.4/stax2-api-3.1.4.jar:/home/user/.m2/repository/com/fasterxml/woodstox/woodstox-core/5.0.3/woodstox-core-5.0.3.jar:/home/user/.m2/repository/dnsjava/dnsjava/2.1.7/dnsjava-2.1.7.jar:/home/user/.m2/repository/org/apache/hadoop/hadoop-hdfs/3.2.0/hadoop-hdfs-3.2.0.jar:/home/user/.m2/repository/org/eclipse/jetty/jetty-util-ajax/9.3.24.v20180605/jetty-util-ajax-9.3.24.v20180605.jar:/home/user/.m2/repository/commons-daemon/commons-daemon/1.0.13/commons-daemon-1.0.13.jar:/home/user/.m2/repository/io/netty/netty/3.10.5.Final/netty-3.10.5.Final.jar:/home/user/.m2/repository/io/netty/netty-all/4.0.52.Final/netty-all-4.0.52.Final.jar:/home/user/.m2/repository/org/fusesource/leveldbjni/leveldbjni-all/1.8/leveldbjni-all-1.8.jar:/home/user/.m2/repository/com/sun/xml/bind/jaxb-core/2.3.0.1/jaxb-core-2.3.0.1.jar:/home/user/.m2/repository/javax/xml/bind/jaxb-api/2.3.0/jaxb-api-2.3.0.jar:/home/user/.m2/repository/javax/activation/activation/1.1.1/activation-1.1.1.jar:/home/user/.m2/repository/io/dropwizard/metrics/metrics-core/3.2.4/metrics-core-3.2.4.jar:/home/user/.m2/repository/org/openjdk/jmh/jmh-core/1.19/jmh-core-1.19.jar:/home/user/.m2/repository/net/sf/jopt-simple/jopt-simple/4.6/jopt-simple-4.6.jar:/home/user/.m2/repository/org/openjdk/jmh/jmh-generator-annprocess/1.19/jmh-generator-annprocess-1.19.jar:/home/user/.m2/repository/com/google/code/findbugs/findbugs/3.0.1/findbugs-3.0.1.jar:/home/user/.m2/repository/net/jcip/jcip-annotations/1.0/jcip-annotations-1.0.jar:/home/user/.m2/repository/com/google/code/findbugs/bcel-findbugs/6.0/bcel-findbugs-6.0.jar:/home/user/.m2/repository/com/google/code/findbugs/jFormatString/2.0.1/jFormatString-2.0.1.jar:/home/user/.m2/repository/dom4j/dom4j/1.6.1/dom4j-1.6.1.jar:/home/user/.m2/repository/xml-apis/xml-apis/1.0.b2/xml-apis-1.0.b2.jar:/home/user/.m2/repository/org/ow2/asm/asm-debug-all/5.0.2/asm-debug-all-5.0.2.jar:/home/user/.m2/repository/org/ow2/asm/asm-commons/5.0.2/asm-commons-5.0.2.jar:/home/user/.m2/repository/org/ow2/asm/asm-tree/5.0.2/asm-tree-5.0.2.jar:/home/user/.m2/repository/org/ow2/asm/asm/5.0.4/asm-5.0.4.jar:/home/user/.m2/repository/commons-lang/commons-lang/2.6/commons-lang-2.6.jar:/home/user/.m2/repository/com/apple/AppleJavaExtensions/1.4/AppleJavaExtensions-1.4.jar:/home/user/.m2/repository/jaxen/jaxen/1.1.6/jaxen-1.1.6.jar:/home/user/.m2/repository/junit/junit/4.11/junit-4.11.jar:/home/user/.m2/repository/org/hamcrest/hamcrest-core/1.3/hamcrest-core-1.3.jar:/home/user/.m2/repository/org/apache/hadoop/hadoop-common/3.2.0/hadoop-common-3.2.0-tests.jar:/home/user/.m2/repository/org/apache/hadoop/hadoop-ozone-integration-test/0.5.0-SNAPSHOT/hadoop-ozone-integration-test-0.5.0-SNAPSHOT-tests.jar:/tmp/workdir/hadoop-ozone/objectstore-service/target/classes:/tmp/workdir/hadoop-ozone/s3gateway/target/classes:/home/user/.m2/repository/org/jboss/weld/servlet/weld-servlet/2.4.7.Final/weld-servlet-2.4.7.Final.jar:/home/user/.m2/repository/org/glassfish/jersey/containers/jersey-container-servlet-core/2.27/jersey-container-servlet-core-2.27.jar:/home/user/.m2/repository/org/glassfish/hk2/external/javax.inject/2.5.0-b42/javax.inject-2.5.0-b42.jar:/home/user/.m2/repository/org/glassfish/jersey/core/jersey-common/2.27/jersey-common-2.27.jar:/home/user/.m2/repository/org/glassfish/hk2/osgi-resource-locator/1.0.1/osgi-resource-locator-1.0.1.jar:/home/user/.m2/repository/javax/ws/rs/javax.ws.rs-api/2.1/javax.ws.rs-api-2.1.jar:/home/user/.m2/repository/org/glassfish/jersey/ext/cdi/jersey-cdi1x/2.27/jersey-cdi1x-2.27.jar:/home/user/.m2/repository/org/glassfish/jersey/inject/jersey-hk2/2.27/jersey-hk2-2.27.jar:/home/user/.m2/repository/org/glassfish/hk2/hk2-locator/2.5.0-b42/hk2-locator-2.5.0-b42.jar:/home/user/.m2/repository/org/javassist/javassist/3.22.0-CR2/javassist-3.22.0-CR2.jar:/home/user/.m2/repository/org/glassfish/hk2/hk2-api/2.5.0/hk2-api-2.5.0.jar:/home/user/.m2/repository/org/glassfish/hk2/external/jakarta.inject/2.5.0/jakarta.inject-2.5.0.jar:/home/user/.m2/repository/org/glassfish/hk2/hk2-utils/2.5.0/hk2-utils-2.5.0.jar:/home/user/.m2/repository/jakarta/annotation/jakarta.annotation-api/1.3.4/jakarta.annotation-api-1.3.4.jar:/home/user/.m2/repository/org/glassfish/hk2/external/aopalliance-repackaged/2.5.0/aopalliance-repackaged-2.5.0.jar:/home/user/.m2/repository/com/fasterxml/jackson/dataformat/jackson-dataformat-xml/2.9.0/jackson-dataformat-xml-2.9.0.jar:/home/user/.m2/repository/com/fasterxml/jackson/module/jackson-module-jaxb-annotations/2.9.5/jackson-module-jaxb-annotations-2.9.5.jar:/home/user/.m2/repository/javax/enterprise/cdi-api/1.2/cdi-api-1.2.jar:/home/user/.m2/repository/javax/el/javax.el-api/3.0.0/javax.el-api-3.0.0.jar:/home/user/.m2/repository/javax/interceptor/javax.interceptor-api/1.2/javax.interceptor-api-1.2.jar:/home/user/.m2/repository/javax/inject/javax.inject/1/javax.inject-1.jar:/tmp/workdir/hadoop-ozone/csi/target/classes:/home/user/.m2/repository/com/google/protobuf/protobuf-java-util/3.5.1/protobuf-java-util-3.5.1.jar:/home/user/.m2/repository/io/grpc/grpc-netty/1.17.1/grpc-netty-1.17.1.jar:/home/user/.m2/repository/io/grpc/grpc-core/1.17.1/grpc-core-1.17.1.jar:/home/user/.m2/repository/io/grpc/grpc-context/1.17.1/grpc-context-1.17.1.jar:/home/user/.m2/repository/com/google/errorprone/error_prone_annotations/2.2.0/error_prone_annotations-2.2.0.jar:/home/user/.m2/repository/org/codehaus/mojo/animal-sniffer-annotations/1.17/animal-sniffer-annotations-1.17.jar:/home/user/.m2/repository/io/opencensus/opencensus-api/0.17.0/opencensus-api-0.17.0.jar:/home/user/.m2/repository/io/opencensus/opencensus-contrib-grpc-metrics/0.17.0/opencensus-contrib-grpc-metrics-0.17.0.jar:/home/user/.m2/repository/io/netty/netty-codec-http2/4.1.30.Final/netty-codec-http2-4.1.30.Final.jar:/home/user/.m2/repository/io/netty/netty-codec-http/4.1.30.Final/netty-codec-http-4.1.30.Final.jar:/home/user/.m2/repository/io/netty/netty-codec/4.1.30.Final/netty-codec-4.1.30.Final.jar:/home/user/.m2/repository/io/netty/netty-handler/4.1.30.Final/netty-handler-4.1.30.Final.jar:/home/user/.m2/repository/io/netty/netty-handler-proxy/4.1.30.Final/netty-handler-proxy-4.1.30.Final.jar:/home/user/.m2/repository/io/netty/netty-codec-socks/4.1.30.Final/netty-codec-socks-4.1.30.Final.jar:/home/user/.m2/repository/io/netty/netty-transport-native-epoll/4.1.30.Final/netty-transport-native-epoll-4.1.30.Final.jar:/home/user/.m2/repository/io/netty/netty-common/4.1.30.Final/netty-common-4.1.30.Final.jar:/home/user/.m2/repository/io/netty/netty-buffer/4.1.30.Final/netty-buffer-4.1.30.Final.jar:/home/user/.m2/repository/io/netty/netty-transport/4.1.30.Final/netty-transport-4.1.30.Final.jar:/home/user/.m2/repository/io/netty/netty-resolver/4.1.30.Final/netty-resolver-4.1.30.Final.jar:/home/user/.m2/repository/io/netty/netty-transport-native-unix-common/4.1.30.Final/netty-transport-native-unix-common-4.1.30.Final.jar:/home/user/.m2/repository/io/grpc/grpc-protobuf/1.17.1/grpc-protobuf-1.17.1.jar:/home/user/.m2/repository/com/google/api/grpc/proto-google-common-protos/1.0.0/proto-google-common-protos-1.0.0.jar:/home/user/.m2/repository/io/grpc/grpc-protobuf-lite/1.17.1/grpc-protobuf-lite-1.17.1.jar:/home/user/.m2/repository/io/grpc/grpc-stub/1.17.1/grpc-stub-1.17.1.jar:/tmp/workdir/hadoop-ozone/ozone-recon/target/classes:/tmp/workdir/hadoop-ozone/ozone-recon-codegen/target/classes:/home/user/.m2/repository/com/google/inject/extensions/guice-multibindings/4.0/guice-multibindings-4.0.jar:/home/user/.m2/repository/com/google/inject/guice/4.0/guice-4.0.jar:/home/user/.m2/repository/aopalliance/aopalliance/1.0/aopalliance-1.0.jar:/home/user/.m2/repository/com/google/inject/extensions/guice-servlet/4.0/guice-servlet-4.0.jar:/home/user/.m2/repository/org/glassfish/jersey/containers/jersey-container-servlet/2.27/jersey-container-servlet-2.27.jar:/home/user/.m2/repository/org/glassfish/hk2/guice-bridge/2.5.0/guice-bridge-2.5.0.jar:/home/user/.m2/repository/org/glassfish/jersey/core/jersey-server/2.27/jersey-server-2.27.jar:/home/user/.m2/repository/org/glassfish/jersey/core/jersey-client/2.27/jersey-client-2.27.jar:/home/user/.m2/repository/org/glassfish/jersey/media/jersey-media-jaxb/2.27/jersey-media-jaxb-2.27.jar:/home/user/.m2/repository/javax/validation/validation-api/1.1.0.Final/validation-api-1.1.0.Final.jar:/home/user/.m2/repository/org/glassfish/jersey/media/jersey-media-json-jackson/2.27/jersey-media-json-jackson-2.27.jar:/home/user/.m2/repository/org/glassfish/jersey/ext/jersey-entity-filtering/2.27/jersey-entity-filtering-2.27.jar:/home/user/.m2/repository/com/google/inject/extensions/guice-assistedinject/4.0/guice-assistedinject-4.0.jar:/home/user/.m2/repository/org/jooq/jooq/3.11.10/jooq-3.11.10.jar:/home/user/.m2/repository/org/jooq/jooq-meta/3.11.10/jooq-meta-3.11.10.jar:/home/user/.m2/repository/org/jooq/jooq-codegen/3.11.10/jooq-codegen-3.11.10.jar:/home/user/.m2/repository/com/jolbox/bonecp/0.8.0.RELEASE/bonecp-0.8.0.RELEASE.jar:/home/user/.m2/repository/org/springframework/spring-jdbc/5.1.3.RELEASE/spring-jdbc-5.1.3.RELEASE.jar:/home/user/.m2/repository/org/springframework/spring-beans/5.1.3.RELEASE/spring-beans-5.1.3.RELEASE.jar:/home/user/.m2/repository/org/springframework/spring-core/5.1.3.RELEASE/spring-core-5.1.3.RELEASE.jar:/home/user/.m2/repository/org/springframework/spring-jcl/5.1.3.RELEASE/spring-jcl-5.1.3.RELEASE.jar:/home/user/.m2/repository/org/springframework/spring-tx/5.1.3.RELEASE/spring-tx-5.1.3.RELEASE.jar:/home/user/.m2/repository/org/mockito/mockito-core/2.15.0/mockito-core-2.15.0.jar:/home/user/.m2/repository/net/bytebuddy/byte-buddy/1.7.9/byte-buddy-1.7.9.jar:/home/user/.m2/repository/net/bytebuddy/byte-buddy-agent/1.7.9/byte-buddy-agent-1.7.9.jar:/home/user/.m2/repository/org/objenesis/objenesis/1.0/objenesis-1.0.jar:"/>
    <property name="java.vm.vendor" value="IcedTea"/>
    <property name="sun.arch.data.model" value="64"/>
    <property name="test.build.dir" value="/tmp/workdir/hadoop-ozone/tools/target/test-dir"/>
    <property name="test.cache.data" value=""/>
    <property name="java.vendor.url" value="https://icedtea.classpath.org"/>
    <property name="user.timezone" value=""/>
    <property name="java.vm.specification.version" value="1.8"/>
    <property name="os.name" value="Linux"/>
    <property name="test.build.data" value="/tmp/workdir/hadoop-ozone/tools/target/test-dir"/>
    <property name="user.country" value="US"/>
    <property name="sun.java.launcher" value="SUN_STANDARD"/>
    <property name="sun.boot.library.path" value="/usr/lib/jvm/java-1.8-openjdk/jre/lib/amd64"/>
    <property name="sun.java.command" value="/tmp/workdir/hadoop-ozone/tools/target/surefire/surefirebooter4282056952373961739.jar /tmp/workdir/hadoop-ozone/tools/target/surefire 2019-07-10T09-39-24_251-jvmRun1 surefire7042652803868602747tmp surefire_1006386209364895553218tmp"/>
    <property name="surefire.test.class.path" value="/tmp/workdir/hadoop-ozone/tools/target/test-classes:/tmp/workdir/hadoop-ozone/tools/target/classes:/tmp/workdir/hadoop-ozone/ozone-manager/target/classes:/tmp/workdir/hadoop-hdds/docs/target/classes:/home/user/.m2/repository/org/bouncycastle/bcprov-jdk15on/1.60/bcprov-jdk15on-1.60.jar:/tmp/workdir/hadoop-ozone/common/target/classes:/home/user/.m2/repository/org/apache/commons/commons-compress/1.4.1/commons-compress-1.4.1.jar:/home/user/.m2/repository/org/tukaani/xz/1.0/xz-1.0.jar:/home/user/.m2/repository/org/apache/hadoop/hadoop-hdfs-client/3.2.0/hadoop-hdfs-client-3.2.0.jar:/home/user/.m2/repository/com/fasterxml/jackson/core/jackson-annotations/2.9.5/jackson-annotations-2.9.5.jar:/tmp/workdir/hadoop-hdds/common/target/classes:/tmp/workdir/hadoop-hdds/config/target/classes:/home/user/.m2/repository/javax/annotation/javax.annotation-api/1.2/javax.annotation-api-1.2.jar:/home/user/.m2/repository/org/apache/ratis/ratis-server/0.4.0-2337318-SNAPSHOT/ratis-server-0.4.0-2337318-SNAPSHOT.jar:/home/user/.m2/repository/org/apache/ratis/ratis-thirdparty-misc/0.2.0/ratis-thirdparty-misc-0.2.0.jar:/home/user/.m2/repository/org/apache/ratis/ratis-proto/0.4.0-2337318-SNAPSHOT/ratis-proto-0.4.0-2337318-SNAPSHOT.jar:/home/user/.m2/repository/org/apache/ratis/ratis-common/0.4.0-2337318-SNAPSHOT/ratis-common-0.4.0-2337318-SNAPSHOT.jar:/home/user/.m2/repository/org/apache/ratis/ratis-client/0.4.0-2337318-SNAPSHOT/ratis-client-0.4.0-2337318-SNAPSHOT.jar:/home/user/.m2/repository/org/apache/ratis/ratis-metrics/0.4.0-2337318-SNAPSHOT/ratis-metrics-0.4.0-2337318-SNAPSHOT.jar:/home/user/.m2/repository/org/apache/ratis/ratis-netty/0.4.0-2337318-SNAPSHOT/ratis-netty-0.4.0-2337318-SNAPSHOT.jar:/home/user/.m2/repository/org/apache/ratis/ratis-grpc/0.4.0-2337318-SNAPSHOT/ratis-grpc-0.4.0-2337318-SNAPSHOT.jar:/home/user/.m2/repository/org/rocksdb/rocksdbjni/6.0.1/rocksdbjni-6.0.1.jar:/home/user/.m2/repository/org/apache/logging/log4j/log4j-api/2.11.0/log4j-api-2.11.0.jar:/home/user/.m2/repository/org/apache/logging/log4j/log4j-core/2.11.0/log4j-core-2.11.0.jar:/home/user/.m2/repository/com/lmax/disruptor/3.4.2/disruptor-3.4.2.jar:/home/user/.m2/repository/org/apache/commons/commons-pool2/2.6.0/commons-pool2-2.6.0.jar:/home/user/.m2/repository/org/bouncycastle/bcpkix-jdk15on/1.60/bcpkix-jdk15on-1.60.jar:/home/user/.m2/repository/commons-validator/commons-validator/1.6/commons-validator-1.6.jar:/home/user/.m2/repository/commons-digester/commons-digester/1.8.1/commons-digester-1.8.1.jar:/home/user/.m2/repository/io/jaegertracing/jaeger-client/0.33.1/jaeger-client-0.33.1.jar:/home/user/.m2/repository/io/jaegertracing/jaeger-thrift/0.33.1/jaeger-thrift-0.33.1.jar:/home/user/.m2/repository/org/apache/thrift/libthrift/0.11.0/libthrift-0.11.0.jar:/home/user/.m2/repository/com/squareup/okhttp3/okhttp/3.9.0/okhttp-3.9.0.jar:/home/user/.m2/repository/com/squareup/okio/okio/1.13.0/okio-1.13.0.jar:/home/user/.m2/repository/io/jaegertracing/jaeger-core/0.33.1/jaeger-core-0.33.1.jar:/home/user/.m2/repository/io/jaegertracing/jaeger-tracerresolver/0.33.1/jaeger-tracerresolver-0.33.1.jar:/home/user/.m2/repository/io/opentracing/contrib/opentracing-tracerresolver/0.1.5/opentracing-tracerresolver-0.1.5.jar:/home/user/.m2/repository/io/opentracing/opentracing-util/0.31.0/opentracing-util-0.31.0.jar:/home/user/.m2/repository/io/opentracing/opentracing-api/0.31.0/opentracing-api-0.31.0.jar:/home/user/.m2/repository/io/opentracing/opentracing-noop/0.31.0/opentracing-noop-0.31.0.jar:/home/user/.m2/repository/org/yaml/snakeyaml/1.16/snakeyaml-1.16.jar:/tmp/workdir/hadoop-hdds/container-service/target/classes:/tmp/workdir/hadoop-hdds/client/target/classes:/tmp/workdir/hadoop-hdds/tools/target/classes:/home/user/.m2/repository/org/xerial/sqlite-jdbc/3.25.2/sqlite-jdbc-3.25.2.jar:/tmp/workdir/hadoop-hdds/server-scm/target/classes:/home/user/.m2/repository/org/hamcrest/hamcrest-all/1.3/hamcrest-all-1.3.jar:/home/user/.m2/repository/info/picocli/picocli/3.9.6/picocli-3.9.6.jar:/home/user/.m2/repository/com/google/protobuf/protobuf-java/2.5.0/protobuf-java-2.5.0.jar:/home/user/.m2/repository/com/google/guava/guava/11.0.2/guava-11.0.2.jar:/tmp/workdir/hadoop-ozone/client/target/classes:/home/user/.m2/repository/org/apache/hadoop/hadoop-ozone-filesystem/0.5.0-SNAPSHOT/hadoop-ozone-filesystem-0.5.0-SNAPSHOT.jar:/tmp/workdir/hadoop-hdds/framework/target/classes:/home/user/.m2/repository/org/apache/hadoop/hadoop-common/3.2.0/hadoop-common-3.2.0.jar:/home/user/.m2/repository/org/apache/hadoop/hadoop-annotations/3.2.0/hadoop-annotations-3.2.0.jar:/usr/lib/jvm/java-1.8-openjdk/jre/../lib/tools.jar:/home/user/.m2/repository/commons-cli/commons-cli/1.2/commons-cli-1.2.jar:/home/user/.m2/repository/org/apache/commons/commons-math3/3.1.1/commons-math3-3.1.1.jar:/home/user/.m2/repository/org/apache/httpcomponents/httpclient/4.5.2/httpclient-4.5.2.jar:/home/user/.m2/repository/org/apache/httpcomponents/httpcore/4.4.4/httpcore-4.4.4.jar:/home/user/.m2/repository/commons-codec/commons-codec/1.11/commons-codec-1.11.jar:/home/user/.m2/repository/commons-io/commons-io/2.5/commons-io-2.5.jar:/home/user/.m2/repository/commons-net/commons-net/3.6/commons-net-3.6.jar:/home/user/.m2/repository/commons-collections/commons-collections/3.2.2/commons-collections-3.2.2.jar:/home/user/.m2/repository/javax/servlet/javax.servlet-api/3.1.0/javax.servlet-api-3.1.0.jar:/home/user/.m2/repository/org/eclipse/jetty/jetty-server/9.3.24.v20180605/jetty-server-9.3.24.v20180605.jar:/home/user/.m2/repository/org/eclipse/jetty/jetty-http/9.3.24.v20180605/jetty-http-9.3.24.v20180605.jar:/home/user/.m2/repository/org/eclipse/jetty/jetty-io/9.3.24.v20180605/jetty-io-9.3.24.v20180605.jar:/home/user/.m2/repository/org/eclipse/jetty/jetty-util/9.3.24.v20180605/jetty-util-9.3.24.v20180605.jar:/home/user/.m2/repository/org/eclipse/jetty/jetty-servlet/9.3.24.v20180605/jetty-servlet-9.3.24.v20180605.jar:/home/user/.m2/repository/org/eclipse/jetty/jetty-security/9.3.24.v20180605/jetty-security-9.3.24.v20180605.jar:/home/user/.m2/repository/org/eclipse/jetty/jetty-webapp/9.3.24.v20180605/jetty-webapp-9.3.24.v20180605.jar:/home/user/.m2/repository/org/eclipse/jetty/jetty-xml/9.3.24.v20180605/jetty-xml-9.3.24.v20180605.jar:/home/user/.m2/repository/javax/servlet/jsp/jsp-api/2.1/jsp-api-2.1.jar:/home/user/.m2/repository/com/sun/jersey/jersey-core/1.19/jersey-core-1.19.jar:/home/user/.m2/repository/javax/ws/rs/jsr311-api/1.1.1/jsr311-api-1.1.1.jar:/home/user/.m2/repository/com/sun/jersey/jersey-servlet/1.19/jersey-servlet-1.19.jar:/home/user/.m2/repository/com/sun/jersey/jersey-json/1.19/jersey-json-1.19.jar:/home/user/.m2/repository/org/codehaus/jettison/jettison/1.1/jettison-1.1.jar:/home/user/.m2/repository/com/sun/xml/bind/jaxb-impl/2.3.0.1/jaxb-impl-2.3.0.1.jar:/home/user/.m2/repository/org/codehaus/jackson/jackson-core-asl/1.9.13/jackson-core-asl-1.9.13.jar:/home/user/.m2/repository/org/codehaus/jackson/jackson-mapper-asl/1.9.13/jackson-mapper-asl-1.9.13.jar:/home/user/.m2/repository/org/codehaus/jackson/jackson-jaxrs/1.9.13/jackson-jaxrs-1.9.13.jar:/home/user/.m2/repository/org/codehaus/jackson/jackson-xc/1.9.13/jackson-xc-1.9.13.jar:/home/user/.m2/repository/com/sun/jersey/jersey-server/1.19/jersey-server-1.19.jar:/home/user/.m2/repository/commons-logging/commons-logging/1.1.3/commons-logging-1.1.3.jar:/home/user/.m2/repository/log4j/log4j/1.2.17/log4j-1.2.17.jar:/home/user/.m2/repository/commons-beanutils/commons-beanutils/1.9.3/commons-beanutils-1.9.3.jar:/home/user/.m2/repository/org/apache/commons/commons-configuration2/2.1.1/commons-configuration2-2.1.1.jar:/home/user/.m2/repository/org/apache/commons/commons-lang3/3.7/commons-lang3-3.7.jar:/home/user/.m2/repository/org/apache/commons/commons-text/1.4/commons-text-1.4.jar:/home/user/.m2/repository/org/slf4j/slf4j-api/1.7.25/slf4j-api-1.7.25.jar:/home/user/.m2/repository/org/slf4j/slf4j-log4j12/1.7.25/slf4j-log4j12-1.7.25.jar:/home/user/.m2/repository/org/apache/avro/avro/1.7.7/avro-1.7.7.jar:/home/user/.m2/repository/com/thoughtworks/paranamer/paranamer/2.3/paranamer-2.3.jar:/home/user/.m2/repository/org/xerial/snappy/snappy-java/1.0.5/snappy-java-1.0.5.jar:/home/user/.m2/repository/com/google/re2j/re2j/1.1/re2j-1.1.jar:/home/user/.m2/repository/com/google/code/gson/gson/2.2.4/gson-2.2.4.jar:/home/user/.m2/repository/org/apache/hadoop/hadoop-auth/3.2.0/hadoop-auth-3.2.0.jar:/home/user/.m2/repository/com/nimbusds/nimbus-jose-jwt/4.41.1/nimbus-jose-jwt-4.41.1.jar:/home/user/.m2/repository/com/github/stephenc/jcip/jcip-annotations/1.0-1/jcip-annotations-1.0-1.jar:/home/user/.m2/repository/net/minidev/json-smart/2.3/json-smart-2.3.jar:/home/user/.m2/repository/net/minidev/accessors-smart/1.2/accessors-smart-1.2.jar:/home/user/.m2/repository/org/apache/curator/curator-framework/2.12.0/curator-framework-2.12.0.jar:/home/user/.m2/repository/com/jcraft/jsch/0.1.54/jsch-0.1.54.jar:/home/user/.m2/repository/org/apache/curator/curator-client/2.12.0/curator-client-2.12.0.jar:/home/user/.m2/repository/org/apache/curator/curator-recipes/2.12.0/curator-recipes-2.12.0.jar:/home/user/.m2/repository/com/google/code/findbugs/jsr305/3.0.0/jsr305-3.0.0.jar:/home/user/.m2/repository/org/apache/htrace/htrace-core4/4.1.0-incubating/htrace-core4-4.1.0-incubating.jar:/home/user/.m2/repository/org/apache/zookeeper/zookeeper/3.4.13/zookeeper-3.4.13.jar:/home/user/.m2/repository/org/apache/yetus/audience-annotations/0.5.0/audience-annotations-0.5.0.jar:/home/user/.m2/repository/org/apache/kerby/kerb-simplekdc/1.0.1/kerb-simplekdc-1.0.1.jar:/home/user/.m2/repository/org/apache/kerby/kerb-client/1.0.1/kerb-client-1.0.1.jar:/home/user/.m2/repository/org/apache/kerby/kerby-config/1.0.1/kerby-config-1.0.1.jar:/home/user/.m2/repository/org/apache/kerby/kerb-core/1.0.1/kerb-core-1.0.1.jar:/home/user/.m2/repository/org/apache/kerby/kerby-pkix/1.0.1/kerby-pkix-1.0.1.jar:/home/user/.m2/repository/org/apache/kerby/kerby-asn1/1.0.1/kerby-asn1-1.0.1.jar:/home/user/.m2/repository/org/apache/kerby/kerby-util/1.0.1/kerby-util-1.0.1.jar:/home/user/.m2/repository/org/apache/kerby/kerb-common/1.0.1/kerb-common-1.0.1.jar:/home/user/.m2/repository/org/apache/kerby/kerb-crypto/1.0.1/kerb-crypto-1.0.1.jar:/home/user/.m2/repository/org/apache/kerby/kerb-util/1.0.1/kerb-util-1.0.1.jar:/home/user/.m2/repository/org/apache/kerby/token-provider/1.0.1/token-provider-1.0.1.jar:/home/user/.m2/repository/org/apache/kerby/kerb-admin/1.0.1/kerb-admin-1.0.1.jar:/home/user/.m2/repository/org/apache/kerby/kerb-server/1.0.1/kerb-server-1.0.1.jar:/home/user/.m2/repository/org/apache/kerby/kerb-identity/1.0.1/kerb-identity-1.0.1.jar:/home/user/.m2/repository/org/apache/kerby/kerby-xdr/1.0.1/kerby-xdr-1.0.1.jar:/home/user/.m2/repository/com/fasterxml/jackson/core/jackson-databind/2.9.5/jackson-databind-2.9.5.jar:/home/user/.m2/repository/com/fasterxml/jackson/core/jackson-core/2.9.5/jackson-core-2.9.5.jar:/home/user/.m2/repository/org/codehaus/woodstox/stax2-api/3.1.4/stax2-api-3.1.4.jar:/home/user/.m2/repository/com/fasterxml/woodstox/woodstox-core/5.0.3/woodstox-core-5.0.3.jar:/home/user/.m2/repository/dnsjava/dnsjava/2.1.7/dnsjava-2.1.7.jar:/home/user/.m2/repository/org/apache/hadoop/hadoop-hdfs/3.2.0/hadoop-hdfs-3.2.0.jar:/home/user/.m2/repository/org/eclipse/jetty/jetty-util-ajax/9.3.24.v20180605/jetty-util-ajax-9.3.24.v20180605.jar:/home/user/.m2/repository/commons-daemon/commons-daemon/1.0.13/commons-daemon-1.0.13.jar:/home/user/.m2/repository/io/netty/netty/3.10.5.Final/netty-3.10.5.Final.jar:/home/user/.m2/repository/io/netty/netty-all/4.0.52.Final/netty-all-4.0.52.Final.jar:/home/user/.m2/repository/org/fusesource/leveldbjni/leveldbjni-all/1.8/leveldbjni-all-1.8.jar:/home/user/.m2/repository/com/sun/xml/bind/jaxb-core/2.3.0.1/jaxb-core-2.3.0.1.jar:/home/user/.m2/repository/javax/xml/bind/jaxb-api/2.3.0/jaxb-api-2.3.0.jar:/home/user/.m2/repository/javax/activation/activation/1.1.1/activation-1.1.1.jar:/home/user/.m2/repository/io/dropwizard/metrics/metrics-core/3.2.4/metrics-core-3.2.4.jar:/home/user/.m2/repository/org/openjdk/jmh/jmh-core/1.19/jmh-core-1.19.jar:/home/user/.m2/repository/net/sf/jopt-simple/jopt-simple/4.6/jopt-simple-4.6.jar:/home/user/.m2/repository/org/openjdk/jmh/jmh-generator-annprocess/1.19/jmh-generator-annprocess-1.19.jar:/home/user/.m2/repository/com/google/code/findbugs/findbugs/3.0.1/findbugs-3.0.1.jar:/home/user/.m2/repository/net/jcip/jcip-annotations/1.0/jcip-annotations-1.0.jar:/home/user/.m2/repository/com/google/code/findbugs/bcel-findbugs/6.0/bcel-findbugs-6.0.jar:/home/user/.m2/repository/com/google/code/findbugs/jFormatString/2.0.1/jFormatString-2.0.1.jar:/home/user/.m2/repository/dom4j/dom4j/1.6.1/dom4j-1.6.1.jar:/home/user/.m2/repository/xml-apis/xml-apis/1.0.b2/xml-apis-1.0.b2.jar:/home/user/.m2/repository/org/ow2/asm/asm-debug-all/5.0.2/asm-debug-all-5.0.2.jar:/home/user/.m2/repository/org/ow2/asm/asm-commons/5.0.2/asm-commons-5.0.2.jar:/home/user/.m2/repository/org/ow2/asm/asm-tree/5.0.2/asm-tree-5.0.2.jar:/home/user/.m2/repository/org/ow2/asm/asm/5.0.4/asm-5.0.4.jar:/home/user/.m2/repository/commons-lang/commons-lang/2.6/commons-lang-2.6.jar:/home/user/.m2/repository/com/apple/AppleJavaExtensions/1.4/AppleJavaExtensions-1.4.jar:/home/user/.m2/repository/jaxen/jaxen/1.1.6/jaxen-1.1.6.jar:/home/user/.m2/repository/junit/junit/4.11/junit-4.11.jar:/home/user/.m2/repository/org/hamcrest/hamcrest-core/1.3/hamcrest-core-1.3.jar:/home/user/.m2/repository/org/apache/hadoop/hadoop-common/3.2.0/hadoop-common-3.2.0-tests.jar:/home/user/.m2/repository/org/apache/hadoop/hadoop-ozone-integration-test/0.5.0-SNAPSHOT/hadoop-ozone-integration-test-0.5.0-SNAPSHOT-tests.jar:/tmp/workdir/hadoop-ozone/objectstore-service/target/classes:/tmp/workdir/hadoop-ozone/s3gateway/target/classes:/home/user/.m2/repository/org/jboss/weld/servlet/weld-servlet/2.4.7.Final/weld-servlet-2.4.7.Final.jar:/home/user/.m2/repository/org/glassfish/jersey/containers/jersey-container-servlet-core/2.27/jersey-container-servlet-core-2.27.jar:/home/user/.m2/repository/org/glassfish/hk2/external/javax.inject/2.5.0-b42/javax.inject-2.5.0-b42.jar:/home/user/.m2/repository/org/glassfish/jersey/core/jersey-common/2.27/jersey-common-2.27.jar:/home/user/.m2/repository/org/glassfish/hk2/osgi-resource-locator/1.0.1/osgi-resource-locator-1.0.1.jar:/home/user/.m2/repository/javax/ws/rs/javax.ws.rs-api/2.1/javax.ws.rs-api-2.1.jar:/home/user/.m2/repository/org/glassfish/jersey/ext/cdi/jersey-cdi1x/2.27/jersey-cdi1x-2.27.jar:/home/user/.m2/repository/org/glassfish/jersey/inject/jersey-hk2/2.27/jersey-hk2-2.27.jar:/home/user/.m2/repository/org/glassfish/hk2/hk2-locator/2.5.0-b42/hk2-locator-2.5.0-b42.jar:/home/user/.m2/repository/org/javassist/javassist/3.22.0-CR2/javassist-3.22.0-CR2.jar:/home/user/.m2/repository/org/glassfish/hk2/hk2-api/2.5.0/hk2-api-2.5.0.jar:/home/user/.m2/repository/org/glassfish/hk2/external/jakarta.inject/2.5.0/jakarta.inject-2.5.0.jar:/home/user/.m2/repository/org/glassfish/hk2/hk2-utils/2.5.0/hk2-utils-2.5.0.jar:/home/user/.m2/repository/jakarta/annotation/jakarta.annotation-api/1.3.4/jakarta.annotation-api-1.3.4.jar:/home/user/.m2/repository/org/glassfish/hk2/external/aopalliance-repackaged/2.5.0/aopalliance-repackaged-2.5.0.jar:/home/user/.m2/repository/com/fasterxml/jackson/dataformat/jackson-dataformat-xml/2.9.0/jackson-dataformat-xml-2.9.0.jar:/home/user/.m2/repository/com/fasterxml/jackson/module/jackson-module-jaxb-annotations/2.9.5/jackson-module-jaxb-annotations-2.9.5.jar:/home/user/.m2/repository/javax/enterprise/cdi-api/1.2/cdi-api-1.2.jar:/home/user/.m2/repository/javax/el/javax.el-api/3.0.0/javax.el-api-3.0.0.jar:/home/user/.m2/repository/javax/interceptor/javax.interceptor-api/1.2/javax.interceptor-api-1.2.jar:/home/user/.m2/repository/javax/inject/javax.inject/1/javax.inject-1.jar:/tmp/workdir/hadoop-ozone/csi/target/classes:/home/user/.m2/repository/com/google/protobuf/protobuf-java-util/3.5.1/protobuf-java-util-3.5.1.jar:/home/user/.m2/repository/io/grpc/grpc-netty/1.17.1/grpc-netty-1.17.1.jar:/home/user/.m2/repository/io/grpc/grpc-core/1.17.1/grpc-core-1.17.1.jar:/home/user/.m2/repository/io/grpc/grpc-context/1.17.1/grpc-context-1.17.1.jar:/home/user/.m2/repository/com/google/errorprone/error_prone_annotations/2.2.0/error_prone_annotations-2.2.0.jar:/home/user/.m2/repository/org/codehaus/mojo/animal-sniffer-annotations/1.17/animal-sniffer-annotations-1.17.jar:/home/user/.m2/repository/io/opencensus/opencensus-api/0.17.0/opencensus-api-0.17.0.jar:/home/user/.m2/repository/io/opencensus/opencensus-contrib-grpc-metrics/0.17.0/opencensus-contrib-grpc-metrics-0.17.0.jar:/home/user/.m2/repository/io/netty/netty-codec-http2/4.1.30.Final/netty-codec-http2-4.1.30.Final.jar:/home/user/.m2/repository/io/netty/netty-codec-http/4.1.30.Final/netty-codec-http-4.1.30.Final.jar:/home/user/.m2/repository/io/netty/netty-codec/4.1.30.Final/netty-codec-4.1.30.Final.jar:/home/user/.m2/repository/io/netty/netty-handler/4.1.30.Final/netty-handler-4.1.30.Final.jar:/home/user/.m2/repository/io/netty/netty-handler-proxy/4.1.30.Final/netty-handler-proxy-4.1.30.Final.jar:/home/user/.m2/repository/io/netty/netty-codec-socks/4.1.30.Final/netty-codec-socks-4.1.30.Final.jar:/home/user/.m2/repository/io/netty/netty-transport-native-epoll/4.1.30.Final/netty-transport-native-epoll-4.1.30.Final.jar:/home/user/.m2/repository/io/netty/netty-common/4.1.30.Final/netty-common-4.1.30.Final.jar:/home/user/.m2/repository/io/netty/netty-buffer/4.1.30.Final/netty-buffer-4.1.30.Final.jar:/home/user/.m2/repository/io/netty/netty-transport/4.1.30.Final/netty-transport-4.1.30.Final.jar:/home/user/.m2/repository/io/netty/netty-resolver/4.1.30.Final/netty-resolver-4.1.30.Final.jar:/home/user/.m2/repository/io/netty/netty-transport-native-unix-common/4.1.30.Final/netty-transport-native-unix-common-4.1.30.Final.jar:/home/user/.m2/repository/io/grpc/grpc-protobuf/1.17.1/grpc-protobuf-1.17.1.jar:/home/user/.m2/repository/com/google/api/grpc/proto-google-common-protos/1.0.0/proto-google-common-protos-1.0.0.jar:/home/user/.m2/repository/io/grpc/grpc-protobuf-lite/1.17.1/grpc-protobuf-lite-1.17.1.jar:/home/user/.m2/repository/io/grpc/grpc-stub/1.17.1/grpc-stub-1.17.1.jar:/tmp/workdir/hadoop-ozone/ozone-recon/target/classes:/tmp/workdir/hadoop-ozone/ozone-recon-codegen/target/classes:/home/user/.m2/repository/com/google/inject/extensions/guice-multibindings/4.0/guice-multibindings-4.0.jar:/home/user/.m2/repository/com/google/inject/guice/4.0/guice-4.0.jar:/home/user/.m2/repository/aopalliance/aopalliance/1.0/aopalliance-1.0.jar:/home/user/.m2/repository/com/google/inject/extensions/guice-servlet/4.0/guice-servlet-4.0.jar:/home/user/.m2/repository/org/glassfish/jersey/containers/jersey-container-servlet/2.27/jersey-container-servlet-2.27.jar:/home/user/.m2/repository/org/glassfish/hk2/guice-bridge/2.5.0/guice-bridge-2.5.0.jar:/home/user/.m2/repository/org/glassfish/jersey/core/jersey-server/2.27/jersey-server-2.27.jar:/home/user/.m2/repository/org/glassfish/jersey/core/jersey-client/2.27/jersey-client-2.27.jar:/home/user/.m2/repository/org/glassfish/jersey/media/jersey-media-jaxb/2.27/jersey-media-jaxb-2.27.jar:/home/user/.m2/repository/javax/validation/validation-api/1.1.0.Final/validation-api-1.1.0.Final.jar:/home/user/.m2/repository/org/glassfish/jersey/media/jersey-media-json-jackson/2.27/jersey-media-json-jackson-2.27.jar:/home/user/.m2/repository/org/glassfish/jersey/ext/jersey-entity-filtering/2.27/jersey-entity-filtering-2.27.jar:/home/user/.m2/repository/com/google/inject/extensions/guice-assistedinject/4.0/guice-assistedinject-4.0.jar:/home/user/.m2/repository/org/jooq/jooq/3.11.10/jooq-3.11.10.jar:/home/user/.m2/repository/org/jooq/jooq-meta/3.11.10/jooq-meta-3.11.10.jar:/home/user/.m2/repository/org/jooq/jooq-codegen/3.11.10/jooq-codegen-3.11.10.jar:/home/user/.m2/repository/com/jolbox/bonecp/0.8.0.RELEASE/bonecp-0.8.0.RELEASE.jar:/home/user/.m2/repository/org/springframework/spring-jdbc/5.1.3.RELEASE/spring-jdbc-5.1.3.RELEASE.jar:/home/user/.m2/repository/org/springframework/spring-beans/5.1.3.RELEASE/spring-beans-5.1.3.RELEASE.jar:/home/user/.m2/repository/org/springframework/spring-core/5.1.3.RELEASE/spring-core-5.1.3.RELEASE.jar:/home/user/.m2/repository/org/springframework/spring-jcl/5.1.3.RELEASE/spring-jcl-5.1.3.RELEASE.jar:/home/user/.m2/repository/org/springframework/spring-tx/5.1.3.RELEASE/spring-tx-5.1.3.RELEASE.jar:/home/user/.m2/repository/org/mockito/mockito-core/2.15.0/mockito-core-2.15.0.jar:/home/user/.m2/repository/net/bytebuddy/byte-buddy/1.7.9/byte-buddy-1.7.9.jar:/home/user/.m2/repository/net/bytebuddy/byte-buddy-agent/1.7.9/byte-buddy-agent-1.7.9.jar:/home/user/.m2/repository/org/objenesis/objenesis/1.0/objenesis-1.0.jar:"/>
    <property name="sun.cpu.endian" value="little"/>
    <property name="user.home" value="/home/user"/>
    <property name="user.language" value="en"/>
    <property name="java.specification.vendor" value="Oracle Corporation"/>
    <property name="java.home" value="/usr/lib/jvm/java-1.8-openjdk/jre"/>
    <property name="java.security.krb5.conf" value="/tmp/workdir/hadoop-ozone/tools/target/test-classes/krb5.conf"/>
    <property name="basedir" value="/tmp/workdir/hadoop-ozone/tools"/>
    <property name="file.separator" value="/"/>
    <property name="line.separator" value="&#10;"/>
    <property name="java.vm.specification.vendor" value="Oracle Corporation"/>
    <property name="java.specification.name" value="Java Platform API Specification"/>
    <property name="java.awt.graphicsenv" value="sun.awt.X11GraphicsEnvironment"/>
    <property name="surefire.real.class.path" value="/tmp/workdir/hadoop-ozone/tools/target/surefire/surefirebooter4282056952373961739.jar"/>
    <property name="hadoop.log.dir" value="/tmp/workdir/hadoop-ozone/tools/target/log"/>
    <property name="sun.boot.class.path" value="/usr/lib/jvm/java-1.8-openjdk/jre/lib/resources.jar:/usr/lib/jvm/java-1.8-openjdk/jre/lib/rt.jar:/usr/lib/jvm/java-1.8-openjdk/jre/lib/sunrsasign.jar:/usr/lib/jvm/java-1.8-openjdk/jre/lib/jsse.jar:/usr/lib/jvm/java-1.8-openjdk/jre/lib/jce.jar:/usr/lib/jvm/java-1.8-openjdk/jre/lib/charsets.jar:/usr/lib/jvm/java-1.8-openjdk/jre/lib/jfr.jar:/usr/lib/jvm/java-1.8-openjdk/jre/classes"/>
    <property name="sun.management.compiler" value="HotSpot 64-Bit Tiered Compilers"/>
    <property name="java.runtime.version" value="1.8.0_212-b04"/>
    <property name="java.net.preferIPv4Stack" value="true"/>
    <property name="user.name" value="jenkins1000"/>
    <property name="path.separator" value=":"/>
    <property name="java.security.egd" value="file:///dev/urandom"/>
    <property name="os.version" value="3.10.0-957.12.2.el7.x86_64"/>
    <property name="java.endorsed.dirs" value="/usr/lib/jvm/java-1.8-openjdk/jre/lib/endorsed"/>
    <property name="java.runtime.name" value="OpenJDK Runtime Environment"/>
    <property name="file.encoding" value="UTF-8"/>
    <property name="java.vm.name" value="OpenJDK 64-Bit Server VM"/>
    <property name="test.build.webapps" value=""/>
    <property name="localRepository" value="/home/user/.m2/repository"/>
    <property name="java.vendor.url.bug" value="https://icedtea.classpath.org/bugzilla"/>
    <property name="java.io.tmpdir" value="/tmp"/>
    <property name="require.test.libhadoop" value=""/>
    <property name="java.version" value="1.8.0_212"/>
    <property name="user.dir" value="/tmp/workdir/hadoop-ozone/tools"/>
    <property name="os.arch" value="amd64"/>
    <property name="java.vm.specification.name" value="Java Virtual Machine Specification"/>
    <property name="test.build.classes" value="/tmp/workdir/hadoop-ozone/tools/target/test-classes"/>
    <property name="java.awt.printerjob" value="sun.print.PSPrinterJob"/>
    <property name="sun.os.patch.level" value="unknown"/>
    <property name="hadoop.tmp.dir" value="/tmp/workdir/hadoop-ozone/tools/target/tmp"/>
    <property name="java.library.path" value="/usr/lib/jvm/java-1.8-openjdk/jre/lib/amd64/server:/usr/lib/jvm/java-1.8-openjdk/jre/lib/amd64:/usr/lib/jvm/java-1.8-openjdk/jre/../lib/amd64:/tmp/workdir/hadoop-ozone/tools/target/native/target/usr/local/lib:/tmp/workdir/hadoop-ozone/tools/../../hadoop-common-project/hadoop-common/target/native/target/usr/local/lib:/usr/java/packages/lib/amd64:/usr/lib64:/lib64:/lib:/usr/lib"/>
    <property name="java.vm.info" value="mixed mode"/>
    <property name="java.vendor" value="IcedTea"/>
    <property name="java.vm.version" value="25.212-b04"/>
    <property name="java.ext.dirs" value="/usr/lib/jvm/java-1.8-openjdk/jre/lib/ext:/usr/java/packages/lib/ext"/>
    <property name="sun.io.unicode.encoding" value="UnicodeLittle"/>
    <property name="java.class.version" value="52.0"/>
  </properties>
  <testcase name="ratisTest3" classname="org.apache.hadoop.ozone.freon.TestRandomKeyGenerator" time="5.369"/>
  <testcase name="testThreadPoolSize" classname="org.apache.hadoop.ozone.freon.TestRandomKeyGenerator" time="5.035"/>
  <testcase name="defaultTest" classname="org.apache.hadoop.ozone.freon.TestRandomKeyGenerator" time="5.03"/>
  <testcase name="bigFileThan2GB" classname="org.apache.hadoop.ozone.freon.TestRandomKeyGenerator" time="67.615">
    <error message="Allocated 0 blocks. Requested 1 blocks" type="INTERNAL_ERROR org.apache.hadoop.ozone.om.exceptions.OMException">INTERNAL_ERROR org.apache.hadoop.ozone.om.exceptions.OMException: Allocated 0 blocks. Requested 1 blocks
	at org.apache.hadoop.ozone.om.protocolPB.OzoneManagerProtocolClientSideTranslatorPB.handleError(OzoneManagerProtocolClientSideTranslatorPB.java:720)
	at org.apache.hadoop.ozone.om.protocolPB.OzoneManagerProtocolClientSideTranslatorPB.allocateBlock(OzoneManagerProtocolClientSideTranslatorPB.java:752)
	at org.apache.hadoop.ozone.client.io.BlockOutputStreamEntryPool.allocateNewBlock(BlockOutputStreamEntryPool.java:248)
	at org.apache.hadoop.ozone.client.io.BlockOutputStreamEntryPool.allocateBlockIfNeeded(BlockOutputStreamEntryPool.java:296)
	at org.apache.hadoop.ozone.client.io.KeyOutputStream.handleWrite(KeyOutputStream.java:201)
	at org.apache.hadoop.ozone.client.io.KeyOutputStream.write(KeyOutputStream.java:193)
	at org.apache.hadoop.ozone.client.io.OzoneOutputStream.write(OzoneOutputStream.java:49)
	at org.apache.hadoop.ozone.freon.RandomKeyGenerator$KeyProcessor.run(RandomKeyGenerator.java:693)
	at java.util.concurrent.Executors$RunnableAdapter.call(Executors.java:511)
	at java.util.concurrent.FutureTask.run(FutureTask.java:266)
	at java.util.concurrent.ThreadPoolExecutor.runWorker(ThreadPoolExecutor.java:1149)
	at java.util.concurrent.ThreadPoolExecutor$Worker.run(ThreadPoolExecutor.java:624)
	at java.lang.Thread.run(Thread.java:748)
</error>
    <system-out><![CDATA[2019-07-10 09:50:36,024 INFO  freon.RandomKeyGenerator (RandomKeyGenerator.java:call(262)) - Number of Threads: 1
2019-07-10 09:50:36,026 INFO  freon.RandomKeyGenerator (RandomKeyGenerator.java:call(267)) - Number of Volumes: 1.
2019-07-10 09:50:36,026 INFO  freon.RandomKeyGenerator (RandomKeyGenerator.java:call(268)) - Number of Buckets per Volume: 1.
2019-07-10 09:50:36,026 INFO  freon.RandomKeyGenerator (RandomKeyGenerator.java:call(269)) - Number of Keys per Bucket: 1.
2019-07-10 09:50:36,026 INFO  freon.RandomKeyGenerator (RandomKeyGenerator.java:call(270)) - Key size: 2147483657 bytes
2019-07-10 09:50:36,026 INFO  freon.RandomKeyGenerator (RandomKeyGenerator.java:call(271)) - Buffer size: 4096 bytes
2019-07-10 09:50:36,028 INFO  rpc.RpcClient (RpcClient.java:createVolume(289)) - Creating Volume: vol-0-00487, with jenkins1000 as owner.
2019-07-10 09:50:36,028 INFO  freon.RandomKeyGenerator (RandomKeyGenerator.java:call(286)) - Data validation is enabled.
2019-07-10 09:50:36,028 INFO  freon.RandomKeyGenerator (RandomKeyGenerator.java:call(299)) - Starting progress bar Thread.

 0.00% |█                                                                                                    |  0/1 Time: 0:00:002019-07-10 09:50:36,037 INFO  rpc.RpcClient (RpcClient.java:createBucket(426)) - Creating Bucket: vol-0-00487/bucket-0-42162, with Versioning false and Storage Type set to DISK and Encryption set to false 
2019-07-10 09:50:36,115 INFO  client.GrpcClientProtocolClient (GrpcClientProtocolClient.java:onNext(255)) - client-7D6108789623->cffe1303-2f93-4087-8a62-a40745db49f2: receive RaftClientReply:client-7D6108789623->cffe1303-2f93-4087-8a62-a40745db49f2@group-7D2873B646E2, cid=600, FAILED org.apache.ratis.protocol.NotLeaderException: Server cffe1303-2f93-4087-8a62-a40745db49f2 is not the leader (f80c66c4-8a3d-47db-b3f8-20b0bcb8a3f5:192.168.5.172:45338). Request must be sent to leader., logIndex=0, commits[cffe1303-2f93-4087-8a62-a40745db49f2:c704, 6e9bc0f4-a324-4be3-b201-2d39df7dad8a:c704, f80c66c4-8a3d-47db-b3f8-20b0bcb8a3f5:c704]
2019-07-10 09:50:36,185 INFO  client.GrpcClientProtocolClient (GrpcClientProtocolClient.java:onNext(255)) - client-7D6108789623->f80c66c4-8a3d-47db-b3f8-20b0bcb8a3f5: receive RaftClientReply:client-7D6108789623->f80c66c4-8a3d-47db-b3f8-20b0bcb8a3f5@group-7D2873B646E2, cid=600, SUCCESS, logIndex=705, commits[f80c66c4-8a3d-47db-b3f8-20b0bcb8a3f5:c705, 6e9bc0f4-a324-4be3-b201-2d39df7dad8a:c704, cffe1303-2f93-4087-8a62-a40745db49f2:c704]
2019-07-10 09:50:36,209 INFO  client.GrpcClientProtocolClient (GrpcClientProtocolClient.java:onNext(255)) - client-7D6108789623->f80c66c4-8a3d-47db-b3f8-20b0bcb8a3f5: receive RaftClientReply:client-7D6108789623->f80c66c4-8a3d-47db-b3f8-20b0bcb8a3f5@group-7D2873B646E2, cid=601, SUCCESS, logIndex=707, commits[f80c66c4-8a3d-47db-b3f8-20b0bcb8a3f5:c707, 6e9bc0f4-a324-4be3-b201-2d39df7dad8a:c706, cffe1303-2f93-4087-8a62-a40745db49f2:c706]
2019-07-10 09:50:36,216 INFO  client.GrpcClientProtocolClient (GrpcClientProtocolClient.java:onNext(255)) - client-7D6108789623->f80c66c4-8a3d-47db-b3f8-20b0bcb8a3f5: receive RaftClientReply:client-7D6108789623->f80c66c4-8a3d-47db-b3f8-20b0bcb8a3f5@group-7D2873B646E2, cid=602, SUCCESS, logIndex=708, commits[f80c66c4-8a3d-47db-b3f8-20b0bcb8a3f5:c708, 6e9bc0f4-a324-4be3-b201-2d39df7dad8a:c706, cffe1303-2f93-4087-8a62-a40745db49f2:c706]
2019-07-10 09:50:36,218 INFO  client.GrpcClientProtocolClient (GrpcClientProtocolClient.java:onNext(255)) - client-7D6108789623->f80c66c4-8a3d-47db-b3f8-20b0bcb8a3f5: receive RaftClientReply:client-7D6108789623->f80c66c4-8a3d-47db-b3f8-20b0bcb8a3f5@group-7D2873B646E2, cid=603, SUCCESS, logIndex=709, commits[f80c66c4-8a3d-47db-b3f8-20b0bcb8a3f5:c710, 6e9bc0f4-a324-4be3-b201-2d39df7dad8a:c707, cffe1303-2f93-4087-8a62-a40745db49f2:c706]
2019-07-10 09:50:36,224 INFO  client.GrpcClientProtocolClient (GrpcClientProtocolClient.java:onNext(255)) - client-7D6108789623->f80c66c4-8a3d-47db-b3f8-20b0bcb8a3f5: receive RaftClientReply:client-7D6108789623->f80c66c4-8a3d-47db-b3f8-20b0bcb8a3f5@group-7D2873B646E2, cid=604, SUCCESS, logIndex=0, commits[f80c66c4-8a3d-47db-b3f8-20b0bcb8a3f5:c710, 6e9bc0f4-a324-4be3-b201-2d39df7dad8a:c707, cffe1303-2f93-4087-8a62-a40745db49f2:c707]
2019-07-10 09:50:36,249 INFO  client.GrpcClientProtocolClient (GrpcClientProtocolClient.java:onNext(255)) - client-7D6108789623->f80c66c4-8a3d-47db-b3f8-20b0bcb8a3f5: receive RaftClientReply:client-7D6108789623->f80c66c4-8a3d-47db-b3f8-20b0bcb8a3f5@group-7D2873B646E2, cid=605, SUCCESS, logIndex=713, commits[f80c66c4-8a3d-47db-b3f8-20b0bcb8a3f5:c713, 6e9bc0f4-a324-4be3-b201-2d39df7dad8a:c712, cffe1303-2f93-4087-8a62-a40745db49f2:c712]
2019-07-10 09:50:36,249 INFO  client.GrpcClientProtocolClient (GrpcClientProtocolClient.java:onNext(255)) - client-7D6108789623->f80c66c4-8a3d-47db-b3f8-20b0bcb8a3f5: receive RaftClientReply:client-7D6108789623->f80c66c4-8a3d-47db-b3f8-20b0bcb8a3f5@group-7D2873B646E2, cid=606, SUCCESS, logIndex=714, commits[f80c66c4-8a3d-47db-b3f8-20b0bcb8a3f5:c714, 6e9bc0f4-a324-4be3-b201-2d39df7dad8a:c712, cffe1303-2f93-4087-8a62-a40745db49f2:c712]
2019-07-10 09:50:36,273 INFO  client.GrpcClientProtocolClient (GrpcClientProtocolClient.java:onNext(255)) - client-7D6108789623->f80c66c4-8a3d-47db-b3f8-20b0bcb8a3f5: receive RaftClientReply:client-7D6108789623->f80c66c4-8a3d-47db-b3f8-20b0bcb8a3f5@group-7D2873B646E2, cid=607, SUCCESS, logIndex=717, commits[f80c66c4-8a3d-47db-b3f8-20b0bcb8a3f5:c718, 6e9bc0f4-a324-4be3-b201-2d39df7dad8a:c714, cffe1303-2f93-4087-8a62-a40745db49f2:c714]
2019-07-10 09:50:36,273 INFO  client.GrpcClientProtocolClient (GrpcClientProtocolClient.java:onNext(255)) - client-7D6108789623->f80c66c4-8a3d-47db-b3f8-20b0bcb8a3f5: receive RaftClientReply:client-7D6108789623->f80c66c4-8a3d-47db-b3f8-20b0bcb8a3f5@group-7D2873B646E2, cid=608, SUCCESS, logIndex=718, commits[f80c66c4-8a3d-47db-b3f8-20b0bcb8a3f5:c718, 6e9bc0f4-a324-4be3-b201-2d39df7dad8a:c714, cffe1303-2f93-4087-8a62-a40745db49f2:c714]
2019-07-10 09:50:36,283 INFO  client.GrpcClientProtocolClient (GrpcClientProtocolClient.java:onNext(255)) - client-7D6108789623->f80c66c4-8a3d-47db-b3f8-20b0bcb8a3f5: receive RaftClientReply:client-7D6108789623->f80c66c4-8a3d-47db-b3f8-20b0bcb8a3f5@group-7D2873B646E2, cid=609, SUCCESS, logIndex=0, commits[f80c66c4-8a3d-47db-b3f8-20b0bcb8a3f5:c719, 6e9bc0f4-a324-4be3-b201-2d39df7dad8a:c718, cffe1303-2f93-4087-8a62-a40745db49f2:c718]
2019-07-10 09:50:36,306 INFO  client.GrpcClientProtocolClient (GrpcClientProtocolClient.java:onNext(255)) - client-7D6108789623->f80c66c4-8a3d-47db-b3f8-20b0bcb8a3f5: receive RaftClientReply:client-7D6108789623->f80c66c4-8a3d-47db-b3f8-20b0bcb8a3f5@group-7D2873B646E2, cid=610, SUCCESS, logIndex=721, commits[f80c66c4-8a3d-47db-b3f8-20b0bcb8a3f5:c723, 6e9bc0f4-a324-4be3-b201-2d39df7dad8a:c720, cffe1303-2f93-4087-8a62-a40745db49f2:c720]
2019-07-10 09:50:36,306 INFO  client.GrpcClientProtocolClient (GrpcClientProtocolClient.java:onNext(255)) - client-7D6108789623->f80c66c4-8a3d-47db-b3f8-20b0bcb8a3f5: receive RaftClientReply:client-7D6108789623->f80c66c4-8a3d-47db-b3f8-20b0bcb8a3f5@group-7D2873B646E2, cid=611, SUCCESS, logIndex=722, commits[f80c66c4-8a3d-47db-b3f8-20b0bcb8a3f5:c724, 6e9bc0f4-a324-4be3-b201-2d39df7dad8a:c720, cffe1303-2f93-4087-8a62-a40745db49f2:c720]
2019-07-10 09:50:36,307 INFO  client.GrpcClientProtocolClient (GrpcClientProtocolClient.java:onNext(255)) - client-7D6108789623->f80c66c4-8a3d-47db-b3f8-20b0bcb8a3f5: receive RaftClientReply:client-7D6108789623->f80c66c4-8a3d-47db-b3f8-20b0bcb8a3f5@group-7D2873B646E2, cid=612, SUCCESS, logIndex=723, commits[f80c66c4-8a3d-47db-b3f8-20b0bcb8a3f5:c724, 6e9bc0f4-a324-4be3-b201-2d39df7dad8a:c720, cffe1303-2f93-4087-8a62-a40745db49f2:c720]
2019-07-10 09:50:36,307 INFO  client.GrpcClientProtocolClient (GrpcClientProtocolClient.java:onNext(255)) - client-7D6108789623->f80c66c4-8a3d-47db-b3f8-20b0bcb8a3f5: receive RaftClientReply:client-7D6108789623->f80c66c4-8a3d-47db-b3f8-20b0bcb8a3f5@group-7D2873B646E2, cid=613, SUCCESS, logIndex=724, commits[f80c66c4-8a3d-47db-b3f8-20b0bcb8a3f5:c724, 6e9bc0f4-a324-4be3-b201-2d39df7dad8a:c720, cffe1303-2f93-4087-8a62-a40745db49f2:c720]
2019-07-10 09:50:36,319 INFO  client.GrpcClientProtocolClient (GrpcClientProtocolClient.java:onNext(255)) - client-7D6108789623->f80c66c4-8a3d-47db-b3f8-20b0bcb8a3f5: receive RaftClientReply:client-7D6108789623->f80c66c4-8a3d-47db-b3f8-20b0bcb8a3f5@group-7D2873B646E2, cid=614, SUCCESS, logIndex=0, commits[f80c66c4-8a3d-47db-b3f8-20b0bcb8a3f5:c725, 6e9bc0f4-a324-4be3-b201-2d39df7dad8a:c722, cffe1303-2f93-4087-8a62-a40745db49f2:c722]
2019-07-10 09:50:36,342 INFO  client.GrpcClientProtocolClient (GrpcClientProtocolClient.java:onNext(255)) - client-7D6108789623->f80c66c4-8a3d-47db-b3f8-20b0bcb8a3f5: receive RaftClientReply:client-7D6108789623->f80c66c4-8a3d-47db-b3f8-20b0bcb8a3f5@group-7D2873B646E2, cid=615, SUCCESS, logIndex=729, commits[f80c66c4-8a3d-47db-b3f8-20b0bcb8a3f5:c730, 6e9bc0f4-a324-4be3-b201-2d39df7dad8a:c728, cffe1303-2f93-4087-8a62-a40745db49f2:c728]
2019-07-10 09:50:36,343 INFO  client.GrpcClientProtocolClient (GrpcClientProtocolClient.java:onNext(255)) - client-7D6108789623->f80c66c4-8a3d-47db-b3f8-20b0bcb8a3f5: receive RaftClientReply:client-7D6108789623->f80c66c4-8a3d-47db-b3f8-20b0bcb8a3f5@group-7D2873B646E2, cid=616, SUCCESS, logIndex=730, commits[f80c66c4-8a3d-47db-b3f8-20b0bcb8a3f5:c730, 6e9bc0f4-a324-4be3-b201-2d39df7dad8a:c728, cffe1303-2f93-4087-8a62-a40745db49f2:c728]
2019-07-10 09:50:36,563 INFO  client.GrpcClientProtocolClient (GrpcClientProtocolClient.java:onNext(255)) - client-7D6108789623->f80c66c4-8a3d-47db-b3f8-20b0bcb8a3f5: receive RaftClientReply:client-7D6108789623->f80c66c4-8a3d-47db-b3f8-20b0bcb8a3f5@group-7D2873B646E2, cid=617, SUCCESS, logIndex=733, commits[f80c66c4-8a3d-47db-b3f8-20b0bcb8a3f5:c734, 6e9bc0f4-a324-4be3-b201-2d39df7dad8a:c730, cffe1303-2f93-4087-8a62-a40745db49f2:c730]
2019-07-10 09:50:36,564 INFO  client.GrpcClientProtocolClient (GrpcClientProtocolClient.java:onNext(255)) - client-7D6108789623->f80c66c4-8a3d-47db-b3f8-20b0bcb8a3f5: receive RaftClientReply:client-7D6108789623->f80c66c4-8a3d-47db-b3f8-20b0bcb8a3f5@group-7D2873B646E2, cid=618, SUCCESS, logIndex=734, commits[f80c66c4-8a3d-47db-b3f8-20b0bcb8a3f5:c734, 6e9bc0f4-a324-4be3-b201-2d39df7dad8a:c730, cffe1303-2f93-4087-8a62-a40745db49f2:c730]
2019-07-10 09:50:36,575 INFO  client.GrpcClientProtocolClient (GrpcClientProtocolClient.java:onNext(255)) - client-7D6108789623->f80c66c4-8a3d-47db-b3f8-20b0bcb8a3f5: receive RaftClientReply:client-7D6108789623->f80c66c4-8a3d-47db-b3f8-20b0bcb8a3f5@group-7D2873B646E2, cid=619, SUCCESS, logIndex=0, commits[f80c66c4-8a3d-47db-b3f8-20b0bcb8a3f5:c736, 6e9bc0f4-a324-4be3-b201-2d39df7dad8a:c734, cffe1303-2f93-4087-8a62-a40745db49f2:c734]
2019-07-10 09:50:36,600 INFO  client.GrpcClientProtocolClient (GrpcClientProtocolClient.java:onNext(255)) - client-7D6108789623->f80c66c4-8a3d-47db-b3f8-20b0bcb8a3f5: receive RaftClientReply:client-7D6108789623->f80c66c4-8a3d-47db-b3f8-20b0bcb8a3f5@group-7D2873B646E2, cid=620, SUCCESS, logIndex=737, commits[f80c66c4-8a3d-47db-b3f8-20b0bcb8a3f5:c740, 6e9bc0f4-a324-4be3-b201-2d39df7dad8a:c736, cffe1303-2f93-4087-8a62-a40745db49f2:c736]
2019-07-10 09:50:36,601 INFO  client.GrpcClientProtocolClient (GrpcClientProtocolClient.java:onNext(255)) - client-7D6108789623->f80c66c4-8a3d-47db-b3f8-20b0bcb8a3f5: receive RaftClientReply:client-7D6108789623->f80c66c4-8a3d-47db-b3f8-20b0bcb8a3f5@group-7D2873B646E2, cid=621, SUCCESS, logIndex=738, commits[f80c66c4-8a3d-47db-b3f8-20b0bcb8a3f5:c740, 6e9bc0f4-a324-4be3-b201-2d39df7dad8a:c736, cffe1303-2f93-4087-8a62-a40745db49f2:c736]
2019-07-10 09:50:36,601 INFO  client.GrpcClientProtocolClient (GrpcClientProtocolClient.java:onNext(255)) - client-7D6108789623->f80c66c4-8a3d-47db-b3f8-20b0bcb8a3f5: receive RaftClientReply:client-7D6108789623->f80c66c4-8a3d-47db-b3f8-20b0bcb8a3f5@group-7D2873B646E2, cid=622, SUCCESS, logIndex=739, commits[f80c66c4-8a3d-47db-b3f8-20b0bcb8a3f5:c740, 6e9bc0f4-a324-4be3-b201-2d39df7dad8a:c736, cffe1303-2f93-4087-8a62-a40745db49f2:c736]
2019-07-10 09:50:36,601 INFO  client.GrpcClientProtocolClient (GrpcClientProtocolClient.java:onNext(255)) - client-7D6108789623->f80c66c4-8a3d-47db-b3f8-20b0bcb8a3f5: receive RaftClientReply:client-7D6108789623->f80c66c4-8a3d-47db-b3f8-20b0bcb8a3f5@group-7D2873B646E2, cid=623, SUCCESS, logIndex=740, commits[f80c66c4-8a3d-47db-b3f8-20b0bcb8a3f5:c740, 6e9bc0f4-a324-4be3-b201-2d39df7dad8a:c736, cffe1303-2f93-4087-8a62-a40745db49f2:c736]
2019-07-10 09:50:36,619 INFO  client.GrpcClientProtocolClient (GrpcClientProtocolClient.java:onNext(255)) - client-7D6108789623->f80c66c4-8a3d-47db-b3f8-20b0bcb8a3f5: receive RaftClientReply:client-7D6108789623->f80c66c4-8a3d-47db-b3f8-20b0bcb8a3f5@group-7D2873B646E2, cid=624, SUCCESS, logIndex=0, commits[f80c66c4-8a3d-47db-b3f8-20b0bcb8a3f5:c742, 6e9bc0f4-a324-4be3-b201-2d39df7dad8a:c738, cffe1303-2f93-4087-8a62-a40745db49f2:c738]
2019-07-10 09:50:36,642 INFO  client.GrpcClientProtocolClient (GrpcClientProtocolClient.java:onNext(255)) - client-7D6108789623->f80c66c4-8a3d-47db-b3f8-20b0bcb8a3f5: receive RaftClientReply:client-7D6108789623->f80c66c4-8a3d-47db-b3f8-20b0bcb8a3f5@group-7D2873B646E2, cid=625, SUCCESS, logIndex=745, commits[f80c66c4-8a3d-47db-b3f8-20b0bcb8a3f5:c746, 6e9bc0f4-a324-4be3-b201-2d39df7dad8a:c744, cffe1303-2f93-4087-8a62-a40745db49f2:c744]
2019-07-10 09:50:36,643 INFO  client.GrpcClientProtocolClient (GrpcClientProtocolClient.java:onNext(255)) - client-7D6108789623->f80c66c4-8a3d-47db-b3f8-20b0bcb8a3f5: receive RaftClientReply:client-7D6108789623->f80c66c4-8a3d-47db-b3f8-20b0bcb8a3f5@group-7D2873B646E2, cid=626, SUCCESS, logIndex=746, commits[f80c66c4-8a3d-47db-b3f8-20b0bcb8a3f5:c746, 6e9bc0f4-a324-4be3-b201-2d39df7dad8a:c744, cffe1303-2f93-4087-8a62-a40745db49f2:c744]
2019-07-10 09:50:36,669 INFO  client.GrpcClientProtocolClient (GrpcClientProtocolClient.java:onNext(255)) - client-7D6108789623->f80c66c4-8a3d-47db-b3f8-20b0bcb8a3f5: receive RaftClientReply:client-7D6108789623->f80c66c4-8a3d-47db-b3f8-20b0bcb8a3f5@group-7D2873B646E2, cid=627, SUCCESS, logIndex=749, commits[f80c66c4-8a3d-47db-b3f8-20b0bcb8a3f5:c750, 6e9bc0f4-a324-4be3-b201-2d39df7dad8a:c747, cffe1303-2f93-4087-8a62-a40745db49f2:c746]
2019-07-10 09:50:36,670 INFO  client.GrpcClientProtocolClient (GrpcClientProtocolClient.java:onNext(255)) - client-7D6108789623->f80c66c4-8a3d-47db-b3f8-20b0bcb8a3f5: receive RaftClientReply:client-7D6108789623->f80c66c4-8a3d-47db-b3f8-20b0bcb8a3f5@group-7D2873B646E2, cid=628, SUCCESS, logIndex=750, commits[f80c66c4-8a3d-47db-b3f8-20b0bcb8a3f5:c750, 6e9bc0f4-a324-4be3-b201-2d39df7dad8a:c747, cffe1303-2f93-4087-8a62-a40745db49f2:c746]
2019-07-10 09:50:36,679 INFO  client.GrpcClientProtocolClient (GrpcClientProtocolClient.java:onNext(255)) - client-7D6108789623->f80c66c4-8a3d-47db-b3f8-20b0bcb8a3f5: receive RaftClientReply:client-7D6108789623->f80c66c4-8a3d-47db-b3f8-20b0bcb8a3f5@group-7D2873B646E2, cid=629, SUCCESS, logIndex=0, commits[f80c66c4-8a3d-47db-b3f8-20b0bcb8a3f5:c751, 6e9bc0f4-a324-4be3-b201-2d39df7dad8a:c750, cffe1303-2f93-4087-8a62-a40745db49f2:c750]
2019-07-10 09:50:36,703 INFO  client.GrpcClientProtocolClient (GrpcClientProtocolClient.java:onNext(255)) - client-7D6108789623->f80c66c4-8a3d-47db-b3f8-20b0bcb8a3f5: receive RaftClientReply:client-7D6108789623->f80c66c4-8a3d-47db-b3f8-20b0bcb8a3f5@group-7D2873B646E2, cid=630, SUCCESS, logIndex=753, commits[f80c66c4-8a3d-47db-b3f8-20b0bcb8a3f5:c756, 6e9bc0f4-a324-4be3-b201-2d39df7dad8a:c752, cffe1303-2f93-4087-8a62-a40745db49f2:c752]
2019-07-10 09:50:36,704 INFO  client.GrpcClientProtocolClient (GrpcClientProtocolClient.java:onNext(255)) - client-7D6108789623->f80c66c4-8a3d-47db-b3f8-20b0bcb8a3f5: receive RaftClientReply:client-7D6108789623->f80c66c4-8a3d-47db-b3f8-20b0bcb8a3f5@group-7D2873B646E2, cid=631, SUCCESS, logIndex=754, commits[f80c66c4-8a3d-47db-b3f8-20b0bcb8a3f5:c756, 6e9bc0f4-a324-4be3-b201-2d39df7dad8a:c752, cffe1303-2f93-4087-8a62-a40745db49f2:c752]
2019-07-10 09:50:36,705 INFO  client.GrpcClientProtocolClient (GrpcClientProtocolClient.java:onNext(255)) - client-7D6108789623->f80c66c4-8a3d-47db-b3f8-20b0bcb8a3f5: receive RaftClientReply:client-7D6108789623->f80c66c4-8a3d-47db-b3f8-20b0bcb8a3f5@group-7D2873B646E2, cid=632, SUCCESS, logIndex=755, commits[f80c66c4-8a3d-47db-b3f8-20b0bcb8a3f5:c756, 6e9bc0f4-a324-4be3-b201-2d39df7dad8a:c752, cffe1303-2f93-4087-8a62-a40745db49f2:c752]
2019-07-10 09:50:36,706 INFO  client.GrpcClientProtocolClient (GrpcClientProtocolClient.java:onNext(255)) - client-7D6108789623->f80c66c4-8a3d-47db-b3f8-20b0bcb8a3f5: receive RaftClientReply:client-7D6108789623->f80c66c4-8a3d-47db-b3f8-20b0bcb8a3f5@group-7D2873B646E2, cid=633, SUCCESS, logIndex=756, commits[f80c66c4-8a3d-47db-b3f8-20b0bcb8a3f5:c756, 6e9bc0f4-a324-4be3-b201-2d39df7dad8a:c752, cffe1303-2f93-4087-8a62-a40745db49f2:c752]
2019-07-10 09:50:36,708 INFO  client.GrpcClientProtocolClient (GrpcClientProtocolClient.java:onNext(255)) - client-7D6108789623->f80c66c4-8a3d-47db-b3f8-20b0bcb8a3f5: receive RaftClientReply:client-7D6108789623->f80c66c4-8a3d-47db-b3f8-20b0bcb8a3f5@group-7D2873B646E2, cid=634, SUCCESS, logIndex=0, commits[f80c66c4-8a3d-47db-b3f8-20b0bcb8a3f5:c760, 6e9bc0f4-a324-4be3-b201-2d39df7dad8a:c756, cffe1303-2f93-4087-8a62-a40745db49f2:c755]
2019-07-10 09:50:36,734 INFO  client.GrpcClientProtocolClient (GrpcClientProtocolClient.java:onNext(255)) - client-7D6108789623->f80c66c4-8a3d-47db-b3f8-20b0bcb8a3f5: receive RaftClientReply:client-7D6108789623->f80c66c4-8a3d-47db-b3f8-20b0bcb8a3f5@group-7D2873B646E2, cid=635, SUCCESS, logIndex=761, commits[f80c66c4-8a3d-47db-b3f8-20b0bcb8a3f5:c762, 6e9bc0f4-a324-4be3-b201-2d39df7dad8a:c760, cffe1303-2f93-4087-8a62-a40745db49f2:c760]
2019-07-10 09:50:36,735 INFO  client.GrpcClientProtocolClient (GrpcClientProtocolClient.java:onNext(255)) - client-7D6108789623->f80c66c4-8a3d-47db-b3f8-20b0bcb8a3f5: receive RaftClientReply:client-7D6108789623->f80c66c4-8a3d-47db-b3f8-20b0bcb8a3f5@group-7D2873B646E2, cid=636, SUCCESS, logIndex=762, commits[f80c66c4-8a3d-47db-b3f8-20b0bcb8a3f5:c762, 6e9bc0f4-a324-4be3-b201-2d39df7dad8a:c760, cffe1303-2f93-4087-8a62-a40745db49f2:c760]
2019-07-10 09:50:36,760 INFO  client.GrpcClientProtocolClient (GrpcClientProtocolClient.java:onNext(255)) - client-7D6108789623->f80c66c4-8a3d-47db-b3f8-20b0bcb8a3f5: receive RaftClientReply:client-7D6108789623->f80c66c4-8a3d-47db-b3f8-20b0bcb8a3f5@group-7D2873B646E2, cid=637, SUCCESS, logIndex=765, commits[f80c66c4-8a3d-47db-b3f8-20b0bcb8a3f5:c766, 6e9bc0f4-a324-4be3-b201-2d39df7dad8a:c764, cffe1303-2f93-4087-8a62-a40745db49f2:c764]
2019-07-10 09:50:36,760 INFO  client.GrpcClientProtocolClient (GrpcClientProtocolClient.java:onNext(255)) - client-7D6108789623->f80c66c4-8a3d-47db-b3f8-20b0bcb8a3f5: receive RaftClientReply:client-7D6108789623->f80c66c4-8a3d-47db-b3f8-20b0bcb8a3f5@group-7D2873B646E2, cid=638, SUCCESS, logIndex=766, commits[f80c66c4-8a3d-47db-b3f8-20b0bcb8a3f5:c766, 6e9bc0f4-a324-4be3-b201-2d39df7dad8a:c764, cffe1303-2f93-4087-8a62-a40745db49f2:c764]
2019-07-10 09:50:36,763 INFO  client.GrpcClientProtocolClient (GrpcClientProtocolClient.java:onNext(255)) - client-7D6108789623->f80c66c4-8a3d-47db-b3f8-20b0bcb8a3f5: receive RaftClientReply:client-7D6108789623->f80c66c4-8a3d-47db-b3f8-20b0bcb8a3f5@group-7D2873B646E2, cid=639, SUCCESS, logIndex=0, commits[f80c66c4-8a3d-47db-b3f8-20b0bcb8a3f5:c767, 6e9bc0f4-a324-4be3-b201-2d39df7dad8a:c766, cffe1303-2f93-4087-8a62-a40745db49f2:c766]
2019-07-10 09:50:36,791 INFO  client.GrpcClientProtocolClient (GrpcClientProtocolClient.java:onNext(255)) - client-7D6108789623->f80c66c4-8a3d-47db-b3f8-20b0bcb8a3f5: receive RaftClientReply:client-7D6108789623->f80c66c4-8a3d-47db-b3f8-20b0bcb8a3f5@group-7D2873B646E2, cid=640, SUCCESS, logIndex=769, commits[f80c66c4-8a3d-47db-b3f8-20b0bcb8a3f5:c772, 6e9bc0f4-a324-4be3-b201-2d39df7dad8a:c768, cffe1303-2f93-4087-8a62-a40745db49f2:c768]
2019-07-10 09:50:36,791 INFO  client.GrpcClientProtocolClient (GrpcClientProtocolClient.java:onNext(255)) - client-7D6108789623->f80c66c4-8a3d-47db-b3f8-20b0bcb8a3f5: receive RaftClientReply:client-7D6108789623->f80c66c4-8a3d-47db-b3f8-20b0bcb8a3f5@group-7D2873B646E2, cid=641, SUCCESS, logIndex=770, commits[f80c66c4-8a3d-47db-b3f8-20b0bcb8a3f5:c772, 6e9bc0f4-a324-4be3-b201-2d39df7dad8a:c768, cffe1303-2f93-4087-8a62-a40745db49f2:c768]
2019-07-10 09:50:36,792 INFO  client.GrpcClientProtocolClient (GrpcClientProtocolClient.java:onNext(255)) - client-7D6108789623->f80c66c4-8a3d-47db-b3f8-20b0bcb8a3f5: receive RaftClientReply:client-7D6108789623->f80c66c4-8a3d-47db-b3f8-20b0bcb8a3f5@group-7D2873B646E2, cid=642, SUCCESS, logIndex=771, commits[f80c66c4-8a3d-47db-b3f8-20b0bcb8a3f5:c772, 6e9bc0f4-a324-4be3-b201-2d39df7dad8a:c768, cffe1303-2f93-4087-8a62-a40745db49f2:c768]
2019-07-10 09:50:36,792 INFO  client.GrpcClientProtocolClient (GrpcClientProtocolClient.java:onNext(255)) - client-7D6108789623->f80c66c4-8a3d-47db-b3f8-20b0bcb8a3f5: receive RaftClientReply:client-7D6108789623->f80c66c4-8a3d-47db-b3f8-20b0bcb8a3f5@group-7D2873B646E2, cid=643, SUCCESS, logIndex=772, commits[f80c66c4-8a3d-47db-b3f8-20b0bcb8a3f5:c772, 6e9bc0f4-a324-4be3-b201-2d39df7dad8a:c768, cffe1303-2f93-4087-8a62-a40745db49f2:c768]
2019-07-10 09:50:36,801 INFO  client.GrpcClientProtocolClient (GrpcClientProtocolClient.java:onNext(255)) - client-7D6108789623->f80c66c4-8a3d-47db-b3f8-20b0bcb8a3f5: receive RaftClientReply:client-7D6108789623->f80c66c4-8a3d-47db-b3f8-20b0bcb8a3f5@group-7D2873B646E2, cid=644, SUCCESS, logIndex=0, commits[f80c66c4-8a3d-47db-b3f8-20b0bcb8a3f5:c773, 6e9bc0f4-a324-4be3-b201-2d39df7dad8a:c770, cffe1303-2f93-4087-8a62-a40745db49f2:c770]
2019-07-10 09:50:36,823 INFO  client.GrpcClientProtocolClient (GrpcClientProtocolClient.java:onNext(255)) - client-7D6108789623->f80c66c4-8a3d-47db-b3f8-20b0bcb8a3f5: receive RaftClientReply:client-7D6108789623->f80c66c4-8a3d-47db-b3f8-20b0bcb8a3f5@group-7D2873B646E2, cid=645, SUCCESS, logIndex=777, commits[f80c66c4-8a3d-47db-b3f8-20b0bcb8a3f5:c778, 6e9bc0f4-a324-4be3-b201-2d39df7dad8a:c776, cffe1303-2f93-4087-8a62-a40745db49f2:c776]
2019-07-10 09:50:36,823 INFO  client.GrpcClientProtocolClient (GrpcClientProtocolClient.java:onNext(255)) - client-7D6108789623->f80c66c4-8a3d-47db-b3f8-20b0bcb8a3f5: receive RaftClientReply:client-7D6108789623->f80c66c4-8a3d-47db-b3f8-20b0bcb8a3f5@group-7D2873B646E2, cid=646, SUCCESS, logIndex=778, commits[f80c66c4-8a3d-47db-b3f8-20b0bcb8a3f5:c778, 6e9bc0f4-a324-4be3-b201-2d39df7dad8a:c776, cffe1303-2f93-4087-8a62-a40745db49f2:c776]
2019-07-10 09:50:36,847 INFO  client.GrpcClientProtocolClient (GrpcClientProtocolClient.java:onNext(255)) - client-7D6108789623->f80c66c4-8a3d-47db-b3f8-20b0bcb8a3f5: receive RaftClientReply:client-7D6108789623->f80c66c4-8a3d-47db-b3f8-20b0bcb8a3f5@group-7D2873B646E2, cid=647, SUCCESS, logIndex=781, commits[f80c66c4-8a3d-47db-b3f8-20b0bcb8a3f5:c782, 6e9bc0f4-a324-4be3-b201-2d39df7dad8a:c778, cffe1303-2f93-4087-8a62-a40745db49f2:c778]
2019-07-10 09:50:36,847 INFO  client.GrpcClientProtocolClient (GrpcClientProtocolClient.java:onNext(255)) - client-7D6108789623->f80c66c4-8a3d-47db-b3f8-20b0bcb8a3f5: receive RaftClientReply:client-7D6108789623->f80c66c4-8a3d-47db-b3f8-20b0bcb8a3f5@group-7D2873B646E2, cid=648, SUCCESS, logIndex=782, commits[f80c66c4-8a3d-47db-b3f8-20b0bcb8a3f5:c782, 6e9bc0f4-a324-4be3-b201-2d39df7dad8a:c778, cffe1303-2f93-4087-8a62-a40745db49f2:c778]
2019-07-10 09:50:36,858 INFO  client.GrpcClientProtocolClient (GrpcClientProtocolClient.java:onNext(255)) - client-7D6108789623->f80c66c4-8a3d-47db-b3f8-20b0bcb8a3f5: receive RaftClientReply:client-7D6108789623->f80c66c4-8a3d-47db-b3f8-20b0bcb8a3f5@group-7D2873B646E2, cid=649, SUCCESS, logIndex=0, commits[f80c66c4-8a3d-47db-b3f8-20b0bcb8a3f5:c784, 6e9bc0f4-a324-4be3-b201-2d39df7dad8a:c782, cffe1303-2f93-4087-8a62-a40745db49f2:c782]
2019-07-10 09:50:36,881 INFO  client.GrpcClientProtocolClient (GrpcClientProtocolClient.java:onNext(255)) - client-7D6108789623->f80c66c4-8a3d-47db-b3f8-20b0bcb8a3f5: receive RaftClientReply:client-7D6108789623->f80c66c4-8a3d-47db-b3f8-20b0bcb8a3f5@group-7D2873B646E2, cid=650, SUCCESS, logIndex=785, commits[f80c66c4-8a3d-47db-b3f8-20b0bcb8a3f5:c786, 6e9bc0f4-a324-4be3-b201-2d39df7dad8a:c784, cffe1303-2f93-4087-8a62-a40745db49f2:c784]
2019-07-10 09:50:36,882 INFO  client.GrpcClientProtocolClient (GrpcClientProtocolClient.java:onNext(255)) - client-7D6108789623->f80c66c4-8a3d-47db-b3f8-20b0bcb8a3f5: receive RaftClientReply:client-7D6108789623->f80c66c4-8a3d-47db-b3f8-20b0bcb8a3f5@group-7D2873B646E2, cid=651, SUCCESS, logIndex=786, commits[f80c66c4-8a3d-47db-b3f8-20b0bcb8a3f5:c786, 6e9bc0f4-a324-4be3-b201-2d39df7dad8a:c784, cffe1303-2f93-4087-8a62-a40745db49f2:c784]
2019-07-10 09:50:36,883 INFO  client.GrpcClientProtocolClient (GrpcClientProtocolClient.java:onNext(255)) - client-7D6108789623->f80c66c4-8a3d-47db-b3f8-20b0bcb8a3f5: receive RaftClientReply:client-7D6108789623->f80c66c4-8a3d-47db-b3f8-20b0bcb8a3f5@group-7D2873B646E2, cid=652, SUCCESS, logIndex=787, commits[f80c66c4-8a3d-47db-b3f8-20b0bcb8a3f5:c787, 6e9bc0f4-a324-4be3-b201-2d39df7dad8a:c784, cffe1303-2f93-4087-8a62-a40745db49f2:c784]
2019-07-10 09:50:36,884 INFO  client.GrpcClientProtocolClient (GrpcClientProtocolClient.java:onNext(255)) - client-7D6108789623->f80c66c4-8a3d-47db-b3f8-20b0bcb8a3f5: receive RaftClientReply:client-7D6108789623->f80c66c4-8a3d-47db-b3f8-20b0bcb8a3f5@group-7D2873B646E2, cid=653, SUCCESS, logIndex=788, commits[f80c66c4-8a3d-47db-b3f8-20b0bcb8a3f5:c788, 6e9bc0f4-a324-4be3-b201-2d39df7dad8a:c784, cffe1303-2f93-4087-8a62-a40745db49f2:c784]
2019-07-10 09:50:36,885 INFO  client.GrpcClientProtocolClient (GrpcClientProtocolClient.java:onNext(255)) - client-7D6108789623->f80c66c4-8a3d-47db-b3f8-20b0bcb8a3f5: receive RaftClientReply:client-7D6108789623->f80c66c4-8a3d-47db-b3f8-20b0bcb8a3f5@group-7D2873B646E2, cid=654, SUCCESS, logIndex=0, commits[f80c66c4-8a3d-47db-b3f8-20b0bcb8a3f5:c791, 6e9bc0f4-a324-4be3-b201-2d39df7dad8a:c788, cffe1303-2f93-4087-8a62-a40745db49f2:c786]
2019-07-10 09:50:36,907 INFO  client.GrpcClientProtocolClient (GrpcClientProtocolClient.java:onNext(255)) - client-7D6108789623->f80c66c4-8a3d-47db-b3f8-20b0bcb8a3f5: receive RaftClientReply:client-7D6108789623->f80c66c4-8a3d-47db-b3f8-20b0bcb8a3f5@group-7D2873B646E2, cid=655, SUCCESS, logIndex=793, commits[f80c66c4-8a3d-47db-b3f8-20b0bcb8a3f5:c794, 6e9bc0f4-a324-4be3-b201-2d39df7dad8a:c792, cffe1303-2f93-4087-8a62-a40745db49f2:c792]
2019-07-10 09:50:36,907 INFO  client.GrpcClientProtocolClient (GrpcClientProtocolClient.java:onNext(255)) - client-7D6108789623->f80c66c4-8a3d-47db-b3f8-20b0bcb8a3f5: receive RaftClientReply:client-7D6108789623->f80c66c4-8a3d-47db-b3f8-20b0bcb8a3f5@group-7D2873B646E2, cid=656, SUCCESS, logIndex=794, commits[f80c66c4-8a3d-47db-b3f8-20b0bcb8a3f5:c794, 6e9bc0f4-a324-4be3-b201-2d39df7dad8a:c792, cffe1303-2f93-4087-8a62-a40745db49f2:c792]
2019-07-10 09:50:36,931 INFO  client.GrpcClientProtocolClient (GrpcClientProtocolClient.java:onNext(255)) - client-7D6108789623->f80c66c4-8a3d-47db-b3f8-20b0bcb8a3f5: receive RaftClientReply:client-7D6108789623->f80c66c4-8a3d-47db-b3f8-20b0bcb8a3f5@group-7D2873B646E2, cid=657, SUCCESS, logIndex=797, commits[f80c66c4-8a3d-47db-b3f8-20b0bcb8a3f5:c798, 6e9bc0f4-a324-4be3-b201-2d39df7dad8a:c794, cffe1303-2f93-4087-8a62-a40745db49f2:c794]
2019-07-10 09:50:36,932 INFO  client.GrpcClientProtocolClient (GrpcClientProtocolClient.java:onNext(255)) - client-7D6108789623->f80c66c4-8a3d-47db-b3f8-20b0bcb8a3f5: receive RaftClientReply:client-7D6108789623->f80c66c4-8a3d-47db-b3f8-20b0bcb8a3f5@group-7D2873B646E2, cid=658, SUCCESS, logIndex=798, commits[f80c66c4-8a3d-47db-b3f8-20b0bcb8a3f5:c798, 6e9bc0f4-a324-4be3-b201-2d39df7dad8a:c794, cffe1303-2f93-4087-8a62-a40745db49f2:c794]
2019-07-10 09:50:36,934 INFO  client.GrpcClientProtocolClient (GrpcClientProtocolClient.java:onNext(255)) - client-7D6108789623->f80c66c4-8a3d-47db-b3f8-20b0bcb8a3f5: receive RaftClientReply:client-7D6108789623->f80c66c4-8a3d-47db-b3f8-20b0bcb8a3f5@group-7D2873B646E2, cid=659, SUCCESS, logIndex=0, commits[f80c66c4-8a3d-47db-b3f8-20b0bcb8a3f5:c799, 6e9bc0f4-a324-4be3-b201-2d39df7dad8a:c798, cffe1303-2f93-4087-8a62-a40745db49f2:c798]
2019-07-10 09:50:36,956 INFO  client.GrpcClientProtocolClient (GrpcClientProtocolClient.java:onNext(255)) - client-7D6108789623->f80c66c4-8a3d-47db-b3f8-20b0bcb8a3f5: receive RaftClientReply:client-7D6108789623->f80c66c4-8a3d-47db-b3f8-20b0bcb8a3f5@group-7D2873B646E2, cid=660, SUCCESS, logIndex=801, commits[f80c66c4-8a3d-47db-b3f8-20b0bcb8a3f5:c802, 6e9bc0f4-a324-4be3-b201-2d39df7dad8a:c800, cffe1303-2f93-4087-8a62-a40745db49f2:c800]
2019-07-10 09:50:36,957 INFO  client.GrpcClientProtocolClient (GrpcClientProtocolClient.java:onNext(255)) - client-7D6108789623->f80c66c4-8a3d-47db-b3f8-20b0bcb8a3f5: receive RaftClientReply:client-7D6108789623->f80c66c4-8a3d-47db-b3f8-20b0bcb8a3f5@group-7D2873B646E2, cid=661, SUCCESS, logIndex=802, commits[f80c66c4-8a3d-47db-b3f8-20b0bcb8a3f5:c803, 6e9bc0f4-a324-4be3-b201-2d39df7dad8a:c800, cffe1303-2f93-4087-8a62-a40745db49f2:c800]
2019-07-10 09:50:36,957 INFO  client.GrpcClientProtocolClient (GrpcClientProtocolClient.java:onNext(255)) - client-7D6108789623->f80c66c4-8a3d-47db-b3f8-20b0bcb8a3f5: receive RaftClientReply:client-7D6108789623->f80c66c4-8a3d-47db-b3f8-20b0bcb8a3f5@group-7D2873B646E2, cid=662, SUCCESS, logIndex=803, commits[f80c66c4-8a3d-47db-b3f8-20b0bcb8a3f5:c804, 6e9bc0f4-a324-4be3-b201-2d39df7dad8a:c800, cffe1303-2f93-4087-8a62-a40745db49f2:c800]
2019-07-10 09:50:36,958 INFO  client.GrpcClientProtocolClient (GrpcClientProtocolClient.java:onNext(255)) - client-7D6108789623->f80c66c4-8a3d-47db-b3f8-20b0bcb8a3f5: receive RaftClientReply:client-7D6108789623->f80c66c4-8a3d-47db-b3f8-20b0bcb8a3f5@group-7D2873B646E2, cid=663, SUCCESS, logIndex=804, commits[f80c66c4-8a3d-47db-b3f8-20b0bcb8a3f5:c804, 6e9bc0f4-a324-4be3-b201-2d39df7dad8a:c800, cffe1303-2f93-4087-8a62-a40745db49f2:c800]
2019-07-10 09:50:36,959 INFO  client.GrpcClientProtocolClient (GrpcClientProtocolClient.java:onNext(255)) - client-7D6108789623->f80c66c4-8a3d-47db-b3f8-20b0bcb8a3f5: receive RaftClientReply:client-7D6108789623->f80c66c4-8a3d-47db-b3f8-20b0bcb8a3f5@group-7D2873B646E2, cid=664, SUCCESS, logIndex=0, commits[f80c66c4-8a3d-47db-b3f8-20b0bcb8a3f5:c808, 6e9bc0f4-a324-4be3-b201-2d39df7dad8a:c804, cffe1303-2f93-4087-8a62-a40745db49f2:c804]
2019-07-10 09:50:36,976 INFO  client.GrpcClientProtocolClient (GrpcClientProtocolClient.java:onNext(255)) - client-7D6108789623->f80c66c4-8a3d-47db-b3f8-20b0bcb8a3f5: receive RaftClientReply:client-7D6108789623->f80c66c4-8a3d-47db-b3f8-20b0bcb8a3f5@group-7D2873B646E2, cid=665, SUCCESS, logIndex=809, commits[f80c66c4-8a3d-47db-b3f8-20b0bcb8a3f5:c810, 6e9bc0f4-a324-4be3-b201-2d39df7dad8a:c808, cffe1303-2f93-4087-8a62-a40745db49f2:c808]
2019-07-10 09:50:36,977 INFO  client.GrpcClientProtocolClient (GrpcClientProtocolClient.java:onNext(255)) - client-7D6108789623->f80c66c4-8a3d-47db-b3f8-20b0bcb8a3f5: receive RaftClientReply:client-7D6108789623->f80c66c4-8a3d-47db-b3f8-20b0bcb8a3f5@group-7D2873B646E2, cid=666, SUCCESS, logIndex=810, commits[f80c66c4-8a3d-47db-b3f8-20b0bcb8a3f5:c810, 6e9bc0f4-a324-4be3-b201-2d39df7dad8a:c808, cffe1303-2f93-4087-8a62-a40745db49f2:c808]
2019-07-10 09:50:36,999 INFO  client.GrpcClientProtocolClient (GrpcClientProtocolClient.java:onNext(255)) - client-7D6108789623->f80c66c4-8a3d-47db-b3f8-20b0bcb8a3f5: receive RaftClientReply:client-7D6108789623->f80c66c4-8a3d-47db-b3f8-20b0bcb8a3f5@group-7D2873B646E2, cid=667, SUCCESS, logIndex=813, commits[f80c66c4-8a3d-47db-b3f8-20b0bcb8a3f5:c814, 6e9bc0f4-a324-4be3-b201-2d39df7dad8a:c810, cffe1303-2f93-4087-8a62-a40745db49f2:c810]
2019-07-10 09:50:37,000 INFO  client.GrpcClientProtocolClient (GrpcClientProtocolClient.java:onNext(255)) - client-7D6108789623->f80c66c4-8a3d-47db-b3f8-20b0bcb8a3f5: receive RaftClientReply:client-7D6108789623->f80c66c4-8a3d-47db-b3f8-20b0bcb8a3f5@group-7D2873B646E2, cid=668, SUCCESS, logIndex=814, commits[f80c66c4-8a3d-47db-b3f8-20b0bcb8a3f5:c814, 6e9bc0f4-a324-4be3-b201-2d39df7dad8a:c810, cffe1303-2f93-4087-8a62-a40745db49f2:c810]
2019-07-10 09:50:37,002 INFO  client.GrpcClientProtocolClient (GrpcClientProtocolClient.java:onNext(255)) - client-7D6108789623->f80c66c4-8a3d-47db-b3f8-20b0bcb8a3f5: receive RaftClientReply:client-7D6108789623->f80c66c4-8a3d-47db-b3f8-20b0bcb8a3f5@group-7D2873B646E2, cid=669, SUCCESS, logIndex=0, commits[f80c66c4-8a3d-47db-b3f8-20b0bcb8a3f5:c816, 6e9bc0f4-a324-4be3-b201-2d39df7dad8a:c814, cffe1303-2f93-4087-8a62-a40745db49f2:c814]
2019-07-10 09:50:37,023 INFO  client.GrpcClientProtocolClient (GrpcClientProtocolClient.java:onNext(255)) - client-7D6108789623->f80c66c4-8a3d-47db-b3f8-20b0bcb8a3f5: receive RaftClientReply:client-7D6108789623->f80c66c4-8a3d-47db-b3f8-20b0bcb8a3f5@group-7D2873B646E2, cid=670, SUCCESS, logIndex=817, commits[f80c66c4-8a3d-47db-b3f8-20b0bcb8a3f5:c818, 6e9bc0f4-a324-4be3-b201-2d39df7dad8a:c816, cffe1303-2f93-4087-8a62-a40745db49f2:c816]
2019-07-10 09:50:37,023 INFO  client.GrpcClientProtocolClient (GrpcClientProtocolClient.java:onNext(255)) - client-7D6108789623->f80c66c4-8a3d-47db-b3f8-20b0bcb8a3f5: receive RaftClientReply:client-7D6108789623->f80c66c4-8a3d-47db-b3f8-20b0bcb8a3f5@group-7D2873B646E2, cid=671, SUCCESS, logIndex=818, commits[f80c66c4-8a3d-47db-b3f8-20b0bcb8a3f5:c818, 6e9bc0f4-a324-4be3-b201-2d39df7dad8a:c816, cffe1303-2f93-4087-8a62-a40745db49f2:c816]
2019-07-10 09:50:37,025 INFO  client.GrpcClientProtocolClient (GrpcClientProtocolClient.java:onNext(255)) - client-7D6108789623->f80c66c4-8a3d-47db-b3f8-20b0bcb8a3f5: receive RaftClientReply:client-7D6108789623->f80c66c4-8a3d-47db-b3f8-20b0bcb8a3f5@group-7D2873B646E2, cid=672, SUCCESS, logIndex=819, commits[f80c66c4-8a3d-47db-b3f8-20b0bcb8a3f5:c819, 6e9bc0f4-a324-4be3-b201-2d39df7dad8a:c816, cffe1303-2f93-4087-8a62-a40745db49f2:c816]
2019-07-10 09:50:37,025 INFO  client.GrpcClientProtocolClient (GrpcClientProtocolClient.java:onNext(255)) - client-7D6108789623->f80c66c4-8a3d-47db-b3f8-20b0bcb8a3f5: receive RaftClientReply:client-7D6108789623->f80c66c4-8a3d-47db-b3f8-20b0bcb8a3f5@group-7D2873B646E2, cid=673, SUCCESS, logIndex=820, commits[f80c66c4-8a3d-47db-b3f8-20b0bcb8a3f5:c820, 6e9bc0f4-a324-4be3-b201-2d39df7dad8a:c816, cffe1303-2f93-4087-8a62-a40745db49f2:c816]
 0.00% |█                                                                                                    |  0/1 Time: 0:00:012019-07-10 09:50:37,035 INFO  client.GrpcClientProtocolClient (GrpcClientProtocolClient.java:onNext(255)) - client-7D6108789623->f80c66c4-8a3d-47db-b3f8-20b0bcb8a3f5: receive RaftClientReply:client-7D6108789623->f80c66c4-8a3d-47db-b3f8-20b0bcb8a3f5@group-7D2873B646E2, cid=674, SUCCESS, logIndex=0, commits[f80c66c4-8a3d-47db-b3f8-20b0bcb8a3f5:c822, 6e9bc0f4-a324-4be3-b201-2d39df7dad8a:c818, cffe1303-2f93-4087-8a62-a40745db49f2:c818]
2019-07-10 09:50:37,056 INFO  client.GrpcClientProtocolClient (GrpcClientProtocolClient.java:onNext(255)) - client-7D6108789623->f80c66c4-8a3d-47db-b3f8-20b0bcb8a3f5: receive RaftClientReply:client-7D6108789623->f80c66c4-8a3d-47db-b3f8-20b0bcb8a3f5@group-7D2873B646E2, cid=675, SUCCESS, logIndex=825, commits[f80c66c4-8a3d-47db-b3f8-20b0bcb8a3f5:c826, 6e9bc0f4-a324-4be3-b201-2d39df7dad8a:c824, cffe1303-2f93-4087-8a62-a40745db49f2:c824]
2019-07-10 09:50:37,056 INFO  client.GrpcClientProtocolClient (GrpcClientProtocolClient.java:onNext(255)) - client-7D6108789623->f80c66c4-8a3d-47db-b3f8-20b0bcb8a3f5: receive RaftClientReply:client-7D6108789623->f80c66c4-8a3d-47db-b3f8-20b0bcb8a3f5@group-7D2873B646E2, cid=676, SUCCESS, logIndex=826, commits[f80c66c4-8a3d-47db-b3f8-20b0bcb8a3f5:c826, 6e9bc0f4-a324-4be3-b201-2d39df7dad8a:c824, cffe1303-2f93-4087-8a62-a40745db49f2:c824]
2019-07-10 09:50:37,083 INFO  client.GrpcClientProtocolClient (GrpcClientProtocolClient.java:onNext(255)) - client-7D6108789623->f80c66c4-8a3d-47db-b3f8-20b0bcb8a3f5: receive RaftClientReply:client-7D6108789623->f80c66c4-8a3d-47db-b3f8-20b0bcb8a3f5@group-7D2873B646E2, cid=677, SUCCESS, logIndex=829, commits[f80c66c4-8a3d-47db-b3f8-20b0bcb8a3f5:c830, 6e9bc0f4-a324-4be3-b201-2d39df7dad8a:c826, cffe1303-2f93-4087-8a62-a40745db49f2:c826]
2019-07-10 09:50:37,083 INFO  client.GrpcClientProtocolClient (GrpcClientProtocolClient.java:onNext(255)) - client-7D6108789623->f80c66c4-8a3d-47db-b3f8-20b0bcb8a3f5: receive RaftClientReply:client-7D6108789623->f80c66c4-8a3d-47db-b3f8-20b0bcb8a3f5@group-7D2873B646E2, cid=678, SUCCESS, logIndex=830, commits[f80c66c4-8a3d-47db-b3f8-20b0bcb8a3f5:c830, 6e9bc0f4-a324-4be3-b201-2d39df7dad8a:c826, cffe1303-2f93-4087-8a62-a40745db49f2:c826]
2019-07-10 09:50:37,093 INFO  client.GrpcClientProtocolClient (GrpcClientProtocolClient.java:onNext(255)) - client-7D6108789623->f80c66c4-8a3d-47db-b3f8-20b0bcb8a3f5: receive RaftClientReply:client-7D6108789623->f80c66c4-8a3d-47db-b3f8-20b0bcb8a3f5@group-7D2873B646E2, cid=679, SUCCESS, logIndex=0, commits[f80c66c4-8a3d-47db-b3f8-20b0bcb8a3f5:c831, 6e9bc0f4-a324-4be3-b201-2d39df7dad8a:c830, cffe1303-2f93-4087-8a62-a40745db49f2:c830]
2019-07-10 09:50:37,119 INFO  client.GrpcClientProtocolClient (GrpcClientProtocolClient.java:onNext(255)) - client-7D6108789623->f80c66c4-8a3d-47db-b3f8-20b0bcb8a3f5: receive RaftClientReply:client-7D6108789623->f80c66c4-8a3d-47db-b3f8-20b0bcb8a3f5@group-7D2873B646E2, cid=680, SUCCESS, logIndex=833, commits[f80c66c4-8a3d-47db-b3f8-20b0bcb8a3f5:c834, 6e9bc0f4-a324-4be3-b201-2d39df7dad8a:c832, cffe1303-2f93-4087-8a62-a40745db49f2:c832]
2019-07-10 09:50:37,119 INFO  client.GrpcClientProtocolClient (GrpcClientProtocolClient.java:onNext(255)) - client-7D6108789623->f80c66c4-8a3d-47db-b3f8-20b0bcb8a3f5: receive RaftClientReply:client-7D6108789623->f80c66c4-8a3d-47db-b3f8-20b0bcb8a3f5@group-7D2873B646E2, cid=681, SUCCESS, logIndex=834, commits[f80c66c4-8a3d-47db-b3f8-20b0bcb8a3f5:c834, 6e9bc0f4-a324-4be3-b201-2d39df7dad8a:c832, cffe1303-2f93-4087-8a62-a40745db49f2:c832]
2019-07-10 09:50:37,128 INFO  client.GrpcClientProtocolClient (GrpcClientProtocolClient.java:onNext(255)) - client-7D6108789623->f80c66c4-8a3d-47db-b3f8-20b0bcb8a3f5: receive RaftClientReply:client-7D6108789623->f80c66c4-8a3d-47db-b3f8-20b0bcb8a3f5@group-7D2873B646E2, cid=682, SUCCESS, logIndex=835, commits[f80c66c4-8a3d-47db-b3f8-20b0bcb8a3f5:c836, 6e9bc0f4-a324-4be3-b201-2d39df7dad8a:c832, cffe1303-2f93-4087-8a62-a40745db49f2:c832]
2019-07-10 09:50:37,129 INFO  client.GrpcClientProtocolClient (GrpcClientProtocolClient.java:onNext(255)) - client-7D6108789623->f80c66c4-8a3d-47db-b3f8-20b0bcb8a3f5: receive RaftClientReply:client-7D6108789623->f80c66c4-8a3d-47db-b3f8-20b0bcb8a3f5@group-7D2873B646E2, cid=683, SUCCESS, logIndex=836, commits[f80c66c4-8a3d-47db-b3f8-20b0bcb8a3f5:c836, 6e9bc0f4-a324-4be3-b201-2d39df7dad8a:c832, cffe1303-2f93-4087-8a62-a40745db49f2:c832]
2019-07-10 09:50:37,131 INFO  client.GrpcClientProtocolClient (GrpcClientProtocolClient.java:onNext(255)) - client-7D6108789623->f80c66c4-8a3d-47db-b3f8-20b0bcb8a3f5: receive RaftClientReply:client-7D6108789623->f80c66c4-8a3d-47db-b3f8-20b0bcb8a3f5@group-7D2873B646E2, cid=684, SUCCESS, logIndex=0, commits[f80c66c4-8a3d-47db-b3f8-20b0bcb8a3f5:c838, 6e9bc0f4-a324-4be3-b201-2d39df7dad8a:c834, cffe1303-2f93-4087-8a62-a40745db49f2:c834]
2019-07-10 09:50:37,153 INFO  client.GrpcClientProtocolClient (GrpcClientProtocolClient.java:onNext(255)) - client-7D6108789623->f80c66c4-8a3d-47db-b3f8-20b0bcb8a3f5: receive RaftClientReply:client-7D6108789623->f80c66c4-8a3d-47db-b3f8-20b0bcb8a3f5@group-7D2873B646E2, cid=685, SUCCESS, logIndex=841, commits[f80c66c4-8a3d-47db-b3f8-20b0bcb8a3f5:c842, 6e9bc0f4-a324-4be3-b201-2d39df7dad8a:c840, cffe1303-2f93-4087-8a62-a40745db49f2:c840]
2019-07-10 09:50:37,153 INFO  client.GrpcClientProtocolClient (GrpcClientProtocolClient.java:onNext(255)) - client-7D6108789623->f80c66c4-8a3d-47db-b3f8-20b0bcb8a3f5: receive RaftClientReply:client-7D6108789623->f80c66c4-8a3d-47db-b3f8-20b0bcb8a3f5@group-7D2873B646E2, cid=686, SUCCESS, logIndex=842, commits[f80c66c4-8a3d-47db-b3f8-20b0bcb8a3f5:c842, 6e9bc0f4-a324-4be3-b201-2d39df7dad8a:c840, cffe1303-2f93-4087-8a62-a40745db49f2:c840]
2019-07-10 09:50:37,177 INFO  client.GrpcClientProtocolClient (GrpcClientProtocolClient.java:onNext(255)) - client-7D6108789623->f80c66c4-8a3d-47db-b3f8-20b0bcb8a3f5: receive RaftClientReply:client-7D6108789623->f80c66c4-8a3d-47db-b3f8-20b0bcb8a3f5@group-7D2873B646E2, cid=687, SUCCESS, logIndex=845, commits[f80c66c4-8a3d-47db-b3f8-20b0bcb8a3f5:c846, 6e9bc0f4-a324-4be3-b201-2d39df7dad8a:c842, cffe1303-2f93-4087-8a62-a40745db49f2:c842]
2019-07-10 09:50:37,178 INFO  client.GrpcClientProtocolClient (GrpcClientProtocolClient.java:onNext(255)) - client-7D6108789623->f80c66c4-8a3d-47db-b3f8-20b0bcb8a3f5: receive RaftClientReply:client-7D6108789623->f80c66c4-8a3d-47db-b3f8-20b0bcb8a3f5@group-7D2873B646E2, cid=688, SUCCESS, logIndex=846, commits[f80c66c4-8a3d-47db-b3f8-20b0bcb8a3f5:c846, 6e9bc0f4-a324-4be3-b201-2d39df7dad8a:c842, cffe1303-2f93-4087-8a62-a40745db49f2:c842]
2019-07-10 09:50:37,180 INFO  client.GrpcClientProtocolClient (GrpcClientProtocolClient.java:onNext(255)) - client-7D6108789623->f80c66c4-8a3d-47db-b3f8-20b0bcb8a3f5: receive RaftClientReply:client-7D6108789623->f80c66c4-8a3d-47db-b3f8-20b0bcb8a3f5@group-7D2873B646E2, cid=689, SUCCESS, logIndex=0, commits[f80c66c4-8a3d-47db-b3f8-20b0bcb8a3f5:c847, 6e9bc0f4-a324-4be3-b201-2d39df7dad8a:c846, cffe1303-2f93-4087-8a62-a40745db49f2:c846]
2019-07-10 09:50:37,203 INFO  client.GrpcClientProtocolClient (GrpcClientProtocolClient.java:onNext(255)) - client-7D6108789623->f80c66c4-8a3d-47db-b3f8-20b0bcb8a3f5: receive RaftClientReply:client-7D6108789623->f80c66c4-8a3d-47db-b3f8-20b0bcb8a3f5@group-7D2873B646E2, cid=690, SUCCESS, logIndex=849, commits[f80c66c4-8a3d-47db-b3f8-20b0bcb8a3f5:c850, 6e9bc0f4-a324-4be3-b201-2d39df7dad8a:c848, cffe1303-2f93-4087-8a62-a40745db49f2:c848]
2019-07-10 09:50:37,204 INFO  client.GrpcClientProtocolClient (GrpcClientProtocolClient.java:onNext(255)) - client-7D6108789623->f80c66c4-8a3d-47db-b3f8-20b0bcb8a3f5: receive RaftClientReply:client-7D6108789623->f80c66c4-8a3d-47db-b3f8-20b0bcb8a3f5@group-7D2873B646E2, cid=691, SUCCESS, logIndex=850, commits[f80c66c4-8a3d-47db-b3f8-20b0bcb8a3f5:c850, 6e9bc0f4-a324-4be3-b201-2d39df7dad8a:c848, cffe1303-2f93-4087-8a62-a40745db49f2:c848]
2019-07-10 09:50:37,205 INFO  client.GrpcClientProtocolClient (GrpcClientProtocolClient.java:onNext(255)) - client-7D6108789623->f80c66c4-8a3d-47db-b3f8-20b0bcb8a3f5: receive RaftClientReply:client-7D6108789623->f80c66c4-8a3d-47db-b3f8-20b0bcb8a3f5@group-7D2873B646E2, cid=692, SUCCESS, logIndex=851, commits[f80c66c4-8a3d-47db-b3f8-20b0bcb8a3f5:c852, 6e9bc0f4-a324-4be3-b201-2d39df7dad8a:c848, cffe1303-2f93-4087-8a62-a40745db49f2:c848]
2019-07-10 09:50:37,206 INFO  client.GrpcClientProtocolClient (GrpcClientProtocolClient.java:onNext(255)) - client-7D6108789623->f80c66c4-8a3d-47db-b3f8-20b0bcb8a3f5: receive RaftClientReply:client-7D6108789623->f80c66c4-8a3d-47db-b3f8-20b0bcb8a3f5@group-7D2873B646E2, cid=693, SUCCESS, logIndex=852, commits[f80c66c4-8a3d-47db-b3f8-20b0bcb8a3f5:c852, 6e9bc0f4-a324-4be3-b201-2d39df7dad8a:c848, cffe1303-2f93-4087-8a62-a40745db49f2:c848]
2019-07-10 09:50:37,209 INFO  client.GrpcClientProtocolClient (GrpcClientProtocolClient.java:onNext(255)) - client-7D6108789623->f80c66c4-8a3d-47db-b3f8-20b0bcb8a3f5: receive RaftClientReply:client-7D6108789623->f80c66c4-8a3d-47db-b3f8-20b0bcb8a3f5@group-7D2873B646E2, cid=694, SUCCESS, logIndex=0, commits[f80c66c4-8a3d-47db-b3f8-20b0bcb8a3f5:c854, 6e9bc0f4-a324-4be3-b201-2d39df7dad8a:c850, cffe1303-2f93-4087-8a62-a40745db49f2:c850]
2019-07-10 09:50:37,231 INFO  client.GrpcClientProtocolClient (GrpcClientProtocolClient.java:onNext(255)) - client-7D6108789623->f80c66c4-8a3d-47db-b3f8-20b0bcb8a3f5: receive RaftClientReply:client-7D6108789623->f80c66c4-8a3d-47db-b3f8-20b0bcb8a3f5@group-7D2873B646E2, cid=695, SUCCESS, logIndex=857, commits[f80c66c4-8a3d-47db-b3f8-20b0bcb8a3f5:c858, 6e9bc0f4-a324-4be3-b201-2d39df7dad8a:c854, cffe1303-2f93-4087-8a62-a40745db49f2:c852]
2019-07-10 09:50:37,231 INFO  client.GrpcClientProtocolClient (GrpcClientProtocolClient.java:onNext(255)) - client-7D6108789623->f80c66c4-8a3d-47db-b3f8-20b0bcb8a3f5: receive RaftClientReply:client-7D6108789623->f80c66c4-8a3d-47db-b3f8-20b0bcb8a3f5@group-7D2873B646E2, cid=696, SUCCESS, logIndex=858, commits[f80c66c4-8a3d-47db-b3f8-20b0bcb8a3f5:c858, 6e9bc0f4-a324-4be3-b201-2d39df7dad8a:c854, cffe1303-2f93-4087-8a62-a40745db49f2:c854]
2019-07-10 09:50:37,342 INFO  client.GrpcClientProtocolClient (GrpcClientProtocolClient.java:onNext(255)) - client-7D6108789623->f80c66c4-8a3d-47db-b3f8-20b0bcb8a3f5: receive RaftClientReply:client-7D6108789623->f80c66c4-8a3d-47db-b3f8-20b0bcb8a3f5@group-7D2873B646E2, cid=697, SUCCESS, logIndex=861, commits[f80c66c4-8a3d-47db-b3f8-20b0bcb8a3f5:c862, 6e9bc0f4-a324-4be3-b201-2d39df7dad8a:c860, cffe1303-2f93-4087-8a62-a40745db49f2:c860]
2019-07-10 09:50:37,343 INFO  client.GrpcClientProtocolClient (GrpcClientProtocolClient.java:onNext(255)) - client-7D6108789623->f80c66c4-8a3d-47db-b3f8-20b0bcb8a3f5: receive RaftClientReply:client-7D6108789623->f80c66c4-8a3d-47db-b3f8-20b0bcb8a3f5@group-7D2873B646E2, cid=698, SUCCESS, logIndex=862, commits[f80c66c4-8a3d-47db-b3f8-20b0bcb8a3f5:c862, 6e9bc0f4-a324-4be3-b201-2d39df7dad8a:c860, cffe1303-2f93-4087-8a62-a40745db49f2:c860]
2019-07-10 09:50:37,352 INFO  client.GrpcClientProtocolClient (GrpcClientProtocolClient.java:onNext(255)) - client-7D6108789623->f80c66c4-8a3d-47db-b3f8-20b0bcb8a3f5: receive RaftClientReply:client-7D6108789623->f80c66c4-8a3d-47db-b3f8-20b0bcb8a3f5@group-7D2873B646E2, cid=699, SUCCESS, logIndex=0, commits[f80c66c4-8a3d-47db-b3f8-20b0bcb8a3f5:c863, 6e9bc0f4-a324-4be3-b201-2d39df7dad8a:c862, cffe1303-2f93-4087-8a62-a40745db49f2:c862]
2019-07-10 09:50:37,376 INFO  client.GrpcClientProtocolClient (GrpcClientProtocolClient.java:onNext(255)) - client-7D6108789623->f80c66c4-8a3d-47db-b3f8-20b0bcb8a3f5: receive RaftClientReply:client-7D6108789623->f80c66c4-8a3d-47db-b3f8-20b0bcb8a3f5@group-7D2873B646E2, cid=700, SUCCESS, logIndex=865, commits[f80c66c4-8a3d-47db-b3f8-20b0bcb8a3f5:c866, 6e9bc0f4-a324-4be3-b201-2d39df7dad8a:c864, cffe1303-2f93-4087-8a62-a40745db49f2:c864]
2019-07-10 09:50:37,377 INFO  client.GrpcClientProtocolClient (GrpcClientProtocolClient.java:onNext(255)) - client-7D6108789623->f80c66c4-8a3d-47db-b3f8-20b0bcb8a3f5: receive RaftClientReply:client-7D6108789623->f80c66c4-8a3d-47db-b3f8-20b0bcb8a3f5@group-7D2873B646E2, cid=701, SUCCESS, logIndex=866, commits[f80c66c4-8a3d-47db-b3f8-20b0bcb8a3f5:c866, 6e9bc0f4-a324-4be3-b201-2d39df7dad8a:c864, cffe1303-2f93-4087-8a62-a40745db49f2:c864]
2019-07-10 09:50:37,377 INFO  client.GrpcClientProtocolClient (GrpcClientProtocolClient.java:onNext(255)) - client-7D6108789623->f80c66c4-8a3d-47db-b3f8-20b0bcb8a3f5: receive RaftClientReply:client-7D6108789623->f80c66c4-8a3d-47db-b3f8-20b0bcb8a3f5@group-7D2873B646E2, cid=702, SUCCESS, logIndex=867, commits[f80c66c4-8a3d-47db-b3f8-20b0bcb8a3f5:c867, 6e9bc0f4-a324-4be3-b201-2d39df7dad8a:c864, cffe1303-2f93-4087-8a62-a40745db49f2:c864]
2019-07-10 09:50:37,378 INFO  client.GrpcClientProtocolClient (GrpcClientProtocolClient.java:onNext(255)) - client-7D6108789623->f80c66c4-8a3d-47db-b3f8-20b0bcb8a3f5: receive RaftClientReply:client-7D6108789623->f80c66c4-8a3d-47db-b3f8-20b0bcb8a3f5@group-7D2873B646E2, cid=703, SUCCESS, logIndex=868, commits[f80c66c4-8a3d-47db-b3f8-20b0bcb8a3f5:c868, 6e9bc0f4-a324-4be3-b201-2d39df7dad8a:c864, cffe1303-2f93-4087-8a62-a40745db49f2:c864]
2019-07-10 09:50:37,380 INFO  client.GrpcClientProtocolClient (GrpcClientProtocolClient.java:onNext(255)) - client-7D6108789623->f80c66c4-8a3d-47db-b3f8-20b0bcb8a3f5: receive RaftClientReply:client-7D6108789623->f80c66c4-8a3d-47db-b3f8-20b0bcb8a3f5@group-7D2873B646E2, cid=704, SUCCESS, logIndex=0, commits[f80c66c4-8a3d-47db-b3f8-20b0bcb8a3f5:c872, 6e9bc0f4-a324-4be3-b201-2d39df7dad8a:c868, cffe1303-2f93-4087-8a62-a40745db49f2:c866]
2019-07-10 09:50:37,401 INFO  client.GrpcClientProtocolClient (GrpcClientProtocolClient.java:onNext(255)) - client-7D6108789623->f80c66c4-8a3d-47db-b3f8-20b0bcb8a3f5: receive RaftClientReply:client-7D6108789623->f80c66c4-8a3d-47db-b3f8-20b0bcb8a3f5@group-7D2873B646E2, cid=705, SUCCESS, logIndex=873, commits[f80c66c4-8a3d-47db-b3f8-20b0bcb8a3f5:c874, 6e9bc0f4-a324-4be3-b201-2d39df7dad8a:c872, cffe1303-2f93-4087-8a62-a40745db49f2:c872]
2019-07-10 09:50:37,402 INFO  client.GrpcClientProtocolClient (GrpcClientProtocolClient.java:onNext(255)) - client-7D6108789623->f80c66c4-8a3d-47db-b3f8-20b0bcb8a3f5: receive RaftClientReply:client-7D6108789623->f80c66c4-8a3d-47db-b3f8-20b0bcb8a3f5@group-7D2873B646E2, cid=706, SUCCESS, logIndex=874, commits[f80c66c4-8a3d-47db-b3f8-20b0bcb8a3f5:c874, 6e9bc0f4-a324-4be3-b201-2d39df7dad8a:c872, cffe1303-2f93-4087-8a62-a40745db49f2:c872]
2019-07-10 09:50:37,422 INFO  client.GrpcClientProtocolClient (GrpcClientProtocolClient.java:onNext(255)) - client-7D6108789623->f80c66c4-8a3d-47db-b3f8-20b0bcb8a3f5: receive RaftClientReply:client-7D6108789623->f80c66c4-8a3d-47db-b3f8-20b0bcb8a3f5@group-7D2873B646E2, cid=707, SUCCESS, logIndex=877, commits[f80c66c4-8a3d-47db-b3f8-20b0bcb8a3f5:c878, 6e9bc0f4-a324-4be3-b201-2d39df7dad8a:c874, cffe1303-2f93-4087-8a62-a40745db49f2:c874]
2019-07-10 09:50:37,423 INFO  client.GrpcClientProtocolClient (GrpcClientProtocolClient.java:onNext(255)) - client-7D6108789623->f80c66c4-8a3d-47db-b3f8-20b0bcb8a3f5: receive RaftClientReply:client-7D6108789623->f80c66c4-8a3d-47db-b3f8-20b0bcb8a3f5@group-7D2873B646E2, cid=708, SUCCESS, logIndex=878, commits[f80c66c4-8a3d-47db-b3f8-20b0bcb8a3f5:c878, 6e9bc0f4-a324-4be3-b201-2d39df7dad8a:c874, cffe1303-2f93-4087-8a62-a40745db49f2:c874]
2019-07-10 09:50:37,427 INFO  client.GrpcClientProtocolClient (GrpcClientProtocolClient.java:onNext(255)) - client-7D6108789623->f80c66c4-8a3d-47db-b3f8-20b0bcb8a3f5: receive RaftClientReply:client-7D6108789623->f80c66c4-8a3d-47db-b3f8-20b0bcb8a3f5@group-7D2873B646E2, cid=709, SUCCESS, logIndex=0, commits[f80c66c4-8a3d-47db-b3f8-20b0bcb8a3f5:c880, 6e9bc0f4-a324-4be3-b201-2d39df7dad8a:c878, cffe1303-2f93-4087-8a62-a40745db49f2:c878]
2019-07-10 09:50:37,444 INFO  client.GrpcClientProtocolClient (GrpcClientProtocolClient.java:onNext(255)) - client-7D6108789623->f80c66c4-8a3d-47db-b3f8-20b0bcb8a3f5: receive RaftClientReply:client-7D6108789623->f80c66c4-8a3d-47db-b3f8-20b0bcb8a3f5@group-7D2873B646E2, cid=710, SUCCESS, logIndex=881, commits[f80c66c4-8a3d-47db-b3f8-20b0bcb8a3f5:c882, 6e9bc0f4-a324-4be3-b201-2d39df7dad8a:c880, cffe1303-2f93-4087-8a62-a40745db49f2:c880]
2019-07-10 09:50:37,445 INFO  client.GrpcClientProtocolClient (GrpcClientProtocolClient.java:onNext(255)) - client-7D6108789623->f80c66c4-8a3d-47db-b3f8-20b0bcb8a3f5: receive RaftClientReply:client-7D6108789623->f80c66c4-8a3d-47db-b3f8-20b0bcb8a3f5@group-7D2873B646E2, cid=711, SUCCESS, logIndex=882, commits[f80c66c4-8a3d-47db-b3f8-20b0bcb8a3f5:c882, 6e9bc0f4-a324-4be3-b201-2d39df7dad8a:c880, cffe1303-2f93-4087-8a62-a40745db49f2:c880]
2019-07-10 09:50:37,449 INFO  client.GrpcClientProtocolClient (GrpcClientProtocolClient.java:onNext(255)) - client-7D6108789623->f80c66c4-8a3d-47db-b3f8-20b0bcb8a3f5: receive RaftClientReply:client-7D6108789623->f80c66c4-8a3d-47db-b3f8-20b0bcb8a3f5@group-7D2873B646E2, cid=712, SUCCESS, logIndex=883, commits[f80c66c4-8a3d-47db-b3f8-20b0bcb8a3f5:c885, 6e9bc0f4-a324-4be3-b201-2d39df7dad8a:c880, cffe1303-2f93-4087-8a62-a40745db49f2:c881]
2019-07-10 09:50:37,449 INFO  client.GrpcClientProtocolClient (GrpcClientProtocolClient.java:onNext(255)) - client-7D6108789623->f80c66c4-8a3d-47db-b3f8-20b0bcb8a3f5: receive RaftClientReply:client-7D6108789623->f80c66c4-8a3d-47db-b3f8-20b0bcb8a3f5@group-7D2873B646E2, cid=713, SUCCESS, logIndex=884, commits[f80c66c4-8a3d-47db-b3f8-20b0bcb8a3f5:c886, 6e9bc0f4-a324-4be3-b201-2d39df7dad8a:c880, cffe1303-2f93-4087-8a62-a40745db49f2:c882]
2019-07-10 09:50:37,451 INFO  client.GrpcClientProtocolClient (GrpcClientProtocolClient.java:onNext(255)) - client-7D6108789623->f80c66c4-8a3d-47db-b3f8-20b0bcb8a3f5: receive RaftClientReply:client-7D6108789623->f80c66c4-8a3d-47db-b3f8-20b0bcb8a3f5@group-7D2873B646E2, cid=714, SUCCESS, logIndex=0, commits[f80c66c4-8a3d-47db-b3f8-20b0bcb8a3f5:c888, 6e9bc0f4-a324-4be3-b201-2d39df7dad8a:c885, cffe1303-2f93-4087-8a62-a40745db49f2:c884]
2019-07-10 09:50:37,471 INFO  client.GrpcClientProtocolClient (GrpcClientProtocolClient.java:onNext(255)) - client-7D6108789623->f80c66c4-8a3d-47db-b3f8-20b0bcb8a3f5: receive RaftClientReply:client-7D6108789623->f80c66c4-8a3d-47db-b3f8-20b0bcb8a3f5@group-7D2873B646E2, cid=715, SUCCESS, logIndex=889, commits[f80c66c4-8a3d-47db-b3f8-20b0bcb8a3f5:c890, 6e9bc0f4-a324-4be3-b201-2d39df7dad8a:c888, cffe1303-2f93-4087-8a62-a40745db49f2:c888]
2019-07-10 09:50:37,471 INFO  client.GrpcClientProtocolClient (GrpcClientProtocolClient.java:onNext(255)) - client-7D6108789623->f80c66c4-8a3d-47db-b3f8-20b0bcb8a3f5: receive RaftClientReply:client-7D6108789623->f80c66c4-8a3d-47db-b3f8-20b0bcb8a3f5@group-7D2873B646E2, cid=716, SUCCESS, logIndex=890, commits[f80c66c4-8a3d-47db-b3f8-20b0bcb8a3f5:c890, 6e9bc0f4-a324-4be3-b201-2d39df7dad8a:c888, cffe1303-2f93-4087-8a62-a40745db49f2:c888]
2019-07-10 09:50:37,488 INFO  client.GrpcClientProtocolClient (GrpcClientProtocolClient.java:onNext(255)) - client-7D6108789623->f80c66c4-8a3d-47db-b3f8-20b0bcb8a3f5: receive RaftClientReply:client-7D6108789623->f80c66c4-8a3d-47db-b3f8-20b0bcb8a3f5@group-7D2873B646E2, cid=717, SUCCESS, logIndex=893, commits[f80c66c4-8a3d-47db-b3f8-20b0bcb8a3f5:c894, 6e9bc0f4-a324-4be3-b201-2d39df7dad8a:c892, cffe1303-2f93-4087-8a62-a40745db49f2:c892]
2019-07-10 09:50:37,489 INFO  client.GrpcClientProtocolClient (GrpcClientProtocolClient.java:onNext(255)) - client-7D6108789623->f80c66c4-8a3d-47db-b3f8-20b0bcb8a3f5: receive RaftClientReply:client-7D6108789623->f80c66c4-8a3d-47db-b3f8-20b0bcb8a3f5@group-7D2873B646E2, cid=718, SUCCESS, logIndex=894, commits[f80c66c4-8a3d-47db-b3f8-20b0bcb8a3f5:c894, 6e9bc0f4-a324-4be3-b201-2d39df7dad8a:c892, cffe1303-2f93-4087-8a62-a40745db49f2:c892]
2019-07-10 09:50:37,501 INFO  client.GrpcClientProtocolClient (GrpcClientProtocolClient.java:onNext(255)) - client-7D6108789623->f80c66c4-8a3d-47db-b3f8-20b0bcb8a3f5: receive RaftClientReply:client-7D6108789623->f80c66c4-8a3d-47db-b3f8-20b0bcb8a3f5@group-7D2873B646E2, cid=719, SUCCESS, logIndex=0, commits[f80c66c4-8a3d-47db-b3f8-20b0bcb8a3f5:c896, 6e9bc0f4-a324-4be3-b201-2d39df7dad8a:c894, cffe1303-2f93-4087-8a62-a40745db49f2:c894]
2019-07-10 09:50:37,530 INFO  client.GrpcClientProtocolClient (GrpcClientProtocolClient.java:onNext(255)) - client-7D6108789623->f80c66c4-8a3d-47db-b3f8-20b0bcb8a3f5: receive RaftClientReply:client-7D6108789623->f80c66c4-8a3d-47db-b3f8-20b0bcb8a3f5@group-7D2873B646E2, cid=720, SUCCESS, logIndex=897, commits[f80c66c4-8a3d-47db-b3f8-20b0bcb8a3f5:c899, 6e9bc0f4-a324-4be3-b201-2d39df7dad8a:c896, cffe1303-2f93-4087-8a62-a40745db49f2:c896]
2019-07-10 09:50:37,531 INFO  client.GrpcClientProtocolClient (GrpcClientProtocolClient.java:onNext(255)) - client-7D6108789623->f80c66c4-8a3d-47db-b3f8-20b0bcb8a3f5: receive RaftClientReply:client-7D6108789623->f80c66c4-8a3d-47db-b3f8-20b0bcb8a3f5@group-7D2873B646E2, cid=721, SUCCESS, logIndex=898, commits[f80c66c4-8a3d-47db-b3f8-20b0bcb8a3f5:c900, 6e9bc0f4-a324-4be3-b201-2d39df7dad8a:c896, cffe1303-2f93-4087-8a62-a40745db49f2:c896]
2019-07-10 09:50:37,531 INFO  client.GrpcClientProtocolClient (GrpcClientProtocolClient.java:onNext(255)) - client-7D6108789623->f80c66c4-8a3d-47db-b3f8-20b0bcb8a3f5: receive RaftClientReply:client-7D6108789623->f80c66c4-8a3d-47db-b3f8-20b0bcb8a3f5@group-7D2873B646E2, cid=722, SUCCESS, logIndex=899, commits[f80c66c4-8a3d-47db-b3f8-20b0bcb8a3f5:c900, 6e9bc0f4-a324-4be3-b201-2d39df7dad8a:c896, cffe1303-2f93-4087-8a62-a40745db49f2:c896]
2019-07-10 09:50:37,531 INFO  client.GrpcClientProtocolClient (GrpcClientProtocolClient.java:onNext(255)) - client-7D6108789623->f80c66c4-8a3d-47db-b3f8-20b0bcb8a3f5: receive RaftClientReply:client-7D6108789623->f80c66c4-8a3d-47db-b3f8-20b0bcb8a3f5@group-7D2873B646E2, cid=723, SUCCESS, logIndex=900, commits[f80c66c4-8a3d-47db-b3f8-20b0bcb8a3f5:c900, 6e9bc0f4-a324-4be3-b201-2d39df7dad8a:c896, cffe1303-2f93-4087-8a62-a40745db49f2:c896]
2019-07-10 09:50:37,820 INFO  client.GrpcClientProtocolClient (GrpcClientProtocolClient.java:onNext(255)) - client-7D6108789623->f80c66c4-8a3d-47db-b3f8-20b0bcb8a3f5: receive RaftClientReply:client-7D6108789623->f80c66c4-8a3d-47db-b3f8-20b0bcb8a3f5@group-7D2873B646E2, cid=724, SUCCESS, logIndex=0, commits[f80c66c4-8a3d-47db-b3f8-20b0bcb8a3f5:c904, 6e9bc0f4-a324-4be3-b201-2d39df7dad8a:c898, cffe1303-2f93-4087-8a62-a40745db49f2:c900]
2019-07-10 09:50:37,911 INFO  client.GrpcClientProtocolClient (GrpcClientProtocolClient.java:onNext(255)) - client-7D6108789623->f80c66c4-8a3d-47db-b3f8-20b0bcb8a3f5: receive RaftClientReply:client-7D6108789623->f80c66c4-8a3d-47db-b3f8-20b0bcb8a3f5@group-7D2873B646E2, cid=725, SUCCESS, logIndex=905, commits[f80c66c4-8a3d-47db-b3f8-20b0bcb8a3f5:c906, 6e9bc0f4-a324-4be3-b201-2d39df7dad8a:c904, cffe1303-2f93-4087-8a62-a40745db49f2:c904]
2019-07-10 09:50:37,912 INFO  client.GrpcClientProtocolClient (GrpcClientProtocolClient.java:onNext(255)) - client-7D6108789623->f80c66c4-8a3d-47db-b3f8-20b0bcb8a3f5: receive RaftClientReply:client-7D6108789623->f80c66c4-8a3d-47db-b3f8-20b0bcb8a3f5@group-7D2873B646E2, cid=726, SUCCESS, logIndex=906, commits[f80c66c4-8a3d-47db-b3f8-20b0bcb8a3f5:c906, 6e9bc0f4-a324-4be3-b201-2d39df7dad8a:c904, cffe1303-2f93-4087-8a62-a40745db49f2:c904]
2019-07-10 09:50:37,935 INFO  client.GrpcClientProtocolClient (GrpcClientProtocolClient.java:onNext(255)) - client-7D6108789623->f80c66c4-8a3d-47db-b3f8-20b0bcb8a3f5: receive RaftClientReply:client-7D6108789623->f80c66c4-8a3d-47db-b3f8-20b0bcb8a3f5@group-7D2873B646E2, cid=727, SUCCESS, logIndex=909, commits[f80c66c4-8a3d-47db-b3f8-20b0bcb8a3f5:c910, 6e9bc0f4-a324-4be3-b201-2d39df7dad8a:c906, cffe1303-2f93-4087-8a62-a40745db49f2:c908]
2019-07-10 09:50:37,936 INFO  client.GrpcClientProtocolClient (GrpcClientProtocolClient.java:onNext(255)) - client-7D6108789623->f80c66c4-8a3d-47db-b3f8-20b0bcb8a3f5: receive RaftClientReply:client-7D6108789623->f80c66c4-8a3d-47db-b3f8-20b0bcb8a3f5@group-7D2873B646E2, cid=728, SUCCESS, logIndex=910, commits[f80c66c4-8a3d-47db-b3f8-20b0bcb8a3f5:c910, 6e9bc0f4-a324-4be3-b201-2d39df7dad8a:c908, cffe1303-2f93-4087-8a62-a40745db49f2:c908]
2019-07-10 09:50:37,945 INFO  client.GrpcClientProtocolClient (GrpcClientProtocolClient.java:onNext(255)) - client-7D6108789623->f80c66c4-8a3d-47db-b3f8-20b0bcb8a3f5: receive RaftClientReply:client-7D6108789623->f80c66c4-8a3d-47db-b3f8-20b0bcb8a3f5@group-7D2873B646E2, cid=729, SUCCESS, logIndex=0, commits[f80c66c4-8a3d-47db-b3f8-20b0bcb8a3f5:c911, 6e9bc0f4-a324-4be3-b201-2d39df7dad8a:c910, cffe1303-2f93-4087-8a62-a40745db49f2:c910]
2019-07-10 09:50:37,981 INFO  client.GrpcClientProtocolClient (GrpcClientProtocolClient.java:onNext(255)) - client-7D6108789623->f80c66c4-8a3d-47db-b3f8-20b0bcb8a3f5: receive RaftClientReply:client-7D6108789623->f80c66c4-8a3d-47db-b3f8-20b0bcb8a3f5@group-7D2873B646E2, cid=730, SUCCESS, logIndex=913, commits[f80c66c4-8a3d-47db-b3f8-20b0bcb8a3f5:c914, 6e9bc0f4-a324-4be3-b201-2d39df7dad8a:c912, cffe1303-2f93-4087-8a62-a40745db49f2:c912]
2019-07-10 09:50:37,982 INFO  client.GrpcClientProtocolClient (GrpcClientProtocolClient.java:onNext(255)) - client-7D6108789623->f80c66c4-8a3d-47db-b3f8-20b0bcb8a3f5: receive RaftClientReply:client-7D6108789623->f80c66c4-8a3d-47db-b3f8-20b0bcb8a3f5@group-7D2873B646E2, cid=731, SUCCESS, logIndex=914, commits[f80c66c4-8a3d-47db-b3f8-20b0bcb8a3f5:c916, 6e9bc0f4-a324-4be3-b201-2d39df7dad8a:c912, cffe1303-2f93-4087-8a62-a40745db49f2:c912]
2019-07-10 09:50:37,983 INFO  client.GrpcClientProtocolClient (GrpcClientProtocolClient.java:onNext(255)) - client-7D6108789623->f80c66c4-8a3d-47db-b3f8-20b0bcb8a3f5: receive RaftClientReply:client-7D6108789623->f80c66c4-8a3d-47db-b3f8-20b0bcb8a3f5@group-7D2873B646E2, cid=732, SUCCESS, logIndex=915, commits[f80c66c4-8a3d-47db-b3f8-20b0bcb8a3f5:c916, 6e9bc0f4-a324-4be3-b201-2d39df7dad8a:c912, cffe1303-2f93-4087-8a62-a40745db49f2:c912]
2019-07-10 09:50:37,983 INFO  client.GrpcClientProtocolClient (GrpcClientProtocolClient.java:onNext(255)) - client-7D6108789623->f80c66c4-8a3d-47db-b3f8-20b0bcb8a3f5: receive RaftClientReply:client-7D6108789623->f80c66c4-8a3d-47db-b3f8-20b0bcb8a3f5@group-7D2873B646E2, cid=733, SUCCESS, logIndex=916, commits[f80c66c4-8a3d-47db-b3f8-20b0bcb8a3f5:c916, 6e9bc0f4-a324-4be3-b201-2d39df7dad8a:c912, cffe1303-2f93-4087-8a62-a40745db49f2:c912]
2019-07-10 09:50:37,989 INFO  client.GrpcClientProtocolClient (GrpcClientProtocolClient.java:onNext(255)) - client-7D6108789623->f80c66c4-8a3d-47db-b3f8-20b0bcb8a3f5: receive RaftClientReply:client-7D6108789623->f80c66c4-8a3d-47db-b3f8-20b0bcb8a3f5@group-7D2873B646E2, cid=734, SUCCESS, logIndex=0, commits[f80c66c4-8a3d-47db-b3f8-20b0bcb8a3f5:c918, 6e9bc0f4-a324-4be3-b201-2d39df7dad8a:c914, cffe1303-2f93-4087-8a62-a40745db49f2:c914]
2019-07-10 09:50:38,011 INFO  client.GrpcClientProtocolClient (GrpcClientProtocolClient.java:onNext(255)) - client-7D6108789623->f80c66c4-8a3d-47db-b3f8-20b0bcb8a3f5: receive RaftClientReply:client-7D6108789623->f80c66c4-8a3d-47db-b3f8-20b0bcb8a3f5@group-7D2873B646E2, cid=735, SUCCESS, logIndex=921, commits[f80c66c4-8a3d-47db-b3f8-20b0bcb8a3f5:c922, 6e9bc0f4-a324-4be3-b201-2d39df7dad8a:c920, cffe1303-2f93-4087-8a62-a40745db49f2:c920]
2019-07-10 09:50:38,011 INFO  client.GrpcClientProtocolClient (GrpcClientProtocolClient.java:onNext(255)) - client-7D6108789623->f80c66c4-8a3d-47db-b3f8-20b0bcb8a3f5: receive RaftClientReply:client-7D6108789623->f80c66c4-8a3d-47db-b3f8-20b0bcb8a3f5@group-7D2873B646E2, cid=736, SUCCESS, logIndex=922, commits[f80c66c4-8a3d-47db-b3f8-20b0bcb8a3f5:c922, 6e9bc0f4-a324-4be3-b201-2d39df7dad8a:c920, cffe1303-2f93-4087-8a62-a40745db49f2:c920]
 0.00% |█                                                                                                    |  0/1 Time: 0:00:022019-07-10 09:50:38,038 INFO  client.GrpcClientProtocolClient (GrpcClientProtocolClient.java:onNext(255)) - client-7D6108789623->f80c66c4-8a3d-47db-b3f8-20b0bcb8a3f5: receive RaftClientReply:client-7D6108789623->f80c66c4-8a3d-47db-b3f8-20b0bcb8a3f5@group-7D2873B646E2, cid=737, SUCCESS, logIndex=925, commits[f80c66c4-8a3d-47db-b3f8-20b0bcb8a3f5:c926, 6e9bc0f4-a324-4be3-b201-2d39df7dad8a:c922, cffe1303-2f93-4087-8a62-a40745db49f2:c922]
2019-07-10 09:50:38,040 INFO  client.GrpcClientProtocolClient (GrpcClientProtocolClient.java:onNext(255)) - client-7D6108789623->f80c66c4-8a3d-47db-b3f8-20b0bcb8a3f5: receive RaftClientReply:client-7D6108789623->f80c66c4-8a3d-47db-b3f8-20b0bcb8a3f5@group-7D2873B646E2, cid=738, SUCCESS, logIndex=926, commits[f80c66c4-8a3d-47db-b3f8-20b0bcb8a3f5:c926, 6e9bc0f4-a324-4be3-b201-2d39df7dad8a:c922, cffe1303-2f93-4087-8a62-a40745db49f2:c922]
2019-07-10 09:50:38,047 INFO  client.GrpcClientProtocolClient (GrpcClientProtocolClient.java:onNext(255)) - client-7D6108789623->f80c66c4-8a3d-47db-b3f8-20b0bcb8a3f5: receive RaftClientReply:client-7D6108789623->f80c66c4-8a3d-47db-b3f8-20b0bcb8a3f5@group-7D2873B646E2, cid=739, SUCCESS, logIndex=0, commits[f80c66c4-8a3d-47db-b3f8-20b0bcb8a3f5:c927, 6e9bc0f4-a324-4be3-b201-2d39df7dad8a:c926, cffe1303-2f93-4087-8a62-a40745db49f2:c926]
2019-07-10 09:50:38,070 INFO  client.GrpcClientProtocolClient (GrpcClientProtocolClient.java:onNext(255)) - client-7D6108789623->f80c66c4-8a3d-47db-b3f8-20b0bcb8a3f5: receive RaftClientReply:client-7D6108789623->f80c66c4-8a3d-47db-b3f8-20b0bcb8a3f5@group-7D2873B646E2, cid=740, SUCCESS, logIndex=929, commits[f80c66c4-8a3d-47db-b3f8-20b0bcb8a3f5:c930, 6e9bc0f4-a324-4be3-b201-2d39df7dad8a:c928, cffe1303-2f93-4087-8a62-a40745db49f2:c928]
2019-07-10 09:50:38,071 INFO  client.GrpcClientProtocolClient (GrpcClientProtocolClient.java:onNext(255)) - client-7D6108789623->f80c66c4-8a3d-47db-b3f8-20b0bcb8a3f5: receive RaftClientReply:client-7D6108789623->f80c66c4-8a3d-47db-b3f8-20b0bcb8a3f5@group-7D2873B646E2, cid=741, SUCCESS, logIndex=930, commits[f80c66c4-8a3d-47db-b3f8-20b0bcb8a3f5:c932, 6e9bc0f4-a324-4be3-b201-2d39df7dad8a:c928, cffe1303-2f93-4087-8a62-a40745db49f2:c928]
2019-07-10 09:50:38,071 INFO  client.GrpcClientProtocolClient (GrpcClientProtocolClient.java:onNext(255)) - client-7D6108789623->f80c66c4-8a3d-47db-b3f8-20b0bcb8a3f5: receive RaftClientReply:client-7D6108789623->f80c66c4-8a3d-47db-b3f8-20b0bcb8a3f5@group-7D2873B646E2, cid=742, SUCCESS, logIndex=931, commits[f80c66c4-8a3d-47db-b3f8-20b0bcb8a3f5:c932, 6e9bc0f4-a324-4be3-b201-2d39df7dad8a:c928, cffe1303-2f93-4087-8a62-a40745db49f2:c928]
2019-07-10 09:50:38,071 INFO  client.GrpcClientProtocolClient (GrpcClientProtocolClient.java:onNext(255)) - client-7D6108789623->f80c66c4-8a3d-47db-b3f8-20b0bcb8a3f5: receive RaftClientReply:client-7D6108789623->f80c66c4-8a3d-47db-b3f8-20b0bcb8a3f5@group-7D2873B646E2, cid=743, SUCCESS, logIndex=932, commits[f80c66c4-8a3d-47db-b3f8-20b0bcb8a3f5:c932, 6e9bc0f4-a324-4be3-b201-2d39df7dad8a:c928, cffe1303-2f93-4087-8a62-a40745db49f2:c928]
2019-07-10 09:50:38,083 INFO  client.GrpcClientProtocolClient (GrpcClientProtocolClient.java:onNext(255)) - client-7D6108789623->f80c66c4-8a3d-47db-b3f8-20b0bcb8a3f5: receive RaftClientReply:client-7D6108789623->f80c66c4-8a3d-47db-b3f8-20b0bcb8a3f5@group-7D2873B646E2, cid=744, SUCCESS, logIndex=0, commits[f80c66c4-8a3d-47db-b3f8-20b0bcb8a3f5:c934, 6e9bc0f4-a324-4be3-b201-2d39df7dad8a:c930, cffe1303-2f93-4087-8a62-a40745db49f2:c930]
2019-07-10 09:50:38,097 INFO  client.GrpcClientProtocolClient (GrpcClientProtocolClient.java:onNext(255)) - client-7D6108789623->f80c66c4-8a3d-47db-b3f8-20b0bcb8a3f5: receive RaftClientReply:client-7D6108789623->f80c66c4-8a3d-47db-b3f8-20b0bcb8a3f5@group-7D2873B646E2, cid=745, SUCCESS, logIndex=937, commits[f80c66c4-8a3d-47db-b3f8-20b0bcb8a3f5:c938, 6e9bc0f4-a324-4be3-b201-2d39df7dad8a:c932, cffe1303-2f93-4087-8a62-a40745db49f2:c936]
2019-07-10 09:50:38,097 INFO  client.GrpcClientProtocolClient (GrpcClientProtocolClient.java:onNext(255)) - client-7D6108789623->f80c66c4-8a3d-47db-b3f8-20b0bcb8a3f5: receive RaftClientReply:client-7D6108789623->f80c66c4-8a3d-47db-b3f8-20b0bcb8a3f5@group-7D2873B646E2, cid=746, SUCCESS, logIndex=938, commits[f80c66c4-8a3d-47db-b3f8-20b0bcb8a3f5:c938, 6e9bc0f4-a324-4be3-b201-2d39df7dad8a:c936, cffe1303-2f93-4087-8a62-a40745db49f2:c936]
2019-07-10 09:50:38,123 INFO  client.GrpcClientProtocolClient (GrpcClientProtocolClient.java:onNext(255)) - client-7D6108789623->f80c66c4-8a3d-47db-b3f8-20b0bcb8a3f5: receive RaftClientReply:client-7D6108789623->f80c66c4-8a3d-47db-b3f8-20b0bcb8a3f5@group-7D2873B646E2, cid=747, SUCCESS, logIndex=941, commits[f80c66c4-8a3d-47db-b3f8-20b0bcb8a3f5:c942, 6e9bc0f4-a324-4be3-b201-2d39df7dad8a:c939, cffe1303-2f93-4087-8a62-a40745db49f2:c939]
2019-07-10 09:50:38,124 INFO  client.GrpcClientProtocolClient (GrpcClientProtocolClient.java:onNext(255)) - client-7D6108789623->f80c66c4-8a3d-47db-b3f8-20b0bcb8a3f5: receive RaftClientReply:client-7D6108789623->f80c66c4-8a3d-47db-b3f8-20b0bcb8a3f5@group-7D2873B646E2, cid=748, SUCCESS, logIndex=942, commits[f80c66c4-8a3d-47db-b3f8-20b0bcb8a3f5:c942, 6e9bc0f4-a324-4be3-b201-2d39df7dad8a:c939, cffe1303-2f93-4087-8a62-a40745db49f2:c939]
2019-07-10 09:50:38,134 INFO  client.GrpcClientProtocolClient (GrpcClientProtocolClient.java:onNext(255)) - client-7D6108789623->f80c66c4-8a3d-47db-b3f8-20b0bcb8a3f5: receive RaftClientReply:client-7D6108789623->f80c66c4-8a3d-47db-b3f8-20b0bcb8a3f5@group-7D2873B646E2, cid=749, SUCCESS, logIndex=0, commits[f80c66c4-8a3d-47db-b3f8-20b0bcb8a3f5:c944, 6e9bc0f4-a324-4be3-b201-2d39df7dad8a:c942, cffe1303-2f93-4087-8a62-a40745db49f2:c942]
2019-07-10 09:50:38,153 INFO  client.GrpcClientProtocolClient (GrpcClientProtocolClient.java:onNext(255)) - client-7D6108789623->f80c66c4-8a3d-47db-b3f8-20b0bcb8a3f5: receive RaftClientReply:client-7D6108789623->f80c66c4-8a3d-47db-b3f8-20b0bcb8a3f5@group-7D2873B646E2, cid=750, SUCCESS, logIndex=945, commits[f80c66c4-8a3d-47db-b3f8-20b0bcb8a3f5:c946, 6e9bc0f4-a324-4be3-b201-2d39df7dad8a:c944, cffe1303-2f93-4087-8a62-a40745db49f2:c944]
2019-07-10 09:50:38,154 INFO  client.GrpcClientProtocolClient (GrpcClientProtocolClient.java:onNext(255)) - client-7D6108789623->f80c66c4-8a3d-47db-b3f8-20b0bcb8a3f5: receive RaftClientReply:client-7D6108789623->f80c66c4-8a3d-47db-b3f8-20b0bcb8a3f5@group-7D2873B646E2, cid=751, SUCCESS, logIndex=946, commits[f80c66c4-8a3d-47db-b3f8-20b0bcb8a3f5:c948, 6e9bc0f4-a324-4be3-b201-2d39df7dad8a:c944, cffe1303-2f93-4087-8a62-a40745db49f2:c944]
2019-07-10 09:50:38,154 INFO  client.GrpcClientProtocolClient (GrpcClientProtocolClient.java:onNext(255)) - client-7D6108789623->f80c66c4-8a3d-47db-b3f8-20b0bcb8a3f5: receive RaftClientReply:client-7D6108789623->f80c66c4-8a3d-47db-b3f8-20b0bcb8a3f5@group-7D2873B646E2, cid=752, SUCCESS, logIndex=947, commits[f80c66c4-8a3d-47db-b3f8-20b0bcb8a3f5:c948, 6e9bc0f4-a324-4be3-b201-2d39df7dad8a:c944, cffe1303-2f93-4087-8a62-a40745db49f2:c944]
2019-07-10 09:50:38,154 INFO  client.GrpcClientProtocolClient (GrpcClientProtocolClient.java:onNext(255)) - client-7D6108789623->f80c66c4-8a3d-47db-b3f8-20b0bcb8a3f5: receive RaftClientReply:client-7D6108789623->f80c66c4-8a3d-47db-b3f8-20b0bcb8a3f5@group-7D2873B646E2, cid=753, SUCCESS, logIndex=948, commits[f80c66c4-8a3d-47db-b3f8-20b0bcb8a3f5:c948, 6e9bc0f4-a324-4be3-b201-2d39df7dad8a:c944, cffe1303-2f93-4087-8a62-a40745db49f2:c944]
2019-07-10 09:50:38,168 INFO  client.GrpcClientProtocolClient (GrpcClientProtocolClient.java:onNext(255)) - client-7D6108789623->f80c66c4-8a3d-47db-b3f8-20b0bcb8a3f5: receive RaftClientReply:client-7D6108789623->f80c66c4-8a3d-47db-b3f8-20b0bcb8a3f5@group-7D2873B646E2, cid=754, SUCCESS, logIndex=0, commits[f80c66c4-8a3d-47db-b3f8-20b0bcb8a3f5:c950, 6e9bc0f4-a324-4be3-b201-2d39df7dad8a:c946, cffe1303-2f93-4087-8a62-a40745db49f2:c946]
2019-07-10 09:50:38,188 INFO  client.GrpcClientProtocolClient (GrpcClientProtocolClient.java:onNext(255)) - client-7D6108789623->f80c66c4-8a3d-47db-b3f8-20b0bcb8a3f5: receive RaftClientReply:client-7D6108789623->f80c66c4-8a3d-47db-b3f8-20b0bcb8a3f5@group-7D2873B646E2, cid=755, SUCCESS, logIndex=953, commits[f80c66c4-8a3d-47db-b3f8-20b0bcb8a3f5:c954, 6e9bc0f4-a324-4be3-b201-2d39df7dad8a:c948, cffe1303-2f93-4087-8a62-a40745db49f2:c951]
2019-07-10 09:50:38,189 INFO  client.GrpcClientProtocolClient (GrpcClientProtocolClient.java:onNext(255)) - client-7D6108789623->f80c66c4-8a3d-47db-b3f8-20b0bcb8a3f5: receive RaftClientReply:client-7D6108789623->f80c66c4-8a3d-47db-b3f8-20b0bcb8a3f5@group-7D2873B646E2, cid=756, SUCCESS, logIndex=954, commits[f80c66c4-8a3d-47db-b3f8-20b0bcb8a3f5:c954, 6e9bc0f4-a324-4be3-b201-2d39df7dad8a:c951, cffe1303-2f93-4087-8a62-a40745db49f2:c951]
2019-07-10 09:50:38,203 INFO  client.GrpcClientProtocolClient (GrpcClientProtocolClient.java:onNext(255)) - client-7D6108789623->f80c66c4-8a3d-47db-b3f8-20b0bcb8a3f5: receive RaftClientReply:client-7D6108789623->f80c66c4-8a3d-47db-b3f8-20b0bcb8a3f5@group-7D2873B646E2, cid=757, SUCCESS, logIndex=957, commits[f80c66c4-8a3d-47db-b3f8-20b0bcb8a3f5:c958, 6e9bc0f4-a324-4be3-b201-2d39df7dad8a:c956, cffe1303-2f93-4087-8a62-a40745db49f2:c956]
2019-07-10 09:50:38,203 INFO  client.GrpcClientProtocolClient (GrpcClientProtocolClient.java:onNext(255)) - client-7D6108789623->f80c66c4-8a3d-47db-b3f8-20b0bcb8a3f5: receive RaftClientReply:client-7D6108789623->f80c66c4-8a3d-47db-b3f8-20b0bcb8a3f5@group-7D2873B646E2, cid=758, SUCCESS, logIndex=958, commits[f80c66c4-8a3d-47db-b3f8-20b0bcb8a3f5:c958, 6e9bc0f4-a324-4be3-b201-2d39df7dad8a:c956, cffe1303-2f93-4087-8a62-a40745db49f2:c956]
2019-07-10 09:50:38,216 INFO  client.GrpcClientProtocolClient (GrpcClientProtocolClient.java:onNext(255)) - client-7D6108789623->f80c66c4-8a3d-47db-b3f8-20b0bcb8a3f5: receive RaftClientReply:client-7D6108789623->f80c66c4-8a3d-47db-b3f8-20b0bcb8a3f5@group-7D2873B646E2, cid=759, SUCCESS, logIndex=0, commits[f80c66c4-8a3d-47db-b3f8-20b0bcb8a3f5:c960, 6e9bc0f4-a324-4be3-b201-2d39df7dad8a:c958, cffe1303-2f93-4087-8a62-a40745db49f2:c958]
2019-07-10 09:50:38,237 INFO  client.GrpcClientProtocolClient (GrpcClientProtocolClient.java:onNext(255)) - client-7D6108789623->f80c66c4-8a3d-47db-b3f8-20b0bcb8a3f5: receive RaftClientReply:client-7D6108789623->f80c66c4-8a3d-47db-b3f8-20b0bcb8a3f5@group-7D2873B646E2, cid=760, SUCCESS, logIndex=961, commits[f80c66c4-8a3d-47db-b3f8-20b0bcb8a3f5:c962, 6e9bc0f4-a324-4be3-b201-2d39df7dad8a:c960, cffe1303-2f93-4087-8a62-a40745db49f2:c960]
2019-07-10 09:50:38,238 INFO  client.GrpcClientProtocolClient (GrpcClientProtocolClient.java:onNext(255)) - client-7D6108789623->f80c66c4-8a3d-47db-b3f8-20b0bcb8a3f5: receive RaftClientReply:client-7D6108789623->f80c66c4-8a3d-47db-b3f8-20b0bcb8a3f5@group-7D2873B646E2, cid=761, SUCCESS, logIndex=962, commits[f80c66c4-8a3d-47db-b3f8-20b0bcb8a3f5:c963, 6e9bc0f4-a324-4be3-b201-2d39df7dad8a:c960, cffe1303-2f93-4087-8a62-a40745db49f2:c960]
2019-07-10 09:50:38,238 INFO  client.GrpcClientProtocolClient (GrpcClientProtocolClient.java:onNext(255)) - client-7D6108789623->f80c66c4-8a3d-47db-b3f8-20b0bcb8a3f5: receive RaftClientReply:client-7D6108789623->f80c66c4-8a3d-47db-b3f8-20b0bcb8a3f5@group-7D2873B646E2, cid=762, SUCCESS, logIndex=963, commits[f80c66c4-8a3d-47db-b3f8-20b0bcb8a3f5:c963, 6e9bc0f4-a324-4be3-b201-2d39df7dad8a:c960, cffe1303-2f93-4087-8a62-a40745db49f2:c960]
2019-07-10 09:50:38,238 INFO  client.GrpcClientProtocolClient (GrpcClientProtocolClient.java:onNext(255)) - client-7D6108789623->f80c66c4-8a3d-47db-b3f8-20b0bcb8a3f5: receive RaftClientReply:client-7D6108789623->f80c66c4-8a3d-47db-b3f8-20b0bcb8a3f5@group-7D2873B646E2, cid=763, SUCCESS, logIndex=964, commits[f80c66c4-8a3d-47db-b3f8-20b0bcb8a3f5:c964, 6e9bc0f4-a324-4be3-b201-2d39df7dad8a:c960, cffe1303-2f93-4087-8a62-a40745db49f2:c960]
2019-07-10 09:50:38,251 INFO  client.GrpcClientProtocolClient (GrpcClientProtocolClient.java:onNext(255)) - client-7D6108789623->f80c66c4-8a3d-47db-b3f8-20b0bcb8a3f5: receive RaftClientReply:client-7D6108789623->f80c66c4-8a3d-47db-b3f8-20b0bcb8a3f5@group-7D2873B646E2, cid=764, SUCCESS, logIndex=0, commits[f80c66c4-8a3d-47db-b3f8-20b0bcb8a3f5:c968, 6e9bc0f4-a324-4be3-b201-2d39df7dad8a:c964, cffe1303-2f93-4087-8a62-a40745db49f2:c962]
2019-07-10 09:50:38,269 INFO  client.GrpcClientProtocolClient (GrpcClientProtocolClient.java:onNext(255)) - client-7D6108789623->f80c66c4-8a3d-47db-b3f8-20b0bcb8a3f5: receive RaftClientReply:client-7D6108789623->f80c66c4-8a3d-47db-b3f8-20b0bcb8a3f5@group-7D2873B646E2, cid=765, SUCCESS, logIndex=969, commits[f80c66c4-8a3d-47db-b3f8-20b0bcb8a3f5:c970, 6e9bc0f4-a324-4be3-b201-2d39df7dad8a:c968, cffe1303-2f93-4087-8a62-a40745db49f2:c968]
2019-07-10 09:50:38,269 INFO  client.GrpcClientProtocolClient (GrpcClientProtocolClient.java:onNext(255)) - client-7D6108789623->f80c66c4-8a3d-47db-b3f8-20b0bcb8a3f5: receive RaftClientReply:client-7D6108789623->f80c66c4-8a3d-47db-b3f8-20b0bcb8a3f5@group-7D2873B646E2, cid=766, SUCCESS, logIndex=970, commits[f80c66c4-8a3d-47db-b3f8-20b0bcb8a3f5:c970, 6e9bc0f4-a324-4be3-b201-2d39df7dad8a:c968, cffe1303-2f93-4087-8a62-a40745db49f2:c968]
2019-07-10 09:50:38,280 INFO  client.GrpcClientProtocolClient (GrpcClientProtocolClient.java:onNext(255)) - client-7D6108789623->f80c66c4-8a3d-47db-b3f8-20b0bcb8a3f5: receive RaftClientReply:client-7D6108789623->f80c66c4-8a3d-47db-b3f8-20b0bcb8a3f5@group-7D2873B646E2, cid=767, SUCCESS, logIndex=973, commits[f80c66c4-8a3d-47db-b3f8-20b0bcb8a3f5:c974, 6e9bc0f4-a324-4be3-b201-2d39df7dad8a:c969, cffe1303-2f93-4087-8a62-a40745db49f2:c970]
2019-07-10 09:50:38,281 INFO  client.GrpcClientProtocolClient (GrpcClientProtocolClient.java:onNext(255)) - client-7D6108789623->f80c66c4-8a3d-47db-b3f8-20b0bcb8a3f5: receive RaftClientReply:client-7D6108789623->f80c66c4-8a3d-47db-b3f8-20b0bcb8a3f5@group-7D2873B646E2, cid=768, SUCCESS, logIndex=974, commits[f80c66c4-8a3d-47db-b3f8-20b0bcb8a3f5:c974, 6e9bc0f4-a324-4be3-b201-2d39df7dad8a:c970, cffe1303-2f93-4087-8a62-a40745db49f2:c970]
2019-07-10 09:50:38,282 INFO  client.GrpcClientProtocolClient (GrpcClientProtocolClient.java:onNext(255)) - client-7D6108789623->f80c66c4-8a3d-47db-b3f8-20b0bcb8a3f5: receive RaftClientReply:client-7D6108789623->f80c66c4-8a3d-47db-b3f8-20b0bcb8a3f5@group-7D2873B646E2, cid=769, SUCCESS, logIndex=0, commits[f80c66c4-8a3d-47db-b3f8-20b0bcb8a3f5:c976, 6e9bc0f4-a324-4be3-b201-2d39df7dad8a:c974, cffe1303-2f93-4087-8a62-a40745db49f2:c974]
2019-07-10 09:50:38,303 INFO  client.GrpcClientProtocolClient (GrpcClientProtocolClient.java:onNext(255)) - client-7D6108789623->f80c66c4-8a3d-47db-b3f8-20b0bcb8a3f5: receive RaftClientReply:client-7D6108789623->f80c66c4-8a3d-47db-b3f8-20b0bcb8a3f5@group-7D2873B646E2, cid=770, SUCCESS, logIndex=977, commits[f80c66c4-8a3d-47db-b3f8-20b0bcb8a3f5:c978, 6e9bc0f4-a324-4be3-b201-2d39df7dad8a:c976, cffe1303-2f93-4087-8a62-a40745db49f2:c976]
2019-07-10 09:50:38,303 INFO  client.GrpcClientProtocolClient (GrpcClientProtocolClient.java:onNext(255)) - client-7D6108789623->f80c66c4-8a3d-47db-b3f8-20b0bcb8a3f5: receive RaftClientReply:client-7D6108789623->f80c66c4-8a3d-47db-b3f8-20b0bcb8a3f5@group-7D2873B646E2, cid=771, SUCCESS, logIndex=978, commits[f80c66c4-8a3d-47db-b3f8-20b0bcb8a3f5:c978, 6e9bc0f4-a324-4be3-b201-2d39df7dad8a:c976, cffe1303-2f93-4087-8a62-a40745db49f2:c976]
2019-07-10 09:50:38,304 INFO  client.GrpcClientProtocolClient (GrpcClientProtocolClient.java:onNext(255)) - client-7D6108789623->f80c66c4-8a3d-47db-b3f8-20b0bcb8a3f5: receive RaftClientReply:client-7D6108789623->f80c66c4-8a3d-47db-b3f8-20b0bcb8a3f5@group-7D2873B646E2, cid=772, SUCCESS, logIndex=979, commits[f80c66c4-8a3d-47db-b3f8-20b0bcb8a3f5:c980, 6e9bc0f4-a324-4be3-b201-2d39df7dad8a:c976, cffe1303-2f93-4087-8a62-a40745db49f2:c976]
2019-07-10 09:50:38,304 INFO  client.GrpcClientProtocolClient (GrpcClientProtocolClient.java:onNext(255)) - client-7D6108789623->f80c66c4-8a3d-47db-b3f8-20b0bcb8a3f5: receive RaftClientReply:client-7D6108789623->f80c66c4-8a3d-47db-b3f8-20b0bcb8a3f5@group-7D2873B646E2, cid=773, SUCCESS, logIndex=980, commits[f80c66c4-8a3d-47db-b3f8-20b0bcb8a3f5:c980, 6e9bc0f4-a324-4be3-b201-2d39df7dad8a:c976, cffe1303-2f93-4087-8a62-a40745db49f2:c976]
2019-07-10 09:50:38,315 INFO  client.GrpcClientProtocolClient (GrpcClientProtocolClient.java:onNext(255)) - client-7D6108789623->f80c66c4-8a3d-47db-b3f8-20b0bcb8a3f5: receive RaftClientReply:client-7D6108789623->f80c66c4-8a3d-47db-b3f8-20b0bcb8a3f5@group-7D2873B646E2, cid=774, SUCCESS, logIndex=0, commits[f80c66c4-8a3d-47db-b3f8-20b0bcb8a3f5:c983, 6e9bc0f4-a324-4be3-b201-2d39df7dad8a:c978, cffe1303-2f93-4087-8a62-a40745db49f2:c980]
2019-07-10 09:50:38,368 INFO  client.GrpcClientProtocolClient (GrpcClientProtocolClient.java:onNext(255)) - client-7D6108789623->f80c66c4-8a3d-47db-b3f8-20b0bcb8a3f5: receive RaftClientReply:client-7D6108789623->f80c66c4-8a3d-47db-b3f8-20b0bcb8a3f5@group-7D2873B646E2, cid=775, SUCCESS, logIndex=984, commits[f80c66c4-8a3d-47db-b3f8-20b0bcb8a3f5:c985, 6e9bc0f4-a324-4be3-b201-2d39df7dad8a:c983, cffe1303-2f93-4087-8a62-a40745db49f2:c983]
2019-07-10 09:50:38,368 INFO  client.GrpcClientProtocolClient (GrpcClientProtocolClient.java:onNext(255)) - client-7D6108789623->f80c66c4-8a3d-47db-b3f8-20b0bcb8a3f5: receive RaftClientReply:client-7D6108789623->f80c66c4-8a3d-47db-b3f8-20b0bcb8a3f5@group-7D2873B646E2, cid=776, SUCCESS, logIndex=985, commits[f80c66c4-8a3d-47db-b3f8-20b0bcb8a3f5:c985, 6e9bc0f4-a324-4be3-b201-2d39df7dad8a:c983, cffe1303-2f93-4087-8a62-a40745db49f2:c983]
2019-07-10 09:50:38,390 INFO  client.GrpcClientProtocolClient (GrpcClientProtocolClient.java:onNext(255)) - client-7D6108789623->f80c66c4-8a3d-47db-b3f8-20b0bcb8a3f5: receive RaftClientReply:client-7D6108789623->f80c66c4-8a3d-47db-b3f8-20b0bcb8a3f5@group-7D2873B646E2, cid=777, SUCCESS, logIndex=988, commits[f80c66c4-8a3d-47db-b3f8-20b0bcb8a3f5:c989, 6e9bc0f4-a324-4be3-b201-2d39df7dad8a:c985, cffe1303-2f93-4087-8a62-a40745db49f2:c985]
2019-07-10 09:50:38,391 INFO  client.GrpcClientProtocolClient (GrpcClientProtocolClient.java:onNext(255)) - client-7D6108789623->f80c66c4-8a3d-47db-b3f8-20b0bcb8a3f5: receive RaftClientReply:client-7D6108789623->f80c66c4-8a3d-47db-b3f8-20b0bcb8a3f5@group-7D2873B646E2, cid=778, SUCCESS, logIndex=989, commits[f80c66c4-8a3d-47db-b3f8-20b0bcb8a3f5:c989, 6e9bc0f4-a324-4be3-b201-2d39df7dad8a:c985, cffe1303-2f93-4087-8a62-a40745db49f2:c985]
2019-07-10 09:50:38,499 INFO  client.GrpcClientProtocolClient (GrpcClientProtocolClient.java:onNext(255)) - client-7D6108789623->f80c66c4-8a3d-47db-b3f8-20b0bcb8a3f5: receive RaftClientReply:client-7D6108789623->f80c66c4-8a3d-47db-b3f8-20b0bcb8a3f5@group-7D2873B646E2, cid=779, SUCCESS, logIndex=0, commits[f80c66c4-8a3d-47db-b3f8-20b0bcb8a3f5:c991, 6e9bc0f4-a324-4be3-b201-2d39df7dad8a:c989, cffe1303-2f93-4087-8a62-a40745db49f2:c989]
2019-07-10 09:50:38,517 INFO  client.GrpcClientProtocolClient (GrpcClientProtocolClient.java:onNext(255)) - client-7D6108789623->f80c66c4-8a3d-47db-b3f8-20b0bcb8a3f5: receive RaftClientReply:client-7D6108789623->f80c66c4-8a3d-47db-b3f8-20b0bcb8a3f5@group-7D2873B646E2, cid=780, SUCCESS, logIndex=992, commits[f80c66c4-8a3d-47db-b3f8-20b0bcb8a3f5:c993, 6e9bc0f4-a324-4be3-b201-2d39df7dad8a:c991, cffe1303-2f93-4087-8a62-a40745db49f2:c991]
2019-07-10 09:50:38,518 INFO  client.GrpcClientProtocolClient (GrpcClientProtocolClient.java:onNext(255)) - client-7D6108789623->f80c66c4-8a3d-47db-b3f8-20b0bcb8a3f5: receive RaftClientReply:client-7D6108789623->f80c66c4-8a3d-47db-b3f8-20b0bcb8a3f5@group-7D2873B646E2, cid=781, SUCCESS, logIndex=993, commits[f80c66c4-8a3d-47db-b3f8-20b0bcb8a3f5:c993, 6e9bc0f4-a324-4be3-b201-2d39df7dad8a:c991, cffe1303-2f93-4087-8a62-a40745db49f2:c991]
2019-07-10 09:50:38,534 INFO  client.GrpcClientProtocolClient (GrpcClientProtocolClient.java:onNext(255)) - client-7D6108789623->f80c66c4-8a3d-47db-b3f8-20b0bcb8a3f5: receive RaftClientReply:client-7D6108789623->f80c66c4-8a3d-47db-b3f8-20b0bcb8a3f5@group-7D2873B646E2, cid=782, SUCCESS, logIndex=994, commits[f80c66c4-8a3d-47db-b3f8-20b0bcb8a3f5:c996, 6e9bc0f4-a324-4be3-b201-2d39df7dad8a:c993, cffe1303-2f93-4087-8a62-a40745db49f2:c991]
2019-07-10 09:50:38,534 INFO  client.GrpcClientProtocolClient (GrpcClientProtocolClient.java:onNext(255)) - client-7D6108789623->f80c66c4-8a3d-47db-b3f8-20b0bcb8a3f5: receive RaftClientReply:client-7D6108789623->f80c66c4-8a3d-47db-b3f8-20b0bcb8a3f5@group-7D2873B646E2, cid=783, SUCCESS, logIndex=995, commits[f80c66c4-8a3d-47db-b3f8-20b0bcb8a3f5:c996, 6e9bc0f4-a324-4be3-b201-2d39df7dad8a:c993, cffe1303-2f93-4087-8a62-a40745db49f2:c993]
2019-07-10 09:50:38,555 INFO  client.GrpcClientProtocolClient (GrpcClientProtocolClient.java:onNext(255)) - client-7D6108789623->f80c66c4-8a3d-47db-b3f8-20b0bcb8a3f5: receive RaftClientReply:client-7D6108789623->f80c66c4-8a3d-47db-b3f8-20b0bcb8a3f5@group-7D2873B646E2, cid=784, SUCCESS, logIndex=1000, commits[f80c66c4-8a3d-47db-b3f8-20b0bcb8a3f5:c1001, 6e9bc0f4-a324-4be3-b201-2d39df7dad8a:c997, cffe1303-2f93-4087-8a62-a40745db49f2:c997]
2019-07-10 09:50:38,555 INFO  client.GrpcClientProtocolClient (GrpcClientProtocolClient.java:onNext(255)) - client-7D6108789623->f80c66c4-8a3d-47db-b3f8-20b0bcb8a3f5: receive RaftClientReply:client-7D6108789623->f80c66c4-8a3d-47db-b3f8-20b0bcb8a3f5@group-7D2873B646E2, cid=785, SUCCESS, logIndex=1001, commits[f80c66c4-8a3d-47db-b3f8-20b0bcb8a3f5:c1001, 6e9bc0f4-a324-4be3-b201-2d39df7dad8a:c997, cffe1303-2f93-4087-8a62-a40745db49f2:c997]
2019-07-10 09:50:38,578 INFO  client.GrpcClientProtocolClient (GrpcClientProtocolClient.java:onNext(255)) - client-7D6108789623->f80c66c4-8a3d-47db-b3f8-20b0bcb8a3f5: receive RaftClientReply:client-7D6108789623->f80c66c4-8a3d-47db-b3f8-20b0bcb8a3f5@group-7D2873B646E2, cid=786, SUCCESS, logIndex=1004, commits[f80c66c4-8a3d-47db-b3f8-20b0bcb8a3f5:c1005, 6e9bc0f4-a324-4be3-b201-2d39df7dad8a:c1003, cffe1303-2f93-4087-8a62-a40745db49f2:c1003]
2019-07-10 09:50:38,579 INFO  client.GrpcClientProtocolClient (GrpcClientProtocolClient.java:onNext(255)) - client-7D6108789623->f80c66c4-8a3d-47db-b3f8-20b0bcb8a3f5: receive RaftClientReply:client-7D6108789623->f80c66c4-8a3d-47db-b3f8-20b0bcb8a3f5@group-7D2873B646E2, cid=787, SUCCESS, logIndex=1005, commits[f80c66c4-8a3d-47db-b3f8-20b0bcb8a3f5:c1005, 6e9bc0f4-a324-4be3-b201-2d39df7dad8a:c1003, cffe1303-2f93-4087-8a62-a40745db49f2:c1003]
2019-07-10 09:50:38,592 INFO  client.GrpcClientProtocolClient (GrpcClientProtocolClient.java:onNext(255)) - client-7D6108789623->f80c66c4-8a3d-47db-b3f8-20b0bcb8a3f5: receive RaftClientReply:client-7D6108789623->f80c66c4-8a3d-47db-b3f8-20b0bcb8a3f5@group-7D2873B646E2, cid=788, SUCCESS, logIndex=0, commits[f80c66c4-8a3d-47db-b3f8-20b0bcb8a3f5:c1007, 6e9bc0f4-a324-4be3-b201-2d39df7dad8a:c1005, cffe1303-2f93-4087-8a62-a40745db49f2:c1005]
2019-07-10 09:50:38,626 INFO  client.GrpcClientProtocolClient (GrpcClientProtocolClient.java:onNext(255)) - client-7D6108789623->f80c66c4-8a3d-47db-b3f8-20b0bcb8a3f5: receive RaftClientReply:client-7D6108789623->f80c66c4-8a3d-47db-b3f8-20b0bcb8a3f5@group-7D2873B646E2, cid=789, SUCCESS, logIndex=1008, commits[f80c66c4-8a3d-47db-b3f8-20b0bcb8a3f5:c1009, 6e9bc0f4-a324-4be3-b201-2d39df7dad8a:c1007, cffe1303-2f93-4087-8a62-a40745db49f2:c1007]
2019-07-10 09:50:38,627 INFO  client.GrpcClientProtocolClient (GrpcClientProtocolClient.java:onNext(255)) - client-7D6108789623->f80c66c4-8a3d-47db-b3f8-20b0bcb8a3f5: receive RaftClientReply:client-7D6108789623->f80c66c4-8a3d-47db-b3f8-20b0bcb8a3f5@group-7D2873B646E2, cid=790, SUCCESS, logIndex=1009, commits[f80c66c4-8a3d-47db-b3f8-20b0bcb8a3f5:c1011, 6e9bc0f4-a324-4be3-b201-2d39df7dad8a:c1007, cffe1303-2f93-4087-8a62-a40745db49f2:c1007]
2019-07-10 09:50:38,627 INFO  client.GrpcClientProtocolClient (GrpcClientProtocolClient.java:onNext(255)) - client-7D6108789623->f80c66c4-8a3d-47db-b3f8-20b0bcb8a3f5: receive RaftClientReply:client-7D6108789623->f80c66c4-8a3d-47db-b3f8-20b0bcb8a3f5@group-7D2873B646E2, cid=791, SUCCESS, logIndex=1010, commits[f80c66c4-8a3d-47db-b3f8-20b0bcb8a3f5:c1011, 6e9bc0f4-a324-4be3-b201-2d39df7dad8a:c1007, cffe1303-2f93-4087-8a62-a40745db49f2:c1007]
2019-07-10 09:50:38,627 INFO  client.GrpcClientProtocolClient (GrpcClientProtocolClient.java:onNext(255)) - client-7D6108789623->f80c66c4-8a3d-47db-b3f8-20b0bcb8a3f5: receive RaftClientReply:client-7D6108789623->f80c66c4-8a3d-47db-b3f8-20b0bcb8a3f5@group-7D2873B646E2, cid=792, SUCCESS, logIndex=1011, commits[f80c66c4-8a3d-47db-b3f8-20b0bcb8a3f5:c1011, 6e9bc0f4-a324-4be3-b201-2d39df7dad8a:c1007, cffe1303-2f93-4087-8a62-a40745db49f2:c1007]
2019-07-10 09:50:38,639 INFO  client.GrpcClientProtocolClient (GrpcClientProtocolClient.java:onNext(255)) - client-7D6108789623->f80c66c4-8a3d-47db-b3f8-20b0bcb8a3f5: receive RaftClientReply:client-7D6108789623->f80c66c4-8a3d-47db-b3f8-20b0bcb8a3f5@group-7D2873B646E2, cid=793, SUCCESS, logIndex=0, commits[f80c66c4-8a3d-47db-b3f8-20b0bcb8a3f5:c1012, 6e9bc0f4-a324-4be3-b201-2d39df7dad8a:c1009, cffe1303-2f93-4087-8a62-a40745db49f2:c1009]
2019-07-10 09:50:38,661 INFO  client.GrpcClientProtocolClient (GrpcClientProtocolClient.java:onNext(255)) - client-7D6108789623->f80c66c4-8a3d-47db-b3f8-20b0bcb8a3f5: receive RaftClientReply:client-7D6108789623->f80c66c4-8a3d-47db-b3f8-20b0bcb8a3f5@group-7D2873B646E2, cid=794, SUCCESS, logIndex=1016, commits[f80c66c4-8a3d-47db-b3f8-20b0bcb8a3f5:c1017, 6e9bc0f4-a324-4be3-b201-2d39df7dad8a:c1015, cffe1303-2f93-4087-8a62-a40745db49f2:c1015]
2019-07-10 09:50:38,661 INFO  client.GrpcClientProtocolClient (GrpcClientProtocolClient.java:onNext(255)) - client-7D6108789623->f80c66c4-8a3d-47db-b3f8-20b0bcb8a3f5: receive RaftClientReply:client-7D6108789623->f80c66c4-8a3d-47db-b3f8-20b0bcb8a3f5@group-7D2873B646E2, cid=795, SUCCESS, logIndex=1017, commits[f80c66c4-8a3d-47db-b3f8-20b0bcb8a3f5:c1017, 6e9bc0f4-a324-4be3-b201-2d39df7dad8a:c1015, cffe1303-2f93-4087-8a62-a40745db49f2:c1015]
2019-07-10 09:50:38,683 INFO  client.GrpcClientProtocolClient (GrpcClientProtocolClient.java:onNext(255)) - client-7D6108789623->f80c66c4-8a3d-47db-b3f8-20b0bcb8a3f5: receive RaftClientReply:client-7D6108789623->f80c66c4-8a3d-47db-b3f8-20b0bcb8a3f5@group-7D2873B646E2, cid=796, SUCCESS, logIndex=1020, commits[f80c66c4-8a3d-47db-b3f8-20b0bcb8a3f5:c1021, 6e9bc0f4-a324-4be3-b201-2d39df7dad8a:c1017, cffe1303-2f93-4087-8a62-a40745db49f2:c1017]
2019-07-10 09:50:38,684 INFO  client.GrpcClientProtocolClient (GrpcClientProtocolClient.java:onNext(255)) - client-7D6108789623->f80c66c4-8a3d-47db-b3f8-20b0bcb8a3f5: receive RaftClientReply:client-7D6108789623->f80c66c4-8a3d-47db-b3f8-20b0bcb8a3f5@group-7D2873B646E2, cid=797, SUCCESS, logIndex=1021, commits[f80c66c4-8a3d-47db-b3f8-20b0bcb8a3f5:c1021, 6e9bc0f4-a324-4be3-b201-2d39df7dad8a:c1017, cffe1303-2f93-4087-8a62-a40745db49f2:c1017]
2019-07-10 09:50:38,687 INFO  client.GrpcClientProtocolClient (GrpcClientProtocolClient.java:onNext(255)) - client-7D6108789623->f80c66c4-8a3d-47db-b3f8-20b0bcb8a3f5: receive RaftClientReply:client-7D6108789623->f80c66c4-8a3d-47db-b3f8-20b0bcb8a3f5@group-7D2873B646E2, cid=798, SUCCESS, logIndex=0, commits[f80c66c4-8a3d-47db-b3f8-20b0bcb8a3f5:c1022, 6e9bc0f4-a324-4be3-b201-2d39df7dad8a:c1021, cffe1303-2f93-4087-8a62-a40745db49f2:c1021]
2019-07-10 09:50:38,710 INFO  client.GrpcClientProtocolClient (GrpcClientProtocolClient.java:onNext(255)) - client-7D6108789623->f80c66c4-8a3d-47db-b3f8-20b0bcb8a3f5: receive RaftClientReply:client-7D6108789623->f80c66c4-8a3d-47db-b3f8-20b0bcb8a3f5@group-7D2873B646E2, cid=799, SUCCESS, logIndex=1024, commits[f80c66c4-8a3d-47db-b3f8-20b0bcb8a3f5:c1025, 6e9bc0f4-a324-4be3-b201-2d39df7dad8a:c1021, cffe1303-2f93-4087-8a62-a40745db49f2:c1022]
2019-07-10 09:50:38,711 INFO  client.GrpcClientProtocolClient (GrpcClientProtocolClient.java:onNext(255)) - client-7D6108789623->f80c66c4-8a3d-47db-b3f8-20b0bcb8a3f5: receive RaftClientReply:client-7D6108789623->f80c66c4-8a3d-47db-b3f8-20b0bcb8a3f5@group-7D2873B646E2, cid=800, SUCCESS, logIndex=1025, commits[f80c66c4-8a3d-47db-b3f8-20b0bcb8a3f5:c1025, 6e9bc0f4-a324-4be3-b201-2d39df7dad8a:c1022, cffe1303-2f93-4087-8a62-a40745db49f2:c1023]
2019-07-10 09:50:38,711 INFO  client.GrpcClientProtocolClient (GrpcClientProtocolClient.java:onNext(255)) - client-7D6108789623->f80c66c4-8a3d-47db-b3f8-20b0bcb8a3f5: receive RaftClientReply:client-7D6108789623->f80c66c4-8a3d-47db-b3f8-20b0bcb8a3f5@group-7D2873B646E2, cid=801, SUCCESS, logIndex=1026, commits[f80c66c4-8a3d-47db-b3f8-20b0bcb8a3f5:c1026, 6e9bc0f4-a324-4be3-b201-2d39df7dad8a:c1022, cffe1303-2f93-4087-8a62-a40745db49f2:c1023]
2019-07-10 09:50:38,711 INFO  client.GrpcClientProtocolClient (GrpcClientProtocolClient.java:onNext(255)) - client-7D6108789623->f80c66c4-8a3d-47db-b3f8-20b0bcb8a3f5: receive RaftClientReply:client-7D6108789623->f80c66c4-8a3d-47db-b3f8-20b0bcb8a3f5@group-7D2873B646E2, cid=802, SUCCESS, logIndex=1027, commits[f80c66c4-8a3d-47db-b3f8-20b0bcb8a3f5:c1027, 6e9bc0f4-a324-4be3-b201-2d39df7dad8a:c1023, cffe1303-2f93-4087-8a62-a40745db49f2:c1023]
2019-07-10 09:50:38,713 INFO  client.GrpcClientProtocolClient (GrpcClientProtocolClient.java:onNext(255)) - client-7D6108789623->f80c66c4-8a3d-47db-b3f8-20b0bcb8a3f5: receive RaftClientReply:client-7D6108789623->f80c66c4-8a3d-47db-b3f8-20b0bcb8a3f5@group-7D2873B646E2, cid=803, SUCCESS, logIndex=0, commits[f80c66c4-8a3d-47db-b3f8-20b0bcb8a3f5:c1031, 6e9bc0f4-a324-4be3-b201-2d39df7dad8a:c1025, cffe1303-2f93-4087-8a62-a40745db49f2:c1027]
2019-07-10 09:50:38,730 INFO  client.GrpcClientProtocolClient (GrpcClientProtocolClient.java:onNext(255)) - client-7D6108789623->f80c66c4-8a3d-47db-b3f8-20b0bcb8a3f5: receive RaftClientReply:client-7D6108789623->f80c66c4-8a3d-47db-b3f8-20b0bcb8a3f5@group-7D2873B646E2, cid=804, SUCCESS, logIndex=1032, commits[f80c66c4-8a3d-47db-b3f8-20b0bcb8a3f5:c1033, 6e9bc0f4-a324-4be3-b201-2d39df7dad8a:c1031, cffe1303-2f93-4087-8a62-a40745db49f2:c1031]
2019-07-10 09:50:38,731 INFO  client.GrpcClientProtocolClient (GrpcClientProtocolClient.java:onNext(255)) - client-7D6108789623->f80c66c4-8a3d-47db-b3f8-20b0bcb8a3f5: receive RaftClientReply:client-7D6108789623->f80c66c4-8a3d-47db-b3f8-20b0bcb8a3f5@group-7D2873B646E2, cid=805, SUCCESS, logIndex=1033, commits[f80c66c4-8a3d-47db-b3f8-20b0bcb8a3f5:c1033, 6e9bc0f4-a324-4be3-b201-2d39df7dad8a:c1031, cffe1303-2f93-4087-8a62-a40745db49f2:c1031]
2019-07-10 09:50:38,752 INFO  client.GrpcClientProtocolClient (GrpcClientProtocolClient.java:onNext(255)) - client-7D6108789623->f80c66c4-8a3d-47db-b3f8-20b0bcb8a3f5: receive RaftClientReply:client-7D6108789623->f80c66c4-8a3d-47db-b3f8-20b0bcb8a3f5@group-7D2873B646E2, cid=806, SUCCESS, logIndex=1036, commits[f80c66c4-8a3d-47db-b3f8-20b0bcb8a3f5:c1037, 6e9bc0f4-a324-4be3-b201-2d39df7dad8a:c1034, cffe1303-2f93-4087-8a62-a40745db49f2:c1033]
2019-07-10 09:50:38,753 INFO  client.GrpcClientProtocolClient (GrpcClientProtocolClient.java:onNext(255)) - client-7D6108789623->f80c66c4-8a3d-47db-b3f8-20b0bcb8a3f5: receive RaftClientReply:client-7D6108789623->f80c66c4-8a3d-47db-b3f8-20b0bcb8a3f5@group-7D2873B646E2, cid=807, SUCCESS, logIndex=1037, commits[f80c66c4-8a3d-47db-b3f8-20b0bcb8a3f5:c1037, 6e9bc0f4-a324-4be3-b201-2d39df7dad8a:c1034, cffe1303-2f93-4087-8a62-a40745db49f2:c1034]
2019-07-10 09:50:38,765 INFO  client.GrpcClientProtocolClient (GrpcClientProtocolClient.java:onNext(255)) - client-7D6108789623->f80c66c4-8a3d-47db-b3f8-20b0bcb8a3f5: receive RaftClientReply:client-7D6108789623->f80c66c4-8a3d-47db-b3f8-20b0bcb8a3f5@group-7D2873B646E2, cid=808, SUCCESS, logIndex=0, commits[f80c66c4-8a3d-47db-b3f8-20b0bcb8a3f5:c1038, 6e9bc0f4-a324-4be3-b201-2d39df7dad8a:c1037, cffe1303-2f93-4087-8a62-a40745db49f2:c1037]
2019-07-10 09:50:38,785 INFO  client.GrpcClientProtocolClient (GrpcClientProtocolClient.java:onNext(255)) - client-7D6108789623->f80c66c4-8a3d-47db-b3f8-20b0bcb8a3f5: receive RaftClientReply:client-7D6108789623->f80c66c4-8a3d-47db-b3f8-20b0bcb8a3f5@group-7D2873B646E2, cid=809, SUCCESS, logIndex=1040, commits[f80c66c4-8a3d-47db-b3f8-20b0bcb8a3f5:c1041, 6e9bc0f4-a324-4be3-b201-2d39df7dad8a:c1039, cffe1303-2f93-4087-8a62-a40745db49f2:c1039]
2019-07-10 09:50:38,785 INFO  client.GrpcClientProtocolClient (GrpcClientProtocolClient.java:onNext(255)) - client-7D6108789623->f80c66c4-8a3d-47db-b3f8-20b0bcb8a3f5: receive RaftClientReply:client-7D6108789623->f80c66c4-8a3d-47db-b3f8-20b0bcb8a3f5@group-7D2873B646E2, cid=810, SUCCESS, logIndex=1041, commits[f80c66c4-8a3d-47db-b3f8-20b0bcb8a3f5:c1041, 6e9bc0f4-a324-4be3-b201-2d39df7dad8a:c1039, cffe1303-2f93-4087-8a62-a40745db49f2:c1039]
2019-07-10 09:50:38,793 INFO  client.GrpcClientProtocolClient (GrpcClientProtocolClient.java:onNext(255)) - client-7D6108789623->f80c66c4-8a3d-47db-b3f8-20b0bcb8a3f5: receive RaftClientReply:client-7D6108789623->f80c66c4-8a3d-47db-b3f8-20b0bcb8a3f5@group-7D2873B646E2, cid=811, SUCCESS, logIndex=1042, commits[f80c66c4-8a3d-47db-b3f8-20b0bcb8a3f5:c1043, 6e9bc0f4-a324-4be3-b201-2d39df7dad8a:c1039, cffe1303-2f93-4087-8a62-a40745db49f2:c1039]
2019-07-10 09:50:38,794 INFO  client.GrpcClientProtocolClient (GrpcClientProtocolClient.java:onNext(255)) - client-7D6108789623->f80c66c4-8a3d-47db-b3f8-20b0bcb8a3f5: receive RaftClientReply:client-7D6108789623->f80c66c4-8a3d-47db-b3f8-20b0bcb8a3f5@group-7D2873B646E2, cid=812, SUCCESS, logIndex=1043, commits[f80c66c4-8a3d-47db-b3f8-20b0bcb8a3f5:c1043, 6e9bc0f4-a324-4be3-b201-2d39df7dad8a:c1039, cffe1303-2f93-4087-8a62-a40745db49f2:c1039]
2019-07-10 09:50:38,798 INFO  client.GrpcClientProtocolClient (GrpcClientProtocolClient.java:onNext(255)) - client-7D6108789623->f80c66c4-8a3d-47db-b3f8-20b0bcb8a3f5: receive RaftClientReply:client-7D6108789623->f80c66c4-8a3d-47db-b3f8-20b0bcb8a3f5@group-7D2873B646E2, cid=813, SUCCESS, logIndex=0, commits[f80c66c4-8a3d-47db-b3f8-20b0bcb8a3f5:c1046, 6e9bc0f4-a324-4be3-b201-2d39df7dad8a:c1041, cffe1303-2f93-4087-8a62-a40745db49f2:c1043]
2019-07-10 09:50:38,859 INFO  client.GrpcClientProtocolClient (GrpcClientProtocolClient.java:onNext(255)) - client-7D6108789623->f80c66c4-8a3d-47db-b3f8-20b0bcb8a3f5: receive RaftClientReply:client-7D6108789623->f80c66c4-8a3d-47db-b3f8-20b0bcb8a3f5@group-7D2873B646E2, cid=814, SUCCESS, logIndex=1047, commits[f80c66c4-8a3d-47db-b3f8-20b0bcb8a3f5:c1048, 6e9bc0f4-a324-4be3-b201-2d39df7dad8a:c1046, cffe1303-2f93-4087-8a62-a40745db49f2:c1046]
2019-07-10 09:50:38,859 INFO  client.GrpcClientProtocolClient (GrpcClientProtocolClient.java:onNext(255)) - client-7D6108789623->f80c66c4-8a3d-47db-b3f8-20b0bcb8a3f5: receive RaftClientReply:client-7D6108789623->f80c66c4-8a3d-47db-b3f8-20b0bcb8a3f5@group-7D2873B646E2, cid=815, SUCCESS, logIndex=1048, commits[f80c66c4-8a3d-47db-b3f8-20b0bcb8a3f5:c1048, 6e9bc0f4-a324-4be3-b201-2d39df7dad8a:c1046, cffe1303-2f93-4087-8a62-a40745db49f2:c1046]
2019-07-10 09:50:38,884 INFO  client.GrpcClientProtocolClient (GrpcClientProtocolClient.java:onNext(255)) - client-7D6108789623->f80c66c4-8a3d-47db-b3f8-20b0bcb8a3f5: receive RaftClientReply:client-7D6108789623->f80c66c4-8a3d-47db-b3f8-20b0bcb8a3f5@group-7D2873B646E2, cid=816, SUCCESS, logIndex=1051, commits[f80c66c4-8a3d-47db-b3f8-20b0bcb8a3f5:c1052, 6e9bc0f4-a324-4be3-b201-2d39df7dad8a:c1048, cffe1303-2f93-4087-8a62-a40745db49f2:c1049]
2019-07-10 09:50:38,884 INFO  client.GrpcClientProtocolClient (GrpcClientProtocolClient.java:onNext(255)) - client-7D6108789623->f80c66c4-8a3d-47db-b3f8-20b0bcb8a3f5: receive RaftClientReply:client-7D6108789623->f80c66c4-8a3d-47db-b3f8-20b0bcb8a3f5@group-7D2873B646E2, cid=817, SUCCESS, logIndex=1052, commits[f80c66c4-8a3d-47db-b3f8-20b0bcb8a3f5:c1052, 6e9bc0f4-a324-4be3-b201-2d39df7dad8a:c1049, cffe1303-2f93-4087-8a62-a40745db49f2:c1049]
2019-07-10 09:50:38,897 INFO  client.GrpcClientProtocolClient (GrpcClientProtocolClient.java:onNext(255)) - client-7D6108789623->f80c66c4-8a3d-47db-b3f8-20b0bcb8a3f5: receive RaftClientReply:client-7D6108789623->f80c66c4-8a3d-47db-b3f8-20b0bcb8a3f5@group-7D2873B646E2, cid=818, SUCCESS, logIndex=0, commits[f80c66c4-8a3d-47db-b3f8-20b0bcb8a3f5:c1053, 6e9bc0f4-a324-4be3-b201-2d39df7dad8a:c1052, cffe1303-2f93-4087-8a62-a40745db49f2:c1052]
2019-07-10 09:50:38,918 INFO  client.GrpcClientProtocolClient (GrpcClientProtocolClient.java:onNext(255)) - client-7D6108789623->f80c66c4-8a3d-47db-b3f8-20b0bcb8a3f5: receive RaftClientReply:client-7D6108789623->f80c66c4-8a3d-47db-b3f8-20b0bcb8a3f5@group-7D2873B646E2, cid=819, SUCCESS, logIndex=1055, commits[f80c66c4-8a3d-47db-b3f8-20b0bcb8a3f5:c1056, 6e9bc0f4-a324-4be3-b201-2d39df7dad8a:c1054, cffe1303-2f93-4087-8a62-a40745db49f2:c1054]
2019-07-10 09:50:38,919 INFO  client.GrpcClientProtocolClient (GrpcClientProtocolClient.java:onNext(255)) - client-7D6108789623->f80c66c4-8a3d-47db-b3f8-20b0bcb8a3f5: receive RaftClientReply:client-7D6108789623->f80c66c4-8a3d-47db-b3f8-20b0bcb8a3f5@group-7D2873B646E2, cid=820, SUCCESS, logIndex=1056, commits[f80c66c4-8a3d-47db-b3f8-20b0bcb8a3f5:c1058, 6e9bc0f4-a324-4be3-b201-2d39df7dad8a:c1054, cffe1303-2f93-4087-8a62-a40745db49f2:c1054]
2019-07-10 09:50:38,919 INFO  client.GrpcClientProtocolClient (GrpcClientProtocolClient.java:onNext(255)) - client-7D6108789623->f80c66c4-8a3d-47db-b3f8-20b0bcb8a3f5: receive RaftClientReply:client-7D6108789623->f80c66c4-8a3d-47db-b3f8-20b0bcb8a3f5@group-7D2873B646E2, cid=821, SUCCESS, logIndex=1057, commits[f80c66c4-8a3d-47db-b3f8-20b0bcb8a3f5:c1058, 6e9bc0f4-a324-4be3-b201-2d39df7dad8a:c1054, cffe1303-2f93-4087-8a62-a40745db49f2:c1054]
2019-07-10 09:50:38,919 INFO  client.GrpcClientProtocolClient (GrpcClientProtocolClient.java:onNext(255)) - client-7D6108789623->f80c66c4-8a3d-47db-b3f8-20b0bcb8a3f5: receive RaftClientReply:client-7D6108789623->f80c66c4-8a3d-47db-b3f8-20b0bcb8a3f5@group-7D2873B646E2, cid=822, SUCCESS, logIndex=1058, commits[f80c66c4-8a3d-47db-b3f8-20b0bcb8a3f5:c1059, 6e9bc0f4-a324-4be3-b201-2d39df7dad8a:c1056, cffe1303-2f93-4087-8a62-a40745db49f2:c1054]
2019-07-10 09:50:38,923 INFO  client.GrpcClientProtocolClient (GrpcClientProtocolClient.java:onNext(255)) - client-7D6108789623->f80c66c4-8a3d-47db-b3f8-20b0bcb8a3f5: receive RaftClientReply:client-7D6108789623->f80c66c4-8a3d-47db-b3f8-20b0bcb8a3f5@group-7D2873B646E2, cid=823, SUCCESS, logIndex=0, commits[f80c66c4-8a3d-47db-b3f8-20b0bcb8a3f5:c1060, 6e9bc0f4-a324-4be3-b201-2d39df7dad8a:c1058, cffe1303-2f93-4087-8a62-a40745db49f2:c1056]
2019-07-10 09:50:38,943 INFO  client.GrpcClientProtocolClient (GrpcClientProtocolClient.java:onNext(255)) - client-7D6108789623->f80c66c4-8a3d-47db-b3f8-20b0bcb8a3f5: receive RaftClientReply:client-7D6108789623->f80c66c4-8a3d-47db-b3f8-20b0bcb8a3f5@group-7D2873B646E2, cid=824, SUCCESS, logIndex=1063, commits[f80c66c4-8a3d-47db-b3f8-20b0bcb8a3f5:c1064, 6e9bc0f4-a324-4be3-b201-2d39df7dad8a:c1062, cffe1303-2f93-4087-8a62-a40745db49f2:c1062]
2019-07-10 09:50:38,943 INFO  client.GrpcClientProtocolClient (GrpcClientProtocolClient.java:onNext(255)) - client-7D6108789623->f80c66c4-8a3d-47db-b3f8-20b0bcb8a3f5: receive RaftClientReply:client-7D6108789623->f80c66c4-8a3d-47db-b3f8-20b0bcb8a3f5@group-7D2873B646E2, cid=825, SUCCESS, logIndex=1064, commits[f80c66c4-8a3d-47db-b3f8-20b0bcb8a3f5:c1064, 6e9bc0f4-a324-4be3-b201-2d39df7dad8a:c1062, cffe1303-2f93-4087-8a62-a40745db49f2:c1062]
2019-07-10 09:50:38,966 INFO  client.GrpcClientProtocolClient (GrpcClientProtocolClient.java:onNext(255)) - client-7D6108789623->f80c66c4-8a3d-47db-b3f8-20b0bcb8a3f5: receive RaftClientReply:client-7D6108789623->f80c66c4-8a3d-47db-b3f8-20b0bcb8a3f5@group-7D2873B646E2, cid=826, SUCCESS, logIndex=1067, commits[f80c66c4-8a3d-47db-b3f8-20b0bcb8a3f5:c1068, 6e9bc0f4-a324-4be3-b201-2d39df7dad8a:c1064, cffe1303-2f93-4087-8a62-a40745db49f2:c1064]
2019-07-10 09:50:38,966 INFO  client.GrpcClientProtocolClient (GrpcClientProtocolClient.java:onNext(255)) - client-7D6108789623->f80c66c4-8a3d-47db-b3f8-20b0bcb8a3f5: receive RaftClientReply:client-7D6108789623->f80c66c4-8a3d-47db-b3f8-20b0bcb8a3f5@group-7D2873B646E2, cid=827, SUCCESS, logIndex=1068, commits[f80c66c4-8a3d-47db-b3f8-20b0bcb8a3f5:c1068, 6e9bc0f4-a324-4be3-b201-2d39df7dad8a:c1064, cffe1303-2f93-4087-8a62-a40745db49f2:c1064]
2019-07-10 09:50:38,969 INFO  client.GrpcClientProtocolClient (GrpcClientProtocolClient.java:onNext(255)) - client-7D6108789623->f80c66c4-8a3d-47db-b3f8-20b0bcb8a3f5: receive RaftClientReply:client-7D6108789623->f80c66c4-8a3d-47db-b3f8-20b0bcb8a3f5@group-7D2873B646E2, cid=828, SUCCESS, logIndex=0, commits[f80c66c4-8a3d-47db-b3f8-20b0bcb8a3f5:c1069, 6e9bc0f4-a324-4be3-b201-2d39df7dad8a:c1068, cffe1303-2f93-4087-8a62-a40745db49f2:c1068]
2019-07-10 09:50:38,986 INFO  client.GrpcClientProtocolClient (GrpcClientProtocolClient.java:onNext(255)) - client-7D6108789623->f80c66c4-8a3d-47db-b3f8-20b0bcb8a3f5: receive RaftClientReply:client-7D6108789623->f80c66c4-8a3d-47db-b3f8-20b0bcb8a3f5@group-7D2873B646E2, cid=829, SUCCESS, logIndex=1071, commits[f80c66c4-8a3d-47db-b3f8-20b0bcb8a3f5:c1072, 6e9bc0f4-a324-4be3-b201-2d39df7dad8a:c1070, cffe1303-2f93-4087-8a62-a40745db49f2:c1070]
2019-07-10 09:50:38,986 INFO  client.GrpcClientProtocolClient (GrpcClientProtocolClient.java:onNext(255)) - client-7D6108789623->f80c66c4-8a3d-47db-b3f8-20b0bcb8a3f5: receive RaftClientReply:client-7D6108789623->f80c66c4-8a3d-47db-b3f8-20b0bcb8a3f5@group-7D2873B646E2, cid=830, SUCCESS, logIndex=1072, commits[f80c66c4-8a3d-47db-b3f8-20b0bcb8a3f5:c1072, 6e9bc0f4-a324-4be3-b201-2d39df7dad8a:c1070, cffe1303-2f93-4087-8a62-a40745db49f2:c1070]
2019-07-10 09:50:38,987 INFO  client.GrpcClientProtocolClient (GrpcClientProtocolClient.java:onNext(255)) - client-7D6108789623->f80c66c4-8a3d-47db-b3f8-20b0bcb8a3f5: receive RaftClientReply:client-7D6108789623->f80c66c4-8a3d-47db-b3f8-20b0bcb8a3f5@group-7D2873B646E2, cid=831, SUCCESS, logIndex=1073, commits[f80c66c4-8a3d-47db-b3f8-20b0bcb8a3f5:c1073, 6e9bc0f4-a324-4be3-b201-2d39df7dad8a:c1070, cffe1303-2f93-4087-8a62-a40745db49f2:c1070]
2019-07-10 09:50:38,987 INFO  client.GrpcClientProtocolClient (GrpcClientProtocolClient.java:onNext(255)) - client-7D6108789623->f80c66c4-8a3d-47db-b3f8-20b0bcb8a3f5: receive RaftClientReply:client-7D6108789623->f80c66c4-8a3d-47db-b3f8-20b0bcb8a3f5@group-7D2873B646E2, cid=832, SUCCESS, logIndex=1074, commits[f80c66c4-8a3d-47db-b3f8-20b0bcb8a3f5:c1074, 6e9bc0f4-a324-4be3-b201-2d39df7dad8a:c1070, cffe1303-2f93-4087-8a62-a40745db49f2:c1070]
2019-07-10 09:50:38,990 INFO  client.GrpcClientProtocolClient (GrpcClientProtocolClient.java:onNext(255)) - client-7D6108789623->f80c66c4-8a3d-47db-b3f8-20b0bcb8a3f5: receive RaftClientReply:client-7D6108789623->f80c66c4-8a3d-47db-b3f8-20b0bcb8a3f5@group-7D2873B646E2, cid=833, SUCCESS, logIndex=0, commits[f80c66c4-8a3d-47db-b3f8-20b0bcb8a3f5:c1075, 6e9bc0f4-a324-4be3-b201-2d39df7dad8a:c1072, cffe1303-2f93-4087-8a62-a40745db49f2:c1072]
2019-07-10 09:50:39,027 INFO  client.GrpcClientProtocolClient (GrpcClientProtocolClient.java:onNext(255)) - client-7D6108789623->f80c66c4-8a3d-47db-b3f8-20b0bcb8a3f5: receive RaftClientReply:client-7D6108789623->f80c66c4-8a3d-47db-b3f8-20b0bcb8a3f5@group-7D2873B646E2, cid=834, SUCCESS, logIndex=1079, commits[f80c66c4-8a3d-47db-b3f8-20b0bcb8a3f5:c1080, 6e9bc0f4-a324-4be3-b201-2d39df7dad8a:c1075, cffe1303-2f93-4087-8a62-a40745db49f2:c1075]
2019-07-10 09:50:39,028 INFO  client.GrpcClientProtocolClient (GrpcClientProtocolClient.java:onNext(255)) - client-7D6108789623->f80c66c4-8a3d-47db-b3f8-20b0bcb8a3f5: receive RaftClientReply:client-7D6108789623->f80c66c4-8a3d-47db-b3f8-20b0bcb8a3f5@group-7D2873B646E2, cid=835, SUCCESS, logIndex=1080, commits[f80c66c4-8a3d-47db-b3f8-20b0bcb8a3f5:c1080, 6e9bc0f4-a324-4be3-b201-2d39df7dad8a:c1075, cffe1303-2f93-4087-8a62-a40745db49f2:c1075]
 0.00% |█                                                                                                    |  0/1 Time: 0:00:032019-07-10 09:50:39,049 INFO  client.GrpcClientProtocolClient (GrpcClientProtocolClient.java:onNext(255)) - client-7D6108789623->f80c66c4-8a3d-47db-b3f8-20b0bcb8a3f5: receive RaftClientReply:client-7D6108789623->f80c66c4-8a3d-47db-b3f8-20b0bcb8a3f5@group-7D2873B646E2, cid=836, SUCCESS, logIndex=1083, commits[f80c66c4-8a3d-47db-b3f8-20b0bcb8a3f5:c1083, 6e9bc0f4-a324-4be3-b201-2d39df7dad8a:c1080, cffe1303-2f93-4087-8a62-a40745db49f2:c1080]
2019-07-10 09:50:39,050 INFO  client.GrpcClientProtocolClient (GrpcClientProtocolClient.java:onNext(255)) - client-7D6108789623->f80c66c4-8a3d-47db-b3f8-20b0bcb8a3f5: receive RaftClientReply:client-7D6108789623->f80c66c4-8a3d-47db-b3f8-20b0bcb8a3f5@group-7D2873B646E2, cid=837, SUCCESS, logIndex=1084, commits[f80c66c4-8a3d-47db-b3f8-20b0bcb8a3f5:c1084, 6e9bc0f4-a324-4be3-b201-2d39df7dad8a:c1080, cffe1303-2f93-4087-8a62-a40745db49f2:c1080]
2019-07-10 09:50:39,062 INFO  client.GrpcClientProtocolClient (GrpcClientProtocolClient.java:onNext(255)) - client-7D6108789623->f80c66c4-8a3d-47db-b3f8-20b0bcb8a3f5: receive RaftClientReply:client-7D6108789623->f80c66c4-8a3d-47db-b3f8-20b0bcb8a3f5@group-7D2873B646E2, cid=838, SUCCESS, logIndex=0, commits[f80c66c4-8a3d-47db-b3f8-20b0bcb8a3f5:c1086, 6e9bc0f4-a324-4be3-b201-2d39df7dad8a:c1084, cffe1303-2f93-4087-8a62-a40745db49f2:c1084]
2019-07-10 09:50:39,126 INFO  client.GrpcClientProtocolClient (GrpcClientProtocolClient.java:onNext(255)) - client-7D6108789623->f80c66c4-8a3d-47db-b3f8-20b0bcb8a3f5: receive RaftClientReply:client-7D6108789623->f80c66c4-8a3d-47db-b3f8-20b0bcb8a3f5@group-7D2873B646E2, cid=839, SUCCESS, logIndex=1087, commits[f80c66c4-8a3d-47db-b3f8-20b0bcb8a3f5:c1088, 6e9bc0f4-a324-4be3-b201-2d39df7dad8a:c1086, cffe1303-2f93-4087-8a62-a40745db49f2:c1086]
2019-07-10 09:50:39,127 INFO  client.GrpcClientProtocolClient (GrpcClientProtocolClient.java:onNext(255)) - client-7D6108789623->f80c66c4-8a3d-47db-b3f8-20b0bcb8a3f5: receive RaftClientReply:client-7D6108789623->f80c66c4-8a3d-47db-b3f8-20b0bcb8a3f5@group-7D2873B646E2, cid=840, SUCCESS, logIndex=1088, commits[f80c66c4-8a3d-47db-b3f8-20b0bcb8a3f5:c1090, 6e9bc0f4-a324-4be3-b201-2d39df7dad8a:c1086, cffe1303-2f93-4087-8a62-a40745db49f2:c1086]
2019-07-10 09:50:39,128 INFO  client.GrpcClientProtocolClient (GrpcClientProtocolClient.java:onNext(255)) - client-7D6108789623->f80c66c4-8a3d-47db-b3f8-20b0bcb8a3f5: receive RaftClientReply:client-7D6108789623->f80c66c4-8a3d-47db-b3f8-20b0bcb8a3f5@group-7D2873B646E2, cid=841, SUCCESS, logIndex=1089, commits[f80c66c4-8a3d-47db-b3f8-20b0bcb8a3f5:c1090, 6e9bc0f4-a324-4be3-b201-2d39df7dad8a:c1086, cffe1303-2f93-4087-8a62-a40745db49f2:c1086]
2019-07-10 09:50:39,128 INFO  client.GrpcClientProtocolClient (GrpcClientProtocolClient.java:onNext(255)) - client-7D6108789623->f80c66c4-8a3d-47db-b3f8-20b0bcb8a3f5: receive RaftClientReply:client-7D6108789623->f80c66c4-8a3d-47db-b3f8-20b0bcb8a3f5@group-7D2873B646E2, cid=842, SUCCESS, logIndex=1090, commits[f80c66c4-8a3d-47db-b3f8-20b0bcb8a3f5:c1090, 6e9bc0f4-a324-4be3-b201-2d39df7dad8a:c1086, cffe1303-2f93-4087-8a62-a40745db49f2:c1086]
2019-07-10 09:50:39,140 INFO  client.GrpcClientProtocolClient (GrpcClientProtocolClient.java:onNext(255)) - client-7D6108789623->f80c66c4-8a3d-47db-b3f8-20b0bcb8a3f5: receive RaftClientReply:client-7D6108789623->f80c66c4-8a3d-47db-b3f8-20b0bcb8a3f5@group-7D2873B646E2, cid=843, SUCCESS, logIndex=0, commits[f80c66c4-8a3d-47db-b3f8-20b0bcb8a3f5:c1092, 6e9bc0f4-a324-4be3-b201-2d39df7dad8a:c1088, cffe1303-2f93-4087-8a62-a40745db49f2:c1088]
2019-07-10 09:50:39,161 INFO  client.GrpcClientProtocolClient (GrpcClientProtocolClient.java:onNext(255)) - client-7D6108789623->f80c66c4-8a3d-47db-b3f8-20b0bcb8a3f5: receive RaftClientReply:client-7D6108789623->f80c66c4-8a3d-47db-b3f8-20b0bcb8a3f5@group-7D2873B646E2, cid=844, SUCCESS, logIndex=1095, commits[f80c66c4-8a3d-47db-b3f8-20b0bcb8a3f5:c1096, 6e9bc0f4-a324-4be3-b201-2d39df7dad8a:c1094, cffe1303-2f93-4087-8a62-a40745db49f2:c1094]
2019-07-10 09:50:39,161 INFO  client.GrpcClientProtocolClient (GrpcClientProtocolClient.java:onNext(255)) - client-7D6108789623->f80c66c4-8a3d-47db-b3f8-20b0bcb8a3f5: receive RaftClientReply:client-7D6108789623->f80c66c4-8a3d-47db-b3f8-20b0bcb8a3f5@group-7D2873B646E2, cid=845, SUCCESS, logIndex=1096, commits[f80c66c4-8a3d-47db-b3f8-20b0bcb8a3f5:c1096, 6e9bc0f4-a324-4be3-b201-2d39df7dad8a:c1094, cffe1303-2f93-4087-8a62-a40745db49f2:c1094]
2019-07-10 09:50:39,302 INFO  client.GrpcClientProtocolClient (GrpcClientProtocolClient.java:onNext(255)) - client-7D6108789623->f80c66c4-8a3d-47db-b3f8-20b0bcb8a3f5: receive RaftClientReply:client-7D6108789623->f80c66c4-8a3d-47db-b3f8-20b0bcb8a3f5@group-7D2873B646E2, cid=846, SUCCESS, logIndex=1099, commits[f80c66c4-8a3d-47db-b3f8-20b0bcb8a3f5:c1100, 6e9bc0f4-a324-4be3-b201-2d39df7dad8a:c1096, cffe1303-2f93-4087-8a62-a40745db49f2:c1096]
2019-07-10 09:50:39,303 INFO  client.GrpcClientProtocolClient (GrpcClientProtocolClient.java:onNext(255)) - client-7D6108789623->f80c66c4-8a3d-47db-b3f8-20b0bcb8a3f5: receive RaftClientReply:client-7D6108789623->f80c66c4-8a3d-47db-b3f8-20b0bcb8a3f5@group-7D2873B646E2, cid=847, SUCCESS, logIndex=1100, commits[f80c66c4-8a3d-47db-b3f8-20b0bcb8a3f5:c1100, 6e9bc0f4-a324-4be3-b201-2d39df7dad8a:c1096, cffe1303-2f93-4087-8a62-a40745db49f2:c1096]
2019-07-10 09:50:39,316 INFO  client.GrpcClientProtocolClient (GrpcClientProtocolClient.java:onNext(255)) - client-7D6108789623->f80c66c4-8a3d-47db-b3f8-20b0bcb8a3f5: receive RaftClientReply:client-7D6108789623->f80c66c4-8a3d-47db-b3f8-20b0bcb8a3f5@group-7D2873B646E2, cid=848, SUCCESS, logIndex=0, commits[f80c66c4-8a3d-47db-b3f8-20b0bcb8a3f5:c1101, 6e9bc0f4-a324-4be3-b201-2d39df7dad8a:c1100, cffe1303-2f93-4087-8a62-a40745db49f2:c1100]
2019-07-10 09:50:39,341 INFO  client.GrpcClientProtocolClient (GrpcClientProtocolClient.java:onNext(255)) - client-7D6108789623->f80c66c4-8a3d-47db-b3f8-20b0bcb8a3f5: receive RaftClientReply:client-7D6108789623->f80c66c4-8a3d-47db-b3f8-20b0bcb8a3f5@group-7D2873B646E2, cid=849, SUCCESS, logIndex=1103, commits[f80c66c4-8a3d-47db-b3f8-20b0bcb8a3f5:c1104, 6e9bc0f4-a324-4be3-b201-2d39df7dad8a:c1102, cffe1303-2f93-4087-8a62-a40745db49f2:c1102]
2019-07-10 09:50:39,342 INFO  client.GrpcClientProtocolClient (GrpcClientProtocolClient.java:onNext(255)) - client-7D6108789623->f80c66c4-8a3d-47db-b3f8-20b0bcb8a3f5: receive RaftClientReply:client-7D6108789623->f80c66c4-8a3d-47db-b3f8-20b0bcb8a3f5@group-7D2873B646E2, cid=850, SUCCESS, logIndex=1104, commits[f80c66c4-8a3d-47db-b3f8-20b0bcb8a3f5:c1106, 6e9bc0f4-a324-4be3-b201-2d39df7dad8a:c1102, cffe1303-2f93-4087-8a62-a40745db49f2:c1102]
2019-07-10 09:50:39,342 INFO  client.GrpcClientProtocolClient (GrpcClientProtocolClient.java:onNext(255)) - client-7D6108789623->f80c66c4-8a3d-47db-b3f8-20b0bcb8a3f5: receive RaftClientReply:client-7D6108789623->f80c66c4-8a3d-47db-b3f8-20b0bcb8a3f5@group-7D2873B646E2, cid=851, SUCCESS, logIndex=1105, commits[f80c66c4-8a3d-47db-b3f8-20b0bcb8a3f5:c1106, 6e9bc0f4-a324-4be3-b201-2d39df7dad8a:c1102, cffe1303-2f93-4087-8a62-a40745db49f2:c1102]
2019-07-10 09:50:39,343 INFO  client.GrpcClientProtocolClient (GrpcClientProtocolClient.java:onNext(255)) - client-7D6108789623->f80c66c4-8a3d-47db-b3f8-20b0bcb8a3f5: receive RaftClientReply:client-7D6108789623->f80c66c4-8a3d-47db-b3f8-20b0bcb8a3f5@group-7D2873B646E2, cid=852, SUCCESS, logIndex=1106, commits[f80c66c4-8a3d-47db-b3f8-20b0bcb8a3f5:c1106, 6e9bc0f4-a324-4be3-b201-2d39df7dad8a:c1102, cffe1303-2f93-4087-8a62-a40745db49f2:c1102]
2019-07-10 09:50:39,355 INFO  client.GrpcClientProtocolClient (GrpcClientProtocolClient.java:onNext(255)) - client-7D6108789623->f80c66c4-8a3d-47db-b3f8-20b0bcb8a3f5: receive RaftClientReply:client-7D6108789623->f80c66c4-8a3d-47db-b3f8-20b0bcb8a3f5@group-7D2873B646E2, cid=853, SUCCESS, logIndex=0, commits[f80c66c4-8a3d-47db-b3f8-20b0bcb8a3f5:c1108, 6e9bc0f4-a324-4be3-b201-2d39df7dad8a:c1104, cffe1303-2f93-4087-8a62-a40745db49f2:c1104]
2019-07-10 09:50:39,378 INFO  client.GrpcClientProtocolClient (GrpcClientProtocolClient.java:onNext(255)) - client-7D6108789623->f80c66c4-8a3d-47db-b3f8-20b0bcb8a3f5: receive RaftClientReply:client-7D6108789623->f80c66c4-8a3d-47db-b3f8-20b0bcb8a3f5@group-7D2873B646E2, cid=854, SUCCESS, logIndex=1111, commits[f80c66c4-8a3d-47db-b3f8-20b0bcb8a3f5:c1112, 6e9bc0f4-a324-4be3-b201-2d39df7dad8a:c1110, cffe1303-2f93-4087-8a62-a40745db49f2:c1110]
2019-07-10 09:50:39,379 INFO  client.GrpcClientProtocolClient (GrpcClientProtocolClient.java:onNext(255)) - client-7D6108789623->f80c66c4-8a3d-47db-b3f8-20b0bcb8a3f5: receive RaftClientReply:client-7D6108789623->f80c66c4-8a3d-47db-b3f8-20b0bcb8a3f5@group-7D2873B646E2, cid=855, SUCCESS, logIndex=1112, commits[f80c66c4-8a3d-47db-b3f8-20b0bcb8a3f5:c1112, 6e9bc0f4-a324-4be3-b201-2d39df7dad8a:c1110, cffe1303-2f93-4087-8a62-a40745db49f2:c1110]
2019-07-10 09:50:39,402 INFO  client.GrpcClientProtocolClient (GrpcClientProtocolClient.java:onNext(255)) - client-7D6108789623->f80c66c4-8a3d-47db-b3f8-20b0bcb8a3f5: receive RaftClientReply:client-7D6108789623->f80c66c4-8a3d-47db-b3f8-20b0bcb8a3f5@group-7D2873B646E2, cid=856, SUCCESS, logIndex=1115, commits[f80c66c4-8a3d-47db-b3f8-20b0bcb8a3f5:c1116, 6e9bc0f4-a324-4be3-b201-2d39df7dad8a:c1112, cffe1303-2f93-4087-8a62-a40745db49f2:c1112]
2019-07-10 09:50:39,402 INFO  client.GrpcClientProtocolClient (GrpcClientProtocolClient.java:onNext(255)) - client-7D6108789623->f80c66c4-8a3d-47db-b3f8-20b0bcb8a3f5: receive RaftClientReply:client-7D6108789623->f80c66c4-8a3d-47db-b3f8-20b0bcb8a3f5@group-7D2873B646E2, cid=857, SUCCESS, logIndex=1116, commits[f80c66c4-8a3d-47db-b3f8-20b0bcb8a3f5:c1116, 6e9bc0f4-a324-4be3-b201-2d39df7dad8a:c1112, cffe1303-2f93-4087-8a62-a40745db49f2:c1112]
2019-07-10 09:50:39,412 INFO  client.GrpcClientProtocolClient (GrpcClientProtocolClient.java:onNext(255)) - client-7D6108789623->f80c66c4-8a3d-47db-b3f8-20b0bcb8a3f5: receive RaftClientReply:client-7D6108789623->f80c66c4-8a3d-47db-b3f8-20b0bcb8a3f5@group-7D2873B646E2, cid=858, SUCCESS, logIndex=0, commits[f80c66c4-8a3d-47db-b3f8-20b0bcb8a3f5:c1117, 6e9bc0f4-a324-4be3-b201-2d39df7dad8a:c1116, cffe1303-2f93-4087-8a62-a40745db49f2:c1116]
2019-07-10 09:50:39,435 INFO  client.GrpcClientProtocolClient (GrpcClientProtocolClient.java:onNext(255)) - client-7D6108789623->f80c66c4-8a3d-47db-b3f8-20b0bcb8a3f5: receive RaftClientReply:client-7D6108789623->f80c66c4-8a3d-47db-b3f8-20b0bcb8a3f5@group-7D2873B646E2, cid=859, SUCCESS, logIndex=1119, commits[f80c66c4-8a3d-47db-b3f8-20b0bcb8a3f5:c1120, 6e9bc0f4-a324-4be3-b201-2d39df7dad8a:c1118, cffe1303-2f93-4087-8a62-a40745db49f2:c1118]
2019-07-10 09:50:39,436 INFO  client.GrpcClientProtocolClient (GrpcClientProtocolClient.java:onNext(255)) - client-7D6108789623->f80c66c4-8a3d-47db-b3f8-20b0bcb8a3f5: receive RaftClientReply:client-7D6108789623->f80c66c4-8a3d-47db-b3f8-20b0bcb8a3f5@group-7D2873B646E2, cid=860, SUCCESS, logIndex=1120, commits[f80c66c4-8a3d-47db-b3f8-20b0bcb8a3f5:c1122, 6e9bc0f4-a324-4be3-b201-2d39df7dad8a:c1118, cffe1303-2f93-4087-8a62-a40745db49f2:c1118]
2019-07-10 09:50:39,436 INFO  client.GrpcClientProtocolClient (GrpcClientProtocolClient.java:onNext(255)) - client-7D6108789623->f80c66c4-8a3d-47db-b3f8-20b0bcb8a3f5: receive RaftClientReply:client-7D6108789623->f80c66c4-8a3d-47db-b3f8-20b0bcb8a3f5@group-7D2873B646E2, cid=861, SUCCESS, logIndex=1121, commits[f80c66c4-8a3d-47db-b3f8-20b0bcb8a3f5:c1122, 6e9bc0f4-a324-4be3-b201-2d39df7dad8a:c1118, cffe1303-2f93-4087-8a62-a40745db49f2:c1118]
2019-07-10 09:50:39,437 INFO  client.GrpcClientProtocolClient (GrpcClientProtocolClient.java:onNext(255)) - client-7D6108789623->f80c66c4-8a3d-47db-b3f8-20b0bcb8a3f5: receive RaftClientReply:client-7D6108789623->f80c66c4-8a3d-47db-b3f8-20b0bcb8a3f5@group-7D2873B646E2, cid=862, SUCCESS, logIndex=1122, commits[f80c66c4-8a3d-47db-b3f8-20b0bcb8a3f5:c1122, 6e9bc0f4-a324-4be3-b201-2d39df7dad8a:c1118, cffe1303-2f93-4087-8a62-a40745db49f2:c1118]
2019-07-10 09:50:39,446 INFO  client.GrpcClientProtocolClient (GrpcClientProtocolClient.java:onNext(255)) - client-7D6108789623->f80c66c4-8a3d-47db-b3f8-20b0bcb8a3f5: receive RaftClientReply:client-7D6108789623->f80c66c4-8a3d-47db-b3f8-20b0bcb8a3f5@group-7D2873B646E2, cid=863, SUCCESS, logIndex=0, commits[f80c66c4-8a3d-47db-b3f8-20b0bcb8a3f5:c1123, 6e9bc0f4-a324-4be3-b201-2d39df7dad8a:c1120, cffe1303-2f93-4087-8a62-a40745db49f2:c1120]
2019-07-10 09:50:39,467 INFO  client.GrpcClientProtocolClient (GrpcClientProtocolClient.java:onNext(255)) - client-7D6108789623->f80c66c4-8a3d-47db-b3f8-20b0bcb8a3f5: receive RaftClientReply:client-7D6108789623->f80c66c4-8a3d-47db-b3f8-20b0bcb8a3f5@group-7D2873B646E2, cid=864, SUCCESS, logIndex=1127, commits[f80c66c4-8a3d-47db-b3f8-20b0bcb8a3f5:c1128, 6e9bc0f4-a324-4be3-b201-2d39df7dad8a:c1122, cffe1303-2f93-4087-8a62-a40745db49f2:c1125]
2019-07-10 09:50:39,467 INFO  client.GrpcClientProtocolClient (GrpcClientProtocolClient.java:onNext(255)) - client-7D6108789623->f80c66c4-8a3d-47db-b3f8-20b0bcb8a3f5: receive RaftClientReply:client-7D6108789623->f80c66c4-8a3d-47db-b3f8-20b0bcb8a3f5@group-7D2873B646E2, cid=865, SUCCESS, logIndex=1128, commits[f80c66c4-8a3d-47db-b3f8-20b0bcb8a3f5:c1128, 6e9bc0f4-a324-4be3-b201-2d39df7dad8a:c1125, cffe1303-2f93-4087-8a62-a40745db49f2:c1125]
2019-07-10 09:50:39,488 INFO  client.GrpcClientProtocolClient (GrpcClientProtocolClient.java:onNext(255)) - client-7D6108789623->f80c66c4-8a3d-47db-b3f8-20b0bcb8a3f5: receive RaftClientReply:client-7D6108789623->f80c66c4-8a3d-47db-b3f8-20b0bcb8a3f5@group-7D2873B646E2, cid=866, SUCCESS, logIndex=1131, commits[f80c66c4-8a3d-47db-b3f8-20b0bcb8a3f5:c1132, 6e9bc0f4-a324-4be3-b201-2d39df7dad8a:c1130, cffe1303-2f93-4087-8a62-a40745db49f2:c1130]
2019-07-10 09:50:39,488 INFO  client.GrpcClientProtocolClient (GrpcClientProtocolClient.java:onNext(255)) - client-7D6108789623->f80c66c4-8a3d-47db-b3f8-20b0bcb8a3f5: receive RaftClientReply:client-7D6108789623->f80c66c4-8a3d-47db-b3f8-20b0bcb8a3f5@group-7D2873B646E2, cid=867, SUCCESS, logIndex=1132, commits[f80c66c4-8a3d-47db-b3f8-20b0bcb8a3f5:c1132, 6e9bc0f4-a324-4be3-b201-2d39df7dad8a:c1130, cffe1303-2f93-4087-8a62-a40745db49f2:c1130]
2019-07-10 09:50:39,497 INFO  client.GrpcClientProtocolClient (GrpcClientProtocolClient.java:onNext(255)) - client-7D6108789623->f80c66c4-8a3d-47db-b3f8-20b0bcb8a3f5: receive RaftClientReply:client-7D6108789623->f80c66c4-8a3d-47db-b3f8-20b0bcb8a3f5@group-7D2873B646E2, cid=868, SUCCESS, logIndex=0, commits[f80c66c4-8a3d-47db-b3f8-20b0bcb8a3f5:c1133, 6e9bc0f4-a324-4be3-b201-2d39df7dad8a:c1132, cffe1303-2f93-4087-8a62-a40745db49f2:c1132]
2019-07-10 09:50:39,519 INFO  client.GrpcClientProtocolClient (GrpcClientProtocolClient.java:onNext(255)) - client-7D6108789623->f80c66c4-8a3d-47db-b3f8-20b0bcb8a3f5: receive RaftClientReply:client-7D6108789623->f80c66c4-8a3d-47db-b3f8-20b0bcb8a3f5@group-7D2873B646E2, cid=869, SUCCESS, logIndex=1135, commits[f80c66c4-8a3d-47db-b3f8-20b0bcb8a3f5:c1136, 6e9bc0f4-a324-4be3-b201-2d39df7dad8a:c1134, cffe1303-2f93-4087-8a62-a40745db49f2:c1134]
2019-07-10 09:50:39,519 INFO  client.GrpcClientProtocolClient (GrpcClientProtocolClient.java:onNext(255)) - client-7D6108789623->f80c66c4-8a3d-47db-b3f8-20b0bcb8a3f5: receive RaftClientReply:client-7D6108789623->f80c66c4-8a3d-47db-b3f8-20b0bcb8a3f5@group-7D2873B646E2, cid=870, SUCCESS, logIndex=1136, commits[f80c66c4-8a3d-47db-b3f8-20b0bcb8a3f5:c1136, 6e9bc0f4-a324-4be3-b201-2d39df7dad8a:c1134, cffe1303-2f93-4087-8a62-a40745db49f2:c1134]
2019-07-10 09:50:39,528 INFO  client.GrpcClientProtocolClient (GrpcClientProtocolClient.java:onNext(255)) - client-7D6108789623->f80c66c4-8a3d-47db-b3f8-20b0bcb8a3f5: receive RaftClientReply:client-7D6108789623->f80c66c4-8a3d-47db-b3f8-20b0bcb8a3f5@group-7D2873B646E2, cid=871, SUCCESS, logIndex=1137, commits[f80c66c4-8a3d-47db-b3f8-20b0bcb8a3f5:c1138, 6e9bc0f4-a324-4be3-b201-2d39df7dad8a:c1134, cffe1303-2f93-4087-8a62-a40745db49f2:c1134]
2019-07-10 09:50:39,529 INFO  client.GrpcClientProtocolClient (GrpcClientProtocolClient.java:onNext(255)) - client-7D6108789623->f80c66c4-8a3d-47db-b3f8-20b0bcb8a3f5: receive RaftClientReply:client-7D6108789623->f80c66c4-8a3d-47db-b3f8-20b0bcb8a3f5@group-7D2873B646E2, cid=872, SUCCESS, logIndex=1138, commits[f80c66c4-8a3d-47db-b3f8-20b0bcb8a3f5:c1138, 6e9bc0f4-a324-4be3-b201-2d39df7dad8a:c1134, cffe1303-2f93-4087-8a62-a40745db49f2:c1134]
2019-07-10 09:50:39,531 INFO  client.GrpcClientProtocolClient (GrpcClientProtocolClient.java:onNext(255)) - client-7D6108789623->f80c66c4-8a3d-47db-b3f8-20b0bcb8a3f5: receive RaftClientReply:client-7D6108789623->f80c66c4-8a3d-47db-b3f8-20b0bcb8a3f5@group-7D2873B646E2, cid=873, SUCCESS, logIndex=0, commits[f80c66c4-8a3d-47db-b3f8-20b0bcb8a3f5:c1140, 6e9bc0f4-a324-4be3-b201-2d39df7dad8a:c1136, cffe1303-2f93-4087-8a62-a40745db49f2:c1136]
2019-07-10 09:50:39,551 INFO  client.GrpcClientProtocolClient (GrpcClientProtocolClient.java:onNext(255)) - client-7D6108789623->f80c66c4-8a3d-47db-b3f8-20b0bcb8a3f5: receive RaftClientReply:client-7D6108789623->f80c66c4-8a3d-47db-b3f8-20b0bcb8a3f5@group-7D2873B646E2, cid=874, SUCCESS, logIndex=1143, commits[f80c66c4-8a3d-47db-b3f8-20b0bcb8a3f5:c1144, 6e9bc0f4-a324-4be3-b201-2d39df7dad8a:c1140, cffe1303-2f93-4087-8a62-a40745db49f2:c1140]
2019-07-10 09:50:39,551 INFO  client.GrpcClientProtocolClient (GrpcClientProtocolClient.java:onNext(255)) - client-7D6108789623->f80c66c4-8a3d-47db-b3f8-20b0bcb8a3f5: receive RaftClientReply:client-7D6108789623->f80c66c4-8a3d-47db-b3f8-20b0bcb8a3f5@group-7D2873B646E2, cid=875, SUCCESS, logIndex=1144, commits[f80c66c4-8a3d-47db-b3f8-20b0bcb8a3f5:c1144, 6e9bc0f4-a324-4be3-b201-2d39df7dad8a:c1140, cffe1303-2f93-4087-8a62-a40745db49f2:c1140]
2019-07-10 09:50:39,573 INFO  client.GrpcClientProtocolClient (GrpcClientProtocolClient.java:onNext(255)) - client-7D6108789623->f80c66c4-8a3d-47db-b3f8-20b0bcb8a3f5: receive RaftClientReply:client-7D6108789623->f80c66c4-8a3d-47db-b3f8-20b0bcb8a3f5@group-7D2873B646E2, cid=876, SUCCESS, logIndex=1147, commits[f80c66c4-8a3d-47db-b3f8-20b0bcb8a3f5:c1148, 6e9bc0f4-a324-4be3-b201-2d39df7dad8a:c1144, cffe1303-2f93-4087-8a62-a40745db49f2:c1144]
2019-07-10 09:50:39,573 INFO  client.GrpcClientProtocolClient (GrpcClientProtocolClient.java:onNext(255)) - client-7D6108789623->f80c66c4-8a3d-47db-b3f8-20b0bcb8a3f5: receive RaftClientReply:client-7D6108789623->f80c66c4-8a3d-47db-b3f8-20b0bcb8a3f5@group-7D2873B646E2, cid=877, SUCCESS, logIndex=1148, commits[f80c66c4-8a3d-47db-b3f8-20b0bcb8a3f5:c1148, 6e9bc0f4-a324-4be3-b201-2d39df7dad8a:c1144, cffe1303-2f93-4087-8a62-a40745db49f2:c1144]
2019-07-10 09:50:39,583 INFO  client.GrpcClientProtocolClient (GrpcClientProtocolClient.java:onNext(255)) - client-7D6108789623->f80c66c4-8a3d-47db-b3f8-20b0bcb8a3f5: receive RaftClientReply:client-7D6108789623->f80c66c4-8a3d-47db-b3f8-20b0bcb8a3f5@group-7D2873B646E2, cid=878, SUCCESS, logIndex=0, commits[f80c66c4-8a3d-47db-b3f8-20b0bcb8a3f5:c1149, 6e9bc0f4-a324-4be3-b201-2d39df7dad8a:c1148, cffe1303-2f93-4087-8a62-a40745db49f2:c1148]
2019-07-10 09:50:39,613 INFO  client.GrpcClientProtocolClient (GrpcClientProtocolClient.java:onNext(255)) - client-7D6108789623->f80c66c4-8a3d-47db-b3f8-20b0bcb8a3f5: receive RaftClientReply:client-7D6108789623->f80c66c4-8a3d-47db-b3f8-20b0bcb8a3f5@group-7D2873B646E2, cid=879, SUCCESS, logIndex=1151, commits[f80c66c4-8a3d-47db-b3f8-20b0bcb8a3f5:c1152, 6e9bc0f4-a324-4be3-b201-2d39df7dad8a:c1150, cffe1303-2f93-4087-8a62-a40745db49f2:c1150]
2019-07-10 09:50:39,613 INFO  client.GrpcClientProtocolClient (GrpcClientProtocolClient.java:onNext(255)) - client-7D6108789623->f80c66c4-8a3d-47db-b3f8-20b0bcb8a3f5: receive RaftClientReply:client-7D6108789623->f80c66c4-8a3d-47db-b3f8-20b0bcb8a3f5@group-7D2873B646E2, cid=880, SUCCESS, logIndex=1152, commits[f80c66c4-8a3d-47db-b3f8-20b0bcb8a3f5:c1152, 6e9bc0f4-a324-4be3-b201-2d39df7dad8a:c1150, cffe1303-2f93-4087-8a62-a40745db49f2:c1150]
2019-07-10 09:50:39,614 INFO  client.GrpcClientProtocolClient (GrpcClientProtocolClient.java:onNext(255)) - client-7D6108789623->f80c66c4-8a3d-47db-b3f8-20b0bcb8a3f5: receive RaftClientReply:client-7D6108789623->f80c66c4-8a3d-47db-b3f8-20b0bcb8a3f5@group-7D2873B646E2, cid=881, SUCCESS, logIndex=1153, commits[f80c66c4-8a3d-47db-b3f8-20b0bcb8a3f5:c1154, 6e9bc0f4-a324-4be3-b201-2d39df7dad8a:c1150, cffe1303-2f93-4087-8a62-a40745db49f2:c1150]
2019-07-10 09:50:39,614 INFO  client.GrpcClientProtocolClient (GrpcClientProtocolClient.java:onNext(255)) - client-7D6108789623->f80c66c4-8a3d-47db-b3f8-20b0bcb8a3f5: receive RaftClientReply:client-7D6108789623->f80c66c4-8a3d-47db-b3f8-20b0bcb8a3f5@group-7D2873B646E2, cid=882, SUCCESS, logIndex=1154, commits[f80c66c4-8a3d-47db-b3f8-20b0bcb8a3f5:c1154, 6e9bc0f4-a324-4be3-b201-2d39df7dad8a:c1150, cffe1303-2f93-4087-8a62-a40745db49f2:c1150]
2019-07-10 09:50:39,633 INFO  client.GrpcClientProtocolClient (GrpcClientProtocolClient.java:onNext(255)) - client-7D6108789623->f80c66c4-8a3d-47db-b3f8-20b0bcb8a3f5: receive RaftClientReply:client-7D6108789623->f80c66c4-8a3d-47db-b3f8-20b0bcb8a3f5@group-7D2873B646E2, cid=883, SUCCESS, logIndex=0, commits[f80c66c4-8a3d-47db-b3f8-20b0bcb8a3f5:c1156, 6e9bc0f4-a324-4be3-b201-2d39df7dad8a:c1152, cffe1303-2f93-4087-8a62-a40745db49f2:c1152]
2019-07-10 09:50:39,653 INFO  client.GrpcClientProtocolClient (GrpcClientProtocolClient.java:onNext(255)) - client-7D6108789623->f80c66c4-8a3d-47db-b3f8-20b0bcb8a3f5: receive RaftClientReply:client-7D6108789623->f80c66c4-8a3d-47db-b3f8-20b0bcb8a3f5@group-7D2873B646E2, cid=884, SUCCESS, logIndex=1159, commits[f80c66c4-8a3d-47db-b3f8-20b0bcb8a3f5:c1160, 6e9bc0f4-a324-4be3-b201-2d39df7dad8a:c1158, cffe1303-2f93-4087-8a62-a40745db49f2:c1158]
2019-07-10 09:50:39,653 INFO  client.GrpcClientProtocolClient (GrpcClientProtocolClient.java:onNext(255)) - client-7D6108789623->f80c66c4-8a3d-47db-b3f8-20b0bcb8a3f5: receive RaftClientReply:client-7D6108789623->f80c66c4-8a3d-47db-b3f8-20b0bcb8a3f5@group-7D2873B646E2, cid=885, SUCCESS, logIndex=1160, commits[f80c66c4-8a3d-47db-b3f8-20b0bcb8a3f5:c1160, 6e9bc0f4-a324-4be3-b201-2d39df7dad8a:c1158, cffe1303-2f93-4087-8a62-a40745db49f2:c1158]
2019-07-10 09:50:39,672 INFO  client.GrpcClientProtocolClient (GrpcClientProtocolClient.java:onNext(255)) - client-7D6108789623->f80c66c4-8a3d-47db-b3f8-20b0bcb8a3f5: receive RaftClientReply:client-7D6108789623->f80c66c4-8a3d-47db-b3f8-20b0bcb8a3f5@group-7D2873B646E2, cid=886, SUCCESS, logIndex=1163, commits[f80c66c4-8a3d-47db-b3f8-20b0bcb8a3f5:c1164, 6e9bc0f4-a324-4be3-b201-2d39df7dad8a:c1160, cffe1303-2f93-4087-8a62-a40745db49f2:c1160]
2019-07-10 09:50:39,672 INFO  client.GrpcClientProtocolClient (GrpcClientProtocolClient.java:onNext(255)) - client-7D6108789623->f80c66c4-8a3d-47db-b3f8-20b0bcb8a3f5: receive RaftClientReply:client-7D6108789623->f80c66c4-8a3d-47db-b3f8-20b0bcb8a3f5@group-7D2873B646E2, cid=887, SUCCESS, logIndex=1164, commits[f80c66c4-8a3d-47db-b3f8-20b0bcb8a3f5:c1164, 6e9bc0f4-a324-4be3-b201-2d39df7dad8a:c1160, cffe1303-2f93-4087-8a62-a40745db49f2:c1160]
2019-07-10 09:50:39,694 INFO  client.GrpcClientProtocolClient (GrpcClientProtocolClient.java:onNext(255)) - client-7D6108789623->f80c66c4-8a3d-47db-b3f8-20b0bcb8a3f5: receive RaftClientReply:client-7D6108789623->f80c66c4-8a3d-47db-b3f8-20b0bcb8a3f5@group-7D2873B646E2, cid=888, SUCCESS, logIndex=0, commits[f80c66c4-8a3d-47db-b3f8-20b0bcb8a3f5:c1166, 6e9bc0f4-a324-4be3-b201-2d39df7dad8a:c1164, cffe1303-2f93-4087-8a62-a40745db49f2:c1164]
2019-07-10 09:50:39,715 INFO  client.GrpcClientProtocolClient (GrpcClientProtocolClient.java:onNext(255)) - client-7D6108789623->f80c66c4-8a3d-47db-b3f8-20b0bcb8a3f5: receive RaftClientReply:client-7D6108789623->f80c66c4-8a3d-47db-b3f8-20b0bcb8a3f5@group-7D2873B646E2, cid=889, SUCCESS, logIndex=1167, commits[f80c66c4-8a3d-47db-b3f8-20b0bcb8a3f5:c1168, 6e9bc0f4-a324-4be3-b201-2d39df7dad8a:c1166, cffe1303-2f93-4087-8a62-a40745db49f2:c1166]
2019-07-10 09:50:39,715 INFO  client.GrpcClientProtocolClient (GrpcClientProtocolClient.java:onNext(255)) - client-7D6108789623->f80c66c4-8a3d-47db-b3f8-20b0bcb8a3f5: receive RaftClientReply:client-7D6108789623->f80c66c4-8a3d-47db-b3f8-20b0bcb8a3f5@group-7D2873B646E2, cid=890, SUCCESS, logIndex=1168, commits[f80c66c4-8a3d-47db-b3f8-20b0bcb8a3f5:c1170, 6e9bc0f4-a324-4be3-b201-2d39df7dad8a:c1166, cffe1303-2f93-4087-8a62-a40745db49f2:c1166]
2019-07-10 09:50:39,716 INFO  client.GrpcClientProtocolClient (GrpcClientProtocolClient.java:onNext(255)) - client-7D6108789623->f80c66c4-8a3d-47db-b3f8-20b0bcb8a3f5: receive RaftClientReply:client-7D6108789623->f80c66c4-8a3d-47db-b3f8-20b0bcb8a3f5@group-7D2873B646E2, cid=891, SUCCESS, logIndex=1169, commits[f80c66c4-8a3d-47db-b3f8-20b0bcb8a3f5:c1170, 6e9bc0f4-a324-4be3-b201-2d39df7dad8a:c1166, cffe1303-2f93-4087-8a62-a40745db49f2:c1166]
2019-07-10 09:50:39,716 INFO  client.GrpcClientProtocolClient (GrpcClientProtocolClient.java:onNext(255)) - client-7D6108789623->f80c66c4-8a3d-47db-b3f8-20b0bcb8a3f5: receive RaftClientReply:client-7D6108789623->f80c66c4-8a3d-47db-b3f8-20b0bcb8a3f5@group-7D2873B646E2, cid=892, SUCCESS, logIndex=1170, commits[f80c66c4-8a3d-47db-b3f8-20b0bcb8a3f5:c1170, 6e9bc0f4-a324-4be3-b201-2d39df7dad8a:c1166, cffe1303-2f93-4087-8a62-a40745db49f2:c1166]
2019-07-10 09:50:39,719 INFO  client.GrpcClientProtocolClient (GrpcClientProtocolClient.java:onNext(255)) - client-7D6108789623->f80c66c4-8a3d-47db-b3f8-20b0bcb8a3f5: receive RaftClientReply:client-7D6108789623->f80c66c4-8a3d-47db-b3f8-20b0bcb8a3f5@group-7D2873B646E2, cid=893, SUCCESS, logIndex=0, commits[f80c66c4-8a3d-47db-b3f8-20b0bcb8a3f5:c1172, 6e9bc0f4-a324-4be3-b201-2d39df7dad8a:c1168, cffe1303-2f93-4087-8a62-a40745db49f2:c1168]
2019-07-10 09:50:39,741 INFO  client.GrpcClientProtocolClient (GrpcClientProtocolClient.java:onNext(255)) - client-7D6108789623->f80c66c4-8a3d-47db-b3f8-20b0bcb8a3f5: receive RaftClientReply:client-7D6108789623->f80c66c4-8a3d-47db-b3f8-20b0bcb8a3f5@group-7D2873B646E2, cid=894, SUCCESS, logIndex=1175, commits[f80c66c4-8a3d-47db-b3f8-20b0bcb8a3f5:c1176, 6e9bc0f4-a324-4be3-b201-2d39df7dad8a:c1174, cffe1303-2f93-4087-8a62-a40745db49f2:c1174]
2019-07-10 09:50:39,742 INFO  client.GrpcClientProtocolClient (GrpcClientProtocolClient.java:onNext(255)) - client-7D6108789623->f80c66c4-8a3d-47db-b3f8-20b0bcb8a3f5: receive RaftClientReply:client-7D6108789623->f80c66c4-8a3d-47db-b3f8-20b0bcb8a3f5@group-7D2873B646E2, cid=895, SUCCESS, logIndex=1176, commits[f80c66c4-8a3d-47db-b3f8-20b0bcb8a3f5:c1176, 6e9bc0f4-a324-4be3-b201-2d39df7dad8a:c1174, cffe1303-2f93-4087-8a62-a40745db49f2:c1174]
2019-07-10 09:50:39,755 INFO  client.GrpcClientProtocolClient (GrpcClientProtocolClient.java:onNext(255)) - client-7D6108789623->f80c66c4-8a3d-47db-b3f8-20b0bcb8a3f5: receive RaftClientReply:client-7D6108789623->f80c66c4-8a3d-47db-b3f8-20b0bcb8a3f5@group-7D2873B646E2, cid=896, SUCCESS, logIndex=1179, commits[f80c66c4-8a3d-47db-b3f8-20b0bcb8a3f5:c1180, 6e9bc0f4-a324-4be3-b201-2d39df7dad8a:c1177, cffe1303-2f93-4087-8a62-a40745db49f2:c1176]
2019-07-10 09:50:39,755 INFO  client.GrpcClientProtocolClient (GrpcClientProtocolClient.java:onNext(255)) - client-7D6108789623->f80c66c4-8a3d-47db-b3f8-20b0bcb8a3f5: receive RaftClientReply:client-7D6108789623->f80c66c4-8a3d-47db-b3f8-20b0bcb8a3f5@group-7D2873B646E2, cid=897, SUCCESS, logIndex=1180, commits[f80c66c4-8a3d-47db-b3f8-20b0bcb8a3f5:c1180, 6e9bc0f4-a324-4be3-b201-2d39df7dad8a:c1177, cffe1303-2f93-4087-8a62-a40745db49f2:c1177]
2019-07-10 09:50:39,765 INFO  client.GrpcClientProtocolClient (GrpcClientProtocolClient.java:onNext(255)) - client-7D6108789623->f80c66c4-8a3d-47db-b3f8-20b0bcb8a3f5: receive RaftClientReply:client-7D6108789623->f80c66c4-8a3d-47db-b3f8-20b0bcb8a3f5@group-7D2873B646E2, cid=898, SUCCESS, logIndex=0, commits[f80c66c4-8a3d-47db-b3f8-20b0bcb8a3f5:c1181, 6e9bc0f4-a324-4be3-b201-2d39df7dad8a:c1180, cffe1303-2f93-4087-8a62-a40745db49f2:c1180]
2019-07-10 09:50:39,781 INFO  client.GrpcClientProtocolClient (GrpcClientProtocolClient.java:onNext(255)) - client-7D6108789623->f80c66c4-8a3d-47db-b3f8-20b0bcb8a3f5: receive RaftClientReply:client-7D6108789623->f80c66c4-8a3d-47db-b3f8-20b0bcb8a3f5@group-7D2873B646E2, cid=899, SUCCESS, logIndex=1183, commits[f80c66c4-8a3d-47db-b3f8-20b0bcb8a3f5:c1184, 6e9bc0f4-a324-4be3-b201-2d39df7dad8a:c1182, cffe1303-2f93-4087-8a62-a40745db49f2:c1182]
2019-07-10 09:50:39,781 INFO  client.GrpcClientProtocolClient (GrpcClientProtocolClient.java:onNext(255)) - client-7D6108789623->f80c66c4-8a3d-47db-b3f8-20b0bcb8a3f5: receive RaftClientReply:client-7D6108789623->f80c66c4-8a3d-47db-b3f8-20b0bcb8a3f5@group-7D2873B646E2, cid=900, SUCCESS, logIndex=1184, commits[f80c66c4-8a3d-47db-b3f8-20b0bcb8a3f5:c1184, 6e9bc0f4-a324-4be3-b201-2d39df7dad8a:c1182, cffe1303-2f93-4087-8a62-a40745db49f2:c1182]
2019-07-10 09:50:39,782 INFO  client.GrpcClientProtocolClient (GrpcClientProtocolClient.java:onNext(255)) - client-7D6108789623->f80c66c4-8a3d-47db-b3f8-20b0bcb8a3f5: receive RaftClientReply:client-7D6108789623->f80c66c4-8a3d-47db-b3f8-20b0bcb8a3f5@group-7D2873B646E2, cid=901, SUCCESS, logIndex=1185, commits[f80c66c4-8a3d-47db-b3f8-20b0bcb8a3f5:c1186, 6e9bc0f4-a324-4be3-b201-2d39df7dad8a:c1182, cffe1303-2f93-4087-8a62-a40745db49f2:c1182]
2019-07-10 09:50:39,782 INFO  client.GrpcClientProtocolClient (GrpcClientProtocolClient.java:onNext(255)) - client-7D6108789623->f80c66c4-8a3d-47db-b3f8-20b0bcb8a3f5: receive RaftClientReply:client-7D6108789623->f80c66c4-8a3d-47db-b3f8-20b0bcb8a3f5@group-7D2873B646E2, cid=902, SUCCESS, logIndex=1186, commits[f80c66c4-8a3d-47db-b3f8-20b0bcb8a3f5:c1186, 6e9bc0f4-a324-4be3-b201-2d39df7dad8a:c1182, cffe1303-2f93-4087-8a62-a40745db49f2:c1182]
2019-07-10 09:50:39,794 INFO  client.GrpcClientProtocolClient (GrpcClientProtocolClient.java:onNext(255)) - client-7D6108789623->f80c66c4-8a3d-47db-b3f8-20b0bcb8a3f5: receive RaftClientReply:client-7D6108789623->f80c66c4-8a3d-47db-b3f8-20b0bcb8a3f5@group-7D2873B646E2, cid=903, SUCCESS, logIndex=0, commits[f80c66c4-8a3d-47db-b3f8-20b0bcb8a3f5:c1188, 6e9bc0f4-a324-4be3-b201-2d39df7dad8a:c1184, cffe1303-2f93-4087-8a62-a40745db49f2:c1184]
2019-07-10 09:50:39,805 INFO  client.GrpcClientProtocolClient (GrpcClientProtocolClient.java:onNext(255)) - client-7D6108789623->f80c66c4-8a3d-47db-b3f8-20b0bcb8a3f5: receive RaftClientReply:client-7D6108789623->f80c66c4-8a3d-47db-b3f8-20b0bcb8a3f5@group-7D2873B646E2, cid=904, SUCCESS, logIndex=1190, commits[f80c66c4-8a3d-47db-b3f8-20b0bcb8a3f5:c1191, 6e9bc0f4-a324-4be3-b201-2d39df7dad8a:c1189, cffe1303-2f93-4087-8a62-a40745db49f2:c1186]
2019-07-10 09:50:39,806 INFO  client.GrpcClientProtocolClient (GrpcClientProtocolClient.java:onNext(255)) - client-7D6108789623->f80c66c4-8a3d-47db-b3f8-20b0bcb8a3f5: receive RaftClientReply:client-7D6108789623->f80c66c4-8a3d-47db-b3f8-20b0bcb8a3f5@group-7D2873B646E2, cid=905, SUCCESS, logIndex=1191, commits[f80c66c4-8a3d-47db-b3f8-20b0bcb8a3f5:c1191, 6e9bc0f4-a324-4be3-b201-2d39df7dad8a:c1189, cffe1303-2f93-4087-8a62-a40745db49f2:c1189]
2019-07-10 09:50:39,819 INFO  client.GrpcClientProtocolClient (GrpcClientProtocolClient.java:onNext(255)) - client-7D6108789623->f80c66c4-8a3d-47db-b3f8-20b0bcb8a3f5: receive RaftClientReply:client-7D6108789623->f80c66c4-8a3d-47db-b3f8-20b0bcb8a3f5@group-7D2873B646E2, cid=906, SUCCESS, logIndex=1194, commits[f80c66c4-8a3d-47db-b3f8-20b0bcb8a3f5:c1195, 6e9bc0f4-a324-4be3-b201-2d39df7dad8a:c1192, cffe1303-2f93-4087-8a62-a40745db49f2:c1191]
2019-07-10 09:50:39,820 INFO  client.GrpcClientProtocolClient (GrpcClientProtocolClient.java:onNext(255)) - client-7D6108789623->f80c66c4-8a3d-47db-b3f8-20b0bcb8a3f5: receive RaftClientReply:client-7D6108789623->f80c66c4-8a3d-47db-b3f8-20b0bcb8a3f5@group-7D2873B646E2, cid=907, SUCCESS, logIndex=1195, commits[f80c66c4-8a3d-47db-b3f8-20b0bcb8a3f5:c1195, 6e9bc0f4-a324-4be3-b201-2d39df7dad8a:c1192, cffe1303-2f93-4087-8a62-a40745db49f2:c1191]
2019-07-10 09:50:39,832 INFO  client.GrpcClientProtocolClient (GrpcClientProtocolClient.java:onNext(255)) - client-7D6108789623->f80c66c4-8a3d-47db-b3f8-20b0bcb8a3f5: receive RaftClientReply:client-7D6108789623->f80c66c4-8a3d-47db-b3f8-20b0bcb8a3f5@group-7D2873B646E2, cid=908, SUCCESS, logIndex=0, commits[f80c66c4-8a3d-47db-b3f8-20b0bcb8a3f5:c1196, 6e9bc0f4-a324-4be3-b201-2d39df7dad8a:c1195, cffe1303-2f93-4087-8a62-a40745db49f2:c1195]
2019-07-10 09:50:39,852 INFO  client.GrpcClientProtocolClient (GrpcClientProtocolClient.java:onNext(255)) - client-7D6108789623->f80c66c4-8a3d-47db-b3f8-20b0bcb8a3f5: receive RaftClientReply:client-7D6108789623->f80c66c4-8a3d-47db-b3f8-20b0bcb8a3f5@group-7D2873B646E2, cid=909, SUCCESS, logIndex=1198, commits[f80c66c4-8a3d-47db-b3f8-20b0bcb8a3f5:c1200, 6e9bc0f4-a324-4be3-b201-2d39df7dad8a:c1197, cffe1303-2f93-4087-8a62-a40745db49f2:c1197]
2019-07-10 09:50:39,852 INFO  client.GrpcClientProtocolClient (GrpcClientProtocolClient.java:onNext(255)) - client-7D6108789623->f80c66c4-8a3d-47db-b3f8-20b0bcb8a3f5: receive RaftClientReply:client-7D6108789623->f80c66c4-8a3d-47db-b3f8-20b0bcb8a3f5@group-7D2873B646E2, cid=910, SUCCESS, logIndex=1199, commits[f80c66c4-8a3d-47db-b3f8-20b0bcb8a3f5:c1201, 6e9bc0f4-a324-4be3-b201-2d39df7dad8a:c1197, cffe1303-2f93-4087-8a62-a40745db49f2:c1197]
2019-07-10 09:50:39,852 INFO  client.GrpcClientProtocolClient (GrpcClientProtocolClient.java:onNext(255)) - client-7D6108789623->f80c66c4-8a3d-47db-b3f8-20b0bcb8a3f5: receive RaftClientReply:client-7D6108789623->f80c66c4-8a3d-47db-b3f8-20b0bcb8a3f5@group-7D2873B646E2, cid=911, SUCCESS, logIndex=1200, commits[f80c66c4-8a3d-47db-b3f8-20b0bcb8a3f5:c1201, 6e9bc0f4-a324-4be3-b201-2d39df7dad8a:c1197, cffe1303-2f93-4087-8a62-a40745db49f2:c1197]
2019-07-10 09:50:39,853 INFO  client.GrpcClientProtocolClient (GrpcClientProtocolClient.java:onNext(255)) - client-7D6108789623->f80c66c4-8a3d-47db-b3f8-20b0bcb8a3f5: receive RaftClientReply:client-7D6108789623->f80c66c4-8a3d-47db-b3f8-20b0bcb8a3f5@group-7D2873B646E2, cid=912, SUCCESS, logIndex=1201, commits[f80c66c4-8a3d-47db-b3f8-20b0bcb8a3f5:c1201, 6e9bc0f4-a324-4be3-b201-2d39df7dad8a:c1197, cffe1303-2f93-4087-8a62-a40745db49f2:c1197]
2019-07-10 09:50:39,854 INFO  client.GrpcClientProtocolClient (GrpcClientProtocolClient.java:onNext(255)) - client-7D6108789623->f80c66c4-8a3d-47db-b3f8-20b0bcb8a3f5: receive RaftClientReply:client-7D6108789623->f80c66c4-8a3d-47db-b3f8-20b0bcb8a3f5@group-7D2873B646E2, cid=913, SUCCESS, logIndex=0, commits[f80c66c4-8a3d-47db-b3f8-20b0bcb8a3f5:c1203, 6e9bc0f4-a324-4be3-b201-2d39df7dad8a:c1199, cffe1303-2f93-4087-8a62-a40745db49f2:c1199]
2019-07-10 09:50:39,875 INFO  client.GrpcClientProtocolClient (GrpcClientProtocolClient.java:onNext(255)) - client-7D6108789623->f80c66c4-8a3d-47db-b3f8-20b0bcb8a3f5: receive RaftClientReply:client-7D6108789623->f80c66c4-8a3d-47db-b3f8-20b0bcb8a3f5@group-7D2873B646E2, cid=914, SUCCESS, logIndex=1206, commits[f80c66c4-8a3d-47db-b3f8-20b0bcb8a3f5:c1207, 6e9bc0f4-a324-4be3-b201-2d39df7dad8a:c1205, cffe1303-2f93-4087-8a62-a40745db49f2:c1201]
2019-07-10 09:50:39,875 INFO  client.GrpcClientProtocolClient (GrpcClientProtocolClient.java:onNext(255)) - client-7D6108789623->f80c66c4-8a3d-47db-b3f8-20b0bcb8a3f5: receive RaftClientReply:client-7D6108789623->f80c66c4-8a3d-47db-b3f8-20b0bcb8a3f5@group-7D2873B646E2, cid=915, SUCCESS, logIndex=1207, commits[f80c66c4-8a3d-47db-b3f8-20b0bcb8a3f5:c1207, 6e9bc0f4-a324-4be3-b201-2d39df7dad8a:c1205, cffe1303-2f93-4087-8a62-a40745db49f2:c1205]
2019-07-10 09:50:39,896 INFO  client.GrpcClientProtocolClient (GrpcClientProtocolClient.java:onNext(255)) - client-7D6108789623->f80c66c4-8a3d-47db-b3f8-20b0bcb8a3f5: receive RaftClientReply:client-7D6108789623->f80c66c4-8a3d-47db-b3f8-20b0bcb8a3f5@group-7D2873B646E2, cid=916, SUCCESS, logIndex=1210, commits[f80c66c4-8a3d-47db-b3f8-20b0bcb8a3f5:c1211, 6e9bc0f4-a324-4be3-b201-2d39df7dad8a:c1207, cffe1303-2f93-4087-8a62-a40745db49f2:c1207]
2019-07-10 09:50:39,897 INFO  client.GrpcClientProtocolClient (GrpcClientProtocolClient.java:onNext(255)) - client-7D6108789623->f80c66c4-8a3d-47db-b3f8-20b0bcb8a3f5: receive RaftClientReply:client-7D6108789623->f80c66c4-8a3d-47db-b3f8-20b0bcb8a3f5@group-7D2873B646E2, cid=917, SUCCESS, logIndex=1211, commits[f80c66c4-8a3d-47db-b3f8-20b0bcb8a3f5:c1211, 6e9bc0f4-a324-4be3-b201-2d39df7dad8a:c1207, cffe1303-2f93-4087-8a62-a40745db49f2:c1207]
2019-07-10 09:50:40,001 INFO  client.GrpcClientProtocolClient (GrpcClientProtocolClient.java:onNext(255)) - client-7D6108789623->f80c66c4-8a3d-47db-b3f8-20b0bcb8a3f5: receive RaftClientReply:client-7D6108789623->f80c66c4-8a3d-47db-b3f8-20b0bcb8a3f5@group-7D2873B646E2, cid=918, SUCCESS, logIndex=0, commits[f80c66c4-8a3d-47db-b3f8-20b0bcb8a3f5:c1213, 6e9bc0f4-a324-4be3-b201-2d39df7dad8a:c1211, cffe1303-2f93-4087-8a62-a40745db49f2:c1211]
2019-07-10 09:50:40,024 INFO  client.GrpcClientProtocolClient (GrpcClientProtocolClient.java:onNext(255)) - client-7D6108789623->f80c66c4-8a3d-47db-b3f8-20b0bcb8a3f5: receive RaftClientReply:client-7D6108789623->f80c66c4-8a3d-47db-b3f8-20b0bcb8a3f5@group-7D2873B646E2, cid=919, SUCCESS, logIndex=1214, commits[f80c66c4-8a3d-47db-b3f8-20b0bcb8a3f5:c1215, 6e9bc0f4-a324-4be3-b201-2d39df7dad8a:c1213, cffe1303-2f93-4087-8a62-a40745db49f2:c1213]
2019-07-10 09:50:40,024 INFO  client.GrpcClientProtocolClient (GrpcClientProtocolClient.java:onNext(255)) - client-7D6108789623->f80c66c4-8a3d-47db-b3f8-20b0bcb8a3f5: receive RaftClientReply:client-7D6108789623->f80c66c4-8a3d-47db-b3f8-20b0bcb8a3f5@group-7D2873B646E2, cid=920, SUCCESS, logIndex=1215, commits[f80c66c4-8a3d-47db-b3f8-20b0bcb8a3f5:c1215, 6e9bc0f4-a324-4be3-b201-2d39df7dad8a:c1213, cffe1303-2f93-4087-8a62-a40745db49f2:c1213]
2019-07-10 09:50:40,025 INFO  client.GrpcClientProtocolClient (GrpcClientProtocolClient.java:onNext(255)) - client-7D6108789623->f80c66c4-8a3d-47db-b3f8-20b0bcb8a3f5: receive RaftClientReply:client-7D6108789623->f80c66c4-8a3d-47db-b3f8-20b0bcb8a3f5@group-7D2873B646E2, cid=921, SUCCESS, logIndex=1216, commits[f80c66c4-8a3d-47db-b3f8-20b0bcb8a3f5:c1216, 6e9bc0f4-a324-4be3-b201-2d39df7dad8a:c1213, cffe1303-2f93-4087-8a62-a40745db49f2:c1213]
2019-07-10 09:50:40,025 INFO  client.GrpcClientProtocolClient (GrpcClientProtocolClient.java:onNext(255)) - client-7D6108789623->f80c66c4-8a3d-47db-b3f8-20b0bcb8a3f5: receive RaftClientReply:client-7D6108789623->f80c66c4-8a3d-47db-b3f8-20b0bcb8a3f5@group-7D2873B646E2, cid=922, SUCCESS, logIndex=1217, commits[f80c66c4-8a3d-47db-b3f8-20b0bcb8a3f5:c1217, 6e9bc0f4-a324-4be3-b201-2d39df7dad8a:c1213, cffe1303-2f93-4087-8a62-a40745db49f2:c1213]
 0.00% |█                                                                                                    |  0/1 Time: 0:00:042019-07-10 09:50:40,037 INFO  client.GrpcClientProtocolClient (GrpcClientProtocolClient.java:onNext(255)) - client-7D6108789623->f80c66c4-8a3d-47db-b3f8-20b0bcb8a3f5: receive RaftClientReply:client-7D6108789623->f80c66c4-8a3d-47db-b3f8-20b0bcb8a3f5@group-7D2873B646E2, cid=923, SUCCESS, logIndex=0, commits[f80c66c4-8a3d-47db-b3f8-20b0bcb8a3f5:c1219, 6e9bc0f4-a324-4be3-b201-2d39df7dad8a:c1215, cffe1303-2f93-4087-8a62-a40745db49f2:c1215]
2019-07-10 09:50:40,053 INFO  client.GrpcClientProtocolClient (GrpcClientProtocolClient.java:onNext(255)) - client-7D6108789623->f80c66c4-8a3d-47db-b3f8-20b0bcb8a3f5: receive RaftClientReply:client-7D6108789623->f80c66c4-8a3d-47db-b3f8-20b0bcb8a3f5@group-7D2873B646E2, cid=924, SUCCESS, logIndex=1222, commits[f80c66c4-8a3d-47db-b3f8-20b0bcb8a3f5:c1223, 6e9bc0f4-a324-4be3-b201-2d39df7dad8a:c1217, cffe1303-2f93-4087-8a62-a40745db49f2:c1221]
2019-07-10 09:50:40,054 INFO  client.GrpcClientProtocolClient (GrpcClientProtocolClient.java:onNext(255)) - client-7D6108789623->f80c66c4-8a3d-47db-b3f8-20b0bcb8a3f5: receive RaftClientReply:client-7D6108789623->f80c66c4-8a3d-47db-b3f8-20b0bcb8a3f5@group-7D2873B646E2, cid=925, SUCCESS, logIndex=1223, commits[f80c66c4-8a3d-47db-b3f8-20b0bcb8a3f5:c1223, 6e9bc0f4-a324-4be3-b201-2d39df7dad8a:c1217, cffe1303-2f93-4087-8a62-a40745db49f2:c1221]
2019-07-10 09:50:40,077 INFO  client.GrpcClientProtocolClient (GrpcClientProtocolClient.java:onNext(255)) - client-7D6108789623->f80c66c4-8a3d-47db-b3f8-20b0bcb8a3f5: receive RaftClientReply:client-7D6108789623->f80c66c4-8a3d-47db-b3f8-20b0bcb8a3f5@group-7D2873B646E2, cid=926, SUCCESS, logIndex=1226, commits[f80c66c4-8a3d-47db-b3f8-20b0bcb8a3f5:c1227, 6e9bc0f4-a324-4be3-b201-2d39df7dad8a:c1223, cffe1303-2f93-4087-8a62-a40745db49f2:c1223]
2019-07-10 09:50:40,078 INFO  client.GrpcClientProtocolClient (GrpcClientProtocolClient.java:onNext(255)) - client-7D6108789623->f80c66c4-8a3d-47db-b3f8-20b0bcb8a3f5: receive RaftClientReply:client-7D6108789623->f80c66c4-8a3d-47db-b3f8-20b0bcb8a3f5@group-7D2873B646E2, cid=927, SUCCESS, logIndex=1227, commits[f80c66c4-8a3d-47db-b3f8-20b0bcb8a3f5:c1227, 6e9bc0f4-a324-4be3-b201-2d39df7dad8a:c1223, cffe1303-2f93-4087-8a62-a40745db49f2:c1223]
2019-07-10 09:50:40,086 INFO  client.GrpcClientProtocolClient (GrpcClientProtocolClient.java:onNext(255)) - client-7D6108789623->f80c66c4-8a3d-47db-b3f8-20b0bcb8a3f5: receive RaftClientReply:client-7D6108789623->f80c66c4-8a3d-47db-b3f8-20b0bcb8a3f5@group-7D2873B646E2, cid=928, SUCCESS, logIndex=0, commits[f80c66c4-8a3d-47db-b3f8-20b0bcb8a3f5:c1228, 6e9bc0f4-a324-4be3-b201-2d39df7dad8a:c1227, cffe1303-2f93-4087-8a62-a40745db49f2:c1227]
2019-07-10 09:50:40,107 INFO  client.GrpcClientProtocolClient (GrpcClientProtocolClient.java:onNext(255)) - client-7D6108789623->f80c66c4-8a3d-47db-b3f8-20b0bcb8a3f5: receive RaftClientReply:client-7D6108789623->f80c66c4-8a3d-47db-b3f8-20b0bcb8a3f5@group-7D2873B646E2, cid=929, SUCCESS, logIndex=1230, commits[f80c66c4-8a3d-47db-b3f8-20b0bcb8a3f5:c1231, 6e9bc0f4-a324-4be3-b201-2d39df7dad8a:c1229, cffe1303-2f93-4087-8a62-a40745db49f2:c1229]
2019-07-10 09:50:40,108 INFO  client.GrpcClientProtocolClient (GrpcClientProtocolClient.java:onNext(255)) - client-7D6108789623->f80c66c4-8a3d-47db-b3f8-20b0bcb8a3f5: receive RaftClientReply:client-7D6108789623->f80c66c4-8a3d-47db-b3f8-20b0bcb8a3f5@group-7D2873B646E2, cid=930, SUCCESS, logIndex=1231, commits[f80c66c4-8a3d-47db-b3f8-20b0bcb8a3f5:c1231, 6e9bc0f4-a324-4be3-b201-2d39df7dad8a:c1229, cffe1303-2f93-4087-8a62-a40745db49f2:c1229]
2019-07-10 09:50:40,119 INFO  client.GrpcClientProtocolClient (GrpcClientProtocolClient.java:onNext(255)) - client-7D6108789623->f80c66c4-8a3d-47db-b3f8-20b0bcb8a3f5: receive RaftClientReply:client-7D6108789623->f80c66c4-8a3d-47db-b3f8-20b0bcb8a3f5@group-7D2873B646E2, cid=931, SUCCESS, logIndex=1232, commits[f80c66c4-8a3d-47db-b3f8-20b0bcb8a3f5:c1232, 6e9bc0f4-a324-4be3-b201-2d39df7dad8a:c1229, cffe1303-2f93-4087-8a62-a40745db49f2:c1229]
2019-07-10 09:50:40,119 INFO  client.GrpcClientProtocolClient (GrpcClientProtocolClient.java:onNext(255)) - client-7D6108789623->f80c66c4-8a3d-47db-b3f8-20b0bcb8a3f5: receive RaftClientReply:client-7D6108789623->f80c66c4-8a3d-47db-b3f8-20b0bcb8a3f5@group-7D2873B646E2, cid=932, SUCCESS, logIndex=1233, commits[f80c66c4-8a3d-47db-b3f8-20b0bcb8a3f5:c1233, 6e9bc0f4-a324-4be3-b201-2d39df7dad8a:c1229, cffe1303-2f93-4087-8a62-a40745db49f2:c1229]
2019-07-10 09:50:40,129 INFO  client.GrpcClientProtocolClient (GrpcClientProtocolClient.java:onNext(255)) - client-7D6108789623->f80c66c4-8a3d-47db-b3f8-20b0bcb8a3f5: receive RaftClientReply:client-7D6108789623->f80c66c4-8a3d-47db-b3f8-20b0bcb8a3f5@group-7D2873B646E2, cid=933, SUCCESS, logIndex=0, commits[f80c66c4-8a3d-47db-b3f8-20b0bcb8a3f5:c1234, 6e9bc0f4-a324-4be3-b201-2d39df7dad8a:c1231, cffe1303-2f93-4087-8a62-a40745db49f2:c1231]
2019-07-10 09:50:40,151 INFO  client.GrpcClientProtocolClient (GrpcClientProtocolClient.java:onNext(255)) - client-7D6108789623->f80c66c4-8a3d-47db-b3f8-20b0bcb8a3f5: receive RaftClientReply:client-7D6108789623->f80c66c4-8a3d-47db-b3f8-20b0bcb8a3f5@group-7D2873B646E2, cid=934, SUCCESS, logIndex=1238, commits[f80c66c4-8a3d-47db-b3f8-20b0bcb8a3f5:c1239, 6e9bc0f4-a324-4be3-b201-2d39df7dad8a:c1235, cffe1303-2f93-4087-8a62-a40745db49f2:c1235]
2019-07-10 09:50:40,152 INFO  client.GrpcClientProtocolClient (GrpcClientProtocolClient.java:onNext(255)) - client-7D6108789623->f80c66c4-8a3d-47db-b3f8-20b0bcb8a3f5: receive RaftClientReply:client-7D6108789623->f80c66c4-8a3d-47db-b3f8-20b0bcb8a3f5@group-7D2873B646E2, cid=935, SUCCESS, logIndex=1239, commits[f80c66c4-8a3d-47db-b3f8-20b0bcb8a3f5:c1239, 6e9bc0f4-a324-4be3-b201-2d39df7dad8a:c1235, cffe1303-2f93-4087-8a62-a40745db49f2:c1235]
2019-07-10 09:50:40,176 INFO  client.GrpcClientProtocolClient (GrpcClientProtocolClient.java:onNext(255)) - client-7D6108789623->f80c66c4-8a3d-47db-b3f8-20b0bcb8a3f5: receive RaftClientReply:client-7D6108789623->f80c66c4-8a3d-47db-b3f8-20b0bcb8a3f5@group-7D2873B646E2, cid=936, SUCCESS, logIndex=1242, commits[f80c66c4-8a3d-47db-b3f8-20b0bcb8a3f5:c1242, 6e9bc0f4-a324-4be3-b201-2d39df7dad8a:c1239, cffe1303-2f93-4087-8a62-a40745db49f2:c1239]
2019-07-10 09:50:40,177 INFO  client.GrpcClientProtocolClient (GrpcClientProtocolClient.java:onNext(255)) - client-7D6108789623->f80c66c4-8a3d-47db-b3f8-20b0bcb8a3f5: receive RaftClientReply:client-7D6108789623->f80c66c4-8a3d-47db-b3f8-20b0bcb8a3f5@group-7D2873B646E2, cid=937, SUCCESS, logIndex=1243, commits[f80c66c4-8a3d-47db-b3f8-20b0bcb8a3f5:c1243, 6e9bc0f4-a324-4be3-b201-2d39df7dad8a:c1239, cffe1303-2f93-4087-8a62-a40745db49f2:c1239]
2019-07-10 09:50:40,189 INFO  client.GrpcClientProtocolClient (GrpcClientProtocolClient.java:onNext(255)) - client-7D6108789623->f80c66c4-8a3d-47db-b3f8-20b0bcb8a3f5: receive RaftClientReply:client-7D6108789623->f80c66c4-8a3d-47db-b3f8-20b0bcb8a3f5@group-7D2873B646E2, cid=938, SUCCESS, logIndex=0, commits[f80c66c4-8a3d-47db-b3f8-20b0bcb8a3f5:c1245, 6e9bc0f4-a324-4be3-b201-2d39df7dad8a:c1243, cffe1303-2f93-4087-8a62-a40745db49f2:c1243]
2019-07-10 09:50:40,210 INFO  client.GrpcClientProtocolClient (GrpcClientProtocolClient.java:onNext(255)) - client-7D6108789623->f80c66c4-8a3d-47db-b3f8-20b0bcb8a3f5: receive RaftClientReply:client-7D6108789623->f80c66c4-8a3d-47db-b3f8-20b0bcb8a3f5@group-7D2873B646E2, cid=939, SUCCESS, logIndex=1246, commits[f80c66c4-8a3d-47db-b3f8-20b0bcb8a3f5:c1246, 6e9bc0f4-a324-4be3-b201-2d39df7dad8a:c1245, cffe1303-2f93-4087-8a62-a40745db49f2:c1245]
2019-07-10 09:50:40,210 INFO  client.GrpcClientProtocolClient (GrpcClientProtocolClient.java:onNext(255)) - client-7D6108789623->f80c66c4-8a3d-47db-b3f8-20b0bcb8a3f5: receive RaftClientReply:client-7D6108789623->f80c66c4-8a3d-47db-b3f8-20b0bcb8a3f5@group-7D2873B646E2, cid=940, SUCCESS, logIndex=1247, commits[f80c66c4-8a3d-47db-b3f8-20b0bcb8a3f5:c1247, 6e9bc0f4-a324-4be3-b201-2d39df7dad8a:c1245, cffe1303-2f93-4087-8a62-a40745db49f2:c1245]
2019-07-10 09:50:40,218 INFO  client.GrpcClientProtocolClient (GrpcClientProtocolClient.java:onNext(255)) - client-7D6108789623->f80c66c4-8a3d-47db-b3f8-20b0bcb8a3f5: receive RaftClientReply:client-7D6108789623->f80c66c4-8a3d-47db-b3f8-20b0bcb8a3f5@group-7D2873B646E2, cid=941, SUCCESS, logIndex=1248, commits[f80c66c4-8a3d-47db-b3f8-20b0bcb8a3f5:c1249, 6e9bc0f4-a324-4be3-b201-2d39df7dad8a:c1245, cffe1303-2f93-4087-8a62-a40745db49f2:c1245]
2019-07-10 09:50:40,219 INFO  client.GrpcClientProtocolClient (GrpcClientProtocolClient.java:onNext(255)) - client-7D6108789623->f80c66c4-8a3d-47db-b3f8-20b0bcb8a3f5: receive RaftClientReply:client-7D6108789623->f80c66c4-8a3d-47db-b3f8-20b0bcb8a3f5@group-7D2873B646E2, cid=942, SUCCESS, logIndex=1249, commits[f80c66c4-8a3d-47db-b3f8-20b0bcb8a3f5:c1249, 6e9bc0f4-a324-4be3-b201-2d39df7dad8a:c1245, cffe1303-2f93-4087-8a62-a40745db49f2:c1245]
2019-07-10 09:50:40,231 INFO  client.GrpcClientProtocolClient (GrpcClientProtocolClient.java:onNext(255)) - client-7D6108789623->f80c66c4-8a3d-47db-b3f8-20b0bcb8a3f5: receive RaftClientReply:client-7D6108789623->f80c66c4-8a3d-47db-b3f8-20b0bcb8a3f5@group-7D2873B646E2, cid=943, SUCCESS, logIndex=0, commits[f80c66c4-8a3d-47db-b3f8-20b0bcb8a3f5:c1251, 6e9bc0f4-a324-4be3-b201-2d39df7dad8a:c1247, cffe1303-2f93-4087-8a62-a40745db49f2:c1247]
2019-07-10 09:50:40,252 INFO  client.GrpcClientProtocolClient (GrpcClientProtocolClient.java:onNext(255)) - client-7D6108789623->f80c66c4-8a3d-47db-b3f8-20b0bcb8a3f5: receive RaftClientReply:client-7D6108789623->f80c66c4-8a3d-47db-b3f8-20b0bcb8a3f5@group-7D2873B646E2, cid=944, SUCCESS, logIndex=1253, commits[f80c66c4-8a3d-47db-b3f8-20b0bcb8a3f5:c1254, 6e9bc0f4-a324-4be3-b201-2d39df7dad8a:c1249, cffe1303-2f93-4087-8a62-a40745db49f2:c1251]
2019-07-10 09:50:40,252 INFO  client.GrpcClientProtocolClient (GrpcClientProtocolClient.java:onNext(255)) - client-7D6108789623->f80c66c4-8a3d-47db-b3f8-20b0bcb8a3f5: receive RaftClientReply:client-7D6108789623->f80c66c4-8a3d-47db-b3f8-20b0bcb8a3f5@group-7D2873B646E2, cid=945, SUCCESS, logIndex=1254, commits[f80c66c4-8a3d-47db-b3f8-20b0bcb8a3f5:c1254, 6e9bc0f4-a324-4be3-b201-2d39df7dad8a:c1251, cffe1303-2f93-4087-8a62-a40745db49f2:c1251]
2019-07-10 09:50:40,279 INFO  client.GrpcClientProtocolClient (GrpcClientProtocolClient.java:onNext(255)) - client-7D6108789623->f80c66c4-8a3d-47db-b3f8-20b0bcb8a3f5: receive RaftClientReply:client-7D6108789623->f80c66c4-8a3d-47db-b3f8-20b0bcb8a3f5@group-7D2873B646E2, cid=946, SUCCESS, logIndex=1257, commits[f80c66c4-8a3d-47db-b3f8-20b0bcb8a3f5:c1257, 6e9bc0f4-a324-4be3-b201-2d39df7dad8a:c1254, cffe1303-2f93-4087-8a62-a40745db49f2:c1255]
2019-07-10 09:50:40,279 INFO  client.GrpcClientProtocolClient (GrpcClientProtocolClient.java:onNext(255)) - client-7D6108789623->f80c66c4-8a3d-47db-b3f8-20b0bcb8a3f5: receive RaftClientReply:client-7D6108789623->f80c66c4-8a3d-47db-b3f8-20b0bcb8a3f5@group-7D2873B646E2, cid=947, SUCCESS, logIndex=1258, commits[f80c66c4-8a3d-47db-b3f8-20b0bcb8a3f5:c1258, 6e9bc0f4-a324-4be3-b201-2d39df7dad8a:c1255, cffe1303-2f93-4087-8a62-a40745db49f2:c1255]
2019-07-10 09:50:40,301 INFO  client.GrpcClientProtocolClient (GrpcClientProtocolClient.java:onNext(255)) - client-7D6108789623->f80c66c4-8a3d-47db-b3f8-20b0bcb8a3f5: receive RaftClientReply:client-7D6108789623->f80c66c4-8a3d-47db-b3f8-20b0bcb8a3f5@group-7D2873B646E2, cid=948, SUCCESS, logIndex=0, commits[f80c66c4-8a3d-47db-b3f8-20b0bcb8a3f5:c1260, 6e9bc0f4-a324-4be3-b201-2d39df7dad8a:c1258, cffe1303-2f93-4087-8a62-a40745db49f2:c1258]
2019-07-10 09:50:40,315 INFO  client.GrpcClientProtocolClient (GrpcClientProtocolClient.java:onNext(255)) - client-7D6108789623->f80c66c4-8a3d-47db-b3f8-20b0bcb8a3f5: receive RaftClientReply:client-7D6108789623->f80c66c4-8a3d-47db-b3f8-20b0bcb8a3f5@group-7D2873B646E2, cid=949, SUCCESS, logIndex=1261, commits[f80c66c4-8a3d-47db-b3f8-20b0bcb8a3f5:c1262, 6e9bc0f4-a324-4be3-b201-2d39df7dad8a:c1260, cffe1303-2f93-4087-8a62-a40745db49f2:c1260]
2019-07-10 09:50:40,315 INFO  client.GrpcClientProtocolClient (GrpcClientProtocolClient.java:onNext(255)) - client-7D6108789623->f80c66c4-8a3d-47db-b3f8-20b0bcb8a3f5: receive RaftClientReply:client-7D6108789623->f80c66c4-8a3d-47db-b3f8-20b0bcb8a3f5@group-7D2873B646E2, cid=950, SUCCESS, logIndex=1262, commits[f80c66c4-8a3d-47db-b3f8-20b0bcb8a3f5:c1262, 6e9bc0f4-a324-4be3-b201-2d39df7dad8a:c1260, cffe1303-2f93-4087-8a62-a40745db49f2:c1260]
2019-07-10 09:50:40,318 INFO  client.GrpcClientProtocolClient (GrpcClientProtocolClient.java:onNext(255)) - client-7D6108789623->f80c66c4-8a3d-47db-b3f8-20b0bcb8a3f5: receive RaftClientReply:client-7D6108789623->f80c66c4-8a3d-47db-b3f8-20b0bcb8a3f5@group-7D2873B646E2, cid=951, SUCCESS, logIndex=1263, commits[f80c66c4-8a3d-47db-b3f8-20b0bcb8a3f5:c1265, 6e9bc0f4-a324-4be3-b201-2d39df7dad8a:c1260, cffe1303-2f93-4087-8a62-a40745db49f2:c1261]
2019-07-10 09:50:40,320 INFO  client.GrpcClientProtocolClient (GrpcClientProtocolClient.java:onNext(255)) - client-7D6108789623->f80c66c4-8a3d-47db-b3f8-20b0bcb8a3f5: receive RaftClientReply:client-7D6108789623->f80c66c4-8a3d-47db-b3f8-20b0bcb8a3f5@group-7D2873B646E2, cid=952, SUCCESS, logIndex=1264, commits[f80c66c4-8a3d-47db-b3f8-20b0bcb8a3f5:c1266, 6e9bc0f4-a324-4be3-b201-2d39df7dad8a:c1260, cffe1303-2f93-4087-8a62-a40745db49f2:c1262]
2019-07-10 09:50:40,327 INFO  client.GrpcClientProtocolClient (GrpcClientProtocolClient.java:onNext(255)) - client-7D6108789623->f80c66c4-8a3d-47db-b3f8-20b0bcb8a3f5: receive RaftClientReply:client-7D6108789623->f80c66c4-8a3d-47db-b3f8-20b0bcb8a3f5@group-7D2873B646E2, cid=953, SUCCESS, logIndex=0, commits[f80c66c4-8a3d-47db-b3f8-20b0bcb8a3f5:c1266, 6e9bc0f4-a324-4be3-b201-2d39df7dad8a:c1262, cffe1303-2f93-4087-8a62-a40745db49f2:c1264]
2019-07-10 09:50:40,347 INFO  client.GrpcClientProtocolClient (GrpcClientProtocolClient.java:onNext(255)) - client-7D6108789623->f80c66c4-8a3d-47db-b3f8-20b0bcb8a3f5: receive RaftClientReply:client-7D6108789623->f80c66c4-8a3d-47db-b3f8-20b0bcb8a3f5@group-7D2873B646E2, cid=954, SUCCESS, logIndex=1269, commits[f80c66c4-8a3d-47db-b3f8-20b0bcb8a3f5:c1270, 6e9bc0f4-a324-4be3-b201-2d39df7dad8a:c1268, cffe1303-2f93-4087-8a62-a40745db49f2:c1268]
2019-07-10 09:50:40,348 INFO  client.GrpcClientProtocolClient (GrpcClientProtocolClient.java:onNext(255)) - client-7D6108789623->f80c66c4-8a3d-47db-b3f8-20b0bcb8a3f5: receive RaftClientReply:client-7D6108789623->f80c66c4-8a3d-47db-b3f8-20b0bcb8a3f5@group-7D2873B646E2, cid=955, SUCCESS, logIndex=1270, commits[f80c66c4-8a3d-47db-b3f8-20b0bcb8a3f5:c1270, 6e9bc0f4-a324-4be3-b201-2d39df7dad8a:c1268, cffe1303-2f93-4087-8a62-a40745db49f2:c1268]
2019-07-10 09:50:40,372 INFO  client.GrpcClientProtocolClient (GrpcClientProtocolClient.java:onNext(255)) - client-7D6108789623->f80c66c4-8a3d-47db-b3f8-20b0bcb8a3f5: receive RaftClientReply:client-7D6108789623->f80c66c4-8a3d-47db-b3f8-20b0bcb8a3f5@group-7D2873B646E2, cid=956, SUCCESS, logIndex=1273, commits[f80c66c4-8a3d-47db-b3f8-20b0bcb8a3f5:c1274, 6e9bc0f4-a324-4be3-b201-2d39df7dad8a:c1270, cffe1303-2f93-4087-8a62-a40745db49f2:c1270]
2019-07-10 09:50:40,372 INFO  client.GrpcClientProtocolClient (GrpcClientProtocolClient.java:onNext(255)) - client-7D6108789623->f80c66c4-8a3d-47db-b3f8-20b0bcb8a3f5: receive RaftClientReply:client-7D6108789623->f80c66c4-8a3d-47db-b3f8-20b0bcb8a3f5@group-7D2873B646E2, cid=957, SUCCESS, logIndex=1274, commits[f80c66c4-8a3d-47db-b3f8-20b0bcb8a3f5:c1274, 6e9bc0f4-a324-4be3-b201-2d39df7dad8a:c1270, cffe1303-2f93-4087-8a62-a40745db49f2:c1270]
2019-07-10 09:50:40,393 INFO  client.GrpcClientProtocolClient (GrpcClientProtocolClient.java:onNext(255)) - client-7D6108789623->f80c66c4-8a3d-47db-b3f8-20b0bcb8a3f5: receive RaftClientReply:client-7D6108789623->f80c66c4-8a3d-47db-b3f8-20b0bcb8a3f5@group-7D2873B646E2, cid=958, SUCCESS, logIndex=0, commits[f80c66c4-8a3d-47db-b3f8-20b0bcb8a3f5:c1276, 6e9bc0f4-a324-4be3-b201-2d39df7dad8a:c1274, cffe1303-2f93-4087-8a62-a40745db49f2:c1274]
2019-07-10 09:50:40,413 INFO  client.GrpcClientProtocolClient (GrpcClientProtocolClient.java:onNext(255)) - client-7D6108789623->f80c66c4-8a3d-47db-b3f8-20b0bcb8a3f5: receive RaftClientReply:client-7D6108789623->f80c66c4-8a3d-47db-b3f8-20b0bcb8a3f5@group-7D2873B646E2, cid=959, SUCCESS, logIndex=1277, commits[f80c66c4-8a3d-47db-b3f8-20b0bcb8a3f5:c1278, 6e9bc0f4-a324-4be3-b201-2d39df7dad8a:c1276, cffe1303-2f93-4087-8a62-a40745db49f2:c1276]
2019-07-10 09:50:40,414 INFO  client.GrpcClientProtocolClient (GrpcClientProtocolClient.java:onNext(255)) - client-7D6108789623->f80c66c4-8a3d-47db-b3f8-20b0bcb8a3f5: receive RaftClientReply:client-7D6108789623->f80c66c4-8a3d-47db-b3f8-20b0bcb8a3f5@group-7D2873B646E2, cid=960, SUCCESS, logIndex=1278, commits[f80c66c4-8a3d-47db-b3f8-20b0bcb8a3f5:c1278, 6e9bc0f4-a324-4be3-b201-2d39df7dad8a:c1276, cffe1303-2f93-4087-8a62-a40745db49f2:c1276]
2019-07-10 09:50:40,421 INFO  client.GrpcClientProtocolClient (GrpcClientProtocolClient.java:onNext(255)) - client-7D6108789623->f80c66c4-8a3d-47db-b3f8-20b0bcb8a3f5: receive RaftClientReply:client-7D6108789623->f80c66c4-8a3d-47db-b3f8-20b0bcb8a3f5@group-7D2873B646E2, cid=961, SUCCESS, logIndex=1279, commits[f80c66c4-8a3d-47db-b3f8-20b0bcb8a3f5:c1280, 6e9bc0f4-a324-4be3-b201-2d39df7dad8a:c1276, cffe1303-2f93-4087-8a62-a40745db49f2:c1276]
2019-07-10 09:50:40,422 INFO  client.GrpcClientProtocolClient (GrpcClientProtocolClient.java:onNext(255)) - client-7D6108789623->f80c66c4-8a3d-47db-b3f8-20b0bcb8a3f5: receive RaftClientReply:client-7D6108789623->f80c66c4-8a3d-47db-b3f8-20b0bcb8a3f5@group-7D2873B646E2, cid=962, SUCCESS, logIndex=1280, commits[f80c66c4-8a3d-47db-b3f8-20b0bcb8a3f5:c1280, 6e9bc0f4-a324-4be3-b201-2d39df7dad8a:c1276, cffe1303-2f93-4087-8a62-a40745db49f2:c1276]
2019-07-10 09:50:40,423 INFO  client.GrpcClientProtocolClient (GrpcClientProtocolClient.java:onNext(255)) - client-7D6108789623->f80c66c4-8a3d-47db-b3f8-20b0bcb8a3f5: receive RaftClientReply:client-7D6108789623->f80c66c4-8a3d-47db-b3f8-20b0bcb8a3f5@group-7D2873B646E2, cid=963, SUCCESS, logIndex=0, commits[f80c66c4-8a3d-47db-b3f8-20b0bcb8a3f5:c1280, 6e9bc0f4-a324-4be3-b201-2d39df7dad8a:c1278, cffe1303-2f93-4087-8a62-a40745db49f2:c1278]
2019-07-10 09:50:40,444 INFO  client.GrpcClientProtocolClient (GrpcClientProtocolClient.java:onNext(255)) - client-7D6108789623->f80c66c4-8a3d-47db-b3f8-20b0bcb8a3f5: receive RaftClientReply:client-7D6108789623->f80c66c4-8a3d-47db-b3f8-20b0bcb8a3f5@group-7D2873B646E2, cid=964, SUCCESS, logIndex=1285, commits[f80c66c4-8a3d-47db-b3f8-20b0bcb8a3f5:c1286, 6e9bc0f4-a324-4be3-b201-2d39df7dad8a:c1280, cffe1303-2f93-4087-8a62-a40745db49f2:c1280]
2019-07-10 09:50:40,445 INFO  client.GrpcClientProtocolClient (GrpcClientProtocolClient.java:onNext(255)) - client-7D6108789623->f80c66c4-8a3d-47db-b3f8-20b0bcb8a3f5: receive RaftClientReply:client-7D6108789623->f80c66c4-8a3d-47db-b3f8-20b0bcb8a3f5@group-7D2873B646E2, cid=965, SUCCESS, logIndex=1286, commits[f80c66c4-8a3d-47db-b3f8-20b0bcb8a3f5:c1286, 6e9bc0f4-a324-4be3-b201-2d39df7dad8a:c1280, cffe1303-2f93-4087-8a62-a40745db49f2:c1280]
2019-07-10 09:50:40,469 INFO  client.GrpcClientProtocolClient (GrpcClientProtocolClient.java:onNext(255)) - client-7D6108789623->f80c66c4-8a3d-47db-b3f8-20b0bcb8a3f5: receive RaftClientReply:client-7D6108789623->f80c66c4-8a3d-47db-b3f8-20b0bcb8a3f5@group-7D2873B646E2, cid=966, SUCCESS, logIndex=1289, commits[f80c66c4-8a3d-47db-b3f8-20b0bcb8a3f5:c1289, 6e9bc0f4-a324-4be3-b201-2d39df7dad8a:c1286, cffe1303-2f93-4087-8a62-a40745db49f2:c1286]
2019-07-10 09:50:40,470 INFO  client.GrpcClientProtocolClient (GrpcClientProtocolClient.java:onNext(255)) - client-7D6108789623->f80c66c4-8a3d-47db-b3f8-20b0bcb8a3f5: receive RaftClientReply:client-7D6108789623->f80c66c4-8a3d-47db-b3f8-20b0bcb8a3f5@group-7D2873B646E2, cid=967, SUCCESS, logIndex=1290, commits[f80c66c4-8a3d-47db-b3f8-20b0bcb8a3f5:c1290, 6e9bc0f4-a324-4be3-b201-2d39df7dad8a:c1286, cffe1303-2f93-4087-8a62-a40745db49f2:c1286]
2019-07-10 09:50:40,491 INFO  client.GrpcClientProtocolClient (GrpcClientProtocolClient.java:onNext(255)) - client-7D6108789623->f80c66c4-8a3d-47db-b3f8-20b0bcb8a3f5: receive RaftClientReply:client-7D6108789623->f80c66c4-8a3d-47db-b3f8-20b0bcb8a3f5@group-7D2873B646E2, cid=968, SUCCESS, logIndex=0, commits[f80c66c4-8a3d-47db-b3f8-20b0bcb8a3f5:c1292, 6e9bc0f4-a324-4be3-b201-2d39df7dad8a:c1290, cffe1303-2f93-4087-8a62-a40745db49f2:c1290]
2019-07-10 09:50:40,512 INFO  client.GrpcClientProtocolClient (GrpcClientProtocolClient.java:onNext(255)) - client-7D6108789623->f80c66c4-8a3d-47db-b3f8-20b0bcb8a3f5: receive RaftClientReply:client-7D6108789623->f80c66c4-8a3d-47db-b3f8-20b0bcb8a3f5@group-7D2873B646E2, cid=969, SUCCESS, logIndex=1293, commits[f80c66c4-8a3d-47db-b3f8-20b0bcb8a3f5:c1294, 6e9bc0f4-a324-4be3-b201-2d39df7dad8a:c1292, cffe1303-2f93-4087-8a62-a40745db49f2:c1292]
2019-07-10 09:50:40,513 INFO  client.GrpcClientProtocolClient (GrpcClientProtocolClient.java:onNext(255)) - client-7D6108789623->f80c66c4-8a3d-47db-b3f8-20b0bcb8a3f5: receive RaftClientReply:client-7D6108789623->f80c66c4-8a3d-47db-b3f8-20b0bcb8a3f5@group-7D2873B646E2, cid=970, SUCCESS, logIndex=1294, commits[f80c66c4-8a3d-47db-b3f8-20b0bcb8a3f5:c1294, 6e9bc0f4-a324-4be3-b201-2d39df7dad8a:c1292, cffe1303-2f93-4087-8a62-a40745db49f2:c1292]
2019-07-10 09:50:40,531 INFO  client.GrpcClientProtocolClient (GrpcClientProtocolClient.java:onNext(255)) - client-7D6108789623->f80c66c4-8a3d-47db-b3f8-20b0bcb8a3f5: receive RaftClientReply:client-7D6108789623->f80c66c4-8a3d-47db-b3f8-20b0bcb8a3f5@group-7D2873B646E2, cid=971, SUCCESS, logIndex=1295, commits[f80c66c4-8a3d-47db-b3f8-20b0bcb8a3f5:c1296, 6e9bc0f4-a324-4be3-b201-2d39df7dad8a:c1292, cffe1303-2f93-4087-8a62-a40745db49f2:c1292]
2019-07-10 09:50:40,533 INFO  client.GrpcClientProtocolClient (GrpcClientProtocolClient.java:onNext(255)) - client-7D6108789623->f80c66c4-8a3d-47db-b3f8-20b0bcb8a3f5: receive RaftClientReply:client-7D6108789623->f80c66c4-8a3d-47db-b3f8-20b0bcb8a3f5@group-7D2873B646E2, cid=972, SUCCESS, logIndex=1296, commits[f80c66c4-8a3d-47db-b3f8-20b0bcb8a3f5:c1296, 6e9bc0f4-a324-4be3-b201-2d39df7dad8a:c1292, cffe1303-2f93-4087-8a62-a40745db49f2:c1292]
2019-07-10 09:50:40,535 INFO  client.GrpcClientProtocolClient (GrpcClientProtocolClient.java:onNext(255)) - client-7D6108789623->f80c66c4-8a3d-47db-b3f8-20b0bcb8a3f5: receive RaftClientReply:client-7D6108789623->f80c66c4-8a3d-47db-b3f8-20b0bcb8a3f5@group-7D2873B646E2, cid=973, SUCCESS, logIndex=0, commits[f80c66c4-8a3d-47db-b3f8-20b0bcb8a3f5:c1298, 6e9bc0f4-a324-4be3-b201-2d39df7dad8a:c1294, cffe1303-2f93-4087-8a62-a40745db49f2:c1294]
2019-07-10 09:50:40,551 INFO  client.GrpcClientProtocolClient (GrpcClientProtocolClient.java:onNext(255)) - client-7D6108789623->f80c66c4-8a3d-47db-b3f8-20b0bcb8a3f5: receive RaftClientReply:client-7D6108789623->f80c66c4-8a3d-47db-b3f8-20b0bcb8a3f5@group-7D2873B646E2, cid=974, SUCCESS, logIndex=1301, commits[f80c66c4-8a3d-47db-b3f8-20b0bcb8a3f5:c1302, 6e9bc0f4-a324-4be3-b201-2d39df7dad8a:c1296, cffe1303-2f93-4087-8a62-a40745db49f2:c1298]
2019-07-10 09:50:40,551 INFO  client.GrpcClientProtocolClient (GrpcClientProtocolClient.java:onNext(255)) - client-7D6108789623->f80c66c4-8a3d-47db-b3f8-20b0bcb8a3f5: receive RaftClientReply:client-7D6108789623->f80c66c4-8a3d-47db-b3f8-20b0bcb8a3f5@group-7D2873B646E2, cid=975, SUCCESS, logIndex=1302, commits[f80c66c4-8a3d-47db-b3f8-20b0bcb8a3f5:c1302, 6e9bc0f4-a324-4be3-b201-2d39df7dad8a:c1296, cffe1303-2f93-4087-8a62-a40745db49f2:c1298]
2019-07-10 09:50:40,573 INFO  client.GrpcClientProtocolClient (GrpcClientProtocolClient.java:onNext(255)) - client-7D6108789623->f80c66c4-8a3d-47db-b3f8-20b0bcb8a3f5: receive RaftClientReply:client-7D6108789623->f80c66c4-8a3d-47db-b3f8-20b0bcb8a3f5@group-7D2873B646E2, cid=976, SUCCESS, logIndex=1305, commits[f80c66c4-8a3d-47db-b3f8-20b0bcb8a3f5:c1305, 6e9bc0f4-a324-4be3-b201-2d39df7dad8a:c1302, cffe1303-2f93-4087-8a62-a40745db49f2:c1302]
2019-07-10 09:50:40,574 INFO  client.GrpcClientProtocolClient (GrpcClientProtocolClient.java:onNext(255)) - client-7D6108789623->f80c66c4-8a3d-47db-b3f8-20b0bcb8a3f5: receive RaftClientReply:client-7D6108789623->f80c66c4-8a3d-47db-b3f8-20b0bcb8a3f5@group-7D2873B646E2, cid=977, SUCCESS, logIndex=1306, commits[f80c66c4-8a3d-47db-b3f8-20b0bcb8a3f5:c1306, 6e9bc0f4-a324-4be3-b201-2d39df7dad8a:c1302, cffe1303-2f93-4087-8a62-a40745db49f2:c1302]
2019-07-10 09:50:40,586 INFO  client.GrpcClientProtocolClient (GrpcClientProtocolClient.java:onNext(255)) - client-7D6108789623->f80c66c4-8a3d-47db-b3f8-20b0bcb8a3f5: receive RaftClientReply:client-7D6108789623->f80c66c4-8a3d-47db-b3f8-20b0bcb8a3f5@group-7D2873B646E2, cid=978, SUCCESS, logIndex=0, commits[f80c66c4-8a3d-47db-b3f8-20b0bcb8a3f5:c1308, 6e9bc0f4-a324-4be3-b201-2d39df7dad8a:c1306, cffe1303-2f93-4087-8a62-a40745db49f2:c1306]
2019-07-10 09:50:40,608 INFO  client.GrpcClientProtocolClient (GrpcClientProtocolClient.java:onNext(255)) - client-7D6108789623->f80c66c4-8a3d-47db-b3f8-20b0bcb8a3f5: receive RaftClientReply:client-7D6108789623->f80c66c4-8a3d-47db-b3f8-20b0bcb8a3f5@group-7D2873B646E2, cid=979, SUCCESS, logIndex=1309, commits[f80c66c4-8a3d-47db-b3f8-20b0bcb8a3f5:c1310, 6e9bc0f4-a324-4be3-b201-2d39df7dad8a:c1308, cffe1303-2f93-4087-8a62-a40745db49f2:c1306]
2019-07-10 09:50:40,610 INFO  client.GrpcClientProtocolClient (GrpcClientProtocolClient.java:onNext(255)) - client-7D6108789623->f80c66c4-8a3d-47db-b3f8-20b0bcb8a3f5: receive RaftClientReply:client-7D6108789623->f80c66c4-8a3d-47db-b3f8-20b0bcb8a3f5@group-7D2873B646E2, cid=980, SUCCESS, logIndex=1310, commits[f80c66c4-8a3d-47db-b3f8-20b0bcb8a3f5:c1310, 6e9bc0f4-a324-4be3-b201-2d39df7dad8a:c1308, cffe1303-2f93-4087-8a62-a40745db49f2:c1306]
2019-07-10 09:50:40,619 INFO  client.GrpcClientProtocolClient (GrpcClientProtocolClient.java:onNext(255)) - client-7D6108789623->f80c66c4-8a3d-47db-b3f8-20b0bcb8a3f5: receive RaftClientReply:client-7D6108789623->f80c66c4-8a3d-47db-b3f8-20b0bcb8a3f5@group-7D2873B646E2, cid=981, SUCCESS, logIndex=1311, commits[f80c66c4-8a3d-47db-b3f8-20b0bcb8a3f5:c1312, 6e9bc0f4-a324-4be3-b201-2d39df7dad8a:c1308, cffe1303-2f93-4087-8a62-a40745db49f2:c1308]
2019-07-10 09:50:40,620 INFO  client.GrpcClientProtocolClient (GrpcClientProtocolClient.java:onNext(255)) - client-7D6108789623->f80c66c4-8a3d-47db-b3f8-20b0bcb8a3f5: receive RaftClientReply:client-7D6108789623->f80c66c4-8a3d-47db-b3f8-20b0bcb8a3f5@group-7D2873B646E2, cid=982, SUCCESS, logIndex=1312, commits[f80c66c4-8a3d-47db-b3f8-20b0bcb8a3f5:c1312, 6e9bc0f4-a324-4be3-b201-2d39df7dad8a:c1308, cffe1303-2f93-4087-8a62-a40745db49f2:c1308]
2019-07-10 09:50:40,631 INFO  client.GrpcClientProtocolClient (GrpcClientProtocolClient.java:onNext(255)) - client-7D6108789623->f80c66c4-8a3d-47db-b3f8-20b0bcb8a3f5: receive RaftClientReply:client-7D6108789623->f80c66c4-8a3d-47db-b3f8-20b0bcb8a3f5@group-7D2873B646E2, cid=983, SUCCESS, logIndex=0, commits[f80c66c4-8a3d-47db-b3f8-20b0bcb8a3f5:c1314, 6e9bc0f4-a324-4be3-b201-2d39df7dad8a:c1310, cffe1303-2f93-4087-8a62-a40745db49f2:c1310]
2019-07-10 09:50:40,652 INFO  client.GrpcClientProtocolClient (GrpcClientProtocolClient.java:onNext(255)) - client-7D6108789623->f80c66c4-8a3d-47db-b3f8-20b0bcb8a3f5: receive RaftClientReply:client-7D6108789623->f80c66c4-8a3d-47db-b3f8-20b0bcb8a3f5@group-7D2873B646E2, cid=984, SUCCESS, logIndex=1317, commits[f80c66c4-8a3d-47db-b3f8-20b0bcb8a3f5:c1318, 6e9bc0f4-a324-4be3-b201-2d39df7dad8a:c1312, cffe1303-2f93-4087-8a62-a40745db49f2:c1316]
2019-07-10 09:50:40,653 INFO  client.GrpcClientProtocolClient (GrpcClientProtocolClient.java:onNext(255)) - client-7D6108789623->f80c66c4-8a3d-47db-b3f8-20b0bcb8a3f5: receive RaftClientReply:client-7D6108789623->f80c66c4-8a3d-47db-b3f8-20b0bcb8a3f5@group-7D2873B646E2, cid=985, SUCCESS, logIndex=1318, commits[f80c66c4-8a3d-47db-b3f8-20b0bcb8a3f5:c1318, 6e9bc0f4-a324-4be3-b201-2d39df7dad8a:c1316, cffe1303-2f93-4087-8a62-a40745db49f2:c1316]
2019-07-10 09:50:40,667 INFO  client.GrpcClientProtocolClient (GrpcClientProtocolClient.java:onNext(255)) - client-7D6108789623->f80c66c4-8a3d-47db-b3f8-20b0bcb8a3f5: receive RaftClientReply:client-7D6108789623->f80c66c4-8a3d-47db-b3f8-20b0bcb8a3f5@group-7D2873B646E2, cid=986, SUCCESS, logIndex=1321, commits[f80c66c4-8a3d-47db-b3f8-20b0bcb8a3f5:c1322, 6e9bc0f4-a324-4be3-b201-2d39df7dad8a:c1318, cffe1303-2f93-4087-8a62-a40745db49f2:c1319]
2019-07-10 09:50:40,668 INFO  client.GrpcClientProtocolClient (GrpcClientProtocolClient.java:onNext(255)) - client-7D6108789623->f80c66c4-8a3d-47db-b3f8-20b0bcb8a3f5: receive RaftClientReply:client-7D6108789623->f80c66c4-8a3d-47db-b3f8-20b0bcb8a3f5@group-7D2873B646E2, cid=987, SUCCESS, logIndex=1322, commits[f80c66c4-8a3d-47db-b3f8-20b0bcb8a3f5:c1322, 6e9bc0f4-a324-4be3-b201-2d39df7dad8a:c1319, cffe1303-2f93-4087-8a62-a40745db49f2:c1319]
2019-07-10 09:50:40,770 INFO  client.GrpcClientProtocolClient (GrpcClientProtocolClient.java:onNext(255)) - client-7D6108789623->f80c66c4-8a3d-47db-b3f8-20b0bcb8a3f5: receive RaftClientReply:client-7D6108789623->f80c66c4-8a3d-47db-b3f8-20b0bcb8a3f5@group-7D2873B646E2, cid=988, SUCCESS, logIndex=0, commits[f80c66c4-8a3d-47db-b3f8-20b0bcb8a3f5:c1323, 6e9bc0f4-a324-4be3-b201-2d39df7dad8a:c1322, cffe1303-2f93-4087-8a62-a40745db49f2:c1322]
2019-07-10 09:50:40,794 INFO  client.GrpcClientProtocolClient (GrpcClientProtocolClient.java:onNext(255)) - client-7D6108789623->f80c66c4-8a3d-47db-b3f8-20b0bcb8a3f5: receive RaftClientReply:client-7D6108789623->f80c66c4-8a3d-47db-b3f8-20b0bcb8a3f5@group-7D2873B646E2, cid=989, SUCCESS, logIndex=1325, commits[f80c66c4-8a3d-47db-b3f8-20b0bcb8a3f5:c1326, 6e9bc0f4-a324-4be3-b201-2d39df7dad8a:c1324, cffe1303-2f93-4087-8a62-a40745db49f2:c1324]
2019-07-10 09:50:40,795 INFO  client.GrpcClientProtocolClient (GrpcClientProtocolClient.java:onNext(255)) - client-7D6108789623->f80c66c4-8a3d-47db-b3f8-20b0bcb8a3f5: receive RaftClientReply:client-7D6108789623->f80c66c4-8a3d-47db-b3f8-20b0bcb8a3f5@group-7D2873B646E2, cid=990, SUCCESS, logIndex=1326, commits[f80c66c4-8a3d-47db-b3f8-20b0bcb8a3f5:c1326, 6e9bc0f4-a324-4be3-b201-2d39df7dad8a:c1324, cffe1303-2f93-4087-8a62-a40745db49f2:c1324]
2019-07-10 09:50:40,795 INFO  client.GrpcClientProtocolClient (GrpcClientProtocolClient.java:onNext(255)) - client-7D6108789623->f80c66c4-8a3d-47db-b3f8-20b0bcb8a3f5: receive RaftClientReply:client-7D6108789623->f80c66c4-8a3d-47db-b3f8-20b0bcb8a3f5@group-7D2873B646E2, cid=991, SUCCESS, logIndex=1327, commits[f80c66c4-8a3d-47db-b3f8-20b0bcb8a3f5:c1328, 6e9bc0f4-a324-4be3-b201-2d39df7dad8a:c1324, cffe1303-2f93-4087-8a62-a40745db49f2:c1324]
2019-07-10 09:50:40,796 INFO  client.GrpcClientProtocolClient (GrpcClientProtocolClient.java:onNext(255)) - client-7D6108789623->f80c66c4-8a3d-47db-b3f8-20b0bcb8a3f5: receive RaftClientReply:client-7D6108789623->f80c66c4-8a3d-47db-b3f8-20b0bcb8a3f5@group-7D2873B646E2, cid=992, SUCCESS, logIndex=1328, commits[f80c66c4-8a3d-47db-b3f8-20b0bcb8a3f5:c1328, 6e9bc0f4-a324-4be3-b201-2d39df7dad8a:c1324, cffe1303-2f93-4087-8a62-a40745db49f2:c1324]
2019-07-10 09:50:40,807 INFO  client.GrpcClientProtocolClient (GrpcClientProtocolClient.java:onNext(255)) - client-7D6108789623->f80c66c4-8a3d-47db-b3f8-20b0bcb8a3f5: receive RaftClientReply:client-7D6108789623->f80c66c4-8a3d-47db-b3f8-20b0bcb8a3f5@group-7D2873B646E2, cid=993, SUCCESS, logIndex=0, commits[f80c66c4-8a3d-47db-b3f8-20b0bcb8a3f5:c1330, 6e9bc0f4-a324-4be3-b201-2d39df7dad8a:c1326, cffe1303-2f93-4087-8a62-a40745db49f2:c1326]
2019-07-10 09:50:40,821 INFO  client.GrpcClientProtocolClient (GrpcClientProtocolClient.java:onNext(255)) - client-7D6108789623->f80c66c4-8a3d-47db-b3f8-20b0bcb8a3f5: receive RaftClientReply:client-7D6108789623->f80c66c4-8a3d-47db-b3f8-20b0bcb8a3f5@group-7D2873B646E2, cid=994, SUCCESS, logIndex=1333, commits[f80c66c4-8a3d-47db-b3f8-20b0bcb8a3f5:c1334, 6e9bc0f4-a324-4be3-b201-2d39df7dad8a:c1328, cffe1303-2f93-4087-8a62-a40745db49f2:c1332]
2019-07-10 09:50:40,822 INFO  client.GrpcClientProtocolClient (GrpcClientProtocolClient.java:onNext(255)) - client-7D6108789623->f80c66c4-8a3d-47db-b3f8-20b0bcb8a3f5: receive RaftClientReply:client-7D6108789623->f80c66c4-8a3d-47db-b3f8-20b0bcb8a3f5@group-7D2873B646E2, cid=995, SUCCESS, logIndex=1334, commits[f80c66c4-8a3d-47db-b3f8-20b0bcb8a3f5:c1334, 6e9bc0f4-a324-4be3-b201-2d39df7dad8a:c1332, cffe1303-2f93-4087-8a62-a40745db49f2:c1332]
2019-07-10 09:50:40,837 INFO  client.GrpcClientProtocolClient (GrpcClientProtocolClient.java:onNext(255)) - client-7D6108789623->f80c66c4-8a3d-47db-b3f8-20b0bcb8a3f5: receive RaftClientReply:client-7D6108789623->f80c66c4-8a3d-47db-b3f8-20b0bcb8a3f5@group-7D2873B646E2, cid=996, SUCCESS, logIndex=1337, commits[f80c66c4-8a3d-47db-b3f8-20b0bcb8a3f5:c1338, 6e9bc0f4-a324-4be3-b201-2d39df7dad8a:c1336, cffe1303-2f93-4087-8a62-a40745db49f2:c1336]
2019-07-10 09:50:40,837 INFO  client.GrpcClientProtocolClient (GrpcClientProtocolClient.java:onNext(255)) - client-7D6108789623->f80c66c4-8a3d-47db-b3f8-20b0bcb8a3f5: receive RaftClientReply:client-7D6108789623->f80c66c4-8a3d-47db-b3f8-20b0bcb8a3f5@group-7D2873B646E2, cid=997, SUCCESS, logIndex=1338, commits[f80c66c4-8a3d-47db-b3f8-20b0bcb8a3f5:c1338, 6e9bc0f4-a324-4be3-b201-2d39df7dad8a:c1336, cffe1303-2f93-4087-8a62-a40745db49f2:c1336]
2019-07-10 09:50:40,839 INFO  client.GrpcClientProtocolClient (GrpcClientProtocolClient.java:onNext(255)) - client-7D6108789623->f80c66c4-8a3d-47db-b3f8-20b0bcb8a3f5: receive RaftClientReply:client-7D6108789623->f80c66c4-8a3d-47db-b3f8-20b0bcb8a3f5@group-7D2873B646E2, cid=998, SUCCESS, logIndex=0, commits[f80c66c4-8a3d-47db-b3f8-20b0bcb8a3f5:c1339, 6e9bc0f4-a324-4be3-b201-2d39df7dad8a:c1338, cffe1303-2f93-4087-8a62-a40745db49f2:c1338]
2019-07-10 09:50:40,861 INFO  client.GrpcClientProtocolClient (GrpcClientProtocolClient.java:onNext(255)) - client-7D6108789623->f80c66c4-8a3d-47db-b3f8-20b0bcb8a3f5: receive RaftClientReply:client-7D6108789623->f80c66c4-8a3d-47db-b3f8-20b0bcb8a3f5@group-7D2873B646E2, cid=999, SUCCESS, logIndex=1341, commits[f80c66c4-8a3d-47db-b3f8-20b0bcb8a3f5:c1342, 6e9bc0f4-a324-4be3-b201-2d39df7dad8a:c1340, cffe1303-2f93-4087-8a62-a40745db49f2:c1340]
2019-07-10 09:50:40,861 INFO  client.GrpcClientProtocolClient (GrpcClientProtocolClient.java:onNext(255)) - client-7D6108789623->f80c66c4-8a3d-47db-b3f8-20b0bcb8a3f5: receive RaftClientReply:client-7D6108789623->f80c66c4-8a3d-47db-b3f8-20b0bcb8a3f5@group-7D2873B646E2, cid=1000, SUCCESS, logIndex=1342, commits[f80c66c4-8a3d-47db-b3f8-20b0bcb8a3f5:c1342, 6e9bc0f4-a324-4be3-b201-2d39df7dad8a:c1340, cffe1303-2f93-4087-8a62-a40745db49f2:c1340]
2019-07-10 09:50:40,870 INFO  client.GrpcClientProtocolClient (GrpcClientProtocolClient.java:onNext(255)) - client-7D6108789623->f80c66c4-8a3d-47db-b3f8-20b0bcb8a3f5: receive RaftClientReply:client-7D6108789623->f80c66c4-8a3d-47db-b3f8-20b0bcb8a3f5@group-7D2873B646E2, cid=1001, SUCCESS, logIndex=1343, commits[f80c66c4-8a3d-47db-b3f8-20b0bcb8a3f5:c1344, 6e9bc0f4-a324-4be3-b201-2d39df7dad8a:c1340, cffe1303-2f93-4087-8a62-a40745db49f2:c1340]
2019-07-10 09:50:40,871 INFO  client.GrpcClientProtocolClient (GrpcClientProtocolClient.java:onNext(255)) - client-7D6108789623->f80c66c4-8a3d-47db-b3f8-20b0bcb8a3f5: receive RaftClientReply:client-7D6108789623->f80c66c4-8a3d-47db-b3f8-20b0bcb8a3f5@group-7D2873B646E2, cid=1002, SUCCESS, logIndex=1344, commits[f80c66c4-8a3d-47db-b3f8-20b0bcb8a3f5:c1344, 6e9bc0f4-a324-4be3-b201-2d39df7dad8a:c1340, cffe1303-2f93-4087-8a62-a40745db49f2:c1340]
2019-07-10 09:50:40,882 INFO  client.GrpcClientProtocolClient (GrpcClientProtocolClient.java:onNext(255)) - client-7D6108789623->f80c66c4-8a3d-47db-b3f8-20b0bcb8a3f5: receive RaftClientReply:client-7D6108789623->f80c66c4-8a3d-47db-b3f8-20b0bcb8a3f5@group-7D2873B646E2, cid=1003, SUCCESS, logIndex=0, commits[f80c66c4-8a3d-47db-b3f8-20b0bcb8a3f5:c1346, 6e9bc0f4-a324-4be3-b201-2d39df7dad8a:c1342, cffe1303-2f93-4087-8a62-a40745db49f2:c1342]
2019-07-10 09:50:40,905 INFO  client.GrpcClientProtocolClient (GrpcClientProtocolClient.java:onNext(255)) - client-7D6108789623->f80c66c4-8a3d-47db-b3f8-20b0bcb8a3f5: receive RaftClientReply:client-7D6108789623->f80c66c4-8a3d-47db-b3f8-20b0bcb8a3f5@group-7D2873B646E2, cid=1004, SUCCESS, logIndex=1349, commits[f80c66c4-8a3d-47db-b3f8-20b0bcb8a3f5:c1350, 6e9bc0f4-a324-4be3-b201-2d39df7dad8a:c1346, cffe1303-2f93-4087-8a62-a40745db49f2:c1346]
2019-07-10 09:50:40,906 INFO  client.GrpcClientProtocolClient (GrpcClientProtocolClient.java:onNext(255)) - client-7D6108789623->f80c66c4-8a3d-47db-b3f8-20b0bcb8a3f5: receive RaftClientReply:client-7D6108789623->f80c66c4-8a3d-47db-b3f8-20b0bcb8a3f5@group-7D2873B646E2, cid=1005, SUCCESS, logIndex=1350, commits[f80c66c4-8a3d-47db-b3f8-20b0bcb8a3f5:c1350, 6e9bc0f4-a324-4be3-b201-2d39df7dad8a:c1346, cffe1303-2f93-4087-8a62-a40745db49f2:c1346]
2019-07-10 09:50:40,929 INFO  client.GrpcClientProtocolClient (GrpcClientProtocolClient.java:onNext(255)) - client-7D6108789623->f80c66c4-8a3d-47db-b3f8-20b0bcb8a3f5: receive RaftClientReply:client-7D6108789623->f80c66c4-8a3d-47db-b3f8-20b0bcb8a3f5@group-7D2873B646E2, cid=1006, SUCCESS, logIndex=1353, commits[f80c66c4-8a3d-47db-b3f8-20b0bcb8a3f5:c1353, 6e9bc0f4-a324-4be3-b201-2d39df7dad8a:c1350, cffe1303-2f93-4087-8a62-a40745db49f2:c1350]
2019-07-10 09:50:40,930 INFO  client.GrpcClientProtocolClient (GrpcClientProtocolClient.java:onNext(255)) - client-7D6108789623->f80c66c4-8a3d-47db-b3f8-20b0bcb8a3f5: receive RaftClientReply:client-7D6108789623->f80c66c4-8a3d-47db-b3f8-20b0bcb8a3f5@group-7D2873B646E2, cid=1007, SUCCESS, logIndex=1354, commits[f80c66c4-8a3d-47db-b3f8-20b0bcb8a3f5:c1354, 6e9bc0f4-a324-4be3-b201-2d39df7dad8a:c1350, cffe1303-2f93-4087-8a62-a40745db49f2:c1350]
2019-07-10 09:50:40,952 INFO  client.GrpcClientProtocolClient (GrpcClientProtocolClient.java:onNext(255)) - client-7D6108789623->f80c66c4-8a3d-47db-b3f8-20b0bcb8a3f5: receive RaftClientReply:client-7D6108789623->f80c66c4-8a3d-47db-b3f8-20b0bcb8a3f5@group-7D2873B646E2, cid=1008, SUCCESS, logIndex=0, commits[f80c66c4-8a3d-47db-b3f8-20b0bcb8a3f5:c1356, 6e9bc0f4-a324-4be3-b201-2d39df7dad8a:c1354, cffe1303-2f93-4087-8a62-a40745db49f2:c1354]
2019-07-10 09:50:40,974 INFO  client.GrpcClientProtocolClient (GrpcClientProtocolClient.java:onNext(255)) - client-7D6108789623->f80c66c4-8a3d-47db-b3f8-20b0bcb8a3f5: receive RaftClientReply:client-7D6108789623->f80c66c4-8a3d-47db-b3f8-20b0bcb8a3f5@group-7D2873B646E2, cid=1009, SUCCESS, logIndex=1357, commits[f80c66c4-8a3d-47db-b3f8-20b0bcb8a3f5:c1358, 6e9bc0f4-a324-4be3-b201-2d39df7dad8a:c1356, cffe1303-2f93-4087-8a62-a40745db49f2:c1356]
2019-07-10 09:50:40,974 INFO  client.GrpcClientProtocolClient (GrpcClientProtocolClient.java:onNext(255)) - client-7D6108789623->f80c66c4-8a3d-47db-b3f8-20b0bcb8a3f5: receive RaftClientReply:client-7D6108789623->f80c66c4-8a3d-47db-b3f8-20b0bcb8a3f5@group-7D2873B646E2, cid=1010, SUCCESS, logIndex=1358, commits[f80c66c4-8a3d-47db-b3f8-20b0bcb8a3f5:c1358, 6e9bc0f4-a324-4be3-b201-2d39df7dad8a:c1356, cffe1303-2f93-4087-8a62-a40745db49f2:c1356]
2019-07-10 09:50:40,991 INFO  client.GrpcClientProtocolClient (GrpcClientProtocolClient.java:onNext(255)) - client-7D6108789623->f80c66c4-8a3d-47db-b3f8-20b0bcb8a3f5: receive RaftClientReply:client-7D6108789623->f80c66c4-8a3d-47db-b3f8-20b0bcb8a3f5@group-7D2873B646E2, cid=1011, SUCCESS, logIndex=1359, commits[f80c66c4-8a3d-47db-b3f8-20b0bcb8a3f5:c1360, 6e9bc0f4-a324-4be3-b201-2d39df7dad8a:c1356, cffe1303-2f93-4087-8a62-a40745db49f2:c1356]
2019-07-10 09:50:40,991 INFO  client.GrpcClientProtocolClient (GrpcClientProtocolClient.java:onNext(255)) - client-7D6108789623->f80c66c4-8a3d-47db-b3f8-20b0bcb8a3f5: receive RaftClientReply:client-7D6108789623->f80c66c4-8a3d-47db-b3f8-20b0bcb8a3f5@group-7D2873B646E2, cid=1012, SUCCESS, logIndex=1360, commits[f80c66c4-8a3d-47db-b3f8-20b0bcb8a3f5:c1360, 6e9bc0f4-a324-4be3-b201-2d39df7dad8a:c1356, cffe1303-2f93-4087-8a62-a40745db49f2:c1356]
2019-07-10 09:50:40,993 INFO  client.GrpcClientProtocolClient (GrpcClientProtocolClient.java:onNext(255)) - client-7D6108789623->f80c66c4-8a3d-47db-b3f8-20b0bcb8a3f5: receive RaftClientReply:client-7D6108789623->f80c66c4-8a3d-47db-b3f8-20b0bcb8a3f5@group-7D2873B646E2, cid=1013, SUCCESS, logIndex=0, commits[f80c66c4-8a3d-47db-b3f8-20b0bcb8a3f5:c1362, 6e9bc0f4-a324-4be3-b201-2d39df7dad8a:c1358, cffe1303-2f93-4087-8a62-a40745db49f2:c1358]
2019-07-10 09:50:41,015 INFO  client.GrpcClientProtocolClient (GrpcClientProtocolClient.java:onNext(255)) - client-7D6108789623->f80c66c4-8a3d-47db-b3f8-20b0bcb8a3f5: receive RaftClientReply:client-7D6108789623->f80c66c4-8a3d-47db-b3f8-20b0bcb8a3f5@group-7D2873B646E2, cid=1014, SUCCESS, logIndex=1365, commits[f80c66c4-8a3d-47db-b3f8-20b0bcb8a3f5:c1366, 6e9bc0f4-a324-4be3-b201-2d39df7dad8a:c1360, cffe1303-2f93-4087-8a62-a40745db49f2:c1364]
2019-07-10 09:50:41,015 INFO  client.GrpcClientProtocolClient (GrpcClientProtocolClient.java:onNext(255)) - client-7D6108789623->f80c66c4-8a3d-47db-b3f8-20b0bcb8a3f5: receive RaftClientReply:client-7D6108789623->f80c66c4-8a3d-47db-b3f8-20b0bcb8a3f5@group-7D2873B646E2, cid=1015, SUCCESS, logIndex=1366, commits[f80c66c4-8a3d-47db-b3f8-20b0bcb8a3f5:c1366, 6e9bc0f4-a324-4be3-b201-2d39df7dad8a:c1364, cffe1303-2f93-4087-8a62-a40745db49f2:c1364]
 0.00% |█                                                                                                    |  0/1 Time: 0:00:052019-07-10 09:50:41,038 INFO  client.GrpcClientProtocolClient (GrpcClientProtocolClient.java:onNext(255)) - client-7D6108789623->f80c66c4-8a3d-47db-b3f8-20b0bcb8a3f5: receive RaftClientReply:client-7D6108789623->f80c66c4-8a3d-47db-b3f8-20b0bcb8a3f5@group-7D2873B646E2, cid=1016, SUCCESS, logIndex=1369, commits[f80c66c4-8a3d-47db-b3f8-20b0bcb8a3f5:c1370, 6e9bc0f4-a324-4be3-b201-2d39df7dad8a:c1366, cffe1303-2f93-4087-8a62-a40745db49f2:c1366]
2019-07-10 09:50:41,038 INFO  client.GrpcClientProtocolClient (GrpcClientProtocolClient.java:onNext(255)) - client-7D6108789623->f80c66c4-8a3d-47db-b3f8-20b0bcb8a3f5: receive RaftClientReply:client-7D6108789623->f80c66c4-8a3d-47db-b3f8-20b0bcb8a3f5@group-7D2873B646E2, cid=1017, SUCCESS, logIndex=1370, commits[f80c66c4-8a3d-47db-b3f8-20b0bcb8a3f5:c1370, 6e9bc0f4-a324-4be3-b201-2d39df7dad8a:c1366, cffe1303-2f93-4087-8a62-a40745db49f2:c1366]
2019-07-10 09:50:41,042 INFO  client.GrpcClientProtocolClient (GrpcClientProtocolClient.java:onNext(255)) - client-7D6108789623->f80c66c4-8a3d-47db-b3f8-20b0bcb8a3f5: receive RaftClientReply:client-7D6108789623->f80c66c4-8a3d-47db-b3f8-20b0bcb8a3f5@group-7D2873B646E2, cid=1018, SUCCESS, logIndex=0, commits[f80c66c4-8a3d-47db-b3f8-20b0bcb8a3f5:c1371, 6e9bc0f4-a324-4be3-b201-2d39df7dad8a:c1370, cffe1303-2f93-4087-8a62-a40745db49f2:c1370]
2019-07-10 09:50:41,065 INFO  client.GrpcClientProtocolClient (GrpcClientProtocolClient.java:onNext(255)) - client-7D6108789623->f80c66c4-8a3d-47db-b3f8-20b0bcb8a3f5: receive RaftClientReply:client-7D6108789623->f80c66c4-8a3d-47db-b3f8-20b0bcb8a3f5@group-7D2873B646E2, cid=1019, SUCCESS, logIndex=1373, commits[f80c66c4-8a3d-47db-b3f8-20b0bcb8a3f5:c1374, 6e9bc0f4-a324-4be3-b201-2d39df7dad8a:c1371, cffe1303-2f93-4087-8a62-a40745db49f2:c1371]
2019-07-10 09:50:41,065 INFO  client.GrpcClientProtocolClient (GrpcClientProtocolClient.java:onNext(255)) - client-7D6108789623->f80c66c4-8a3d-47db-b3f8-20b0bcb8a3f5: receive RaftClientReply:client-7D6108789623->f80c66c4-8a3d-47db-b3f8-20b0bcb8a3f5@group-7D2873B646E2, cid=1020, SUCCESS, logIndex=1374, commits[f80c66c4-8a3d-47db-b3f8-20b0bcb8a3f5:c1374, 6e9bc0f4-a324-4be3-b201-2d39df7dad8a:c1371, cffe1303-2f93-4087-8a62-a40745db49f2:c1371]
2019-07-10 09:50:41,076 INFO  client.GrpcClientProtocolClient (GrpcClientProtocolClient.java:onNext(255)) - client-7D6108789623->f80c66c4-8a3d-47db-b3f8-20b0bcb8a3f5: receive RaftClientReply:client-7D6108789623->f80c66c4-8a3d-47db-b3f8-20b0bcb8a3f5@group-7D2873B646E2, cid=1021, SUCCESS, logIndex=1375, commits[f80c66c4-8a3d-47db-b3f8-20b0bcb8a3f5:c1376, 6e9bc0f4-a324-4be3-b201-2d39df7dad8a:c1371, cffe1303-2f93-4087-8a62-a40745db49f2:c1371]
2019-07-10 09:50:41,076 INFO  client.GrpcClientProtocolClient (GrpcClientProtocolClient.java:onNext(255)) - client-7D6108789623->f80c66c4-8a3d-47db-b3f8-20b0bcb8a3f5: receive RaftClientReply:client-7D6108789623->f80c66c4-8a3d-47db-b3f8-20b0bcb8a3f5@group-7D2873B646E2, cid=1022, SUCCESS, logIndex=1376, commits[f80c66c4-8a3d-47db-b3f8-20b0bcb8a3f5:c1376, 6e9bc0f4-a324-4be3-b201-2d39df7dad8a:c1371, cffe1303-2f93-4087-8a62-a40745db49f2:c1371]
2019-07-10 09:50:41,087 INFO  client.GrpcClientProtocolClient (GrpcClientProtocolClient.java:onNext(255)) - client-7D6108789623->f80c66c4-8a3d-47db-b3f8-20b0bcb8a3f5: receive RaftClientReply:client-7D6108789623->f80c66c4-8a3d-47db-b3f8-20b0bcb8a3f5@group-7D2873B646E2, cid=1023, SUCCESS, logIndex=0, commits[f80c66c4-8a3d-47db-b3f8-20b0bcb8a3f5:c1378, 6e9bc0f4-a324-4be3-b201-2d39df7dad8a:c1374, cffe1303-2f93-4087-8a62-a40745db49f2:c1374]
2019-07-10 09:50:41,109 INFO  client.GrpcClientProtocolClient (GrpcClientProtocolClient.java:onNext(255)) - client-7D6108789623->f80c66c4-8a3d-47db-b3f8-20b0bcb8a3f5: receive RaftClientReply:client-7D6108789623->f80c66c4-8a3d-47db-b3f8-20b0bcb8a3f5@group-7D2873B646E2, cid=1024, SUCCESS, logIndex=1381, commits[f80c66c4-8a3d-47db-b3f8-20b0bcb8a3f5:c1382, 6e9bc0f4-a324-4be3-b201-2d39df7dad8a:c1376, cffe1303-2f93-4087-8a62-a40745db49f2:c1378]
2019-07-10 09:50:41,109 INFO  client.GrpcClientProtocolClient (GrpcClientProtocolClient.java:onNext(255)) - client-7D6108789623->f80c66c4-8a3d-47db-b3f8-20b0bcb8a3f5: receive RaftClientReply:client-7D6108789623->f80c66c4-8a3d-47db-b3f8-20b0bcb8a3f5@group-7D2873B646E2, cid=1025, SUCCESS, logIndex=1382, commits[f80c66c4-8a3d-47db-b3f8-20b0bcb8a3f5:c1382, 6e9bc0f4-a324-4be3-b201-2d39df7dad8a:c1378, cffe1303-2f93-4087-8a62-a40745db49f2:c1378]
2019-07-10 09:50:41,129 INFO  client.GrpcClientProtocolClient (GrpcClientProtocolClient.java:onNext(255)) - client-7D6108789623->f80c66c4-8a3d-47db-b3f8-20b0bcb8a3f5: receive RaftClientReply:client-7D6108789623->f80c66c4-8a3d-47db-b3f8-20b0bcb8a3f5@group-7D2873B646E2, cid=1026, SUCCESS, logIndex=1385, commits[f80c66c4-8a3d-47db-b3f8-20b0bcb8a3f5:c1386, 6e9bc0f4-a324-4be3-b201-2d39df7dad8a:c1384, cffe1303-2f93-4087-8a62-a40745db49f2:c1384]
2019-07-10 09:50:41,129 INFO  client.GrpcClientProtocolClient (GrpcClientProtocolClient.java:onNext(255)) - client-7D6108789623->f80c66c4-8a3d-47db-b3f8-20b0bcb8a3f5: receive RaftClientReply:client-7D6108789623->f80c66c4-8a3d-47db-b3f8-20b0bcb8a3f5@group-7D2873B646E2, cid=1027, SUCCESS, logIndex=1386, commits[f80c66c4-8a3d-47db-b3f8-20b0bcb8a3f5:c1386, 6e9bc0f4-a324-4be3-b201-2d39df7dad8a:c1384, cffe1303-2f93-4087-8a62-a40745db49f2:c1384]
2019-07-10 09:50:41,140 INFO  client.GrpcClientProtocolClient (GrpcClientProtocolClient.java:onNext(255)) - client-7D6108789623->f80c66c4-8a3d-47db-b3f8-20b0bcb8a3f5: receive RaftClientReply:client-7D6108789623->f80c66c4-8a3d-47db-b3f8-20b0bcb8a3f5@group-7D2873B646E2, cid=1028, SUCCESS, logIndex=0, commits[f80c66c4-8a3d-47db-b3f8-20b0bcb8a3f5:c1388, 6e9bc0f4-a324-4be3-b201-2d39df7dad8a:c1386, cffe1303-2f93-4087-8a62-a40745db49f2:c1386]
2019-07-10 09:50:41,159 INFO  client.GrpcClientProtocolClient (GrpcClientProtocolClient.java:onNext(255)) - client-7D6108789623->f80c66c4-8a3d-47db-b3f8-20b0bcb8a3f5: receive RaftClientReply:client-7D6108789623->f80c66c4-8a3d-47db-b3f8-20b0bcb8a3f5@group-7D2873B646E2, cid=1029, SUCCESS, logIndex=1389, commits[f80c66c4-8a3d-47db-b3f8-20b0bcb8a3f5:c1390, 6e9bc0f4-a324-4be3-b201-2d39df7dad8a:c1388, cffe1303-2f93-4087-8a62-a40745db49f2:c1388]
2019-07-10 09:50:41,160 INFO  client.GrpcClientProtocolClient (GrpcClientProtocolClient.java:onNext(255)) - client-7D6108789623->f80c66c4-8a3d-47db-b3f8-20b0bcb8a3f5: receive RaftClientReply:client-7D6108789623->f80c66c4-8a3d-47db-b3f8-20b0bcb8a3f5@group-7D2873B646E2, cid=1030, SUCCESS, logIndex=1390, commits[f80c66c4-8a3d-47db-b3f8-20b0bcb8a3f5:c1390, 6e9bc0f4-a324-4be3-b201-2d39df7dad8a:c1388, cffe1303-2f93-4087-8a62-a40745db49f2:c1388]
2019-07-10 09:50:41,160 INFO  client.GrpcClientProtocolClient (GrpcClientProtocolClient.java:onNext(255)) - client-7D6108789623->f80c66c4-8a3d-47db-b3f8-20b0bcb8a3f5: receive RaftClientReply:client-7D6108789623->f80c66c4-8a3d-47db-b3f8-20b0bcb8a3f5@group-7D2873B646E2, cid=1031, SUCCESS, logIndex=1391, commits[f80c66c4-8a3d-47db-b3f8-20b0bcb8a3f5:c1392, 6e9bc0f4-a324-4be3-b201-2d39df7dad8a:c1388, cffe1303-2f93-4087-8a62-a40745db49f2:c1388]
2019-07-10 09:50:41,160 INFO  client.GrpcClientProtocolClient (GrpcClientProtocolClient.java:onNext(255)) - client-7D6108789623->f80c66c4-8a3d-47db-b3f8-20b0bcb8a3f5: receive RaftClientReply:client-7D6108789623->f80c66c4-8a3d-47db-b3f8-20b0bcb8a3f5@group-7D2873B646E2, cid=1032, SUCCESS, logIndex=1392, commits[f80c66c4-8a3d-47db-b3f8-20b0bcb8a3f5:c1392, 6e9bc0f4-a324-4be3-b201-2d39df7dad8a:c1388, cffe1303-2f93-4087-8a62-a40745db49f2:c1388]
2019-07-10 09:50:41,164 INFO  client.GrpcClientProtocolClient (GrpcClientProtocolClient.java:onNext(255)) - client-7D6108789623->f80c66c4-8a3d-47db-b3f8-20b0bcb8a3f5: receive RaftClientReply:client-7D6108789623->f80c66c4-8a3d-47db-b3f8-20b0bcb8a3f5@group-7D2873B646E2, cid=1033, SUCCESS, logIndex=0, commits[f80c66c4-8a3d-47db-b3f8-20b0bcb8a3f5:c1394, 6e9bc0f4-a324-4be3-b201-2d39df7dad8a:c1390, cffe1303-2f93-4087-8a62-a40745db49f2:c1390]
2019-07-10 09:50:41,183 INFO  client.GrpcClientProtocolClient (GrpcClientProtocolClient.java:onNext(255)) - client-7D6108789623->f80c66c4-8a3d-47db-b3f8-20b0bcb8a3f5: receive RaftClientReply:client-7D6108789623->f80c66c4-8a3d-47db-b3f8-20b0bcb8a3f5@group-7D2873B646E2, cid=1034, SUCCESS, logIndex=1397, commits[f80c66c4-8a3d-47db-b3f8-20b0bcb8a3f5:c1398, 6e9bc0f4-a324-4be3-b201-2d39df7dad8a:c1396, cffe1303-2f93-4087-8a62-a40745db49f2:c1396]
2019-07-10 09:50:41,183 INFO  client.GrpcClientProtocolClient (GrpcClientProtocolClient.java:onNext(255)) - client-7D6108789623->f80c66c4-8a3d-47db-b3f8-20b0bcb8a3f5: receive RaftClientReply:client-7D6108789623->f80c66c4-8a3d-47db-b3f8-20b0bcb8a3f5@group-7D2873B646E2, cid=1035, SUCCESS, logIndex=1398, commits[f80c66c4-8a3d-47db-b3f8-20b0bcb8a3f5:c1398, 6e9bc0f4-a324-4be3-b201-2d39df7dad8a:c1396, cffe1303-2f93-4087-8a62-a40745db49f2:c1396]
2019-07-10 09:50:41,195 INFO  client.GrpcClientProtocolClient (GrpcClientProtocolClient.java:onNext(255)) - client-7D6108789623->f80c66c4-8a3d-47db-b3f8-20b0bcb8a3f5: receive RaftClientReply:client-7D6108789623->f80c66c4-8a3d-47db-b3f8-20b0bcb8a3f5@group-7D2873B646E2, cid=1036, SUCCESS, logIndex=1401, commits[f80c66c4-8a3d-47db-b3f8-20b0bcb8a3f5:c1402, 6e9bc0f4-a324-4be3-b201-2d39df7dad8a:c1397, cffe1303-2f93-4087-8a62-a40745db49f2:c1398]
2019-07-10 09:50:41,196 INFO  client.GrpcClientProtocolClient (GrpcClientProtocolClient.java:onNext(255)) - client-7D6108789623->f80c66c4-8a3d-47db-b3f8-20b0bcb8a3f5: receive RaftClientReply:client-7D6108789623->f80c66c4-8a3d-47db-b3f8-20b0bcb8a3f5@group-7D2873B646E2, cid=1037, SUCCESS, logIndex=1402, commits[f80c66c4-8a3d-47db-b3f8-20b0bcb8a3f5:c1402, 6e9bc0f4-a324-4be3-b201-2d39df7dad8a:c1398, cffe1303-2f93-4087-8a62-a40745db49f2:c1398]
2019-07-10 09:50:41,198 INFO  client.GrpcClientProtocolClient (GrpcClientProtocolClient.java:onNext(255)) - client-7D6108789623->f80c66c4-8a3d-47db-b3f8-20b0bcb8a3f5: receive RaftClientReply:client-7D6108789623->f80c66c4-8a3d-47db-b3f8-20b0bcb8a3f5@group-7D2873B646E2, cid=1038, SUCCESS, logIndex=0, commits[f80c66c4-8a3d-47db-b3f8-20b0bcb8a3f5:c1403, 6e9bc0f4-a324-4be3-b201-2d39df7dad8a:c1402, cffe1303-2f93-4087-8a62-a40745db49f2:c1402]
2019-07-10 09:50:41,231 INFO  client.GrpcClientProtocolClient (GrpcClientProtocolClient.java:onNext(255)) - client-7D6108789623->f80c66c4-8a3d-47db-b3f8-20b0bcb8a3f5: receive RaftClientReply:client-7D6108789623->f80c66c4-8a3d-47db-b3f8-20b0bcb8a3f5@group-7D2873B646E2, cid=1039, SUCCESS, logIndex=1405, commits[f80c66c4-8a3d-47db-b3f8-20b0bcb8a3f5:c1406, 6e9bc0f4-a324-4be3-b201-2d39df7dad8a:c1404, cffe1303-2f93-4087-8a62-a40745db49f2:c1404]
2019-07-10 09:50:41,231 INFO  client.GrpcClientProtocolClient (GrpcClientProtocolClient.java:onNext(255)) - client-7D6108789623->f80c66c4-8a3d-47db-b3f8-20b0bcb8a3f5: receive RaftClientReply:client-7D6108789623->f80c66c4-8a3d-47db-b3f8-20b0bcb8a3f5@group-7D2873B646E2, cid=1040, SUCCESS, logIndex=1406, commits[f80c66c4-8a3d-47db-b3f8-20b0bcb8a3f5:c1406, 6e9bc0f4-a324-4be3-b201-2d39df7dad8a:c1404, cffe1303-2f93-4087-8a62-a40745db49f2:c1404]
2019-07-10 09:50:41,234 INFO  client.GrpcClientProtocolClient (GrpcClientProtocolClient.java:onNext(255)) - client-7D6108789623->f80c66c4-8a3d-47db-b3f8-20b0bcb8a3f5: receive RaftClientReply:client-7D6108789623->f80c66c4-8a3d-47db-b3f8-20b0bcb8a3f5@group-7D2873B646E2, cid=1041, SUCCESS, logIndex=1407, commits[f80c66c4-8a3d-47db-b3f8-20b0bcb8a3f5:c1408, 6e9bc0f4-a324-4be3-b201-2d39df7dad8a:c1404, cffe1303-2f93-4087-8a62-a40745db49f2:c1404]
2019-07-10 09:50:41,235 INFO  client.GrpcClientProtocolClient (GrpcClientProtocolClient.java:onNext(255)) - client-7D6108789623->f80c66c4-8a3d-47db-b3f8-20b0bcb8a3f5: receive RaftClientReply:client-7D6108789623->f80c66c4-8a3d-47db-b3f8-20b0bcb8a3f5@group-7D2873B646E2, cid=1042, SUCCESS, logIndex=1408, commits[f80c66c4-8a3d-47db-b3f8-20b0bcb8a3f5:c1408, 6e9bc0f4-a324-4be3-b201-2d39df7dad8a:c1404, cffe1303-2f93-4087-8a62-a40745db49f2:c1404]
2019-07-10 09:50:41,237 INFO  client.GrpcClientProtocolClient (GrpcClientProtocolClient.java:onNext(255)) - client-7D6108789623->f80c66c4-8a3d-47db-b3f8-20b0bcb8a3f5: receive RaftClientReply:client-7D6108789623->f80c66c4-8a3d-47db-b3f8-20b0bcb8a3f5@group-7D2873B646E2, cid=1043, SUCCESS, logIndex=0, commits[f80c66c4-8a3d-47db-b3f8-20b0bcb8a3f5:c1410, 6e9bc0f4-a324-4be3-b201-2d39df7dad8a:c1406, cffe1303-2f93-4087-8a62-a40745db49f2:c1406]
2019-07-10 09:50:41,258 INFO  client.GrpcClientProtocolClient (GrpcClientProtocolClient.java:onNext(255)) - client-7D6108789623->f80c66c4-8a3d-47db-b3f8-20b0bcb8a3f5: receive RaftClientReply:client-7D6108789623->f80c66c4-8a3d-47db-b3f8-20b0bcb8a3f5@group-7D2873B646E2, cid=1044, SUCCESS, logIndex=1413, commits[f80c66c4-8a3d-47db-b3f8-20b0bcb8a3f5:c1414, 6e9bc0f4-a324-4be3-b201-2d39df7dad8a:c1410, cffe1303-2f93-4087-8a62-a40745db49f2:c1408]
2019-07-10 09:50:41,258 INFO  client.GrpcClientProtocolClient (GrpcClientProtocolClient.java:onNext(255)) - client-7D6108789623->f80c66c4-8a3d-47db-b3f8-20b0bcb8a3f5: receive RaftClientReply:client-7D6108789623->f80c66c4-8a3d-47db-b3f8-20b0bcb8a3f5@group-7D2873B646E2, cid=1045, SUCCESS, logIndex=1414, commits[f80c66c4-8a3d-47db-b3f8-20b0bcb8a3f5:c1414, 6e9bc0f4-a324-4be3-b201-2d39df7dad8a:c1410, cffe1303-2f93-4087-8a62-a40745db49f2:c1410]
2019-07-10 09:50:41,276 INFO  client.GrpcClientProtocolClient (GrpcClientProtocolClient.java:onNext(255)) - client-7D6108789623->f80c66c4-8a3d-47db-b3f8-20b0bcb8a3f5: receive RaftClientReply:client-7D6108789623->f80c66c4-8a3d-47db-b3f8-20b0bcb8a3f5@group-7D2873B646E2, cid=1046, SUCCESS, logIndex=1417, commits[f80c66c4-8a3d-47db-b3f8-20b0bcb8a3f5:c1418, 6e9bc0f4-a324-4be3-b201-2d39df7dad8a:c1416, cffe1303-2f93-4087-8a62-a40745db49f2:c1416]
2019-07-10 09:50:41,277 INFO  client.GrpcClientProtocolClient (GrpcClientProtocolClient.java:onNext(255)) - client-7D6108789623->f80c66c4-8a3d-47db-b3f8-20b0bcb8a3f5: receive RaftClientReply:client-7D6108789623->f80c66c4-8a3d-47db-b3f8-20b0bcb8a3f5@group-7D2873B646E2, cid=1047, SUCCESS, logIndex=1418, commits[f80c66c4-8a3d-47db-b3f8-20b0bcb8a3f5:c1418, 6e9bc0f4-a324-4be3-b201-2d39df7dad8a:c1416, cffe1303-2f93-4087-8a62-a40745db49f2:c1416]
2019-07-10 09:50:41,297 INFO  client.GrpcClientProtocolClient (GrpcClientProtocolClient.java:onNext(255)) - client-7D6108789623->f80c66c4-8a3d-47db-b3f8-20b0bcb8a3f5: receive RaftClientReply:client-7D6108789623->f80c66c4-8a3d-47db-b3f8-20b0bcb8a3f5@group-7D2873B646E2, cid=1048, SUCCESS, logIndex=0, commits[f80c66c4-8a3d-47db-b3f8-20b0bcb8a3f5:c1420, 6e9bc0f4-a324-4be3-b201-2d39df7dad8a:c1418, cffe1303-2f93-4087-8a62-a40745db49f2:c1418]
2019-07-10 09:50:41,322 INFO  client.GrpcClientProtocolClient (GrpcClientProtocolClient.java:onNext(255)) - client-7D6108789623->f80c66c4-8a3d-47db-b3f8-20b0bcb8a3f5: receive RaftClientReply:client-7D6108789623->f80c66c4-8a3d-47db-b3f8-20b0bcb8a3f5@group-7D2873B646E2, cid=1049, SUCCESS, logIndex=1421, commits[f80c66c4-8a3d-47db-b3f8-20b0bcb8a3f5:c1422, 6e9bc0f4-a324-4be3-b201-2d39df7dad8a:c1420, cffe1303-2f93-4087-8a62-a40745db49f2:c1420]
2019-07-10 09:50:41,322 INFO  client.GrpcClientProtocolClient (GrpcClientProtocolClient.java:onNext(255)) - client-7D6108789623->f80c66c4-8a3d-47db-b3f8-20b0bcb8a3f5: receive RaftClientReply:client-7D6108789623->f80c66c4-8a3d-47db-b3f8-20b0bcb8a3f5@group-7D2873B646E2, cid=1050, SUCCESS, logIndex=1422, commits[f80c66c4-8a3d-47db-b3f8-20b0bcb8a3f5:c1422, 6e9bc0f4-a324-4be3-b201-2d39df7dad8a:c1420, cffe1303-2f93-4087-8a62-a40745db49f2:c1420]
2019-07-10 09:50:41,323 INFO  client.GrpcClientProtocolClient (GrpcClientProtocolClient.java:onNext(255)) - client-7D6108789623->f80c66c4-8a3d-47db-b3f8-20b0bcb8a3f5: receive RaftClientReply:client-7D6108789623->f80c66c4-8a3d-47db-b3f8-20b0bcb8a3f5@group-7D2873B646E2, cid=1051, SUCCESS, logIndex=1423, commits[f80c66c4-8a3d-47db-b3f8-20b0bcb8a3f5:c1424, 6e9bc0f4-a324-4be3-b201-2d39df7dad8a:c1420, cffe1303-2f93-4087-8a62-a40745db49f2:c1420]
2019-07-10 09:50:41,323 INFO  client.GrpcClientProtocolClient (GrpcClientProtocolClient.java:onNext(255)) - client-7D6108789623->f80c66c4-8a3d-47db-b3f8-20b0bcb8a3f5: receive RaftClientReply:client-7D6108789623->f80c66c4-8a3d-47db-b3f8-20b0bcb8a3f5@group-7D2873B646E2, cid=1052, SUCCESS, logIndex=1424, commits[f80c66c4-8a3d-47db-b3f8-20b0bcb8a3f5:c1424, 6e9bc0f4-a324-4be3-b201-2d39df7dad8a:c1420, cffe1303-2f93-4087-8a62-a40745db49f2:c1420]
2019-07-10 09:50:41,336 INFO  client.GrpcClientProtocolClient (GrpcClientProtocolClient.java:onNext(255)) - client-7D6108789623->f80c66c4-8a3d-47db-b3f8-20b0bcb8a3f5: receive RaftClientReply:client-7D6108789623->f80c66c4-8a3d-47db-b3f8-20b0bcb8a3f5@group-7D2873B646E2, cid=1053, SUCCESS, logIndex=0, commits[f80c66c4-8a3d-47db-b3f8-20b0bcb8a3f5:c1426, 6e9bc0f4-a324-4be3-b201-2d39df7dad8a:c1422, cffe1303-2f93-4087-8a62-a40745db49f2:c1422]
2019-07-10 09:50:41,347 INFO  client.GrpcClientProtocolClient (GrpcClientProtocolClient.java:onNext(255)) - client-7D6108789623->f80c66c4-8a3d-47db-b3f8-20b0bcb8a3f5: receive RaftClientReply:client-7D6108789623->f80c66c4-8a3d-47db-b3f8-20b0bcb8a3f5@group-7D2873B646E2, cid=1054, SUCCESS, logIndex=1429, commits[f80c66c4-8a3d-47db-b3f8-20b0bcb8a3f5:c1430, 6e9bc0f4-a324-4be3-b201-2d39df7dad8a:c1424, cffe1303-2f93-4087-8a62-a40745db49f2:c1428]
2019-07-10 09:50:41,347 INFO  client.GrpcClientProtocolClient (GrpcClientProtocolClient.java:onNext(255)) - client-7D6108789623->f80c66c4-8a3d-47db-b3f8-20b0bcb8a3f5: receive RaftClientReply:client-7D6108789623->f80c66c4-8a3d-47db-b3f8-20b0bcb8a3f5@group-7D2873B646E2, cid=1055, SUCCESS, logIndex=1430, commits[f80c66c4-8a3d-47db-b3f8-20b0bcb8a3f5:c1430, 6e9bc0f4-a324-4be3-b201-2d39df7dad8a:c1428, cffe1303-2f93-4087-8a62-a40745db49f2:c1428]
2019-07-10 09:50:41,363 INFO  client.GrpcClientProtocolClient (GrpcClientProtocolClient.java:onNext(255)) - client-7D6108789623->f80c66c4-8a3d-47db-b3f8-20b0bcb8a3f5: receive RaftClientReply:client-7D6108789623->f80c66c4-8a3d-47db-b3f8-20b0bcb8a3f5@group-7D2873B646E2, cid=1056, SUCCESS, logIndex=1433, commits[f80c66c4-8a3d-47db-b3f8-20b0bcb8a3f5:c1434, 6e9bc0f4-a324-4be3-b201-2d39df7dad8a:c1431, cffe1303-2f93-4087-8a62-a40745db49f2:c1431]
2019-07-10 09:50:41,363 INFO  client.GrpcClientProtocolClient (GrpcClientProtocolClient.java:onNext(255)) - client-7D6108789623->f80c66c4-8a3d-47db-b3f8-20b0bcb8a3f5: receive RaftClientReply:client-7D6108789623->f80c66c4-8a3d-47db-b3f8-20b0bcb8a3f5@group-7D2873B646E2, cid=1057, SUCCESS, logIndex=1434, commits[f80c66c4-8a3d-47db-b3f8-20b0bcb8a3f5:c1434, 6e9bc0f4-a324-4be3-b201-2d39df7dad8a:c1431, cffe1303-2f93-4087-8a62-a40745db49f2:c1431]
2019-07-10 09:50:41,376 INFO  client.GrpcClientProtocolClient (GrpcClientProtocolClient.java:onNext(255)) - client-7D6108789623->f80c66c4-8a3d-47db-b3f8-20b0bcb8a3f5: receive RaftClientReply:client-7D6108789623->f80c66c4-8a3d-47db-b3f8-20b0bcb8a3f5@group-7D2873B646E2, cid=1058, SUCCESS, logIndex=0, commits[f80c66c4-8a3d-47db-b3f8-20b0bcb8a3f5:c1436, 6e9bc0f4-a324-4be3-b201-2d39df7dad8a:c1434, cffe1303-2f93-4087-8a62-a40745db49f2:c1434]
2019-07-10 09:50:41,492 INFO  client.GrpcClientProtocolClient (GrpcClientProtocolClient.java:onNext(255)) - client-7D6108789623->f80c66c4-8a3d-47db-b3f8-20b0bcb8a3f5: receive RaftClientReply:client-7D6108789623->f80c66c4-8a3d-47db-b3f8-20b0bcb8a3f5@group-7D2873B646E2, cid=1059, SUCCESS, logIndex=1437, commits[f80c66c4-8a3d-47db-b3f8-20b0bcb8a3f5:c1438, 6e9bc0f4-a324-4be3-b201-2d39df7dad8a:c1436, cffe1303-2f93-4087-8a62-a40745db49f2:c1436]
2019-07-10 09:50:41,493 INFO  client.GrpcClientProtocolClient (GrpcClientProtocolClient.java:onNext(255)) - client-7D6108789623->f80c66c4-8a3d-47db-b3f8-20b0bcb8a3f5: receive RaftClientReply:client-7D6108789623->f80c66c4-8a3d-47db-b3f8-20b0bcb8a3f5@group-7D2873B646E2, cid=1060, SUCCESS, logIndex=1438, commits[f80c66c4-8a3d-47db-b3f8-20b0bcb8a3f5:c1438, 6e9bc0f4-a324-4be3-b201-2d39df7dad8a:c1436, cffe1303-2f93-4087-8a62-a40745db49f2:c1436]
2019-07-10 09:50:41,503 INFO  client.GrpcClientProtocolClient (GrpcClientProtocolClient.java:onNext(255)) - client-7D6108789623->f80c66c4-8a3d-47db-b3f8-20b0bcb8a3f5: receive RaftClientReply:client-7D6108789623->f80c66c4-8a3d-47db-b3f8-20b0bcb8a3f5@group-7D2873B646E2, cid=1061, SUCCESS, logIndex=1439, commits[f80c66c4-8a3d-47db-b3f8-20b0bcb8a3f5:c1439, 6e9bc0f4-a324-4be3-b201-2d39df7dad8a:c1436, cffe1303-2f93-4087-8a62-a40745db49f2:c1436]
2019-07-10 09:50:41,503 INFO  client.GrpcClientProtocolClient (GrpcClientProtocolClient.java:onNext(255)) - client-7D6108789623->f80c66c4-8a3d-47db-b3f8-20b0bcb8a3f5: receive RaftClientReply:client-7D6108789623->f80c66c4-8a3d-47db-b3f8-20b0bcb8a3f5@group-7D2873B646E2, cid=1062, SUCCESS, logIndex=1440, commits[f80c66c4-8a3d-47db-b3f8-20b0bcb8a3f5:c1440, 6e9bc0f4-a324-4be3-b201-2d39df7dad8a:c1436, cffe1303-2f93-4087-8a62-a40745db49f2:c1436]
2019-07-10 09:50:41,514 INFO  client.GrpcClientProtocolClient (GrpcClientProtocolClient.java:onNext(255)) - client-7D6108789623->f80c66c4-8a3d-47db-b3f8-20b0bcb8a3f5: receive RaftClientReply:client-7D6108789623->f80c66c4-8a3d-47db-b3f8-20b0bcb8a3f5@group-7D2873B646E2, cid=1063, SUCCESS, logIndex=0, commits[f80c66c4-8a3d-47db-b3f8-20b0bcb8a3f5:c1442, 6e9bc0f4-a324-4be3-b201-2d39df7dad8a:c1438, cffe1303-2f93-4087-8a62-a40745db49f2:c1438]
2019-07-10 09:50:41,537 INFO  client.GrpcClientProtocolClient (GrpcClientProtocolClient.java:onNext(255)) - client-7D6108789623->f80c66c4-8a3d-47db-b3f8-20b0bcb8a3f5: receive RaftClientReply:client-7D6108789623->f80c66c4-8a3d-47db-b3f8-20b0bcb8a3f5@group-7D2873B646E2, cid=1064, SUCCESS, logIndex=1445, commits[f80c66c4-8a3d-47db-b3f8-20b0bcb8a3f5:c1446, 6e9bc0f4-a324-4be3-b201-2d39df7dad8a:c1442, cffe1303-2f93-4087-8a62-a40745db49f2:c1442]
2019-07-10 09:50:41,538 INFO  client.GrpcClientProtocolClient (GrpcClientProtocolClient.java:onNext(255)) - client-7D6108789623->f80c66c4-8a3d-47db-b3f8-20b0bcb8a3f5: receive RaftClientReply:client-7D6108789623->f80c66c4-8a3d-47db-b3f8-20b0bcb8a3f5@group-7D2873B646E2, cid=1065, SUCCESS, logIndex=1446, commits[f80c66c4-8a3d-47db-b3f8-20b0bcb8a3f5:c1446, 6e9bc0f4-a324-4be3-b201-2d39df7dad8a:c1442, cffe1303-2f93-4087-8a62-a40745db49f2:c1442]
2019-07-10 09:50:41,559 INFO  client.GrpcClientProtocolClient (GrpcClientProtocolClient.java:onNext(255)) - client-7D6108789623->f80c66c4-8a3d-47db-b3f8-20b0bcb8a3f5: receive RaftClientReply:client-7D6108789623->f80c66c4-8a3d-47db-b3f8-20b0bcb8a3f5@group-7D2873B646E2, cid=1066, SUCCESS, logIndex=1449, commits[f80c66c4-8a3d-47db-b3f8-20b0bcb8a3f5:c1450, 6e9bc0f4-a324-4be3-b201-2d39df7dad8a:c1446, cffe1303-2f93-4087-8a62-a40745db49f2:c1446]
2019-07-10 09:50:41,559 INFO  client.GrpcClientProtocolClient (GrpcClientProtocolClient.java:onNext(255)) - client-7D6108789623->f80c66c4-8a3d-47db-b3f8-20b0bcb8a3f5: receive RaftClientReply:client-7D6108789623->f80c66c4-8a3d-47db-b3f8-20b0bcb8a3f5@group-7D2873B646E2, cid=1067, SUCCESS, logIndex=1450, commits[f80c66c4-8a3d-47db-b3f8-20b0bcb8a3f5:c1450, 6e9bc0f4-a324-4be3-b201-2d39df7dad8a:c1446, cffe1303-2f93-4087-8a62-a40745db49f2:c1446]
2019-07-10 09:50:41,573 INFO  client.GrpcClientProtocolClient (GrpcClientProtocolClient.java:onNext(255)) - client-7D6108789623->f80c66c4-8a3d-47db-b3f8-20b0bcb8a3f5: receive RaftClientReply:client-7D6108789623->f80c66c4-8a3d-47db-b3f8-20b0bcb8a3f5@group-7D2873B646E2, cid=1068, SUCCESS, logIndex=0, commits[f80c66c4-8a3d-47db-b3f8-20b0bcb8a3f5:c1452, 6e9bc0f4-a324-4be3-b201-2d39df7dad8a:c1450, cffe1303-2f93-4087-8a62-a40745db49f2:c1450]
2019-07-10 09:50:41,587 INFO  client.GrpcClientProtocolClient (GrpcClientProtocolClient.java:onNext(255)) - client-7D6108789623->f80c66c4-8a3d-47db-b3f8-20b0bcb8a3f5: receive RaftClientReply:client-7D6108789623->f80c66c4-8a3d-47db-b3f8-20b0bcb8a3f5@group-7D2873B646E2, cid=1069, SUCCESS, logIndex=1453, commits[f80c66c4-8a3d-47db-b3f8-20b0bcb8a3f5:c1456, 6e9bc0f4-a324-4be3-b201-2d39df7dad8a:c1452, cffe1303-2f93-4087-8a62-a40745db49f2:c1450]
2019-07-10 09:50:41,588 INFO  client.GrpcClientProtocolClient (GrpcClientProtocolClient.java:onNext(255)) - client-7D6108789623->f80c66c4-8a3d-47db-b3f8-20b0bcb8a3f5: receive RaftClientReply:client-7D6108789623->f80c66c4-8a3d-47db-b3f8-20b0bcb8a3f5@group-7D2873B646E2, cid=1070, SUCCESS, logIndex=1454, commits[f80c66c4-8a3d-47db-b3f8-20b0bcb8a3f5:c1456, 6e9bc0f4-a324-4be3-b201-2d39df7dad8a:c1452, cffe1303-2f93-4087-8a62-a40745db49f2:c1452]
2019-07-10 09:50:41,588 INFO  client.GrpcClientProtocolClient (GrpcClientProtocolClient.java:onNext(255)) - client-7D6108789623->f80c66c4-8a3d-47db-b3f8-20b0bcb8a3f5: receive RaftClientReply:client-7D6108789623->f80c66c4-8a3d-47db-b3f8-20b0bcb8a3f5@group-7D2873B646E2, cid=1071, SUCCESS, logIndex=1455, commits[f80c66c4-8a3d-47db-b3f8-20b0bcb8a3f5:c1456, 6e9bc0f4-a324-4be3-b201-2d39df7dad8a:c1452, cffe1303-2f93-4087-8a62-a40745db49f2:c1452]
2019-07-10 09:50:41,588 INFO  client.GrpcClientProtocolClient (GrpcClientProtocolClient.java:onNext(255)) - client-7D6108789623->f80c66c4-8a3d-47db-b3f8-20b0bcb8a3f5: receive RaftClientReply:client-7D6108789623->f80c66c4-8a3d-47db-b3f8-20b0bcb8a3f5@group-7D2873B646E2, cid=1072, SUCCESS, logIndex=1456, commits[f80c66c4-8a3d-47db-b3f8-20b0bcb8a3f5:c1456, 6e9bc0f4-a324-4be3-b201-2d39df7dad8a:c1452, cffe1303-2f93-4087-8a62-a40745db49f2:c1452]
2019-07-10 09:50:41,607 INFO  client.GrpcClientProtocolClient (GrpcClientProtocolClient.java:onNext(255)) - client-7D6108789623->f80c66c4-8a3d-47db-b3f8-20b0bcb8a3f5: receive RaftClientReply:client-7D6108789623->f80c66c4-8a3d-47db-b3f8-20b0bcb8a3f5@group-7D2873B646E2, cid=1073, SUCCESS, logIndex=0, commits[f80c66c4-8a3d-47db-b3f8-20b0bcb8a3f5:c1460, 6e9bc0f4-a324-4be3-b201-2d39df7dad8a:c1454, cffe1303-2f93-4087-8a62-a40745db49f2:c1456]
2019-07-10 09:50:41,628 INFO  client.GrpcClientProtocolClient (GrpcClientProtocolClient.java:onNext(255)) - client-7D6108789623->f80c66c4-8a3d-47db-b3f8-20b0bcb8a3f5: receive RaftClientReply:client-7D6108789623->f80c66c4-8a3d-47db-b3f8-20b0bcb8a3f5@group-7D2873B646E2, cid=1074, SUCCESS, logIndex=1461, commits[f80c66c4-8a3d-47db-b3f8-20b0bcb8a3f5:c1462, 6e9bc0f4-a324-4be3-b201-2d39df7dad8a:c1460, cffe1303-2f93-4087-8a62-a40745db49f2:c1460]
2019-07-10 09:50:41,629 INFO  client.GrpcClientProtocolClient (GrpcClientProtocolClient.java:onNext(255)) - client-7D6108789623->f80c66c4-8a3d-47db-b3f8-20b0bcb8a3f5: receive RaftClientReply:client-7D6108789623->f80c66c4-8a3d-47db-b3f8-20b0bcb8a3f5@group-7D2873B646E2, cid=1075, SUCCESS, logIndex=1462, commits[f80c66c4-8a3d-47db-b3f8-20b0bcb8a3f5:c1462, 6e9bc0f4-a324-4be3-b201-2d39df7dad8a:c1460, cffe1303-2f93-4087-8a62-a40745db49f2:c1460]
2019-07-10 09:50:41,658 INFO  client.GrpcClientProtocolClient (GrpcClientProtocolClient.java:onNext(255)) - client-7D6108789623->f80c66c4-8a3d-47db-b3f8-20b0bcb8a3f5: receive RaftClientReply:client-7D6108789623->f80c66c4-8a3d-47db-b3f8-20b0bcb8a3f5@group-7D2873B646E2, cid=1076, SUCCESS, logIndex=1465, commits[f80c66c4-8a3d-47db-b3f8-20b0bcb8a3f5:c1465, 6e9bc0f4-a324-4be3-b201-2d39df7dad8a:c1462, cffe1303-2f93-4087-8a62-a40745db49f2:c1462]
2019-07-10 09:50:41,659 INFO  client.GrpcClientProtocolClient (GrpcClientProtocolClient.java:onNext(255)) - client-7D6108789623->f80c66c4-8a3d-47db-b3f8-20b0bcb8a3f5: receive RaftClientReply:client-7D6108789623->f80c66c4-8a3d-47db-b3f8-20b0bcb8a3f5@group-7D2873B646E2, cid=1077, SUCCESS, logIndex=1466, commits[f80c66c4-8a3d-47db-b3f8-20b0bcb8a3f5:c1466, 6e9bc0f4-a324-4be3-b201-2d39df7dad8a:c1462, cffe1303-2f93-4087-8a62-a40745db49f2:c1462]
2019-07-10 09:50:41,687 INFO  client.GrpcClientProtocolClient (GrpcClientProtocolClient.java:onNext(255)) - client-7D6108789623->f80c66c4-8a3d-47db-b3f8-20b0bcb8a3f5: receive RaftClientReply:client-7D6108789623->f80c66c4-8a3d-47db-b3f8-20b0bcb8a3f5@group-7D2873B646E2, cid=1078, SUCCESS, logIndex=0, commits[f80c66c4-8a3d-47db-b3f8-20b0bcb8a3f5:c1468, 6e9bc0f4-a324-4be3-b201-2d39df7dad8a:c1466, cffe1303-2f93-4087-8a62-a40745db49f2:c1466]
2019-07-10 09:50:41,706 INFO  client.GrpcClientProtocolClient (GrpcClientProtocolClient.java:onNext(255)) - client-7D6108789623->f80c66c4-8a3d-47db-b3f8-20b0bcb8a3f5: receive RaftClientReply:client-7D6108789623->f80c66c4-8a3d-47db-b3f8-20b0bcb8a3f5@group-7D2873B646E2, cid=1079, SUCCESS, logIndex=1469, commits[f80c66c4-8a3d-47db-b3f8-20b0bcb8a3f5:c1472, 6e9bc0f4-a324-4be3-b201-2d39df7dad8a:c1468, cffe1303-2f93-4087-8a62-a40745db49f2:c1468]
2019-07-10 09:50:41,706 INFO  client.GrpcClientProtocolClient (GrpcClientProtocolClient.java:onNext(255)) - client-7D6108789623->f80c66c4-8a3d-47db-b3f8-20b0bcb8a3f5: receive RaftClientReply:client-7D6108789623->f80c66c4-8a3d-47db-b3f8-20b0bcb8a3f5@group-7D2873B646E2, cid=1080, SUCCESS, logIndex=1470, commits[f80c66c4-8a3d-47db-b3f8-20b0bcb8a3f5:c1472, 6e9bc0f4-a324-4be3-b201-2d39df7dad8a:c1468, cffe1303-2f93-4087-8a62-a40745db49f2:c1468]
2019-07-10 09:50:41,707 INFO  client.GrpcClientProtocolClient (GrpcClientProtocolClient.java:onNext(255)) - client-7D6108789623->f80c66c4-8a3d-47db-b3f8-20b0bcb8a3f5: receive RaftClientReply:client-7D6108789623->f80c66c4-8a3d-47db-b3f8-20b0bcb8a3f5@group-7D2873B646E2, cid=1081, SUCCESS, logIndex=1471, commits[f80c66c4-8a3d-47db-b3f8-20b0bcb8a3f5:c1472, 6e9bc0f4-a324-4be3-b201-2d39df7dad8a:c1468, cffe1303-2f93-4087-8a62-a40745db49f2:c1468]
2019-07-10 09:50:41,707 INFO  client.GrpcClientProtocolClient (GrpcClientProtocolClient.java:onNext(255)) - client-7D6108789623->f80c66c4-8a3d-47db-b3f8-20b0bcb8a3f5: receive RaftClientReply:client-7D6108789623->f80c66c4-8a3d-47db-b3f8-20b0bcb8a3f5@group-7D2873B646E2, cid=1082, SUCCESS, logIndex=1472, commits[f80c66c4-8a3d-47db-b3f8-20b0bcb8a3f5:c1473, 6e9bc0f4-a324-4be3-b201-2d39df7dad8a:c1469, cffe1303-2f93-4087-8a62-a40745db49f2:c1468]
2019-07-10 09:50:41,710 INFO  client.GrpcClientProtocolClient (GrpcClientProtocolClient.java:onNext(255)) - client-7D6108789623->f80c66c4-8a3d-47db-b3f8-20b0bcb8a3f5: receive RaftClientReply:client-7D6108789623->f80c66c4-8a3d-47db-b3f8-20b0bcb8a3f5@group-7D2873B646E2, cid=1083, SUCCESS, logIndex=0, commits[f80c66c4-8a3d-47db-b3f8-20b0bcb8a3f5:c1475, 6e9bc0f4-a324-4be3-b201-2d39df7dad8a:c1472, cffe1303-2f93-4087-8a62-a40745db49f2:c1470]
2019-07-10 09:50:41,730 INFO  client.GrpcClientProtocolClient (GrpcClientProtocolClient.java:onNext(255)) - client-7D6108789623->f80c66c4-8a3d-47db-b3f8-20b0bcb8a3f5: receive RaftClientReply:client-7D6108789623->f80c66c4-8a3d-47db-b3f8-20b0bcb8a3f5@group-7D2873B646E2, cid=1084, SUCCESS, logIndex=1476, commits[f80c66c4-8a3d-47db-b3f8-20b0bcb8a3f5:c1477, 6e9bc0f4-a324-4be3-b201-2d39df7dad8a:c1475, cffe1303-2f93-4087-8a62-a40745db49f2:c1475]
2019-07-10 09:50:41,731 INFO  client.GrpcClientProtocolClient (GrpcClientProtocolClient.java:onNext(255)) - client-7D6108789623->f80c66c4-8a3d-47db-b3f8-20b0bcb8a3f5: receive RaftClientReply:client-7D6108789623->f80c66c4-8a3d-47db-b3f8-20b0bcb8a3f5@group-7D2873B646E2, cid=1085, SUCCESS, logIndex=1477, commits[f80c66c4-8a3d-47db-b3f8-20b0bcb8a3f5:c1477, 6e9bc0f4-a324-4be3-b201-2d39df7dad8a:c1475, cffe1303-2f93-4087-8a62-a40745db49f2:c1475]
2019-07-10 09:50:41,754 INFO  client.GrpcClientProtocolClient (GrpcClientProtocolClient.java:onNext(255)) - client-7D6108789623->f80c66c4-8a3d-47db-b3f8-20b0bcb8a3f5: receive RaftClientReply:client-7D6108789623->f80c66c4-8a3d-47db-b3f8-20b0bcb8a3f5@group-7D2873B646E2, cid=1086, SUCCESS, logIndex=1480, commits[f80c66c4-8a3d-47db-b3f8-20b0bcb8a3f5:c1481, 6e9bc0f4-a324-4be3-b201-2d39df7dad8a:c1477, cffe1303-2f93-4087-8a62-a40745db49f2:c1477]
2019-07-10 09:50:41,754 INFO  client.GrpcClientProtocolClient (GrpcClientProtocolClient.java:onNext(255)) - client-7D6108789623->f80c66c4-8a3d-47db-b3f8-20b0bcb8a3f5: receive RaftClientReply:client-7D6108789623->f80c66c4-8a3d-47db-b3f8-20b0bcb8a3f5@group-7D2873B646E2, cid=1087, SUCCESS, logIndex=1481, commits[f80c66c4-8a3d-47db-b3f8-20b0bcb8a3f5:c1481, 6e9bc0f4-a324-4be3-b201-2d39df7dad8a:c1477, cffe1303-2f93-4087-8a62-a40745db49f2:c1477]
2019-07-10 09:50:41,782 INFO  client.GrpcClientProtocolClient (GrpcClientProtocolClient.java:onNext(255)) - client-7D6108789623->f80c66c4-8a3d-47db-b3f8-20b0bcb8a3f5: receive RaftClientReply:client-7D6108789623->f80c66c4-8a3d-47db-b3f8-20b0bcb8a3f5@group-7D2873B646E2, cid=1088, SUCCESS, logIndex=0, commits[f80c66c4-8a3d-47db-b3f8-20b0bcb8a3f5:c1483, 6e9bc0f4-a324-4be3-b201-2d39df7dad8a:c1481, cffe1303-2f93-4087-8a62-a40745db49f2:c1481]
2019-07-10 09:50:41,807 INFO  client.GrpcClientProtocolClient (GrpcClientProtocolClient.java:onNext(255)) - client-7D6108789623->f80c66c4-8a3d-47db-b3f8-20b0bcb8a3f5: receive RaftClientReply:client-7D6108789623->f80c66c4-8a3d-47db-b3f8-20b0bcb8a3f5@group-7D2873B646E2, cid=1089, SUCCESS, logIndex=1484, commits[f80c66c4-8a3d-47db-b3f8-20b0bcb8a3f5:c1485, 6e9bc0f4-a324-4be3-b201-2d39df7dad8a:c1483, cffe1303-2f93-4087-8a62-a40745db49f2:c1483]
2019-07-10 09:50:41,808 INFO  client.GrpcClientProtocolClient (GrpcClientProtocolClient.java:onNext(255)) - client-7D6108789623->f80c66c4-8a3d-47db-b3f8-20b0bcb8a3f5: receive RaftClientReply:client-7D6108789623->f80c66c4-8a3d-47db-b3f8-20b0bcb8a3f5@group-7D2873B646E2, cid=1090, SUCCESS, logIndex=1485, commits[f80c66c4-8a3d-47db-b3f8-20b0bcb8a3f5:c1487, 6e9bc0f4-a324-4be3-b201-2d39df7dad8a:c1483, cffe1303-2f93-4087-8a62-a40745db49f2:c1483]
2019-07-10 09:50:41,808 INFO  client.GrpcClientProtocolClient (GrpcClientProtocolClient.java:onNext(255)) - client-7D6108789623->f80c66c4-8a3d-47db-b3f8-20b0bcb8a3f5: receive RaftClientReply:client-7D6108789623->f80c66c4-8a3d-47db-b3f8-20b0bcb8a3f5@group-7D2873B646E2, cid=1091, SUCCESS, logIndex=1486, commits[f80c66c4-8a3d-47db-b3f8-20b0bcb8a3f5:c1487, 6e9bc0f4-a324-4be3-b201-2d39df7dad8a:c1483, cffe1303-2f93-4087-8a62-a40745db49f2:c1483]
2019-07-10 09:50:41,808 INFO  client.GrpcClientProtocolClient (GrpcClientProtocolClient.java:onNext(255)) - client-7D6108789623->f80c66c4-8a3d-47db-b3f8-20b0bcb8a3f5: receive RaftClientReply:client-7D6108789623->f80c66c4-8a3d-47db-b3f8-20b0bcb8a3f5@group-7D2873B646E2, cid=1092, SUCCESS, logIndex=1487, commits[f80c66c4-8a3d-47db-b3f8-20b0bcb8a3f5:c1487, 6e9bc0f4-a324-4be3-b201-2d39df7dad8a:c1483, cffe1303-2f93-4087-8a62-a40745db49f2:c1483]
2019-07-10 09:50:41,820 INFO  client.GrpcClientProtocolClient (GrpcClientProtocolClient.java:onNext(255)) - client-7D6108789623->f80c66c4-8a3d-47db-b3f8-20b0bcb8a3f5: receive RaftClientReply:client-7D6108789623->f80c66c4-8a3d-47db-b3f8-20b0bcb8a3f5@group-7D2873B646E2, cid=1093, SUCCESS, logIndex=0, commits[f80c66c4-8a3d-47db-b3f8-20b0bcb8a3f5:c1489, 6e9bc0f4-a324-4be3-b201-2d39df7dad8a:c1485, cffe1303-2f93-4087-8a62-a40745db49f2:c1485]
2019-07-10 09:50:41,854 INFO  client.GrpcClientProtocolClient (GrpcClientProtocolClient.java:onNext(255)) - client-7D6108789623->f80c66c4-8a3d-47db-b3f8-20b0bcb8a3f5: receive RaftClientReply:client-7D6108789623->f80c66c4-8a3d-47db-b3f8-20b0bcb8a3f5@group-7D2873B646E2, cid=1094, SUCCESS, logIndex=1491, commits[f80c66c4-8a3d-47db-b3f8-20b0bcb8a3f5:c1492, 6e9bc0f4-a324-4be3-b201-2d39df7dad8a:c1490, cffe1303-2f93-4087-8a62-a40745db49f2:c1490]
2019-07-10 09:50:41,855 INFO  client.GrpcClientProtocolClient (GrpcClientProtocolClient.java:onNext(255)) - client-7D6108789623->f80c66c4-8a3d-47db-b3f8-20b0bcb8a3f5: receive RaftClientReply:client-7D6108789623->f80c66c4-8a3d-47db-b3f8-20b0bcb8a3f5@group-7D2873B646E2, cid=1095, SUCCESS, logIndex=1492, commits[f80c66c4-8a3d-47db-b3f8-20b0bcb8a3f5:c1492, 6e9bc0f4-a324-4be3-b201-2d39df7dad8a:c1490, cffe1303-2f93-4087-8a62-a40745db49f2:c1490]
2019-07-10 09:50:41,870 INFO  client.GrpcClientProtocolClient (GrpcClientProtocolClient.java:onNext(255)) - client-7D6108789623->f80c66c4-8a3d-47db-b3f8-20b0bcb8a3f5: receive RaftClientReply:client-7D6108789623->f80c66c4-8a3d-47db-b3f8-20b0bcb8a3f5@group-7D2873B646E2, cid=1096, SUCCESS, logIndex=1495, commits[f80c66c4-8a3d-47db-b3f8-20b0bcb8a3f5:c1496, 6e9bc0f4-a324-4be3-b201-2d39df7dad8a:c1492, cffe1303-2f93-4087-8a62-a40745db49f2:c1492]
2019-07-10 09:50:41,870 INFO  client.GrpcClientProtocolClient (GrpcClientProtocolClient.java:onNext(255)) - client-7D6108789623->f80c66c4-8a3d-47db-b3f8-20b0bcb8a3f5: receive RaftClientReply:client-7D6108789623->f80c66c4-8a3d-47db-b3f8-20b0bcb8a3f5@group-7D2873B646E2, cid=1097, SUCCESS, logIndex=1496, commits[f80c66c4-8a3d-47db-b3f8-20b0bcb8a3f5:c1496, 6e9bc0f4-a324-4be3-b201-2d39df7dad8a:c1492, cffe1303-2f93-4087-8a62-a40745db49f2:c1492]
2019-07-10 09:50:41,871 INFO  client.GrpcClientProtocolClient (GrpcClientProtocolClient.java:onNext(255)) - client-7D6108789623->f80c66c4-8a3d-47db-b3f8-20b0bcb8a3f5: receive RaftClientReply:client-7D6108789623->f80c66c4-8a3d-47db-b3f8-20b0bcb8a3f5@group-7D2873B646E2, cid=1098, SUCCESS, logIndex=0, commits[f80c66c4-8a3d-47db-b3f8-20b0bcb8a3f5:c1497, 6e9bc0f4-a324-4be3-b201-2d39df7dad8a:c1496, cffe1303-2f93-4087-8a62-a40745db49f2:c1496]
2019-07-10 09:50:41,892 INFO  client.GrpcClientProtocolClient (GrpcClientProtocolClient.java:onNext(255)) - client-7D6108789623->f80c66c4-8a3d-47db-b3f8-20b0bcb8a3f5: receive RaftClientReply:client-7D6108789623->f80c66c4-8a3d-47db-b3f8-20b0bcb8a3f5@group-7D2873B646E2, cid=1099, SUCCESS, logIndex=1499, commits[f80c66c4-8a3d-47db-b3f8-20b0bcb8a3f5:c1500, 6e9bc0f4-a324-4be3-b201-2d39df7dad8a:c1498, cffe1303-2f93-4087-8a62-a40745db49f2:c1496]
2019-07-10 09:50:41,893 INFO  client.GrpcClientProtocolClient (GrpcClientProtocolClient.java:onNext(255)) - client-7D6108789623->f80c66c4-8a3d-47db-b3f8-20b0bcb8a3f5: receive RaftClientReply:client-7D6108789623->f80c66c4-8a3d-47db-b3f8-20b0bcb8a3f5@group-7D2873B646E2, cid=1100, SUCCESS, logIndex=1500, commits[f80c66c4-8a3d-47db-b3f8-20b0bcb8a3f5:c1500, 6e9bc0f4-a324-4be3-b201-2d39df7dad8a:c1498, cffe1303-2f93-4087-8a62-a40745db49f2:c1496]
2019-07-10 09:50:41,894 INFO  client.GrpcClientProtocolClient (GrpcClientProtocolClient.java:onNext(255)) - client-7D6108789623->f80c66c4-8a3d-47db-b3f8-20b0bcb8a3f5: receive RaftClientReply:client-7D6108789623->f80c66c4-8a3d-47db-b3f8-20b0bcb8a3f5@group-7D2873B646E2, cid=1101, SUCCESS, logIndex=1501, commits[f80c66c4-8a3d-47db-b3f8-20b0bcb8a3f5:c1502, 6e9bc0f4-a324-4be3-b201-2d39df7dad8a:c1498, cffe1303-2f93-4087-8a62-a40745db49f2:c1498]
2019-07-10 09:50:41,895 INFO  client.GrpcClientProtocolClient (GrpcClientProtocolClient.java:onNext(255)) - client-7D6108789623->f80c66c4-8a3d-47db-b3f8-20b0bcb8a3f5: receive RaftClientReply:client-7D6108789623->f80c66c4-8a3d-47db-b3f8-20b0bcb8a3f5@group-7D2873B646E2, cid=1102, SUCCESS, logIndex=1502, commits[f80c66c4-8a3d-47db-b3f8-20b0bcb8a3f5:c1502, 6e9bc0f4-a324-4be3-b201-2d39df7dad8a:c1498, cffe1303-2f93-4087-8a62-a40745db49f2:c1498]
2019-07-10 09:50:41,914 INFO  client.GrpcClientProtocolClient (GrpcClientProtocolClient.java:onNext(255)) - client-7D6108789623->f80c66c4-8a3d-47db-b3f8-20b0bcb8a3f5: receive RaftClientReply:client-7D6108789623->f80c66c4-8a3d-47db-b3f8-20b0bcb8a3f5@group-7D2873B646E2, cid=1103, SUCCESS, logIndex=0, commits[f80c66c4-8a3d-47db-b3f8-20b0bcb8a3f5:c1504, 6e9bc0f4-a324-4be3-b201-2d39df7dad8a:c1500, cffe1303-2f93-4087-8a62-a40745db49f2:c1500]
2019-07-10 09:50:41,935 INFO  client.GrpcClientProtocolClient (GrpcClientProtocolClient.java:onNext(255)) - client-7D6108789623->f80c66c4-8a3d-47db-b3f8-20b0bcb8a3f5: receive RaftClientReply:client-7D6108789623->f80c66c4-8a3d-47db-b3f8-20b0bcb8a3f5@group-7D2873B646E2, cid=1104, SUCCESS, logIndex=1507, commits[f80c66c4-8a3d-47db-b3f8-20b0bcb8a3f5:c1508, 6e9bc0f4-a324-4be3-b201-2d39df7dad8a:c1506, cffe1303-2f93-4087-8a62-a40745db49f2:c1506]
2019-07-10 09:50:41,935 INFO  client.GrpcClientProtocolClient (GrpcClientProtocolClient.java:onNext(255)) - client-7D6108789623->f80c66c4-8a3d-47db-b3f8-20b0bcb8a3f5: receive RaftClientReply:client-7D6108789623->f80c66c4-8a3d-47db-b3f8-20b0bcb8a3f5@group-7D2873B646E2, cid=1105, SUCCESS, logIndex=1508, commits[f80c66c4-8a3d-47db-b3f8-20b0bcb8a3f5:c1508, 6e9bc0f4-a324-4be3-b201-2d39df7dad8a:c1506, cffe1303-2f93-4087-8a62-a40745db49f2:c1506]
2019-07-10 09:50:41,957 INFO  client.GrpcClientProtocolClient (GrpcClientProtocolClient.java:onNext(255)) - client-7D6108789623->f80c66c4-8a3d-47db-b3f8-20b0bcb8a3f5: receive RaftClientReply:client-7D6108789623->f80c66c4-8a3d-47db-b3f8-20b0bcb8a3f5@group-7D2873B646E2, cid=1106, SUCCESS, logIndex=1511, commits[f80c66c4-8a3d-47db-b3f8-20b0bcb8a3f5:c1512, 6e9bc0f4-a324-4be3-b201-2d39df7dad8a:c1508, cffe1303-2f93-4087-8a62-a40745db49f2:c1508]
2019-07-10 09:50:41,957 INFO  client.GrpcClientProtocolClient (GrpcClientProtocolClient.java:onNext(255)) - client-7D6108789623->f80c66c4-8a3d-47db-b3f8-20b0bcb8a3f5: receive RaftClientReply:client-7D6108789623->f80c66c4-8a3d-47db-b3f8-20b0bcb8a3f5@group-7D2873B646E2, cid=1107, SUCCESS, logIndex=1512, commits[f80c66c4-8a3d-47db-b3f8-20b0bcb8a3f5:c1512, 6e9bc0f4-a324-4be3-b201-2d39df7dad8a:c1508, cffe1303-2f93-4087-8a62-a40745db49f2:c1508]
2019-07-10 09:50:41,959 INFO  client.GrpcClientProtocolClient (GrpcClientProtocolClient.java:onNext(255)) - client-7D6108789623->f80c66c4-8a3d-47db-b3f8-20b0bcb8a3f5: receive RaftClientReply:client-7D6108789623->f80c66c4-8a3d-47db-b3f8-20b0bcb8a3f5@group-7D2873B646E2, cid=1108, SUCCESS, logIndex=0, commits[f80c66c4-8a3d-47db-b3f8-20b0bcb8a3f5:c1514, 6e9bc0f4-a324-4be3-b201-2d39df7dad8a:c1512, cffe1303-2f93-4087-8a62-a40745db49f2:c1512]
2019-07-10 09:50:41,981 INFO  client.GrpcClientProtocolClient (GrpcClientProtocolClient.java:onNext(255)) - client-7D6108789623->f80c66c4-8a3d-47db-b3f8-20b0bcb8a3f5: receive RaftClientReply:client-7D6108789623->f80c66c4-8a3d-47db-b3f8-20b0bcb8a3f5@group-7D2873B646E2, cid=1109, SUCCESS, logIndex=1515, commits[f80c66c4-8a3d-47db-b3f8-20b0bcb8a3f5:c1516, 6e9bc0f4-a324-4be3-b201-2d39df7dad8a:c1514, cffe1303-2f93-4087-8a62-a40745db49f2:c1514]
2019-07-10 09:50:41,981 INFO  client.GrpcClientProtocolClient (GrpcClientProtocolClient.java:onNext(255)) - client-7D6108789623->f80c66c4-8a3d-47db-b3f8-20b0bcb8a3f5: receive RaftClientReply:client-7D6108789623->f80c66c4-8a3d-47db-b3f8-20b0bcb8a3f5@group-7D2873B646E2, cid=1110, SUCCESS, logIndex=1516, commits[f80c66c4-8a3d-47db-b3f8-20b0bcb8a3f5:c1516, 6e9bc0f4-a324-4be3-b201-2d39df7dad8a:c1514, cffe1303-2f93-4087-8a62-a40745db49f2:c1514]
2019-07-10 09:50:41,989 INFO  client.GrpcClientProtocolClient (GrpcClientProtocolClient.java:onNext(255)) - client-7D6108789623->f80c66c4-8a3d-47db-b3f8-20b0bcb8a3f5: receive RaftClientReply:client-7D6108789623->f80c66c4-8a3d-47db-b3f8-20b0bcb8a3f5@group-7D2873B646E2, cid=1111, SUCCESS, logIndex=1517, commits[f80c66c4-8a3d-47db-b3f8-20b0bcb8a3f5:c1518, 6e9bc0f4-a324-4be3-b201-2d39df7dad8a:c1514, cffe1303-2f93-4087-8a62-a40745db49f2:c1514]
2019-07-10 09:50:41,989 INFO  client.GrpcClientProtocolClient (GrpcClientProtocolClient.java:onNext(255)) - client-7D6108789623->f80c66c4-8a3d-47db-b3f8-20b0bcb8a3f5: receive RaftClientReply:client-7D6108789623->f80c66c4-8a3d-47db-b3f8-20b0bcb8a3f5@group-7D2873B646E2, cid=1112, SUCCESS, logIndex=1518, commits[f80c66c4-8a3d-47db-b3f8-20b0bcb8a3f5:c1518, 6e9bc0f4-a324-4be3-b201-2d39df7dad8a:c1514, cffe1303-2f93-4087-8a62-a40745db49f2:c1514]
2019-07-10 09:50:42,003 INFO  client.GrpcClientProtocolClient (GrpcClientProtocolClient.java:onNext(255)) - client-7D6108789623->f80c66c4-8a3d-47db-b3f8-20b0bcb8a3f5: receive RaftClientReply:client-7D6108789623->f80c66c4-8a3d-47db-b3f8-20b0bcb8a3f5@group-7D2873B646E2, cid=1113, SUCCESS, logIndex=0, commits[f80c66c4-8a3d-47db-b3f8-20b0bcb8a3f5:c1520, 6e9bc0f4-a324-4be3-b201-2d39df7dad8a:c1516, cffe1303-2f93-4087-8a62-a40745db49f2:c1516]
2019-07-10 09:50:42,023 INFO  client.GrpcClientProtocolClient (GrpcClientProtocolClient.java:onNext(255)) - client-7D6108789623->f80c66c4-8a3d-47db-b3f8-20b0bcb8a3f5: receive RaftClientReply:client-7D6108789623->f80c66c4-8a3d-47db-b3f8-20b0bcb8a3f5@group-7D2873B646E2, cid=1114, SUCCESS, logIndex=1522, commits[f80c66c4-8a3d-47db-b3f8-20b0bcb8a3f5:c1523, 6e9bc0f4-a324-4be3-b201-2d39df7dad8a:c1518, cffe1303-2f93-4087-8a62-a40745db49f2:c1520]
2019-07-10 09:50:42,023 INFO  client.GrpcClientProtocolClient (GrpcClientProtocolClient.java:onNext(255)) - client-7D6108789623->f80c66c4-8a3d-47db-b3f8-20b0bcb8a3f5: receive RaftClientReply:client-7D6108789623->f80c66c4-8a3d-47db-b3f8-20b0bcb8a3f5@group-7D2873B646E2, cid=1115, SUCCESS, logIndex=1523, commits[f80c66c4-8a3d-47db-b3f8-20b0bcb8a3f5:c1523, 6e9bc0f4-a324-4be3-b201-2d39df7dad8a:c1520, cffe1303-2f93-4087-8a62-a40745db49f2:c1520]
 0.00% |█                                                                                                    |  0/1 Time: 0:00:062019-07-10 09:50:42,047 INFO  client.GrpcClientProtocolClient (GrpcClientProtocolClient.java:onNext(255)) - client-7D6108789623->f80c66c4-8a3d-47db-b3f8-20b0bcb8a3f5: receive RaftClientReply:client-7D6108789623->f80c66c4-8a3d-47db-b3f8-20b0bcb8a3f5@group-7D2873B646E2, cid=1116, SUCCESS, logIndex=1526, commits[f80c66c4-8a3d-47db-b3f8-20b0bcb8a3f5:c1526, 6e9bc0f4-a324-4be3-b201-2d39df7dad8a:c1523, cffe1303-2f93-4087-8a62-a40745db49f2:c1523]
2019-07-10 09:50:42,047 INFO  client.GrpcClientProtocolClient (GrpcClientProtocolClient.java:onNext(255)) - client-7D6108789623->f80c66c4-8a3d-47db-b3f8-20b0bcb8a3f5: receive RaftClientReply:client-7D6108789623->f80c66c4-8a3d-47db-b3f8-20b0bcb8a3f5@group-7D2873B646E2, cid=1117, SUCCESS, logIndex=1527, commits[f80c66c4-8a3d-47db-b3f8-20b0bcb8a3f5:c1527, 6e9bc0f4-a324-4be3-b201-2d39df7dad8a:c1523, cffe1303-2f93-4087-8a62-a40745db49f2:c1523]
2019-07-10 09:50:42,059 INFO  client.GrpcClientProtocolClient (GrpcClientProtocolClient.java:onNext(255)) - client-7D6108789623->f80c66c4-8a3d-47db-b3f8-20b0bcb8a3f5: receive RaftClientReply:client-7D6108789623->f80c66c4-8a3d-47db-b3f8-20b0bcb8a3f5@group-7D2873B646E2, cid=1118, SUCCESS, logIndex=0, commits[f80c66c4-8a3d-47db-b3f8-20b0bcb8a3f5:c1529, 6e9bc0f4-a324-4be3-b201-2d39df7dad8a:c1527, cffe1303-2f93-4087-8a62-a40745db49f2:c1527]
2019-07-10 09:50:42,077 INFO  client.GrpcClientProtocolClient (GrpcClientProtocolClient.java:onNext(255)) - client-7D6108789623->f80c66c4-8a3d-47db-b3f8-20b0bcb8a3f5: receive RaftClientReply:client-7D6108789623->f80c66c4-8a3d-47db-b3f8-20b0bcb8a3f5@group-7D2873B646E2, cid=1119, SUCCESS, logIndex=1530, commits[f80c66c4-8a3d-47db-b3f8-20b0bcb8a3f5:c1532, 6e9bc0f4-a324-4be3-b201-2d39df7dad8a:c1529, cffe1303-2f93-4087-8a62-a40745db49f2:c1529]
2019-07-10 09:50:42,077 INFO  client.GrpcClientProtocolClient (GrpcClientProtocolClient.java:onNext(255)) - client-7D6108789623->f80c66c4-8a3d-47db-b3f8-20b0bcb8a3f5: receive RaftClientReply:client-7D6108789623->f80c66c4-8a3d-47db-b3f8-20b0bcb8a3f5@group-7D2873B646E2, cid=1120, SUCCESS, logIndex=1531, commits[f80c66c4-8a3d-47db-b3f8-20b0bcb8a3f5:c1533, 6e9bc0f4-a324-4be3-b201-2d39df7dad8a:c1529, cffe1303-2f93-4087-8a62-a40745db49f2:c1529]
2019-07-10 09:50:42,078 INFO  client.GrpcClientProtocolClient (GrpcClientProtocolClient.java:onNext(255)) - client-7D6108789623->f80c66c4-8a3d-47db-b3f8-20b0bcb8a3f5: receive RaftClientReply:client-7D6108789623->f80c66c4-8a3d-47db-b3f8-20b0bcb8a3f5@group-7D2873B646E2, cid=1121, SUCCESS, logIndex=1532, commits[f80c66c4-8a3d-47db-b3f8-20b0bcb8a3f5:c1533, 6e9bc0f4-a324-4be3-b201-2d39df7dad8a:c1529, cffe1303-2f93-4087-8a62-a40745db49f2:c1529]
2019-07-10 09:50:42,078 INFO  client.GrpcClientProtocolClient (GrpcClientProtocolClient.java:onNext(255)) - client-7D6108789623->f80c66c4-8a3d-47db-b3f8-20b0bcb8a3f5: receive RaftClientReply:client-7D6108789623->f80c66c4-8a3d-47db-b3f8-20b0bcb8a3f5@group-7D2873B646E2, cid=1122, SUCCESS, logIndex=1533, commits[f80c66c4-8a3d-47db-b3f8-20b0bcb8a3f5:c1533, 6e9bc0f4-a324-4be3-b201-2d39df7dad8a:c1529, cffe1303-2f93-4087-8a62-a40745db49f2:c1529]
2019-07-10 09:50:42,082 INFO  client.GrpcClientProtocolClient (GrpcClientProtocolClient.java:onNext(255)) - client-7D6108789623->f80c66c4-8a3d-47db-b3f8-20b0bcb8a3f5: receive RaftClientReply:client-7D6108789623->f80c66c4-8a3d-47db-b3f8-20b0bcb8a3f5@group-7D2873B646E2, cid=1123, SUCCESS, logIndex=0, commits[f80c66c4-8a3d-47db-b3f8-20b0bcb8a3f5:c1537, 6e9bc0f4-a324-4be3-b201-2d39df7dad8a:c1531, cffe1303-2f93-4087-8a62-a40745db49f2:c1533]
2019-07-10 09:50:42,094 INFO  client.GrpcClientProtocolClient (GrpcClientProtocolClient.java:onNext(255)) - client-7D6108789623->f80c66c4-8a3d-47db-b3f8-20b0bcb8a3f5: receive RaftClientReply:client-7D6108789623->f80c66c4-8a3d-47db-b3f8-20b0bcb8a3f5@group-7D2873B646E2, cid=1124, SUCCESS, logIndex=1538, commits[f80c66c4-8a3d-47db-b3f8-20b0bcb8a3f5:c1539, 6e9bc0f4-a324-4be3-b201-2d39df7dad8a:c1537, cffe1303-2f93-4087-8a62-a40745db49f2:c1537]
2019-07-10 09:50:42,094 INFO  client.GrpcClientProtocolClient (GrpcClientProtocolClient.java:onNext(255)) - client-7D6108789623->f80c66c4-8a3d-47db-b3f8-20b0bcb8a3f5: receive RaftClientReply:client-7D6108789623->f80c66c4-8a3d-47db-b3f8-20b0bcb8a3f5@group-7D2873B646E2, cid=1125, SUCCESS, logIndex=1539, commits[f80c66c4-8a3d-47db-b3f8-20b0bcb8a3f5:c1539, 6e9bc0f4-a324-4be3-b201-2d39df7dad8a:c1537, cffe1303-2f93-4087-8a62-a40745db49f2:c1537]
2019-07-10 09:50:42,124 INFO  client.GrpcClientProtocolClient (GrpcClientProtocolClient.java:onNext(255)) - client-7D6108789623->f80c66c4-8a3d-47db-b3f8-20b0bcb8a3f5: receive RaftClientReply:client-7D6108789623->f80c66c4-8a3d-47db-b3f8-20b0bcb8a3f5@group-7D2873B646E2, cid=1126, SUCCESS, logIndex=1542, commits[f80c66c4-8a3d-47db-b3f8-20b0bcb8a3f5:c1543, 6e9bc0f4-a324-4be3-b201-2d39df7dad8a:c1539, cffe1303-2f93-4087-8a62-a40745db49f2:c1539]
2019-07-10 09:50:42,125 INFO  client.GrpcClientProtocolClient (GrpcClientProtocolClient.java:onNext(255)) - client-7D6108789623->f80c66c4-8a3d-47db-b3f8-20b0bcb8a3f5: receive RaftClientReply:client-7D6108789623->f80c66c4-8a3d-47db-b3f8-20b0bcb8a3f5@group-7D2873B646E2, cid=1127, SUCCESS, logIndex=1543, commits[f80c66c4-8a3d-47db-b3f8-20b0bcb8a3f5:c1543, 6e9bc0f4-a324-4be3-b201-2d39df7dad8a:c1539, cffe1303-2f93-4087-8a62-a40745db49f2:c1539]
2019-07-10 09:50:42,149 INFO  client.GrpcClientProtocolClient (GrpcClientProtocolClient.java:onNext(255)) - client-7D6108789623->f80c66c4-8a3d-47db-b3f8-20b0bcb8a3f5: receive RaftClientReply:client-7D6108789623->f80c66c4-8a3d-47db-b3f8-20b0bcb8a3f5@group-7D2873B646E2, cid=1128, SUCCESS, logIndex=0, commits[f80c66c4-8a3d-47db-b3f8-20b0bcb8a3f5:c1545, 6e9bc0f4-a324-4be3-b201-2d39df7dad8a:c1543, cffe1303-2f93-4087-8a62-a40745db49f2:c1543]
2019-07-10 09:50:42,268 INFO  client.GrpcClientProtocolClient (GrpcClientProtocolClient.java:onNext(255)) - client-7D6108789623->f80c66c4-8a3d-47db-b3f8-20b0bcb8a3f5: receive RaftClientReply:client-7D6108789623->f80c66c4-8a3d-47db-b3f8-20b0bcb8a3f5@group-7D2873B646E2, cid=1129, SUCCESS, logIndex=1546, commits[f80c66c4-8a3d-47db-b3f8-20b0bcb8a3f5:c1547, 6e9bc0f4-a324-4be3-b201-2d39df7dad8a:c1543, cffe1303-2f93-4087-8a62-a40745db49f2:c1545]
2019-07-10 09:50:42,268 INFO  client.GrpcClientProtocolClient (GrpcClientProtocolClient.java:onNext(255)) - client-7D6108789623->f80c66c4-8a3d-47db-b3f8-20b0bcb8a3f5: receive RaftClientReply:client-7D6108789623->f80c66c4-8a3d-47db-b3f8-20b0bcb8a3f5@group-7D2873B646E2, cid=1130, SUCCESS, logIndex=1547, commits[f80c66c4-8a3d-47db-b3f8-20b0bcb8a3f5:c1547, 6e9bc0f4-a324-4be3-b201-2d39df7dad8a:c1543, cffe1303-2f93-4087-8a62-a40745db49f2:c1545]
2019-07-10 09:50:42,278 INFO  client.GrpcClientProtocolClient (GrpcClientProtocolClient.java:onNext(255)) - client-7D6108789623->f80c66c4-8a3d-47db-b3f8-20b0bcb8a3f5: receive RaftClientReply:client-7D6108789623->f80c66c4-8a3d-47db-b3f8-20b0bcb8a3f5@group-7D2873B646E2, cid=1131, SUCCESS, logIndex=1548, commits[f80c66c4-8a3d-47db-b3f8-20b0bcb8a3f5:c1549, 6e9bc0f4-a324-4be3-b201-2d39df7dad8a:c1545, cffe1303-2f93-4087-8a62-a40745db49f2:c1545]
2019-07-10 09:50:42,279 INFO  client.GrpcClientProtocolClient (GrpcClientProtocolClient.java:onNext(255)) - client-7D6108789623->f80c66c4-8a3d-47db-b3f8-20b0bcb8a3f5: receive RaftClientReply:client-7D6108789623->f80c66c4-8a3d-47db-b3f8-20b0bcb8a3f5@group-7D2873B646E2, cid=1132, SUCCESS, logIndex=1549, commits[f80c66c4-8a3d-47db-b3f8-20b0bcb8a3f5:c1551, 6e9bc0f4-a324-4be3-b201-2d39df7dad8a:c1547, cffe1303-2f93-4087-8a62-a40745db49f2:c1547]
2019-07-10 09:50:42,292 INFO  client.GrpcClientProtocolClient (GrpcClientProtocolClient.java:onNext(255)) - client-7D6108789623->f80c66c4-8a3d-47db-b3f8-20b0bcb8a3f5: receive RaftClientReply:client-7D6108789623->f80c66c4-8a3d-47db-b3f8-20b0bcb8a3f5@group-7D2873B646E2, cid=1133, SUCCESS, logIndex=1554, commits[f80c66c4-8a3d-47db-b3f8-20b0bcb8a3f5:c1555, 6e9bc0f4-a324-4be3-b201-2d39df7dad8a:c1549, cffe1303-2f93-4087-8a62-a40745db49f2:c1551]
2019-07-10 09:50:42,292 INFO  client.GrpcClientProtocolClient (GrpcClientProtocolClient.java:onNext(255)) - client-7D6108789623->f80c66c4-8a3d-47db-b3f8-20b0bcb8a3f5: receive RaftClientReply:client-7D6108789623->f80c66c4-8a3d-47db-b3f8-20b0bcb8a3f5@group-7D2873B646E2, cid=1134, SUCCESS, logIndex=1555, commits[f80c66c4-8a3d-47db-b3f8-20b0bcb8a3f5:c1555, 6e9bc0f4-a324-4be3-b201-2d39df7dad8a:c1549, cffe1303-2f93-4087-8a62-a40745db49f2:c1551]
2019-07-10 09:50:42,316 INFO  client.GrpcClientProtocolClient (GrpcClientProtocolClient.java:onNext(255)) - client-7D6108789623->f80c66c4-8a3d-47db-b3f8-20b0bcb8a3f5: receive RaftClientReply:client-7D6108789623->f80c66c4-8a3d-47db-b3f8-20b0bcb8a3f5@group-7D2873B646E2, cid=1135, SUCCESS, logIndex=1558, commits[f80c66c4-8a3d-47db-b3f8-20b0bcb8a3f5:c1559, 6e9bc0f4-a324-4be3-b201-2d39df7dad8a:c1555, cffe1303-2f93-4087-8a62-a40745db49f2:c1555]
2019-07-10 09:50:42,316 INFO  client.GrpcClientProtocolClient (GrpcClientProtocolClient.java:onNext(255)) - client-7D6108789623->f80c66c4-8a3d-47db-b3f8-20b0bcb8a3f5: receive RaftClientReply:client-7D6108789623->f80c66c4-8a3d-47db-b3f8-20b0bcb8a3f5@group-7D2873B646E2, cid=1136, SUCCESS, logIndex=1559, commits[f80c66c4-8a3d-47db-b3f8-20b0bcb8a3f5:c1559, 6e9bc0f4-a324-4be3-b201-2d39df7dad8a:c1555, cffe1303-2f93-4087-8a62-a40745db49f2:c1555]
2019-07-10 09:50:42,326 INFO  client.GrpcClientProtocolClient (GrpcClientProtocolClient.java:onNext(255)) - client-7D6108789623->f80c66c4-8a3d-47db-b3f8-20b0bcb8a3f5: receive RaftClientReply:client-7D6108789623->f80c66c4-8a3d-47db-b3f8-20b0bcb8a3f5@group-7D2873B646E2, cid=1137, SUCCESS, logIndex=0, commits[f80c66c4-8a3d-47db-b3f8-20b0bcb8a3f5:c1560, 6e9bc0f4-a324-4be3-b201-2d39df7dad8a:c1559, cffe1303-2f93-4087-8a62-a40745db49f2:c1559]
2019-07-10 09:50:42,350 INFO  client.GrpcClientProtocolClient (GrpcClientProtocolClient.java:onNext(255)) - client-7D6108789623->f80c66c4-8a3d-47db-b3f8-20b0bcb8a3f5: receive RaftClientReply:client-7D6108789623->f80c66c4-8a3d-47db-b3f8-20b0bcb8a3f5@group-7D2873B646E2, cid=1138, SUCCESS, logIndex=1562, commits[f80c66c4-8a3d-47db-b3f8-20b0bcb8a3f5:c1563, 6e9bc0f4-a324-4be3-b201-2d39df7dad8a:c1559, cffe1303-2f93-4087-8a62-a40745db49f2:c1561]
2019-07-10 09:50:42,350 INFO  client.GrpcClientProtocolClient (GrpcClientProtocolClient.java:onNext(255)) - client-7D6108789623->f80c66c4-8a3d-47db-b3f8-20b0bcb8a3f5: receive RaftClientReply:client-7D6108789623->f80c66c4-8a3d-47db-b3f8-20b0bcb8a3f5@group-7D2873B646E2, cid=1139, SUCCESS, logIndex=1563, commits[f80c66c4-8a3d-47db-b3f8-20b0bcb8a3f5:c1564, 6e9bc0f4-a324-4be3-b201-2d39df7dad8a:c1561, cffe1303-2f93-4087-8a62-a40745db49f2:c1561]
2019-07-10 09:50:42,351 INFO  client.GrpcClientProtocolClient (GrpcClientProtocolClient.java:onNext(255)) - client-7D6108789623->f80c66c4-8a3d-47db-b3f8-20b0bcb8a3f5: receive RaftClientReply:client-7D6108789623->f80c66c4-8a3d-47db-b3f8-20b0bcb8a3f5@group-7D2873B646E2, cid=1140, SUCCESS, logIndex=1564, commits[f80c66c4-8a3d-47db-b3f8-20b0bcb8a3f5:c1565, 6e9bc0f4-a324-4be3-b201-2d39df7dad8a:c1561, cffe1303-2f93-4087-8a62-a40745db49f2:c1561]
2019-07-10 09:50:42,351 INFO  client.GrpcClientProtocolClient (GrpcClientProtocolClient.java:onNext(255)) - client-7D6108789623->f80c66c4-8a3d-47db-b3f8-20b0bcb8a3f5: receive RaftClientReply:client-7D6108789623->f80c66c4-8a3d-47db-b3f8-20b0bcb8a3f5@group-7D2873B646E2, cid=1141, SUCCESS, logIndex=1565, commits[f80c66c4-8a3d-47db-b3f8-20b0bcb8a3f5:c1565, 6e9bc0f4-a324-4be3-b201-2d39df7dad8a:c1561, cffe1303-2f93-4087-8a62-a40745db49f2:c1561]
2019-07-10 09:50:42,370 INFO  client.GrpcClientProtocolClient (GrpcClientProtocolClient.java:onNext(255)) - client-7D6108789623->f80c66c4-8a3d-47db-b3f8-20b0bcb8a3f5: receive RaftClientReply:client-7D6108789623->f80c66c4-8a3d-47db-b3f8-20b0bcb8a3f5@group-7D2873B646E2, cid=1142, SUCCESS, logIndex=0, commits[f80c66c4-8a3d-47db-b3f8-20b0bcb8a3f5:c1566, 6e9bc0f4-a324-4be3-b201-2d39df7dad8a:c1563, cffe1303-2f93-4087-8a62-a40745db49f2:c1563]
2019-07-10 09:50:42,414 INFO  client.GrpcClientProtocolClient (GrpcClientProtocolClient.java:onNext(255)) - client-7D6108789623->f80c66c4-8a3d-47db-b3f8-20b0bcb8a3f5: receive RaftClientReply:client-7D6108789623->f80c66c4-8a3d-47db-b3f8-20b0bcb8a3f5@group-7D2873B646E2, cid=1143, SUCCESS, logIndex=1569, commits[f80c66c4-8a3d-47db-b3f8-20b0bcb8a3f5:c1570, 6e9bc0f4-a324-4be3-b201-2d39df7dad8a:c1568, cffe1303-2f93-4087-8a62-a40745db49f2:c1568]
2019-07-10 09:50:42,415 INFO  client.GrpcClientProtocolClient (GrpcClientProtocolClient.java:onNext(255)) - client-7D6108789623->f80c66c4-8a3d-47db-b3f8-20b0bcb8a3f5: receive RaftClientReply:client-7D6108789623->f80c66c4-8a3d-47db-b3f8-20b0bcb8a3f5@group-7D2873B646E2, cid=1144, SUCCESS, logIndex=1570, commits[f80c66c4-8a3d-47db-b3f8-20b0bcb8a3f5:c1570, 6e9bc0f4-a324-4be3-b201-2d39df7dad8a:c1568, cffe1303-2f93-4087-8a62-a40745db49f2:c1568]
2019-07-10 09:50:42,447 INFO  client.GrpcClientProtocolClient (GrpcClientProtocolClient.java:onNext(255)) - client-7D6108789623->f80c66c4-8a3d-47db-b3f8-20b0bcb8a3f5: receive RaftClientReply:client-7D6108789623->f80c66c4-8a3d-47db-b3f8-20b0bcb8a3f5@group-7D2873B646E2, cid=1145, SUCCESS, logIndex=1573, commits[f80c66c4-8a3d-47db-b3f8-20b0bcb8a3f5:c1574, 6e9bc0f4-a324-4be3-b201-2d39df7dad8a:c1570, cffe1303-2f93-4087-8a62-a40745db49f2:c1570]
2019-07-10 09:50:42,448 INFO  client.GrpcClientProtocolClient (GrpcClientProtocolClient.java:onNext(255)) - client-7D6108789623->f80c66c4-8a3d-47db-b3f8-20b0bcb8a3f5: receive RaftClientReply:client-7D6108789623->f80c66c4-8a3d-47db-b3f8-20b0bcb8a3f5@group-7D2873B646E2, cid=1146, SUCCESS, logIndex=1574, commits[f80c66c4-8a3d-47db-b3f8-20b0bcb8a3f5:c1574, 6e9bc0f4-a324-4be3-b201-2d39df7dad8a:c1570, cffe1303-2f93-4087-8a62-a40745db49f2:c1570]
2019-07-10 09:50:42,459 INFO  client.GrpcClientProtocolClient (GrpcClientProtocolClient.java:onNext(255)) - client-7D6108789623->f80c66c4-8a3d-47db-b3f8-20b0bcb8a3f5: receive RaftClientReply:client-7D6108789623->f80c66c4-8a3d-47db-b3f8-20b0bcb8a3f5@group-7D2873B646E2, cid=1147, SUCCESS, logIndex=0, commits[f80c66c4-8a3d-47db-b3f8-20b0bcb8a3f5:c1575, 6e9bc0f4-a324-4be3-b201-2d39df7dad8a:c1574, cffe1303-2f93-4087-8a62-a40745db49f2:c1574]
2019-07-10 09:50:42,481 INFO  client.GrpcClientProtocolClient (GrpcClientProtocolClient.java:onNext(255)) - client-7D6108789623->f80c66c4-8a3d-47db-b3f8-20b0bcb8a3f5: receive RaftClientReply:client-7D6108789623->f80c66c4-8a3d-47db-b3f8-20b0bcb8a3f5@group-7D2873B646E2, cid=1148, SUCCESS, logIndex=1577, commits[f80c66c4-8a3d-47db-b3f8-20b0bcb8a3f5:c1578, 6e9bc0f4-a324-4be3-b201-2d39df7dad8a:c1575, cffe1303-2f93-4087-8a62-a40745db49f2:c1575]
2019-07-10 09:50:42,482 INFO  client.GrpcClientProtocolClient (GrpcClientProtocolClient.java:onNext(255)) - client-7D6108789623->f80c66c4-8a3d-47db-b3f8-20b0bcb8a3f5: receive RaftClientReply:client-7D6108789623->f80c66c4-8a3d-47db-b3f8-20b0bcb8a3f5@group-7D2873B646E2, cid=1149, SUCCESS, logIndex=1578, commits[f80c66c4-8a3d-47db-b3f8-20b0bcb8a3f5:c1578, 6e9bc0f4-a324-4be3-b201-2d39df7dad8a:c1575, cffe1303-2f93-4087-8a62-a40745db49f2:c1575]
2019-07-10 09:50:42,490 INFO  client.GrpcClientProtocolClient (GrpcClientProtocolClient.java:onNext(255)) - client-7D6108789623->f80c66c4-8a3d-47db-b3f8-20b0bcb8a3f5: receive RaftClientReply:client-7D6108789623->f80c66c4-8a3d-47db-b3f8-20b0bcb8a3f5@group-7D2873B646E2, cid=1150, SUCCESS, logIndex=1579, commits[f80c66c4-8a3d-47db-b3f8-20b0bcb8a3f5:c1580, 6e9bc0f4-a324-4be3-b201-2d39df7dad8a:c1575, cffe1303-2f93-4087-8a62-a40745db49f2:c1575]
2019-07-10 09:50:42,490 INFO  client.GrpcClientProtocolClient (GrpcClientProtocolClient.java:onNext(255)) - client-7D6108789623->f80c66c4-8a3d-47db-b3f8-20b0bcb8a3f5: receive RaftClientReply:client-7D6108789623->f80c66c4-8a3d-47db-b3f8-20b0bcb8a3f5@group-7D2873B646E2, cid=1151, SUCCESS, logIndex=1580, commits[f80c66c4-8a3d-47db-b3f8-20b0bcb8a3f5:c1580, 6e9bc0f4-a324-4be3-b201-2d39df7dad8a:c1575, cffe1303-2f93-4087-8a62-a40745db49f2:c1575]
2019-07-10 09:50:42,505 INFO  client.GrpcClientProtocolClient (GrpcClientProtocolClient.java:onNext(255)) - client-7D6108789623->f80c66c4-8a3d-47db-b3f8-20b0bcb8a3f5: receive RaftClientReply:client-7D6108789623->f80c66c4-8a3d-47db-b3f8-20b0bcb8a3f5@group-7D2873B646E2, cid=1152, SUCCESS, logIndex=0, commits[f80c66c4-8a3d-47db-b3f8-20b0bcb8a3f5:c1582, 6e9bc0f4-a324-4be3-b201-2d39df7dad8a:c1578, cffe1303-2f93-4087-8a62-a40745db49f2:c1578]
2019-07-10 09:50:42,525 INFO  client.GrpcClientProtocolClient (GrpcClientProtocolClient.java:onNext(255)) - client-7D6108789623->f80c66c4-8a3d-47db-b3f8-20b0bcb8a3f5: receive RaftClientReply:client-7D6108789623->f80c66c4-8a3d-47db-b3f8-20b0bcb8a3f5@group-7D2873B646E2, cid=1153, SUCCESS, logIndex=1585, commits[f80c66c4-8a3d-47db-b3f8-20b0bcb8a3f5:c1586, 6e9bc0f4-a324-4be3-b201-2d39df7dad8a:c1584, cffe1303-2f93-4087-8a62-a40745db49f2:c1584]
2019-07-10 09:50:42,525 INFO  client.GrpcClientProtocolClient (GrpcClientProtocolClient.java:onNext(255)) - client-7D6108789623->f80c66c4-8a3d-47db-b3f8-20b0bcb8a3f5: receive RaftClientReply:client-7D6108789623->f80c66c4-8a3d-47db-b3f8-20b0bcb8a3f5@group-7D2873B646E2, cid=1154, SUCCESS, logIndex=1586, commits[f80c66c4-8a3d-47db-b3f8-20b0bcb8a3f5:c1586, 6e9bc0f4-a324-4be3-b201-2d39df7dad8a:c1584, cffe1303-2f93-4087-8a62-a40745db49f2:c1584]
2019-07-10 09:50:42,550 INFO  client.GrpcClientProtocolClient (GrpcClientProtocolClient.java:onNext(255)) - client-7D6108789623->f80c66c4-8a3d-47db-b3f8-20b0bcb8a3f5: receive RaftClientReply:client-7D6108789623->f80c66c4-8a3d-47db-b3f8-20b0bcb8a3f5@group-7D2873B646E2, cid=1155, SUCCESS, logIndex=1589, commits[f80c66c4-8a3d-47db-b3f8-20b0bcb8a3f5:c1590, 6e9bc0f4-a324-4be3-b201-2d39df7dad8a:c1587, cffe1303-2f93-4087-8a62-a40745db49f2:c1587]
2019-07-10 09:50:42,551 INFO  client.GrpcClientProtocolClient (GrpcClientProtocolClient.java:onNext(255)) - client-7D6108789623->f80c66c4-8a3d-47db-b3f8-20b0bcb8a3f5: receive RaftClientReply:client-7D6108789623->f80c66c4-8a3d-47db-b3f8-20b0bcb8a3f5@group-7D2873B646E2, cid=1156, SUCCESS, logIndex=1590, commits[f80c66c4-8a3d-47db-b3f8-20b0bcb8a3f5:c1590, 6e9bc0f4-a324-4be3-b201-2d39df7dad8a:c1587, cffe1303-2f93-4087-8a62-a40745db49f2:c1587]
2019-07-10 09:50:42,573 INFO  client.GrpcClientProtocolClient (GrpcClientProtocolClient.java:onNext(255)) - client-7D6108789623->f80c66c4-8a3d-47db-b3f8-20b0bcb8a3f5: receive RaftClientReply:client-7D6108789623->f80c66c4-8a3d-47db-b3f8-20b0bcb8a3f5@group-7D2873B646E2, cid=1157, SUCCESS, logIndex=0, commits[f80c66c4-8a3d-47db-b3f8-20b0bcb8a3f5:c1592, 6e9bc0f4-a324-4be3-b201-2d39df7dad8a:c1590, cffe1303-2f93-4087-8a62-a40745db49f2:c1590]
2019-07-10 09:50:42,592 INFO  client.GrpcClientProtocolClient (GrpcClientProtocolClient.java:onNext(255)) - client-7D6108789623->f80c66c4-8a3d-47db-b3f8-20b0bcb8a3f5: receive RaftClientReply:client-7D6108789623->f80c66c4-8a3d-47db-b3f8-20b0bcb8a3f5@group-7D2873B646E2, cid=1158, SUCCESS, logIndex=1593, commits[f80c66c4-8a3d-47db-b3f8-20b0bcb8a3f5:c1594, 6e9bc0f4-a324-4be3-b201-2d39df7dad8a:c1592, cffe1303-2f93-4087-8a62-a40745db49f2:c1592]
2019-07-10 09:50:42,593 INFO  client.GrpcClientProtocolClient (GrpcClientProtocolClient.java:onNext(255)) - client-7D6108789623->f80c66c4-8a3d-47db-b3f8-20b0bcb8a3f5: receive RaftClientReply:client-7D6108789623->f80c66c4-8a3d-47db-b3f8-20b0bcb8a3f5@group-7D2873B646E2, cid=1159, SUCCESS, logIndex=1594, commits[f80c66c4-8a3d-47db-b3f8-20b0bcb8a3f5:c1594, 6e9bc0f4-a324-4be3-b201-2d39df7dad8a:c1592, cffe1303-2f93-4087-8a62-a40745db49f2:c1592]
2019-07-10 09:50:42,594 INFO  client.GrpcClientProtocolClient (GrpcClientProtocolClient.java:onNext(255)) - client-7D6108789623->f80c66c4-8a3d-47db-b3f8-20b0bcb8a3f5: receive RaftClientReply:client-7D6108789623->f80c66c4-8a3d-47db-b3f8-20b0bcb8a3f5@group-7D2873B646E2, cid=1160, SUCCESS, logIndex=1595, commits[f80c66c4-8a3d-47db-b3f8-20b0bcb8a3f5:c1596, 6e9bc0f4-a324-4be3-b201-2d39df7dad8a:c1592, cffe1303-2f93-4087-8a62-a40745db49f2:c1592]
2019-07-10 09:50:42,594 INFO  client.GrpcClientProtocolClient (GrpcClientProtocolClient.java:onNext(255)) - client-7D6108789623->f80c66c4-8a3d-47db-b3f8-20b0bcb8a3f5: receive RaftClientReply:client-7D6108789623->f80c66c4-8a3d-47db-b3f8-20b0bcb8a3f5@group-7D2873B646E2, cid=1161, SUCCESS, logIndex=1596, commits[f80c66c4-8a3d-47db-b3f8-20b0bcb8a3f5:c1596, 6e9bc0f4-a324-4be3-b201-2d39df7dad8a:c1592, cffe1303-2f93-4087-8a62-a40745db49f2:c1592]
2019-07-10 09:50:42,606 INFO  client.GrpcClientProtocolClient (GrpcClientProtocolClient.java:onNext(255)) - client-7D6108789623->f80c66c4-8a3d-47db-b3f8-20b0bcb8a3f5: receive RaftClientReply:client-7D6108789623->f80c66c4-8a3d-47db-b3f8-20b0bcb8a3f5@group-7D2873B646E2, cid=1162, SUCCESS, logIndex=0, commits[f80c66c4-8a3d-47db-b3f8-20b0bcb8a3f5:c1598, 6e9bc0f4-a324-4be3-b201-2d39df7dad8a:c1594, cffe1303-2f93-4087-8a62-a40745db49f2:c1594]
 0.00% |█                                                                                                    |  0/1 Time: 0:00:072019-07-10 09:50:43,090 INFO  client.GrpcClientProtocolClient (GrpcClientProtocolClient.java:onNext(255)) - client-7D6108789623->f80c66c4-8a3d-47db-b3f8-20b0bcb8a3f5: receive RaftClientReply:client-7D6108789623->f80c66c4-8a3d-47db-b3f8-20b0bcb8a3f5@group-7D2873B646E2, cid=1163, SUCCESS, logIndex=1601, commits[f80c66c4-8a3d-47db-b3f8-20b0bcb8a3f5:c1602, 6e9bc0f4-a324-4be3-b201-2d39df7dad8a:c1600, cffe1303-2f93-4087-8a62-a40745db49f2:c1600]
2019-07-10 09:50:43,091 INFO  client.GrpcClientProtocolClient (GrpcClientProtocolClient.java:onNext(255)) - client-7D6108789623->f80c66c4-8a3d-47db-b3f8-20b0bcb8a3f5: receive RaftClientReply:client-7D6108789623->f80c66c4-8a3d-47db-b3f8-20b0bcb8a3f5@group-7D2873B646E2, cid=1164, SUCCESS, logIndex=1602, commits[f80c66c4-8a3d-47db-b3f8-20b0bcb8a3f5:c1602, 6e9bc0f4-a324-4be3-b201-2d39df7dad8a:c1600, cffe1303-2f93-4087-8a62-a40745db49f2:c1600]
2019-07-10 09:50:43,117 INFO  client.GrpcClientProtocolClient (GrpcClientProtocolClient.java:onNext(255)) - client-7D6108789623->f80c66c4-8a3d-47db-b3f8-20b0bcb8a3f5: receive RaftClientReply:client-7D6108789623->f80c66c4-8a3d-47db-b3f8-20b0bcb8a3f5@group-7D2873B646E2, cid=1165, SUCCESS, logIndex=1605, commits[f80c66c4-8a3d-47db-b3f8-20b0bcb8a3f5:c1606, 6e9bc0f4-a324-4be3-b201-2d39df7dad8a:c1603, cffe1303-2f93-4087-8a62-a40745db49f2:c1603]
2019-07-10 09:50:43,118 INFO  client.GrpcClientProtocolClient (GrpcClientProtocolClient.java:onNext(255)) - client-7D6108789623->f80c66c4-8a3d-47db-b3f8-20b0bcb8a3f5: receive RaftClientReply:client-7D6108789623->f80c66c4-8a3d-47db-b3f8-20b0bcb8a3f5@group-7D2873B646E2, cid=1166, SUCCESS, logIndex=1606, commits[f80c66c4-8a3d-47db-b3f8-20b0bcb8a3f5:c1606, 6e9bc0f4-a324-4be3-b201-2d39df7dad8a:c1603, cffe1303-2f93-4087-8a62-a40745db49f2:c1603]
2019-07-10 09:50:43,128 INFO  client.GrpcClientProtocolClient (GrpcClientProtocolClient.java:onNext(255)) - client-7D6108789623->f80c66c4-8a3d-47db-b3f8-20b0bcb8a3f5: receive RaftClientReply:client-7D6108789623->f80c66c4-8a3d-47db-b3f8-20b0bcb8a3f5@group-7D2873B646E2, cid=1167, SUCCESS, logIndex=0, commits[f80c66c4-8a3d-47db-b3f8-20b0bcb8a3f5:c1607, 6e9bc0f4-a324-4be3-b201-2d39df7dad8a:c1606, cffe1303-2f93-4087-8a62-a40745db49f2:c1606]
2019-07-10 09:50:43,158 INFO  client.GrpcClientProtocolClient (GrpcClientProtocolClient.java:onNext(255)) - client-7D6108789623->f80c66c4-8a3d-47db-b3f8-20b0bcb8a3f5: receive RaftClientReply:client-7D6108789623->f80c66c4-8a3d-47db-b3f8-20b0bcb8a3f5@group-7D2873B646E2, cid=1168, SUCCESS, logIndex=1609, commits[f80c66c4-8a3d-47db-b3f8-20b0bcb8a3f5:c1610, 6e9bc0f4-a324-4be3-b201-2d39df7dad8a:c1606, cffe1303-2f93-4087-8a62-a40745db49f2:c1608]
2019-07-10 09:50:43,158 INFO  client.GrpcClientProtocolClient (GrpcClientProtocolClient.java:onNext(255)) - client-7D6108789623->f80c66c4-8a3d-47db-b3f8-20b0bcb8a3f5: receive RaftClientReply:client-7D6108789623->f80c66c4-8a3d-47db-b3f8-20b0bcb8a3f5@group-7D2873B646E2, cid=1169, SUCCESS, logIndex=1610, commits[f80c66c4-8a3d-47db-b3f8-20b0bcb8a3f5:c1612, 6e9bc0f4-a324-4be3-b201-2d39df7dad8a:c1608, cffe1303-2f93-4087-8a62-a40745db49f2:c1608]
2019-07-10 09:50:43,159 INFO  client.GrpcClientProtocolClient (GrpcClientProtocolClient.java:onNext(255)) - client-7D6108789623->f80c66c4-8a3d-47db-b3f8-20b0bcb8a3f5: receive RaftClientReply:client-7D6108789623->f80c66c4-8a3d-47db-b3f8-20b0bcb8a3f5@group-7D2873B646E2, cid=1170, SUCCESS, logIndex=1611, commits[f80c66c4-8a3d-47db-b3f8-20b0bcb8a3f5:c1612, 6e9bc0f4-a324-4be3-b201-2d39df7dad8a:c1608, cffe1303-2f93-4087-8a62-a40745db49f2:c1608]
2019-07-10 09:50:43,159 INFO  client.GrpcClientProtocolClient (GrpcClientProtocolClient.java:onNext(255)) - client-7D6108789623->f80c66c4-8a3d-47db-b3f8-20b0bcb8a3f5: receive RaftClientReply:client-7D6108789623->f80c66c4-8a3d-47db-b3f8-20b0bcb8a3f5@group-7D2873B646E2, cid=1171, SUCCESS, logIndex=1612, commits[f80c66c4-8a3d-47db-b3f8-20b0bcb8a3f5:c1612, 6e9bc0f4-a324-4be3-b201-2d39df7dad8a:c1608, cffe1303-2f93-4087-8a62-a40745db49f2:c1608]
2019-07-10 09:50:43,170 INFO  client.GrpcClientProtocolClient (GrpcClientProtocolClient.java:onNext(255)) - client-7D6108789623->f80c66c4-8a3d-47db-b3f8-20b0bcb8a3f5: receive RaftClientReply:client-7D6108789623->f80c66c4-8a3d-47db-b3f8-20b0bcb8a3f5@group-7D2873B646E2, cid=1172, SUCCESS, logIndex=0, commits[f80c66c4-8a3d-47db-b3f8-20b0bcb8a3f5:c1616, 6e9bc0f4-a324-4be3-b201-2d39df7dad8a:c1612, cffe1303-2f93-4087-8a62-a40745db49f2:c1610]
2019-07-10 09:50:43,192 INFO  client.GrpcClientProtocolClient (GrpcClientProtocolClient.java:onNext(255)) - client-7D6108789623->f80c66c4-8a3d-47db-b3f8-20b0bcb8a3f5: receive RaftClientReply:client-7D6108789623->f80c66c4-8a3d-47db-b3f8-20b0bcb8a3f5@group-7D2873B646E2, cid=1173, SUCCESS, logIndex=1617, commits[f80c66c4-8a3d-47db-b3f8-20b0bcb8a3f5:c1618, 6e9bc0f4-a324-4be3-b201-2d39df7dad8a:c1616, cffe1303-2f93-4087-8a62-a40745db49f2:c1612]
2019-07-10 09:50:43,192 INFO  client.GrpcClientProtocolClient (GrpcClientProtocolClient.java:onNext(255)) - client-7D6108789623->f80c66c4-8a3d-47db-b3f8-20b0bcb8a3f5: receive RaftClientReply:client-7D6108789623->f80c66c4-8a3d-47db-b3f8-20b0bcb8a3f5@group-7D2873B646E2, cid=1174, SUCCESS, logIndex=1618, commits[f80c66c4-8a3d-47db-b3f8-20b0bcb8a3f5:c1618, 6e9bc0f4-a324-4be3-b201-2d39df7dad8a:c1616, cffe1303-2f93-4087-8a62-a40745db49f2:c1616]
2019-07-10 09:50:43,214 INFO  client.GrpcClientProtocolClient (GrpcClientProtocolClient.java:onNext(255)) - client-7D6108789623->f80c66c4-8a3d-47db-b3f8-20b0bcb8a3f5: receive RaftClientReply:client-7D6108789623->f80c66c4-8a3d-47db-b3f8-20b0bcb8a3f5@group-7D2873B646E2, cid=1175, SUCCESS, logIndex=1621, commits[f80c66c4-8a3d-47db-b3f8-20b0bcb8a3f5:c1622, 6e9bc0f4-a324-4be3-b201-2d39df7dad8a:c1618, cffe1303-2f93-4087-8a62-a40745db49f2:c1618]
2019-07-10 09:50:43,215 INFO  client.GrpcClientProtocolClient (GrpcClientProtocolClient.java:onNext(255)) - client-7D6108789623->f80c66c4-8a3d-47db-b3f8-20b0bcb8a3f5: receive RaftClientReply:client-7D6108789623->f80c66c4-8a3d-47db-b3f8-20b0bcb8a3f5@group-7D2873B646E2, cid=1176, SUCCESS, logIndex=1622, commits[f80c66c4-8a3d-47db-b3f8-20b0bcb8a3f5:c1622, 6e9bc0f4-a324-4be3-b201-2d39df7dad8a:c1618, cffe1303-2f93-4087-8a62-a40745db49f2:c1618]
2019-07-10 09:50:43,217 INFO  client.GrpcClientProtocolClient (GrpcClientProtocolClient.java:onNext(255)) - client-7D6108789623->f80c66c4-8a3d-47db-b3f8-20b0bcb8a3f5: receive RaftClientReply:client-7D6108789623->f80c66c4-8a3d-47db-b3f8-20b0bcb8a3f5@group-7D2873B646E2, cid=1177, SUCCESS, logIndex=0, commits[f80c66c4-8a3d-47db-b3f8-20b0bcb8a3f5:c1624, 6e9bc0f4-a324-4be3-b201-2d39df7dad8a:c1622, cffe1303-2f93-4087-8a62-a40745db49f2:c1622]
2019-07-10 09:50:43,236 INFO  client.GrpcClientProtocolClient (GrpcClientProtocolClient.java:onNext(255)) - client-7D6108789623->f80c66c4-8a3d-47db-b3f8-20b0bcb8a3f5: receive RaftClientReply:client-7D6108789623->f80c66c4-8a3d-47db-b3f8-20b0bcb8a3f5@group-7D2873B646E2, cid=1178, SUCCESS, logIndex=1625, commits[f80c66c4-8a3d-47db-b3f8-20b0bcb8a3f5:c1626, 6e9bc0f4-a324-4be3-b201-2d39df7dad8a:c1624, cffe1303-2f93-4087-8a62-a40745db49f2:c1624]
2019-07-10 09:50:43,237 INFO  client.GrpcClientProtocolClient (GrpcClientProtocolClient.java:onNext(255)) - client-7D6108789623->f80c66c4-8a3d-47db-b3f8-20b0bcb8a3f5: receive RaftClientReply:client-7D6108789623->f80c66c4-8a3d-47db-b3f8-20b0bcb8a3f5@group-7D2873B646E2, cid=1179, SUCCESS, logIndex=1626, commits[f80c66c4-8a3d-47db-b3f8-20b0bcb8a3f5:c1628, 6e9bc0f4-a324-4be3-b201-2d39df7dad8a:c1624, cffe1303-2f93-4087-8a62-a40745db49f2:c1624]
2019-07-10 09:50:43,237 INFO  client.GrpcClientProtocolClient (GrpcClientProtocolClient.java:onNext(255)) - client-7D6108789623->f80c66c4-8a3d-47db-b3f8-20b0bcb8a3f5: receive RaftClientReply:client-7D6108789623->f80c66c4-8a3d-47db-b3f8-20b0bcb8a3f5@group-7D2873B646E2, cid=1180, SUCCESS, logIndex=1627, commits[f80c66c4-8a3d-47db-b3f8-20b0bcb8a3f5:c1628, 6e9bc0f4-a324-4be3-b201-2d39df7dad8a:c1624, cffe1303-2f93-4087-8a62-a40745db49f2:c1624]
2019-07-10 09:50:43,237 INFO  client.GrpcClientProtocolClient (GrpcClientProtocolClient.java:onNext(255)) - client-7D6108789623->f80c66c4-8a3d-47db-b3f8-20b0bcb8a3f5: receive RaftClientReply:client-7D6108789623->f80c66c4-8a3d-47db-b3f8-20b0bcb8a3f5@group-7D2873B646E2, cid=1181, SUCCESS, logIndex=1628, commits[f80c66c4-8a3d-47db-b3f8-20b0bcb8a3f5:c1628, 6e9bc0f4-a324-4be3-b201-2d39df7dad8a:c1624, cffe1303-2f93-4087-8a62-a40745db49f2:c1624]
2019-07-10 09:50:43,249 INFO  client.GrpcClientProtocolClient (GrpcClientProtocolClient.java:onNext(255)) - client-7D6108789623->f80c66c4-8a3d-47db-b3f8-20b0bcb8a3f5: receive RaftClientReply:client-7D6108789623->f80c66c4-8a3d-47db-b3f8-20b0bcb8a3f5@group-7D2873B646E2, cid=1182, SUCCESS, logIndex=0, commits[f80c66c4-8a3d-47db-b3f8-20b0bcb8a3f5:c1632, 6e9bc0f4-a324-4be3-b201-2d39df7dad8a:c1626, cffe1303-2f93-4087-8a62-a40745db49f2:c1628]
2019-07-10 09:50:43,269 INFO  client.GrpcClientProtocolClient (GrpcClientProtocolClient.java:onNext(255)) - client-7D6108789623->f80c66c4-8a3d-47db-b3f8-20b0bcb8a3f5: receive RaftClientReply:client-7D6108789623->f80c66c4-8a3d-47db-b3f8-20b0bcb8a3f5@group-7D2873B646E2, cid=1183, SUCCESS, logIndex=1633, commits[f80c66c4-8a3d-47db-b3f8-20b0bcb8a3f5:c1634, 6e9bc0f4-a324-4be3-b201-2d39df7dad8a:c1632, cffe1303-2f93-4087-8a62-a40745db49f2:c1632]
2019-07-10 09:50:43,269 INFO  client.GrpcClientProtocolClient (GrpcClientProtocolClient.java:onNext(255)) - client-7D6108789623->f80c66c4-8a3d-47db-b3f8-20b0bcb8a3f5: receive RaftClientReply:client-7D6108789623->f80c66c4-8a3d-47db-b3f8-20b0bcb8a3f5@group-7D2873B646E2, cid=1184, SUCCESS, logIndex=1634, commits[f80c66c4-8a3d-47db-b3f8-20b0bcb8a3f5:c1634, 6e9bc0f4-a324-4be3-b201-2d39df7dad8a:c1632, cffe1303-2f93-4087-8a62-a40745db49f2:c1632]
2019-07-10 09:50:43,290 INFO  client.GrpcClientProtocolClient (GrpcClientProtocolClient.java:onNext(255)) - client-7D6108789623->f80c66c4-8a3d-47db-b3f8-20b0bcb8a3f5: receive RaftClientReply:client-7D6108789623->f80c66c4-8a3d-47db-b3f8-20b0bcb8a3f5@group-7D2873B646E2, cid=1185, SUCCESS, logIndex=1637, commits[f80c66c4-8a3d-47db-b3f8-20b0bcb8a3f5:c1637, 6e9bc0f4-a324-4be3-b201-2d39df7dad8a:c1634, cffe1303-2f93-4087-8a62-a40745db49f2:c1634]
2019-07-10 09:50:43,290 INFO  client.GrpcClientProtocolClient (GrpcClientProtocolClient.java:onNext(255)) - client-7D6108789623->f80c66c4-8a3d-47db-b3f8-20b0bcb8a3f5: receive RaftClientReply:client-7D6108789623->f80c66c4-8a3d-47db-b3f8-20b0bcb8a3f5@group-7D2873B646E2, cid=1186, SUCCESS, logIndex=1638, commits[f80c66c4-8a3d-47db-b3f8-20b0bcb8a3f5:c1638, 6e9bc0f4-a324-4be3-b201-2d39df7dad8a:c1634, cffe1303-2f93-4087-8a62-a40745db49f2:c1634]
2019-07-10 09:50:43,303 INFO  client.GrpcClientProtocolClient (GrpcClientProtocolClient.java:onNext(255)) - client-7D6108789623->f80c66c4-8a3d-47db-b3f8-20b0bcb8a3f5: receive RaftClientReply:client-7D6108789623->f80c66c4-8a3d-47db-b3f8-20b0bcb8a3f5@group-7D2873B646E2, cid=1187, SUCCESS, logIndex=0, commits[f80c66c4-8a3d-47db-b3f8-20b0bcb8a3f5:c1640, 6e9bc0f4-a324-4be3-b201-2d39df7dad8a:c1638, cffe1303-2f93-4087-8a62-a40745db49f2:c1638]
2019-07-10 09:50:43,321 INFO  client.GrpcClientProtocolClient (GrpcClientProtocolClient.java:onNext(255)) - client-7D6108789623->f80c66c4-8a3d-47db-b3f8-20b0bcb8a3f5: receive RaftClientReply:client-7D6108789623->f80c66c4-8a3d-47db-b3f8-20b0bcb8a3f5@group-7D2873B646E2, cid=1188, SUCCESS, logIndex=1641, commits[f80c66c4-8a3d-47db-b3f8-20b0bcb8a3f5:c1642, 6e9bc0f4-a324-4be3-b201-2d39df7dad8a:c1640, cffe1303-2f93-4087-8a62-a40745db49f2:c1640]
2019-07-10 09:50:43,322 INFO  client.GrpcClientProtocolClient (GrpcClientProtocolClient.java:onNext(255)) - client-7D6108789623->f80c66c4-8a3d-47db-b3f8-20b0bcb8a3f5: receive RaftClientReply:client-7D6108789623->f80c66c4-8a3d-47db-b3f8-20b0bcb8a3f5@group-7D2873B646E2, cid=1189, SUCCESS, logIndex=1642, commits[f80c66c4-8a3d-47db-b3f8-20b0bcb8a3f5:c1642, 6e9bc0f4-a324-4be3-b201-2d39df7dad8a:c1640, cffe1303-2f93-4087-8a62-a40745db49f2:c1640]
2019-07-10 09:50:43,322 INFO  client.GrpcClientProtocolClient (GrpcClientProtocolClient.java:onNext(255)) - client-7D6108789623->f80c66c4-8a3d-47db-b3f8-20b0bcb8a3f5: receive RaftClientReply:client-7D6108789623->f80c66c4-8a3d-47db-b3f8-20b0bcb8a3f5@group-7D2873B646E2, cid=1190, SUCCESS, logIndex=1643, commits[f80c66c4-8a3d-47db-b3f8-20b0bcb8a3f5:c1643, 6e9bc0f4-a324-4be3-b201-2d39df7dad8a:c1640, cffe1303-2f93-4087-8a62-a40745db49f2:c1640]
2019-07-10 09:50:43,323 INFO  client.GrpcClientProtocolClient (GrpcClientProtocolClient.java:onNext(255)) - client-7D6108789623->f80c66c4-8a3d-47db-b3f8-20b0bcb8a3f5: receive RaftClientReply:client-7D6108789623->f80c66c4-8a3d-47db-b3f8-20b0bcb8a3f5@group-7D2873B646E2, cid=1191, SUCCESS, logIndex=1644, commits[f80c66c4-8a3d-47db-b3f8-20b0bcb8a3f5:c1644, 6e9bc0f4-a324-4be3-b201-2d39df7dad8a:c1640, cffe1303-2f93-4087-8a62-a40745db49f2:c1640]
2019-07-10 09:50:43,326 INFO  client.GrpcClientProtocolClient (GrpcClientProtocolClient.java:onNext(255)) - client-7D6108789623->f80c66c4-8a3d-47db-b3f8-20b0bcb8a3f5: receive RaftClientReply:client-7D6108789623->f80c66c4-8a3d-47db-b3f8-20b0bcb8a3f5@group-7D2873B646E2, cid=1192, SUCCESS, logIndex=0, commits[f80c66c4-8a3d-47db-b3f8-20b0bcb8a3f5:c1646, 6e9bc0f4-a324-4be3-b201-2d39df7dad8a:c1642, cffe1303-2f93-4087-8a62-a40745db49f2:c1642]
2019-07-10 09:50:43,344 INFO  client.GrpcClientProtocolClient (GrpcClientProtocolClient.java:onNext(255)) - client-7D6108789623->f80c66c4-8a3d-47db-b3f8-20b0bcb8a3f5: receive RaftClientReply:client-7D6108789623->f80c66c4-8a3d-47db-b3f8-20b0bcb8a3f5@group-7D2873B646E2, cid=1193, SUCCESS, logIndex=1649, commits[f80c66c4-8a3d-47db-b3f8-20b0bcb8a3f5:c1650, 6e9bc0f4-a324-4be3-b201-2d39df7dad8a:c1648, cffe1303-2f93-4087-8a62-a40745db49f2:c1648]
2019-07-10 09:50:43,345 INFO  client.GrpcClientProtocolClient (GrpcClientProtocolClient.java:onNext(255)) - client-7D6108789623->f80c66c4-8a3d-47db-b3f8-20b0bcb8a3f5: receive RaftClientReply:client-7D6108789623->f80c66c4-8a3d-47db-b3f8-20b0bcb8a3f5@group-7D2873B646E2, cid=1194, SUCCESS, logIndex=1650, commits[f80c66c4-8a3d-47db-b3f8-20b0bcb8a3f5:c1650, 6e9bc0f4-a324-4be3-b201-2d39df7dad8a:c1648, cffe1303-2f93-4087-8a62-a40745db49f2:c1648]
2019-07-10 09:50:43,380 INFO  client.GrpcClientProtocolClient (GrpcClientProtocolClient.java:onNext(255)) - client-7D6108789623->f80c66c4-8a3d-47db-b3f8-20b0bcb8a3f5: receive RaftClientReply:client-7D6108789623->f80c66c4-8a3d-47db-b3f8-20b0bcb8a3f5@group-7D2873B646E2, cid=1195, SUCCESS, logIndex=1653, commits[f80c66c4-8a3d-47db-b3f8-20b0bcb8a3f5:c1653, 6e9bc0f4-a324-4be3-b201-2d39df7dad8a:c1650, cffe1303-2f93-4087-8a62-a40745db49f2:c1650]
2019-07-10 09:50:43,381 INFO  client.GrpcClientProtocolClient (GrpcClientProtocolClient.java:onNext(255)) - client-7D6108789623->f80c66c4-8a3d-47db-b3f8-20b0bcb8a3f5: receive RaftClientReply:client-7D6108789623->f80c66c4-8a3d-47db-b3f8-20b0bcb8a3f5@group-7D2873B646E2, cid=1196, SUCCESS, logIndex=1654, commits[f80c66c4-8a3d-47db-b3f8-20b0bcb8a3f5:c1654, 6e9bc0f4-a324-4be3-b201-2d39df7dad8a:c1650, cffe1303-2f93-4087-8a62-a40745db49f2:c1650]
2019-07-10 09:50:43,397 INFO  client.GrpcClientProtocolClient (GrpcClientProtocolClient.java:onNext(255)) - client-7D6108789623->f80c66c4-8a3d-47db-b3f8-20b0bcb8a3f5: receive RaftClientReply:client-7D6108789623->f80c66c4-8a3d-47db-b3f8-20b0bcb8a3f5@group-7D2873B646E2, cid=1197, SUCCESS, logIndex=0, commits[f80c66c4-8a3d-47db-b3f8-20b0bcb8a3f5:c1656, 6e9bc0f4-a324-4be3-b201-2d39df7dad8a:c1654, cffe1303-2f93-4087-8a62-a40745db49f2:c1654]
2019-07-10 09:50:43,411 INFO  client.GrpcClientProtocolClient (GrpcClientProtocolClient.java:onNext(255)) - client-7D6108789623->f80c66c4-8a3d-47db-b3f8-20b0bcb8a3f5: receive RaftClientReply:client-7D6108789623->f80c66c4-8a3d-47db-b3f8-20b0bcb8a3f5@group-7D2873B646E2, cid=1198, SUCCESS, logIndex=1657, commits[f80c66c4-8a3d-47db-b3f8-20b0bcb8a3f5:c1658, 6e9bc0f4-a324-4be3-b201-2d39df7dad8a:c1654, cffe1303-2f93-4087-8a62-a40745db49f2:c1656]
2019-07-10 09:50:43,412 INFO  client.GrpcClientProtocolClient (GrpcClientProtocolClient.java:onNext(255)) - client-7D6108789623->f80c66c4-8a3d-47db-b3f8-20b0bcb8a3f5: receive RaftClientReply:client-7D6108789623->f80c66c4-8a3d-47db-b3f8-20b0bcb8a3f5@group-7D2873B646E2, cid=1199, SUCCESS, logIndex=1658, commits[f80c66c4-8a3d-47db-b3f8-20b0bcb8a3f5:c1658, 6e9bc0f4-a324-4be3-b201-2d39df7dad8a:c1654, cffe1303-2f93-4087-8a62-a40745db49f2:c1656]
2019-07-10 09:50:43,414 INFO  client.GrpcClientProtocolClient (GrpcClientProtocolClient.java:onNext(255)) - client-7D6108789623->f80c66c4-8a3d-47db-b3f8-20b0bcb8a3f5: receive RaftClientReply:client-7D6108789623->f80c66c4-8a3d-47db-b3f8-20b0bcb8a3f5@group-7D2873B646E2, cid=1200, SUCCESS, logIndex=1659, commits[f80c66c4-8a3d-47db-b3f8-20b0bcb8a3f5:c1660, 6e9bc0f4-a324-4be3-b201-2d39df7dad8a:c1654, cffe1303-2f93-4087-8a62-a40745db49f2:c1656]
2019-07-10 09:50:43,414 INFO  client.GrpcClientProtocolClient (GrpcClientProtocolClient.java:onNext(255)) - client-7D6108789623->f80c66c4-8a3d-47db-b3f8-20b0bcb8a3f5: receive RaftClientReply:client-7D6108789623->f80c66c4-8a3d-47db-b3f8-20b0bcb8a3f5@group-7D2873B646E2, cid=1201, SUCCESS, logIndex=1660, commits[f80c66c4-8a3d-47db-b3f8-20b0bcb8a3f5:c1661, 6e9bc0f4-a324-4be3-b201-2d39df7dad8a:c1656, cffe1303-2f93-4087-8a62-a40745db49f2:c1657]
2019-07-10 09:50:43,511 INFO  client.GrpcClientProtocolClient (GrpcClientProtocolClient.java:onNext(255)) - client-7D6108789623->f80c66c4-8a3d-47db-b3f8-20b0bcb8a3f5: receive RaftClientReply:client-7D6108789623->f80c66c4-8a3d-47db-b3f8-20b0bcb8a3f5@group-7D2873B646E2, cid=1202, SUCCESS, logIndex=0, commits[f80c66c4-8a3d-47db-b3f8-20b0bcb8a3f5:c1663, 6e9bc0f4-a324-4be3-b201-2d39df7dad8a:c1658, cffe1303-2f93-4087-8a62-a40745db49f2:c1659]
2019-07-10 09:50:43,533 INFO  client.GrpcClientProtocolClient (GrpcClientProtocolClient.java:onNext(255)) - client-7D6108789623->f80c66c4-8a3d-47db-b3f8-20b0bcb8a3f5: receive RaftClientReply:client-7D6108789623->f80c66c4-8a3d-47db-b3f8-20b0bcb8a3f5@group-7D2873B646E2, cid=1203, SUCCESS, logIndex=1665, commits[f80c66c4-8a3d-47db-b3f8-20b0bcb8a3f5:c1666, 6e9bc0f4-a324-4be3-b201-2d39df7dad8a:c1664, cffe1303-2f93-4087-8a62-a40745db49f2:c1664]
2019-07-10 09:50:43,534 INFO  client.GrpcClientProtocolClient (GrpcClientProtocolClient.java:onNext(255)) - client-7D6108789623->f80c66c4-8a3d-47db-b3f8-20b0bcb8a3f5: receive RaftClientReply:client-7D6108789623->f80c66c4-8a3d-47db-b3f8-20b0bcb8a3f5@group-7D2873B646E2, cid=1204, SUCCESS, logIndex=1666, commits[f80c66c4-8a3d-47db-b3f8-20b0bcb8a3f5:c1666, 6e9bc0f4-a324-4be3-b201-2d39df7dad8a:c1664, cffe1303-2f93-4087-8a62-a40745db49f2:c1664]
2019-07-10 09:50:43,556 INFO  client.GrpcClientProtocolClient (GrpcClientProtocolClient.java:onNext(255)) - client-7D6108789623->f80c66c4-8a3d-47db-b3f8-20b0bcb8a3f5: receive RaftClientReply:client-7D6108789623->f80c66c4-8a3d-47db-b3f8-20b0bcb8a3f5@group-7D2873B646E2, cid=1205, SUCCESS, logIndex=1669, commits[f80c66c4-8a3d-47db-b3f8-20b0bcb8a3f5:c1670, 6e9bc0f4-a324-4be3-b201-2d39df7dad8a:c1666, cffe1303-2f93-4087-8a62-a40745db49f2:c1666]
2019-07-10 09:50:43,557 INFO  client.GrpcClientProtocolClient (GrpcClientProtocolClient.java:onNext(255)) - client-7D6108789623->f80c66c4-8a3d-47db-b3f8-20b0bcb8a3f5: receive RaftClientReply:client-7D6108789623->f80c66c4-8a3d-47db-b3f8-20b0bcb8a3f5@group-7D2873B646E2, cid=1206, SUCCESS, logIndex=1670, commits[f80c66c4-8a3d-47db-b3f8-20b0bcb8a3f5:c1670, 6e9bc0f4-a324-4be3-b201-2d39df7dad8a:c1666, cffe1303-2f93-4087-8a62-a40745db49f2:c1666]
2019-07-10 09:50:43,569 INFO  client.GrpcClientProtocolClient (GrpcClientProtocolClient.java:onNext(255)) - client-7D6108789623->f80c66c4-8a3d-47db-b3f8-20b0bcb8a3f5: receive RaftClientReply:client-7D6108789623->f80c66c4-8a3d-47db-b3f8-20b0bcb8a3f5@group-7D2873B646E2, cid=1207, SUCCESS, logIndex=0, commits[f80c66c4-8a3d-47db-b3f8-20b0bcb8a3f5:c1670, 6e9bc0f4-a324-4be3-b201-2d39df7dad8a:c1670, cffe1303-2f93-4087-8a62-a40745db49f2:c1670]
2019-07-10 09:50:43,594 INFO  client.GrpcClientProtocolClient (GrpcClientProtocolClient.java:onNext(255)) - client-7D6108789623->f80c66c4-8a3d-47db-b3f8-20b0bcb8a3f5: receive RaftClientReply:client-7D6108789623->f80c66c4-8a3d-47db-b3f8-20b0bcb8a3f5@group-7D2873B646E2, cid=1208, SUCCESS, logIndex=1673, commits[f80c66c4-8a3d-47db-b3f8-20b0bcb8a3f5:c1674, 6e9bc0f4-a324-4be3-b201-2d39df7dad8a:c1672, cffe1303-2f93-4087-8a62-a40745db49f2:c1672]
2019-07-10 09:50:43,594 INFO  client.GrpcClientProtocolClient (GrpcClientProtocolClient.java:onNext(255)) - client-7D6108789623->f80c66c4-8a3d-47db-b3f8-20b0bcb8a3f5: receive RaftClientReply:client-7D6108789623->f80c66c4-8a3d-47db-b3f8-20b0bcb8a3f5@group-7D2873B646E2, cid=1209, SUCCESS, logIndex=1674, commits[f80c66c4-8a3d-47db-b3f8-20b0bcb8a3f5:c1676, 6e9bc0f4-a324-4be3-b201-2d39df7dad8a:c1672, cffe1303-2f93-4087-8a62-a40745db49f2:c1672]
2019-07-10 09:50:43,595 INFO  client.GrpcClientProtocolClient (GrpcClientProtocolClient.java:onNext(255)) - client-7D6108789623->f80c66c4-8a3d-47db-b3f8-20b0bcb8a3f5: receive RaftClientReply:client-7D6108789623->f80c66c4-8a3d-47db-b3f8-20b0bcb8a3f5@group-7D2873B646E2, cid=1210, SUCCESS, logIndex=1675, commits[f80c66c4-8a3d-47db-b3f8-20b0bcb8a3f5:c1676, 6e9bc0f4-a324-4be3-b201-2d39df7dad8a:c1672, cffe1303-2f93-4087-8a62-a40745db49f2:c1672]
2019-07-10 09:50:43,595 INFO  client.GrpcClientProtocolClient (GrpcClientProtocolClient.java:onNext(255)) - client-7D6108789623->f80c66c4-8a3d-47db-b3f8-20b0bcb8a3f5: receive RaftClientReply:client-7D6108789623->f80c66c4-8a3d-47db-b3f8-20b0bcb8a3f5@group-7D2873B646E2, cid=1211, SUCCESS, logIndex=1676, commits[f80c66c4-8a3d-47db-b3f8-20b0bcb8a3f5:c1676, 6e9bc0f4-a324-4be3-b201-2d39df7dad8a:c1672, cffe1303-2f93-4087-8a62-a40745db49f2:c1672]
2019-07-10 09:50:43,616 INFO  client.GrpcClientProtocolClient (GrpcClientProtocolClient.java:onNext(255)) - client-7D6108789623->f80c66c4-8a3d-47db-b3f8-20b0bcb8a3f5: receive RaftClientReply:client-7D6108789623->f80c66c4-8a3d-47db-b3f8-20b0bcb8a3f5@group-7D2873B646E2, cid=1212, SUCCESS, logIndex=0, commits[f80c66c4-8a3d-47db-b3f8-20b0bcb8a3f5:c1678, 6e9bc0f4-a324-4be3-b201-2d39df7dad8a:c1674, cffe1303-2f93-4087-8a62-a40745db49f2:c1674]
2019-07-10 09:50:43,629 INFO  client.GrpcClientProtocolClient (GrpcClientProtocolClient.java:onNext(255)) - client-7D6108789623->f80c66c4-8a3d-47db-b3f8-20b0bcb8a3f5: receive RaftClientReply:client-7D6108789623->f80c66c4-8a3d-47db-b3f8-20b0bcb8a3f5@group-7D2873B646E2, cid=1213, SUCCESS, logIndex=1680, commits[f80c66c4-8a3d-47db-b3f8-20b0bcb8a3f5:c1681, 6e9bc0f4-a324-4be3-b201-2d39df7dad8a:c1676, cffe1303-2f93-4087-8a62-a40745db49f2:c1679]
2019-07-10 09:50:43,629 INFO  client.GrpcClientProtocolClient (GrpcClientProtocolClient.java:onNext(255)) - client-7D6108789623->f80c66c4-8a3d-47db-b3f8-20b0bcb8a3f5: receive RaftClientReply:client-7D6108789623->f80c66c4-8a3d-47db-b3f8-20b0bcb8a3f5@group-7D2873B646E2, cid=1214, SUCCESS, logIndex=1681, commits[f80c66c4-8a3d-47db-b3f8-20b0bcb8a3f5:c1681, 6e9bc0f4-a324-4be3-b201-2d39df7dad8a:c1679, cffe1303-2f93-4087-8a62-a40745db49f2:c1679]
2019-07-10 09:50:43,653 INFO  client.GrpcClientProtocolClient (GrpcClientProtocolClient.java:onNext(255)) - client-7D6108789623->f80c66c4-8a3d-47db-b3f8-20b0bcb8a3f5: receive RaftClientReply:client-7D6108789623->f80c66c4-8a3d-47db-b3f8-20b0bcb8a3f5@group-7D2873B646E2, cid=1215, SUCCESS, logIndex=1684, commits[f80c66c4-8a3d-47db-b3f8-20b0bcb8a3f5:c1685, 6e9bc0f4-a324-4be3-b201-2d39df7dad8a:c1681, cffe1303-2f93-4087-8a62-a40745db49f2:c1681]
2019-07-10 09:50:43,654 INFO  client.GrpcClientProtocolClient (GrpcClientProtocolClient.java:onNext(255)) - client-7D6108789623->f80c66c4-8a3d-47db-b3f8-20b0bcb8a3f5: receive RaftClientReply:client-7D6108789623->f80c66c4-8a3d-47db-b3f8-20b0bcb8a3f5@group-7D2873B646E2, cid=1216, SUCCESS, logIndex=1685, commits[f80c66c4-8a3d-47db-b3f8-20b0bcb8a3f5:c1685, 6e9bc0f4-a324-4be3-b201-2d39df7dad8a:c1681, cffe1303-2f93-4087-8a62-a40745db49f2:c1681]
2019-07-10 09:50:43,665 INFO  client.GrpcClientProtocolClient (GrpcClientProtocolClient.java:onNext(255)) - client-7D6108789623->f80c66c4-8a3d-47db-b3f8-20b0bcb8a3f5: receive RaftClientReply:client-7D6108789623->f80c66c4-8a3d-47db-b3f8-20b0bcb8a3f5@group-7D2873B646E2, cid=1217, SUCCESS, logIndex=0, commits[f80c66c4-8a3d-47db-b3f8-20b0bcb8a3f5:c1686, 6e9bc0f4-a324-4be3-b201-2d39df7dad8a:c1685, cffe1303-2f93-4087-8a62-a40745db49f2:c1685]
2019-07-10 09:50:43,692 INFO  client.GrpcClientProtocolClient (GrpcClientProtocolClient.java:onNext(255)) - client-7D6108789623->f80c66c4-8a3d-47db-b3f8-20b0bcb8a3f5: receive RaftClientReply:client-7D6108789623->f80c66c4-8a3d-47db-b3f8-20b0bcb8a3f5@group-7D2873B646E2, cid=1218, SUCCESS, logIndex=1687, commits[f80c66c4-8a3d-47db-b3f8-20b0bcb8a3f5:c1688, 6e9bc0f4-a324-4be3-b201-2d39df7dad8a:c1686, cffe1303-2f93-4087-8a62-a40745db49f2:c1686]
2019-07-10 09:50:43,693 INFO  client.GrpcClientProtocolClient (GrpcClientProtocolClient.java:onNext(255)) - client-7D6108789623->f80c66c4-8a3d-47db-b3f8-20b0bcb8a3f5: receive RaftClientReply:client-7D6108789623->f80c66c4-8a3d-47db-b3f8-20b0bcb8a3f5@group-7D2873B646E2, cid=1219, SUCCESS, logIndex=1688, commits[f80c66c4-8a3d-47db-b3f8-20b0bcb8a3f5:c1688, 6e9bc0f4-a324-4be3-b201-2d39df7dad8a:c1686, cffe1303-2f93-4087-8a62-a40745db49f2:c1686]
2019-07-10 09:50:43,701 INFO  client.GrpcClientProtocolClient (GrpcClientProtocolClient.java:onNext(255)) - client-7D6108789623->f80c66c4-8a3d-47db-b3f8-20b0bcb8a3f5: receive RaftClientReply:client-7D6108789623->f80c66c4-8a3d-47db-b3f8-20b0bcb8a3f5@group-7D2873B646E2, cid=1220, SUCCESS, logIndex=1689, commits[f80c66c4-8a3d-47db-b3f8-20b0bcb8a3f5:c1690, 6e9bc0f4-a324-4be3-b201-2d39df7dad8a:c1686, cffe1303-2f93-4087-8a62-a40745db49f2:c1686]
2019-07-10 09:50:43,701 INFO  client.GrpcClientProtocolClient (GrpcClientProtocolClient.java:onNext(255)) - client-7D6108789623->f80c66c4-8a3d-47db-b3f8-20b0bcb8a3f5: receive RaftClientReply:client-7D6108789623->f80c66c4-8a3d-47db-b3f8-20b0bcb8a3f5@group-7D2873B646E2, cid=1221, SUCCESS, logIndex=1690, commits[f80c66c4-8a3d-47db-b3f8-20b0bcb8a3f5:c1690, 6e9bc0f4-a324-4be3-b201-2d39df7dad8a:c1686, cffe1303-2f93-4087-8a62-a40745db49f2:c1686]
2019-07-10 09:50:43,721 INFO  client.GrpcClientProtocolClient (GrpcClientProtocolClient.java:onNext(255)) - client-7D6108789623->f80c66c4-8a3d-47db-b3f8-20b0bcb8a3f5: receive RaftClientReply:client-7D6108789623->f80c66c4-8a3d-47db-b3f8-20b0bcb8a3f5@group-7D2873B646E2, cid=1222, SUCCESS, logIndex=0, commits[f80c66c4-8a3d-47db-b3f8-20b0bcb8a3f5:c1691, 6e9bc0f4-a324-4be3-b201-2d39df7dad8a:c1688, cffe1303-2f93-4087-8a62-a40745db49f2:c1688]
2019-07-10 09:50:43,741 INFO  client.GrpcClientProtocolClient (GrpcClientProtocolClient.java:onNext(255)) - client-7D6108789623->f80c66c4-8a3d-47db-b3f8-20b0bcb8a3f5: receive RaftClientReply:client-7D6108789623->f80c66c4-8a3d-47db-b3f8-20b0bcb8a3f5@group-7D2873B646E2, cid=1223, SUCCESS, logIndex=1694, commits[f80c66c4-8a3d-47db-b3f8-20b0bcb8a3f5:c1695, 6e9bc0f4-a324-4be3-b201-2d39df7dad8a:c1692, cffe1303-2f93-4087-8a62-a40745db49f2:c1692]
2019-07-10 09:50:43,742 INFO  client.GrpcClientProtocolClient (GrpcClientProtocolClient.java:onNext(255)) - client-7D6108789623->f80c66c4-8a3d-47db-b3f8-20b0bcb8a3f5: receive RaftClientReply:client-7D6108789623->f80c66c4-8a3d-47db-b3f8-20b0bcb8a3f5@group-7D2873B646E2, cid=1224, SUCCESS, logIndex=1695, commits[f80c66c4-8a3d-47db-b3f8-20b0bcb8a3f5:c1695, 6e9bc0f4-a324-4be3-b201-2d39df7dad8a:c1692, cffe1303-2f93-4087-8a62-a40745db49f2:c1692]
2019-07-10 09:50:43,761 INFO  client.GrpcClientProtocolClient (GrpcClientProtocolClient.java:onNext(255)) - client-7D6108789623->f80c66c4-8a3d-47db-b3f8-20b0bcb8a3f5: receive RaftClientReply:client-7D6108789623->f80c66c4-8a3d-47db-b3f8-20b0bcb8a3f5@group-7D2873B646E2, cid=1225, SUCCESS, logIndex=1698, commits[f80c66c4-8a3d-47db-b3f8-20b0bcb8a3f5:c1699, 6e9bc0f4-a324-4be3-b201-2d39df7dad8a:c1697, cffe1303-2f93-4087-8a62-a40745db49f2:c1697]
2019-07-10 09:50:43,761 INFO  client.GrpcClientProtocolClient (GrpcClientProtocolClient.java:onNext(255)) - client-7D6108789623->f80c66c4-8a3d-47db-b3f8-20b0bcb8a3f5: receive RaftClientReply:client-7D6108789623->f80c66c4-8a3d-47db-b3f8-20b0bcb8a3f5@group-7D2873B646E2, cid=1226, SUCCESS, logIndex=1699, commits[f80c66c4-8a3d-47db-b3f8-20b0bcb8a3f5:c1699, 6e9bc0f4-a324-4be3-b201-2d39df7dad8a:c1697, cffe1303-2f93-4087-8a62-a40745db49f2:c1697]
2019-07-10 09:50:43,784 INFO  client.GrpcClientProtocolClient (GrpcClientProtocolClient.java:onNext(255)) - client-7D6108789623->f80c66c4-8a3d-47db-b3f8-20b0bcb8a3f5: receive RaftClientReply:client-7D6108789623->f80c66c4-8a3d-47db-b3f8-20b0bcb8a3f5@group-7D2873B646E2, cid=1227, SUCCESS, logIndex=0, commits[f80c66c4-8a3d-47db-b3f8-20b0bcb8a3f5:c1701, 6e9bc0f4-a324-4be3-b201-2d39df7dad8a:c1699, cffe1303-2f93-4087-8a62-a40745db49f2:c1699]
2019-07-10 09:50:43,805 INFO  client.GrpcClientProtocolClient (GrpcClientProtocolClient.java:onNext(255)) - client-7D6108789623->f80c66c4-8a3d-47db-b3f8-20b0bcb8a3f5: receive RaftClientReply:client-7D6108789623->f80c66c4-8a3d-47db-b3f8-20b0bcb8a3f5@group-7D2873B646E2, cid=1228, SUCCESS, logIndex=1702, commits[f80c66c4-8a3d-47db-b3f8-20b0bcb8a3f5:c1703, 6e9bc0f4-a324-4be3-b201-2d39df7dad8a:c1701, cffe1303-2f93-4087-8a62-a40745db49f2:c1701]
2019-07-10 09:50:43,806 INFO  client.GrpcClientProtocolClient (GrpcClientProtocolClient.java:onNext(255)) - client-7D6108789623->f80c66c4-8a3d-47db-b3f8-20b0bcb8a3f5: receive RaftClientReply:client-7D6108789623->f80c66c4-8a3d-47db-b3f8-20b0bcb8a3f5@group-7D2873B646E2, cid=1229, SUCCESS, logIndex=1703, commits[f80c66c4-8a3d-47db-b3f8-20b0bcb8a3f5:c1703, 6e9bc0f4-a324-4be3-b201-2d39df7dad8a:c1701, cffe1303-2f93-4087-8a62-a40745db49f2:c1701]
2019-07-10 09:50:43,813 INFO  client.GrpcClientProtocolClient (GrpcClientProtocolClient.java:onNext(255)) - client-7D6108789623->f80c66c4-8a3d-47db-b3f8-20b0bcb8a3f5: receive RaftClientReply:client-7D6108789623->f80c66c4-8a3d-47db-b3f8-20b0bcb8a3f5@group-7D2873B646E2, cid=1230, SUCCESS, logIndex=1704, commits[f80c66c4-8a3d-47db-b3f8-20b0bcb8a3f5:c1705, 6e9bc0f4-a324-4be3-b201-2d39df7dad8a:c1701, cffe1303-2f93-4087-8a62-a40745db49f2:c1701]
2019-07-10 09:50:43,814 INFO  client.GrpcClientProtocolClient (GrpcClientProtocolClient.java:onNext(255)) - client-7D6108789623->f80c66c4-8a3d-47db-b3f8-20b0bcb8a3f5: receive RaftClientReply:client-7D6108789623->f80c66c4-8a3d-47db-b3f8-20b0bcb8a3f5@group-7D2873B646E2, cid=1231, SUCCESS, logIndex=1705, commits[f80c66c4-8a3d-47db-b3f8-20b0bcb8a3f5:c1705, 6e9bc0f4-a324-4be3-b201-2d39df7dad8a:c1701, cffe1303-2f93-4087-8a62-a40745db49f2:c1701]
2019-07-10 09:50:43,827 INFO  client.GrpcClientProtocolClient (GrpcClientProtocolClient.java:onNext(255)) - client-7D6108789623->f80c66c4-8a3d-47db-b3f8-20b0bcb8a3f5: receive RaftClientReply:client-7D6108789623->f80c66c4-8a3d-47db-b3f8-20b0bcb8a3f5@group-7D2873B646E2, cid=1232, SUCCESS, logIndex=0, commits[f80c66c4-8a3d-47db-b3f8-20b0bcb8a3f5:c1707, 6e9bc0f4-a324-4be3-b201-2d39df7dad8a:c1703, cffe1303-2f93-4087-8a62-a40745db49f2:c1703]
2019-07-10 09:50:43,849 INFO  client.GrpcClientProtocolClient (GrpcClientProtocolClient.java:onNext(255)) - client-7D6108789623->f80c66c4-8a3d-47db-b3f8-20b0bcb8a3f5: receive RaftClientReply:client-7D6108789623->f80c66c4-8a3d-47db-b3f8-20b0bcb8a3f5@group-7D2873B646E2, cid=1233, SUCCESS, logIndex=1709, commits[f80c66c4-8a3d-47db-b3f8-20b0bcb8a3f5:c1710, 6e9bc0f4-a324-4be3-b201-2d39df7dad8a:c1707, cffe1303-2f93-4087-8a62-a40745db49f2:c1707]
2019-07-10 09:50:43,849 INFO  client.GrpcClientProtocolClient (GrpcClientProtocolClient.java:onNext(255)) - client-7D6108789623->f80c66c4-8a3d-47db-b3f8-20b0bcb8a3f5: receive RaftClientReply:client-7D6108789623->f80c66c4-8a3d-47db-b3f8-20b0bcb8a3f5@group-7D2873B646E2, cid=1234, SUCCESS, logIndex=1710, commits[f80c66c4-8a3d-47db-b3f8-20b0bcb8a3f5:c1710, 6e9bc0f4-a324-4be3-b201-2d39df7dad8a:c1707, cffe1303-2f93-4087-8a62-a40745db49f2:c1707]
2019-07-10 09:50:43,873 INFO  client.GrpcClientProtocolClient (GrpcClientProtocolClient.java:onNext(255)) - client-7D6108789623->f80c66c4-8a3d-47db-b3f8-20b0bcb8a3f5: receive RaftClientReply:client-7D6108789623->f80c66c4-8a3d-47db-b3f8-20b0bcb8a3f5@group-7D2873B646E2, cid=1235, SUCCESS, logIndex=1713, commits[f80c66c4-8a3d-47db-b3f8-20b0bcb8a3f5:c1714, 6e9bc0f4-a324-4be3-b201-2d39df7dad8a:c1711, cffe1303-2f93-4087-8a62-a40745db49f2:c1711]
2019-07-10 09:50:43,874 INFO  client.GrpcClientProtocolClient (GrpcClientProtocolClient.java:onNext(255)) - client-7D6108789623->f80c66c4-8a3d-47db-b3f8-20b0bcb8a3f5: receive RaftClientReply:client-7D6108789623->f80c66c4-8a3d-47db-b3f8-20b0bcb8a3f5@group-7D2873B646E2, cid=1236, SUCCESS, logIndex=1714, commits[f80c66c4-8a3d-47db-b3f8-20b0bcb8a3f5:c1714, 6e9bc0f4-a324-4be3-b201-2d39df7dad8a:c1711, cffe1303-2f93-4087-8a62-a40745db49f2:c1711]
2019-07-10 09:50:43,896 INFO  client.GrpcClientProtocolClient (GrpcClientProtocolClient.java:onNext(255)) - client-7D6108789623->f80c66c4-8a3d-47db-b3f8-20b0bcb8a3f5: receive RaftClientReply:client-7D6108789623->f80c66c4-8a3d-47db-b3f8-20b0bcb8a3f5@group-7D2873B646E2, cid=1237, SUCCESS, logIndex=0, commits[f80c66c4-8a3d-47db-b3f8-20b0bcb8a3f5:c1716, 6e9bc0f4-a324-4be3-b201-2d39df7dad8a:c1714, cffe1303-2f93-4087-8a62-a40745db49f2:c1714]
2019-07-10 09:50:43,940 INFO  client.GrpcClientProtocolClient (GrpcClientProtocolClient.java:onNext(255)) - client-7D6108789623->f80c66c4-8a3d-47db-b3f8-20b0bcb8a3f5: receive RaftClientReply:client-7D6108789623->f80c66c4-8a3d-47db-b3f8-20b0bcb8a3f5@group-7D2873B646E2, cid=1238, SUCCESS, logIndex=1717, commits[f80c66c4-8a3d-47db-b3f8-20b0bcb8a3f5:c1718, 6e9bc0f4-a324-4be3-b201-2d39df7dad8a:c1716, cffe1303-2f93-4087-8a62-a40745db49f2:c1716]
2019-07-10 09:50:43,940 INFO  client.GrpcClientProtocolClient (GrpcClientProtocolClient.java:onNext(255)) - client-7D6108789623->f80c66c4-8a3d-47db-b3f8-20b0bcb8a3f5: receive RaftClientReply:client-7D6108789623->f80c66c4-8a3d-47db-b3f8-20b0bcb8a3f5@group-7D2873B646E2, cid=1239, SUCCESS, logIndex=1718, commits[f80c66c4-8a3d-47db-b3f8-20b0bcb8a3f5:c1720, 6e9bc0f4-a324-4be3-b201-2d39df7dad8a:c1716, cffe1303-2f93-4087-8a62-a40745db49f2:c1716]
2019-07-10 09:50:43,941 INFO  client.GrpcClientProtocolClient (GrpcClientProtocolClient.java:onNext(255)) - client-7D6108789623->f80c66c4-8a3d-47db-b3f8-20b0bcb8a3f5: receive RaftClientReply:client-7D6108789623->f80c66c4-8a3d-47db-b3f8-20b0bcb8a3f5@group-7D2873B646E2, cid=1240, SUCCESS, logIndex=1719, commits[f80c66c4-8a3d-47db-b3f8-20b0bcb8a3f5:c1720, 6e9bc0f4-a324-4be3-b201-2d39df7dad8a:c1716, cffe1303-2f93-4087-8a62-a40745db49f2:c1716]
2019-07-10 09:50:43,941 INFO  client.GrpcClientProtocolClient (GrpcClientProtocolClient.java:onNext(255)) - client-7D6108789623->f80c66c4-8a3d-47db-b3f8-20b0bcb8a3f5: receive RaftClientReply:client-7D6108789623->f80c66c4-8a3d-47db-b3f8-20b0bcb8a3f5@group-7D2873B646E2, cid=1241, SUCCESS, logIndex=1720, commits[f80c66c4-8a3d-47db-b3f8-20b0bcb8a3f5:c1720, 6e9bc0f4-a324-4be3-b201-2d39df7dad8a:c1716, cffe1303-2f93-4087-8a62-a40745db49f2:c1716]
2019-07-10 09:50:43,951 INFO  client.GrpcClientProtocolClient (GrpcClientProtocolClient.java:onNext(255)) - client-7D6108789623->f80c66c4-8a3d-47db-b3f8-20b0bcb8a3f5: receive RaftClientReply:client-7D6108789623->f80c66c4-8a3d-47db-b3f8-20b0bcb8a3f5@group-7D2873B646E2, cid=1242, SUCCESS, logIndex=0, commits[f80c66c4-8a3d-47db-b3f8-20b0bcb8a3f5:c1721, 6e9bc0f4-a324-4be3-b201-2d39df7dad8a:c1718, cffe1303-2f93-4087-8a62-a40745db49f2:c1718]
2019-07-10 09:50:43,962 INFO  client.GrpcClientProtocolClient (GrpcClientProtocolClient.java:onNext(255)) - client-7D6108789623->f80c66c4-8a3d-47db-b3f8-20b0bcb8a3f5: receive RaftClientReply:client-7D6108789623->f80c66c4-8a3d-47db-b3f8-20b0bcb8a3f5@group-7D2873B646E2, cid=1243, SUCCESS, logIndex=1725, commits[f80c66c4-8a3d-47db-b3f8-20b0bcb8a3f5:c1726, 6e9bc0f4-a324-4be3-b201-2d39df7dad8a:c1720, cffe1303-2f93-4087-8a62-a40745db49f2:c1721]
2019-07-10 09:50:43,963 INFO  client.GrpcClientProtocolClient (GrpcClientProtocolClient.java:onNext(255)) - client-7D6108789623->f80c66c4-8a3d-47db-b3f8-20b0bcb8a3f5: receive RaftClientReply:client-7D6108789623->f80c66c4-8a3d-47db-b3f8-20b0bcb8a3f5@group-7D2873B646E2, cid=1244, SUCCESS, logIndex=1726, commits[f80c66c4-8a3d-47db-b3f8-20b0bcb8a3f5:c1726, 6e9bc0f4-a324-4be3-b201-2d39df7dad8a:c1721, cffe1303-2f93-4087-8a62-a40745db49f2:c1721]
2019-07-10 09:50:43,974 INFO  client.GrpcClientProtocolClient (GrpcClientProtocolClient.java:onNext(255)) - client-7D6108789623->f80c66c4-8a3d-47db-b3f8-20b0bcb8a3f5: receive RaftClientReply:client-7D6108789623->f80c66c4-8a3d-47db-b3f8-20b0bcb8a3f5@group-7D2873B646E2, cid=1245, SUCCESS, logIndex=1729, commits[f80c66c4-8a3d-47db-b3f8-20b0bcb8a3f5:c1730, 6e9bc0f4-a324-4be3-b201-2d39df7dad8a:c1726, cffe1303-2f93-4087-8a62-a40745db49f2:c1726]
2019-07-10 09:50:43,974 INFO  client.GrpcClientProtocolClient (GrpcClientProtocolClient.java:onNext(255)) - client-7D6108789623->f80c66c4-8a3d-47db-b3f8-20b0bcb8a3f5: receive RaftClientReply:client-7D6108789623->f80c66c4-8a3d-47db-b3f8-20b0bcb8a3f5@group-7D2873B646E2, cid=1246, SUCCESS, logIndex=1730, commits[f80c66c4-8a3d-47db-b3f8-20b0bcb8a3f5:c1730, 6e9bc0f4-a324-4be3-b201-2d39df7dad8a:c1726, cffe1303-2f93-4087-8a62-a40745db49f2:c1726]
2019-07-10 09:50:43,984 INFO  client.GrpcClientProtocolClient (GrpcClientProtocolClient.java:onNext(255)) - client-7D6108789623->f80c66c4-8a3d-47db-b3f8-20b0bcb8a3f5: receive RaftClientReply:client-7D6108789623->f80c66c4-8a3d-47db-b3f8-20b0bcb8a3f5@group-7D2873B646E2, cid=1247, SUCCESS, logIndex=0, commits[f80c66c4-8a3d-47db-b3f8-20b0bcb8a3f5:c1731, 6e9bc0f4-a324-4be3-b201-2d39df7dad8a:c1730, cffe1303-2f93-4087-8a62-a40745db49f2:c1730]
2019-07-10 09:50:44,019 INFO  client.GrpcClientProtocolClient (GrpcClientProtocolClient.java:onNext(255)) - client-7D6108789623->f80c66c4-8a3d-47db-b3f8-20b0bcb8a3f5: receive RaftClientReply:client-7D6108789623->f80c66c4-8a3d-47db-b3f8-20b0bcb8a3f5@group-7D2873B646E2, cid=1248, SUCCESS, logIndex=1733, commits[f80c66c4-8a3d-47db-b3f8-20b0bcb8a3f5:c1734, 6e9bc0f4-a324-4be3-b201-2d39df7dad8a:c1732, cffe1303-2f93-4087-8a62-a40745db49f2:c1732]
2019-07-10 09:50:44,020 INFO  client.GrpcClientProtocolClient (GrpcClientProtocolClient.java:onNext(255)) - client-7D6108789623->f80c66c4-8a3d-47db-b3f8-20b0bcb8a3f5: receive RaftClientReply:client-7D6108789623->f80c66c4-8a3d-47db-b3f8-20b0bcb8a3f5@group-7D2873B646E2, cid=1249, SUCCESS, logIndex=1734, commits[f80c66c4-8a3d-47db-b3f8-20b0bcb8a3f5:c1734, 6e9bc0f4-a324-4be3-b201-2d39df7dad8a:c1732, cffe1303-2f93-4087-8a62-a40745db49f2:c1732]
2019-07-10 09:50:44,021 INFO  client.GrpcClientProtocolClient (GrpcClientProtocolClient.java:onNext(255)) - client-7D6108789623->f80c66c4-8a3d-47db-b3f8-20b0bcb8a3f5: receive RaftClientReply:client-7D6108789623->f80c66c4-8a3d-47db-b3f8-20b0bcb8a3f5@group-7D2873B646E2, cid=1250, SUCCESS, logIndex=1735, commits[f80c66c4-8a3d-47db-b3f8-20b0bcb8a3f5:c1736, 6e9bc0f4-a324-4be3-b201-2d39df7dad8a:c1732, cffe1303-2f93-4087-8a62-a40745db49f2:c1732]
2019-07-10 09:50:44,021 INFO  client.GrpcClientProtocolClient (GrpcClientProtocolClient.java:onNext(255)) - client-7D6108789623->f80c66c4-8a3d-47db-b3f8-20b0bcb8a3f5: receive RaftClientReply:client-7D6108789623->f80c66c4-8a3d-47db-b3f8-20b0bcb8a3f5@group-7D2873B646E2, cid=1251, SUCCESS, logIndex=1736, commits[f80c66c4-8a3d-47db-b3f8-20b0bcb8a3f5:c1736, 6e9bc0f4-a324-4be3-b201-2d39df7dad8a:c1732, cffe1303-2f93-4087-8a62-a40745db49f2:c1732]
2019-07-10 09:50:44,022 INFO  client.GrpcClientProtocolClient (GrpcClientProtocolClient.java:onNext(255)) - client-7D6108789623->f80c66c4-8a3d-47db-b3f8-20b0bcb8a3f5: receive RaftClientReply:client-7D6108789623->f80c66c4-8a3d-47db-b3f8-20b0bcb8a3f5@group-7D2873B646E2, cid=1252, SUCCESS, logIndex=0, commits[f80c66c4-8a3d-47db-b3f8-20b0bcb8a3f5:c1738, 6e9bc0f4-a324-4be3-b201-2d39df7dad8a:c1734, cffe1303-2f93-4087-8a62-a40745db49f2:c1734]
 0.00% |█                                                                                                    |  0/1 Time: 0:00:082019-07-10 09:50:44,042 INFO  client.GrpcClientProtocolClient (GrpcClientProtocolClient.java:onNext(255)) - client-7D6108789623->f80c66c4-8a3d-47db-b3f8-20b0bcb8a3f5: receive RaftClientReply:client-7D6108789623->f80c66c4-8a3d-47db-b3f8-20b0bcb8a3f5@group-7D2873B646E2, cid=1253, SUCCESS, logIndex=1741, commits[f80c66c4-8a3d-47db-b3f8-20b0bcb8a3f5:c1742, 6e9bc0f4-a324-4be3-b201-2d39df7dad8a:c1740, cffe1303-2f93-4087-8a62-a40745db49f2:c1740]
2019-07-10 09:50:44,042 INFO  client.GrpcClientProtocolClient (GrpcClientProtocolClient.java:onNext(255)) - client-7D6108789623->f80c66c4-8a3d-47db-b3f8-20b0bcb8a3f5: receive RaftClientReply:client-7D6108789623->f80c66c4-8a3d-47db-b3f8-20b0bcb8a3f5@group-7D2873B646E2, cid=1254, SUCCESS, logIndex=1742, commits[f80c66c4-8a3d-47db-b3f8-20b0bcb8a3f5:c1742, 6e9bc0f4-a324-4be3-b201-2d39df7dad8a:c1740, cffe1303-2f93-4087-8a62-a40745db49f2:c1740]
2019-07-10 09:50:44,059 INFO  client.GrpcClientProtocolClient (GrpcClientProtocolClient.java:onNext(255)) - client-7D6108789623->f80c66c4-8a3d-47db-b3f8-20b0bcb8a3f5: receive RaftClientReply:client-7D6108789623->f80c66c4-8a3d-47db-b3f8-20b0bcb8a3f5@group-7D2873B646E2, cid=1255, SUCCESS, logIndex=1745, commits[f80c66c4-8a3d-47db-b3f8-20b0bcb8a3f5:c1746, 6e9bc0f4-a324-4be3-b201-2d39df7dad8a:c1744, cffe1303-2f93-4087-8a62-a40745db49f2:c1744]
2019-07-10 09:50:44,059 INFO  client.GrpcClientProtocolClient (GrpcClientProtocolClient.java:onNext(255)) - client-7D6108789623->f80c66c4-8a3d-47db-b3f8-20b0bcb8a3f5: receive RaftClientReply:client-7D6108789623->f80c66c4-8a3d-47db-b3f8-20b0bcb8a3f5@group-7D2873B646E2, cid=1256, SUCCESS, logIndex=1746, commits[f80c66c4-8a3d-47db-b3f8-20b0bcb8a3f5:c1746, 6e9bc0f4-a324-4be3-b201-2d39df7dad8a:c1744, cffe1303-2f93-4087-8a62-a40745db49f2:c1744]
2019-07-10 09:50:44,080 INFO  client.GrpcClientProtocolClient (GrpcClientProtocolClient.java:onNext(255)) - client-7D6108789623->f80c66c4-8a3d-47db-b3f8-20b0bcb8a3f5: receive RaftClientReply:client-7D6108789623->f80c66c4-8a3d-47db-b3f8-20b0bcb8a3f5@group-7D2873B646E2, cid=1257, SUCCESS, logIndex=0, commits[f80c66c4-8a3d-47db-b3f8-20b0bcb8a3f5:c1747, 6e9bc0f4-a324-4be3-b201-2d39df7dad8a:c1746, cffe1303-2f93-4087-8a62-a40745db49f2:c1746]
2019-07-10 09:50:44,109 INFO  client.GrpcClientProtocolClient (GrpcClientProtocolClient.java:onNext(255)) - client-7D6108789623->f80c66c4-8a3d-47db-b3f8-20b0bcb8a3f5: receive RaftClientReply:client-7D6108789623->f80c66c4-8a3d-47db-b3f8-20b0bcb8a3f5@group-7D2873B646E2, cid=1258, SUCCESS, logIndex=1749, commits[f80c66c4-8a3d-47db-b3f8-20b0bcb8a3f5:c1750, 6e9bc0f4-a324-4be3-b201-2d39df7dad8a:c1748, cffe1303-2f93-4087-8a62-a40745db49f2:c1748]
2019-07-10 09:50:44,110 INFO  client.GrpcClientProtocolClient (GrpcClientProtocolClient.java:onNext(255)) - client-7D6108789623->f80c66c4-8a3d-47db-b3f8-20b0bcb8a3f5: receive RaftClientReply:client-7D6108789623->f80c66c4-8a3d-47db-b3f8-20b0bcb8a3f5@group-7D2873B646E2, cid=1259, SUCCESS, logIndex=1750, commits[f80c66c4-8a3d-47db-b3f8-20b0bcb8a3f5:c1752, 6e9bc0f4-a324-4be3-b201-2d39df7dad8a:c1748, cffe1303-2f93-4087-8a62-a40745db49f2:c1748]
2019-07-10 09:50:44,110 INFO  client.GrpcClientProtocolClient (GrpcClientProtocolClient.java:onNext(255)) - client-7D6108789623->f80c66c4-8a3d-47db-b3f8-20b0bcb8a3f5: receive RaftClientReply:client-7D6108789623->f80c66c4-8a3d-47db-b3f8-20b0bcb8a3f5@group-7D2873B646E2, cid=1260, SUCCESS, logIndex=1751, commits[f80c66c4-8a3d-47db-b3f8-20b0bcb8a3f5:c1752, 6e9bc0f4-a324-4be3-b201-2d39df7dad8a:c1748, cffe1303-2f93-4087-8a62-a40745db49f2:c1748]
2019-07-10 09:50:44,110 INFO  client.GrpcClientProtocolClient (GrpcClientProtocolClient.java:onNext(255)) - client-7D6108789623->f80c66c4-8a3d-47db-b3f8-20b0bcb8a3f5: receive RaftClientReply:client-7D6108789623->f80c66c4-8a3d-47db-b3f8-20b0bcb8a3f5@group-7D2873B646E2, cid=1261, SUCCESS, logIndex=1752, commits[f80c66c4-8a3d-47db-b3f8-20b0bcb8a3f5:c1752, 6e9bc0f4-a324-4be3-b201-2d39df7dad8a:c1748, cffe1303-2f93-4087-8a62-a40745db49f2:c1748]
2019-07-10 09:50:44,111 INFO  client.GrpcClientProtocolClient (GrpcClientProtocolClient.java:onNext(255)) - client-7D6108789623->f80c66c4-8a3d-47db-b3f8-20b0bcb8a3f5: receive RaftClientReply:client-7D6108789623->f80c66c4-8a3d-47db-b3f8-20b0bcb8a3f5@group-7D2873B646E2, cid=1262, SUCCESS, logIndex=0, commits[f80c66c4-8a3d-47db-b3f8-20b0bcb8a3f5:c1753, 6e9bc0f4-a324-4be3-b201-2d39df7dad8a:c1750, cffe1303-2f93-4087-8a62-a40745db49f2:c1750]
2019-07-10 09:50:44,123 INFO  client.GrpcClientProtocolClient (GrpcClientProtocolClient.java:onNext(255)) - client-7D6108789623->f80c66c4-8a3d-47db-b3f8-20b0bcb8a3f5: receive RaftClientReply:client-7D6108789623->f80c66c4-8a3d-47db-b3f8-20b0bcb8a3f5@group-7D2873B646E2, cid=1263, SUCCESS, logIndex=1757, commits[f80c66c4-8a3d-47db-b3f8-20b0bcb8a3f5:c1758, 6e9bc0f4-a324-4be3-b201-2d39df7dad8a:c1754, cffe1303-2f93-4087-8a62-a40745db49f2:c1754]
2019-07-10 09:50:44,123 INFO  client.GrpcClientProtocolClient (GrpcClientProtocolClient.java:onNext(255)) - client-7D6108789623->f80c66c4-8a3d-47db-b3f8-20b0bcb8a3f5: receive RaftClientReply:client-7D6108789623->f80c66c4-8a3d-47db-b3f8-20b0bcb8a3f5@group-7D2873B646E2, cid=1264, SUCCESS, logIndex=1758, commits[f80c66c4-8a3d-47db-b3f8-20b0bcb8a3f5:c1758, 6e9bc0f4-a324-4be3-b201-2d39df7dad8a:c1754, cffe1303-2f93-4087-8a62-a40745db49f2:c1754]
2019-07-10 09:50:44,137 INFO  client.GrpcClientProtocolClient (GrpcClientProtocolClient.java:onNext(255)) - client-7D6108789623->f80c66c4-8a3d-47db-b3f8-20b0bcb8a3f5: receive RaftClientReply:client-7D6108789623->f80c66c4-8a3d-47db-b3f8-20b0bcb8a3f5@group-7D2873B646E2, cid=1265, SUCCESS, logIndex=1761, commits[f80c66c4-8a3d-47db-b3f8-20b0bcb8a3f5:c1762, 6e9bc0f4-a324-4be3-b201-2d39df7dad8a:c1759, cffe1303-2f93-4087-8a62-a40745db49f2:c1758]
2019-07-10 09:50:44,138 INFO  client.GrpcClientProtocolClient (GrpcClientProtocolClient.java:onNext(255)) - client-7D6108789623->f80c66c4-8a3d-47db-b3f8-20b0bcb8a3f5: receive RaftClientReply:client-7D6108789623->f80c66c4-8a3d-47db-b3f8-20b0bcb8a3f5@group-7D2873B646E2, cid=1266, SUCCESS, logIndex=1762, commits[f80c66c4-8a3d-47db-b3f8-20b0bcb8a3f5:c1762, 6e9bc0f4-a324-4be3-b201-2d39df7dad8a:c1759, cffe1303-2f93-4087-8a62-a40745db49f2:c1759]
2019-07-10 09:50:44,158 INFO  client.GrpcClientProtocolClient (GrpcClientProtocolClient.java:onNext(255)) - client-7D6108789623->f80c66c4-8a3d-47db-b3f8-20b0bcb8a3f5: receive RaftClientReply:client-7D6108789623->f80c66c4-8a3d-47db-b3f8-20b0bcb8a3f5@group-7D2873B646E2, cid=1267, SUCCESS, logIndex=0, commits[f80c66c4-8a3d-47db-b3f8-20b0bcb8a3f5:c1764, 6e9bc0f4-a324-4be3-b201-2d39df7dad8a:c1762, cffe1303-2f93-4087-8a62-a40745db49f2:c1762]
2019-07-10 09:50:44,180 INFO  client.GrpcClientProtocolClient (GrpcClientProtocolClient.java:onNext(255)) - client-7D6108789623->f80c66c4-8a3d-47db-b3f8-20b0bcb8a3f5: receive RaftClientReply:client-7D6108789623->f80c66c4-8a3d-47db-b3f8-20b0bcb8a3f5@group-7D2873B646E2, cid=1268, SUCCESS, logIndex=1765, commits[f80c66c4-8a3d-47db-b3f8-20b0bcb8a3f5:c1766, 6e9bc0f4-a324-4be3-b201-2d39df7dad8a:c1762, cffe1303-2f93-4087-8a62-a40745db49f2:c1764]
2019-07-10 09:50:44,180 INFO  client.GrpcClientProtocolClient (GrpcClientProtocolClient.java:onNext(255)) - client-7D6108789623->f80c66c4-8a3d-47db-b3f8-20b0bcb8a3f5: receive RaftClientReply:client-7D6108789623->f80c66c4-8a3d-47db-b3f8-20b0bcb8a3f5@group-7D2873B646E2, cid=1269, SUCCESS, logIndex=1766, commits[f80c66c4-8a3d-47db-b3f8-20b0bcb8a3f5:c1766, 6e9bc0f4-a324-4be3-b201-2d39df7dad8a:c1764, cffe1303-2f93-4087-8a62-a40745db49f2:c1764]
2019-07-10 09:50:44,182 INFO  client.GrpcClientProtocolClient (GrpcClientProtocolClient.java:onNext(255)) - client-7D6108789623->f80c66c4-8a3d-47db-b3f8-20b0bcb8a3f5: receive RaftClientReply:client-7D6108789623->f80c66c4-8a3d-47db-b3f8-20b0bcb8a3f5@group-7D2873B646E2, cid=1270, SUCCESS, logIndex=1767, commits[f80c66c4-8a3d-47db-b3f8-20b0bcb8a3f5:c1768, 6e9bc0f4-a324-4be3-b201-2d39df7dad8a:c1764, cffe1303-2f93-4087-8a62-a40745db49f2:c1764]
2019-07-10 09:50:44,183 INFO  client.GrpcClientProtocolClient (GrpcClientProtocolClient.java:onNext(255)) - client-7D6108789623->f80c66c4-8a3d-47db-b3f8-20b0bcb8a3f5: receive RaftClientReply:client-7D6108789623->f80c66c4-8a3d-47db-b3f8-20b0bcb8a3f5@group-7D2873B646E2, cid=1271, SUCCESS, logIndex=1768, commits[f80c66c4-8a3d-47db-b3f8-20b0bcb8a3f5:c1768, 6e9bc0f4-a324-4be3-b201-2d39df7dad8a:c1764, cffe1303-2f93-4087-8a62-a40745db49f2:c1764]
2019-07-10 09:50:44,194 INFO  client.GrpcClientProtocolClient (GrpcClientProtocolClient.java:onNext(255)) - client-7D6108789623->f80c66c4-8a3d-47db-b3f8-20b0bcb8a3f5: receive RaftClientReply:client-7D6108789623->f80c66c4-8a3d-47db-b3f8-20b0bcb8a3f5@group-7D2873B646E2, cid=1272, SUCCESS, logIndex=0, commits[f80c66c4-8a3d-47db-b3f8-20b0bcb8a3f5:c1769, 6e9bc0f4-a324-4be3-b201-2d39df7dad8a:c1766, cffe1303-2f93-4087-8a62-a40745db49f2:c1766]
2019-07-10 09:50:44,303 INFO  client.GrpcClientProtocolClient (GrpcClientProtocolClient.java:onNext(255)) - client-7D6108789623->f80c66c4-8a3d-47db-b3f8-20b0bcb8a3f5: receive RaftClientReply:client-7D6108789623->f80c66c4-8a3d-47db-b3f8-20b0bcb8a3f5@group-7D2873B646E2, cid=1273, SUCCESS, logIndex=1771, commits[f80c66c4-8a3d-47db-b3f8-20b0bcb8a3f5:c1772, 6e9bc0f4-a324-4be3-b201-2d39df7dad8a:c1770, cffe1303-2f93-4087-8a62-a40745db49f2:c1770]
2019-07-10 09:50:44,304 INFO  client.GrpcClientProtocolClient (GrpcClientProtocolClient.java:onNext(255)) - client-7D6108789623->f80c66c4-8a3d-47db-b3f8-20b0bcb8a3f5: receive RaftClientReply:client-7D6108789623->f80c66c4-8a3d-47db-b3f8-20b0bcb8a3f5@group-7D2873B646E2, cid=1274, SUCCESS, logIndex=1772, commits[f80c66c4-8a3d-47db-b3f8-20b0bcb8a3f5:c1772, 6e9bc0f4-a324-4be3-b201-2d39df7dad8a:c1770, cffe1303-2f93-4087-8a62-a40745db49f2:c1770]
2019-07-10 09:50:44,327 INFO  client.GrpcClientProtocolClient (GrpcClientProtocolClient.java:onNext(255)) - client-7D6108789623->f80c66c4-8a3d-47db-b3f8-20b0bcb8a3f5: receive RaftClientReply:client-7D6108789623->f80c66c4-8a3d-47db-b3f8-20b0bcb8a3f5@group-7D2873B646E2, cid=1275, SUCCESS, logIndex=1775, commits[f80c66c4-8a3d-47db-b3f8-20b0bcb8a3f5:c1776, 6e9bc0f4-a324-4be3-b201-2d39df7dad8a:c1772, cffe1303-2f93-4087-8a62-a40745db49f2:c1772]
2019-07-10 09:50:44,327 INFO  client.GrpcClientProtocolClient (GrpcClientProtocolClient.java:onNext(255)) - client-7D6108789623->f80c66c4-8a3d-47db-b3f8-20b0bcb8a3f5: receive RaftClientReply:client-7D6108789623->f80c66c4-8a3d-47db-b3f8-20b0bcb8a3f5@group-7D2873B646E2, cid=1276, SUCCESS, logIndex=1776, commits[f80c66c4-8a3d-47db-b3f8-20b0bcb8a3f5:c1776, 6e9bc0f4-a324-4be3-b201-2d39df7dad8a:c1772, cffe1303-2f93-4087-8a62-a40745db49f2:c1772]
2019-07-10 09:50:44,341 INFO  client.GrpcClientProtocolClient (GrpcClientProtocolClient.java:onNext(255)) - client-7D6108789623->f80c66c4-8a3d-47db-b3f8-20b0bcb8a3f5: receive RaftClientReply:client-7D6108789623->f80c66c4-8a3d-47db-b3f8-20b0bcb8a3f5@group-7D2873B646E2, cid=1277, SUCCESS, logIndex=0, commits[f80c66c4-8a3d-47db-b3f8-20b0bcb8a3f5:c1778, 6e9bc0f4-a324-4be3-b201-2d39df7dad8a:c1776, cffe1303-2f93-4087-8a62-a40745db49f2:c1776]
2019-07-10 09:50:44,371 INFO  client.GrpcClientProtocolClient (GrpcClientProtocolClient.java:onNext(255)) - client-7D6108789623->f80c66c4-8a3d-47db-b3f8-20b0bcb8a3f5: receive RaftClientReply:client-7D6108789623->f80c66c4-8a3d-47db-b3f8-20b0bcb8a3f5@group-7D2873B646E2, cid=1278, SUCCESS, logIndex=1779, commits[f80c66c4-8a3d-47db-b3f8-20b0bcb8a3f5:c1780, 6e9bc0f4-a324-4be3-b201-2d39df7dad8a:c1778, cffe1303-2f93-4087-8a62-a40745db49f2:c1778]
2019-07-10 09:50:44,372 INFO  client.GrpcClientProtocolClient (GrpcClientProtocolClient.java:onNext(255)) - client-7D6108789623->f80c66c4-8a3d-47db-b3f8-20b0bcb8a3f5: receive RaftClientReply:client-7D6108789623->f80c66c4-8a3d-47db-b3f8-20b0bcb8a3f5@group-7D2873B646E2, cid=1279, SUCCESS, logIndex=1780, commits[f80c66c4-8a3d-47db-b3f8-20b0bcb8a3f5:c1782, 6e9bc0f4-a324-4be3-b201-2d39df7dad8a:c1778, cffe1303-2f93-4087-8a62-a40745db49f2:c1778]
2019-07-10 09:50:44,372 INFO  client.GrpcClientProtocolClient (GrpcClientProtocolClient.java:onNext(255)) - client-7D6108789623->f80c66c4-8a3d-47db-b3f8-20b0bcb8a3f5: receive RaftClientReply:client-7D6108789623->f80c66c4-8a3d-47db-b3f8-20b0bcb8a3f5@group-7D2873B646E2, cid=1280, SUCCESS, logIndex=1781, commits[f80c66c4-8a3d-47db-b3f8-20b0bcb8a3f5:c1782, 6e9bc0f4-a324-4be3-b201-2d39df7dad8a:c1778, cffe1303-2f93-4087-8a62-a40745db49f2:c1778]
2019-07-10 09:50:44,372 INFO  client.GrpcClientProtocolClient (GrpcClientProtocolClient.java:onNext(255)) - client-7D6108789623->f80c66c4-8a3d-47db-b3f8-20b0bcb8a3f5: receive RaftClientReply:client-7D6108789623->f80c66c4-8a3d-47db-b3f8-20b0bcb8a3f5@group-7D2873B646E2, cid=1281, SUCCESS, logIndex=1782, commits[f80c66c4-8a3d-47db-b3f8-20b0bcb8a3f5:c1782, 6e9bc0f4-a324-4be3-b201-2d39df7dad8a:c1778, cffe1303-2f93-4087-8a62-a40745db49f2:c1778]
2019-07-10 09:50:44,387 INFO  client.GrpcClientProtocolClient (GrpcClientProtocolClient.java:onNext(255)) - client-7D6108789623->f80c66c4-8a3d-47db-b3f8-20b0bcb8a3f5: receive RaftClientReply:client-7D6108789623->f80c66c4-8a3d-47db-b3f8-20b0bcb8a3f5@group-7D2873B646E2, cid=1282, SUCCESS, logIndex=0, commits[f80c66c4-8a3d-47db-b3f8-20b0bcb8a3f5:c1783, 6e9bc0f4-a324-4be3-b201-2d39df7dad8a:c1780, cffe1303-2f93-4087-8a62-a40745db49f2:c1780]
2019-07-10 09:50:44,399 INFO  client.GrpcClientProtocolClient (GrpcClientProtocolClient.java:onNext(255)) - client-7D6108789623->f80c66c4-8a3d-47db-b3f8-20b0bcb8a3f5: receive RaftClientReply:client-7D6108789623->f80c66c4-8a3d-47db-b3f8-20b0bcb8a3f5@group-7D2873B646E2, cid=1283, SUCCESS, logIndex=1786, commits[f80c66c4-8a3d-47db-b3f8-20b0bcb8a3f5:c1787, 6e9bc0f4-a324-4be3-b201-2d39df7dad8a:c1782, cffe1303-2f93-4087-8a62-a40745db49f2:c1784]
2019-07-10 09:50:44,399 INFO  client.GrpcClientProtocolClient (GrpcClientProtocolClient.java:onNext(255)) - client-7D6108789623->f80c66c4-8a3d-47db-b3f8-20b0bcb8a3f5: receive RaftClientReply:client-7D6108789623->f80c66c4-8a3d-47db-b3f8-20b0bcb8a3f5@group-7D2873B646E2, cid=1284, SUCCESS, logIndex=1787, commits[f80c66c4-8a3d-47db-b3f8-20b0bcb8a3f5:c1787, 6e9bc0f4-a324-4be3-b201-2d39df7dad8a:c1784, cffe1303-2f93-4087-8a62-a40745db49f2:c1784]
2019-07-10 09:50:44,426 INFO  client.GrpcClientProtocolClient (GrpcClientProtocolClient.java:onNext(255)) - client-7D6108789623->f80c66c4-8a3d-47db-b3f8-20b0bcb8a3f5: receive RaftClientReply:client-7D6108789623->f80c66c4-8a3d-47db-b3f8-20b0bcb8a3f5@group-7D2873B646E2, cid=1285, SUCCESS, logIndex=1790, commits[f80c66c4-8a3d-47db-b3f8-20b0bcb8a3f5:c1791, 6e9bc0f4-a324-4be3-b201-2d39df7dad8a:c1787, cffe1303-2f93-4087-8a62-a40745db49f2:c1787]
2019-07-10 09:50:44,426 INFO  client.GrpcClientProtocolClient (GrpcClientProtocolClient.java:onNext(255)) - client-7D6108789623->f80c66c4-8a3d-47db-b3f8-20b0bcb8a3f5: receive RaftClientReply:client-7D6108789623->f80c66c4-8a3d-47db-b3f8-20b0bcb8a3f5@group-7D2873B646E2, cid=1286, SUCCESS, logIndex=1791, commits[f80c66c4-8a3d-47db-b3f8-20b0bcb8a3f5:c1791, 6e9bc0f4-a324-4be3-b201-2d39df7dad8a:c1787, cffe1303-2f93-4087-8a62-a40745db49f2:c1787]
2019-07-10 09:50:44,437 INFO  client.GrpcClientProtocolClient (GrpcClientProtocolClient.java:onNext(255)) - client-7D6108789623->f80c66c4-8a3d-47db-b3f8-20b0bcb8a3f5: receive RaftClientReply:client-7D6108789623->f80c66c4-8a3d-47db-b3f8-20b0bcb8a3f5@group-7D2873B646E2, cid=1287, SUCCESS, logIndex=0, commits[f80c66c4-8a3d-47db-b3f8-20b0bcb8a3f5:c1793, 6e9bc0f4-a324-4be3-b201-2d39df7dad8a:c1791, cffe1303-2f93-4087-8a62-a40745db49f2:c1791]
2019-07-10 09:50:44,456 INFO  client.GrpcClientProtocolClient (GrpcClientProtocolClient.java:onNext(255)) - client-7D6108789623->f80c66c4-8a3d-47db-b3f8-20b0bcb8a3f5: receive RaftClientReply:client-7D6108789623->f80c66c4-8a3d-47db-b3f8-20b0bcb8a3f5@group-7D2873B646E2, cid=1288, SUCCESS, logIndex=1794, commits[f80c66c4-8a3d-47db-b3f8-20b0bcb8a3f5:c1795, 6e9bc0f4-a324-4be3-b201-2d39df7dad8a:c1793, cffe1303-2f93-4087-8a62-a40745db49f2:c1793]
2019-07-10 09:50:44,456 INFO  client.GrpcClientProtocolClient (GrpcClientProtocolClient.java:onNext(255)) - client-7D6108789623->f80c66c4-8a3d-47db-b3f8-20b0bcb8a3f5: receive RaftClientReply:client-7D6108789623->f80c66c4-8a3d-47db-b3f8-20b0bcb8a3f5@group-7D2873B646E2, cid=1289, SUCCESS, logIndex=1795, commits[f80c66c4-8a3d-47db-b3f8-20b0bcb8a3f5:c1795, 6e9bc0f4-a324-4be3-b201-2d39df7dad8a:c1793, cffe1303-2f93-4087-8a62-a40745db49f2:c1793]
2019-07-10 09:50:44,461 INFO  client.GrpcClientProtocolClient (GrpcClientProtocolClient.java:onNext(255)) - client-7D6108789623->f80c66c4-8a3d-47db-b3f8-20b0bcb8a3f5: receive RaftClientReply:client-7D6108789623->f80c66c4-8a3d-47db-b3f8-20b0bcb8a3f5@group-7D2873B646E2, cid=1290, SUCCESS, logIndex=1796, commits[f80c66c4-8a3d-47db-b3f8-20b0bcb8a3f5:c1797, 6e9bc0f4-a324-4be3-b201-2d39df7dad8a:c1794, cffe1303-2f93-4087-8a62-a40745db49f2:c1793]
2019-07-10 09:50:44,461 INFO  client.GrpcClientProtocolClient (GrpcClientProtocolClient.java:onNext(255)) - client-7D6108789623->f80c66c4-8a3d-47db-b3f8-20b0bcb8a3f5: receive RaftClientReply:client-7D6108789623->f80c66c4-8a3d-47db-b3f8-20b0bcb8a3f5@group-7D2873B646E2, cid=1291, SUCCESS, logIndex=1797, commits[f80c66c4-8a3d-47db-b3f8-20b0bcb8a3f5:c1799, 6e9bc0f4-a324-4be3-b201-2d39df7dad8a:c1795, cffe1303-2f93-4087-8a62-a40745db49f2:c1794]
2019-07-10 09:50:44,462 INFO  client.GrpcClientProtocolClient (GrpcClientProtocolClient.java:onNext(255)) - client-7D6108789623->f80c66c4-8a3d-47db-b3f8-20b0bcb8a3f5: receive RaftClientReply:client-7D6108789623->f80c66c4-8a3d-47db-b3f8-20b0bcb8a3f5@group-7D2873B646E2, cid=1292, SUCCESS, logIndex=0, commits[f80c66c4-8a3d-47db-b3f8-20b0bcb8a3f5:c1799, 6e9bc0f4-a324-4be3-b201-2d39df7dad8a:c1795, cffe1303-2f93-4087-8a62-a40745db49f2:c1795]
2019-07-10 09:50:44,474 INFO  client.GrpcClientProtocolClient (GrpcClientProtocolClient.java:onNext(255)) - client-7D6108789623->f80c66c4-8a3d-47db-b3f8-20b0bcb8a3f5: receive RaftClientReply:client-7D6108789623->f80c66c4-8a3d-47db-b3f8-20b0bcb8a3f5@group-7D2873B646E2, cid=1293, SUCCESS, logIndex=1802, commits[f80c66c4-8a3d-47db-b3f8-20b0bcb8a3f5:c1803, 6e9bc0f4-a324-4be3-b201-2d39df7dad8a:c1796, cffe1303-2f93-4087-8a62-a40745db49f2:c1799]
2019-07-10 09:50:44,474 INFO  client.GrpcClientProtocolClient (GrpcClientProtocolClient.java:onNext(255)) - client-7D6108789623->f80c66c4-8a3d-47db-b3f8-20b0bcb8a3f5: receive RaftClientReply:client-7D6108789623->f80c66c4-8a3d-47db-b3f8-20b0bcb8a3f5@group-7D2873B646E2, cid=1294, SUCCESS, logIndex=1803, commits[f80c66c4-8a3d-47db-b3f8-20b0bcb8a3f5:c1803, 6e9bc0f4-a324-4be3-b201-2d39df7dad8a:c1796, cffe1303-2f93-4087-8a62-a40745db49f2:c1799]
2019-07-10 09:50:44,483 INFO  client.GrpcClientProtocolClient (GrpcClientProtocolClient.java:onNext(255)) - client-7D6108789623->f80c66c4-8a3d-47db-b3f8-20b0bcb8a3f5: receive RaftClientReply:client-7D6108789623->f80c66c4-8a3d-47db-b3f8-20b0bcb8a3f5@group-7D2873B646E2, cid=1295, SUCCESS, logIndex=0, commits[f80c66c4-8a3d-47db-b3f8-20b0bcb8a3f5:c1803, 6e9bc0f4-a324-4be3-b201-2d39df7dad8a:c1797, cffe1303-2f93-4087-8a62-a40745db49f2:c1799]
2019-07-10 09:50:44,503 INFO  client.GrpcClientProtocolClient (GrpcClientProtocolClient.java:onNext(255)) - client-7D6108789623->f80c66c4-8a3d-47db-b3f8-20b0bcb8a3f5: receive RaftClientReply:client-7D6108789623->f80c66c4-8a3d-47db-b3f8-20b0bcb8a3f5@group-7D2873B646E2, cid=1296, SUCCESS, logIndex=1806, commits[f80c66c4-8a3d-47db-b3f8-20b0bcb8a3f5:c1807, 6e9bc0f4-a324-4be3-b201-2d39df7dad8a:c1805, cffe1303-2f93-4087-8a62-a40745db49f2:c1805]
2019-07-10 09:50:44,503 INFO  client.GrpcClientProtocolClient (GrpcClientProtocolClient.java:onNext(255)) - client-7D6108789623->f80c66c4-8a3d-47db-b3f8-20b0bcb8a3f5: receive RaftClientReply:client-7D6108789623->f80c66c4-8a3d-47db-b3f8-20b0bcb8a3f5@group-7D2873B646E2, cid=1297, SUCCESS, logIndex=1807, commits[f80c66c4-8a3d-47db-b3f8-20b0bcb8a3f5:c1807, 6e9bc0f4-a324-4be3-b201-2d39df7dad8a:c1805, cffe1303-2f93-4087-8a62-a40745db49f2:c1805]
2019-07-10 09:50:44,516 INFO  client.GrpcClientProtocolClient (GrpcClientProtocolClient.java:onNext(255)) - client-7D6108789623->f80c66c4-8a3d-47db-b3f8-20b0bcb8a3f5: receive RaftClientReply:client-7D6108789623->f80c66c4-8a3d-47db-b3f8-20b0bcb8a3f5@group-7D2873B646E2, cid=1298, SUCCESS, logIndex=0, commits[f80c66c4-8a3d-47db-b3f8-20b0bcb8a3f5:c1809, 6e9bc0f4-a324-4be3-b201-2d39df7dad8a:c1807, cffe1303-2f93-4087-8a62-a40745db49f2:c1807]
2019-07-10 09:50:44,545 INFO  client.GrpcClientProtocolClient (GrpcClientProtocolClient.java:onNext(255)) - client-7D6108789623->f80c66c4-8a3d-47db-b3f8-20b0bcb8a3f5: receive RaftClientReply:client-7D6108789623->f80c66c4-8a3d-47db-b3f8-20b0bcb8a3f5@group-7D2873B646E2, cid=1299, SUCCESS, logIndex=1810, commits[f80c66c4-8a3d-47db-b3f8-20b0bcb8a3f5:c1811, 6e9bc0f4-a324-4be3-b201-2d39df7dad8a:c1809, cffe1303-2f93-4087-8a62-a40745db49f2:c1809]
2019-07-10 09:50:44,546 INFO  client.GrpcClientProtocolClient (GrpcClientProtocolClient.java:onNext(255)) - client-7D6108789623->f80c66c4-8a3d-47db-b3f8-20b0bcb8a3f5: receive RaftClientReply:client-7D6108789623->f80c66c4-8a3d-47db-b3f8-20b0bcb8a3f5@group-7D2873B646E2, cid=1300, SUCCESS, logIndex=1811, commits[f80c66c4-8a3d-47db-b3f8-20b0bcb8a3f5:c1811, 6e9bc0f4-a324-4be3-b201-2d39df7dad8a:c1809, cffe1303-2f93-4087-8a62-a40745db49f2:c1809]
2019-07-10 09:50:44,558 INFO  client.GrpcClientProtocolClient (GrpcClientProtocolClient.java:onNext(255)) - client-7D6108789623->f80c66c4-8a3d-47db-b3f8-20b0bcb8a3f5: receive RaftClientReply:client-7D6108789623->f80c66c4-8a3d-47db-b3f8-20b0bcb8a3f5@group-7D2873B646E2, cid=1301, SUCCESS, logIndex=1812, commits[f80c66c4-8a3d-47db-b3f8-20b0bcb8a3f5:c1812, 6e9bc0f4-a324-4be3-b201-2d39df7dad8a:c1809, cffe1303-2f93-4087-8a62-a40745db49f2:c1809]
2019-07-10 09:50:44,558 INFO  client.GrpcClientProtocolClient (GrpcClientProtocolClient.java:onNext(255)) - client-7D6108789623->f80c66c4-8a3d-47db-b3f8-20b0bcb8a3f5: receive RaftClientReply:client-7D6108789623->f80c66c4-8a3d-47db-b3f8-20b0bcb8a3f5@group-7D2873B646E2, cid=1302, SUCCESS, logIndex=1813, commits[f80c66c4-8a3d-47db-b3f8-20b0bcb8a3f5:c1813, 6e9bc0f4-a324-4be3-b201-2d39df7dad8a:c1809, cffe1303-2f93-4087-8a62-a40745db49f2:c1809]
2019-07-10 09:50:44,560 INFO  client.GrpcClientProtocolClient (GrpcClientProtocolClient.java:onNext(255)) - client-7D6108789623->f80c66c4-8a3d-47db-b3f8-20b0bcb8a3f5: receive RaftClientReply:client-7D6108789623->f80c66c4-8a3d-47db-b3f8-20b0bcb8a3f5@group-7D2873B646E2, cid=1303, SUCCESS, logIndex=0, commits[f80c66c4-8a3d-47db-b3f8-20b0bcb8a3f5:c1815, 6e9bc0f4-a324-4be3-b201-2d39df7dad8a:c1811, cffe1303-2f93-4087-8a62-a40745db49f2:c1811]
2019-07-10 09:50:44,580 INFO  client.GrpcClientProtocolClient (GrpcClientProtocolClient.java:onNext(255)) - client-7D6108789623->f80c66c4-8a3d-47db-b3f8-20b0bcb8a3f5: receive RaftClientReply:client-7D6108789623->f80c66c4-8a3d-47db-b3f8-20b0bcb8a3f5@group-7D2873B646E2, cid=1304, SUCCESS, logIndex=1818, commits[f80c66c4-8a3d-47db-b3f8-20b0bcb8a3f5:c1819, 6e9bc0f4-a324-4be3-b201-2d39df7dad8a:c1817, cffe1303-2f93-4087-8a62-a40745db49f2:c1817]
2019-07-10 09:50:44,580 INFO  client.GrpcClientProtocolClient (GrpcClientProtocolClient.java:onNext(255)) - client-7D6108789623->f80c66c4-8a3d-47db-b3f8-20b0bcb8a3f5: receive RaftClientReply:client-7D6108789623->f80c66c4-8a3d-47db-b3f8-20b0bcb8a3f5@group-7D2873B646E2, cid=1305, SUCCESS, logIndex=1819, commits[f80c66c4-8a3d-47db-b3f8-20b0bcb8a3f5:c1819, 6e9bc0f4-a324-4be3-b201-2d39df7dad8a:c1817, cffe1303-2f93-4087-8a62-a40745db49f2:c1817]
2019-07-10 09:50:44,601 INFO  client.GrpcClientProtocolClient (GrpcClientProtocolClient.java:onNext(255)) - client-7D6108789623->f80c66c4-8a3d-47db-b3f8-20b0bcb8a3f5: receive RaftClientReply:client-7D6108789623->f80c66c4-8a3d-47db-b3f8-20b0bcb8a3f5@group-7D2873B646E2, cid=1306, SUCCESS, logIndex=1822, commits[f80c66c4-8a3d-47db-b3f8-20b0bcb8a3f5:c1822, 6e9bc0f4-a324-4be3-b201-2d39df7dad8a:c1819, cffe1303-2f93-4087-8a62-a40745db49f2:c1819]
2019-07-10 09:50:44,601 INFO  client.GrpcClientProtocolClient (GrpcClientProtocolClient.java:onNext(255)) - client-7D6108789623->f80c66c4-8a3d-47db-b3f8-20b0bcb8a3f5: receive RaftClientReply:client-7D6108789623->f80c66c4-8a3d-47db-b3f8-20b0bcb8a3f5@group-7D2873B646E2, cid=1307, SUCCESS, logIndex=1823, commits[f80c66c4-8a3d-47db-b3f8-20b0bcb8a3f5:c1823, 6e9bc0f4-a324-4be3-b201-2d39df7dad8a:c1819, cffe1303-2f93-4087-8a62-a40745db49f2:c1819]
2019-07-10 09:50:44,614 INFO  client.GrpcClientProtocolClient (GrpcClientProtocolClient.java:onNext(255)) - client-7D6108789623->f80c66c4-8a3d-47db-b3f8-20b0bcb8a3f5: receive RaftClientReply:client-7D6108789623->f80c66c4-8a3d-47db-b3f8-20b0bcb8a3f5@group-7D2873B646E2, cid=1308, SUCCESS, logIndex=0, commits[f80c66c4-8a3d-47db-b3f8-20b0bcb8a3f5:c1825, 6e9bc0f4-a324-4be3-b201-2d39df7dad8a:c1823, cffe1303-2f93-4087-8a62-a40745db49f2:c1823]
2019-07-10 09:50:44,640 INFO  client.GrpcClientProtocolClient (GrpcClientProtocolClient.java:onNext(255)) - client-7D6108789623->f80c66c4-8a3d-47db-b3f8-20b0bcb8a3f5: receive RaftClientReply:client-7D6108789623->f80c66c4-8a3d-47db-b3f8-20b0bcb8a3f5@group-7D2873B646E2, cid=1309, SUCCESS, logIndex=1826, commits[f80c66c4-8a3d-47db-b3f8-20b0bcb8a3f5:c1827, 6e9bc0f4-a324-4be3-b201-2d39df7dad8a:c1825, cffe1303-2f93-4087-8a62-a40745db49f2:c1825]
2019-07-10 09:50:44,640 INFO  client.GrpcClientProtocolClient (GrpcClientProtocolClient.java:onNext(255)) - client-7D6108789623->f80c66c4-8a3d-47db-b3f8-20b0bcb8a3f5: receive RaftClientReply:client-7D6108789623->f80c66c4-8a3d-47db-b3f8-20b0bcb8a3f5@group-7D2873B646E2, cid=1310, SUCCESS, logIndex=1827, commits[f80c66c4-8a3d-47db-b3f8-20b0bcb8a3f5:c1827, 6e9bc0f4-a324-4be3-b201-2d39df7dad8a:c1825, cffe1303-2f93-4087-8a62-a40745db49f2:c1825]
2019-07-10 09:50:44,650 INFO  client.GrpcClientProtocolClient (GrpcClientProtocolClient.java:onNext(255)) - client-7D6108789623->f80c66c4-8a3d-47db-b3f8-20b0bcb8a3f5: receive RaftClientReply:client-7D6108789623->f80c66c4-8a3d-47db-b3f8-20b0bcb8a3f5@group-7D2873B646E2, cid=1311, SUCCESS, logIndex=1828, commits[f80c66c4-8a3d-47db-b3f8-20b0bcb8a3f5:c1828, 6e9bc0f4-a324-4be3-b201-2d39df7dad8a:c1825, cffe1303-2f93-4087-8a62-a40745db49f2:c1825]
2019-07-10 09:50:44,651 INFO  client.GrpcClientProtocolClient (GrpcClientProtocolClient.java:onNext(255)) - client-7D6108789623->f80c66c4-8a3d-47db-b3f8-20b0bcb8a3f5: receive RaftClientReply:client-7D6108789623->f80c66c4-8a3d-47db-b3f8-20b0bcb8a3f5@group-7D2873B646E2, cid=1312, SUCCESS, logIndex=1829, commits[f80c66c4-8a3d-47db-b3f8-20b0bcb8a3f5:c1829, 6e9bc0f4-a324-4be3-b201-2d39df7dad8a:c1825, cffe1303-2f93-4087-8a62-a40745db49f2:c1825]
2019-07-10 09:50:44,660 INFO  client.GrpcClientProtocolClient (GrpcClientProtocolClient.java:onNext(255)) - client-7D6108789623->f80c66c4-8a3d-47db-b3f8-20b0bcb8a3f5: receive RaftClientReply:client-7D6108789623->f80c66c4-8a3d-47db-b3f8-20b0bcb8a3f5@group-7D2873B646E2, cid=1313, SUCCESS, logIndex=0, commits[f80c66c4-8a3d-47db-b3f8-20b0bcb8a3f5:c1831, 6e9bc0f4-a324-4be3-b201-2d39df7dad8a:c1827, cffe1303-2f93-4087-8a62-a40745db49f2:c1827]
2019-07-10 09:50:44,680 INFO  client.GrpcClientProtocolClient (GrpcClientProtocolClient.java:onNext(255)) - client-7D6108789623->f80c66c4-8a3d-47db-b3f8-20b0bcb8a3f5: receive RaftClientReply:client-7D6108789623->f80c66c4-8a3d-47db-b3f8-20b0bcb8a3f5@group-7D2873B646E2, cid=1314, SUCCESS, logIndex=1834, commits[f80c66c4-8a3d-47db-b3f8-20b0bcb8a3f5:c1835, 6e9bc0f4-a324-4be3-b201-2d39df7dad8a:c1829, cffe1303-2f93-4087-8a62-a40745db49f2:c1833]
2019-07-10 09:50:44,680 INFO  client.GrpcClientProtocolClient (GrpcClientProtocolClient.java:onNext(255)) - client-7D6108789623->f80c66c4-8a3d-47db-b3f8-20b0bcb8a3f5: receive RaftClientReply:client-7D6108789623->f80c66c4-8a3d-47db-b3f8-20b0bcb8a3f5@group-7D2873B646E2, cid=1315, SUCCESS, logIndex=1835, commits[f80c66c4-8a3d-47db-b3f8-20b0bcb8a3f5:c1835, 6e9bc0f4-a324-4be3-b201-2d39df7dad8a:c1833, cffe1303-2f93-4087-8a62-a40745db49f2:c1833]
2019-07-10 09:50:44,695 INFO  client.GrpcClientProtocolClient (GrpcClientProtocolClient.java:onNext(255)) - client-7D6108789623->f80c66c4-8a3d-47db-b3f8-20b0bcb8a3f5: receive RaftClientReply:client-7D6108789623->f80c66c4-8a3d-47db-b3f8-20b0bcb8a3f5@group-7D2873B646E2, cid=1316, SUCCESS, logIndex=1838, commits[f80c66c4-8a3d-47db-b3f8-20b0bcb8a3f5:c1839, 6e9bc0f4-a324-4be3-b201-2d39df7dad8a:c1835, cffe1303-2f93-4087-8a62-a40745db49f2:c1836]
2019-07-10 09:50:44,695 INFO  client.GrpcClientProtocolClient (GrpcClientProtocolClient.java:onNext(255)) - client-7D6108789623->f80c66c4-8a3d-47db-b3f8-20b0bcb8a3f5: receive RaftClientReply:client-7D6108789623->f80c66c4-8a3d-47db-b3f8-20b0bcb8a3f5@group-7D2873B646E2, cid=1317, SUCCESS, logIndex=1839, commits[f80c66c4-8a3d-47db-b3f8-20b0bcb8a3f5:c1839, 6e9bc0f4-a324-4be3-b201-2d39df7dad8a:c1835, cffe1303-2f93-4087-8a62-a40745db49f2:c1836]
2019-07-10 09:50:44,699 INFO  client.GrpcClientProtocolClient (GrpcClientProtocolClient.java:onNext(255)) - client-7D6108789623->f80c66c4-8a3d-47db-b3f8-20b0bcb8a3f5: receive RaftClientReply:client-7D6108789623->f80c66c4-8a3d-47db-b3f8-20b0bcb8a3f5@group-7D2873B646E2, cid=1318, SUCCESS, logIndex=0, commits[f80c66c4-8a3d-47db-b3f8-20b0bcb8a3f5:c1841, 6e9bc0f4-a324-4be3-b201-2d39df7dad8a:c1839, cffe1303-2f93-4087-8a62-a40745db49f2:c1839]
2019-07-10 09:50:44,727 INFO  client.GrpcClientProtocolClient (GrpcClientProtocolClient.java:onNext(255)) - client-7D6108789623->f80c66c4-8a3d-47db-b3f8-20b0bcb8a3f5: receive RaftClientReply:client-7D6108789623->f80c66c4-8a3d-47db-b3f8-20b0bcb8a3f5@group-7D2873B646E2, cid=1319, SUCCESS, logIndex=1842, commits[f80c66c4-8a3d-47db-b3f8-20b0bcb8a3f5:c1844, 6e9bc0f4-a324-4be3-b201-2d39df7dad8a:c1841, cffe1303-2f93-4087-8a62-a40745db49f2:c1841]
2019-07-10 09:50:44,728 INFO  client.GrpcClientProtocolClient (GrpcClientProtocolClient.java:onNext(255)) - client-7D6108789623->f80c66c4-8a3d-47db-b3f8-20b0bcb8a3f5: receive RaftClientReply:client-7D6108789623->f80c66c4-8a3d-47db-b3f8-20b0bcb8a3f5@group-7D2873B646E2, cid=1320, SUCCESS, logIndex=1843, commits[f80c66c4-8a3d-47db-b3f8-20b0bcb8a3f5:c1845, 6e9bc0f4-a324-4be3-b201-2d39df7dad8a:c1841, cffe1303-2f93-4087-8a62-a40745db49f2:c1841]
2019-07-10 09:50:44,728 INFO  client.GrpcClientProtocolClient (GrpcClientProtocolClient.java:onNext(255)) - client-7D6108789623->f80c66c4-8a3d-47db-b3f8-20b0bcb8a3f5: receive RaftClientReply:client-7D6108789623->f80c66c4-8a3d-47db-b3f8-20b0bcb8a3f5@group-7D2873B646E2, cid=1321, SUCCESS, logIndex=1844, commits[f80c66c4-8a3d-47db-b3f8-20b0bcb8a3f5:c1845, 6e9bc0f4-a324-4be3-b201-2d39df7dad8a:c1841, cffe1303-2f93-4087-8a62-a40745db49f2:c1841]
2019-07-10 09:50:44,728 INFO  client.GrpcClientProtocolClient (GrpcClientProtocolClient.java:onNext(255)) - client-7D6108789623->f80c66c4-8a3d-47db-b3f8-20b0bcb8a3f5: receive RaftClientReply:client-7D6108789623->f80c66c4-8a3d-47db-b3f8-20b0bcb8a3f5@group-7D2873B646E2, cid=1322, SUCCESS, logIndex=1845, commits[f80c66c4-8a3d-47db-b3f8-20b0bcb8a3f5:c1845, 6e9bc0f4-a324-4be3-b201-2d39df7dad8a:c1841, cffe1303-2f93-4087-8a62-a40745db49f2:c1841]
2019-07-10 09:50:44,739 INFO  client.GrpcClientProtocolClient (GrpcClientProtocolClient.java:onNext(255)) - client-7D6108789623->f80c66c4-8a3d-47db-b3f8-20b0bcb8a3f5: receive RaftClientReply:client-7D6108789623->f80c66c4-8a3d-47db-b3f8-20b0bcb8a3f5@group-7D2873B646E2, cid=1323, SUCCESS, logIndex=0, commits[f80c66c4-8a3d-47db-b3f8-20b0bcb8a3f5:c1847, 6e9bc0f4-a324-4be3-b201-2d39df7dad8a:c1843, cffe1303-2f93-4087-8a62-a40745db49f2:c1843]
2019-07-10 09:50:44,757 INFO  client.GrpcClientProtocolClient (GrpcClientProtocolClient.java:onNext(255)) - client-7D6108789623->f80c66c4-8a3d-47db-b3f8-20b0bcb8a3f5: receive RaftClientReply:client-7D6108789623->f80c66c4-8a3d-47db-b3f8-20b0bcb8a3f5@group-7D2873B646E2, cid=1324, SUCCESS, logIndex=1850, commits[f80c66c4-8a3d-47db-b3f8-20b0bcb8a3f5:c1851, 6e9bc0f4-a324-4be3-b201-2d39df7dad8a:c1849, cffe1303-2f93-4087-8a62-a40745db49f2:c1849]
2019-07-10 09:50:44,757 INFO  client.GrpcClientProtocolClient (GrpcClientProtocolClient.java:onNext(255)) - client-7D6108789623->f80c66c4-8a3d-47db-b3f8-20b0bcb8a3f5: receive RaftClientReply:client-7D6108789623->f80c66c4-8a3d-47db-b3f8-20b0bcb8a3f5@group-7D2873B646E2, cid=1325, SUCCESS, logIndex=1851, commits[f80c66c4-8a3d-47db-b3f8-20b0bcb8a3f5:c1851, 6e9bc0f4-a324-4be3-b201-2d39df7dad8a:c1849, cffe1303-2f93-4087-8a62-a40745db49f2:c1849]
2019-07-10 09:50:44,777 INFO  client.GrpcClientProtocolClient (GrpcClientProtocolClient.java:onNext(255)) - client-7D6108789623->f80c66c4-8a3d-47db-b3f8-20b0bcb8a3f5: receive RaftClientReply:client-7D6108789623->f80c66c4-8a3d-47db-b3f8-20b0bcb8a3f5@group-7D2873B646E2, cid=1326, SUCCESS, logIndex=1853, commits[f80c66c4-8a3d-47db-b3f8-20b0bcb8a3f5:c1854, 6e9bc0f4-a324-4be3-b201-2d39df7dad8a:c1851, cffe1303-2f93-4087-8a62-a40745db49f2:c1851]
2019-07-10 09:50:44,778 INFO  client.GrpcClientProtocolClient (GrpcClientProtocolClient.java:onNext(255)) - client-7D6108789623->f80c66c4-8a3d-47db-b3f8-20b0bcb8a3f5: receive RaftClientReply:client-7D6108789623->f80c66c4-8a3d-47db-b3f8-20b0bcb8a3f5@group-7D2873B646E2, cid=1327, SUCCESS, logIndex=1854, commits[f80c66c4-8a3d-47db-b3f8-20b0bcb8a3f5:c1854, 6e9bc0f4-a324-4be3-b201-2d39df7dad8a:c1851, cffe1303-2f93-4087-8a62-a40745db49f2:c1851]
2019-07-10 09:50:44,790 INFO  client.GrpcClientProtocolClient (GrpcClientProtocolClient.java:onNext(255)) - client-7D6108789623->f80c66c4-8a3d-47db-b3f8-20b0bcb8a3f5: receive RaftClientReply:client-7D6108789623->f80c66c4-8a3d-47db-b3f8-20b0bcb8a3f5@group-7D2873B646E2, cid=1328, SUCCESS, logIndex=0, commits[f80c66c4-8a3d-47db-b3f8-20b0bcb8a3f5:c1856, 6e9bc0f4-a324-4be3-b201-2d39df7dad8a:c1854, cffe1303-2f93-4087-8a62-a40745db49f2:c1854]
2019-07-10 09:50:44,814 INFO  client.GrpcClientProtocolClient (GrpcClientProtocolClient.java:onNext(255)) - client-7D6108789623->f80c66c4-8a3d-47db-b3f8-20b0bcb8a3f5: receive RaftClientReply:client-7D6108789623->f80c66c4-8a3d-47db-b3f8-20b0bcb8a3f5@group-7D2873B646E2, cid=1329, SUCCESS, logIndex=1857, commits[f80c66c4-8a3d-47db-b3f8-20b0bcb8a3f5:c1859, 6e9bc0f4-a324-4be3-b201-2d39df7dad8a:c1856, cffe1303-2f93-4087-8a62-a40745db49f2:c1856]
2019-07-10 09:50:44,814 INFO  client.GrpcClientProtocolClient (GrpcClientProtocolClient.java:onNext(255)) - client-7D6108789623->f80c66c4-8a3d-47db-b3f8-20b0bcb8a3f5: receive RaftClientReply:client-7D6108789623->f80c66c4-8a3d-47db-b3f8-20b0bcb8a3f5@group-7D2873B646E2, cid=1330, SUCCESS, logIndex=1858, commits[f80c66c4-8a3d-47db-b3f8-20b0bcb8a3f5:c1860, 6e9bc0f4-a324-4be3-b201-2d39df7dad8a:c1856, cffe1303-2f93-4087-8a62-a40745db49f2:c1856]
2019-07-10 09:50:44,814 INFO  client.GrpcClientProtocolClient (GrpcClientProtocolClient.java:onNext(255)) - client-7D6108789623->f80c66c4-8a3d-47db-b3f8-20b0bcb8a3f5: receive RaftClientReply:client-7D6108789623->f80c66c4-8a3d-47db-b3f8-20b0bcb8a3f5@group-7D2873B646E2, cid=1331, SUCCESS, logIndex=1859, commits[f80c66c4-8a3d-47db-b3f8-20b0bcb8a3f5:c1860, 6e9bc0f4-a324-4be3-b201-2d39df7dad8a:c1856, cffe1303-2f93-4087-8a62-a40745db49f2:c1856]
2019-07-10 09:50:44,815 INFO  client.GrpcClientProtocolClient (GrpcClientProtocolClient.java:onNext(255)) - client-7D6108789623->f80c66c4-8a3d-47db-b3f8-20b0bcb8a3f5: receive RaftClientReply:client-7D6108789623->f80c66c4-8a3d-47db-b3f8-20b0bcb8a3f5@group-7D2873B646E2, cid=1332, SUCCESS, logIndex=1860, commits[f80c66c4-8a3d-47db-b3f8-20b0bcb8a3f5:c1860, 6e9bc0f4-a324-4be3-b201-2d39df7dad8a:c1856, cffe1303-2f93-4087-8a62-a40745db49f2:c1856]
2019-07-10 09:50:44,829 INFO  client.GrpcClientProtocolClient (GrpcClientProtocolClient.java:onNext(255)) - client-7D6108789623->f80c66c4-8a3d-47db-b3f8-20b0bcb8a3f5: receive RaftClientReply:client-7D6108789623->f80c66c4-8a3d-47db-b3f8-20b0bcb8a3f5@group-7D2873B646E2, cid=1333, SUCCESS, logIndex=0, commits[f80c66c4-8a3d-47db-b3f8-20b0bcb8a3f5:c1864, 6e9bc0f4-a324-4be3-b201-2d39df7dad8a:c1858, cffe1303-2f93-4087-8a62-a40745db49f2:c1860]
2019-07-10 09:50:44,848 INFO  client.GrpcClientProtocolClient (GrpcClientProtocolClient.java:onNext(255)) - client-7D6108789623->f80c66c4-8a3d-47db-b3f8-20b0bcb8a3f5: receive RaftClientReply:client-7D6108789623->f80c66c4-8a3d-47db-b3f8-20b0bcb8a3f5@group-7D2873B646E2, cid=1334, SUCCESS, logIndex=1865, commits[f80c66c4-8a3d-47db-b3f8-20b0bcb8a3f5:c1866, 6e9bc0f4-a324-4be3-b201-2d39df7dad8a:c1864, cffe1303-2f93-4087-8a62-a40745db49f2:c1864]
2019-07-10 09:50:44,848 INFO  client.GrpcClientProtocolClient (GrpcClientProtocolClient.java:onNext(255)) - client-7D6108789623->f80c66c4-8a3d-47db-b3f8-20b0bcb8a3f5: receive RaftClientReply:client-7D6108789623->f80c66c4-8a3d-47db-b3f8-20b0bcb8a3f5@group-7D2873B646E2, cid=1335, SUCCESS, logIndex=1866, commits[f80c66c4-8a3d-47db-b3f8-20b0bcb8a3f5:c1866, 6e9bc0f4-a324-4be3-b201-2d39df7dad8a:c1864, cffe1303-2f93-4087-8a62-a40745db49f2:c1864]
2019-07-10 09:50:44,869 INFO  client.GrpcClientProtocolClient (GrpcClientProtocolClient.java:onNext(255)) - client-7D6108789623->f80c66c4-8a3d-47db-b3f8-20b0bcb8a3f5: receive RaftClientReply:client-7D6108789623->f80c66c4-8a3d-47db-b3f8-20b0bcb8a3f5@group-7D2873B646E2, cid=1336, SUCCESS, logIndex=1869, commits[f80c66c4-8a3d-47db-b3f8-20b0bcb8a3f5:c1870, 6e9bc0f4-a324-4be3-b201-2d39df7dad8a:c1866, cffe1303-2f93-4087-8a62-a40745db49f2:c1866]
2019-07-10 09:50:44,870 INFO  client.GrpcClientProtocolClient (GrpcClientProtocolClient.java:onNext(255)) - client-7D6108789623->f80c66c4-8a3d-47db-b3f8-20b0bcb8a3f5: receive RaftClientReply:client-7D6108789623->f80c66c4-8a3d-47db-b3f8-20b0bcb8a3f5@group-7D2873B646E2, cid=1337, SUCCESS, logIndex=1870, commits[f80c66c4-8a3d-47db-b3f8-20b0bcb8a3f5:c1870, 6e9bc0f4-a324-4be3-b201-2d39df7dad8a:c1866, cffe1303-2f93-4087-8a62-a40745db49f2:c1866]
2019-07-10 09:50:44,898 INFO  client.GrpcClientProtocolClient (GrpcClientProtocolClient.java:onNext(255)) - client-7D6108789623->f80c66c4-8a3d-47db-b3f8-20b0bcb8a3f5: receive RaftClientReply:client-7D6108789623->f80c66c4-8a3d-47db-b3f8-20b0bcb8a3f5@group-7D2873B646E2, cid=1338, SUCCESS, logIndex=0, commits[f80c66c4-8a3d-47db-b3f8-20b0bcb8a3f5:c1872, 6e9bc0f4-a324-4be3-b201-2d39df7dad8a:c1870, cffe1303-2f93-4087-8a62-a40745db49f2:c1870]
2019-07-10 09:50:44,922 INFO  client.GrpcClientProtocolClient (GrpcClientProtocolClient.java:onNext(255)) - client-7D6108789623->f80c66c4-8a3d-47db-b3f8-20b0bcb8a3f5: receive RaftClientReply:client-7D6108789623->f80c66c4-8a3d-47db-b3f8-20b0bcb8a3f5@group-7D2873B646E2, cid=1339, SUCCESS, logIndex=1873, commits[f80c66c4-8a3d-47db-b3f8-20b0bcb8a3f5:c1874, 6e9bc0f4-a324-4be3-b201-2d39df7dad8a:c1872, cffe1303-2f93-4087-8a62-a40745db49f2:c1870]
 0.00% |█                                                                                                    |  0/1 Time: 0:00:092019-07-10 09:50:45,033 INFO  client.GrpcClientProtocolClient (GrpcClientProtocolClient.java:onNext(255)) - client-7D6108789623->f80c66c4-8a3d-47db-b3f8-20b0bcb8a3f5: receive RaftClientReply:client-7D6108789623->f80c66c4-8a3d-47db-b3f8-20b0bcb8a3f5@group-7D2873B646E2, cid=1340, SUCCESS, logIndex=1874, commits[f80c66c4-8a3d-47db-b3f8-20b0bcb8a3f5:c1874, 6e9bc0f4-a324-4be3-b201-2d39df7dad8a:c1872, cffe1303-2f93-4087-8a62-a40745db49f2:c1870]
2019-07-10 09:50:45,033 INFO  client.GrpcClientProtocolClient (GrpcClientProtocolClient.java:onNext(255)) - client-7D6108789623->f80c66c4-8a3d-47db-b3f8-20b0bcb8a3f5: receive RaftClientReply:client-7D6108789623->f80c66c4-8a3d-47db-b3f8-20b0bcb8a3f5@group-7D2873B646E2, cid=1341, SUCCESS, logIndex=1875, commits[f80c66c4-8a3d-47db-b3f8-20b0bcb8a3f5:c1876, 6e9bc0f4-a324-4be3-b201-2d39df7dad8a:c1872, cffe1303-2f93-4087-8a62-a40745db49f2:c1872]
2019-07-10 09:50:45,033 INFO  client.GrpcClientProtocolClient (GrpcClientProtocolClient.java:onNext(255)) - client-7D6108789623->f80c66c4-8a3d-47db-b3f8-20b0bcb8a3f5: receive RaftClientReply:client-7D6108789623->f80c66c4-8a3d-47db-b3f8-20b0bcb8a3f5@group-7D2873B646E2, cid=1342, SUCCESS, logIndex=1876, commits[f80c66c4-8a3d-47db-b3f8-20b0bcb8a3f5:c1878, 6e9bc0f4-a324-4be3-b201-2d39df7dad8a:c1874, cffe1303-2f93-4087-8a62-a40745db49f2:c1872]
2019-07-10 09:50:45,042 INFO  client.GrpcClientProtocolClient (GrpcClientProtocolClient.java:onNext(255)) - client-7D6108789623->f80c66c4-8a3d-47db-b3f8-20b0bcb8a3f5: receive RaftClientReply:client-7D6108789623->f80c66c4-8a3d-47db-b3f8-20b0bcb8a3f5@group-7D2873B646E2, cid=1343, SUCCESS, logIndex=0, commits[f80c66c4-8a3d-47db-b3f8-20b0bcb8a3f5:c1878, 6e9bc0f4-a324-4be3-b201-2d39df7dad8a:c1874, cffe1303-2f93-4087-8a62-a40745db49f2:c1874]
2019-07-10 09:50:45,064 INFO  client.GrpcClientProtocolClient (GrpcClientProtocolClient.java:onNext(255)) - client-7D6108789623->f80c66c4-8a3d-47db-b3f8-20b0bcb8a3f5: receive RaftClientReply:client-7D6108789623->f80c66c4-8a3d-47db-b3f8-20b0bcb8a3f5@group-7D2873B646E2, cid=1344, SUCCESS, logIndex=1881, commits[f80c66c4-8a3d-47db-b3f8-20b0bcb8a3f5:c1882, 6e9bc0f4-a324-4be3-b201-2d39df7dad8a:c1880, cffe1303-2f93-4087-8a62-a40745db49f2:c1880]
2019-07-10 09:50:45,064 INFO  client.GrpcClientProtocolClient (GrpcClientProtocolClient.java:onNext(255)) - client-7D6108789623->f80c66c4-8a3d-47db-b3f8-20b0bcb8a3f5: receive RaftClientReply:client-7D6108789623->f80c66c4-8a3d-47db-b3f8-20b0bcb8a3f5@group-7D2873B646E2, cid=1345, SUCCESS, logIndex=1882, commits[f80c66c4-8a3d-47db-b3f8-20b0bcb8a3f5:c1882, 6e9bc0f4-a324-4be3-b201-2d39df7dad8a:c1880, cffe1303-2f93-4087-8a62-a40745db49f2:c1880]
2019-07-10 09:50:45,094 INFO  client.GrpcClientProtocolClient (GrpcClientProtocolClient.java:onNext(255)) - client-7D6108789623->f80c66c4-8a3d-47db-b3f8-20b0bcb8a3f5: receive RaftClientReply:client-7D6108789623->f80c66c4-8a3d-47db-b3f8-20b0bcb8a3f5@group-7D2873B646E2, cid=1346, SUCCESS, logIndex=1885, commits[f80c66c4-8a3d-47db-b3f8-20b0bcb8a3f5:c1885, 6e9bc0f4-a324-4be3-b201-2d39df7dad8a:c1882, cffe1303-2f93-4087-8a62-a40745db49f2:c1882]
2019-07-10 09:50:45,095 INFO  client.GrpcClientProtocolClient (GrpcClientProtocolClient.java:onNext(255)) - client-7D6108789623->f80c66c4-8a3d-47db-b3f8-20b0bcb8a3f5: receive RaftClientReply:client-7D6108789623->f80c66c4-8a3d-47db-b3f8-20b0bcb8a3f5@group-7D2873B646E2, cid=1347, SUCCESS, logIndex=1886, commits[f80c66c4-8a3d-47db-b3f8-20b0bcb8a3f5:c1886, 6e9bc0f4-a324-4be3-b201-2d39df7dad8a:c1882, cffe1303-2f93-4087-8a62-a40745db49f2:c1882]
2019-07-10 09:50:45,124 INFO  client.GrpcClientProtocolClient (GrpcClientProtocolClient.java:onNext(255)) - client-7D6108789623->f80c66c4-8a3d-47db-b3f8-20b0bcb8a3f5: receive RaftClientReply:client-7D6108789623->f80c66c4-8a3d-47db-b3f8-20b0bcb8a3f5@group-7D2873B646E2, cid=1348, SUCCESS, logIndex=0, commits[f80c66c4-8a3d-47db-b3f8-20b0bcb8a3f5:c1888, 6e9bc0f4-a324-4be3-b201-2d39df7dad8a:c1886, cffe1303-2f93-4087-8a62-a40745db49f2:c1886]
2019-07-10 09:50:45,155 INFO  client.GrpcClientProtocolClient (GrpcClientProtocolClient.java:onNext(255)) - client-7D6108789623->f80c66c4-8a3d-47db-b3f8-20b0bcb8a3f5: receive RaftClientReply:client-7D6108789623->f80c66c4-8a3d-47db-b3f8-20b0bcb8a3f5@group-7D2873B646E2, cid=1349, SUCCESS, logIndex=1889, commits[f80c66c4-8a3d-47db-b3f8-20b0bcb8a3f5:c1890, 6e9bc0f4-a324-4be3-b201-2d39df7dad8a:c1888, cffe1303-2f93-4087-8a62-a40745db49f2:c1888]
2019-07-10 09:50:45,156 INFO  client.GrpcClientProtocolClient (GrpcClientProtocolClient.java:onNext(255)) - client-7D6108789623->f80c66c4-8a3d-47db-b3f8-20b0bcb8a3f5: receive RaftClientReply:client-7D6108789623->f80c66c4-8a3d-47db-b3f8-20b0bcb8a3f5@group-7D2873B646E2, cid=1350, SUCCESS, logIndex=1890, commits[f80c66c4-8a3d-47db-b3f8-20b0bcb8a3f5:c1890, 6e9bc0f4-a324-4be3-b201-2d39df7dad8a:c1888, cffe1303-2f93-4087-8a62-a40745db49f2:c1888]
2019-07-10 09:50:45,165 INFO  client.GrpcClientProtocolClient (GrpcClientProtocolClient.java:onNext(255)) - client-7D6108789623->f80c66c4-8a3d-47db-b3f8-20b0bcb8a3f5: receive RaftClientReply:client-7D6108789623->f80c66c4-8a3d-47db-b3f8-20b0bcb8a3f5@group-7D2873B646E2, cid=1351, SUCCESS, logIndex=1891, commits[f80c66c4-8a3d-47db-b3f8-20b0bcb8a3f5:c1892, 6e9bc0f4-a324-4be3-b201-2d39df7dad8a:c1888, cffe1303-2f93-4087-8a62-a40745db49f2:c1888]
2019-07-10 09:50:45,165 INFO  client.GrpcClientProtocolClient (GrpcClientProtocolClient.java:onNext(255)) - client-7D6108789623->f80c66c4-8a3d-47db-b3f8-20b0bcb8a3f5: receive RaftClientReply:client-7D6108789623->f80c66c4-8a3d-47db-b3f8-20b0bcb8a3f5@group-7D2873B646E2, cid=1352, SUCCESS, logIndex=1892, commits[f80c66c4-8a3d-47db-b3f8-20b0bcb8a3f5:c1892, 6e9bc0f4-a324-4be3-b201-2d39df7dad8a:c1888, cffe1303-2f93-4087-8a62-a40745db49f2:c1888]
2019-07-10 09:50:45,168 INFO  client.GrpcClientProtocolClient (GrpcClientProtocolClient.java:onNext(255)) - client-7D6108789623->f80c66c4-8a3d-47db-b3f8-20b0bcb8a3f5: receive RaftClientReply:client-7D6108789623->f80c66c4-8a3d-47db-b3f8-20b0bcb8a3f5@group-7D2873B646E2, cid=1353, SUCCESS, logIndex=0, commits[f80c66c4-8a3d-47db-b3f8-20b0bcb8a3f5:c1894, 6e9bc0f4-a324-4be3-b201-2d39df7dad8a:c1890, cffe1303-2f93-4087-8a62-a40745db49f2:c1890]
2019-07-10 09:50:45,196 INFO  client.GrpcClientProtocolClient (GrpcClientProtocolClient.java:onNext(255)) - client-7D6108789623->f80c66c4-8a3d-47db-b3f8-20b0bcb8a3f5: receive RaftClientReply:client-7D6108789623->f80c66c4-8a3d-47db-b3f8-20b0bcb8a3f5@group-7D2873B646E2, cid=1354, SUCCESS, logIndex=1897, commits[f80c66c4-8a3d-47db-b3f8-20b0bcb8a3f5:c1898, 6e9bc0f4-a324-4be3-b201-2d39df7dad8a:c1892, cffe1303-2f93-4087-8a62-a40745db49f2:c1894]
2019-07-10 09:50:45,196 INFO  client.GrpcClientProtocolClient (GrpcClientProtocolClient.java:onNext(255)) - client-7D6108789623->f80c66c4-8a3d-47db-b3f8-20b0bcb8a3f5: receive RaftClientReply:client-7D6108789623->f80c66c4-8a3d-47db-b3f8-20b0bcb8a3f5@group-7D2873B646E2, cid=1355, SUCCESS, logIndex=1898, commits[f80c66c4-8a3d-47db-b3f8-20b0bcb8a3f5:c1898, 6e9bc0f4-a324-4be3-b201-2d39df7dad8a:c1892, cffe1303-2f93-4087-8a62-a40745db49f2:c1894]
2019-07-10 09:50:45,221 INFO  client.GrpcClientProtocolClient (GrpcClientProtocolClient.java:onNext(255)) - client-7D6108789623->f80c66c4-8a3d-47db-b3f8-20b0bcb8a3f5: receive RaftClientReply:client-7D6108789623->f80c66c4-8a3d-47db-b3f8-20b0bcb8a3f5@group-7D2873B646E2, cid=1356, SUCCESS, logIndex=1901, commits[f80c66c4-8a3d-47db-b3f8-20b0bcb8a3f5:c1902, 6e9bc0f4-a324-4be3-b201-2d39df7dad8a:c1894, cffe1303-2f93-4087-8a62-a40745db49f2:c1898]
2019-07-10 09:50:45,221 INFO  client.GrpcClientProtocolClient (GrpcClientProtocolClient.java:onNext(255)) - client-7D6108789623->f80c66c4-8a3d-47db-b3f8-20b0bcb8a3f5: receive RaftClientReply:client-7D6108789623->f80c66c4-8a3d-47db-b3f8-20b0bcb8a3f5@group-7D2873B646E2, cid=1357, SUCCESS, logIndex=1902, commits[f80c66c4-8a3d-47db-b3f8-20b0bcb8a3f5:c1902, 6e9bc0f4-a324-4be3-b201-2d39df7dad8a:c1894, cffe1303-2f93-4087-8a62-a40745db49f2:c1898]
2019-07-10 09:50:45,229 INFO  client.GrpcClientProtocolClient (GrpcClientProtocolClient.java:onNext(255)) - client-7D6108789623->f80c66c4-8a3d-47db-b3f8-20b0bcb8a3f5: receive RaftClientReply:client-7D6108789623->f80c66c4-8a3d-47db-b3f8-20b0bcb8a3f5@group-7D2873B646E2, cid=1358, SUCCESS, logIndex=0, commits[f80c66c4-8a3d-47db-b3f8-20b0bcb8a3f5:c1902, 6e9bc0f4-a324-4be3-b201-2d39df7dad8a:c1898, cffe1303-2f93-4087-8a62-a40745db49f2:c1898]
2019-07-10 09:50:45,240 INFO  client.GrpcClientProtocolClient (GrpcClientProtocolClient.java:onNext(255)) - client-7D6108789623->f80c66c4-8a3d-47db-b3f8-20b0bcb8a3f5: receive RaftClientReply:client-7D6108789623->f80c66c4-8a3d-47db-b3f8-20b0bcb8a3f5@group-7D2873B646E2, cid=1359, SUCCESS, logIndex=0, commits[f80c66c4-8a3d-47db-b3f8-20b0bcb8a3f5:c1903, 6e9bc0f4-a324-4be3-b201-2d39df7dad8a:c1902, cffe1303-2f93-4087-8a62-a40745db49f2:c1902]
2019-07-10 09:50:45,264 INFO  client.GrpcClientProtocolClient (GrpcClientProtocolClient.java:onNext(255)) - client-7D6108789623->f80c66c4-8a3d-47db-b3f8-20b0bcb8a3f5: receive RaftClientReply:client-7D6108789623->f80c66c4-8a3d-47db-b3f8-20b0bcb8a3f5@group-7D2873B646E2, cid=1360, SUCCESS, logIndex=1905, commits[f80c66c4-8a3d-47db-b3f8-20b0bcb8a3f5:c1906, 6e9bc0f4-a324-4be3-b201-2d39df7dad8a:c1904, cffe1303-2f93-4087-8a62-a40745db49f2:c1902]
2019-07-10 09:50:45,264 INFO  client.GrpcClientProtocolClient (GrpcClientProtocolClient.java:onNext(255)) - client-7D6108789623->f80c66c4-8a3d-47db-b3f8-20b0bcb8a3f5: receive RaftClientReply:client-7D6108789623->f80c66c4-8a3d-47db-b3f8-20b0bcb8a3f5@group-7D2873B646E2, cid=1361, SUCCESS, logIndex=1906, commits[f80c66c4-8a3d-47db-b3f8-20b0bcb8a3f5:c1906, 6e9bc0f4-a324-4be3-b201-2d39df7dad8a:c1904, cffe1303-2f93-4087-8a62-a40745db49f2:c1904]
2019-07-10 09:50:45,266 INFO  client.GrpcClientProtocolClient (GrpcClientProtocolClient.java:onNext(255)) - client-7D6108789623->f80c66c4-8a3d-47db-b3f8-20b0bcb8a3f5: receive RaftClientReply:client-7D6108789623->f80c66c4-8a3d-47db-b3f8-20b0bcb8a3f5@group-7D2873B646E2, cid=1362, SUCCESS, logIndex=1907, commits[f80c66c4-8a3d-47db-b3f8-20b0bcb8a3f5:c1907, 6e9bc0f4-a324-4be3-b201-2d39df7dad8a:c1904, cffe1303-2f93-4087-8a62-a40745db49f2:c1904]
2019-07-10 09:50:45,266 INFO  client.GrpcClientProtocolClient (GrpcClientProtocolClient.java:onNext(255)) - client-7D6108789623->f80c66c4-8a3d-47db-b3f8-20b0bcb8a3f5: receive RaftClientReply:client-7D6108789623->f80c66c4-8a3d-47db-b3f8-20b0bcb8a3f5@group-7D2873B646E2, cid=1363, SUCCESS, logIndex=1908, commits[f80c66c4-8a3d-47db-b3f8-20b0bcb8a3f5:c1909, 6e9bc0f4-a324-4be3-b201-2d39df7dad8a:c1906, cffe1303-2f93-4087-8a62-a40745db49f2:c1904]
2019-07-10 09:50:45,268 INFO  client.GrpcClientProtocolClient (GrpcClientProtocolClient.java:onNext(255)) - client-7D6108789623->f80c66c4-8a3d-47db-b3f8-20b0bcb8a3f5: receive RaftClientReply:client-7D6108789623->f80c66c4-8a3d-47db-b3f8-20b0bcb8a3f5@group-7D2873B646E2, cid=1364, SUCCESS, logIndex=0, commits[f80c66c4-8a3d-47db-b3f8-20b0bcb8a3f5:c1911, 6e9bc0f4-a324-4be3-b201-2d39df7dad8a:c1907, cffe1303-2f93-4087-8a62-a40745db49f2:c1906]
2019-07-10 09:50:45,287 INFO  client.GrpcClientProtocolClient (GrpcClientProtocolClient.java:onNext(255)) - client-7D6108789623->f80c66c4-8a3d-47db-b3f8-20b0bcb8a3f5: receive RaftClientReply:client-7D6108789623->f80c66c4-8a3d-47db-b3f8-20b0bcb8a3f5@group-7D2873B646E2, cid=1365, SUCCESS, logIndex=1913, commits[f80c66c4-8a3d-47db-b3f8-20b0bcb8a3f5:c1914, 6e9bc0f4-a324-4be3-b201-2d39df7dad8a:c1908, cffe1303-2f93-4087-8a62-a40745db49f2:c1911]
2019-07-10 09:50:45,288 INFO  client.GrpcClientProtocolClient (GrpcClientProtocolClient.java:onNext(255)) - client-7D6108789623->f80c66c4-8a3d-47db-b3f8-20b0bcb8a3f5: receive RaftClientReply:client-7D6108789623->f80c66c4-8a3d-47db-b3f8-20b0bcb8a3f5@group-7D2873B646E2, cid=1366, SUCCESS, logIndex=1914, commits[f80c66c4-8a3d-47db-b3f8-20b0bcb8a3f5:c1914, 6e9bc0f4-a324-4be3-b201-2d39df7dad8a:c1911, cffe1303-2f93-4087-8a62-a40745db49f2:c1911]
2019-07-10 09:50:45,308 INFO  client.GrpcClientProtocolClient (GrpcClientProtocolClient.java:onNext(255)) - client-7D6108789623->f80c66c4-8a3d-47db-b3f8-20b0bcb8a3f5: receive RaftClientReply:client-7D6108789623->f80c66c4-8a3d-47db-b3f8-20b0bcb8a3f5@group-7D2873B646E2, cid=1367, SUCCESS, logIndex=1917, commits[f80c66c4-8a3d-47db-b3f8-20b0bcb8a3f5:c1918, 6e9bc0f4-a324-4be3-b201-2d39df7dad8a:c1916, cffe1303-2f93-4087-8a62-a40745db49f2:c1916]
2019-07-10 09:50:45,308 INFO  client.GrpcClientProtocolClient (GrpcClientProtocolClient.java:onNext(255)) - client-7D6108789623->f80c66c4-8a3d-47db-b3f8-20b0bcb8a3f5: receive RaftClientReply:client-7D6108789623->f80c66c4-8a3d-47db-b3f8-20b0bcb8a3f5@group-7D2873B646E2, cid=1368, SUCCESS, logIndex=1918, commits[f80c66c4-8a3d-47db-b3f8-20b0bcb8a3f5:c1918, 6e9bc0f4-a324-4be3-b201-2d39df7dad8a:c1916, cffe1303-2f93-4087-8a62-a40745db49f2:c1916]
2019-07-10 09:50:45,327 INFO  client.GrpcClientProtocolClient (GrpcClientProtocolClient.java:onNext(255)) - client-7D6108789623->f80c66c4-8a3d-47db-b3f8-20b0bcb8a3f5: receive RaftClientReply:client-7D6108789623->f80c66c4-8a3d-47db-b3f8-20b0bcb8a3f5@group-7D2873B646E2, cid=1369, SUCCESS, logIndex=0, commits[f80c66c4-8a3d-47db-b3f8-20b0bcb8a3f5:c1919, 6e9bc0f4-a324-4be3-b201-2d39df7dad8a:c1918, cffe1303-2f93-4087-8a62-a40745db49f2:c1918]
2019-07-10 09:50:45,353 INFO  client.GrpcClientProtocolClient (GrpcClientProtocolClient.java:onNext(255)) - client-7D6108789623->f80c66c4-8a3d-47db-b3f8-20b0bcb8a3f5: receive RaftClientReply:client-7D6108789623->f80c66c4-8a3d-47db-b3f8-20b0bcb8a3f5@group-7D2873B646E2, cid=1370, SUCCESS, logIndex=1921, commits[f80c66c4-8a3d-47db-b3f8-20b0bcb8a3f5:c1922, 6e9bc0f4-a324-4be3-b201-2d39df7dad8a:c1920, cffe1303-2f93-4087-8a62-a40745db49f2:c1920]
2019-07-10 09:50:45,354 INFO  client.GrpcClientProtocolClient (GrpcClientProtocolClient.java:onNext(255)) - client-7D6108789623->f80c66c4-8a3d-47db-b3f8-20b0bcb8a3f5: receive RaftClientReply:client-7D6108789623->f80c66c4-8a3d-47db-b3f8-20b0bcb8a3f5@group-7D2873B646E2, cid=1371, SUCCESS, logIndex=1922, commits[f80c66c4-8a3d-47db-b3f8-20b0bcb8a3f5:c1922, 6e9bc0f4-a324-4be3-b201-2d39df7dad8a:c1920, cffe1303-2f93-4087-8a62-a40745db49f2:c1920]
2019-07-10 09:50:45,364 INFO  client.GrpcClientProtocolClient (GrpcClientProtocolClient.java:onNext(255)) - client-7D6108789623->f80c66c4-8a3d-47db-b3f8-20b0bcb8a3f5: receive RaftClientReply:client-7D6108789623->f80c66c4-8a3d-47db-b3f8-20b0bcb8a3f5@group-7D2873B646E2, cid=1372, SUCCESS, logIndex=1923, commits[f80c66c4-8a3d-47db-b3f8-20b0bcb8a3f5:c1924, 6e9bc0f4-a324-4be3-b201-2d39df7dad8a:c1920, cffe1303-2f93-4087-8a62-a40745db49f2:c1920]
2019-07-10 09:50:45,365 INFO  client.GrpcClientProtocolClient (GrpcClientProtocolClient.java:onNext(255)) - client-7D6108789623->f80c66c4-8a3d-47db-b3f8-20b0bcb8a3f5: receive RaftClientReply:client-7D6108789623->f80c66c4-8a3d-47db-b3f8-20b0bcb8a3f5@group-7D2873B646E2, cid=1373, SUCCESS, logIndex=1924, commits[f80c66c4-8a3d-47db-b3f8-20b0bcb8a3f5:c1924, 6e9bc0f4-a324-4be3-b201-2d39df7dad8a:c1920, cffe1303-2f93-4087-8a62-a40745db49f2:c1920]
2019-07-10 09:50:45,374 INFO  client.GrpcClientProtocolClient (GrpcClientProtocolClient.java:onNext(255)) - client-7D6108789623->f80c66c4-8a3d-47db-b3f8-20b0bcb8a3f5: receive RaftClientReply:client-7D6108789623->f80c66c4-8a3d-47db-b3f8-20b0bcb8a3f5@group-7D2873B646E2, cid=1374, SUCCESS, logIndex=0, commits[f80c66c4-8a3d-47db-b3f8-20b0bcb8a3f5:c1925, 6e9bc0f4-a324-4be3-b201-2d39df7dad8a:c1922, cffe1303-2f93-4087-8a62-a40745db49f2:c1922]
2019-07-10 09:50:45,392 INFO  client.GrpcClientProtocolClient (GrpcClientProtocolClient.java:onNext(255)) - client-7D6108789623->f80c66c4-8a3d-47db-b3f8-20b0bcb8a3f5: receive RaftClientReply:client-7D6108789623->f80c66c4-8a3d-47db-b3f8-20b0bcb8a3f5@group-7D2873B646E2, cid=1375, SUCCESS, logIndex=1929, commits[f80c66c4-8a3d-47db-b3f8-20b0bcb8a3f5:c1929, 6e9bc0f4-a324-4be3-b201-2d39df7dad8a:c1928, cffe1303-2f93-4087-8a62-a40745db49f2:c1928]
2019-07-10 09:50:45,392 INFO  client.GrpcClientProtocolClient (GrpcClientProtocolClient.java:onNext(255)) - client-7D6108789623->f80c66c4-8a3d-47db-b3f8-20b0bcb8a3f5: receive RaftClientReply:client-7D6108789623->f80c66c4-8a3d-47db-b3f8-20b0bcb8a3f5@group-7D2873B646E2, cid=1376, SUCCESS, logIndex=1930, commits[f80c66c4-8a3d-47db-b3f8-20b0bcb8a3f5:c1930, 6e9bc0f4-a324-4be3-b201-2d39df7dad8a:c1928, cffe1303-2f93-4087-8a62-a40745db49f2:c1928]
2019-07-10 09:50:45,412 INFO  client.GrpcClientProtocolClient (GrpcClientProtocolClient.java:onNext(255)) - client-7D6108789623->f80c66c4-8a3d-47db-b3f8-20b0bcb8a3f5: receive RaftClientReply:client-7D6108789623->f80c66c4-8a3d-47db-b3f8-20b0bcb8a3f5@group-7D2873B646E2, cid=1377, SUCCESS, logIndex=1933, commits[f80c66c4-8a3d-47db-b3f8-20b0bcb8a3f5:c1934, 6e9bc0f4-a324-4be3-b201-2d39df7dad8a:c1930, cffe1303-2f93-4087-8a62-a40745db49f2:c1929]
2019-07-10 09:50:45,413 INFO  client.GrpcClientProtocolClient (GrpcClientProtocolClient.java:onNext(255)) - client-7D6108789623->f80c66c4-8a3d-47db-b3f8-20b0bcb8a3f5: receive RaftClientReply:client-7D6108789623->f80c66c4-8a3d-47db-b3f8-20b0bcb8a3f5@group-7D2873B646E2, cid=1378, SUCCESS, logIndex=1934, commits[f80c66c4-8a3d-47db-b3f8-20b0bcb8a3f5:c1934, 6e9bc0f4-a324-4be3-b201-2d39df7dad8a:c1930, cffe1303-2f93-4087-8a62-a40745db49f2:c1929]
2019-07-10 09:50:45,414 INFO  client.GrpcClientProtocolClient (GrpcClientProtocolClient.java:onNext(255)) - client-7D6108789623->f80c66c4-8a3d-47db-b3f8-20b0bcb8a3f5: receive RaftClientReply:client-7D6108789623->f80c66c4-8a3d-47db-b3f8-20b0bcb8a3f5@group-7D2873B646E2, cid=1379, SUCCESS, logIndex=0, commits[f80c66c4-8a3d-47db-b3f8-20b0bcb8a3f5:c1934, 6e9bc0f4-a324-4be3-b201-2d39df7dad8a:c1930, cffe1303-2f93-4087-8a62-a40745db49f2:c1930]
2019-07-10 09:50:45,416 INFO  client.GrpcClientProtocolClient (GrpcClientProtocolClient.java:onNext(255)) - client-7D6108789623->f80c66c4-8a3d-47db-b3f8-20b0bcb8a3f5: receive RaftClientReply:client-7D6108789623->f80c66c4-8a3d-47db-b3f8-20b0bcb8a3f5@group-7D2873B646E2, cid=1380, SUCCESS, logIndex=0, commits[f80c66c4-8a3d-47db-b3f8-20b0bcb8a3f5:c1936, 6e9bc0f4-a324-4be3-b201-2d39df7dad8a:c1934, cffe1303-2f93-4087-8a62-a40745db49f2:c1934]
2019-07-10 09:50:45,432 INFO  client.GrpcClientProtocolClient (GrpcClientProtocolClient.java:onNext(255)) - client-7D6108789623->f80c66c4-8a3d-47db-b3f8-20b0bcb8a3f5: receive RaftClientReply:client-7D6108789623->f80c66c4-8a3d-47db-b3f8-20b0bcb8a3f5@group-7D2873B646E2, cid=1381, SUCCESS, logIndex=1937, commits[f80c66c4-8a3d-47db-b3f8-20b0bcb8a3f5:c1938, 6e9bc0f4-a324-4be3-b201-2d39df7dad8a:c1936, cffe1303-2f93-4087-8a62-a40745db49f2:c1936]
2019-07-10 09:50:45,433 INFO  client.GrpcClientProtocolClient (GrpcClientProtocolClient.java:onNext(255)) - client-7D6108789623->f80c66c4-8a3d-47db-b3f8-20b0bcb8a3f5: receive RaftClientReply:client-7D6108789623->f80c66c4-8a3d-47db-b3f8-20b0bcb8a3f5@group-7D2873B646E2, cid=1382, SUCCESS, logIndex=1938, commits[f80c66c4-8a3d-47db-b3f8-20b0bcb8a3f5:c1938, 6e9bc0f4-a324-4be3-b201-2d39df7dad8a:c1936, cffe1303-2f93-4087-8a62-a40745db49f2:c1936]
2019-07-10 09:50:45,434 INFO  client.GrpcClientProtocolClient (GrpcClientProtocolClient.java:onNext(255)) - client-7D6108789623->f80c66c4-8a3d-47db-b3f8-20b0bcb8a3f5: receive RaftClientReply:client-7D6108789623->f80c66c4-8a3d-47db-b3f8-20b0bcb8a3f5@group-7D2873B646E2, cid=1383, SUCCESS, logIndex=1939, commits[f80c66c4-8a3d-47db-b3f8-20b0bcb8a3f5:c1940, 6e9bc0f4-a324-4be3-b201-2d39df7dad8a:c1936, cffe1303-2f93-4087-8a62-a40745db49f2:c1936]
2019-07-10 09:50:45,434 INFO  client.GrpcClientProtocolClient (GrpcClientProtocolClient.java:onNext(255)) - client-7D6108789623->f80c66c4-8a3d-47db-b3f8-20b0bcb8a3f5: receive RaftClientReply:client-7D6108789623->f80c66c4-8a3d-47db-b3f8-20b0bcb8a3f5@group-7D2873B646E2, cid=1384, SUCCESS, logIndex=1940, commits[f80c66c4-8a3d-47db-b3f8-20b0bcb8a3f5:c1940, 6e9bc0f4-a324-4be3-b201-2d39df7dad8a:c1936, cffe1303-2f93-4087-8a62-a40745db49f2:c1936]
2019-07-10 09:50:45,445 INFO  client.GrpcClientProtocolClient (GrpcClientProtocolClient.java:onNext(255)) - client-7D6108789623->f80c66c4-8a3d-47db-b3f8-20b0bcb8a3f5: receive RaftClientReply:client-7D6108789623->f80c66c4-8a3d-47db-b3f8-20b0bcb8a3f5@group-7D2873B646E2, cid=1385, SUCCESS, logIndex=0, commits[f80c66c4-8a3d-47db-b3f8-20b0bcb8a3f5:c1942, 6e9bc0f4-a324-4be3-b201-2d39df7dad8a:c1938, cffe1303-2f93-4087-8a62-a40745db49f2:c1938]
2019-07-10 09:50:45,470 INFO  client.GrpcClientProtocolClient (GrpcClientProtocolClient.java:onNext(255)) - client-7D6108789623->f80c66c4-8a3d-47db-b3f8-20b0bcb8a3f5: receive RaftClientReply:client-7D6108789623->f80c66c4-8a3d-47db-b3f8-20b0bcb8a3f5@group-7D2873B646E2, cid=1386, SUCCESS, logIndex=1945, commits[f80c66c4-8a3d-47db-b3f8-20b0bcb8a3f5:c1946, 6e9bc0f4-a324-4be3-b201-2d39df7dad8a:c1944, cffe1303-2f93-4087-8a62-a40745db49f2:c1944]
2019-07-10 09:50:45,471 INFO  client.GrpcClientProtocolClient (GrpcClientProtocolClient.java:onNext(255)) - client-7D6108789623->f80c66c4-8a3d-47db-b3f8-20b0bcb8a3f5: receive RaftClientReply:client-7D6108789623->f80c66c4-8a3d-47db-b3f8-20b0bcb8a3f5@group-7D2873B646E2, cid=1387, SUCCESS, logIndex=1946, commits[f80c66c4-8a3d-47db-b3f8-20b0bcb8a3f5:c1946, 6e9bc0f4-a324-4be3-b201-2d39df7dad8a:c1944, cffe1303-2f93-4087-8a62-a40745db49f2:c1944]
2019-07-10 09:50:45,501 INFO  client.GrpcClientProtocolClient (GrpcClientProtocolClient.java:onNext(255)) - client-7D6108789623->f80c66c4-8a3d-47db-b3f8-20b0bcb8a3f5: receive RaftClientReply:client-7D6108789623->f80c66c4-8a3d-47db-b3f8-20b0bcb8a3f5@group-7D2873B646E2, cid=1388, SUCCESS, logIndex=1949, commits[f80c66c4-8a3d-47db-b3f8-20b0bcb8a3f5:c1949, 6e9bc0f4-a324-4be3-b201-2d39df7dad8a:c1946, cffe1303-2f93-4087-8a62-a40745db49f2:c1946]
2019-07-10 09:50:45,501 INFO  client.GrpcClientProtocolClient (GrpcClientProtocolClient.java:onNext(255)) - client-7D6108789623->f80c66c4-8a3d-47db-b3f8-20b0bcb8a3f5: receive RaftClientReply:client-7D6108789623->f80c66c4-8a3d-47db-b3f8-20b0bcb8a3f5@group-7D2873B646E2, cid=1389, SUCCESS, logIndex=1950, commits[f80c66c4-8a3d-47db-b3f8-20b0bcb8a3f5:c1950, 6e9bc0f4-a324-4be3-b201-2d39df7dad8a:c1946, cffe1303-2f93-4087-8a62-a40745db49f2:c1946]
2019-07-10 09:50:45,522 INFO  client.GrpcClientProtocolClient (GrpcClientProtocolClient.java:onNext(255)) - client-7D6108789623->f80c66c4-8a3d-47db-b3f8-20b0bcb8a3f5: receive RaftClientReply:client-7D6108789623->f80c66c4-8a3d-47db-b3f8-20b0bcb8a3f5@group-7D2873B646E2, cid=1390, SUCCESS, logIndex=0, commits[f80c66c4-8a3d-47db-b3f8-20b0bcb8a3f5:c1952, 6e9bc0f4-a324-4be3-b201-2d39df7dad8a:c1950, cffe1303-2f93-4087-8a62-a40745db49f2:c1950]
2019-07-10 09:50:45,552 INFO  client.GrpcClientProtocolClient (GrpcClientProtocolClient.java:onNext(255)) - client-7D6108789623->f80c66c4-8a3d-47db-b3f8-20b0bcb8a3f5: receive RaftClientReply:client-7D6108789623->f80c66c4-8a3d-47db-b3f8-20b0bcb8a3f5@group-7D2873B646E2, cid=1391, SUCCESS, logIndex=1953, commits[f80c66c4-8a3d-47db-b3f8-20b0bcb8a3f5:c1954, 6e9bc0f4-a324-4be3-b201-2d39df7dad8a:c1952, cffe1303-2f93-4087-8a62-a40745db49f2:c1952]
2019-07-10 09:50:45,553 INFO  client.GrpcClientProtocolClient (GrpcClientProtocolClient.java:onNext(255)) - client-7D6108789623->f80c66c4-8a3d-47db-b3f8-20b0bcb8a3f5: receive RaftClientReply:client-7D6108789623->f80c66c4-8a3d-47db-b3f8-20b0bcb8a3f5@group-7D2873B646E2, cid=1392, SUCCESS, logIndex=1954, commits[f80c66c4-8a3d-47db-b3f8-20b0bcb8a3f5:c1956, 6e9bc0f4-a324-4be3-b201-2d39df7dad8a:c1952, cffe1303-2f93-4087-8a62-a40745db49f2:c1952]
2019-07-10 09:50:45,553 INFO  client.GrpcClientProtocolClient (GrpcClientProtocolClient.java:onNext(255)) - client-7D6108789623->f80c66c4-8a3d-47db-b3f8-20b0bcb8a3f5: receive RaftClientReply:client-7D6108789623->f80c66c4-8a3d-47db-b3f8-20b0bcb8a3f5@group-7D2873B646E2, cid=1393, SUCCESS, logIndex=1955, commits[f80c66c4-8a3d-47db-b3f8-20b0bcb8a3f5:c1956, 6e9bc0f4-a324-4be3-b201-2d39df7dad8a:c1952, cffe1303-2f93-4087-8a62-a40745db49f2:c1952]
2019-07-10 09:50:45,553 INFO  client.GrpcClientProtocolClient (GrpcClientProtocolClient.java:onNext(255)) - client-7D6108789623->f80c66c4-8a3d-47db-b3f8-20b0bcb8a3f5: receive RaftClientReply:client-7D6108789623->f80c66c4-8a3d-47db-b3f8-20b0bcb8a3f5@group-7D2873B646E2, cid=1394, SUCCESS, logIndex=1956, commits[f80c66c4-8a3d-47db-b3f8-20b0bcb8a3f5:c1956, 6e9bc0f4-a324-4be3-b201-2d39df7dad8a:c1952, cffe1303-2f93-4087-8a62-a40745db49f2:c1952]
2019-07-10 09:50:45,564 INFO  client.GrpcClientProtocolClient (GrpcClientProtocolClient.java:onNext(255)) - client-7D6108789623->f80c66c4-8a3d-47db-b3f8-20b0bcb8a3f5: receive RaftClientReply:client-7D6108789623->f80c66c4-8a3d-47db-b3f8-20b0bcb8a3f5@group-7D2873B646E2, cid=1395, SUCCESS, logIndex=0, commits[f80c66c4-8a3d-47db-b3f8-20b0bcb8a3f5:c1957, 6e9bc0f4-a324-4be3-b201-2d39df7dad8a:c1954, cffe1303-2f93-4087-8a62-a40745db49f2:c1954]
2019-07-10 09:50:45,586 INFO  client.GrpcClientProtocolClient (GrpcClientProtocolClient.java:onNext(255)) - client-7D6108789623->f80c66c4-8a3d-47db-b3f8-20b0bcb8a3f5: receive RaftClientReply:client-7D6108789623->f80c66c4-8a3d-47db-b3f8-20b0bcb8a3f5@group-7D2873B646E2, cid=1396, SUCCESS, logIndex=1960, commits[f80c66c4-8a3d-47db-b3f8-20b0bcb8a3f5:c1961, 6e9bc0f4-a324-4be3-b201-2d39df7dad8a:c1957, cffe1303-2f93-4087-8a62-a40745db49f2:c1957]
2019-07-10 09:50:45,587 INFO  client.GrpcClientProtocolClient (GrpcClientProtocolClient.java:onNext(255)) - client-7D6108789623->f80c66c4-8a3d-47db-b3f8-20b0bcb8a3f5: receive RaftClientReply:client-7D6108789623->f80c66c4-8a3d-47db-b3f8-20b0bcb8a3f5@group-7D2873B646E2, cid=1397, SUCCESS, logIndex=1961, commits[f80c66c4-8a3d-47db-b3f8-20b0bcb8a3f5:c1961, 6e9bc0f4-a324-4be3-b201-2d39df7dad8a:c1957, cffe1303-2f93-4087-8a62-a40745db49f2:c1957]
2019-07-10 09:50:45,616 INFO  client.GrpcClientProtocolClient (GrpcClientProtocolClient.java:onNext(255)) - client-7D6108789623->f80c66c4-8a3d-47db-b3f8-20b0bcb8a3f5: receive RaftClientReply:client-7D6108789623->f80c66c4-8a3d-47db-b3f8-20b0bcb8a3f5@group-7D2873B646E2, cid=1398, SUCCESS, logIndex=1964, commits[f80c66c4-8a3d-47db-b3f8-20b0bcb8a3f5:c1965, 6e9bc0f4-a324-4be3-b201-2d39df7dad8a:c1961, cffe1303-2f93-4087-8a62-a40745db49f2:c1961]
2019-07-10 09:50:45,617 INFO  client.GrpcClientProtocolClient (GrpcClientProtocolClient.java:onNext(255)) - client-7D6108789623->f80c66c4-8a3d-47db-b3f8-20b0bcb8a3f5: receive RaftClientReply:client-7D6108789623->f80c66c4-8a3d-47db-b3f8-20b0bcb8a3f5@group-7D2873B646E2, cid=1399, SUCCESS, logIndex=1965, commits[f80c66c4-8a3d-47db-b3f8-20b0bcb8a3f5:c1965, 6e9bc0f4-a324-4be3-b201-2d39df7dad8a:c1961, cffe1303-2f93-4087-8a62-a40745db49f2:c1961]
2019-07-10 09:50:45,635 INFO  client.GrpcClientProtocolClient (GrpcClientProtocolClient.java:onNext(255)) - client-7D6108789623->f80c66c4-8a3d-47db-b3f8-20b0bcb8a3f5: receive RaftClientReply:client-7D6108789623->f80c66c4-8a3d-47db-b3f8-20b0bcb8a3f5@group-7D2873B646E2, cid=1400, SUCCESS, logIndex=0, commits[f80c66c4-8a3d-47db-b3f8-20b0bcb8a3f5:c1966, 6e9bc0f4-a324-4be3-b201-2d39df7dad8a:c1965, cffe1303-2f93-4087-8a62-a40745db49f2:c1965]
2019-07-10 09:50:45,658 INFO  client.GrpcClientProtocolClient (GrpcClientProtocolClient.java:onNext(255)) - client-7D6108789623->f80c66c4-8a3d-47db-b3f8-20b0bcb8a3f5: receive RaftClientReply:client-7D6108789623->f80c66c4-8a3d-47db-b3f8-20b0bcb8a3f5@group-7D2873B646E2, cid=1401, SUCCESS, logIndex=1968, commits[f80c66c4-8a3d-47db-b3f8-20b0bcb8a3f5:c1968, 6e9bc0f4-a324-4be3-b201-2d39df7dad8a:c1967, cffe1303-2f93-4087-8a62-a40745db49f2:c1967]
2019-07-10 09:50:45,658 INFO  client.GrpcClientProtocolClient (GrpcClientProtocolClient.java:onNext(255)) - client-7D6108789623->f80c66c4-8a3d-47db-b3f8-20b0bcb8a3f5: receive RaftClientReply:client-7D6108789623->f80c66c4-8a3d-47db-b3f8-20b0bcb8a3f5@group-7D2873B646E2, cid=1402, SUCCESS, logIndex=1969, commits[f80c66c4-8a3d-47db-b3f8-20b0bcb8a3f5:c1969, 6e9bc0f4-a324-4be3-b201-2d39df7dad8a:c1967, cffe1303-2f93-4087-8a62-a40745db49f2:c1967]
2019-07-10 09:50:45,658 INFO  client.GrpcClientProtocolClient (GrpcClientProtocolClient.java:onNext(255)) - client-7D6108789623->f80c66c4-8a3d-47db-b3f8-20b0bcb8a3f5: receive RaftClientReply:client-7D6108789623->f80c66c4-8a3d-47db-b3f8-20b0bcb8a3f5@group-7D2873B646E2, cid=1403, SUCCESS, logIndex=1970, commits[f80c66c4-8a3d-47db-b3f8-20b0bcb8a3f5:c1971, 6e9bc0f4-a324-4be3-b201-2d39df7dad8a:c1967, cffe1303-2f93-4087-8a62-a40745db49f2:c1967]
2019-07-10 09:50:45,659 INFO  client.GrpcClientProtocolClient (GrpcClientProtocolClient.java:onNext(255)) - client-7D6108789623->f80c66c4-8a3d-47db-b3f8-20b0bcb8a3f5: receive RaftClientReply:client-7D6108789623->f80c66c4-8a3d-47db-b3f8-20b0bcb8a3f5@group-7D2873B646E2, cid=1404, SUCCESS, logIndex=1971, commits[f80c66c4-8a3d-47db-b3f8-20b0bcb8a3f5:c1971, 6e9bc0f4-a324-4be3-b201-2d39df7dad8a:c1967, cffe1303-2f93-4087-8a62-a40745db49f2:c1967]
2019-07-10 09:50:45,672 INFO  client.GrpcClientProtocolClient (GrpcClientProtocolClient.java:onNext(255)) - client-7D6108789623->f80c66c4-8a3d-47db-b3f8-20b0bcb8a3f5: receive RaftClientReply:client-7D6108789623->f80c66c4-8a3d-47db-b3f8-20b0bcb8a3f5@group-7D2873B646E2, cid=1405, SUCCESS, logIndex=0, commits[f80c66c4-8a3d-47db-b3f8-20b0bcb8a3f5:c1973, 6e9bc0f4-a324-4be3-b201-2d39df7dad8a:c1969, cffe1303-2f93-4087-8a62-a40745db49f2:c1969]
2019-07-10 09:50:45,685 INFO  client.GrpcClientProtocolClient (GrpcClientProtocolClient.java:onNext(255)) - client-7D6108789623->f80c66c4-8a3d-47db-b3f8-20b0bcb8a3f5: receive RaftClientReply:client-7D6108789623->f80c66c4-8a3d-47db-b3f8-20b0bcb8a3f5@group-7D2873B646E2, cid=1406, SUCCESS, logIndex=1976, commits[f80c66c4-8a3d-47db-b3f8-20b0bcb8a3f5:c1977, 6e9bc0f4-a324-4be3-b201-2d39df7dad8a:c1975, cffe1303-2f93-4087-8a62-a40745db49f2:c1975]
2019-07-10 09:50:45,685 INFO  client.GrpcClientProtocolClient (GrpcClientProtocolClient.java:onNext(255)) - client-7D6108789623->f80c66c4-8a3d-47db-b3f8-20b0bcb8a3f5: receive RaftClientReply:client-7D6108789623->f80c66c4-8a3d-47db-b3f8-20b0bcb8a3f5@group-7D2873B646E2, cid=1407, SUCCESS, logIndex=1977, commits[f80c66c4-8a3d-47db-b3f8-20b0bcb8a3f5:c1977, 6e9bc0f4-a324-4be3-b201-2d39df7dad8a:c1975, cffe1303-2f93-4087-8a62-a40745db49f2:c1975]
2019-07-10 09:50:45,698 INFO  client.GrpcClientProtocolClient (GrpcClientProtocolClient.java:onNext(255)) - client-7D6108789623->f80c66c4-8a3d-47db-b3f8-20b0bcb8a3f5: receive RaftClientReply:client-7D6108789623->f80c66c4-8a3d-47db-b3f8-20b0bcb8a3f5@group-7D2873B646E2, cid=1408, SUCCESS, logIndex=1980, commits[f80c66c4-8a3d-47db-b3f8-20b0bcb8a3f5:c1980, 6e9bc0f4-a324-4be3-b201-2d39df7dad8a:c1977, cffe1303-2f93-4087-8a62-a40745db49f2:c1977]
2019-07-10 09:50:45,698 INFO  client.GrpcClientProtocolClient (GrpcClientProtocolClient.java:onNext(255)) - client-7D6108789623->f80c66c4-8a3d-47db-b3f8-20b0bcb8a3f5: receive RaftClientReply:client-7D6108789623->f80c66c4-8a3d-47db-b3f8-20b0bcb8a3f5@group-7D2873B646E2, cid=1409, SUCCESS, logIndex=1981, commits[f80c66c4-8a3d-47db-b3f8-20b0bcb8a3f5:c1981, 6e9bc0f4-a324-4be3-b201-2d39df7dad8a:c1977, cffe1303-2f93-4087-8a62-a40745db49f2:c1977]
2019-07-10 09:50:45,718 INFO  client.GrpcClientProtocolClient (GrpcClientProtocolClient.java:onNext(255)) - client-7D6108789623->f80c66c4-8a3d-47db-b3f8-20b0bcb8a3f5: receive RaftClientReply:client-7D6108789623->f80c66c4-8a3d-47db-b3f8-20b0bcb8a3f5@group-7D2873B646E2, cid=1410, SUCCESS, logIndex=0, commits[f80c66c4-8a3d-47db-b3f8-20b0bcb8a3f5:c1983, 6e9bc0f4-a324-4be3-b201-2d39df7dad8a:c1981, cffe1303-2f93-4087-8a62-a40745db49f2:c1981]
2019-07-10 09:50:45,847 INFO  client.GrpcClientProtocolClient (GrpcClientProtocolClient.java:onNext(255)) - client-7D6108789623->f80c66c4-8a3d-47db-b3f8-20b0bcb8a3f5: receive RaftClientReply:client-7D6108789623->f80c66c4-8a3d-47db-b3f8-20b0bcb8a3f5@group-7D2873B646E2, cid=1411, SUCCESS, logIndex=1984, commits[f80c66c4-8a3d-47db-b3f8-20b0bcb8a3f5:c1985, 6e9bc0f4-a324-4be3-b201-2d39df7dad8a:c1983, cffe1303-2f93-4087-8a62-a40745db49f2:c1983]
2019-07-10 09:50:45,848 INFO  client.GrpcClientProtocolClient (GrpcClientProtocolClient.java:onNext(255)) - client-7D6108789623->f80c66c4-8a3d-47db-b3f8-20b0bcb8a3f5: receive RaftClientReply:client-7D6108789623->f80c66c4-8a3d-47db-b3f8-20b0bcb8a3f5@group-7D2873B646E2, cid=1412, SUCCESS, logIndex=1985, commits[f80c66c4-8a3d-47db-b3f8-20b0bcb8a3f5:c1987, 6e9bc0f4-a324-4be3-b201-2d39df7dad8a:c1983, cffe1303-2f93-4087-8a62-a40745db49f2:c1983]
2019-07-10 09:50:45,849 INFO  client.GrpcClientProtocolClient (GrpcClientProtocolClient.java:onNext(255)) - client-7D6108789623->f80c66c4-8a3d-47db-b3f8-20b0bcb8a3f5: receive RaftClientReply:client-7D6108789623->f80c66c4-8a3d-47db-b3f8-20b0bcb8a3f5@group-7D2873B646E2, cid=1413, SUCCESS, logIndex=1986, commits[f80c66c4-8a3d-47db-b3f8-20b0bcb8a3f5:c1987, 6e9bc0f4-a324-4be3-b201-2d39df7dad8a:c1983, cffe1303-2f93-4087-8a62-a40745db49f2:c1983]
2019-07-10 09:50:45,849 INFO  client.GrpcClientProtocolClient (GrpcClientProtocolClient.java:onNext(255)) - client-7D6108789623->f80c66c4-8a3d-47db-b3f8-20b0bcb8a3f5: receive RaftClientReply:client-7D6108789623->f80c66c4-8a3d-47db-b3f8-20b0bcb8a3f5@group-7D2873B646E2, cid=1414, SUCCESS, logIndex=1987, commits[f80c66c4-8a3d-47db-b3f8-20b0bcb8a3f5:c1987, 6e9bc0f4-a324-4be3-b201-2d39df7dad8a:c1983, cffe1303-2f93-4087-8a62-a40745db49f2:c1983]
2019-07-10 09:50:45,868 INFO  client.GrpcClientProtocolClient (GrpcClientProtocolClient.java:onNext(255)) - client-7D6108789623->f80c66c4-8a3d-47db-b3f8-20b0bcb8a3f5: receive RaftClientReply:client-7D6108789623->f80c66c4-8a3d-47db-b3f8-20b0bcb8a3f5@group-7D2873B646E2, cid=1415, SUCCESS, logIndex=0, commits[f80c66c4-8a3d-47db-b3f8-20b0bcb8a3f5:c1989, 6e9bc0f4-a324-4be3-b201-2d39df7dad8a:c1985, cffe1303-2f93-4087-8a62-a40745db49f2:c1985]
2019-07-10 09:50:45,889 INFO  client.GrpcClientProtocolClient (GrpcClientProtocolClient.java:onNext(255)) - client-7D6108789623->f80c66c4-8a3d-47db-b3f8-20b0bcb8a3f5: receive RaftClientReply:client-7D6108789623->f80c66c4-8a3d-47db-b3f8-20b0bcb8a3f5@group-7D2873B646E2, cid=1416, SUCCESS, logIndex=1992, commits[f80c66c4-8a3d-47db-b3f8-20b0bcb8a3f5:c1993, 6e9bc0f4-a324-4be3-b201-2d39df7dad8a:c1991, cffe1303-2f93-4087-8a62-a40745db49f2:c1987]
2019-07-10 09:50:45,890 INFO  client.GrpcClientProtocolClient (GrpcClientProtocolClient.java:onNext(255)) - client-7D6108789623->f80c66c4-8a3d-47db-b3f8-20b0bcb8a3f5: receive RaftClientReply:client-7D6108789623->f80c66c4-8a3d-47db-b3f8-20b0bcb8a3f5@group-7D2873B646E2, cid=1417, SUCCESS, logIndex=1993, commits[f80c66c4-8a3d-47db-b3f8-20b0bcb8a3f5:c1993, 6e9bc0f4-a324-4be3-b201-2d39df7dad8a:c1991, cffe1303-2f93-4087-8a62-a40745db49f2:c1991]
2019-07-10 09:50:45,911 INFO  client.GrpcClientProtocolClient (GrpcClientProtocolClient.java:onNext(255)) - client-7D6108789623->f80c66c4-8a3d-47db-b3f8-20b0bcb8a3f5: receive RaftClientReply:client-7D6108789623->f80c66c4-8a3d-47db-b3f8-20b0bcb8a3f5@group-7D2873B646E2, cid=1418, SUCCESS, logIndex=1996, commits[f80c66c4-8a3d-47db-b3f8-20b0bcb8a3f5:c1996, 6e9bc0f4-a324-4be3-b201-2d39df7dad8a:c1992, cffe1303-2f93-4087-8a62-a40745db49f2:c1993]
2019-07-10 09:50:45,911 INFO  client.GrpcClientProtocolClient (GrpcClientProtocolClient.java:onNext(255)) - client-7D6108789623->f80c66c4-8a3d-47db-b3f8-20b0bcb8a3f5: receive RaftClientReply:client-7D6108789623->f80c66c4-8a3d-47db-b3f8-20b0bcb8a3f5@group-7D2873B646E2, cid=1419, SUCCESS, logIndex=1997, commits[f80c66c4-8a3d-47db-b3f8-20b0bcb8a3f5:c1997, 6e9bc0f4-a324-4be3-b201-2d39df7dad8a:c1993, cffe1303-2f93-4087-8a62-a40745db49f2:c1993]
2019-07-10 09:50:45,924 INFO  client.GrpcClientProtocolClient (GrpcClientProtocolClient.java:onNext(255)) - client-7D6108789623->f80c66c4-8a3d-47db-b3f8-20b0bcb8a3f5: receive RaftClientReply:client-7D6108789623->f80c66c4-8a3d-47db-b3f8-20b0bcb8a3f5@group-7D2873B646E2, cid=1420, SUCCESS, logIndex=0, commits[f80c66c4-8a3d-47db-b3f8-20b0bcb8a3f5:c1999, 6e9bc0f4-a324-4be3-b201-2d39df7dad8a:c1997, cffe1303-2f93-4087-8a62-a40745db49f2:c1997]
2019-07-10 09:50:45,955 INFO  client.GrpcClientProtocolClient (GrpcClientProtocolClient.java:onNext(255)) - client-7D6108789623->f80c66c4-8a3d-47db-b3f8-20b0bcb8a3f5: receive RaftClientReply:client-7D6108789623->f80c66c4-8a3d-47db-b3f8-20b0bcb8a3f5@group-7D2873B646E2, cid=1421, SUCCESS, logIndex=2000, commits[f80c66c4-8a3d-47db-b3f8-20b0bcb8a3f5:c2001, 6e9bc0f4-a324-4be3-b201-2d39df7dad8a:c1997, cffe1303-2f93-4087-8a62-a40745db49f2:c1999]
2019-07-10 09:50:45,956 INFO  client.GrpcClientProtocolClient (GrpcClientProtocolClient.java:onNext(255)) - client-7D6108789623->f80c66c4-8a3d-47db-b3f8-20b0bcb8a3f5: receive RaftClientReply:client-7D6108789623->f80c66c4-8a3d-47db-b3f8-20b0bcb8a3f5@group-7D2873B646E2, cid=1422, SUCCESS, logIndex=2001, commits[f80c66c4-8a3d-47db-b3f8-20b0bcb8a3f5:c2001, 6e9bc0f4-a324-4be3-b201-2d39df7dad8a:c1997, cffe1303-2f93-4087-8a62-a40745db49f2:c1999]
2019-07-10 09:50:45,966 INFO  client.GrpcClientProtocolClient (GrpcClientProtocolClient.java:onNext(255)) - client-7D6108789623->f80c66c4-8a3d-47db-b3f8-20b0bcb8a3f5: receive RaftClientReply:client-7D6108789623->f80c66c4-8a3d-47db-b3f8-20b0bcb8a3f5@group-7D2873B646E2, cid=1423, SUCCESS, logIndex=2002, commits[f80c66c4-8a3d-47db-b3f8-20b0bcb8a3f5:c2003, 6e9bc0f4-a324-4be3-b201-2d39df7dad8a:c1999, cffe1303-2f93-4087-8a62-a40745db49f2:c1999]
2019-07-10 09:50:45,967 INFO  client.GrpcClientProtocolClient (GrpcClientProtocolClient.java:onNext(255)) - client-7D6108789623->f80c66c4-8a3d-47db-b3f8-20b0bcb8a3f5: receive RaftClientReply:client-7D6108789623->f80c66c4-8a3d-47db-b3f8-20b0bcb8a3f5@group-7D2873B646E2, cid=1424, SUCCESS, logIndex=2003, commits[f80c66c4-8a3d-47db-b3f8-20b0bcb8a3f5:c2005, 6e9bc0f4-a324-4be3-b201-2d39df7dad8a:c2001, cffe1303-2f93-4087-8a62-a40745db49f2:c1999]
2019-07-10 09:50:45,975 INFO  client.GrpcClientProtocolClient (GrpcClientProtocolClient.java:onNext(255)) - client-7D6108789623->f80c66c4-8a3d-47db-b3f8-20b0bcb8a3f5: receive RaftClientReply:client-7D6108789623->f80c66c4-8a3d-47db-b3f8-20b0bcb8a3f5@group-7D2873B646E2, cid=1425, SUCCESS, logIndex=0, commits[f80c66c4-8a3d-47db-b3f8-20b0bcb8a3f5:c2005, 6e9bc0f4-a324-4be3-b201-2d39df7dad8a:c2001, cffe1303-2f93-4087-8a62-a40745db49f2:c2001]
2019-07-10 09:50:46,000 INFO  client.GrpcClientProtocolClient (GrpcClientProtocolClient.java:onNext(255)) - client-7D6108789623->f80c66c4-8a3d-47db-b3f8-20b0bcb8a3f5: receive RaftClientReply:client-7D6108789623->f80c66c4-8a3d-47db-b3f8-20b0bcb8a3f5@group-7D2873B646E2, cid=1426, SUCCESS, logIndex=2008, commits[f80c66c4-8a3d-47db-b3f8-20b0bcb8a3f5:c2009, 6e9bc0f4-a324-4be3-b201-2d39df7dad8a:c2003, cffe1303-2f93-4087-8a62-a40745db49f2:c2006]
2019-07-10 09:50:46,000 INFO  client.GrpcClientProtocolClient (GrpcClientProtocolClient.java:onNext(255)) - client-7D6108789623->f80c66c4-8a3d-47db-b3f8-20b0bcb8a3f5: receive RaftClientReply:client-7D6108789623->f80c66c4-8a3d-47db-b3f8-20b0bcb8a3f5@group-7D2873B646E2, cid=1427, SUCCESS, logIndex=2009, commits[f80c66c4-8a3d-47db-b3f8-20b0bcb8a3f5:c2009, 6e9bc0f4-a324-4be3-b201-2d39df7dad8a:c2006, cffe1303-2f93-4087-8a62-a40745db49f2:c2006]
2019-07-10 09:50:46,023 INFO  client.GrpcClientProtocolClient (GrpcClientProtocolClient.java:onNext(255)) - client-7D6108789623->f80c66c4-8a3d-47db-b3f8-20b0bcb8a3f5: receive RaftClientReply:client-7D6108789623->f80c66c4-8a3d-47db-b3f8-20b0bcb8a3f5@group-7D2873B646E2, cid=1428, SUCCESS, logIndex=2011, commits[f80c66c4-8a3d-47db-b3f8-20b0bcb8a3f5:c2012, 6e9bc0f4-a324-4be3-b201-2d39df7dad8a:c2009, cffe1303-2f93-4087-8a62-a40745db49f2:c2009]
2019-07-10 09:50:46,023 INFO  client.GrpcClientProtocolClient (GrpcClientProtocolClient.java:onNext(255)) - client-7D6108789623->f80c66c4-8a3d-47db-b3f8-20b0bcb8a3f5: receive RaftClientReply:client-7D6108789623->f80c66c4-8a3d-47db-b3f8-20b0bcb8a3f5@group-7D2873B646E2, cid=1429, SUCCESS, logIndex=2012, commits[f80c66c4-8a3d-47db-b3f8-20b0bcb8a3f5:c2012, 6e9bc0f4-a324-4be3-b201-2d39df7dad8a:c2009, cffe1303-2f93-4087-8a62-a40745db49f2:c2009]
 0.00% |█                                                                                                    |  0/1 Time: 0:00:102019-07-10 09:50:46,045 INFO  client.GrpcClientProtocolClient (GrpcClientProtocolClient.java:onNext(255)) - client-7D6108789623->f80c66c4-8a3d-47db-b3f8-20b0bcb8a3f5: receive RaftClientReply:client-7D6108789623->f80c66c4-8a3d-47db-b3f8-20b0bcb8a3f5@group-7D2873B646E2, cid=1430, SUCCESS, logIndex=0, commits[f80c66c4-8a3d-47db-b3f8-20b0bcb8a3f5:c2014, 6e9bc0f4-a324-4be3-b201-2d39df7dad8a:c2012, cffe1303-2f93-4087-8a62-a40745db49f2:c2012]
2019-07-10 09:50:46,087 INFO  client.GrpcClientProtocolClient (GrpcClientProtocolClient.java:onNext(255)) - client-7D6108789623->f80c66c4-8a3d-47db-b3f8-20b0bcb8a3f5: receive RaftClientReply:client-7D6108789623->f80c66c4-8a3d-47db-b3f8-20b0bcb8a3f5@group-7D2873B646E2, cid=1431, SUCCESS, logIndex=2015, commits[f80c66c4-8a3d-47db-b3f8-20b0bcb8a3f5:c2016, 6e9bc0f4-a324-4be3-b201-2d39df7dad8a:c2014, cffe1303-2f93-4087-8a62-a40745db49f2:c2014]
2019-07-10 09:50:46,088 INFO  client.GrpcClientProtocolClient (GrpcClientProtocolClient.java:onNext(255)) - client-7D6108789623->f80c66c4-8a3d-47db-b3f8-20b0bcb8a3f5: receive RaftClientReply:client-7D6108789623->f80c66c4-8a3d-47db-b3f8-20b0bcb8a3f5@group-7D2873B646E2, cid=1432, SUCCESS, logIndex=2016, commits[f80c66c4-8a3d-47db-b3f8-20b0bcb8a3f5:c2016, 6e9bc0f4-a324-4be3-b201-2d39df7dad8a:c2014, cffe1303-2f93-4087-8a62-a40745db49f2:c2014]
2019-07-10 09:50:46,089 INFO  client.GrpcClientProtocolClient (GrpcClientProtocolClient.java:onNext(255)) - client-7D6108789623->f80c66c4-8a3d-47db-b3f8-20b0bcb8a3f5: receive RaftClientReply:client-7D6108789623->f80c66c4-8a3d-47db-b3f8-20b0bcb8a3f5@group-7D2873B646E2, cid=1433, SUCCESS, logIndex=2017, commits[f80c66c4-8a3d-47db-b3f8-20b0bcb8a3f5:c2018, 6e9bc0f4-a324-4be3-b201-2d39df7dad8a:c2014, cffe1303-2f93-4087-8a62-a40745db49f2:c2014]
2019-07-10 09:50:46,090 INFO  client.GrpcClientProtocolClient (GrpcClientProtocolClient.java:onNext(255)) - client-7D6108789623->f80c66c4-8a3d-47db-b3f8-20b0bcb8a3f5: receive RaftClientReply:client-7D6108789623->f80c66c4-8a3d-47db-b3f8-20b0bcb8a3f5@group-7D2873B646E2, cid=1434, SUCCESS, logIndex=2018, commits[f80c66c4-8a3d-47db-b3f8-20b0bcb8a3f5:c2018, 6e9bc0f4-a324-4be3-b201-2d39df7dad8a:c2014, cffe1303-2f93-4087-8a62-a40745db49f2:c2014]
2019-07-10 09:50:46,099 INFO  client.GrpcClientProtocolClient (GrpcClientProtocolClient.java:onNext(255)) - client-7D6108789623->f80c66c4-8a3d-47db-b3f8-20b0bcb8a3f5: receive RaftClientReply:client-7D6108789623->f80c66c4-8a3d-47db-b3f8-20b0bcb8a3f5@group-7D2873B646E2, cid=1435, SUCCESS, logIndex=0, commits[f80c66c4-8a3d-47db-b3f8-20b0bcb8a3f5:c2020, 6e9bc0f4-a324-4be3-b201-2d39df7dad8a:c2016, cffe1303-2f93-4087-8a62-a40745db49f2:c2016]
2019-07-10 09:50:46,120 INFO  client.GrpcClientProtocolClient (GrpcClientProtocolClient.java:onNext(255)) - client-7D6108789623->f80c66c4-8a3d-47db-b3f8-20b0bcb8a3f5: receive RaftClientReply:client-7D6108789623->f80c66c4-8a3d-47db-b3f8-20b0bcb8a3f5@group-7D2873B646E2, cid=1436, SUCCESS, logIndex=2022, commits[f80c66c4-8a3d-47db-b3f8-20b0bcb8a3f5:c2023, 6e9bc0f4-a324-4be3-b201-2d39df7dad8a:c2020, cffe1303-2f93-4087-8a62-a40745db49f2:c2018]
2019-07-10 09:50:46,120 INFO  client.GrpcClientProtocolClient (GrpcClientProtocolClient.java:onNext(255)) - client-7D6108789623->f80c66c4-8a3d-47db-b3f8-20b0bcb8a3f5: receive RaftClientReply:client-7D6108789623->f80c66c4-8a3d-47db-b3f8-20b0bcb8a3f5@group-7D2873B646E2, cid=1437, SUCCESS, logIndex=2023, commits[f80c66c4-8a3d-47db-b3f8-20b0bcb8a3f5:c2023, 6e9bc0f4-a324-4be3-b201-2d39df7dad8a:c2020, cffe1303-2f93-4087-8a62-a40745db49f2:c2020]
2019-07-10 09:50:46,139 INFO  client.GrpcClientProtocolClient (GrpcClientProtocolClient.java:onNext(255)) - client-7D6108789623->f80c66c4-8a3d-47db-b3f8-20b0bcb8a3f5: receive RaftClientReply:client-7D6108789623->f80c66c4-8a3d-47db-b3f8-20b0bcb8a3f5@group-7D2873B646E2, cid=1438, SUCCESS, logIndex=2026, commits[f80c66c4-8a3d-47db-b3f8-20b0bcb8a3f5:c2027, 6e9bc0f4-a324-4be3-b201-2d39df7dad8a:c2025, cffe1303-2f93-4087-8a62-a40745db49f2:c2025]
2019-07-10 09:50:46,139 INFO  client.GrpcClientProtocolClient (GrpcClientProtocolClient.java:onNext(255)) - client-7D6108789623->f80c66c4-8a3d-47db-b3f8-20b0bcb8a3f5: receive RaftClientReply:client-7D6108789623->f80c66c4-8a3d-47db-b3f8-20b0bcb8a3f5@group-7D2873B646E2, cid=1439, SUCCESS, logIndex=2027, commits[f80c66c4-8a3d-47db-b3f8-20b0bcb8a3f5:c2027, 6e9bc0f4-a324-4be3-b201-2d39df7dad8a:c2025, cffe1303-2f93-4087-8a62-a40745db49f2:c2025]
2019-07-10 09:50:46,152 INFO  client.GrpcClientProtocolClient (GrpcClientProtocolClient.java:onNext(255)) - client-7D6108789623->f80c66c4-8a3d-47db-b3f8-20b0bcb8a3f5: receive RaftClientReply:client-7D6108789623->f80c66c4-8a3d-47db-b3f8-20b0bcb8a3f5@group-7D2873B646E2, cid=1440, SUCCESS, logIndex=0, commits[f80c66c4-8a3d-47db-b3f8-20b0bcb8a3f5:c2029, 6e9bc0f4-a324-4be3-b201-2d39df7dad8a:c2027, cffe1303-2f93-4087-8a62-a40745db49f2:c2027]
2019-07-10 09:50:46,178 INFO  client.GrpcClientProtocolClient (GrpcClientProtocolClient.java:onNext(255)) - client-7D6108789623->f80c66c4-8a3d-47db-b3f8-20b0bcb8a3f5: receive RaftClientReply:client-7D6108789623->f80c66c4-8a3d-47db-b3f8-20b0bcb8a3f5@group-7D2873B646E2, cid=1441, SUCCESS, logIndex=2030, commits[f80c66c4-8a3d-47db-b3f8-20b0bcb8a3f5:c2031, 6e9bc0f4-a324-4be3-b201-2d39df7dad8a:c2029, cffe1303-2f93-4087-8a62-a40745db49f2:c2029]
2019-07-10 09:50:46,178 INFO  client.GrpcClientProtocolClient (GrpcClientProtocolClient.java:onNext(255)) - client-7D6108789623->f80c66c4-8a3d-47db-b3f8-20b0bcb8a3f5: receive RaftClientReply:client-7D6108789623->f80c66c4-8a3d-47db-b3f8-20b0bcb8a3f5@group-7D2873B646E2, cid=1442, SUCCESS, logIndex=2031, commits[f80c66c4-8a3d-47db-b3f8-20b0bcb8a3f5:c2031, 6e9bc0f4-a324-4be3-b201-2d39df7dad8a:c2029, cffe1303-2f93-4087-8a62-a40745db49f2:c2029]
2019-07-10 09:50:46,179 INFO  client.GrpcClientProtocolClient (GrpcClientProtocolClient.java:onNext(255)) - client-7D6108789623->f80c66c4-8a3d-47db-b3f8-20b0bcb8a3f5: receive RaftClientReply:client-7D6108789623->f80c66c4-8a3d-47db-b3f8-20b0bcb8a3f5@group-7D2873B646E2, cid=1443, SUCCESS, logIndex=2032, commits[f80c66c4-8a3d-47db-b3f8-20b0bcb8a3f5:c2033, 6e9bc0f4-a324-4be3-b201-2d39df7dad8a:c2029, cffe1303-2f93-4087-8a62-a40745db49f2:c2029]
2019-07-10 09:50:46,179 INFO  client.GrpcClientProtocolClient (GrpcClientProtocolClient.java:onNext(255)) - client-7D6108789623->f80c66c4-8a3d-47db-b3f8-20b0bcb8a3f5: receive RaftClientReply:client-7D6108789623->f80c66c4-8a3d-47db-b3f8-20b0bcb8a3f5@group-7D2873B646E2, cid=1444, SUCCESS, logIndex=2033, commits[f80c66c4-8a3d-47db-b3f8-20b0bcb8a3f5:c2033, 6e9bc0f4-a324-4be3-b201-2d39df7dad8a:c2029, cffe1303-2f93-4087-8a62-a40745db49f2:c2029]
2019-07-10 09:50:46,192 INFO  client.GrpcClientProtocolClient (GrpcClientProtocolClient.java:onNext(255)) - client-7D6108789623->f80c66c4-8a3d-47db-b3f8-20b0bcb8a3f5: receive RaftClientReply:client-7D6108789623->f80c66c4-8a3d-47db-b3f8-20b0bcb8a3f5@group-7D2873B646E2, cid=1445, SUCCESS, logIndex=0, commits[f80c66c4-8a3d-47db-b3f8-20b0bcb8a3f5:c2035, 6e9bc0f4-a324-4be3-b201-2d39df7dad8a:c2031, cffe1303-2f93-4087-8a62-a40745db49f2:c2031]
2019-07-10 09:50:46,203 INFO  client.GrpcClientProtocolClient (GrpcClientProtocolClient.java:onNext(255)) - client-7D6108789623->f80c66c4-8a3d-47db-b3f8-20b0bcb8a3f5: receive RaftClientReply:client-7D6108789623->f80c66c4-8a3d-47db-b3f8-20b0bcb8a3f5@group-7D2873B646E2, cid=1446, SUCCESS, logIndex=2038, commits[f80c66c4-8a3d-47db-b3f8-20b0bcb8a3f5:c2039, 6e9bc0f4-a324-4be3-b201-2d39df7dad8a:c2033, cffe1303-2f93-4087-8a62-a40745db49f2:c2037]
2019-07-10 09:50:46,203 INFO  client.GrpcClientProtocolClient (GrpcClientProtocolClient.java:onNext(255)) - client-7D6108789623->f80c66c4-8a3d-47db-b3f8-20b0bcb8a3f5: receive RaftClientReply:client-7D6108789623->f80c66c4-8a3d-47db-b3f8-20b0bcb8a3f5@group-7D2873B646E2, cid=1447, SUCCESS, logIndex=2039, commits[f80c66c4-8a3d-47db-b3f8-20b0bcb8a3f5:c2039, 6e9bc0f4-a324-4be3-b201-2d39df7dad8a:c2037, cffe1303-2f93-4087-8a62-a40745db49f2:c2037]
2019-07-10 09:50:46,215 INFO  client.GrpcClientProtocolClient (GrpcClientProtocolClient.java:onNext(255)) - client-7D6108789623->f80c66c4-8a3d-47db-b3f8-20b0bcb8a3f5: receive RaftClientReply:client-7D6108789623->f80c66c4-8a3d-47db-b3f8-20b0bcb8a3f5@group-7D2873B646E2, cid=1448, SUCCESS, logIndex=2042, commits[f80c66c4-8a3d-47db-b3f8-20b0bcb8a3f5:c2043, 6e9bc0f4-a324-4be3-b201-2d39df7dad8a:c2041, cffe1303-2f93-4087-8a62-a40745db49f2:c2041]
2019-07-10 09:50:46,215 INFO  client.GrpcClientProtocolClient (GrpcClientProtocolClient.java:onNext(255)) - client-7D6108789623->f80c66c4-8a3d-47db-b3f8-20b0bcb8a3f5: receive RaftClientReply:client-7D6108789623->f80c66c4-8a3d-47db-b3f8-20b0bcb8a3f5@group-7D2873B646E2, cid=1449, SUCCESS, logIndex=2043, commits[f80c66c4-8a3d-47db-b3f8-20b0bcb8a3f5:c2043, 6e9bc0f4-a324-4be3-b201-2d39df7dad8a:c2041, cffe1303-2f93-4087-8a62-a40745db49f2:c2041]
2019-07-10 09:50:46,228 INFO  client.GrpcClientProtocolClient (GrpcClientProtocolClient.java:onNext(255)) - client-7D6108789623->f80c66c4-8a3d-47db-b3f8-20b0bcb8a3f5: receive RaftClientReply:client-7D6108789623->f80c66c4-8a3d-47db-b3f8-20b0bcb8a3f5@group-7D2873B646E2, cid=1450, SUCCESS, logIndex=0, commits[f80c66c4-8a3d-47db-b3f8-20b0bcb8a3f5:c2045, 6e9bc0f4-a324-4be3-b201-2d39df7dad8a:c2043, cffe1303-2f93-4087-8a62-a40745db49f2:c2043]
2019-07-10 09:50:46,255 INFO  client.GrpcClientProtocolClient (GrpcClientProtocolClient.java:onNext(255)) - client-7D6108789623->f80c66c4-8a3d-47db-b3f8-20b0bcb8a3f5: receive RaftClientReply:client-7D6108789623->f80c66c4-8a3d-47db-b3f8-20b0bcb8a3f5@group-7D2873B646E2, cid=1451, SUCCESS, logIndex=2046, commits[f80c66c4-8a3d-47db-b3f8-20b0bcb8a3f5:c2047, 6e9bc0f4-a324-4be3-b201-2d39df7dad8a:c2045, cffe1303-2f93-4087-8a62-a40745db49f2:c2045]
2019-07-10 09:50:46,255 INFO  client.GrpcClientProtocolClient (GrpcClientProtocolClient.java:onNext(255)) - client-7D6108789623->f80c66c4-8a3d-47db-b3f8-20b0bcb8a3f5: receive RaftClientReply:client-7D6108789623->f80c66c4-8a3d-47db-b3f8-20b0bcb8a3f5@group-7D2873B646E2, cid=1452, SUCCESS, logIndex=2047, commits[f80c66c4-8a3d-47db-b3f8-20b0bcb8a3f5:c2047, 6e9bc0f4-a324-4be3-b201-2d39df7dad8a:c2045, cffe1303-2f93-4087-8a62-a40745db49f2:c2045]
2019-07-10 09:50:46,263 INFO  client.GrpcClientProtocolClient (GrpcClientProtocolClient.java:onNext(255)) - client-7D6108789623->f80c66c4-8a3d-47db-b3f8-20b0bcb8a3f5: receive RaftClientReply:client-7D6108789623->f80c66c4-8a3d-47db-b3f8-20b0bcb8a3f5@group-7D2873B646E2, cid=1453, SUCCESS, logIndex=2048, commits[f80c66c4-8a3d-47db-b3f8-20b0bcb8a3f5:c2049, 6e9bc0f4-a324-4be3-b201-2d39df7dad8a:c2045, cffe1303-2f93-4087-8a62-a40745db49f2:c2045]
2019-07-10 09:50:46,263 INFO  client.GrpcClientProtocolClient (GrpcClientProtocolClient.java:onNext(255)) - client-7D6108789623->f80c66c4-8a3d-47db-b3f8-20b0bcb8a3f5: receive RaftClientReply:client-7D6108789623->f80c66c4-8a3d-47db-b3f8-20b0bcb8a3f5@group-7D2873B646E2, cid=1454, SUCCESS, logIndex=2049, commits[f80c66c4-8a3d-47db-b3f8-20b0bcb8a3f5:c2049, 6e9bc0f4-a324-4be3-b201-2d39df7dad8a:c2045, cffe1303-2f93-4087-8a62-a40745db49f2:c2045]
2019-07-10 09:50:46,265 INFO  client.GrpcClientProtocolClient (GrpcClientProtocolClient.java:onNext(255)) - client-7D6108789623->f80c66c4-8a3d-47db-b3f8-20b0bcb8a3f5: receive RaftClientReply:client-7D6108789623->f80c66c4-8a3d-47db-b3f8-20b0bcb8a3f5@group-7D2873B646E2, cid=1455, SUCCESS, logIndex=0, commits[f80c66c4-8a3d-47db-b3f8-20b0bcb8a3f5:c2051, 6e9bc0f4-a324-4be3-b201-2d39df7dad8a:c2047, cffe1303-2f93-4087-8a62-a40745db49f2:c2047]
2019-07-10 09:50:46,282 INFO  client.GrpcClientProtocolClient (GrpcClientProtocolClient.java:onNext(255)) - client-7D6108789623->f80c66c4-8a3d-47db-b3f8-20b0bcb8a3f5: receive RaftClientReply:client-7D6108789623->f80c66c4-8a3d-47db-b3f8-20b0bcb8a3f5@group-7D2873B646E2, cid=1456, SUCCESS, logIndex=2054, commits[f80c66c4-8a3d-47db-b3f8-20b0bcb8a3f5:c2055, 6e9bc0f4-a324-4be3-b201-2d39df7dad8a:c2053, cffe1303-2f93-4087-8a62-a40745db49f2:c2053]
2019-07-10 09:50:46,282 INFO  client.GrpcClientProtocolClient (GrpcClientProtocolClient.java:onNext(255)) - client-7D6108789623->f80c66c4-8a3d-47db-b3f8-20b0bcb8a3f5: receive RaftClientReply:client-7D6108789623->f80c66c4-8a3d-47db-b3f8-20b0bcb8a3f5@group-7D2873B646E2, cid=1457, SUCCESS, logIndex=2055, commits[f80c66c4-8a3d-47db-b3f8-20b0bcb8a3f5:c2055, 6e9bc0f4-a324-4be3-b201-2d39df7dad8a:c2053, cffe1303-2f93-4087-8a62-a40745db49f2:c2053]
2019-07-10 09:50:46,319 INFO  client.GrpcClientProtocolClient (GrpcClientProtocolClient.java:onNext(255)) - client-7D6108789623->f80c66c4-8a3d-47db-b3f8-20b0bcb8a3f5: receive RaftClientReply:client-7D6108789623->f80c66c4-8a3d-47db-b3f8-20b0bcb8a3f5@group-7D2873B646E2, cid=1458, SUCCESS, logIndex=2058, commits[f80c66c4-8a3d-47db-b3f8-20b0bcb8a3f5:c2059, 6e9bc0f4-a324-4be3-b201-2d39df7dad8a:c2055, cffe1303-2f93-4087-8a62-a40745db49f2:c2055]
2019-07-10 09:50:46,319 INFO  client.GrpcClientProtocolClient (GrpcClientProtocolClient.java:onNext(255)) - client-7D6108789623->f80c66c4-8a3d-47db-b3f8-20b0bcb8a3f5: receive RaftClientReply:client-7D6108789623->f80c66c4-8a3d-47db-b3f8-20b0bcb8a3f5@group-7D2873B646E2, cid=1459, SUCCESS, logIndex=2059, commits[f80c66c4-8a3d-47db-b3f8-20b0bcb8a3f5:c2059, 6e9bc0f4-a324-4be3-b201-2d39df7dad8a:c2055, cffe1303-2f93-4087-8a62-a40745db49f2:c2055]
2019-07-10 09:50:46,322 INFO  client.GrpcClientProtocolClient (GrpcClientProtocolClient.java:onNext(255)) - client-7D6108789623->f80c66c4-8a3d-47db-b3f8-20b0bcb8a3f5: receive RaftClientReply:client-7D6108789623->f80c66c4-8a3d-47db-b3f8-20b0bcb8a3f5@group-7D2873B646E2, cid=1460, SUCCESS, logIndex=0, commits[f80c66c4-8a3d-47db-b3f8-20b0bcb8a3f5:c2061, 6e9bc0f4-a324-4be3-b201-2d39df7dad8a:c2059, cffe1303-2f93-4087-8a62-a40745db49f2:c2059]
2019-07-10 09:50:46,345 INFO  client.GrpcClientProtocolClient (GrpcClientProtocolClient.java:onNext(255)) - client-7D6108789623->f80c66c4-8a3d-47db-b3f8-20b0bcb8a3f5: receive RaftClientReply:client-7D6108789623->f80c66c4-8a3d-47db-b3f8-20b0bcb8a3f5@group-7D2873B646E2, cid=1461, SUCCESS, logIndex=2062, commits[f80c66c4-8a3d-47db-b3f8-20b0bcb8a3f5:c2063, 6e9bc0f4-a324-4be3-b201-2d39df7dad8a:c2059, cffe1303-2f93-4087-8a62-a40745db49f2:c2061]
2019-07-10 09:50:46,345 INFO  client.GrpcClientProtocolClient (GrpcClientProtocolClient.java:onNext(255)) - client-7D6108789623->f80c66c4-8a3d-47db-b3f8-20b0bcb8a3f5: receive RaftClientReply:client-7D6108789623->f80c66c4-8a3d-47db-b3f8-20b0bcb8a3f5@group-7D2873B646E2, cid=1462, SUCCESS, logIndex=2063, commits[f80c66c4-8a3d-47db-b3f8-20b0bcb8a3f5:c2063, 6e9bc0f4-a324-4be3-b201-2d39df7dad8a:c2061, cffe1303-2f93-4087-8a62-a40745db49f2:c2061]
2019-07-10 09:50:46,354 INFO  client.GrpcClientProtocolClient (GrpcClientProtocolClient.java:onNext(255)) - client-7D6108789623->f80c66c4-8a3d-47db-b3f8-20b0bcb8a3f5: receive RaftClientReply:client-7D6108789623->f80c66c4-8a3d-47db-b3f8-20b0bcb8a3f5@group-7D2873B646E2, cid=1463, SUCCESS, logIndex=2064, commits[f80c66c4-8a3d-47db-b3f8-20b0bcb8a3f5:c2065, 6e9bc0f4-a324-4be3-b201-2d39df7dad8a:c2061, cffe1303-2f93-4087-8a62-a40745db49f2:c2061]
2019-07-10 09:50:46,355 INFO  client.GrpcClientProtocolClient (GrpcClientProtocolClient.java:onNext(255)) - client-7D6108789623->f80c66c4-8a3d-47db-b3f8-20b0bcb8a3f5: receive RaftClientReply:client-7D6108789623->f80c66c4-8a3d-47db-b3f8-20b0bcb8a3f5@group-7D2873B646E2, cid=1464, SUCCESS, logIndex=2065, commits[f80c66c4-8a3d-47db-b3f8-20b0bcb8a3f5:c2065, 6e9bc0f4-a324-4be3-b201-2d39df7dad8a:c2061, cffe1303-2f93-4087-8a62-a40745db49f2:c2061]
2019-07-10 09:50:46,366 INFO  client.GrpcClientProtocolClient (GrpcClientProtocolClient.java:onNext(255)) - client-7D6108789623->f80c66c4-8a3d-47db-b3f8-20b0bcb8a3f5: receive RaftClientReply:client-7D6108789623->f80c66c4-8a3d-47db-b3f8-20b0bcb8a3f5@group-7D2873B646E2, cid=1465, SUCCESS, logIndex=0, commits[f80c66c4-8a3d-47db-b3f8-20b0bcb8a3f5:c2066, 6e9bc0f4-a324-4be3-b201-2d39df7dad8a:c2063, cffe1303-2f93-4087-8a62-a40745db49f2:c2063]
2019-07-10 09:50:46,384 INFO  client.GrpcClientProtocolClient (GrpcClientProtocolClient.java:onNext(255)) - client-7D6108789623->f80c66c4-8a3d-47db-b3f8-20b0bcb8a3f5: receive RaftClientReply:client-7D6108789623->f80c66c4-8a3d-47db-b3f8-20b0bcb8a3f5@group-7D2873B646E2, cid=1466, SUCCESS, logIndex=2069, commits[f80c66c4-8a3d-47db-b3f8-20b0bcb8a3f5:c2070, 6e9bc0f4-a324-4be3-b201-2d39df7dad8a:c2068, cffe1303-2f93-4087-8a62-a40745db49f2:c2068]
2019-07-10 09:50:46,384 INFO  client.GrpcClientProtocolClient (GrpcClientProtocolClient.java:onNext(255)) - client-7D6108789623->f80c66c4-8a3d-47db-b3f8-20b0bcb8a3f5: receive RaftClientReply:client-7D6108789623->f80c66c4-8a3d-47db-b3f8-20b0bcb8a3f5@group-7D2873B646E2, cid=1467, SUCCESS, logIndex=2070, commits[f80c66c4-8a3d-47db-b3f8-20b0bcb8a3f5:c2070, 6e9bc0f4-a324-4be3-b201-2d39df7dad8a:c2068, cffe1303-2f93-4087-8a62-a40745db49f2:c2068]
2019-07-10 09:50:46,406 INFO  client.GrpcClientProtocolClient (GrpcClientProtocolClient.java:onNext(255)) - client-7D6108789623->f80c66c4-8a3d-47db-b3f8-20b0bcb8a3f5: receive RaftClientReply:client-7D6108789623->f80c66c4-8a3d-47db-b3f8-20b0bcb8a3f5@group-7D2873B646E2, cid=1468, SUCCESS, logIndex=2073, commits[f80c66c4-8a3d-47db-b3f8-20b0bcb8a3f5:c2073, 6e9bc0f4-a324-4be3-b201-2d39df7dad8a:c2070, cffe1303-2f93-4087-8a62-a40745db49f2:c2070]
2019-07-10 09:50:46,406 INFO  client.GrpcClientProtocolClient (GrpcClientProtocolClient.java:onNext(255)) - client-7D6108789623->f80c66c4-8a3d-47db-b3f8-20b0bcb8a3f5: receive RaftClientReply:client-7D6108789623->f80c66c4-8a3d-47db-b3f8-20b0bcb8a3f5@group-7D2873B646E2, cid=1469, SUCCESS, logIndex=2074, commits[f80c66c4-8a3d-47db-b3f8-20b0bcb8a3f5:c2074, 6e9bc0f4-a324-4be3-b201-2d39df7dad8a:c2070, cffe1303-2f93-4087-8a62-a40745db49f2:c2070]
2019-07-10 09:50:46,411 INFO  client.GrpcClientProtocolClient (GrpcClientProtocolClient.java:onNext(255)) - client-7D6108789623->f80c66c4-8a3d-47db-b3f8-20b0bcb8a3f5: receive RaftClientReply:client-7D6108789623->f80c66c4-8a3d-47db-b3f8-20b0bcb8a3f5@group-7D2873B646E2, cid=1470, SUCCESS, logIndex=0, commits[f80c66c4-8a3d-47db-b3f8-20b0bcb8a3f5:c2076, 6e9bc0f4-a324-4be3-b201-2d39df7dad8a:c2074, cffe1303-2f93-4087-8a62-a40745db49f2:c2074]
2019-07-10 09:50:46,436 INFO  client.GrpcClientProtocolClient (GrpcClientProtocolClient.java:onNext(255)) - client-7D6108789623->f80c66c4-8a3d-47db-b3f8-20b0bcb8a3f5: receive RaftClientReply:client-7D6108789623->f80c66c4-8a3d-47db-b3f8-20b0bcb8a3f5@group-7D2873B646E2, cid=1471, SUCCESS, logIndex=2077, commits[f80c66c4-8a3d-47db-b3f8-20b0bcb8a3f5:c2078, 6e9bc0f4-a324-4be3-b201-2d39df7dad8a:c2076, cffe1303-2f93-4087-8a62-a40745db49f2:c2076]
2019-07-10 09:50:46,437 INFO  client.GrpcClientProtocolClient (GrpcClientProtocolClient.java:onNext(255)) - client-7D6108789623->f80c66c4-8a3d-47db-b3f8-20b0bcb8a3f5: receive RaftClientReply:client-7D6108789623->f80c66c4-8a3d-47db-b3f8-20b0bcb8a3f5@group-7D2873B646E2, cid=1472, SUCCESS, logIndex=2078, commits[f80c66c4-8a3d-47db-b3f8-20b0bcb8a3f5:c2078, 6e9bc0f4-a324-4be3-b201-2d39df7dad8a:c2076, cffe1303-2f93-4087-8a62-a40745db49f2:c2076]
2019-07-10 09:50:46,437 INFO  client.GrpcClientProtocolClient (GrpcClientProtocolClient.java:onNext(255)) - client-7D6108789623->f80c66c4-8a3d-47db-b3f8-20b0bcb8a3f5: receive RaftClientReply:client-7D6108789623->f80c66c4-8a3d-47db-b3f8-20b0bcb8a3f5@group-7D2873B646E2, cid=1473, SUCCESS, logIndex=2079, commits[f80c66c4-8a3d-47db-b3f8-20b0bcb8a3f5:c2080, 6e9bc0f4-a324-4be3-b201-2d39df7dad8a:c2076, cffe1303-2f93-4087-8a62-a40745db49f2:c2076]
2019-07-10 09:50:46,437 INFO  client.GrpcClientProtocolClient (GrpcClientProtocolClient.java:onNext(255)) - client-7D6108789623->f80c66c4-8a3d-47db-b3f8-20b0bcb8a3f5: receive RaftClientReply:client-7D6108789623->f80c66c4-8a3d-47db-b3f8-20b0bcb8a3f5@group-7D2873B646E2, cid=1474, SUCCESS, logIndex=2080, commits[f80c66c4-8a3d-47db-b3f8-20b0bcb8a3f5:c2080, 6e9bc0f4-a324-4be3-b201-2d39df7dad8a:c2076, cffe1303-2f93-4087-8a62-a40745db49f2:c2076]
2019-07-10 09:50:46,450 INFO  client.GrpcClientProtocolClient (GrpcClientProtocolClient.java:onNext(255)) - client-7D6108789623->f80c66c4-8a3d-47db-b3f8-20b0bcb8a3f5: receive RaftClientReply:client-7D6108789623->f80c66c4-8a3d-47db-b3f8-20b0bcb8a3f5@group-7D2873B646E2, cid=1475, SUCCESS, logIndex=0, commits[f80c66c4-8a3d-47db-b3f8-20b0bcb8a3f5:c2082, 6e9bc0f4-a324-4be3-b201-2d39df7dad8a:c2078, cffe1303-2f93-4087-8a62-a40745db49f2:c2078]
2019-07-10 09:50:46,468 INFO  client.GrpcClientProtocolClient (GrpcClientProtocolClient.java:onNext(255)) - client-7D6108789623->f80c66c4-8a3d-47db-b3f8-20b0bcb8a3f5: receive RaftClientReply:client-7D6108789623->f80c66c4-8a3d-47db-b3f8-20b0bcb8a3f5@group-7D2873B646E2, cid=1476, SUCCESS, logIndex=2085, commits[f80c66c4-8a3d-47db-b3f8-20b0bcb8a3f5:c2086, 6e9bc0f4-a324-4be3-b201-2d39df7dad8a:c2084, cffe1303-2f93-4087-8a62-a40745db49f2:c2084]
2019-07-10 09:50:46,468 INFO  client.GrpcClientProtocolClient (GrpcClientProtocolClient.java:onNext(255)) - client-7D6108789623->f80c66c4-8a3d-47db-b3f8-20b0bcb8a3f5: receive RaftClientReply:client-7D6108789623->f80c66c4-8a3d-47db-b3f8-20b0bcb8a3f5@group-7D2873B646E2, cid=1477, SUCCESS, logIndex=2086, commits[f80c66c4-8a3d-47db-b3f8-20b0bcb8a3f5:c2086, 6e9bc0f4-a324-4be3-b201-2d39df7dad8a:c2084, cffe1303-2f93-4087-8a62-a40745db49f2:c2084]
2019-07-10 09:50:46,483 INFO  client.GrpcClientProtocolClient (GrpcClientProtocolClient.java:onNext(255)) - client-7D6108789623->f80c66c4-8a3d-47db-b3f8-20b0bcb8a3f5: receive RaftClientReply:client-7D6108789623->f80c66c4-8a3d-47db-b3f8-20b0bcb8a3f5@group-7D2873B646E2, cid=1478, SUCCESS, logIndex=2089, commits[f80c66c4-8a3d-47db-b3f8-20b0bcb8a3f5:c2090, 6e9bc0f4-a324-4be3-b201-2d39df7dad8a:c2088, cffe1303-2f93-4087-8a62-a40745db49f2:c2086]
2019-07-10 09:50:46,483 INFO  client.GrpcClientProtocolClient (GrpcClientProtocolClient.java:onNext(255)) - client-7D6108789623->f80c66c4-8a3d-47db-b3f8-20b0bcb8a3f5: receive RaftClientReply:client-7D6108789623->f80c66c4-8a3d-47db-b3f8-20b0bcb8a3f5@group-7D2873B646E2, cid=1479, SUCCESS, logIndex=2090, commits[f80c66c4-8a3d-47db-b3f8-20b0bcb8a3f5:c2090, 6e9bc0f4-a324-4be3-b201-2d39df7dad8a:c2088, cffe1303-2f93-4087-8a62-a40745db49f2:c2086]
2019-07-10 09:50:46,503 INFO  client.GrpcClientProtocolClient (GrpcClientProtocolClient.java:onNext(255)) - client-7D6108789623->f80c66c4-8a3d-47db-b3f8-20b0bcb8a3f5: receive RaftClientReply:client-7D6108789623->f80c66c4-8a3d-47db-b3f8-20b0bcb8a3f5@group-7D2873B646E2, cid=1480, SUCCESS, logIndex=0, commits[f80c66c4-8a3d-47db-b3f8-20b0bcb8a3f5:c2092, 6e9bc0f4-a324-4be3-b201-2d39df7dad8a:c2090, cffe1303-2f93-4087-8a62-a40745db49f2:c2090]
2019-07-10 09:50:46,640 INFO  client.GrpcClientProtocolClient (GrpcClientProtocolClient.java:onNext(255)) - client-7D6108789623->f80c66c4-8a3d-47db-b3f8-20b0bcb8a3f5: receive RaftClientReply:client-7D6108789623->f80c66c4-8a3d-47db-b3f8-20b0bcb8a3f5@group-7D2873B646E2, cid=1481, SUCCESS, logIndex=2093, commits[f80c66c4-8a3d-47db-b3f8-20b0bcb8a3f5:c2094, 6e9bc0f4-a324-4be3-b201-2d39df7dad8a:c2092, cffe1303-2f93-4087-8a62-a40745db49f2:c2092]
2019-07-10 09:50:46,640 INFO  client.GrpcClientProtocolClient (GrpcClientProtocolClient.java:onNext(255)) - client-7D6108789623->f80c66c4-8a3d-47db-b3f8-20b0bcb8a3f5: receive RaftClientReply:client-7D6108789623->f80c66c4-8a3d-47db-b3f8-20b0bcb8a3f5@group-7D2873B646E2, cid=1482, SUCCESS, logIndex=2094, commits[f80c66c4-8a3d-47db-b3f8-20b0bcb8a3f5:c2094, 6e9bc0f4-a324-4be3-b201-2d39df7dad8a:c2092, cffe1303-2f93-4087-8a62-a40745db49f2:c2092]
2019-07-10 09:50:46,648 INFO  client.GrpcClientProtocolClient (GrpcClientProtocolClient.java:onNext(255)) - client-7D6108789623->f80c66c4-8a3d-47db-b3f8-20b0bcb8a3f5: receive RaftClientReply:client-7D6108789623->f80c66c4-8a3d-47db-b3f8-20b0bcb8a3f5@group-7D2873B646E2, cid=1483, SUCCESS, logIndex=2095, commits[f80c66c4-8a3d-47db-b3f8-20b0bcb8a3f5:c2096, 6e9bc0f4-a324-4be3-b201-2d39df7dad8a:c2092, cffe1303-2f93-4087-8a62-a40745db49f2:c2092]
2019-07-10 09:50:46,648 INFO  client.GrpcClientProtocolClient (GrpcClientProtocolClient.java:onNext(255)) - client-7D6108789623->f80c66c4-8a3d-47db-b3f8-20b0bcb8a3f5: receive RaftClientReply:client-7D6108789623->f80c66c4-8a3d-47db-b3f8-20b0bcb8a3f5@group-7D2873B646E2, cid=1484, SUCCESS, logIndex=2096, commits[f80c66c4-8a3d-47db-b3f8-20b0bcb8a3f5:c2096, 6e9bc0f4-a324-4be3-b201-2d39df7dad8a:c2092, cffe1303-2f93-4087-8a62-a40745db49f2:c2092]
2019-07-10 09:50:46,661 INFO  client.GrpcClientProtocolClient (GrpcClientProtocolClient.java:onNext(255)) - client-7D6108789623->f80c66c4-8a3d-47db-b3f8-20b0bcb8a3f5: receive RaftClientReply:client-7D6108789623->f80c66c4-8a3d-47db-b3f8-20b0bcb8a3f5@group-7D2873B646E2, cid=1485, SUCCESS, logIndex=0, commits[f80c66c4-8a3d-47db-b3f8-20b0bcb8a3f5:c2099, 6e9bc0f4-a324-4be3-b201-2d39df7dad8a:c2094, cffe1303-2f93-4087-8a62-a40745db49f2:c2094]
2019-07-10 09:50:46,681 INFO  client.GrpcClientProtocolClient (GrpcClientProtocolClient.java:onNext(255)) - client-7D6108789623->f80c66c4-8a3d-47db-b3f8-20b0bcb8a3f5: receive RaftClientReply:client-7D6108789623->f80c66c4-8a3d-47db-b3f8-20b0bcb8a3f5@group-7D2873B646E2, cid=1486, SUCCESS, logIndex=2101, commits[f80c66c4-8a3d-47db-b3f8-20b0bcb8a3f5:c2102, 6e9bc0f4-a324-4be3-b201-2d39df7dad8a:c2100, cffe1303-2f93-4087-8a62-a40745db49f2:c2100]
2019-07-10 09:50:46,682 INFO  client.GrpcClientProtocolClient (GrpcClientProtocolClient.java:onNext(255)) - client-7D6108789623->f80c66c4-8a3d-47db-b3f8-20b0bcb8a3f5: receive RaftClientReply:client-7D6108789623->f80c66c4-8a3d-47db-b3f8-20b0bcb8a3f5@group-7D2873B646E2, cid=1487, SUCCESS, logIndex=2102, commits[f80c66c4-8a3d-47db-b3f8-20b0bcb8a3f5:c2102, 6e9bc0f4-a324-4be3-b201-2d39df7dad8a:c2100, cffe1303-2f93-4087-8a62-a40745db49f2:c2100]
2019-07-10 09:50:46,699 INFO  client.GrpcClientProtocolClient (GrpcClientProtocolClient.java:onNext(255)) - client-7D6108789623->f80c66c4-8a3d-47db-b3f8-20b0bcb8a3f5: receive RaftClientReply:client-7D6108789623->f80c66c4-8a3d-47db-b3f8-20b0bcb8a3f5@group-7D2873B646E2, cid=1488, SUCCESS, logIndex=2105, commits[f80c66c4-8a3d-47db-b3f8-20b0bcb8a3f5:c2106, 6e9bc0f4-a324-4be3-b201-2d39df7dad8a:c2103, cffe1303-2f93-4087-8a62-a40745db49f2:c2104]
2019-07-10 09:50:46,699 INFO  client.GrpcClientProtocolClient (GrpcClientProtocolClient.java:onNext(255)) - client-7D6108789623->f80c66c4-8a3d-47db-b3f8-20b0bcb8a3f5: receive RaftClientReply:client-7D6108789623->f80c66c4-8a3d-47db-b3f8-20b0bcb8a3f5@group-7D2873B646E2, cid=1489, SUCCESS, logIndex=2106, commits[f80c66c4-8a3d-47db-b3f8-20b0bcb8a3f5:c2106, 6e9bc0f4-a324-4be3-b201-2d39df7dad8a:c2103, cffe1303-2f93-4087-8a62-a40745db49f2:c2104]
2019-07-10 09:50:46,711 INFO  client.GrpcClientProtocolClient (GrpcClientProtocolClient.java:onNext(255)) - client-7D6108789623->f80c66c4-8a3d-47db-b3f8-20b0bcb8a3f5: receive RaftClientReply:client-7D6108789623->f80c66c4-8a3d-47db-b3f8-20b0bcb8a3f5@group-7D2873B646E2, cid=1490, SUCCESS, logIndex=0, commits[f80c66c4-8a3d-47db-b3f8-20b0bcb8a3f5:c2108, 6e9bc0f4-a324-4be3-b201-2d39df7dad8a:c2106, cffe1303-2f93-4087-8a62-a40745db49f2:c2106]
2019-07-10 09:50:46,738 INFO  client.GrpcClientProtocolClient (GrpcClientProtocolClient.java:onNext(255)) - client-7D6108789623->f80c66c4-8a3d-47db-b3f8-20b0bcb8a3f5: receive RaftClientReply:client-7D6108789623->f80c66c4-8a3d-47db-b3f8-20b0bcb8a3f5@group-7D2873B646E2, cid=1491, SUCCESS, logIndex=2109, commits[f80c66c4-8a3d-47db-b3f8-20b0bcb8a3f5:c2110, 6e9bc0f4-a324-4be3-b201-2d39df7dad8a:c2108, cffe1303-2f93-4087-8a62-a40745db49f2:c2108]
2019-07-10 09:50:46,739 INFO  client.GrpcClientProtocolClient (GrpcClientProtocolClient.java:onNext(255)) - client-7D6108789623->f80c66c4-8a3d-47db-b3f8-20b0bcb8a3f5: receive RaftClientReply:client-7D6108789623->f80c66c4-8a3d-47db-b3f8-20b0bcb8a3f5@group-7D2873B646E2, cid=1492, SUCCESS, logIndex=2110, commits[f80c66c4-8a3d-47db-b3f8-20b0bcb8a3f5:c2110, 6e9bc0f4-a324-4be3-b201-2d39df7dad8a:c2108, cffe1303-2f93-4087-8a62-a40745db49f2:c2108]
2019-07-10 09:50:46,747 INFO  client.GrpcClientProtocolClient (GrpcClientProtocolClient.java:onNext(255)) - client-7D6108789623->f80c66c4-8a3d-47db-b3f8-20b0bcb8a3f5: receive RaftClientReply:client-7D6108789623->f80c66c4-8a3d-47db-b3f8-20b0bcb8a3f5@group-7D2873B646E2, cid=1493, SUCCESS, logIndex=2111, commits[f80c66c4-8a3d-47db-b3f8-20b0bcb8a3f5:c2111, 6e9bc0f4-a324-4be3-b201-2d39df7dad8a:c2108, cffe1303-2f93-4087-8a62-a40745db49f2:c2108]
2019-07-10 09:50:46,748 INFO  client.GrpcClientProtocolClient (GrpcClientProtocolClient.java:onNext(255)) - client-7D6108789623->f80c66c4-8a3d-47db-b3f8-20b0bcb8a3f5: receive RaftClientReply:client-7D6108789623->f80c66c4-8a3d-47db-b3f8-20b0bcb8a3f5@group-7D2873B646E2, cid=1494, SUCCESS, logIndex=2112, commits[f80c66c4-8a3d-47db-b3f8-20b0bcb8a3f5:c2112, 6e9bc0f4-a324-4be3-b201-2d39df7dad8a:c2108, cffe1303-2f93-4087-8a62-a40745db49f2:c2108]
2019-07-10 09:50:46,751 INFO  client.GrpcClientProtocolClient (GrpcClientProtocolClient.java:onNext(255)) - client-7D6108789623->f80c66c4-8a3d-47db-b3f8-20b0bcb8a3f5: receive RaftClientReply:client-7D6108789623->f80c66c4-8a3d-47db-b3f8-20b0bcb8a3f5@group-7D2873B646E2, cid=1495, SUCCESS, logIndex=0, commits[f80c66c4-8a3d-47db-b3f8-20b0bcb8a3f5:c2114, 6e9bc0f4-a324-4be3-b201-2d39df7dad8a:c2110, cffe1303-2f93-4087-8a62-a40745db49f2:c2110]
2019-07-10 09:50:46,762 INFO  client.GrpcClientProtocolClient (GrpcClientProtocolClient.java:onNext(255)) - client-7D6108789623->f80c66c4-8a3d-47db-b3f8-20b0bcb8a3f5: receive RaftClientReply:client-7D6108789623->f80c66c4-8a3d-47db-b3f8-20b0bcb8a3f5@group-7D2873B646E2, cid=1496, SUCCESS, logIndex=2117, commits[f80c66c4-8a3d-47db-b3f8-20b0bcb8a3f5:c2118, 6e9bc0f4-a324-4be3-b201-2d39df7dad8a:c2112, cffe1303-2f93-4087-8a62-a40745db49f2:c2114]
2019-07-10 09:50:46,763 INFO  client.GrpcClientProtocolClient (GrpcClientProtocolClient.java:onNext(255)) - client-7D6108789623->f80c66c4-8a3d-47db-b3f8-20b0bcb8a3f5: receive RaftClientReply:client-7D6108789623->f80c66c4-8a3d-47db-b3f8-20b0bcb8a3f5@group-7D2873B646E2, cid=1497, SUCCESS, logIndex=2118, commits[f80c66c4-8a3d-47db-b3f8-20b0bcb8a3f5:c2118, 6e9bc0f4-a324-4be3-b201-2d39df7dad8a:c2112, cffe1303-2f93-4087-8a62-a40745db49f2:c2114]
2019-07-10 09:50:46,783 INFO  client.GrpcClientProtocolClient (GrpcClientProtocolClient.java:onNext(255)) - client-7D6108789623->f80c66c4-8a3d-47db-b3f8-20b0bcb8a3f5: receive RaftClientReply:client-7D6108789623->f80c66c4-8a3d-47db-b3f8-20b0bcb8a3f5@group-7D2873B646E2, cid=1498, SUCCESS, logIndex=2121, commits[f80c66c4-8a3d-47db-b3f8-20b0bcb8a3f5:c2122, 6e9bc0f4-a324-4be3-b201-2d39df7dad8a:c2118, cffe1303-2f93-4087-8a62-a40745db49f2:c2118]
2019-07-10 09:50:46,783 INFO  client.GrpcClientProtocolClient (GrpcClientProtocolClient.java:onNext(255)) - client-7D6108789623->f80c66c4-8a3d-47db-b3f8-20b0bcb8a3f5: receive RaftClientReply:client-7D6108789623->f80c66c4-8a3d-47db-b3f8-20b0bcb8a3f5@group-7D2873B646E2, cid=1499, SUCCESS, logIndex=2122, commits[f80c66c4-8a3d-47db-b3f8-20b0bcb8a3f5:c2122, 6e9bc0f4-a324-4be3-b201-2d39df7dad8a:c2118, cffe1303-2f93-4087-8a62-a40745db49f2:c2118]
2019-07-10 09:50:46,786 INFO  client.GrpcClientProtocolClient (GrpcClientProtocolClient.java:onNext(255)) - client-7D6108789623->f80c66c4-8a3d-47db-b3f8-20b0bcb8a3f5: receive RaftClientReply:client-7D6108789623->f80c66c4-8a3d-47db-b3f8-20b0bcb8a3f5@group-7D2873B646E2, cid=1500, SUCCESS, logIndex=0, commits[f80c66c4-8a3d-47db-b3f8-20b0bcb8a3f5:c2123, 6e9bc0f4-a324-4be3-b201-2d39df7dad8a:c2122, cffe1303-2f93-4087-8a62-a40745db49f2:c2122]
2019-07-10 09:50:46,812 INFO  client.GrpcClientProtocolClient (GrpcClientProtocolClient.java:onNext(255)) - client-7D6108789623->f80c66c4-8a3d-47db-b3f8-20b0bcb8a3f5: receive RaftClientReply:client-7D6108789623->f80c66c4-8a3d-47db-b3f8-20b0bcb8a3f5@group-7D2873B646E2, cid=1501, SUCCESS, logIndex=2125, commits[f80c66c4-8a3d-47db-b3f8-20b0bcb8a3f5:c2126, 6e9bc0f4-a324-4be3-b201-2d39df7dad8a:c2124, cffe1303-2f93-4087-8a62-a40745db49f2:c2124]
2019-07-10 09:50:46,812 INFO  client.GrpcClientProtocolClient (GrpcClientProtocolClient.java:onNext(255)) - client-7D6108789623->f80c66c4-8a3d-47db-b3f8-20b0bcb8a3f5: receive RaftClientReply:client-7D6108789623->f80c66c4-8a3d-47db-b3f8-20b0bcb8a3f5@group-7D2873B646E2, cid=1502, SUCCESS, logIndex=2126, commits[f80c66c4-8a3d-47db-b3f8-20b0bcb8a3f5:c2126, 6e9bc0f4-a324-4be3-b201-2d39df7dad8a:c2124, cffe1303-2f93-4087-8a62-a40745db49f2:c2124]
2019-07-10 09:50:46,814 INFO  client.GrpcClientProtocolClient (GrpcClientProtocolClient.java:onNext(255)) - client-7D6108789623->f80c66c4-8a3d-47db-b3f8-20b0bcb8a3f5: receive RaftClientReply:client-7D6108789623->f80c66c4-8a3d-47db-b3f8-20b0bcb8a3f5@group-7D2873B646E2, cid=1503, SUCCESS, logIndex=2127, commits[f80c66c4-8a3d-47db-b3f8-20b0bcb8a3f5:c2128, 6e9bc0f4-a324-4be3-b201-2d39df7dad8a:c2124, cffe1303-2f93-4087-8a62-a40745db49f2:c2124]
2019-07-10 09:50:46,814 INFO  client.GrpcClientProtocolClient (GrpcClientProtocolClient.java:onNext(255)) - client-7D6108789623->f80c66c4-8a3d-47db-b3f8-20b0bcb8a3f5: receive RaftClientReply:client-7D6108789623->f80c66c4-8a3d-47db-b3f8-20b0bcb8a3f5@group-7D2873B646E2, cid=1504, SUCCESS, logIndex=2128, commits[f80c66c4-8a3d-47db-b3f8-20b0bcb8a3f5:c2128, 6e9bc0f4-a324-4be3-b201-2d39df7dad8a:c2124, cffe1303-2f93-4087-8a62-a40745db49f2:c2124]
2019-07-10 09:50:46,828 INFO  client.GrpcClientProtocolClient (GrpcClientProtocolClient.java:onNext(255)) - client-7D6108789623->f80c66c4-8a3d-47db-b3f8-20b0bcb8a3f5: receive RaftClientReply:client-7D6108789623->f80c66c4-8a3d-47db-b3f8-20b0bcb8a3f5@group-7D2873B646E2, cid=1505, SUCCESS, logIndex=0, commits[f80c66c4-8a3d-47db-b3f8-20b0bcb8a3f5:c2130, 6e9bc0f4-a324-4be3-b201-2d39df7dad8a:c2126, cffe1303-2f93-4087-8a62-a40745db49f2:c2126]
2019-07-10 09:50:46,847 INFO  client.GrpcClientProtocolClient (GrpcClientProtocolClient.java:onNext(255)) - client-7D6108789623->f80c66c4-8a3d-47db-b3f8-20b0bcb8a3f5: receive RaftClientReply:client-7D6108789623->f80c66c4-8a3d-47db-b3f8-20b0bcb8a3f5@group-7D2873B646E2, cid=1506, SUCCESS, logIndex=2133, commits[f80c66c4-8a3d-47db-b3f8-20b0bcb8a3f5:c2134, 6e9bc0f4-a324-4be3-b201-2d39df7dad8a:c2130, cffe1303-2f93-4087-8a62-a40745db49f2:c2130]
2019-07-10 09:50:46,847 INFO  client.GrpcClientProtocolClient (GrpcClientProtocolClient.java:onNext(255)) - client-7D6108789623->f80c66c4-8a3d-47db-b3f8-20b0bcb8a3f5: receive RaftClientReply:client-7D6108789623->f80c66c4-8a3d-47db-b3f8-20b0bcb8a3f5@group-7D2873B646E2, cid=1507, SUCCESS, logIndex=2134, commits[f80c66c4-8a3d-47db-b3f8-20b0bcb8a3f5:c2134, 6e9bc0f4-a324-4be3-b201-2d39df7dad8a:c2130, cffe1303-2f93-4087-8a62-a40745db49f2:c2130]
2019-07-10 09:50:46,859 INFO  client.GrpcClientProtocolClient (GrpcClientProtocolClient.java:onNext(255)) - client-7D6108789623->f80c66c4-8a3d-47db-b3f8-20b0bcb8a3f5: receive RaftClientReply:client-7D6108789623->f80c66c4-8a3d-47db-b3f8-20b0bcb8a3f5@group-7D2873B646E2, cid=1508, SUCCESS, logIndex=2137, commits[f80c66c4-8a3d-47db-b3f8-20b0bcb8a3f5:c2138, 6e9bc0f4-a324-4be3-b201-2d39df7dad8a:c2134, cffe1303-2f93-4087-8a62-a40745db49f2:c2134]
2019-07-10 09:50:46,860 INFO  client.GrpcClientProtocolClient (GrpcClientProtocolClient.java:onNext(255)) - client-7D6108789623->f80c66c4-8a3d-47db-b3f8-20b0bcb8a3f5: receive RaftClientReply:client-7D6108789623->f80c66c4-8a3d-47db-b3f8-20b0bcb8a3f5@group-7D2873B646E2, cid=1509, SUCCESS, logIndex=2138, commits[f80c66c4-8a3d-47db-b3f8-20b0bcb8a3f5:c2138, 6e9bc0f4-a324-4be3-b201-2d39df7dad8a:c2134, cffe1303-2f93-4087-8a62-a40745db49f2:c2134]
2019-07-10 09:50:46,871 INFO  client.GrpcClientProtocolClient (GrpcClientProtocolClient.java:onNext(255)) - client-7D6108789623->f80c66c4-8a3d-47db-b3f8-20b0bcb8a3f5: receive RaftClientReply:client-7D6108789623->f80c66c4-8a3d-47db-b3f8-20b0bcb8a3f5@group-7D2873B646E2, cid=1510, SUCCESS, logIndex=0, commits[f80c66c4-8a3d-47db-b3f8-20b0bcb8a3f5:c2138, 6e9bc0f4-a324-4be3-b201-2d39df7dad8a:c2138, cffe1303-2f93-4087-8a62-a40745db49f2:c2138]
2019-07-10 09:50:46,909 INFO  client.GrpcClientProtocolClient (GrpcClientProtocolClient.java:onNext(255)) - client-7D6108789623->f80c66c4-8a3d-47db-b3f8-20b0bcb8a3f5: receive RaftClientReply:client-7D6108789623->f80c66c4-8a3d-47db-b3f8-20b0bcb8a3f5@group-7D2873B646E2, cid=1511, SUCCESS, logIndex=2141, commits[f80c66c4-8a3d-47db-b3f8-20b0bcb8a3f5:c2142, 6e9bc0f4-a324-4be3-b201-2d39df7dad8a:c2140, cffe1303-2f93-4087-8a62-a40745db49f2:c2140]
2019-07-10 09:50:46,909 INFO  client.GrpcClientProtocolClient (GrpcClientProtocolClient.java:onNext(255)) - client-7D6108789623->f80c66c4-8a3d-47db-b3f8-20b0bcb8a3f5: receive RaftClientReply:client-7D6108789623->f80c66c4-8a3d-47db-b3f8-20b0bcb8a3f5@group-7D2873B646E2, cid=1512, SUCCESS, logIndex=2142, commits[f80c66c4-8a3d-47db-b3f8-20b0bcb8a3f5:c2144, 6e9bc0f4-a324-4be3-b201-2d39df7dad8a:c2140, cffe1303-2f93-4087-8a62-a40745db49f2:c2140]
2019-07-10 09:50:46,910 INFO  client.GrpcClientProtocolClient (GrpcClientProtocolClient.java:onNext(255)) - client-7D6108789623->f80c66c4-8a3d-47db-b3f8-20b0bcb8a3f5: receive RaftClientReply:client-7D6108789623->f80c66c4-8a3d-47db-b3f8-20b0bcb8a3f5@group-7D2873B646E2, cid=1513, SUCCESS, logIndex=2143, commits[f80c66c4-8a3d-47db-b3f8-20b0bcb8a3f5:c2144, 6e9bc0f4-a324-4be3-b201-2d39df7dad8a:c2140, cffe1303-2f93-4087-8a62-a40745db49f2:c2140]
2019-07-10 09:50:46,910 INFO  client.GrpcClientProtocolClient (GrpcClientProtocolClient.java:onNext(255)) - client-7D6108789623->f80c66c4-8a3d-47db-b3f8-20b0bcb8a3f5: receive RaftClientReply:client-7D6108789623->f80c66c4-8a3d-47db-b3f8-20b0bcb8a3f5@group-7D2873B646E2, cid=1514, SUCCESS, logIndex=2144, commits[f80c66c4-8a3d-47db-b3f8-20b0bcb8a3f5:c2144, 6e9bc0f4-a324-4be3-b201-2d39df7dad8a:c2140, cffe1303-2f93-4087-8a62-a40745db49f2:c2140]
2019-07-10 09:50:46,914 INFO  client.GrpcClientProtocolClient (GrpcClientProtocolClient.java:onNext(255)) - client-7D6108789623->f80c66c4-8a3d-47db-b3f8-20b0bcb8a3f5: receive RaftClientReply:client-7D6108789623->f80c66c4-8a3d-47db-b3f8-20b0bcb8a3f5@group-7D2873B646E2, cid=1515, SUCCESS, logIndex=0, commits[f80c66c4-8a3d-47db-b3f8-20b0bcb8a3f5:c2147, 6e9bc0f4-a324-4be3-b201-2d39df7dad8a:c2144, cffe1303-2f93-4087-8a62-a40745db49f2:c2142]
2019-07-10 09:50:46,932 INFO  client.GrpcClientProtocolClient (GrpcClientProtocolClient.java:onNext(255)) - client-7D6108789623->f80c66c4-8a3d-47db-b3f8-20b0bcb8a3f5: receive RaftClientReply:client-7D6108789623->f80c66c4-8a3d-47db-b3f8-20b0bcb8a3f5@group-7D2873B646E2, cid=1516, SUCCESS, logIndex=2148, commits[f80c66c4-8a3d-47db-b3f8-20b0bcb8a3f5:c2149, 6e9bc0f4-a324-4be3-b201-2d39df7dad8a:c2147, cffe1303-2f93-4087-8a62-a40745db49f2:c2147]
2019-07-10 09:50:46,932 INFO  client.GrpcClientProtocolClient (GrpcClientProtocolClient.java:onNext(255)) - client-7D6108789623->f80c66c4-8a3d-47db-b3f8-20b0bcb8a3f5: receive RaftClientReply:client-7D6108789623->f80c66c4-8a3d-47db-b3f8-20b0bcb8a3f5@group-7D2873B646E2, cid=1517, SUCCESS, logIndex=2149, commits[f80c66c4-8a3d-47db-b3f8-20b0bcb8a3f5:c2149, 6e9bc0f4-a324-4be3-b201-2d39df7dad8a:c2147, cffe1303-2f93-4087-8a62-a40745db49f2:c2147]
2019-07-10 09:50:46,947 INFO  client.GrpcClientProtocolClient (GrpcClientProtocolClient.java:onNext(255)) - client-7D6108789623->f80c66c4-8a3d-47db-b3f8-20b0bcb8a3f5: receive RaftClientReply:client-7D6108789623->f80c66c4-8a3d-47db-b3f8-20b0bcb8a3f5@group-7D2873B646E2, cid=1518, SUCCESS, logIndex=2152, commits[f80c66c4-8a3d-47db-b3f8-20b0bcb8a3f5:c2153, 6e9bc0f4-a324-4be3-b201-2d39df7dad8a:c2149, cffe1303-2f93-4087-8a62-a40745db49f2:c2149]
2019-07-10 09:50:46,947 INFO  client.GrpcClientProtocolClient (GrpcClientProtocolClient.java:onNext(255)) - client-7D6108789623->f80c66c4-8a3d-47db-b3f8-20b0bcb8a3f5: receive RaftClientReply:client-7D6108789623->f80c66c4-8a3d-47db-b3f8-20b0bcb8a3f5@group-7D2873B646E2, cid=1519, SUCCESS, logIndex=2153, commits[f80c66c4-8a3d-47db-b3f8-20b0bcb8a3f5:c2153, 6e9bc0f4-a324-4be3-b201-2d39df7dad8a:c2149, cffe1303-2f93-4087-8a62-a40745db49f2:c2149]
2019-07-10 09:50:46,955 INFO  client.GrpcClientProtocolClient (GrpcClientProtocolClient.java:onNext(255)) - client-7D6108789623->f80c66c4-8a3d-47db-b3f8-20b0bcb8a3f5: receive RaftClientReply:client-7D6108789623->f80c66c4-8a3d-47db-b3f8-20b0bcb8a3f5@group-7D2873B646E2, cid=1520, SUCCESS, logIndex=0, commits[f80c66c4-8a3d-47db-b3f8-20b0bcb8a3f5:c2154, 6e9bc0f4-a324-4be3-b201-2d39df7dad8a:c2153, cffe1303-2f93-4087-8a62-a40745db49f2:c2153]
2019-07-10 09:50:46,980 INFO  client.GrpcClientProtocolClient (GrpcClientProtocolClient.java:onNext(255)) - client-7D6108789623->f80c66c4-8a3d-47db-b3f8-20b0bcb8a3f5: receive RaftClientReply:client-7D6108789623->f80c66c4-8a3d-47db-b3f8-20b0bcb8a3f5@group-7D2873B646E2, cid=1521, SUCCESS, logIndex=2156, commits[f80c66c4-8a3d-47db-b3f8-20b0bcb8a3f5:c2157, 6e9bc0f4-a324-4be3-b201-2d39df7dad8a:c2155, cffe1303-2f93-4087-8a62-a40745db49f2:c2155]
2019-07-10 09:50:46,980 INFO  client.GrpcClientProtocolClient (GrpcClientProtocolClient.java:onNext(255)) - client-7D6108789623->f80c66c4-8a3d-47db-b3f8-20b0bcb8a3f5: receive RaftClientReply:client-7D6108789623->f80c66c4-8a3d-47db-b3f8-20b0bcb8a3f5@group-7D2873B646E2, cid=1522, SUCCESS, logIndex=2157, commits[f80c66c4-8a3d-47db-b3f8-20b0bcb8a3f5:c2157, 6e9bc0f4-a324-4be3-b201-2d39df7dad8a:c2155, cffe1303-2f93-4087-8a62-a40745db49f2:c2155]
2019-07-10 09:50:46,988 INFO  client.GrpcClientProtocolClient (GrpcClientProtocolClient.java:onNext(255)) - client-7D6108789623->f80c66c4-8a3d-47db-b3f8-20b0bcb8a3f5: receive RaftClientReply:client-7D6108789623->f80c66c4-8a3d-47db-b3f8-20b0bcb8a3f5@group-7D2873B646E2, cid=1523, SUCCESS, logIndex=2158, commits[f80c66c4-8a3d-47db-b3f8-20b0bcb8a3f5:c2159, 6e9bc0f4-a324-4be3-b201-2d39df7dad8a:c2155, cffe1303-2f93-4087-8a62-a40745db49f2:c2155]
2019-07-10 09:50:46,989 INFO  client.GrpcClientProtocolClient (GrpcClientProtocolClient.java:onNext(255)) - client-7D6108789623->f80c66c4-8a3d-47db-b3f8-20b0bcb8a3f5: receive RaftClientReply:client-7D6108789623->f80c66c4-8a3d-47db-b3f8-20b0bcb8a3f5@group-7D2873B646E2, cid=1524, SUCCESS, logIndex=2159, commits[f80c66c4-8a3d-47db-b3f8-20b0bcb8a3f5:c2159, 6e9bc0f4-a324-4be3-b201-2d39df7dad8a:c2155, cffe1303-2f93-4087-8a62-a40745db49f2:c2155]
2019-07-10 09:50:46,993 INFO  client.GrpcClientProtocolClient (GrpcClientProtocolClient.java:onNext(255)) - client-7D6108789623->f80c66c4-8a3d-47db-b3f8-20b0bcb8a3f5: receive RaftClientReply:client-7D6108789623->f80c66c4-8a3d-47db-b3f8-20b0bcb8a3f5@group-7D2873B646E2, cid=1525, SUCCESS, logIndex=0, commits[f80c66c4-8a3d-47db-b3f8-20b0bcb8a3f5:c2162, 6e9bc0f4-a324-4be3-b201-2d39df7dad8a:c2157, cffe1303-2f93-4087-8a62-a40745db49f2:c2159]
2019-07-10 09:50:47,010 INFO  client.GrpcClientProtocolClient (GrpcClientProtocolClient.java:onNext(255)) - client-7D6108789623->f80c66c4-8a3d-47db-b3f8-20b0bcb8a3f5: receive RaftClientReply:client-7D6108789623->f80c66c4-8a3d-47db-b3f8-20b0bcb8a3f5@group-7D2873B646E2, cid=1526, SUCCESS, logIndex=2163, commits[f80c66c4-8a3d-47db-b3f8-20b0bcb8a3f5:c2164, 6e9bc0f4-a324-4be3-b201-2d39df7dad8a:c2162, cffe1303-2f93-4087-8a62-a40745db49f2:c2162]
2019-07-10 09:50:47,010 INFO  client.GrpcClientProtocolClient (GrpcClientProtocolClient.java:onNext(255)) - client-7D6108789623->f80c66c4-8a3d-47db-b3f8-20b0bcb8a3f5: receive RaftClientReply:client-7D6108789623->f80c66c4-8a3d-47db-b3f8-20b0bcb8a3f5@group-7D2873B646E2, cid=1527, SUCCESS, logIndex=2164, commits[f80c66c4-8a3d-47db-b3f8-20b0bcb8a3f5:c2164, 6e9bc0f4-a324-4be3-b201-2d39df7dad8a:c2162, cffe1303-2f93-4087-8a62-a40745db49f2:c2162]
2019-07-10 09:50:47,023 INFO  client.GrpcClientProtocolClient (GrpcClientProtocolClient.java:onNext(255)) - client-7D6108789623->f80c66c4-8a3d-47db-b3f8-20b0bcb8a3f5: receive RaftClientReply:client-7D6108789623->f80c66c4-8a3d-47db-b3f8-20b0bcb8a3f5@group-7D2873B646E2, cid=1528, SUCCESS, logIndex=2167, commits[f80c66c4-8a3d-47db-b3f8-20b0bcb8a3f5:c2167, 6e9bc0f4-a324-4be3-b201-2d39df7dad8a:c2164, cffe1303-2f93-4087-8a62-a40745db49f2:c2164]
2019-07-10 09:50:47,023 INFO  client.GrpcClientProtocolClient (GrpcClientProtocolClient.java:onNext(255)) - client-7D6108789623->f80c66c4-8a3d-47db-b3f8-20b0bcb8a3f5: receive RaftClientReply:client-7D6108789623->f80c66c4-8a3d-47db-b3f8-20b0bcb8a3f5@group-7D2873B646E2, cid=1529, SUCCESS, logIndex=2168, commits[f80c66c4-8a3d-47db-b3f8-20b0bcb8a3f5:c2168, 6e9bc0f4-a324-4be3-b201-2d39df7dad8a:c2164, cffe1303-2f93-4087-8a62-a40745db49f2:c2164]
 0.00% |█                                                                                                    |  0/1 Time: 0:00:112019-07-10 09:50:47,044 INFO  client.GrpcClientProtocolClient (GrpcClientProtocolClient.java:onNext(255)) - client-7D6108789623->f80c66c4-8a3d-47db-b3f8-20b0bcb8a3f5: receive RaftClientReply:client-7D6108789623->f80c66c4-8a3d-47db-b3f8-20b0bcb8a3f5@group-7D2873B646E2, cid=1530, SUCCESS, logIndex=0, commits[f80c66c4-8a3d-47db-b3f8-20b0bcb8a3f5:c2170, 6e9bc0f4-a324-4be3-b201-2d39df7dad8a:c2168, cffe1303-2f93-4087-8a62-a40745db49f2:c2168]
2019-07-10 09:50:47,070 INFO  client.GrpcClientProtocolClient (GrpcClientProtocolClient.java:onNext(255)) - client-7D6108789623->f80c66c4-8a3d-47db-b3f8-20b0bcb8a3f5: receive RaftClientReply:client-7D6108789623->f80c66c4-8a3d-47db-b3f8-20b0bcb8a3f5@group-7D2873B646E2, cid=1531, SUCCESS, logIndex=2171, commits[f80c66c4-8a3d-47db-b3f8-20b0bcb8a3f5:c2171, 6e9bc0f4-a324-4be3-b201-2d39df7dad8a:c2168, cffe1303-2f93-4087-8a62-a40745db49f2:c2170]
2019-07-10 09:50:47,071 INFO  client.GrpcClientProtocolClient (GrpcClientProtocolClient.java:onNext(255)) - client-7D6108789623->f80c66c4-8a3d-47db-b3f8-20b0bcb8a3f5: receive RaftClientReply:client-7D6108789623->f80c66c4-8a3d-47db-b3f8-20b0bcb8a3f5@group-7D2873B646E2, cid=1532, SUCCESS, logIndex=2172, commits[f80c66c4-8a3d-47db-b3f8-20b0bcb8a3f5:c2172, 6e9bc0f4-a324-4be3-b201-2d39df7dad8a:c2168, cffe1303-2f93-4087-8a62-a40745db49f2:c2170]
2019-07-10 09:50:47,071 INFO  client.GrpcClientProtocolClient (GrpcClientProtocolClient.java:onNext(255)) - client-7D6108789623->f80c66c4-8a3d-47db-b3f8-20b0bcb8a3f5: receive RaftClientReply:client-7D6108789623->f80c66c4-8a3d-47db-b3f8-20b0bcb8a3f5@group-7D2873B646E2, cid=1533, SUCCESS, logIndex=2173, commits[f80c66c4-8a3d-47db-b3f8-20b0bcb8a3f5:c2174, 6e9bc0f4-a324-4be3-b201-2d39df7dad8a:c2170, cffe1303-2f93-4087-8a62-a40745db49f2:c2170]
2019-07-10 09:50:47,072 INFO  client.GrpcClientProtocolClient (GrpcClientProtocolClient.java:onNext(255)) - client-7D6108789623->f80c66c4-8a3d-47db-b3f8-20b0bcb8a3f5: receive RaftClientReply:client-7D6108789623->f80c66c4-8a3d-47db-b3f8-20b0bcb8a3f5@group-7D2873B646E2, cid=1534, SUCCESS, logIndex=2174, commits[f80c66c4-8a3d-47db-b3f8-20b0bcb8a3f5:c2174, 6e9bc0f4-a324-4be3-b201-2d39df7dad8a:c2170, cffe1303-2f93-4087-8a62-a40745db49f2:c2170]
2019-07-10 09:50:47,083 INFO  client.GrpcClientProtocolClient (GrpcClientProtocolClient.java:onNext(255)) - client-7D6108789623->f80c66c4-8a3d-47db-b3f8-20b0bcb8a3f5: receive RaftClientReply:client-7D6108789623->f80c66c4-8a3d-47db-b3f8-20b0bcb8a3f5@group-7D2873B646E2, cid=1535, SUCCESS, logIndex=0, commits[f80c66c4-8a3d-47db-b3f8-20b0bcb8a3f5:c2176, 6e9bc0f4-a324-4be3-b201-2d39df7dad8a:c2172, cffe1303-2f93-4087-8a62-a40745db49f2:c2172]
2019-07-10 09:50:47,102 INFO  client.GrpcClientProtocolClient (GrpcClientProtocolClient.java:onNext(255)) - client-7D6108789623->f80c66c4-8a3d-47db-b3f8-20b0bcb8a3f5: receive RaftClientReply:client-7D6108789623->f80c66c4-8a3d-47db-b3f8-20b0bcb8a3f5@group-7D2873B646E2, cid=1536, SUCCESS, logIndex=2179, commits[f80c66c4-8a3d-47db-b3f8-20b0bcb8a3f5:c2180, 6e9bc0f4-a324-4be3-b201-2d39df7dad8a:c2178, cffe1303-2f93-4087-8a62-a40745db49f2:c2178]
2019-07-10 09:50:47,103 INFO  client.GrpcClientProtocolClient (GrpcClientProtocolClient.java:onNext(255)) - client-7D6108789623->f80c66c4-8a3d-47db-b3f8-20b0bcb8a3f5: receive RaftClientReply:client-7D6108789623->f80c66c4-8a3d-47db-b3f8-20b0bcb8a3f5@group-7D2873B646E2, cid=1537, SUCCESS, logIndex=2180, commits[f80c66c4-8a3d-47db-b3f8-20b0bcb8a3f5:c2180, 6e9bc0f4-a324-4be3-b201-2d39df7dad8a:c2178, cffe1303-2f93-4087-8a62-a40745db49f2:c2178]
2019-07-10 09:50:47,117 INFO  client.GrpcClientProtocolClient (GrpcClientProtocolClient.java:onNext(255)) - client-7D6108789623->f80c66c4-8a3d-47db-b3f8-20b0bcb8a3f5: receive RaftClientReply:client-7D6108789623->f80c66c4-8a3d-47db-b3f8-20b0bcb8a3f5@group-7D2873B646E2, cid=1538, SUCCESS, logIndex=2183, commits[f80c66c4-8a3d-47db-b3f8-20b0bcb8a3f5:c2184, 6e9bc0f4-a324-4be3-b201-2d39df7dad8a:c2180, cffe1303-2f93-4087-8a62-a40745db49f2:c2182]
2019-07-10 09:50:47,117 INFO  client.GrpcClientProtocolClient (GrpcClientProtocolClient.java:onNext(255)) - client-7D6108789623->f80c66c4-8a3d-47db-b3f8-20b0bcb8a3f5: receive RaftClientReply:client-7D6108789623->f80c66c4-8a3d-47db-b3f8-20b0bcb8a3f5@group-7D2873B646E2, cid=1539, SUCCESS, logIndex=2184, commits[f80c66c4-8a3d-47db-b3f8-20b0bcb8a3f5:c2184, 6e9bc0f4-a324-4be3-b201-2d39df7dad8a:c2182, cffe1303-2f93-4087-8a62-a40745db49f2:c2182]
2019-07-10 09:50:47,119 INFO  client.GrpcClientProtocolClient (GrpcClientProtocolClient.java:onNext(255)) - client-7D6108789623->f80c66c4-8a3d-47db-b3f8-20b0bcb8a3f5: receive RaftClientReply:client-7D6108789623->f80c66c4-8a3d-47db-b3f8-20b0bcb8a3f5@group-7D2873B646E2, cid=1540, SUCCESS, logIndex=0, commits[f80c66c4-8a3d-47db-b3f8-20b0bcb8a3f5:c2185, 6e9bc0f4-a324-4be3-b201-2d39df7dad8a:c2184, cffe1303-2f93-4087-8a62-a40745db49f2:c2184]
2019-07-10 09:50:47,145 INFO  client.GrpcClientProtocolClient (GrpcClientProtocolClient.java:onNext(255)) - client-7D6108789623->f80c66c4-8a3d-47db-b3f8-20b0bcb8a3f5: receive RaftClientReply:client-7D6108789623->f80c66c4-8a3d-47db-b3f8-20b0bcb8a3f5@group-7D2873B646E2, cid=1541, SUCCESS, logIndex=2187, commits[f80c66c4-8a3d-47db-b3f8-20b0bcb8a3f5:c2188, 6e9bc0f4-a324-4be3-b201-2d39df7dad8a:c2186, cffe1303-2f93-4087-8a62-a40745db49f2:c2186]
2019-07-10 09:50:47,145 INFO  client.GrpcClientProtocolClient (GrpcClientProtocolClient.java:onNext(255)) - client-7D6108789623->f80c66c4-8a3d-47db-b3f8-20b0bcb8a3f5: receive RaftClientReply:client-7D6108789623->f80c66c4-8a3d-47db-b3f8-20b0bcb8a3f5@group-7D2873B646E2, cid=1542, SUCCESS, logIndex=2188, commits[f80c66c4-8a3d-47db-b3f8-20b0bcb8a3f5:c2188, 6e9bc0f4-a324-4be3-b201-2d39df7dad8a:c2186, cffe1303-2f93-4087-8a62-a40745db49f2:c2186]
2019-07-10 09:50:47,146 INFO  client.GrpcClientProtocolClient (GrpcClientProtocolClient.java:onNext(255)) - client-7D6108789623->f80c66c4-8a3d-47db-b3f8-20b0bcb8a3f5: receive RaftClientReply:client-7D6108789623->f80c66c4-8a3d-47db-b3f8-20b0bcb8a3f5@group-7D2873B646E2, cid=1543, SUCCESS, logIndex=2189, commits[f80c66c4-8a3d-47db-b3f8-20b0bcb8a3f5:c2190, 6e9bc0f4-a324-4be3-b201-2d39df7dad8a:c2186, cffe1303-2f93-4087-8a62-a40745db49f2:c2186]
2019-07-10 09:50:47,146 INFO  client.GrpcClientProtocolClient (GrpcClientProtocolClient.java:onNext(255)) - client-7D6108789623->f80c66c4-8a3d-47db-b3f8-20b0bcb8a3f5: receive RaftClientReply:client-7D6108789623->f80c66c4-8a3d-47db-b3f8-20b0bcb8a3f5@group-7D2873B646E2, cid=1544, SUCCESS, logIndex=2190, commits[f80c66c4-8a3d-47db-b3f8-20b0bcb8a3f5:c2190, 6e9bc0f4-a324-4be3-b201-2d39df7dad8a:c2186, cffe1303-2f93-4087-8a62-a40745db49f2:c2186]
2019-07-10 09:50:47,160 INFO  client.GrpcClientProtocolClient (GrpcClientProtocolClient.java:onNext(255)) - client-7D6108789623->f80c66c4-8a3d-47db-b3f8-20b0bcb8a3f5: receive RaftClientReply:client-7D6108789623->f80c66c4-8a3d-47db-b3f8-20b0bcb8a3f5@group-7D2873B646E2, cid=1545, SUCCESS, logIndex=0, commits[f80c66c4-8a3d-47db-b3f8-20b0bcb8a3f5:c2192, 6e9bc0f4-a324-4be3-b201-2d39df7dad8a:c2188, cffe1303-2f93-4087-8a62-a40745db49f2:c2188]
2019-07-10 09:50:47,171 INFO  client.GrpcClientProtocolClient (GrpcClientProtocolClient.java:onNext(255)) - client-7D6108789623->f80c66c4-8a3d-47db-b3f8-20b0bcb8a3f5: receive RaftClientReply:client-7D6108789623->f80c66c4-8a3d-47db-b3f8-20b0bcb8a3f5@group-7D2873B646E2, cid=1546, SUCCESS, logIndex=2194, commits[f80c66c4-8a3d-47db-b3f8-20b0bcb8a3f5:c2195, 6e9bc0f4-a324-4be3-b201-2d39df7dad8a:c2193, cffe1303-2f93-4087-8a62-a40745db49f2:c2190]
2019-07-10 09:50:47,171 INFO  client.GrpcClientProtocolClient (GrpcClientProtocolClient.java:onNext(255)) - client-7D6108789623->f80c66c4-8a3d-47db-b3f8-20b0bcb8a3f5: receive RaftClientReply:client-7D6108789623->f80c66c4-8a3d-47db-b3f8-20b0bcb8a3f5@group-7D2873B646E2, cid=1547, SUCCESS, logIndex=2195, commits[f80c66c4-8a3d-47db-b3f8-20b0bcb8a3f5:c2195, 6e9bc0f4-a324-4be3-b201-2d39df7dad8a:c2193, cffe1303-2f93-4087-8a62-a40745db49f2:c2190]
2019-07-10 09:50:47,191 INFO  client.GrpcClientProtocolClient (GrpcClientProtocolClient.java:onNext(255)) - client-7D6108789623->f80c66c4-8a3d-47db-b3f8-20b0bcb8a3f5: receive RaftClientReply:client-7D6108789623->f80c66c4-8a3d-47db-b3f8-20b0bcb8a3f5@group-7D2873B646E2, cid=1548, SUCCESS, logIndex=2198, commits[f80c66c4-8a3d-47db-b3f8-20b0bcb8a3f5:c2199, 6e9bc0f4-a324-4be3-b201-2d39df7dad8a:c2194, cffe1303-2f93-4087-8a62-a40745db49f2:c2195]
2019-07-10 09:50:47,191 INFO  client.GrpcClientProtocolClient (GrpcClientProtocolClient.java:onNext(255)) - client-7D6108789623->f80c66c4-8a3d-47db-b3f8-20b0bcb8a3f5: receive RaftClientReply:client-7D6108789623->f80c66c4-8a3d-47db-b3f8-20b0bcb8a3f5@group-7D2873B646E2, cid=1549, SUCCESS, logIndex=2199, commits[f80c66c4-8a3d-47db-b3f8-20b0bcb8a3f5:c2199, 6e9bc0f4-a324-4be3-b201-2d39df7dad8a:c2195, cffe1303-2f93-4087-8a62-a40745db49f2:c2195]
2019-07-10 09:50:47,205 INFO  client.GrpcClientProtocolClient (GrpcClientProtocolClient.java:onNext(255)) - client-7D6108789623->f80c66c4-8a3d-47db-b3f8-20b0bcb8a3f5: receive RaftClientReply:client-7D6108789623->f80c66c4-8a3d-47db-b3f8-20b0bcb8a3f5@group-7D2873B646E2, cid=1550, SUCCESS, logIndex=0, commits[f80c66c4-8a3d-47db-b3f8-20b0bcb8a3f5:c2201, 6e9bc0f4-a324-4be3-b201-2d39df7dad8a:c2199, cffe1303-2f93-4087-8a62-a40745db49f2:c2199]
2019-07-10 09:50:47,330 INFO  client.GrpcClientProtocolClient (GrpcClientProtocolClient.java:onNext(255)) - client-7D6108789623->f80c66c4-8a3d-47db-b3f8-20b0bcb8a3f5: receive RaftClientReply:client-7D6108789623->f80c66c4-8a3d-47db-b3f8-20b0bcb8a3f5@group-7D2873B646E2, cid=1551, SUCCESS, logIndex=2202, commits[f80c66c4-8a3d-47db-b3f8-20b0bcb8a3f5:c2203, 6e9bc0f4-a324-4be3-b201-2d39df7dad8a:c2201, cffe1303-2f93-4087-8a62-a40745db49f2:c2201]
2019-07-10 09:50:47,330 INFO  client.GrpcClientProtocolClient (GrpcClientProtocolClient.java:onNext(255)) - client-7D6108789623->f80c66c4-8a3d-47db-b3f8-20b0bcb8a3f5: receive RaftClientReply:client-7D6108789623->f80c66c4-8a3d-47db-b3f8-20b0bcb8a3f5@group-7D2873B646E2, cid=1552, SUCCESS, logIndex=2203, commits[f80c66c4-8a3d-47db-b3f8-20b0bcb8a3f5:c2204, 6e9bc0f4-a324-4be3-b201-2d39df7dad8a:c2201, cffe1303-2f93-4087-8a62-a40745db49f2:c2201]
2019-07-10 09:50:47,331 INFO  client.GrpcClientProtocolClient (GrpcClientProtocolClient.java:onNext(255)) - client-7D6108789623->f80c66c4-8a3d-47db-b3f8-20b0bcb8a3f5: receive RaftClientReply:client-7D6108789623->f80c66c4-8a3d-47db-b3f8-20b0bcb8a3f5@group-7D2873B646E2, cid=1553, SUCCESS, logIndex=2204, commits[f80c66c4-8a3d-47db-b3f8-20b0bcb8a3f5:c2205, 6e9bc0f4-a324-4be3-b201-2d39df7dad8a:c2201, cffe1303-2f93-4087-8a62-a40745db49f2:c2201]
2019-07-10 09:50:47,331 INFO  client.GrpcClientProtocolClient (GrpcClientProtocolClient.java:onNext(255)) - client-7D6108789623->f80c66c4-8a3d-47db-b3f8-20b0bcb8a3f5: receive RaftClientReply:client-7D6108789623->f80c66c4-8a3d-47db-b3f8-20b0bcb8a3f5@group-7D2873B646E2, cid=1554, SUCCESS, logIndex=2205, commits[f80c66c4-8a3d-47db-b3f8-20b0bcb8a3f5:c2205, 6e9bc0f4-a324-4be3-b201-2d39df7dad8a:c2201, cffe1303-2f93-4087-8a62-a40745db49f2:c2201]
2019-07-10 09:50:47,343 INFO  client.GrpcClientProtocolClient (GrpcClientProtocolClient.java:onNext(255)) - client-7D6108789623->f80c66c4-8a3d-47db-b3f8-20b0bcb8a3f5: receive RaftClientReply:client-7D6108789623->f80c66c4-8a3d-47db-b3f8-20b0bcb8a3f5@group-7D2873B646E2, cid=1555, SUCCESS, logIndex=0, commits[f80c66c4-8a3d-47db-b3f8-20b0bcb8a3f5:c2207, 6e9bc0f4-a324-4be3-b201-2d39df7dad8a:c2203, cffe1303-2f93-4087-8a62-a40745db49f2:c2203]
2019-07-10 09:50:47,364 INFO  client.GrpcClientProtocolClient (GrpcClientProtocolClient.java:onNext(255)) - client-7D6108789623->f80c66c4-8a3d-47db-b3f8-20b0bcb8a3f5: receive RaftClientReply:client-7D6108789623->f80c66c4-8a3d-47db-b3f8-20b0bcb8a3f5@group-7D2873B646E2, cid=1556, SUCCESS, logIndex=2210, commits[f80c66c4-8a3d-47db-b3f8-20b0bcb8a3f5:c2210, 6e9bc0f4-a324-4be3-b201-2d39df7dad8a:c2209, cffe1303-2f93-4087-8a62-a40745db49f2:c2209]
2019-07-10 09:50:47,373 INFO  client.GrpcClientProtocolClient (GrpcClientProtocolClient.java:onNext(255)) - client-7D6108789623->f80c66c4-8a3d-47db-b3f8-20b0bcb8a3f5: receive RaftClientReply:client-7D6108789623->f80c66c4-8a3d-47db-b3f8-20b0bcb8a3f5@group-7D2873B646E2, cid=1557, SUCCESS, logIndex=2211, commits[f80c66c4-8a3d-47db-b3f8-20b0bcb8a3f5:c2211, 6e9bc0f4-a324-4be3-b201-2d39df7dad8a:c2209, cffe1303-2f93-4087-8a62-a40745db49f2:c2209]
2019-07-10 09:50:47,398 INFO  client.GrpcClientProtocolClient (GrpcClientProtocolClient.java:onNext(255)) - client-7D6108789623->f80c66c4-8a3d-47db-b3f8-20b0bcb8a3f5: receive RaftClientReply:client-7D6108789623->f80c66c4-8a3d-47db-b3f8-20b0bcb8a3f5@group-7D2873B646E2, cid=1558, SUCCESS, logIndex=2214, commits[f80c66c4-8a3d-47db-b3f8-20b0bcb8a3f5:c2215, 6e9bc0f4-a324-4be3-b201-2d39df7dad8a:c2211, cffe1303-2f93-4087-8a62-a40745db49f2:c2211]
2019-07-10 09:50:47,399 INFO  client.GrpcClientProtocolClient (GrpcClientProtocolClient.java:onNext(255)) - client-7D6108789623->f80c66c4-8a3d-47db-b3f8-20b0bcb8a3f5: receive RaftClientReply:client-7D6108789623->f80c66c4-8a3d-47db-b3f8-20b0bcb8a3f5@group-7D2873B646E2, cid=1559, SUCCESS, logIndex=2215, commits[f80c66c4-8a3d-47db-b3f8-20b0bcb8a3f5:c2215, 6e9bc0f4-a324-4be3-b201-2d39df7dad8a:c2211, cffe1303-2f93-4087-8a62-a40745db49f2:c2211]
2019-07-10 09:50:47,410 INFO  client.GrpcClientProtocolClient (GrpcClientProtocolClient.java:onNext(255)) - client-7D6108789623->f80c66c4-8a3d-47db-b3f8-20b0bcb8a3f5: receive RaftClientReply:client-7D6108789623->f80c66c4-8a3d-47db-b3f8-20b0bcb8a3f5@group-7D2873B646E2, cid=1560, SUCCESS, logIndex=0, commits[f80c66c4-8a3d-47db-b3f8-20b0bcb8a3f5:c2216, 6e9bc0f4-a324-4be3-b201-2d39df7dad8a:c2215, cffe1303-2f93-4087-8a62-a40745db49f2:c2215]
2019-07-10 09:50:47,439 INFO  client.GrpcClientProtocolClient (GrpcClientProtocolClient.java:onNext(255)) - client-7D6108789623->f80c66c4-8a3d-47db-b3f8-20b0bcb8a3f5: receive RaftClientReply:client-7D6108789623->f80c66c4-8a3d-47db-b3f8-20b0bcb8a3f5@group-7D2873B646E2, cid=1561, SUCCESS, logIndex=2217, commits[f80c66c4-8a3d-47db-b3f8-20b0bcb8a3f5:c2218, 6e9bc0f4-a324-4be3-b201-2d39df7dad8a:c2216, cffe1303-2f93-4087-8a62-a40745db49f2:c2216]
2019-07-10 09:50:47,439 INFO  client.GrpcClientProtocolClient (GrpcClientProtocolClient.java:onNext(255)) - client-7D6108789623->f80c66c4-8a3d-47db-b3f8-20b0bcb8a3f5: receive RaftClientReply:client-7D6108789623->f80c66c4-8a3d-47db-b3f8-20b0bcb8a3f5@group-7D2873B646E2, cid=1562, SUCCESS, logIndex=2218, commits[f80c66c4-8a3d-47db-b3f8-20b0bcb8a3f5:c2218, 6e9bc0f4-a324-4be3-b201-2d39df7dad8a:c2216, cffe1303-2f93-4087-8a62-a40745db49f2:c2216]
2019-07-10 09:50:47,451 INFO  client.GrpcClientProtocolClient (GrpcClientProtocolClient.java:onNext(255)) - client-7D6108789623->f80c66c4-8a3d-47db-b3f8-20b0bcb8a3f5: receive RaftClientReply:client-7D6108789623->f80c66c4-8a3d-47db-b3f8-20b0bcb8a3f5@group-7D2873B646E2, cid=1563, SUCCESS, logIndex=2219, commits[f80c66c4-8a3d-47db-b3f8-20b0bcb8a3f5:c2220, 6e9bc0f4-a324-4be3-b201-2d39df7dad8a:c2216, cffe1303-2f93-4087-8a62-a40745db49f2:c2216]
2019-07-10 09:50:47,451 INFO  client.GrpcClientProtocolClient (GrpcClientProtocolClient.java:onNext(255)) - client-7D6108789623->f80c66c4-8a3d-47db-b3f8-20b0bcb8a3f5: receive RaftClientReply:client-7D6108789623->f80c66c4-8a3d-47db-b3f8-20b0bcb8a3f5@group-7D2873B646E2, cid=1564, SUCCESS, logIndex=2220, commits[f80c66c4-8a3d-47db-b3f8-20b0bcb8a3f5:c2220, 6e9bc0f4-a324-4be3-b201-2d39df7dad8a:c2216, cffe1303-2f93-4087-8a62-a40745db49f2:c2216]
2019-07-10 09:50:47,454 INFO  client.GrpcClientProtocolClient (GrpcClientProtocolClient.java:onNext(255)) - client-7D6108789623->f80c66c4-8a3d-47db-b3f8-20b0bcb8a3f5: receive RaftClientReply:client-7D6108789623->f80c66c4-8a3d-47db-b3f8-20b0bcb8a3f5@group-7D2873B646E2, cid=1565, SUCCESS, logIndex=0, commits[f80c66c4-8a3d-47db-b3f8-20b0bcb8a3f5:c2222, 6e9bc0f4-a324-4be3-b201-2d39df7dad8a:c2218, cffe1303-2f93-4087-8a62-a40745db49f2:c2218]
2019-07-10 09:50:47,477 INFO  client.GrpcClientProtocolClient (GrpcClientProtocolClient.java:onNext(255)) - client-7D6108789623->f80c66c4-8a3d-47db-b3f8-20b0bcb8a3f5: receive RaftClientReply:client-7D6108789623->f80c66c4-8a3d-47db-b3f8-20b0bcb8a3f5@group-7D2873B646E2, cid=1566, SUCCESS, logIndex=2225, commits[f80c66c4-8a3d-47db-b3f8-20b0bcb8a3f5:c2226, 6e9bc0f4-a324-4be3-b201-2d39df7dad8a:c2222, cffe1303-2f93-4087-8a62-a40745db49f2:c2222]
2019-07-10 09:50:47,478 INFO  client.GrpcClientProtocolClient (GrpcClientProtocolClient.java:onNext(255)) - client-7D6108789623->f80c66c4-8a3d-47db-b3f8-20b0bcb8a3f5: receive RaftClientReply:client-7D6108789623->f80c66c4-8a3d-47db-b3f8-20b0bcb8a3f5@group-7D2873B646E2, cid=1567, SUCCESS, logIndex=2226, commits[f80c66c4-8a3d-47db-b3f8-20b0bcb8a3f5:c2226, 6e9bc0f4-a324-4be3-b201-2d39df7dad8a:c2222, cffe1303-2f93-4087-8a62-a40745db49f2:c2222]
2019-07-10 09:50:47,510 INFO  client.GrpcClientProtocolClient (GrpcClientProtocolClient.java:onNext(255)) - client-7D6108789623->f80c66c4-8a3d-47db-b3f8-20b0bcb8a3f5: receive RaftClientReply:client-7D6108789623->f80c66c4-8a3d-47db-b3f8-20b0bcb8a3f5@group-7D2873B646E2, cid=1568, SUCCESS, logIndex=2229, commits[f80c66c4-8a3d-47db-b3f8-20b0bcb8a3f5:c2230, 6e9bc0f4-a324-4be3-b201-2d39df7dad8a:c2225, cffe1303-2f93-4087-8a62-a40745db49f2:c2226]
2019-07-10 09:50:47,510 INFO  client.GrpcClientProtocolClient (GrpcClientProtocolClient.java:onNext(255)) - client-7D6108789623->f80c66c4-8a3d-47db-b3f8-20b0bcb8a3f5: receive RaftClientReply:client-7D6108789623->f80c66c4-8a3d-47db-b3f8-20b0bcb8a3f5@group-7D2873B646E2, cid=1569, SUCCESS, logIndex=2230, commits[f80c66c4-8a3d-47db-b3f8-20b0bcb8a3f5:c2230, 6e9bc0f4-a324-4be3-b201-2d39df7dad8a:c2226, cffe1303-2f93-4087-8a62-a40745db49f2:c2226]
2019-07-10 09:50:47,520 INFO  client.GrpcClientProtocolClient (GrpcClientProtocolClient.java:onNext(255)) - client-7D6108789623->f80c66c4-8a3d-47db-b3f8-20b0bcb8a3f5: receive RaftClientReply:client-7D6108789623->f80c66c4-8a3d-47db-b3f8-20b0bcb8a3f5@group-7D2873B646E2, cid=1570, SUCCESS, logIndex=0, commits[f80c66c4-8a3d-47db-b3f8-20b0bcb8a3f5:c2231, 6e9bc0f4-a324-4be3-b201-2d39df7dad8a:c2230, cffe1303-2f93-4087-8a62-a40745db49f2:c2230]
2019-07-10 09:50:47,546 INFO  client.GrpcClientProtocolClient (GrpcClientProtocolClient.java:onNext(255)) - client-7D6108789623->f80c66c4-8a3d-47db-b3f8-20b0bcb8a3f5: receive RaftClientReply:client-7D6108789623->f80c66c4-8a3d-47db-b3f8-20b0bcb8a3f5@group-7D2873B646E2, cid=1571, SUCCESS, logIndex=2232, commits[f80c66c4-8a3d-47db-b3f8-20b0bcb8a3f5:c2233, 6e9bc0f4-a324-4be3-b201-2d39df7dad8a:c2231, cffe1303-2f93-4087-8a62-a40745db49f2:c2231]
2019-07-10 09:50:47,547 INFO  client.GrpcClientProtocolClient (GrpcClientProtocolClient.java:onNext(255)) - client-7D6108789623->f80c66c4-8a3d-47db-b3f8-20b0bcb8a3f5: receive RaftClientReply:client-7D6108789623->f80c66c4-8a3d-47db-b3f8-20b0bcb8a3f5@group-7D2873B646E2, cid=1572, SUCCESS, logIndex=2233, commits[f80c66c4-8a3d-47db-b3f8-20b0bcb8a3f5:c2233, 6e9bc0f4-a324-4be3-b201-2d39df7dad8a:c2231, cffe1303-2f93-4087-8a62-a40745db49f2:c2231]
2019-07-10 09:50:47,554 INFO  client.GrpcClientProtocolClient (GrpcClientProtocolClient.java:onNext(255)) - client-7D6108789623->f80c66c4-8a3d-47db-b3f8-20b0bcb8a3f5: receive RaftClientReply:client-7D6108789623->f80c66c4-8a3d-47db-b3f8-20b0bcb8a3f5@group-7D2873B646E2, cid=1573, SUCCESS, logIndex=2234, commits[f80c66c4-8a3d-47db-b3f8-20b0bcb8a3f5:c2235, 6e9bc0f4-a324-4be3-b201-2d39df7dad8a:c2231, cffe1303-2f93-4087-8a62-a40745db49f2:c2231]
2019-07-10 09:50:47,554 INFO  client.GrpcClientProtocolClient (GrpcClientProtocolClient.java:onNext(255)) - client-7D6108789623->f80c66c4-8a3d-47db-b3f8-20b0bcb8a3f5: receive RaftClientReply:client-7D6108789623->f80c66c4-8a3d-47db-b3f8-20b0bcb8a3f5@group-7D2873B646E2, cid=1574, SUCCESS, logIndex=2235, commits[f80c66c4-8a3d-47db-b3f8-20b0bcb8a3f5:c2235, 6e9bc0f4-a324-4be3-b201-2d39df7dad8a:c2231, cffe1303-2f93-4087-8a62-a40745db49f2:c2231]
2019-07-10 09:50:47,568 INFO  client.GrpcClientProtocolClient (GrpcClientProtocolClient.java:onNext(255)) - client-7D6108789623->f80c66c4-8a3d-47db-b3f8-20b0bcb8a3f5: receive RaftClientReply:client-7D6108789623->f80c66c4-8a3d-47db-b3f8-20b0bcb8a3f5@group-7D2873B646E2, cid=1575, SUCCESS, logIndex=0, commits[f80c66c4-8a3d-47db-b3f8-20b0bcb8a3f5:c2238, 6e9bc0f4-a324-4be3-b201-2d39df7dad8a:c2233, cffe1303-2f93-4087-8a62-a40745db49f2:c2233]
2019-07-10 09:50:47,586 INFO  client.GrpcClientProtocolClient (GrpcClientProtocolClient.java:onNext(255)) - client-7D6108789623->f80c66c4-8a3d-47db-b3f8-20b0bcb8a3f5: receive RaftClientReply:client-7D6108789623->f80c66c4-8a3d-47db-b3f8-20b0bcb8a3f5@group-7D2873B646E2, cid=1576, SUCCESS, logIndex=2240, commits[f80c66c4-8a3d-47db-b3f8-20b0bcb8a3f5:c2240, 6e9bc0f4-a324-4be3-b201-2d39df7dad8a:c2239, cffe1303-2f93-4087-8a62-a40745db49f2:c2239]
2019-07-10 09:50:47,587 INFO  client.GrpcClientProtocolClient (GrpcClientProtocolClient.java:onNext(255)) - client-7D6108789623->f80c66c4-8a3d-47db-b3f8-20b0bcb8a3f5: receive RaftClientReply:client-7D6108789623->f80c66c4-8a3d-47db-b3f8-20b0bcb8a3f5@group-7D2873B646E2, cid=1577, SUCCESS, logIndex=2241, commits[f80c66c4-8a3d-47db-b3f8-20b0bcb8a3f5:c2241, 6e9bc0f4-a324-4be3-b201-2d39df7dad8a:c2239, cffe1303-2f93-4087-8a62-a40745db49f2:c2239]
2019-07-10 09:50:47,599 INFO  client.GrpcClientProtocolClient (GrpcClientProtocolClient.java:onNext(255)) - client-7D6108789623->f80c66c4-8a3d-47db-b3f8-20b0bcb8a3f5: receive RaftClientReply:client-7D6108789623->f80c66c4-8a3d-47db-b3f8-20b0bcb8a3f5@group-7D2873B646E2, cid=1578, SUCCESS, logIndex=2244, commits[f80c66c4-8a3d-47db-b3f8-20b0bcb8a3f5:c2245, 6e9bc0f4-a324-4be3-b201-2d39df7dad8a:c2240, cffe1303-2f93-4087-8a62-a40745db49f2:c2241]
2019-07-10 09:50:47,600 INFO  client.GrpcClientProtocolClient (GrpcClientProtocolClient.java:onNext(255)) - client-7D6108789623->f80c66c4-8a3d-47db-b3f8-20b0bcb8a3f5: receive RaftClientReply:client-7D6108789623->f80c66c4-8a3d-47db-b3f8-20b0bcb8a3f5@group-7D2873B646E2, cid=1579, SUCCESS, logIndex=2245, commits[f80c66c4-8a3d-47db-b3f8-20b0bcb8a3f5:c2245, 6e9bc0f4-a324-4be3-b201-2d39df7dad8a:c2240, cffe1303-2f93-4087-8a62-a40745db49f2:c2241]
2019-07-10 09:50:47,608 INFO  client.GrpcClientProtocolClient (GrpcClientProtocolClient.java:onNext(255)) - client-7D6108789623->f80c66c4-8a3d-47db-b3f8-20b0bcb8a3f5: receive RaftClientReply:client-7D6108789623->f80c66c4-8a3d-47db-b3f8-20b0bcb8a3f5@group-7D2873B646E2, cid=1580, SUCCESS, logIndex=0, commits[f80c66c4-8a3d-47db-b3f8-20b0bcb8a3f5:c2245, 6e9bc0f4-a324-4be3-b201-2d39df7dad8a:c2241, cffe1303-2f93-4087-8a62-a40745db49f2:c2241]
2019-07-10 09:50:47,620 INFO  client.GrpcClientProtocolClient (GrpcClientProtocolClient.java:onNext(255)) - client-7D6108789623->f80c66c4-8a3d-47db-b3f8-20b0bcb8a3f5: receive RaftClientReply:client-7D6108789623->f80c66c4-8a3d-47db-b3f8-20b0bcb8a3f5@group-7D2873B646E2, cid=1581, SUCCESS, logIndex=0, commits[f80c66c4-8a3d-47db-b3f8-20b0bcb8a3f5:c2247, 6e9bc0f4-a324-4be3-b201-2d39df7dad8a:c2245, cffe1303-2f93-4087-8a62-a40745db49f2:c2245]
2019-07-10 09:50:47,644 INFO  client.GrpcClientProtocolClient (GrpcClientProtocolClient.java:onNext(255)) - client-7D6108789623->f80c66c4-8a3d-47db-b3f8-20b0bcb8a3f5: receive RaftClientReply:client-7D6108789623->f80c66c4-8a3d-47db-b3f8-20b0bcb8a3f5@group-7D2873B646E2, cid=1582, SUCCESS, logIndex=2248, commits[f80c66c4-8a3d-47db-b3f8-20b0bcb8a3f5:c2249, 6e9bc0f4-a324-4be3-b201-2d39df7dad8a:c2247, cffe1303-2f93-4087-8a62-a40745db49f2:c2247]
2019-07-10 09:50:47,645 INFO  client.GrpcClientProtocolClient (GrpcClientProtocolClient.java:onNext(255)) - client-7D6108789623->f80c66c4-8a3d-47db-b3f8-20b0bcb8a3f5: receive RaftClientReply:client-7D6108789623->f80c66c4-8a3d-47db-b3f8-20b0bcb8a3f5@group-7D2873B646E2, cid=1583, SUCCESS, logIndex=2249, commits[f80c66c4-8a3d-47db-b3f8-20b0bcb8a3f5:c2249, 6e9bc0f4-a324-4be3-b201-2d39df7dad8a:c2247, cffe1303-2f93-4087-8a62-a40745db49f2:c2247]
2019-07-10 09:50:47,653 INFO  client.GrpcClientProtocolClient (GrpcClientProtocolClient.java:onNext(255)) - client-7D6108789623->f80c66c4-8a3d-47db-b3f8-20b0bcb8a3f5: receive RaftClientReply:client-7D6108789623->f80c66c4-8a3d-47db-b3f8-20b0bcb8a3f5@group-7D2873B646E2, cid=1584, SUCCESS, logIndex=2250, commits[f80c66c4-8a3d-47db-b3f8-20b0bcb8a3f5:c2251, 6e9bc0f4-a324-4be3-b201-2d39df7dad8a:c2247, cffe1303-2f93-4087-8a62-a40745db49f2:c2247]
2019-07-10 09:50:47,653 INFO  client.GrpcClientProtocolClient (GrpcClientProtocolClient.java:onNext(255)) - client-7D6108789623->f80c66c4-8a3d-47db-b3f8-20b0bcb8a3f5: receive RaftClientReply:client-7D6108789623->f80c66c4-8a3d-47db-b3f8-20b0bcb8a3f5@group-7D2873B646E2, cid=1585, SUCCESS, logIndex=2251, commits[f80c66c4-8a3d-47db-b3f8-20b0bcb8a3f5:c2251, 6e9bc0f4-a324-4be3-b201-2d39df7dad8a:c2247, cffe1303-2f93-4087-8a62-a40745db49f2:c2247]
2019-07-10 09:50:47,667 INFO  client.GrpcClientProtocolClient (GrpcClientProtocolClient.java:onNext(255)) - client-7D6108789623->f80c66c4-8a3d-47db-b3f8-20b0bcb8a3f5: receive RaftClientReply:client-7D6108789623->f80c66c4-8a3d-47db-b3f8-20b0bcb8a3f5@group-7D2873B646E2, cid=1586, SUCCESS, logIndex=0, commits[f80c66c4-8a3d-47db-b3f8-20b0bcb8a3f5:c2253, 6e9bc0f4-a324-4be3-b201-2d39df7dad8a:c2249, cffe1303-2f93-4087-8a62-a40745db49f2:c2249]
2019-07-10 09:50:47,688 INFO  client.GrpcClientProtocolClient (GrpcClientProtocolClient.java:onNext(255)) - client-7D6108789623->f80c66c4-8a3d-47db-b3f8-20b0bcb8a3f5: receive RaftClientReply:client-7D6108789623->f80c66c4-8a3d-47db-b3f8-20b0bcb8a3f5@group-7D2873B646E2, cid=1587, SUCCESS, logIndex=2255, commits[f80c66c4-8a3d-47db-b3f8-20b0bcb8a3f5:c2256, 6e9bc0f4-a324-4be3-b201-2d39df7dad8a:c2253, cffe1303-2f93-4087-8a62-a40745db49f2:c2253]
2019-07-10 09:50:47,688 INFO  client.GrpcClientProtocolClient (GrpcClientProtocolClient.java:onNext(255)) - client-7D6108789623->f80c66c4-8a3d-47db-b3f8-20b0bcb8a3f5: receive RaftClientReply:client-7D6108789623->f80c66c4-8a3d-47db-b3f8-20b0bcb8a3f5@group-7D2873B646E2, cid=1588, SUCCESS, logIndex=2256, commits[f80c66c4-8a3d-47db-b3f8-20b0bcb8a3f5:c2256, 6e9bc0f4-a324-4be3-b201-2d39df7dad8a:c2253, cffe1303-2f93-4087-8a62-a40745db49f2:c2253]
2019-07-10 09:50:47,710 INFO  client.GrpcClientProtocolClient (GrpcClientProtocolClient.java:onNext(255)) - client-7D6108789623->f80c66c4-8a3d-47db-b3f8-20b0bcb8a3f5: receive RaftClientReply:client-7D6108789623->f80c66c4-8a3d-47db-b3f8-20b0bcb8a3f5@group-7D2873B646E2, cid=1589, SUCCESS, logIndex=2259, commits[f80c66c4-8a3d-47db-b3f8-20b0bcb8a3f5:c2260, 6e9bc0f4-a324-4be3-b201-2d39df7dad8a:c2256, cffe1303-2f93-4087-8a62-a40745db49f2:c2256]
2019-07-10 09:50:47,711 INFO  client.GrpcClientProtocolClient (GrpcClientProtocolClient.java:onNext(255)) - client-7D6108789623->f80c66c4-8a3d-47db-b3f8-20b0bcb8a3f5: receive RaftClientReply:client-7D6108789623->f80c66c4-8a3d-47db-b3f8-20b0bcb8a3f5@group-7D2873B646E2, cid=1590, SUCCESS, logIndex=2260, commits[f80c66c4-8a3d-47db-b3f8-20b0bcb8a3f5:c2260, 6e9bc0f4-a324-4be3-b201-2d39df7dad8a:c2256, cffe1303-2f93-4087-8a62-a40745db49f2:c2256]
2019-07-10 09:50:47,724 INFO  client.GrpcClientProtocolClient (GrpcClientProtocolClient.java:onNext(255)) - client-7D6108789623->f80c66c4-8a3d-47db-b3f8-20b0bcb8a3f5: receive RaftClientReply:client-7D6108789623->f80c66c4-8a3d-47db-b3f8-20b0bcb8a3f5@group-7D2873B646E2, cid=1591, SUCCESS, logIndex=0, commits[f80c66c4-8a3d-47db-b3f8-20b0bcb8a3f5:c2262, 6e9bc0f4-a324-4be3-b201-2d39df7dad8a:c2260, cffe1303-2f93-4087-8a62-a40745db49f2:c2260]
2019-07-10 09:50:47,745 INFO  client.GrpcClientProtocolClient (GrpcClientProtocolClient.java:onNext(255)) - client-7D6108789623->f80c66c4-8a3d-47db-b3f8-20b0bcb8a3f5: receive RaftClientReply:client-7D6108789623->f80c66c4-8a3d-47db-b3f8-20b0bcb8a3f5@group-7D2873B646E2, cid=1592, SUCCESS, logIndex=2263, commits[f80c66c4-8a3d-47db-b3f8-20b0bcb8a3f5:c2264, 6e9bc0f4-a324-4be3-b201-2d39df7dad8a:c2260, cffe1303-2f93-4087-8a62-a40745db49f2:c2262]
2019-07-10 09:50:47,745 INFO  client.GrpcClientProtocolClient (GrpcClientProtocolClient.java:onNext(255)) - client-7D6108789623->f80c66c4-8a3d-47db-b3f8-20b0bcb8a3f5: receive RaftClientReply:client-7D6108789623->f80c66c4-8a3d-47db-b3f8-20b0bcb8a3f5@group-7D2873B646E2, cid=1593, SUCCESS, logIndex=2264, commits[f80c66c4-8a3d-47db-b3f8-20b0bcb8a3f5:c2264, 6e9bc0f4-a324-4be3-b201-2d39df7dad8a:c2260, cffe1303-2f93-4087-8a62-a40745db49f2:c2262]
2019-07-10 09:50:47,746 INFO  client.GrpcClientProtocolClient (GrpcClientProtocolClient.java:onNext(255)) - client-7D6108789623->f80c66c4-8a3d-47db-b3f8-20b0bcb8a3f5: receive RaftClientReply:client-7D6108789623->f80c66c4-8a3d-47db-b3f8-20b0bcb8a3f5@group-7D2873B646E2, cid=1594, SUCCESS, logIndex=2265, commits[f80c66c4-8a3d-47db-b3f8-20b0bcb8a3f5:c2266, 6e9bc0f4-a324-4be3-b201-2d39df7dad8a:c2260, cffe1303-2f93-4087-8a62-a40745db49f2:c2262]
2019-07-10 09:50:47,746 INFO  client.GrpcClientProtocolClient (GrpcClientProtocolClient.java:onNext(255)) - client-7D6108789623->f80c66c4-8a3d-47db-b3f8-20b0bcb8a3f5: receive RaftClientReply:client-7D6108789623->f80c66c4-8a3d-47db-b3f8-20b0bcb8a3f5@group-7D2873B646E2, cid=1595, SUCCESS, logIndex=2266, commits[f80c66c4-8a3d-47db-b3f8-20b0bcb8a3f5:c2266, 6e9bc0f4-a324-4be3-b201-2d39df7dad8a:c2260, cffe1303-2f93-4087-8a62-a40745db49f2:c2262]
2019-07-10 09:50:47,759 INFO  client.GrpcClientProtocolClient (GrpcClientProtocolClient.java:onNext(255)) - client-7D6108789623->f80c66c4-8a3d-47db-b3f8-20b0bcb8a3f5: receive RaftClientReply:client-7D6108789623->f80c66c4-8a3d-47db-b3f8-20b0bcb8a3f5@group-7D2873B646E2, cid=1596, SUCCESS, logIndex=0, commits[f80c66c4-8a3d-47db-b3f8-20b0bcb8a3f5:c2268, 6e9bc0f4-a324-4be3-b201-2d39df7dad8a:c2264, cffe1303-2f93-4087-8a62-a40745db49f2:c2264]
2019-07-10 09:50:47,779 INFO  client.GrpcClientProtocolClient (GrpcClientProtocolClient.java:onNext(255)) - client-7D6108789623->f80c66c4-8a3d-47db-b3f8-20b0bcb8a3f5: receive RaftClientReply:client-7D6108789623->f80c66c4-8a3d-47db-b3f8-20b0bcb8a3f5@group-7D2873B646E2, cid=1597, SUCCESS, logIndex=2271, commits[f80c66c4-8a3d-47db-b3f8-20b0bcb8a3f5:c2272, 6e9bc0f4-a324-4be3-b201-2d39df7dad8a:c2266, cffe1303-2f93-4087-8a62-a40745db49f2:c2270]
2019-07-10 09:50:47,780 INFO  client.GrpcClientProtocolClient (GrpcClientProtocolClient.java:onNext(255)) - client-7D6108789623->f80c66c4-8a3d-47db-b3f8-20b0bcb8a3f5: receive RaftClientReply:client-7D6108789623->f80c66c4-8a3d-47db-b3f8-20b0bcb8a3f5@group-7D2873B646E2, cid=1598, SUCCESS, logIndex=2272, commits[f80c66c4-8a3d-47db-b3f8-20b0bcb8a3f5:c2272, 6e9bc0f4-a324-4be3-b201-2d39df7dad8a:c2270, cffe1303-2f93-4087-8a62-a40745db49f2:c2270]
2019-07-10 09:50:47,796 INFO  client.GrpcClientProtocolClient (GrpcClientProtocolClient.java:onNext(255)) - client-7D6108789623->f80c66c4-8a3d-47db-b3f8-20b0bcb8a3f5: receive RaftClientReply:client-7D6108789623->f80c66c4-8a3d-47db-b3f8-20b0bcb8a3f5@group-7D2873B646E2, cid=1599, SUCCESS, logIndex=2275, commits[f80c66c4-8a3d-47db-b3f8-20b0bcb8a3f5:c2276, 6e9bc0f4-a324-4be3-b201-2d39df7dad8a:c2274, cffe1303-2f93-4087-8a62-a40745db49f2:c2274]
2019-07-10 09:50:47,796 INFO  client.GrpcClientProtocolClient (GrpcClientProtocolClient.java:onNext(255)) - client-7D6108789623->f80c66c4-8a3d-47db-b3f8-20b0bcb8a3f5: receive RaftClientReply:client-7D6108789623->f80c66c4-8a3d-47db-b3f8-20b0bcb8a3f5@group-7D2873B646E2, cid=1600, SUCCESS, logIndex=2276, commits[f80c66c4-8a3d-47db-b3f8-20b0bcb8a3f5:c2276, 6e9bc0f4-a324-4be3-b201-2d39df7dad8a:c2274, cffe1303-2f93-4087-8a62-a40745db49f2:c2274]
2019-07-10 09:50:47,807 INFO  client.GrpcClientProtocolClient (GrpcClientProtocolClient.java:onNext(255)) - client-7D6108789623->f80c66c4-8a3d-47db-b3f8-20b0bcb8a3f5: receive RaftClientReply:client-7D6108789623->f80c66c4-8a3d-47db-b3f8-20b0bcb8a3f5@group-7D2873B646E2, cid=1601, SUCCESS, logIndex=0, commits[f80c66c4-8a3d-47db-b3f8-20b0bcb8a3f5:c2277, 6e9bc0f4-a324-4be3-b201-2d39df7dad8a:c2276, cffe1303-2f93-4087-8a62-a40745db49f2:c2276]
2019-07-10 09:50:47,830 INFO  client.GrpcClientProtocolClient (GrpcClientProtocolClient.java:onNext(255)) - client-7D6108789623->f80c66c4-8a3d-47db-b3f8-20b0bcb8a3f5: receive RaftClientReply:client-7D6108789623->f80c66c4-8a3d-47db-b3f8-20b0bcb8a3f5@group-7D2873B646E2, cid=1602, SUCCESS, logIndex=2279, commits[f80c66c4-8a3d-47db-b3f8-20b0bcb8a3f5:c2281, 6e9bc0f4-a324-4be3-b201-2d39df7dad8a:c2278, cffe1303-2f93-4087-8a62-a40745db49f2:c2278]
2019-07-10 09:50:47,831 INFO  client.GrpcClientProtocolClient (GrpcClientProtocolClient.java:onNext(255)) - client-7D6108789623->f80c66c4-8a3d-47db-b3f8-20b0bcb8a3f5: receive RaftClientReply:client-7D6108789623->f80c66c4-8a3d-47db-b3f8-20b0bcb8a3f5@group-7D2873B646E2, cid=1603, SUCCESS, logIndex=2280, commits[f80c66c4-8a3d-47db-b3f8-20b0bcb8a3f5:c2282, 6e9bc0f4-a324-4be3-b201-2d39df7dad8a:c2278, cffe1303-2f93-4087-8a62-a40745db49f2:c2278]
2019-07-10 09:50:47,831 INFO  client.GrpcClientProtocolClient (GrpcClientProtocolClient.java:onNext(255)) - client-7D6108789623->f80c66c4-8a3d-47db-b3f8-20b0bcb8a3f5: receive RaftClientReply:client-7D6108789623->f80c66c4-8a3d-47db-b3f8-20b0bcb8a3f5@group-7D2873B646E2, cid=1604, SUCCESS, logIndex=2281, commits[f80c66c4-8a3d-47db-b3f8-20b0bcb8a3f5:c2282, 6e9bc0f4-a324-4be3-b201-2d39df7dad8a:c2278, cffe1303-2f93-4087-8a62-a40745db49f2:c2278]
2019-07-10 09:50:47,831 INFO  client.GrpcClientProtocolClient (GrpcClientProtocolClient.java:onNext(255)) - client-7D6108789623->f80c66c4-8a3d-47db-b3f8-20b0bcb8a3f5: receive RaftClientReply:client-7D6108789623->f80c66c4-8a3d-47db-b3f8-20b0bcb8a3f5@group-7D2873B646E2, cid=1605, SUCCESS, logIndex=2282, commits[f80c66c4-8a3d-47db-b3f8-20b0bcb8a3f5:c2282, 6e9bc0f4-a324-4be3-b201-2d39df7dad8a:c2278, cffe1303-2f93-4087-8a62-a40745db49f2:c2278]
2019-07-10 09:50:47,845 INFO  client.GrpcClientProtocolClient (GrpcClientProtocolClient.java:onNext(255)) - client-7D6108789623->f80c66c4-8a3d-47db-b3f8-20b0bcb8a3f5: receive RaftClientReply:client-7D6108789623->f80c66c4-8a3d-47db-b3f8-20b0bcb8a3f5@group-7D2873B646E2, cid=1606, SUCCESS, logIndex=0, commits[f80c66c4-8a3d-47db-b3f8-20b0bcb8a3f5:c2285, 6e9bc0f4-a324-4be3-b201-2d39df7dad8a:c2280, cffe1303-2f93-4087-8a62-a40745db49f2:c2281]
2019-07-10 09:50:47,858 INFO  client.GrpcClientProtocolClient (GrpcClientProtocolClient.java:onNext(255)) - client-7D6108789623->f80c66c4-8a3d-47db-b3f8-20b0bcb8a3f5: receive RaftClientReply:client-7D6108789623->f80c66c4-8a3d-47db-b3f8-20b0bcb8a3f5@group-7D2873B646E2, cid=1607, SUCCESS, logIndex=2287, commits[f80c66c4-8a3d-47db-b3f8-20b0bcb8a3f5:c2288, 6e9bc0f4-a324-4be3-b201-2d39df7dad8a:c2286, cffe1303-2f93-4087-8a62-a40745db49f2:c2286]
2019-07-10 09:50:47,858 INFO  client.GrpcClientProtocolClient (GrpcClientProtocolClient.java:onNext(255)) - client-7D6108789623->f80c66c4-8a3d-47db-b3f8-20b0bcb8a3f5: receive RaftClientReply:client-7D6108789623->f80c66c4-8a3d-47db-b3f8-20b0bcb8a3f5@group-7D2873B646E2, cid=1608, SUCCESS, logIndex=2288, commits[f80c66c4-8a3d-47db-b3f8-20b0bcb8a3f5:c2288, 6e9bc0f4-a324-4be3-b201-2d39df7dad8a:c2286, cffe1303-2f93-4087-8a62-a40745db49f2:c2286]
2019-07-10 09:50:47,881 INFO  client.GrpcClientProtocolClient (GrpcClientProtocolClient.java:onNext(255)) - client-7D6108789623->f80c66c4-8a3d-47db-b3f8-20b0bcb8a3f5: receive RaftClientReply:client-7D6108789623->f80c66c4-8a3d-47db-b3f8-20b0bcb8a3f5@group-7D2873B646E2, cid=1609, SUCCESS, logIndex=2291, commits[f80c66c4-8a3d-47db-b3f8-20b0bcb8a3f5:c2292, 6e9bc0f4-a324-4be3-b201-2d39df7dad8a:c2288, cffe1303-2f93-4087-8a62-a40745db49f2:c2287]
2019-07-10 09:50:47,881 INFO  client.GrpcClientProtocolClient (GrpcClientProtocolClient.java:onNext(255)) - client-7D6108789623->f80c66c4-8a3d-47db-b3f8-20b0bcb8a3f5: receive RaftClientReply:client-7D6108789623->f80c66c4-8a3d-47db-b3f8-20b0bcb8a3f5@group-7D2873B646E2, cid=1610, SUCCESS, logIndex=2292, commits[f80c66c4-8a3d-47db-b3f8-20b0bcb8a3f5:c2292, 6e9bc0f4-a324-4be3-b201-2d39df7dad8a:c2288, cffe1303-2f93-4087-8a62-a40745db49f2:c2288]
2019-07-10 09:50:47,892 INFO  client.GrpcClientProtocolClient (GrpcClientProtocolClient.java:onNext(255)) - client-7D6108789623->f80c66c4-8a3d-47db-b3f8-20b0bcb8a3f5: receive RaftClientReply:client-7D6108789623->f80c66c4-8a3d-47db-b3f8-20b0bcb8a3f5@group-7D2873B646E2, cid=1611, SUCCESS, logIndex=0, commits[f80c66c4-8a3d-47db-b3f8-20b0bcb8a3f5:c2293, 6e9bc0f4-a324-4be3-b201-2d39df7dad8a:c2292, cffe1303-2f93-4087-8a62-a40745db49f2:c2292]
2019-07-10 09:50:47,922 INFO  client.GrpcClientProtocolClient (GrpcClientProtocolClient.java:onNext(255)) - client-7D6108789623->f80c66c4-8a3d-47db-b3f8-20b0bcb8a3f5: receive RaftClientReply:client-7D6108789623->f80c66c4-8a3d-47db-b3f8-20b0bcb8a3f5@group-7D2873B646E2, cid=1612, SUCCESS, logIndex=2295, commits[f80c66c4-8a3d-47db-b3f8-20b0bcb8a3f5:c2296, 6e9bc0f4-a324-4be3-b201-2d39df7dad8a:c2294, cffe1303-2f93-4087-8a62-a40745db49f2:c2294]
2019-07-10 09:50:47,923 INFO  client.GrpcClientProtocolClient (GrpcClientProtocolClient.java:onNext(255)) - client-7D6108789623->f80c66c4-8a3d-47db-b3f8-20b0bcb8a3f5: receive RaftClientReply:client-7D6108789623->f80c66c4-8a3d-47db-b3f8-20b0bcb8a3f5@group-7D2873B646E2, cid=1613, SUCCESS, logIndex=2296, commits[f80c66c4-8a3d-47db-b3f8-20b0bcb8a3f5:c2298, 6e9bc0f4-a324-4be3-b201-2d39df7dad8a:c2294, cffe1303-2f93-4087-8a62-a40745db49f2:c2294]
2019-07-10 09:50:47,923 INFO  client.GrpcClientProtocolClient (GrpcClientProtocolClient.java:onNext(255)) - client-7D6108789623->f80c66c4-8a3d-47db-b3f8-20b0bcb8a3f5: receive RaftClientReply:client-7D6108789623->f80c66c4-8a3d-47db-b3f8-20b0bcb8a3f5@group-7D2873B646E2, cid=1614, SUCCESS, logIndex=2297, commits[f80c66c4-8a3d-47db-b3f8-20b0bcb8a3f5:c2298, 6e9bc0f4-a324-4be3-b201-2d39df7dad8a:c2294, cffe1303-2f93-4087-8a62-a40745db49f2:c2294]
2019-07-10 09:50:47,923 INFO  client.GrpcClientProtocolClient (GrpcClientProtocolClient.java:onNext(255)) - client-7D6108789623->f80c66c4-8a3d-47db-b3f8-20b0bcb8a3f5: receive RaftClientReply:client-7D6108789623->f80c66c4-8a3d-47db-b3f8-20b0bcb8a3f5@group-7D2873B646E2, cid=1615, SUCCESS, logIndex=2298, commits[f80c66c4-8a3d-47db-b3f8-20b0bcb8a3f5:c2298, 6e9bc0f4-a324-4be3-b201-2d39df7dad8a:c2294, cffe1303-2f93-4087-8a62-a40745db49f2:c2294]
2019-07-10 09:50:47,952 INFO  client.GrpcClientProtocolClient (GrpcClientProtocolClient.java:onNext(255)) - client-7D6108789623->f80c66c4-8a3d-47db-b3f8-20b0bcb8a3f5: receive RaftClientReply:client-7D6108789623->f80c66c4-8a3d-47db-b3f8-20b0bcb8a3f5@group-7D2873B646E2, cid=1616, SUCCESS, logIndex=0, commits[f80c66c4-8a3d-47db-b3f8-20b0bcb8a3f5:c2300, 6e9bc0f4-a324-4be3-b201-2d39df7dad8a:c2298, cffe1303-2f93-4087-8a62-a40745db49f2:c2296]
2019-07-10 09:50:47,981 INFO  client.GrpcClientProtocolClient (GrpcClientProtocolClient.java:onNext(255)) - client-7D6108789623->f80c66c4-8a3d-47db-b3f8-20b0bcb8a3f5: receive RaftClientReply:client-7D6108789623->f80c66c4-8a3d-47db-b3f8-20b0bcb8a3f5@group-7D2873B646E2, cid=1617, SUCCESS, logIndex=2302, commits[f80c66c4-8a3d-47db-b3f8-20b0bcb8a3f5:c2303, 6e9bc0f4-a324-4be3-b201-2d39df7dad8a:c2301, cffe1303-2f93-4087-8a62-a40745db49f2:c2301]
2019-07-10 09:50:47,982 INFO  client.GrpcClientProtocolClient (GrpcClientProtocolClient.java:onNext(255)) - client-7D6108789623->f80c66c4-8a3d-47db-b3f8-20b0bcb8a3f5: receive RaftClientReply:client-7D6108789623->f80c66c4-8a3d-47db-b3f8-20b0bcb8a3f5@group-7D2873B646E2, cid=1618, SUCCESS, logIndex=2303, commits[f80c66c4-8a3d-47db-b3f8-20b0bcb8a3f5:c2303, 6e9bc0f4-a324-4be3-b201-2d39df7dad8a:c2301, cffe1303-2f93-4087-8a62-a40745db49f2:c2301]
2019-07-10 09:50:48,004 INFO  client.GrpcClientProtocolClient (GrpcClientProtocolClient.java:onNext(255)) - client-7D6108789623->f80c66c4-8a3d-47db-b3f8-20b0bcb8a3f5: receive RaftClientReply:client-7D6108789623->f80c66c4-8a3d-47db-b3f8-20b0bcb8a3f5@group-7D2873B646E2, cid=1619, SUCCESS, logIndex=2306, commits[f80c66c4-8a3d-47db-b3f8-20b0bcb8a3f5:c2307, 6e9bc0f4-a324-4be3-b201-2d39df7dad8a:c2303, cffe1303-2f93-4087-8a62-a40745db49f2:c2303]
2019-07-10 09:50:48,005 INFO  client.GrpcClientProtocolClient (GrpcClientProtocolClient.java:onNext(255)) - client-7D6108789623->f80c66c4-8a3d-47db-b3f8-20b0bcb8a3f5: receive RaftClientReply:client-7D6108789623->f80c66c4-8a3d-47db-b3f8-20b0bcb8a3f5@group-7D2873B646E2, cid=1620, SUCCESS, logIndex=2307, commits[f80c66c4-8a3d-47db-b3f8-20b0bcb8a3f5:c2307, 6e9bc0f4-a324-4be3-b201-2d39df7dad8a:c2303, cffe1303-2f93-4087-8a62-a40745db49f2:c2303]
2019-07-10 09:50:48,019 INFO  client.GrpcClientProtocolClient (GrpcClientProtocolClient.java:onNext(255)) - client-7D6108789623->f80c66c4-8a3d-47db-b3f8-20b0bcb8a3f5: receive RaftClientReply:client-7D6108789623->f80c66c4-8a3d-47db-b3f8-20b0bcb8a3f5@group-7D2873B646E2, cid=1621, SUCCESS, logIndex=0, commits[f80c66c4-8a3d-47db-b3f8-20b0bcb8a3f5:c2309, 6e9bc0f4-a324-4be3-b201-2d39df7dad8a:c2307, cffe1303-2f93-4087-8a62-a40745db49f2:c2307]
 0.00% |█                                                                                                    |  0/1 Time: 0:00:122019-07-10 09:50:48,155 INFO  client.GrpcClientProtocolClient (GrpcClientProtocolClient.java:onNext(255)) - client-7D6108789623->f80c66c4-8a3d-47db-b3f8-20b0bcb8a3f5: receive RaftClientReply:client-7D6108789623->f80c66c4-8a3d-47db-b3f8-20b0bcb8a3f5@group-7D2873B646E2, cid=1622, SUCCESS, logIndex=2310, commits[f80c66c4-8a3d-47db-b3f8-20b0bcb8a3f5:c2311, 6e9bc0f4-a324-4be3-b201-2d39df7dad8a:c2309, cffe1303-2f93-4087-8a62-a40745db49f2:c2309]
2019-07-10 09:50:48,156 INFO  client.GrpcClientProtocolClient (GrpcClientProtocolClient.java:onNext(255)) - client-7D6108789623->f80c66c4-8a3d-47db-b3f8-20b0bcb8a3f5: receive RaftClientReply:client-7D6108789623->f80c66c4-8a3d-47db-b3f8-20b0bcb8a3f5@group-7D2873B646E2, cid=1623, SUCCESS, logIndex=2311, commits[f80c66c4-8a3d-47db-b3f8-20b0bcb8a3f5:c2313, 6e9bc0f4-a324-4be3-b201-2d39df7dad8a:c2309, cffe1303-2f93-4087-8a62-a40745db49f2:c2309]
2019-07-10 09:50:48,156 INFO  client.GrpcClientProtocolClient (GrpcClientProtocolClient.java:onNext(255)) - client-7D6108789623->f80c66c4-8a3d-47db-b3f8-20b0bcb8a3f5: receive RaftClientReply:client-7D6108789623->f80c66c4-8a3d-47db-b3f8-20b0bcb8a3f5@group-7D2873B646E2, cid=1624, SUCCESS, logIndex=2312, commits[f80c66c4-8a3d-47db-b3f8-20b0bcb8a3f5:c2313, 6e9bc0f4-a324-4be3-b201-2d39df7dad8a:c2309, cffe1303-2f93-4087-8a62-a40745db49f2:c2309]
2019-07-10 09:50:48,156 INFO  client.GrpcClientProtocolClient (GrpcClientProtocolClient.java:onNext(255)) - client-7D6108789623->f80c66c4-8a3d-47db-b3f8-20b0bcb8a3f5: receive RaftClientReply:client-7D6108789623->f80c66c4-8a3d-47db-b3f8-20b0bcb8a3f5@group-7D2873B646E2, cid=1625, SUCCESS, logIndex=2313, commits[f80c66c4-8a3d-47db-b3f8-20b0bcb8a3f5:c2313, 6e9bc0f4-a324-4be3-b201-2d39df7dad8a:c2309, cffe1303-2f93-4087-8a62-a40745db49f2:c2309]
2019-07-10 09:50:48,165 INFO  client.GrpcClientProtocolClient (GrpcClientProtocolClient.java:onNext(255)) - client-7D6108789623->f80c66c4-8a3d-47db-b3f8-20b0bcb8a3f5: receive RaftClientReply:client-7D6108789623->f80c66c4-8a3d-47db-b3f8-20b0bcb8a3f5@group-7D2873B646E2, cid=1626, SUCCESS, logIndex=0, commits[f80c66c4-8a3d-47db-b3f8-20b0bcb8a3f5:c2314, 6e9bc0f4-a324-4be3-b201-2d39df7dad8a:c2311, cffe1303-2f93-4087-8a62-a40745db49f2:c2311]
2019-07-10 09:50:48,185 INFO  client.GrpcClientProtocolClient (GrpcClientProtocolClient.java:onNext(255)) - client-7D6108789623->f80c66c4-8a3d-47db-b3f8-20b0bcb8a3f5: receive RaftClientReply:client-7D6108789623->f80c66c4-8a3d-47db-b3f8-20b0bcb8a3f5@group-7D2873B646E2, cid=1627, SUCCESS, logIndex=2318, commits[f80c66c4-8a3d-47db-b3f8-20b0bcb8a3f5:c2319, 6e9bc0f4-a324-4be3-b201-2d39df7dad8a:c2317, cffe1303-2f93-4087-8a62-a40745db49f2:c2317]
2019-07-10 09:50:48,186 INFO  client.GrpcClientProtocolClient (GrpcClientProtocolClient.java:onNext(255)) - client-7D6108789623->f80c66c4-8a3d-47db-b3f8-20b0bcb8a3f5: receive RaftClientReply:client-7D6108789623->f80c66c4-8a3d-47db-b3f8-20b0bcb8a3f5@group-7D2873B646E2, cid=1628, SUCCESS, logIndex=2319, commits[f80c66c4-8a3d-47db-b3f8-20b0bcb8a3f5:c2319, 6e9bc0f4-a324-4be3-b201-2d39df7dad8a:c2317, cffe1303-2f93-4087-8a62-a40745db49f2:c2317]
2019-07-10 09:50:48,198 INFO  client.GrpcClientProtocolClient (GrpcClientProtocolClient.java:onNext(255)) - client-7D6108789623->f80c66c4-8a3d-47db-b3f8-20b0bcb8a3f5: receive RaftClientReply:client-7D6108789623->f80c66c4-8a3d-47db-b3f8-20b0bcb8a3f5@group-7D2873B646E2, cid=1629, SUCCESS, logIndex=2322, commits[f80c66c4-8a3d-47db-b3f8-20b0bcb8a3f5:c2323, 6e9bc0f4-a324-4be3-b201-2d39df7dad8a:c2319, cffe1303-2f93-4087-8a62-a40745db49f2:c2319]
2019-07-10 09:50:48,198 INFO  client.GrpcClientProtocolClient (GrpcClientProtocolClient.java:onNext(255)) - client-7D6108789623->f80c66c4-8a3d-47db-b3f8-20b0bcb8a3f5: receive RaftClientReply:client-7D6108789623->f80c66c4-8a3d-47db-b3f8-20b0bcb8a3f5@group-7D2873B646E2, cid=1630, SUCCESS, logIndex=2323, commits[f80c66c4-8a3d-47db-b3f8-20b0bcb8a3f5:c2323, 6e9bc0f4-a324-4be3-b201-2d39df7dad8a:c2319, cffe1303-2f93-4087-8a62-a40745db49f2:c2319]
2019-07-10 09:50:48,202 INFO  client.GrpcClientProtocolClient (GrpcClientProtocolClient.java:onNext(255)) - client-7D6108789623->f80c66c4-8a3d-47db-b3f8-20b0bcb8a3f5: receive RaftClientReply:client-7D6108789623->f80c66c4-8a3d-47db-b3f8-20b0bcb8a3f5@group-7D2873B646E2, cid=1631, SUCCESS, logIndex=0, commits[f80c66c4-8a3d-47db-b3f8-20b0bcb8a3f5:c2325, 6e9bc0f4-a324-4be3-b201-2d39df7dad8a:c2323, cffe1303-2f93-4087-8a62-a40745db49f2:c2323]
2019-07-10 09:50:48,223 INFO  client.GrpcClientProtocolClient (GrpcClientProtocolClient.java:onNext(255)) - client-7D6108789623->f80c66c4-8a3d-47db-b3f8-20b0bcb8a3f5: receive RaftClientReply:client-7D6108789623->f80c66c4-8a3d-47db-b3f8-20b0bcb8a3f5@group-7D2873B646E2, cid=1632, SUCCESS, logIndex=2326, commits[f80c66c4-8a3d-47db-b3f8-20b0bcb8a3f5:c2329, 6e9bc0f4-a324-4be3-b201-2d39df7dad8a:c2323, cffe1303-2f93-4087-8a62-a40745db49f2:c2325]
2019-07-10 09:50:48,224 INFO  client.GrpcClientProtocolClient (GrpcClientProtocolClient.java:onNext(255)) - client-7D6108789623->f80c66c4-8a3d-47db-b3f8-20b0bcb8a3f5: receive RaftClientReply:client-7D6108789623->f80c66c4-8a3d-47db-b3f8-20b0bcb8a3f5@group-7D2873B646E2, cid=1633, SUCCESS, logIndex=2327, commits[f80c66c4-8a3d-47db-b3f8-20b0bcb8a3f5:c2329, 6e9bc0f4-a324-4be3-b201-2d39df7dad8a:c2325, cffe1303-2f93-4087-8a62-a40745db49f2:c2325]
2019-07-10 09:50:48,224 INFO  client.GrpcClientProtocolClient (GrpcClientProtocolClient.java:onNext(255)) - client-7D6108789623->f80c66c4-8a3d-47db-b3f8-20b0bcb8a3f5: receive RaftClientReply:client-7D6108789623->f80c66c4-8a3d-47db-b3f8-20b0bcb8a3f5@group-7D2873B646E2, cid=1634, SUCCESS, logIndex=2328, commits[f80c66c4-8a3d-47db-b3f8-20b0bcb8a3f5:c2329, 6e9bc0f4-a324-4be3-b201-2d39df7dad8a:c2325, cffe1303-2f93-4087-8a62-a40745db49f2:c2325]
2019-07-10 09:50:48,224 INFO  client.GrpcClientProtocolClient (GrpcClientProtocolClient.java:onNext(255)) - client-7D6108789623->f80c66c4-8a3d-47db-b3f8-20b0bcb8a3f5: receive RaftClientReply:client-7D6108789623->f80c66c4-8a3d-47db-b3f8-20b0bcb8a3f5@group-7D2873B646E2, cid=1635, SUCCESS, logIndex=2329, commits[f80c66c4-8a3d-47db-b3f8-20b0bcb8a3f5:c2329, 6e9bc0f4-a324-4be3-b201-2d39df7dad8a:c2325, cffe1303-2f93-4087-8a62-a40745db49f2:c2325]
2019-07-10 09:50:48,233 INFO  client.GrpcClientProtocolClient (GrpcClientProtocolClient.java:onNext(255)) - client-7D6108789623->f80c66c4-8a3d-47db-b3f8-20b0bcb8a3f5: receive RaftClientReply:client-7D6108789623->f80c66c4-8a3d-47db-b3f8-20b0bcb8a3f5@group-7D2873B646E2, cid=1636, SUCCESS, logIndex=0, commits[f80c66c4-8a3d-47db-b3f8-20b0bcb8a3f5:c2330, 6e9bc0f4-a324-4be3-b201-2d39df7dad8a:c2327, cffe1303-2f93-4087-8a62-a40745db49f2:c2327]
2019-07-10 09:50:48,264 INFO  client.GrpcClientProtocolClient (GrpcClientProtocolClient.java:onNext(255)) - client-7D6108789623->f80c66c4-8a3d-47db-b3f8-20b0bcb8a3f5: receive RaftClientReply:client-7D6108789623->f80c66c4-8a3d-47db-b3f8-20b0bcb8a3f5@group-7D2873B646E2, cid=1637, SUCCESS, logIndex=2333, commits[f80c66c4-8a3d-47db-b3f8-20b0bcb8a3f5:c2334, 6e9bc0f4-a324-4be3-b201-2d39df7dad8a:c2330, cffe1303-2f93-4087-8a62-a40745db49f2:c2330]
2019-07-10 09:50:48,265 INFO  client.GrpcClientProtocolClient (GrpcClientProtocolClient.java:onNext(255)) - client-7D6108789623->f80c66c4-8a3d-47db-b3f8-20b0bcb8a3f5: receive RaftClientReply:client-7D6108789623->f80c66c4-8a3d-47db-b3f8-20b0bcb8a3f5@group-7D2873B646E2, cid=1638, SUCCESS, logIndex=2334, commits[f80c66c4-8a3d-47db-b3f8-20b0bcb8a3f5:c2334, 6e9bc0f4-a324-4be3-b201-2d39df7dad8a:c2330, cffe1303-2f93-4087-8a62-a40745db49f2:c2330]
2019-07-10 09:50:48,287 INFO  client.GrpcClientProtocolClient (GrpcClientProtocolClient.java:onNext(255)) - client-7D6108789623->f80c66c4-8a3d-47db-b3f8-20b0bcb8a3f5: receive RaftClientReply:client-7D6108789623->f80c66c4-8a3d-47db-b3f8-20b0bcb8a3f5@group-7D2873B646E2, cid=1639, SUCCESS, logIndex=2337, commits[f80c66c4-8a3d-47db-b3f8-20b0bcb8a3f5:c2337, 6e9bc0f4-a324-4be3-b201-2d39df7dad8a:c2334, cffe1303-2f93-4087-8a62-a40745db49f2:c2334]
2019-07-10 09:50:48,288 INFO  client.GrpcClientProtocolClient (GrpcClientProtocolClient.java:onNext(255)) - client-7D6108789623->f80c66c4-8a3d-47db-b3f8-20b0bcb8a3f5: receive RaftClientReply:client-7D6108789623->f80c66c4-8a3d-47db-b3f8-20b0bcb8a3f5@group-7D2873B646E2, cid=1640, SUCCESS, logIndex=2338, commits[f80c66c4-8a3d-47db-b3f8-20b0bcb8a3f5:c2338, 6e9bc0f4-a324-4be3-b201-2d39df7dad8a:c2334, cffe1303-2f93-4087-8a62-a40745db49f2:c2334]
2019-07-10 09:50:48,299 INFO  client.GrpcClientProtocolClient (GrpcClientProtocolClient.java:onNext(255)) - client-7D6108789623->f80c66c4-8a3d-47db-b3f8-20b0bcb8a3f5: receive RaftClientReply:client-7D6108789623->f80c66c4-8a3d-47db-b3f8-20b0bcb8a3f5@group-7D2873B646E2, cid=1641, SUCCESS, logIndex=0, commits[f80c66c4-8a3d-47db-b3f8-20b0bcb8a3f5:c2340, 6e9bc0f4-a324-4be3-b201-2d39df7dad8a:c2338, cffe1303-2f93-4087-8a62-a40745db49f2:c2338]
2019-07-10 09:50:48,355 INFO  client.GrpcClientProtocolClient (GrpcClientProtocolClient.java:onNext(255)) - client-7D6108789623->f80c66c4-8a3d-47db-b3f8-20b0bcb8a3f5: receive RaftClientReply:client-7D6108789623->f80c66c4-8a3d-47db-b3f8-20b0bcb8a3f5@group-7D2873B646E2, cid=1642, SUCCESS, logIndex=2341, commits[f80c66c4-8a3d-47db-b3f8-20b0bcb8a3f5:c2344, 6e9bc0f4-a324-4be3-b201-2d39df7dad8a:c2340, cffe1303-2f93-4087-8a62-a40745db49f2:c2340]
2019-07-10 09:50:48,356 INFO  client.GrpcClientProtocolClient (GrpcClientProtocolClient.java:onNext(255)) - client-7D6108789623->f80c66c4-8a3d-47db-b3f8-20b0bcb8a3f5: receive RaftClientReply:client-7D6108789623->f80c66c4-8a3d-47db-b3f8-20b0bcb8a3f5@group-7D2873B646E2, cid=1643, SUCCESS, logIndex=2342, commits[f80c66c4-8a3d-47db-b3f8-20b0bcb8a3f5:c2344, 6e9bc0f4-a324-4be3-b201-2d39df7dad8a:c2340, cffe1303-2f93-4087-8a62-a40745db49f2:c2340]
2019-07-10 09:50:48,357 INFO  client.GrpcClientProtocolClient (GrpcClientProtocolClient.java:onNext(255)) - client-7D6108789623->f80c66c4-8a3d-47db-b3f8-20b0bcb8a3f5: receive RaftClientReply:client-7D6108789623->f80c66c4-8a3d-47db-b3f8-20b0bcb8a3f5@group-7D2873B646E2, cid=1644, SUCCESS, logIndex=2343, commits[f80c66c4-8a3d-47db-b3f8-20b0bcb8a3f5:c2344, 6e9bc0f4-a324-4be3-b201-2d39df7dad8a:c2340, cffe1303-2f93-4087-8a62-a40745db49f2:c2340]
2019-07-10 09:50:48,357 INFO  client.GrpcClientProtocolClient (GrpcClientProtocolClient.java:onNext(255)) - client-7D6108789623->f80c66c4-8a3d-47db-b3f8-20b0bcb8a3f5: receive RaftClientReply:client-7D6108789623->f80c66c4-8a3d-47db-b3f8-20b0bcb8a3f5@group-7D2873B646E2, cid=1645, SUCCESS, logIndex=2344, commits[f80c66c4-8a3d-47db-b3f8-20b0bcb8a3f5:c2345, 6e9bc0f4-a324-4be3-b201-2d39df7dad8a:c2340, cffe1303-2f93-4087-8a62-a40745db49f2:c2342]
2019-07-10 09:50:48,359 INFO  client.GrpcClientProtocolClient (GrpcClientProtocolClient.java:onNext(255)) - client-7D6108789623->f80c66c4-8a3d-47db-b3f8-20b0bcb8a3f5: receive RaftClientReply:client-7D6108789623->f80c66c4-8a3d-47db-b3f8-20b0bcb8a3f5@group-7D2873B646E2, cid=1646, SUCCESS, logIndex=0, commits[f80c66c4-8a3d-47db-b3f8-20b0bcb8a3f5:c2345, 6e9bc0f4-a324-4be3-b201-2d39df7dad8a:c2342, cffe1303-2f93-4087-8a62-a40745db49f2:c2342]
2019-07-10 09:50:48,379 INFO  client.GrpcClientProtocolClient (GrpcClientProtocolClient.java:onNext(255)) - client-7D6108789623->f80c66c4-8a3d-47db-b3f8-20b0bcb8a3f5: receive RaftClientReply:client-7D6108789623->f80c66c4-8a3d-47db-b3f8-20b0bcb8a3f5@group-7D2873B646E2, cid=1647, SUCCESS, logIndex=2349, commits[f80c66c4-8a3d-47db-b3f8-20b0bcb8a3f5:c2350, 6e9bc0f4-a324-4be3-b201-2d39df7dad8a:c2348, cffe1303-2f93-4087-8a62-a40745db49f2:c2348]
2019-07-10 09:50:48,380 INFO  client.GrpcClientProtocolClient (GrpcClientProtocolClient.java:onNext(255)) - client-7D6108789623->f80c66c4-8a3d-47db-b3f8-20b0bcb8a3f5: receive RaftClientReply:client-7D6108789623->f80c66c4-8a3d-47db-b3f8-20b0bcb8a3f5@group-7D2873B646E2, cid=1648, SUCCESS, logIndex=2350, commits[f80c66c4-8a3d-47db-b3f8-20b0bcb8a3f5:c2350, 6e9bc0f4-a324-4be3-b201-2d39df7dad8a:c2348, cffe1303-2f93-4087-8a62-a40745db49f2:c2348]
2019-07-10 09:50:48,409 INFO  client.GrpcClientProtocolClient (GrpcClientProtocolClient.java:onNext(255)) - client-7D6108789623->f80c66c4-8a3d-47db-b3f8-20b0bcb8a3f5: receive RaftClientReply:client-7D6108789623->f80c66c4-8a3d-47db-b3f8-20b0bcb8a3f5@group-7D2873B646E2, cid=1649, SUCCESS, logIndex=2353, commits[f80c66c4-8a3d-47db-b3f8-20b0bcb8a3f5:c2354, 6e9bc0f4-a324-4be3-b201-2d39df7dad8a:c2350, cffe1303-2f93-4087-8a62-a40745db49f2:c2350]
2019-07-10 09:50:48,410 INFO  client.GrpcClientProtocolClient (GrpcClientProtocolClient.java:onNext(255)) - client-7D6108789623->f80c66c4-8a3d-47db-b3f8-20b0bcb8a3f5: receive RaftClientReply:client-7D6108789623->f80c66c4-8a3d-47db-b3f8-20b0bcb8a3f5@group-7D2873B646E2, cid=1650, SUCCESS, logIndex=2354, commits[f80c66c4-8a3d-47db-b3f8-20b0bcb8a3f5:c2354, 6e9bc0f4-a324-4be3-b201-2d39df7dad8a:c2350, cffe1303-2f93-4087-8a62-a40745db49f2:c2350]
2019-07-10 09:50:48,419 INFO  client.GrpcClientProtocolClient (GrpcClientProtocolClient.java:onNext(255)) - client-7D6108789623->f80c66c4-8a3d-47db-b3f8-20b0bcb8a3f5: receive RaftClientReply:client-7D6108789623->f80c66c4-8a3d-47db-b3f8-20b0bcb8a3f5@group-7D2873B646E2, cid=1651, SUCCESS, logIndex=0, commits[f80c66c4-8a3d-47db-b3f8-20b0bcb8a3f5:c2355, 6e9bc0f4-a324-4be3-b201-2d39df7dad8a:c2354, cffe1303-2f93-4087-8a62-a40745db49f2:c2354]
2019-07-10 09:50:48,445 INFO  client.GrpcClientProtocolClient (GrpcClientProtocolClient.java:onNext(255)) - client-7D6108789623->f80c66c4-8a3d-47db-b3f8-20b0bcb8a3f5: receive RaftClientReply:client-7D6108789623->f80c66c4-8a3d-47db-b3f8-20b0bcb8a3f5@group-7D2873B646E2, cid=1652, SUCCESS, logIndex=2357, commits[f80c66c4-8a3d-47db-b3f8-20b0bcb8a3f5:c2358, 6e9bc0f4-a324-4be3-b201-2d39df7dad8a:c2356, cffe1303-2f93-4087-8a62-a40745db49f2:c2356]
2019-07-10 09:50:48,445 INFO  client.GrpcClientProtocolClient (GrpcClientProtocolClient.java:onNext(255)) - client-7D6108789623->f80c66c4-8a3d-47db-b3f8-20b0bcb8a3f5: receive RaftClientReply:client-7D6108789623->f80c66c4-8a3d-47db-b3f8-20b0bcb8a3f5@group-7D2873B646E2, cid=1653, SUCCESS, logIndex=2358, commits[f80c66c4-8a3d-47db-b3f8-20b0bcb8a3f5:c2358, 6e9bc0f4-a324-4be3-b201-2d39df7dad8a:c2356, cffe1303-2f93-4087-8a62-a40745db49f2:c2356]
2019-07-10 09:50:48,453 INFO  client.GrpcClientProtocolClient (GrpcClientProtocolClient.java:onNext(255)) - client-7D6108789623->f80c66c4-8a3d-47db-b3f8-20b0bcb8a3f5: receive RaftClientReply:client-7D6108789623->f80c66c4-8a3d-47db-b3f8-20b0bcb8a3f5@group-7D2873B646E2, cid=1654, SUCCESS, logIndex=2359, commits[f80c66c4-8a3d-47db-b3f8-20b0bcb8a3f5:c2360, 6e9bc0f4-a324-4be3-b201-2d39df7dad8a:c2356, cffe1303-2f93-4087-8a62-a40745db49f2:c2356]
2019-07-10 09:50:48,454 INFO  client.GrpcClientProtocolClient (GrpcClientProtocolClient.java:onNext(255)) - client-7D6108789623->f80c66c4-8a3d-47db-b3f8-20b0bcb8a3f5: receive RaftClientReply:client-7D6108789623->f80c66c4-8a3d-47db-b3f8-20b0bcb8a3f5@group-7D2873B646E2, cid=1655, SUCCESS, logIndex=2360, commits[f80c66c4-8a3d-47db-b3f8-20b0bcb8a3f5:c2360, 6e9bc0f4-a324-4be3-b201-2d39df7dad8a:c2356, cffe1303-2f93-4087-8a62-a40745db49f2:c2356]
2019-07-10 09:50:48,456 INFO  client.GrpcClientProtocolClient (GrpcClientProtocolClient.java:onNext(255)) - client-7D6108789623->f80c66c4-8a3d-47db-b3f8-20b0bcb8a3f5: receive RaftClientReply:client-7D6108789623->f80c66c4-8a3d-47db-b3f8-20b0bcb8a3f5@group-7D2873B646E2, cid=1656, SUCCESS, logIndex=0, commits[f80c66c4-8a3d-47db-b3f8-20b0bcb8a3f5:c2362, 6e9bc0f4-a324-4be3-b201-2d39df7dad8a:c2358, cffe1303-2f93-4087-8a62-a40745db49f2:c2358]
2019-07-10 09:50:48,467 INFO  client.GrpcClientProtocolClient (GrpcClientProtocolClient.java:onNext(255)) - client-7D6108789623->f80c66c4-8a3d-47db-b3f8-20b0bcb8a3f5: receive RaftClientReply:client-7D6108789623->f80c66c4-8a3d-47db-b3f8-20b0bcb8a3f5@group-7D2873B646E2, cid=1657, SUCCESS, logIndex=2365, commits[f80c66c4-8a3d-47db-b3f8-20b0bcb8a3f5:c2366, 6e9bc0f4-a324-4be3-b201-2d39df7dad8a:c2358, cffe1303-2f93-4087-8a62-a40745db49f2:c2364]
2019-07-10 09:50:48,467 INFO  client.GrpcClientProtocolClient (GrpcClientProtocolClient.java:onNext(255)) - client-7D6108789623->f80c66c4-8a3d-47db-b3f8-20b0bcb8a3f5: receive RaftClientReply:client-7D6108789623->f80c66c4-8a3d-47db-b3f8-20b0bcb8a3f5@group-7D2873B646E2, cid=1658, SUCCESS, logIndex=2366, commits[f80c66c4-8a3d-47db-b3f8-20b0bcb8a3f5:c2366, 6e9bc0f4-a324-4be3-b201-2d39df7dad8a:c2358, cffe1303-2f93-4087-8a62-a40745db49f2:c2364]
2019-07-10 09:50:48,468 INFO  client.GrpcClientProtocolClient (GrpcClientProtocolClient.java:onNext(255)) - client-7D6108789623->f80c66c4-8a3d-47db-b3f8-20b0bcb8a3f5: receive RaftClientReply:client-7D6108789623->f80c66c4-8a3d-47db-b3f8-20b0bcb8a3f5@group-7D2873B646E2, cid=1659, SUCCESS, logIndex=0, commits[f80c66c4-8a3d-47db-b3f8-20b0bcb8a3f5:c2366, 6e9bc0f4-a324-4be3-b201-2d39df7dad8a:c2364, cffe1303-2f93-4087-8a62-a40745db49f2:c2364]
2019-07-10 09:50:48,485 INFO  client.GrpcClientProtocolClient (GrpcClientProtocolClient.java:onNext(255)) - client-7D6108789623->f80c66c4-8a3d-47db-b3f8-20b0bcb8a3f5: receive RaftClientReply:client-7D6108789623->f80c66c4-8a3d-47db-b3f8-20b0bcb8a3f5@group-7D2873B646E2, cid=1660, SUCCESS, logIndex=2369, commits[f80c66c4-8a3d-47db-b3f8-20b0bcb8a3f5:c2370, 6e9bc0f4-a324-4be3-b201-2d39df7dad8a:c2368, cffe1303-2f93-4087-8a62-a40745db49f2:c2368]
2019-07-10 09:50:48,486 INFO  client.GrpcClientProtocolClient (GrpcClientProtocolClient.java:onNext(255)) - client-7D6108789623->f80c66c4-8a3d-47db-b3f8-20b0bcb8a3f5: receive RaftClientReply:client-7D6108789623->f80c66c4-8a3d-47db-b3f8-20b0bcb8a3f5@group-7D2873B646E2, cid=1661, SUCCESS, logIndex=2370, commits[f80c66c4-8a3d-47db-b3f8-20b0bcb8a3f5:c2370, 6e9bc0f4-a324-4be3-b201-2d39df7dad8a:c2368, cffe1303-2f93-4087-8a62-a40745db49f2:c2368]
2019-07-10 09:50:48,498 INFO  client.GrpcClientProtocolClient (GrpcClientProtocolClient.java:onNext(255)) - client-7D6108789623->f80c66c4-8a3d-47db-b3f8-20b0bcb8a3f5: receive RaftClientReply:client-7D6108789623->f80c66c4-8a3d-47db-b3f8-20b0bcb8a3f5@group-7D2873B646E2, cid=1662, SUCCESS, logIndex=0, commits[f80c66c4-8a3d-47db-b3f8-20b0bcb8a3f5:c2371, 6e9bc0f4-a324-4be3-b201-2d39df7dad8a:c2370, cffe1303-2f93-4087-8a62-a40745db49f2:c2370]
2019-07-10 09:50:48,523 INFO  client.GrpcClientProtocolClient (GrpcClientProtocolClient.java:onNext(255)) - client-7D6108789623->f80c66c4-8a3d-47db-b3f8-20b0bcb8a3f5: receive RaftClientReply:client-7D6108789623->f80c66c4-8a3d-47db-b3f8-20b0bcb8a3f5@group-7D2873B646E2, cid=1663, SUCCESS, logIndex=2373, commits[f80c66c4-8a3d-47db-b3f8-20b0bcb8a3f5:c2374, 6e9bc0f4-a324-4be3-b201-2d39df7dad8a:c2372, cffe1303-2f93-4087-8a62-a40745db49f2:c2372]
2019-07-10 09:50:48,523 INFO  client.GrpcClientProtocolClient (GrpcClientProtocolClient.java:onNext(255)) - client-7D6108789623->f80c66c4-8a3d-47db-b3f8-20b0bcb8a3f5: receive RaftClientReply:client-7D6108789623->f80c66c4-8a3d-47db-b3f8-20b0bcb8a3f5@group-7D2873B646E2, cid=1664, SUCCESS, logIndex=2374, commits[f80c66c4-8a3d-47db-b3f8-20b0bcb8a3f5:c2374, 6e9bc0f4-a324-4be3-b201-2d39df7dad8a:c2372, cffe1303-2f93-4087-8a62-a40745db49f2:c2372]
2019-07-10 09:50:48,531 INFO  client.GrpcClientProtocolClient (GrpcClientProtocolClient.java:onNext(255)) - client-7D6108789623->f80c66c4-8a3d-47db-b3f8-20b0bcb8a3f5: receive RaftClientReply:client-7D6108789623->f80c66c4-8a3d-47db-b3f8-20b0bcb8a3f5@group-7D2873B646E2, cid=1665, SUCCESS, logIndex=2375, commits[f80c66c4-8a3d-47db-b3f8-20b0bcb8a3f5:c2376, 6e9bc0f4-a324-4be3-b201-2d39df7dad8a:c2372, cffe1303-2f93-4087-8a62-a40745db49f2:c2372]
2019-07-10 09:50:48,531 INFO  client.GrpcClientProtocolClient (GrpcClientProtocolClient.java:onNext(255)) - client-7D6108789623->f80c66c4-8a3d-47db-b3f8-20b0bcb8a3f5: receive RaftClientReply:client-7D6108789623->f80c66c4-8a3d-47db-b3f8-20b0bcb8a3f5@group-7D2873B646E2, cid=1666, SUCCESS, logIndex=2376, commits[f80c66c4-8a3d-47db-b3f8-20b0bcb8a3f5:c2376, 6e9bc0f4-a324-4be3-b201-2d39df7dad8a:c2372, cffe1303-2f93-4087-8a62-a40745db49f2:c2372]
2019-07-10 09:50:48,535 INFO  client.GrpcClientProtocolClient (GrpcClientProtocolClient.java:onNext(255)) - client-7D6108789623->f80c66c4-8a3d-47db-b3f8-20b0bcb8a3f5: receive RaftClientReply:client-7D6108789623->f80c66c4-8a3d-47db-b3f8-20b0bcb8a3f5@group-7D2873B646E2, cid=1667, SUCCESS, logIndex=0, commits[f80c66c4-8a3d-47db-b3f8-20b0bcb8a3f5:c2378, 6e9bc0f4-a324-4be3-b201-2d39df7dad8a:c2374, cffe1303-2f93-4087-8a62-a40745db49f2:c2374]
2019-07-10 09:50:48,568 INFO  client.GrpcClientProtocolClient (GrpcClientProtocolClient.java:onNext(255)) - client-7D6108789623->f80c66c4-8a3d-47db-b3f8-20b0bcb8a3f5: receive RaftClientReply:client-7D6108789623->f80c66c4-8a3d-47db-b3f8-20b0bcb8a3f5@group-7D2873B646E2, cid=1668, SUCCESS, logIndex=2381, commits[f80c66c4-8a3d-47db-b3f8-20b0bcb8a3f5:c2382, 6e9bc0f4-a324-4be3-b201-2d39df7dad8a:c2380, cffe1303-2f93-4087-8a62-a40745db49f2:c2380]
2019-07-10 09:50:48,569 INFO  client.GrpcClientProtocolClient (GrpcClientProtocolClient.java:onNext(255)) - client-7D6108789623->f80c66c4-8a3d-47db-b3f8-20b0bcb8a3f5: receive RaftClientReply:client-7D6108789623->f80c66c4-8a3d-47db-b3f8-20b0bcb8a3f5@group-7D2873B646E2, cid=1669, SUCCESS, logIndex=2382, commits[f80c66c4-8a3d-47db-b3f8-20b0bcb8a3f5:c2382, 6e9bc0f4-a324-4be3-b201-2d39df7dad8a:c2380, cffe1303-2f93-4087-8a62-a40745db49f2:c2380]
2019-07-10 09:50:48,592 INFO  client.GrpcClientProtocolClient (GrpcClientProtocolClient.java:onNext(255)) - client-7D6108789623->f80c66c4-8a3d-47db-b3f8-20b0bcb8a3f5: receive RaftClientReply:client-7D6108789623->f80c66c4-8a3d-47db-b3f8-20b0bcb8a3f5@group-7D2873B646E2, cid=1670, SUCCESS, logIndex=2385, commits[f80c66c4-8a3d-47db-b3f8-20b0bcb8a3f5:c2386, 6e9bc0f4-a324-4be3-b201-2d39df7dad8a:c2383, cffe1303-2f93-4087-8a62-a40745db49f2:c2383]
2019-07-10 09:50:48,592 INFO  client.GrpcClientProtocolClient (GrpcClientProtocolClient.java:onNext(255)) - client-7D6108789623->f80c66c4-8a3d-47db-b3f8-20b0bcb8a3f5: receive RaftClientReply:client-7D6108789623->f80c66c4-8a3d-47db-b3f8-20b0bcb8a3f5@group-7D2873B646E2, cid=1671, SUCCESS, logIndex=2386, commits[f80c66c4-8a3d-47db-b3f8-20b0bcb8a3f5:c2386, 6e9bc0f4-a324-4be3-b201-2d39df7dad8a:c2383, cffe1303-2f93-4087-8a62-a40745db49f2:c2383]
2019-07-10 09:50:48,612 INFO  client.GrpcClientProtocolClient (GrpcClientProtocolClient.java:onNext(255)) - client-7D6108789623->f80c66c4-8a3d-47db-b3f8-20b0bcb8a3f5: receive RaftClientReply:client-7D6108789623->f80c66c4-8a3d-47db-b3f8-20b0bcb8a3f5@group-7D2873B646E2, cid=1672, SUCCESS, logIndex=0, commits[f80c66c4-8a3d-47db-b3f8-20b0bcb8a3f5:c2388, 6e9bc0f4-a324-4be3-b201-2d39df7dad8a:c2386, cffe1303-2f93-4087-8a62-a40745db49f2:c2386]
2019-07-10 09:50:48,643 INFO  client.GrpcClientProtocolClient (GrpcClientProtocolClient.java:onNext(255)) - client-7D6108789623->f80c66c4-8a3d-47db-b3f8-20b0bcb8a3f5: receive RaftClientReply:client-7D6108789623->f80c66c4-8a3d-47db-b3f8-20b0bcb8a3f5@group-7D2873B646E2, cid=1673, SUCCESS, logIndex=2389, commits[f80c66c4-8a3d-47db-b3f8-20b0bcb8a3f5:c2390, 6e9bc0f4-a324-4be3-b201-2d39df7dad8a:c2388, cffe1303-2f93-4087-8a62-a40745db49f2:c2388]
2019-07-10 09:50:48,643 INFO  client.GrpcClientProtocolClient (GrpcClientProtocolClient.java:onNext(255)) - client-7D6108789623->f80c66c4-8a3d-47db-b3f8-20b0bcb8a3f5: receive RaftClientReply:client-7D6108789623->f80c66c4-8a3d-47db-b3f8-20b0bcb8a3f5@group-7D2873B646E2, cid=1674, SUCCESS, logIndex=2390, commits[f80c66c4-8a3d-47db-b3f8-20b0bcb8a3f5:c2390, 6e9bc0f4-a324-4be3-b201-2d39df7dad8a:c2388, cffe1303-2f93-4087-8a62-a40745db49f2:c2388]
2019-07-10 09:50:48,652 INFO  client.GrpcClientProtocolClient (GrpcClientProtocolClient.java:onNext(255)) - client-7D6108789623->f80c66c4-8a3d-47db-b3f8-20b0bcb8a3f5: receive RaftClientReply:client-7D6108789623->f80c66c4-8a3d-47db-b3f8-20b0bcb8a3f5@group-7D2873B646E2, cid=1675, SUCCESS, logIndex=2391, commits[f80c66c4-8a3d-47db-b3f8-20b0bcb8a3f5:c2392, 6e9bc0f4-a324-4be3-b201-2d39df7dad8a:c2388, cffe1303-2f93-4087-8a62-a40745db49f2:c2388]
2019-07-10 09:50:48,653 INFO  client.GrpcClientProtocolClient (GrpcClientProtocolClient.java:onNext(255)) - client-7D6108789623->f80c66c4-8a3d-47db-b3f8-20b0bcb8a3f5: receive RaftClientReply:client-7D6108789623->f80c66c4-8a3d-47db-b3f8-20b0bcb8a3f5@group-7D2873B646E2, cid=1676, SUCCESS, logIndex=2392, commits[f80c66c4-8a3d-47db-b3f8-20b0bcb8a3f5:c2393, 6e9bc0f4-a324-4be3-b201-2d39df7dad8a:c2389, cffe1303-2f93-4087-8a62-a40745db49f2:c2388]
2019-07-10 09:50:48,656 INFO  client.GrpcClientProtocolClient (GrpcClientProtocolClient.java:onNext(255)) - client-7D6108789623->f80c66c4-8a3d-47db-b3f8-20b0bcb8a3f5: receive RaftClientReply:client-7D6108789623->f80c66c4-8a3d-47db-b3f8-20b0bcb8a3f5@group-7D2873B646E2, cid=1677, SUCCESS, logIndex=0, commits[f80c66c4-8a3d-47db-b3f8-20b0bcb8a3f5:c2394, 6e9bc0f4-a324-4be3-b201-2d39df7dad8a:c2390, cffe1303-2f93-4087-8a62-a40745db49f2:c2390]
2019-07-10 09:50:48,685 INFO  client.GrpcClientProtocolClient (GrpcClientProtocolClient.java:onNext(255)) - client-7D6108789623->f80c66c4-8a3d-47db-b3f8-20b0bcb8a3f5: receive RaftClientReply:client-7D6108789623->f80c66c4-8a3d-47db-b3f8-20b0bcb8a3f5@group-7D2873B646E2, cid=1678, SUCCESS, logIndex=2397, commits[f80c66c4-8a3d-47db-b3f8-20b0bcb8a3f5:c2398, 6e9bc0f4-a324-4be3-b201-2d39df7dad8a:c2396, cffe1303-2f93-4087-8a62-a40745db49f2:c2396]
2019-07-10 09:50:48,685 INFO  client.GrpcClientProtocolClient (GrpcClientProtocolClient.java:onNext(255)) - client-7D6108789623->f80c66c4-8a3d-47db-b3f8-20b0bcb8a3f5: receive RaftClientReply:client-7D6108789623->f80c66c4-8a3d-47db-b3f8-20b0bcb8a3f5@group-7D2873B646E2, cid=1679, SUCCESS, logIndex=2398, commits[f80c66c4-8a3d-47db-b3f8-20b0bcb8a3f5:c2398, 6e9bc0f4-a324-4be3-b201-2d39df7dad8a:c2396, cffe1303-2f93-4087-8a62-a40745db49f2:c2396]
2019-07-10 09:50:48,707 INFO  client.GrpcClientProtocolClient (GrpcClientProtocolClient.java:onNext(255)) - client-7D6108789623->f80c66c4-8a3d-47db-b3f8-20b0bcb8a3f5: receive RaftClientReply:client-7D6108789623->f80c66c4-8a3d-47db-b3f8-20b0bcb8a3f5@group-7D2873B646E2, cid=1680, SUCCESS, logIndex=2401, commits[f80c66c4-8a3d-47db-b3f8-20b0bcb8a3f5:c2402, 6e9bc0f4-a324-4be3-b201-2d39df7dad8a:c2398, cffe1303-2f93-4087-8a62-a40745db49f2:c2398]
2019-07-10 09:50:48,708 INFO  client.GrpcClientProtocolClient (GrpcClientProtocolClient.java:onNext(255)) - client-7D6108789623->f80c66c4-8a3d-47db-b3f8-20b0bcb8a3f5: receive RaftClientReply:client-7D6108789623->f80c66c4-8a3d-47db-b3f8-20b0bcb8a3f5@group-7D2873B646E2, cid=1681, SUCCESS, logIndex=2402, commits[f80c66c4-8a3d-47db-b3f8-20b0bcb8a3f5:c2402, 6e9bc0f4-a324-4be3-b201-2d39df7dad8a:c2398, cffe1303-2f93-4087-8a62-a40745db49f2:c2398]
2019-07-10 09:50:48,721 INFO  client.GrpcClientProtocolClient (GrpcClientProtocolClient.java:onNext(255)) - client-7D6108789623->f80c66c4-8a3d-47db-b3f8-20b0bcb8a3f5: receive RaftClientReply:client-7D6108789623->f80c66c4-8a3d-47db-b3f8-20b0bcb8a3f5@group-7D2873B646E2, cid=1682, SUCCESS, logIndex=0, commits[f80c66c4-8a3d-47db-b3f8-20b0bcb8a3f5:c2403, 6e9bc0f4-a324-4be3-b201-2d39df7dad8a:c2402, cffe1303-2f93-4087-8a62-a40745db49f2:c2402]
2019-07-10 09:50:48,750 INFO  client.GrpcClientProtocolClient (GrpcClientProtocolClient.java:onNext(255)) - client-7D6108789623->f80c66c4-8a3d-47db-b3f8-20b0bcb8a3f5: receive RaftClientReply:client-7D6108789623->f80c66c4-8a3d-47db-b3f8-20b0bcb8a3f5@group-7D2873B646E2, cid=1683, SUCCESS, logIndex=2405, commits[f80c66c4-8a3d-47db-b3f8-20b0bcb8a3f5:c2407, 6e9bc0f4-a324-4be3-b201-2d39df7dad8a:c2403, cffe1303-2f93-4087-8a62-a40745db49f2:c2403]
2019-07-10 09:50:48,750 INFO  client.GrpcClientProtocolClient (GrpcClientProtocolClient.java:onNext(255)) - client-7D6108789623->f80c66c4-8a3d-47db-b3f8-20b0bcb8a3f5: receive RaftClientReply:client-7D6108789623->f80c66c4-8a3d-47db-b3f8-20b0bcb8a3f5@group-7D2873B646E2, cid=1684, SUCCESS, logIndex=2406, commits[f80c66c4-8a3d-47db-b3f8-20b0bcb8a3f5:c2408, 6e9bc0f4-a324-4be3-b201-2d39df7dad8a:c2403, cffe1303-2f93-4087-8a62-a40745db49f2:c2403]
2019-07-10 09:50:48,751 INFO  client.GrpcClientProtocolClient (GrpcClientProtocolClient.java:onNext(255)) - client-7D6108789623->f80c66c4-8a3d-47db-b3f8-20b0bcb8a3f5: receive RaftClientReply:client-7D6108789623->f80c66c4-8a3d-47db-b3f8-20b0bcb8a3f5@group-7D2873B646E2, cid=1685, SUCCESS, logIndex=2407, commits[f80c66c4-8a3d-47db-b3f8-20b0bcb8a3f5:c2408, 6e9bc0f4-a324-4be3-b201-2d39df7dad8a:c2403, cffe1303-2f93-4087-8a62-a40745db49f2:c2403]
2019-07-10 09:50:48,751 INFO  client.GrpcClientProtocolClient (GrpcClientProtocolClient.java:onNext(255)) - client-7D6108789623->f80c66c4-8a3d-47db-b3f8-20b0bcb8a3f5: receive RaftClientReply:client-7D6108789623->f80c66c4-8a3d-47db-b3f8-20b0bcb8a3f5@group-7D2873B646E2, cid=1686, SUCCESS, logIndex=2408, commits[f80c66c4-8a3d-47db-b3f8-20b0bcb8a3f5:c2408, 6e9bc0f4-a324-4be3-b201-2d39df7dad8a:c2403, cffe1303-2f93-4087-8a62-a40745db49f2:c2403]
2019-07-10 09:50:48,772 INFO  client.GrpcClientProtocolClient (GrpcClientProtocolClient.java:onNext(255)) - client-7D6108789623->f80c66c4-8a3d-47db-b3f8-20b0bcb8a3f5: receive RaftClientReply:client-7D6108789623->f80c66c4-8a3d-47db-b3f8-20b0bcb8a3f5@group-7D2873B646E2, cid=1687, SUCCESS, logIndex=0, commits[f80c66c4-8a3d-47db-b3f8-20b0bcb8a3f5:c2411, 6e9bc0f4-a324-4be3-b201-2d39df7dad8a:c2407, cffe1303-2f93-4087-8a62-a40745db49f2:c2407]
2019-07-10 09:50:48,794 INFO  client.GrpcClientProtocolClient (GrpcClientProtocolClient.java:onNext(255)) - client-7D6108789623->f80c66c4-8a3d-47db-b3f8-20b0bcb8a3f5: receive RaftClientReply:client-7D6108789623->f80c66c4-8a3d-47db-b3f8-20b0bcb8a3f5@group-7D2873B646E2, cid=1688, SUCCESS, logIndex=2413, commits[f80c66c4-8a3d-47db-b3f8-20b0bcb8a3f5:c2414, 6e9bc0f4-a324-4be3-b201-2d39df7dad8a:c2412, cffe1303-2f93-4087-8a62-a40745db49f2:c2412]
2019-07-10 09:50:48,795 INFO  client.GrpcClientProtocolClient (GrpcClientProtocolClient.java:onNext(255)) - client-7D6108789623->f80c66c4-8a3d-47db-b3f8-20b0bcb8a3f5: receive RaftClientReply:client-7D6108789623->f80c66c4-8a3d-47db-b3f8-20b0bcb8a3f5@group-7D2873B646E2, cid=1689, SUCCESS, logIndex=2414, commits[f80c66c4-8a3d-47db-b3f8-20b0bcb8a3f5:c2414, 6e9bc0f4-a324-4be3-b201-2d39df7dad8a:c2412, cffe1303-2f93-4087-8a62-a40745db49f2:c2412]
2019-07-10 09:50:48,817 INFO  client.GrpcClientProtocolClient (GrpcClientProtocolClient.java:onNext(255)) - client-7D6108789623->f80c66c4-8a3d-47db-b3f8-20b0bcb8a3f5: receive RaftClientReply:client-7D6108789623->f80c66c4-8a3d-47db-b3f8-20b0bcb8a3f5@group-7D2873B646E2, cid=1690, SUCCESS, logIndex=2417, commits[f80c66c4-8a3d-47db-b3f8-20b0bcb8a3f5:c2418, 6e9bc0f4-a324-4be3-b201-2d39df7dad8a:c2414, cffe1303-2f93-4087-8a62-a40745db49f2:c2414]
2019-07-10 09:50:48,817 INFO  client.GrpcClientProtocolClient (GrpcClientProtocolClient.java:onNext(255)) - client-7D6108789623->f80c66c4-8a3d-47db-b3f8-20b0bcb8a3f5: receive RaftClientReply:client-7D6108789623->f80c66c4-8a3d-47db-b3f8-20b0bcb8a3f5@group-7D2873B646E2, cid=1691, SUCCESS, logIndex=2418, commits[f80c66c4-8a3d-47db-b3f8-20b0bcb8a3f5:c2418, 6e9bc0f4-a324-4be3-b201-2d39df7dad8a:c2414, cffe1303-2f93-4087-8a62-a40745db49f2:c2414]
2019-07-10 09:50:48,840 INFO  client.GrpcClientProtocolClient (GrpcClientProtocolClient.java:onNext(255)) - client-7D6108789623->f80c66c4-8a3d-47db-b3f8-20b0bcb8a3f5: receive RaftClientReply:client-7D6108789623->f80c66c4-8a3d-47db-b3f8-20b0bcb8a3f5@group-7D2873B646E2, cid=1692, SUCCESS, logIndex=0, commits[f80c66c4-8a3d-47db-b3f8-20b0bcb8a3f5:c2419, 6e9bc0f4-a324-4be3-b201-2d39df7dad8a:c2418, cffe1303-2f93-4087-8a62-a40745db49f2:c2418]
2019-07-10 09:50:48,869 INFO  client.GrpcClientProtocolClient (GrpcClientProtocolClient.java:onNext(255)) - client-7D6108789623->f80c66c4-8a3d-47db-b3f8-20b0bcb8a3f5: receive RaftClientReply:client-7D6108789623->f80c66c4-8a3d-47db-b3f8-20b0bcb8a3f5@group-7D2873B646E2, cid=1693, SUCCESS, logIndex=2421, commits[f80c66c4-8a3d-47db-b3f8-20b0bcb8a3f5:c2422, 6e9bc0f4-a324-4be3-b201-2d39df7dad8a:c2420, cffe1303-2f93-4087-8a62-a40745db49f2:c2420]
2019-07-10 09:50:48,870 INFO  client.GrpcClientProtocolClient (GrpcClientProtocolClient.java:onNext(255)) - client-7D6108789623->f80c66c4-8a3d-47db-b3f8-20b0bcb8a3f5: receive RaftClientReply:client-7D6108789623->f80c66c4-8a3d-47db-b3f8-20b0bcb8a3f5@group-7D2873B646E2, cid=1694, SUCCESS, logIndex=2422, commits[f80c66c4-8a3d-47db-b3f8-20b0bcb8a3f5:c2424, 6e9bc0f4-a324-4be3-b201-2d39df7dad8a:c2420, cffe1303-2f93-4087-8a62-a40745db49f2:c2420]
2019-07-10 09:50:48,871 INFO  client.GrpcClientProtocolClient (GrpcClientProtocolClient.java:onNext(255)) - client-7D6108789623->f80c66c4-8a3d-47db-b3f8-20b0bcb8a3f5: receive RaftClientReply:client-7D6108789623->f80c66c4-8a3d-47db-b3f8-20b0bcb8a3f5@group-7D2873B646E2, cid=1695, SUCCESS, logIndex=2423, commits[f80c66c4-8a3d-47db-b3f8-20b0bcb8a3f5:c2424, 6e9bc0f4-a324-4be3-b201-2d39df7dad8a:c2420, cffe1303-2f93-4087-8a62-a40745db49f2:c2420]
2019-07-10 09:50:48,871 INFO  client.GrpcClientProtocolClient (GrpcClientProtocolClient.java:onNext(255)) - client-7D6108789623->f80c66c4-8a3d-47db-b3f8-20b0bcb8a3f5: receive RaftClientReply:client-7D6108789623->f80c66c4-8a3d-47db-b3f8-20b0bcb8a3f5@group-7D2873B646E2, cid=1696, SUCCESS, logIndex=2424, commits[f80c66c4-8a3d-47db-b3f8-20b0bcb8a3f5:c2424, 6e9bc0f4-a324-4be3-b201-2d39df7dad8a:c2420, cffe1303-2f93-4087-8a62-a40745db49f2:c2420]
2019-07-10 09:50:48,884 INFO  client.GrpcClientProtocolClient (GrpcClientProtocolClient.java:onNext(255)) - client-7D6108789623->f80c66c4-8a3d-47db-b3f8-20b0bcb8a3f5: receive RaftClientReply:client-7D6108789623->f80c66c4-8a3d-47db-b3f8-20b0bcb8a3f5@group-7D2873B646E2, cid=1697, SUCCESS, logIndex=0, commits[f80c66c4-8a3d-47db-b3f8-20b0bcb8a3f5:c2426, 6e9bc0f4-a324-4be3-b201-2d39df7dad8a:c2422, cffe1303-2f93-4087-8a62-a40745db49f2:c2422]
2019-07-10 09:50:48,906 INFO  client.GrpcClientProtocolClient (GrpcClientProtocolClient.java:onNext(255)) - client-7D6108789623->f80c66c4-8a3d-47db-b3f8-20b0bcb8a3f5: receive RaftClientReply:client-7D6108789623->f80c66c4-8a3d-47db-b3f8-20b0bcb8a3f5@group-7D2873B646E2, cid=1698, SUCCESS, logIndex=2428, commits[f80c66c4-8a3d-47db-b3f8-20b0bcb8a3f5:c2429, 6e9bc0f4-a324-4be3-b201-2d39df7dad8a:c2426, cffe1303-2f93-4087-8a62-a40745db49f2:c2426]
2019-07-10 09:50:48,907 INFO  client.GrpcClientProtocolClient (GrpcClientProtocolClient.java:onNext(255)) - client-7D6108789623->f80c66c4-8a3d-47db-b3f8-20b0bcb8a3f5: receive RaftClientReply:client-7D6108789623->f80c66c4-8a3d-47db-b3f8-20b0bcb8a3f5@group-7D2873B646E2, cid=1699, SUCCESS, logIndex=2429, commits[f80c66c4-8a3d-47db-b3f8-20b0bcb8a3f5:c2429, 6e9bc0f4-a324-4be3-b201-2d39df7dad8a:c2426, cffe1303-2f93-4087-8a62-a40745db49f2:c2426]
2019-07-10 09:50:49,056 INFO  client.GrpcClientProtocolClient (GrpcClientProtocolClient.java:onNext(255)) - client-7D6108789623->f80c66c4-8a3d-47db-b3f8-20b0bcb8a3f5: receive RaftClientReply:client-7D6108789623->f80c66c4-8a3d-47db-b3f8-20b0bcb8a3f5@group-7D2873B646E2, cid=1700, SUCCESS, logIndex=2432, commits[f80c66c4-8a3d-47db-b3f8-20b0bcb8a3f5:c2432, 6e9bc0f4-a324-4be3-b201-2d39df7dad8a:c2429, cffe1303-2f93-4087-8a62-a40745db49f2:c2430]
2019-07-10 09:50:49,057 INFO  client.GrpcClientProtocolClient (GrpcClientProtocolClient.java:onNext(255)) - client-7D6108789623->f80c66c4-8a3d-47db-b3f8-20b0bcb8a3f5: receive RaftClientReply:client-7D6108789623->f80c66c4-8a3d-47db-b3f8-20b0bcb8a3f5@group-7D2873B646E2, cid=1701, SUCCESS, logIndex=2433, commits[f80c66c4-8a3d-47db-b3f8-20b0bcb8a3f5:c2433, 6e9bc0f4-a324-4be3-b201-2d39df7dad8a:c2430, cffe1303-2f93-4087-8a62-a40745db49f2:c2430]
2019-07-10 09:50:49,069 INFO  client.GrpcClientProtocolClient (GrpcClientProtocolClient.java:onNext(255)) - client-7D6108789623->f80c66c4-8a3d-47db-b3f8-20b0bcb8a3f5: receive RaftClientReply:client-7D6108789623->f80c66c4-8a3d-47db-b3f8-20b0bcb8a3f5@group-7D2873B646E2, cid=1702, SUCCESS, logIndex=0, commits[f80c66c4-8a3d-47db-b3f8-20b0bcb8a3f5:c2435, 6e9bc0f4-a324-4be3-b201-2d39df7dad8a:c2433, cffe1303-2f93-4087-8a62-a40745db49f2:c2433]
2019-07-10 09:50:49,103 INFO  client.GrpcClientProtocolClient (GrpcClientProtocolClient.java:onNext(255)) - client-7D6108789623->f80c66c4-8a3d-47db-b3f8-20b0bcb8a3f5: receive RaftClientReply:client-7D6108789623->f80c66c4-8a3d-47db-b3f8-20b0bcb8a3f5@group-7D2873B646E2, cid=1703, SUCCESS, logIndex=2436, commits[f80c66c4-8a3d-47db-b3f8-20b0bcb8a3f5:c2437, 6e9bc0f4-a324-4be3-b201-2d39df7dad8a:c2435, cffe1303-2f93-4087-8a62-a40745db49f2:c2435]
2019-07-10 09:50:49,103 INFO  client.GrpcClientProtocolClient (GrpcClientProtocolClient.java:onNext(255)) - client-7D6108789623->f80c66c4-8a3d-47db-b3f8-20b0bcb8a3f5: receive RaftClientReply:client-7D6108789623->f80c66c4-8a3d-47db-b3f8-20b0bcb8a3f5@group-7D2873B646E2, cid=1704, SUCCESS, logIndex=2437, commits[f80c66c4-8a3d-47db-b3f8-20b0bcb8a3f5:c2437, 6e9bc0f4-a324-4be3-b201-2d39df7dad8a:c2435, cffe1303-2f93-4087-8a62-a40745db49f2:c2435]
2019-07-10 09:50:49,114 INFO  client.GrpcClientProtocolClient (GrpcClientProtocolClient.java:onNext(255)) - client-7D6108789623->f80c66c4-8a3d-47db-b3f8-20b0bcb8a3f5: receive RaftClientReply:client-7D6108789623->f80c66c4-8a3d-47db-b3f8-20b0bcb8a3f5@group-7D2873B646E2, cid=1705, SUCCESS, logIndex=2438, commits[f80c66c4-8a3d-47db-b3f8-20b0bcb8a3f5:c2439, 6e9bc0f4-a324-4be3-b201-2d39df7dad8a:c2435, cffe1303-2f93-4087-8a62-a40745db49f2:c2435]
2019-07-10 09:50:49,114 INFO  client.GrpcClientProtocolClient (GrpcClientProtocolClient.java:onNext(255)) - client-7D6108789623->f80c66c4-8a3d-47db-b3f8-20b0bcb8a3f5: receive RaftClientReply:client-7D6108789623->f80c66c4-8a3d-47db-b3f8-20b0bcb8a3f5@group-7D2873B646E2, cid=1706, SUCCESS, logIndex=2439, commits[f80c66c4-8a3d-47db-b3f8-20b0bcb8a3f5:c2439, 6e9bc0f4-a324-4be3-b201-2d39df7dad8a:c2435, cffe1303-2f93-4087-8a62-a40745db49f2:c2435]
2019-07-10 09:50:49,125 INFO  client.GrpcClientProtocolClient (GrpcClientProtocolClient.java:onNext(255)) - client-7D6108789623->f80c66c4-8a3d-47db-b3f8-20b0bcb8a3f5: receive RaftClientReply:client-7D6108789623->f80c66c4-8a3d-47db-b3f8-20b0bcb8a3f5@group-7D2873B646E2, cid=1707, SUCCESS, logIndex=0, commits[f80c66c4-8a3d-47db-b3f8-20b0bcb8a3f5:c2441, 6e9bc0f4-a324-4be3-b201-2d39df7dad8a:c2437, cffe1303-2f93-4087-8a62-a40745db49f2:c2437]
 0.00% |█                                                                                                    |  0/1 Time: 0:00:132019-07-10 09:50:49,146 INFO  client.GrpcClientProtocolClient (GrpcClientProtocolClient.java:onNext(255)) - client-7D6108789623->f80c66c4-8a3d-47db-b3f8-20b0bcb8a3f5: receive RaftClientReply:client-7D6108789623->f80c66c4-8a3d-47db-b3f8-20b0bcb8a3f5@group-7D2873B646E2, cid=1708, SUCCESS, logIndex=2444, commits[f80c66c4-8a3d-47db-b3f8-20b0bcb8a3f5:c2445, 6e9bc0f4-a324-4be3-b201-2d39df7dad8a:c2441, cffe1303-2f93-4087-8a62-a40745db49f2:c2441]
2019-07-10 09:50:49,147 INFO  client.GrpcClientProtocolClient (GrpcClientProtocolClient.java:onNext(255)) - client-7D6108789623->f80c66c4-8a3d-47db-b3f8-20b0bcb8a3f5: receive RaftClientReply:client-7D6108789623->f80c66c4-8a3d-47db-b3f8-20b0bcb8a3f5@group-7D2873B646E2, cid=1709, SUCCESS, logIndex=2445, commits[f80c66c4-8a3d-47db-b3f8-20b0bcb8a3f5:c2445, 6e9bc0f4-a324-4be3-b201-2d39df7dad8a:c2441, cffe1303-2f93-4087-8a62-a40745db49f2:c2441]
2019-07-10 09:50:49,169 INFO  client.GrpcClientProtocolClient (GrpcClientProtocolClient.java:onNext(255)) - client-7D6108789623->f80c66c4-8a3d-47db-b3f8-20b0bcb8a3f5: receive RaftClientReply:client-7D6108789623->f80c66c4-8a3d-47db-b3f8-20b0bcb8a3f5@group-7D2873B646E2, cid=1710, SUCCESS, logIndex=2448, commits[f80c66c4-8a3d-47db-b3f8-20b0bcb8a3f5:c2449, 6e9bc0f4-a324-4be3-b201-2d39df7dad8a:c2445, cffe1303-2f93-4087-8a62-a40745db49f2:c2445]
2019-07-10 09:50:49,170 INFO  client.GrpcClientProtocolClient (GrpcClientProtocolClient.java:onNext(255)) - client-7D6108789623->f80c66c4-8a3d-47db-b3f8-20b0bcb8a3f5: receive RaftClientReply:client-7D6108789623->f80c66c4-8a3d-47db-b3f8-20b0bcb8a3f5@group-7D2873B646E2, cid=1711, SUCCESS, logIndex=2449, commits[f80c66c4-8a3d-47db-b3f8-20b0bcb8a3f5:c2449, 6e9bc0f4-a324-4be3-b201-2d39df7dad8a:c2445, cffe1303-2f93-4087-8a62-a40745db49f2:c2445]
2019-07-10 09:50:49,182 INFO  client.GrpcClientProtocolClient (GrpcClientProtocolClient.java:onNext(255)) - client-7D6108789623->f80c66c4-8a3d-47db-b3f8-20b0bcb8a3f5: receive RaftClientReply:client-7D6108789623->f80c66c4-8a3d-47db-b3f8-20b0bcb8a3f5@group-7D2873B646E2, cid=1712, SUCCESS, logIndex=0, commits[f80c66c4-8a3d-47db-b3f8-20b0bcb8a3f5:c2451, 6e9bc0f4-a324-4be3-b201-2d39df7dad8a:c2449, cffe1303-2f93-4087-8a62-a40745db49f2:c2449]
2019-07-10 09:50:49,211 INFO  client.GrpcClientProtocolClient (GrpcClientProtocolClient.java:onNext(255)) - client-7D6108789623->f80c66c4-8a3d-47db-b3f8-20b0bcb8a3f5: receive RaftClientReply:client-7D6108789623->f80c66c4-8a3d-47db-b3f8-20b0bcb8a3f5@group-7D2873B646E2, cid=1713, SUCCESS, logIndex=2452, commits[f80c66c4-8a3d-47db-b3f8-20b0bcb8a3f5:c2453, 6e9bc0f4-a324-4be3-b201-2d39df7dad8a:c2451, cffe1303-2f93-4087-8a62-a40745db49f2:c2451]
2019-07-10 09:50:49,212 INFO  client.GrpcClientProtocolClient (GrpcClientProtocolClient.java:onNext(255)) - client-7D6108789623->f80c66c4-8a3d-47db-b3f8-20b0bcb8a3f5: receive RaftClientReply:client-7D6108789623->f80c66c4-8a3d-47db-b3f8-20b0bcb8a3f5@group-7D2873B646E2, cid=1714, SUCCESS, logIndex=2453, commits[f80c66c4-8a3d-47db-b3f8-20b0bcb8a3f5:c2453, 6e9bc0f4-a324-4be3-b201-2d39df7dad8a:c2451, cffe1303-2f93-4087-8a62-a40745db49f2:c2451]
2019-07-10 09:50:49,219 INFO  client.GrpcClientProtocolClient (GrpcClientProtocolClient.java:onNext(255)) - client-7D6108789623->f80c66c4-8a3d-47db-b3f8-20b0bcb8a3f5: receive RaftClientReply:client-7D6108789623->f80c66c4-8a3d-47db-b3f8-20b0bcb8a3f5@group-7D2873B646E2, cid=1715, SUCCESS, logIndex=2454, commits[f80c66c4-8a3d-47db-b3f8-20b0bcb8a3f5:c2455, 6e9bc0f4-a324-4be3-b201-2d39df7dad8a:c2451, cffe1303-2f93-4087-8a62-a40745db49f2:c2451]
2019-07-10 09:50:49,220 INFO  client.GrpcClientProtocolClient (GrpcClientProtocolClient.java:onNext(255)) - client-7D6108789623->f80c66c4-8a3d-47db-b3f8-20b0bcb8a3f5: receive RaftClientReply:client-7D6108789623->f80c66c4-8a3d-47db-b3f8-20b0bcb8a3f5@group-7D2873B646E2, cid=1716, SUCCESS, logIndex=2455, commits[f80c66c4-8a3d-47db-b3f8-20b0bcb8a3f5:c2455, 6e9bc0f4-a324-4be3-b201-2d39df7dad8a:c2451, cffe1303-2f93-4087-8a62-a40745db49f2:c2451]
2019-07-10 09:50:49,222 INFO  client.GrpcClientProtocolClient (GrpcClientProtocolClient.java:onNext(255)) - client-7D6108789623->f80c66c4-8a3d-47db-b3f8-20b0bcb8a3f5: receive RaftClientReply:client-7D6108789623->f80c66c4-8a3d-47db-b3f8-20b0bcb8a3f5@group-7D2873B646E2, cid=1717, SUCCESS, logIndex=0, commits[f80c66c4-8a3d-47db-b3f8-20b0bcb8a3f5:c2455, 6e9bc0f4-a324-4be3-b201-2d39df7dad8a:c2453, cffe1303-2f93-4087-8a62-a40745db49f2:c2453]
2019-07-10 09:50:49,244 INFO  client.GrpcClientProtocolClient (GrpcClientProtocolClient.java:onNext(255)) - client-7D6108789623->f80c66c4-8a3d-47db-b3f8-20b0bcb8a3f5: receive RaftClientReply:client-7D6108789623->f80c66c4-8a3d-47db-b3f8-20b0bcb8a3f5@group-7D2873B646E2, cid=1718, SUCCESS, logIndex=2460, commits[f80c66c4-8a3d-47db-b3f8-20b0bcb8a3f5:c2461, 6e9bc0f4-a324-4be3-b201-2d39df7dad8a:c2455, cffe1303-2f93-4087-8a62-a40745db49f2:c2455]
2019-07-10 09:50:49,245 INFO  client.GrpcClientProtocolClient (GrpcClientProtocolClient.java:onNext(255)) - client-7D6108789623->f80c66c4-8a3d-47db-b3f8-20b0bcb8a3f5: receive RaftClientReply:client-7D6108789623->f80c66c4-8a3d-47db-b3f8-20b0bcb8a3f5@group-7D2873B646E2, cid=1719, SUCCESS, logIndex=2461, commits[f80c66c4-8a3d-47db-b3f8-20b0bcb8a3f5:c2461, 6e9bc0f4-a324-4be3-b201-2d39df7dad8a:c2455, cffe1303-2f93-4087-8a62-a40745db49f2:c2455]
2019-07-10 09:50:49,297 INFO  client.GrpcClientProtocolClient (GrpcClientProtocolClient.java:onNext(255)) - client-7D6108789623->f80c66c4-8a3d-47db-b3f8-20b0bcb8a3f5: receive RaftClientReply:client-7D6108789623->f80c66c4-8a3d-47db-b3f8-20b0bcb8a3f5@group-7D2873B646E2, cid=1720, SUCCESS, logIndex=2464, commits[f80c66c4-8a3d-47db-b3f8-20b0bcb8a3f5:c2465, 6e9bc0f4-a324-4be3-b201-2d39df7dad8a:c2461, cffe1303-2f93-4087-8a62-a40745db49f2:c2461]
2019-07-10 09:50:49,297 INFO  client.GrpcClientProtocolClient (GrpcClientProtocolClient.java:onNext(255)) - client-7D6108789623->f80c66c4-8a3d-47db-b3f8-20b0bcb8a3f5: receive RaftClientReply:client-7D6108789623->f80c66c4-8a3d-47db-b3f8-20b0bcb8a3f5@group-7D2873B646E2, cid=1721, SUCCESS, logIndex=2465, commits[f80c66c4-8a3d-47db-b3f8-20b0bcb8a3f5:c2465, 6e9bc0f4-a324-4be3-b201-2d39df7dad8a:c2461, cffe1303-2f93-4087-8a62-a40745db49f2:c2461]
2019-07-10 09:50:49,310 INFO  client.GrpcClientProtocolClient (GrpcClientProtocolClient.java:onNext(255)) - client-7D6108789623->f80c66c4-8a3d-47db-b3f8-20b0bcb8a3f5: receive RaftClientReply:client-7D6108789623->f80c66c4-8a3d-47db-b3f8-20b0bcb8a3f5@group-7D2873B646E2, cid=1722, SUCCESS, logIndex=0, commits[f80c66c4-8a3d-47db-b3f8-20b0bcb8a3f5:c2467, 6e9bc0f4-a324-4be3-b201-2d39df7dad8a:c2465, cffe1303-2f93-4087-8a62-a40745db49f2:c2465]
2019-07-10 09:50:49,340 INFO  client.GrpcClientProtocolClient (GrpcClientProtocolClient.java:onNext(255)) - client-7D6108789623->f80c66c4-8a3d-47db-b3f8-20b0bcb8a3f5: receive RaftClientReply:client-7D6108789623->f80c66c4-8a3d-47db-b3f8-20b0bcb8a3f5@group-7D2873B646E2, cid=1723, SUCCESS, logIndex=2468, commits[f80c66c4-8a3d-47db-b3f8-20b0bcb8a3f5:c2469, 6e9bc0f4-a324-4be3-b201-2d39df7dad8a:c2467, cffe1303-2f93-4087-8a62-a40745db49f2:c2467]
2019-07-10 09:50:49,340 INFO  client.GrpcClientProtocolClient (GrpcClientProtocolClient.java:onNext(255)) - client-7D6108789623->f80c66c4-8a3d-47db-b3f8-20b0bcb8a3f5: receive RaftClientReply:client-7D6108789623->f80c66c4-8a3d-47db-b3f8-20b0bcb8a3f5@group-7D2873B646E2, cid=1724, SUCCESS, logIndex=2469, commits[f80c66c4-8a3d-47db-b3f8-20b0bcb8a3f5:c2469, 6e9bc0f4-a324-4be3-b201-2d39df7dad8a:c2467, cffe1303-2f93-4087-8a62-a40745db49f2:c2467]
2019-07-10 09:50:49,343 INFO  client.GrpcClientProtocolClient (GrpcClientProtocolClient.java:onNext(255)) - client-7D6108789623->f80c66c4-8a3d-47db-b3f8-20b0bcb8a3f5: receive RaftClientReply:client-7D6108789623->f80c66c4-8a3d-47db-b3f8-20b0bcb8a3f5@group-7D2873B646E2, cid=1725, SUCCESS, logIndex=2470, commits[f80c66c4-8a3d-47db-b3f8-20b0bcb8a3f5:c2471, 6e9bc0f4-a324-4be3-b201-2d39df7dad8a:c2467, cffe1303-2f93-4087-8a62-a40745db49f2:c2467]
2019-07-10 09:50:49,343 INFO  client.GrpcClientProtocolClient (GrpcClientProtocolClient.java:onNext(255)) - client-7D6108789623->f80c66c4-8a3d-47db-b3f8-20b0bcb8a3f5: receive RaftClientReply:client-7D6108789623->f80c66c4-8a3d-47db-b3f8-20b0bcb8a3f5@group-7D2873B646E2, cid=1726, SUCCESS, logIndex=2471, commits[f80c66c4-8a3d-47db-b3f8-20b0bcb8a3f5:c2471, 6e9bc0f4-a324-4be3-b201-2d39df7dad8a:c2467, cffe1303-2f93-4087-8a62-a40745db49f2:c2467]
2019-07-10 09:50:49,354 INFO  client.GrpcClientProtocolClient (GrpcClientProtocolClient.java:onNext(255)) - client-7D6108789623->f80c66c4-8a3d-47db-b3f8-20b0bcb8a3f5: receive RaftClientReply:client-7D6108789623->f80c66c4-8a3d-47db-b3f8-20b0bcb8a3f5@group-7D2873B646E2, cid=1727, SUCCESS, logIndex=0, commits[f80c66c4-8a3d-47db-b3f8-20b0bcb8a3f5:c2472, 6e9bc0f4-a324-4be3-b201-2d39df7dad8a:c2469, cffe1303-2f93-4087-8a62-a40745db49f2:c2469]
2019-07-10 09:50:49,377 INFO  client.GrpcClientProtocolClient (GrpcClientProtocolClient.java:onNext(255)) - client-7D6108789623->f80c66c4-8a3d-47db-b3f8-20b0bcb8a3f5: receive RaftClientReply:client-7D6108789623->f80c66c4-8a3d-47db-b3f8-20b0bcb8a3f5@group-7D2873B646E2, cid=1728, SUCCESS, logIndex=2476, commits[f80c66c4-8a3d-47db-b3f8-20b0bcb8a3f5:c2477, 6e9bc0f4-a324-4be3-b201-2d39df7dad8a:c2473, cffe1303-2f93-4087-8a62-a40745db49f2:c2473]
2019-07-10 09:50:49,377 INFO  client.GrpcClientProtocolClient (GrpcClientProtocolClient.java:onNext(255)) - client-7D6108789623->f80c66c4-8a3d-47db-b3f8-20b0bcb8a3f5: receive RaftClientReply:client-7D6108789623->f80c66c4-8a3d-47db-b3f8-20b0bcb8a3f5@group-7D2873B646E2, cid=1729, SUCCESS, logIndex=2477, commits[f80c66c4-8a3d-47db-b3f8-20b0bcb8a3f5:c2477, 6e9bc0f4-a324-4be3-b201-2d39df7dad8a:c2473, cffe1303-2f93-4087-8a62-a40745db49f2:c2473]
2019-07-10 09:50:49,398 INFO  client.GrpcClientProtocolClient (GrpcClientProtocolClient.java:onNext(255)) - client-7D6108789623->f80c66c4-8a3d-47db-b3f8-20b0bcb8a3f5: receive RaftClientReply:client-7D6108789623->f80c66c4-8a3d-47db-b3f8-20b0bcb8a3f5@group-7D2873B646E2, cid=1730, SUCCESS, logIndex=2480, commits[f80c66c4-8a3d-47db-b3f8-20b0bcb8a3f5:c2481, 6e9bc0f4-a324-4be3-b201-2d39df7dad8a:c2476, cffe1303-2f93-4087-8a62-a40745db49f2:c2477]
2019-07-10 09:50:49,398 INFO  client.GrpcClientProtocolClient (GrpcClientProtocolClient.java:onNext(255)) - client-7D6108789623->f80c66c4-8a3d-47db-b3f8-20b0bcb8a3f5: receive RaftClientReply:client-7D6108789623->f80c66c4-8a3d-47db-b3f8-20b0bcb8a3f5@group-7D2873B646E2, cid=1731, SUCCESS, logIndex=2481, commits[f80c66c4-8a3d-47db-b3f8-20b0bcb8a3f5:c2481, 6e9bc0f4-a324-4be3-b201-2d39df7dad8a:c2476, cffe1303-2f93-4087-8a62-a40745db49f2:c2477]
2019-07-10 09:50:49,400 INFO  client.GrpcClientProtocolClient (GrpcClientProtocolClient.java:onNext(255)) - client-7D6108789623->f80c66c4-8a3d-47db-b3f8-20b0bcb8a3f5: receive RaftClientReply:client-7D6108789623->f80c66c4-8a3d-47db-b3f8-20b0bcb8a3f5@group-7D2873B646E2, cid=1732, SUCCESS, logIndex=0, commits[f80c66c4-8a3d-47db-b3f8-20b0bcb8a3f5:c2481, 6e9bc0f4-a324-4be3-b201-2d39df7dad8a:c2477, cffe1303-2f93-4087-8a62-a40745db49f2:c2477]
2019-07-10 09:50:49,411 INFO  client.GrpcClientProtocolClient (GrpcClientProtocolClient.java:onNext(255)) - client-7D6108789623->f80c66c4-8a3d-47db-b3f8-20b0bcb8a3f5: receive RaftClientReply:client-7D6108789623->f80c66c4-8a3d-47db-b3f8-20b0bcb8a3f5@group-7D2873B646E2, cid=1733, SUCCESS, logIndex=0, commits[f80c66c4-8a3d-47db-b3f8-20b0bcb8a3f5:c2483, 6e9bc0f4-a324-4be3-b201-2d39df7dad8a:c2481, cffe1303-2f93-4087-8a62-a40745db49f2:c2481]
2019-07-10 09:50:49,439 INFO  client.GrpcClientProtocolClient (GrpcClientProtocolClient.java:onNext(255)) - client-7D6108789623->f80c66c4-8a3d-47db-b3f8-20b0bcb8a3f5: receive RaftClientReply:client-7D6108789623->f80c66c4-8a3d-47db-b3f8-20b0bcb8a3f5@group-7D2873B646E2, cid=1734, SUCCESS, logIndex=2484, commits[f80c66c4-8a3d-47db-b3f8-20b0bcb8a3f5:c2485, 6e9bc0f4-a324-4be3-b201-2d39df7dad8a:c2483, cffe1303-2f93-4087-8a62-a40745db49f2:c2483]
2019-07-10 09:50:49,440 INFO  client.GrpcClientProtocolClient (GrpcClientProtocolClient.java:onNext(255)) - client-7D6108789623->f80c66c4-8a3d-47db-b3f8-20b0bcb8a3f5: receive RaftClientReply:client-7D6108789623->f80c66c4-8a3d-47db-b3f8-20b0bcb8a3f5@group-7D2873B646E2, cid=1735, SUCCESS, logIndex=2485, commits[f80c66c4-8a3d-47db-b3f8-20b0bcb8a3f5:c2485, 6e9bc0f4-a324-4be3-b201-2d39df7dad8a:c2483, cffe1303-2f93-4087-8a62-a40745db49f2:c2483]
2019-07-10 09:50:49,448 INFO  client.GrpcClientProtocolClient (GrpcClientProtocolClient.java:onNext(255)) - client-7D6108789623->f80c66c4-8a3d-47db-b3f8-20b0bcb8a3f5: receive RaftClientReply:client-7D6108789623->f80c66c4-8a3d-47db-b3f8-20b0bcb8a3f5@group-7D2873B646E2, cid=1736, SUCCESS, logIndex=2486, commits[f80c66c4-8a3d-47db-b3f8-20b0bcb8a3f5:c2487, 6e9bc0f4-a324-4be3-b201-2d39df7dad8a:c2483, cffe1303-2f93-4087-8a62-a40745db49f2:c2483]
2019-07-10 09:50:49,448 INFO  client.GrpcClientProtocolClient (GrpcClientProtocolClient.java:onNext(255)) - client-7D6108789623->f80c66c4-8a3d-47db-b3f8-20b0bcb8a3f5: receive RaftClientReply:client-7D6108789623->f80c66c4-8a3d-47db-b3f8-20b0bcb8a3f5@group-7D2873B646E2, cid=1737, SUCCESS, logIndex=2487, commits[f80c66c4-8a3d-47db-b3f8-20b0bcb8a3f5:c2487, 6e9bc0f4-a324-4be3-b201-2d39df7dad8a:c2483, cffe1303-2f93-4087-8a62-a40745db49f2:c2483]
2019-07-10 09:50:49,450 INFO  client.GrpcClientProtocolClient (GrpcClientProtocolClient.java:onNext(255)) - client-7D6108789623->f80c66c4-8a3d-47db-b3f8-20b0bcb8a3f5: receive RaftClientReply:client-7D6108789623->f80c66c4-8a3d-47db-b3f8-20b0bcb8a3f5@group-7D2873B646E2, cid=1738, SUCCESS, logIndex=0, commits[f80c66c4-8a3d-47db-b3f8-20b0bcb8a3f5:c2487, 6e9bc0f4-a324-4be3-b201-2d39df7dad8a:c2485, cffe1303-2f93-4087-8a62-a40745db49f2:c2485]
2019-07-10 09:50:49,472 INFO  client.GrpcClientProtocolClient (GrpcClientProtocolClient.java:onNext(255)) - client-7D6108789623->f80c66c4-8a3d-47db-b3f8-20b0bcb8a3f5: receive RaftClientReply:client-7D6108789623->f80c66c4-8a3d-47db-b3f8-20b0bcb8a3f5@group-7D2873B646E2, cid=1739, SUCCESS, logIndex=2492, commits[f80c66c4-8a3d-47db-b3f8-20b0bcb8a3f5:c2492, 6e9bc0f4-a324-4be3-b201-2d39df7dad8a:c2487, cffe1303-2f93-4087-8a62-a40745db49f2:c2487]
2019-07-10 09:50:49,473 INFO  client.GrpcClientProtocolClient (GrpcClientProtocolClient.java:onNext(255)) - client-7D6108789623->f80c66c4-8a3d-47db-b3f8-20b0bcb8a3f5: receive RaftClientReply:client-7D6108789623->f80c66c4-8a3d-47db-b3f8-20b0bcb8a3f5@group-7D2873B646E2, cid=1740, SUCCESS, logIndex=2493, commits[f80c66c4-8a3d-47db-b3f8-20b0bcb8a3f5:c2493, 6e9bc0f4-a324-4be3-b201-2d39df7dad8a:c2487, cffe1303-2f93-4087-8a62-a40745db49f2:c2487]
2019-07-10 09:50:49,484 INFO  client.GrpcClientProtocolClient (GrpcClientProtocolClient.java:onNext(255)) - client-7D6108789623->f80c66c4-8a3d-47db-b3f8-20b0bcb8a3f5: receive RaftClientReply:client-7D6108789623->f80c66c4-8a3d-47db-b3f8-20b0bcb8a3f5@group-7D2873B646E2, cid=1741, SUCCESS, logIndex=2496, commits[f80c66c4-8a3d-47db-b3f8-20b0bcb8a3f5:c2497, 6e9bc0f4-a324-4be3-b201-2d39df7dad8a:c2492, cffe1303-2f93-4087-8a62-a40745db49f2:c2493]
2019-07-10 09:50:49,485 INFO  client.GrpcClientProtocolClient (GrpcClientProtocolClient.java:onNext(255)) - client-7D6108789623->f80c66c4-8a3d-47db-b3f8-20b0bcb8a3f5: receive RaftClientReply:client-7D6108789623->f80c66c4-8a3d-47db-b3f8-20b0bcb8a3f5@group-7D2873B646E2, cid=1742, SUCCESS, logIndex=2497, commits[f80c66c4-8a3d-47db-b3f8-20b0bcb8a3f5:c2497, 6e9bc0f4-a324-4be3-b201-2d39df7dad8a:c2492, cffe1303-2f93-4087-8a62-a40745db49f2:c2493]
2019-07-10 09:50:49,486 INFO  client.GrpcClientProtocolClient (GrpcClientProtocolClient.java:onNext(255)) - client-7D6108789623->f80c66c4-8a3d-47db-b3f8-20b0bcb8a3f5: receive RaftClientReply:client-7D6108789623->f80c66c4-8a3d-47db-b3f8-20b0bcb8a3f5@group-7D2873B646E2, cid=1743, SUCCESS, logIndex=0, commits[f80c66c4-8a3d-47db-b3f8-20b0bcb8a3f5:c2497, 6e9bc0f4-a324-4be3-b201-2d39df7dad8a:c2493, cffe1303-2f93-4087-8a62-a40745db49f2:c2493]
2019-07-10 09:50:49,499 INFO  client.GrpcClientProtocolClient (GrpcClientProtocolClient.java:onNext(255)) - client-7D6108789623->f80c66c4-8a3d-47db-b3f8-20b0bcb8a3f5: receive RaftClientReply:client-7D6108789623->f80c66c4-8a3d-47db-b3f8-20b0bcb8a3f5@group-7D2873B646E2, cid=1744, SUCCESS, logIndex=0, commits[f80c66c4-8a3d-47db-b3f8-20b0bcb8a3f5:c2499, 6e9bc0f4-a324-4be3-b201-2d39df7dad8a:c2497, cffe1303-2f93-4087-8a62-a40745db49f2:c2497]
2019-07-10 09:50:49,528 INFO  client.GrpcClientProtocolClient (GrpcClientProtocolClient.java:onNext(255)) - client-7D6108789623->f80c66c4-8a3d-47db-b3f8-20b0bcb8a3f5: receive RaftClientReply:client-7D6108789623->f80c66c4-8a3d-47db-b3f8-20b0bcb8a3f5@group-7D2873B646E2, cid=1745, SUCCESS, logIndex=2500, commits[f80c66c4-8a3d-47db-b3f8-20b0bcb8a3f5:c2501, 6e9bc0f4-a324-4be3-b201-2d39df7dad8a:c2497, cffe1303-2f93-4087-8a62-a40745db49f2:c2499]
2019-07-10 09:50:49,529 INFO  client.GrpcClientProtocolClient (GrpcClientProtocolClient.java:onNext(255)) - client-7D6108789623->f80c66c4-8a3d-47db-b3f8-20b0bcb8a3f5: receive RaftClientReply:client-7D6108789623->f80c66c4-8a3d-47db-b3f8-20b0bcb8a3f5@group-7D2873B646E2, cid=1746, SUCCESS, logIndex=2501, commits[f80c66c4-8a3d-47db-b3f8-20b0bcb8a3f5:c2501, 6e9bc0f4-a324-4be3-b201-2d39df7dad8a:c2497, cffe1303-2f93-4087-8a62-a40745db49f2:c2499]
2019-07-10 09:50:49,530 INFO  client.GrpcClientProtocolClient (GrpcClientProtocolClient.java:onNext(255)) - client-7D6108789623->f80c66c4-8a3d-47db-b3f8-20b0bcb8a3f5: receive RaftClientReply:client-7D6108789623->f80c66c4-8a3d-47db-b3f8-20b0bcb8a3f5@group-7D2873B646E2, cid=1747, SUCCESS, logIndex=2502, commits[f80c66c4-8a3d-47db-b3f8-20b0bcb8a3f5:c2503, 6e9bc0f4-a324-4be3-b201-2d39df7dad8a:c2499, cffe1303-2f93-4087-8a62-a40745db49f2:c2499]
2019-07-10 09:50:49,530 INFO  client.GrpcClientProtocolClient (GrpcClientProtocolClient.java:onNext(255)) - client-7D6108789623->f80c66c4-8a3d-47db-b3f8-20b0bcb8a3f5: receive RaftClientReply:client-7D6108789623->f80c66c4-8a3d-47db-b3f8-20b0bcb8a3f5@group-7D2873B646E2, cid=1748, SUCCESS, logIndex=2503, commits[f80c66c4-8a3d-47db-b3f8-20b0bcb8a3f5:c2503, 6e9bc0f4-a324-4be3-b201-2d39df7dad8a:c2499, cffe1303-2f93-4087-8a62-a40745db49f2:c2499]
2019-07-10 09:50:49,541 INFO  client.GrpcClientProtocolClient (GrpcClientProtocolClient.java:onNext(255)) - client-7D6108789623->f80c66c4-8a3d-47db-b3f8-20b0bcb8a3f5: receive RaftClientReply:client-7D6108789623->f80c66c4-8a3d-47db-b3f8-20b0bcb8a3f5@group-7D2873B646E2, cid=1749, SUCCESS, logIndex=0, commits[f80c66c4-8a3d-47db-b3f8-20b0bcb8a3f5:c2505, 6e9bc0f4-a324-4be3-b201-2d39df7dad8a:c2501, cffe1303-2f93-4087-8a62-a40745db49f2:c2501]
2019-07-10 09:50:49,560 INFO  client.GrpcClientProtocolClient (GrpcClientProtocolClient.java:onNext(255)) - client-7D6108789623->f80c66c4-8a3d-47db-b3f8-20b0bcb8a3f5: receive RaftClientReply:client-7D6108789623->f80c66c4-8a3d-47db-b3f8-20b0bcb8a3f5@group-7D2873B646E2, cid=1750, SUCCESS, logIndex=2508, commits[f80c66c4-8a3d-47db-b3f8-20b0bcb8a3f5:c2509, 6e9bc0f4-a324-4be3-b201-2d39df7dad8a:c2505, cffe1303-2f93-4087-8a62-a40745db49f2:c2505]
2019-07-10 09:50:49,560 INFO  client.GrpcClientProtocolClient (GrpcClientProtocolClient.java:onNext(255)) - client-7D6108789623->f80c66c4-8a3d-47db-b3f8-20b0bcb8a3f5: receive RaftClientReply:client-7D6108789623->f80c66c4-8a3d-47db-b3f8-20b0bcb8a3f5@group-7D2873B646E2, cid=1751, SUCCESS, logIndex=2509, commits[f80c66c4-8a3d-47db-b3f8-20b0bcb8a3f5:c2509, 6e9bc0f4-a324-4be3-b201-2d39df7dad8a:c2505, cffe1303-2f93-4087-8a62-a40745db49f2:c2505]
2019-07-10 09:50:49,582 INFO  client.GrpcClientProtocolClient (GrpcClientProtocolClient.java:onNext(255)) - client-7D6108789623->f80c66c4-8a3d-47db-b3f8-20b0bcb8a3f5: receive RaftClientReply:client-7D6108789623->f80c66c4-8a3d-47db-b3f8-20b0bcb8a3f5@group-7D2873B646E2, cid=1752, SUCCESS, logIndex=2512, commits[f80c66c4-8a3d-47db-b3f8-20b0bcb8a3f5:c2513, 6e9bc0f4-a324-4be3-b201-2d39df7dad8a:c2509, cffe1303-2f93-4087-8a62-a40745db49f2:c2509]
2019-07-10 09:50:49,582 INFO  client.GrpcClientProtocolClient (GrpcClientProtocolClient.java:onNext(255)) - client-7D6108789623->f80c66c4-8a3d-47db-b3f8-20b0bcb8a3f5: receive RaftClientReply:client-7D6108789623->f80c66c4-8a3d-47db-b3f8-20b0bcb8a3f5@group-7D2873B646E2, cid=1753, SUCCESS, logIndex=2513, commits[f80c66c4-8a3d-47db-b3f8-20b0bcb8a3f5:c2513, 6e9bc0f4-a324-4be3-b201-2d39df7dad8a:c2509, cffe1303-2f93-4087-8a62-a40745db49f2:c2509]
2019-07-10 09:50:49,594 INFO  client.GrpcClientProtocolClient (GrpcClientProtocolClient.java:onNext(255)) - client-7D6108789623->f80c66c4-8a3d-47db-b3f8-20b0bcb8a3f5: receive RaftClientReply:client-7D6108789623->f80c66c4-8a3d-47db-b3f8-20b0bcb8a3f5@group-7D2873B646E2, cid=1754, SUCCESS, logIndex=0, commits[f80c66c4-8a3d-47db-b3f8-20b0bcb8a3f5:c2515, 6e9bc0f4-a324-4be3-b201-2d39df7dad8a:c2513, cffe1303-2f93-4087-8a62-a40745db49f2:c2513]
2019-07-10 09:50:49,626 INFO  client.GrpcClientProtocolClient (GrpcClientProtocolClient.java:onNext(255)) - client-7D6108789623->f80c66c4-8a3d-47db-b3f8-20b0bcb8a3f5: receive RaftClientReply:client-7D6108789623->f80c66c4-8a3d-47db-b3f8-20b0bcb8a3f5@group-7D2873B646E2, cid=1755, SUCCESS, logIndex=2516, commits[f80c66c4-8a3d-47db-b3f8-20b0bcb8a3f5:c2517, 6e9bc0f4-a324-4be3-b201-2d39df7dad8a:c2515, cffe1303-2f93-4087-8a62-a40745db49f2:c2515]
2019-07-10 09:50:49,629 INFO  client.GrpcClientProtocolClient (GrpcClientProtocolClient.java:onNext(255)) - client-7D6108789623->f80c66c4-8a3d-47db-b3f8-20b0bcb8a3f5: receive RaftClientReply:client-7D6108789623->f80c66c4-8a3d-47db-b3f8-20b0bcb8a3f5@group-7D2873B646E2, cid=1756, SUCCESS, logIndex=2517, commits[f80c66c4-8a3d-47db-b3f8-20b0bcb8a3f5:c2517, 6e9bc0f4-a324-4be3-b201-2d39df7dad8a:c2515, cffe1303-2f93-4087-8a62-a40745db49f2:c2515]
2019-07-10 09:50:49,635 INFO  client.GrpcClientProtocolClient (GrpcClientProtocolClient.java:onNext(255)) - client-7D6108789623->f80c66c4-8a3d-47db-b3f8-20b0bcb8a3f5: receive RaftClientReply:client-7D6108789623->f80c66c4-8a3d-47db-b3f8-20b0bcb8a3f5@group-7D2873B646E2, cid=1757, SUCCESS, logIndex=2518, commits[f80c66c4-8a3d-47db-b3f8-20b0bcb8a3f5:c2519, 6e9bc0f4-a324-4be3-b201-2d39df7dad8a:c2515, cffe1303-2f93-4087-8a62-a40745db49f2:c2515]
2019-07-10 09:50:49,636 INFO  client.GrpcClientProtocolClient (GrpcClientProtocolClient.java:onNext(255)) - client-7D6108789623->f80c66c4-8a3d-47db-b3f8-20b0bcb8a3f5: receive RaftClientReply:client-7D6108789623->f80c66c4-8a3d-47db-b3f8-20b0bcb8a3f5@group-7D2873B646E2, cid=1758, SUCCESS, logIndex=2519, commits[f80c66c4-8a3d-47db-b3f8-20b0bcb8a3f5:c2520, 6e9bc0f4-a324-4be3-b201-2d39df7dad8a:c2517, cffe1303-2f93-4087-8a62-a40745db49f2:c2515]
2019-07-10 09:50:49,638 INFO  client.GrpcClientProtocolClient (GrpcClientProtocolClient.java:onNext(255)) - client-7D6108789623->f80c66c4-8a3d-47db-b3f8-20b0bcb8a3f5: receive RaftClientReply:client-7D6108789623->f80c66c4-8a3d-47db-b3f8-20b0bcb8a3f5@group-7D2873B646E2, cid=1759, SUCCESS, logIndex=0, commits[f80c66c4-8a3d-47db-b3f8-20b0bcb8a3f5:c2521, 6e9bc0f4-a324-4be3-b201-2d39df7dad8a:c2517, cffe1303-2f93-4087-8a62-a40745db49f2:c2517]
2019-07-10 09:50:49,661 INFO  client.GrpcClientProtocolClient (GrpcClientProtocolClient.java:onNext(255)) - client-7D6108789623->f80c66c4-8a3d-47db-b3f8-20b0bcb8a3f5: receive RaftClientReply:client-7D6108789623->f80c66c4-8a3d-47db-b3f8-20b0bcb8a3f5@group-7D2873B646E2, cid=1760, SUCCESS, logIndex=2523, commits[f80c66c4-8a3d-47db-b3f8-20b0bcb8a3f5:c2524, 6e9bc0f4-a324-4be3-b201-2d39df7dad8a:c2522, cffe1303-2f93-4087-8a62-a40745db49f2:c2522]
2019-07-10 09:50:49,661 INFO  client.GrpcClientProtocolClient (GrpcClientProtocolClient.java:onNext(255)) - client-7D6108789623->f80c66c4-8a3d-47db-b3f8-20b0bcb8a3f5: receive RaftClientReply:client-7D6108789623->f80c66c4-8a3d-47db-b3f8-20b0bcb8a3f5@group-7D2873B646E2, cid=1761, SUCCESS, logIndex=2524, commits[f80c66c4-8a3d-47db-b3f8-20b0bcb8a3f5:c2524, 6e9bc0f4-a324-4be3-b201-2d39df7dad8a:c2522, cffe1303-2f93-4087-8a62-a40745db49f2:c2522]
2019-07-10 09:50:49,683 INFO  client.GrpcClientProtocolClient (GrpcClientProtocolClient.java:onNext(255)) - client-7D6108789623->f80c66c4-8a3d-47db-b3f8-20b0bcb8a3f5: receive RaftClientReply:client-7D6108789623->f80c66c4-8a3d-47db-b3f8-20b0bcb8a3f5@group-7D2873B646E2, cid=1762, SUCCESS, logIndex=2527, commits[f80c66c4-8a3d-47db-b3f8-20b0bcb8a3f5:c2527, 6e9bc0f4-a324-4be3-b201-2d39df7dad8a:c2524, cffe1303-2f93-4087-8a62-a40745db49f2:c2524]
2019-07-10 09:50:49,683 INFO  client.GrpcClientProtocolClient (GrpcClientProtocolClient.java:onNext(255)) - client-7D6108789623->f80c66c4-8a3d-47db-b3f8-20b0bcb8a3f5: receive RaftClientReply:client-7D6108789623->f80c66c4-8a3d-47db-b3f8-20b0bcb8a3f5@group-7D2873B646E2, cid=1763, SUCCESS, logIndex=2528, commits[f80c66c4-8a3d-47db-b3f8-20b0bcb8a3f5:c2528, 6e9bc0f4-a324-4be3-b201-2d39df7dad8a:c2524, cffe1303-2f93-4087-8a62-a40745db49f2:c2524]
2019-07-10 09:50:49,705 INFO  client.GrpcClientProtocolClient (GrpcClientProtocolClient.java:onNext(255)) - client-7D6108789623->f80c66c4-8a3d-47db-b3f8-20b0bcb8a3f5: receive RaftClientReply:client-7D6108789623->f80c66c4-8a3d-47db-b3f8-20b0bcb8a3f5@group-7D2873B646E2, cid=1764, SUCCESS, logIndex=0, commits[f80c66c4-8a3d-47db-b3f8-20b0bcb8a3f5:c2530, 6e9bc0f4-a324-4be3-b201-2d39df7dad8a:c2528, cffe1303-2f93-4087-8a62-a40745db49f2:c2528]
2019-07-10 09:50:49,735 INFO  client.GrpcClientProtocolClient (GrpcClientProtocolClient.java:onNext(255)) - client-7D6108789623->f80c66c4-8a3d-47db-b3f8-20b0bcb8a3f5: receive RaftClientReply:client-7D6108789623->f80c66c4-8a3d-47db-b3f8-20b0bcb8a3f5@group-7D2873B646E2, cid=1765, SUCCESS, logIndex=2531, commits[f80c66c4-8a3d-47db-b3f8-20b0bcb8a3f5:c2532, 6e9bc0f4-a324-4be3-b201-2d39df7dad8a:c2530, cffe1303-2f93-4087-8a62-a40745db49f2:c2530]
2019-07-10 09:50:49,736 INFO  client.GrpcClientProtocolClient (GrpcClientProtocolClient.java:onNext(255)) - client-7D6108789623->f80c66c4-8a3d-47db-b3f8-20b0bcb8a3f5: receive RaftClientReply:client-7D6108789623->f80c66c4-8a3d-47db-b3f8-20b0bcb8a3f5@group-7D2873B646E2, cid=1766, SUCCESS, logIndex=2532, commits[f80c66c4-8a3d-47db-b3f8-20b0bcb8a3f5:c2532, 6e9bc0f4-a324-4be3-b201-2d39df7dad8a:c2530, cffe1303-2f93-4087-8a62-a40745db49f2:c2530]
2019-07-10 09:50:49,746 INFO  client.GrpcClientProtocolClient (GrpcClientProtocolClient.java:onNext(255)) - client-7D6108789623->f80c66c4-8a3d-47db-b3f8-20b0bcb8a3f5: receive RaftClientReply:client-7D6108789623->f80c66c4-8a3d-47db-b3f8-20b0bcb8a3f5@group-7D2873B646E2, cid=1767, SUCCESS, logIndex=2533, commits[f80c66c4-8a3d-47db-b3f8-20b0bcb8a3f5:c2534, 6e9bc0f4-a324-4be3-b201-2d39df7dad8a:c2530, cffe1303-2f93-4087-8a62-a40745db49f2:c2530]
2019-07-10 09:50:49,746 INFO  client.GrpcClientProtocolClient (GrpcClientProtocolClient.java:onNext(255)) - client-7D6108789623->f80c66c4-8a3d-47db-b3f8-20b0bcb8a3f5: receive RaftClientReply:client-7D6108789623->f80c66c4-8a3d-47db-b3f8-20b0bcb8a3f5@group-7D2873B646E2, cid=1768, SUCCESS, logIndex=2534, commits[f80c66c4-8a3d-47db-b3f8-20b0bcb8a3f5:c2534, 6e9bc0f4-a324-4be3-b201-2d39df7dad8a:c2530, cffe1303-2f93-4087-8a62-a40745db49f2:c2530]
2019-07-10 09:50:49,757 INFO  client.GrpcClientProtocolClient (GrpcClientProtocolClient.java:onNext(255)) - client-7D6108789623->f80c66c4-8a3d-47db-b3f8-20b0bcb8a3f5: receive RaftClientReply:client-7D6108789623->f80c66c4-8a3d-47db-b3f8-20b0bcb8a3f5@group-7D2873B646E2, cid=1769, SUCCESS, logIndex=0, commits[f80c66c4-8a3d-47db-b3f8-20b0bcb8a3f5:c2536, 6e9bc0f4-a324-4be3-b201-2d39df7dad8a:c2532, cffe1303-2f93-4087-8a62-a40745db49f2:c2532]
2019-07-10 09:50:49,786 INFO  client.GrpcClientProtocolClient (GrpcClientProtocolClient.java:onNext(255)) - client-7D6108789623->f80c66c4-8a3d-47db-b3f8-20b0bcb8a3f5: receive RaftClientReply:client-7D6108789623->f80c66c4-8a3d-47db-b3f8-20b0bcb8a3f5@group-7D2873B646E2, cid=1770, SUCCESS, logIndex=2539, commits[f80c66c4-8a3d-47db-b3f8-20b0bcb8a3f5:c2540, 6e9bc0f4-a324-4be3-b201-2d39df7dad8a:c2536, cffe1303-2f93-4087-8a62-a40745db49f2:c2536]
2019-07-10 09:50:49,787 INFO  client.GrpcClientProtocolClient (GrpcClientProtocolClient.java:onNext(255)) - client-7D6108789623->f80c66c4-8a3d-47db-b3f8-20b0bcb8a3f5: receive RaftClientReply:client-7D6108789623->f80c66c4-8a3d-47db-b3f8-20b0bcb8a3f5@group-7D2873B646E2, cid=1771, SUCCESS, logIndex=2540, commits[f80c66c4-8a3d-47db-b3f8-20b0bcb8a3f5:c2540, 6e9bc0f4-a324-4be3-b201-2d39df7dad8a:c2536, cffe1303-2f93-4087-8a62-a40745db49f2:c2536]
2019-07-10 09:50:49,808 INFO  client.GrpcClientProtocolClient (GrpcClientProtocolClient.java:onNext(255)) - client-7D6108789623->f80c66c4-8a3d-47db-b3f8-20b0bcb8a3f5: receive RaftClientReply:client-7D6108789623->f80c66c4-8a3d-47db-b3f8-20b0bcb8a3f5@group-7D2873B646E2, cid=1772, SUCCESS, logIndex=2543, commits[f80c66c4-8a3d-47db-b3f8-20b0bcb8a3f5:c2543, 6e9bc0f4-a324-4be3-b201-2d39df7dad8a:c2540, cffe1303-2f93-4087-8a62-a40745db49f2:c2540]
2019-07-10 09:50:49,808 INFO  client.GrpcClientProtocolClient (GrpcClientProtocolClient.java:onNext(255)) - client-7D6108789623->f80c66c4-8a3d-47db-b3f8-20b0bcb8a3f5: receive RaftClientReply:client-7D6108789623->f80c66c4-8a3d-47db-b3f8-20b0bcb8a3f5@group-7D2873B646E2, cid=1773, SUCCESS, logIndex=2544, commits[f80c66c4-8a3d-47db-b3f8-20b0bcb8a3f5:c2544, 6e9bc0f4-a324-4be3-b201-2d39df7dad8a:c2540, cffe1303-2f93-4087-8a62-a40745db49f2:c2540]
2019-07-10 09:50:49,825 INFO  client.GrpcClientProtocolClient (GrpcClientProtocolClient.java:onNext(255)) - client-7D6108789623->f80c66c4-8a3d-47db-b3f8-20b0bcb8a3f5: receive RaftClientReply:client-7D6108789623->f80c66c4-8a3d-47db-b3f8-20b0bcb8a3f5@group-7D2873B646E2, cid=1774, SUCCESS, logIndex=0, commits[f80c66c4-8a3d-47db-b3f8-20b0bcb8a3f5:c2546, 6e9bc0f4-a324-4be3-b201-2d39df7dad8a:c2544, cffe1303-2f93-4087-8a62-a40745db49f2:c2544]
2019-07-10 09:50:49,942 INFO  client.GrpcClientProtocolClient (GrpcClientProtocolClient.java:onNext(255)) - client-7D6108789623->f80c66c4-8a3d-47db-b3f8-20b0bcb8a3f5: receive RaftClientReply:client-7D6108789623->f80c66c4-8a3d-47db-b3f8-20b0bcb8a3f5@group-7D2873B646E2, cid=1775, SUCCESS, logIndex=2547, commits[f80c66c4-8a3d-47db-b3f8-20b0bcb8a3f5:c2548, 6e9bc0f4-a324-4be3-b201-2d39df7dad8a:c2546, cffe1303-2f93-4087-8a62-a40745db49f2:c2544]
2019-07-10 09:50:49,942 INFO  client.GrpcClientProtocolClient (GrpcClientProtocolClient.java:onNext(255)) - client-7D6108789623->f80c66c4-8a3d-47db-b3f8-20b0bcb8a3f5: receive RaftClientReply:client-7D6108789623->f80c66c4-8a3d-47db-b3f8-20b0bcb8a3f5@group-7D2873B646E2, cid=1776, SUCCESS, logIndex=2548, commits[f80c66c4-8a3d-47db-b3f8-20b0bcb8a3f5:c2548, 6e9bc0f4-a324-4be3-b201-2d39df7dad8a:c2546, cffe1303-2f93-4087-8a62-a40745db49f2:c2544]
2019-07-10 09:50:49,952 INFO  client.GrpcClientProtocolClient (GrpcClientProtocolClient.java:onNext(255)) - client-7D6108789623->f80c66c4-8a3d-47db-b3f8-20b0bcb8a3f5: receive RaftClientReply:client-7D6108789623->f80c66c4-8a3d-47db-b3f8-20b0bcb8a3f5@group-7D2873B646E2, cid=1777, SUCCESS, logIndex=2549, commits[f80c66c4-8a3d-47db-b3f8-20b0bcb8a3f5:c2552, 6e9bc0f4-a324-4be3-b201-2d39df7dad8a:c2548, cffe1303-2f93-4087-8a62-a40745db49f2:c2544]
2019-07-10 09:50:49,952 INFO  client.GrpcClientProtocolClient (GrpcClientProtocolClient.java:onNext(255)) - client-7D6108789623->f80c66c4-8a3d-47db-b3f8-20b0bcb8a3f5: receive RaftClientReply:client-7D6108789623->f80c66c4-8a3d-47db-b3f8-20b0bcb8a3f5@group-7D2873B646E2, cid=1778, SUCCESS, logIndex=2550, commits[f80c66c4-8a3d-47db-b3f8-20b0bcb8a3f5:c2552, 6e9bc0f4-a324-4be3-b201-2d39df7dad8a:c2548, cffe1303-2f93-4087-8a62-a40745db49f2:c2544]
2019-07-10 09:50:49,955 INFO  client.GrpcClientProtocolClient (GrpcClientProtocolClient.java:onNext(255)) - client-7D6108789623->f80c66c4-8a3d-47db-b3f8-20b0bcb8a3f5: receive RaftClientReply:client-7D6108789623->f80c66c4-8a3d-47db-b3f8-20b0bcb8a3f5@group-7D2873B646E2, cid=1779, SUCCESS, logIndex=0, commits[f80c66c4-8a3d-47db-b3f8-20b0bcb8a3f5:c2553, 6e9bc0f4-a324-4be3-b201-2d39df7dad8a:c2549, cffe1303-2f93-4087-8a62-a40745db49f2:c2548]
2019-07-10 09:50:49,975 INFO  client.GrpcClientProtocolClient (GrpcClientProtocolClient.java:onNext(255)) - client-7D6108789623->f80c66c4-8a3d-47db-b3f8-20b0bcb8a3f5: receive RaftClientReply:client-7D6108789623->f80c66c4-8a3d-47db-b3f8-20b0bcb8a3f5@group-7D2873B646E2, cid=1780, SUCCESS, logIndex=2555, commits[f80c66c4-8a3d-47db-b3f8-20b0bcb8a3f5:c2556, 6e9bc0f4-a324-4be3-b201-2d39df7dad8a:c2554, cffe1303-2f93-4087-8a62-a40745db49f2:c2554]
2019-07-10 09:50:49,976 INFO  client.GrpcClientProtocolClient (GrpcClientProtocolClient.java:onNext(255)) - client-7D6108789623->f80c66c4-8a3d-47db-b3f8-20b0bcb8a3f5: receive RaftClientReply:client-7D6108789623->f80c66c4-8a3d-47db-b3f8-20b0bcb8a3f5@group-7D2873B646E2, cid=1781, SUCCESS, logIndex=2556, commits[f80c66c4-8a3d-47db-b3f8-20b0bcb8a3f5:c2556, 6e9bc0f4-a324-4be3-b201-2d39df7dad8a:c2554, cffe1303-2f93-4087-8a62-a40745db49f2:c2554]
2019-07-10 09:50:49,997 INFO  client.GrpcClientProtocolClient (GrpcClientProtocolClient.java:onNext(255)) - client-7D6108789623->f80c66c4-8a3d-47db-b3f8-20b0bcb8a3f5: receive RaftClientReply:client-7D6108789623->f80c66c4-8a3d-47db-b3f8-20b0bcb8a3f5@group-7D2873B646E2, cid=1782, SUCCESS, logIndex=2559, commits[f80c66c4-8a3d-47db-b3f8-20b0bcb8a3f5:c2560, 6e9bc0f4-a324-4be3-b201-2d39df7dad8a:c2556, cffe1303-2f93-4087-8a62-a40745db49f2:c2556]
2019-07-10 09:50:49,998 INFO  client.GrpcClientProtocolClient (GrpcClientProtocolClient.java:onNext(255)) - client-7D6108789623->f80c66c4-8a3d-47db-b3f8-20b0bcb8a3f5: receive RaftClientReply:client-7D6108789623->f80c66c4-8a3d-47db-b3f8-20b0bcb8a3f5@group-7D2873B646E2, cid=1783, SUCCESS, logIndex=2560, commits[f80c66c4-8a3d-47db-b3f8-20b0bcb8a3f5:c2560, 6e9bc0f4-a324-4be3-b201-2d39df7dad8a:c2556, cffe1303-2f93-4087-8a62-a40745db49f2:c2556]
2019-07-10 09:50:50,018 INFO  client.GrpcClientProtocolClient (GrpcClientProtocolClient.java:onNext(255)) - client-7D6108789623->f80c66c4-8a3d-47db-b3f8-20b0bcb8a3f5: receive RaftClientReply:client-7D6108789623->f80c66c4-8a3d-47db-b3f8-20b0bcb8a3f5@group-7D2873B646E2, cid=1784, SUCCESS, logIndex=0, commits[f80c66c4-8a3d-47db-b3f8-20b0bcb8a3f5:c2562, 6e9bc0f4-a324-4be3-b201-2d39df7dad8a:c2560, cffe1303-2f93-4087-8a62-a40745db49f2:c2560]
2019-07-10 09:50:50,048 INFO  client.GrpcClientProtocolClient (GrpcClientProtocolClient.java:onNext(255)) - client-7D6108789623->f80c66c4-8a3d-47db-b3f8-20b0bcb8a3f5: receive RaftClientReply:client-7D6108789623->f80c66c4-8a3d-47db-b3f8-20b0bcb8a3f5@group-7D2873B646E2, cid=1785, SUCCESS, logIndex=2563, commits[f80c66c4-8a3d-47db-b3f8-20b0bcb8a3f5:c2564, 6e9bc0f4-a324-4be3-b201-2d39df7dad8a:c2562, cffe1303-2f93-4087-8a62-a40745db49f2:c2562]
2019-07-10 09:50:50,049 INFO  client.GrpcClientProtocolClient (GrpcClientProtocolClient.java:onNext(255)) - client-7D6108789623->f80c66c4-8a3d-47db-b3f8-20b0bcb8a3f5: receive RaftClientReply:client-7D6108789623->f80c66c4-8a3d-47db-b3f8-20b0bcb8a3f5@group-7D2873B646E2, cid=1786, SUCCESS, logIndex=2564, commits[f80c66c4-8a3d-47db-b3f8-20b0bcb8a3f5:c2566, 6e9bc0f4-a324-4be3-b201-2d39df7dad8a:c2562, cffe1303-2f93-4087-8a62-a40745db49f2:c2562]
2019-07-10 09:50:50,049 INFO  client.GrpcClientProtocolClient (GrpcClientProtocolClient.java:onNext(255)) - client-7D6108789623->f80c66c4-8a3d-47db-b3f8-20b0bcb8a3f5: receive RaftClientReply:client-7D6108789623->f80c66c4-8a3d-47db-b3f8-20b0bcb8a3f5@group-7D2873B646E2, cid=1787, SUCCESS, logIndex=2565, commits[f80c66c4-8a3d-47db-b3f8-20b0bcb8a3f5:c2566, 6e9bc0f4-a324-4be3-b201-2d39df7dad8a:c2562, cffe1303-2f93-4087-8a62-a40745db49f2:c2562]
2019-07-10 09:50:50,049 INFO  client.GrpcClientProtocolClient (GrpcClientProtocolClient.java:onNext(255)) - client-7D6108789623->f80c66c4-8a3d-47db-b3f8-20b0bcb8a3f5: receive RaftClientReply:client-7D6108789623->f80c66c4-8a3d-47db-b3f8-20b0bcb8a3f5@group-7D2873B646E2, cid=1788, SUCCESS, logIndex=2566, commits[f80c66c4-8a3d-47db-b3f8-20b0bcb8a3f5:c2566, 6e9bc0f4-a324-4be3-b201-2d39df7dad8a:c2562, cffe1303-2f93-4087-8a62-a40745db49f2:c2562]
2019-07-10 09:50:50,058 INFO  client.GrpcClientProtocolClient (GrpcClientProtocolClient.java:onNext(255)) - client-7D6108789623->f80c66c4-8a3d-47db-b3f8-20b0bcb8a3f5: receive RaftClientReply:client-7D6108789623->f80c66c4-8a3d-47db-b3f8-20b0bcb8a3f5@group-7D2873B646E2, cid=1789, SUCCESS, logIndex=0, commits[f80c66c4-8a3d-47db-b3f8-20b0bcb8a3f5:c2567, 6e9bc0f4-a324-4be3-b201-2d39df7dad8a:c2564, cffe1303-2f93-4087-8a62-a40745db49f2:c2564]
2019-07-10 09:50:50,082 INFO  client.GrpcClientProtocolClient (GrpcClientProtocolClient.java:onNext(255)) - client-7D6108789623->f80c66c4-8a3d-47db-b3f8-20b0bcb8a3f5: receive RaftClientReply:client-7D6108789623->f80c66c4-8a3d-47db-b3f8-20b0bcb8a3f5@group-7D2873B646E2, cid=1790, SUCCESS, logIndex=2570, commits[f80c66c4-8a3d-47db-b3f8-20b0bcb8a3f5:c2571, 6e9bc0f4-a324-4be3-b201-2d39df7dad8a:c2569, cffe1303-2f93-4087-8a62-a40745db49f2:c2569]
2019-07-10 09:50:50,083 INFO  client.GrpcClientProtocolClient (GrpcClientProtocolClient.java:onNext(255)) - client-7D6108789623->f80c66c4-8a3d-47db-b3f8-20b0bcb8a3f5: receive RaftClientReply:client-7D6108789623->f80c66c4-8a3d-47db-b3f8-20b0bcb8a3f5@group-7D2873B646E2, cid=1791, SUCCESS, logIndex=2571, commits[f80c66c4-8a3d-47db-b3f8-20b0bcb8a3f5:c2571, 6e9bc0f4-a324-4be3-b201-2d39df7dad8a:c2569, cffe1303-2f93-4087-8a62-a40745db49f2:c2569]
2019-07-10 09:50:50,096 INFO  client.GrpcClientProtocolClient (GrpcClientProtocolClient.java:onNext(255)) - client-7D6108789623->f80c66c4-8a3d-47db-b3f8-20b0bcb8a3f5: receive RaftClientReply:client-7D6108789623->f80c66c4-8a3d-47db-b3f8-20b0bcb8a3f5@group-7D2873B646E2, cid=1792, SUCCESS, logIndex=2574, commits[f80c66c4-8a3d-47db-b3f8-20b0bcb8a3f5:c2575, 6e9bc0f4-a324-4be3-b201-2d39df7dad8a:c2571, cffe1303-2f93-4087-8a62-a40745db49f2:c2571]
2019-07-10 09:50:50,096 INFO  client.GrpcClientProtocolClient (GrpcClientProtocolClient.java:onNext(255)) - client-7D6108789623->f80c66c4-8a3d-47db-b3f8-20b0bcb8a3f5: receive RaftClientReply:client-7D6108789623->f80c66c4-8a3d-47db-b3f8-20b0bcb8a3f5@group-7D2873B646E2, cid=1793, SUCCESS, logIndex=2575, commits[f80c66c4-8a3d-47db-b3f8-20b0bcb8a3f5:c2575, 6e9bc0f4-a324-4be3-b201-2d39df7dad8a:c2571, cffe1303-2f93-4087-8a62-a40745db49f2:c2571]
2019-07-10 09:50:50,116 INFO  client.GrpcClientProtocolClient (GrpcClientProtocolClient.java:onNext(255)) - client-7D6108789623->f80c66c4-8a3d-47db-b3f8-20b0bcb8a3f5: receive RaftClientReply:client-7D6108789623->f80c66c4-8a3d-47db-b3f8-20b0bcb8a3f5@group-7D2873B646E2, cid=1794, SUCCESS, logIndex=0, commits[f80c66c4-8a3d-47db-b3f8-20b0bcb8a3f5:c2576, 6e9bc0f4-a324-4be3-b201-2d39df7dad8a:c2575, cffe1303-2f93-4087-8a62-a40745db49f2:c2575]
 0.00% |█                                                                                                    |  0/1 Time: 0:00:142019-07-10 09:50:50,156 INFO  client.GrpcClientProtocolClient (GrpcClientProtocolClient.java:onNext(255)) - client-7D6108789623->f80c66c4-8a3d-47db-b3f8-20b0bcb8a3f5: receive RaftClientReply:client-7D6108789623->f80c66c4-8a3d-47db-b3f8-20b0bcb8a3f5@group-7D2873B646E2, cid=1795, SUCCESS, logIndex=2578, commits[f80c66c4-8a3d-47db-b3f8-20b0bcb8a3f5:c2581, 6e9bc0f4-a324-4be3-b201-2d39df7dad8a:c2577, cffe1303-2f93-4087-8a62-a40745db49f2:c2577]
2019-07-10 09:50:50,156 INFO  client.GrpcClientProtocolClient (GrpcClientProtocolClient.java:onNext(255)) - client-7D6108789623->f80c66c4-8a3d-47db-b3f8-20b0bcb8a3f5: receive RaftClientReply:client-7D6108789623->f80c66c4-8a3d-47db-b3f8-20b0bcb8a3f5@group-7D2873B646E2, cid=1796, SUCCESS, logIndex=2579, commits[f80c66c4-8a3d-47db-b3f8-20b0bcb8a3f5:c2581, 6e9bc0f4-a324-4be3-b201-2d39df7dad8a:c2577, cffe1303-2f93-4087-8a62-a40745db49f2:c2577]
2019-07-10 09:50:50,157 INFO  client.GrpcClientProtocolClient (GrpcClientProtocolClient.java:onNext(255)) - client-7D6108789623->f80c66c4-8a3d-47db-b3f8-20b0bcb8a3f5: receive RaftClientReply:client-7D6108789623->f80c66c4-8a3d-47db-b3f8-20b0bcb8a3f5@group-7D2873B646E2, cid=1797, SUCCESS, logIndex=2580, commits[f80c66c4-8a3d-47db-b3f8-20b0bcb8a3f5:c2581, 6e9bc0f4-a324-4be3-b201-2d39df7dad8a:c2577, cffe1303-2f93-4087-8a62-a40745db49f2:c2577]
2019-07-10 09:50:50,157 INFO  client.GrpcClientProtocolClient (GrpcClientProtocolClient.java:onNext(255)) - client-7D6108789623->f80c66c4-8a3d-47db-b3f8-20b0bcb8a3f5: receive RaftClientReply:client-7D6108789623->f80c66c4-8a3d-47db-b3f8-20b0bcb8a3f5@group-7D2873B646E2, cid=1798, SUCCESS, logIndex=2581, commits[f80c66c4-8a3d-47db-b3f8-20b0bcb8a3f5:c2581, 6e9bc0f4-a324-4be3-b201-2d39df7dad8a:c2577, cffe1303-2f93-4087-8a62-a40745db49f2:c2577]
2019-07-10 09:50:50,166 INFO  client.GrpcClientProtocolClient (GrpcClientProtocolClient.java:onNext(255)) - client-7D6108789623->f80c66c4-8a3d-47db-b3f8-20b0bcb8a3f5: receive RaftClientReply:client-7D6108789623->f80c66c4-8a3d-47db-b3f8-20b0bcb8a3f5@group-7D2873B646E2, cid=1799, SUCCESS, logIndex=0, commits[f80c66c4-8a3d-47db-b3f8-20b0bcb8a3f5:c2582, 6e9bc0f4-a324-4be3-b201-2d39df7dad8a:c2581, cffe1303-2f93-4087-8a62-a40745db49f2:c2581]
2019-07-10 09:50:50,187 INFO  client.GrpcClientProtocolClient (GrpcClientProtocolClient.java:onNext(255)) - client-7D6108789623->f80c66c4-8a3d-47db-b3f8-20b0bcb8a3f5: receive RaftClientReply:client-7D6108789623->f80c66c4-8a3d-47db-b3f8-20b0bcb8a3f5@group-7D2873B646E2, cid=1800, SUCCESS, logIndex=2584, commits[f80c66c4-8a3d-47db-b3f8-20b0bcb8a3f5:c2585, 6e9bc0f4-a324-4be3-b201-2d39df7dad8a:c2581, cffe1303-2f93-4087-8a62-a40745db49f2:c2582]
2019-07-10 09:50:50,187 INFO  client.GrpcClientProtocolClient (GrpcClientProtocolClient.java:onNext(255)) - client-7D6108789623->f80c66c4-8a3d-47db-b3f8-20b0bcb8a3f5: receive RaftClientReply:client-7D6108789623->f80c66c4-8a3d-47db-b3f8-20b0bcb8a3f5@group-7D2873B646E2, cid=1801, SUCCESS, logIndex=2585, commits[f80c66c4-8a3d-47db-b3f8-20b0bcb8a3f5:c2585, 6e9bc0f4-a324-4be3-b201-2d39df7dad8a:c2582, cffe1303-2f93-4087-8a62-a40745db49f2:c2582]
2019-07-10 09:50:50,206 INFO  client.GrpcClientProtocolClient (GrpcClientProtocolClient.java:onNext(255)) - client-7D6108789623->f80c66c4-8a3d-47db-b3f8-20b0bcb8a3f5: receive RaftClientReply:client-7D6108789623->f80c66c4-8a3d-47db-b3f8-20b0bcb8a3f5@group-7D2873B646E2, cid=1802, SUCCESS, logIndex=2588, commits[f80c66c4-8a3d-47db-b3f8-20b0bcb8a3f5:c2589, 6e9bc0f4-a324-4be3-b201-2d39df7dad8a:c2587, cffe1303-2f93-4087-8a62-a40745db49f2:c2587]
2019-07-10 09:50:50,206 INFO  client.GrpcClientProtocolClient (GrpcClientProtocolClient.java:onNext(255)) - client-7D6108789623->f80c66c4-8a3d-47db-b3f8-20b0bcb8a3f5: receive RaftClientReply:client-7D6108789623->f80c66c4-8a3d-47db-b3f8-20b0bcb8a3f5@group-7D2873B646E2, cid=1803, SUCCESS, logIndex=2589, commits[f80c66c4-8a3d-47db-b3f8-20b0bcb8a3f5:c2589, 6e9bc0f4-a324-4be3-b201-2d39df7dad8a:c2587, cffe1303-2f93-4087-8a62-a40745db49f2:c2587]
2019-07-10 09:50:50,219 INFO  client.GrpcClientProtocolClient (GrpcClientProtocolClient.java:onNext(255)) - client-7D6108789623->f80c66c4-8a3d-47db-b3f8-20b0bcb8a3f5: receive RaftClientReply:client-7D6108789623->f80c66c4-8a3d-47db-b3f8-20b0bcb8a3f5@group-7D2873B646E2, cid=1804, SUCCESS, logIndex=0, commits[f80c66c4-8a3d-47db-b3f8-20b0bcb8a3f5:c2591, 6e9bc0f4-a324-4be3-b201-2d39df7dad8a:c2589, cffe1303-2f93-4087-8a62-a40745db49f2:c2589]
2019-07-10 09:50:50,249 INFO  client.GrpcClientProtocolClient (GrpcClientProtocolClient.java:onNext(255)) - client-7D6108789623->f80c66c4-8a3d-47db-b3f8-20b0bcb8a3f5: receive RaftClientReply:client-7D6108789623->f80c66c4-8a3d-47db-b3f8-20b0bcb8a3f5@group-7D2873B646E2, cid=1805, SUCCESS, logIndex=2592, commits[f80c66c4-8a3d-47db-b3f8-20b0bcb8a3f5:c2592, 6e9bc0f4-a324-4be3-b201-2d39df7dad8a:c2591, cffe1303-2f93-4087-8a62-a40745db49f2:c2591]
2019-07-10 09:50:50,249 INFO  client.GrpcClientProtocolClient (GrpcClientProtocolClient.java:onNext(255)) - client-7D6108789623->f80c66c4-8a3d-47db-b3f8-20b0bcb8a3f5: receive RaftClientReply:client-7D6108789623->f80c66c4-8a3d-47db-b3f8-20b0bcb8a3f5@group-7D2873B646E2, cid=1806, SUCCESS, logIndex=2593, commits[f80c66c4-8a3d-47db-b3f8-20b0bcb8a3f5:c2595, 6e9bc0f4-a324-4be3-b201-2d39df7dad8a:c2591, cffe1303-2f93-4087-8a62-a40745db49f2:c2591]
2019-07-10 09:50:50,250 INFO  client.GrpcClientProtocolClient (GrpcClientProtocolClient.java:onNext(255)) - client-7D6108789623->f80c66c4-8a3d-47db-b3f8-20b0bcb8a3f5: receive RaftClientReply:client-7D6108789623->f80c66c4-8a3d-47db-b3f8-20b0bcb8a3f5@group-7D2873B646E2, cid=1807, SUCCESS, logIndex=2594, commits[f80c66c4-8a3d-47db-b3f8-20b0bcb8a3f5:c2595, 6e9bc0f4-a324-4be3-b201-2d39df7dad8a:c2591, cffe1303-2f93-4087-8a62-a40745db49f2:c2591]
2019-07-10 09:50:50,250 INFO  client.GrpcClientProtocolClient (GrpcClientProtocolClient.java:onNext(255)) - client-7D6108789623->f80c66c4-8a3d-47db-b3f8-20b0bcb8a3f5: receive RaftClientReply:client-7D6108789623->f80c66c4-8a3d-47db-b3f8-20b0bcb8a3f5@group-7D2873B646E2, cid=1808, SUCCESS, logIndex=2595, commits[f80c66c4-8a3d-47db-b3f8-20b0bcb8a3f5:c2595, 6e9bc0f4-a324-4be3-b201-2d39df7dad8a:c2591, cffe1303-2f93-4087-8a62-a40745db49f2:c2591]
2019-07-10 09:50:50,258 INFO  client.GrpcClientProtocolClient (GrpcClientProtocolClient.java:onNext(255)) - client-7D6108789623->f80c66c4-8a3d-47db-b3f8-20b0bcb8a3f5: receive RaftClientReply:client-7D6108789623->f80c66c4-8a3d-47db-b3f8-20b0bcb8a3f5@group-7D2873B646E2, cid=1809, SUCCESS, logIndex=0, commits[f80c66c4-8a3d-47db-b3f8-20b0bcb8a3f5:c2596, 6e9bc0f4-a324-4be3-b201-2d39df7dad8a:c2593, cffe1303-2f93-4087-8a62-a40745db49f2:c2593]
2019-07-10 09:50:50,276 INFO  client.GrpcClientProtocolClient (GrpcClientProtocolClient.java:onNext(255)) - client-7D6108789623->f80c66c4-8a3d-47db-b3f8-20b0bcb8a3f5: receive RaftClientReply:client-7D6108789623->f80c66c4-8a3d-47db-b3f8-20b0bcb8a3f5@group-7D2873B646E2, cid=1810, SUCCESS, logIndex=2600, commits[f80c66c4-8a3d-47db-b3f8-20b0bcb8a3f5:c2601, 6e9bc0f4-a324-4be3-b201-2d39df7dad8a:c2599, cffe1303-2f93-4087-8a62-a40745db49f2:c2599]
2019-07-10 09:50:50,276 INFO  client.GrpcClientProtocolClient (GrpcClientProtocolClient.java:onNext(255)) - client-7D6108789623->f80c66c4-8a3d-47db-b3f8-20b0bcb8a3f5: receive RaftClientReply:client-7D6108789623->f80c66c4-8a3d-47db-b3f8-20b0bcb8a3f5@group-7D2873B646E2, cid=1811, SUCCESS, logIndex=2601, commits[f80c66c4-8a3d-47db-b3f8-20b0bcb8a3f5:c2601, 6e9bc0f4-a324-4be3-b201-2d39df7dad8a:c2599, cffe1303-2f93-4087-8a62-a40745db49f2:c2599]
2019-07-10 09:50:50,297 INFO  client.GrpcClientProtocolClient (GrpcClientProtocolClient.java:onNext(255)) - client-7D6108789623->f80c66c4-8a3d-47db-b3f8-20b0bcb8a3f5: receive RaftClientReply:client-7D6108789623->f80c66c4-8a3d-47db-b3f8-20b0bcb8a3f5@group-7D2873B646E2, cid=1812, SUCCESS, logIndex=2604, commits[f80c66c4-8a3d-47db-b3f8-20b0bcb8a3f5:c2605, 6e9bc0f4-a324-4be3-b201-2d39df7dad8a:c2601, cffe1303-2f93-4087-8a62-a40745db49f2:c2601]
2019-07-10 09:50:50,297 INFO  client.GrpcClientProtocolClient (GrpcClientProtocolClient.java:onNext(255)) - client-7D6108789623->f80c66c4-8a3d-47db-b3f8-20b0bcb8a3f5: receive RaftClientReply:client-7D6108789623->f80c66c4-8a3d-47db-b3f8-20b0bcb8a3f5@group-7D2873B646E2, cid=1813, SUCCESS, logIndex=2605, commits[f80c66c4-8a3d-47db-b3f8-20b0bcb8a3f5:c2605, 6e9bc0f4-a324-4be3-b201-2d39df7dad8a:c2601, cffe1303-2f93-4087-8a62-a40745db49f2:c2601]
2019-07-10 09:50:50,309 INFO  client.GrpcClientProtocolClient (GrpcClientProtocolClient.java:onNext(255)) - client-7D6108789623->f80c66c4-8a3d-47db-b3f8-20b0bcb8a3f5: receive RaftClientReply:client-7D6108789623->f80c66c4-8a3d-47db-b3f8-20b0bcb8a3f5@group-7D2873B646E2, cid=1814, SUCCESS, logIndex=0, commits[f80c66c4-8a3d-47db-b3f8-20b0bcb8a3f5:c2607, 6e9bc0f4-a324-4be3-b201-2d39df7dad8a:c2605, cffe1303-2f93-4087-8a62-a40745db49f2:c2605]
2019-07-10 09:50:50,339 INFO  client.GrpcClientProtocolClient (GrpcClientProtocolClient.java:onNext(255)) - client-7D6108789623->f80c66c4-8a3d-47db-b3f8-20b0bcb8a3f5: receive RaftClientReply:client-7D6108789623->f80c66c4-8a3d-47db-b3f8-20b0bcb8a3f5@group-7D2873B646E2, cid=1815, SUCCESS, logIndex=2608, commits[f80c66c4-8a3d-47db-b3f8-20b0bcb8a3f5:c2610, 6e9bc0f4-a324-4be3-b201-2d39df7dad8a:c2607, cffe1303-2f93-4087-8a62-a40745db49f2:c2605]
2019-07-10 09:50:50,339 INFO  client.GrpcClientProtocolClient (GrpcClientProtocolClient.java:onNext(255)) - client-7D6108789623->f80c66c4-8a3d-47db-b3f8-20b0bcb8a3f5: receive RaftClientReply:client-7D6108789623->f80c66c4-8a3d-47db-b3f8-20b0bcb8a3f5@group-7D2873B646E2, cid=1816, SUCCESS, logIndex=2609, commits[f80c66c4-8a3d-47db-b3f8-20b0bcb8a3f5:c2611, 6e9bc0f4-a324-4be3-b201-2d39df7dad8a:c2607, cffe1303-2f93-4087-8a62-a40745db49f2:c2607]
2019-07-10 09:50:50,340 INFO  client.GrpcClientProtocolClient (GrpcClientProtocolClient.java:onNext(255)) - client-7D6108789623->f80c66c4-8a3d-47db-b3f8-20b0bcb8a3f5: receive RaftClientReply:client-7D6108789623->f80c66c4-8a3d-47db-b3f8-20b0bcb8a3f5@group-7D2873B646E2, cid=1817, SUCCESS, logIndex=2610, commits[f80c66c4-8a3d-47db-b3f8-20b0bcb8a3f5:c2611, 6e9bc0f4-a324-4be3-b201-2d39df7dad8a:c2607, cffe1303-2f93-4087-8a62-a40745db49f2:c2607]
2019-07-10 09:50:50,340 INFO  client.GrpcClientProtocolClient (GrpcClientProtocolClient.java:onNext(255)) - client-7D6108789623->f80c66c4-8a3d-47db-b3f8-20b0bcb8a3f5: receive RaftClientReply:client-7D6108789623->f80c66c4-8a3d-47db-b3f8-20b0bcb8a3f5@group-7D2873B646E2, cid=1818, SUCCESS, logIndex=2611, commits[f80c66c4-8a3d-47db-b3f8-20b0bcb8a3f5:c2611, 6e9bc0f4-a324-4be3-b201-2d39df7dad8a:c2607, cffe1303-2f93-4087-8a62-a40745db49f2:c2607]
2019-07-10 09:50:50,360 INFO  client.GrpcClientProtocolClient (GrpcClientProtocolClient.java:onNext(255)) - client-7D6108789623->f80c66c4-8a3d-47db-b3f8-20b0bcb8a3f5: receive RaftClientReply:client-7D6108789623->f80c66c4-8a3d-47db-b3f8-20b0bcb8a3f5@group-7D2873B646E2, cid=1819, SUCCESS, logIndex=0, commits[f80c66c4-8a3d-47db-b3f8-20b0bcb8a3f5:c2612, 6e9bc0f4-a324-4be3-b201-2d39df7dad8a:c2609, cffe1303-2f93-4087-8a62-a40745db49f2:c2609]
2019-07-10 09:50:50,377 INFO  client.GrpcClientProtocolClient (GrpcClientProtocolClient.java:onNext(255)) - client-7D6108789623->f80c66c4-8a3d-47db-b3f8-20b0bcb8a3f5: receive RaftClientReply:client-7D6108789623->f80c66c4-8a3d-47db-b3f8-20b0bcb8a3f5@group-7D2873B646E2, cid=1820, SUCCESS, logIndex=2616, commits[f80c66c4-8a3d-47db-b3f8-20b0bcb8a3f5:c2617, 6e9bc0f4-a324-4be3-b201-2d39df7dad8a:c2615, cffe1303-2f93-4087-8a62-a40745db49f2:c2615]
2019-07-10 09:50:50,377 INFO  client.GrpcClientProtocolClient (GrpcClientProtocolClient.java:onNext(255)) - client-7D6108789623->f80c66c4-8a3d-47db-b3f8-20b0bcb8a3f5: receive RaftClientReply:client-7D6108789623->f80c66c4-8a3d-47db-b3f8-20b0bcb8a3f5@group-7D2873B646E2, cid=1821, SUCCESS, logIndex=2617, commits[f80c66c4-8a3d-47db-b3f8-20b0bcb8a3f5:c2617, 6e9bc0f4-a324-4be3-b201-2d39df7dad8a:c2615, cffe1303-2f93-4087-8a62-a40745db49f2:c2615]
2019-07-10 09:50:50,407 INFO  client.GrpcClientProtocolClient (GrpcClientProtocolClient.java:onNext(255)) - client-7D6108789623->f80c66c4-8a3d-47db-b3f8-20b0bcb8a3f5: receive RaftClientReply:client-7D6108789623->f80c66c4-8a3d-47db-b3f8-20b0bcb8a3f5@group-7D2873B646E2, cid=1822, SUCCESS, logIndex=2620, commits[f80c66c4-8a3d-47db-b3f8-20b0bcb8a3f5:c2621, 6e9bc0f4-a324-4be3-b201-2d39df7dad8a:c2617, cffe1303-2f93-4087-8a62-a40745db49f2:c2617]
2019-07-10 09:50:50,408 INFO  client.GrpcClientProtocolClient (GrpcClientProtocolClient.java:onNext(255)) - client-7D6108789623->f80c66c4-8a3d-47db-b3f8-20b0bcb8a3f5: receive RaftClientReply:client-7D6108789623->f80c66c4-8a3d-47db-b3f8-20b0bcb8a3f5@group-7D2873B646E2, cid=1823, SUCCESS, logIndex=2621, commits[f80c66c4-8a3d-47db-b3f8-20b0bcb8a3f5:c2621, 6e9bc0f4-a324-4be3-b201-2d39df7dad8a:c2617, cffe1303-2f93-4087-8a62-a40745db49f2:c2617]
2019-07-10 09:50:50,430 INFO  client.GrpcClientProtocolClient (GrpcClientProtocolClient.java:onNext(255)) - client-7D6108789623->f80c66c4-8a3d-47db-b3f8-20b0bcb8a3f5: receive RaftClientReply:client-7D6108789623->f80c66c4-8a3d-47db-b3f8-20b0bcb8a3f5@group-7D2873B646E2, cid=1824, SUCCESS, logIndex=0, commits[f80c66c4-8a3d-47db-b3f8-20b0bcb8a3f5:c2623, 6e9bc0f4-a324-4be3-b201-2d39df7dad8a:c2621, cffe1303-2f93-4087-8a62-a40745db49f2:c2621]
2019-07-10 09:50:50,458 INFO  client.GrpcClientProtocolClient (GrpcClientProtocolClient.java:onNext(255)) - client-7D6108789623->f80c66c4-8a3d-47db-b3f8-20b0bcb8a3f5: receive RaftClientReply:client-7D6108789623->f80c66c4-8a3d-47db-b3f8-20b0bcb8a3f5@group-7D2873B646E2, cid=1825, SUCCESS, logIndex=2624, commits[f80c66c4-8a3d-47db-b3f8-20b0bcb8a3f5:c2625, 6e9bc0f4-a324-4be3-b201-2d39df7dad8a:c2623, cffe1303-2f93-4087-8a62-a40745db49f2:c2623]
2019-07-10 09:50:50,459 INFO  client.GrpcClientProtocolClient (GrpcClientProtocolClient.java:onNext(255)) - client-7D6108789623->f80c66c4-8a3d-47db-b3f8-20b0bcb8a3f5: receive RaftClientReply:client-7D6108789623->f80c66c4-8a3d-47db-b3f8-20b0bcb8a3f5@group-7D2873B646E2, cid=1826, SUCCESS, logIndex=2625, commits[f80c66c4-8a3d-47db-b3f8-20b0bcb8a3f5:c2625, 6e9bc0f4-a324-4be3-b201-2d39df7dad8a:c2623, cffe1303-2f93-4087-8a62-a40745db49f2:c2623]
2019-07-10 09:50:50,460 INFO  client.GrpcClientProtocolClient (GrpcClientProtocolClient.java:onNext(255)) - client-7D6108789623->f80c66c4-8a3d-47db-b3f8-20b0bcb8a3f5: receive RaftClientReply:client-7D6108789623->f80c66c4-8a3d-47db-b3f8-20b0bcb8a3f5@group-7D2873B646E2, cid=1827, SUCCESS, logIndex=2626, commits[f80c66c4-8a3d-47db-b3f8-20b0bcb8a3f5:c2627, 6e9bc0f4-a324-4be3-b201-2d39df7dad8a:c2623, cffe1303-2f93-4087-8a62-a40745db49f2:c2623]
2019-07-10 09:50:50,460 INFO  client.GrpcClientProtocolClient (GrpcClientProtocolClient.java:onNext(255)) - client-7D6108789623->f80c66c4-8a3d-47db-b3f8-20b0bcb8a3f5: receive RaftClientReply:client-7D6108789623->f80c66c4-8a3d-47db-b3f8-20b0bcb8a3f5@group-7D2873B646E2, cid=1828, SUCCESS, logIndex=2627, commits[f80c66c4-8a3d-47db-b3f8-20b0bcb8a3f5:c2627, 6e9bc0f4-a324-4be3-b201-2d39df7dad8a:c2623, cffe1303-2f93-4087-8a62-a40745db49f2:c2623]
2019-07-10 09:50:50,463 INFO  client.GrpcClientProtocolClient (GrpcClientProtocolClient.java:onNext(255)) - client-7D6108789623->f80c66c4-8a3d-47db-b3f8-20b0bcb8a3f5: receive RaftClientReply:client-7D6108789623->f80c66c4-8a3d-47db-b3f8-20b0bcb8a3f5@group-7D2873B646E2, cid=1829, SUCCESS, logIndex=0, commits[f80c66c4-8a3d-47db-b3f8-20b0bcb8a3f5:c2629, 6e9bc0f4-a324-4be3-b201-2d39df7dad8a:c2625, cffe1303-2f93-4087-8a62-a40745db49f2:c2625]
2019-07-10 09:50:50,484 INFO  client.GrpcClientProtocolClient (GrpcClientProtocolClient.java:onNext(255)) - client-7D6108789623->f80c66c4-8a3d-47db-b3f8-20b0bcb8a3f5: receive RaftClientReply:client-7D6108789623->f80c66c4-8a3d-47db-b3f8-20b0bcb8a3f5@group-7D2873B646E2, cid=1830, SUCCESS, logIndex=2632, commits[f80c66c4-8a3d-47db-b3f8-20b0bcb8a3f5:c2633, 6e9bc0f4-a324-4be3-b201-2d39df7dad8a:c2629, cffe1303-2f93-4087-8a62-a40745db49f2:c2629]
2019-07-10 09:50:50,484 INFO  client.GrpcClientProtocolClient (GrpcClientProtocolClient.java:onNext(255)) - client-7D6108789623->f80c66c4-8a3d-47db-b3f8-20b0bcb8a3f5: receive RaftClientReply:client-7D6108789623->f80c66c4-8a3d-47db-b3f8-20b0bcb8a3f5@group-7D2873B646E2, cid=1831, SUCCESS, logIndex=2633, commits[f80c66c4-8a3d-47db-b3f8-20b0bcb8a3f5:c2633, 6e9bc0f4-a324-4be3-b201-2d39df7dad8a:c2629, cffe1303-2f93-4087-8a62-a40745db49f2:c2629]
2019-07-10 09:50:50,514 INFO  client.GrpcClientProtocolClient (GrpcClientProtocolClient.java:onNext(255)) - client-7D6108789623->f80c66c4-8a3d-47db-b3f8-20b0bcb8a3f5: receive RaftClientReply:client-7D6108789623->f80c66c4-8a3d-47db-b3f8-20b0bcb8a3f5@group-7D2873B646E2, cid=1832, SUCCESS, logIndex=2636, commits[f80c66c4-8a3d-47db-b3f8-20b0bcb8a3f5:c2637, 6e9bc0f4-a324-4be3-b201-2d39df7dad8a:c2633, cffe1303-2f93-4087-8a62-a40745db49f2:c2633]
2019-07-10 09:50:50,514 INFO  client.GrpcClientProtocolClient (GrpcClientProtocolClient.java:onNext(255)) - client-7D6108789623->f80c66c4-8a3d-47db-b3f8-20b0bcb8a3f5: receive RaftClientReply:client-7D6108789623->f80c66c4-8a3d-47db-b3f8-20b0bcb8a3f5@group-7D2873B646E2, cid=1833, SUCCESS, logIndex=2637, commits[f80c66c4-8a3d-47db-b3f8-20b0bcb8a3f5:c2637, 6e9bc0f4-a324-4be3-b201-2d39df7dad8a:c2633, cffe1303-2f93-4087-8a62-a40745db49f2:c2633]
2019-07-10 09:50:51,030 INFO  client.GrpcClientProtocolClient (GrpcClientProtocolClient.java:onNext(255)) - client-7D6108789623->f80c66c4-8a3d-47db-b3f8-20b0bcb8a3f5: receive RaftClientReply:client-7D6108789623->f80c66c4-8a3d-47db-b3f8-20b0bcb8a3f5@group-7D2873B646E2, cid=1834, SUCCESS, logIndex=0, commits[f80c66c4-8a3d-47db-b3f8-20b0bcb8a3f5:c2639, 6e9bc0f4-a324-4be3-b201-2d39df7dad8a:c2639, cffe1303-2f93-4087-8a62-a40745db49f2:c2639]
2019-07-10 09:50:51,066 INFO  client.GrpcClientProtocolClient (GrpcClientProtocolClient.java:onNext(255)) - client-7D6108789623->f80c66c4-8a3d-47db-b3f8-20b0bcb8a3f5: receive RaftClientReply:client-7D6108789623->f80c66c4-8a3d-47db-b3f8-20b0bcb8a3f5@group-7D2873B646E2, cid=1835, SUCCESS, logIndex=2640, commits[f80c66c4-8a3d-47db-b3f8-20b0bcb8a3f5:c2641, 6e9bc0f4-a324-4be3-b201-2d39df7dad8a:c2639, cffe1303-2f93-4087-8a62-a40745db49f2:c2639]
2019-07-10 09:50:51,066 INFO  client.GrpcClientProtocolClient (GrpcClientProtocolClient.java:onNext(255)) - client-7D6108789623->f80c66c4-8a3d-47db-b3f8-20b0bcb8a3f5: receive RaftClientReply:client-7D6108789623->f80c66c4-8a3d-47db-b3f8-20b0bcb8a3f5@group-7D2873B646E2, cid=1836, SUCCESS, logIndex=2641, commits[f80c66c4-8a3d-47db-b3f8-20b0bcb8a3f5:c2641, 6e9bc0f4-a324-4be3-b201-2d39df7dad8a:c2639, cffe1303-2f93-4087-8a62-a40745db49f2:c2639]
2019-07-10 09:50:51,067 INFO  client.GrpcClientProtocolClient (GrpcClientProtocolClient.java:onNext(255)) - client-7D6108789623->f80c66c4-8a3d-47db-b3f8-20b0bcb8a3f5: receive RaftClientReply:client-7D6108789623->f80c66c4-8a3d-47db-b3f8-20b0bcb8a3f5@group-7D2873B646E2, cid=1837, SUCCESS, logIndex=2642, commits[f80c66c4-8a3d-47db-b3f8-20b0bcb8a3f5:c2643, 6e9bc0f4-a324-4be3-b201-2d39df7dad8a:c2639, cffe1303-2f93-4087-8a62-a40745db49f2:c2639]
2019-07-10 09:50:51,068 INFO  client.GrpcClientProtocolClient (GrpcClientProtocolClient.java:onNext(255)) - client-7D6108789623->f80c66c4-8a3d-47db-b3f8-20b0bcb8a3f5: receive RaftClientReply:client-7D6108789623->f80c66c4-8a3d-47db-b3f8-20b0bcb8a3f5@group-7D2873B646E2, cid=1838, SUCCESS, logIndex=2643, commits[f80c66c4-8a3d-47db-b3f8-20b0bcb8a3f5:c2643, 6e9bc0f4-a324-4be3-b201-2d39df7dad8a:c2639, cffe1303-2f93-4087-8a62-a40745db49f2:c2639]
2019-07-10 09:50:51,078 INFO  client.GrpcClientProtocolClient (GrpcClientProtocolClient.java:onNext(255)) - client-7D6108789623->f80c66c4-8a3d-47db-b3f8-20b0bcb8a3f5: receive RaftClientReply:client-7D6108789623->f80c66c4-8a3d-47db-b3f8-20b0bcb8a3f5@group-7D2873B646E2, cid=1839, SUCCESS, logIndex=0, commits[f80c66c4-8a3d-47db-b3f8-20b0bcb8a3f5:c2645, 6e9bc0f4-a324-4be3-b201-2d39df7dad8a:c2641, cffe1303-2f93-4087-8a62-a40745db49f2:c2641]
2019-07-10 09:50:51,097 INFO  client.GrpcClientProtocolClient (GrpcClientProtocolClient.java:onNext(255)) - client-7D6108789623->f80c66c4-8a3d-47db-b3f8-20b0bcb8a3f5: receive RaftClientReply:client-7D6108789623->f80c66c4-8a3d-47db-b3f8-20b0bcb8a3f5@group-7D2873B646E2, cid=1840, SUCCESS, logIndex=2648, commits[f80c66c4-8a3d-47db-b3f8-20b0bcb8a3f5:c2649, 6e9bc0f4-a324-4be3-b201-2d39df7dad8a:c2647, cffe1303-2f93-4087-8a62-a40745db49f2:c2647]
2019-07-10 09:50:51,098 INFO  client.GrpcClientProtocolClient (GrpcClientProtocolClient.java:onNext(255)) - client-7D6108789623->f80c66c4-8a3d-47db-b3f8-20b0bcb8a3f5: receive RaftClientReply:client-7D6108789623->f80c66c4-8a3d-47db-b3f8-20b0bcb8a3f5@group-7D2873B646E2, cid=1841, SUCCESS, logIndex=2649, commits[f80c66c4-8a3d-47db-b3f8-20b0bcb8a3f5:c2649, 6e9bc0f4-a324-4be3-b201-2d39df7dad8a:c2647, cffe1303-2f93-4087-8a62-a40745db49f2:c2647]
2019-07-10 09:50:51,127 INFO  client.GrpcClientProtocolClient (GrpcClientProtocolClient.java:onNext(255)) - client-7D6108789623->f80c66c4-8a3d-47db-b3f8-20b0bcb8a3f5: receive RaftClientReply:client-7D6108789623->f80c66c4-8a3d-47db-b3f8-20b0bcb8a3f5@group-7D2873B646E2, cid=1842, SUCCESS, logIndex=2652, commits[f80c66c4-8a3d-47db-b3f8-20b0bcb8a3f5:c2653, 6e9bc0f4-a324-4be3-b201-2d39df7dad8a:c2649, cffe1303-2f93-4087-8a62-a40745db49f2:c2649]
2019-07-10 09:50:51,127 INFO  client.GrpcClientProtocolClient (GrpcClientProtocolClient.java:onNext(255)) - client-7D6108789623->f80c66c4-8a3d-47db-b3f8-20b0bcb8a3f5: receive RaftClientReply:client-7D6108789623->f80c66c4-8a3d-47db-b3f8-20b0bcb8a3f5@group-7D2873B646E2, cid=1843, SUCCESS, logIndex=2653, commits[f80c66c4-8a3d-47db-b3f8-20b0bcb8a3f5:c2653, 6e9bc0f4-a324-4be3-b201-2d39df7dad8a:c2649, cffe1303-2f93-4087-8a62-a40745db49f2:c2649]
2019-07-10 09:50:51,129 INFO  client.GrpcClientProtocolClient (GrpcClientProtocolClient.java:onNext(255)) - client-7D6108789623->f80c66c4-8a3d-47db-b3f8-20b0bcb8a3f5: receive RaftClientReply:client-7D6108789623->f80c66c4-8a3d-47db-b3f8-20b0bcb8a3f5@group-7D2873B646E2, cid=1844, SUCCESS, logIndex=0, commits[f80c66c4-8a3d-47db-b3f8-20b0bcb8a3f5:c2654, 6e9bc0f4-a324-4be3-b201-2d39df7dad8a:c2653, cffe1303-2f93-4087-8a62-a40745db49f2:c2653]
 0.00% |█                                                                                                    |  0/1 Time: 0:00:152019-07-10 09:50:51,158 INFO  client.GrpcClientProtocolClient (GrpcClientProtocolClient.java:onNext(255)) - client-7D6108789623->f80c66c4-8a3d-47db-b3f8-20b0bcb8a3f5: receive RaftClientReply:client-7D6108789623->f80c66c4-8a3d-47db-b3f8-20b0bcb8a3f5@group-7D2873B646E2, cid=1845, SUCCESS, logIndex=2656, commits[f80c66c4-8a3d-47db-b3f8-20b0bcb8a3f5:c2657, 6e9bc0f4-a324-4be3-b201-2d39df7dad8a:c2655, cffe1303-2f93-4087-8a62-a40745db49f2:c2655]
2019-07-10 09:50:51,158 INFO  client.GrpcClientProtocolClient (GrpcClientProtocolClient.java:onNext(255)) - client-7D6108789623->f80c66c4-8a3d-47db-b3f8-20b0bcb8a3f5: receive RaftClientReply:client-7D6108789623->f80c66c4-8a3d-47db-b3f8-20b0bcb8a3f5@group-7D2873B646E2, cid=1846, SUCCESS, logIndex=2657, commits[f80c66c4-8a3d-47db-b3f8-20b0bcb8a3f5:c2657, 6e9bc0f4-a324-4be3-b201-2d39df7dad8a:c2655, cffe1303-2f93-4087-8a62-a40745db49f2:c2655]
2019-07-10 09:50:51,159 INFO  client.GrpcClientProtocolClient (GrpcClientProtocolClient.java:onNext(255)) - client-7D6108789623->f80c66c4-8a3d-47db-b3f8-20b0bcb8a3f5: receive RaftClientReply:client-7D6108789623->f80c66c4-8a3d-47db-b3f8-20b0bcb8a3f5@group-7D2873B646E2, cid=1847, SUCCESS, logIndex=2658, commits[f80c66c4-8a3d-47db-b3f8-20b0bcb8a3f5:c2659, 6e9bc0f4-a324-4be3-b201-2d39df7dad8a:c2655, cffe1303-2f93-4087-8a62-a40745db49f2:c2655]
2019-07-10 09:50:51,159 INFO  client.GrpcClientProtocolClient (GrpcClientProtocolClient.java:onNext(255)) - client-7D6108789623->f80c66c4-8a3d-47db-b3f8-20b0bcb8a3f5: receive RaftClientReply:client-7D6108789623->f80c66c4-8a3d-47db-b3f8-20b0bcb8a3f5@group-7D2873B646E2, cid=1848, SUCCESS, logIndex=2659, commits[f80c66c4-8a3d-47db-b3f8-20b0bcb8a3f5:c2659, 6e9bc0f4-a324-4be3-b201-2d39df7dad8a:c2655, cffe1303-2f93-4087-8a62-a40745db49f2:c2655]
2019-07-10 09:50:51,173 INFO  client.GrpcClientProtocolClient (GrpcClientProtocolClient.java:onNext(255)) - client-7D6108789623->f80c66c4-8a3d-47db-b3f8-20b0bcb8a3f5: receive RaftClientReply:client-7D6108789623->f80c66c4-8a3d-47db-b3f8-20b0bcb8a3f5@group-7D2873B646E2, cid=1849, SUCCESS, logIndex=0, commits[f80c66c4-8a3d-47db-b3f8-20b0bcb8a3f5:c2661, 6e9bc0f4-a324-4be3-b201-2d39df7dad8a:c2657, cffe1303-2f93-4087-8a62-a40745db49f2:c2657]
2019-07-10 09:50:51,193 INFO  client.GrpcClientProtocolClient (GrpcClientProtocolClient.java:onNext(255)) - client-7D6108789623->f80c66c4-8a3d-47db-b3f8-20b0bcb8a3f5: receive RaftClientReply:client-7D6108789623->f80c66c4-8a3d-47db-b3f8-20b0bcb8a3f5@group-7D2873B646E2, cid=1850, SUCCESS, logIndex=2664, commits[f80c66c4-8a3d-47db-b3f8-20b0bcb8a3f5:c2665, 6e9bc0f4-a324-4be3-b201-2d39df7dad8a:c2659, cffe1303-2f93-4087-8a62-a40745db49f2:c2663]
2019-07-10 09:50:51,193 INFO  client.GrpcClientProtocolClient (GrpcClientProtocolClient.java:onNext(255)) - client-7D6108789623->f80c66c4-8a3d-47db-b3f8-20b0bcb8a3f5: receive RaftClientReply:client-7D6108789623->f80c66c4-8a3d-47db-b3f8-20b0bcb8a3f5@group-7D2873B646E2, cid=1851, SUCCESS, logIndex=2665, commits[f80c66c4-8a3d-47db-b3f8-20b0bcb8a3f5:c2665, 6e9bc0f4-a324-4be3-b201-2d39df7dad8a:c2663, cffe1303-2f93-4087-8a62-a40745db49f2:c2663]
2019-07-10 09:50:51,214 INFO  client.GrpcClientProtocolClient (GrpcClientProtocolClient.java:onNext(255)) - client-7D6108789623->f80c66c4-8a3d-47db-b3f8-20b0bcb8a3f5: receive RaftClientReply:client-7D6108789623->f80c66c4-8a3d-47db-b3f8-20b0bcb8a3f5@group-7D2873B646E2, cid=1852, SUCCESS, logIndex=2668, commits[f80c66c4-8a3d-47db-b3f8-20b0bcb8a3f5:c2668, 6e9bc0f4-a324-4be3-b201-2d39df7dad8a:c2667, cffe1303-2f93-4087-8a62-a40745db49f2:c2667]
2019-07-10 09:50:51,223 INFO  client.GrpcClientProtocolClient (GrpcClientProtocolClient.java:onNext(255)) - client-7D6108789623->f80c66c4-8a3d-47db-b3f8-20b0bcb8a3f5: receive RaftClientReply:client-7D6108789623->f80c66c4-8a3d-47db-b3f8-20b0bcb8a3f5@group-7D2873B646E2, cid=1853, SUCCESS, logIndex=2669, commits[f80c66c4-8a3d-47db-b3f8-20b0bcb8a3f5:c2669, 6e9bc0f4-a324-4be3-b201-2d39df7dad8a:c2667, cffe1303-2f93-4087-8a62-a40745db49f2:c2667]
2019-07-10 09:50:51,726 INFO  client.GrpcClientProtocolClient (GrpcClientProtocolClient.java:onNext(255)) - client-7D6108789623->f80c66c4-8a3d-47db-b3f8-20b0bcb8a3f5: receive RaftClientReply:client-7D6108789623->f80c66c4-8a3d-47db-b3f8-20b0bcb8a3f5@group-7D2873B646E2, cid=1854, SUCCESS, logIndex=0, commits[f80c66c4-8a3d-47db-b3f8-20b0bcb8a3f5:c2671, 6e9bc0f4-a324-4be3-b201-2d39df7dad8a:c2671, cffe1303-2f93-4087-8a62-a40745db49f2:c2671]
2019-07-10 09:50:51,764 INFO  client.GrpcClientProtocolClient (GrpcClientProtocolClient.java:onNext(255)) - client-7D6108789623->f80c66c4-8a3d-47db-b3f8-20b0bcb8a3f5: receive RaftClientReply:client-7D6108789623->f80c66c4-8a3d-47db-b3f8-20b0bcb8a3f5@group-7D2873B646E2, cid=1855, SUCCESS, logIndex=2672, commits[f80c66c4-8a3d-47db-b3f8-20b0bcb8a3f5:c2673, 6e9bc0f4-a324-4be3-b201-2d39df7dad8a:c2671, cffe1303-2f93-4087-8a62-a40745db49f2:c2671]
2019-07-10 09:50:51,764 INFO  client.GrpcClientProtocolClient (GrpcClientProtocolClient.java:onNext(255)) - client-7D6108789623->f80c66c4-8a3d-47db-b3f8-20b0bcb8a3f5: receive RaftClientReply:client-7D6108789623->f80c66c4-8a3d-47db-b3f8-20b0bcb8a3f5@group-7D2873B646E2, cid=1856, SUCCESS, logIndex=2673, commits[f80c66c4-8a3d-47db-b3f8-20b0bcb8a3f5:c2673, 6e9bc0f4-a324-4be3-b201-2d39df7dad8a:c2671, cffe1303-2f93-4087-8a62-a40745db49f2:c2671]
2019-07-10 09:50:51,770 INFO  client.GrpcClientProtocolClient (GrpcClientProtocolClient.java:onNext(255)) - client-7D6108789623->f80c66c4-8a3d-47db-b3f8-20b0bcb8a3f5: receive RaftClientReply:client-7D6108789623->f80c66c4-8a3d-47db-b3f8-20b0bcb8a3f5@group-7D2873B646E2, cid=1857, SUCCESS, logIndex=2674, commits[f80c66c4-8a3d-47db-b3f8-20b0bcb8a3f5:c2675, 6e9bc0f4-a324-4be3-b201-2d39df7dad8a:c2671, cffe1303-2f93-4087-8a62-a40745db49f2:c2671]
2019-07-10 09:50:51,771 INFO  client.GrpcClientProtocolClient (GrpcClientProtocolClient.java:onNext(255)) - client-7D6108789623->f80c66c4-8a3d-47db-b3f8-20b0bcb8a3f5: receive RaftClientReply:client-7D6108789623->f80c66c4-8a3d-47db-b3f8-20b0bcb8a3f5@group-7D2873B646E2, cid=1858, SUCCESS, logIndex=2675, commits[f80c66c4-8a3d-47db-b3f8-20b0bcb8a3f5:c2675, 6e9bc0f4-a324-4be3-b201-2d39df7dad8a:c2671, cffe1303-2f93-4087-8a62-a40745db49f2:c2671]
2019-07-10 09:50:51,785 INFO  client.GrpcClientProtocolClient (GrpcClientProtocolClient.java:onNext(255)) - client-7D6108789623->f80c66c4-8a3d-47db-b3f8-20b0bcb8a3f5: receive RaftClientReply:client-7D6108789623->f80c66c4-8a3d-47db-b3f8-20b0bcb8a3f5@group-7D2873B646E2, cid=1859, SUCCESS, logIndex=0, commits[f80c66c4-8a3d-47db-b3f8-20b0bcb8a3f5:c2676, 6e9bc0f4-a324-4be3-b201-2d39df7dad8a:c2673, cffe1303-2f93-4087-8a62-a40745db49f2:c2673]
2019-07-10 09:50:51,805 INFO  client.GrpcClientProtocolClient (GrpcClientProtocolClient.java:onNext(255)) - client-7D6108789623->f80c66c4-8a3d-47db-b3f8-20b0bcb8a3f5: receive RaftClientReply:client-7D6108789623->f80c66c4-8a3d-47db-b3f8-20b0bcb8a3f5@group-7D2873B646E2, cid=1860, SUCCESS, logIndex=2679, commits[f80c66c4-8a3d-47db-b3f8-20b0bcb8a3f5:c2680, 6e9bc0f4-a324-4be3-b201-2d39df7dad8a:c2677, cffe1303-2f93-4087-8a62-a40745db49f2:c2677]
2019-07-10 09:50:51,806 INFO  client.GrpcClientProtocolClient (GrpcClientProtocolClient.java:onNext(255)) - client-7D6108789623->f80c66c4-8a3d-47db-b3f8-20b0bcb8a3f5: receive RaftClientReply:client-7D6108789623->f80c66c4-8a3d-47db-b3f8-20b0bcb8a3f5@group-7D2873B646E2, cid=1861, SUCCESS, logIndex=2680, commits[f80c66c4-8a3d-47db-b3f8-20b0bcb8a3f5:c2680, 6e9bc0f4-a324-4be3-b201-2d39df7dad8a:c2677, cffe1303-2f93-4087-8a62-a40745db49f2:c2677]
2019-07-10 09:50:51,825 INFO  client.GrpcClientProtocolClient (GrpcClientProtocolClient.java:onNext(255)) - client-7D6108789623->f80c66c4-8a3d-47db-b3f8-20b0bcb8a3f5: receive RaftClientReply:client-7D6108789623->f80c66c4-8a3d-47db-b3f8-20b0bcb8a3f5@group-7D2873B646E2, cid=1862, SUCCESS, logIndex=2683, commits[f80c66c4-8a3d-47db-b3f8-20b0bcb8a3f5:c2684, 6e9bc0f4-a324-4be3-b201-2d39df7dad8a:c2682, cffe1303-2f93-4087-8a62-a40745db49f2:c2682]
2019-07-10 09:50:51,825 INFO  client.GrpcClientProtocolClient (GrpcClientProtocolClient.java:onNext(255)) - client-7D6108789623->f80c66c4-8a3d-47db-b3f8-20b0bcb8a3f5: receive RaftClientReply:client-7D6108789623->f80c66c4-8a3d-47db-b3f8-20b0bcb8a3f5@group-7D2873B646E2, cid=1863, SUCCESS, logIndex=2684, commits[f80c66c4-8a3d-47db-b3f8-20b0bcb8a3f5:c2684, 6e9bc0f4-a324-4be3-b201-2d39df7dad8a:c2682, cffe1303-2f93-4087-8a62-a40745db49f2:c2682]
2019-07-10 09:50:51,847 INFO  client.GrpcClientProtocolClient (GrpcClientProtocolClient.java:onNext(255)) - client-7D6108789623->f80c66c4-8a3d-47db-b3f8-20b0bcb8a3f5: receive RaftClientReply:client-7D6108789623->f80c66c4-8a3d-47db-b3f8-20b0bcb8a3f5@group-7D2873B646E2, cid=1864, SUCCESS, logIndex=0, commits[f80c66c4-8a3d-47db-b3f8-20b0bcb8a3f5:c2686, 6e9bc0f4-a324-4be3-b201-2d39df7dad8a:c2684, cffe1303-2f93-4087-8a62-a40745db49f2:c2684]
2019-07-10 09:50:51,982 INFO  client.GrpcClientProtocolClient (GrpcClientProtocolClient.java:onNext(255)) - client-7D6108789623->f80c66c4-8a3d-47db-b3f8-20b0bcb8a3f5: receive RaftClientReply:client-7D6108789623->f80c66c4-8a3d-47db-b3f8-20b0bcb8a3f5@group-7D2873B646E2, cid=1865, SUCCESS, logIndex=2687, commits[f80c66c4-8a3d-47db-b3f8-20b0bcb8a3f5:c2688, 6e9bc0f4-a324-4be3-b201-2d39df7dad8a:c2686, cffe1303-2f93-4087-8a62-a40745db49f2:c2686]
2019-07-10 09:50:51,983 INFO  client.GrpcClientProtocolClient (GrpcClientProtocolClient.java:onNext(255)) - client-7D6108789623->f80c66c4-8a3d-47db-b3f8-20b0bcb8a3f5: receive RaftClientReply:client-7D6108789623->f80c66c4-8a3d-47db-b3f8-20b0bcb8a3f5@group-7D2873B646E2, cid=1866, SUCCESS, logIndex=2688, commits[f80c66c4-8a3d-47db-b3f8-20b0bcb8a3f5:c2689, 6e9bc0f4-a324-4be3-b201-2d39df7dad8a:c2686, cffe1303-2f93-4087-8a62-a40745db49f2:c2686]
2019-07-10 09:50:51,983 INFO  client.GrpcClientProtocolClient (GrpcClientProtocolClient.java:onNext(255)) - client-7D6108789623->f80c66c4-8a3d-47db-b3f8-20b0bcb8a3f5: receive RaftClientReply:client-7D6108789623->f80c66c4-8a3d-47db-b3f8-20b0bcb8a3f5@group-7D2873B646E2, cid=1867, SUCCESS, logIndex=2689, commits[f80c66c4-8a3d-47db-b3f8-20b0bcb8a3f5:c2690, 6e9bc0f4-a324-4be3-b201-2d39df7dad8a:c2686, cffe1303-2f93-4087-8a62-a40745db49f2:c2686]
2019-07-10 09:50:51,984 INFO  client.GrpcClientProtocolClient (GrpcClientProtocolClient.java:onNext(255)) - client-7D6108789623->f80c66c4-8a3d-47db-b3f8-20b0bcb8a3f5: receive RaftClientReply:client-7D6108789623->f80c66c4-8a3d-47db-b3f8-20b0bcb8a3f5@group-7D2873B646E2, cid=1868, SUCCESS, logIndex=2690, commits[f80c66c4-8a3d-47db-b3f8-20b0bcb8a3f5:c2690, 6e9bc0f4-a324-4be3-b201-2d39df7dad8a:c2686, cffe1303-2f93-4087-8a62-a40745db49f2:c2686]
2019-07-10 09:50:51,987 INFO  client.GrpcClientProtocolClient (GrpcClientProtocolClient.java:onNext(255)) - client-7D6108789623->f80c66c4-8a3d-47db-b3f8-20b0bcb8a3f5: receive RaftClientReply:client-7D6108789623->f80c66c4-8a3d-47db-b3f8-20b0bcb8a3f5@group-7D2873B646E2, cid=1869, SUCCESS, logIndex=0, commits[f80c66c4-8a3d-47db-b3f8-20b0bcb8a3f5:c2694, 6e9bc0f4-a324-4be3-b201-2d39df7dad8a:c2688, cffe1303-2f93-4087-8a62-a40745db49f2:c2690]
2019-07-10 09:50:52,000 INFO  client.GrpcClientProtocolClient (GrpcClientProtocolClient.java:onNext(255)) - client-7D6108789623->f80c66c4-8a3d-47db-b3f8-20b0bcb8a3f5: receive RaftClientReply:client-7D6108789623->f80c66c4-8a3d-47db-b3f8-20b0bcb8a3f5@group-7D2873B646E2, cid=1870, SUCCESS, logIndex=2695, commits[f80c66c4-8a3d-47db-b3f8-20b0bcb8a3f5:c2696, 6e9bc0f4-a324-4be3-b201-2d39df7dad8a:c2694, cffe1303-2f93-4087-8a62-a40745db49f2:c2690]
2019-07-10 09:50:52,000 INFO  client.GrpcClientProtocolClient (GrpcClientProtocolClient.java:onNext(255)) - client-7D6108789623->f80c66c4-8a3d-47db-b3f8-20b0bcb8a3f5: receive RaftClientReply:client-7D6108789623->f80c66c4-8a3d-47db-b3f8-20b0bcb8a3f5@group-7D2873B646E2, cid=1871, SUCCESS, logIndex=2696, commits[f80c66c4-8a3d-47db-b3f8-20b0bcb8a3f5:c2696, 6e9bc0f4-a324-4be3-b201-2d39df7dad8a:c2694, cffe1303-2f93-4087-8a62-a40745db49f2:c2694]
2019-07-10 09:50:52,021 INFO  client.GrpcClientProtocolClient (GrpcClientProtocolClient.java:onNext(255)) - client-7D6108789623->f80c66c4-8a3d-47db-b3f8-20b0bcb8a3f5: receive RaftClientReply:client-7D6108789623->f80c66c4-8a3d-47db-b3f8-20b0bcb8a3f5@group-7D2873B646E2, cid=1872, SUCCESS, logIndex=2699, commits[f80c66c4-8a3d-47db-b3f8-20b0bcb8a3f5:c2700, 6e9bc0f4-a324-4be3-b201-2d39df7dad8a:c2698, cffe1303-2f93-4087-8a62-a40745db49f2:c2698]
2019-07-10 09:50:52,021 INFO  client.GrpcClientProtocolClient (GrpcClientProtocolClient.java:onNext(255)) - client-7D6108789623->f80c66c4-8a3d-47db-b3f8-20b0bcb8a3f5: receive RaftClientReply:client-7D6108789623->f80c66c4-8a3d-47db-b3f8-20b0bcb8a3f5@group-7D2873B646E2, cid=1873, SUCCESS, logIndex=2700, commits[f80c66c4-8a3d-47db-b3f8-20b0bcb8a3f5:c2700, 6e9bc0f4-a324-4be3-b201-2d39df7dad8a:c2698, cffe1303-2f93-4087-8a62-a40745db49f2:c2698]
2019-07-10 09:50:52,032 INFO  client.GrpcClientProtocolClient (GrpcClientProtocolClient.java:onNext(255)) - client-7D6108789623->f80c66c4-8a3d-47db-b3f8-20b0bcb8a3f5: receive RaftClientReply:client-7D6108789623->f80c66c4-8a3d-47db-b3f8-20b0bcb8a3f5@group-7D2873B646E2, cid=1874, SUCCESS, logIndex=0, commits[f80c66c4-8a3d-47db-b3f8-20b0bcb8a3f5:c2702, 6e9bc0f4-a324-4be3-b201-2d39df7dad8a:c2700, cffe1303-2f93-4087-8a62-a40745db49f2:c2700]
2019-07-10 09:50:52,058 INFO  client.GrpcClientProtocolClient (GrpcClientProtocolClient.java:onNext(255)) - client-7D6108789623->f80c66c4-8a3d-47db-b3f8-20b0bcb8a3f5: receive RaftClientReply:client-7D6108789623->f80c66c4-8a3d-47db-b3f8-20b0bcb8a3f5@group-7D2873B646E2, cid=1875, SUCCESS, logIndex=2703, commits[f80c66c4-8a3d-47db-b3f8-20b0bcb8a3f5:c2704, 6e9bc0f4-a324-4be3-b201-2d39df7dad8a:c2702, cffe1303-2f93-4087-8a62-a40745db49f2:c2702]
2019-07-10 09:50:52,058 INFO  client.GrpcClientProtocolClient (GrpcClientProtocolClient.java:onNext(255)) - client-7D6108789623->f80c66c4-8a3d-47db-b3f8-20b0bcb8a3f5: receive RaftClientReply:client-7D6108789623->f80c66c4-8a3d-47db-b3f8-20b0bcb8a3f5@group-7D2873B646E2, cid=1876, SUCCESS, logIndex=2704, commits[f80c66c4-8a3d-47db-b3f8-20b0bcb8a3f5:c2704, 6e9bc0f4-a324-4be3-b201-2d39df7dad8a:c2702, cffe1303-2f93-4087-8a62-a40745db49f2:c2702]
2019-07-10 09:50:52,067 INFO  client.GrpcClientProtocolClient (GrpcClientProtocolClient.java:onNext(255)) - client-7D6108789623->f80c66c4-8a3d-47db-b3f8-20b0bcb8a3f5: receive RaftClientReply:client-7D6108789623->f80c66c4-8a3d-47db-b3f8-20b0bcb8a3f5@group-7D2873B646E2, cid=1877, SUCCESS, logIndex=2705, commits[f80c66c4-8a3d-47db-b3f8-20b0bcb8a3f5:c2706, 6e9bc0f4-a324-4be3-b201-2d39df7dad8a:c2702, cffe1303-2f93-4087-8a62-a40745db49f2:c2702]
2019-07-10 09:50:52,067 INFO  client.GrpcClientProtocolClient (GrpcClientProtocolClient.java:onNext(255)) - client-7D6108789623->f80c66c4-8a3d-47db-b3f8-20b0bcb8a3f5: receive RaftClientReply:client-7D6108789623->f80c66c4-8a3d-47db-b3f8-20b0bcb8a3f5@group-7D2873B646E2, cid=1878, SUCCESS, logIndex=2706, commits[f80c66c4-8a3d-47db-b3f8-20b0bcb8a3f5:c2706, 6e9bc0f4-a324-4be3-b201-2d39df7dad8a:c2702, cffe1303-2f93-4087-8a62-a40745db49f2:c2702]
2019-07-10 09:50:52,077 INFO  client.GrpcClientProtocolClient (GrpcClientProtocolClient.java:onNext(255)) - client-7D6108789623->f80c66c4-8a3d-47db-b3f8-20b0bcb8a3f5: receive RaftClientReply:client-7D6108789623->f80c66c4-8a3d-47db-b3f8-20b0bcb8a3f5@group-7D2873B646E2, cid=1879, SUCCESS, logIndex=0, commits[f80c66c4-8a3d-47db-b3f8-20b0bcb8a3f5:c2708, 6e9bc0f4-a324-4be3-b201-2d39df7dad8a:c2704, cffe1303-2f93-4087-8a62-a40745db49f2:c2704]
2019-07-10 09:50:52,095 INFO  client.GrpcClientProtocolClient (GrpcClientProtocolClient.java:onNext(255)) - client-7D6108789623->f80c66c4-8a3d-47db-b3f8-20b0bcb8a3f5: receive RaftClientReply:client-7D6108789623->f80c66c4-8a3d-47db-b3f8-20b0bcb8a3f5@group-7D2873B646E2, cid=1880, SUCCESS, logIndex=2711, commits[f80c66c4-8a3d-47db-b3f8-20b0bcb8a3f5:c2712, 6e9bc0f4-a324-4be3-b201-2d39df7dad8a:c2708, cffe1303-2f93-4087-8a62-a40745db49f2:c2708]
2019-07-10 09:50:52,095 INFO  client.GrpcClientProtocolClient (GrpcClientProtocolClient.java:onNext(255)) - client-7D6108789623->f80c66c4-8a3d-47db-b3f8-20b0bcb8a3f5: receive RaftClientReply:client-7D6108789623->f80c66c4-8a3d-47db-b3f8-20b0bcb8a3f5@group-7D2873B646E2, cid=1881, SUCCESS, logIndex=2712, commits[f80c66c4-8a3d-47db-b3f8-20b0bcb8a3f5:c2712, 6e9bc0f4-a324-4be3-b201-2d39df7dad8a:c2708, cffe1303-2f93-4087-8a62-a40745db49f2:c2708]
2019-07-10 09:50:52,112 INFO  client.GrpcClientProtocolClient (GrpcClientProtocolClient.java:onNext(255)) - client-7D6108789623->f80c66c4-8a3d-47db-b3f8-20b0bcb8a3f5: receive RaftClientReply:client-7D6108789623->f80c66c4-8a3d-47db-b3f8-20b0bcb8a3f5@group-7D2873B646E2, cid=1882, SUCCESS, logIndex=2715, commits[f80c66c4-8a3d-47db-b3f8-20b0bcb8a3f5:c2716, 6e9bc0f4-a324-4be3-b201-2d39df7dad8a:c2714, cffe1303-2f93-4087-8a62-a40745db49f2:c2714]
2019-07-10 09:50:52,113 INFO  client.GrpcClientProtocolClient (GrpcClientProtocolClient.java:onNext(255)) - client-7D6108789623->f80c66c4-8a3d-47db-b3f8-20b0bcb8a3f5: receive RaftClientReply:client-7D6108789623->f80c66c4-8a3d-47db-b3f8-20b0bcb8a3f5@group-7D2873B646E2, cid=1883, SUCCESS, logIndex=2716, commits[f80c66c4-8a3d-47db-b3f8-20b0bcb8a3f5:c2716, 6e9bc0f4-a324-4be3-b201-2d39df7dad8a:c2714, cffe1303-2f93-4087-8a62-a40745db49f2:c2714]
2019-07-10 09:50:52,134 INFO  client.GrpcClientProtocolClient (GrpcClientProtocolClient.java:onNext(255)) - client-7D6108789623->f80c66c4-8a3d-47db-b3f8-20b0bcb8a3f5: receive RaftClientReply:client-7D6108789623->f80c66c4-8a3d-47db-b3f8-20b0bcb8a3f5@group-7D2873B646E2, cid=1884, SUCCESS, logIndex=0, commits[f80c66c4-8a3d-47db-b3f8-20b0bcb8a3f5:c2717, 6e9bc0f4-a324-4be3-b201-2d39df7dad8a:c2716, cffe1303-2f93-4087-8a62-a40745db49f2:c2716]
 0.00% |█                                                                                                    |  0/1 Time: 0:00:162019-07-10 09:50:52,157 INFO  client.GrpcClientProtocolClient (GrpcClientProtocolClient.java:onNext(255)) - client-7D6108789623->f80c66c4-8a3d-47db-b3f8-20b0bcb8a3f5: receive RaftClientReply:client-7D6108789623->f80c66c4-8a3d-47db-b3f8-20b0bcb8a3f5@group-7D2873B646E2, cid=1885, SUCCESS, logIndex=2719, commits[f80c66c4-8a3d-47db-b3f8-20b0bcb8a3f5:c2720, 6e9bc0f4-a324-4be3-b201-2d39df7dad8a:c2718, cffe1303-2f93-4087-8a62-a40745db49f2:c2718]
2019-07-10 09:50:52,158 INFO  client.GrpcClientProtocolClient (GrpcClientProtocolClient.java:onNext(255)) - client-7D6108789623->f80c66c4-8a3d-47db-b3f8-20b0bcb8a3f5: receive RaftClientReply:client-7D6108789623->f80c66c4-8a3d-47db-b3f8-20b0bcb8a3f5@group-7D2873B646E2, cid=1886, SUCCESS, logIndex=2720, commits[f80c66c4-8a3d-47db-b3f8-20b0bcb8a3f5:c2722, 6e9bc0f4-a324-4be3-b201-2d39df7dad8a:c2718, cffe1303-2f93-4087-8a62-a40745db49f2:c2718]
2019-07-10 09:50:52,158 INFO  client.GrpcClientProtocolClient (GrpcClientProtocolClient.java:onNext(255)) - client-7D6108789623->f80c66c4-8a3d-47db-b3f8-20b0bcb8a3f5: receive RaftClientReply:client-7D6108789623->f80c66c4-8a3d-47db-b3f8-20b0bcb8a3f5@group-7D2873B646E2, cid=1887, SUCCESS, logIndex=2721, commits[f80c66c4-8a3d-47db-b3f8-20b0bcb8a3f5:c2722, 6e9bc0f4-a324-4be3-b201-2d39df7dad8a:c2718, cffe1303-2f93-4087-8a62-a40745db49f2:c2718]
2019-07-10 09:50:52,159 INFO  client.GrpcClientProtocolClient (GrpcClientProtocolClient.java:onNext(255)) - client-7D6108789623->f80c66c4-8a3d-47db-b3f8-20b0bcb8a3f5: receive RaftClientReply:client-7D6108789623->f80c66c4-8a3d-47db-b3f8-20b0bcb8a3f5@group-7D2873B646E2, cid=1888, SUCCESS, logIndex=2722, commits[f80c66c4-8a3d-47db-b3f8-20b0bcb8a3f5:c2722, 6e9bc0f4-a324-4be3-b201-2d39df7dad8a:c2718, cffe1303-2f93-4087-8a62-a40745db49f2:c2718]
2019-07-10 09:50:52,170 INFO  client.GrpcClientProtocolClient (GrpcClientProtocolClient.java:onNext(255)) - client-7D6108789623->f80c66c4-8a3d-47db-b3f8-20b0bcb8a3f5: receive RaftClientReply:client-7D6108789623->f80c66c4-8a3d-47db-b3f8-20b0bcb8a3f5@group-7D2873B646E2, cid=1889, SUCCESS, logIndex=0, commits[f80c66c4-8a3d-47db-b3f8-20b0bcb8a3f5:c2725, 6e9bc0f4-a324-4be3-b201-2d39df7dad8a:c2722, cffe1303-2f93-4087-8a62-a40745db49f2:c2720]
2019-07-10 09:50:52,188 INFO  client.GrpcClientProtocolClient (GrpcClientProtocolClient.java:onNext(255)) - client-7D6108789623->f80c66c4-8a3d-47db-b3f8-20b0bcb8a3f5: receive RaftClientReply:client-7D6108789623->f80c66c4-8a3d-47db-b3f8-20b0bcb8a3f5@group-7D2873B646E2, cid=1890, SUCCESS, logIndex=2726, commits[f80c66c4-8a3d-47db-b3f8-20b0bcb8a3f5:c2727, 6e9bc0f4-a324-4be3-b201-2d39df7dad8a:c2725, cffe1303-2f93-4087-8a62-a40745db49f2:c2725]
2019-07-10 09:50:52,188 INFO  client.GrpcClientProtocolClient (GrpcClientProtocolClient.java:onNext(255)) - client-7D6108789623->f80c66c4-8a3d-47db-b3f8-20b0bcb8a3f5: receive RaftClientReply:client-7D6108789623->f80c66c4-8a3d-47db-b3f8-20b0bcb8a3f5@group-7D2873B646E2, cid=1891, SUCCESS, logIndex=2727, commits[f80c66c4-8a3d-47db-b3f8-20b0bcb8a3f5:c2727, 6e9bc0f4-a324-4be3-b201-2d39df7dad8a:c2725, cffe1303-2f93-4087-8a62-a40745db49f2:c2725]
2019-07-10 09:50:52,210 INFO  client.GrpcClientProtocolClient (GrpcClientProtocolClient.java:onNext(255)) - client-7D6108789623->f80c66c4-8a3d-47db-b3f8-20b0bcb8a3f5: receive RaftClientReply:client-7D6108789623->f80c66c4-8a3d-47db-b3f8-20b0bcb8a3f5@group-7D2873B646E2, cid=1892, SUCCESS, logIndex=2730, commits[f80c66c4-8a3d-47db-b3f8-20b0bcb8a3f5:c2731, 6e9bc0f4-a324-4be3-b201-2d39df7dad8a:c2727, cffe1303-2f93-4087-8a62-a40745db49f2:c2727]
2019-07-10 09:50:52,210 INFO  client.GrpcClientProtocolClient (GrpcClientProtocolClient.java:onNext(255)) - client-7D6108789623->f80c66c4-8a3d-47db-b3f8-20b0bcb8a3f5: receive RaftClientReply:client-7D6108789623->f80c66c4-8a3d-47db-b3f8-20b0bcb8a3f5@group-7D2873B646E2, cid=1893, SUCCESS, logIndex=2731, commits[f80c66c4-8a3d-47db-b3f8-20b0bcb8a3f5:c2731, 6e9bc0f4-a324-4be3-b201-2d39df7dad8a:c2727, cffe1303-2f93-4087-8a62-a40745db49f2:c2727]
2019-07-10 09:50:52,221 INFO  client.GrpcClientProtocolClient (GrpcClientProtocolClient.java:onNext(255)) - client-7D6108789623->f80c66c4-8a3d-47db-b3f8-20b0bcb8a3f5: receive RaftClientReply:client-7D6108789623->f80c66c4-8a3d-47db-b3f8-20b0bcb8a3f5@group-7D2873B646E2, cid=1894, SUCCESS, logIndex=0, commits[f80c66c4-8a3d-47db-b3f8-20b0bcb8a3f5:c2732, 6e9bc0f4-a324-4be3-b201-2d39df7dad8a:c2731, cffe1303-2f93-4087-8a62-a40745db49f2:c2731]
2019-07-10 09:50:52,250 INFO  client.GrpcClientProtocolClient (GrpcClientProtocolClient.java:onNext(255)) - client-7D6108789623->f80c66c4-8a3d-47db-b3f8-20b0bcb8a3f5: receive RaftClientReply:client-7D6108789623->f80c66c4-8a3d-47db-b3f8-20b0bcb8a3f5@group-7D2873B646E2, cid=1895, SUCCESS, logIndex=2734, commits[f80c66c4-8a3d-47db-b3f8-20b0bcb8a3f5:c2737, 6e9bc0f4-a324-4be3-b201-2d39df7dad8a:c2733, cffe1303-2f93-4087-8a62-a40745db49f2:c2733]
2019-07-10 09:50:52,251 INFO  client.GrpcClientProtocolClient (GrpcClientProtocolClient.java:onNext(255)) - client-7D6108789623->f80c66c4-8a3d-47db-b3f8-20b0bcb8a3f5: receive RaftClientReply:client-7D6108789623->f80c66c4-8a3d-47db-b3f8-20b0bcb8a3f5@group-7D2873B646E2, cid=1896, SUCCESS, logIndex=2735, commits[f80c66c4-8a3d-47db-b3f8-20b0bcb8a3f5:c2737, 6e9bc0f4-a324-4be3-b201-2d39df7dad8a:c2733, cffe1303-2f93-4087-8a62-a40745db49f2:c2733]
2019-07-10 09:50:52,251 INFO  client.GrpcClientProtocolClient (GrpcClientProtocolClient.java:onNext(255)) - client-7D6108789623->f80c66c4-8a3d-47db-b3f8-20b0bcb8a3f5: receive RaftClientReply:client-7D6108789623->f80c66c4-8a3d-47db-b3f8-20b0bcb8a3f5@group-7D2873B646E2, cid=1897, SUCCESS, logIndex=2736, commits[f80c66c4-8a3d-47db-b3f8-20b0bcb8a3f5:c2737, 6e9bc0f4-a324-4be3-b201-2d39df7dad8a:c2733, cffe1303-2f93-4087-8a62-a40745db49f2:c2733]
2019-07-10 09:50:52,251 INFO  client.GrpcClientProtocolClient (GrpcClientProtocolClient.java:onNext(255)) - client-7D6108789623->f80c66c4-8a3d-47db-b3f8-20b0bcb8a3f5: receive RaftClientReply:client-7D6108789623->f80c66c4-8a3d-47db-b3f8-20b0bcb8a3f5@group-7D2873B646E2, cid=1898, SUCCESS, logIndex=2737, commits[f80c66c4-8a3d-47db-b3f8-20b0bcb8a3f5:c2737, 6e9bc0f4-a324-4be3-b201-2d39df7dad8a:c2733, cffe1303-2f93-4087-8a62-a40745db49f2:c2733]
2019-07-10 09:50:52,261 INFO  client.GrpcClientProtocolClient (GrpcClientProtocolClient.java:onNext(255)) - client-7D6108789623->f80c66c4-8a3d-47db-b3f8-20b0bcb8a3f5: receive RaftClientReply:client-7D6108789623->f80c66c4-8a3d-47db-b3f8-20b0bcb8a3f5@group-7D2873B646E2, cid=1899, SUCCESS, logIndex=0, commits[f80c66c4-8a3d-47db-b3f8-20b0bcb8a3f5:c2738, 6e9bc0f4-a324-4be3-b201-2d39df7dad8a:c2735, cffe1303-2f93-4087-8a62-a40745db49f2:c2735]
2019-07-10 09:50:52,284 INFO  client.GrpcClientProtocolClient (GrpcClientProtocolClient.java:onNext(255)) - client-7D6108789623->f80c66c4-8a3d-47db-b3f8-20b0bcb8a3f5: receive RaftClientReply:client-7D6108789623->f80c66c4-8a3d-47db-b3f8-20b0bcb8a3f5@group-7D2873B646E2, cid=1900, SUCCESS, logIndex=2742, commits[f80c66c4-8a3d-47db-b3f8-20b0bcb8a3f5:c2743, 6e9bc0f4-a324-4be3-b201-2d39df7dad8a:c2738, cffe1303-2f93-4087-8a62-a40745db49f2:c2738]
2019-07-10 09:50:52,284 INFO  client.GrpcClientProtocolClient (GrpcClientProtocolClient.java:onNext(255)) - client-7D6108789623->f80c66c4-8a3d-47db-b3f8-20b0bcb8a3f5: receive RaftClientReply:client-7D6108789623->f80c66c4-8a3d-47db-b3f8-20b0bcb8a3f5@group-7D2873B646E2, cid=1901, SUCCESS, logIndex=2743, commits[f80c66c4-8a3d-47db-b3f8-20b0bcb8a3f5:c2743, 6e9bc0f4-a324-4be3-b201-2d39df7dad8a:c2738, cffe1303-2f93-4087-8a62-a40745db49f2:c2738]
2019-07-10 09:50:52,296 INFO  client.GrpcClientProtocolClient (GrpcClientProtocolClient.java:onNext(255)) - client-7D6108789623->f80c66c4-8a3d-47db-b3f8-20b0bcb8a3f5: receive RaftClientReply:client-7D6108789623->f80c66c4-8a3d-47db-b3f8-20b0bcb8a3f5@group-7D2873B646E2, cid=1902, SUCCESS, logIndex=2746, commits[f80c66c4-8a3d-47db-b3f8-20b0bcb8a3f5:c2746, 6e9bc0f4-a324-4be3-b201-2d39df7dad8a:c2743, cffe1303-2f93-4087-8a62-a40745db49f2:c2742]
2019-07-10 09:50:52,297 INFO  client.GrpcClientProtocolClient (GrpcClientProtocolClient.java:onNext(255)) - client-7D6108789623->f80c66c4-8a3d-47db-b3f8-20b0bcb8a3f5: receive RaftClientReply:client-7D6108789623->f80c66c4-8a3d-47db-b3f8-20b0bcb8a3f5@group-7D2873B646E2, cid=1903, SUCCESS, logIndex=2747, commits[f80c66c4-8a3d-47db-b3f8-20b0bcb8a3f5:c2747, 6e9bc0f4-a324-4be3-b201-2d39df7dad8a:c2743, cffe1303-2f93-4087-8a62-a40745db49f2:c2743]
2019-07-10 09:50:52,308 INFO  client.GrpcClientProtocolClient (GrpcClientProtocolClient.java:onNext(255)) - client-7D6108789623->f80c66c4-8a3d-47db-b3f8-20b0bcb8a3f5: receive RaftClientReply:client-7D6108789623->f80c66c4-8a3d-47db-b3f8-20b0bcb8a3f5@group-7D2873B646E2, cid=1904, SUCCESS, logIndex=0, commits[f80c66c4-8a3d-47db-b3f8-20b0bcb8a3f5:c2749, 6e9bc0f4-a324-4be3-b201-2d39df7dad8a:c2747, cffe1303-2f93-4087-8a62-a40745db49f2:c2747]
2019-07-10 09:50:52,334 INFO  client.GrpcClientProtocolClient (GrpcClientProtocolClient.java:onNext(255)) - client-7D6108789623->f80c66c4-8a3d-47db-b3f8-20b0bcb8a3f5: receive RaftClientReply:client-7D6108789623->f80c66c4-8a3d-47db-b3f8-20b0bcb8a3f5@group-7D2873B646E2, cid=1905, SUCCESS, logIndex=2750, commits[f80c66c4-8a3d-47db-b3f8-20b0bcb8a3f5:c2751, 6e9bc0f4-a324-4be3-b201-2d39df7dad8a:c2749, cffe1303-2f93-4087-8a62-a40745db49f2:c2749]
2019-07-10 09:50:52,335 INFO  client.GrpcClientProtocolClient (GrpcClientProtocolClient.java:onNext(255)) - client-7D6108789623->f80c66c4-8a3d-47db-b3f8-20b0bcb8a3f5: receive RaftClientReply:client-7D6108789623->f80c66c4-8a3d-47db-b3f8-20b0bcb8a3f5@group-7D2873B646E2, cid=1906, SUCCESS, logIndex=2751, commits[f80c66c4-8a3d-47db-b3f8-20b0bcb8a3f5:c2751, 6e9bc0f4-a324-4be3-b201-2d39df7dad8a:c2749, cffe1303-2f93-4087-8a62-a40745db49f2:c2749]
2019-07-10 09:50:52,337 INFO  client.GrpcClientProtocolClient (GrpcClientProtocolClient.java:onNext(255)) - client-7D6108789623->f80c66c4-8a3d-47db-b3f8-20b0bcb8a3f5: receive RaftClientReply:client-7D6108789623->f80c66c4-8a3d-47db-b3f8-20b0bcb8a3f5@group-7D2873B646E2, cid=1907, SUCCESS, logIndex=2752, commits[f80c66c4-8a3d-47db-b3f8-20b0bcb8a3f5:c2753, 6e9bc0f4-a324-4be3-b201-2d39df7dad8a:c2749, cffe1303-2f93-4087-8a62-a40745db49f2:c2749]
2019-07-10 09:50:52,337 INFO  client.GrpcClientProtocolClient (GrpcClientProtocolClient.java:onNext(255)) - client-7D6108789623->f80c66c4-8a3d-47db-b3f8-20b0bcb8a3f5: receive RaftClientReply:client-7D6108789623->f80c66c4-8a3d-47db-b3f8-20b0bcb8a3f5@group-7D2873B646E2, cid=1908, SUCCESS, logIndex=2753, commits[f80c66c4-8a3d-47db-b3f8-20b0bcb8a3f5:c2753, 6e9bc0f4-a324-4be3-b201-2d39df7dad8a:c2749, cffe1303-2f93-4087-8a62-a40745db49f2:c2749]
2019-07-10 09:50:52,348 INFO  client.GrpcClientProtocolClient (GrpcClientProtocolClient.java:onNext(255)) - client-7D6108789623->f80c66c4-8a3d-47db-b3f8-20b0bcb8a3f5: receive RaftClientReply:client-7D6108789623->f80c66c4-8a3d-47db-b3f8-20b0bcb8a3f5@group-7D2873B646E2, cid=1909, SUCCESS, logIndex=0, commits[f80c66c4-8a3d-47db-b3f8-20b0bcb8a3f5:c2755, 6e9bc0f4-a324-4be3-b201-2d39df7dad8a:c2751, cffe1303-2f93-4087-8a62-a40745db49f2:c2751]
2019-07-10 09:50:52,369 INFO  client.GrpcClientProtocolClient (GrpcClientProtocolClient.java:onNext(255)) - client-7D6108789623->f80c66c4-8a3d-47db-b3f8-20b0bcb8a3f5: receive RaftClientReply:client-7D6108789623->f80c66c4-8a3d-47db-b3f8-20b0bcb8a3f5@group-7D2873B646E2, cid=1910, SUCCESS, logIndex=2758, commits[f80c66c4-8a3d-47db-b3f8-20b0bcb8a3f5:c2758, 6e9bc0f4-a324-4be3-b201-2d39df7dad8a:c2755, cffe1303-2f93-4087-8a62-a40745db49f2:c2755]
2019-07-10 09:50:52,370 INFO  client.GrpcClientProtocolClient (GrpcClientProtocolClient.java:onNext(255)) - client-7D6108789623->f80c66c4-8a3d-47db-b3f8-20b0bcb8a3f5: receive RaftClientReply:client-7D6108789623->f80c66c4-8a3d-47db-b3f8-20b0bcb8a3f5@group-7D2873B646E2, cid=1911, SUCCESS, logIndex=2759, commits[f80c66c4-8a3d-47db-b3f8-20b0bcb8a3f5:c2759, 6e9bc0f4-a324-4be3-b201-2d39df7dad8a:c2755, cffe1303-2f93-4087-8a62-a40745db49f2:c2755]
2019-07-10 09:50:52,383 INFO  client.GrpcClientProtocolClient (GrpcClientProtocolClient.java:onNext(255)) - client-7D6108789623->f80c66c4-8a3d-47db-b3f8-20b0bcb8a3f5: receive RaftClientReply:client-7D6108789623->f80c66c4-8a3d-47db-b3f8-20b0bcb8a3f5@group-7D2873B646E2, cid=1912, SUCCESS, logIndex=2762, commits[f80c66c4-8a3d-47db-b3f8-20b0bcb8a3f5:c2762, 6e9bc0f4-a324-4be3-b201-2d39df7dad8a:c2759, cffe1303-2f93-4087-8a62-a40745db49f2:c2759]
2019-07-10 09:50:52,383 INFO  client.GrpcClientProtocolClient (GrpcClientProtocolClient.java:onNext(255)) - client-7D6108789623->f80c66c4-8a3d-47db-b3f8-20b0bcb8a3f5: receive RaftClientReply:client-7D6108789623->f80c66c4-8a3d-47db-b3f8-20b0bcb8a3f5@group-7D2873B646E2, cid=1913, SUCCESS, logIndex=2763, commits[f80c66c4-8a3d-47db-b3f8-20b0bcb8a3f5:c2763, 6e9bc0f4-a324-4be3-b201-2d39df7dad8a:c2759, cffe1303-2f93-4087-8a62-a40745db49f2:c2759]
2019-07-10 09:50:52,395 INFO  client.GrpcClientProtocolClient (GrpcClientProtocolClient.java:onNext(255)) - client-7D6108789623->f80c66c4-8a3d-47db-b3f8-20b0bcb8a3f5: receive RaftClientReply:client-7D6108789623->f80c66c4-8a3d-47db-b3f8-20b0bcb8a3f5@group-7D2873B646E2, cid=1914, SUCCESS, logIndex=0, commits[f80c66c4-8a3d-47db-b3f8-20b0bcb8a3f5:c2765, 6e9bc0f4-a324-4be3-b201-2d39df7dad8a:c2763, cffe1303-2f93-4087-8a62-a40745db49f2:c2763]
2019-07-10 09:50:52,419 INFO  client.GrpcClientProtocolClient (GrpcClientProtocolClient.java:onNext(255)) - client-7D6108789623->f80c66c4-8a3d-47db-b3f8-20b0bcb8a3f5: receive RaftClientReply:client-7D6108789623->f80c66c4-8a3d-47db-b3f8-20b0bcb8a3f5@group-7D2873B646E2, cid=1915, SUCCESS, logIndex=2766, commits[f80c66c4-8a3d-47db-b3f8-20b0bcb8a3f5:c2767, 6e9bc0f4-a324-4be3-b201-2d39df7dad8a:c2765, cffe1303-2f93-4087-8a62-a40745db49f2:c2765]
2019-07-10 09:50:52,421 INFO  client.GrpcClientProtocolClient (GrpcClientProtocolClient.java:onNext(255)) - client-7D6108789623->f80c66c4-8a3d-47db-b3f8-20b0bcb8a3f5: receive RaftClientReply:client-7D6108789623->f80c66c4-8a3d-47db-b3f8-20b0bcb8a3f5@group-7D2873B646E2, cid=1916, SUCCESS, logIndex=2767, commits[f80c66c4-8a3d-47db-b3f8-20b0bcb8a3f5:c2767, 6e9bc0f4-a324-4be3-b201-2d39df7dad8a:c2765, cffe1303-2f93-4087-8a62-a40745db49f2:c2765]
2019-07-10 09:50:52,422 INFO  client.GrpcClientProtocolClient (GrpcClientProtocolClient.java:onNext(255)) - client-7D6108789623->f80c66c4-8a3d-47db-b3f8-20b0bcb8a3f5: receive RaftClientReply:client-7D6108789623->f80c66c4-8a3d-47db-b3f8-20b0bcb8a3f5@group-7D2873B646E2, cid=1917, SUCCESS, logIndex=2768, commits[f80c66c4-8a3d-47db-b3f8-20b0bcb8a3f5:c2769, 6e9bc0f4-a324-4be3-b201-2d39df7dad8a:c2765, cffe1303-2f93-4087-8a62-a40745db49f2:c2765]
2019-07-10 09:50:52,422 INFO  client.GrpcClientProtocolClient (GrpcClientProtocolClient.java:onNext(255)) - client-7D6108789623->f80c66c4-8a3d-47db-b3f8-20b0bcb8a3f5: receive RaftClientReply:client-7D6108789623->f80c66c4-8a3d-47db-b3f8-20b0bcb8a3f5@group-7D2873B646E2, cid=1918, SUCCESS, logIndex=2769, commits[f80c66c4-8a3d-47db-b3f8-20b0bcb8a3f5:c2771, 6e9bc0f4-a324-4be3-b201-2d39df7dad8a:c2767, cffe1303-2f93-4087-8a62-a40745db49f2:c2767]
2019-07-10 09:50:52,442 INFO  client.GrpcClientProtocolClient (GrpcClientProtocolClient.java:onNext(255)) - client-7D6108789623->f80c66c4-8a3d-47db-b3f8-20b0bcb8a3f5: receive RaftClientReply:client-7D6108789623->f80c66c4-8a3d-47db-b3f8-20b0bcb8a3f5@group-7D2873B646E2, cid=1919, SUCCESS, logIndex=2774, commits[f80c66c4-8a3d-47db-b3f8-20b0bcb8a3f5:c2775, 6e9bc0f4-a324-4be3-b201-2d39df7dad8a:c2773, cffe1303-2f93-4087-8a62-a40745db49f2:c2773]
2019-07-10 09:50:52,443 INFO  client.GrpcClientProtocolClient (GrpcClientProtocolClient.java:onNext(255)) - client-7D6108789623->f80c66c4-8a3d-47db-b3f8-20b0bcb8a3f5: receive RaftClientReply:client-7D6108789623->f80c66c4-8a3d-47db-b3f8-20b0bcb8a3f5@group-7D2873B646E2, cid=1920, SUCCESS, logIndex=2775, commits[f80c66c4-8a3d-47db-b3f8-20b0bcb8a3f5:c2775, 6e9bc0f4-a324-4be3-b201-2d39df7dad8a:c2773, cffe1303-2f93-4087-8a62-a40745db49f2:c2773]
2019-07-10 09:50:52,454 INFO  client.GrpcClientProtocolClient (GrpcClientProtocolClient.java:onNext(255)) - client-7D6108789623->f80c66c4-8a3d-47db-b3f8-20b0bcb8a3f5: receive RaftClientReply:client-7D6108789623->f80c66c4-8a3d-47db-b3f8-20b0bcb8a3f5@group-7D2873B646E2, cid=1921, SUCCESS, logIndex=2778, commits[f80c66c4-8a3d-47db-b3f8-20b0bcb8a3f5:c2779, 6e9bc0f4-a324-4be3-b201-2d39df7dad8a:c2775, cffe1303-2f93-4087-8a62-a40745db49f2:c2775]
2019-07-10 09:50:52,455 INFO  client.GrpcClientProtocolClient (GrpcClientProtocolClient.java:onNext(255)) - client-7D6108789623->f80c66c4-8a3d-47db-b3f8-20b0bcb8a3f5: receive RaftClientReply:client-7D6108789623->f80c66c4-8a3d-47db-b3f8-20b0bcb8a3f5@group-7D2873B646E2, cid=1922, SUCCESS, logIndex=2779, commits[f80c66c4-8a3d-47db-b3f8-20b0bcb8a3f5:c2779, 6e9bc0f4-a324-4be3-b201-2d39df7dad8a:c2775, cffe1303-2f93-4087-8a62-a40745db49f2:c2775]
2019-07-10 09:50:52,459 INFO  client.GrpcClientProtocolClient (GrpcClientProtocolClient.java:onNext(255)) - client-7D6108789623->f80c66c4-8a3d-47db-b3f8-20b0bcb8a3f5: receive RaftClientReply:client-7D6108789623->f80c66c4-8a3d-47db-b3f8-20b0bcb8a3f5@group-7D2873B646E2, cid=1923, SUCCESS, logIndex=0, commits[f80c66c4-8a3d-47db-b3f8-20b0bcb8a3f5:c2781, 6e9bc0f4-a324-4be3-b201-2d39df7dad8a:c2779, cffe1303-2f93-4087-8a62-a40745db49f2:c2779]
2019-07-10 09:50:52,481 INFO  client.GrpcClientProtocolClient (GrpcClientProtocolClient.java:onNext(255)) - client-7D6108789623->f80c66c4-8a3d-47db-b3f8-20b0bcb8a3f5: receive RaftClientReply:client-7D6108789623->f80c66c4-8a3d-47db-b3f8-20b0bcb8a3f5@group-7D2873B646E2, cid=1924, SUCCESS, logIndex=2782, commits[f80c66c4-8a3d-47db-b3f8-20b0bcb8a3f5:c2783, 6e9bc0f4-a324-4be3-b201-2d39df7dad8a:c2781, cffe1303-2f93-4087-8a62-a40745db49f2:c2781]
2019-07-10 09:50:52,482 INFO  client.GrpcClientProtocolClient (GrpcClientProtocolClient.java:onNext(255)) - client-7D6108789623->f80c66c4-8a3d-47db-b3f8-20b0bcb8a3f5: receive RaftClientReply:client-7D6108789623->f80c66c4-8a3d-47db-b3f8-20b0bcb8a3f5@group-7D2873B646E2, cid=1925, SUCCESS, logIndex=2783, commits[f80c66c4-8a3d-47db-b3f8-20b0bcb8a3f5:c2785, 6e9bc0f4-a324-4be3-b201-2d39df7dad8a:c2781, cffe1303-2f93-4087-8a62-a40745db49f2:c2781]
2019-07-10 09:50:52,482 INFO  client.GrpcClientProtocolClient (GrpcClientProtocolClient.java:onNext(255)) - client-7D6108789623->f80c66c4-8a3d-47db-b3f8-20b0bcb8a3f5: receive RaftClientReply:client-7D6108789623->f80c66c4-8a3d-47db-b3f8-20b0bcb8a3f5@group-7D2873B646E2, cid=1926, SUCCESS, logIndex=2784, commits[f80c66c4-8a3d-47db-b3f8-20b0bcb8a3f5:c2785, 6e9bc0f4-a324-4be3-b201-2d39df7dad8a:c2781, cffe1303-2f93-4087-8a62-a40745db49f2:c2781]
2019-07-10 09:50:52,482 INFO  client.GrpcClientProtocolClient (GrpcClientProtocolClient.java:onNext(255)) - client-7D6108789623->f80c66c4-8a3d-47db-b3f8-20b0bcb8a3f5: receive RaftClientReply:client-7D6108789623->f80c66c4-8a3d-47db-b3f8-20b0bcb8a3f5@group-7D2873B646E2, cid=1927, SUCCESS, logIndex=2785, commits[f80c66c4-8a3d-47db-b3f8-20b0bcb8a3f5:c2785, 6e9bc0f4-a324-4be3-b201-2d39df7dad8a:c2781, cffe1303-2f93-4087-8a62-a40745db49f2:c2781]
2019-07-10 09:50:52,494 INFO  client.GrpcClientProtocolClient (GrpcClientProtocolClient.java:onNext(255)) - client-7D6108789623->f80c66c4-8a3d-47db-b3f8-20b0bcb8a3f5: receive RaftClientReply:client-7D6108789623->f80c66c4-8a3d-47db-b3f8-20b0bcb8a3f5@group-7D2873B646E2, cid=1928, SUCCESS, logIndex=0, commits[f80c66c4-8a3d-47db-b3f8-20b0bcb8a3f5:c2788, 6e9bc0f4-a324-4be3-b201-2d39df7dad8a:c2785, cffe1303-2f93-4087-8a62-a40745db49f2:c2783]
2019-07-10 09:50:52,510 INFO  client.GrpcClientProtocolClient (GrpcClientProtocolClient.java:onNext(255)) - client-7D6108789623->f80c66c4-8a3d-47db-b3f8-20b0bcb8a3f5: receive RaftClientReply:client-7D6108789623->f80c66c4-8a3d-47db-b3f8-20b0bcb8a3f5@group-7D2873B646E2, cid=1929, SUCCESS, logIndex=2789, commits[f80c66c4-8a3d-47db-b3f8-20b0bcb8a3f5:c2790, 6e9bc0f4-a324-4be3-b201-2d39df7dad8a:c2788, cffe1303-2f93-4087-8a62-a40745db49f2:c2788]
2019-07-10 09:50:52,510 INFO  client.GrpcClientProtocolClient (GrpcClientProtocolClient.java:onNext(255)) - client-7D6108789623->f80c66c4-8a3d-47db-b3f8-20b0bcb8a3f5: receive RaftClientReply:client-7D6108789623->f80c66c4-8a3d-47db-b3f8-20b0bcb8a3f5@group-7D2873B646E2, cid=1930, SUCCESS, logIndex=2790, commits[f80c66c4-8a3d-47db-b3f8-20b0bcb8a3f5:c2790, 6e9bc0f4-a324-4be3-b201-2d39df7dad8a:c2788, cffe1303-2f93-4087-8a62-a40745db49f2:c2788]
2019-07-10 09:50:52,539 INFO  client.GrpcClientProtocolClient (GrpcClientProtocolClient.java:onNext(255)) - client-7D6108789623->f80c66c4-8a3d-47db-b3f8-20b0bcb8a3f5: receive RaftClientReply:client-7D6108789623->f80c66c4-8a3d-47db-b3f8-20b0bcb8a3f5@group-7D2873B646E2, cid=1931, SUCCESS, logIndex=2793, commits[f80c66c4-8a3d-47db-b3f8-20b0bcb8a3f5:c2794, 6e9bc0f4-a324-4be3-b201-2d39df7dad8a:c2790, cffe1303-2f93-4087-8a62-a40745db49f2:c2790]
2019-07-10 09:50:52,539 INFO  client.GrpcClientProtocolClient (GrpcClientProtocolClient.java:onNext(255)) - client-7D6108789623->f80c66c4-8a3d-47db-b3f8-20b0bcb8a3f5: receive RaftClientReply:client-7D6108789623->f80c66c4-8a3d-47db-b3f8-20b0bcb8a3f5@group-7D2873B646E2, cid=1932, SUCCESS, logIndex=2794, commits[f80c66c4-8a3d-47db-b3f8-20b0bcb8a3f5:c2794, 6e9bc0f4-a324-4be3-b201-2d39df7dad8a:c2790, cffe1303-2f93-4087-8a62-a40745db49f2:c2790]
2019-07-10 09:50:52,553 INFO  client.GrpcClientProtocolClient (GrpcClientProtocolClient.java:onNext(255)) - client-7D6108789623->f80c66c4-8a3d-47db-b3f8-20b0bcb8a3f5: receive RaftClientReply:client-7D6108789623->f80c66c4-8a3d-47db-b3f8-20b0bcb8a3f5@group-7D2873B646E2, cid=1933, SUCCESS, logIndex=0, commits[f80c66c4-8a3d-47db-b3f8-20b0bcb8a3f5:c2796, 6e9bc0f4-a324-4be3-b201-2d39df7dad8a:c2794, cffe1303-2f93-4087-8a62-a40745db49f2:c2794]
2019-07-10 09:50:52,583 INFO  client.GrpcClientProtocolClient (GrpcClientProtocolClient.java:onNext(255)) - client-7D6108789623->f80c66c4-8a3d-47db-b3f8-20b0bcb8a3f5: receive RaftClientReply:client-7D6108789623->f80c66c4-8a3d-47db-b3f8-20b0bcb8a3f5@group-7D2873B646E2, cid=1934, SUCCESS, logIndex=2797, commits[f80c66c4-8a3d-47db-b3f8-20b0bcb8a3f5:c2798, 6e9bc0f4-a324-4be3-b201-2d39df7dad8a:c2796, cffe1303-2f93-4087-8a62-a40745db49f2:c2796]
2019-07-10 09:50:52,583 INFO  client.GrpcClientProtocolClient (GrpcClientProtocolClient.java:onNext(255)) - client-7D6108789623->f80c66c4-8a3d-47db-b3f8-20b0bcb8a3f5: receive RaftClientReply:client-7D6108789623->f80c66c4-8a3d-47db-b3f8-20b0bcb8a3f5@group-7D2873B646E2, cid=1935, SUCCESS, logIndex=2798, commits[f80c66c4-8a3d-47db-b3f8-20b0bcb8a3f5:c2798, 6e9bc0f4-a324-4be3-b201-2d39df7dad8a:c2796, cffe1303-2f93-4087-8a62-a40745db49f2:c2796]
2019-07-10 09:50:52,590 INFO  client.GrpcClientProtocolClient (GrpcClientProtocolClient.java:onNext(255)) - client-7D6108789623->f80c66c4-8a3d-47db-b3f8-20b0bcb8a3f5: receive RaftClientReply:client-7D6108789623->f80c66c4-8a3d-47db-b3f8-20b0bcb8a3f5@group-7D2873B646E2, cid=1936, SUCCESS, logIndex=2799, commits[f80c66c4-8a3d-47db-b3f8-20b0bcb8a3f5:c2800, 6e9bc0f4-a324-4be3-b201-2d39df7dad8a:c2796, cffe1303-2f93-4087-8a62-a40745db49f2:c2796]
2019-07-10 09:50:52,590 INFO  client.GrpcClientProtocolClient (GrpcClientProtocolClient.java:onNext(255)) - client-7D6108789623->f80c66c4-8a3d-47db-b3f8-20b0bcb8a3f5: receive RaftClientReply:client-7D6108789623->f80c66c4-8a3d-47db-b3f8-20b0bcb8a3f5@group-7D2873B646E2, cid=1937, SUCCESS, logIndex=2800, commits[f80c66c4-8a3d-47db-b3f8-20b0bcb8a3f5:c2800, 6e9bc0f4-a324-4be3-b201-2d39df7dad8a:c2796, cffe1303-2f93-4087-8a62-a40745db49f2:c2796]
2019-07-10 09:50:52,592 INFO  client.GrpcClientProtocolClient (GrpcClientProtocolClient.java:onNext(255)) - client-7D6108789623->f80c66c4-8a3d-47db-b3f8-20b0bcb8a3f5: receive RaftClientReply:client-7D6108789623->f80c66c4-8a3d-47db-b3f8-20b0bcb8a3f5@group-7D2873B646E2, cid=1938, SUCCESS, logIndex=0, commits[f80c66c4-8a3d-47db-b3f8-20b0bcb8a3f5:c2802, 6e9bc0f4-a324-4be3-b201-2d39df7dad8a:c2798, cffe1303-2f93-4087-8a62-a40745db49f2:c2798]
2019-07-10 09:50:52,609 INFO  client.GrpcClientProtocolClient (GrpcClientProtocolClient.java:onNext(255)) - client-7D6108789623->f80c66c4-8a3d-47db-b3f8-20b0bcb8a3f5: receive RaftClientReply:client-7D6108789623->f80c66c4-8a3d-47db-b3f8-20b0bcb8a3f5@group-7D2873B646E2, cid=1939, SUCCESS, logIndex=2805, commits[f80c66c4-8a3d-47db-b3f8-20b0bcb8a3f5:c2806, 6e9bc0f4-a324-4be3-b201-2d39df7dad8a:c2804, cffe1303-2f93-4087-8a62-a40745db49f2:c2804]
2019-07-10 09:50:52,610 INFO  client.GrpcClientProtocolClient (GrpcClientProtocolClient.java:onNext(255)) - client-7D6108789623->f80c66c4-8a3d-47db-b3f8-20b0bcb8a3f5: receive RaftClientReply:client-7D6108789623->f80c66c4-8a3d-47db-b3f8-20b0bcb8a3f5@group-7D2873B646E2, cid=1940, SUCCESS, logIndex=2806, commits[f80c66c4-8a3d-47db-b3f8-20b0bcb8a3f5:c2806, 6e9bc0f4-a324-4be3-b201-2d39df7dad8a:c2804, cffe1303-2f93-4087-8a62-a40745db49f2:c2804]
2019-07-10 09:50:52,627 INFO  client.GrpcClientProtocolClient (GrpcClientProtocolClient.java:onNext(255)) - client-7D6108789623->f80c66c4-8a3d-47db-b3f8-20b0bcb8a3f5: receive RaftClientReply:client-7D6108789623->f80c66c4-8a3d-47db-b3f8-20b0bcb8a3f5@group-7D2873B646E2, cid=1941, SUCCESS, logIndex=2809, commits[f80c66c4-8a3d-47db-b3f8-20b0bcb8a3f5:c2810, 6e9bc0f4-a324-4be3-b201-2d39df7dad8a:c2808, cffe1303-2f93-4087-8a62-a40745db49f2:c2808]
2019-07-10 09:50:52,627 INFO  client.GrpcClientProtocolClient (GrpcClientProtocolClient.java:onNext(255)) - client-7D6108789623->f80c66c4-8a3d-47db-b3f8-20b0bcb8a3f5: receive RaftClientReply:client-7D6108789623->f80c66c4-8a3d-47db-b3f8-20b0bcb8a3f5@group-7D2873B646E2, cid=1942, SUCCESS, logIndex=2810, commits[f80c66c4-8a3d-47db-b3f8-20b0bcb8a3f5:c2810, 6e9bc0f4-a324-4be3-b201-2d39df7dad8a:c2808, cffe1303-2f93-4087-8a62-a40745db49f2:c2808]
2019-07-10 09:50:52,640 INFO  client.GrpcClientProtocolClient (GrpcClientProtocolClient.java:onNext(255)) - client-7D6108789623->f80c66c4-8a3d-47db-b3f8-20b0bcb8a3f5: receive RaftClientReply:client-7D6108789623->f80c66c4-8a3d-47db-b3f8-20b0bcb8a3f5@group-7D2873B646E2, cid=1943, SUCCESS, logIndex=0, commits[f80c66c4-8a3d-47db-b3f8-20b0bcb8a3f5:c2812, 6e9bc0f4-a324-4be3-b201-2d39df7dad8a:c2810, cffe1303-2f93-4087-8a62-a40745db49f2:c2810]
2019-07-10 09:50:52,783 INFO  client.GrpcClientProtocolClient (GrpcClientProtocolClient.java:onNext(255)) - client-7D6108789623->f80c66c4-8a3d-47db-b3f8-20b0bcb8a3f5: receive RaftClientReply:client-7D6108789623->f80c66c4-8a3d-47db-b3f8-20b0bcb8a3f5@group-7D2873B646E2, cid=1944, SUCCESS, logIndex=2813, commits[f80c66c4-8a3d-47db-b3f8-20b0bcb8a3f5:c2814, 6e9bc0f4-a324-4be3-b201-2d39df7dad8a:c2812, cffe1303-2f93-4087-8a62-a40745db49f2:c2812]
2019-07-10 09:50:52,784 INFO  client.GrpcClientProtocolClient (GrpcClientProtocolClient.java:onNext(255)) - client-7D6108789623->f80c66c4-8a3d-47db-b3f8-20b0bcb8a3f5: receive RaftClientReply:client-7D6108789623->f80c66c4-8a3d-47db-b3f8-20b0bcb8a3f5@group-7D2873B646E2, cid=1945, SUCCESS, logIndex=2814, commits[f80c66c4-8a3d-47db-b3f8-20b0bcb8a3f5:c2816, 6e9bc0f4-a324-4be3-b201-2d39df7dad8a:c2812, cffe1303-2f93-4087-8a62-a40745db49f2:c2812]
2019-07-10 09:50:52,784 INFO  client.GrpcClientProtocolClient (GrpcClientProtocolClient.java:onNext(255)) - client-7D6108789623->f80c66c4-8a3d-47db-b3f8-20b0bcb8a3f5: receive RaftClientReply:client-7D6108789623->f80c66c4-8a3d-47db-b3f8-20b0bcb8a3f5@group-7D2873B646E2, cid=1946, SUCCESS, logIndex=2815, commits[f80c66c4-8a3d-47db-b3f8-20b0bcb8a3f5:c2816, 6e9bc0f4-a324-4be3-b201-2d39df7dad8a:c2812, cffe1303-2f93-4087-8a62-a40745db49f2:c2812]
2019-07-10 09:50:52,785 INFO  client.GrpcClientProtocolClient (GrpcClientProtocolClient.java:onNext(255)) - client-7D6108789623->f80c66c4-8a3d-47db-b3f8-20b0bcb8a3f5: receive RaftClientReply:client-7D6108789623->f80c66c4-8a3d-47db-b3f8-20b0bcb8a3f5@group-7D2873B646E2, cid=1947, SUCCESS, logIndex=2816, commits[f80c66c4-8a3d-47db-b3f8-20b0bcb8a3f5:c2816, 6e9bc0f4-a324-4be3-b201-2d39df7dad8a:c2812, cffe1303-2f93-4087-8a62-a40745db49f2:c2812]
2019-07-10 09:50:52,795 INFO  client.GrpcClientProtocolClient (GrpcClientProtocolClient.java:onNext(255)) - client-7D6108789623->f80c66c4-8a3d-47db-b3f8-20b0bcb8a3f5: receive RaftClientReply:client-7D6108789623->f80c66c4-8a3d-47db-b3f8-20b0bcb8a3f5@group-7D2873B646E2, cid=1948, SUCCESS, logIndex=0, commits[f80c66c4-8a3d-47db-b3f8-20b0bcb8a3f5:c2818, 6e9bc0f4-a324-4be3-b201-2d39df7dad8a:c2814, cffe1303-2f93-4087-8a62-a40745db49f2:c2814]
2019-07-10 09:50:52,818 INFO  client.GrpcClientProtocolClient (GrpcClientProtocolClient.java:onNext(255)) - client-7D6108789623->f80c66c4-8a3d-47db-b3f8-20b0bcb8a3f5: receive RaftClientReply:client-7D6108789623->f80c66c4-8a3d-47db-b3f8-20b0bcb8a3f5@group-7D2873B646E2, cid=1949, SUCCESS, logIndex=2821, commits[f80c66c4-8a3d-47db-b3f8-20b0bcb8a3f5:c2822, 6e9bc0f4-a324-4be3-b201-2d39df7dad8a:c2820, cffe1303-2f93-4087-8a62-a40745db49f2:c2820]
2019-07-10 09:50:52,818 INFO  client.GrpcClientProtocolClient (GrpcClientProtocolClient.java:onNext(255)) - client-7D6108789623->f80c66c4-8a3d-47db-b3f8-20b0bcb8a3f5: receive RaftClientReply:client-7D6108789623->f80c66c4-8a3d-47db-b3f8-20b0bcb8a3f5@group-7D2873B646E2, cid=1950, SUCCESS, logIndex=2822, commits[f80c66c4-8a3d-47db-b3f8-20b0bcb8a3f5:c2822, 6e9bc0f4-a324-4be3-b201-2d39df7dad8a:c2820, cffe1303-2f93-4087-8a62-a40745db49f2:c2820]
2019-07-10 09:50:52,842 INFO  client.GrpcClientProtocolClient (GrpcClientProtocolClient.java:onNext(255)) - client-7D6108789623->f80c66c4-8a3d-47db-b3f8-20b0bcb8a3f5: receive RaftClientReply:client-7D6108789623->f80c66c4-8a3d-47db-b3f8-20b0bcb8a3f5@group-7D2873B646E2, cid=1951, SUCCESS, logIndex=2825, commits[f80c66c4-8a3d-47db-b3f8-20b0bcb8a3f5:c2826, 6e9bc0f4-a324-4be3-b201-2d39df7dad8a:c2822, cffe1303-2f93-4087-8a62-a40745db49f2:c2822]
2019-07-10 09:50:52,842 INFO  client.GrpcClientProtocolClient (GrpcClientProtocolClient.java:onNext(255)) - client-7D6108789623->f80c66c4-8a3d-47db-b3f8-20b0bcb8a3f5: receive RaftClientReply:client-7D6108789623->f80c66c4-8a3d-47db-b3f8-20b0bcb8a3f5@group-7D2873B646E2, cid=1952, SUCCESS, logIndex=2826, commits[f80c66c4-8a3d-47db-b3f8-20b0bcb8a3f5:c2826, 6e9bc0f4-a324-4be3-b201-2d39df7dad8a:c2822, cffe1303-2f93-4087-8a62-a40745db49f2:c2822]
2019-07-10 09:50:52,845 INFO  client.GrpcClientProtocolClient (GrpcClientProtocolClient.java:onNext(255)) - client-7D6108789623->f80c66c4-8a3d-47db-b3f8-20b0bcb8a3f5: receive RaftClientReply:client-7D6108789623->f80c66c4-8a3d-47db-b3f8-20b0bcb8a3f5@group-7D2873B646E2, cid=1953, SUCCESS, logIndex=0, commits[f80c66c4-8a3d-47db-b3f8-20b0bcb8a3f5:c2827, 6e9bc0f4-a324-4be3-b201-2d39df7dad8a:c2826, cffe1303-2f93-4087-8a62-a40745db49f2:c2826]
2019-07-10 09:50:52,876 INFO  client.GrpcClientProtocolClient (GrpcClientProtocolClient.java:onNext(255)) - client-7D6108789623->f80c66c4-8a3d-47db-b3f8-20b0bcb8a3f5: receive RaftClientReply:client-7D6108789623->f80c66c4-8a3d-47db-b3f8-20b0bcb8a3f5@group-7D2873B646E2, cid=1954, SUCCESS, logIndex=2829, commits[f80c66c4-8a3d-47db-b3f8-20b0bcb8a3f5:c2830, 6e9bc0f4-a324-4be3-b201-2d39df7dad8a:c2828, cffe1303-2f93-4087-8a62-a40745db49f2:c2828]
2019-07-10 09:50:52,877 INFO  client.GrpcClientProtocolClient (GrpcClientProtocolClient.java:onNext(255)) - client-7D6108789623->f80c66c4-8a3d-47db-b3f8-20b0bcb8a3f5: receive RaftClientReply:client-7D6108789623->f80c66c4-8a3d-47db-b3f8-20b0bcb8a3f5@group-7D2873B646E2, cid=1955, SUCCESS, logIndex=2830, commits[f80c66c4-8a3d-47db-b3f8-20b0bcb8a3f5:c2832, 6e9bc0f4-a324-4be3-b201-2d39df7dad8a:c2828, cffe1303-2f93-4087-8a62-a40745db49f2:c2828]
2019-07-10 09:50:52,877 INFO  client.GrpcClientProtocolClient (GrpcClientProtocolClient.java:onNext(255)) - client-7D6108789623->f80c66c4-8a3d-47db-b3f8-20b0bcb8a3f5: receive RaftClientReply:client-7D6108789623->f80c66c4-8a3d-47db-b3f8-20b0bcb8a3f5@group-7D2873B646E2, cid=1956, SUCCESS, logIndex=2831, commits[f80c66c4-8a3d-47db-b3f8-20b0bcb8a3f5:c2832, 6e9bc0f4-a324-4be3-b201-2d39df7dad8a:c2828, cffe1303-2f93-4087-8a62-a40745db49f2:c2828]
2019-07-10 09:50:52,878 INFO  client.GrpcClientProtocolClient (GrpcClientProtocolClient.java:onNext(255)) - client-7D6108789623->f80c66c4-8a3d-47db-b3f8-20b0bcb8a3f5: receive RaftClientReply:client-7D6108789623->f80c66c4-8a3d-47db-b3f8-20b0bcb8a3f5@group-7D2873B646E2, cid=1957, SUCCESS, logIndex=2832, commits[f80c66c4-8a3d-47db-b3f8-20b0bcb8a3f5:c2834, 6e9bc0f4-a324-4be3-b201-2d39df7dad8a:c2830, cffe1303-2f93-4087-8a62-a40745db49f2:c2829]
2019-07-10 09:50:52,887 INFO  client.GrpcClientProtocolClient (GrpcClientProtocolClient.java:onNext(255)) - client-7D6108789623->f80c66c4-8a3d-47db-b3f8-20b0bcb8a3f5: receive RaftClientReply:client-7D6108789623->f80c66c4-8a3d-47db-b3f8-20b0bcb8a3f5@group-7D2873B646E2, cid=1958, SUCCESS, logIndex=0, commits[f80c66c4-8a3d-47db-b3f8-20b0bcb8a3f5:c2834, 6e9bc0f4-a324-4be3-b201-2d39df7dad8a:c2830, cffe1303-2f93-4087-8a62-a40745db49f2:c2830]
2019-07-10 09:50:52,908 INFO  client.GrpcClientProtocolClient (GrpcClientProtocolClient.java:onNext(255)) - client-7D6108789623->f80c66c4-8a3d-47db-b3f8-20b0bcb8a3f5: receive RaftClientReply:client-7D6108789623->f80c66c4-8a3d-47db-b3f8-20b0bcb8a3f5@group-7D2873B646E2, cid=1959, SUCCESS, logIndex=2837, commits[f80c66c4-8a3d-47db-b3f8-20b0bcb8a3f5:c2838, 6e9bc0f4-a324-4be3-b201-2d39df7dad8a:c2836, cffe1303-2f93-4087-8a62-a40745db49f2:c2836]
2019-07-10 09:50:52,909 INFO  client.GrpcClientProtocolClient (GrpcClientProtocolClient.java:onNext(255)) - client-7D6108789623->f80c66c4-8a3d-47db-b3f8-20b0bcb8a3f5: receive RaftClientReply:client-7D6108789623->f80c66c4-8a3d-47db-b3f8-20b0bcb8a3f5@group-7D2873B646E2, cid=1960, SUCCESS, logIndex=2838, commits[f80c66c4-8a3d-47db-b3f8-20b0bcb8a3f5:c2838, 6e9bc0f4-a324-4be3-b201-2d39df7dad8a:c2836, cffe1303-2f93-4087-8a62-a40745db49f2:c2836]
2019-07-10 09:50:52,933 INFO  client.GrpcClientProtocolClient (GrpcClientProtocolClient.java:onNext(255)) - client-7D6108789623->f80c66c4-8a3d-47db-b3f8-20b0bcb8a3f5: receive RaftClientReply:client-7D6108789623->f80c66c4-8a3d-47db-b3f8-20b0bcb8a3f5@group-7D2873B646E2, cid=1961, SUCCESS, logIndex=2841, commits[f80c66c4-8a3d-47db-b3f8-20b0bcb8a3f5:c2842, 6e9bc0f4-a324-4be3-b201-2d39df7dad8a:c2839, cffe1303-2f93-4087-8a62-a40745db49f2:c2838]
2019-07-10 09:50:52,934 INFO  client.GrpcClientProtocolClient (GrpcClientProtocolClient.java:onNext(255)) - client-7D6108789623->f80c66c4-8a3d-47db-b3f8-20b0bcb8a3f5: receive RaftClientReply:client-7D6108789623->f80c66c4-8a3d-47db-b3f8-20b0bcb8a3f5@group-7D2873B646E2, cid=1962, SUCCESS, logIndex=2842, commits[f80c66c4-8a3d-47db-b3f8-20b0bcb8a3f5:c2842, 6e9bc0f4-a324-4be3-b201-2d39df7dad8a:c2839, cffe1303-2f93-4087-8a62-a40745db49f2:c2839]
2019-07-10 09:50:52,947 INFO  client.GrpcClientProtocolClient (GrpcClientProtocolClient.java:onNext(255)) - client-7D6108789623->f80c66c4-8a3d-47db-b3f8-20b0bcb8a3f5: receive RaftClientReply:client-7D6108789623->f80c66c4-8a3d-47db-b3f8-20b0bcb8a3f5@group-7D2873B646E2, cid=1963, SUCCESS, logIndex=0, commits[f80c66c4-8a3d-47db-b3f8-20b0bcb8a3f5:c2843, 6e9bc0f4-a324-4be3-b201-2d39df7dad8a:c2842, cffe1303-2f93-4087-8a62-a40745db49f2:c2842]
2019-07-10 09:50:52,979 INFO  client.GrpcClientProtocolClient (GrpcClientProtocolClient.java:onNext(255)) - client-7D6108789623->f80c66c4-8a3d-47db-b3f8-20b0bcb8a3f5: receive RaftClientReply:client-7D6108789623->f80c66c4-8a3d-47db-b3f8-20b0bcb8a3f5@group-7D2873B646E2, cid=1964, SUCCESS, logIndex=2845, commits[f80c66c4-8a3d-47db-b3f8-20b0bcb8a3f5:c2846, 6e9bc0f4-a324-4be3-b201-2d39df7dad8a:c2844, cffe1303-2f93-4087-8a62-a40745db49f2:c2844]
2019-07-10 09:50:52,980 INFO  client.GrpcClientProtocolClient (GrpcClientProtocolClient.java:onNext(255)) - client-7D6108789623->f80c66c4-8a3d-47db-b3f8-20b0bcb8a3f5: receive RaftClientReply:client-7D6108789623->f80c66c4-8a3d-47db-b3f8-20b0bcb8a3f5@group-7D2873B646E2, cid=1965, SUCCESS, logIndex=2846, commits[f80c66c4-8a3d-47db-b3f8-20b0bcb8a3f5:c2846, 6e9bc0f4-a324-4be3-b201-2d39df7dad8a:c2844, cffe1303-2f93-4087-8a62-a40745db49f2:c2844]
2019-07-10 09:50:52,987 INFO  client.GrpcClientProtocolClient (GrpcClientProtocolClient.java:onNext(255)) - client-7D6108789623->f80c66c4-8a3d-47db-b3f8-20b0bcb8a3f5: receive RaftClientReply:client-7D6108789623->f80c66c4-8a3d-47db-b3f8-20b0bcb8a3f5@group-7D2873B646E2, cid=1966, SUCCESS, logIndex=2847, commits[f80c66c4-8a3d-47db-b3f8-20b0bcb8a3f5:c2848, 6e9bc0f4-a324-4be3-b201-2d39df7dad8a:c2844, cffe1303-2f93-4087-8a62-a40745db49f2:c2844]
2019-07-10 09:50:52,988 INFO  client.GrpcClientProtocolClient (GrpcClientProtocolClient.java:onNext(255)) - client-7D6108789623->f80c66c4-8a3d-47db-b3f8-20b0bcb8a3f5: receive RaftClientReply:client-7D6108789623->f80c66c4-8a3d-47db-b3f8-20b0bcb8a3f5@group-7D2873B646E2, cid=1967, SUCCESS, logIndex=2848, commits[f80c66c4-8a3d-47db-b3f8-20b0bcb8a3f5:c2848, 6e9bc0f4-a324-4be3-b201-2d39df7dad8a:c2844, cffe1303-2f93-4087-8a62-a40745db49f2:c2844]
2019-07-10 09:50:52,991 INFO  client.GrpcClientProtocolClient (GrpcClientProtocolClient.java:onNext(255)) - client-7D6108789623->f80c66c4-8a3d-47db-b3f8-20b0bcb8a3f5: receive RaftClientReply:client-7D6108789623->f80c66c4-8a3d-47db-b3f8-20b0bcb8a3f5@group-7D2873B646E2, cid=1968, SUCCESS, logIndex=0, commits[f80c66c4-8a3d-47db-b3f8-20b0bcb8a3f5:c2848, 6e9bc0f4-a324-4be3-b201-2d39df7dad8a:c2846, cffe1303-2f93-4087-8a62-a40745db49f2:c2846]
2019-07-10 09:50:53,012 INFO  client.GrpcClientProtocolClient (GrpcClientProtocolClient.java:onNext(255)) - client-7D6108789623->f80c66c4-8a3d-47db-b3f8-20b0bcb8a3f5: receive RaftClientReply:client-7D6108789623->f80c66c4-8a3d-47db-b3f8-20b0bcb8a3f5@group-7D2873B646E2, cid=1969, SUCCESS, logIndex=2853, commits[f80c66c4-8a3d-47db-b3f8-20b0bcb8a3f5:c2854, 6e9bc0f4-a324-4be3-b201-2d39df7dad8a:c2850, cffe1303-2f93-4087-8a62-a40745db49f2:c2850]
2019-07-10 09:50:53,013 INFO  client.GrpcClientProtocolClient (GrpcClientProtocolClient.java:onNext(255)) - client-7D6108789623->f80c66c4-8a3d-47db-b3f8-20b0bcb8a3f5: receive RaftClientReply:client-7D6108789623->f80c66c4-8a3d-47db-b3f8-20b0bcb8a3f5@group-7D2873B646E2, cid=1970, SUCCESS, logIndex=2854, commits[f80c66c4-8a3d-47db-b3f8-20b0bcb8a3f5:c2854, 6e9bc0f4-a324-4be3-b201-2d39df7dad8a:c2850, cffe1303-2f93-4087-8a62-a40745db49f2:c2850]
2019-07-10 09:50:53,037 INFO  client.GrpcClientProtocolClient (GrpcClientProtocolClient.java:onNext(255)) - client-7D6108789623->f80c66c4-8a3d-47db-b3f8-20b0bcb8a3f5: receive RaftClientReply:client-7D6108789623->f80c66c4-8a3d-47db-b3f8-20b0bcb8a3f5@group-7D2873B646E2, cid=1971, SUCCESS, logIndex=2857, commits[f80c66c4-8a3d-47db-b3f8-20b0bcb8a3f5:c2857, 6e9bc0f4-a324-4be3-b201-2d39df7dad8a:c2854, cffe1303-2f93-4087-8a62-a40745db49f2:c2854]
2019-07-10 09:50:53,037 INFO  client.GrpcClientProtocolClient (GrpcClientProtocolClient.java:onNext(255)) - client-7D6108789623->f80c66c4-8a3d-47db-b3f8-20b0bcb8a3f5: receive RaftClientReply:client-7D6108789623->f80c66c4-8a3d-47db-b3f8-20b0bcb8a3f5@group-7D2873B646E2, cid=1972, SUCCESS, logIndex=2858, commits[f80c66c4-8a3d-47db-b3f8-20b0bcb8a3f5:c2858, 6e9bc0f4-a324-4be3-b201-2d39df7dad8a:c2854, cffe1303-2f93-4087-8a62-a40745db49f2:c2854]
2019-07-10 09:50:53,055 INFO  client.GrpcClientProtocolClient (GrpcClientProtocolClient.java:onNext(255)) - client-7D6108789623->f80c66c4-8a3d-47db-b3f8-20b0bcb8a3f5: receive RaftClientReply:client-7D6108789623->f80c66c4-8a3d-47db-b3f8-20b0bcb8a3f5@group-7D2873B646E2, cid=1973, SUCCESS, logIndex=0, commits[f80c66c4-8a3d-47db-b3f8-20b0bcb8a3f5:c2860, 6e9bc0f4-a324-4be3-b201-2d39df7dad8a:c2858, cffe1303-2f93-4087-8a62-a40745db49f2:c2858]
2019-07-10 09:50:53,088 INFO  client.GrpcClientProtocolClient (GrpcClientProtocolClient.java:onNext(255)) - client-7D6108789623->f80c66c4-8a3d-47db-b3f8-20b0bcb8a3f5: receive RaftClientReply:client-7D6108789623->f80c66c4-8a3d-47db-b3f8-20b0bcb8a3f5@group-7D2873B646E2, cid=1974, SUCCESS, logIndex=2861, commits[f80c66c4-8a3d-47db-b3f8-20b0bcb8a3f5:c2862, 6e9bc0f4-a324-4be3-b201-2d39df7dad8a:c2860, cffe1303-2f93-4087-8a62-a40745db49f2:c2860]
2019-07-10 09:50:53,088 INFO  client.GrpcClientProtocolClient (GrpcClientProtocolClient.java:onNext(255)) - client-7D6108789623->f80c66c4-8a3d-47db-b3f8-20b0bcb8a3f5: receive RaftClientReply:client-7D6108789623->f80c66c4-8a3d-47db-b3f8-20b0bcb8a3f5@group-7D2873B646E2, cid=1975, SUCCESS, logIndex=2862, commits[f80c66c4-8a3d-47db-b3f8-20b0bcb8a3f5:c2862, 6e9bc0f4-a324-4be3-b201-2d39df7dad8a:c2860, cffe1303-2f93-4087-8a62-a40745db49f2:c2860]
2019-07-10 09:50:53,096 INFO  client.GrpcClientProtocolClient (GrpcClientProtocolClient.java:onNext(255)) - client-7D6108789623->f80c66c4-8a3d-47db-b3f8-20b0bcb8a3f5: receive RaftClientReply:client-7D6108789623->f80c66c4-8a3d-47db-b3f8-20b0bcb8a3f5@group-7D2873B646E2, cid=1976, SUCCESS, logIndex=2863, commits[f80c66c4-8a3d-47db-b3f8-20b0bcb8a3f5:c2864, 6e9bc0f4-a324-4be3-b201-2d39df7dad8a:c2860, cffe1303-2f93-4087-8a62-a40745db49f2:c2860]
2019-07-10 09:50:53,096 INFO  client.GrpcClientProtocolClient (GrpcClientProtocolClient.java:onNext(255)) - client-7D6108789623->f80c66c4-8a3d-47db-b3f8-20b0bcb8a3f5: receive RaftClientReply:client-7D6108789623->f80c66c4-8a3d-47db-b3f8-20b0bcb8a3f5@group-7D2873B646E2, cid=1977, SUCCESS, logIndex=2864, commits[f80c66c4-8a3d-47db-b3f8-20b0bcb8a3f5:c2864, 6e9bc0f4-a324-4be3-b201-2d39df7dad8a:c2860, cffe1303-2f93-4087-8a62-a40745db49f2:c2860]
2019-07-10 09:50:53,108 INFO  client.GrpcClientProtocolClient (GrpcClientProtocolClient.java:onNext(255)) - client-7D6108789623->f80c66c4-8a3d-47db-b3f8-20b0bcb8a3f5: receive RaftClientReply:client-7D6108789623->f80c66c4-8a3d-47db-b3f8-20b0bcb8a3f5@group-7D2873B646E2, cid=1978, SUCCESS, logIndex=0, commits[f80c66c4-8a3d-47db-b3f8-20b0bcb8a3f5:c2866, 6e9bc0f4-a324-4be3-b201-2d39df7dad8a:c2862, cffe1303-2f93-4087-8a62-a40745db49f2:c2862]
2019-07-10 09:50:53,129 INFO  client.GrpcClientProtocolClient (GrpcClientProtocolClient.java:onNext(255)) - client-7D6108789623->f80c66c4-8a3d-47db-b3f8-20b0bcb8a3f5: receive RaftClientReply:client-7D6108789623->f80c66c4-8a3d-47db-b3f8-20b0bcb8a3f5@group-7D2873B646E2, cid=1979, SUCCESS, logIndex=2869, commits[f80c66c4-8a3d-47db-b3f8-20b0bcb8a3f5:c2870, 6e9bc0f4-a324-4be3-b201-2d39df7dad8a:c2868, cffe1303-2f93-4087-8a62-a40745db49f2:c2868]
2019-07-10 09:50:53,130 INFO  client.GrpcClientProtocolClient (GrpcClientProtocolClient.java:onNext(255)) - client-7D6108789623->f80c66c4-8a3d-47db-b3f8-20b0bcb8a3f5: receive RaftClientReply:client-7D6108789623->f80c66c4-8a3d-47db-b3f8-20b0bcb8a3f5@group-7D2873B646E2, cid=1980, SUCCESS, logIndex=2870, commits[f80c66c4-8a3d-47db-b3f8-20b0bcb8a3f5:c2870, 6e9bc0f4-a324-4be3-b201-2d39df7dad8a:c2868, cffe1303-2f93-4087-8a62-a40745db49f2:c2868]
 0.00% |█                                                                                                    |  0/1 Time: 0:00:172019-07-10 09:50:53,154 INFO  client.GrpcClientProtocolClient (GrpcClientProtocolClient.java:onNext(255)) - client-7D6108789623->f80c66c4-8a3d-47db-b3f8-20b0bcb8a3f5: receive RaftClientReply:client-7D6108789623->f80c66c4-8a3d-47db-b3f8-20b0bcb8a3f5@group-7D2873B646E2, cid=1981, SUCCESS, logIndex=2873, commits[f80c66c4-8a3d-47db-b3f8-20b0bcb8a3f5:c2874, 6e9bc0f4-a324-4be3-b201-2d39df7dad8a:c2870, cffe1303-2f93-4087-8a62-a40745db49f2:c2870]
2019-07-10 09:50:53,154 INFO  client.GrpcClientProtocolClient (GrpcClientProtocolClient.java:onNext(255)) - client-7D6108789623->f80c66c4-8a3d-47db-b3f8-20b0bcb8a3f5: receive RaftClientReply:client-7D6108789623->f80c66c4-8a3d-47db-b3f8-20b0bcb8a3f5@group-7D2873B646E2, cid=1982, SUCCESS, logIndex=2874, commits[f80c66c4-8a3d-47db-b3f8-20b0bcb8a3f5:c2874, 6e9bc0f4-a324-4be3-b201-2d39df7dad8a:c2870, cffe1303-2f93-4087-8a62-a40745db49f2:c2870]
2019-07-10 09:50:53,167 INFO  client.GrpcClientProtocolClient (GrpcClientProtocolClient.java:onNext(255)) - client-7D6108789623->f80c66c4-8a3d-47db-b3f8-20b0bcb8a3f5: receive RaftClientReply:client-7D6108789623->f80c66c4-8a3d-47db-b3f8-20b0bcb8a3f5@group-7D2873B646E2, cid=1983, SUCCESS, logIndex=0, commits[f80c66c4-8a3d-47db-b3f8-20b0bcb8a3f5:c2876, 6e9bc0f4-a324-4be3-b201-2d39df7dad8a:c2874, cffe1303-2f93-4087-8a62-a40745db49f2:c2874]
2019-07-10 09:50:53,199 INFO  client.GrpcClientProtocolClient (GrpcClientProtocolClient.java:onNext(255)) - client-7D6108789623->f80c66c4-8a3d-47db-b3f8-20b0bcb8a3f5: receive RaftClientReply:client-7D6108789623->f80c66c4-8a3d-47db-b3f8-20b0bcb8a3f5@group-7D2873B646E2, cid=1984, SUCCESS, logIndex=2877, commits[f80c66c4-8a3d-47db-b3f8-20b0bcb8a3f5:c2879, 6e9bc0f4-a324-4be3-b201-2d39df7dad8a:c2876, cffe1303-2f93-4087-8a62-a40745db49f2:c2876]
2019-07-10 09:50:53,200 INFO  client.GrpcClientProtocolClient (GrpcClientProtocolClient.java:onNext(255)) - client-7D6108789623->f80c66c4-8a3d-47db-b3f8-20b0bcb8a3f5: receive RaftClientReply:client-7D6108789623->f80c66c4-8a3d-47db-b3f8-20b0bcb8a3f5@group-7D2873B646E2, cid=1985, SUCCESS, logIndex=2878, commits[f80c66c4-8a3d-47db-b3f8-20b0bcb8a3f5:c2879, 6e9bc0f4-a324-4be3-b201-2d39df7dad8a:c2876, cffe1303-2f93-4087-8a62-a40745db49f2:c2876]
2019-07-10 09:50:53,200 INFO  client.GrpcClientProtocolClient (GrpcClientProtocolClient.java:onNext(255)) - client-7D6108789623->f80c66c4-8a3d-47db-b3f8-20b0bcb8a3f5: receive RaftClientReply:client-7D6108789623->f80c66c4-8a3d-47db-b3f8-20b0bcb8a3f5@group-7D2873B646E2, cid=1986, SUCCESS, logIndex=2879, commits[f80c66c4-8a3d-47db-b3f8-20b0bcb8a3f5:c2880, 6e9bc0f4-a324-4be3-b201-2d39df7dad8a:c2876, cffe1303-2f93-4087-8a62-a40745db49f2:c2876]
2019-07-10 09:50:53,200 INFO  client.GrpcClientProtocolClient (GrpcClientProtocolClient.java:onNext(255)) - client-7D6108789623->f80c66c4-8a3d-47db-b3f8-20b0bcb8a3f5: receive RaftClientReply:client-7D6108789623->f80c66c4-8a3d-47db-b3f8-20b0bcb8a3f5@group-7D2873B646E2, cid=1987, SUCCESS, logIndex=2880, commits[f80c66c4-8a3d-47db-b3f8-20b0bcb8a3f5:c2880, 6e9bc0f4-a324-4be3-b201-2d39df7dad8a:c2876, cffe1303-2f93-4087-8a62-a40745db49f2:c2876]
2019-07-10 09:50:53,210 INFO  client.GrpcClientProtocolClient (GrpcClientProtocolClient.java:onNext(255)) - client-7D6108789623->f80c66c4-8a3d-47db-b3f8-20b0bcb8a3f5: receive RaftClientReply:client-7D6108789623->f80c66c4-8a3d-47db-b3f8-20b0bcb8a3f5@group-7D2873B646E2, cid=1988, SUCCESS, logIndex=0, commits[f80c66c4-8a3d-47db-b3f8-20b0bcb8a3f5:c2881, 6e9bc0f4-a324-4be3-b201-2d39df7dad8a:c2878, cffe1303-2f93-4087-8a62-a40745db49f2:c2878]
2019-07-10 09:50:53,233 INFO  client.GrpcClientProtocolClient (GrpcClientProtocolClient.java:onNext(255)) - client-7D6108789623->f80c66c4-8a3d-47db-b3f8-20b0bcb8a3f5: receive RaftClientReply:client-7D6108789623->f80c66c4-8a3d-47db-b3f8-20b0bcb8a3f5@group-7D2873B646E2, cid=1989, SUCCESS, logIndex=2885, commits[f80c66c4-8a3d-47db-b3f8-20b0bcb8a3f5:c2886, 6e9bc0f4-a324-4be3-b201-2d39df7dad8a:c2881, cffe1303-2f93-4087-8a62-a40745db49f2:c2881]
2019-07-10 09:50:53,233 INFO  client.GrpcClientProtocolClient (GrpcClientProtocolClient.java:onNext(255)) - client-7D6108789623->f80c66c4-8a3d-47db-b3f8-20b0bcb8a3f5: receive RaftClientReply:client-7D6108789623->f80c66c4-8a3d-47db-b3f8-20b0bcb8a3f5@group-7D2873B646E2, cid=1990, SUCCESS, logIndex=2886, commits[f80c66c4-8a3d-47db-b3f8-20b0bcb8a3f5:c2886, 6e9bc0f4-a324-4be3-b201-2d39df7dad8a:c2881, cffe1303-2f93-4087-8a62-a40745db49f2:c2881]
2019-07-10 09:50:53,256 INFO  client.GrpcClientProtocolClient (GrpcClientProtocolClient.java:onNext(255)) - client-7D6108789623->f80c66c4-8a3d-47db-b3f8-20b0bcb8a3f5: receive RaftClientReply:client-7D6108789623->f80c66c4-8a3d-47db-b3f8-20b0bcb8a3f5@group-7D2873B646E2, cid=1991, SUCCESS, logIndex=2889, commits[f80c66c4-8a3d-47db-b3f8-20b0bcb8a3f5:c2889, 6e9bc0f4-a324-4be3-b201-2d39df7dad8a:c2886, cffe1303-2f93-4087-8a62-a40745db49f2:c2886]
2019-07-10 09:50:53,256 INFO  client.GrpcClientProtocolClient (GrpcClientProtocolClient.java:onNext(255)) - client-7D6108789623->f80c66c4-8a3d-47db-b3f8-20b0bcb8a3f5: receive RaftClientReply:client-7D6108789623->f80c66c4-8a3d-47db-b3f8-20b0bcb8a3f5@group-7D2873B646E2, cid=1992, SUCCESS, logIndex=2890, commits[f80c66c4-8a3d-47db-b3f8-20b0bcb8a3f5:c2890, 6e9bc0f4-a324-4be3-b201-2d39df7dad8a:c2886, cffe1303-2f93-4087-8a62-a40745db49f2:c2886]
2019-07-10 09:50:53,277 INFO  client.GrpcClientProtocolClient (GrpcClientProtocolClient.java:onNext(255)) - client-7D6108789623->f80c66c4-8a3d-47db-b3f8-20b0bcb8a3f5: receive RaftClientReply:client-7D6108789623->f80c66c4-8a3d-47db-b3f8-20b0bcb8a3f5@group-7D2873B646E2, cid=1993, SUCCESS, logIndex=0, commits[f80c66c4-8a3d-47db-b3f8-20b0bcb8a3f5:c2892, 6e9bc0f4-a324-4be3-b201-2d39df7dad8a:c2890, cffe1303-2f93-4087-8a62-a40745db49f2:c2890]
2019-07-10 09:50:53,308 INFO  client.GrpcClientProtocolClient (GrpcClientProtocolClient.java:onNext(255)) - client-7D6108789623->f80c66c4-8a3d-47db-b3f8-20b0bcb8a3f5: receive RaftClientReply:client-7D6108789623->f80c66c4-8a3d-47db-b3f8-20b0bcb8a3f5@group-7D2873B646E2, cid=1994, SUCCESS, logIndex=2893, commits[f80c66c4-8a3d-47db-b3f8-20b0bcb8a3f5:c2894, 6e9bc0f4-a324-4be3-b201-2d39df7dad8a:c2892, cffe1303-2f93-4087-8a62-a40745db49f2:c2892]
2019-07-10 09:50:53,309 INFO  client.GrpcClientProtocolClient (GrpcClientProtocolClient.java:onNext(255)) - client-7D6108789623->f80c66c4-8a3d-47db-b3f8-20b0bcb8a3f5: receive RaftClientReply:client-7D6108789623->f80c66c4-8a3d-47db-b3f8-20b0bcb8a3f5@group-7D2873B646E2, cid=1995, SUCCESS, logIndex=2894, commits[f80c66c4-8a3d-47db-b3f8-20b0bcb8a3f5:c2896, 6e9bc0f4-a324-4be3-b201-2d39df7dad8a:c2892, cffe1303-2f93-4087-8a62-a40745db49f2:c2892]
2019-07-10 09:50:53,310 INFO  client.GrpcClientProtocolClient (GrpcClientProtocolClient.java:onNext(255)) - client-7D6108789623->f80c66c4-8a3d-47db-b3f8-20b0bcb8a3f5: receive RaftClientReply:client-7D6108789623->f80c66c4-8a3d-47db-b3f8-20b0bcb8a3f5@group-7D2873B646E2, cid=1996, SUCCESS, logIndex=2895, commits[f80c66c4-8a3d-47db-b3f8-20b0bcb8a3f5:c2896, 6e9bc0f4-a324-4be3-b201-2d39df7dad8a:c2892, cffe1303-2f93-4087-8a62-a40745db49f2:c2892]
2019-07-10 09:50:53,311 INFO  client.GrpcClientProtocolClient (GrpcClientProtocolClient.java:onNext(255)) - client-7D6108789623->f80c66c4-8a3d-47db-b3f8-20b0bcb8a3f5: receive RaftClientReply:client-7D6108789623->f80c66c4-8a3d-47db-b3f8-20b0bcb8a3f5@group-7D2873B646E2, cid=1997, SUCCESS, logIndex=2896, commits[f80c66c4-8a3d-47db-b3f8-20b0bcb8a3f5:c2896, 6e9bc0f4-a324-4be3-b201-2d39df7dad8a:c2892, cffe1303-2f93-4087-8a62-a40745db49f2:c2892]
2019-07-10 09:50:53,319 INFO  client.GrpcClientProtocolClient (GrpcClientProtocolClient.java:onNext(255)) - client-7D6108789623->f80c66c4-8a3d-47db-b3f8-20b0bcb8a3f5: receive RaftClientReply:client-7D6108789623->f80c66c4-8a3d-47db-b3f8-20b0bcb8a3f5@group-7D2873B646E2, cid=1998, SUCCESS, logIndex=0, commits[f80c66c4-8a3d-47db-b3f8-20b0bcb8a3f5:c2897, 6e9bc0f4-a324-4be3-b201-2d39df7dad8a:c2894, cffe1303-2f93-4087-8a62-a40745db49f2:c2894]
2019-07-10 09:50:53,341 INFO  client.GrpcClientProtocolClient (GrpcClientProtocolClient.java:onNext(255)) - client-7D6108789623->f80c66c4-8a3d-47db-b3f8-20b0bcb8a3f5: receive RaftClientReply:client-7D6108789623->f80c66c4-8a3d-47db-b3f8-20b0bcb8a3f5@group-7D2873B646E2, cid=1999, SUCCESS, logIndex=2900, commits[f80c66c4-8a3d-47db-b3f8-20b0bcb8a3f5:c2901, 6e9bc0f4-a324-4be3-b201-2d39df7dad8a:c2897, cffe1303-2f93-4087-8a62-a40745db49f2:c2897]
2019-07-10 09:50:53,341 INFO  client.GrpcClientProtocolClient (GrpcClientProtocolClient.java:onNext(255)) - client-7D6108789623->f80c66c4-8a3d-47db-b3f8-20b0bcb8a3f5: receive RaftClientReply:client-7D6108789623->f80c66c4-8a3d-47db-b3f8-20b0bcb8a3f5@group-7D2873B646E2, cid=2000, SUCCESS, logIndex=2901, commits[f80c66c4-8a3d-47db-b3f8-20b0bcb8a3f5:c2901, 6e9bc0f4-a324-4be3-b201-2d39df7dad8a:c2897, cffe1303-2f93-4087-8a62-a40745db49f2:c2897]
2019-07-10 09:50:53,366 INFO  client.GrpcClientProtocolClient (GrpcClientProtocolClient.java:onNext(255)) - client-7D6108789623->f80c66c4-8a3d-47db-b3f8-20b0bcb8a3f5: receive RaftClientReply:client-7D6108789623->f80c66c4-8a3d-47db-b3f8-20b0bcb8a3f5@group-7D2873B646E2, cid=2001, SUCCESS, logIndex=2904, commits[f80c66c4-8a3d-47db-b3f8-20b0bcb8a3f5:c2905, 6e9bc0f4-a324-4be3-b201-2d39df7dad8a:c2901, cffe1303-2f93-4087-8a62-a40745db49f2:c2901]
2019-07-10 09:50:53,366 INFO  client.GrpcClientProtocolClient (GrpcClientProtocolClient.java:onNext(255)) - client-7D6108789623->f80c66c4-8a3d-47db-b3f8-20b0bcb8a3f5: receive RaftClientReply:client-7D6108789623->f80c66c4-8a3d-47db-b3f8-20b0bcb8a3f5@group-7D2873B646E2, cid=2002, SUCCESS, logIndex=2905, commits[f80c66c4-8a3d-47db-b3f8-20b0bcb8a3f5:c2905, 6e9bc0f4-a324-4be3-b201-2d39df7dad8a:c2901, cffe1303-2f93-4087-8a62-a40745db49f2:c2901]
2019-07-10 09:50:53,377 INFO  client.GrpcClientProtocolClient (GrpcClientProtocolClient.java:onNext(255)) - client-7D6108789623->f80c66c4-8a3d-47db-b3f8-20b0bcb8a3f5: receive RaftClientReply:client-7D6108789623->f80c66c4-8a3d-47db-b3f8-20b0bcb8a3f5@group-7D2873B646E2, cid=2003, SUCCESS, logIndex=0, commits[f80c66c4-8a3d-47db-b3f8-20b0bcb8a3f5:c2906, 6e9bc0f4-a324-4be3-b201-2d39df7dad8a:c2905, cffe1303-2f93-4087-8a62-a40745db49f2:c2905]
2019-07-10 09:50:53,407 INFO  client.GrpcClientProtocolClient (GrpcClientProtocolClient.java:onNext(255)) - client-7D6108789623->f80c66c4-8a3d-47db-b3f8-20b0bcb8a3f5: receive RaftClientReply:client-7D6108789623->f80c66c4-8a3d-47db-b3f8-20b0bcb8a3f5@group-7D2873B646E2, cid=2004, SUCCESS, logIndex=2907, commits[f80c66c4-8a3d-47db-b3f8-20b0bcb8a3f5:c2908, 6e9bc0f4-a324-4be3-b201-2d39df7dad8a:c2906, cffe1303-2f93-4087-8a62-a40745db49f2:c2906]
2019-07-10 09:50:53,407 INFO  client.GrpcClientProtocolClient (GrpcClientProtocolClient.java:onNext(255)) - client-7D6108789623->f80c66c4-8a3d-47db-b3f8-20b0bcb8a3f5: receive RaftClientReply:client-7D6108789623->f80c66c4-8a3d-47db-b3f8-20b0bcb8a3f5@group-7D2873B646E2, cid=2005, SUCCESS, logIndex=2908, commits[f80c66c4-8a3d-47db-b3f8-20b0bcb8a3f5:c2908, 6e9bc0f4-a324-4be3-b201-2d39df7dad8a:c2906, cffe1303-2f93-4087-8a62-a40745db49f2:c2906]
2019-07-10 09:50:53,415 INFO  client.GrpcClientProtocolClient (GrpcClientProtocolClient.java:onNext(255)) - client-7D6108789623->f80c66c4-8a3d-47db-b3f8-20b0bcb8a3f5: receive RaftClientReply:client-7D6108789623->f80c66c4-8a3d-47db-b3f8-20b0bcb8a3f5@group-7D2873B646E2, cid=2006, SUCCESS, logIndex=2909, commits[f80c66c4-8a3d-47db-b3f8-20b0bcb8a3f5:c2910, 6e9bc0f4-a324-4be3-b201-2d39df7dad8a:c2906, cffe1303-2f93-4087-8a62-a40745db49f2:c2906]
2019-07-10 09:50:53,416 INFO  client.GrpcClientProtocolClient (GrpcClientProtocolClient.java:onNext(255)) - client-7D6108789623->f80c66c4-8a3d-47db-b3f8-20b0bcb8a3f5: receive RaftClientReply:client-7D6108789623->f80c66c4-8a3d-47db-b3f8-20b0bcb8a3f5@group-7D2873B646E2, cid=2007, SUCCESS, logIndex=2910, commits[f80c66c4-8a3d-47db-b3f8-20b0bcb8a3f5:c2910, 6e9bc0f4-a324-4be3-b201-2d39df7dad8a:c2906, cffe1303-2f93-4087-8a62-a40745db49f2:c2906]
2019-07-10 09:50:53,418 INFO  client.GrpcClientProtocolClient (GrpcClientProtocolClient.java:onNext(255)) - client-7D6108789623->f80c66c4-8a3d-47db-b3f8-20b0bcb8a3f5: receive RaftClientReply:client-7D6108789623->f80c66c4-8a3d-47db-b3f8-20b0bcb8a3f5@group-7D2873B646E2, cid=2008, SUCCESS, logIndex=0, commits[f80c66c4-8a3d-47db-b3f8-20b0bcb8a3f5:c2911, 6e9bc0f4-a324-4be3-b201-2d39df7dad8a:c2908, cffe1303-2f93-4087-8a62-a40745db49f2:c2908]
2019-07-10 09:50:53,438 INFO  client.GrpcClientProtocolClient (GrpcClientProtocolClient.java:onNext(255)) - client-7D6108789623->f80c66c4-8a3d-47db-b3f8-20b0bcb8a3f5: receive RaftClientReply:client-7D6108789623->f80c66c4-8a3d-47db-b3f8-20b0bcb8a3f5@group-7D2873B646E2, cid=2009, SUCCESS, logIndex=2915, commits[f80c66c4-8a3d-47db-b3f8-20b0bcb8a3f5:c2916, 6e9bc0f4-a324-4be3-b201-2d39df7dad8a:c2914, cffe1303-2f93-4087-8a62-a40745db49f2:c2914]
2019-07-10 09:50:53,438 INFO  client.GrpcClientProtocolClient (GrpcClientProtocolClient.java:onNext(255)) - client-7D6108789623->f80c66c4-8a3d-47db-b3f8-20b0bcb8a3f5: receive RaftClientReply:client-7D6108789623->f80c66c4-8a3d-47db-b3f8-20b0bcb8a3f5@group-7D2873B646E2, cid=2010, SUCCESS, logIndex=2916, commits[f80c66c4-8a3d-47db-b3f8-20b0bcb8a3f5:c2916, 6e9bc0f4-a324-4be3-b201-2d39df7dad8a:c2914, cffe1303-2f93-4087-8a62-a40745db49f2:c2914]
2019-07-10 09:50:53,453 INFO  client.GrpcClientProtocolClient (GrpcClientProtocolClient.java:onNext(255)) - client-7D6108789623->f80c66c4-8a3d-47db-b3f8-20b0bcb8a3f5: receive RaftClientReply:client-7D6108789623->f80c66c4-8a3d-47db-b3f8-20b0bcb8a3f5@group-7D2873B646E2, cid=2011, SUCCESS, logIndex=2919, commits[f80c66c4-8a3d-47db-b3f8-20b0bcb8a3f5:c2920, 6e9bc0f4-a324-4be3-b201-2d39df7dad8a:c2915, cffe1303-2f93-4087-8a62-a40745db49f2:c2916]
2019-07-10 09:50:53,454 INFO  client.GrpcClientProtocolClient (GrpcClientProtocolClient.java:onNext(255)) - client-7D6108789623->f80c66c4-8a3d-47db-b3f8-20b0bcb8a3f5: receive RaftClientReply:client-7D6108789623->f80c66c4-8a3d-47db-b3f8-20b0bcb8a3f5@group-7D2873B646E2, cid=2012, SUCCESS, logIndex=2920, commits[f80c66c4-8a3d-47db-b3f8-20b0bcb8a3f5:c2920, 6e9bc0f4-a324-4be3-b201-2d39df7dad8a:c2915, cffe1303-2f93-4087-8a62-a40745db49f2:c2916]
2019-07-10 09:50:53,462 INFO  client.GrpcClientProtocolClient (GrpcClientProtocolClient.java:onNext(255)) - client-7D6108789623->f80c66c4-8a3d-47db-b3f8-20b0bcb8a3f5: receive RaftClientReply:client-7D6108789623->f80c66c4-8a3d-47db-b3f8-20b0bcb8a3f5@group-7D2873B646E2, cid=2013, SUCCESS, logIndex=0, commits[f80c66c4-8a3d-47db-b3f8-20b0bcb8a3f5:c2920, 6e9bc0f4-a324-4be3-b201-2d39df7dad8a:c2916, cffe1303-2f93-4087-8a62-a40745db49f2:c2916]
2019-07-10 09:50:53,482 INFO  client.GrpcClientProtocolClient (GrpcClientProtocolClient.java:onNext(255)) - client-7D6108789623->f80c66c4-8a3d-47db-b3f8-20b0bcb8a3f5: receive RaftClientReply:client-7D6108789623->f80c66c4-8a3d-47db-b3f8-20b0bcb8a3f5@group-7D2873B646E2, cid=2014, SUCCESS, logIndex=0, commits[f80c66c4-8a3d-47db-b3f8-20b0bcb8a3f5:c2922, 6e9bc0f4-a324-4be3-b201-2d39df7dad8a:c2920, cffe1303-2f93-4087-8a62-a40745db49f2:c2920]
2019-07-10 09:50:53,512 INFO  client.GrpcClientProtocolClient (GrpcClientProtocolClient.java:onNext(255)) - client-7D6108789623->f80c66c4-8a3d-47db-b3f8-20b0bcb8a3f5: receive RaftClientReply:client-7D6108789623->f80c66c4-8a3d-47db-b3f8-20b0bcb8a3f5@group-7D2873B646E2, cid=2015, SUCCESS, logIndex=2923, commits[f80c66c4-8a3d-47db-b3f8-20b0bcb8a3f5:c2924, 6e9bc0f4-a324-4be3-b201-2d39df7dad8a:c2922, cffe1303-2f93-4087-8a62-a40745db49f2:c2922]
2019-07-10 09:50:53,513 INFO  client.GrpcClientProtocolClient (GrpcClientProtocolClient.java:onNext(255)) - client-7D6108789623->f80c66c4-8a3d-47db-b3f8-20b0bcb8a3f5: receive RaftClientReply:client-7D6108789623->f80c66c4-8a3d-47db-b3f8-20b0bcb8a3f5@group-7D2873B646E2, cid=2016, SUCCESS, logIndex=2924, commits[f80c66c4-8a3d-47db-b3f8-20b0bcb8a3f5:c2926, 6e9bc0f4-a324-4be3-b201-2d39df7dad8a:c2922, cffe1303-2f93-4087-8a62-a40745db49f2:c2922]
2019-07-10 09:50:53,513 INFO  client.GrpcClientProtocolClient (GrpcClientProtocolClient.java:onNext(255)) - client-7D6108789623->f80c66c4-8a3d-47db-b3f8-20b0bcb8a3f5: receive RaftClientReply:client-7D6108789623->f80c66c4-8a3d-47db-b3f8-20b0bcb8a3f5@group-7D2873B646E2, cid=2017, SUCCESS, logIndex=2925, commits[f80c66c4-8a3d-47db-b3f8-20b0bcb8a3f5:c2926, 6e9bc0f4-a324-4be3-b201-2d39df7dad8a:c2923, cffe1303-2f93-4087-8a62-a40745db49f2:c2922]
2019-07-10 09:50:53,513 INFO  client.GrpcClientProtocolClient (GrpcClientProtocolClient.java:onNext(255)) - client-7D6108789623->f80c66c4-8a3d-47db-b3f8-20b0bcb8a3f5: receive RaftClientReply:client-7D6108789623->f80c66c4-8a3d-47db-b3f8-20b0bcb8a3f5@group-7D2873B646E2, cid=2018, SUCCESS, logIndex=2926, commits[f80c66c4-8a3d-47db-b3f8-20b0bcb8a3f5:c2926, 6e9bc0f4-a324-4be3-b201-2d39df7dad8a:c2923, cffe1303-2f93-4087-8a62-a40745db49f2:c2922]
2019-07-10 09:50:53,531 INFO  client.GrpcClientProtocolClient (GrpcClientProtocolClient.java:onNext(255)) - client-7D6108789623->f80c66c4-8a3d-47db-b3f8-20b0bcb8a3f5: receive RaftClientReply:client-7D6108789623->f80c66c4-8a3d-47db-b3f8-20b0bcb8a3f5@group-7D2873B646E2, cid=2019, SUCCESS, logIndex=0, commits[f80c66c4-8a3d-47db-b3f8-20b0bcb8a3f5:c2928, 6e9bc0f4-a324-4be3-b201-2d39df7dad8a:c2924, cffe1303-2f93-4087-8a62-a40745db49f2:c2924]
2019-07-10 09:50:53,550 INFO  client.GrpcClientProtocolClient (GrpcClientProtocolClient.java:onNext(255)) - client-7D6108789623->f80c66c4-8a3d-47db-b3f8-20b0bcb8a3f5: receive RaftClientReply:client-7D6108789623->f80c66c4-8a3d-47db-b3f8-20b0bcb8a3f5@group-7D2873B646E2, cid=2020, SUCCESS, logIndex=2930, commits[f80c66c4-8a3d-47db-b3f8-20b0bcb8a3f5:c2931, 6e9bc0f4-a324-4be3-b201-2d39df7dad8a:c2929, cffe1303-2f93-4087-8a62-a40745db49f2:c2929]
2019-07-10 09:50:53,551 INFO  client.GrpcClientProtocolClient (GrpcClientProtocolClient.java:onNext(255)) - client-7D6108789623->f80c66c4-8a3d-47db-b3f8-20b0bcb8a3f5: receive RaftClientReply:client-7D6108789623->f80c66c4-8a3d-47db-b3f8-20b0bcb8a3f5@group-7D2873B646E2, cid=2021, SUCCESS, logIndex=2931, commits[f80c66c4-8a3d-47db-b3f8-20b0bcb8a3f5:c2931, 6e9bc0f4-a324-4be3-b201-2d39df7dad8a:c2929, cffe1303-2f93-4087-8a62-a40745db49f2:c2929]
2019-07-10 09:50:53,573 INFO  client.GrpcClientProtocolClient (GrpcClientProtocolClient.java:onNext(255)) - client-7D6108789623->f80c66c4-8a3d-47db-b3f8-20b0bcb8a3f5: receive RaftClientReply:client-7D6108789623->f80c66c4-8a3d-47db-b3f8-20b0bcb8a3f5@group-7D2873B646E2, cid=2022, SUCCESS, logIndex=2934, commits[f80c66c4-8a3d-47db-b3f8-20b0bcb8a3f5:c2935, 6e9bc0f4-a324-4be3-b201-2d39df7dad8a:c2931, cffe1303-2f93-4087-8a62-a40745db49f2:c2931]
2019-07-10 09:50:53,573 INFO  client.GrpcClientProtocolClient (GrpcClientProtocolClient.java:onNext(255)) - client-7D6108789623->f80c66c4-8a3d-47db-b3f8-20b0bcb8a3f5: receive RaftClientReply:client-7D6108789623->f80c66c4-8a3d-47db-b3f8-20b0bcb8a3f5@group-7D2873B646E2, cid=2023, SUCCESS, logIndex=2935, commits[f80c66c4-8a3d-47db-b3f8-20b0bcb8a3f5:c2935, 6e9bc0f4-a324-4be3-b201-2d39df7dad8a:c2931, cffe1303-2f93-4087-8a62-a40745db49f2:c2931]
2019-07-10 09:50:53,577 INFO  client.GrpcClientProtocolClient (GrpcClientProtocolClient.java:onNext(255)) - client-7D6108789623->f80c66c4-8a3d-47db-b3f8-20b0bcb8a3f5: receive RaftClientReply:client-7D6108789623->f80c66c4-8a3d-47db-b3f8-20b0bcb8a3f5@group-7D2873B646E2, cid=2024, SUCCESS, logIndex=0, commits[f80c66c4-8a3d-47db-b3f8-20b0bcb8a3f5:c2936, 6e9bc0f4-a324-4be3-b201-2d39df7dad8a:c2935, cffe1303-2f93-4087-8a62-a40745db49f2:c2935]
2019-07-10 09:50:53,607 INFO  client.GrpcClientProtocolClient (GrpcClientProtocolClient.java:onNext(255)) - client-7D6108789623->f80c66c4-8a3d-47db-b3f8-20b0bcb8a3f5: receive RaftClientReply:client-7D6108789623->f80c66c4-8a3d-47db-b3f8-20b0bcb8a3f5@group-7D2873B646E2, cid=2025, SUCCESS, logIndex=2938, commits[f80c66c4-8a3d-47db-b3f8-20b0bcb8a3f5:c2939, 6e9bc0f4-a324-4be3-b201-2d39df7dad8a:c2937, cffe1303-2f93-4087-8a62-a40745db49f2:c2937]
2019-07-10 09:50:53,608 INFO  client.GrpcClientProtocolClient (GrpcClientProtocolClient.java:onNext(255)) - client-7D6108789623->f80c66c4-8a3d-47db-b3f8-20b0bcb8a3f5: receive RaftClientReply:client-7D6108789623->f80c66c4-8a3d-47db-b3f8-20b0bcb8a3f5@group-7D2873B646E2, cid=2026, SUCCESS, logIndex=2939, commits[f80c66c4-8a3d-47db-b3f8-20b0bcb8a3f5:c2939, 6e9bc0f4-a324-4be3-b201-2d39df7dad8a:c2937, cffe1303-2f93-4087-8a62-a40745db49f2:c2937]
2019-07-10 09:50:53,617 INFO  client.GrpcClientProtocolClient (GrpcClientProtocolClient.java:onNext(255)) - client-7D6108789623->f80c66c4-8a3d-47db-b3f8-20b0bcb8a3f5: receive RaftClientReply:client-7D6108789623->f80c66c4-8a3d-47db-b3f8-20b0bcb8a3f5@group-7D2873B646E2, cid=2027, SUCCESS, logIndex=2940, commits[f80c66c4-8a3d-47db-b3f8-20b0bcb8a3f5:c2941, 6e9bc0f4-a324-4be3-b201-2d39df7dad8a:c2937, cffe1303-2f93-4087-8a62-a40745db49f2:c2937]
2019-07-10 09:50:53,618 INFO  client.GrpcClientProtocolClient (GrpcClientProtocolClient.java:onNext(255)) - client-7D6108789623->f80c66c4-8a3d-47db-b3f8-20b0bcb8a3f5: receive RaftClientReply:client-7D6108789623->f80c66c4-8a3d-47db-b3f8-20b0bcb8a3f5@group-7D2873B646E2, cid=2028, SUCCESS, logIndex=2941, commits[f80c66c4-8a3d-47db-b3f8-20b0bcb8a3f5:c2943, 6e9bc0f4-a324-4be3-b201-2d39df7dad8a:c2939, cffe1303-2f93-4087-8a62-a40745db49f2:c2938]
2019-07-10 09:50:53,627 INFO  client.GrpcClientProtocolClient (GrpcClientProtocolClient.java:onNext(255)) - client-7D6108789623->f80c66c4-8a3d-47db-b3f8-20b0bcb8a3f5: receive RaftClientReply:client-7D6108789623->f80c66c4-8a3d-47db-b3f8-20b0bcb8a3f5@group-7D2873B646E2, cid=2029, SUCCESS, logIndex=0, commits[f80c66c4-8a3d-47db-b3f8-20b0bcb8a3f5:c2943, 6e9bc0f4-a324-4be3-b201-2d39df7dad8a:c2939, cffe1303-2f93-4087-8a62-a40745db49f2:c2939]
2019-07-10 09:50:53,649 INFO  client.GrpcClientProtocolClient (GrpcClientProtocolClient.java:onNext(255)) - client-7D6108789623->f80c66c4-8a3d-47db-b3f8-20b0bcb8a3f5: receive RaftClientReply:client-7D6108789623->f80c66c4-8a3d-47db-b3f8-20b0bcb8a3f5@group-7D2873B646E2, cid=2030, SUCCESS, logIndex=2946, commits[f80c66c4-8a3d-47db-b3f8-20b0bcb8a3f5:c2947, 6e9bc0f4-a324-4be3-b201-2d39df7dad8a:c2945, cffe1303-2f93-4087-8a62-a40745db49f2:c2945]
2019-07-10 09:50:53,649 INFO  client.GrpcClientProtocolClient (GrpcClientProtocolClient.java:onNext(255)) - client-7D6108789623->f80c66c4-8a3d-47db-b3f8-20b0bcb8a3f5: receive RaftClientReply:client-7D6108789623->f80c66c4-8a3d-47db-b3f8-20b0bcb8a3f5@group-7D2873B646E2, cid=2031, SUCCESS, logIndex=2947, commits[f80c66c4-8a3d-47db-b3f8-20b0bcb8a3f5:c2947, 6e9bc0f4-a324-4be3-b201-2d39df7dad8a:c2945, cffe1303-2f93-4087-8a62-a40745db49f2:c2945]
2019-07-10 09:50:53,664 INFO  client.GrpcClientProtocolClient (GrpcClientProtocolClient.java:onNext(255)) - client-7D6108789623->f80c66c4-8a3d-47db-b3f8-20b0bcb8a3f5: receive RaftClientReply:client-7D6108789623->f80c66c4-8a3d-47db-b3f8-20b0bcb8a3f5@group-7D2873B646E2, cid=2032, SUCCESS, logIndex=2950, commits[f80c66c4-8a3d-47db-b3f8-20b0bcb8a3f5:c2951, 6e9bc0f4-a324-4be3-b201-2d39df7dad8a:c2948, cffe1303-2f93-4087-8a62-a40745db49f2:c2948]
2019-07-10 09:50:53,665 INFO  client.GrpcClientProtocolClient (GrpcClientProtocolClient.java:onNext(255)) - client-7D6108789623->f80c66c4-8a3d-47db-b3f8-20b0bcb8a3f5: receive RaftClientReply:client-7D6108789623->f80c66c4-8a3d-47db-b3f8-20b0bcb8a3f5@group-7D2873B646E2, cid=2033, SUCCESS, logIndex=2951, commits[f80c66c4-8a3d-47db-b3f8-20b0bcb8a3f5:c2951, 6e9bc0f4-a324-4be3-b201-2d39df7dad8a:c2948, cffe1303-2f93-4087-8a62-a40745db49f2:c2948]
2019-07-10 09:50:53,674 INFO  client.GrpcClientProtocolClient (GrpcClientProtocolClient.java:onNext(255)) - client-7D6108789623->f80c66c4-8a3d-47db-b3f8-20b0bcb8a3f5: receive RaftClientReply:client-7D6108789623->f80c66c4-8a3d-47db-b3f8-20b0bcb8a3f5@group-7D2873B646E2, cid=2034, SUCCESS, logIndex=0, commits[f80c66c4-8a3d-47db-b3f8-20b0bcb8a3f5:c2952, 6e9bc0f4-a324-4be3-b201-2d39df7dad8a:c2951, cffe1303-2f93-4087-8a62-a40745db49f2:c2951]
 0.00% |█                                                                                                    |  0/1 Time: 0:00:182019-07-10 09:50:54,202 INFO  client.GrpcClientProtocolClient (GrpcClientProtocolClient.java:onNext(255)) - client-7D6108789623->f80c66c4-8a3d-47db-b3f8-20b0bcb8a3f5: receive RaftClientReply:client-7D6108789623->f80c66c4-8a3d-47db-b3f8-20b0bcb8a3f5@group-7D2873B646E2, cid=2035, SUCCESS, logIndex=2954, commits[f80c66c4-8a3d-47db-b3f8-20b0bcb8a3f5:c2956, 6e9bc0f4-a324-4be3-b201-2d39df7dad8a:c2953, cffe1303-2f93-4087-8a62-a40745db49f2:c2953]
2019-07-10 09:50:54,202 INFO  client.GrpcClientProtocolClient (GrpcClientProtocolClient.java:onNext(255)) - client-7D6108789623->f80c66c4-8a3d-47db-b3f8-20b0bcb8a3f5: receive RaftClientReply:client-7D6108789623->f80c66c4-8a3d-47db-b3f8-20b0bcb8a3f5@group-7D2873B646E2, cid=2036, SUCCESS, logIndex=2955, commits[f80c66c4-8a3d-47db-b3f8-20b0bcb8a3f5:c2957, 6e9bc0f4-a324-4be3-b201-2d39df7dad8a:c2953, cffe1303-2f93-4087-8a62-a40745db49f2:c2953]
2019-07-10 09:50:54,203 INFO  client.GrpcClientProtocolClient (GrpcClientProtocolClient.java:onNext(255)) - client-7D6108789623->f80c66c4-8a3d-47db-b3f8-20b0bcb8a3f5: receive RaftClientReply:client-7D6108789623->f80c66c4-8a3d-47db-b3f8-20b0bcb8a3f5@group-7D2873B646E2, cid=2037, SUCCESS, logIndex=2956, commits[f80c66c4-8a3d-47db-b3f8-20b0bcb8a3f5:c2957, 6e9bc0f4-a324-4be3-b201-2d39df7dad8a:c2953, cffe1303-2f93-4087-8a62-a40745db49f2:c2953]
2019-07-10 09:50:54,203 INFO  client.GrpcClientProtocolClient (GrpcClientProtocolClient.java:onNext(255)) - client-7D6108789623->f80c66c4-8a3d-47db-b3f8-20b0bcb8a3f5: receive RaftClientReply:client-7D6108789623->f80c66c4-8a3d-47db-b3f8-20b0bcb8a3f5@group-7D2873B646E2, cid=2038, SUCCESS, logIndex=2957, commits[f80c66c4-8a3d-47db-b3f8-20b0bcb8a3f5:c2957, 6e9bc0f4-a324-4be3-b201-2d39df7dad8a:c2953, cffe1303-2f93-4087-8a62-a40745db49f2:c2953]
2019-07-10 09:50:54,231 INFO  client.GrpcClientProtocolClient (GrpcClientProtocolClient.java:onNext(255)) - client-7D6108789623->f80c66c4-8a3d-47db-b3f8-20b0bcb8a3f5: receive RaftClientReply:client-7D6108789623->f80c66c4-8a3d-47db-b3f8-20b0bcb8a3f5@group-7D2873B646E2, cid=2039, SUCCESS, logIndex=0, commits[f80c66c4-8a3d-47db-b3f8-20b0bcb8a3f5:c2961, 6e9bc0f4-a324-4be3-b201-2d39df7dad8a:c2957, cffe1303-2f93-4087-8a62-a40745db49f2:c2955]
2019-07-10 09:50:54,253 INFO  client.GrpcClientProtocolClient (GrpcClientProtocolClient.java:onNext(255)) - client-7D6108789623->f80c66c4-8a3d-47db-b3f8-20b0bcb8a3f5: receive RaftClientReply:client-7D6108789623->f80c66c4-8a3d-47db-b3f8-20b0bcb8a3f5@group-7D2873B646E2, cid=2040, SUCCESS, logIndex=2962, commits[f80c66c4-8a3d-47db-b3f8-20b0bcb8a3f5:c2963, 6e9bc0f4-a324-4be3-b201-2d39df7dad8a:c2961, cffe1303-2f93-4087-8a62-a40745db49f2:c2961]
2019-07-10 09:50:54,253 INFO  client.GrpcClientProtocolClient (GrpcClientProtocolClient.java:onNext(255)) - client-7D6108789623->f80c66c4-8a3d-47db-b3f8-20b0bcb8a3f5: receive RaftClientReply:client-7D6108789623->f80c66c4-8a3d-47db-b3f8-20b0bcb8a3f5@group-7D2873B646E2, cid=2041, SUCCESS, logIndex=2963, commits[f80c66c4-8a3d-47db-b3f8-20b0bcb8a3f5:c2963, 6e9bc0f4-a324-4be3-b201-2d39df7dad8a:c2961, cffe1303-2f93-4087-8a62-a40745db49f2:c2961]
2019-07-10 09:50:54,304 INFO  client.GrpcClientProtocolClient (GrpcClientProtocolClient.java:onNext(255)) - client-7D6108789623->f80c66c4-8a3d-47db-b3f8-20b0bcb8a3f5: receive RaftClientReply:client-7D6108789623->f80c66c4-8a3d-47db-b3f8-20b0bcb8a3f5@group-7D2873B646E2, cid=2042, SUCCESS, logIndex=2966, commits[f80c66c4-8a3d-47db-b3f8-20b0bcb8a3f5:c2967, 6e9bc0f4-a324-4be3-b201-2d39df7dad8a:c2963, cffe1303-2f93-4087-8a62-a40745db49f2:c2963]
2019-07-10 09:50:54,304 INFO  client.GrpcClientProtocolClient (GrpcClientProtocolClient.java:onNext(255)) - client-7D6108789623->f80c66c4-8a3d-47db-b3f8-20b0bcb8a3f5: receive RaftClientReply:client-7D6108789623->f80c66c4-8a3d-47db-b3f8-20b0bcb8a3f5@group-7D2873B646E2, cid=2043, SUCCESS, logIndex=2967, commits[f80c66c4-8a3d-47db-b3f8-20b0bcb8a3f5:c2967, 6e9bc0f4-a324-4be3-b201-2d39df7dad8a:c2963, cffe1303-2f93-4087-8a62-a40745db49f2:c2963]
2019-07-10 09:50:54,333 INFO  client.GrpcClientProtocolClient (GrpcClientProtocolClient.java:onNext(255)) - client-7D6108789623->f80c66c4-8a3d-47db-b3f8-20b0bcb8a3f5: receive RaftClientReply:client-7D6108789623->f80c66c4-8a3d-47db-b3f8-20b0bcb8a3f5@group-7D2873B646E2, cid=2044, SUCCESS, logIndex=0, commits[f80c66c4-8a3d-47db-b3f8-20b0bcb8a3f5:c2969, 6e9bc0f4-a324-4be3-b201-2d39df7dad8a:c2967, cffe1303-2f93-4087-8a62-a40745db49f2:c2967]
2019-07-10 09:50:54,377 INFO  client.GrpcClientProtocolClient (GrpcClientProtocolClient.java:onNext(255)) - client-7D6108789623->f80c66c4-8a3d-47db-b3f8-20b0bcb8a3f5: receive RaftClientReply:client-7D6108789623->f80c66c4-8a3d-47db-b3f8-20b0bcb8a3f5@group-7D2873B646E2, cid=2045, SUCCESS, logIndex=2970, commits[f80c66c4-8a3d-47db-b3f8-20b0bcb8a3f5:c2971, 6e9bc0f4-a324-4be3-b201-2d39df7dad8a:c2969, cffe1303-2f93-4087-8a62-a40745db49f2:c2967]
2019-07-10 09:50:54,378 INFO  client.GrpcClientProtocolClient (GrpcClientProtocolClient.java:onNext(255)) - client-7D6108789623->f80c66c4-8a3d-47db-b3f8-20b0bcb8a3f5: receive RaftClientReply:client-7D6108789623->f80c66c4-8a3d-47db-b3f8-20b0bcb8a3f5@group-7D2873B646E2, cid=2046, SUCCESS, logIndex=2971, commits[f80c66c4-8a3d-47db-b3f8-20b0bcb8a3f5:c2971, 6e9bc0f4-a324-4be3-b201-2d39df7dad8a:c2969, cffe1303-2f93-4087-8a62-a40745db49f2:c2967]
2019-07-10 09:50:54,386 INFO  client.GrpcClientProtocolClient (GrpcClientProtocolClient.java:onNext(255)) - client-7D6108789623->f80c66c4-8a3d-47db-b3f8-20b0bcb8a3f5: receive RaftClientReply:client-7D6108789623->f80c66c4-8a3d-47db-b3f8-20b0bcb8a3f5@group-7D2873B646E2, cid=2047, SUCCESS, logIndex=2972, commits[f80c66c4-8a3d-47db-b3f8-20b0bcb8a3f5:c2973, 6e9bc0f4-a324-4be3-b201-2d39df7dad8a:c2969, cffe1303-2f93-4087-8a62-a40745db49f2:c2969]
2019-07-10 09:50:54,387 INFO  client.GrpcClientProtocolClient (GrpcClientProtocolClient.java:onNext(255)) - client-7D6108789623->f80c66c4-8a3d-47db-b3f8-20b0bcb8a3f5: receive RaftClientReply:client-7D6108789623->f80c66c4-8a3d-47db-b3f8-20b0bcb8a3f5@group-7D2873B646E2, cid=2048, SUCCESS, logIndex=2973, commits[f80c66c4-8a3d-47db-b3f8-20b0bcb8a3f5:c2973, 6e9bc0f4-a324-4be3-b201-2d39df7dad8a:c2969, cffe1303-2f93-4087-8a62-a40745db49f2:c2969]
2019-07-10 09:50:54,398 INFO  client.GrpcClientProtocolClient (GrpcClientProtocolClient.java:onNext(255)) - client-7D6108789623->f80c66c4-8a3d-47db-b3f8-20b0bcb8a3f5: receive RaftClientReply:client-7D6108789623->f80c66c4-8a3d-47db-b3f8-20b0bcb8a3f5@group-7D2873B646E2, cid=2049, SUCCESS, logIndex=0, commits[f80c66c4-8a3d-47db-b3f8-20b0bcb8a3f5:c2975, 6e9bc0f4-a324-4be3-b201-2d39df7dad8a:c2971, cffe1303-2f93-4087-8a62-a40745db49f2:c2971]
2019-07-10 09:50:54,412 INFO  client.GrpcClientProtocolClient (GrpcClientProtocolClient.java:onNext(255)) - client-7D6108789623->f80c66c4-8a3d-47db-b3f8-20b0bcb8a3f5: receive RaftClientReply:client-7D6108789623->f80c66c4-8a3d-47db-b3f8-20b0bcb8a3f5@group-7D2873B646E2, cid=2050, SUCCESS, logIndex=2978, commits[f80c66c4-8a3d-47db-b3f8-20b0bcb8a3f5:c2979, 6e9bc0f4-a324-4be3-b201-2d39df7dad8a:c2973, cffe1303-2f93-4087-8a62-a40745db49f2:c2977]
2019-07-10 09:50:54,412 INFO  client.GrpcClientProtocolClient (GrpcClientProtocolClient.java:onNext(255)) - client-7D6108789623->f80c66c4-8a3d-47db-b3f8-20b0bcb8a3f5: receive RaftClientReply:client-7D6108789623->f80c66c4-8a3d-47db-b3f8-20b0bcb8a3f5@group-7D2873B646E2, cid=2051, SUCCESS, logIndex=2979, commits[f80c66c4-8a3d-47db-b3f8-20b0bcb8a3f5:c2979, 6e9bc0f4-a324-4be3-b201-2d39df7dad8a:c2977, cffe1303-2f93-4087-8a62-a40745db49f2:c2977]
2019-07-10 09:50:54,436 INFO  client.GrpcClientProtocolClient (GrpcClientProtocolClient.java:onNext(255)) - client-7D6108789623->f80c66c4-8a3d-47db-b3f8-20b0bcb8a3f5: receive RaftClientReply:client-7D6108789623->f80c66c4-8a3d-47db-b3f8-20b0bcb8a3f5@group-7D2873B646E2, cid=2052, SUCCESS, logIndex=2982, commits[f80c66c4-8a3d-47db-b3f8-20b0bcb8a3f5:c2983, 6e9bc0f4-a324-4be3-b201-2d39df7dad8a:c2979, cffe1303-2f93-4087-8a62-a40745db49f2:c2980]
2019-07-10 09:50:54,437 INFO  client.GrpcClientProtocolClient (GrpcClientProtocolClient.java:onNext(255)) - client-7D6108789623->f80c66c4-8a3d-47db-b3f8-20b0bcb8a3f5: receive RaftClientReply:client-7D6108789623->f80c66c4-8a3d-47db-b3f8-20b0bcb8a3f5@group-7D2873B646E2, cid=2053, SUCCESS, logIndex=2983, commits[f80c66c4-8a3d-47db-b3f8-20b0bcb8a3f5:c2983, 6e9bc0f4-a324-4be3-b201-2d39df7dad8a:c2980, cffe1303-2f93-4087-8a62-a40745db49f2:c2980]
2019-07-10 09:50:54,440 INFO  client.GrpcClientProtocolClient (GrpcClientProtocolClient.java:onNext(255)) - client-7D6108789623->f80c66c4-8a3d-47db-b3f8-20b0bcb8a3f5: receive RaftClientReply:client-7D6108789623->f80c66c4-8a3d-47db-b3f8-20b0bcb8a3f5@group-7D2873B646E2, cid=2054, SUCCESS, logIndex=0, commits[f80c66c4-8a3d-47db-b3f8-20b0bcb8a3f5:c2984, 6e9bc0f4-a324-4be3-b201-2d39df7dad8a:c2983, cffe1303-2f93-4087-8a62-a40745db49f2:c2983]
2019-07-10 09:50:54,469 INFO  client.GrpcClientProtocolClient (GrpcClientProtocolClient.java:onNext(255)) - client-7D6108789623->f80c66c4-8a3d-47db-b3f8-20b0bcb8a3f5: receive RaftClientReply:client-7D6108789623->f80c66c4-8a3d-47db-b3f8-20b0bcb8a3f5@group-7D2873B646E2, cid=2055, SUCCESS, logIndex=2986, commits[f80c66c4-8a3d-47db-b3f8-20b0bcb8a3f5:c2987, 6e9bc0f4-a324-4be3-b201-2d39df7dad8a:c2985, cffe1303-2f93-4087-8a62-a40745db49f2:c2985]
2019-07-10 09:50:54,470 INFO  client.GrpcClientProtocolClient (GrpcClientProtocolClient.java:onNext(255)) - client-7D6108789623->f80c66c4-8a3d-47db-b3f8-20b0bcb8a3f5: receive RaftClientReply:client-7D6108789623->f80c66c4-8a3d-47db-b3f8-20b0bcb8a3f5@group-7D2873B646E2, cid=2056, SUCCESS, logIndex=2987, commits[f80c66c4-8a3d-47db-b3f8-20b0bcb8a3f5:c2989, 6e9bc0f4-a324-4be3-b201-2d39df7dad8a:c2985, cffe1303-2f93-4087-8a62-a40745db49f2:c2985]
2019-07-10 09:50:54,470 INFO  client.GrpcClientProtocolClient (GrpcClientProtocolClient.java:onNext(255)) - client-7D6108789623->f80c66c4-8a3d-47db-b3f8-20b0bcb8a3f5: receive RaftClientReply:client-7D6108789623->f80c66c4-8a3d-47db-b3f8-20b0bcb8a3f5@group-7D2873B646E2, cid=2057, SUCCESS, logIndex=2988, commits[f80c66c4-8a3d-47db-b3f8-20b0bcb8a3f5:c2989, 6e9bc0f4-a324-4be3-b201-2d39df7dad8a:c2985, cffe1303-2f93-4087-8a62-a40745db49f2:c2985]
2019-07-10 09:50:54,471 INFO  client.GrpcClientProtocolClient (GrpcClientProtocolClient.java:onNext(255)) - client-7D6108789623->f80c66c4-8a3d-47db-b3f8-20b0bcb8a3f5: receive RaftClientReply:client-7D6108789623->f80c66c4-8a3d-47db-b3f8-20b0bcb8a3f5@group-7D2873B646E2, cid=2058, SUCCESS, logIndex=2989, commits[f80c66c4-8a3d-47db-b3f8-20b0bcb8a3f5:c2989, 6e9bc0f4-a324-4be3-b201-2d39df7dad8a:c2985, cffe1303-2f93-4087-8a62-a40745db49f2:c2985]
2019-07-10 09:50:54,483 INFO  client.GrpcClientProtocolClient (GrpcClientProtocolClient.java:onNext(255)) - client-7D6108789623->f80c66c4-8a3d-47db-b3f8-20b0bcb8a3f5: receive RaftClientReply:client-7D6108789623->f80c66c4-8a3d-47db-b3f8-20b0bcb8a3f5@group-7D2873B646E2, cid=2059, SUCCESS, logIndex=0, commits[f80c66c4-8a3d-47db-b3f8-20b0bcb8a3f5:c2992, 6e9bc0f4-a324-4be3-b201-2d39df7dad8a:c2987, cffe1303-2f93-4087-8a62-a40745db49f2:c2989]
2019-07-10 09:50:54,502 INFO  client.GrpcClientProtocolClient (GrpcClientProtocolClient.java:onNext(255)) - client-7D6108789623->f80c66c4-8a3d-47db-b3f8-20b0bcb8a3f5: receive RaftClientReply:client-7D6108789623->f80c66c4-8a3d-47db-b3f8-20b0bcb8a3f5@group-7D2873B646E2, cid=2060, SUCCESS, logIndex=2993, commits[f80c66c4-8a3d-47db-b3f8-20b0bcb8a3f5:c2994, 6e9bc0f4-a324-4be3-b201-2d39df7dad8a:c2992, cffe1303-2f93-4087-8a62-a40745db49f2:c2992]
2019-07-10 09:50:54,503 INFO  client.GrpcClientProtocolClient (GrpcClientProtocolClient.java:onNext(255)) - client-7D6108789623->f80c66c4-8a3d-47db-b3f8-20b0bcb8a3f5: receive RaftClientReply:client-7D6108789623->f80c66c4-8a3d-47db-b3f8-20b0bcb8a3f5@group-7D2873B646E2, cid=2061, SUCCESS, logIndex=2994, commits[f80c66c4-8a3d-47db-b3f8-20b0bcb8a3f5:c2994, 6e9bc0f4-a324-4be3-b201-2d39df7dad8a:c2992, cffe1303-2f93-4087-8a62-a40745db49f2:c2992]
2019-07-10 09:50:54,524 INFO  client.GrpcClientProtocolClient (GrpcClientProtocolClient.java:onNext(255)) - client-7D6108789623->f80c66c4-8a3d-47db-b3f8-20b0bcb8a3f5: receive RaftClientReply:client-7D6108789623->f80c66c4-8a3d-47db-b3f8-20b0bcb8a3f5@group-7D2873B646E2, cid=2062, SUCCESS, logIndex=2997, commits[f80c66c4-8a3d-47db-b3f8-20b0bcb8a3f5:c2998, 6e9bc0f4-a324-4be3-b201-2d39df7dad8a:c2994, cffe1303-2f93-4087-8a62-a40745db49f2:c2994]
2019-07-10 09:50:54,524 INFO  client.GrpcClientProtocolClient (GrpcClientProtocolClient.java:onNext(255)) - client-7D6108789623->f80c66c4-8a3d-47db-b3f8-20b0bcb8a3f5: receive RaftClientReply:client-7D6108789623->f80c66c4-8a3d-47db-b3f8-20b0bcb8a3f5@group-7D2873B646E2, cid=2063, SUCCESS, logIndex=2998, commits[f80c66c4-8a3d-47db-b3f8-20b0bcb8a3f5:c2998, 6e9bc0f4-a324-4be3-b201-2d39df7dad8a:c2994, cffe1303-2f93-4087-8a62-a40745db49f2:c2994]
2019-07-10 09:50:54,535 INFO  client.GrpcClientProtocolClient (GrpcClientProtocolClient.java:onNext(255)) - client-7D6108789623->f80c66c4-8a3d-47db-b3f8-20b0bcb8a3f5: receive RaftClientReply:client-7D6108789623->f80c66c4-8a3d-47db-b3f8-20b0bcb8a3f5@group-7D2873B646E2, cid=2064, SUCCESS, logIndex=0, commits[f80c66c4-8a3d-47db-b3f8-20b0bcb8a3f5:c3000, 6e9bc0f4-a324-4be3-b201-2d39df7dad8a:c2998, cffe1303-2f93-4087-8a62-a40745db49f2:c2998]
2019-07-10 09:50:54,564 INFO  client.GrpcClientProtocolClient (GrpcClientProtocolClient.java:onNext(255)) - client-7D6108789623->f80c66c4-8a3d-47db-b3f8-20b0bcb8a3f5: receive RaftClientReply:client-7D6108789623->f80c66c4-8a3d-47db-b3f8-20b0bcb8a3f5@group-7D2873B646E2, cid=2065, SUCCESS, logIndex=3001, commits[f80c66c4-8a3d-47db-b3f8-20b0bcb8a3f5:c3002, 6e9bc0f4-a324-4be3-b201-2d39df7dad8a:c3000, cffe1303-2f93-4087-8a62-a40745db49f2:c3000]
2019-07-10 09:50:54,564 INFO  client.GrpcClientProtocolClient (GrpcClientProtocolClient.java:onNext(255)) - client-7D6108789623->f80c66c4-8a3d-47db-b3f8-20b0bcb8a3f5: receive RaftClientReply:client-7D6108789623->f80c66c4-8a3d-47db-b3f8-20b0bcb8a3f5@group-7D2873B646E2, cid=2066, SUCCESS, logIndex=3002, commits[f80c66c4-8a3d-47db-b3f8-20b0bcb8a3f5:c3004, 6e9bc0f4-a324-4be3-b201-2d39df7dad8a:c3000, cffe1303-2f93-4087-8a62-a40745db49f2:c3000]
2019-07-10 09:50:54,565 INFO  client.GrpcClientProtocolClient (GrpcClientProtocolClient.java:onNext(255)) - client-7D6108789623->f80c66c4-8a3d-47db-b3f8-20b0bcb8a3f5: receive RaftClientReply:client-7D6108789623->f80c66c4-8a3d-47db-b3f8-20b0bcb8a3f5@group-7D2873B646E2, cid=2067, SUCCESS, logIndex=3003, commits[f80c66c4-8a3d-47db-b3f8-20b0bcb8a3f5:c3004, 6e9bc0f4-a324-4be3-b201-2d39df7dad8a:c3000, cffe1303-2f93-4087-8a62-a40745db49f2:c3000]
2019-07-10 09:50:54,565 INFO  client.GrpcClientProtocolClient (GrpcClientProtocolClient.java:onNext(255)) - client-7D6108789623->f80c66c4-8a3d-47db-b3f8-20b0bcb8a3f5: receive RaftClientReply:client-7D6108789623->f80c66c4-8a3d-47db-b3f8-20b0bcb8a3f5@group-7D2873B646E2, cid=2068, SUCCESS, logIndex=3004, commits[f80c66c4-8a3d-47db-b3f8-20b0bcb8a3f5:c3004, 6e9bc0f4-a324-4be3-b201-2d39df7dad8a:c3000, cffe1303-2f93-4087-8a62-a40745db49f2:c3000]
2019-07-10 09:50:54,567 INFO  client.GrpcClientProtocolClient (GrpcClientProtocolClient.java:onNext(255)) - client-7D6108789623->f80c66c4-8a3d-47db-b3f8-20b0bcb8a3f5: receive RaftClientReply:client-7D6108789623->f80c66c4-8a3d-47db-b3f8-20b0bcb8a3f5@group-7D2873B646E2, cid=2069, SUCCESS, logIndex=0, commits[f80c66c4-8a3d-47db-b3f8-20b0bcb8a3f5:c3007, 6e9bc0f4-a324-4be3-b201-2d39df7dad8a:c3004, cffe1303-2f93-4087-8a62-a40745db49f2:c3002]
2019-07-10 09:50:54,586 INFO  client.GrpcClientProtocolClient (GrpcClientProtocolClient.java:onNext(255)) - client-7D6108789623->f80c66c4-8a3d-47db-b3f8-20b0bcb8a3f5: receive RaftClientReply:client-7D6108789623->f80c66c4-8a3d-47db-b3f8-20b0bcb8a3f5@group-7D2873B646E2, cid=2070, SUCCESS, logIndex=3008, commits[f80c66c4-8a3d-47db-b3f8-20b0bcb8a3f5:c3009, 6e9bc0f4-a324-4be3-b201-2d39df7dad8a:c3007, cffe1303-2f93-4087-8a62-a40745db49f2:c3007]
2019-07-10 09:50:54,586 INFO  client.GrpcClientProtocolClient (GrpcClientProtocolClient.java:onNext(255)) - client-7D6108789623->f80c66c4-8a3d-47db-b3f8-20b0bcb8a3f5: receive RaftClientReply:client-7D6108789623->f80c66c4-8a3d-47db-b3f8-20b0bcb8a3f5@group-7D2873B646E2, cid=2071, SUCCESS, logIndex=3009, commits[f80c66c4-8a3d-47db-b3f8-20b0bcb8a3f5:c3009, 6e9bc0f4-a324-4be3-b201-2d39df7dad8a:c3007, cffe1303-2f93-4087-8a62-a40745db49f2:c3007]
2019-07-10 09:50:54,598 INFO  client.GrpcClientProtocolClient (GrpcClientProtocolClient.java:onNext(255)) - client-7D6108789623->f80c66c4-8a3d-47db-b3f8-20b0bcb8a3f5: receive RaftClientReply:client-7D6108789623->f80c66c4-8a3d-47db-b3f8-20b0bcb8a3f5@group-7D2873B646E2, cid=2072, SUCCESS, logIndex=3012, commits[f80c66c4-8a3d-47db-b3f8-20b0bcb8a3f5:c3013, 6e9bc0f4-a324-4be3-b201-2d39df7dad8a:c3009, cffe1303-2f93-4087-8a62-a40745db49f2:c3009]
2019-07-10 09:50:54,598 INFO  client.GrpcClientProtocolClient (GrpcClientProtocolClient.java:onNext(255)) - client-7D6108789623->f80c66c4-8a3d-47db-b3f8-20b0bcb8a3f5: receive RaftClientReply:client-7D6108789623->f80c66c4-8a3d-47db-b3f8-20b0bcb8a3f5@group-7D2873B646E2, cid=2073, SUCCESS, logIndex=3013, commits[f80c66c4-8a3d-47db-b3f8-20b0bcb8a3f5:c3013, 6e9bc0f4-a324-4be3-b201-2d39df7dad8a:c3009, cffe1303-2f93-4087-8a62-a40745db49f2:c3009]
2019-07-10 09:50:54,610 INFO  client.GrpcClientProtocolClient (GrpcClientProtocolClient.java:onNext(255)) - client-7D6108789623->f80c66c4-8a3d-47db-b3f8-20b0bcb8a3f5: receive RaftClientReply:client-7D6108789623->f80c66c4-8a3d-47db-b3f8-20b0bcb8a3f5@group-7D2873B646E2, cid=2074, SUCCESS, logIndex=0, commits[f80c66c4-8a3d-47db-b3f8-20b0bcb8a3f5:c3014, 6e9bc0f4-a324-4be3-b201-2d39df7dad8a:c3013, cffe1303-2f93-4087-8a62-a40745db49f2:c3013]
2019-07-10 09:50:54,641 INFO  client.GrpcClientProtocolClient (GrpcClientProtocolClient.java:onNext(255)) - client-7D6108789623->f80c66c4-8a3d-47db-b3f8-20b0bcb8a3f5: receive RaftClientReply:client-7D6108789623->f80c66c4-8a3d-47db-b3f8-20b0bcb8a3f5@group-7D2873B646E2, cid=2075, SUCCESS, logIndex=3016, commits[f80c66c4-8a3d-47db-b3f8-20b0bcb8a3f5:c3017, 6e9bc0f4-a324-4be3-b201-2d39df7dad8a:c3015, cffe1303-2f93-4087-8a62-a40745db49f2:c3015]
2019-07-10 09:50:54,641 INFO  client.GrpcClientProtocolClient (GrpcClientProtocolClient.java:onNext(255)) - client-7D6108789623->f80c66c4-8a3d-47db-b3f8-20b0bcb8a3f5: receive RaftClientReply:client-7D6108789623->f80c66c4-8a3d-47db-b3f8-20b0bcb8a3f5@group-7D2873B646E2, cid=2076, SUCCESS, logIndex=3017, commits[f80c66c4-8a3d-47db-b3f8-20b0bcb8a3f5:c3019, 6e9bc0f4-a324-4be3-b201-2d39df7dad8a:c3015, cffe1303-2f93-4087-8a62-a40745db49f2:c3015]
2019-07-10 09:50:54,641 INFO  client.GrpcClientProtocolClient (GrpcClientProtocolClient.java:onNext(255)) - client-7D6108789623->f80c66c4-8a3d-47db-b3f8-20b0bcb8a3f5: receive RaftClientReply:client-7D6108789623->f80c66c4-8a3d-47db-b3f8-20b0bcb8a3f5@group-7D2873B646E2, cid=2077, SUCCESS, logIndex=3018, commits[f80c66c4-8a3d-47db-b3f8-20b0bcb8a3f5:c3019, 6e9bc0f4-a324-4be3-b201-2d39df7dad8a:c3015, cffe1303-2f93-4087-8a62-a40745db49f2:c3015]
2019-07-10 09:50:54,642 INFO  client.GrpcClientProtocolClient (GrpcClientProtocolClient.java:onNext(255)) - client-7D6108789623->f80c66c4-8a3d-47db-b3f8-20b0bcb8a3f5: receive RaftClientReply:client-7D6108789623->f80c66c4-8a3d-47db-b3f8-20b0bcb8a3f5@group-7D2873B646E2, cid=2078, SUCCESS, logIndex=3019, commits[f80c66c4-8a3d-47db-b3f8-20b0bcb8a3f5:c3019, 6e9bc0f4-a324-4be3-b201-2d39df7dad8a:c3015, cffe1303-2f93-4087-8a62-a40745db49f2:c3015]
2019-07-10 09:50:54,654 INFO  client.GrpcClientProtocolClient (GrpcClientProtocolClient.java:onNext(255)) - client-7D6108789623->f80c66c4-8a3d-47db-b3f8-20b0bcb8a3f5: receive RaftClientReply:client-7D6108789623->f80c66c4-8a3d-47db-b3f8-20b0bcb8a3f5@group-7D2873B646E2, cid=2079, SUCCESS, logIndex=0, commits[f80c66c4-8a3d-47db-b3f8-20b0bcb8a3f5:c3022, 6e9bc0f4-a324-4be3-b201-2d39df7dad8a:c3018, cffe1303-2f93-4087-8a62-a40745db49f2:c3017]
2019-07-10 09:50:54,672 INFO  client.GrpcClientProtocolClient (GrpcClientProtocolClient.java:onNext(255)) - client-7D6108789623->f80c66c4-8a3d-47db-b3f8-20b0bcb8a3f5: receive RaftClientReply:client-7D6108789623->f80c66c4-8a3d-47db-b3f8-20b0bcb8a3f5@group-7D2873B646E2, cid=2080, SUCCESS, logIndex=3024, commits[f80c66c4-8a3d-47db-b3f8-20b0bcb8a3f5:c3025, 6e9bc0f4-a324-4be3-b201-2d39df7dad8a:c3023, cffe1303-2f93-4087-8a62-a40745db49f2:c3023]
2019-07-10 09:50:54,672 INFO  client.GrpcClientProtocolClient (GrpcClientProtocolClient.java:onNext(255)) - client-7D6108789623->f80c66c4-8a3d-47db-b3f8-20b0bcb8a3f5: receive RaftClientReply:client-7D6108789623->f80c66c4-8a3d-47db-b3f8-20b0bcb8a3f5@group-7D2873B646E2, cid=2081, SUCCESS, logIndex=3025, commits[f80c66c4-8a3d-47db-b3f8-20b0bcb8a3f5:c3025, 6e9bc0f4-a324-4be3-b201-2d39df7dad8a:c3023, cffe1303-2f93-4087-8a62-a40745db49f2:c3023]
2019-07-10 09:50:54,693 INFO  client.GrpcClientProtocolClient (GrpcClientProtocolClient.java:onNext(255)) - client-7D6108789623->f80c66c4-8a3d-47db-b3f8-20b0bcb8a3f5: receive RaftClientReply:client-7D6108789623->f80c66c4-8a3d-47db-b3f8-20b0bcb8a3f5@group-7D2873B646E2, cid=2082, SUCCESS, logIndex=3028, commits[f80c66c4-8a3d-47db-b3f8-20b0bcb8a3f5:c3029, 6e9bc0f4-a324-4be3-b201-2d39df7dad8a:c3025, cffe1303-2f93-4087-8a62-a40745db49f2:c3025]
2019-07-10 09:50:54,693 INFO  client.GrpcClientProtocolClient (GrpcClientProtocolClient.java:onNext(255)) - client-7D6108789623->f80c66c4-8a3d-47db-b3f8-20b0bcb8a3f5: receive RaftClientReply:client-7D6108789623->f80c66c4-8a3d-47db-b3f8-20b0bcb8a3f5@group-7D2873B646E2, cid=2083, SUCCESS, logIndex=3029, commits[f80c66c4-8a3d-47db-b3f8-20b0bcb8a3f5:c3029, 6e9bc0f4-a324-4be3-b201-2d39df7dad8a:c3025, cffe1303-2f93-4087-8a62-a40745db49f2:c3025]
2019-07-10 09:50:54,715 INFO  client.GrpcClientProtocolClient (GrpcClientProtocolClient.java:onNext(255)) - client-7D6108789623->f80c66c4-8a3d-47db-b3f8-20b0bcb8a3f5: receive RaftClientReply:client-7D6108789623->f80c66c4-8a3d-47db-b3f8-20b0bcb8a3f5@group-7D2873B646E2, cid=2084, SUCCESS, logIndex=0, commits[f80c66c4-8a3d-47db-b3f8-20b0bcb8a3f5:c3031, 6e9bc0f4-a324-4be3-b201-2d39df7dad8a:c3029, cffe1303-2f93-4087-8a62-a40745db49f2:c3029]
2019-07-10 09:50:54,743 INFO  client.GrpcClientProtocolClient (GrpcClientProtocolClient.java:onNext(255)) - client-7D6108789623->f80c66c4-8a3d-47db-b3f8-20b0bcb8a3f5: receive RaftClientReply:client-7D6108789623->f80c66c4-8a3d-47db-b3f8-20b0bcb8a3f5@group-7D2873B646E2, cid=2085, SUCCESS, logIndex=3032, commits[f80c66c4-8a3d-47db-b3f8-20b0bcb8a3f5:c3033, 6e9bc0f4-a324-4be3-b201-2d39df7dad8a:c3031, cffe1303-2f93-4087-8a62-a40745db49f2:c3029]
2019-07-10 09:50:54,744 INFO  client.GrpcClientProtocolClient (GrpcClientProtocolClient.java:onNext(255)) - client-7D6108789623->f80c66c4-8a3d-47db-b3f8-20b0bcb8a3f5: receive RaftClientReply:client-7D6108789623->f80c66c4-8a3d-47db-b3f8-20b0bcb8a3f5@group-7D2873B646E2, cid=2086, SUCCESS, logIndex=3033, commits[f80c66c4-8a3d-47db-b3f8-20b0bcb8a3f5:c3035, 6e9bc0f4-a324-4be3-b201-2d39df7dad8a:c3031, cffe1303-2f93-4087-8a62-a40745db49f2:c3031]
2019-07-10 09:50:54,744 INFO  client.GrpcClientProtocolClient (GrpcClientProtocolClient.java:onNext(255)) - client-7D6108789623->f80c66c4-8a3d-47db-b3f8-20b0bcb8a3f5: receive RaftClientReply:client-7D6108789623->f80c66c4-8a3d-47db-b3f8-20b0bcb8a3f5@group-7D2873B646E2, cid=2087, SUCCESS, logIndex=3034, commits[f80c66c4-8a3d-47db-b3f8-20b0bcb8a3f5:c3035, 6e9bc0f4-a324-4be3-b201-2d39df7dad8a:c3031, cffe1303-2f93-4087-8a62-a40745db49f2:c3031]
2019-07-10 09:50:54,745 INFO  client.GrpcClientProtocolClient (GrpcClientProtocolClient.java:onNext(255)) - client-7D6108789623->f80c66c4-8a3d-47db-b3f8-20b0bcb8a3f5: receive RaftClientReply:client-7D6108789623->f80c66c4-8a3d-47db-b3f8-20b0bcb8a3f5@group-7D2873B646E2, cid=2088, SUCCESS, logIndex=3035, commits[f80c66c4-8a3d-47db-b3f8-20b0bcb8a3f5:c3035, 6e9bc0f4-a324-4be3-b201-2d39df7dad8a:c3033, cffe1303-2f93-4087-8a62-a40745db49f2:c3031]
2019-07-10 09:50:54,755 INFO  client.GrpcClientProtocolClient (GrpcClientProtocolClient.java:onNext(255)) - client-7D6108789623->f80c66c4-8a3d-47db-b3f8-20b0bcb8a3f5: receive RaftClientReply:client-7D6108789623->f80c66c4-8a3d-47db-b3f8-20b0bcb8a3f5@group-7D2873B646E2, cid=2089, SUCCESS, logIndex=0, commits[f80c66c4-8a3d-47db-b3f8-20b0bcb8a3f5:c3036, 6e9bc0f4-a324-4be3-b201-2d39df7dad8a:c3033, cffe1303-2f93-4087-8a62-a40745db49f2:c3033]
2019-07-10 09:50:54,769 INFO  client.GrpcClientProtocolClient (GrpcClientProtocolClient.java:onNext(255)) - client-7D6108789623->f80c66c4-8a3d-47db-b3f8-20b0bcb8a3f5: receive RaftClientReply:client-7D6108789623->f80c66c4-8a3d-47db-b3f8-20b0bcb8a3f5@group-7D2873B646E2, cid=2090, SUCCESS, logIndex=3039, commits[f80c66c4-8a3d-47db-b3f8-20b0bcb8a3f5:c3040, 6e9bc0f4-a324-4be3-b201-2d39df7dad8a:c3038, cffe1303-2f93-4087-8a62-a40745db49f2:c3035]
2019-07-10 09:50:54,769 INFO  client.GrpcClientProtocolClient (GrpcClientProtocolClient.java:onNext(255)) - client-7D6108789623->f80c66c4-8a3d-47db-b3f8-20b0bcb8a3f5: receive RaftClientReply:client-7D6108789623->f80c66c4-8a3d-47db-b3f8-20b0bcb8a3f5@group-7D2873B646E2, cid=2091, SUCCESS, logIndex=3040, commits[f80c66c4-8a3d-47db-b3f8-20b0bcb8a3f5:c3040, 6e9bc0f4-a324-4be3-b201-2d39df7dad8a:c3038, cffe1303-2f93-4087-8a62-a40745db49f2:c3035]
2019-07-10 09:50:54,789 INFO  client.GrpcClientProtocolClient (GrpcClientProtocolClient.java:onNext(255)) - client-7D6108789623->f80c66c4-8a3d-47db-b3f8-20b0bcb8a3f5: receive RaftClientReply:client-7D6108789623->f80c66c4-8a3d-47db-b3f8-20b0bcb8a3f5@group-7D2873B646E2, cid=2092, SUCCESS, logIndex=3043, commits[f80c66c4-8a3d-47db-b3f8-20b0bcb8a3f5:c3044, 6e9bc0f4-a324-4be3-b201-2d39df7dad8a:c3040, cffe1303-2f93-4087-8a62-a40745db49f2:c3040]
2019-07-10 09:50:54,789 INFO  client.GrpcClientProtocolClient (GrpcClientProtocolClient.java:onNext(255)) - client-7D6108789623->f80c66c4-8a3d-47db-b3f8-20b0bcb8a3f5: receive RaftClientReply:client-7D6108789623->f80c66c4-8a3d-47db-b3f8-20b0bcb8a3f5@group-7D2873B646E2, cid=2093, SUCCESS, logIndex=3044, commits[f80c66c4-8a3d-47db-b3f8-20b0bcb8a3f5:c3044, 6e9bc0f4-a324-4be3-b201-2d39df7dad8a:c3040, cffe1303-2f93-4087-8a62-a40745db49f2:c3040]
2019-07-10 09:50:54,804 INFO  client.GrpcClientProtocolClient (GrpcClientProtocolClient.java:onNext(255)) - client-7D6108789623->f80c66c4-8a3d-47db-b3f8-20b0bcb8a3f5: receive RaftClientReply:client-7D6108789623->f80c66c4-8a3d-47db-b3f8-20b0bcb8a3f5@group-7D2873B646E2, cid=2094, SUCCESS, logIndex=0, commits[f80c66c4-8a3d-47db-b3f8-20b0bcb8a3f5:c3046, 6e9bc0f4-a324-4be3-b201-2d39df7dad8a:c3044, cffe1303-2f93-4087-8a62-a40745db49f2:c3044]
2019-07-10 09:50:54,831 INFO  client.GrpcClientProtocolClient (GrpcClientProtocolClient.java:onNext(255)) - client-7D6108789623->f80c66c4-8a3d-47db-b3f8-20b0bcb8a3f5: receive RaftClientReply:client-7D6108789623->f80c66c4-8a3d-47db-b3f8-20b0bcb8a3f5@group-7D2873B646E2, cid=2095, SUCCESS, logIndex=3047, commits[f80c66c4-8a3d-47db-b3f8-20b0bcb8a3f5:c3048, 6e9bc0f4-a324-4be3-b201-2d39df7dad8a:c3046, cffe1303-2f93-4087-8a62-a40745db49f2:c3044]
2019-07-10 09:50:54,832 INFO  client.GrpcClientProtocolClient (GrpcClientProtocolClient.java:onNext(255)) - client-7D6108789623->f80c66c4-8a3d-47db-b3f8-20b0bcb8a3f5: receive RaftClientReply:client-7D6108789623->f80c66c4-8a3d-47db-b3f8-20b0bcb8a3f5@group-7D2873B646E2, cid=2096, SUCCESS, logIndex=3048, commits[f80c66c4-8a3d-47db-b3f8-20b0bcb8a3f5:c3048, 6e9bc0f4-a324-4be3-b201-2d39df7dad8a:c3046, cffe1303-2f93-4087-8a62-a40745db49f2:c3046]
2019-07-10 09:50:54,839 INFO  client.GrpcClientProtocolClient (GrpcClientProtocolClient.java:onNext(255)) - client-7D6108789623->f80c66c4-8a3d-47db-b3f8-20b0bcb8a3f5: receive RaftClientReply:client-7D6108789623->f80c66c4-8a3d-47db-b3f8-20b0bcb8a3f5@group-7D2873B646E2, cid=2097, SUCCESS, logIndex=3049, commits[f80c66c4-8a3d-47db-b3f8-20b0bcb8a3f5:c3050, 6e9bc0f4-a324-4be3-b201-2d39df7dad8a:c3046, cffe1303-2f93-4087-8a62-a40745db49f2:c3046]
2019-07-10 09:50:54,839 INFO  client.GrpcClientProtocolClient (GrpcClientProtocolClient.java:onNext(255)) - client-7D6108789623->f80c66c4-8a3d-47db-b3f8-20b0bcb8a3f5: receive RaftClientReply:client-7D6108789623->f80c66c4-8a3d-47db-b3f8-20b0bcb8a3f5@group-7D2873B646E2, cid=2098, SUCCESS, logIndex=3050, commits[f80c66c4-8a3d-47db-b3f8-20b0bcb8a3f5:c3050, 6e9bc0f4-a324-4be3-b201-2d39df7dad8a:c3046, cffe1303-2f93-4087-8a62-a40745db49f2:c3046]
2019-07-10 09:50:54,841 INFO  client.GrpcClientProtocolClient (GrpcClientProtocolClient.java:onNext(255)) - client-7D6108789623->f80c66c4-8a3d-47db-b3f8-20b0bcb8a3f5: receive RaftClientReply:client-7D6108789623->f80c66c4-8a3d-47db-b3f8-20b0bcb8a3f5@group-7D2873B646E2, cid=2099, SUCCESS, logIndex=0, commits[f80c66c4-8a3d-47db-b3f8-20b0bcb8a3f5:c3050, 6e9bc0f4-a324-4be3-b201-2d39df7dad8a:c3048, cffe1303-2f93-4087-8a62-a40745db49f2:c3048]
2019-07-10 09:50:54,864 INFO  client.GrpcClientProtocolClient (GrpcClientProtocolClient.java:onNext(255)) - client-7D6108789623->f80c66c4-8a3d-47db-b3f8-20b0bcb8a3f5: receive RaftClientReply:client-7D6108789623->f80c66c4-8a3d-47db-b3f8-20b0bcb8a3f5@group-7D2873B646E2, cid=2100, SUCCESS, logIndex=3055, commits[f80c66c4-8a3d-47db-b3f8-20b0bcb8a3f5:c3056, 6e9bc0f4-a324-4be3-b201-2d39df7dad8a:c3050, cffe1303-2f93-4087-8a62-a40745db49f2:c3050]
2019-07-10 09:50:54,864 INFO  client.GrpcClientProtocolClient (GrpcClientProtocolClient.java:onNext(255)) - client-7D6108789623->f80c66c4-8a3d-47db-b3f8-20b0bcb8a3f5: receive RaftClientReply:client-7D6108789623->f80c66c4-8a3d-47db-b3f8-20b0bcb8a3f5@group-7D2873B646E2, cid=2101, SUCCESS, logIndex=3056, commits[f80c66c4-8a3d-47db-b3f8-20b0bcb8a3f5:c3056, 6e9bc0f4-a324-4be3-b201-2d39df7dad8a:c3050, cffe1303-2f93-4087-8a62-a40745db49f2:c3050]
2019-07-10 09:50:54,885 INFO  client.GrpcClientProtocolClient (GrpcClientProtocolClient.java:onNext(255)) - client-7D6108789623->f80c66c4-8a3d-47db-b3f8-20b0bcb8a3f5: receive RaftClientReply:client-7D6108789623->f80c66c4-8a3d-47db-b3f8-20b0bcb8a3f5@group-7D2873B646E2, cid=2102, SUCCESS, logIndex=3059, commits[f80c66c4-8a3d-47db-b3f8-20b0bcb8a3f5:c3060, 6e9bc0f4-a324-4be3-b201-2d39df7dad8a:c3056, cffe1303-2f93-4087-8a62-a40745db49f2:c3056]
2019-07-10 09:50:54,885 INFO  client.GrpcClientProtocolClient (GrpcClientProtocolClient.java:onNext(255)) - client-7D6108789623->f80c66c4-8a3d-47db-b3f8-20b0bcb8a3f5: receive RaftClientReply:client-7D6108789623->f80c66c4-8a3d-47db-b3f8-20b0bcb8a3f5@group-7D2873B646E2, cid=2103, SUCCESS, logIndex=3060, commits[f80c66c4-8a3d-47db-b3f8-20b0bcb8a3f5:c3060, 6e9bc0f4-a324-4be3-b201-2d39df7dad8a:c3056, cffe1303-2f93-4087-8a62-a40745db49f2:c3056]
2019-07-10 09:50:54,898 INFO  client.GrpcClientProtocolClient (GrpcClientProtocolClient.java:onNext(255)) - client-7D6108789623->f80c66c4-8a3d-47db-b3f8-20b0bcb8a3f5: receive RaftClientReply:client-7D6108789623->f80c66c4-8a3d-47db-b3f8-20b0bcb8a3f5@group-7D2873B646E2, cid=2104, SUCCESS, logIndex=0, commits[f80c66c4-8a3d-47db-b3f8-20b0bcb8a3f5:c3062, 6e9bc0f4-a324-4be3-b201-2d39df7dad8a:c3060, cffe1303-2f93-4087-8a62-a40745db49f2:c3060]
2019-07-10 09:50:54,924 INFO  client.GrpcClientProtocolClient (GrpcClientProtocolClient.java:onNext(255)) - client-7D6108789623->f80c66c4-8a3d-47db-b3f8-20b0bcb8a3f5: receive RaftClientReply:client-7D6108789623->f80c66c4-8a3d-47db-b3f8-20b0bcb8a3f5@group-7D2873B646E2, cid=2105, SUCCESS, logIndex=3063, commits[f80c66c4-8a3d-47db-b3f8-20b0bcb8a3f5:c3064, 6e9bc0f4-a324-4be3-b201-2d39df7dad8a:c3062, cffe1303-2f93-4087-8a62-a40745db49f2:c3062]
2019-07-10 09:50:54,924 INFO  client.GrpcClientProtocolClient (GrpcClientProtocolClient.java:onNext(255)) - client-7D6108789623->f80c66c4-8a3d-47db-b3f8-20b0bcb8a3f5: receive RaftClientReply:client-7D6108789623->f80c66c4-8a3d-47db-b3f8-20b0bcb8a3f5@group-7D2873B646E2, cid=2106, SUCCESS, logIndex=3064, commits[f80c66c4-8a3d-47db-b3f8-20b0bcb8a3f5:c3066, 6e9bc0f4-a324-4be3-b201-2d39df7dad8a:c3062, cffe1303-2f93-4087-8a62-a40745db49f2:c3062]
2019-07-10 09:50:54,925 INFO  client.GrpcClientProtocolClient (GrpcClientProtocolClient.java:onNext(255)) - client-7D6108789623->f80c66c4-8a3d-47db-b3f8-20b0bcb8a3f5: receive RaftClientReply:client-7D6108789623->f80c66c4-8a3d-47db-b3f8-20b0bcb8a3f5@group-7D2873B646E2, cid=2107, SUCCESS, logIndex=3065, commits[f80c66c4-8a3d-47db-b3f8-20b0bcb8a3f5:c3066, 6e9bc0f4-a324-4be3-b201-2d39df7dad8a:c3062, cffe1303-2f93-4087-8a62-a40745db49f2:c3062]
2019-07-10 09:50:54,925 INFO  client.GrpcClientProtocolClient (GrpcClientProtocolClient.java:onNext(255)) - client-7D6108789623->f80c66c4-8a3d-47db-b3f8-20b0bcb8a3f5: receive RaftClientReply:client-7D6108789623->f80c66c4-8a3d-47db-b3f8-20b0bcb8a3f5@group-7D2873B646E2, cid=2108, SUCCESS, logIndex=3066, commits[f80c66c4-8a3d-47db-b3f8-20b0bcb8a3f5:c3066, 6e9bc0f4-a324-4be3-b201-2d39df7dad8a:c3062, cffe1303-2f93-4087-8a62-a40745db49f2:c3062]
2019-07-10 09:50:54,939 INFO  client.GrpcClientProtocolClient (GrpcClientProtocolClient.java:onNext(255)) - client-7D6108789623->f80c66c4-8a3d-47db-b3f8-20b0bcb8a3f5: receive RaftClientReply:client-7D6108789623->f80c66c4-8a3d-47db-b3f8-20b0bcb8a3f5@group-7D2873B646E2, cid=2109, SUCCESS, logIndex=0, commits[f80c66c4-8a3d-47db-b3f8-20b0bcb8a3f5:c3070, 6e9bc0f4-a324-4be3-b201-2d39df7dad8a:c3064, cffe1303-2f93-4087-8a62-a40745db49f2:c3066]
2019-07-10 09:50:54,959 INFO  client.GrpcClientProtocolClient (GrpcClientProtocolClient.java:onNext(255)) - client-7D6108789623->f80c66c4-8a3d-47db-b3f8-20b0bcb8a3f5: receive RaftClientReply:client-7D6108789623->f80c66c4-8a3d-47db-b3f8-20b0bcb8a3f5@group-7D2873B646E2, cid=2110, SUCCESS, logIndex=3071, commits[f80c66c4-8a3d-47db-b3f8-20b0bcb8a3f5:c3072, 6e9bc0f4-a324-4be3-b201-2d39df7dad8a:c3070, cffe1303-2f93-4087-8a62-a40745db49f2:c3070]
2019-07-10 09:50:54,960 INFO  client.GrpcClientProtocolClient (GrpcClientProtocolClient.java:onNext(255)) - client-7D6108789623->f80c66c4-8a3d-47db-b3f8-20b0bcb8a3f5: receive RaftClientReply:client-7D6108789623->f80c66c4-8a3d-47db-b3f8-20b0bcb8a3f5@group-7D2873B646E2, cid=2111, SUCCESS, logIndex=3072, commits[f80c66c4-8a3d-47db-b3f8-20b0bcb8a3f5:c3072, 6e9bc0f4-a324-4be3-b201-2d39df7dad8a:c3070, cffe1303-2f93-4087-8a62-a40745db49f2:c3070]
2019-07-10 09:50:54,975 INFO  client.GrpcClientProtocolClient (GrpcClientProtocolClient.java:onNext(255)) - client-7D6108789623->f80c66c4-8a3d-47db-b3f8-20b0bcb8a3f5: receive RaftClientReply:client-7D6108789623->f80c66c4-8a3d-47db-b3f8-20b0bcb8a3f5@group-7D2873B646E2, cid=2112, SUCCESS, logIndex=3075, commits[f80c66c4-8a3d-47db-b3f8-20b0bcb8a3f5:c3076, 6e9bc0f4-a324-4be3-b201-2d39df7dad8a:c3072, cffe1303-2f93-4087-8a62-a40745db49f2:c3072]
2019-07-10 09:50:54,975 INFO  client.GrpcClientProtocolClient (GrpcClientProtocolClient.java:onNext(255)) - client-7D6108789623->f80c66c4-8a3d-47db-b3f8-20b0bcb8a3f5: receive RaftClientReply:client-7D6108789623->f80c66c4-8a3d-47db-b3f8-20b0bcb8a3f5@group-7D2873B646E2, cid=2113, SUCCESS, logIndex=3076, commits[f80c66c4-8a3d-47db-b3f8-20b0bcb8a3f5:c3076, 6e9bc0f4-a324-4be3-b201-2d39df7dad8a:c3072, cffe1303-2f93-4087-8a62-a40745db49f2:c3072]
2019-07-10 09:50:54,983 INFO  client.GrpcClientProtocolClient (GrpcClientProtocolClient.java:onNext(255)) - client-7D6108789623->f80c66c4-8a3d-47db-b3f8-20b0bcb8a3f5: receive RaftClientReply:client-7D6108789623->f80c66c4-8a3d-47db-b3f8-20b0bcb8a3f5@group-7D2873B646E2, cid=2114, SUCCESS, logIndex=0, commits[f80c66c4-8a3d-47db-b3f8-20b0bcb8a3f5:c3077, 6e9bc0f4-a324-4be3-b201-2d39df7dad8a:c3076, cffe1303-2f93-4087-8a62-a40745db49f2:c3076]
2019-07-10 09:50:55,012 INFO  client.GrpcClientProtocolClient (GrpcClientProtocolClient.java:onNext(255)) - client-7D6108789623->f80c66c4-8a3d-47db-b3f8-20b0bcb8a3f5: receive RaftClientReply:client-7D6108789623->f80c66c4-8a3d-47db-b3f8-20b0bcb8a3f5@group-7D2873B646E2, cid=2115, SUCCESS, logIndex=3078, commits[f80c66c4-8a3d-47db-b3f8-20b0bcb8a3f5:c3079, 6e9bc0f4-a324-4be3-b201-2d39df7dad8a:c3077, cffe1303-2f93-4087-8a62-a40745db49f2:c3077]
2019-07-10 09:50:55,013 INFO  client.GrpcClientProtocolClient (GrpcClientProtocolClient.java:onNext(255)) - client-7D6108789623->f80c66c4-8a3d-47db-b3f8-20b0bcb8a3f5: receive RaftClientReply:client-7D6108789623->f80c66c4-8a3d-47db-b3f8-20b0bcb8a3f5@group-7D2873B646E2, cid=2116, SUCCESS, logIndex=3079, commits[f80c66c4-8a3d-47db-b3f8-20b0bcb8a3f5:c3079, 6e9bc0f4-a324-4be3-b201-2d39df7dad8a:c3077, cffe1303-2f93-4087-8a62-a40745db49f2:c3077]
2019-07-10 09:50:55,021 INFO  client.GrpcClientProtocolClient (GrpcClientProtocolClient.java:onNext(255)) - client-7D6108789623->f80c66c4-8a3d-47db-b3f8-20b0bcb8a3f5: receive RaftClientReply:client-7D6108789623->f80c66c4-8a3d-47db-b3f8-20b0bcb8a3f5@group-7D2873B646E2, cid=2117, SUCCESS, logIndex=3080, commits[f80c66c4-8a3d-47db-b3f8-20b0bcb8a3f5:c3081, 6e9bc0f4-a324-4be3-b201-2d39df7dad8a:c3077, cffe1303-2f93-4087-8a62-a40745db49f2:c3077]
2019-07-10 09:50:55,022 INFO  client.GrpcClientProtocolClient (GrpcClientProtocolClient.java:onNext(255)) - client-7D6108789623->f80c66c4-8a3d-47db-b3f8-20b0bcb8a3f5: receive RaftClientReply:client-7D6108789623->f80c66c4-8a3d-47db-b3f8-20b0bcb8a3f5@group-7D2873B646E2, cid=2118, SUCCESS, logIndex=3081, commits[f80c66c4-8a3d-47db-b3f8-20b0bcb8a3f5:c3081, 6e9bc0f4-a324-4be3-b201-2d39df7dad8a:c3077, cffe1303-2f93-4087-8a62-a40745db49f2:c3077]
2019-07-10 09:50:55,024 INFO  client.GrpcClientProtocolClient (GrpcClientProtocolClient.java:onNext(255)) - client-7D6108789623->f80c66c4-8a3d-47db-b3f8-20b0bcb8a3f5: receive RaftClientReply:client-7D6108789623->f80c66c4-8a3d-47db-b3f8-20b0bcb8a3f5@group-7D2873B646E2, cid=2119, SUCCESS, logIndex=0, commits[f80c66c4-8a3d-47db-b3f8-20b0bcb8a3f5:c3082, 6e9bc0f4-a324-4be3-b201-2d39df7dad8a:c3079, cffe1303-2f93-4087-8a62-a40745db49f2:c3079]
2019-07-10 09:50:55,035 INFO  client.GrpcClientProtocolClient (GrpcClientProtocolClient.java:onNext(255)) - client-7D6108789623->f80c66c4-8a3d-47db-b3f8-20b0bcb8a3f5: receive RaftClientReply:client-7D6108789623->f80c66c4-8a3d-47db-b3f8-20b0bcb8a3f5@group-7D2873B646E2, cid=2120, SUCCESS, logIndex=3086, commits[f80c66c4-8a3d-47db-b3f8-20b0bcb8a3f5:c3087, 6e9bc0f4-a324-4be3-b201-2d39df7dad8a:c3081, cffe1303-2f93-4087-8a62-a40745db49f2:c3083]
2019-07-10 09:50:55,035 INFO  client.GrpcClientProtocolClient (GrpcClientProtocolClient.java:onNext(255)) - client-7D6108789623->f80c66c4-8a3d-47db-b3f8-20b0bcb8a3f5: receive RaftClientReply:client-7D6108789623->f80c66c4-8a3d-47db-b3f8-20b0bcb8a3f5@group-7D2873B646E2, cid=2121, SUCCESS, logIndex=3087, commits[f80c66c4-8a3d-47db-b3f8-20b0bcb8a3f5:c3087, 6e9bc0f4-a324-4be3-b201-2d39df7dad8a:c3083, cffe1303-2f93-4087-8a62-a40745db49f2:c3083]
2019-07-10 09:50:55,050 INFO  client.GrpcClientProtocolClient (GrpcClientProtocolClient.java:onNext(255)) - client-7D6108789623->f80c66c4-8a3d-47db-b3f8-20b0bcb8a3f5: receive RaftClientReply:client-7D6108789623->f80c66c4-8a3d-47db-b3f8-20b0bcb8a3f5@group-7D2873B646E2, cid=2122, SUCCESS, logIndex=3090, commits[f80c66c4-8a3d-47db-b3f8-20b0bcb8a3f5:c3091, 6e9bc0f4-a324-4be3-b201-2d39df7dad8a:c3088, cffe1303-2f93-4087-8a62-a40745db49f2:c3088]
2019-07-10 09:50:55,051 INFO  client.GrpcClientProtocolClient (GrpcClientProtocolClient.java:onNext(255)) - client-7D6108789623->f80c66c4-8a3d-47db-b3f8-20b0bcb8a3f5: receive RaftClientReply:client-7D6108789623->f80c66c4-8a3d-47db-b3f8-20b0bcb8a3f5@group-7D2873B646E2, cid=2123, SUCCESS, logIndex=3091, commits[f80c66c4-8a3d-47db-b3f8-20b0bcb8a3f5:c3091, 6e9bc0f4-a324-4be3-b201-2d39df7dad8a:c3088, cffe1303-2f93-4087-8a62-a40745db49f2:c3088]
2019-07-10 09:50:55,062 INFO  client.GrpcClientProtocolClient (GrpcClientProtocolClient.java:onNext(255)) - client-7D6108789623->f80c66c4-8a3d-47db-b3f8-20b0bcb8a3f5: receive RaftClientReply:client-7D6108789623->f80c66c4-8a3d-47db-b3f8-20b0bcb8a3f5@group-7D2873B646E2, cid=2124, SUCCESS, logIndex=0, commits[f80c66c4-8a3d-47db-b3f8-20b0bcb8a3f5:c3092, 6e9bc0f4-a324-4be3-b201-2d39df7dad8a:c3091, cffe1303-2f93-4087-8a62-a40745db49f2:c3091]
2019-07-10 09:50:55,177 INFO  client.GrpcClientProtocolClient (GrpcClientProtocolClient.java:onNext(255)) - client-7D6108789623->f80c66c4-8a3d-47db-b3f8-20b0bcb8a3f5: receive RaftClientReply:client-7D6108789623->f80c66c4-8a3d-47db-b3f8-20b0bcb8a3f5@group-7D2873B646E2, cid=2125, SUCCESS, logIndex=3094, commits[f80c66c4-8a3d-47db-b3f8-20b0bcb8a3f5:c3095, 6e9bc0f4-a324-4be3-b201-2d39df7dad8a:c3093, cffe1303-2f93-4087-8a62-a40745db49f2:c3093]
2019-07-10 09:50:55,178 INFO  client.GrpcClientProtocolClient (GrpcClientProtocolClient.java:onNext(255)) - client-7D6108789623->f80c66c4-8a3d-47db-b3f8-20b0bcb8a3f5: receive RaftClientReply:client-7D6108789623->f80c66c4-8a3d-47db-b3f8-20b0bcb8a3f5@group-7D2873B646E2, cid=2126, SUCCESS, logIndex=3095, commits[f80c66c4-8a3d-47db-b3f8-20b0bcb8a3f5:c3095, 6e9bc0f4-a324-4be3-b201-2d39df7dad8a:c3093, cffe1303-2f93-4087-8a62-a40745db49f2:c3093]
2019-07-10 09:50:55,178 INFO  client.GrpcClientProtocolClient (GrpcClientProtocolClient.java:onNext(255)) - client-7D6108789623->f80c66c4-8a3d-47db-b3f8-20b0bcb8a3f5: receive RaftClientReply:client-7D6108789623->f80c66c4-8a3d-47db-b3f8-20b0bcb8a3f5@group-7D2873B646E2, cid=2127, SUCCESS, logIndex=3096, commits[f80c66c4-8a3d-47db-b3f8-20b0bcb8a3f5:c3097, 6e9bc0f4-a324-4be3-b201-2d39df7dad8a:c3093, cffe1303-2f93-4087-8a62-a40745db49f2:c3093]
2019-07-10 09:50:55,179 INFO  client.GrpcClientProtocolClient (GrpcClientProtocolClient.java:onNext(255)) - client-7D6108789623->f80c66c4-8a3d-47db-b3f8-20b0bcb8a3f5: receive RaftClientReply:client-7D6108789623->f80c66c4-8a3d-47db-b3f8-20b0bcb8a3f5@group-7D2873B646E2, cid=2128, SUCCESS, logIndex=3097, commits[f80c66c4-8a3d-47db-b3f8-20b0bcb8a3f5:c3097, 6e9bc0f4-a324-4be3-b201-2d39df7dad8a:c3093, cffe1303-2f93-4087-8a62-a40745db49f2:c3093]
2019-07-10 09:50:55,190 INFO  client.GrpcClientProtocolClient (GrpcClientProtocolClient.java:onNext(255)) - client-7D6108789623->f80c66c4-8a3d-47db-b3f8-20b0bcb8a3f5: receive RaftClientReply:client-7D6108789623->f80c66c4-8a3d-47db-b3f8-20b0bcb8a3f5@group-7D2873B646E2, cid=2129, SUCCESS, logIndex=0, commits[f80c66c4-8a3d-47db-b3f8-20b0bcb8a3f5:c3099, 6e9bc0f4-a324-4be3-b201-2d39df7dad8a:c3095, cffe1303-2f93-4087-8a62-a40745db49f2:c3095]
 0.00% |█                                                                                                    |  0/1 Time: 0:00:192019-07-10 09:50:55,209 INFO  client.GrpcClientProtocolClient (GrpcClientProtocolClient.java:onNext(255)) - client-7D6108789623->f80c66c4-8a3d-47db-b3f8-20b0bcb8a3f5: receive RaftClientReply:client-7D6108789623->f80c66c4-8a3d-47db-b3f8-20b0bcb8a3f5@group-7D2873B646E2, cid=2130, SUCCESS, logIndex=3102, commits[f80c66c4-8a3d-47db-b3f8-20b0bcb8a3f5:c3103, 6e9bc0f4-a324-4be3-b201-2d39df7dad8a:c3101, cffe1303-2f93-4087-8a62-a40745db49f2:c3101]
2019-07-10 09:50:55,209 INFO  client.GrpcClientProtocolClient (GrpcClientProtocolClient.java:onNext(255)) - client-7D6108789623->f80c66c4-8a3d-47db-b3f8-20b0bcb8a3f5: receive RaftClientReply:client-7D6108789623->f80c66c4-8a3d-47db-b3f8-20b0bcb8a3f5@group-7D2873B646E2, cid=2131, SUCCESS, logIndex=3103, commits[f80c66c4-8a3d-47db-b3f8-20b0bcb8a3f5:c3103, 6e9bc0f4-a324-4be3-b201-2d39df7dad8a:c3101, cffe1303-2f93-4087-8a62-a40745db49f2:c3101]
2019-07-10 09:50:55,221 INFO  client.GrpcClientProtocolClient (GrpcClientProtocolClient.java:onNext(255)) - client-7D6108789623->f80c66c4-8a3d-47db-b3f8-20b0bcb8a3f5: receive RaftClientReply:client-7D6108789623->f80c66c4-8a3d-47db-b3f8-20b0bcb8a3f5@group-7D2873B646E2, cid=2132, SUCCESS, logIndex=3106, commits[f80c66c4-8a3d-47db-b3f8-20b0bcb8a3f5:c3106, 6e9bc0f4-a324-4be3-b201-2d39df7dad8a:c3102, cffe1303-2f93-4087-8a62-a40745db49f2:c3103]
2019-07-10 09:50:55,221 INFO  client.GrpcClientProtocolClient (GrpcClientProtocolClient.java:onNext(255)) - client-7D6108789623->f80c66c4-8a3d-47db-b3f8-20b0bcb8a3f5: receive RaftClientReply:client-7D6108789623->f80c66c4-8a3d-47db-b3f8-20b0bcb8a3f5@group-7D2873B646E2, cid=2133, SUCCESS, logIndex=3107, commits[f80c66c4-8a3d-47db-b3f8-20b0bcb8a3f5:c3107, 6e9bc0f4-a324-4be3-b201-2d39df7dad8a:c3103, cffe1303-2f93-4087-8a62-a40745db49f2:c3103]
2019-07-10 09:50:55,234 INFO  client.GrpcClientProtocolClient (GrpcClientProtocolClient.java:onNext(255)) - client-7D6108789623->f80c66c4-8a3d-47db-b3f8-20b0bcb8a3f5: receive RaftClientReply:client-7D6108789623->f80c66c4-8a3d-47db-b3f8-20b0bcb8a3f5@group-7D2873B646E2, cid=2134, SUCCESS, logIndex=0, commits[f80c66c4-8a3d-47db-b3f8-20b0bcb8a3f5:c3109, 6e9bc0f4-a324-4be3-b201-2d39df7dad8a:c3107, cffe1303-2f93-4087-8a62-a40745db49f2:c3107]
2019-07-10 09:50:55,254 INFO  client.GrpcClientProtocolClient (GrpcClientProtocolClient.java:onNext(255)) - client-7D6108789623->f80c66c4-8a3d-47db-b3f8-20b0bcb8a3f5: receive RaftClientReply:client-7D6108789623->f80c66c4-8a3d-47db-b3f8-20b0bcb8a3f5@group-7D2873B646E2, cid=2135, SUCCESS, logIndex=3110, commits[f80c66c4-8a3d-47db-b3f8-20b0bcb8a3f5:c3112, 6e9bc0f4-a324-4be3-b201-2d39df7dad8a:c3109, cffe1303-2f93-4087-8a62-a40745db49f2:c3109]
2019-07-10 09:50:55,255 INFO  client.GrpcClientProtocolClient (GrpcClientProtocolClient.java:onNext(255)) - client-7D6108789623->f80c66c4-8a3d-47db-b3f8-20b0bcb8a3f5: receive RaftClientReply:client-7D6108789623->f80c66c4-8a3d-47db-b3f8-20b0bcb8a3f5@group-7D2873B646E2, cid=2136, SUCCESS, logIndex=3111, commits[f80c66c4-8a3d-47db-b3f8-20b0bcb8a3f5:c3113, 6e9bc0f4-a324-4be3-b201-2d39df7dad8a:c3109, cffe1303-2f93-4087-8a62-a40745db49f2:c3109]
2019-07-10 09:50:55,255 INFO  client.GrpcClientProtocolClient (GrpcClientProtocolClient.java:onNext(255)) - client-7D6108789623->f80c66c4-8a3d-47db-b3f8-20b0bcb8a3f5: receive RaftClientReply:client-7D6108789623->f80c66c4-8a3d-47db-b3f8-20b0bcb8a3f5@group-7D2873B646E2, cid=2137, SUCCESS, logIndex=3112, commits[f80c66c4-8a3d-47db-b3f8-20b0bcb8a3f5:c3113, 6e9bc0f4-a324-4be3-b201-2d39df7dad8a:c3109, cffe1303-2f93-4087-8a62-a40745db49f2:c3109]
2019-07-10 09:50:55,255 INFO  client.GrpcClientProtocolClient (GrpcClientProtocolClient.java:onNext(255)) - client-7D6108789623->f80c66c4-8a3d-47db-b3f8-20b0bcb8a3f5: receive RaftClientReply:client-7D6108789623->f80c66c4-8a3d-47db-b3f8-20b0bcb8a3f5@group-7D2873B646E2, cid=2138, SUCCESS, logIndex=3113, commits[f80c66c4-8a3d-47db-b3f8-20b0bcb8a3f5:c3113, 6e9bc0f4-a324-4be3-b201-2d39df7dad8a:c3109, cffe1303-2f93-4087-8a62-a40745db49f2:c3109]
2019-07-10 09:50:55,266 INFO  client.GrpcClientProtocolClient (GrpcClientProtocolClient.java:onNext(255)) - client-7D6108789623->f80c66c4-8a3d-47db-b3f8-20b0bcb8a3f5: receive RaftClientReply:client-7D6108789623->f80c66c4-8a3d-47db-b3f8-20b0bcb8a3f5@group-7D2873B646E2, cid=2139, SUCCESS, logIndex=0, commits[f80c66c4-8a3d-47db-b3f8-20b0bcb8a3f5:c3114, 6e9bc0f4-a324-4be3-b201-2d39df7dad8a:c3112, cffe1303-2f93-4087-8a62-a40745db49f2:c3111]
2019-07-10 09:50:55,301 INFO  client.GrpcClientProtocolClient (GrpcClientProtocolClient.java:onNext(255)) - client-7D6108789623->f80c66c4-8a3d-47db-b3f8-20b0bcb8a3f5: receive RaftClientReply:client-7D6108789623->f80c66c4-8a3d-47db-b3f8-20b0bcb8a3f5@group-7D2873B646E2, cid=2140, SUCCESS, logIndex=3118, commits[f80c66c4-8a3d-47db-b3f8-20b0bcb8a3f5:c3118, 6e9bc0f4-a324-4be3-b201-2d39df7dad8a:c3114, cffe1303-2f93-4087-8a62-a40745db49f2:c3114]
2019-07-10 09:50:55,301 INFO  client.GrpcClientProtocolClient (GrpcClientProtocolClient.java:onNext(255)) - client-7D6108789623->f80c66c4-8a3d-47db-b3f8-20b0bcb8a3f5: receive RaftClientReply:client-7D6108789623->f80c66c4-8a3d-47db-b3f8-20b0bcb8a3f5@group-7D2873B646E2, cid=2141, SUCCESS, logIndex=3119, commits[f80c66c4-8a3d-47db-b3f8-20b0bcb8a3f5:c3119, 6e9bc0f4-a324-4be3-b201-2d39df7dad8a:c3114, cffe1303-2f93-4087-8a62-a40745db49f2:c3114]
2019-07-10 09:50:55,315 INFO  client.GrpcClientProtocolClient (GrpcClientProtocolClient.java:onNext(255)) - client-7D6108789623->f80c66c4-8a3d-47db-b3f8-20b0bcb8a3f5: receive RaftClientReply:client-7D6108789623->f80c66c4-8a3d-47db-b3f8-20b0bcb8a3f5@group-7D2873B646E2, cid=2142, SUCCESS, logIndex=3122, commits[f80c66c4-8a3d-47db-b3f8-20b0bcb8a3f5:c3123, 6e9bc0f4-a324-4be3-b201-2d39df7dad8a:c3119, cffe1303-2f93-4087-8a62-a40745db49f2:c3119]
2019-07-10 09:50:55,316 INFO  client.GrpcClientProtocolClient (GrpcClientProtocolClient.java:onNext(255)) - client-7D6108789623->f80c66c4-8a3d-47db-b3f8-20b0bcb8a3f5: receive RaftClientReply:client-7D6108789623->f80c66c4-8a3d-47db-b3f8-20b0bcb8a3f5@group-7D2873B646E2, cid=2143, SUCCESS, logIndex=3123, commits[f80c66c4-8a3d-47db-b3f8-20b0bcb8a3f5:c3123, 6e9bc0f4-a324-4be3-b201-2d39df7dad8a:c3119, cffe1303-2f93-4087-8a62-a40745db49f2:c3119]
2019-07-10 09:50:55,317 INFO  client.GrpcClientProtocolClient (GrpcClientProtocolClient.java:onNext(255)) - client-7D6108789623->f80c66c4-8a3d-47db-b3f8-20b0bcb8a3f5: receive RaftClientReply:client-7D6108789623->f80c66c4-8a3d-47db-b3f8-20b0bcb8a3f5@group-7D2873B646E2, cid=2144, SUCCESS, logIndex=0, commits[f80c66c4-8a3d-47db-b3f8-20b0bcb8a3f5:c3124, 6e9bc0f4-a324-4be3-b201-2d39df7dad8a:c3123, cffe1303-2f93-4087-8a62-a40745db49f2:c3123]
2019-07-10 09:50:55,345 INFO  client.GrpcClientProtocolClient (GrpcClientProtocolClient.java:onNext(255)) - client-7D6108789623->f80c66c4-8a3d-47db-b3f8-20b0bcb8a3f5: receive RaftClientReply:client-7D6108789623->f80c66c4-8a3d-47db-b3f8-20b0bcb8a3f5@group-7D2873B646E2, cid=2145, SUCCESS, logIndex=3126, commits[f80c66c4-8a3d-47db-b3f8-20b0bcb8a3f5:c3127, 6e9bc0f4-a324-4be3-b201-2d39df7dad8a:c3125, cffe1303-2f93-4087-8a62-a40745db49f2:c3125]
2019-07-10 09:50:55,346 INFO  client.GrpcClientProtocolClient (GrpcClientProtocolClient.java:onNext(255)) - client-7D6108789623->f80c66c4-8a3d-47db-b3f8-20b0bcb8a3f5: receive RaftClientReply:client-7D6108789623->f80c66c4-8a3d-47db-b3f8-20b0bcb8a3f5@group-7D2873B646E2, cid=2146, SUCCESS, logIndex=3127, commits[f80c66c4-8a3d-47db-b3f8-20b0bcb8a3f5:c3127, 6e9bc0f4-a324-4be3-b201-2d39df7dad8a:c3125, cffe1303-2f93-4087-8a62-a40745db49f2:c3125]
2019-07-10 09:50:55,353 INFO  client.GrpcClientProtocolClient (GrpcClientProtocolClient.java:onNext(255)) - client-7D6108789623->f80c66c4-8a3d-47db-b3f8-20b0bcb8a3f5: receive RaftClientReply:client-7D6108789623->f80c66c4-8a3d-47db-b3f8-20b0bcb8a3f5@group-7D2873B646E2, cid=2147, SUCCESS, logIndex=3128, commits[f80c66c4-8a3d-47db-b3f8-20b0bcb8a3f5:c3129, 6e9bc0f4-a324-4be3-b201-2d39df7dad8a:c3125, cffe1303-2f93-4087-8a62-a40745db49f2:c3125]
2019-07-10 09:50:55,354 INFO  client.GrpcClientProtocolClient (GrpcClientProtocolClient.java:onNext(255)) - client-7D6108789623->f80c66c4-8a3d-47db-b3f8-20b0bcb8a3f5: receive RaftClientReply:client-7D6108789623->f80c66c4-8a3d-47db-b3f8-20b0bcb8a3f5@group-7D2873B646E2, cid=2148, SUCCESS, logIndex=3129, commits[f80c66c4-8a3d-47db-b3f8-20b0bcb8a3f5:c3129, 6e9bc0f4-a324-4be3-b201-2d39df7dad8a:c3125, cffe1303-2f93-4087-8a62-a40745db49f2:c3125]
2019-07-10 09:50:55,356 INFO  client.GrpcClientProtocolClient (GrpcClientProtocolClient.java:onNext(255)) - client-7D6108789623->f80c66c4-8a3d-47db-b3f8-20b0bcb8a3f5: receive RaftClientReply:client-7D6108789623->f80c66c4-8a3d-47db-b3f8-20b0bcb8a3f5@group-7D2873B646E2, cid=2149, SUCCESS, logIndex=0, commits[f80c66c4-8a3d-47db-b3f8-20b0bcb8a3f5:c3129, 6e9bc0f4-a324-4be3-b201-2d39df7dad8a:c3127, cffe1303-2f93-4087-8a62-a40745db49f2:c3127]
2019-07-10 09:50:55,385 INFO  client.GrpcClientProtocolClient (GrpcClientProtocolClient.java:onNext(255)) - client-7D6108789623->f80c66c4-8a3d-47db-b3f8-20b0bcb8a3f5: receive RaftClientReply:client-7D6108789623->f80c66c4-8a3d-47db-b3f8-20b0bcb8a3f5@group-7D2873B646E2, cid=2150, SUCCESS, logIndex=3134, commits[f80c66c4-8a3d-47db-b3f8-20b0bcb8a3f5:c3134, 6e9bc0f4-a324-4be3-b201-2d39df7dad8a:c3129, cffe1303-2f93-4087-8a62-a40745db49f2:c3129]
2019-07-10 09:50:55,385 INFO  client.GrpcClientProtocolClient (GrpcClientProtocolClient.java:onNext(255)) - client-7D6108789623->f80c66c4-8a3d-47db-b3f8-20b0bcb8a3f5: receive RaftClientReply:client-7D6108789623->f80c66c4-8a3d-47db-b3f8-20b0bcb8a3f5@group-7D2873B646E2, cid=2151, SUCCESS, logIndex=3135, commits[f80c66c4-8a3d-47db-b3f8-20b0bcb8a3f5:c3135, 6e9bc0f4-a324-4be3-b201-2d39df7dad8a:c3129, cffe1303-2f93-4087-8a62-a40745db49f2:c3129]
2019-07-10 09:50:55,413 INFO  client.GrpcClientProtocolClient (GrpcClientProtocolClient.java:onNext(255)) - client-7D6108789623->f80c66c4-8a3d-47db-b3f8-20b0bcb8a3f5: receive RaftClientReply:client-7D6108789623->f80c66c4-8a3d-47db-b3f8-20b0bcb8a3f5@group-7D2873B646E2, cid=2152, SUCCESS, logIndex=3138, commits[f80c66c4-8a3d-47db-b3f8-20b0bcb8a3f5:c3139, 6e9bc0f4-a324-4be3-b201-2d39df7dad8a:c3135, cffe1303-2f93-4087-8a62-a40745db49f2:c3135]
2019-07-10 09:50:55,414 INFO  client.GrpcClientProtocolClient (GrpcClientProtocolClient.java:onNext(255)) - client-7D6108789623->f80c66c4-8a3d-47db-b3f8-20b0bcb8a3f5: receive RaftClientReply:client-7D6108789623->f80c66c4-8a3d-47db-b3f8-20b0bcb8a3f5@group-7D2873B646E2, cid=2153, SUCCESS, logIndex=3139, commits[f80c66c4-8a3d-47db-b3f8-20b0bcb8a3f5:c3139, 6e9bc0f4-a324-4be3-b201-2d39df7dad8a:c3135, cffe1303-2f93-4087-8a62-a40745db49f2:c3135]
2019-07-10 09:50:55,436 INFO  client.GrpcClientProtocolClient (GrpcClientProtocolClient.java:onNext(255)) - client-7D6108789623->f80c66c4-8a3d-47db-b3f8-20b0bcb8a3f5: receive RaftClientReply:client-7D6108789623->f80c66c4-8a3d-47db-b3f8-20b0bcb8a3f5@group-7D2873B646E2, cid=2154, SUCCESS, logIndex=0, commits[f80c66c4-8a3d-47db-b3f8-20b0bcb8a3f5:c3141, 6e9bc0f4-a324-4be3-b201-2d39df7dad8a:c3139, cffe1303-2f93-4087-8a62-a40745db49f2:c3139]
2019-07-10 09:50:55,464 INFO  client.GrpcClientProtocolClient (GrpcClientProtocolClient.java:onNext(255)) - client-7D6108789623->f80c66c4-8a3d-47db-b3f8-20b0bcb8a3f5: receive RaftClientReply:client-7D6108789623->f80c66c4-8a3d-47db-b3f8-20b0bcb8a3f5@group-7D2873B646E2, cid=2155, SUCCESS, logIndex=3142, commits[f80c66c4-8a3d-47db-b3f8-20b0bcb8a3f5:c3143, 6e9bc0f4-a324-4be3-b201-2d39df7dad8a:c3141, cffe1303-2f93-4087-8a62-a40745db49f2:c3141]
2019-07-10 09:50:55,465 INFO  client.GrpcClientProtocolClient (GrpcClientProtocolClient.java:onNext(255)) - client-7D6108789623->f80c66c4-8a3d-47db-b3f8-20b0bcb8a3f5: receive RaftClientReply:client-7D6108789623->f80c66c4-8a3d-47db-b3f8-20b0bcb8a3f5@group-7D2873B646E2, cid=2156, SUCCESS, logIndex=3143, commits[f80c66c4-8a3d-47db-b3f8-20b0bcb8a3f5:c3143, 6e9bc0f4-a324-4be3-b201-2d39df7dad8a:c3141, cffe1303-2f93-4087-8a62-a40745db49f2:c3141]
2019-07-10 09:50:55,475 INFO  client.GrpcClientProtocolClient (GrpcClientProtocolClient.java:onNext(255)) - client-7D6108789623->f80c66c4-8a3d-47db-b3f8-20b0bcb8a3f5: receive RaftClientReply:client-7D6108789623->f80c66c4-8a3d-47db-b3f8-20b0bcb8a3f5@group-7D2873B646E2, cid=2157, SUCCESS, logIndex=3144, commits[f80c66c4-8a3d-47db-b3f8-20b0bcb8a3f5:c3144, 6e9bc0f4-a324-4be3-b201-2d39df7dad8a:c3141, cffe1303-2f93-4087-8a62-a40745db49f2:c3141]
2019-07-10 09:50:55,476 INFO  client.GrpcClientProtocolClient (GrpcClientProtocolClient.java:onNext(255)) - client-7D6108789623->f80c66c4-8a3d-47db-b3f8-20b0bcb8a3f5: receive RaftClientReply:client-7D6108789623->f80c66c4-8a3d-47db-b3f8-20b0bcb8a3f5@group-7D2873B646E2, cid=2158, SUCCESS, logIndex=3145, commits[f80c66c4-8a3d-47db-b3f8-20b0bcb8a3f5:c3145, 6e9bc0f4-a324-4be3-b201-2d39df7dad8a:c3141, cffe1303-2f93-4087-8a62-a40745db49f2:c3141]
2019-07-10 09:50:55,487 INFO  client.GrpcClientProtocolClient (GrpcClientProtocolClient.java:onNext(255)) - client-7D6108789623->f80c66c4-8a3d-47db-b3f8-20b0bcb8a3f5: receive RaftClientReply:client-7D6108789623->f80c66c4-8a3d-47db-b3f8-20b0bcb8a3f5@group-7D2873B646E2, cid=2159, SUCCESS, logIndex=0, commits[f80c66c4-8a3d-47db-b3f8-20b0bcb8a3f5:c3147, 6e9bc0f4-a324-4be3-b201-2d39df7dad8a:c3143, cffe1303-2f93-4087-8a62-a40745db49f2:c3143]
2019-07-10 09:50:55,506 INFO  client.GrpcClientProtocolClient (GrpcClientProtocolClient.java:onNext(255)) - client-7D6108789623->f80c66c4-8a3d-47db-b3f8-20b0bcb8a3f5: receive RaftClientReply:client-7D6108789623->f80c66c4-8a3d-47db-b3f8-20b0bcb8a3f5@group-7D2873B646E2, cid=2160, SUCCESS, logIndex=3150, commits[f80c66c4-8a3d-47db-b3f8-20b0bcb8a3f5:c3151, 6e9bc0f4-a324-4be3-b201-2d39df7dad8a:c3147, cffe1303-2f93-4087-8a62-a40745db49f2:c3145]
2019-07-10 09:50:55,506 INFO  client.GrpcClientProtocolClient (GrpcClientProtocolClient.java:onNext(255)) - client-7D6108789623->f80c66c4-8a3d-47db-b3f8-20b0bcb8a3f5: receive RaftClientReply:client-7D6108789623->f80c66c4-8a3d-47db-b3f8-20b0bcb8a3f5@group-7D2873B646E2, cid=2161, SUCCESS, logIndex=3151, commits[f80c66c4-8a3d-47db-b3f8-20b0bcb8a3f5:c3151, 6e9bc0f4-a324-4be3-b201-2d39df7dad8a:c3147, cffe1303-2f93-4087-8a62-a40745db49f2:c3145]
2019-07-10 09:50:55,530 INFO  client.GrpcClientProtocolClient (GrpcClientProtocolClient.java:onNext(255)) - client-7D6108789623->f80c66c4-8a3d-47db-b3f8-20b0bcb8a3f5: receive RaftClientReply:client-7D6108789623->f80c66c4-8a3d-47db-b3f8-20b0bcb8a3f5@group-7D2873B646E2, cid=2162, SUCCESS, logIndex=3153, commits[f80c66c4-8a3d-47db-b3f8-20b0bcb8a3f5:c3154, 6e9bc0f4-a324-4be3-b201-2d39df7dad8a:c3151, cffe1303-2f93-4087-8a62-a40745db49f2:c3151]
2019-07-10 09:50:55,530 INFO  client.GrpcClientProtocolClient (GrpcClientProtocolClient.java:onNext(255)) - client-7D6108789623->f80c66c4-8a3d-47db-b3f8-20b0bcb8a3f5: receive RaftClientReply:client-7D6108789623->f80c66c4-8a3d-47db-b3f8-20b0bcb8a3f5@group-7D2873B646E2, cid=2163, SUCCESS, logIndex=3154, commits[f80c66c4-8a3d-47db-b3f8-20b0bcb8a3f5:c3154, 6e9bc0f4-a324-4be3-b201-2d39df7dad8a:c3151, cffe1303-2f93-4087-8a62-a40745db49f2:c3151]
2019-07-10 09:50:55,542 INFO  client.GrpcClientProtocolClient (GrpcClientProtocolClient.java:onNext(255)) - client-7D6108789623->f80c66c4-8a3d-47db-b3f8-20b0bcb8a3f5: receive RaftClientReply:client-7D6108789623->f80c66c4-8a3d-47db-b3f8-20b0bcb8a3f5@group-7D2873B646E2, cid=2164, SUCCESS, logIndex=0, commits[f80c66c4-8a3d-47db-b3f8-20b0bcb8a3f5:c3156, 6e9bc0f4-a324-4be3-b201-2d39df7dad8a:c3154, cffe1303-2f93-4087-8a62-a40745db49f2:c3154]
2019-07-10 09:50:55,562 INFO  client.GrpcClientProtocolClient (GrpcClientProtocolClient.java:onNext(255)) - client-7D6108789623->f80c66c4-8a3d-47db-b3f8-20b0bcb8a3f5: receive RaftClientReply:client-7D6108789623->f80c66c4-8a3d-47db-b3f8-20b0bcb8a3f5@group-7D2873B646E2, cid=2165, SUCCESS, logIndex=3157, commits[f80c66c4-8a3d-47db-b3f8-20b0bcb8a3f5:c3158, 6e9bc0f4-a324-4be3-b201-2d39df7dad8a:c3156, cffe1303-2f93-4087-8a62-a40745db49f2:c3154]
2019-07-10 09:50:55,563 INFO  client.GrpcClientProtocolClient (GrpcClientProtocolClient.java:onNext(255)) - client-7D6108789623->f80c66c4-8a3d-47db-b3f8-20b0bcb8a3f5: receive RaftClientReply:client-7D6108789623->f80c66c4-8a3d-47db-b3f8-20b0bcb8a3f5@group-7D2873B646E2, cid=2166, SUCCESS, logIndex=3158, commits[f80c66c4-8a3d-47db-b3f8-20b0bcb8a3f5:c3158, 6e9bc0f4-a324-4be3-b201-2d39df7dad8a:c3156, cffe1303-2f93-4087-8a62-a40745db49f2:c3154]
2019-07-10 09:50:55,572 INFO  client.GrpcClientProtocolClient (GrpcClientProtocolClient.java:onNext(255)) - client-7D6108789623->f80c66c4-8a3d-47db-b3f8-20b0bcb8a3f5: receive RaftClientReply:client-7D6108789623->f80c66c4-8a3d-47db-b3f8-20b0bcb8a3f5@group-7D2873B646E2, cid=2167, SUCCESS, logIndex=3159, commits[f80c66c4-8a3d-47db-b3f8-20b0bcb8a3f5:c3160, 6e9bc0f4-a324-4be3-b201-2d39df7dad8a:c3156, cffe1303-2f93-4087-8a62-a40745db49f2:c3156]
2019-07-10 09:50:55,573 INFO  client.GrpcClientProtocolClient (GrpcClientProtocolClient.java:onNext(255)) - client-7D6108789623->f80c66c4-8a3d-47db-b3f8-20b0bcb8a3f5: receive RaftClientReply:client-7D6108789623->f80c66c4-8a3d-47db-b3f8-20b0bcb8a3f5@group-7D2873B646E2, cid=2168, SUCCESS, logIndex=3160, commits[f80c66c4-8a3d-47db-b3f8-20b0bcb8a3f5:c3161, 6e9bc0f4-a324-4be3-b201-2d39df7dad8a:c3158, cffe1303-2f93-4087-8a62-a40745db49f2:c3156]
2019-07-10 09:50:55,574 INFO  client.GrpcClientProtocolClient (GrpcClientProtocolClient.java:onNext(255)) - client-7D6108789623->f80c66c4-8a3d-47db-b3f8-20b0bcb8a3f5: receive RaftClientReply:client-7D6108789623->f80c66c4-8a3d-47db-b3f8-20b0bcb8a3f5@group-7D2873B646E2, cid=2169, SUCCESS, logIndex=0, commits[f80c66c4-8a3d-47db-b3f8-20b0bcb8a3f5:c3162, 6e9bc0f4-a324-4be3-b201-2d39df7dad8a:c3158, cffe1303-2f93-4087-8a62-a40745db49f2:c3158]
2019-07-10 09:50:55,596 INFO  client.GrpcClientProtocolClient (GrpcClientProtocolClient.java:onNext(255)) - client-7D6108789623->f80c66c4-8a3d-47db-b3f8-20b0bcb8a3f5: receive RaftClientReply:client-7D6108789623->f80c66c4-8a3d-47db-b3f8-20b0bcb8a3f5@group-7D2873B646E2, cid=2170, SUCCESS, logIndex=3165, commits[f80c66c4-8a3d-47db-b3f8-20b0bcb8a3f5:c3165, 6e9bc0f4-a324-4be3-b201-2d39df7dad8a:c3162, cffe1303-2f93-4087-8a62-a40745db49f2:c3162]
2019-07-10 09:50:55,596 INFO  client.GrpcClientProtocolClient (GrpcClientProtocolClient.java:onNext(255)) - client-7D6108789623->f80c66c4-8a3d-47db-b3f8-20b0bcb8a3f5: receive RaftClientReply:client-7D6108789623->f80c66c4-8a3d-47db-b3f8-20b0bcb8a3f5@group-7D2873B646E2, cid=2171, SUCCESS, logIndex=3166, commits[f80c66c4-8a3d-47db-b3f8-20b0bcb8a3f5:c3166, 6e9bc0f4-a324-4be3-b201-2d39df7dad8a:c3162, cffe1303-2f93-4087-8a62-a40745db49f2:c3162]
2019-07-10 09:50:55,616 INFO  client.GrpcClientProtocolClient (GrpcClientProtocolClient.java:onNext(255)) - client-7D6108789623->f80c66c4-8a3d-47db-b3f8-20b0bcb8a3f5: receive RaftClientReply:client-7D6108789623->f80c66c4-8a3d-47db-b3f8-20b0bcb8a3f5@group-7D2873B646E2, cid=2172, SUCCESS, logIndex=3169, commits[f80c66c4-8a3d-47db-b3f8-20b0bcb8a3f5:c3170, 6e9bc0f4-a324-4be3-b201-2d39df7dad8a:c3166, cffe1303-2f93-4087-8a62-a40745db49f2:c3165]
2019-07-10 09:50:55,616 INFO  client.GrpcClientProtocolClient (GrpcClientProtocolClient.java:onNext(255)) - client-7D6108789623->f80c66c4-8a3d-47db-b3f8-20b0bcb8a3f5: receive RaftClientReply:client-7D6108789623->f80c66c4-8a3d-47db-b3f8-20b0bcb8a3f5@group-7D2873B646E2, cid=2173, SUCCESS, logIndex=3170, commits[f80c66c4-8a3d-47db-b3f8-20b0bcb8a3f5:c3170, 6e9bc0f4-a324-4be3-b201-2d39df7dad8a:c3166, cffe1303-2f93-4087-8a62-a40745db49f2:c3166]
2019-07-10 09:50:55,617 INFO  client.GrpcClientProtocolClient (GrpcClientProtocolClient.java:onNext(255)) - client-7D6108789623->f80c66c4-8a3d-47db-b3f8-20b0bcb8a3f5: receive RaftClientReply:client-7D6108789623->f80c66c4-8a3d-47db-b3f8-20b0bcb8a3f5@group-7D2873B646E2, cid=2174, SUCCESS, logIndex=0, commits[f80c66c4-8a3d-47db-b3f8-20b0bcb8a3f5:c3171, 6e9bc0f4-a324-4be3-b201-2d39df7dad8a:c3170, cffe1303-2f93-4087-8a62-a40745db49f2:c3170]
2019-07-10 09:50:55,640 INFO  client.GrpcClientProtocolClient (GrpcClientProtocolClient.java:onNext(255)) - client-7D6108789623->f80c66c4-8a3d-47db-b3f8-20b0bcb8a3f5: receive RaftClientReply:client-7D6108789623->f80c66c4-8a3d-47db-b3f8-20b0bcb8a3f5@group-7D2873B646E2, cid=2175, SUCCESS, logIndex=3173, commits[f80c66c4-8a3d-47db-b3f8-20b0bcb8a3f5:c3175, 6e9bc0f4-a324-4be3-b201-2d39df7dad8a:c3172, cffe1303-2f93-4087-8a62-a40745db49f2:c3172]
2019-07-10 09:50:55,641 INFO  client.GrpcClientProtocolClient (GrpcClientProtocolClient.java:onNext(255)) - client-7D6108789623->f80c66c4-8a3d-47db-b3f8-20b0bcb8a3f5: receive RaftClientReply:client-7D6108789623->f80c66c4-8a3d-47db-b3f8-20b0bcb8a3f5@group-7D2873B646E2, cid=2176, SUCCESS, logIndex=3174, commits[f80c66c4-8a3d-47db-b3f8-20b0bcb8a3f5:c3176, 6e9bc0f4-a324-4be3-b201-2d39df7dad8a:c3172, cffe1303-2f93-4087-8a62-a40745db49f2:c3172]
2019-07-10 09:50:55,641 INFO  client.GrpcClientProtocolClient (GrpcClientProtocolClient.java:onNext(255)) - client-7D6108789623->f80c66c4-8a3d-47db-b3f8-20b0bcb8a3f5: receive RaftClientReply:client-7D6108789623->f80c66c4-8a3d-47db-b3f8-20b0bcb8a3f5@group-7D2873B646E2, cid=2177, SUCCESS, logIndex=3175, commits[f80c66c4-8a3d-47db-b3f8-20b0bcb8a3f5:c3176, 6e9bc0f4-a324-4be3-b201-2d39df7dad8a:c3172, cffe1303-2f93-4087-8a62-a40745db49f2:c3172]
2019-07-10 09:50:55,641 INFO  client.GrpcClientProtocolClient (GrpcClientProtocolClient.java:onNext(255)) - client-7D6108789623->f80c66c4-8a3d-47db-b3f8-20b0bcb8a3f5: receive RaftClientReply:client-7D6108789623->f80c66c4-8a3d-47db-b3f8-20b0bcb8a3f5@group-7D2873B646E2, cid=2178, SUCCESS, logIndex=3176, commits[f80c66c4-8a3d-47db-b3f8-20b0bcb8a3f5:c3176, 6e9bc0f4-a324-4be3-b201-2d39df7dad8a:c3172, cffe1303-2f93-4087-8a62-a40745db49f2:c3172]
2019-07-10 09:50:55,653 INFO  client.GrpcClientProtocolClient (GrpcClientProtocolClient.java:onNext(255)) - client-7D6108789623->f80c66c4-8a3d-47db-b3f8-20b0bcb8a3f5: receive RaftClientReply:client-7D6108789623->f80c66c4-8a3d-47db-b3f8-20b0bcb8a3f5@group-7D2873B646E2, cid=2179, SUCCESS, logIndex=0, commits[f80c66c4-8a3d-47db-b3f8-20b0bcb8a3f5:c3177, 6e9bc0f4-a324-4be3-b201-2d39df7dad8a:c3174, cffe1303-2f93-4087-8a62-a40745db49f2:c3174]
2019-07-10 09:50:55,671 INFO  client.GrpcClientProtocolClient (GrpcClientProtocolClient.java:onNext(255)) - client-7D6108789623->f80c66c4-8a3d-47db-b3f8-20b0bcb8a3f5: receive RaftClientReply:client-7D6108789623->f80c66c4-8a3d-47db-b3f8-20b0bcb8a3f5@group-7D2873B646E2, cid=2180, SUCCESS, logIndex=3181, commits[f80c66c4-8a3d-47db-b3f8-20b0bcb8a3f5:c3182, 6e9bc0f4-a324-4be3-b201-2d39df7dad8a:c3180, cffe1303-2f93-4087-8a62-a40745db49f2:c3180]
2019-07-10 09:50:55,672 INFO  client.GrpcClientProtocolClient (GrpcClientProtocolClient.java:onNext(255)) - client-7D6108789623->f80c66c4-8a3d-47db-b3f8-20b0bcb8a3f5: receive RaftClientReply:client-7D6108789623->f80c66c4-8a3d-47db-b3f8-20b0bcb8a3f5@group-7D2873B646E2, cid=2181, SUCCESS, logIndex=3182, commits[f80c66c4-8a3d-47db-b3f8-20b0bcb8a3f5:c3182, 6e9bc0f4-a324-4be3-b201-2d39df7dad8a:c3180, cffe1303-2f93-4087-8a62-a40745db49f2:c3180]
2019-07-10 09:50:55,685 INFO  client.GrpcClientProtocolClient (GrpcClientProtocolClient.java:onNext(255)) - client-7D6108789623->f80c66c4-8a3d-47db-b3f8-20b0bcb8a3f5: receive RaftClientReply:client-7D6108789623->f80c66c4-8a3d-47db-b3f8-20b0bcb8a3f5@group-7D2873B646E2, cid=2182, SUCCESS, logIndex=3185, commits[f80c66c4-8a3d-47db-b3f8-20b0bcb8a3f5:c3186, 6e9bc0f4-a324-4be3-b201-2d39df7dad8a:c3182, cffe1303-2f93-4087-8a62-a40745db49f2:c3182]
2019-07-10 09:50:55,685 INFO  client.GrpcClientProtocolClient (GrpcClientProtocolClient.java:onNext(255)) - client-7D6108789623->f80c66c4-8a3d-47db-b3f8-20b0bcb8a3f5: receive RaftClientReply:client-7D6108789623->f80c66c4-8a3d-47db-b3f8-20b0bcb8a3f5@group-7D2873B646E2, cid=2183, SUCCESS, logIndex=3186, commits[f80c66c4-8a3d-47db-b3f8-20b0bcb8a3f5:c3186, 6e9bc0f4-a324-4be3-b201-2d39df7dad8a:c3182, cffe1303-2f93-4087-8a62-a40745db49f2:c3182]
2019-07-10 09:50:55,695 INFO  client.GrpcClientProtocolClient (GrpcClientProtocolClient.java:onNext(255)) - client-7D6108789623->f80c66c4-8a3d-47db-b3f8-20b0bcb8a3f5: receive RaftClientReply:client-7D6108789623->f80c66c4-8a3d-47db-b3f8-20b0bcb8a3f5@group-7D2873B646E2, cid=2184, SUCCESS, logIndex=0, commits[f80c66c4-8a3d-47db-b3f8-20b0bcb8a3f5:c3187, 6e9bc0f4-a324-4be3-b201-2d39df7dad8a:c3186, cffe1303-2f93-4087-8a62-a40745db49f2:c3186]
2019-07-10 09:50:55,720 INFO  client.GrpcClientProtocolClient (GrpcClientProtocolClient.java:onNext(255)) - client-7D6108789623->f80c66c4-8a3d-47db-b3f8-20b0bcb8a3f5: receive RaftClientReply:client-7D6108789623->f80c66c4-8a3d-47db-b3f8-20b0bcb8a3f5@group-7D2873B646E2, cid=2185, SUCCESS, logIndex=3189, commits[f80c66c4-8a3d-47db-b3f8-20b0bcb8a3f5:c3189, 6e9bc0f4-a324-4be3-b201-2d39df7dad8a:c3188, cffe1303-2f93-4087-8a62-a40745db49f2:c3188]
2019-07-10 09:50:55,720 INFO  client.GrpcClientProtocolClient (GrpcClientProtocolClient.java:onNext(255)) - client-7D6108789623->f80c66c4-8a3d-47db-b3f8-20b0bcb8a3f5: receive RaftClientReply:client-7D6108789623->f80c66c4-8a3d-47db-b3f8-20b0bcb8a3f5@group-7D2873B646E2, cid=2186, SUCCESS, logIndex=3190, commits[f80c66c4-8a3d-47db-b3f8-20b0bcb8a3f5:c3190, 6e9bc0f4-a324-4be3-b201-2d39df7dad8a:c3188, cffe1303-2f93-4087-8a62-a40745db49f2:c3188]
2019-07-10 09:50:55,728 INFO  client.GrpcClientProtocolClient (GrpcClientProtocolClient.java:onNext(255)) - client-7D6108789623->f80c66c4-8a3d-47db-b3f8-20b0bcb8a3f5: receive RaftClientReply:client-7D6108789623->f80c66c4-8a3d-47db-b3f8-20b0bcb8a3f5@group-7D2873B646E2, cid=2187, SUCCESS, logIndex=3191, commits[f80c66c4-8a3d-47db-b3f8-20b0bcb8a3f5:c3192, 6e9bc0f4-a324-4be3-b201-2d39df7dad8a:c3188, cffe1303-2f93-4087-8a62-a40745db49f2:c3188]
2019-07-10 09:50:55,729 INFO  client.GrpcClientProtocolClient (GrpcClientProtocolClient.java:onNext(255)) - client-7D6108789623->f80c66c4-8a3d-47db-b3f8-20b0bcb8a3f5: receive RaftClientReply:client-7D6108789623->f80c66c4-8a3d-47db-b3f8-20b0bcb8a3f5@group-7D2873B646E2, cid=2188, SUCCESS, logIndex=3192, commits[f80c66c4-8a3d-47db-b3f8-20b0bcb8a3f5:c3192, 6e9bc0f4-a324-4be3-b201-2d39df7dad8a:c3189, cffe1303-2f93-4087-8a62-a40745db49f2:c3188]
2019-07-10 09:50:55,732 INFO  client.GrpcClientProtocolClient (GrpcClientProtocolClient.java:onNext(255)) - client-7D6108789623->f80c66c4-8a3d-47db-b3f8-20b0bcb8a3f5: receive RaftClientReply:client-7D6108789623->f80c66c4-8a3d-47db-b3f8-20b0bcb8a3f5@group-7D2873B646E2, cid=2189, SUCCESS, logIndex=0, commits[f80c66c4-8a3d-47db-b3f8-20b0bcb8a3f5:c3194, 6e9bc0f4-a324-4be3-b201-2d39df7dad8a:c3192, cffe1303-2f93-4087-8a62-a40745db49f2:c3190]
2019-07-10 09:50:55,747 INFO  client.GrpcClientProtocolClient (GrpcClientProtocolClient.java:onNext(255)) - client-7D6108789623->f80c66c4-8a3d-47db-b3f8-20b0bcb8a3f5: receive RaftClientReply:client-7D6108789623->f80c66c4-8a3d-47db-b3f8-20b0bcb8a3f5@group-7D2873B646E2, cid=2190, SUCCESS, logIndex=3196, commits[f80c66c4-8a3d-47db-b3f8-20b0bcb8a3f5:c3197, 6e9bc0f4-a324-4be3-b201-2d39df7dad8a:c3192, cffe1303-2f93-4087-8a62-a40745db49f2:c3194]
2019-07-10 09:50:55,747 INFO  client.GrpcClientProtocolClient (GrpcClientProtocolClient.java:onNext(255)) - client-7D6108789623->f80c66c4-8a3d-47db-b3f8-20b0bcb8a3f5: receive RaftClientReply:client-7D6108789623->f80c66c4-8a3d-47db-b3f8-20b0bcb8a3f5@group-7D2873B646E2, cid=2191, SUCCESS, logIndex=3197, commits[f80c66c4-8a3d-47db-b3f8-20b0bcb8a3f5:c3197, 6e9bc0f4-a324-4be3-b201-2d39df7dad8a:c3192, cffe1303-2f93-4087-8a62-a40745db49f2:c3194]
2019-07-10 09:50:55,765 INFO  client.GrpcClientProtocolClient (GrpcClientProtocolClient.java:onNext(255)) - client-7D6108789623->f80c66c4-8a3d-47db-b3f8-20b0bcb8a3f5: receive RaftClientReply:client-7D6108789623->f80c66c4-8a3d-47db-b3f8-20b0bcb8a3f5@group-7D2873B646E2, cid=2192, SUCCESS, logIndex=3200, commits[f80c66c4-8a3d-47db-b3f8-20b0bcb8a3f5:c3200, 6e9bc0f4-a324-4be3-b201-2d39df7dad8a:c3198, cffe1303-2f93-4087-8a62-a40745db49f2:c3198]
2019-07-10 09:50:55,766 INFO  client.GrpcClientProtocolClient (GrpcClientProtocolClient.java:onNext(255)) - client-7D6108789623->f80c66c4-8a3d-47db-b3f8-20b0bcb8a3f5: receive RaftClientReply:client-7D6108789623->f80c66c4-8a3d-47db-b3f8-20b0bcb8a3f5@group-7D2873B646E2, cid=2193, SUCCESS, logIndex=3201, commits[f80c66c4-8a3d-47db-b3f8-20b0bcb8a3f5:c3201, 6e9bc0f4-a324-4be3-b201-2d39df7dad8a:c3198, cffe1303-2f93-4087-8a62-a40745db49f2:c3198]
2019-07-10 09:50:55,787 INFO  client.GrpcClientProtocolClient (GrpcClientProtocolClient.java:onNext(255)) - client-7D6108789623->f80c66c4-8a3d-47db-b3f8-20b0bcb8a3f5: receive RaftClientReply:client-7D6108789623->f80c66c4-8a3d-47db-b3f8-20b0bcb8a3f5@group-7D2873B646E2, cid=2194, SUCCESS, logIndex=0, commits[f80c66c4-8a3d-47db-b3f8-20b0bcb8a3f5:c3203, 6e9bc0f4-a324-4be3-b201-2d39df7dad8a:c3201, cffe1303-2f93-4087-8a62-a40745db49f2:c3201]
2019-07-10 09:50:55,818 INFO  client.GrpcClientProtocolClient (GrpcClientProtocolClient.java:onNext(255)) - client-7D6108789623->f80c66c4-8a3d-47db-b3f8-20b0bcb8a3f5: receive RaftClientReply:client-7D6108789623->f80c66c4-8a3d-47db-b3f8-20b0bcb8a3f5@group-7D2873B646E2, cid=2195, SUCCESS, logIndex=3204, commits[f80c66c4-8a3d-47db-b3f8-20b0bcb8a3f5:c3205, 6e9bc0f4-a324-4be3-b201-2d39df7dad8a:c3201, cffe1303-2f93-4087-8a62-a40745db49f2:c3203]
2019-07-10 09:50:55,818 INFO  client.GrpcClientProtocolClient (GrpcClientProtocolClient.java:onNext(255)) - client-7D6108789623->f80c66c4-8a3d-47db-b3f8-20b0bcb8a3f5: receive RaftClientReply:client-7D6108789623->f80c66c4-8a3d-47db-b3f8-20b0bcb8a3f5@group-7D2873B646E2, cid=2196, SUCCESS, logIndex=3205, commits[f80c66c4-8a3d-47db-b3f8-20b0bcb8a3f5:c3207, 6e9bc0f4-a324-4be3-b201-2d39df7dad8a:c3203, cffe1303-2f93-4087-8a62-a40745db49f2:c3203]
2019-07-10 09:50:55,819 INFO  client.GrpcClientProtocolClient (GrpcClientProtocolClient.java:onNext(255)) - client-7D6108789623->f80c66c4-8a3d-47db-b3f8-20b0bcb8a3f5: receive RaftClientReply:client-7D6108789623->f80c66c4-8a3d-47db-b3f8-20b0bcb8a3f5@group-7D2873B646E2, cid=2197, SUCCESS, logIndex=3206, commits[f80c66c4-8a3d-47db-b3f8-20b0bcb8a3f5:c3207, 6e9bc0f4-a324-4be3-b201-2d39df7dad8a:c3203, cffe1303-2f93-4087-8a62-a40745db49f2:c3203]
2019-07-10 09:50:55,819 INFO  client.GrpcClientProtocolClient (GrpcClientProtocolClient.java:onNext(255)) - client-7D6108789623->f80c66c4-8a3d-47db-b3f8-20b0bcb8a3f5: receive RaftClientReply:client-7D6108789623->f80c66c4-8a3d-47db-b3f8-20b0bcb8a3f5@group-7D2873B646E2, cid=2198, SUCCESS, logIndex=3207, commits[f80c66c4-8a3d-47db-b3f8-20b0bcb8a3f5:c3207, 6e9bc0f4-a324-4be3-b201-2d39df7dad8a:c3203, cffe1303-2f93-4087-8a62-a40745db49f2:c3203]
2019-07-10 09:50:55,822 INFO  client.GrpcClientProtocolClient (GrpcClientProtocolClient.java:onNext(255)) - client-7D6108789623->f80c66c4-8a3d-47db-b3f8-20b0bcb8a3f5: receive RaftClientReply:client-7D6108789623->f80c66c4-8a3d-47db-b3f8-20b0bcb8a3f5@group-7D2873B646E2, cid=2199, SUCCESS, logIndex=0, commits[f80c66c4-8a3d-47db-b3f8-20b0bcb8a3f5:c3209, 6e9bc0f4-a324-4be3-b201-2d39df7dad8a:c3205, cffe1303-2f93-4087-8a62-a40745db49f2:c3205]
2019-07-10 09:50:55,843 INFO  client.GrpcClientProtocolClient (GrpcClientProtocolClient.java:onNext(255)) - client-7D6108789623->f80c66c4-8a3d-47db-b3f8-20b0bcb8a3f5: receive RaftClientReply:client-7D6108789623->f80c66c4-8a3d-47db-b3f8-20b0bcb8a3f5@group-7D2873B646E2, cid=2200, SUCCESS, logIndex=3212, commits[f80c66c4-8a3d-47db-b3f8-20b0bcb8a3f5:c3213, 6e9bc0f4-a324-4be3-b201-2d39df7dad8a:c3207, cffe1303-2f93-4087-8a62-a40745db49f2:c3211]
2019-07-10 09:50:55,844 INFO  client.GrpcClientProtocolClient (GrpcClientProtocolClient.java:onNext(255)) - client-7D6108789623->f80c66c4-8a3d-47db-b3f8-20b0bcb8a3f5: receive RaftClientReply:client-7D6108789623->f80c66c4-8a3d-47db-b3f8-20b0bcb8a3f5@group-7D2873B646E2, cid=2201, SUCCESS, logIndex=3213, commits[f80c66c4-8a3d-47db-b3f8-20b0bcb8a3f5:c3213, 6e9bc0f4-a324-4be3-b201-2d39df7dad8a:c3211, cffe1303-2f93-4087-8a62-a40745db49f2:c3211]
2019-07-10 09:50:55,865 INFO  client.GrpcClientProtocolClient (GrpcClientProtocolClient.java:onNext(255)) - client-7D6108789623->f80c66c4-8a3d-47db-b3f8-20b0bcb8a3f5: receive RaftClientReply:client-7D6108789623->f80c66c4-8a3d-47db-b3f8-20b0bcb8a3f5@group-7D2873B646E2, cid=2202, SUCCESS, logIndex=3216, commits[f80c66c4-8a3d-47db-b3f8-20b0bcb8a3f5:c3217, 6e9bc0f4-a324-4be3-b201-2d39df7dad8a:c3213, cffe1303-2f93-4087-8a62-a40745db49f2:c3213]
2019-07-10 09:50:55,865 INFO  client.GrpcClientProtocolClient (GrpcClientProtocolClient.java:onNext(255)) - client-7D6108789623->f80c66c4-8a3d-47db-b3f8-20b0bcb8a3f5: receive RaftClientReply:client-7D6108789623->f80c66c4-8a3d-47db-b3f8-20b0bcb8a3f5@group-7D2873B646E2, cid=2203, SUCCESS, logIndex=3217, commits[f80c66c4-8a3d-47db-b3f8-20b0bcb8a3f5:c3217, 6e9bc0f4-a324-4be3-b201-2d39df7dad8a:c3213, cffe1303-2f93-4087-8a62-a40745db49f2:c3213]
2019-07-10 09:50:55,867 INFO  client.GrpcClientProtocolClient (GrpcClientProtocolClient.java:onNext(255)) - client-7D6108789623->f80c66c4-8a3d-47db-b3f8-20b0bcb8a3f5: receive RaftClientReply:client-7D6108789623->f80c66c4-8a3d-47db-b3f8-20b0bcb8a3f5@group-7D2873B646E2, cid=2204, SUCCESS, logIndex=0, commits[f80c66c4-8a3d-47db-b3f8-20b0bcb8a3f5:c3218, 6e9bc0f4-a324-4be3-b201-2d39df7dad8a:c3217, cffe1303-2f93-4087-8a62-a40745db49f2:c3217]
2019-07-10 09:50:55,894 INFO  client.GrpcClientProtocolClient (GrpcClientProtocolClient.java:onNext(255)) - client-7D6108789623->f80c66c4-8a3d-47db-b3f8-20b0bcb8a3f5: receive RaftClientReply:client-7D6108789623->f80c66c4-8a3d-47db-b3f8-20b0bcb8a3f5@group-7D2873B646E2, cid=2205, SUCCESS, logIndex=3220, commits[f80c66c4-8a3d-47db-b3f8-20b0bcb8a3f5:c3221, 6e9bc0f4-a324-4be3-b201-2d39df7dad8a:c3219, cffe1303-2f93-4087-8a62-a40745db49f2:c3219]
2019-07-10 09:50:55,895 INFO  client.GrpcClientProtocolClient (GrpcClientProtocolClient.java:onNext(255)) - client-7D6108789623->f80c66c4-8a3d-47db-b3f8-20b0bcb8a3f5: receive RaftClientReply:client-7D6108789623->f80c66c4-8a3d-47db-b3f8-20b0bcb8a3f5@group-7D2873B646E2, cid=2206, SUCCESS, logIndex=3221, commits[f80c66c4-8a3d-47db-b3f8-20b0bcb8a3f5:c3221, 6e9bc0f4-a324-4be3-b201-2d39df7dad8a:c3219, cffe1303-2f93-4087-8a62-a40745db49f2:c3219]
2019-07-10 09:50:55,904 INFO  client.GrpcClientProtocolClient (GrpcClientProtocolClient.java:onNext(255)) - client-7D6108789623->f80c66c4-8a3d-47db-b3f8-20b0bcb8a3f5: receive RaftClientReply:client-7D6108789623->f80c66c4-8a3d-47db-b3f8-20b0bcb8a3f5@group-7D2873B646E2, cid=2207, SUCCESS, logIndex=3222, commits[f80c66c4-8a3d-47db-b3f8-20b0bcb8a3f5:c3223, 6e9bc0f4-a324-4be3-b201-2d39df7dad8a:c3219, cffe1303-2f93-4087-8a62-a40745db49f2:c3219]
2019-07-10 09:50:55,904 INFO  client.GrpcClientProtocolClient (GrpcClientProtocolClient.java:onNext(255)) - client-7D6108789623->f80c66c4-8a3d-47db-b3f8-20b0bcb8a3f5: receive RaftClientReply:client-7D6108789623->f80c66c4-8a3d-47db-b3f8-20b0bcb8a3f5@group-7D2873B646E2, cid=2208, SUCCESS, logIndex=3223, commits[f80c66c4-8a3d-47db-b3f8-20b0bcb8a3f5:c3223, 6e9bc0f4-a324-4be3-b201-2d39df7dad8a:c3219, cffe1303-2f93-4087-8a62-a40745db49f2:c3219]
2019-07-10 09:50:55,907 INFO  client.GrpcClientProtocolClient (GrpcClientProtocolClient.java:onNext(255)) - client-7D6108789623->f80c66c4-8a3d-47db-b3f8-20b0bcb8a3f5: receive RaftClientReply:client-7D6108789623->f80c66c4-8a3d-47db-b3f8-20b0bcb8a3f5@group-7D2873B646E2, cid=2209, SUCCESS, logIndex=0, commits[f80c66c4-8a3d-47db-b3f8-20b0bcb8a3f5:c3225, 6e9bc0f4-a324-4be3-b201-2d39df7dad8a:c3221, cffe1303-2f93-4087-8a62-a40745db49f2:c3221]
2019-07-10 09:50:55,960 INFO  client.GrpcClientProtocolClient (GrpcClientProtocolClient.java:onNext(255)) - client-7D6108789623->f80c66c4-8a3d-47db-b3f8-20b0bcb8a3f5: receive RaftClientReply:client-7D6108789623->f80c66c4-8a3d-47db-b3f8-20b0bcb8a3f5@group-7D2873B646E2, cid=2210, SUCCESS, logIndex=3228, commits[f80c66c4-8a3d-47db-b3f8-20b0bcb8a3f5:c3228, 6e9bc0f4-a324-4be3-b201-2d39df7dad8a:c3225, cffe1303-2f93-4087-8a62-a40745db49f2:c3223]
2019-07-10 09:50:55,960 INFO  client.GrpcClientProtocolClient (GrpcClientProtocolClient.java:onNext(255)) - client-7D6108789623->f80c66c4-8a3d-47db-b3f8-20b0bcb8a3f5: receive RaftClientReply:client-7D6108789623->f80c66c4-8a3d-47db-b3f8-20b0bcb8a3f5@group-7D2873B646E2, cid=2211, SUCCESS, logIndex=3229, commits[f80c66c4-8a3d-47db-b3f8-20b0bcb8a3f5:c3229, 6e9bc0f4-a324-4be3-b201-2d39df7dad8a:c3225, cffe1303-2f93-4087-8a62-a40745db49f2:c3223]
2019-07-10 09:50:55,986 INFO  client.GrpcClientProtocolClient (GrpcClientProtocolClient.java:onNext(255)) - client-7D6108789623->f80c66c4-8a3d-47db-b3f8-20b0bcb8a3f5: receive RaftClientReply:client-7D6108789623->f80c66c4-8a3d-47db-b3f8-20b0bcb8a3f5@group-7D2873B646E2, cid=2212, SUCCESS, logIndex=3232, commits[f80c66c4-8a3d-47db-b3f8-20b0bcb8a3f5:c3233, 6e9bc0f4-a324-4be3-b201-2d39df7dad8a:c3230, cffe1303-2f93-4087-8a62-a40745db49f2:c3230]
2019-07-10 09:50:55,987 INFO  client.GrpcClientProtocolClient (GrpcClientProtocolClient.java:onNext(255)) - client-7D6108789623->f80c66c4-8a3d-47db-b3f8-20b0bcb8a3f5: receive RaftClientReply:client-7D6108789623->f80c66c4-8a3d-47db-b3f8-20b0bcb8a3f5@group-7D2873B646E2, cid=2213, SUCCESS, logIndex=3233, commits[f80c66c4-8a3d-47db-b3f8-20b0bcb8a3f5:c3233, 6e9bc0f4-a324-4be3-b201-2d39df7dad8a:c3230, cffe1303-2f93-4087-8a62-a40745db49f2:c3230]
2019-07-10 09:50:55,992 INFO  client.GrpcClientProtocolClient (GrpcClientProtocolClient.java:onNext(255)) - client-7D6108789623->f80c66c4-8a3d-47db-b3f8-20b0bcb8a3f5: receive RaftClientReply:client-7D6108789623->f80c66c4-8a3d-47db-b3f8-20b0bcb8a3f5@group-7D2873B646E2, cid=2214, SUCCESS, logIndex=0, commits[f80c66c4-8a3d-47db-b3f8-20b0bcb8a3f5:c3234, 6e9bc0f4-a324-4be3-b201-2d39df7dad8a:c3233, cffe1303-2f93-4087-8a62-a40745db49f2:c3233]
2019-07-10 09:50:56,116 INFO  client.GrpcClientProtocolClient (GrpcClientProtocolClient.java:onNext(255)) - client-7D6108789623->f80c66c4-8a3d-47db-b3f8-20b0bcb8a3f5: receive RaftClientReply:client-7D6108789623->f80c66c4-8a3d-47db-b3f8-20b0bcb8a3f5@group-7D2873B646E2, cid=2215, SUCCESS, logIndex=3235, commits[f80c66c4-8a3d-47db-b3f8-20b0bcb8a3f5:c3236, 6e9bc0f4-a324-4be3-b201-2d39df7dad8a:c3233, cffe1303-2f93-4087-8a62-a40745db49f2:c3234]
2019-07-10 09:50:56,117 INFO  client.GrpcClientProtocolClient (GrpcClientProtocolClient.java:onNext(255)) - client-7D6108789623->f80c66c4-8a3d-47db-b3f8-20b0bcb8a3f5: receive RaftClientReply:client-7D6108789623->f80c66c4-8a3d-47db-b3f8-20b0bcb8a3f5@group-7D2873B646E2, cid=2216, SUCCESS, logIndex=3236, commits[f80c66c4-8a3d-47db-b3f8-20b0bcb8a3f5:c3236, 6e9bc0f4-a324-4be3-b201-2d39df7dad8a:c3233, cffe1303-2f93-4087-8a62-a40745db49f2:c3234]
2019-07-10 09:50:56,128 INFO  client.GrpcClientProtocolClient (GrpcClientProtocolClient.java:onNext(255)) - client-7D6108789623->f80c66c4-8a3d-47db-b3f8-20b0bcb8a3f5: receive RaftClientReply:client-7D6108789623->f80c66c4-8a3d-47db-b3f8-20b0bcb8a3f5@group-7D2873B646E2, cid=2217, SUCCESS, logIndex=3237, commits[f80c66c4-8a3d-47db-b3f8-20b0bcb8a3f5:c3238, 6e9bc0f4-a324-4be3-b201-2d39df7dad8a:c3234, cffe1303-2f93-4087-8a62-a40745db49f2:c3234]
2019-07-10 09:50:56,129 INFO  client.GrpcClientProtocolClient (GrpcClientProtocolClient.java:onNext(255)) - client-7D6108789623->f80c66c4-8a3d-47db-b3f8-20b0bcb8a3f5: receive RaftClientReply:client-7D6108789623->f80c66c4-8a3d-47db-b3f8-20b0bcb8a3f5@group-7D2873B646E2, cid=2218, SUCCESS, logIndex=3238, commits[f80c66c4-8a3d-47db-b3f8-20b0bcb8a3f5:c3238, 6e9bc0f4-a324-4be3-b201-2d39df7dad8a:c3234, cffe1303-2f93-4087-8a62-a40745db49f2:c3236]
2019-07-10 09:50:56,139 INFO  client.GrpcClientProtocolClient (GrpcClientProtocolClient.java:onNext(255)) - client-7D6108789623->f80c66c4-8a3d-47db-b3f8-20b0bcb8a3f5: receive RaftClientReply:client-7D6108789623->f80c66c4-8a3d-47db-b3f8-20b0bcb8a3f5@group-7D2873B646E2, cid=2219, SUCCESS, logIndex=0, commits[f80c66c4-8a3d-47db-b3f8-20b0bcb8a3f5:c3240, 6e9bc0f4-a324-4be3-b201-2d39df7dad8a:c3236, cffe1303-2f93-4087-8a62-a40745db49f2:c3237]
2019-07-10 09:50:56,169 INFO  client.GrpcClientProtocolClient (GrpcClientProtocolClient.java:onNext(255)) - client-7D6108789623->f80c66c4-8a3d-47db-b3f8-20b0bcb8a3f5: receive RaftClientReply:client-7D6108789623->f80c66c4-8a3d-47db-b3f8-20b0bcb8a3f5@group-7D2873B646E2, cid=2220, SUCCESS, logIndex=3243, commits[f80c66c4-8a3d-47db-b3f8-20b0bcb8a3f5:c3244, 6e9bc0f4-a324-4be3-b201-2d39df7dad8a:c3240, cffe1303-2f93-4087-8a62-a40745db49f2:c3240]
2019-07-10 09:50:56,169 INFO  client.GrpcClientProtocolClient (GrpcClientProtocolClient.java:onNext(255)) - client-7D6108789623->f80c66c4-8a3d-47db-b3f8-20b0bcb8a3f5: receive RaftClientReply:client-7D6108789623->f80c66c4-8a3d-47db-b3f8-20b0bcb8a3f5@group-7D2873B646E2, cid=2221, SUCCESS, logIndex=3244, commits[f80c66c4-8a3d-47db-b3f8-20b0bcb8a3f5:c3244, 6e9bc0f4-a324-4be3-b201-2d39df7dad8a:c3240, cffe1303-2f93-4087-8a62-a40745db49f2:c3240]
2019-07-10 09:50:56,192 INFO  client.GrpcClientProtocolClient (GrpcClientProtocolClient.java:onNext(255)) - client-7D6108789623->f80c66c4-8a3d-47db-b3f8-20b0bcb8a3f5: receive RaftClientReply:client-7D6108789623->f80c66c4-8a3d-47db-b3f8-20b0bcb8a3f5@group-7D2873B646E2, cid=2222, SUCCESS, logIndex=3247, commits[f80c66c4-8a3d-47db-b3f8-20b0bcb8a3f5:c3248, 6e9bc0f4-a324-4be3-b201-2d39df7dad8a:c3244, cffe1303-2f93-4087-8a62-a40745db49f2:c3243]
2019-07-10 09:50:56,193 INFO  client.GrpcClientProtocolClient (GrpcClientProtocolClient.java:onNext(255)) - client-7D6108789623->f80c66c4-8a3d-47db-b3f8-20b0bcb8a3f5: receive RaftClientReply:client-7D6108789623->f80c66c4-8a3d-47db-b3f8-20b0bcb8a3f5@group-7D2873B646E2, cid=2223, SUCCESS, logIndex=3248, commits[f80c66c4-8a3d-47db-b3f8-20b0bcb8a3f5:c3248, 6e9bc0f4-a324-4be3-b201-2d39df7dad8a:c3244, cffe1303-2f93-4087-8a62-a40745db49f2:c3244]
 0.00% |█                                                                                                    |  0/1 Time: 0:00:202019-07-10 09:50:56,221 INFO  client.GrpcClientProtocolClient (GrpcClientProtocolClient.java:onNext(255)) - client-7D6108789623->f80c66c4-8a3d-47db-b3f8-20b0bcb8a3f5: receive RaftClientReply:client-7D6108789623->f80c66c4-8a3d-47db-b3f8-20b0bcb8a3f5@group-7D2873B646E2, cid=2224, SUCCESS, logIndex=0, commits[f80c66c4-8a3d-47db-b3f8-20b0bcb8a3f5:c3250, 6e9bc0f4-a324-4be3-b201-2d39df7dad8a:c3248, cffe1303-2f93-4087-8a62-a40745db49f2:c3248]
2019-07-10 09:50:56,258 INFO  client.GrpcClientProtocolClient (GrpcClientProtocolClient.java:onNext(255)) - client-7D6108789623->f80c66c4-8a3d-47db-b3f8-20b0bcb8a3f5: receive RaftClientReply:client-7D6108789623->f80c66c4-8a3d-47db-b3f8-20b0bcb8a3f5@group-7D2873B646E2, cid=2225, SUCCESS, logIndex=3251, commits[f80c66c4-8a3d-47db-b3f8-20b0bcb8a3f5:c3252, 6e9bc0f4-a324-4be3-b201-2d39df7dad8a:c3250, cffe1303-2f93-4087-8a62-a40745db49f2:c3250]
2019-07-10 09:50:56,258 INFO  client.GrpcClientProtocolClient (GrpcClientProtocolClient.java:onNext(255)) - client-7D6108789623->f80c66c4-8a3d-47db-b3f8-20b0bcb8a3f5: receive RaftClientReply:client-7D6108789623->f80c66c4-8a3d-47db-b3f8-20b0bcb8a3f5@group-7D2873B646E2, cid=2226, SUCCESS, logIndex=3252, commits[f80c66c4-8a3d-47db-b3f8-20b0bcb8a3f5:c3253, 6e9bc0f4-a324-4be3-b201-2d39df7dad8a:c3250, cffe1303-2f93-4087-8a62-a40745db49f2:c3250]
2019-07-10 09:50:56,259 INFO  client.GrpcClientProtocolClient (GrpcClientProtocolClient.java:onNext(255)) - client-7D6108789623->f80c66c4-8a3d-47db-b3f8-20b0bcb8a3f5: receive RaftClientReply:client-7D6108789623->f80c66c4-8a3d-47db-b3f8-20b0bcb8a3f5@group-7D2873B646E2, cid=2227, SUCCESS, logIndex=3253, commits[f80c66c4-8a3d-47db-b3f8-20b0bcb8a3f5:c3254, 6e9bc0f4-a324-4be3-b201-2d39df7dad8a:c3250, cffe1303-2f93-4087-8a62-a40745db49f2:c3250]
2019-07-10 09:50:56,259 INFO  client.GrpcClientProtocolClient (GrpcClientProtocolClient.java:onNext(255)) - client-7D6108789623->f80c66c4-8a3d-47db-b3f8-20b0bcb8a3f5: receive RaftClientReply:client-7D6108789623->f80c66c4-8a3d-47db-b3f8-20b0bcb8a3f5@group-7D2873B646E2, cid=2228, SUCCESS, logIndex=3254, commits[f80c66c4-8a3d-47db-b3f8-20b0bcb8a3f5:c3254, 6e9bc0f4-a324-4be3-b201-2d39df7dad8a:c3250, cffe1303-2f93-4087-8a62-a40745db49f2:c3250]
2019-07-10 09:50:56,262 INFO  client.GrpcClientProtocolClient (GrpcClientProtocolClient.java:onNext(255)) - client-7D6108789623->f80c66c4-8a3d-47db-b3f8-20b0bcb8a3f5: receive RaftClientReply:client-7D6108789623->f80c66c4-8a3d-47db-b3f8-20b0bcb8a3f5@group-7D2873B646E2, cid=2229, SUCCESS, logIndex=0, commits[f80c66c4-8a3d-47db-b3f8-20b0bcb8a3f5:c3256, 6e9bc0f4-a324-4be3-b201-2d39df7dad8a:c3252, cffe1303-2f93-4087-8a62-a40745db49f2:c3252]
2019-07-10 09:50:56,275 INFO  client.GrpcClientProtocolClient (GrpcClientProtocolClient.java:onNext(255)) - client-7D6108789623->f80c66c4-8a3d-47db-b3f8-20b0bcb8a3f5: receive RaftClientReply:client-7D6108789623->f80c66c4-8a3d-47db-b3f8-20b0bcb8a3f5@group-7D2873B646E2, cid=2230, SUCCESS, logIndex=3259, commits[f80c66c4-8a3d-47db-b3f8-20b0bcb8a3f5:c3260, 6e9bc0f4-a324-4be3-b201-2d39df7dad8a:c3257, cffe1303-2f93-4087-8a62-a40745db49f2:c3257]
2019-07-10 09:50:56,275 INFO  client.GrpcClientProtocolClient (GrpcClientProtocolClient.java:onNext(255)) - client-7D6108789623->f80c66c4-8a3d-47db-b3f8-20b0bcb8a3f5: receive RaftClientReply:client-7D6108789623->f80c66c4-8a3d-47db-b3f8-20b0bcb8a3f5@group-7D2873B646E2, cid=2231, SUCCESS, logIndex=3260, commits[f80c66c4-8a3d-47db-b3f8-20b0bcb8a3f5:c3260, 6e9bc0f4-a324-4be3-b201-2d39df7dad8a:c3257, cffe1303-2f93-4087-8a62-a40745db49f2:c3257]
2019-07-10 09:50:56,291 INFO  client.GrpcClientProtocolClient (GrpcClientProtocolClient.java:onNext(255)) - client-7D6108789623->f80c66c4-8a3d-47db-b3f8-20b0bcb8a3f5: receive RaftClientReply:client-7D6108789623->f80c66c4-8a3d-47db-b3f8-20b0bcb8a3f5@group-7D2873B646E2, cid=2232, SUCCESS, logIndex=3263, commits[f80c66c4-8a3d-47db-b3f8-20b0bcb8a3f5:c3264, 6e9bc0f4-a324-4be3-b201-2d39df7dad8a:c3261, cffe1303-2f93-4087-8a62-a40745db49f2:c3261]
2019-07-10 09:50:56,291 INFO  client.GrpcClientProtocolClient (GrpcClientProtocolClient.java:onNext(255)) - client-7D6108789623->f80c66c4-8a3d-47db-b3f8-20b0bcb8a3f5: receive RaftClientReply:client-7D6108789623->f80c66c4-8a3d-47db-b3f8-20b0bcb8a3f5@group-7D2873B646E2, cid=2233, SUCCESS, logIndex=3264, commits[f80c66c4-8a3d-47db-b3f8-20b0bcb8a3f5:c3264, 6e9bc0f4-a324-4be3-b201-2d39df7dad8a:c3261, cffe1303-2f93-4087-8a62-a40745db49f2:c3261]
2019-07-10 09:50:56,311 INFO  client.GrpcClientProtocolClient (GrpcClientProtocolClient.java:onNext(255)) - client-7D6108789623->f80c66c4-8a3d-47db-b3f8-20b0bcb8a3f5: receive RaftClientReply:client-7D6108789623->f80c66c4-8a3d-47db-b3f8-20b0bcb8a3f5@group-7D2873B646E2, cid=2234, SUCCESS, logIndex=0, commits[f80c66c4-8a3d-47db-b3f8-20b0bcb8a3f5:c3266, 6e9bc0f4-a324-4be3-b201-2d39df7dad8a:c3264, cffe1303-2f93-4087-8a62-a40745db49f2:c3264]
2019-07-10 09:50:56,336 INFO  client.GrpcClientProtocolClient (GrpcClientProtocolClient.java:onNext(255)) - client-7D6108789623->f80c66c4-8a3d-47db-b3f8-20b0bcb8a3f5: receive RaftClientReply:client-7D6108789623->f80c66c4-8a3d-47db-b3f8-20b0bcb8a3f5@group-7D2873B646E2, cid=2235, SUCCESS, logIndex=3267, commits[f80c66c4-8a3d-47db-b3f8-20b0bcb8a3f5:c3268, 6e9bc0f4-a324-4be3-b201-2d39df7dad8a:c3266, cffe1303-2f93-4087-8a62-a40745db49f2:c3266]
2019-07-10 09:50:56,337 INFO  client.GrpcClientProtocolClient (GrpcClientProtocolClient.java:onNext(255)) - client-7D6108789623->f80c66c4-8a3d-47db-b3f8-20b0bcb8a3f5: receive RaftClientReply:client-7D6108789623->f80c66c4-8a3d-47db-b3f8-20b0bcb8a3f5@group-7D2873B646E2, cid=2236, SUCCESS, logIndex=3268, commits[f80c66c4-8a3d-47db-b3f8-20b0bcb8a3f5:c3270, 6e9bc0f4-a324-4be3-b201-2d39df7dad8a:c3266, cffe1303-2f93-4087-8a62-a40745db49f2:c3266]
2019-07-10 09:50:56,337 INFO  client.GrpcClientProtocolClient (GrpcClientProtocolClient.java:onNext(255)) - client-7D6108789623->f80c66c4-8a3d-47db-b3f8-20b0bcb8a3f5: receive RaftClientReply:client-7D6108789623->f80c66c4-8a3d-47db-b3f8-20b0bcb8a3f5@group-7D2873B646E2, cid=2237, SUCCESS, logIndex=3269, commits[f80c66c4-8a3d-47db-b3f8-20b0bcb8a3f5:c3271, 6e9bc0f4-a324-4be3-b201-2d39df7dad8a:c3266, cffe1303-2f93-4087-8a62-a40745db49f2:c3268]
2019-07-10 09:50:56,337 INFO  client.GrpcClientProtocolClient (GrpcClientProtocolClient.java:onNext(255)) - client-7D6108789623->f80c66c4-8a3d-47db-b3f8-20b0bcb8a3f5: receive RaftClientReply:client-7D6108789623->f80c66c4-8a3d-47db-b3f8-20b0bcb8a3f5@group-7D2873B646E2, cid=2238, SUCCESS, logIndex=3270, commits[f80c66c4-8a3d-47db-b3f8-20b0bcb8a3f5:c3271, 6e9bc0f4-a324-4be3-b201-2d39df7dad8a:c3266, cffe1303-2f93-4087-8a62-a40745db49f2:c3268]
2019-07-10 09:50:56,346 INFO  client.GrpcClientProtocolClient (GrpcClientProtocolClient.java:onNext(255)) - client-7D6108789623->f80c66c4-8a3d-47db-b3f8-20b0bcb8a3f5: receive RaftClientReply:client-7D6108789623->f80c66c4-8a3d-47db-b3f8-20b0bcb8a3f5@group-7D2873B646E2, cid=2239, SUCCESS, logIndex=0, commits[f80c66c4-8a3d-47db-b3f8-20b0bcb8a3f5:c3271, 6e9bc0f4-a324-4be3-b201-2d39df7dad8a:c3268, cffe1303-2f93-4087-8a62-a40745db49f2:c3268]
2019-07-10 09:50:56,358 INFO  client.GrpcClientProtocolClient (GrpcClientProtocolClient.java:onNext(255)) - client-7D6108789623->f80c66c4-8a3d-47db-b3f8-20b0bcb8a3f5: receive RaftClientReply:client-7D6108789623->f80c66c4-8a3d-47db-b3f8-20b0bcb8a3f5@group-7D2873B646E2, cid=2240, SUCCESS, logIndex=3274, commits[f80c66c4-8a3d-47db-b3f8-20b0bcb8a3f5:c3275, 6e9bc0f4-a324-4be3-b201-2d39df7dad8a:c3270, cffe1303-2f93-4087-8a62-a40745db49f2:c3273]
2019-07-10 09:50:56,359 INFO  client.GrpcClientProtocolClient (GrpcClientProtocolClient.java:onNext(255)) - client-7D6108789623->f80c66c4-8a3d-47db-b3f8-20b0bcb8a3f5: receive RaftClientReply:client-7D6108789623->f80c66c4-8a3d-47db-b3f8-20b0bcb8a3f5@group-7D2873B646E2, cid=2241, SUCCESS, logIndex=3275, commits[f80c66c4-8a3d-47db-b3f8-20b0bcb8a3f5:c3275, 6e9bc0f4-a324-4be3-b201-2d39df7dad8a:c3273, cffe1303-2f93-4087-8a62-a40745db49f2:c3273]
2019-07-10 09:50:56,393 INFO  client.GrpcClientProtocolClient (GrpcClientProtocolClient.java:onNext(255)) - client-7D6108789623->f80c66c4-8a3d-47db-b3f8-20b0bcb8a3f5: receive RaftClientReply:client-7D6108789623->f80c66c4-8a3d-47db-b3f8-20b0bcb8a3f5@group-7D2873B646E2, cid=2242, SUCCESS, logIndex=3278, commits[f80c66c4-8a3d-47db-b3f8-20b0bcb8a3f5:c3279, 6e9bc0f4-a324-4be3-b201-2d39df7dad8a:c3277, cffe1303-2f93-4087-8a62-a40745db49f2:c3277]
2019-07-10 09:50:56,393 INFO  client.GrpcClientProtocolClient (GrpcClientProtocolClient.java:onNext(255)) - client-7D6108789623->f80c66c4-8a3d-47db-b3f8-20b0bcb8a3f5: receive RaftClientReply:client-7D6108789623->f80c66c4-8a3d-47db-b3f8-20b0bcb8a3f5@group-7D2873B646E2, cid=2243, SUCCESS, logIndex=3279, commits[f80c66c4-8a3d-47db-b3f8-20b0bcb8a3f5:c3279, 6e9bc0f4-a324-4be3-b201-2d39df7dad8a:c3277, cffe1303-2f93-4087-8a62-a40745db49f2:c3277]
2019-07-10 09:50:56,405 INFO  client.GrpcClientProtocolClient (GrpcClientProtocolClient.java:onNext(255)) - client-7D6108789623->f80c66c4-8a3d-47db-b3f8-20b0bcb8a3f5: receive RaftClientReply:client-7D6108789623->f80c66c4-8a3d-47db-b3f8-20b0bcb8a3f5@group-7D2873B646E2, cid=2244, SUCCESS, logIndex=0, commits[f80c66c4-8a3d-47db-b3f8-20b0bcb8a3f5:c3281, 6e9bc0f4-a324-4be3-b201-2d39df7dad8a:c3279, cffe1303-2f93-4087-8a62-a40745db49f2:c3279]
2019-07-10 09:50:56,435 INFO  client.GrpcClientProtocolClient (GrpcClientProtocolClient.java:onNext(255)) - client-7D6108789623->f80c66c4-8a3d-47db-b3f8-20b0bcb8a3f5: receive RaftClientReply:client-7D6108789623->f80c66c4-8a3d-47db-b3f8-20b0bcb8a3f5@group-7D2873B646E2, cid=2245, SUCCESS, logIndex=3282, commits[f80c66c4-8a3d-47db-b3f8-20b0bcb8a3f5:c3283, 6e9bc0f4-a324-4be3-b201-2d39df7dad8a:c3281, cffe1303-2f93-4087-8a62-a40745db49f2:c3281]
2019-07-10 09:50:56,435 INFO  client.GrpcClientProtocolClient (GrpcClientProtocolClient.java:onNext(255)) - client-7D6108789623->f80c66c4-8a3d-47db-b3f8-20b0bcb8a3f5: receive RaftClientReply:client-7D6108789623->f80c66c4-8a3d-47db-b3f8-20b0bcb8a3f5@group-7D2873B646E2, cid=2246, SUCCESS, logIndex=3283, commits[f80c66c4-8a3d-47db-b3f8-20b0bcb8a3f5:c3283, 6e9bc0f4-a324-4be3-b201-2d39df7dad8a:c3281, cffe1303-2f93-4087-8a62-a40745db49f2:c3281]
2019-07-10 09:50:56,436 INFO  client.GrpcClientProtocolClient (GrpcClientProtocolClient.java:onNext(255)) - client-7D6108789623->f80c66c4-8a3d-47db-b3f8-20b0bcb8a3f5: receive RaftClientReply:client-7D6108789623->f80c66c4-8a3d-47db-b3f8-20b0bcb8a3f5@group-7D2873B646E2, cid=2247, SUCCESS, logIndex=3284, commits[f80c66c4-8a3d-47db-b3f8-20b0bcb8a3f5:c3284, 6e9bc0f4-a324-4be3-b201-2d39df7dad8a:c3281, cffe1303-2f93-4087-8a62-a40745db49f2:c3281]
2019-07-10 09:50:56,436 INFO  client.GrpcClientProtocolClient (GrpcClientProtocolClient.java:onNext(255)) - client-7D6108789623->f80c66c4-8a3d-47db-b3f8-20b0bcb8a3f5: receive RaftClientReply:client-7D6108789623->f80c66c4-8a3d-47db-b3f8-20b0bcb8a3f5@group-7D2873B646E2, cid=2248, SUCCESS, logIndex=3285, commits[f80c66c4-8a3d-47db-b3f8-20b0bcb8a3f5:c3285, 6e9bc0f4-a324-4be3-b201-2d39df7dad8a:c3281, cffe1303-2f93-4087-8a62-a40745db49f2:c3281]
2019-07-10 09:50:56,450 INFO  client.GrpcClientProtocolClient (GrpcClientProtocolClient.java:onNext(255)) - client-7D6108789623->f80c66c4-8a3d-47db-b3f8-20b0bcb8a3f5: receive RaftClientReply:client-7D6108789623->f80c66c4-8a3d-47db-b3f8-20b0bcb8a3f5@group-7D2873B646E2, cid=2249, SUCCESS, logIndex=0, commits[f80c66c4-8a3d-47db-b3f8-20b0bcb8a3f5:c3287, 6e9bc0f4-a324-4be3-b201-2d39df7dad8a:c3283, cffe1303-2f93-4087-8a62-a40745db49f2:c3283]
2019-07-10 09:50:56,472 INFO  client.GrpcClientProtocolClient (GrpcClientProtocolClient.java:onNext(255)) - client-7D6108789623->f80c66c4-8a3d-47db-b3f8-20b0bcb8a3f5: receive RaftClientReply:client-7D6108789623->f80c66c4-8a3d-47db-b3f8-20b0bcb8a3f5@group-7D2873B646E2, cid=2250, SUCCESS, logIndex=3290, commits[f80c66c4-8a3d-47db-b3f8-20b0bcb8a3f5:c3291, 6e9bc0f4-a324-4be3-b201-2d39df7dad8a:c3289, cffe1303-2f93-4087-8a62-a40745db49f2:c3289]
2019-07-10 09:50:56,472 INFO  client.GrpcClientProtocolClient (GrpcClientProtocolClient.java:onNext(255)) - client-7D6108789623->f80c66c4-8a3d-47db-b3f8-20b0bcb8a3f5: receive RaftClientReply:client-7D6108789623->f80c66c4-8a3d-47db-b3f8-20b0bcb8a3f5@group-7D2873B646E2, cid=2251, SUCCESS, logIndex=3291, commits[f80c66c4-8a3d-47db-b3f8-20b0bcb8a3f5:c3291, 6e9bc0f4-a324-4be3-b201-2d39df7dad8a:c3289, cffe1303-2f93-4087-8a62-a40745db49f2:c3289]
2019-07-10 09:50:56,491 INFO  client.GrpcClientProtocolClient (GrpcClientProtocolClient.java:onNext(255)) - client-7D6108789623->f80c66c4-8a3d-47db-b3f8-20b0bcb8a3f5: receive RaftClientReply:client-7D6108789623->f80c66c4-8a3d-47db-b3f8-20b0bcb8a3f5@group-7D2873B646E2, cid=2252, SUCCESS, logIndex=3294, commits[f80c66c4-8a3d-47db-b3f8-20b0bcb8a3f5:c3295, 6e9bc0f4-a324-4be3-b201-2d39df7dad8a:c3293, cffe1303-2f93-4087-8a62-a40745db49f2:c3293]
2019-07-10 09:50:56,491 INFO  client.GrpcClientProtocolClient (GrpcClientProtocolClient.java:onNext(255)) - client-7D6108789623->f80c66c4-8a3d-47db-b3f8-20b0bcb8a3f5: receive RaftClientReply:client-7D6108789623->f80c66c4-8a3d-47db-b3f8-20b0bcb8a3f5@group-7D2873B646E2, cid=2253, SUCCESS, logIndex=3295, commits[f80c66c4-8a3d-47db-b3f8-20b0bcb8a3f5:c3295, 6e9bc0f4-a324-4be3-b201-2d39df7dad8a:c3293, cffe1303-2f93-4087-8a62-a40745db49f2:c3293]
2019-07-10 09:50:56,507 INFO  client.GrpcClientProtocolClient (GrpcClientProtocolClient.java:onNext(255)) - client-7D6108789623->f80c66c4-8a3d-47db-b3f8-20b0bcb8a3f5: receive RaftClientReply:client-7D6108789623->f80c66c4-8a3d-47db-b3f8-20b0bcb8a3f5@group-7D2873B646E2, cid=2254, SUCCESS, logIndex=0, commits[f80c66c4-8a3d-47db-b3f8-20b0bcb8a3f5:c3297, 6e9bc0f4-a324-4be3-b201-2d39df7dad8a:c3295, cffe1303-2f93-4087-8a62-a40745db49f2:c3295]
2019-07-10 09:50:56,540 INFO  client.GrpcClientProtocolClient (GrpcClientProtocolClient.java:onNext(255)) - client-7D6108789623->f80c66c4-8a3d-47db-b3f8-20b0bcb8a3f5: receive RaftClientReply:client-7D6108789623->f80c66c4-8a3d-47db-b3f8-20b0bcb8a3f5@group-7D2873B646E2, cid=2255, SUCCESS, logIndex=3298, commits[f80c66c4-8a3d-47db-b3f8-20b0bcb8a3f5:c3299, 6e9bc0f4-a324-4be3-b201-2d39df7dad8a:c3297, cffe1303-2f93-4087-8a62-a40745db49f2:c3297]
2019-07-10 09:50:56,541 INFO  client.GrpcClientProtocolClient (GrpcClientProtocolClient.java:onNext(255)) - client-7D6108789623->f80c66c4-8a3d-47db-b3f8-20b0bcb8a3f5: receive RaftClientReply:client-7D6108789623->f80c66c4-8a3d-47db-b3f8-20b0bcb8a3f5@group-7D2873B646E2, cid=2256, SUCCESS, logIndex=3299, commits[f80c66c4-8a3d-47db-b3f8-20b0bcb8a3f5:c3299, 6e9bc0f4-a324-4be3-b201-2d39df7dad8a:c3297, cffe1303-2f93-4087-8a62-a40745db49f2:c3297]
2019-07-10 09:50:56,550 INFO  client.GrpcClientProtocolClient (GrpcClientProtocolClient.java:onNext(255)) - client-7D6108789623->f80c66c4-8a3d-47db-b3f8-20b0bcb8a3f5: receive RaftClientReply:client-7D6108789623->f80c66c4-8a3d-47db-b3f8-20b0bcb8a3f5@group-7D2873B646E2, cid=2257, SUCCESS, logIndex=3300, commits[f80c66c4-8a3d-47db-b3f8-20b0bcb8a3f5:c3301, 6e9bc0f4-a324-4be3-b201-2d39df7dad8a:c3297, cffe1303-2f93-4087-8a62-a40745db49f2:c3297]
2019-07-10 09:50:56,550 INFO  client.GrpcClientProtocolClient (GrpcClientProtocolClient.java:onNext(255)) - client-7D6108789623->f80c66c4-8a3d-47db-b3f8-20b0bcb8a3f5: receive RaftClientReply:client-7D6108789623->f80c66c4-8a3d-47db-b3f8-20b0bcb8a3f5@group-7D2873B646E2, cid=2258, SUCCESS, logIndex=3301, commits[f80c66c4-8a3d-47db-b3f8-20b0bcb8a3f5:c3302, 6e9bc0f4-a324-4be3-b201-2d39df7dad8a:c3298, cffe1303-2f93-4087-8a62-a40745db49f2:c3297]
2019-07-10 09:50:56,551 INFO  client.GrpcClientProtocolClient (GrpcClientProtocolClient.java:onNext(255)) - client-7D6108789623->f80c66c4-8a3d-47db-b3f8-20b0bcb8a3f5: receive RaftClientReply:client-7D6108789623->f80c66c4-8a3d-47db-b3f8-20b0bcb8a3f5@group-7D2873B646E2, cid=2259, SUCCESS, logIndex=0, commits[f80c66c4-8a3d-47db-b3f8-20b0bcb8a3f5:c3303, 6e9bc0f4-a324-4be3-b201-2d39df7dad8a:c3299, cffe1303-2f93-4087-8a62-a40745db49f2:c3299]
2019-07-10 09:50:56,581 INFO  client.GrpcClientProtocolClient (GrpcClientProtocolClient.java:onNext(255)) - client-7D6108789623->f80c66c4-8a3d-47db-b3f8-20b0bcb8a3f5: receive RaftClientReply:client-7D6108789623->f80c66c4-8a3d-47db-b3f8-20b0bcb8a3f5@group-7D2873B646E2, cid=2260, SUCCESS, logIndex=3306, commits[f80c66c4-8a3d-47db-b3f8-20b0bcb8a3f5:c3307, 6e9bc0f4-a324-4be3-b201-2d39df7dad8a:c3305, cffe1303-2f93-4087-8a62-a40745db49f2:c3305]
2019-07-10 09:50:56,581 INFO  client.GrpcClientProtocolClient (GrpcClientProtocolClient.java:onNext(255)) - client-7D6108789623->f80c66c4-8a3d-47db-b3f8-20b0bcb8a3f5: receive RaftClientReply:client-7D6108789623->f80c66c4-8a3d-47db-b3f8-20b0bcb8a3f5@group-7D2873B646E2, cid=2261, SUCCESS, logIndex=3307, commits[f80c66c4-8a3d-47db-b3f8-20b0bcb8a3f5:c3307, 6e9bc0f4-a324-4be3-b201-2d39df7dad8a:c3305, cffe1303-2f93-4087-8a62-a40745db49f2:c3305]
2019-07-10 09:50:56,604 INFO  client.GrpcClientProtocolClient (GrpcClientProtocolClient.java:onNext(255)) - client-7D6108789623->f80c66c4-8a3d-47db-b3f8-20b0bcb8a3f5: receive RaftClientReply:client-7D6108789623->f80c66c4-8a3d-47db-b3f8-20b0bcb8a3f5@group-7D2873B646E2, cid=2262, SUCCESS, logIndex=3310, commits[f80c66c4-8a3d-47db-b3f8-20b0bcb8a3f5:c3311, 6e9bc0f4-a324-4be3-b201-2d39df7dad8a:c3307, cffe1303-2f93-4087-8a62-a40745db49f2:c3307]
2019-07-10 09:50:56,604 INFO  client.GrpcClientProtocolClient (GrpcClientProtocolClient.java:onNext(255)) - client-7D6108789623->f80c66c4-8a3d-47db-b3f8-20b0bcb8a3f5: receive RaftClientReply:client-7D6108789623->f80c66c4-8a3d-47db-b3f8-20b0bcb8a3f5@group-7D2873B646E2, cid=2263, SUCCESS, logIndex=3311, commits[f80c66c4-8a3d-47db-b3f8-20b0bcb8a3f5:c3311, 6e9bc0f4-a324-4be3-b201-2d39df7dad8a:c3307, cffe1303-2f93-4087-8a62-a40745db49f2:c3307]
2019-07-10 09:50:56,617 INFO  client.GrpcClientProtocolClient (GrpcClientProtocolClient.java:onNext(255)) - client-7D6108789623->f80c66c4-8a3d-47db-b3f8-20b0bcb8a3f5: receive RaftClientReply:client-7D6108789623->f80c66c4-8a3d-47db-b3f8-20b0bcb8a3f5@group-7D2873B646E2, cid=2264, SUCCESS, logIndex=0, commits[f80c66c4-8a3d-47db-b3f8-20b0bcb8a3f5:c3312, 6e9bc0f4-a324-4be3-b201-2d39df7dad8a:c3311, cffe1303-2f93-4087-8a62-a40745db49f2:c3311]
2019-07-10 09:50:56,648 INFO  client.GrpcClientProtocolClient (GrpcClientProtocolClient.java:onNext(255)) - client-7D6108789623->f80c66c4-8a3d-47db-b3f8-20b0bcb8a3f5: receive RaftClientReply:client-7D6108789623->f80c66c4-8a3d-47db-b3f8-20b0bcb8a3f5@group-7D2873B646E2, cid=2265, SUCCESS, logIndex=3314, commits[f80c66c4-8a3d-47db-b3f8-20b0bcb8a3f5:c3315, 6e9bc0f4-a324-4be3-b201-2d39df7dad8a:c3313, cffe1303-2f93-4087-8a62-a40745db49f2:c3313]
2019-07-10 09:50:56,649 INFO  client.GrpcClientProtocolClient (GrpcClientProtocolClient.java:onNext(255)) - client-7D6108789623->f80c66c4-8a3d-47db-b3f8-20b0bcb8a3f5: receive RaftClientReply:client-7D6108789623->f80c66c4-8a3d-47db-b3f8-20b0bcb8a3f5@group-7D2873B646E2, cid=2266, SUCCESS, logIndex=3315, commits[f80c66c4-8a3d-47db-b3f8-20b0bcb8a3f5:c3315, 6e9bc0f4-a324-4be3-b201-2d39df7dad8a:c3313, cffe1303-2f93-4087-8a62-a40745db49f2:c3313]
2019-07-10 09:50:56,656 INFO  client.GrpcClientProtocolClient (GrpcClientProtocolClient.java:onNext(255)) - client-7D6108789623->f80c66c4-8a3d-47db-b3f8-20b0bcb8a3f5: receive RaftClientReply:client-7D6108789623->f80c66c4-8a3d-47db-b3f8-20b0bcb8a3f5@group-7D2873B646E2, cid=2267, SUCCESS, logIndex=3316, commits[f80c66c4-8a3d-47db-b3f8-20b0bcb8a3f5:c3317, 6e9bc0f4-a324-4be3-b201-2d39df7dad8a:c3313, cffe1303-2f93-4087-8a62-a40745db49f2:c3313]
2019-07-10 09:50:56,657 INFO  client.GrpcClientProtocolClient (GrpcClientProtocolClient.java:onNext(255)) - client-7D6108789623->f80c66c4-8a3d-47db-b3f8-20b0bcb8a3f5: receive RaftClientReply:client-7D6108789623->f80c66c4-8a3d-47db-b3f8-20b0bcb8a3f5@group-7D2873B646E2, cid=2268, SUCCESS, logIndex=3317, commits[f80c66c4-8a3d-47db-b3f8-20b0bcb8a3f5:c3317, 6e9bc0f4-a324-4be3-b201-2d39df7dad8a:c3313, cffe1303-2f93-4087-8a62-a40745db49f2:c3313]
2019-07-10 09:50:56,660 INFO  client.GrpcClientProtocolClient (GrpcClientProtocolClient.java:onNext(255)) - client-7D6108789623->f80c66c4-8a3d-47db-b3f8-20b0bcb8a3f5: receive RaftClientReply:client-7D6108789623->f80c66c4-8a3d-47db-b3f8-20b0bcb8a3f5@group-7D2873B646E2, cid=2269, SUCCESS, logIndex=0, commits[f80c66c4-8a3d-47db-b3f8-20b0bcb8a3f5:c3320, 6e9bc0f4-a324-4be3-b201-2d39df7dad8a:c3315, cffe1303-2f93-4087-8a62-a40745db49f2:c3317]
2019-07-10 09:50:56,681 INFO  client.GrpcClientProtocolClient (GrpcClientProtocolClient.java:onNext(255)) - client-7D6108789623->f80c66c4-8a3d-47db-b3f8-20b0bcb8a3f5: receive RaftClientReply:client-7D6108789623->f80c66c4-8a3d-47db-b3f8-20b0bcb8a3f5@group-7D2873B646E2, cid=2270, SUCCESS, logIndex=3321, commits[f80c66c4-8a3d-47db-b3f8-20b0bcb8a3f5:c3322, 6e9bc0f4-a324-4be3-b201-2d39df7dad8a:c3317, cffe1303-2f93-4087-8a62-a40745db49f2:c3320]
2019-07-10 09:50:56,681 INFO  client.GrpcClientProtocolClient (GrpcClientProtocolClient.java:onNext(255)) - client-7D6108789623->f80c66c4-8a3d-47db-b3f8-20b0bcb8a3f5: receive RaftClientReply:client-7D6108789623->f80c66c4-8a3d-47db-b3f8-20b0bcb8a3f5@group-7D2873B646E2, cid=2271, SUCCESS, logIndex=3322, commits[f80c66c4-8a3d-47db-b3f8-20b0bcb8a3f5:c3322, 6e9bc0f4-a324-4be3-b201-2d39df7dad8a:c3320, cffe1303-2f93-4087-8a62-a40745db49f2:c3320]
2019-07-10 09:50:56,702 INFO  client.GrpcClientProtocolClient (GrpcClientProtocolClient.java:onNext(255)) - client-7D6108789623->f80c66c4-8a3d-47db-b3f8-20b0bcb8a3f5: receive RaftClientReply:client-7D6108789623->f80c66c4-8a3d-47db-b3f8-20b0bcb8a3f5@group-7D2873B646E2, cid=2272, SUCCESS, logIndex=3325, commits[f80c66c4-8a3d-47db-b3f8-20b0bcb8a3f5:c3326, 6e9bc0f4-a324-4be3-b201-2d39df7dad8a:c3322, cffe1303-2f93-4087-8a62-a40745db49f2:c3323]
2019-07-10 09:50:56,703 INFO  client.GrpcClientProtocolClient (GrpcClientProtocolClient.java:onNext(255)) - client-7D6108789623->f80c66c4-8a3d-47db-b3f8-20b0bcb8a3f5: receive RaftClientReply:client-7D6108789623->f80c66c4-8a3d-47db-b3f8-20b0bcb8a3f5@group-7D2873B646E2, cid=2273, SUCCESS, logIndex=3326, commits[f80c66c4-8a3d-47db-b3f8-20b0bcb8a3f5:c3326, 6e9bc0f4-a324-4be3-b201-2d39df7dad8a:c3323, cffe1303-2f93-4087-8a62-a40745db49f2:c3323]
2019-07-10 09:50:56,713 INFO  client.GrpcClientProtocolClient (GrpcClientProtocolClient.java:onNext(255)) - client-7D6108789623->f80c66c4-8a3d-47db-b3f8-20b0bcb8a3f5: receive RaftClientReply:client-7D6108789623->f80c66c4-8a3d-47db-b3f8-20b0bcb8a3f5@group-7D2873B646E2, cid=2274, SUCCESS, logIndex=0, commits[f80c66c4-8a3d-47db-b3f8-20b0bcb8a3f5:c3327, 6e9bc0f4-a324-4be3-b201-2d39df7dad8a:c3326, cffe1303-2f93-4087-8a62-a40745db49f2:c3326]
2019-07-10 09:50:56,743 INFO  client.GrpcClientProtocolClient (GrpcClientProtocolClient.java:onNext(255)) - client-7D6108789623->f80c66c4-8a3d-47db-b3f8-20b0bcb8a3f5: receive RaftClientReply:client-7D6108789623->f80c66c4-8a3d-47db-b3f8-20b0bcb8a3f5@group-7D2873B646E2, cid=2275, SUCCESS, logIndex=3329, commits[f80c66c4-8a3d-47db-b3f8-20b0bcb8a3f5:c3330, 6e9bc0f4-a324-4be3-b201-2d39df7dad8a:c3328, cffe1303-2f93-4087-8a62-a40745db49f2:c3328]
2019-07-10 09:50:56,744 INFO  client.GrpcClientProtocolClient (GrpcClientProtocolClient.java:onNext(255)) - client-7D6108789623->f80c66c4-8a3d-47db-b3f8-20b0bcb8a3f5: receive RaftClientReply:client-7D6108789623->f80c66c4-8a3d-47db-b3f8-20b0bcb8a3f5@group-7D2873B646E2, cid=2276, SUCCESS, logIndex=3330, commits[f80c66c4-8a3d-47db-b3f8-20b0bcb8a3f5:c3332, 6e9bc0f4-a324-4be3-b201-2d39df7dad8a:c3328, cffe1303-2f93-4087-8a62-a40745db49f2:c3328]
2019-07-10 09:50:56,744 INFO  client.GrpcClientProtocolClient (GrpcClientProtocolClient.java:onNext(255)) - client-7D6108789623->f80c66c4-8a3d-47db-b3f8-20b0bcb8a3f5: receive RaftClientReply:client-7D6108789623->f80c66c4-8a3d-47db-b3f8-20b0bcb8a3f5@group-7D2873B646E2, cid=2277, SUCCESS, logIndex=3331, commits[f80c66c4-8a3d-47db-b3f8-20b0bcb8a3f5:c3332, 6e9bc0f4-a324-4be3-b201-2d39df7dad8a:c3328, cffe1303-2f93-4087-8a62-a40745db49f2:c3328]
2019-07-10 09:50:56,744 INFO  client.GrpcClientProtocolClient (GrpcClientProtocolClient.java:onNext(255)) - client-7D6108789623->f80c66c4-8a3d-47db-b3f8-20b0bcb8a3f5: receive RaftClientReply:client-7D6108789623->f80c66c4-8a3d-47db-b3f8-20b0bcb8a3f5@group-7D2873B646E2, cid=2278, SUCCESS, logIndex=3332, commits[f80c66c4-8a3d-47db-b3f8-20b0bcb8a3f5:c3332, 6e9bc0f4-a324-4be3-b201-2d39df7dad8a:c3328, cffe1303-2f93-4087-8a62-a40745db49f2:c3328]
2019-07-10 09:50:56,751 INFO  client.GrpcClientProtocolClient (GrpcClientProtocolClient.java:onNext(255)) - client-7D6108789623->f80c66c4-8a3d-47db-b3f8-20b0bcb8a3f5: receive RaftClientReply:client-7D6108789623->f80c66c4-8a3d-47db-b3f8-20b0bcb8a3f5@group-7D2873B646E2, cid=2279, SUCCESS, logIndex=0, commits[f80c66c4-8a3d-47db-b3f8-20b0bcb8a3f5:c3333, 6e9bc0f4-a324-4be3-b201-2d39df7dad8a:c3330, cffe1303-2f93-4087-8a62-a40745db49f2:c3330]
2019-07-10 09:50:56,763 INFO  client.GrpcClientProtocolClient (GrpcClientProtocolClient.java:onNext(255)) - client-7D6108789623->f80c66c4-8a3d-47db-b3f8-20b0bcb8a3f5: receive RaftClientReply:client-7D6108789623->f80c66c4-8a3d-47db-b3f8-20b0bcb8a3f5@group-7D2873B646E2, cid=2280, SUCCESS, logIndex=3337, commits[f80c66c4-8a3d-47db-b3f8-20b0bcb8a3f5:c3338, 6e9bc0f4-a324-4be3-b201-2d39df7dad8a:c3336, cffe1303-2f93-4087-8a62-a40745db49f2:c3336]
2019-07-10 09:50:56,763 INFO  client.GrpcClientProtocolClient (GrpcClientProtocolClient.java:onNext(255)) - client-7D6108789623->f80c66c4-8a3d-47db-b3f8-20b0bcb8a3f5: receive RaftClientReply:client-7D6108789623->f80c66c4-8a3d-47db-b3f8-20b0bcb8a3f5@group-7D2873B646E2, cid=2281, SUCCESS, logIndex=3338, commits[f80c66c4-8a3d-47db-b3f8-20b0bcb8a3f5:c3338, 6e9bc0f4-a324-4be3-b201-2d39df7dad8a:c3336, cffe1303-2f93-4087-8a62-a40745db49f2:c3336]
2019-07-10 09:50:56,784 INFO  client.GrpcClientProtocolClient (GrpcClientProtocolClient.java:onNext(255)) - client-7D6108789623->f80c66c4-8a3d-47db-b3f8-20b0bcb8a3f5: receive RaftClientReply:client-7D6108789623->f80c66c4-8a3d-47db-b3f8-20b0bcb8a3f5@group-7D2873B646E2, cid=2282, SUCCESS, logIndex=3341, commits[f80c66c4-8a3d-47db-b3f8-20b0bcb8a3f5:c3342, 6e9bc0f4-a324-4be3-b201-2d39df7dad8a:c3338, cffe1303-2f93-4087-8a62-a40745db49f2:c3338]
2019-07-10 09:50:56,785 INFO  client.GrpcClientProtocolClient (GrpcClientProtocolClient.java:onNext(255)) - client-7D6108789623->f80c66c4-8a3d-47db-b3f8-20b0bcb8a3f5: receive RaftClientReply:client-7D6108789623->f80c66c4-8a3d-47db-b3f8-20b0bcb8a3f5@group-7D2873B646E2, cid=2283, SUCCESS, logIndex=3342, commits[f80c66c4-8a3d-47db-b3f8-20b0bcb8a3f5:c3342, 6e9bc0f4-a324-4be3-b201-2d39df7dad8a:c3338, cffe1303-2f93-4087-8a62-a40745db49f2:c3338]
2019-07-10 09:50:56,798 INFO  client.GrpcClientProtocolClient (GrpcClientProtocolClient.java:onNext(255)) - client-7D6108789623->f80c66c4-8a3d-47db-b3f8-20b0bcb8a3f5: receive RaftClientReply:client-7D6108789623->f80c66c4-8a3d-47db-b3f8-20b0bcb8a3f5@group-7D2873B646E2, cid=2284, SUCCESS, logIndex=0, commits[f80c66c4-8a3d-47db-b3f8-20b0bcb8a3f5:c3344, 6e9bc0f4-a324-4be3-b201-2d39df7dad8a:c3342, cffe1303-2f93-4087-8a62-a40745db49f2:c3342]
2019-07-10 09:50:56,824 INFO  client.GrpcClientProtocolClient (GrpcClientProtocolClient.java:onNext(255)) - client-7D6108789623->f80c66c4-8a3d-47db-b3f8-20b0bcb8a3f5: receive RaftClientReply:client-7D6108789623->f80c66c4-8a3d-47db-b3f8-20b0bcb8a3f5@group-7D2873B646E2, cid=2285, SUCCESS, logIndex=3345, commits[f80c66c4-8a3d-47db-b3f8-20b0bcb8a3f5:c3346, 6e9bc0f4-a324-4be3-b201-2d39df7dad8a:c3344, cffe1303-2f93-4087-8a62-a40745db49f2:c3344]
2019-07-10 09:50:56,825 INFO  client.GrpcClientProtocolClient (GrpcClientProtocolClient.java:onNext(255)) - client-7D6108789623->f80c66c4-8a3d-47db-b3f8-20b0bcb8a3f5: receive RaftClientReply:client-7D6108789623->f80c66c4-8a3d-47db-b3f8-20b0bcb8a3f5@group-7D2873B646E2, cid=2286, SUCCESS, logIndex=3346, commits[f80c66c4-8a3d-47db-b3f8-20b0bcb8a3f5:c3346, 6e9bc0f4-a324-4be3-b201-2d39df7dad8a:c3344, cffe1303-2f93-4087-8a62-a40745db49f2:c3344]
2019-07-10 09:50:56,835 INFO  client.GrpcClientProtocolClient (GrpcClientProtocolClient.java:onNext(255)) - client-7D6108789623->f80c66c4-8a3d-47db-b3f8-20b0bcb8a3f5: receive RaftClientReply:client-7D6108789623->f80c66c4-8a3d-47db-b3f8-20b0bcb8a3f5@group-7D2873B646E2, cid=2287, SUCCESS, logIndex=3347, commits[f80c66c4-8a3d-47db-b3f8-20b0bcb8a3f5:c3348, 6e9bc0f4-a324-4be3-b201-2d39df7dad8a:c3344, cffe1303-2f93-4087-8a62-a40745db49f2:c3344]
2019-07-10 09:50:56,836 INFO  client.GrpcClientProtocolClient (GrpcClientProtocolClient.java:onNext(255)) - client-7D6108789623->f80c66c4-8a3d-47db-b3f8-20b0bcb8a3f5: receive RaftClientReply:client-7D6108789623->f80c66c4-8a3d-47db-b3f8-20b0bcb8a3f5@group-7D2873B646E2, cid=2288, SUCCESS, logIndex=3348, commits[f80c66c4-8a3d-47db-b3f8-20b0bcb8a3f5:c3348, 6e9bc0f4-a324-4be3-b201-2d39df7dad8a:c3344, cffe1303-2f93-4087-8a62-a40745db49f2:c3344]
2019-07-10 09:50:56,844 INFO  client.GrpcClientProtocolClient (GrpcClientProtocolClient.java:onNext(255)) - client-7D6108789623->f80c66c4-8a3d-47db-b3f8-20b0bcb8a3f5: receive RaftClientReply:client-7D6108789623->f80c66c4-8a3d-47db-b3f8-20b0bcb8a3f5@group-7D2873B646E2, cid=2289, SUCCESS, logIndex=0, commits[f80c66c4-8a3d-47db-b3f8-20b0bcb8a3f5:c3349, 6e9bc0f4-a324-4be3-b201-2d39df7dad8a:c3346, cffe1303-2f93-4087-8a62-a40745db49f2:c3346]
2019-07-10 09:50:56,861 INFO  client.GrpcClientProtocolClient (GrpcClientProtocolClient.java:onNext(255)) - client-7D6108789623->f80c66c4-8a3d-47db-b3f8-20b0bcb8a3f5: receive RaftClientReply:client-7D6108789623->f80c66c4-8a3d-47db-b3f8-20b0bcb8a3f5@group-7D2873B646E2, cid=2290, SUCCESS, logIndex=3353, commits[f80c66c4-8a3d-47db-b3f8-20b0bcb8a3f5:c3353, 6e9bc0f4-a324-4be3-b201-2d39df7dad8a:c3352, cffe1303-2f93-4087-8a62-a40745db49f2:c3352]
2019-07-10 09:50:56,861 INFO  client.GrpcClientProtocolClient (GrpcClientProtocolClient.java:onNext(255)) - client-7D6108789623->f80c66c4-8a3d-47db-b3f8-20b0bcb8a3f5: receive RaftClientReply:client-7D6108789623->f80c66c4-8a3d-47db-b3f8-20b0bcb8a3f5@group-7D2873B646E2, cid=2291, SUCCESS, logIndex=3354, commits[f80c66c4-8a3d-47db-b3f8-20b0bcb8a3f5:c3354, 6e9bc0f4-a324-4be3-b201-2d39df7dad8a:c3352, cffe1303-2f93-4087-8a62-a40745db49f2:c3352]
2019-07-10 09:50:56,885 INFO  client.GrpcClientProtocolClient (GrpcClientProtocolClient.java:onNext(255)) - client-7D6108789623->f80c66c4-8a3d-47db-b3f8-20b0bcb8a3f5: receive RaftClientReply:client-7D6108789623->f80c66c4-8a3d-47db-b3f8-20b0bcb8a3f5@group-7D2873B646E2, cid=2292, SUCCESS, logIndex=3357, commits[f80c66c4-8a3d-47db-b3f8-20b0bcb8a3f5:c3358, 6e9bc0f4-a324-4be3-b201-2d39df7dad8a:c3354, cffe1303-2f93-4087-8a62-a40745db49f2:c3354]
2019-07-10 09:50:56,885 INFO  client.GrpcClientProtocolClient (GrpcClientProtocolClient.java:onNext(255)) - client-7D6108789623->f80c66c4-8a3d-47db-b3f8-20b0bcb8a3f5: receive RaftClientReply:client-7D6108789623->f80c66c4-8a3d-47db-b3f8-20b0bcb8a3f5@group-7D2873B646E2, cid=2293, SUCCESS, logIndex=3358, commits[f80c66c4-8a3d-47db-b3f8-20b0bcb8a3f5:c3358, 6e9bc0f4-a324-4be3-b201-2d39df7dad8a:c3354, cffe1303-2f93-4087-8a62-a40745db49f2:c3354]
2019-07-10 09:50:56,906 INFO  client.GrpcClientProtocolClient (GrpcClientProtocolClient.java:onNext(255)) - client-7D6108789623->f80c66c4-8a3d-47db-b3f8-20b0bcb8a3f5: receive RaftClientReply:client-7D6108789623->f80c66c4-8a3d-47db-b3f8-20b0bcb8a3f5@group-7D2873B646E2, cid=2294, SUCCESS, logIndex=0, commits[f80c66c4-8a3d-47db-b3f8-20b0bcb8a3f5:c3359, 6e9bc0f4-a324-4be3-b201-2d39df7dad8a:c3358, cffe1303-2f93-4087-8a62-a40745db49f2:c3358]
2019-07-10 09:50:56,943 INFO  client.GrpcClientProtocolClient (GrpcClientProtocolClient.java:onNext(255)) - client-7D6108789623->f80c66c4-8a3d-47db-b3f8-20b0bcb8a3f5: receive RaftClientReply:client-7D6108789623->f80c66c4-8a3d-47db-b3f8-20b0bcb8a3f5@group-7D2873B646E2, cid=2295, SUCCESS, logIndex=3361, commits[f80c66c4-8a3d-47db-b3f8-20b0bcb8a3f5:c3364, 6e9bc0f4-a324-4be3-b201-2d39df7dad8a:c3360, cffe1303-2f93-4087-8a62-a40745db49f2:c3360]
2019-07-10 09:50:56,944 INFO  client.GrpcClientProtocolClient (GrpcClientProtocolClient.java:onNext(255)) - client-7D6108789623->f80c66c4-8a3d-47db-b3f8-20b0bcb8a3f5: receive RaftClientReply:client-7D6108789623->f80c66c4-8a3d-47db-b3f8-20b0bcb8a3f5@group-7D2873B646E2, cid=2296, SUCCESS, logIndex=3362, commits[f80c66c4-8a3d-47db-b3f8-20b0bcb8a3f5:c3364, 6e9bc0f4-a324-4be3-b201-2d39df7dad8a:c3360, cffe1303-2f93-4087-8a62-a40745db49f2:c3360]
2019-07-10 09:50:56,944 INFO  client.GrpcClientProtocolClient (GrpcClientProtocolClient.java:onNext(255)) - client-7D6108789623->f80c66c4-8a3d-47db-b3f8-20b0bcb8a3f5: receive RaftClientReply:client-7D6108789623->f80c66c4-8a3d-47db-b3f8-20b0bcb8a3f5@group-7D2873B646E2, cid=2297, SUCCESS, logIndex=3363, commits[f80c66c4-8a3d-47db-b3f8-20b0bcb8a3f5:c3364, 6e9bc0f4-a324-4be3-b201-2d39df7dad8a:c3360, cffe1303-2f93-4087-8a62-a40745db49f2:c3360]
2019-07-10 09:50:56,945 INFO  client.GrpcClientProtocolClient (GrpcClientProtocolClient.java:onNext(255)) - client-7D6108789623->f80c66c4-8a3d-47db-b3f8-20b0bcb8a3f5: receive RaftClientReply:client-7D6108789623->f80c66c4-8a3d-47db-b3f8-20b0bcb8a3f5@group-7D2873B646E2, cid=2298, SUCCESS, logIndex=3364, commits[f80c66c4-8a3d-47db-b3f8-20b0bcb8a3f5:c3364, 6e9bc0f4-a324-4be3-b201-2d39df7dad8a:c3360, cffe1303-2f93-4087-8a62-a40745db49f2:c3360]
2019-07-10 09:50:56,961 INFO  client.GrpcClientProtocolClient (GrpcClientProtocolClient.java:onNext(255)) - client-7D6108789623->f80c66c4-8a3d-47db-b3f8-20b0bcb8a3f5: receive RaftClientReply:client-7D6108789623->f80c66c4-8a3d-47db-b3f8-20b0bcb8a3f5@group-7D2873B646E2, cid=2299, SUCCESS, logIndex=0, commits[f80c66c4-8a3d-47db-b3f8-20b0bcb8a3f5:c3365, 6e9bc0f4-a324-4be3-b201-2d39df7dad8a:c3362, cffe1303-2f93-4087-8a62-a40745db49f2:c3362]
2019-07-10 09:50:56,982 INFO  client.GrpcClientProtocolClient (GrpcClientProtocolClient.java:onNext(255)) - client-7D6108789623->f80c66c4-8a3d-47db-b3f8-20b0bcb8a3f5: receive RaftClientReply:client-7D6108789623->f80c66c4-8a3d-47db-b3f8-20b0bcb8a3f5@group-7D2873B646E2, cid=2300, SUCCESS, logIndex=3369, commits[f80c66c4-8a3d-47db-b3f8-20b0bcb8a3f5:c3370, 6e9bc0f4-a324-4be3-b201-2d39df7dad8a:c3366, cffe1303-2f93-4087-8a62-a40745db49f2:c3364]
2019-07-10 09:50:56,983 INFO  client.GrpcClientProtocolClient (GrpcClientProtocolClient.java:onNext(255)) - client-7D6108789623->f80c66c4-8a3d-47db-b3f8-20b0bcb8a3f5: receive RaftClientReply:client-7D6108789623->f80c66c4-8a3d-47db-b3f8-20b0bcb8a3f5@group-7D2873B646E2, cid=2301, SUCCESS, logIndex=3370, commits[f80c66c4-8a3d-47db-b3f8-20b0bcb8a3f5:c3370, 6e9bc0f4-a324-4be3-b201-2d39df7dad8a:c3366, cffe1303-2f93-4087-8a62-a40745db49f2:c3366]
2019-07-10 09:50:57,007 INFO  client.GrpcClientProtocolClient (GrpcClientProtocolClient.java:onNext(255)) - client-7D6108789623->f80c66c4-8a3d-47db-b3f8-20b0bcb8a3f5: receive RaftClientReply:client-7D6108789623->f80c66c4-8a3d-47db-b3f8-20b0bcb8a3f5@group-7D2873B646E2, cid=2302, SUCCESS, logIndex=3373, commits[f80c66c4-8a3d-47db-b3f8-20b0bcb8a3f5:c3374, 6e9bc0f4-a324-4be3-b201-2d39df7dad8a:c3371, cffe1303-2f93-4087-8a62-a40745db49f2:c3370]
2019-07-10 09:50:57,007 INFO  client.GrpcClientProtocolClient (GrpcClientProtocolClient.java:onNext(255)) - client-7D6108789623->f80c66c4-8a3d-47db-b3f8-20b0bcb8a3f5: receive RaftClientReply:client-7D6108789623->f80c66c4-8a3d-47db-b3f8-20b0bcb8a3f5@group-7D2873B646E2, cid=2303, SUCCESS, logIndex=3374, commits[f80c66c4-8a3d-47db-b3f8-20b0bcb8a3f5:c3374, 6e9bc0f4-a324-4be3-b201-2d39df7dad8a:c3371, cffe1303-2f93-4087-8a62-a40745db49f2:c3371]
2019-07-10 09:50:57,124 INFO  client.GrpcClientProtocolClient (GrpcClientProtocolClient.java:onNext(255)) - client-7D6108789623->f80c66c4-8a3d-47db-b3f8-20b0bcb8a3f5: receive RaftClientReply:client-7D6108789623->f80c66c4-8a3d-47db-b3f8-20b0bcb8a3f5@group-7D2873B646E2, cid=2304, SUCCESS, logIndex=0, commits[f80c66c4-8a3d-47db-b3f8-20b0bcb8a3f5:c3376, 6e9bc0f4-a324-4be3-b201-2d39df7dad8a:c3374, cffe1303-2f93-4087-8a62-a40745db49f2:c3374]
2019-07-10 09:50:57,153 INFO  client.GrpcClientProtocolClient (GrpcClientProtocolClient.java:onNext(255)) - client-7D6108789623->f80c66c4-8a3d-47db-b3f8-20b0bcb8a3f5: receive RaftClientReply:client-7D6108789623->f80c66c4-8a3d-47db-b3f8-20b0bcb8a3f5@group-7D2873B646E2, cid=2305, SUCCESS, logIndex=3377, commits[f80c66c4-8a3d-47db-b3f8-20b0bcb8a3f5:c3380, 6e9bc0f4-a324-4be3-b201-2d39df7dad8a:c3376, cffe1303-2f93-4087-8a62-a40745db49f2:c3376]
2019-07-10 09:50:57,154 INFO  client.GrpcClientProtocolClient (GrpcClientProtocolClient.java:onNext(255)) - client-7D6108789623->f80c66c4-8a3d-47db-b3f8-20b0bcb8a3f5: receive RaftClientReply:client-7D6108789623->f80c66c4-8a3d-47db-b3f8-20b0bcb8a3f5@group-7D2873B646E2, cid=2306, SUCCESS, logIndex=3378, commits[f80c66c4-8a3d-47db-b3f8-20b0bcb8a3f5:c3380, 6e9bc0f4-a324-4be3-b201-2d39df7dad8a:c3376, cffe1303-2f93-4087-8a62-a40745db49f2:c3376]
2019-07-10 09:50:57,155 INFO  client.GrpcClientProtocolClient (GrpcClientProtocolClient.java:onNext(255)) - client-7D6108789623->f80c66c4-8a3d-47db-b3f8-20b0bcb8a3f5: receive RaftClientReply:client-7D6108789623->f80c66c4-8a3d-47db-b3f8-20b0bcb8a3f5@group-7D2873B646E2, cid=2307, SUCCESS, logIndex=3379, commits[f80c66c4-8a3d-47db-b3f8-20b0bcb8a3f5:c3381, 6e9bc0f4-a324-4be3-b201-2d39df7dad8a:c3377, cffe1303-2f93-4087-8a62-a40745db49f2:c3376]
2019-07-10 09:50:57,155 INFO  client.GrpcClientProtocolClient (GrpcClientProtocolClient.java:onNext(255)) - client-7D6108789623->f80c66c4-8a3d-47db-b3f8-20b0bcb8a3f5: receive RaftClientReply:client-7D6108789623->f80c66c4-8a3d-47db-b3f8-20b0bcb8a3f5@group-7D2873B646E2, cid=2308, SUCCESS, logIndex=3380, commits[f80c66c4-8a3d-47db-b3f8-20b0bcb8a3f5:c3381, 6e9bc0f4-a324-4be3-b201-2d39df7dad8a:c3377, cffe1303-2f93-4087-8a62-a40745db49f2:c3376]
2019-07-10 09:50:57,158 INFO  client.GrpcClientProtocolClient (GrpcClientProtocolClient.java:onNext(255)) - client-7D6108789623->f80c66c4-8a3d-47db-b3f8-20b0bcb8a3f5: receive RaftClientReply:client-7D6108789623->f80c66c4-8a3d-47db-b3f8-20b0bcb8a3f5@group-7D2873B646E2, cid=2309, SUCCESS, logIndex=0, commits[f80c66c4-8a3d-47db-b3f8-20b0bcb8a3f5:c3382, 6e9bc0f4-a324-4be3-b201-2d39df7dad8a:c3379, cffe1303-2f93-4087-8a62-a40745db49f2:c3379]
2019-07-10 09:50:57,180 INFO  client.GrpcClientProtocolClient (GrpcClientProtocolClient.java:onNext(255)) - client-7D6108789623->f80c66c4-8a3d-47db-b3f8-20b0bcb8a3f5: receive RaftClientReply:client-7D6108789623->f80c66c4-8a3d-47db-b3f8-20b0bcb8a3f5@group-7D2873B646E2, cid=2310, SUCCESS, logIndex=3385, commits[f80c66c4-8a3d-47db-b3f8-20b0bcb8a3f5:c3386, 6e9bc0f4-a324-4be3-b201-2d39df7dad8a:c3384, cffe1303-2f93-4087-8a62-a40745db49f2:c3384]
2019-07-10 09:50:57,180 INFO  client.GrpcClientProtocolClient (GrpcClientProtocolClient.java:onNext(255)) - client-7D6108789623->f80c66c4-8a3d-47db-b3f8-20b0bcb8a3f5: receive RaftClientReply:client-7D6108789623->f80c66c4-8a3d-47db-b3f8-20b0bcb8a3f5@group-7D2873B646E2, cid=2311, SUCCESS, logIndex=3386, commits[f80c66c4-8a3d-47db-b3f8-20b0bcb8a3f5:c3386, 6e9bc0f4-a324-4be3-b201-2d39df7dad8a:c3384, cffe1303-2f93-4087-8a62-a40745db49f2:c3384]
 0.00% |█                                                                                                    |  0/1 Time: 0:00:212019-07-10 09:50:57,202 INFO  client.GrpcClientProtocolClient (GrpcClientProtocolClient.java:onNext(255)) - client-7D6108789623->f80c66c4-8a3d-47db-b3f8-20b0bcb8a3f5: receive RaftClientReply:client-7D6108789623->f80c66c4-8a3d-47db-b3f8-20b0bcb8a3f5@group-7D2873B646E2, cid=2312, SUCCESS, logIndex=3389, commits[f80c66c4-8a3d-47db-b3f8-20b0bcb8a3f5:c3390, 6e9bc0f4-a324-4be3-b201-2d39df7dad8a:c3388, cffe1303-2f93-4087-8a62-a40745db49f2:c3386]
2019-07-10 09:50:57,203 INFO  client.GrpcClientProtocolClient (GrpcClientProtocolClient.java:onNext(255)) - client-7D6108789623->f80c66c4-8a3d-47db-b3f8-20b0bcb8a3f5: receive RaftClientReply:client-7D6108789623->f80c66c4-8a3d-47db-b3f8-20b0bcb8a3f5@group-7D2873B646E2, cid=2313, SUCCESS, logIndex=3390, commits[f80c66c4-8a3d-47db-b3f8-20b0bcb8a3f5:c3390, 6e9bc0f4-a324-4be3-b201-2d39df7dad8a:c3388, cffe1303-2f93-4087-8a62-a40745db49f2:c3388]
2019-07-10 09:50:57,214 INFO  client.GrpcClientProtocolClient (GrpcClientProtocolClient.java:onNext(255)) - client-7D6108789623->f80c66c4-8a3d-47db-b3f8-20b0bcb8a3f5: receive RaftClientReply:client-7D6108789623->f80c66c4-8a3d-47db-b3f8-20b0bcb8a3f5@group-7D2873B646E2, cid=2314, SUCCESS, logIndex=0, commits[f80c66c4-8a3d-47db-b3f8-20b0bcb8a3f5:c3391, 6e9bc0f4-a324-4be3-b201-2d39df7dad8a:c3390, cffe1303-2f93-4087-8a62-a40745db49f2:c3390]
2019-07-10 09:50:57,245 INFO  client.GrpcClientProtocolClient (GrpcClientProtocolClient.java:onNext(255)) - client-7D6108789623->f80c66c4-8a3d-47db-b3f8-20b0bcb8a3f5: receive RaftClientReply:client-7D6108789623->f80c66c4-8a3d-47db-b3f8-20b0bcb8a3f5@group-7D2873B646E2, cid=2315, SUCCESS, logIndex=3393, commits[f80c66c4-8a3d-47db-b3f8-20b0bcb8a3f5:c3394, 6e9bc0f4-a324-4be3-b201-2d39df7dad8a:c3392, cffe1303-2f93-4087-8a62-a40745db49f2:c3392]
2019-07-10 09:50:57,245 INFO  client.GrpcClientProtocolClient (GrpcClientProtocolClient.java:onNext(255)) - client-7D6108789623->f80c66c4-8a3d-47db-b3f8-20b0bcb8a3f5: receive RaftClientReply:client-7D6108789623->f80c66c4-8a3d-47db-b3f8-20b0bcb8a3f5@group-7D2873B646E2, cid=2316, SUCCESS, logIndex=3394, commits[f80c66c4-8a3d-47db-b3f8-20b0bcb8a3f5:c3396, 6e9bc0f4-a324-4be3-b201-2d39df7dad8a:c3392, cffe1303-2f93-4087-8a62-a40745db49f2:c3392]
2019-07-10 09:50:57,246 INFO  client.GrpcClientProtocolClient (GrpcClientProtocolClient.java:onNext(255)) - client-7D6108789623->f80c66c4-8a3d-47db-b3f8-20b0bcb8a3f5: receive RaftClientReply:client-7D6108789623->f80c66c4-8a3d-47db-b3f8-20b0bcb8a3f5@group-7D2873B646E2, cid=2317, SUCCESS, logIndex=3395, commits[f80c66c4-8a3d-47db-b3f8-20b0bcb8a3f5:c3396, 6e9bc0f4-a324-4be3-b201-2d39df7dad8a:c3392, cffe1303-2f93-4087-8a62-a40745db49f2:c3392]
2019-07-10 09:50:57,246 INFO  client.GrpcClientProtocolClient (GrpcClientProtocolClient.java:onNext(255)) - client-7D6108789623->f80c66c4-8a3d-47db-b3f8-20b0bcb8a3f5: receive RaftClientReply:client-7D6108789623->f80c66c4-8a3d-47db-b3f8-20b0bcb8a3f5@group-7D2873B646E2, cid=2318, SUCCESS, logIndex=3396, commits[f80c66c4-8a3d-47db-b3f8-20b0bcb8a3f5:c3396, 6e9bc0f4-a324-4be3-b201-2d39df7dad8a:c3392, cffe1303-2f93-4087-8a62-a40745db49f2:c3392]
2019-07-10 09:50:57,257 INFO  client.GrpcClientProtocolClient (GrpcClientProtocolClient.java:onNext(255)) - client-7D6108789623->f80c66c4-8a3d-47db-b3f8-20b0bcb8a3f5: receive RaftClientReply:client-7D6108789623->f80c66c4-8a3d-47db-b3f8-20b0bcb8a3f5@group-7D2873B646E2, cid=2319, SUCCESS, logIndex=0, commits[f80c66c4-8a3d-47db-b3f8-20b0bcb8a3f5:c3399, 6e9bc0f4-a324-4be3-b201-2d39df7dad8a:c3396, cffe1303-2f93-4087-8a62-a40745db49f2:c3394]
2019-07-10 09:50:57,270 INFO  client.GrpcClientProtocolClient (GrpcClientProtocolClient.java:onNext(255)) - client-7D6108789623->f80c66c4-8a3d-47db-b3f8-20b0bcb8a3f5: receive RaftClientReply:client-7D6108789623->f80c66c4-8a3d-47db-b3f8-20b0bcb8a3f5@group-7D2873B646E2, cid=2320, SUCCESS, logIndex=3401, commits[f80c66c4-8a3d-47db-b3f8-20b0bcb8a3f5:c3402, 6e9bc0f4-a324-4be3-b201-2d39df7dad8a:c3400, cffe1303-2f93-4087-8a62-a40745db49f2:c3400]
2019-07-10 09:50:57,270 INFO  client.GrpcClientProtocolClient (GrpcClientProtocolClient.java:onNext(255)) - client-7D6108789623->f80c66c4-8a3d-47db-b3f8-20b0bcb8a3f5: receive RaftClientReply:client-7D6108789623->f80c66c4-8a3d-47db-b3f8-20b0bcb8a3f5@group-7D2873B646E2, cid=2321, SUCCESS, logIndex=3402, commits[f80c66c4-8a3d-47db-b3f8-20b0bcb8a3f5:c3402, 6e9bc0f4-a324-4be3-b201-2d39df7dad8a:c3400, cffe1303-2f93-4087-8a62-a40745db49f2:c3400]
2019-07-10 09:50:57,282 INFO  client.GrpcClientProtocolClient (GrpcClientProtocolClient.java:onNext(255)) - client-7D6108789623->f80c66c4-8a3d-47db-b3f8-20b0bcb8a3f5: receive RaftClientReply:client-7D6108789623->f80c66c4-8a3d-47db-b3f8-20b0bcb8a3f5@group-7D2873B646E2, cid=2322, SUCCESS, logIndex=3405, commits[f80c66c4-8a3d-47db-b3f8-20b0bcb8a3f5:c3406, 6e9bc0f4-a324-4be3-b201-2d39df7dad8a:c3402, cffe1303-2f93-4087-8a62-a40745db49f2:c3402]
2019-07-10 09:50:57,283 INFO  client.GrpcClientProtocolClient (GrpcClientProtocolClient.java:onNext(255)) - client-7D6108789623->f80c66c4-8a3d-47db-b3f8-20b0bcb8a3f5: receive RaftClientReply:client-7D6108789623->f80c66c4-8a3d-47db-b3f8-20b0bcb8a3f5@group-7D2873B646E2, cid=2323, SUCCESS, logIndex=3406, commits[f80c66c4-8a3d-47db-b3f8-20b0bcb8a3f5:c3406, 6e9bc0f4-a324-4be3-b201-2d39df7dad8a:c3402, cffe1303-2f93-4087-8a62-a40745db49f2:c3402]
2019-07-10 09:50:57,306 INFO  client.GrpcClientProtocolClient (GrpcClientProtocolClient.java:onNext(255)) - client-7D6108789623->f80c66c4-8a3d-47db-b3f8-20b0bcb8a3f5: receive RaftClientReply:client-7D6108789623->f80c66c4-8a3d-47db-b3f8-20b0bcb8a3f5@group-7D2873B646E2, cid=2324, SUCCESS, logIndex=0, commits[f80c66c4-8a3d-47db-b3f8-20b0bcb8a3f5:c3408, 6e9bc0f4-a324-4be3-b201-2d39df7dad8a:c3406, cffe1303-2f93-4087-8a62-a40745db49f2:c3406]
2019-07-10 09:50:57,338 INFO  client.GrpcClientProtocolClient (GrpcClientProtocolClient.java:onNext(255)) - client-7D6108789623->f80c66c4-8a3d-47db-b3f8-20b0bcb8a3f5: receive RaftClientReply:client-7D6108789623->f80c66c4-8a3d-47db-b3f8-20b0bcb8a3f5@group-7D2873B646E2, cid=2325, SUCCESS, logIndex=3409, commits[f80c66c4-8a3d-47db-b3f8-20b0bcb8a3f5:c3410, 6e9bc0f4-a324-4be3-b201-2d39df7dad8a:c3408, cffe1303-2f93-4087-8a62-a40745db49f2:c3408]
2019-07-10 09:50:57,338 INFO  client.GrpcClientProtocolClient (GrpcClientProtocolClient.java:onNext(255)) - client-7D6108789623->f80c66c4-8a3d-47db-b3f8-20b0bcb8a3f5: receive RaftClientReply:client-7D6108789623->f80c66c4-8a3d-47db-b3f8-20b0bcb8a3f5@group-7D2873B646E2, cid=2326, SUCCESS, logIndex=3410, commits[f80c66c4-8a3d-47db-b3f8-20b0bcb8a3f5:c3410, 6e9bc0f4-a324-4be3-b201-2d39df7dad8a:c3408, cffe1303-2f93-4087-8a62-a40745db49f2:c3408]
2019-07-10 09:50:57,346 INFO  client.GrpcClientProtocolClient (GrpcClientProtocolClient.java:onNext(255)) - client-7D6108789623->f80c66c4-8a3d-47db-b3f8-20b0bcb8a3f5: receive RaftClientReply:client-7D6108789623->f80c66c4-8a3d-47db-b3f8-20b0bcb8a3f5@group-7D2873B646E2, cid=2327, SUCCESS, logIndex=3411, commits[f80c66c4-8a3d-47db-b3f8-20b0bcb8a3f5:c3412, 6e9bc0f4-a324-4be3-b201-2d39df7dad8a:c3408, cffe1303-2f93-4087-8a62-a40745db49f2:c3408]
2019-07-10 09:50:57,346 INFO  client.GrpcClientProtocolClient (GrpcClientProtocolClient.java:onNext(255)) - client-7D6108789623->f80c66c4-8a3d-47db-b3f8-20b0bcb8a3f5: receive RaftClientReply:client-7D6108789623->f80c66c4-8a3d-47db-b3f8-20b0bcb8a3f5@group-7D2873B646E2, cid=2328, SUCCESS, logIndex=3412, commits[f80c66c4-8a3d-47db-b3f8-20b0bcb8a3f5:c3412, 6e9bc0f4-a324-4be3-b201-2d39df7dad8a:c3408, cffe1303-2f93-4087-8a62-a40745db49f2:c3408]
2019-07-10 09:50:57,359 INFO  client.GrpcClientProtocolClient (GrpcClientProtocolClient.java:onNext(255)) - client-7D6108789623->f80c66c4-8a3d-47db-b3f8-20b0bcb8a3f5: receive RaftClientReply:client-7D6108789623->f80c66c4-8a3d-47db-b3f8-20b0bcb8a3f5@group-7D2873B646E2, cid=2329, SUCCESS, logIndex=0, commits[f80c66c4-8a3d-47db-b3f8-20b0bcb8a3f5:c3414, 6e9bc0f4-a324-4be3-b201-2d39df7dad8a:c3410, cffe1303-2f93-4087-8a62-a40745db49f2:c3410]
2019-07-10 09:50:57,380 INFO  client.GrpcClientProtocolClient (GrpcClientProtocolClient.java:onNext(255)) - client-7D6108789623->f80c66c4-8a3d-47db-b3f8-20b0bcb8a3f5: receive RaftClientReply:client-7D6108789623->f80c66c4-8a3d-47db-b3f8-20b0bcb8a3f5@group-7D2873B646E2, cid=2330, SUCCESS, logIndex=3417, commits[f80c66c4-8a3d-47db-b3f8-20b0bcb8a3f5:c3418, 6e9bc0f4-a324-4be3-b201-2d39df7dad8a:c3416, cffe1303-2f93-4087-8a62-a40745db49f2:c3416]
2019-07-10 09:50:57,380 INFO  client.GrpcClientProtocolClient (GrpcClientProtocolClient.java:onNext(255)) - client-7D6108789623->f80c66c4-8a3d-47db-b3f8-20b0bcb8a3f5: receive RaftClientReply:client-7D6108789623->f80c66c4-8a3d-47db-b3f8-20b0bcb8a3f5@group-7D2873B646E2, cid=2331, SUCCESS, logIndex=3418, commits[f80c66c4-8a3d-47db-b3f8-20b0bcb8a3f5:c3418, 6e9bc0f4-a324-4be3-b201-2d39df7dad8a:c3416, cffe1303-2f93-4087-8a62-a40745db49f2:c3416]
2019-07-10 09:50:57,401 INFO  client.GrpcClientProtocolClient (GrpcClientProtocolClient.java:onNext(255)) - client-7D6108789623->f80c66c4-8a3d-47db-b3f8-20b0bcb8a3f5: receive RaftClientReply:client-7D6108789623->f80c66c4-8a3d-47db-b3f8-20b0bcb8a3f5@group-7D2873B646E2, cid=2332, SUCCESS, logIndex=3421, commits[f80c66c4-8a3d-47db-b3f8-20b0bcb8a3f5:c3422, 6e9bc0f4-a324-4be3-b201-2d39df7dad8a:c3417, cffe1303-2f93-4087-8a62-a40745db49f2:c3418]
2019-07-10 09:50:57,402 INFO  client.GrpcClientProtocolClient (GrpcClientProtocolClient.java:onNext(255)) - client-7D6108789623->f80c66c4-8a3d-47db-b3f8-20b0bcb8a3f5: receive RaftClientReply:client-7D6108789623->f80c66c4-8a3d-47db-b3f8-20b0bcb8a3f5@group-7D2873B646E2, cid=2333, SUCCESS, logIndex=3422, commits[f80c66c4-8a3d-47db-b3f8-20b0bcb8a3f5:c3422, 6e9bc0f4-a324-4be3-b201-2d39df7dad8a:c3418, cffe1303-2f93-4087-8a62-a40745db49f2:c3418]
2019-07-10 09:50:57,407 INFO  client.GrpcClientProtocolClient (GrpcClientProtocolClient.java:onNext(255)) - client-7D6108789623->f80c66c4-8a3d-47db-b3f8-20b0bcb8a3f5: receive RaftClientReply:client-7D6108789623->f80c66c4-8a3d-47db-b3f8-20b0bcb8a3f5@group-7D2873B646E2, cid=2334, SUCCESS, logIndex=0, commits[f80c66c4-8a3d-47db-b3f8-20b0bcb8a3f5:c3424, 6e9bc0f4-a324-4be3-b201-2d39df7dad8a:c3422, cffe1303-2f93-4087-8a62-a40745db49f2:c3422]
2019-07-10 09:50:57,438 INFO  client.GrpcClientProtocolClient (GrpcClientProtocolClient.java:onNext(255)) - client-7D6108789623->f80c66c4-8a3d-47db-b3f8-20b0bcb8a3f5: receive RaftClientReply:client-7D6108789623->f80c66c4-8a3d-47db-b3f8-20b0bcb8a3f5@group-7D2873B646E2, cid=2335, SUCCESS, logIndex=3425, commits[f80c66c4-8a3d-47db-b3f8-20b0bcb8a3f5:c3426, 6e9bc0f4-a324-4be3-b201-2d39df7dad8a:c3424, cffe1303-2f93-4087-8a62-a40745db49f2:c3424]
2019-07-10 09:50:57,439 INFO  client.GrpcClientProtocolClient (GrpcClientProtocolClient.java:onNext(255)) - client-7D6108789623->f80c66c4-8a3d-47db-b3f8-20b0bcb8a3f5: receive RaftClientReply:client-7D6108789623->f80c66c4-8a3d-47db-b3f8-20b0bcb8a3f5@group-7D2873B646E2, cid=2336, SUCCESS, logIndex=3426, commits[f80c66c4-8a3d-47db-b3f8-20b0bcb8a3f5:c3426, 6e9bc0f4-a324-4be3-b201-2d39df7dad8a:c3424, cffe1303-2f93-4087-8a62-a40745db49f2:c3424]
2019-07-10 09:50:57,446 INFO  client.GrpcClientProtocolClient (GrpcClientProtocolClient.java:onNext(255)) - client-7D6108789623->f80c66c4-8a3d-47db-b3f8-20b0bcb8a3f5: receive RaftClientReply:client-7D6108789623->f80c66c4-8a3d-47db-b3f8-20b0bcb8a3f5@group-7D2873B646E2, cid=2337, SUCCESS, logIndex=3427, commits[f80c66c4-8a3d-47db-b3f8-20b0bcb8a3f5:c3428, 6e9bc0f4-a324-4be3-b201-2d39df7dad8a:c3424, cffe1303-2f93-4087-8a62-a40745db49f2:c3424]
2019-07-10 09:50:57,447 INFO  client.GrpcClientProtocolClient (GrpcClientProtocolClient.java:onNext(255)) - client-7D6108789623->f80c66c4-8a3d-47db-b3f8-20b0bcb8a3f5: receive RaftClientReply:client-7D6108789623->f80c66c4-8a3d-47db-b3f8-20b0bcb8a3f5@group-7D2873B646E2, cid=2338, SUCCESS, logIndex=3428, commits[f80c66c4-8a3d-47db-b3f8-20b0bcb8a3f5:c3428, 6e9bc0f4-a324-4be3-b201-2d39df7dad8a:c3424, cffe1303-2f93-4087-8a62-a40745db49f2:c3424]
2019-07-10 09:50:57,448 INFO  client.GrpcClientProtocolClient (GrpcClientProtocolClient.java:onNext(255)) - client-7D6108789623->f80c66c4-8a3d-47db-b3f8-20b0bcb8a3f5: receive RaftClientReply:client-7D6108789623->f80c66c4-8a3d-47db-b3f8-20b0bcb8a3f5@group-7D2873B646E2, cid=2339, SUCCESS, logIndex=0, commits[f80c66c4-8a3d-47db-b3f8-20b0bcb8a3f5:c3430, 6e9bc0f4-a324-4be3-b201-2d39df7dad8a:c3426, cffe1303-2f93-4087-8a62-a40745db49f2:c3426]
2019-07-10 09:50:57,468 INFO  client.GrpcClientProtocolClient (GrpcClientProtocolClient.java:onNext(255)) - client-7D6108789623->f80c66c4-8a3d-47db-b3f8-20b0bcb8a3f5: receive RaftClientReply:client-7D6108789623->f80c66c4-8a3d-47db-b3f8-20b0bcb8a3f5@group-7D2873B646E2, cid=2340, SUCCESS, logIndex=3433, commits[f80c66c4-8a3d-47db-b3f8-20b0bcb8a3f5:c3434, 6e9bc0f4-a324-4be3-b201-2d39df7dad8a:c3432, cffe1303-2f93-4087-8a62-a40745db49f2:c3432]
2019-07-10 09:50:57,469 INFO  client.GrpcClientProtocolClient (GrpcClientProtocolClient.java:onNext(255)) - client-7D6108789623->f80c66c4-8a3d-47db-b3f8-20b0bcb8a3f5: receive RaftClientReply:client-7D6108789623->f80c66c4-8a3d-47db-b3f8-20b0bcb8a3f5@group-7D2873B646E2, cid=2341, SUCCESS, logIndex=3434, commits[f80c66c4-8a3d-47db-b3f8-20b0bcb8a3f5:c3434, 6e9bc0f4-a324-4be3-b201-2d39df7dad8a:c3432, cffe1303-2f93-4087-8a62-a40745db49f2:c3432]
2019-07-10 09:50:57,492 INFO  client.GrpcClientProtocolClient (GrpcClientProtocolClient.java:onNext(255)) - client-7D6108789623->f80c66c4-8a3d-47db-b3f8-20b0bcb8a3f5: receive RaftClientReply:client-7D6108789623->f80c66c4-8a3d-47db-b3f8-20b0bcb8a3f5@group-7D2873B646E2, cid=2342, SUCCESS, logIndex=3437, commits[f80c66c4-8a3d-47db-b3f8-20b0bcb8a3f5:c3438, 6e9bc0f4-a324-4be3-b201-2d39df7dad8a:c3434, cffe1303-2f93-4087-8a62-a40745db49f2:c3434]
2019-07-10 09:50:57,493 INFO  client.GrpcClientProtocolClient (GrpcClientProtocolClient.java:onNext(255)) - client-7D6108789623->f80c66c4-8a3d-47db-b3f8-20b0bcb8a3f5: receive RaftClientReply:client-7D6108789623->f80c66c4-8a3d-47db-b3f8-20b0bcb8a3f5@group-7D2873B646E2, cid=2343, SUCCESS, logIndex=3438, commits[f80c66c4-8a3d-47db-b3f8-20b0bcb8a3f5:c3438, 6e9bc0f4-a324-4be3-b201-2d39df7dad8a:c3434, cffe1303-2f93-4087-8a62-a40745db49f2:c3434]
2019-07-10 09:50:57,504 INFO  client.GrpcClientProtocolClient (GrpcClientProtocolClient.java:onNext(255)) - client-7D6108789623->f80c66c4-8a3d-47db-b3f8-20b0bcb8a3f5: receive RaftClientReply:client-7D6108789623->f80c66c4-8a3d-47db-b3f8-20b0bcb8a3f5@group-7D2873B646E2, cid=2344, SUCCESS, logIndex=0, commits[f80c66c4-8a3d-47db-b3f8-20b0bcb8a3f5:c3439, 6e9bc0f4-a324-4be3-b201-2d39df7dad8a:c3438, cffe1303-2f93-4087-8a62-a40745db49f2:c3438]
2019-07-10 09:50:57,544 INFO  client.GrpcClientProtocolClient (GrpcClientProtocolClient.java:onNext(255)) - client-7D6108789623->f80c66c4-8a3d-47db-b3f8-20b0bcb8a3f5: receive RaftClientReply:client-7D6108789623->f80c66c4-8a3d-47db-b3f8-20b0bcb8a3f5@group-7D2873B646E2, cid=2345, SUCCESS, logIndex=3441, commits[f80c66c4-8a3d-47db-b3f8-20b0bcb8a3f5:c3442, 6e9bc0f4-a324-4be3-b201-2d39df7dad8a:c3439, cffe1303-2f93-4087-8a62-a40745db49f2:c3438]
2019-07-10 09:50:57,545 INFO  client.GrpcClientProtocolClient (GrpcClientProtocolClient.java:onNext(255)) - client-7D6108789623->f80c66c4-8a3d-47db-b3f8-20b0bcb8a3f5: receive RaftClientReply:client-7D6108789623->f80c66c4-8a3d-47db-b3f8-20b0bcb8a3f5@group-7D2873B646E2, cid=2346, SUCCESS, logIndex=3442, commits[f80c66c4-8a3d-47db-b3f8-20b0bcb8a3f5:c3442, 6e9bc0f4-a324-4be3-b201-2d39df7dad8a:c3439, cffe1303-2f93-4087-8a62-a40745db49f2:c3438]
2019-07-10 09:50:57,546 INFO  client.GrpcClientProtocolClient (GrpcClientProtocolClient.java:onNext(255)) - client-7D6108789623->f80c66c4-8a3d-47db-b3f8-20b0bcb8a3f5: receive RaftClientReply:client-7D6108789623->f80c66c4-8a3d-47db-b3f8-20b0bcb8a3f5@group-7D2873B646E2, cid=2347, SUCCESS, logIndex=3443, commits[f80c66c4-8a3d-47db-b3f8-20b0bcb8a3f5:c3443, 6e9bc0f4-a324-4be3-b201-2d39df7dad8a:c3439, cffe1303-2f93-4087-8a62-a40745db49f2:c3439]
2019-07-10 09:50:57,547 INFO  client.GrpcClientProtocolClient (GrpcClientProtocolClient.java:onNext(255)) - client-7D6108789623->f80c66c4-8a3d-47db-b3f8-20b0bcb8a3f5: receive RaftClientReply:client-7D6108789623->f80c66c4-8a3d-47db-b3f8-20b0bcb8a3f5@group-7D2873B646E2, cid=2348, SUCCESS, logIndex=3444, commits[f80c66c4-8a3d-47db-b3f8-20b0bcb8a3f5:c3444, 6e9bc0f4-a324-4be3-b201-2d39df7dad8a:c3439, cffe1303-2f93-4087-8a62-a40745db49f2:c3439]
2019-07-10 09:50:57,550 INFO  client.GrpcClientProtocolClient (GrpcClientProtocolClient.java:onNext(255)) - client-7D6108789623->f80c66c4-8a3d-47db-b3f8-20b0bcb8a3f5: receive RaftClientReply:client-7D6108789623->f80c66c4-8a3d-47db-b3f8-20b0bcb8a3f5@group-7D2873B646E2, cid=2349, SUCCESS, logIndex=0, commits[f80c66c4-8a3d-47db-b3f8-20b0bcb8a3f5:c3446, 6e9bc0f4-a324-4be3-b201-2d39df7dad8a:c3442, cffe1303-2f93-4087-8a62-a40745db49f2:c3442]
2019-07-10 09:50:57,570 INFO  client.GrpcClientProtocolClient (GrpcClientProtocolClient.java:onNext(255)) - client-7D6108789623->f80c66c4-8a3d-47db-b3f8-20b0bcb8a3f5: receive RaftClientReply:client-7D6108789623->f80c66c4-8a3d-47db-b3f8-20b0bcb8a3f5@group-7D2873B646E2, cid=2350, SUCCESS, logIndex=3449, commits[f80c66c4-8a3d-47db-b3f8-20b0bcb8a3f5:c3450, 6e9bc0f4-a324-4be3-b201-2d39df7dad8a:c3448, cffe1303-2f93-4087-8a62-a40745db49f2:c3448]
2019-07-10 09:50:57,571 INFO  client.GrpcClientProtocolClient (GrpcClientProtocolClient.java:onNext(255)) - client-7D6108789623->f80c66c4-8a3d-47db-b3f8-20b0bcb8a3f5: receive RaftClientReply:client-7D6108789623->f80c66c4-8a3d-47db-b3f8-20b0bcb8a3f5@group-7D2873B646E2, cid=2351, SUCCESS, logIndex=3450, commits[f80c66c4-8a3d-47db-b3f8-20b0bcb8a3f5:c3450, 6e9bc0f4-a324-4be3-b201-2d39df7dad8a:c3448, cffe1303-2f93-4087-8a62-a40745db49f2:c3448]
2019-07-10 09:50:57,597 INFO  client.GrpcClientProtocolClient (GrpcClientProtocolClient.java:onNext(255)) - client-7D6108789623->f80c66c4-8a3d-47db-b3f8-20b0bcb8a3f5: receive RaftClientReply:client-7D6108789623->f80c66c4-8a3d-47db-b3f8-20b0bcb8a3f5@group-7D2873B646E2, cid=2352, SUCCESS, logIndex=3453, commits[f80c66c4-8a3d-47db-b3f8-20b0bcb8a3f5:c3454, 6e9bc0f4-a324-4be3-b201-2d39df7dad8a:c3450, cffe1303-2f93-4087-8a62-a40745db49f2:c3450]
2019-07-10 09:50:57,598 INFO  client.GrpcClientProtocolClient (GrpcClientProtocolClient.java:onNext(255)) - client-7D6108789623->f80c66c4-8a3d-47db-b3f8-20b0bcb8a3f5: receive RaftClientReply:client-7D6108789623->f80c66c4-8a3d-47db-b3f8-20b0bcb8a3f5@group-7D2873B646E2, cid=2353, SUCCESS, logIndex=3454, commits[f80c66c4-8a3d-47db-b3f8-20b0bcb8a3f5:c3454, 6e9bc0f4-a324-4be3-b201-2d39df7dad8a:c3450, cffe1303-2f93-4087-8a62-a40745db49f2:c3450]
2019-07-10 09:50:57,610 INFO  client.GrpcClientProtocolClient (GrpcClientProtocolClient.java:onNext(255)) - client-7D6108789623->f80c66c4-8a3d-47db-b3f8-20b0bcb8a3f5: receive RaftClientReply:client-7D6108789623->f80c66c4-8a3d-47db-b3f8-20b0bcb8a3f5@group-7D2873B646E2, cid=2354, SUCCESS, logIndex=0, commits[f80c66c4-8a3d-47db-b3f8-20b0bcb8a3f5:c3456, 6e9bc0f4-a324-4be3-b201-2d39df7dad8a:c3454, cffe1303-2f93-4087-8a62-a40745db49f2:c3454]
2019-07-10 09:50:57,652 INFO  client.GrpcClientProtocolClient (GrpcClientProtocolClient.java:onNext(255)) - client-7D6108789623->f80c66c4-8a3d-47db-b3f8-20b0bcb8a3f5: receive RaftClientReply:client-7D6108789623->f80c66c4-8a3d-47db-b3f8-20b0bcb8a3f5@group-7D2873B646E2, cid=2355, SUCCESS, logIndex=3457, commits[f80c66c4-8a3d-47db-b3f8-20b0bcb8a3f5:c3459, 6e9bc0f4-a324-4be3-b201-2d39df7dad8a:c3456, cffe1303-2f93-4087-8a62-a40745db49f2:c3456]
2019-07-10 09:50:57,653 INFO  client.GrpcClientProtocolClient (GrpcClientProtocolClient.java:onNext(255)) - client-7D6108789623->f80c66c4-8a3d-47db-b3f8-20b0bcb8a3f5: receive RaftClientReply:client-7D6108789623->f80c66c4-8a3d-47db-b3f8-20b0bcb8a3f5@group-7D2873B646E2, cid=2356, SUCCESS, logIndex=3458, commits[f80c66c4-8a3d-47db-b3f8-20b0bcb8a3f5:c3460, 6e9bc0f4-a324-4be3-b201-2d39df7dad8a:c3456, cffe1303-2f93-4087-8a62-a40745db49f2:c3456]
2019-07-10 09:50:57,654 INFO  client.GrpcClientProtocolClient (GrpcClientProtocolClient.java:onNext(255)) - client-7D6108789623->f80c66c4-8a3d-47db-b3f8-20b0bcb8a3f5: receive RaftClientReply:client-7D6108789623->f80c66c4-8a3d-47db-b3f8-20b0bcb8a3f5@group-7D2873B646E2, cid=2357, SUCCESS, logIndex=3459, commits[f80c66c4-8a3d-47db-b3f8-20b0bcb8a3f5:c3460, 6e9bc0f4-a324-4be3-b201-2d39df7dad8a:c3456, cffe1303-2f93-4087-8a62-a40745db49f2:c3456]
2019-07-10 09:50:57,654 INFO  client.GrpcClientProtocolClient (GrpcClientProtocolClient.java:onNext(255)) - client-7D6108789623->f80c66c4-8a3d-47db-b3f8-20b0bcb8a3f5: receive RaftClientReply:client-7D6108789623->f80c66c4-8a3d-47db-b3f8-20b0bcb8a3f5@group-7D2873B646E2, cid=2358, SUCCESS, logIndex=3460, commits[f80c66c4-8a3d-47db-b3f8-20b0bcb8a3f5:c3460, 6e9bc0f4-a324-4be3-b201-2d39df7dad8a:c3456, cffe1303-2f93-4087-8a62-a40745db49f2:c3456]
2019-07-10 09:50:57,664 INFO  client.GrpcClientProtocolClient (GrpcClientProtocolClient.java:onNext(255)) - client-7D6108789623->f80c66c4-8a3d-47db-b3f8-20b0bcb8a3f5: receive RaftClientReply:client-7D6108789623->f80c66c4-8a3d-47db-b3f8-20b0bcb8a3f5@group-7D2873B646E2, cid=2359, SUCCESS, logIndex=0, commits[f80c66c4-8a3d-47db-b3f8-20b0bcb8a3f5:c3463, 6e9bc0f4-a324-4be3-b201-2d39df7dad8a:c3458, cffe1303-2f93-4087-8a62-a40745db49f2:c3459]
2019-07-10 09:50:57,683 INFO  client.GrpcClientProtocolClient (GrpcClientProtocolClient.java:onNext(255)) - client-7D6108789623->f80c66c4-8a3d-47db-b3f8-20b0bcb8a3f5: receive RaftClientReply:client-7D6108789623->f80c66c4-8a3d-47db-b3f8-20b0bcb8a3f5@group-7D2873B646E2, cid=2360, SUCCESS, logIndex=3465, commits[f80c66c4-8a3d-47db-b3f8-20b0bcb8a3f5:c3466, 6e9bc0f4-a324-4be3-b201-2d39df7dad8a:c3464, cffe1303-2f93-4087-8a62-a40745db49f2:c3464]
2019-07-10 09:50:57,684 INFO  client.GrpcClientProtocolClient (GrpcClientProtocolClient.java:onNext(255)) - client-7D6108789623->f80c66c4-8a3d-47db-b3f8-20b0bcb8a3f5: receive RaftClientReply:client-7D6108789623->f80c66c4-8a3d-47db-b3f8-20b0bcb8a3f5@group-7D2873B646E2, cid=2361, SUCCESS, logIndex=3466, commits[f80c66c4-8a3d-47db-b3f8-20b0bcb8a3f5:c3466, 6e9bc0f4-a324-4be3-b201-2d39df7dad8a:c3464, cffe1303-2f93-4087-8a62-a40745db49f2:c3464]
2019-07-10 09:50:57,697 INFO  client.GrpcClientProtocolClient (GrpcClientProtocolClient.java:onNext(255)) - client-7D6108789623->f80c66c4-8a3d-47db-b3f8-20b0bcb8a3f5: receive RaftClientReply:client-7D6108789623->f80c66c4-8a3d-47db-b3f8-20b0bcb8a3f5@group-7D2873B646E2, cid=2362, SUCCESS, logIndex=3469, commits[f80c66c4-8a3d-47db-b3f8-20b0bcb8a3f5:c3470, 6e9bc0f4-a324-4be3-b201-2d39df7dad8a:c3466, cffe1303-2f93-4087-8a62-a40745db49f2:c3466]
2019-07-10 09:50:57,697 INFO  client.GrpcClientProtocolClient (GrpcClientProtocolClient.java:onNext(255)) - client-7D6108789623->f80c66c4-8a3d-47db-b3f8-20b0bcb8a3f5: receive RaftClientReply:client-7D6108789623->f80c66c4-8a3d-47db-b3f8-20b0bcb8a3f5@group-7D2873B646E2, cid=2363, SUCCESS, logIndex=3470, commits[f80c66c4-8a3d-47db-b3f8-20b0bcb8a3f5:c3470, 6e9bc0f4-a324-4be3-b201-2d39df7dad8a:c3466, cffe1303-2f93-4087-8a62-a40745db49f2:c3466]
2019-07-10 09:50:57,700 INFO  client.GrpcClientProtocolClient (GrpcClientProtocolClient.java:onNext(255)) - client-7D6108789623->f80c66c4-8a3d-47db-b3f8-20b0bcb8a3f5: receive RaftClientReply:client-7D6108789623->f80c66c4-8a3d-47db-b3f8-20b0bcb8a3f5@group-7D2873B646E2, cid=2364, SUCCESS, logIndex=0, commits[f80c66c4-8a3d-47db-b3f8-20b0bcb8a3f5:c3472, 6e9bc0f4-a324-4be3-b201-2d39df7dad8a:c3470, cffe1303-2f93-4087-8a62-a40745db49f2:c3470]
2019-07-10 09:50:57,732 INFO  client.GrpcClientProtocolClient (GrpcClientProtocolClient.java:onNext(255)) - client-7D6108789623->f80c66c4-8a3d-47db-b3f8-20b0bcb8a3f5: receive RaftClientReply:client-7D6108789623->f80c66c4-8a3d-47db-b3f8-20b0bcb8a3f5@group-7D2873B646E2, cid=2365, SUCCESS, logIndex=3473, commits[f80c66c4-8a3d-47db-b3f8-20b0bcb8a3f5:c3474, 6e9bc0f4-a324-4be3-b201-2d39df7dad8a:c3472, cffe1303-2f93-4087-8a62-a40745db49f2:c3472]
2019-07-10 09:50:57,732 INFO  client.GrpcClientProtocolClient (GrpcClientProtocolClient.java:onNext(255)) - client-7D6108789623->f80c66c4-8a3d-47db-b3f8-20b0bcb8a3f5: receive RaftClientReply:client-7D6108789623->f80c66c4-8a3d-47db-b3f8-20b0bcb8a3f5@group-7D2873B646E2, cid=2366, SUCCESS, logIndex=3474, commits[f80c66c4-8a3d-47db-b3f8-20b0bcb8a3f5:c3476, 6e9bc0f4-a324-4be3-b201-2d39df7dad8a:c3472, cffe1303-2f93-4087-8a62-a40745db49f2:c3472]
2019-07-10 09:50:57,732 INFO  client.GrpcClientProtocolClient (GrpcClientProtocolClient.java:onNext(255)) - client-7D6108789623->f80c66c4-8a3d-47db-b3f8-20b0bcb8a3f5: receive RaftClientReply:client-7D6108789623->f80c66c4-8a3d-47db-b3f8-20b0bcb8a3f5@group-7D2873B646E2, cid=2367, SUCCESS, logIndex=3475, commits[f80c66c4-8a3d-47db-b3f8-20b0bcb8a3f5:c3476, 6e9bc0f4-a324-4be3-b201-2d39df7dad8a:c3472, cffe1303-2f93-4087-8a62-a40745db49f2:c3472]
2019-07-10 09:50:57,733 INFO  client.GrpcClientProtocolClient (GrpcClientProtocolClient.java:onNext(255)) - client-7D6108789623->f80c66c4-8a3d-47db-b3f8-20b0bcb8a3f5: receive RaftClientReply:client-7D6108789623->f80c66c4-8a3d-47db-b3f8-20b0bcb8a3f5@group-7D2873B646E2, cid=2368, SUCCESS, logIndex=3476, commits[f80c66c4-8a3d-47db-b3f8-20b0bcb8a3f5:c3476, 6e9bc0f4-a324-4be3-b201-2d39df7dad8a:c3472, cffe1303-2f93-4087-8a62-a40745db49f2:c3472]
2019-07-10 09:50:57,734 INFO  client.GrpcClientProtocolClient (GrpcClientProtocolClient.java:onNext(255)) - client-7D6108789623->f80c66c4-8a3d-47db-b3f8-20b0bcb8a3f5: receive RaftClientReply:client-7D6108789623->f80c66c4-8a3d-47db-b3f8-20b0bcb8a3f5@group-7D2873B646E2, cid=2369, SUCCESS, logIndex=0, commits[f80c66c4-8a3d-47db-b3f8-20b0bcb8a3f5:c3478, 6e9bc0f4-a324-4be3-b201-2d39df7dad8a:c3474, cffe1303-2f93-4087-8a62-a40745db49f2:c3474]
2019-07-10 09:50:57,756 INFO  client.GrpcClientProtocolClient (GrpcClientProtocolClient.java:onNext(255)) - client-7D6108789623->f80c66c4-8a3d-47db-b3f8-20b0bcb8a3f5: receive RaftClientReply:client-7D6108789623->f80c66c4-8a3d-47db-b3f8-20b0bcb8a3f5@group-7D2873B646E2, cid=2370, SUCCESS, logIndex=3480, commits[f80c66c4-8a3d-47db-b3f8-20b0bcb8a3f5:c3481, 6e9bc0f4-a324-4be3-b201-2d39df7dad8a:c3478, cffe1303-2f93-4087-8a62-a40745db49f2:c3478]
2019-07-10 09:50:57,756 INFO  client.GrpcClientProtocolClient (GrpcClientProtocolClient.java:onNext(255)) - client-7D6108789623->f80c66c4-8a3d-47db-b3f8-20b0bcb8a3f5: receive RaftClientReply:client-7D6108789623->f80c66c4-8a3d-47db-b3f8-20b0bcb8a3f5@group-7D2873B646E2, cid=2371, SUCCESS, logIndex=3481, commits[f80c66c4-8a3d-47db-b3f8-20b0bcb8a3f5:c3481, 6e9bc0f4-a324-4be3-b201-2d39df7dad8a:c3478, cffe1303-2f93-4087-8a62-a40745db49f2:c3478]
2019-07-10 09:50:57,792 INFO  client.GrpcClientProtocolClient (GrpcClientProtocolClient.java:onNext(255)) - client-7D6108789623->f80c66c4-8a3d-47db-b3f8-20b0bcb8a3f5: receive RaftClientReply:client-7D6108789623->f80c66c4-8a3d-47db-b3f8-20b0bcb8a3f5@group-7D2873B646E2, cid=2372, SUCCESS, logIndex=3484, commits[f80c66c4-8a3d-47db-b3f8-20b0bcb8a3f5:c3485, 6e9bc0f4-a324-4be3-b201-2d39df7dad8a:c3481, cffe1303-2f93-4087-8a62-a40745db49f2:c3481]
2019-07-10 09:50:57,793 INFO  client.GrpcClientProtocolClient (GrpcClientProtocolClient.java:onNext(255)) - client-7D6108789623->f80c66c4-8a3d-47db-b3f8-20b0bcb8a3f5: receive RaftClientReply:client-7D6108789623->f80c66c4-8a3d-47db-b3f8-20b0bcb8a3f5@group-7D2873B646E2, cid=2373, SUCCESS, logIndex=3485, commits[f80c66c4-8a3d-47db-b3f8-20b0bcb8a3f5:c3485, 6e9bc0f4-a324-4be3-b201-2d39df7dad8a:c3481, cffe1303-2f93-4087-8a62-a40745db49f2:c3481]
2019-07-10 09:50:57,806 INFO  client.GrpcClientProtocolClient (GrpcClientProtocolClient.java:onNext(255)) - client-7D6108789623->f80c66c4-8a3d-47db-b3f8-20b0bcb8a3f5: receive RaftClientReply:client-7D6108789623->f80c66c4-8a3d-47db-b3f8-20b0bcb8a3f5@group-7D2873B646E2, cid=2374, SUCCESS, logIndex=0, commits[f80c66c4-8a3d-47db-b3f8-20b0bcb8a3f5:c3487, 6e9bc0f4-a324-4be3-b201-2d39df7dad8a:c3485, cffe1303-2f93-4087-8a62-a40745db49f2:c3485]
2019-07-10 09:50:57,838 INFO  client.GrpcClientProtocolClient (GrpcClientProtocolClient.java:onNext(255)) - client-7D6108789623->f80c66c4-8a3d-47db-b3f8-20b0bcb8a3f5: receive RaftClientReply:client-7D6108789623->f80c66c4-8a3d-47db-b3f8-20b0bcb8a3f5@group-7D2873B646E2, cid=2375, SUCCESS, logIndex=3488, commits[f80c66c4-8a3d-47db-b3f8-20b0bcb8a3f5:c3489, 6e9bc0f4-a324-4be3-b201-2d39df7dad8a:c3487, cffe1303-2f93-4087-8a62-a40745db49f2:c3487]
2019-07-10 09:50:57,838 INFO  client.GrpcClientProtocolClient (GrpcClientProtocolClient.java:onNext(255)) - client-7D6108789623->f80c66c4-8a3d-47db-b3f8-20b0bcb8a3f5: receive RaftClientReply:client-7D6108789623->f80c66c4-8a3d-47db-b3f8-20b0bcb8a3f5@group-7D2873B646E2, cid=2376, SUCCESS, logIndex=3489, commits[f80c66c4-8a3d-47db-b3f8-20b0bcb8a3f5:c3489, 6e9bc0f4-a324-4be3-b201-2d39df7dad8a:c3487, cffe1303-2f93-4087-8a62-a40745db49f2:c3487]
2019-07-10 09:50:57,847 INFO  client.GrpcClientProtocolClient (GrpcClientProtocolClient.java:onNext(255)) - client-7D6108789623->f80c66c4-8a3d-47db-b3f8-20b0bcb8a3f5: receive RaftClientReply:client-7D6108789623->f80c66c4-8a3d-47db-b3f8-20b0bcb8a3f5@group-7D2873B646E2, cid=2377, SUCCESS, logIndex=3490, commits[f80c66c4-8a3d-47db-b3f8-20b0bcb8a3f5:c3491, 6e9bc0f4-a324-4be3-b201-2d39df7dad8a:c3487, cffe1303-2f93-4087-8a62-a40745db49f2:c3487]
2019-07-10 09:50:57,848 INFO  client.GrpcClientProtocolClient (GrpcClientProtocolClient.java:onNext(255)) - client-7D6108789623->f80c66c4-8a3d-47db-b3f8-20b0bcb8a3f5: receive RaftClientReply:client-7D6108789623->f80c66c4-8a3d-47db-b3f8-20b0bcb8a3f5@group-7D2873B646E2, cid=2378, SUCCESS, logIndex=3491, commits[f80c66c4-8a3d-47db-b3f8-20b0bcb8a3f5:c3491, 6e9bc0f4-a324-4be3-b201-2d39df7dad8a:c3487, cffe1303-2f93-4087-8a62-a40745db49f2:c3487]
2019-07-10 09:50:57,851 INFO  client.GrpcClientProtocolClient (GrpcClientProtocolClient.java:onNext(255)) - client-7D6108789623->f80c66c4-8a3d-47db-b3f8-20b0bcb8a3f5: receive RaftClientReply:client-7D6108789623->f80c66c4-8a3d-47db-b3f8-20b0bcb8a3f5@group-7D2873B646E2, cid=2379, SUCCESS, logIndex=0, commits[f80c66c4-8a3d-47db-b3f8-20b0bcb8a3f5:c3493, 6e9bc0f4-a324-4be3-b201-2d39df7dad8a:c3489, cffe1303-2f93-4087-8a62-a40745db49f2:c3489]
2019-07-10 09:50:57,873 INFO  client.GrpcClientProtocolClient (GrpcClientProtocolClient.java:onNext(255)) - client-7D6108789623->f80c66c4-8a3d-47db-b3f8-20b0bcb8a3f5: receive RaftClientReply:client-7D6108789623->f80c66c4-8a3d-47db-b3f8-20b0bcb8a3f5@group-7D2873B646E2, cid=2380, SUCCESS, logIndex=3496, commits[f80c66c4-8a3d-47db-b3f8-20b0bcb8a3f5:c3497, 6e9bc0f4-a324-4be3-b201-2d39df7dad8a:c3493, cffe1303-2f93-4087-8a62-a40745db49f2:c3493]
2019-07-10 09:50:57,874 INFO  client.GrpcClientProtocolClient (GrpcClientProtocolClient.java:onNext(255)) - client-7D6108789623->f80c66c4-8a3d-47db-b3f8-20b0bcb8a3f5: receive RaftClientReply:client-7D6108789623->f80c66c4-8a3d-47db-b3f8-20b0bcb8a3f5@group-7D2873B646E2, cid=2381, SUCCESS, logIndex=3497, commits[f80c66c4-8a3d-47db-b3f8-20b0bcb8a3f5:c3497, 6e9bc0f4-a324-4be3-b201-2d39df7dad8a:c3493, cffe1303-2f93-4087-8a62-a40745db49f2:c3493]
2019-07-10 09:50:57,896 INFO  client.GrpcClientProtocolClient (GrpcClientProtocolClient.java:onNext(255)) - client-7D6108789623->f80c66c4-8a3d-47db-b3f8-20b0bcb8a3f5: receive RaftClientReply:client-7D6108789623->f80c66c4-8a3d-47db-b3f8-20b0bcb8a3f5@group-7D2873B646E2, cid=2382, SUCCESS, logIndex=3500, commits[f80c66c4-8a3d-47db-b3f8-20b0bcb8a3f5:c3501, 6e9bc0f4-a324-4be3-b201-2d39df7dad8a:c3497, cffe1303-2f93-4087-8a62-a40745db49f2:c3497]
2019-07-10 09:50:57,897 INFO  client.GrpcClientProtocolClient (GrpcClientProtocolClient.java:onNext(255)) - client-7D6108789623->f80c66c4-8a3d-47db-b3f8-20b0bcb8a3f5: receive RaftClientReply:client-7D6108789623->f80c66c4-8a3d-47db-b3f8-20b0bcb8a3f5@group-7D2873B646E2, cid=2383, SUCCESS, logIndex=3501, commits[f80c66c4-8a3d-47db-b3f8-20b0bcb8a3f5:c3501, 6e9bc0f4-a324-4be3-b201-2d39df7dad8a:c3497, cffe1303-2f93-4087-8a62-a40745db49f2:c3497]
2019-07-10 09:50:57,909 INFO  client.GrpcClientProtocolClient (GrpcClientProtocolClient.java:onNext(255)) - client-7D6108789623->f80c66c4-8a3d-47db-b3f8-20b0bcb8a3f5: receive RaftClientReply:client-7D6108789623->f80c66c4-8a3d-47db-b3f8-20b0bcb8a3f5@group-7D2873B646E2, cid=2384, SUCCESS, logIndex=0, commits[f80c66c4-8a3d-47db-b3f8-20b0bcb8a3f5:c3503, 6e9bc0f4-a324-4be3-b201-2d39df7dad8a:c3501, cffe1303-2f93-4087-8a62-a40745db49f2:c3501]
2019-07-10 09:50:57,939 INFO  client.GrpcClientProtocolClient (GrpcClientProtocolClient.java:onNext(255)) - client-7D6108789623->f80c66c4-8a3d-47db-b3f8-20b0bcb8a3f5: receive RaftClientReply:client-7D6108789623->f80c66c4-8a3d-47db-b3f8-20b0bcb8a3f5@group-7D2873B646E2, cid=2385, SUCCESS, logIndex=3504, commits[f80c66c4-8a3d-47db-b3f8-20b0bcb8a3f5:c3505, 6e9bc0f4-a324-4be3-b201-2d39df7dad8a:c3503, cffe1303-2f93-4087-8a62-a40745db49f2:c3503]
2019-07-10 09:50:57,939 INFO  client.GrpcClientProtocolClient (GrpcClientProtocolClient.java:onNext(255)) - client-7D6108789623->f80c66c4-8a3d-47db-b3f8-20b0bcb8a3f5: receive RaftClientReply:client-7D6108789623->f80c66c4-8a3d-47db-b3f8-20b0bcb8a3f5@group-7D2873B646E2, cid=2386, SUCCESS, logIndex=3505, commits[f80c66c4-8a3d-47db-b3f8-20b0bcb8a3f5:c3507, 6e9bc0f4-a324-4be3-b201-2d39df7dad8a:c3503, cffe1303-2f93-4087-8a62-a40745db49f2:c3503]
2019-07-10 09:50:57,939 INFO  client.GrpcClientProtocolClient (GrpcClientProtocolClient.java:onNext(255)) - client-7D6108789623->f80c66c4-8a3d-47db-b3f8-20b0bcb8a3f5: receive RaftClientReply:client-7D6108789623->f80c66c4-8a3d-47db-b3f8-20b0bcb8a3f5@group-7D2873B646E2, cid=2387, SUCCESS, logIndex=3506, commits[f80c66c4-8a3d-47db-b3f8-20b0bcb8a3f5:c3507, 6e9bc0f4-a324-4be3-b201-2d39df7dad8a:c3503, cffe1303-2f93-4087-8a62-a40745db49f2:c3503]
2019-07-10 09:50:57,940 INFO  client.GrpcClientProtocolClient (GrpcClientProtocolClient.java:onNext(255)) - client-7D6108789623->f80c66c4-8a3d-47db-b3f8-20b0bcb8a3f5: receive RaftClientReply:client-7D6108789623->f80c66c4-8a3d-47db-b3f8-20b0bcb8a3f5@group-7D2873B646E2, cid=2388, SUCCESS, logIndex=3507, commits[f80c66c4-8a3d-47db-b3f8-20b0bcb8a3f5:c3507, 6e9bc0f4-a324-4be3-b201-2d39df7dad8a:c3503, cffe1303-2f93-4087-8a62-a40745db49f2:c3503]
2019-07-10 09:50:57,950 INFO  client.GrpcClientProtocolClient (GrpcClientProtocolClient.java:onNext(255)) - client-7D6108789623->f80c66c4-8a3d-47db-b3f8-20b0bcb8a3f5: receive RaftClientReply:client-7D6108789623->f80c66c4-8a3d-47db-b3f8-20b0bcb8a3f5@group-7D2873B646E2, cid=2389, SUCCESS, logIndex=0, commits[f80c66c4-8a3d-47db-b3f8-20b0bcb8a3f5:c3508, 6e9bc0f4-a324-4be3-b201-2d39df7dad8a:c3505, cffe1303-2f93-4087-8a62-a40745db49f2:c3505]
2019-07-10 09:50:57,973 INFO  client.GrpcClientProtocolClient (GrpcClientProtocolClient.java:onNext(255)) - client-7D6108789623->f80c66c4-8a3d-47db-b3f8-20b0bcb8a3f5: receive RaftClientReply:client-7D6108789623->f80c66c4-8a3d-47db-b3f8-20b0bcb8a3f5@group-7D2873B646E2, cid=2390, SUCCESS, logIndex=3512, commits[f80c66c4-8a3d-47db-b3f8-20b0bcb8a3f5:c3513, 6e9bc0f4-a324-4be3-b201-2d39df7dad8a:c3508, cffe1303-2f93-4087-8a62-a40745db49f2:c3508]
2019-07-10 09:50:57,973 INFO  client.GrpcClientProtocolClient (GrpcClientProtocolClient.java:onNext(255)) - client-7D6108789623->f80c66c4-8a3d-47db-b3f8-20b0bcb8a3f5: receive RaftClientReply:client-7D6108789623->f80c66c4-8a3d-47db-b3f8-20b0bcb8a3f5@group-7D2873B646E2, cid=2391, SUCCESS, logIndex=3513, commits[f80c66c4-8a3d-47db-b3f8-20b0bcb8a3f5:c3513, 6e9bc0f4-a324-4be3-b201-2d39df7dad8a:c3508, cffe1303-2f93-4087-8a62-a40745db49f2:c3508]
2019-07-10 09:50:58,117 INFO  client.GrpcClientProtocolClient (GrpcClientProtocolClient.java:onNext(255)) - client-7D6108789623->f80c66c4-8a3d-47db-b3f8-20b0bcb8a3f5: receive RaftClientReply:client-7D6108789623->f80c66c4-8a3d-47db-b3f8-20b0bcb8a3f5@group-7D2873B646E2, cid=2392, SUCCESS, logIndex=3516, commits[f80c66c4-8a3d-47db-b3f8-20b0bcb8a3f5:c3517, 6e9bc0f4-a324-4be3-b201-2d39df7dad8a:c3515, cffe1303-2f93-4087-8a62-a40745db49f2:c3513]
2019-07-10 09:50:58,118 INFO  client.GrpcClientProtocolClient (GrpcClientProtocolClient.java:onNext(255)) - client-7D6108789623->f80c66c4-8a3d-47db-b3f8-20b0bcb8a3f5: receive RaftClientReply:client-7D6108789623->f80c66c4-8a3d-47db-b3f8-20b0bcb8a3f5@group-7D2873B646E2, cid=2393, SUCCESS, logIndex=3517, commits[f80c66c4-8a3d-47db-b3f8-20b0bcb8a3f5:c3517, 6e9bc0f4-a324-4be3-b201-2d39df7dad8a:c3515, cffe1303-2f93-4087-8a62-a40745db49f2:c3515]
2019-07-10 09:50:58,127 INFO  client.GrpcClientProtocolClient (GrpcClientProtocolClient.java:onNext(255)) - client-7D6108789623->f80c66c4-8a3d-47db-b3f8-20b0bcb8a3f5: receive RaftClientReply:client-7D6108789623->f80c66c4-8a3d-47db-b3f8-20b0bcb8a3f5@group-7D2873B646E2, cid=2394, SUCCESS, logIndex=0, commits[f80c66c4-8a3d-47db-b3f8-20b0bcb8a3f5:c3518, 6e9bc0f4-a324-4be3-b201-2d39df7dad8a:c3517, cffe1303-2f93-4087-8a62-a40745db49f2:c3517]
2019-07-10 09:50:58,173 INFO  client.GrpcClientProtocolClient (GrpcClientProtocolClient.java:onNext(255)) - client-7D6108789623->f80c66c4-8a3d-47db-b3f8-20b0bcb8a3f5: receive RaftClientReply:client-7D6108789623->f80c66c4-8a3d-47db-b3f8-20b0bcb8a3f5@group-7D2873B646E2, cid=2395, SUCCESS, logIndex=3520, commits[f80c66c4-8a3d-47db-b3f8-20b0bcb8a3f5:c3522, 6e9bc0f4-a324-4be3-b201-2d39df7dad8a:c3519, cffe1303-2f93-4087-8a62-a40745db49f2:c3519]
2019-07-10 09:50:58,175 INFO  client.GrpcClientProtocolClient (GrpcClientProtocolClient.java:onNext(255)) - client-7D6108789623->f80c66c4-8a3d-47db-b3f8-20b0bcb8a3f5: receive RaftClientReply:client-7D6108789623->f80c66c4-8a3d-47db-b3f8-20b0bcb8a3f5@group-7D2873B646E2, cid=2396, SUCCESS, logIndex=3521, commits[f80c66c4-8a3d-47db-b3f8-20b0bcb8a3f5:c3523, 6e9bc0f4-a324-4be3-b201-2d39df7dad8a:c3519, cffe1303-2f93-4087-8a62-a40745db49f2:c3519]
2019-07-10 09:50:58,175 INFO  client.GrpcClientProtocolClient (GrpcClientProtocolClient.java:onNext(255)) - client-7D6108789623->f80c66c4-8a3d-47db-b3f8-20b0bcb8a3f5: receive RaftClientReply:client-7D6108789623->f80c66c4-8a3d-47db-b3f8-20b0bcb8a3f5@group-7D2873B646E2, cid=2397, SUCCESS, logIndex=3522, commits[f80c66c4-8a3d-47db-b3f8-20b0bcb8a3f5:c3523, 6e9bc0f4-a324-4be3-b201-2d39df7dad8a:c3519, cffe1303-2f93-4087-8a62-a40745db49f2:c3519]
2019-07-10 09:50:58,175 INFO  client.GrpcClientProtocolClient (GrpcClientProtocolClient.java:onNext(255)) - client-7D6108789623->f80c66c4-8a3d-47db-b3f8-20b0bcb8a3f5: receive RaftClientReply:client-7D6108789623->f80c66c4-8a3d-47db-b3f8-20b0bcb8a3f5@group-7D2873B646E2, cid=2398, SUCCESS, logIndex=3523, commits[f80c66c4-8a3d-47db-b3f8-20b0bcb8a3f5:c3523, 6e9bc0f4-a324-4be3-b201-2d39df7dad8a:c3519, cffe1303-2f93-4087-8a62-a40745db49f2:c3519]
2019-07-10 09:50:58,184 INFO  client.GrpcClientProtocolClient (GrpcClientProtocolClient.java:onNext(255)) - client-7D6108789623->f80c66c4-8a3d-47db-b3f8-20b0bcb8a3f5: receive RaftClientReply:client-7D6108789623->f80c66c4-8a3d-47db-b3f8-20b0bcb8a3f5@group-7D2873B646E2, cid=2399, SUCCESS, logIndex=0, commits[f80c66c4-8a3d-47db-b3f8-20b0bcb8a3f5:c3526, 6e9bc0f4-a324-4be3-b201-2d39df7dad8a:c3521, cffe1303-2f93-4087-8a62-a40745db49f2:c3522]
 0.00% |█                                                                                                    |  0/1 Time: 0:00:222019-07-10 09:50:58,204 INFO  client.GrpcClientProtocolClient (GrpcClientProtocolClient.java:onNext(255)) - client-7D6108789623->f80c66c4-8a3d-47db-b3f8-20b0bcb8a3f5: receive RaftClientReply:client-7D6108789623->f80c66c4-8a3d-47db-b3f8-20b0bcb8a3f5@group-7D2873B646E2, cid=2400, SUCCESS, logIndex=3528, commits[f80c66c4-8a3d-47db-b3f8-20b0bcb8a3f5:c3529, 6e9bc0f4-a324-4be3-b201-2d39df7dad8a:c3527, cffe1303-2f93-4087-8a62-a40745db49f2:c3527]
2019-07-10 09:50:58,205 INFO  client.GrpcClientProtocolClient (GrpcClientProtocolClient.java:onNext(255)) - client-7D6108789623->f80c66c4-8a3d-47db-b3f8-20b0bcb8a3f5: receive RaftClientReply:client-7D6108789623->f80c66c4-8a3d-47db-b3f8-20b0bcb8a3f5@group-7D2873B646E2, cid=2401, SUCCESS, logIndex=3529, commits[f80c66c4-8a3d-47db-b3f8-20b0bcb8a3f5:c3529, 6e9bc0f4-a324-4be3-b201-2d39df7dad8a:c3527, cffe1303-2f93-4087-8a62-a40745db49f2:c3527]
2019-07-10 09:50:58,225 INFO  client.GrpcClientProtocolClient (GrpcClientProtocolClient.java:onNext(255)) - client-7D6108789623->f80c66c4-8a3d-47db-b3f8-20b0bcb8a3f5: receive RaftClientReply:client-7D6108789623->f80c66c4-8a3d-47db-b3f8-20b0bcb8a3f5@group-7D2873B646E2, cid=2402, SUCCESS, logIndex=3532, commits[f80c66c4-8a3d-47db-b3f8-20b0bcb8a3f5:c3533, 6e9bc0f4-a324-4be3-b201-2d39df7dad8a:c3528, cffe1303-2f93-4087-8a62-a40745db49f2:c3529]
2019-07-10 09:50:58,226 INFO  client.GrpcClientProtocolClient (GrpcClientProtocolClient.java:onNext(255)) - client-7D6108789623->f80c66c4-8a3d-47db-b3f8-20b0bcb8a3f5: receive RaftClientReply:client-7D6108789623->f80c66c4-8a3d-47db-b3f8-20b0bcb8a3f5@group-7D2873B646E2, cid=2403, SUCCESS, logIndex=3533, commits[f80c66c4-8a3d-47db-b3f8-20b0bcb8a3f5:c3533, 6e9bc0f4-a324-4be3-b201-2d39df7dad8a:c3529, cffe1303-2f93-4087-8a62-a40745db49f2:c3529]
2019-07-10 09:50:58,238 INFO  client.GrpcClientProtocolClient (GrpcClientProtocolClient.java:onNext(255)) - client-7D6108789623->f80c66c4-8a3d-47db-b3f8-20b0bcb8a3f5: receive RaftClientReply:client-7D6108789623->f80c66c4-8a3d-47db-b3f8-20b0bcb8a3f5@group-7D2873B646E2, cid=2404, SUCCESS, logIndex=0, commits[f80c66c4-8a3d-47db-b3f8-20b0bcb8a3f5:c3535, 6e9bc0f4-a324-4be3-b201-2d39df7dad8a:c3533, cffe1303-2f93-4087-8a62-a40745db49f2:c3533]
2019-07-10 09:50:58,304 INFO  client.GrpcClientProtocolClient (GrpcClientProtocolClient.java:onNext(255)) - client-7D6108789623->f80c66c4-8a3d-47db-b3f8-20b0bcb8a3f5: receive RaftClientReply:client-7D6108789623->f80c66c4-8a3d-47db-b3f8-20b0bcb8a3f5@group-7D2873B646E2, cid=2405, SUCCESS, logIndex=3536, commits[f80c66c4-8a3d-47db-b3f8-20b0bcb8a3f5:c3539, 6e9bc0f4-a324-4be3-b201-2d39df7dad8a:c3535, cffe1303-2f93-4087-8a62-a40745db49f2:c3535]
2019-07-10 09:50:58,306 INFO  client.GrpcClientProtocolClient (GrpcClientProtocolClient.java:onNext(255)) - client-7D6108789623->f80c66c4-8a3d-47db-b3f8-20b0bcb8a3f5: receive RaftClientReply:client-7D6108789623->f80c66c4-8a3d-47db-b3f8-20b0bcb8a3f5@group-7D2873B646E2, cid=2406, SUCCESS, logIndex=3537, commits[f80c66c4-8a3d-47db-b3f8-20b0bcb8a3f5:c3539, 6e9bc0f4-a324-4be3-b201-2d39df7dad8a:c3535, cffe1303-2f93-4087-8a62-a40745db49f2:c3535]
2019-07-10 09:50:58,307 INFO  client.GrpcClientProtocolClient (GrpcClientProtocolClient.java:onNext(255)) - client-7D6108789623->f80c66c4-8a3d-47db-b3f8-20b0bcb8a3f5: receive RaftClientReply:client-7D6108789623->f80c66c4-8a3d-47db-b3f8-20b0bcb8a3f5@group-7D2873B646E2, cid=2407, SUCCESS, logIndex=3538, commits[f80c66c4-8a3d-47db-b3f8-20b0bcb8a3f5:c3539, 6e9bc0f4-a324-4be3-b201-2d39df7dad8a:c3535, cffe1303-2f93-4087-8a62-a40745db49f2:c3535]
2019-07-10 09:50:58,308 INFO  client.GrpcClientProtocolClient (GrpcClientProtocolClient.java:onNext(255)) - client-7D6108789623->f80c66c4-8a3d-47db-b3f8-20b0bcb8a3f5: receive RaftClientReply:client-7D6108789623->f80c66c4-8a3d-47db-b3f8-20b0bcb8a3f5@group-7D2873B646E2, cid=2408, SUCCESS, logIndex=3539, commits[f80c66c4-8a3d-47db-b3f8-20b0bcb8a3f5:c3540, 6e9bc0f4-a324-4be3-b201-2d39df7dad8a:c3537, cffe1303-2f93-4087-8a62-a40745db49f2:c3537]
2019-07-10 09:50:58,326 INFO  client.GrpcClientProtocolClient (GrpcClientProtocolClient.java:onNext(255)) - client-7D6108789623->f80c66c4-8a3d-47db-b3f8-20b0bcb8a3f5: receive RaftClientReply:client-7D6108789623->f80c66c4-8a3d-47db-b3f8-20b0bcb8a3f5@group-7D2873B646E2, cid=2409, SUCCESS, logIndex=3544, commits[f80c66c4-8a3d-47db-b3f8-20b0bcb8a3f5:c3545, 6e9bc0f4-a324-4be3-b201-2d39df7dad8a:c3543, cffe1303-2f93-4087-8a62-a40745db49f2:c3543]
2019-07-10 09:50:58,326 INFO  client.GrpcClientProtocolClient (GrpcClientProtocolClient.java:onNext(255)) - client-7D6108789623->f80c66c4-8a3d-47db-b3f8-20b0bcb8a3f5: receive RaftClientReply:client-7D6108789623->f80c66c4-8a3d-47db-b3f8-20b0bcb8a3f5@group-7D2873B646E2, cid=2410, SUCCESS, logIndex=3545, commits[f80c66c4-8a3d-47db-b3f8-20b0bcb8a3f5:c3545, 6e9bc0f4-a324-4be3-b201-2d39df7dad8a:c3543, cffe1303-2f93-4087-8a62-a40745db49f2:c3543]
2019-07-10 09:50:58,348 INFO  client.GrpcClientProtocolClient (GrpcClientProtocolClient.java:onNext(255)) - client-7D6108789623->f80c66c4-8a3d-47db-b3f8-20b0bcb8a3f5: receive RaftClientReply:client-7D6108789623->f80c66c4-8a3d-47db-b3f8-20b0bcb8a3f5@group-7D2873B646E2, cid=2411, SUCCESS, logIndex=3548, commits[f80c66c4-8a3d-47db-b3f8-20b0bcb8a3f5:c3549, 6e9bc0f4-a324-4be3-b201-2d39df7dad8a:c3545, cffe1303-2f93-4087-8a62-a40745db49f2:c3545]
2019-07-10 09:50:58,349 INFO  client.GrpcClientProtocolClient (GrpcClientProtocolClient.java:onNext(255)) - client-7D6108789623->f80c66c4-8a3d-47db-b3f8-20b0bcb8a3f5: receive RaftClientReply:client-7D6108789623->f80c66c4-8a3d-47db-b3f8-20b0bcb8a3f5@group-7D2873B646E2, cid=2412, SUCCESS, logIndex=3549, commits[f80c66c4-8a3d-47db-b3f8-20b0bcb8a3f5:c3549, 6e9bc0f4-a324-4be3-b201-2d39df7dad8a:c3545, cffe1303-2f93-4087-8a62-a40745db49f2:c3545]
2019-07-10 09:50:58,371 INFO  client.GrpcClientProtocolClient (GrpcClientProtocolClient.java:onNext(255)) - client-7D6108789623->f80c66c4-8a3d-47db-b3f8-20b0bcb8a3f5: receive RaftClientReply:client-7D6108789623->f80c66c4-8a3d-47db-b3f8-20b0bcb8a3f5@group-7D2873B646E2, cid=2413, SUCCESS, logIndex=0, commits[f80c66c4-8a3d-47db-b3f8-20b0bcb8a3f5:c3551, 6e9bc0f4-a324-4be3-b201-2d39df7dad8a:c3549, cffe1303-2f93-4087-8a62-a40745db49f2:c3549]
2019-07-10 09:50:58,403 INFO  client.GrpcClientProtocolClient (GrpcClientProtocolClient.java:onNext(255)) - client-7D6108789623->f80c66c4-8a3d-47db-b3f8-20b0bcb8a3f5: receive RaftClientReply:client-7D6108789623->f80c66c4-8a3d-47db-b3f8-20b0bcb8a3f5@group-7D2873B646E2, cid=2414, SUCCESS, logIndex=3552, commits[f80c66c4-8a3d-47db-b3f8-20b0bcb8a3f5:c3553, 6e9bc0f4-a324-4be3-b201-2d39df7dad8a:c3551, cffe1303-2f93-4087-8a62-a40745db49f2:c3551]
2019-07-10 09:50:58,404 INFO  client.GrpcClientProtocolClient (GrpcClientProtocolClient.java:onNext(255)) - client-7D6108789623->f80c66c4-8a3d-47db-b3f8-20b0bcb8a3f5: receive RaftClientReply:client-7D6108789623->f80c66c4-8a3d-47db-b3f8-20b0bcb8a3f5@group-7D2873B646E2, cid=2415, SUCCESS, logIndex=3553, commits[f80c66c4-8a3d-47db-b3f8-20b0bcb8a3f5:c3553, 6e9bc0f4-a324-4be3-b201-2d39df7dad8a:c3551, cffe1303-2f93-4087-8a62-a40745db49f2:c3551]
2019-07-10 09:50:58,411 INFO  client.GrpcClientProtocolClient (GrpcClientProtocolClient.java:onNext(255)) - client-7D6108789623->f80c66c4-8a3d-47db-b3f8-20b0bcb8a3f5: receive RaftClientReply:client-7D6108789623->f80c66c4-8a3d-47db-b3f8-20b0bcb8a3f5@group-7D2873B646E2, cid=2416, SUCCESS, logIndex=3554, commits[f80c66c4-8a3d-47db-b3f8-20b0bcb8a3f5:c3555, 6e9bc0f4-a324-4be3-b201-2d39df7dad8a:c3551, cffe1303-2f93-4087-8a62-a40745db49f2:c3551]
2019-07-10 09:50:58,411 INFO  client.GrpcClientProtocolClient (GrpcClientProtocolClient.java:onNext(255)) - client-7D6108789623->f80c66c4-8a3d-47db-b3f8-20b0bcb8a3f5: receive RaftClientReply:client-7D6108789623->f80c66c4-8a3d-47db-b3f8-20b0bcb8a3f5@group-7D2873B646E2, cid=2417, SUCCESS, logIndex=3555, commits[f80c66c4-8a3d-47db-b3f8-20b0bcb8a3f5:c3555, 6e9bc0f4-a324-4be3-b201-2d39df7dad8a:c3551, cffe1303-2f93-4087-8a62-a40745db49f2:c3551]
2019-07-10 09:50:58,425 INFO  client.GrpcClientProtocolClient (GrpcClientProtocolClient.java:onNext(255)) - client-7D6108789623->f80c66c4-8a3d-47db-b3f8-20b0bcb8a3f5: receive RaftClientReply:client-7D6108789623->f80c66c4-8a3d-47db-b3f8-20b0bcb8a3f5@group-7D2873B646E2, cid=2418, SUCCESS, logIndex=0, commits[f80c66c4-8a3d-47db-b3f8-20b0bcb8a3f5:c3558, 6e9bc0f4-a324-4be3-b201-2d39df7dad8a:c3553, cffe1303-2f93-4087-8a62-a40745db49f2:c3553]
2019-07-10 09:50:58,443 INFO  client.GrpcClientProtocolClient (GrpcClientProtocolClient.java:onNext(255)) - client-7D6108789623->f80c66c4-8a3d-47db-b3f8-20b0bcb8a3f5: receive RaftClientReply:client-7D6108789623->f80c66c4-8a3d-47db-b3f8-20b0bcb8a3f5@group-7D2873B646E2, cid=2419, SUCCESS, logIndex=3560, commits[f80c66c4-8a3d-47db-b3f8-20b0bcb8a3f5:c3561, 6e9bc0f4-a324-4be3-b201-2d39df7dad8a:c3559, cffe1303-2f93-4087-8a62-a40745db49f2:c3559]
2019-07-10 09:50:58,444 INFO  client.GrpcClientProtocolClient (GrpcClientProtocolClient.java:onNext(255)) - client-7D6108789623->f80c66c4-8a3d-47db-b3f8-20b0bcb8a3f5: receive RaftClientReply:client-7D6108789623->f80c66c4-8a3d-47db-b3f8-20b0bcb8a3f5@group-7D2873B646E2, cid=2420, SUCCESS, logIndex=3561, commits[f80c66c4-8a3d-47db-b3f8-20b0bcb8a3f5:c3561, 6e9bc0f4-a324-4be3-b201-2d39df7dad8a:c3559, cffe1303-2f93-4087-8a62-a40745db49f2:c3559]
2019-07-10 09:50:58,466 INFO  client.GrpcClientProtocolClient (GrpcClientProtocolClient.java:onNext(255)) - client-7D6108789623->f80c66c4-8a3d-47db-b3f8-20b0bcb8a3f5: receive RaftClientReply:client-7D6108789623->f80c66c4-8a3d-47db-b3f8-20b0bcb8a3f5@group-7D2873B646E2, cid=2421, SUCCESS, logIndex=3564, commits[f80c66c4-8a3d-47db-b3f8-20b0bcb8a3f5:c3565, 6e9bc0f4-a324-4be3-b201-2d39df7dad8a:c3561, cffe1303-2f93-4087-8a62-a40745db49f2:c3561]
2019-07-10 09:50:58,467 INFO  client.GrpcClientProtocolClient (GrpcClientProtocolClient.java:onNext(255)) - client-7D6108789623->f80c66c4-8a3d-47db-b3f8-20b0bcb8a3f5: receive RaftClientReply:client-7D6108789623->f80c66c4-8a3d-47db-b3f8-20b0bcb8a3f5@group-7D2873B646E2, cid=2422, SUCCESS, logIndex=3565, commits[f80c66c4-8a3d-47db-b3f8-20b0bcb8a3f5:c3565, 6e9bc0f4-a324-4be3-b201-2d39df7dad8a:c3561, cffe1303-2f93-4087-8a62-a40745db49f2:c3561]
2019-07-10 09:50:58,489 INFO  client.GrpcClientProtocolClient (GrpcClientProtocolClient.java:onNext(255)) - client-7D6108789623->f80c66c4-8a3d-47db-b3f8-20b0bcb8a3f5: receive RaftClientReply:client-7D6108789623->f80c66c4-8a3d-47db-b3f8-20b0bcb8a3f5@group-7D2873B646E2, cid=2423, SUCCESS, logIndex=0, commits[f80c66c4-8a3d-47db-b3f8-20b0bcb8a3f5:c3567, 6e9bc0f4-a324-4be3-b201-2d39df7dad8a:c3565, cffe1303-2f93-4087-8a62-a40745db49f2:c3565]
2019-07-10 09:50:58,516 INFO  client.GrpcClientProtocolClient (GrpcClientProtocolClient.java:onNext(255)) - client-7D6108789623->f80c66c4-8a3d-47db-b3f8-20b0bcb8a3f5: receive RaftClientReply:client-7D6108789623->f80c66c4-8a3d-47db-b3f8-20b0bcb8a3f5@group-7D2873B646E2, cid=2424, SUCCESS, logIndex=3568, commits[f80c66c4-8a3d-47db-b3f8-20b0bcb8a3f5:c3569, 6e9bc0f4-a324-4be3-b201-2d39df7dad8a:c3567, cffe1303-2f93-4087-8a62-a40745db49f2:c3567]
2019-07-10 09:50:58,516 INFO  client.GrpcClientProtocolClient (GrpcClientProtocolClient.java:onNext(255)) - client-7D6108789623->f80c66c4-8a3d-47db-b3f8-20b0bcb8a3f5: receive RaftClientReply:client-7D6108789623->f80c66c4-8a3d-47db-b3f8-20b0bcb8a3f5@group-7D2873B646E2, cid=2425, SUCCESS, logIndex=3569, commits[f80c66c4-8a3d-47db-b3f8-20b0bcb8a3f5:c3571, 6e9bc0f4-a324-4be3-b201-2d39df7dad8a:c3567, cffe1303-2f93-4087-8a62-a40745db49f2:c3567]
2019-07-10 09:50:58,517 INFO  client.GrpcClientProtocolClient (GrpcClientProtocolClient.java:onNext(255)) - client-7D6108789623->f80c66c4-8a3d-47db-b3f8-20b0bcb8a3f5: receive RaftClientReply:client-7D6108789623->f80c66c4-8a3d-47db-b3f8-20b0bcb8a3f5@group-7D2873B646E2, cid=2426, SUCCESS, logIndex=3570, commits[f80c66c4-8a3d-47db-b3f8-20b0bcb8a3f5:c3571, 6e9bc0f4-a324-4be3-b201-2d39df7dad8a:c3567, cffe1303-2f93-4087-8a62-a40745db49f2:c3567]
2019-07-10 09:50:58,517 INFO  client.GrpcClientProtocolClient (GrpcClientProtocolClient.java:onNext(255)) - client-7D6108789623->f80c66c4-8a3d-47db-b3f8-20b0bcb8a3f5: receive RaftClientReply:client-7D6108789623->f80c66c4-8a3d-47db-b3f8-20b0bcb8a3f5@group-7D2873B646E2, cid=2427, SUCCESS, logIndex=3571, commits[f80c66c4-8a3d-47db-b3f8-20b0bcb8a3f5:c3571, 6e9bc0f4-a324-4be3-b201-2d39df7dad8a:c3567, cffe1303-2f93-4087-8a62-a40745db49f2:c3567]
2019-07-10 09:50:58,530 INFO  client.GrpcClientProtocolClient (GrpcClientProtocolClient.java:onNext(255)) - client-7D6108789623->f80c66c4-8a3d-47db-b3f8-20b0bcb8a3f5: receive RaftClientReply:client-7D6108789623->f80c66c4-8a3d-47db-b3f8-20b0bcb8a3f5@group-7D2873B646E2, cid=2428, SUCCESS, logIndex=0, commits[f80c66c4-8a3d-47db-b3f8-20b0bcb8a3f5:c3574, 6e9bc0f4-a324-4be3-b201-2d39df7dad8a:c3570, cffe1303-2f93-4087-8a62-a40745db49f2:c3569]
2019-07-10 09:50:58,541 INFO  client.GrpcClientProtocolClient (GrpcClientProtocolClient.java:onNext(255)) - client-7D6108789623->f80c66c4-8a3d-47db-b3f8-20b0bcb8a3f5: receive RaftClientReply:client-7D6108789623->f80c66c4-8a3d-47db-b3f8-20b0bcb8a3f5@group-7D2873B646E2, cid=2429, SUCCESS, logIndex=3576, commits[f80c66c4-8a3d-47db-b3f8-20b0bcb8a3f5:c3577, 6e9bc0f4-a324-4be3-b201-2d39df7dad8a:c3571, cffe1303-2f93-4087-8a62-a40745db49f2:c3575]
2019-07-10 09:50:58,541 INFO  client.GrpcClientProtocolClient (GrpcClientProtocolClient.java:onNext(255)) - client-7D6108789623->f80c66c4-8a3d-47db-b3f8-20b0bcb8a3f5: receive RaftClientReply:client-7D6108789623->f80c66c4-8a3d-47db-b3f8-20b0bcb8a3f5@group-7D2873B646E2, cid=2430, SUCCESS, logIndex=3577, commits[f80c66c4-8a3d-47db-b3f8-20b0bcb8a3f5:c3577, 6e9bc0f4-a324-4be3-b201-2d39df7dad8a:c3571, cffe1303-2f93-4087-8a62-a40745db49f2:c3575]
2019-07-10 09:50:58,555 INFO  client.GrpcClientProtocolClient (GrpcClientProtocolClient.java:onNext(255)) - client-7D6108789623->f80c66c4-8a3d-47db-b3f8-20b0bcb8a3f5: receive RaftClientReply:client-7D6108789623->f80c66c4-8a3d-47db-b3f8-20b0bcb8a3f5@group-7D2873B646E2, cid=2431, SUCCESS, logIndex=3580, commits[f80c66c4-8a3d-47db-b3f8-20b0bcb8a3f5:c3581, 6e9bc0f4-a324-4be3-b201-2d39df7dad8a:c3577, cffe1303-2f93-4087-8a62-a40745db49f2:c3577]
2019-07-10 09:50:58,556 INFO  client.GrpcClientProtocolClient (GrpcClientProtocolClient.java:onNext(255)) - client-7D6108789623->f80c66c4-8a3d-47db-b3f8-20b0bcb8a3f5: receive RaftClientReply:client-7D6108789623->f80c66c4-8a3d-47db-b3f8-20b0bcb8a3f5@group-7D2873B646E2, cid=2432, SUCCESS, logIndex=3581, commits[f80c66c4-8a3d-47db-b3f8-20b0bcb8a3f5:c3581, 6e9bc0f4-a324-4be3-b201-2d39df7dad8a:c3577, cffe1303-2f93-4087-8a62-a40745db49f2:c3577]
2019-07-10 09:50:58,565 INFO  client.GrpcClientProtocolClient (GrpcClientProtocolClient.java:onNext(255)) - client-7D6108789623->f80c66c4-8a3d-47db-b3f8-20b0bcb8a3f5: receive RaftClientReply:client-7D6108789623->f80c66c4-8a3d-47db-b3f8-20b0bcb8a3f5@group-7D2873B646E2, cid=2433, SUCCESS, logIndex=0, commits[f80c66c4-8a3d-47db-b3f8-20b0bcb8a3f5:c3582, 6e9bc0f4-a324-4be3-b201-2d39df7dad8a:c3581, cffe1303-2f93-4087-8a62-a40745db49f2:c3581]
2019-07-10 09:50:58,596 INFO  client.GrpcClientProtocolClient (GrpcClientProtocolClient.java:onNext(255)) - client-7D6108789623->f80c66c4-8a3d-47db-b3f8-20b0bcb8a3f5: receive RaftClientReply:client-7D6108789623->f80c66c4-8a3d-47db-b3f8-20b0bcb8a3f5@group-7D2873B646E2, cid=2434, SUCCESS, logIndex=3583, commits[f80c66c4-8a3d-47db-b3f8-20b0bcb8a3f5:c3585, 6e9bc0f4-a324-4be3-b201-2d39df7dad8a:c3582, cffe1303-2f93-4087-8a62-a40745db49f2:c3582]
2019-07-10 09:50:58,597 INFO  client.GrpcClientProtocolClient (GrpcClientProtocolClient.java:onNext(255)) - client-7D6108789623->f80c66c4-8a3d-47db-b3f8-20b0bcb8a3f5: receive RaftClientReply:client-7D6108789623->f80c66c4-8a3d-47db-b3f8-20b0bcb8a3f5@group-7D2873B646E2, cid=2435, SUCCESS, logIndex=3584, commits[f80c66c4-8a3d-47db-b3f8-20b0bcb8a3f5:c3585, 6e9bc0f4-a324-4be3-b201-2d39df7dad8a:c3582, cffe1303-2f93-4087-8a62-a40745db49f2:c3582]
2019-07-10 09:50:58,597 INFO  client.GrpcClientProtocolClient (GrpcClientProtocolClient.java:onNext(255)) - client-7D6108789623->f80c66c4-8a3d-47db-b3f8-20b0bcb8a3f5: receive RaftClientReply:client-7D6108789623->f80c66c4-8a3d-47db-b3f8-20b0bcb8a3f5@group-7D2873B646E2, cid=2436, SUCCESS, logIndex=3585, commits[f80c66c4-8a3d-47db-b3f8-20b0bcb8a3f5:c3586, 6e9bc0f4-a324-4be3-b201-2d39df7dad8a:c3582, cffe1303-2f93-4087-8a62-a40745db49f2:c3582]
2019-07-10 09:50:58,597 INFO  client.GrpcClientProtocolClient (GrpcClientProtocolClient.java:onNext(255)) - client-7D6108789623->f80c66c4-8a3d-47db-b3f8-20b0bcb8a3f5: receive RaftClientReply:client-7D6108789623->f80c66c4-8a3d-47db-b3f8-20b0bcb8a3f5@group-7D2873B646E2, cid=2437, SUCCESS, logIndex=3586, commits[f80c66c4-8a3d-47db-b3f8-20b0bcb8a3f5:c3586, 6e9bc0f4-a324-4be3-b201-2d39df7dad8a:c3582, cffe1303-2f93-4087-8a62-a40745db49f2:c3582]
2019-07-10 09:50:58,618 INFO  client.GrpcClientProtocolClient (GrpcClientProtocolClient.java:onNext(255)) - client-7D6108789623->f80c66c4-8a3d-47db-b3f8-20b0bcb8a3f5: receive RaftClientReply:client-7D6108789623->f80c66c4-8a3d-47db-b3f8-20b0bcb8a3f5@group-7D2873B646E2, cid=2438, SUCCESS, logIndex=0, commits[f80c66c4-8a3d-47db-b3f8-20b0bcb8a3f5:c3590, 6e9bc0f4-a324-4be3-b201-2d39df7dad8a:c3586, cffe1303-2f93-4087-8a62-a40745db49f2:c3584]
2019-07-10 09:50:58,639 INFO  client.GrpcClientProtocolClient (GrpcClientProtocolClient.java:onNext(255)) - client-7D6108789623->f80c66c4-8a3d-47db-b3f8-20b0bcb8a3f5: receive RaftClientReply:client-7D6108789623->f80c66c4-8a3d-47db-b3f8-20b0bcb8a3f5@group-7D2873B646E2, cid=2439, SUCCESS, logIndex=3591, commits[f80c66c4-8a3d-47db-b3f8-20b0bcb8a3f5:c3592, 6e9bc0f4-a324-4be3-b201-2d39df7dad8a:c3590, cffe1303-2f93-4087-8a62-a40745db49f2:c3590]
2019-07-10 09:50:58,639 INFO  client.GrpcClientProtocolClient (GrpcClientProtocolClient.java:onNext(255)) - client-7D6108789623->f80c66c4-8a3d-47db-b3f8-20b0bcb8a3f5: receive RaftClientReply:client-7D6108789623->f80c66c4-8a3d-47db-b3f8-20b0bcb8a3f5@group-7D2873B646E2, cid=2440, SUCCESS, logIndex=3592, commits[f80c66c4-8a3d-47db-b3f8-20b0bcb8a3f5:c3592, 6e9bc0f4-a324-4be3-b201-2d39df7dad8a:c3590, cffe1303-2f93-4087-8a62-a40745db49f2:c3590]
2019-07-10 09:50:58,662 INFO  client.GrpcClientProtocolClient (GrpcClientProtocolClient.java:onNext(255)) - client-7D6108789623->f80c66c4-8a3d-47db-b3f8-20b0bcb8a3f5: receive RaftClientReply:client-7D6108789623->f80c66c4-8a3d-47db-b3f8-20b0bcb8a3f5@group-7D2873B646E2, cid=2441, SUCCESS, logIndex=3595, commits[f80c66c4-8a3d-47db-b3f8-20b0bcb8a3f5:c3596, 6e9bc0f4-a324-4be3-b201-2d39df7dad8a:c3592, cffe1303-2f93-4087-8a62-a40745db49f2:c3592]
2019-07-10 09:50:58,662 INFO  client.GrpcClientProtocolClient (GrpcClientProtocolClient.java:onNext(255)) - client-7D6108789623->f80c66c4-8a3d-47db-b3f8-20b0bcb8a3f5: receive RaftClientReply:client-7D6108789623->f80c66c4-8a3d-47db-b3f8-20b0bcb8a3f5@group-7D2873B646E2, cid=2442, SUCCESS, logIndex=3596, commits[f80c66c4-8a3d-47db-b3f8-20b0bcb8a3f5:c3596, 6e9bc0f4-a324-4be3-b201-2d39df7dad8a:c3592, cffe1303-2f93-4087-8a62-a40745db49f2:c3592]
2019-07-10 09:50:58,685 INFO  client.GrpcClientProtocolClient (GrpcClientProtocolClient.java:onNext(255)) - client-7D6108789623->f80c66c4-8a3d-47db-b3f8-20b0bcb8a3f5: receive RaftClientReply:client-7D6108789623->f80c66c4-8a3d-47db-b3f8-20b0bcb8a3f5@group-7D2873B646E2, cid=2443, SUCCESS, logIndex=0, commits[f80c66c4-8a3d-47db-b3f8-20b0bcb8a3f5:c3598, 6e9bc0f4-a324-4be3-b201-2d39df7dad8a:c3596, cffe1303-2f93-4087-8a62-a40745db49f2:c3596]
2019-07-10 09:50:58,717 INFO  client.GrpcClientProtocolClient (GrpcClientProtocolClient.java:onNext(255)) - client-7D6108789623->f80c66c4-8a3d-47db-b3f8-20b0bcb8a3f5: receive RaftClientReply:client-7D6108789623->f80c66c4-8a3d-47db-b3f8-20b0bcb8a3f5@group-7D2873B646E2, cid=2444, SUCCESS, logIndex=3599, commits[f80c66c4-8a3d-47db-b3f8-20b0bcb8a3f5:c3601, 6e9bc0f4-a324-4be3-b201-2d39df7dad8a:c3598, cffe1303-2f93-4087-8a62-a40745db49f2:c3598]
2019-07-10 09:50:58,717 INFO  client.GrpcClientProtocolClient (GrpcClientProtocolClient.java:onNext(255)) - client-7D6108789623->f80c66c4-8a3d-47db-b3f8-20b0bcb8a3f5: receive RaftClientReply:client-7D6108789623->f80c66c4-8a3d-47db-b3f8-20b0bcb8a3f5@group-7D2873B646E2, cid=2445, SUCCESS, logIndex=3600, commits[f80c66c4-8a3d-47db-b3f8-20b0bcb8a3f5:c3602, 6e9bc0f4-a324-4be3-b201-2d39df7dad8a:c3598, cffe1303-2f93-4087-8a62-a40745db49f2:c3598]
2019-07-10 09:50:58,718 INFO  client.GrpcClientProtocolClient (GrpcClientProtocolClient.java:onNext(255)) - client-7D6108789623->f80c66c4-8a3d-47db-b3f8-20b0bcb8a3f5: receive RaftClientReply:client-7D6108789623->f80c66c4-8a3d-47db-b3f8-20b0bcb8a3f5@group-7D2873B646E2, cid=2446, SUCCESS, logIndex=3601, commits[f80c66c4-8a3d-47db-b3f8-20b0bcb8a3f5:c3602, 6e9bc0f4-a324-4be3-b201-2d39df7dad8a:c3598, cffe1303-2f93-4087-8a62-a40745db49f2:c3598]
2019-07-10 09:50:58,718 INFO  client.GrpcClientProtocolClient (GrpcClientProtocolClient.java:onNext(255)) - client-7D6108789623->f80c66c4-8a3d-47db-b3f8-20b0bcb8a3f5: receive RaftClientReply:client-7D6108789623->f80c66c4-8a3d-47db-b3f8-20b0bcb8a3f5@group-7D2873B646E2, cid=2447, SUCCESS, logIndex=3602, commits[f80c66c4-8a3d-47db-b3f8-20b0bcb8a3f5:c3602, 6e9bc0f4-a324-4be3-b201-2d39df7dad8a:c3598, cffe1303-2f93-4087-8a62-a40745db49f2:c3598]
2019-07-10 09:50:58,737 INFO  client.GrpcClientProtocolClient (GrpcClientProtocolClient.java:onNext(255)) - client-7D6108789623->f80c66c4-8a3d-47db-b3f8-20b0bcb8a3f5: receive RaftClientReply:client-7D6108789623->f80c66c4-8a3d-47db-b3f8-20b0bcb8a3f5@group-7D2873B646E2, cid=2448, SUCCESS, logIndex=0, commits[f80c66c4-8a3d-47db-b3f8-20b0bcb8a3f5:c3603, 6e9bc0f4-a324-4be3-b201-2d39df7dad8a:c3600, cffe1303-2f93-4087-8a62-a40745db49f2:c3600]
2019-07-10 09:50:58,762 INFO  client.GrpcClientProtocolClient (GrpcClientProtocolClient.java:onNext(255)) - client-7D6108789623->f80c66c4-8a3d-47db-b3f8-20b0bcb8a3f5: receive RaftClientReply:client-7D6108789623->f80c66c4-8a3d-47db-b3f8-20b0bcb8a3f5@group-7D2873B646E2, cid=2449, SUCCESS, logIndex=3607, commits[f80c66c4-8a3d-47db-b3f8-20b0bcb8a3f5:c3608, 6e9bc0f4-a324-4be3-b201-2d39df7dad8a:c3606, cffe1303-2f93-4087-8a62-a40745db49f2:c3606]
2019-07-10 09:50:58,762 INFO  client.GrpcClientProtocolClient (GrpcClientProtocolClient.java:onNext(255)) - client-7D6108789623->f80c66c4-8a3d-47db-b3f8-20b0bcb8a3f5: receive RaftClientReply:client-7D6108789623->f80c66c4-8a3d-47db-b3f8-20b0bcb8a3f5@group-7D2873B646E2, cid=2450, SUCCESS, logIndex=3608, commits[f80c66c4-8a3d-47db-b3f8-20b0bcb8a3f5:c3608, 6e9bc0f4-a324-4be3-b201-2d39df7dad8a:c3606, cffe1303-2f93-4087-8a62-a40745db49f2:c3606]
2019-07-10 09:50:58,784 INFO  client.GrpcClientProtocolClient (GrpcClientProtocolClient.java:onNext(255)) - client-7D6108789623->f80c66c4-8a3d-47db-b3f8-20b0bcb8a3f5: receive RaftClientReply:client-7D6108789623->f80c66c4-8a3d-47db-b3f8-20b0bcb8a3f5@group-7D2873B646E2, cid=2451, SUCCESS, logIndex=3611, commits[f80c66c4-8a3d-47db-b3f8-20b0bcb8a3f5:c3612, 6e9bc0f4-a324-4be3-b201-2d39df7dad8a:c3608, cffe1303-2f93-4087-8a62-a40745db49f2:c3608]
2019-07-10 09:50:58,785 INFO  client.GrpcClientProtocolClient (GrpcClientProtocolClient.java:onNext(255)) - client-7D6108789623->f80c66c4-8a3d-47db-b3f8-20b0bcb8a3f5: receive RaftClientReply:client-7D6108789623->f80c66c4-8a3d-47db-b3f8-20b0bcb8a3f5@group-7D2873B646E2, cid=2452, SUCCESS, logIndex=3612, commits[f80c66c4-8a3d-47db-b3f8-20b0bcb8a3f5:c3612, 6e9bc0f4-a324-4be3-b201-2d39df7dad8a:c3608, cffe1303-2f93-4087-8a62-a40745db49f2:c3608]
2019-07-10 09:50:58,813 INFO  client.GrpcClientProtocolClient (GrpcClientProtocolClient.java:onNext(255)) - client-7D6108789623->f80c66c4-8a3d-47db-b3f8-20b0bcb8a3f5: receive RaftClientReply:client-7D6108789623->f80c66c4-8a3d-47db-b3f8-20b0bcb8a3f5@group-7D2873B646E2, cid=2453, SUCCESS, logIndex=0, commits[f80c66c4-8a3d-47db-b3f8-20b0bcb8a3f5:c3614, 6e9bc0f4-a324-4be3-b201-2d39df7dad8a:c3612, cffe1303-2f93-4087-8a62-a40745db49f2:c3612]
2019-07-10 09:50:58,852 INFO  client.GrpcClientProtocolClient (GrpcClientProtocolClient.java:onNext(255)) - client-7D6108789623->f80c66c4-8a3d-47db-b3f8-20b0bcb8a3f5: receive RaftClientReply:client-7D6108789623->f80c66c4-8a3d-47db-b3f8-20b0bcb8a3f5@group-7D2873B646E2, cid=2454, SUCCESS, logIndex=3615, commits[f80c66c4-8a3d-47db-b3f8-20b0bcb8a3f5:c3616, 6e9bc0f4-a324-4be3-b201-2d39df7dad8a:c3614, cffe1303-2f93-4087-8a62-a40745db49f2:c3614]
2019-07-10 09:50:58,853 INFO  client.GrpcClientProtocolClient (GrpcClientProtocolClient.java:onNext(255)) - client-7D6108789623->f80c66c4-8a3d-47db-b3f8-20b0bcb8a3f5: receive RaftClientReply:client-7D6108789623->f80c66c4-8a3d-47db-b3f8-20b0bcb8a3f5@group-7D2873B646E2, cid=2455, SUCCESS, logIndex=3616, commits[f80c66c4-8a3d-47db-b3f8-20b0bcb8a3f5:c3618, 6e9bc0f4-a324-4be3-b201-2d39df7dad8a:c3614, cffe1303-2f93-4087-8a62-a40745db49f2:c3614]
2019-07-10 09:50:58,853 INFO  client.GrpcClientProtocolClient (GrpcClientProtocolClient.java:onNext(255)) - client-7D6108789623->f80c66c4-8a3d-47db-b3f8-20b0bcb8a3f5: receive RaftClientReply:client-7D6108789623->f80c66c4-8a3d-47db-b3f8-20b0bcb8a3f5@group-7D2873B646E2, cid=2456, SUCCESS, logIndex=3617, commits[f80c66c4-8a3d-47db-b3f8-20b0bcb8a3f5:c3618, 6e9bc0f4-a324-4be3-b201-2d39df7dad8a:c3614, cffe1303-2f93-4087-8a62-a40745db49f2:c3614]
2019-07-10 09:50:58,853 INFO  client.GrpcClientProtocolClient (GrpcClientProtocolClient.java:onNext(255)) - client-7D6108789623->f80c66c4-8a3d-47db-b3f8-20b0bcb8a3f5: receive RaftClientReply:client-7D6108789623->f80c66c4-8a3d-47db-b3f8-20b0bcb8a3f5@group-7D2873B646E2, cid=2457, SUCCESS, logIndex=3618, commits[f80c66c4-8a3d-47db-b3f8-20b0bcb8a3f5:c3618, 6e9bc0f4-a324-4be3-b201-2d39df7dad8a:c3614, cffe1303-2f93-4087-8a62-a40745db49f2:c3614]
2019-07-10 09:50:58,872 INFO  client.GrpcClientProtocolClient (GrpcClientProtocolClient.java:onNext(255)) - client-7D6108789623->f80c66c4-8a3d-47db-b3f8-20b0bcb8a3f5: receive RaftClientReply:client-7D6108789623->f80c66c4-8a3d-47db-b3f8-20b0bcb8a3f5@group-7D2873B646E2, cid=2458, SUCCESS, logIndex=0, commits[f80c66c4-8a3d-47db-b3f8-20b0bcb8a3f5:c3622, 6e9bc0f4-a324-4be3-b201-2d39df7dad8a:c3618, cffe1303-2f93-4087-8a62-a40745db49f2:c3616]
2019-07-10 09:50:58,893 INFO  client.GrpcClientProtocolClient (GrpcClientProtocolClient.java:onNext(255)) - client-7D6108789623->f80c66c4-8a3d-47db-b3f8-20b0bcb8a3f5: receive RaftClientReply:client-7D6108789623->f80c66c4-8a3d-47db-b3f8-20b0bcb8a3f5@group-7D2873B646E2, cid=2459, SUCCESS, logIndex=3623, commits[f80c66c4-8a3d-47db-b3f8-20b0bcb8a3f5:c3624, 6e9bc0f4-a324-4be3-b201-2d39df7dad8a:c3622, cffe1303-2f93-4087-8a62-a40745db49f2:c3622]
2019-07-10 09:50:58,894 INFO  client.GrpcClientProtocolClient (GrpcClientProtocolClient.java:onNext(255)) - client-7D6108789623->f80c66c4-8a3d-47db-b3f8-20b0bcb8a3f5: receive RaftClientReply:client-7D6108789623->f80c66c4-8a3d-47db-b3f8-20b0bcb8a3f5@group-7D2873B646E2, cid=2460, SUCCESS, logIndex=3624, commits[f80c66c4-8a3d-47db-b3f8-20b0bcb8a3f5:c3624, 6e9bc0f4-a324-4be3-b201-2d39df7dad8a:c3622, cffe1303-2f93-4087-8a62-a40745db49f2:c3622]
2019-07-10 09:50:58,915 INFO  client.GrpcClientProtocolClient (GrpcClientProtocolClient.java:onNext(255)) - client-7D6108789623->f80c66c4-8a3d-47db-b3f8-20b0bcb8a3f5: receive RaftClientReply:client-7D6108789623->f80c66c4-8a3d-47db-b3f8-20b0bcb8a3f5@group-7D2873B646E2, cid=2461, SUCCESS, logIndex=3627, commits[f80c66c4-8a3d-47db-b3f8-20b0bcb8a3f5:c3628, 6e9bc0f4-a324-4be3-b201-2d39df7dad8a:c3624, cffe1303-2f93-4087-8a62-a40745db49f2:c3624]
2019-07-10 09:50:58,915 INFO  client.GrpcClientProtocolClient (GrpcClientProtocolClient.java:onNext(255)) - client-7D6108789623->f80c66c4-8a3d-47db-b3f8-20b0bcb8a3f5: receive RaftClientReply:client-7D6108789623->f80c66c4-8a3d-47db-b3f8-20b0bcb8a3f5@group-7D2873B646E2, cid=2462, SUCCESS, logIndex=3628, commits[f80c66c4-8a3d-47db-b3f8-20b0bcb8a3f5:c3628, 6e9bc0f4-a324-4be3-b201-2d39df7dad8a:c3624, cffe1303-2f93-4087-8a62-a40745db49f2:c3624]
2019-07-10 09:50:58,936 INFO  client.GrpcClientProtocolClient (GrpcClientProtocolClient.java:onNext(255)) - client-7D6108789623->f80c66c4-8a3d-47db-b3f8-20b0bcb8a3f5: receive RaftClientReply:client-7D6108789623->f80c66c4-8a3d-47db-b3f8-20b0bcb8a3f5@group-7D2873B646E2, cid=2463, SUCCESS, logIndex=0, commits[f80c66c4-8a3d-47db-b3f8-20b0bcb8a3f5:c3630, 6e9bc0f4-a324-4be3-b201-2d39df7dad8a:c3628, cffe1303-2f93-4087-8a62-a40745db49f2:c3628]
2019-07-10 09:50:58,969 INFO  client.GrpcClientProtocolClient (GrpcClientProtocolClient.java:onNext(255)) - client-7D6108789623->f80c66c4-8a3d-47db-b3f8-20b0bcb8a3f5: receive RaftClientReply:client-7D6108789623->f80c66c4-8a3d-47db-b3f8-20b0bcb8a3f5@group-7D2873B646E2, cid=2464, SUCCESS, logIndex=3631, commits[f80c66c4-8a3d-47db-b3f8-20b0bcb8a3f5:c3632, 6e9bc0f4-a324-4be3-b201-2d39df7dad8a:c3630, cffe1303-2f93-4087-8a62-a40745db49f2:c3630]
2019-07-10 09:50:58,970 INFO  client.GrpcClientProtocolClient (GrpcClientProtocolClient.java:onNext(255)) - client-7D6108789623->f80c66c4-8a3d-47db-b3f8-20b0bcb8a3f5: receive RaftClientReply:client-7D6108789623->f80c66c4-8a3d-47db-b3f8-20b0bcb8a3f5@group-7D2873B646E2, cid=2465, SUCCESS, logIndex=3632, commits[f80c66c4-8a3d-47db-b3f8-20b0bcb8a3f5:c3633, 6e9bc0f4-a324-4be3-b201-2d39df7dad8a:c3630, cffe1303-2f93-4087-8a62-a40745db49f2:c3630]
2019-07-10 09:50:58,970 INFO  client.GrpcClientProtocolClient (GrpcClientProtocolClient.java:onNext(255)) - client-7D6108789623->f80c66c4-8a3d-47db-b3f8-20b0bcb8a3f5: receive RaftClientReply:client-7D6108789623->f80c66c4-8a3d-47db-b3f8-20b0bcb8a3f5@group-7D2873B646E2, cid=2466, SUCCESS, logIndex=3633, commits[f80c66c4-8a3d-47db-b3f8-20b0bcb8a3f5:c3634, 6e9bc0f4-a324-4be3-b201-2d39df7dad8a:c3630, cffe1303-2f93-4087-8a62-a40745db49f2:c3630]
2019-07-10 09:50:58,971 INFO  client.GrpcClientProtocolClient (GrpcClientProtocolClient.java:onNext(255)) - client-7D6108789623->f80c66c4-8a3d-47db-b3f8-20b0bcb8a3f5: receive RaftClientReply:client-7D6108789623->f80c66c4-8a3d-47db-b3f8-20b0bcb8a3f5@group-7D2873B646E2, cid=2467, SUCCESS, logIndex=3634, commits[f80c66c4-8a3d-47db-b3f8-20b0bcb8a3f5:c3634, 6e9bc0f4-a324-4be3-b201-2d39df7dad8a:c3630, cffe1303-2f93-4087-8a62-a40745db49f2:c3630]
2019-07-10 09:50:58,992 INFO  client.GrpcClientProtocolClient (GrpcClientProtocolClient.java:onNext(255)) - client-7D6108789623->f80c66c4-8a3d-47db-b3f8-20b0bcb8a3f5: receive RaftClientReply:client-7D6108789623->f80c66c4-8a3d-47db-b3f8-20b0bcb8a3f5@group-7D2873B646E2, cid=2468, SUCCESS, logIndex=0, commits[f80c66c4-8a3d-47db-b3f8-20b0bcb8a3f5:c3636, 6e9bc0f4-a324-4be3-b201-2d39df7dad8a:c3632, cffe1303-2f93-4087-8a62-a40745db49f2:c3632]
2019-07-10 09:50:59,011 INFO  client.GrpcClientProtocolClient (GrpcClientProtocolClient.java:onNext(255)) - client-7D6108789623->f80c66c4-8a3d-47db-b3f8-20b0bcb8a3f5: receive RaftClientReply:client-7D6108789623->f80c66c4-8a3d-47db-b3f8-20b0bcb8a3f5@group-7D2873B646E2, cid=2469, SUCCESS, logIndex=3639, commits[f80c66c4-8a3d-47db-b3f8-20b0bcb8a3f5:c3640, 6e9bc0f4-a324-4be3-b201-2d39df7dad8a:c3638, cffe1303-2f93-4087-8a62-a40745db49f2:c3638]
2019-07-10 09:50:59,012 INFO  client.GrpcClientProtocolClient (GrpcClientProtocolClient.java:onNext(255)) - client-7D6108789623->f80c66c4-8a3d-47db-b3f8-20b0bcb8a3f5: receive RaftClientReply:client-7D6108789623->f80c66c4-8a3d-47db-b3f8-20b0bcb8a3f5@group-7D2873B646E2, cid=2470, SUCCESS, logIndex=3640, commits[f80c66c4-8a3d-47db-b3f8-20b0bcb8a3f5:c3640, 6e9bc0f4-a324-4be3-b201-2d39df7dad8a:c3638, cffe1303-2f93-4087-8a62-a40745db49f2:c3638]
2019-07-10 09:50:59,033 INFO  client.GrpcClientProtocolClient (GrpcClientProtocolClient.java:onNext(255)) - client-7D6108789623->f80c66c4-8a3d-47db-b3f8-20b0bcb8a3f5: receive RaftClientReply:client-7D6108789623->f80c66c4-8a3d-47db-b3f8-20b0bcb8a3f5@group-7D2873B646E2, cid=2471, SUCCESS, logIndex=3643, commits[f80c66c4-8a3d-47db-b3f8-20b0bcb8a3f5:c3644, 6e9bc0f4-a324-4be3-b201-2d39df7dad8a:c3640, cffe1303-2f93-4087-8a62-a40745db49f2:c3640]
2019-07-10 09:50:59,034 INFO  client.GrpcClientProtocolClient (GrpcClientProtocolClient.java:onNext(255)) - client-7D6108789623->f80c66c4-8a3d-47db-b3f8-20b0bcb8a3f5: receive RaftClientReply:client-7D6108789623->f80c66c4-8a3d-47db-b3f8-20b0bcb8a3f5@group-7D2873B646E2, cid=2472, SUCCESS, logIndex=3644, commits[f80c66c4-8a3d-47db-b3f8-20b0bcb8a3f5:c3644, 6e9bc0f4-a324-4be3-b201-2d39df7dad8a:c3640, cffe1303-2f93-4087-8a62-a40745db49f2:c3640]
2019-07-10 09:50:59,047 INFO  client.GrpcClientProtocolClient (GrpcClientProtocolClient.java:onNext(255)) - client-7D6108789623->f80c66c4-8a3d-47db-b3f8-20b0bcb8a3f5: receive RaftClientReply:client-7D6108789623->f80c66c4-8a3d-47db-b3f8-20b0bcb8a3f5@group-7D2873B646E2, cid=2473, SUCCESS, logIndex=0, commits[f80c66c4-8a3d-47db-b3f8-20b0bcb8a3f5:c3645, 6e9bc0f4-a324-4be3-b201-2d39df7dad8a:c3644, cffe1303-2f93-4087-8a62-a40745db49f2:c3644]
2019-07-10 09:50:59,103 INFO  client.GrpcClientProtocolClient (GrpcClientProtocolClient.java:onNext(255)) - client-7D6108789623->f80c66c4-8a3d-47db-b3f8-20b0bcb8a3f5: receive RaftClientReply:client-7D6108789623->f80c66c4-8a3d-47db-b3f8-20b0bcb8a3f5@group-7D2873B646E2, cid=2474, SUCCESS, logIndex=3647, commits[f80c66c4-8a3d-47db-b3f8-20b0bcb8a3f5:c3648, 6e9bc0f4-a324-4be3-b201-2d39df7dad8a:c3644, cffe1303-2f93-4087-8a62-a40745db49f2:c3646]
2019-07-10 09:50:59,104 INFO  client.GrpcClientProtocolClient (GrpcClientProtocolClient.java:onNext(255)) - client-7D6108789623->f80c66c4-8a3d-47db-b3f8-20b0bcb8a3f5: receive RaftClientReply:client-7D6108789623->f80c66c4-8a3d-47db-b3f8-20b0bcb8a3f5@group-7D2873B646E2, cid=2475, SUCCESS, logIndex=3648, commits[f80c66c4-8a3d-47db-b3f8-20b0bcb8a3f5:c3648, 6e9bc0f4-a324-4be3-b201-2d39df7dad8a:c3646, cffe1303-2f93-4087-8a62-a40745db49f2:c3646]
2019-07-10 09:50:59,108 INFO  client.GrpcClientProtocolClient (GrpcClientProtocolClient.java:onNext(255)) - client-7D6108789623->f80c66c4-8a3d-47db-b3f8-20b0bcb8a3f5: receive RaftClientReply:client-7D6108789623->f80c66c4-8a3d-47db-b3f8-20b0bcb8a3f5@group-7D2873B646E2, cid=2476, SUCCESS, logIndex=3649, commits[f80c66c4-8a3d-47db-b3f8-20b0bcb8a3f5:c3650, 6e9bc0f4-a324-4be3-b201-2d39df7dad8a:c3646, cffe1303-2f93-4087-8a62-a40745db49f2:c3646]
2019-07-10 09:50:59,109 INFO  client.GrpcClientProtocolClient (GrpcClientProtocolClient.java:onNext(255)) - client-7D6108789623->f80c66c4-8a3d-47db-b3f8-20b0bcb8a3f5: receive RaftClientReply:client-7D6108789623->f80c66c4-8a3d-47db-b3f8-20b0bcb8a3f5@group-7D2873B646E2, cid=2477, SUCCESS, logIndex=3650, commits[f80c66c4-8a3d-47db-b3f8-20b0bcb8a3f5:c3650, 6e9bc0f4-a324-4be3-b201-2d39df7dad8a:c3646, cffe1303-2f93-4087-8a62-a40745db49f2:c3646]
2019-07-10 09:50:59,111 INFO  client.GrpcClientProtocolClient (GrpcClientProtocolClient.java:onNext(255)) - client-7D6108789623->f80c66c4-8a3d-47db-b3f8-20b0bcb8a3f5: receive RaftClientReply:client-7D6108789623->f80c66c4-8a3d-47db-b3f8-20b0bcb8a3f5@group-7D2873B646E2, cid=2478, SUCCESS, logIndex=0, commits[f80c66c4-8a3d-47db-b3f8-20b0bcb8a3f5:c3652, 6e9bc0f4-a324-4be3-b201-2d39df7dad8a:c3648, cffe1303-2f93-4087-8a62-a40745db49f2:c3648]
 0.00% |█                                                                                                    |  0/1 Time: 0:00:232019-07-10 09:50:59,246 INFO  client.GrpcClientProtocolClient (GrpcClientProtocolClient.java:onNext(255)) - client-7D6108789623->f80c66c4-8a3d-47db-b3f8-20b0bcb8a3f5: receive RaftClientReply:client-7D6108789623->f80c66c4-8a3d-47db-b3f8-20b0bcb8a3f5@group-7D2873B646E2, cid=2479, SUCCESS, logIndex=3655, commits[f80c66c4-8a3d-47db-b3f8-20b0bcb8a3f5:c3656, 6e9bc0f4-a324-4be3-b201-2d39df7dad8a:c3648, cffe1303-2f93-4087-8a62-a40745db49f2:c3654]
2019-07-10 09:50:59,246 INFO  client.GrpcClientProtocolClient (GrpcClientProtocolClient.java:onNext(255)) - client-7D6108789623->f80c66c4-8a3d-47db-b3f8-20b0bcb8a3f5: receive RaftClientReply:client-7D6108789623->f80c66c4-8a3d-47db-b3f8-20b0bcb8a3f5@group-7D2873B646E2, cid=2480, SUCCESS, logIndex=3656, commits[f80c66c4-8a3d-47db-b3f8-20b0bcb8a3f5:c3656, 6e9bc0f4-a324-4be3-b201-2d39df7dad8a:c3654, cffe1303-2f93-4087-8a62-a40745db49f2:c3654]
2019-07-10 09:50:59,278 INFO  client.GrpcClientProtocolClient (GrpcClientProtocolClient.java:onNext(255)) - client-7D6108789623->f80c66c4-8a3d-47db-b3f8-20b0bcb8a3f5: receive RaftClientReply:client-7D6108789623->f80c66c4-8a3d-47db-b3f8-20b0bcb8a3f5@group-7D2873B646E2, cid=2481, SUCCESS, logIndex=3659, commits[f80c66c4-8a3d-47db-b3f8-20b0bcb8a3f5:c3660, 6e9bc0f4-a324-4be3-b201-2d39df7dad8a:c3658, cffe1303-2f93-4087-8a62-a40745db49f2:c3658]
2019-07-10 09:50:59,278 INFO  client.GrpcClientProtocolClient (GrpcClientProtocolClient.java:onNext(255)) - client-7D6108789623->f80c66c4-8a3d-47db-b3f8-20b0bcb8a3f5: receive RaftClientReply:client-7D6108789623->f80c66c4-8a3d-47db-b3f8-20b0bcb8a3f5@group-7D2873B646E2, cid=2482, SUCCESS, logIndex=3660, commits[f80c66c4-8a3d-47db-b3f8-20b0bcb8a3f5:c3660, 6e9bc0f4-a324-4be3-b201-2d39df7dad8a:c3658, cffe1303-2f93-4087-8a62-a40745db49f2:c3658]
2019-07-10 09:50:59,295 INFO  client.GrpcClientProtocolClient (GrpcClientProtocolClient.java:onNext(255)) - client-7D6108789623->f80c66c4-8a3d-47db-b3f8-20b0bcb8a3f5: receive RaftClientReply:client-7D6108789623->f80c66c4-8a3d-47db-b3f8-20b0bcb8a3f5@group-7D2873B646E2, cid=2483, SUCCESS, logIndex=0, commits[f80c66c4-8a3d-47db-b3f8-20b0bcb8a3f5:c3662, 6e9bc0f4-a324-4be3-b201-2d39df7dad8a:c3660, cffe1303-2f93-4087-8a62-a40745db49f2:c3660]
2019-07-10 09:50:59,330 INFO  client.GrpcClientProtocolClient (GrpcClientProtocolClient.java:onNext(255)) - client-7D6108789623->f80c66c4-8a3d-47db-b3f8-20b0bcb8a3f5: receive RaftClientReply:client-7D6108789623->f80c66c4-8a3d-47db-b3f8-20b0bcb8a3f5@group-7D2873B646E2, cid=2484, SUCCESS, logIndex=3663, commits[f80c66c4-8a3d-47db-b3f8-20b0bcb8a3f5:c3664, 6e9bc0f4-a324-4be3-b201-2d39df7dad8a:c3662, cffe1303-2f93-4087-8a62-a40745db49f2:c3662]
2019-07-10 09:50:59,331 INFO  client.GrpcClientProtocolClient (GrpcClientProtocolClient.java:onNext(255)) - client-7D6108789623->f80c66c4-8a3d-47db-b3f8-20b0bcb8a3f5: receive RaftClientReply:client-7D6108789623->f80c66c4-8a3d-47db-b3f8-20b0bcb8a3f5@group-7D2873B646E2, cid=2485, SUCCESS, logIndex=3664, commits[f80c66c4-8a3d-47db-b3f8-20b0bcb8a3f5:c3664, 6e9bc0f4-a324-4be3-b201-2d39df7dad8a:c3662, cffe1303-2f93-4087-8a62-a40745db49f2:c3662]
2019-07-10 09:50:59,331 INFO  client.GrpcClientProtocolClient (GrpcClientProtocolClient.java:onNext(255)) - client-7D6108789623->f80c66c4-8a3d-47db-b3f8-20b0bcb8a3f5: receive RaftClientReply:client-7D6108789623->f80c66c4-8a3d-47db-b3f8-20b0bcb8a3f5@group-7D2873B646E2, cid=2486, SUCCESS, logIndex=3665, commits[f80c66c4-8a3d-47db-b3f8-20b0bcb8a3f5:c3666, 6e9bc0f4-a324-4be3-b201-2d39df7dad8a:c3662, cffe1303-2f93-4087-8a62-a40745db49f2:c3662]
2019-07-10 09:50:59,332 INFO  client.GrpcClientProtocolClient (GrpcClientProtocolClient.java:onNext(255)) - client-7D6108789623->f80c66c4-8a3d-47db-b3f8-20b0bcb8a3f5: receive RaftClientReply:client-7D6108789623->f80c66c4-8a3d-47db-b3f8-20b0bcb8a3f5@group-7D2873B646E2, cid=2487, SUCCESS, logIndex=3666, commits[f80c66c4-8a3d-47db-b3f8-20b0bcb8a3f5:c3666, 6e9bc0f4-a324-4be3-b201-2d39df7dad8a:c3662, cffe1303-2f93-4087-8a62-a40745db49f2:c3662]
2019-07-10 09:50:59,337 INFO  client.GrpcClientProtocolClient (GrpcClientProtocolClient.java:onNext(255)) - client-7D6108789623->f80c66c4-8a3d-47db-b3f8-20b0bcb8a3f5: receive RaftClientReply:client-7D6108789623->f80c66c4-8a3d-47db-b3f8-20b0bcb8a3f5@group-7D2873B646E2, cid=2488, SUCCESS, logIndex=0, commits[f80c66c4-8a3d-47db-b3f8-20b0bcb8a3f5:c3668, 6e9bc0f4-a324-4be3-b201-2d39df7dad8a:c3664, cffe1303-2f93-4087-8a62-a40745db49f2:c3664]
2019-07-10 09:50:59,352 INFO  client.GrpcClientProtocolClient (GrpcClientProtocolClient.java:onNext(255)) - client-7D6108789623->f80c66c4-8a3d-47db-b3f8-20b0bcb8a3f5: receive RaftClientReply:client-7D6108789623->f80c66c4-8a3d-47db-b3f8-20b0bcb8a3f5@group-7D2873B646E2, cid=2489, SUCCESS, logIndex=3671, commits[f80c66c4-8a3d-47db-b3f8-20b0bcb8a3f5:c3672, 6e9bc0f4-a324-4be3-b201-2d39df7dad8a:c3670, cffe1303-2f93-4087-8a62-a40745db49f2:c3670]
2019-07-10 09:50:59,352 INFO  client.GrpcClientProtocolClient (GrpcClientProtocolClient.java:onNext(255)) - client-7D6108789623->f80c66c4-8a3d-47db-b3f8-20b0bcb8a3f5: receive RaftClientReply:client-7D6108789623->f80c66c4-8a3d-47db-b3f8-20b0bcb8a3f5@group-7D2873B646E2, cid=2490, SUCCESS, logIndex=3672, commits[f80c66c4-8a3d-47db-b3f8-20b0bcb8a3f5:c3672, 6e9bc0f4-a324-4be3-b201-2d39df7dad8a:c3670, cffe1303-2f93-4087-8a62-a40745db49f2:c3670]
2019-07-10 09:50:59,382 INFO  client.GrpcClientProtocolClient (GrpcClientProtocolClient.java:onNext(255)) - client-7D6108789623->f80c66c4-8a3d-47db-b3f8-20b0bcb8a3f5: receive RaftClientReply:client-7D6108789623->f80c66c4-8a3d-47db-b3f8-20b0bcb8a3f5@group-7D2873B646E2, cid=2491, SUCCESS, logIndex=3675, commits[f80c66c4-8a3d-47db-b3f8-20b0bcb8a3f5:c3676, 6e9bc0f4-a324-4be3-b201-2d39df7dad8a:c3672, cffe1303-2f93-4087-8a62-a40745db49f2:c3672]
2019-07-10 09:50:59,383 INFO  client.GrpcClientProtocolClient (GrpcClientProtocolClient.java:onNext(255)) - client-7D6108789623->f80c66c4-8a3d-47db-b3f8-20b0bcb8a3f5: receive RaftClientReply:client-7D6108789623->f80c66c4-8a3d-47db-b3f8-20b0bcb8a3f5@group-7D2873B646E2, cid=2492, SUCCESS, logIndex=3676, commits[f80c66c4-8a3d-47db-b3f8-20b0bcb8a3f5:c3676, 6e9bc0f4-a324-4be3-b201-2d39df7dad8a:c3672, cffe1303-2f93-4087-8a62-a40745db49f2:c3672]
2019-07-10 09:50:59,403 INFO  client.GrpcClientProtocolClient (GrpcClientProtocolClient.java:onNext(255)) - client-7D6108789623->f80c66c4-8a3d-47db-b3f8-20b0bcb8a3f5: receive RaftClientReply:client-7D6108789623->f80c66c4-8a3d-47db-b3f8-20b0bcb8a3f5@group-7D2873B646E2, cid=2493, SUCCESS, logIndex=0, commits[f80c66c4-8a3d-47db-b3f8-20b0bcb8a3f5:c3677, 6e9bc0f4-a324-4be3-b201-2d39df7dad8a:c3676, cffe1303-2f93-4087-8a62-a40745db49f2:c3676]
2019-07-10 09:50:59,435 INFO  client.GrpcClientProtocolClient (GrpcClientProtocolClient.java:onNext(255)) - client-7D6108789623->f80c66c4-8a3d-47db-b3f8-20b0bcb8a3f5: receive RaftClientReply:client-7D6108789623->f80c66c4-8a3d-47db-b3f8-20b0bcb8a3f5@group-7D2873B646E2, cid=2494, SUCCESS, logIndex=3679, commits[f80c66c4-8a3d-47db-b3f8-20b0bcb8a3f5:c3680, 6e9bc0f4-a324-4be3-b201-2d39df7dad8a:c3678, cffe1303-2f93-4087-8a62-a40745db49f2:c3678]
2019-07-10 09:50:59,435 INFO  client.GrpcClientProtocolClient (GrpcClientProtocolClient.java:onNext(255)) - client-7D6108789623->f80c66c4-8a3d-47db-b3f8-20b0bcb8a3f5: receive RaftClientReply:client-7D6108789623->f80c66c4-8a3d-47db-b3f8-20b0bcb8a3f5@group-7D2873B646E2, cid=2495, SUCCESS, logIndex=3680, commits[f80c66c4-8a3d-47db-b3f8-20b0bcb8a3f5:c3682, 6e9bc0f4-a324-4be3-b201-2d39df7dad8a:c3678, cffe1303-2f93-4087-8a62-a40745db49f2:c3678]
2019-07-10 09:50:59,436 INFO  client.GrpcClientProtocolClient (GrpcClientProtocolClient.java:onNext(255)) - client-7D6108789623->f80c66c4-8a3d-47db-b3f8-20b0bcb8a3f5: receive RaftClientReply:client-7D6108789623->f80c66c4-8a3d-47db-b3f8-20b0bcb8a3f5@group-7D2873B646E2, cid=2496, SUCCESS, logIndex=3681, commits[f80c66c4-8a3d-47db-b3f8-20b0bcb8a3f5:c3682, 6e9bc0f4-a324-4be3-b201-2d39df7dad8a:c3678, cffe1303-2f93-4087-8a62-a40745db49f2:c3678]
2019-07-10 09:50:59,437 INFO  client.GrpcClientProtocolClient (GrpcClientProtocolClient.java:onNext(255)) - client-7D6108789623->f80c66c4-8a3d-47db-b3f8-20b0bcb8a3f5: receive RaftClientReply:client-7D6108789623->f80c66c4-8a3d-47db-b3f8-20b0bcb8a3f5@group-7D2873B646E2, cid=2497, SUCCESS, logIndex=3682, commits[f80c66c4-8a3d-47db-b3f8-20b0bcb8a3f5:c3683, 6e9bc0f4-a324-4be3-b201-2d39df7dad8a:c3679, cffe1303-2f93-4087-8a62-a40745db49f2:c3679]
2019-07-10 09:50:59,440 INFO  client.GrpcClientProtocolClient (GrpcClientProtocolClient.java:onNext(255)) - client-7D6108789623->f80c66c4-8a3d-47db-b3f8-20b0bcb8a3f5: receive RaftClientReply:client-7D6108789623->f80c66c4-8a3d-47db-b3f8-20b0bcb8a3f5@group-7D2873B646E2, cid=2498, SUCCESS, logIndex=0, commits[f80c66c4-8a3d-47db-b3f8-20b0bcb8a3f5:c3684, 6e9bc0f4-a324-4be3-b201-2d39df7dad8a:c3680, cffe1303-2f93-4087-8a62-a40745db49f2:c3680]
2019-07-10 09:50:59,460 INFO  client.GrpcClientProtocolClient (GrpcClientProtocolClient.java:onNext(255)) - client-7D6108789623->f80c66c4-8a3d-47db-b3f8-20b0bcb8a3f5: receive RaftClientReply:client-7D6108789623->f80c66c4-8a3d-47db-b3f8-20b0bcb8a3f5@group-7D2873B646E2, cid=2499, SUCCESS, logIndex=3686, commits[f80c66c4-8a3d-47db-b3f8-20b0bcb8a3f5:c3687, 6e9bc0f4-a324-4be3-b201-2d39df7dad8a:c3685, cffe1303-2f93-4087-8a62-a40745db49f2:c3685]
2019-07-10 09:50:59,461 INFO  client.GrpcClientProtocolClient (GrpcClientProtocolClient.java:onNext(255)) - client-7D6108789623->f80c66c4-8a3d-47db-b3f8-20b0bcb8a3f5: receive RaftClientReply:client-7D6108789623->f80c66c4-8a3d-47db-b3f8-20b0bcb8a3f5@group-7D2873B646E2, cid=2500, SUCCESS, logIndex=3687, commits[f80c66c4-8a3d-47db-b3f8-20b0bcb8a3f5:c3687, 6e9bc0f4-a324-4be3-b201-2d39df7dad8a:c3685, cffe1303-2f93-4087-8a62-a40745db49f2:c3685]
2019-07-10 09:50:59,490 INFO  client.GrpcClientProtocolClient (GrpcClientProtocolClient.java:onNext(255)) - client-7D6108789623->f80c66c4-8a3d-47db-b3f8-20b0bcb8a3f5: receive RaftClientReply:client-7D6108789623->f80c66c4-8a3d-47db-b3f8-20b0bcb8a3f5@group-7D2873B646E2, cid=2501, SUCCESS, logIndex=3690, commits[f80c66c4-8a3d-47db-b3f8-20b0bcb8a3f5:c3690, 6e9bc0f4-a324-4be3-b201-2d39df7dad8a:c3687, cffe1303-2f93-4087-8a62-a40745db49f2:c3687]
2019-07-10 09:50:59,490 INFO  client.GrpcClientProtocolClient (GrpcClientProtocolClient.java:onNext(255)) - client-7D6108789623->f80c66c4-8a3d-47db-b3f8-20b0bcb8a3f5: receive RaftClientReply:client-7D6108789623->f80c66c4-8a3d-47db-b3f8-20b0bcb8a3f5@group-7D2873B646E2, cid=2502, SUCCESS, logIndex=3691, commits[f80c66c4-8a3d-47db-b3f8-20b0bcb8a3f5:c3691, 6e9bc0f4-a324-4be3-b201-2d39df7dad8a:c3687, cffe1303-2f93-4087-8a62-a40745db49f2:c3687]
2019-07-10 09:50:59,511 INFO  client.GrpcClientProtocolClient (GrpcClientProtocolClient.java:onNext(255)) - client-7D6108789623->f80c66c4-8a3d-47db-b3f8-20b0bcb8a3f5: receive RaftClientReply:client-7D6108789623->f80c66c4-8a3d-47db-b3f8-20b0bcb8a3f5@group-7D2873B646E2, cid=2503, SUCCESS, logIndex=0, commits[f80c66c4-8a3d-47db-b3f8-20b0bcb8a3f5:c3693, 6e9bc0f4-a324-4be3-b201-2d39df7dad8a:c3691, cffe1303-2f93-4087-8a62-a40745db49f2:c3691]
2019-07-10 09:50:59,542 INFO  client.GrpcClientProtocolClient (GrpcClientProtocolClient.java:onNext(255)) - client-7D6108789623->f80c66c4-8a3d-47db-b3f8-20b0bcb8a3f5: receive RaftClientReply:client-7D6108789623->f80c66c4-8a3d-47db-b3f8-20b0bcb8a3f5@group-7D2873B646E2, cid=2504, SUCCESS, logIndex=3694, commits[f80c66c4-8a3d-47db-b3f8-20b0bcb8a3f5:c3696, 6e9bc0f4-a324-4be3-b201-2d39df7dad8a:c3693, cffe1303-2f93-4087-8a62-a40745db49f2:c3693]
2019-07-10 09:50:59,543 INFO  client.GrpcClientProtocolClient (GrpcClientProtocolClient.java:onNext(255)) - client-7D6108789623->f80c66c4-8a3d-47db-b3f8-20b0bcb8a3f5: receive RaftClientReply:client-7D6108789623->f80c66c4-8a3d-47db-b3f8-20b0bcb8a3f5@group-7D2873B646E2, cid=2505, SUCCESS, logIndex=3695, commits[f80c66c4-8a3d-47db-b3f8-20b0bcb8a3f5:c3697, 6e9bc0f4-a324-4be3-b201-2d39df7dad8a:c3693, cffe1303-2f93-4087-8a62-a40745db49f2:c3693]
2019-07-10 09:50:59,543 INFO  client.GrpcClientProtocolClient (GrpcClientProtocolClient.java:onNext(255)) - client-7D6108789623->f80c66c4-8a3d-47db-b3f8-20b0bcb8a3f5: receive RaftClientReply:client-7D6108789623->f80c66c4-8a3d-47db-b3f8-20b0bcb8a3f5@group-7D2873B646E2, cid=2506, SUCCESS, logIndex=3696, commits[f80c66c4-8a3d-47db-b3f8-20b0bcb8a3f5:c3697, 6e9bc0f4-a324-4be3-b201-2d39df7dad8a:c3693, cffe1303-2f93-4087-8a62-a40745db49f2:c3693]
2019-07-10 09:50:59,544 INFO  client.GrpcClientProtocolClient (GrpcClientProtocolClient.java:onNext(255)) - client-7D6108789623->f80c66c4-8a3d-47db-b3f8-20b0bcb8a3f5: receive RaftClientReply:client-7D6108789623->f80c66c4-8a3d-47db-b3f8-20b0bcb8a3f5@group-7D2873B646E2, cid=2507, SUCCESS, logIndex=3697, commits[f80c66c4-8a3d-47db-b3f8-20b0bcb8a3f5:c3697, 6e9bc0f4-a324-4be3-b201-2d39df7dad8a:c3693, cffe1303-2f93-4087-8a62-a40745db49f2:c3693]
2019-07-10 09:50:59,547 INFO  client.GrpcClientProtocolClient (GrpcClientProtocolClient.java:onNext(255)) - client-7D6108789623->f80c66c4-8a3d-47db-b3f8-20b0bcb8a3f5: receive RaftClientReply:client-7D6108789623->f80c66c4-8a3d-47db-b3f8-20b0bcb8a3f5@group-7D2873B646E2, cid=2508, SUCCESS, logIndex=0, commits[f80c66c4-8a3d-47db-b3f8-20b0bcb8a3f5:c3700, 6e9bc0f4-a324-4be3-b201-2d39df7dad8a:c3696, cffe1303-2f93-4087-8a62-a40745db49f2:c3696]
2019-07-10 09:50:59,568 INFO  client.GrpcClientProtocolClient (GrpcClientProtocolClient.java:onNext(255)) - client-7D6108789623->f80c66c4-8a3d-47db-b3f8-20b0bcb8a3f5: receive RaftClientReply:client-7D6108789623->f80c66c4-8a3d-47db-b3f8-20b0bcb8a3f5@group-7D2873B646E2, cid=2509, SUCCESS, logIndex=3702, commits[f80c66c4-8a3d-47db-b3f8-20b0bcb8a3f5:c3703, 6e9bc0f4-a324-4be3-b201-2d39df7dad8a:c3701, cffe1303-2f93-4087-8a62-a40745db49f2:c3701]
2019-07-10 09:50:59,568 INFO  client.GrpcClientProtocolClient (GrpcClientProtocolClient.java:onNext(255)) - client-7D6108789623->f80c66c4-8a3d-47db-b3f8-20b0bcb8a3f5: receive RaftClientReply:client-7D6108789623->f80c66c4-8a3d-47db-b3f8-20b0bcb8a3f5@group-7D2873B646E2, cid=2510, SUCCESS, logIndex=3703, commits[f80c66c4-8a3d-47db-b3f8-20b0bcb8a3f5:c3703, 6e9bc0f4-a324-4be3-b201-2d39df7dad8a:c3701, cffe1303-2f93-4087-8a62-a40745db49f2:c3701]
2019-07-10 09:50:59,581 INFO  client.GrpcClientProtocolClient (GrpcClientProtocolClient.java:onNext(255)) - client-7D6108789623->f80c66c4-8a3d-47db-b3f8-20b0bcb8a3f5: receive RaftClientReply:client-7D6108789623->f80c66c4-8a3d-47db-b3f8-20b0bcb8a3f5@group-7D2873B646E2, cid=2511, SUCCESS, logIndex=3706, commits[f80c66c4-8a3d-47db-b3f8-20b0bcb8a3f5:c3707, 6e9bc0f4-a324-4be3-b201-2d39df7dad8a:c3703, cffe1303-2f93-4087-8a62-a40745db49f2:c3702]
2019-07-10 09:50:59,582 INFO  client.GrpcClientProtocolClient (GrpcClientProtocolClient.java:onNext(255)) - client-7D6108789623->f80c66c4-8a3d-47db-b3f8-20b0bcb8a3f5: receive RaftClientReply:client-7D6108789623->f80c66c4-8a3d-47db-b3f8-20b0bcb8a3f5@group-7D2873B646E2, cid=2512, SUCCESS, logIndex=3707, commits[f80c66c4-8a3d-47db-b3f8-20b0bcb8a3f5:c3707, 6e9bc0f4-a324-4be3-b201-2d39df7dad8a:c3703, cffe1303-2f93-4087-8a62-a40745db49f2:c3702]
2019-07-10 09:50:59,590 INFO  client.GrpcClientProtocolClient (GrpcClientProtocolClient.java:onNext(255)) - client-7D6108789623->f80c66c4-8a3d-47db-b3f8-20b0bcb8a3f5: receive RaftClientReply:client-7D6108789623->f80c66c4-8a3d-47db-b3f8-20b0bcb8a3f5@group-7D2873B646E2, cid=2513, SUCCESS, logIndex=0, commits[f80c66c4-8a3d-47db-b3f8-20b0bcb8a3f5:c3707, 6e9bc0f4-a324-4be3-b201-2d39df7dad8a:c3703, cffe1303-2f93-4087-8a62-a40745db49f2:c3703]
2019-07-10 09:50:59,591 INFO  client.GrpcClientProtocolClient (GrpcClientProtocolClient.java:onNext(255)) - client-7D6108789623->f80c66c4-8a3d-47db-b3f8-20b0bcb8a3f5: receive RaftClientReply:client-7D6108789623->f80c66c4-8a3d-47db-b3f8-20b0bcb8a3f5@group-7D2873B646E2, cid=2514, SUCCESS, logIndex=0, commits[f80c66c4-8a3d-47db-b3f8-20b0bcb8a3f5:c3709, 6e9bc0f4-a324-4be3-b201-2d39df7dad8a:c3707, cffe1303-2f93-4087-8a62-a40745db49f2:c3707]
2019-07-10 09:50:59,612 INFO  client.GrpcClientProtocolClient (GrpcClientProtocolClient.java:onNext(255)) - client-7D6108789623->f80c66c4-8a3d-47db-b3f8-20b0bcb8a3f5: receive RaftClientReply:client-7D6108789623->f80c66c4-8a3d-47db-b3f8-20b0bcb8a3f5@group-7D2873B646E2, cid=2515, SUCCESS, logIndex=3710, commits[f80c66c4-8a3d-47db-b3f8-20b0bcb8a3f5:c3711, 6e9bc0f4-a324-4be3-b201-2d39df7dad8a:c3707, cffe1303-2f93-4087-8a62-a40745db49f2:c3709]
2019-07-10 09:50:59,612 INFO  client.GrpcClientProtocolClient (GrpcClientProtocolClient.java:onNext(255)) - client-7D6108789623->f80c66c4-8a3d-47db-b3f8-20b0bcb8a3f5: receive RaftClientReply:client-7D6108789623->f80c66c4-8a3d-47db-b3f8-20b0bcb8a3f5@group-7D2873B646E2, cid=2516, SUCCESS, logIndex=3711, commits[f80c66c4-8a3d-47db-b3f8-20b0bcb8a3f5:c3711, 6e9bc0f4-a324-4be3-b201-2d39df7dad8a:c3707, cffe1303-2f93-4087-8a62-a40745db49f2:c3709]
2019-07-10 09:50:59,614 INFO  client.GrpcClientProtocolClient (GrpcClientProtocolClient.java:onNext(255)) - client-7D6108789623->f80c66c4-8a3d-47db-b3f8-20b0bcb8a3f5: receive RaftClientReply:client-7D6108789623->f80c66c4-8a3d-47db-b3f8-20b0bcb8a3f5@group-7D2873B646E2, cid=2517, SUCCESS, logIndex=3712, commits[f80c66c4-8a3d-47db-b3f8-20b0bcb8a3f5:c3713, 6e9bc0f4-a324-4be3-b201-2d39df7dad8a:c3709, cffe1303-2f93-4087-8a62-a40745db49f2:c3709]
2019-07-10 09:50:59,614 INFO  client.GrpcClientProtocolClient (GrpcClientProtocolClient.java:onNext(255)) - client-7D6108789623->f80c66c4-8a3d-47db-b3f8-20b0bcb8a3f5: receive RaftClientReply:client-7D6108789623->f80c66c4-8a3d-47db-b3f8-20b0bcb8a3f5@group-7D2873B646E2, cid=2518, SUCCESS, logIndex=3713, commits[f80c66c4-8a3d-47db-b3f8-20b0bcb8a3f5:c3713, 6e9bc0f4-a324-4be3-b201-2d39df7dad8a:c3709, cffe1303-2f93-4087-8a62-a40745db49f2:c3709]
2019-07-10 09:50:59,634 INFO  client.GrpcClientProtocolClient (GrpcClientProtocolClient.java:onNext(255)) - client-7D6108789623->f80c66c4-8a3d-47db-b3f8-20b0bcb8a3f5: receive RaftClientReply:client-7D6108789623->f80c66c4-8a3d-47db-b3f8-20b0bcb8a3f5@group-7D2873B646E2, cid=2519, SUCCESS, logIndex=0, commits[f80c66c4-8a3d-47db-b3f8-20b0bcb8a3f5:c3715, 6e9bc0f4-a324-4be3-b201-2d39df7dad8a:c3711, cffe1303-2f93-4087-8a62-a40745db49f2:c3711]
2019-07-10 09:50:59,653 INFO  client.GrpcClientProtocolClient (GrpcClientProtocolClient.java:onNext(255)) - client-7D6108789623->f80c66c4-8a3d-47db-b3f8-20b0bcb8a3f5: receive RaftClientReply:client-7D6108789623->f80c66c4-8a3d-47db-b3f8-20b0bcb8a3f5@group-7D2873B646E2, cid=2520, SUCCESS, logIndex=3718, commits[f80c66c4-8a3d-47db-b3f8-20b0bcb8a3f5:c3719, 6e9bc0f4-a324-4be3-b201-2d39df7dad8a:c3713, cffe1303-2f93-4087-8a62-a40745db49f2:c3717]
2019-07-10 09:50:59,653 INFO  client.GrpcClientProtocolClient (GrpcClientProtocolClient.java:onNext(255)) - client-7D6108789623->f80c66c4-8a3d-47db-b3f8-20b0bcb8a3f5: receive RaftClientReply:client-7D6108789623->f80c66c4-8a3d-47db-b3f8-20b0bcb8a3f5@group-7D2873B646E2, cid=2521, SUCCESS, logIndex=3719, commits[f80c66c4-8a3d-47db-b3f8-20b0bcb8a3f5:c3719, 6e9bc0f4-a324-4be3-b201-2d39df7dad8a:c3717, cffe1303-2f93-4087-8a62-a40745db49f2:c3717]
2019-07-10 09:50:59,675 INFO  client.GrpcClientProtocolClient (GrpcClientProtocolClient.java:onNext(255)) - client-7D6108789623->f80c66c4-8a3d-47db-b3f8-20b0bcb8a3f5: receive RaftClientReply:client-7D6108789623->f80c66c4-8a3d-47db-b3f8-20b0bcb8a3f5@group-7D2873B646E2, cid=2522, SUCCESS, logIndex=3722, commits[f80c66c4-8a3d-47db-b3f8-20b0bcb8a3f5:c3723, 6e9bc0f4-a324-4be3-b201-2d39df7dad8a:c3719, cffe1303-2f93-4087-8a62-a40745db49f2:c3719]
2019-07-10 09:50:59,675 INFO  client.GrpcClientProtocolClient (GrpcClientProtocolClient.java:onNext(255)) - client-7D6108789623->f80c66c4-8a3d-47db-b3f8-20b0bcb8a3f5: receive RaftClientReply:client-7D6108789623->f80c66c4-8a3d-47db-b3f8-20b0bcb8a3f5@group-7D2873B646E2, cid=2523, SUCCESS, logIndex=3723, commits[f80c66c4-8a3d-47db-b3f8-20b0bcb8a3f5:c3723, 6e9bc0f4-a324-4be3-b201-2d39df7dad8a:c3719, cffe1303-2f93-4087-8a62-a40745db49f2:c3719]
2019-07-10 09:50:59,698 INFO  client.GrpcClientProtocolClient (GrpcClientProtocolClient.java:onNext(255)) - client-7D6108789623->f80c66c4-8a3d-47db-b3f8-20b0bcb8a3f5: receive RaftClientReply:client-7D6108789623->f80c66c4-8a3d-47db-b3f8-20b0bcb8a3f5@group-7D2873B646E2, cid=2524, SUCCESS, logIndex=0, commits[f80c66c4-8a3d-47db-b3f8-20b0bcb8a3f5:c3725, 6e9bc0f4-a324-4be3-b201-2d39df7dad8a:c3723, cffe1303-2f93-4087-8a62-a40745db49f2:c3723]
2019-07-10 09:50:59,727 INFO  client.GrpcClientProtocolClient (GrpcClientProtocolClient.java:onNext(255)) - client-7D6108789623->f80c66c4-8a3d-47db-b3f8-20b0bcb8a3f5: receive RaftClientReply:client-7D6108789623->f80c66c4-8a3d-47db-b3f8-20b0bcb8a3f5@group-7D2873B646E2, cid=2525, SUCCESS, logIndex=3726, commits[f80c66c4-8a3d-47db-b3f8-20b0bcb8a3f5:c3727, 6e9bc0f4-a324-4be3-b201-2d39df7dad8a:c3725, cffe1303-2f93-4087-8a62-a40745db49f2:c3725]
2019-07-10 09:50:59,727 INFO  client.GrpcClientProtocolClient (GrpcClientProtocolClient.java:onNext(255)) - client-7D6108789623->f80c66c4-8a3d-47db-b3f8-20b0bcb8a3f5: receive RaftClientReply:client-7D6108789623->f80c66c4-8a3d-47db-b3f8-20b0bcb8a3f5@group-7D2873B646E2, cid=2526, SUCCESS, logIndex=3727, commits[f80c66c4-8a3d-47db-b3f8-20b0bcb8a3f5:c3727, 6e9bc0f4-a324-4be3-b201-2d39df7dad8a:c3725, cffe1303-2f93-4087-8a62-a40745db49f2:c3725]
2019-07-10 09:50:59,736 INFO  client.GrpcClientProtocolClient (GrpcClientProtocolClient.java:onNext(255)) - client-7D6108789623->f80c66c4-8a3d-47db-b3f8-20b0bcb8a3f5: receive RaftClientReply:client-7D6108789623->f80c66c4-8a3d-47db-b3f8-20b0bcb8a3f5@group-7D2873B646E2, cid=2527, SUCCESS, logIndex=3728, commits[f80c66c4-8a3d-47db-b3f8-20b0bcb8a3f5:c3728, 6e9bc0f4-a324-4be3-b201-2d39df7dad8a:c3725, cffe1303-2f93-4087-8a62-a40745db49f2:c3725]
2019-07-10 09:50:59,736 INFO  client.GrpcClientProtocolClient (GrpcClientProtocolClient.java:onNext(255)) - client-7D6108789623->f80c66c4-8a3d-47db-b3f8-20b0bcb8a3f5: receive RaftClientReply:client-7D6108789623->f80c66c4-8a3d-47db-b3f8-20b0bcb8a3f5@group-7D2873B646E2, cid=2528, SUCCESS, logIndex=3729, commits[f80c66c4-8a3d-47db-b3f8-20b0bcb8a3f5:c3729, 6e9bc0f4-a324-4be3-b201-2d39df7dad8a:c3725, cffe1303-2f93-4087-8a62-a40745db49f2:c3725]
2019-07-10 09:50:59,739 INFO  client.GrpcClientProtocolClient (GrpcClientProtocolClient.java:onNext(255)) - client-7D6108789623->f80c66c4-8a3d-47db-b3f8-20b0bcb8a3f5: receive RaftClientReply:client-7D6108789623->f80c66c4-8a3d-47db-b3f8-20b0bcb8a3f5@group-7D2873B646E2, cid=2529, SUCCESS, logIndex=0, commits[f80c66c4-8a3d-47db-b3f8-20b0bcb8a3f5:c3731, 6e9bc0f4-a324-4be3-b201-2d39df7dad8a:c3727, cffe1303-2f93-4087-8a62-a40745db49f2:c3727]
2019-07-10 09:50:59,752 INFO  client.GrpcClientProtocolClient (GrpcClientProtocolClient.java:onNext(255)) - client-7D6108789623->f80c66c4-8a3d-47db-b3f8-20b0bcb8a3f5: receive RaftClientReply:client-7D6108789623->f80c66c4-8a3d-47db-b3f8-20b0bcb8a3f5@group-7D2873B646E2, cid=2530, SUCCESS, logIndex=3734, commits[f80c66c4-8a3d-47db-b3f8-20b0bcb8a3f5:c3735, 6e9bc0f4-a324-4be3-b201-2d39df7dad8a:c3731, cffe1303-2f93-4087-8a62-a40745db49f2:c3729]
2019-07-10 09:50:59,752 INFO  client.GrpcClientProtocolClient (GrpcClientProtocolClient.java:onNext(255)) - client-7D6108789623->f80c66c4-8a3d-47db-b3f8-20b0bcb8a3f5: receive RaftClientReply:client-7D6108789623->f80c66c4-8a3d-47db-b3f8-20b0bcb8a3f5@group-7D2873B646E2, cid=2531, SUCCESS, logIndex=3735, commits[f80c66c4-8a3d-47db-b3f8-20b0bcb8a3f5:c3735, 6e9bc0f4-a324-4be3-b201-2d39df7dad8a:c3731, cffe1303-2f93-4087-8a62-a40745db49f2:c3731]
2019-07-10 09:50:59,775 INFO  client.GrpcClientProtocolClient (GrpcClientProtocolClient.java:onNext(255)) - client-7D6108789623->f80c66c4-8a3d-47db-b3f8-20b0bcb8a3f5: receive RaftClientReply:client-7D6108789623->f80c66c4-8a3d-47db-b3f8-20b0bcb8a3f5@group-7D2873B646E2, cid=2532, SUCCESS, logIndex=3737, commits[f80c66c4-8a3d-47db-b3f8-20b0bcb8a3f5:c3738, 6e9bc0f4-a324-4be3-b201-2d39df7dad8a:c3735, cffe1303-2f93-4087-8a62-a40745db49f2:c3735]
2019-07-10 09:50:59,775 INFO  client.GrpcClientProtocolClient (GrpcClientProtocolClient.java:onNext(255)) - client-7D6108789623->f80c66c4-8a3d-47db-b3f8-20b0bcb8a3f5: receive RaftClientReply:client-7D6108789623->f80c66c4-8a3d-47db-b3f8-20b0bcb8a3f5@group-7D2873B646E2, cid=2533, SUCCESS, logIndex=3738, commits[f80c66c4-8a3d-47db-b3f8-20b0bcb8a3f5:c3738, 6e9bc0f4-a324-4be3-b201-2d39df7dad8a:c3735, cffe1303-2f93-4087-8a62-a40745db49f2:c3735]
2019-07-10 09:50:59,797 INFO  client.GrpcClientProtocolClient (GrpcClientProtocolClient.java:onNext(255)) - client-7D6108789623->f80c66c4-8a3d-47db-b3f8-20b0bcb8a3f5: receive RaftClientReply:client-7D6108789623->f80c66c4-8a3d-47db-b3f8-20b0bcb8a3f5@group-7D2873B646E2, cid=2534, SUCCESS, logIndex=0, commits[f80c66c4-8a3d-47db-b3f8-20b0bcb8a3f5:c3740, 6e9bc0f4-a324-4be3-b201-2d39df7dad8a:c3738, cffe1303-2f93-4087-8a62-a40745db49f2:c3738]
2019-07-10 09:50:59,826 INFO  client.GrpcClientProtocolClient (GrpcClientProtocolClient.java:onNext(255)) - client-7D6108789623->f80c66c4-8a3d-47db-b3f8-20b0bcb8a3f5: receive RaftClientReply:client-7D6108789623->f80c66c4-8a3d-47db-b3f8-20b0bcb8a3f5@group-7D2873B646E2, cid=2535, SUCCESS, logIndex=3741, commits[f80c66c4-8a3d-47db-b3f8-20b0bcb8a3f5:c3742, 6e9bc0f4-a324-4be3-b201-2d39df7dad8a:c3740, cffe1303-2f93-4087-8a62-a40745db49f2:c3740]
2019-07-10 09:50:59,826 INFO  client.GrpcClientProtocolClient (GrpcClientProtocolClient.java:onNext(255)) - client-7D6108789623->f80c66c4-8a3d-47db-b3f8-20b0bcb8a3f5: receive RaftClientReply:client-7D6108789623->f80c66c4-8a3d-47db-b3f8-20b0bcb8a3f5@group-7D2873B646E2, cid=2536, SUCCESS, logIndex=3742, commits[f80c66c4-8a3d-47db-b3f8-20b0bcb8a3f5:c3742, 6e9bc0f4-a324-4be3-b201-2d39df7dad8a:c3740, cffe1303-2f93-4087-8a62-a40745db49f2:c3740]
2019-07-10 09:50:59,834 INFO  client.GrpcClientProtocolClient (GrpcClientProtocolClient.java:onNext(255)) - client-7D6108789623->f80c66c4-8a3d-47db-b3f8-20b0bcb8a3f5: receive RaftClientReply:client-7D6108789623->f80c66c4-8a3d-47db-b3f8-20b0bcb8a3f5@group-7D2873B646E2, cid=2537, SUCCESS, logIndex=3743, commits[f80c66c4-8a3d-47db-b3f8-20b0bcb8a3f5:c3744, 6e9bc0f4-a324-4be3-b201-2d39df7dad8a:c3740, cffe1303-2f93-4087-8a62-a40745db49f2:c3740]
2019-07-10 09:50:59,834 INFO  client.GrpcClientProtocolClient (GrpcClientProtocolClient.java:onNext(255)) - client-7D6108789623->f80c66c4-8a3d-47db-b3f8-20b0bcb8a3f5: receive RaftClientReply:client-7D6108789623->f80c66c4-8a3d-47db-b3f8-20b0bcb8a3f5@group-7D2873B646E2, cid=2538, SUCCESS, logIndex=3744, commits[f80c66c4-8a3d-47db-b3f8-20b0bcb8a3f5:c3744, 6e9bc0f4-a324-4be3-b201-2d39df7dad8a:c3740, cffe1303-2f93-4087-8a62-a40745db49f2:c3740]
2019-07-10 09:50:59,835 INFO  client.GrpcClientProtocolClient (GrpcClientProtocolClient.java:onNext(255)) - client-7D6108789623->f80c66c4-8a3d-47db-b3f8-20b0bcb8a3f5: receive RaftClientReply:client-7D6108789623->f80c66c4-8a3d-47db-b3f8-20b0bcb8a3f5@group-7D2873B646E2, cid=2539, SUCCESS, logIndex=0, commits[f80c66c4-8a3d-47db-b3f8-20b0bcb8a3f5:c3746, 6e9bc0f4-a324-4be3-b201-2d39df7dad8a:c3742, cffe1303-2f93-4087-8a62-a40745db49f2:c3742]
2019-07-10 09:50:59,846 INFO  client.GrpcClientProtocolClient (GrpcClientProtocolClient.java:onNext(255)) - client-7D6108789623->f80c66c4-8a3d-47db-b3f8-20b0bcb8a3f5: receive RaftClientReply:client-7D6108789623->f80c66c4-8a3d-47db-b3f8-20b0bcb8a3f5@group-7D2873B646E2, cid=2540, SUCCESS, logIndex=3749, commits[f80c66c4-8a3d-47db-b3f8-20b0bcb8a3f5:c3750, 6e9bc0f4-a324-4be3-b201-2d39df7dad8a:c3742, cffe1303-2f93-4087-8a62-a40745db49f2:c3748]
2019-07-10 09:50:59,847 INFO  client.GrpcClientProtocolClient (GrpcClientProtocolClient.java:onNext(255)) - client-7D6108789623->f80c66c4-8a3d-47db-b3f8-20b0bcb8a3f5: receive RaftClientReply:client-7D6108789623->f80c66c4-8a3d-47db-b3f8-20b0bcb8a3f5@group-7D2873B646E2, cid=2541, SUCCESS, logIndex=3750, commits[f80c66c4-8a3d-47db-b3f8-20b0bcb8a3f5:c3750, 6e9bc0f4-a324-4be3-b201-2d39df7dad8a:c3748, cffe1303-2f93-4087-8a62-a40745db49f2:c3748]
2019-07-10 09:50:59,862 INFO  client.GrpcClientProtocolClient (GrpcClientProtocolClient.java:onNext(255)) - client-7D6108789623->f80c66c4-8a3d-47db-b3f8-20b0bcb8a3f5: receive RaftClientReply:client-7D6108789623->f80c66c4-8a3d-47db-b3f8-20b0bcb8a3f5@group-7D2873B646E2, cid=2542, SUCCESS, logIndex=3753, commits[f80c66c4-8a3d-47db-b3f8-20b0bcb8a3f5:c3754, 6e9bc0f4-a324-4be3-b201-2d39df7dad8a:c3751, cffe1303-2f93-4087-8a62-a40745db49f2:c3751]
2019-07-10 09:50:59,862 INFO  client.GrpcClientProtocolClient (GrpcClientProtocolClient.java:onNext(255)) - client-7D6108789623->f80c66c4-8a3d-47db-b3f8-20b0bcb8a3f5: receive RaftClientReply:client-7D6108789623->f80c66c4-8a3d-47db-b3f8-20b0bcb8a3f5@group-7D2873B646E2, cid=2543, SUCCESS, logIndex=3754, commits[f80c66c4-8a3d-47db-b3f8-20b0bcb8a3f5:c3754, 6e9bc0f4-a324-4be3-b201-2d39df7dad8a:c3751, cffe1303-2f93-4087-8a62-a40745db49f2:c3751]
2019-07-10 09:50:59,875 INFO  client.GrpcClientProtocolClient (GrpcClientProtocolClient.java:onNext(255)) - client-7D6108789623->f80c66c4-8a3d-47db-b3f8-20b0bcb8a3f5: receive RaftClientReply:client-7D6108789623->f80c66c4-8a3d-47db-b3f8-20b0bcb8a3f5@group-7D2873B646E2, cid=2544, SUCCESS, logIndex=0, commits[f80c66c4-8a3d-47db-b3f8-20b0bcb8a3f5:c3756, 6e9bc0f4-a324-4be3-b201-2d39df7dad8a:c3754, cffe1303-2f93-4087-8a62-a40745db49f2:c3754]
2019-07-10 09:50:59,906 INFO  client.GrpcClientProtocolClient (GrpcClientProtocolClient.java:onNext(255)) - client-7D6108789623->f80c66c4-8a3d-47db-b3f8-20b0bcb8a3f5: receive RaftClientReply:client-7D6108789623->f80c66c4-8a3d-47db-b3f8-20b0bcb8a3f5@group-7D2873B646E2, cid=2545, SUCCESS, logIndex=3757, commits[f80c66c4-8a3d-47db-b3f8-20b0bcb8a3f5:c3758, 6e9bc0f4-a324-4be3-b201-2d39df7dad8a:c3756, cffe1303-2f93-4087-8a62-a40745db49f2:c3756]
2019-07-10 09:50:59,907 INFO  client.GrpcClientProtocolClient (GrpcClientProtocolClient.java:onNext(255)) - client-7D6108789623->f80c66c4-8a3d-47db-b3f8-20b0bcb8a3f5: receive RaftClientReply:client-7D6108789623->f80c66c4-8a3d-47db-b3f8-20b0bcb8a3f5@group-7D2873B646E2, cid=2546, SUCCESS, logIndex=3758, commits[f80c66c4-8a3d-47db-b3f8-20b0bcb8a3f5:c3760, 6e9bc0f4-a324-4be3-b201-2d39df7dad8a:c3756, cffe1303-2f93-4087-8a62-a40745db49f2:c3756]
2019-07-10 09:50:59,907 INFO  client.GrpcClientProtocolClient (GrpcClientProtocolClient.java:onNext(255)) - client-7D6108789623->f80c66c4-8a3d-47db-b3f8-20b0bcb8a3f5: receive RaftClientReply:client-7D6108789623->f80c66c4-8a3d-47db-b3f8-20b0bcb8a3f5@group-7D2873B646E2, cid=2547, SUCCESS, logIndex=3759, commits[f80c66c4-8a3d-47db-b3f8-20b0bcb8a3f5:c3760, 6e9bc0f4-a324-4be3-b201-2d39df7dad8a:c3756, cffe1303-2f93-4087-8a62-a40745db49f2:c3756]
2019-07-10 09:50:59,907 INFO  client.GrpcClientProtocolClient (GrpcClientProtocolClient.java:onNext(255)) - client-7D6108789623->f80c66c4-8a3d-47db-b3f8-20b0bcb8a3f5: receive RaftClientReply:client-7D6108789623->f80c66c4-8a3d-47db-b3f8-20b0bcb8a3f5@group-7D2873B646E2, cid=2548, SUCCESS, logIndex=3760, commits[f80c66c4-8a3d-47db-b3f8-20b0bcb8a3f5:c3760, 6e9bc0f4-a324-4be3-b201-2d39df7dad8a:c3756, cffe1303-2f93-4087-8a62-a40745db49f2:c3756]
2019-07-10 09:50:59,916 INFO  client.GrpcClientProtocolClient (GrpcClientProtocolClient.java:onNext(255)) - client-7D6108789623->f80c66c4-8a3d-47db-b3f8-20b0bcb8a3f5: receive RaftClientReply:client-7D6108789623->f80c66c4-8a3d-47db-b3f8-20b0bcb8a3f5@group-7D2873B646E2, cid=2549, SUCCESS, logIndex=0, commits[f80c66c4-8a3d-47db-b3f8-20b0bcb8a3f5:c3761, 6e9bc0f4-a324-4be3-b201-2d39df7dad8a:c3758, cffe1303-2f93-4087-8a62-a40745db49f2:c3758]
2019-07-10 09:50:59,933 INFO  client.GrpcClientProtocolClient (GrpcClientProtocolClient.java:onNext(255)) - client-7D6108789623->f80c66c4-8a3d-47db-b3f8-20b0bcb8a3f5: receive RaftClientReply:client-7D6108789623->f80c66c4-8a3d-47db-b3f8-20b0bcb8a3f5@group-7D2873B646E2, cid=2550, SUCCESS, logIndex=3764, commits[f80c66c4-8a3d-47db-b3f8-20b0bcb8a3f5:c3765, 6e9bc0f4-a324-4be3-b201-2d39df7dad8a:c3763, cffe1303-2f93-4087-8a62-a40745db49f2:c3763]
2019-07-10 09:50:59,934 INFO  client.GrpcClientProtocolClient (GrpcClientProtocolClient.java:onNext(255)) - client-7D6108789623->f80c66c4-8a3d-47db-b3f8-20b0bcb8a3f5: receive RaftClientReply:client-7D6108789623->f80c66c4-8a3d-47db-b3f8-20b0bcb8a3f5@group-7D2873B646E2, cid=2551, SUCCESS, logIndex=3765, commits[f80c66c4-8a3d-47db-b3f8-20b0bcb8a3f5:c3765, 6e9bc0f4-a324-4be3-b201-2d39df7dad8a:c3763, cffe1303-2f93-4087-8a62-a40745db49f2:c3763]
2019-07-10 09:50:59,947 INFO  client.GrpcClientProtocolClient (GrpcClientProtocolClient.java:onNext(255)) - client-7D6108789623->f80c66c4-8a3d-47db-b3f8-20b0bcb8a3f5: receive RaftClientReply:client-7D6108789623->f80c66c4-8a3d-47db-b3f8-20b0bcb8a3f5@group-7D2873B646E2, cid=2552, SUCCESS, logIndex=3768, commits[f80c66c4-8a3d-47db-b3f8-20b0bcb8a3f5:c3769, 6e9bc0f4-a324-4be3-b201-2d39df7dad8a:c3765, cffe1303-2f93-4087-8a62-a40745db49f2:c3765]
2019-07-10 09:50:59,947 INFO  client.GrpcClientProtocolClient (GrpcClientProtocolClient.java:onNext(255)) - client-7D6108789623->f80c66c4-8a3d-47db-b3f8-20b0bcb8a3f5: receive RaftClientReply:client-7D6108789623->f80c66c4-8a3d-47db-b3f8-20b0bcb8a3f5@group-7D2873B646E2, cid=2553, SUCCESS, logIndex=3769, commits[f80c66c4-8a3d-47db-b3f8-20b0bcb8a3f5:c3769, 6e9bc0f4-a324-4be3-b201-2d39df7dad8a:c3765, cffe1303-2f93-4087-8a62-a40745db49f2:c3765]
2019-07-10 09:50:59,973 INFO  client.GrpcClientProtocolClient (GrpcClientProtocolClient.java:onNext(255)) - client-7D6108789623->f80c66c4-8a3d-47db-b3f8-20b0bcb8a3f5: receive RaftClientReply:client-7D6108789623->f80c66c4-8a3d-47db-b3f8-20b0bcb8a3f5@group-7D2873B646E2, cid=2554, SUCCESS, logIndex=0, commits[f80c66c4-8a3d-47db-b3f8-20b0bcb8a3f5:c3771, 6e9bc0f4-a324-4be3-b201-2d39df7dad8a:c3769, cffe1303-2f93-4087-8a62-a40745db49f2:c3769]
2019-07-10 09:51:00,004 INFO  client.GrpcClientProtocolClient (GrpcClientProtocolClient.java:onNext(255)) - client-7D6108789623->f80c66c4-8a3d-47db-b3f8-20b0bcb8a3f5: receive RaftClientReply:client-7D6108789623->f80c66c4-8a3d-47db-b3f8-20b0bcb8a3f5@group-7D2873B646E2, cid=2555, SUCCESS, logIndex=3772, commits[f80c66c4-8a3d-47db-b3f8-20b0bcb8a3f5:c3773, 6e9bc0f4-a324-4be3-b201-2d39df7dad8a:c3771, cffe1303-2f93-4087-8a62-a40745db49f2:c3771]
2019-07-10 09:51:00,004 INFO  client.GrpcClientProtocolClient (GrpcClientProtocolClient.java:onNext(255)) - client-7D6108789623->f80c66c4-8a3d-47db-b3f8-20b0bcb8a3f5: receive RaftClientReply:client-7D6108789623->f80c66c4-8a3d-47db-b3f8-20b0bcb8a3f5@group-7D2873B646E2, cid=2556, SUCCESS, logIndex=3773, commits[f80c66c4-8a3d-47db-b3f8-20b0bcb8a3f5:c3773, 6e9bc0f4-a324-4be3-b201-2d39df7dad8a:c3771, cffe1303-2f93-4087-8a62-a40745db49f2:c3771]
2019-07-10 09:51:00,005 INFO  client.GrpcClientProtocolClient (GrpcClientProtocolClient.java:onNext(255)) - client-7D6108789623->f80c66c4-8a3d-47db-b3f8-20b0bcb8a3f5: receive RaftClientReply:client-7D6108789623->f80c66c4-8a3d-47db-b3f8-20b0bcb8a3f5@group-7D2873B646E2, cid=2557, SUCCESS, logIndex=3774, commits[f80c66c4-8a3d-47db-b3f8-20b0bcb8a3f5:c3775, 6e9bc0f4-a324-4be3-b201-2d39df7dad8a:c3771, cffe1303-2f93-4087-8a62-a40745db49f2:c3771]
2019-07-10 09:51:00,006 INFO  client.GrpcClientProtocolClient (GrpcClientProtocolClient.java:onNext(255)) - client-7D6108789623->f80c66c4-8a3d-47db-b3f8-20b0bcb8a3f5: receive RaftClientReply:client-7D6108789623->f80c66c4-8a3d-47db-b3f8-20b0bcb8a3f5@group-7D2873B646E2, cid=2558, SUCCESS, logIndex=3775, commits[f80c66c4-8a3d-47db-b3f8-20b0bcb8a3f5:c3775, 6e9bc0f4-a324-4be3-b201-2d39df7dad8a:c3771, cffe1303-2f93-4087-8a62-a40745db49f2:c3771]
2019-07-10 09:51:00,019 INFO  client.GrpcClientProtocolClient (GrpcClientProtocolClient.java:onNext(255)) - client-7D6108789623->f80c66c4-8a3d-47db-b3f8-20b0bcb8a3f5: receive RaftClientReply:client-7D6108789623->f80c66c4-8a3d-47db-b3f8-20b0bcb8a3f5@group-7D2873B646E2, cid=2559, SUCCESS, logIndex=0, commits[f80c66c4-8a3d-47db-b3f8-20b0bcb8a3f5:c3777, 6e9bc0f4-a324-4be3-b201-2d39df7dad8a:c3773, cffe1303-2f93-4087-8a62-a40745db49f2:c3773]
2019-07-10 09:51:00,039 INFO  client.GrpcClientProtocolClient (GrpcClientProtocolClient.java:onNext(255)) - client-7D6108789623->f80c66c4-8a3d-47db-b3f8-20b0bcb8a3f5: receive RaftClientReply:client-7D6108789623->f80c66c4-8a3d-47db-b3f8-20b0bcb8a3f5@group-7D2873B646E2, cid=2560, SUCCESS, logIndex=3780, commits[f80c66c4-8a3d-47db-b3f8-20b0bcb8a3f5:c3781, 6e9bc0f4-a324-4be3-b201-2d39df7dad8a:c3775, cffe1303-2f93-4087-8a62-a40745db49f2:c3779]
2019-07-10 09:51:00,040 INFO  client.GrpcClientProtocolClient (GrpcClientProtocolClient.java:onNext(255)) - client-7D6108789623->f80c66c4-8a3d-47db-b3f8-20b0bcb8a3f5: receive RaftClientReply:client-7D6108789623->f80c66c4-8a3d-47db-b3f8-20b0bcb8a3f5@group-7D2873B646E2, cid=2561, SUCCESS, logIndex=3781, commits[f80c66c4-8a3d-47db-b3f8-20b0bcb8a3f5:c3781, 6e9bc0f4-a324-4be3-b201-2d39df7dad8a:c3779, cffe1303-2f93-4087-8a62-a40745db49f2:c3779]
2019-07-10 09:51:00,059 INFO  client.GrpcClientProtocolClient (GrpcClientProtocolClient.java:onNext(255)) - client-7D6108789623->f80c66c4-8a3d-47db-b3f8-20b0bcb8a3f5: receive RaftClientReply:client-7D6108789623->f80c66c4-8a3d-47db-b3f8-20b0bcb8a3f5@group-7D2873B646E2, cid=2562, SUCCESS, logIndex=3784, commits[f80c66c4-8a3d-47db-b3f8-20b0bcb8a3f5:c3785, 6e9bc0f4-a324-4be3-b201-2d39df7dad8a:c3783, cffe1303-2f93-4087-8a62-a40745db49f2:c3783]
2019-07-10 09:51:00,059 INFO  client.GrpcClientProtocolClient (GrpcClientProtocolClient.java:onNext(255)) - client-7D6108789623->f80c66c4-8a3d-47db-b3f8-20b0bcb8a3f5: receive RaftClientReply:client-7D6108789623->f80c66c4-8a3d-47db-b3f8-20b0bcb8a3f5@group-7D2873B646E2, cid=2563, SUCCESS, logIndex=3785, commits[f80c66c4-8a3d-47db-b3f8-20b0bcb8a3f5:c3785, 6e9bc0f4-a324-4be3-b201-2d39df7dad8a:c3783, cffe1303-2f93-4087-8a62-a40745db49f2:c3783]
2019-07-10 09:51:00,086 INFO  client.GrpcClientProtocolClient (GrpcClientProtocolClient.java:onNext(255)) - client-7D6108789623->f80c66c4-8a3d-47db-b3f8-20b0bcb8a3f5: receive RaftClientReply:client-7D6108789623->f80c66c4-8a3d-47db-b3f8-20b0bcb8a3f5@group-7D2873B646E2, cid=2564, SUCCESS, logIndex=0, commits[f80c66c4-8a3d-47db-b3f8-20b0bcb8a3f5:c3787, 6e9bc0f4-a324-4be3-b201-2d39df7dad8a:c3785, cffe1303-2f93-4087-8a62-a40745db49f2:c3785]
2019-07-10 09:51:00,107 INFO  client.GrpcClientProtocolClient (GrpcClientProtocolClient.java:onNext(255)) - client-7D6108789623->f80c66c4-8a3d-47db-b3f8-20b0bcb8a3f5: receive RaftClientReply:client-7D6108789623->f80c66c4-8a3d-47db-b3f8-20b0bcb8a3f5@group-7D2873B646E2, cid=2565, SUCCESS, logIndex=3788, commits[f80c66c4-8a3d-47db-b3f8-20b0bcb8a3f5:c3789, 6e9bc0f4-a324-4be3-b201-2d39df7dad8a:c3787, cffe1303-2f93-4087-8a62-a40745db49f2:c3785]
2019-07-10 09:51:00,107 INFO  client.GrpcClientProtocolClient (GrpcClientProtocolClient.java:onNext(255)) - client-7D6108789623->f80c66c4-8a3d-47db-b3f8-20b0bcb8a3f5: receive RaftClientReply:client-7D6108789623->f80c66c4-8a3d-47db-b3f8-20b0bcb8a3f5@group-7D2873B646E2, cid=2566, SUCCESS, logIndex=3789, commits[f80c66c4-8a3d-47db-b3f8-20b0bcb8a3f5:c3789, 6e9bc0f4-a324-4be3-b201-2d39df7dad8a:c3787, cffe1303-2f93-4087-8a62-a40745db49f2:c3785]
2019-07-10 09:51:00,215 INFO  client.GrpcClientProtocolClient (GrpcClientProtocolClient.java:onNext(255)) - client-7D6108789623->f80c66c4-8a3d-47db-b3f8-20b0bcb8a3f5: receive RaftClientReply:client-7D6108789623->f80c66c4-8a3d-47db-b3f8-20b0bcb8a3f5@group-7D2873B646E2, cid=2567, SUCCESS, logIndex=3790, commits[f80c66c4-8a3d-47db-b3f8-20b0bcb8a3f5:c3790, 6e9bc0f4-a324-4be3-b201-2d39df7dad8a:c3787, cffe1303-2f93-4087-8a62-a40745db49f2:c3787]
2019-07-10 09:51:00,215 INFO  client.GrpcClientProtocolClient (GrpcClientProtocolClient.java:onNext(255)) - client-7D6108789623->f80c66c4-8a3d-47db-b3f8-20b0bcb8a3f5: receive RaftClientReply:client-7D6108789623->f80c66c4-8a3d-47db-b3f8-20b0bcb8a3f5@group-7D2873B646E2, cid=2568, SUCCESS, logIndex=3791, commits[f80c66c4-8a3d-47db-b3f8-20b0bcb8a3f5:c3793, 6e9bc0f4-a324-4be3-b201-2d39df7dad8a:c3789, cffe1303-2f93-4087-8a62-a40745db49f2:c3788]
2019-07-10 09:51:00,216 INFO  client.GrpcClientProtocolClient (GrpcClientProtocolClient.java:onNext(255)) - client-7D6108789623->f80c66c4-8a3d-47db-b3f8-20b0bcb8a3f5: receive RaftClientReply:client-7D6108789623->f80c66c4-8a3d-47db-b3f8-20b0bcb8a3f5@group-7D2873B646E2, cid=2569, SUCCESS, logIndex=0, commits[f80c66c4-8a3d-47db-b3f8-20b0bcb8a3f5:c3793, 6e9bc0f4-a324-4be3-b201-2d39df7dad8a:c3789, cffe1303-2f93-4087-8a62-a40745db49f2:c3789]
 0.00% |█                                                                                                    |  0/1 Time: 0:00:242019-07-10 09:51:00,238 INFO  client.GrpcClientProtocolClient (GrpcClientProtocolClient.java:onNext(255)) - client-7D6108789623->f80c66c4-8a3d-47db-b3f8-20b0bcb8a3f5: receive RaftClientReply:client-7D6108789623->f80c66c4-8a3d-47db-b3f8-20b0bcb8a3f5@group-7D2873B646E2, cid=2570, SUCCESS, logIndex=3795, commits[f80c66c4-8a3d-47db-b3f8-20b0bcb8a3f5:c3796, 6e9bc0f4-a324-4be3-b201-2d39df7dad8a:c3793, cffe1303-2f93-4087-8a62-a40745db49f2:c3793]
2019-07-10 09:51:00,238 INFO  client.GrpcClientProtocolClient (GrpcClientProtocolClient.java:onNext(255)) - client-7D6108789623->f80c66c4-8a3d-47db-b3f8-20b0bcb8a3f5: receive RaftClientReply:client-7D6108789623->f80c66c4-8a3d-47db-b3f8-20b0bcb8a3f5@group-7D2873B646E2, cid=2571, SUCCESS, logIndex=3796, commits[f80c66c4-8a3d-47db-b3f8-20b0bcb8a3f5:c3796, 6e9bc0f4-a324-4be3-b201-2d39df7dad8a:c3793, cffe1303-2f93-4087-8a62-a40745db49f2:c3793]
2019-07-10 09:51:00,261 INFO  client.GrpcClientProtocolClient (GrpcClientProtocolClient.java:onNext(255)) - client-7D6108789623->f80c66c4-8a3d-47db-b3f8-20b0bcb8a3f5: receive RaftClientReply:client-7D6108789623->f80c66c4-8a3d-47db-b3f8-20b0bcb8a3f5@group-7D2873B646E2, cid=2572, SUCCESS, logIndex=3799, commits[f80c66c4-8a3d-47db-b3f8-20b0bcb8a3f5:c3800, 6e9bc0f4-a324-4be3-b201-2d39df7dad8a:c3796, cffe1303-2f93-4087-8a62-a40745db49f2:c3795]
2019-07-10 09:51:00,261 INFO  client.GrpcClientProtocolClient (GrpcClientProtocolClient.java:onNext(255)) - client-7D6108789623->f80c66c4-8a3d-47db-b3f8-20b0bcb8a3f5: receive RaftClientReply:client-7D6108789623->f80c66c4-8a3d-47db-b3f8-20b0bcb8a3f5@group-7D2873B646E2, cid=2573, SUCCESS, logIndex=3800, commits[f80c66c4-8a3d-47db-b3f8-20b0bcb8a3f5:c3800, 6e9bc0f4-a324-4be3-b201-2d39df7dad8a:c3796, cffe1303-2f93-4087-8a62-a40745db49f2:c3796]
2019-07-10 09:51:00,283 INFO  client.GrpcClientProtocolClient (GrpcClientProtocolClient.java:onNext(255)) - client-7D6108789623->f80c66c4-8a3d-47db-b3f8-20b0bcb8a3f5: receive RaftClientReply:client-7D6108789623->f80c66c4-8a3d-47db-b3f8-20b0bcb8a3f5@group-7D2873B646E2, cid=2574, SUCCESS, logIndex=0, commits[f80c66c4-8a3d-47db-b3f8-20b0bcb8a3f5:c3802, 6e9bc0f4-a324-4be3-b201-2d39df7dad8a:c3800, cffe1303-2f93-4087-8a62-a40745db49f2:c3800]
2019-07-10 09:51:00,313 INFO  client.GrpcClientProtocolClient (GrpcClientProtocolClient.java:onNext(255)) - client-7D6108789623->f80c66c4-8a3d-47db-b3f8-20b0bcb8a3f5: receive RaftClientReply:client-7D6108789623->f80c66c4-8a3d-47db-b3f8-20b0bcb8a3f5@group-7D2873B646E2, cid=2575, SUCCESS, logIndex=3803, commits[f80c66c4-8a3d-47db-b3f8-20b0bcb8a3f5:c3804, 6e9bc0f4-a324-4be3-b201-2d39df7dad8a:c3802, cffe1303-2f93-4087-8a62-a40745db49f2:c3802]
2019-07-10 09:51:00,313 INFO  client.GrpcClientProtocolClient (GrpcClientProtocolClient.java:onNext(255)) - client-7D6108789623->f80c66c4-8a3d-47db-b3f8-20b0bcb8a3f5: receive RaftClientReply:client-7D6108789623->f80c66c4-8a3d-47db-b3f8-20b0bcb8a3f5@group-7D2873B646E2, cid=2576, SUCCESS, logIndex=3804, commits[f80c66c4-8a3d-47db-b3f8-20b0bcb8a3f5:c3804, 6e9bc0f4-a324-4be3-b201-2d39df7dad8a:c3802, cffe1303-2f93-4087-8a62-a40745db49f2:c3802]
2019-07-10 09:51:00,321 INFO  client.GrpcClientProtocolClient (GrpcClientProtocolClient.java:onNext(255)) - client-7D6108789623->f80c66c4-8a3d-47db-b3f8-20b0bcb8a3f5: receive RaftClientReply:client-7D6108789623->f80c66c4-8a3d-47db-b3f8-20b0bcb8a3f5@group-7D2873B646E2, cid=2577, SUCCESS, logIndex=3805, commits[f80c66c4-8a3d-47db-b3f8-20b0bcb8a3f5:c3806, 6e9bc0f4-a324-4be3-b201-2d39df7dad8a:c3802, cffe1303-2f93-4087-8a62-a40745db49f2:c3802]
2019-07-10 09:51:00,321 INFO  client.GrpcClientProtocolClient (GrpcClientProtocolClient.java:onNext(255)) - client-7D6108789623->f80c66c4-8a3d-47db-b3f8-20b0bcb8a3f5: receive RaftClientReply:client-7D6108789623->f80c66c4-8a3d-47db-b3f8-20b0bcb8a3f5@group-7D2873B646E2, cid=2578, SUCCESS, logIndex=3806, commits[f80c66c4-8a3d-47db-b3f8-20b0bcb8a3f5:c3806, 6e9bc0f4-a324-4be3-b201-2d39df7dad8a:c3802, cffe1303-2f93-4087-8a62-a40745db49f2:c3802]
2019-07-10 09:51:00,341 INFO  client.GrpcClientProtocolClient (GrpcClientProtocolClient.java:onNext(255)) - client-7D6108789623->f80c66c4-8a3d-47db-b3f8-20b0bcb8a3f5: receive RaftClientReply:client-7D6108789623->f80c66c4-8a3d-47db-b3f8-20b0bcb8a3f5@group-7D2873B646E2, cid=2579, SUCCESS, logIndex=0, commits[f80c66c4-8a3d-47db-b3f8-20b0bcb8a3f5:c3809, 6e9bc0f4-a324-4be3-b201-2d39df7dad8a:c3806, cffe1303-2f93-4087-8a62-a40745db49f2:c3804]
2019-07-10 09:51:00,354 INFO  client.GrpcClientProtocolClient (GrpcClientProtocolClient.java:onNext(255)) - client-7D6108789623->f80c66c4-8a3d-47db-b3f8-20b0bcb8a3f5: receive RaftClientReply:client-7D6108789623->f80c66c4-8a3d-47db-b3f8-20b0bcb8a3f5@group-7D2873B646E2, cid=2580, SUCCESS, logIndex=3810, commits[f80c66c4-8a3d-47db-b3f8-20b0bcb8a3f5:c3811, 6e9bc0f4-a324-4be3-b201-2d39df7dad8a:c3809, cffe1303-2f93-4087-8a62-a40745db49f2:c3809]
2019-07-10 09:51:00,354 INFO  client.GrpcClientProtocolClient (GrpcClientProtocolClient.java:onNext(255)) - client-7D6108789623->f80c66c4-8a3d-47db-b3f8-20b0bcb8a3f5: receive RaftClientReply:client-7D6108789623->f80c66c4-8a3d-47db-b3f8-20b0bcb8a3f5@group-7D2873B646E2, cid=2581, SUCCESS, logIndex=3811, commits[f80c66c4-8a3d-47db-b3f8-20b0bcb8a3f5:c3811, 6e9bc0f4-a324-4be3-b201-2d39df7dad8a:c3809, cffe1303-2f93-4087-8a62-a40745db49f2:c3809]
2019-07-10 09:51:00,375 INFO  client.GrpcClientProtocolClient (GrpcClientProtocolClient.java:onNext(255)) - client-7D6108789623->f80c66c4-8a3d-47db-b3f8-20b0bcb8a3f5: receive RaftClientReply:client-7D6108789623->f80c66c4-8a3d-47db-b3f8-20b0bcb8a3f5@group-7D2873B646E2, cid=2582, SUCCESS, logIndex=3814, commits[f80c66c4-8a3d-47db-b3f8-20b0bcb8a3f5:c3815, 6e9bc0f4-a324-4be3-b201-2d39df7dad8a:c3811, cffe1303-2f93-4087-8a62-a40745db49f2:c3811]
2019-07-10 09:51:00,375 INFO  client.GrpcClientProtocolClient (GrpcClientProtocolClient.java:onNext(255)) - client-7D6108789623->f80c66c4-8a3d-47db-b3f8-20b0bcb8a3f5: receive RaftClientReply:client-7D6108789623->f80c66c4-8a3d-47db-b3f8-20b0bcb8a3f5@group-7D2873B646E2, cid=2583, SUCCESS, logIndex=3815, commits[f80c66c4-8a3d-47db-b3f8-20b0bcb8a3f5:c3815, 6e9bc0f4-a324-4be3-b201-2d39df7dad8a:c3811, cffe1303-2f93-4087-8a62-a40745db49f2:c3811]
2019-07-10 09:51:00,379 INFO  client.GrpcClientProtocolClient (GrpcClientProtocolClient.java:onNext(255)) - client-7D6108789623->f80c66c4-8a3d-47db-b3f8-20b0bcb8a3f5: receive RaftClientReply:client-7D6108789623->f80c66c4-8a3d-47db-b3f8-20b0bcb8a3f5@group-7D2873B646E2, cid=2584, SUCCESS, logIndex=0, commits[f80c66c4-8a3d-47db-b3f8-20b0bcb8a3f5:c3817, 6e9bc0f4-a324-4be3-b201-2d39df7dad8a:c3815, cffe1303-2f93-4087-8a62-a40745db49f2:c3815]
2019-07-10 09:51:00,407 INFO  client.GrpcClientProtocolClient (GrpcClientProtocolClient.java:onNext(255)) - client-7D6108789623->f80c66c4-8a3d-47db-b3f8-20b0bcb8a3f5: receive RaftClientReply:client-7D6108789623->f80c66c4-8a3d-47db-b3f8-20b0bcb8a3f5@group-7D2873B646E2, cid=2585, SUCCESS, logIndex=3818, commits[f80c66c4-8a3d-47db-b3f8-20b0bcb8a3f5:c3819, 6e9bc0f4-a324-4be3-b201-2d39df7dad8a:c3817, cffe1303-2f93-4087-8a62-a40745db49f2:c3817]
2019-07-10 09:51:00,408 INFO  client.GrpcClientProtocolClient (GrpcClientProtocolClient.java:onNext(255)) - client-7D6108789623->f80c66c4-8a3d-47db-b3f8-20b0bcb8a3f5: receive RaftClientReply:client-7D6108789623->f80c66c4-8a3d-47db-b3f8-20b0bcb8a3f5@group-7D2873B646E2, cid=2586, SUCCESS, logIndex=3819, commits[f80c66c4-8a3d-47db-b3f8-20b0bcb8a3f5:c3819, 6e9bc0f4-a324-4be3-b201-2d39df7dad8a:c3817, cffe1303-2f93-4087-8a62-a40745db49f2:c3817]
2019-07-10 09:51:00,408 INFO  client.GrpcClientProtocolClient (GrpcClientProtocolClient.java:onNext(255)) - client-7D6108789623->f80c66c4-8a3d-47db-b3f8-20b0bcb8a3f5: receive RaftClientReply:client-7D6108789623->f80c66c4-8a3d-47db-b3f8-20b0bcb8a3f5@group-7D2873B646E2, cid=2587, SUCCESS, logIndex=3820, commits[f80c66c4-8a3d-47db-b3f8-20b0bcb8a3f5:c3821, 6e9bc0f4-a324-4be3-b201-2d39df7dad8a:c3817, cffe1303-2f93-4087-8a62-a40745db49f2:c3817]
2019-07-10 09:51:00,409 INFO  client.GrpcClientProtocolClient (GrpcClientProtocolClient.java:onNext(255)) - client-7D6108789623->f80c66c4-8a3d-47db-b3f8-20b0bcb8a3f5: receive RaftClientReply:client-7D6108789623->f80c66c4-8a3d-47db-b3f8-20b0bcb8a3f5@group-7D2873B646E2, cid=2588, SUCCESS, logIndex=3821, commits[f80c66c4-8a3d-47db-b3f8-20b0bcb8a3f5:c3821, 6e9bc0f4-a324-4be3-b201-2d39df7dad8a:c3817, cffe1303-2f93-4087-8a62-a40745db49f2:c3817]
2019-07-10 09:51:00,422 INFO  client.GrpcClientProtocolClient (GrpcClientProtocolClient.java:onNext(255)) - client-7D6108789623->f80c66c4-8a3d-47db-b3f8-20b0bcb8a3f5: receive RaftClientReply:client-7D6108789623->f80c66c4-8a3d-47db-b3f8-20b0bcb8a3f5@group-7D2873B646E2, cid=2589, SUCCESS, logIndex=0, commits[f80c66c4-8a3d-47db-b3f8-20b0bcb8a3f5:c3823, 6e9bc0f4-a324-4be3-b201-2d39df7dad8a:c3819, cffe1303-2f93-4087-8a62-a40745db49f2:c3819]
2019-07-10 09:51:00,443 INFO  client.GrpcClientProtocolClient (GrpcClientProtocolClient.java:onNext(255)) - client-7D6108789623->f80c66c4-8a3d-47db-b3f8-20b0bcb8a3f5: receive RaftClientReply:client-7D6108789623->f80c66c4-8a3d-47db-b3f8-20b0bcb8a3f5@group-7D2873B646E2, cid=2590, SUCCESS, logIndex=3826, commits[f80c66c4-8a3d-47db-b3f8-20b0bcb8a3f5:c3827, 6e9bc0f4-a324-4be3-b201-2d39df7dad8a:c3821, cffe1303-2f93-4087-8a62-a40745db49f2:c3825]
2019-07-10 09:51:00,443 INFO  client.GrpcClientProtocolClient (GrpcClientProtocolClient.java:onNext(255)) - client-7D6108789623->f80c66c4-8a3d-47db-b3f8-20b0bcb8a3f5: receive RaftClientReply:client-7D6108789623->f80c66c4-8a3d-47db-b3f8-20b0bcb8a3f5@group-7D2873B646E2, cid=2591, SUCCESS, logIndex=3827, commits[f80c66c4-8a3d-47db-b3f8-20b0bcb8a3f5:c3827, 6e9bc0f4-a324-4be3-b201-2d39df7dad8a:c3825, cffe1303-2f93-4087-8a62-a40745db49f2:c3825]
2019-07-10 09:51:00,467 INFO  client.GrpcClientProtocolClient (GrpcClientProtocolClient.java:onNext(255)) - client-7D6108789623->f80c66c4-8a3d-47db-b3f8-20b0bcb8a3f5: receive RaftClientReply:client-7D6108789623->f80c66c4-8a3d-47db-b3f8-20b0bcb8a3f5@group-7D2873B646E2, cid=2592, SUCCESS, logIndex=3830, commits[f80c66c4-8a3d-47db-b3f8-20b0bcb8a3f5:c3831, 6e9bc0f4-a324-4be3-b201-2d39df7dad8a:c3827, cffe1303-2f93-4087-8a62-a40745db49f2:c3827]
2019-07-10 09:51:00,467 INFO  client.GrpcClientProtocolClient (GrpcClientProtocolClient.java:onNext(255)) - client-7D6108789623->f80c66c4-8a3d-47db-b3f8-20b0bcb8a3f5: receive RaftClientReply:client-7D6108789623->f80c66c4-8a3d-47db-b3f8-20b0bcb8a3f5@group-7D2873B646E2, cid=2593, SUCCESS, logIndex=3831, commits[f80c66c4-8a3d-47db-b3f8-20b0bcb8a3f5:c3831, 6e9bc0f4-a324-4be3-b201-2d39df7dad8a:c3827, cffe1303-2f93-4087-8a62-a40745db49f2:c3827]
2019-07-10 09:51:00,481 INFO  client.GrpcClientProtocolClient (GrpcClientProtocolClient.java:onNext(255)) - client-7D6108789623->f80c66c4-8a3d-47db-b3f8-20b0bcb8a3f5: receive RaftClientReply:client-7D6108789623->f80c66c4-8a3d-47db-b3f8-20b0bcb8a3f5@group-7D2873B646E2, cid=2594, SUCCESS, logIndex=0, commits[f80c66c4-8a3d-47db-b3f8-20b0bcb8a3f5:c3833, 6e9bc0f4-a324-4be3-b201-2d39df7dad8a:c3831, cffe1303-2f93-4087-8a62-a40745db49f2:c3831]
2019-07-10 09:51:00,512 INFO  client.GrpcClientProtocolClient (GrpcClientProtocolClient.java:onNext(255)) - client-7D6108789623->f80c66c4-8a3d-47db-b3f8-20b0bcb8a3f5: receive RaftClientReply:client-7D6108789623->f80c66c4-8a3d-47db-b3f8-20b0bcb8a3f5@group-7D2873B646E2, cid=2595, SUCCESS, logIndex=3834, commits[f80c66c4-8a3d-47db-b3f8-20b0bcb8a3f5:c3835, 6e9bc0f4-a324-4be3-b201-2d39df7dad8a:c3831, cffe1303-2f93-4087-8a62-a40745db49f2:c3833]
2019-07-10 09:51:00,513 INFO  client.GrpcClientProtocolClient (GrpcClientProtocolClient.java:onNext(255)) - client-7D6108789623->f80c66c4-8a3d-47db-b3f8-20b0bcb8a3f5: receive RaftClientReply:client-7D6108789623->f80c66c4-8a3d-47db-b3f8-20b0bcb8a3f5@group-7D2873B646E2, cid=2596, SUCCESS, logIndex=3835, commits[f80c66c4-8a3d-47db-b3f8-20b0bcb8a3f5:c3835, 6e9bc0f4-a324-4be3-b201-2d39df7dad8a:c3831, cffe1303-2f93-4087-8a62-a40745db49f2:c3833]
2019-07-10 09:51:00,523 INFO  client.GrpcClientProtocolClient (GrpcClientProtocolClient.java:onNext(255)) - client-7D6108789623->f80c66c4-8a3d-47db-b3f8-20b0bcb8a3f5: receive RaftClientReply:client-7D6108789623->f80c66c4-8a3d-47db-b3f8-20b0bcb8a3f5@group-7D2873B646E2, cid=2597, SUCCESS, logIndex=3836, commits[f80c66c4-8a3d-47db-b3f8-20b0bcb8a3f5:c3837, 6e9bc0f4-a324-4be3-b201-2d39df7dad8a:c3833, cffe1303-2f93-4087-8a62-a40745db49f2:c3833]
2019-07-10 09:51:00,523 INFO  client.GrpcClientProtocolClient (GrpcClientProtocolClient.java:onNext(255)) - client-7D6108789623->f80c66c4-8a3d-47db-b3f8-20b0bcb8a3f5: receive RaftClientReply:client-7D6108789623->f80c66c4-8a3d-47db-b3f8-20b0bcb8a3f5@group-7D2873B646E2, cid=2598, SUCCESS, logIndex=3837, commits[f80c66c4-8a3d-47db-b3f8-20b0bcb8a3f5:c3837, 6e9bc0f4-a324-4be3-b201-2d39df7dad8a:c3833, cffe1303-2f93-4087-8a62-a40745db49f2:c3833]
2019-07-10 09:51:00,534 INFO  client.GrpcClientProtocolClient (GrpcClientProtocolClient.java:onNext(255)) - client-7D6108789623->f80c66c4-8a3d-47db-b3f8-20b0bcb8a3f5: receive RaftClientReply:client-7D6108789623->f80c66c4-8a3d-47db-b3f8-20b0bcb8a3f5@group-7D2873B646E2, cid=2599, SUCCESS, logIndex=0, commits[f80c66c4-8a3d-47db-b3f8-20b0bcb8a3f5:c3838, 6e9bc0f4-a324-4be3-b201-2d39df7dad8a:c3835, cffe1303-2f93-4087-8a62-a40745db49f2:c3835]
2019-07-10 09:51:00,547 INFO  client.GrpcClientProtocolClient (GrpcClientProtocolClient.java:onNext(255)) - client-7D6108789623->f80c66c4-8a3d-47db-b3f8-20b0bcb8a3f5: receive RaftClientReply:client-7D6108789623->f80c66c4-8a3d-47db-b3f8-20b0bcb8a3f5@group-7D2873B646E2, cid=2600, SUCCESS, logIndex=3841, commits[f80c66c4-8a3d-47db-b3f8-20b0bcb8a3f5:c3842, 6e9bc0f4-a324-4be3-b201-2d39df7dad8a:c3837, cffe1303-2f93-4087-8a62-a40745db49f2:c3840]
2019-07-10 09:51:00,547 INFO  client.GrpcClientProtocolClient (GrpcClientProtocolClient.java:onNext(255)) - client-7D6108789623->f80c66c4-8a3d-47db-b3f8-20b0bcb8a3f5: receive RaftClientReply:client-7D6108789623->f80c66c4-8a3d-47db-b3f8-20b0bcb8a3f5@group-7D2873B646E2, cid=2601, SUCCESS, logIndex=3842, commits[f80c66c4-8a3d-47db-b3f8-20b0bcb8a3f5:c3842, 6e9bc0f4-a324-4be3-b201-2d39df7dad8a:c3840, cffe1303-2f93-4087-8a62-a40745db49f2:c3840]
2019-07-10 09:51:00,573 INFO  client.GrpcClientProtocolClient (GrpcClientProtocolClient.java:onNext(255)) - client-7D6108789623->f80c66c4-8a3d-47db-b3f8-20b0bcb8a3f5: receive RaftClientReply:client-7D6108789623->f80c66c4-8a3d-47db-b3f8-20b0bcb8a3f5@group-7D2873B646E2, cid=2602, SUCCESS, logIndex=3845, commits[f80c66c4-8a3d-47db-b3f8-20b0bcb8a3f5:c3846, 6e9bc0f4-a324-4be3-b201-2d39df7dad8a:c3843, cffe1303-2f93-4087-8a62-a40745db49f2:c3843]
2019-07-10 09:51:00,573 INFO  client.GrpcClientProtocolClient (GrpcClientProtocolClient.java:onNext(255)) - client-7D6108789623->f80c66c4-8a3d-47db-b3f8-20b0bcb8a3f5: receive RaftClientReply:client-7D6108789623->f80c66c4-8a3d-47db-b3f8-20b0bcb8a3f5@group-7D2873B646E2, cid=2603, SUCCESS, logIndex=3846, commits[f80c66c4-8a3d-47db-b3f8-20b0bcb8a3f5:c3846, 6e9bc0f4-a324-4be3-b201-2d39df7dad8a:c3843, cffe1303-2f93-4087-8a62-a40745db49f2:c3843]
2019-07-10 09:51:00,595 INFO  client.GrpcClientProtocolClient (GrpcClientProtocolClient.java:onNext(255)) - client-7D6108789623->f80c66c4-8a3d-47db-b3f8-20b0bcb8a3f5: receive RaftClientReply:client-7D6108789623->f80c66c4-8a3d-47db-b3f8-20b0bcb8a3f5@group-7D2873B646E2, cid=2604, SUCCESS, logIndex=0, commits[f80c66c4-8a3d-47db-b3f8-20b0bcb8a3f5:c3848, 6e9bc0f4-a324-4be3-b201-2d39df7dad8a:c3846, cffe1303-2f93-4087-8a62-a40745db49f2:c3846]
2019-07-10 09:51:00,627 INFO  client.GrpcClientProtocolClient (GrpcClientProtocolClient.java:onNext(255)) - client-7D6108789623->f80c66c4-8a3d-47db-b3f8-20b0bcb8a3f5: receive RaftClientReply:client-7D6108789623->f80c66c4-8a3d-47db-b3f8-20b0bcb8a3f5@group-7D2873B646E2, cid=2605, SUCCESS, logIndex=3849, commits[f80c66c4-8a3d-47db-b3f8-20b0bcb8a3f5:c3850, 6e9bc0f4-a324-4be3-b201-2d39df7dad8a:c3848, cffe1303-2f93-4087-8a62-a40745db49f2:c3848]
2019-07-10 09:51:00,627 INFO  client.GrpcClientProtocolClient (GrpcClientProtocolClient.java:onNext(255)) - client-7D6108789623->f80c66c4-8a3d-47db-b3f8-20b0bcb8a3f5: receive RaftClientReply:client-7D6108789623->f80c66c4-8a3d-47db-b3f8-20b0bcb8a3f5@group-7D2873B646E2, cid=2606, SUCCESS, logIndex=3850, commits[f80c66c4-8a3d-47db-b3f8-20b0bcb8a3f5:c3850, 6e9bc0f4-a324-4be3-b201-2d39df7dad8a:c3848, cffe1303-2f93-4087-8a62-a40745db49f2:c3848]
2019-07-10 09:51:00,628 INFO  client.GrpcClientProtocolClient (GrpcClientProtocolClient.java:onNext(255)) - client-7D6108789623->f80c66c4-8a3d-47db-b3f8-20b0bcb8a3f5: receive RaftClientReply:client-7D6108789623->f80c66c4-8a3d-47db-b3f8-20b0bcb8a3f5@group-7D2873B646E2, cid=2607, SUCCESS, logIndex=3851, commits[f80c66c4-8a3d-47db-b3f8-20b0bcb8a3f5:c3852, 6e9bc0f4-a324-4be3-b201-2d39df7dad8a:c3848, cffe1303-2f93-4087-8a62-a40745db49f2:c3848]
2019-07-10 09:51:00,629 INFO  client.GrpcClientProtocolClient (GrpcClientProtocolClient.java:onNext(255)) - client-7D6108789623->f80c66c4-8a3d-47db-b3f8-20b0bcb8a3f5: receive RaftClientReply:client-7D6108789623->f80c66c4-8a3d-47db-b3f8-20b0bcb8a3f5@group-7D2873B646E2, cid=2608, SUCCESS, logIndex=3852, commits[f80c66c4-8a3d-47db-b3f8-20b0bcb8a3f5:c3852, 6e9bc0f4-a324-4be3-b201-2d39df7dad8a:c3848, cffe1303-2f93-4087-8a62-a40745db49f2:c3848]
2019-07-10 09:51:00,639 INFO  client.GrpcClientProtocolClient (GrpcClientProtocolClient.java:onNext(255)) - client-7D6108789623->f80c66c4-8a3d-47db-b3f8-20b0bcb8a3f5: receive RaftClientReply:client-7D6108789623->f80c66c4-8a3d-47db-b3f8-20b0bcb8a3f5@group-7D2873B646E2, cid=2609, SUCCESS, logIndex=0, commits[f80c66c4-8a3d-47db-b3f8-20b0bcb8a3f5:c3854, 6e9bc0f4-a324-4be3-b201-2d39df7dad8a:c3850, cffe1303-2f93-4087-8a62-a40745db49f2:c3850]
2019-07-10 09:51:00,660 INFO  client.GrpcClientProtocolClient (GrpcClientProtocolClient.java:onNext(255)) - client-7D6108789623->f80c66c4-8a3d-47db-b3f8-20b0bcb8a3f5: receive RaftClientReply:client-7D6108789623->f80c66c4-8a3d-47db-b3f8-20b0bcb8a3f5@group-7D2873B646E2, cid=2610, SUCCESS, logIndex=3857, commits[f80c66c4-8a3d-47db-b3f8-20b0bcb8a3f5:c3858, 6e9bc0f4-a324-4be3-b201-2d39df7dad8a:c3856, cffe1303-2f93-4087-8a62-a40745db49f2:c3856]
2019-07-10 09:51:00,660 INFO  client.GrpcClientProtocolClient (GrpcClientProtocolClient.java:onNext(255)) - client-7D6108789623->f80c66c4-8a3d-47db-b3f8-20b0bcb8a3f5: receive RaftClientReply:client-7D6108789623->f80c66c4-8a3d-47db-b3f8-20b0bcb8a3f5@group-7D2873B646E2, cid=2611, SUCCESS, logIndex=3858, commits[f80c66c4-8a3d-47db-b3f8-20b0bcb8a3f5:c3858, 6e9bc0f4-a324-4be3-b201-2d39df7dad8a:c3856, cffe1303-2f93-4087-8a62-a40745db49f2:c3856]
2019-07-10 09:51:00,681 INFO  client.GrpcClientProtocolClient (GrpcClientProtocolClient.java:onNext(255)) - client-7D6108789623->f80c66c4-8a3d-47db-b3f8-20b0bcb8a3f5: receive RaftClientReply:client-7D6108789623->f80c66c4-8a3d-47db-b3f8-20b0bcb8a3f5@group-7D2873B646E2, cid=2612, SUCCESS, logIndex=3861, commits[f80c66c4-8a3d-47db-b3f8-20b0bcb8a3f5:c3862, 6e9bc0f4-a324-4be3-b201-2d39df7dad8a:c3858, cffe1303-2f93-4087-8a62-a40745db49f2:c3858]
2019-07-10 09:51:00,681 INFO  client.GrpcClientProtocolClient (GrpcClientProtocolClient.java:onNext(255)) - client-7D6108789623->f80c66c4-8a3d-47db-b3f8-20b0bcb8a3f5: receive RaftClientReply:client-7D6108789623->f80c66c4-8a3d-47db-b3f8-20b0bcb8a3f5@group-7D2873B646E2, cid=2613, SUCCESS, logIndex=3862, commits[f80c66c4-8a3d-47db-b3f8-20b0bcb8a3f5:c3862, 6e9bc0f4-a324-4be3-b201-2d39df7dad8a:c3858, cffe1303-2f93-4087-8a62-a40745db49f2:c3858]
2019-07-10 09:51:00,691 INFO  client.GrpcClientProtocolClient (GrpcClientProtocolClient.java:onNext(255)) - client-7D6108789623->f80c66c4-8a3d-47db-b3f8-20b0bcb8a3f5: receive RaftClientReply:client-7D6108789623->f80c66c4-8a3d-47db-b3f8-20b0bcb8a3f5@group-7D2873B646E2, cid=2614, SUCCESS, logIndex=0, commits[f80c66c4-8a3d-47db-b3f8-20b0bcb8a3f5:c3863, 6e9bc0f4-a324-4be3-b201-2d39df7dad8a:c3862, cffe1303-2f93-4087-8a62-a40745db49f2:c3862]
2019-07-10 09:51:00,720 INFO  client.GrpcClientProtocolClient (GrpcClientProtocolClient.java:onNext(255)) - client-7D6108789623->f80c66c4-8a3d-47db-b3f8-20b0bcb8a3f5: receive RaftClientReply:client-7D6108789623->f80c66c4-8a3d-47db-b3f8-20b0bcb8a3f5@group-7D2873B646E2, cid=2615, SUCCESS, logIndex=3865, commits[f80c66c4-8a3d-47db-b3f8-20b0bcb8a3f5:c3867, 6e9bc0f4-a324-4be3-b201-2d39df7dad8a:c3864, cffe1303-2f93-4087-8a62-a40745db49f2:c3864]
2019-07-10 09:51:00,720 INFO  client.GrpcClientProtocolClient (GrpcClientProtocolClient.java:onNext(255)) - client-7D6108789623->f80c66c4-8a3d-47db-b3f8-20b0bcb8a3f5: receive RaftClientReply:client-7D6108789623->f80c66c4-8a3d-47db-b3f8-20b0bcb8a3f5@group-7D2873B646E2, cid=2616, SUCCESS, logIndex=3866, commits[f80c66c4-8a3d-47db-b3f8-20b0bcb8a3f5:c3868, 6e9bc0f4-a324-4be3-b201-2d39df7dad8a:c3864, cffe1303-2f93-4087-8a62-a40745db49f2:c3864]
2019-07-10 09:51:00,721 INFO  client.GrpcClientProtocolClient (GrpcClientProtocolClient.java:onNext(255)) - client-7D6108789623->f80c66c4-8a3d-47db-b3f8-20b0bcb8a3f5: receive RaftClientReply:client-7D6108789623->f80c66c4-8a3d-47db-b3f8-20b0bcb8a3f5@group-7D2873B646E2, cid=2617, SUCCESS, logIndex=3867, commits[f80c66c4-8a3d-47db-b3f8-20b0bcb8a3f5:c3868, 6e9bc0f4-a324-4be3-b201-2d39df7dad8a:c3864, cffe1303-2f93-4087-8a62-a40745db49f2:c3864]
2019-07-10 09:51:00,721 INFO  client.GrpcClientProtocolClient (GrpcClientProtocolClient.java:onNext(255)) - client-7D6108789623->f80c66c4-8a3d-47db-b3f8-20b0bcb8a3f5: receive RaftClientReply:client-7D6108789623->f80c66c4-8a3d-47db-b3f8-20b0bcb8a3f5@group-7D2873B646E2, cid=2618, SUCCESS, logIndex=3868, commits[f80c66c4-8a3d-47db-b3f8-20b0bcb8a3f5:c3868, 6e9bc0f4-a324-4be3-b201-2d39df7dad8a:c3864, cffe1303-2f93-4087-8a62-a40745db49f2:c3864]
2019-07-10 09:51:00,739 INFO  client.GrpcClientProtocolClient (GrpcClientProtocolClient.java:onNext(255)) - client-7D6108789623->f80c66c4-8a3d-47db-b3f8-20b0bcb8a3f5: receive RaftClientReply:client-7D6108789623->f80c66c4-8a3d-47db-b3f8-20b0bcb8a3f5@group-7D2873B646E2, cid=2619, SUCCESS, logIndex=0, commits[f80c66c4-8a3d-47db-b3f8-20b0bcb8a3f5:c3871, 6e9bc0f4-a324-4be3-b201-2d39df7dad8a:c3867, cffe1303-2f93-4087-8a62-a40745db49f2:c3868]
2019-07-10 09:51:00,757 INFO  client.GrpcClientProtocolClient (GrpcClientProtocolClient.java:onNext(255)) - client-7D6108789623->f80c66c4-8a3d-47db-b3f8-20b0bcb8a3f5: receive RaftClientReply:client-7D6108789623->f80c66c4-8a3d-47db-b3f8-20b0bcb8a3f5@group-7D2873B646E2, cid=2620, SUCCESS, logIndex=3873, commits[f80c66c4-8a3d-47db-b3f8-20b0bcb8a3f5:c3874, 6e9bc0f4-a324-4be3-b201-2d39df7dad8a:c3872, cffe1303-2f93-4087-8a62-a40745db49f2:c3872]
2019-07-10 09:51:00,758 INFO  client.GrpcClientProtocolClient (GrpcClientProtocolClient.java:onNext(255)) - client-7D6108789623->f80c66c4-8a3d-47db-b3f8-20b0bcb8a3f5: receive RaftClientReply:client-7D6108789623->f80c66c4-8a3d-47db-b3f8-20b0bcb8a3f5@group-7D2873B646E2, cid=2621, SUCCESS, logIndex=3874, commits[f80c66c4-8a3d-47db-b3f8-20b0bcb8a3f5:c3874, 6e9bc0f4-a324-4be3-b201-2d39df7dad8a:c3872, cffe1303-2f93-4087-8a62-a40745db49f2:c3872]
2019-07-10 09:51:00,779 INFO  client.GrpcClientProtocolClient (GrpcClientProtocolClient.java:onNext(255)) - client-7D6108789623->f80c66c4-8a3d-47db-b3f8-20b0bcb8a3f5: receive RaftClientReply:client-7D6108789623->f80c66c4-8a3d-47db-b3f8-20b0bcb8a3f5@group-7D2873B646E2, cid=2622, SUCCESS, logIndex=3877, commits[f80c66c4-8a3d-47db-b3f8-20b0bcb8a3f5:c3878, 6e9bc0f4-a324-4be3-b201-2d39df7dad8a:c3874, cffe1303-2f93-4087-8a62-a40745db49f2:c3874]
2019-07-10 09:51:00,780 INFO  client.GrpcClientProtocolClient (GrpcClientProtocolClient.java:onNext(255)) - client-7D6108789623->f80c66c4-8a3d-47db-b3f8-20b0bcb8a3f5: receive RaftClientReply:client-7D6108789623->f80c66c4-8a3d-47db-b3f8-20b0bcb8a3f5@group-7D2873B646E2, cid=2623, SUCCESS, logIndex=3878, commits[f80c66c4-8a3d-47db-b3f8-20b0bcb8a3f5:c3878, 6e9bc0f4-a324-4be3-b201-2d39df7dad8a:c3874, cffe1303-2f93-4087-8a62-a40745db49f2:c3874]
2019-07-10 09:51:00,791 INFO  client.GrpcClientProtocolClient (GrpcClientProtocolClient.java:onNext(255)) - client-7D6108789623->f80c66c4-8a3d-47db-b3f8-20b0bcb8a3f5: receive RaftClientReply:client-7D6108789623->f80c66c4-8a3d-47db-b3f8-20b0bcb8a3f5@group-7D2873B646E2, cid=2624, SUCCESS, logIndex=0, commits[f80c66c4-8a3d-47db-b3f8-20b0bcb8a3f5:c3880, 6e9bc0f4-a324-4be3-b201-2d39df7dad8a:c3878, cffe1303-2f93-4087-8a62-a40745db49f2:c3878]
2019-07-10 09:51:00,818 INFO  client.GrpcClientProtocolClient (GrpcClientProtocolClient.java:onNext(255)) - client-7D6108789623->f80c66c4-8a3d-47db-b3f8-20b0bcb8a3f5: receive RaftClientReply:client-7D6108789623->f80c66c4-8a3d-47db-b3f8-20b0bcb8a3f5@group-7D2873B646E2, cid=2625, SUCCESS, logIndex=3881, commits[f80c66c4-8a3d-47db-b3f8-20b0bcb8a3f5:c3882, 6e9bc0f4-a324-4be3-b201-2d39df7dad8a:c3880, cffe1303-2f93-4087-8a62-a40745db49f2:c3880]
2019-07-10 09:51:00,819 INFO  client.GrpcClientProtocolClient (GrpcClientProtocolClient.java:onNext(255)) - client-7D6108789623->f80c66c4-8a3d-47db-b3f8-20b0bcb8a3f5: receive RaftClientReply:client-7D6108789623->f80c66c4-8a3d-47db-b3f8-20b0bcb8a3f5@group-7D2873B646E2, cid=2626, SUCCESS, logIndex=3882, commits[f80c66c4-8a3d-47db-b3f8-20b0bcb8a3f5:c3883, 6e9bc0f4-a324-4be3-b201-2d39df7dad8a:c3880, cffe1303-2f93-4087-8a62-a40745db49f2:c3880]
2019-07-10 09:51:00,819 INFO  client.GrpcClientProtocolClient (GrpcClientProtocolClient.java:onNext(255)) - client-7D6108789623->f80c66c4-8a3d-47db-b3f8-20b0bcb8a3f5: receive RaftClientReply:client-7D6108789623->f80c66c4-8a3d-47db-b3f8-20b0bcb8a3f5@group-7D2873B646E2, cid=2627, SUCCESS, logIndex=3883, commits[f80c66c4-8a3d-47db-b3f8-20b0bcb8a3f5:c3884, 6e9bc0f4-a324-4be3-b201-2d39df7dad8a:c3880, cffe1303-2f93-4087-8a62-a40745db49f2:c3880]
2019-07-10 09:51:00,820 INFO  client.GrpcClientProtocolClient (GrpcClientProtocolClient.java:onNext(255)) - client-7D6108789623->f80c66c4-8a3d-47db-b3f8-20b0bcb8a3f5: receive RaftClientReply:client-7D6108789623->f80c66c4-8a3d-47db-b3f8-20b0bcb8a3f5@group-7D2873B646E2, cid=2628, SUCCESS, logIndex=3884, commits[f80c66c4-8a3d-47db-b3f8-20b0bcb8a3f5:c3884, 6e9bc0f4-a324-4be3-b201-2d39df7dad8a:c3880, cffe1303-2f93-4087-8a62-a40745db49f2:c3880]
2019-07-10 09:51:00,823 INFO  client.GrpcClientProtocolClient (GrpcClientProtocolClient.java:onNext(255)) - client-7D6108789623->f80c66c4-8a3d-47db-b3f8-20b0bcb8a3f5: receive RaftClientReply:client-7D6108789623->f80c66c4-8a3d-47db-b3f8-20b0bcb8a3f5@group-7D2873B646E2, cid=2629, SUCCESS, logIndex=0, commits[f80c66c4-8a3d-47db-b3f8-20b0bcb8a3f5:c3886, 6e9bc0f4-a324-4be3-b201-2d39df7dad8a:c3883, cffe1303-2f93-4087-8a62-a40745db49f2:c3882]
2019-07-10 09:51:00,843 INFO  client.GrpcClientProtocolClient (GrpcClientProtocolClient.java:onNext(255)) - client-7D6108789623->f80c66c4-8a3d-47db-b3f8-20b0bcb8a3f5: receive RaftClientReply:client-7D6108789623->f80c66c4-8a3d-47db-b3f8-20b0bcb8a3f5@group-7D2873B646E2, cid=2630, SUCCESS, logIndex=3889, commits[f80c66c4-8a3d-47db-b3f8-20b0bcb8a3f5:c3890, 6e9bc0f4-a324-4be3-b201-2d39df7dad8a:c3884, cffe1303-2f93-4087-8a62-a40745db49f2:c3886]
2019-07-10 09:51:00,843 INFO  client.GrpcClientProtocolClient (GrpcClientProtocolClient.java:onNext(255)) - client-7D6108789623->f80c66c4-8a3d-47db-b3f8-20b0bcb8a3f5: receive RaftClientReply:client-7D6108789623->f80c66c4-8a3d-47db-b3f8-20b0bcb8a3f5@group-7D2873B646E2, cid=2631, SUCCESS, logIndex=3890, commits[f80c66c4-8a3d-47db-b3f8-20b0bcb8a3f5:c3890, 6e9bc0f4-a324-4be3-b201-2d39df7dad8a:c3886, cffe1303-2f93-4087-8a62-a40745db49f2:c3886]
2019-07-10 09:51:00,868 INFO  client.GrpcClientProtocolClient (GrpcClientProtocolClient.java:onNext(255)) - client-7D6108789623->f80c66c4-8a3d-47db-b3f8-20b0bcb8a3f5: receive RaftClientReply:client-7D6108789623->f80c66c4-8a3d-47db-b3f8-20b0bcb8a3f5@group-7D2873B646E2, cid=2632, SUCCESS, logIndex=3893, commits[f80c66c4-8a3d-47db-b3f8-20b0bcb8a3f5:c3894, 6e9bc0f4-a324-4be3-b201-2d39df7dad8a:c3891, cffe1303-2f93-4087-8a62-a40745db49f2:c3891]
2019-07-10 09:51:00,868 INFO  client.GrpcClientProtocolClient (GrpcClientProtocolClient.java:onNext(255)) - client-7D6108789623->f80c66c4-8a3d-47db-b3f8-20b0bcb8a3f5: receive RaftClientReply:client-7D6108789623->f80c66c4-8a3d-47db-b3f8-20b0bcb8a3f5@group-7D2873B646E2, cid=2633, SUCCESS, logIndex=3894, commits[f80c66c4-8a3d-47db-b3f8-20b0bcb8a3f5:c3894, 6e9bc0f4-a324-4be3-b201-2d39df7dad8a:c3891, cffe1303-2f93-4087-8a62-a40745db49f2:c3891]
2019-07-10 09:51:00,881 INFO  client.GrpcClientProtocolClient (GrpcClientProtocolClient.java:onNext(255)) - client-7D6108789623->f80c66c4-8a3d-47db-b3f8-20b0bcb8a3f5: receive RaftClientReply:client-7D6108789623->f80c66c4-8a3d-47db-b3f8-20b0bcb8a3f5@group-7D2873B646E2, cid=2634, SUCCESS, logIndex=0, commits[f80c66c4-8a3d-47db-b3f8-20b0bcb8a3f5:c3896, 6e9bc0f4-a324-4be3-b201-2d39df7dad8a:c3894, cffe1303-2f93-4087-8a62-a40745db49f2:c3894]
2019-07-10 09:51:00,912 INFO  client.GrpcClientProtocolClient (GrpcClientProtocolClient.java:onNext(255)) - client-7D6108789623->f80c66c4-8a3d-47db-b3f8-20b0bcb8a3f5: receive RaftClientReply:client-7D6108789623->f80c66c4-8a3d-47db-b3f8-20b0bcb8a3f5@group-7D2873B646E2, cid=2635, SUCCESS, logIndex=3897, commits[f80c66c4-8a3d-47db-b3f8-20b0bcb8a3f5:c3898, 6e9bc0f4-a324-4be3-b201-2d39df7dad8a:c3896, cffe1303-2f93-4087-8a62-a40745db49f2:c3896]
2019-07-10 09:51:00,913 INFO  client.GrpcClientProtocolClient (GrpcClientProtocolClient.java:onNext(255)) - client-7D6108789623->f80c66c4-8a3d-47db-b3f8-20b0bcb8a3f5: receive RaftClientReply:client-7D6108789623->f80c66c4-8a3d-47db-b3f8-20b0bcb8a3f5@group-7D2873B646E2, cid=2636, SUCCESS, logIndex=3898, commits[f80c66c4-8a3d-47db-b3f8-20b0bcb8a3f5:c3900, 6e9bc0f4-a324-4be3-b201-2d39df7dad8a:c3896, cffe1303-2f93-4087-8a62-a40745db49f2:c3896]
2019-07-10 09:51:00,913 INFO  client.GrpcClientProtocolClient (GrpcClientProtocolClient.java:onNext(255)) - client-7D6108789623->f80c66c4-8a3d-47db-b3f8-20b0bcb8a3f5: receive RaftClientReply:client-7D6108789623->f80c66c4-8a3d-47db-b3f8-20b0bcb8a3f5@group-7D2873B646E2, cid=2637, SUCCESS, logIndex=3899, commits[f80c66c4-8a3d-47db-b3f8-20b0bcb8a3f5:c3900, 6e9bc0f4-a324-4be3-b201-2d39df7dad8a:c3896, cffe1303-2f93-4087-8a62-a40745db49f2:c3896]
2019-07-10 09:51:00,914 INFO  client.GrpcClientProtocolClient (GrpcClientProtocolClient.java:onNext(255)) - client-7D6108789623->f80c66c4-8a3d-47db-b3f8-20b0bcb8a3f5: receive RaftClientReply:client-7D6108789623->f80c66c4-8a3d-47db-b3f8-20b0bcb8a3f5@group-7D2873B646E2, cid=2638, SUCCESS, logIndex=3900, commits[f80c66c4-8a3d-47db-b3f8-20b0bcb8a3f5:c3900, 6e9bc0f4-a324-4be3-b201-2d39df7dad8a:c3896, cffe1303-2f93-4087-8a62-a40745db49f2:c3896]
2019-07-10 09:51:00,916 INFO  client.GrpcClientProtocolClient (GrpcClientProtocolClient.java:onNext(255)) - client-7D6108789623->f80c66c4-8a3d-47db-b3f8-20b0bcb8a3f5: receive RaftClientReply:client-7D6108789623->f80c66c4-8a3d-47db-b3f8-20b0bcb8a3f5@group-7D2873B646E2, cid=2639, SUCCESS, logIndex=0, commits[f80c66c4-8a3d-47db-b3f8-20b0bcb8a3f5:c3901, 6e9bc0f4-a324-4be3-b201-2d39df7dad8a:c3898, cffe1303-2f93-4087-8a62-a40745db49f2:c3898]
2019-07-10 09:51:00,938 INFO  client.GrpcClientProtocolClient (GrpcClientProtocolClient.java:onNext(255)) - client-7D6108789623->f80c66c4-8a3d-47db-b3f8-20b0bcb8a3f5: receive RaftClientReply:client-7D6108789623->f80c66c4-8a3d-47db-b3f8-20b0bcb8a3f5@group-7D2873B646E2, cid=2640, SUCCESS, logIndex=3904, commits[f80c66c4-8a3d-47db-b3f8-20b0bcb8a3f5:c3905, 6e9bc0f4-a324-4be3-b201-2d39df7dad8a:c3902, cffe1303-2f93-4087-8a62-a40745db49f2:c3900]
2019-07-10 09:51:00,938 INFO  client.GrpcClientProtocolClient (GrpcClientProtocolClient.java:onNext(255)) - client-7D6108789623->f80c66c4-8a3d-47db-b3f8-20b0bcb8a3f5: receive RaftClientReply:client-7D6108789623->f80c66c4-8a3d-47db-b3f8-20b0bcb8a3f5@group-7D2873B646E2, cid=2641, SUCCESS, logIndex=3905, commits[f80c66c4-8a3d-47db-b3f8-20b0bcb8a3f5:c3905, 6e9bc0f4-a324-4be3-b201-2d39df7dad8a:c3902, cffe1303-2f93-4087-8a62-a40745db49f2:c3902]
2019-07-10 09:51:00,961 INFO  client.GrpcClientProtocolClient (GrpcClientProtocolClient.java:onNext(255)) - client-7D6108789623->f80c66c4-8a3d-47db-b3f8-20b0bcb8a3f5: receive RaftClientReply:client-7D6108789623->f80c66c4-8a3d-47db-b3f8-20b0bcb8a3f5@group-7D2873B646E2, cid=2642, SUCCESS, logIndex=3908, commits[f80c66c4-8a3d-47db-b3f8-20b0bcb8a3f5:c3909, 6e9bc0f4-a324-4be3-b201-2d39df7dad8a:c3905, cffe1303-2f93-4087-8a62-a40745db49f2:c3905]
2019-07-10 09:51:00,962 INFO  client.GrpcClientProtocolClient (GrpcClientProtocolClient.java:onNext(255)) - client-7D6108789623->f80c66c4-8a3d-47db-b3f8-20b0bcb8a3f5: receive RaftClientReply:client-7D6108789623->f80c66c4-8a3d-47db-b3f8-20b0bcb8a3f5@group-7D2873B646E2, cid=2643, SUCCESS, logIndex=3909, commits[f80c66c4-8a3d-47db-b3f8-20b0bcb8a3f5:c3909, 6e9bc0f4-a324-4be3-b201-2d39df7dad8a:c3905, cffe1303-2f93-4087-8a62-a40745db49f2:c3905]
2019-07-10 09:51:00,965 INFO  client.GrpcClientProtocolClient (GrpcClientProtocolClient.java:onNext(255)) - client-7D6108789623->f80c66c4-8a3d-47db-b3f8-20b0bcb8a3f5: receive RaftClientReply:client-7D6108789623->f80c66c4-8a3d-47db-b3f8-20b0bcb8a3f5@group-7D2873B646E2, cid=2644, SUCCESS, logIndex=0, commits[f80c66c4-8a3d-47db-b3f8-20b0bcb8a3f5:c3910, 6e9bc0f4-a324-4be3-b201-2d39df7dad8a:c3909, cffe1303-2f93-4087-8a62-a40745db49f2:c3909]
2019-07-10 09:51:00,997 INFO  client.GrpcClientProtocolClient (GrpcClientProtocolClient.java:onNext(255)) - client-7D6108789623->f80c66c4-8a3d-47db-b3f8-20b0bcb8a3f5: receive RaftClientReply:client-7D6108789623->f80c66c4-8a3d-47db-b3f8-20b0bcb8a3f5@group-7D2873B646E2, cid=2645, SUCCESS, logIndex=3912, commits[f80c66c4-8a3d-47db-b3f8-20b0bcb8a3f5:c3912, 6e9bc0f4-a324-4be3-b201-2d39df7dad8a:c3911, cffe1303-2f93-4087-8a62-a40745db49f2:c3911]
2019-07-10 09:51:00,998 INFO  client.GrpcClientProtocolClient (GrpcClientProtocolClient.java:onNext(255)) - client-7D6108789623->f80c66c4-8a3d-47db-b3f8-20b0bcb8a3f5: receive RaftClientReply:client-7D6108789623->f80c66c4-8a3d-47db-b3f8-20b0bcb8a3f5@group-7D2873B646E2, cid=2646, SUCCESS, logIndex=3913, commits[f80c66c4-8a3d-47db-b3f8-20b0bcb8a3f5:c3915, 6e9bc0f4-a324-4be3-b201-2d39df7dad8a:c3911, cffe1303-2f93-4087-8a62-a40745db49f2:c3911]
2019-07-10 09:51:00,999 INFO  client.GrpcClientProtocolClient (GrpcClientProtocolClient.java:onNext(255)) - client-7D6108789623->f80c66c4-8a3d-47db-b3f8-20b0bcb8a3f5: receive RaftClientReply:client-7D6108789623->f80c66c4-8a3d-47db-b3f8-20b0bcb8a3f5@group-7D2873B646E2, cid=2647, SUCCESS, logIndex=3914, commits[f80c66c4-8a3d-47db-b3f8-20b0bcb8a3f5:c3915, 6e9bc0f4-a324-4be3-b201-2d39df7dad8a:c3911, cffe1303-2f93-4087-8a62-a40745db49f2:c3911]
2019-07-10 09:51:00,999 INFO  client.GrpcClientProtocolClient (GrpcClientProtocolClient.java:onNext(255)) - client-7D6108789623->f80c66c4-8a3d-47db-b3f8-20b0bcb8a3f5: receive RaftClientReply:client-7D6108789623->f80c66c4-8a3d-47db-b3f8-20b0bcb8a3f5@group-7D2873B646E2, cid=2648, SUCCESS, logIndex=3915, commits[f80c66c4-8a3d-47db-b3f8-20b0bcb8a3f5:c3915, 6e9bc0f4-a324-4be3-b201-2d39df7dad8a:c3911, cffe1303-2f93-4087-8a62-a40745db49f2:c3911]
2019-07-10 09:51:01,008 INFO  client.GrpcClientProtocolClient (GrpcClientProtocolClient.java:onNext(255)) - client-7D6108789623->f80c66c4-8a3d-47db-b3f8-20b0bcb8a3f5: receive RaftClientReply:client-7D6108789623->f80c66c4-8a3d-47db-b3f8-20b0bcb8a3f5@group-7D2873B646E2, cid=2649, SUCCESS, logIndex=0, commits[f80c66c4-8a3d-47db-b3f8-20b0bcb8a3f5:c3917, 6e9bc0f4-a324-4be3-b201-2d39df7dad8a:c3915, cffe1303-2f93-4087-8a62-a40745db49f2:c3915]
2019-07-10 09:51:01,029 INFO  client.GrpcClientProtocolClient (GrpcClientProtocolClient.java:onNext(255)) - client-7D6108789623->f80c66c4-8a3d-47db-b3f8-20b0bcb8a3f5: receive RaftClientReply:client-7D6108789623->f80c66c4-8a3d-47db-b3f8-20b0bcb8a3f5@group-7D2873B646E2, cid=2650, SUCCESS, logIndex=3918, commits[f80c66c4-8a3d-47db-b3f8-20b0bcb8a3f5:c3919, 6e9bc0f4-a324-4be3-b201-2d39df7dad8a:c3917, cffe1303-2f93-4087-8a62-a40745db49f2:c3917]
2019-07-10 09:51:01,029 INFO  client.GrpcClientProtocolClient (GrpcClientProtocolClient.java:onNext(255)) - client-7D6108789623->f80c66c4-8a3d-47db-b3f8-20b0bcb8a3f5: receive RaftClientReply:client-7D6108789623->f80c66c4-8a3d-47db-b3f8-20b0bcb8a3f5@group-7D2873B646E2, cid=2651, SUCCESS, logIndex=3919, commits[f80c66c4-8a3d-47db-b3f8-20b0bcb8a3f5:c3919, 6e9bc0f4-a324-4be3-b201-2d39df7dad8a:c3917, cffe1303-2f93-4087-8a62-a40745db49f2:c3917]
2019-07-10 09:51:01,053 INFO  client.GrpcClientProtocolClient (GrpcClientProtocolClient.java:onNext(255)) - client-7D6108789623->f80c66c4-8a3d-47db-b3f8-20b0bcb8a3f5: receive RaftClientReply:client-7D6108789623->f80c66c4-8a3d-47db-b3f8-20b0bcb8a3f5@group-7D2873B646E2, cid=2652, SUCCESS, logIndex=3922, commits[f80c66c4-8a3d-47db-b3f8-20b0bcb8a3f5:c3923, 6e9bc0f4-a324-4be3-b201-2d39df7dad8a:c3919, cffe1303-2f93-4087-8a62-a40745db49f2:c3919]
2019-07-10 09:51:01,053 INFO  client.GrpcClientProtocolClient (GrpcClientProtocolClient.java:onNext(255)) - client-7D6108789623->f80c66c4-8a3d-47db-b3f8-20b0bcb8a3f5: receive RaftClientReply:client-7D6108789623->f80c66c4-8a3d-47db-b3f8-20b0bcb8a3f5@group-7D2873B646E2, cid=2653, SUCCESS, logIndex=3923, commits[f80c66c4-8a3d-47db-b3f8-20b0bcb8a3f5:c3923, 6e9bc0f4-a324-4be3-b201-2d39df7dad8a:c3919, cffe1303-2f93-4087-8a62-a40745db49f2:c3919]
2019-07-10 09:51:01,073 INFO  client.GrpcClientProtocolClient (GrpcClientProtocolClient.java:onNext(255)) - client-7D6108789623->f80c66c4-8a3d-47db-b3f8-20b0bcb8a3f5: receive RaftClientReply:client-7D6108789623->f80c66c4-8a3d-47db-b3f8-20b0bcb8a3f5@group-7D2873B646E2, cid=2654, SUCCESS, logIndex=0, commits[f80c66c4-8a3d-47db-b3f8-20b0bcb8a3f5:c3925, 6e9bc0f4-a324-4be3-b201-2d39df7dad8a:c3923, cffe1303-2f93-4087-8a62-a40745db49f2:c3923]
2019-07-10 09:51:01,203 INFO  client.GrpcClientProtocolClient (GrpcClientProtocolClient.java:onNext(255)) - client-7D6108789623->f80c66c4-8a3d-47db-b3f8-20b0bcb8a3f5: receive RaftClientReply:client-7D6108789623->f80c66c4-8a3d-47db-b3f8-20b0bcb8a3f5@group-7D2873B646E2, cid=2655, SUCCESS, logIndex=3926, commits[f80c66c4-8a3d-47db-b3f8-20b0bcb8a3f5:c3927, 6e9bc0f4-a324-4be3-b201-2d39df7dad8a:c3925, cffe1303-2f93-4087-8a62-a40745db49f2:c3925]
2019-07-10 09:51:01,204 INFO  client.GrpcClientProtocolClient (GrpcClientProtocolClient.java:onNext(255)) - client-7D6108789623->f80c66c4-8a3d-47db-b3f8-20b0bcb8a3f5: receive RaftClientReply:client-7D6108789623->f80c66c4-8a3d-47db-b3f8-20b0bcb8a3f5@group-7D2873B646E2, cid=2656, SUCCESS, logIndex=3927, commits[f80c66c4-8a3d-47db-b3f8-20b0bcb8a3f5:c3927, 6e9bc0f4-a324-4be3-b201-2d39df7dad8a:c3925, cffe1303-2f93-4087-8a62-a40745db49f2:c3925]
2019-07-10 09:51:01,215 INFO  client.GrpcClientProtocolClient (GrpcClientProtocolClient.java:onNext(255)) - client-7D6108789623->f80c66c4-8a3d-47db-b3f8-20b0bcb8a3f5: receive RaftClientReply:client-7D6108789623->f80c66c4-8a3d-47db-b3f8-20b0bcb8a3f5@group-7D2873B646E2, cid=2657, SUCCESS, logIndex=3928, commits[f80c66c4-8a3d-47db-b3f8-20b0bcb8a3f5:c3929, 6e9bc0f4-a324-4be3-b201-2d39df7dad8a:c3925, cffe1303-2f93-4087-8a62-a40745db49f2:c3925]
2019-07-10 09:51:01,215 INFO  client.GrpcClientProtocolClient (GrpcClientProtocolClient.java:onNext(255)) - client-7D6108789623->f80c66c4-8a3d-47db-b3f8-20b0bcb8a3f5: receive RaftClientReply:client-7D6108789623->f80c66c4-8a3d-47db-b3f8-20b0bcb8a3f5@group-7D2873B646E2, cid=2658, SUCCESS, logIndex=3929, commits[f80c66c4-8a3d-47db-b3f8-20b0bcb8a3f5:c3931, 6e9bc0f4-a324-4be3-b201-2d39df7dad8a:c3927, cffe1303-2f93-4087-8a62-a40745db49f2:c3925]
2019-07-10 09:51:01,226 INFO  client.GrpcClientProtocolClient (GrpcClientProtocolClient.java:onNext(255)) - client-7D6108789623->f80c66c4-8a3d-47db-b3f8-20b0bcb8a3f5: receive RaftClientReply:client-7D6108789623->f80c66c4-8a3d-47db-b3f8-20b0bcb8a3f5@group-7D2873B646E2, cid=2659, SUCCESS, logIndex=0, commits[f80c66c4-8a3d-47db-b3f8-20b0bcb8a3f5:c3931, 6e9bc0f4-a324-4be3-b201-2d39df7dad8a:c3927, cffe1303-2f93-4087-8a62-a40745db49f2:c3927]
 0.00% |█                                                                                                    |  0/1 Time: 0:00:252019-07-10 09:51:01,239 INFO  client.GrpcClientProtocolClient (GrpcClientProtocolClient.java:onNext(255)) - client-7D6108789623->f80c66c4-8a3d-47db-b3f8-20b0bcb8a3f5: receive RaftClientReply:client-7D6108789623->f80c66c4-8a3d-47db-b3f8-20b0bcb8a3f5@group-7D2873B646E2, cid=2660, SUCCESS, logIndex=3934, commits[f80c66c4-8a3d-47db-b3f8-20b0bcb8a3f5:c3935, 6e9bc0f4-a324-4be3-b201-2d39df7dad8a:c3929, cffe1303-2f93-4087-8a62-a40745db49f2:c3933]
2019-07-10 09:51:01,239 INFO  client.GrpcClientProtocolClient (GrpcClientProtocolClient.java:onNext(255)) - client-7D6108789623->f80c66c4-8a3d-47db-b3f8-20b0bcb8a3f5: receive RaftClientReply:client-7D6108789623->f80c66c4-8a3d-47db-b3f8-20b0bcb8a3f5@group-7D2873B646E2, cid=2661, SUCCESS, logIndex=3935, commits[f80c66c4-8a3d-47db-b3f8-20b0bcb8a3f5:c3935, 6e9bc0f4-a324-4be3-b201-2d39df7dad8a:c3933, cffe1303-2f93-4087-8a62-a40745db49f2:c3933]
2019-07-10 09:51:01,263 INFO  client.GrpcClientProtocolClient (GrpcClientProtocolClient.java:onNext(255)) - client-7D6108789623->f80c66c4-8a3d-47db-b3f8-20b0bcb8a3f5: receive RaftClientReply:client-7D6108789623->f80c66c4-8a3d-47db-b3f8-20b0bcb8a3f5@group-7D2873B646E2, cid=2662, SUCCESS, logIndex=3938, commits[f80c66c4-8a3d-47db-b3f8-20b0bcb8a3f5:c3939, 6e9bc0f4-a324-4be3-b201-2d39df7dad8a:c3936, cffe1303-2f93-4087-8a62-a40745db49f2:c3936]
2019-07-10 09:51:01,264 INFO  client.GrpcClientProtocolClient (GrpcClientProtocolClient.java:onNext(255)) - client-7D6108789623->f80c66c4-8a3d-47db-b3f8-20b0bcb8a3f5: receive RaftClientReply:client-7D6108789623->f80c66c4-8a3d-47db-b3f8-20b0bcb8a3f5@group-7D2873B646E2, cid=2663, SUCCESS, logIndex=3939, commits[f80c66c4-8a3d-47db-b3f8-20b0bcb8a3f5:c3939, 6e9bc0f4-a324-4be3-b201-2d39df7dad8a:c3936, cffe1303-2f93-4087-8a62-a40745db49f2:c3936]
2019-07-10 09:51:01,274 INFO  client.GrpcClientProtocolClient (GrpcClientProtocolClient.java:onNext(255)) - client-7D6108789623->f80c66c4-8a3d-47db-b3f8-20b0bcb8a3f5: receive RaftClientReply:client-7D6108789623->f80c66c4-8a3d-47db-b3f8-20b0bcb8a3f5@group-7D2873B646E2, cid=2664, SUCCESS, logIndex=0, commits[f80c66c4-8a3d-47db-b3f8-20b0bcb8a3f5:c3940, 6e9bc0f4-a324-4be3-b201-2d39df7dad8a:c3939, cffe1303-2f93-4087-8a62-a40745db49f2:c3939]
2019-07-10 09:51:01,301 INFO  client.GrpcClientProtocolClient (GrpcClientProtocolClient.java:onNext(255)) - client-7D6108789623->f80c66c4-8a3d-47db-b3f8-20b0bcb8a3f5: receive RaftClientReply:client-7D6108789623->f80c66c4-8a3d-47db-b3f8-20b0bcb8a3f5@group-7D2873B646E2, cid=2665, SUCCESS, logIndex=3942, commits[f80c66c4-8a3d-47db-b3f8-20b0bcb8a3f5:c3943, 6e9bc0f4-a324-4be3-b201-2d39df7dad8a:c3941, cffe1303-2f93-4087-8a62-a40745db49f2:c3941]
2019-07-10 09:51:01,302 INFO  client.GrpcClientProtocolClient (GrpcClientProtocolClient.java:onNext(255)) - client-7D6108789623->f80c66c4-8a3d-47db-b3f8-20b0bcb8a3f5: receive RaftClientReply:client-7D6108789623->f80c66c4-8a3d-47db-b3f8-20b0bcb8a3f5@group-7D2873B646E2, cid=2666, SUCCESS, logIndex=3943, commits[f80c66c4-8a3d-47db-b3f8-20b0bcb8a3f5:c3943, 6e9bc0f4-a324-4be3-b201-2d39df7dad8a:c3941, cffe1303-2f93-4087-8a62-a40745db49f2:c3941]
2019-07-10 09:51:01,309 INFO  client.GrpcClientProtocolClient (GrpcClientProtocolClient.java:onNext(255)) - client-7D6108789623->f80c66c4-8a3d-47db-b3f8-20b0bcb8a3f5: receive RaftClientReply:client-7D6108789623->f80c66c4-8a3d-47db-b3f8-20b0bcb8a3f5@group-7D2873B646E2, cid=2667, SUCCESS, logIndex=3944, commits[f80c66c4-8a3d-47db-b3f8-20b0bcb8a3f5:c3945, 6e9bc0f4-a324-4be3-b201-2d39df7dad8a:c3941, cffe1303-2f93-4087-8a62-a40745db49f2:c3941]
2019-07-10 09:51:01,310 INFO  client.GrpcClientProtocolClient (GrpcClientProtocolClient.java:onNext(255)) - client-7D6108789623->f80c66c4-8a3d-47db-b3f8-20b0bcb8a3f5: receive RaftClientReply:client-7D6108789623->f80c66c4-8a3d-47db-b3f8-20b0bcb8a3f5@group-7D2873B646E2, cid=2668, SUCCESS, logIndex=3945, commits[f80c66c4-8a3d-47db-b3f8-20b0bcb8a3f5:c3945, 6e9bc0f4-a324-4be3-b201-2d39df7dad8a:c3941, cffe1303-2f93-4087-8a62-a40745db49f2:c3941]
2019-07-10 09:51:01,323 INFO  client.GrpcClientProtocolClient (GrpcClientProtocolClient.java:onNext(255)) - client-7D6108789623->f80c66c4-8a3d-47db-b3f8-20b0bcb8a3f5: receive RaftClientReply:client-7D6108789623->f80c66c4-8a3d-47db-b3f8-20b0bcb8a3f5@group-7D2873B646E2, cid=2669, SUCCESS, logIndex=0, commits[f80c66c4-8a3d-47db-b3f8-20b0bcb8a3f5:c3947, 6e9bc0f4-a324-4be3-b201-2d39df7dad8a:c3945, cffe1303-2f93-4087-8a62-a40745db49f2:c3943]
2019-07-10 09:51:01,343 INFO  client.GrpcClientProtocolClient (GrpcClientProtocolClient.java:onNext(255)) - client-7D6108789623->f80c66c4-8a3d-47db-b3f8-20b0bcb8a3f5: receive RaftClientReply:client-7D6108789623->f80c66c4-8a3d-47db-b3f8-20b0bcb8a3f5@group-7D2873B646E2, cid=2670, SUCCESS, logIndex=3949, commits[f80c66c4-8a3d-47db-b3f8-20b0bcb8a3f5:c3950, 6e9bc0f4-a324-4be3-b201-2d39df7dad8a:c3945, cffe1303-2f93-4087-8a62-a40745db49f2:c3947]
2019-07-10 09:51:01,343 INFO  client.GrpcClientProtocolClient (GrpcClientProtocolClient.java:onNext(255)) - client-7D6108789623->f80c66c4-8a3d-47db-b3f8-20b0bcb8a3f5: receive RaftClientReply:client-7D6108789623->f80c66c4-8a3d-47db-b3f8-20b0bcb8a3f5@group-7D2873B646E2, cid=2671, SUCCESS, logIndex=3950, commits[f80c66c4-8a3d-47db-b3f8-20b0bcb8a3f5:c3950, 6e9bc0f4-a324-4be3-b201-2d39df7dad8a:c3947, cffe1303-2f93-4087-8a62-a40745db49f2:c3947]
2019-07-10 09:51:01,360 INFO  client.GrpcClientProtocolClient (GrpcClientProtocolClient.java:onNext(255)) - client-7D6108789623->f80c66c4-8a3d-47db-b3f8-20b0bcb8a3f5: receive RaftClientReply:client-7D6108789623->f80c66c4-8a3d-47db-b3f8-20b0bcb8a3f5@group-7D2873B646E2, cid=2672, SUCCESS, logIndex=3953, commits[f80c66c4-8a3d-47db-b3f8-20b0bcb8a3f5:c3954, 6e9bc0f4-a324-4be3-b201-2d39df7dad8a:c3952, cffe1303-2f93-4087-8a62-a40745db49f2:c3952]
2019-07-10 09:51:01,360 INFO  client.GrpcClientProtocolClient (GrpcClientProtocolClient.java:onNext(255)) - client-7D6108789623->f80c66c4-8a3d-47db-b3f8-20b0bcb8a3f5: receive RaftClientReply:client-7D6108789623->f80c66c4-8a3d-47db-b3f8-20b0bcb8a3f5@group-7D2873B646E2, cid=2673, SUCCESS, logIndex=3954, commits[f80c66c4-8a3d-47db-b3f8-20b0bcb8a3f5:c3954, 6e9bc0f4-a324-4be3-b201-2d39df7dad8a:c3952, cffe1303-2f93-4087-8a62-a40745db49f2:c3952]
2019-07-10 09:51:01,372 INFO  client.GrpcClientProtocolClient (GrpcClientProtocolClient.java:onNext(255)) - client-7D6108789623->f80c66c4-8a3d-47db-b3f8-20b0bcb8a3f5: receive RaftClientReply:client-7D6108789623->f80c66c4-8a3d-47db-b3f8-20b0bcb8a3f5@group-7D2873B646E2, cid=2674, SUCCESS, logIndex=0, commits[f80c66c4-8a3d-47db-b3f8-20b0bcb8a3f5:c3956, 6e9bc0f4-a324-4be3-b201-2d39df7dad8a:c3954, cffe1303-2f93-4087-8a62-a40745db49f2:c3954]
2019-07-10 09:51:01,394 INFO  client.GrpcClientProtocolClient (GrpcClientProtocolClient.java:onNext(255)) - client-7D6108789623->f80c66c4-8a3d-47db-b3f8-20b0bcb8a3f5: receive RaftClientReply:client-7D6108789623->f80c66c4-8a3d-47db-b3f8-20b0bcb8a3f5@group-7D2873B646E2, cid=2675, SUCCESS, logIndex=3957, commits[f80c66c4-8a3d-47db-b3f8-20b0bcb8a3f5:c3958, 6e9bc0f4-a324-4be3-b201-2d39df7dad8a:c3956, cffe1303-2f93-4087-8a62-a40745db49f2:c3956]
2019-07-10 09:51:01,394 INFO  client.GrpcClientProtocolClient (GrpcClientProtocolClient.java:onNext(255)) - client-7D6108789623->f80c66c4-8a3d-47db-b3f8-20b0bcb8a3f5: receive RaftClientReply:client-7D6108789623->f80c66c4-8a3d-47db-b3f8-20b0bcb8a3f5@group-7D2873B646E2, cid=2676, SUCCESS, logIndex=3958, commits[f80c66c4-8a3d-47db-b3f8-20b0bcb8a3f5:c3958, 6e9bc0f4-a324-4be3-b201-2d39df7dad8a:c3956, cffe1303-2f93-4087-8a62-a40745db49f2:c3956]
2019-07-10 09:51:01,395 INFO  client.GrpcClientProtocolClient (GrpcClientProtocolClient.java:onNext(255)) - client-7D6108789623->f80c66c4-8a3d-47db-b3f8-20b0bcb8a3f5: receive RaftClientReply:client-7D6108789623->f80c66c4-8a3d-47db-b3f8-20b0bcb8a3f5@group-7D2873B646E2, cid=2677, SUCCESS, logIndex=3959, commits[f80c66c4-8a3d-47db-b3f8-20b0bcb8a3f5:c3959, 6e9bc0f4-a324-4be3-b201-2d39df7dad8a:c3956, cffe1303-2f93-4087-8a62-a40745db49f2:c3956]
2019-07-10 09:51:01,395 INFO  client.GrpcClientProtocolClient (GrpcClientProtocolClient.java:onNext(255)) - client-7D6108789623->f80c66c4-8a3d-47db-b3f8-20b0bcb8a3f5: receive RaftClientReply:client-7D6108789623->f80c66c4-8a3d-47db-b3f8-20b0bcb8a3f5@group-7D2873B646E2, cid=2678, SUCCESS, logIndex=3960, commits[f80c66c4-8a3d-47db-b3f8-20b0bcb8a3f5:c3960, 6e9bc0f4-a324-4be3-b201-2d39df7dad8a:c3956, cffe1303-2f93-4087-8a62-a40745db49f2:c3956]
2019-07-10 09:51:01,408 INFO  client.GrpcClientProtocolClient (GrpcClientProtocolClient.java:onNext(255)) - client-7D6108789623->f80c66c4-8a3d-47db-b3f8-20b0bcb8a3f5: receive RaftClientReply:client-7D6108789623->f80c66c4-8a3d-47db-b3f8-20b0bcb8a3f5@group-7D2873B646E2, cid=2679, SUCCESS, logIndex=0, commits[f80c66c4-8a3d-47db-b3f8-20b0bcb8a3f5:c3962, 6e9bc0f4-a324-4be3-b201-2d39df7dad8a:c3958, cffe1303-2f93-4087-8a62-a40745db49f2:c3958]
2019-07-10 09:51:01,419 INFO  client.GrpcClientProtocolClient (GrpcClientProtocolClient.java:onNext(255)) - client-7D6108789623->f80c66c4-8a3d-47db-b3f8-20b0bcb8a3f5: receive RaftClientReply:client-7D6108789623->f80c66c4-8a3d-47db-b3f8-20b0bcb8a3f5@group-7D2873B646E2, cid=2680, SUCCESS, logIndex=3965, commits[f80c66c4-8a3d-47db-b3f8-20b0bcb8a3f5:c3966, 6e9bc0f4-a324-4be3-b201-2d39df7dad8a:c3960, cffe1303-2f93-4087-8a62-a40745db49f2:c3964]
2019-07-10 09:51:01,420 INFO  client.GrpcClientProtocolClient (GrpcClientProtocolClient.java:onNext(255)) - client-7D6108789623->f80c66c4-8a3d-47db-b3f8-20b0bcb8a3f5: receive RaftClientReply:client-7D6108789623->f80c66c4-8a3d-47db-b3f8-20b0bcb8a3f5@group-7D2873B646E2, cid=2681, SUCCESS, logIndex=3966, commits[f80c66c4-8a3d-47db-b3f8-20b0bcb8a3f5:c3966, 6e9bc0f4-a324-4be3-b201-2d39df7dad8a:c3960, cffe1303-2f93-4087-8a62-a40745db49f2:c3964]
2019-07-10 09:51:01,442 INFO  client.GrpcClientProtocolClient (GrpcClientProtocolClient.java:onNext(255)) - client-7D6108789623->f80c66c4-8a3d-47db-b3f8-20b0bcb8a3f5: receive RaftClientReply:client-7D6108789623->f80c66c4-8a3d-47db-b3f8-20b0bcb8a3f5@group-7D2873B646E2, cid=2682, SUCCESS, logIndex=3969, commits[f80c66c4-8a3d-47db-b3f8-20b0bcb8a3f5:c3970, 6e9bc0f4-a324-4be3-b201-2d39df7dad8a:c3966, cffe1303-2f93-4087-8a62-a40745db49f2:c3966]
2019-07-10 09:51:01,442 INFO  client.GrpcClientProtocolClient (GrpcClientProtocolClient.java:onNext(255)) - client-7D6108789623->f80c66c4-8a3d-47db-b3f8-20b0bcb8a3f5: receive RaftClientReply:client-7D6108789623->f80c66c4-8a3d-47db-b3f8-20b0bcb8a3f5@group-7D2873B646E2, cid=2683, SUCCESS, logIndex=3970, commits[f80c66c4-8a3d-47db-b3f8-20b0bcb8a3f5:c3970, 6e9bc0f4-a324-4be3-b201-2d39df7dad8a:c3966, cffe1303-2f93-4087-8a62-a40745db49f2:c3966]
2019-07-10 09:51:01,451 INFO  client.GrpcClientProtocolClient (GrpcClientProtocolClient.java:onNext(255)) - client-7D6108789623->f80c66c4-8a3d-47db-b3f8-20b0bcb8a3f5: receive RaftClientReply:client-7D6108789623->f80c66c4-8a3d-47db-b3f8-20b0bcb8a3f5@group-7D2873B646E2, cid=2684, SUCCESS, logIndex=0, commits[f80c66c4-8a3d-47db-b3f8-20b0bcb8a3f5:c3971, 6e9bc0f4-a324-4be3-b201-2d39df7dad8a:c3970, cffe1303-2f93-4087-8a62-a40745db49f2:c3970]
2019-07-10 09:51:01,475 INFO  client.GrpcClientProtocolClient (GrpcClientProtocolClient.java:onNext(255)) - client-7D6108789623->f80c66c4-8a3d-47db-b3f8-20b0bcb8a3f5: receive RaftClientReply:client-7D6108789623->f80c66c4-8a3d-47db-b3f8-20b0bcb8a3f5@group-7D2873B646E2, cid=2685, SUCCESS, logIndex=3972, commits[f80c66c4-8a3d-47db-b3f8-20b0bcb8a3f5:c3973, 6e9bc0f4-a324-4be3-b201-2d39df7dad8a:c3971, cffe1303-2f93-4087-8a62-a40745db49f2:c3971]
2019-07-10 09:51:01,476 INFO  client.GrpcClientProtocolClient (GrpcClientProtocolClient.java:onNext(255)) - client-7D6108789623->f80c66c4-8a3d-47db-b3f8-20b0bcb8a3f5: receive RaftClientReply:client-7D6108789623->f80c66c4-8a3d-47db-b3f8-20b0bcb8a3f5@group-7D2873B646E2, cid=2686, SUCCESS, logIndex=3973, commits[f80c66c4-8a3d-47db-b3f8-20b0bcb8a3f5:c3973, 6e9bc0f4-a324-4be3-b201-2d39df7dad8a:c3971, cffe1303-2f93-4087-8a62-a40745db49f2:c3971]
2019-07-10 09:51:01,486 INFO  client.GrpcClientProtocolClient (GrpcClientProtocolClient.java:onNext(255)) - client-7D6108789623->f80c66c4-8a3d-47db-b3f8-20b0bcb8a3f5: receive RaftClientReply:client-7D6108789623->f80c66c4-8a3d-47db-b3f8-20b0bcb8a3f5@group-7D2873B646E2, cid=2687, SUCCESS, logIndex=3974, commits[f80c66c4-8a3d-47db-b3f8-20b0bcb8a3f5:c3975, 6e9bc0f4-a324-4be3-b201-2d39df7dad8a:c3971, cffe1303-2f93-4087-8a62-a40745db49f2:c3971]
2019-07-10 09:51:01,486 INFO  client.GrpcClientProtocolClient (GrpcClientProtocolClient.java:onNext(255)) - client-7D6108789623->f80c66c4-8a3d-47db-b3f8-20b0bcb8a3f5: receive RaftClientReply:client-7D6108789623->f80c66c4-8a3d-47db-b3f8-20b0bcb8a3f5@group-7D2873B646E2, cid=2688, SUCCESS, logIndex=3975, commits[f80c66c4-8a3d-47db-b3f8-20b0bcb8a3f5:c3975, 6e9bc0f4-a324-4be3-b201-2d39df7dad8a:c3971, cffe1303-2f93-4087-8a62-a40745db49f2:c3971]
2019-07-10 09:51:01,497 INFO  client.GrpcClientProtocolClient (GrpcClientProtocolClient.java:onNext(255)) - client-7D6108789623->f80c66c4-8a3d-47db-b3f8-20b0bcb8a3f5: receive RaftClientReply:client-7D6108789623->f80c66c4-8a3d-47db-b3f8-20b0bcb8a3f5@group-7D2873B646E2, cid=2689, SUCCESS, logIndex=0, commits[f80c66c4-8a3d-47db-b3f8-20b0bcb8a3f5:c3976, 6e9bc0f4-a324-4be3-b201-2d39df7dad8a:c3973, cffe1303-2f93-4087-8a62-a40745db49f2:c3973]
2019-07-10 09:51:01,518 INFO  client.GrpcClientProtocolClient (GrpcClientProtocolClient.java:onNext(255)) - client-7D6108789623->f80c66c4-8a3d-47db-b3f8-20b0bcb8a3f5: receive RaftClientReply:client-7D6108789623->f80c66c4-8a3d-47db-b3f8-20b0bcb8a3f5@group-7D2873B646E2, cid=2690, SUCCESS, logIndex=3980, commits[f80c66c4-8a3d-47db-b3f8-20b0bcb8a3f5:c3980, 6e9bc0f4-a324-4be3-b201-2d39df7dad8a:c3977, cffe1303-2f93-4087-8a62-a40745db49f2:c3977]
2019-07-10 09:51:01,518 INFO  client.GrpcClientProtocolClient (GrpcClientProtocolClient.java:onNext(255)) - client-7D6108789623->f80c66c4-8a3d-47db-b3f8-20b0bcb8a3f5: receive RaftClientReply:client-7D6108789623->f80c66c4-8a3d-47db-b3f8-20b0bcb8a3f5@group-7D2873B646E2, cid=2691, SUCCESS, logIndex=3981, commits[f80c66c4-8a3d-47db-b3f8-20b0bcb8a3f5:c3981, 6e9bc0f4-a324-4be3-b201-2d39df7dad8a:c3977, cffe1303-2f93-4087-8a62-a40745db49f2:c3977]
2019-07-10 09:51:01,537 INFO  client.GrpcClientProtocolClient (GrpcClientProtocolClient.java:onNext(255)) - client-7D6108789623->f80c66c4-8a3d-47db-b3f8-20b0bcb8a3f5: receive RaftClientReply:client-7D6108789623->f80c66c4-8a3d-47db-b3f8-20b0bcb8a3f5@group-7D2873B646E2, cid=2692, SUCCESS, logIndex=3984, commits[f80c66c4-8a3d-47db-b3f8-20b0bcb8a3f5:c3985, 6e9bc0f4-a324-4be3-b201-2d39df7dad8a:c3983, cffe1303-2f93-4087-8a62-a40745db49f2:c3983]
2019-07-10 09:51:01,537 INFO  client.GrpcClientProtocolClient (GrpcClientProtocolClient.java:onNext(255)) - client-7D6108789623->f80c66c4-8a3d-47db-b3f8-20b0bcb8a3f5: receive RaftClientReply:client-7D6108789623->f80c66c4-8a3d-47db-b3f8-20b0bcb8a3f5@group-7D2873B646E2, cid=2693, SUCCESS, logIndex=3985, commits[f80c66c4-8a3d-47db-b3f8-20b0bcb8a3f5:c3985, 6e9bc0f4-a324-4be3-b201-2d39df7dad8a:c3983, cffe1303-2f93-4087-8a62-a40745db49f2:c3983]
2019-07-10 09:51:01,560 INFO  client.GrpcClientProtocolClient (GrpcClientProtocolClient.java:onNext(255)) - client-7D6108789623->f80c66c4-8a3d-47db-b3f8-20b0bcb8a3f5: receive RaftClientReply:client-7D6108789623->f80c66c4-8a3d-47db-b3f8-20b0bcb8a3f5@group-7D2873B646E2, cid=2694, SUCCESS, logIndex=0, commits[f80c66c4-8a3d-47db-b3f8-20b0bcb8a3f5:c3987, 6e9bc0f4-a324-4be3-b201-2d39df7dad8a:c3985, cffe1303-2f93-4087-8a62-a40745db49f2:c3985]
2019-07-10 09:51:01,584 INFO  client.GrpcClientProtocolClient (GrpcClientProtocolClient.java:onNext(255)) - client-7D6108789623->f80c66c4-8a3d-47db-b3f8-20b0bcb8a3f5: receive RaftClientReply:client-7D6108789623->f80c66c4-8a3d-47db-b3f8-20b0bcb8a3f5@group-7D2873B646E2, cid=2695, SUCCESS, logIndex=3988, commits[f80c66c4-8a3d-47db-b3f8-20b0bcb8a3f5:c3989, 6e9bc0f4-a324-4be3-b201-2d39df7dad8a:c3987, cffe1303-2f93-4087-8a62-a40745db49f2:c3987]
2019-07-10 09:51:01,584 INFO  client.GrpcClientProtocolClient (GrpcClientProtocolClient.java:onNext(255)) - client-7D6108789623->f80c66c4-8a3d-47db-b3f8-20b0bcb8a3f5: receive RaftClientReply:client-7D6108789623->f80c66c4-8a3d-47db-b3f8-20b0bcb8a3f5@group-7D2873B646E2, cid=2696, SUCCESS, logIndex=3989, commits[f80c66c4-8a3d-47db-b3f8-20b0bcb8a3f5:c3989, 6e9bc0f4-a324-4be3-b201-2d39df7dad8a:c3987, cffe1303-2f93-4087-8a62-a40745db49f2:c3987]
2019-07-10 09:51:01,594 INFO  client.GrpcClientProtocolClient (GrpcClientProtocolClient.java:onNext(255)) - client-7D6108789623->f80c66c4-8a3d-47db-b3f8-20b0bcb8a3f5: receive RaftClientReply:client-7D6108789623->f80c66c4-8a3d-47db-b3f8-20b0bcb8a3f5@group-7D2873B646E2, cid=2697, SUCCESS, logIndex=3990, commits[f80c66c4-8a3d-47db-b3f8-20b0bcb8a3f5:c3991, 6e9bc0f4-a324-4be3-b201-2d39df7dad8a:c3987, cffe1303-2f93-4087-8a62-a40745db49f2:c3987]
2019-07-10 09:51:01,594 INFO  client.GrpcClientProtocolClient (GrpcClientProtocolClient.java:onNext(255)) - client-7D6108789623->f80c66c4-8a3d-47db-b3f8-20b0bcb8a3f5: receive RaftClientReply:client-7D6108789623->f80c66c4-8a3d-47db-b3f8-20b0bcb8a3f5@group-7D2873B646E2, cid=2698, SUCCESS, logIndex=3991, commits[f80c66c4-8a3d-47db-b3f8-20b0bcb8a3f5:c3991, 6e9bc0f4-a324-4be3-b201-2d39df7dad8a:c3987, cffe1303-2f93-4087-8a62-a40745db49f2:c3987]
2019-07-10 09:51:01,597 INFO  client.GrpcClientProtocolClient (GrpcClientProtocolClient.java:onNext(255)) - client-7D6108789623->f80c66c4-8a3d-47db-b3f8-20b0bcb8a3f5: receive RaftClientReply:client-7D6108789623->f80c66c4-8a3d-47db-b3f8-20b0bcb8a3f5@group-7D2873B646E2, cid=2699, SUCCESS, logIndex=0, commits[f80c66c4-8a3d-47db-b3f8-20b0bcb8a3f5:c3993, 6e9bc0f4-a324-4be3-b201-2d39df7dad8a:c3989, cffe1303-2f93-4087-8a62-a40745db49f2:c3989]
2019-07-10 09:51:01,619 INFO  client.GrpcClientProtocolClient (GrpcClientProtocolClient.java:onNext(255)) - client-7D6108789623->f80c66c4-8a3d-47db-b3f8-20b0bcb8a3f5: receive RaftClientReply:client-7D6108789623->f80c66c4-8a3d-47db-b3f8-20b0bcb8a3f5@group-7D2873B646E2, cid=2700, SUCCESS, logIndex=3996, commits[f80c66c4-8a3d-47db-b3f8-20b0bcb8a3f5:c3997, 6e9bc0f4-a324-4be3-b201-2d39df7dad8a:c3993, cffe1303-2f93-4087-8a62-a40745db49f2:c3991]
2019-07-10 09:51:01,620 INFO  client.GrpcClientProtocolClient (GrpcClientProtocolClient.java:onNext(255)) - client-7D6108789623->f80c66c4-8a3d-47db-b3f8-20b0bcb8a3f5: receive RaftClientReply:client-7D6108789623->f80c66c4-8a3d-47db-b3f8-20b0bcb8a3f5@group-7D2873B646E2, cid=2701, SUCCESS, logIndex=3997, commits[f80c66c4-8a3d-47db-b3f8-20b0bcb8a3f5:c3997, 6e9bc0f4-a324-4be3-b201-2d39df7dad8a:c3993, cffe1303-2f93-4087-8a62-a40745db49f2:c3993]
2019-07-10 09:51:01,643 INFO  client.GrpcClientProtocolClient (GrpcClientProtocolClient.java:onNext(255)) - client-7D6108789623->f80c66c4-8a3d-47db-b3f8-20b0bcb8a3f5: receive RaftClientReply:client-7D6108789623->f80c66c4-8a3d-47db-b3f8-20b0bcb8a3f5@group-7D2873B646E2, cid=2702, SUCCESS, logIndex=3999, commits[f80c66c4-8a3d-47db-b3f8-20b0bcb8a3f5:c4000, 6e9bc0f4-a324-4be3-b201-2d39df7dad8a:c3997, cffe1303-2f93-4087-8a62-a40745db49f2:c3997]
2019-07-10 09:51:01,644 INFO  client.GrpcClientProtocolClient (GrpcClientProtocolClient.java:onNext(255)) - client-7D6108789623->f80c66c4-8a3d-47db-b3f8-20b0bcb8a3f5: receive RaftClientReply:client-7D6108789623->f80c66c4-8a3d-47db-b3f8-20b0bcb8a3f5@group-7D2873B646E2, cid=2703, SUCCESS, logIndex=4000, commits[f80c66c4-8a3d-47db-b3f8-20b0bcb8a3f5:c4000, 6e9bc0f4-a324-4be3-b201-2d39df7dad8a:c3997, cffe1303-2f93-4087-8a62-a40745db49f2:c3997]
2019-07-10 09:51:01,653 INFO  client.GrpcClientProtocolClient (GrpcClientProtocolClient.java:onNext(255)) - client-7D6108789623->f80c66c4-8a3d-47db-b3f8-20b0bcb8a3f5: receive RaftClientReply:client-7D6108789623->f80c66c4-8a3d-47db-b3f8-20b0bcb8a3f5@group-7D2873B646E2, cid=2704, SUCCESS, logIndex=0, commits[f80c66c4-8a3d-47db-b3f8-20b0bcb8a3f5:c4002, 6e9bc0f4-a324-4be3-b201-2d39df7dad8a:c4000, cffe1303-2f93-4087-8a62-a40745db49f2:c4000]
2019-07-10 09:51:01,675 INFO  client.GrpcClientProtocolClient (GrpcClientProtocolClient.java:onNext(255)) - client-7D6108789623->f80c66c4-8a3d-47db-b3f8-20b0bcb8a3f5: receive RaftClientReply:client-7D6108789623->f80c66c4-8a3d-47db-b3f8-20b0bcb8a3f5@group-7D2873B646E2, cid=2705, SUCCESS, logIndex=4003, commits[f80c66c4-8a3d-47db-b3f8-20b0bcb8a3f5:c4004, 6e9bc0f4-a324-4be3-b201-2d39df7dad8a:c4002, cffe1303-2f93-4087-8a62-a40745db49f2:c4000]
2019-07-10 09:51:01,675 INFO  client.GrpcClientProtocolClient (GrpcClientProtocolClient.java:onNext(255)) - client-7D6108789623->f80c66c4-8a3d-47db-b3f8-20b0bcb8a3f5: receive RaftClientReply:client-7D6108789623->f80c66c4-8a3d-47db-b3f8-20b0bcb8a3f5@group-7D2873B646E2, cid=2706, SUCCESS, logIndex=4004, commits[f80c66c4-8a3d-47db-b3f8-20b0bcb8a3f5:c4004, 6e9bc0f4-a324-4be3-b201-2d39df7dad8a:c4002, cffe1303-2f93-4087-8a62-a40745db49f2:c4000]
2019-07-10 09:51:01,686 INFO  client.GrpcClientProtocolClient (GrpcClientProtocolClient.java:onNext(255)) - client-7D6108789623->f80c66c4-8a3d-47db-b3f8-20b0bcb8a3f5: receive RaftClientReply:client-7D6108789623->f80c66c4-8a3d-47db-b3f8-20b0bcb8a3f5@group-7D2873B646E2, cid=2707, SUCCESS, logIndex=4005, commits[f80c66c4-8a3d-47db-b3f8-20b0bcb8a3f5:c4006, 6e9bc0f4-a324-4be3-b201-2d39df7dad8a:c4004, cffe1303-2f93-4087-8a62-a40745db49f2:c4002]
2019-07-10 09:51:01,686 INFO  client.GrpcClientProtocolClient (GrpcClientProtocolClient.java:onNext(255)) - client-7D6108789623->f80c66c4-8a3d-47db-b3f8-20b0bcb8a3f5: receive RaftClientReply:client-7D6108789623->f80c66c4-8a3d-47db-b3f8-20b0bcb8a3f5@group-7D2873B646E2, cid=2708, SUCCESS, logIndex=4006, commits[f80c66c4-8a3d-47db-b3f8-20b0bcb8a3f5:c4006, 6e9bc0f4-a324-4be3-b201-2d39df7dad8a:c4004, cffe1303-2f93-4087-8a62-a40745db49f2:c4002]
2019-07-10 09:51:01,688 INFO  client.GrpcClientProtocolClient (GrpcClientProtocolClient.java:onNext(255)) - client-7D6108789623->f80c66c4-8a3d-47db-b3f8-20b0bcb8a3f5: receive RaftClientReply:client-7D6108789623->f80c66c4-8a3d-47db-b3f8-20b0bcb8a3f5@group-7D2873B646E2, cid=2709, SUCCESS, logIndex=0, commits[f80c66c4-8a3d-47db-b3f8-20b0bcb8a3f5:c4008, 6e9bc0f4-a324-4be3-b201-2d39df7dad8a:c4004, cffe1303-2f93-4087-8a62-a40745db49f2:c4004]
2019-07-10 09:51:01,724 INFO  client.GrpcClientProtocolClient (GrpcClientProtocolClient.java:onNext(255)) - client-7D6108789623->f80c66c4-8a3d-47db-b3f8-20b0bcb8a3f5: receive RaftClientReply:client-7D6108789623->f80c66c4-8a3d-47db-b3f8-20b0bcb8a3f5@group-7D2873B646E2, cid=2710, SUCCESS, logIndex=4011, commits[f80c66c4-8a3d-47db-b3f8-20b0bcb8a3f5:c4012, 6e9bc0f4-a324-4be3-b201-2d39df7dad8a:c4008, cffe1303-2f93-4087-8a62-a40745db49f2:c4008]
2019-07-10 09:51:01,724 INFO  client.GrpcClientProtocolClient (GrpcClientProtocolClient.java:onNext(255)) - client-7D6108789623->f80c66c4-8a3d-47db-b3f8-20b0bcb8a3f5: receive RaftClientReply:client-7D6108789623->f80c66c4-8a3d-47db-b3f8-20b0bcb8a3f5@group-7D2873B646E2, cid=2711, SUCCESS, logIndex=4012, commits[f80c66c4-8a3d-47db-b3f8-20b0bcb8a3f5:c4012, 6e9bc0f4-a324-4be3-b201-2d39df7dad8a:c4008, cffe1303-2f93-4087-8a62-a40745db49f2:c4008]
2019-07-10 09:51:01,747 INFO  client.GrpcClientProtocolClient (GrpcClientProtocolClient.java:onNext(255)) - client-7D6108789623->f80c66c4-8a3d-47db-b3f8-20b0bcb8a3f5: receive RaftClientReply:client-7D6108789623->f80c66c4-8a3d-47db-b3f8-20b0bcb8a3f5@group-7D2873B646E2, cid=2712, SUCCESS, logIndex=4015, commits[f80c66c4-8a3d-47db-b3f8-20b0bcb8a3f5:c4016, 6e9bc0f4-a324-4be3-b201-2d39df7dad8a:c4012, cffe1303-2f93-4087-8a62-a40745db49f2:c4012]
2019-07-10 09:51:01,747 INFO  client.GrpcClientProtocolClient (GrpcClientProtocolClient.java:onNext(255)) - client-7D6108789623->f80c66c4-8a3d-47db-b3f8-20b0bcb8a3f5: receive RaftClientReply:client-7D6108789623->f80c66c4-8a3d-47db-b3f8-20b0bcb8a3f5@group-7D2873B646E2, cid=2713, SUCCESS, logIndex=4016, commits[f80c66c4-8a3d-47db-b3f8-20b0bcb8a3f5:c4016, 6e9bc0f4-a324-4be3-b201-2d39df7dad8a:c4012, cffe1303-2f93-4087-8a62-a40745db49f2:c4012]
2019-07-10 09:51:01,768 INFO  client.GrpcClientProtocolClient (GrpcClientProtocolClient.java:onNext(255)) - client-7D6108789623->f80c66c4-8a3d-47db-b3f8-20b0bcb8a3f5: receive RaftClientReply:client-7D6108789623->f80c66c4-8a3d-47db-b3f8-20b0bcb8a3f5@group-7D2873B646E2, cid=2714, SUCCESS, logIndex=0, commits[f80c66c4-8a3d-47db-b3f8-20b0bcb8a3f5:c4018, 6e9bc0f4-a324-4be3-b201-2d39df7dad8a:c4016, cffe1303-2f93-4087-8a62-a40745db49f2:c4016]
2019-07-10 09:51:01,793 INFO  client.GrpcClientProtocolClient (GrpcClientProtocolClient.java:onNext(255)) - client-7D6108789623->f80c66c4-8a3d-47db-b3f8-20b0bcb8a3f5: receive RaftClientReply:client-7D6108789623->f80c66c4-8a3d-47db-b3f8-20b0bcb8a3f5@group-7D2873B646E2, cid=2715, SUCCESS, logIndex=4019, commits[f80c66c4-8a3d-47db-b3f8-20b0bcb8a3f5:c4020, 6e9bc0f4-a324-4be3-b201-2d39df7dad8a:c4018, cffe1303-2f93-4087-8a62-a40745db49f2:c4018]
2019-07-10 09:51:01,793 INFO  client.GrpcClientProtocolClient (GrpcClientProtocolClient.java:onNext(255)) - client-7D6108789623->f80c66c4-8a3d-47db-b3f8-20b0bcb8a3f5: receive RaftClientReply:client-7D6108789623->f80c66c4-8a3d-47db-b3f8-20b0bcb8a3f5@group-7D2873B646E2, cid=2716, SUCCESS, logIndex=4020, commits[f80c66c4-8a3d-47db-b3f8-20b0bcb8a3f5:c4020, 6e9bc0f4-a324-4be3-b201-2d39df7dad8a:c4018, cffe1303-2f93-4087-8a62-a40745db49f2:c4018]
2019-07-10 09:51:01,804 INFO  client.GrpcClientProtocolClient (GrpcClientProtocolClient.java:onNext(255)) - client-7D6108789623->f80c66c4-8a3d-47db-b3f8-20b0bcb8a3f5: receive RaftClientReply:client-7D6108789623->f80c66c4-8a3d-47db-b3f8-20b0bcb8a3f5@group-7D2873B646E2, cid=2717, SUCCESS, logIndex=4021, commits[f80c66c4-8a3d-47db-b3f8-20b0bcb8a3f5:c4022, 6e9bc0f4-a324-4be3-b201-2d39df7dad8a:c4018, cffe1303-2f93-4087-8a62-a40745db49f2:c4018]
2019-07-10 09:51:01,804 INFO  client.GrpcClientProtocolClient (GrpcClientProtocolClient.java:onNext(255)) - client-7D6108789623->f80c66c4-8a3d-47db-b3f8-20b0bcb8a3f5: receive RaftClientReply:client-7D6108789623->f80c66c4-8a3d-47db-b3f8-20b0bcb8a3f5@group-7D2873B646E2, cid=2718, SUCCESS, logIndex=4022, commits[f80c66c4-8a3d-47db-b3f8-20b0bcb8a3f5:c4022, 6e9bc0f4-a324-4be3-b201-2d39df7dad8a:c4018, cffe1303-2f93-4087-8a62-a40745db49f2:c4018]
2019-07-10 09:51:01,815 INFO  client.GrpcClientProtocolClient (GrpcClientProtocolClient.java:onNext(255)) - client-7D6108789623->f80c66c4-8a3d-47db-b3f8-20b0bcb8a3f5: receive RaftClientReply:client-7D6108789623->f80c66c4-8a3d-47db-b3f8-20b0bcb8a3f5@group-7D2873B646E2, cid=2719, SUCCESS, logIndex=0, commits[f80c66c4-8a3d-47db-b3f8-20b0bcb8a3f5:c4022, 6e9bc0f4-a324-4be3-b201-2d39df7dad8a:c4020, cffe1303-2f93-4087-8a62-a40745db49f2:c4020]
2019-07-10 09:51:01,838 INFO  client.GrpcClientProtocolClient (GrpcClientProtocolClient.java:onNext(255)) - client-7D6108789623->f80c66c4-8a3d-47db-b3f8-20b0bcb8a3f5: receive RaftClientReply:client-7D6108789623->f80c66c4-8a3d-47db-b3f8-20b0bcb8a3f5@group-7D2873B646E2, cid=2720, SUCCESS, logIndex=4027, commits[f80c66c4-8a3d-47db-b3f8-20b0bcb8a3f5:c4028, 6e9bc0f4-a324-4be3-b201-2d39df7dad8a:c4024, cffe1303-2f93-4087-8a62-a40745db49f2:c4024]
2019-07-10 09:51:01,838 INFO  client.GrpcClientProtocolClient (GrpcClientProtocolClient.java:onNext(255)) - client-7D6108789623->f80c66c4-8a3d-47db-b3f8-20b0bcb8a3f5: receive RaftClientReply:client-7D6108789623->f80c66c4-8a3d-47db-b3f8-20b0bcb8a3f5@group-7D2873B646E2, cid=2721, SUCCESS, logIndex=4028, commits[f80c66c4-8a3d-47db-b3f8-20b0bcb8a3f5:c4028, 6e9bc0f4-a324-4be3-b201-2d39df7dad8a:c4024, cffe1303-2f93-4087-8a62-a40745db49f2:c4024]
2019-07-10 09:51:01,859 INFO  client.GrpcClientProtocolClient (GrpcClientProtocolClient.java:onNext(255)) - client-7D6108789623->f80c66c4-8a3d-47db-b3f8-20b0bcb8a3f5: receive RaftClientReply:client-7D6108789623->f80c66c4-8a3d-47db-b3f8-20b0bcb8a3f5@group-7D2873B646E2, cid=2722, SUCCESS, logIndex=4030, commits[f80c66c4-8a3d-47db-b3f8-20b0bcb8a3f5:c4031, 6e9bc0f4-a324-4be3-b201-2d39df7dad8a:c4028, cffe1303-2f93-4087-8a62-a40745db49f2:c4028]
2019-07-10 09:51:01,859 INFO  client.GrpcClientProtocolClient (GrpcClientProtocolClient.java:onNext(255)) - client-7D6108789623->f80c66c4-8a3d-47db-b3f8-20b0bcb8a3f5: receive RaftClientReply:client-7D6108789623->f80c66c4-8a3d-47db-b3f8-20b0bcb8a3f5@group-7D2873B646E2, cid=2723, SUCCESS, logIndex=4031, commits[f80c66c4-8a3d-47db-b3f8-20b0bcb8a3f5:c4031, 6e9bc0f4-a324-4be3-b201-2d39df7dad8a:c4028, cffe1303-2f93-4087-8a62-a40745db49f2:c4028]
2019-07-10 09:51:01,880 INFO  client.GrpcClientProtocolClient (GrpcClientProtocolClient.java:onNext(255)) - client-7D6108789623->f80c66c4-8a3d-47db-b3f8-20b0bcb8a3f5: receive RaftClientReply:client-7D6108789623->f80c66c4-8a3d-47db-b3f8-20b0bcb8a3f5@group-7D2873B646E2, cid=2724, SUCCESS, logIndex=0, commits[f80c66c4-8a3d-47db-b3f8-20b0bcb8a3f5:c4033, 6e9bc0f4-a324-4be3-b201-2d39df7dad8a:c4031, cffe1303-2f93-4087-8a62-a40745db49f2:c4031]
2019-07-10 09:51:01,903 INFO  client.GrpcClientProtocolClient (GrpcClientProtocolClient.java:onNext(255)) - client-7D6108789623->f80c66c4-8a3d-47db-b3f8-20b0bcb8a3f5: receive RaftClientReply:client-7D6108789623->f80c66c4-8a3d-47db-b3f8-20b0bcb8a3f5@group-7D2873B646E2, cid=2725, SUCCESS, logIndex=4034, commits[f80c66c4-8a3d-47db-b3f8-20b0bcb8a3f5:c4035, 6e9bc0f4-a324-4be3-b201-2d39df7dad8a:c4033, cffe1303-2f93-4087-8a62-a40745db49f2:c4031]
2019-07-10 09:51:01,903 INFO  client.GrpcClientProtocolClient (GrpcClientProtocolClient.java:onNext(255)) - client-7D6108789623->f80c66c4-8a3d-47db-b3f8-20b0bcb8a3f5: receive RaftClientReply:client-7D6108789623->f80c66c4-8a3d-47db-b3f8-20b0bcb8a3f5@group-7D2873B646E2, cid=2726, SUCCESS, logIndex=4035, commits[f80c66c4-8a3d-47db-b3f8-20b0bcb8a3f5:c4035, 6e9bc0f4-a324-4be3-b201-2d39df7dad8a:c4033, cffe1303-2f93-4087-8a62-a40745db49f2:c4031]
2019-07-10 09:51:01,905 INFO  client.GrpcClientProtocolClient (GrpcClientProtocolClient.java:onNext(255)) - client-7D6108789623->f80c66c4-8a3d-47db-b3f8-20b0bcb8a3f5: receive RaftClientReply:client-7D6108789623->f80c66c4-8a3d-47db-b3f8-20b0bcb8a3f5@group-7D2873B646E2, cid=2727, SUCCESS, logIndex=4036, commits[f80c66c4-8a3d-47db-b3f8-20b0bcb8a3f5:c4038, 6e9bc0f4-a324-4be3-b201-2d39df7dad8a:c4033, cffe1303-2f93-4087-8a62-a40745db49f2:c4035]
2019-07-10 09:51:01,905 INFO  client.GrpcClientProtocolClient (GrpcClientProtocolClient.java:onNext(255)) - client-7D6108789623->f80c66c4-8a3d-47db-b3f8-20b0bcb8a3f5: receive RaftClientReply:client-7D6108789623->f80c66c4-8a3d-47db-b3f8-20b0bcb8a3f5@group-7D2873B646E2, cid=2728, SUCCESS, logIndex=4037, commits[f80c66c4-8a3d-47db-b3f8-20b0bcb8a3f5:c4038, 6e9bc0f4-a324-4be3-b201-2d39df7dad8a:c4035, cffe1303-2f93-4087-8a62-a40745db49f2:c4035]
2019-07-10 09:51:01,917 INFO  client.GrpcClientProtocolClient (GrpcClientProtocolClient.java:onNext(255)) - client-7D6108789623->f80c66c4-8a3d-47db-b3f8-20b0bcb8a3f5: receive RaftClientReply:client-7D6108789623->f80c66c4-8a3d-47db-b3f8-20b0bcb8a3f5@group-7D2873B646E2, cid=2729, SUCCESS, logIndex=4042, commits[f80c66c4-8a3d-47db-b3f8-20b0bcb8a3f5:c4043, 6e9bc0f4-a324-4be3-b201-2d39df7dad8a:c4038, cffe1303-2f93-4087-8a62-a40745db49f2:c4039]
2019-07-10 09:51:01,918 INFO  client.GrpcClientProtocolClient (GrpcClientProtocolClient.java:onNext(255)) - client-7D6108789623->f80c66c4-8a3d-47db-b3f8-20b0bcb8a3f5: receive RaftClientReply:client-7D6108789623->f80c66c4-8a3d-47db-b3f8-20b0bcb8a3f5@group-7D2873B646E2, cid=2730, SUCCESS, logIndex=4043, commits[f80c66c4-8a3d-47db-b3f8-20b0bcb8a3f5:c4043, 6e9bc0f4-a324-4be3-b201-2d39df7dad8a:c4039, cffe1303-2f93-4087-8a62-a40745db49f2:c4039]
2019-07-10 09:51:01,935 INFO  client.GrpcClientProtocolClient (GrpcClientProtocolClient.java:onNext(255)) - client-7D6108789623->f80c66c4-8a3d-47db-b3f8-20b0bcb8a3f5: receive RaftClientReply:client-7D6108789623->f80c66c4-8a3d-47db-b3f8-20b0bcb8a3f5@group-7D2873B646E2, cid=2731, SUCCESS, logIndex=4045, commits[f80c66c4-8a3d-47db-b3f8-20b0bcb8a3f5:c4046, 6e9bc0f4-a324-4be3-b201-2d39df7dad8a:c4044, cffe1303-2f93-4087-8a62-a40745db49f2:c4044]
2019-07-10 09:51:01,936 INFO  client.GrpcClientProtocolClient (GrpcClientProtocolClient.java:onNext(255)) - client-7D6108789623->f80c66c4-8a3d-47db-b3f8-20b0bcb8a3f5: receive RaftClientReply:client-7D6108789623->f80c66c4-8a3d-47db-b3f8-20b0bcb8a3f5@group-7D2873B646E2, cid=2732, SUCCESS, logIndex=4046, commits[f80c66c4-8a3d-47db-b3f8-20b0bcb8a3f5:c4046, 6e9bc0f4-a324-4be3-b201-2d39df7dad8a:c4044, cffe1303-2f93-4087-8a62-a40745db49f2:c4044]
2019-07-10 09:51:01,948 INFO  client.GrpcClientProtocolClient (GrpcClientProtocolClient.java:onNext(255)) - client-7D6108789623->f80c66c4-8a3d-47db-b3f8-20b0bcb8a3f5: receive RaftClientReply:client-7D6108789623->f80c66c4-8a3d-47db-b3f8-20b0bcb8a3f5@group-7D2873B646E2, cid=2733, SUCCESS, logIndex=0, commits[f80c66c4-8a3d-47db-b3f8-20b0bcb8a3f5:c4048, 6e9bc0f4-a324-4be3-b201-2d39df7dad8a:c4046, cffe1303-2f93-4087-8a62-a40745db49f2:c4046]
2019-07-10 09:51:01,975 INFO  client.GrpcClientProtocolClient (GrpcClientProtocolClient.java:onNext(255)) - client-7D6108789623->f80c66c4-8a3d-47db-b3f8-20b0bcb8a3f5: receive RaftClientReply:client-7D6108789623->f80c66c4-8a3d-47db-b3f8-20b0bcb8a3f5@group-7D2873B646E2, cid=2734, SUCCESS, logIndex=4049, commits[f80c66c4-8a3d-47db-b3f8-20b0bcb8a3f5:c4050, 6e9bc0f4-a324-4be3-b201-2d39df7dad8a:c4048, cffe1303-2f93-4087-8a62-a40745db49f2:c4048]
2019-07-10 09:51:01,976 INFO  client.GrpcClientProtocolClient (GrpcClientProtocolClient.java:onNext(255)) - client-7D6108789623->f80c66c4-8a3d-47db-b3f8-20b0bcb8a3f5: receive RaftClientReply:client-7D6108789623->f80c66c4-8a3d-47db-b3f8-20b0bcb8a3f5@group-7D2873B646E2, cid=2735, SUCCESS, logIndex=4050, commits[f80c66c4-8a3d-47db-b3f8-20b0bcb8a3f5:c4050, 6e9bc0f4-a324-4be3-b201-2d39df7dad8a:c4048, cffe1303-2f93-4087-8a62-a40745db49f2:c4048]
2019-07-10 09:51:01,983 INFO  client.GrpcClientProtocolClient (GrpcClientProtocolClient.java:onNext(255)) - client-7D6108789623->f80c66c4-8a3d-47db-b3f8-20b0bcb8a3f5: receive RaftClientReply:client-7D6108789623->f80c66c4-8a3d-47db-b3f8-20b0bcb8a3f5@group-7D2873B646E2, cid=2736, SUCCESS, logIndex=4051, commits[f80c66c4-8a3d-47db-b3f8-20b0bcb8a3f5:c4052, 6e9bc0f4-a324-4be3-b201-2d39df7dad8a:c4048, cffe1303-2f93-4087-8a62-a40745db49f2:c4048]
2019-07-10 09:51:01,984 INFO  client.GrpcClientProtocolClient (GrpcClientProtocolClient.java:onNext(255)) - client-7D6108789623->f80c66c4-8a3d-47db-b3f8-20b0bcb8a3f5: receive RaftClientReply:client-7D6108789623->f80c66c4-8a3d-47db-b3f8-20b0bcb8a3f5@group-7D2873B646E2, cid=2737, SUCCESS, logIndex=4052, commits[f80c66c4-8a3d-47db-b3f8-20b0bcb8a3f5:c4052, 6e9bc0f4-a324-4be3-b201-2d39df7dad8a:c4048, cffe1303-2f93-4087-8a62-a40745db49f2:c4048]
2019-07-10 09:51:01,986 INFO  client.GrpcClientProtocolClient (GrpcClientProtocolClient.java:onNext(255)) - client-7D6108789623->f80c66c4-8a3d-47db-b3f8-20b0bcb8a3f5: receive RaftClientReply:client-7D6108789623->f80c66c4-8a3d-47db-b3f8-20b0bcb8a3f5@group-7D2873B646E2, cid=2738, SUCCESS, logIndex=0, commits[f80c66c4-8a3d-47db-b3f8-20b0bcb8a3f5:c4054, 6e9bc0f4-a324-4be3-b201-2d39df7dad8a:c4050, cffe1303-2f93-4087-8a62-a40745db49f2:c4050]
2019-07-10 09:51:01,997 INFO  client.GrpcClientProtocolClient (GrpcClientProtocolClient.java:onNext(255)) - client-7D6108789623->f80c66c4-8a3d-47db-b3f8-20b0bcb8a3f5: receive RaftClientReply:client-7D6108789623->f80c66c4-8a3d-47db-b3f8-20b0bcb8a3f5@group-7D2873B646E2, cid=2739, SUCCESS, logIndex=4056, commits[f80c66c4-8a3d-47db-b3f8-20b0bcb8a3f5:c4057, 6e9bc0f4-a324-4be3-b201-2d39df7dad8a:c4052, cffe1303-2f93-4087-8a62-a40745db49f2:c4055]
2019-07-10 09:51:01,997 INFO  client.GrpcClientProtocolClient (GrpcClientProtocolClient.java:onNext(255)) - client-7D6108789623->f80c66c4-8a3d-47db-b3f8-20b0bcb8a3f5: receive RaftClientReply:client-7D6108789623->f80c66c4-8a3d-47db-b3f8-20b0bcb8a3f5@group-7D2873B646E2, cid=2740, SUCCESS, logIndex=4057, commits[f80c66c4-8a3d-47db-b3f8-20b0bcb8a3f5:c4057, 6e9bc0f4-a324-4be3-b201-2d39df7dad8a:c4052, cffe1303-2f93-4087-8a62-a40745db49f2:c4055]
2019-07-10 09:51:02,008 INFO  client.GrpcClientProtocolClient (GrpcClientProtocolClient.java:onNext(255)) - client-7D6108789623->f80c66c4-8a3d-47db-b3f8-20b0bcb8a3f5: receive RaftClientReply:client-7D6108789623->f80c66c4-8a3d-47db-b3f8-20b0bcb8a3f5@group-7D2873B646E2, cid=2741, SUCCESS, logIndex=4060, commits[f80c66c4-8a3d-47db-b3f8-20b0bcb8a3f5:c4061, 6e9bc0f4-a324-4be3-b201-2d39df7dad8a:c4057, cffe1303-2f93-4087-8a62-a40745db49f2:c4057]
2019-07-10 09:51:02,008 INFO  client.GrpcClientProtocolClient (GrpcClientProtocolClient.java:onNext(255)) - client-7D6108789623->f80c66c4-8a3d-47db-b3f8-20b0bcb8a3f5: receive RaftClientReply:client-7D6108789623->f80c66c4-8a3d-47db-b3f8-20b0bcb8a3f5@group-7D2873B646E2, cid=2742, SUCCESS, logIndex=4061, commits[f80c66c4-8a3d-47db-b3f8-20b0bcb8a3f5:c4061, 6e9bc0f4-a324-4be3-b201-2d39df7dad8a:c4057, cffe1303-2f93-4087-8a62-a40745db49f2:c4057]
2019-07-10 09:51:02,011 INFO  client.GrpcClientProtocolClient (GrpcClientProtocolClient.java:onNext(255)) - client-7D6108789623->f80c66c4-8a3d-47db-b3f8-20b0bcb8a3f5: receive RaftClientReply:client-7D6108789623->f80c66c4-8a3d-47db-b3f8-20b0bcb8a3f5@group-7D2873B646E2, cid=2743, SUCCESS, logIndex=0, commits[f80c66c4-8a3d-47db-b3f8-20b0bcb8a3f5:c4063, 6e9bc0f4-a324-4be3-b201-2d39df7dad8a:c4061, cffe1303-2f93-4087-8a62-a40745db49f2:c4061]
2019-07-10 09:51:02,127 INFO  client.GrpcClientProtocolClient (GrpcClientProtocolClient.java:onNext(255)) - client-7D6108789623->f80c66c4-8a3d-47db-b3f8-20b0bcb8a3f5: receive RaftClientReply:client-7D6108789623->f80c66c4-8a3d-47db-b3f8-20b0bcb8a3f5@group-7D2873B646E2, cid=2744, SUCCESS, logIndex=4064, commits[f80c66c4-8a3d-47db-b3f8-20b0bcb8a3f5:c4065, 6e9bc0f4-a324-4be3-b201-2d39df7dad8a:c4063, cffe1303-2f93-4087-8a62-a40745db49f2:c4063]
2019-07-10 09:51:02,128 INFO  client.GrpcClientProtocolClient (GrpcClientProtocolClient.java:onNext(255)) - client-7D6108789623->f80c66c4-8a3d-47db-b3f8-20b0bcb8a3f5: receive RaftClientReply:client-7D6108789623->f80c66c4-8a3d-47db-b3f8-20b0bcb8a3f5@group-7D2873B646E2, cid=2745, SUCCESS, logIndex=4065, commits[f80c66c4-8a3d-47db-b3f8-20b0bcb8a3f5:c4067, 6e9bc0f4-a324-4be3-b201-2d39df7dad8a:c4063, cffe1303-2f93-4087-8a62-a40745db49f2:c4063]
2019-07-10 09:51:02,128 INFO  client.GrpcClientProtocolClient (GrpcClientProtocolClient.java:onNext(255)) - client-7D6108789623->f80c66c4-8a3d-47db-b3f8-20b0bcb8a3f5: receive RaftClientReply:client-7D6108789623->f80c66c4-8a3d-47db-b3f8-20b0bcb8a3f5@group-7D2873B646E2, cid=2746, SUCCESS, logIndex=4066, commits[f80c66c4-8a3d-47db-b3f8-20b0bcb8a3f5:c4068, 6e9bc0f4-a324-4be3-b201-2d39df7dad8a:c4063, cffe1303-2f93-4087-8a62-a40745db49f2:c4064]
2019-07-10 09:51:02,129 INFO  client.GrpcClientProtocolClient (GrpcClientProtocolClient.java:onNext(255)) - client-7D6108789623->f80c66c4-8a3d-47db-b3f8-20b0bcb8a3f5: receive RaftClientReply:client-7D6108789623->f80c66c4-8a3d-47db-b3f8-20b0bcb8a3f5@group-7D2873B646E2, cid=2747, SUCCESS, logIndex=4067, commits[f80c66c4-8a3d-47db-b3f8-20b0bcb8a3f5:c4068, 6e9bc0f4-a324-4be3-b201-2d39df7dad8a:c4063, cffe1303-2f93-4087-8a62-a40745db49f2:c4064]
2019-07-10 09:51:02,139 INFO  client.GrpcClientProtocolClient (GrpcClientProtocolClient.java:onNext(255)) - client-7D6108789623->f80c66c4-8a3d-47db-b3f8-20b0bcb8a3f5: receive RaftClientReply:client-7D6108789623->f80c66c4-8a3d-47db-b3f8-20b0bcb8a3f5@group-7D2873B646E2, cid=2748, SUCCESS, logIndex=0, commits[f80c66c4-8a3d-47db-b3f8-20b0bcb8a3f5:c4069, 6e9bc0f4-a324-4be3-b201-2d39df7dad8a:c4065, cffe1303-2f93-4087-8a62-a40745db49f2:c4065]
2019-07-10 09:51:02,151 INFO  client.GrpcClientProtocolClient (GrpcClientProtocolClient.java:onNext(255)) - client-7D6108789623->f80c66c4-8a3d-47db-b3f8-20b0bcb8a3f5: receive RaftClientReply:client-7D6108789623->f80c66c4-8a3d-47db-b3f8-20b0bcb8a3f5@group-7D2873B646E2, cid=2749, SUCCESS, logIndex=4071, commits[f80c66c4-8a3d-47db-b3f8-20b0bcb8a3f5:c4072, 6e9bc0f4-a324-4be3-b201-2d39df7dad8a:c4070, cffe1303-2f93-4087-8a62-a40745db49f2:c4070]
2019-07-10 09:51:02,152 INFO  client.GrpcClientProtocolClient (GrpcClientProtocolClient.java:onNext(255)) - client-7D6108789623->f80c66c4-8a3d-47db-b3f8-20b0bcb8a3f5: receive RaftClientReply:client-7D6108789623->f80c66c4-8a3d-47db-b3f8-20b0bcb8a3f5@group-7D2873B646E2, cid=2750, SUCCESS, logIndex=4072, commits[f80c66c4-8a3d-47db-b3f8-20b0bcb8a3f5:c4072, 6e9bc0f4-a324-4be3-b201-2d39df7dad8a:c4070, cffe1303-2f93-4087-8a62-a40745db49f2:c4070]
2019-07-10 09:51:02,164 INFO  client.GrpcClientProtocolClient (GrpcClientProtocolClient.java:onNext(255)) - client-7D6108789623->f80c66c4-8a3d-47db-b3f8-20b0bcb8a3f5: receive RaftClientReply:client-7D6108789623->f80c66c4-8a3d-47db-b3f8-20b0bcb8a3f5@group-7D2873B646E2, cid=2751, SUCCESS, logIndex=4075, commits[f80c66c4-8a3d-47db-b3f8-20b0bcb8a3f5:c4076, 6e9bc0f4-a324-4be3-b201-2d39df7dad8a:c4072, cffe1303-2f93-4087-8a62-a40745db49f2:c4072]
2019-07-10 09:51:02,164 INFO  client.GrpcClientProtocolClient (GrpcClientProtocolClient.java:onNext(255)) - client-7D6108789623->f80c66c4-8a3d-47db-b3f8-20b0bcb8a3f5: receive RaftClientReply:client-7D6108789623->f80c66c4-8a3d-47db-b3f8-20b0bcb8a3f5@group-7D2873B646E2, cid=2752, SUCCESS, logIndex=4076, commits[f80c66c4-8a3d-47db-b3f8-20b0bcb8a3f5:c4076, 6e9bc0f4-a324-4be3-b201-2d39df7dad8a:c4072, cffe1303-2f93-4087-8a62-a40745db49f2:c4072]
2019-07-10 09:51:02,184 INFO  client.GrpcClientProtocolClient (GrpcClientProtocolClient.java:onNext(255)) - client-7D6108789623->f80c66c4-8a3d-47db-b3f8-20b0bcb8a3f5: receive RaftClientReply:client-7D6108789623->f80c66c4-8a3d-47db-b3f8-20b0bcb8a3f5@group-7D2873B646E2, cid=2753, SUCCESS, logIndex=0, commits[f80c66c4-8a3d-47db-b3f8-20b0bcb8a3f5:c4078, 6e9bc0f4-a324-4be3-b201-2d39df7dad8a:c4076, cffe1303-2f93-4087-8a62-a40745db49f2:c4076]
2019-07-10 09:51:02,214 INFO  client.GrpcClientProtocolClient (GrpcClientProtocolClient.java:onNext(255)) - client-7D6108789623->f80c66c4-8a3d-47db-b3f8-20b0bcb8a3f5: receive RaftClientReply:client-7D6108789623->f80c66c4-8a3d-47db-b3f8-20b0bcb8a3f5@group-7D2873B646E2, cid=2754, SUCCESS, logIndex=4079, commits[f80c66c4-8a3d-47db-b3f8-20b0bcb8a3f5:c4081, 6e9bc0f4-a324-4be3-b201-2d39df7dad8a:c4078, cffe1303-2f93-4087-8a62-a40745db49f2:c4078]
2019-07-10 09:51:02,215 INFO  client.GrpcClientProtocolClient (GrpcClientProtocolClient.java:onNext(255)) - client-7D6108789623->f80c66c4-8a3d-47db-b3f8-20b0bcb8a3f5: receive RaftClientReply:client-7D6108789623->f80c66c4-8a3d-47db-b3f8-20b0bcb8a3f5@group-7D2873B646E2, cid=2755, SUCCESS, logIndex=4080, commits[f80c66c4-8a3d-47db-b3f8-20b0bcb8a3f5:c4082, 6e9bc0f4-a324-4be3-b201-2d39df7dad8a:c4078, cffe1303-2f93-4087-8a62-a40745db49f2:c4078]
2019-07-10 09:51:02,215 INFO  client.GrpcClientProtocolClient (GrpcClientProtocolClient.java:onNext(255)) - client-7D6108789623->f80c66c4-8a3d-47db-b3f8-20b0bcb8a3f5: receive RaftClientReply:client-7D6108789623->f80c66c4-8a3d-47db-b3f8-20b0bcb8a3f5@group-7D2873B646E2, cid=2756, SUCCESS, logIndex=4081, commits[f80c66c4-8a3d-47db-b3f8-20b0bcb8a3f5:c4082, 6e9bc0f4-a324-4be3-b201-2d39df7dad8a:c4078, cffe1303-2f93-4087-8a62-a40745db49f2:c4078]
2019-07-10 09:51:02,215 INFO  client.GrpcClientProtocolClient (GrpcClientProtocolClient.java:onNext(255)) - client-7D6108789623->f80c66c4-8a3d-47db-b3f8-20b0bcb8a3f5: receive RaftClientReply:client-7D6108789623->f80c66c4-8a3d-47db-b3f8-20b0bcb8a3f5@group-7D2873B646E2, cid=2757, SUCCESS, logIndex=4082, commits[f80c66c4-8a3d-47db-b3f8-20b0bcb8a3f5:c4082, 6e9bc0f4-a324-4be3-b201-2d39df7dad8a:c4078, cffe1303-2f93-4087-8a62-a40745db49f2:c4078]
2019-07-10 09:51:02,226 INFO  client.GrpcClientProtocolClient (GrpcClientProtocolClient.java:onNext(255)) - client-7D6108789623->f80c66c4-8a3d-47db-b3f8-20b0bcb8a3f5: receive RaftClientReply:client-7D6108789623->f80c66c4-8a3d-47db-b3f8-20b0bcb8a3f5@group-7D2873B646E2, cid=2758, SUCCESS, logIndex=0, commits[f80c66c4-8a3d-47db-b3f8-20b0bcb8a3f5:c4084, 6e9bc0f4-a324-4be3-b201-2d39df7dad8a:c4081, cffe1303-2f93-4087-8a62-a40745db49f2:c4081]
 0.00% |█                                                                                                    |  0/1 Time: 0:00:262019-07-10 09:51:02,243 INFO  client.GrpcClientProtocolClient (GrpcClientProtocolClient.java:onNext(255)) - client-7D6108789623->f80c66c4-8a3d-47db-b3f8-20b0bcb8a3f5: receive RaftClientReply:client-7D6108789623->f80c66c4-8a3d-47db-b3f8-20b0bcb8a3f5@group-7D2873B646E2, cid=2759, SUCCESS, logIndex=4087, commits[f80c66c4-8a3d-47db-b3f8-20b0bcb8a3f5:c4088, 6e9bc0f4-a324-4be3-b201-2d39df7dad8a:c4086, cffe1303-2f93-4087-8a62-a40745db49f2:c4086]
2019-07-10 09:51:02,243 INFO  client.GrpcClientProtocolClient (GrpcClientProtocolClient.java:onNext(255)) - client-7D6108789623->f80c66c4-8a3d-47db-b3f8-20b0bcb8a3f5: receive RaftClientReply:client-7D6108789623->f80c66c4-8a3d-47db-b3f8-20b0bcb8a3f5@group-7D2873B646E2, cid=2760, SUCCESS, logIndex=4088, commits[f80c66c4-8a3d-47db-b3f8-20b0bcb8a3f5:c4088, 6e9bc0f4-a324-4be3-b201-2d39df7dad8a:c4086, cffe1303-2f93-4087-8a62-a40745db49f2:c4086]
2019-07-10 09:51:02,271 INFO  client.GrpcClientProtocolClient (GrpcClientProtocolClient.java:onNext(255)) - client-7D6108789623->f80c66c4-8a3d-47db-b3f8-20b0bcb8a3f5: receive RaftClientReply:client-7D6108789623->f80c66c4-8a3d-47db-b3f8-20b0bcb8a3f5@group-7D2873B646E2, cid=2761, SUCCESS, logIndex=4091, commits[f80c66c4-8a3d-47db-b3f8-20b0bcb8a3f5:c4092, 6e9bc0f4-a324-4be3-b201-2d39df7dad8a:c4088, cffe1303-2f93-4087-8a62-a40745db49f2:c4088]
2019-07-10 09:51:02,272 INFO  client.GrpcClientProtocolClient (GrpcClientProtocolClient.java:onNext(255)) - client-7D6108789623->f80c66c4-8a3d-47db-b3f8-20b0bcb8a3f5: receive RaftClientReply:client-7D6108789623->f80c66c4-8a3d-47db-b3f8-20b0bcb8a3f5@group-7D2873B646E2, cid=2762, SUCCESS, logIndex=4092, commits[f80c66c4-8a3d-47db-b3f8-20b0bcb8a3f5:c4092, 6e9bc0f4-a324-4be3-b201-2d39df7dad8a:c4088, cffe1303-2f93-4087-8a62-a40745db49f2:c4088]
2019-07-10 09:51:02,281 INFO  client.GrpcClientProtocolClient (GrpcClientProtocolClient.java:onNext(255)) - client-7D6108789623->f80c66c4-8a3d-47db-b3f8-20b0bcb8a3f5: receive RaftClientReply:client-7D6108789623->f80c66c4-8a3d-47db-b3f8-20b0bcb8a3f5@group-7D2873B646E2, cid=2763, SUCCESS, logIndex=0, commits[f80c66c4-8a3d-47db-b3f8-20b0bcb8a3f5:c4093, 6e9bc0f4-a324-4be3-b201-2d39df7dad8a:c4092, cffe1303-2f93-4087-8a62-a40745db49f2:c4092]
2019-07-10 09:51:02,309 INFO  client.GrpcClientProtocolClient (GrpcClientProtocolClient.java:onNext(255)) - client-7D6108789623->f80c66c4-8a3d-47db-b3f8-20b0bcb8a3f5: receive RaftClientReply:client-7D6108789623->f80c66c4-8a3d-47db-b3f8-20b0bcb8a3f5@group-7D2873B646E2, cid=2764, SUCCESS, logIndex=4095, commits[f80c66c4-8a3d-47db-b3f8-20b0bcb8a3f5:c4096, 6e9bc0f4-a324-4be3-b201-2d39df7dad8a:c4094, cffe1303-2f93-4087-8a62-a40745db49f2:c4094]
2019-07-10 09:51:02,310 INFO  client.GrpcClientProtocolClient (GrpcClientProtocolClient.java:onNext(255)) - client-7D6108789623->f80c66c4-8a3d-47db-b3f8-20b0bcb8a3f5: receive RaftClientReply:client-7D6108789623->f80c66c4-8a3d-47db-b3f8-20b0bcb8a3f5@group-7D2873B646E2, cid=2765, SUCCESS, logIndex=4096, commits[f80c66c4-8a3d-47db-b3f8-20b0bcb8a3f5:c4096, 6e9bc0f4-a324-4be3-b201-2d39df7dad8a:c4094, cffe1303-2f93-4087-8a62-a40745db49f2:c4094]
2019-07-10 09:51:02,310 INFO  client.GrpcClientProtocolClient (GrpcClientProtocolClient.java:onNext(255)) - client-7D6108789623->f80c66c4-8a3d-47db-b3f8-20b0bcb8a3f5: receive RaftClientReply:client-7D6108789623->f80c66c4-8a3d-47db-b3f8-20b0bcb8a3f5@group-7D2873B646E2, cid=2766, SUCCESS, logIndex=4097, commits[f80c66c4-8a3d-47db-b3f8-20b0bcb8a3f5:c4098, 6e9bc0f4-a324-4be3-b201-2d39df7dad8a:c4094, cffe1303-2f93-4087-8a62-a40745db49f2:c4094]
2019-07-10 09:51:02,310 INFO  client.GrpcClientProtocolClient (GrpcClientProtocolClient.java:onNext(255)) - client-7D6108789623->f80c66c4-8a3d-47db-b3f8-20b0bcb8a3f5: receive RaftClientReply:client-7D6108789623->f80c66c4-8a3d-47db-b3f8-20b0bcb8a3f5@group-7D2873B646E2, cid=2767, SUCCESS, logIndex=4098, commits[f80c66c4-8a3d-47db-b3f8-20b0bcb8a3f5:c4098, 6e9bc0f4-a324-4be3-b201-2d39df7dad8a:c4094, cffe1303-2f93-4087-8a62-a40745db49f2:c4094]
2019-07-10 09:51:02,363 INFO  client.GrpcClientProtocolClient (GrpcClientProtocolClient.java:onNext(255)) - client-7D6108789623->f80c66c4-8a3d-47db-b3f8-20b0bcb8a3f5: receive RaftClientReply:client-7D6108789623->f80c66c4-8a3d-47db-b3f8-20b0bcb8a3f5@group-7D2873B646E2, cid=2768, SUCCESS, logIndex=0, commits[f80c66c4-8a3d-47db-b3f8-20b0bcb8a3f5:c4100, 6e9bc0f4-a324-4be3-b201-2d39df7dad8a:c4096, cffe1303-2f93-4087-8a62-a40745db49f2:c4096]
2019-07-10 09:51:02,383 INFO  client.GrpcClientProtocolClient (GrpcClientProtocolClient.java:onNext(255)) - client-7D6108789623->f80c66c4-8a3d-47db-b3f8-20b0bcb8a3f5: receive RaftClientReply:client-7D6108789623->f80c66c4-8a3d-47db-b3f8-20b0bcb8a3f5@group-7D2873B646E2, cid=2769, SUCCESS, logIndex=4103, commits[f80c66c4-8a3d-47db-b3f8-20b0bcb8a3f5:c4104, 6e9bc0f4-a324-4be3-b201-2d39df7dad8a:c4102, cffe1303-2f93-4087-8a62-a40745db49f2:c4102]
2019-07-10 09:51:02,384 INFO  client.GrpcClientProtocolClient (GrpcClientProtocolClient.java:onNext(255)) - client-7D6108789623->f80c66c4-8a3d-47db-b3f8-20b0bcb8a3f5: receive RaftClientReply:client-7D6108789623->f80c66c4-8a3d-47db-b3f8-20b0bcb8a3f5@group-7D2873B646E2, cid=2770, SUCCESS, logIndex=4104, commits[f80c66c4-8a3d-47db-b3f8-20b0bcb8a3f5:c4104, 6e9bc0f4-a324-4be3-b201-2d39df7dad8a:c4102, cffe1303-2f93-4087-8a62-a40745db49f2:c4102]
2019-07-10 09:51:02,401 INFO  client.GrpcClientProtocolClient (GrpcClientProtocolClient.java:onNext(255)) - client-7D6108789623->f80c66c4-8a3d-47db-b3f8-20b0bcb8a3f5: receive RaftClientReply:client-7D6108789623->f80c66c4-8a3d-47db-b3f8-20b0bcb8a3f5@group-7D2873B646E2, cid=2771, SUCCESS, logIndex=4107, commits[f80c66c4-8a3d-47db-b3f8-20b0bcb8a3f5:c4108, 6e9bc0f4-a324-4be3-b201-2d39df7dad8a:c4104, cffe1303-2f93-4087-8a62-a40745db49f2:c4104]
2019-07-10 09:51:02,401 INFO  client.GrpcClientProtocolClient (GrpcClientProtocolClient.java:onNext(255)) - client-7D6108789623->f80c66c4-8a3d-47db-b3f8-20b0bcb8a3f5: receive RaftClientReply:client-7D6108789623->f80c66c4-8a3d-47db-b3f8-20b0bcb8a3f5@group-7D2873B646E2, cid=2772, SUCCESS, logIndex=4108, commits[f80c66c4-8a3d-47db-b3f8-20b0bcb8a3f5:c4108, 6e9bc0f4-a324-4be3-b201-2d39df7dad8a:c4104, cffe1303-2f93-4087-8a62-a40745db49f2:c4104]
2019-07-10 09:51:02,412 INFO  client.GrpcClientProtocolClient (GrpcClientProtocolClient.java:onNext(255)) - client-7D6108789623->f80c66c4-8a3d-47db-b3f8-20b0bcb8a3f5: receive RaftClientReply:client-7D6108789623->f80c66c4-8a3d-47db-b3f8-20b0bcb8a3f5@group-7D2873B646E2, cid=2773, SUCCESS, logIndex=0, commits[f80c66c4-8a3d-47db-b3f8-20b0bcb8a3f5:c4110, 6e9bc0f4-a324-4be3-b201-2d39df7dad8a:c4108, cffe1303-2f93-4087-8a62-a40745db49f2:c4108]
2019-07-10 09:51:02,440 INFO  client.GrpcClientProtocolClient (GrpcClientProtocolClient.java:onNext(255)) - client-7D6108789623->f80c66c4-8a3d-47db-b3f8-20b0bcb8a3f5: receive RaftClientReply:client-7D6108789623->f80c66c4-8a3d-47db-b3f8-20b0bcb8a3f5@group-7D2873B646E2, cid=2774, SUCCESS, logIndex=4111, commits[f80c66c4-8a3d-47db-b3f8-20b0bcb8a3f5:c4113, 6e9bc0f4-a324-4be3-b201-2d39df7dad8a:c4110, cffe1303-2f93-4087-8a62-a40745db49f2:c4110]
2019-07-10 09:51:02,441 INFO  client.GrpcClientProtocolClient (GrpcClientProtocolClient.java:onNext(255)) - client-7D6108789623->f80c66c4-8a3d-47db-b3f8-20b0bcb8a3f5: receive RaftClientReply:client-7D6108789623->f80c66c4-8a3d-47db-b3f8-20b0bcb8a3f5@group-7D2873B646E2, cid=2775, SUCCESS, logIndex=4112, commits[f80c66c4-8a3d-47db-b3f8-20b0bcb8a3f5:c4114, 6e9bc0f4-a324-4be3-b201-2d39df7dad8a:c4110, cffe1303-2f93-4087-8a62-a40745db49f2:c4110]
2019-07-10 09:51:02,441 INFO  client.GrpcClientProtocolClient (GrpcClientProtocolClient.java:onNext(255)) - client-7D6108789623->f80c66c4-8a3d-47db-b3f8-20b0bcb8a3f5: receive RaftClientReply:client-7D6108789623->f80c66c4-8a3d-47db-b3f8-20b0bcb8a3f5@group-7D2873B646E2, cid=2776, SUCCESS, logIndex=4113, commits[f80c66c4-8a3d-47db-b3f8-20b0bcb8a3f5:c4114, 6e9bc0f4-a324-4be3-b201-2d39df7dad8a:c4110, cffe1303-2f93-4087-8a62-a40745db49f2:c4110]
2019-07-10 09:51:02,441 INFO  client.GrpcClientProtocolClient (GrpcClientProtocolClient.java:onNext(255)) - client-7D6108789623->f80c66c4-8a3d-47db-b3f8-20b0bcb8a3f5: receive RaftClientReply:client-7D6108789623->f80c66c4-8a3d-47db-b3f8-20b0bcb8a3f5@group-7D2873B646E2, cid=2777, SUCCESS, logIndex=4114, commits[f80c66c4-8a3d-47db-b3f8-20b0bcb8a3f5:c4114, 6e9bc0f4-a324-4be3-b201-2d39df7dad8a:c4111, cffe1303-2f93-4087-8a62-a40745db49f2:c4110]
2019-07-10 09:51:02,445 INFO  client.GrpcClientProtocolClient (GrpcClientProtocolClient.java:onNext(255)) - client-7D6108789623->f80c66c4-8a3d-47db-b3f8-20b0bcb8a3f5: receive RaftClientReply:client-7D6108789623->f80c66c4-8a3d-47db-b3f8-20b0bcb8a3f5@group-7D2873B646E2, cid=2778, SUCCESS, logIndex=0, commits[f80c66c4-8a3d-47db-b3f8-20b0bcb8a3f5:c4117, 6e9bc0f4-a324-4be3-b201-2d39df7dad8a:c4112, cffe1303-2f93-4087-8a62-a40745db49f2:c4113]
2019-07-10 09:51:02,462 INFO  client.GrpcClientProtocolClient (GrpcClientProtocolClient.java:onNext(255)) - client-7D6108789623->f80c66c4-8a3d-47db-b3f8-20b0bcb8a3f5: receive RaftClientReply:client-7D6108789623->f80c66c4-8a3d-47db-b3f8-20b0bcb8a3f5@group-7D2873B646E2, cid=2779, SUCCESS, logIndex=4119, commits[f80c66c4-8a3d-47db-b3f8-20b0bcb8a3f5:c4119, 6e9bc0f4-a324-4be3-b201-2d39df7dad8a:c4118, cffe1303-2f93-4087-8a62-a40745db49f2:c4118]
2019-07-10 09:51:02,463 INFO  client.GrpcClientProtocolClient (GrpcClientProtocolClient.java:onNext(255)) - client-7D6108789623->f80c66c4-8a3d-47db-b3f8-20b0bcb8a3f5: receive RaftClientReply:client-7D6108789623->f80c66c4-8a3d-47db-b3f8-20b0bcb8a3f5@group-7D2873B646E2, cid=2780, SUCCESS, logIndex=4120, commits[f80c66c4-8a3d-47db-b3f8-20b0bcb8a3f5:c4120, 6e9bc0f4-a324-4be3-b201-2d39df7dad8a:c4118, cffe1303-2f93-4087-8a62-a40745db49f2:c4118]
2019-07-10 09:51:02,476 INFO  client.GrpcClientProtocolClient (GrpcClientProtocolClient.java:onNext(255)) - client-7D6108789623->f80c66c4-8a3d-47db-b3f8-20b0bcb8a3f5: receive RaftClientReply:client-7D6108789623->f80c66c4-8a3d-47db-b3f8-20b0bcb8a3f5@group-7D2873B646E2, cid=2781, SUCCESS, logIndex=4123, commits[f80c66c4-8a3d-47db-b3f8-20b0bcb8a3f5:c4124, 6e9bc0f4-a324-4be3-b201-2d39df7dad8a:c4120, cffe1303-2f93-4087-8a62-a40745db49f2:c4120]
2019-07-10 09:51:02,476 INFO  client.GrpcClientProtocolClient (GrpcClientProtocolClient.java:onNext(255)) - client-7D6108789623->f80c66c4-8a3d-47db-b3f8-20b0bcb8a3f5: receive RaftClientReply:client-7D6108789623->f80c66c4-8a3d-47db-b3f8-20b0bcb8a3f5@group-7D2873B646E2, cid=2782, SUCCESS, logIndex=4124, commits[f80c66c4-8a3d-47db-b3f8-20b0bcb8a3f5:c4124, 6e9bc0f4-a324-4be3-b201-2d39df7dad8a:c4120, cffe1303-2f93-4087-8a62-a40745db49f2:c4120]
2019-07-10 09:51:02,489 INFO  client.GrpcClientProtocolClient (GrpcClientProtocolClient.java:onNext(255)) - client-7D6108789623->f80c66c4-8a3d-47db-b3f8-20b0bcb8a3f5: receive RaftClientReply:client-7D6108789623->f80c66c4-8a3d-47db-b3f8-20b0bcb8a3f5@group-7D2873B646E2, cid=2783, SUCCESS, logIndex=0, commits[f80c66c4-8a3d-47db-b3f8-20b0bcb8a3f5:c4126, 6e9bc0f4-a324-4be3-b201-2d39df7dad8a:c4124, cffe1303-2f93-4087-8a62-a40745db49f2:c4124]
2019-07-10 09:51:02,517 INFO  client.GrpcClientProtocolClient (GrpcClientProtocolClient.java:onNext(255)) - client-7D6108789623->f80c66c4-8a3d-47db-b3f8-20b0bcb8a3f5: receive RaftClientReply:client-7D6108789623->f80c66c4-8a3d-47db-b3f8-20b0bcb8a3f5@group-7D2873B646E2, cid=2784, SUCCESS, logIndex=4127, commits[f80c66c4-8a3d-47db-b3f8-20b0bcb8a3f5:c4128, 6e9bc0f4-a324-4be3-b201-2d39df7dad8a:c4126, cffe1303-2f93-4087-8a62-a40745db49f2:c4124]
2019-07-10 09:51:02,518 INFO  client.GrpcClientProtocolClient (GrpcClientProtocolClient.java:onNext(255)) - client-7D6108789623->f80c66c4-8a3d-47db-b3f8-20b0bcb8a3f5: receive RaftClientReply:client-7D6108789623->f80c66c4-8a3d-47db-b3f8-20b0bcb8a3f5@group-7D2873B646E2, cid=2785, SUCCESS, logIndex=4128, commits[f80c66c4-8a3d-47db-b3f8-20b0bcb8a3f5:c4129, 6e9bc0f4-a324-4be3-b201-2d39df7dad8a:c4126, cffe1303-2f93-4087-8a62-a40745db49f2:c4126]
2019-07-10 09:51:02,518 INFO  client.GrpcClientProtocolClient (GrpcClientProtocolClient.java:onNext(255)) - client-7D6108789623->f80c66c4-8a3d-47db-b3f8-20b0bcb8a3f5: receive RaftClientReply:client-7D6108789623->f80c66c4-8a3d-47db-b3f8-20b0bcb8a3f5@group-7D2873B646E2, cid=2786, SUCCESS, logIndex=4129, commits[f80c66c4-8a3d-47db-b3f8-20b0bcb8a3f5:c4130, 6e9bc0f4-a324-4be3-b201-2d39df7dad8a:c4126, cffe1303-2f93-4087-8a62-a40745db49f2:c4126]
2019-07-10 09:51:02,519 INFO  client.GrpcClientProtocolClient (GrpcClientProtocolClient.java:onNext(255)) - client-7D6108789623->f80c66c4-8a3d-47db-b3f8-20b0bcb8a3f5: receive RaftClientReply:client-7D6108789623->f80c66c4-8a3d-47db-b3f8-20b0bcb8a3f5@group-7D2873B646E2, cid=2787, SUCCESS, logIndex=4130, commits[f80c66c4-8a3d-47db-b3f8-20b0bcb8a3f5:c4131, 6e9bc0f4-a324-4be3-b201-2d39df7dad8a:c4128, cffe1303-2f93-4087-8a62-a40745db49f2:c4126]
2019-07-10 09:51:02,520 INFO  client.GrpcClientProtocolClient (GrpcClientProtocolClient.java:onNext(255)) - client-7D6108789623->f80c66c4-8a3d-47db-b3f8-20b0bcb8a3f5: receive RaftClientReply:client-7D6108789623->f80c66c4-8a3d-47db-b3f8-20b0bcb8a3f5@group-7D2873B646E2, cid=2788, SUCCESS, logIndex=0, commits[f80c66c4-8a3d-47db-b3f8-20b0bcb8a3f5:c4132, 6e9bc0f4-a324-4be3-b201-2d39df7dad8a:c4128, cffe1303-2f93-4087-8a62-a40745db49f2:c4128]
2019-07-10 09:51:02,539 INFO  client.GrpcClientProtocolClient (GrpcClientProtocolClient.java:onNext(255)) - client-7D6108789623->f80c66c4-8a3d-47db-b3f8-20b0bcb8a3f5: receive RaftClientReply:client-7D6108789623->f80c66c4-8a3d-47db-b3f8-20b0bcb8a3f5@group-7D2873B646E2, cid=2789, SUCCESS, logIndex=4135, commits[f80c66c4-8a3d-47db-b3f8-20b0bcb8a3f5:c4136, 6e9bc0f4-a324-4be3-b201-2d39df7dad8a:c4130, cffe1303-2f93-4087-8a62-a40745db49f2:c4134]
2019-07-10 09:51:02,539 INFO  client.GrpcClientProtocolClient (GrpcClientProtocolClient.java:onNext(255)) - client-7D6108789623->f80c66c4-8a3d-47db-b3f8-20b0bcb8a3f5: receive RaftClientReply:client-7D6108789623->f80c66c4-8a3d-47db-b3f8-20b0bcb8a3f5@group-7D2873B646E2, cid=2790, SUCCESS, logIndex=4136, commits[f80c66c4-8a3d-47db-b3f8-20b0bcb8a3f5:c4136, 6e9bc0f4-a324-4be3-b201-2d39df7dad8a:c4130, cffe1303-2f93-4087-8a62-a40745db49f2:c4134]
2019-07-10 09:51:02,557 INFO  client.GrpcClientProtocolClient (GrpcClientProtocolClient.java:onNext(255)) - client-7D6108789623->f80c66c4-8a3d-47db-b3f8-20b0bcb8a3f5: receive RaftClientReply:client-7D6108789623->f80c66c4-8a3d-47db-b3f8-20b0bcb8a3f5@group-7D2873B646E2, cid=2791, SUCCESS, logIndex=4138, commits[f80c66c4-8a3d-47db-b3f8-20b0bcb8a3f5:c4139, 6e9bc0f4-a324-4be3-b201-2d39df7dad8a:c4137, cffe1303-2f93-4087-8a62-a40745db49f2:c4137]
2019-07-10 09:51:02,557 INFO  client.GrpcClientProtocolClient (GrpcClientProtocolClient.java:onNext(255)) - client-7D6108789623->f80c66c4-8a3d-47db-b3f8-20b0bcb8a3f5: receive RaftClientReply:client-7D6108789623->f80c66c4-8a3d-47db-b3f8-20b0bcb8a3f5@group-7D2873B646E2, cid=2792, SUCCESS, logIndex=4139, commits[f80c66c4-8a3d-47db-b3f8-20b0bcb8a3f5:c4139, 6e9bc0f4-a324-4be3-b201-2d39df7dad8a:c4137, cffe1303-2f93-4087-8a62-a40745db49f2:c4137]
2019-07-10 09:51:02,569 INFO  client.GrpcClientProtocolClient (GrpcClientProtocolClient.java:onNext(255)) - client-7D6108789623->f80c66c4-8a3d-47db-b3f8-20b0bcb8a3f5: receive RaftClientReply:client-7D6108789623->f80c66c4-8a3d-47db-b3f8-20b0bcb8a3f5@group-7D2873B646E2, cid=2793, SUCCESS, logIndex=0, commits[f80c66c4-8a3d-47db-b3f8-20b0bcb8a3f5:c4141, 6e9bc0f4-a324-4be3-b201-2d39df7dad8a:c4139, cffe1303-2f93-4087-8a62-a40745db49f2:c4139]
2019-07-10 09:51:02,597 INFO  client.GrpcClientProtocolClient (GrpcClientProtocolClient.java:onNext(255)) - client-7D6108789623->f80c66c4-8a3d-47db-b3f8-20b0bcb8a3f5: receive RaftClientReply:client-7D6108789623->f80c66c4-8a3d-47db-b3f8-20b0bcb8a3f5@group-7D2873B646E2, cid=2794, SUCCESS, logIndex=4142, commits[f80c66c4-8a3d-47db-b3f8-20b0bcb8a3f5:c4143, 6e9bc0f4-a324-4be3-b201-2d39df7dad8a:c4141, cffe1303-2f93-4087-8a62-a40745db49f2:c4141]
2019-07-10 09:51:02,597 INFO  client.GrpcClientProtocolClient (GrpcClientProtocolClient.java:onNext(255)) - client-7D6108789623->f80c66c4-8a3d-47db-b3f8-20b0bcb8a3f5: receive RaftClientReply:client-7D6108789623->f80c66c4-8a3d-47db-b3f8-20b0bcb8a3f5@group-7D2873B646E2, cid=2795, SUCCESS, logIndex=4143, commits[f80c66c4-8a3d-47db-b3f8-20b0bcb8a3f5:c4143, 6e9bc0f4-a324-4be3-b201-2d39df7dad8a:c4141, cffe1303-2f93-4087-8a62-a40745db49f2:c4141]
2019-07-10 09:51:02,600 INFO  client.GrpcClientProtocolClient (GrpcClientProtocolClient.java:onNext(255)) - client-7D6108789623->f80c66c4-8a3d-47db-b3f8-20b0bcb8a3f5: receive RaftClientReply:client-7D6108789623->f80c66c4-8a3d-47db-b3f8-20b0bcb8a3f5@group-7D2873B646E2, cid=2796, SUCCESS, logIndex=4144, commits[f80c66c4-8a3d-47db-b3f8-20b0bcb8a3f5:c4144, 6e9bc0f4-a324-4be3-b201-2d39df7dad8a:c4141, cffe1303-2f93-4087-8a62-a40745db49f2:c4141]
2019-07-10 09:51:02,600 INFO  client.GrpcClientProtocolClient (GrpcClientProtocolClient.java:onNext(255)) - client-7D6108789623->f80c66c4-8a3d-47db-b3f8-20b0bcb8a3f5: receive RaftClientReply:client-7D6108789623->f80c66c4-8a3d-47db-b3f8-20b0bcb8a3f5@group-7D2873B646E2, cid=2797, SUCCESS, logIndex=4145, commits[f80c66c4-8a3d-47db-b3f8-20b0bcb8a3f5:c4145, 6e9bc0f4-a324-4be3-b201-2d39df7dad8a:c4141, cffe1303-2f93-4087-8a62-a40745db49f2:c4141]
2019-07-10 09:51:02,609 INFO  client.GrpcClientProtocolClient (GrpcClientProtocolClient.java:onNext(255)) - client-7D6108789623->f80c66c4-8a3d-47db-b3f8-20b0bcb8a3f5: receive RaftClientReply:client-7D6108789623->f80c66c4-8a3d-47db-b3f8-20b0bcb8a3f5@group-7D2873B646E2, cid=2798, SUCCESS, logIndex=0, commits[f80c66c4-8a3d-47db-b3f8-20b0bcb8a3f5:c4147, 6e9bc0f4-a324-4be3-b201-2d39df7dad8a:c4143, cffe1303-2f93-4087-8a62-a40745db49f2:c4143]
2019-07-10 09:51:02,626 INFO  client.GrpcClientProtocolClient (GrpcClientProtocolClient.java:onNext(255)) - client-7D6108789623->f80c66c4-8a3d-47db-b3f8-20b0bcb8a3f5: receive RaftClientReply:client-7D6108789623->f80c66c4-8a3d-47db-b3f8-20b0bcb8a3f5@group-7D2873B646E2, cid=2799, SUCCESS, logIndex=4150, commits[f80c66c4-8a3d-47db-b3f8-20b0bcb8a3f5:c4151, 6e9bc0f4-a324-4be3-b201-2d39df7dad8a:c4149, cffe1303-2f93-4087-8a62-a40745db49f2:c4149]
2019-07-10 09:51:02,626 INFO  client.GrpcClientProtocolClient (GrpcClientProtocolClient.java:onNext(255)) - client-7D6108789623->f80c66c4-8a3d-47db-b3f8-20b0bcb8a3f5: receive RaftClientReply:client-7D6108789623->f80c66c4-8a3d-47db-b3f8-20b0bcb8a3f5@group-7D2873B646E2, cid=2800, SUCCESS, logIndex=4151, commits[f80c66c4-8a3d-47db-b3f8-20b0bcb8a3f5:c4151, 6e9bc0f4-a324-4be3-b201-2d39df7dad8a:c4149, cffe1303-2f93-4087-8a62-a40745db49f2:c4149]
2019-07-10 09:51:02,639 INFO  client.GrpcClientProtocolClient (GrpcClientProtocolClient.java:onNext(255)) - client-7D6108789623->f80c66c4-8a3d-47db-b3f8-20b0bcb8a3f5: receive RaftClientReply:client-7D6108789623->f80c66c4-8a3d-47db-b3f8-20b0bcb8a3f5@group-7D2873B646E2, cid=2801, SUCCESS, logIndex=4154, commits[f80c66c4-8a3d-47db-b3f8-20b0bcb8a3f5:c4155, 6e9bc0f4-a324-4be3-b201-2d39df7dad8a:c4151, cffe1303-2f93-4087-8a62-a40745db49f2:c4151]
2019-07-10 09:51:02,639 INFO  client.GrpcClientProtocolClient (GrpcClientProtocolClient.java:onNext(255)) - client-7D6108789623->f80c66c4-8a3d-47db-b3f8-20b0bcb8a3f5: receive RaftClientReply:client-7D6108789623->f80c66c4-8a3d-47db-b3f8-20b0bcb8a3f5@group-7D2873B646E2, cid=2802, SUCCESS, logIndex=4155, commits[f80c66c4-8a3d-47db-b3f8-20b0bcb8a3f5:c4155, 6e9bc0f4-a324-4be3-b201-2d39df7dad8a:c4151, cffe1303-2f93-4087-8a62-a40745db49f2:c4151]
2019-07-10 09:51:02,650 INFO  client.GrpcClientProtocolClient (GrpcClientProtocolClient.java:onNext(255)) - client-7D6108789623->f80c66c4-8a3d-47db-b3f8-20b0bcb8a3f5: receive RaftClientReply:client-7D6108789623->f80c66c4-8a3d-47db-b3f8-20b0bcb8a3f5@group-7D2873B646E2, cid=2803, SUCCESS, logIndex=0, commits[f80c66c4-8a3d-47db-b3f8-20b0bcb8a3f5:c4156, 6e9bc0f4-a324-4be3-b201-2d39df7dad8a:c4155, cffe1303-2f93-4087-8a62-a40745db49f2:c4155]
2019-07-10 09:51:02,670 INFO  client.GrpcClientProtocolClient (GrpcClientProtocolClient.java:onNext(255)) - client-7D6108789623->f80c66c4-8a3d-47db-b3f8-20b0bcb8a3f5: receive RaftClientReply:client-7D6108789623->f80c66c4-8a3d-47db-b3f8-20b0bcb8a3f5@group-7D2873B646E2, cid=2804, SUCCESS, logIndex=4158, commits[f80c66c4-8a3d-47db-b3f8-20b0bcb8a3f5:c4159, 6e9bc0f4-a324-4be3-b201-2d39df7dad8a:c4157, cffe1303-2f93-4087-8a62-a40745db49f2:c4155]
2019-07-10 09:51:02,670 INFO  client.GrpcClientProtocolClient (GrpcClientProtocolClient.java:onNext(255)) - client-7D6108789623->f80c66c4-8a3d-47db-b3f8-20b0bcb8a3f5: receive RaftClientReply:client-7D6108789623->f80c66c4-8a3d-47db-b3f8-20b0bcb8a3f5@group-7D2873B646E2, cid=2805, SUCCESS, logIndex=4159, commits[f80c66c4-8a3d-47db-b3f8-20b0bcb8a3f5:c4159, 6e9bc0f4-a324-4be3-b201-2d39df7dad8a:c4157, cffe1303-2f93-4087-8a62-a40745db49f2:c4155]
2019-07-10 09:51:02,671 INFO  client.GrpcClientProtocolClient (GrpcClientProtocolClient.java:onNext(255)) - client-7D6108789623->f80c66c4-8a3d-47db-b3f8-20b0bcb8a3f5: receive RaftClientReply:client-7D6108789623->f80c66c4-8a3d-47db-b3f8-20b0bcb8a3f5@group-7D2873B646E2, cid=2806, SUCCESS, logIndex=4160, commits[f80c66c4-8a3d-47db-b3f8-20b0bcb8a3f5:c4161, 6e9bc0f4-a324-4be3-b201-2d39df7dad8a:c4157, cffe1303-2f93-4087-8a62-a40745db49f2:c4157]
2019-07-10 09:51:02,672 INFO  client.GrpcClientProtocolClient (GrpcClientProtocolClient.java:onNext(255)) - client-7D6108789623->f80c66c4-8a3d-47db-b3f8-20b0bcb8a3f5: receive RaftClientReply:client-7D6108789623->f80c66c4-8a3d-47db-b3f8-20b0bcb8a3f5@group-7D2873B646E2, cid=2807, SUCCESS, logIndex=4161, commits[f80c66c4-8a3d-47db-b3f8-20b0bcb8a3f5:c4161, 6e9bc0f4-a324-4be3-b201-2d39df7dad8a:c4157, cffe1303-2f93-4087-8a62-a40745db49f2:c4157]
2019-07-10 09:51:02,681 INFO  client.GrpcClientProtocolClient (GrpcClientProtocolClient.java:onNext(255)) - client-7D6108789623->f80c66c4-8a3d-47db-b3f8-20b0bcb8a3f5: receive RaftClientReply:client-7D6108789623->f80c66c4-8a3d-47db-b3f8-20b0bcb8a3f5@group-7D2873B646E2, cid=2808, SUCCESS, logIndex=0, commits[f80c66c4-8a3d-47db-b3f8-20b0bcb8a3f5:c4163, 6e9bc0f4-a324-4be3-b201-2d39df7dad8a:c4159, cffe1303-2f93-4087-8a62-a40745db49f2:c4159]
2019-07-10 09:51:02,698 INFO  client.GrpcClientProtocolClient (GrpcClientProtocolClient.java:onNext(255)) - client-7D6108789623->f80c66c4-8a3d-47db-b3f8-20b0bcb8a3f5: receive RaftClientReply:client-7D6108789623->f80c66c4-8a3d-47db-b3f8-20b0bcb8a3f5@group-7D2873B646E2, cid=2809, SUCCESS, logIndex=4166, commits[f80c66c4-8a3d-47db-b3f8-20b0bcb8a3f5:c4167, 6e9bc0f4-a324-4be3-b201-2d39df7dad8a:c4165, cffe1303-2f93-4087-8a62-a40745db49f2:c4165]
2019-07-10 09:51:02,699 INFO  client.GrpcClientProtocolClient (GrpcClientProtocolClient.java:onNext(255)) - client-7D6108789623->f80c66c4-8a3d-47db-b3f8-20b0bcb8a3f5: receive RaftClientReply:client-7D6108789623->f80c66c4-8a3d-47db-b3f8-20b0bcb8a3f5@group-7D2873B646E2, cid=2810, SUCCESS, logIndex=4167, commits[f80c66c4-8a3d-47db-b3f8-20b0bcb8a3f5:c4167, 6e9bc0f4-a324-4be3-b201-2d39df7dad8a:c4165, cffe1303-2f93-4087-8a62-a40745db49f2:c4165]
2019-07-10 09:51:02,711 INFO  client.GrpcClientProtocolClient (GrpcClientProtocolClient.java:onNext(255)) - client-7D6108789623->f80c66c4-8a3d-47db-b3f8-20b0bcb8a3f5: receive RaftClientReply:client-7D6108789623->f80c66c4-8a3d-47db-b3f8-20b0bcb8a3f5@group-7D2873B646E2, cid=2811, SUCCESS, logIndex=4170, commits[f80c66c4-8a3d-47db-b3f8-20b0bcb8a3f5:c4171, 6e9bc0f4-a324-4be3-b201-2d39df7dad8a:c4167, cffe1303-2f93-4087-8a62-a40745db49f2:c4167]
2019-07-10 09:51:02,712 INFO  client.GrpcClientProtocolClient (GrpcClientProtocolClient.java:onNext(255)) - client-7D6108789623->f80c66c4-8a3d-47db-b3f8-20b0bcb8a3f5: receive RaftClientReply:client-7D6108789623->f80c66c4-8a3d-47db-b3f8-20b0bcb8a3f5@group-7D2873B646E2, cid=2812, SUCCESS, logIndex=4171, commits[f80c66c4-8a3d-47db-b3f8-20b0bcb8a3f5:c4171, 6e9bc0f4-a324-4be3-b201-2d39df7dad8a:c4167, cffe1303-2f93-4087-8a62-a40745db49f2:c4167]
2019-07-10 09:51:02,724 INFO  client.GrpcClientProtocolClient (GrpcClientProtocolClient.java:onNext(255)) - client-7D6108789623->f80c66c4-8a3d-47db-b3f8-20b0bcb8a3f5: receive RaftClientReply:client-7D6108789623->f80c66c4-8a3d-47db-b3f8-20b0bcb8a3f5@group-7D2873B646E2, cid=2813, SUCCESS, logIndex=0, commits[f80c66c4-8a3d-47db-b3f8-20b0bcb8a3f5:c4173, 6e9bc0f4-a324-4be3-b201-2d39df7dad8a:c4171, cffe1303-2f93-4087-8a62-a40745db49f2:c4171]
2019-07-10 09:51:02,766 INFO  client.GrpcClientProtocolClient (GrpcClientProtocolClient.java:onNext(255)) - client-7D6108789623->f80c66c4-8a3d-47db-b3f8-20b0bcb8a3f5: receive RaftClientReply:client-7D6108789623->f80c66c4-8a3d-47db-b3f8-20b0bcb8a3f5@group-7D2873B646E2, cid=2814, SUCCESS, logIndex=4174, commits[f80c66c4-8a3d-47db-b3f8-20b0bcb8a3f5:c4175, 6e9bc0f4-a324-4be3-b201-2d39df7dad8a:c4173, cffe1303-2f93-4087-8a62-a40745db49f2:c4173]
2019-07-10 09:51:02,766 INFO  client.GrpcClientProtocolClient (GrpcClientProtocolClient.java:onNext(255)) - client-7D6108789623->f80c66c4-8a3d-47db-b3f8-20b0bcb8a3f5: receive RaftClientReply:client-7D6108789623->f80c66c4-8a3d-47db-b3f8-20b0bcb8a3f5@group-7D2873B646E2, cid=2815, SUCCESS, logIndex=4175, commits[f80c66c4-8a3d-47db-b3f8-20b0bcb8a3f5:c4175, 6e9bc0f4-a324-4be3-b201-2d39df7dad8a:c4173, cffe1303-2f93-4087-8a62-a40745db49f2:c4173]
2019-07-10 09:51:02,767 INFO  client.GrpcClientProtocolClient (GrpcClientProtocolClient.java:onNext(255)) - client-7D6108789623->f80c66c4-8a3d-47db-b3f8-20b0bcb8a3f5: receive RaftClientReply:client-7D6108789623->f80c66c4-8a3d-47db-b3f8-20b0bcb8a3f5@group-7D2873B646E2, cid=2816, SUCCESS, logIndex=4176, commits[f80c66c4-8a3d-47db-b3f8-20b0bcb8a3f5:c4176, 6e9bc0f4-a324-4be3-b201-2d39df7dad8a:c4173, cffe1303-2f93-4087-8a62-a40745db49f2:c4173]
2019-07-10 09:51:02,768 INFO  client.GrpcClientProtocolClient (GrpcClientProtocolClient.java:onNext(255)) - client-7D6108789623->f80c66c4-8a3d-47db-b3f8-20b0bcb8a3f5: receive RaftClientReply:client-7D6108789623->f80c66c4-8a3d-47db-b3f8-20b0bcb8a3f5@group-7D2873B646E2, cid=2817, SUCCESS, logIndex=4177, commits[f80c66c4-8a3d-47db-b3f8-20b0bcb8a3f5:c4177, 6e9bc0f4-a324-4be3-b201-2d39df7dad8a:c4173, cffe1303-2f93-4087-8a62-a40745db49f2:c4173]
2019-07-10 09:51:02,771 INFO  client.GrpcClientProtocolClient (GrpcClientProtocolClient.java:onNext(255)) - client-7D6108789623->f80c66c4-8a3d-47db-b3f8-20b0bcb8a3f5: receive RaftClientReply:client-7D6108789623->f80c66c4-8a3d-47db-b3f8-20b0bcb8a3f5@group-7D2873B646E2, cid=2818, SUCCESS, logIndex=0, commits[f80c66c4-8a3d-47db-b3f8-20b0bcb8a3f5:c4181, 6e9bc0f4-a324-4be3-b201-2d39df7dad8a:c4175, cffe1303-2f93-4087-8a62-a40745db49f2:c4177]
2019-07-10 09:51:02,789 INFO  client.GrpcClientProtocolClient (GrpcClientProtocolClient.java:onNext(255)) - client-7D6108789623->f80c66c4-8a3d-47db-b3f8-20b0bcb8a3f5: receive RaftClientReply:client-7D6108789623->f80c66c4-8a3d-47db-b3f8-20b0bcb8a3f5@group-7D2873B646E2, cid=2819, SUCCESS, logIndex=4182, commits[f80c66c4-8a3d-47db-b3f8-20b0bcb8a3f5:c4183, 6e9bc0f4-a324-4be3-b201-2d39df7dad8a:c4181, cffe1303-2f93-4087-8a62-a40745db49f2:c4181]
2019-07-10 09:51:02,789 INFO  client.GrpcClientProtocolClient (GrpcClientProtocolClient.java:onNext(255)) - client-7D6108789623->f80c66c4-8a3d-47db-b3f8-20b0bcb8a3f5: receive RaftClientReply:client-7D6108789623->f80c66c4-8a3d-47db-b3f8-20b0bcb8a3f5@group-7D2873B646E2, cid=2820, SUCCESS, logIndex=4183, commits[f80c66c4-8a3d-47db-b3f8-20b0bcb8a3f5:c4183, 6e9bc0f4-a324-4be3-b201-2d39df7dad8a:c4181, cffe1303-2f93-4087-8a62-a40745db49f2:c4181]
2019-07-10 09:51:02,800 INFO  client.GrpcClientProtocolClient (GrpcClientProtocolClient.java:onNext(255)) - client-7D6108789623->f80c66c4-8a3d-47db-b3f8-20b0bcb8a3f5: receive RaftClientReply:client-7D6108789623->f80c66c4-8a3d-47db-b3f8-20b0bcb8a3f5@group-7D2873B646E2, cid=2821, SUCCESS, logIndex=4186, commits[f80c66c4-8a3d-47db-b3f8-20b0bcb8a3f5:c4186, 6e9bc0f4-a324-4be3-b201-2d39df7dad8a:c4183, cffe1303-2f93-4087-8a62-a40745db49f2:c4183]
2019-07-10 09:51:02,801 INFO  client.GrpcClientProtocolClient (GrpcClientProtocolClient.java:onNext(255)) - client-7D6108789623->f80c66c4-8a3d-47db-b3f8-20b0bcb8a3f5: receive RaftClientReply:client-7D6108789623->f80c66c4-8a3d-47db-b3f8-20b0bcb8a3f5@group-7D2873B646E2, cid=2822, SUCCESS, logIndex=4187, commits[f80c66c4-8a3d-47db-b3f8-20b0bcb8a3f5:c4187, 6e9bc0f4-a324-4be3-b201-2d39df7dad8a:c4183, cffe1303-2f93-4087-8a62-a40745db49f2:c4183]
2019-07-10 09:51:02,813 INFO  client.GrpcClientProtocolClient (GrpcClientProtocolClient.java:onNext(255)) - client-7D6108789623->f80c66c4-8a3d-47db-b3f8-20b0bcb8a3f5: receive RaftClientReply:client-7D6108789623->f80c66c4-8a3d-47db-b3f8-20b0bcb8a3f5@group-7D2873B646E2, cid=2823, SUCCESS, logIndex=0, commits[f80c66c4-8a3d-47db-b3f8-20b0bcb8a3f5:c4189, 6e9bc0f4-a324-4be3-b201-2d39df7dad8a:c4187, cffe1303-2f93-4087-8a62-a40745db49f2:c4187]
2019-07-10 09:51:02,840 INFO  client.GrpcClientProtocolClient (GrpcClientProtocolClient.java:onNext(255)) - client-7D6108789623->f80c66c4-8a3d-47db-b3f8-20b0bcb8a3f5: receive RaftClientReply:client-7D6108789623->f80c66c4-8a3d-47db-b3f8-20b0bcb8a3f5@group-7D2873B646E2, cid=2824, SUCCESS, logIndex=4190, commits[f80c66c4-8a3d-47db-b3f8-20b0bcb8a3f5:c4191, 6e9bc0f4-a324-4be3-b201-2d39df7dad8a:c4189, cffe1303-2f93-4087-8a62-a40745db49f2:c4189]
2019-07-10 09:51:02,841 INFO  client.GrpcClientProtocolClient (GrpcClientProtocolClient.java:onNext(255)) - client-7D6108789623->f80c66c4-8a3d-47db-b3f8-20b0bcb8a3f5: receive RaftClientReply:client-7D6108789623->f80c66c4-8a3d-47db-b3f8-20b0bcb8a3f5@group-7D2873B646E2, cid=2825, SUCCESS, logIndex=4191, commits[f80c66c4-8a3d-47db-b3f8-20b0bcb8a3f5:c4191, 6e9bc0f4-a324-4be3-b201-2d39df7dad8a:c4189, cffe1303-2f93-4087-8a62-a40745db49f2:c4189]
2019-07-10 09:51:02,850 INFO  client.GrpcClientProtocolClient (GrpcClientProtocolClient.java:onNext(255)) - client-7D6108789623->f80c66c4-8a3d-47db-b3f8-20b0bcb8a3f5: receive RaftClientReply:client-7D6108789623->f80c66c4-8a3d-47db-b3f8-20b0bcb8a3f5@group-7D2873B646E2, cid=2826, SUCCESS, logIndex=4192, commits[f80c66c4-8a3d-47db-b3f8-20b0bcb8a3f5:c4193, 6e9bc0f4-a324-4be3-b201-2d39df7dad8a:c4189, cffe1303-2f93-4087-8a62-a40745db49f2:c4189]
2019-07-10 09:51:02,850 INFO  client.GrpcClientProtocolClient (GrpcClientProtocolClient.java:onNext(255)) - client-7D6108789623->f80c66c4-8a3d-47db-b3f8-20b0bcb8a3f5: receive RaftClientReply:client-7D6108789623->f80c66c4-8a3d-47db-b3f8-20b0bcb8a3f5@group-7D2873B646E2, cid=2827, SUCCESS, logIndex=4193, commits[f80c66c4-8a3d-47db-b3f8-20b0bcb8a3f5:c4193, 6e9bc0f4-a324-4be3-b201-2d39df7dad8a:c4189, cffe1303-2f93-4087-8a62-a40745db49f2:c4189]
2019-07-10 09:51:02,853 INFO  client.GrpcClientProtocolClient (GrpcClientProtocolClient.java:onNext(255)) - client-7D6108789623->f80c66c4-8a3d-47db-b3f8-20b0bcb8a3f5: receive RaftClientReply:client-7D6108789623->f80c66c4-8a3d-47db-b3f8-20b0bcb8a3f5@group-7D2873B646E2, cid=2828, SUCCESS, logIndex=0, commits[f80c66c4-8a3d-47db-b3f8-20b0bcb8a3f5:c4195, 6e9bc0f4-a324-4be3-b201-2d39df7dad8a:c4191, cffe1303-2f93-4087-8a62-a40745db49f2:c4191]
2019-07-10 09:51:02,863 INFO  client.GrpcClientProtocolClient (GrpcClientProtocolClient.java:onNext(255)) - client-7D6108789623->f80c66c4-8a3d-47db-b3f8-20b0bcb8a3f5: receive RaftClientReply:client-7D6108789623->f80c66c4-8a3d-47db-b3f8-20b0bcb8a3f5@group-7D2873B646E2, cid=2829, SUCCESS, logIndex=4198, commits[f80c66c4-8a3d-47db-b3f8-20b0bcb8a3f5:c4199, 6e9bc0f4-a324-4be3-b201-2d39df7dad8a:c4195, cffe1303-2f93-4087-8a62-a40745db49f2:c4193]
2019-07-10 09:51:02,864 INFO  client.GrpcClientProtocolClient (GrpcClientProtocolClient.java:onNext(255)) - client-7D6108789623->f80c66c4-8a3d-47db-b3f8-20b0bcb8a3f5: receive RaftClientReply:client-7D6108789623->f80c66c4-8a3d-47db-b3f8-20b0bcb8a3f5@group-7D2873B646E2, cid=2830, SUCCESS, logIndex=4199, commits[f80c66c4-8a3d-47db-b3f8-20b0bcb8a3f5:c4199, 6e9bc0f4-a324-4be3-b201-2d39df7dad8a:c4195, cffe1303-2f93-4087-8a62-a40745db49f2:c4193]
2019-07-10 09:51:02,879 INFO  client.GrpcClientProtocolClient (GrpcClientProtocolClient.java:onNext(255)) - client-7D6108789623->f80c66c4-8a3d-47db-b3f8-20b0bcb8a3f5: receive RaftClientReply:client-7D6108789623->f80c66c4-8a3d-47db-b3f8-20b0bcb8a3f5@group-7D2873B646E2, cid=2831, SUCCESS, logIndex=4202, commits[f80c66c4-8a3d-47db-b3f8-20b0bcb8a3f5:c4203, 6e9bc0f4-a324-4be3-b201-2d39df7dad8a:c4200, cffe1303-2f93-4087-8a62-a40745db49f2:c4200]
2019-07-10 09:51:02,880 INFO  client.GrpcClientProtocolClient (GrpcClientProtocolClient.java:onNext(255)) - client-7D6108789623->f80c66c4-8a3d-47db-b3f8-20b0bcb8a3f5: receive RaftClientReply:client-7D6108789623->f80c66c4-8a3d-47db-b3f8-20b0bcb8a3f5@group-7D2873B646E2, cid=2832, SUCCESS, logIndex=4203, commits[f80c66c4-8a3d-47db-b3f8-20b0bcb8a3f5:c4203, 6e9bc0f4-a324-4be3-b201-2d39df7dad8a:c4200, cffe1303-2f93-4087-8a62-a40745db49f2:c4200]
2019-07-10 09:51:02,889 INFO  client.GrpcClientProtocolClient (GrpcClientProtocolClient.java:onNext(255)) - client-7D6108789623->f80c66c4-8a3d-47db-b3f8-20b0bcb8a3f5: receive RaftClientReply:client-7D6108789623->f80c66c4-8a3d-47db-b3f8-20b0bcb8a3f5@group-7D2873B646E2, cid=2833, SUCCESS, logIndex=0, commits[f80c66c4-8a3d-47db-b3f8-20b0bcb8a3f5:c4204, 6e9bc0f4-a324-4be3-b201-2d39df7dad8a:c4203, cffe1303-2f93-4087-8a62-a40745db49f2:c4203]
2019-07-10 09:51:03,033 INFO  client.GrpcClientProtocolClient (GrpcClientProtocolClient.java:onNext(255)) - client-7D6108789623->f80c66c4-8a3d-47db-b3f8-20b0bcb8a3f5: receive RaftClientReply:client-7D6108789623->f80c66c4-8a3d-47db-b3f8-20b0bcb8a3f5@group-7D2873B646E2, cid=2834, SUCCESS, logIndex=4205, commits[f80c66c4-8a3d-47db-b3f8-20b0bcb8a3f5:c4206, 6e9bc0f4-a324-4be3-b201-2d39df7dad8a:c4204, cffe1303-2f93-4087-8a62-a40745db49f2:c4204]
2019-07-10 09:51:03,033 INFO  client.GrpcClientProtocolClient (GrpcClientProtocolClient.java:onNext(255)) - client-7D6108789623->f80c66c4-8a3d-47db-b3f8-20b0bcb8a3f5: receive RaftClientReply:client-7D6108789623->f80c66c4-8a3d-47db-b3f8-20b0bcb8a3f5@group-7D2873B646E2, cid=2835, SUCCESS, logIndex=4206, commits[f80c66c4-8a3d-47db-b3f8-20b0bcb8a3f5:c4208, 6e9bc0f4-a324-4be3-b201-2d39df7dad8a:c4204, cffe1303-2f93-4087-8a62-a40745db49f2:c4204]
2019-07-10 09:51:03,034 INFO  client.GrpcClientProtocolClient (GrpcClientProtocolClient.java:onNext(255)) - client-7D6108789623->f80c66c4-8a3d-47db-b3f8-20b0bcb8a3f5: receive RaftClientReply:client-7D6108789623->f80c66c4-8a3d-47db-b3f8-20b0bcb8a3f5@group-7D2873B646E2, cid=2836, SUCCESS, logIndex=4207, commits[f80c66c4-8a3d-47db-b3f8-20b0bcb8a3f5:c4208, 6e9bc0f4-a324-4be3-b201-2d39df7dad8a:c4204, cffe1303-2f93-4087-8a62-a40745db49f2:c4204]
2019-07-10 09:51:03,034 INFO  client.GrpcClientProtocolClient (GrpcClientProtocolClient.java:onNext(255)) - client-7D6108789623->f80c66c4-8a3d-47db-b3f8-20b0bcb8a3f5: receive RaftClientReply:client-7D6108789623->f80c66c4-8a3d-47db-b3f8-20b0bcb8a3f5@group-7D2873B646E2, cid=2837, SUCCESS, logIndex=4208, commits[f80c66c4-8a3d-47db-b3f8-20b0bcb8a3f5:c4208, 6e9bc0f4-a324-4be3-b201-2d39df7dad8a:c4204, cffe1303-2f93-4087-8a62-a40745db49f2:c4204]
2019-07-10 09:51:03,046 INFO  client.GrpcClientProtocolClient (GrpcClientProtocolClient.java:onNext(255)) - client-7D6108789623->f80c66c4-8a3d-47db-b3f8-20b0bcb8a3f5: receive RaftClientReply:client-7D6108789623->f80c66c4-8a3d-47db-b3f8-20b0bcb8a3f5@group-7D2873B646E2, cid=2838, SUCCESS, logIndex=0, commits[f80c66c4-8a3d-47db-b3f8-20b0bcb8a3f5:c4212, 6e9bc0f4-a324-4be3-b201-2d39df7dad8a:c4206, cffe1303-2f93-4087-8a62-a40745db49f2:c4208]
2019-07-10 09:51:03,066 INFO  client.GrpcClientProtocolClient (GrpcClientProtocolClient.java:onNext(255)) - client-7D6108789623->f80c66c4-8a3d-47db-b3f8-20b0bcb8a3f5: receive RaftClientReply:client-7D6108789623->f80c66c4-8a3d-47db-b3f8-20b0bcb8a3f5@group-7D2873B646E2, cid=2839, SUCCESS, logIndex=4213, commits[f80c66c4-8a3d-47db-b3f8-20b0bcb8a3f5:c4214, 6e9bc0f4-a324-4be3-b201-2d39df7dad8a:c4212, cffe1303-2f93-4087-8a62-a40745db49f2:c4212]
2019-07-10 09:51:03,066 INFO  client.GrpcClientProtocolClient (GrpcClientProtocolClient.java:onNext(255)) - client-7D6108789623->f80c66c4-8a3d-47db-b3f8-20b0bcb8a3f5: receive RaftClientReply:client-7D6108789623->f80c66c4-8a3d-47db-b3f8-20b0bcb8a3f5@group-7D2873B646E2, cid=2840, SUCCESS, logIndex=4214, commits[f80c66c4-8a3d-47db-b3f8-20b0bcb8a3f5:c4214, 6e9bc0f4-a324-4be3-b201-2d39df7dad8a:c4212, cffe1303-2f93-4087-8a62-a40745db49f2:c4212]
2019-07-10 09:51:03,095 INFO  client.GrpcClientProtocolClient (GrpcClientProtocolClient.java:onNext(255)) - client-7D6108789623->f80c66c4-8a3d-47db-b3f8-20b0bcb8a3f5: receive RaftClientReply:client-7D6108789623->f80c66c4-8a3d-47db-b3f8-20b0bcb8a3f5@group-7D2873B646E2, cid=2841, SUCCESS, logIndex=4217, commits[f80c66c4-8a3d-47db-b3f8-20b0bcb8a3f5:c4218, 6e9bc0f4-a324-4be3-b201-2d39df7dad8a:c4214, cffe1303-2f93-4087-8a62-a40745db49f2:c4214]
2019-07-10 09:51:03,096 INFO  client.GrpcClientProtocolClient (GrpcClientProtocolClient.java:onNext(255)) - client-7D6108789623->f80c66c4-8a3d-47db-b3f8-20b0bcb8a3f5: receive RaftClientReply:client-7D6108789623->f80c66c4-8a3d-47db-b3f8-20b0bcb8a3f5@group-7D2873B646E2, cid=2842, SUCCESS, logIndex=4218, commits[f80c66c4-8a3d-47db-b3f8-20b0bcb8a3f5:c4218, 6e9bc0f4-a324-4be3-b201-2d39df7dad8a:c4214, cffe1303-2f93-4087-8a62-a40745db49f2:c4214]
2019-07-10 09:51:03,097 INFO  client.GrpcClientProtocolClient (GrpcClientProtocolClient.java:onNext(255)) - client-7D6108789623->f80c66c4-8a3d-47db-b3f8-20b0bcb8a3f5: receive RaftClientReply:client-7D6108789623->f80c66c4-8a3d-47db-b3f8-20b0bcb8a3f5@group-7D2873B646E2, cid=2843, SUCCESS, logIndex=0, commits[f80c66c4-8a3d-47db-b3f8-20b0bcb8a3f5:c4219, 6e9bc0f4-a324-4be3-b201-2d39df7dad8a:c4218, cffe1303-2f93-4087-8a62-a40745db49f2:c4218]
2019-07-10 09:51:03,129 INFO  client.GrpcClientProtocolClient (GrpcClientProtocolClient.java:onNext(255)) - client-7D6108789623->f80c66c4-8a3d-47db-b3f8-20b0bcb8a3f5: receive RaftClientReply:client-7D6108789623->f80c66c4-8a3d-47db-b3f8-20b0bcb8a3f5@group-7D2873B646E2, cid=2844, SUCCESS, logIndex=4221, commits[f80c66c4-8a3d-47db-b3f8-20b0bcb8a3f5:c4222, 6e9bc0f4-a324-4be3-b201-2d39df7dad8a:c4220, cffe1303-2f93-4087-8a62-a40745db49f2:c4220]
2019-07-10 09:51:03,130 INFO  client.GrpcClientProtocolClient (GrpcClientProtocolClient.java:onNext(255)) - client-7D6108789623->f80c66c4-8a3d-47db-b3f8-20b0bcb8a3f5: receive RaftClientReply:client-7D6108789623->f80c66c4-8a3d-47db-b3f8-20b0bcb8a3f5@group-7D2873B646E2, cid=2845, SUCCESS, logIndex=4222, commits[f80c66c4-8a3d-47db-b3f8-20b0bcb8a3f5:c4224, 6e9bc0f4-a324-4be3-b201-2d39df7dad8a:c4220, cffe1303-2f93-4087-8a62-a40745db49f2:c4220]
2019-07-10 09:51:03,130 INFO  client.GrpcClientProtocolClient (GrpcClientProtocolClient.java:onNext(255)) - client-7D6108789623->f80c66c4-8a3d-47db-b3f8-20b0bcb8a3f5: receive RaftClientReply:client-7D6108789623->f80c66c4-8a3d-47db-b3f8-20b0bcb8a3f5@group-7D2873B646E2, cid=2846, SUCCESS, logIndex=4223, commits[f80c66c4-8a3d-47db-b3f8-20b0bcb8a3f5:c4224, 6e9bc0f4-a324-4be3-b201-2d39df7dad8a:c4220, cffe1303-2f93-4087-8a62-a40745db49f2:c4220]
2019-07-10 09:51:03,130 INFO  client.GrpcClientProtocolClient (GrpcClientProtocolClient.java:onNext(255)) - client-7D6108789623->f80c66c4-8a3d-47db-b3f8-20b0bcb8a3f5: receive RaftClientReply:client-7D6108789623->f80c66c4-8a3d-47db-b3f8-20b0bcb8a3f5@group-7D2873B646E2, cid=2847, SUCCESS, logIndex=4224, commits[f80c66c4-8a3d-47db-b3f8-20b0bcb8a3f5:c4224, 6e9bc0f4-a324-4be3-b201-2d39df7dad8a:c4220, cffe1303-2f93-4087-8a62-a40745db49f2:c4220]
2019-07-10 09:51:03,142 INFO  client.GrpcClientProtocolClient (GrpcClientProtocolClient.java:onNext(255)) - client-7D6108789623->f80c66c4-8a3d-47db-b3f8-20b0bcb8a3f5: receive RaftClientReply:client-7D6108789623->f80c66c4-8a3d-47db-b3f8-20b0bcb8a3f5@group-7D2873B646E2, cid=2848, SUCCESS, logIndex=0, commits[f80c66c4-8a3d-47db-b3f8-20b0bcb8a3f5:c4228, 6e9bc0f4-a324-4be3-b201-2d39df7dad8a:c4224, cffe1303-2f93-4087-8a62-a40745db49f2:c4222]
2019-07-10 09:51:03,155 INFO  client.GrpcClientProtocolClient (GrpcClientProtocolClient.java:onNext(255)) - client-7D6108789623->f80c66c4-8a3d-47db-b3f8-20b0bcb8a3f5: receive RaftClientReply:client-7D6108789623->f80c66c4-8a3d-47db-b3f8-20b0bcb8a3f5@group-7D2873B646E2, cid=2849, SUCCESS, logIndex=4229, commits[f80c66c4-8a3d-47db-b3f8-20b0bcb8a3f5:c4230, 6e9bc0f4-a324-4be3-b201-2d39df7dad8a:c4224, cffe1303-2f93-4087-8a62-a40745db49f2:c4228]
2019-07-10 09:51:03,155 INFO  client.GrpcClientProtocolClient (GrpcClientProtocolClient.java:onNext(255)) - client-7D6108789623->f80c66c4-8a3d-47db-b3f8-20b0bcb8a3f5: receive RaftClientReply:client-7D6108789623->f80c66c4-8a3d-47db-b3f8-20b0bcb8a3f5@group-7D2873B646E2, cid=2850, SUCCESS, logIndex=4230, commits[f80c66c4-8a3d-47db-b3f8-20b0bcb8a3f5:c4230, 6e9bc0f4-a324-4be3-b201-2d39df7dad8a:c4228, cffe1303-2f93-4087-8a62-a40745db49f2:c4228]
2019-07-10 09:51:03,171 INFO  client.GrpcClientProtocolClient (GrpcClientProtocolClient.java:onNext(255)) - client-7D6108789623->f80c66c4-8a3d-47db-b3f8-20b0bcb8a3f5: receive RaftClientReply:client-7D6108789623->f80c66c4-8a3d-47db-b3f8-20b0bcb8a3f5@group-7D2873B646E2, cid=2851, SUCCESS, logIndex=4233, commits[f80c66c4-8a3d-47db-b3f8-20b0bcb8a3f5:c4233, 6e9bc0f4-a324-4be3-b201-2d39df7dad8a:c4231, cffe1303-2f93-4087-8a62-a40745db49f2:c4231]
2019-07-10 09:51:03,171 INFO  client.GrpcClientProtocolClient (GrpcClientProtocolClient.java:onNext(255)) - client-7D6108789623->f80c66c4-8a3d-47db-b3f8-20b0bcb8a3f5: receive RaftClientReply:client-7D6108789623->f80c66c4-8a3d-47db-b3f8-20b0bcb8a3f5@group-7D2873B646E2, cid=2852, SUCCESS, logIndex=4234, commits[f80c66c4-8a3d-47db-b3f8-20b0bcb8a3f5:c4234, 6e9bc0f4-a324-4be3-b201-2d39df7dad8a:c4231, cffe1303-2f93-4087-8a62-a40745db49f2:c4231]
2019-07-10 09:51:03,183 INFO  client.GrpcClientProtocolClient (GrpcClientProtocolClient.java:onNext(255)) - client-7D6108789623->f80c66c4-8a3d-47db-b3f8-20b0bcb8a3f5: receive RaftClientReply:client-7D6108789623->f80c66c4-8a3d-47db-b3f8-20b0bcb8a3f5@group-7D2873B646E2, cid=2853, SUCCESS, logIndex=0, commits[f80c66c4-8a3d-47db-b3f8-20b0bcb8a3f5:c4235, 6e9bc0f4-a324-4be3-b201-2d39df7dad8a:c4234, cffe1303-2f93-4087-8a62-a40745db49f2:c4234]
2019-07-10 09:51:03,214 INFO  client.GrpcClientProtocolClient (GrpcClientProtocolClient.java:onNext(255)) - client-7D6108789623->f80c66c4-8a3d-47db-b3f8-20b0bcb8a3f5: receive RaftClientReply:client-7D6108789623->f80c66c4-8a3d-47db-b3f8-20b0bcb8a3f5@group-7D2873B646E2, cid=2854, SUCCESS, logIndex=4237, commits[f80c66c4-8a3d-47db-b3f8-20b0bcb8a3f5:c4238, 6e9bc0f4-a324-4be3-b201-2d39df7dad8a:c4236, cffe1303-2f93-4087-8a62-a40745db49f2:c4236]
2019-07-10 09:51:03,215 INFO  client.GrpcClientProtocolClient (GrpcClientProtocolClient.java:onNext(255)) - client-7D6108789623->f80c66c4-8a3d-47db-b3f8-20b0bcb8a3f5: receive RaftClientReply:client-7D6108789623->f80c66c4-8a3d-47db-b3f8-20b0bcb8a3f5@group-7D2873B646E2, cid=2855, SUCCESS, logIndex=4238, commits[f80c66c4-8a3d-47db-b3f8-20b0bcb8a3f5:c4238, 6e9bc0f4-a324-4be3-b201-2d39df7dad8a:c4236, cffe1303-2f93-4087-8a62-a40745db49f2:c4236]
2019-07-10 09:51:03,222 INFO  client.GrpcClientProtocolClient (GrpcClientProtocolClient.java:onNext(255)) - client-7D6108789623->f80c66c4-8a3d-47db-b3f8-20b0bcb8a3f5: receive RaftClientReply:client-7D6108789623->f80c66c4-8a3d-47db-b3f8-20b0bcb8a3f5@group-7D2873B646E2, cid=2856, SUCCESS, logIndex=4239, commits[f80c66c4-8a3d-47db-b3f8-20b0bcb8a3f5:c4240, 6e9bc0f4-a324-4be3-b201-2d39df7dad8a:c4236, cffe1303-2f93-4087-8a62-a40745db49f2:c4236]
2019-07-10 09:51:03,222 INFO  client.GrpcClientProtocolClient (GrpcClientProtocolClient.java:onNext(255)) - client-7D6108789623->f80c66c4-8a3d-47db-b3f8-20b0bcb8a3f5: receive RaftClientReply:client-7D6108789623->f80c66c4-8a3d-47db-b3f8-20b0bcb8a3f5@group-7D2873B646E2, cid=2857, SUCCESS, logIndex=4240, commits[f80c66c4-8a3d-47db-b3f8-20b0bcb8a3f5:c4240, 6e9bc0f4-a324-4be3-b201-2d39df7dad8a:c4236, cffe1303-2f93-4087-8a62-a40745db49f2:c4236]
2019-07-10 09:51:03,224 INFO  client.GrpcClientProtocolClient (GrpcClientProtocolClient.java:onNext(255)) - client-7D6108789623->f80c66c4-8a3d-47db-b3f8-20b0bcb8a3f5: receive RaftClientReply:client-7D6108789623->f80c66c4-8a3d-47db-b3f8-20b0bcb8a3f5@group-7D2873B646E2, cid=2858, SUCCESS, logIndex=0, commits[f80c66c4-8a3d-47db-b3f8-20b0bcb8a3f5:c4242, 6e9bc0f4-a324-4be3-b201-2d39df7dad8a:c4238, cffe1303-2f93-4087-8a62-a40745db49f2:c4238]
 0.00% |█                                                                                                    |  0/1 Time: 0:00:272019-07-10 09:51:03,243 INFO  client.GrpcClientProtocolClient (GrpcClientProtocolClient.java:onNext(255)) - client-7D6108789623->f80c66c4-8a3d-47db-b3f8-20b0bcb8a3f5: receive RaftClientReply:client-7D6108789623->f80c66c4-8a3d-47db-b3f8-20b0bcb8a3f5@group-7D2873B646E2, cid=2859, SUCCESS, logIndex=4245, commits[f80c66c4-8a3d-47db-b3f8-20b0bcb8a3f5:c4245, 6e9bc0f4-a324-4be3-b201-2d39df7dad8a:c4244, cffe1303-2f93-4087-8a62-a40745db49f2:c4244]
2019-07-10 09:51:03,244 INFO  client.GrpcClientProtocolClient (GrpcClientProtocolClient.java:onNext(255)) - client-7D6108789623->f80c66c4-8a3d-47db-b3f8-20b0bcb8a3f5: receive RaftClientReply:client-7D6108789623->f80c66c4-8a3d-47db-b3f8-20b0bcb8a3f5@group-7D2873B646E2, cid=2860, SUCCESS, logIndex=4246, commits[f80c66c4-8a3d-47db-b3f8-20b0bcb8a3f5:c4246, 6e9bc0f4-a324-4be3-b201-2d39df7dad8a:c4244, cffe1303-2f93-4087-8a62-a40745db49f2:c4244]
2019-07-10 09:51:03,265 INFO  client.GrpcClientProtocolClient (GrpcClientProtocolClient.java:onNext(255)) - client-7D6108789623->f80c66c4-8a3d-47db-b3f8-20b0bcb8a3f5: receive RaftClientReply:client-7D6108789623->f80c66c4-8a3d-47db-b3f8-20b0bcb8a3f5@group-7D2873B646E2, cid=2861, SUCCESS, logIndex=4249, commits[f80c66c4-8a3d-47db-b3f8-20b0bcb8a3f5:c4250, 6e9bc0f4-a324-4be3-b201-2d39df7dad8a:c4246, cffe1303-2f93-4087-8a62-a40745db49f2:c4246]
2019-07-10 09:51:03,266 INFO  client.GrpcClientProtocolClient (GrpcClientProtocolClient.java:onNext(255)) - client-7D6108789623->f80c66c4-8a3d-47db-b3f8-20b0bcb8a3f5: receive RaftClientReply:client-7D6108789623->f80c66c4-8a3d-47db-b3f8-20b0bcb8a3f5@group-7D2873B646E2, cid=2862, SUCCESS, logIndex=4250, commits[f80c66c4-8a3d-47db-b3f8-20b0bcb8a3f5:c4250, 6e9bc0f4-a324-4be3-b201-2d39df7dad8a:c4246, cffe1303-2f93-4087-8a62-a40745db49f2:c4246]
2019-07-10 09:51:03,278 INFO  client.GrpcClientProtocolClient (GrpcClientProtocolClient.java:onNext(255)) - client-7D6108789623->f80c66c4-8a3d-47db-b3f8-20b0bcb8a3f5: receive RaftClientReply:client-7D6108789623->f80c66c4-8a3d-47db-b3f8-20b0bcb8a3f5@group-7D2873B646E2, cid=2863, SUCCESS, logIndex=0, commits[f80c66c4-8a3d-47db-b3f8-20b0bcb8a3f5:c4252, 6e9bc0f4-a324-4be3-b201-2d39df7dad8a:c4250, cffe1303-2f93-4087-8a62-a40745db49f2:c4250]
2019-07-10 09:51:03,321 INFO  client.GrpcClientProtocolClient (GrpcClientProtocolClient.java:onNext(255)) - client-7D6108789623->f80c66c4-8a3d-47db-b3f8-20b0bcb8a3f5: receive RaftClientReply:client-7D6108789623->f80c66c4-8a3d-47db-b3f8-20b0bcb8a3f5@group-7D2873B646E2, cid=2864, SUCCESS, logIndex=4253, commits[f80c66c4-8a3d-47db-b3f8-20b0bcb8a3f5:c4254, 6e9bc0f4-a324-4be3-b201-2d39df7dad8a:c4252, cffe1303-2f93-4087-8a62-a40745db49f2:c4252]
2019-07-10 09:51:03,322 INFO  client.GrpcClientProtocolClient (GrpcClientProtocolClient.java:onNext(255)) - client-7D6108789623->f80c66c4-8a3d-47db-b3f8-20b0bcb8a3f5: receive RaftClientReply:client-7D6108789623->f80c66c4-8a3d-47db-b3f8-20b0bcb8a3f5@group-7D2873B646E2, cid=2865, SUCCESS, logIndex=4254, commits[f80c66c4-8a3d-47db-b3f8-20b0bcb8a3f5:c4256, 6e9bc0f4-a324-4be3-b201-2d39df7dad8a:c4252, cffe1303-2f93-4087-8a62-a40745db49f2:c4252]
2019-07-10 09:51:03,322 INFO  client.GrpcClientProtocolClient (GrpcClientProtocolClient.java:onNext(255)) - client-7D6108789623->f80c66c4-8a3d-47db-b3f8-20b0bcb8a3f5: receive RaftClientReply:client-7D6108789623->f80c66c4-8a3d-47db-b3f8-20b0bcb8a3f5@group-7D2873B646E2, cid=2866, SUCCESS, logIndex=4255, commits[f80c66c4-8a3d-47db-b3f8-20b0bcb8a3f5:c4256, 6e9bc0f4-a324-4be3-b201-2d39df7dad8a:c4252, cffe1303-2f93-4087-8a62-a40745db49f2:c4252]
2019-07-10 09:51:03,323 INFO  client.GrpcClientProtocolClient (GrpcClientProtocolClient.java:onNext(255)) - client-7D6108789623->f80c66c4-8a3d-47db-b3f8-20b0bcb8a3f5: receive RaftClientReply:client-7D6108789623->f80c66c4-8a3d-47db-b3f8-20b0bcb8a3f5@group-7D2873B646E2, cid=2867, SUCCESS, logIndex=4256, commits[f80c66c4-8a3d-47db-b3f8-20b0bcb8a3f5:c4256, 6e9bc0f4-a324-4be3-b201-2d39df7dad8a:c4252, cffe1303-2f93-4087-8a62-a40745db49f2:c4252]
2019-07-10 09:51:03,343 INFO  client.GrpcClientProtocolClient (GrpcClientProtocolClient.java:onNext(255)) - client-7D6108789623->f80c66c4-8a3d-47db-b3f8-20b0bcb8a3f5: receive RaftClientReply:client-7D6108789623->f80c66c4-8a3d-47db-b3f8-20b0bcb8a3f5@group-7D2873B646E2, cid=2868, SUCCESS, logIndex=0, commits[f80c66c4-8a3d-47db-b3f8-20b0bcb8a3f5:c4258, 6e9bc0f4-a324-4be3-b201-2d39df7dad8a:c4254, cffe1303-2f93-4087-8a62-a40745db49f2:c4254]
2019-07-10 09:51:03,363 INFO  client.GrpcClientProtocolClient (GrpcClientProtocolClient.java:onNext(255)) - client-7D6108789623->f80c66c4-8a3d-47db-b3f8-20b0bcb8a3f5: receive RaftClientReply:client-7D6108789623->f80c66c4-8a3d-47db-b3f8-20b0bcb8a3f5@group-7D2873B646E2, cid=2869, SUCCESS, logIndex=4261, commits[f80c66c4-8a3d-47db-b3f8-20b0bcb8a3f5:c4262, 6e9bc0f4-a324-4be3-b201-2d39df7dad8a:c4260, cffe1303-2f93-4087-8a62-a40745db49f2:c4260]
2019-07-10 09:51:03,363 INFO  client.GrpcClientProtocolClient (GrpcClientProtocolClient.java:onNext(255)) - client-7D6108789623->f80c66c4-8a3d-47db-b3f8-20b0bcb8a3f5: receive RaftClientReply:client-7D6108789623->f80c66c4-8a3d-47db-b3f8-20b0bcb8a3f5@group-7D2873B646E2, cid=2870, SUCCESS, logIndex=4262, commits[f80c66c4-8a3d-47db-b3f8-20b0bcb8a3f5:c4262, 6e9bc0f4-a324-4be3-b201-2d39df7dad8a:c4260, cffe1303-2f93-4087-8a62-a40745db49f2:c4260]
2019-07-10 09:51:03,385 INFO  client.GrpcClientProtocolClient (GrpcClientProtocolClient.java:onNext(255)) - client-7D6108789623->f80c66c4-8a3d-47db-b3f8-20b0bcb8a3f5: receive RaftClientReply:client-7D6108789623->f80c66c4-8a3d-47db-b3f8-20b0bcb8a3f5@group-7D2873B646E2, cid=2871, SUCCESS, logIndex=4265, commits[f80c66c4-8a3d-47db-b3f8-20b0bcb8a3f5:c4266, 6e9bc0f4-a324-4be3-b201-2d39df7dad8a:c4262, cffe1303-2f93-4087-8a62-a40745db49f2:c4262]
2019-07-10 09:51:03,386 INFO  client.GrpcClientProtocolClient (GrpcClientProtocolClient.java:onNext(255)) - client-7D6108789623->f80c66c4-8a3d-47db-b3f8-20b0bcb8a3f5: receive RaftClientReply:client-7D6108789623->f80c66c4-8a3d-47db-b3f8-20b0bcb8a3f5@group-7D2873B646E2, cid=2872, SUCCESS, logIndex=4266, commits[f80c66c4-8a3d-47db-b3f8-20b0bcb8a3f5:c4266, 6e9bc0f4-a324-4be3-b201-2d39df7dad8a:c4262, cffe1303-2f93-4087-8a62-a40745db49f2:c4262]
2019-07-10 09:51:03,398 INFO  client.GrpcClientProtocolClient (GrpcClientProtocolClient.java:onNext(255)) - client-7D6108789623->f80c66c4-8a3d-47db-b3f8-20b0bcb8a3f5: receive RaftClientReply:client-7D6108789623->f80c66c4-8a3d-47db-b3f8-20b0bcb8a3f5@group-7D2873B646E2, cid=2873, SUCCESS, logIndex=0, commits[f80c66c4-8a3d-47db-b3f8-20b0bcb8a3f5:c4267, 6e9bc0f4-a324-4be3-b201-2d39df7dad8a:c4266, cffe1303-2f93-4087-8a62-a40745db49f2:c4266]
2019-07-10 09:51:03,430 INFO  client.GrpcClientProtocolClient (GrpcClientProtocolClient.java:onNext(255)) - client-7D6108789623->f80c66c4-8a3d-47db-b3f8-20b0bcb8a3f5: receive RaftClientReply:client-7D6108789623->f80c66c4-8a3d-47db-b3f8-20b0bcb8a3f5@group-7D2873B646E2, cid=2874, SUCCESS, logIndex=4269, commits[f80c66c4-8a3d-47db-b3f8-20b0bcb8a3f5:c4270, 6e9bc0f4-a324-4be3-b201-2d39df7dad8a:c4268, cffe1303-2f93-4087-8a62-a40745db49f2:c4268]
2019-07-10 09:51:03,431 INFO  client.GrpcClientProtocolClient (GrpcClientProtocolClient.java:onNext(255)) - client-7D6108789623->f80c66c4-8a3d-47db-b3f8-20b0bcb8a3f5: receive RaftClientReply:client-7D6108789623->f80c66c4-8a3d-47db-b3f8-20b0bcb8a3f5@group-7D2873B646E2, cid=2875, SUCCESS, logIndex=4270, commits[f80c66c4-8a3d-47db-b3f8-20b0bcb8a3f5:c4272, 6e9bc0f4-a324-4be3-b201-2d39df7dad8a:c4268, cffe1303-2f93-4087-8a62-a40745db49f2:c4268]
2019-07-10 09:51:03,431 INFO  client.GrpcClientProtocolClient (GrpcClientProtocolClient.java:onNext(255)) - client-7D6108789623->f80c66c4-8a3d-47db-b3f8-20b0bcb8a3f5: receive RaftClientReply:client-7D6108789623->f80c66c4-8a3d-47db-b3f8-20b0bcb8a3f5@group-7D2873B646E2, cid=2876, SUCCESS, logIndex=4271, commits[f80c66c4-8a3d-47db-b3f8-20b0bcb8a3f5:c4272, 6e9bc0f4-a324-4be3-b201-2d39df7dad8a:c4268, cffe1303-2f93-4087-8a62-a40745db49f2:c4268]
2019-07-10 09:51:03,431 INFO  client.GrpcClientProtocolClient (GrpcClientProtocolClient.java:onNext(255)) - client-7D6108789623->f80c66c4-8a3d-47db-b3f8-20b0bcb8a3f5: receive RaftClientReply:client-7D6108789623->f80c66c4-8a3d-47db-b3f8-20b0bcb8a3f5@group-7D2873B646E2, cid=2877, SUCCESS, logIndex=4272, commits[f80c66c4-8a3d-47db-b3f8-20b0bcb8a3f5:c4272, 6e9bc0f4-a324-4be3-b201-2d39df7dad8a:c4268, cffe1303-2f93-4087-8a62-a40745db49f2:c4268]
2019-07-10 09:51:03,449 INFO  client.GrpcClientProtocolClient (GrpcClientProtocolClient.java:onNext(255)) - client-7D6108789623->f80c66c4-8a3d-47db-b3f8-20b0bcb8a3f5: receive RaftClientReply:client-7D6108789623->f80c66c4-8a3d-47db-b3f8-20b0bcb8a3f5@group-7D2873B646E2, cid=2878, SUCCESS, logIndex=0, commits[f80c66c4-8a3d-47db-b3f8-20b0bcb8a3f5:c4276, 6e9bc0f4-a324-4be3-b201-2d39df7dad8a:c4272, cffe1303-2f93-4087-8a62-a40745db49f2:c4270]
2019-07-10 09:51:03,468 INFO  client.GrpcClientProtocolClient (GrpcClientProtocolClient.java:onNext(255)) - client-7D6108789623->f80c66c4-8a3d-47db-b3f8-20b0bcb8a3f5: receive RaftClientReply:client-7D6108789623->f80c66c4-8a3d-47db-b3f8-20b0bcb8a3f5@group-7D2873B646E2, cid=2879, SUCCESS, logIndex=4277, commits[f80c66c4-8a3d-47db-b3f8-20b0bcb8a3f5:c4278, 6e9bc0f4-a324-4be3-b201-2d39df7dad8a:c4276, cffe1303-2f93-4087-8a62-a40745db49f2:c4276]
2019-07-10 09:51:03,468 INFO  client.GrpcClientProtocolClient (GrpcClientProtocolClient.java:onNext(255)) - client-7D6108789623->f80c66c4-8a3d-47db-b3f8-20b0bcb8a3f5: receive RaftClientReply:client-7D6108789623->f80c66c4-8a3d-47db-b3f8-20b0bcb8a3f5@group-7D2873B646E2, cid=2880, SUCCESS, logIndex=4278, commits[f80c66c4-8a3d-47db-b3f8-20b0bcb8a3f5:c4278, 6e9bc0f4-a324-4be3-b201-2d39df7dad8a:c4276, cffe1303-2f93-4087-8a62-a40745db49f2:c4276]
2019-07-10 09:51:03,489 INFO  client.GrpcClientProtocolClient (GrpcClientProtocolClient.java:onNext(255)) - client-7D6108789623->f80c66c4-8a3d-47db-b3f8-20b0bcb8a3f5: receive RaftClientReply:client-7D6108789623->f80c66c4-8a3d-47db-b3f8-20b0bcb8a3f5@group-7D2873B646E2, cid=2881, SUCCESS, logIndex=4281, commits[f80c66c4-8a3d-47db-b3f8-20b0bcb8a3f5:c4282, 6e9bc0f4-a324-4be3-b201-2d39df7dad8a:c4277, cffe1303-2f93-4087-8a62-a40745db49f2:c4278]
2019-07-10 09:51:03,489 INFO  client.GrpcClientProtocolClient (GrpcClientProtocolClient.java:onNext(255)) - client-7D6108789623->f80c66c4-8a3d-47db-b3f8-20b0bcb8a3f5: receive RaftClientReply:client-7D6108789623->f80c66c4-8a3d-47db-b3f8-20b0bcb8a3f5@group-7D2873B646E2, cid=2882, SUCCESS, logIndex=4282, commits[f80c66c4-8a3d-47db-b3f8-20b0bcb8a3f5:c4282, 6e9bc0f4-a324-4be3-b201-2d39df7dad8a:c4278, cffe1303-2f93-4087-8a62-a40745db49f2:c4278]
2019-07-10 09:51:03,501 INFO  client.GrpcClientProtocolClient (GrpcClientProtocolClient.java:onNext(255)) - client-7D6108789623->f80c66c4-8a3d-47db-b3f8-20b0bcb8a3f5: receive RaftClientReply:client-7D6108789623->f80c66c4-8a3d-47db-b3f8-20b0bcb8a3f5@group-7D2873B646E2, cid=2883, SUCCESS, logIndex=0, commits[f80c66c4-8a3d-47db-b3f8-20b0bcb8a3f5:c4284, 6e9bc0f4-a324-4be3-b201-2d39df7dad8a:c4282, cffe1303-2f93-4087-8a62-a40745db49f2:c4282]
2019-07-10 09:51:03,531 INFO  client.GrpcClientProtocolClient (GrpcClientProtocolClient.java:onNext(255)) - client-7D6108789623->f80c66c4-8a3d-47db-b3f8-20b0bcb8a3f5: receive RaftClientReply:client-7D6108789623->f80c66c4-8a3d-47db-b3f8-20b0bcb8a3f5@group-7D2873B646E2, cid=2884, SUCCESS, logIndex=4285, commits[f80c66c4-8a3d-47db-b3f8-20b0bcb8a3f5:c4288, 6e9bc0f4-a324-4be3-b201-2d39df7dad8a:c4284, cffe1303-2f93-4087-8a62-a40745db49f2:c4284]
2019-07-10 09:51:03,532 INFO  client.GrpcClientProtocolClient (GrpcClientProtocolClient.java:onNext(255)) - client-7D6108789623->f80c66c4-8a3d-47db-b3f8-20b0bcb8a3f5: receive RaftClientReply:client-7D6108789623->f80c66c4-8a3d-47db-b3f8-20b0bcb8a3f5@group-7D2873B646E2, cid=2885, SUCCESS, logIndex=4286, commits[f80c66c4-8a3d-47db-b3f8-20b0bcb8a3f5:c4288, 6e9bc0f4-a324-4be3-b201-2d39df7dad8a:c4284, cffe1303-2f93-4087-8a62-a40745db49f2:c4284]
2019-07-10 09:51:03,532 INFO  client.GrpcClientProtocolClient (GrpcClientProtocolClient.java:onNext(255)) - client-7D6108789623->f80c66c4-8a3d-47db-b3f8-20b0bcb8a3f5: receive RaftClientReply:client-7D6108789623->f80c66c4-8a3d-47db-b3f8-20b0bcb8a3f5@group-7D2873B646E2, cid=2886, SUCCESS, logIndex=4287, commits[f80c66c4-8a3d-47db-b3f8-20b0bcb8a3f5:c4288, 6e9bc0f4-a324-4be3-b201-2d39df7dad8a:c4284, cffe1303-2f93-4087-8a62-a40745db49f2:c4284]
2019-07-10 09:51:03,532 INFO  client.GrpcClientProtocolClient (GrpcClientProtocolClient.java:onNext(255)) - client-7D6108789623->f80c66c4-8a3d-47db-b3f8-20b0bcb8a3f5: receive RaftClientReply:client-7D6108789623->f80c66c4-8a3d-47db-b3f8-20b0bcb8a3f5@group-7D2873B646E2, cid=2887, SUCCESS, logIndex=4288, commits[f80c66c4-8a3d-47db-b3f8-20b0bcb8a3f5:c4289, 6e9bc0f4-a324-4be3-b201-2d39df7dad8a:c4284, cffe1303-2f93-4087-8a62-a40745db49f2:c4285]
2019-07-10 09:51:03,543 INFO  client.GrpcClientProtocolClient (GrpcClientProtocolClient.java:onNext(255)) - client-7D6108789623->f80c66c4-8a3d-47db-b3f8-20b0bcb8a3f5: receive RaftClientReply:client-7D6108789623->f80c66c4-8a3d-47db-b3f8-20b0bcb8a3f5@group-7D2873B646E2, cid=2888, SUCCESS, logIndex=0, commits[f80c66c4-8a3d-47db-b3f8-20b0bcb8a3f5:c4290, 6e9bc0f4-a324-4be3-b201-2d39df7dad8a:c4286, cffe1303-2f93-4087-8a62-a40745db49f2:c4286]
2019-07-10 09:51:03,561 INFO  client.GrpcClientProtocolClient (GrpcClientProtocolClient.java:onNext(255)) - client-7D6108789623->f80c66c4-8a3d-47db-b3f8-20b0bcb8a3f5: receive RaftClientReply:client-7D6108789623->f80c66c4-8a3d-47db-b3f8-20b0bcb8a3f5@group-7D2873B646E2, cid=2889, SUCCESS, logIndex=4293, commits[f80c66c4-8a3d-47db-b3f8-20b0bcb8a3f5:c4294, 6e9bc0f4-a324-4be3-b201-2d39df7dad8a:c4292, cffe1303-2f93-4087-8a62-a40745db49f2:c4292]
2019-07-10 09:51:03,562 INFO  client.GrpcClientProtocolClient (GrpcClientProtocolClient.java:onNext(255)) - client-7D6108789623->f80c66c4-8a3d-47db-b3f8-20b0bcb8a3f5: receive RaftClientReply:client-7D6108789623->f80c66c4-8a3d-47db-b3f8-20b0bcb8a3f5@group-7D2873B646E2, cid=2890, SUCCESS, logIndex=4294, commits[f80c66c4-8a3d-47db-b3f8-20b0bcb8a3f5:c4294, 6e9bc0f4-a324-4be3-b201-2d39df7dad8a:c4292, cffe1303-2f93-4087-8a62-a40745db49f2:c4292]
2019-07-10 09:51:03,573 INFO  client.GrpcClientProtocolClient (GrpcClientProtocolClient.java:onNext(255)) - client-7D6108789623->f80c66c4-8a3d-47db-b3f8-20b0bcb8a3f5: receive RaftClientReply:client-7D6108789623->f80c66c4-8a3d-47db-b3f8-20b0bcb8a3f5@group-7D2873B646E2, cid=2891, SUCCESS, logIndex=4297, commits[f80c66c4-8a3d-47db-b3f8-20b0bcb8a3f5:c4298, 6e9bc0f4-a324-4be3-b201-2d39df7dad8a:c4294, cffe1303-2f93-4087-8a62-a40745db49f2:c4293]
2019-07-10 09:51:03,574 INFO  client.GrpcClientProtocolClient (GrpcClientProtocolClient.java:onNext(255)) - client-7D6108789623->f80c66c4-8a3d-47db-b3f8-20b0bcb8a3f5: receive RaftClientReply:client-7D6108789623->f80c66c4-8a3d-47db-b3f8-20b0bcb8a3f5@group-7D2873B646E2, cid=2892, SUCCESS, logIndex=4298, commits[f80c66c4-8a3d-47db-b3f8-20b0bcb8a3f5:c4298, 6e9bc0f4-a324-4be3-b201-2d39df7dad8a:c4294, cffe1303-2f93-4087-8a62-a40745db49f2:c4294]
2019-07-10 09:51:03,577 INFO  client.GrpcClientProtocolClient (GrpcClientProtocolClient.java:onNext(255)) - client-7D6108789623->f80c66c4-8a3d-47db-b3f8-20b0bcb8a3f5: receive RaftClientReply:client-7D6108789623->f80c66c4-8a3d-47db-b3f8-20b0bcb8a3f5@group-7D2873B646E2, cid=2893, SUCCESS, logIndex=0, commits[f80c66c4-8a3d-47db-b3f8-20b0bcb8a3f5:c4300, 6e9bc0f4-a324-4be3-b201-2d39df7dad8a:c4298, cffe1303-2f93-4087-8a62-a40745db49f2:c4298]
2019-07-10 09:51:03,602 INFO  client.GrpcClientProtocolClient (GrpcClientProtocolClient.java:onNext(255)) - client-7D6108789623->f80c66c4-8a3d-47db-b3f8-20b0bcb8a3f5: receive RaftClientReply:client-7D6108789623->f80c66c4-8a3d-47db-b3f8-20b0bcb8a3f5@group-7D2873B646E2, cid=2894, SUCCESS, logIndex=4301, commits[f80c66c4-8a3d-47db-b3f8-20b0bcb8a3f5:c4302, 6e9bc0f4-a324-4be3-b201-2d39df7dad8a:c4298, cffe1303-2f93-4087-8a62-a40745db49f2:c4300]
2019-07-10 09:51:03,603 INFO  client.GrpcClientProtocolClient (GrpcClientProtocolClient.java:onNext(255)) - client-7D6108789623->f80c66c4-8a3d-47db-b3f8-20b0bcb8a3f5: receive RaftClientReply:client-7D6108789623->f80c66c4-8a3d-47db-b3f8-20b0bcb8a3f5@group-7D2873B646E2, cid=2895, SUCCESS, logIndex=4302, commits[f80c66c4-8a3d-47db-b3f8-20b0bcb8a3f5:c4302, 6e9bc0f4-a324-4be3-b201-2d39df7dad8a:c4300, cffe1303-2f93-4087-8a62-a40745db49f2:c4300]
2019-07-10 09:51:03,606 INFO  client.GrpcClientProtocolClient (GrpcClientProtocolClient.java:onNext(255)) - client-7D6108789623->f80c66c4-8a3d-47db-b3f8-20b0bcb8a3f5: receive RaftClientReply:client-7D6108789623->f80c66c4-8a3d-47db-b3f8-20b0bcb8a3f5@group-7D2873B646E2, cid=2896, SUCCESS, logIndex=4303, commits[f80c66c4-8a3d-47db-b3f8-20b0bcb8a3f5:c4304, 6e9bc0f4-a324-4be3-b201-2d39df7dad8a:c4300, cffe1303-2f93-4087-8a62-a40745db49f2:c4300]
2019-07-10 09:51:03,606 INFO  client.GrpcClientProtocolClient (GrpcClientProtocolClient.java:onNext(255)) - client-7D6108789623->f80c66c4-8a3d-47db-b3f8-20b0bcb8a3f5: receive RaftClientReply:client-7D6108789623->f80c66c4-8a3d-47db-b3f8-20b0bcb8a3f5@group-7D2873B646E2, cid=2897, SUCCESS, logIndex=4304, commits[f80c66c4-8a3d-47db-b3f8-20b0bcb8a3f5:c4306, 6e9bc0f4-a324-4be3-b201-2d39df7dad8a:c4302, cffe1303-2f93-4087-8a62-a40745db49f2:c4300]
2019-07-10 09:51:03,607 INFO  client.GrpcClientProtocolClient (GrpcClientProtocolClient.java:onNext(255)) - client-7D6108789623->f80c66c4-8a3d-47db-b3f8-20b0bcb8a3f5: receive RaftClientReply:client-7D6108789623->f80c66c4-8a3d-47db-b3f8-20b0bcb8a3f5@group-7D2873B646E2, cid=2898, SUCCESS, logIndex=0, commits[f80c66c4-8a3d-47db-b3f8-20b0bcb8a3f5:c4306, 6e9bc0f4-a324-4be3-b201-2d39df7dad8a:c4302, cffe1303-2f93-4087-8a62-a40745db49f2:c4302]
2019-07-10 09:51:03,628 INFO  client.GrpcClientProtocolClient (GrpcClientProtocolClient.java:onNext(255)) - client-7D6108789623->f80c66c4-8a3d-47db-b3f8-20b0bcb8a3f5: receive RaftClientReply:client-7D6108789623->f80c66c4-8a3d-47db-b3f8-20b0bcb8a3f5@group-7D2873B646E2, cid=2899, SUCCESS, logIndex=4309, commits[f80c66c4-8a3d-47db-b3f8-20b0bcb8a3f5:c4310, 6e9bc0f4-a324-4be3-b201-2d39df7dad8a:c4306, cffe1303-2f93-4087-8a62-a40745db49f2:c4306]
2019-07-10 09:51:03,628 INFO  client.GrpcClientProtocolClient (GrpcClientProtocolClient.java:onNext(255)) - client-7D6108789623->f80c66c4-8a3d-47db-b3f8-20b0bcb8a3f5: receive RaftClientReply:client-7D6108789623->f80c66c4-8a3d-47db-b3f8-20b0bcb8a3f5@group-7D2873B646E2, cid=2900, SUCCESS, logIndex=4310, commits[f80c66c4-8a3d-47db-b3f8-20b0bcb8a3f5:c4310, 6e9bc0f4-a324-4be3-b201-2d39df7dad8a:c4306, cffe1303-2f93-4087-8a62-a40745db49f2:c4306]
2019-07-10 09:51:03,646 INFO  client.GrpcClientProtocolClient (GrpcClientProtocolClient.java:onNext(255)) - client-7D6108789623->f80c66c4-8a3d-47db-b3f8-20b0bcb8a3f5: receive RaftClientReply:client-7D6108789623->f80c66c4-8a3d-47db-b3f8-20b0bcb8a3f5@group-7D2873B646E2, cid=2901, SUCCESS, logIndex=4313, commits[f80c66c4-8a3d-47db-b3f8-20b0bcb8a3f5:c4314, 6e9bc0f4-a324-4be3-b201-2d39df7dad8a:c4312, cffe1303-2f93-4087-8a62-a40745db49f2:c4312]
2019-07-10 09:51:03,646 INFO  client.GrpcClientProtocolClient (GrpcClientProtocolClient.java:onNext(255)) - client-7D6108789623->f80c66c4-8a3d-47db-b3f8-20b0bcb8a3f5: receive RaftClientReply:client-7D6108789623->f80c66c4-8a3d-47db-b3f8-20b0bcb8a3f5@group-7D2873B646E2, cid=2902, SUCCESS, logIndex=4314, commits[f80c66c4-8a3d-47db-b3f8-20b0bcb8a3f5:c4314, 6e9bc0f4-a324-4be3-b201-2d39df7dad8a:c4312, cffe1303-2f93-4087-8a62-a40745db49f2:c4312]
2019-07-10 09:51:03,656 INFO  client.GrpcClientProtocolClient (GrpcClientProtocolClient.java:onNext(255)) - client-7D6108789623->f80c66c4-8a3d-47db-b3f8-20b0bcb8a3f5: receive RaftClientReply:client-7D6108789623->f80c66c4-8a3d-47db-b3f8-20b0bcb8a3f5@group-7D2873B646E2, cid=2903, SUCCESS, logIndex=0, commits[f80c66c4-8a3d-47db-b3f8-20b0bcb8a3f5:c4315, 6e9bc0f4-a324-4be3-b201-2d39df7dad8a:c4314, cffe1303-2f93-4087-8a62-a40745db49f2:c4314]
2019-07-10 09:51:03,690 INFO  client.GrpcClientProtocolClient (GrpcClientProtocolClient.java:onNext(255)) - client-7D6108789623->f80c66c4-8a3d-47db-b3f8-20b0bcb8a3f5: receive RaftClientReply:client-7D6108789623->f80c66c4-8a3d-47db-b3f8-20b0bcb8a3f5@group-7D2873B646E2, cid=2904, SUCCESS, logIndex=4317, commits[f80c66c4-8a3d-47db-b3f8-20b0bcb8a3f5:c4318, 6e9bc0f4-a324-4be3-b201-2d39df7dad8a:c4316, cffe1303-2f93-4087-8a62-a40745db49f2:c4316]
2019-07-10 09:51:03,690 INFO  client.GrpcClientProtocolClient (GrpcClientProtocolClient.java:onNext(255)) - client-7D6108789623->f80c66c4-8a3d-47db-b3f8-20b0bcb8a3f5: receive RaftClientReply:client-7D6108789623->f80c66c4-8a3d-47db-b3f8-20b0bcb8a3f5@group-7D2873B646E2, cid=2905, SUCCESS, logIndex=4318, commits[f80c66c4-8a3d-47db-b3f8-20b0bcb8a3f5:c4318, 6e9bc0f4-a324-4be3-b201-2d39df7dad8a:c4316, cffe1303-2f93-4087-8a62-a40745db49f2:c4316]
2019-07-10 09:51:03,691 INFO  client.GrpcClientProtocolClient (GrpcClientProtocolClient.java:onNext(255)) - client-7D6108789623->f80c66c4-8a3d-47db-b3f8-20b0bcb8a3f5: receive RaftClientReply:client-7D6108789623->f80c66c4-8a3d-47db-b3f8-20b0bcb8a3f5@group-7D2873B646E2, cid=2906, SUCCESS, logIndex=4319, commits[f80c66c4-8a3d-47db-b3f8-20b0bcb8a3f5:c4319, 6e9bc0f4-a324-4be3-b201-2d39df7dad8a:c4316, cffe1303-2f93-4087-8a62-a40745db49f2:c4316]
2019-07-10 09:51:03,691 INFO  client.GrpcClientProtocolClient (GrpcClientProtocolClient.java:onNext(255)) - client-7D6108789623->f80c66c4-8a3d-47db-b3f8-20b0bcb8a3f5: receive RaftClientReply:client-7D6108789623->f80c66c4-8a3d-47db-b3f8-20b0bcb8a3f5@group-7D2873B646E2, cid=2907, SUCCESS, logIndex=4320, commits[f80c66c4-8a3d-47db-b3f8-20b0bcb8a3f5:c4320, 6e9bc0f4-a324-4be3-b201-2d39df7dad8a:c4316, cffe1303-2f93-4087-8a62-a40745db49f2:c4316]
2019-07-10 09:51:03,702 INFO  client.GrpcClientProtocolClient (GrpcClientProtocolClient.java:onNext(255)) - client-7D6108789623->f80c66c4-8a3d-47db-b3f8-20b0bcb8a3f5: receive RaftClientReply:client-7D6108789623->f80c66c4-8a3d-47db-b3f8-20b0bcb8a3f5@group-7D2873B646E2, cid=2908, SUCCESS, logIndex=0, commits[f80c66c4-8a3d-47db-b3f8-20b0bcb8a3f5:c4322, 6e9bc0f4-a324-4be3-b201-2d39df7dad8a:c4318, cffe1303-2f93-4087-8a62-a40745db49f2:c4318]
2019-07-10 09:51:03,721 INFO  client.GrpcClientProtocolClient (GrpcClientProtocolClient.java:onNext(255)) - client-7D6108789623->f80c66c4-8a3d-47db-b3f8-20b0bcb8a3f5: receive RaftClientReply:client-7D6108789623->f80c66c4-8a3d-47db-b3f8-20b0bcb8a3f5@group-7D2873B646E2, cid=2909, SUCCESS, logIndex=4325, commits[f80c66c4-8a3d-47db-b3f8-20b0bcb8a3f5:c4326, 6e9bc0f4-a324-4be3-b201-2d39df7dad8a:c4324, cffe1303-2f93-4087-8a62-a40745db49f2:c4324]
2019-07-10 09:51:03,721 INFO  client.GrpcClientProtocolClient (GrpcClientProtocolClient.java:onNext(255)) - client-7D6108789623->f80c66c4-8a3d-47db-b3f8-20b0bcb8a3f5: receive RaftClientReply:client-7D6108789623->f80c66c4-8a3d-47db-b3f8-20b0bcb8a3f5@group-7D2873B646E2, cid=2910, SUCCESS, logIndex=4326, commits[f80c66c4-8a3d-47db-b3f8-20b0bcb8a3f5:c4326, 6e9bc0f4-a324-4be3-b201-2d39df7dad8a:c4324, cffe1303-2f93-4087-8a62-a40745db49f2:c4324]
2019-07-10 09:51:03,742 INFO  client.GrpcClientProtocolClient (GrpcClientProtocolClient.java:onNext(255)) - client-7D6108789623->f80c66c4-8a3d-47db-b3f8-20b0bcb8a3f5: receive RaftClientReply:client-7D6108789623->f80c66c4-8a3d-47db-b3f8-20b0bcb8a3f5@group-7D2873B646E2, cid=2911, SUCCESS, logIndex=4329, commits[f80c66c4-8a3d-47db-b3f8-20b0bcb8a3f5:c4330, 6e9bc0f4-a324-4be3-b201-2d39df7dad8a:c4326, cffe1303-2f93-4087-8a62-a40745db49f2:c4326]
2019-07-10 09:51:03,743 INFO  client.GrpcClientProtocolClient (GrpcClientProtocolClient.java:onNext(255)) - client-7D6108789623->f80c66c4-8a3d-47db-b3f8-20b0bcb8a3f5: receive RaftClientReply:client-7D6108789623->f80c66c4-8a3d-47db-b3f8-20b0bcb8a3f5@group-7D2873B646E2, cid=2912, SUCCESS, logIndex=4330, commits[f80c66c4-8a3d-47db-b3f8-20b0bcb8a3f5:c4330, 6e9bc0f4-a324-4be3-b201-2d39df7dad8a:c4326, cffe1303-2f93-4087-8a62-a40745db49f2:c4326]
2019-07-10 09:51:03,744 INFO  client.GrpcClientProtocolClient (GrpcClientProtocolClient.java:onNext(255)) - client-7D6108789623->f80c66c4-8a3d-47db-b3f8-20b0bcb8a3f5: receive RaftClientReply:client-7D6108789623->f80c66c4-8a3d-47db-b3f8-20b0bcb8a3f5@group-7D2873B646E2, cid=2913, SUCCESS, logIndex=0, commits[f80c66c4-8a3d-47db-b3f8-20b0bcb8a3f5:c4331, 6e9bc0f4-a324-4be3-b201-2d39df7dad8a:c4330, cffe1303-2f93-4087-8a62-a40745db49f2:c4330]
2019-07-10 09:51:03,774 INFO  client.GrpcClientProtocolClient (GrpcClientProtocolClient.java:onNext(255)) - client-7D6108789623->f80c66c4-8a3d-47db-b3f8-20b0bcb8a3f5: receive RaftClientReply:client-7D6108789623->f80c66c4-8a3d-47db-b3f8-20b0bcb8a3f5@group-7D2873B646E2, cid=2914, SUCCESS, logIndex=4333, commits[f80c66c4-8a3d-47db-b3f8-20b0bcb8a3f5:c4334, 6e9bc0f4-a324-4be3-b201-2d39df7dad8a:c4332, cffe1303-2f93-4087-8a62-a40745db49f2:c4332]
2019-07-10 09:51:03,775 INFO  client.GrpcClientProtocolClient (GrpcClientProtocolClient.java:onNext(255)) - client-7D6108789623->f80c66c4-8a3d-47db-b3f8-20b0bcb8a3f5: receive RaftClientReply:client-7D6108789623->f80c66c4-8a3d-47db-b3f8-20b0bcb8a3f5@group-7D2873B646E2, cid=2915, SUCCESS, logIndex=4334, commits[f80c66c4-8a3d-47db-b3f8-20b0bcb8a3f5:c4334, 6e9bc0f4-a324-4be3-b201-2d39df7dad8a:c4332, cffe1303-2f93-4087-8a62-a40745db49f2:c4332]
2019-07-10 09:51:03,784 INFO  client.GrpcClientProtocolClient (GrpcClientProtocolClient.java:onNext(255)) - client-7D6108789623->f80c66c4-8a3d-47db-b3f8-20b0bcb8a3f5: receive RaftClientReply:client-7D6108789623->f80c66c4-8a3d-47db-b3f8-20b0bcb8a3f5@group-7D2873B646E2, cid=2916, SUCCESS, logIndex=4335, commits[f80c66c4-8a3d-47db-b3f8-20b0bcb8a3f5:c4336, 6e9bc0f4-a324-4be3-b201-2d39df7dad8a:c4332, cffe1303-2f93-4087-8a62-a40745db49f2:c4332]
2019-07-10 09:51:03,785 INFO  client.GrpcClientProtocolClient (GrpcClientProtocolClient.java:onNext(255)) - client-7D6108789623->f80c66c4-8a3d-47db-b3f8-20b0bcb8a3f5: receive RaftClientReply:client-7D6108789623->f80c66c4-8a3d-47db-b3f8-20b0bcb8a3f5@group-7D2873B646E2, cid=2917, SUCCESS, logIndex=4336, commits[f80c66c4-8a3d-47db-b3f8-20b0bcb8a3f5:c4336, 6e9bc0f4-a324-4be3-b201-2d39df7dad8a:c4332, cffe1303-2f93-4087-8a62-a40745db49f2:c4332]
2019-07-10 09:51:03,788 INFO  client.GrpcClientProtocolClient (GrpcClientProtocolClient.java:onNext(255)) - client-7D6108789623->f80c66c4-8a3d-47db-b3f8-20b0bcb8a3f5: receive RaftClientReply:client-7D6108789623->f80c66c4-8a3d-47db-b3f8-20b0bcb8a3f5@group-7D2873B646E2, cid=2918, SUCCESS, logIndex=0, commits[f80c66c4-8a3d-47db-b3f8-20b0bcb8a3f5:c4338, 6e9bc0f4-a324-4be3-b201-2d39df7dad8a:c4334, cffe1303-2f93-4087-8a62-a40745db49f2:c4334]
2019-07-10 09:51:03,799 INFO  client.GrpcClientProtocolClient (GrpcClientProtocolClient.java:onNext(255)) - client-7D6108789623->f80c66c4-8a3d-47db-b3f8-20b0bcb8a3f5: receive RaftClientReply:client-7D6108789623->f80c66c4-8a3d-47db-b3f8-20b0bcb8a3f5@group-7D2873B646E2, cid=2919, SUCCESS, logIndex=4341, commits[f80c66c4-8a3d-47db-b3f8-20b0bcb8a3f5:c4342, 6e9bc0f4-a324-4be3-b201-2d39df7dad8a:c4336, cffe1303-2f93-4087-8a62-a40745db49f2:c4338]
2019-07-10 09:51:03,800 INFO  client.GrpcClientProtocolClient (GrpcClientProtocolClient.java:onNext(255)) - client-7D6108789623->f80c66c4-8a3d-47db-b3f8-20b0bcb8a3f5: receive RaftClientReply:client-7D6108789623->f80c66c4-8a3d-47db-b3f8-20b0bcb8a3f5@group-7D2873B646E2, cid=2920, SUCCESS, logIndex=4342, commits[f80c66c4-8a3d-47db-b3f8-20b0bcb8a3f5:c4342, 6e9bc0f4-a324-4be3-b201-2d39df7dad8a:c4338, cffe1303-2f93-4087-8a62-a40745db49f2:c4338]
2019-07-10 09:51:03,817 INFO  client.GrpcClientProtocolClient (GrpcClientProtocolClient.java:onNext(255)) - client-7D6108789623->f80c66c4-8a3d-47db-b3f8-20b0bcb8a3f5: receive RaftClientReply:client-7D6108789623->f80c66c4-8a3d-47db-b3f8-20b0bcb8a3f5@group-7D2873B646E2, cid=2921, SUCCESS, logIndex=4345, commits[f80c66c4-8a3d-47db-b3f8-20b0bcb8a3f5:c4346, 6e9bc0f4-a324-4be3-b201-2d39df7dad8a:c4344, cffe1303-2f93-4087-8a62-a40745db49f2:c4344]
2019-07-10 09:51:03,818 INFO  client.GrpcClientProtocolClient (GrpcClientProtocolClient.java:onNext(255)) - client-7D6108789623->f80c66c4-8a3d-47db-b3f8-20b0bcb8a3f5: receive RaftClientReply:client-7D6108789623->f80c66c4-8a3d-47db-b3f8-20b0bcb8a3f5@group-7D2873B646E2, cid=2922, SUCCESS, logIndex=4346, commits[f80c66c4-8a3d-47db-b3f8-20b0bcb8a3f5:c4346, 6e9bc0f4-a324-4be3-b201-2d39df7dad8a:c4344, cffe1303-2f93-4087-8a62-a40745db49f2:c4344]
2019-07-10 09:51:03,830 INFO  client.GrpcClientProtocolClient (GrpcClientProtocolClient.java:onNext(255)) - client-7D6108789623->f80c66c4-8a3d-47db-b3f8-20b0bcb8a3f5: receive RaftClientReply:client-7D6108789623->f80c66c4-8a3d-47db-b3f8-20b0bcb8a3f5@group-7D2873B646E2, cid=2923, SUCCESS, logIndex=0, commits[f80c66c4-8a3d-47db-b3f8-20b0bcb8a3f5:c4348, 6e9bc0f4-a324-4be3-b201-2d39df7dad8a:c4346, cffe1303-2f93-4087-8a62-a40745db49f2:c4346]
2019-07-10 09:51:03,968 INFO  client.GrpcClientProtocolClient (GrpcClientProtocolClient.java:onNext(255)) - client-7D6108789623->f80c66c4-8a3d-47db-b3f8-20b0bcb8a3f5: receive RaftClientReply:client-7D6108789623->f80c66c4-8a3d-47db-b3f8-20b0bcb8a3f5@group-7D2873B646E2, cid=2924, SUCCESS, logIndex=4349, commits[f80c66c4-8a3d-47db-b3f8-20b0bcb8a3f5:c4350, 6e9bc0f4-a324-4be3-b201-2d39df7dad8a:c4348, cffe1303-2f93-4087-8a62-a40745db49f2:c4348]
2019-07-10 09:51:03,969 INFO  client.GrpcClientProtocolClient (GrpcClientProtocolClient.java:onNext(255)) - client-7D6108789623->f80c66c4-8a3d-47db-b3f8-20b0bcb8a3f5: receive RaftClientReply:client-7D6108789623->f80c66c4-8a3d-47db-b3f8-20b0bcb8a3f5@group-7D2873B646E2, cid=2925, SUCCESS, logIndex=4350, commits[f80c66c4-8a3d-47db-b3f8-20b0bcb8a3f5:c4350, 6e9bc0f4-a324-4be3-b201-2d39df7dad8a:c4348, cffe1303-2f93-4087-8a62-a40745db49f2:c4348]
2019-07-10 09:51:03,971 INFO  client.GrpcClientProtocolClient (GrpcClientProtocolClient.java:onNext(255)) - client-7D6108789623->f80c66c4-8a3d-47db-b3f8-20b0bcb8a3f5: receive RaftClientReply:client-7D6108789623->f80c66c4-8a3d-47db-b3f8-20b0bcb8a3f5@group-7D2873B646E2, cid=2926, SUCCESS, logIndex=4351, commits[f80c66c4-8a3d-47db-b3f8-20b0bcb8a3f5:c4352, 6e9bc0f4-a324-4be3-b201-2d39df7dad8a:c4348, cffe1303-2f93-4087-8a62-a40745db49f2:c4348]
2019-07-10 09:51:03,971 INFO  client.GrpcClientProtocolClient (GrpcClientProtocolClient.java:onNext(255)) - client-7D6108789623->f80c66c4-8a3d-47db-b3f8-20b0bcb8a3f5: receive RaftClientReply:client-7D6108789623->f80c66c4-8a3d-47db-b3f8-20b0bcb8a3f5@group-7D2873B646E2, cid=2927, SUCCESS, logIndex=4352, commits[f80c66c4-8a3d-47db-b3f8-20b0bcb8a3f5:c4352, 6e9bc0f4-a324-4be3-b201-2d39df7dad8a:c4348, cffe1303-2f93-4087-8a62-a40745db49f2:c4348]
2019-07-10 09:51:03,984 INFO  client.GrpcClientProtocolClient (GrpcClientProtocolClient.java:onNext(255)) - client-7D6108789623->f80c66c4-8a3d-47db-b3f8-20b0bcb8a3f5: receive RaftClientReply:client-7D6108789623->f80c66c4-8a3d-47db-b3f8-20b0bcb8a3f5@group-7D2873B646E2, cid=2928, SUCCESS, logIndex=0, commits[f80c66c4-8a3d-47db-b3f8-20b0bcb8a3f5:c4354, 6e9bc0f4-a324-4be3-b201-2d39df7dad8a:c4351, cffe1303-2f93-4087-8a62-a40745db49f2:c4350]
2019-07-10 09:51:04,004 INFO  client.GrpcClientProtocolClient (GrpcClientProtocolClient.java:onNext(255)) - client-7D6108789623->f80c66c4-8a3d-47db-b3f8-20b0bcb8a3f5: receive RaftClientReply:client-7D6108789623->f80c66c4-8a3d-47db-b3f8-20b0bcb8a3f5@group-7D2873B646E2, cid=2929, SUCCESS, logIndex=4357, commits[f80c66c4-8a3d-47db-b3f8-20b0bcb8a3f5:c4358, 6e9bc0f4-a324-4be3-b201-2d39df7dad8a:c4356, cffe1303-2f93-4087-8a62-a40745db49f2:c4356]
2019-07-10 09:51:04,005 INFO  client.GrpcClientProtocolClient (GrpcClientProtocolClient.java:onNext(255)) - client-7D6108789623->f80c66c4-8a3d-47db-b3f8-20b0bcb8a3f5: receive RaftClientReply:client-7D6108789623->f80c66c4-8a3d-47db-b3f8-20b0bcb8a3f5@group-7D2873B646E2, cid=2930, SUCCESS, logIndex=4358, commits[f80c66c4-8a3d-47db-b3f8-20b0bcb8a3f5:c4358, 6e9bc0f4-a324-4be3-b201-2d39df7dad8a:c4356, cffe1303-2f93-4087-8a62-a40745db49f2:c4356]
2019-07-10 09:51:04,023 INFO  client.GrpcClientProtocolClient (GrpcClientProtocolClient.java:onNext(255)) - client-7D6108789623->f80c66c4-8a3d-47db-b3f8-20b0bcb8a3f5: receive RaftClientReply:client-7D6108789623->f80c66c4-8a3d-47db-b3f8-20b0bcb8a3f5@group-7D2873B646E2, cid=2931, SUCCESS, logIndex=4361, commits[f80c66c4-8a3d-47db-b3f8-20b0bcb8a3f5:c4362, 6e9bc0f4-a324-4be3-b201-2d39df7dad8a:c4360, cffe1303-2f93-4087-8a62-a40745db49f2:c4360]
2019-07-10 09:51:04,024 INFO  client.GrpcClientProtocolClient (GrpcClientProtocolClient.java:onNext(255)) - client-7D6108789623->f80c66c4-8a3d-47db-b3f8-20b0bcb8a3f5: receive RaftClientReply:client-7D6108789623->f80c66c4-8a3d-47db-b3f8-20b0bcb8a3f5@group-7D2873B646E2, cid=2932, SUCCESS, logIndex=4362, commits[f80c66c4-8a3d-47db-b3f8-20b0bcb8a3f5:c4362, 6e9bc0f4-a324-4be3-b201-2d39df7dad8a:c4360, cffe1303-2f93-4087-8a62-a40745db49f2:c4360]
2019-07-10 09:51:04,034 INFO  client.GrpcClientProtocolClient (GrpcClientProtocolClient.java:onNext(255)) - client-7D6108789623->f80c66c4-8a3d-47db-b3f8-20b0bcb8a3f5: receive RaftClientReply:client-7D6108789623->f80c66c4-8a3d-47db-b3f8-20b0bcb8a3f5@group-7D2873B646E2, cid=2933, SUCCESS, logIndex=0, commits[f80c66c4-8a3d-47db-b3f8-20b0bcb8a3f5:c4364, 6e9bc0f4-a324-4be3-b201-2d39df7dad8a:c4362, cffe1303-2f93-4087-8a62-a40745db49f2:c4362]
2019-07-10 09:51:04,065 INFO  client.GrpcClientProtocolClient (GrpcClientProtocolClient.java:onNext(255)) - client-7D6108789623->f80c66c4-8a3d-47db-b3f8-20b0bcb8a3f5: receive RaftClientReply:client-7D6108789623->f80c66c4-8a3d-47db-b3f8-20b0bcb8a3f5@group-7D2873B646E2, cid=2934, SUCCESS, logIndex=4365, commits[f80c66c4-8a3d-47db-b3f8-20b0bcb8a3f5:c4365, 6e9bc0f4-a324-4be3-b201-2d39df7dad8a:c4364, cffe1303-2f93-4087-8a62-a40745db49f2:c4362]
2019-07-10 09:51:04,066 INFO  client.GrpcClientProtocolClient (GrpcClientProtocolClient.java:onNext(255)) - client-7D6108789623->f80c66c4-8a3d-47db-b3f8-20b0bcb8a3f5: receive RaftClientReply:client-7D6108789623->f80c66c4-8a3d-47db-b3f8-20b0bcb8a3f5@group-7D2873B646E2, cid=2935, SUCCESS, logIndex=4366, commits[f80c66c4-8a3d-47db-b3f8-20b0bcb8a3f5:c4366, 6e9bc0f4-a324-4be3-b201-2d39df7dad8a:c4364, cffe1303-2f93-4087-8a62-a40745db49f2:c4364]
2019-07-10 09:51:04,066 INFO  client.GrpcClientProtocolClient (GrpcClientProtocolClient.java:onNext(255)) - client-7D6108789623->f80c66c4-8a3d-47db-b3f8-20b0bcb8a3f5: receive RaftClientReply:client-7D6108789623->f80c66c4-8a3d-47db-b3f8-20b0bcb8a3f5@group-7D2873B646E2, cid=2936, SUCCESS, logIndex=4367, commits[f80c66c4-8a3d-47db-b3f8-20b0bcb8a3f5:c4368, 6e9bc0f4-a324-4be3-b201-2d39df7dad8a:c4364, cffe1303-2f93-4087-8a62-a40745db49f2:c4364]
2019-07-10 09:51:04,066 INFO  client.GrpcClientProtocolClient (GrpcClientProtocolClient.java:onNext(255)) - client-7D6108789623->f80c66c4-8a3d-47db-b3f8-20b0bcb8a3f5: receive RaftClientReply:client-7D6108789623->f80c66c4-8a3d-47db-b3f8-20b0bcb8a3f5@group-7D2873B646E2, cid=2937, SUCCESS, logIndex=4368, commits[f80c66c4-8a3d-47db-b3f8-20b0bcb8a3f5:c4368, 6e9bc0f4-a324-4be3-b201-2d39df7dad8a:c4364, cffe1303-2f93-4087-8a62-a40745db49f2:c4364]
2019-07-10 09:51:04,074 INFO  client.GrpcClientProtocolClient (GrpcClientProtocolClient.java:onNext(255)) - client-7D6108789623->f80c66c4-8a3d-47db-b3f8-20b0bcb8a3f5: receive RaftClientReply:client-7D6108789623->f80c66c4-8a3d-47db-b3f8-20b0bcb8a3f5@group-7D2873B646E2, cid=2938, SUCCESS, logIndex=0, commits[f80c66c4-8a3d-47db-b3f8-20b0bcb8a3f5:c4370, 6e9bc0f4-a324-4be3-b201-2d39df7dad8a:c4366, cffe1303-2f93-4087-8a62-a40745db49f2:c4366]
2019-07-10 09:51:04,092 INFO  client.GrpcClientProtocolClient (GrpcClientProtocolClient.java:onNext(255)) - client-7D6108789623->f80c66c4-8a3d-47db-b3f8-20b0bcb8a3f5: receive RaftClientReply:client-7D6108789623->f80c66c4-8a3d-47db-b3f8-20b0bcb8a3f5@group-7D2873B646E2, cid=2939, SUCCESS, logIndex=4373, commits[f80c66c4-8a3d-47db-b3f8-20b0bcb8a3f5:c4374, 6e9bc0f4-a324-4be3-b201-2d39df7dad8a:c4372, cffe1303-2f93-4087-8a62-a40745db49f2:c4372]
2019-07-10 09:51:04,092 INFO  client.GrpcClientProtocolClient (GrpcClientProtocolClient.java:onNext(255)) - client-7D6108789623->f80c66c4-8a3d-47db-b3f8-20b0bcb8a3f5: receive RaftClientReply:client-7D6108789623->f80c66c4-8a3d-47db-b3f8-20b0bcb8a3f5@group-7D2873B646E2, cid=2940, SUCCESS, logIndex=4374, commits[f80c66c4-8a3d-47db-b3f8-20b0bcb8a3f5:c4374, 6e9bc0f4-a324-4be3-b201-2d39df7dad8a:c4372, cffe1303-2f93-4087-8a62-a40745db49f2:c4372]
2019-07-10 09:51:04,104 INFO  client.GrpcClientProtocolClient (GrpcClientProtocolClient.java:onNext(255)) - client-7D6108789623->f80c66c4-8a3d-47db-b3f8-20b0bcb8a3f5: receive RaftClientReply:client-7D6108789623->f80c66c4-8a3d-47db-b3f8-20b0bcb8a3f5@group-7D2873B646E2, cid=2941, SUCCESS, logIndex=4377, commits[f80c66c4-8a3d-47db-b3f8-20b0bcb8a3f5:c4378, 6e9bc0f4-a324-4be3-b201-2d39df7dad8a:c4374, cffe1303-2f93-4087-8a62-a40745db49f2:c4373]
2019-07-10 09:51:04,104 INFO  client.GrpcClientProtocolClient (GrpcClientProtocolClient.java:onNext(255)) - client-7D6108789623->f80c66c4-8a3d-47db-b3f8-20b0bcb8a3f5: receive RaftClientReply:client-7D6108789623->f80c66c4-8a3d-47db-b3f8-20b0bcb8a3f5@group-7D2873B646E2, cid=2942, SUCCESS, logIndex=4378, commits[f80c66c4-8a3d-47db-b3f8-20b0bcb8a3f5:c4378, 6e9bc0f4-a324-4be3-b201-2d39df7dad8a:c4374, cffe1303-2f93-4087-8a62-a40745db49f2:c4374]
2019-07-10 09:51:04,109 INFO  client.GrpcClientProtocolClient (GrpcClientProtocolClient.java:onNext(255)) - client-7D6108789623->f80c66c4-8a3d-47db-b3f8-20b0bcb8a3f5: receive RaftClientReply:client-7D6108789623->f80c66c4-8a3d-47db-b3f8-20b0bcb8a3f5@group-7D2873B646E2, cid=2943, SUCCESS, logIndex=0, commits[f80c66c4-8a3d-47db-b3f8-20b0bcb8a3f5:c4379, 6e9bc0f4-a324-4be3-b201-2d39df7dad8a:c4378, cffe1303-2f93-4087-8a62-a40745db49f2:c4378]
2019-07-10 09:51:04,133 INFO  client.GrpcClientProtocolClient (GrpcClientProtocolClient.java:onNext(255)) - client-7D6108789623->f80c66c4-8a3d-47db-b3f8-20b0bcb8a3f5: receive RaftClientReply:client-7D6108789623->f80c66c4-8a3d-47db-b3f8-20b0bcb8a3f5@group-7D2873B646E2, cid=2944, SUCCESS, logIndex=4381, commits[f80c66c4-8a3d-47db-b3f8-20b0bcb8a3f5:c4383, 6e9bc0f4-a324-4be3-b201-2d39df7dad8a:c4380, cffe1303-2f93-4087-8a62-a40745db49f2:c4380]
2019-07-10 09:51:04,134 INFO  client.GrpcClientProtocolClient (GrpcClientProtocolClient.java:onNext(255)) - client-7D6108789623->f80c66c4-8a3d-47db-b3f8-20b0bcb8a3f5: receive RaftClientReply:client-7D6108789623->f80c66c4-8a3d-47db-b3f8-20b0bcb8a3f5@group-7D2873B646E2, cid=2945, SUCCESS, logIndex=4382, commits[f80c66c4-8a3d-47db-b3f8-20b0bcb8a3f5:c4384, 6e9bc0f4-a324-4be3-b201-2d39df7dad8a:c4380, cffe1303-2f93-4087-8a62-a40745db49f2:c4380]
2019-07-10 09:51:04,134 INFO  client.GrpcClientProtocolClient (GrpcClientProtocolClient.java:onNext(255)) - client-7D6108789623->f80c66c4-8a3d-47db-b3f8-20b0bcb8a3f5: receive RaftClientReply:client-7D6108789623->f80c66c4-8a3d-47db-b3f8-20b0bcb8a3f5@group-7D2873B646E2, cid=2946, SUCCESS, logIndex=4383, commits[f80c66c4-8a3d-47db-b3f8-20b0bcb8a3f5:c4384, 6e9bc0f4-a324-4be3-b201-2d39df7dad8a:c4380, cffe1303-2f93-4087-8a62-a40745db49f2:c4380]
2019-07-10 09:51:04,134 INFO  client.GrpcClientProtocolClient (GrpcClientProtocolClient.java:onNext(255)) - client-7D6108789623->f80c66c4-8a3d-47db-b3f8-20b0bcb8a3f5: receive RaftClientReply:client-7D6108789623->f80c66c4-8a3d-47db-b3f8-20b0bcb8a3f5@group-7D2873B646E2, cid=2947, SUCCESS, logIndex=4384, commits[f80c66c4-8a3d-47db-b3f8-20b0bcb8a3f5:c4384, 6e9bc0f4-a324-4be3-b201-2d39df7dad8a:c4380, cffe1303-2f93-4087-8a62-a40745db49f2:c4380]
2019-07-10 09:51:04,135 INFO  client.GrpcClientProtocolClient (GrpcClientProtocolClient.java:onNext(255)) - client-7D6108789623->f80c66c4-8a3d-47db-b3f8-20b0bcb8a3f5: receive RaftClientReply:client-7D6108789623->f80c66c4-8a3d-47db-b3f8-20b0bcb8a3f5@group-7D2873B646E2, cid=2948, SUCCESS, logIndex=0, commits[f80c66c4-8a3d-47db-b3f8-20b0bcb8a3f5:c4385, 6e9bc0f4-a324-4be3-b201-2d39df7dad8a:c4382, cffe1303-2f93-4087-8a62-a40745db49f2:c4382]
2019-07-10 09:51:04,151 INFO  client.GrpcClientProtocolClient (GrpcClientProtocolClient.java:onNext(255)) - client-7D6108789623->f80c66c4-8a3d-47db-b3f8-20b0bcb8a3f5: receive RaftClientReply:client-7D6108789623->f80c66c4-8a3d-47db-b3f8-20b0bcb8a3f5@group-7D2873B646E2, cid=2949, SUCCESS, logIndex=4389, commits[f80c66c4-8a3d-47db-b3f8-20b0bcb8a3f5:c4390, 6e9bc0f4-a324-4be3-b201-2d39df7dad8a:c4388, cffe1303-2f93-4087-8a62-a40745db49f2:c4388]
2019-07-10 09:51:04,151 INFO  client.GrpcClientProtocolClient (GrpcClientProtocolClient.java:onNext(255)) - client-7D6108789623->f80c66c4-8a3d-47db-b3f8-20b0bcb8a3f5: receive RaftClientReply:client-7D6108789623->f80c66c4-8a3d-47db-b3f8-20b0bcb8a3f5@group-7D2873B646E2, cid=2950, SUCCESS, logIndex=4390, commits[f80c66c4-8a3d-47db-b3f8-20b0bcb8a3f5:c4390, 6e9bc0f4-a324-4be3-b201-2d39df7dad8a:c4388, cffe1303-2f93-4087-8a62-a40745db49f2:c4388]
2019-07-10 09:51:04,164 INFO  client.GrpcClientProtocolClient (GrpcClientProtocolClient.java:onNext(255)) - client-7D6108789623->f80c66c4-8a3d-47db-b3f8-20b0bcb8a3f5: receive RaftClientReply:client-7D6108789623->f80c66c4-8a3d-47db-b3f8-20b0bcb8a3f5@group-7D2873B646E2, cid=2951, SUCCESS, logIndex=4393, commits[f80c66c4-8a3d-47db-b3f8-20b0bcb8a3f5:c4393, 6e9bc0f4-a324-4be3-b201-2d39df7dad8a:c4390, cffe1303-2f93-4087-8a62-a40745db49f2:c4390]
2019-07-10 09:51:04,165 INFO  client.GrpcClientProtocolClient (GrpcClientProtocolClient.java:onNext(255)) - client-7D6108789623->f80c66c4-8a3d-47db-b3f8-20b0bcb8a3f5: receive RaftClientReply:client-7D6108789623->f80c66c4-8a3d-47db-b3f8-20b0bcb8a3f5@group-7D2873B646E2, cid=2952, SUCCESS, logIndex=4394, commits[f80c66c4-8a3d-47db-b3f8-20b0bcb8a3f5:c4394, 6e9bc0f4-a324-4be3-b201-2d39df7dad8a:c4390, cffe1303-2f93-4087-8a62-a40745db49f2:c4390]
2019-07-10 09:51:04,178 INFO  client.GrpcClientProtocolClient (GrpcClientProtocolClient.java:onNext(255)) - client-7D6108789623->f80c66c4-8a3d-47db-b3f8-20b0bcb8a3f5: receive RaftClientReply:client-7D6108789623->f80c66c4-8a3d-47db-b3f8-20b0bcb8a3f5@group-7D2873B646E2, cid=2953, SUCCESS, logIndex=0, commits[f80c66c4-8a3d-47db-b3f8-20b0bcb8a3f5:c4396, 6e9bc0f4-a324-4be3-b201-2d39df7dad8a:c4394, cffe1303-2f93-4087-8a62-a40745db49f2:c4394]
2019-07-10 09:51:04,205 INFO  client.GrpcClientProtocolClient (GrpcClientProtocolClient.java:onNext(255)) - client-7D6108789623->f80c66c4-8a3d-47db-b3f8-20b0bcb8a3f5: receive RaftClientReply:client-7D6108789623->f80c66c4-8a3d-47db-b3f8-20b0bcb8a3f5@group-7D2873B646E2, cid=2954, SUCCESS, logIndex=4397, commits[f80c66c4-8a3d-47db-b3f8-20b0bcb8a3f5:c4398, 6e9bc0f4-a324-4be3-b201-2d39df7dad8a:c4396, cffe1303-2f93-4087-8a62-a40745db49f2:c4396]
2019-07-10 09:51:04,206 INFO  client.GrpcClientProtocolClient (GrpcClientProtocolClient.java:onNext(255)) - client-7D6108789623->f80c66c4-8a3d-47db-b3f8-20b0bcb8a3f5: receive RaftClientReply:client-7D6108789623->f80c66c4-8a3d-47db-b3f8-20b0bcb8a3f5@group-7D2873B646E2, cid=2955, SUCCESS, logIndex=4398, commits[f80c66c4-8a3d-47db-b3f8-20b0bcb8a3f5:c4398, 6e9bc0f4-a324-4be3-b201-2d39df7dad8a:c4396, cffe1303-2f93-4087-8a62-a40745db49f2:c4396]
2019-07-10 09:51:04,207 INFO  client.GrpcClientProtocolClient (GrpcClientProtocolClient.java:onNext(255)) - client-7D6108789623->f80c66c4-8a3d-47db-b3f8-20b0bcb8a3f5: receive RaftClientReply:client-7D6108789623->f80c66c4-8a3d-47db-b3f8-20b0bcb8a3f5@group-7D2873B646E2, cid=2956, SUCCESS, logIndex=4399, commits[f80c66c4-8a3d-47db-b3f8-20b0bcb8a3f5:c4400, 6e9bc0f4-a324-4be3-b201-2d39df7dad8a:c4396, cffe1303-2f93-4087-8a62-a40745db49f2:c4396]
2019-07-10 09:51:04,207 INFO  client.GrpcClientProtocolClient (GrpcClientProtocolClient.java:onNext(255)) - client-7D6108789623->f80c66c4-8a3d-47db-b3f8-20b0bcb8a3f5: receive RaftClientReply:client-7D6108789623->f80c66c4-8a3d-47db-b3f8-20b0bcb8a3f5@group-7D2873B646E2, cid=2957, SUCCESS, logIndex=4400, commits[f80c66c4-8a3d-47db-b3f8-20b0bcb8a3f5:c4400, 6e9bc0f4-a324-4be3-b201-2d39df7dad8a:c4396, cffe1303-2f93-4087-8a62-a40745db49f2:c4396]
2019-07-10 09:51:04,208 INFO  client.GrpcClientProtocolClient (GrpcClientProtocolClient.java:onNext(255)) - client-7D6108789623->f80c66c4-8a3d-47db-b3f8-20b0bcb8a3f5: receive RaftClientReply:client-7D6108789623->f80c66c4-8a3d-47db-b3f8-20b0bcb8a3f5@group-7D2873B646E2, cid=2958, SUCCESS, logIndex=0, commits[f80c66c4-8a3d-47db-b3f8-20b0bcb8a3f5:c4402, 6e9bc0f4-a324-4be3-b201-2d39df7dad8a:c4398, cffe1303-2f93-4087-8a62-a40745db49f2:c4398]
2019-07-10 09:51:04,218 INFO  client.GrpcClientProtocolClient (GrpcClientProtocolClient.java:onNext(255)) - client-7D6108789623->f80c66c4-8a3d-47db-b3f8-20b0bcb8a3f5: receive RaftClientReply:client-7D6108789623->f80c66c4-8a3d-47db-b3f8-20b0bcb8a3f5@group-7D2873B646E2, cid=2959, SUCCESS, logIndex=4405, commits[f80c66c4-8a3d-47db-b3f8-20b0bcb8a3f5:c4406, 6e9bc0f4-a324-4be3-b201-2d39df7dad8a:c4404, cffe1303-2f93-4087-8a62-a40745db49f2:c4404]
2019-07-10 09:51:04,218 INFO  client.GrpcClientProtocolClient (GrpcClientProtocolClient.java:onNext(255)) - client-7D6108789623->f80c66c4-8a3d-47db-b3f8-20b0bcb8a3f5: receive RaftClientReply:client-7D6108789623->f80c66c4-8a3d-47db-b3f8-20b0bcb8a3f5@group-7D2873B646E2, cid=2960, SUCCESS, logIndex=4406, commits[f80c66c4-8a3d-47db-b3f8-20b0bcb8a3f5:c4406, 6e9bc0f4-a324-4be3-b201-2d39df7dad8a:c4404, cffe1303-2f93-4087-8a62-a40745db49f2:c4404]
2019-07-10 09:51:04,232 INFO  client.GrpcClientProtocolClient (GrpcClientProtocolClient.java:onNext(255)) - client-7D6108789623->f80c66c4-8a3d-47db-b3f8-20b0bcb8a3f5: receive RaftClientReply:client-7D6108789623->f80c66c4-8a3d-47db-b3f8-20b0bcb8a3f5@group-7D2873B646E2, cid=2961, SUCCESS, logIndex=4409, commits[f80c66c4-8a3d-47db-b3f8-20b0bcb8a3f5:c4410, 6e9bc0f4-a324-4be3-b201-2d39df7dad8a:c4407, cffe1303-2f93-4087-8a62-a40745db49f2:c4406]
2019-07-10 09:51:04,233 INFO  client.GrpcClientProtocolClient (GrpcClientProtocolClient.java:onNext(255)) - client-7D6108789623->f80c66c4-8a3d-47db-b3f8-20b0bcb8a3f5: receive RaftClientReply:client-7D6108789623->f80c66c4-8a3d-47db-b3f8-20b0bcb8a3f5@group-7D2873B646E2, cid=2962, SUCCESS, logIndex=4410, commits[f80c66c4-8a3d-47db-b3f8-20b0bcb8a3f5:c4410, 6e9bc0f4-a324-4be3-b201-2d39df7dad8a:c4407, cffe1303-2f93-4087-8a62-a40745db49f2:c4407]
2019-07-10 09:51:04,234 INFO  client.GrpcClientProtocolClient (GrpcClientProtocolClient.java:onNext(255)) - client-7D6108789623->f80c66c4-8a3d-47db-b3f8-20b0bcb8a3f5: receive RaftClientReply:client-7D6108789623->f80c66c4-8a3d-47db-b3f8-20b0bcb8a3f5@group-7D2873B646E2, cid=2963, SUCCESS, logIndex=0, commits[f80c66c4-8a3d-47db-b3f8-20b0bcb8a3f5:c4410, 6e9bc0f4-a324-4be3-b201-2d39df7dad8a:c4410, cffe1303-2f93-4087-8a62-a40745db49f2:c4410]
 0.00% |█                                                                                                    |  0/1 Time: 0:00:282019-07-10 09:51:04,277 INFO  client.GrpcClientProtocolClient (GrpcClientProtocolClient.java:onNext(255)) - client-7D6108789623->f80c66c4-8a3d-47db-b3f8-20b0bcb8a3f5: receive RaftClientReply:client-7D6108789623->f80c66c4-8a3d-47db-b3f8-20b0bcb8a3f5@group-7D2873B646E2, cid=2964, SUCCESS, logIndex=4413, commits[f80c66c4-8a3d-47db-b3f8-20b0bcb8a3f5:c4414, 6e9bc0f4-a324-4be3-b201-2d39df7dad8a:c4412, cffe1303-2f93-4087-8a62-a40745db49f2:c4412]
2019-07-10 09:51:04,277 INFO  client.GrpcClientProtocolClient (GrpcClientProtocolClient.java:onNext(255)) - client-7D6108789623->f80c66c4-8a3d-47db-b3f8-20b0bcb8a3f5: receive RaftClientReply:client-7D6108789623->f80c66c4-8a3d-47db-b3f8-20b0bcb8a3f5@group-7D2873B646E2, cid=2965, SUCCESS, logIndex=4414, commits[f80c66c4-8a3d-47db-b3f8-20b0bcb8a3f5:c4416, 6e9bc0f4-a324-4be3-b201-2d39df7dad8a:c4412, cffe1303-2f93-4087-8a62-a40745db49f2:c4412]
2019-07-10 09:51:04,278 INFO  client.GrpcClientProtocolClient (GrpcClientProtocolClient.java:onNext(255)) - client-7D6108789623->f80c66c4-8a3d-47db-b3f8-20b0bcb8a3f5: receive RaftClientReply:client-7D6108789623->f80c66c4-8a3d-47db-b3f8-20b0bcb8a3f5@group-7D2873B646E2, cid=2966, SUCCESS, logIndex=4415, commits[f80c66c4-8a3d-47db-b3f8-20b0bcb8a3f5:c4416, 6e9bc0f4-a324-4be3-b201-2d39df7dad8a:c4412, cffe1303-2f93-4087-8a62-a40745db49f2:c4412]
2019-07-10 09:51:04,278 INFO  client.GrpcClientProtocolClient (GrpcClientProtocolClient.java:onNext(255)) - client-7D6108789623->f80c66c4-8a3d-47db-b3f8-20b0bcb8a3f5: receive RaftClientReply:client-7D6108789623->f80c66c4-8a3d-47db-b3f8-20b0bcb8a3f5@group-7D2873B646E2, cid=2967, SUCCESS, logIndex=4416, commits[f80c66c4-8a3d-47db-b3f8-20b0bcb8a3f5:c4416, 6e9bc0f4-a324-4be3-b201-2d39df7dad8a:c4412, cffe1303-2f93-4087-8a62-a40745db49f2:c4412]
2019-07-10 09:51:04,292 INFO  client.GrpcClientProtocolClient (GrpcClientProtocolClient.java:onNext(255)) - client-7D6108789623->f80c66c4-8a3d-47db-b3f8-20b0bcb8a3f5: receive RaftClientReply:client-7D6108789623->f80c66c4-8a3d-47db-b3f8-20b0bcb8a3f5@group-7D2873B646E2, cid=2968, SUCCESS, logIndex=0, commits[f80c66c4-8a3d-47db-b3f8-20b0bcb8a3f5:c4418, 6e9bc0f4-a324-4be3-b201-2d39df7dad8a:c4414, cffe1303-2f93-4087-8a62-a40745db49f2:c4414]
2019-07-10 09:51:04,326 INFO  client.GrpcClientProtocolClient (GrpcClientProtocolClient.java:onNext(255)) - client-7D6108789623->f80c66c4-8a3d-47db-b3f8-20b0bcb8a3f5: receive RaftClientReply:client-7D6108789623->f80c66c4-8a3d-47db-b3f8-20b0bcb8a3f5@group-7D2873B646E2, cid=2969, SUCCESS, logIndex=4421, commits[f80c66c4-8a3d-47db-b3f8-20b0bcb8a3f5:c4421, 6e9bc0f4-a324-4be3-b201-2d39df7dad8a:c4420, cffe1303-2f93-4087-8a62-a40745db49f2:c4420]
2019-07-10 09:51:04,326 INFO  client.GrpcClientProtocolClient (GrpcClientProtocolClient.java:onNext(255)) - client-7D6108789623->f80c66c4-8a3d-47db-b3f8-20b0bcb8a3f5: receive RaftClientReply:client-7D6108789623->f80c66c4-8a3d-47db-b3f8-20b0bcb8a3f5@group-7D2873B646E2, cid=2970, SUCCESS, logIndex=4422, commits[f80c66c4-8a3d-47db-b3f8-20b0bcb8a3f5:c4422, 6e9bc0f4-a324-4be3-b201-2d39df7dad8a:c4420, cffe1303-2f93-4087-8a62-a40745db49f2:c4420]
2019-07-10 09:51:04,341 INFO  client.GrpcClientProtocolClient (GrpcClientProtocolClient.java:onNext(255)) - client-7D6108789623->f80c66c4-8a3d-47db-b3f8-20b0bcb8a3f5: receive RaftClientReply:client-7D6108789623->f80c66c4-8a3d-47db-b3f8-20b0bcb8a3f5@group-7D2873B646E2, cid=2971, SUCCESS, logIndex=4425, commits[f80c66c4-8a3d-47db-b3f8-20b0bcb8a3f5:c4426, 6e9bc0f4-a324-4be3-b201-2d39df7dad8a:c4422, cffe1303-2f93-4087-8a62-a40745db49f2:c4422]
2019-07-10 09:51:04,341 INFO  client.GrpcClientProtocolClient (GrpcClientProtocolClient.java:onNext(255)) - client-7D6108789623->f80c66c4-8a3d-47db-b3f8-20b0bcb8a3f5: receive RaftClientReply:client-7D6108789623->f80c66c4-8a3d-47db-b3f8-20b0bcb8a3f5@group-7D2873B646E2, cid=2972, SUCCESS, logIndex=4426, commits[f80c66c4-8a3d-47db-b3f8-20b0bcb8a3f5:c4426, 6e9bc0f4-a324-4be3-b201-2d39df7dad8a:c4422, cffe1303-2f93-4087-8a62-a40745db49f2:c4422]
2019-07-10 09:51:04,353 INFO  client.GrpcClientProtocolClient (GrpcClientProtocolClient.java:onNext(255)) - client-7D6108789623->f80c66c4-8a3d-47db-b3f8-20b0bcb8a3f5: receive RaftClientReply:client-7D6108789623->f80c66c4-8a3d-47db-b3f8-20b0bcb8a3f5@group-7D2873B646E2, cid=2973, SUCCESS, logIndex=0, commits[f80c66c4-8a3d-47db-b3f8-20b0bcb8a3f5:c4427, 6e9bc0f4-a324-4be3-b201-2d39df7dad8a:c4426, cffe1303-2f93-4087-8a62-a40745db49f2:c4426]
2019-07-10 09:51:04,383 INFO  client.GrpcClientProtocolClient (GrpcClientProtocolClient.java:onNext(255)) - client-7D6108789623->f80c66c4-8a3d-47db-b3f8-20b0bcb8a3f5: receive RaftClientReply:client-7D6108789623->f80c66c4-8a3d-47db-b3f8-20b0bcb8a3f5@group-7D2873B646E2, cid=2974, SUCCESS, logIndex=4429, commits[f80c66c4-8a3d-47db-b3f8-20b0bcb8a3f5:c4430, 6e9bc0f4-a324-4be3-b201-2d39df7dad8a:c4428, cffe1303-2f93-4087-8a62-a40745db49f2:c4428]
2019-07-10 09:51:04,384 INFO  client.GrpcClientProtocolClient (GrpcClientProtocolClient.java:onNext(255)) - client-7D6108789623->f80c66c4-8a3d-47db-b3f8-20b0bcb8a3f5: receive RaftClientReply:client-7D6108789623->f80c66c4-8a3d-47db-b3f8-20b0bcb8a3f5@group-7D2873B646E2, cid=2975, SUCCESS, logIndex=4430, commits[f80c66c4-8a3d-47db-b3f8-20b0bcb8a3f5:c4432, 6e9bc0f4-a324-4be3-b201-2d39df7dad8a:c4428, cffe1303-2f93-4087-8a62-a40745db49f2:c4428]
2019-07-10 09:51:04,384 INFO  client.GrpcClientProtocolClient (GrpcClientProtocolClient.java:onNext(255)) - client-7D6108789623->f80c66c4-8a3d-47db-b3f8-20b0bcb8a3f5: receive RaftClientReply:client-7D6108789623->f80c66c4-8a3d-47db-b3f8-20b0bcb8a3f5@group-7D2873B646E2, cid=2976, SUCCESS, logIndex=4431, commits[f80c66c4-8a3d-47db-b3f8-20b0bcb8a3f5:c4432, 6e9bc0f4-a324-4be3-b201-2d39df7dad8a:c4428, cffe1303-2f93-4087-8a62-a40745db49f2:c4428]
2019-07-10 09:51:04,385 INFO  client.GrpcClientProtocolClient (GrpcClientProtocolClient.java:onNext(255)) - client-7D6108789623->f80c66c4-8a3d-47db-b3f8-20b0bcb8a3f5: receive RaftClientReply:client-7D6108789623->f80c66c4-8a3d-47db-b3f8-20b0bcb8a3f5@group-7D2873B646E2, cid=2977, SUCCESS, logIndex=4432, commits[f80c66c4-8a3d-47db-b3f8-20b0bcb8a3f5:c4432, 6e9bc0f4-a324-4be3-b201-2d39df7dad8a:c4428, cffe1303-2f93-4087-8a62-a40745db49f2:c4428]
2019-07-10 09:51:04,388 INFO  client.GrpcClientProtocolClient (GrpcClientProtocolClient.java:onNext(255)) - client-7D6108789623->f80c66c4-8a3d-47db-b3f8-20b0bcb8a3f5: receive RaftClientReply:client-7D6108789623->f80c66c4-8a3d-47db-b3f8-20b0bcb8a3f5@group-7D2873B646E2, cid=2978, SUCCESS, logIndex=0, commits[f80c66c4-8a3d-47db-b3f8-20b0bcb8a3f5:c4435, 6e9bc0f4-a324-4be3-b201-2d39df7dad8a:c4432, cffe1303-2f93-4087-8a62-a40745db49f2:c4430]
2019-07-10 09:51:04,405 INFO  client.GrpcClientProtocolClient (GrpcClientProtocolClient.java:onNext(255)) - client-7D6108789623->f80c66c4-8a3d-47db-b3f8-20b0bcb8a3f5: receive RaftClientReply:client-7D6108789623->f80c66c4-8a3d-47db-b3f8-20b0bcb8a3f5@group-7D2873B646E2, cid=2979, SUCCESS, logIndex=4436, commits[f80c66c4-8a3d-47db-b3f8-20b0bcb8a3f5:c4437, 6e9bc0f4-a324-4be3-b201-2d39df7dad8a:c4435, cffe1303-2f93-4087-8a62-a40745db49f2:c4435]
2019-07-10 09:51:04,405 INFO  client.GrpcClientProtocolClient (GrpcClientProtocolClient.java:onNext(255)) - client-7D6108789623->f80c66c4-8a3d-47db-b3f8-20b0bcb8a3f5: receive RaftClientReply:client-7D6108789623->f80c66c4-8a3d-47db-b3f8-20b0bcb8a3f5@group-7D2873B646E2, cid=2980, SUCCESS, logIndex=4437, commits[f80c66c4-8a3d-47db-b3f8-20b0bcb8a3f5:c4437, 6e9bc0f4-a324-4be3-b201-2d39df7dad8a:c4435, cffe1303-2f93-4087-8a62-a40745db49f2:c4435]
2019-07-10 09:51:04,417 INFO  client.GrpcClientProtocolClient (GrpcClientProtocolClient.java:onNext(255)) - client-7D6108789623->f80c66c4-8a3d-47db-b3f8-20b0bcb8a3f5: receive RaftClientReply:client-7D6108789623->f80c66c4-8a3d-47db-b3f8-20b0bcb8a3f5@group-7D2873B646E2, cid=2981, SUCCESS, logIndex=4440, commits[f80c66c4-8a3d-47db-b3f8-20b0bcb8a3f5:c4441, 6e9bc0f4-a324-4be3-b201-2d39df7dad8a:c4437, cffe1303-2f93-4087-8a62-a40745db49f2:c4437]
2019-07-10 09:51:04,417 INFO  client.GrpcClientProtocolClient (GrpcClientProtocolClient.java:onNext(255)) - client-7D6108789623->f80c66c4-8a3d-47db-b3f8-20b0bcb8a3f5: receive RaftClientReply:client-7D6108789623->f80c66c4-8a3d-47db-b3f8-20b0bcb8a3f5@group-7D2873B646E2, cid=2982, SUCCESS, logIndex=4441, commits[f80c66c4-8a3d-47db-b3f8-20b0bcb8a3f5:c4441, 6e9bc0f4-a324-4be3-b201-2d39df7dad8a:c4437, cffe1303-2f93-4087-8a62-a40745db49f2:c4437]
2019-07-10 09:51:04,436 INFO  client.GrpcClientProtocolClient (GrpcClientProtocolClient.java:onNext(255)) - client-7D6108789623->f80c66c4-8a3d-47db-b3f8-20b0bcb8a3f5: receive RaftClientReply:client-7D6108789623->f80c66c4-8a3d-47db-b3f8-20b0bcb8a3f5@group-7D2873B646E2, cid=2983, SUCCESS, logIndex=0, commits[f80c66c4-8a3d-47db-b3f8-20b0bcb8a3f5:c4443, 6e9bc0f4-a324-4be3-b201-2d39df7dad8a:c4441, cffe1303-2f93-4087-8a62-a40745db49f2:c4441]
2019-07-10 09:51:04,466 INFO  client.GrpcClientProtocolClient (GrpcClientProtocolClient.java:onNext(255)) - client-7D6108789623->f80c66c4-8a3d-47db-b3f8-20b0bcb8a3f5: receive RaftClientReply:client-7D6108789623->f80c66c4-8a3d-47db-b3f8-20b0bcb8a3f5@group-7D2873B646E2, cid=2984, SUCCESS, logIndex=4444, commits[f80c66c4-8a3d-47db-b3f8-20b0bcb8a3f5:c4445, 6e9bc0f4-a324-4be3-b201-2d39df7dad8a:c4443, cffe1303-2f93-4087-8a62-a40745db49f2:c4443]
2019-07-10 09:51:04,467 INFO  client.GrpcClientProtocolClient (GrpcClientProtocolClient.java:onNext(255)) - client-7D6108789623->f80c66c4-8a3d-47db-b3f8-20b0bcb8a3f5: receive RaftClientReply:client-7D6108789623->f80c66c4-8a3d-47db-b3f8-20b0bcb8a3f5@group-7D2873B646E2, cid=2985, SUCCESS, logIndex=4445, commits[f80c66c4-8a3d-47db-b3f8-20b0bcb8a3f5:c4447, 6e9bc0f4-a324-4be3-b201-2d39df7dad8a:c4443, cffe1303-2f93-4087-8a62-a40745db49f2:c4443]
2019-07-10 09:51:04,467 INFO  client.GrpcClientProtocolClient (GrpcClientProtocolClient.java:onNext(255)) - client-7D6108789623->f80c66c4-8a3d-47db-b3f8-20b0bcb8a3f5: receive RaftClientReply:client-7D6108789623->f80c66c4-8a3d-47db-b3f8-20b0bcb8a3f5@group-7D2873B646E2, cid=2986, SUCCESS, logIndex=4446, commits[f80c66c4-8a3d-47db-b3f8-20b0bcb8a3f5:c4447, 6e9bc0f4-a324-4be3-b201-2d39df7dad8a:c4443, cffe1303-2f93-4087-8a62-a40745db49f2:c4443]
2019-07-10 09:51:04,467 INFO  client.GrpcClientProtocolClient (GrpcClientProtocolClient.java:onNext(255)) - client-7D6108789623->f80c66c4-8a3d-47db-b3f8-20b0bcb8a3f5: receive RaftClientReply:client-7D6108789623->f80c66c4-8a3d-47db-b3f8-20b0bcb8a3f5@group-7D2873B646E2, cid=2987, SUCCESS, logIndex=4447, commits[f80c66c4-8a3d-47db-b3f8-20b0bcb8a3f5:c4447, 6e9bc0f4-a324-4be3-b201-2d39df7dad8a:c4443, cffe1303-2f93-4087-8a62-a40745db49f2:c4443]
2019-07-10 09:51:04,479 INFO  client.GrpcClientProtocolClient (GrpcClientProtocolClient.java:onNext(255)) - client-7D6108789623->f80c66c4-8a3d-47db-b3f8-20b0bcb8a3f5: receive RaftClientReply:client-7D6108789623->f80c66c4-8a3d-47db-b3f8-20b0bcb8a3f5@group-7D2873B646E2, cid=2988, SUCCESS, logIndex=0, commits[f80c66c4-8a3d-47db-b3f8-20b0bcb8a3f5:c4448, 6e9bc0f4-a324-4be3-b201-2d39df7dad8a:c4445, cffe1303-2f93-4087-8a62-a40745db49f2:c4445]
2019-07-10 09:51:04,493 INFO  client.GrpcClientProtocolClient (GrpcClientProtocolClient.java:onNext(255)) - client-7D6108789623->f80c66c4-8a3d-47db-b3f8-20b0bcb8a3f5: receive RaftClientReply:client-7D6108789623->f80c66c4-8a3d-47db-b3f8-20b0bcb8a3f5@group-7D2873B646E2, cid=2989, SUCCESS, logIndex=4452, commits[f80c66c4-8a3d-47db-b3f8-20b0bcb8a3f5:c4453, 6e9bc0f4-a324-4be3-b201-2d39df7dad8a:c4451, cffe1303-2f93-4087-8a62-a40745db49f2:c4451]
2019-07-10 09:51:04,494 INFO  client.GrpcClientProtocolClient (GrpcClientProtocolClient.java:onNext(255)) - client-7D6108789623->f80c66c4-8a3d-47db-b3f8-20b0bcb8a3f5: receive RaftClientReply:client-7D6108789623->f80c66c4-8a3d-47db-b3f8-20b0bcb8a3f5@group-7D2873B646E2, cid=2990, SUCCESS, logIndex=4453, commits[f80c66c4-8a3d-47db-b3f8-20b0bcb8a3f5:c4453, 6e9bc0f4-a324-4be3-b201-2d39df7dad8a:c4451, cffe1303-2f93-4087-8a62-a40745db49f2:c4451]
2019-07-10 09:51:04,506 INFO  client.GrpcClientProtocolClient (GrpcClientProtocolClient.java:onNext(255)) - client-7D6108789623->f80c66c4-8a3d-47db-b3f8-20b0bcb8a3f5: receive RaftClientReply:client-7D6108789623->f80c66c4-8a3d-47db-b3f8-20b0bcb8a3f5@group-7D2873B646E2, cid=2991, SUCCESS, logIndex=4456, commits[f80c66c4-8a3d-47db-b3f8-20b0bcb8a3f5:c4456, 6e9bc0f4-a324-4be3-b201-2d39df7dad8a:c4453, cffe1303-2f93-4087-8a62-a40745db49f2:c4453]
2019-07-10 09:51:04,506 INFO  client.GrpcClientProtocolClient (GrpcClientProtocolClient.java:onNext(255)) - client-7D6108789623->f80c66c4-8a3d-47db-b3f8-20b0bcb8a3f5: receive RaftClientReply:client-7D6108789623->f80c66c4-8a3d-47db-b3f8-20b0bcb8a3f5@group-7D2873B646E2, cid=2992, SUCCESS, logIndex=4457, commits[f80c66c4-8a3d-47db-b3f8-20b0bcb8a3f5:c4457, 6e9bc0f4-a324-4be3-b201-2d39df7dad8a:c4453, cffe1303-2f93-4087-8a62-a40745db49f2:c4453]
2019-07-10 09:51:04,518 INFO  client.GrpcClientProtocolClient (GrpcClientProtocolClient.java:onNext(255)) - client-7D6108789623->f80c66c4-8a3d-47db-b3f8-20b0bcb8a3f5: receive RaftClientReply:client-7D6108789623->f80c66c4-8a3d-47db-b3f8-20b0bcb8a3f5@group-7D2873B646E2, cid=2993, SUCCESS, logIndex=0, commits[f80c66c4-8a3d-47db-b3f8-20b0bcb8a3f5:c4459, 6e9bc0f4-a324-4be3-b201-2d39df7dad8a:c4457, cffe1303-2f93-4087-8a62-a40745db49f2:c4457]
2019-07-10 09:51:04,537 INFO  client.GrpcClientProtocolClient (GrpcClientProtocolClient.java:onNext(255)) - client-7D6108789623->f80c66c4-8a3d-47db-b3f8-20b0bcb8a3f5: receive RaftClientReply:client-7D6108789623->f80c66c4-8a3d-47db-b3f8-20b0bcb8a3f5@group-7D2873B646E2, cid=2994, SUCCESS, logIndex=4460, commits[f80c66c4-8a3d-47db-b3f8-20b0bcb8a3f5:c4461, 6e9bc0f4-a324-4be3-b201-2d39df7dad8a:c4459, cffe1303-2f93-4087-8a62-a40745db49f2:c4457]
2019-07-10 09:51:04,537 INFO  client.GrpcClientProtocolClient (GrpcClientProtocolClient.java:onNext(255)) - client-7D6108789623->f80c66c4-8a3d-47db-b3f8-20b0bcb8a3f5: receive RaftClientReply:client-7D6108789623->f80c66c4-8a3d-47db-b3f8-20b0bcb8a3f5@group-7D2873B646E2, cid=2995, SUCCESS, logIndex=4461, commits[f80c66c4-8a3d-47db-b3f8-20b0bcb8a3f5:c4461, 6e9bc0f4-a324-4be3-b201-2d39df7dad8a:c4459, cffe1303-2f93-4087-8a62-a40745db49f2:c4459]
2019-07-10 09:51:04,539 INFO  client.GrpcClientProtocolClient (GrpcClientProtocolClient.java:onNext(255)) - client-7D6108789623->f80c66c4-8a3d-47db-b3f8-20b0bcb8a3f5: receive RaftClientReply:client-7D6108789623->f80c66c4-8a3d-47db-b3f8-20b0bcb8a3f5@group-7D2873B646E2, cid=2996, SUCCESS, logIndex=4462, commits[f80c66c4-8a3d-47db-b3f8-20b0bcb8a3f5:c4465, 6e9bc0f4-a324-4be3-b201-2d39df7dad8a:c4459, cffe1303-2f93-4087-8a62-a40745db49f2:c4461]
2019-07-10 09:51:04,540 INFO  client.GrpcClientProtocolClient (GrpcClientProtocolClient.java:onNext(255)) - client-7D6108789623->f80c66c4-8a3d-47db-b3f8-20b0bcb8a3f5: receive RaftClientReply:client-7D6108789623->f80c66c4-8a3d-47db-b3f8-20b0bcb8a3f5@group-7D2873B646E2, cid=2997, SUCCESS, logIndex=4463, commits[f80c66c4-8a3d-47db-b3f8-20b0bcb8a3f5:c4465, 6e9bc0f4-a324-4be3-b201-2d39df7dad8a:c4460, cffe1303-2f93-4087-8a62-a40745db49f2:c4461]
2019-07-10 09:51:04,541 INFO  client.GrpcClientProtocolClient (GrpcClientProtocolClient.java:onNext(255)) - client-7D6108789623->f80c66c4-8a3d-47db-b3f8-20b0bcb8a3f5: receive RaftClientReply:client-7D6108789623->f80c66c4-8a3d-47db-b3f8-20b0bcb8a3f5@group-7D2873B646E2, cid=2998, SUCCESS, logIndex=0, commits[f80c66c4-8a3d-47db-b3f8-20b0bcb8a3f5:c4465, 6e9bc0f4-a324-4be3-b201-2d39df7dad8a:c4461, cffe1303-2f93-4087-8a62-a40745db49f2:c4461]
2019-07-10 09:51:04,553 INFO  client.GrpcClientProtocolClient (GrpcClientProtocolClient.java:onNext(255)) - client-7D6108789623->f80c66c4-8a3d-47db-b3f8-20b0bcb8a3f5: receive RaftClientReply:client-7D6108789623->f80c66c4-8a3d-47db-b3f8-20b0bcb8a3f5@group-7D2873B646E2, cid=2999, SUCCESS, logIndex=4468, commits[f80c66c4-8a3d-47db-b3f8-20b0bcb8a3f5:c4469, 6e9bc0f4-a324-4be3-b201-2d39df7dad8a:c4466, cffe1303-2f93-4087-8a62-a40745db49f2:c4463]
2019-07-10 09:51:04,554 INFO  client.GrpcClientProtocolClient (GrpcClientProtocolClient.java:onNext(255)) - client-7D6108789623->f80c66c4-8a3d-47db-b3f8-20b0bcb8a3f5: receive RaftClientReply:client-7D6108789623->f80c66c4-8a3d-47db-b3f8-20b0bcb8a3f5@group-7D2873B646E2, cid=3000, SUCCESS, logIndex=4469, commits[f80c66c4-8a3d-47db-b3f8-20b0bcb8a3f5:c4469, 6e9bc0f4-a324-4be3-b201-2d39df7dad8a:c4466, cffe1303-2f93-4087-8a62-a40745db49f2:c4466]
2019-07-10 09:51:04,608 INFO  client.GrpcClientProtocolClient (GrpcClientProtocolClient.java:onNext(255)) - client-7D6108789623->f80c66c4-8a3d-47db-b3f8-20b0bcb8a3f5: receive RaftClientReply:client-7D6108789623->f80c66c4-8a3d-47db-b3f8-20b0bcb8a3f5@group-7D2873B646E2, cid=3001, SUCCESS, logIndex=4472, commits[f80c66c4-8a3d-47db-b3f8-20b0bcb8a3f5:c4473, 6e9bc0f4-a324-4be3-b201-2d39df7dad8a:c4469, cffe1303-2f93-4087-8a62-a40745db49f2:c4470]
2019-07-10 09:51:04,609 INFO  client.GrpcClientProtocolClient (GrpcClientProtocolClient.java:onNext(255)) - client-7D6108789623->f80c66c4-8a3d-47db-b3f8-20b0bcb8a3f5: receive RaftClientReply:client-7D6108789623->f80c66c4-8a3d-47db-b3f8-20b0bcb8a3f5@group-7D2873B646E2, cid=3002, SUCCESS, logIndex=4473, commits[f80c66c4-8a3d-47db-b3f8-20b0bcb8a3f5:c4473, 6e9bc0f4-a324-4be3-b201-2d39df7dad8a:c4469, cffe1303-2f93-4087-8a62-a40745db49f2:c4470]
2019-07-10 09:51:04,610 INFO  client.GrpcClientProtocolClient (GrpcClientProtocolClient.java:onNext(255)) - client-7D6108789623->f80c66c4-8a3d-47db-b3f8-20b0bcb8a3f5: receive RaftClientReply:client-7D6108789623->f80c66c4-8a3d-47db-b3f8-20b0bcb8a3f5@group-7D2873B646E2, cid=3003, SUCCESS, logIndex=0, commits[f80c66c4-8a3d-47db-b3f8-20b0bcb8a3f5:c4474, 6e9bc0f4-a324-4be3-b201-2d39df7dad8a:c4473, cffe1303-2f93-4087-8a62-a40745db49f2:c4473]
2019-07-10 09:51:04,638 INFO  client.GrpcClientProtocolClient (GrpcClientProtocolClient.java:onNext(255)) - client-7D6108789623->f80c66c4-8a3d-47db-b3f8-20b0bcb8a3f5: receive RaftClientReply:client-7D6108789623->f80c66c4-8a3d-47db-b3f8-20b0bcb8a3f5@group-7D2873B646E2, cid=3004, SUCCESS, logIndex=4476, commits[f80c66c4-8a3d-47db-b3f8-20b0bcb8a3f5:c4477, 6e9bc0f4-a324-4be3-b201-2d39df7dad8a:c4475, cffe1303-2f93-4087-8a62-a40745db49f2:c4475]
2019-07-10 09:51:04,639 INFO  client.GrpcClientProtocolClient (GrpcClientProtocolClient.java:onNext(255)) - client-7D6108789623->f80c66c4-8a3d-47db-b3f8-20b0bcb8a3f5: receive RaftClientReply:client-7D6108789623->f80c66c4-8a3d-47db-b3f8-20b0bcb8a3f5@group-7D2873B646E2, cid=3005, SUCCESS, logIndex=4477, commits[f80c66c4-8a3d-47db-b3f8-20b0bcb8a3f5:c4479, 6e9bc0f4-a324-4be3-b201-2d39df7dad8a:c4475, cffe1303-2f93-4087-8a62-a40745db49f2:c4475]
2019-07-10 09:51:04,639 INFO  client.GrpcClientProtocolClient (GrpcClientProtocolClient.java:onNext(255)) - client-7D6108789623->f80c66c4-8a3d-47db-b3f8-20b0bcb8a3f5: receive RaftClientReply:client-7D6108789623->f80c66c4-8a3d-47db-b3f8-20b0bcb8a3f5@group-7D2873B646E2, cid=3006, SUCCESS, logIndex=4478, commits[f80c66c4-8a3d-47db-b3f8-20b0bcb8a3f5:c4479, 6e9bc0f4-a324-4be3-b201-2d39df7dad8a:c4475, cffe1303-2f93-4087-8a62-a40745db49f2:c4475]
2019-07-10 09:51:04,639 INFO  client.GrpcClientProtocolClient (GrpcClientProtocolClient.java:onNext(255)) - client-7D6108789623->f80c66c4-8a3d-47db-b3f8-20b0bcb8a3f5: receive RaftClientReply:client-7D6108789623->f80c66c4-8a3d-47db-b3f8-20b0bcb8a3f5@group-7D2873B646E2, cid=3007, SUCCESS, logIndex=4479, commits[f80c66c4-8a3d-47db-b3f8-20b0bcb8a3f5:c4479, 6e9bc0f4-a324-4be3-b201-2d39df7dad8a:c4475, cffe1303-2f93-4087-8a62-a40745db49f2:c4475]
2019-07-10 09:51:04,648 INFO  client.GrpcClientProtocolClient (GrpcClientProtocolClient.java:onNext(255)) - client-7D6108789623->f80c66c4-8a3d-47db-b3f8-20b0bcb8a3f5: receive RaftClientReply:client-7D6108789623->f80c66c4-8a3d-47db-b3f8-20b0bcb8a3f5@group-7D2873B646E2, cid=3008, SUCCESS, logIndex=0, commits[f80c66c4-8a3d-47db-b3f8-20b0bcb8a3f5:c4480, 6e9bc0f4-a324-4be3-b201-2d39df7dad8a:c4477, cffe1303-2f93-4087-8a62-a40745db49f2:c4477]
2019-07-10 09:51:04,666 INFO  client.GrpcClientProtocolClient (GrpcClientProtocolClient.java:onNext(255)) - client-7D6108789623->f80c66c4-8a3d-47db-b3f8-20b0bcb8a3f5: receive RaftClientReply:client-7D6108789623->f80c66c4-8a3d-47db-b3f8-20b0bcb8a3f5@group-7D2873B646E2, cid=3009, SUCCESS, logIndex=4483, commits[f80c66c4-8a3d-47db-b3f8-20b0bcb8a3f5:c4484, 6e9bc0f4-a324-4be3-b201-2d39df7dad8a:c4482, cffe1303-2f93-4087-8a62-a40745db49f2:c4482]
2019-07-10 09:51:04,667 INFO  client.GrpcClientProtocolClient (GrpcClientProtocolClient.java:onNext(255)) - client-7D6108789623->f80c66c4-8a3d-47db-b3f8-20b0bcb8a3f5: receive RaftClientReply:client-7D6108789623->f80c66c4-8a3d-47db-b3f8-20b0bcb8a3f5@group-7D2873B646E2, cid=3010, SUCCESS, logIndex=4484, commits[f80c66c4-8a3d-47db-b3f8-20b0bcb8a3f5:c4484, 6e9bc0f4-a324-4be3-b201-2d39df7dad8a:c4482, cffe1303-2f93-4087-8a62-a40745db49f2:c4482]
2019-07-10 09:51:04,688 INFO  client.GrpcClientProtocolClient (GrpcClientProtocolClient.java:onNext(255)) - client-7D6108789623->f80c66c4-8a3d-47db-b3f8-20b0bcb8a3f5: receive RaftClientReply:client-7D6108789623->f80c66c4-8a3d-47db-b3f8-20b0bcb8a3f5@group-7D2873B646E2, cid=3011, SUCCESS, logIndex=4487, commits[f80c66c4-8a3d-47db-b3f8-20b0bcb8a3f5:c4488, 6e9bc0f4-a324-4be3-b201-2d39df7dad8a:c4484, cffe1303-2f93-4087-8a62-a40745db49f2:c4484]
2019-07-10 09:51:04,688 INFO  client.GrpcClientProtocolClient (GrpcClientProtocolClient.java:onNext(255)) - client-7D6108789623->f80c66c4-8a3d-47db-b3f8-20b0bcb8a3f5: receive RaftClientReply:client-7D6108789623->f80c66c4-8a3d-47db-b3f8-20b0bcb8a3f5@group-7D2873B646E2, cid=3012, SUCCESS, logIndex=4488, commits[f80c66c4-8a3d-47db-b3f8-20b0bcb8a3f5:c4488, 6e9bc0f4-a324-4be3-b201-2d39df7dad8a:c4484, cffe1303-2f93-4087-8a62-a40745db49f2:c4484]
2019-07-10 09:51:04,709 INFO  client.GrpcClientProtocolClient (GrpcClientProtocolClient.java:onNext(255)) - client-7D6108789623->f80c66c4-8a3d-47db-b3f8-20b0bcb8a3f5: receive RaftClientReply:client-7D6108789623->f80c66c4-8a3d-47db-b3f8-20b0bcb8a3f5@group-7D2873B646E2, cid=3013, SUCCESS, logIndex=0, commits[f80c66c4-8a3d-47db-b3f8-20b0bcb8a3f5:c4490, 6e9bc0f4-a324-4be3-b201-2d39df7dad8a:c4488, cffe1303-2f93-4087-8a62-a40745db49f2:c4488]
2019-07-10 09:51:04,875 INFO  client.GrpcClientProtocolClient (GrpcClientProtocolClient.java:onNext(255)) - client-7D6108789623->f80c66c4-8a3d-47db-b3f8-20b0bcb8a3f5: receive RaftClientReply:client-7D6108789623->f80c66c4-8a3d-47db-b3f8-20b0bcb8a3f5@group-7D2873B646E2, cid=3014, SUCCESS, logIndex=4491, commits[f80c66c4-8a3d-47db-b3f8-20b0bcb8a3f5:c4492, 6e9bc0f4-a324-4be3-b201-2d39df7dad8a:c4490, cffe1303-2f93-4087-8a62-a40745db49f2:c4490]
2019-07-10 09:51:04,876 INFO  client.GrpcClientProtocolClient (GrpcClientProtocolClient.java:onNext(255)) - client-7D6108789623->f80c66c4-8a3d-47db-b3f8-20b0bcb8a3f5: receive RaftClientReply:client-7D6108789623->f80c66c4-8a3d-47db-b3f8-20b0bcb8a3f5@group-7D2873B646E2, cid=3015, SUCCESS, logIndex=4492, commits[f80c66c4-8a3d-47db-b3f8-20b0bcb8a3f5:c4492, 6e9bc0f4-a324-4be3-b201-2d39df7dad8a:c4490, cffe1303-2f93-4087-8a62-a40745db49f2:c4490]
2019-07-10 09:51:04,884 INFO  client.GrpcClientProtocolClient (GrpcClientProtocolClient.java:onNext(255)) - client-7D6108789623->f80c66c4-8a3d-47db-b3f8-20b0bcb8a3f5: receive RaftClientReply:client-7D6108789623->f80c66c4-8a3d-47db-b3f8-20b0bcb8a3f5@group-7D2873B646E2, cid=3016, SUCCESS, logIndex=4493, commits[f80c66c4-8a3d-47db-b3f8-20b0bcb8a3f5:c4494, 6e9bc0f4-a324-4be3-b201-2d39df7dad8a:c4490, cffe1303-2f93-4087-8a62-a40745db49f2:c4490]
2019-07-10 09:51:04,885 INFO  client.GrpcClientProtocolClient (GrpcClientProtocolClient.java:onNext(255)) - client-7D6108789623->f80c66c4-8a3d-47db-b3f8-20b0bcb8a3f5: receive RaftClientReply:client-7D6108789623->f80c66c4-8a3d-47db-b3f8-20b0bcb8a3f5@group-7D2873B646E2, cid=3017, SUCCESS, logIndex=4494, commits[f80c66c4-8a3d-47db-b3f8-20b0bcb8a3f5:c4494, 6e9bc0f4-a324-4be3-b201-2d39df7dad8a:c4490, cffe1303-2f93-4087-8a62-a40745db49f2:c4490]
2019-07-10 09:51:04,894 INFO  client.GrpcClientProtocolClient (GrpcClientProtocolClient.java:onNext(255)) - client-7D6108789623->f80c66c4-8a3d-47db-b3f8-20b0bcb8a3f5: receive RaftClientReply:client-7D6108789623->f80c66c4-8a3d-47db-b3f8-20b0bcb8a3f5@group-7D2873B646E2, cid=3018, SUCCESS, logIndex=0, commits[f80c66c4-8a3d-47db-b3f8-20b0bcb8a3f5:c4496, 6e9bc0f4-a324-4be3-b201-2d39df7dad8a:c4492, cffe1303-2f93-4087-8a62-a40745db49f2:c4492]
2019-07-10 09:51:04,915 INFO  client.GrpcClientProtocolClient (GrpcClientProtocolClient.java:onNext(255)) - client-7D6108789623->f80c66c4-8a3d-47db-b3f8-20b0bcb8a3f5: receive RaftClientReply:client-7D6108789623->f80c66c4-8a3d-47db-b3f8-20b0bcb8a3f5@group-7D2873B646E2, cid=3019, SUCCESS, logIndex=4499, commits[f80c66c4-8a3d-47db-b3f8-20b0bcb8a3f5:c4500, 6e9bc0f4-a324-4be3-b201-2d39df7dad8a:c4494, cffe1303-2f93-4087-8a62-a40745db49f2:c4498]
2019-07-10 09:51:04,916 INFO  client.GrpcClientProtocolClient (GrpcClientProtocolClient.java:onNext(255)) - client-7D6108789623->f80c66c4-8a3d-47db-b3f8-20b0bcb8a3f5: receive RaftClientReply:client-7D6108789623->f80c66c4-8a3d-47db-b3f8-20b0bcb8a3f5@group-7D2873B646E2, cid=3020, SUCCESS, logIndex=4500, commits[f80c66c4-8a3d-47db-b3f8-20b0bcb8a3f5:c4500, 6e9bc0f4-a324-4be3-b201-2d39df7dad8a:c4498, cffe1303-2f93-4087-8a62-a40745db49f2:c4498]
2019-07-10 09:51:04,936 INFO  client.GrpcClientProtocolClient (GrpcClientProtocolClient.java:onNext(255)) - client-7D6108789623->f80c66c4-8a3d-47db-b3f8-20b0bcb8a3f5: receive RaftClientReply:client-7D6108789623->f80c66c4-8a3d-47db-b3f8-20b0bcb8a3f5@group-7D2873B646E2, cid=3021, SUCCESS, logIndex=4503, commits[f80c66c4-8a3d-47db-b3f8-20b0bcb8a3f5:c4504, 6e9bc0f4-a324-4be3-b201-2d39df7dad8a:c4501, cffe1303-2f93-4087-8a62-a40745db49f2:c4501]
2019-07-10 09:51:04,936 INFO  client.GrpcClientProtocolClient (GrpcClientProtocolClient.java:onNext(255)) - client-7D6108789623->f80c66c4-8a3d-47db-b3f8-20b0bcb8a3f5: receive RaftClientReply:client-7D6108789623->f80c66c4-8a3d-47db-b3f8-20b0bcb8a3f5@group-7D2873B646E2, cid=3022, SUCCESS, logIndex=4504, commits[f80c66c4-8a3d-47db-b3f8-20b0bcb8a3f5:c4504, 6e9bc0f4-a324-4be3-b201-2d39df7dad8a:c4501, cffe1303-2f93-4087-8a62-a40745db49f2:c4501]
2019-07-10 09:51:04,941 INFO  client.GrpcClientProtocolClient (GrpcClientProtocolClient.java:onNext(255)) - client-7D6108789623->f80c66c4-8a3d-47db-b3f8-20b0bcb8a3f5: receive RaftClientReply:client-7D6108789623->f80c66c4-8a3d-47db-b3f8-20b0bcb8a3f5@group-7D2873B646E2, cid=3023, SUCCESS, logIndex=0, commits[f80c66c4-8a3d-47db-b3f8-20b0bcb8a3f5:c4506, 6e9bc0f4-a324-4be3-b201-2d39df7dad8a:c4504, cffe1303-2f93-4087-8a62-a40745db49f2:c4504]
2019-07-10 09:51:04,970 INFO  client.GrpcClientProtocolClient (GrpcClientProtocolClient.java:onNext(255)) - client-7D6108789623->f80c66c4-8a3d-47db-b3f8-20b0bcb8a3f5: receive RaftClientReply:client-7D6108789623->f80c66c4-8a3d-47db-b3f8-20b0bcb8a3f5@group-7D2873B646E2, cid=3024, SUCCESS, logIndex=4507, commits[f80c66c4-8a3d-47db-b3f8-20b0bcb8a3f5:c4508, 6e9bc0f4-a324-4be3-b201-2d39df7dad8a:c4506, cffe1303-2f93-4087-8a62-a40745db49f2:c4506]
2019-07-10 09:51:04,971 INFO  client.GrpcClientProtocolClient (GrpcClientProtocolClient.java:onNext(255)) - client-7D6108789623->f80c66c4-8a3d-47db-b3f8-20b0bcb8a3f5: receive RaftClientReply:client-7D6108789623->f80c66c4-8a3d-47db-b3f8-20b0bcb8a3f5@group-7D2873B646E2, cid=3025, SUCCESS, logIndex=4508, commits[f80c66c4-8a3d-47db-b3f8-20b0bcb8a3f5:c4509, 6e9bc0f4-a324-4be3-b201-2d39df7dad8a:c4506, cffe1303-2f93-4087-8a62-a40745db49f2:c4506]
2019-07-10 09:51:04,971 INFO  client.GrpcClientProtocolClient (GrpcClientProtocolClient.java:onNext(255)) - client-7D6108789623->f80c66c4-8a3d-47db-b3f8-20b0bcb8a3f5: receive RaftClientReply:client-7D6108789623->f80c66c4-8a3d-47db-b3f8-20b0bcb8a3f5@group-7D2873B646E2, cid=3026, SUCCESS, logIndex=4509, commits[f80c66c4-8a3d-47db-b3f8-20b0bcb8a3f5:c4510, 6e9bc0f4-a324-4be3-b201-2d39df7dad8a:c4506, cffe1303-2f93-4087-8a62-a40745db49f2:c4506]
2019-07-10 09:51:04,971 INFO  client.GrpcClientProtocolClient (GrpcClientProtocolClient.java:onNext(255)) - client-7D6108789623->f80c66c4-8a3d-47db-b3f8-20b0bcb8a3f5: receive RaftClientReply:client-7D6108789623->f80c66c4-8a3d-47db-b3f8-20b0bcb8a3f5@group-7D2873B646E2, cid=3027, SUCCESS, logIndex=4510, commits[f80c66c4-8a3d-47db-b3f8-20b0bcb8a3f5:c4510, 6e9bc0f4-a324-4be3-b201-2d39df7dad8a:c4506, cffe1303-2f93-4087-8a62-a40745db49f2:c4506]
2019-07-10 09:51:04,983 INFO  client.GrpcClientProtocolClient (GrpcClientProtocolClient.java:onNext(255)) - client-7D6108789623->f80c66c4-8a3d-47db-b3f8-20b0bcb8a3f5: receive RaftClientReply:client-7D6108789623->f80c66c4-8a3d-47db-b3f8-20b0bcb8a3f5@group-7D2873B646E2, cid=3028, SUCCESS, logIndex=0, commits[f80c66c4-8a3d-47db-b3f8-20b0bcb8a3f5:c4514, 6e9bc0f4-a324-4be3-b201-2d39df7dad8a:c4510, cffe1303-2f93-4087-8a62-a40745db49f2:c4508]
2019-07-10 09:51:05,003 INFO  client.GrpcClientProtocolClient (GrpcClientProtocolClient.java:onNext(255)) - client-7D6108789623->f80c66c4-8a3d-47db-b3f8-20b0bcb8a3f5: receive RaftClientReply:client-7D6108789623->f80c66c4-8a3d-47db-b3f8-20b0bcb8a3f5@group-7D2873B646E2, cid=3029, SUCCESS, logIndex=4515, commits[f80c66c4-8a3d-47db-b3f8-20b0bcb8a3f5:c4516, 6e9bc0f4-a324-4be3-b201-2d39df7dad8a:c4514, cffe1303-2f93-4087-8a62-a40745db49f2:c4514]
2019-07-10 09:51:05,003 INFO  client.GrpcClientProtocolClient (GrpcClientProtocolClient.java:onNext(255)) - client-7D6108789623->f80c66c4-8a3d-47db-b3f8-20b0bcb8a3f5: receive RaftClientReply:client-7D6108789623->f80c66c4-8a3d-47db-b3f8-20b0bcb8a3f5@group-7D2873B646E2, cid=3030, SUCCESS, logIndex=4516, commits[f80c66c4-8a3d-47db-b3f8-20b0bcb8a3f5:c4516, 6e9bc0f4-a324-4be3-b201-2d39df7dad8a:c4514, cffe1303-2f93-4087-8a62-a40745db49f2:c4514]
2019-07-10 09:51:05,024 INFO  client.GrpcClientProtocolClient (GrpcClientProtocolClient.java:onNext(255)) - client-7D6108789623->f80c66c4-8a3d-47db-b3f8-20b0bcb8a3f5: receive RaftClientReply:client-7D6108789623->f80c66c4-8a3d-47db-b3f8-20b0bcb8a3f5@group-7D2873B646E2, cid=3031, SUCCESS, logIndex=4519, commits[f80c66c4-8a3d-47db-b3f8-20b0bcb8a3f5:c4520, 6e9bc0f4-a324-4be3-b201-2d39df7dad8a:c4516, cffe1303-2f93-4087-8a62-a40745db49f2:c4516]
2019-07-10 09:51:05,025 INFO  client.GrpcClientProtocolClient (GrpcClientProtocolClient.java:onNext(255)) - client-7D6108789623->f80c66c4-8a3d-47db-b3f8-20b0bcb8a3f5: receive RaftClientReply:client-7D6108789623->f80c66c4-8a3d-47db-b3f8-20b0bcb8a3f5@group-7D2873B646E2, cid=3032, SUCCESS, logIndex=4520, commits[f80c66c4-8a3d-47db-b3f8-20b0bcb8a3f5:c4520, 6e9bc0f4-a324-4be3-b201-2d39df7dad8a:c4516, cffe1303-2f93-4087-8a62-a40745db49f2:c4516]
2019-07-10 09:51:05,027 INFO  client.GrpcClientProtocolClient (GrpcClientProtocolClient.java:onNext(255)) - client-7D6108789623->f80c66c4-8a3d-47db-b3f8-20b0bcb8a3f5: receive RaftClientReply:client-7D6108789623->f80c66c4-8a3d-47db-b3f8-20b0bcb8a3f5@group-7D2873B646E2, cid=3033, SUCCESS, logIndex=0, commits[f80c66c4-8a3d-47db-b3f8-20b0bcb8a3f5:c4521, 6e9bc0f4-a324-4be3-b201-2d39df7dad8a:c4520, cffe1303-2f93-4087-8a62-a40745db49f2:c4520]
2019-07-10 09:51:05,059 INFO  client.GrpcClientProtocolClient (GrpcClientProtocolClient.java:onNext(255)) - client-7D6108789623->f80c66c4-8a3d-47db-b3f8-20b0bcb8a3f5: receive RaftClientReply:client-7D6108789623->f80c66c4-8a3d-47db-b3f8-20b0bcb8a3f5@group-7D2873B646E2, cid=3034, SUCCESS, logIndex=4523, commits[f80c66c4-8a3d-47db-b3f8-20b0bcb8a3f5:c4524, 6e9bc0f4-a324-4be3-b201-2d39df7dad8a:c4522, cffe1303-2f93-4087-8a62-a40745db49f2:c4522]
2019-07-10 09:51:05,060 INFO  client.GrpcClientProtocolClient (GrpcClientProtocolClient.java:onNext(255)) - client-7D6108789623->f80c66c4-8a3d-47db-b3f8-20b0bcb8a3f5: receive RaftClientReply:client-7D6108789623->f80c66c4-8a3d-47db-b3f8-20b0bcb8a3f5@group-7D2873B646E2, cid=3035, SUCCESS, logIndex=4524, commits[f80c66c4-8a3d-47db-b3f8-20b0bcb8a3f5:c4524, 6e9bc0f4-a324-4be3-b201-2d39df7dad8a:c4522, cffe1303-2f93-4087-8a62-a40745db49f2:c4522]
2019-07-10 09:51:05,069 INFO  client.GrpcClientProtocolClient (GrpcClientProtocolClient.java:onNext(255)) - client-7D6108789623->f80c66c4-8a3d-47db-b3f8-20b0bcb8a3f5: receive RaftClientReply:client-7D6108789623->f80c66c4-8a3d-47db-b3f8-20b0bcb8a3f5@group-7D2873B646E2, cid=3036, SUCCESS, logIndex=4525, commits[f80c66c4-8a3d-47db-b3f8-20b0bcb8a3f5:c4526, 6e9bc0f4-a324-4be3-b201-2d39df7dad8a:c4522, cffe1303-2f93-4087-8a62-a40745db49f2:c4522]
2019-07-10 09:51:05,070 INFO  client.GrpcClientProtocolClient (GrpcClientProtocolClient.java:onNext(255)) - client-7D6108789623->f80c66c4-8a3d-47db-b3f8-20b0bcb8a3f5: receive RaftClientReply:client-7D6108789623->f80c66c4-8a3d-47db-b3f8-20b0bcb8a3f5@group-7D2873B646E2, cid=3037, SUCCESS, logIndex=4526, commits[f80c66c4-8a3d-47db-b3f8-20b0bcb8a3f5:c4528, 6e9bc0f4-a324-4be3-b201-2d39df7dad8a:c4524, cffe1303-2f93-4087-8a62-a40745db49f2:c4522]
2019-07-10 09:51:05,072 INFO  client.GrpcClientProtocolClient (GrpcClientProtocolClient.java:onNext(255)) - client-7D6108789623->f80c66c4-8a3d-47db-b3f8-20b0bcb8a3f5: receive RaftClientReply:client-7D6108789623->f80c66c4-8a3d-47db-b3f8-20b0bcb8a3f5@group-7D2873B646E2, cid=3038, SUCCESS, logIndex=0, commits[f80c66c4-8a3d-47db-b3f8-20b0bcb8a3f5:c4528, 6e9bc0f4-a324-4be3-b201-2d39df7dad8a:c4524, cffe1303-2f93-4087-8a62-a40745db49f2:c4524]
2019-07-10 09:51:05,094 INFO  client.GrpcClientProtocolClient (GrpcClientProtocolClient.java:onNext(255)) - client-7D6108789623->f80c66c4-8a3d-47db-b3f8-20b0bcb8a3f5: receive RaftClientReply:client-7D6108789623->f80c66c4-8a3d-47db-b3f8-20b0bcb8a3f5@group-7D2873B646E2, cid=3039, SUCCESS, logIndex=4531, commits[f80c66c4-8a3d-47db-b3f8-20b0bcb8a3f5:c4532, 6e9bc0f4-a324-4be3-b201-2d39df7dad8a:c4528, cffe1303-2f93-4087-8a62-a40745db49f2:c4528]
2019-07-10 09:51:05,095 INFO  client.GrpcClientProtocolClient (GrpcClientProtocolClient.java:onNext(255)) - client-7D6108789623->f80c66c4-8a3d-47db-b3f8-20b0bcb8a3f5: receive RaftClientReply:client-7D6108789623->f80c66c4-8a3d-47db-b3f8-20b0bcb8a3f5@group-7D2873B646E2, cid=3040, SUCCESS, logIndex=4532, commits[f80c66c4-8a3d-47db-b3f8-20b0bcb8a3f5:c4532, 6e9bc0f4-a324-4be3-b201-2d39df7dad8a:c4528, cffe1303-2f93-4087-8a62-a40745db49f2:c4528]
2019-07-10 09:51:05,108 INFO  client.GrpcClientProtocolClient (GrpcClientProtocolClient.java:onNext(255)) - client-7D6108789623->f80c66c4-8a3d-47db-b3f8-20b0bcb8a3f5: receive RaftClientReply:client-7D6108789623->f80c66c4-8a3d-47db-b3f8-20b0bcb8a3f5@group-7D2873B646E2, cid=3041, SUCCESS, logIndex=4535, commits[f80c66c4-8a3d-47db-b3f8-20b0bcb8a3f5:c4536, 6e9bc0f4-a324-4be3-b201-2d39df7dad8a:c4533, cffe1303-2f93-4087-8a62-a40745db49f2:c4533]
2019-07-10 09:51:05,109 INFO  client.GrpcClientProtocolClient (GrpcClientProtocolClient.java:onNext(255)) - client-7D6108789623->f80c66c4-8a3d-47db-b3f8-20b0bcb8a3f5: receive RaftClientReply:client-7D6108789623->f80c66c4-8a3d-47db-b3f8-20b0bcb8a3f5@group-7D2873B646E2, cid=3042, SUCCESS, logIndex=4536, commits[f80c66c4-8a3d-47db-b3f8-20b0bcb8a3f5:c4536, 6e9bc0f4-a324-4be3-b201-2d39df7dad8a:c4533, cffe1303-2f93-4087-8a62-a40745db49f2:c4533]
2019-07-10 09:51:05,122 INFO  client.GrpcClientProtocolClient (GrpcClientProtocolClient.java:onNext(255)) - client-7D6108789623->f80c66c4-8a3d-47db-b3f8-20b0bcb8a3f5: receive RaftClientReply:client-7D6108789623->f80c66c4-8a3d-47db-b3f8-20b0bcb8a3f5@group-7D2873B646E2, cid=3043, SUCCESS, logIndex=0, commits[f80c66c4-8a3d-47db-b3f8-20b0bcb8a3f5:c4538, 6e9bc0f4-a324-4be3-b201-2d39df7dad8a:c4536, cffe1303-2f93-4087-8a62-a40745db49f2:c4536]
2019-07-10 09:51:05,152 INFO  client.GrpcClientProtocolClient (GrpcClientProtocolClient.java:onNext(255)) - client-7D6108789623->f80c66c4-8a3d-47db-b3f8-20b0bcb8a3f5: receive RaftClientReply:client-7D6108789623->f80c66c4-8a3d-47db-b3f8-20b0bcb8a3f5@group-7D2873B646E2, cid=3044, SUCCESS, logIndex=4539, commits[f80c66c4-8a3d-47db-b3f8-20b0bcb8a3f5:c4541, 6e9bc0f4-a324-4be3-b201-2d39df7dad8a:c4538, cffe1303-2f93-4087-8a62-a40745db49f2:c4538]
2019-07-10 09:51:05,152 INFO  client.GrpcClientProtocolClient (GrpcClientProtocolClient.java:onNext(255)) - client-7D6108789623->f80c66c4-8a3d-47db-b3f8-20b0bcb8a3f5: receive RaftClientReply:client-7D6108789623->f80c66c4-8a3d-47db-b3f8-20b0bcb8a3f5@group-7D2873B646E2, cid=3045, SUCCESS, logIndex=4540, commits[f80c66c4-8a3d-47db-b3f8-20b0bcb8a3f5:c4542, 6e9bc0f4-a324-4be3-b201-2d39df7dad8a:c4538, cffe1303-2f93-4087-8a62-a40745db49f2:c4538]
2019-07-10 09:51:05,153 INFO  client.GrpcClientProtocolClient (GrpcClientProtocolClient.java:onNext(255)) - client-7D6108789623->f80c66c4-8a3d-47db-b3f8-20b0bcb8a3f5: receive RaftClientReply:client-7D6108789623->f80c66c4-8a3d-47db-b3f8-20b0bcb8a3f5@group-7D2873B646E2, cid=3046, SUCCESS, logIndex=4541, commits[f80c66c4-8a3d-47db-b3f8-20b0bcb8a3f5:c4542, 6e9bc0f4-a324-4be3-b201-2d39df7dad8a:c4538, cffe1303-2f93-4087-8a62-a40745db49f2:c4538]
2019-07-10 09:51:05,153 INFO  client.GrpcClientProtocolClient (GrpcClientProtocolClient.java:onNext(255)) - client-7D6108789623->f80c66c4-8a3d-47db-b3f8-20b0bcb8a3f5: receive RaftClientReply:client-7D6108789623->f80c66c4-8a3d-47db-b3f8-20b0bcb8a3f5@group-7D2873B646E2, cid=3047, SUCCESS, logIndex=4542, commits[f80c66c4-8a3d-47db-b3f8-20b0bcb8a3f5:c4542, 6e9bc0f4-a324-4be3-b201-2d39df7dad8a:c4538, cffe1303-2f93-4087-8a62-a40745db49f2:c4538]
2019-07-10 09:51:05,165 INFO  client.GrpcClientProtocolClient (GrpcClientProtocolClient.java:onNext(255)) - client-7D6108789623->f80c66c4-8a3d-47db-b3f8-20b0bcb8a3f5: receive RaftClientReply:client-7D6108789623->f80c66c4-8a3d-47db-b3f8-20b0bcb8a3f5@group-7D2873B646E2, cid=3048, SUCCESS, logIndex=0, commits[f80c66c4-8a3d-47db-b3f8-20b0bcb8a3f5:c4546, 6e9bc0f4-a324-4be3-b201-2d39df7dad8a:c4542, cffe1303-2f93-4087-8a62-a40745db49f2:c4540]
2019-07-10 09:51:05,184 INFO  client.GrpcClientProtocolClient (GrpcClientProtocolClient.java:onNext(255)) - client-7D6108789623->f80c66c4-8a3d-47db-b3f8-20b0bcb8a3f5: receive RaftClientReply:client-7D6108789623->f80c66c4-8a3d-47db-b3f8-20b0bcb8a3f5@group-7D2873B646E2, cid=3049, SUCCESS, logIndex=4547, commits[f80c66c4-8a3d-47db-b3f8-20b0bcb8a3f5:c4548, 6e9bc0f4-a324-4be3-b201-2d39df7dad8a:c4546, cffe1303-2f93-4087-8a62-a40745db49f2:c4546]
2019-07-10 09:51:05,184 INFO  client.GrpcClientProtocolClient (GrpcClientProtocolClient.java:onNext(255)) - client-7D6108789623->f80c66c4-8a3d-47db-b3f8-20b0bcb8a3f5: receive RaftClientReply:client-7D6108789623->f80c66c4-8a3d-47db-b3f8-20b0bcb8a3f5@group-7D2873B646E2, cid=3050, SUCCESS, logIndex=4548, commits[f80c66c4-8a3d-47db-b3f8-20b0bcb8a3f5:c4548, 6e9bc0f4-a324-4be3-b201-2d39df7dad8a:c4546, cffe1303-2f93-4087-8a62-a40745db49f2:c4546]
2019-07-10 09:51:05,205 INFO  client.GrpcClientProtocolClient (GrpcClientProtocolClient.java:onNext(255)) - client-7D6108789623->f80c66c4-8a3d-47db-b3f8-20b0bcb8a3f5: receive RaftClientReply:client-7D6108789623->f80c66c4-8a3d-47db-b3f8-20b0bcb8a3f5@group-7D2873B646E2, cid=3051, SUCCESS, logIndex=4551, commits[f80c66c4-8a3d-47db-b3f8-20b0bcb8a3f5:c4552, 6e9bc0f4-a324-4be3-b201-2d39df7dad8a:c4548, cffe1303-2f93-4087-8a62-a40745db49f2:c4548]
2019-07-10 09:51:05,205 INFO  client.GrpcClientProtocolClient (GrpcClientProtocolClient.java:onNext(255)) - client-7D6108789623->f80c66c4-8a3d-47db-b3f8-20b0bcb8a3f5: receive RaftClientReply:client-7D6108789623->f80c66c4-8a3d-47db-b3f8-20b0bcb8a3f5@group-7D2873B646E2, cid=3052, SUCCESS, logIndex=4552, commits[f80c66c4-8a3d-47db-b3f8-20b0bcb8a3f5:c4552, 6e9bc0f4-a324-4be3-b201-2d39df7dad8a:c4548, cffe1303-2f93-4087-8a62-a40745db49f2:c4548]
2019-07-10 09:51:05,206 INFO  client.GrpcClientProtocolClient (GrpcClientProtocolClient.java:onNext(255)) - client-7D6108789623->f80c66c4-8a3d-47db-b3f8-20b0bcb8a3f5: receive RaftClientReply:client-7D6108789623->f80c66c4-8a3d-47db-b3f8-20b0bcb8a3f5@group-7D2873B646E2, cid=3053, SUCCESS, logIndex=0, commits[f80c66c4-8a3d-47db-b3f8-20b0bcb8a3f5:c4553, 6e9bc0f4-a324-4be3-b201-2d39df7dad8a:c4552, cffe1303-2f93-4087-8a62-a40745db49f2:c4552]
2019-07-10 09:51:05,233 INFO  client.GrpcClientProtocolClient (GrpcClientProtocolClient.java:onNext(255)) - client-7D6108789623->f80c66c4-8a3d-47db-b3f8-20b0bcb8a3f5: receive RaftClientReply:client-7D6108789623->f80c66c4-8a3d-47db-b3f8-20b0bcb8a3f5@group-7D2873B646E2, cid=3054, SUCCESS, logIndex=4555, commits[f80c66c4-8a3d-47db-b3f8-20b0bcb8a3f5:c4555, 6e9bc0f4-a324-4be3-b201-2d39df7dad8a:c4554, cffe1303-2f93-4087-8a62-a40745db49f2:c4554]
2019-07-10 09:51:05,234 INFO  client.GrpcClientProtocolClient (GrpcClientProtocolClient.java:onNext(255)) - client-7D6108789623->f80c66c4-8a3d-47db-b3f8-20b0bcb8a3f5: receive RaftClientReply:client-7D6108789623->f80c66c4-8a3d-47db-b3f8-20b0bcb8a3f5@group-7D2873B646E2, cid=3055, SUCCESS, logIndex=4556, commits[f80c66c4-8a3d-47db-b3f8-20b0bcb8a3f5:c4556, 6e9bc0f4-a324-4be3-b201-2d39df7dad8a:c4554, cffe1303-2f93-4087-8a62-a40745db49f2:c4554]
2019-07-10 09:51:05,234 INFO  client.GrpcClientProtocolClient (GrpcClientProtocolClient.java:onNext(255)) - client-7D6108789623->f80c66c4-8a3d-47db-b3f8-20b0bcb8a3f5: receive RaftClientReply:client-7D6108789623->f80c66c4-8a3d-47db-b3f8-20b0bcb8a3f5@group-7D2873B646E2, cid=3056, SUCCESS, logIndex=4557, commits[f80c66c4-8a3d-47db-b3f8-20b0bcb8a3f5:c4558, 6e9bc0f4-a324-4be3-b201-2d39df7dad8a:c4554, cffe1303-2f93-4087-8a62-a40745db49f2:c4554]
2019-07-10 09:51:05,235 INFO  client.GrpcClientProtocolClient (GrpcClientProtocolClient.java:onNext(255)) - client-7D6108789623->f80c66c4-8a3d-47db-b3f8-20b0bcb8a3f5: receive RaftClientReply:client-7D6108789623->f80c66c4-8a3d-47db-b3f8-20b0bcb8a3f5@group-7D2873B646E2, cid=3057, SUCCESS, logIndex=4558, commits[f80c66c4-8a3d-47db-b3f8-20b0bcb8a3f5:c4558, 6e9bc0f4-a324-4be3-b201-2d39df7dad8a:c4554, cffe1303-2f93-4087-8a62-a40745db49f2:c4554]
 0.00% |█                                                                                                    |  0/1 Time: 0:00:292019-07-10 09:51:05,246 INFO  client.GrpcClientProtocolClient (GrpcClientProtocolClient.java:onNext(255)) - client-7D6108789623->f80c66c4-8a3d-47db-b3f8-20b0bcb8a3f5: receive RaftClientReply:client-7D6108789623->f80c66c4-8a3d-47db-b3f8-20b0bcb8a3f5@group-7D2873B646E2, cid=3058, SUCCESS, logIndex=0, commits[f80c66c4-8a3d-47db-b3f8-20b0bcb8a3f5:c4560, 6e9bc0f4-a324-4be3-b201-2d39df7dad8a:c4556, cffe1303-2f93-4087-8a62-a40745db49f2:c4556]
2019-07-10 09:51:05,264 INFO  client.GrpcClientProtocolClient (GrpcClientProtocolClient.java:onNext(255)) - client-7D6108789623->f80c66c4-8a3d-47db-b3f8-20b0bcb8a3f5: receive RaftClientReply:client-7D6108789623->f80c66c4-8a3d-47db-b3f8-20b0bcb8a3f5@group-7D2873B646E2, cid=3059, SUCCESS, logIndex=4563, commits[f80c66c4-8a3d-47db-b3f8-20b0bcb8a3f5:c4564, 6e9bc0f4-a324-4be3-b201-2d39df7dad8a:c4562, cffe1303-2f93-4087-8a62-a40745db49f2:c4562]
2019-07-10 09:51:05,264 INFO  client.GrpcClientProtocolClient (GrpcClientProtocolClient.java:onNext(255)) - client-7D6108789623->f80c66c4-8a3d-47db-b3f8-20b0bcb8a3f5: receive RaftClientReply:client-7D6108789623->f80c66c4-8a3d-47db-b3f8-20b0bcb8a3f5@group-7D2873B646E2, cid=3060, SUCCESS, logIndex=4564, commits[f80c66c4-8a3d-47db-b3f8-20b0bcb8a3f5:c4564, 6e9bc0f4-a324-4be3-b201-2d39df7dad8a:c4562, cffe1303-2f93-4087-8a62-a40745db49f2:c4562]
2019-07-10 09:51:05,276 INFO  client.GrpcClientProtocolClient (GrpcClientProtocolClient.java:onNext(255)) - client-7D6108789623->f80c66c4-8a3d-47db-b3f8-20b0bcb8a3f5: receive RaftClientReply:client-7D6108789623->f80c66c4-8a3d-47db-b3f8-20b0bcb8a3f5@group-7D2873B646E2, cid=3061, SUCCESS, logIndex=4567, commits[f80c66c4-8a3d-47db-b3f8-20b0bcb8a3f5:c4568, 6e9bc0f4-a324-4be3-b201-2d39df7dad8a:c4566, cffe1303-2f93-4087-8a62-a40745db49f2:c4566]
2019-07-10 09:51:05,277 INFO  client.GrpcClientProtocolClient (GrpcClientProtocolClient.java:onNext(255)) - client-7D6108789623->f80c66c4-8a3d-47db-b3f8-20b0bcb8a3f5: receive RaftClientReply:client-7D6108789623->f80c66c4-8a3d-47db-b3f8-20b0bcb8a3f5@group-7D2873B646E2, cid=3062, SUCCESS, logIndex=4568, commits[f80c66c4-8a3d-47db-b3f8-20b0bcb8a3f5:c4568, 6e9bc0f4-a324-4be3-b201-2d39df7dad8a:c4566, cffe1303-2f93-4087-8a62-a40745db49f2:c4566]
2019-07-10 09:51:05,280 INFO  client.GrpcClientProtocolClient (GrpcClientProtocolClient.java:onNext(255)) - client-7D6108789623->f80c66c4-8a3d-47db-b3f8-20b0bcb8a3f5: receive RaftClientReply:client-7D6108789623->f80c66c4-8a3d-47db-b3f8-20b0bcb8a3f5@group-7D2873B646E2, cid=3063, SUCCESS, logIndex=0, commits[f80c66c4-8a3d-47db-b3f8-20b0bcb8a3f5:c4570, 6e9bc0f4-a324-4be3-b201-2d39df7dad8a:c4568, cffe1303-2f93-4087-8a62-a40745db49f2:c4568]
2019-07-10 09:51:05,308 INFO  client.GrpcClientProtocolClient (GrpcClientProtocolClient.java:onNext(255)) - client-7D6108789623->f80c66c4-8a3d-47db-b3f8-20b0bcb8a3f5: receive RaftClientReply:client-7D6108789623->f80c66c4-8a3d-47db-b3f8-20b0bcb8a3f5@group-7D2873B646E2, cid=3064, SUCCESS, logIndex=4571, commits[f80c66c4-8a3d-47db-b3f8-20b0bcb8a3f5:c4574, 6e9bc0f4-a324-4be3-b201-2d39df7dad8a:c4570, cffe1303-2f93-4087-8a62-a40745db49f2:c4568]
2019-07-10 09:51:05,309 INFO  client.GrpcClientProtocolClient (GrpcClientProtocolClient.java:onNext(255)) - client-7D6108789623->f80c66c4-8a3d-47db-b3f8-20b0bcb8a3f5: receive RaftClientReply:client-7D6108789623->f80c66c4-8a3d-47db-b3f8-20b0bcb8a3f5@group-7D2873B646E2, cid=3065, SUCCESS, logIndex=4572, commits[f80c66c4-8a3d-47db-b3f8-20b0bcb8a3f5:c4574, 6e9bc0f4-a324-4be3-b201-2d39df7dad8a:c4570, cffe1303-2f93-4087-8a62-a40745db49f2:c4570]
2019-07-10 09:51:05,309 INFO  client.GrpcClientProtocolClient (GrpcClientProtocolClient.java:onNext(255)) - client-7D6108789623->f80c66c4-8a3d-47db-b3f8-20b0bcb8a3f5: receive RaftClientReply:client-7D6108789623->f80c66c4-8a3d-47db-b3f8-20b0bcb8a3f5@group-7D2873B646E2, cid=3066, SUCCESS, logIndex=4573, commits[f80c66c4-8a3d-47db-b3f8-20b0bcb8a3f5:c4574, 6e9bc0f4-a324-4be3-b201-2d39df7dad8a:c4570, cffe1303-2f93-4087-8a62-a40745db49f2:c4570]
2019-07-10 09:51:05,310 INFO  client.GrpcClientProtocolClient (GrpcClientProtocolClient.java:onNext(255)) - client-7D6108789623->f80c66c4-8a3d-47db-b3f8-20b0bcb8a3f5: receive RaftClientReply:client-7D6108789623->f80c66c4-8a3d-47db-b3f8-20b0bcb8a3f5@group-7D2873B646E2, cid=3067, SUCCESS, logIndex=4574, commits[f80c66c4-8a3d-47db-b3f8-20b0bcb8a3f5:c4574, 6e9bc0f4-a324-4be3-b201-2d39df7dad8a:c4570, cffe1303-2f93-4087-8a62-a40745db49f2:c4570]
2019-07-10 09:51:05,318 INFO  client.GrpcClientProtocolClient (GrpcClientProtocolClient.java:onNext(255)) - client-7D6108789623->f80c66c4-8a3d-47db-b3f8-20b0bcb8a3f5: receive RaftClientReply:client-7D6108789623->f80c66c4-8a3d-47db-b3f8-20b0bcb8a3f5@group-7D2873B646E2, cid=3068, SUCCESS, logIndex=0, commits[f80c66c4-8a3d-47db-b3f8-20b0bcb8a3f5:c4575, 6e9bc0f4-a324-4be3-b201-2d39df7dad8a:c4572, cffe1303-2f93-4087-8a62-a40745db49f2:c4572]
2019-07-10 09:51:05,335 INFO  client.GrpcClientProtocolClient (GrpcClientProtocolClient.java:onNext(255)) - client-7D6108789623->f80c66c4-8a3d-47db-b3f8-20b0bcb8a3f5: receive RaftClientReply:client-7D6108789623->f80c66c4-8a3d-47db-b3f8-20b0bcb8a3f5@group-7D2873B646E2, cid=3069, SUCCESS, logIndex=4579, commits[f80c66c4-8a3d-47db-b3f8-20b0bcb8a3f5:c4580, 6e9bc0f4-a324-4be3-b201-2d39df7dad8a:c4578, cffe1303-2f93-4087-8a62-a40745db49f2:c4578]
2019-07-10 09:51:05,335 INFO  client.GrpcClientProtocolClient (GrpcClientProtocolClient.java:onNext(255)) - client-7D6108789623->f80c66c4-8a3d-47db-b3f8-20b0bcb8a3f5: receive RaftClientReply:client-7D6108789623->f80c66c4-8a3d-47db-b3f8-20b0bcb8a3f5@group-7D2873B646E2, cid=3070, SUCCESS, logIndex=4580, commits[f80c66c4-8a3d-47db-b3f8-20b0bcb8a3f5:c4580, 6e9bc0f4-a324-4be3-b201-2d39df7dad8a:c4578, cffe1303-2f93-4087-8a62-a40745db49f2:c4578]
2019-07-10 09:51:05,362 INFO  client.GrpcClientProtocolClient (GrpcClientProtocolClient.java:onNext(255)) - client-7D6108789623->f80c66c4-8a3d-47db-b3f8-20b0bcb8a3f5: receive RaftClientReply:client-7D6108789623->f80c66c4-8a3d-47db-b3f8-20b0bcb8a3f5@group-7D2873B646E2, cid=3071, SUCCESS, logIndex=4583, commits[f80c66c4-8a3d-47db-b3f8-20b0bcb8a3f5:c4583, 6e9bc0f4-a324-4be3-b201-2d39df7dad8a:c4580, cffe1303-2f93-4087-8a62-a40745db49f2:c4580]
2019-07-10 09:51:05,362 INFO  client.GrpcClientProtocolClient (GrpcClientProtocolClient.java:onNext(255)) - client-7D6108789623->f80c66c4-8a3d-47db-b3f8-20b0bcb8a3f5: receive RaftClientReply:client-7D6108789623->f80c66c4-8a3d-47db-b3f8-20b0bcb8a3f5@group-7D2873B646E2, cid=3072, SUCCESS, logIndex=4584, commits[f80c66c4-8a3d-47db-b3f8-20b0bcb8a3f5:c4584, 6e9bc0f4-a324-4be3-b201-2d39df7dad8a:c4580, cffe1303-2f93-4087-8a62-a40745db49f2:c4580]
2019-07-10 09:51:05,373 INFO  client.GrpcClientProtocolClient (GrpcClientProtocolClient.java:onNext(255)) - client-7D6108789623->f80c66c4-8a3d-47db-b3f8-20b0bcb8a3f5: receive RaftClientReply:client-7D6108789623->f80c66c4-8a3d-47db-b3f8-20b0bcb8a3f5@group-7D2873B646E2, cid=3073, SUCCESS, logIndex=0, commits[f80c66c4-8a3d-47db-b3f8-20b0bcb8a3f5:c4586, 6e9bc0f4-a324-4be3-b201-2d39df7dad8a:c4584, cffe1303-2f93-4087-8a62-a40745db49f2:c4584]
2019-07-10 09:51:05,401 INFO  client.GrpcClientProtocolClient (GrpcClientProtocolClient.java:onNext(255)) - client-7D6108789623->f80c66c4-8a3d-47db-b3f8-20b0bcb8a3f5: receive RaftClientReply:client-7D6108789623->f80c66c4-8a3d-47db-b3f8-20b0bcb8a3f5@group-7D2873B646E2, cid=3074, SUCCESS, logIndex=4587, commits[f80c66c4-8a3d-47db-b3f8-20b0bcb8a3f5:c4588, 6e9bc0f4-a324-4be3-b201-2d39df7dad8a:c4584, cffe1303-2f93-4087-8a62-a40745db49f2:c4586]
2019-07-10 09:51:05,402 INFO  client.GrpcClientProtocolClient (GrpcClientProtocolClient.java:onNext(255)) - client-7D6108789623->f80c66c4-8a3d-47db-b3f8-20b0bcb8a3f5: receive RaftClientReply:client-7D6108789623->f80c66c4-8a3d-47db-b3f8-20b0bcb8a3f5@group-7D2873B646E2, cid=3075, SUCCESS, logIndex=4588, commits[f80c66c4-8a3d-47db-b3f8-20b0bcb8a3f5:c4588, 6e9bc0f4-a324-4be3-b201-2d39df7dad8a:c4584, cffe1303-2f93-4087-8a62-a40745db49f2:c4586]
2019-07-10 09:51:05,403 INFO  client.GrpcClientProtocolClient (GrpcClientProtocolClient.java:onNext(255)) - client-7D6108789623->f80c66c4-8a3d-47db-b3f8-20b0bcb8a3f5: receive RaftClientReply:client-7D6108789623->f80c66c4-8a3d-47db-b3f8-20b0bcb8a3f5@group-7D2873B646E2, cid=3076, SUCCESS, logIndex=4589, commits[f80c66c4-8a3d-47db-b3f8-20b0bcb8a3f5:c4589, 6e9bc0f4-a324-4be3-b201-2d39df7dad8a:c4586, cffe1303-2f93-4087-8a62-a40745db49f2:c4586]
2019-07-10 09:51:05,403 INFO  client.GrpcClientProtocolClient (GrpcClientProtocolClient.java:onNext(255)) - client-7D6108789623->f80c66c4-8a3d-47db-b3f8-20b0bcb8a3f5: receive RaftClientReply:client-7D6108789623->f80c66c4-8a3d-47db-b3f8-20b0bcb8a3f5@group-7D2873B646E2, cid=3077, SUCCESS, logIndex=4590, commits[f80c66c4-8a3d-47db-b3f8-20b0bcb8a3f5:c4590, 6e9bc0f4-a324-4be3-b201-2d39df7dad8a:c4586, cffe1303-2f93-4087-8a62-a40745db49f2:c4586]
2019-07-10 09:51:05,405 INFO  client.GrpcClientProtocolClient (GrpcClientProtocolClient.java:onNext(255)) - client-7D6108789623->f80c66c4-8a3d-47db-b3f8-20b0bcb8a3f5: receive RaftClientReply:client-7D6108789623->f80c66c4-8a3d-47db-b3f8-20b0bcb8a3f5@group-7D2873B646E2, cid=3078, SUCCESS, logIndex=0, commits[f80c66c4-8a3d-47db-b3f8-20b0bcb8a3f5:c4591, 6e9bc0f4-a324-4be3-b201-2d39df7dad8a:c4588, cffe1303-2f93-4087-8a62-a40745db49f2:c4588]
2019-07-10 09:51:05,422 INFO  client.GrpcClientProtocolClient (GrpcClientProtocolClient.java:onNext(255)) - client-7D6108789623->f80c66c4-8a3d-47db-b3f8-20b0bcb8a3f5: receive RaftClientReply:client-7D6108789623->f80c66c4-8a3d-47db-b3f8-20b0bcb8a3f5@group-7D2873B646E2, cid=3079, SUCCESS, logIndex=4595, commits[f80c66c4-8a3d-47db-b3f8-20b0bcb8a3f5:c4596, 6e9bc0f4-a324-4be3-b201-2d39df7dad8a:c4594, cffe1303-2f93-4087-8a62-a40745db49f2:c4594]
2019-07-10 09:51:05,422 INFO  client.GrpcClientProtocolClient (GrpcClientProtocolClient.java:onNext(255)) - client-7D6108789623->f80c66c4-8a3d-47db-b3f8-20b0bcb8a3f5: receive RaftClientReply:client-7D6108789623->f80c66c4-8a3d-47db-b3f8-20b0bcb8a3f5@group-7D2873B646E2, cid=3080, SUCCESS, logIndex=4596, commits[f80c66c4-8a3d-47db-b3f8-20b0bcb8a3f5:c4596, 6e9bc0f4-a324-4be3-b201-2d39df7dad8a:c4594, cffe1303-2f93-4087-8a62-a40745db49f2:c4594]
2019-07-10 09:51:05,434 INFO  client.GrpcClientProtocolClient (GrpcClientProtocolClient.java:onNext(255)) - client-7D6108789623->f80c66c4-8a3d-47db-b3f8-20b0bcb8a3f5: receive RaftClientReply:client-7D6108789623->f80c66c4-8a3d-47db-b3f8-20b0bcb8a3f5@group-7D2873B646E2, cid=3081, SUCCESS, logIndex=4599, commits[f80c66c4-8a3d-47db-b3f8-20b0bcb8a3f5:c4600, 6e9bc0f4-a324-4be3-b201-2d39df7dad8a:c4596, cffe1303-2f93-4087-8a62-a40745db49f2:c4596]
2019-07-10 09:51:05,435 INFO  client.GrpcClientProtocolClient (GrpcClientProtocolClient.java:onNext(255)) - client-7D6108789623->f80c66c4-8a3d-47db-b3f8-20b0bcb8a3f5: receive RaftClientReply:client-7D6108789623->f80c66c4-8a3d-47db-b3f8-20b0bcb8a3f5@group-7D2873B646E2, cid=3082, SUCCESS, logIndex=4600, commits[f80c66c4-8a3d-47db-b3f8-20b0bcb8a3f5:c4600, 6e9bc0f4-a324-4be3-b201-2d39df7dad8a:c4596, cffe1303-2f93-4087-8a62-a40745db49f2:c4596]
2019-07-10 09:51:05,445 INFO  client.GrpcClientProtocolClient (GrpcClientProtocolClient.java:onNext(255)) - client-7D6108789623->f80c66c4-8a3d-47db-b3f8-20b0bcb8a3f5: receive RaftClientReply:client-7D6108789623->f80c66c4-8a3d-47db-b3f8-20b0bcb8a3f5@group-7D2873B646E2, cid=3083, SUCCESS, logIndex=0, commits[f80c66c4-8a3d-47db-b3f8-20b0bcb8a3f5:c4601, 6e9bc0f4-a324-4be3-b201-2d39df7dad8a:c4600, cffe1303-2f93-4087-8a62-a40745db49f2:c4600]
2019-07-10 09:51:05,472 INFO  client.GrpcClientProtocolClient (GrpcClientProtocolClient.java:onNext(255)) - client-7D6108789623->f80c66c4-8a3d-47db-b3f8-20b0bcb8a3f5: receive RaftClientReply:client-7D6108789623->f80c66c4-8a3d-47db-b3f8-20b0bcb8a3f5@group-7D2873B646E2, cid=3084, SUCCESS, logIndex=4603, commits[f80c66c4-8a3d-47db-b3f8-20b0bcb8a3f5:c4604, 6e9bc0f4-a324-4be3-b201-2d39df7dad8a:c4602, cffe1303-2f93-4087-8a62-a40745db49f2:c4602]
2019-07-10 09:51:05,473 INFO  client.GrpcClientProtocolClient (GrpcClientProtocolClient.java:onNext(255)) - client-7D6108789623->f80c66c4-8a3d-47db-b3f8-20b0bcb8a3f5: receive RaftClientReply:client-7D6108789623->f80c66c4-8a3d-47db-b3f8-20b0bcb8a3f5@group-7D2873B646E2, cid=3085, SUCCESS, logIndex=4604, commits[f80c66c4-8a3d-47db-b3f8-20b0bcb8a3f5:c4606, 6e9bc0f4-a324-4be3-b201-2d39df7dad8a:c4602, cffe1303-2f93-4087-8a62-a40745db49f2:c4602]
2019-07-10 09:51:05,473 INFO  client.GrpcClientProtocolClient (GrpcClientProtocolClient.java:onNext(255)) - client-7D6108789623->f80c66c4-8a3d-47db-b3f8-20b0bcb8a3f5: receive RaftClientReply:client-7D6108789623->f80c66c4-8a3d-47db-b3f8-20b0bcb8a3f5@group-7D2873B646E2, cid=3086, SUCCESS, logIndex=4605, commits[f80c66c4-8a3d-47db-b3f8-20b0bcb8a3f5:c4606, 6e9bc0f4-a324-4be3-b201-2d39df7dad8a:c4602, cffe1303-2f93-4087-8a62-a40745db49f2:c4602]
2019-07-10 09:51:05,473 INFO  client.GrpcClientProtocolClient (GrpcClientProtocolClient.java:onNext(255)) - client-7D6108789623->f80c66c4-8a3d-47db-b3f8-20b0bcb8a3f5: receive RaftClientReply:client-7D6108789623->f80c66c4-8a3d-47db-b3f8-20b0bcb8a3f5@group-7D2873B646E2, cid=3087, SUCCESS, logIndex=4606, commits[f80c66c4-8a3d-47db-b3f8-20b0bcb8a3f5:c4606, 6e9bc0f4-a324-4be3-b201-2d39df7dad8a:c4602, cffe1303-2f93-4087-8a62-a40745db49f2:c4602]
2019-07-10 09:51:05,485 INFO  client.GrpcClientProtocolClient (GrpcClientProtocolClient.java:onNext(255)) - client-7D6108789623->f80c66c4-8a3d-47db-b3f8-20b0bcb8a3f5: receive RaftClientReply:client-7D6108789623->f80c66c4-8a3d-47db-b3f8-20b0bcb8a3f5@group-7D2873B646E2, cid=3088, SUCCESS, logIndex=0, commits[f80c66c4-8a3d-47db-b3f8-20b0bcb8a3f5:c4609, 6e9bc0f4-a324-4be3-b201-2d39df7dad8a:c4605, cffe1303-2f93-4087-8a62-a40745db49f2:c4604]
2019-07-10 09:51:05,502 INFO  client.GrpcClientProtocolClient (GrpcClientProtocolClient.java:onNext(255)) - client-7D6108789623->f80c66c4-8a3d-47db-b3f8-20b0bcb8a3f5: receive RaftClientReply:client-7D6108789623->f80c66c4-8a3d-47db-b3f8-20b0bcb8a3f5@group-7D2873B646E2, cid=3089, SUCCESS, logIndex=4611, commits[f80c66c4-8a3d-47db-b3f8-20b0bcb8a3f5:c4612, 6e9bc0f4-a324-4be3-b201-2d39df7dad8a:c4610, cffe1303-2f93-4087-8a62-a40745db49f2:c4610]
2019-07-10 09:51:05,503 INFO  client.GrpcClientProtocolClient (GrpcClientProtocolClient.java:onNext(255)) - client-7D6108789623->f80c66c4-8a3d-47db-b3f8-20b0bcb8a3f5: receive RaftClientReply:client-7D6108789623->f80c66c4-8a3d-47db-b3f8-20b0bcb8a3f5@group-7D2873B646E2, cid=3090, SUCCESS, logIndex=4612, commits[f80c66c4-8a3d-47db-b3f8-20b0bcb8a3f5:c4612, 6e9bc0f4-a324-4be3-b201-2d39df7dad8a:c4610, cffe1303-2f93-4087-8a62-a40745db49f2:c4610]
2019-07-10 09:51:05,515 INFO  client.GrpcClientProtocolClient (GrpcClientProtocolClient.java:onNext(255)) - client-7D6108789623->f80c66c4-8a3d-47db-b3f8-20b0bcb8a3f5: receive RaftClientReply:client-7D6108789623->f80c66c4-8a3d-47db-b3f8-20b0bcb8a3f5@group-7D2873B646E2, cid=3091, SUCCESS, logIndex=4615, commits[f80c66c4-8a3d-47db-b3f8-20b0bcb8a3f5:c4616, 6e9bc0f4-a324-4be3-b201-2d39df7dad8a:c4612, cffe1303-2f93-4087-8a62-a40745db49f2:c4612]
2019-07-10 09:51:05,515 INFO  client.GrpcClientProtocolClient (GrpcClientProtocolClient.java:onNext(255)) - client-7D6108789623->f80c66c4-8a3d-47db-b3f8-20b0bcb8a3f5: receive RaftClientReply:client-7D6108789623->f80c66c4-8a3d-47db-b3f8-20b0bcb8a3f5@group-7D2873B646E2, cid=3092, SUCCESS, logIndex=4616, commits[f80c66c4-8a3d-47db-b3f8-20b0bcb8a3f5:c4616, 6e9bc0f4-a324-4be3-b201-2d39df7dad8a:c4612, cffe1303-2f93-4087-8a62-a40745db49f2:c4612]
2019-07-10 09:51:05,529 INFO  client.GrpcClientProtocolClient (GrpcClientProtocolClient.java:onNext(255)) - client-7D6108789623->f80c66c4-8a3d-47db-b3f8-20b0bcb8a3f5: receive RaftClientReply:client-7D6108789623->f80c66c4-8a3d-47db-b3f8-20b0bcb8a3f5@group-7D2873B646E2, cid=3093, SUCCESS, logIndex=0, commits[f80c66c4-8a3d-47db-b3f8-20b0bcb8a3f5:c4618, 6e9bc0f4-a324-4be3-b201-2d39df7dad8a:c4616, cffe1303-2f93-4087-8a62-a40745db49f2:c4616]
2019-07-10 09:51:05,549 INFO  client.GrpcClientProtocolClient (GrpcClientProtocolClient.java:onNext(255)) - client-7D6108789623->f80c66c4-8a3d-47db-b3f8-20b0bcb8a3f5: receive RaftClientReply:client-7D6108789623->f80c66c4-8a3d-47db-b3f8-20b0bcb8a3f5@group-7D2873B646E2, cid=3094, SUCCESS, logIndex=4619, commits[f80c66c4-8a3d-47db-b3f8-20b0bcb8a3f5:c4620, 6e9bc0f4-a324-4be3-b201-2d39df7dad8a:c4618, cffe1303-2f93-4087-8a62-a40745db49f2:c4618]
2019-07-10 09:51:05,549 INFO  client.GrpcClientProtocolClient (GrpcClientProtocolClient.java:onNext(255)) - client-7D6108789623->f80c66c4-8a3d-47db-b3f8-20b0bcb8a3f5: receive RaftClientReply:client-7D6108789623->f80c66c4-8a3d-47db-b3f8-20b0bcb8a3f5@group-7D2873B646E2, cid=3095, SUCCESS, logIndex=4620, commits[f80c66c4-8a3d-47db-b3f8-20b0bcb8a3f5:c4620, 6e9bc0f4-a324-4be3-b201-2d39df7dad8a:c4618, cffe1303-2f93-4087-8a62-a40745db49f2:c4618]
2019-07-10 09:51:05,550 INFO  client.GrpcClientProtocolClient (GrpcClientProtocolClient.java:onNext(255)) - client-7D6108789623->f80c66c4-8a3d-47db-b3f8-20b0bcb8a3f5: receive RaftClientReply:client-7D6108789623->f80c66c4-8a3d-47db-b3f8-20b0bcb8a3f5@group-7D2873B646E2, cid=3096, SUCCESS, logIndex=4621, commits[f80c66c4-8a3d-47db-b3f8-20b0bcb8a3f5:c4622, 6e9bc0f4-a324-4be3-b201-2d39df7dad8a:c4618, cffe1303-2f93-4087-8a62-a40745db49f2:c4619]
2019-07-10 09:51:05,551 INFO  client.GrpcClientProtocolClient (GrpcClientProtocolClient.java:onNext(255)) - client-7D6108789623->f80c66c4-8a3d-47db-b3f8-20b0bcb8a3f5: receive RaftClientReply:client-7D6108789623->f80c66c4-8a3d-47db-b3f8-20b0bcb8a3f5@group-7D2873B646E2, cid=3097, SUCCESS, logIndex=4622, commits[f80c66c4-8a3d-47db-b3f8-20b0bcb8a3f5:c4624, 6e9bc0f4-a324-4be3-b201-2d39df7dad8a:c4620, cffe1303-2f93-4087-8a62-a40745db49f2:c4619]
2019-07-10 09:51:05,560 INFO  client.GrpcClientProtocolClient (GrpcClientProtocolClient.java:onNext(255)) - client-7D6108789623->f80c66c4-8a3d-47db-b3f8-20b0bcb8a3f5: receive RaftClientReply:client-7D6108789623->f80c66c4-8a3d-47db-b3f8-20b0bcb8a3f5@group-7D2873B646E2, cid=3098, SUCCESS, logIndex=0, commits[f80c66c4-8a3d-47db-b3f8-20b0bcb8a3f5:c4624, 6e9bc0f4-a324-4be3-b201-2d39df7dad8a:c4620, cffe1303-2f93-4087-8a62-a40745db49f2:c4620]
2019-07-10 09:51:05,577 INFO  client.GrpcClientProtocolClient (GrpcClientProtocolClient.java:onNext(255)) - client-7D6108789623->f80c66c4-8a3d-47db-b3f8-20b0bcb8a3f5: receive RaftClientReply:client-7D6108789623->f80c66c4-8a3d-47db-b3f8-20b0bcb8a3f5@group-7D2873B646E2, cid=3099, SUCCESS, logIndex=4627, commits[f80c66c4-8a3d-47db-b3f8-20b0bcb8a3f5:c4628, 6e9bc0f4-a324-4be3-b201-2d39df7dad8a:c4626, cffe1303-2f93-4087-8a62-a40745db49f2:c4626]
2019-07-10 09:51:05,577 INFO  client.GrpcClientProtocolClient (GrpcClientProtocolClient.java:onNext(255)) - client-7D6108789623->f80c66c4-8a3d-47db-b3f8-20b0bcb8a3f5: receive RaftClientReply:client-7D6108789623->f80c66c4-8a3d-47db-b3f8-20b0bcb8a3f5@group-7D2873B646E2, cid=3100, SUCCESS, logIndex=4628, commits[f80c66c4-8a3d-47db-b3f8-20b0bcb8a3f5:c4628, 6e9bc0f4-a324-4be3-b201-2d39df7dad8a:c4626, cffe1303-2f93-4087-8a62-a40745db49f2:c4626]
2019-07-10 09:51:05,599 INFO  client.GrpcClientProtocolClient (GrpcClientProtocolClient.java:onNext(255)) - client-7D6108789623->f80c66c4-8a3d-47db-b3f8-20b0bcb8a3f5: receive RaftClientReply:client-7D6108789623->f80c66c4-8a3d-47db-b3f8-20b0bcb8a3f5@group-7D2873B646E2, cid=3101, SUCCESS, logIndex=4631, commits[f80c66c4-8a3d-47db-b3f8-20b0bcb8a3f5:c4632, 6e9bc0f4-a324-4be3-b201-2d39df7dad8a:c4628, cffe1303-2f93-4087-8a62-a40745db49f2:c4628]
2019-07-10 09:51:05,599 INFO  client.GrpcClientProtocolClient (GrpcClientProtocolClient.java:onNext(255)) - client-7D6108789623->f80c66c4-8a3d-47db-b3f8-20b0bcb8a3f5: receive RaftClientReply:client-7D6108789623->f80c66c4-8a3d-47db-b3f8-20b0bcb8a3f5@group-7D2873B646E2, cid=3102, SUCCESS, logIndex=4632, commits[f80c66c4-8a3d-47db-b3f8-20b0bcb8a3f5:c4632, 6e9bc0f4-a324-4be3-b201-2d39df7dad8a:c4628, cffe1303-2f93-4087-8a62-a40745db49f2:c4628]
2019-07-10 09:51:05,719 INFO  client.GrpcClientProtocolClient (GrpcClientProtocolClient.java:onNext(255)) - client-7D6108789623->f80c66c4-8a3d-47db-b3f8-20b0bcb8a3f5: receive RaftClientReply:client-7D6108789623->f80c66c4-8a3d-47db-b3f8-20b0bcb8a3f5@group-7D2873B646E2, cid=3103, SUCCESS, logIndex=0, commits[f80c66c4-8a3d-47db-b3f8-20b0bcb8a3f5:c4633, 6e9bc0f4-a324-4be3-b201-2d39df7dad8a:c4632, cffe1303-2f93-4087-8a62-a40745db49f2:c4632]
2019-07-10 09:51:05,749 INFO  client.GrpcClientProtocolClient (GrpcClientProtocolClient.java:onNext(255)) - client-7D6108789623->f80c66c4-8a3d-47db-b3f8-20b0bcb8a3f5: receive RaftClientReply:client-7D6108789623->f80c66c4-8a3d-47db-b3f8-20b0bcb8a3f5@group-7D2873B646E2, cid=3104, SUCCESS, logIndex=4635, commits[f80c66c4-8a3d-47db-b3f8-20b0bcb8a3f5:c4636, 6e9bc0f4-a324-4be3-b201-2d39df7dad8a:c4634, cffe1303-2f93-4087-8a62-a40745db49f2:c4634]
2019-07-10 09:51:05,750 INFO  client.GrpcClientProtocolClient (GrpcClientProtocolClient.java:onNext(255)) - client-7D6108789623->f80c66c4-8a3d-47db-b3f8-20b0bcb8a3f5: receive RaftClientReply:client-7D6108789623->f80c66c4-8a3d-47db-b3f8-20b0bcb8a3f5@group-7D2873B646E2, cid=3105, SUCCESS, logIndex=4636, commits[f80c66c4-8a3d-47db-b3f8-20b0bcb8a3f5:c4638, 6e9bc0f4-a324-4be3-b201-2d39df7dad8a:c4634, cffe1303-2f93-4087-8a62-a40745db49f2:c4634]
2019-07-10 09:51:05,750 INFO  client.GrpcClientProtocolClient (GrpcClientProtocolClient.java:onNext(255)) - client-7D6108789623->f80c66c4-8a3d-47db-b3f8-20b0bcb8a3f5: receive RaftClientReply:client-7D6108789623->f80c66c4-8a3d-47db-b3f8-20b0bcb8a3f5@group-7D2873B646E2, cid=3106, SUCCESS, logIndex=4637, commits[f80c66c4-8a3d-47db-b3f8-20b0bcb8a3f5:c4638, 6e9bc0f4-a324-4be3-b201-2d39df7dad8a:c4634, cffe1303-2f93-4087-8a62-a40745db49f2:c4634]
2019-07-10 09:51:05,750 INFO  client.GrpcClientProtocolClient (GrpcClientProtocolClient.java:onNext(255)) - client-7D6108789623->f80c66c4-8a3d-47db-b3f8-20b0bcb8a3f5: receive RaftClientReply:client-7D6108789623->f80c66c4-8a3d-47db-b3f8-20b0bcb8a3f5@group-7D2873B646E2, cid=3107, SUCCESS, logIndex=4638, commits[f80c66c4-8a3d-47db-b3f8-20b0bcb8a3f5:c4638, 6e9bc0f4-a324-4be3-b201-2d39df7dad8a:c4634, cffe1303-2f93-4087-8a62-a40745db49f2:c4634]
2019-07-10 09:51:05,762 INFO  client.GrpcClientProtocolClient (GrpcClientProtocolClient.java:onNext(255)) - client-7D6108789623->f80c66c4-8a3d-47db-b3f8-20b0bcb8a3f5: receive RaftClientReply:client-7D6108789623->f80c66c4-8a3d-47db-b3f8-20b0bcb8a3f5@group-7D2873B646E2, cid=3108, SUCCESS, logIndex=0, commits[f80c66c4-8a3d-47db-b3f8-20b0bcb8a3f5:c4640, 6e9bc0f4-a324-4be3-b201-2d39df7dad8a:c4636, cffe1303-2f93-4087-8a62-a40745db49f2:c4638]
2019-07-10 09:51:05,779 INFO  client.GrpcClientProtocolClient (GrpcClientProtocolClient.java:onNext(255)) - client-7D6108789623->f80c66c4-8a3d-47db-b3f8-20b0bcb8a3f5: receive RaftClientReply:client-7D6108789623->f80c66c4-8a3d-47db-b3f8-20b0bcb8a3f5@group-7D2873B646E2, cid=3109, SUCCESS, logIndex=4642, commits[f80c66c4-8a3d-47db-b3f8-20b0bcb8a3f5:c4643, 6e9bc0f4-a324-4be3-b201-2d39df7dad8a:c4641, cffe1303-2f93-4087-8a62-a40745db49f2:c4641]
2019-07-10 09:51:05,779 INFO  client.GrpcClientProtocolClient (GrpcClientProtocolClient.java:onNext(255)) - client-7D6108789623->f80c66c4-8a3d-47db-b3f8-20b0bcb8a3f5: receive RaftClientReply:client-7D6108789623->f80c66c4-8a3d-47db-b3f8-20b0bcb8a3f5@group-7D2873B646E2, cid=3110, SUCCESS, logIndex=4643, commits[f80c66c4-8a3d-47db-b3f8-20b0bcb8a3f5:c4643, 6e9bc0f4-a324-4be3-b201-2d39df7dad8a:c4641, cffe1303-2f93-4087-8a62-a40745db49f2:c4641]
2019-07-10 09:51:05,798 INFO  client.GrpcClientProtocolClient (GrpcClientProtocolClient.java:onNext(255)) - client-7D6108789623->f80c66c4-8a3d-47db-b3f8-20b0bcb8a3f5: receive RaftClientReply:client-7D6108789623->f80c66c4-8a3d-47db-b3f8-20b0bcb8a3f5@group-7D2873B646E2, cid=3111, SUCCESS, logIndex=4646, commits[f80c66c4-8a3d-47db-b3f8-20b0bcb8a3f5:c4647, 6e9bc0f4-a324-4be3-b201-2d39df7dad8a:c4643, cffe1303-2f93-4087-8a62-a40745db49f2:c4643]
2019-07-10 09:51:05,798 INFO  client.GrpcClientProtocolClient (GrpcClientProtocolClient.java:onNext(255)) - client-7D6108789623->f80c66c4-8a3d-47db-b3f8-20b0bcb8a3f5: receive RaftClientReply:client-7D6108789623->f80c66c4-8a3d-47db-b3f8-20b0bcb8a3f5@group-7D2873B646E2, cid=3112, SUCCESS, logIndex=4647, commits[f80c66c4-8a3d-47db-b3f8-20b0bcb8a3f5:c4647, 6e9bc0f4-a324-4be3-b201-2d39df7dad8a:c4643, cffe1303-2f93-4087-8a62-a40745db49f2:c4643]
2019-07-10 09:51:05,810 INFO  client.GrpcClientProtocolClient (GrpcClientProtocolClient.java:onNext(255)) - client-7D6108789623->f80c66c4-8a3d-47db-b3f8-20b0bcb8a3f5: receive RaftClientReply:client-7D6108789623->f80c66c4-8a3d-47db-b3f8-20b0bcb8a3f5@group-7D2873B646E2, cid=3113, SUCCESS, logIndex=0, commits[f80c66c4-8a3d-47db-b3f8-20b0bcb8a3f5:c4649, 6e9bc0f4-a324-4be3-b201-2d39df7dad8a:c4647, cffe1303-2f93-4087-8a62-a40745db49f2:c4647]
2019-07-10 09:51:05,830 INFO  client.GrpcClientProtocolClient (GrpcClientProtocolClient.java:onNext(255)) - client-7D6108789623->f80c66c4-8a3d-47db-b3f8-20b0bcb8a3f5: receive RaftClientReply:client-7D6108789623->f80c66c4-8a3d-47db-b3f8-20b0bcb8a3f5@group-7D2873B646E2, cid=3114, SUCCESS, logIndex=4650, commits[f80c66c4-8a3d-47db-b3f8-20b0bcb8a3f5:c4651, 6e9bc0f4-a324-4be3-b201-2d39df7dad8a:c4649, cffe1303-2f93-4087-8a62-a40745db49f2:c4647]
2019-07-10 09:51:05,830 INFO  client.GrpcClientProtocolClient (GrpcClientProtocolClient.java:onNext(255)) - client-7D6108789623->f80c66c4-8a3d-47db-b3f8-20b0bcb8a3f5: receive RaftClientReply:client-7D6108789623->f80c66c4-8a3d-47db-b3f8-20b0bcb8a3f5@group-7D2873B646E2, cid=3115, SUCCESS, logIndex=4651, commits[f80c66c4-8a3d-47db-b3f8-20b0bcb8a3f5:c4651, 6e9bc0f4-a324-4be3-b201-2d39df7dad8a:c4649, cffe1303-2f93-4087-8a62-a40745db49f2:c4649]
2019-07-10 09:51:05,832 INFO  client.GrpcClientProtocolClient (GrpcClientProtocolClient.java:onNext(255)) - client-7D6108789623->f80c66c4-8a3d-47db-b3f8-20b0bcb8a3f5: receive RaftClientReply:client-7D6108789623->f80c66c4-8a3d-47db-b3f8-20b0bcb8a3f5@group-7D2873B646E2, cid=3116, SUCCESS, logIndex=4652, commits[f80c66c4-8a3d-47db-b3f8-20b0bcb8a3f5:c4655, 6e9bc0f4-a324-4be3-b201-2d39df7dad8a:c4651, cffe1303-2f93-4087-8a62-a40745db49f2:c4649]
2019-07-10 09:51:05,833 INFO  client.GrpcClientProtocolClient (GrpcClientProtocolClient.java:onNext(255)) - client-7D6108789623->f80c66c4-8a3d-47db-b3f8-20b0bcb8a3f5: receive RaftClientReply:client-7D6108789623->f80c66c4-8a3d-47db-b3f8-20b0bcb8a3f5@group-7D2873B646E2, cid=3117, SUCCESS, logIndex=4653, commits[f80c66c4-8a3d-47db-b3f8-20b0bcb8a3f5:c4655, 6e9bc0f4-a324-4be3-b201-2d39df7dad8a:c4651, cffe1303-2f93-4087-8a62-a40745db49f2:c4651]
2019-07-10 09:51:05,846 INFO  client.GrpcClientProtocolClient (GrpcClientProtocolClient.java:onNext(255)) - client-7D6108789623->f80c66c4-8a3d-47db-b3f8-20b0bcb8a3f5: receive RaftClientReply:client-7D6108789623->f80c66c4-8a3d-47db-b3f8-20b0bcb8a3f5@group-7D2873B646E2, cid=3118, SUCCESS, logIndex=4658, commits[f80c66c4-8a3d-47db-b3f8-20b0bcb8a3f5:c4659, 6e9bc0f4-a324-4be3-b201-2d39df7dad8a:c4653, cffe1303-2f93-4087-8a62-a40745db49f2:c4657]
2019-07-10 09:51:05,847 INFO  client.GrpcClientProtocolClient (GrpcClientProtocolClient.java:onNext(255)) - client-7D6108789623->f80c66c4-8a3d-47db-b3f8-20b0bcb8a3f5: receive RaftClientReply:client-7D6108789623->f80c66c4-8a3d-47db-b3f8-20b0bcb8a3f5@group-7D2873B646E2, cid=3119, SUCCESS, logIndex=4659, commits[f80c66c4-8a3d-47db-b3f8-20b0bcb8a3f5:c4659, 6e9bc0f4-a324-4be3-b201-2d39df7dad8a:c4657, cffe1303-2f93-4087-8a62-a40745db49f2:c4657]
2019-07-10 09:51:05,865 INFO  client.GrpcClientProtocolClient (GrpcClientProtocolClient.java:onNext(255)) - client-7D6108789623->f80c66c4-8a3d-47db-b3f8-20b0bcb8a3f5: receive RaftClientReply:client-7D6108789623->f80c66c4-8a3d-47db-b3f8-20b0bcb8a3f5@group-7D2873B646E2, cid=3120, SUCCESS, logIndex=4662, commits[f80c66c4-8a3d-47db-b3f8-20b0bcb8a3f5:c4663, 6e9bc0f4-a324-4be3-b201-2d39df7dad8a:c4661, cffe1303-2f93-4087-8a62-a40745db49f2:c4659]
2019-07-10 09:51:05,865 INFO  client.GrpcClientProtocolClient (GrpcClientProtocolClient.java:onNext(255)) - client-7D6108789623->f80c66c4-8a3d-47db-b3f8-20b0bcb8a3f5: receive RaftClientReply:client-7D6108789623->f80c66c4-8a3d-47db-b3f8-20b0bcb8a3f5@group-7D2873B646E2, cid=3121, SUCCESS, logIndex=4663, commits[f80c66c4-8a3d-47db-b3f8-20b0bcb8a3f5:c4663, 6e9bc0f4-a324-4be3-b201-2d39df7dad8a:c4661, cffe1303-2f93-4087-8a62-a40745db49f2:c4661]
2019-07-10 09:51:05,875 INFO  client.GrpcClientProtocolClient (GrpcClientProtocolClient.java:onNext(255)) - client-7D6108789623->f80c66c4-8a3d-47db-b3f8-20b0bcb8a3f5: receive RaftClientReply:client-7D6108789623->f80c66c4-8a3d-47db-b3f8-20b0bcb8a3f5@group-7D2873B646E2, cid=3122, SUCCESS, logIndex=0, commits[f80c66c4-8a3d-47db-b3f8-20b0bcb8a3f5:c4664, 6e9bc0f4-a324-4be3-b201-2d39df7dad8a:c4663, cffe1303-2f93-4087-8a62-a40745db49f2:c4663]
2019-07-10 09:51:05,910 INFO  client.GrpcClientProtocolClient (GrpcClientProtocolClient.java:onNext(255)) - client-7D6108789623->f80c66c4-8a3d-47db-b3f8-20b0bcb8a3f5: receive RaftClientReply:client-7D6108789623->f80c66c4-8a3d-47db-b3f8-20b0bcb8a3f5@group-7D2873B646E2, cid=3123, SUCCESS, logIndex=4666, commits[f80c66c4-8a3d-47db-b3f8-20b0bcb8a3f5:c4667, 6e9bc0f4-a324-4be3-b201-2d39df7dad8a:c4665, cffe1303-2f93-4087-8a62-a40745db49f2:c4665]
2019-07-10 09:51:05,910 INFO  client.GrpcClientProtocolClient (GrpcClientProtocolClient.java:onNext(255)) - client-7D6108789623->f80c66c4-8a3d-47db-b3f8-20b0bcb8a3f5: receive RaftClientReply:client-7D6108789623->f80c66c4-8a3d-47db-b3f8-20b0bcb8a3f5@group-7D2873B646E2, cid=3124, SUCCESS, logIndex=4667, commits[f80c66c4-8a3d-47db-b3f8-20b0bcb8a3f5:c4667, 6e9bc0f4-a324-4be3-b201-2d39df7dad8a:c4665, cffe1303-2f93-4087-8a62-a40745db49f2:c4665]
2019-07-10 09:51:05,910 INFO  client.GrpcClientProtocolClient (GrpcClientProtocolClient.java:onNext(255)) - client-7D6108789623->f80c66c4-8a3d-47db-b3f8-20b0bcb8a3f5: receive RaftClientReply:client-7D6108789623->f80c66c4-8a3d-47db-b3f8-20b0bcb8a3f5@group-7D2873B646E2, cid=3125, SUCCESS, logIndex=4668, commits[f80c66c4-8a3d-47db-b3f8-20b0bcb8a3f5:c4669, 6e9bc0f4-a324-4be3-b201-2d39df7dad8a:c4665, cffe1303-2f93-4087-8a62-a40745db49f2:c4665]
2019-07-10 09:51:05,911 INFO  client.GrpcClientProtocolClient (GrpcClientProtocolClient.java:onNext(255)) - client-7D6108789623->f80c66c4-8a3d-47db-b3f8-20b0bcb8a3f5: receive RaftClientReply:client-7D6108789623->f80c66c4-8a3d-47db-b3f8-20b0bcb8a3f5@group-7D2873B646E2, cid=3126, SUCCESS, logIndex=4669, commits[f80c66c4-8a3d-47db-b3f8-20b0bcb8a3f5:c4669, 6e9bc0f4-a324-4be3-b201-2d39df7dad8a:c4665, cffe1303-2f93-4087-8a62-a40745db49f2:c4665]
2019-07-10 09:51:05,914 INFO  client.GrpcClientProtocolClient (GrpcClientProtocolClient.java:onNext(255)) - client-7D6108789623->f80c66c4-8a3d-47db-b3f8-20b0bcb8a3f5: receive RaftClientReply:client-7D6108789623->f80c66c4-8a3d-47db-b3f8-20b0bcb8a3f5@group-7D2873B646E2, cid=3127, SUCCESS, logIndex=0, commits[f80c66c4-8a3d-47db-b3f8-20b0bcb8a3f5:c4671, 6e9bc0f4-a324-4be3-b201-2d39df7dad8a:c4667, cffe1303-2f93-4087-8a62-a40745db49f2:c4667]
2019-07-10 09:51:05,933 INFO  client.GrpcClientProtocolClient (GrpcClientProtocolClient.java:onNext(255)) - client-7D6108789623->f80c66c4-8a3d-47db-b3f8-20b0bcb8a3f5: receive RaftClientReply:client-7D6108789623->f80c66c4-8a3d-47db-b3f8-20b0bcb8a3f5@group-7D2873B646E2, cid=3128, SUCCESS, logIndex=4674, commits[f80c66c4-8a3d-47db-b3f8-20b0bcb8a3f5:c4675, 6e9bc0f4-a324-4be3-b201-2d39df7dad8a:c4673, cffe1303-2f93-4087-8a62-a40745db49f2:c4669]
2019-07-10 09:51:05,933 INFO  client.GrpcClientProtocolClient (GrpcClientProtocolClient.java:onNext(255)) - client-7D6108789623->f80c66c4-8a3d-47db-b3f8-20b0bcb8a3f5: receive RaftClientReply:client-7D6108789623->f80c66c4-8a3d-47db-b3f8-20b0bcb8a3f5@group-7D2873B646E2, cid=3129, SUCCESS, logIndex=4675, commits[f80c66c4-8a3d-47db-b3f8-20b0bcb8a3f5:c4675, 6e9bc0f4-a324-4be3-b201-2d39df7dad8a:c4673, cffe1303-2f93-4087-8a62-a40745db49f2:c4673]
2019-07-10 09:51:05,959 INFO  client.GrpcClientProtocolClient (GrpcClientProtocolClient.java:onNext(255)) - client-7D6108789623->f80c66c4-8a3d-47db-b3f8-20b0bcb8a3f5: receive RaftClientReply:client-7D6108789623->f80c66c4-8a3d-47db-b3f8-20b0bcb8a3f5@group-7D2873B646E2, cid=3130, SUCCESS, logIndex=4678, commits[f80c66c4-8a3d-47db-b3f8-20b0bcb8a3f5:c4679, 6e9bc0f4-a324-4be3-b201-2d39df7dad8a:c4677, cffe1303-2f93-4087-8a62-a40745db49f2:c4677]
2019-07-10 09:51:05,959 INFO  client.GrpcClientProtocolClient (GrpcClientProtocolClient.java:onNext(255)) - client-7D6108789623->f80c66c4-8a3d-47db-b3f8-20b0bcb8a3f5: receive RaftClientReply:client-7D6108789623->f80c66c4-8a3d-47db-b3f8-20b0bcb8a3f5@group-7D2873B646E2, cid=3131, SUCCESS, logIndex=4679, commits[f80c66c4-8a3d-47db-b3f8-20b0bcb8a3f5:c4679, 6e9bc0f4-a324-4be3-b201-2d39df7dad8a:c4677, cffe1303-2f93-4087-8a62-a40745db49f2:c4677]
2019-07-10 09:51:05,969 INFO  client.GrpcClientProtocolClient (GrpcClientProtocolClient.java:onNext(255)) - client-7D6108789623->f80c66c4-8a3d-47db-b3f8-20b0bcb8a3f5: receive RaftClientReply:client-7D6108789623->f80c66c4-8a3d-47db-b3f8-20b0bcb8a3f5@group-7D2873B646E2, cid=3132, SUCCESS, logIndex=0, commits[f80c66c4-8a3d-47db-b3f8-20b0bcb8a3f5:c4680, 6e9bc0f4-a324-4be3-b201-2d39df7dad8a:c4679, cffe1303-2f93-4087-8a62-a40745db49f2:c4679]
2019-07-10 09:51:05,999 INFO  client.GrpcClientProtocolClient (GrpcClientProtocolClient.java:onNext(255)) - client-7D6108789623->f80c66c4-8a3d-47db-b3f8-20b0bcb8a3f5: receive RaftClientReply:client-7D6108789623->f80c66c4-8a3d-47db-b3f8-20b0bcb8a3f5@group-7D2873B646E2, cid=3133, SUCCESS, logIndex=4682, commits[f80c66c4-8a3d-47db-b3f8-20b0bcb8a3f5:c4683, 6e9bc0f4-a324-4be3-b201-2d39df7dad8a:c4681, cffe1303-2f93-4087-8a62-a40745db49f2:c4681]
2019-07-10 09:51:06,000 INFO  client.GrpcClientProtocolClient (GrpcClientProtocolClient.java:onNext(255)) - client-7D6108789623->f80c66c4-8a3d-47db-b3f8-20b0bcb8a3f5: receive RaftClientReply:client-7D6108789623->f80c66c4-8a3d-47db-b3f8-20b0bcb8a3f5@group-7D2873B646E2, cid=3134, SUCCESS, logIndex=4683, commits[f80c66c4-8a3d-47db-b3f8-20b0bcb8a3f5:c4683, 6e9bc0f4-a324-4be3-b201-2d39df7dad8a:c4681, cffe1303-2f93-4087-8a62-a40745db49f2:c4681]
2019-07-10 09:51:06,000 INFO  client.GrpcClientProtocolClient (GrpcClientProtocolClient.java:onNext(255)) - client-7D6108789623->f80c66c4-8a3d-47db-b3f8-20b0bcb8a3f5: receive RaftClientReply:client-7D6108789623->f80c66c4-8a3d-47db-b3f8-20b0bcb8a3f5@group-7D2873B646E2, cid=3135, SUCCESS, logIndex=4684, commits[f80c66c4-8a3d-47db-b3f8-20b0bcb8a3f5:c4685, 6e9bc0f4-a324-4be3-b201-2d39df7dad8a:c4681, cffe1303-2f93-4087-8a62-a40745db49f2:c4681]
2019-07-10 09:51:06,000 INFO  client.GrpcClientProtocolClient (GrpcClientProtocolClient.java:onNext(255)) - client-7D6108789623->f80c66c4-8a3d-47db-b3f8-20b0bcb8a3f5: receive RaftClientReply:client-7D6108789623->f80c66c4-8a3d-47db-b3f8-20b0bcb8a3f5@group-7D2873B646E2, cid=3136, SUCCESS, logIndex=4685, commits[f80c66c4-8a3d-47db-b3f8-20b0bcb8a3f5:c4685, 6e9bc0f4-a324-4be3-b201-2d39df7dad8a:c4681, cffe1303-2f93-4087-8a62-a40745db49f2:c4681]
2019-07-10 09:51:06,012 INFO  client.GrpcClientProtocolClient (GrpcClientProtocolClient.java:onNext(255)) - client-7D6108789623->f80c66c4-8a3d-47db-b3f8-20b0bcb8a3f5: receive RaftClientReply:client-7D6108789623->f80c66c4-8a3d-47db-b3f8-20b0bcb8a3f5@group-7D2873B646E2, cid=3137, SUCCESS, logIndex=0, commits[f80c66c4-8a3d-47db-b3f8-20b0bcb8a3f5:c4687, 6e9bc0f4-a324-4be3-b201-2d39df7dad8a:c4683, cffe1303-2f93-4087-8a62-a40745db49f2:c4683]
2019-07-10 09:51:06,030 INFO  client.GrpcClientProtocolClient (GrpcClientProtocolClient.java:onNext(255)) - client-7D6108789623->f80c66c4-8a3d-47db-b3f8-20b0bcb8a3f5: receive RaftClientReply:client-7D6108789623->f80c66c4-8a3d-47db-b3f8-20b0bcb8a3f5@group-7D2873B646E2, cid=3138, SUCCESS, logIndex=4690, commits[f80c66c4-8a3d-47db-b3f8-20b0bcb8a3f5:c4691, 6e9bc0f4-a324-4be3-b201-2d39df7dad8a:c4689, cffe1303-2f93-4087-8a62-a40745db49f2:c4685]
2019-07-10 09:51:06,031 INFO  client.GrpcClientProtocolClient (GrpcClientProtocolClient.java:onNext(255)) - client-7D6108789623->f80c66c4-8a3d-47db-b3f8-20b0bcb8a3f5: receive RaftClientReply:client-7D6108789623->f80c66c4-8a3d-47db-b3f8-20b0bcb8a3f5@group-7D2873B646E2, cid=3139, SUCCESS, logIndex=4691, commits[f80c66c4-8a3d-47db-b3f8-20b0bcb8a3f5:c4691, 6e9bc0f4-a324-4be3-b201-2d39df7dad8a:c4689, cffe1303-2f93-4087-8a62-a40745db49f2:c4689]
2019-07-10 09:51:06,047 INFO  client.GrpcClientProtocolClient (GrpcClientProtocolClient.java:onNext(255)) - client-7D6108789623->f80c66c4-8a3d-47db-b3f8-20b0bcb8a3f5: receive RaftClientReply:client-7D6108789623->f80c66c4-8a3d-47db-b3f8-20b0bcb8a3f5@group-7D2873B646E2, cid=3140, SUCCESS, logIndex=4694, commits[f80c66c4-8a3d-47db-b3f8-20b0bcb8a3f5:c4695, 6e9bc0f4-a324-4be3-b201-2d39df7dad8a:c4691, cffe1303-2f93-4087-8a62-a40745db49f2:c4691]
2019-07-10 09:51:06,048 INFO  client.GrpcClientProtocolClient (GrpcClientProtocolClient.java:onNext(255)) - client-7D6108789623->f80c66c4-8a3d-47db-b3f8-20b0bcb8a3f5: receive RaftClientReply:client-7D6108789623->f80c66c4-8a3d-47db-b3f8-20b0bcb8a3f5@group-7D2873B646E2, cid=3141, SUCCESS, logIndex=4695, commits[f80c66c4-8a3d-47db-b3f8-20b0bcb8a3f5:c4695, 6e9bc0f4-a324-4be3-b201-2d39df7dad8a:c4691, cffe1303-2f93-4087-8a62-a40745db49f2:c4691]
2019-07-10 09:51:06,064 INFO  client.GrpcClientProtocolClient (GrpcClientProtocolClient.java:onNext(255)) - client-7D6108789623->f80c66c4-8a3d-47db-b3f8-20b0bcb8a3f5: receive RaftClientReply:client-7D6108789623->f80c66c4-8a3d-47db-b3f8-20b0bcb8a3f5@group-7D2873B646E2, cid=3142, SUCCESS, logIndex=0, commits[f80c66c4-8a3d-47db-b3f8-20b0bcb8a3f5:c4697, 6e9bc0f4-a324-4be3-b201-2d39df7dad8a:c4695, cffe1303-2f93-4087-8a62-a40745db49f2:c4695]
2019-07-10 09:51:06,085 INFO  client.GrpcClientProtocolClient (GrpcClientProtocolClient.java:onNext(255)) - client-7D6108789623->f80c66c4-8a3d-47db-b3f8-20b0bcb8a3f5: receive RaftClientReply:client-7D6108789623->f80c66c4-8a3d-47db-b3f8-20b0bcb8a3f5@group-7D2873B646E2, cid=3143, SUCCESS, logIndex=4698, commits[f80c66c4-8a3d-47db-b3f8-20b0bcb8a3f5:c4701, 6e9bc0f4-a324-4be3-b201-2d39df7dad8a:c4697, cffe1303-2f93-4087-8a62-a40745db49f2:c4697]
2019-07-10 09:51:06,086 INFO  client.GrpcClientProtocolClient (GrpcClientProtocolClient.java:onNext(255)) - client-7D6108789623->f80c66c4-8a3d-47db-b3f8-20b0bcb8a3f5: receive RaftClientReply:client-7D6108789623->f80c66c4-8a3d-47db-b3f8-20b0bcb8a3f5@group-7D2873B646E2, cid=3144, SUCCESS, logIndex=4699, commits[f80c66c4-8a3d-47db-b3f8-20b0bcb8a3f5:c4701, 6e9bc0f4-a324-4be3-b201-2d39df7dad8a:c4697, cffe1303-2f93-4087-8a62-a40745db49f2:c4697]
2019-07-10 09:51:06,086 INFO  client.GrpcClientProtocolClient (GrpcClientProtocolClient.java:onNext(255)) - client-7D6108789623->f80c66c4-8a3d-47db-b3f8-20b0bcb8a3f5: receive RaftClientReply:client-7D6108789623->f80c66c4-8a3d-47db-b3f8-20b0bcb8a3f5@group-7D2873B646E2, cid=3145, SUCCESS, logIndex=4700, commits[f80c66c4-8a3d-47db-b3f8-20b0bcb8a3f5:c4701, 6e9bc0f4-a324-4be3-b201-2d39df7dad8a:c4697, cffe1303-2f93-4087-8a62-a40745db49f2:c4697]
2019-07-10 09:51:06,086 INFO  client.GrpcClientProtocolClient (GrpcClientProtocolClient.java:onNext(255)) - client-7D6108789623->f80c66c4-8a3d-47db-b3f8-20b0bcb8a3f5: receive RaftClientReply:client-7D6108789623->f80c66c4-8a3d-47db-b3f8-20b0bcb8a3f5@group-7D2873B646E2, cid=3146, SUCCESS, logIndex=4701, commits[f80c66c4-8a3d-47db-b3f8-20b0bcb8a3f5:c4701, 6e9bc0f4-a324-4be3-b201-2d39df7dad8a:c4697, cffe1303-2f93-4087-8a62-a40745db49f2:c4697]
2019-07-10 09:51:06,090 INFO  client.GrpcClientProtocolClient (GrpcClientProtocolClient.java:onNext(255)) - client-7D6108789623->f80c66c4-8a3d-47db-b3f8-20b0bcb8a3f5: receive RaftClientReply:client-7D6108789623->f80c66c4-8a3d-47db-b3f8-20b0bcb8a3f5@group-7D2873B646E2, cid=3147, SUCCESS, logIndex=0, commits[f80c66c4-8a3d-47db-b3f8-20b0bcb8a3f5:c4703, 6e9bc0f4-a324-4be3-b201-2d39df7dad8a:c4699, cffe1303-2f93-4087-8a62-a40745db49f2:c4699]
2019-07-10 09:51:06,107 INFO  client.GrpcClientProtocolClient (GrpcClientProtocolClient.java:onNext(255)) - client-7D6108789623->f80c66c4-8a3d-47db-b3f8-20b0bcb8a3f5: receive RaftClientReply:client-7D6108789623->f80c66c4-8a3d-47db-b3f8-20b0bcb8a3f5@group-7D2873B646E2, cid=3148, SUCCESS, logIndex=4706, commits[f80c66c4-8a3d-47db-b3f8-20b0bcb8a3f5:c4707, 6e9bc0f4-a324-4be3-b201-2d39df7dad8a:c4705, cffe1303-2f93-4087-8a62-a40745db49f2:c4705]
2019-07-10 09:51:06,107 INFO  client.GrpcClientProtocolClient (GrpcClientProtocolClient.java:onNext(255)) - client-7D6108789623->f80c66c4-8a3d-47db-b3f8-20b0bcb8a3f5: receive RaftClientReply:client-7D6108789623->f80c66c4-8a3d-47db-b3f8-20b0bcb8a3f5@group-7D2873B646E2, cid=3149, SUCCESS, logIndex=4707, commits[f80c66c4-8a3d-47db-b3f8-20b0bcb8a3f5:c4707, 6e9bc0f4-a324-4be3-b201-2d39df7dad8a:c4705, cffe1303-2f93-4087-8a62-a40745db49f2:c4705]
2019-07-10 09:51:06,120 INFO  client.GrpcClientProtocolClient (GrpcClientProtocolClient.java:onNext(255)) - client-7D6108789623->f80c66c4-8a3d-47db-b3f8-20b0bcb8a3f5: receive RaftClientReply:client-7D6108789623->f80c66c4-8a3d-47db-b3f8-20b0bcb8a3f5@group-7D2873B646E2, cid=3150, SUCCESS, logIndex=4710, commits[f80c66c4-8a3d-47db-b3f8-20b0bcb8a3f5:c4711, 6e9bc0f4-a324-4be3-b201-2d39df7dad8a:c4707, cffe1303-2f93-4087-8a62-a40745db49f2:c4709]
2019-07-10 09:51:06,121 INFO  client.GrpcClientProtocolClient (GrpcClientProtocolClient.java:onNext(255)) - client-7D6108789623->f80c66c4-8a3d-47db-b3f8-20b0bcb8a3f5: receive RaftClientReply:client-7D6108789623->f80c66c4-8a3d-47db-b3f8-20b0bcb8a3f5@group-7D2873B646E2, cid=3151, SUCCESS, logIndex=4711, commits[f80c66c4-8a3d-47db-b3f8-20b0bcb8a3f5:c4711, 6e9bc0f4-a324-4be3-b201-2d39df7dad8a:c4707, cffe1303-2f93-4087-8a62-a40745db49f2:c4709]
2019-07-10 09:51:06,123 INFO  client.GrpcClientProtocolClient (GrpcClientProtocolClient.java:onNext(255)) - client-7D6108789623->f80c66c4-8a3d-47db-b3f8-20b0bcb8a3f5: receive RaftClientReply:client-7D6108789623->f80c66c4-8a3d-47db-b3f8-20b0bcb8a3f5@group-7D2873B646E2, cid=3152, SUCCESS, logIndex=0, commits[f80c66c4-8a3d-47db-b3f8-20b0bcb8a3f5:c4712, 6e9bc0f4-a324-4be3-b201-2d39df7dad8a:c4711, cffe1303-2f93-4087-8a62-a40745db49f2:c4711]
2019-07-10 09:51:06,149 INFO  client.GrpcClientProtocolClient (GrpcClientProtocolClient.java:onNext(255)) - client-7D6108789623->f80c66c4-8a3d-47db-b3f8-20b0bcb8a3f5: receive RaftClientReply:client-7D6108789623->f80c66c4-8a3d-47db-b3f8-20b0bcb8a3f5@group-7D2873B646E2, cid=3153, SUCCESS, logIndex=4714, commits[f80c66c4-8a3d-47db-b3f8-20b0bcb8a3f5:c4715, 6e9bc0f4-a324-4be3-b201-2d39df7dad8a:c4713, cffe1303-2f93-4087-8a62-a40745db49f2:c4713]
2019-07-10 09:51:06,150 INFO  client.GrpcClientProtocolClient (GrpcClientProtocolClient.java:onNext(255)) - client-7D6108789623->f80c66c4-8a3d-47db-b3f8-20b0bcb8a3f5: receive RaftClientReply:client-7D6108789623->f80c66c4-8a3d-47db-b3f8-20b0bcb8a3f5@group-7D2873B646E2, cid=3154, SUCCESS, logIndex=4715, commits[f80c66c4-8a3d-47db-b3f8-20b0bcb8a3f5:c4717, 6e9bc0f4-a324-4be3-b201-2d39df7dad8a:c4713, cffe1303-2f93-4087-8a62-a40745db49f2:c4713]
2019-07-10 09:51:06,150 INFO  client.GrpcClientProtocolClient (GrpcClientProtocolClient.java:onNext(255)) - client-7D6108789623->f80c66c4-8a3d-47db-b3f8-20b0bcb8a3f5: receive RaftClientReply:client-7D6108789623->f80c66c4-8a3d-47db-b3f8-20b0bcb8a3f5@group-7D2873B646E2, cid=3155, SUCCESS, logIndex=4716, commits[f80c66c4-8a3d-47db-b3f8-20b0bcb8a3f5:c4717, 6e9bc0f4-a324-4be3-b201-2d39df7dad8a:c4713, cffe1303-2f93-4087-8a62-a40745db49f2:c4713]
2019-07-10 09:51:06,151 INFO  client.GrpcClientProtocolClient (GrpcClientProtocolClient.java:onNext(255)) - client-7D6108789623->f80c66c4-8a3d-47db-b3f8-20b0bcb8a3f5: receive RaftClientReply:client-7D6108789623->f80c66c4-8a3d-47db-b3f8-20b0bcb8a3f5@group-7D2873B646E2, cid=3156, SUCCESS, logIndex=4717, commits[f80c66c4-8a3d-47db-b3f8-20b0bcb8a3f5:c4717, 6e9bc0f4-a324-4be3-b201-2d39df7dad8a:c4713, cffe1303-2f93-4087-8a62-a40745db49f2:c4713]
2019-07-10 09:51:06,169 INFO  client.GrpcClientProtocolClient (GrpcClientProtocolClient.java:onNext(255)) - client-7D6108789623->f80c66c4-8a3d-47db-b3f8-20b0bcb8a3f5: receive RaftClientReply:client-7D6108789623->f80c66c4-8a3d-47db-b3f8-20b0bcb8a3f5@group-7D2873B646E2, cid=3157, SUCCESS, logIndex=0, commits[f80c66c4-8a3d-47db-b3f8-20b0bcb8a3f5:c4721, 6e9bc0f4-a324-4be3-b201-2d39df7dad8a:c4717, cffe1303-2f93-4087-8a62-a40745db49f2:c4715]
2019-07-10 09:51:06,188 INFO  client.GrpcClientProtocolClient (GrpcClientProtocolClient.java:onNext(255)) - client-7D6108789623->f80c66c4-8a3d-47db-b3f8-20b0bcb8a3f5: receive RaftClientReply:client-7D6108789623->f80c66c4-8a3d-47db-b3f8-20b0bcb8a3f5@group-7D2873B646E2, cid=3158, SUCCESS, logIndex=4722, commits[f80c66c4-8a3d-47db-b3f8-20b0bcb8a3f5:c4723, 6e9bc0f4-a324-4be3-b201-2d39df7dad8a:c4721, cffe1303-2f93-4087-8a62-a40745db49f2:c4721]
2019-07-10 09:51:06,188 INFO  client.GrpcClientProtocolClient (GrpcClientProtocolClient.java:onNext(255)) - client-7D6108789623->f80c66c4-8a3d-47db-b3f8-20b0bcb8a3f5: receive RaftClientReply:client-7D6108789623->f80c66c4-8a3d-47db-b3f8-20b0bcb8a3f5@group-7D2873B646E2, cid=3159, SUCCESS, logIndex=4723, commits[f80c66c4-8a3d-47db-b3f8-20b0bcb8a3f5:c4723, 6e9bc0f4-a324-4be3-b201-2d39df7dad8a:c4721, cffe1303-2f93-4087-8a62-a40745db49f2:c4721]
2019-07-10 09:51:06,201 INFO  client.GrpcClientProtocolClient (GrpcClientProtocolClient.java:onNext(255)) - client-7D6108789623->f80c66c4-8a3d-47db-b3f8-20b0bcb8a3f5: receive RaftClientReply:client-7D6108789623->f80c66c4-8a3d-47db-b3f8-20b0bcb8a3f5@group-7D2873B646E2, cid=3160, SUCCESS, logIndex=4726, commits[f80c66c4-8a3d-47db-b3f8-20b0bcb8a3f5:c4727, 6e9bc0f4-a324-4be3-b201-2d39df7dad8a:c4723, cffe1303-2f93-4087-8a62-a40745db49f2:c4723]
2019-07-10 09:51:06,201 INFO  client.GrpcClientProtocolClient (GrpcClientProtocolClient.java:onNext(255)) - client-7D6108789623->f80c66c4-8a3d-47db-b3f8-20b0bcb8a3f5: receive RaftClientReply:client-7D6108789623->f80c66c4-8a3d-47db-b3f8-20b0bcb8a3f5@group-7D2873B646E2, cid=3161, SUCCESS, logIndex=4727, commits[f80c66c4-8a3d-47db-b3f8-20b0bcb8a3f5:c4727, 6e9bc0f4-a324-4be3-b201-2d39df7dad8a:c4723, cffe1303-2f93-4087-8a62-a40745db49f2:c4723]
2019-07-10 09:51:06,212 INFO  client.GrpcClientProtocolClient (GrpcClientProtocolClient.java:onNext(255)) - client-7D6108789623->f80c66c4-8a3d-47db-b3f8-20b0bcb8a3f5: receive RaftClientReply:client-7D6108789623->f80c66c4-8a3d-47db-b3f8-20b0bcb8a3f5@group-7D2873B646E2, cid=3162, SUCCESS, logIndex=0, commits[f80c66c4-8a3d-47db-b3f8-20b0bcb8a3f5:c4729, 6e9bc0f4-a324-4be3-b201-2d39df7dad8a:c4727, cffe1303-2f93-4087-8a62-a40745db49f2:c4727]
2019-07-10 09:51:06,240 INFO  client.GrpcClientProtocolClient (GrpcClientProtocolClient.java:onNext(255)) - client-7D6108789623->f80c66c4-8a3d-47db-b3f8-20b0bcb8a3f5: receive RaftClientReply:client-7D6108789623->f80c66c4-8a3d-47db-b3f8-20b0bcb8a3f5@group-7D2873B646E2, cid=3163, SUCCESS, logIndex=4730, commits[f80c66c4-8a3d-47db-b3f8-20b0bcb8a3f5:c4731, 6e9bc0f4-a324-4be3-b201-2d39df7dad8a:c4729, cffe1303-2f93-4087-8a62-a40745db49f2:c4729]
2019-07-10 09:51:06,241 INFO  client.GrpcClientProtocolClient (GrpcClientProtocolClient.java:onNext(255)) - client-7D6108789623->f80c66c4-8a3d-47db-b3f8-20b0bcb8a3f5: receive RaftClientReply:client-7D6108789623->f80c66c4-8a3d-47db-b3f8-20b0bcb8a3f5@group-7D2873B646E2, cid=3164, SUCCESS, logIndex=4731, commits[f80c66c4-8a3d-47db-b3f8-20b0bcb8a3f5:c4731, 6e9bc0f4-a324-4be3-b201-2d39df7dad8a:c4729, cffe1303-2f93-4087-8a62-a40745db49f2:c4729]
2019-07-10 09:51:06,241 INFO  client.GrpcClientProtocolClient (GrpcClientProtocolClient.java:onNext(255)) - client-7D6108789623->f80c66c4-8a3d-47db-b3f8-20b0bcb8a3f5: receive RaftClientReply:client-7D6108789623->f80c66c4-8a3d-47db-b3f8-20b0bcb8a3f5@group-7D2873B646E2, cid=3165, SUCCESS, logIndex=4732, commits[f80c66c4-8a3d-47db-b3f8-20b0bcb8a3f5:c4733, 6e9bc0f4-a324-4be3-b201-2d39df7dad8a:c4729, cffe1303-2f93-4087-8a62-a40745db49f2:c4729]
2019-07-10 09:51:06,241 INFO  client.GrpcClientProtocolClient (GrpcClientProtocolClient.java:onNext(255)) - client-7D6108789623->f80c66c4-8a3d-47db-b3f8-20b0bcb8a3f5: receive RaftClientReply:client-7D6108789623->f80c66c4-8a3d-47db-b3f8-20b0bcb8a3f5@group-7D2873B646E2, cid=3166, SUCCESS, logIndex=4733, commits[f80c66c4-8a3d-47db-b3f8-20b0bcb8a3f5:c4733, 6e9bc0f4-a324-4be3-b201-2d39df7dad8a:c4729, cffe1303-2f93-4087-8a62-a40745db49f2:c4729]
 0.00% |█                                                                                                    |  0/1 Time: 0:00:302019-07-10 09:51:06,252 INFO  client.GrpcClientProtocolClient (GrpcClientProtocolClient.java:onNext(255)) - client-7D6108789623->f80c66c4-8a3d-47db-b3f8-20b0bcb8a3f5: receive RaftClientReply:client-7D6108789623->f80c66c4-8a3d-47db-b3f8-20b0bcb8a3f5@group-7D2873B646E2, cid=3167, SUCCESS, logIndex=0, commits[f80c66c4-8a3d-47db-b3f8-20b0bcb8a3f5:c4735, 6e9bc0f4-a324-4be3-b201-2d39df7dad8a:c4731, cffe1303-2f93-4087-8a62-a40745db49f2:c4731]
2019-07-10 09:51:06,270 INFO  client.GrpcClientProtocolClient (GrpcClientProtocolClient.java:onNext(255)) - client-7D6108789623->f80c66c4-8a3d-47db-b3f8-20b0bcb8a3f5: receive RaftClientReply:client-7D6108789623->f80c66c4-8a3d-47db-b3f8-20b0bcb8a3f5@group-7D2873B646E2, cid=3168, SUCCESS, logIndex=4738, commits[f80c66c4-8a3d-47db-b3f8-20b0bcb8a3f5:c4739, 6e9bc0f4-a324-4be3-b201-2d39df7dad8a:c4737, cffe1303-2f93-4087-8a62-a40745db49f2:c4737]
2019-07-10 09:51:06,271 INFO  client.GrpcClientProtocolClient (GrpcClientProtocolClient.java:onNext(255)) - client-7D6108789623->f80c66c4-8a3d-47db-b3f8-20b0bcb8a3f5: receive RaftClientReply:client-7D6108789623->f80c66c4-8a3d-47db-b3f8-20b0bcb8a3f5@group-7D2873B646E2, cid=3169, SUCCESS, logIndex=4739, commits[f80c66c4-8a3d-47db-b3f8-20b0bcb8a3f5:c4739, 6e9bc0f4-a324-4be3-b201-2d39df7dad8a:c4737, cffe1303-2f93-4087-8a62-a40745db49f2:c4737]
2019-07-10 09:51:06,283 INFO  client.GrpcClientProtocolClient (GrpcClientProtocolClient.java:onNext(255)) - client-7D6108789623->f80c66c4-8a3d-47db-b3f8-20b0bcb8a3f5: receive RaftClientReply:client-7D6108789623->f80c66c4-8a3d-47db-b3f8-20b0bcb8a3f5@group-7D2873B646E2, cid=3170, SUCCESS, logIndex=4742, commits[f80c66c4-8a3d-47db-b3f8-20b0bcb8a3f5:c4743, 6e9bc0f4-a324-4be3-b201-2d39df7dad8a:c4739, cffe1303-2f93-4087-8a62-a40745db49f2:c4739]
2019-07-10 09:51:06,283 INFO  client.GrpcClientProtocolClient (GrpcClientProtocolClient.java:onNext(255)) - client-7D6108789623->f80c66c4-8a3d-47db-b3f8-20b0bcb8a3f5: receive RaftClientReply:client-7D6108789623->f80c66c4-8a3d-47db-b3f8-20b0bcb8a3f5@group-7D2873B646E2, cid=3171, SUCCESS, logIndex=4743, commits[f80c66c4-8a3d-47db-b3f8-20b0bcb8a3f5:c4743, 6e9bc0f4-a324-4be3-b201-2d39df7dad8a:c4739, cffe1303-2f93-4087-8a62-a40745db49f2:c4739]
2019-07-10 09:51:06,295 INFO  client.GrpcClientProtocolClient (GrpcClientProtocolClient.java:onNext(255)) - client-7D6108789623->f80c66c4-8a3d-47db-b3f8-20b0bcb8a3f5: receive RaftClientReply:client-7D6108789623->f80c66c4-8a3d-47db-b3f8-20b0bcb8a3f5@group-7D2873B646E2, cid=3172, SUCCESS, logIndex=0, commits[f80c66c4-8a3d-47db-b3f8-20b0bcb8a3f5:c4745, 6e9bc0f4-a324-4be3-b201-2d39df7dad8a:c4743, cffe1303-2f93-4087-8a62-a40745db49f2:c4743]
2019-07-10 09:51:06,339 INFO  client.GrpcClientProtocolClient (GrpcClientProtocolClient.java:onNext(255)) - client-7D6108789623->f80c66c4-8a3d-47db-b3f8-20b0bcb8a3f5: receive RaftClientReply:client-7D6108789623->f80c66c4-8a3d-47db-b3f8-20b0bcb8a3f5@group-7D2873B646E2, cid=3173, SUCCESS, logIndex=4746, commits[f80c66c4-8a3d-47db-b3f8-20b0bcb8a3f5:c4747, 6e9bc0f4-a324-4be3-b201-2d39df7dad8a:c4745, cffe1303-2f93-4087-8a62-a40745db49f2:c4745]
2019-07-10 09:51:06,339 INFO  client.GrpcClientProtocolClient (GrpcClientProtocolClient.java:onNext(255)) - client-7D6108789623->f80c66c4-8a3d-47db-b3f8-20b0bcb8a3f5: receive RaftClientReply:client-7D6108789623->f80c66c4-8a3d-47db-b3f8-20b0bcb8a3f5@group-7D2873B646E2, cid=3174, SUCCESS, logIndex=4747, commits[f80c66c4-8a3d-47db-b3f8-20b0bcb8a3f5:c4749, 6e9bc0f4-a324-4be3-b201-2d39df7dad8a:c4745, cffe1303-2f93-4087-8a62-a40745db49f2:c4745]
2019-07-10 09:51:06,340 INFO  client.GrpcClientProtocolClient (GrpcClientProtocolClient.java:onNext(255)) - client-7D6108789623->f80c66c4-8a3d-47db-b3f8-20b0bcb8a3f5: receive RaftClientReply:client-7D6108789623->f80c66c4-8a3d-47db-b3f8-20b0bcb8a3f5@group-7D2873B646E2, cid=3175, SUCCESS, logIndex=4748, commits[f80c66c4-8a3d-47db-b3f8-20b0bcb8a3f5:c4749, 6e9bc0f4-a324-4be3-b201-2d39df7dad8a:c4745, cffe1303-2f93-4087-8a62-a40745db49f2:c4745]
2019-07-10 09:51:06,340 INFO  client.GrpcClientProtocolClient (GrpcClientProtocolClient.java:onNext(255)) - client-7D6108789623->f80c66c4-8a3d-47db-b3f8-20b0bcb8a3f5: receive RaftClientReply:client-7D6108789623->f80c66c4-8a3d-47db-b3f8-20b0bcb8a3f5@group-7D2873B646E2, cid=3176, SUCCESS, logIndex=4749, commits[f80c66c4-8a3d-47db-b3f8-20b0bcb8a3f5:c4749, 6e9bc0f4-a324-4be3-b201-2d39df7dad8a:c4745, cffe1303-2f93-4087-8a62-a40745db49f2:c4745]
2019-07-10 09:51:06,349 INFO  client.GrpcClientProtocolClient (GrpcClientProtocolClient.java:onNext(255)) - client-7D6108789623->f80c66c4-8a3d-47db-b3f8-20b0bcb8a3f5: receive RaftClientReply:client-7D6108789623->f80c66c4-8a3d-47db-b3f8-20b0bcb8a3f5@group-7D2873B646E2, cid=3177, SUCCESS, logIndex=0, commits[f80c66c4-8a3d-47db-b3f8-20b0bcb8a3f5:c4751, 6e9bc0f4-a324-4be3-b201-2d39df7dad8a:c4747, cffe1303-2f93-4087-8a62-a40745db49f2:c4747]
2019-07-10 09:51:06,367 INFO  client.GrpcClientProtocolClient (GrpcClientProtocolClient.java:onNext(255)) - client-7D6108789623->f80c66c4-8a3d-47db-b3f8-20b0bcb8a3f5: receive RaftClientReply:client-7D6108789623->f80c66c4-8a3d-47db-b3f8-20b0bcb8a3f5@group-7D2873B646E2, cid=3178, SUCCESS, logIndex=4753, commits[f80c66c4-8a3d-47db-b3f8-20b0bcb8a3f5:c4754, 6e9bc0f4-a324-4be3-b201-2d39df7dad8a:c4752, cffe1303-2f93-4087-8a62-a40745db49f2:c4752]
2019-07-10 09:51:06,367 INFO  client.GrpcClientProtocolClient (GrpcClientProtocolClient.java:onNext(255)) - client-7D6108789623->f80c66c4-8a3d-47db-b3f8-20b0bcb8a3f5: receive RaftClientReply:client-7D6108789623->f80c66c4-8a3d-47db-b3f8-20b0bcb8a3f5@group-7D2873B646E2, cid=3179, SUCCESS, logIndex=4754, commits[f80c66c4-8a3d-47db-b3f8-20b0bcb8a3f5:c4754, 6e9bc0f4-a324-4be3-b201-2d39df7dad8a:c4752, cffe1303-2f93-4087-8a62-a40745db49f2:c4752]
2019-07-10 09:51:06,379 INFO  client.GrpcClientProtocolClient (GrpcClientProtocolClient.java:onNext(255)) - client-7D6108789623->f80c66c4-8a3d-47db-b3f8-20b0bcb8a3f5: receive RaftClientReply:client-7D6108789623->f80c66c4-8a3d-47db-b3f8-20b0bcb8a3f5@group-7D2873B646E2, cid=3180, SUCCESS, logIndex=4757, commits[f80c66c4-8a3d-47db-b3f8-20b0bcb8a3f5:c4758, 6e9bc0f4-a324-4be3-b201-2d39df7dad8a:c4753, cffe1303-2f93-4087-8a62-a40745db49f2:c4754]
2019-07-10 09:51:06,379 INFO  client.GrpcClientProtocolClient (GrpcClientProtocolClient.java:onNext(255)) - client-7D6108789623->f80c66c4-8a3d-47db-b3f8-20b0bcb8a3f5: receive RaftClientReply:client-7D6108789623->f80c66c4-8a3d-47db-b3f8-20b0bcb8a3f5@group-7D2873B646E2, cid=3181, SUCCESS, logIndex=4758, commits[f80c66c4-8a3d-47db-b3f8-20b0bcb8a3f5:c4758, 6e9bc0f4-a324-4be3-b201-2d39df7dad8a:c4754, cffe1303-2f93-4087-8a62-a40745db49f2:c4754]
2019-07-10 09:51:06,382 INFO  client.GrpcClientProtocolClient (GrpcClientProtocolClient.java:onNext(255)) - client-7D6108789623->f80c66c4-8a3d-47db-b3f8-20b0bcb8a3f5: receive RaftClientReply:client-7D6108789623->f80c66c4-8a3d-47db-b3f8-20b0bcb8a3f5@group-7D2873B646E2, cid=3182, SUCCESS, logIndex=0, commits[f80c66c4-8a3d-47db-b3f8-20b0bcb8a3f5:c4759, 6e9bc0f4-a324-4be3-b201-2d39df7dad8a:c4758, cffe1303-2f93-4087-8a62-a40745db49f2:c4758]
2019-07-10 09:51:06,411 INFO  client.GrpcClientProtocolClient (GrpcClientProtocolClient.java:onNext(255)) - client-7D6108789623->f80c66c4-8a3d-47db-b3f8-20b0bcb8a3f5: receive RaftClientReply:client-7D6108789623->f80c66c4-8a3d-47db-b3f8-20b0bcb8a3f5@group-7D2873B646E2, cid=3183, SUCCESS, logIndex=4761, commits[f80c66c4-8a3d-47db-b3f8-20b0bcb8a3f5:c4762, 6e9bc0f4-a324-4be3-b201-2d39df7dad8a:c4760, cffe1303-2f93-4087-8a62-a40745db49f2:c4760]
2019-07-10 09:51:06,412 INFO  client.GrpcClientProtocolClient (GrpcClientProtocolClient.java:onNext(255)) - client-7D6108789623->f80c66c4-8a3d-47db-b3f8-20b0bcb8a3f5: receive RaftClientReply:client-7D6108789623->f80c66c4-8a3d-47db-b3f8-20b0bcb8a3f5@group-7D2873B646E2, cid=3184, SUCCESS, logIndex=4762, commits[f80c66c4-8a3d-47db-b3f8-20b0bcb8a3f5:c4764, 6e9bc0f4-a324-4be3-b201-2d39df7dad8a:c4760, cffe1303-2f93-4087-8a62-a40745db49f2:c4760]
2019-07-10 09:51:06,412 INFO  client.GrpcClientProtocolClient (GrpcClientProtocolClient.java:onNext(255)) - client-7D6108789623->f80c66c4-8a3d-47db-b3f8-20b0bcb8a3f5: receive RaftClientReply:client-7D6108789623->f80c66c4-8a3d-47db-b3f8-20b0bcb8a3f5@group-7D2873B646E2, cid=3185, SUCCESS, logIndex=4763, commits[f80c66c4-8a3d-47db-b3f8-20b0bcb8a3f5:c4764, 6e9bc0f4-a324-4be3-b201-2d39df7dad8a:c4760, cffe1303-2f93-4087-8a62-a40745db49f2:c4760]
2019-07-10 09:51:06,413 INFO  client.GrpcClientProtocolClient (GrpcClientProtocolClient.java:onNext(255)) - client-7D6108789623->f80c66c4-8a3d-47db-b3f8-20b0bcb8a3f5: receive RaftClientReply:client-7D6108789623->f80c66c4-8a3d-47db-b3f8-20b0bcb8a3f5@group-7D2873B646E2, cid=3186, SUCCESS, logIndex=4764, commits[f80c66c4-8a3d-47db-b3f8-20b0bcb8a3f5:c4764, 6e9bc0f4-a324-4be3-b201-2d39df7dad8a:c4760, cffe1303-2f93-4087-8a62-a40745db49f2:c4760]
2019-07-10 09:51:06,421 INFO  client.GrpcClientProtocolClient (GrpcClientProtocolClient.java:onNext(255)) - client-7D6108789623->f80c66c4-8a3d-47db-b3f8-20b0bcb8a3f5: receive RaftClientReply:client-7D6108789623->f80c66c4-8a3d-47db-b3f8-20b0bcb8a3f5@group-7D2873B646E2, cid=3187, SUCCESS, logIndex=0, commits[f80c66c4-8a3d-47db-b3f8-20b0bcb8a3f5:c4765, 6e9bc0f4-a324-4be3-b201-2d39df7dad8a:c4762, cffe1303-2f93-4087-8a62-a40745db49f2:c4762]
2019-07-10 09:51:06,439 INFO  client.GrpcClientProtocolClient (GrpcClientProtocolClient.java:onNext(255)) - client-7D6108789623->f80c66c4-8a3d-47db-b3f8-20b0bcb8a3f5: receive RaftClientReply:client-7D6108789623->f80c66c4-8a3d-47db-b3f8-20b0bcb8a3f5@group-7D2873B646E2, cid=3188, SUCCESS, logIndex=4769, commits[f80c66c4-8a3d-47db-b3f8-20b0bcb8a3f5:c4770, 6e9bc0f4-a324-4be3-b201-2d39df7dad8a:c4768, cffe1303-2f93-4087-8a62-a40745db49f2:c4768]
2019-07-10 09:51:06,440 INFO  client.GrpcClientProtocolClient (GrpcClientProtocolClient.java:onNext(255)) - client-7D6108789623->f80c66c4-8a3d-47db-b3f8-20b0bcb8a3f5: receive RaftClientReply:client-7D6108789623->f80c66c4-8a3d-47db-b3f8-20b0bcb8a3f5@group-7D2873B646E2, cid=3189, SUCCESS, logIndex=4770, commits[f80c66c4-8a3d-47db-b3f8-20b0bcb8a3f5:c4770, 6e9bc0f4-a324-4be3-b201-2d39df7dad8a:c4768, cffe1303-2f93-4087-8a62-a40745db49f2:c4768]
2019-07-10 09:51:06,568 INFO  client.GrpcClientProtocolClient (GrpcClientProtocolClient.java:onNext(255)) - client-7D6108789623->f80c66c4-8a3d-47db-b3f8-20b0bcb8a3f5: receive RaftClientReply:client-7D6108789623->f80c66c4-8a3d-47db-b3f8-20b0bcb8a3f5@group-7D2873B646E2, cid=3190, SUCCESS, logIndex=4773, commits[f80c66c4-8a3d-47db-b3f8-20b0bcb8a3f5:c4773, 6e9bc0f4-a324-4be3-b201-2d39df7dad8a:c4770, cffe1303-2f93-4087-8a62-a40745db49f2:c4770]
2019-07-10 09:51:06,568 INFO  client.GrpcClientProtocolClient (GrpcClientProtocolClient.java:onNext(255)) - client-7D6108789623->f80c66c4-8a3d-47db-b3f8-20b0bcb8a3f5: receive RaftClientReply:client-7D6108789623->f80c66c4-8a3d-47db-b3f8-20b0bcb8a3f5@group-7D2873B646E2, cid=3191, SUCCESS, logIndex=4774, commits[f80c66c4-8a3d-47db-b3f8-20b0bcb8a3f5:c4774, 6e9bc0f4-a324-4be3-b201-2d39df7dad8a:c4770, cffe1303-2f93-4087-8a62-a40745db49f2:c4770]
2019-07-10 09:51:06,571 INFO  client.GrpcClientProtocolClient (GrpcClientProtocolClient.java:onNext(255)) - client-7D6108789623->f80c66c4-8a3d-47db-b3f8-20b0bcb8a3f5: receive RaftClientReply:client-7D6108789623->f80c66c4-8a3d-47db-b3f8-20b0bcb8a3f5@group-7D2873B646E2, cid=3192, SUCCESS, logIndex=0, commits[f80c66c4-8a3d-47db-b3f8-20b0bcb8a3f5:c4775, 6e9bc0f4-a324-4be3-b201-2d39df7dad8a:c4774, cffe1303-2f93-4087-8a62-a40745db49f2:c4774]
2019-07-10 09:51:06,607 INFO  client.GrpcClientProtocolClient (GrpcClientProtocolClient.java:onNext(255)) - client-7D6108789623->f80c66c4-8a3d-47db-b3f8-20b0bcb8a3f5: receive RaftClientReply:client-7D6108789623->f80c66c4-8a3d-47db-b3f8-20b0bcb8a3f5@group-7D2873B646E2, cid=3193, SUCCESS, logIndex=4777, commits[f80c66c4-8a3d-47db-b3f8-20b0bcb8a3f5:c4778, 6e9bc0f4-a324-4be3-b201-2d39df7dad8a:c4774, cffe1303-2f93-4087-8a62-a40745db49f2:c4776]
2019-07-10 09:51:06,608 INFO  client.GrpcClientProtocolClient (GrpcClientProtocolClient.java:onNext(255)) - client-7D6108789623->f80c66c4-8a3d-47db-b3f8-20b0bcb8a3f5: receive RaftClientReply:client-7D6108789623->f80c66c4-8a3d-47db-b3f8-20b0bcb8a3f5@group-7D2873B646E2, cid=3194, SUCCESS, logIndex=4778, commits[f80c66c4-8a3d-47db-b3f8-20b0bcb8a3f5:c4778, 6e9bc0f4-a324-4be3-b201-2d39df7dad8a:c4776, cffe1303-2f93-4087-8a62-a40745db49f2:c4776]
2019-07-10 09:51:06,608 INFO  client.GrpcClientProtocolClient (GrpcClientProtocolClient.java:onNext(255)) - client-7D6108789623->f80c66c4-8a3d-47db-b3f8-20b0bcb8a3f5: receive RaftClientReply:client-7D6108789623->f80c66c4-8a3d-47db-b3f8-20b0bcb8a3f5@group-7D2873B646E2, cid=3195, SUCCESS, logIndex=4779, commits[f80c66c4-8a3d-47db-b3f8-20b0bcb8a3f5:c4779, 6e9bc0f4-a324-4be3-b201-2d39df7dad8a:c4776, cffe1303-2f93-4087-8a62-a40745db49f2:c4776]
2019-07-10 09:51:06,609 INFO  client.GrpcClientProtocolClient (GrpcClientProtocolClient.java:onNext(255)) - client-7D6108789623->f80c66c4-8a3d-47db-b3f8-20b0bcb8a3f5: receive RaftClientReply:client-7D6108789623->f80c66c4-8a3d-47db-b3f8-20b0bcb8a3f5@group-7D2873B646E2, cid=3196, SUCCESS, logIndex=4780, commits[f80c66c4-8a3d-47db-b3f8-20b0bcb8a3f5:c4780, 6e9bc0f4-a324-4be3-b201-2d39df7dad8a:c4776, cffe1303-2f93-4087-8a62-a40745db49f2:c4776]
2019-07-10 09:51:06,620 INFO  client.GrpcClientProtocolClient (GrpcClientProtocolClient.java:onNext(255)) - client-7D6108789623->f80c66c4-8a3d-47db-b3f8-20b0bcb8a3f5: receive RaftClientReply:client-7D6108789623->f80c66c4-8a3d-47db-b3f8-20b0bcb8a3f5@group-7D2873B646E2, cid=3197, SUCCESS, logIndex=0, commits[f80c66c4-8a3d-47db-b3f8-20b0bcb8a3f5:c4782, 6e9bc0f4-a324-4be3-b201-2d39df7dad8a:c4778, cffe1303-2f93-4087-8a62-a40745db49f2:c4778]
2019-07-10 09:51:06,640 INFO  client.GrpcClientProtocolClient (GrpcClientProtocolClient.java:onNext(255)) - client-7D6108789623->f80c66c4-8a3d-47db-b3f8-20b0bcb8a3f5: receive RaftClientReply:client-7D6108789623->f80c66c4-8a3d-47db-b3f8-20b0bcb8a3f5@group-7D2873B646E2, cid=3198, SUCCESS, logIndex=4785, commits[f80c66c4-8a3d-47db-b3f8-20b0bcb8a3f5:c4786, 6e9bc0f4-a324-4be3-b201-2d39df7dad8a:c4784, cffe1303-2f93-4087-8a62-a40745db49f2:c4784]
2019-07-10 09:51:06,640 INFO  client.GrpcClientProtocolClient (GrpcClientProtocolClient.java:onNext(255)) - client-7D6108789623->f80c66c4-8a3d-47db-b3f8-20b0bcb8a3f5: receive RaftClientReply:client-7D6108789623->f80c66c4-8a3d-47db-b3f8-20b0bcb8a3f5@group-7D2873B646E2, cid=3199, SUCCESS, logIndex=4786, commits[f80c66c4-8a3d-47db-b3f8-20b0bcb8a3f5:c4786, 6e9bc0f4-a324-4be3-b201-2d39df7dad8a:c4784, cffe1303-2f93-4087-8a62-a40745db49f2:c4784]
2019-07-10 09:51:06,661 INFO  client.GrpcClientProtocolClient (GrpcClientProtocolClient.java:onNext(255)) - client-7D6108789623->f80c66c4-8a3d-47db-b3f8-20b0bcb8a3f5: receive RaftClientReply:client-7D6108789623->f80c66c4-8a3d-47db-b3f8-20b0bcb8a3f5@group-7D2873B646E2, cid=3200, SUCCESS, logIndex=4789, commits[f80c66c4-8a3d-47db-b3f8-20b0bcb8a3f5:c4790, 6e9bc0f4-a324-4be3-b201-2d39df7dad8a:c4785, cffe1303-2f93-4087-8a62-a40745db49f2:c4786]
2019-07-10 09:51:06,661 INFO  client.GrpcClientProtocolClient (GrpcClientProtocolClient.java:onNext(255)) - client-7D6108789623->f80c66c4-8a3d-47db-b3f8-20b0bcb8a3f5: receive RaftClientReply:client-7D6108789623->f80c66c4-8a3d-47db-b3f8-20b0bcb8a3f5@group-7D2873B646E2, cid=3201, SUCCESS, logIndex=4790, commits[f80c66c4-8a3d-47db-b3f8-20b0bcb8a3f5:c4790, 6e9bc0f4-a324-4be3-b201-2d39df7dad8a:c4786, cffe1303-2f93-4087-8a62-a40745db49f2:c4786]
2019-07-10 09:51:06,662 INFO  client.GrpcClientProtocolClient (GrpcClientProtocolClient.java:onNext(255)) - client-7D6108789623->f80c66c4-8a3d-47db-b3f8-20b0bcb8a3f5: receive RaftClientReply:client-7D6108789623->f80c66c4-8a3d-47db-b3f8-20b0bcb8a3f5@group-7D2873B646E2, cid=3202, SUCCESS, logIndex=0, commits[f80c66c4-8a3d-47db-b3f8-20b0bcb8a3f5:c4791, 6e9bc0f4-a324-4be3-b201-2d39df7dad8a:c4790, cffe1303-2f93-4087-8a62-a40745db49f2:c4790]
2019-07-10 09:51:06,694 INFO  client.GrpcClientProtocolClient (GrpcClientProtocolClient.java:onNext(255)) - client-7D6108789623->f80c66c4-8a3d-47db-b3f8-20b0bcb8a3f5: receive RaftClientReply:client-7D6108789623->f80c66c4-8a3d-47db-b3f8-20b0bcb8a3f5@group-7D2873B646E2, cid=3203, SUCCESS, logIndex=4793, commits[f80c66c4-8a3d-47db-b3f8-20b0bcb8a3f5:c4794, 6e9bc0f4-a324-4be3-b201-2d39df7dad8a:c4792, cffe1303-2f93-4087-8a62-a40745db49f2:c4792]
2019-07-10 09:51:06,695 INFO  client.GrpcClientProtocolClient (GrpcClientProtocolClient.java:onNext(255)) - client-7D6108789623->f80c66c4-8a3d-47db-b3f8-20b0bcb8a3f5: receive RaftClientReply:client-7D6108789623->f80c66c4-8a3d-47db-b3f8-20b0bcb8a3f5@group-7D2873B646E2, cid=3204, SUCCESS, logIndex=4794, commits[f80c66c4-8a3d-47db-b3f8-20b0bcb8a3f5:c4795, 6e9bc0f4-a324-4be3-b201-2d39df7dad8a:c4792, cffe1303-2f93-4087-8a62-a40745db49f2:c4792]
2019-07-10 09:51:06,695 INFO  client.GrpcClientProtocolClient (GrpcClientProtocolClient.java:onNext(255)) - client-7D6108789623->f80c66c4-8a3d-47db-b3f8-20b0bcb8a3f5: receive RaftClientReply:client-7D6108789623->f80c66c4-8a3d-47db-b3f8-20b0bcb8a3f5@group-7D2873B646E2, cid=3205, SUCCESS, logIndex=4795, commits[f80c66c4-8a3d-47db-b3f8-20b0bcb8a3f5:c4796, 6e9bc0f4-a324-4be3-b201-2d39df7dad8a:c4792, cffe1303-2f93-4087-8a62-a40745db49f2:c4792]
2019-07-10 09:51:06,696 INFO  client.GrpcClientProtocolClient (GrpcClientProtocolClient.java:onNext(255)) - client-7D6108789623->f80c66c4-8a3d-47db-b3f8-20b0bcb8a3f5: receive RaftClientReply:client-7D6108789623->f80c66c4-8a3d-47db-b3f8-20b0bcb8a3f5@group-7D2873B646E2, cid=3206, SUCCESS, logIndex=4796, commits[f80c66c4-8a3d-47db-b3f8-20b0bcb8a3f5:c4796, 6e9bc0f4-a324-4be3-b201-2d39df7dad8a:c4792, cffe1303-2f93-4087-8a62-a40745db49f2:c4792]
2019-07-10 09:51:06,707 INFO  client.GrpcClientProtocolClient (GrpcClientProtocolClient.java:onNext(255)) - client-7D6108789623->f80c66c4-8a3d-47db-b3f8-20b0bcb8a3f5: receive RaftClientReply:client-7D6108789623->f80c66c4-8a3d-47db-b3f8-20b0bcb8a3f5@group-7D2873B646E2, cid=3207, SUCCESS, logIndex=0, commits[f80c66c4-8a3d-47db-b3f8-20b0bcb8a3f5:c4800, 6e9bc0f4-a324-4be3-b201-2d39df7dad8a:c4794, cffe1303-2f93-4087-8a62-a40745db49f2:c4796]
2019-07-10 09:51:06,725 INFO  client.GrpcClientProtocolClient (GrpcClientProtocolClient.java:onNext(255)) - client-7D6108789623->f80c66c4-8a3d-47db-b3f8-20b0bcb8a3f5: receive RaftClientReply:client-7D6108789623->f80c66c4-8a3d-47db-b3f8-20b0bcb8a3f5@group-7D2873B646E2, cid=3208, SUCCESS, logIndex=4801, commits[f80c66c4-8a3d-47db-b3f8-20b0bcb8a3f5:c4802, 6e9bc0f4-a324-4be3-b201-2d39df7dad8a:c4800, cffe1303-2f93-4087-8a62-a40745db49f2:c4800]
2019-07-10 09:51:06,725 INFO  client.GrpcClientProtocolClient (GrpcClientProtocolClient.java:onNext(255)) - client-7D6108789623->f80c66c4-8a3d-47db-b3f8-20b0bcb8a3f5: receive RaftClientReply:client-7D6108789623->f80c66c4-8a3d-47db-b3f8-20b0bcb8a3f5@group-7D2873B646E2, cid=3209, SUCCESS, logIndex=4802, commits[f80c66c4-8a3d-47db-b3f8-20b0bcb8a3f5:c4802, 6e9bc0f4-a324-4be3-b201-2d39df7dad8a:c4800, cffe1303-2f93-4087-8a62-a40745db49f2:c4800]
2019-07-10 09:51:06,738 INFO  client.GrpcClientProtocolClient (GrpcClientProtocolClient.java:onNext(255)) - client-7D6108789623->f80c66c4-8a3d-47db-b3f8-20b0bcb8a3f5: receive RaftClientReply:client-7D6108789623->f80c66c4-8a3d-47db-b3f8-20b0bcb8a3f5@group-7D2873B646E2, cid=3210, SUCCESS, logIndex=4805, commits[f80c66c4-8a3d-47db-b3f8-20b0bcb8a3f5:c4806, 6e9bc0f4-a324-4be3-b201-2d39df7dad8a:c4801, cffe1303-2f93-4087-8a62-a40745db49f2:c4802]
2019-07-10 09:51:06,738 INFO  client.GrpcClientProtocolClient (GrpcClientProtocolClient.java:onNext(255)) - client-7D6108789623->f80c66c4-8a3d-47db-b3f8-20b0bcb8a3f5: receive RaftClientReply:client-7D6108789623->f80c66c4-8a3d-47db-b3f8-20b0bcb8a3f5@group-7D2873B646E2, cid=3211, SUCCESS, logIndex=4806, commits[f80c66c4-8a3d-47db-b3f8-20b0bcb8a3f5:c4806, 6e9bc0f4-a324-4be3-b201-2d39df7dad8a:c4802, cffe1303-2f93-4087-8a62-a40745db49f2:c4802]
2019-07-10 09:51:06,750 INFO  client.GrpcClientProtocolClient (GrpcClientProtocolClient.java:onNext(255)) - client-7D6108789623->f80c66c4-8a3d-47db-b3f8-20b0bcb8a3f5: receive RaftClientReply:client-7D6108789623->f80c66c4-8a3d-47db-b3f8-20b0bcb8a3f5@group-7D2873B646E2, cid=3212, SUCCESS, logIndex=0, commits[f80c66c4-8a3d-47db-b3f8-20b0bcb8a3f5:c4808, 6e9bc0f4-a324-4be3-b201-2d39df7dad8a:c4806, cffe1303-2f93-4087-8a62-a40745db49f2:c4806]
2019-07-10 09:51:06,776 INFO  client.GrpcClientProtocolClient (GrpcClientProtocolClient.java:onNext(255)) - client-7D6108789623->f80c66c4-8a3d-47db-b3f8-20b0bcb8a3f5: receive RaftClientReply:client-7D6108789623->f80c66c4-8a3d-47db-b3f8-20b0bcb8a3f5@group-7D2873B646E2, cid=3213, SUCCESS, logIndex=4809, commits[f80c66c4-8a3d-47db-b3f8-20b0bcb8a3f5:c4810, 6e9bc0f4-a324-4be3-b201-2d39df7dad8a:c4808, cffe1303-2f93-4087-8a62-a40745db49f2:c4808]
2019-07-10 09:51:06,777 INFO  client.GrpcClientProtocolClient (GrpcClientProtocolClient.java:onNext(255)) - client-7D6108789623->f80c66c4-8a3d-47db-b3f8-20b0bcb8a3f5: receive RaftClientReply:client-7D6108789623->f80c66c4-8a3d-47db-b3f8-20b0bcb8a3f5@group-7D2873B646E2, cid=3214, SUCCESS, logIndex=4810, commits[f80c66c4-8a3d-47db-b3f8-20b0bcb8a3f5:c4812, 6e9bc0f4-a324-4be3-b201-2d39df7dad8a:c4808, cffe1303-2f93-4087-8a62-a40745db49f2:c4808]
2019-07-10 09:51:06,777 INFO  client.GrpcClientProtocolClient (GrpcClientProtocolClient.java:onNext(255)) - client-7D6108789623->f80c66c4-8a3d-47db-b3f8-20b0bcb8a3f5: receive RaftClientReply:client-7D6108789623->f80c66c4-8a3d-47db-b3f8-20b0bcb8a3f5@group-7D2873B646E2, cid=3215, SUCCESS, logIndex=4811, commits[f80c66c4-8a3d-47db-b3f8-20b0bcb8a3f5:c4812, 6e9bc0f4-a324-4be3-b201-2d39df7dad8a:c4808, cffe1303-2f93-4087-8a62-a40745db49f2:c4808]
2019-07-10 09:51:06,777 INFO  client.GrpcClientProtocolClient (GrpcClientProtocolClient.java:onNext(255)) - client-7D6108789623->f80c66c4-8a3d-47db-b3f8-20b0bcb8a3f5: receive RaftClientReply:client-7D6108789623->f80c66c4-8a3d-47db-b3f8-20b0bcb8a3f5@group-7D2873B646E2, cid=3216, SUCCESS, logIndex=4812, commits[f80c66c4-8a3d-47db-b3f8-20b0bcb8a3f5:c4814, 6e9bc0f4-a324-4be3-b201-2d39df7dad8a:c4810, cffe1303-2f93-4087-8a62-a40745db49f2:c4808]
2019-07-10 09:51:06,778 INFO  client.GrpcClientProtocolClient (GrpcClientProtocolClient.java:onNext(255)) - client-7D6108789623->f80c66c4-8a3d-47db-b3f8-20b0bcb8a3f5: receive RaftClientReply:client-7D6108789623->f80c66c4-8a3d-47db-b3f8-20b0bcb8a3f5@group-7D2873B646E2, cid=3217, SUCCESS, logIndex=0, commits[f80c66c4-8a3d-47db-b3f8-20b0bcb8a3f5:c4814, 6e9bc0f4-a324-4be3-b201-2d39df7dad8a:c4810, cffe1303-2f93-4087-8a62-a40745db49f2:c4810]
2019-07-10 09:51:06,790 INFO  client.GrpcClientProtocolClient (GrpcClientProtocolClient.java:onNext(255)) - client-7D6108789623->f80c66c4-8a3d-47db-b3f8-20b0bcb8a3f5: receive RaftClientReply:client-7D6108789623->f80c66c4-8a3d-47db-b3f8-20b0bcb8a3f5@group-7D2873B646E2, cid=3218, SUCCESS, logIndex=4817, commits[f80c66c4-8a3d-47db-b3f8-20b0bcb8a3f5:c4818, 6e9bc0f4-a324-4be3-b201-2d39df7dad8a:c4816, cffe1303-2f93-4087-8a62-a40745db49f2:c4812]
2019-07-10 09:51:06,790 INFO  client.GrpcClientProtocolClient (GrpcClientProtocolClient.java:onNext(255)) - client-7D6108789623->f80c66c4-8a3d-47db-b3f8-20b0bcb8a3f5: receive RaftClientReply:client-7D6108789623->f80c66c4-8a3d-47db-b3f8-20b0bcb8a3f5@group-7D2873B646E2, cid=3219, SUCCESS, logIndex=4818, commits[f80c66c4-8a3d-47db-b3f8-20b0bcb8a3f5:c4818, 6e9bc0f4-a324-4be3-b201-2d39df7dad8a:c4816, cffe1303-2f93-4087-8a62-a40745db49f2:c4816]
2019-07-10 09:51:06,806 INFO  client.GrpcClientProtocolClient (GrpcClientProtocolClient.java:onNext(255)) - client-7D6108789623->f80c66c4-8a3d-47db-b3f8-20b0bcb8a3f5: receive RaftClientReply:client-7D6108789623->f80c66c4-8a3d-47db-b3f8-20b0bcb8a3f5@group-7D2873B646E2, cid=3220, SUCCESS, logIndex=4821, commits[f80c66c4-8a3d-47db-b3f8-20b0bcb8a3f5:c4822, 6e9bc0f4-a324-4be3-b201-2d39df7dad8a:c4819, cffe1303-2f93-4087-8a62-a40745db49f2:c4819]
2019-07-10 09:51:06,807 INFO  client.GrpcClientProtocolClient (GrpcClientProtocolClient.java:onNext(255)) - client-7D6108789623->f80c66c4-8a3d-47db-b3f8-20b0bcb8a3f5: receive RaftClientReply:client-7D6108789623->f80c66c4-8a3d-47db-b3f8-20b0bcb8a3f5@group-7D2873B646E2, cid=3221, SUCCESS, logIndex=4822, commits[f80c66c4-8a3d-47db-b3f8-20b0bcb8a3f5:c4822, 6e9bc0f4-a324-4be3-b201-2d39df7dad8a:c4819, cffe1303-2f93-4087-8a62-a40745db49f2:c4819]
2019-07-10 09:51:06,814 INFO  client.GrpcClientProtocolClient (GrpcClientProtocolClient.java:onNext(255)) - client-7D6108789623->f80c66c4-8a3d-47db-b3f8-20b0bcb8a3f5: receive RaftClientReply:client-7D6108789623->f80c66c4-8a3d-47db-b3f8-20b0bcb8a3f5@group-7D2873B646E2, cid=3222, SUCCESS, logIndex=0, commits[f80c66c4-8a3d-47db-b3f8-20b0bcb8a3f5:c4824, 6e9bc0f4-a324-4be3-b201-2d39df7dad8a:c4822, cffe1303-2f93-4087-8a62-a40745db49f2:c4822]
2019-07-10 09:51:06,840 INFO  client.GrpcClientProtocolClient (GrpcClientProtocolClient.java:onNext(255)) - client-7D6108789623->f80c66c4-8a3d-47db-b3f8-20b0bcb8a3f5: receive RaftClientReply:client-7D6108789623->f80c66c4-8a3d-47db-b3f8-20b0bcb8a3f5@group-7D2873B646E2, cid=3223, SUCCESS, logIndex=4825, commits[f80c66c4-8a3d-47db-b3f8-20b0bcb8a3f5:c4826, 6e9bc0f4-a324-4be3-b201-2d39df7dad8a:c4824, cffe1303-2f93-4087-8a62-a40745db49f2:c4824]
2019-07-10 09:51:06,840 INFO  client.GrpcClientProtocolClient (GrpcClientProtocolClient.java:onNext(255)) - client-7D6108789623->f80c66c4-8a3d-47db-b3f8-20b0bcb8a3f5: receive RaftClientReply:client-7D6108789623->f80c66c4-8a3d-47db-b3f8-20b0bcb8a3f5@group-7D2873B646E2, cid=3224, SUCCESS, logIndex=4826, commits[f80c66c4-8a3d-47db-b3f8-20b0bcb8a3f5:c4828, 6e9bc0f4-a324-4be3-b201-2d39df7dad8a:c4824, cffe1303-2f93-4087-8a62-a40745db49f2:c4824]
2019-07-10 09:51:06,841 INFO  client.GrpcClientProtocolClient (GrpcClientProtocolClient.java:onNext(255)) - client-7D6108789623->f80c66c4-8a3d-47db-b3f8-20b0bcb8a3f5: receive RaftClientReply:client-7D6108789623->f80c66c4-8a3d-47db-b3f8-20b0bcb8a3f5@group-7D2873B646E2, cid=3225, SUCCESS, logIndex=4827, commits[f80c66c4-8a3d-47db-b3f8-20b0bcb8a3f5:c4828, 6e9bc0f4-a324-4be3-b201-2d39df7dad8a:c4824, cffe1303-2f93-4087-8a62-a40745db49f2:c4824]
2019-07-10 09:51:06,841 INFO  client.GrpcClientProtocolClient (GrpcClientProtocolClient.java:onNext(255)) - client-7D6108789623->f80c66c4-8a3d-47db-b3f8-20b0bcb8a3f5: receive RaftClientReply:client-7D6108789623->f80c66c4-8a3d-47db-b3f8-20b0bcb8a3f5@group-7D2873B646E2, cid=3226, SUCCESS, logIndex=4828, commits[f80c66c4-8a3d-47db-b3f8-20b0bcb8a3f5:c4828, 6e9bc0f4-a324-4be3-b201-2d39df7dad8a:c4824, cffe1303-2f93-4087-8a62-a40745db49f2:c4824]
2019-07-10 09:51:06,850 INFO  client.GrpcClientProtocolClient (GrpcClientProtocolClient.java:onNext(255)) - client-7D6108789623->f80c66c4-8a3d-47db-b3f8-20b0bcb8a3f5: receive RaftClientReply:client-7D6108789623->f80c66c4-8a3d-47db-b3f8-20b0bcb8a3f5@group-7D2873B646E2, cid=3227, SUCCESS, logIndex=0, commits[f80c66c4-8a3d-47db-b3f8-20b0bcb8a3f5:c4831, 6e9bc0f4-a324-4be3-b201-2d39df7dad8a:c4826, cffe1303-2f93-4087-8a62-a40745db49f2:c4828]
2019-07-10 09:51:06,881 INFO  client.GrpcClientProtocolClient (GrpcClientProtocolClient.java:onNext(255)) - client-7D6108789623->f80c66c4-8a3d-47db-b3f8-20b0bcb8a3f5: receive RaftClientReply:client-7D6108789623->f80c66c4-8a3d-47db-b3f8-20b0bcb8a3f5@group-7D2873B646E2, cid=3228, SUCCESS, logIndex=4832, commits[f80c66c4-8a3d-47db-b3f8-20b0bcb8a3f5:c4833, 6e9bc0f4-a324-4be3-b201-2d39df7dad8a:c4831, cffe1303-2f93-4087-8a62-a40745db49f2:c4831]
2019-07-10 09:51:06,882 INFO  client.GrpcClientProtocolClient (GrpcClientProtocolClient.java:onNext(255)) - client-7D6108789623->f80c66c4-8a3d-47db-b3f8-20b0bcb8a3f5: receive RaftClientReply:client-7D6108789623->f80c66c4-8a3d-47db-b3f8-20b0bcb8a3f5@group-7D2873B646E2, cid=3229, SUCCESS, logIndex=4833, commits[f80c66c4-8a3d-47db-b3f8-20b0bcb8a3f5:c4833, 6e9bc0f4-a324-4be3-b201-2d39df7dad8a:c4831, cffe1303-2f93-4087-8a62-a40745db49f2:c4831]
2019-07-10 09:51:06,894 INFO  client.GrpcClientProtocolClient (GrpcClientProtocolClient.java:onNext(255)) - client-7D6108789623->f80c66c4-8a3d-47db-b3f8-20b0bcb8a3f5: receive RaftClientReply:client-7D6108789623->f80c66c4-8a3d-47db-b3f8-20b0bcb8a3f5@group-7D2873B646E2, cid=3230, SUCCESS, logIndex=4836, commits[f80c66c4-8a3d-47db-b3f8-20b0bcb8a3f5:c4837, 6e9bc0f4-a324-4be3-b201-2d39df7dad8a:c4832, cffe1303-2f93-4087-8a62-a40745db49f2:c4833]
2019-07-10 09:51:06,894 INFO  client.GrpcClientProtocolClient (GrpcClientProtocolClient.java:onNext(255)) - client-7D6108789623->f80c66c4-8a3d-47db-b3f8-20b0bcb8a3f5: receive RaftClientReply:client-7D6108789623->f80c66c4-8a3d-47db-b3f8-20b0bcb8a3f5@group-7D2873B646E2, cid=3231, SUCCESS, logIndex=4837, commits[f80c66c4-8a3d-47db-b3f8-20b0bcb8a3f5:c4837, 6e9bc0f4-a324-4be3-b201-2d39df7dad8a:c4832, cffe1303-2f93-4087-8a62-a40745db49f2:c4833]
2019-07-10 09:51:06,895 INFO  client.GrpcClientProtocolClient (GrpcClientProtocolClient.java:onNext(255)) - client-7D6108789623->f80c66c4-8a3d-47db-b3f8-20b0bcb8a3f5: receive RaftClientReply:client-7D6108789623->f80c66c4-8a3d-47db-b3f8-20b0bcb8a3f5@group-7D2873B646E2, cid=3232, SUCCESS, logIndex=0, commits[f80c66c4-8a3d-47db-b3f8-20b0bcb8a3f5:c4837, 6e9bc0f4-a324-4be3-b201-2d39df7dad8a:c4833, cffe1303-2f93-4087-8a62-a40745db49f2:c4833]
2019-07-10 09:51:06,900 INFO  client.GrpcClientProtocolClient (GrpcClientProtocolClient.java:onNext(255)) - client-7D6108789623->f80c66c4-8a3d-47db-b3f8-20b0bcb8a3f5: receive RaftClientReply:client-7D6108789623->f80c66c4-8a3d-47db-b3f8-20b0bcb8a3f5@group-7D2873B646E2, cid=3233, SUCCESS, logIndex=0, commits[f80c66c4-8a3d-47db-b3f8-20b0bcb8a3f5:c4839, 6e9bc0f4-a324-4be3-b201-2d39df7dad8a:c4837, cffe1303-2f93-4087-8a62-a40745db49f2:c4837]
2019-07-10 09:51:06,929 INFO  client.GrpcClientProtocolClient (GrpcClientProtocolClient.java:onNext(255)) - client-7D6108789623->f80c66c4-8a3d-47db-b3f8-20b0bcb8a3f5: receive RaftClientReply:client-7D6108789623->f80c66c4-8a3d-47db-b3f8-20b0bcb8a3f5@group-7D2873B646E2, cid=3234, SUCCESS, logIndex=4840, commits[f80c66c4-8a3d-47db-b3f8-20b0bcb8a3f5:c4841, 6e9bc0f4-a324-4be3-b201-2d39df7dad8a:c4839, cffe1303-2f93-4087-8a62-a40745db49f2:c4839]
2019-07-10 09:51:06,929 INFO  client.GrpcClientProtocolClient (GrpcClientProtocolClient.java:onNext(255)) - client-7D6108789623->f80c66c4-8a3d-47db-b3f8-20b0bcb8a3f5: receive RaftClientReply:client-7D6108789623->f80c66c4-8a3d-47db-b3f8-20b0bcb8a3f5@group-7D2873B646E2, cid=3235, SUCCESS, logIndex=4841, commits[f80c66c4-8a3d-47db-b3f8-20b0bcb8a3f5:c4843, 6e9bc0f4-a324-4be3-b201-2d39df7dad8a:c4839, cffe1303-2f93-4087-8a62-a40745db49f2:c4839]
2019-07-10 09:51:06,929 INFO  client.GrpcClientProtocolClient (GrpcClientProtocolClient.java:onNext(255)) - client-7D6108789623->f80c66c4-8a3d-47db-b3f8-20b0bcb8a3f5: receive RaftClientReply:client-7D6108789623->f80c66c4-8a3d-47db-b3f8-20b0bcb8a3f5@group-7D2873B646E2, cid=3236, SUCCESS, logIndex=4842, commits[f80c66c4-8a3d-47db-b3f8-20b0bcb8a3f5:c4843, 6e9bc0f4-a324-4be3-b201-2d39df7dad8a:c4839, cffe1303-2f93-4087-8a62-a40745db49f2:c4839]
2019-07-10 09:51:06,930 INFO  client.GrpcClientProtocolClient (GrpcClientProtocolClient.java:onNext(255)) - client-7D6108789623->f80c66c4-8a3d-47db-b3f8-20b0bcb8a3f5: receive RaftClientReply:client-7D6108789623->f80c66c4-8a3d-47db-b3f8-20b0bcb8a3f5@group-7D2873B646E2, cid=3237, SUCCESS, logIndex=4843, commits[f80c66c4-8a3d-47db-b3f8-20b0bcb8a3f5:c4843, 6e9bc0f4-a324-4be3-b201-2d39df7dad8a:c4839, cffe1303-2f93-4087-8a62-a40745db49f2:c4839]
2019-07-10 09:51:06,931 INFO  client.GrpcClientProtocolClient (GrpcClientProtocolClient.java:onNext(255)) - client-7D6108789623->f80c66c4-8a3d-47db-b3f8-20b0bcb8a3f5: receive RaftClientReply:client-7D6108789623->f80c66c4-8a3d-47db-b3f8-20b0bcb8a3f5@group-7D2873B646E2, cid=3238, SUCCESS, logIndex=0, commits[f80c66c4-8a3d-47db-b3f8-20b0bcb8a3f5:c4845, 6e9bc0f4-a324-4be3-b201-2d39df7dad8a:c4841, cffe1303-2f93-4087-8a62-a40745db49f2:c4841]
2019-07-10 09:51:06,952 INFO  client.GrpcClientProtocolClient (GrpcClientProtocolClient.java:onNext(255)) - client-7D6108789623->f80c66c4-8a3d-47db-b3f8-20b0bcb8a3f5: receive RaftClientReply:client-7D6108789623->f80c66c4-8a3d-47db-b3f8-20b0bcb8a3f5@group-7D2873B646E2, cid=3239, SUCCESS, logIndex=4848, commits[f80c66c4-8a3d-47db-b3f8-20b0bcb8a3f5:c4849, 6e9bc0f4-a324-4be3-b201-2d39df7dad8a:c4847, cffe1303-2f93-4087-8a62-a40745db49f2:c4847]
2019-07-10 09:51:06,952 INFO  client.GrpcClientProtocolClient (GrpcClientProtocolClient.java:onNext(255)) - client-7D6108789623->f80c66c4-8a3d-47db-b3f8-20b0bcb8a3f5: receive RaftClientReply:client-7D6108789623->f80c66c4-8a3d-47db-b3f8-20b0bcb8a3f5@group-7D2873B646E2, cid=3240, SUCCESS, logIndex=4849, commits[f80c66c4-8a3d-47db-b3f8-20b0bcb8a3f5:c4849, 6e9bc0f4-a324-4be3-b201-2d39df7dad8a:c4847, cffe1303-2f93-4087-8a62-a40745db49f2:c4847]
2019-07-10 09:51:06,963 INFO  client.GrpcClientProtocolClient (GrpcClientProtocolClient.java:onNext(255)) - client-7D6108789623->f80c66c4-8a3d-47db-b3f8-20b0bcb8a3f5: receive RaftClientReply:client-7D6108789623->f80c66c4-8a3d-47db-b3f8-20b0bcb8a3f5@group-7D2873B646E2, cid=3241, SUCCESS, logIndex=4852, commits[f80c66c4-8a3d-47db-b3f8-20b0bcb8a3f5:c4853, 6e9bc0f4-a324-4be3-b201-2d39df7dad8a:c4848, cffe1303-2f93-4087-8a62-a40745db49f2:c4849]
2019-07-10 09:51:06,964 INFO  client.GrpcClientProtocolClient (GrpcClientProtocolClient.java:onNext(255)) - client-7D6108789623->f80c66c4-8a3d-47db-b3f8-20b0bcb8a3f5: receive RaftClientReply:client-7D6108789623->f80c66c4-8a3d-47db-b3f8-20b0bcb8a3f5@group-7D2873B646E2, cid=3242, SUCCESS, logIndex=4853, commits[f80c66c4-8a3d-47db-b3f8-20b0bcb8a3f5:c4853, 6e9bc0f4-a324-4be3-b201-2d39df7dad8a:c4849, cffe1303-2f93-4087-8a62-a40745db49f2:c4849]
2019-07-10 09:51:06,976 INFO  client.GrpcClientProtocolClient (GrpcClientProtocolClient.java:onNext(255)) - client-7D6108789623->f80c66c4-8a3d-47db-b3f8-20b0bcb8a3f5: receive RaftClientReply:client-7D6108789623->f80c66c4-8a3d-47db-b3f8-20b0bcb8a3f5@group-7D2873B646E2, cid=3243, SUCCESS, logIndex=0, commits[f80c66c4-8a3d-47db-b3f8-20b0bcb8a3f5:c4855, 6e9bc0f4-a324-4be3-b201-2d39df7dad8a:c4853, cffe1303-2f93-4087-8a62-a40745db49f2:c4853]
2019-07-10 09:51:07,003 INFO  client.GrpcClientProtocolClient (GrpcClientProtocolClient.java:onNext(255)) - client-7D6108789623->f80c66c4-8a3d-47db-b3f8-20b0bcb8a3f5: receive RaftClientReply:client-7D6108789623->f80c66c4-8a3d-47db-b3f8-20b0bcb8a3f5@group-7D2873B646E2, cid=3244, SUCCESS, logIndex=4856, commits[f80c66c4-8a3d-47db-b3f8-20b0bcb8a3f5:c4856, 6e9bc0f4-a324-4be3-b201-2d39df7dad8a:c4855, cffe1303-2f93-4087-8a62-a40745db49f2:c4855]
2019-07-10 09:51:07,003 INFO  client.GrpcClientProtocolClient (GrpcClientProtocolClient.java:onNext(255)) - client-7D6108789623->f80c66c4-8a3d-47db-b3f8-20b0bcb8a3f5: receive RaftClientReply:client-7D6108789623->f80c66c4-8a3d-47db-b3f8-20b0bcb8a3f5@group-7D2873B646E2, cid=3245, SUCCESS, logIndex=4857, commits[f80c66c4-8a3d-47db-b3f8-20b0bcb8a3f5:c4859, 6e9bc0f4-a324-4be3-b201-2d39df7dad8a:c4855, cffe1303-2f93-4087-8a62-a40745db49f2:c4855]
2019-07-10 09:51:07,004 INFO  client.GrpcClientProtocolClient (GrpcClientProtocolClient.java:onNext(255)) - client-7D6108789623->f80c66c4-8a3d-47db-b3f8-20b0bcb8a3f5: receive RaftClientReply:client-7D6108789623->f80c66c4-8a3d-47db-b3f8-20b0bcb8a3f5@group-7D2873B646E2, cid=3246, SUCCESS, logIndex=4858, commits[f80c66c4-8a3d-47db-b3f8-20b0bcb8a3f5:c4859, 6e9bc0f4-a324-4be3-b201-2d39df7dad8a:c4855, cffe1303-2f93-4087-8a62-a40745db49f2:c4855]
2019-07-10 09:51:07,004 INFO  client.GrpcClientProtocolClient (GrpcClientProtocolClient.java:onNext(255)) - client-7D6108789623->f80c66c4-8a3d-47db-b3f8-20b0bcb8a3f5: receive RaftClientReply:client-7D6108789623->f80c66c4-8a3d-47db-b3f8-20b0bcb8a3f5@group-7D2873B646E2, cid=3247, SUCCESS, logIndex=4859, commits[f80c66c4-8a3d-47db-b3f8-20b0bcb8a3f5:c4859, 6e9bc0f4-a324-4be3-b201-2d39df7dad8a:c4855, cffe1303-2f93-4087-8a62-a40745db49f2:c4855]
2019-07-10 09:51:07,015 INFO  client.GrpcClientProtocolClient (GrpcClientProtocolClient.java:onNext(255)) - client-7D6108789623->f80c66c4-8a3d-47db-b3f8-20b0bcb8a3f5: receive RaftClientReply:client-7D6108789623->f80c66c4-8a3d-47db-b3f8-20b0bcb8a3f5@group-7D2873B646E2, cid=3248, SUCCESS, logIndex=0, commits[f80c66c4-8a3d-47db-b3f8-20b0bcb8a3f5:c4862, 6e9bc0f4-a324-4be3-b201-2d39df7dad8a:c4858, cffe1303-2f93-4087-8a62-a40745db49f2:c4857]
2019-07-10 09:51:07,032 INFO  client.GrpcClientProtocolClient (GrpcClientProtocolClient.java:onNext(255)) - client-7D6108789623->f80c66c4-8a3d-47db-b3f8-20b0bcb8a3f5: receive RaftClientReply:client-7D6108789623->f80c66c4-8a3d-47db-b3f8-20b0bcb8a3f5@group-7D2873B646E2, cid=3249, SUCCESS, logIndex=4864, commits[f80c66c4-8a3d-47db-b3f8-20b0bcb8a3f5:c4864, 6e9bc0f4-a324-4be3-b201-2d39df7dad8a:c4863, cffe1303-2f93-4087-8a62-a40745db49f2:c4863]
2019-07-10 09:51:07,033 INFO  client.GrpcClientProtocolClient (GrpcClientProtocolClient.java:onNext(255)) - client-7D6108789623->f80c66c4-8a3d-47db-b3f8-20b0bcb8a3f5: receive RaftClientReply:client-7D6108789623->f80c66c4-8a3d-47db-b3f8-20b0bcb8a3f5@group-7D2873B646E2, cid=3250, SUCCESS, logIndex=4865, commits[f80c66c4-8a3d-47db-b3f8-20b0bcb8a3f5:c4865, 6e9bc0f4-a324-4be3-b201-2d39df7dad8a:c4863, cffe1303-2f93-4087-8a62-a40745db49f2:c4863]
2019-07-10 09:51:07,044 INFO  client.GrpcClientProtocolClient (GrpcClientProtocolClient.java:onNext(255)) - client-7D6108789623->f80c66c4-8a3d-47db-b3f8-20b0bcb8a3f5: receive RaftClientReply:client-7D6108789623->f80c66c4-8a3d-47db-b3f8-20b0bcb8a3f5@group-7D2873B646E2, cid=3251, SUCCESS, logIndex=4868, commits[f80c66c4-8a3d-47db-b3f8-20b0bcb8a3f5:c4869, 6e9bc0f4-a324-4be3-b201-2d39df7dad8a:c4864, cffe1303-2f93-4087-8a62-a40745db49f2:c4865]
2019-07-10 09:51:07,044 INFO  client.GrpcClientProtocolClient (GrpcClientProtocolClient.java:onNext(255)) - client-7D6108789623->f80c66c4-8a3d-47db-b3f8-20b0bcb8a3f5: receive RaftClientReply:client-7D6108789623->f80c66c4-8a3d-47db-b3f8-20b0bcb8a3f5@group-7D2873B646E2, cid=3252, SUCCESS, logIndex=4869, commits[f80c66c4-8a3d-47db-b3f8-20b0bcb8a3f5:c4869, 6e9bc0f4-a324-4be3-b201-2d39df7dad8a:c4864, cffe1303-2f93-4087-8a62-a40745db49f2:c4865]
2019-07-10 09:51:07,045 INFO  client.GrpcClientProtocolClient (GrpcClientProtocolClient.java:onNext(255)) - client-7D6108789623->f80c66c4-8a3d-47db-b3f8-20b0bcb8a3f5: receive RaftClientReply:client-7D6108789623->f80c66c4-8a3d-47db-b3f8-20b0bcb8a3f5@group-7D2873B646E2, cid=3253, SUCCESS, logIndex=0, commits[f80c66c4-8a3d-47db-b3f8-20b0bcb8a3f5:c4869, 6e9bc0f4-a324-4be3-b201-2d39df7dad8a:c4865, cffe1303-2f93-4087-8a62-a40745db49f2:c4865]
2019-07-10 09:51:07,047 INFO  client.GrpcClientProtocolClient (GrpcClientProtocolClient.java:onNext(255)) - client-7D6108789623->f80c66c4-8a3d-47db-b3f8-20b0bcb8a3f5: receive RaftClientReply:client-7D6108789623->f80c66c4-8a3d-47db-b3f8-20b0bcb8a3f5@group-7D2873B646E2, cid=3254, SUCCESS, logIndex=0, commits[f80c66c4-8a3d-47db-b3f8-20b0bcb8a3f5:c4871, 6e9bc0f4-a324-4be3-b201-2d39df7dad8a:c4869, cffe1303-2f93-4087-8a62-a40745db49f2:c4869]
2019-07-10 09:51:07,075 INFO  client.GrpcClientProtocolClient (GrpcClientProtocolClient.java:onNext(255)) - client-7D6108789623->f80c66c4-8a3d-47db-b3f8-20b0bcb8a3f5: receive RaftClientReply:client-7D6108789623->f80c66c4-8a3d-47db-b3f8-20b0bcb8a3f5@group-7D2873B646E2, cid=3255, SUCCESS, logIndex=4872, commits[f80c66c4-8a3d-47db-b3f8-20b0bcb8a3f5:c4873, 6e9bc0f4-a324-4be3-b201-2d39df7dad8a:c4871, cffe1303-2f93-4087-8a62-a40745db49f2:c4871]
2019-07-10 09:51:07,076 INFO  client.GrpcClientProtocolClient (GrpcClientProtocolClient.java:onNext(255)) - client-7D6108789623->f80c66c4-8a3d-47db-b3f8-20b0bcb8a3f5: receive RaftClientReply:client-7D6108789623->f80c66c4-8a3d-47db-b3f8-20b0bcb8a3f5@group-7D2873B646E2, cid=3256, SUCCESS, logIndex=4873, commits[f80c66c4-8a3d-47db-b3f8-20b0bcb8a3f5:c4873, 6e9bc0f4-a324-4be3-b201-2d39df7dad8a:c4871, cffe1303-2f93-4087-8a62-a40745db49f2:c4871]
2019-07-10 09:51:07,078 INFO  client.GrpcClientProtocolClient (GrpcClientProtocolClient.java:onNext(255)) - client-7D6108789623->f80c66c4-8a3d-47db-b3f8-20b0bcb8a3f5: receive RaftClientReply:client-7D6108789623->f80c66c4-8a3d-47db-b3f8-20b0bcb8a3f5@group-7D2873B646E2, cid=3257, SUCCESS, logIndex=4874, commits[f80c66c4-8a3d-47db-b3f8-20b0bcb8a3f5:c4874, 6e9bc0f4-a324-4be3-b201-2d39df7dad8a:c4871, cffe1303-2f93-4087-8a62-a40745db49f2:c4871]
2019-07-10 09:51:07,078 INFO  client.GrpcClientProtocolClient (GrpcClientProtocolClient.java:onNext(255)) - client-7D6108789623->f80c66c4-8a3d-47db-b3f8-20b0bcb8a3f5: receive RaftClientReply:client-7D6108789623->f80c66c4-8a3d-47db-b3f8-20b0bcb8a3f5@group-7D2873B646E2, cid=3258, SUCCESS, logIndex=4875, commits[f80c66c4-8a3d-47db-b3f8-20b0bcb8a3f5:c4875, 6e9bc0f4-a324-4be3-b201-2d39df7dad8a:c4871, cffe1303-2f93-4087-8a62-a40745db49f2:c4871]
2019-07-10 09:51:07,088 INFO  client.GrpcClientProtocolClient (GrpcClientProtocolClient.java:onNext(255)) - client-7D6108789623->f80c66c4-8a3d-47db-b3f8-20b0bcb8a3f5: receive RaftClientReply:client-7D6108789623->f80c66c4-8a3d-47db-b3f8-20b0bcb8a3f5@group-7D2873B646E2, cid=3259, SUCCESS, logIndex=0, commits[f80c66c4-8a3d-47db-b3f8-20b0bcb8a3f5:c4877, 6e9bc0f4-a324-4be3-b201-2d39df7dad8a:c4873, cffe1303-2f93-4087-8a62-a40745db49f2:c4873]
2019-07-10 09:51:07,102 INFO  client.GrpcClientProtocolClient (GrpcClientProtocolClient.java:onNext(255)) - client-7D6108789623->f80c66c4-8a3d-47db-b3f8-20b0bcb8a3f5: receive RaftClientReply:client-7D6108789623->f80c66c4-8a3d-47db-b3f8-20b0bcb8a3f5@group-7D2873B646E2, cid=3260, SUCCESS, logIndex=4880, commits[f80c66c4-8a3d-47db-b3f8-20b0bcb8a3f5:c4881, 6e9bc0f4-a324-4be3-b201-2d39df7dad8a:c4879, cffe1303-2f93-4087-8a62-a40745db49f2:c4879]
2019-07-10 09:51:07,103 INFO  client.GrpcClientProtocolClient (GrpcClientProtocolClient.java:onNext(255)) - client-7D6108789623->f80c66c4-8a3d-47db-b3f8-20b0bcb8a3f5: receive RaftClientReply:client-7D6108789623->f80c66c4-8a3d-47db-b3f8-20b0bcb8a3f5@group-7D2873B646E2, cid=3261, SUCCESS, logIndex=4881, commits[f80c66c4-8a3d-47db-b3f8-20b0bcb8a3f5:c4881, 6e9bc0f4-a324-4be3-b201-2d39df7dad8a:c4879, cffe1303-2f93-4087-8a62-a40745db49f2:c4879]
2019-07-10 09:51:07,131 INFO  client.GrpcClientProtocolClient (GrpcClientProtocolClient.java:onNext(255)) - client-7D6108789623->f80c66c4-8a3d-47db-b3f8-20b0bcb8a3f5: receive RaftClientReply:client-7D6108789623->f80c66c4-8a3d-47db-b3f8-20b0bcb8a3f5@group-7D2873B646E2, cid=3262, SUCCESS, logIndex=4884, commits[f80c66c4-8a3d-47db-b3f8-20b0bcb8a3f5:c4885, 6e9bc0f4-a324-4be3-b201-2d39df7dad8a:c4881, cffe1303-2f93-4087-8a62-a40745db49f2:c4881]
2019-07-10 09:51:07,132 INFO  client.GrpcClientProtocolClient (GrpcClientProtocolClient.java:onNext(255)) - client-7D6108789623->f80c66c4-8a3d-47db-b3f8-20b0bcb8a3f5: receive RaftClientReply:client-7D6108789623->f80c66c4-8a3d-47db-b3f8-20b0bcb8a3f5@group-7D2873B646E2, cid=3263, SUCCESS, logIndex=4885, commits[f80c66c4-8a3d-47db-b3f8-20b0bcb8a3f5:c4885, 6e9bc0f4-a324-4be3-b201-2d39df7dad8a:c4881, cffe1303-2f93-4087-8a62-a40745db49f2:c4881]
2019-07-10 09:51:07,144 INFO  client.GrpcClientProtocolClient (GrpcClientProtocolClient.java:onNext(255)) - client-7D6108789623->f80c66c4-8a3d-47db-b3f8-20b0bcb8a3f5: receive RaftClientReply:client-7D6108789623->f80c66c4-8a3d-47db-b3f8-20b0bcb8a3f5@group-7D2873B646E2, cid=3264, SUCCESS, logIndex=0, commits[f80c66c4-8a3d-47db-b3f8-20b0bcb8a3f5:c4887, 6e9bc0f4-a324-4be3-b201-2d39df7dad8a:c4885, cffe1303-2f93-4087-8a62-a40745db49f2:c4885]
2019-07-10 09:51:07,175 INFO  client.GrpcClientProtocolClient (GrpcClientProtocolClient.java:onNext(255)) - client-7D6108789623->f80c66c4-8a3d-47db-b3f8-20b0bcb8a3f5: receive RaftClientReply:client-7D6108789623->f80c66c4-8a3d-47db-b3f8-20b0bcb8a3f5@group-7D2873B646E2, cid=3265, SUCCESS, logIndex=4888, commits[f80c66c4-8a3d-47db-b3f8-20b0bcb8a3f5:c4889, 6e9bc0f4-a324-4be3-b201-2d39df7dad8a:c4887, cffe1303-2f93-4087-8a62-a40745db49f2:c4887]
2019-07-10 09:51:07,176 INFO  client.GrpcClientProtocolClient (GrpcClientProtocolClient.java:onNext(255)) - client-7D6108789623->f80c66c4-8a3d-47db-b3f8-20b0bcb8a3f5: receive RaftClientReply:client-7D6108789623->f80c66c4-8a3d-47db-b3f8-20b0bcb8a3f5@group-7D2873B646E2, cid=3266, SUCCESS, logIndex=4889, commits[f80c66c4-8a3d-47db-b3f8-20b0bcb8a3f5:c4889, 6e9bc0f4-a324-4be3-b201-2d39df7dad8a:c4887, cffe1303-2f93-4087-8a62-a40745db49f2:c4887]
2019-07-10 09:51:07,185 INFO  client.GrpcClientProtocolClient (GrpcClientProtocolClient.java:onNext(255)) - client-7D6108789623->f80c66c4-8a3d-47db-b3f8-20b0bcb8a3f5: receive RaftClientReply:client-7D6108789623->f80c66c4-8a3d-47db-b3f8-20b0bcb8a3f5@group-7D2873B646E2, cid=3267, SUCCESS, logIndex=4890, commits[f80c66c4-8a3d-47db-b3f8-20b0bcb8a3f5:c4891, 6e9bc0f4-a324-4be3-b201-2d39df7dad8a:c4887, cffe1303-2f93-4087-8a62-a40745db49f2:c4887]
2019-07-10 09:51:07,185 INFO  client.GrpcClientProtocolClient (GrpcClientProtocolClient.java:onNext(255)) - client-7D6108789623->f80c66c4-8a3d-47db-b3f8-20b0bcb8a3f5: receive RaftClientReply:client-7D6108789623->f80c66c4-8a3d-47db-b3f8-20b0bcb8a3f5@group-7D2873B646E2, cid=3268, SUCCESS, logIndex=4891, commits[f80c66c4-8a3d-47db-b3f8-20b0bcb8a3f5:c4891, 6e9bc0f4-a324-4be3-b201-2d39df7dad8a:c4887, cffe1303-2f93-4087-8a62-a40745db49f2:c4887]
2019-07-10 09:51:07,194 INFO  client.GrpcClientProtocolClient (GrpcClientProtocolClient.java:onNext(255)) - client-7D6108789623->f80c66c4-8a3d-47db-b3f8-20b0bcb8a3f5: receive RaftClientReply:client-7D6108789623->f80c66c4-8a3d-47db-b3f8-20b0bcb8a3f5@group-7D2873B646E2, cid=3269, SUCCESS, logIndex=0, commits[f80c66c4-8a3d-47db-b3f8-20b0bcb8a3f5:c4893, 6e9bc0f4-a324-4be3-b201-2d39df7dad8a:c4889, cffe1303-2f93-4087-8a62-a40745db49f2:c4889]
2019-07-10 09:51:07,213 INFO  client.GrpcClientProtocolClient (GrpcClientProtocolClient.java:onNext(255)) - client-7D6108789623->f80c66c4-8a3d-47db-b3f8-20b0bcb8a3f5: receive RaftClientReply:client-7D6108789623->f80c66c4-8a3d-47db-b3f8-20b0bcb8a3f5@group-7D2873B646E2, cid=3270, SUCCESS, logIndex=4896, commits[f80c66c4-8a3d-47db-b3f8-20b0bcb8a3f5:c4897, 6e9bc0f4-a324-4be3-b201-2d39df7dad8a:c4895, cffe1303-2f93-4087-8a62-a40745db49f2:c4895]
2019-07-10 09:51:07,214 INFO  client.GrpcClientProtocolClient (GrpcClientProtocolClient.java:onNext(255)) - client-7D6108789623->f80c66c4-8a3d-47db-b3f8-20b0bcb8a3f5: receive RaftClientReply:client-7D6108789623->f80c66c4-8a3d-47db-b3f8-20b0bcb8a3f5@group-7D2873B646E2, cid=3271, SUCCESS, logIndex=4897, commits[f80c66c4-8a3d-47db-b3f8-20b0bcb8a3f5:c4897, 6e9bc0f4-a324-4be3-b201-2d39df7dad8a:c4895, cffe1303-2f93-4087-8a62-a40745db49f2:c4895]
2019-07-10 09:51:07,235 INFO  client.GrpcClientProtocolClient (GrpcClientProtocolClient.java:onNext(255)) - client-7D6108789623->f80c66c4-8a3d-47db-b3f8-20b0bcb8a3f5: receive RaftClientReply:client-7D6108789623->f80c66c4-8a3d-47db-b3f8-20b0bcb8a3f5@group-7D2873B646E2, cid=3272, SUCCESS, logIndex=4900, commits[f80c66c4-8a3d-47db-b3f8-20b0bcb8a3f5:c4901, 6e9bc0f4-a324-4be3-b201-2d39df7dad8a:c4897, cffe1303-2f93-4087-8a62-a40745db49f2:c4897]
2019-07-10 09:51:07,235 INFO  client.GrpcClientProtocolClient (GrpcClientProtocolClient.java:onNext(255)) - client-7D6108789623->f80c66c4-8a3d-47db-b3f8-20b0bcb8a3f5: receive RaftClientReply:client-7D6108789623->f80c66c4-8a3d-47db-b3f8-20b0bcb8a3f5@group-7D2873B646E2, cid=3273, SUCCESS, logIndex=4901, commits[f80c66c4-8a3d-47db-b3f8-20b0bcb8a3f5:c4901, 6e9bc0f4-a324-4be3-b201-2d39df7dad8a:c4897, cffe1303-2f93-4087-8a62-a40745db49f2:c4897]
2019-07-10 09:51:07,246 INFO  client.GrpcClientProtocolClient (GrpcClientProtocolClient.java:onNext(255)) - client-7D6108789623->f80c66c4-8a3d-47db-b3f8-20b0bcb8a3f5: receive RaftClientReply:client-7D6108789623->f80c66c4-8a3d-47db-b3f8-20b0bcb8a3f5@group-7D2873B646E2, cid=3274, SUCCESS, logIndex=0, commits[f80c66c4-8a3d-47db-b3f8-20b0bcb8a3f5:c4902, 6e9bc0f4-a324-4be3-b201-2d39df7dad8a:c4901, cffe1303-2f93-4087-8a62-a40745db49f2:c4901]
 0.00% |█                                                                                                    |  0/1 Time: 0:00:312019-07-10 09:51:07,274 INFO  client.GrpcClientProtocolClient (GrpcClientProtocolClient.java:onNext(255)) - client-7D6108789623->f80c66c4-8a3d-47db-b3f8-20b0bcb8a3f5: receive RaftClientReply:client-7D6108789623->f80c66c4-8a3d-47db-b3f8-20b0bcb8a3f5@group-7D2873B646E2, cid=3275, SUCCESS, logIndex=4904, commits[f80c66c4-8a3d-47db-b3f8-20b0bcb8a3f5:c4905, 6e9bc0f4-a324-4be3-b201-2d39df7dad8a:c4903, cffe1303-2f93-4087-8a62-a40745db49f2:c4903]
2019-07-10 09:51:07,274 INFO  client.GrpcClientProtocolClient (GrpcClientProtocolClient.java:onNext(255)) - client-7D6108789623->f80c66c4-8a3d-47db-b3f8-20b0bcb8a3f5: receive RaftClientReply:client-7D6108789623->f80c66c4-8a3d-47db-b3f8-20b0bcb8a3f5@group-7D2873B646E2, cid=3276, SUCCESS, logIndex=4905, commits[f80c66c4-8a3d-47db-b3f8-20b0bcb8a3f5:c4905, 6e9bc0f4-a324-4be3-b201-2d39df7dad8a:c4903, cffe1303-2f93-4087-8a62-a40745db49f2:c4903]
2019-07-10 09:51:07,276 INFO  client.GrpcClientProtocolClient (GrpcClientProtocolClient.java:onNext(255)) - client-7D6108789623->f80c66c4-8a3d-47db-b3f8-20b0bcb8a3f5: receive RaftClientReply:client-7D6108789623->f80c66c4-8a3d-47db-b3f8-20b0bcb8a3f5@group-7D2873B646E2, cid=3277, SUCCESS, logIndex=4906, commits[f80c66c4-8a3d-47db-b3f8-20b0bcb8a3f5:c4907, 6e9bc0f4-a324-4be3-b201-2d39df7dad8a:c4903, cffe1303-2f93-4087-8a62-a40745db49f2:c4903]
2019-07-10 09:51:07,277 INFO  client.GrpcClientProtocolClient (GrpcClientProtocolClient.java:onNext(255)) - client-7D6108789623->f80c66c4-8a3d-47db-b3f8-20b0bcb8a3f5: receive RaftClientReply:client-7D6108789623->f80c66c4-8a3d-47db-b3f8-20b0bcb8a3f5@group-7D2873B646E2, cid=3278, SUCCESS, logIndex=4907, commits[f80c66c4-8a3d-47db-b3f8-20b0bcb8a3f5:c4907, 6e9bc0f4-a324-4be3-b201-2d39df7dad8a:c4903, cffe1303-2f93-4087-8a62-a40745db49f2:c4903]
2019-07-10 09:51:07,286 INFO  client.GrpcClientProtocolClient (GrpcClientProtocolClient.java:onNext(255)) - client-7D6108789623->f80c66c4-8a3d-47db-b3f8-20b0bcb8a3f5: receive RaftClientReply:client-7D6108789623->f80c66c4-8a3d-47db-b3f8-20b0bcb8a3f5@group-7D2873B646E2, cid=3279, SUCCESS, logIndex=0, commits[f80c66c4-8a3d-47db-b3f8-20b0bcb8a3f5:c4909, 6e9bc0f4-a324-4be3-b201-2d39df7dad8a:c4905, cffe1303-2f93-4087-8a62-a40745db49f2:c4905]
2019-07-10 09:51:07,304 INFO  client.GrpcClientProtocolClient (GrpcClientProtocolClient.java:onNext(255)) - client-7D6108789623->f80c66c4-8a3d-47db-b3f8-20b0bcb8a3f5: receive RaftClientReply:client-7D6108789623->f80c66c4-8a3d-47db-b3f8-20b0bcb8a3f5@group-7D2873B646E2, cid=3280, SUCCESS, logIndex=4912, commits[f80c66c4-8a3d-47db-b3f8-20b0bcb8a3f5:c4913, 6e9bc0f4-a324-4be3-b201-2d39df7dad8a:c4911, cffe1303-2f93-4087-8a62-a40745db49f2:c4911]
2019-07-10 09:51:07,304 INFO  client.GrpcClientProtocolClient (GrpcClientProtocolClient.java:onNext(255)) - client-7D6108789623->f80c66c4-8a3d-47db-b3f8-20b0bcb8a3f5: receive RaftClientReply:client-7D6108789623->f80c66c4-8a3d-47db-b3f8-20b0bcb8a3f5@group-7D2873B646E2, cid=3281, SUCCESS, logIndex=4913, commits[f80c66c4-8a3d-47db-b3f8-20b0bcb8a3f5:c4913, 6e9bc0f4-a324-4be3-b201-2d39df7dad8a:c4911, cffe1303-2f93-4087-8a62-a40745db49f2:c4911]
2019-07-10 09:51:07,328 INFO  client.GrpcClientProtocolClient (GrpcClientProtocolClient.java:onNext(255)) - client-7D6108789623->f80c66c4-8a3d-47db-b3f8-20b0bcb8a3f5: receive RaftClientReply:client-7D6108789623->f80c66c4-8a3d-47db-b3f8-20b0bcb8a3f5@group-7D2873B646E2, cid=3282, SUCCESS, logIndex=4916, commits[f80c66c4-8a3d-47db-b3f8-20b0bcb8a3f5:c4917, 6e9bc0f4-a324-4be3-b201-2d39df7dad8a:c4913, cffe1303-2f93-4087-8a62-a40745db49f2:c4912]
2019-07-10 09:51:07,329 INFO  client.GrpcClientProtocolClient (GrpcClientProtocolClient.java:onNext(255)) - client-7D6108789623->f80c66c4-8a3d-47db-b3f8-20b0bcb8a3f5: receive RaftClientReply:client-7D6108789623->f80c66c4-8a3d-47db-b3f8-20b0bcb8a3f5@group-7D2873B646E2, cid=3283, SUCCESS, logIndex=4917, commits[f80c66c4-8a3d-47db-b3f8-20b0bcb8a3f5:c4917, 6e9bc0f4-a324-4be3-b201-2d39df7dad8a:c4913, cffe1303-2f93-4087-8a62-a40745db49f2:c4913]
2019-07-10 09:51:07,361 INFO  client.GrpcClientProtocolClient (GrpcClientProtocolClient.java:onNext(255)) - client-7D6108789623->f80c66c4-8a3d-47db-b3f8-20b0bcb8a3f5: receive RaftClientReply:client-7D6108789623->f80c66c4-8a3d-47db-b3f8-20b0bcb8a3f5@group-7D2873B646E2, cid=3284, SUCCESS, logIndex=0, commits[f80c66c4-8a3d-47db-b3f8-20b0bcb8a3f5:c4918, 6e9bc0f4-a324-4be3-b201-2d39df7dad8a:c4917, cffe1303-2f93-4087-8a62-a40745db49f2:c4917]
2019-07-10 09:51:07,510 INFO  client.GrpcClientProtocolClient (GrpcClientProtocolClient.java:onNext(255)) - client-7D6108789623->f80c66c4-8a3d-47db-b3f8-20b0bcb8a3f5: receive RaftClientReply:client-7D6108789623->f80c66c4-8a3d-47db-b3f8-20b0bcb8a3f5@group-7D2873B646E2, cid=3285, SUCCESS, logIndex=4920, commits[f80c66c4-8a3d-47db-b3f8-20b0bcb8a3f5:c4921, 6e9bc0f4-a324-4be3-b201-2d39df7dad8a:c4919, cffe1303-2f93-4087-8a62-a40745db49f2:c4917]
2019-07-10 09:51:07,511 INFO  client.GrpcClientProtocolClient (GrpcClientProtocolClient.java:onNext(255)) - client-7D6108789623->f80c66c4-8a3d-47db-b3f8-20b0bcb8a3f5: receive RaftClientReply:client-7D6108789623->f80c66c4-8a3d-47db-b3f8-20b0bcb8a3f5@group-7D2873B646E2, cid=3286, SUCCESS, logIndex=4921, commits[f80c66c4-8a3d-47db-b3f8-20b0bcb8a3f5:c4921, 6e9bc0f4-a324-4be3-b201-2d39df7dad8a:c4919, cffe1303-2f93-4087-8a62-a40745db49f2:c4917]
2019-07-10 09:51:07,520 INFO  client.GrpcClientProtocolClient (GrpcClientProtocolClient.java:onNext(255)) - client-7D6108789623->f80c66c4-8a3d-47db-b3f8-20b0bcb8a3f5: receive RaftClientReply:client-7D6108789623->f80c66c4-8a3d-47db-b3f8-20b0bcb8a3f5@group-7D2873B646E2, cid=3287, SUCCESS, logIndex=4922, commits[f80c66c4-8a3d-47db-b3f8-20b0bcb8a3f5:c4923, 6e9bc0f4-a324-4be3-b201-2d39df7dad8a:c4921, cffe1303-2f93-4087-8a62-a40745db49f2:c4919]
2019-07-10 09:51:07,520 INFO  client.GrpcClientProtocolClient (GrpcClientProtocolClient.java:onNext(255)) - client-7D6108789623->f80c66c4-8a3d-47db-b3f8-20b0bcb8a3f5: receive RaftClientReply:client-7D6108789623->f80c66c4-8a3d-47db-b3f8-20b0bcb8a3f5@group-7D2873B646E2, cid=3288, SUCCESS, logIndex=4923, commits[f80c66c4-8a3d-47db-b3f8-20b0bcb8a3f5:c4925, 6e9bc0f4-a324-4be3-b201-2d39df7dad8a:c4921, cffe1303-2f93-4087-8a62-a40745db49f2:c4919]
2019-07-10 09:51:07,521 INFO  client.GrpcClientProtocolClient (GrpcClientProtocolClient.java:onNext(255)) - client-7D6108789623->f80c66c4-8a3d-47db-b3f8-20b0bcb8a3f5: receive RaftClientReply:client-7D6108789623->f80c66c4-8a3d-47db-b3f8-20b0bcb8a3f5@group-7D2873B646E2, cid=3289, SUCCESS, logIndex=0, commits[f80c66c4-8a3d-47db-b3f8-20b0bcb8a3f5:c4925, 6e9bc0f4-a324-4be3-b201-2d39df7dad8a:c4922, cffe1303-2f93-4087-8a62-a40745db49f2:c4921]
2019-07-10 09:51:07,541 INFO  client.GrpcClientProtocolClient (GrpcClientProtocolClient.java:onNext(255)) - client-7D6108789623->f80c66c4-8a3d-47db-b3f8-20b0bcb8a3f5: receive RaftClientReply:client-7D6108789623->f80c66c4-8a3d-47db-b3f8-20b0bcb8a3f5@group-7D2873B646E2, cid=3290, SUCCESS, logIndex=4928, commits[f80c66c4-8a3d-47db-b3f8-20b0bcb8a3f5:c4929, 6e9bc0f4-a324-4be3-b201-2d39df7dad8a:c4923, cffe1303-2f93-4087-8a62-a40745db49f2:c4925]
2019-07-10 09:51:07,541 INFO  client.GrpcClientProtocolClient (GrpcClientProtocolClient.java:onNext(255)) - client-7D6108789623->f80c66c4-8a3d-47db-b3f8-20b0bcb8a3f5: receive RaftClientReply:client-7D6108789623->f80c66c4-8a3d-47db-b3f8-20b0bcb8a3f5@group-7D2873B646E2, cid=3291, SUCCESS, logIndex=4929, commits[f80c66c4-8a3d-47db-b3f8-20b0bcb8a3f5:c4929, 6e9bc0f4-a324-4be3-b201-2d39df7dad8a:c4925, cffe1303-2f93-4087-8a62-a40745db49f2:c4925]
2019-07-10 09:51:07,564 INFO  client.GrpcClientProtocolClient (GrpcClientProtocolClient.java:onNext(255)) - client-7D6108789623->f80c66c4-8a3d-47db-b3f8-20b0bcb8a3f5: receive RaftClientReply:client-7D6108789623->f80c66c4-8a3d-47db-b3f8-20b0bcb8a3f5@group-7D2873B646E2, cid=3292, SUCCESS, logIndex=4932, commits[f80c66c4-8a3d-47db-b3f8-20b0bcb8a3f5:c4933, 6e9bc0f4-a324-4be3-b201-2d39df7dad8a:c4930, cffe1303-2f93-4087-8a62-a40745db49f2:c4930]
2019-07-10 09:51:07,564 INFO  client.GrpcClientProtocolClient (GrpcClientProtocolClient.java:onNext(255)) - client-7D6108789623->f80c66c4-8a3d-47db-b3f8-20b0bcb8a3f5: receive RaftClientReply:client-7D6108789623->f80c66c4-8a3d-47db-b3f8-20b0bcb8a3f5@group-7D2873B646E2, cid=3293, SUCCESS, logIndex=4933, commits[f80c66c4-8a3d-47db-b3f8-20b0bcb8a3f5:c4933, 6e9bc0f4-a324-4be3-b201-2d39df7dad8a:c4930, cffe1303-2f93-4087-8a62-a40745db49f2:c4930]
2019-07-10 09:51:07,576 INFO  client.GrpcClientProtocolClient (GrpcClientProtocolClient.java:onNext(255)) - client-7D6108789623->f80c66c4-8a3d-47db-b3f8-20b0bcb8a3f5: receive RaftClientReply:client-7D6108789623->f80c66c4-8a3d-47db-b3f8-20b0bcb8a3f5@group-7D2873B646E2, cid=3294, SUCCESS, logIndex=0, commits[f80c66c4-8a3d-47db-b3f8-20b0bcb8a3f5:c4935, 6e9bc0f4-a324-4be3-b201-2d39df7dad8a:c4933, cffe1303-2f93-4087-8a62-a40745db49f2:c4933]
2019-07-10 09:51:07,604 INFO  client.GrpcClientProtocolClient (GrpcClientProtocolClient.java:onNext(255)) - client-7D6108789623->f80c66c4-8a3d-47db-b3f8-20b0bcb8a3f5: receive RaftClientReply:client-7D6108789623->f80c66c4-8a3d-47db-b3f8-20b0bcb8a3f5@group-7D2873B646E2, cid=3295, SUCCESS, logIndex=4936, commits[f80c66c4-8a3d-47db-b3f8-20b0bcb8a3f5:c4938, 6e9bc0f4-a324-4be3-b201-2d39df7dad8a:c4933, cffe1303-2f93-4087-8a62-a40745db49f2:c4935]
2019-07-10 09:51:07,605 INFO  client.GrpcClientProtocolClient (GrpcClientProtocolClient.java:onNext(255)) - client-7D6108789623->f80c66c4-8a3d-47db-b3f8-20b0bcb8a3f5: receive RaftClientReply:client-7D6108789623->f80c66c4-8a3d-47db-b3f8-20b0bcb8a3f5@group-7D2873B646E2, cid=3296, SUCCESS, logIndex=4937, commits[f80c66c4-8a3d-47db-b3f8-20b0bcb8a3f5:c4939, 6e9bc0f4-a324-4be3-b201-2d39df7dad8a:c4933, cffe1303-2f93-4087-8a62-a40745db49f2:c4935]
2019-07-10 09:51:07,605 INFO  client.GrpcClientProtocolClient (GrpcClientProtocolClient.java:onNext(255)) - client-7D6108789623->f80c66c4-8a3d-47db-b3f8-20b0bcb8a3f5: receive RaftClientReply:client-7D6108789623->f80c66c4-8a3d-47db-b3f8-20b0bcb8a3f5@group-7D2873B646E2, cid=3297, SUCCESS, logIndex=4938, commits[f80c66c4-8a3d-47db-b3f8-20b0bcb8a3f5:c4939, 6e9bc0f4-a324-4be3-b201-2d39df7dad8a:c4933, cffe1303-2f93-4087-8a62-a40745db49f2:c4935]
2019-07-10 09:51:07,605 INFO  client.GrpcClientProtocolClient (GrpcClientProtocolClient.java:onNext(255)) - client-7D6108789623->f80c66c4-8a3d-47db-b3f8-20b0bcb8a3f5: receive RaftClientReply:client-7D6108789623->f80c66c4-8a3d-47db-b3f8-20b0bcb8a3f5@group-7D2873B646E2, cid=3298, SUCCESS, logIndex=4939, commits[f80c66c4-8a3d-47db-b3f8-20b0bcb8a3f5:c4939, 6e9bc0f4-a324-4be3-b201-2d39df7dad8a:c4933, cffe1303-2f93-4087-8a62-a40745db49f2:c4935]
2019-07-10 09:51:07,615 INFO  client.GrpcClientProtocolClient (GrpcClientProtocolClient.java:onNext(255)) - client-7D6108789623->f80c66c4-8a3d-47db-b3f8-20b0bcb8a3f5: receive RaftClientReply:client-7D6108789623->f80c66c4-8a3d-47db-b3f8-20b0bcb8a3f5@group-7D2873B646E2, cid=3299, SUCCESS, logIndex=0, commits[f80c66c4-8a3d-47db-b3f8-20b0bcb8a3f5:c4940, 6e9bc0f4-a324-4be3-b201-2d39df7dad8a:c4937, cffe1303-2f93-4087-8a62-a40745db49f2:c4937]
2019-07-10 09:51:07,634 INFO  client.GrpcClientProtocolClient (GrpcClientProtocolClient.java:onNext(255)) - client-7D6108789623->f80c66c4-8a3d-47db-b3f8-20b0bcb8a3f5: receive RaftClientReply:client-7D6108789623->f80c66c4-8a3d-47db-b3f8-20b0bcb8a3f5@group-7D2873B646E2, cid=3300, SUCCESS, logIndex=4944, commits[f80c66c4-8a3d-47db-b3f8-20b0bcb8a3f5:c4945, 6e9bc0f4-a324-4be3-b201-2d39df7dad8a:c4943, cffe1303-2f93-4087-8a62-a40745db49f2:c4943]
2019-07-10 09:51:07,634 INFO  client.GrpcClientProtocolClient (GrpcClientProtocolClient.java:onNext(255)) - client-7D6108789623->f80c66c4-8a3d-47db-b3f8-20b0bcb8a3f5: receive RaftClientReply:client-7D6108789623->f80c66c4-8a3d-47db-b3f8-20b0bcb8a3f5@group-7D2873B646E2, cid=3301, SUCCESS, logIndex=4945, commits[f80c66c4-8a3d-47db-b3f8-20b0bcb8a3f5:c4945, 6e9bc0f4-a324-4be3-b201-2d39df7dad8a:c4943, cffe1303-2f93-4087-8a62-a40745db49f2:c4943]
2019-07-10 09:51:07,646 INFO  client.GrpcClientProtocolClient (GrpcClientProtocolClient.java:onNext(255)) - client-7D6108789623->f80c66c4-8a3d-47db-b3f8-20b0bcb8a3f5: receive RaftClientReply:client-7D6108789623->f80c66c4-8a3d-47db-b3f8-20b0bcb8a3f5@group-7D2873B646E2, cid=3302, SUCCESS, logIndex=4948, commits[f80c66c4-8a3d-47db-b3f8-20b0bcb8a3f5:c4949, 6e9bc0f4-a324-4be3-b201-2d39df7dad8a:c4945, cffe1303-2f93-4087-8a62-a40745db49f2:c4944]
2019-07-10 09:51:07,647 INFO  client.GrpcClientProtocolClient (GrpcClientProtocolClient.java:onNext(255)) - client-7D6108789623->f80c66c4-8a3d-47db-b3f8-20b0bcb8a3f5: receive RaftClientReply:client-7D6108789623->f80c66c4-8a3d-47db-b3f8-20b0bcb8a3f5@group-7D2873B646E2, cid=3303, SUCCESS, logIndex=4949, commits[f80c66c4-8a3d-47db-b3f8-20b0bcb8a3f5:c4949, 6e9bc0f4-a324-4be3-b201-2d39df7dad8a:c4945, cffe1303-2f93-4087-8a62-a40745db49f2:c4945]
2019-07-10 09:51:07,648 INFO  client.GrpcClientProtocolClient (GrpcClientProtocolClient.java:onNext(255)) - client-7D6108789623->f80c66c4-8a3d-47db-b3f8-20b0bcb8a3f5: receive RaftClientReply:client-7D6108789623->f80c66c4-8a3d-47db-b3f8-20b0bcb8a3f5@group-7D2873B646E2, cid=3304, SUCCESS, logIndex=0, commits[f80c66c4-8a3d-47db-b3f8-20b0bcb8a3f5:c4951, 6e9bc0f4-a324-4be3-b201-2d39df7dad8a:c4949, cffe1303-2f93-4087-8a62-a40745db49f2:c4949]
2019-07-10 09:51:07,678 INFO  client.GrpcClientProtocolClient (GrpcClientProtocolClient.java:onNext(255)) - client-7D6108789623->f80c66c4-8a3d-47db-b3f8-20b0bcb8a3f5: receive RaftClientReply:client-7D6108789623->f80c66c4-8a3d-47db-b3f8-20b0bcb8a3f5@group-7D2873B646E2, cid=3305, SUCCESS, logIndex=4952, commits[f80c66c4-8a3d-47db-b3f8-20b0bcb8a3f5:c4953, 6e9bc0f4-a324-4be3-b201-2d39df7dad8a:c4951, cffe1303-2f93-4087-8a62-a40745db49f2:c4951]
2019-07-10 09:51:07,678 INFO  client.GrpcClientProtocolClient (GrpcClientProtocolClient.java:onNext(255)) - client-7D6108789623->f80c66c4-8a3d-47db-b3f8-20b0bcb8a3f5: receive RaftClientReply:client-7D6108789623->f80c66c4-8a3d-47db-b3f8-20b0bcb8a3f5@group-7D2873B646E2, cid=3306, SUCCESS, logIndex=4953, commits[f80c66c4-8a3d-47db-b3f8-20b0bcb8a3f5:c4953, 6e9bc0f4-a324-4be3-b201-2d39df7dad8a:c4951, cffe1303-2f93-4087-8a62-a40745db49f2:c4951]
2019-07-10 09:51:07,680 INFO  client.GrpcClientProtocolClient (GrpcClientProtocolClient.java:onNext(255)) - client-7D6108789623->f80c66c4-8a3d-47db-b3f8-20b0bcb8a3f5: receive RaftClientReply:client-7D6108789623->f80c66c4-8a3d-47db-b3f8-20b0bcb8a3f5@group-7D2873B646E2, cid=3307, SUCCESS, logIndex=4954, commits[f80c66c4-8a3d-47db-b3f8-20b0bcb8a3f5:c4955, 6e9bc0f4-a324-4be3-b201-2d39df7dad8a:c4951, cffe1303-2f93-4087-8a62-a40745db49f2:c4951]
2019-07-10 09:51:07,680 INFO  client.GrpcClientProtocolClient (GrpcClientProtocolClient.java:onNext(255)) - client-7D6108789623->f80c66c4-8a3d-47db-b3f8-20b0bcb8a3f5: receive RaftClientReply:client-7D6108789623->f80c66c4-8a3d-47db-b3f8-20b0bcb8a3f5@group-7D2873B646E2, cid=3308, SUCCESS, logIndex=4955, commits[f80c66c4-8a3d-47db-b3f8-20b0bcb8a3f5:c4955, 6e9bc0f4-a324-4be3-b201-2d39df7dad8a:c4951, cffe1303-2f93-4087-8a62-a40745db49f2:c4951]
2019-07-10 09:51:07,682 INFO  client.GrpcClientProtocolClient (GrpcClientProtocolClient.java:onNext(255)) - client-7D6108789623->f80c66c4-8a3d-47db-b3f8-20b0bcb8a3f5: receive RaftClientReply:client-7D6108789623->f80c66c4-8a3d-47db-b3f8-20b0bcb8a3f5@group-7D2873B646E2, cid=3309, SUCCESS, logIndex=0, commits[f80c66c4-8a3d-47db-b3f8-20b0bcb8a3f5:c4957, 6e9bc0f4-a324-4be3-b201-2d39df7dad8a:c4953, cffe1303-2f93-4087-8a62-a40745db49f2:c4953]
2019-07-10 09:51:07,692 INFO  client.GrpcClientProtocolClient (GrpcClientProtocolClient.java:onNext(255)) - client-7D6108789623->f80c66c4-8a3d-47db-b3f8-20b0bcb8a3f5: receive RaftClientReply:client-7D6108789623->f80c66c4-8a3d-47db-b3f8-20b0bcb8a3f5@group-7D2873B646E2, cid=3310, SUCCESS, logIndex=4960, commits[f80c66c4-8a3d-47db-b3f8-20b0bcb8a3f5:c4961, 6e9bc0f4-a324-4be3-b201-2d39df7dad8a:c4955, cffe1303-2f93-4087-8a62-a40745db49f2:c4959]
2019-07-10 09:51:07,693 INFO  client.GrpcClientProtocolClient (GrpcClientProtocolClient.java:onNext(255)) - client-7D6108789623->f80c66c4-8a3d-47db-b3f8-20b0bcb8a3f5: receive RaftClientReply:client-7D6108789623->f80c66c4-8a3d-47db-b3f8-20b0bcb8a3f5@group-7D2873B646E2, cid=3311, SUCCESS, logIndex=4961, commits[f80c66c4-8a3d-47db-b3f8-20b0bcb8a3f5:c4961, 6e9bc0f4-a324-4be3-b201-2d39df7dad8a:c4955, cffe1303-2f93-4087-8a62-a40745db49f2:c4959]
2019-07-10 09:51:07,710 INFO  client.GrpcClientProtocolClient (GrpcClientProtocolClient.java:onNext(255)) - client-7D6108789623->f80c66c4-8a3d-47db-b3f8-20b0bcb8a3f5: receive RaftClientReply:client-7D6108789623->f80c66c4-8a3d-47db-b3f8-20b0bcb8a3f5@group-7D2873B646E2, cid=3312, SUCCESS, logIndex=4964, commits[f80c66c4-8a3d-47db-b3f8-20b0bcb8a3f5:c4965, 6e9bc0f4-a324-4be3-b201-2d39df7dad8a:c4963, cffe1303-2f93-4087-8a62-a40745db49f2:c4963]
2019-07-10 09:51:07,711 INFO  client.GrpcClientProtocolClient (GrpcClientProtocolClient.java:onNext(255)) - client-7D6108789623->f80c66c4-8a3d-47db-b3f8-20b0bcb8a3f5: receive RaftClientReply:client-7D6108789623->f80c66c4-8a3d-47db-b3f8-20b0bcb8a3f5@group-7D2873B646E2, cid=3313, SUCCESS, logIndex=4965, commits[f80c66c4-8a3d-47db-b3f8-20b0bcb8a3f5:c4965, 6e9bc0f4-a324-4be3-b201-2d39df7dad8a:c4963, cffe1303-2f93-4087-8a62-a40745db49f2:c4963]
2019-07-10 09:51:07,721 INFO  client.GrpcClientProtocolClient (GrpcClientProtocolClient.java:onNext(255)) - client-7D6108789623->f80c66c4-8a3d-47db-b3f8-20b0bcb8a3f5: receive RaftClientReply:client-7D6108789623->f80c66c4-8a3d-47db-b3f8-20b0bcb8a3f5@group-7D2873B646E2, cid=3314, SUCCESS, logIndex=0, commits[f80c66c4-8a3d-47db-b3f8-20b0bcb8a3f5:c4967, 6e9bc0f4-a324-4be3-b201-2d39df7dad8a:c4965, cffe1303-2f93-4087-8a62-a40745db49f2:c4965]
2019-07-10 09:51:07,753 INFO  client.GrpcClientProtocolClient (GrpcClientProtocolClient.java:onNext(255)) - client-7D6108789623->f80c66c4-8a3d-47db-b3f8-20b0bcb8a3f5: receive RaftClientReply:client-7D6108789623->f80c66c4-8a3d-47db-b3f8-20b0bcb8a3f5@group-7D2873B646E2, cid=3315, SUCCESS, logIndex=4968, commits[f80c66c4-8a3d-47db-b3f8-20b0bcb8a3f5:c4968, 6e9bc0f4-a324-4be3-b201-2d39df7dad8a:c4967, cffe1303-2f93-4087-8a62-a40745db49f2:c4967]
2019-07-10 09:51:07,753 INFO  client.GrpcClientProtocolClient (GrpcClientProtocolClient.java:onNext(255)) - client-7D6108789623->f80c66c4-8a3d-47db-b3f8-20b0bcb8a3f5: receive RaftClientReply:client-7D6108789623->f80c66c4-8a3d-47db-b3f8-20b0bcb8a3f5@group-7D2873B646E2, cid=3316, SUCCESS, logIndex=4969, commits[f80c66c4-8a3d-47db-b3f8-20b0bcb8a3f5:c4969, 6e9bc0f4-a324-4be3-b201-2d39df7dad8a:c4967, cffe1303-2f93-4087-8a62-a40745db49f2:c4967]
2019-07-10 09:51:07,754 INFO  client.GrpcClientProtocolClient (GrpcClientProtocolClient.java:onNext(255)) - client-7D6108789623->f80c66c4-8a3d-47db-b3f8-20b0bcb8a3f5: receive RaftClientReply:client-7D6108789623->f80c66c4-8a3d-47db-b3f8-20b0bcb8a3f5@group-7D2873B646E2, cid=3317, SUCCESS, logIndex=4970, commits[f80c66c4-8a3d-47db-b3f8-20b0bcb8a3f5:c4971, 6e9bc0f4-a324-4be3-b201-2d39df7dad8a:c4967, cffe1303-2f93-4087-8a62-a40745db49f2:c4967]
2019-07-10 09:51:07,754 INFO  client.GrpcClientProtocolClient (GrpcClientProtocolClient.java:onNext(255)) - client-7D6108789623->f80c66c4-8a3d-47db-b3f8-20b0bcb8a3f5: receive RaftClientReply:client-7D6108789623->f80c66c4-8a3d-47db-b3f8-20b0bcb8a3f5@group-7D2873B646E2, cid=3318, SUCCESS, logIndex=4971, commits[f80c66c4-8a3d-47db-b3f8-20b0bcb8a3f5:c4971, 6e9bc0f4-a324-4be3-b201-2d39df7dad8a:c4967, cffe1303-2f93-4087-8a62-a40745db49f2:c4967]
2019-07-10 09:51:07,756 INFO  client.GrpcClientProtocolClient (GrpcClientProtocolClient.java:onNext(255)) - client-7D6108789623->f80c66c4-8a3d-47db-b3f8-20b0bcb8a3f5: receive RaftClientReply:client-7D6108789623->f80c66c4-8a3d-47db-b3f8-20b0bcb8a3f5@group-7D2873B646E2, cid=3319, SUCCESS, logIndex=0, commits[f80c66c4-8a3d-47db-b3f8-20b0bcb8a3f5:c4973, 6e9bc0f4-a324-4be3-b201-2d39df7dad8a:c4969, cffe1303-2f93-4087-8a62-a40745db49f2:c4969]
2019-07-10 09:51:07,773 INFO  client.GrpcClientProtocolClient (GrpcClientProtocolClient.java:onNext(255)) - client-7D6108789623->f80c66c4-8a3d-47db-b3f8-20b0bcb8a3f5: receive RaftClientReply:client-7D6108789623->f80c66c4-8a3d-47db-b3f8-20b0bcb8a3f5@group-7D2873B646E2, cid=3320, SUCCESS, logIndex=4976, commits[f80c66c4-8a3d-47db-b3f8-20b0bcb8a3f5:c4977, 6e9bc0f4-a324-4be3-b201-2d39df7dad8a:c4975, cffe1303-2f93-4087-8a62-a40745db49f2:c4975]
2019-07-10 09:51:07,773 INFO  client.GrpcClientProtocolClient (GrpcClientProtocolClient.java:onNext(255)) - client-7D6108789623->f80c66c4-8a3d-47db-b3f8-20b0bcb8a3f5: receive RaftClientReply:client-7D6108789623->f80c66c4-8a3d-47db-b3f8-20b0bcb8a3f5@group-7D2873B646E2, cid=3321, SUCCESS, logIndex=4977, commits[f80c66c4-8a3d-47db-b3f8-20b0bcb8a3f5:c4977, 6e9bc0f4-a324-4be3-b201-2d39df7dad8a:c4975, cffe1303-2f93-4087-8a62-a40745db49f2:c4975]
2019-07-10 09:51:07,786 INFO  client.GrpcClientProtocolClient (GrpcClientProtocolClient.java:onNext(255)) - client-7D6108789623->f80c66c4-8a3d-47db-b3f8-20b0bcb8a3f5: receive RaftClientReply:client-7D6108789623->f80c66c4-8a3d-47db-b3f8-20b0bcb8a3f5@group-7D2873B646E2, cid=3322, SUCCESS, logIndex=4980, commits[f80c66c4-8a3d-47db-b3f8-20b0bcb8a3f5:c4981, 6e9bc0f4-a324-4be3-b201-2d39df7dad8a:c4977, cffe1303-2f93-4087-8a62-a40745db49f2:c4977]
2019-07-10 09:51:07,786 INFO  client.GrpcClientProtocolClient (GrpcClientProtocolClient.java:onNext(255)) - client-7D6108789623->f80c66c4-8a3d-47db-b3f8-20b0bcb8a3f5: receive RaftClientReply:client-7D6108789623->f80c66c4-8a3d-47db-b3f8-20b0bcb8a3f5@group-7D2873B646E2, cid=3323, SUCCESS, logIndex=4981, commits[f80c66c4-8a3d-47db-b3f8-20b0bcb8a3f5:c4981, 6e9bc0f4-a324-4be3-b201-2d39df7dad8a:c4977, cffe1303-2f93-4087-8a62-a40745db49f2:c4977]
2019-07-10 09:51:07,797 INFO  client.GrpcClientProtocolClient (GrpcClientProtocolClient.java:onNext(255)) - client-7D6108789623->f80c66c4-8a3d-47db-b3f8-20b0bcb8a3f5: receive RaftClientReply:client-7D6108789623->f80c66c4-8a3d-47db-b3f8-20b0bcb8a3f5@group-7D2873B646E2, cid=3324, SUCCESS, logIndex=0, commits[f80c66c4-8a3d-47db-b3f8-20b0bcb8a3f5:c4983, 6e9bc0f4-a324-4be3-b201-2d39df7dad8a:c4981, cffe1303-2f93-4087-8a62-a40745db49f2:c4981]
2019-07-10 09:51:07,827 INFO  client.GrpcClientProtocolClient (GrpcClientProtocolClient.java:onNext(255)) - client-7D6108789623->f80c66c4-8a3d-47db-b3f8-20b0bcb8a3f5: receive RaftClientReply:client-7D6108789623->f80c66c4-8a3d-47db-b3f8-20b0bcb8a3f5@group-7D2873B646E2, cid=3325, SUCCESS, logIndex=4984, commits[f80c66c4-8a3d-47db-b3f8-20b0bcb8a3f5:c4986, 6e9bc0f4-a324-4be3-b201-2d39df7dad8a:c4983, cffe1303-2f93-4087-8a62-a40745db49f2:c4983]
2019-07-10 09:51:07,827 INFO  client.GrpcClientProtocolClient (GrpcClientProtocolClient.java:onNext(255)) - client-7D6108789623->f80c66c4-8a3d-47db-b3f8-20b0bcb8a3f5: receive RaftClientReply:client-7D6108789623->f80c66c4-8a3d-47db-b3f8-20b0bcb8a3f5@group-7D2873B646E2, cid=3326, SUCCESS, logIndex=4985, commits[f80c66c4-8a3d-47db-b3f8-20b0bcb8a3f5:c4987, 6e9bc0f4-a324-4be3-b201-2d39df7dad8a:c4983, cffe1303-2f93-4087-8a62-a40745db49f2:c4983]
2019-07-10 09:51:07,827 INFO  client.GrpcClientProtocolClient (GrpcClientProtocolClient.java:onNext(255)) - client-7D6108789623->f80c66c4-8a3d-47db-b3f8-20b0bcb8a3f5: receive RaftClientReply:client-7D6108789623->f80c66c4-8a3d-47db-b3f8-20b0bcb8a3f5@group-7D2873B646E2, cid=3327, SUCCESS, logIndex=4986, commits[f80c66c4-8a3d-47db-b3f8-20b0bcb8a3f5:c4987, 6e9bc0f4-a324-4be3-b201-2d39df7dad8a:c4983, cffe1303-2f93-4087-8a62-a40745db49f2:c4983]
2019-07-10 09:51:07,828 INFO  client.GrpcClientProtocolClient (GrpcClientProtocolClient.java:onNext(255)) - client-7D6108789623->f80c66c4-8a3d-47db-b3f8-20b0bcb8a3f5: receive RaftClientReply:client-7D6108789623->f80c66c4-8a3d-47db-b3f8-20b0bcb8a3f5@group-7D2873B646E2, cid=3328, SUCCESS, logIndex=4987, commits[f80c66c4-8a3d-47db-b3f8-20b0bcb8a3f5:c4987, 6e9bc0f4-a324-4be3-b201-2d39df7dad8a:c4983, cffe1303-2f93-4087-8a62-a40745db49f2:c4983]
2019-07-10 09:51:07,838 INFO  client.GrpcClientProtocolClient (GrpcClientProtocolClient.java:onNext(255)) - client-7D6108789623->f80c66c4-8a3d-47db-b3f8-20b0bcb8a3f5: receive RaftClientReply:client-7D6108789623->f80c66c4-8a3d-47db-b3f8-20b0bcb8a3f5@group-7D2873B646E2, cid=3329, SUCCESS, logIndex=0, commits[f80c66c4-8a3d-47db-b3f8-20b0bcb8a3f5:c4990, 6e9bc0f4-a324-4be3-b201-2d39df7dad8a:c4985, cffe1303-2f93-4087-8a62-a40745db49f2:c4986]
2019-07-10 09:51:07,852 INFO  client.GrpcClientProtocolClient (GrpcClientProtocolClient.java:onNext(255)) - client-7D6108789623->f80c66c4-8a3d-47db-b3f8-20b0bcb8a3f5: receive RaftClientReply:client-7D6108789623->f80c66c4-8a3d-47db-b3f8-20b0bcb8a3f5@group-7D2873B646E2, cid=3330, SUCCESS, logIndex=4992, commits[f80c66c4-8a3d-47db-b3f8-20b0bcb8a3f5:c4993, 6e9bc0f4-a324-4be3-b201-2d39df7dad8a:c4991, cffe1303-2f93-4087-8a62-a40745db49f2:c4991]
2019-07-10 09:51:07,853 INFO  client.GrpcClientProtocolClient (GrpcClientProtocolClient.java:onNext(255)) - client-7D6108789623->f80c66c4-8a3d-47db-b3f8-20b0bcb8a3f5: receive RaftClientReply:client-7D6108789623->f80c66c4-8a3d-47db-b3f8-20b0bcb8a3f5@group-7D2873B646E2, cid=3331, SUCCESS, logIndex=4993, commits[f80c66c4-8a3d-47db-b3f8-20b0bcb8a3f5:c4993, 6e9bc0f4-a324-4be3-b201-2d39df7dad8a:c4991, cffe1303-2f93-4087-8a62-a40745db49f2:c4991]
2019-07-10 09:51:07,876 INFO  client.GrpcClientProtocolClient (GrpcClientProtocolClient.java:onNext(255)) - client-7D6108789623->f80c66c4-8a3d-47db-b3f8-20b0bcb8a3f5: receive RaftClientReply:client-7D6108789623->f80c66c4-8a3d-47db-b3f8-20b0bcb8a3f5@group-7D2873B646E2, cid=3332, SUCCESS, logIndex=4996, commits[f80c66c4-8a3d-47db-b3f8-20b0bcb8a3f5:c4997, 6e9bc0f4-a324-4be3-b201-2d39df7dad8a:c4993, cffe1303-2f93-4087-8a62-a40745db49f2:c4993]
2019-07-10 09:51:07,876 INFO  client.GrpcClientProtocolClient (GrpcClientProtocolClient.java:onNext(255)) - client-7D6108789623->f80c66c4-8a3d-47db-b3f8-20b0bcb8a3f5: receive RaftClientReply:client-7D6108789623->f80c66c4-8a3d-47db-b3f8-20b0bcb8a3f5@group-7D2873B646E2, cid=3333, SUCCESS, logIndex=4997, commits[f80c66c4-8a3d-47db-b3f8-20b0bcb8a3f5:c4997, 6e9bc0f4-a324-4be3-b201-2d39df7dad8a:c4993, cffe1303-2f93-4087-8a62-a40745db49f2:c4993]
2019-07-10 09:51:07,887 INFO  client.GrpcClientProtocolClient (GrpcClientProtocolClient.java:onNext(255)) - client-7D6108789623->f80c66c4-8a3d-47db-b3f8-20b0bcb8a3f5: receive RaftClientReply:client-7D6108789623->f80c66c4-8a3d-47db-b3f8-20b0bcb8a3f5@group-7D2873B646E2, cid=3334, SUCCESS, logIndex=0, commits[f80c66c4-8a3d-47db-b3f8-20b0bcb8a3f5:c4999, 6e9bc0f4-a324-4be3-b201-2d39df7dad8a:c4997, cffe1303-2f93-4087-8a62-a40745db49f2:c4997]
2019-07-10 09:51:07,921 INFO  client.GrpcClientProtocolClient (GrpcClientProtocolClient.java:onNext(255)) - client-7D6108789623->f80c66c4-8a3d-47db-b3f8-20b0bcb8a3f5: receive RaftClientReply:client-7D6108789623->f80c66c4-8a3d-47db-b3f8-20b0bcb8a3f5@group-7D2873B646E2, cid=3335, SUCCESS, logIndex=5000, commits[f80c66c4-8a3d-47db-b3f8-20b0bcb8a3f5:c5001, 6e9bc0f4-a324-4be3-b201-2d39df7dad8a:c4999, cffe1303-2f93-4087-8a62-a40745db49f2:c4999]
2019-07-10 09:51:07,921 INFO  client.GrpcClientProtocolClient (GrpcClientProtocolClient.java:onNext(255)) - client-7D6108789623->f80c66c4-8a3d-47db-b3f8-20b0bcb8a3f5: receive RaftClientReply:client-7D6108789623->f80c66c4-8a3d-47db-b3f8-20b0bcb8a3f5@group-7D2873B646E2, cid=3336, SUCCESS, logIndex=5001, commits[f80c66c4-8a3d-47db-b3f8-20b0bcb8a3f5:c5002, 6e9bc0f4-a324-4be3-b201-2d39df7dad8a:c4999, cffe1303-2f93-4087-8a62-a40745db49f2:c4999]
2019-07-10 09:51:07,921 INFO  client.GrpcClientProtocolClient (GrpcClientProtocolClient.java:onNext(255)) - client-7D6108789623->f80c66c4-8a3d-47db-b3f8-20b0bcb8a3f5: receive RaftClientReply:client-7D6108789623->f80c66c4-8a3d-47db-b3f8-20b0bcb8a3f5@group-7D2873B646E2, cid=3337, SUCCESS, logIndex=5002, commits[f80c66c4-8a3d-47db-b3f8-20b0bcb8a3f5:c5003, 6e9bc0f4-a324-4be3-b201-2d39df7dad8a:c4999, cffe1303-2f93-4087-8a62-a40745db49f2:c4999]
2019-07-10 09:51:07,922 INFO  client.GrpcClientProtocolClient (GrpcClientProtocolClient.java:onNext(255)) - client-7D6108789623->f80c66c4-8a3d-47db-b3f8-20b0bcb8a3f5: receive RaftClientReply:client-7D6108789623->f80c66c4-8a3d-47db-b3f8-20b0bcb8a3f5@group-7D2873B646E2, cid=3338, SUCCESS, logIndex=5003, commits[f80c66c4-8a3d-47db-b3f8-20b0bcb8a3f5:c5003, 6e9bc0f4-a324-4be3-b201-2d39df7dad8a:c4999, cffe1303-2f93-4087-8a62-a40745db49f2:c4999]
2019-07-10 09:51:07,926 INFO  client.GrpcClientProtocolClient (GrpcClientProtocolClient.java:onNext(255)) - client-7D6108789623->f80c66c4-8a3d-47db-b3f8-20b0bcb8a3f5: receive RaftClientReply:client-7D6108789623->f80c66c4-8a3d-47db-b3f8-20b0bcb8a3f5@group-7D2873B646E2, cid=3339, SUCCESS, logIndex=0, commits[f80c66c4-8a3d-47db-b3f8-20b0bcb8a3f5:c5007, 6e9bc0f4-a324-4be3-b201-2d39df7dad8a:c5003, cffe1303-2f93-4087-8a62-a40745db49f2:c5001]
2019-07-10 09:51:07,943 INFO  client.GrpcClientProtocolClient (GrpcClientProtocolClient.java:onNext(255)) - client-7D6108789623->f80c66c4-8a3d-47db-b3f8-20b0bcb8a3f5: receive RaftClientReply:client-7D6108789623->f80c66c4-8a3d-47db-b3f8-20b0bcb8a3f5@group-7D2873B646E2, cid=3340, SUCCESS, logIndex=5008, commits[f80c66c4-8a3d-47db-b3f8-20b0bcb8a3f5:c5008, 6e9bc0f4-a324-4be3-b201-2d39df7dad8a:c5007, cffe1303-2f93-4087-8a62-a40745db49f2:c5007]
2019-07-10 09:51:07,943 INFO  client.GrpcClientProtocolClient (GrpcClientProtocolClient.java:onNext(255)) - client-7D6108789623->f80c66c4-8a3d-47db-b3f8-20b0bcb8a3f5: receive RaftClientReply:client-7D6108789623->f80c66c4-8a3d-47db-b3f8-20b0bcb8a3f5@group-7D2873B646E2, cid=3341, SUCCESS, logIndex=5009, commits[f80c66c4-8a3d-47db-b3f8-20b0bcb8a3f5:c5009, 6e9bc0f4-a324-4be3-b201-2d39df7dad8a:c5007, cffe1303-2f93-4087-8a62-a40745db49f2:c5007]
2019-07-10 09:51:07,955 INFO  client.GrpcClientProtocolClient (GrpcClientProtocolClient.java:onNext(255)) - client-7D6108789623->f80c66c4-8a3d-47db-b3f8-20b0bcb8a3f5: receive RaftClientReply:client-7D6108789623->f80c66c4-8a3d-47db-b3f8-20b0bcb8a3f5@group-7D2873B646E2, cid=3342, SUCCESS, logIndex=5012, commits[f80c66c4-8a3d-47db-b3f8-20b0bcb8a3f5:c5012, 6e9bc0f4-a324-4be3-b201-2d39df7dad8a:c5009, cffe1303-2f93-4087-8a62-a40745db49f2:c5009]
2019-07-10 09:51:07,955 INFO  client.GrpcClientProtocolClient (GrpcClientProtocolClient.java:onNext(255)) - client-7D6108789623->f80c66c4-8a3d-47db-b3f8-20b0bcb8a3f5: receive RaftClientReply:client-7D6108789623->f80c66c4-8a3d-47db-b3f8-20b0bcb8a3f5@group-7D2873B646E2, cid=3343, SUCCESS, logIndex=5013, commits[f80c66c4-8a3d-47db-b3f8-20b0bcb8a3f5:c5013, 6e9bc0f4-a324-4be3-b201-2d39df7dad8a:c5009, cffe1303-2f93-4087-8a62-a40745db49f2:c5009]
2019-07-10 09:51:08,077 INFO  client.GrpcClientProtocolClient (GrpcClientProtocolClient.java:onNext(255)) - client-7D6108789623->f80c66c4-8a3d-47db-b3f8-20b0bcb8a3f5: receive RaftClientReply:client-7D6108789623->f80c66c4-8a3d-47db-b3f8-20b0bcb8a3f5@group-7D2873B646E2, cid=3344, SUCCESS, logIndex=0, commits[f80c66c4-8a3d-47db-b3f8-20b0bcb8a3f5:c5015, 6e9bc0f4-a324-4be3-b201-2d39df7dad8a:c5013, cffe1303-2f93-4087-8a62-a40745db49f2:c5013]
2019-07-10 09:51:08,103 INFO  client.GrpcClientProtocolClient (GrpcClientProtocolClient.java:onNext(255)) - client-7D6108789623->f80c66c4-8a3d-47db-b3f8-20b0bcb8a3f5: receive RaftClientReply:client-7D6108789623->f80c66c4-8a3d-47db-b3f8-20b0bcb8a3f5@group-7D2873B646E2, cid=3345, SUCCESS, logIndex=5016, commits[f80c66c4-8a3d-47db-b3f8-20b0bcb8a3f5:c5017, 6e9bc0f4-a324-4be3-b201-2d39df7dad8a:c5013, cffe1303-2f93-4087-8a62-a40745db49f2:c5015]
2019-07-10 09:51:08,104 INFO  client.GrpcClientProtocolClient (GrpcClientProtocolClient.java:onNext(255)) - client-7D6108789623->f80c66c4-8a3d-47db-b3f8-20b0bcb8a3f5: receive RaftClientReply:client-7D6108789623->f80c66c4-8a3d-47db-b3f8-20b0bcb8a3f5@group-7D2873B646E2, cid=3346, SUCCESS, logIndex=5017, commits[f80c66c4-8a3d-47db-b3f8-20b0bcb8a3f5:c5017, 6e9bc0f4-a324-4be3-b201-2d39df7dad8a:c5013, cffe1303-2f93-4087-8a62-a40745db49f2:c5015]
2019-07-10 09:51:08,108 INFO  client.GrpcClientProtocolClient (GrpcClientProtocolClient.java:onNext(255)) - client-7D6108789623->f80c66c4-8a3d-47db-b3f8-20b0bcb8a3f5: receive RaftClientReply:client-7D6108789623->f80c66c4-8a3d-47db-b3f8-20b0bcb8a3f5@group-7D2873B646E2, cid=3347, SUCCESS, logIndex=5018, commits[f80c66c4-8a3d-47db-b3f8-20b0bcb8a3f5:c5018, 6e9bc0f4-a324-4be3-b201-2d39df7dad8a:c5015, cffe1303-2f93-4087-8a62-a40745db49f2:c5015]
2019-07-10 09:51:08,108 INFO  client.GrpcClientProtocolClient (GrpcClientProtocolClient.java:onNext(255)) - client-7D6108789623->f80c66c4-8a3d-47db-b3f8-20b0bcb8a3f5: receive RaftClientReply:client-7D6108789623->f80c66c4-8a3d-47db-b3f8-20b0bcb8a3f5@group-7D2873B646E2, cid=3348, SUCCESS, logIndex=5019, commits[f80c66c4-8a3d-47db-b3f8-20b0bcb8a3f5:c5020, 6e9bc0f4-a324-4be3-b201-2d39df7dad8a:c5015, cffe1303-2f93-4087-8a62-a40745db49f2:c5016]
2019-07-10 09:51:08,109 INFO  client.GrpcClientProtocolClient (GrpcClientProtocolClient.java:onNext(255)) - client-7D6108789623->f80c66c4-8a3d-47db-b3f8-20b0bcb8a3f5: receive RaftClientReply:client-7D6108789623->f80c66c4-8a3d-47db-b3f8-20b0bcb8a3f5@group-7D2873B646E2, cid=3349, SUCCESS, logIndex=0, commits[f80c66c4-8a3d-47db-b3f8-20b0bcb8a3f5:c5021, 6e9bc0f4-a324-4be3-b201-2d39df7dad8a:c5017, cffe1303-2f93-4087-8a62-a40745db49f2:c5017]
2019-07-10 09:51:08,119 INFO  client.GrpcClientProtocolClient (GrpcClientProtocolClient.java:onNext(255)) - client-7D6108789623->f80c66c4-8a3d-47db-b3f8-20b0bcb8a3f5: receive RaftClientReply:client-7D6108789623->f80c66c4-8a3d-47db-b3f8-20b0bcb8a3f5@group-7D2873B646E2, cid=3350, SUCCESS, logIndex=5024, commits[f80c66c4-8a3d-47db-b3f8-20b0bcb8a3f5:c5025, 6e9bc0f4-a324-4be3-b201-2d39df7dad8a:c5019, cffe1303-2f93-4087-8a62-a40745db49f2:c5021]
2019-07-10 09:51:08,120 INFO  client.GrpcClientProtocolClient (GrpcClientProtocolClient.java:onNext(255)) - client-7D6108789623->f80c66c4-8a3d-47db-b3f8-20b0bcb8a3f5: receive RaftClientReply:client-7D6108789623->f80c66c4-8a3d-47db-b3f8-20b0bcb8a3f5@group-7D2873B646E2, cid=3351, SUCCESS, logIndex=5025, commits[f80c66c4-8a3d-47db-b3f8-20b0bcb8a3f5:c5025, 6e9bc0f4-a324-4be3-b201-2d39df7dad8a:c5021, cffe1303-2f93-4087-8a62-a40745db49f2:c5021]
2019-07-10 09:51:08,140 INFO  client.GrpcClientProtocolClient (GrpcClientProtocolClient.java:onNext(255)) - client-7D6108789623->f80c66c4-8a3d-47db-b3f8-20b0bcb8a3f5: receive RaftClientReply:client-7D6108789623->f80c66c4-8a3d-47db-b3f8-20b0bcb8a3f5@group-7D2873B646E2, cid=3352, SUCCESS, logIndex=5028, commits[f80c66c4-8a3d-47db-b3f8-20b0bcb8a3f5:c5029, 6e9bc0f4-a324-4be3-b201-2d39df7dad8a:c5025, cffe1303-2f93-4087-8a62-a40745db49f2:c5025]
2019-07-10 09:51:08,141 INFO  client.GrpcClientProtocolClient (GrpcClientProtocolClient.java:onNext(255)) - client-7D6108789623->f80c66c4-8a3d-47db-b3f8-20b0bcb8a3f5: receive RaftClientReply:client-7D6108789623->f80c66c4-8a3d-47db-b3f8-20b0bcb8a3f5@group-7D2873B646E2, cid=3353, SUCCESS, logIndex=5029, commits[f80c66c4-8a3d-47db-b3f8-20b0bcb8a3f5:c5029, 6e9bc0f4-a324-4be3-b201-2d39df7dad8a:c5025, cffe1303-2f93-4087-8a62-a40745db49f2:c5025]
2019-07-10 09:51:08,144 INFO  client.GrpcClientProtocolClient (GrpcClientProtocolClient.java:onNext(255)) - client-7D6108789623->f80c66c4-8a3d-47db-b3f8-20b0bcb8a3f5: receive RaftClientReply:client-7D6108789623->f80c66c4-8a3d-47db-b3f8-20b0bcb8a3f5@group-7D2873B646E2, cid=3354, SUCCESS, logIndex=0, commits[f80c66c4-8a3d-47db-b3f8-20b0bcb8a3f5:c5030, 6e9bc0f4-a324-4be3-b201-2d39df7dad8a:c5029, cffe1303-2f93-4087-8a62-a40745db49f2:c5029]
2019-07-10 09:51:08,170 INFO  client.GrpcClientProtocolClient (GrpcClientProtocolClient.java:onNext(255)) - client-7D6108789623->f80c66c4-8a3d-47db-b3f8-20b0bcb8a3f5: receive RaftClientReply:client-7D6108789623->f80c66c4-8a3d-47db-b3f8-20b0bcb8a3f5@group-7D2873B646E2, cid=3355, SUCCESS, logIndex=5032, commits[f80c66c4-8a3d-47db-b3f8-20b0bcb8a3f5:c5034, 6e9bc0f4-a324-4be3-b201-2d39df7dad8a:c5031, cffe1303-2f93-4087-8a62-a40745db49f2:c5031]
2019-07-10 09:51:08,171 INFO  client.GrpcClientProtocolClient (GrpcClientProtocolClient.java:onNext(255)) - client-7D6108789623->f80c66c4-8a3d-47db-b3f8-20b0bcb8a3f5: receive RaftClientReply:client-7D6108789623->f80c66c4-8a3d-47db-b3f8-20b0bcb8a3f5@group-7D2873B646E2, cid=3356, SUCCESS, logIndex=5033, commits[f80c66c4-8a3d-47db-b3f8-20b0bcb8a3f5:c5035, 6e9bc0f4-a324-4be3-b201-2d39df7dad8a:c5031, cffe1303-2f93-4087-8a62-a40745db49f2:c5031]
2019-07-10 09:51:08,171 INFO  client.GrpcClientProtocolClient (GrpcClientProtocolClient.java:onNext(255)) - client-7D6108789623->f80c66c4-8a3d-47db-b3f8-20b0bcb8a3f5: receive RaftClientReply:client-7D6108789623->f80c66c4-8a3d-47db-b3f8-20b0bcb8a3f5@group-7D2873B646E2, cid=3357, SUCCESS, logIndex=5034, commits[f80c66c4-8a3d-47db-b3f8-20b0bcb8a3f5:c5035, 6e9bc0f4-a324-4be3-b201-2d39df7dad8a:c5031, cffe1303-2f93-4087-8a62-a40745db49f2:c5031]
2019-07-10 09:51:08,171 INFO  client.GrpcClientProtocolClient (GrpcClientProtocolClient.java:onNext(255)) - client-7D6108789623->f80c66c4-8a3d-47db-b3f8-20b0bcb8a3f5: receive RaftClientReply:client-7D6108789623->f80c66c4-8a3d-47db-b3f8-20b0bcb8a3f5@group-7D2873B646E2, cid=3358, SUCCESS, logIndex=5035, commits[f80c66c4-8a3d-47db-b3f8-20b0bcb8a3f5:c5035, 6e9bc0f4-a324-4be3-b201-2d39df7dad8a:c5031, cffe1303-2f93-4087-8a62-a40745db49f2:c5031]
2019-07-10 09:51:08,173 INFO  client.GrpcClientProtocolClient (GrpcClientProtocolClient.java:onNext(255)) - client-7D6108789623->f80c66c4-8a3d-47db-b3f8-20b0bcb8a3f5: receive RaftClientReply:client-7D6108789623->f80c66c4-8a3d-47db-b3f8-20b0bcb8a3f5@group-7D2873B646E2, cid=3359, SUCCESS, logIndex=0, commits[f80c66c4-8a3d-47db-b3f8-20b0bcb8a3f5:c5038, 6e9bc0f4-a324-4be3-b201-2d39df7dad8a:c5034, cffe1303-2f93-4087-8a62-a40745db49f2:c5033]
2019-07-10 09:51:08,189 INFO  client.GrpcClientProtocolClient (GrpcClientProtocolClient.java:onNext(255)) - client-7D6108789623->f80c66c4-8a3d-47db-b3f8-20b0bcb8a3f5: receive RaftClientReply:client-7D6108789623->f80c66c4-8a3d-47db-b3f8-20b0bcb8a3f5@group-7D2873B646E2, cid=3360, SUCCESS, logIndex=5040, commits[f80c66c4-8a3d-47db-b3f8-20b0bcb8a3f5:c5041, 6e9bc0f4-a324-4be3-b201-2d39df7dad8a:c5039, cffe1303-2f93-4087-8a62-a40745db49f2:c5039]
2019-07-10 09:51:08,190 INFO  client.GrpcClientProtocolClient (GrpcClientProtocolClient.java:onNext(255)) - client-7D6108789623->f80c66c4-8a3d-47db-b3f8-20b0bcb8a3f5: receive RaftClientReply:client-7D6108789623->f80c66c4-8a3d-47db-b3f8-20b0bcb8a3f5@group-7D2873B646E2, cid=3361, SUCCESS, logIndex=5041, commits[f80c66c4-8a3d-47db-b3f8-20b0bcb8a3f5:c5041, 6e9bc0f4-a324-4be3-b201-2d39df7dad8a:c5039, cffe1303-2f93-4087-8a62-a40745db49f2:c5039]
2019-07-10 09:51:08,200 INFO  client.GrpcClientProtocolClient (GrpcClientProtocolClient.java:onNext(255)) - client-7D6108789623->f80c66c4-8a3d-47db-b3f8-20b0bcb8a3f5: receive RaftClientReply:client-7D6108789623->f80c66c4-8a3d-47db-b3f8-20b0bcb8a3f5@group-7D2873B646E2, cid=3362, SUCCESS, logIndex=5043, commits[f80c66c4-8a3d-47db-b3f8-20b0bcb8a3f5:c5043, 6e9bc0f4-a324-4be3-b201-2d39df7dad8a:c5041, cffe1303-2f93-4087-8a62-a40745db49f2:c5041]
2019-07-10 09:51:08,201 INFO  client.GrpcClientProtocolClient (GrpcClientProtocolClient.java:onNext(255)) - client-7D6108789623->f80c66c4-8a3d-47db-b3f8-20b0bcb8a3f5: receive RaftClientReply:client-7D6108789623->f80c66c4-8a3d-47db-b3f8-20b0bcb8a3f5@group-7D2873B646E2, cid=3363, SUCCESS, logIndex=5044, commits[f80c66c4-8a3d-47db-b3f8-20b0bcb8a3f5:c5044, 6e9bc0f4-a324-4be3-b201-2d39df7dad8a:c5041, cffe1303-2f93-4087-8a62-a40745db49f2:c5041]
2019-07-10 09:51:08,204 INFO  client.GrpcClientProtocolClient (GrpcClientProtocolClient.java:onNext(255)) - client-7D6108789623->f80c66c4-8a3d-47db-b3f8-20b0bcb8a3f5: receive RaftClientReply:client-7D6108789623->f80c66c4-8a3d-47db-b3f8-20b0bcb8a3f5@group-7D2873B646E2, cid=3364, SUCCESS, logIndex=0, commits[f80c66c4-8a3d-47db-b3f8-20b0bcb8a3f5:c5046, 6e9bc0f4-a324-4be3-b201-2d39df7dad8a:c5044, cffe1303-2f93-4087-8a62-a40745db49f2:c5044]
2019-07-10 09:51:08,229 INFO  client.GrpcClientProtocolClient (GrpcClientProtocolClient.java:onNext(255)) - client-7D6108789623->f80c66c4-8a3d-47db-b3f8-20b0bcb8a3f5: receive RaftClientReply:client-7D6108789623->f80c66c4-8a3d-47db-b3f8-20b0bcb8a3f5@group-7D2873B646E2, cid=3365, SUCCESS, logIndex=5047, commits[f80c66c4-8a3d-47db-b3f8-20b0bcb8a3f5:c5048, 6e9bc0f4-a324-4be3-b201-2d39df7dad8a:c5046, cffe1303-2f93-4087-8a62-a40745db49f2:c5046]
2019-07-10 09:51:08,229 INFO  client.GrpcClientProtocolClient (GrpcClientProtocolClient.java:onNext(255)) - client-7D6108789623->f80c66c4-8a3d-47db-b3f8-20b0bcb8a3f5: receive RaftClientReply:client-7D6108789623->f80c66c4-8a3d-47db-b3f8-20b0bcb8a3f5@group-7D2873B646E2, cid=3366, SUCCESS, logIndex=5048, commits[f80c66c4-8a3d-47db-b3f8-20b0bcb8a3f5:c5048, 6e9bc0f4-a324-4be3-b201-2d39df7dad8a:c5046, cffe1303-2f93-4087-8a62-a40745db49f2:c5046]
2019-07-10 09:51:08,238 INFO  client.GrpcClientProtocolClient (GrpcClientProtocolClient.java:onNext(255)) - client-7D6108789623->f80c66c4-8a3d-47db-b3f8-20b0bcb8a3f5: receive RaftClientReply:client-7D6108789623->f80c66c4-8a3d-47db-b3f8-20b0bcb8a3f5@group-7D2873B646E2, cid=3367, SUCCESS, logIndex=5049, commits[f80c66c4-8a3d-47db-b3f8-20b0bcb8a3f5:c5050, 6e9bc0f4-a324-4be3-b201-2d39df7dad8a:c5046, cffe1303-2f93-4087-8a62-a40745db49f2:c5046]
2019-07-10 09:51:08,239 INFO  client.GrpcClientProtocolClient (GrpcClientProtocolClient.java:onNext(255)) - client-7D6108789623->f80c66c4-8a3d-47db-b3f8-20b0bcb8a3f5: receive RaftClientReply:client-7D6108789623->f80c66c4-8a3d-47db-b3f8-20b0bcb8a3f5@group-7D2873B646E2, cid=3368, SUCCESS, logIndex=5050, commits[f80c66c4-8a3d-47db-b3f8-20b0bcb8a3f5:c5050, 6e9bc0f4-a324-4be3-b201-2d39df7dad8a:c5046, cffe1303-2f93-4087-8a62-a40745db49f2:c5046]
 0.00% |█                                                                                                    |  0/1 Time: 0:00:322019-07-10 09:51:08,248 INFO  client.GrpcClientProtocolClient (GrpcClientProtocolClient.java:onNext(255)) - client-7D6108789623->f80c66c4-8a3d-47db-b3f8-20b0bcb8a3f5: receive RaftClientReply:client-7D6108789623->f80c66c4-8a3d-47db-b3f8-20b0bcb8a3f5@group-7D2873B646E2, cid=3369, SUCCESS, logIndex=0, commits[f80c66c4-8a3d-47db-b3f8-20b0bcb8a3f5:c5052, 6e9bc0f4-a324-4be3-b201-2d39df7dad8a:c5048, cffe1303-2f93-4087-8a62-a40745db49f2:c5048]
2019-07-10 09:51:08,257 INFO  client.GrpcClientProtocolClient (GrpcClientProtocolClient.java:onNext(255)) - client-7D6108789623->f80c66c4-8a3d-47db-b3f8-20b0bcb8a3f5: receive RaftClientReply:client-7D6108789623->f80c66c4-8a3d-47db-b3f8-20b0bcb8a3f5@group-7D2873B646E2, cid=3370, SUCCESS, logIndex=5055, commits[f80c66c4-8a3d-47db-b3f8-20b0bcb8a3f5:c5056, 6e9bc0f4-a324-4be3-b201-2d39df7dad8a:c5050, cffe1303-2f93-4087-8a62-a40745db49f2:c5054]
2019-07-10 09:51:08,258 INFO  client.GrpcClientProtocolClient (GrpcClientProtocolClient.java:onNext(255)) - client-7D6108789623->f80c66c4-8a3d-47db-b3f8-20b0bcb8a3f5: receive RaftClientReply:client-7D6108789623->f80c66c4-8a3d-47db-b3f8-20b0bcb8a3f5@group-7D2873B646E2, cid=3371, SUCCESS, logIndex=5056, commits[f80c66c4-8a3d-47db-b3f8-20b0bcb8a3f5:c5056, 6e9bc0f4-a324-4be3-b201-2d39df7dad8a:c5050, cffe1303-2f93-4087-8a62-a40745db49f2:c5054]
2019-07-10 09:51:08,269 INFO  client.GrpcClientProtocolClient (GrpcClientProtocolClient.java:onNext(255)) - client-7D6108789623->f80c66c4-8a3d-47db-b3f8-20b0bcb8a3f5: receive RaftClientReply:client-7D6108789623->f80c66c4-8a3d-47db-b3f8-20b0bcb8a3f5@group-7D2873B646E2, cid=3372, SUCCESS, logIndex=5058, commits[f80c66c4-8a3d-47db-b3f8-20b0bcb8a3f5:c5059, 6e9bc0f4-a324-4be3-b201-2d39df7dad8a:c5056, cffe1303-2f93-4087-8a62-a40745db49f2:c5056]
2019-07-10 09:51:08,269 INFO  client.GrpcClientProtocolClient (GrpcClientProtocolClient.java:onNext(255)) - client-7D6108789623->f80c66c4-8a3d-47db-b3f8-20b0bcb8a3f5: receive RaftClientReply:client-7D6108789623->f80c66c4-8a3d-47db-b3f8-20b0bcb8a3f5@group-7D2873B646E2, cid=3373, SUCCESS, logIndex=5059, commits[f80c66c4-8a3d-47db-b3f8-20b0bcb8a3f5:c5059, 6e9bc0f4-a324-4be3-b201-2d39df7dad8a:c5056, cffe1303-2f93-4087-8a62-a40745db49f2:c5056]
2019-07-10 09:51:08,278 INFO  client.GrpcClientProtocolClient (GrpcClientProtocolClient.java:onNext(255)) - client-7D6108789623->f80c66c4-8a3d-47db-b3f8-20b0bcb8a3f5: receive RaftClientReply:client-7D6108789623->f80c66c4-8a3d-47db-b3f8-20b0bcb8a3f5@group-7D2873B646E2, cid=3374, SUCCESS, logIndex=0, commits[f80c66c4-8a3d-47db-b3f8-20b0bcb8a3f5:c5059, 6e9bc0f4-a324-4be3-b201-2d39df7dad8a:c5059, cffe1303-2f93-4087-8a62-a40745db49f2:c5059]
2019-07-10 09:51:08,730 INFO  client.GrpcClientProtocolClient (GrpcClientProtocolClient.java:onNext(255)) - client-7D6108789623->f80c66c4-8a3d-47db-b3f8-20b0bcb8a3f5: receive RaftClientReply:client-7D6108789623->f80c66c4-8a3d-47db-b3f8-20b0bcb8a3f5@group-7D2873B646E2, cid=3375, SUCCESS, logIndex=5062, commits[f80c66c4-8a3d-47db-b3f8-20b0bcb8a3f5:c5063, 6e9bc0f4-a324-4be3-b201-2d39df7dad8a:c5061, cffe1303-2f93-4087-8a62-a40745db49f2:c5059]
2019-07-10 09:51:08,730 INFO  client.GrpcClientProtocolClient (GrpcClientProtocolClient.java:onNext(255)) - client-7D6108789623->f80c66c4-8a3d-47db-b3f8-20b0bcb8a3f5: receive RaftClientReply:client-7D6108789623->f80c66c4-8a3d-47db-b3f8-20b0bcb8a3f5@group-7D2873B646E2, cid=3376, SUCCESS, logIndex=5063, commits[f80c66c4-8a3d-47db-b3f8-20b0bcb8a3f5:c5063, 6e9bc0f4-a324-4be3-b201-2d39df7dad8a:c5061, cffe1303-2f93-4087-8a62-a40745db49f2:c5059]
2019-07-10 09:51:08,732 INFO  client.GrpcClientProtocolClient (GrpcClientProtocolClient.java:onNext(255)) - client-7D6108789623->f80c66c4-8a3d-47db-b3f8-20b0bcb8a3f5: receive RaftClientReply:client-7D6108789623->f80c66c4-8a3d-47db-b3f8-20b0bcb8a3f5@group-7D2873B646E2, cid=3377, SUCCESS, logIndex=5064, commits[f80c66c4-8a3d-47db-b3f8-20b0bcb8a3f5:c5065, 6e9bc0f4-a324-4be3-b201-2d39df7dad8a:c5061, cffe1303-2f93-4087-8a62-a40745db49f2:c5059]
2019-07-10 09:51:08,732 INFO  client.GrpcClientProtocolClient (GrpcClientProtocolClient.java:onNext(255)) - client-7D6108789623->f80c66c4-8a3d-47db-b3f8-20b0bcb8a3f5: receive RaftClientReply:client-7D6108789623->f80c66c4-8a3d-47db-b3f8-20b0bcb8a3f5@group-7D2873B646E2, cid=3378, SUCCESS, logIndex=5065, commits[f80c66c4-8a3d-47db-b3f8-20b0bcb8a3f5:c5067, 6e9bc0f4-a324-4be3-b201-2d39df7dad8a:c5063, cffe1303-2f93-4087-8a62-a40745db49f2:c5061]
2019-07-10 09:51:08,733 INFO  client.GrpcClientProtocolClient (GrpcClientProtocolClient.java:onNext(255)) - client-7D6108789623->f80c66c4-8a3d-47db-b3f8-20b0bcb8a3f5: receive RaftClientReply:client-7D6108789623->f80c66c4-8a3d-47db-b3f8-20b0bcb8a3f5@group-7D2873B646E2, cid=3379, SUCCESS, logIndex=0, commits[f80c66c4-8a3d-47db-b3f8-20b0bcb8a3f5:c5068, 6e9bc0f4-a324-4be3-b201-2d39df7dad8a:c5064, cffe1303-2f93-4087-8a62-a40745db49f2:c5063]
2019-07-10 09:51:08,752 INFO  client.GrpcClientProtocolClient (GrpcClientProtocolClient.java:onNext(255)) - client-7D6108789623->f80c66c4-8a3d-47db-b3f8-20b0bcb8a3f5: receive RaftClientReply:client-7D6108789623->f80c66c4-8a3d-47db-b3f8-20b0bcb8a3f5@group-7D2873B646E2, cid=3380, SUCCESS, logIndex=5070, commits[f80c66c4-8a3d-47db-b3f8-20b0bcb8a3f5:c5071, 6e9bc0f4-a324-4be3-b201-2d39df7dad8a:c5069, cffe1303-2f93-4087-8a62-a40745db49f2:c5069]
2019-07-10 09:51:08,752 INFO  client.GrpcClientProtocolClient (GrpcClientProtocolClient.java:onNext(255)) - client-7D6108789623->f80c66c4-8a3d-47db-b3f8-20b0bcb8a3f5: receive RaftClientReply:client-7D6108789623->f80c66c4-8a3d-47db-b3f8-20b0bcb8a3f5@group-7D2873B646E2, cid=3381, SUCCESS, logIndex=5071, commits[f80c66c4-8a3d-47db-b3f8-20b0bcb8a3f5:c5071, 6e9bc0f4-a324-4be3-b201-2d39df7dad8a:c5069, cffe1303-2f93-4087-8a62-a40745db49f2:c5069]
2019-07-10 09:51:08,773 INFO  client.GrpcClientProtocolClient (GrpcClientProtocolClient.java:onNext(255)) - client-7D6108789623->f80c66c4-8a3d-47db-b3f8-20b0bcb8a3f5: receive RaftClientReply:client-7D6108789623->f80c66c4-8a3d-47db-b3f8-20b0bcb8a3f5@group-7D2873B646E2, cid=3382, SUCCESS, logIndex=5074, commits[f80c66c4-8a3d-47db-b3f8-20b0bcb8a3f5:c5075, 6e9bc0f4-a324-4be3-b201-2d39df7dad8a:c5070, cffe1303-2f93-4087-8a62-a40745db49f2:c5071]
2019-07-10 09:51:08,773 INFO  client.GrpcClientProtocolClient (GrpcClientProtocolClient.java:onNext(255)) - client-7D6108789623->f80c66c4-8a3d-47db-b3f8-20b0bcb8a3f5: receive RaftClientReply:client-7D6108789623->f80c66c4-8a3d-47db-b3f8-20b0bcb8a3f5@group-7D2873B646E2, cid=3383, SUCCESS, logIndex=5075, commits[f80c66c4-8a3d-47db-b3f8-20b0bcb8a3f5:c5075, 6e9bc0f4-a324-4be3-b201-2d39df7dad8a:c5071, cffe1303-2f93-4087-8a62-a40745db49f2:c5071]
2019-07-10 09:51:08,777 INFO  client.GrpcClientProtocolClient (GrpcClientProtocolClient.java:onNext(255)) - client-7D6108789623->f80c66c4-8a3d-47db-b3f8-20b0bcb8a3f5: receive RaftClientReply:client-7D6108789623->f80c66c4-8a3d-47db-b3f8-20b0bcb8a3f5@group-7D2873B646E2, cid=3384, SUCCESS, logIndex=0, commits[f80c66c4-8a3d-47db-b3f8-20b0bcb8a3f5:c5077, 6e9bc0f4-a324-4be3-b201-2d39df7dad8a:c5075, cffe1303-2f93-4087-8a62-a40745db49f2:c5075]
2019-07-10 09:51:08,822 INFO  client.GrpcClientProtocolClient (GrpcClientProtocolClient.java:onNext(255)) - client-7D6108789623->f80c66c4-8a3d-47db-b3f8-20b0bcb8a3f5: receive RaftClientReply:client-7D6108789623->f80c66c4-8a3d-47db-b3f8-20b0bcb8a3f5@group-7D2873B646E2, cid=3385, SUCCESS, logIndex=5078, commits[f80c66c4-8a3d-47db-b3f8-20b0bcb8a3f5:c5079, 6e9bc0f4-a324-4be3-b201-2d39df7dad8a:c5077, cffe1303-2f93-4087-8a62-a40745db49f2:c5077]
2019-07-10 09:51:08,822 INFO  client.GrpcClientProtocolClient (GrpcClientProtocolClient.java:onNext(255)) - client-7D6108789623->f80c66c4-8a3d-47db-b3f8-20b0bcb8a3f5: receive RaftClientReply:client-7D6108789623->f80c66c4-8a3d-47db-b3f8-20b0bcb8a3f5@group-7D2873B646E2, cid=3386, SUCCESS, logIndex=5079, commits[f80c66c4-8a3d-47db-b3f8-20b0bcb8a3f5:c5079, 6e9bc0f4-a324-4be3-b201-2d39df7dad8a:c5077, cffe1303-2f93-4087-8a62-a40745db49f2:c5077]
2019-07-10 09:51:08,823 INFO  client.GrpcClientProtocolClient (GrpcClientProtocolClient.java:onNext(255)) - client-7D6108789623->f80c66c4-8a3d-47db-b3f8-20b0bcb8a3f5: receive RaftClientReply:client-7D6108789623->f80c66c4-8a3d-47db-b3f8-20b0bcb8a3f5@group-7D2873B646E2, cid=3387, SUCCESS, logIndex=5080, commits[f80c66c4-8a3d-47db-b3f8-20b0bcb8a3f5:c5081, 6e9bc0f4-a324-4be3-b201-2d39df7dad8a:c5077, cffe1303-2f93-4087-8a62-a40745db49f2:c5077]
2019-07-10 09:51:08,823 INFO  client.GrpcClientProtocolClient (GrpcClientProtocolClient.java:onNext(255)) - client-7D6108789623->f80c66c4-8a3d-47db-b3f8-20b0bcb8a3f5: receive RaftClientReply:client-7D6108789623->f80c66c4-8a3d-47db-b3f8-20b0bcb8a3f5@group-7D2873B646E2, cid=3388, SUCCESS, logIndex=5081, commits[f80c66c4-8a3d-47db-b3f8-20b0bcb8a3f5:c5081, 6e9bc0f4-a324-4be3-b201-2d39df7dad8a:c5077, cffe1303-2f93-4087-8a62-a40745db49f2:c5077]
2019-07-10 09:51:08,835 INFO  client.GrpcClientProtocolClient (GrpcClientProtocolClient.java:onNext(255)) - client-7D6108789623->f80c66c4-8a3d-47db-b3f8-20b0bcb8a3f5: receive RaftClientReply:client-7D6108789623->f80c66c4-8a3d-47db-b3f8-20b0bcb8a3f5@group-7D2873B646E2, cid=3389, SUCCESS, logIndex=0, commits[f80c66c4-8a3d-47db-b3f8-20b0bcb8a3f5:c5083, 6e9bc0f4-a324-4be3-b201-2d39df7dad8a:c5079, cffe1303-2f93-4087-8a62-a40745db49f2:c5079]
2019-07-10 09:51:08,853 INFO  client.GrpcClientProtocolClient (GrpcClientProtocolClient.java:onNext(255)) - client-7D6108789623->f80c66c4-8a3d-47db-b3f8-20b0bcb8a3f5: receive RaftClientReply:client-7D6108789623->f80c66c4-8a3d-47db-b3f8-20b0bcb8a3f5@group-7D2873B646E2, cid=3390, SUCCESS, logIndex=5085, commits[f80c66c4-8a3d-47db-b3f8-20b0bcb8a3f5:c5086, 6e9bc0f4-a324-4be3-b201-2d39df7dad8a:c5084, cffe1303-2f93-4087-8a62-a40745db49f2:c5084]
2019-07-10 09:51:08,854 INFO  client.GrpcClientProtocolClient (GrpcClientProtocolClient.java:onNext(255)) - client-7D6108789623->f80c66c4-8a3d-47db-b3f8-20b0bcb8a3f5: receive RaftClientReply:client-7D6108789623->f80c66c4-8a3d-47db-b3f8-20b0bcb8a3f5@group-7D2873B646E2, cid=3391, SUCCESS, logIndex=5086, commits[f80c66c4-8a3d-47db-b3f8-20b0bcb8a3f5:c5086, 6e9bc0f4-a324-4be3-b201-2d39df7dad8a:c5084, cffe1303-2f93-4087-8a62-a40745db49f2:c5084]
2019-07-10 09:51:08,867 INFO  client.GrpcClientProtocolClient (GrpcClientProtocolClient.java:onNext(255)) - client-7D6108789623->f80c66c4-8a3d-47db-b3f8-20b0bcb8a3f5: receive RaftClientReply:client-7D6108789623->f80c66c4-8a3d-47db-b3f8-20b0bcb8a3f5@group-7D2873B646E2, cid=3392, SUCCESS, logIndex=5089, commits[f80c66c4-8a3d-47db-b3f8-20b0bcb8a3f5:c5089, 6e9bc0f4-a324-4be3-b201-2d39df7dad8a:c5086, cffe1303-2f93-4087-8a62-a40745db49f2:c5086]
2019-07-10 09:51:08,867 INFO  client.GrpcClientProtocolClient (GrpcClientProtocolClient.java:onNext(255)) - client-7D6108789623->f80c66c4-8a3d-47db-b3f8-20b0bcb8a3f5: receive RaftClientReply:client-7D6108789623->f80c66c4-8a3d-47db-b3f8-20b0bcb8a3f5@group-7D2873B646E2, cid=3393, SUCCESS, logIndex=5090, commits[f80c66c4-8a3d-47db-b3f8-20b0bcb8a3f5:c5090, 6e9bc0f4-a324-4be3-b201-2d39df7dad8a:c5086, cffe1303-2f93-4087-8a62-a40745db49f2:c5086]
2019-07-10 09:51:08,880 INFO  client.GrpcClientProtocolClient (GrpcClientProtocolClient.java:onNext(255)) - client-7D6108789623->f80c66c4-8a3d-47db-b3f8-20b0bcb8a3f5: receive RaftClientReply:client-7D6108789623->f80c66c4-8a3d-47db-b3f8-20b0bcb8a3f5@group-7D2873B646E2, cid=3394, SUCCESS, logIndex=0, commits[f80c66c4-8a3d-47db-b3f8-20b0bcb8a3f5:c5091, 6e9bc0f4-a324-4be3-b201-2d39df7dad8a:c5090, cffe1303-2f93-4087-8a62-a40745db49f2:c5090]
2019-07-10 09:51:08,907 INFO  client.GrpcClientProtocolClient (GrpcClientProtocolClient.java:onNext(255)) - client-7D6108789623->f80c66c4-8a3d-47db-b3f8-20b0bcb8a3f5: receive RaftClientReply:client-7D6108789623->f80c66c4-8a3d-47db-b3f8-20b0bcb8a3f5@group-7D2873B646E2, cid=3395, SUCCESS, logIndex=5093, commits[f80c66c4-8a3d-47db-b3f8-20b0bcb8a3f5:c5094, 6e9bc0f4-a324-4be3-b201-2d39df7dad8a:c5092, cffe1303-2f93-4087-8a62-a40745db49f2:c5092]
2019-07-10 09:51:08,907 INFO  client.GrpcClientProtocolClient (GrpcClientProtocolClient.java:onNext(255)) - client-7D6108789623->f80c66c4-8a3d-47db-b3f8-20b0bcb8a3f5: receive RaftClientReply:client-7D6108789623->f80c66c4-8a3d-47db-b3f8-20b0bcb8a3f5@group-7D2873B646E2, cid=3396, SUCCESS, logIndex=5094, commits[f80c66c4-8a3d-47db-b3f8-20b0bcb8a3f5:c5094, 6e9bc0f4-a324-4be3-b201-2d39df7dad8a:c5092, cffe1303-2f93-4087-8a62-a40745db49f2:c5092]
2019-07-10 09:51:08,917 INFO  client.GrpcClientProtocolClient (GrpcClientProtocolClient.java:onNext(255)) - client-7D6108789623->f80c66c4-8a3d-47db-b3f8-20b0bcb8a3f5: receive RaftClientReply:client-7D6108789623->f80c66c4-8a3d-47db-b3f8-20b0bcb8a3f5@group-7D2873B646E2, cid=3397, SUCCESS, logIndex=5095, commits[f80c66c4-8a3d-47db-b3f8-20b0bcb8a3f5:c5096, 6e9bc0f4-a324-4be3-b201-2d39df7dad8a:c5092, cffe1303-2f93-4087-8a62-a40745db49f2:c5092]
2019-07-10 09:51:08,917 INFO  client.GrpcClientProtocolClient (GrpcClientProtocolClient.java:onNext(255)) - client-7D6108789623->f80c66c4-8a3d-47db-b3f8-20b0bcb8a3f5: receive RaftClientReply:client-7D6108789623->f80c66c4-8a3d-47db-b3f8-20b0bcb8a3f5@group-7D2873B646E2, cid=3398, SUCCESS, logIndex=5096, commits[f80c66c4-8a3d-47db-b3f8-20b0bcb8a3f5:c5096, 6e9bc0f4-a324-4be3-b201-2d39df7dad8a:c5092, cffe1303-2f93-4087-8a62-a40745db49f2:c5092]
2019-07-10 09:51:08,918 INFO  client.GrpcClientProtocolClient (GrpcClientProtocolClient.java:onNext(255)) - client-7D6108789623->f80c66c4-8a3d-47db-b3f8-20b0bcb8a3f5: receive RaftClientReply:client-7D6108789623->f80c66c4-8a3d-47db-b3f8-20b0bcb8a3f5@group-7D2873B646E2, cid=3399, SUCCESS, logIndex=0, commits[f80c66c4-8a3d-47db-b3f8-20b0bcb8a3f5:c5098, 6e9bc0f4-a324-4be3-b201-2d39df7dad8a:c5094, cffe1303-2f93-4087-8a62-a40745db49f2:c5094]
2019-07-10 09:51:08,938 INFO  client.GrpcClientProtocolClient (GrpcClientProtocolClient.java:onNext(255)) - client-7D6108789623->f80c66c4-8a3d-47db-b3f8-20b0bcb8a3f5: receive RaftClientReply:client-7D6108789623->f80c66c4-8a3d-47db-b3f8-20b0bcb8a3f5@group-7D2873B646E2, cid=3400, SUCCESS, logIndex=5101, commits[f80c66c4-8a3d-47db-b3f8-20b0bcb8a3f5:c5102, 6e9bc0f4-a324-4be3-b201-2d39df7dad8a:c5100, cffe1303-2f93-4087-8a62-a40745db49f2:c5100]
2019-07-10 09:51:08,939 INFO  client.GrpcClientProtocolClient (GrpcClientProtocolClient.java:onNext(255)) - client-7D6108789623->f80c66c4-8a3d-47db-b3f8-20b0bcb8a3f5: receive RaftClientReply:client-7D6108789623->f80c66c4-8a3d-47db-b3f8-20b0bcb8a3f5@group-7D2873B646E2, cid=3401, SUCCESS, logIndex=5102, commits[f80c66c4-8a3d-47db-b3f8-20b0bcb8a3f5:c5102, 6e9bc0f4-a324-4be3-b201-2d39df7dad8a:c5100, cffe1303-2f93-4087-8a62-a40745db49f2:c5100]
2019-07-10 09:51:08,950 INFO  client.GrpcClientProtocolClient (GrpcClientProtocolClient.java:onNext(255)) - client-7D6108789623->f80c66c4-8a3d-47db-b3f8-20b0bcb8a3f5: receive RaftClientReply:client-7D6108789623->f80c66c4-8a3d-47db-b3f8-20b0bcb8a3f5@group-7D2873B646E2, cid=3402, SUCCESS, logIndex=5105, commits[f80c66c4-8a3d-47db-b3f8-20b0bcb8a3f5:c5105, 6e9bc0f4-a324-4be3-b201-2d39df7dad8a:c5101, cffe1303-2f93-4087-8a62-a40745db49f2:c5102]
2019-07-10 09:51:08,950 INFO  client.GrpcClientProtocolClient (GrpcClientProtocolClient.java:onNext(255)) - client-7D6108789623->f80c66c4-8a3d-47db-b3f8-20b0bcb8a3f5: receive RaftClientReply:client-7D6108789623->f80c66c4-8a3d-47db-b3f8-20b0bcb8a3f5@group-7D2873B646E2, cid=3403, SUCCESS, logIndex=5106, commits[f80c66c4-8a3d-47db-b3f8-20b0bcb8a3f5:c5106, 6e9bc0f4-a324-4be3-b201-2d39df7dad8a:c5102, cffe1303-2f93-4087-8a62-a40745db49f2:c5102]
2019-07-10 09:51:08,952 INFO  client.GrpcClientProtocolClient (GrpcClientProtocolClient.java:onNext(255)) - client-7D6108789623->f80c66c4-8a3d-47db-b3f8-20b0bcb8a3f5: receive RaftClientReply:client-7D6108789623->f80c66c4-8a3d-47db-b3f8-20b0bcb8a3f5@group-7D2873B646E2, cid=3404, SUCCESS, logIndex=0, commits[f80c66c4-8a3d-47db-b3f8-20b0bcb8a3f5:c5107, 6e9bc0f4-a324-4be3-b201-2d39df7dad8a:c5106, cffe1303-2f93-4087-8a62-a40745db49f2:c5106]
2019-07-10 09:51:08,981 INFO  client.GrpcClientProtocolClient (GrpcClientProtocolClient.java:onNext(255)) - client-7D6108789623->f80c66c4-8a3d-47db-b3f8-20b0bcb8a3f5: receive RaftClientReply:client-7D6108789623->f80c66c4-8a3d-47db-b3f8-20b0bcb8a3f5@group-7D2873B646E2, cid=3405, SUCCESS, logIndex=5109, commits[f80c66c4-8a3d-47db-b3f8-20b0bcb8a3f5:c5111, 6e9bc0f4-a324-4be3-b201-2d39df7dad8a:c5108, cffe1303-2f93-4087-8a62-a40745db49f2:c5108]
2019-07-10 09:51:08,981 INFO  client.GrpcClientProtocolClient (GrpcClientProtocolClient.java:onNext(255)) - client-7D6108789623->f80c66c4-8a3d-47db-b3f8-20b0bcb8a3f5: receive RaftClientReply:client-7D6108789623->f80c66c4-8a3d-47db-b3f8-20b0bcb8a3f5@group-7D2873B646E2, cid=3406, SUCCESS, logIndex=5110, commits[f80c66c4-8a3d-47db-b3f8-20b0bcb8a3f5:c5112, 6e9bc0f4-a324-4be3-b201-2d39df7dad8a:c5108, cffe1303-2f93-4087-8a62-a40745db49f2:c5108]
2019-07-10 09:51:08,982 INFO  client.GrpcClientProtocolClient (GrpcClientProtocolClient.java:onNext(255)) - client-7D6108789623->f80c66c4-8a3d-47db-b3f8-20b0bcb8a3f5: receive RaftClientReply:client-7D6108789623->f80c66c4-8a3d-47db-b3f8-20b0bcb8a3f5@group-7D2873B646E2, cid=3407, SUCCESS, logIndex=5111, commits[f80c66c4-8a3d-47db-b3f8-20b0bcb8a3f5:c5112, 6e9bc0f4-a324-4be3-b201-2d39df7dad8a:c5108, cffe1303-2f93-4087-8a62-a40745db49f2:c5108]
2019-07-10 09:51:08,982 INFO  client.GrpcClientProtocolClient (GrpcClientProtocolClient.java:onNext(255)) - client-7D6108789623->f80c66c4-8a3d-47db-b3f8-20b0bcb8a3f5: receive RaftClientReply:client-7D6108789623->f80c66c4-8a3d-47db-b3f8-20b0bcb8a3f5@group-7D2873B646E2, cid=3408, SUCCESS, logIndex=5112, commits[f80c66c4-8a3d-47db-b3f8-20b0bcb8a3f5:c5112, 6e9bc0f4-a324-4be3-b201-2d39df7dad8a:c5108, cffe1303-2f93-4087-8a62-a40745db49f2:c5108]
2019-07-10 09:51:08,994 INFO  client.GrpcClientProtocolClient (GrpcClientProtocolClient.java:onNext(255)) - client-7D6108789623->f80c66c4-8a3d-47db-b3f8-20b0bcb8a3f5: receive RaftClientReply:client-7D6108789623->f80c66c4-8a3d-47db-b3f8-20b0bcb8a3f5@group-7D2873B646E2, cid=3409, SUCCESS, logIndex=0, commits[f80c66c4-8a3d-47db-b3f8-20b0bcb8a3f5:c5116, 6e9bc0f4-a324-4be3-b201-2d39df7dad8a:c5111, cffe1303-2f93-4087-8a62-a40745db49f2:c5112]
2019-07-10 09:51:09,012 INFO  client.GrpcClientProtocolClient (GrpcClientProtocolClient.java:onNext(255)) - client-7D6108789623->f80c66c4-8a3d-47db-b3f8-20b0bcb8a3f5: receive RaftClientReply:client-7D6108789623->f80c66c4-8a3d-47db-b3f8-20b0bcb8a3f5@group-7D2873B646E2, cid=3410, SUCCESS, logIndex=5117, commits[f80c66c4-8a3d-47db-b3f8-20b0bcb8a3f5:c5118, 6e9bc0f4-a324-4be3-b201-2d39df7dad8a:c5116, cffe1303-2f93-4087-8a62-a40745db49f2:c5116]
2019-07-10 09:51:09,012 INFO  client.GrpcClientProtocolClient (GrpcClientProtocolClient.java:onNext(255)) - client-7D6108789623->f80c66c4-8a3d-47db-b3f8-20b0bcb8a3f5: receive RaftClientReply:client-7D6108789623->f80c66c4-8a3d-47db-b3f8-20b0bcb8a3f5@group-7D2873B646E2, cid=3411, SUCCESS, logIndex=5118, commits[f80c66c4-8a3d-47db-b3f8-20b0bcb8a3f5:c5118, 6e9bc0f4-a324-4be3-b201-2d39df7dad8a:c5116, cffe1303-2f93-4087-8a62-a40745db49f2:c5116]
2019-07-10 09:51:09,033 INFO  client.GrpcClientProtocolClient (GrpcClientProtocolClient.java:onNext(255)) - client-7D6108789623->f80c66c4-8a3d-47db-b3f8-20b0bcb8a3f5: receive RaftClientReply:client-7D6108789623->f80c66c4-8a3d-47db-b3f8-20b0bcb8a3f5@group-7D2873B646E2, cid=3412, SUCCESS, logIndex=5121, commits[f80c66c4-8a3d-47db-b3f8-20b0bcb8a3f5:c5122, 6e9bc0f4-a324-4be3-b201-2d39df7dad8a:c5119, cffe1303-2f93-4087-8a62-a40745db49f2:c5119]
2019-07-10 09:51:09,034 INFO  client.GrpcClientProtocolClient (GrpcClientProtocolClient.java:onNext(255)) - client-7D6108789623->f80c66c4-8a3d-47db-b3f8-20b0bcb8a3f5: receive RaftClientReply:client-7D6108789623->f80c66c4-8a3d-47db-b3f8-20b0bcb8a3f5@group-7D2873B646E2, cid=3413, SUCCESS, logIndex=5122, commits[f80c66c4-8a3d-47db-b3f8-20b0bcb8a3f5:c5122, 6e9bc0f4-a324-4be3-b201-2d39df7dad8a:c5119, cffe1303-2f93-4087-8a62-a40745db49f2:c5119]
2019-07-10 09:51:09,045 INFO  client.GrpcClientProtocolClient (GrpcClientProtocolClient.java:onNext(255)) - client-7D6108789623->f80c66c4-8a3d-47db-b3f8-20b0bcb8a3f5: receive RaftClientReply:client-7D6108789623->f80c66c4-8a3d-47db-b3f8-20b0bcb8a3f5@group-7D2873B646E2, cid=3414, SUCCESS, logIndex=0, commits[f80c66c4-8a3d-47db-b3f8-20b0bcb8a3f5:c5124, 6e9bc0f4-a324-4be3-b201-2d39df7dad8a:c5122, cffe1303-2f93-4087-8a62-a40745db49f2:c5122]
2019-07-10 09:51:09,074 INFO  client.GrpcClientProtocolClient (GrpcClientProtocolClient.java:onNext(255)) - client-7D6108789623->f80c66c4-8a3d-47db-b3f8-20b0bcb8a3f5: receive RaftClientReply:client-7D6108789623->f80c66c4-8a3d-47db-b3f8-20b0bcb8a3f5@group-7D2873B646E2, cid=3415, SUCCESS, logIndex=5125, commits[f80c66c4-8a3d-47db-b3f8-20b0bcb8a3f5:c5126, 6e9bc0f4-a324-4be3-b201-2d39df7dad8a:c5124, cffe1303-2f93-4087-8a62-a40745db49f2:c5124]
2019-07-10 09:51:09,075 INFO  client.GrpcClientProtocolClient (GrpcClientProtocolClient.java:onNext(255)) - client-7D6108789623->f80c66c4-8a3d-47db-b3f8-20b0bcb8a3f5: receive RaftClientReply:client-7D6108789623->f80c66c4-8a3d-47db-b3f8-20b0bcb8a3f5@group-7D2873B646E2, cid=3416, SUCCESS, logIndex=5126, commits[f80c66c4-8a3d-47db-b3f8-20b0bcb8a3f5:c5127, 6e9bc0f4-a324-4be3-b201-2d39df7dad8a:c5124, cffe1303-2f93-4087-8a62-a40745db49f2:c5124]
2019-07-10 09:51:09,075 INFO  client.GrpcClientProtocolClient (GrpcClientProtocolClient.java:onNext(255)) - client-7D6108789623->f80c66c4-8a3d-47db-b3f8-20b0bcb8a3f5: receive RaftClientReply:client-7D6108789623->f80c66c4-8a3d-47db-b3f8-20b0bcb8a3f5@group-7D2873B646E2, cid=3417, SUCCESS, logIndex=5127, commits[f80c66c4-8a3d-47db-b3f8-20b0bcb8a3f5:c5128, 6e9bc0f4-a324-4be3-b201-2d39df7dad8a:c5124, cffe1303-2f93-4087-8a62-a40745db49f2:c5124]
2019-07-10 09:51:09,076 INFO  client.GrpcClientProtocolClient (GrpcClientProtocolClient.java:onNext(255)) - client-7D6108789623->f80c66c4-8a3d-47db-b3f8-20b0bcb8a3f5: receive RaftClientReply:client-7D6108789623->f80c66c4-8a3d-47db-b3f8-20b0bcb8a3f5@group-7D2873B646E2, cid=3418, SUCCESS, logIndex=5128, commits[f80c66c4-8a3d-47db-b3f8-20b0bcb8a3f5:c5128, 6e9bc0f4-a324-4be3-b201-2d39df7dad8a:c5124, cffe1303-2f93-4087-8a62-a40745db49f2:c5124]
2019-07-10 09:51:09,087 INFO  client.GrpcClientProtocolClient (GrpcClientProtocolClient.java:onNext(255)) - client-7D6108789623->f80c66c4-8a3d-47db-b3f8-20b0bcb8a3f5: receive RaftClientReply:client-7D6108789623->f80c66c4-8a3d-47db-b3f8-20b0bcb8a3f5@group-7D2873B646E2, cid=3419, SUCCESS, logIndex=0, commits[f80c66c4-8a3d-47db-b3f8-20b0bcb8a3f5:c5131, 6e9bc0f4-a324-4be3-b201-2d39df7dad8a:c5126, cffe1303-2f93-4087-8a62-a40745db49f2:c5127]
2019-07-10 09:51:09,105 INFO  client.GrpcClientProtocolClient (GrpcClientProtocolClient.java:onNext(255)) - client-7D6108789623->f80c66c4-8a3d-47db-b3f8-20b0bcb8a3f5: receive RaftClientReply:client-7D6108789623->f80c66c4-8a3d-47db-b3f8-20b0bcb8a3f5@group-7D2873B646E2, cid=3420, SUCCESS, logIndex=5133, commits[f80c66c4-8a3d-47db-b3f8-20b0bcb8a3f5:c5134, 6e9bc0f4-a324-4be3-b201-2d39df7dad8a:c5132, cffe1303-2f93-4087-8a62-a40745db49f2:c5132]
2019-07-10 09:51:09,106 INFO  client.GrpcClientProtocolClient (GrpcClientProtocolClient.java:onNext(255)) - client-7D6108789623->f80c66c4-8a3d-47db-b3f8-20b0bcb8a3f5: receive RaftClientReply:client-7D6108789623->f80c66c4-8a3d-47db-b3f8-20b0bcb8a3f5@group-7D2873B646E2, cid=3421, SUCCESS, logIndex=5134, commits[f80c66c4-8a3d-47db-b3f8-20b0bcb8a3f5:c5134, 6e9bc0f4-a324-4be3-b201-2d39df7dad8a:c5132, cffe1303-2f93-4087-8a62-a40745db49f2:c5132]
2019-07-10 09:51:09,121 INFO  client.GrpcClientProtocolClient (GrpcClientProtocolClient.java:onNext(255)) - client-7D6108789623->f80c66c4-8a3d-47db-b3f8-20b0bcb8a3f5: receive RaftClientReply:client-7D6108789623->f80c66c4-8a3d-47db-b3f8-20b0bcb8a3f5@group-7D2873B646E2, cid=3422, SUCCESS, logIndex=5137, commits[f80c66c4-8a3d-47db-b3f8-20b0bcb8a3f5:c5138, 6e9bc0f4-a324-4be3-b201-2d39df7dad8a:c5134, cffe1303-2f93-4087-8a62-a40745db49f2:c5134]
2019-07-10 09:51:09,121 INFO  client.GrpcClientProtocolClient (GrpcClientProtocolClient.java:onNext(255)) - client-7D6108789623->f80c66c4-8a3d-47db-b3f8-20b0bcb8a3f5: receive RaftClientReply:client-7D6108789623->f80c66c4-8a3d-47db-b3f8-20b0bcb8a3f5@group-7D2873B646E2, cid=3423, SUCCESS, logIndex=5138, commits[f80c66c4-8a3d-47db-b3f8-20b0bcb8a3f5:c5138, 6e9bc0f4-a324-4be3-b201-2d39df7dad8a:c5134, cffe1303-2f93-4087-8a62-a40745db49f2:c5134]
2019-07-10 09:51:09,134 INFO  client.GrpcClientProtocolClient (GrpcClientProtocolClient.java:onNext(255)) - client-7D6108789623->f80c66c4-8a3d-47db-b3f8-20b0bcb8a3f5: receive RaftClientReply:client-7D6108789623->f80c66c4-8a3d-47db-b3f8-20b0bcb8a3f5@group-7D2873B646E2, cid=3424, SUCCESS, logIndex=0, commits[f80c66c4-8a3d-47db-b3f8-20b0bcb8a3f5:c5140, 6e9bc0f4-a324-4be3-b201-2d39df7dad8a:c5138, cffe1303-2f93-4087-8a62-a40745db49f2:c5138]
2019-07-10 09:51:09,164 INFO  client.GrpcClientProtocolClient (GrpcClientProtocolClient.java:onNext(255)) - client-7D6108789623->f80c66c4-8a3d-47db-b3f8-20b0bcb8a3f5: receive RaftClientReply:client-7D6108789623->f80c66c4-8a3d-47db-b3f8-20b0bcb8a3f5@group-7D2873B646E2, cid=3425, SUCCESS, logIndex=5141, commits[f80c66c4-8a3d-47db-b3f8-20b0bcb8a3f5:c5143, 6e9bc0f4-a324-4be3-b201-2d39df7dad8a:c5140, cffe1303-2f93-4087-8a62-a40745db49f2:c5140]
2019-07-10 09:51:09,165 INFO  client.GrpcClientProtocolClient (GrpcClientProtocolClient.java:onNext(255)) - client-7D6108789623->f80c66c4-8a3d-47db-b3f8-20b0bcb8a3f5: receive RaftClientReply:client-7D6108789623->f80c66c4-8a3d-47db-b3f8-20b0bcb8a3f5@group-7D2873B646E2, cid=3426, SUCCESS, logIndex=5142, commits[f80c66c4-8a3d-47db-b3f8-20b0bcb8a3f5:c5144, 6e9bc0f4-a324-4be3-b201-2d39df7dad8a:c5140, cffe1303-2f93-4087-8a62-a40745db49f2:c5140]
2019-07-10 09:51:09,165 INFO  client.GrpcClientProtocolClient (GrpcClientProtocolClient.java:onNext(255)) - client-7D6108789623->f80c66c4-8a3d-47db-b3f8-20b0bcb8a3f5: receive RaftClientReply:client-7D6108789623->f80c66c4-8a3d-47db-b3f8-20b0bcb8a3f5@group-7D2873B646E2, cid=3427, SUCCESS, logIndex=5143, commits[f80c66c4-8a3d-47db-b3f8-20b0bcb8a3f5:c5144, 6e9bc0f4-a324-4be3-b201-2d39df7dad8a:c5140, cffe1303-2f93-4087-8a62-a40745db49f2:c5140]
2019-07-10 09:51:09,165 INFO  client.GrpcClientProtocolClient (GrpcClientProtocolClient.java:onNext(255)) - client-7D6108789623->f80c66c4-8a3d-47db-b3f8-20b0bcb8a3f5: receive RaftClientReply:client-7D6108789623->f80c66c4-8a3d-47db-b3f8-20b0bcb8a3f5@group-7D2873B646E2, cid=3428, SUCCESS, logIndex=5144, commits[f80c66c4-8a3d-47db-b3f8-20b0bcb8a3f5:c5144, 6e9bc0f4-a324-4be3-b201-2d39df7dad8a:c5140, cffe1303-2f93-4087-8a62-a40745db49f2:c5140]
2019-07-10 09:51:09,184 INFO  client.GrpcClientProtocolClient (GrpcClientProtocolClient.java:onNext(255)) - client-7D6108789623->f80c66c4-8a3d-47db-b3f8-20b0bcb8a3f5: receive RaftClientReply:client-7D6108789623->f80c66c4-8a3d-47db-b3f8-20b0bcb8a3f5@group-7D2873B646E2, cid=3429, SUCCESS, logIndex=0, commits[f80c66c4-8a3d-47db-b3f8-20b0bcb8a3f5:c5148, 6e9bc0f4-a324-4be3-b201-2d39df7dad8a:c5144, cffe1303-2f93-4087-8a62-a40745db49f2:c5142]
2019-07-10 09:51:09,197 INFO  client.GrpcClientProtocolClient (GrpcClientProtocolClient.java:onNext(255)) - client-7D6108789623->f80c66c4-8a3d-47db-b3f8-20b0bcb8a3f5: receive RaftClientReply:client-7D6108789623->f80c66c4-8a3d-47db-b3f8-20b0bcb8a3f5@group-7D2873B646E2, cid=3430, SUCCESS, logIndex=5149, commits[f80c66c4-8a3d-47db-b3f8-20b0bcb8a3f5:c5150, 6e9bc0f4-a324-4be3-b201-2d39df7dad8a:c5148, cffe1303-2f93-4087-8a62-a40745db49f2:c5148]
2019-07-10 09:51:09,197 INFO  client.GrpcClientProtocolClient (GrpcClientProtocolClient.java:onNext(255)) - client-7D6108789623->f80c66c4-8a3d-47db-b3f8-20b0bcb8a3f5: receive RaftClientReply:client-7D6108789623->f80c66c4-8a3d-47db-b3f8-20b0bcb8a3f5@group-7D2873B646E2, cid=3431, SUCCESS, logIndex=5150, commits[f80c66c4-8a3d-47db-b3f8-20b0bcb8a3f5:c5150, 6e9bc0f4-a324-4be3-b201-2d39df7dad8a:c5148, cffe1303-2f93-4087-8a62-a40745db49f2:c5148]
2019-07-10 09:51:09,220 INFO  client.GrpcClientProtocolClient (GrpcClientProtocolClient.java:onNext(255)) - client-7D6108789623->f80c66c4-8a3d-47db-b3f8-20b0bcb8a3f5: receive RaftClientReply:client-7D6108789623->f80c66c4-8a3d-47db-b3f8-20b0bcb8a3f5@group-7D2873B646E2, cid=3432, SUCCESS, logIndex=5153, commits[f80c66c4-8a3d-47db-b3f8-20b0bcb8a3f5:c5154, 6e9bc0f4-a324-4be3-b201-2d39df7dad8a:c5149, cffe1303-2f93-4087-8a62-a40745db49f2:c5150]
2019-07-10 09:51:09,221 INFO  client.GrpcClientProtocolClient (GrpcClientProtocolClient.java:onNext(255)) - client-7D6108789623->f80c66c4-8a3d-47db-b3f8-20b0bcb8a3f5: receive RaftClientReply:client-7D6108789623->f80c66c4-8a3d-47db-b3f8-20b0bcb8a3f5@group-7D2873B646E2, cid=3433, SUCCESS, logIndex=5154, commits[f80c66c4-8a3d-47db-b3f8-20b0bcb8a3f5:c5154, 6e9bc0f4-a324-4be3-b201-2d39df7dad8a:c5150, cffe1303-2f93-4087-8a62-a40745db49f2:c5150]
2019-07-10 09:51:09,241 INFO  client.GrpcClientProtocolClient (GrpcClientProtocolClient.java:onNext(255)) - client-7D6108789623->f80c66c4-8a3d-47db-b3f8-20b0bcb8a3f5: receive RaftClientReply:client-7D6108789623->f80c66c4-8a3d-47db-b3f8-20b0bcb8a3f5@group-7D2873B646E2, cid=3434, SUCCESS, logIndex=0, commits[f80c66c4-8a3d-47db-b3f8-20b0bcb8a3f5:c5156, 6e9bc0f4-a324-4be3-b201-2d39df7dad8a:c5154, cffe1303-2f93-4087-8a62-a40745db49f2:c5154]
 0.00% |█                                                                                                    |  0/1 Time: 0:00:332019-07-10 09:51:09,279 INFO  client.GrpcClientProtocolClient (GrpcClientProtocolClient.java:onNext(255)) - client-7D6108789623->f80c66c4-8a3d-47db-b3f8-20b0bcb8a3f5: receive RaftClientReply:client-7D6108789623->f80c66c4-8a3d-47db-b3f8-20b0bcb8a3f5@group-7D2873B646E2, cid=3435, SUCCESS, logIndex=5157, commits[f80c66c4-8a3d-47db-b3f8-20b0bcb8a3f5:c5159, 6e9bc0f4-a324-4be3-b201-2d39df7dad8a:c5154, cffe1303-2f93-4087-8a62-a40745db49f2:c5156]
2019-07-10 09:51:09,279 INFO  client.GrpcClientProtocolClient (GrpcClientProtocolClient.java:onNext(255)) - client-7D6108789623->f80c66c4-8a3d-47db-b3f8-20b0bcb8a3f5: receive RaftClientReply:client-7D6108789623->f80c66c4-8a3d-47db-b3f8-20b0bcb8a3f5@group-7D2873B646E2, cid=3436, SUCCESS, logIndex=5158, commits[f80c66c4-8a3d-47db-b3f8-20b0bcb8a3f5:c5160, 6e9bc0f4-a324-4be3-b201-2d39df7dad8a:c5156, cffe1303-2f93-4087-8a62-a40745db49f2:c5156]
2019-07-10 09:51:09,280 INFO  client.GrpcClientProtocolClient (GrpcClientProtocolClient.java:onNext(255)) - client-7D6108789623->f80c66c4-8a3d-47db-b3f8-20b0bcb8a3f5: receive RaftClientReply:client-7D6108789623->f80c66c4-8a3d-47db-b3f8-20b0bcb8a3f5@group-7D2873B646E2, cid=3437, SUCCESS, logIndex=5159, commits[f80c66c4-8a3d-47db-b3f8-20b0bcb8a3f5:c5160, 6e9bc0f4-a324-4be3-b201-2d39df7dad8a:c5156, cffe1303-2f93-4087-8a62-a40745db49f2:c5156]
2019-07-10 09:51:09,280 INFO  client.GrpcClientProtocolClient (GrpcClientProtocolClient.java:onNext(255)) - client-7D6108789623->f80c66c4-8a3d-47db-b3f8-20b0bcb8a3f5: receive RaftClientReply:client-7D6108789623->f80c66c4-8a3d-47db-b3f8-20b0bcb8a3f5@group-7D2873B646E2, cid=3438, SUCCESS, logIndex=5160, commits[f80c66c4-8a3d-47db-b3f8-20b0bcb8a3f5:c5160, 6e9bc0f4-a324-4be3-b201-2d39df7dad8a:c5156, cffe1303-2f93-4087-8a62-a40745db49f2:c5156]
2019-07-10 09:51:09,291 INFO  client.GrpcClientProtocolClient (GrpcClientProtocolClient.java:onNext(255)) - client-7D6108789623->f80c66c4-8a3d-47db-b3f8-20b0bcb8a3f5: receive RaftClientReply:client-7D6108789623->f80c66c4-8a3d-47db-b3f8-20b0bcb8a3f5@group-7D2873B646E2, cid=3439, SUCCESS, logIndex=0, commits[f80c66c4-8a3d-47db-b3f8-20b0bcb8a3f5:c5162, 6e9bc0f4-a324-4be3-b201-2d39df7dad8a:c5158, cffe1303-2f93-4087-8a62-a40745db49f2:c5158]
2019-07-10 09:51:09,311 INFO  client.GrpcClientProtocolClient (GrpcClientProtocolClient.java:onNext(255)) - client-7D6108789623->f80c66c4-8a3d-47db-b3f8-20b0bcb8a3f5: receive RaftClientReply:client-7D6108789623->f80c66c4-8a3d-47db-b3f8-20b0bcb8a3f5@group-7D2873B646E2, cid=3440, SUCCESS, logIndex=5165, commits[f80c66c4-8a3d-47db-b3f8-20b0bcb8a3f5:c5166, 6e9bc0f4-a324-4be3-b201-2d39df7dad8a:c5164, cffe1303-2f93-4087-8a62-a40745db49f2:c5164]
2019-07-10 09:51:09,311 INFO  client.GrpcClientProtocolClient (GrpcClientProtocolClient.java:onNext(255)) - client-7D6108789623->f80c66c4-8a3d-47db-b3f8-20b0bcb8a3f5: receive RaftClientReply:client-7D6108789623->f80c66c4-8a3d-47db-b3f8-20b0bcb8a3f5@group-7D2873B646E2, cid=3441, SUCCESS, logIndex=5166, commits[f80c66c4-8a3d-47db-b3f8-20b0bcb8a3f5:c5166, 6e9bc0f4-a324-4be3-b201-2d39df7dad8a:c5164, cffe1303-2f93-4087-8a62-a40745db49f2:c5164]
2019-07-10 09:51:09,326 INFO  client.GrpcClientProtocolClient (GrpcClientProtocolClient.java:onNext(255)) - client-7D6108789623->f80c66c4-8a3d-47db-b3f8-20b0bcb8a3f5: receive RaftClientReply:client-7D6108789623->f80c66c4-8a3d-47db-b3f8-20b0bcb8a3f5@group-7D2873B646E2, cid=3442, SUCCESS, logIndex=5169, commits[f80c66c4-8a3d-47db-b3f8-20b0bcb8a3f5:c5170, 6e9bc0f4-a324-4be3-b201-2d39df7dad8a:c5166, cffe1303-2f93-4087-8a62-a40745db49f2:c5166]
2019-07-10 09:51:09,326 INFO  client.GrpcClientProtocolClient (GrpcClientProtocolClient.java:onNext(255)) - client-7D6108789623->f80c66c4-8a3d-47db-b3f8-20b0bcb8a3f5: receive RaftClientReply:client-7D6108789623->f80c66c4-8a3d-47db-b3f8-20b0bcb8a3f5@group-7D2873B646E2, cid=3443, SUCCESS, logIndex=5170, commits[f80c66c4-8a3d-47db-b3f8-20b0bcb8a3f5:c5170, 6e9bc0f4-a324-4be3-b201-2d39df7dad8a:c5166, cffe1303-2f93-4087-8a62-a40745db49f2:c5166]
2019-07-10 09:51:09,340 INFO  client.GrpcClientProtocolClient (GrpcClientProtocolClient.java:onNext(255)) - client-7D6108789623->f80c66c4-8a3d-47db-b3f8-20b0bcb8a3f5: receive RaftClientReply:client-7D6108789623->f80c66c4-8a3d-47db-b3f8-20b0bcb8a3f5@group-7D2873B646E2, cid=3444, SUCCESS, logIndex=0, commits[f80c66c4-8a3d-47db-b3f8-20b0bcb8a3f5:c5172, 6e9bc0f4-a324-4be3-b201-2d39df7dad8a:c5170, cffe1303-2f93-4087-8a62-a40745db49f2:c5170]
2019-07-10 09:51:09,373 INFO  client.GrpcClientProtocolClient (GrpcClientProtocolClient.java:onNext(255)) - client-7D6108789623->f80c66c4-8a3d-47db-b3f8-20b0bcb8a3f5: receive RaftClientReply:client-7D6108789623->f80c66c4-8a3d-47db-b3f8-20b0bcb8a3f5@group-7D2873B646E2, cid=3445, SUCCESS, logIndex=5173, commits[f80c66c4-8a3d-47db-b3f8-20b0bcb8a3f5:c5175, 6e9bc0f4-a324-4be3-b201-2d39df7dad8a:c5172, cffe1303-2f93-4087-8a62-a40745db49f2:c5172]
2019-07-10 09:51:09,373 INFO  client.GrpcClientProtocolClient (GrpcClientProtocolClient.java:onNext(255)) - client-7D6108789623->f80c66c4-8a3d-47db-b3f8-20b0bcb8a3f5: receive RaftClientReply:client-7D6108789623->f80c66c4-8a3d-47db-b3f8-20b0bcb8a3f5@group-7D2873B646E2, cid=3446, SUCCESS, logIndex=5174, commits[f80c66c4-8a3d-47db-b3f8-20b0bcb8a3f5:c5176, 6e9bc0f4-a324-4be3-b201-2d39df7dad8a:c5172, cffe1303-2f93-4087-8a62-a40745db49f2:c5172]
2019-07-10 09:51:09,374 INFO  client.GrpcClientProtocolClient (GrpcClientProtocolClient.java:onNext(255)) - client-7D6108789623->f80c66c4-8a3d-47db-b3f8-20b0bcb8a3f5: receive RaftClientReply:client-7D6108789623->f80c66c4-8a3d-47db-b3f8-20b0bcb8a3f5@group-7D2873B646E2, cid=3447, SUCCESS, logIndex=5175, commits[f80c66c4-8a3d-47db-b3f8-20b0bcb8a3f5:c5176, 6e9bc0f4-a324-4be3-b201-2d39df7dad8a:c5172, cffe1303-2f93-4087-8a62-a40745db49f2:c5172]
2019-07-10 09:51:09,374 INFO  client.GrpcClientProtocolClient (GrpcClientProtocolClient.java:onNext(255)) - client-7D6108789623->f80c66c4-8a3d-47db-b3f8-20b0bcb8a3f5: receive RaftClientReply:client-7D6108789623->f80c66c4-8a3d-47db-b3f8-20b0bcb8a3f5@group-7D2873B646E2, cid=3448, SUCCESS, logIndex=5176, commits[f80c66c4-8a3d-47db-b3f8-20b0bcb8a3f5:c5176, 6e9bc0f4-a324-4be3-b201-2d39df7dad8a:c5172, cffe1303-2f93-4087-8a62-a40745db49f2:c5172]
2019-07-10 09:51:09,388 INFO  client.GrpcClientProtocolClient (GrpcClientProtocolClient.java:onNext(255)) - client-7D6108789623->f80c66c4-8a3d-47db-b3f8-20b0bcb8a3f5: receive RaftClientReply:client-7D6108789623->f80c66c4-8a3d-47db-b3f8-20b0bcb8a3f5@group-7D2873B646E2, cid=3449, SUCCESS, logIndex=0, commits[f80c66c4-8a3d-47db-b3f8-20b0bcb8a3f5:c5177, 6e9bc0f4-a324-4be3-b201-2d39df7dad8a:c5176, cffe1303-2f93-4087-8a62-a40745db49f2:c5174]
2019-07-10 09:51:09,408 INFO  client.GrpcClientProtocolClient (GrpcClientProtocolClient.java:onNext(255)) - client-7D6108789623->f80c66c4-8a3d-47db-b3f8-20b0bcb8a3f5: receive RaftClientReply:client-7D6108789623->f80c66c4-8a3d-47db-b3f8-20b0bcb8a3f5@group-7D2873B646E2, cid=3450, SUCCESS, logIndex=5181, commits[f80c66c4-8a3d-47db-b3f8-20b0bcb8a3f5:c5182, 6e9bc0f4-a324-4be3-b201-2d39df7dad8a:c5180, cffe1303-2f93-4087-8a62-a40745db49f2:c5180]
2019-07-10 09:51:09,409 INFO  client.GrpcClientProtocolClient (GrpcClientProtocolClient.java:onNext(255)) - client-7D6108789623->f80c66c4-8a3d-47db-b3f8-20b0bcb8a3f5: receive RaftClientReply:client-7D6108789623->f80c66c4-8a3d-47db-b3f8-20b0bcb8a3f5@group-7D2873B646E2, cid=3451, SUCCESS, logIndex=5182, commits[f80c66c4-8a3d-47db-b3f8-20b0bcb8a3f5:c5182, 6e9bc0f4-a324-4be3-b201-2d39df7dad8a:c5180, cffe1303-2f93-4087-8a62-a40745db49f2:c5180]
2019-07-10 09:51:09,420 INFO  client.GrpcClientProtocolClient (GrpcClientProtocolClient.java:onNext(255)) - client-7D6108789623->f80c66c4-8a3d-47db-b3f8-20b0bcb8a3f5: receive RaftClientReply:client-7D6108789623->f80c66c4-8a3d-47db-b3f8-20b0bcb8a3f5@group-7D2873B646E2, cid=3452, SUCCESS, logIndex=5185, commits[f80c66c4-8a3d-47db-b3f8-20b0bcb8a3f5:c5186, 6e9bc0f4-a324-4be3-b201-2d39df7dad8a:c5181, cffe1303-2f93-4087-8a62-a40745db49f2:c5182]
2019-07-10 09:51:09,420 INFO  client.GrpcClientProtocolClient (GrpcClientProtocolClient.java:onNext(255)) - client-7D6108789623->f80c66c4-8a3d-47db-b3f8-20b0bcb8a3f5: receive RaftClientReply:client-7D6108789623->f80c66c4-8a3d-47db-b3f8-20b0bcb8a3f5@group-7D2873B646E2, cid=3453, SUCCESS, logIndex=5186, commits[f80c66c4-8a3d-47db-b3f8-20b0bcb8a3f5:c5186, 6e9bc0f4-a324-4be3-b201-2d39df7dad8a:c5182, cffe1303-2f93-4087-8a62-a40745db49f2:c5182]
2019-07-10 09:51:09,433 INFO  client.GrpcClientProtocolClient (GrpcClientProtocolClient.java:onNext(255)) - client-7D6108789623->f80c66c4-8a3d-47db-b3f8-20b0bcb8a3f5: receive RaftClientReply:client-7D6108789623->f80c66c4-8a3d-47db-b3f8-20b0bcb8a3f5@group-7D2873B646E2, cid=3454, SUCCESS, logIndex=0, commits[f80c66c4-8a3d-47db-b3f8-20b0bcb8a3f5:c5188, 6e9bc0f4-a324-4be3-b201-2d39df7dad8a:c5186, cffe1303-2f93-4087-8a62-a40745db49f2:c5186]
2019-07-10 09:51:09,464 INFO  client.GrpcClientProtocolClient (GrpcClientProtocolClient.java:onNext(255)) - client-7D6108789623->f80c66c4-8a3d-47db-b3f8-20b0bcb8a3f5: receive RaftClientReply:client-7D6108789623->f80c66c4-8a3d-47db-b3f8-20b0bcb8a3f5@group-7D2873B646E2, cid=3455, SUCCESS, logIndex=5189, commits[f80c66c4-8a3d-47db-b3f8-20b0bcb8a3f5:c5191, 6e9bc0f4-a324-4be3-b201-2d39df7dad8a:c5188, cffe1303-2f93-4087-8a62-a40745db49f2:c5188]
2019-07-10 09:51:09,464 INFO  client.GrpcClientProtocolClient (GrpcClientProtocolClient.java:onNext(255)) - client-7D6108789623->f80c66c4-8a3d-47db-b3f8-20b0bcb8a3f5: receive RaftClientReply:client-7D6108789623->f80c66c4-8a3d-47db-b3f8-20b0bcb8a3f5@group-7D2873B646E2, cid=3456, SUCCESS, logIndex=5190, commits[f80c66c4-8a3d-47db-b3f8-20b0bcb8a3f5:c5192, 6e9bc0f4-a324-4be3-b201-2d39df7dad8a:c5188, cffe1303-2f93-4087-8a62-a40745db49f2:c5188]
2019-07-10 09:51:09,465 INFO  client.GrpcClientProtocolClient (GrpcClientProtocolClient.java:onNext(255)) - client-7D6108789623->f80c66c4-8a3d-47db-b3f8-20b0bcb8a3f5: receive RaftClientReply:client-7D6108789623->f80c66c4-8a3d-47db-b3f8-20b0bcb8a3f5@group-7D2873B646E2, cid=3457, SUCCESS, logIndex=5191, commits[f80c66c4-8a3d-47db-b3f8-20b0bcb8a3f5:c5192, 6e9bc0f4-a324-4be3-b201-2d39df7dad8a:c5188, cffe1303-2f93-4087-8a62-a40745db49f2:c5188]
2019-07-10 09:51:09,465 INFO  client.GrpcClientProtocolClient (GrpcClientProtocolClient.java:onNext(255)) - client-7D6108789623->f80c66c4-8a3d-47db-b3f8-20b0bcb8a3f5: receive RaftClientReply:client-7D6108789623->f80c66c4-8a3d-47db-b3f8-20b0bcb8a3f5@group-7D2873B646E2, cid=3458, SUCCESS, logIndex=5192, commits[f80c66c4-8a3d-47db-b3f8-20b0bcb8a3f5:c5192, 6e9bc0f4-a324-4be3-b201-2d39df7dad8a:c5188, cffe1303-2f93-4087-8a62-a40745db49f2:c5188]
2019-07-10 09:51:09,484 INFO  client.GrpcClientProtocolClient (GrpcClientProtocolClient.java:onNext(255)) - client-7D6108789623->f80c66c4-8a3d-47db-b3f8-20b0bcb8a3f5: receive RaftClientReply:client-7D6108789623->f80c66c4-8a3d-47db-b3f8-20b0bcb8a3f5@group-7D2873B646E2, cid=3459, SUCCESS, logIndex=0, commits[f80c66c4-8a3d-47db-b3f8-20b0bcb8a3f5:c5193, 6e9bc0f4-a324-4be3-b201-2d39df7dad8a:c5190, cffe1303-2f93-4087-8a62-a40745db49f2:c5190]
2019-07-10 09:51:09,501 INFO  client.GrpcClientProtocolClient (GrpcClientProtocolClient.java:onNext(255)) - client-7D6108789623->f80c66c4-8a3d-47db-b3f8-20b0bcb8a3f5: receive RaftClientReply:client-7D6108789623->f80c66c4-8a3d-47db-b3f8-20b0bcb8a3f5@group-7D2873B646E2, cid=3460, SUCCESS, logIndex=5197, commits[f80c66c4-8a3d-47db-b3f8-20b0bcb8a3f5:c5198, 6e9bc0f4-a324-4be3-b201-2d39df7dad8a:c5196, cffe1303-2f93-4087-8a62-a40745db49f2:c5196]
2019-07-10 09:51:09,501 INFO  client.GrpcClientProtocolClient (GrpcClientProtocolClient.java:onNext(255)) - client-7D6108789623->f80c66c4-8a3d-47db-b3f8-20b0bcb8a3f5: receive RaftClientReply:client-7D6108789623->f80c66c4-8a3d-47db-b3f8-20b0bcb8a3f5@group-7D2873B646E2, cid=3461, SUCCESS, logIndex=5198, commits[f80c66c4-8a3d-47db-b3f8-20b0bcb8a3f5:c5198, 6e9bc0f4-a324-4be3-b201-2d39df7dad8a:c5196, cffe1303-2f93-4087-8a62-a40745db49f2:c5196]
2019-07-10 09:51:09,513 INFO  client.GrpcClientProtocolClient (GrpcClientProtocolClient.java:onNext(255)) - client-7D6108789623->f80c66c4-8a3d-47db-b3f8-20b0bcb8a3f5: receive RaftClientReply:client-7D6108789623->f80c66c4-8a3d-47db-b3f8-20b0bcb8a3f5@group-7D2873B646E2, cid=3462, SUCCESS, logIndex=5201, commits[f80c66c4-8a3d-47db-b3f8-20b0bcb8a3f5:c5202, 6e9bc0f4-a324-4be3-b201-2d39df7dad8a:c5197, cffe1303-2f93-4087-8a62-a40745db49f2:c5198]
2019-07-10 09:51:09,513 INFO  client.GrpcClientProtocolClient (GrpcClientProtocolClient.java:onNext(255)) - client-7D6108789623->f80c66c4-8a3d-47db-b3f8-20b0bcb8a3f5: receive RaftClientReply:client-7D6108789623->f80c66c4-8a3d-47db-b3f8-20b0bcb8a3f5@group-7D2873B646E2, cid=3463, SUCCESS, logIndex=5202, commits[f80c66c4-8a3d-47db-b3f8-20b0bcb8a3f5:c5202, 6e9bc0f4-a324-4be3-b201-2d39df7dad8a:c5198, cffe1303-2f93-4087-8a62-a40745db49f2:c5198]
2019-07-10 09:51:09,516 INFO  client.GrpcClientProtocolClient (GrpcClientProtocolClient.java:onNext(255)) - client-7D6108789623->f80c66c4-8a3d-47db-b3f8-20b0bcb8a3f5: receive RaftClientReply:client-7D6108789623->f80c66c4-8a3d-47db-b3f8-20b0bcb8a3f5@group-7D2873B646E2, cid=3464, SUCCESS, logIndex=0, commits[f80c66c4-8a3d-47db-b3f8-20b0bcb8a3f5:c5202, 6e9bc0f4-a324-4be3-b201-2d39df7dad8a:c5202, cffe1303-2f93-4087-8a62-a40745db49f2:c5202]
2019-07-10 09:51:09,630 INFO  client.GrpcClientProtocolClient (GrpcClientProtocolClient.java:onNext(255)) - client-7D6108789623->f80c66c4-8a3d-47db-b3f8-20b0bcb8a3f5: receive RaftClientReply:client-7D6108789623->f80c66c4-8a3d-47db-b3f8-20b0bcb8a3f5@group-7D2873B646E2, cid=3465, SUCCESS, logIndex=5205, commits[f80c66c4-8a3d-47db-b3f8-20b0bcb8a3f5:c5207, 6e9bc0f4-a324-4be3-b201-2d39df7dad8a:c5204, cffe1303-2f93-4087-8a62-a40745db49f2:c5204]
2019-07-10 09:51:09,631 INFO  client.GrpcClientProtocolClient (GrpcClientProtocolClient.java:onNext(255)) - client-7D6108789623->f80c66c4-8a3d-47db-b3f8-20b0bcb8a3f5: receive RaftClientReply:client-7D6108789623->f80c66c4-8a3d-47db-b3f8-20b0bcb8a3f5@group-7D2873B646E2, cid=3466, SUCCESS, logIndex=5206, commits[f80c66c4-8a3d-47db-b3f8-20b0bcb8a3f5:c5208, 6e9bc0f4-a324-4be3-b201-2d39df7dad8a:c5204, cffe1303-2f93-4087-8a62-a40745db49f2:c5204]
2019-07-10 09:51:09,631 INFO  client.GrpcClientProtocolClient (GrpcClientProtocolClient.java:onNext(255)) - client-7D6108789623->f80c66c4-8a3d-47db-b3f8-20b0bcb8a3f5: receive RaftClientReply:client-7D6108789623->f80c66c4-8a3d-47db-b3f8-20b0bcb8a3f5@group-7D2873B646E2, cid=3467, SUCCESS, logIndex=5207, commits[f80c66c4-8a3d-47db-b3f8-20b0bcb8a3f5:c5208, 6e9bc0f4-a324-4be3-b201-2d39df7dad8a:c5204, cffe1303-2f93-4087-8a62-a40745db49f2:c5204]
2019-07-10 09:51:09,632 INFO  client.GrpcClientProtocolClient (GrpcClientProtocolClient.java:onNext(255)) - client-7D6108789623->f80c66c4-8a3d-47db-b3f8-20b0bcb8a3f5: receive RaftClientReply:client-7D6108789623->f80c66c4-8a3d-47db-b3f8-20b0bcb8a3f5@group-7D2873B646E2, cid=3468, SUCCESS, logIndex=5208, commits[f80c66c4-8a3d-47db-b3f8-20b0bcb8a3f5:c5208, 6e9bc0f4-a324-4be3-b201-2d39df7dad8a:c5204, cffe1303-2f93-4087-8a62-a40745db49f2:c5204]
2019-07-10 09:51:09,634 INFO  client.GrpcClientProtocolClient (GrpcClientProtocolClient.java:onNext(255)) - client-7D6108789623->f80c66c4-8a3d-47db-b3f8-20b0bcb8a3f5: receive RaftClientReply:client-7D6108789623->f80c66c4-8a3d-47db-b3f8-20b0bcb8a3f5@group-7D2873B646E2, cid=3469, SUCCESS, logIndex=0, commits[f80c66c4-8a3d-47db-b3f8-20b0bcb8a3f5:c5210, 6e9bc0f4-a324-4be3-b201-2d39df7dad8a:c5206, cffe1303-2f93-4087-8a62-a40745db49f2:c5206]
2019-07-10 09:51:09,645 INFO  client.GrpcClientProtocolClient (GrpcClientProtocolClient.java:onNext(255)) - client-7D6108789623->f80c66c4-8a3d-47db-b3f8-20b0bcb8a3f5: receive RaftClientReply:client-7D6108789623->f80c66c4-8a3d-47db-b3f8-20b0bcb8a3f5@group-7D2873B646E2, cid=3470, SUCCESS, logIndex=5213, commits[f80c66c4-8a3d-47db-b3f8-20b0bcb8a3f5:c5214, 6e9bc0f4-a324-4be3-b201-2d39df7dad8a:c5208, cffe1303-2f93-4087-8a62-a40745db49f2:c5212]
2019-07-10 09:51:09,645 INFO  client.GrpcClientProtocolClient (GrpcClientProtocolClient.java:onNext(255)) - client-7D6108789623->f80c66c4-8a3d-47db-b3f8-20b0bcb8a3f5: receive RaftClientReply:client-7D6108789623->f80c66c4-8a3d-47db-b3f8-20b0bcb8a3f5@group-7D2873B646E2, cid=3471, SUCCESS, logIndex=5214, commits[f80c66c4-8a3d-47db-b3f8-20b0bcb8a3f5:c5214, 6e9bc0f4-a324-4be3-b201-2d39df7dad8a:c5212, cffe1303-2f93-4087-8a62-a40745db49f2:c5212]
2019-07-10 09:51:09,663 INFO  client.GrpcClientProtocolClient (GrpcClientProtocolClient.java:onNext(255)) - client-7D6108789623->f80c66c4-8a3d-47db-b3f8-20b0bcb8a3f5: receive RaftClientReply:client-7D6108789623->f80c66c4-8a3d-47db-b3f8-20b0bcb8a3f5@group-7D2873B646E2, cid=3472, SUCCESS, logIndex=5216, commits[f80c66c4-8a3d-47db-b3f8-20b0bcb8a3f5:c5217, 6e9bc0f4-a324-4be3-b201-2d39df7dad8a:c5215, cffe1303-2f93-4087-8a62-a40745db49f2:c5215]
2019-07-10 09:51:09,663 INFO  client.GrpcClientProtocolClient (GrpcClientProtocolClient.java:onNext(255)) - client-7D6108789623->f80c66c4-8a3d-47db-b3f8-20b0bcb8a3f5: receive RaftClientReply:client-7D6108789623->f80c66c4-8a3d-47db-b3f8-20b0bcb8a3f5@group-7D2873B646E2, cid=3473, SUCCESS, logIndex=5217, commits[f80c66c4-8a3d-47db-b3f8-20b0bcb8a3f5:c5217, 6e9bc0f4-a324-4be3-b201-2d39df7dad8a:c5215, cffe1303-2f93-4087-8a62-a40745db49f2:c5215]
2019-07-10 09:51:09,675 INFO  client.GrpcClientProtocolClient (GrpcClientProtocolClient.java:onNext(255)) - client-7D6108789623->f80c66c4-8a3d-47db-b3f8-20b0bcb8a3f5: receive RaftClientReply:client-7D6108789623->f80c66c4-8a3d-47db-b3f8-20b0bcb8a3f5@group-7D2873B646E2, cid=3474, SUCCESS, logIndex=0, commits[f80c66c4-8a3d-47db-b3f8-20b0bcb8a3f5:c5219, 6e9bc0f4-a324-4be3-b201-2d39df7dad8a:c5217, cffe1303-2f93-4087-8a62-a40745db49f2:c5217]
2019-07-10 09:51:09,711 INFO  client.GrpcClientProtocolClient (GrpcClientProtocolClient.java:onNext(255)) - client-7D6108789623->f80c66c4-8a3d-47db-b3f8-20b0bcb8a3f5: receive RaftClientReply:client-7D6108789623->f80c66c4-8a3d-47db-b3f8-20b0bcb8a3f5@group-7D2873B646E2, cid=3475, SUCCESS, logIndex=5220, commits[f80c66c4-8a3d-47db-b3f8-20b0bcb8a3f5:c5221, 6e9bc0f4-a324-4be3-b201-2d39df7dad8a:c5219, cffe1303-2f93-4087-8a62-a40745db49f2:c5219]
2019-07-10 09:51:09,712 INFO  client.GrpcClientProtocolClient (GrpcClientProtocolClient.java:onNext(255)) - client-7D6108789623->f80c66c4-8a3d-47db-b3f8-20b0bcb8a3f5: receive RaftClientReply:client-7D6108789623->f80c66c4-8a3d-47db-b3f8-20b0bcb8a3f5@group-7D2873B646E2, cid=3476, SUCCESS, logIndex=5221, commits[f80c66c4-8a3d-47db-b3f8-20b0bcb8a3f5:c5223, 6e9bc0f4-a324-4be3-b201-2d39df7dad8a:c5219, cffe1303-2f93-4087-8a62-a40745db49f2:c5219]
2019-07-10 09:51:09,712 INFO  client.GrpcClientProtocolClient (GrpcClientProtocolClient.java:onNext(255)) - client-7D6108789623->f80c66c4-8a3d-47db-b3f8-20b0bcb8a3f5: receive RaftClientReply:client-7D6108789623->f80c66c4-8a3d-47db-b3f8-20b0bcb8a3f5@group-7D2873B646E2, cid=3477, SUCCESS, logIndex=5222, commits[f80c66c4-8a3d-47db-b3f8-20b0bcb8a3f5:c5223, 6e9bc0f4-a324-4be3-b201-2d39df7dad8a:c5219, cffe1303-2f93-4087-8a62-a40745db49f2:c5219]
2019-07-10 09:51:09,712 INFO  client.GrpcClientProtocolClient (GrpcClientProtocolClient.java:onNext(255)) - client-7D6108789623->f80c66c4-8a3d-47db-b3f8-20b0bcb8a3f5: receive RaftClientReply:client-7D6108789623->f80c66c4-8a3d-47db-b3f8-20b0bcb8a3f5@group-7D2873B646E2, cid=3478, SUCCESS, logIndex=5223, commits[f80c66c4-8a3d-47db-b3f8-20b0bcb8a3f5:c5223, 6e9bc0f4-a324-4be3-b201-2d39df7dad8a:c5219, cffe1303-2f93-4087-8a62-a40745db49f2:c5219]
2019-07-10 09:51:09,731 INFO  client.GrpcClientProtocolClient (GrpcClientProtocolClient.java:onNext(255)) - client-7D6108789623->f80c66c4-8a3d-47db-b3f8-20b0bcb8a3f5: receive RaftClientReply:client-7D6108789623->f80c66c4-8a3d-47db-b3f8-20b0bcb8a3f5@group-7D2873B646E2, cid=3479, SUCCESS, logIndex=0, commits[f80c66c4-8a3d-47db-b3f8-20b0bcb8a3f5:c5226, 6e9bc0f4-a324-4be3-b201-2d39df7dad8a:c5223, cffe1303-2f93-4087-8a62-a40745db49f2:c5221]
2019-07-10 09:51:09,749 INFO  client.GrpcClientProtocolClient (GrpcClientProtocolClient.java:onNext(255)) - client-7D6108789623->f80c66c4-8a3d-47db-b3f8-20b0bcb8a3f5: receive RaftClientReply:client-7D6108789623->f80c66c4-8a3d-47db-b3f8-20b0bcb8a3f5@group-7D2873B646E2, cid=3480, SUCCESS, logIndex=5228, commits[f80c66c4-8a3d-47db-b3f8-20b0bcb8a3f5:c5229, 6e9bc0f4-a324-4be3-b201-2d39df7dad8a:c5227, cffe1303-2f93-4087-8a62-a40745db49f2:c5227]
2019-07-10 09:51:09,749 INFO  client.GrpcClientProtocolClient (GrpcClientProtocolClient.java:onNext(255)) - client-7D6108789623->f80c66c4-8a3d-47db-b3f8-20b0bcb8a3f5: receive RaftClientReply:client-7D6108789623->f80c66c4-8a3d-47db-b3f8-20b0bcb8a3f5@group-7D2873B646E2, cid=3481, SUCCESS, logIndex=5229, commits[f80c66c4-8a3d-47db-b3f8-20b0bcb8a3f5:c5229, 6e9bc0f4-a324-4be3-b201-2d39df7dad8a:c5227, cffe1303-2f93-4087-8a62-a40745db49f2:c5227]
2019-07-10 09:51:09,760 INFO  client.GrpcClientProtocolClient (GrpcClientProtocolClient.java:onNext(255)) - client-7D6108789623->f80c66c4-8a3d-47db-b3f8-20b0bcb8a3f5: receive RaftClientReply:client-7D6108789623->f80c66c4-8a3d-47db-b3f8-20b0bcb8a3f5@group-7D2873B646E2, cid=3482, SUCCESS, logIndex=5232, commits[f80c66c4-8a3d-47db-b3f8-20b0bcb8a3f5:c5233, 6e9bc0f4-a324-4be3-b201-2d39df7dad8a:c5228, cffe1303-2f93-4087-8a62-a40745db49f2:c5229]
2019-07-10 09:51:09,761 INFO  client.GrpcClientProtocolClient (GrpcClientProtocolClient.java:onNext(255)) - client-7D6108789623->f80c66c4-8a3d-47db-b3f8-20b0bcb8a3f5: receive RaftClientReply:client-7D6108789623->f80c66c4-8a3d-47db-b3f8-20b0bcb8a3f5@group-7D2873B646E2, cid=3483, SUCCESS, logIndex=5233, commits[f80c66c4-8a3d-47db-b3f8-20b0bcb8a3f5:c5233, 6e9bc0f4-a324-4be3-b201-2d39df7dad8a:c5229, cffe1303-2f93-4087-8a62-a40745db49f2:c5229]
2019-07-10 09:51:09,762 INFO  client.GrpcClientProtocolClient (GrpcClientProtocolClient.java:onNext(255)) - client-7D6108789623->f80c66c4-8a3d-47db-b3f8-20b0bcb8a3f5: receive RaftClientReply:client-7D6108789623->f80c66c4-8a3d-47db-b3f8-20b0bcb8a3f5@group-7D2873B646E2, cid=3484, SUCCESS, logIndex=0, commits[f80c66c4-8a3d-47db-b3f8-20b0bcb8a3f5:c5234, 6e9bc0f4-a324-4be3-b201-2d39df7dad8a:c5233, cffe1303-2f93-4087-8a62-a40745db49f2:c5233]
2019-07-10 09:51:09,791 INFO  client.GrpcClientProtocolClient (GrpcClientProtocolClient.java:onNext(255)) - client-7D6108789623->f80c66c4-8a3d-47db-b3f8-20b0bcb8a3f5: receive RaftClientReply:client-7D6108789623->f80c66c4-8a3d-47db-b3f8-20b0bcb8a3f5@group-7D2873B646E2, cid=3485, SUCCESS, logIndex=5236, commits[f80c66c4-8a3d-47db-b3f8-20b0bcb8a3f5:c5237, 6e9bc0f4-a324-4be3-b201-2d39df7dad8a:c5235, cffe1303-2f93-4087-8a62-a40745db49f2:c5235]
2019-07-10 09:51:09,792 INFO  client.GrpcClientProtocolClient (GrpcClientProtocolClient.java:onNext(255)) - client-7D6108789623->f80c66c4-8a3d-47db-b3f8-20b0bcb8a3f5: receive RaftClientReply:client-7D6108789623->f80c66c4-8a3d-47db-b3f8-20b0bcb8a3f5@group-7D2873B646E2, cid=3486, SUCCESS, logIndex=5237, commits[f80c66c4-8a3d-47db-b3f8-20b0bcb8a3f5:c5237, 6e9bc0f4-a324-4be3-b201-2d39df7dad8a:c5235, cffe1303-2f93-4087-8a62-a40745db49f2:c5235]
2019-07-10 09:51:09,801 INFO  client.GrpcClientProtocolClient (GrpcClientProtocolClient.java:onNext(255)) - client-7D6108789623->f80c66c4-8a3d-47db-b3f8-20b0bcb8a3f5: receive RaftClientReply:client-7D6108789623->f80c66c4-8a3d-47db-b3f8-20b0bcb8a3f5@group-7D2873B646E2, cid=3487, SUCCESS, logIndex=5238, commits[f80c66c4-8a3d-47db-b3f8-20b0bcb8a3f5:c5239, 6e9bc0f4-a324-4be3-b201-2d39df7dad8a:c5235, cffe1303-2f93-4087-8a62-a40745db49f2:c5235]
2019-07-10 09:51:09,801 INFO  client.GrpcClientProtocolClient (GrpcClientProtocolClient.java:onNext(255)) - client-7D6108789623->f80c66c4-8a3d-47db-b3f8-20b0bcb8a3f5: receive RaftClientReply:client-7D6108789623->f80c66c4-8a3d-47db-b3f8-20b0bcb8a3f5@group-7D2873B646E2, cid=3488, SUCCESS, logIndex=5239, commits[f80c66c4-8a3d-47db-b3f8-20b0bcb8a3f5:c5239, 6e9bc0f4-a324-4be3-b201-2d39df7dad8a:c5235, cffe1303-2f93-4087-8a62-a40745db49f2:c5235]
2019-07-10 09:51:09,803 INFO  client.GrpcClientProtocolClient (GrpcClientProtocolClient.java:onNext(255)) - client-7D6108789623->f80c66c4-8a3d-47db-b3f8-20b0bcb8a3f5: receive RaftClientReply:client-7D6108789623->f80c66c4-8a3d-47db-b3f8-20b0bcb8a3f5@group-7D2873B646E2, cid=3489, SUCCESS, logIndex=0, commits[f80c66c4-8a3d-47db-b3f8-20b0bcb8a3f5:c5241, 6e9bc0f4-a324-4be3-b201-2d39df7dad8a:c5237, cffe1303-2f93-4087-8a62-a40745db49f2:c5237]
2019-07-10 09:51:09,831 INFO  client.GrpcClientProtocolClient (GrpcClientProtocolClient.java:onNext(255)) - client-7D6108789623->f80c66c4-8a3d-47db-b3f8-20b0bcb8a3f5: receive RaftClientReply:client-7D6108789623->f80c66c4-8a3d-47db-b3f8-20b0bcb8a3f5@group-7D2873B646E2, cid=3490, SUCCESS, logIndex=5244, commits[f80c66c4-8a3d-47db-b3f8-20b0bcb8a3f5:c5245, 6e9bc0f4-a324-4be3-b201-2d39df7dad8a:c5243, cffe1303-2f93-4087-8a62-a40745db49f2:c5243]
2019-07-10 09:51:09,832 INFO  client.GrpcClientProtocolClient (GrpcClientProtocolClient.java:onNext(255)) - client-7D6108789623->f80c66c4-8a3d-47db-b3f8-20b0bcb8a3f5: receive RaftClientReply:client-7D6108789623->f80c66c4-8a3d-47db-b3f8-20b0bcb8a3f5@group-7D2873B646E2, cid=3491, SUCCESS, logIndex=5245, commits[f80c66c4-8a3d-47db-b3f8-20b0bcb8a3f5:c5245, 6e9bc0f4-a324-4be3-b201-2d39df7dad8a:c5243, cffe1303-2f93-4087-8a62-a40745db49f2:c5243]
2019-07-10 09:51:09,853 INFO  client.GrpcClientProtocolClient (GrpcClientProtocolClient.java:onNext(255)) - client-7D6108789623->f80c66c4-8a3d-47db-b3f8-20b0bcb8a3f5: receive RaftClientReply:client-7D6108789623->f80c66c4-8a3d-47db-b3f8-20b0bcb8a3f5@group-7D2873B646E2, cid=3492, SUCCESS, logIndex=5248, commits[f80c66c4-8a3d-47db-b3f8-20b0bcb8a3f5:c5249, 6e9bc0f4-a324-4be3-b201-2d39df7dad8a:c5245, cffe1303-2f93-4087-8a62-a40745db49f2:c5245]
2019-07-10 09:51:09,853 INFO  client.GrpcClientProtocolClient (GrpcClientProtocolClient.java:onNext(255)) - client-7D6108789623->f80c66c4-8a3d-47db-b3f8-20b0bcb8a3f5: receive RaftClientReply:client-7D6108789623->f80c66c4-8a3d-47db-b3f8-20b0bcb8a3f5@group-7D2873B646E2, cid=3493, SUCCESS, logIndex=5249, commits[f80c66c4-8a3d-47db-b3f8-20b0bcb8a3f5:c5249, 6e9bc0f4-a324-4be3-b201-2d39df7dad8a:c5245, cffe1303-2f93-4087-8a62-a40745db49f2:c5245]
2019-07-10 09:51:09,857 INFO  client.GrpcClientProtocolClient (GrpcClientProtocolClient.java:onNext(255)) - client-7D6108789623->f80c66c4-8a3d-47db-b3f8-20b0bcb8a3f5: receive RaftClientReply:client-7D6108789623->f80c66c4-8a3d-47db-b3f8-20b0bcb8a3f5@group-7D2873B646E2, cid=3494, SUCCESS, logIndex=0, commits[f80c66c4-8a3d-47db-b3f8-20b0bcb8a3f5:c5251, 6e9bc0f4-a324-4be3-b201-2d39df7dad8a:c5249, cffe1303-2f93-4087-8a62-a40745db49f2:c5249]
2019-07-10 09:51:09,889 INFO  client.GrpcClientProtocolClient (GrpcClientProtocolClient.java:onNext(255)) - client-7D6108789623->f80c66c4-8a3d-47db-b3f8-20b0bcb8a3f5: receive RaftClientReply:client-7D6108789623->f80c66c4-8a3d-47db-b3f8-20b0bcb8a3f5@group-7D2873B646E2, cid=3495, SUCCESS, logIndex=5252, commits[f80c66c4-8a3d-47db-b3f8-20b0bcb8a3f5:c5253, 6e9bc0f4-a324-4be3-b201-2d39df7dad8a:c5251, cffe1303-2f93-4087-8a62-a40745db49f2:c5251]
2019-07-10 09:51:09,890 INFO  client.GrpcClientProtocolClient (GrpcClientProtocolClient.java:onNext(255)) - client-7D6108789623->f80c66c4-8a3d-47db-b3f8-20b0bcb8a3f5: receive RaftClientReply:client-7D6108789623->f80c66c4-8a3d-47db-b3f8-20b0bcb8a3f5@group-7D2873B646E2, cid=3496, SUCCESS, logIndex=5253, commits[f80c66c4-8a3d-47db-b3f8-20b0bcb8a3f5:c5253, 6e9bc0f4-a324-4be3-b201-2d39df7dad8a:c5251, cffe1303-2f93-4087-8a62-a40745db49f2:c5251]
2019-07-10 09:51:09,891 INFO  client.GrpcClientProtocolClient (GrpcClientProtocolClient.java:onNext(255)) - client-7D6108789623->f80c66c4-8a3d-47db-b3f8-20b0bcb8a3f5: receive RaftClientReply:client-7D6108789623->f80c66c4-8a3d-47db-b3f8-20b0bcb8a3f5@group-7D2873B646E2, cid=3497, SUCCESS, logIndex=5254, commits[f80c66c4-8a3d-47db-b3f8-20b0bcb8a3f5:c5255, 6e9bc0f4-a324-4be3-b201-2d39df7dad8a:c5251, cffe1303-2f93-4087-8a62-a40745db49f2:c5251]
2019-07-10 09:51:09,891 INFO  client.GrpcClientProtocolClient (GrpcClientProtocolClient.java:onNext(255)) - client-7D6108789623->f80c66c4-8a3d-47db-b3f8-20b0bcb8a3f5: receive RaftClientReply:client-7D6108789623->f80c66c4-8a3d-47db-b3f8-20b0bcb8a3f5@group-7D2873B646E2, cid=3498, SUCCESS, logIndex=5255, commits[f80c66c4-8a3d-47db-b3f8-20b0bcb8a3f5:c5255, 6e9bc0f4-a324-4be3-b201-2d39df7dad8a:c5251, cffe1303-2f93-4087-8a62-a40745db49f2:c5251]
2019-07-10 09:51:09,893 INFO  client.GrpcClientProtocolClient (GrpcClientProtocolClient.java:onNext(255)) - client-7D6108789623->f80c66c4-8a3d-47db-b3f8-20b0bcb8a3f5: receive RaftClientReply:client-7D6108789623->f80c66c4-8a3d-47db-b3f8-20b0bcb8a3f5@group-7D2873B646E2, cid=3499, SUCCESS, logIndex=0, commits[f80c66c4-8a3d-47db-b3f8-20b0bcb8a3f5:c5257, 6e9bc0f4-a324-4be3-b201-2d39df7dad8a:c5253, cffe1303-2f93-4087-8a62-a40745db49f2:c5253]
2019-07-10 09:51:09,912 INFO  client.GrpcClientProtocolClient (GrpcClientProtocolClient.java:onNext(255)) - client-7D6108789623->f80c66c4-8a3d-47db-b3f8-20b0bcb8a3f5: receive RaftClientReply:client-7D6108789623->f80c66c4-8a3d-47db-b3f8-20b0bcb8a3f5@group-7D2873B646E2, cid=3500, SUCCESS, logIndex=5260, commits[f80c66c4-8a3d-47db-b3f8-20b0bcb8a3f5:c5261, 6e9bc0f4-a324-4be3-b201-2d39df7dad8a:c5259, cffe1303-2f93-4087-8a62-a40745db49f2:c5259]
2019-07-10 09:51:09,912 INFO  client.GrpcClientProtocolClient (GrpcClientProtocolClient.java:onNext(255)) - client-7D6108789623->f80c66c4-8a3d-47db-b3f8-20b0bcb8a3f5: receive RaftClientReply:client-7D6108789623->f80c66c4-8a3d-47db-b3f8-20b0bcb8a3f5@group-7D2873B646E2, cid=3501, SUCCESS, logIndex=5261, commits[f80c66c4-8a3d-47db-b3f8-20b0bcb8a3f5:c5261, 6e9bc0f4-a324-4be3-b201-2d39df7dad8a:c5259, cffe1303-2f93-4087-8a62-a40745db49f2:c5259]
2019-07-10 09:51:09,926 INFO  client.GrpcClientProtocolClient (GrpcClientProtocolClient.java:onNext(255)) - client-7D6108789623->f80c66c4-8a3d-47db-b3f8-20b0bcb8a3f5: receive RaftClientReply:client-7D6108789623->f80c66c4-8a3d-47db-b3f8-20b0bcb8a3f5@group-7D2873B646E2, cid=3502, SUCCESS, logIndex=5264, commits[f80c66c4-8a3d-47db-b3f8-20b0bcb8a3f5:c5265, 6e9bc0f4-a324-4be3-b201-2d39df7dad8a:c5261, cffe1303-2f93-4087-8a62-a40745db49f2:c5263]
2019-07-10 09:51:09,926 INFO  client.GrpcClientProtocolClient (GrpcClientProtocolClient.java:onNext(255)) - client-7D6108789623->f80c66c4-8a3d-47db-b3f8-20b0bcb8a3f5: receive RaftClientReply:client-7D6108789623->f80c66c4-8a3d-47db-b3f8-20b0bcb8a3f5@group-7D2873B646E2, cid=3503, SUCCESS, logIndex=5265, commits[f80c66c4-8a3d-47db-b3f8-20b0bcb8a3f5:c5265, 6e9bc0f4-a324-4be3-b201-2d39df7dad8a:c5263, cffe1303-2f93-4087-8a62-a40745db49f2:c5263]
2019-07-10 09:51:09,930 INFO  client.GrpcClientProtocolClient (GrpcClientProtocolClient.java:onNext(255)) - client-7D6108789623->f80c66c4-8a3d-47db-b3f8-20b0bcb8a3f5: receive RaftClientReply:client-7D6108789623->f80c66c4-8a3d-47db-b3f8-20b0bcb8a3f5@group-7D2873B646E2, cid=3504, SUCCESS, logIndex=0, commits[f80c66c4-8a3d-47db-b3f8-20b0bcb8a3f5:c5267, 6e9bc0f4-a324-4be3-b201-2d39df7dad8a:c5265, cffe1303-2f93-4087-8a62-a40745db49f2:c5265]
2019-07-10 09:51:09,960 INFO  client.GrpcClientProtocolClient (GrpcClientProtocolClient.java:onNext(255)) - client-7D6108789623->f80c66c4-8a3d-47db-b3f8-20b0bcb8a3f5: receive RaftClientReply:client-7D6108789623->f80c66c4-8a3d-47db-b3f8-20b0bcb8a3f5@group-7D2873B646E2, cid=3505, SUCCESS, logIndex=5268, commits[f80c66c4-8a3d-47db-b3f8-20b0bcb8a3f5:c5269, 6e9bc0f4-a324-4be3-b201-2d39df7dad8a:c5267, cffe1303-2f93-4087-8a62-a40745db49f2:c5267]
2019-07-10 09:51:09,961 INFO  client.GrpcClientProtocolClient (GrpcClientProtocolClient.java:onNext(255)) - client-7D6108789623->f80c66c4-8a3d-47db-b3f8-20b0bcb8a3f5: receive RaftClientReply:client-7D6108789623->f80c66c4-8a3d-47db-b3f8-20b0bcb8a3f5@group-7D2873B646E2, cid=3506, SUCCESS, logIndex=5269, commits[f80c66c4-8a3d-47db-b3f8-20b0bcb8a3f5:c5269, 6e9bc0f4-a324-4be3-b201-2d39df7dad8a:c5267, cffe1303-2f93-4087-8a62-a40745db49f2:c5267]
2019-07-10 09:51:09,963 INFO  client.GrpcClientProtocolClient (GrpcClientProtocolClient.java:onNext(255)) - client-7D6108789623->f80c66c4-8a3d-47db-b3f8-20b0bcb8a3f5: receive RaftClientReply:client-7D6108789623->f80c66c4-8a3d-47db-b3f8-20b0bcb8a3f5@group-7D2873B646E2, cid=3507, SUCCESS, logIndex=5270, commits[f80c66c4-8a3d-47db-b3f8-20b0bcb8a3f5:c5273, 6e9bc0f4-a324-4be3-b201-2d39df7dad8a:c5267, cffe1303-2f93-4087-8a62-a40745db49f2:c5269]
2019-07-10 09:51:09,963 INFO  client.GrpcClientProtocolClient (GrpcClientProtocolClient.java:onNext(255)) - client-7D6108789623->f80c66c4-8a3d-47db-b3f8-20b0bcb8a3f5: receive RaftClientReply:client-7D6108789623->f80c66c4-8a3d-47db-b3f8-20b0bcb8a3f5@group-7D2873B646E2, cid=3508, SUCCESS, logIndex=5271, commits[f80c66c4-8a3d-47db-b3f8-20b0bcb8a3f5:c5273, 6e9bc0f4-a324-4be3-b201-2d39df7dad8a:c5267, cffe1303-2f93-4087-8a62-a40745db49f2:c5269]
2019-07-10 09:51:09,964 INFO  client.GrpcClientProtocolClient (GrpcClientProtocolClient.java:onNext(255)) - client-7D6108789623->f80c66c4-8a3d-47db-b3f8-20b0bcb8a3f5: receive RaftClientReply:client-7D6108789623->f80c66c4-8a3d-47db-b3f8-20b0bcb8a3f5@group-7D2873B646E2, cid=3509, SUCCESS, logIndex=0, commits[f80c66c4-8a3d-47db-b3f8-20b0bcb8a3f5:c5274, 6e9bc0f4-a324-4be3-b201-2d39df7dad8a:c5269, cffe1303-2f93-4087-8a62-a40745db49f2:c5270]
2019-07-10 09:51:09,987 INFO  client.GrpcClientProtocolClient (GrpcClientProtocolClient.java:onNext(255)) - client-7D6108789623->f80c66c4-8a3d-47db-b3f8-20b0bcb8a3f5: receive RaftClientReply:client-7D6108789623->f80c66c4-8a3d-47db-b3f8-20b0bcb8a3f5@group-7D2873B646E2, cid=3510, SUCCESS, logIndex=5276, commits[f80c66c4-8a3d-47db-b3f8-20b0bcb8a3f5:c5277, 6e9bc0f4-a324-4be3-b201-2d39df7dad8a:c5271, cffe1303-2f93-4087-8a62-a40745db49f2:c5275]
2019-07-10 09:51:09,987 INFO  client.GrpcClientProtocolClient (GrpcClientProtocolClient.java:onNext(255)) - client-7D6108789623->f80c66c4-8a3d-47db-b3f8-20b0bcb8a3f5: receive RaftClientReply:client-7D6108789623->f80c66c4-8a3d-47db-b3f8-20b0bcb8a3f5@group-7D2873B646E2, cid=3511, SUCCESS, logIndex=5277, commits[f80c66c4-8a3d-47db-b3f8-20b0bcb8a3f5:c5277, 6e9bc0f4-a324-4be3-b201-2d39df7dad8a:c5275, cffe1303-2f93-4087-8a62-a40745db49f2:c5275]
2019-07-10 09:51:10,003 INFO  client.GrpcClientProtocolClient (GrpcClientProtocolClient.java:onNext(255)) - client-7D6108789623->f80c66c4-8a3d-47db-b3f8-20b0bcb8a3f5: receive RaftClientReply:client-7D6108789623->f80c66c4-8a3d-47db-b3f8-20b0bcb8a3f5@group-7D2873B646E2, cid=3512, SUCCESS, logIndex=5280, commits[f80c66c4-8a3d-47db-b3f8-20b0bcb8a3f5:c5281, 6e9bc0f4-a324-4be3-b201-2d39df7dad8a:c5278, cffe1303-2f93-4087-8a62-a40745db49f2:c5278]
2019-07-10 09:51:10,003 INFO  client.GrpcClientProtocolClient (GrpcClientProtocolClient.java:onNext(255)) - client-7D6108789623->f80c66c4-8a3d-47db-b3f8-20b0bcb8a3f5: receive RaftClientReply:client-7D6108789623->f80c66c4-8a3d-47db-b3f8-20b0bcb8a3f5@group-7D2873B646E2, cid=3513, SUCCESS, logIndex=5281, commits[f80c66c4-8a3d-47db-b3f8-20b0bcb8a3f5:c5281, 6e9bc0f4-a324-4be3-b201-2d39df7dad8a:c5278, cffe1303-2f93-4087-8a62-a40745db49f2:c5278]
2019-07-10 09:51:10,014 INFO  client.GrpcClientProtocolClient (GrpcClientProtocolClient.java:onNext(255)) - client-7D6108789623->f80c66c4-8a3d-47db-b3f8-20b0bcb8a3f5: receive RaftClientReply:client-7D6108789623->f80c66c4-8a3d-47db-b3f8-20b0bcb8a3f5@group-7D2873B646E2, cid=3514, SUCCESS, logIndex=0, commits[f80c66c4-8a3d-47db-b3f8-20b0bcb8a3f5:c5283, 6e9bc0f4-a324-4be3-b201-2d39df7dad8a:c5281, cffe1303-2f93-4087-8a62-a40745db49f2:c5281]
2019-07-10 09:51:10,050 INFO  client.GrpcClientProtocolClient (GrpcClientProtocolClient.java:onNext(255)) - client-7D6108789623->f80c66c4-8a3d-47db-b3f8-20b0bcb8a3f5: receive RaftClientReply:client-7D6108789623->f80c66c4-8a3d-47db-b3f8-20b0bcb8a3f5@group-7D2873B646E2, cid=3515, SUCCESS, logIndex=5284, commits[f80c66c4-8a3d-47db-b3f8-20b0bcb8a3f5:c5285, 6e9bc0f4-a324-4be3-b201-2d39df7dad8a:c5283, cffe1303-2f93-4087-8a62-a40745db49f2:c5283]
2019-07-10 09:51:10,051 INFO  client.GrpcClientProtocolClient (GrpcClientProtocolClient.java:onNext(255)) - client-7D6108789623->f80c66c4-8a3d-47db-b3f8-20b0bcb8a3f5: receive RaftClientReply:client-7D6108789623->f80c66c4-8a3d-47db-b3f8-20b0bcb8a3f5@group-7D2873B646E2, cid=3516, SUCCESS, logIndex=5285, commits[f80c66c4-8a3d-47db-b3f8-20b0bcb8a3f5:c5285, 6e9bc0f4-a324-4be3-b201-2d39df7dad8a:c5283, cffe1303-2f93-4087-8a62-a40745db49f2:c5283]
2019-07-10 09:51:10,051 INFO  client.GrpcClientProtocolClient (GrpcClientProtocolClient.java:onNext(255)) - client-7D6108789623->f80c66c4-8a3d-47db-b3f8-20b0bcb8a3f5: receive RaftClientReply:client-7D6108789623->f80c66c4-8a3d-47db-b3f8-20b0bcb8a3f5@group-7D2873B646E2, cid=3517, SUCCESS, logIndex=5286, commits[f80c66c4-8a3d-47db-b3f8-20b0bcb8a3f5:c5286, 6e9bc0f4-a324-4be3-b201-2d39df7dad8a:c5283, cffe1303-2f93-4087-8a62-a40745db49f2:c5283]
2019-07-10 09:51:10,051 INFO  client.GrpcClientProtocolClient (GrpcClientProtocolClient.java:onNext(255)) - client-7D6108789623->f80c66c4-8a3d-47db-b3f8-20b0bcb8a3f5: receive RaftClientReply:client-7D6108789623->f80c66c4-8a3d-47db-b3f8-20b0bcb8a3f5@group-7D2873B646E2, cid=3518, SUCCESS, logIndex=5287, commits[f80c66c4-8a3d-47db-b3f8-20b0bcb8a3f5:c5287, 6e9bc0f4-a324-4be3-b201-2d39df7dad8a:c5283, cffe1303-2f93-4087-8a62-a40745db49f2:c5283]
2019-07-10 09:51:10,064 INFO  client.GrpcClientProtocolClient (GrpcClientProtocolClient.java:onNext(255)) - client-7D6108789623->f80c66c4-8a3d-47db-b3f8-20b0bcb8a3f5: receive RaftClientReply:client-7D6108789623->f80c66c4-8a3d-47db-b3f8-20b0bcb8a3f5@group-7D2873B646E2, cid=3519, SUCCESS, logIndex=0, commits[f80c66c4-8a3d-47db-b3f8-20b0bcb8a3f5:c5289, 6e9bc0f4-a324-4be3-b201-2d39df7dad8a:c5285, cffe1303-2f93-4087-8a62-a40745db49f2:c5285]
2019-07-10 09:51:10,084 INFO  client.GrpcClientProtocolClient (GrpcClientProtocolClient.java:onNext(255)) - client-7D6108789623->f80c66c4-8a3d-47db-b3f8-20b0bcb8a3f5: receive RaftClientReply:client-7D6108789623->f80c66c4-8a3d-47db-b3f8-20b0bcb8a3f5@group-7D2873B646E2, cid=3520, SUCCESS, logIndex=5292, commits[f80c66c4-8a3d-47db-b3f8-20b0bcb8a3f5:c5293, 6e9bc0f4-a324-4be3-b201-2d39df7dad8a:c5291, cffe1303-2f93-4087-8a62-a40745db49f2:c5291]
2019-07-10 09:51:10,085 INFO  client.GrpcClientProtocolClient (GrpcClientProtocolClient.java:onNext(255)) - client-7D6108789623->f80c66c4-8a3d-47db-b3f8-20b0bcb8a3f5: receive RaftClientReply:client-7D6108789623->f80c66c4-8a3d-47db-b3f8-20b0bcb8a3f5@group-7D2873B646E2, cid=3521, SUCCESS, logIndex=5293, commits[f80c66c4-8a3d-47db-b3f8-20b0bcb8a3f5:c5293, 6e9bc0f4-a324-4be3-b201-2d39df7dad8a:c5291, cffe1303-2f93-4087-8a62-a40745db49f2:c5291]
2019-07-10 09:51:10,108 INFO  client.GrpcClientProtocolClient (GrpcClientProtocolClient.java:onNext(255)) - client-7D6108789623->f80c66c4-8a3d-47db-b3f8-20b0bcb8a3f5: receive RaftClientReply:client-7D6108789623->f80c66c4-8a3d-47db-b3f8-20b0bcb8a3f5@group-7D2873B646E2, cid=3522, SUCCESS, logIndex=5296, commits[f80c66c4-8a3d-47db-b3f8-20b0bcb8a3f5:c5297, 6e9bc0f4-a324-4be3-b201-2d39df7dad8a:c5293, cffe1303-2f93-4087-8a62-a40745db49f2:c5293]
2019-07-10 09:51:10,108 INFO  client.GrpcClientProtocolClient (GrpcClientProtocolClient.java:onNext(255)) - client-7D6108789623->f80c66c4-8a3d-47db-b3f8-20b0bcb8a3f5: receive RaftClientReply:client-7D6108789623->f80c66c4-8a3d-47db-b3f8-20b0bcb8a3f5@group-7D2873B646E2, cid=3523, SUCCESS, logIndex=5297, commits[f80c66c4-8a3d-47db-b3f8-20b0bcb8a3f5:c5297, 6e9bc0f4-a324-4be3-b201-2d39df7dad8a:c5293, cffe1303-2f93-4087-8a62-a40745db49f2:c5293]
2019-07-10 09:51:10,110 INFO  client.GrpcClientProtocolClient (GrpcClientProtocolClient.java:onNext(255)) - client-7D6108789623->f80c66c4-8a3d-47db-b3f8-20b0bcb8a3f5: receive RaftClientReply:client-7D6108789623->f80c66c4-8a3d-47db-b3f8-20b0bcb8a3f5@group-7D2873B646E2, cid=3524, SUCCESS, logIndex=0, commits[f80c66c4-8a3d-47db-b3f8-20b0bcb8a3f5:c5298, 6e9bc0f4-a324-4be3-b201-2d39df7dad8a:c5297, cffe1303-2f93-4087-8a62-a40745db49f2:c5297]
2019-07-10 09:51:10,137 INFO  client.GrpcClientProtocolClient (GrpcClientProtocolClient.java:onNext(255)) - client-7D6108789623->f80c66c4-8a3d-47db-b3f8-20b0bcb8a3f5: receive RaftClientReply:client-7D6108789623->f80c66c4-8a3d-47db-b3f8-20b0bcb8a3f5@group-7D2873B646E2, cid=3525, SUCCESS, logIndex=5300, commits[f80c66c4-8a3d-47db-b3f8-20b0bcb8a3f5:c5301, 6e9bc0f4-a324-4be3-b201-2d39df7dad8a:c5299, cffe1303-2f93-4087-8a62-a40745db49f2:c5299]
2019-07-10 09:51:10,138 INFO  client.GrpcClientProtocolClient (GrpcClientProtocolClient.java:onNext(255)) - client-7D6108789623->f80c66c4-8a3d-47db-b3f8-20b0bcb8a3f5: receive RaftClientReply:client-7D6108789623->f80c66c4-8a3d-47db-b3f8-20b0bcb8a3f5@group-7D2873B646E2, cid=3526, SUCCESS, logIndex=5301, commits[f80c66c4-8a3d-47db-b3f8-20b0bcb8a3f5:c5303, 6e9bc0f4-a324-4be3-b201-2d39df7dad8a:c5299, cffe1303-2f93-4087-8a62-a40745db49f2:c5299]
2019-07-10 09:51:10,138 INFO  client.GrpcClientProtocolClient (GrpcClientProtocolClient.java:onNext(255)) - client-7D6108789623->f80c66c4-8a3d-47db-b3f8-20b0bcb8a3f5: receive RaftClientReply:client-7D6108789623->f80c66c4-8a3d-47db-b3f8-20b0bcb8a3f5@group-7D2873B646E2, cid=3527, SUCCESS, logIndex=5302, commits[f80c66c4-8a3d-47db-b3f8-20b0bcb8a3f5:c5303, 6e9bc0f4-a324-4be3-b201-2d39df7dad8a:c5299, cffe1303-2f93-4087-8a62-a40745db49f2:c5299]
2019-07-10 09:51:10,138 INFO  client.GrpcClientProtocolClient (GrpcClientProtocolClient.java:onNext(255)) - client-7D6108789623->f80c66c4-8a3d-47db-b3f8-20b0bcb8a3f5: receive RaftClientReply:client-7D6108789623->f80c66c4-8a3d-47db-b3f8-20b0bcb8a3f5@group-7D2873B646E2, cid=3528, SUCCESS, logIndex=5303, commits[f80c66c4-8a3d-47db-b3f8-20b0bcb8a3f5:c5303, 6e9bc0f4-a324-4be3-b201-2d39df7dad8a:c5299, cffe1303-2f93-4087-8a62-a40745db49f2:c5299]
2019-07-10 09:51:10,149 INFO  client.GrpcClientProtocolClient (GrpcClientProtocolClient.java:onNext(255)) - client-7D6108789623->f80c66c4-8a3d-47db-b3f8-20b0bcb8a3f5: receive RaftClientReply:client-7D6108789623->f80c66c4-8a3d-47db-b3f8-20b0bcb8a3f5@group-7D2873B646E2, cid=3529, SUCCESS, logIndex=0, commits[f80c66c4-8a3d-47db-b3f8-20b0bcb8a3f5:c5306, 6e9bc0f4-a324-4be3-b201-2d39df7dad8a:c5303, cffe1303-2f93-4087-8a62-a40745db49f2:c5301]
2019-07-10 09:51:10,166 INFO  client.GrpcClientProtocolClient (GrpcClientProtocolClient.java:onNext(255)) - client-7D6108789623->f80c66c4-8a3d-47db-b3f8-20b0bcb8a3f5: receive RaftClientReply:client-7D6108789623->f80c66c4-8a3d-47db-b3f8-20b0bcb8a3f5@group-7D2873B646E2, cid=3530, SUCCESS, logIndex=5308, commits[f80c66c4-8a3d-47db-b3f8-20b0bcb8a3f5:c5309, 6e9bc0f4-a324-4be3-b201-2d39df7dad8a:c5307, cffe1303-2f93-4087-8a62-a40745db49f2:c5307]
2019-07-10 09:51:10,167 INFO  client.GrpcClientProtocolClient (GrpcClientProtocolClient.java:onNext(255)) - client-7D6108789623->f80c66c4-8a3d-47db-b3f8-20b0bcb8a3f5: receive RaftClientReply:client-7D6108789623->f80c66c4-8a3d-47db-b3f8-20b0bcb8a3f5@group-7D2873B646E2, cid=3531, SUCCESS, logIndex=5309, commits[f80c66c4-8a3d-47db-b3f8-20b0bcb8a3f5:c5309, 6e9bc0f4-a324-4be3-b201-2d39df7dad8a:c5307, cffe1303-2f93-4087-8a62-a40745db49f2:c5307]
2019-07-10 09:51:10,180 INFO  client.GrpcClientProtocolClient (GrpcClientProtocolClient.java:onNext(255)) - client-7D6108789623->f80c66c4-8a3d-47db-b3f8-20b0bcb8a3f5: receive RaftClientReply:client-7D6108789623->f80c66c4-8a3d-47db-b3f8-20b0bcb8a3f5@group-7D2873B646E2, cid=3532, SUCCESS, logIndex=5312, commits[f80c66c4-8a3d-47db-b3f8-20b0bcb8a3f5:c5313, 6e9bc0f4-a324-4be3-b201-2d39df7dad8a:c5309, cffe1303-2f93-4087-8a62-a40745db49f2:c5309]
2019-07-10 09:51:10,180 INFO  client.GrpcClientProtocolClient (GrpcClientProtocolClient.java:onNext(255)) - client-7D6108789623->f80c66c4-8a3d-47db-b3f8-20b0bcb8a3f5: receive RaftClientReply:client-7D6108789623->f80c66c4-8a3d-47db-b3f8-20b0bcb8a3f5@group-7D2873B646E2, cid=3533, SUCCESS, logIndex=5313, commits[f80c66c4-8a3d-47db-b3f8-20b0bcb8a3f5:c5313, 6e9bc0f4-a324-4be3-b201-2d39df7dad8a:c5309, cffe1303-2f93-4087-8a62-a40745db49f2:c5309]
2019-07-10 09:51:10,193 INFO  client.GrpcClientProtocolClient (GrpcClientProtocolClient.java:onNext(255)) - client-7D6108789623->f80c66c4-8a3d-47db-b3f8-20b0bcb8a3f5: receive RaftClientReply:client-7D6108789623->f80c66c4-8a3d-47db-b3f8-20b0bcb8a3f5@group-7D2873B646E2, cid=3534, SUCCESS, logIndex=0, commits[f80c66c4-8a3d-47db-b3f8-20b0bcb8a3f5:c5315, 6e9bc0f4-a324-4be3-b201-2d39df7dad8a:c5313, cffe1303-2f93-4087-8a62-a40745db49f2:c5313]
2019-07-10 09:51:10,215 INFO  client.GrpcClientProtocolClient (GrpcClientProtocolClient.java:onNext(255)) - client-7D6108789623->f80c66c4-8a3d-47db-b3f8-20b0bcb8a3f5: receive RaftClientReply:client-7D6108789623->f80c66c4-8a3d-47db-b3f8-20b0bcb8a3f5@group-7D2873B646E2, cid=3535, SUCCESS, logIndex=5316, commits[f80c66c4-8a3d-47db-b3f8-20b0bcb8a3f5:c5317, 6e9bc0f4-a324-4be3-b201-2d39df7dad8a:c5315, cffe1303-2f93-4087-8a62-a40745db49f2:c5315]
2019-07-10 09:51:10,215 INFO  client.GrpcClientProtocolClient (GrpcClientProtocolClient.java:onNext(255)) - client-7D6108789623->f80c66c4-8a3d-47db-b3f8-20b0bcb8a3f5: receive RaftClientReply:client-7D6108789623->f80c66c4-8a3d-47db-b3f8-20b0bcb8a3f5@group-7D2873B646E2, cid=3536, SUCCESS, logIndex=5317, commits[f80c66c4-8a3d-47db-b3f8-20b0bcb8a3f5:c5317, 6e9bc0f4-a324-4be3-b201-2d39df7dad8a:c5315, cffe1303-2f93-4087-8a62-a40745db49f2:c5315]
2019-07-10 09:51:10,215 INFO  client.GrpcClientProtocolClient (GrpcClientProtocolClient.java:onNext(255)) - client-7D6108789623->f80c66c4-8a3d-47db-b3f8-20b0bcb8a3f5: receive RaftClientReply:client-7D6108789623->f80c66c4-8a3d-47db-b3f8-20b0bcb8a3f5@group-7D2873B646E2, cid=3537, SUCCESS, logIndex=5318, commits[f80c66c4-8a3d-47db-b3f8-20b0bcb8a3f5:c5319, 6e9bc0f4-a324-4be3-b201-2d39df7dad8a:c5315, cffe1303-2f93-4087-8a62-a40745db49f2:c5315]
2019-07-10 09:51:10,215 INFO  client.GrpcClientProtocolClient (GrpcClientProtocolClient.java:onNext(255)) - client-7D6108789623->f80c66c4-8a3d-47db-b3f8-20b0bcb8a3f5: receive RaftClientReply:client-7D6108789623->f80c66c4-8a3d-47db-b3f8-20b0bcb8a3f5@group-7D2873B646E2, cid=3538, SUCCESS, logIndex=5319, commits[f80c66c4-8a3d-47db-b3f8-20b0bcb8a3f5:c5319, 6e9bc0f4-a324-4be3-b201-2d39df7dad8a:c5315, cffe1303-2f93-4087-8a62-a40745db49f2:c5315]
2019-07-10 09:51:10,227 INFO  client.GrpcClientProtocolClient (GrpcClientProtocolClient.java:onNext(255)) - client-7D6108789623->f80c66c4-8a3d-47db-b3f8-20b0bcb8a3f5: receive RaftClientReply:client-7D6108789623->f80c66c4-8a3d-47db-b3f8-20b0bcb8a3f5@group-7D2873B646E2, cid=3539, SUCCESS, logIndex=0, commits[f80c66c4-8a3d-47db-b3f8-20b0bcb8a3f5:c5321, 6e9bc0f4-a324-4be3-b201-2d39df7dad8a:c5317, cffe1303-2f93-4087-8a62-a40745db49f2:c5317]
2019-07-10 09:51:10,243 INFO  segmented.SegmentedRaftLogWorker (SegmentedRaftLogWorker.java:rollLogSegment(385)) - f80c66c4-8a3d-47db-b3f8-20b0bcb8a3f5-SegmentedRaftLogWorker:Storage Directory /tmp/workdir/hadoop-ozone/tools/target/test-dir/MiniOzoneClusterImpl-816424ec-216f-4f9a-8d73-0d7b2a2f98d0/datanode-2/data/ratis/6fb7b334-ccc1-44f5-b91f-7d2873b646e2: Rolling segment log-0_5325 to index:5325
2019-07-10 09:51:10,245 INFO  segmented.SegmentedRaftLogWorker (SegmentedRaftLogWorker.java:rollLogSegment(385)) - cffe1303-2f93-4087-8a62-a40745db49f2-SegmentedRaftLogWorker:Storage Directory /tmp/workdir/hadoop-ozone/tools/target/test-dir/MiniOzoneClusterImpl-816424ec-216f-4f9a-8d73-0d7b2a2f98d0/datanode-1/data/ratis/6fb7b334-ccc1-44f5-b91f-7d2873b646e2: Rolling segment log-0_5325 to index:5325
2019-07-10 09:51:10,245 INFO  segmented.SegmentedRaftLogWorker (SegmentedRaftLogWorker.java:rollLogSegment(385)) - 6e9bc0f4-a324-4be3-b201-2d39df7dad8a-SegmentedRaftLogWorker:Storage Directory /tmp/workdir/hadoop-ozone/tools/target/test-dir/MiniOzoneClusterImpl-816424ec-216f-4f9a-8d73-0d7b2a2f98d0/datanode-4/data/ratis/6fb7b334-ccc1-44f5-b91f-7d2873b646e2: Rolling segment log-0_5325 to index:5325
2019-07-10 09:51:10,245 INFO  segmented.SegmentedRaftLogWorker (SegmentedRaftLogWorker.java:execute(526)) - f80c66c4-8a3d-47db-b3f8-20b0bcb8a3f5-SegmentedRaftLogWorker:Storage Directory /tmp/workdir/hadoop-ozone/tools/target/test-dir/MiniOzoneClusterImpl-816424ec-216f-4f9a-8d73-0d7b2a2f98d0/datanode-2/data/ratis/6fb7b334-ccc1-44f5-b91f-7d2873b646e2: Rolled log segment from /tmp/workdir/hadoop-ozone/tools/target/test-dir/MiniOzoneClusterImpl-816424ec-216f-4f9a-8d73-0d7b2a2f98d0/datanode-2/data/ratis/6fb7b334-ccc1-44f5-b91f-7d2873b646e2/current/log_inprogress_0 to /tmp/workdir/hadoop-ozone/tools/target/test-dir/MiniOzoneClusterImpl-816424ec-216f-4f9a-8d73-0d7b2a2f98d0/datanode-2/data/ratis/6fb7b334-ccc1-44f5-b91f-7d2873b646e2/current/log_0-5325
2019-07-10 09:51:10,245 INFO  client.GrpcClientProtocolClient (GrpcClientProtocolClient.java:onNext(255)) - client-7D6108789623->f80c66c4-8a3d-47db-b3f8-20b0bcb8a3f5: receive RaftClientReply:client-7D6108789623->f80c66c4-8a3d-47db-b3f8-20b0bcb8a3f5@group-7D2873B646E2, cid=3540, SUCCESS, logIndex=5324, commits[f80c66c4-8a3d-47db-b3f8-20b0bcb8a3f5:c5325, 6e9bc0f4-a324-4be3-b201-2d39df7dad8a:c5323, cffe1303-2f93-4087-8a62-a40745db49f2:c5323]
2019-07-10 09:51:10,246 INFO  segmented.SegmentedRaftLogWorker (SegmentedRaftLogWorker.java:execute(526)) - cffe1303-2f93-4087-8a62-a40745db49f2-SegmentedRaftLogWorker:Storage Directory /tmp/workdir/hadoop-ozone/tools/target/test-dir/MiniOzoneClusterImpl-816424ec-216f-4f9a-8d73-0d7b2a2f98d0/datanode-1/data/ratis/6fb7b334-ccc1-44f5-b91f-7d2873b646e2: Rolled log segment from /tmp/workdir/hadoop-ozone/tools/target/test-dir/MiniOzoneClusterImpl-816424ec-216f-4f9a-8d73-0d7b2a2f98d0/datanode-1/data/ratis/6fb7b334-ccc1-44f5-b91f-7d2873b646e2/current/log_inprogress_0 to /tmp/workdir/hadoop-ozone/tools/target/test-dir/MiniOzoneClusterImpl-816424ec-216f-4f9a-8d73-0d7b2a2f98d0/datanode-1/data/ratis/6fb7b334-ccc1-44f5-b91f-7d2873b646e2/current/log_0-5325
 0.00% |█                                                                                                    |  0/1 Time: 0:00:342019-07-10 09:51:10,248 INFO  segmented.SegmentedRaftLogWorker (SegmentedRaftLogWorker.java:execute(526)) - 6e9bc0f4-a324-4be3-b201-2d39df7dad8a-SegmentedRaftLogWorker:Storage Directory /tmp/workdir/hadoop-ozone/tools/target/test-dir/MiniOzoneClusterImpl-816424ec-216f-4f9a-8d73-0d7b2a2f98d0/datanode-4/data/ratis/6fb7b334-ccc1-44f5-b91f-7d2873b646e2: Rolled log segment from /tmp/workdir/hadoop-ozone/tools/target/test-dir/MiniOzoneClusterImpl-816424ec-216f-4f9a-8d73-0d7b2a2f98d0/datanode-4/data/ratis/6fb7b334-ccc1-44f5-b91f-7d2873b646e2/current/log_inprogress_0 to /tmp/workdir/hadoop-ozone/tools/target/test-dir/MiniOzoneClusterImpl-816424ec-216f-4f9a-8d73-0d7b2a2f98d0/datanode-4/data/ratis/6fb7b334-ccc1-44f5-b91f-7d2873b646e2/current/log_0-5325
2019-07-10 09:51:10,248 INFO  client.GrpcClientProtocolClient (GrpcClientProtocolClient.java:onNext(255)) - client-7D6108789623->f80c66c4-8a3d-47db-b3f8-20b0bcb8a3f5: receive RaftClientReply:client-7D6108789623->f80c66c4-8a3d-47db-b3f8-20b0bcb8a3f5@group-7D2873B646E2, cid=3541, SUCCESS, logIndex=5325, commits[f80c66c4-8a3d-47db-b3f8-20b0bcb8a3f5:c5325, 6e9bc0f4-a324-4be3-b201-2d39df7dad8a:c5323, cffe1303-2f93-4087-8a62-a40745db49f2:c5323]
2019-07-10 09:51:10,275 INFO  segmented.SegmentedRaftLogWorker (SegmentedRaftLogWorker.java:execute(569)) - cffe1303-2f93-4087-8a62-a40745db49f2-SegmentedRaftLogWorker:Storage Directory /tmp/workdir/hadoop-ozone/tools/target/test-dir/MiniOzoneClusterImpl-816424ec-216f-4f9a-8d73-0d7b2a2f98d0/datanode-1/data/ratis/6fb7b334-ccc1-44f5-b91f-7d2873b646e2: created new log segment /tmp/workdir/hadoop-ozone/tools/target/test-dir/MiniOzoneClusterImpl-816424ec-216f-4f9a-8d73-0d7b2a2f98d0/datanode-1/data/ratis/6fb7b334-ccc1-44f5-b91f-7d2873b646e2/current/log_inprogress_5326
2019-07-10 09:51:10,275 INFO  segmented.SegmentedRaftLogWorker (SegmentedRaftLogWorker.java:execute(569)) - f80c66c4-8a3d-47db-b3f8-20b0bcb8a3f5-SegmentedRaftLogWorker:Storage Directory /tmp/workdir/hadoop-ozone/tools/target/test-dir/MiniOzoneClusterImpl-816424ec-216f-4f9a-8d73-0d7b2a2f98d0/datanode-2/data/ratis/6fb7b334-ccc1-44f5-b91f-7d2873b646e2: created new log segment /tmp/workdir/hadoop-ozone/tools/target/test-dir/MiniOzoneClusterImpl-816424ec-216f-4f9a-8d73-0d7b2a2f98d0/datanode-2/data/ratis/6fb7b334-ccc1-44f5-b91f-7d2873b646e2/current/log_inprogress_5326
2019-07-10 09:51:10,287 INFO  segmented.SegmentedRaftLogWorker (SegmentedRaftLogWorker.java:execute(569)) - 6e9bc0f4-a324-4be3-b201-2d39df7dad8a-SegmentedRaftLogWorker:Storage Directory /tmp/workdir/hadoop-ozone/tools/target/test-dir/MiniOzoneClusterImpl-816424ec-216f-4f9a-8d73-0d7b2a2f98d0/datanode-4/data/ratis/6fb7b334-ccc1-44f5-b91f-7d2873b646e2: created new log segment /tmp/workdir/hadoop-ozone/tools/target/test-dir/MiniOzoneClusterImpl-816424ec-216f-4f9a-8d73-0d7b2a2f98d0/datanode-4/data/ratis/6fb7b334-ccc1-44f5-b91f-7d2873b646e2/current/log_inprogress_5326
2019-07-10 09:51:10,290 INFO  client.GrpcClientProtocolClient (GrpcClientProtocolClient.java:onNext(255)) - client-7D6108789623->f80c66c4-8a3d-47db-b3f8-20b0bcb8a3f5: receive RaftClientReply:client-7D6108789623->f80c66c4-8a3d-47db-b3f8-20b0bcb8a3f5@group-7D2873B646E2, cid=3542, SUCCESS, logIndex=5328, commits[f80c66c4-8a3d-47db-b3f8-20b0bcb8a3f5:c5329, 6e9bc0f4-a324-4be3-b201-2d39df7dad8a:c5323, cffe1303-2f93-4087-8a62-a40745db49f2:c5325]
2019-07-10 09:51:10,291 INFO  client.GrpcClientProtocolClient (GrpcClientProtocolClient.java:onNext(255)) - client-7D6108789623->f80c66c4-8a3d-47db-b3f8-20b0bcb8a3f5: receive RaftClientReply:client-7D6108789623->f80c66c4-8a3d-47db-b3f8-20b0bcb8a3f5@group-7D2873B646E2, cid=3543, SUCCESS, logIndex=5329, commits[f80c66c4-8a3d-47db-b3f8-20b0bcb8a3f5:c5329, 6e9bc0f4-a324-4be3-b201-2d39df7dad8a:c5323, cffe1303-2f93-4087-8a62-a40745db49f2:c5325]
2019-07-10 09:51:10,298 INFO  client.GrpcClientProtocolClient (GrpcClientProtocolClient.java:onNext(255)) - client-7D6108789623->f80c66c4-8a3d-47db-b3f8-20b0bcb8a3f5: receive RaftClientReply:client-7D6108789623->f80c66c4-8a3d-47db-b3f8-20b0bcb8a3f5@group-7D2873B646E2, cid=3544, SUCCESS, logIndex=0, commits[f80c66c4-8a3d-47db-b3f8-20b0bcb8a3f5:c5329, 6e9bc0f4-a324-4be3-b201-2d39df7dad8a:c5325, cffe1303-2f93-4087-8a62-a40745db49f2:c5325]
2019-07-10 09:51:10,299 INFO  client.GrpcClientProtocolClient (GrpcClientProtocolClient.java:onNext(255)) - client-7D6108789623->f80c66c4-8a3d-47db-b3f8-20b0bcb8a3f5: receive RaftClientReply:client-7D6108789623->f80c66c4-8a3d-47db-b3f8-20b0bcb8a3f5@group-7D2873B646E2, cid=3545, SUCCESS, logIndex=0, commits[f80c66c4-8a3d-47db-b3f8-20b0bcb8a3f5:c5330, 6e9bc0f4-a324-4be3-b201-2d39df7dad8a:c5329, cffe1303-2f93-4087-8a62-a40745db49f2:c5329]
2019-07-10 09:51:10,332 INFO  client.GrpcClientProtocolClient (GrpcClientProtocolClient.java:onNext(255)) - client-7D6108789623->f80c66c4-8a3d-47db-b3f8-20b0bcb8a3f5: receive RaftClientReply:client-7D6108789623->f80c66c4-8a3d-47db-b3f8-20b0bcb8a3f5@group-7D2873B646E2, cid=3546, SUCCESS, logIndex=5331, commits[f80c66c4-8a3d-47db-b3f8-20b0bcb8a3f5:c5332, 6e9bc0f4-a324-4be3-b201-2d39df7dad8a:c5330, cffe1303-2f93-4087-8a62-a40745db49f2:c5330]
2019-07-10 09:51:10,332 INFO  client.GrpcClientProtocolClient (GrpcClientProtocolClient.java:onNext(255)) - client-7D6108789623->f80c66c4-8a3d-47db-b3f8-20b0bcb8a3f5: receive RaftClientReply:client-7D6108789623->f80c66c4-8a3d-47db-b3f8-20b0bcb8a3f5@group-7D2873B646E2, cid=3547, SUCCESS, logIndex=5332, commits[f80c66c4-8a3d-47db-b3f8-20b0bcb8a3f5:c5332, 6e9bc0f4-a324-4be3-b201-2d39df7dad8a:c5330, cffe1303-2f93-4087-8a62-a40745db49f2:c5330]
2019-07-10 09:51:10,334 INFO  client.GrpcClientProtocolClient (GrpcClientProtocolClient.java:onNext(255)) - client-7D6108789623->f80c66c4-8a3d-47db-b3f8-20b0bcb8a3f5: receive RaftClientReply:client-7D6108789623->f80c66c4-8a3d-47db-b3f8-20b0bcb8a3f5@group-7D2873B646E2, cid=3548, SUCCESS, logIndex=5333, commits[f80c66c4-8a3d-47db-b3f8-20b0bcb8a3f5:c5333, 6e9bc0f4-a324-4be3-b201-2d39df7dad8a:c5330, cffe1303-2f93-4087-8a62-a40745db49f2:c5330]
2019-07-10 09:51:10,334 INFO  client.GrpcClientProtocolClient (GrpcClientProtocolClient.java:onNext(255)) - client-7D6108789623->f80c66c4-8a3d-47db-b3f8-20b0bcb8a3f5: receive RaftClientReply:client-7D6108789623->f80c66c4-8a3d-47db-b3f8-20b0bcb8a3f5@group-7D2873B646E2, cid=3549, SUCCESS, logIndex=5334, commits[f80c66c4-8a3d-47db-b3f8-20b0bcb8a3f5:c5334, 6e9bc0f4-a324-4be3-b201-2d39df7dad8a:c5330, cffe1303-2f93-4087-8a62-a40745db49f2:c5330]
2019-07-10 09:51:10,344 INFO  client.GrpcClientProtocolClient (GrpcClientProtocolClient.java:onNext(255)) - client-7D6108789623->f80c66c4-8a3d-47db-b3f8-20b0bcb8a3f5: receive RaftClientReply:client-7D6108789623->f80c66c4-8a3d-47db-b3f8-20b0bcb8a3f5@group-7D2873B646E2, cid=3550, SUCCESS, logIndex=0, commits[f80c66c4-8a3d-47db-b3f8-20b0bcb8a3f5:c5336, 6e9bc0f4-a324-4be3-b201-2d39df7dad8a:c5332, cffe1303-2f93-4087-8a62-a40745db49f2:c5332]
2019-07-10 09:51:10,355 INFO  client.GrpcClientProtocolClient (GrpcClientProtocolClient.java:onNext(255)) - client-7D6108789623->f80c66c4-8a3d-47db-b3f8-20b0bcb8a3f5: receive RaftClientReply:client-7D6108789623->f80c66c4-8a3d-47db-b3f8-20b0bcb8a3f5@group-7D2873B646E2, cid=3551, SUCCESS, logIndex=5339, commits[f80c66c4-8a3d-47db-b3f8-20b0bcb8a3f5:c5340, 6e9bc0f4-a324-4be3-b201-2d39df7dad8a:c5334, cffe1303-2f93-4087-8a62-a40745db49f2:c5336]
2019-07-10 09:51:10,356 INFO  client.GrpcClientProtocolClient (GrpcClientProtocolClient.java:onNext(255)) - client-7D6108789623->f80c66c4-8a3d-47db-b3f8-20b0bcb8a3f5: receive RaftClientReply:client-7D6108789623->f80c66c4-8a3d-47db-b3f8-20b0bcb8a3f5@group-7D2873B646E2, cid=3552, SUCCESS, logIndex=5340, commits[f80c66c4-8a3d-47db-b3f8-20b0bcb8a3f5:c5340, 6e9bc0f4-a324-4be3-b201-2d39df7dad8a:c5336, cffe1303-2f93-4087-8a62-a40745db49f2:c5336]
2019-07-10 09:51:10,373 INFO  client.GrpcClientProtocolClient (GrpcClientProtocolClient.java:onNext(255)) - client-7D6108789623->f80c66c4-8a3d-47db-b3f8-20b0bcb8a3f5: receive RaftClientReply:client-7D6108789623->f80c66c4-8a3d-47db-b3f8-20b0bcb8a3f5@group-7D2873B646E2, cid=3553, SUCCESS, logIndex=5343, commits[f80c66c4-8a3d-47db-b3f8-20b0bcb8a3f5:c5344, 6e9bc0f4-a324-4be3-b201-2d39df7dad8a:c5342, cffe1303-2f93-4087-8a62-a40745db49f2:c5342]
2019-07-10 09:51:10,374 INFO  client.GrpcClientProtocolClient (GrpcClientProtocolClient.java:onNext(255)) - client-7D6108789623->f80c66c4-8a3d-47db-b3f8-20b0bcb8a3f5: receive RaftClientReply:client-7D6108789623->f80c66c4-8a3d-47db-b3f8-20b0bcb8a3f5@group-7D2873B646E2, cid=3554, SUCCESS, logIndex=5344, commits[f80c66c4-8a3d-47db-b3f8-20b0bcb8a3f5:c5344, 6e9bc0f4-a324-4be3-b201-2d39df7dad8a:c5342, cffe1303-2f93-4087-8a62-a40745db49f2:c5342]
2019-07-10 09:51:10,385 INFO  client.GrpcClientProtocolClient (GrpcClientProtocolClient.java:onNext(255)) - client-7D6108789623->f80c66c4-8a3d-47db-b3f8-20b0bcb8a3f5: receive RaftClientReply:client-7D6108789623->f80c66c4-8a3d-47db-b3f8-20b0bcb8a3f5@group-7D2873B646E2, cid=3555, SUCCESS, logIndex=0, commits[f80c66c4-8a3d-47db-b3f8-20b0bcb8a3f5:c5346, 6e9bc0f4-a324-4be3-b201-2d39df7dad8a:c5344, cffe1303-2f93-4087-8a62-a40745db49f2:c5344]
2019-07-10 09:51:10,536 INFO  client.GrpcClientProtocolClient (GrpcClientProtocolClient.java:onNext(255)) - client-7D6108789623->f80c66c4-8a3d-47db-b3f8-20b0bcb8a3f5: receive RaftClientReply:client-7D6108789623->f80c66c4-8a3d-47db-b3f8-20b0bcb8a3f5@group-7D2873B646E2, cid=3556, SUCCESS, logIndex=5347, commits[f80c66c4-8a3d-47db-b3f8-20b0bcb8a3f5:c5350, 6e9bc0f4-a324-4be3-b201-2d39df7dad8a:c5346, cffe1303-2f93-4087-8a62-a40745db49f2:c5346]
2019-07-10 09:51:10,537 INFO  client.GrpcClientProtocolClient (GrpcClientProtocolClient.java:onNext(255)) - client-7D6108789623->f80c66c4-8a3d-47db-b3f8-20b0bcb8a3f5: receive RaftClientReply:client-7D6108789623->f80c66c4-8a3d-47db-b3f8-20b0bcb8a3f5@group-7D2873B646E2, cid=3557, SUCCESS, logIndex=5348, commits[f80c66c4-8a3d-47db-b3f8-20b0bcb8a3f5:c5350, 6e9bc0f4-a324-4be3-b201-2d39df7dad8a:c5346, cffe1303-2f93-4087-8a62-a40745db49f2:c5346]
2019-07-10 09:51:10,537 INFO  client.GrpcClientProtocolClient (GrpcClientProtocolClient.java:onNext(255)) - client-7D6108789623->f80c66c4-8a3d-47db-b3f8-20b0bcb8a3f5: receive RaftClientReply:client-7D6108789623->f80c66c4-8a3d-47db-b3f8-20b0bcb8a3f5@group-7D2873B646E2, cid=3558, SUCCESS, logIndex=5349, commits[f80c66c4-8a3d-47db-b3f8-20b0bcb8a3f5:c5350, 6e9bc0f4-a324-4be3-b201-2d39df7dad8a:c5346, cffe1303-2f93-4087-8a62-a40745db49f2:c5346]
2019-07-10 09:51:10,537 INFO  client.GrpcClientProtocolClient (GrpcClientProtocolClient.java:onNext(255)) - client-7D6108789623->f80c66c4-8a3d-47db-b3f8-20b0bcb8a3f5: receive RaftClientReply:client-7D6108789623->f80c66c4-8a3d-47db-b3f8-20b0bcb8a3f5@group-7D2873B646E2, cid=3559, SUCCESS, logIndex=5350, commits[f80c66c4-8a3d-47db-b3f8-20b0bcb8a3f5:c5350, 6e9bc0f4-a324-4be3-b201-2d39df7dad8a:c5346, cffe1303-2f93-4087-8a62-a40745db49f2:c5346]
2019-07-10 09:51:10,546 INFO  client.GrpcClientProtocolClient (GrpcClientProtocolClient.java:onNext(255)) - client-7D6108789623->f80c66c4-8a3d-47db-b3f8-20b0bcb8a3f5: receive RaftClientReply:client-7D6108789623->f80c66c4-8a3d-47db-b3f8-20b0bcb8a3f5@group-7D2873B646E2, cid=3560, SUCCESS, logIndex=0, commits[f80c66c4-8a3d-47db-b3f8-20b0bcb8a3f5:c5351, 6e9bc0f4-a324-4be3-b201-2d39df7dad8a:c5348, cffe1303-2f93-4087-8a62-a40745db49f2:c5348]
2019-07-10 09:51:10,567 INFO  client.GrpcClientProtocolClient (GrpcClientProtocolClient.java:onNext(255)) - client-7D6108789623->f80c66c4-8a3d-47db-b3f8-20b0bcb8a3f5: receive RaftClientReply:client-7D6108789623->f80c66c4-8a3d-47db-b3f8-20b0bcb8a3f5@group-7D2873B646E2, cid=3561, SUCCESS, logIndex=5355, commits[f80c66c4-8a3d-47db-b3f8-20b0bcb8a3f5:c5356, 6e9bc0f4-a324-4be3-b201-2d39df7dad8a:c5354, cffe1303-2f93-4087-8a62-a40745db49f2:c5354]
2019-07-10 09:51:10,567 INFO  client.GrpcClientProtocolClient (GrpcClientProtocolClient.java:onNext(255)) - client-7D6108789623->f80c66c4-8a3d-47db-b3f8-20b0bcb8a3f5: receive RaftClientReply:client-7D6108789623->f80c66c4-8a3d-47db-b3f8-20b0bcb8a3f5@group-7D2873B646E2, cid=3562, SUCCESS, logIndex=5356, commits[f80c66c4-8a3d-47db-b3f8-20b0bcb8a3f5:c5356, 6e9bc0f4-a324-4be3-b201-2d39df7dad8a:c5354, cffe1303-2f93-4087-8a62-a40745db49f2:c5354]
2019-07-10 09:51:10,588 INFO  client.GrpcClientProtocolClient (GrpcClientProtocolClient.java:onNext(255)) - client-7D6108789623->f80c66c4-8a3d-47db-b3f8-20b0bcb8a3f5: receive RaftClientReply:client-7D6108789623->f80c66c4-8a3d-47db-b3f8-20b0bcb8a3f5@group-7D2873B646E2, cid=3563, SUCCESS, logIndex=5359, commits[f80c66c4-8a3d-47db-b3f8-20b0bcb8a3f5:c5360, 6e9bc0f4-a324-4be3-b201-2d39df7dad8a:c5356, cffe1303-2f93-4087-8a62-a40745db49f2:c5356]
2019-07-10 09:51:10,589 INFO  client.GrpcClientProtocolClient (GrpcClientProtocolClient.java:onNext(255)) - client-7D6108789623->f80c66c4-8a3d-47db-b3f8-20b0bcb8a3f5: receive RaftClientReply:client-7D6108789623->f80c66c4-8a3d-47db-b3f8-20b0bcb8a3f5@group-7D2873B646E2, cid=3564, SUCCESS, logIndex=5360, commits[f80c66c4-8a3d-47db-b3f8-20b0bcb8a3f5:c5360, 6e9bc0f4-a324-4be3-b201-2d39df7dad8a:c5356, cffe1303-2f93-4087-8a62-a40745db49f2:c5356]
2019-07-10 09:51:10,590 INFO  client.GrpcClientProtocolClient (GrpcClientProtocolClient.java:onNext(255)) - client-7D6108789623->f80c66c4-8a3d-47db-b3f8-20b0bcb8a3f5: receive RaftClientReply:client-7D6108789623->f80c66c4-8a3d-47db-b3f8-20b0bcb8a3f5@group-7D2873B646E2, cid=3565, SUCCESS, logIndex=0, commits[f80c66c4-8a3d-47db-b3f8-20b0bcb8a3f5:c5361, 6e9bc0f4-a324-4be3-b201-2d39df7dad8a:c5360, cffe1303-2f93-4087-8a62-a40745db49f2:c5360]
2019-07-10 09:51:10,624 INFO  client.GrpcClientProtocolClient (GrpcClientProtocolClient.java:onNext(255)) - client-7D6108789623->f80c66c4-8a3d-47db-b3f8-20b0bcb8a3f5: receive RaftClientReply:client-7D6108789623->f80c66c4-8a3d-47db-b3f8-20b0bcb8a3f5@group-7D2873B646E2, cid=3566, SUCCESS, logIndex=5363, commits[f80c66c4-8a3d-47db-b3f8-20b0bcb8a3f5:c5364, 6e9bc0f4-a324-4be3-b201-2d39df7dad8a:c5362, cffe1303-2f93-4087-8a62-a40745db49f2:c5362]
2019-07-10 09:51:10,625 INFO  client.GrpcClientProtocolClient (GrpcClientProtocolClient.java:onNext(255)) - client-7D6108789623->f80c66c4-8a3d-47db-b3f8-20b0bcb8a3f5: receive RaftClientReply:client-7D6108789623->f80c66c4-8a3d-47db-b3f8-20b0bcb8a3f5@group-7D2873B646E2, cid=3567, SUCCESS, logIndex=5364, commits[f80c66c4-8a3d-47db-b3f8-20b0bcb8a3f5:c5364, 6e9bc0f4-a324-4be3-b201-2d39df7dad8a:c5362, cffe1303-2f93-4087-8a62-a40745db49f2:c5362]
2019-07-10 09:51:10,625 INFO  client.GrpcClientProtocolClient (GrpcClientProtocolClient.java:onNext(255)) - client-7D6108789623->f80c66c4-8a3d-47db-b3f8-20b0bcb8a3f5: receive RaftClientReply:client-7D6108789623->f80c66c4-8a3d-47db-b3f8-20b0bcb8a3f5@group-7D2873B646E2, cid=3568, SUCCESS, logIndex=5365, commits[f80c66c4-8a3d-47db-b3f8-20b0bcb8a3f5:c5366, 6e9bc0f4-a324-4be3-b201-2d39df7dad8a:c5362, cffe1303-2f93-4087-8a62-a40745db49f2:c5362]
2019-07-10 09:51:10,626 INFO  client.GrpcClientProtocolClient (GrpcClientProtocolClient.java:onNext(255)) - client-7D6108789623->f80c66c4-8a3d-47db-b3f8-20b0bcb8a3f5: receive RaftClientReply:client-7D6108789623->f80c66c4-8a3d-47db-b3f8-20b0bcb8a3f5@group-7D2873B646E2, cid=3569, SUCCESS, logIndex=5366, commits[f80c66c4-8a3d-47db-b3f8-20b0bcb8a3f5:c5366, 6e9bc0f4-a324-4be3-b201-2d39df7dad8a:c5362, cffe1303-2f93-4087-8a62-a40745db49f2:c5362]
2019-07-10 09:51:10,635 INFO  client.GrpcClientProtocolClient (GrpcClientProtocolClient.java:onNext(255)) - client-7D6108789623->f80c66c4-8a3d-47db-b3f8-20b0bcb8a3f5: receive RaftClientReply:client-7D6108789623->f80c66c4-8a3d-47db-b3f8-20b0bcb8a3f5@group-7D2873B646E2, cid=3570, SUCCESS, logIndex=0, commits[f80c66c4-8a3d-47db-b3f8-20b0bcb8a3f5:c5368, 6e9bc0f4-a324-4be3-b201-2d39df7dad8a:c5364, cffe1303-2f93-4087-8a62-a40745db49f2:c5364]
2019-07-10 09:51:10,647 INFO  client.GrpcClientProtocolClient (GrpcClientProtocolClient.java:onNext(255)) - client-7D6108789623->f80c66c4-8a3d-47db-b3f8-20b0bcb8a3f5: receive RaftClientReply:client-7D6108789623->f80c66c4-8a3d-47db-b3f8-20b0bcb8a3f5@group-7D2873B646E2, cid=3571, SUCCESS, logIndex=5371, commits[f80c66c4-8a3d-47db-b3f8-20b0bcb8a3f5:c5372, 6e9bc0f4-a324-4be3-b201-2d39df7dad8a:c5366, cffe1303-2f93-4087-8a62-a40745db49f2:c5368]
2019-07-10 09:51:10,647 INFO  client.GrpcClientProtocolClient (GrpcClientProtocolClient.java:onNext(255)) - client-7D6108789623->f80c66c4-8a3d-47db-b3f8-20b0bcb8a3f5: receive RaftClientReply:client-7D6108789623->f80c66c4-8a3d-47db-b3f8-20b0bcb8a3f5@group-7D2873B646E2, cid=3572, SUCCESS, logIndex=5372, commits[f80c66c4-8a3d-47db-b3f8-20b0bcb8a3f5:c5372, 6e9bc0f4-a324-4be3-b201-2d39df7dad8a:c5368, cffe1303-2f93-4087-8a62-a40745db49f2:c5368]
2019-07-10 09:51:10,661 INFO  client.GrpcClientProtocolClient (GrpcClientProtocolClient.java:onNext(255)) - client-7D6108789623->f80c66c4-8a3d-47db-b3f8-20b0bcb8a3f5: receive RaftClientReply:client-7D6108789623->f80c66c4-8a3d-47db-b3f8-20b0bcb8a3f5@group-7D2873B646E2, cid=3573, SUCCESS, logIndex=5375, commits[f80c66c4-8a3d-47db-b3f8-20b0bcb8a3f5:c5376, 6e9bc0f4-a324-4be3-b201-2d39df7dad8a:c5373, cffe1303-2f93-4087-8a62-a40745db49f2:c5373]
2019-07-10 09:51:10,662 INFO  client.GrpcClientProtocolClient (GrpcClientProtocolClient.java:onNext(255)) - client-7D6108789623->f80c66c4-8a3d-47db-b3f8-20b0bcb8a3f5: receive RaftClientReply:client-7D6108789623->f80c66c4-8a3d-47db-b3f8-20b0bcb8a3f5@group-7D2873B646E2, cid=3574, SUCCESS, logIndex=5376, commits[f80c66c4-8a3d-47db-b3f8-20b0bcb8a3f5:c5376, 6e9bc0f4-a324-4be3-b201-2d39df7dad8a:c5373, cffe1303-2f93-4087-8a62-a40745db49f2:c5373]
2019-07-10 09:51:10,674 INFO  client.GrpcClientProtocolClient (GrpcClientProtocolClient.java:onNext(255)) - client-7D6108789623->f80c66c4-8a3d-47db-b3f8-20b0bcb8a3f5: receive RaftClientReply:client-7D6108789623->f80c66c4-8a3d-47db-b3f8-20b0bcb8a3f5@group-7D2873B646E2, cid=3575, SUCCESS, logIndex=0, commits[f80c66c4-8a3d-47db-b3f8-20b0bcb8a3f5:c5378, 6e9bc0f4-a324-4be3-b201-2d39df7dad8a:c5376, cffe1303-2f93-4087-8a62-a40745db49f2:c5376]
2019-07-10 09:51:10,706 INFO  client.GrpcClientProtocolClient (GrpcClientProtocolClient.java:onNext(255)) - client-7D6108789623->f80c66c4-8a3d-47db-b3f8-20b0bcb8a3f5: receive RaftClientReply:client-7D6108789623->f80c66c4-8a3d-47db-b3f8-20b0bcb8a3f5@group-7D2873B646E2, cid=3576, SUCCESS, logIndex=5379, commits[f80c66c4-8a3d-47db-b3f8-20b0bcb8a3f5:c5380, 6e9bc0f4-a324-4be3-b201-2d39df7dad8a:c5378, cffe1303-2f93-4087-8a62-a40745db49f2:c5378]
2019-07-10 09:51:10,707 INFO  client.GrpcClientProtocolClient (GrpcClientProtocolClient.java:onNext(255)) - client-7D6108789623->f80c66c4-8a3d-47db-b3f8-20b0bcb8a3f5: receive RaftClientReply:client-7D6108789623->f80c66c4-8a3d-47db-b3f8-20b0bcb8a3f5@group-7D2873B646E2, cid=3577, SUCCESS, logIndex=5380, commits[f80c66c4-8a3d-47db-b3f8-20b0bcb8a3f5:c5382, 6e9bc0f4-a324-4be3-b201-2d39df7dad8a:c5378, cffe1303-2f93-4087-8a62-a40745db49f2:c5378]
2019-07-10 09:51:10,707 INFO  client.GrpcClientProtocolClient (GrpcClientProtocolClient.java:onNext(255)) - client-7D6108789623->f80c66c4-8a3d-47db-b3f8-20b0bcb8a3f5: receive RaftClientReply:client-7D6108789623->f80c66c4-8a3d-47db-b3f8-20b0bcb8a3f5@group-7D2873B646E2, cid=3578, SUCCESS, logIndex=5381, commits[f80c66c4-8a3d-47db-b3f8-20b0bcb8a3f5:c5382, 6e9bc0f4-a324-4be3-b201-2d39df7dad8a:c5378, cffe1303-2f93-4087-8a62-a40745db49f2:c5378]
2019-07-10 09:51:10,707 INFO  client.GrpcClientProtocolClient (GrpcClientProtocolClient.java:onNext(255)) - client-7D6108789623->f80c66c4-8a3d-47db-b3f8-20b0bcb8a3f5: receive RaftClientReply:client-7D6108789623->f80c66c4-8a3d-47db-b3f8-20b0bcb8a3f5@group-7D2873B646E2, cid=3579, SUCCESS, logIndex=5382, commits[f80c66c4-8a3d-47db-b3f8-20b0bcb8a3f5:c5382, 6e9bc0f4-a324-4be3-b201-2d39df7dad8a:c5378, cffe1303-2f93-4087-8a62-a40745db49f2:c5378]
2019-07-10 09:51:10,708 INFO  client.GrpcClientProtocolClient (GrpcClientProtocolClient.java:onNext(255)) - client-7D6108789623->f80c66c4-8a3d-47db-b3f8-20b0bcb8a3f5: receive RaftClientReply:client-7D6108789623->f80c66c4-8a3d-47db-b3f8-20b0bcb8a3f5@group-7D2873B646E2, cid=3580, SUCCESS, logIndex=0, commits[f80c66c4-8a3d-47db-b3f8-20b0bcb8a3f5:c5384, 6e9bc0f4-a324-4be3-b201-2d39df7dad8a:c5380, cffe1303-2f93-4087-8a62-a40745db49f2:c5380]
2019-07-10 09:51:10,724 INFO  client.GrpcClientProtocolClient (GrpcClientProtocolClient.java:onNext(255)) - client-7D6108789623->f80c66c4-8a3d-47db-b3f8-20b0bcb8a3f5: receive RaftClientReply:client-7D6108789623->f80c66c4-8a3d-47db-b3f8-20b0bcb8a3f5@group-7D2873B646E2, cid=3581, SUCCESS, logIndex=5387, commits[f80c66c4-8a3d-47db-b3f8-20b0bcb8a3f5:c5387, 6e9bc0f4-a324-4be3-b201-2d39df7dad8a:c5386, cffe1303-2f93-4087-8a62-a40745db49f2:c5386]
2019-07-10 09:51:10,725 INFO  client.GrpcClientProtocolClient (GrpcClientProtocolClient.java:onNext(255)) - client-7D6108789623->f80c66c4-8a3d-47db-b3f8-20b0bcb8a3f5: receive RaftClientReply:client-7D6108789623->f80c66c4-8a3d-47db-b3f8-20b0bcb8a3f5@group-7D2873B646E2, cid=3582, SUCCESS, logIndex=5388, commits[f80c66c4-8a3d-47db-b3f8-20b0bcb8a3f5:c5388, 6e9bc0f4-a324-4be3-b201-2d39df7dad8a:c5386, cffe1303-2f93-4087-8a62-a40745db49f2:c5386]
2019-07-10 09:51:10,736 INFO  client.GrpcClientProtocolClient (GrpcClientProtocolClient.java:onNext(255)) - client-7D6108789623->f80c66c4-8a3d-47db-b3f8-20b0bcb8a3f5: receive RaftClientReply:client-7D6108789623->f80c66c4-8a3d-47db-b3f8-20b0bcb8a3f5@group-7D2873B646E2, cid=3583, SUCCESS, logIndex=5391, commits[f80c66c4-8a3d-47db-b3f8-20b0bcb8a3f5:c5392, 6e9bc0f4-a324-4be3-b201-2d39df7dad8a:c5387, cffe1303-2f93-4087-8a62-a40745db49f2:c5388]
2019-07-10 09:51:10,736 INFO  client.GrpcClientProtocolClient (GrpcClientProtocolClient.java:onNext(255)) - client-7D6108789623->f80c66c4-8a3d-47db-b3f8-20b0bcb8a3f5: receive RaftClientReply:client-7D6108789623->f80c66c4-8a3d-47db-b3f8-20b0bcb8a3f5@group-7D2873B646E2, cid=3584, SUCCESS, logIndex=5392, commits[f80c66c4-8a3d-47db-b3f8-20b0bcb8a3f5:c5392, 6e9bc0f4-a324-4be3-b201-2d39df7dad8a:c5387, cffe1303-2f93-4087-8a62-a40745db49f2:c5388]
2019-07-10 09:51:10,737 INFO  client.GrpcClientProtocolClient (GrpcClientProtocolClient.java:onNext(255)) - client-7D6108789623->f80c66c4-8a3d-47db-b3f8-20b0bcb8a3f5: receive RaftClientReply:client-7D6108789623->f80c66c4-8a3d-47db-b3f8-20b0bcb8a3f5@group-7D2873B646E2, cid=3585, SUCCESS, logIndex=0, commits[f80c66c4-8a3d-47db-b3f8-20b0bcb8a3f5:c5392, 6e9bc0f4-a324-4be3-b201-2d39df7dad8a:c5388, cffe1303-2f93-4087-8a62-a40745db49f2:c5388]
2019-07-10 09:51:10,749 INFO  client.GrpcClientProtocolClient (GrpcClientProtocolClient.java:onNext(255)) - client-7D6108789623->f80c66c4-8a3d-47db-b3f8-20b0bcb8a3f5: receive RaftClientReply:client-7D6108789623->f80c66c4-8a3d-47db-b3f8-20b0bcb8a3f5@group-7D2873B646E2, cid=3586, SUCCESS, logIndex=0, commits[f80c66c4-8a3d-47db-b3f8-20b0bcb8a3f5:c5394, 6e9bc0f4-a324-4be3-b201-2d39df7dad8a:c5392, cffe1303-2f93-4087-8a62-a40745db49f2:c5392]
2019-07-10 09:51:10,783 INFO  client.GrpcClientProtocolClient (GrpcClientProtocolClient.java:onNext(255)) - client-7D6108789623->f80c66c4-8a3d-47db-b3f8-20b0bcb8a3f5: receive RaftClientReply:client-7D6108789623->f80c66c4-8a3d-47db-b3f8-20b0bcb8a3f5@group-7D2873B646E2, cid=3587, SUCCESS, logIndex=5395, commits[f80c66c4-8a3d-47db-b3f8-20b0bcb8a3f5:c5396, 6e9bc0f4-a324-4be3-b201-2d39df7dad8a:c5394, cffe1303-2f93-4087-8a62-a40745db49f2:c5392]
2019-07-10 09:51:10,784 INFO  client.GrpcClientProtocolClient (GrpcClientProtocolClient.java:onNext(255)) - client-7D6108789623->f80c66c4-8a3d-47db-b3f8-20b0bcb8a3f5: receive RaftClientReply:client-7D6108789623->f80c66c4-8a3d-47db-b3f8-20b0bcb8a3f5@group-7D2873B646E2, cid=3588, SUCCESS, logIndex=5396, commits[f80c66c4-8a3d-47db-b3f8-20b0bcb8a3f5:c5398, 6e9bc0f4-a324-4be3-b201-2d39df7dad8a:c5394, cffe1303-2f93-4087-8a62-a40745db49f2:c5394]
2019-07-10 09:51:10,784 INFO  client.GrpcClientProtocolClient (GrpcClientProtocolClient.java:onNext(255)) - client-7D6108789623->f80c66c4-8a3d-47db-b3f8-20b0bcb8a3f5: receive RaftClientReply:client-7D6108789623->f80c66c4-8a3d-47db-b3f8-20b0bcb8a3f5@group-7D2873B646E2, cid=3589, SUCCESS, logIndex=5397, commits[f80c66c4-8a3d-47db-b3f8-20b0bcb8a3f5:c5398, 6e9bc0f4-a324-4be3-b201-2d39df7dad8a:c5394, cffe1303-2f93-4087-8a62-a40745db49f2:c5394]
2019-07-10 09:51:10,785 INFO  client.GrpcClientProtocolClient (GrpcClientProtocolClient.java:onNext(255)) - client-7D6108789623->f80c66c4-8a3d-47db-b3f8-20b0bcb8a3f5: receive RaftClientReply:client-7D6108789623->f80c66c4-8a3d-47db-b3f8-20b0bcb8a3f5@group-7D2873B646E2, cid=3590, SUCCESS, logIndex=5398, commits[f80c66c4-8a3d-47db-b3f8-20b0bcb8a3f5:c5398, 6e9bc0f4-a324-4be3-b201-2d39df7dad8a:c5394, cffe1303-2f93-4087-8a62-a40745db49f2:c5394]
2019-07-10 09:51:10,796 INFO  client.GrpcClientProtocolClient (GrpcClientProtocolClient.java:onNext(255)) - client-7D6108789623->f80c66c4-8a3d-47db-b3f8-20b0bcb8a3f5: receive RaftClientReply:client-7D6108789623->f80c66c4-8a3d-47db-b3f8-20b0bcb8a3f5@group-7D2873B646E2, cid=3591, SUCCESS, logIndex=0, commits[f80c66c4-8a3d-47db-b3f8-20b0bcb8a3f5:c5400, 6e9bc0f4-a324-4be3-b201-2d39df7dad8a:c5396, cffe1303-2f93-4087-8a62-a40745db49f2:c5396]
2019-07-10 09:51:10,815 INFO  client.GrpcClientProtocolClient (GrpcClientProtocolClient.java:onNext(255)) - client-7D6108789623->f80c66c4-8a3d-47db-b3f8-20b0bcb8a3f5: receive RaftClientReply:client-7D6108789623->f80c66c4-8a3d-47db-b3f8-20b0bcb8a3f5@group-7D2873B646E2, cid=3592, SUCCESS, logIndex=5403, commits[f80c66c4-8a3d-47db-b3f8-20b0bcb8a3f5:c5404, 6e9bc0f4-a324-4be3-b201-2d39df7dad8a:c5402, cffe1303-2f93-4087-8a62-a40745db49f2:c5402]
2019-07-10 09:51:10,815 INFO  client.GrpcClientProtocolClient (GrpcClientProtocolClient.java:onNext(255)) - client-7D6108789623->f80c66c4-8a3d-47db-b3f8-20b0bcb8a3f5: receive RaftClientReply:client-7D6108789623->f80c66c4-8a3d-47db-b3f8-20b0bcb8a3f5@group-7D2873B646E2, cid=3593, SUCCESS, logIndex=5404, commits[f80c66c4-8a3d-47db-b3f8-20b0bcb8a3f5:c5404, 6e9bc0f4-a324-4be3-b201-2d39df7dad8a:c5402, cffe1303-2f93-4087-8a62-a40745db49f2:c5402]
2019-07-10 09:51:10,844 INFO  client.GrpcClientProtocolClient (GrpcClientProtocolClient.java:onNext(255)) - client-7D6108789623->f80c66c4-8a3d-47db-b3f8-20b0bcb8a3f5: receive RaftClientReply:client-7D6108789623->f80c66c4-8a3d-47db-b3f8-20b0bcb8a3f5@group-7D2873B646E2, cid=3594, SUCCESS, logIndex=5407, commits[f80c66c4-8a3d-47db-b3f8-20b0bcb8a3f5:c5408, 6e9bc0f4-a324-4be3-b201-2d39df7dad8a:c5404, cffe1303-2f93-4087-8a62-a40745db49f2:c5404]
2019-07-10 09:51:10,845 INFO  client.GrpcClientProtocolClient (GrpcClientProtocolClient.java:onNext(255)) - client-7D6108789623->f80c66c4-8a3d-47db-b3f8-20b0bcb8a3f5: receive RaftClientReply:client-7D6108789623->f80c66c4-8a3d-47db-b3f8-20b0bcb8a3f5@group-7D2873B646E2, cid=3595, SUCCESS, logIndex=5408, commits[f80c66c4-8a3d-47db-b3f8-20b0bcb8a3f5:c5408, 6e9bc0f4-a324-4be3-b201-2d39df7dad8a:c5404, cffe1303-2f93-4087-8a62-a40745db49f2:c5404]
2019-07-10 09:51:10,859 INFO  client.GrpcClientProtocolClient (GrpcClientProtocolClient.java:onNext(255)) - client-7D6108789623->f80c66c4-8a3d-47db-b3f8-20b0bcb8a3f5: receive RaftClientReply:client-7D6108789623->f80c66c4-8a3d-47db-b3f8-20b0bcb8a3f5@group-7D2873B646E2, cid=3596, SUCCESS, logIndex=0, commits[f80c66c4-8a3d-47db-b3f8-20b0bcb8a3f5:c5410, 6e9bc0f4-a324-4be3-b201-2d39df7dad8a:c5408, cffe1303-2f93-4087-8a62-a40745db49f2:c5408]
2019-07-10 09:51:10,889 INFO  client.GrpcClientProtocolClient (GrpcClientProtocolClient.java:onNext(255)) - client-7D6108789623->f80c66c4-8a3d-47db-b3f8-20b0bcb8a3f5: receive RaftClientReply:client-7D6108789623->f80c66c4-8a3d-47db-b3f8-20b0bcb8a3f5@group-7D2873B646E2, cid=3597, SUCCESS, logIndex=5411, commits[f80c66c4-8a3d-47db-b3f8-20b0bcb8a3f5:c5414, 6e9bc0f4-a324-4be3-b201-2d39df7dad8a:c5410, cffe1303-2f93-4087-8a62-a40745db49f2:c5410]
2019-07-10 09:51:10,889 INFO  client.GrpcClientProtocolClient (GrpcClientProtocolClient.java:onNext(255)) - client-7D6108789623->f80c66c4-8a3d-47db-b3f8-20b0bcb8a3f5: receive RaftClientReply:client-7D6108789623->f80c66c4-8a3d-47db-b3f8-20b0bcb8a3f5@group-7D2873B646E2, cid=3598, SUCCESS, logIndex=5412, commits[f80c66c4-8a3d-47db-b3f8-20b0bcb8a3f5:c5414, 6e9bc0f4-a324-4be3-b201-2d39df7dad8a:c5410, cffe1303-2f93-4087-8a62-a40745db49f2:c5410]
2019-07-10 09:51:10,890 INFO  client.GrpcClientProtocolClient (GrpcClientProtocolClient.java:onNext(255)) - client-7D6108789623->f80c66c4-8a3d-47db-b3f8-20b0bcb8a3f5: receive RaftClientReply:client-7D6108789623->f80c66c4-8a3d-47db-b3f8-20b0bcb8a3f5@group-7D2873B646E2, cid=3599, SUCCESS, logIndex=5413, commits[f80c66c4-8a3d-47db-b3f8-20b0bcb8a3f5:c5414, 6e9bc0f4-a324-4be3-b201-2d39df7dad8a:c5410, cffe1303-2f93-4087-8a62-a40745db49f2:c5410]
2019-07-10 09:51:10,890 INFO  client.GrpcClientProtocolClient (GrpcClientProtocolClient.java:onNext(255)) - client-7D6108789623->f80c66c4-8a3d-47db-b3f8-20b0bcb8a3f5: receive RaftClientReply:client-7D6108789623->f80c66c4-8a3d-47db-b3f8-20b0bcb8a3f5@group-7D2873B646E2, cid=3600, SUCCESS, logIndex=5414, commits[f80c66c4-8a3d-47db-b3f8-20b0bcb8a3f5:c5414, 6e9bc0f4-a324-4be3-b201-2d39df7dad8a:c5410, cffe1303-2f93-4087-8a62-a40745db49f2:c5410]
2019-07-10 09:51:10,902 INFO  client.GrpcClientProtocolClient (GrpcClientProtocolClient.java:onNext(255)) - client-7D6108789623->f80c66c4-8a3d-47db-b3f8-20b0bcb8a3f5: receive RaftClientReply:client-7D6108789623->f80c66c4-8a3d-47db-b3f8-20b0bcb8a3f5@group-7D2873B646E2, cid=3601, SUCCESS, logIndex=0, commits[f80c66c4-8a3d-47db-b3f8-20b0bcb8a3f5:c5417, 6e9bc0f4-a324-4be3-b201-2d39df7dad8a:c5413, cffe1303-2f93-4087-8a62-a40745db49f2:c5412]
2019-07-10 09:51:10,921 INFO  client.GrpcClientProtocolClient (GrpcClientProtocolClient.java:onNext(255)) - client-7D6108789623->f80c66c4-8a3d-47db-b3f8-20b0bcb8a3f5: receive RaftClientReply:client-7D6108789623->f80c66c4-8a3d-47db-b3f8-20b0bcb8a3f5@group-7D2873B646E2, cid=3602, SUCCESS, logIndex=5419, commits[f80c66c4-8a3d-47db-b3f8-20b0bcb8a3f5:c5420, 6e9bc0f4-a324-4be3-b201-2d39df7dad8a:c5418, cffe1303-2f93-4087-8a62-a40745db49f2:c5418]
2019-07-10 09:51:10,921 INFO  client.GrpcClientProtocolClient (GrpcClientProtocolClient.java:onNext(255)) - client-7D6108789623->f80c66c4-8a3d-47db-b3f8-20b0bcb8a3f5: receive RaftClientReply:client-7D6108789623->f80c66c4-8a3d-47db-b3f8-20b0bcb8a3f5@group-7D2873B646E2, cid=3603, SUCCESS, logIndex=5420, commits[f80c66c4-8a3d-47db-b3f8-20b0bcb8a3f5:c5420, 6e9bc0f4-a324-4be3-b201-2d39df7dad8a:c5418, cffe1303-2f93-4087-8a62-a40745db49f2:c5418]
2019-07-10 09:51:10,943 INFO  client.GrpcClientProtocolClient (GrpcClientProtocolClient.java:onNext(255)) - client-7D6108789623->f80c66c4-8a3d-47db-b3f8-20b0bcb8a3f5: receive RaftClientReply:client-7D6108789623->f80c66c4-8a3d-47db-b3f8-20b0bcb8a3f5@group-7D2873B646E2, cid=3604, SUCCESS, logIndex=5423, commits[f80c66c4-8a3d-47db-b3f8-20b0bcb8a3f5:c5424, 6e9bc0f4-a324-4be3-b201-2d39df7dad8a:c5420, cffe1303-2f93-4087-8a62-a40745db49f2:c5420]
2019-07-10 09:51:10,943 INFO  client.GrpcClientProtocolClient (GrpcClientProtocolClient.java:onNext(255)) - client-7D6108789623->f80c66c4-8a3d-47db-b3f8-20b0bcb8a3f5: receive RaftClientReply:client-7D6108789623->f80c66c4-8a3d-47db-b3f8-20b0bcb8a3f5@group-7D2873B646E2, cid=3605, SUCCESS, logIndex=5424, commits[f80c66c4-8a3d-47db-b3f8-20b0bcb8a3f5:c5424, 6e9bc0f4-a324-4be3-b201-2d39df7dad8a:c5420, cffe1303-2f93-4087-8a62-a40745db49f2:c5420]
2019-07-10 09:51:10,956 INFO  client.GrpcClientProtocolClient (GrpcClientProtocolClient.java:onNext(255)) - client-7D6108789623->f80c66c4-8a3d-47db-b3f8-20b0bcb8a3f5: receive RaftClientReply:client-7D6108789623->f80c66c4-8a3d-47db-b3f8-20b0bcb8a3f5@group-7D2873B646E2, cid=3606, SUCCESS, logIndex=0, commits[f80c66c4-8a3d-47db-b3f8-20b0bcb8a3f5:c5425, 6e9bc0f4-a324-4be3-b201-2d39df7dad8a:c5424, cffe1303-2f93-4087-8a62-a40745db49f2:c5424]
2019-07-10 09:51:10,990 INFO  client.GrpcClientProtocolClient (GrpcClientProtocolClient.java:onNext(255)) - client-7D6108789623->f80c66c4-8a3d-47db-b3f8-20b0bcb8a3f5: receive RaftClientReply:client-7D6108789623->f80c66c4-8a3d-47db-b3f8-20b0bcb8a3f5@group-7D2873B646E2, cid=3607, SUCCESS, logIndex=5427, commits[f80c66c4-8a3d-47db-b3f8-20b0bcb8a3f5:c5428, 6e9bc0f4-a324-4be3-b201-2d39df7dad8a:c5426, cffe1303-2f93-4087-8a62-a40745db49f2:c5426]
2019-07-10 09:51:10,991 INFO  client.GrpcClientProtocolClient (GrpcClientProtocolClient.java:onNext(255)) - client-7D6108789623->f80c66c4-8a3d-47db-b3f8-20b0bcb8a3f5: receive RaftClientReply:client-7D6108789623->f80c66c4-8a3d-47db-b3f8-20b0bcb8a3f5@group-7D2873B646E2, cid=3608, SUCCESS, logIndex=5428, commits[f80c66c4-8a3d-47db-b3f8-20b0bcb8a3f5:c5430, 6e9bc0f4-a324-4be3-b201-2d39df7dad8a:c5426, cffe1303-2f93-4087-8a62-a40745db49f2:c5426]
2019-07-10 09:51:10,991 INFO  client.GrpcClientProtocolClient (GrpcClientProtocolClient.java:onNext(255)) - client-7D6108789623->f80c66c4-8a3d-47db-b3f8-20b0bcb8a3f5: receive RaftClientReply:client-7D6108789623->f80c66c4-8a3d-47db-b3f8-20b0bcb8a3f5@group-7D2873B646E2, cid=3609, SUCCESS, logIndex=5429, commits[f80c66c4-8a3d-47db-b3f8-20b0bcb8a3f5:c5430, 6e9bc0f4-a324-4be3-b201-2d39df7dad8a:c5426, cffe1303-2f93-4087-8a62-a40745db49f2:c5426]
2019-07-10 09:51:10,991 INFO  client.GrpcClientProtocolClient (GrpcClientProtocolClient.java:onNext(255)) - client-7D6108789623->f80c66c4-8a3d-47db-b3f8-20b0bcb8a3f5: receive RaftClientReply:client-7D6108789623->f80c66c4-8a3d-47db-b3f8-20b0bcb8a3f5@group-7D2873B646E2, cid=3610, SUCCESS, logIndex=5430, commits[f80c66c4-8a3d-47db-b3f8-20b0bcb8a3f5:c5430, 6e9bc0f4-a324-4be3-b201-2d39df7dad8a:c5426, cffe1303-2f93-4087-8a62-a40745db49f2:c5426]
2019-07-10 09:51:10,997 INFO  client.GrpcClientProtocolClient (GrpcClientProtocolClient.java:onNext(255)) - client-7D6108789623->f80c66c4-8a3d-47db-b3f8-20b0bcb8a3f5: receive RaftClientReply:client-7D6108789623->f80c66c4-8a3d-47db-b3f8-20b0bcb8a3f5@group-7D2873B646E2, cid=3611, SUCCESS, logIndex=0, commits[f80c66c4-8a3d-47db-b3f8-20b0bcb8a3f5:c5433, 6e9bc0f4-a324-4be3-b201-2d39df7dad8a:c5428, cffe1303-2f93-4087-8a62-a40745db49f2:c5430]
2019-07-10 09:51:11,011 INFO  client.GrpcClientProtocolClient (GrpcClientProtocolClient.java:onNext(255)) - client-7D6108789623->f80c66c4-8a3d-47db-b3f8-20b0bcb8a3f5: receive RaftClientReply:client-7D6108789623->f80c66c4-8a3d-47db-b3f8-20b0bcb8a3f5@group-7D2873B646E2, cid=3612, SUCCESS, logIndex=5434, commits[f80c66c4-8a3d-47db-b3f8-20b0bcb8a3f5:c5435, 6e9bc0f4-a324-4be3-b201-2d39df7dad8a:c5433, cffe1303-2f93-4087-8a62-a40745db49f2:c5433]
2019-07-10 09:51:11,011 INFO  client.GrpcClientProtocolClient (GrpcClientProtocolClient.java:onNext(255)) - client-7D6108789623->f80c66c4-8a3d-47db-b3f8-20b0bcb8a3f5: receive RaftClientReply:client-7D6108789623->f80c66c4-8a3d-47db-b3f8-20b0bcb8a3f5@group-7D2873B646E2, cid=3613, SUCCESS, logIndex=5435, commits[f80c66c4-8a3d-47db-b3f8-20b0bcb8a3f5:c5435, 6e9bc0f4-a324-4be3-b201-2d39df7dad8a:c5433, cffe1303-2f93-4087-8a62-a40745db49f2:c5433]
2019-07-10 09:51:11,028 INFO  client.GrpcClientProtocolClient (GrpcClientProtocolClient.java:onNext(255)) - client-7D6108789623->f80c66c4-8a3d-47db-b3f8-20b0bcb8a3f5: receive RaftClientReply:client-7D6108789623->f80c66c4-8a3d-47db-b3f8-20b0bcb8a3f5@group-7D2873B646E2, cid=3614, SUCCESS, logIndex=5438, commits[f80c66c4-8a3d-47db-b3f8-20b0bcb8a3f5:c5439, 6e9bc0f4-a324-4be3-b201-2d39df7dad8a:c5437, cffe1303-2f93-4087-8a62-a40745db49f2:c5437]
2019-07-10 09:51:11,028 INFO  client.GrpcClientProtocolClient (GrpcClientProtocolClient.java:onNext(255)) - client-7D6108789623->f80c66c4-8a3d-47db-b3f8-20b0bcb8a3f5: receive RaftClientReply:client-7D6108789623->f80c66c4-8a3d-47db-b3f8-20b0bcb8a3f5@group-7D2873B646E2, cid=3615, SUCCESS, logIndex=5439, commits[f80c66c4-8a3d-47db-b3f8-20b0bcb8a3f5:c5439, 6e9bc0f4-a324-4be3-b201-2d39df7dad8a:c5437, cffe1303-2f93-4087-8a62-a40745db49f2:c5437]
2019-07-10 09:51:11,041 INFO  client.GrpcClientProtocolClient (GrpcClientProtocolClient.java:onNext(255)) - client-7D6108789623->f80c66c4-8a3d-47db-b3f8-20b0bcb8a3f5: receive RaftClientReply:client-7D6108789623->f80c66c4-8a3d-47db-b3f8-20b0bcb8a3f5@group-7D2873B646E2, cid=3616, SUCCESS, logIndex=0, commits[f80c66c4-8a3d-47db-b3f8-20b0bcb8a3f5:c5441, 6e9bc0f4-a324-4be3-b201-2d39df7dad8a:c5439, cffe1303-2f93-4087-8a62-a40745db49f2:c5439]
2019-07-10 09:51:11,071 INFO  client.GrpcClientProtocolClient (GrpcClientProtocolClient.java:onNext(255)) - client-7D6108789623->f80c66c4-8a3d-47db-b3f8-20b0bcb8a3f5: receive RaftClientReply:client-7D6108789623->f80c66c4-8a3d-47db-b3f8-20b0bcb8a3f5@group-7D2873B646E2, cid=3617, SUCCESS, logIndex=5442, commits[f80c66c4-8a3d-47db-b3f8-20b0bcb8a3f5:c5443, 6e9bc0f4-a324-4be3-b201-2d39df7dad8a:c5441, cffe1303-2f93-4087-8a62-a40745db49f2:c5441]
2019-07-10 09:51:11,072 INFO  client.GrpcClientProtocolClient (GrpcClientProtocolClient.java:onNext(255)) - client-7D6108789623->f80c66c4-8a3d-47db-b3f8-20b0bcb8a3f5: receive RaftClientReply:client-7D6108789623->f80c66c4-8a3d-47db-b3f8-20b0bcb8a3f5@group-7D2873B646E2, cid=3618, SUCCESS, logIndex=5443, commits[f80c66c4-8a3d-47db-b3f8-20b0bcb8a3f5:c5444, 6e9bc0f4-a324-4be3-b201-2d39df7dad8a:c5441, cffe1303-2f93-4087-8a62-a40745db49f2:c5441]
2019-07-10 09:51:11,072 INFO  client.GrpcClientProtocolClient (GrpcClientProtocolClient.java:onNext(255)) - client-7D6108789623->f80c66c4-8a3d-47db-b3f8-20b0bcb8a3f5: receive RaftClientReply:client-7D6108789623->f80c66c4-8a3d-47db-b3f8-20b0bcb8a3f5@group-7D2873B646E2, cid=3619, SUCCESS, logIndex=5444, commits[f80c66c4-8a3d-47db-b3f8-20b0bcb8a3f5:c5445, 6e9bc0f4-a324-4be3-b201-2d39df7dad8a:c5441, cffe1303-2f93-4087-8a62-a40745db49f2:c5441]
2019-07-10 09:51:11,073 INFO  client.GrpcClientProtocolClient (GrpcClientProtocolClient.java:onNext(255)) - client-7D6108789623->f80c66c4-8a3d-47db-b3f8-20b0bcb8a3f5: receive RaftClientReply:client-7D6108789623->f80c66c4-8a3d-47db-b3f8-20b0bcb8a3f5@group-7D2873B646E2, cid=3620, SUCCESS, logIndex=5445, commits[f80c66c4-8a3d-47db-b3f8-20b0bcb8a3f5:c5445, 6e9bc0f4-a324-4be3-b201-2d39df7dad8a:c5441, cffe1303-2f93-4087-8a62-a40745db49f2:c5441]
2019-07-10 09:51:11,084 INFO  client.GrpcClientProtocolClient (GrpcClientProtocolClient.java:onNext(255)) - client-7D6108789623->f80c66c4-8a3d-47db-b3f8-20b0bcb8a3f5: receive RaftClientReply:client-7D6108789623->f80c66c4-8a3d-47db-b3f8-20b0bcb8a3f5@group-7D2873B646E2, cid=3621, SUCCESS, logIndex=0, commits[f80c66c4-8a3d-47db-b3f8-20b0bcb8a3f5:c5449, 6e9bc0f4-a324-4be3-b201-2d39df7dad8a:c5445, cffe1303-2f93-4087-8a62-a40745db49f2:c5443]
2019-07-10 09:51:11,102 INFO  client.GrpcClientProtocolClient (GrpcClientProtocolClient.java:onNext(255)) - client-7D6108789623->f80c66c4-8a3d-47db-b3f8-20b0bcb8a3f5: receive RaftClientReply:client-7D6108789623->f80c66c4-8a3d-47db-b3f8-20b0bcb8a3f5@group-7D2873B646E2, cid=3622, SUCCESS, logIndex=5450, commits[f80c66c4-8a3d-47db-b3f8-20b0bcb8a3f5:c5451, 6e9bc0f4-a324-4be3-b201-2d39df7dad8a:c5449, cffe1303-2f93-4087-8a62-a40745db49f2:c5449]
2019-07-10 09:51:11,103 INFO  client.GrpcClientProtocolClient (GrpcClientProtocolClient.java:onNext(255)) - client-7D6108789623->f80c66c4-8a3d-47db-b3f8-20b0bcb8a3f5: receive RaftClientReply:client-7D6108789623->f80c66c4-8a3d-47db-b3f8-20b0bcb8a3f5@group-7D2873B646E2, cid=3623, SUCCESS, logIndex=5451, commits[f80c66c4-8a3d-47db-b3f8-20b0bcb8a3f5:c5451, 6e9bc0f4-a324-4be3-b201-2d39df7dad8a:c5449, cffe1303-2f93-4087-8a62-a40745db49f2:c5449]
2019-07-10 09:51:11,116 INFO  client.GrpcClientProtocolClient (GrpcClientProtocolClient.java:onNext(255)) - client-7D6108789623->f80c66c4-8a3d-47db-b3f8-20b0bcb8a3f5: receive RaftClientReply:client-7D6108789623->f80c66c4-8a3d-47db-b3f8-20b0bcb8a3f5@group-7D2873B646E2, cid=3624, SUCCESS, logIndex=5454, commits[f80c66c4-8a3d-47db-b3f8-20b0bcb8a3f5:c5455, 6e9bc0f4-a324-4be3-b201-2d39df7dad8a:c5451, cffe1303-2f93-4087-8a62-a40745db49f2:c5451]
2019-07-10 09:51:11,117 INFO  client.GrpcClientProtocolClient (GrpcClientProtocolClient.java:onNext(255)) - client-7D6108789623->f80c66c4-8a3d-47db-b3f8-20b0bcb8a3f5: receive RaftClientReply:client-7D6108789623->f80c66c4-8a3d-47db-b3f8-20b0bcb8a3f5@group-7D2873B646E2, cid=3625, SUCCESS, logIndex=5455, commits[f80c66c4-8a3d-47db-b3f8-20b0bcb8a3f5:c5455, 6e9bc0f4-a324-4be3-b201-2d39df7dad8a:c5451, cffe1303-2f93-4087-8a62-a40745db49f2:c5451]
2019-07-10 09:51:11,125 INFO  client.GrpcClientProtocolClient (GrpcClientProtocolClient.java:onNext(255)) - client-7D6108789623->f80c66c4-8a3d-47db-b3f8-20b0bcb8a3f5: receive RaftClientReply:client-7D6108789623->f80c66c4-8a3d-47db-b3f8-20b0bcb8a3f5@group-7D2873B646E2, cid=3626, SUCCESS, logIndex=0, commits[f80c66c4-8a3d-47db-b3f8-20b0bcb8a3f5:c5457, 6e9bc0f4-a324-4be3-b201-2d39df7dad8a:c5455, cffe1303-2f93-4087-8a62-a40745db49f2:c5455]
2019-07-10 09:51:11,153 INFO  client.GrpcClientProtocolClient (GrpcClientProtocolClient.java:onNext(255)) - client-7D6108789623->f80c66c4-8a3d-47db-b3f8-20b0bcb8a3f5: receive RaftClientReply:client-7D6108789623->f80c66c4-8a3d-47db-b3f8-20b0bcb8a3f5@group-7D2873B646E2, cid=3627, SUCCESS, logIndex=5458, commits[f80c66c4-8a3d-47db-b3f8-20b0bcb8a3f5:c5459, 6e9bc0f4-a324-4be3-b201-2d39df7dad8a:c5457, cffe1303-2f93-4087-8a62-a40745db49f2:c5457]
2019-07-10 09:51:11,153 INFO  client.GrpcClientProtocolClient (GrpcClientProtocolClient.java:onNext(255)) - client-7D6108789623->f80c66c4-8a3d-47db-b3f8-20b0bcb8a3f5: receive RaftClientReply:client-7D6108789623->f80c66c4-8a3d-47db-b3f8-20b0bcb8a3f5@group-7D2873B646E2, cid=3628, SUCCESS, logIndex=5459, commits[f80c66c4-8a3d-47db-b3f8-20b0bcb8a3f5:c5459, 6e9bc0f4-a324-4be3-b201-2d39df7dad8a:c5457, cffe1303-2f93-4087-8a62-a40745db49f2:c5457]
2019-07-10 09:51:11,154 INFO  client.GrpcClientProtocolClient (GrpcClientProtocolClient.java:onNext(255)) - client-7D6108789623->f80c66c4-8a3d-47db-b3f8-20b0bcb8a3f5: receive RaftClientReply:client-7D6108789623->f80c66c4-8a3d-47db-b3f8-20b0bcb8a3f5@group-7D2873B646E2, cid=3629, SUCCESS, logIndex=5460, commits[f80c66c4-8a3d-47db-b3f8-20b0bcb8a3f5:c5461, 6e9bc0f4-a324-4be3-b201-2d39df7dad8a:c5457, cffe1303-2f93-4087-8a62-a40745db49f2:c5457]
2019-07-10 09:51:11,154 INFO  client.GrpcClientProtocolClient (GrpcClientProtocolClient.java:onNext(255)) - client-7D6108789623->f80c66c4-8a3d-47db-b3f8-20b0bcb8a3f5: receive RaftClientReply:client-7D6108789623->f80c66c4-8a3d-47db-b3f8-20b0bcb8a3f5@group-7D2873B646E2, cid=3630, SUCCESS, logIndex=5461, commits[f80c66c4-8a3d-47db-b3f8-20b0bcb8a3f5:c5461, 6e9bc0f4-a324-4be3-b201-2d39df7dad8a:c5457, cffe1303-2f93-4087-8a62-a40745db49f2:c5457]
2019-07-10 09:51:11,166 INFO  client.GrpcClientProtocolClient (GrpcClientProtocolClient.java:onNext(255)) - client-7D6108789623->f80c66c4-8a3d-47db-b3f8-20b0bcb8a3f5: receive RaftClientReply:client-7D6108789623->f80c66c4-8a3d-47db-b3f8-20b0bcb8a3f5@group-7D2873B646E2, cid=3631, SUCCESS, logIndex=0, commits[f80c66c4-8a3d-47db-b3f8-20b0bcb8a3f5:c5463, 6e9bc0f4-a324-4be3-b201-2d39df7dad8a:c5459, cffe1303-2f93-4087-8a62-a40745db49f2:c5459]
2019-07-10 09:51:11,184 INFO  client.GrpcClientProtocolClient (GrpcClientProtocolClient.java:onNext(255)) - client-7D6108789623->f80c66c4-8a3d-47db-b3f8-20b0bcb8a3f5: receive RaftClientReply:client-7D6108789623->f80c66c4-8a3d-47db-b3f8-20b0bcb8a3f5@group-7D2873B646E2, cid=3632, SUCCESS, logIndex=5466, commits[f80c66c4-8a3d-47db-b3f8-20b0bcb8a3f5:c5467, 6e9bc0f4-a324-4be3-b201-2d39df7dad8a:c5465, cffe1303-2f93-4087-8a62-a40745db49f2:c5465]
2019-07-10 09:51:11,184 INFO  client.GrpcClientProtocolClient (GrpcClientProtocolClient.java:onNext(255)) - client-7D6108789623->f80c66c4-8a3d-47db-b3f8-20b0bcb8a3f5: receive RaftClientReply:client-7D6108789623->f80c66c4-8a3d-47db-b3f8-20b0bcb8a3f5@group-7D2873B646E2, cid=3633, SUCCESS, logIndex=5467, commits[f80c66c4-8a3d-47db-b3f8-20b0bcb8a3f5:c5467, 6e9bc0f4-a324-4be3-b201-2d39df7dad8a:c5465, cffe1303-2f93-4087-8a62-a40745db49f2:c5465]
2019-07-10 09:51:11,195 INFO  client.GrpcClientProtocolClient (GrpcClientProtocolClient.java:onNext(255)) - client-7D6108789623->f80c66c4-8a3d-47db-b3f8-20b0bcb8a3f5: receive RaftClientReply:client-7D6108789623->f80c66c4-8a3d-47db-b3f8-20b0bcb8a3f5@group-7D2873B646E2, cid=3634, SUCCESS, logIndex=5470, commits[f80c66c4-8a3d-47db-b3f8-20b0bcb8a3f5:c5471, 6e9bc0f4-a324-4be3-b201-2d39df7dad8a:c5467, cffe1303-2f93-4087-8a62-a40745db49f2:c5467]
2019-07-10 09:51:11,196 INFO  client.GrpcClientProtocolClient (GrpcClientProtocolClient.java:onNext(255)) - client-7D6108789623->f80c66c4-8a3d-47db-b3f8-20b0bcb8a3f5: receive RaftClientReply:client-7D6108789623->f80c66c4-8a3d-47db-b3f8-20b0bcb8a3f5@group-7D2873B646E2, cid=3635, SUCCESS, logIndex=5471, commits[f80c66c4-8a3d-47db-b3f8-20b0bcb8a3f5:c5471, 6e9bc0f4-a324-4be3-b201-2d39df7dad8a:c5467, cffe1303-2f93-4087-8a62-a40745db49f2:c5467]
2019-07-10 09:51:11,208 INFO  client.GrpcClientProtocolClient (GrpcClientProtocolClient.java:onNext(255)) - client-7D6108789623->f80c66c4-8a3d-47db-b3f8-20b0bcb8a3f5: receive RaftClientReply:client-7D6108789623->f80c66c4-8a3d-47db-b3f8-20b0bcb8a3f5@group-7D2873B646E2, cid=3636, SUCCESS, logIndex=0, commits[f80c66c4-8a3d-47db-b3f8-20b0bcb8a3f5:c5473, 6e9bc0f4-a324-4be3-b201-2d39df7dad8a:c5471, cffe1303-2f93-4087-8a62-a40745db49f2:c5471]
2019-07-10 09:51:11,241 INFO  client.GrpcClientProtocolClient (GrpcClientProtocolClient.java:onNext(255)) - client-7D6108789623->f80c66c4-8a3d-47db-b3f8-20b0bcb8a3f5: receive RaftClientReply:client-7D6108789623->f80c66c4-8a3d-47db-b3f8-20b0bcb8a3f5@group-7D2873B646E2, cid=3637, SUCCESS, logIndex=5474, commits[f80c66c4-8a3d-47db-b3f8-20b0bcb8a3f5:c5475, 6e9bc0f4-a324-4be3-b201-2d39df7dad8a:c5473, cffe1303-2f93-4087-8a62-a40745db49f2:c5473]
2019-07-10 09:51:11,241 INFO  client.GrpcClientProtocolClient (GrpcClientProtocolClient.java:onNext(255)) - client-7D6108789623->f80c66c4-8a3d-47db-b3f8-20b0bcb8a3f5: receive RaftClientReply:client-7D6108789623->f80c66c4-8a3d-47db-b3f8-20b0bcb8a3f5@group-7D2873B646E2, cid=3638, SUCCESS, logIndex=5475, commits[f80c66c4-8a3d-47db-b3f8-20b0bcb8a3f5:c5476, 6e9bc0f4-a324-4be3-b201-2d39df7dad8a:c5473, cffe1303-2f93-4087-8a62-a40745db49f2:c5473]
2019-07-10 09:51:11,242 INFO  client.GrpcClientProtocolClient (GrpcClientProtocolClient.java:onNext(255)) - client-7D6108789623->f80c66c4-8a3d-47db-b3f8-20b0bcb8a3f5: receive RaftClientReply:client-7D6108789623->f80c66c4-8a3d-47db-b3f8-20b0bcb8a3f5@group-7D2873B646E2, cid=3639, SUCCESS, logIndex=5476, commits[f80c66c4-8a3d-47db-b3f8-20b0bcb8a3f5:c5477, 6e9bc0f4-a324-4be3-b201-2d39df7dad8a:c5473, cffe1303-2f93-4087-8a62-a40745db49f2:c5473]
2019-07-10 09:51:11,242 INFO  client.GrpcClientProtocolClient (GrpcClientProtocolClient.java:onNext(255)) - client-7D6108789623->f80c66c4-8a3d-47db-b3f8-20b0bcb8a3f5: receive RaftClientReply:client-7D6108789623->f80c66c4-8a3d-47db-b3f8-20b0bcb8a3f5@group-7D2873B646E2, cid=3640, SUCCESS, logIndex=5477, commits[f80c66c4-8a3d-47db-b3f8-20b0bcb8a3f5:c5477, 6e9bc0f4-a324-4be3-b201-2d39df7dad8a:c5473, cffe1303-2f93-4087-8a62-a40745db49f2:c5473]
2019-07-10 09:51:11,246 INFO  client.GrpcClientProtocolClient (GrpcClientProtocolClient.java:onNext(255)) - client-7D6108789623->f80c66c4-8a3d-47db-b3f8-20b0bcb8a3f5: receive RaftClientReply:client-7D6108789623->f80c66c4-8a3d-47db-b3f8-20b0bcb8a3f5@group-7D2873B646E2, cid=3641, SUCCESS, logIndex=0, commits[f80c66c4-8a3d-47db-b3f8-20b0bcb8a3f5:c5479, 6e9bc0f4-a324-4be3-b201-2d39df7dad8a:c5475, cffe1303-2f93-4087-8a62-a40745db49f2:c5475]
 0.00% |█                                                                                                    |  0/1 Time: 0:00:352019-07-10 09:51:11,263 INFO  client.GrpcClientProtocolClient (GrpcClientProtocolClient.java:onNext(255)) - client-7D6108789623->f80c66c4-8a3d-47db-b3f8-20b0bcb8a3f5: receive RaftClientReply:client-7D6108789623->f80c66c4-8a3d-47db-b3f8-20b0bcb8a3f5@group-7D2873B646E2, cid=3642, SUCCESS, logIndex=5482, commits[f80c66c4-8a3d-47db-b3f8-20b0bcb8a3f5:c5483, 6e9bc0f4-a324-4be3-b201-2d39df7dad8a:c5481, cffe1303-2f93-4087-8a62-a40745db49f2:c5481]
2019-07-10 09:51:11,263 INFO  client.GrpcClientProtocolClient (GrpcClientProtocolClient.java:onNext(255)) - client-7D6108789623->f80c66c4-8a3d-47db-b3f8-20b0bcb8a3f5: receive RaftClientReply:client-7D6108789623->f80c66c4-8a3d-47db-b3f8-20b0bcb8a3f5@group-7D2873B646E2, cid=3643, SUCCESS, logIndex=5483, commits[f80c66c4-8a3d-47db-b3f8-20b0bcb8a3f5:c5483, 6e9bc0f4-a324-4be3-b201-2d39df7dad8a:c5481, cffe1303-2f93-4087-8a62-a40745db49f2:c5481]
2019-07-10 09:51:11,274 INFO  client.GrpcClientProtocolClient (GrpcClientProtocolClient.java:onNext(255)) - client-7D6108789623->f80c66c4-8a3d-47db-b3f8-20b0bcb8a3f5: receive RaftClientReply:client-7D6108789623->f80c66c4-8a3d-47db-b3f8-20b0bcb8a3f5@group-7D2873B646E2, cid=3644, SUCCESS, logIndex=5486, commits[f80c66c4-8a3d-47db-b3f8-20b0bcb8a3f5:c5487, 6e9bc0f4-a324-4be3-b201-2d39df7dad8a:c5482, cffe1303-2f93-4087-8a62-a40745db49f2:c5483]
2019-07-10 09:51:11,275 INFO  client.GrpcClientProtocolClient (GrpcClientProtocolClient.java:onNext(255)) - client-7D6108789623->f80c66c4-8a3d-47db-b3f8-20b0bcb8a3f5: receive RaftClientReply:client-7D6108789623->f80c66c4-8a3d-47db-b3f8-20b0bcb8a3f5@group-7D2873B646E2, cid=3645, SUCCESS, logIndex=5487, commits[f80c66c4-8a3d-47db-b3f8-20b0bcb8a3f5:c5487, 6e9bc0f4-a324-4be3-b201-2d39df7dad8a:c5483, cffe1303-2f93-4087-8a62-a40745db49f2:c5483]
2019-07-10 09:51:11,382 INFO  client.GrpcClientProtocolClient (GrpcClientProtocolClient.java:onNext(255)) - client-7D6108789623->f80c66c4-8a3d-47db-b3f8-20b0bcb8a3f5: receive RaftClientReply:client-7D6108789623->f80c66c4-8a3d-47db-b3f8-20b0bcb8a3f5@group-7D2873B646E2, cid=3646, SUCCESS, logIndex=0, commits[f80c66c4-8a3d-47db-b3f8-20b0bcb8a3f5:c5489, 6e9bc0f4-a324-4be3-b201-2d39df7dad8a:c5487, cffe1303-2f93-4087-8a62-a40745db49f2:c5487]
2019-07-10 09:51:11,433 INFO  client.GrpcClientProtocolClient (GrpcClientProtocolClient.java:onNext(255)) - client-7D6108789623->f80c66c4-8a3d-47db-b3f8-20b0bcb8a3f5: receive RaftClientReply:client-7D6108789623->f80c66c4-8a3d-47db-b3f8-20b0bcb8a3f5@group-7D2873B646E2, cid=3647, SUCCESS, logIndex=5490, commits[f80c66c4-8a3d-47db-b3f8-20b0bcb8a3f5:c5491, 6e9bc0f4-a324-4be3-b201-2d39df7dad8a:c5489, cffe1303-2f93-4087-8a62-a40745db49f2:c5489]
2019-07-10 09:51:11,434 INFO  client.GrpcClientProtocolClient (GrpcClientProtocolClient.java:onNext(255)) - client-7D6108789623->f80c66c4-8a3d-47db-b3f8-20b0bcb8a3f5: receive RaftClientReply:client-7D6108789623->f80c66c4-8a3d-47db-b3f8-20b0bcb8a3f5@group-7D2873B646E2, cid=3648, SUCCESS, logIndex=5491, commits[f80c66c4-8a3d-47db-b3f8-20b0bcb8a3f5:c5493, 6e9bc0f4-a324-4be3-b201-2d39df7dad8a:c5489, cffe1303-2f93-4087-8a62-a40745db49f2:c5489]
2019-07-10 09:51:11,434 INFO  client.GrpcClientProtocolClient (GrpcClientProtocolClient.java:onNext(255)) - client-7D6108789623->f80c66c4-8a3d-47db-b3f8-20b0bcb8a3f5: receive RaftClientReply:client-7D6108789623->f80c66c4-8a3d-47db-b3f8-20b0bcb8a3f5@group-7D2873B646E2, cid=3649, SUCCESS, logIndex=5492, commits[f80c66c4-8a3d-47db-b3f8-20b0bcb8a3f5:c5493, 6e9bc0f4-a324-4be3-b201-2d39df7dad8a:c5489, cffe1303-2f93-4087-8a62-a40745db49f2:c5489]
2019-07-10 09:51:11,434 INFO  client.GrpcClientProtocolClient (GrpcClientProtocolClient.java:onNext(255)) - client-7D6108789623->f80c66c4-8a3d-47db-b3f8-20b0bcb8a3f5: receive RaftClientReply:client-7D6108789623->f80c66c4-8a3d-47db-b3f8-20b0bcb8a3f5@group-7D2873B646E2, cid=3650, SUCCESS, logIndex=5493, commits[f80c66c4-8a3d-47db-b3f8-20b0bcb8a3f5:c5493, 6e9bc0f4-a324-4be3-b201-2d39df7dad8a:c5489, cffe1303-2f93-4087-8a62-a40745db49f2:c5489]
2019-07-10 09:51:11,462 INFO  client.GrpcClientProtocolClient (GrpcClientProtocolClient.java:onNext(255)) - client-7D6108789623->f80c66c4-8a3d-47db-b3f8-20b0bcb8a3f5: receive RaftClientReply:client-7D6108789623->f80c66c4-8a3d-47db-b3f8-20b0bcb8a3f5@group-7D2873B646E2, cid=3651, SUCCESS, logIndex=0, commits[f80c66c4-8a3d-47db-b3f8-20b0bcb8a3f5:c5495, 6e9bc0f4-a324-4be3-b201-2d39df7dad8a:c5491, cffe1303-2f93-4087-8a62-a40745db49f2:c5491]
2019-07-10 09:51:11,484 INFO  client.GrpcClientProtocolClient (GrpcClientProtocolClient.java:onNext(255)) - client-7D6108789623->f80c66c4-8a3d-47db-b3f8-20b0bcb8a3f5: receive RaftClientReply:client-7D6108789623->f80c66c4-8a3d-47db-b3f8-20b0bcb8a3f5@group-7D2873B646E2, cid=3652, SUCCESS, logIndex=5497, commits[f80c66c4-8a3d-47db-b3f8-20b0bcb8a3f5:c5498, 6e9bc0f4-a324-4be3-b201-2d39df7dad8a:c5496, cffe1303-2f93-4087-8a62-a40745db49f2:c5496]
2019-07-10 09:51:11,484 INFO  client.GrpcClientProtocolClient (GrpcClientProtocolClient.java:onNext(255)) - client-7D6108789623->f80c66c4-8a3d-47db-b3f8-20b0bcb8a3f5: receive RaftClientReply:client-7D6108789623->f80c66c4-8a3d-47db-b3f8-20b0bcb8a3f5@group-7D2873B646E2, cid=3653, SUCCESS, logIndex=5498, commits[f80c66c4-8a3d-47db-b3f8-20b0bcb8a3f5:c5498, 6e9bc0f4-a324-4be3-b201-2d39df7dad8a:c5496, cffe1303-2f93-4087-8a62-a40745db49f2:c5496]
2019-07-10 09:51:11,504 INFO  client.GrpcClientProtocolClient (GrpcClientProtocolClient.java:onNext(255)) - client-7D6108789623->f80c66c4-8a3d-47db-b3f8-20b0bcb8a3f5: receive RaftClientReply:client-7D6108789623->f80c66c4-8a3d-47db-b3f8-20b0bcb8a3f5@group-7D2873B646E2, cid=3654, SUCCESS, logIndex=5501, commits[f80c66c4-8a3d-47db-b3f8-20b0bcb8a3f5:c5502, 6e9bc0f4-a324-4be3-b201-2d39df7dad8a:c5498, cffe1303-2f93-4087-8a62-a40745db49f2:c5498]
2019-07-10 09:51:11,504 INFO  client.GrpcClientProtocolClient (GrpcClientProtocolClient.java:onNext(255)) - client-7D6108789623->f80c66c4-8a3d-47db-b3f8-20b0bcb8a3f5: receive RaftClientReply:client-7D6108789623->f80c66c4-8a3d-47db-b3f8-20b0bcb8a3f5@group-7D2873B646E2, cid=3655, SUCCESS, logIndex=5502, commits[f80c66c4-8a3d-47db-b3f8-20b0bcb8a3f5:c5502, 6e9bc0f4-a324-4be3-b201-2d39df7dad8a:c5498, cffe1303-2f93-4087-8a62-a40745db49f2:c5498]
2019-07-10 09:51:11,505 INFO  client.GrpcClientProtocolClient (GrpcClientProtocolClient.java:onNext(255)) - client-7D6108789623->f80c66c4-8a3d-47db-b3f8-20b0bcb8a3f5: receive RaftClientReply:client-7D6108789623->f80c66c4-8a3d-47db-b3f8-20b0bcb8a3f5@group-7D2873B646E2, cid=3656, SUCCESS, logIndex=0, commits[f80c66c4-8a3d-47db-b3f8-20b0bcb8a3f5:c5503, 6e9bc0f4-a324-4be3-b201-2d39df7dad8a:c5502, cffe1303-2f93-4087-8a62-a40745db49f2:c5502]
2019-07-10 09:51:11,537 INFO  client.GrpcClientProtocolClient (GrpcClientProtocolClient.java:onNext(255)) - client-7D6108789623->f80c66c4-8a3d-47db-b3f8-20b0bcb8a3f5: receive RaftClientReply:client-7D6108789623->f80c66c4-8a3d-47db-b3f8-20b0bcb8a3f5@group-7D2873B646E2, cid=3657, SUCCESS, logIndex=5505, commits[f80c66c4-8a3d-47db-b3f8-20b0bcb8a3f5:c5506, 6e9bc0f4-a324-4be3-b201-2d39df7dad8a:c5504, cffe1303-2f93-4087-8a62-a40745db49f2:c5504]
2019-07-10 09:51:11,538 INFO  client.GrpcClientProtocolClient (GrpcClientProtocolClient.java:onNext(255)) - client-7D6108789623->f80c66c4-8a3d-47db-b3f8-20b0bcb8a3f5: receive RaftClientReply:client-7D6108789623->f80c66c4-8a3d-47db-b3f8-20b0bcb8a3f5@group-7D2873B646E2, cid=3658, SUCCESS, logIndex=5506, commits[f80c66c4-8a3d-47db-b3f8-20b0bcb8a3f5:c5506, 6e9bc0f4-a324-4be3-b201-2d39df7dad8a:c5504, cffe1303-2f93-4087-8a62-a40745db49f2:c5504]
2019-07-10 09:51:11,538 INFO  client.GrpcClientProtocolClient (GrpcClientProtocolClient.java:onNext(255)) - client-7D6108789623->f80c66c4-8a3d-47db-b3f8-20b0bcb8a3f5: receive RaftClientReply:client-7D6108789623->f80c66c4-8a3d-47db-b3f8-20b0bcb8a3f5@group-7D2873B646E2, cid=3659, SUCCESS, logIndex=5507, commits[f80c66c4-8a3d-47db-b3f8-20b0bcb8a3f5:c5508, 6e9bc0f4-a324-4be3-b201-2d39df7dad8a:c5504, cffe1303-2f93-4087-8a62-a40745db49f2:c5504]
2019-07-10 09:51:11,538 INFO  client.GrpcClientProtocolClient (GrpcClientProtocolClient.java:onNext(255)) - client-7D6108789623->f80c66c4-8a3d-47db-b3f8-20b0bcb8a3f5: receive RaftClientReply:client-7D6108789623->f80c66c4-8a3d-47db-b3f8-20b0bcb8a3f5@group-7D2873B646E2, cid=3660, SUCCESS, logIndex=5508, commits[f80c66c4-8a3d-47db-b3f8-20b0bcb8a3f5:c5508, 6e9bc0f4-a324-4be3-b201-2d39df7dad8a:c5504, cffe1303-2f93-4087-8a62-a40745db49f2:c5504]
2019-07-10 09:51:11,552 INFO  client.GrpcClientProtocolClient (GrpcClientProtocolClient.java:onNext(255)) - client-7D6108789623->f80c66c4-8a3d-47db-b3f8-20b0bcb8a3f5: receive RaftClientReply:client-7D6108789623->f80c66c4-8a3d-47db-b3f8-20b0bcb8a3f5@group-7D2873B646E2, cid=3661, SUCCESS, logIndex=0, commits[f80c66c4-8a3d-47db-b3f8-20b0bcb8a3f5:c5511, 6e9bc0f4-a324-4be3-b201-2d39df7dad8a:c5507, cffe1303-2f93-4087-8a62-a40745db49f2:c5506]
2019-07-10 09:51:11,571 INFO  client.GrpcClientProtocolClient (GrpcClientProtocolClient.java:onNext(255)) - client-7D6108789623->f80c66c4-8a3d-47db-b3f8-20b0bcb8a3f5: receive RaftClientReply:client-7D6108789623->f80c66c4-8a3d-47db-b3f8-20b0bcb8a3f5@group-7D2873B646E2, cid=3662, SUCCESS, logIndex=5513, commits[f80c66c4-8a3d-47db-b3f8-20b0bcb8a3f5:c5514, 6e9bc0f4-a324-4be3-b201-2d39df7dad8a:c5512, cffe1303-2f93-4087-8a62-a40745db49f2:c5512]
2019-07-10 09:51:11,572 INFO  client.GrpcClientProtocolClient (GrpcClientProtocolClient.java:onNext(255)) - client-7D6108789623->f80c66c4-8a3d-47db-b3f8-20b0bcb8a3f5: receive RaftClientReply:client-7D6108789623->f80c66c4-8a3d-47db-b3f8-20b0bcb8a3f5@group-7D2873B646E2, cid=3663, SUCCESS, logIndex=5514, commits[f80c66c4-8a3d-47db-b3f8-20b0bcb8a3f5:c5514, 6e9bc0f4-a324-4be3-b201-2d39df7dad8a:c5512, cffe1303-2f93-4087-8a62-a40745db49f2:c5512]
2019-07-10 09:51:11,592 INFO  client.GrpcClientProtocolClient (GrpcClientProtocolClient.java:onNext(255)) - client-7D6108789623->f80c66c4-8a3d-47db-b3f8-20b0bcb8a3f5: receive RaftClientReply:client-7D6108789623->f80c66c4-8a3d-47db-b3f8-20b0bcb8a3f5@group-7D2873B646E2, cid=3664, SUCCESS, logIndex=5517, commits[f80c66c4-8a3d-47db-b3f8-20b0bcb8a3f5:c5518, 6e9bc0f4-a324-4be3-b201-2d39df7dad8a:c5514, cffe1303-2f93-4087-8a62-a40745db49f2:c5514]
2019-07-10 09:51:11,592 INFO  client.GrpcClientProtocolClient (GrpcClientProtocolClient.java:onNext(255)) - client-7D6108789623->f80c66c4-8a3d-47db-b3f8-20b0bcb8a3f5: receive RaftClientReply:client-7D6108789623->f80c66c4-8a3d-47db-b3f8-20b0bcb8a3f5@group-7D2873B646E2, cid=3665, SUCCESS, logIndex=5518, commits[f80c66c4-8a3d-47db-b3f8-20b0bcb8a3f5:c5518, 6e9bc0f4-a324-4be3-b201-2d39df7dad8a:c5514, cffe1303-2f93-4087-8a62-a40745db49f2:c5514]
2019-07-10 09:51:11,602 INFO  client.GrpcClientProtocolClient (GrpcClientProtocolClient.java:onNext(255)) - client-7D6108789623->f80c66c4-8a3d-47db-b3f8-20b0bcb8a3f5: receive RaftClientReply:client-7D6108789623->f80c66c4-8a3d-47db-b3f8-20b0bcb8a3f5@group-7D2873B646E2, cid=3666, SUCCESS, logIndex=0, commits[f80c66c4-8a3d-47db-b3f8-20b0bcb8a3f5:c5519, 6e9bc0f4-a324-4be3-b201-2d39df7dad8a:c5518, cffe1303-2f93-4087-8a62-a40745db49f2:c5518]
2019-07-10 09:51:11,673 INFO  client.GrpcClientProtocolClient (GrpcClientProtocolClient.java:onNext(255)) - client-7D6108789623->f80c66c4-8a3d-47db-b3f8-20b0bcb8a3f5: receive RaftClientReply:client-7D6108789623->f80c66c4-8a3d-47db-b3f8-20b0bcb8a3f5@group-7D2873B646E2, cid=3667, SUCCESS, logIndex=5521, commits[f80c66c4-8a3d-47db-b3f8-20b0bcb8a3f5:c5522, 6e9bc0f4-a324-4be3-b201-2d39df7dad8a:c5520, cffe1303-2f93-4087-8a62-a40745db49f2:c5520]
2019-07-10 09:51:11,673 INFO  client.GrpcClientProtocolClient (GrpcClientProtocolClient.java:onNext(255)) - client-7D6108789623->f80c66c4-8a3d-47db-b3f8-20b0bcb8a3f5: receive RaftClientReply:client-7D6108789623->f80c66c4-8a3d-47db-b3f8-20b0bcb8a3f5@group-7D2873B646E2, cid=3668, SUCCESS, logIndex=5522, commits[f80c66c4-8a3d-47db-b3f8-20b0bcb8a3f5:c5524, 6e9bc0f4-a324-4be3-b201-2d39df7dad8a:c5520, cffe1303-2f93-4087-8a62-a40745db49f2:c5520]
2019-07-10 09:51:11,673 INFO  client.GrpcClientProtocolClient (GrpcClientProtocolClient.java:onNext(255)) - client-7D6108789623->f80c66c4-8a3d-47db-b3f8-20b0bcb8a3f5: receive RaftClientReply:client-7D6108789623->f80c66c4-8a3d-47db-b3f8-20b0bcb8a3f5@group-7D2873B646E2, cid=3669, SUCCESS, logIndex=5523, commits[f80c66c4-8a3d-47db-b3f8-20b0bcb8a3f5:c5524, 6e9bc0f4-a324-4be3-b201-2d39df7dad8a:c5520, cffe1303-2f93-4087-8a62-a40745db49f2:c5520]
2019-07-10 09:51:11,674 INFO  client.GrpcClientProtocolClient (GrpcClientProtocolClient.java:onNext(255)) - client-7D6108789623->f80c66c4-8a3d-47db-b3f8-20b0bcb8a3f5: receive RaftClientReply:client-7D6108789623->f80c66c4-8a3d-47db-b3f8-20b0bcb8a3f5@group-7D2873B646E2, cid=3670, SUCCESS, logIndex=5524, commits[f80c66c4-8a3d-47db-b3f8-20b0bcb8a3f5:c5524, 6e9bc0f4-a324-4be3-b201-2d39df7dad8a:c5520, cffe1303-2f93-4087-8a62-a40745db49f2:c5520]
2019-07-10 09:51:11,685 INFO  client.GrpcClientProtocolClient (GrpcClientProtocolClient.java:onNext(255)) - client-7D6108789623->f80c66c4-8a3d-47db-b3f8-20b0bcb8a3f5: receive RaftClientReply:client-7D6108789623->f80c66c4-8a3d-47db-b3f8-20b0bcb8a3f5@group-7D2873B646E2, cid=3671, SUCCESS, logIndex=0, commits[f80c66c4-8a3d-47db-b3f8-20b0bcb8a3f5:c5527, 6e9bc0f4-a324-4be3-b201-2d39df7dad8a:c5522, cffe1303-2f93-4087-8a62-a40745db49f2:c5524]
2019-07-10 09:51:11,703 INFO  client.GrpcClientProtocolClient (GrpcClientProtocolClient.java:onNext(255)) - client-7D6108789623->f80c66c4-8a3d-47db-b3f8-20b0bcb8a3f5: receive RaftClientReply:client-7D6108789623->f80c66c4-8a3d-47db-b3f8-20b0bcb8a3f5@group-7D2873B646E2, cid=3672, SUCCESS, logIndex=5528, commits[f80c66c4-8a3d-47db-b3f8-20b0bcb8a3f5:c5529, 6e9bc0f4-a324-4be3-b201-2d39df7dad8a:c5527, cffe1303-2f93-4087-8a62-a40745db49f2:c5527]
2019-07-10 09:51:11,703 INFO  client.GrpcClientProtocolClient (GrpcClientProtocolClient.java:onNext(255)) - client-7D6108789623->f80c66c4-8a3d-47db-b3f8-20b0bcb8a3f5: receive RaftClientReply:client-7D6108789623->f80c66c4-8a3d-47db-b3f8-20b0bcb8a3f5@group-7D2873B646E2, cid=3673, SUCCESS, logIndex=5529, commits[f80c66c4-8a3d-47db-b3f8-20b0bcb8a3f5:c5529, 6e9bc0f4-a324-4be3-b201-2d39df7dad8a:c5527, cffe1303-2f93-4087-8a62-a40745db49f2:c5527]
2019-07-10 09:51:11,717 INFO  client.GrpcClientProtocolClient (GrpcClientProtocolClient.java:onNext(255)) - client-7D6108789623->f80c66c4-8a3d-47db-b3f8-20b0bcb8a3f5: receive RaftClientReply:client-7D6108789623->f80c66c4-8a3d-47db-b3f8-20b0bcb8a3f5@group-7D2873B646E2, cid=3674, SUCCESS, logIndex=5532, commits[f80c66c4-8a3d-47db-b3f8-20b0bcb8a3f5:c5533, 6e9bc0f4-a324-4be3-b201-2d39df7dad8a:c5528, cffe1303-2f93-4087-8a62-a40745db49f2:c5529]
2019-07-10 09:51:11,717 INFO  client.GrpcClientProtocolClient (GrpcClientProtocolClient.java:onNext(255)) - client-7D6108789623->f80c66c4-8a3d-47db-b3f8-20b0bcb8a3f5: receive RaftClientReply:client-7D6108789623->f80c66c4-8a3d-47db-b3f8-20b0bcb8a3f5@group-7D2873B646E2, cid=3675, SUCCESS, logIndex=5533, commits[f80c66c4-8a3d-47db-b3f8-20b0bcb8a3f5:c5533, 6e9bc0f4-a324-4be3-b201-2d39df7dad8a:c5529, cffe1303-2f93-4087-8a62-a40745db49f2:c5529]
2019-07-10 09:51:11,727 INFO  client.GrpcClientProtocolClient (GrpcClientProtocolClient.java:onNext(255)) - client-7D6108789623->f80c66c4-8a3d-47db-b3f8-20b0bcb8a3f5: receive RaftClientReply:client-7D6108789623->f80c66c4-8a3d-47db-b3f8-20b0bcb8a3f5@group-7D2873B646E2, cid=3676, SUCCESS, logIndex=0, commits[f80c66c4-8a3d-47db-b3f8-20b0bcb8a3f5:c5534, 6e9bc0f4-a324-4be3-b201-2d39df7dad8a:c5533, cffe1303-2f93-4087-8a62-a40745db49f2:c5533]
2019-07-10 09:51:11,754 INFO  client.GrpcClientProtocolClient (GrpcClientProtocolClient.java:onNext(255)) - client-7D6108789623->f80c66c4-8a3d-47db-b3f8-20b0bcb8a3f5: receive RaftClientReply:client-7D6108789623->f80c66c4-8a3d-47db-b3f8-20b0bcb8a3f5@group-7D2873B646E2, cid=3677, SUCCESS, logIndex=5536, commits[f80c66c4-8a3d-47db-b3f8-20b0bcb8a3f5:c5538, 6e9bc0f4-a324-4be3-b201-2d39df7dad8a:c5535, cffe1303-2f93-4087-8a62-a40745db49f2:c5535]
2019-07-10 09:51:11,754 INFO  client.GrpcClientProtocolClient (GrpcClientProtocolClient.java:onNext(255)) - client-7D6108789623->f80c66c4-8a3d-47db-b3f8-20b0bcb8a3f5: receive RaftClientReply:client-7D6108789623->f80c66c4-8a3d-47db-b3f8-20b0bcb8a3f5@group-7D2873B646E2, cid=3678, SUCCESS, logIndex=5537, commits[f80c66c4-8a3d-47db-b3f8-20b0bcb8a3f5:c5539, 6e9bc0f4-a324-4be3-b201-2d39df7dad8a:c5535, cffe1303-2f93-4087-8a62-a40745db49f2:c5535]
2019-07-10 09:51:11,755 INFO  client.GrpcClientProtocolClient (GrpcClientProtocolClient.java:onNext(255)) - client-7D6108789623->f80c66c4-8a3d-47db-b3f8-20b0bcb8a3f5: receive RaftClientReply:client-7D6108789623->f80c66c4-8a3d-47db-b3f8-20b0bcb8a3f5@group-7D2873B646E2, cid=3679, SUCCESS, logIndex=5538, commits[f80c66c4-8a3d-47db-b3f8-20b0bcb8a3f5:c5539, 6e9bc0f4-a324-4be3-b201-2d39df7dad8a:c5535, cffe1303-2f93-4087-8a62-a40745db49f2:c5535]
2019-07-10 09:51:11,755 INFO  client.GrpcClientProtocolClient (GrpcClientProtocolClient.java:onNext(255)) - client-7D6108789623->f80c66c4-8a3d-47db-b3f8-20b0bcb8a3f5: receive RaftClientReply:client-7D6108789623->f80c66c4-8a3d-47db-b3f8-20b0bcb8a3f5@group-7D2873B646E2, cid=3680, SUCCESS, logIndex=5539, commits[f80c66c4-8a3d-47db-b3f8-20b0bcb8a3f5:c5539, 6e9bc0f4-a324-4be3-b201-2d39df7dad8a:c5535, cffe1303-2f93-4087-8a62-a40745db49f2:c5535]
2019-07-10 09:51:11,766 INFO  client.GrpcClientProtocolClient (GrpcClientProtocolClient.java:onNext(255)) - client-7D6108789623->f80c66c4-8a3d-47db-b3f8-20b0bcb8a3f5: receive RaftClientReply:client-7D6108789623->f80c66c4-8a3d-47db-b3f8-20b0bcb8a3f5@group-7D2873B646E2, cid=3681, SUCCESS, logIndex=0, commits[f80c66c4-8a3d-47db-b3f8-20b0bcb8a3f5:c5541, 6e9bc0f4-a324-4be3-b201-2d39df7dad8a:c5538, cffe1303-2f93-4087-8a62-a40745db49f2:c5538]
2019-07-10 09:51:11,783 INFO  client.GrpcClientProtocolClient (GrpcClientProtocolClient.java:onNext(255)) - client-7D6108789623->f80c66c4-8a3d-47db-b3f8-20b0bcb8a3f5: receive RaftClientReply:client-7D6108789623->f80c66c4-8a3d-47db-b3f8-20b0bcb8a3f5@group-7D2873B646E2, cid=3682, SUCCESS, logIndex=5544, commits[f80c66c4-8a3d-47db-b3f8-20b0bcb8a3f5:c5545, 6e9bc0f4-a324-4be3-b201-2d39df7dad8a:c5543, cffe1303-2f93-4087-8a62-a40745db49f2:c5543]
2019-07-10 09:51:11,784 INFO  client.GrpcClientProtocolClient (GrpcClientProtocolClient.java:onNext(255)) - client-7D6108789623->f80c66c4-8a3d-47db-b3f8-20b0bcb8a3f5: receive RaftClientReply:client-7D6108789623->f80c66c4-8a3d-47db-b3f8-20b0bcb8a3f5@group-7D2873B646E2, cid=3683, SUCCESS, logIndex=5545, commits[f80c66c4-8a3d-47db-b3f8-20b0bcb8a3f5:c5545, 6e9bc0f4-a324-4be3-b201-2d39df7dad8a:c5543, cffe1303-2f93-4087-8a62-a40745db49f2:c5543]
2019-07-10 09:51:11,795 INFO  client.GrpcClientProtocolClient (GrpcClientProtocolClient.java:onNext(255)) - client-7D6108789623->f80c66c4-8a3d-47db-b3f8-20b0bcb8a3f5: receive RaftClientReply:client-7D6108789623->f80c66c4-8a3d-47db-b3f8-20b0bcb8a3f5@group-7D2873B646E2, cid=3684, SUCCESS, logIndex=5548, commits[f80c66c4-8a3d-47db-b3f8-20b0bcb8a3f5:c5549, 6e9bc0f4-a324-4be3-b201-2d39df7dad8a:c5544, cffe1303-2f93-4087-8a62-a40745db49f2:c5545]
2019-07-10 09:51:11,795 INFO  client.GrpcClientProtocolClient (GrpcClientProtocolClient.java:onNext(255)) - client-7D6108789623->f80c66c4-8a3d-47db-b3f8-20b0bcb8a3f5: receive RaftClientReply:client-7D6108789623->f80c66c4-8a3d-47db-b3f8-20b0bcb8a3f5@group-7D2873B646E2, cid=3685, SUCCESS, logIndex=5549, commits[f80c66c4-8a3d-47db-b3f8-20b0bcb8a3f5:c5549, 6e9bc0f4-a324-4be3-b201-2d39df7dad8a:c5544, cffe1303-2f93-4087-8a62-a40745db49f2:c5545]
2019-07-10 09:51:11,796 INFO  client.GrpcClientProtocolClient (GrpcClientProtocolClient.java:onNext(255)) - client-7D6108789623->f80c66c4-8a3d-47db-b3f8-20b0bcb8a3f5: receive RaftClientReply:client-7D6108789623->f80c66c4-8a3d-47db-b3f8-20b0bcb8a3f5@group-7D2873B646E2, cid=3686, SUCCESS, logIndex=0, commits[f80c66c4-8a3d-47db-b3f8-20b0bcb8a3f5:c5549, 6e9bc0f4-a324-4be3-b201-2d39df7dad8a:c5545, cffe1303-2f93-4087-8a62-a40745db49f2:c5545]
2019-07-10 09:51:11,799 INFO  client.GrpcClientProtocolClient (GrpcClientProtocolClient.java:onNext(255)) - client-7D6108789623->f80c66c4-8a3d-47db-b3f8-20b0bcb8a3f5: receive RaftClientReply:client-7D6108789623->f80c66c4-8a3d-47db-b3f8-20b0bcb8a3f5@group-7D2873B646E2, cid=3687, SUCCESS, logIndex=0, commits[f80c66c4-8a3d-47db-b3f8-20b0bcb8a3f5:c5551, 6e9bc0f4-a324-4be3-b201-2d39df7dad8a:c5549, cffe1303-2f93-4087-8a62-a40745db49f2:c5549]
2019-07-10 09:51:11,827 INFO  client.GrpcClientProtocolClient (GrpcClientProtocolClient.java:onNext(255)) - client-7D6108789623->f80c66c4-8a3d-47db-b3f8-20b0bcb8a3f5: receive RaftClientReply:client-7D6108789623->f80c66c4-8a3d-47db-b3f8-20b0bcb8a3f5@group-7D2873B646E2, cid=3688, SUCCESS, logIndex=5552, commits[f80c66c4-8a3d-47db-b3f8-20b0bcb8a3f5:c5554, 6e9bc0f4-a324-4be3-b201-2d39df7dad8a:c5551, cffe1303-2f93-4087-8a62-a40745db49f2:c5551]
2019-07-10 09:51:11,828 INFO  client.GrpcClientProtocolClient (GrpcClientProtocolClient.java:onNext(255)) - client-7D6108789623->f80c66c4-8a3d-47db-b3f8-20b0bcb8a3f5: receive RaftClientReply:client-7D6108789623->f80c66c4-8a3d-47db-b3f8-20b0bcb8a3f5@group-7D2873B646E2, cid=3689, SUCCESS, logIndex=5553, commits[f80c66c4-8a3d-47db-b3f8-20b0bcb8a3f5:c5555, 6e9bc0f4-a324-4be3-b201-2d39df7dad8a:c5551, cffe1303-2f93-4087-8a62-a40745db49f2:c5551]
2019-07-10 09:51:11,828 INFO  client.GrpcClientProtocolClient (GrpcClientProtocolClient.java:onNext(255)) - client-7D6108789623->f80c66c4-8a3d-47db-b3f8-20b0bcb8a3f5: receive RaftClientReply:client-7D6108789623->f80c66c4-8a3d-47db-b3f8-20b0bcb8a3f5@group-7D2873B646E2, cid=3690, SUCCESS, logIndex=5554, commits[f80c66c4-8a3d-47db-b3f8-20b0bcb8a3f5:c5555, 6e9bc0f4-a324-4be3-b201-2d39df7dad8a:c5551, cffe1303-2f93-4087-8a62-a40745db49f2:c5551]
2019-07-10 09:51:11,828 INFO  client.GrpcClientProtocolClient (GrpcClientProtocolClient.java:onNext(255)) - client-7D6108789623->f80c66c4-8a3d-47db-b3f8-20b0bcb8a3f5: receive RaftClientReply:client-7D6108789623->f80c66c4-8a3d-47db-b3f8-20b0bcb8a3f5@group-7D2873B646E2, cid=3691, SUCCESS, logIndex=5555, commits[f80c66c4-8a3d-47db-b3f8-20b0bcb8a3f5:c5555, 6e9bc0f4-a324-4be3-b201-2d39df7dad8a:c5551, cffe1303-2f93-4087-8a62-a40745db49f2:c5551]
2019-07-10 09:51:11,829 INFO  client.GrpcClientProtocolClient (GrpcClientProtocolClient.java:onNext(255)) - client-7D6108789623->f80c66c4-8a3d-47db-b3f8-20b0bcb8a3f5: receive RaftClientReply:client-7D6108789623->f80c66c4-8a3d-47db-b3f8-20b0bcb8a3f5@group-7D2873B646E2, cid=3692, SUCCESS, logIndex=0, commits[f80c66c4-8a3d-47db-b3f8-20b0bcb8a3f5:c5556, 6e9bc0f4-a324-4be3-b201-2d39df7dad8a:c5553, cffe1303-2f93-4087-8a62-a40745db49f2:c5553]
2019-07-10 09:51:11,840 INFO  client.GrpcClientProtocolClient (GrpcClientProtocolClient.java:onNext(255)) - client-7D6108789623->f80c66c4-8a3d-47db-b3f8-20b0bcb8a3f5: receive RaftClientReply:client-7D6108789623->f80c66c4-8a3d-47db-b3f8-20b0bcb8a3f5@group-7D2873B646E2, cid=3693, SUCCESS, logIndex=5560, commits[f80c66c4-8a3d-47db-b3f8-20b0bcb8a3f5:c5561, 6e9bc0f4-a324-4be3-b201-2d39df7dad8a:c5559, cffe1303-2f93-4087-8a62-a40745db49f2:c5559]
2019-07-10 09:51:11,841 INFO  client.GrpcClientProtocolClient (GrpcClientProtocolClient.java:onNext(255)) - client-7D6108789623->f80c66c4-8a3d-47db-b3f8-20b0bcb8a3f5: receive RaftClientReply:client-7D6108789623->f80c66c4-8a3d-47db-b3f8-20b0bcb8a3f5@group-7D2873B646E2, cid=3694, SUCCESS, logIndex=5561, commits[f80c66c4-8a3d-47db-b3f8-20b0bcb8a3f5:c5561, 6e9bc0f4-a324-4be3-b201-2d39df7dad8a:c5559, cffe1303-2f93-4087-8a62-a40745db49f2:c5559]
2019-07-10 09:51:11,853 INFO  client.GrpcClientProtocolClient (GrpcClientProtocolClient.java:onNext(255)) - client-7D6108789623->f80c66c4-8a3d-47db-b3f8-20b0bcb8a3f5: receive RaftClientReply:client-7D6108789623->f80c66c4-8a3d-47db-b3f8-20b0bcb8a3f5@group-7D2873B646E2, cid=3695, SUCCESS, logIndex=5564, commits[f80c66c4-8a3d-47db-b3f8-20b0bcb8a3f5:c5565, 6e9bc0f4-a324-4be3-b201-2d39df7dad8a:c5561, cffe1303-2f93-4087-8a62-a40745db49f2:c5561]
2019-07-10 09:51:11,854 INFO  client.GrpcClientProtocolClient (GrpcClientProtocolClient.java:onNext(255)) - client-7D6108789623->f80c66c4-8a3d-47db-b3f8-20b0bcb8a3f5: receive RaftClientReply:client-7D6108789623->f80c66c4-8a3d-47db-b3f8-20b0bcb8a3f5@group-7D2873B646E2, cid=3696, SUCCESS, logIndex=5565, commits[f80c66c4-8a3d-47db-b3f8-20b0bcb8a3f5:c5565, 6e9bc0f4-a324-4be3-b201-2d39df7dad8a:c5561, cffe1303-2f93-4087-8a62-a40745db49f2:c5561]
2019-07-10 09:51:11,865 INFO  client.GrpcClientProtocolClient (GrpcClientProtocolClient.java:onNext(255)) - client-7D6108789623->f80c66c4-8a3d-47db-b3f8-20b0bcb8a3f5: receive RaftClientReply:client-7D6108789623->f80c66c4-8a3d-47db-b3f8-20b0bcb8a3f5@group-7D2873B646E2, cid=3697, SUCCESS, logIndex=0, commits[f80c66c4-8a3d-47db-b3f8-20b0bcb8a3f5:c5566, 6e9bc0f4-a324-4be3-b201-2d39df7dad8a:c5565, cffe1303-2f93-4087-8a62-a40745db49f2:c5565]
2019-07-10 09:51:11,910 INFO  client.GrpcClientProtocolClient (GrpcClientProtocolClient.java:onNext(255)) - client-7D6108789623->f80c66c4-8a3d-47db-b3f8-20b0bcb8a3f5: receive RaftClientReply:client-7D6108789623->f80c66c4-8a3d-47db-b3f8-20b0bcb8a3f5@group-7D2873B646E2, cid=3698, SUCCESS, logIndex=5567, commits[f80c66c4-8a3d-47db-b3f8-20b0bcb8a3f5:c5568, 6e9bc0f4-a324-4be3-b201-2d39df7dad8a:c5565, cffe1303-2f93-4087-8a62-a40745db49f2:c5566]
2019-07-10 09:51:11,911 INFO  client.GrpcClientProtocolClient (GrpcClientProtocolClient.java:onNext(255)) - client-7D6108789623->f80c66c4-8a3d-47db-b3f8-20b0bcb8a3f5: receive RaftClientReply:client-7D6108789623->f80c66c4-8a3d-47db-b3f8-20b0bcb8a3f5@group-7D2873B646E2, cid=3699, SUCCESS, logIndex=5568, commits[f80c66c4-8a3d-47db-b3f8-20b0bcb8a3f5:c5568, 6e9bc0f4-a324-4be3-b201-2d39df7dad8a:c5565, cffe1303-2f93-4087-8a62-a40745db49f2:c5566]
2019-07-10 09:51:11,912 INFO  client.GrpcClientProtocolClient (GrpcClientProtocolClient.java:onNext(255)) - client-7D6108789623->f80c66c4-8a3d-47db-b3f8-20b0bcb8a3f5: receive RaftClientReply:client-7D6108789623->f80c66c4-8a3d-47db-b3f8-20b0bcb8a3f5@group-7D2873B646E2, cid=3700, SUCCESS, logIndex=5569, commits[f80c66c4-8a3d-47db-b3f8-20b0bcb8a3f5:c5570, 6e9bc0f4-a324-4be3-b201-2d39df7dad8a:c5566, cffe1303-2f93-4087-8a62-a40745db49f2:c5566]
2019-07-10 09:51:11,913 INFO  client.GrpcClientProtocolClient (GrpcClientProtocolClient.java:onNext(255)) - client-7D6108789623->f80c66c4-8a3d-47db-b3f8-20b0bcb8a3f5: receive RaftClientReply:client-7D6108789623->f80c66c4-8a3d-47db-b3f8-20b0bcb8a3f5@group-7D2873B646E2, cid=3701, SUCCESS, logIndex=5570, commits[f80c66c4-8a3d-47db-b3f8-20b0bcb8a3f5:c5570, 6e9bc0f4-a324-4be3-b201-2d39df7dad8a:c5566, cffe1303-2f93-4087-8a62-a40745db49f2:c5566]
2019-07-10 09:51:11,915 INFO  client.GrpcClientProtocolClient (GrpcClientProtocolClient.java:onNext(255)) - client-7D6108789623->f80c66c4-8a3d-47db-b3f8-20b0bcb8a3f5: receive RaftClientReply:client-7D6108789623->f80c66c4-8a3d-47db-b3f8-20b0bcb8a3f5@group-7D2873B646E2, cid=3702, SUCCESS, logIndex=0, commits[f80c66c4-8a3d-47db-b3f8-20b0bcb8a3f5:c5571, 6e9bc0f4-a324-4be3-b201-2d39df7dad8a:c5568, cffe1303-2f93-4087-8a62-a40745db49f2:c5568]
2019-07-10 09:51:11,934 INFO  client.GrpcClientProtocolClient (GrpcClientProtocolClient.java:onNext(255)) - client-7D6108789623->f80c66c4-8a3d-47db-b3f8-20b0bcb8a3f5: receive RaftClientReply:client-7D6108789623->f80c66c4-8a3d-47db-b3f8-20b0bcb8a3f5@group-7D2873B646E2, cid=3703, SUCCESS, logIndex=5575, commits[f80c66c4-8a3d-47db-b3f8-20b0bcb8a3f5:c5576, 6e9bc0f4-a324-4be3-b201-2d39df7dad8a:c5574, cffe1303-2f93-4087-8a62-a40745db49f2:c5574]
2019-07-10 09:51:11,934 INFO  client.GrpcClientProtocolClient (GrpcClientProtocolClient.java:onNext(255)) - client-7D6108789623->f80c66c4-8a3d-47db-b3f8-20b0bcb8a3f5: receive RaftClientReply:client-7D6108789623->f80c66c4-8a3d-47db-b3f8-20b0bcb8a3f5@group-7D2873B646E2, cid=3704, SUCCESS, logIndex=5576, commits[f80c66c4-8a3d-47db-b3f8-20b0bcb8a3f5:c5576, 6e9bc0f4-a324-4be3-b201-2d39df7dad8a:c5574, cffe1303-2f93-4087-8a62-a40745db49f2:c5574]
2019-07-10 09:51:11,955 INFO  client.GrpcClientProtocolClient (GrpcClientProtocolClient.java:onNext(255)) - client-7D6108789623->f80c66c4-8a3d-47db-b3f8-20b0bcb8a3f5: receive RaftClientReply:client-7D6108789623->f80c66c4-8a3d-47db-b3f8-20b0bcb8a3f5@group-7D2873B646E2, cid=3705, SUCCESS, logIndex=5579, commits[f80c66c4-8a3d-47db-b3f8-20b0bcb8a3f5:c5580, 6e9bc0f4-a324-4be3-b201-2d39df7dad8a:c5575, cffe1303-2f93-4087-8a62-a40745db49f2:c5576]
2019-07-10 09:51:11,955 INFO  client.GrpcClientProtocolClient (GrpcClientProtocolClient.java:onNext(255)) - client-7D6108789623->f80c66c4-8a3d-47db-b3f8-20b0bcb8a3f5: receive RaftClientReply:client-7D6108789623->f80c66c4-8a3d-47db-b3f8-20b0bcb8a3f5@group-7D2873B646E2, cid=3706, SUCCESS, logIndex=5580, commits[f80c66c4-8a3d-47db-b3f8-20b0bcb8a3f5:c5580, 6e9bc0f4-a324-4be3-b201-2d39df7dad8a:c5576, cffe1303-2f93-4087-8a62-a40745db49f2:c5576]
2019-07-10 09:51:11,957 INFO  client.GrpcClientProtocolClient (GrpcClientProtocolClient.java:onNext(255)) - client-7D6108789623->f80c66c4-8a3d-47db-b3f8-20b0bcb8a3f5: receive RaftClientReply:client-7D6108789623->f80c66c4-8a3d-47db-b3f8-20b0bcb8a3f5@group-7D2873B646E2, cid=3707, SUCCESS, logIndex=0, commits[f80c66c4-8a3d-47db-b3f8-20b0bcb8a3f5:c5582, 6e9bc0f4-a324-4be3-b201-2d39df7dad8a:c5580, cffe1303-2f93-4087-8a62-a40745db49f2:c5580]
2019-07-10 09:51:12,002 INFO  client.GrpcClientProtocolClient (GrpcClientProtocolClient.java:onNext(255)) - client-7D6108789623->f80c66c4-8a3d-47db-b3f8-20b0bcb8a3f5: receive RaftClientReply:client-7D6108789623->f80c66c4-8a3d-47db-b3f8-20b0bcb8a3f5@group-7D2873B646E2, cid=3708, SUCCESS, logIndex=5583, commits[f80c66c4-8a3d-47db-b3f8-20b0bcb8a3f5:c5586, 6e9bc0f4-a324-4be3-b201-2d39df7dad8a:c5582, cffe1303-2f93-4087-8a62-a40745db49f2:c5582]
2019-07-10 09:51:12,004 INFO  client.GrpcClientProtocolClient (GrpcClientProtocolClient.java:onNext(255)) - client-7D6108789623->f80c66c4-8a3d-47db-b3f8-20b0bcb8a3f5: receive RaftClientReply:client-7D6108789623->f80c66c4-8a3d-47db-b3f8-20b0bcb8a3f5@group-7D2873B646E2, cid=3709, SUCCESS, logIndex=5584, commits[f80c66c4-8a3d-47db-b3f8-20b0bcb8a3f5:c5586, 6e9bc0f4-a324-4be3-b201-2d39df7dad8a:c5582, cffe1303-2f93-4087-8a62-a40745db49f2:c5582]
2019-07-10 09:51:12,004 INFO  client.GrpcClientProtocolClient (GrpcClientProtocolClient.java:onNext(255)) - client-7D6108789623->f80c66c4-8a3d-47db-b3f8-20b0bcb8a3f5: receive RaftClientReply:client-7D6108789623->f80c66c4-8a3d-47db-b3f8-20b0bcb8a3f5@group-7D2873B646E2, cid=3710, SUCCESS, logIndex=5585, commits[f80c66c4-8a3d-47db-b3f8-20b0bcb8a3f5:c5586, 6e9bc0f4-a324-4be3-b201-2d39df7dad8a:c5582, cffe1303-2f93-4087-8a62-a40745db49f2:c5582]
2019-07-10 09:51:12,004 INFO  client.GrpcClientProtocolClient (GrpcClientProtocolClient.java:onNext(255)) - client-7D6108789623->f80c66c4-8a3d-47db-b3f8-20b0bcb8a3f5: receive RaftClientReply:client-7D6108789623->f80c66c4-8a3d-47db-b3f8-20b0bcb8a3f5@group-7D2873B646E2, cid=3711, SUCCESS, logIndex=5586, commits[f80c66c4-8a3d-47db-b3f8-20b0bcb8a3f5:c5586, 6e9bc0f4-a324-4be3-b201-2d39df7dad8a:c5582, cffe1303-2f93-4087-8a62-a40745db49f2:c5582]
2019-07-10 09:51:12,013 INFO  client.GrpcClientProtocolClient (GrpcClientProtocolClient.java:onNext(255)) - client-7D6108789623->f80c66c4-8a3d-47db-b3f8-20b0bcb8a3f5: receive RaftClientReply:client-7D6108789623->f80c66c4-8a3d-47db-b3f8-20b0bcb8a3f5@group-7D2873B646E2, cid=3712, SUCCESS, logIndex=0, commits[f80c66c4-8a3d-47db-b3f8-20b0bcb8a3f5:c5587, 6e9bc0f4-a324-4be3-b201-2d39df7dad8a:c5586, cffe1303-2f93-4087-8a62-a40745db49f2:c5586]
2019-07-10 09:51:12,026 INFO  client.GrpcClientProtocolClient (GrpcClientProtocolClient.java:onNext(255)) - client-7D6108789623->f80c66c4-8a3d-47db-b3f8-20b0bcb8a3f5: receive RaftClientReply:client-7D6108789623->f80c66c4-8a3d-47db-b3f8-20b0bcb8a3f5@group-7D2873B646E2, cid=3713, SUCCESS, logIndex=5589, commits[f80c66c4-8a3d-47db-b3f8-20b0bcb8a3f5:c5590, 6e9bc0f4-a324-4be3-b201-2d39df7dad8a:c5588, cffe1303-2f93-4087-8a62-a40745db49f2:c5588]
2019-07-10 09:51:12,026 INFO  client.GrpcClientProtocolClient (GrpcClientProtocolClient.java:onNext(255)) - client-7D6108789623->f80c66c4-8a3d-47db-b3f8-20b0bcb8a3f5: receive RaftClientReply:client-7D6108789623->f80c66c4-8a3d-47db-b3f8-20b0bcb8a3f5@group-7D2873B646E2, cid=3714, SUCCESS, logIndex=5590, commits[f80c66c4-8a3d-47db-b3f8-20b0bcb8a3f5:c5590, 6e9bc0f4-a324-4be3-b201-2d39df7dad8a:c5588, cffe1303-2f93-4087-8a62-a40745db49f2:c5588]
2019-07-10 09:51:12,056 INFO  client.GrpcClientProtocolClient (GrpcClientProtocolClient.java:onNext(255)) - client-7D6108789623->f80c66c4-8a3d-47db-b3f8-20b0bcb8a3f5: receive RaftClientReply:client-7D6108789623->f80c66c4-8a3d-47db-b3f8-20b0bcb8a3f5@group-7D2873B646E2, cid=3715, SUCCESS, logIndex=5593, commits[f80c66c4-8a3d-47db-b3f8-20b0bcb8a3f5:c5593, 6e9bc0f4-a324-4be3-b201-2d39df7dad8a:c5590, cffe1303-2f93-4087-8a62-a40745db49f2:c5590]
2019-07-10 09:51:12,056 INFO  client.GrpcClientProtocolClient (GrpcClientProtocolClient.java:onNext(255)) - client-7D6108789623->f80c66c4-8a3d-47db-b3f8-20b0bcb8a3f5: receive RaftClientReply:client-7D6108789623->f80c66c4-8a3d-47db-b3f8-20b0bcb8a3f5@group-7D2873B646E2, cid=3716, SUCCESS, logIndex=5594, commits[f80c66c4-8a3d-47db-b3f8-20b0bcb8a3f5:c5594, 6e9bc0f4-a324-4be3-b201-2d39df7dad8a:c5590, cffe1303-2f93-4087-8a62-a40745db49f2:c5590]
2019-07-10 09:51:12,069 INFO  client.GrpcClientProtocolClient (GrpcClientProtocolClient.java:onNext(255)) - client-7D6108789623->f80c66c4-8a3d-47db-b3f8-20b0bcb8a3f5: receive RaftClientReply:client-7D6108789623->f80c66c4-8a3d-47db-b3f8-20b0bcb8a3f5@group-7D2873B646E2, cid=3717, SUCCESS, logIndex=0, commits[f80c66c4-8a3d-47db-b3f8-20b0bcb8a3f5:c5596, 6e9bc0f4-a324-4be3-b201-2d39df7dad8a:c5594, cffe1303-2f93-4087-8a62-a40745db49f2:c5594]
2019-07-10 09:51:12,101 INFO  client.GrpcClientProtocolClient (GrpcClientProtocolClient.java:onNext(255)) - client-7D6108789623->f80c66c4-8a3d-47db-b3f8-20b0bcb8a3f5: receive RaftClientReply:client-7D6108789623->f80c66c4-8a3d-47db-b3f8-20b0bcb8a3f5@group-7D2873B646E2, cid=3718, SUCCESS, logIndex=5597, commits[f80c66c4-8a3d-47db-b3f8-20b0bcb8a3f5:c5598, 6e9bc0f4-a324-4be3-b201-2d39df7dad8a:c5596, cffe1303-2f93-4087-8a62-a40745db49f2:c5596]
2019-07-10 09:51:12,102 INFO  client.GrpcClientProtocolClient (GrpcClientProtocolClient.java:onNext(255)) - client-7D6108789623->f80c66c4-8a3d-47db-b3f8-20b0bcb8a3f5: receive RaftClientReply:client-7D6108789623->f80c66c4-8a3d-47db-b3f8-20b0bcb8a3f5@group-7D2873B646E2, cid=3719, SUCCESS, logIndex=5598, commits[f80c66c4-8a3d-47db-b3f8-20b0bcb8a3f5:c5600, 6e9bc0f4-a324-4be3-b201-2d39df7dad8a:c5596, cffe1303-2f93-4087-8a62-a40745db49f2:c5596]
2019-07-10 09:51:12,102 INFO  client.GrpcClientProtocolClient (GrpcClientProtocolClient.java:onNext(255)) - client-7D6108789623->f80c66c4-8a3d-47db-b3f8-20b0bcb8a3f5: receive RaftClientReply:client-7D6108789623->f80c66c4-8a3d-47db-b3f8-20b0bcb8a3f5@group-7D2873B646E2, cid=3720, SUCCESS, logIndex=5599, commits[f80c66c4-8a3d-47db-b3f8-20b0bcb8a3f5:c5600, 6e9bc0f4-a324-4be3-b201-2d39df7dad8a:c5596, cffe1303-2f93-4087-8a62-a40745db49f2:c5596]
2019-07-10 09:51:12,102 INFO  client.GrpcClientProtocolClient (GrpcClientProtocolClient.java:onNext(255)) - client-7D6108789623->f80c66c4-8a3d-47db-b3f8-20b0bcb8a3f5: receive RaftClientReply:client-7D6108789623->f80c66c4-8a3d-47db-b3f8-20b0bcb8a3f5@group-7D2873B646E2, cid=3721, SUCCESS, logIndex=5600, commits[f80c66c4-8a3d-47db-b3f8-20b0bcb8a3f5:c5600, 6e9bc0f4-a324-4be3-b201-2d39df7dad8a:c5596, cffe1303-2f93-4087-8a62-a40745db49f2:c5596]
2019-07-10 09:51:12,112 INFO  client.GrpcClientProtocolClient (GrpcClientProtocolClient.java:onNext(255)) - client-7D6108789623->f80c66c4-8a3d-47db-b3f8-20b0bcb8a3f5: receive RaftClientReply:client-7D6108789623->f80c66c4-8a3d-47db-b3f8-20b0bcb8a3f5@group-7D2873B646E2, cid=3722, SUCCESS, logIndex=0, commits[f80c66c4-8a3d-47db-b3f8-20b0bcb8a3f5:c5603, 6e9bc0f4-a324-4be3-b201-2d39df7dad8a:c5600, cffe1303-2f93-4087-8a62-a40745db49f2:c5598]
2019-07-10 09:51:12,169 INFO  client.GrpcClientProtocolClient (GrpcClientProtocolClient.java:onNext(255)) - client-7D6108789623->f80c66c4-8a3d-47db-b3f8-20b0bcb8a3f5: receive RaftClientReply:client-7D6108789623->f80c66c4-8a3d-47db-b3f8-20b0bcb8a3f5@group-7D2873B646E2, cid=3723, SUCCESS, logIndex=5604, commits[f80c66c4-8a3d-47db-b3f8-20b0bcb8a3f5:c5605, 6e9bc0f4-a324-4be3-b201-2d39df7dad8a:c5603, cffe1303-2f93-4087-8a62-a40745db49f2:c5603]
2019-07-10 09:51:12,169 INFO  client.GrpcClientProtocolClient (GrpcClientProtocolClient.java:onNext(255)) - client-7D6108789623->f80c66c4-8a3d-47db-b3f8-20b0bcb8a3f5: receive RaftClientReply:client-7D6108789623->f80c66c4-8a3d-47db-b3f8-20b0bcb8a3f5@group-7D2873B646E2, cid=3724, SUCCESS, logIndex=5605, commits[f80c66c4-8a3d-47db-b3f8-20b0bcb8a3f5:c5605, 6e9bc0f4-a324-4be3-b201-2d39df7dad8a:c5603, cffe1303-2f93-4087-8a62-a40745db49f2:c5603]
2019-07-10 09:51:12,192 INFO  client.GrpcClientProtocolClient (GrpcClientProtocolClient.java:onNext(255)) - client-7D6108789623->f80c66c4-8a3d-47db-b3f8-20b0bcb8a3f5: receive RaftClientReply:client-7D6108789623->f80c66c4-8a3d-47db-b3f8-20b0bcb8a3f5@group-7D2873B646E2, cid=3725, SUCCESS, logIndex=5608, commits[f80c66c4-8a3d-47db-b3f8-20b0bcb8a3f5:c5609, 6e9bc0f4-a324-4be3-b201-2d39df7dad8a:c5605, cffe1303-2f93-4087-8a62-a40745db49f2:c5605]
2019-07-10 09:51:12,192 INFO  client.GrpcClientProtocolClient (GrpcClientProtocolClient.java:onNext(255)) - client-7D6108789623->f80c66c4-8a3d-47db-b3f8-20b0bcb8a3f5: receive RaftClientReply:client-7D6108789623->f80c66c4-8a3d-47db-b3f8-20b0bcb8a3f5@group-7D2873B646E2, cid=3726, SUCCESS, logIndex=5609, commits[f80c66c4-8a3d-47db-b3f8-20b0bcb8a3f5:c5609, 6e9bc0f4-a324-4be3-b201-2d39df7dad8a:c5605, cffe1303-2f93-4087-8a62-a40745db49f2:c5605]
2019-07-10 09:51:12,204 INFO  client.GrpcClientProtocolClient (GrpcClientProtocolClient.java:onNext(255)) - client-7D6108789623->f80c66c4-8a3d-47db-b3f8-20b0bcb8a3f5: receive RaftClientReply:client-7D6108789623->f80c66c4-8a3d-47db-b3f8-20b0bcb8a3f5@group-7D2873B646E2, cid=3727, SUCCESS, logIndex=0, commits[f80c66c4-8a3d-47db-b3f8-20b0bcb8a3f5:c5611, 6e9bc0f4-a324-4be3-b201-2d39df7dad8a:c5609, cffe1303-2f93-4087-8a62-a40745db49f2:c5609]
2019-07-10 09:51:12,235 INFO  client.GrpcClientProtocolClient (GrpcClientProtocolClient.java:onNext(255)) - client-7D6108789623->f80c66c4-8a3d-47db-b3f8-20b0bcb8a3f5: receive RaftClientReply:client-7D6108789623->f80c66c4-8a3d-47db-b3f8-20b0bcb8a3f5@group-7D2873B646E2, cid=3728, SUCCESS, logIndex=5612, commits[f80c66c4-8a3d-47db-b3f8-20b0bcb8a3f5:c5613, 6e9bc0f4-a324-4be3-b201-2d39df7dad8a:c5611, cffe1303-2f93-4087-8a62-a40745db49f2:c5611]
2019-07-10 09:51:12,236 INFO  client.GrpcClientProtocolClient (GrpcClientProtocolClient.java:onNext(255)) - client-7D6108789623->f80c66c4-8a3d-47db-b3f8-20b0bcb8a3f5: receive RaftClientReply:client-7D6108789623->f80c66c4-8a3d-47db-b3f8-20b0bcb8a3f5@group-7D2873B646E2, cid=3729, SUCCESS, logIndex=5613, commits[f80c66c4-8a3d-47db-b3f8-20b0bcb8a3f5:c5613, 6e9bc0f4-a324-4be3-b201-2d39df7dad8a:c5611, cffe1303-2f93-4087-8a62-a40745db49f2:c5611]
2019-07-10 09:51:12,236 INFO  client.GrpcClientProtocolClient (GrpcClientProtocolClient.java:onNext(255)) - client-7D6108789623->f80c66c4-8a3d-47db-b3f8-20b0bcb8a3f5: receive RaftClientReply:client-7D6108789623->f80c66c4-8a3d-47db-b3f8-20b0bcb8a3f5@group-7D2873B646E2, cid=3730, SUCCESS, logIndex=5614, commits[f80c66c4-8a3d-47db-b3f8-20b0bcb8a3f5:c5615, 6e9bc0f4-a324-4be3-b201-2d39df7dad8a:c5611, cffe1303-2f93-4087-8a62-a40745db49f2:c5611]
2019-07-10 09:51:12,237 INFO  client.GrpcClientProtocolClient (GrpcClientProtocolClient.java:onNext(255)) - client-7D6108789623->f80c66c4-8a3d-47db-b3f8-20b0bcb8a3f5: receive RaftClientReply:client-7D6108789623->f80c66c4-8a3d-47db-b3f8-20b0bcb8a3f5@group-7D2873B646E2, cid=3731, SUCCESS, logIndex=5615, commits[f80c66c4-8a3d-47db-b3f8-20b0bcb8a3f5:c5615, 6e9bc0f4-a324-4be3-b201-2d39df7dad8a:c5611, cffe1303-2f93-4087-8a62-a40745db49f2:c5611]
 0.00% |█                                                                                                    |  0/1 Time: 0:00:362019-07-10 09:51:12,292 INFO  client.GrpcClientProtocolClient (GrpcClientProtocolClient.java:onNext(255)) - client-7D6108789623->f80c66c4-8a3d-47db-b3f8-20b0bcb8a3f5: receive RaftClientReply:client-7D6108789623->f80c66c4-8a3d-47db-b3f8-20b0bcb8a3f5@group-7D2873B646E2, cid=3732, SUCCESS, logIndex=0, commits[f80c66c4-8a3d-47db-b3f8-20b0bcb8a3f5:c5617, 6e9bc0f4-a324-4be3-b201-2d39df7dad8a:c5613, cffe1303-2f93-4087-8a62-a40745db49f2:c5613]
2019-07-10 09:51:12,308 INFO  client.GrpcClientProtocolClient (GrpcClientProtocolClient.java:onNext(255)) - client-7D6108789623->f80c66c4-8a3d-47db-b3f8-20b0bcb8a3f5: receive RaftClientReply:client-7D6108789623->f80c66c4-8a3d-47db-b3f8-20b0bcb8a3f5@group-7D2873B646E2, cid=3733, SUCCESS, logIndex=5620, commits[f80c66c4-8a3d-47db-b3f8-20b0bcb8a3f5:c5621, 6e9bc0f4-a324-4be3-b201-2d39df7dad8a:c5619, cffe1303-2f93-4087-8a62-a40745db49f2:c5619]
2019-07-10 09:51:12,309 INFO  client.GrpcClientProtocolClient (GrpcClientProtocolClient.java:onNext(255)) - client-7D6108789623->f80c66c4-8a3d-47db-b3f8-20b0bcb8a3f5: receive RaftClientReply:client-7D6108789623->f80c66c4-8a3d-47db-b3f8-20b0bcb8a3f5@group-7D2873B646E2, cid=3734, SUCCESS, logIndex=5621, commits[f80c66c4-8a3d-47db-b3f8-20b0bcb8a3f5:c5621, 6e9bc0f4-a324-4be3-b201-2d39df7dad8a:c5619, cffe1303-2f93-4087-8a62-a40745db49f2:c5619]
2019-07-10 09:51:12,325 INFO  client.GrpcClientProtocolClient (GrpcClientProtocolClient.java:onNext(255)) - client-7D6108789623->f80c66c4-8a3d-47db-b3f8-20b0bcb8a3f5: receive RaftClientReply:client-7D6108789623->f80c66c4-8a3d-47db-b3f8-20b0bcb8a3f5@group-7D2873B646E2, cid=3735, SUCCESS, logIndex=5624, commits[f80c66c4-8a3d-47db-b3f8-20b0bcb8a3f5:c5624, 6e9bc0f4-a324-4be3-b201-2d39df7dad8a:c5623, cffe1303-2f93-4087-8a62-a40745db49f2:c5623]
2019-07-10 09:51:12,326 INFO  client.GrpcClientProtocolClient (GrpcClientProtocolClient.java:onNext(255)) - client-7D6108789623->f80c66c4-8a3d-47db-b3f8-20b0bcb8a3f5: receive RaftClientReply:client-7D6108789623->f80c66c4-8a3d-47db-b3f8-20b0bcb8a3f5@group-7D2873B646E2, cid=3736, SUCCESS, logIndex=5625, commits[f80c66c4-8a3d-47db-b3f8-20b0bcb8a3f5:c5625, 6e9bc0f4-a324-4be3-b201-2d39df7dad8a:c5623, cffe1303-2f93-4087-8a62-a40745db49f2:c5623]
2019-07-10 09:51:12,338 INFO  client.GrpcClientProtocolClient (GrpcClientProtocolClient.java:onNext(255)) - client-7D6108789623->f80c66c4-8a3d-47db-b3f8-20b0bcb8a3f5: receive RaftClientReply:client-7D6108789623->f80c66c4-8a3d-47db-b3f8-20b0bcb8a3f5@group-7D2873B646E2, cid=3737, SUCCESS, logIndex=0, commits[f80c66c4-8a3d-47db-b3f8-20b0bcb8a3f5:c5627, 6e9bc0f4-a324-4be3-b201-2d39df7dad8a:c5625, cffe1303-2f93-4087-8a62-a40745db49f2:c5625]
2019-07-10 09:51:12,486 INFO  client.GrpcClientProtocolClient (GrpcClientProtocolClient.java:onNext(255)) - client-7D6108789623->f80c66c4-8a3d-47db-b3f8-20b0bcb8a3f5: receive RaftClientReply:client-7D6108789623->f80c66c4-8a3d-47db-b3f8-20b0bcb8a3f5@group-7D2873B646E2, cid=3738, SUCCESS, logIndex=5628, commits[f80c66c4-8a3d-47db-b3f8-20b0bcb8a3f5:c5629, 6e9bc0f4-a324-4be3-b201-2d39df7dad8a:c5627, cffe1303-2f93-4087-8a62-a40745db49f2:c5627]
2019-07-10 09:51:12,487 INFO  client.GrpcClientProtocolClient (GrpcClientProtocolClient.java:onNext(255)) - client-7D6108789623->f80c66c4-8a3d-47db-b3f8-20b0bcb8a3f5: receive RaftClientReply:client-7D6108789623->f80c66c4-8a3d-47db-b3f8-20b0bcb8a3f5@group-7D2873B646E2, cid=3739, SUCCESS, logIndex=5629, commits[f80c66c4-8a3d-47db-b3f8-20b0bcb8a3f5:c5631, 6e9bc0f4-a324-4be3-b201-2d39df7dad8a:c5627, cffe1303-2f93-4087-8a62-a40745db49f2:c5627]
2019-07-10 09:51:12,487 INFO  client.GrpcClientProtocolClient (GrpcClientProtocolClient.java:onNext(255)) - client-7D6108789623->f80c66c4-8a3d-47db-b3f8-20b0bcb8a3f5: receive RaftClientReply:client-7D6108789623->f80c66c4-8a3d-47db-b3f8-20b0bcb8a3f5@group-7D2873B646E2, cid=3740, SUCCESS, logIndex=5630, commits[f80c66c4-8a3d-47db-b3f8-20b0bcb8a3f5:c5631, 6e9bc0f4-a324-4be3-b201-2d39df7dad8a:c5627, cffe1303-2f93-4087-8a62-a40745db49f2:c5627]
2019-07-10 09:51:12,488 INFO  client.GrpcClientProtocolClient (GrpcClientProtocolClient.java:onNext(255)) - client-7D6108789623->f80c66c4-8a3d-47db-b3f8-20b0bcb8a3f5: receive RaftClientReply:client-7D6108789623->f80c66c4-8a3d-47db-b3f8-20b0bcb8a3f5@group-7D2873B646E2, cid=3741, SUCCESS, logIndex=5631, commits[f80c66c4-8a3d-47db-b3f8-20b0bcb8a3f5:c5631, 6e9bc0f4-a324-4be3-b201-2d39df7dad8a:c5627, cffe1303-2f93-4087-8a62-a40745db49f2:c5627]
2019-07-10 09:51:12,506 INFO  client.GrpcClientProtocolClient (GrpcClientProtocolClient.java:onNext(255)) - client-7D6108789623->f80c66c4-8a3d-47db-b3f8-20b0bcb8a3f5: receive RaftClientReply:client-7D6108789623->f80c66c4-8a3d-47db-b3f8-20b0bcb8a3f5@group-7D2873B646E2, cid=3742, SUCCESS, logIndex=0, commits[f80c66c4-8a3d-47db-b3f8-20b0bcb8a3f5:c5633, 6e9bc0f4-a324-4be3-b201-2d39df7dad8a:c5629, cffe1303-2f93-4087-8a62-a40745db49f2:c5629]
2019-07-10 09:51:12,520 INFO  client.GrpcClientProtocolClient (GrpcClientProtocolClient.java:onNext(255)) - client-7D6108789623->f80c66c4-8a3d-47db-b3f8-20b0bcb8a3f5: receive RaftClientReply:client-7D6108789623->f80c66c4-8a3d-47db-b3f8-20b0bcb8a3f5@group-7D2873B646E2, cid=3743, SUCCESS, logIndex=5636, commits[f80c66c4-8a3d-47db-b3f8-20b0bcb8a3f5:c5637, 6e9bc0f4-a324-4be3-b201-2d39df7dad8a:c5631, cffe1303-2f93-4087-8a62-a40745db49f2:c5635]
2019-07-10 09:51:12,520 INFO  client.GrpcClientProtocolClient (GrpcClientProtocolClient.java:onNext(255)) - client-7D6108789623->f80c66c4-8a3d-47db-b3f8-20b0bcb8a3f5: receive RaftClientReply:client-7D6108789623->f80c66c4-8a3d-47db-b3f8-20b0bcb8a3f5@group-7D2873B646E2, cid=3744, SUCCESS, logIndex=5637, commits[f80c66c4-8a3d-47db-b3f8-20b0bcb8a3f5:c5637, 6e9bc0f4-a324-4be3-b201-2d39df7dad8a:c5635, cffe1303-2f93-4087-8a62-a40745db49f2:c5635]
2019-07-10 09:51:12,533 INFO  client.GrpcClientProtocolClient (GrpcClientProtocolClient.java:onNext(255)) - client-7D6108789623->f80c66c4-8a3d-47db-b3f8-20b0bcb8a3f5: receive RaftClientReply:client-7D6108789623->f80c66c4-8a3d-47db-b3f8-20b0bcb8a3f5@group-7D2873B646E2, cid=3745, SUCCESS, logIndex=5640, commits[f80c66c4-8a3d-47db-b3f8-20b0bcb8a3f5:c5641, 6e9bc0f4-a324-4be3-b201-2d39df7dad8a:c5638, cffe1303-2f93-4087-8a62-a40745db49f2:c5637]
2019-07-10 09:51:12,533 INFO  client.GrpcClientProtocolClient (GrpcClientProtocolClient.java:onNext(255)) - client-7D6108789623->f80c66c4-8a3d-47db-b3f8-20b0bcb8a3f5: receive RaftClientReply:client-7D6108789623->f80c66c4-8a3d-47db-b3f8-20b0bcb8a3f5@group-7D2873B646E2, cid=3746, SUCCESS, logIndex=5641, commits[f80c66c4-8a3d-47db-b3f8-20b0bcb8a3f5:c5641, 6e9bc0f4-a324-4be3-b201-2d39df7dad8a:c5638, cffe1303-2f93-4087-8a62-a40745db49f2:c5637]
2019-07-10 09:51:12,553 INFO  client.GrpcClientProtocolClient (GrpcClientProtocolClient.java:onNext(255)) - client-7D6108789623->f80c66c4-8a3d-47db-b3f8-20b0bcb8a3f5: receive RaftClientReply:client-7D6108789623->f80c66c4-8a3d-47db-b3f8-20b0bcb8a3f5@group-7D2873B646E2, cid=3747, SUCCESS, logIndex=0, commits[f80c66c4-8a3d-47db-b3f8-20b0bcb8a3f5:c5643, 6e9bc0f4-a324-4be3-b201-2d39df7dad8a:c5641, cffe1303-2f93-4087-8a62-a40745db49f2:c5641]
2019-07-10 09:51:12,589 INFO  client.GrpcClientProtocolClient (GrpcClientProtocolClient.java:onNext(255)) - client-7D6108789623->f80c66c4-8a3d-47db-b3f8-20b0bcb8a3f5: receive RaftClientReply:client-7D6108789623->f80c66c4-8a3d-47db-b3f8-20b0bcb8a3f5@group-7D2873B646E2, cid=3748, SUCCESS, logIndex=5644, commits[f80c66c4-8a3d-47db-b3f8-20b0bcb8a3f5:c5645, 6e9bc0f4-a324-4be3-b201-2d39df7dad8a:c5641, cffe1303-2f93-4087-8a62-a40745db49f2:c5643]
2019-07-10 09:51:12,589 INFO  client.GrpcClientProtocolClient (GrpcClientProtocolClient.java:onNext(255)) - client-7D6108789623->f80c66c4-8a3d-47db-b3f8-20b0bcb8a3f5: receive RaftClientReply:client-7D6108789623->f80c66c4-8a3d-47db-b3f8-20b0bcb8a3f5@group-7D2873B646E2, cid=3749, SUCCESS, logIndex=5645, commits[f80c66c4-8a3d-47db-b3f8-20b0bcb8a3f5:c5647, 6e9bc0f4-a324-4be3-b201-2d39df7dad8a:c5643, cffe1303-2f93-4087-8a62-a40745db49f2:c5643]
2019-07-10 09:51:12,590 INFO  client.GrpcClientProtocolClient (GrpcClientProtocolClient.java:onNext(255)) - client-7D6108789623->f80c66c4-8a3d-47db-b3f8-20b0bcb8a3f5: receive RaftClientReply:client-7D6108789623->f80c66c4-8a3d-47db-b3f8-20b0bcb8a3f5@group-7D2873B646E2, cid=3750, SUCCESS, logIndex=5646, commits[f80c66c4-8a3d-47db-b3f8-20b0bcb8a3f5:c5647, 6e9bc0f4-a324-4be3-b201-2d39df7dad8a:c5643, cffe1303-2f93-4087-8a62-a40745db49f2:c5643]
2019-07-10 09:51:12,590 INFO  client.GrpcClientProtocolClient (GrpcClientProtocolClient.java:onNext(255)) - client-7D6108789623->f80c66c4-8a3d-47db-b3f8-20b0bcb8a3f5: receive RaftClientReply:client-7D6108789623->f80c66c4-8a3d-47db-b3f8-20b0bcb8a3f5@group-7D2873B646E2, cid=3751, SUCCESS, logIndex=5647, commits[f80c66c4-8a3d-47db-b3f8-20b0bcb8a3f5:c5647, 6e9bc0f4-a324-4be3-b201-2d39df7dad8a:c5643, cffe1303-2f93-4087-8a62-a40745db49f2:c5643]
2019-07-10 09:51:12,599 INFO  client.GrpcClientProtocolClient (GrpcClientProtocolClient.java:onNext(255)) - client-7D6108789623->f80c66c4-8a3d-47db-b3f8-20b0bcb8a3f5: receive RaftClientReply:client-7D6108789623->f80c66c4-8a3d-47db-b3f8-20b0bcb8a3f5@group-7D2873B646E2, cid=3752, SUCCESS, logIndex=0, commits[f80c66c4-8a3d-47db-b3f8-20b0bcb8a3f5:c5648, 6e9bc0f4-a324-4be3-b201-2d39df7dad8a:c5645, cffe1303-2f93-4087-8a62-a40745db49f2:c5645]
2019-07-10 09:51:12,624 INFO  client.GrpcClientProtocolClient (GrpcClientProtocolClient.java:onNext(255)) - client-7D6108789623->f80c66c4-8a3d-47db-b3f8-20b0bcb8a3f5: receive RaftClientReply:client-7D6108789623->f80c66c4-8a3d-47db-b3f8-20b0bcb8a3f5@group-7D2873B646E2, cid=3753, SUCCESS, logIndex=5651, commits[f80c66c4-8a3d-47db-b3f8-20b0bcb8a3f5:c5652, 6e9bc0f4-a324-4be3-b201-2d39df7dad8a:c5648, cffe1303-2f93-4087-8a62-a40745db49f2:c5648]
2019-07-10 09:51:12,624 INFO  client.GrpcClientProtocolClient (GrpcClientProtocolClient.java:onNext(255)) - client-7D6108789623->f80c66c4-8a3d-47db-b3f8-20b0bcb8a3f5: receive RaftClientReply:client-7D6108789623->f80c66c4-8a3d-47db-b3f8-20b0bcb8a3f5@group-7D2873B646E2, cid=3754, SUCCESS, logIndex=5652, commits[f80c66c4-8a3d-47db-b3f8-20b0bcb8a3f5:c5652, 6e9bc0f4-a324-4be3-b201-2d39df7dad8a:c5648, cffe1303-2f93-4087-8a62-a40745db49f2:c5648]
2019-07-10 09:51:12,638 INFO  client.GrpcClientProtocolClient (GrpcClientProtocolClient.java:onNext(255)) - client-7D6108789623->f80c66c4-8a3d-47db-b3f8-20b0bcb8a3f5: receive RaftClientReply:client-7D6108789623->f80c66c4-8a3d-47db-b3f8-20b0bcb8a3f5@group-7D2873B646E2, cid=3755, SUCCESS, logIndex=5655, commits[f80c66c4-8a3d-47db-b3f8-20b0bcb8a3f5:c5655, 6e9bc0f4-a324-4be3-b201-2d39df7dad8a:c5652, cffe1303-2f93-4087-8a62-a40745db49f2:c5652]
2019-07-10 09:51:12,639 INFO  client.GrpcClientProtocolClient (GrpcClientProtocolClient.java:onNext(255)) - client-7D6108789623->f80c66c4-8a3d-47db-b3f8-20b0bcb8a3f5: receive RaftClientReply:client-7D6108789623->f80c66c4-8a3d-47db-b3f8-20b0bcb8a3f5@group-7D2873B646E2, cid=3756, SUCCESS, logIndex=5656, commits[f80c66c4-8a3d-47db-b3f8-20b0bcb8a3f5:c5656, 6e9bc0f4-a324-4be3-b201-2d39df7dad8a:c5652, cffe1303-2f93-4087-8a62-a40745db49f2:c5652]
2019-07-10 09:51:12,658 INFO  client.GrpcClientProtocolClient (GrpcClientProtocolClient.java:onNext(255)) - client-7D6108789623->f80c66c4-8a3d-47db-b3f8-20b0bcb8a3f5: receive RaftClientReply:client-7D6108789623->f80c66c4-8a3d-47db-b3f8-20b0bcb8a3f5@group-7D2873B646E2, cid=3757, SUCCESS, logIndex=0, commits[f80c66c4-8a3d-47db-b3f8-20b0bcb8a3f5:c5658, 6e9bc0f4-a324-4be3-b201-2d39df7dad8a:c5656, cffe1303-2f93-4087-8a62-a40745db49f2:c5656]
2019-07-10 09:51:12,693 INFO  client.GrpcClientProtocolClient (GrpcClientProtocolClient.java:onNext(255)) - client-7D6108789623->f80c66c4-8a3d-47db-b3f8-20b0bcb8a3f5: receive RaftClientReply:client-7D6108789623->f80c66c4-8a3d-47db-b3f8-20b0bcb8a3f5@group-7D2873B646E2, cid=3758, SUCCESS, logIndex=5659, commits[f80c66c4-8a3d-47db-b3f8-20b0bcb8a3f5:c5662, 6e9bc0f4-a324-4be3-b201-2d39df7dad8a:c5656, cffe1303-2f93-4087-8a62-a40745db49f2:c5658]
2019-07-10 09:51:12,693 INFO  client.GrpcClientProtocolClient (GrpcClientProtocolClient.java:onNext(255)) - client-7D6108789623->f80c66c4-8a3d-47db-b3f8-20b0bcb8a3f5: receive RaftClientReply:client-7D6108789623->f80c66c4-8a3d-47db-b3f8-20b0bcb8a3f5@group-7D2873B646E2, cid=3759, SUCCESS, logIndex=5660, commits[f80c66c4-8a3d-47db-b3f8-20b0bcb8a3f5:c5662, 6e9bc0f4-a324-4be3-b201-2d39df7dad8a:c5658, cffe1303-2f93-4087-8a62-a40745db49f2:c5658]
2019-07-10 09:51:12,694 INFO  client.GrpcClientProtocolClient (GrpcClientProtocolClient.java:onNext(255)) - client-7D6108789623->f80c66c4-8a3d-47db-b3f8-20b0bcb8a3f5: receive RaftClientReply:client-7D6108789623->f80c66c4-8a3d-47db-b3f8-20b0bcb8a3f5@group-7D2873B646E2, cid=3760, SUCCESS, logIndex=5661, commits[f80c66c4-8a3d-47db-b3f8-20b0bcb8a3f5:c5662, 6e9bc0f4-a324-4be3-b201-2d39df7dad8a:c5658, cffe1303-2f93-4087-8a62-a40745db49f2:c5658]
2019-07-10 09:51:12,694 INFO  client.GrpcClientProtocolClient (GrpcClientProtocolClient.java:onNext(255)) - client-7D6108789623->f80c66c4-8a3d-47db-b3f8-20b0bcb8a3f5: receive RaftClientReply:client-7D6108789623->f80c66c4-8a3d-47db-b3f8-20b0bcb8a3f5@group-7D2873B646E2, cid=3761, SUCCESS, logIndex=5662, commits[f80c66c4-8a3d-47db-b3f8-20b0bcb8a3f5:c5662, 6e9bc0f4-a324-4be3-b201-2d39df7dad8a:c5658, cffe1303-2f93-4087-8a62-a40745db49f2:c5660]
2019-07-10 09:51:12,696 INFO  client.GrpcClientProtocolClient (GrpcClientProtocolClient.java:onNext(255)) - client-7D6108789623->f80c66c4-8a3d-47db-b3f8-20b0bcb8a3f5: receive RaftClientReply:client-7D6108789623->f80c66c4-8a3d-47db-b3f8-20b0bcb8a3f5@group-7D2873B646E2, cid=3762, SUCCESS, logIndex=0, commits[f80c66c4-8a3d-47db-b3f8-20b0bcb8a3f5:c5663, 6e9bc0f4-a324-4be3-b201-2d39df7dad8a:c5660, cffe1303-2f93-4087-8a62-a40745db49f2:c5660]
2019-07-10 09:51:12,718 INFO  client.GrpcClientProtocolClient (GrpcClientProtocolClient.java:onNext(255)) - client-7D6108789623->f80c66c4-8a3d-47db-b3f8-20b0bcb8a3f5: receive RaftClientReply:client-7D6108789623->f80c66c4-8a3d-47db-b3f8-20b0bcb8a3f5@group-7D2873B646E2, cid=3763, SUCCESS, logIndex=5666, commits[f80c66c4-8a3d-47db-b3f8-20b0bcb8a3f5:c5667, 6e9bc0f4-a324-4be3-b201-2d39df7dad8a:c5662, cffe1303-2f93-4087-8a62-a40745db49f2:c5663]
2019-07-10 09:51:12,718 INFO  client.GrpcClientProtocolClient (GrpcClientProtocolClient.java:onNext(255)) - client-7D6108789623->f80c66c4-8a3d-47db-b3f8-20b0bcb8a3f5: receive RaftClientReply:client-7D6108789623->f80c66c4-8a3d-47db-b3f8-20b0bcb8a3f5@group-7D2873B646E2, cid=3764, SUCCESS, logIndex=5667, commits[f80c66c4-8a3d-47db-b3f8-20b0bcb8a3f5:c5667, 6e9bc0f4-a324-4be3-b201-2d39df7dad8a:c5663, cffe1303-2f93-4087-8a62-a40745db49f2:c5663]
2019-07-10 09:51:12,732 INFO  client.GrpcClientProtocolClient (GrpcClientProtocolClient.java:onNext(255)) - client-7D6108789623->f80c66c4-8a3d-47db-b3f8-20b0bcb8a3f5: receive RaftClientReply:client-7D6108789623->f80c66c4-8a3d-47db-b3f8-20b0bcb8a3f5@group-7D2873B646E2, cid=3765, SUCCESS, logIndex=5670, commits[f80c66c4-8a3d-47db-b3f8-20b0bcb8a3f5:c5671, 6e9bc0f4-a324-4be3-b201-2d39df7dad8a:c5667, cffe1303-2f93-4087-8a62-a40745db49f2:c5669]
2019-07-10 09:51:12,733 INFO  client.GrpcClientProtocolClient (GrpcClientProtocolClient.java:onNext(255)) - client-7D6108789623->f80c66c4-8a3d-47db-b3f8-20b0bcb8a3f5: receive RaftClientReply:client-7D6108789623->f80c66c4-8a3d-47db-b3f8-20b0bcb8a3f5@group-7D2873B646E2, cid=3766, SUCCESS, logIndex=5671, commits[f80c66c4-8a3d-47db-b3f8-20b0bcb8a3f5:c5671, 6e9bc0f4-a324-4be3-b201-2d39df7dad8a:c5669, cffe1303-2f93-4087-8a62-a40745db49f2:c5669]
2019-07-10 09:51:12,745 INFO  client.GrpcClientProtocolClient (GrpcClientProtocolClient.java:onNext(255)) - client-7D6108789623->f80c66c4-8a3d-47db-b3f8-20b0bcb8a3f5: receive RaftClientReply:client-7D6108789623->f80c66c4-8a3d-47db-b3f8-20b0bcb8a3f5@group-7D2873B646E2, cid=3767, SUCCESS, logIndex=0, commits[f80c66c4-8a3d-47db-b3f8-20b0bcb8a3f5:c5673, 6e9bc0f4-a324-4be3-b201-2d39df7dad8a:c5671, cffe1303-2f93-4087-8a62-a40745db49f2:c5671]
2019-07-10 09:51:12,781 INFO  client.GrpcClientProtocolClient (GrpcClientProtocolClient.java:onNext(255)) - client-7D6108789623->f80c66c4-8a3d-47db-b3f8-20b0bcb8a3f5: receive RaftClientReply:client-7D6108789623->f80c66c4-8a3d-47db-b3f8-20b0bcb8a3f5@group-7D2873B646E2, cid=3768, SUCCESS, logIndex=5674, commits[f80c66c4-8a3d-47db-b3f8-20b0bcb8a3f5:c5674, 6e9bc0f4-a324-4be3-b201-2d39df7dad8a:c5673, cffe1303-2f93-4087-8a62-a40745db49f2:c5673]
2019-07-10 09:51:12,781 INFO  client.GrpcClientProtocolClient (GrpcClientProtocolClient.java:onNext(255)) - client-7D6108789623->f80c66c4-8a3d-47db-b3f8-20b0bcb8a3f5: receive RaftClientReply:client-7D6108789623->f80c66c4-8a3d-47db-b3f8-20b0bcb8a3f5@group-7D2873B646E2, cid=3769, SUCCESS, logIndex=5675, commits[f80c66c4-8a3d-47db-b3f8-20b0bcb8a3f5:c5677, 6e9bc0f4-a324-4be3-b201-2d39df7dad8a:c5673, cffe1303-2f93-4087-8a62-a40745db49f2:c5673]
2019-07-10 09:51:12,782 INFO  client.GrpcClientProtocolClient (GrpcClientProtocolClient.java:onNext(255)) - client-7D6108789623->f80c66c4-8a3d-47db-b3f8-20b0bcb8a3f5: receive RaftClientReply:client-7D6108789623->f80c66c4-8a3d-47db-b3f8-20b0bcb8a3f5@group-7D2873B646E2, cid=3770, SUCCESS, logIndex=5676, commits[f80c66c4-8a3d-47db-b3f8-20b0bcb8a3f5:c5677, 6e9bc0f4-a324-4be3-b201-2d39df7dad8a:c5673, cffe1303-2f93-4087-8a62-a40745db49f2:c5673]
2019-07-10 09:51:12,782 INFO  client.GrpcClientProtocolClient (GrpcClientProtocolClient.java:onNext(255)) - client-7D6108789623->f80c66c4-8a3d-47db-b3f8-20b0bcb8a3f5: receive RaftClientReply:client-7D6108789623->f80c66c4-8a3d-47db-b3f8-20b0bcb8a3f5@group-7D2873B646E2, cid=3771, SUCCESS, logIndex=5677, commits[f80c66c4-8a3d-47db-b3f8-20b0bcb8a3f5:c5677, 6e9bc0f4-a324-4be3-b201-2d39df7dad8a:c5673, cffe1303-2f93-4087-8a62-a40745db49f2:c5673]
2019-07-10 09:51:12,793 INFO  client.GrpcClientProtocolClient (GrpcClientProtocolClient.java:onNext(255)) - client-7D6108789623->f80c66c4-8a3d-47db-b3f8-20b0bcb8a3f5: receive RaftClientReply:client-7D6108789623->f80c66c4-8a3d-47db-b3f8-20b0bcb8a3f5@group-7D2873B646E2, cid=3772, SUCCESS, logIndex=0, commits[f80c66c4-8a3d-47db-b3f8-20b0bcb8a3f5:c5679, 6e9bc0f4-a324-4be3-b201-2d39df7dad8a:c5676, cffe1303-2f93-4087-8a62-a40745db49f2:c5676]
2019-07-10 09:51:12,805 INFO  client.GrpcClientProtocolClient (GrpcClientProtocolClient.java:onNext(255)) - client-7D6108789623->f80c66c4-8a3d-47db-b3f8-20b0bcb8a3f5: receive RaftClientReply:client-7D6108789623->f80c66c4-8a3d-47db-b3f8-20b0bcb8a3f5@group-7D2873B646E2, cid=3773, SUCCESS, logIndex=5682, commits[f80c66c4-8a3d-47db-b3f8-20b0bcb8a3f5:c5683, 6e9bc0f4-a324-4be3-b201-2d39df7dad8a:c5677, cffe1303-2f93-4087-8a62-a40745db49f2:c5681]
2019-07-10 09:51:12,805 INFO  client.GrpcClientProtocolClient (GrpcClientProtocolClient.java:onNext(255)) - client-7D6108789623->f80c66c4-8a3d-47db-b3f8-20b0bcb8a3f5: receive RaftClientReply:client-7D6108789623->f80c66c4-8a3d-47db-b3f8-20b0bcb8a3f5@group-7D2873B646E2, cid=3774, SUCCESS, logIndex=5683, commits[f80c66c4-8a3d-47db-b3f8-20b0bcb8a3f5:c5683, 6e9bc0f4-a324-4be3-b201-2d39df7dad8a:c5677, cffe1303-2f93-4087-8a62-a40745db49f2:c5681]
2019-07-10 09:51:12,817 INFO  client.GrpcClientProtocolClient (GrpcClientProtocolClient.java:onNext(255)) - client-7D6108789623->f80c66c4-8a3d-47db-b3f8-20b0bcb8a3f5: receive RaftClientReply:client-7D6108789623->f80c66c4-8a3d-47db-b3f8-20b0bcb8a3f5@group-7D2873B646E2, cid=3775, SUCCESS, logIndex=5686, commits[f80c66c4-8a3d-47db-b3f8-20b0bcb8a3f5:c5687, 6e9bc0f4-a324-4be3-b201-2d39df7dad8a:c5681, cffe1303-2f93-4087-8a62-a40745db49f2:c5683]
2019-07-10 09:51:12,817 INFO  client.GrpcClientProtocolClient (GrpcClientProtocolClient.java:onNext(255)) - client-7D6108789623->f80c66c4-8a3d-47db-b3f8-20b0bcb8a3f5: receive RaftClientReply:client-7D6108789623->f80c66c4-8a3d-47db-b3f8-20b0bcb8a3f5@group-7D2873B646E2, cid=3776, SUCCESS, logIndex=5687, commits[f80c66c4-8a3d-47db-b3f8-20b0bcb8a3f5:c5687, 6e9bc0f4-a324-4be3-b201-2d39df7dad8a:c5681, cffe1303-2f93-4087-8a62-a40745db49f2:c5683]
2019-07-10 09:51:12,818 INFO  client.GrpcClientProtocolClient (GrpcClientProtocolClient.java:onNext(255)) - client-7D6108789623->f80c66c4-8a3d-47db-b3f8-20b0bcb8a3f5: receive RaftClientReply:client-7D6108789623->f80c66c4-8a3d-47db-b3f8-20b0bcb8a3f5@group-7D2873B646E2, cid=3777, SUCCESS, logIndex=0, commits[f80c66c4-8a3d-47db-b3f8-20b0bcb8a3f5:c5687, 6e9bc0f4-a324-4be3-b201-2d39df7dad8a:c5683, cffe1303-2f93-4087-8a62-a40745db49f2:c5683]
2019-07-10 09:51:12,829 INFO  client.GrpcClientProtocolClient (GrpcClientProtocolClient.java:onNext(255)) - client-7D6108789623->f80c66c4-8a3d-47db-b3f8-20b0bcb8a3f5: receive RaftClientReply:client-7D6108789623->f80c66c4-8a3d-47db-b3f8-20b0bcb8a3f5@group-7D2873B646E2, cid=3778, SUCCESS, logIndex=0, commits[f80c66c4-8a3d-47db-b3f8-20b0bcb8a3f5:c5688, 6e9bc0f4-a324-4be3-b201-2d39df7dad8a:c5687, cffe1303-2f93-4087-8a62-a40745db49f2:c5687]
2019-07-10 09:51:12,865 INFO  client.GrpcClientProtocolClient (GrpcClientProtocolClient.java:onNext(255)) - client-7D6108789623->f80c66c4-8a3d-47db-b3f8-20b0bcb8a3f5: receive RaftClientReply:client-7D6108789623->f80c66c4-8a3d-47db-b3f8-20b0bcb8a3f5@group-7D2873B646E2, cid=3779, SUCCESS, logIndex=5690, commits[f80c66c4-8a3d-47db-b3f8-20b0bcb8a3f5:c5691, 6e9bc0f4-a324-4be3-b201-2d39df7dad8a:c5689, cffe1303-2f93-4087-8a62-a40745db49f2:c5689]
2019-07-10 09:51:12,865 INFO  client.GrpcClientProtocolClient (GrpcClientProtocolClient.java:onNext(255)) - client-7D6108789623->f80c66c4-8a3d-47db-b3f8-20b0bcb8a3f5: receive RaftClientReply:client-7D6108789623->f80c66c4-8a3d-47db-b3f8-20b0bcb8a3f5@group-7D2873B646E2, cid=3780, SUCCESS, logIndex=5691, commits[f80c66c4-8a3d-47db-b3f8-20b0bcb8a3f5:c5693, 6e9bc0f4-a324-4be3-b201-2d39df7dad8a:c5689, cffe1303-2f93-4087-8a62-a40745db49f2:c5689]
2019-07-10 09:51:12,865 INFO  client.GrpcClientProtocolClient (GrpcClientProtocolClient.java:onNext(255)) - client-7D6108789623->f80c66c4-8a3d-47db-b3f8-20b0bcb8a3f5: receive RaftClientReply:client-7D6108789623->f80c66c4-8a3d-47db-b3f8-20b0bcb8a3f5@group-7D2873B646E2, cid=3781, SUCCESS, logIndex=5692, commits[f80c66c4-8a3d-47db-b3f8-20b0bcb8a3f5:c5693, 6e9bc0f4-a324-4be3-b201-2d39df7dad8a:c5689, cffe1303-2f93-4087-8a62-a40745db49f2:c5689]
2019-07-10 09:51:12,866 INFO  client.GrpcClientProtocolClient (GrpcClientProtocolClient.java:onNext(255)) - client-7D6108789623->f80c66c4-8a3d-47db-b3f8-20b0bcb8a3f5: receive RaftClientReply:client-7D6108789623->f80c66c4-8a3d-47db-b3f8-20b0bcb8a3f5@group-7D2873B646E2, cid=3782, SUCCESS, logIndex=5693, commits[f80c66c4-8a3d-47db-b3f8-20b0bcb8a3f5:c5693, 6e9bc0f4-a324-4be3-b201-2d39df7dad8a:c5689, cffe1303-2f93-4087-8a62-a40745db49f2:c5689]
2019-07-10 09:51:12,868 INFO  client.GrpcClientProtocolClient (GrpcClientProtocolClient.java:onNext(255)) - client-7D6108789623->f80c66c4-8a3d-47db-b3f8-20b0bcb8a3f5: receive RaftClientReply:client-7D6108789623->f80c66c4-8a3d-47db-b3f8-20b0bcb8a3f5@group-7D2873B646E2, cid=3783, SUCCESS, logIndex=0, commits[f80c66c4-8a3d-47db-b3f8-20b0bcb8a3f5:c5696, 6e9bc0f4-a324-4be3-b201-2d39df7dad8a:c5692, cffe1303-2f93-4087-8a62-a40745db49f2:c5691]
2019-07-10 09:51:12,889 INFO  client.GrpcClientProtocolClient (GrpcClientProtocolClient.java:onNext(255)) - client-7D6108789623->f80c66c4-8a3d-47db-b3f8-20b0bcb8a3f5: receive RaftClientReply:client-7D6108789623->f80c66c4-8a3d-47db-b3f8-20b0bcb8a3f5@group-7D2873B646E2, cid=3784, SUCCESS, logIndex=5698, commits[f80c66c4-8a3d-47db-b3f8-20b0bcb8a3f5:c5699, 6e9bc0f4-a324-4be3-b201-2d39df7dad8a:c5697, cffe1303-2f93-4087-8a62-a40745db49f2:c5697]
2019-07-10 09:51:12,889 INFO  client.GrpcClientProtocolClient (GrpcClientProtocolClient.java:onNext(255)) - client-7D6108789623->f80c66c4-8a3d-47db-b3f8-20b0bcb8a3f5: receive RaftClientReply:client-7D6108789623->f80c66c4-8a3d-47db-b3f8-20b0bcb8a3f5@group-7D2873B646E2, cid=3785, SUCCESS, logIndex=5699, commits[f80c66c4-8a3d-47db-b3f8-20b0bcb8a3f5:c5699, 6e9bc0f4-a324-4be3-b201-2d39df7dad8a:c5697, cffe1303-2f93-4087-8a62-a40745db49f2:c5697]
2019-07-10 09:51:12,910 INFO  client.GrpcClientProtocolClient (GrpcClientProtocolClient.java:onNext(255)) - client-7D6108789623->f80c66c4-8a3d-47db-b3f8-20b0bcb8a3f5: receive RaftClientReply:client-7D6108789623->f80c66c4-8a3d-47db-b3f8-20b0bcb8a3f5@group-7D2873B646E2, cid=3786, SUCCESS, logIndex=5702, commits[f80c66c4-8a3d-47db-b3f8-20b0bcb8a3f5:c5703, 6e9bc0f4-a324-4be3-b201-2d39df7dad8a:c5699, cffe1303-2f93-4087-8a62-a40745db49f2:c5699]
2019-07-10 09:51:12,910 INFO  client.GrpcClientProtocolClient (GrpcClientProtocolClient.java:onNext(255)) - client-7D6108789623->f80c66c4-8a3d-47db-b3f8-20b0bcb8a3f5: receive RaftClientReply:client-7D6108789623->f80c66c4-8a3d-47db-b3f8-20b0bcb8a3f5@group-7D2873B646E2, cid=3787, SUCCESS, logIndex=5703, commits[f80c66c4-8a3d-47db-b3f8-20b0bcb8a3f5:c5703, 6e9bc0f4-a324-4be3-b201-2d39df7dad8a:c5699, cffe1303-2f93-4087-8a62-a40745db49f2:c5699]
2019-07-10 09:51:12,912 INFO  client.GrpcClientProtocolClient (GrpcClientProtocolClient.java:onNext(255)) - client-7D6108789623->f80c66c4-8a3d-47db-b3f8-20b0bcb8a3f5: receive RaftClientReply:client-7D6108789623->f80c66c4-8a3d-47db-b3f8-20b0bcb8a3f5@group-7D2873B646E2, cid=3788, SUCCESS, logIndex=0, commits[f80c66c4-8a3d-47db-b3f8-20b0bcb8a3f5:c5704, 6e9bc0f4-a324-4be3-b201-2d39df7dad8a:c5703, cffe1303-2f93-4087-8a62-a40745db49f2:c5703]
2019-07-10 09:51:12,946 INFO  client.GrpcClientProtocolClient (GrpcClientProtocolClient.java:onNext(255)) - client-7D6108789623->f80c66c4-8a3d-47db-b3f8-20b0bcb8a3f5: receive RaftClientReply:client-7D6108789623->f80c66c4-8a3d-47db-b3f8-20b0bcb8a3f5@group-7D2873B646E2, cid=3789, SUCCESS, logIndex=5706, commits[f80c66c4-8a3d-47db-b3f8-20b0bcb8a3f5:c5708, 6e9bc0f4-a324-4be3-b201-2d39df7dad8a:c5703, cffe1303-2f93-4087-8a62-a40745db49f2:c5705]
2019-07-10 09:51:12,947 INFO  client.GrpcClientProtocolClient (GrpcClientProtocolClient.java:onNext(255)) - client-7D6108789623->f80c66c4-8a3d-47db-b3f8-20b0bcb8a3f5: receive RaftClientReply:client-7D6108789623->f80c66c4-8a3d-47db-b3f8-20b0bcb8a3f5@group-7D2873B646E2, cid=3790, SUCCESS, logIndex=5707, commits[f80c66c4-8a3d-47db-b3f8-20b0bcb8a3f5:c5708, 6e9bc0f4-a324-4be3-b201-2d39df7dad8a:c5705, cffe1303-2f93-4087-8a62-a40745db49f2:c5705]
2019-07-10 09:51:12,947 INFO  client.GrpcClientProtocolClient (GrpcClientProtocolClient.java:onNext(255)) - client-7D6108789623->f80c66c4-8a3d-47db-b3f8-20b0bcb8a3f5: receive RaftClientReply:client-7D6108789623->f80c66c4-8a3d-47db-b3f8-20b0bcb8a3f5@group-7D2873B646E2, cid=3791, SUCCESS, logIndex=5708, commits[f80c66c4-8a3d-47db-b3f8-20b0bcb8a3f5:c5709, 6e9bc0f4-a324-4be3-b201-2d39df7dad8a:c5705, cffe1303-2f93-4087-8a62-a40745db49f2:c5705]
2019-07-10 09:51:12,948 INFO  client.GrpcClientProtocolClient (GrpcClientProtocolClient.java:onNext(255)) - client-7D6108789623->f80c66c4-8a3d-47db-b3f8-20b0bcb8a3f5: receive RaftClientReply:client-7D6108789623->f80c66c4-8a3d-47db-b3f8-20b0bcb8a3f5@group-7D2873B646E2, cid=3792, SUCCESS, logIndex=5709, commits[f80c66c4-8a3d-47db-b3f8-20b0bcb8a3f5:c5709, 6e9bc0f4-a324-4be3-b201-2d39df7dad8a:c5705, cffe1303-2f93-4087-8a62-a40745db49f2:c5705]
2019-07-10 09:51:12,950 INFO  client.GrpcClientProtocolClient (GrpcClientProtocolClient.java:onNext(255)) - client-7D6108789623->f80c66c4-8a3d-47db-b3f8-20b0bcb8a3f5: receive RaftClientReply:client-7D6108789623->f80c66c4-8a3d-47db-b3f8-20b0bcb8a3f5@group-7D2873B646E2, cid=3793, SUCCESS, logIndex=0, commits[f80c66c4-8a3d-47db-b3f8-20b0bcb8a3f5:c5711, 6e9bc0f4-a324-4be3-b201-2d39df7dad8a:c5708, cffe1303-2f93-4087-8a62-a40745db49f2:c5708]
2019-07-10 09:51:12,972 INFO  client.GrpcClientProtocolClient (GrpcClientProtocolClient.java:onNext(255)) - client-7D6108789623->f80c66c4-8a3d-47db-b3f8-20b0bcb8a3f5: receive RaftClientReply:client-7D6108789623->f80c66c4-8a3d-47db-b3f8-20b0bcb8a3f5@group-7D2873B646E2, cid=3794, SUCCESS, logIndex=5714, commits[f80c66c4-8a3d-47db-b3f8-20b0bcb8a3f5:c5715, 6e9bc0f4-a324-4be3-b201-2d39df7dad8a:c5712, cffe1303-2f93-4087-8a62-a40745db49f2:c5712]
2019-07-10 09:51:12,972 INFO  client.GrpcClientProtocolClient (GrpcClientProtocolClient.java:onNext(255)) - client-7D6108789623->f80c66c4-8a3d-47db-b3f8-20b0bcb8a3f5: receive RaftClientReply:client-7D6108789623->f80c66c4-8a3d-47db-b3f8-20b0bcb8a3f5@group-7D2873B646E2, cid=3795, SUCCESS, logIndex=5715, commits[f80c66c4-8a3d-47db-b3f8-20b0bcb8a3f5:c5715, 6e9bc0f4-a324-4be3-b201-2d39df7dad8a:c5712, cffe1303-2f93-4087-8a62-a40745db49f2:c5712]
 0.00% |█                                                                                                    |  0/1 Time: 0:00:372019-07-10 09:51:13,761 INFO  client.GrpcClientProtocolClient (GrpcClientProtocolClient.java:onNext(255)) - client-7D6108789623->f80c66c4-8a3d-47db-b3f8-20b0bcb8a3f5: receive RaftClientReply:client-7D6108789623->f80c66c4-8a3d-47db-b3f8-20b0bcb8a3f5@group-7D2873B646E2, cid=3796, SUCCESS, logIndex=5718, commits[f80c66c4-8a3d-47db-b3f8-20b0bcb8a3f5:c5719, 6e9bc0f4-a324-4be3-b201-2d39df7dad8a:c5715, cffe1303-2f93-4087-8a62-a40745db49f2:c5715]
2019-07-10 09:51:13,762 INFO  client.GrpcClientProtocolClient (GrpcClientProtocolClient.java:onNext(255)) - client-7D6108789623->f80c66c4-8a3d-47db-b3f8-20b0bcb8a3f5: receive RaftClientReply:client-7D6108789623->f80c66c4-8a3d-47db-b3f8-20b0bcb8a3f5@group-7D2873B646E2, cid=3797, SUCCESS, logIndex=5719, commits[f80c66c4-8a3d-47db-b3f8-20b0bcb8a3f5:c5719, 6e9bc0f4-a324-4be3-b201-2d39df7dad8a:c5715, cffe1303-2f93-4087-8a62-a40745db49f2:c5715]
 0.00% |█                                                                                                    |  0/1 Time: 0:00:382019-07-10 09:51:14,256 INFO  client.GrpcClientProtocolClient (GrpcClientProtocolClient.java:onNext(255)) - client-7D6108789623->f80c66c4-8a3d-47db-b3f8-20b0bcb8a3f5: receive RaftClientReply:client-7D6108789623->f80c66c4-8a3d-47db-b3f8-20b0bcb8a3f5@group-7D2873B646E2, cid=3798, SUCCESS, logIndex=0, commits[f80c66c4-8a3d-47db-b3f8-20b0bcb8a3f5:c5720, 6e9bc0f4-a324-4be3-b201-2d39df7dad8a:c5719, cffe1303-2f93-4087-8a62-a40745db49f2:c5719]
 0.00% |█                                                                                                    |  0/1 Time: 0:00:39 0.00% |█                                                                                                    |  0/1 Time: 0:00:402019-07-10 09:51:16,356 INFO  client.GrpcClientProtocolClient (GrpcClientProtocolClient.java:onNext(255)) - client-7D6108789623->f80c66c4-8a3d-47db-b3f8-20b0bcb8a3f5: receive RaftClientReply:client-7D6108789623->f80c66c4-8a3d-47db-b3f8-20b0bcb8a3f5@group-7D2873B646E2, cid=3799, SUCCESS, logIndex=5722, commits[f80c66c4-8a3d-47db-b3f8-20b0bcb8a3f5:c5724, 6e9bc0f4-a324-4be3-b201-2d39df7dad8a:c5721, cffe1303-2f93-4087-8a62-a40745db49f2:c5721]
2019-07-10 09:51:16,357 INFO  client.GrpcClientProtocolClient (GrpcClientProtocolClient.java:onNext(255)) - client-7D6108789623->f80c66c4-8a3d-47db-b3f8-20b0bcb8a3f5: receive RaftClientReply:client-7D6108789623->f80c66c4-8a3d-47db-b3f8-20b0bcb8a3f5@group-7D2873B646E2, cid=3800, SUCCESS, logIndex=5723, commits[f80c66c4-8a3d-47db-b3f8-20b0bcb8a3f5:c5725, 6e9bc0f4-a324-4be3-b201-2d39df7dad8a:c5721, cffe1303-2f93-4087-8a62-a40745db49f2:c5721]
2019-07-10 09:51:16,357 INFO  client.GrpcClientProtocolClient (GrpcClientProtocolClient.java:onNext(255)) - client-7D6108789623->f80c66c4-8a3d-47db-b3f8-20b0bcb8a3f5: receive RaftClientReply:client-7D6108789623->f80c66c4-8a3d-47db-b3f8-20b0bcb8a3f5@group-7D2873B646E2, cid=3801, SUCCESS, logIndex=5724, commits[f80c66c4-8a3d-47db-b3f8-20b0bcb8a3f5:c5725, 6e9bc0f4-a324-4be3-b201-2d39df7dad8a:c5721, cffe1303-2f93-4087-8a62-a40745db49f2:c5721]
2019-07-10 09:51:16,358 INFO  client.GrpcClientProtocolClient (GrpcClientProtocolClient.java:onNext(255)) - client-7D6108789623->f80c66c4-8a3d-47db-b3f8-20b0bcb8a3f5: receive RaftClientReply:client-7D6108789623->f80c66c4-8a3d-47db-b3f8-20b0bcb8a3f5@group-7D2873B646E2, cid=3802, SUCCESS, logIndex=5725, commits[f80c66c4-8a3d-47db-b3f8-20b0bcb8a3f5:c5725, 6e9bc0f4-a324-4be3-b201-2d39df7dad8a:c5721, cffe1303-2f93-4087-8a62-a40745db49f2:c5721]
 0.00% |█                                                                                                    |  0/1 Time: 0:00:412019-07-10 09:51:17,658 INFO  client.GrpcClientProtocolClient (GrpcClientProtocolClient.java:onNext(255)) - client-7D6108789623->f80c66c4-8a3d-47db-b3f8-20b0bcb8a3f5: receive RaftClientReply:client-7D6108789623->f80c66c4-8a3d-47db-b3f8-20b0bcb8a3f5@group-7D2873B646E2, cid=3803, SUCCESS, logIndex=0, commits[f80c66c4-8a3d-47db-b3f8-20b0bcb8a3f5:c5726, 6e9bc0f4-a324-4be3-b201-2d39df7dad8a:c5725, cffe1303-2f93-4087-8a62-a40745db49f2:c5725]
 0.00% |█                                                                                                    |  0/1 Time: 0:00:42 0.00% |█                                                                                                    |  0/1 Time: 0:00:432019-07-10 09:51:19,355 WARN  server.GrpcLogAppender (GrpcLogAppender.java:timeoutAppendRequest(200)) - GrpcLogAppender(f80c66c4-8a3d-47db-b3f8-20b0bcb8a3f5->cffe1303-2f93-4087-8a62-a40745db49f2): appendEntries Timeout, request=f80c66c4-8a3d-47db-b3f8-20b0bcb8a3f5->cffe1303-2f93-4087-8a62-a40745db49f2#5771-t1, previous=(t:1, i:5726), leaderCommit=5723, initializing? false, entries: size=1, first=(t:1, i:5727), METADATAENTRY(c5723)
2019-07-10 09:51:19,356 WARN  server.GrpcLogAppender (GrpcLogAppender.java:timeoutAppendRequest(200)) - GrpcLogAppender(f80c66c4-8a3d-47db-b3f8-20b0bcb8a3f5->cffe1303-2f93-4087-8a62-a40745db49f2): appendEntries Timeout, request=f80c66c4-8a3d-47db-b3f8-20b0bcb8a3f5->cffe1303-2f93-4087-8a62-a40745db49f2#5772-t1, previous=(t:1, i:5727), leaderCommit=5724, initializing? false, entries: size=1, first=(t:1, i:5728), METADATAENTRY(c5724)
2019-07-10 09:51:19,356 WARN  server.GrpcLogAppender (GrpcLogAppender.java:timeoutAppendRequest(200)) - GrpcLogAppender(f80c66c4-8a3d-47db-b3f8-20b0bcb8a3f5->cffe1303-2f93-4087-8a62-a40745db49f2): appendEntries Timeout, request=f80c66c4-8a3d-47db-b3f8-20b0bcb8a3f5->cffe1303-2f93-4087-8a62-a40745db49f2#5773-t1, previous=(t:1, i:5728), leaderCommit=5725, initializing? false, entries: size=1, first=(t:1, i:5729), METADATAENTRY(c5725)
2019-07-10 09:51:19,856 WARN  server.GrpcLogAppender (GrpcLogAppender.java:timeoutAppendRequest(200)) - GrpcLogAppender(f80c66c4-8a3d-47db-b3f8-20b0bcb8a3f5->cffe1303-2f93-4087-8a62-a40745db49f2): appendEntries Timeout, request=f80c66c4-8a3d-47db-b3f8-20b0bcb8a3f5->cffe1303-2f93-4087-8a62-a40745db49f2#5774-t1, previous=(t:1, i:5729), leaderCommit=5725, initializing? false, entries: <empty>
2019-07-10 09:51:19,857 WARN  server.GrpcLogAppender (GrpcLogAppender.java:onNextImpl(250)) - org.apache.ratis.grpc.server.GrpcLogAppender$AppendLogResponseHandler@166f04a4: Request not found, ignoring reply: f80c66c4-8a3d-47db-b3f8-20b0bcb8a3f5<-cffe1303-2f93-4087-8a62-a40745db49f2#5771:OK,SUCCESS,nextIndex:5728,term:1,followerCommit:5726
2019-07-10 09:51:19,860 WARN  server.GrpcLogAppender (GrpcLogAppender.java:onNextImpl(250)) - org.apache.ratis.grpc.server.GrpcLogAppender$AppendLogResponseHandler@166f04a4: Request not found, ignoring reply: f80c66c4-8a3d-47db-b3f8-20b0bcb8a3f5<-cffe1303-2f93-4087-8a62-a40745db49f2#5772:OK,SUCCESS,nextIndex:5729,term:1,followerCommit:5726
2019-07-10 09:51:19,860 WARN  server.GrpcLogAppender (GrpcLogAppender.java:onNextImpl(250)) - org.apache.ratis.grpc.server.GrpcLogAppender$AppendLogResponseHandler@166f04a4: Request not found, ignoring reply: f80c66c4-8a3d-47db-b3f8-20b0bcb8a3f5<-cffe1303-2f93-4087-8a62-a40745db49f2#5773:OK,SUCCESS,nextIndex:5730,term:1,followerCommit:5726
2019-07-10 09:51:19,860 WARN  server.GrpcLogAppender (GrpcLogAppender.java:onNextImpl(250)) - org.apache.ratis.grpc.server.GrpcLogAppender$AppendLogResponseHandler@166f04a4: Request not found, ignoring reply: f80c66c4-8a3d-47db-b3f8-20b0bcb8a3f5<-cffe1303-2f93-4087-8a62-a40745db49f2#5774:OK,SUCCESS,nextIndex:5730,term:1,followerCommit:5725
2019-07-10 09:51:20,078 INFO  client.GrpcClientProtocolClient (GrpcClientProtocolClient.java:onNext(255)) - client-7D6108789623->f80c66c4-8a3d-47db-b3f8-20b0bcb8a3f5: receive RaftClientReply:client-7D6108789623->f80c66c4-8a3d-47db-b3f8-20b0bcb8a3f5@group-7D2873B646E2, cid=3804, SUCCESS, logIndex=5730, commits[f80c66c4-8a3d-47db-b3f8-20b0bcb8a3f5:c5731, 6e9bc0f4-a324-4be3-b201-2d39df7dad8a:c5729, cffe1303-2f93-4087-8a62-a40745db49f2:c5726]
2019-07-10 09:51:20,079 INFO  client.GrpcClientProtocolClient (GrpcClientProtocolClient.java:onNext(255)) - client-7D6108789623->f80c66c4-8a3d-47db-b3f8-20b0bcb8a3f5: receive RaftClientReply:client-7D6108789623->f80c66c4-8a3d-47db-b3f8-20b0bcb8a3f5@group-7D2873B646E2, cid=3805, SUCCESS, logIndex=5731, commits[f80c66c4-8a3d-47db-b3f8-20b0bcb8a3f5:c5731, 6e9bc0f4-a324-4be3-b201-2d39df7dad8a:c5729, cffe1303-2f93-4087-8a62-a40745db49f2:c5726]
2019-07-10 09:51:20,095 INFO  client.GrpcClientProtocolClient (GrpcClientProtocolClient.java:onNext(255)) - client-7D6108789623->f80c66c4-8a3d-47db-b3f8-20b0bcb8a3f5: receive RaftClientReply:client-7D6108789623->f80c66c4-8a3d-47db-b3f8-20b0bcb8a3f5@group-7D2873B646E2, cid=3806, SUCCESS, logIndex=5734, commits[f80c66c4-8a3d-47db-b3f8-20b0bcb8a3f5:c5735, 6e9bc0f4-a324-4be3-b201-2d39df7dad8a:c5730, cffe1303-2f93-4087-8a62-a40745db49f2:c5731]
2019-07-10 09:51:20,096 INFO  client.GrpcClientProtocolClient (GrpcClientProtocolClient.java:onNext(255)) - client-7D6108789623->f80c66c4-8a3d-47db-b3f8-20b0bcb8a3f5: receive RaftClientReply:client-7D6108789623->f80c66c4-8a3d-47db-b3f8-20b0bcb8a3f5@group-7D2873B646E2, cid=3807, SUCCESS, logIndex=5735, commits[f80c66c4-8a3d-47db-b3f8-20b0bcb8a3f5:c5735, 6e9bc0f4-a324-4be3-b201-2d39df7dad8a:c5731, cffe1303-2f93-4087-8a62-a40745db49f2:c5731]
2019-07-10 09:51:20,098 INFO  client.GrpcClientProtocolClient (GrpcClientProtocolClient.java:onNext(255)) - client-7D6108789623->f80c66c4-8a3d-47db-b3f8-20b0bcb8a3f5: receive RaftClientReply:client-7D6108789623->f80c66c4-8a3d-47db-b3f8-20b0bcb8a3f5@group-7D2873B646E2, cid=3808, SUCCESS, logIndex=0, commits[f80c66c4-8a3d-47db-b3f8-20b0bcb8a3f5:c5737, 6e9bc0f4-a324-4be3-b201-2d39df7dad8a:c5735, cffe1303-2f93-4087-8a62-a40745db49f2:c5735]
2019-07-10 09:51:20,133 INFO  client.GrpcClientProtocolClient (GrpcClientProtocolClient.java:onNext(255)) - client-7D6108789623->f80c66c4-8a3d-47db-b3f8-20b0bcb8a3f5: receive RaftClientReply:client-7D6108789623->f80c66c4-8a3d-47db-b3f8-20b0bcb8a3f5@group-7D2873B646E2, cid=3809, SUCCESS, logIndex=5738, commits[f80c66c4-8a3d-47db-b3f8-20b0bcb8a3f5:c5739, 6e9bc0f4-a324-4be3-b201-2d39df7dad8a:c5737, cffe1303-2f93-4087-8a62-a40745db49f2:c5737]
2019-07-10 09:51:20,133 INFO  client.GrpcClientProtocolClient (GrpcClientProtocolClient.java:onNext(255)) - client-7D6108789623->f80c66c4-8a3d-47db-b3f8-20b0bcb8a3f5: receive RaftClientReply:client-7D6108789623->f80c66c4-8a3d-47db-b3f8-20b0bcb8a3f5@group-7D2873B646E2, cid=3810, SUCCESS, logIndex=5739, commits[f80c66c4-8a3d-47db-b3f8-20b0bcb8a3f5:c5740, 6e9bc0f4-a324-4be3-b201-2d39df7dad8a:c5737, cffe1303-2f93-4087-8a62-a40745db49f2:c5737]
2019-07-10 09:51:20,134 INFO  client.GrpcClientProtocolClient (GrpcClientProtocolClient.java:onNext(255)) - client-7D6108789623->f80c66c4-8a3d-47db-b3f8-20b0bcb8a3f5: receive RaftClientReply:client-7D6108789623->f80c66c4-8a3d-47db-b3f8-20b0bcb8a3f5@group-7D2873B646E2, cid=3811, SUCCESS, logIndex=5740, commits[f80c66c4-8a3d-47db-b3f8-20b0bcb8a3f5:c5741, 6e9bc0f4-a324-4be3-b201-2d39df7dad8a:c5737, cffe1303-2f93-4087-8a62-a40745db49f2:c5737]
2019-07-10 09:51:20,134 INFO  client.GrpcClientProtocolClient (GrpcClientProtocolClient.java:onNext(255)) - client-7D6108789623->f80c66c4-8a3d-47db-b3f8-20b0bcb8a3f5: receive RaftClientReply:client-7D6108789623->f80c66c4-8a3d-47db-b3f8-20b0bcb8a3f5@group-7D2873B646E2, cid=3812, SUCCESS, logIndex=5741, commits[f80c66c4-8a3d-47db-b3f8-20b0bcb8a3f5:c5741, 6e9bc0f4-a324-4be3-b201-2d39df7dad8a:c5737, cffe1303-2f93-4087-8a62-a40745db49f2:c5737]
2019-07-10 09:51:20,137 INFO  client.GrpcClientProtocolClient (GrpcClientProtocolClient.java:onNext(255)) - client-7D6108789623->f80c66c4-8a3d-47db-b3f8-20b0bcb8a3f5: receive RaftClientReply:client-7D6108789623->f80c66c4-8a3d-47db-b3f8-20b0bcb8a3f5@group-7D2873B646E2, cid=3813, SUCCESS, logIndex=0, commits[f80c66c4-8a3d-47db-b3f8-20b0bcb8a3f5:c5743, 6e9bc0f4-a324-4be3-b201-2d39df7dad8a:c5739, cffe1303-2f93-4087-8a62-a40745db49f2:c5739]
2019-07-10 09:51:20,151 INFO  client.GrpcClientProtocolClient (GrpcClientProtocolClient.java:onNext(255)) - client-7D6108789623->f80c66c4-8a3d-47db-b3f8-20b0bcb8a3f5: receive RaftClientReply:client-7D6108789623->f80c66c4-8a3d-47db-b3f8-20b0bcb8a3f5@group-7D2873B646E2, cid=3814, SUCCESS, logIndex=5746, commits[f80c66c4-8a3d-47db-b3f8-20b0bcb8a3f5:c5747, 6e9bc0f4-a324-4be3-b201-2d39df7dad8a:c5744, cffe1303-2f93-4087-8a62-a40745db49f2:c5744]
2019-07-10 09:51:20,151 INFO  client.GrpcClientProtocolClient (GrpcClientProtocolClient.java:onNext(255)) - client-7D6108789623->f80c66c4-8a3d-47db-b3f8-20b0bcb8a3f5: receive RaftClientReply:client-7D6108789623->f80c66c4-8a3d-47db-b3f8-20b0bcb8a3f5@group-7D2873B646E2, cid=3815, SUCCESS, logIndex=5747, commits[f80c66c4-8a3d-47db-b3f8-20b0bcb8a3f5:c5747, 6e9bc0f4-a324-4be3-b201-2d39df7dad8a:c5744, cffe1303-2f93-4087-8a62-a40745db49f2:c5744]
2019-07-10 09:51:20,164 INFO  client.GrpcClientProtocolClient (GrpcClientProtocolClient.java:onNext(255)) - client-7D6108789623->f80c66c4-8a3d-47db-b3f8-20b0bcb8a3f5: receive RaftClientReply:client-7D6108789623->f80c66c4-8a3d-47db-b3f8-20b0bcb8a3f5@group-7D2873B646E2, cid=3816, SUCCESS, logIndex=5750, commits[f80c66c4-8a3d-47db-b3f8-20b0bcb8a3f5:c5751, 6e9bc0f4-a324-4be3-b201-2d39df7dad8a:c5748, cffe1303-2f93-4087-8a62-a40745db49f2:c5748]
2019-07-10 09:51:20,165 INFO  client.GrpcClientProtocolClient (GrpcClientProtocolClient.java:onNext(255)) - client-7D6108789623->f80c66c4-8a3d-47db-b3f8-20b0bcb8a3f5: receive RaftClientReply:client-7D6108789623->f80c66c4-8a3d-47db-b3f8-20b0bcb8a3f5@group-7D2873B646E2, cid=3817, SUCCESS, logIndex=5751, commits[f80c66c4-8a3d-47db-b3f8-20b0bcb8a3f5:c5751, 6e9bc0f4-a324-4be3-b201-2d39df7dad8a:c5748, cffe1303-2f93-4087-8a62-a40745db49f2:c5748]
2019-07-10 09:51:20,177 INFO  client.GrpcClientProtocolClient (GrpcClientProtocolClient.java:onNext(255)) - client-7D6108789623->f80c66c4-8a3d-47db-b3f8-20b0bcb8a3f5: receive RaftClientReply:client-7D6108789623->f80c66c4-8a3d-47db-b3f8-20b0bcb8a3f5@group-7D2873B646E2, cid=3818, SUCCESS, logIndex=0, commits[f80c66c4-8a3d-47db-b3f8-20b0bcb8a3f5:c5753, 6e9bc0f4-a324-4be3-b201-2d39df7dad8a:c5751, cffe1303-2f93-4087-8a62-a40745db49f2:c5751]
2019-07-10 09:51:20,204 INFO  client.GrpcClientProtocolClient (GrpcClientProtocolClient.java:onNext(255)) - client-7D6108789623->f80c66c4-8a3d-47db-b3f8-20b0bcb8a3f5: receive RaftClientReply:client-7D6108789623->f80c66c4-8a3d-47db-b3f8-20b0bcb8a3f5@group-7D2873B646E2, cid=3819, SUCCESS, logIndex=5754, commits[f80c66c4-8a3d-47db-b3f8-20b0bcb8a3f5:c5755, 6e9bc0f4-a324-4be3-b201-2d39df7dad8a:c5753, cffe1303-2f93-4087-8a62-a40745db49f2:c5753]
2019-07-10 09:51:20,205 INFO  client.GrpcClientProtocolClient (GrpcClientProtocolClient.java:onNext(255)) - client-7D6108789623->f80c66c4-8a3d-47db-b3f8-20b0bcb8a3f5: receive RaftClientReply:client-7D6108789623->f80c66c4-8a3d-47db-b3f8-20b0bcb8a3f5@group-7D2873B646E2, cid=3820, SUCCESS, logIndex=5755, commits[f80c66c4-8a3d-47db-b3f8-20b0bcb8a3f5:c5755, 6e9bc0f4-a324-4be3-b201-2d39df7dad8a:c5753, cffe1303-2f93-4087-8a62-a40745db49f2:c5753]
2019-07-10 09:51:20,214 INFO  client.GrpcClientProtocolClient (GrpcClientProtocolClient.java:onNext(255)) - client-7D6108789623->f80c66c4-8a3d-47db-b3f8-20b0bcb8a3f5: receive RaftClientReply:client-7D6108789623->f80c66c4-8a3d-47db-b3f8-20b0bcb8a3f5@group-7D2873B646E2, cid=3821, SUCCESS, logIndex=5756, commits[f80c66c4-8a3d-47db-b3f8-20b0bcb8a3f5:c5757, 6e9bc0f4-a324-4be3-b201-2d39df7dad8a:c5753, cffe1303-2f93-4087-8a62-a40745db49f2:c5753]
2019-07-10 09:51:20,214 INFO  client.GrpcClientProtocolClient (GrpcClientProtocolClient.java:onNext(255)) - client-7D6108789623->f80c66c4-8a3d-47db-b3f8-20b0bcb8a3f5: receive RaftClientReply:client-7D6108789623->f80c66c4-8a3d-47db-b3f8-20b0bcb8a3f5@group-7D2873B646E2, cid=3822, SUCCESS, logIndex=5757, commits[f80c66c4-8a3d-47db-b3f8-20b0bcb8a3f5:c5757, 6e9bc0f4-a324-4be3-b201-2d39df7dad8a:c5753, cffe1303-2f93-4087-8a62-a40745db49f2:c5753]
2019-07-10 09:51:20,217 INFO  client.GrpcClientProtocolClient (GrpcClientProtocolClient.java:onNext(255)) - client-7D6108789623->f80c66c4-8a3d-47db-b3f8-20b0bcb8a3f5: receive RaftClientReply:client-7D6108789623->f80c66c4-8a3d-47db-b3f8-20b0bcb8a3f5@group-7D2873B646E2, cid=3823, SUCCESS, logIndex=0, commits[f80c66c4-8a3d-47db-b3f8-20b0bcb8a3f5:c5759, 6e9bc0f4-a324-4be3-b201-2d39df7dad8a:c5755, cffe1303-2f93-4087-8a62-a40745db49f2:c5755]
2019-07-10 09:51:20,237 INFO  client.GrpcClientProtocolClient (GrpcClientProtocolClient.java:onNext(255)) - client-7D6108789623->f80c66c4-8a3d-47db-b3f8-20b0bcb8a3f5: receive RaftClientReply:client-7D6108789623->f80c66c4-8a3d-47db-b3f8-20b0bcb8a3f5@group-7D2873B646E2, cid=3824, SUCCESS, logIndex=5762, commits[f80c66c4-8a3d-47db-b3f8-20b0bcb8a3f5:c5763, 6e9bc0f4-a324-4be3-b201-2d39df7dad8a:c5757, cffe1303-2f93-4087-8a62-a40745db49f2:c5760]
2019-07-10 09:51:20,238 INFO  client.GrpcClientProtocolClient (GrpcClientProtocolClient.java:onNext(255)) - client-7D6108789623->f80c66c4-8a3d-47db-b3f8-20b0bcb8a3f5: receive RaftClientReply:client-7D6108789623->f80c66c4-8a3d-47db-b3f8-20b0bcb8a3f5@group-7D2873B646E2, cid=3825, SUCCESS, logIndex=5763, commits[f80c66c4-8a3d-47db-b3f8-20b0bcb8a3f5:c5763, 6e9bc0f4-a324-4be3-b201-2d39df7dad8a:c5760, cffe1303-2f93-4087-8a62-a40745db49f2:c5760]
 0.00% |█                                                                                                    |  0/1 Time: 0:00:442019-07-10 09:51:20,260 INFO  client.GrpcClientProtocolClient (GrpcClientProtocolClient.java:onNext(255)) - client-7D6108789623->f80c66c4-8a3d-47db-b3f8-20b0bcb8a3f5: receive RaftClientReply:client-7D6108789623->f80c66c4-8a3d-47db-b3f8-20b0bcb8a3f5@group-7D2873B646E2, cid=3826, SUCCESS, logIndex=5766, commits[f80c66c4-8a3d-47db-b3f8-20b0bcb8a3f5:c5767, 6e9bc0f4-a324-4be3-b201-2d39df7dad8a:c5765, cffe1303-2f93-4087-8a62-a40745db49f2:c5765]
2019-07-10 09:51:20,260 INFO  client.GrpcClientProtocolClient (GrpcClientProtocolClient.java:onNext(255)) - client-7D6108789623->f80c66c4-8a3d-47db-b3f8-20b0bcb8a3f5: receive RaftClientReply:client-7D6108789623->f80c66c4-8a3d-47db-b3f8-20b0bcb8a3f5@group-7D2873B646E2, cid=3827, SUCCESS, logIndex=5767, commits[f80c66c4-8a3d-47db-b3f8-20b0bcb8a3f5:c5767, 6e9bc0f4-a324-4be3-b201-2d39df7dad8a:c5765, cffe1303-2f93-4087-8a62-a40745db49f2:c5765]
2019-07-10 09:51:20,273 INFO  client.GrpcClientProtocolClient (GrpcClientProtocolClient.java:onNext(255)) - client-7D6108789623->f80c66c4-8a3d-47db-b3f8-20b0bcb8a3f5: receive RaftClientReply:client-7D6108789623->f80c66c4-8a3d-47db-b3f8-20b0bcb8a3f5@group-7D2873B646E2, cid=3828, SUCCESS, logIndex=0, commits[f80c66c4-8a3d-47db-b3f8-20b0bcb8a3f5:c5769, 6e9bc0f4-a324-4be3-b201-2d39df7dad8a:c5767, cffe1303-2f93-4087-8a62-a40745db49f2:c5767]
2019-07-10 09:51:20,430 INFO  client.GrpcClientProtocolClient (GrpcClientProtocolClient.java:onNext(255)) - client-7D6108789623->f80c66c4-8a3d-47db-b3f8-20b0bcb8a3f5: receive RaftClientReply:client-7D6108789623->f80c66c4-8a3d-47db-b3f8-20b0bcb8a3f5@group-7D2873B646E2, cid=3829, SUCCESS, logIndex=5770, commits[f80c66c4-8a3d-47db-b3f8-20b0bcb8a3f5:c5771, 6e9bc0f4-a324-4be3-b201-2d39df7dad8a:c5769, cffe1303-2f93-4087-8a62-a40745db49f2:c5769]
2019-07-10 09:51:20,431 INFO  client.GrpcClientProtocolClient (GrpcClientProtocolClient.java:onNext(255)) - client-7D6108789623->f80c66c4-8a3d-47db-b3f8-20b0bcb8a3f5: receive RaftClientReply:client-7D6108789623->f80c66c4-8a3d-47db-b3f8-20b0bcb8a3f5@group-7D2873B646E2, cid=3830, SUCCESS, logIndex=5771, commits[f80c66c4-8a3d-47db-b3f8-20b0bcb8a3f5:c5771, 6e9bc0f4-a324-4be3-b201-2d39df7dad8a:c5769, cffe1303-2f93-4087-8a62-a40745db49f2:c5769]
2019-07-10 09:51:20,431 INFO  client.GrpcClientProtocolClient (GrpcClientProtocolClient.java:onNext(255)) - client-7D6108789623->f80c66c4-8a3d-47db-b3f8-20b0bcb8a3f5: receive RaftClientReply:client-7D6108789623->f80c66c4-8a3d-47db-b3f8-20b0bcb8a3f5@group-7D2873B646E2, cid=3831, SUCCESS, logIndex=5772, commits[f80c66c4-8a3d-47db-b3f8-20b0bcb8a3f5:c5773, 6e9bc0f4-a324-4be3-b201-2d39df7dad8a:c5769, cffe1303-2f93-4087-8a62-a40745db49f2:c5769]
2019-07-10 09:51:20,431 INFO  client.GrpcClientProtocolClient (GrpcClientProtocolClient.java:onNext(255)) - client-7D6108789623->f80c66c4-8a3d-47db-b3f8-20b0bcb8a3f5: receive RaftClientReply:client-7D6108789623->f80c66c4-8a3d-47db-b3f8-20b0bcb8a3f5@group-7D2873B646E2, cid=3832, SUCCESS, logIndex=5773, commits[f80c66c4-8a3d-47db-b3f8-20b0bcb8a3f5:c5773, 6e9bc0f4-a324-4be3-b201-2d39df7dad8a:c5769, cffe1303-2f93-4087-8a62-a40745db49f2:c5769]
2019-07-10 09:51:20,441 INFO  client.GrpcClientProtocolClient (GrpcClientProtocolClient.java:onNext(255)) - client-7D6108789623->f80c66c4-8a3d-47db-b3f8-20b0bcb8a3f5: receive RaftClientReply:client-7D6108789623->f80c66c4-8a3d-47db-b3f8-20b0bcb8a3f5@group-7D2873B646E2, cid=3833, SUCCESS, logIndex=0, commits[f80c66c4-8a3d-47db-b3f8-20b0bcb8a3f5:c5775, 6e9bc0f4-a324-4be3-b201-2d39df7dad8a:c5771, cffe1303-2f93-4087-8a62-a40745db49f2:c5771]
2019-07-10 09:51:20,460 INFO  client.GrpcClientProtocolClient (GrpcClientProtocolClient.java:onNext(255)) - client-7D6108789623->f80c66c4-8a3d-47db-b3f8-20b0bcb8a3f5: receive RaftClientReply:client-7D6108789623->f80c66c4-8a3d-47db-b3f8-20b0bcb8a3f5@group-7D2873B646E2, cid=3834, SUCCESS, logIndex=5778, commits[f80c66c4-8a3d-47db-b3f8-20b0bcb8a3f5:c5779, 6e9bc0f4-a324-4be3-b201-2d39df7dad8a:c5777, cffe1303-2f93-4087-8a62-a40745db49f2:c5777]
2019-07-10 09:51:20,460 INFO  client.GrpcClientProtocolClient (GrpcClientProtocolClient.java:onNext(255)) - client-7D6108789623->f80c66c4-8a3d-47db-b3f8-20b0bcb8a3f5: receive RaftClientReply:client-7D6108789623->f80c66c4-8a3d-47db-b3f8-20b0bcb8a3f5@group-7D2873B646E2, cid=3835, SUCCESS, logIndex=5779, commits[f80c66c4-8a3d-47db-b3f8-20b0bcb8a3f5:c5779, 6e9bc0f4-a324-4be3-b201-2d39df7dad8a:c5777, cffe1303-2f93-4087-8a62-a40745db49f2:c5777]
2019-07-10 09:51:20,475 INFO  client.GrpcClientProtocolClient (GrpcClientProtocolClient.java:onNext(255)) - client-7D6108789623->f80c66c4-8a3d-47db-b3f8-20b0bcb8a3f5: receive RaftClientReply:client-7D6108789623->f80c66c4-8a3d-47db-b3f8-20b0bcb8a3f5@group-7D2873B646E2, cid=3836, SUCCESS, logIndex=5782, commits[f80c66c4-8a3d-47db-b3f8-20b0bcb8a3f5:c5782, 6e9bc0f4-a324-4be3-b201-2d39df7dad8a:c5779, cffe1303-2f93-4087-8a62-a40745db49f2:c5779]
2019-07-10 09:51:20,476 INFO  client.GrpcClientProtocolClient (GrpcClientProtocolClient.java:onNext(255)) - client-7D6108789623->f80c66c4-8a3d-47db-b3f8-20b0bcb8a3f5: receive RaftClientReply:client-7D6108789623->f80c66c4-8a3d-47db-b3f8-20b0bcb8a3f5@group-7D2873B646E2, cid=3837, SUCCESS, logIndex=5783, commits[f80c66c4-8a3d-47db-b3f8-20b0bcb8a3f5:c5783, 6e9bc0f4-a324-4be3-b201-2d39df7dad8a:c5779, cffe1303-2f93-4087-8a62-a40745db49f2:c5779]
2019-07-10 09:51:20,492 INFO  client.GrpcClientProtocolClient (GrpcClientProtocolClient.java:onNext(255)) - client-7D6108789623->f80c66c4-8a3d-47db-b3f8-20b0bcb8a3f5: receive RaftClientReply:client-7D6108789623->f80c66c4-8a3d-47db-b3f8-20b0bcb8a3f5@group-7D2873B646E2, cid=3838, SUCCESS, logIndex=0, commits[f80c66c4-8a3d-47db-b3f8-20b0bcb8a3f5:c5785, 6e9bc0f4-a324-4be3-b201-2d39df7dad8a:c5783, cffe1303-2f93-4087-8a62-a40745db49f2:c5783]
2019-07-10 09:51:20,556 INFO  client.GrpcClientProtocolClient (GrpcClientProtocolClient.java:onNext(255)) - client-7D6108789623->f80c66c4-8a3d-47db-b3f8-20b0bcb8a3f5: receive RaftClientReply:client-7D6108789623->f80c66c4-8a3d-47db-b3f8-20b0bcb8a3f5@group-7D2873B646E2, cid=3839, SUCCESS, logIndex=5786, commits[f80c66c4-8a3d-47db-b3f8-20b0bcb8a3f5:c5787, 6e9bc0f4-a324-4be3-b201-2d39df7dad8a:c5785, cffe1303-2f93-4087-8a62-a40745db49f2:c5785]
2019-07-10 09:51:20,557 INFO  client.GrpcClientProtocolClient (GrpcClientProtocolClient.java:onNext(255)) - client-7D6108789623->f80c66c4-8a3d-47db-b3f8-20b0bcb8a3f5: receive RaftClientReply:client-7D6108789623->f80c66c4-8a3d-47db-b3f8-20b0bcb8a3f5@group-7D2873B646E2, cid=3840, SUCCESS, logIndex=5787, commits[f80c66c4-8a3d-47db-b3f8-20b0bcb8a3f5:c5787, 6e9bc0f4-a324-4be3-b201-2d39df7dad8a:c5785, cffe1303-2f93-4087-8a62-a40745db49f2:c5785]
2019-07-10 09:51:20,557 INFO  client.GrpcClientProtocolClient (GrpcClientProtocolClient.java:onNext(255)) - client-7D6108789623->f80c66c4-8a3d-47db-b3f8-20b0bcb8a3f5: receive RaftClientReply:client-7D6108789623->f80c66c4-8a3d-47db-b3f8-20b0bcb8a3f5@group-7D2873B646E2, cid=3841, SUCCESS, logIndex=5788, commits[f80c66c4-8a3d-47db-b3f8-20b0bcb8a3f5:c5789, 6e9bc0f4-a324-4be3-b201-2d39df7dad8a:c5785, cffe1303-2f93-4087-8a62-a40745db49f2:c5785]
2019-07-10 09:51:20,558 INFO  client.GrpcClientProtocolClient (GrpcClientProtocolClient.java:onNext(255)) - client-7D6108789623->f80c66c4-8a3d-47db-b3f8-20b0bcb8a3f5: receive RaftClientReply:client-7D6108789623->f80c66c4-8a3d-47db-b3f8-20b0bcb8a3f5@group-7D2873B646E2, cid=3842, SUCCESS, logIndex=5789, commits[f80c66c4-8a3d-47db-b3f8-20b0bcb8a3f5:c5789, 6e9bc0f4-a324-4be3-b201-2d39df7dad8a:c5785, cffe1303-2f93-4087-8a62-a40745db49f2:c5785]
2019-07-10 09:51:20,576 INFO  client.GrpcClientProtocolClient (GrpcClientProtocolClient.java:onNext(255)) - client-7D6108789623->f80c66c4-8a3d-47db-b3f8-20b0bcb8a3f5: receive RaftClientReply:client-7D6108789623->f80c66c4-8a3d-47db-b3f8-20b0bcb8a3f5@group-7D2873B646E2, cid=3843, SUCCESS, logIndex=0, commits[f80c66c4-8a3d-47db-b3f8-20b0bcb8a3f5:c5791, 6e9bc0f4-a324-4be3-b201-2d39df7dad8a:c5787, cffe1303-2f93-4087-8a62-a40745db49f2:c5787]
2019-07-10 09:51:20,589 INFO  client.GrpcClientProtocolClient (GrpcClientProtocolClient.java:onNext(255)) - client-7D6108789623->f80c66c4-8a3d-47db-b3f8-20b0bcb8a3f5: receive RaftClientReply:client-7D6108789623->f80c66c4-8a3d-47db-b3f8-20b0bcb8a3f5@group-7D2873B646E2, cid=3844, SUCCESS, logIndex=5794, commits[f80c66c4-8a3d-47db-b3f8-20b0bcb8a3f5:c5795, 6e9bc0f4-a324-4be3-b201-2d39df7dad8a:c5793, cffe1303-2f93-4087-8a62-a40745db49f2:c5793]
2019-07-10 09:51:20,590 INFO  client.GrpcClientProtocolClient (GrpcClientProtocolClient.java:onNext(255)) - client-7D6108789623->f80c66c4-8a3d-47db-b3f8-20b0bcb8a3f5: receive RaftClientReply:client-7D6108789623->f80c66c4-8a3d-47db-b3f8-20b0bcb8a3f5@group-7D2873B646E2, cid=3845, SUCCESS, logIndex=5795, commits[f80c66c4-8a3d-47db-b3f8-20b0bcb8a3f5:c5795, 6e9bc0f4-a324-4be3-b201-2d39df7dad8a:c5793, cffe1303-2f93-4087-8a62-a40745db49f2:c5793]
2019-07-10 09:51:20,620 INFO  client.GrpcClientProtocolClient (GrpcClientProtocolClient.java:onNext(255)) - client-7D6108789623->f80c66c4-8a3d-47db-b3f8-20b0bcb8a3f5: receive RaftClientReply:client-7D6108789623->f80c66c4-8a3d-47db-b3f8-20b0bcb8a3f5@group-7D2873B646E2, cid=3846, SUCCESS, logIndex=5798, commits[f80c66c4-8a3d-47db-b3f8-20b0bcb8a3f5:c5798, 6e9bc0f4-a324-4be3-b201-2d39df7dad8a:c5795, cffe1303-2f93-4087-8a62-a40745db49f2:c5795]
2019-07-10 09:51:20,620 INFO  client.GrpcClientProtocolClient (GrpcClientProtocolClient.java:onNext(255)) - client-7D6108789623->f80c66c4-8a3d-47db-b3f8-20b0bcb8a3f5: receive RaftClientReply:client-7D6108789623->f80c66c4-8a3d-47db-b3f8-20b0bcb8a3f5@group-7D2873B646E2, cid=3847, SUCCESS, logIndex=5799, commits[f80c66c4-8a3d-47db-b3f8-20b0bcb8a3f5:c5799, 6e9bc0f4-a324-4be3-b201-2d39df7dad8a:c5795, cffe1303-2f93-4087-8a62-a40745db49f2:c5795]
2019-07-10 09:51:20,679 INFO  client.GrpcClientProtocolClient (GrpcClientProtocolClient.java:onNext(255)) - client-7D6108789623->f80c66c4-8a3d-47db-b3f8-20b0bcb8a3f5: receive RaftClientReply:client-7D6108789623->f80c66c4-8a3d-47db-b3f8-20b0bcb8a3f5@group-7D2873B646E2, cid=3848, SUCCESS, logIndex=0, commits[f80c66c4-8a3d-47db-b3f8-20b0bcb8a3f5:c5801, 6e9bc0f4-a324-4be3-b201-2d39df7dad8a:c5799, cffe1303-2f93-4087-8a62-a40745db49f2:c5799]
2019-07-10 09:51:20,718 INFO  client.GrpcClientProtocolClient (GrpcClientProtocolClient.java:onNext(255)) - client-7D6108789623->f80c66c4-8a3d-47db-b3f8-20b0bcb8a3f5: receive RaftClientReply:client-7D6108789623->f80c66c4-8a3d-47db-b3f8-20b0bcb8a3f5@group-7D2873B646E2, cid=3849, SUCCESS, logIndex=5802, commits[f80c66c4-8a3d-47db-b3f8-20b0bcb8a3f5:c5804, 6e9bc0f4-a324-4be3-b201-2d39df7dad8a:c5801, cffe1303-2f93-4087-8a62-a40745db49f2:c5801]
2019-07-10 09:51:20,719 INFO  client.GrpcClientProtocolClient (GrpcClientProtocolClient.java:onNext(255)) - client-7D6108789623->f80c66c4-8a3d-47db-b3f8-20b0bcb8a3f5: receive RaftClientReply:client-7D6108789623->f80c66c4-8a3d-47db-b3f8-20b0bcb8a3f5@group-7D2873B646E2, cid=3850, SUCCESS, logIndex=5803, commits[f80c66c4-8a3d-47db-b3f8-20b0bcb8a3f5:c5805, 6e9bc0f4-a324-4be3-b201-2d39df7dad8a:c5801, cffe1303-2f93-4087-8a62-a40745db49f2:c5801]
2019-07-10 09:51:20,719 INFO  client.GrpcClientProtocolClient (GrpcClientProtocolClient.java:onNext(255)) - client-7D6108789623->f80c66c4-8a3d-47db-b3f8-20b0bcb8a3f5: receive RaftClientReply:client-7D6108789623->f80c66c4-8a3d-47db-b3f8-20b0bcb8a3f5@group-7D2873B646E2, cid=3851, SUCCESS, logIndex=5804, commits[f80c66c4-8a3d-47db-b3f8-20b0bcb8a3f5:c5805, 6e9bc0f4-a324-4be3-b201-2d39df7dad8a:c5801, cffe1303-2f93-4087-8a62-a40745db49f2:c5801]
2019-07-10 09:51:20,719 INFO  client.GrpcClientProtocolClient (GrpcClientProtocolClient.java:onNext(255)) - client-7D6108789623->f80c66c4-8a3d-47db-b3f8-20b0bcb8a3f5: receive RaftClientReply:client-7D6108789623->f80c66c4-8a3d-47db-b3f8-20b0bcb8a3f5@group-7D2873B646E2, cid=3852, SUCCESS, logIndex=5805, commits[f80c66c4-8a3d-47db-b3f8-20b0bcb8a3f5:c5805, 6e9bc0f4-a324-4be3-b201-2d39df7dad8a:c5801, cffe1303-2f93-4087-8a62-a40745db49f2:c5801]
2019-07-10 09:51:20,730 INFO  client.GrpcClientProtocolClient (GrpcClientProtocolClient.java:onNext(255)) - client-7D6108789623->f80c66c4-8a3d-47db-b3f8-20b0bcb8a3f5: receive RaftClientReply:client-7D6108789623->f80c66c4-8a3d-47db-b3f8-20b0bcb8a3f5@group-7D2873B646E2, cid=3853, SUCCESS, logIndex=0, commits[f80c66c4-8a3d-47db-b3f8-20b0bcb8a3f5:c5805, 6e9bc0f4-a324-4be3-b201-2d39df7dad8a:c5803, cffe1303-2f93-4087-8a62-a40745db49f2:c5803]
2019-07-10 09:51:20,787 INFO  client.GrpcClientProtocolClient (GrpcClientProtocolClient.java:onNext(255)) - client-7D6108789623->f80c66c4-8a3d-47db-b3f8-20b0bcb8a3f5: receive RaftClientReply:client-7D6108789623->f80c66c4-8a3d-47db-b3f8-20b0bcb8a3f5@group-7D2873B646E2, cid=3854, SUCCESS, logIndex=5810, commits[f80c66c4-8a3d-47db-b3f8-20b0bcb8a3f5:c5811, 6e9bc0f4-a324-4be3-b201-2d39df7dad8a:c5805, cffe1303-2f93-4087-8a62-a40745db49f2:c5806]
2019-07-10 09:51:20,787 INFO  client.GrpcClientProtocolClient (GrpcClientProtocolClient.java:onNext(255)) - client-7D6108789623->f80c66c4-8a3d-47db-b3f8-20b0bcb8a3f5: receive RaftClientReply:client-7D6108789623->f80c66c4-8a3d-47db-b3f8-20b0bcb8a3f5@group-7D2873B646E2, cid=3855, SUCCESS, logIndex=5811, commits[f80c66c4-8a3d-47db-b3f8-20b0bcb8a3f5:c5811, 6e9bc0f4-a324-4be3-b201-2d39df7dad8a:c5806, cffe1303-2f93-4087-8a62-a40745db49f2:c5806]
2019-07-10 09:51:20,818 INFO  client.GrpcClientProtocolClient (GrpcClientProtocolClient.java:onNext(255)) - client-7D6108789623->f80c66c4-8a3d-47db-b3f8-20b0bcb8a3f5: receive RaftClientReply:client-7D6108789623->f80c66c4-8a3d-47db-b3f8-20b0bcb8a3f5@group-7D2873B646E2, cid=3856, SUCCESS, logIndex=5814, commits[f80c66c4-8a3d-47db-b3f8-20b0bcb8a3f5:c5815, 6e9bc0f4-a324-4be3-b201-2d39df7dad8a:c5812, cffe1303-2f93-4087-8a62-a40745db49f2:c5812]
2019-07-10 09:51:20,819 INFO  client.GrpcClientProtocolClient (GrpcClientProtocolClient.java:onNext(255)) - client-7D6108789623->f80c66c4-8a3d-47db-b3f8-20b0bcb8a3f5: receive RaftClientReply:client-7D6108789623->f80c66c4-8a3d-47db-b3f8-20b0bcb8a3f5@group-7D2873B646E2, cid=3857, SUCCESS, logIndex=5815, commits[f80c66c4-8a3d-47db-b3f8-20b0bcb8a3f5:c5815, 6e9bc0f4-a324-4be3-b201-2d39df7dad8a:c5812, cffe1303-2f93-4087-8a62-a40745db49f2:c5812]
2019-07-10 09:51:20,826 INFO  client.GrpcClientProtocolClient (GrpcClientProtocolClient.java:onNext(255)) - client-7D6108789623->f80c66c4-8a3d-47db-b3f8-20b0bcb8a3f5: receive RaftClientReply:client-7D6108789623->f80c66c4-8a3d-47db-b3f8-20b0bcb8a3f5@group-7D2873B646E2, cid=3858, SUCCESS, logIndex=0, commits[f80c66c4-8a3d-47db-b3f8-20b0bcb8a3f5:c5817, 6e9bc0f4-a324-4be3-b201-2d39df7dad8a:c5815, cffe1303-2f93-4087-8a62-a40745db49f2:c5815]
2019-07-10 09:51:20,856 INFO  client.GrpcClientProtocolClient (GrpcClientProtocolClient.java:onNext(255)) - client-7D6108789623->f80c66c4-8a3d-47db-b3f8-20b0bcb8a3f5: receive RaftClientReply:client-7D6108789623->f80c66c4-8a3d-47db-b3f8-20b0bcb8a3f5@group-7D2873B646E2, cid=3859, SUCCESS, logIndex=5818, commits[f80c66c4-8a3d-47db-b3f8-20b0bcb8a3f5:c5819, 6e9bc0f4-a324-4be3-b201-2d39df7dad8a:c5817, cffe1303-2f93-4087-8a62-a40745db49f2:c5817]
2019-07-10 09:51:20,856 INFO  client.GrpcClientProtocolClient (GrpcClientProtocolClient.java:onNext(255)) - client-7D6108789623->f80c66c4-8a3d-47db-b3f8-20b0bcb8a3f5: receive RaftClientReply:client-7D6108789623->f80c66c4-8a3d-47db-b3f8-20b0bcb8a3f5@group-7D2873B646E2, cid=3860, SUCCESS, logIndex=5819, commits[f80c66c4-8a3d-47db-b3f8-20b0bcb8a3f5:c5821, 6e9bc0f4-a324-4be3-b201-2d39df7dad8a:c5817, cffe1303-2f93-4087-8a62-a40745db49f2:c5817]
2019-07-10 09:51:20,857 INFO  client.GrpcClientProtocolClient (GrpcClientProtocolClient.java:onNext(255)) - client-7D6108789623->f80c66c4-8a3d-47db-b3f8-20b0bcb8a3f5: receive RaftClientReply:client-7D6108789623->f80c66c4-8a3d-47db-b3f8-20b0bcb8a3f5@group-7D2873B646E2, cid=3861, SUCCESS, logIndex=5820, commits[f80c66c4-8a3d-47db-b3f8-20b0bcb8a3f5:c5821, 6e9bc0f4-a324-4be3-b201-2d39df7dad8a:c5817, cffe1303-2f93-4087-8a62-a40745db49f2:c5817]
2019-07-10 09:51:20,857 INFO  client.GrpcClientProtocolClient (GrpcClientProtocolClient.java:onNext(255)) - client-7D6108789623->f80c66c4-8a3d-47db-b3f8-20b0bcb8a3f5: receive RaftClientReply:client-7D6108789623->f80c66c4-8a3d-47db-b3f8-20b0bcb8a3f5@group-7D2873B646E2, cid=3862, SUCCESS, logIndex=5821, commits[f80c66c4-8a3d-47db-b3f8-20b0bcb8a3f5:c5821, 6e9bc0f4-a324-4be3-b201-2d39df7dad8a:c5817, cffe1303-2f93-4087-8a62-a40745db49f2:c5817]
2019-07-10 09:51:20,860 INFO  client.GrpcClientProtocolClient (GrpcClientProtocolClient.java:onNext(255)) - client-7D6108789623->f80c66c4-8a3d-47db-b3f8-20b0bcb8a3f5: receive RaftClientReply:client-7D6108789623->f80c66c4-8a3d-47db-b3f8-20b0bcb8a3f5@group-7D2873B646E2, cid=3863, SUCCESS, logIndex=0, commits[f80c66c4-8a3d-47db-b3f8-20b0bcb8a3f5:c5822, 6e9bc0f4-a324-4be3-b201-2d39df7dad8a:c5819, cffe1303-2f93-4087-8a62-a40745db49f2:c5819]
2019-07-10 09:51:20,883 INFO  client.GrpcClientProtocolClient (GrpcClientProtocolClient.java:onNext(255)) - client-7D6108789623->f80c66c4-8a3d-47db-b3f8-20b0bcb8a3f5: receive RaftClientReply:client-7D6108789623->f80c66c4-8a3d-47db-b3f8-20b0bcb8a3f5@group-7D2873B646E2, cid=3864, SUCCESS, logIndex=5826, commits[f80c66c4-8a3d-47db-b3f8-20b0bcb8a3f5:c5827, 6e9bc0f4-a324-4be3-b201-2d39df7dad8a:c5825, cffe1303-2f93-4087-8a62-a40745db49f2:c5825]
2019-07-10 09:51:20,883 INFO  client.GrpcClientProtocolClient (GrpcClientProtocolClient.java:onNext(255)) - client-7D6108789623->f80c66c4-8a3d-47db-b3f8-20b0bcb8a3f5: receive RaftClientReply:client-7D6108789623->f80c66c4-8a3d-47db-b3f8-20b0bcb8a3f5@group-7D2873B646E2, cid=3865, SUCCESS, logIndex=5827, commits[f80c66c4-8a3d-47db-b3f8-20b0bcb8a3f5:c5827, 6e9bc0f4-a324-4be3-b201-2d39df7dad8a:c5825, cffe1303-2f93-4087-8a62-a40745db49f2:c5825]
2019-07-10 09:51:20,905 INFO  client.GrpcClientProtocolClient (GrpcClientProtocolClient.java:onNext(255)) - client-7D6108789623->f80c66c4-8a3d-47db-b3f8-20b0bcb8a3f5: receive RaftClientReply:client-7D6108789623->f80c66c4-8a3d-47db-b3f8-20b0bcb8a3f5@group-7D2873B646E2, cid=3866, SUCCESS, logIndex=5830, commits[f80c66c4-8a3d-47db-b3f8-20b0bcb8a3f5:c5831, 6e9bc0f4-a324-4be3-b201-2d39df7dad8a:c5827, cffe1303-2f93-4087-8a62-a40745db49f2:c5827]
2019-07-10 09:51:20,906 INFO  client.GrpcClientProtocolClient (GrpcClientProtocolClient.java:onNext(255)) - client-7D6108789623->f80c66c4-8a3d-47db-b3f8-20b0bcb8a3f5: receive RaftClientReply:client-7D6108789623->f80c66c4-8a3d-47db-b3f8-20b0bcb8a3f5@group-7D2873B646E2, cid=3867, SUCCESS, logIndex=5831, commits[f80c66c4-8a3d-47db-b3f8-20b0bcb8a3f5:c5831, 6e9bc0f4-a324-4be3-b201-2d39df7dad8a:c5827, cffe1303-2f93-4087-8a62-a40745db49f2:c5827]
2019-07-10 09:51:20,913 INFO  client.GrpcClientProtocolClient (GrpcClientProtocolClient.java:onNext(255)) - client-7D6108789623->f80c66c4-8a3d-47db-b3f8-20b0bcb8a3f5: receive RaftClientReply:client-7D6108789623->f80c66c4-8a3d-47db-b3f8-20b0bcb8a3f5@group-7D2873B646E2, cid=3868, SUCCESS, logIndex=0, commits[f80c66c4-8a3d-47db-b3f8-20b0bcb8a3f5:c5832, 6e9bc0f4-a324-4be3-b201-2d39df7dad8a:c5831, cffe1303-2f93-4087-8a62-a40745db49f2:c5831]
2019-07-10 09:51:20,945 INFO  client.GrpcClientProtocolClient (GrpcClientProtocolClient.java:onNext(255)) - client-7D6108789623->f80c66c4-8a3d-47db-b3f8-20b0bcb8a3f5: receive RaftClientReply:client-7D6108789623->f80c66c4-8a3d-47db-b3f8-20b0bcb8a3f5@group-7D2873B646E2, cid=3869, SUCCESS, logIndex=5834, commits[f80c66c4-8a3d-47db-b3f8-20b0bcb8a3f5:c5834, 6e9bc0f4-a324-4be3-b201-2d39df7dad8a:c5833, cffe1303-2f93-4087-8a62-a40745db49f2:c5833]
2019-07-10 09:51:20,946 INFO  client.GrpcClientProtocolClient (GrpcClientProtocolClient.java:onNext(255)) - client-7D6108789623->f80c66c4-8a3d-47db-b3f8-20b0bcb8a3f5: receive RaftClientReply:client-7D6108789623->f80c66c4-8a3d-47db-b3f8-20b0bcb8a3f5@group-7D2873B646E2, cid=3870, SUCCESS, logIndex=5835, commits[f80c66c4-8a3d-47db-b3f8-20b0bcb8a3f5:c5837, 6e9bc0f4-a324-4be3-b201-2d39df7dad8a:c5833, cffe1303-2f93-4087-8a62-a40745db49f2:c5833]
2019-07-10 09:51:20,946 INFO  client.GrpcClientProtocolClient (GrpcClientProtocolClient.java:onNext(255)) - client-7D6108789623->f80c66c4-8a3d-47db-b3f8-20b0bcb8a3f5: receive RaftClientReply:client-7D6108789623->f80c66c4-8a3d-47db-b3f8-20b0bcb8a3f5@group-7D2873B646E2, cid=3871, SUCCESS, logIndex=5836, commits[f80c66c4-8a3d-47db-b3f8-20b0bcb8a3f5:c5837, 6e9bc0f4-a324-4be3-b201-2d39df7dad8a:c5833, cffe1303-2f93-4087-8a62-a40745db49f2:c5833]
2019-07-10 09:51:20,946 INFO  client.GrpcClientProtocolClient (GrpcClientProtocolClient.java:onNext(255)) - client-7D6108789623->f80c66c4-8a3d-47db-b3f8-20b0bcb8a3f5: receive RaftClientReply:client-7D6108789623->f80c66c4-8a3d-47db-b3f8-20b0bcb8a3f5@group-7D2873B646E2, cid=3872, SUCCESS, logIndex=5837, commits[f80c66c4-8a3d-47db-b3f8-20b0bcb8a3f5:c5837, 6e9bc0f4-a324-4be3-b201-2d39df7dad8a:c5833, cffe1303-2f93-4087-8a62-a40745db49f2:c5833]
2019-07-10 09:51:20,965 INFO  client.GrpcClientProtocolClient (GrpcClientProtocolClient.java:onNext(255)) - client-7D6108789623->f80c66c4-8a3d-47db-b3f8-20b0bcb8a3f5: receive RaftClientReply:client-7D6108789623->f80c66c4-8a3d-47db-b3f8-20b0bcb8a3f5@group-7D2873B646E2, cid=3873, SUCCESS, logIndex=0, commits[f80c66c4-8a3d-47db-b3f8-20b0bcb8a3f5:c5840, 6e9bc0f4-a324-4be3-b201-2d39df7dad8a:c5837, cffe1303-2f93-4087-8a62-a40745db49f2:c5835]
2019-07-10 09:51:20,989 INFO  client.GrpcClientProtocolClient (GrpcClientProtocolClient.java:onNext(255)) - client-7D6108789623->f80c66c4-8a3d-47db-b3f8-20b0bcb8a3f5: receive RaftClientReply:client-7D6108789623->f80c66c4-8a3d-47db-b3f8-20b0bcb8a3f5@group-7D2873B646E2, cid=3874, SUCCESS, logIndex=5841, commits[f80c66c4-8a3d-47db-b3f8-20b0bcb8a3f5:c5842, 6e9bc0f4-a324-4be3-b201-2d39df7dad8a:c5840, cffe1303-2f93-4087-8a62-a40745db49f2:c5840]
2019-07-10 09:51:20,990 INFO  client.GrpcClientProtocolClient (GrpcClientProtocolClient.java:onNext(255)) - client-7D6108789623->f80c66c4-8a3d-47db-b3f8-20b0bcb8a3f5: receive RaftClientReply:client-7D6108789623->f80c66c4-8a3d-47db-b3f8-20b0bcb8a3f5@group-7D2873B646E2, cid=3875, SUCCESS, logIndex=5842, commits[f80c66c4-8a3d-47db-b3f8-20b0bcb8a3f5:c5842, 6e9bc0f4-a324-4be3-b201-2d39df7dad8a:c5840, cffe1303-2f93-4087-8a62-a40745db49f2:c5840]
2019-07-10 09:51:21,012 INFO  client.GrpcClientProtocolClient (GrpcClientProtocolClient.java:onNext(255)) - client-7D6108789623->f80c66c4-8a3d-47db-b3f8-20b0bcb8a3f5: receive RaftClientReply:client-7D6108789623->f80c66c4-8a3d-47db-b3f8-20b0bcb8a3f5@group-7D2873B646E2, cid=3876, SUCCESS, logIndex=5845, commits[f80c66c4-8a3d-47db-b3f8-20b0bcb8a3f5:c5846, 6e9bc0f4-a324-4be3-b201-2d39df7dad8a:c5842, cffe1303-2f93-4087-8a62-a40745db49f2:c5842]
2019-07-10 09:51:21,013 INFO  client.GrpcClientProtocolClient (GrpcClientProtocolClient.java:onNext(255)) - client-7D6108789623->f80c66c4-8a3d-47db-b3f8-20b0bcb8a3f5: receive RaftClientReply:client-7D6108789623->f80c66c4-8a3d-47db-b3f8-20b0bcb8a3f5@group-7D2873B646E2, cid=3877, SUCCESS, logIndex=5846, commits[f80c66c4-8a3d-47db-b3f8-20b0bcb8a3f5:c5846, 6e9bc0f4-a324-4be3-b201-2d39df7dad8a:c5842, cffe1303-2f93-4087-8a62-a40745db49f2:c5842]
2019-07-10 09:51:21,021 INFO  client.GrpcClientProtocolClient (GrpcClientProtocolClient.java:onNext(255)) - client-7D6108789623->f80c66c4-8a3d-47db-b3f8-20b0bcb8a3f5: receive RaftClientReply:client-7D6108789623->f80c66c4-8a3d-47db-b3f8-20b0bcb8a3f5@group-7D2873B646E2, cid=3878, SUCCESS, logIndex=0, commits[f80c66c4-8a3d-47db-b3f8-20b0bcb8a3f5:c5848, 6e9bc0f4-a324-4be3-b201-2d39df7dad8a:c5846, cffe1303-2f93-4087-8a62-a40745db49f2:c5846]
2019-07-10 09:51:21,052 INFO  client.GrpcClientProtocolClient (GrpcClientProtocolClient.java:onNext(255)) - client-7D6108789623->f80c66c4-8a3d-47db-b3f8-20b0bcb8a3f5: receive RaftClientReply:client-7D6108789623->f80c66c4-8a3d-47db-b3f8-20b0bcb8a3f5@group-7D2873B646E2, cid=3879, SUCCESS, logIndex=5849, commits[f80c66c4-8a3d-47db-b3f8-20b0bcb8a3f5:c5850, 6e9bc0f4-a324-4be3-b201-2d39df7dad8a:c5848, cffe1303-2f93-4087-8a62-a40745db49f2:c5848]
2019-07-10 09:51:21,053 INFO  client.GrpcClientProtocolClient (GrpcClientProtocolClient.java:onNext(255)) - client-7D6108789623->f80c66c4-8a3d-47db-b3f8-20b0bcb8a3f5: receive RaftClientReply:client-7D6108789623->f80c66c4-8a3d-47db-b3f8-20b0bcb8a3f5@group-7D2873B646E2, cid=3880, SUCCESS, logIndex=5850, commits[f80c66c4-8a3d-47db-b3f8-20b0bcb8a3f5:c5851, 6e9bc0f4-a324-4be3-b201-2d39df7dad8a:c5848, cffe1303-2f93-4087-8a62-a40745db49f2:c5848]
2019-07-10 09:51:21,053 INFO  client.GrpcClientProtocolClient (GrpcClientProtocolClient.java:onNext(255)) - client-7D6108789623->f80c66c4-8a3d-47db-b3f8-20b0bcb8a3f5: receive RaftClientReply:client-7D6108789623->f80c66c4-8a3d-47db-b3f8-20b0bcb8a3f5@group-7D2873B646E2, cid=3881, SUCCESS, logIndex=5851, commits[f80c66c4-8a3d-47db-b3f8-20b0bcb8a3f5:c5852, 6e9bc0f4-a324-4be3-b201-2d39df7dad8a:c5848, cffe1303-2f93-4087-8a62-a40745db49f2:c5848]
2019-07-10 09:51:21,053 INFO  client.GrpcClientProtocolClient (GrpcClientProtocolClient.java:onNext(255)) - client-7D6108789623->f80c66c4-8a3d-47db-b3f8-20b0bcb8a3f5: receive RaftClientReply:client-7D6108789623->f80c66c4-8a3d-47db-b3f8-20b0bcb8a3f5@group-7D2873B646E2, cid=3882, SUCCESS, logIndex=5852, commits[f80c66c4-8a3d-47db-b3f8-20b0bcb8a3f5:c5852, 6e9bc0f4-a324-4be3-b201-2d39df7dad8a:c5848, cffe1303-2f93-4087-8a62-a40745db49f2:c5848]
2019-07-10 09:51:21,058 INFO  client.GrpcClientProtocolClient (GrpcClientProtocolClient.java:onNext(255)) - client-7D6108789623->f80c66c4-8a3d-47db-b3f8-20b0bcb8a3f5: receive RaftClientReply:client-7D6108789623->f80c66c4-8a3d-47db-b3f8-20b0bcb8a3f5@group-7D2873B646E2, cid=3883, SUCCESS, logIndex=0, commits[f80c66c4-8a3d-47db-b3f8-20b0bcb8a3f5:c5856, 6e9bc0f4-a324-4be3-b201-2d39df7dad8a:c5852, cffe1303-2f93-4087-8a62-a40745db49f2:c5850]
2019-07-10 09:51:21,072 INFO  client.GrpcClientProtocolClient (GrpcClientProtocolClient.java:onNext(255)) - client-7D6108789623->f80c66c4-8a3d-47db-b3f8-20b0bcb8a3f5: receive RaftClientReply:client-7D6108789623->f80c66c4-8a3d-47db-b3f8-20b0bcb8a3f5@group-7D2873B646E2, cid=3884, SUCCESS, logIndex=5857, commits[f80c66c4-8a3d-47db-b3f8-20b0bcb8a3f5:c5858, 6e9bc0f4-a324-4be3-b201-2d39df7dad8a:c5852, cffe1303-2f93-4087-8a62-a40745db49f2:c5856]
2019-07-10 09:51:21,072 INFO  client.GrpcClientProtocolClient (GrpcClientProtocolClient.java:onNext(255)) - client-7D6108789623->f80c66c4-8a3d-47db-b3f8-20b0bcb8a3f5: receive RaftClientReply:client-7D6108789623->f80c66c4-8a3d-47db-b3f8-20b0bcb8a3f5@group-7D2873B646E2, cid=3885, SUCCESS, logIndex=5858, commits[f80c66c4-8a3d-47db-b3f8-20b0bcb8a3f5:c5858, 6e9bc0f4-a324-4be3-b201-2d39df7dad8a:c5852, cffe1303-2f93-4087-8a62-a40745db49f2:c5856]
2019-07-10 09:51:21,083 INFO  client.GrpcClientProtocolClient (GrpcClientProtocolClient.java:onNext(255)) - client-7D6108789623->f80c66c4-8a3d-47db-b3f8-20b0bcb8a3f5: receive RaftClientReply:client-7D6108789623->f80c66c4-8a3d-47db-b3f8-20b0bcb8a3f5@group-7D2873B646E2, cid=3886, SUCCESS, logIndex=5861, commits[f80c66c4-8a3d-47db-b3f8-20b0bcb8a3f5:c5862, 6e9bc0f4-a324-4be3-b201-2d39df7dad8a:c5858, cffe1303-2f93-4087-8a62-a40745db49f2:c5858]
2019-07-10 09:51:21,083 INFO  client.GrpcClientProtocolClient (GrpcClientProtocolClient.java:onNext(255)) - client-7D6108789623->f80c66c4-8a3d-47db-b3f8-20b0bcb8a3f5: receive RaftClientReply:client-7D6108789623->f80c66c4-8a3d-47db-b3f8-20b0bcb8a3f5@group-7D2873B646E2, cid=3887, SUCCESS, logIndex=5862, commits[f80c66c4-8a3d-47db-b3f8-20b0bcb8a3f5:c5862, 6e9bc0f4-a324-4be3-b201-2d39df7dad8a:c5858, cffe1303-2f93-4087-8a62-a40745db49f2:c5858]
2019-07-10 09:51:21,086 INFO  client.GrpcClientProtocolClient (GrpcClientProtocolClient.java:onNext(255)) - client-7D6108789623->f80c66c4-8a3d-47db-b3f8-20b0bcb8a3f5: receive RaftClientReply:client-7D6108789623->f80c66c4-8a3d-47db-b3f8-20b0bcb8a3f5@group-7D2873B646E2, cid=3888, SUCCESS, logIndex=0, commits[f80c66c4-8a3d-47db-b3f8-20b0bcb8a3f5:c5863, 6e9bc0f4-a324-4be3-b201-2d39df7dad8a:c5862, cffe1303-2f93-4087-8a62-a40745db49f2:c5862]
2019-07-10 09:51:21,112 INFO  client.GrpcClientProtocolClient (GrpcClientProtocolClient.java:onNext(255)) - client-7D6108789623->f80c66c4-8a3d-47db-b3f8-20b0bcb8a3f5: receive RaftClientReply:client-7D6108789623->f80c66c4-8a3d-47db-b3f8-20b0bcb8a3f5@group-7D2873B646E2, cid=3889, SUCCESS, logIndex=5865, commits[f80c66c4-8a3d-47db-b3f8-20b0bcb8a3f5:c5866, 6e9bc0f4-a324-4be3-b201-2d39df7dad8a:c5864, cffe1303-2f93-4087-8a62-a40745db49f2:c5864]
2019-07-10 09:51:21,113 INFO  client.GrpcClientProtocolClient (GrpcClientProtocolClient.java:onNext(255)) - client-7D6108789623->f80c66c4-8a3d-47db-b3f8-20b0bcb8a3f5: receive RaftClientReply:client-7D6108789623->f80c66c4-8a3d-47db-b3f8-20b0bcb8a3f5@group-7D2873B646E2, cid=3890, SUCCESS, logIndex=5866, commits[f80c66c4-8a3d-47db-b3f8-20b0bcb8a3f5:c5868, 6e9bc0f4-a324-4be3-b201-2d39df7dad8a:c5864, cffe1303-2f93-4087-8a62-a40745db49f2:c5864]
2019-07-10 09:51:21,113 INFO  client.GrpcClientProtocolClient (GrpcClientProtocolClient.java:onNext(255)) - client-7D6108789623->f80c66c4-8a3d-47db-b3f8-20b0bcb8a3f5: receive RaftClientReply:client-7D6108789623->f80c66c4-8a3d-47db-b3f8-20b0bcb8a3f5@group-7D2873B646E2, cid=3891, SUCCESS, logIndex=5867, commits[f80c66c4-8a3d-47db-b3f8-20b0bcb8a3f5:c5868, 6e9bc0f4-a324-4be3-b201-2d39df7dad8a:c5864, cffe1303-2f93-4087-8a62-a40745db49f2:c5864]
2019-07-10 09:51:21,114 INFO  client.GrpcClientProtocolClient (GrpcClientProtocolClient.java:onNext(255)) - client-7D6108789623->f80c66c4-8a3d-47db-b3f8-20b0bcb8a3f5: receive RaftClientReply:client-7D6108789623->f80c66c4-8a3d-47db-b3f8-20b0bcb8a3f5@group-7D2873B646E2, cid=3892, SUCCESS, logIndex=5868, commits[f80c66c4-8a3d-47db-b3f8-20b0bcb8a3f5:c5868, 6e9bc0f4-a324-4be3-b201-2d39df7dad8a:c5864, cffe1303-2f93-4087-8a62-a40745db49f2:c5864]
2019-07-10 09:51:21,128 INFO  client.GrpcClientProtocolClient (GrpcClientProtocolClient.java:onNext(255)) - client-7D6108789623->f80c66c4-8a3d-47db-b3f8-20b0bcb8a3f5: receive RaftClientReply:client-7D6108789623->f80c66c4-8a3d-47db-b3f8-20b0bcb8a3f5@group-7D2873B646E2, cid=3893, SUCCESS, logIndex=0, commits[f80c66c4-8a3d-47db-b3f8-20b0bcb8a3f5:c5872, 6e9bc0f4-a324-4be3-b201-2d39df7dad8a:c5867, cffe1303-2f93-4087-8a62-a40745db49f2:c5868]
2019-07-10 09:51:21,149 INFO  client.GrpcClientProtocolClient (GrpcClientProtocolClient.java:onNext(255)) - client-7D6108789623->f80c66c4-8a3d-47db-b3f8-20b0bcb8a3f5: receive RaftClientReply:client-7D6108789623->f80c66c4-8a3d-47db-b3f8-20b0bcb8a3f5@group-7D2873B646E2, cid=3894, SUCCESS, logIndex=5873, commits[f80c66c4-8a3d-47db-b3f8-20b0bcb8a3f5:c5874, 6e9bc0f4-a324-4be3-b201-2d39df7dad8a:c5872, cffe1303-2f93-4087-8a62-a40745db49f2:c5872]
2019-07-10 09:51:21,150 INFO  client.GrpcClientProtocolClient (GrpcClientProtocolClient.java:onNext(255)) - client-7D6108789623->f80c66c4-8a3d-47db-b3f8-20b0bcb8a3f5: receive RaftClientReply:client-7D6108789623->f80c66c4-8a3d-47db-b3f8-20b0bcb8a3f5@group-7D2873B646E2, cid=3895, SUCCESS, logIndex=5874, commits[f80c66c4-8a3d-47db-b3f8-20b0bcb8a3f5:c5874, 6e9bc0f4-a324-4be3-b201-2d39df7dad8a:c5872, cffe1303-2f93-4087-8a62-a40745db49f2:c5872]
2019-07-10 09:51:21,163 INFO  client.GrpcClientProtocolClient (GrpcClientProtocolClient.java:onNext(255)) - client-7D6108789623->f80c66c4-8a3d-47db-b3f8-20b0bcb8a3f5: receive RaftClientReply:client-7D6108789623->f80c66c4-8a3d-47db-b3f8-20b0bcb8a3f5@group-7D2873B646E2, cid=3896, SUCCESS, logIndex=5877, commits[f80c66c4-8a3d-47db-b3f8-20b0bcb8a3f5:c5878, 6e9bc0f4-a324-4be3-b201-2d39df7dad8a:c5874, cffe1303-2f93-4087-8a62-a40745db49f2:c5875]
2019-07-10 09:51:21,164 INFO  client.GrpcClientProtocolClient (GrpcClientProtocolClient.java:onNext(255)) - client-7D6108789623->f80c66c4-8a3d-47db-b3f8-20b0bcb8a3f5: receive RaftClientReply:client-7D6108789623->f80c66c4-8a3d-47db-b3f8-20b0bcb8a3f5@group-7D2873B646E2, cid=3897, SUCCESS, logIndex=5878, commits[f80c66c4-8a3d-47db-b3f8-20b0bcb8a3f5:c5878, 6e9bc0f4-a324-4be3-b201-2d39df7dad8a:c5874, cffe1303-2f93-4087-8a62-a40745db49f2:c5875]
2019-07-10 09:51:21,175 INFO  client.GrpcClientProtocolClient (GrpcClientProtocolClient.java:onNext(255)) - client-7D6108789623->f80c66c4-8a3d-47db-b3f8-20b0bcb8a3f5: receive RaftClientReply:client-7D6108789623->f80c66c4-8a3d-47db-b3f8-20b0bcb8a3f5@group-7D2873B646E2, cid=3898, SUCCESS, logIndex=0, commits[f80c66c4-8a3d-47db-b3f8-20b0bcb8a3f5:c5879, 6e9bc0f4-a324-4be3-b201-2d39df7dad8a:c5878, cffe1303-2f93-4087-8a62-a40745db49f2:c5878]
2019-07-10 09:51:21,206 INFO  client.GrpcClientProtocolClient (GrpcClientProtocolClient.java:onNext(255)) - client-7D6108789623->f80c66c4-8a3d-47db-b3f8-20b0bcb8a3f5: receive RaftClientReply:client-7D6108789623->f80c66c4-8a3d-47db-b3f8-20b0bcb8a3f5@group-7D2873B646E2, cid=3899, SUCCESS, logIndex=5881, commits[f80c66c4-8a3d-47db-b3f8-20b0bcb8a3f5:c5882, 6e9bc0f4-a324-4be3-b201-2d39df7dad8a:c5880, cffe1303-2f93-4087-8a62-a40745db49f2:c5878]
2019-07-10 09:51:21,207 INFO  client.GrpcClientProtocolClient (GrpcClientProtocolClient.java:onNext(255)) - client-7D6108789623->f80c66c4-8a3d-47db-b3f8-20b0bcb8a3f5: receive RaftClientReply:client-7D6108789623->f80c66c4-8a3d-47db-b3f8-20b0bcb8a3f5@group-7D2873B646E2, cid=3900, SUCCESS, logIndex=5882, commits[f80c66c4-8a3d-47db-b3f8-20b0bcb8a3f5:c5882, 6e9bc0f4-a324-4be3-b201-2d39df7dad8a:c5880, cffe1303-2f93-4087-8a62-a40745db49f2:c5878]
2019-07-10 09:51:21,209 INFO  client.GrpcClientProtocolClient (GrpcClientProtocolClient.java:onNext(255)) - client-7D6108789623->f80c66c4-8a3d-47db-b3f8-20b0bcb8a3f5: receive RaftClientReply:client-7D6108789623->f80c66c4-8a3d-47db-b3f8-20b0bcb8a3f5@group-7D2873B646E2, cid=3901, SUCCESS, logIndex=5883, commits[f80c66c4-8a3d-47db-b3f8-20b0bcb8a3f5:c5884, 6e9bc0f4-a324-4be3-b201-2d39df7dad8a:c5880, cffe1303-2f93-4087-8a62-a40745db49f2:c5880]
2019-07-10 09:51:21,210 INFO  client.GrpcClientProtocolClient (GrpcClientProtocolClient.java:onNext(255)) - client-7D6108789623->f80c66c4-8a3d-47db-b3f8-20b0bcb8a3f5: receive RaftClientReply:client-7D6108789623->f80c66c4-8a3d-47db-b3f8-20b0bcb8a3f5@group-7D2873B646E2, cid=3902, SUCCESS, logIndex=5884, commits[f80c66c4-8a3d-47db-b3f8-20b0bcb8a3f5:c5884, 6e9bc0f4-a324-4be3-b201-2d39df7dad8a:c5880, cffe1303-2f93-4087-8a62-a40745db49f2:c5880]
2019-07-10 09:51:21,220 INFO  client.GrpcClientProtocolClient (GrpcClientProtocolClient.java:onNext(255)) - client-7D6108789623->f80c66c4-8a3d-47db-b3f8-20b0bcb8a3f5: receive RaftClientReply:client-7D6108789623->f80c66c4-8a3d-47db-b3f8-20b0bcb8a3f5@group-7D2873B646E2, cid=3903, SUCCESS, logIndex=0, commits[f80c66c4-8a3d-47db-b3f8-20b0bcb8a3f5:c5885, 6e9bc0f4-a324-4be3-b201-2d39df7dad8a:c5882, cffe1303-2f93-4087-8a62-a40745db49f2:c5882]
2019-07-10 09:51:21,233 INFO  client.GrpcClientProtocolClient (GrpcClientProtocolClient.java:onNext(255)) - client-7D6108789623->f80c66c4-8a3d-47db-b3f8-20b0bcb8a3f5: receive RaftClientReply:client-7D6108789623->f80c66c4-8a3d-47db-b3f8-20b0bcb8a3f5@group-7D2873B646E2, cid=3904, SUCCESS, logIndex=5888, commits[f80c66c4-8a3d-47db-b3f8-20b0bcb8a3f5:c5889, 6e9bc0f4-a324-4be3-b201-2d39df7dad8a:c5884, cffe1303-2f93-4087-8a62-a40745db49f2:c5887]
2019-07-10 09:51:21,234 INFO  client.GrpcClientProtocolClient (GrpcClientProtocolClient.java:onNext(255)) - client-7D6108789623->f80c66c4-8a3d-47db-b3f8-20b0bcb8a3f5: receive RaftClientReply:client-7D6108789623->f80c66c4-8a3d-47db-b3f8-20b0bcb8a3f5@group-7D2873B646E2, cid=3905, SUCCESS, logIndex=5889, commits[f80c66c4-8a3d-47db-b3f8-20b0bcb8a3f5:c5889, 6e9bc0f4-a324-4be3-b201-2d39df7dad8a:c5884, cffe1303-2f93-4087-8a62-a40745db49f2:c5887]
 0.00% |█                                                                                                    |  0/1 Time: 0:00:452019-07-10 09:51:21,256 INFO  client.GrpcClientProtocolClient (GrpcClientProtocolClient.java:onNext(255)) - client-7D6108789623->f80c66c4-8a3d-47db-b3f8-20b0bcb8a3f5: receive RaftClientReply:client-7D6108789623->f80c66c4-8a3d-47db-b3f8-20b0bcb8a3f5@group-7D2873B646E2, cid=3906, SUCCESS, logIndex=5892, commits[f80c66c4-8a3d-47db-b3f8-20b0bcb8a3f5:c5893, 6e9bc0f4-a324-4be3-b201-2d39df7dad8a:c5889, cffe1303-2f93-4087-8a62-a40745db49f2:c5889]
2019-07-10 09:51:21,257 INFO  client.GrpcClientProtocolClient (GrpcClientProtocolClient.java:onNext(255)) - client-7D6108789623->f80c66c4-8a3d-47db-b3f8-20b0bcb8a3f5: receive RaftClientReply:client-7D6108789623->f80c66c4-8a3d-47db-b3f8-20b0bcb8a3f5@group-7D2873B646E2, cid=3907, SUCCESS, logIndex=5893, commits[f80c66c4-8a3d-47db-b3f8-20b0bcb8a3f5:c5893, 6e9bc0f4-a324-4be3-b201-2d39df7dad8a:c5889, cffe1303-2f93-4087-8a62-a40745db49f2:c5889]
2019-07-10 09:51:21,268 INFO  client.GrpcClientProtocolClient (GrpcClientProtocolClient.java:onNext(255)) - client-7D6108789623->f80c66c4-8a3d-47db-b3f8-20b0bcb8a3f5: receive RaftClientReply:client-7D6108789623->f80c66c4-8a3d-47db-b3f8-20b0bcb8a3f5@group-7D2873B646E2, cid=3908, SUCCESS, logIndex=0, commits[f80c66c4-8a3d-47db-b3f8-20b0bcb8a3f5:c5895, 6e9bc0f4-a324-4be3-b201-2d39df7dad8a:c5893, cffe1303-2f93-4087-8a62-a40745db49f2:c5893]
2019-07-10 09:51:21,318 INFO  client.GrpcClientProtocolClient (GrpcClientProtocolClient.java:onNext(255)) - client-7D6108789623->f80c66c4-8a3d-47db-b3f8-20b0bcb8a3f5: receive RaftClientReply:client-7D6108789623->f80c66c4-8a3d-47db-b3f8-20b0bcb8a3f5@group-7D2873B646E2, cid=3909, SUCCESS, logIndex=5896, commits[f80c66c4-8a3d-47db-b3f8-20b0bcb8a3f5:c5897, 6e9bc0f4-a324-4be3-b201-2d39df7dad8a:c5895, cffe1303-2f93-4087-8a62-a40745db49f2:c5895]
2019-07-10 09:51:21,318 INFO  client.GrpcClientProtocolClient (GrpcClientProtocolClient.java:onNext(255)) - client-7D6108789623->f80c66c4-8a3d-47db-b3f8-20b0bcb8a3f5: receive RaftClientReply:client-7D6108789623->f80c66c4-8a3d-47db-b3f8-20b0bcb8a3f5@group-7D2873B646E2, cid=3910, SUCCESS, logIndex=5897, commits[f80c66c4-8a3d-47db-b3f8-20b0bcb8a3f5:c5899, 6e9bc0f4-a324-4be3-b201-2d39df7dad8a:c5895, cffe1303-2f93-4087-8a62-a40745db49f2:c5895]
2019-07-10 09:51:21,319 INFO  client.GrpcClientProtocolClient (GrpcClientProtocolClient.java:onNext(255)) - client-7D6108789623->f80c66c4-8a3d-47db-b3f8-20b0bcb8a3f5: receive RaftClientReply:client-7D6108789623->f80c66c4-8a3d-47db-b3f8-20b0bcb8a3f5@group-7D2873B646E2, cid=3911, SUCCESS, logIndex=5898, commits[f80c66c4-8a3d-47db-b3f8-20b0bcb8a3f5:c5899, 6e9bc0f4-a324-4be3-b201-2d39df7dad8a:c5895, cffe1303-2f93-4087-8a62-a40745db49f2:c5895]
2019-07-10 09:51:21,319 INFO  client.GrpcClientProtocolClient (GrpcClientProtocolClient.java:onNext(255)) - client-7D6108789623->f80c66c4-8a3d-47db-b3f8-20b0bcb8a3f5: receive RaftClientReply:client-7D6108789623->f80c66c4-8a3d-47db-b3f8-20b0bcb8a3f5@group-7D2873B646E2, cid=3912, SUCCESS, logIndex=5899, commits[f80c66c4-8a3d-47db-b3f8-20b0bcb8a3f5:c5899, 6e9bc0f4-a324-4be3-b201-2d39df7dad8a:c5895, cffe1303-2f93-4087-8a62-a40745db49f2:c5895]
2019-07-10 09:51:21,330 INFO  client.GrpcClientProtocolClient (GrpcClientProtocolClient.java:onNext(255)) - client-7D6108789623->f80c66c4-8a3d-47db-b3f8-20b0bcb8a3f5: receive RaftClientReply:client-7D6108789623->f80c66c4-8a3d-47db-b3f8-20b0bcb8a3f5@group-7D2873B646E2, cid=3913, SUCCESS, logIndex=0, commits[f80c66c4-8a3d-47db-b3f8-20b0bcb8a3f5:c5902, 6e9bc0f4-a324-4be3-b201-2d39df7dad8a:c5897, cffe1303-2f93-4087-8a62-a40745db49f2:c5899]
2019-07-10 09:51:21,348 INFO  client.GrpcClientProtocolClient (GrpcClientProtocolClient.java:onNext(255)) - client-7D6108789623->f80c66c4-8a3d-47db-b3f8-20b0bcb8a3f5: receive RaftClientReply:client-7D6108789623->f80c66c4-8a3d-47db-b3f8-20b0bcb8a3f5@group-7D2873B646E2, cid=3914, SUCCESS, logIndex=5903, commits[f80c66c4-8a3d-47db-b3f8-20b0bcb8a3f5:c5904, 6e9bc0f4-a324-4be3-b201-2d39df7dad8a:c5902, cffe1303-2f93-4087-8a62-a40745db49f2:c5902]
2019-07-10 09:51:21,349 INFO  client.GrpcClientProtocolClient (GrpcClientProtocolClient.java:onNext(255)) - client-7D6108789623->f80c66c4-8a3d-47db-b3f8-20b0bcb8a3f5: receive RaftClientReply:client-7D6108789623->f80c66c4-8a3d-47db-b3f8-20b0bcb8a3f5@group-7D2873B646E2, cid=3915, SUCCESS, logIndex=5904, commits[f80c66c4-8a3d-47db-b3f8-20b0bcb8a3f5:c5904, 6e9bc0f4-a324-4be3-b201-2d39df7dad8a:c5902, cffe1303-2f93-4087-8a62-a40745db49f2:c5902]
2019-07-10 09:51:21,371 INFO  client.GrpcClientProtocolClient (GrpcClientProtocolClient.java:onNext(255)) - client-7D6108789623->f80c66c4-8a3d-47db-b3f8-20b0bcb8a3f5: receive RaftClientReply:client-7D6108789623->f80c66c4-8a3d-47db-b3f8-20b0bcb8a3f5@group-7D2873B646E2, cid=3916, SUCCESS, logIndex=5907, commits[f80c66c4-8a3d-47db-b3f8-20b0bcb8a3f5:c5908, 6e9bc0f4-a324-4be3-b201-2d39df7dad8a:c5904, cffe1303-2f93-4087-8a62-a40745db49f2:c5904]
2019-07-10 09:51:21,372 INFO  client.GrpcClientProtocolClient (GrpcClientProtocolClient.java:onNext(255)) - client-7D6108789623->f80c66c4-8a3d-47db-b3f8-20b0bcb8a3f5: receive RaftClientReply:client-7D6108789623->f80c66c4-8a3d-47db-b3f8-20b0bcb8a3f5@group-7D2873B646E2, cid=3917, SUCCESS, logIndex=5908, commits[f80c66c4-8a3d-47db-b3f8-20b0bcb8a3f5:c5908, 6e9bc0f4-a324-4be3-b201-2d39df7dad8a:c5904, cffe1303-2f93-4087-8a62-a40745db49f2:c5904]
2019-07-10 09:51:21,373 INFO  client.GrpcClientProtocolClient (GrpcClientProtocolClient.java:onNext(255)) - client-7D6108789623->f80c66c4-8a3d-47db-b3f8-20b0bcb8a3f5: receive RaftClientReply:client-7D6108789623->f80c66c4-8a3d-47db-b3f8-20b0bcb8a3f5@group-7D2873B646E2, cid=3918, SUCCESS, logIndex=0, commits[f80c66c4-8a3d-47db-b3f8-20b0bcb8a3f5:c5909, 6e9bc0f4-a324-4be3-b201-2d39df7dad8a:c5908, cffe1303-2f93-4087-8a62-a40745db49f2:c5908]
2019-07-10 09:51:21,527 INFO  client.GrpcClientProtocolClient (GrpcClientProtocolClient.java:onNext(255)) - client-7D6108789623->f80c66c4-8a3d-47db-b3f8-20b0bcb8a3f5: receive RaftClientReply:client-7D6108789623->f80c66c4-8a3d-47db-b3f8-20b0bcb8a3f5@group-7D2873B646E2, cid=3919, SUCCESS, logIndex=5911, commits[f80c66c4-8a3d-47db-b3f8-20b0bcb8a3f5:c5912, 6e9bc0f4-a324-4be3-b201-2d39df7dad8a:c5910, cffe1303-2f93-4087-8a62-a40745db49f2:c5910]
2019-07-10 09:51:21,528 INFO  client.GrpcClientProtocolClient (GrpcClientProtocolClient.java:onNext(255)) - client-7D6108789623->f80c66c4-8a3d-47db-b3f8-20b0bcb8a3f5: receive RaftClientReply:client-7D6108789623->f80c66c4-8a3d-47db-b3f8-20b0bcb8a3f5@group-7D2873B646E2, cid=3920, SUCCESS, logIndex=5912, commits[f80c66c4-8a3d-47db-b3f8-20b0bcb8a3f5:c5914, 6e9bc0f4-a324-4be3-b201-2d39df7dad8a:c5910, cffe1303-2f93-4087-8a62-a40745db49f2:c5910]
2019-07-10 09:51:21,528 INFO  client.GrpcClientProtocolClient (GrpcClientProtocolClient.java:onNext(255)) - client-7D6108789623->f80c66c4-8a3d-47db-b3f8-20b0bcb8a3f5: receive RaftClientReply:client-7D6108789623->f80c66c4-8a3d-47db-b3f8-20b0bcb8a3f5@group-7D2873B646E2, cid=3921, SUCCESS, logIndex=5913, commits[f80c66c4-8a3d-47db-b3f8-20b0bcb8a3f5:c5914, 6e9bc0f4-a324-4be3-b201-2d39df7dad8a:c5910, cffe1303-2f93-4087-8a62-a40745db49f2:c5910]
2019-07-10 09:51:21,528 INFO  client.GrpcClientProtocolClient (GrpcClientProtocolClient.java:onNext(255)) - client-7D6108789623->f80c66c4-8a3d-47db-b3f8-20b0bcb8a3f5: receive RaftClientReply:client-7D6108789623->f80c66c4-8a3d-47db-b3f8-20b0bcb8a3f5@group-7D2873B646E2, cid=3922, SUCCESS, logIndex=5914, commits[f80c66c4-8a3d-47db-b3f8-20b0bcb8a3f5:c5914, 6e9bc0f4-a324-4be3-b201-2d39df7dad8a:c5910, cffe1303-2f93-4087-8a62-a40745db49f2:c5910]
2019-07-10 09:51:21,550 INFO  client.GrpcClientProtocolClient (GrpcClientProtocolClient.java:onNext(255)) - client-7D6108789623->f80c66c4-8a3d-47db-b3f8-20b0bcb8a3f5: receive RaftClientReply:client-7D6108789623->f80c66c4-8a3d-47db-b3f8-20b0bcb8a3f5@group-7D2873B646E2, cid=3923, SUCCESS, logIndex=0, commits[f80c66c4-8a3d-47db-b3f8-20b0bcb8a3f5:c5917, 6e9bc0f4-a324-4be3-b201-2d39df7dad8a:c5913, cffe1303-2f93-4087-8a62-a40745db49f2:c5912]
2019-07-10 09:51:21,569 INFO  client.GrpcClientProtocolClient (GrpcClientProtocolClient.java:onNext(255)) - client-7D6108789623->f80c66c4-8a3d-47db-b3f8-20b0bcb8a3f5: receive RaftClientReply:client-7D6108789623->f80c66c4-8a3d-47db-b3f8-20b0bcb8a3f5@group-7D2873B646E2, cid=3924, SUCCESS, logIndex=5919, commits[f80c66c4-8a3d-47db-b3f8-20b0bcb8a3f5:c5920, 6e9bc0f4-a324-4be3-b201-2d39df7dad8a:c5918, cffe1303-2f93-4087-8a62-a40745db49f2:c5918]
2019-07-10 09:51:21,569 INFO  client.GrpcClientProtocolClient (GrpcClientProtocolClient.java:onNext(255)) - client-7D6108789623->f80c66c4-8a3d-47db-b3f8-20b0bcb8a3f5: receive RaftClientReply:client-7D6108789623->f80c66c4-8a3d-47db-b3f8-20b0bcb8a3f5@group-7D2873B646E2, cid=3925, SUCCESS, logIndex=5920, commits[f80c66c4-8a3d-47db-b3f8-20b0bcb8a3f5:c5920, 6e9bc0f4-a324-4be3-b201-2d39df7dad8a:c5918, cffe1303-2f93-4087-8a62-a40745db49f2:c5918]
2019-07-10 09:51:21,580 INFO  client.GrpcClientProtocolClient (GrpcClientProtocolClient.java:onNext(255)) - client-7D6108789623->f80c66c4-8a3d-47db-b3f8-20b0bcb8a3f5: receive RaftClientReply:client-7D6108789623->f80c66c4-8a3d-47db-b3f8-20b0bcb8a3f5@group-7D2873B646E2, cid=3926, SUCCESS, logIndex=5923, commits[f80c66c4-8a3d-47db-b3f8-20b0bcb8a3f5:c5924, 6e9bc0f4-a324-4be3-b201-2d39df7dad8a:c5920, cffe1303-2f93-4087-8a62-a40745db49f2:c5919]
2019-07-10 09:51:21,581 INFO  client.GrpcClientProtocolClient (GrpcClientProtocolClient.java:onNext(255)) - client-7D6108789623->f80c66c4-8a3d-47db-b3f8-20b0bcb8a3f5: receive RaftClientReply:client-7D6108789623->f80c66c4-8a3d-47db-b3f8-20b0bcb8a3f5@group-7D2873B646E2, cid=3927, SUCCESS, logIndex=5924, commits[f80c66c4-8a3d-47db-b3f8-20b0bcb8a3f5:c5924, 6e9bc0f4-a324-4be3-b201-2d39df7dad8a:c5920, cffe1303-2f93-4087-8a62-a40745db49f2:c5920]
2019-07-10 09:51:21,604 INFO  client.GrpcClientProtocolClient (GrpcClientProtocolClient.java:onNext(255)) - client-7D6108789623->f80c66c4-8a3d-47db-b3f8-20b0bcb8a3f5: receive RaftClientReply:client-7D6108789623->f80c66c4-8a3d-47db-b3f8-20b0bcb8a3f5@group-7D2873B646E2, cid=3928, SUCCESS, logIndex=0, commits[f80c66c4-8a3d-47db-b3f8-20b0bcb8a3f5:c5926, 6e9bc0f4-a324-4be3-b201-2d39df7dad8a:c5924, cffe1303-2f93-4087-8a62-a40745db49f2:c5924]
2019-07-10 09:51:21,639 INFO  client.GrpcClientProtocolClient (GrpcClientProtocolClient.java:onNext(255)) - client-7D6108789623->f80c66c4-8a3d-47db-b3f8-20b0bcb8a3f5: receive RaftClientReply:client-7D6108789623->f80c66c4-8a3d-47db-b3f8-20b0bcb8a3f5@group-7D2873B646E2, cid=3929, SUCCESS, logIndex=5927, commits[f80c66c4-8a3d-47db-b3f8-20b0bcb8a3f5:c5929, 6e9bc0f4-a324-4be3-b201-2d39df7dad8a:c5926, cffe1303-2f93-4087-8a62-a40745db49f2:c5926]
2019-07-10 09:51:21,639 INFO  client.GrpcClientProtocolClient (GrpcClientProtocolClient.java:onNext(255)) - client-7D6108789623->f80c66c4-8a3d-47db-b3f8-20b0bcb8a3f5: receive RaftClientReply:client-7D6108789623->f80c66c4-8a3d-47db-b3f8-20b0bcb8a3f5@group-7D2873B646E2, cid=3930, SUCCESS, logIndex=5928, commits[f80c66c4-8a3d-47db-b3f8-20b0bcb8a3f5:c5930, 6e9bc0f4-a324-4be3-b201-2d39df7dad8a:c5926, cffe1303-2f93-4087-8a62-a40745db49f2:c5926]
2019-07-10 09:51:21,640 INFO  client.GrpcClientProtocolClient (GrpcClientProtocolClient.java:onNext(255)) - client-7D6108789623->f80c66c4-8a3d-47db-b3f8-20b0bcb8a3f5: receive RaftClientReply:client-7D6108789623->f80c66c4-8a3d-47db-b3f8-20b0bcb8a3f5@group-7D2873B646E2, cid=3931, SUCCESS, logIndex=5929, commits[f80c66c4-8a3d-47db-b3f8-20b0bcb8a3f5:c5930, 6e9bc0f4-a324-4be3-b201-2d39df7dad8a:c5926, cffe1303-2f93-4087-8a62-a40745db49f2:c5926]
2019-07-10 09:51:21,640 INFO  client.GrpcClientProtocolClient (GrpcClientProtocolClient.java:onNext(255)) - client-7D6108789623->f80c66c4-8a3d-47db-b3f8-20b0bcb8a3f5: receive RaftClientReply:client-7D6108789623->f80c66c4-8a3d-47db-b3f8-20b0bcb8a3f5@group-7D2873B646E2, cid=3932, SUCCESS, logIndex=5930, commits[f80c66c4-8a3d-47db-b3f8-20b0bcb8a3f5:c5930, 6e9bc0f4-a324-4be3-b201-2d39df7dad8a:c5926, cffe1303-2f93-4087-8a62-a40745db49f2:c5926]
2019-07-10 09:51:21,657 INFO  client.GrpcClientProtocolClient (GrpcClientProtocolClient.java:onNext(255)) - client-7D6108789623->f80c66c4-8a3d-47db-b3f8-20b0bcb8a3f5: receive RaftClientReply:client-7D6108789623->f80c66c4-8a3d-47db-b3f8-20b0bcb8a3f5@group-7D2873B646E2, cid=3933, SUCCESS, logIndex=0, commits[f80c66c4-8a3d-47db-b3f8-20b0bcb8a3f5:c5931, 6e9bc0f4-a324-4be3-b201-2d39df7dad8a:c5928, cffe1303-2f93-4087-8a62-a40745db49f2:c5929]
2019-07-10 09:51:21,678 INFO  client.GrpcClientProtocolClient (GrpcClientProtocolClient.java:onNext(255)) - client-7D6108789623->f80c66c4-8a3d-47db-b3f8-20b0bcb8a3f5: receive RaftClientReply:client-7D6108789623->f80c66c4-8a3d-47db-b3f8-20b0bcb8a3f5@group-7D2873B646E2, cid=3934, SUCCESS, logIndex=5935, commits[f80c66c4-8a3d-47db-b3f8-20b0bcb8a3f5:c5935, 6e9bc0f4-a324-4be3-b201-2d39df7dad8a:c5931, cffe1303-2f93-4087-8a62-a40745db49f2:c5931]
2019-07-10 09:51:21,678 INFO  client.GrpcClientProtocolClient (GrpcClientProtocolClient.java:onNext(255)) - client-7D6108789623->f80c66c4-8a3d-47db-b3f8-20b0bcb8a3f5: receive RaftClientReply:client-7D6108789623->f80c66c4-8a3d-47db-b3f8-20b0bcb8a3f5@group-7D2873B646E2, cid=3935, SUCCESS, logIndex=5936, commits[f80c66c4-8a3d-47db-b3f8-20b0bcb8a3f5:c5936, 6e9bc0f4-a324-4be3-b201-2d39df7dad8a:c5931, cffe1303-2f93-4087-8a62-a40745db49f2:c5931]
2019-07-10 09:51:21,699 INFO  client.GrpcClientProtocolClient (GrpcClientProtocolClient.java:onNext(255)) - client-7D6108789623->f80c66c4-8a3d-47db-b3f8-20b0bcb8a3f5: receive RaftClientReply:client-7D6108789623->f80c66c4-8a3d-47db-b3f8-20b0bcb8a3f5@group-7D2873B646E2, cid=3936, SUCCESS, logIndex=5939, commits[f80c66c4-8a3d-47db-b3f8-20b0bcb8a3f5:c5940, 6e9bc0f4-a324-4be3-b201-2d39df7dad8a:c5936, cffe1303-2f93-4087-8a62-a40745db49f2:c5936]
2019-07-10 09:51:21,700 INFO  client.GrpcClientProtocolClient (GrpcClientProtocolClient.java:onNext(255)) - client-7D6108789623->f80c66c4-8a3d-47db-b3f8-20b0bcb8a3f5: receive RaftClientReply:client-7D6108789623->f80c66c4-8a3d-47db-b3f8-20b0bcb8a3f5@group-7D2873B646E2, cid=3937, SUCCESS, logIndex=5940, commits[f80c66c4-8a3d-47db-b3f8-20b0bcb8a3f5:c5940, 6e9bc0f4-a324-4be3-b201-2d39df7dad8a:c5936, cffe1303-2f93-4087-8a62-a40745db49f2:c5936]
2019-07-10 09:51:21,722 INFO  client.GrpcClientProtocolClient (GrpcClientProtocolClient.java:onNext(255)) - client-7D6108789623->f80c66c4-8a3d-47db-b3f8-20b0bcb8a3f5: receive RaftClientReply:client-7D6108789623->f80c66c4-8a3d-47db-b3f8-20b0bcb8a3f5@group-7D2873B646E2, cid=3938, SUCCESS, logIndex=0, commits[f80c66c4-8a3d-47db-b3f8-20b0bcb8a3f5:c5942, 6e9bc0f4-a324-4be3-b201-2d39df7dad8a:c5940, cffe1303-2f93-4087-8a62-a40745db49f2:c5940]
2019-07-10 09:51:21,757 INFO  client.GrpcClientProtocolClient (GrpcClientProtocolClient.java:onNext(255)) - client-7D6108789623->f80c66c4-8a3d-47db-b3f8-20b0bcb8a3f5: receive RaftClientReply:client-7D6108789623->f80c66c4-8a3d-47db-b3f8-20b0bcb8a3f5@group-7D2873B646E2, cid=3939, SUCCESS, logIndex=5943, commits[f80c66c4-8a3d-47db-b3f8-20b0bcb8a3f5:c5944, 6e9bc0f4-a324-4be3-b201-2d39df7dad8a:c5942, cffe1303-2f93-4087-8a62-a40745db49f2:c5942]
2019-07-10 09:51:21,758 INFO  client.GrpcClientProtocolClient (GrpcClientProtocolClient.java:onNext(255)) - client-7D6108789623->f80c66c4-8a3d-47db-b3f8-20b0bcb8a3f5: receive RaftClientReply:client-7D6108789623->f80c66c4-8a3d-47db-b3f8-20b0bcb8a3f5@group-7D2873B646E2, cid=3940, SUCCESS, logIndex=5944, commits[f80c66c4-8a3d-47db-b3f8-20b0bcb8a3f5:c5944, 6e9bc0f4-a324-4be3-b201-2d39df7dad8a:c5942, cffe1303-2f93-4087-8a62-a40745db49f2:c5942]
2019-07-10 09:51:21,768 INFO  client.GrpcClientProtocolClient (GrpcClientProtocolClient.java:onNext(255)) - client-7D6108789623->f80c66c4-8a3d-47db-b3f8-20b0bcb8a3f5: receive RaftClientReply:client-7D6108789623->f80c66c4-8a3d-47db-b3f8-20b0bcb8a3f5@group-7D2873B646E2, cid=3941, SUCCESS, logIndex=5945, commits[f80c66c4-8a3d-47db-b3f8-20b0bcb8a3f5:c5946, 6e9bc0f4-a324-4be3-b201-2d39df7dad8a:c5942, cffe1303-2f93-4087-8a62-a40745db49f2:c5942]
2019-07-10 09:51:21,768 INFO  client.GrpcClientProtocolClient (GrpcClientProtocolClient.java:onNext(255)) - client-7D6108789623->f80c66c4-8a3d-47db-b3f8-20b0bcb8a3f5: receive RaftClientReply:client-7D6108789623->f80c66c4-8a3d-47db-b3f8-20b0bcb8a3f5@group-7D2873B646E2, cid=3942, SUCCESS, logIndex=5946, commits[f80c66c4-8a3d-47db-b3f8-20b0bcb8a3f5:c5946, 6e9bc0f4-a324-4be3-b201-2d39df7dad8a:c5942, cffe1303-2f93-4087-8a62-a40745db49f2:c5942]
2019-07-10 09:51:21,779 INFO  client.GrpcClientProtocolClient (GrpcClientProtocolClient.java:onNext(255)) - client-7D6108789623->f80c66c4-8a3d-47db-b3f8-20b0bcb8a3f5: receive RaftClientReply:client-7D6108789623->f80c66c4-8a3d-47db-b3f8-20b0bcb8a3f5@group-7D2873B646E2, cid=3943, SUCCESS, logIndex=0, commits[f80c66c4-8a3d-47db-b3f8-20b0bcb8a3f5:c5948, 6e9bc0f4-a324-4be3-b201-2d39df7dad8a:c5944, cffe1303-2f93-4087-8a62-a40745db49f2:c5944]
2019-07-10 09:51:21,802 INFO  client.GrpcClientProtocolClient (GrpcClientProtocolClient.java:onNext(255)) - client-7D6108789623->f80c66c4-8a3d-47db-b3f8-20b0bcb8a3f5: receive RaftClientReply:client-7D6108789623->f80c66c4-8a3d-47db-b3f8-20b0bcb8a3f5@group-7D2873B646E2, cid=3944, SUCCESS, logIndex=5951, commits[f80c66c4-8a3d-47db-b3f8-20b0bcb8a3f5:c5952, 6e9bc0f4-a324-4be3-b201-2d39df7dad8a:c5948, cffe1303-2f93-4087-8a62-a40745db49f2:c5948]
2019-07-10 09:51:21,802 INFO  client.GrpcClientProtocolClient (GrpcClientProtocolClient.java:onNext(255)) - client-7D6108789623->f80c66c4-8a3d-47db-b3f8-20b0bcb8a3f5: receive RaftClientReply:client-7D6108789623->f80c66c4-8a3d-47db-b3f8-20b0bcb8a3f5@group-7D2873B646E2, cid=3945, SUCCESS, logIndex=5952, commits[f80c66c4-8a3d-47db-b3f8-20b0bcb8a3f5:c5952, 6e9bc0f4-a324-4be3-b201-2d39df7dad8a:c5948, cffe1303-2f93-4087-8a62-a40745db49f2:c5948]
2019-07-10 09:51:21,826 INFO  client.GrpcClientProtocolClient (GrpcClientProtocolClient.java:onNext(255)) - client-7D6108789623->f80c66c4-8a3d-47db-b3f8-20b0bcb8a3f5: receive RaftClientReply:client-7D6108789623->f80c66c4-8a3d-47db-b3f8-20b0bcb8a3f5@group-7D2873B646E2, cid=3946, SUCCESS, logIndex=5955, commits[f80c66c4-8a3d-47db-b3f8-20b0bcb8a3f5:c5955, 6e9bc0f4-a324-4be3-b201-2d39df7dad8a:c5951, cffe1303-2f93-4087-8a62-a40745db49f2:c5952]
2019-07-10 09:51:21,827 INFO  client.GrpcClientProtocolClient (GrpcClientProtocolClient.java:onNext(255)) - client-7D6108789623->f80c66c4-8a3d-47db-b3f8-20b0bcb8a3f5: receive RaftClientReply:client-7D6108789623->f80c66c4-8a3d-47db-b3f8-20b0bcb8a3f5@group-7D2873B646E2, cid=3947, SUCCESS, logIndex=5956, commits[f80c66c4-8a3d-47db-b3f8-20b0bcb8a3f5:c5956, 6e9bc0f4-a324-4be3-b201-2d39df7dad8a:c5952, cffe1303-2f93-4087-8a62-a40745db49f2:c5952]
2019-07-10 09:51:21,842 INFO  client.GrpcClientProtocolClient (GrpcClientProtocolClient.java:onNext(255)) - client-7D6108789623->f80c66c4-8a3d-47db-b3f8-20b0bcb8a3f5: receive RaftClientReply:client-7D6108789623->f80c66c4-8a3d-47db-b3f8-20b0bcb8a3f5@group-7D2873B646E2, cid=3948, SUCCESS, logIndex=0, commits[f80c66c4-8a3d-47db-b3f8-20b0bcb8a3f5:c5958, 6e9bc0f4-a324-4be3-b201-2d39df7dad8a:c5956, cffe1303-2f93-4087-8a62-a40745db49f2:c5956]
2019-07-10 09:51:21,875 INFO  client.GrpcClientProtocolClient (GrpcClientProtocolClient.java:onNext(255)) - client-7D6108789623->f80c66c4-8a3d-47db-b3f8-20b0bcb8a3f5: receive RaftClientReply:client-7D6108789623->f80c66c4-8a3d-47db-b3f8-20b0bcb8a3f5@group-7D2873B646E2, cid=3949, SUCCESS, logIndex=5959, commits[f80c66c4-8a3d-47db-b3f8-20b0bcb8a3f5:c5960, 6e9bc0f4-a324-4be3-b201-2d39df7dad8a:c5958, cffe1303-2f93-4087-8a62-a40745db49f2:c5958]
2019-07-10 09:51:21,876 INFO  client.GrpcClientProtocolClient (GrpcClientProtocolClient.java:onNext(255)) - client-7D6108789623->f80c66c4-8a3d-47db-b3f8-20b0bcb8a3f5: receive RaftClientReply:client-7D6108789623->f80c66c4-8a3d-47db-b3f8-20b0bcb8a3f5@group-7D2873B646E2, cid=3950, SUCCESS, logIndex=5960, commits[f80c66c4-8a3d-47db-b3f8-20b0bcb8a3f5:c5960, 6e9bc0f4-a324-4be3-b201-2d39df7dad8a:c5958, cffe1303-2f93-4087-8a62-a40745db49f2:c5958]
2019-07-10 09:51:21,884 INFO  client.GrpcClientProtocolClient (GrpcClientProtocolClient.java:onNext(255)) - client-7D6108789623->f80c66c4-8a3d-47db-b3f8-20b0bcb8a3f5: receive RaftClientReply:client-7D6108789623->f80c66c4-8a3d-47db-b3f8-20b0bcb8a3f5@group-7D2873B646E2, cid=3951, SUCCESS, logIndex=5961, commits[f80c66c4-8a3d-47db-b3f8-20b0bcb8a3f5:c5962, 6e9bc0f4-a324-4be3-b201-2d39df7dad8a:c5958, cffe1303-2f93-4087-8a62-a40745db49f2:c5958]
2019-07-10 09:51:21,884 INFO  client.GrpcClientProtocolClient (GrpcClientProtocolClient.java:onNext(255)) - client-7D6108789623->f80c66c4-8a3d-47db-b3f8-20b0bcb8a3f5: receive RaftClientReply:client-7D6108789623->f80c66c4-8a3d-47db-b3f8-20b0bcb8a3f5@group-7D2873B646E2, cid=3952, SUCCESS, logIndex=5962, commits[f80c66c4-8a3d-47db-b3f8-20b0bcb8a3f5:c5962, 6e9bc0f4-a324-4be3-b201-2d39df7dad8a:c5958, cffe1303-2f93-4087-8a62-a40745db49f2:c5958]
2019-07-10 09:51:21,898 INFO  client.GrpcClientProtocolClient (GrpcClientProtocolClient.java:onNext(255)) - client-7D6108789623->f80c66c4-8a3d-47db-b3f8-20b0bcb8a3f5: receive RaftClientReply:client-7D6108789623->f80c66c4-8a3d-47db-b3f8-20b0bcb8a3f5@group-7D2873B646E2, cid=3953, SUCCESS, logIndex=0, commits[f80c66c4-8a3d-47db-b3f8-20b0bcb8a3f5:c5964, 6e9bc0f4-a324-4be3-b201-2d39df7dad8a:c5960, cffe1303-2f93-4087-8a62-a40745db49f2:c5962]
2019-07-10 09:51:21,919 INFO  client.GrpcClientProtocolClient (GrpcClientProtocolClient.java:onNext(255)) - client-7D6108789623->f80c66c4-8a3d-47db-b3f8-20b0bcb8a3f5: receive RaftClientReply:client-7D6108789623->f80c66c4-8a3d-47db-b3f8-20b0bcb8a3f5@group-7D2873B646E2, cid=3954, SUCCESS, logIndex=5966, commits[f80c66c4-8a3d-47db-b3f8-20b0bcb8a3f5:c5967, 6e9bc0f4-a324-4be3-b201-2d39df7dad8a:c5964, cffe1303-2f93-4087-8a62-a40745db49f2:c5964]
2019-07-10 09:51:21,919 INFO  client.GrpcClientProtocolClient (GrpcClientProtocolClient.java:onNext(255)) - client-7D6108789623->f80c66c4-8a3d-47db-b3f8-20b0bcb8a3f5: receive RaftClientReply:client-7D6108789623->f80c66c4-8a3d-47db-b3f8-20b0bcb8a3f5@group-7D2873B646E2, cid=3955, SUCCESS, logIndex=5967, commits[f80c66c4-8a3d-47db-b3f8-20b0bcb8a3f5:c5967, 6e9bc0f4-a324-4be3-b201-2d39df7dad8a:c5964, cffe1303-2f93-4087-8a62-a40745db49f2:c5964]
2019-07-10 09:51:21,943 INFO  client.GrpcClientProtocolClient (GrpcClientProtocolClient.java:onNext(255)) - client-7D6108789623->f80c66c4-8a3d-47db-b3f8-20b0bcb8a3f5: receive RaftClientReply:client-7D6108789623->f80c66c4-8a3d-47db-b3f8-20b0bcb8a3f5@group-7D2873B646E2, cid=3956, SUCCESS, logIndex=5970, commits[f80c66c4-8a3d-47db-b3f8-20b0bcb8a3f5:c5970, 6e9bc0f4-a324-4be3-b201-2d39df7dad8a:c5967, cffe1303-2f93-4087-8a62-a40745db49f2:c5967]
2019-07-10 09:51:21,943 INFO  client.GrpcClientProtocolClient (GrpcClientProtocolClient.java:onNext(255)) - client-7D6108789623->f80c66c4-8a3d-47db-b3f8-20b0bcb8a3f5: receive RaftClientReply:client-7D6108789623->f80c66c4-8a3d-47db-b3f8-20b0bcb8a3f5@group-7D2873B646E2, cid=3957, SUCCESS, logIndex=5971, commits[f80c66c4-8a3d-47db-b3f8-20b0bcb8a3f5:c5971, 6e9bc0f4-a324-4be3-b201-2d39df7dad8a:c5967, cffe1303-2f93-4087-8a62-a40745db49f2:c5967]
2019-07-10 09:51:21,962 INFO  client.GrpcClientProtocolClient (GrpcClientProtocolClient.java:onNext(255)) - client-7D6108789623->f80c66c4-8a3d-47db-b3f8-20b0bcb8a3f5: receive RaftClientReply:client-7D6108789623->f80c66c4-8a3d-47db-b3f8-20b0bcb8a3f5@group-7D2873B646E2, cid=3958, SUCCESS, logIndex=0, commits[f80c66c4-8a3d-47db-b3f8-20b0bcb8a3f5:c5973, 6e9bc0f4-a324-4be3-b201-2d39df7dad8a:c5971, cffe1303-2f93-4087-8a62-a40745db49f2:c5971]
2019-07-10 09:51:22,008 INFO  client.GrpcClientProtocolClient (GrpcClientProtocolClient.java:onNext(255)) - client-7D6108789623->f80c66c4-8a3d-47db-b3f8-20b0bcb8a3f5: receive RaftClientReply:client-7D6108789623->f80c66c4-8a3d-47db-b3f8-20b0bcb8a3f5@group-7D2873B646E2, cid=3959, SUCCESS, logIndex=5974, commits[f80c66c4-8a3d-47db-b3f8-20b0bcb8a3f5:c5975, 6e9bc0f4-a324-4be3-b201-2d39df7dad8a:c5973, cffe1303-2f93-4087-8a62-a40745db49f2:c5971]
2019-07-10 09:51:22,009 INFO  client.GrpcClientProtocolClient (GrpcClientProtocolClient.java:onNext(255)) - client-7D6108789623->f80c66c4-8a3d-47db-b3f8-20b0bcb8a3f5: receive RaftClientReply:client-7D6108789623->f80c66c4-8a3d-47db-b3f8-20b0bcb8a3f5@group-7D2873B646E2, cid=3960, SUCCESS, logIndex=5975, commits[f80c66c4-8a3d-47db-b3f8-20b0bcb8a3f5:c5975, 6e9bc0f4-a324-4be3-b201-2d39df7dad8a:c5973, cffe1303-2f93-4087-8a62-a40745db49f2:c5971]
2019-07-10 09:51:22,010 INFO  client.GrpcClientProtocolClient (GrpcClientProtocolClient.java:onNext(255)) - client-7D6108789623->f80c66c4-8a3d-47db-b3f8-20b0bcb8a3f5: receive RaftClientReply:client-7D6108789623->f80c66c4-8a3d-47db-b3f8-20b0bcb8a3f5@group-7D2873B646E2, cid=3961, SUCCESS, logIndex=5976, commits[f80c66c4-8a3d-47db-b3f8-20b0bcb8a3f5:c5976, 6e9bc0f4-a324-4be3-b201-2d39df7dad8a:c5973, cffe1303-2f93-4087-8a62-a40745db49f2:c5973]
2019-07-10 09:51:22,010 INFO  client.GrpcClientProtocolClient (GrpcClientProtocolClient.java:onNext(255)) - client-7D6108789623->f80c66c4-8a3d-47db-b3f8-20b0bcb8a3f5: receive RaftClientReply:client-7D6108789623->f80c66c4-8a3d-47db-b3f8-20b0bcb8a3f5@group-7D2873B646E2, cid=3962, SUCCESS, logIndex=5977, commits[f80c66c4-8a3d-47db-b3f8-20b0bcb8a3f5:c5977, 6e9bc0f4-a324-4be3-b201-2d39df7dad8a:c5973, cffe1303-2f93-4087-8a62-a40745db49f2:c5973]
2019-07-10 09:51:22,024 INFO  client.GrpcClientProtocolClient (GrpcClientProtocolClient.java:onNext(255)) - client-7D6108789623->f80c66c4-8a3d-47db-b3f8-20b0bcb8a3f5: receive RaftClientReply:client-7D6108789623->f80c66c4-8a3d-47db-b3f8-20b0bcb8a3f5@group-7D2873B646E2, cid=3963, SUCCESS, logIndex=0, commits[f80c66c4-8a3d-47db-b3f8-20b0bcb8a3f5:c5981, 6e9bc0f4-a324-4be3-b201-2d39df7dad8a:c5975, cffe1303-2f93-4087-8a62-a40745db49f2:c5977]
2019-07-10 09:51:22,039 INFO  client.GrpcClientProtocolClient (GrpcClientProtocolClient.java:onNext(255)) - client-7D6108789623->f80c66c4-8a3d-47db-b3f8-20b0bcb8a3f5: receive RaftClientReply:client-7D6108789623->f80c66c4-8a3d-47db-b3f8-20b0bcb8a3f5@group-7D2873B646E2, cid=3964, SUCCESS, logIndex=5982, commits[f80c66c4-8a3d-47db-b3f8-20b0bcb8a3f5:c5983, 6e9bc0f4-a324-4be3-b201-2d39df7dad8a:c5981, cffe1303-2f93-4087-8a62-a40745db49f2:c5981]
2019-07-10 09:51:22,039 INFO  client.GrpcClientProtocolClient (GrpcClientProtocolClient.java:onNext(255)) - client-7D6108789623->f80c66c4-8a3d-47db-b3f8-20b0bcb8a3f5: receive RaftClientReply:client-7D6108789623->f80c66c4-8a3d-47db-b3f8-20b0bcb8a3f5@group-7D2873B646E2, cid=3965, SUCCESS, logIndex=5983, commits[f80c66c4-8a3d-47db-b3f8-20b0bcb8a3f5:c5983, 6e9bc0f4-a324-4be3-b201-2d39df7dad8a:c5981, cffe1303-2f93-4087-8a62-a40745db49f2:c5981]
2019-07-10 09:51:22,061 INFO  client.GrpcClientProtocolClient (GrpcClientProtocolClient.java:onNext(255)) - client-7D6108789623->f80c66c4-8a3d-47db-b3f8-20b0bcb8a3f5: receive RaftClientReply:client-7D6108789623->f80c66c4-8a3d-47db-b3f8-20b0bcb8a3f5@group-7D2873B646E2, cid=3966, SUCCESS, logIndex=5986, commits[f80c66c4-8a3d-47db-b3f8-20b0bcb8a3f5:c5987, 6e9bc0f4-a324-4be3-b201-2d39df7dad8a:c5983, cffe1303-2f93-4087-8a62-a40745db49f2:c5983]
2019-07-10 09:51:22,061 INFO  client.GrpcClientProtocolClient (GrpcClientProtocolClient.java:onNext(255)) - client-7D6108789623->f80c66c4-8a3d-47db-b3f8-20b0bcb8a3f5: receive RaftClientReply:client-7D6108789623->f80c66c4-8a3d-47db-b3f8-20b0bcb8a3f5@group-7D2873B646E2, cid=3967, SUCCESS, logIndex=5987, commits[f80c66c4-8a3d-47db-b3f8-20b0bcb8a3f5:c5987, 6e9bc0f4-a324-4be3-b201-2d39df7dad8a:c5983, cffe1303-2f93-4087-8a62-a40745db49f2:c5983]
2019-07-10 09:51:22,071 INFO  client.GrpcClientProtocolClient (GrpcClientProtocolClient.java:onNext(255)) - client-7D6108789623->f80c66c4-8a3d-47db-b3f8-20b0bcb8a3f5: receive RaftClientReply:client-7D6108789623->f80c66c4-8a3d-47db-b3f8-20b0bcb8a3f5@group-7D2873B646E2, cid=3968, SUCCESS, logIndex=0, commits[f80c66c4-8a3d-47db-b3f8-20b0bcb8a3f5:c5987, 6e9bc0f4-a324-4be3-b201-2d39df7dad8a:c5987, cffe1303-2f93-4087-8a62-a40745db49f2:c5987]
2019-07-10 09:51:22,100 INFO  client.GrpcClientProtocolClient (GrpcClientProtocolClient.java:onNext(255)) - client-7D6108789623->f80c66c4-8a3d-47db-b3f8-20b0bcb8a3f5: receive RaftClientReply:client-7D6108789623->f80c66c4-8a3d-47db-b3f8-20b0bcb8a3f5@group-7D2873B646E2, cid=3969, SUCCESS, logIndex=5989, commits[f80c66c4-8a3d-47db-b3f8-20b0bcb8a3f5:c5990, 6e9bc0f4-a324-4be3-b201-2d39df7dad8a:c5988, cffe1303-2f93-4087-8a62-a40745db49f2:c5988]
2019-07-10 09:51:22,100 INFO  client.GrpcClientProtocolClient (GrpcClientProtocolClient.java:onNext(255)) - client-7D6108789623->f80c66c4-8a3d-47db-b3f8-20b0bcb8a3f5: receive RaftClientReply:client-7D6108789623->f80c66c4-8a3d-47db-b3f8-20b0bcb8a3f5@group-7D2873B646E2, cid=3970, SUCCESS, logIndex=5990, commits[f80c66c4-8a3d-47db-b3f8-20b0bcb8a3f5:c5990, 6e9bc0f4-a324-4be3-b201-2d39df7dad8a:c5988, cffe1303-2f93-4087-8a62-a40745db49f2:c5988]
2019-07-10 09:51:22,108 INFO  client.GrpcClientProtocolClient (GrpcClientProtocolClient.java:onNext(255)) - client-7D6108789623->f80c66c4-8a3d-47db-b3f8-20b0bcb8a3f5: receive RaftClientReply:client-7D6108789623->f80c66c4-8a3d-47db-b3f8-20b0bcb8a3f5@group-7D2873B646E2, cid=3971, SUCCESS, logIndex=5991, commits[f80c66c4-8a3d-47db-b3f8-20b0bcb8a3f5:c5992, 6e9bc0f4-a324-4be3-b201-2d39df7dad8a:c5988, cffe1303-2f93-4087-8a62-a40745db49f2:c5988]
2019-07-10 09:51:22,108 INFO  client.GrpcClientProtocolClient (GrpcClientProtocolClient.java:onNext(255)) - client-7D6108789623->f80c66c4-8a3d-47db-b3f8-20b0bcb8a3f5: receive RaftClientReply:client-7D6108789623->f80c66c4-8a3d-47db-b3f8-20b0bcb8a3f5@group-7D2873B646E2, cid=3972, SUCCESS, logIndex=5992, commits[f80c66c4-8a3d-47db-b3f8-20b0bcb8a3f5:c5992, 6e9bc0f4-a324-4be3-b201-2d39df7dad8a:c5988, cffe1303-2f93-4087-8a62-a40745db49f2:c5988]
2019-07-10 09:51:22,128 INFO  client.GrpcClientProtocolClient (GrpcClientProtocolClient.java:onNext(255)) - client-7D6108789623->f80c66c4-8a3d-47db-b3f8-20b0bcb8a3f5: receive RaftClientReply:client-7D6108789623->f80c66c4-8a3d-47db-b3f8-20b0bcb8a3f5@group-7D2873B646E2, cid=3973, SUCCESS, logIndex=0, commits[f80c66c4-8a3d-47db-b3f8-20b0bcb8a3f5:c5994, 6e9bc0f4-a324-4be3-b201-2d39df7dad8a:c5990, cffe1303-2f93-4087-8a62-a40745db49f2:c5990]
2019-07-10 09:51:22,147 INFO  client.GrpcClientProtocolClient (GrpcClientProtocolClient.java:onNext(255)) - client-7D6108789623->f80c66c4-8a3d-47db-b3f8-20b0bcb8a3f5: receive RaftClientReply:client-7D6108789623->f80c66c4-8a3d-47db-b3f8-20b0bcb8a3f5@group-7D2873B646E2, cid=3974, SUCCESS, logIndex=5996, commits[f80c66c4-8a3d-47db-b3f8-20b0bcb8a3f5:c5997, 6e9bc0f4-a324-4be3-b201-2d39df7dad8a:c5995, cffe1303-2f93-4087-8a62-a40745db49f2:c5995]
2019-07-10 09:51:22,147 INFO  client.GrpcClientProtocolClient (GrpcClientProtocolClient.java:onNext(255)) - client-7D6108789623->f80c66c4-8a3d-47db-b3f8-20b0bcb8a3f5: receive RaftClientReply:client-7D6108789623->f80c66c4-8a3d-47db-b3f8-20b0bcb8a3f5@group-7D2873B646E2, cid=3975, SUCCESS, logIndex=5997, commits[f80c66c4-8a3d-47db-b3f8-20b0bcb8a3f5:c5997, 6e9bc0f4-a324-4be3-b201-2d39df7dad8a:c5995, cffe1303-2f93-4087-8a62-a40745db49f2:c5995]
2019-07-10 09:51:22,169 INFO  client.GrpcClientProtocolClient (GrpcClientProtocolClient.java:onNext(255)) - client-7D6108789623->f80c66c4-8a3d-47db-b3f8-20b0bcb8a3f5: receive RaftClientReply:client-7D6108789623->f80c66c4-8a3d-47db-b3f8-20b0bcb8a3f5@group-7D2873B646E2, cid=3976, SUCCESS, logIndex=6000, commits[f80c66c4-8a3d-47db-b3f8-20b0bcb8a3f5:c6001, 6e9bc0f4-a324-4be3-b201-2d39df7dad8a:c5997, cffe1303-2f93-4087-8a62-a40745db49f2:c5997]
2019-07-10 09:51:22,169 INFO  client.GrpcClientProtocolClient (GrpcClientProtocolClient.java:onNext(255)) - client-7D6108789623->f80c66c4-8a3d-47db-b3f8-20b0bcb8a3f5: receive RaftClientReply:client-7D6108789623->f80c66c4-8a3d-47db-b3f8-20b0bcb8a3f5@group-7D2873B646E2, cid=3977, SUCCESS, logIndex=6001, commits[f80c66c4-8a3d-47db-b3f8-20b0bcb8a3f5:c6001, 6e9bc0f4-a324-4be3-b201-2d39df7dad8a:c5997, cffe1303-2f93-4087-8a62-a40745db49f2:c5997]
2019-07-10 09:51:22,192 INFO  client.GrpcClientProtocolClient (GrpcClientProtocolClient.java:onNext(255)) - client-7D6108789623->f80c66c4-8a3d-47db-b3f8-20b0bcb8a3f5: receive RaftClientReply:client-7D6108789623->f80c66c4-8a3d-47db-b3f8-20b0bcb8a3f5@group-7D2873B646E2, cid=3978, SUCCESS, logIndex=0, commits[f80c66c4-8a3d-47db-b3f8-20b0bcb8a3f5:c6003, 6e9bc0f4-a324-4be3-b201-2d39df7dad8a:c6001, cffe1303-2f93-4087-8a62-a40745db49f2:c6001]
2019-07-10 09:51:22,224 INFO  client.GrpcClientProtocolClient (GrpcClientProtocolClient.java:onNext(255)) - client-7D6108789623->f80c66c4-8a3d-47db-b3f8-20b0bcb8a3f5: receive RaftClientReply:client-7D6108789623->f80c66c4-8a3d-47db-b3f8-20b0bcb8a3f5@group-7D2873B646E2, cid=3979, SUCCESS, logIndex=6004, commits[f80c66c4-8a3d-47db-b3f8-20b0bcb8a3f5:c6005, 6e9bc0f4-a324-4be3-b201-2d39df7dad8a:c6003, cffe1303-2f93-4087-8a62-a40745db49f2:c6003]
2019-07-10 09:51:22,225 INFO  client.GrpcClientProtocolClient (GrpcClientProtocolClient.java:onNext(255)) - client-7D6108789623->f80c66c4-8a3d-47db-b3f8-20b0bcb8a3f5: receive RaftClientReply:client-7D6108789623->f80c66c4-8a3d-47db-b3f8-20b0bcb8a3f5@group-7D2873B646E2, cid=3980, SUCCESS, logIndex=6005, commits[f80c66c4-8a3d-47db-b3f8-20b0bcb8a3f5:c6005, 6e9bc0f4-a324-4be3-b201-2d39df7dad8a:c6003, cffe1303-2f93-4087-8a62-a40745db49f2:c6003]
2019-07-10 09:51:22,232 INFO  client.GrpcClientProtocolClient (GrpcClientProtocolClient.java:onNext(255)) - client-7D6108789623->f80c66c4-8a3d-47db-b3f8-20b0bcb8a3f5: receive RaftClientReply:client-7D6108789623->f80c66c4-8a3d-47db-b3f8-20b0bcb8a3f5@group-7D2873B646E2, cid=3981, SUCCESS, logIndex=6006, commits[f80c66c4-8a3d-47db-b3f8-20b0bcb8a3f5:c6007, 6e9bc0f4-a324-4be3-b201-2d39df7dad8a:c6003, cffe1303-2f93-4087-8a62-a40745db49f2:c6003]
2019-07-10 09:51:22,232 INFO  client.GrpcClientProtocolClient (GrpcClientProtocolClient.java:onNext(255)) - client-7D6108789623->f80c66c4-8a3d-47db-b3f8-20b0bcb8a3f5: receive RaftClientReply:client-7D6108789623->f80c66c4-8a3d-47db-b3f8-20b0bcb8a3f5@group-7D2873B646E2, cid=3982, SUCCESS, logIndex=6007, commits[f80c66c4-8a3d-47db-b3f8-20b0bcb8a3f5:c6007, 6e9bc0f4-a324-4be3-b201-2d39df7dad8a:c6003, cffe1303-2f93-4087-8a62-a40745db49f2:c6003]
 0.00% |█                                                                                                    |  0/1 Time: 0:00:462019-07-10 09:51:22,252 INFO  client.GrpcClientProtocolClient (GrpcClientProtocolClient.java:onNext(255)) - client-7D6108789623->f80c66c4-8a3d-47db-b3f8-20b0bcb8a3f5: receive RaftClientReply:client-7D6108789623->f80c66c4-8a3d-47db-b3f8-20b0bcb8a3f5@group-7D2873B646E2, cid=3983, SUCCESS, logIndex=0, commits[f80c66c4-8a3d-47db-b3f8-20b0bcb8a3f5:c6009, 6e9bc0f4-a324-4be3-b201-2d39df7dad8a:c6005, cffe1303-2f93-4087-8a62-a40745db49f2:c6005]
2019-07-10 09:51:22,278 INFO  client.GrpcClientProtocolClient (GrpcClientProtocolClient.java:onNext(255)) - client-7D6108789623->f80c66c4-8a3d-47db-b3f8-20b0bcb8a3f5: receive RaftClientReply:client-7D6108789623->f80c66c4-8a3d-47db-b3f8-20b0bcb8a3f5@group-7D2873B646E2, cid=3984, SUCCESS, logIndex=6012, commits[f80c66c4-8a3d-47db-b3f8-20b0bcb8a3f5:c6013, 6e9bc0f4-a324-4be3-b201-2d39df7dad8a:c6011, cffe1303-2f93-4087-8a62-a40745db49f2:c6011]
2019-07-10 09:51:22,279 INFO  client.GrpcClientProtocolClient (GrpcClientProtocolClient.java:onNext(255)) - client-7D6108789623->f80c66c4-8a3d-47db-b3f8-20b0bcb8a3f5: receive RaftClientReply:client-7D6108789623->f80c66c4-8a3d-47db-b3f8-20b0bcb8a3f5@group-7D2873B646E2, cid=3985, SUCCESS, logIndex=6013, commits[f80c66c4-8a3d-47db-b3f8-20b0bcb8a3f5:c6013, 6e9bc0f4-a324-4be3-b201-2d39df7dad8a:c6011, cffe1303-2f93-4087-8a62-a40745db49f2:c6011]
2019-07-10 09:51:22,298 INFO  client.GrpcClientProtocolClient (GrpcClientProtocolClient.java:onNext(255)) - client-7D6108789623->f80c66c4-8a3d-47db-b3f8-20b0bcb8a3f5: receive RaftClientReply:client-7D6108789623->f80c66c4-8a3d-47db-b3f8-20b0bcb8a3f5@group-7D2873B646E2, cid=3986, SUCCESS, logIndex=6016, commits[f80c66c4-8a3d-47db-b3f8-20b0bcb8a3f5:c6017, 6e9bc0f4-a324-4be3-b201-2d39df7dad8a:c6013, cffe1303-2f93-4087-8a62-a40745db49f2:c6013]
2019-07-10 09:51:22,299 INFO  client.GrpcClientProtocolClient (GrpcClientProtocolClient.java:onNext(255)) - client-7D6108789623->f80c66c4-8a3d-47db-b3f8-20b0bcb8a3f5: receive RaftClientReply:client-7D6108789623->f80c66c4-8a3d-47db-b3f8-20b0bcb8a3f5@group-7D2873B646E2, cid=3987, SUCCESS, logIndex=6017, commits[f80c66c4-8a3d-47db-b3f8-20b0bcb8a3f5:c6017, 6e9bc0f4-a324-4be3-b201-2d39df7dad8a:c6013, cffe1303-2f93-4087-8a62-a40745db49f2:c6013]
2019-07-10 09:51:22,311 INFO  client.GrpcClientProtocolClient (GrpcClientProtocolClient.java:onNext(255)) - client-7D6108789623->f80c66c4-8a3d-47db-b3f8-20b0bcb8a3f5: receive RaftClientReply:client-7D6108789623->f80c66c4-8a3d-47db-b3f8-20b0bcb8a3f5@group-7D2873B646E2, cid=3988, SUCCESS, logIndex=0, commits[f80c66c4-8a3d-47db-b3f8-20b0bcb8a3f5:c6018, 6e9bc0f4-a324-4be3-b201-2d39df7dad8a:c6017, cffe1303-2f93-4087-8a62-a40745db49f2:c6017]
2019-07-10 09:51:22,346 INFO  client.GrpcClientProtocolClient (GrpcClientProtocolClient.java:onNext(255)) - client-7D6108789623->f80c66c4-8a3d-47db-b3f8-20b0bcb8a3f5: receive RaftClientReply:client-7D6108789623->f80c66c4-8a3d-47db-b3f8-20b0bcb8a3f5@group-7D2873B646E2, cid=3989, SUCCESS, logIndex=6020, commits[f80c66c4-8a3d-47db-b3f8-20b0bcb8a3f5:c6021, 6e9bc0f4-a324-4be3-b201-2d39df7dad8a:c6019, cffe1303-2f93-4087-8a62-a40745db49f2:c6019]
2019-07-10 09:51:22,346 INFO  client.GrpcClientProtocolClient (GrpcClientProtocolClient.java:onNext(255)) - client-7D6108789623->f80c66c4-8a3d-47db-b3f8-20b0bcb8a3f5: receive RaftClientReply:client-7D6108789623->f80c66c4-8a3d-47db-b3f8-20b0bcb8a3f5@group-7D2873B646E2, cid=3990, SUCCESS, logIndex=6021, commits[f80c66c4-8a3d-47db-b3f8-20b0bcb8a3f5:c6021, 6e9bc0f4-a324-4be3-b201-2d39df7dad8a:c6019, cffe1303-2f93-4087-8a62-a40745db49f2:c6019]
2019-07-10 09:51:22,354 INFO  client.GrpcClientProtocolClient (GrpcClientProtocolClient.java:onNext(255)) - client-7D6108789623->f80c66c4-8a3d-47db-b3f8-20b0bcb8a3f5: receive RaftClientReply:client-7D6108789623->f80c66c4-8a3d-47db-b3f8-20b0bcb8a3f5@group-7D2873B646E2, cid=3991, SUCCESS, logIndex=6022, commits[f80c66c4-8a3d-47db-b3f8-20b0bcb8a3f5:c6023, 6e9bc0f4-a324-4be3-b201-2d39df7dad8a:c6019, cffe1303-2f93-4087-8a62-a40745db49f2:c6019]
2019-07-10 09:51:22,354 INFO  client.GrpcClientProtocolClient (GrpcClientProtocolClient.java:onNext(255)) - client-7D6108789623->f80c66c4-8a3d-47db-b3f8-20b0bcb8a3f5: receive RaftClientReply:client-7D6108789623->f80c66c4-8a3d-47db-b3f8-20b0bcb8a3f5@group-7D2873B646E2, cid=3992, SUCCESS, logIndex=6023, commits[f80c66c4-8a3d-47db-b3f8-20b0bcb8a3f5:c6023, 6e9bc0f4-a324-4be3-b201-2d39df7dad8a:c6019, cffe1303-2f93-4087-8a62-a40745db49f2:c6019]
2019-07-10 09:51:22,364 INFO  client.GrpcClientProtocolClient (GrpcClientProtocolClient.java:onNext(255)) - client-7D6108789623->f80c66c4-8a3d-47db-b3f8-20b0bcb8a3f5: receive RaftClientReply:client-7D6108789623->f80c66c4-8a3d-47db-b3f8-20b0bcb8a3f5@group-7D2873B646E2, cid=3993, SUCCESS, logIndex=0, commits[f80c66c4-8a3d-47db-b3f8-20b0bcb8a3f5:c6025, 6e9bc0f4-a324-4be3-b201-2d39df7dad8a:c6021, cffe1303-2f93-4087-8a62-a40745db49f2:c6021]
2019-07-10 09:51:22,382 INFO  client.GrpcClientProtocolClient (GrpcClientProtocolClient.java:onNext(255)) - client-7D6108789623->f80c66c4-8a3d-47db-b3f8-20b0bcb8a3f5: receive RaftClientReply:client-7D6108789623->f80c66c4-8a3d-47db-b3f8-20b0bcb8a3f5@group-7D2873B646E2, cid=3994, SUCCESS, logIndex=6028, commits[f80c66c4-8a3d-47db-b3f8-20b0bcb8a3f5:c6029, 6e9bc0f4-a324-4be3-b201-2d39df7dad8a:c6027, cffe1303-2f93-4087-8a62-a40745db49f2:c6027]
2019-07-10 09:51:22,382 INFO  client.GrpcClientProtocolClient (GrpcClientProtocolClient.java:onNext(255)) - client-7D6108789623->f80c66c4-8a3d-47db-b3f8-20b0bcb8a3f5: receive RaftClientReply:client-7D6108789623->f80c66c4-8a3d-47db-b3f8-20b0bcb8a3f5@group-7D2873B646E2, cid=3995, SUCCESS, logIndex=6029, commits[f80c66c4-8a3d-47db-b3f8-20b0bcb8a3f5:c6029, 6e9bc0f4-a324-4be3-b201-2d39df7dad8a:c6027, cffe1303-2f93-4087-8a62-a40745db49f2:c6027]
2019-07-10 09:51:22,404 INFO  client.GrpcClientProtocolClient (GrpcClientProtocolClient.java:onNext(255)) - client-7D6108789623->f80c66c4-8a3d-47db-b3f8-20b0bcb8a3f5: receive RaftClientReply:client-7D6108789623->f80c66c4-8a3d-47db-b3f8-20b0bcb8a3f5@group-7D2873B646E2, cid=3996, SUCCESS, logIndex=6032, commits[f80c66c4-8a3d-47db-b3f8-20b0bcb8a3f5:c6033, 6e9bc0f4-a324-4be3-b201-2d39df7dad8a:c6029, cffe1303-2f93-4087-8a62-a40745db49f2:c6029]
2019-07-10 09:51:22,404 INFO  client.GrpcClientProtocolClient (GrpcClientProtocolClient.java:onNext(255)) - client-7D6108789623->f80c66c4-8a3d-47db-b3f8-20b0bcb8a3f5: receive RaftClientReply:client-7D6108789623->f80c66c4-8a3d-47db-b3f8-20b0bcb8a3f5@group-7D2873B646E2, cid=3997, SUCCESS, logIndex=6033, commits[f80c66c4-8a3d-47db-b3f8-20b0bcb8a3f5:c6033, 6e9bc0f4-a324-4be3-b201-2d39df7dad8a:c6029, cffe1303-2f93-4087-8a62-a40745db49f2:c6029]
2019-07-10 09:51:22,423 INFO  client.GrpcClientProtocolClient (GrpcClientProtocolClient.java:onNext(255)) - client-7D6108789623->f80c66c4-8a3d-47db-b3f8-20b0bcb8a3f5: receive RaftClientReply:client-7D6108789623->f80c66c4-8a3d-47db-b3f8-20b0bcb8a3f5@group-7D2873B646E2, cid=3998, SUCCESS, logIndex=0, commits[f80c66c4-8a3d-47db-b3f8-20b0bcb8a3f5:c6035, 6e9bc0f4-a324-4be3-b201-2d39df7dad8a:c6033, cffe1303-2f93-4087-8a62-a40745db49f2:c6033]
2019-07-10 09:51:22,455 INFO  client.GrpcClientProtocolClient (GrpcClientProtocolClient.java:onNext(255)) - client-7D6108789623->f80c66c4-8a3d-47db-b3f8-20b0bcb8a3f5: receive RaftClientReply:client-7D6108789623->f80c66c4-8a3d-47db-b3f8-20b0bcb8a3f5@group-7D2873B646E2, cid=3999, SUCCESS, logIndex=6036, commits[f80c66c4-8a3d-47db-b3f8-20b0bcb8a3f5:c6037, 6e9bc0f4-a324-4be3-b201-2d39df7dad8a:c6035, cffe1303-2f93-4087-8a62-a40745db49f2:c6035]
2019-07-10 09:51:22,456 INFO  client.GrpcClientProtocolClient (GrpcClientProtocolClient.java:onNext(255)) - client-7D6108789623->f80c66c4-8a3d-47db-b3f8-20b0bcb8a3f5: receive RaftClientReply:client-7D6108789623->f80c66c4-8a3d-47db-b3f8-20b0bcb8a3f5@group-7D2873B646E2, cid=4000, SUCCESS, logIndex=6037, commits[f80c66c4-8a3d-47db-b3f8-20b0bcb8a3f5:c6039, 6e9bc0f4-a324-4be3-b201-2d39df7dad8a:c6035, cffe1303-2f93-4087-8a62-a40745db49f2:c6035]
2019-07-10 09:51:22,456 INFO  client.GrpcClientProtocolClient (GrpcClientProtocolClient.java:onNext(255)) - client-7D6108789623->f80c66c4-8a3d-47db-b3f8-20b0bcb8a3f5: receive RaftClientReply:client-7D6108789623->f80c66c4-8a3d-47db-b3f8-20b0bcb8a3f5@group-7D2873B646E2, cid=4001, SUCCESS, logIndex=6038, commits[f80c66c4-8a3d-47db-b3f8-20b0bcb8a3f5:c6039, 6e9bc0f4-a324-4be3-b201-2d39df7dad8a:c6035, cffe1303-2f93-4087-8a62-a40745db49f2:c6035]
2019-07-10 09:51:22,456 INFO  client.GrpcClientProtocolClient (GrpcClientProtocolClient.java:onNext(255)) - client-7D6108789623->f80c66c4-8a3d-47db-b3f8-20b0bcb8a3f5: receive RaftClientReply:client-7D6108789623->f80c66c4-8a3d-47db-b3f8-20b0bcb8a3f5@group-7D2873B646E2, cid=4002, SUCCESS, logIndex=6039, commits[f80c66c4-8a3d-47db-b3f8-20b0bcb8a3f5:c6040, 6e9bc0f4-a324-4be3-b201-2d39df7dad8a:c6036, cffe1303-2f93-4087-8a62-a40745db49f2:c6035]
2019-07-10 09:51:22,468 INFO  client.GrpcClientProtocolClient (GrpcClientProtocolClient.java:onNext(255)) - client-7D6108789623->f80c66c4-8a3d-47db-b3f8-20b0bcb8a3f5: receive RaftClientReply:client-7D6108789623->f80c66c4-8a3d-47db-b3f8-20b0bcb8a3f5@group-7D2873B646E2, cid=4003, SUCCESS, logIndex=0, commits[f80c66c4-8a3d-47db-b3f8-20b0bcb8a3f5:c6042, 6e9bc0f4-a324-4be3-b201-2d39df7dad8a:c6037, cffe1303-2f93-4087-8a62-a40745db49f2:c6039]
2019-07-10 09:51:22,487 INFO  client.GrpcClientProtocolClient (GrpcClientProtocolClient.java:onNext(255)) - client-7D6108789623->f80c66c4-8a3d-47db-b3f8-20b0bcb8a3f5: receive RaftClientReply:client-7D6108789623->f80c66c4-8a3d-47db-b3f8-20b0bcb8a3f5@group-7D2873B646E2, cid=4004, SUCCESS, logIndex=6044, commits[f80c66c4-8a3d-47db-b3f8-20b0bcb8a3f5:c6045, 6e9bc0f4-a324-4be3-b201-2d39df7dad8a:c6043, cffe1303-2f93-4087-8a62-a40745db49f2:c6043]
2019-07-10 09:51:22,487 INFO  client.GrpcClientProtocolClient (GrpcClientProtocolClient.java:onNext(255)) - client-7D6108789623->f80c66c4-8a3d-47db-b3f8-20b0bcb8a3f5: receive RaftClientReply:client-7D6108789623->f80c66c4-8a3d-47db-b3f8-20b0bcb8a3f5@group-7D2873B646E2, cid=4005, SUCCESS, logIndex=6045, commits[f80c66c4-8a3d-47db-b3f8-20b0bcb8a3f5:c6045, 6e9bc0f4-a324-4be3-b201-2d39df7dad8a:c6043, cffe1303-2f93-4087-8a62-a40745db49f2:c6043]
2019-07-10 09:51:22,500 INFO  client.GrpcClientProtocolClient (GrpcClientProtocolClient.java:onNext(255)) - client-7D6108789623->f80c66c4-8a3d-47db-b3f8-20b0bcb8a3f5: receive RaftClientReply:client-7D6108789623->f80c66c4-8a3d-47db-b3f8-20b0bcb8a3f5@group-7D2873B646E2, cid=4006, SUCCESS, logIndex=6048, commits[f80c66c4-8a3d-47db-b3f8-20b0bcb8a3f5:c6049, 6e9bc0f4-a324-4be3-b201-2d39df7dad8a:c6045, cffe1303-2f93-4087-8a62-a40745db49f2:c6045]
2019-07-10 09:51:22,500 INFO  client.GrpcClientProtocolClient (GrpcClientProtocolClient.java:onNext(255)) - client-7D6108789623->f80c66c4-8a3d-47db-b3f8-20b0bcb8a3f5: receive RaftClientReply:client-7D6108789623->f80c66c4-8a3d-47db-b3f8-20b0bcb8a3f5@group-7D2873B646E2, cid=4007, SUCCESS, logIndex=6049, commits[f80c66c4-8a3d-47db-b3f8-20b0bcb8a3f5:c6049, 6e9bc0f4-a324-4be3-b201-2d39df7dad8a:c6045, cffe1303-2f93-4087-8a62-a40745db49f2:c6045]
2019-07-10 09:51:22,510 INFO  client.GrpcClientProtocolClient (GrpcClientProtocolClient.java:onNext(255)) - client-7D6108789623->f80c66c4-8a3d-47db-b3f8-20b0bcb8a3f5: receive RaftClientReply:client-7D6108789623->f80c66c4-8a3d-47db-b3f8-20b0bcb8a3f5@group-7D2873B646E2, cid=4008, SUCCESS, logIndex=0, commits[f80c66c4-8a3d-47db-b3f8-20b0bcb8a3f5:c6050, 6e9bc0f4-a324-4be3-b201-2d39df7dad8a:c6049, cffe1303-2f93-4087-8a62-a40745db49f2:c6049]
2019-07-10 09:51:22,631 INFO  client.GrpcClientProtocolClient (GrpcClientProtocolClient.java:onNext(255)) - client-7D6108789623->f80c66c4-8a3d-47db-b3f8-20b0bcb8a3f5: receive RaftClientReply:client-7D6108789623->f80c66c4-8a3d-47db-b3f8-20b0bcb8a3f5@group-7D2873B646E2, cid=4009, SUCCESS, logIndex=6052, commits[f80c66c4-8a3d-47db-b3f8-20b0bcb8a3f5:c6054, 6e9bc0f4-a324-4be3-b201-2d39df7dad8a:c6051, cffe1303-2f93-4087-8a62-a40745db49f2:c6051]
2019-07-10 09:51:22,632 INFO  client.GrpcClientProtocolClient (GrpcClientProtocolClient.java:onNext(255)) - client-7D6108789623->f80c66c4-8a3d-47db-b3f8-20b0bcb8a3f5: receive RaftClientReply:client-7D6108789623->f80c66c4-8a3d-47db-b3f8-20b0bcb8a3f5@group-7D2873B646E2, cid=4010, SUCCESS, logIndex=6053, commits[f80c66c4-8a3d-47db-b3f8-20b0bcb8a3f5:c6055, 6e9bc0f4-a324-4be3-b201-2d39df7dad8a:c6051, cffe1303-2f93-4087-8a62-a40745db49f2:c6051]
2019-07-10 09:51:22,632 INFO  client.GrpcClientProtocolClient (GrpcClientProtocolClient.java:onNext(255)) - client-7D6108789623->f80c66c4-8a3d-47db-b3f8-20b0bcb8a3f5: receive RaftClientReply:client-7D6108789623->f80c66c4-8a3d-47db-b3f8-20b0bcb8a3f5@group-7D2873B646E2, cid=4011, SUCCESS, logIndex=6054, commits[f80c66c4-8a3d-47db-b3f8-20b0bcb8a3f5:c6055, 6e9bc0f4-a324-4be3-b201-2d39df7dad8a:c6051, cffe1303-2f93-4087-8a62-a40745db49f2:c6051]
2019-07-10 09:51:22,632 INFO  client.GrpcClientProtocolClient (GrpcClientProtocolClient.java:onNext(255)) - client-7D6108789623->f80c66c4-8a3d-47db-b3f8-20b0bcb8a3f5: receive RaftClientReply:client-7D6108789623->f80c66c4-8a3d-47db-b3f8-20b0bcb8a3f5@group-7D2873B646E2, cid=4012, SUCCESS, logIndex=6055, commits[f80c66c4-8a3d-47db-b3f8-20b0bcb8a3f5:c6055, 6e9bc0f4-a324-4be3-b201-2d39df7dad8a:c6051, cffe1303-2f93-4087-8a62-a40745db49f2:c6051]
2019-07-10 09:51:22,642 INFO  client.GrpcClientProtocolClient (GrpcClientProtocolClient.java:onNext(255)) - client-7D6108789623->f80c66c4-8a3d-47db-b3f8-20b0bcb8a3f5: receive RaftClientReply:client-7D6108789623->f80c66c4-8a3d-47db-b3f8-20b0bcb8a3f5@group-7D2873B646E2, cid=4013, SUCCESS, logIndex=0, commits[f80c66c4-8a3d-47db-b3f8-20b0bcb8a3f5:c6056, 6e9bc0f4-a324-4be3-b201-2d39df7dad8a:c6053, cffe1303-2f93-4087-8a62-a40745db49f2:c6053]
2019-07-10 09:51:22,728 INFO  client.GrpcClientProtocolClient (GrpcClientProtocolClient.java:onNext(255)) - client-7D6108789623->f80c66c4-8a3d-47db-b3f8-20b0bcb8a3f5: receive RaftClientReply:client-7D6108789623->f80c66c4-8a3d-47db-b3f8-20b0bcb8a3f5@group-7D2873B646E2, cid=4014, SUCCESS, logIndex=6060, commits[f80c66c4-8a3d-47db-b3f8-20b0bcb8a3f5:c6061, 6e9bc0f4-a324-4be3-b201-2d39df7dad8a:c6056, cffe1303-2f93-4087-8a62-a40745db49f2:c6056]
2019-07-10 09:51:22,729 INFO  client.GrpcClientProtocolClient (GrpcClientProtocolClient.java:onNext(255)) - client-7D6108789623->f80c66c4-8a3d-47db-b3f8-20b0bcb8a3f5: receive RaftClientReply:client-7D6108789623->f80c66c4-8a3d-47db-b3f8-20b0bcb8a3f5@group-7D2873B646E2, cid=4015, SUCCESS, logIndex=6061, commits[f80c66c4-8a3d-47db-b3f8-20b0bcb8a3f5:c6061, 6e9bc0f4-a324-4be3-b201-2d39df7dad8a:c6056, cffe1303-2f93-4087-8a62-a40745db49f2:c6056]
2019-07-10 09:51:22,752 INFO  client.GrpcClientProtocolClient (GrpcClientProtocolClient.java:onNext(255)) - client-7D6108789623->f80c66c4-8a3d-47db-b3f8-20b0bcb8a3f5: receive RaftClientReply:client-7D6108789623->f80c66c4-8a3d-47db-b3f8-20b0bcb8a3f5@group-7D2873B646E2, cid=4016, SUCCESS, logIndex=6064, commits[f80c66c4-8a3d-47db-b3f8-20b0bcb8a3f5:c6065, 6e9bc0f4-a324-4be3-b201-2d39df7dad8a:c6061, cffe1303-2f93-4087-8a62-a40745db49f2:c6061]
2019-07-10 09:51:22,753 INFO  client.GrpcClientProtocolClient (GrpcClientProtocolClient.java:onNext(255)) - client-7D6108789623->f80c66c4-8a3d-47db-b3f8-20b0bcb8a3f5: receive RaftClientReply:client-7D6108789623->f80c66c4-8a3d-47db-b3f8-20b0bcb8a3f5@group-7D2873B646E2, cid=4017, SUCCESS, logIndex=6065, commits[f80c66c4-8a3d-47db-b3f8-20b0bcb8a3f5:c6065, 6e9bc0f4-a324-4be3-b201-2d39df7dad8a:c6061, cffe1303-2f93-4087-8a62-a40745db49f2:c6061]
2019-07-10 09:51:22,775 INFO  client.GrpcClientProtocolClient (GrpcClientProtocolClient.java:onNext(255)) - client-7D6108789623->f80c66c4-8a3d-47db-b3f8-20b0bcb8a3f5: receive RaftClientReply:client-7D6108789623->f80c66c4-8a3d-47db-b3f8-20b0bcb8a3f5@group-7D2873B646E2, cid=4018, SUCCESS, logIndex=0, commits[f80c66c4-8a3d-47db-b3f8-20b0bcb8a3f5:c6067, 6e9bc0f4-a324-4be3-b201-2d39df7dad8a:c6065, cffe1303-2f93-4087-8a62-a40745db49f2:c6065]
2019-07-10 09:51:22,810 INFO  client.GrpcClientProtocolClient (GrpcClientProtocolClient.java:onNext(255)) - client-7D6108789623->f80c66c4-8a3d-47db-b3f8-20b0bcb8a3f5: receive RaftClientReply:client-7D6108789623->f80c66c4-8a3d-47db-b3f8-20b0bcb8a3f5@group-7D2873B646E2, cid=4019, SUCCESS, logIndex=6068, commits[f80c66c4-8a3d-47db-b3f8-20b0bcb8a3f5:c6069, 6e9bc0f4-a324-4be3-b201-2d39df7dad8a:c6067, cffe1303-2f93-4087-8a62-a40745db49f2:c6067]
2019-07-10 09:51:22,811 INFO  client.GrpcClientProtocolClient (GrpcClientProtocolClient.java:onNext(255)) - client-7D6108789623->f80c66c4-8a3d-47db-b3f8-20b0bcb8a3f5: receive RaftClientReply:client-7D6108789623->f80c66c4-8a3d-47db-b3f8-20b0bcb8a3f5@group-7D2873B646E2, cid=4020, SUCCESS, logIndex=6069, commits[f80c66c4-8a3d-47db-b3f8-20b0bcb8a3f5:c6069, 6e9bc0f4-a324-4be3-b201-2d39df7dad8a:c6067, cffe1303-2f93-4087-8a62-a40745db49f2:c6067]
2019-07-10 09:51:22,819 INFO  client.GrpcClientProtocolClient (GrpcClientProtocolClient.java:onNext(255)) - client-7D6108789623->f80c66c4-8a3d-47db-b3f8-20b0bcb8a3f5: receive RaftClientReply:client-7D6108789623->f80c66c4-8a3d-47db-b3f8-20b0bcb8a3f5@group-7D2873B646E2, cid=4021, SUCCESS, logIndex=6070, commits[f80c66c4-8a3d-47db-b3f8-20b0bcb8a3f5:c6071, 6e9bc0f4-a324-4be3-b201-2d39df7dad8a:c6067, cffe1303-2f93-4087-8a62-a40745db49f2:c6067]
2019-07-10 09:51:22,819 INFO  client.GrpcClientProtocolClient (GrpcClientProtocolClient.java:onNext(255)) - client-7D6108789623->f80c66c4-8a3d-47db-b3f8-20b0bcb8a3f5: receive RaftClientReply:client-7D6108789623->f80c66c4-8a3d-47db-b3f8-20b0bcb8a3f5@group-7D2873B646E2, cid=4022, SUCCESS, logIndex=6071, commits[f80c66c4-8a3d-47db-b3f8-20b0bcb8a3f5:c6071, 6e9bc0f4-a324-4be3-b201-2d39df7dad8a:c6067, cffe1303-2f93-4087-8a62-a40745db49f2:c6067]
2019-07-10 09:51:22,831 INFO  client.GrpcClientProtocolClient (GrpcClientProtocolClient.java:onNext(255)) - client-7D6108789623->f80c66c4-8a3d-47db-b3f8-20b0bcb8a3f5: receive RaftClientReply:client-7D6108789623->f80c66c4-8a3d-47db-b3f8-20b0bcb8a3f5@group-7D2873B646E2, cid=4023, SUCCESS, logIndex=0, commits[f80c66c4-8a3d-47db-b3f8-20b0bcb8a3f5:c6073, 6e9bc0f4-a324-4be3-b201-2d39df7dad8a:c6069, cffe1303-2f93-4087-8a62-a40745db49f2:c6069]
2019-07-10 09:51:22,852 INFO  client.GrpcClientProtocolClient (GrpcClientProtocolClient.java:onNext(255)) - client-7D6108789623->f80c66c4-8a3d-47db-b3f8-20b0bcb8a3f5: receive RaftClientReply:client-7D6108789623->f80c66c4-8a3d-47db-b3f8-20b0bcb8a3f5@group-7D2873B646E2, cid=4024, SUCCESS, logIndex=6075, commits[f80c66c4-8a3d-47db-b3f8-20b0bcb8a3f5:c6076, 6e9bc0f4-a324-4be3-b201-2d39df7dad8a:c6074, cffe1303-2f93-4087-8a62-a40745db49f2:c6074]
2019-07-10 09:51:22,852 INFO  client.GrpcClientProtocolClient (GrpcClientProtocolClient.java:onNext(255)) - client-7D6108789623->f80c66c4-8a3d-47db-b3f8-20b0bcb8a3f5: receive RaftClientReply:client-7D6108789623->f80c66c4-8a3d-47db-b3f8-20b0bcb8a3f5@group-7D2873B646E2, cid=4025, SUCCESS, logIndex=6076, commits[f80c66c4-8a3d-47db-b3f8-20b0bcb8a3f5:c6076, 6e9bc0f4-a324-4be3-b201-2d39df7dad8a:c6074, cffe1303-2f93-4087-8a62-a40745db49f2:c6074]
2019-07-10 09:51:22,874 INFO  client.GrpcClientProtocolClient (GrpcClientProtocolClient.java:onNext(255)) - client-7D6108789623->f80c66c4-8a3d-47db-b3f8-20b0bcb8a3f5: receive RaftClientReply:client-7D6108789623->f80c66c4-8a3d-47db-b3f8-20b0bcb8a3f5@group-7D2873B646E2, cid=4026, SUCCESS, logIndex=6079, commits[f80c66c4-8a3d-47db-b3f8-20b0bcb8a3f5:c6079, 6e9bc0f4-a324-4be3-b201-2d39df7dad8a:c6076, cffe1303-2f93-4087-8a62-a40745db49f2:c6076]
2019-07-10 09:51:22,875 INFO  client.GrpcClientProtocolClient (GrpcClientProtocolClient.java:onNext(255)) - client-7D6108789623->f80c66c4-8a3d-47db-b3f8-20b0bcb8a3f5: receive RaftClientReply:client-7D6108789623->f80c66c4-8a3d-47db-b3f8-20b0bcb8a3f5@group-7D2873B646E2, cid=4027, SUCCESS, logIndex=6080, commits[f80c66c4-8a3d-47db-b3f8-20b0bcb8a3f5:c6080, 6e9bc0f4-a324-4be3-b201-2d39df7dad8a:c6076, cffe1303-2f93-4087-8a62-a40745db49f2:c6076]
2019-07-10 09:51:22,897 INFO  client.GrpcClientProtocolClient (GrpcClientProtocolClient.java:onNext(255)) - client-7D6108789623->f80c66c4-8a3d-47db-b3f8-20b0bcb8a3f5: receive RaftClientReply:client-7D6108789623->f80c66c4-8a3d-47db-b3f8-20b0bcb8a3f5@group-7D2873B646E2, cid=4028, SUCCESS, logIndex=0, commits[f80c66c4-8a3d-47db-b3f8-20b0bcb8a3f5:c6081, 6e9bc0f4-a324-4be3-b201-2d39df7dad8a:c6080, cffe1303-2f93-4087-8a62-a40745db49f2:c6080]
2019-07-10 09:51:22,934 INFO  client.GrpcClientProtocolClient (GrpcClientProtocolClient.java:onNext(255)) - client-7D6108789623->f80c66c4-8a3d-47db-b3f8-20b0bcb8a3f5: receive RaftClientReply:client-7D6108789623->f80c66c4-8a3d-47db-b3f8-20b0bcb8a3f5@group-7D2873B646E2, cid=4029, SUCCESS, logIndex=6083, commits[f80c66c4-8a3d-47db-b3f8-20b0bcb8a3f5:c6083, 6e9bc0f4-a324-4be3-b201-2d39df7dad8a:c6082, cffe1303-2f93-4087-8a62-a40745db49f2:c6082]
2019-07-10 09:51:22,935 INFO  client.GrpcClientProtocolClient (GrpcClientProtocolClient.java:onNext(255)) - client-7D6108789623->f80c66c4-8a3d-47db-b3f8-20b0bcb8a3f5: receive RaftClientReply:client-7D6108789623->f80c66c4-8a3d-47db-b3f8-20b0bcb8a3f5@group-7D2873B646E2, cid=4030, SUCCESS, logIndex=6084, commits[f80c66c4-8a3d-47db-b3f8-20b0bcb8a3f5:c6084, 6e9bc0f4-a324-4be3-b201-2d39df7dad8a:c6082, cffe1303-2f93-4087-8a62-a40745db49f2:c6082]
2019-07-10 09:51:22,941 INFO  client.GrpcClientProtocolClient (GrpcClientProtocolClient.java:onNext(255)) - client-7D6108789623->f80c66c4-8a3d-47db-b3f8-20b0bcb8a3f5: receive RaftClientReply:client-7D6108789623->f80c66c4-8a3d-47db-b3f8-20b0bcb8a3f5@group-7D2873B646E2, cid=4031, SUCCESS, logIndex=6085, commits[f80c66c4-8a3d-47db-b3f8-20b0bcb8a3f5:c6086, 6e9bc0f4-a324-4be3-b201-2d39df7dad8a:c6082, cffe1303-2f93-4087-8a62-a40745db49f2:c6082]
2019-07-10 09:51:22,942 INFO  client.GrpcClientProtocolClient (GrpcClientProtocolClient.java:onNext(255)) - client-7D6108789623->f80c66c4-8a3d-47db-b3f8-20b0bcb8a3f5: receive RaftClientReply:client-7D6108789623->f80c66c4-8a3d-47db-b3f8-20b0bcb8a3f5@group-7D2873B646E2, cid=4032, SUCCESS, logIndex=6086, commits[f80c66c4-8a3d-47db-b3f8-20b0bcb8a3f5:c6086, 6e9bc0f4-a324-4be3-b201-2d39df7dad8a:c6082, cffe1303-2f93-4087-8a62-a40745db49f2:c6082]
2019-07-10 09:51:22,944 INFO  client.GrpcClientProtocolClient (GrpcClientProtocolClient.java:onNext(255)) - client-7D6108789623->f80c66c4-8a3d-47db-b3f8-20b0bcb8a3f5: receive RaftClientReply:client-7D6108789623->f80c66c4-8a3d-47db-b3f8-20b0bcb8a3f5@group-7D2873B646E2, cid=4033, SUCCESS, logIndex=0, commits[f80c66c4-8a3d-47db-b3f8-20b0bcb8a3f5:c6086, 6e9bc0f4-a324-4be3-b201-2d39df7dad8a:c6084, cffe1303-2f93-4087-8a62-a40745db49f2:c6084]
2019-07-10 09:51:22,967 INFO  client.GrpcClientProtocolClient (GrpcClientProtocolClient.java:onNext(255)) - client-7D6108789623->f80c66c4-8a3d-47db-b3f8-20b0bcb8a3f5: receive RaftClientReply:client-7D6108789623->f80c66c4-8a3d-47db-b3f8-20b0bcb8a3f5@group-7D2873B646E2, cid=4034, SUCCESS, logIndex=6091, commits[f80c66c4-8a3d-47db-b3f8-20b0bcb8a3f5:c6092, 6e9bc0f4-a324-4be3-b201-2d39df7dad8a:c6086, cffe1303-2f93-4087-8a62-a40745db49f2:c6086]
2019-07-10 09:51:22,967 INFO  client.GrpcClientProtocolClient (GrpcClientProtocolClient.java:onNext(255)) - client-7D6108789623->f80c66c4-8a3d-47db-b3f8-20b0bcb8a3f5: receive RaftClientReply:client-7D6108789623->f80c66c4-8a3d-47db-b3f8-20b0bcb8a3f5@group-7D2873B646E2, cid=4035, SUCCESS, logIndex=6092, commits[f80c66c4-8a3d-47db-b3f8-20b0bcb8a3f5:c6092, 6e9bc0f4-a324-4be3-b201-2d39df7dad8a:c6086, cffe1303-2f93-4087-8a62-a40745db49f2:c6086]
2019-07-10 09:51:22,996 INFO  client.GrpcClientProtocolClient (GrpcClientProtocolClient.java:onNext(255)) - client-7D6108789623->f80c66c4-8a3d-47db-b3f8-20b0bcb8a3f5: receive RaftClientReply:client-7D6108789623->f80c66c4-8a3d-47db-b3f8-20b0bcb8a3f5@group-7D2873B646E2, cid=4036, SUCCESS, logIndex=6094, commits[f80c66c4-8a3d-47db-b3f8-20b0bcb8a3f5:c6094, 6e9bc0f4-a324-4be3-b201-2d39df7dad8a:c6092, cffe1303-2f93-4087-8a62-a40745db49f2:c6092]
2019-07-10 09:51:22,996 INFO  client.GrpcClientProtocolClient (GrpcClientProtocolClient.java:onNext(255)) - client-7D6108789623->f80c66c4-8a3d-47db-b3f8-20b0bcb8a3f5: receive RaftClientReply:client-7D6108789623->f80c66c4-8a3d-47db-b3f8-20b0bcb8a3f5@group-7D2873B646E2, cid=4037, SUCCESS, logIndex=6095, commits[f80c66c4-8a3d-47db-b3f8-20b0bcb8a3f5:c6095, 6e9bc0f4-a324-4be3-b201-2d39df7dad8a:c6092, cffe1303-2f93-4087-8a62-a40745db49f2:c6092]
2019-07-10 09:51:23,009 INFO  client.GrpcClientProtocolClient (GrpcClientProtocolClient.java:onNext(255)) - client-7D6108789623->f80c66c4-8a3d-47db-b3f8-20b0bcb8a3f5: receive RaftClientReply:client-7D6108789623->f80c66c4-8a3d-47db-b3f8-20b0bcb8a3f5@group-7D2873B646E2, cid=4038, SUCCESS, logIndex=0, commits[f80c66c4-8a3d-47db-b3f8-20b0bcb8a3f5:c6097, 6e9bc0f4-a324-4be3-b201-2d39df7dad8a:c6095, cffe1303-2f93-4087-8a62-a40745db49f2:c6095]
2019-07-10 09:51:23,041 INFO  client.GrpcClientProtocolClient (GrpcClientProtocolClient.java:onNext(255)) - client-7D6108789623->f80c66c4-8a3d-47db-b3f8-20b0bcb8a3f5: receive RaftClientReply:client-7D6108789623->f80c66c4-8a3d-47db-b3f8-20b0bcb8a3f5@group-7D2873B646E2, cid=4039, SUCCESS, logIndex=6098, commits[f80c66c4-8a3d-47db-b3f8-20b0bcb8a3f5:c6099, 6e9bc0f4-a324-4be3-b201-2d39df7dad8a:c6097, cffe1303-2f93-4087-8a62-a40745db49f2:c6097]
2019-07-10 09:51:23,042 INFO  client.GrpcClientProtocolClient (GrpcClientProtocolClient.java:onNext(255)) - client-7D6108789623->f80c66c4-8a3d-47db-b3f8-20b0bcb8a3f5: receive RaftClientReply:client-7D6108789623->f80c66c4-8a3d-47db-b3f8-20b0bcb8a3f5@group-7D2873B646E2, cid=4040, SUCCESS, logIndex=6099, commits[f80c66c4-8a3d-47db-b3f8-20b0bcb8a3f5:c6101, 6e9bc0f4-a324-4be3-b201-2d39df7dad8a:c6097, cffe1303-2f93-4087-8a62-a40745db49f2:c6097]
2019-07-10 09:51:23,042 INFO  client.GrpcClientProtocolClient (GrpcClientProtocolClient.java:onNext(255)) - client-7D6108789623->f80c66c4-8a3d-47db-b3f8-20b0bcb8a3f5: receive RaftClientReply:client-7D6108789623->f80c66c4-8a3d-47db-b3f8-20b0bcb8a3f5@group-7D2873B646E2, cid=4041, SUCCESS, logIndex=6100, commits[f80c66c4-8a3d-47db-b3f8-20b0bcb8a3f5:c6101, 6e9bc0f4-a324-4be3-b201-2d39df7dad8a:c6097, cffe1303-2f93-4087-8a62-a40745db49f2:c6097]
2019-07-10 09:51:23,043 INFO  client.GrpcClientProtocolClient (GrpcClientProtocolClient.java:onNext(255)) - client-7D6108789623->f80c66c4-8a3d-47db-b3f8-20b0bcb8a3f5: receive RaftClientReply:client-7D6108789623->f80c66c4-8a3d-47db-b3f8-20b0bcb8a3f5@group-7D2873B646E2, cid=4042, SUCCESS, logIndex=6101, commits[f80c66c4-8a3d-47db-b3f8-20b0bcb8a3f5:c6101, 6e9bc0f4-a324-4be3-b201-2d39df7dad8a:c6097, cffe1303-2f93-4087-8a62-a40745db49f2:c6097]
2019-07-10 09:51:23,055 INFO  client.GrpcClientProtocolClient (GrpcClientProtocolClient.java:onNext(255)) - client-7D6108789623->f80c66c4-8a3d-47db-b3f8-20b0bcb8a3f5: receive RaftClientReply:client-7D6108789623->f80c66c4-8a3d-47db-b3f8-20b0bcb8a3f5@group-7D2873B646E2, cid=4043, SUCCESS, logIndex=0, commits[f80c66c4-8a3d-47db-b3f8-20b0bcb8a3f5:c6103, 6e9bc0f4-a324-4be3-b201-2d39df7dad8a:c6099, cffe1303-2f93-4087-8a62-a40745db49f2:c6101]
2019-07-10 09:51:23,074 INFO  client.GrpcClientProtocolClient (GrpcClientProtocolClient.java:onNext(255)) - client-7D6108789623->f80c66c4-8a3d-47db-b3f8-20b0bcb8a3f5: receive RaftClientReply:client-7D6108789623->f80c66c4-8a3d-47db-b3f8-20b0bcb8a3f5@group-7D2873B646E2, cid=4044, SUCCESS, logIndex=6106, commits[f80c66c4-8a3d-47db-b3f8-20b0bcb8a3f5:c6107, 6e9bc0f4-a324-4be3-b201-2d39df7dad8a:c6103, cffe1303-2f93-4087-8a62-a40745db49f2:c6103]
2019-07-10 09:51:23,075 INFO  client.GrpcClientProtocolClient (GrpcClientProtocolClient.java:onNext(255)) - client-7D6108789623->f80c66c4-8a3d-47db-b3f8-20b0bcb8a3f5: receive RaftClientReply:client-7D6108789623->f80c66c4-8a3d-47db-b3f8-20b0bcb8a3f5@group-7D2873B646E2, cid=4045, SUCCESS, logIndex=6107, commits[f80c66c4-8a3d-47db-b3f8-20b0bcb8a3f5:c6107, 6e9bc0f4-a324-4be3-b201-2d39df7dad8a:c6103, cffe1303-2f93-4087-8a62-a40745db49f2:c6103]
2019-07-10 09:51:23,098 INFO  client.GrpcClientProtocolClient (GrpcClientProtocolClient.java:onNext(255)) - client-7D6108789623->f80c66c4-8a3d-47db-b3f8-20b0bcb8a3f5: receive RaftClientReply:client-7D6108789623->f80c66c4-8a3d-47db-b3f8-20b0bcb8a3f5@group-7D2873B646E2, cid=4046, SUCCESS, logIndex=6110, commits[f80c66c4-8a3d-47db-b3f8-20b0bcb8a3f5:c6110, 6e9bc0f4-a324-4be3-b201-2d39df7dad8a:c6108, cffe1303-2f93-4087-8a62-a40745db49f2:c6108]
2019-07-10 09:51:23,098 INFO  client.GrpcClientProtocolClient (GrpcClientProtocolClient.java:onNext(255)) - client-7D6108789623->f80c66c4-8a3d-47db-b3f8-20b0bcb8a3f5: receive RaftClientReply:client-7D6108789623->f80c66c4-8a3d-47db-b3f8-20b0bcb8a3f5@group-7D2873B646E2, cid=4047, SUCCESS, logIndex=6111, commits[f80c66c4-8a3d-47db-b3f8-20b0bcb8a3f5:c6111, 6e9bc0f4-a324-4be3-b201-2d39df7dad8a:c6108, cffe1303-2f93-4087-8a62-a40745db49f2:c6108]
2019-07-10 09:51:23,122 INFO  client.GrpcClientProtocolClient (GrpcClientProtocolClient.java:onNext(255)) - client-7D6108789623->f80c66c4-8a3d-47db-b3f8-20b0bcb8a3f5: receive RaftClientReply:client-7D6108789623->f80c66c4-8a3d-47db-b3f8-20b0bcb8a3f5@group-7D2873B646E2, cid=4048, SUCCESS, logIndex=0, commits[f80c66c4-8a3d-47db-b3f8-20b0bcb8a3f5:c6113, 6e9bc0f4-a324-4be3-b201-2d39df7dad8a:c6111, cffe1303-2f93-4087-8a62-a40745db49f2:c6111]
2019-07-10 09:51:23,158 INFO  client.GrpcClientProtocolClient (GrpcClientProtocolClient.java:onNext(255)) - client-7D6108789623->f80c66c4-8a3d-47db-b3f8-20b0bcb8a3f5: receive RaftClientReply:client-7D6108789623->f80c66c4-8a3d-47db-b3f8-20b0bcb8a3f5@group-7D2873B646E2, cid=4049, SUCCESS, logIndex=6114, commits[f80c66c4-8a3d-47db-b3f8-20b0bcb8a3f5:c6115, 6e9bc0f4-a324-4be3-b201-2d39df7dad8a:c6113, cffe1303-2f93-4087-8a62-a40745db49f2:c6113]
2019-07-10 09:51:23,158 INFO  client.GrpcClientProtocolClient (GrpcClientProtocolClient.java:onNext(255)) - client-7D6108789623->f80c66c4-8a3d-47db-b3f8-20b0bcb8a3f5: receive RaftClientReply:client-7D6108789623->f80c66c4-8a3d-47db-b3f8-20b0bcb8a3f5@group-7D2873B646E2, cid=4050, SUCCESS, logIndex=6115, commits[f80c66c4-8a3d-47db-b3f8-20b0bcb8a3f5:c6117, 6e9bc0f4-a324-4be3-b201-2d39df7dad8a:c6113, cffe1303-2f93-4087-8a62-a40745db49f2:c6113]
2019-07-10 09:51:23,159 INFO  client.GrpcClientProtocolClient (GrpcClientProtocolClient.java:onNext(255)) - client-7D6108789623->f80c66c4-8a3d-47db-b3f8-20b0bcb8a3f5: receive RaftClientReply:client-7D6108789623->f80c66c4-8a3d-47db-b3f8-20b0bcb8a3f5@group-7D2873B646E2, cid=4051, SUCCESS, logIndex=6116, commits[f80c66c4-8a3d-47db-b3f8-20b0bcb8a3f5:c6117, 6e9bc0f4-a324-4be3-b201-2d39df7dad8a:c6113, cffe1303-2f93-4087-8a62-a40745db49f2:c6113]
2019-07-10 09:51:23,159 INFO  client.GrpcClientProtocolClient (GrpcClientProtocolClient.java:onNext(255)) - client-7D6108789623->f80c66c4-8a3d-47db-b3f8-20b0bcb8a3f5: receive RaftClientReply:client-7D6108789623->f80c66c4-8a3d-47db-b3f8-20b0bcb8a3f5@group-7D2873B646E2, cid=4052, SUCCESS, logIndex=6117, commits[f80c66c4-8a3d-47db-b3f8-20b0bcb8a3f5:c6117, 6e9bc0f4-a324-4be3-b201-2d39df7dad8a:c6115, cffe1303-2f93-4087-8a62-a40745db49f2:c6113]
2019-07-10 09:51:23,161 INFO  client.GrpcClientProtocolClient (GrpcClientProtocolClient.java:onNext(255)) - client-7D6108789623->f80c66c4-8a3d-47db-b3f8-20b0bcb8a3f5: receive RaftClientReply:client-7D6108789623->f80c66c4-8a3d-47db-b3f8-20b0bcb8a3f5@group-7D2873B646E2, cid=4053, SUCCESS, logIndex=0, commits[f80c66c4-8a3d-47db-b3f8-20b0bcb8a3f5:c6118, 6e9bc0f4-a324-4be3-b201-2d39df7dad8a:c6115, cffe1303-2f93-4087-8a62-a40745db49f2:c6115]
2019-07-10 09:51:23,172 INFO  client.GrpcClientProtocolClient (GrpcClientProtocolClient.java:onNext(255)) - client-7D6108789623->f80c66c4-8a3d-47db-b3f8-20b0bcb8a3f5: receive RaftClientReply:client-7D6108789623->f80c66c4-8a3d-47db-b3f8-20b0bcb8a3f5@group-7D2873B646E2, cid=4054, SUCCESS, logIndex=6122, commits[f80c66c4-8a3d-47db-b3f8-20b0bcb8a3f5:c6123, 6e9bc0f4-a324-4be3-b201-2d39df7dad8a:c6118, cffe1303-2f93-4087-8a62-a40745db49f2:c6117]
2019-07-10 09:51:23,173 INFO  client.GrpcClientProtocolClient (GrpcClientProtocolClient.java:onNext(255)) - client-7D6108789623->f80c66c4-8a3d-47db-b3f8-20b0bcb8a3f5: receive RaftClientReply:client-7D6108789623->f80c66c4-8a3d-47db-b3f8-20b0bcb8a3f5@group-7D2873B646E2, cid=4055, SUCCESS, logIndex=6123, commits[f80c66c4-8a3d-47db-b3f8-20b0bcb8a3f5:c6123, 6e9bc0f4-a324-4be3-b201-2d39df7dad8a:c6118, cffe1303-2f93-4087-8a62-a40745db49f2:c6118]
2019-07-10 09:51:23,187 INFO  client.GrpcClientProtocolClient (GrpcClientProtocolClient.java:onNext(255)) - client-7D6108789623->f80c66c4-8a3d-47db-b3f8-20b0bcb8a3f5: receive RaftClientReply:client-7D6108789623->f80c66c4-8a3d-47db-b3f8-20b0bcb8a3f5@group-7D2873B646E2, cid=4056, SUCCESS, logIndex=6126, commits[f80c66c4-8a3d-47db-b3f8-20b0bcb8a3f5:c6127, 6e9bc0f4-a324-4be3-b201-2d39df7dad8a:c6124, cffe1303-2f93-4087-8a62-a40745db49f2:c6124]
2019-07-10 09:51:23,188 INFO  client.GrpcClientProtocolClient (GrpcClientProtocolClient.java:onNext(255)) - client-7D6108789623->f80c66c4-8a3d-47db-b3f8-20b0bcb8a3f5: receive RaftClientReply:client-7D6108789623->f80c66c4-8a3d-47db-b3f8-20b0bcb8a3f5@group-7D2873B646E2, cid=4057, SUCCESS, logIndex=6127, commits[f80c66c4-8a3d-47db-b3f8-20b0bcb8a3f5:c6127, 6e9bc0f4-a324-4be3-b201-2d39df7dad8a:c6124, cffe1303-2f93-4087-8a62-a40745db49f2:c6124]
2019-07-10 09:51:23,207 INFO  client.GrpcClientProtocolClient (GrpcClientProtocolClient.java:onNext(255)) - client-7D6108789623->f80c66c4-8a3d-47db-b3f8-20b0bcb8a3f5: receive RaftClientReply:client-7D6108789623->f80c66c4-8a3d-47db-b3f8-20b0bcb8a3f5@group-7D2873B646E2, cid=4058, SUCCESS, logIndex=0, commits[f80c66c4-8a3d-47db-b3f8-20b0bcb8a3f5:c6129, 6e9bc0f4-a324-4be3-b201-2d39df7dad8a:c6127, cffe1303-2f93-4087-8a62-a40745db49f2:c6127]
2019-07-10 09:51:23,245 INFO  client.GrpcClientProtocolClient (GrpcClientProtocolClient.java:onNext(255)) - client-7D6108789623->f80c66c4-8a3d-47db-b3f8-20b0bcb8a3f5: receive RaftClientReply:client-7D6108789623->f80c66c4-8a3d-47db-b3f8-20b0bcb8a3f5@group-7D2873B646E2, cid=4059, SUCCESS, logIndex=6130, commits[f80c66c4-8a3d-47db-b3f8-20b0bcb8a3f5:c6130, 6e9bc0f4-a324-4be3-b201-2d39df7dad8a:c6129, cffe1303-2f93-4087-8a62-a40745db49f2:c6129]
2019-07-10 09:51:23,246 INFO  client.GrpcClientProtocolClient (GrpcClientProtocolClient.java:onNext(255)) - client-7D6108789623->f80c66c4-8a3d-47db-b3f8-20b0bcb8a3f5: receive RaftClientReply:client-7D6108789623->f80c66c4-8a3d-47db-b3f8-20b0bcb8a3f5@group-7D2873B646E2, cid=4060, SUCCESS, logIndex=6131, commits[f80c66c4-8a3d-47db-b3f8-20b0bcb8a3f5:c6132, 6e9bc0f4-a324-4be3-b201-2d39df7dad8a:c6129, cffe1303-2f93-4087-8a62-a40745db49f2:c6129]
2019-07-10 09:51:23,246 INFO  client.GrpcClientProtocolClient (GrpcClientProtocolClient.java:onNext(255)) - client-7D6108789623->f80c66c4-8a3d-47db-b3f8-20b0bcb8a3f5: receive RaftClientReply:client-7D6108789623->f80c66c4-8a3d-47db-b3f8-20b0bcb8a3f5@group-7D2873B646E2, cid=4061, SUCCESS, logIndex=6132, commits[f80c66c4-8a3d-47db-b3f8-20b0bcb8a3f5:c6133, 6e9bc0f4-a324-4be3-b201-2d39df7dad8a:c6129, cffe1303-2f93-4087-8a62-a40745db49f2:c6129]
2019-07-10 09:51:23,246 INFO  client.GrpcClientProtocolClient (GrpcClientProtocolClient.java:onNext(255)) - client-7D6108789623->f80c66c4-8a3d-47db-b3f8-20b0bcb8a3f5: receive RaftClientReply:client-7D6108789623->f80c66c4-8a3d-47db-b3f8-20b0bcb8a3f5@group-7D2873B646E2, cid=4062, SUCCESS, logIndex=6133, commits[f80c66c4-8a3d-47db-b3f8-20b0bcb8a3f5:c6133, 6e9bc0f4-a324-4be3-b201-2d39df7dad8a:c6129, cffe1303-2f93-4087-8a62-a40745db49f2:c6129]
 0.00% |█                                                                                                    |  0/1 Time: 0:00:472019-07-10 09:51:23,258 INFO  client.GrpcClientProtocolClient (GrpcClientProtocolClient.java:onNext(255)) - client-7D6108789623->f80c66c4-8a3d-47db-b3f8-20b0bcb8a3f5: receive RaftClientReply:client-7D6108789623->f80c66c4-8a3d-47db-b3f8-20b0bcb8a3f5@group-7D2873B646E2, cid=4063, SUCCESS, logIndex=0, commits[f80c66c4-8a3d-47db-b3f8-20b0bcb8a3f5:c6137, 6e9bc0f4-a324-4be3-b201-2d39df7dad8a:c6131, cffe1303-2f93-4087-8a62-a40745db49f2:c6133]
2019-07-10 09:51:23,282 INFO  client.GrpcClientProtocolClient (GrpcClientProtocolClient.java:onNext(255)) - client-7D6108789623->f80c66c4-8a3d-47db-b3f8-20b0bcb8a3f5: receive RaftClientReply:client-7D6108789623->f80c66c4-8a3d-47db-b3f8-20b0bcb8a3f5@group-7D2873B646E2, cid=4064, SUCCESS, logIndex=6138, commits[f80c66c4-8a3d-47db-b3f8-20b0bcb8a3f5:c6138, 6e9bc0f4-a324-4be3-b201-2d39df7dad8a:c6137, cffe1303-2f93-4087-8a62-a40745db49f2:c6137]
2019-07-10 09:51:23,283 INFO  client.GrpcClientProtocolClient (GrpcClientProtocolClient.java:onNext(255)) - client-7D6108789623->f80c66c4-8a3d-47db-b3f8-20b0bcb8a3f5: receive RaftClientReply:client-7D6108789623->f80c66c4-8a3d-47db-b3f8-20b0bcb8a3f5@group-7D2873B646E2, cid=4065, SUCCESS, logIndex=6139, commits[f80c66c4-8a3d-47db-b3f8-20b0bcb8a3f5:c6139, 6e9bc0f4-a324-4be3-b201-2d39df7dad8a:c6137, cffe1303-2f93-4087-8a62-a40745db49f2:c6137]
2019-07-10 09:51:23,297 INFO  client.GrpcClientProtocolClient (GrpcClientProtocolClient.java:onNext(255)) - client-7D6108789623->f80c66c4-8a3d-47db-b3f8-20b0bcb8a3f5: receive RaftClientReply:client-7D6108789623->f80c66c4-8a3d-47db-b3f8-20b0bcb8a3f5@group-7D2873B646E2, cid=4066, SUCCESS, logIndex=6142, commits[f80c66c4-8a3d-47db-b3f8-20b0bcb8a3f5:c6143, 6e9bc0f4-a324-4be3-b201-2d39df7dad8a:c6139, cffe1303-2f93-4087-8a62-a40745db49f2:c6139]
2019-07-10 09:51:23,297 INFO  client.GrpcClientProtocolClient (GrpcClientProtocolClient.java:onNext(255)) - client-7D6108789623->f80c66c4-8a3d-47db-b3f8-20b0bcb8a3f5: receive RaftClientReply:client-7D6108789623->f80c66c4-8a3d-47db-b3f8-20b0bcb8a3f5@group-7D2873B646E2, cid=4067, SUCCESS, logIndex=6143, commits[f80c66c4-8a3d-47db-b3f8-20b0bcb8a3f5:c6143, 6e9bc0f4-a324-4be3-b201-2d39df7dad8a:c6139, cffe1303-2f93-4087-8a62-a40745db49f2:c6139]
2019-07-10 09:51:23,309 INFO  client.GrpcClientProtocolClient (GrpcClientProtocolClient.java:onNext(255)) - client-7D6108789623->f80c66c4-8a3d-47db-b3f8-20b0bcb8a3f5: receive RaftClientReply:client-7D6108789623->f80c66c4-8a3d-47db-b3f8-20b0bcb8a3f5@group-7D2873B646E2, cid=4068, SUCCESS, logIndex=0, commits[f80c66c4-8a3d-47db-b3f8-20b0bcb8a3f5:c6145, 6e9bc0f4-a324-4be3-b201-2d39df7dad8a:c6143, cffe1303-2f93-4087-8a62-a40745db49f2:c6143]
2019-07-10 09:51:23,345 INFO  client.GrpcClientProtocolClient (GrpcClientProtocolClient.java:onNext(255)) - client-7D6108789623->f80c66c4-8a3d-47db-b3f8-20b0bcb8a3f5: receive RaftClientReply:client-7D6108789623->f80c66c4-8a3d-47db-b3f8-20b0bcb8a3f5@group-7D2873B646E2, cid=4069, SUCCESS, logIndex=6146, commits[f80c66c4-8a3d-47db-b3f8-20b0bcb8a3f5:c6149, 6e9bc0f4-a324-4be3-b201-2d39df7dad8a:c6143, cffe1303-2f93-4087-8a62-a40745db49f2:c6145]
2019-07-10 09:51:23,346 INFO  client.GrpcClientProtocolClient (GrpcClientProtocolClient.java:onNext(255)) - client-7D6108789623->f80c66c4-8a3d-47db-b3f8-20b0bcb8a3f5: receive RaftClientReply:client-7D6108789623->f80c66c4-8a3d-47db-b3f8-20b0bcb8a3f5@group-7D2873B646E2, cid=4070, SUCCESS, logIndex=6147, commits[f80c66c4-8a3d-47db-b3f8-20b0bcb8a3f5:c6149, 6e9bc0f4-a324-4be3-b201-2d39df7dad8a:c6145, cffe1303-2f93-4087-8a62-a40745db49f2:c6145]
2019-07-10 09:51:23,346 INFO  client.GrpcClientProtocolClient (GrpcClientProtocolClient.java:onNext(255)) - client-7D6108789623->f80c66c4-8a3d-47db-b3f8-20b0bcb8a3f5: receive RaftClientReply:client-7D6108789623->f80c66c4-8a3d-47db-b3f8-20b0bcb8a3f5@group-7D2873B646E2, cid=4071, SUCCESS, logIndex=6148, commits[f80c66c4-8a3d-47db-b3f8-20b0bcb8a3f5:c6149, 6e9bc0f4-a324-4be3-b201-2d39df7dad8a:c6145, cffe1303-2f93-4087-8a62-a40745db49f2:c6145]
2019-07-10 09:51:23,347 INFO  client.GrpcClientProtocolClient (GrpcClientProtocolClient.java:onNext(255)) - client-7D6108789623->f80c66c4-8a3d-47db-b3f8-20b0bcb8a3f5: receive RaftClientReply:client-7D6108789623->f80c66c4-8a3d-47db-b3f8-20b0bcb8a3f5@group-7D2873B646E2, cid=4072, SUCCESS, logIndex=6149, commits[f80c66c4-8a3d-47db-b3f8-20b0bcb8a3f5:c6149, 6e9bc0f4-a324-4be3-b201-2d39df7dad8a:c6145, cffe1303-2f93-4087-8a62-a40745db49f2:c6145]
2019-07-10 09:51:23,353 INFO  client.GrpcClientProtocolClient (GrpcClientProtocolClient.java:onNext(255)) - client-7D6108789623->f80c66c4-8a3d-47db-b3f8-20b0bcb8a3f5: receive RaftClientReply:client-7D6108789623->f80c66c4-8a3d-47db-b3f8-20b0bcb8a3f5@group-7D2873B646E2, cid=4073, SUCCESS, logIndex=0, commits[f80c66c4-8a3d-47db-b3f8-20b0bcb8a3f5:c6150, 6e9bc0f4-a324-4be3-b201-2d39df7dad8a:c6147, cffe1303-2f93-4087-8a62-a40745db49f2:c6147]
2019-07-10 09:51:23,367 INFO  client.GrpcClientProtocolClient (GrpcClientProtocolClient.java:onNext(255)) - client-7D6108789623->f80c66c4-8a3d-47db-b3f8-20b0bcb8a3f5: receive RaftClientReply:client-7D6108789623->f80c66c4-8a3d-47db-b3f8-20b0bcb8a3f5@group-7D2873B646E2, cid=4074, SUCCESS, logIndex=6154, commits[f80c66c4-8a3d-47db-b3f8-20b0bcb8a3f5:c6155, 6e9bc0f4-a324-4be3-b201-2d39df7dad8a:c6153, cffe1303-2f93-4087-8a62-a40745db49f2:c6153]
2019-07-10 09:51:23,368 INFO  client.GrpcClientProtocolClient (GrpcClientProtocolClient.java:onNext(255)) - client-7D6108789623->f80c66c4-8a3d-47db-b3f8-20b0bcb8a3f5: receive RaftClientReply:client-7D6108789623->f80c66c4-8a3d-47db-b3f8-20b0bcb8a3f5@group-7D2873B646E2, cid=4075, SUCCESS, logIndex=6155, commits[f80c66c4-8a3d-47db-b3f8-20b0bcb8a3f5:c6155, 6e9bc0f4-a324-4be3-b201-2d39df7dad8a:c6153, cffe1303-2f93-4087-8a62-a40745db49f2:c6153]
2019-07-10 09:51:23,381 INFO  client.GrpcClientProtocolClient (GrpcClientProtocolClient.java:onNext(255)) - client-7D6108789623->f80c66c4-8a3d-47db-b3f8-20b0bcb8a3f5: receive RaftClientReply:client-7D6108789623->f80c66c4-8a3d-47db-b3f8-20b0bcb8a3f5@group-7D2873B646E2, cid=4076, SUCCESS, logIndex=6158, commits[f80c66c4-8a3d-47db-b3f8-20b0bcb8a3f5:c6159, 6e9bc0f4-a324-4be3-b201-2d39df7dad8a:c6155, cffe1303-2f93-4087-8a62-a40745db49f2:c6155]
2019-07-10 09:51:23,381 INFO  client.GrpcClientProtocolClient (GrpcClientProtocolClient.java:onNext(255)) - client-7D6108789623->f80c66c4-8a3d-47db-b3f8-20b0bcb8a3f5: receive RaftClientReply:client-7D6108789623->f80c66c4-8a3d-47db-b3f8-20b0bcb8a3f5@group-7D2873B646E2, cid=4077, SUCCESS, logIndex=6159, commits[f80c66c4-8a3d-47db-b3f8-20b0bcb8a3f5:c6159, 6e9bc0f4-a324-4be3-b201-2d39df7dad8a:c6155, cffe1303-2f93-4087-8a62-a40745db49f2:c6155]
2019-07-10 09:51:23,391 INFO  client.GrpcClientProtocolClient (GrpcClientProtocolClient.java:onNext(255)) - client-7D6108789623->f80c66c4-8a3d-47db-b3f8-20b0bcb8a3f5: receive RaftClientReply:client-7D6108789623->f80c66c4-8a3d-47db-b3f8-20b0bcb8a3f5@group-7D2873B646E2, cid=4078, SUCCESS, logIndex=0, commits[f80c66c4-8a3d-47db-b3f8-20b0bcb8a3f5:c6160, 6e9bc0f4-a324-4be3-b201-2d39df7dad8a:c6159, cffe1303-2f93-4087-8a62-a40745db49f2:c6159]
2019-07-10 09:51:23,425 INFO  client.GrpcClientProtocolClient (GrpcClientProtocolClient.java:onNext(255)) - client-7D6108789623->f80c66c4-8a3d-47db-b3f8-20b0bcb8a3f5: receive RaftClientReply:client-7D6108789623->f80c66c4-8a3d-47db-b3f8-20b0bcb8a3f5@group-7D2873B646E2, cid=4079, SUCCESS, logIndex=6162, commits[f80c66c4-8a3d-47db-b3f8-20b0bcb8a3f5:c6163, 6e9bc0f4-a324-4be3-b201-2d39df7dad8a:c6161, cffe1303-2f93-4087-8a62-a40745db49f2:c6161]
2019-07-10 09:51:23,426 INFO  client.GrpcClientProtocolClient (GrpcClientProtocolClient.java:onNext(255)) - client-7D6108789623->f80c66c4-8a3d-47db-b3f8-20b0bcb8a3f5: receive RaftClientReply:client-7D6108789623->f80c66c4-8a3d-47db-b3f8-20b0bcb8a3f5@group-7D2873B646E2, cid=4080, SUCCESS, logIndex=6163, commits[f80c66c4-8a3d-47db-b3f8-20b0bcb8a3f5:c6165, 6e9bc0f4-a324-4be3-b201-2d39df7dad8a:c6161, cffe1303-2f93-4087-8a62-a40745db49f2:c6161]
2019-07-10 09:51:23,426 INFO  client.GrpcClientProtocolClient (GrpcClientProtocolClient.java:onNext(255)) - client-7D6108789623->f80c66c4-8a3d-47db-b3f8-20b0bcb8a3f5: receive RaftClientReply:client-7D6108789623->f80c66c4-8a3d-47db-b3f8-20b0bcb8a3f5@group-7D2873B646E2, cid=4081, SUCCESS, logIndex=6164, commits[f80c66c4-8a3d-47db-b3f8-20b0bcb8a3f5:c6165, 6e9bc0f4-a324-4be3-b201-2d39df7dad8a:c6161, cffe1303-2f93-4087-8a62-a40745db49f2:c6161]
2019-07-10 09:51:23,427 INFO  client.GrpcClientProtocolClient (GrpcClientProtocolClient.java:onNext(255)) - client-7D6108789623->f80c66c4-8a3d-47db-b3f8-20b0bcb8a3f5: receive RaftClientReply:client-7D6108789623->f80c66c4-8a3d-47db-b3f8-20b0bcb8a3f5@group-7D2873B646E2, cid=4082, SUCCESS, logIndex=6165, commits[f80c66c4-8a3d-47db-b3f8-20b0bcb8a3f5:c6165, 6e9bc0f4-a324-4be3-b201-2d39df7dad8a:c6161, cffe1303-2f93-4087-8a62-a40745db49f2:c6161]
2019-07-10 09:51:23,448 INFO  client.GrpcClientProtocolClient (GrpcClientProtocolClient.java:onNext(255)) - client-7D6108789623->f80c66c4-8a3d-47db-b3f8-20b0bcb8a3f5: receive RaftClientReply:client-7D6108789623->f80c66c4-8a3d-47db-b3f8-20b0bcb8a3f5@group-7D2873B646E2, cid=4083, SUCCESS, logIndex=0, commits[f80c66c4-8a3d-47db-b3f8-20b0bcb8a3f5:c6167, 6e9bc0f4-a324-4be3-b201-2d39df7dad8a:c6163, cffe1303-2f93-4087-8a62-a40745db49f2:c6163]
2019-07-10 09:51:23,469 INFO  client.GrpcClientProtocolClient (GrpcClientProtocolClient.java:onNext(255)) - client-7D6108789623->f80c66c4-8a3d-47db-b3f8-20b0bcb8a3f5: receive RaftClientReply:client-7D6108789623->f80c66c4-8a3d-47db-b3f8-20b0bcb8a3f5@group-7D2873B646E2, cid=4084, SUCCESS, logIndex=6169, commits[f80c66c4-8a3d-47db-b3f8-20b0bcb8a3f5:c6170, 6e9bc0f4-a324-4be3-b201-2d39df7dad8a:c6165, cffe1303-2f93-4087-8a62-a40745db49f2:c6168]
2019-07-10 09:51:23,470 INFO  client.GrpcClientProtocolClient (GrpcClientProtocolClient.java:onNext(255)) - client-7D6108789623->f80c66c4-8a3d-47db-b3f8-20b0bcb8a3f5: receive RaftClientReply:client-7D6108789623->f80c66c4-8a3d-47db-b3f8-20b0bcb8a3f5@group-7D2873B646E2, cid=4085, SUCCESS, logIndex=6170, commits[f80c66c4-8a3d-47db-b3f8-20b0bcb8a3f5:c6170, 6e9bc0f4-a324-4be3-b201-2d39df7dad8a:c6168, cffe1303-2f93-4087-8a62-a40745db49f2:c6168]
2019-07-10 09:51:23,486 INFO  client.GrpcClientProtocolClient (GrpcClientProtocolClient.java:onNext(255)) - client-7D6108789623->f80c66c4-8a3d-47db-b3f8-20b0bcb8a3f5: receive RaftClientReply:client-7D6108789623->f80c66c4-8a3d-47db-b3f8-20b0bcb8a3f5@group-7D2873B646E2, cid=4086, SUCCESS, logIndex=6173, commits[f80c66c4-8a3d-47db-b3f8-20b0bcb8a3f5:c6174, 6e9bc0f4-a324-4be3-b201-2d39df7dad8a:c6171, cffe1303-2f93-4087-8a62-a40745db49f2:c6171]
2019-07-10 09:51:23,486 INFO  client.GrpcClientProtocolClient (GrpcClientProtocolClient.java:onNext(255)) - client-7D6108789623->f80c66c4-8a3d-47db-b3f8-20b0bcb8a3f5: receive RaftClientReply:client-7D6108789623->f80c66c4-8a3d-47db-b3f8-20b0bcb8a3f5@group-7D2873B646E2, cid=4087, SUCCESS, logIndex=6174, commits[f80c66c4-8a3d-47db-b3f8-20b0bcb8a3f5:c6174, 6e9bc0f4-a324-4be3-b201-2d39df7dad8a:c6171, cffe1303-2f93-4087-8a62-a40745db49f2:c6171]
2019-07-10 09:51:23,488 INFO  client.GrpcClientProtocolClient (GrpcClientProtocolClient.java:onNext(255)) - client-7D6108789623->f80c66c4-8a3d-47db-b3f8-20b0bcb8a3f5: receive RaftClientReply:client-7D6108789623->f80c66c4-8a3d-47db-b3f8-20b0bcb8a3f5@group-7D2873B646E2, cid=4088, SUCCESS, logIndex=0, commits[f80c66c4-8a3d-47db-b3f8-20b0bcb8a3f5:c6175, 6e9bc0f4-a324-4be3-b201-2d39df7dad8a:c6174, cffe1303-2f93-4087-8a62-a40745db49f2:c6174]
2019-07-10 09:51:23,520 INFO  client.GrpcClientProtocolClient (GrpcClientProtocolClient.java:onNext(255)) - client-7D6108789623->f80c66c4-8a3d-47db-b3f8-20b0bcb8a3f5: receive RaftClientReply:client-7D6108789623->f80c66c4-8a3d-47db-b3f8-20b0bcb8a3f5@group-7D2873B646E2, cid=4089, SUCCESS, logIndex=6177, commits[f80c66c4-8a3d-47db-b3f8-20b0bcb8a3f5:c6178, 6e9bc0f4-a324-4be3-b201-2d39df7dad8a:c6176, cffe1303-2f93-4087-8a62-a40745db49f2:c6176]
2019-07-10 09:51:23,520 INFO  client.GrpcClientProtocolClient (GrpcClientProtocolClient.java:onNext(255)) - client-7D6108789623->f80c66c4-8a3d-47db-b3f8-20b0bcb8a3f5: receive RaftClientReply:client-7D6108789623->f80c66c4-8a3d-47db-b3f8-20b0bcb8a3f5@group-7D2873B646E2, cid=4090, SUCCESS, logIndex=6178, commits[f80c66c4-8a3d-47db-b3f8-20b0bcb8a3f5:c6178, 6e9bc0f4-a324-4be3-b201-2d39df7dad8a:c6176, cffe1303-2f93-4087-8a62-a40745db49f2:c6176]
2019-07-10 09:51:23,528 INFO  client.GrpcClientProtocolClient (GrpcClientProtocolClient.java:onNext(255)) - client-7D6108789623->f80c66c4-8a3d-47db-b3f8-20b0bcb8a3f5: receive RaftClientReply:client-7D6108789623->f80c66c4-8a3d-47db-b3f8-20b0bcb8a3f5@group-7D2873B646E2, cid=4091, SUCCESS, logIndex=6179, commits[f80c66c4-8a3d-47db-b3f8-20b0bcb8a3f5:c6180, 6e9bc0f4-a324-4be3-b201-2d39df7dad8a:c6176, cffe1303-2f93-4087-8a62-a40745db49f2:c6176]
2019-07-10 09:51:23,528 INFO  client.GrpcClientProtocolClient (GrpcClientProtocolClient.java:onNext(255)) - client-7D6108789623->f80c66c4-8a3d-47db-b3f8-20b0bcb8a3f5: receive RaftClientReply:client-7D6108789623->f80c66c4-8a3d-47db-b3f8-20b0bcb8a3f5@group-7D2873B646E2, cid=4092, SUCCESS, logIndex=6180, commits[f80c66c4-8a3d-47db-b3f8-20b0bcb8a3f5:c6180, 6e9bc0f4-a324-4be3-b201-2d39df7dad8a:c6176, cffe1303-2f93-4087-8a62-a40745db49f2:c6176]
2019-07-10 09:51:23,532 INFO  client.GrpcClientProtocolClient (GrpcClientProtocolClient.java:onNext(255)) - client-7D6108789623->f80c66c4-8a3d-47db-b3f8-20b0bcb8a3f5: receive RaftClientReply:client-7D6108789623->f80c66c4-8a3d-47db-b3f8-20b0bcb8a3f5@group-7D2873B646E2, cid=4093, SUCCESS, logIndex=0, commits[f80c66c4-8a3d-47db-b3f8-20b0bcb8a3f5:c6182, 6e9bc0f4-a324-4be3-b201-2d39df7dad8a:c6178, cffe1303-2f93-4087-8a62-a40745db49f2:c6178]
2019-07-10 09:51:23,551 INFO  client.GrpcClientProtocolClient (GrpcClientProtocolClient.java:onNext(255)) - client-7D6108789623->f80c66c4-8a3d-47db-b3f8-20b0bcb8a3f5: receive RaftClientReply:client-7D6108789623->f80c66c4-8a3d-47db-b3f8-20b0bcb8a3f5@group-7D2873B646E2, cid=4094, SUCCESS, logIndex=6185, commits[f80c66c4-8a3d-47db-b3f8-20b0bcb8a3f5:c6186, 6e9bc0f4-a324-4be3-b201-2d39df7dad8a:c6184, cffe1303-2f93-4087-8a62-a40745db49f2:c6184]
2019-07-10 09:51:23,552 INFO  client.GrpcClientProtocolClient (GrpcClientProtocolClient.java:onNext(255)) - client-7D6108789623->f80c66c4-8a3d-47db-b3f8-20b0bcb8a3f5: receive RaftClientReply:client-7D6108789623->f80c66c4-8a3d-47db-b3f8-20b0bcb8a3f5@group-7D2873B646E2, cid=4095, SUCCESS, logIndex=6186, commits[f80c66c4-8a3d-47db-b3f8-20b0bcb8a3f5:c6186, 6e9bc0f4-a324-4be3-b201-2d39df7dad8a:c6184, cffe1303-2f93-4087-8a62-a40745db49f2:c6184]
2019-07-10 09:51:23,565 INFO  client.GrpcClientProtocolClient (GrpcClientProtocolClient.java:onNext(255)) - client-7D6108789623->f80c66c4-8a3d-47db-b3f8-20b0bcb8a3f5: receive RaftClientReply:client-7D6108789623->f80c66c4-8a3d-47db-b3f8-20b0bcb8a3f5@group-7D2873B646E2, cid=4096, SUCCESS, logIndex=6189, commits[f80c66c4-8a3d-47db-b3f8-20b0bcb8a3f5:c6190, 6e9bc0f4-a324-4be3-b201-2d39df7dad8a:c6186, cffe1303-2f93-4087-8a62-a40745db49f2:c6186]
2019-07-10 09:51:23,566 INFO  client.GrpcClientProtocolClient (GrpcClientProtocolClient.java:onNext(255)) - client-7D6108789623->f80c66c4-8a3d-47db-b3f8-20b0bcb8a3f5: receive RaftClientReply:client-7D6108789623->f80c66c4-8a3d-47db-b3f8-20b0bcb8a3f5@group-7D2873B646E2, cid=4097, SUCCESS, logIndex=6190, commits[f80c66c4-8a3d-47db-b3f8-20b0bcb8a3f5:c6190, 6e9bc0f4-a324-4be3-b201-2d39df7dad8a:c6186, cffe1303-2f93-4087-8a62-a40745db49f2:c6186]
2019-07-10 09:51:23,578 INFO  client.GrpcClientProtocolClient (GrpcClientProtocolClient.java:onNext(255)) - client-7D6108789623->f80c66c4-8a3d-47db-b3f8-20b0bcb8a3f5: receive RaftClientReply:client-7D6108789623->f80c66c4-8a3d-47db-b3f8-20b0bcb8a3f5@group-7D2873B646E2, cid=4098, SUCCESS, logIndex=0, commits[f80c66c4-8a3d-47db-b3f8-20b0bcb8a3f5:c6192, 6e9bc0f4-a324-4be3-b201-2d39df7dad8a:c6190, cffe1303-2f93-4087-8a62-a40745db49f2:c6190]
2019-07-10 09:51:23,610 INFO  client.GrpcClientProtocolClient (GrpcClientProtocolClient.java:onNext(255)) - client-7D6108789623->f80c66c4-8a3d-47db-b3f8-20b0bcb8a3f5: receive RaftClientReply:client-7D6108789623->f80c66c4-8a3d-47db-b3f8-20b0bcb8a3f5@group-7D2873B646E2, cid=4099, SUCCESS, logIndex=6193, commits[f80c66c4-8a3d-47db-b3f8-20b0bcb8a3f5:c6194, 6e9bc0f4-a324-4be3-b201-2d39df7dad8a:c6192, cffe1303-2f93-4087-8a62-a40745db49f2:c6192]
2019-07-10 09:51:23,610 INFO  client.GrpcClientProtocolClient (GrpcClientProtocolClient.java:onNext(255)) - client-7D6108789623->f80c66c4-8a3d-47db-b3f8-20b0bcb8a3f5: receive RaftClientReply:client-7D6108789623->f80c66c4-8a3d-47db-b3f8-20b0bcb8a3f5@group-7D2873B646E2, cid=4100, SUCCESS, logIndex=6194, commits[f80c66c4-8a3d-47db-b3f8-20b0bcb8a3f5:c6194, 6e9bc0f4-a324-4be3-b201-2d39df7dad8a:c6192, cffe1303-2f93-4087-8a62-a40745db49f2:c6192]
2019-07-10 09:51:23,611 INFO  client.GrpcClientProtocolClient (GrpcClientProtocolClient.java:onNext(255)) - client-7D6108789623->f80c66c4-8a3d-47db-b3f8-20b0bcb8a3f5: receive RaftClientReply:client-7D6108789623->f80c66c4-8a3d-47db-b3f8-20b0bcb8a3f5@group-7D2873B646E2, cid=4101, SUCCESS, logIndex=6195, commits[f80c66c4-8a3d-47db-b3f8-20b0bcb8a3f5:c6196, 6e9bc0f4-a324-4be3-b201-2d39df7dad8a:c6192, cffe1303-2f93-4087-8a62-a40745db49f2:c6192]
2019-07-10 09:51:23,611 INFO  client.GrpcClientProtocolClient (GrpcClientProtocolClient.java:onNext(255)) - client-7D6108789623->f80c66c4-8a3d-47db-b3f8-20b0bcb8a3f5: receive RaftClientReply:client-7D6108789623->f80c66c4-8a3d-47db-b3f8-20b0bcb8a3f5@group-7D2873B646E2, cid=4102, SUCCESS, logIndex=6196, commits[f80c66c4-8a3d-47db-b3f8-20b0bcb8a3f5:c6196, 6e9bc0f4-a324-4be3-b201-2d39df7dad8a:c6192, cffe1303-2f93-4087-8a62-a40745db49f2:c6192]
2019-07-10 09:51:23,746 INFO  client.GrpcClientProtocolClient (GrpcClientProtocolClient.java:onNext(255)) - client-7D6108789623->f80c66c4-8a3d-47db-b3f8-20b0bcb8a3f5: receive RaftClientReply:client-7D6108789623->f80c66c4-8a3d-47db-b3f8-20b0bcb8a3f5@group-7D2873B646E2, cid=4103, SUCCESS, logIndex=0, commits[f80c66c4-8a3d-47db-b3f8-20b0bcb8a3f5:c6198, 6e9bc0f4-a324-4be3-b201-2d39df7dad8a:c6194, cffe1303-2f93-4087-8a62-a40745db49f2:c6194]
2019-07-10 09:51:23,760 INFO  client.GrpcClientProtocolClient (GrpcClientProtocolClient.java:onNext(255)) - client-7D6108789623->f80c66c4-8a3d-47db-b3f8-20b0bcb8a3f5: receive RaftClientReply:client-7D6108789623->f80c66c4-8a3d-47db-b3f8-20b0bcb8a3f5@group-7D2873B646E2, cid=4104, SUCCESS, logIndex=6201, commits[f80c66c4-8a3d-47db-b3f8-20b0bcb8a3f5:c6202, 6e9bc0f4-a324-4be3-b201-2d39df7dad8a:c6196, cffe1303-2f93-4087-8a62-a40745db49f2:c6200]
2019-07-10 09:51:23,761 INFO  client.GrpcClientProtocolClient (GrpcClientProtocolClient.java:onNext(255)) - client-7D6108789623->f80c66c4-8a3d-47db-b3f8-20b0bcb8a3f5: receive RaftClientReply:client-7D6108789623->f80c66c4-8a3d-47db-b3f8-20b0bcb8a3f5@group-7D2873B646E2, cid=4105, SUCCESS, logIndex=6202, commits[f80c66c4-8a3d-47db-b3f8-20b0bcb8a3f5:c6202, 6e9bc0f4-a324-4be3-b201-2d39df7dad8a:c6200, cffe1303-2f93-4087-8a62-a40745db49f2:c6200]
2019-07-10 09:51:23,785 INFO  client.GrpcClientProtocolClient (GrpcClientProtocolClient.java:onNext(255)) - client-7D6108789623->f80c66c4-8a3d-47db-b3f8-20b0bcb8a3f5: receive RaftClientReply:client-7D6108789623->f80c66c4-8a3d-47db-b3f8-20b0bcb8a3f5@group-7D2873B646E2, cid=4106, SUCCESS, logIndex=6205, commits[f80c66c4-8a3d-47db-b3f8-20b0bcb8a3f5:c6206, 6e9bc0f4-a324-4be3-b201-2d39df7dad8a:c6202, cffe1303-2f93-4087-8a62-a40745db49f2:c6203]
2019-07-10 09:51:23,786 INFO  client.GrpcClientProtocolClient (GrpcClientProtocolClient.java:onNext(255)) - client-7D6108789623->f80c66c4-8a3d-47db-b3f8-20b0bcb8a3f5: receive RaftClientReply:client-7D6108789623->f80c66c4-8a3d-47db-b3f8-20b0bcb8a3f5@group-7D2873B646E2, cid=4107, SUCCESS, logIndex=6206, commits[f80c66c4-8a3d-47db-b3f8-20b0bcb8a3f5:c6206, 6e9bc0f4-a324-4be3-b201-2d39df7dad8a:c6203, cffe1303-2f93-4087-8a62-a40745db49f2:c6203]
2019-07-10 09:51:23,806 INFO  client.GrpcClientProtocolClient (GrpcClientProtocolClient.java:onNext(255)) - client-7D6108789623->f80c66c4-8a3d-47db-b3f8-20b0bcb8a3f5: receive RaftClientReply:client-7D6108789623->f80c66c4-8a3d-47db-b3f8-20b0bcb8a3f5@group-7D2873B646E2, cid=4108, SUCCESS, logIndex=0, commits[f80c66c4-8a3d-47db-b3f8-20b0bcb8a3f5:c6208, 6e9bc0f4-a324-4be3-b201-2d39df7dad8a:c6206, cffe1303-2f93-4087-8a62-a40745db49f2:c6206]
2019-07-10 09:51:23,851 INFO  client.GrpcClientProtocolClient (GrpcClientProtocolClient.java:onNext(255)) - client-7D6108789623->f80c66c4-8a3d-47db-b3f8-20b0bcb8a3f5: receive RaftClientReply:client-7D6108789623->f80c66c4-8a3d-47db-b3f8-20b0bcb8a3f5@group-7D2873B646E2, cid=4109, SUCCESS, logIndex=6209, commits[f80c66c4-8a3d-47db-b3f8-20b0bcb8a3f5:c6210, 6e9bc0f4-a324-4be3-b201-2d39df7dad8a:c6208, cffe1303-2f93-4087-8a62-a40745db49f2:c6208]
2019-07-10 09:51:23,852 INFO  client.GrpcClientProtocolClient (GrpcClientProtocolClient.java:onNext(255)) - client-7D6108789623->f80c66c4-8a3d-47db-b3f8-20b0bcb8a3f5: receive RaftClientReply:client-7D6108789623->f80c66c4-8a3d-47db-b3f8-20b0bcb8a3f5@group-7D2873B646E2, cid=4110, SUCCESS, logIndex=6210, commits[f80c66c4-8a3d-47db-b3f8-20b0bcb8a3f5:c6210, 6e9bc0f4-a324-4be3-b201-2d39df7dad8a:c6208, cffe1303-2f93-4087-8a62-a40745db49f2:c6208]
2019-07-10 09:51:23,859 INFO  client.GrpcClientProtocolClient (GrpcClientProtocolClient.java:onNext(255)) - client-7D6108789623->f80c66c4-8a3d-47db-b3f8-20b0bcb8a3f5: receive RaftClientReply:client-7D6108789623->f80c66c4-8a3d-47db-b3f8-20b0bcb8a3f5@group-7D2873B646E2, cid=4111, SUCCESS, logIndex=6211, commits[f80c66c4-8a3d-47db-b3f8-20b0bcb8a3f5:c6212, 6e9bc0f4-a324-4be3-b201-2d39df7dad8a:c6208, cffe1303-2f93-4087-8a62-a40745db49f2:c6208]
2019-07-10 09:51:23,860 INFO  client.GrpcClientProtocolClient (GrpcClientProtocolClient.java:onNext(255)) - client-7D6108789623->f80c66c4-8a3d-47db-b3f8-20b0bcb8a3f5: receive RaftClientReply:client-7D6108789623->f80c66c4-8a3d-47db-b3f8-20b0bcb8a3f5@group-7D2873B646E2, cid=4112, SUCCESS, logIndex=6212, commits[f80c66c4-8a3d-47db-b3f8-20b0bcb8a3f5:c6212, 6e9bc0f4-a324-4be3-b201-2d39df7dad8a:c6208, cffe1303-2f93-4087-8a62-a40745db49f2:c6208]
2019-07-10 09:51:23,861 INFO  client.GrpcClientProtocolClient (GrpcClientProtocolClient.java:onNext(255)) - client-7D6108789623->f80c66c4-8a3d-47db-b3f8-20b0bcb8a3f5: receive RaftClientReply:client-7D6108789623->f80c66c4-8a3d-47db-b3f8-20b0bcb8a3f5@group-7D2873B646E2, cid=4113, SUCCESS, logIndex=0, commits[f80c66c4-8a3d-47db-b3f8-20b0bcb8a3f5:c6216, 6e9bc0f4-a324-4be3-b201-2d39df7dad8a:c6210, cffe1303-2f93-4087-8a62-a40745db49f2:c6210]
2019-07-10 09:51:23,875 INFO  client.GrpcClientProtocolClient (GrpcClientProtocolClient.java:onNext(255)) - client-7D6108789623->f80c66c4-8a3d-47db-b3f8-20b0bcb8a3f5: receive RaftClientReply:client-7D6108789623->f80c66c4-8a3d-47db-b3f8-20b0bcb8a3f5@group-7D2873B646E2, cid=4114, SUCCESS, logIndex=6217, commits[f80c66c4-8a3d-47db-b3f8-20b0bcb8a3f5:c6218, 6e9bc0f4-a324-4be3-b201-2d39df7dad8a:c6216, cffe1303-2f93-4087-8a62-a40745db49f2:c6216]
2019-07-10 09:51:23,875 INFO  client.GrpcClientProtocolClient (GrpcClientProtocolClient.java:onNext(255)) - client-7D6108789623->f80c66c4-8a3d-47db-b3f8-20b0bcb8a3f5: receive RaftClientReply:client-7D6108789623->f80c66c4-8a3d-47db-b3f8-20b0bcb8a3f5@group-7D2873B646E2, cid=4115, SUCCESS, logIndex=6218, commits[f80c66c4-8a3d-47db-b3f8-20b0bcb8a3f5:c6218, 6e9bc0f4-a324-4be3-b201-2d39df7dad8a:c6216, cffe1303-2f93-4087-8a62-a40745db49f2:c6216]
2019-07-10 09:51:23,914 INFO  client.GrpcClientProtocolClient (GrpcClientProtocolClient.java:onNext(255)) - client-7D6108789623->f80c66c4-8a3d-47db-b3f8-20b0bcb8a3f5: receive RaftClientReply:client-7D6108789623->f80c66c4-8a3d-47db-b3f8-20b0bcb8a3f5@group-7D2873B646E2, cid=4116, SUCCESS, logIndex=6220, commits[f80c66c4-8a3d-47db-b3f8-20b0bcb8a3f5:c6221, 6e9bc0f4-a324-4be3-b201-2d39df7dad8a:c6218, cffe1303-2f93-4087-8a62-a40745db49f2:c6218]
2019-07-10 09:51:23,914 INFO  client.GrpcClientProtocolClient (GrpcClientProtocolClient.java:onNext(255)) - client-7D6108789623->f80c66c4-8a3d-47db-b3f8-20b0bcb8a3f5: receive RaftClientReply:client-7D6108789623->f80c66c4-8a3d-47db-b3f8-20b0bcb8a3f5@group-7D2873B646E2, cid=4117, SUCCESS, logIndex=6221, commits[f80c66c4-8a3d-47db-b3f8-20b0bcb8a3f5:c6221, 6e9bc0f4-a324-4be3-b201-2d39df7dad8a:c6218, cffe1303-2f93-4087-8a62-a40745db49f2:c6218]
2019-07-10 09:51:23,937 INFO  client.GrpcClientProtocolClient (GrpcClientProtocolClient.java:onNext(255)) - client-7D6108789623->f80c66c4-8a3d-47db-b3f8-20b0bcb8a3f5: receive RaftClientReply:client-7D6108789623->f80c66c4-8a3d-47db-b3f8-20b0bcb8a3f5@group-7D2873B646E2, cid=4118, SUCCESS, logIndex=0, commits[f80c66c4-8a3d-47db-b3f8-20b0bcb8a3f5:c6223, 6e9bc0f4-a324-4be3-b201-2d39df7dad8a:c6221, cffe1303-2f93-4087-8a62-a40745db49f2:c6221]
2019-07-10 09:51:23,971 INFO  client.GrpcClientProtocolClient (GrpcClientProtocolClient.java:onNext(255)) - client-7D6108789623->f80c66c4-8a3d-47db-b3f8-20b0bcb8a3f5: receive RaftClientReply:client-7D6108789623->f80c66c4-8a3d-47db-b3f8-20b0bcb8a3f5@group-7D2873B646E2, cid=4119, SUCCESS, logIndex=6224, commits[f80c66c4-8a3d-47db-b3f8-20b0bcb8a3f5:c6226, 6e9bc0f4-a324-4be3-b201-2d39df7dad8a:c6223, cffe1303-2f93-4087-8a62-a40745db49f2:c6223]
2019-07-10 09:51:23,972 INFO  client.GrpcClientProtocolClient (GrpcClientProtocolClient.java:onNext(255)) - client-7D6108789623->f80c66c4-8a3d-47db-b3f8-20b0bcb8a3f5: receive RaftClientReply:client-7D6108789623->f80c66c4-8a3d-47db-b3f8-20b0bcb8a3f5@group-7D2873B646E2, cid=4120, SUCCESS, logIndex=6225, commits[f80c66c4-8a3d-47db-b3f8-20b0bcb8a3f5:c6227, 6e9bc0f4-a324-4be3-b201-2d39df7dad8a:c6223, cffe1303-2f93-4087-8a62-a40745db49f2:c6223]
2019-07-10 09:51:23,972 INFO  client.GrpcClientProtocolClient (GrpcClientProtocolClient.java:onNext(255)) - client-7D6108789623->f80c66c4-8a3d-47db-b3f8-20b0bcb8a3f5: receive RaftClientReply:client-7D6108789623->f80c66c4-8a3d-47db-b3f8-20b0bcb8a3f5@group-7D2873B646E2, cid=4121, SUCCESS, logIndex=6226, commits[f80c66c4-8a3d-47db-b3f8-20b0bcb8a3f5:c6227, 6e9bc0f4-a324-4be3-b201-2d39df7dad8a:c6223, cffe1303-2f93-4087-8a62-a40745db49f2:c6223]
2019-07-10 09:51:23,973 INFO  client.GrpcClientProtocolClient (GrpcClientProtocolClient.java:onNext(255)) - client-7D6108789623->f80c66c4-8a3d-47db-b3f8-20b0bcb8a3f5: receive RaftClientReply:client-7D6108789623->f80c66c4-8a3d-47db-b3f8-20b0bcb8a3f5@group-7D2873B646E2, cid=4122, SUCCESS, logIndex=6227, commits[f80c66c4-8a3d-47db-b3f8-20b0bcb8a3f5:c6227, 6e9bc0f4-a324-4be3-b201-2d39df7dad8a:c6223, cffe1303-2f93-4087-8a62-a40745db49f2:c6223]
2019-07-10 09:51:23,974 INFO  client.GrpcClientProtocolClient (GrpcClientProtocolClient.java:onNext(255)) - client-7D6108789623->f80c66c4-8a3d-47db-b3f8-20b0bcb8a3f5: receive RaftClientReply:client-7D6108789623->f80c66c4-8a3d-47db-b3f8-20b0bcb8a3f5@group-7D2873B646E2, cid=4123, SUCCESS, logIndex=0, commits[f80c66c4-8a3d-47db-b3f8-20b0bcb8a3f5:c6229, 6e9bc0f4-a324-4be3-b201-2d39df7dad8a:c6225, cffe1303-2f93-4087-8a62-a40745db49f2:c6225]
2019-07-10 09:51:23,986 INFO  client.GrpcClientProtocolClient (GrpcClientProtocolClient.java:onNext(255)) - client-7D6108789623->f80c66c4-8a3d-47db-b3f8-20b0bcb8a3f5: receive RaftClientReply:client-7D6108789623->f80c66c4-8a3d-47db-b3f8-20b0bcb8a3f5@group-7D2873B646E2, cid=4124, SUCCESS, logIndex=6232, commits[f80c66c4-8a3d-47db-b3f8-20b0bcb8a3f5:c6233, 6e9bc0f4-a324-4be3-b201-2d39df7dad8a:c6227, cffe1303-2f93-4087-8a62-a40745db49f2:c6230]
2019-07-10 09:51:23,987 INFO  client.GrpcClientProtocolClient (GrpcClientProtocolClient.java:onNext(255)) - client-7D6108789623->f80c66c4-8a3d-47db-b3f8-20b0bcb8a3f5: receive RaftClientReply:client-7D6108789623->f80c66c4-8a3d-47db-b3f8-20b0bcb8a3f5@group-7D2873B646E2, cid=4125, SUCCESS, logIndex=6233, commits[f80c66c4-8a3d-47db-b3f8-20b0bcb8a3f5:c6233, 6e9bc0f4-a324-4be3-b201-2d39df7dad8a:c6230, cffe1303-2f93-4087-8a62-a40745db49f2:c6230]
2019-07-10 09:51:24,000 INFO  client.GrpcClientProtocolClient (GrpcClientProtocolClient.java:onNext(255)) - client-7D6108789623->f80c66c4-8a3d-47db-b3f8-20b0bcb8a3f5: receive RaftClientReply:client-7D6108789623->f80c66c4-8a3d-47db-b3f8-20b0bcb8a3f5@group-7D2873B646E2, cid=4126, SUCCESS, logIndex=6236, commits[f80c66c4-8a3d-47db-b3f8-20b0bcb8a3f5:c6237, 6e9bc0f4-a324-4be3-b201-2d39df7dad8a:c6233, cffe1303-2f93-4087-8a62-a40745db49f2:c6234]
2019-07-10 09:51:24,000 INFO  client.GrpcClientProtocolClient (GrpcClientProtocolClient.java:onNext(255)) - client-7D6108789623->f80c66c4-8a3d-47db-b3f8-20b0bcb8a3f5: receive RaftClientReply:client-7D6108789623->f80c66c4-8a3d-47db-b3f8-20b0bcb8a3f5@group-7D2873B646E2, cid=4127, SUCCESS, logIndex=6237, commits[f80c66c4-8a3d-47db-b3f8-20b0bcb8a3f5:c6237, 6e9bc0f4-a324-4be3-b201-2d39df7dad8a:c6233, cffe1303-2f93-4087-8a62-a40745db49f2:c6234]
2019-07-10 09:51:24,012 INFO  client.GrpcClientProtocolClient (GrpcClientProtocolClient.java:onNext(255)) - client-7D6108789623->f80c66c4-8a3d-47db-b3f8-20b0bcb8a3f5: receive RaftClientReply:client-7D6108789623->f80c66c4-8a3d-47db-b3f8-20b0bcb8a3f5@group-7D2873B646E2, cid=4128, SUCCESS, logIndex=0, commits[f80c66c4-8a3d-47db-b3f8-20b0bcb8a3f5:c6238, 6e9bc0f4-a324-4be3-b201-2d39df7dad8a:c6237, cffe1303-2f93-4087-8a62-a40745db49f2:c6237]
2019-07-10 09:51:24,050 INFO  client.GrpcClientProtocolClient (GrpcClientProtocolClient.java:onNext(255)) - client-7D6108789623->f80c66c4-8a3d-47db-b3f8-20b0bcb8a3f5: receive RaftClientReply:client-7D6108789623->f80c66c4-8a3d-47db-b3f8-20b0bcb8a3f5@group-7D2873B646E2, cid=4129, SUCCESS, logIndex=6240, commits[f80c66c4-8a3d-47db-b3f8-20b0bcb8a3f5:c6241, 6e9bc0f4-a324-4be3-b201-2d39df7dad8a:c6239, cffe1303-2f93-4087-8a62-a40745db49f2:c6239]
2019-07-10 09:51:24,051 INFO  client.GrpcClientProtocolClient (GrpcClientProtocolClient.java:onNext(255)) - client-7D6108789623->f80c66c4-8a3d-47db-b3f8-20b0bcb8a3f5: receive RaftClientReply:client-7D6108789623->f80c66c4-8a3d-47db-b3f8-20b0bcb8a3f5@group-7D2873B646E2, cid=4130, SUCCESS, logIndex=6241, commits[f80c66c4-8a3d-47db-b3f8-20b0bcb8a3f5:c6242, 6e9bc0f4-a324-4be3-b201-2d39df7dad8a:c6239, cffe1303-2f93-4087-8a62-a40745db49f2:c6239]
2019-07-10 09:51:24,051 INFO  client.GrpcClientProtocolClient (GrpcClientProtocolClient.java:onNext(255)) - client-7D6108789623->f80c66c4-8a3d-47db-b3f8-20b0bcb8a3f5: receive RaftClientReply:client-7D6108789623->f80c66c4-8a3d-47db-b3f8-20b0bcb8a3f5@group-7D2873B646E2, cid=4131, SUCCESS, logIndex=6242, commits[f80c66c4-8a3d-47db-b3f8-20b0bcb8a3f5:c6243, 6e9bc0f4-a324-4be3-b201-2d39df7dad8a:c6239, cffe1303-2f93-4087-8a62-a40745db49f2:c6239]
2019-07-10 09:51:24,052 INFO  client.GrpcClientProtocolClient (GrpcClientProtocolClient.java:onNext(255)) - client-7D6108789623->f80c66c4-8a3d-47db-b3f8-20b0bcb8a3f5: receive RaftClientReply:client-7D6108789623->f80c66c4-8a3d-47db-b3f8-20b0bcb8a3f5@group-7D2873B646E2, cid=4132, SUCCESS, logIndex=6243, commits[f80c66c4-8a3d-47db-b3f8-20b0bcb8a3f5:c6243, 6e9bc0f4-a324-4be3-b201-2d39df7dad8a:c6239, cffe1303-2f93-4087-8a62-a40745db49f2:c6239]
2019-07-10 09:51:24,064 INFO  client.GrpcClientProtocolClient (GrpcClientProtocolClient.java:onNext(255)) - client-7D6108789623->f80c66c4-8a3d-47db-b3f8-20b0bcb8a3f5: receive RaftClientReply:client-7D6108789623->f80c66c4-8a3d-47db-b3f8-20b0bcb8a3f5@group-7D2873B646E2, cid=4133, SUCCESS, logIndex=0, commits[f80c66c4-8a3d-47db-b3f8-20b0bcb8a3f5:c6247, 6e9bc0f4-a324-4be3-b201-2d39df7dad8a:c6243, cffe1303-2f93-4087-8a62-a40745db49f2:c6241]
2019-07-10 09:51:24,083 INFO  client.GrpcClientProtocolClient (GrpcClientProtocolClient.java:onNext(255)) - client-7D6108789623->f80c66c4-8a3d-47db-b3f8-20b0bcb8a3f5: receive RaftClientReply:client-7D6108789623->f80c66c4-8a3d-47db-b3f8-20b0bcb8a3f5@group-7D2873B646E2, cid=4134, SUCCESS, logIndex=6248, commits[f80c66c4-8a3d-47db-b3f8-20b0bcb8a3f5:c6249, 6e9bc0f4-a324-4be3-b201-2d39df7dad8a:c6247, cffe1303-2f93-4087-8a62-a40745db49f2:c6247]
2019-07-10 09:51:24,083 INFO  client.GrpcClientProtocolClient (GrpcClientProtocolClient.java:onNext(255)) - client-7D6108789623->f80c66c4-8a3d-47db-b3f8-20b0bcb8a3f5: receive RaftClientReply:client-7D6108789623->f80c66c4-8a3d-47db-b3f8-20b0bcb8a3f5@group-7D2873B646E2, cid=4135, SUCCESS, logIndex=6249, commits[f80c66c4-8a3d-47db-b3f8-20b0bcb8a3f5:c6249, 6e9bc0f4-a324-4be3-b201-2d39df7dad8a:c6247, cffe1303-2f93-4087-8a62-a40745db49f2:c6247]
2019-07-10 09:51:24,105 INFO  client.GrpcClientProtocolClient (GrpcClientProtocolClient.java:onNext(255)) - client-7D6108789623->f80c66c4-8a3d-47db-b3f8-20b0bcb8a3f5: receive RaftClientReply:client-7D6108789623->f80c66c4-8a3d-47db-b3f8-20b0bcb8a3f5@group-7D2873B646E2, cid=4136, SUCCESS, logIndex=6252, commits[f80c66c4-8a3d-47db-b3f8-20b0bcb8a3f5:c6253, 6e9bc0f4-a324-4be3-b201-2d39df7dad8a:c6251, cffe1303-2f93-4087-8a62-a40745db49f2:c6251]
2019-07-10 09:51:24,105 INFO  client.GrpcClientProtocolClient (GrpcClientProtocolClient.java:onNext(255)) - client-7D6108789623->f80c66c4-8a3d-47db-b3f8-20b0bcb8a3f5: receive RaftClientReply:client-7D6108789623->f80c66c4-8a3d-47db-b3f8-20b0bcb8a3f5@group-7D2873B646E2, cid=4137, SUCCESS, logIndex=6253, commits[f80c66c4-8a3d-47db-b3f8-20b0bcb8a3f5:c6253, 6e9bc0f4-a324-4be3-b201-2d39df7dad8a:c6251, cffe1303-2f93-4087-8a62-a40745db49f2:c6251]
2019-07-10 09:51:24,117 INFO  client.GrpcClientProtocolClient (GrpcClientProtocolClient.java:onNext(255)) - client-7D6108789623->f80c66c4-8a3d-47db-b3f8-20b0bcb8a3f5: receive RaftClientReply:client-7D6108789623->f80c66c4-8a3d-47db-b3f8-20b0bcb8a3f5@group-7D2873B646E2, cid=4138, SUCCESS, logIndex=0, commits[f80c66c4-8a3d-47db-b3f8-20b0bcb8a3f5:c6254, 6e9bc0f4-a324-4be3-b201-2d39df7dad8a:c6253, cffe1303-2f93-4087-8a62-a40745db49f2:c6253]
2019-07-10 09:51:24,139 INFO  client.GrpcClientProtocolClient (GrpcClientProtocolClient.java:onNext(255)) - client-7D6108789623->f80c66c4-8a3d-47db-b3f8-20b0bcb8a3f5: receive RaftClientReply:client-7D6108789623->f80c66c4-8a3d-47db-b3f8-20b0bcb8a3f5@group-7D2873B646E2, cid=4139, SUCCESS, logIndex=6256, commits[f80c66c4-8a3d-47db-b3f8-20b0bcb8a3f5:c6257, 6e9bc0f4-a324-4be3-b201-2d39df7dad8a:c6255, cffe1303-2f93-4087-8a62-a40745db49f2:c6253]
2019-07-10 09:51:24,140 INFO  client.GrpcClientProtocolClient (GrpcClientProtocolClient.java:onNext(255)) - client-7D6108789623->f80c66c4-8a3d-47db-b3f8-20b0bcb8a3f5: receive RaftClientReply:client-7D6108789623->f80c66c4-8a3d-47db-b3f8-20b0bcb8a3f5@group-7D2873B646E2, cid=4140, SUCCESS, logIndex=6257, commits[f80c66c4-8a3d-47db-b3f8-20b0bcb8a3f5:c6257, 6e9bc0f4-a324-4be3-b201-2d39df7dad8a:c6255, cffe1303-2f93-4087-8a62-a40745db49f2:c6255]
2019-07-10 09:51:24,142 INFO  client.GrpcClientProtocolClient (GrpcClientProtocolClient.java:onNext(255)) - client-7D6108789623->f80c66c4-8a3d-47db-b3f8-20b0bcb8a3f5: receive RaftClientReply:client-7D6108789623->f80c66c4-8a3d-47db-b3f8-20b0bcb8a3f5@group-7D2873B646E2, cid=4141, SUCCESS, logIndex=6258, commits[f80c66c4-8a3d-47db-b3f8-20b0bcb8a3f5:c6260, 6e9bc0f4-a324-4be3-b201-2d39df7dad8a:c6255, cffe1303-2f93-4087-8a62-a40745db49f2:c6257]
2019-07-10 09:51:24,143 INFO  client.GrpcClientProtocolClient (GrpcClientProtocolClient.java:onNext(255)) - client-7D6108789623->f80c66c4-8a3d-47db-b3f8-20b0bcb8a3f5: receive RaftClientReply:client-7D6108789623->f80c66c4-8a3d-47db-b3f8-20b0bcb8a3f5@group-7D2873B646E2, cid=4142, SUCCESS, logIndex=6259, commits[f80c66c4-8a3d-47db-b3f8-20b0bcb8a3f5:c6261, 6e9bc0f4-a324-4be3-b201-2d39df7dad8a:c6255, cffe1303-2f93-4087-8a62-a40745db49f2:c6257]
2019-07-10 09:51:24,143 INFO  client.GrpcClientProtocolClient (GrpcClientProtocolClient.java:onNext(255)) - client-7D6108789623->f80c66c4-8a3d-47db-b3f8-20b0bcb8a3f5: receive RaftClientReply:client-7D6108789623->f80c66c4-8a3d-47db-b3f8-20b0bcb8a3f5@group-7D2873B646E2, cid=4143, SUCCESS, logIndex=0, commits[f80c66c4-8a3d-47db-b3f8-20b0bcb8a3f5:c6262, 6e9bc0f4-a324-4be3-b201-2d39df7dad8a:c6257, cffe1303-2f93-4087-8a62-a40745db49f2:c6259]
2019-07-10 09:51:24,157 INFO  client.GrpcClientProtocolClient (GrpcClientProtocolClient.java:onNext(255)) - client-7D6108789623->f80c66c4-8a3d-47db-b3f8-20b0bcb8a3f5: receive RaftClientReply:client-7D6108789623->f80c66c4-8a3d-47db-b3f8-20b0bcb8a3f5@group-7D2873B646E2, cid=4144, SUCCESS, logIndex=6264, commits[f80c66c4-8a3d-47db-b3f8-20b0bcb8a3f5:c6265, 6e9bc0f4-a324-4be3-b201-2d39df7dad8a:c6261, cffe1303-2f93-4087-8a62-a40745db49f2:c6262]
2019-07-10 09:51:24,157 INFO  client.GrpcClientProtocolClient (GrpcClientProtocolClient.java:onNext(255)) - client-7D6108789623->f80c66c4-8a3d-47db-b3f8-20b0bcb8a3f5: receive RaftClientReply:client-7D6108789623->f80c66c4-8a3d-47db-b3f8-20b0bcb8a3f5@group-7D2873B646E2, cid=4145, SUCCESS, logIndex=6265, commits[f80c66c4-8a3d-47db-b3f8-20b0bcb8a3f5:c6265, 6e9bc0f4-a324-4be3-b201-2d39df7dad8a:c6261, cffe1303-2f93-4087-8a62-a40745db49f2:c6262]
2019-07-10 09:51:24,180 INFO  client.GrpcClientProtocolClient (GrpcClientProtocolClient.java:onNext(255)) - client-7D6108789623->f80c66c4-8a3d-47db-b3f8-20b0bcb8a3f5: receive RaftClientReply:client-7D6108789623->f80c66c4-8a3d-47db-b3f8-20b0bcb8a3f5@group-7D2873B646E2, cid=4146, SUCCESS, logIndex=6268, commits[f80c66c4-8a3d-47db-b3f8-20b0bcb8a3f5:c6269, 6e9bc0f4-a324-4be3-b201-2d39df7dad8a:c6266, cffe1303-2f93-4087-8a62-a40745db49f2:c6265]
2019-07-10 09:51:24,180 INFO  client.GrpcClientProtocolClient (GrpcClientProtocolClient.java:onNext(255)) - client-7D6108789623->f80c66c4-8a3d-47db-b3f8-20b0bcb8a3f5: receive RaftClientReply:client-7D6108789623->f80c66c4-8a3d-47db-b3f8-20b0bcb8a3f5@group-7D2873B646E2, cid=4147, SUCCESS, logIndex=6269, commits[f80c66c4-8a3d-47db-b3f8-20b0bcb8a3f5:c6269, 6e9bc0f4-a324-4be3-b201-2d39df7dad8a:c6266, cffe1303-2f93-4087-8a62-a40745db49f2:c6266]
2019-07-10 09:51:24,181 INFO  client.GrpcClientProtocolClient (GrpcClientProtocolClient.java:onNext(255)) - client-7D6108789623->f80c66c4-8a3d-47db-b3f8-20b0bcb8a3f5: receive RaftClientReply:client-7D6108789623->f80c66c4-8a3d-47db-b3f8-20b0bcb8a3f5@group-7D2873B646E2, cid=4148, SUCCESS, logIndex=0, commits[f80c66c4-8a3d-47db-b3f8-20b0bcb8a3f5:c6270, 6e9bc0f4-a324-4be3-b201-2d39df7dad8a:c6269, cffe1303-2f93-4087-8a62-a40745db49f2:c6269]
2019-07-10 09:51:24,209 INFO  client.GrpcClientProtocolClient (GrpcClientProtocolClient.java:onNext(255)) - client-7D6108789623->f80c66c4-8a3d-47db-b3f8-20b0bcb8a3f5: receive RaftClientReply:client-7D6108789623->f80c66c4-8a3d-47db-b3f8-20b0bcb8a3f5@group-7D2873B646E2, cid=4149, SUCCESS, logIndex=6272, commits[f80c66c4-8a3d-47db-b3f8-20b0bcb8a3f5:c6273, 6e9bc0f4-a324-4be3-b201-2d39df7dad8a:c6271, cffe1303-2f93-4087-8a62-a40745db49f2:c6271]
2019-07-10 09:51:24,210 INFO  client.GrpcClientProtocolClient (GrpcClientProtocolClient.java:onNext(255)) - client-7D6108789623->f80c66c4-8a3d-47db-b3f8-20b0bcb8a3f5: receive RaftClientReply:client-7D6108789623->f80c66c4-8a3d-47db-b3f8-20b0bcb8a3f5@group-7D2873B646E2, cid=4150, SUCCESS, logIndex=6273, commits[f80c66c4-8a3d-47db-b3f8-20b0bcb8a3f5:c6273, 6e9bc0f4-a324-4be3-b201-2d39df7dad8a:c6271, cffe1303-2f93-4087-8a62-a40745db49f2:c6271]
2019-07-10 09:51:24,220 INFO  client.GrpcClientProtocolClient (GrpcClientProtocolClient.java:onNext(255)) - client-7D6108789623->f80c66c4-8a3d-47db-b3f8-20b0bcb8a3f5: receive RaftClientReply:client-7D6108789623->f80c66c4-8a3d-47db-b3f8-20b0bcb8a3f5@group-7D2873B646E2, cid=4151, SUCCESS, logIndex=6274, commits[f80c66c4-8a3d-47db-b3f8-20b0bcb8a3f5:c6275, 6e9bc0f4-a324-4be3-b201-2d39df7dad8a:c6271, cffe1303-2f93-4087-8a62-a40745db49f2:c6271]
2019-07-10 09:51:24,220 INFO  client.GrpcClientProtocolClient (GrpcClientProtocolClient.java:onNext(255)) - client-7D6108789623->f80c66c4-8a3d-47db-b3f8-20b0bcb8a3f5: receive RaftClientReply:client-7D6108789623->f80c66c4-8a3d-47db-b3f8-20b0bcb8a3f5@group-7D2873B646E2, cid=4152, SUCCESS, logIndex=6275, commits[f80c66c4-8a3d-47db-b3f8-20b0bcb8a3f5:c6275, 6e9bc0f4-a324-4be3-b201-2d39df7dad8a:c6271, cffe1303-2f93-4087-8a62-a40745db49f2:c6271]
2019-07-10 09:51:24,231 INFO  client.GrpcClientProtocolClient (GrpcClientProtocolClient.java:onNext(255)) - client-7D6108789623->f80c66c4-8a3d-47db-b3f8-20b0bcb8a3f5: receive RaftClientReply:client-7D6108789623->f80c66c4-8a3d-47db-b3f8-20b0bcb8a3f5@group-7D2873B646E2, cid=4153, SUCCESS, logIndex=0, commits[f80c66c4-8a3d-47db-b3f8-20b0bcb8a3f5:c6277, 6e9bc0f4-a324-4be3-b201-2d39df7dad8a:c6273, cffe1303-2f93-4087-8a62-a40745db49f2:c6273]
 0.00% |█                                                                                                    |  0/1 Time: 0:00:482019-07-10 09:51:24,254 INFO  client.GrpcClientProtocolClient (GrpcClientProtocolClient.java:onNext(255)) - client-7D6108789623->f80c66c4-8a3d-47db-b3f8-20b0bcb8a3f5: receive RaftClientReply:client-7D6108789623->f80c66c4-8a3d-47db-b3f8-20b0bcb8a3f5@group-7D2873B646E2, cid=4154, SUCCESS, logIndex=6280, commits[f80c66c4-8a3d-47db-b3f8-20b0bcb8a3f5:c6280, 6e9bc0f4-a324-4be3-b201-2d39df7dad8a:c6277, cffe1303-2f93-4087-8a62-a40745db49f2:c6277]
2019-07-10 09:51:24,254 INFO  client.GrpcClientProtocolClient (GrpcClientProtocolClient.java:onNext(255)) - client-7D6108789623->f80c66c4-8a3d-47db-b3f8-20b0bcb8a3f5: receive RaftClientReply:client-7D6108789623->f80c66c4-8a3d-47db-b3f8-20b0bcb8a3f5@group-7D2873B646E2, cid=4155, SUCCESS, logIndex=6281, commits[f80c66c4-8a3d-47db-b3f8-20b0bcb8a3f5:c6281, 6e9bc0f4-a324-4be3-b201-2d39df7dad8a:c6277, cffe1303-2f93-4087-8a62-a40745db49f2:c6277]
2019-07-10 09:51:24,288 INFO  client.GrpcClientProtocolClient (GrpcClientProtocolClient.java:onNext(255)) - client-7D6108789623->f80c66c4-8a3d-47db-b3f8-20b0bcb8a3f5: receive RaftClientReply:client-7D6108789623->f80c66c4-8a3d-47db-b3f8-20b0bcb8a3f5@group-7D2873B646E2, cid=4156, SUCCESS, logIndex=6284, commits[f80c66c4-8a3d-47db-b3f8-20b0bcb8a3f5:c6285, 6e9bc0f4-a324-4be3-b201-2d39df7dad8a:c6281, cffe1303-2f93-4087-8a62-a40745db49f2:c6281]
2019-07-10 09:51:24,288 INFO  client.GrpcClientProtocolClient (GrpcClientProtocolClient.java:onNext(255)) - client-7D6108789623->f80c66c4-8a3d-47db-b3f8-20b0bcb8a3f5: receive RaftClientReply:client-7D6108789623->f80c66c4-8a3d-47db-b3f8-20b0bcb8a3f5@group-7D2873B646E2, cid=4157, SUCCESS, logIndex=6285, commits[f80c66c4-8a3d-47db-b3f8-20b0bcb8a3f5:c6285, 6e9bc0f4-a324-4be3-b201-2d39df7dad8a:c6281, cffe1303-2f93-4087-8a62-a40745db49f2:c6281]
2019-07-10 09:51:24,299 INFO  client.GrpcClientProtocolClient (GrpcClientProtocolClient.java:onNext(255)) - client-7D6108789623->f80c66c4-8a3d-47db-b3f8-20b0bcb8a3f5: receive RaftClientReply:client-7D6108789623->f80c66c4-8a3d-47db-b3f8-20b0bcb8a3f5@group-7D2873B646E2, cid=4158, SUCCESS, logIndex=0, commits[f80c66c4-8a3d-47db-b3f8-20b0bcb8a3f5:c6287, 6e9bc0f4-a324-4be3-b201-2d39df7dad8a:c6285, cffe1303-2f93-4087-8a62-a40745db49f2:c6285]
2019-07-10 09:51:24,337 INFO  client.GrpcClientProtocolClient (GrpcClientProtocolClient.java:onNext(255)) - client-7D6108789623->f80c66c4-8a3d-47db-b3f8-20b0bcb8a3f5: receive RaftClientReply:client-7D6108789623->f80c66c4-8a3d-47db-b3f8-20b0bcb8a3f5@group-7D2873B646E2, cid=4159, SUCCESS, logIndex=6288, commits[f80c66c4-8a3d-47db-b3f8-20b0bcb8a3f5:c6289, 6e9bc0f4-a324-4be3-b201-2d39df7dad8a:c6287, cffe1303-2f93-4087-8a62-a40745db49f2:c6287]
2019-07-10 09:51:24,338 INFO  client.GrpcClientProtocolClient (GrpcClientProtocolClient.java:onNext(255)) - client-7D6108789623->f80c66c4-8a3d-47db-b3f8-20b0bcb8a3f5: receive RaftClientReply:client-7D6108789623->f80c66c4-8a3d-47db-b3f8-20b0bcb8a3f5@group-7D2873B646E2, cid=4160, SUCCESS, logIndex=6289, commits[f80c66c4-8a3d-47db-b3f8-20b0bcb8a3f5:c6291, 6e9bc0f4-a324-4be3-b201-2d39df7dad8a:c6287, cffe1303-2f93-4087-8a62-a40745db49f2:c6287]
2019-07-10 09:51:24,338 INFO  client.GrpcClientProtocolClient (GrpcClientProtocolClient.java:onNext(255)) - client-7D6108789623->f80c66c4-8a3d-47db-b3f8-20b0bcb8a3f5: receive RaftClientReply:client-7D6108789623->f80c66c4-8a3d-47db-b3f8-20b0bcb8a3f5@group-7D2873B646E2, cid=4161, SUCCESS, logIndex=6290, commits[f80c66c4-8a3d-47db-b3f8-20b0bcb8a3f5:c6291, 6e9bc0f4-a324-4be3-b201-2d39df7dad8a:c6287, cffe1303-2f93-4087-8a62-a40745db49f2:c6287]
2019-07-10 09:51:24,338 INFO  client.GrpcClientProtocolClient (GrpcClientProtocolClient.java:onNext(255)) - client-7D6108789623->f80c66c4-8a3d-47db-b3f8-20b0bcb8a3f5: receive RaftClientReply:client-7D6108789623->f80c66c4-8a3d-47db-b3f8-20b0bcb8a3f5@group-7D2873B646E2, cid=4162, SUCCESS, logIndex=6291, commits[f80c66c4-8a3d-47db-b3f8-20b0bcb8a3f5:c6291, 6e9bc0f4-a324-4be3-b201-2d39df7dad8a:c6287, cffe1303-2f93-4087-8a62-a40745db49f2:c6287]
2019-07-10 09:51:24,356 INFO  client.GrpcClientProtocolClient (GrpcClientProtocolClient.java:onNext(255)) - client-7D6108789623->f80c66c4-8a3d-47db-b3f8-20b0bcb8a3f5: receive RaftClientReply:client-7D6108789623->f80c66c4-8a3d-47db-b3f8-20b0bcb8a3f5@group-7D2873B646E2, cid=4163, SUCCESS, logIndex=0, commits[f80c66c4-8a3d-47db-b3f8-20b0bcb8a3f5:c6292, 6e9bc0f4-a324-4be3-b201-2d39df7dad8a:c6289, cffe1303-2f93-4087-8a62-a40745db49f2:c6289]
2019-07-10 09:51:24,378 INFO  client.GrpcClientProtocolClient (GrpcClientProtocolClient.java:onNext(255)) - client-7D6108789623->f80c66c4-8a3d-47db-b3f8-20b0bcb8a3f5: receive RaftClientReply:client-7D6108789623->f80c66c4-8a3d-47db-b3f8-20b0bcb8a3f5@group-7D2873B646E2, cid=4164, SUCCESS, logIndex=6295, commits[f80c66c4-8a3d-47db-b3f8-20b0bcb8a3f5:c6295, 6e9bc0f4-a324-4be3-b201-2d39df7dad8a:c6292, cffe1303-2f93-4087-8a62-a40745db49f2:c6292]
2019-07-10 09:51:24,379 INFO  client.GrpcClientProtocolClient (GrpcClientProtocolClient.java:onNext(255)) - client-7D6108789623->f80c66c4-8a3d-47db-b3f8-20b0bcb8a3f5: receive RaftClientReply:client-7D6108789623->f80c66c4-8a3d-47db-b3f8-20b0bcb8a3f5@group-7D2873B646E2, cid=4165, SUCCESS, logIndex=6296, commits[f80c66c4-8a3d-47db-b3f8-20b0bcb8a3f5:c6296, 6e9bc0f4-a324-4be3-b201-2d39df7dad8a:c6292, cffe1303-2f93-4087-8a62-a40745db49f2:c6292]
2019-07-10 09:51:24,401 INFO  client.GrpcClientProtocolClient (GrpcClientProtocolClient.java:onNext(255)) - client-7D6108789623->f80c66c4-8a3d-47db-b3f8-20b0bcb8a3f5: receive RaftClientReply:client-7D6108789623->f80c66c4-8a3d-47db-b3f8-20b0bcb8a3f5@group-7D2873B646E2, cid=4166, SUCCESS, logIndex=6299, commits[f80c66c4-8a3d-47db-b3f8-20b0bcb8a3f5:c6300, 6e9bc0f4-a324-4be3-b201-2d39df7dad8a:c6296, cffe1303-2f93-4087-8a62-a40745db49f2:c6295]
2019-07-10 09:51:24,401 INFO  client.GrpcClientProtocolClient (GrpcClientProtocolClient.java:onNext(255)) - client-7D6108789623->f80c66c4-8a3d-47db-b3f8-20b0bcb8a3f5: receive RaftClientReply:client-7D6108789623->f80c66c4-8a3d-47db-b3f8-20b0bcb8a3f5@group-7D2873B646E2, cid=4167, SUCCESS, logIndex=6300, commits[f80c66c4-8a3d-47db-b3f8-20b0bcb8a3f5:c6300, 6e9bc0f4-a324-4be3-b201-2d39df7dad8a:c6296, cffe1303-2f93-4087-8a62-a40745db49f2:c6296]
2019-07-10 09:51:24,411 INFO  client.GrpcClientProtocolClient (GrpcClientProtocolClient.java:onNext(255)) - client-7D6108789623->f80c66c4-8a3d-47db-b3f8-20b0bcb8a3f5: receive RaftClientReply:client-7D6108789623->f80c66c4-8a3d-47db-b3f8-20b0bcb8a3f5@group-7D2873B646E2, cid=4168, SUCCESS, logIndex=0, commits[f80c66c4-8a3d-47db-b3f8-20b0bcb8a3f5:c6301, 6e9bc0f4-a324-4be3-b201-2d39df7dad8a:c6300, cffe1303-2f93-4087-8a62-a40745db49f2:c6300]
2019-07-10 09:51:25,107 INFO  client.GrpcClientProtocolClient (GrpcClientProtocolClient.java:onNext(255)) - client-7D6108789623->f80c66c4-8a3d-47db-b3f8-20b0bcb8a3f5: receive RaftClientReply:client-7D6108789623->f80c66c4-8a3d-47db-b3f8-20b0bcb8a3f5@group-7D2873B646E2, cid=4169, SUCCESS, logIndex=6302, commits[f80c66c4-8a3d-47db-b3f8-20b0bcb8a3f5:c6303, 6e9bc0f4-a324-4be3-b201-2d39df7dad8a:c6301, cffe1303-2f93-4087-8a62-a40745db49f2:c6301]
2019-07-10 09:51:25,107 INFO  client.GrpcClientProtocolClient (GrpcClientProtocolClient.java:onNext(255)) - client-7D6108789623->f80c66c4-8a3d-47db-b3f8-20b0bcb8a3f5: receive RaftClientReply:client-7D6108789623->f80c66c4-8a3d-47db-b3f8-20b0bcb8a3f5@group-7D2873B646E2, cid=4170, SUCCESS, logIndex=6303, commits[f80c66c4-8a3d-47db-b3f8-20b0bcb8a3f5:c6303, 6e9bc0f4-a324-4be3-b201-2d39df7dad8a:c6301, cffe1303-2f93-4087-8a62-a40745db49f2:c6301]
 0.00% |█                                                                                                    |  0/1 Time: 0:00:492019-07-10 09:51:25,342 INFO  client.GrpcClientProtocolClient (GrpcClientProtocolClient.java:onNext(255)) - client-7D6108789623->f80c66c4-8a3d-47db-b3f8-20b0bcb8a3f5: receive RaftClientReply:client-7D6108789623->f80c66c4-8a3d-47db-b3f8-20b0bcb8a3f5@group-7D2873B646E2, cid=4171, SUCCESS, logIndex=6304, commits[f80c66c4-8a3d-47db-b3f8-20b0bcb8a3f5:c6305, 6e9bc0f4-a324-4be3-b201-2d39df7dad8a:c6301, cffe1303-2f93-4087-8a62-a40745db49f2:c6301]
2019-07-10 09:51:25,343 INFO  client.GrpcClientProtocolClient (GrpcClientProtocolClient.java:onNext(255)) - client-7D6108789623->f80c66c4-8a3d-47db-b3f8-20b0bcb8a3f5: receive RaftClientReply:client-7D6108789623->f80c66c4-8a3d-47db-b3f8-20b0bcb8a3f5@group-7D2873B646E2, cid=4172, SUCCESS, logIndex=6305, commits[f80c66c4-8a3d-47db-b3f8-20b0bcb8a3f5:c6305, 6e9bc0f4-a324-4be3-b201-2d39df7dad8a:c6301, cffe1303-2f93-4087-8a62-a40745db49f2:c6301]
 0.00% |█                                                                                                    |  0/1 Time: 0:00:50 0.00% |█                                                                                                    |  0/1 Time: 0:00:512019-07-10 09:51:28,106 WARN  server.GrpcLogAppender (GrpcLogAppender.java:timeoutAppendRequest(200)) - GrpcLogAppender(f80c66c4-8a3d-47db-b3f8-20b0bcb8a3f5->6e9bc0f4-a324-4be3-b201-2d39df7dad8a): appendEntries Timeout, request=f80c66c4-8a3d-47db-b3f8-20b0bcb8a3f5->6e9bc0f4-a324-4be3-b201-2d39df7dad8a#6357-t1, previous=(t:1, i:6305), leaderCommit=6302, initializing? false, entries: size=1, first=(t:1, i:6306), METADATAENTRY(c6302)
2019-07-10 09:51:28,106 WARN  server.GrpcLogAppender (GrpcLogAppender.java:timeoutAppendRequest(200)) - GrpcLogAppender(f80c66c4-8a3d-47db-b3f8-20b0bcb8a3f5->cffe1303-2f93-4087-8a62-a40745db49f2): appendEntries Timeout, request=f80c66c4-8a3d-47db-b3f8-20b0bcb8a3f5->cffe1303-2f93-4087-8a62-a40745db49f2#6357-t1, previous=(t:1, i:6305), leaderCommit=6302, initializing? false, entries: size=1, first=(t:1, i:6306), METADATAENTRY(c6302)
2019-07-10 09:51:28,106 WARN  server.GrpcLogAppender (GrpcLogAppender.java:timeoutAppendRequest(200)) - GrpcLogAppender(f80c66c4-8a3d-47db-b3f8-20b0bcb8a3f5->6e9bc0f4-a324-4be3-b201-2d39df7dad8a): appendEntries Timeout, request=f80c66c4-8a3d-47db-b3f8-20b0bcb8a3f5->6e9bc0f4-a324-4be3-b201-2d39df7dad8a#6358-t1, previous=(t:1, i:6306), leaderCommit=6303, initializing? false, entries: size=1, first=(t:1, i:6307), METADATAENTRY(c6303)
2019-07-10 09:51:28,107 WARN  server.GrpcLogAppender (GrpcLogAppender.java:timeoutAppendRequest(200)) - GrpcLogAppender(f80c66c4-8a3d-47db-b3f8-20b0bcb8a3f5->cffe1303-2f93-4087-8a62-a40745db49f2): appendEntries Timeout, request=f80c66c4-8a3d-47db-b3f8-20b0bcb8a3f5->cffe1303-2f93-4087-8a62-a40745db49f2#6358-t1, previous=(t:1, i:6306), leaderCommit=6303, initializing? false, entries: size=1, first=(t:1, i:6307), METADATAENTRY(c6303)
 0.00% |█                                                                                                    |  0/1 Time: 0:00:522019-07-10 09:51:28,342 WARN  server.GrpcLogAppender (GrpcLogAppender.java:timeoutAppendRequest(200)) - GrpcLogAppender(f80c66c4-8a3d-47db-b3f8-20b0bcb8a3f5->cffe1303-2f93-4087-8a62-a40745db49f2): appendEntries Timeout, request=f80c66c4-8a3d-47db-b3f8-20b0bcb8a3f5->cffe1303-2f93-4087-8a62-a40745db49f2#6359-t1, previous=(t:1, i:6307), leaderCommit=6304, initializing? false, entries: size=1, first=(t:1, i:6308), METADATAENTRY(c6304)
2019-07-10 09:51:28,342 WARN  server.GrpcLogAppender (GrpcLogAppender.java:timeoutAppendRequest(200)) - GrpcLogAppender(f80c66c4-8a3d-47db-b3f8-20b0bcb8a3f5->6e9bc0f4-a324-4be3-b201-2d39df7dad8a): appendEntries Timeout, request=f80c66c4-8a3d-47db-b3f8-20b0bcb8a3f5->6e9bc0f4-a324-4be3-b201-2d39df7dad8a#6359-t1, previous=(t:1, i:6307), leaderCommit=6304, initializing? false, entries: size=1, first=(t:1, i:6308), METADATAENTRY(c6304)
2019-07-10 09:51:28,342 WARN  server.GrpcLogAppender (GrpcLogAppender.java:timeoutAppendRequest(200)) - GrpcLogAppender(f80c66c4-8a3d-47db-b3f8-20b0bcb8a3f5->cffe1303-2f93-4087-8a62-a40745db49f2): appendEntries Timeout, request=f80c66c4-8a3d-47db-b3f8-20b0bcb8a3f5->cffe1303-2f93-4087-8a62-a40745db49f2#6360-t1, previous=(t:1, i:6308), leaderCommit=6305, initializing? false, entries: size=1, first=(t:1, i:6309), METADATAENTRY(c6305)
2019-07-10 09:51:28,342 WARN  server.GrpcLogAppender (GrpcLogAppender.java:timeoutAppendRequest(200)) - GrpcLogAppender(f80c66c4-8a3d-47db-b3f8-20b0bcb8a3f5->6e9bc0f4-a324-4be3-b201-2d39df7dad8a): appendEntries Timeout, request=f80c66c4-8a3d-47db-b3f8-20b0bcb8a3f5->6e9bc0f4-a324-4be3-b201-2d39df7dad8a#6360-t1, previous=(t:1, i:6308), leaderCommit=6305, initializing? false, entries: size=1, first=(t:1, i:6309), METADATAENTRY(c6305)
2019-07-10 09:51:28,842 WARN  server.GrpcLogAppender (GrpcLogAppender.java:timeoutAppendRequest(200)) - GrpcLogAppender(f80c66c4-8a3d-47db-b3f8-20b0bcb8a3f5->cffe1303-2f93-4087-8a62-a40745db49f2): appendEntries Timeout, request=f80c66c4-8a3d-47db-b3f8-20b0bcb8a3f5->cffe1303-2f93-4087-8a62-a40745db49f2#6361-t1, previous=(t:1, i:6309), leaderCommit=6305, initializing? false, entries: <empty>
2019-07-10 09:51:28,842 WARN  server.GrpcLogAppender (GrpcLogAppender.java:timeoutAppendRequest(200)) - GrpcLogAppender(f80c66c4-8a3d-47db-b3f8-20b0bcb8a3f5->6e9bc0f4-a324-4be3-b201-2d39df7dad8a): appendEntries Timeout, request=f80c66c4-8a3d-47db-b3f8-20b0bcb8a3f5->6e9bc0f4-a324-4be3-b201-2d39df7dad8a#6361-t1, previous=(t:1, i:6309), leaderCommit=6305, initializing? false, entries: <empty>
 0.00% |█                                                                                                    |  0/1 Time: 0:00:532019-07-10 09:51:29,342 WARN  server.GrpcLogAppender (GrpcLogAppender.java:timeoutAppendRequest(200)) - GrpcLogAppender(f80c66c4-8a3d-47db-b3f8-20b0bcb8a3f5->cffe1303-2f93-4087-8a62-a40745db49f2): appendEntries Timeout, request=f80c66c4-8a3d-47db-b3f8-20b0bcb8a3f5->cffe1303-2f93-4087-8a62-a40745db49f2#6362-t1, previous=(t:1, i:6309), leaderCommit=6305, initializing? false, entries: <empty>
2019-07-10 09:51:29,342 WARN  server.GrpcLogAppender (GrpcLogAppender.java:timeoutAppendRequest(200)) - GrpcLogAppender(f80c66c4-8a3d-47db-b3f8-20b0bcb8a3f5->6e9bc0f4-a324-4be3-b201-2d39df7dad8a): appendEntries Timeout, request=f80c66c4-8a3d-47db-b3f8-20b0bcb8a3f5->6e9bc0f4-a324-4be3-b201-2d39df7dad8a#6362-t1, previous=(t:1, i:6309), leaderCommit=6305, initializing? false, entries: <empty>
2019-07-10 09:51:29,392 WARN  server.GrpcLogAppender (GrpcLogAppender.java:onNextImpl(250)) - org.apache.ratis.grpc.server.GrpcLogAppender$AppendLogResponseHandler@166f04a4: Request not found, ignoring reply: f80c66c4-8a3d-47db-b3f8-20b0bcb8a3f5<-cffe1303-2f93-4087-8a62-a40745db49f2#6357:OK,SUCCESS,nextIndex:6307,term:1,followerCommit:6305
2019-07-10 09:51:29,392 WARN  server.GrpcLogAppender (GrpcLogAppender.java:onNextImpl(250)) - org.apache.ratis.grpc.server.GrpcLogAppender$AppendLogResponseHandler@337a911a: Request not found, ignoring reply: f80c66c4-8a3d-47db-b3f8-20b0bcb8a3f5<-6e9bc0f4-a324-4be3-b201-2d39df7dad8a#6357:OK,SUCCESS,nextIndex:6307,term:1,followerCommit:6305
2019-07-10 09:51:29,393 WARN  server.GrpcLogAppender (GrpcLogAppender.java:onNextImpl(250)) - org.apache.ratis.grpc.server.GrpcLogAppender$AppendLogResponseHandler@166f04a4: Request not found, ignoring reply: f80c66c4-8a3d-47db-b3f8-20b0bcb8a3f5<-cffe1303-2f93-4087-8a62-a40745db49f2#6358:OK,SUCCESS,nextIndex:6308,term:1,followerCommit:6305
2019-07-10 09:51:29,393 WARN  server.GrpcLogAppender (GrpcLogAppender.java:onNextImpl(250)) - org.apache.ratis.grpc.server.GrpcLogAppender$AppendLogResponseHandler@337a911a: Request not found, ignoring reply: f80c66c4-8a3d-47db-b3f8-20b0bcb8a3f5<-6e9bc0f4-a324-4be3-b201-2d39df7dad8a#6358:OK,SUCCESS,nextIndex:6308,term:1,followerCommit:6305
2019-07-10 09:51:29,843 WARN  server.GrpcLogAppender (GrpcLogAppender.java:timeoutAppendRequest(200)) - GrpcLogAppender(f80c66c4-8a3d-47db-b3f8-20b0bcb8a3f5->6e9bc0f4-a324-4be3-b201-2d39df7dad8a): appendEntries Timeout, request=f80c66c4-8a3d-47db-b3f8-20b0bcb8a3f5->6e9bc0f4-a324-4be3-b201-2d39df7dad8a#6363-t1, previous=(t:1, i:6309), leaderCommit=6305, initializing? false, entries: <empty>
2019-07-10 09:51:29,843 WARN  server.GrpcLogAppender (GrpcLogAppender.java:timeoutAppendRequest(200)) - GrpcLogAppender(f80c66c4-8a3d-47db-b3f8-20b0bcb8a3f5->cffe1303-2f93-4087-8a62-a40745db49f2): appendEntries Timeout, request=f80c66c4-8a3d-47db-b3f8-20b0bcb8a3f5->cffe1303-2f93-4087-8a62-a40745db49f2#6363-t1, previous=(t:1, i:6309), leaderCommit=6305, initializing? false, entries: <empty>
 0.00% |█                                                                                                    |  0/1 Time: 0:00:542019-07-10 09:51:30,343 WARN  server.GrpcLogAppender (GrpcLogAppender.java:timeoutAppendRequest(200)) - GrpcLogAppender(f80c66c4-8a3d-47db-b3f8-20b0bcb8a3f5->cffe1303-2f93-4087-8a62-a40745db49f2): appendEntries Timeout, request=f80c66c4-8a3d-47db-b3f8-20b0bcb8a3f5->cffe1303-2f93-4087-8a62-a40745db49f2#6364-t1, previous=(t:1, i:6309), leaderCommit=6305, initializing? false, entries: <empty>
2019-07-10 09:51:30,343 WARN  server.GrpcLogAppender (GrpcLogAppender.java:timeoutAppendRequest(200)) - GrpcLogAppender(f80c66c4-8a3d-47db-b3f8-20b0bcb8a3f5->6e9bc0f4-a324-4be3-b201-2d39df7dad8a): appendEntries Timeout, request=f80c66c4-8a3d-47db-b3f8-20b0bcb8a3f5->6e9bc0f4-a324-4be3-b201-2d39df7dad8a#6364-t1, previous=(t:1, i:6309), leaderCommit=6305, initializing? false, entries: <empty>
2019-07-10 09:51:30,345 WARN  scm.XceiverClientRatis (XceiverClientRatis.java:watchForCommit(262)) - 3 way commit failed 
java.util.concurrent.TimeoutException
	at java.util.concurrent.CompletableFuture.timedGet(CompletableFuture.java:1771)
	at java.util.concurrent.CompletableFuture.get(CompletableFuture.java:1915)
	at org.apache.hadoop.hdds.scm.XceiverClientRatis.watchForCommit(XceiverClientRatis.java:259)
	at org.apache.hadoop.hdds.scm.storage.CommitWatcher.watchForCommit(CommitWatcher.java:194)
	at org.apache.hadoop.hdds.scm.storage.CommitWatcher.watchOnFirstIndex(CommitWatcher.java:135)
	at org.apache.hadoop.hdds.scm.storage.BlockOutputStream.watchForCommit(BlockOutputStream.java:355)
	at org.apache.hadoop.hdds.scm.storage.BlockOutputStream.handleFullBuffer(BlockOutputStream.java:332)
	at org.apache.hadoop.hdds.scm.storage.BlockOutputStream.write(BlockOutputStream.java:259)
	at org.apache.hadoop.ozone.client.io.BlockOutputStreamEntry.write(BlockOutputStreamEntry.java:129)
	at org.apache.hadoop.ozone.client.io.KeyOutputStream.handleWrite(KeyOutputStream.java:211)
	at org.apache.hadoop.ozone.client.io.KeyOutputStream.write(KeyOutputStream.java:193)
	at org.apache.hadoop.ozone.client.io.OzoneOutputStream.write(OzoneOutputStream.java:49)
	at org.apache.hadoop.ozone.freon.RandomKeyGenerator$KeyProcessor.run(RandomKeyGenerator.java:693)
	at java.util.concurrent.Executors$RunnableAdapter.call(Executors.java:511)
	at java.util.concurrent.FutureTask.run(FutureTask.java:266)
	at java.util.concurrent.ThreadPoolExecutor.runWorker(ThreadPoolExecutor.java:1149)
	at java.util.concurrent.ThreadPoolExecutor$Worker.run(ThreadPoolExecutor.java:624)
	at java.lang.Thread.run(Thread.java:748)
2019-07-10 09:51:30,843 WARN  server.GrpcLogAppender (GrpcLogAppender.java:timeoutAppendRequest(200)) - GrpcLogAppender(f80c66c4-8a3d-47db-b3f8-20b0bcb8a3f5->cffe1303-2f93-4087-8a62-a40745db49f2): appendEntries Timeout, request=f80c66c4-8a3d-47db-b3f8-20b0bcb8a3f5->cffe1303-2f93-4087-8a62-a40745db49f2#6365-t1, previous=(t:1, i:6309), leaderCommit=6305, initializing? false, entries: <empty>
2019-07-10 09:51:30,843 WARN  server.GrpcLogAppender (GrpcLogAppender.java:timeoutAppendRequest(200)) - GrpcLogAppender(f80c66c4-8a3d-47db-b3f8-20b0bcb8a3f5->6e9bc0f4-a324-4be3-b201-2d39df7dad8a): appendEntries Timeout, request=f80c66c4-8a3d-47db-b3f8-20b0bcb8a3f5->6e9bc0f4-a324-4be3-b201-2d39df7dad8a#6365-t1, previous=(t:1, i:6309), leaderCommit=6305, initializing? false, entries: <empty>
 0.00% |█                                                                                                    |  0/1 Time: 0:00:552019-07-10 09:51:31,343 WARN  server.GrpcLogAppender (GrpcLogAppender.java:timeoutAppendRequest(200)) - GrpcLogAppender(f80c66c4-8a3d-47db-b3f8-20b0bcb8a3f5->6e9bc0f4-a324-4be3-b201-2d39df7dad8a): appendEntries Timeout, request=f80c66c4-8a3d-47db-b3f8-20b0bcb8a3f5->6e9bc0f4-a324-4be3-b201-2d39df7dad8a#6366-t1, previous=(t:1, i:6309), leaderCommit=6305, initializing? false, entries: <empty>
2019-07-10 09:51:31,343 WARN  server.GrpcLogAppender (GrpcLogAppender.java:timeoutAppendRequest(200)) - GrpcLogAppender(f80c66c4-8a3d-47db-b3f8-20b0bcb8a3f5->cffe1303-2f93-4087-8a62-a40745db49f2): appendEntries Timeout, request=f80c66c4-8a3d-47db-b3f8-20b0bcb8a3f5->cffe1303-2f93-4087-8a62-a40745db49f2#6366-t1, previous=(t:1, i:6309), leaderCommit=6305, initializing? false, entries: <empty>
2019-07-10 09:51:31,844 WARN  server.GrpcLogAppender (GrpcLogAppender.java:timeoutAppendRequest(200)) - GrpcLogAppender(f80c66c4-8a3d-47db-b3f8-20b0bcb8a3f5->cffe1303-2f93-4087-8a62-a40745db49f2): appendEntries Timeout, request=f80c66c4-8a3d-47db-b3f8-20b0bcb8a3f5->cffe1303-2f93-4087-8a62-a40745db49f2#6367-t1, previous=(t:1, i:6309), leaderCommit=6305, initializing? false, entries: <empty>
2019-07-10 09:51:31,844 WARN  server.GrpcLogAppender (GrpcLogAppender.java:timeoutAppendRequest(200)) - GrpcLogAppender(f80c66c4-8a3d-47db-b3f8-20b0bcb8a3f5->6e9bc0f4-a324-4be3-b201-2d39df7dad8a): appendEntries Timeout, request=f80c66c4-8a3d-47db-b3f8-20b0bcb8a3f5->6e9bc0f4-a324-4be3-b201-2d39df7dad8a#6367-t1, previous=(t:1, i:6309), leaderCommit=6305, initializing? false, entries: <empty>
2019-07-10 09:51:31,941 WARN  server.GrpcLogAppender (GrpcLogAppender.java:onNextImpl(250)) - org.apache.ratis.grpc.server.GrpcLogAppender$AppendLogResponseHandler@337a911a: Request not found, ignoring reply: f80c66c4-8a3d-47db-b3f8-20b0bcb8a3f5<-6e9bc0f4-a324-4be3-b201-2d39df7dad8a#6359:OK,SUCCESS,nextIndex:6309,term:1,followerCommit:6305
2019-07-10 09:51:31,941 WARN  server.GrpcLogAppender (GrpcLogAppender.java:onNextImpl(250)) - org.apache.ratis.grpc.server.GrpcLogAppender$AppendLogResponseHandler@337a911a: Request not found, ignoring reply: f80c66c4-8a3d-47db-b3f8-20b0bcb8a3f5<-6e9bc0f4-a324-4be3-b201-2d39df7dad8a#6360:OK,SUCCESS,nextIndex:6310,term:1,followerCommit:6305
2019-07-10 09:51:31,941 WARN  server.GrpcLogAppender (GrpcLogAppender.java:onNextImpl(250)) - org.apache.ratis.grpc.server.GrpcLogAppender$AppendLogResponseHandler@337a911a: Request not found, ignoring reply: f80c66c4-8a3d-47db-b3f8-20b0bcb8a3f5<-6e9bc0f4-a324-4be3-b201-2d39df7dad8a#6361:OK,SUCCESS,nextIndex:6310,term:1,followerCommit:6305
2019-07-10 09:51:31,942 WARN  server.GrpcLogAppender (GrpcLogAppender.java:onNextImpl(250)) - org.apache.ratis.grpc.server.GrpcLogAppender$AppendLogResponseHandler@337a911a: Request not found, ignoring reply: f80c66c4-8a3d-47db-b3f8-20b0bcb8a3f5<-6e9bc0f4-a324-4be3-b201-2d39df7dad8a#6362:OK,SUCCESS,nextIndex:6310,term:1,followerCommit:6305
2019-07-10 09:51:31,942 WARN  server.GrpcLogAppender (GrpcLogAppender.java:onNextImpl(250)) - org.apache.ratis.grpc.server.GrpcLogAppender$AppendLogResponseHandler@337a911a: Request not found, ignoring reply: f80c66c4-8a3d-47db-b3f8-20b0bcb8a3f5<-6e9bc0f4-a324-4be3-b201-2d39df7dad8a#6363:OK,SUCCESS,nextIndex:6310,term:1,followerCommit:6305
2019-07-10 09:51:31,942 WARN  server.GrpcLogAppender (GrpcLogAppender.java:onNextImpl(250)) - org.apache.ratis.grpc.server.GrpcLogAppender$AppendLogResponseHandler@337a911a: Request not found, ignoring reply: f80c66c4-8a3d-47db-b3f8-20b0bcb8a3f5<-6e9bc0f4-a324-4be3-b201-2d39df7dad8a#6364:OK,SUCCESS,nextIndex:6310,term:1,followerCommit:6305
2019-07-10 09:51:31,942 WARN  server.GrpcLogAppender (GrpcLogAppender.java:onNextImpl(250)) - org.apache.ratis.grpc.server.GrpcLogAppender$AppendLogResponseHandler@337a911a: Request not found, ignoring reply: f80c66c4-8a3d-47db-b3f8-20b0bcb8a3f5<-6e9bc0f4-a324-4be3-b201-2d39df7dad8a#6365:OK,SUCCESS,nextIndex:6310,term:1,followerCommit:6305
2019-07-10 09:51:31,942 WARN  server.GrpcLogAppender (GrpcLogAppender.java:onNextImpl(250)) - org.apache.ratis.grpc.server.GrpcLogAppender$AppendLogResponseHandler@337a911a: Request not found, ignoring reply: f80c66c4-8a3d-47db-b3f8-20b0bcb8a3f5<-6e9bc0f4-a324-4be3-b201-2d39df7dad8a#6366:OK,SUCCESS,nextIndex:6310,term:1,followerCommit:6305
2019-07-10 09:51:31,943 WARN  server.GrpcLogAppender (GrpcLogAppender.java:onNextImpl(250)) - org.apache.ratis.grpc.server.GrpcLogAppender$AppendLogResponseHandler@337a911a: Request not found, ignoring reply: f80c66c4-8a3d-47db-b3f8-20b0bcb8a3f5<-6e9bc0f4-a324-4be3-b201-2d39df7dad8a#6367:OK,SUCCESS,nextIndex:6310,term:1,followerCommit:6305
2019-07-10 09:51:31,943 WARN  server.GrpcLogAppender (GrpcLogAppender.java:onNextImpl(250)) - org.apache.ratis.grpc.server.GrpcLogAppender$AppendLogResponseHandler@166f04a4: Request not found, ignoring reply: f80c66c4-8a3d-47db-b3f8-20b0bcb8a3f5<-cffe1303-2f93-4087-8a62-a40745db49f2#6359:OK,SUCCESS,nextIndex:6309,term:1,followerCommit:6305
2019-07-10 09:51:31,944 WARN  server.GrpcLogAppender (GrpcLogAppender.java:onNextImpl(250)) - org.apache.ratis.grpc.server.GrpcLogAppender$AppendLogResponseHandler@166f04a4: Request not found, ignoring reply: f80c66c4-8a3d-47db-b3f8-20b0bcb8a3f5<-cffe1303-2f93-4087-8a62-a40745db49f2#6360:OK,SUCCESS,nextIndex:6310,term:1,followerCommit:6305
2019-07-10 09:51:31,944 INFO  client.GrpcClientProtocolClient (GrpcClientProtocolClient.java:onNext(255)) - client-7D6108789623->f80c66c4-8a3d-47db-b3f8-20b0bcb8a3f5: receive RaftClientReply:client-7D6108789623->f80c66c4-8a3d-47db-b3f8-20b0bcb8a3f5@group-7D2873B646E2, cid=4174, SUCCESS, logIndex=0, commits[f80c66c4-8a3d-47db-b3f8-20b0bcb8a3f5:c6305, 6e9bc0f4-a324-4be3-b201-2d39df7dad8a:c6305, cffe1303-2f93-4087-8a62-a40745db49f2:c6301]
2019-07-10 09:51:31,944 WARN  server.GrpcLogAppender (GrpcLogAppender.java:onNextImpl(250)) - org.apache.ratis.grpc.server.GrpcLogAppender$AppendLogResponseHandler@166f04a4: Request not found, ignoring reply: f80c66c4-8a3d-47db-b3f8-20b0bcb8a3f5<-cffe1303-2f93-4087-8a62-a40745db49f2#6361:OK,SUCCESS,nextIndex:6310,term:1,followerCommit:6305
2019-07-10 09:51:31,944 WARN  server.GrpcLogAppender (GrpcLogAppender.java:onNextImpl(250)) - org.apache.ratis.grpc.server.GrpcLogAppender$AppendLogResponseHandler@166f04a4: Request not found, ignoring reply: f80c66c4-8a3d-47db-b3f8-20b0bcb8a3f5<-cffe1303-2f93-4087-8a62-a40745db49f2#6362:OK,SUCCESS,nextIndex:6310,term:1,followerCommit:6305
2019-07-10 09:51:31,944 WARN  server.GrpcLogAppender (GrpcLogAppender.java:onNextImpl(250)) - org.apache.ratis.grpc.server.GrpcLogAppender$AppendLogResponseHandler@166f04a4: Request not found, ignoring reply: f80c66c4-8a3d-47db-b3f8-20b0bcb8a3f5<-cffe1303-2f93-4087-8a62-a40745db49f2#6363:OK,SUCCESS,nextIndex:6310,term:1,followerCommit:6305
2019-07-10 09:51:31,945 WARN  server.GrpcLogAppender (GrpcLogAppender.java:onNextImpl(250)) - org.apache.ratis.grpc.server.GrpcLogAppender$AppendLogResponseHandler@166f04a4: Request not found, ignoring reply: f80c66c4-8a3d-47db-b3f8-20b0bcb8a3f5<-cffe1303-2f93-4087-8a62-a40745db49f2#6364:OK,SUCCESS,nextIndex:6310,term:1,followerCommit:6305
2019-07-10 09:51:31,945 WARN  server.GrpcLogAppender (GrpcLogAppender.java:onNextImpl(250)) - org.apache.ratis.grpc.server.GrpcLogAppender$AppendLogResponseHandler@166f04a4: Request not found, ignoring reply: f80c66c4-8a3d-47db-b3f8-20b0bcb8a3f5<-cffe1303-2f93-4087-8a62-a40745db49f2#6365:OK,SUCCESS,nextIndex:6310,term:1,followerCommit:6305
2019-07-10 09:51:31,945 WARN  server.GrpcLogAppender (GrpcLogAppender.java:onNextImpl(250)) - org.apache.ratis.grpc.server.GrpcLogAppender$AppendLogResponseHandler@166f04a4: Request not found, ignoring reply: f80c66c4-8a3d-47db-b3f8-20b0bcb8a3f5<-cffe1303-2f93-4087-8a62-a40745db49f2#6366:OK,SUCCESS,nextIndex:6310,term:1,followerCommit:6305
2019-07-10 09:51:31,945 WARN  server.GrpcLogAppender (GrpcLogAppender.java:onNextImpl(250)) - org.apache.ratis.grpc.server.GrpcLogAppender$AppendLogResponseHandler@166f04a4: Request not found, ignoring reply: f80c66c4-8a3d-47db-b3f8-20b0bcb8a3f5<-cffe1303-2f93-4087-8a62-a40745db49f2#6367:OK,SUCCESS,nextIndex:6310,term:1,followerCommit:6305
2019-07-10 09:51:31,946 INFO  client.GrpcClientProtocolClient (GrpcClientProtocolClient.java:onNext(255)) - client-7D6108789623->f80c66c4-8a3d-47db-b3f8-20b0bcb8a3f5: receive RaftClientReply:client-7D6108789623->f80c66c4-8a3d-47db-b3f8-20b0bcb8a3f5@group-7D2873B646E2, cid=4173, SUCCESS, logIndex=0, commits[f80c66c4-8a3d-47db-b3f8-20b0bcb8a3f5:c6309, 6e9bc0f4-a324-4be3-b201-2d39df7dad8a:c6305, cffe1303-2f93-4087-8a62-a40745db49f2:c6305]
2019-07-10 09:51:31,947 INFO  client.GrpcClientProtocolClient (GrpcClientProtocolClient.java:onNext(255)) - client-7D6108789623->f80c66c4-8a3d-47db-b3f8-20b0bcb8a3f5: receive RaftClientReply:client-7D6108789623->f80c66c4-8a3d-47db-b3f8-20b0bcb8a3f5@group-7D2873B646E2, cid=4173, SUCCESS, logIndex=0, commits[f80c66c4-8a3d-47db-b3f8-20b0bcb8a3f5:c6309, 6e9bc0f4-a324-4be3-b201-2d39df7dad8a:c6305, cffe1303-2f93-4087-8a62-a40745db49f2:c6305]
2019-07-10 09:51:31,947 INFO  scm.XceiverClientRatis (XceiverClientRatis.java:lambda$watchForCommit$7(280)) - Could not commit 6303 to all the nodes. Server cffe1303-2f93-4087-8a62-a40745db49f2 has failed. Committed by majority.
 0.00% |█                                                                                                    |  0/1 Time: 0:00:56 0.00% |█                                                                                                    |  0/1 Time: 0:00:57 0.00% |█                                                                                                    |  0/1 Time: 0:00:582019-07-10 09:51:34,486 INFO  client.GrpcClientProtocolClient (GrpcClientProtocolClient.java:onNext(255)) - client-7D6108789623->f80c66c4-8a3d-47db-b3f8-20b0bcb8a3f5: receive RaftClientReply:client-7D6108789623->f80c66c4-8a3d-47db-b3f8-20b0bcb8a3f5@group-7D2873B646E2, cid=4175, SUCCESS, logIndex=6310, commits[f80c66c4-8a3d-47db-b3f8-20b0bcb8a3f5:c6311, 6e9bc0f4-a324-4be3-b201-2d39df7dad8a:c6309, cffe1303-2f93-4087-8a62-a40745db49f2:c6309]
2019-07-10 09:51:34,487 INFO  client.GrpcClientProtocolClient (GrpcClientProtocolClient.java:onNext(255)) - client-7D6108789623->f80c66c4-8a3d-47db-b3f8-20b0bcb8a3f5: receive RaftClientReply:client-7D6108789623->f80c66c4-8a3d-47db-b3f8-20b0bcb8a3f5@group-7D2873B646E2, cid=4176, SUCCESS, logIndex=6311, commits[f80c66c4-8a3d-47db-b3f8-20b0bcb8a3f5:c6311, 6e9bc0f4-a324-4be3-b201-2d39df7dad8a:c6309, cffe1303-2f93-4087-8a62-a40745db49f2:c6309]
 0.00% |█                                                                                                    |  0/1 Time: 0:00:592019-07-10 09:51:35,761 INFO  client.GrpcClientProtocolClient (GrpcClientProtocolClient.java:onNext(255)) - client-7D6108789623->f80c66c4-8a3d-47db-b3f8-20b0bcb8a3f5: receive RaftClientReply:client-7D6108789623->f80c66c4-8a3d-47db-b3f8-20b0bcb8a3f5@group-7D2873B646E2, cid=4177, SUCCESS, logIndex=6314, commits[f80c66c4-8a3d-47db-b3f8-20b0bcb8a3f5:c6315, 6e9bc0f4-a324-4be3-b201-2d39df7dad8a:c6311, cffe1303-2f93-4087-8a62-a40745db49f2:c6311]
2019-07-10 09:51:35,762 INFO  client.GrpcClientProtocolClient (GrpcClientProtocolClient.java:onNext(255)) - client-7D6108789623->f80c66c4-8a3d-47db-b3f8-20b0bcb8a3f5: receive RaftClientReply:client-7D6108789623->f80c66c4-8a3d-47db-b3f8-20b0bcb8a3f5@group-7D2873B646E2, cid=4178, SUCCESS, logIndex=6315, commits[f80c66c4-8a3d-47db-b3f8-20b0bcb8a3f5:c6315, 6e9bc0f4-a324-4be3-b201-2d39df7dad8a:c6311, cffe1303-2f93-4087-8a62-a40745db49f2:c6311]
2019-07-10 09:51:35,766 INFO  client.GrpcClientProtocolClient (GrpcClientProtocolClient.java:onNext(255)) - client-7D6108789623->f80c66c4-8a3d-47db-b3f8-20b0bcb8a3f5: receive RaftClientReply:client-7D6108789623->f80c66c4-8a3d-47db-b3f8-20b0bcb8a3f5@group-7D2873B646E2, cid=4179, SUCCESS, logIndex=0, commits[f80c66c4-8a3d-47db-b3f8-20b0bcb8a3f5:c6316, 6e9bc0f4-a324-4be3-b201-2d39df7dad8a:c6315, cffe1303-2f93-4087-8a62-a40745db49f2:c6315]
2019-07-10 09:51:35,797 WARN  block.BlockManagerImpl (BlockManagerImpl.java:allocateBlock(192)) - Pipeline creation failed for type:RATIS factor:THREE. Retrying get pipelines call once.
org.apache.hadoop.hdds.scm.pipeline.InsufficientDatanodesException: Cannot create pipeline of factor 3 using 2 nodes.
	at org.apache.hadoop.hdds.scm.pipeline.RatisPipelineProvider.create(RatisPipelineProvider.java:151)
	at org.apache.hadoop.hdds.scm.pipeline.PipelineFactory.create(PipelineFactory.java:57)
	at org.apache.hadoop.hdds.scm.pipeline.SCMPipelineManager.createPipeline(SCMPipelineManager.java:149)
	at org.apache.hadoop.hdds.scm.block.BlockManagerImpl.allocateBlock(BlockManagerImpl.java:190)
	at org.apache.hadoop.hdds.scm.server.SCMBlockProtocolServer.allocateBlock(SCMBlockProtocolServer.java:172)
	at org.apache.hadoop.ozone.protocolPB.ScmBlockLocationProtocolServerSideTranslatorPB.allocateScmBlock(ScmBlockLocationProtocolServerSideTranslatorPB.java:144)
	at org.apache.hadoop.ozone.protocolPB.ScmBlockLocationProtocolServerSideTranslatorPB.send(ScmBlockLocationProtocolServerSideTranslatorPB.java:107)
	at org.apache.hadoop.hdds.protocol.proto.ScmBlockLocationProtocolProtos$ScmBlockLocationProtocolService$2.callBlockingMethod(ScmBlockLocationProtocolProtos.java:11281)
	at org.apache.hadoop.ipc.ProtobufRpcEngine$Server$ProtoBufRpcInvoker.call(ProtobufRpcEngine.java:524)
	at org.apache.hadoop.ipc.RPC$Server.call(RPC.java:1025)
	at org.apache.hadoop.ipc.Server$RpcCall.run(Server.java:876)
	at org.apache.hadoop.ipc.Server$RpcCall.run(Server.java:822)
	at java.security.AccessController.doPrivileged(Native Method)
	at javax.security.auth.Subject.doAs(Subject.java:422)
	at org.apache.hadoop.security.UserGroupInformation.doAs(UserGroupInformation.java:1730)
	at org.apache.hadoop.ipc.Server$Handler.run(Server.java:2682)
2019-07-10 09:51:35,798 INFO  block.BlockManagerImpl (BlockManagerImpl.java:allocateBlock(198)) - Could not find available pipeline of type:RATIS and factor:THREE even after retrying
2019-07-10 09:51:35,798 ERROR block.BlockManagerImpl (BlockManagerImpl.java:allocateBlock(222)) - Unable to allocate a block for the size: 4194304, type: RATIS, factor: THREE
09:51:35.804 [IPC Server handler 13 on 35868] ERROR OMAudit - user=jenkins1000 | ip=127.0.0.1 | op=ALLOCATE_BLOCK {volume=vol-0-00487, bucket=bucket-0-42162, key=key-0-00790, dataSize=0, replicationType=null, replicationFactor=null, keyLocationInfo=null, clientID=102416530541248914} | ret=FAILURE
org.apache.hadoop.hdds.scm.exceptions.SCMException: Allocated 0 blocks. Requested 1 blocks
	at org.apache.hadoop.hdds.scm.protocolPB.ScmBlockLocationProtocolClientSideTranslatorPB.handleError(ScmBlockLocationProtocolClientSideTranslatorPB.java:113) ~[classes/:?]
	at org.apache.hadoop.hdds.scm.protocolPB.ScmBlockLocationProtocolClientSideTranslatorPB.allocateBlock(ScmBlockLocationProtocolClientSideTranslatorPB.java:151) ~[classes/:?]
	at sun.reflect.GeneratedMethodAccessor44.invoke(Unknown Source) ~[?:?]
	at sun.reflect.DelegatingMethodAccessorImpl.invoke(DelegatingMethodAccessorImpl.java:43) ~[?:1.8.0_212]
	at java.lang.reflect.Method.invoke(Method.java:498) ~[?:1.8.0_212]
	at org.apache.hadoop.hdds.tracing.TraceAllMethod.invoke(TraceAllMethod.java:66) ~[classes/:?]
	at com.sun.proxy.$Proxy27.allocateBlock(Unknown Source) ~[?:?]
	at org.apache.hadoop.ozone.om.KeyManagerImpl.allocateBlock(KeyManagerImpl.java:348) ~[classes/:?]
	at org.apache.hadoop.ozone.om.KeyManagerImpl.allocateBlock(KeyManagerImpl.java:316) ~[classes/:?]
	at org.apache.hadoop.ozone.om.OzoneManager.allocateBlock(OzoneManager.java:2291) [classes/:?]
	at org.apache.hadoop.ozone.protocolPB.OzoneManagerRequestHandler.allocateBlock(OzoneManagerRequestHandler.java:756) [classes/:?]
	at org.apache.hadoop.ozone.protocolPB.OzoneManagerRequestHandler.handle(OzoneManagerRequestHandler.java:249) [classes/:?]
	at org.apache.hadoop.ozone.protocolPB.OzoneManagerProtocolServerSideTranslatorPB.submitRequestDirectlyToOM(OzoneManagerProtocolServerSideTranslatorPB.java:192) [classes/:?]
	at org.apache.hadoop.ozone.protocolPB.OzoneManagerProtocolServerSideTranslatorPB.submitRequest(OzoneManagerProtocolServerSideTranslatorPB.java:110) [classes/:?]
	at org.apache.hadoop.ozone.protocol.proto.OzoneManagerProtocolProtos$OzoneManagerService$2.callBlockingMethod(OzoneManagerProtocolProtos.java) [classes/:?]
	at org.apache.hadoop.ipc.ProtobufRpcEngine$Server$ProtoBufRpcInvoker.call(ProtobufRpcEngine.java:524) [hadoop-common-3.2.0.jar:?]
	at org.apache.hadoop.ipc.RPC$Server.call(RPC.java:1025) [hadoop-common-3.2.0.jar:?]
	at org.apache.hadoop.ipc.Server$RpcCall.run(Server.java:876) [hadoop-common-3.2.0.jar:?]
	at org.apache.hadoop.ipc.Server$RpcCall.run(Server.java:822) [hadoop-common-3.2.0.jar:?]
	at java.security.AccessController.doPrivileged(Native Method) [?:1.8.0_212]
	at javax.security.auth.Subject.doAs(Subject.java:422) [?:1.8.0_212]
	at org.apache.hadoop.security.UserGroupInformation.doAs(UserGroupInformation.java:1730) [hadoop-common-3.2.0.jar:?]
	at org.apache.hadoop.ipc.Server$Handler.run(Server.java:2682) [hadoop-common-3.2.0.jar:?]
2019-07-10 09:51:35,828 ERROR io.BlockOutputStreamEntryPool (BlockOutputStreamEntryPool.java:allocateBlockIfNeeded(299)) - Try to allocate more blocks for write failed, already allocated 0 blocks for this write.
INTERNAL_ERROR org.apache.hadoop.ozone.om.exceptions.OMException: Allocated 0 blocks. Requested 1 blocks
	at org.apache.hadoop.ozone.om.protocolPB.OzoneManagerProtocolClientSideTranslatorPB.handleError(OzoneManagerProtocolClientSideTranslatorPB.java:720)
	at org.apache.hadoop.ozone.om.protocolPB.OzoneManagerProtocolClientSideTranslatorPB.allocateBlock(OzoneManagerProtocolClientSideTranslatorPB.java:752)
	at org.apache.hadoop.ozone.client.io.BlockOutputStreamEntryPool.allocateNewBlock(BlockOutputStreamEntryPool.java:248)
	at org.apache.hadoop.ozone.client.io.BlockOutputStreamEntryPool.allocateBlockIfNeeded(BlockOutputStreamEntryPool.java:296)
	at org.apache.hadoop.ozone.client.io.KeyOutputStream.handleWrite(KeyOutputStream.java:201)
	at org.apache.hadoop.ozone.client.io.KeyOutputStream.write(KeyOutputStream.java:193)
	at org.apache.hadoop.ozone.client.io.OzoneOutputStream.write(OzoneOutputStream.java:49)
	at org.apache.hadoop.ozone.freon.RandomKeyGenerator$KeyProcessor.run(RandomKeyGenerator.java:693)
	at java.util.concurrent.Executors$RunnableAdapter.call(Executors.java:511)
	at java.util.concurrent.FutureTask.run(FutureTask.java:266)
	at java.util.concurrent.ThreadPoolExecutor.runWorker(ThreadPoolExecutor.java:1149)
	at java.util.concurrent.ThreadPoolExecutor$Worker.run(ThreadPoolExecutor.java:624)
	at java.lang.Thread.run(Thread.java:748)
2019-07-10 09:51:35,828 ERROR freon.RandomKeyGenerator (RandomKeyGenerator.java:run(718)) - Exception while adding key: key-0-00790 in bucket: bucket-0-42162 of volume: vol-0-00487.
INTERNAL_ERROR org.apache.hadoop.ozone.om.exceptions.OMException: Allocated 0 blocks. Requested 1 blocks
	at org.apache.hadoop.ozone.om.protocolPB.OzoneManagerProtocolClientSideTranslatorPB.handleError(OzoneManagerProtocolClientSideTranslatorPB.java:720)
	at org.apache.hadoop.ozone.om.protocolPB.OzoneManagerProtocolClientSideTranslatorPB.allocateBlock(OzoneManagerProtocolClientSideTranslatorPB.java:752)
	at org.apache.hadoop.ozone.client.io.BlockOutputStreamEntryPool.allocateNewBlock(BlockOutputStreamEntryPool.java:248)
	at org.apache.hadoop.ozone.client.io.BlockOutputStreamEntryPool.allocateBlockIfNeeded(BlockOutputStreamEntryPool.java:296)
	at org.apache.hadoop.ozone.client.io.KeyOutputStream.handleWrite(KeyOutputStream.java:201)
	at org.apache.hadoop.ozone.client.io.KeyOutputStream.write(KeyOutputStream.java:193)
	at org.apache.hadoop.ozone.client.io.OzoneOutputStream.write(OzoneOutputStream.java:49)
	at org.apache.hadoop.ozone.freon.RandomKeyGenerator$KeyProcessor.run(RandomKeyGenerator.java:693)
	at java.util.concurrent.Executors$RunnableAdapter.call(Executors.java:511)
	at java.util.concurrent.FutureTask.run(FutureTask.java:266)
	at java.util.concurrent.ThreadPoolExecutor.runWorker(ThreadPoolExecutor.java:1149)
	at java.util.concurrent.ThreadPoolExecutor$Worker.run(ThreadPoolExecutor.java:624)
	at java.lang.Thread.run(Thread.java:748)
 100.00% |█████████████████████████████████████████████████████████████████████████████████████████████████████|  1/1 Time: 0:01:00
]]></system-out>
  </testcase>
  <testcase name="multiThread" classname="org.apache.hadoop.ozone.freon.TestRandomKeyGenerator" time="5.031"/>
</testsuite>