<?xml version="1.0" encoding="UTF-8"?>
<testsuite xmlns:xsi="http://www.w3.org/2001/XMLSchema-instance" xsi:noNamespaceSchemaLocation="https://maven.apache.org/surefire/maven-surefire-plugin/xsd/surefire-test-report.xsd" name="org.apache.hadoop.fs.ozone.TestOzoneFSInputStream" time="49.956" tests="1" errors="1" skipped="0" failures="0">
  <properties>
    <property name="awt.toolkit" value="sun.awt.X11.XToolkit"/>
    <property name="file.encoding.pkg" value="sun.io"/>
    <property name="java.specification.version" value="1.8"/>
    <property name="sun.cpu.isalist" value=""/>
    <property name="sun.jnu.encoding" value="UTF-8"/>
    <property name="java.class.path" value="/workdir/hadoop-ozone/ozonefs/target/test-classes:/workdir/hadoop-ozone/ozonefs/target/classes:/home/user/.m2/repository/org/apache/hadoop/hadoop-common/3.2.0/hadoop-common-3.2.0.jar:/home/user/.m2/repository/org/apache/hadoop/hadoop-annotations/3.2.0/hadoop-annotations-3.2.0.jar:/usr/lib/jvm/java-1.8-openjdk/jre/../lib/tools.jar:/home/user/.m2/repository/com/google/guava/guava/11.0.2/guava-11.0.2.jar:/home/user/.m2/repository/commons-cli/commons-cli/1.2/commons-cli-1.2.jar:/home/user/.m2/repository/org/apache/commons/commons-math3/3.1.1/commons-math3-3.1.1.jar:/home/user/.m2/repository/org/apache/httpcomponents/httpclient/4.5.2/httpclient-4.5.2.jar:/home/user/.m2/repository/org/apache/httpcomponents/httpcore/4.4.4/httpcore-4.4.4.jar:/home/user/.m2/repository/commons-codec/commons-codec/1.11/commons-codec-1.11.jar:/home/user/.m2/repository/commons-io/commons-io/2.5/commons-io-2.5.jar:/home/user/.m2/repository/commons-net/commons-net/3.6/commons-net-3.6.jar:/home/user/.m2/repository/commons-collections/commons-collections/3.2.2/commons-collections-3.2.2.jar:/home/user/.m2/repository/javax/servlet/javax.servlet-api/3.1.0/javax.servlet-api-3.1.0.jar:/home/user/.m2/repository/org/eclipse/jetty/jetty-server/9.3.24.v20180605/jetty-server-9.3.24.v20180605.jar:/home/user/.m2/repository/org/eclipse/jetty/jetty-http/9.3.24.v20180605/jetty-http-9.3.24.v20180605.jar:/home/user/.m2/repository/org/eclipse/jetty/jetty-io/9.3.24.v20180605/jetty-io-9.3.24.v20180605.jar:/home/user/.m2/repository/org/eclipse/jetty/jetty-util/9.3.24.v20180605/jetty-util-9.3.24.v20180605.jar:/home/user/.m2/repository/org/eclipse/jetty/jetty-servlet/9.3.24.v20180605/jetty-servlet-9.3.24.v20180605.jar:/home/user/.m2/repository/org/eclipse/jetty/jetty-security/9.3.24.v20180605/jetty-security-9.3.24.v20180605.jar:/home/user/.m2/repository/org/eclipse/jetty/jetty-webapp/9.3.24.v20180605/jetty-webapp-9.3.24.v20180605.jar:/home/user/.m2/repository/org/eclipse/jetty/jetty-xml/9.3.24.v20180605/jetty-xml-9.3.24.v20180605.jar:/home/user/.m2/repository/javax/servlet/jsp/jsp-api/2.1/jsp-api-2.1.jar:/home/user/.m2/repository/com/sun/jersey/jersey-core/1.19/jersey-core-1.19.jar:/home/user/.m2/repository/javax/ws/rs/jsr311-api/1.1.1/jsr311-api-1.1.1.jar:/home/user/.m2/repository/com/sun/jersey/jersey-servlet/1.19/jersey-servlet-1.19.jar:/home/user/.m2/repository/com/sun/jersey/jersey-json/1.19/jersey-json-1.19.jar:/home/user/.m2/repository/org/codehaus/jettison/jettison/1.1/jettison-1.1.jar:/home/user/.m2/repository/com/sun/xml/bind/jaxb-impl/2.3.0.1/jaxb-impl-2.3.0.1.jar:/home/user/.m2/repository/org/codehaus/jackson/jackson-core-asl/1.9.13/jackson-core-asl-1.9.13.jar:/home/user/.m2/repository/org/codehaus/jackson/jackson-mapper-asl/1.9.13/jackson-mapper-asl-1.9.13.jar:/home/user/.m2/repository/org/codehaus/jackson/jackson-jaxrs/1.9.13/jackson-jaxrs-1.9.13.jar:/home/user/.m2/repository/org/codehaus/jackson/jackson-xc/1.9.13/jackson-xc-1.9.13.jar:/home/user/.m2/repository/com/sun/jersey/jersey-server/1.19/jersey-server-1.19.jar:/home/user/.m2/repository/commons-logging/commons-logging/1.1.3/commons-logging-1.1.3.jar:/home/user/.m2/repository/log4j/log4j/1.2.17/log4j-1.2.17.jar:/home/user/.m2/repository/commons-beanutils/commons-beanutils/1.9.3/commons-beanutils-1.9.3.jar:/home/user/.m2/repository/org/apache/commons/commons-configuration2/2.1.1/commons-configuration2-2.1.1.jar:/home/user/.m2/repository/org/apache/commons/commons-lang3/3.7/commons-lang3-3.7.jar:/home/user/.m2/repository/org/apache/commons/commons-text/1.4/commons-text-1.4.jar:/home/user/.m2/repository/org/slf4j/slf4j-api/1.7.25/slf4j-api-1.7.25.jar:/home/user/.m2/repository/org/slf4j/slf4j-log4j12/1.7.25/slf4j-log4j12-1.7.25.jar:/home/user/.m2/repository/org/apache/avro/avro/1.7.7/avro-1.7.7.jar:/home/user/.m2/repository/com/thoughtworks/paranamer/paranamer/2.3/paranamer-2.3.jar:/home/user/.m2/repository/org/xerial/snappy/snappy-java/1.0.5/snappy-java-1.0.5.jar:/home/user/.m2/repository/com/google/re2j/re2j/1.1/re2j-1.1.jar:/home/user/.m2/repository/com/google/protobuf/protobuf-java/2.5.0/protobuf-java-2.5.0.jar:/home/user/.m2/repository/com/google/code/gson/gson/2.2.4/gson-2.2.4.jar:/home/user/.m2/repository/org/apache/hadoop/hadoop-auth/3.2.0/hadoop-auth-3.2.0.jar:/home/user/.m2/repository/com/nimbusds/nimbus-jose-jwt/4.41.1/nimbus-jose-jwt-4.41.1.jar:/home/user/.m2/repository/com/github/stephenc/jcip/jcip-annotations/1.0-1/jcip-annotations-1.0-1.jar:/home/user/.m2/repository/net/minidev/json-smart/2.3/json-smart-2.3.jar:/home/user/.m2/repository/net/minidev/accessors-smart/1.2/accessors-smart-1.2.jar:/home/user/.m2/repository/org/apache/curator/curator-framework/2.12.0/curator-framework-2.12.0.jar:/home/user/.m2/repository/com/jcraft/jsch/0.1.54/jsch-0.1.54.jar:/home/user/.m2/repository/org/apache/curator/curator-client/2.12.0/curator-client-2.12.0.jar:/home/user/.m2/repository/org/apache/curator/curator-recipes/2.12.0/curator-recipes-2.12.0.jar:/home/user/.m2/repository/com/google/code/findbugs/jsr305/3.0.0/jsr305-3.0.0.jar:/home/user/.m2/repository/org/apache/htrace/htrace-core4/4.1.0-incubating/htrace-core4-4.1.0-incubating.jar:/home/user/.m2/repository/org/apache/zookeeper/zookeeper/3.4.13/zookeeper-3.4.13.jar:/home/user/.m2/repository/org/apache/yetus/audience-annotations/0.5.0/audience-annotations-0.5.0.jar:/home/user/.m2/repository/org/apache/commons/commons-compress/1.4.1/commons-compress-1.4.1.jar:/home/user/.m2/repository/org/tukaani/xz/1.0/xz-1.0.jar:/home/user/.m2/repository/org/apache/kerby/kerb-simplekdc/1.0.1/kerb-simplekdc-1.0.1.jar:/home/user/.m2/repository/org/apache/kerby/kerb-client/1.0.1/kerb-client-1.0.1.jar:/home/user/.m2/repository/org/apache/kerby/kerby-config/1.0.1/kerby-config-1.0.1.jar:/home/user/.m2/repository/org/apache/kerby/kerb-core/1.0.1/kerb-core-1.0.1.jar:/home/user/.m2/repository/org/apache/kerby/kerby-pkix/1.0.1/kerby-pkix-1.0.1.jar:/home/user/.m2/repository/org/apache/kerby/kerby-asn1/1.0.1/kerby-asn1-1.0.1.jar:/home/user/.m2/repository/org/apache/kerby/kerby-util/1.0.1/kerby-util-1.0.1.jar:/home/user/.m2/repository/org/apache/kerby/kerb-common/1.0.1/kerb-common-1.0.1.jar:/home/user/.m2/repository/org/apache/kerby/kerb-crypto/1.0.1/kerb-crypto-1.0.1.jar:/home/user/.m2/repository/org/apache/kerby/kerb-util/1.0.1/kerb-util-1.0.1.jar:/home/user/.m2/repository/org/apache/kerby/token-provider/1.0.1/token-provider-1.0.1.jar:/home/user/.m2/repository/org/apache/kerby/kerb-admin/1.0.1/kerb-admin-1.0.1.jar:/home/user/.m2/repository/org/apache/kerby/kerb-server/1.0.1/kerb-server-1.0.1.jar:/home/user/.m2/repository/org/apache/kerby/kerb-identity/1.0.1/kerb-identity-1.0.1.jar:/home/user/.m2/repository/org/apache/kerby/kerby-xdr/1.0.1/kerby-xdr-1.0.1.jar:/home/user/.m2/repository/com/fasterxml/jackson/core/jackson-databind/2.9.5/jackson-databind-2.9.5.jar:/home/user/.m2/repository/com/fasterxml/jackson/core/jackson-annotations/2.9.5/jackson-annotations-2.9.5.jar:/home/user/.m2/repository/com/fasterxml/jackson/core/jackson-core/2.9.5/jackson-core-2.9.5.jar:/home/user/.m2/repository/org/codehaus/woodstox/stax2-api/3.1.4/stax2-api-3.1.4.jar:/home/user/.m2/repository/com/fasterxml/woodstox/woodstox-core/5.0.3/woodstox-core-5.0.3.jar:/home/user/.m2/repository/dnsjava/dnsjava/2.1.7/dnsjava-2.1.7.jar:/home/user/.m2/repository/org/apache/hadoop/hadoop-hdfs/3.2.0/hadoop-hdfs-3.2.0.jar:/home/user/.m2/repository/org/eclipse/jetty/jetty-util-ajax/9.3.24.v20180605/jetty-util-ajax-9.3.24.v20180605.jar:/home/user/.m2/repository/commons-daemon/commons-daemon/1.0.13/commons-daemon-1.0.13.jar:/home/user/.m2/repository/io/netty/netty/3.10.5.Final/netty-3.10.5.Final.jar:/home/user/.m2/repository/io/netty/netty-all/4.0.52.Final/netty-all-4.0.52.Final.jar:/home/user/.m2/repository/org/fusesource/leveldbjni/leveldbjni-all/1.8/leveldbjni-all-1.8.jar:/home/user/.m2/repository/org/apache/hadoop/hadoop-hdds-common/0.5.0-SNAPSHOT/hadoop-hdds-common-0.5.0-SNAPSHOT.jar:/home/user/.m2/repository/org/apache/hadoop/hadoop-hdds-config/0.5.0-SNAPSHOT/hadoop-hdds-config-0.5.0-SNAPSHOT.jar:/home/user/.m2/repository/javax/annotation/javax.annotation-api/1.2/javax.annotation-api-1.2.jar:/home/user/.m2/repository/org/apache/ratis/ratis-server/0.4.0-2337318-SNAPSHOT/ratis-server-0.4.0-2337318-SNAPSHOT.jar:/home/user/.m2/repository/org/apache/ratis/ratis-thirdparty-misc/0.2.0/ratis-thirdparty-misc-0.2.0.jar:/home/user/.m2/repository/org/apache/ratis/ratis-proto/0.4.0-2337318-SNAPSHOT/ratis-proto-0.4.0-2337318-SNAPSHOT.jar:/home/user/.m2/repository/org/apache/ratis/ratis-common/0.4.0-2337318-SNAPSHOT/ratis-common-0.4.0-2337318-SNAPSHOT.jar:/home/user/.m2/repository/org/apache/ratis/ratis-client/0.4.0-2337318-SNAPSHOT/ratis-client-0.4.0-2337318-SNAPSHOT.jar:/home/user/.m2/repository/org/apache/ratis/ratis-metrics/0.4.0-2337318-SNAPSHOT/ratis-metrics-0.4.0-2337318-SNAPSHOT.jar:/home/user/.m2/repository/org/apache/ratis/ratis-netty/0.4.0-2337318-SNAPSHOT/ratis-netty-0.4.0-2337318-SNAPSHOT.jar:/home/user/.m2/repository/org/apache/ratis/ratis-grpc/0.4.0-2337318-SNAPSHOT/ratis-grpc-0.4.0-2337318-SNAPSHOT.jar:/home/user/.m2/repository/org/rocksdb/rocksdbjni/6.0.1/rocksdbjni-6.0.1.jar:/home/user/.m2/repository/org/apache/logging/log4j/log4j-api/2.11.0/log4j-api-2.11.0.jar:/home/user/.m2/repository/org/apache/logging/log4j/log4j-core/2.11.0/log4j-core-2.11.0.jar:/home/user/.m2/repository/com/lmax/disruptor/3.4.2/disruptor-3.4.2.jar:/home/user/.m2/repository/org/apache/commons/commons-pool2/2.6.0/commons-pool2-2.6.0.jar:/home/user/.m2/repository/org/bouncycastle/bcpkix-jdk15on/1.60/bcpkix-jdk15on-1.60.jar:/home/user/.m2/repository/commons-validator/commons-validator/1.6/commons-validator-1.6.jar:/home/user/.m2/repository/commons-digester/commons-digester/1.8.1/commons-digester-1.8.1.jar:/home/user/.m2/repository/io/jaegertracing/jaeger-client/0.33.1/jaeger-client-0.33.1.jar:/home/user/.m2/repository/io/jaegertracing/jaeger-thrift/0.33.1/jaeger-thrift-0.33.1.jar:/home/user/.m2/repository/org/apache/thrift/libthrift/0.11.0/libthrift-0.11.0.jar:/home/user/.m2/repository/com/squareup/okhttp3/okhttp/3.9.0/okhttp-3.9.0.jar:/home/user/.m2/repository/com/squareup/okio/okio/1.13.0/okio-1.13.0.jar:/home/user/.m2/repository/io/jaegertracing/jaeger-core/0.33.1/jaeger-core-0.33.1.jar:/home/user/.m2/repository/io/jaegertracing/jaeger-tracerresolver/0.33.1/jaeger-tracerresolver-0.33.1.jar:/home/user/.m2/repository/io/opentracing/contrib/opentracing-tracerresolver/0.1.5/opentracing-tracerresolver-0.1.5.jar:/home/user/.m2/repository/io/opentracing/opentracing-util/0.31.0/opentracing-util-0.31.0.jar:/home/user/.m2/repository/io/opentracing/opentracing-api/0.31.0/opentracing-api-0.31.0.jar:/home/user/.m2/repository/io/opentracing/opentracing-noop/0.31.0/opentracing-noop-0.31.0.jar:/home/user/.m2/repository/org/yaml/snakeyaml/1.16/snakeyaml-1.16.jar:/home/user/.m2/repository/org/apache/hadoop/hadoop-hdfs-client/3.2.0/hadoop-hdfs-client-3.2.0.jar:/home/user/.m2/repository/info/picocli/picocli/3.9.6/picocli-3.9.6.jar:/home/user/.m2/repository/org/apache/hadoop/hadoop-hdds-server-scm/0.5.0-SNAPSHOT/hadoop-hdds-server-scm-0.5.0-SNAPSHOT.jar:/home/user/.m2/repository/org/apache/hadoop/hadoop-hdds-docs/0.5.0-SNAPSHOT/hadoop-hdds-docs-0.5.0-SNAPSHOT.jar:/home/user/.m2/repository/io/dropwizard/metrics/metrics-core/3.2.4/metrics-core-3.2.4.jar:/home/user/.m2/repository/org/hamcrest/hamcrest-all/1.3/hamcrest-all-1.3.jar:/home/user/.m2/repository/org/bouncycastle/bcprov-jdk15on/1.60/bcprov-jdk15on-1.60.jar:/home/user/.m2/repository/org/apache/hadoop/hadoop-hdds-server-framework/0.5.0-SNAPSHOT/hadoop-hdds-server-framework-0.5.0-SNAPSHOT.jar:/home/user/.m2/repository/org/apache/hadoop/hadoop-ozone-ozone-manager/0.5.0-SNAPSHOT/hadoop-ozone-ozone-manager-0.5.0-SNAPSHOT.jar:/home/user/.m2/repository/org/apache/hadoop/hadoop-hdds-container-service/0.5.0-SNAPSHOT/hadoop-hdds-container-service-0.5.0-SNAPSHOT.jar:/home/user/.m2/repository/org/apache/hadoop/hadoop-hdds-client/0.5.0-SNAPSHOT/hadoop-hdds-client-0.5.0-SNAPSHOT.jar:/home/user/.m2/repository/org/apache/hadoop/hadoop-ozone-common/0.5.0-SNAPSHOT/hadoop-ozone-common-0.5.0-SNAPSHOT.jar:/home/user/.m2/repository/org/apache/hadoop/hadoop-hdds-tools/0.5.0-SNAPSHOT/hadoop-hdds-tools-0.5.0-SNAPSHOT.jar:/home/user/.m2/repository/org/xerial/sqlite-jdbc/3.25.2/sqlite-jdbc-3.25.2.jar:/home/user/.m2/repository/org/apache/hadoop/hadoop-ozone-objectstore-service/0.5.0-SNAPSHOT/hadoop-ozone-objectstore-service-0.5.0-SNAPSHOT.jar:/home/user/.m2/repository/com/google/code/findbugs/findbugs/3.0.1/findbugs-3.0.1.jar:/home/user/.m2/repository/net/jcip/jcip-annotations/1.0/jcip-annotations-1.0.jar:/home/user/.m2/repository/com/google/code/findbugs/bcel-findbugs/6.0/bcel-findbugs-6.0.jar:/home/user/.m2/repository/com/google/code/findbugs/jFormatString/2.0.1/jFormatString-2.0.1.jar:/home/user/.m2/repository/dom4j/dom4j/1.6.1/dom4j-1.6.1.jar:/home/user/.m2/repository/xml-apis/xml-apis/1.0.b2/xml-apis-1.0.b2.jar:/home/user/.m2/repository/org/ow2/asm/asm-debug-all/5.0.2/asm-debug-all-5.0.2.jar:/home/user/.m2/repository/org/ow2/asm/asm-commons/5.0.2/asm-commons-5.0.2.jar:/home/user/.m2/repository/org/ow2/asm/asm-tree/5.0.2/asm-tree-5.0.2.jar:/home/user/.m2/repository/org/ow2/asm/asm/5.0.4/asm-5.0.4.jar:/home/user/.m2/repository/commons-lang/commons-lang/2.6/commons-lang-2.6.jar:/home/user/.m2/repository/com/apple/AppleJavaExtensions/1.4/AppleJavaExtensions-1.4.jar:/home/user/.m2/repository/jaxen/jaxen/1.1.6/jaxen-1.1.6.jar:/home/user/.m2/repository/org/apache/hadoop/hadoop-common/3.2.0/hadoop-common-3.2.0-tests.jar:/home/user/.m2/repository/org/apache/hadoop/hadoop-ozone-client/0.5.0-SNAPSHOT/hadoop-ozone-client-0.5.0-SNAPSHOT.jar:/home/user/.m2/repository/org/apache/hadoop/hadoop-hdfs/3.2.0/hadoop-hdfs-3.2.0-tests.jar:/workdir/hadoop-ozone/integration-test/target/test-classes:/home/user/.m2/repository/org/apache/hadoop/hadoop-ozone-s3gateway/0.5.0-SNAPSHOT/hadoop-ozone-s3gateway-0.5.0-SNAPSHOT.jar:/home/user/.m2/repository/org/jboss/weld/servlet/weld-servlet/2.4.7.Final/weld-servlet-2.4.7.Final.jar:/home/user/.m2/repository/org/glassfish/jersey/containers/jersey-container-servlet-core/2.27/jersey-container-servlet-core-2.27.jar:/home/user/.m2/repository/org/glassfish/hk2/external/javax.inject/2.5.0-b42/javax.inject-2.5.0-b42.jar:/home/user/.m2/repository/org/glassfish/jersey/core/jersey-common/2.27/jersey-common-2.27.jar:/home/user/.m2/repository/org/glassfish/hk2/osgi-resource-locator/1.0.1/osgi-resource-locator-1.0.1.jar:/home/user/.m2/repository/javax/ws/rs/javax.ws.rs-api/2.1/javax.ws.rs-api-2.1.jar:/home/user/.m2/repository/org/glassfish/jersey/ext/cdi/jersey-cdi1x/2.27/jersey-cdi1x-2.27.jar:/home/user/.m2/repository/org/glassfish/jersey/inject/jersey-hk2/2.27/jersey-hk2-2.27.jar:/home/user/.m2/repository/org/glassfish/hk2/hk2-locator/2.5.0-b42/hk2-locator-2.5.0-b42.jar:/home/user/.m2/repository/org/javassist/javassist/3.22.0-CR2/javassist-3.22.0-CR2.jar:/home/user/.m2/repository/org/glassfish/hk2/hk2-api/2.5.0/hk2-api-2.5.0.jar:/home/user/.m2/repository/org/glassfish/hk2/external/jakarta.inject/2.5.0/jakarta.inject-2.5.0.jar:/home/user/.m2/repository/org/glassfish/hk2/hk2-utils/2.5.0/hk2-utils-2.5.0.jar:/home/user/.m2/repository/jakarta/annotation/jakarta.annotation-api/1.3.4/jakarta.annotation-api-1.3.4.jar:/home/user/.m2/repository/org/glassfish/hk2/external/aopalliance-repackaged/2.5.0/aopalliance-repackaged-2.5.0.jar:/home/user/.m2/repository/com/fasterxml/jackson/dataformat/jackson-dataformat-xml/2.9.0/jackson-dataformat-xml-2.9.0.jar:/home/user/.m2/repository/com/fasterxml/jackson/module/jackson-module-jaxb-annotations/2.9.5/jackson-module-jaxb-annotations-2.9.5.jar:/home/user/.m2/repository/javax/enterprise/cdi-api/1.2/cdi-api-1.2.jar:/home/user/.m2/repository/javax/el/javax.el-api/3.0.0/javax.el-api-3.0.0.jar:/home/user/.m2/repository/javax/interceptor/javax.interceptor-api/1.2/javax.interceptor-api-1.2.jar:/home/user/.m2/repository/javax/inject/javax.inject/1/javax.inject-1.jar:/home/user/.m2/repository/com/sun/xml/bind/jaxb-core/2.3.0.1/jaxb-core-2.3.0.1.jar:/home/user/.m2/repository/javax/xml/bind/jaxb-api/2.3.0/jaxb-api-2.3.0.jar:/home/user/.m2/repository/javax/activation/activation/1.1.1/activation-1.1.1.jar:/home/user/.m2/repository/org/apache/hadoop/hadoop-ozone-csi/0.5.0-SNAPSHOT/hadoop-ozone-csi-0.5.0-SNAPSHOT.jar:/home/user/.m2/repository/com/google/protobuf/protobuf-java-util/3.5.1/protobuf-java-util-3.5.1.jar:/home/user/.m2/repository/io/grpc/grpc-netty/1.17.1/grpc-netty-1.17.1.jar:/home/user/.m2/repository/io/grpc/grpc-core/1.17.1/grpc-core-1.17.1.jar:/home/user/.m2/repository/io/grpc/grpc-context/1.17.1/grpc-context-1.17.1.jar:/home/user/.m2/repository/com/google/errorprone/error_prone_annotations/2.2.0/error_prone_annotations-2.2.0.jar:/home/user/.m2/repository/org/codehaus/mojo/animal-sniffer-annotations/1.17/animal-sniffer-annotations-1.17.jar:/home/user/.m2/repository/io/opencensus/opencensus-api/0.17.0/opencensus-api-0.17.0.jar:/home/user/.m2/repository/io/opencensus/opencensus-contrib-grpc-metrics/0.17.0/opencensus-contrib-grpc-metrics-0.17.0.jar:/home/user/.m2/repository/io/netty/netty-codec-http2/4.1.30.Final/netty-codec-http2-4.1.30.Final.jar:/home/user/.m2/repository/io/netty/netty-codec-http/4.1.30.Final/netty-codec-http-4.1.30.Final.jar:/home/user/.m2/repository/io/netty/netty-codec/4.1.30.Final/netty-codec-4.1.30.Final.jar:/home/user/.m2/repository/io/netty/netty-handler/4.1.30.Final/netty-handler-4.1.30.Final.jar:/home/user/.m2/repository/io/netty/netty-handler-proxy/4.1.30.Final/netty-handler-proxy-4.1.30.Final.jar:/home/user/.m2/repository/io/netty/netty-codec-socks/4.1.30.Final/netty-codec-socks-4.1.30.Final.jar:/home/user/.m2/repository/io/netty/netty-transport-native-epoll/4.1.30.Final/netty-transport-native-epoll-4.1.30.Final.jar:/home/user/.m2/repository/io/netty/netty-common/4.1.30.Final/netty-common-4.1.30.Final.jar:/home/user/.m2/repository/io/netty/netty-buffer/4.1.30.Final/netty-buffer-4.1.30.Final.jar:/home/user/.m2/repository/io/netty/netty-transport/4.1.30.Final/netty-transport-4.1.30.Final.jar:/home/user/.m2/repository/io/netty/netty-resolver/4.1.30.Final/netty-resolver-4.1.30.Final.jar:/home/user/.m2/repository/io/netty/netty-transport-native-unix-common/4.1.30.Final/netty-transport-native-unix-common-4.1.30.Final.jar:/home/user/.m2/repository/io/grpc/grpc-protobuf/1.17.1/grpc-protobuf-1.17.1.jar:/home/user/.m2/repository/com/google/api/grpc/proto-google-common-protos/1.0.0/proto-google-common-protos-1.0.0.jar:/home/user/.m2/repository/io/grpc/grpc-protobuf-lite/1.17.1/grpc-protobuf-lite-1.17.1.jar:/home/user/.m2/repository/io/grpc/grpc-stub/1.17.1/grpc-stub-1.17.1.jar:/home/user/.m2/repository/org/apache/hadoop/hadoop-ozone-recon/0.5.0-SNAPSHOT/hadoop-ozone-recon-0.5.0-SNAPSHOT.jar:/home/user/.m2/repository/org/apache/hadoop/hadoop-ozone-reconcodegen/0.5.0-SNAPSHOT/hadoop-ozone-reconcodegen-0.5.0-SNAPSHOT.jar:/home/user/.m2/repository/com/google/inject/extensions/guice-multibindings/4.0/guice-multibindings-4.0.jar:/home/user/.m2/repository/com/google/inject/guice/4.0/guice-4.0.jar:/home/user/.m2/repository/aopalliance/aopalliance/1.0/aopalliance-1.0.jar:/home/user/.m2/repository/org/glassfish/jersey/containers/jersey-container-servlet/2.27/jersey-container-servlet-2.27.jar:/home/user/.m2/repository/org/glassfish/hk2/guice-bridge/2.5.0/guice-bridge-2.5.0.jar:/home/user/.m2/repository/org/glassfish/jersey/core/jersey-server/2.27/jersey-server-2.27.jar:/home/user/.m2/repository/org/glassfish/jersey/core/jersey-client/2.27/jersey-client-2.27.jar:/home/user/.m2/repository/org/glassfish/jersey/media/jersey-media-jaxb/2.27/jersey-media-jaxb-2.27.jar:/home/user/.m2/repository/javax/validation/validation-api/1.1.0.Final/validation-api-1.1.0.Final.jar:/home/user/.m2/repository/org/glassfish/jersey/media/jersey-media-json-jackson/2.27/jersey-media-json-jackson-2.27.jar:/home/user/.m2/repository/org/glassfish/jersey/ext/jersey-entity-filtering/2.27/jersey-entity-filtering-2.27.jar:/home/user/.m2/repository/com/google/inject/extensions/guice-assistedinject/4.0/guice-assistedinject-4.0.jar:/home/user/.m2/repository/org/jooq/jooq/3.11.10/jooq-3.11.10.jar:/home/user/.m2/repository/org/jooq/jooq-meta/3.11.10/jooq-meta-3.11.10.jar:/home/user/.m2/repository/org/jooq/jooq-codegen/3.11.10/jooq-codegen-3.11.10.jar:/home/user/.m2/repository/com/jolbox/bonecp/0.8.0.RELEASE/bonecp-0.8.0.RELEASE.jar:/home/user/.m2/repository/org/springframework/spring-jdbc/5.1.3.RELEASE/spring-jdbc-5.1.3.RELEASE.jar:/home/user/.m2/repository/org/springframework/spring-beans/5.1.3.RELEASE/spring-beans-5.1.3.RELEASE.jar:/home/user/.m2/repository/org/springframework/spring-core/5.1.3.RELEASE/spring-core-5.1.3.RELEASE.jar:/home/user/.m2/repository/org/springframework/spring-jcl/5.1.3.RELEASE/spring-jcl-5.1.3.RELEASE.jar:/home/user/.m2/repository/org/springframework/spring-tx/5.1.3.RELEASE/spring-tx-5.1.3.RELEASE.jar:/home/user/.m2/repository/org/mockito/mockito-all/1.10.19/mockito-all-1.10.19.jar:/home/user/.m2/repository/junit/junit/4.11/junit-4.11.jar:/home/user/.m2/repository/org/hamcrest/hamcrest-core/1.3/hamcrest-core-1.3.jar:/home/user/.m2/repository/org/apache/hadoop/hadoop-distcp/3.2.0/hadoop-distcp-3.2.0.jar:/home/user/.m2/repository/org/apache/hadoop/hadoop-distcp/3.2.0/hadoop-distcp-3.2.0-tests.jar:/home/user/.m2/repository/org/apache/hadoop/hadoop-mapreduce-client-jobclient/3.2.0/hadoop-mapreduce-client-jobclient-3.2.0.jar:/home/user/.m2/repository/org/apache/hadoop/hadoop-mapreduce-client-common/3.2.0/hadoop-mapreduce-client-common-3.2.0.jar:/home/user/.m2/repository/org/apache/hadoop/hadoop-yarn-common/3.2.0/hadoop-yarn-common-3.2.0.jar:/home/user/.m2/repository/org/apache/hadoop/hadoop-yarn-api/3.2.0/hadoop-yarn-api-3.2.0.jar:/home/user/.m2/repository/com/sun/jersey/jersey-client/1.19/jersey-client-1.19.jar:/home/user/.m2/repository/com/sun/jersey/contribs/jersey-guice/1.19/jersey-guice-1.19.jar:/home/user/.m2/repository/com/fasterxml/jackson/jaxrs/jackson-jaxrs-json-provider/2.9.5/jackson-jaxrs-json-provider-2.9.5.jar:/home/user/.m2/repository/com/fasterxml/jackson/jaxrs/jackson-jaxrs-base/2.9.5/jackson-jaxrs-base-2.9.5.jar:/home/user/.m2/repository/org/apache/hadoop/hadoop-yarn-client/3.2.0/hadoop-yarn-client-3.2.0.jar:/home/user/.m2/repository/org/apache/hadoop/hadoop-mapreduce-client-core/3.2.0/hadoop-mapreduce-client-core-3.2.0.jar:/home/user/.m2/repository/com/google/inject/extensions/guice-servlet/4.0/guice-servlet-4.0.jar:/home/user/.m2/repository/org/powermock/powermock-module-junit4/1.6.5/powermock-module-junit4-1.6.5.jar:/home/user/.m2/repository/org/powermock/powermock-module-junit4-common/1.6.5/powermock-module-junit4-common-1.6.5.jar:/home/user/.m2/repository/org/powermock/powermock-core/1.6.5/powermock-core-1.6.5.jar:/home/user/.m2/repository/org/powermock/powermock-reflect/1.6.5/powermock-reflect-1.6.5.jar:/home/user/.m2/repository/org/powermock/powermock-api-mockito/1.6.5/powermock-api-mockito-1.6.5.jar:/home/user/.m2/repository/org/mockito/mockito-core/1.10.19/mockito-core-1.10.19.jar:/home/user/.m2/repository/org/objenesis/objenesis/1.0/objenesis-1.0.jar:/home/user/.m2/repository/org/powermock/powermock-api-mockito-common/1.6.5/powermock-api-mockito-common-1.6.5.jar:/home/user/.m2/repository/org/powermock/powermock-api-support/1.6.5/powermock-api-support-1.6.5.jar:"/>
    <property name="java.vm.vendor" value="IcedTea"/>
    <property name="sun.arch.data.model" value="64"/>
    <property name="test.build.dir" value="/workdir/hadoop-ozone/ozonefs/target/test-dir"/>
    <property name="test.cache.data" value=""/>
    <property name="java.vendor.url" value="https://icedtea.classpath.org"/>
    <property name="user.timezone" value=""/>
    <property name="java.vm.specification.version" value="1.8"/>
    <property name="os.name" value="Linux"/>
    <property name="test.build.data" value="/workdir/hadoop-ozone/ozonefs/target/test-dir"/>
    <property name="user.country" value="US"/>
    <property name="sun.java.launcher" value="SUN_STANDARD"/>
    <property name="sun.boot.library.path" value="/usr/lib/jvm/java-1.8-openjdk/jre/lib/amd64"/>
    <property name="sun.java.command" value="/workdir/hadoop-ozone/ozonefs/target/surefire/surefirebooter5200149637590532528.jar /workdir/hadoop-ozone/ozonefs/target/surefire 2019-09-20T03-51-17_086-jvmRun1 surefire773016183110866882tmp surefire_1132416326977150071731tmp"/>
    <property name="test" value="!TestMiniChaosOzoneCluster"/>
    <property name="surefire.test.class.path" value="/workdir/hadoop-ozone/ozonefs/target/test-classes:/workdir/hadoop-ozone/ozonefs/target/classes:/home/user/.m2/repository/org/apache/hadoop/hadoop-common/3.2.0/hadoop-common-3.2.0.jar:/home/user/.m2/repository/org/apache/hadoop/hadoop-annotations/3.2.0/hadoop-annotations-3.2.0.jar:/usr/lib/jvm/java-1.8-openjdk/jre/../lib/tools.jar:/home/user/.m2/repository/com/google/guava/guava/11.0.2/guava-11.0.2.jar:/home/user/.m2/repository/commons-cli/commons-cli/1.2/commons-cli-1.2.jar:/home/user/.m2/repository/org/apache/commons/commons-math3/3.1.1/commons-math3-3.1.1.jar:/home/user/.m2/repository/org/apache/httpcomponents/httpclient/4.5.2/httpclient-4.5.2.jar:/home/user/.m2/repository/org/apache/httpcomponents/httpcore/4.4.4/httpcore-4.4.4.jar:/home/user/.m2/repository/commons-codec/commons-codec/1.11/commons-codec-1.11.jar:/home/user/.m2/repository/commons-io/commons-io/2.5/commons-io-2.5.jar:/home/user/.m2/repository/commons-net/commons-net/3.6/commons-net-3.6.jar:/home/user/.m2/repository/commons-collections/commons-collections/3.2.2/commons-collections-3.2.2.jar:/home/user/.m2/repository/javax/servlet/javax.servlet-api/3.1.0/javax.servlet-api-3.1.0.jar:/home/user/.m2/repository/org/eclipse/jetty/jetty-server/9.3.24.v20180605/jetty-server-9.3.24.v20180605.jar:/home/user/.m2/repository/org/eclipse/jetty/jetty-http/9.3.24.v20180605/jetty-http-9.3.24.v20180605.jar:/home/user/.m2/repository/org/eclipse/jetty/jetty-io/9.3.24.v20180605/jetty-io-9.3.24.v20180605.jar:/home/user/.m2/repository/org/eclipse/jetty/jetty-util/9.3.24.v20180605/jetty-util-9.3.24.v20180605.jar:/home/user/.m2/repository/org/eclipse/jetty/jetty-servlet/9.3.24.v20180605/jetty-servlet-9.3.24.v20180605.jar:/home/user/.m2/repository/org/eclipse/jetty/jetty-security/9.3.24.v20180605/jetty-security-9.3.24.v20180605.jar:/home/user/.m2/repository/org/eclipse/jetty/jetty-webapp/9.3.24.v20180605/jetty-webapp-9.3.24.v20180605.jar:/home/user/.m2/repository/org/eclipse/jetty/jetty-xml/9.3.24.v20180605/jetty-xml-9.3.24.v20180605.jar:/home/user/.m2/repository/javax/servlet/jsp/jsp-api/2.1/jsp-api-2.1.jar:/home/user/.m2/repository/com/sun/jersey/jersey-core/1.19/jersey-core-1.19.jar:/home/user/.m2/repository/javax/ws/rs/jsr311-api/1.1.1/jsr311-api-1.1.1.jar:/home/user/.m2/repository/com/sun/jersey/jersey-servlet/1.19/jersey-servlet-1.19.jar:/home/user/.m2/repository/com/sun/jersey/jersey-json/1.19/jersey-json-1.19.jar:/home/user/.m2/repository/org/codehaus/jettison/jettison/1.1/jettison-1.1.jar:/home/user/.m2/repository/com/sun/xml/bind/jaxb-impl/2.3.0.1/jaxb-impl-2.3.0.1.jar:/home/user/.m2/repository/org/codehaus/jackson/jackson-core-asl/1.9.13/jackson-core-asl-1.9.13.jar:/home/user/.m2/repository/org/codehaus/jackson/jackson-mapper-asl/1.9.13/jackson-mapper-asl-1.9.13.jar:/home/user/.m2/repository/org/codehaus/jackson/jackson-jaxrs/1.9.13/jackson-jaxrs-1.9.13.jar:/home/user/.m2/repository/org/codehaus/jackson/jackson-xc/1.9.13/jackson-xc-1.9.13.jar:/home/user/.m2/repository/com/sun/jersey/jersey-server/1.19/jersey-server-1.19.jar:/home/user/.m2/repository/commons-logging/commons-logging/1.1.3/commons-logging-1.1.3.jar:/home/user/.m2/repository/log4j/log4j/1.2.17/log4j-1.2.17.jar:/home/user/.m2/repository/commons-beanutils/commons-beanutils/1.9.3/commons-beanutils-1.9.3.jar:/home/user/.m2/repository/org/apache/commons/commons-configuration2/2.1.1/commons-configuration2-2.1.1.jar:/home/user/.m2/repository/org/apache/commons/commons-lang3/3.7/commons-lang3-3.7.jar:/home/user/.m2/repository/org/apache/commons/commons-text/1.4/commons-text-1.4.jar:/home/user/.m2/repository/org/slf4j/slf4j-api/1.7.25/slf4j-api-1.7.25.jar:/home/user/.m2/repository/org/slf4j/slf4j-log4j12/1.7.25/slf4j-log4j12-1.7.25.jar:/home/user/.m2/repository/org/apache/avro/avro/1.7.7/avro-1.7.7.jar:/home/user/.m2/repository/com/thoughtworks/paranamer/paranamer/2.3/paranamer-2.3.jar:/home/user/.m2/repository/org/xerial/snappy/snappy-java/1.0.5/snappy-java-1.0.5.jar:/home/user/.m2/repository/com/google/re2j/re2j/1.1/re2j-1.1.jar:/home/user/.m2/repository/com/google/protobuf/protobuf-java/2.5.0/protobuf-java-2.5.0.jar:/home/user/.m2/repository/com/google/code/gson/gson/2.2.4/gson-2.2.4.jar:/home/user/.m2/repository/org/apache/hadoop/hadoop-auth/3.2.0/hadoop-auth-3.2.0.jar:/home/user/.m2/repository/com/nimbusds/nimbus-jose-jwt/4.41.1/nimbus-jose-jwt-4.41.1.jar:/home/user/.m2/repository/com/github/stephenc/jcip/jcip-annotations/1.0-1/jcip-annotations-1.0-1.jar:/home/user/.m2/repository/net/minidev/json-smart/2.3/json-smart-2.3.jar:/home/user/.m2/repository/net/minidev/accessors-smart/1.2/accessors-smart-1.2.jar:/home/user/.m2/repository/org/apache/curator/curator-framework/2.12.0/curator-framework-2.12.0.jar:/home/user/.m2/repository/com/jcraft/jsch/0.1.54/jsch-0.1.54.jar:/home/user/.m2/repository/org/apache/curator/curator-client/2.12.0/curator-client-2.12.0.jar:/home/user/.m2/repository/org/apache/curator/curator-recipes/2.12.0/curator-recipes-2.12.0.jar:/home/user/.m2/repository/com/google/code/findbugs/jsr305/3.0.0/jsr305-3.0.0.jar:/home/user/.m2/repository/org/apache/htrace/htrace-core4/4.1.0-incubating/htrace-core4-4.1.0-incubating.jar:/home/user/.m2/repository/org/apache/zookeeper/zookeeper/3.4.13/zookeeper-3.4.13.jar:/home/user/.m2/repository/org/apache/yetus/audience-annotations/0.5.0/audience-annotations-0.5.0.jar:/home/user/.m2/repository/org/apache/commons/commons-compress/1.4.1/commons-compress-1.4.1.jar:/home/user/.m2/repository/org/tukaani/xz/1.0/xz-1.0.jar:/home/user/.m2/repository/org/apache/kerby/kerb-simplekdc/1.0.1/kerb-simplekdc-1.0.1.jar:/home/user/.m2/repository/org/apache/kerby/kerb-client/1.0.1/kerb-client-1.0.1.jar:/home/user/.m2/repository/org/apache/kerby/kerby-config/1.0.1/kerby-config-1.0.1.jar:/home/user/.m2/repository/org/apache/kerby/kerb-core/1.0.1/kerb-core-1.0.1.jar:/home/user/.m2/repository/org/apache/kerby/kerby-pkix/1.0.1/kerby-pkix-1.0.1.jar:/home/user/.m2/repository/org/apache/kerby/kerby-asn1/1.0.1/kerby-asn1-1.0.1.jar:/home/user/.m2/repository/org/apache/kerby/kerby-util/1.0.1/kerby-util-1.0.1.jar:/home/user/.m2/repository/org/apache/kerby/kerb-common/1.0.1/kerb-common-1.0.1.jar:/home/user/.m2/repository/org/apache/kerby/kerb-crypto/1.0.1/kerb-crypto-1.0.1.jar:/home/user/.m2/repository/org/apache/kerby/kerb-util/1.0.1/kerb-util-1.0.1.jar:/home/user/.m2/repository/org/apache/kerby/token-provider/1.0.1/token-provider-1.0.1.jar:/home/user/.m2/repository/org/apache/kerby/kerb-admin/1.0.1/kerb-admin-1.0.1.jar:/home/user/.m2/repository/org/apache/kerby/kerb-server/1.0.1/kerb-server-1.0.1.jar:/home/user/.m2/repository/org/apache/kerby/kerb-identity/1.0.1/kerb-identity-1.0.1.jar:/home/user/.m2/repository/org/apache/kerby/kerby-xdr/1.0.1/kerby-xdr-1.0.1.jar:/home/user/.m2/repository/com/fasterxml/jackson/core/jackson-databind/2.9.5/jackson-databind-2.9.5.jar:/home/user/.m2/repository/com/fasterxml/jackson/core/jackson-annotations/2.9.5/jackson-annotations-2.9.5.jar:/home/user/.m2/repository/com/fasterxml/jackson/core/jackson-core/2.9.5/jackson-core-2.9.5.jar:/home/user/.m2/repository/org/codehaus/woodstox/stax2-api/3.1.4/stax2-api-3.1.4.jar:/home/user/.m2/repository/com/fasterxml/woodstox/woodstox-core/5.0.3/woodstox-core-5.0.3.jar:/home/user/.m2/repository/dnsjava/dnsjava/2.1.7/dnsjava-2.1.7.jar:/home/user/.m2/repository/org/apache/hadoop/hadoop-hdfs/3.2.0/hadoop-hdfs-3.2.0.jar:/home/user/.m2/repository/org/eclipse/jetty/jetty-util-ajax/9.3.24.v20180605/jetty-util-ajax-9.3.24.v20180605.jar:/home/user/.m2/repository/commons-daemon/commons-daemon/1.0.13/commons-daemon-1.0.13.jar:/home/user/.m2/repository/io/netty/netty/3.10.5.Final/netty-3.10.5.Final.jar:/home/user/.m2/repository/io/netty/netty-all/4.0.52.Final/netty-all-4.0.52.Final.jar:/home/user/.m2/repository/org/fusesource/leveldbjni/leveldbjni-all/1.8/leveldbjni-all-1.8.jar:/home/user/.m2/repository/org/apache/hadoop/hadoop-hdds-common/0.5.0-SNAPSHOT/hadoop-hdds-common-0.5.0-SNAPSHOT.jar:/home/user/.m2/repository/org/apache/hadoop/hadoop-hdds-config/0.5.0-SNAPSHOT/hadoop-hdds-config-0.5.0-SNAPSHOT.jar:/home/user/.m2/repository/javax/annotation/javax.annotation-api/1.2/javax.annotation-api-1.2.jar:/home/user/.m2/repository/org/apache/ratis/ratis-server/0.4.0-2337318-SNAPSHOT/ratis-server-0.4.0-2337318-SNAPSHOT.jar:/home/user/.m2/repository/org/apache/ratis/ratis-thirdparty-misc/0.2.0/ratis-thirdparty-misc-0.2.0.jar:/home/user/.m2/repository/org/apache/ratis/ratis-proto/0.4.0-2337318-SNAPSHOT/ratis-proto-0.4.0-2337318-SNAPSHOT.jar:/home/user/.m2/repository/org/apache/ratis/ratis-common/0.4.0-2337318-SNAPSHOT/ratis-common-0.4.0-2337318-SNAPSHOT.jar:/home/user/.m2/repository/org/apache/ratis/ratis-client/0.4.0-2337318-SNAPSHOT/ratis-client-0.4.0-2337318-SNAPSHOT.jar:/home/user/.m2/repository/org/apache/ratis/ratis-metrics/0.4.0-2337318-SNAPSHOT/ratis-metrics-0.4.0-2337318-SNAPSHOT.jar:/home/user/.m2/repository/org/apache/ratis/ratis-netty/0.4.0-2337318-SNAPSHOT/ratis-netty-0.4.0-2337318-SNAPSHOT.jar:/home/user/.m2/repository/org/apache/ratis/ratis-grpc/0.4.0-2337318-SNAPSHOT/ratis-grpc-0.4.0-2337318-SNAPSHOT.jar:/home/user/.m2/repository/org/rocksdb/rocksdbjni/6.0.1/rocksdbjni-6.0.1.jar:/home/user/.m2/repository/org/apache/logging/log4j/log4j-api/2.11.0/log4j-api-2.11.0.jar:/home/user/.m2/repository/org/apache/logging/log4j/log4j-core/2.11.0/log4j-core-2.11.0.jar:/home/user/.m2/repository/com/lmax/disruptor/3.4.2/disruptor-3.4.2.jar:/home/user/.m2/repository/org/apache/commons/commons-pool2/2.6.0/commons-pool2-2.6.0.jar:/home/user/.m2/repository/org/bouncycastle/bcpkix-jdk15on/1.60/bcpkix-jdk15on-1.60.jar:/home/user/.m2/repository/commons-validator/commons-validator/1.6/commons-validator-1.6.jar:/home/user/.m2/repository/commons-digester/commons-digester/1.8.1/commons-digester-1.8.1.jar:/home/user/.m2/repository/io/jaegertracing/jaeger-client/0.33.1/jaeger-client-0.33.1.jar:/home/user/.m2/repository/io/jaegertracing/jaeger-thrift/0.33.1/jaeger-thrift-0.33.1.jar:/home/user/.m2/repository/org/apache/thrift/libthrift/0.11.0/libthrift-0.11.0.jar:/home/user/.m2/repository/com/squareup/okhttp3/okhttp/3.9.0/okhttp-3.9.0.jar:/home/user/.m2/repository/com/squareup/okio/okio/1.13.0/okio-1.13.0.jar:/home/user/.m2/repository/io/jaegertracing/jaeger-core/0.33.1/jaeger-core-0.33.1.jar:/home/user/.m2/repository/io/jaegertracing/jaeger-tracerresolver/0.33.1/jaeger-tracerresolver-0.33.1.jar:/home/user/.m2/repository/io/opentracing/contrib/opentracing-tracerresolver/0.1.5/opentracing-tracerresolver-0.1.5.jar:/home/user/.m2/repository/io/opentracing/opentracing-util/0.31.0/opentracing-util-0.31.0.jar:/home/user/.m2/repository/io/opentracing/opentracing-api/0.31.0/opentracing-api-0.31.0.jar:/home/user/.m2/repository/io/opentracing/opentracing-noop/0.31.0/opentracing-noop-0.31.0.jar:/home/user/.m2/repository/org/yaml/snakeyaml/1.16/snakeyaml-1.16.jar:/home/user/.m2/repository/org/apache/hadoop/hadoop-hdfs-client/3.2.0/hadoop-hdfs-client-3.2.0.jar:/home/user/.m2/repository/info/picocli/picocli/3.9.6/picocli-3.9.6.jar:/home/user/.m2/repository/org/apache/hadoop/hadoop-hdds-server-scm/0.5.0-SNAPSHOT/hadoop-hdds-server-scm-0.5.0-SNAPSHOT.jar:/home/user/.m2/repository/org/apache/hadoop/hadoop-hdds-docs/0.5.0-SNAPSHOT/hadoop-hdds-docs-0.5.0-SNAPSHOT.jar:/home/user/.m2/repository/io/dropwizard/metrics/metrics-core/3.2.4/metrics-core-3.2.4.jar:/home/user/.m2/repository/org/hamcrest/hamcrest-all/1.3/hamcrest-all-1.3.jar:/home/user/.m2/repository/org/bouncycastle/bcprov-jdk15on/1.60/bcprov-jdk15on-1.60.jar:/home/user/.m2/repository/org/apache/hadoop/hadoop-hdds-server-framework/0.5.0-SNAPSHOT/hadoop-hdds-server-framework-0.5.0-SNAPSHOT.jar:/home/user/.m2/repository/org/apache/hadoop/hadoop-ozone-ozone-manager/0.5.0-SNAPSHOT/hadoop-ozone-ozone-manager-0.5.0-SNAPSHOT.jar:/home/user/.m2/repository/org/apache/hadoop/hadoop-hdds-container-service/0.5.0-SNAPSHOT/hadoop-hdds-container-service-0.5.0-SNAPSHOT.jar:/home/user/.m2/repository/org/apache/hadoop/hadoop-hdds-client/0.5.0-SNAPSHOT/hadoop-hdds-client-0.5.0-SNAPSHOT.jar:/home/user/.m2/repository/org/apache/hadoop/hadoop-ozone-common/0.5.0-SNAPSHOT/hadoop-ozone-common-0.5.0-SNAPSHOT.jar:/home/user/.m2/repository/org/apache/hadoop/hadoop-hdds-tools/0.5.0-SNAPSHOT/hadoop-hdds-tools-0.5.0-SNAPSHOT.jar:/home/user/.m2/repository/org/xerial/sqlite-jdbc/3.25.2/sqlite-jdbc-3.25.2.jar:/home/user/.m2/repository/org/apache/hadoop/hadoop-ozone-objectstore-service/0.5.0-SNAPSHOT/hadoop-ozone-objectstore-service-0.5.0-SNAPSHOT.jar:/home/user/.m2/repository/com/google/code/findbugs/findbugs/3.0.1/findbugs-3.0.1.jar:/home/user/.m2/repository/net/jcip/jcip-annotations/1.0/jcip-annotations-1.0.jar:/home/user/.m2/repository/com/google/code/findbugs/bcel-findbugs/6.0/bcel-findbugs-6.0.jar:/home/user/.m2/repository/com/google/code/findbugs/jFormatString/2.0.1/jFormatString-2.0.1.jar:/home/user/.m2/repository/dom4j/dom4j/1.6.1/dom4j-1.6.1.jar:/home/user/.m2/repository/xml-apis/xml-apis/1.0.b2/xml-apis-1.0.b2.jar:/home/user/.m2/repository/org/ow2/asm/asm-debug-all/5.0.2/asm-debug-all-5.0.2.jar:/home/user/.m2/repository/org/ow2/asm/asm-commons/5.0.2/asm-commons-5.0.2.jar:/home/user/.m2/repository/org/ow2/asm/asm-tree/5.0.2/asm-tree-5.0.2.jar:/home/user/.m2/repository/org/ow2/asm/asm/5.0.4/asm-5.0.4.jar:/home/user/.m2/repository/commons-lang/commons-lang/2.6/commons-lang-2.6.jar:/home/user/.m2/repository/com/apple/AppleJavaExtensions/1.4/AppleJavaExtensions-1.4.jar:/home/user/.m2/repository/jaxen/jaxen/1.1.6/jaxen-1.1.6.jar:/home/user/.m2/repository/org/apache/hadoop/hadoop-common/3.2.0/hadoop-common-3.2.0-tests.jar:/home/user/.m2/repository/org/apache/hadoop/hadoop-ozone-client/0.5.0-SNAPSHOT/hadoop-ozone-client-0.5.0-SNAPSHOT.jar:/home/user/.m2/repository/org/apache/hadoop/hadoop-hdfs/3.2.0/hadoop-hdfs-3.2.0-tests.jar:/workdir/hadoop-ozone/integration-test/target/test-classes:/home/user/.m2/repository/org/apache/hadoop/hadoop-ozone-s3gateway/0.5.0-SNAPSHOT/hadoop-ozone-s3gateway-0.5.0-SNAPSHOT.jar:/home/user/.m2/repository/org/jboss/weld/servlet/weld-servlet/2.4.7.Final/weld-servlet-2.4.7.Final.jar:/home/user/.m2/repository/org/glassfish/jersey/containers/jersey-container-servlet-core/2.27/jersey-container-servlet-core-2.27.jar:/home/user/.m2/repository/org/glassfish/hk2/external/javax.inject/2.5.0-b42/javax.inject-2.5.0-b42.jar:/home/user/.m2/repository/org/glassfish/jersey/core/jersey-common/2.27/jersey-common-2.27.jar:/home/user/.m2/repository/org/glassfish/hk2/osgi-resource-locator/1.0.1/osgi-resource-locator-1.0.1.jar:/home/user/.m2/repository/javax/ws/rs/javax.ws.rs-api/2.1/javax.ws.rs-api-2.1.jar:/home/user/.m2/repository/org/glassfish/jersey/ext/cdi/jersey-cdi1x/2.27/jersey-cdi1x-2.27.jar:/home/user/.m2/repository/org/glassfish/jersey/inject/jersey-hk2/2.27/jersey-hk2-2.27.jar:/home/user/.m2/repository/org/glassfish/hk2/hk2-locator/2.5.0-b42/hk2-locator-2.5.0-b42.jar:/home/user/.m2/repository/org/javassist/javassist/3.22.0-CR2/javassist-3.22.0-CR2.jar:/home/user/.m2/repository/org/glassfish/hk2/hk2-api/2.5.0/hk2-api-2.5.0.jar:/home/user/.m2/repository/org/glassfish/hk2/external/jakarta.inject/2.5.0/jakarta.inject-2.5.0.jar:/home/user/.m2/repository/org/glassfish/hk2/hk2-utils/2.5.0/hk2-utils-2.5.0.jar:/home/user/.m2/repository/jakarta/annotation/jakarta.annotation-api/1.3.4/jakarta.annotation-api-1.3.4.jar:/home/user/.m2/repository/org/glassfish/hk2/external/aopalliance-repackaged/2.5.0/aopalliance-repackaged-2.5.0.jar:/home/user/.m2/repository/com/fasterxml/jackson/dataformat/jackson-dataformat-xml/2.9.0/jackson-dataformat-xml-2.9.0.jar:/home/user/.m2/repository/com/fasterxml/jackson/module/jackson-module-jaxb-annotations/2.9.5/jackson-module-jaxb-annotations-2.9.5.jar:/home/user/.m2/repository/javax/enterprise/cdi-api/1.2/cdi-api-1.2.jar:/home/user/.m2/repository/javax/el/javax.el-api/3.0.0/javax.el-api-3.0.0.jar:/home/user/.m2/repository/javax/interceptor/javax.interceptor-api/1.2/javax.interceptor-api-1.2.jar:/home/user/.m2/repository/javax/inject/javax.inject/1/javax.inject-1.jar:/home/user/.m2/repository/com/sun/xml/bind/jaxb-core/2.3.0.1/jaxb-core-2.3.0.1.jar:/home/user/.m2/repository/javax/xml/bind/jaxb-api/2.3.0/jaxb-api-2.3.0.jar:/home/user/.m2/repository/javax/activation/activation/1.1.1/activation-1.1.1.jar:/home/user/.m2/repository/org/apache/hadoop/hadoop-ozone-csi/0.5.0-SNAPSHOT/hadoop-ozone-csi-0.5.0-SNAPSHOT.jar:/home/user/.m2/repository/com/google/protobuf/protobuf-java-util/3.5.1/protobuf-java-util-3.5.1.jar:/home/user/.m2/repository/io/grpc/grpc-netty/1.17.1/grpc-netty-1.17.1.jar:/home/user/.m2/repository/io/grpc/grpc-core/1.17.1/grpc-core-1.17.1.jar:/home/user/.m2/repository/io/grpc/grpc-context/1.17.1/grpc-context-1.17.1.jar:/home/user/.m2/repository/com/google/errorprone/error_prone_annotations/2.2.0/error_prone_annotations-2.2.0.jar:/home/user/.m2/repository/org/codehaus/mojo/animal-sniffer-annotations/1.17/animal-sniffer-annotations-1.17.jar:/home/user/.m2/repository/io/opencensus/opencensus-api/0.17.0/opencensus-api-0.17.0.jar:/home/user/.m2/repository/io/opencensus/opencensus-contrib-grpc-metrics/0.17.0/opencensus-contrib-grpc-metrics-0.17.0.jar:/home/user/.m2/repository/io/netty/netty-codec-http2/4.1.30.Final/netty-codec-http2-4.1.30.Final.jar:/home/user/.m2/repository/io/netty/netty-codec-http/4.1.30.Final/netty-codec-http-4.1.30.Final.jar:/home/user/.m2/repository/io/netty/netty-codec/4.1.30.Final/netty-codec-4.1.30.Final.jar:/home/user/.m2/repository/io/netty/netty-handler/4.1.30.Final/netty-handler-4.1.30.Final.jar:/home/user/.m2/repository/io/netty/netty-handler-proxy/4.1.30.Final/netty-handler-proxy-4.1.30.Final.jar:/home/user/.m2/repository/io/netty/netty-codec-socks/4.1.30.Final/netty-codec-socks-4.1.30.Final.jar:/home/user/.m2/repository/io/netty/netty-transport-native-epoll/4.1.30.Final/netty-transport-native-epoll-4.1.30.Final.jar:/home/user/.m2/repository/io/netty/netty-common/4.1.30.Final/netty-common-4.1.30.Final.jar:/home/user/.m2/repository/io/netty/netty-buffer/4.1.30.Final/netty-buffer-4.1.30.Final.jar:/home/user/.m2/repository/io/netty/netty-transport/4.1.30.Final/netty-transport-4.1.30.Final.jar:/home/user/.m2/repository/io/netty/netty-resolver/4.1.30.Final/netty-resolver-4.1.30.Final.jar:/home/user/.m2/repository/io/netty/netty-transport-native-unix-common/4.1.30.Final/netty-transport-native-unix-common-4.1.30.Final.jar:/home/user/.m2/repository/io/grpc/grpc-protobuf/1.17.1/grpc-protobuf-1.17.1.jar:/home/user/.m2/repository/com/google/api/grpc/proto-google-common-protos/1.0.0/proto-google-common-protos-1.0.0.jar:/home/user/.m2/repository/io/grpc/grpc-protobuf-lite/1.17.1/grpc-protobuf-lite-1.17.1.jar:/home/user/.m2/repository/io/grpc/grpc-stub/1.17.1/grpc-stub-1.17.1.jar:/home/user/.m2/repository/org/apache/hadoop/hadoop-ozone-recon/0.5.0-SNAPSHOT/hadoop-ozone-recon-0.5.0-SNAPSHOT.jar:/home/user/.m2/repository/org/apache/hadoop/hadoop-ozone-reconcodegen/0.5.0-SNAPSHOT/hadoop-ozone-reconcodegen-0.5.0-SNAPSHOT.jar:/home/user/.m2/repository/com/google/inject/extensions/guice-multibindings/4.0/guice-multibindings-4.0.jar:/home/user/.m2/repository/com/google/inject/guice/4.0/guice-4.0.jar:/home/user/.m2/repository/aopalliance/aopalliance/1.0/aopalliance-1.0.jar:/home/user/.m2/repository/org/glassfish/jersey/containers/jersey-container-servlet/2.27/jersey-container-servlet-2.27.jar:/home/user/.m2/repository/org/glassfish/hk2/guice-bridge/2.5.0/guice-bridge-2.5.0.jar:/home/user/.m2/repository/org/glassfish/jersey/core/jersey-server/2.27/jersey-server-2.27.jar:/home/user/.m2/repository/org/glassfish/jersey/core/jersey-client/2.27/jersey-client-2.27.jar:/home/user/.m2/repository/org/glassfish/jersey/media/jersey-media-jaxb/2.27/jersey-media-jaxb-2.27.jar:/home/user/.m2/repository/javax/validation/validation-api/1.1.0.Final/validation-api-1.1.0.Final.jar:/home/user/.m2/repository/org/glassfish/jersey/media/jersey-media-json-jackson/2.27/jersey-media-json-jackson-2.27.jar:/home/user/.m2/repository/org/glassfish/jersey/ext/jersey-entity-filtering/2.27/jersey-entity-filtering-2.27.jar:/home/user/.m2/repository/com/google/inject/extensions/guice-assistedinject/4.0/guice-assistedinject-4.0.jar:/home/user/.m2/repository/org/jooq/jooq/3.11.10/jooq-3.11.10.jar:/home/user/.m2/repository/org/jooq/jooq-meta/3.11.10/jooq-meta-3.11.10.jar:/home/user/.m2/repository/org/jooq/jooq-codegen/3.11.10/jooq-codegen-3.11.10.jar:/home/user/.m2/repository/com/jolbox/bonecp/0.8.0.RELEASE/bonecp-0.8.0.RELEASE.jar:/home/user/.m2/repository/org/springframework/spring-jdbc/5.1.3.RELEASE/spring-jdbc-5.1.3.RELEASE.jar:/home/user/.m2/repository/org/springframework/spring-beans/5.1.3.RELEASE/spring-beans-5.1.3.RELEASE.jar:/home/user/.m2/repository/org/springframework/spring-core/5.1.3.RELEASE/spring-core-5.1.3.RELEASE.jar:/home/user/.m2/repository/org/springframework/spring-jcl/5.1.3.RELEASE/spring-jcl-5.1.3.RELEASE.jar:/home/user/.m2/repository/org/springframework/spring-tx/5.1.3.RELEASE/spring-tx-5.1.3.RELEASE.jar:/home/user/.m2/repository/org/mockito/mockito-all/1.10.19/mockito-all-1.10.19.jar:/home/user/.m2/repository/junit/junit/4.11/junit-4.11.jar:/home/user/.m2/repository/org/hamcrest/hamcrest-core/1.3/hamcrest-core-1.3.jar:/home/user/.m2/repository/org/apache/hadoop/hadoop-distcp/3.2.0/hadoop-distcp-3.2.0.jar:/home/user/.m2/repository/org/apache/hadoop/hadoop-distcp/3.2.0/hadoop-distcp-3.2.0-tests.jar:/home/user/.m2/repository/org/apache/hadoop/hadoop-mapreduce-client-jobclient/3.2.0/hadoop-mapreduce-client-jobclient-3.2.0.jar:/home/user/.m2/repository/org/apache/hadoop/hadoop-mapreduce-client-common/3.2.0/hadoop-mapreduce-client-common-3.2.0.jar:/home/user/.m2/repository/org/apache/hadoop/hadoop-yarn-common/3.2.0/hadoop-yarn-common-3.2.0.jar:/home/user/.m2/repository/org/apache/hadoop/hadoop-yarn-api/3.2.0/hadoop-yarn-api-3.2.0.jar:/home/user/.m2/repository/com/sun/jersey/jersey-client/1.19/jersey-client-1.19.jar:/home/user/.m2/repository/com/sun/jersey/contribs/jersey-guice/1.19/jersey-guice-1.19.jar:/home/user/.m2/repository/com/fasterxml/jackson/jaxrs/jackson-jaxrs-json-provider/2.9.5/jackson-jaxrs-json-provider-2.9.5.jar:/home/user/.m2/repository/com/fasterxml/jackson/jaxrs/jackson-jaxrs-base/2.9.5/jackson-jaxrs-base-2.9.5.jar:/home/user/.m2/repository/org/apache/hadoop/hadoop-yarn-client/3.2.0/hadoop-yarn-client-3.2.0.jar:/home/user/.m2/repository/org/apache/hadoop/hadoop-mapreduce-client-core/3.2.0/hadoop-mapreduce-client-core-3.2.0.jar:/home/user/.m2/repository/com/google/inject/extensions/guice-servlet/4.0/guice-servlet-4.0.jar:/home/user/.m2/repository/org/powermock/powermock-module-junit4/1.6.5/powermock-module-junit4-1.6.5.jar:/home/user/.m2/repository/org/powermock/powermock-module-junit4-common/1.6.5/powermock-module-junit4-common-1.6.5.jar:/home/user/.m2/repository/org/powermock/powermock-core/1.6.5/powermock-core-1.6.5.jar:/home/user/.m2/repository/org/powermock/powermock-reflect/1.6.5/powermock-reflect-1.6.5.jar:/home/user/.m2/repository/org/powermock/powermock-api-mockito/1.6.5/powermock-api-mockito-1.6.5.jar:/home/user/.m2/repository/org/mockito/mockito-core/1.10.19/mockito-core-1.10.19.jar:/home/user/.m2/repository/org/objenesis/objenesis/1.0/objenesis-1.0.jar:/home/user/.m2/repository/org/powermock/powermock-api-mockito-common/1.6.5/powermock-api-mockito-common-1.6.5.jar:/home/user/.m2/repository/org/powermock/powermock-api-support/1.6.5/powermock-api-support-1.6.5.jar:"/>
    <property name="sun.cpu.endian" value="little"/>
    <property name="user.home" value="/home/user"/>
    <property name="user.language" value="en"/>
    <property name="java.specification.vendor" value="Oracle Corporation"/>
    <property name="java.home" value="/usr/lib/jvm/java-1.8-openjdk/jre"/>
    <property name="java.security.krb5.conf" value="/workdir/hadoop-ozone/ozonefs/target/test-classes/krb5.conf"/>
    <property name="basedir" value="/workdir/hadoop-ozone/ozonefs"/>
    <property name="file.separator" value="/"/>
    <property name="line.separator" value="&#10;"/>
    <property name="java.vm.specification.vendor" value="Oracle Corporation"/>
    <property name="java.specification.name" value="Java Platform API Specification"/>
    <property name="java.awt.graphicsenv" value="sun.awt.X11GraphicsEnvironment"/>
    <property name="surefire.real.class.path" value="/workdir/hadoop-ozone/ozonefs/target/surefire/surefirebooter5200149637590532528.jar"/>
    <property name="hadoop.log.dir" value="/workdir/hadoop-ozone/ozonefs/target/log"/>
    <property name="sun.boot.class.path" value="/usr/lib/jvm/java-1.8-openjdk/jre/lib/resources.jar:/usr/lib/jvm/java-1.8-openjdk/jre/lib/rt.jar:/usr/lib/jvm/java-1.8-openjdk/jre/lib/sunrsasign.jar:/usr/lib/jvm/java-1.8-openjdk/jre/lib/jsse.jar:/usr/lib/jvm/java-1.8-openjdk/jre/lib/jce.jar:/usr/lib/jvm/java-1.8-openjdk/jre/lib/charsets.jar:/usr/lib/jvm/java-1.8-openjdk/jre/lib/jfr.jar:/usr/lib/jvm/java-1.8-openjdk/jre/classes"/>
    <property name="sun.management.compiler" value="HotSpot 64-Bit Tiered Compilers"/>
    <property name="java.runtime.version" value="1.8.0_212-b04"/>
    <property name="java.net.preferIPv4Stack" value="true"/>
    <property name="user.name" value="jenkins1000"/>
    <property name="path.separator" value=":"/>
    <property name="java.security.egd" value="file:///dev/urandom"/>
    <property name="os.version" value="3.10.0-957.12.2.el7.x86_64"/>
    <property name="java.endorsed.dirs" value="/usr/lib/jvm/java-1.8-openjdk/jre/lib/endorsed"/>
    <property name="java.runtime.name" value="OpenJDK Runtime Environment"/>
    <property name="file.encoding" value="UTF-8"/>
    <property name="java.vm.name" value="OpenJDK 64-Bit Server VM"/>
    <property name="test.build.webapps" value=""/>
    <property name="localRepository" value="/home/user/.m2/repository"/>
    <property name="java.vendor.url.bug" value="https://icedtea.classpath.org/bugzilla"/>
    <property name="java.io.tmpdir" value="/tmp"/>
    <property name="require.test.libhadoop" value=""/>
    <property name="java.version" value="1.8.0_212"/>
    <property name="user.dir" value="/workdir/hadoop-ozone/ozonefs"/>
    <property name="os.arch" value="amd64"/>
    <property name="java.vm.specification.name" value="Java Virtual Machine Specification"/>
    <property name="test.build.classes" value="/workdir/hadoop-ozone/ozonefs/target/test-classes"/>
    <property name="java.awt.printerjob" value="sun.print.PSPrinterJob"/>
    <property name="sun.os.patch.level" value="unknown"/>
    <property name="hadoop.tmp.dir" value="/workdir/hadoop-ozone/ozonefs/target/tmp"/>
    <property name="java.library.path" value="/usr/lib/jvm/java-1.8-openjdk/jre/lib/amd64/server:/usr/lib/jvm/java-1.8-openjdk/jre/lib/amd64:/usr/lib/jvm/java-1.8-openjdk/jre/../lib/amd64:/workdir/hadoop-ozone/ozonefs/target/native/target/usr/local/lib:/workdir/hadoop-ozone/ozonefs/../../hadoop-common-project/hadoop-common/target/native/target/usr/local/lib:/usr/java/packages/lib/amd64:/usr/lib64:/lib64:/lib:/usr/lib"/>
    <property name="java.vm.info" value="mixed mode"/>
    <property name="java.vendor" value="IcedTea"/>
    <property name="java.vm.version" value="25.212-b04"/>
    <property name="java.ext.dirs" value="/usr/lib/jvm/java-1.8-openjdk/jre/lib/ext:/usr/java/packages/lib/ext"/>
    <property name="sun.io.unicode.encoding" value="UnicodeLittle"/>
    <property name="java.class.version" value="52.0"/>
  </properties>
  <testcase name="org.apache.hadoop.fs.ozone.TestOzoneFSInputStream" classname="org.apache.hadoop.fs.ozone.TestOzoneFSInputStream" time="49.956">
    <error message="Allocated 0 blocks. Requested 1 blocks" type="INTERNAL_ERROR org.apache.hadoop.ozone.om.exceptions.OMException">INTERNAL_ERROR org.apache.hadoop.ozone.om.exceptions.OMException: Allocated 0 blocks. Requested 1 blocks
	at org.apache.hadoop.ozone.om.protocolPB.OzoneManagerProtocolClientSideTranslatorPB.handleError(OzoneManagerProtocolClientSideTranslatorPB.java:725)
	at org.apache.hadoop.ozone.om.protocolPB.OzoneManagerProtocolClientSideTranslatorPB.createFile(OzoneManagerProtocolClientSideTranslatorPB.java:1474)
	at org.apache.hadoop.ozone.client.rpc.RpcClient.createFile(RpcClient.java:984)
	at org.apache.hadoop.ozone.client.OzoneBucket.createFile(OzoneBucket.java:535)
	at org.apache.hadoop.fs.ozone.BasicOzoneClientAdapterImpl.createFile(BasicOzoneClientAdapterImpl.java:181)
	at org.apache.hadoop.fs.ozone.BasicOzoneFileSystem.createOutputStream(BasicOzoneFileSystem.java:249)
	at org.apache.hadoop.fs.ozone.BasicOzoneFileSystem.create(BasicOzoneFileSystem.java:230)
	at org.apache.hadoop.fs.FileSystem.create(FileSystem.java:1118)
	at org.apache.hadoop.fs.FileSystem.create(FileSystem.java:1098)
	at org.apache.hadoop.fs.FileSystem.create(FileSystem.java:987)
	at org.apache.hadoop.fs.FileSystem.create(FileSystem.java:975)
	at org.apache.hadoop.fs.ozone.TestOzoneFSInputStream.init(TestOzoneFSInputStream.java:103)
	at sun.reflect.NativeMethodAccessorImpl.invoke0(Native Method)
	at sun.reflect.NativeMethodAccessorImpl.invoke(NativeMethodAccessorImpl.java:62)
	at sun.reflect.DelegatingMethodAccessorImpl.invoke(DelegatingMethodAccessorImpl.java:43)
	at java.lang.reflect.Method.invoke(Method.java:498)
	at org.junit.runners.model.FrameworkMethod$1.runReflectiveCall(FrameworkMethod.java:47)
	at org.junit.internal.runners.model.ReflectiveCallable.run(ReflectiveCallable.java:12)
	at org.junit.runners.model.FrameworkMethod.invokeExplosively(FrameworkMethod.java:44)
	at org.junit.internal.runners.statements.RunBefores.evaluate(RunBefores.java:24)
	at org.junit.internal.runners.statements.RunAfters.evaluate(RunAfters.java:27)
	at org.junit.runners.ParentRunner.run(ParentRunner.java:309)
	at org.apache.maven.surefire.junit4.JUnit4Provider.execute(JUnit4Provider.java:365)
	at org.apache.maven.surefire.junit4.JUnit4Provider.executeWithRerun(JUnit4Provider.java:273)
	at org.apache.maven.surefire.junit4.JUnit4Provider.executeTestSet(JUnit4Provider.java:238)
	at org.apache.maven.surefire.junit4.JUnit4Provider.invoke(JUnit4Provider.java:159)
	at org.apache.maven.surefire.booter.ForkedBooter.invokeProviderInSameClassLoader(ForkedBooter.java:384)
	at org.apache.maven.surefire.booter.ForkedBooter.runSuitesInProcess(ForkedBooter.java:345)
	at org.apache.maven.surefire.booter.ForkedBooter.execute(ForkedBooter.java:126)
	at org.apache.maven.surefire.booter.ForkedBooter.main(ForkedBooter.java:418)
</error>
    <system-out><![CDATA[2019-09-20 08:45:55,627 [main] WARN  server.ServerUtils (ServerUtils.java:getScmDbDir(145)) - ozone.scm.db.dirs is not configured. We recommend adding this setting. Falling back to ozone.metadata.dirs instead.
2019-09-20 08:45:55,756 [main] WARN  server.ServerUtils (ServerUtils.java:getScmDbDir(145)) - ozone.scm.db.dirs is not configured. We recommend adding this setting. Falling back to ozone.metadata.dirs instead.
2019-09-20 08:45:55,760 [main] WARN  server.ServerUtils (ServerUtils.java:getScmDbDir(145)) - ozone.scm.db.dirs is not configured. We recommend adding this setting. Falling back to ozone.metadata.dirs instead.
2019-09-20 08:45:55,780 [main] INFO  util.log (Log.java:initialized(192)) - Logging initialized @829ms
2019-09-20 08:45:55,884 [main] INFO  db.DBStoreBuilder (DBStoreBuilder.java:addTable(110)) - using custom profile for table: deletedBlocks
2019-09-20 08:45:55,885 [main] INFO  db.DBStoreBuilder (DBStoreBuilder.java:processTables(161)) - Using default column profile:DBProfile.DISK for Table:deletedBlocks
2019-09-20 08:45:55,885 [main] INFO  db.DBStoreBuilder (DBStoreBuilder.java:addTable(110)) - using custom profile for table: validCerts
2019-09-20 08:45:55,885 [main] INFO  db.DBStoreBuilder (DBStoreBuilder.java:processTables(161)) - Using default column profile:DBProfile.DISK for Table:validCerts
2019-09-20 08:45:55,886 [main] INFO  db.DBStoreBuilder (DBStoreBuilder.java:addTable(110)) - using custom profile for table: revokedCerts
2019-09-20 08:45:55,886 [main] INFO  db.DBStoreBuilder (DBStoreBuilder.java:processTables(161)) - Using default column profile:DBProfile.DISK for Table:revokedCerts
2019-09-20 08:45:55,898 [main] INFO  db.DBStoreBuilder (DBStoreBuilder.java:addTable(110)) - using custom profile for table: default
2019-09-20 08:45:55,898 [main] INFO  db.DBStoreBuilder (DBStoreBuilder.java:processTables(167)) - Using default column profile:DBProfile.DISK for Table:default
2019-09-20 08:45:55,900 [main] INFO  db.DBStoreBuilder (DBStoreBuilder.java:getDbProfile(198)) - Using default options. DBProfile.DISK
2019-09-20 08:45:56,174 [main] INFO  net.NodeSchemaLoader (NodeSchemaLoader.java:loadSchemaFromFile(125)) - Loading file from sun.misc.CompoundEnumeration@62150f9e
2019-09-20 08:45:56,176 [main] INFO  net.NodeSchemaLoader (NodeSchemaLoader.java:loadSchema(171)) - Loading network topology layer schema file
2019-09-20 08:45:56,273 [main] WARN  server.ServerUtils (ServerUtils.java:sanitizeUserArgs(70)) - ozone.scm.stale.node.interval value = 300000 is larger than max = 100000 based on the key value of ozone.scm.heartbeat.thread.interval, reset to the max value 100000.
2019-09-20 08:45:56,275 [main] WARN  server.ServerUtils (ServerUtils.java:sanitizeUserArgs(70)) - ozone.scm.stale.node.interval value = 300000 is larger than max = 100000 based on the key value of ozone.scm.heartbeat.thread.interval, reset to the max value 100000.
2019-09-20 08:45:56,278 [main] INFO  node.SCMNodeManager (SCMNodeManager.java:<init>(121)) - Entering startup safe mode.
2019-09-20 08:45:56,443 [main] INFO  algorithms.ContainerPlacementPolicyFactory (ContainerPlacementPolicyFactory.java:getPolicy(56)) - Create container placement policy of type org.apache.hadoop.hdds.scm.container.placement.algorithms.SCMContainerPlacementRandom
2019-09-20 08:45:56,461 [main] WARN  server.ServerUtils (ServerUtils.java:getScmDbDir(145)) - ozone.scm.db.dirs is not configured. We recommend adding this setting. Falling back to ozone.metadata.dirs instead.
2019-09-20 08:45:56,591 [main] INFO  pipeline.SCMPipelineManager (SCMPipelineManager.java:initializePipelineState(126)) - No pipeline exists in current db
2019-09-20 08:45:56,597 [main] WARN  server.ServerUtils (ServerUtils.java:getScmDbDir(145)) - ozone.scm.db.dirs is not configured. We recommend adding this setting. Falling back to ozone.metadata.dirs instead.
2019-09-20 08:45:56,761 [main] WARN  events.EventQueue (EventQueue.java:fireEvent(175)) - No event handler registered for event TypedEvent{payloadType=SafeModeStatus, name='SafeModeStatus'}
2019-09-20 08:45:57,642 [main] INFO  ipc.CallQueueManager (CallQueueManager.java:<init>(84)) - Using callQueue: class java.util.concurrent.LinkedBlockingQueue, queueCapacity: 2000, scheduler: class org.apache.hadoop.ipc.DefaultRpcScheduler, ipcBackoff: false.
2019-09-20 08:45:57,682 [Socket Reader #1 for port 36551] INFO  ipc.Server (Server.java:run(1074)) - Starting Socket Reader #1 for port 36551
2019-09-20 08:45:57,711 [main] INFO  ipc.CallQueueManager (CallQueueManager.java:<init>(84)) - Using callQueue: class java.util.concurrent.LinkedBlockingQueue, queueCapacity: 2000, scheduler: class org.apache.hadoop.ipc.DefaultRpcScheduler, ipcBackoff: false.
2019-09-20 08:45:57,712 [Socket Reader #1 for port 45670] INFO  ipc.Server (Server.java:run(1074)) - Starting Socket Reader #1 for port 45670
2019-09-20 08:45:57,722 [main] INFO  ipc.CallQueueManager (CallQueueManager.java:<init>(84)) - Using callQueue: class java.util.concurrent.LinkedBlockingQueue, queueCapacity: 2000, scheduler: class org.apache.hadoop.ipc.DefaultRpcScheduler, ipcBackoff: false.
2019-09-20 08:45:57,723 [Socket Reader #1 for port 37058] INFO  ipc.Server (Server.java:run(1074)) - Starting Socket Reader #1 for port 37058
2019-09-20 08:45:57,747 [main] INFO  hdfs.DFSUtil (DFSUtil.java:httpServerTemplateForNNAndJN(1641)) - Starting Web-server for scm at: http://0.0.0.0:0
2019-09-20 08:45:57,879 [main] INFO  server.AuthenticationFilter (AuthenticationFilter.java:constructSecretProvider(240)) - Unable to initialize FileSignerSecretProvider, falling back to use random secrets.
2019-09-20 08:45:57,894 [main] WARN  http.HttpRequestLog (HttpRequestLog.java:getRequestLog(97)) - Jetty request log can only be enabled using Log4j
2019-09-20 08:45:57,903 [main] INFO  http.HttpServer2 (HttpServer2.java:addGlobalFilter(975)) - Added global filter 'safety' (class=org.apache.hadoop.http.HttpServer2$QuotingInputFilter)
2019-09-20 08:45:57,905 [main] INFO  http.HttpServer2 (HttpServer2.java:addFilter(948)) - Added filter static_user_filter (class=org.apache.hadoop.http.lib.StaticUserWebFilter$StaticUserFilter) to context scm
2019-09-20 08:45:57,906 [main] INFO  http.HttpServer2 (HttpServer2.java:addFilter(958)) - Added filter static_user_filter (class=org.apache.hadoop.http.lib.StaticUserWebFilter$StaticUserFilter) to context logs
2019-09-20 08:45:57,906 [main] INFO  http.HttpServer2 (HttpServer2.java:addFilter(958)) - Added filter static_user_filter (class=org.apache.hadoop.http.lib.StaticUserWebFilter$StaticUserFilter) to context static
2019-09-20 08:45:57,930 [main] INFO  server.StorageContainerManager (StorageContainerManager.java:start(759)) - StorageContainerLocationProtocol RPC server is listening at /0.0.0.0:37058
2019-09-20 08:45:57,977 [main] WARN  impl.MetricsConfig (MetricsConfig.java:loadFirst(134)) - Cannot locate configuration: tried hadoop-metrics2-storagecontainermanager.properties,hadoop-metrics2.properties
2019-09-20 08:45:57,989 [main] INFO  impl.MetricsSystemImpl (MetricsSystemImpl.java:startTimer(374)) - Scheduled Metric snapshot period at 10 second(s).
2019-09-20 08:45:57,989 [main] INFO  impl.MetricsSystemImpl (MetricsSystemImpl.java:start(191)) - StorageContainerManager metrics system started
2019-09-20 08:45:58,202 [main] INFO  server.SCMClientProtocolServer (SCMClientProtocolServer.java:start(151)) - RPC server for Client  is listening at /0.0.0.0:37058
2019-09-20 08:45:58,202 [IPC Server Responder] INFO  ipc.Server (Server.java:run(1314)) - IPC Server Responder: starting
2019-09-20 08:45:58,203 [IPC Server listener on 37058] INFO  ipc.Server (Server.java:run(1153)) - IPC Server listener on 37058: starting
2019-09-20 08:45:58,207 [main] INFO  server.StorageContainerManager (StorageContainerManager.java:start(769)) - ScmBlockLocationProtocol RPC server is listening at /0.0.0.0:45670
2019-09-20 08:45:58,207 [main] INFO  server.SCMBlockProtocolServer (SCMBlockProtocolServer.java:start(140)) - RPC server for Block Protocol is listening at /0.0.0.0:45670
2019-09-20 08:45:58,208 [IPC Server Responder] INFO  ipc.Server (Server.java:run(1314)) - IPC Server Responder: starting
2019-09-20 08:45:58,208 [IPC Server listener on 45670] INFO  ipc.Server (Server.java:run(1153)) - IPC Server listener on 45670: starting
2019-09-20 08:45:58,211 [main] INFO  server.StorageContainerManager (StorageContainerManager.java:start(773)) - ScmDatanodeProtocl RPC server is listening at /0.0.0.0:36551
2019-09-20 08:45:58,211 [main] INFO  server.SCMDatanodeProtocolServer (SCMDatanodeProtocolServer.java:start(191)) - RPC server for DataNodes is listening at /0.0.0.0:36551
2019-09-20 08:45:58,212 [IPC Server Responder] INFO  ipc.Server (Server.java:run(1314)) - IPC Server Responder: starting
2019-09-20 08:45:58,212 [IPC Server listener on 36551] INFO  ipc.Server (Server.java:run(1153)) - IPC Server listener on 36551: starting
2019-09-20 08:45:58,217 [main] INFO  http.HttpServer2 (HttpServer2.java:bindListener(1191)) - Jetty bound to port 45515
2019-09-20 08:45:58,220 [main] INFO  server.Server (Server.java:doStart(351)) - jetty-9.3.24.v20180605, build timestamp: 2018-06-05T17:11:56Z, git hash: 84205aa28f11a4f31f2a3b86d1bba2cc8ab69827
2019-09-20 08:45:58,261 [main] INFO  handler.ContextHandler (ContextHandler.java:doStart(781)) - Started o.e.j.s.ServletContextHandler@6aecbb8d{/logs,file:///workdir/hadoop-ozone/ozonefs/target/log,AVAILABLE}
2019-09-20 08:45:58,262 [main] INFO  handler.ContextHandler (ContextHandler.java:doStart(781)) - Started o.e.j.s.ServletContextHandler@25b2cfcb{/static,jar:file:/home/user/.m2/repository/org/apache/hadoop/hadoop-hdds-server-scm/0.5.0-SNAPSHOT/hadoop-hdds-server-scm-0.5.0-SNAPSHOT.jar!/webapps/static,AVAILABLE}
2019-09-20 08:45:58,332 [main] INFO  handler.ContextHandler (ContextHandler.java:doStart(781)) - Started o.e.j.w.WebAppContext@433ffad1{/,file:///tmp/jetty-0.0.0.0-45515-scm-_-any-198580541329407052.dir/webapp/,AVAILABLE}{/scm}
2019-09-20 08:45:58,337 [main] INFO  server.AbstractConnector (AbstractConnector.java:doStart(278)) - Started ServerConnector@46cf05f7{HTTP/1.1,[http/1.1]}{0.0.0.0:45515}
2019-09-20 08:45:58,337 [main] INFO  server.Server (Server.java:doStart(419)) - Started @3387ms
2019-09-20 08:45:58,339 [main] INFO  server.BaseHttpServer (BaseHttpServer.java:updateConnectorAddress(213)) - HTTP server of SCM is listening at http://0.0.0.0:45515
2019-09-20 08:45:58,344 [org.apache.hadoop.util.JvmPauseMonitor$Monitor@c074c0c] INFO  util.JvmPauseMonitor (JvmPauseMonitor.java:run(188)) - Starting JVM pause monitor
2019-09-20 08:45:58,347 [main] WARN  server.ServerUtils (ServerUtils.java:getDBPath(222)) - ozone.om.db.dirs is not configured. We recommend adding this setting. Falling back to ozone.metadata.dirs instead.
2019-09-20 08:45:58,459 [main] WARN  server.ServerUtils (ServerUtils.java:getDBPath(222)) - ozone.om.db.dirs is not configured. We recommend adding this setting. Falling back to ozone.metadata.dirs instead.
2019-09-20 08:45:58,459 [main] WARN  server.ServerUtils (ServerUtils.java:getDBPath(222)) - ozone.om.db.dirs is not configured. We recommend adding this setting. Falling back to ozone.metadata.dirs instead.
2019-09-20 08:45:58,460 [main] INFO  om.OzoneManager (OzoneManager.java:setOMNodeDetails(645)) - OM Service ID is not set. Setting it to the default ID: omServiceIdDefault
2019-09-20 08:45:58,460 [main] INFO  om.OzoneManager (OzoneManager.java:setOMNodeDetails(651)) - OM Node ID is not set. Setting it to the OmStorage's OmID: 821d0f4f-c2e3-4e1d-b589-26e860c2296b
2019-09-20 08:45:58,462 [main] INFO  om.OzoneManager (OzoneManager.java:loadOMHAConfigs(602)) - Found matching OM address with OMServiceId: null, OMNodeId: null, RPC Address: localhost:0 and Ratis port: 9872
2019-09-20 08:45:58,718 | INFO  | SCMAudit | user=jenkins1000 | ip=192.168.36.79 | op=GET_SCM_INFO null | ret=SUCCESS |  
2019-09-20 08:45:59,218 [main] WARN  server.ServerUtils (ServerUtils.java:getDBPath(222)) - ozone.om.db.dirs is not configured. We recommend adding this setting. Falling back to ozone.metadata.dirs instead.
2019-09-20 08:45:59,229 [main] INFO  db.DBStoreBuilder (DBStoreBuilder.java:addTable(110)) - using custom profile for table: userTable
2019-09-20 08:45:59,229 [main] INFO  db.DBStoreBuilder (DBStoreBuilder.java:processTables(161)) - Using default column profile:DBProfile.DISK for Table:userTable
2019-09-20 08:45:59,229 [main] INFO  db.DBStoreBuilder (DBStoreBuilder.java:addTable(110)) - using custom profile for table: volumeTable
2019-09-20 08:45:59,229 [main] INFO  db.DBStoreBuilder (DBStoreBuilder.java:processTables(161)) - Using default column profile:DBProfile.DISK for Table:volumeTable
2019-09-20 08:45:59,230 [main] INFO  db.DBStoreBuilder (DBStoreBuilder.java:addTable(110)) - using custom profile for table: bucketTable
2019-09-20 08:45:59,230 [main] INFO  db.DBStoreBuilder (DBStoreBuilder.java:processTables(161)) - Using default column profile:DBProfile.DISK for Table:bucketTable
2019-09-20 08:45:59,230 [main] INFO  db.DBStoreBuilder (DBStoreBuilder.java:addTable(110)) - using custom profile for table: keyTable
2019-09-20 08:45:59,230 [main] INFO  db.DBStoreBuilder (DBStoreBuilder.java:processTables(161)) - Using default column profile:DBProfile.DISK for Table:keyTable
2019-09-20 08:45:59,231 [main] INFO  db.DBStoreBuilder (DBStoreBuilder.java:addTable(110)) - using custom profile for table: deletedTable
2019-09-20 08:45:59,231 [main] INFO  db.DBStoreBuilder (DBStoreBuilder.java:processTables(161)) - Using default column profile:DBProfile.DISK for Table:deletedTable
2019-09-20 08:45:59,231 [main] INFO  db.DBStoreBuilder (DBStoreBuilder.java:addTable(110)) - using custom profile for table: openKeyTable
2019-09-20 08:45:59,231 [main] INFO  db.DBStoreBuilder (DBStoreBuilder.java:processTables(161)) - Using default column profile:DBProfile.DISK for Table:openKeyTable
2019-09-20 08:45:59,232 [main] INFO  db.DBStoreBuilder (DBStoreBuilder.java:addTable(110)) - using custom profile for table: s3Table
2019-09-20 08:45:59,232 [main] INFO  db.DBStoreBuilder (DBStoreBuilder.java:processTables(161)) - Using default column profile:DBProfile.DISK for Table:s3Table
2019-09-20 08:45:59,232 [main] INFO  db.DBStoreBuilder (DBStoreBuilder.java:addTable(110)) - using custom profile for table: multipartInfoTable
2019-09-20 08:45:59,232 [main] INFO  db.DBStoreBuilder (DBStoreBuilder.java:processTables(161)) - Using default column profile:DBProfile.DISK for Table:multipartInfoTable
2019-09-20 08:45:59,233 [main] INFO  db.DBStoreBuilder (DBStoreBuilder.java:addTable(110)) - using custom profile for table: dTokenTable
2019-09-20 08:45:59,233 [main] INFO  db.DBStoreBuilder (DBStoreBuilder.java:processTables(161)) - Using default column profile:DBProfile.DISK for Table:dTokenTable
2019-09-20 08:45:59,233 [main] INFO  db.DBStoreBuilder (DBStoreBuilder.java:addTable(110)) - using custom profile for table: s3SecretTable
2019-09-20 08:45:59,233 [main] INFO  db.DBStoreBuilder (DBStoreBuilder.java:processTables(161)) - Using default column profile:DBProfile.DISK for Table:s3SecretTable
2019-09-20 08:45:59,234 [main] INFO  db.DBStoreBuilder (DBStoreBuilder.java:addTable(110)) - using custom profile for table: prefixTable
2019-09-20 08:45:59,234 [main] INFO  db.DBStoreBuilder (DBStoreBuilder.java:processTables(161)) - Using default column profile:DBProfile.DISK for Table:prefixTable
2019-09-20 08:45:59,234 [main] INFO  db.DBStoreBuilder (DBStoreBuilder.java:addTable(110)) - using custom profile for table: default
2019-09-20 08:45:59,234 [main] INFO  db.DBStoreBuilder (DBStoreBuilder.java:processTables(167)) - Using default column profile:DBProfile.DISK for Table:default
2019-09-20 08:45:59,234 [main] INFO  db.DBStoreBuilder (DBStoreBuilder.java:getDbProfile(198)) - Using default options. DBProfile.DISK
2019-09-20 08:46:00,146 [main] INFO  ipc.CallQueueManager (CallQueueManager.java:<init>(84)) - Using callQueue: class java.util.concurrent.LinkedBlockingQueue, queueCapacity: 2000, scheduler: class org.apache.hadoop.ipc.DefaultRpcScheduler, ipcBackoff: false.
2019-09-20 08:46:00,148 [Socket Reader #1 for port 42535] INFO  ipc.Server (Server.java:run(1074)) - Starting Socket Reader #1 for port 42535
2019-09-20 08:46:00,186 [main] INFO  om.OzoneManager (OzoneManager.java:start(1256)) - OzoneManager RPC server is listening at localhost/127.0.0.1:42535
2019-09-20 08:46:00,187 [main] INFO  impl.MetricsSystemImpl (MetricsSystemImpl.java:init(158)) - OzoneManager metrics system started (again)
2019-09-20 08:46:00,193 [IPC Server listener on 42535] INFO  ipc.Server (Server.java:run(1153)) - IPC Server listener on 42535: starting
2019-09-20 08:46:00,193 [IPC Server Responder] INFO  ipc.Server (Server.java:run(1314)) - IPC Server Responder: starting
2019-09-20 08:46:00,201 [main] INFO  hdfs.DFSUtil (DFSUtil.java:httpServerTemplateForNNAndJN(1641)) - Starting Web-server for ozoneManager at: http://0.0.0.0:0
2019-09-20 08:46:00,204 [main] INFO  server.AuthenticationFilter (AuthenticationFilter.java:constructSecretProvider(240)) - Unable to initialize FileSignerSecretProvider, falling back to use random secrets.
2019-09-20 08:46:00,206 [main] WARN  http.HttpRequestLog (HttpRequestLog.java:getRequestLog(97)) - Jetty request log can only be enabled using Log4j
2019-09-20 08:46:00,209 [main] INFO  http.HttpServer2 (HttpServer2.java:addGlobalFilter(975)) - Added global filter 'safety' (class=org.apache.hadoop.http.HttpServer2$QuotingInputFilter)
2019-09-20 08:46:00,211 [main] INFO  http.HttpServer2 (HttpServer2.java:addFilter(948)) - Added filter static_user_filter (class=org.apache.hadoop.http.lib.StaticUserWebFilter$StaticUserFilter) to context ozoneManager
2019-09-20 08:46:00,211 [main] INFO  http.HttpServer2 (HttpServer2.java:addFilter(958)) - Added filter static_user_filter (class=org.apache.hadoop.http.lib.StaticUserWebFilter$StaticUserFilter) to context logs
2019-09-20 08:46:00,211 [main] INFO  http.HttpServer2 (HttpServer2.java:addFilter(958)) - Added filter static_user_filter (class=org.apache.hadoop.http.lib.StaticUserWebFilter$StaticUserFilter) to context static
2019-09-20 08:46:00,215 [main] INFO  http.HttpServer2 (HttpServer2.java:bindListener(1191)) - Jetty bound to port 45733
2019-09-20 08:46:00,215 [main] INFO  server.Server (Server.java:doStart(351)) - jetty-9.3.24.v20180605, build timestamp: 2018-06-05T17:11:56Z, git hash: 84205aa28f11a4f31f2a3b86d1bba2cc8ab69827
2019-09-20 08:46:00,218 [main] INFO  handler.ContextHandler (ContextHandler.java:doStart(781)) - Started o.e.j.s.ServletContextHandler@109d724c{/logs,file:///workdir/hadoop-ozone/ozonefs/target/log,AVAILABLE}
2019-09-20 08:46:00,218 [main] INFO  handler.ContextHandler (ContextHandler.java:doStart(781)) - Started o.e.j.s.ServletContextHandler@e4d2696{/static,jar:file:/home/user/.m2/repository/org/apache/hadoop/hadoop-ozone-ozone-manager/0.5.0-SNAPSHOT/hadoop-ozone-ozone-manager-0.5.0-SNAPSHOT.jar!/webapps/static,AVAILABLE}
2019-09-20 08:46:00,268 [main] INFO  handler.ContextHandler (ContextHandler.java:doStart(781)) - Started o.e.j.w.WebAppContext@2098d37d{/,file:///tmp/jetty-0.0.0.0-45733-ozoneManager-_-any-3819946414729305011.dir/webapp/,AVAILABLE}{/ozoneManager}
2019-09-20 08:46:00,269 [main] INFO  server.AbstractConnector (AbstractConnector.java:doStart(278)) - Started ServerConnector@77b9d0c7{HTTP/1.1,[http/1.1]}{0.0.0.0:45733}
2019-09-20 08:46:00,270 [main] INFO  server.Server (Server.java:doStart(419)) - Started @5320ms
2019-09-20 08:46:00,272 [main] INFO  server.BaseHttpServer (BaseHttpServer.java:updateConnectorAddress(213)) - HTTP server of OZONEMANAGER is listening at http://0.0.0.0:45733
2019-09-20 08:46:00,454 [main] INFO  impl.MetricsSystemImpl (MetricsSystemImpl.java:init(158)) - HddsDatanode metrics system started (again)
2019-09-20 08:46:00,539 [main] INFO  ozone.HddsDatanodeService (HddsDatanodeService.java:start(184)) - HddsDatanodeService host:pr-hdds-1569-s8kj2-2266485376 ip:192.168.36.79
2019-09-20 08:46:00,580 [main] INFO  volume.HddsVolume (HddsVolume.java:<init>(176)) - Creating Volume: /workdir/hadoop-ozone/ozonefs/target/test-dir/MiniOzoneClusterImpl-da5888fd-c692-4355-82c4-91aa98cbf569/datanode-0/data/containers/hdds of  storage type : DISK and capacity : 1482555576320
2019-09-20 08:46:00,583 [main] INFO  volume.VolumeSet (VolumeSet.java:initializeVolumeSet(170)) - Added Volume : /workdir/hadoop-ozone/ozonefs/target/test-dir/MiniOzoneClusterImpl-da5888fd-c692-4355-82c4-91aa98cbf569/datanode-0/data/containers/hdds to VolumeSet
2019-09-20 08:46:00,588 [main] INFO  volume.ThrottledAsyncChecker (ThrottledAsyncChecker.java:schedule(140)) - Scheduling a check for org.apache.hadoop.ozone.container.common.volume.HddsVolume@243f003c
2019-09-20 08:46:00,616 [main] INFO  volume.HddsVolumeChecker (HddsVolumeChecker.java:checkAllVolumes(203)) - Scheduled health check for volume org.apache.hadoop.ozone.container.common.volume.HddsVolume@243f003c
2019-09-20 08:46:00,771 [main] INFO  impl.RaftServerProxy (ConfUtils.java:logGet(43)) - raft.rpc.type = GRPC (default)
2019-09-20 08:46:00,849 [main] INFO  grpc.GrpcFactory (GrpcFactory.java:checkPooledByteBufAllocatorUseCacheForAllThreads(45)) - PERFORMANCE WARNING: useCacheForAllThreads is true that may cause Netty to create a lot garbage objects and, as a result, trigger GC.
	It is recommended to disable useCacheForAllThreads by setting -Dorg.apache.ratis.thirdparty.io.netty.allocator.useCacheForAllThreads=false in command line.
2019-09-20 08:46:00,854 [main] INFO  grpc.GrpcConfigKeys$Server (ConfUtils.java:logGet(43)) - raft.grpc.server.port = 0 (default)
2019-09-20 08:46:00,856 [main] INFO  server.GrpcService (ConfUtils.java:logGet(43)) - raft.grpc.message.size.max = 33570816 (custom)
2019-09-20 08:46:00,857 [main] INFO  server.RaftServerConfigKeys (ConfUtils.java:logGet(43)) - raft.server.log.appender.buffer.byte-limit = 33554432 (custom)
2019-09-20 08:46:00,858 [main] INFO  server.GrpcService (ConfUtils.java:logGet(43)) - raft.grpc.flow.control.window = 1MB (=1048576) (default)
2019-09-20 08:46:00,859 [main] INFO  server.RaftServerConfigKeys (ConfUtils.java:logGet(43)) - raft.server.rpc.request.timeout = 3000ms (default)
2019-09-20 08:46:01,089 [main] INFO  server.RaftServerConfigKeys (ConfUtils.java:logGet(43)) - raft.server.storage.dir = [/workdir/hadoop-ozone/ozonefs/target/test-dir/MiniOzoneClusterImpl-da5888fd-c692-4355-82c4-91aa98cbf569/datanode-0/data/ratis] (custom)
2019-09-20 08:46:01,153 [main] INFO  replication.SimpleContainerDownloader (SimpleContainerDownloader.java:<init>(72)) - Starting container downloader service to copy containers to replicate.
2019-09-20 08:46:01,171 [main] INFO  hdfs.DFSUtil (DFSUtil.java:httpServerTemplateForNNAndJN(1641)) - Starting Web-server for hddsDatanode at: http://0.0.0.0:0
2019-09-20 08:46:01,175 [main] INFO  server.AuthenticationFilter (AuthenticationFilter.java:constructSecretProvider(240)) - Unable to initialize FileSignerSecretProvider, falling back to use random secrets.
2019-09-20 08:46:01,176 [main] WARN  http.HttpRequestLog (HttpRequestLog.java:getRequestLog(97)) - Jetty request log can only be enabled using Log4j
2019-09-20 08:46:01,180 [main] INFO  http.HttpServer2 (HttpServer2.java:addGlobalFilter(975)) - Added global filter 'safety' (class=org.apache.hadoop.http.HttpServer2$QuotingInputFilter)
2019-09-20 08:46:01,182 [main] INFO  http.HttpServer2 (HttpServer2.java:addFilter(948)) - Added filter static_user_filter (class=org.apache.hadoop.http.lib.StaticUserWebFilter$StaticUserFilter) to context hddsDatanode
2019-09-20 08:46:01,182 [main] INFO  http.HttpServer2 (HttpServer2.java:addFilter(958)) - Added filter static_user_filter (class=org.apache.hadoop.http.lib.StaticUserWebFilter$StaticUserFilter) to context static
2019-09-20 08:46:01,182 [main] INFO  http.HttpServer2 (HttpServer2.java:addFilter(958)) - Added filter static_user_filter (class=org.apache.hadoop.http.lib.StaticUserWebFilter$StaticUserFilter) to context logs
2019-09-20 08:46:01,184 [main] INFO  http.HttpServer2 (HttpServer2.java:bindListener(1191)) - Jetty bound to port 40144
2019-09-20 08:46:01,184 [main] INFO  server.Server (Server.java:doStart(351)) - jetty-9.3.24.v20180605, build timestamp: 2018-06-05T17:11:56Z, git hash: 84205aa28f11a4f31f2a3b86d1bba2cc8ab69827
2019-09-20 08:46:01,187 [main] INFO  handler.ContextHandler (ContextHandler.java:doStart(781)) - Started o.e.j.s.ServletContextHandler@5c5d6175{/logs,file:///workdir/hadoop-ozone/ozonefs/target/log,AVAILABLE}
2019-09-20 08:46:01,188 [main] INFO  handler.ContextHandler (ContextHandler.java:doStart(781)) - Started o.e.j.s.ServletContextHandler@3b27b497{/static,jar:file:/home/user/.m2/repository/org/apache/hadoop/hadoop-hdds-container-service/0.5.0-SNAPSHOT/hadoop-hdds-container-service-0.5.0-SNAPSHOT.jar!/webapps/static,AVAILABLE}
2019-09-20 08:46:01,230 [main] INFO  handler.ContextHandler (ContextHandler.java:doStart(781)) - Started o.e.j.w.WebAppContext@19a64eae{/,file:///tmp/jetty-0.0.0.0-40144-hddsDatanode-_-any-398737568507219903.dir/webapp/,AVAILABLE}{/hddsDatanode}
2019-09-20 08:46:01,231 [main] INFO  server.AbstractConnector (AbstractConnector.java:doStart(278)) - Started ServerConnector@29a98d9f{HTTP/1.1,[http/1.1]}{0.0.0.0:40144}
2019-09-20 08:46:01,232 [main] INFO  server.Server (Server.java:doStart(419)) - Started @6282ms
2019-09-20 08:46:01,234 [main] INFO  server.BaseHttpServer (BaseHttpServer.java:updateConnectorAddress(213)) - HTTP server of HDDSDATANODE is listening at http://0.0.0.0:40144
2019-09-20 08:46:02,420 | INFO  | ObjectStoreRestHttpServer | Listening HDDS REST traffic on /0.0.0.0:37701 |  
2019-09-20 08:46:02,422 [main] INFO  ozone.HddsDatanodeService (HddsDatanodeService.java:startPlugins(395)) - Started plug-in org.apache.hadoop.ozone.web.OzoneHddsDatanodeService@b14b60a
2019-09-20 08:46:02,423 [main] INFO  impl.MetricsSystemImpl (MetricsSystemImpl.java:init(158)) - HddsDatanode metrics system started (again)
2019-09-20 08:46:02,425 [main] INFO  ozone.HddsDatanodeService (HddsDatanodeService.java:start(184)) - HddsDatanodeService host:pr-hdds-1569-s8kj2-2266485376 ip:192.168.36.79
2019-09-20 08:46:02,430 [org.apache.hadoop.util.JvmPauseMonitor$Monitor@1dd92fd2] INFO  util.JvmPauseMonitor (JvmPauseMonitor.java:run(188)) - Starting JVM pause monitor
2019-09-20 08:46:02,435 [main] INFO  volume.HddsVolume (HddsVolume.java:<init>(176)) - Creating Volume: /workdir/hadoop-ozone/ozonefs/target/test-dir/MiniOzoneClusterImpl-da5888fd-c692-4355-82c4-91aa98cbf569/datanode-1/data/containers/hdds of  storage type : DISK and capacity : 1482555576320
2019-09-20 08:46:02,436 [main] INFO  volume.VolumeSet (VolumeSet.java:initializeVolumeSet(170)) - Added Volume : /workdir/hadoop-ozone/ozonefs/target/test-dir/MiniOzoneClusterImpl-da5888fd-c692-4355-82c4-91aa98cbf569/datanode-1/data/containers/hdds to VolumeSet
2019-09-20 08:46:02,437 [main] INFO  volume.ThrottledAsyncChecker (ThrottledAsyncChecker.java:schedule(140)) - Scheduling a check for org.apache.hadoop.ozone.container.common.volume.HddsVolume@3b78c683
2019-09-20 08:46:02,438 [main] INFO  volume.HddsVolumeChecker (HddsVolumeChecker.java:checkAllVolumes(203)) - Scheduled health check for volume org.apache.hadoop.ozone.container.common.volume.HddsVolume@3b78c683
2019-09-20 08:46:02,475 [main] INFO  impl.RaftServerProxy (ConfUtils.java:logGet(43)) - raft.rpc.type = GRPC (default)
2019-09-20 08:46:02,475 [main] INFO  grpc.GrpcFactory (GrpcFactory.java:checkPooledByteBufAllocatorUseCacheForAllThreads(45)) - PERFORMANCE WARNING: useCacheForAllThreads is true that may cause Netty to create a lot garbage objects and, as a result, trigger GC.
	It is recommended to disable useCacheForAllThreads by setting -Dorg.apache.ratis.thirdparty.io.netty.allocator.useCacheForAllThreads=false in command line.
2019-09-20 08:46:02,475 [main] INFO  grpc.GrpcConfigKeys$Server (ConfUtils.java:logGet(43)) - raft.grpc.server.port = 0 (default)
2019-09-20 08:46:02,476 [main] INFO  server.GrpcService (ConfUtils.java:logGet(43)) - raft.grpc.message.size.max = 33570816 (custom)
2019-09-20 08:46:02,477 [main] INFO  server.RaftServerConfigKeys (ConfUtils.java:logGet(43)) - raft.server.log.appender.buffer.byte-limit = 33554432 (custom)
2019-09-20 08:46:02,477 [main] INFO  server.GrpcService (ConfUtils.java:logGet(43)) - raft.grpc.flow.control.window = 1MB (=1048576) (default)
2019-09-20 08:46:02,477 [main] INFO  server.RaftServerConfigKeys (ConfUtils.java:logGet(43)) - raft.server.rpc.request.timeout = 3000ms (default)
2019-09-20 08:46:02,478 [main] INFO  server.RaftServerConfigKeys (ConfUtils.java:logGet(43)) - raft.server.storage.dir = [/workdir/hadoop-ozone/ozonefs/target/test-dir/MiniOzoneClusterImpl-da5888fd-c692-4355-82c4-91aa98cbf569/datanode-1/data/ratis] (custom)
2019-09-20 08:46:02,479 [main] INFO  replication.SimpleContainerDownloader (SimpleContainerDownloader.java:<init>(72)) - Starting container downloader service to copy containers to replicate.
2019-09-20 08:46:02,480 [main] INFO  hdfs.DFSUtil (DFSUtil.java:httpServerTemplateForNNAndJN(1641)) - Starting Web-server for hddsDatanode at: http://0.0.0.0:0
2019-09-20 08:46:02,483 [main] INFO  server.AuthenticationFilter (AuthenticationFilter.java:constructSecretProvider(240)) - Unable to initialize FileSignerSecretProvider, falling back to use random secrets.
2019-09-20 08:46:02,485 [main] WARN  http.HttpRequestLog (HttpRequestLog.java:getRequestLog(97)) - Jetty request log can only be enabled using Log4j
2019-09-20 08:46:02,488 [main] INFO  http.HttpServer2 (HttpServer2.java:addGlobalFilter(975)) - Added global filter 'safety' (class=org.apache.hadoop.http.HttpServer2$QuotingInputFilter)
2019-09-20 08:46:02,489 [main] INFO  http.HttpServer2 (HttpServer2.java:addFilter(948)) - Added filter static_user_filter (class=org.apache.hadoop.http.lib.StaticUserWebFilter$StaticUserFilter) to context hddsDatanode
2019-09-20 08:46:02,489 [main] INFO  http.HttpServer2 (HttpServer2.java:addFilter(958)) - Added filter static_user_filter (class=org.apache.hadoop.http.lib.StaticUserWebFilter$StaticUserFilter) to context logs
2019-09-20 08:46:02,490 [main] INFO  http.HttpServer2 (HttpServer2.java:addFilter(958)) - Added filter static_user_filter (class=org.apache.hadoop.http.lib.StaticUserWebFilter$StaticUserFilter) to context static
2019-09-20 08:46:02,491 [main] INFO  http.HttpServer2 (HttpServer2.java:bindListener(1191)) - Jetty bound to port 39638
2019-09-20 08:46:02,491 [main] INFO  server.Server (Server.java:doStart(351)) - jetty-9.3.24.v20180605, build timestamp: 2018-06-05T17:11:56Z, git hash: 84205aa28f11a4f31f2a3b86d1bba2cc8ab69827
2019-09-20 08:46:02,495 [main] INFO  handler.ContextHandler (ContextHandler.java:doStart(781)) - Started o.e.j.s.ServletContextHandler@62d40e31{/logs,file:///workdir/hadoop-ozone/ozonefs/target/log,AVAILABLE}
2019-09-20 08:46:02,496 [main] INFO  handler.ContextHandler (ContextHandler.java:doStart(781)) - Started o.e.j.s.ServletContextHandler@7ce29a2d{/static,jar:file:/home/user/.m2/repository/org/apache/hadoop/hadoop-hdds-container-service/0.5.0-SNAPSHOT/hadoop-hdds-container-service-0.5.0-SNAPSHOT.jar!/webapps/static,AVAILABLE}
2019-09-20 08:46:02,539 [main] INFO  handler.ContextHandler (ContextHandler.java:doStart(781)) - Started o.e.j.w.WebAppContext@475f5672{/,file:///tmp/jetty-0.0.0.0-39638-hddsDatanode-_-any-1359050233658000652.dir/webapp/,AVAILABLE}{/hddsDatanode}
2019-09-20 08:46:02,541 [main] INFO  server.AbstractConnector (AbstractConnector.java:doStart(278)) - Started ServerConnector@616a06e3{HTTP/1.1,[http/1.1]}{0.0.0.0:39638}
2019-09-20 08:46:02,541 [main] INFO  server.Server (Server.java:doStart(419)) - Started @7591ms
2019-09-20 08:46:02,543 [main] INFO  server.BaseHttpServer (BaseHttpServer.java:updateConnectorAddress(213)) - HTTP server of HDDSDATANODE is listening at http://0.0.0.0:39638
2019-09-20 08:46:02,557 [Datanode State Machine Thread - 0] INFO  datanode.InitDatanodeState (InitDatanodeState.java:persistContainerDatanodeDetails(140)) - DatanodeDetails is persisted to /workdir/hadoop-ozone/ozonefs/target/test-dir/MiniOzoneClusterImpl-da5888fd-c692-4355-82c4-91aa98cbf569/datanode-0/meta/datanode.id
2019-09-20 08:46:02,729 | INFO  | ObjectStoreRestHttpServer | Listening HDDS REST traffic on /0.0.0.0:38439 |  
2019-09-20 08:46:02,730 [main] INFO  ozone.HddsDatanodeService (HddsDatanodeService.java:startPlugins(395)) - Started plug-in org.apache.hadoop.ozone.web.OzoneHddsDatanodeService@7971c2a9
2019-09-20 08:46:02,730 [main] INFO  impl.MetricsSystemImpl (MetricsSystemImpl.java:init(158)) - HddsDatanode metrics system started (again)
2019-09-20 08:46:02,733 [main] INFO  ozone.HddsDatanodeService (HddsDatanodeService.java:start(184)) - HddsDatanodeService host:pr-hdds-1569-s8kj2-2266485376 ip:192.168.36.79
2019-09-20 08:46:02,733 [org.apache.hadoop.util.JvmPauseMonitor$Monitor@643ff1ae] INFO  util.JvmPauseMonitor (JvmPauseMonitor.java:run(188)) - Starting JVM pause monitor
2019-09-20 08:46:02,739 [Datanode State Machine Thread - 0] INFO  datanode.InitDatanodeState (InitDatanodeState.java:persistContainerDatanodeDetails(140)) - DatanodeDetails is persisted to /workdir/hadoop-ozone/ozonefs/target/test-dir/MiniOzoneClusterImpl-da5888fd-c692-4355-82c4-91aa98cbf569/datanode-1/meta/datanode.id
2019-09-20 08:46:02,743 [main] INFO  volume.HddsVolume (HddsVolume.java:<init>(176)) - Creating Volume: /workdir/hadoop-ozone/ozonefs/target/test-dir/MiniOzoneClusterImpl-da5888fd-c692-4355-82c4-91aa98cbf569/datanode-2/data/containers/hdds of  storage type : DISK and capacity : 1482555576320
2019-09-20 08:46:02,770 [main] INFO  volume.VolumeSet (VolumeSet.java:initializeVolumeSet(170)) - Added Volume : /workdir/hadoop-ozone/ozonefs/target/test-dir/MiniOzoneClusterImpl-da5888fd-c692-4355-82c4-91aa98cbf569/datanode-2/data/containers/hdds to VolumeSet
2019-09-20 08:46:02,770 [main] INFO  volume.ThrottledAsyncChecker (ThrottledAsyncChecker.java:schedule(140)) - Scheduling a check for org.apache.hadoop.ozone.container.common.volume.HddsVolume@b5aa65b
2019-09-20 08:46:02,771 [main] INFO  volume.HddsVolumeChecker (HddsVolumeChecker.java:checkAllVolumes(203)) - Scheduled health check for volume org.apache.hadoop.ozone.container.common.volume.HddsVolume@b5aa65b
2019-09-20 08:46:02,805 [main] INFO  impl.RaftServerProxy (ConfUtils.java:logGet(43)) - raft.rpc.type = GRPC (default)
2019-09-20 08:46:02,805 [main] INFO  grpc.GrpcFactory (GrpcFactory.java:checkPooledByteBufAllocatorUseCacheForAllThreads(45)) - PERFORMANCE WARNING: useCacheForAllThreads is true that may cause Netty to create a lot garbage objects and, as a result, trigger GC.
	It is recommended to disable useCacheForAllThreads by setting -Dorg.apache.ratis.thirdparty.io.netty.allocator.useCacheForAllThreads=false in command line.
2019-09-20 08:46:02,805 [main] INFO  grpc.GrpcConfigKeys$Server (ConfUtils.java:logGet(43)) - raft.grpc.server.port = 0 (default)
2019-09-20 08:46:02,806 [main] INFO  server.GrpcService (ConfUtils.java:logGet(43)) - raft.grpc.message.size.max = 33570816 (custom)
2019-09-20 08:46:02,806 [main] INFO  server.RaftServerConfigKeys (ConfUtils.java:logGet(43)) - raft.server.log.appender.buffer.byte-limit = 33554432 (custom)
2019-09-20 08:46:02,806 [main] INFO  server.GrpcService (ConfUtils.java:logGet(43)) - raft.grpc.flow.control.window = 1MB (=1048576) (default)
2019-09-20 08:46:02,807 [main] INFO  server.RaftServerConfigKeys (ConfUtils.java:logGet(43)) - raft.server.rpc.request.timeout = 3000ms (default)
2019-09-20 08:46:02,808 [main] INFO  server.RaftServerConfigKeys (ConfUtils.java:logGet(43)) - raft.server.storage.dir = [/workdir/hadoop-ozone/ozonefs/target/test-dir/MiniOzoneClusterImpl-da5888fd-c692-4355-82c4-91aa98cbf569/datanode-2/data/ratis] (custom)
2019-09-20 08:46:02,809 [main] INFO  replication.SimpleContainerDownloader (SimpleContainerDownloader.java:<init>(72)) - Starting container downloader service to copy containers to replicate.
2019-09-20 08:46:02,810 [main] INFO  hdfs.DFSUtil (DFSUtil.java:httpServerTemplateForNNAndJN(1641)) - Starting Web-server for hddsDatanode at: http://0.0.0.0:0
2019-09-20 08:46:02,813 [main] INFO  server.AuthenticationFilter (AuthenticationFilter.java:constructSecretProvider(240)) - Unable to initialize FileSignerSecretProvider, falling back to use random secrets.
2019-09-20 08:46:02,814 [main] WARN  http.HttpRequestLog (HttpRequestLog.java:getRequestLog(97)) - Jetty request log can only be enabled using Log4j
2019-09-20 08:46:02,817 [main] INFO  http.HttpServer2 (HttpServer2.java:addGlobalFilter(975)) - Added global filter 'safety' (class=org.apache.hadoop.http.HttpServer2$QuotingInputFilter)
2019-09-20 08:46:02,818 [main] INFO  http.HttpServer2 (HttpServer2.java:addFilter(948)) - Added filter static_user_filter (class=org.apache.hadoop.http.lib.StaticUserWebFilter$StaticUserFilter) to context hddsDatanode
2019-09-20 08:46:02,819 [main] INFO  http.HttpServer2 (HttpServer2.java:addFilter(958)) - Added filter static_user_filter (class=org.apache.hadoop.http.lib.StaticUserWebFilter$StaticUserFilter) to context static
2019-09-20 08:46:02,819 [main] INFO  http.HttpServer2 (HttpServer2.java:addFilter(958)) - Added filter static_user_filter (class=org.apache.hadoop.http.lib.StaticUserWebFilter$StaticUserFilter) to context logs
2019-09-20 08:46:02,820 [main] INFO  http.HttpServer2 (HttpServer2.java:bindListener(1191)) - Jetty bound to port 32806
2019-09-20 08:46:02,820 [main] INFO  server.Server (Server.java:doStart(351)) - jetty-9.3.24.v20180605, build timestamp: 2018-06-05T17:11:56Z, git hash: 84205aa28f11a4f31f2a3b86d1bba2cc8ab69827
2019-09-20 08:46:02,823 [main] INFO  handler.ContextHandler (ContextHandler.java:doStart(781)) - Started o.e.j.s.ServletContextHandler@4aed311e{/logs,file:///workdir/hadoop-ozone/ozonefs/target/log,AVAILABLE}
2019-09-20 08:46:02,824 [main] INFO  handler.ContextHandler (ContextHandler.java:doStart(781)) - Started o.e.j.s.ServletContextHandler@7ddcb0dc{/static,jar:file:/home/user/.m2/repository/org/apache/hadoop/hadoop-hdds-container-service/0.5.0-SNAPSHOT/hadoop-hdds-container-service-0.5.0-SNAPSHOT.jar!/webapps/static,AVAILABLE}
2019-09-20 08:46:02,865 [main] INFO  handler.ContextHandler (ContextHandler.java:doStart(781)) - Started o.e.j.w.WebAppContext@15e8f9b2{/,file:///tmp/jetty-0.0.0.0-32806-hddsDatanode-_-any-482860998253691548.dir/webapp/,AVAILABLE}{/hddsDatanode}
2019-09-20 08:46:02,866 [main] INFO  server.AbstractConnector (AbstractConnector.java:doStart(278)) - Started ServerConnector@7a65c995{HTTP/1.1,[http/1.1]}{0.0.0.0:32806}
2019-09-20 08:46:02,866 [main] INFO  server.Server (Server.java:doStart(419)) - Started @7916ms
2019-09-20 08:46:02,867 [main] INFO  server.BaseHttpServer (BaseHttpServer.java:updateConnectorAddress(213)) - HTTP server of HDDSDATANODE is listening at http://0.0.0.0:32806
2019-09-20 08:46:03,024 | INFO  | ObjectStoreRestHttpServer | Listening HDDS REST traffic on /0.0.0.0:39331 |  
2019-09-20 08:46:03,025 [main] INFO  ozone.HddsDatanodeService (HddsDatanodeService.java:startPlugins(395)) - Started plug-in org.apache.hadoop.ozone.web.OzoneHddsDatanodeService@3487442d
2019-09-20 08:46:03,025 [main] INFO  impl.MetricsSystemImpl (MetricsSystemImpl.java:init(158)) - HddsDatanode metrics system started (again)
2019-09-20 08:46:03,028 [main] INFO  ozone.HddsDatanodeService (HddsDatanodeService.java:start(184)) - HddsDatanodeService host:pr-hdds-1569-s8kj2-2266485376 ip:192.168.36.79
2019-09-20 08:46:03,028 [org.apache.hadoop.util.JvmPauseMonitor$Monitor@63bc2ecc] INFO  util.JvmPauseMonitor (JvmPauseMonitor.java:run(188)) - Starting JVM pause monitor
2019-09-20 08:46:03,032 [Datanode State Machine Thread - 0] INFO  datanode.InitDatanodeState (InitDatanodeState.java:persistContainerDatanodeDetails(140)) - DatanodeDetails is persisted to /workdir/hadoop-ozone/ozonefs/target/test-dir/MiniOzoneClusterImpl-da5888fd-c692-4355-82c4-91aa98cbf569/datanode-2/meta/datanode.id
2019-09-20 08:46:03,036 [main] INFO  volume.HddsVolume (HddsVolume.java:<init>(176)) - Creating Volume: /workdir/hadoop-ozone/ozonefs/target/test-dir/MiniOzoneClusterImpl-da5888fd-c692-4355-82c4-91aa98cbf569/datanode-3/data/containers/hdds of  storage type : DISK and capacity : 1482555576320
2019-09-20 08:46:03,037 [main] INFO  volume.VolumeSet (VolumeSet.java:initializeVolumeSet(170)) - Added Volume : /workdir/hadoop-ozone/ozonefs/target/test-dir/MiniOzoneClusterImpl-da5888fd-c692-4355-82c4-91aa98cbf569/datanode-3/data/containers/hdds to VolumeSet
2019-09-20 08:46:03,037 [main] INFO  volume.ThrottledAsyncChecker (ThrottledAsyncChecker.java:schedule(140)) - Scheduling a check for org.apache.hadoop.ozone.container.common.volume.HddsVolume@1b8aaeab
2019-09-20 08:46:03,038 [main] INFO  volume.HddsVolumeChecker (HddsVolumeChecker.java:checkAllVolumes(203)) - Scheduled health check for volume org.apache.hadoop.ozone.container.common.volume.HddsVolume@1b8aaeab
2019-09-20 08:46:03,069 [main] INFO  impl.RaftServerProxy (ConfUtils.java:logGet(43)) - raft.rpc.type = GRPC (default)
2019-09-20 08:46:03,070 [main] INFO  grpc.GrpcFactory (GrpcFactory.java:checkPooledByteBufAllocatorUseCacheForAllThreads(45)) - PERFORMANCE WARNING: useCacheForAllThreads is true that may cause Netty to create a lot garbage objects and, as a result, trigger GC.
	It is recommended to disable useCacheForAllThreads by setting -Dorg.apache.ratis.thirdparty.io.netty.allocator.useCacheForAllThreads=false in command line.
2019-09-20 08:46:03,070 [main] INFO  grpc.GrpcConfigKeys$Server (ConfUtils.java:logGet(43)) - raft.grpc.server.port = 0 (default)
2019-09-20 08:46:03,070 [main] INFO  server.GrpcService (ConfUtils.java:logGet(43)) - raft.grpc.message.size.max = 33570816 (custom)
2019-09-20 08:46:03,071 [main] INFO  server.RaftServerConfigKeys (ConfUtils.java:logGet(43)) - raft.server.log.appender.buffer.byte-limit = 33554432 (custom)
2019-09-20 08:46:03,071 [main] INFO  server.GrpcService (ConfUtils.java:logGet(43)) - raft.grpc.flow.control.window = 1MB (=1048576) (default)
2019-09-20 08:46:03,071 [main] INFO  server.RaftServerConfigKeys (ConfUtils.java:logGet(43)) - raft.server.rpc.request.timeout = 3000ms (default)
2019-09-20 08:46:03,072 [main] INFO  server.RaftServerConfigKeys (ConfUtils.java:logGet(43)) - raft.server.storage.dir = [/workdir/hadoop-ozone/ozonefs/target/test-dir/MiniOzoneClusterImpl-da5888fd-c692-4355-82c4-91aa98cbf569/datanode-3/data/ratis] (custom)
2019-09-20 08:46:03,073 [main] INFO  replication.SimpleContainerDownloader (SimpleContainerDownloader.java:<init>(72)) - Starting container downloader service to copy containers to replicate.
2019-09-20 08:46:03,074 [main] INFO  hdfs.DFSUtil (DFSUtil.java:httpServerTemplateForNNAndJN(1641)) - Starting Web-server for hddsDatanode at: http://0.0.0.0:0
2019-09-20 08:46:03,077 [main] INFO  server.AuthenticationFilter (AuthenticationFilter.java:constructSecretProvider(240)) - Unable to initialize FileSignerSecretProvider, falling back to use random secrets.
2019-09-20 08:46:03,078 [main] WARN  http.HttpRequestLog (HttpRequestLog.java:getRequestLog(97)) - Jetty request log can only be enabled using Log4j
2019-09-20 08:46:03,082 [main] INFO  http.HttpServer2 (HttpServer2.java:addGlobalFilter(975)) - Added global filter 'safety' (class=org.apache.hadoop.http.HttpServer2$QuotingInputFilter)
2019-09-20 08:46:03,083 [main] INFO  http.HttpServer2 (HttpServer2.java:addFilter(948)) - Added filter static_user_filter (class=org.apache.hadoop.http.lib.StaticUserWebFilter$StaticUserFilter) to context hddsDatanode
2019-09-20 08:46:03,083 [main] INFO  http.HttpServer2 (HttpServer2.java:addFilter(958)) - Added filter static_user_filter (class=org.apache.hadoop.http.lib.StaticUserWebFilter$StaticUserFilter) to context logs
2019-09-20 08:46:03,084 [main] INFO  http.HttpServer2 (HttpServer2.java:addFilter(958)) - Added filter static_user_filter (class=org.apache.hadoop.http.lib.StaticUserWebFilter$StaticUserFilter) to context static
2019-09-20 08:46:03,085 [main] INFO  http.HttpServer2 (HttpServer2.java:bindListener(1191)) - Jetty bound to port 43863
2019-09-20 08:46:03,085 [main] INFO  server.Server (Server.java:doStart(351)) - jetty-9.3.24.v20180605, build timestamp: 2018-06-05T17:11:56Z, git hash: 84205aa28f11a4f31f2a3b86d1bba2cc8ab69827
2019-09-20 08:46:03,090 [main] INFO  handler.ContextHandler (ContextHandler.java:doStart(781)) - Started o.e.j.s.ServletContextHandler@656842bc{/logs,file:///workdir/hadoop-ozone/ozonefs/target/log,AVAILABLE}
2019-09-20 08:46:03,091 [main] INFO  handler.ContextHandler (ContextHandler.java:doStart(781)) - Started o.e.j.s.ServletContextHandler@3dec3f87{/static,jar:file:/home/user/.m2/repository/org/apache/hadoop/hadoop-hdds-container-service/0.5.0-SNAPSHOT/hadoop-hdds-container-service-0.5.0-SNAPSHOT.jar!/webapps/static,AVAILABLE}
2019-09-20 08:46:03,132 [main] INFO  handler.ContextHandler (ContextHandler.java:doStart(781)) - Started o.e.j.w.WebAppContext@28ee882c{/,file:///tmp/jetty-0.0.0.0-43863-hddsDatanode-_-any-8203999740337154214.dir/webapp/,AVAILABLE}{/hddsDatanode}
2019-09-20 08:46:03,133 [main] INFO  server.AbstractConnector (AbstractConnector.java:doStart(278)) - Started ServerConnector@78d73b1b{HTTP/1.1,[http/1.1]}{0.0.0.0:43863}
2019-09-20 08:46:03,134 [main] INFO  server.Server (Server.java:doStart(419)) - Started @8183ms
2019-09-20 08:46:03,135 [main] INFO  server.BaseHttpServer (BaseHttpServer.java:updateConnectorAddress(213)) - HTTP server of HDDSDATANODE is listening at http://0.0.0.0:43863
2019-09-20 08:46:03,291 | INFO  | ObjectStoreRestHttpServer | Listening HDDS REST traffic on /0.0.0.0:40953 |  
2019-09-20 08:46:03,291 [main] INFO  ozone.HddsDatanodeService (HddsDatanodeService.java:startPlugins(395)) - Started plug-in org.apache.hadoop.ozone.web.OzoneHddsDatanodeService@11eec06b
2019-09-20 08:46:03,292 [main] INFO  impl.MetricsSystemImpl (MetricsSystemImpl.java:init(158)) - HddsDatanode metrics system started (again)
2019-09-20 08:46:03,295 [main] INFO  ozone.HddsDatanodeService (HddsDatanodeService.java:start(184)) - HddsDatanodeService host:pr-hdds-1569-s8kj2-2266485376 ip:192.168.36.79
2019-09-20 08:46:03,296 [org.apache.hadoop.util.JvmPauseMonitor$Monitor@6e0b8209] INFO  util.JvmPauseMonitor (JvmPauseMonitor.java:run(188)) - Starting JVM pause monitor
2019-09-20 08:46:03,299 [Datanode State Machine Thread - 0] INFO  datanode.InitDatanodeState (InitDatanodeState.java:persistContainerDatanodeDetails(140)) - DatanodeDetails is persisted to /workdir/hadoop-ozone/ozonefs/target/test-dir/MiniOzoneClusterImpl-da5888fd-c692-4355-82c4-91aa98cbf569/datanode-3/meta/datanode.id
2019-09-20 08:46:03,305 [main] INFO  volume.HddsVolume (HddsVolume.java:<init>(176)) - Creating Volume: /workdir/hadoop-ozone/ozonefs/target/test-dir/MiniOzoneClusterImpl-da5888fd-c692-4355-82c4-91aa98cbf569/datanode-4/data/containers/hdds of  storage type : DISK and capacity : 1482555576320
2019-09-20 08:46:03,306 [main] INFO  volume.VolumeSet (VolumeSet.java:initializeVolumeSet(170)) - Added Volume : /workdir/hadoop-ozone/ozonefs/target/test-dir/MiniOzoneClusterImpl-da5888fd-c692-4355-82c4-91aa98cbf569/datanode-4/data/containers/hdds to VolumeSet
2019-09-20 08:46:03,306 [main] INFO  volume.ThrottledAsyncChecker (ThrottledAsyncChecker.java:schedule(140)) - Scheduling a check for org.apache.hadoop.ozone.container.common.volume.HddsVolume@2f8c4fae
2019-09-20 08:46:03,307 [main] INFO  volume.HddsVolumeChecker (HddsVolumeChecker.java:checkAllVolumes(203)) - Scheduled health check for volume org.apache.hadoop.ozone.container.common.volume.HddsVolume@2f8c4fae
2019-09-20 08:46:03,337 [main] INFO  impl.RaftServerProxy (ConfUtils.java:logGet(43)) - raft.rpc.type = GRPC (default)
2019-09-20 08:46:03,337 [main] INFO  grpc.GrpcFactory (GrpcFactory.java:checkPooledByteBufAllocatorUseCacheForAllThreads(45)) - PERFORMANCE WARNING: useCacheForAllThreads is true that may cause Netty to create a lot garbage objects and, as a result, trigger GC.
	It is recommended to disable useCacheForAllThreads by setting -Dorg.apache.ratis.thirdparty.io.netty.allocator.useCacheForAllThreads=false in command line.
2019-09-20 08:46:03,338 [main] INFO  grpc.GrpcConfigKeys$Server (ConfUtils.java:logGet(43)) - raft.grpc.server.port = 0 (default)
2019-09-20 08:46:03,338 [main] INFO  server.GrpcService (ConfUtils.java:logGet(43)) - raft.grpc.message.size.max = 33570816 (custom)
2019-09-20 08:46:03,338 [main] INFO  server.RaftServerConfigKeys (ConfUtils.java:logGet(43)) - raft.server.log.appender.buffer.byte-limit = 33554432 (custom)
2019-09-20 08:46:03,339 [main] INFO  server.GrpcService (ConfUtils.java:logGet(43)) - raft.grpc.flow.control.window = 1MB (=1048576) (default)
2019-09-20 08:46:03,339 [main] INFO  server.RaftServerConfigKeys (ConfUtils.java:logGet(43)) - raft.server.rpc.request.timeout = 3000ms (default)
2019-09-20 08:46:03,340 [main] INFO  server.RaftServerConfigKeys (ConfUtils.java:logGet(43)) - raft.server.storage.dir = [/workdir/hadoop-ozone/ozonefs/target/test-dir/MiniOzoneClusterImpl-da5888fd-c692-4355-82c4-91aa98cbf569/datanode-4/data/ratis] (custom)
2019-09-20 08:46:03,340 [main] INFO  replication.SimpleContainerDownloader (SimpleContainerDownloader.java:<init>(72)) - Starting container downloader service to copy containers to replicate.
2019-09-20 08:46:03,341 [main] INFO  hdfs.DFSUtil (DFSUtil.java:httpServerTemplateForNNAndJN(1641)) - Starting Web-server for hddsDatanode at: http://0.0.0.0:0
2019-09-20 08:46:03,343 [main] INFO  server.AuthenticationFilter (AuthenticationFilter.java:constructSecretProvider(240)) - Unable to initialize FileSignerSecretProvider, falling back to use random secrets.
2019-09-20 08:46:03,344 [main] WARN  http.HttpRequestLog (HttpRequestLog.java:getRequestLog(97)) - Jetty request log can only be enabled using Log4j
2019-09-20 08:46:03,346 [main] INFO  http.HttpServer2 (HttpServer2.java:addGlobalFilter(975)) - Added global filter 'safety' (class=org.apache.hadoop.http.HttpServer2$QuotingInputFilter)
2019-09-20 08:46:03,347 [main] INFO  http.HttpServer2 (HttpServer2.java:addFilter(948)) - Added filter static_user_filter (class=org.apache.hadoop.http.lib.StaticUserWebFilter$StaticUserFilter) to context hddsDatanode
2019-09-20 08:46:03,347 [main] INFO  http.HttpServer2 (HttpServer2.java:addFilter(958)) - Added filter static_user_filter (class=org.apache.hadoop.http.lib.StaticUserWebFilter$StaticUserFilter) to context logs
2019-09-20 08:46:03,347 [main] INFO  http.HttpServer2 (HttpServer2.java:addFilter(958)) - Added filter static_user_filter (class=org.apache.hadoop.http.lib.StaticUserWebFilter$StaticUserFilter) to context static
2019-09-20 08:46:03,348 [main] INFO  http.HttpServer2 (HttpServer2.java:bindListener(1191)) - Jetty bound to port 40072
2019-09-20 08:46:03,348 [main] INFO  server.Server (Server.java:doStart(351)) - jetty-9.3.24.v20180605, build timestamp: 2018-06-05T17:11:56Z, git hash: 84205aa28f11a4f31f2a3b86d1bba2cc8ab69827
2019-09-20 08:46:03,350 [main] INFO  handler.ContextHandler (ContextHandler.java:doStart(781)) - Started o.e.j.s.ServletContextHandler@77c66a4f{/logs,file:///workdir/hadoop-ozone/ozonefs/target/log,AVAILABLE}
2019-09-20 08:46:03,351 [main] INFO  handler.ContextHandler (ContextHandler.java:doStart(781)) - Started o.e.j.s.ServletContextHandler@7a3f08b6{/static,jar:file:/home/user/.m2/repository/org/apache/hadoop/hadoop-hdds-container-service/0.5.0-SNAPSHOT/hadoop-hdds-container-service-0.5.0-SNAPSHOT.jar!/webapps/static,AVAILABLE}
2019-09-20 08:46:03,381 [main] INFO  handler.ContextHandler (ContextHandler.java:doStart(781)) - Started o.e.j.w.WebAppContext@2616b618{/,file:///tmp/jetty-0.0.0.0-40072-hddsDatanode-_-any-5894869981597697219.dir/webapp/,AVAILABLE}{/hddsDatanode}
2019-09-20 08:46:03,381 [main] INFO  server.AbstractConnector (AbstractConnector.java:doStart(278)) - Started ServerConnector@73bb573d{HTTP/1.1,[http/1.1]}{0.0.0.0:40072}
2019-09-20 08:46:03,383 [main] INFO  server.Server (Server.java:doStart(419)) - Started @8432ms
2019-09-20 08:46:03,384 [main] INFO  server.BaseHttpServer (BaseHttpServer.java:updateConnectorAddress(213)) - HTTP server of HDDSDATANODE is listening at http://0.0.0.0:40072
2019-09-20 08:46:03,668 | INFO  | ObjectStoreRestHttpServer | Listening HDDS REST traffic on /0.0.0.0:40096 |  
2019-09-20 08:46:03,668 [main] INFO  ozone.HddsDatanodeService (HddsDatanodeService.java:startPlugins(395)) - Started plug-in org.apache.hadoop.ozone.web.OzoneHddsDatanodeService@67763ebe
2019-09-20 08:46:03,668 [main] INFO  impl.MetricsSystemImpl (MetricsSystemImpl.java:init(158)) - HddsDatanode metrics system started (again)
2019-09-20 08:46:03,672 [main] INFO  ozone.HddsDatanodeService (HddsDatanodeService.java:start(184)) - HddsDatanodeService host:pr-hdds-1569-s8kj2-2266485376 ip:192.168.36.79
2019-09-20 08:46:03,673 [org.apache.hadoop.util.JvmPauseMonitor$Monitor@7dc0995c] INFO  util.JvmPauseMonitor (JvmPauseMonitor.java:run(188)) - Starting JVM pause monitor
2019-09-20 08:46:03,676 [Datanode State Machine Thread - 0] INFO  datanode.InitDatanodeState (InitDatanodeState.java:persistContainerDatanodeDetails(140)) - DatanodeDetails is persisted to /workdir/hadoop-ozone/ozonefs/target/test-dir/MiniOzoneClusterImpl-da5888fd-c692-4355-82c4-91aa98cbf569/datanode-4/meta/datanode.id
2019-09-20 08:46:03,681 [main] INFO  volume.HddsVolume (HddsVolume.java:<init>(176)) - Creating Volume: /workdir/hadoop-ozone/ozonefs/target/test-dir/MiniOzoneClusterImpl-da5888fd-c692-4355-82c4-91aa98cbf569/datanode-5/data/containers/hdds of  storage type : DISK and capacity : 1482555576320
2019-09-20 08:46:03,681 [main] INFO  volume.VolumeSet (VolumeSet.java:initializeVolumeSet(170)) - Added Volume : /workdir/hadoop-ozone/ozonefs/target/test-dir/MiniOzoneClusterImpl-da5888fd-c692-4355-82c4-91aa98cbf569/datanode-5/data/containers/hdds to VolumeSet
2019-09-20 08:46:03,681 [main] INFO  volume.ThrottledAsyncChecker (ThrottledAsyncChecker.java:schedule(140)) - Scheduling a check for org.apache.hadoop.ozone.container.common.volume.HddsVolume@4ae280da
2019-09-20 08:46:03,682 [main] INFO  volume.HddsVolumeChecker (HddsVolumeChecker.java:checkAllVolumes(203)) - Scheduled health check for volume org.apache.hadoop.ozone.container.common.volume.HddsVolume@4ae280da
2019-09-20 08:46:03,704 [main] INFO  impl.RaftServerProxy (ConfUtils.java:logGet(43)) - raft.rpc.type = GRPC (default)
2019-09-20 08:46:03,705 [main] INFO  grpc.GrpcFactory (GrpcFactory.java:checkPooledByteBufAllocatorUseCacheForAllThreads(45)) - PERFORMANCE WARNING: useCacheForAllThreads is true that may cause Netty to create a lot garbage objects and, as a result, trigger GC.
	It is recommended to disable useCacheForAllThreads by setting -Dorg.apache.ratis.thirdparty.io.netty.allocator.useCacheForAllThreads=false in command line.
2019-09-20 08:46:03,705 [main] INFO  grpc.GrpcConfigKeys$Server (ConfUtils.java:logGet(43)) - raft.grpc.server.port = 0 (default)
2019-09-20 08:46:03,705 [main] INFO  server.GrpcService (ConfUtils.java:logGet(43)) - raft.grpc.message.size.max = 33570816 (custom)
2019-09-20 08:46:03,705 [main] INFO  server.RaftServerConfigKeys (ConfUtils.java:logGet(43)) - raft.server.log.appender.buffer.byte-limit = 33554432 (custom)
2019-09-20 08:46:03,706 [main] INFO  server.GrpcService (ConfUtils.java:logGet(43)) - raft.grpc.flow.control.window = 1MB (=1048576) (default)
2019-09-20 08:46:03,706 [main] INFO  server.RaftServerConfigKeys (ConfUtils.java:logGet(43)) - raft.server.rpc.request.timeout = 3000ms (default)
2019-09-20 08:46:03,706 [main] INFO  server.RaftServerConfigKeys (ConfUtils.java:logGet(43)) - raft.server.storage.dir = [/workdir/hadoop-ozone/ozonefs/target/test-dir/MiniOzoneClusterImpl-da5888fd-c692-4355-82c4-91aa98cbf569/datanode-5/data/ratis] (custom)
2019-09-20 08:46:03,707 [main] INFO  replication.SimpleContainerDownloader (SimpleContainerDownloader.java:<init>(72)) - Starting container downloader service to copy containers to replicate.
2019-09-20 08:46:03,708 [main] INFO  hdfs.DFSUtil (DFSUtil.java:httpServerTemplateForNNAndJN(1641)) - Starting Web-server for hddsDatanode at: http://0.0.0.0:0
2019-09-20 08:46:03,711 [main] INFO  server.AuthenticationFilter (AuthenticationFilter.java:constructSecretProvider(240)) - Unable to initialize FileSignerSecretProvider, falling back to use random secrets.
2019-09-20 08:46:03,712 [main] WARN  http.HttpRequestLog (HttpRequestLog.java:getRequestLog(97)) - Jetty request log can only be enabled using Log4j
2019-09-20 08:46:03,715 [main] INFO  http.HttpServer2 (HttpServer2.java:addGlobalFilter(975)) - Added global filter 'safety' (class=org.apache.hadoop.http.HttpServer2$QuotingInputFilter)
2019-09-20 08:46:03,716 [main] INFO  http.HttpServer2 (HttpServer2.java:addFilter(948)) - Added filter static_user_filter (class=org.apache.hadoop.http.lib.StaticUserWebFilter$StaticUserFilter) to context hddsDatanode
2019-09-20 08:46:03,716 [main] INFO  http.HttpServer2 (HttpServer2.java:addFilter(958)) - Added filter static_user_filter (class=org.apache.hadoop.http.lib.StaticUserWebFilter$StaticUserFilter) to context logs
2019-09-20 08:46:03,717 [main] INFO  http.HttpServer2 (HttpServer2.java:addFilter(958)) - Added filter static_user_filter (class=org.apache.hadoop.http.lib.StaticUserWebFilter$StaticUserFilter) to context static
2019-09-20 08:46:03,718 [main] INFO  http.HttpServer2 (HttpServer2.java:bindListener(1191)) - Jetty bound to port 36664
2019-09-20 08:46:03,718 [main] INFO  server.Server (Server.java:doStart(351)) - jetty-9.3.24.v20180605, build timestamp: 2018-06-05T17:11:56Z, git hash: 84205aa28f11a4f31f2a3b86d1bba2cc8ab69827
2019-09-20 08:46:03,721 [main] INFO  handler.ContextHandler (ContextHandler.java:doStart(781)) - Started o.e.j.s.ServletContextHandler@11e17893{/logs,file:///workdir/hadoop-ozone/ozonefs/target/log,AVAILABLE}
2019-09-20 08:46:03,721 [main] INFO  handler.ContextHandler (ContextHandler.java:doStart(781)) - Started o.e.j.s.ServletContextHandler@6682e6a5{/static,jar:file:/home/user/.m2/repository/org/apache/hadoop/hadoop-hdds-container-service/0.5.0-SNAPSHOT/hadoop-hdds-container-service-0.5.0-SNAPSHOT.jar!/webapps/static,AVAILABLE}
2019-09-20 08:46:03,764 [main] INFO  handler.ContextHandler (ContextHandler.java:doStart(781)) - Started o.e.j.w.WebAppContext@51424203{/,file:///tmp/jetty-0.0.0.0-36664-hddsDatanode-_-any-3018792279880116818.dir/webapp/,AVAILABLE}{/hddsDatanode}
2019-09-20 08:46:03,765 [main] INFO  server.AbstractConnector (AbstractConnector.java:doStart(278)) - Started ServerConnector@7336fd8f{HTTP/1.1,[http/1.1]}{0.0.0.0:36664}
2019-09-20 08:46:03,766 [main] INFO  server.Server (Server.java:doStart(419)) - Started @8815ms
2019-09-20 08:46:03,767 [main] INFO  server.BaseHttpServer (BaseHttpServer.java:updateConnectorAddress(213)) - HTTP server of HDDSDATANODE is listening at http://0.0.0.0:36664
2019-09-20 08:46:03,912 | INFO  | ObjectStoreRestHttpServer | Listening HDDS REST traffic on /0.0.0.0:45647 |  
2019-09-20 08:46:03,912 [main] INFO  ozone.HddsDatanodeService (HddsDatanodeService.java:startPlugins(395)) - Started plug-in org.apache.hadoop.ozone.web.OzoneHddsDatanodeService@7be38eba
2019-09-20 08:46:03,913 [main] INFO  impl.MetricsSystemImpl (MetricsSystemImpl.java:init(158)) - HddsDatanode metrics system started (again)
2019-09-20 08:46:03,917 [org.apache.hadoop.util.JvmPauseMonitor$Monitor@10b80983] INFO  util.JvmPauseMonitor (JvmPauseMonitor.java:run(188)) - Starting JVM pause monitor
2019-09-20 08:46:03,917 [main] INFO  ozone.HddsDatanodeService (HddsDatanodeService.java:start(184)) - HddsDatanodeService host:pr-hdds-1569-s8kj2-2266485376 ip:192.168.36.79
2019-09-20 08:46:03,919 [Datanode State Machine Thread - 0] INFO  datanode.InitDatanodeState (InitDatanodeState.java:persistContainerDatanodeDetails(140)) - DatanodeDetails is persisted to /workdir/hadoop-ozone/ozonefs/target/test-dir/MiniOzoneClusterImpl-da5888fd-c692-4355-82c4-91aa98cbf569/datanode-5/meta/datanode.id
2019-09-20 08:46:03,926 [main] INFO  volume.HddsVolume (HddsVolume.java:<init>(176)) - Creating Volume: /workdir/hadoop-ozone/ozonefs/target/test-dir/MiniOzoneClusterImpl-da5888fd-c692-4355-82c4-91aa98cbf569/datanode-6/data/containers/hdds of  storage type : DISK and capacity : 1482555576320
2019-09-20 08:46:03,927 [main] INFO  volume.VolumeSet (VolumeSet.java:initializeVolumeSet(170)) - Added Volume : /workdir/hadoop-ozone/ozonefs/target/test-dir/MiniOzoneClusterImpl-da5888fd-c692-4355-82c4-91aa98cbf569/datanode-6/data/containers/hdds to VolumeSet
2019-09-20 08:46:03,927 [main] INFO  volume.ThrottledAsyncChecker (ThrottledAsyncChecker.java:schedule(140)) - Scheduling a check for org.apache.hadoop.ozone.container.common.volume.HddsVolume@59ec7020
2019-09-20 08:46:03,927 [main] INFO  volume.HddsVolumeChecker (HddsVolumeChecker.java:checkAllVolumes(203)) - Scheduled health check for volume org.apache.hadoop.ozone.container.common.volume.HddsVolume@59ec7020
2019-09-20 08:46:03,949 [main] INFO  impl.RaftServerProxy (ConfUtils.java:logGet(43)) - raft.rpc.type = GRPC (default)
2019-09-20 08:46:03,949 [main] INFO  grpc.GrpcFactory (GrpcFactory.java:checkPooledByteBufAllocatorUseCacheForAllThreads(45)) - PERFORMANCE WARNING: useCacheForAllThreads is true that may cause Netty to create a lot garbage objects and, as a result, trigger GC.
	It is recommended to disable useCacheForAllThreads by setting -Dorg.apache.ratis.thirdparty.io.netty.allocator.useCacheForAllThreads=false in command line.
2019-09-20 08:46:03,949 [main] INFO  grpc.GrpcConfigKeys$Server (ConfUtils.java:logGet(43)) - raft.grpc.server.port = 0 (default)
2019-09-20 08:46:03,949 [main] INFO  server.GrpcService (ConfUtils.java:logGet(43)) - raft.grpc.message.size.max = 33570816 (custom)
2019-09-20 08:46:03,949 [main] INFO  server.RaftServerConfigKeys (ConfUtils.java:logGet(43)) - raft.server.log.appender.buffer.byte-limit = 33554432 (custom)
2019-09-20 08:46:03,950 [main] INFO  server.GrpcService (ConfUtils.java:logGet(43)) - raft.grpc.flow.control.window = 1MB (=1048576) (default)
2019-09-20 08:46:03,950 [main] INFO  server.RaftServerConfigKeys (ConfUtils.java:logGet(43)) - raft.server.rpc.request.timeout = 3000ms (default)
2019-09-20 08:46:03,950 [main] INFO  server.RaftServerConfigKeys (ConfUtils.java:logGet(43)) - raft.server.storage.dir = [/workdir/hadoop-ozone/ozonefs/target/test-dir/MiniOzoneClusterImpl-da5888fd-c692-4355-82c4-91aa98cbf569/datanode-6/data/ratis] (custom)
2019-09-20 08:46:03,951 [main] INFO  replication.SimpleContainerDownloader (SimpleContainerDownloader.java:<init>(72)) - Starting container downloader service to copy containers to replicate.
2019-09-20 08:46:03,952 [main] INFO  hdfs.DFSUtil (DFSUtil.java:httpServerTemplateForNNAndJN(1641)) - Starting Web-server for hddsDatanode at: http://0.0.0.0:0
2019-09-20 08:46:03,954 [main] INFO  server.AuthenticationFilter (AuthenticationFilter.java:constructSecretProvider(240)) - Unable to initialize FileSignerSecretProvider, falling back to use random secrets.
2019-09-20 08:46:03,954 [main] WARN  http.HttpRequestLog (HttpRequestLog.java:getRequestLog(97)) - Jetty request log can only be enabled using Log4j
2019-09-20 08:46:03,956 [main] INFO  http.HttpServer2 (HttpServer2.java:addGlobalFilter(975)) - Added global filter 'safety' (class=org.apache.hadoop.http.HttpServer2$QuotingInputFilter)
2019-09-20 08:46:03,956 [main] INFO  http.HttpServer2 (HttpServer2.java:addFilter(948)) - Added filter static_user_filter (class=org.apache.hadoop.http.lib.StaticUserWebFilter$StaticUserFilter) to context hddsDatanode
2019-09-20 08:46:03,957 [main] INFO  http.HttpServer2 (HttpServer2.java:addFilter(958)) - Added filter static_user_filter (class=org.apache.hadoop.http.lib.StaticUserWebFilter$StaticUserFilter) to context static
2019-09-20 08:46:03,957 [main] INFO  http.HttpServer2 (HttpServer2.java:addFilter(958)) - Added filter static_user_filter (class=org.apache.hadoop.http.lib.StaticUserWebFilter$StaticUserFilter) to context logs
2019-09-20 08:46:03,957 [main] INFO  http.HttpServer2 (HttpServer2.java:bindListener(1191)) - Jetty bound to port 38347
2019-09-20 08:46:03,957 [main] INFO  server.Server (Server.java:doStart(351)) - jetty-9.3.24.v20180605, build timestamp: 2018-06-05T17:11:56Z, git hash: 84205aa28f11a4f31f2a3b86d1bba2cc8ab69827
2019-09-20 08:46:03,959 [main] INFO  handler.ContextHandler (ContextHandler.java:doStart(781)) - Started o.e.j.s.ServletContextHandler@2120bed{/logs,file:///workdir/hadoop-ozone/ozonefs/target/log,AVAILABLE}
2019-09-20 08:46:03,960 [main] INFO  handler.ContextHandler (ContextHandler.java:doStart(781)) - Started o.e.j.s.ServletContextHandler@743bb39a{/static,jar:file:/home/user/.m2/repository/org/apache/hadoop/hadoop-hdds-container-service/0.5.0-SNAPSHOT/hadoop-hdds-container-service-0.5.0-SNAPSHOT.jar!/webapps/static,AVAILABLE}
2019-09-20 08:46:03,986 [main] INFO  handler.ContextHandler (ContextHandler.java:doStart(781)) - Started o.e.j.w.WebAppContext@23b71d24{/,file:///tmp/jetty-0.0.0.0-38347-hddsDatanode-_-any-4859281936036946179.dir/webapp/,AVAILABLE}{/hddsDatanode}
2019-09-20 08:46:03,987 [main] INFO  server.AbstractConnector (AbstractConnector.java:doStart(278)) - Started ServerConnector@568f4faa{HTTP/1.1,[http/1.1]}{0.0.0.0:38347}
2019-09-20 08:46:03,988 [main] INFO  server.Server (Server.java:doStart(419)) - Started @9037ms
2019-09-20 08:46:03,988 [main] INFO  server.BaseHttpServer (BaseHttpServer.java:updateConnectorAddress(213)) - HTTP server of HDDSDATANODE is listening at http://0.0.0.0:38347
2019-09-20 08:46:04,111 | INFO  | ObjectStoreRestHttpServer | Listening HDDS REST traffic on /0.0.0.0:42536 |  
2019-09-20 08:46:04,111 [main] INFO  ozone.HddsDatanodeService (HddsDatanodeService.java:startPlugins(395)) - Started plug-in org.apache.hadoop.ozone.web.OzoneHddsDatanodeService@79f1e22e
2019-09-20 08:46:04,112 [main] INFO  impl.MetricsSystemImpl (MetricsSystemImpl.java:init(158)) - HddsDatanode metrics system started (again)
2019-09-20 08:46:04,117 [main] INFO  ozone.HddsDatanodeService (HddsDatanodeService.java:start(184)) - HddsDatanodeService host:pr-hdds-1569-s8kj2-2266485376 ip:192.168.36.79
2019-09-20 08:46:04,117 [org.apache.hadoop.util.JvmPauseMonitor$Monitor@9cbd2e5] INFO  util.JvmPauseMonitor (JvmPauseMonitor.java:run(188)) - Starting JVM pause monitor
2019-09-20 08:46:04,120 [Datanode State Machine Thread - 0] INFO  datanode.InitDatanodeState (InitDatanodeState.java:persistContainerDatanodeDetails(140)) - DatanodeDetails is persisted to /workdir/hadoop-ozone/ozonefs/target/test-dir/MiniOzoneClusterImpl-da5888fd-c692-4355-82c4-91aa98cbf569/datanode-6/meta/datanode.id
2019-09-20 08:46:04,128 [main] INFO  volume.HddsVolume (HddsVolume.java:<init>(176)) - Creating Volume: /workdir/hadoop-ozone/ozonefs/target/test-dir/MiniOzoneClusterImpl-da5888fd-c692-4355-82c4-91aa98cbf569/datanode-7/data/containers/hdds of  storage type : DISK and capacity : 1482555576320
2019-09-20 08:46:04,128 [main] INFO  volume.VolumeSet (VolumeSet.java:initializeVolumeSet(170)) - Added Volume : /workdir/hadoop-ozone/ozonefs/target/test-dir/MiniOzoneClusterImpl-da5888fd-c692-4355-82c4-91aa98cbf569/datanode-7/data/containers/hdds to VolumeSet
2019-09-20 08:46:04,128 [main] INFO  volume.ThrottledAsyncChecker (ThrottledAsyncChecker.java:schedule(140)) - Scheduling a check for org.apache.hadoop.ozone.container.common.volume.HddsVolume@43deba42
2019-09-20 08:46:04,129 [main] INFO  volume.HddsVolumeChecker (HddsVolumeChecker.java:checkAllVolumes(203)) - Scheduled health check for volume org.apache.hadoop.ozone.container.common.volume.HddsVolume@43deba42
2019-09-20 08:46:04,154 [main] INFO  impl.RaftServerProxy (ConfUtils.java:logGet(43)) - raft.rpc.type = GRPC (default)
2019-09-20 08:46:04,154 [main] INFO  grpc.GrpcFactory (GrpcFactory.java:checkPooledByteBufAllocatorUseCacheForAllThreads(45)) - PERFORMANCE WARNING: useCacheForAllThreads is true that may cause Netty to create a lot garbage objects and, as a result, trigger GC.
	It is recommended to disable useCacheForAllThreads by setting -Dorg.apache.ratis.thirdparty.io.netty.allocator.useCacheForAllThreads=false in command line.
2019-09-20 08:46:04,155 [main] INFO  grpc.GrpcConfigKeys$Server (ConfUtils.java:logGet(43)) - raft.grpc.server.port = 0 (default)
2019-09-20 08:46:04,155 [main] INFO  server.GrpcService (ConfUtils.java:logGet(43)) - raft.grpc.message.size.max = 33570816 (custom)
2019-09-20 08:46:04,155 [main] INFO  server.RaftServerConfigKeys (ConfUtils.java:logGet(43)) - raft.server.log.appender.buffer.byte-limit = 33554432 (custom)
2019-09-20 08:46:04,156 [main] INFO  server.GrpcService (ConfUtils.java:logGet(43)) - raft.grpc.flow.control.window = 1MB (=1048576) (default)
2019-09-20 08:46:04,156 [main] INFO  server.RaftServerConfigKeys (ConfUtils.java:logGet(43)) - raft.server.rpc.request.timeout = 3000ms (default)
2019-09-20 08:46:04,157 [main] INFO  server.RaftServerConfigKeys (ConfUtils.java:logGet(43)) - raft.server.storage.dir = [/workdir/hadoop-ozone/ozonefs/target/test-dir/MiniOzoneClusterImpl-da5888fd-c692-4355-82c4-91aa98cbf569/datanode-7/data/ratis] (custom)
2019-09-20 08:46:04,158 [main] INFO  replication.SimpleContainerDownloader (SimpleContainerDownloader.java:<init>(72)) - Starting container downloader service to copy containers to replicate.
2019-09-20 08:46:04,159 [main] INFO  hdfs.DFSUtil (DFSUtil.java:httpServerTemplateForNNAndJN(1641)) - Starting Web-server for hddsDatanode at: http://0.0.0.0:0
2019-09-20 08:46:04,161 [main] INFO  server.AuthenticationFilter (AuthenticationFilter.java:constructSecretProvider(240)) - Unable to initialize FileSignerSecretProvider, falling back to use random secrets.
2019-09-20 08:46:04,162 [main] WARN  http.HttpRequestLog (HttpRequestLog.java:getRequestLog(97)) - Jetty request log can only be enabled using Log4j
2019-09-20 08:46:04,163 [main] INFO  http.HttpServer2 (HttpServer2.java:addGlobalFilter(975)) - Added global filter 'safety' (class=org.apache.hadoop.http.HttpServer2$QuotingInputFilter)
2019-09-20 08:46:04,164 [main] INFO  http.HttpServer2 (HttpServer2.java:addFilter(948)) - Added filter static_user_filter (class=org.apache.hadoop.http.lib.StaticUserWebFilter$StaticUserFilter) to context hddsDatanode
2019-09-20 08:46:04,164 [main] INFO  http.HttpServer2 (HttpServer2.java:addFilter(958)) - Added filter static_user_filter (class=org.apache.hadoop.http.lib.StaticUserWebFilter$StaticUserFilter) to context static
2019-09-20 08:46:04,164 [main] INFO  http.HttpServer2 (HttpServer2.java:addFilter(958)) - Added filter static_user_filter (class=org.apache.hadoop.http.lib.StaticUserWebFilter$StaticUserFilter) to context logs
2019-09-20 08:46:04,165 [main] INFO  http.HttpServer2 (HttpServer2.java:bindListener(1191)) - Jetty bound to port 44338
2019-09-20 08:46:04,165 [main] INFO  server.Server (Server.java:doStart(351)) - jetty-9.3.24.v20180605, build timestamp: 2018-06-05T17:11:56Z, git hash: 84205aa28f11a4f31f2a3b86d1bba2cc8ab69827
2019-09-20 08:46:04,167 [main] INFO  handler.ContextHandler (ContextHandler.java:doStart(781)) - Started o.e.j.s.ServletContextHandler@3ac0a14b{/logs,file:///workdir/hadoop-ozone/ozonefs/target/log,AVAILABLE}
2019-09-20 08:46:04,167 [main] INFO  handler.ContextHandler (ContextHandler.java:doStart(781)) - Started o.e.j.s.ServletContextHandler@5e24592e{/static,jar:file:/home/user/.m2/repository/org/apache/hadoop/hadoop-hdds-container-service/0.5.0-SNAPSHOT/hadoop-hdds-container-service-0.5.0-SNAPSHOT.jar!/webapps/static,AVAILABLE}
2019-09-20 08:46:04,194 [main] INFO  handler.ContextHandler (ContextHandler.java:doStart(781)) - Started o.e.j.w.WebAppContext@6f0c45f4{/,file:///tmp/jetty-0.0.0.0-44338-hddsDatanode-_-any-926991228303909547.dir/webapp/,AVAILABLE}{/hddsDatanode}
2019-09-20 08:46:04,195 [main] INFO  server.AbstractConnector (AbstractConnector.java:doStart(278)) - Started ServerConnector@45571cfc{HTTP/1.1,[http/1.1]}{0.0.0.0:44338}
2019-09-20 08:46:04,196 [main] INFO  server.Server (Server.java:doStart(419)) - Started @9246ms
2019-09-20 08:46:04,197 [main] INFO  server.BaseHttpServer (BaseHttpServer.java:updateConnectorAddress(213)) - HTTP server of HDDSDATANODE is listening at http://0.0.0.0:44338
2019-09-20 08:46:04,318 | INFO  | ObjectStoreRestHttpServer | Listening HDDS REST traffic on /0.0.0.0:43463 |  
2019-09-20 08:46:04,319 [main] INFO  ozone.HddsDatanodeService (HddsDatanodeService.java:startPlugins(395)) - Started plug-in org.apache.hadoop.ozone.web.OzoneHddsDatanodeService@2f60cbf2
2019-09-20 08:46:04,319 [main] INFO  impl.MetricsSystemImpl (MetricsSystemImpl.java:init(158)) - HddsDatanode metrics system started (again)
2019-09-20 08:46:04,324 [main] INFO  ozone.HddsDatanodeService (HddsDatanodeService.java:start(184)) - HddsDatanodeService host:pr-hdds-1569-s8kj2-2266485376 ip:192.168.36.79
2019-09-20 08:46:04,324 [org.apache.hadoop.util.JvmPauseMonitor$Monitor@7e5f86cf] INFO  util.JvmPauseMonitor (JvmPauseMonitor.java:run(188)) - Starting JVM pause monitor
2019-09-20 08:46:04,327 [Datanode State Machine Thread - 0] INFO  datanode.InitDatanodeState (InitDatanodeState.java:persistContainerDatanodeDetails(140)) - DatanodeDetails is persisted to /workdir/hadoop-ozone/ozonefs/target/test-dir/MiniOzoneClusterImpl-da5888fd-c692-4355-82c4-91aa98cbf569/datanode-7/meta/datanode.id
2019-09-20 08:46:04,334 [main] INFO  volume.HddsVolume (HddsVolume.java:<init>(176)) - Creating Volume: /workdir/hadoop-ozone/ozonefs/target/test-dir/MiniOzoneClusterImpl-da5888fd-c692-4355-82c4-91aa98cbf569/datanode-8/data/containers/hdds of  storage type : DISK and capacity : 1482555576320
2019-09-20 08:46:04,335 [main] INFO  volume.VolumeSet (VolumeSet.java:initializeVolumeSet(170)) - Added Volume : /workdir/hadoop-ozone/ozonefs/target/test-dir/MiniOzoneClusterImpl-da5888fd-c692-4355-82c4-91aa98cbf569/datanode-8/data/containers/hdds to VolumeSet
2019-09-20 08:46:04,335 [main] INFO  volume.ThrottledAsyncChecker (ThrottledAsyncChecker.java:schedule(140)) - Scheduling a check for org.apache.hadoop.ozone.container.common.volume.HddsVolume@15186ce0
2019-09-20 08:46:04,335 [main] INFO  volume.HddsVolumeChecker (HddsVolumeChecker.java:checkAllVolumes(203)) - Scheduled health check for volume org.apache.hadoop.ozone.container.common.volume.HddsVolume@15186ce0
2019-09-20 08:46:04,355 [main] INFO  impl.RaftServerProxy (ConfUtils.java:logGet(43)) - raft.rpc.type = GRPC (default)
2019-09-20 08:46:04,355 [main] INFO  grpc.GrpcFactory (GrpcFactory.java:checkPooledByteBufAllocatorUseCacheForAllThreads(45)) - PERFORMANCE WARNING: useCacheForAllThreads is true that may cause Netty to create a lot garbage objects and, as a result, trigger GC.
	It is recommended to disable useCacheForAllThreads by setting -Dorg.apache.ratis.thirdparty.io.netty.allocator.useCacheForAllThreads=false in command line.
2019-09-20 08:46:04,355 [main] INFO  grpc.GrpcConfigKeys$Server (ConfUtils.java:logGet(43)) - raft.grpc.server.port = 0 (default)
2019-09-20 08:46:04,356 [main] INFO  server.GrpcService (ConfUtils.java:logGet(43)) - raft.grpc.message.size.max = 33570816 (custom)
2019-09-20 08:46:04,356 [main] INFO  server.RaftServerConfigKeys (ConfUtils.java:logGet(43)) - raft.server.log.appender.buffer.byte-limit = 33554432 (custom)
2019-09-20 08:46:04,356 [main] INFO  server.GrpcService (ConfUtils.java:logGet(43)) - raft.grpc.flow.control.window = 1MB (=1048576) (default)
2019-09-20 08:46:04,356 [main] INFO  server.RaftServerConfigKeys (ConfUtils.java:logGet(43)) - raft.server.rpc.request.timeout = 3000ms (default)
2019-09-20 08:46:04,357 [main] INFO  server.RaftServerConfigKeys (ConfUtils.java:logGet(43)) - raft.server.storage.dir = [/workdir/hadoop-ozone/ozonefs/target/test-dir/MiniOzoneClusterImpl-da5888fd-c692-4355-82c4-91aa98cbf569/datanode-8/data/ratis] (custom)
2019-09-20 08:46:04,357 [main] INFO  replication.SimpleContainerDownloader (SimpleContainerDownloader.java:<init>(72)) - Starting container downloader service to copy containers to replicate.
2019-09-20 08:46:04,358 [main] INFO  hdfs.DFSUtil (DFSUtil.java:httpServerTemplateForNNAndJN(1641)) - Starting Web-server for hddsDatanode at: http://0.0.0.0:0
2019-09-20 08:46:04,360 [main] INFO  server.AuthenticationFilter (AuthenticationFilter.java:constructSecretProvider(240)) - Unable to initialize FileSignerSecretProvider, falling back to use random secrets.
2019-09-20 08:46:04,361 [main] WARN  http.HttpRequestLog (HttpRequestLog.java:getRequestLog(97)) - Jetty request log can only be enabled using Log4j
2019-09-20 08:46:04,362 [main] INFO  http.HttpServer2 (HttpServer2.java:addGlobalFilter(975)) - Added global filter 'safety' (class=org.apache.hadoop.http.HttpServer2$QuotingInputFilter)
2019-09-20 08:46:04,363 [main] INFO  http.HttpServer2 (HttpServer2.java:addFilter(948)) - Added filter static_user_filter (class=org.apache.hadoop.http.lib.StaticUserWebFilter$StaticUserFilter) to context hddsDatanode
2019-09-20 08:46:04,363 [main] INFO  http.HttpServer2 (HttpServer2.java:addFilter(958)) - Added filter static_user_filter (class=org.apache.hadoop.http.lib.StaticUserWebFilter$StaticUserFilter) to context static
2019-09-20 08:46:04,363 [main] INFO  http.HttpServer2 (HttpServer2.java:addFilter(958)) - Added filter static_user_filter (class=org.apache.hadoop.http.lib.StaticUserWebFilter$StaticUserFilter) to context logs
2019-09-20 08:46:04,364 [main] INFO  http.HttpServer2 (HttpServer2.java:bindListener(1191)) - Jetty bound to port 43183
2019-09-20 08:46:04,364 [main] INFO  server.Server (Server.java:doStart(351)) - jetty-9.3.24.v20180605, build timestamp: 2018-06-05T17:11:56Z, git hash: 84205aa28f11a4f31f2a3b86d1bba2cc8ab69827
2019-09-20 08:46:04,366 [main] INFO  handler.ContextHandler (ContextHandler.java:doStart(781)) - Started o.e.j.s.ServletContextHandler@5ed65e4b{/logs,file:///workdir/hadoop-ozone/ozonefs/target/log,AVAILABLE}
2019-09-20 08:46:04,367 [main] INFO  handler.ContextHandler (ContextHandler.java:doStart(781)) - Started o.e.j.s.ServletContextHandler@40cf6254{/static,jar:file:/home/user/.m2/repository/org/apache/hadoop/hadoop-hdds-container-service/0.5.0-SNAPSHOT/hadoop-hdds-container-service-0.5.0-SNAPSHOT.jar!/webapps/static,AVAILABLE}
2019-09-20 08:46:04,394 [main] INFO  handler.ContextHandler (ContextHandler.java:doStart(781)) - Started o.e.j.w.WebAppContext@8851ec{/,file:///tmp/jetty-0.0.0.0-43183-hddsDatanode-_-any-767019534688146594.dir/webapp/,AVAILABLE}{/hddsDatanode}
2019-09-20 08:46:04,394 [main] INFO  server.AbstractConnector (AbstractConnector.java:doStart(278)) - Started ServerConnector@18b40fe6{HTTP/1.1,[http/1.1]}{0.0.0.0:43183}
2019-09-20 08:46:04,396 [main] INFO  server.Server (Server.java:doStart(419)) - Started @9446ms
2019-09-20 08:46:04,397 [main] INFO  server.BaseHttpServer (BaseHttpServer.java:updateConnectorAddress(213)) - HTTP server of HDDSDATANODE is listening at http://0.0.0.0:43183
2019-09-20 08:46:04,466 | INFO  | SCMAudit | user=jenkins1000 | ip=192.168.36.79 | op=GET_VERSION null | ret=SUCCESS |  
2019-09-20 08:46:04,497 [Datanode State Machine Thread - 0] INFO  ozoneimpl.OzoneContainer (OzoneContainer.java:start(186)) - Attempting to start container services.
2019-09-20 08:46:04,500 [Datanode State Machine Thread - 0] INFO  ozoneimpl.OzoneContainer (OzoneContainer.java:startContainerScrub(160)) - Background container scrubber has been disabled by hdds.containerscrub.enabled
2019-09-20 08:46:04,500 [Datanode State Machine Thread - 0] INFO  ratis.XceiverServerRatis (XceiverServerRatis.java:start(404)) - Starting XceiverServerRatis 3ea69b51-ea1d-40b9-a82f-433a48a46bff at port 0
2019-09-20 08:46:04,526 | INFO  | ObjectStoreRestHttpServer | Listening HDDS REST traffic on /0.0.0.0:34358 |  
2019-09-20 08:46:04,527 [main] INFO  ozone.HddsDatanodeService (HddsDatanodeService.java:startPlugins(395)) - Started plug-in org.apache.hadoop.ozone.web.OzoneHddsDatanodeService@27db45f
2019-09-20 08:46:04,527 [main] INFO  impl.MetricsSystemImpl (MetricsSystemImpl.java:init(158)) - HddsDatanode metrics system started (again)
2019-09-20 08:46:04,532 [Datanode State Machine Thread - 0] INFO  impl.RaftServerProxy (RaftServerProxy.java:lambda$start$3(299)) - 3ea69b51-ea1d-40b9-a82f-433a48a46bff: start RPC server
2019-09-20 08:46:04,536 [org.apache.hadoop.util.JvmPauseMonitor$Monitor@2d831678] INFO  util.JvmPauseMonitor (JvmPauseMonitor.java:run(188)) - Starting JVM pause monitor
2019-09-20 08:46:04,537 [main] INFO  ozone.HddsDatanodeService (HddsDatanodeService.java:start(184)) - HddsDatanodeService host:pr-hdds-1569-s8kj2-2266485376 ip:192.168.36.79
2019-09-20 08:46:04,540 [Datanode State Machine Thread - 0] INFO  datanode.InitDatanodeState (InitDatanodeState.java:persistContainerDatanodeDetails(140)) - DatanodeDetails is persisted to /workdir/hadoop-ozone/ozonefs/target/test-dir/MiniOzoneClusterImpl-da5888fd-c692-4355-82c4-91aa98cbf569/datanode-8/meta/datanode.id
2019-09-20 08:46:04,549 [main] INFO  volume.HddsVolume (HddsVolume.java:<init>(176)) - Creating Volume: /workdir/hadoop-ozone/ozonefs/target/test-dir/MiniOzoneClusterImpl-da5888fd-c692-4355-82c4-91aa98cbf569/datanode-9/data/containers/hdds of  storage type : DISK and capacity : 1482555576320
2019-09-20 08:46:04,549 [main] INFO  volume.VolumeSet (VolumeSet.java:initializeVolumeSet(170)) - Added Volume : /workdir/hadoop-ozone/ozonefs/target/test-dir/MiniOzoneClusterImpl-da5888fd-c692-4355-82c4-91aa98cbf569/datanode-9/data/containers/hdds to VolumeSet
2019-09-20 08:46:04,549 [main] INFO  volume.ThrottledAsyncChecker (ThrottledAsyncChecker.java:schedule(140)) - Scheduling a check for org.apache.hadoop.ozone.container.common.volume.HddsVolume@52285a5f
2019-09-20 08:46:04,550 [main] INFO  volume.HddsVolumeChecker (HddsVolumeChecker.java:checkAllVolumes(203)) - Scheduled health check for volume org.apache.hadoop.ozone.container.common.volume.HddsVolume@52285a5f
2019-09-20 08:46:04,574 [main] INFO  impl.RaftServerProxy (ConfUtils.java:logGet(43)) - raft.rpc.type = GRPC (default)
2019-09-20 08:46:04,574 [main] INFO  grpc.GrpcFactory (GrpcFactory.java:checkPooledByteBufAllocatorUseCacheForAllThreads(45)) - PERFORMANCE WARNING: useCacheForAllThreads is true that may cause Netty to create a lot garbage objects and, as a result, trigger GC.
	It is recommended to disable useCacheForAllThreads by setting -Dorg.apache.ratis.thirdparty.io.netty.allocator.useCacheForAllThreads=false in command line.
2019-09-20 08:46:04,575 [main] INFO  grpc.GrpcConfigKeys$Server (ConfUtils.java:logGet(43)) - raft.grpc.server.port = 0 (default)
2019-09-20 08:46:04,575 [main] INFO  server.GrpcService (ConfUtils.java:logGet(43)) - raft.grpc.message.size.max = 33570816 (custom)
2019-09-20 08:46:04,576 [main] INFO  server.RaftServerConfigKeys (ConfUtils.java:logGet(43)) - raft.server.log.appender.buffer.byte-limit = 33554432 (custom)
2019-09-20 08:46:04,576 [main] INFO  server.GrpcService (ConfUtils.java:logGet(43)) - raft.grpc.flow.control.window = 1MB (=1048576) (default)
2019-09-20 08:46:04,576 [main] INFO  server.RaftServerConfigKeys (ConfUtils.java:logGet(43)) - raft.server.rpc.request.timeout = 3000ms (default)
2019-09-20 08:46:04,576 [main] INFO  server.RaftServerConfigKeys (ConfUtils.java:logGet(43)) - raft.server.storage.dir = [/workdir/hadoop-ozone/ozonefs/target/test-dir/MiniOzoneClusterImpl-da5888fd-c692-4355-82c4-91aa98cbf569/datanode-9/data/ratis] (custom)
2019-09-20 08:46:04,577 [main] INFO  replication.SimpleContainerDownloader (SimpleContainerDownloader.java:<init>(72)) - Starting container downloader service to copy containers to replicate.
2019-09-20 08:46:04,578 [main] INFO  hdfs.DFSUtil (DFSUtil.java:httpServerTemplateForNNAndJN(1641)) - Starting Web-server for hddsDatanode at: http://0.0.0.0:0
2019-09-20 08:46:04,580 [main] INFO  server.AuthenticationFilter (AuthenticationFilter.java:constructSecretProvider(240)) - Unable to initialize FileSignerSecretProvider, falling back to use random secrets.
2019-09-20 08:46:04,581 [main] WARN  http.HttpRequestLog (HttpRequestLog.java:getRequestLog(97)) - Jetty request log can only be enabled using Log4j
2019-09-20 08:46:04,583 [main] INFO  http.HttpServer2 (HttpServer2.java:addGlobalFilter(975)) - Added global filter 'safety' (class=org.apache.hadoop.http.HttpServer2$QuotingInputFilter)
2019-09-20 08:46:04,584 [main] INFO  http.HttpServer2 (HttpServer2.java:addFilter(948)) - Added filter static_user_filter (class=org.apache.hadoop.http.lib.StaticUserWebFilter$StaticUserFilter) to context hddsDatanode
2019-09-20 08:46:04,585 [main] INFO  http.HttpServer2 (HttpServer2.java:addFilter(958)) - Added filter static_user_filter (class=org.apache.hadoop.http.lib.StaticUserWebFilter$StaticUserFilter) to context logs
2019-09-20 08:46:04,585 [main] INFO  http.HttpServer2 (HttpServer2.java:addFilter(958)) - Added filter static_user_filter (class=org.apache.hadoop.http.lib.StaticUserWebFilter$StaticUserFilter) to context static
2019-09-20 08:46:04,586 [main] INFO  http.HttpServer2 (HttpServer2.java:bindListener(1191)) - Jetty bound to port 33831
2019-09-20 08:46:04,586 [main] INFO  server.Server (Server.java:doStart(351)) - jetty-9.3.24.v20180605, build timestamp: 2018-06-05T17:11:56Z, git hash: 84205aa28f11a4f31f2a3b86d1bba2cc8ab69827
2019-09-20 08:46:04,588 [main] INFO  handler.ContextHandler (ContextHandler.java:doStart(781)) - Started o.e.j.s.ServletContextHandler@645ba24a{/logs,file:///workdir/hadoop-ozone/ozonefs/target/log,AVAILABLE}
2019-09-20 08:46:04,588 [main] INFO  handler.ContextHandler (ContextHandler.java:doStart(781)) - Started o.e.j.s.ServletContextHandler@3dd2b9c1{/static,jar:file:/home/user/.m2/repository/org/apache/hadoop/hadoop-hdds-container-service/0.5.0-SNAPSHOT/hadoop-hdds-container-service-0.5.0-SNAPSHOT.jar!/webapps/static,AVAILABLE}
2019-09-20 08:46:04,624 [main] INFO  handler.ContextHandler (ContextHandler.java:doStart(781)) - Started o.e.j.w.WebAppContext@11ad095c{/,file:///tmp/jetty-0.0.0.0-33831-hddsDatanode-_-any-8606430311722358321.dir/webapp/,AVAILABLE}{/hddsDatanode}
2019-09-20 08:46:04,625 [main] INFO  server.AbstractConnector (AbstractConnector.java:doStart(278)) - Started ServerConnector@2c2a903f{HTTP/1.1,[http/1.1]}{0.0.0.0:33831}
2019-09-20 08:46:04,626 [main] INFO  server.Server (Server.java:doStart(419)) - Started @9676ms
2019-09-20 08:46:04,627 [main] INFO  server.BaseHttpServer (BaseHttpServer.java:updateConnectorAddress(213)) - HTTP server of HDDSDATANODE is listening at http://0.0.0.0:33831
2019-09-20 08:46:04,696 [Datanode State Machine Thread - 0] INFO  server.GrpcService (GrpcService.java:startImpl(149)) - 3ea69b51-ea1d-40b9-a82f-433a48a46bff: GrpcService started, listening on 0.0.0.0/0.0.0.0:37909
2019-09-20 08:46:04,697 [Datanode State Machine Thread - 0] INFO  ratis.XceiverServerRatis (XceiverServerRatis.java:start(414)) - XceiverServerRatis 3ea69b51-ea1d-40b9-a82f-433a48a46bff is started using port 37909
2019-09-20 08:46:04,707 [Datanode State Machine Thread - 0] INFO  server.XceiverServerGrpc (XceiverServerGrpc.java:start(163)) - XceiverServerGrpc 3ea69b51-ea1d-40b9-a82f-433a48a46bff is started using port 38239
2019-09-20 08:46:04,736 | INFO  | SCMAudit | user=jenkins1000 | ip=192.168.36.79 | op=GET_VERSION null | ret=SUCCESS |  
2019-09-20 08:46:04,782 | INFO  | ObjectStoreRestHttpServer | Listening HDDS REST traffic on /0.0.0.0:39963 |  
2019-09-20 08:46:04,782 [main] INFO  ozone.HddsDatanodeService (HddsDatanodeService.java:startPlugins(395)) - Started plug-in org.apache.hadoop.ozone.web.OzoneHddsDatanodeService@37806be6
2019-09-20 08:46:04,785 [Datanode State Machine Thread - 0] INFO  ozoneimpl.OzoneContainer (OzoneContainer.java:start(186)) - Attempting to start container services.
2019-09-20 08:46:04,786 [Datanode State Machine Thread - 0] INFO  ozoneimpl.OzoneContainer (OzoneContainer.java:startContainerScrub(160)) - Background container scrubber has been disabled by hdds.containerscrub.enabled
2019-09-20 08:46:04,786 [main] INFO  ozone.MiniOzoneClusterImpl (MiniOzoneClusterImpl.java:lambda$waitForClusterToBeReady$0(142)) - Waiting for cluster to be ready. Got 0 of 10 DN Heartbeats.
2019-09-20 08:46:04,786 [Datanode State Machine Thread - 0] INFO  ratis.XceiverServerRatis (XceiverServerRatis.java:start(404)) - Starting XceiverServerRatis e997423e-4090-4042-87ee-7419d4cf7365 at port 0
2019-09-20 08:46:04,789 [org.apache.hadoop.util.JvmPauseMonitor$Monitor@40e9a066] INFO  util.JvmPauseMonitor (JvmPauseMonitor.java:run(188)) - Starting JVM pause monitor
2019-09-20 08:46:04,792 [Datanode State Machine Thread - 0] INFO  datanode.InitDatanodeState (InitDatanodeState.java:persistContainerDatanodeDetails(140)) - DatanodeDetails is persisted to /workdir/hadoop-ozone/ozonefs/target/test-dir/MiniOzoneClusterImpl-da5888fd-c692-4355-82c4-91aa98cbf569/datanode-9/meta/datanode.id
2019-09-20 08:46:04,796 [Datanode State Machine Thread - 0] INFO  impl.RaftServerProxy (RaftServerProxy.java:lambda$start$3(299)) - e997423e-4090-4042-87ee-7419d4cf7365: start RPC server
2019-09-20 08:46:04,800 [Datanode State Machine Thread - 0] INFO  server.GrpcService (GrpcService.java:startImpl(149)) - e997423e-4090-4042-87ee-7419d4cf7365: GrpcService started, listening on 0.0.0.0/0.0.0.0:35366
2019-09-20 08:46:04,800 [Datanode State Machine Thread - 0] INFO  ratis.XceiverServerRatis (XceiverServerRatis.java:start(414)) - XceiverServerRatis e997423e-4090-4042-87ee-7419d4cf7365 is started using port 35366
2019-09-20 08:46:04,802 [Datanode State Machine Thread - 0] INFO  server.XceiverServerGrpc (XceiverServerGrpc.java:start(163)) - XceiverServerGrpc e997423e-4090-4042-87ee-7419d4cf7365 is started using port 45646
2019-09-20 08:46:05,033 | INFO  | SCMAudit | user=jenkins1000 | ip=192.168.36.79 | op=GET_VERSION null | ret=SUCCESS |  
2019-09-20 08:46:05,085 [Datanode State Machine Thread - 0] INFO  ozoneimpl.OzoneContainer (OzoneContainer.java:start(186)) - Attempting to start container services.
2019-09-20 08:46:05,085 [Datanode State Machine Thread - 0] INFO  ozoneimpl.OzoneContainer (OzoneContainer.java:startContainerScrub(160)) - Background container scrubber has been disabled by hdds.containerscrub.enabled
2019-09-20 08:46:05,085 [Datanode State Machine Thread - 0] INFO  ratis.XceiverServerRatis (XceiverServerRatis.java:start(404)) - Starting XceiverServerRatis 1cc75455-5fc2-459e-9e17-b902eb9cc08f at port 0
2019-09-20 08:46:05,093 [Datanode State Machine Thread - 0] INFO  impl.RaftServerProxy (RaftServerProxy.java:lambda$start$3(299)) - 1cc75455-5fc2-459e-9e17-b902eb9cc08f: start RPC server
2019-09-20 08:46:05,098 [Datanode State Machine Thread - 0] INFO  server.GrpcService (GrpcService.java:startImpl(149)) - 1cc75455-5fc2-459e-9e17-b902eb9cc08f: GrpcService started, listening on 0.0.0.0/0.0.0.0:35300
2019-09-20 08:46:05,098 [Datanode State Machine Thread - 0] INFO  ratis.XceiverServerRatis (XceiverServerRatis.java:start(414)) - XceiverServerRatis 1cc75455-5fc2-459e-9e17-b902eb9cc08f is started using port 35300
2019-09-20 08:46:05,101 [Datanode State Machine Thread - 0] INFO  server.XceiverServerGrpc (XceiverServerGrpc.java:start(163)) - XceiverServerGrpc 1cc75455-5fc2-459e-9e17-b902eb9cc08f is started using port 43311
2019-09-20 08:46:05,300 | INFO  | SCMAudit | user=jenkins1000 | ip=192.168.36.79 | op=GET_VERSION null | ret=SUCCESS |  
2019-09-20 08:46:05,327 [Datanode State Machine Thread - 0] INFO  ozoneimpl.OzoneContainer (OzoneContainer.java:start(186)) - Attempting to start container services.
2019-09-20 08:46:05,327 [Datanode State Machine Thread - 0] INFO  ozoneimpl.OzoneContainer (OzoneContainer.java:startContainerScrub(160)) - Background container scrubber has been disabled by hdds.containerscrub.enabled
2019-09-20 08:46:05,327 [Datanode State Machine Thread - 0] INFO  ratis.XceiverServerRatis (XceiverServerRatis.java:start(404)) - Starting XceiverServerRatis a3bf3c1a-4063-48f8-b1bd-e321780611c4 at port 0
2019-09-20 08:46:05,337 [Datanode State Machine Thread - 0] INFO  impl.RaftServerProxy (RaftServerProxy.java:lambda$start$3(299)) - a3bf3c1a-4063-48f8-b1bd-e321780611c4: start RPC server
2019-09-20 08:46:05,343 [Datanode State Machine Thread - 0] INFO  server.GrpcService (GrpcService.java:startImpl(149)) - a3bf3c1a-4063-48f8-b1bd-e321780611c4: GrpcService started, listening on 0.0.0.0/0.0.0.0:36591
2019-09-20 08:46:05,343 [Datanode State Machine Thread - 0] INFO  ratis.XceiverServerRatis (XceiverServerRatis.java:start(414)) - XceiverServerRatis a3bf3c1a-4063-48f8-b1bd-e321780611c4 is started using port 36591
2019-09-20 08:46:05,348 [Datanode State Machine Thread - 0] INFO  server.XceiverServerGrpc (XceiverServerGrpc.java:start(163)) - XceiverServerGrpc a3bf3c1a-4063-48f8-b1bd-e321780611c4 is started using port 36250
2019-09-20 08:46:05,676 | INFO  | SCMAudit | user=jenkins1000 | ip=192.168.36.79 | op=GET_VERSION null | ret=SUCCESS |  
2019-09-20 08:46:05,702 [Datanode State Machine Thread - 0] INFO  ozoneimpl.OzoneContainer (OzoneContainer.java:start(186)) - Attempting to start container services.
2019-09-20 08:46:05,702 [Datanode State Machine Thread - 0] INFO  ozoneimpl.OzoneContainer (OzoneContainer.java:startContainerScrub(160)) - Background container scrubber has been disabled by hdds.containerscrub.enabled
2019-09-20 08:46:05,702 [Datanode State Machine Thread - 0] INFO  ratis.XceiverServerRatis (XceiverServerRatis.java:start(404)) - Starting XceiverServerRatis 4eb079c5-a63c-4d36-97af-76873864fc0c at port 0
2019-09-20 08:46:05,710 [Datanode State Machine Thread - 0] INFO  impl.RaftServerProxy (RaftServerProxy.java:lambda$start$3(299)) - 4eb079c5-a63c-4d36-97af-76873864fc0c: start RPC server
2019-09-20 08:46:05,720 [Datanode State Machine Thread - 0] INFO  server.GrpcService (GrpcService.java:startImpl(149)) - 4eb079c5-a63c-4d36-97af-76873864fc0c: GrpcService started, listening on 0.0.0.0/0.0.0.0:36098
2019-09-20 08:46:05,720 [Datanode State Machine Thread - 0] INFO  ratis.XceiverServerRatis (XceiverServerRatis.java:start(414)) - XceiverServerRatis 4eb079c5-a63c-4d36-97af-76873864fc0c is started using port 36098
2019-09-20 08:46:05,724 [Datanode State Machine Thread - 0] INFO  server.XceiverServerGrpc (XceiverServerGrpc.java:start(163)) - XceiverServerGrpc 4eb079c5-a63c-4d36-97af-76873864fc0c is started using port 34605
2019-09-20 08:46:05,788 [main] INFO  ozone.MiniOzoneClusterImpl (MiniOzoneClusterImpl.java:lambda$waitForClusterToBeReady$0(142)) - Waiting for cluster to be ready. Got 0 of 10 DN Heartbeats.
2019-09-20 08:46:05,921 | INFO  | SCMAudit | user=jenkins1000 | ip=192.168.36.79 | op=GET_VERSION null | ret=SUCCESS |  
2019-09-20 08:46:05,944 [Datanode State Machine Thread - 0] INFO  ozoneimpl.OzoneContainer (OzoneContainer.java:start(186)) - Attempting to start container services.
2019-09-20 08:46:05,944 [Datanode State Machine Thread - 0] INFO  ozoneimpl.OzoneContainer (OzoneContainer.java:startContainerScrub(160)) - Background container scrubber has been disabled by hdds.containerscrub.enabled
2019-09-20 08:46:05,944 [Datanode State Machine Thread - 0] INFO  ratis.XceiverServerRatis (XceiverServerRatis.java:start(404)) - Starting XceiverServerRatis 0d845cc3-b0d9-47c5-b935-74fa0be2c903 at port 0
2019-09-20 08:46:05,951 [Datanode State Machine Thread - 0] INFO  impl.RaftServerProxy (RaftServerProxy.java:lambda$start$3(299)) - 0d845cc3-b0d9-47c5-b935-74fa0be2c903: start RPC server
2019-09-20 08:46:05,955 [Datanode State Machine Thread - 0] INFO  server.GrpcService (GrpcService.java:startImpl(149)) - 0d845cc3-b0d9-47c5-b935-74fa0be2c903: GrpcService started, listening on 0.0.0.0/0.0.0.0:38257
2019-09-20 08:46:05,955 [Datanode State Machine Thread - 0] INFO  ratis.XceiverServerRatis (XceiverServerRatis.java:start(414)) - XceiverServerRatis 0d845cc3-b0d9-47c5-b935-74fa0be2c903 is started using port 38257
2019-09-20 08:46:05,958 [Datanode State Machine Thread - 0] INFO  server.XceiverServerGrpc (XceiverServerGrpc.java:start(163)) - XceiverServerGrpc 0d845cc3-b0d9-47c5-b935-74fa0be2c903 is started using port 45523
2019-09-20 08:46:06,121 | INFO  | SCMAudit | user=jenkins1000 | ip=192.168.36.79 | op=GET_VERSION null | ret=SUCCESS |  
2019-09-20 08:46:06,145 [Datanode State Machine Thread - 0] INFO  ozoneimpl.OzoneContainer (OzoneContainer.java:start(186)) - Attempting to start container services.
2019-09-20 08:46:06,145 [Datanode State Machine Thread - 0] INFO  ozoneimpl.OzoneContainer (OzoneContainer.java:startContainerScrub(160)) - Background container scrubber has been disabled by hdds.containerscrub.enabled
2019-09-20 08:46:06,146 [Datanode State Machine Thread - 0] INFO  ratis.XceiverServerRatis (XceiverServerRatis.java:start(404)) - Starting XceiverServerRatis 1e702f59-a831-439b-ba97-9c7e4d303d93 at port 0
2019-09-20 08:46:06,152 [Datanode State Machine Thread - 0] INFO  impl.RaftServerProxy (RaftServerProxy.java:lambda$start$3(299)) - 1e702f59-a831-439b-ba97-9c7e4d303d93: start RPC server
2019-09-20 08:46:06,157 [Datanode State Machine Thread - 0] INFO  server.GrpcService (GrpcService.java:startImpl(149)) - 1e702f59-a831-439b-ba97-9c7e4d303d93: GrpcService started, listening on 0.0.0.0/0.0.0.0:42450
2019-09-20 08:46:06,158 [Datanode State Machine Thread - 0] INFO  ratis.XceiverServerRatis (XceiverServerRatis.java:start(414)) - XceiverServerRatis 1e702f59-a831-439b-ba97-9c7e4d303d93 is started using port 42450
2019-09-20 08:46:06,161 [Datanode State Machine Thread - 0] INFO  server.XceiverServerGrpc (XceiverServerGrpc.java:start(163)) - XceiverServerGrpc 1e702f59-a831-439b-ba97-9c7e4d303d93 is started using port 38831
2019-09-20 08:46:06,328 | INFO  | SCMAudit | user=jenkins1000 | ip=192.168.36.79 | op=GET_VERSION null | ret=SUCCESS |  
2019-09-20 08:46:06,354 [Datanode State Machine Thread - 0] INFO  ozoneimpl.OzoneContainer (OzoneContainer.java:start(186)) - Attempting to start container services.
2019-09-20 08:46:06,354 [Datanode State Machine Thread - 0] INFO  ozoneimpl.OzoneContainer (OzoneContainer.java:startContainerScrub(160)) - Background container scrubber has been disabled by hdds.containerscrub.enabled
2019-09-20 08:46:06,354 [Datanode State Machine Thread - 0] INFO  ratis.XceiverServerRatis (XceiverServerRatis.java:start(404)) - Starting XceiverServerRatis d3d24c2e-887e-42af-9ac0-80e26c3dc807 at port 0
2019-09-20 08:46:06,361 [Datanode State Machine Thread - 0] INFO  impl.RaftServerProxy (RaftServerProxy.java:lambda$start$3(299)) - d3d24c2e-887e-42af-9ac0-80e26c3dc807: start RPC server
2019-09-20 08:46:06,367 [Datanode State Machine Thread - 0] INFO  server.GrpcService (GrpcService.java:startImpl(149)) - d3d24c2e-887e-42af-9ac0-80e26c3dc807: GrpcService started, listening on 0.0.0.0/0.0.0.0:46632
2019-09-20 08:46:06,368 [Datanode State Machine Thread - 0] INFO  ratis.XceiverServerRatis (XceiverServerRatis.java:start(414)) - XceiverServerRatis d3d24c2e-887e-42af-9ac0-80e26c3dc807 is started using port 46632
2019-09-20 08:46:06,375 [Datanode State Machine Thread - 0] INFO  server.XceiverServerGrpc (XceiverServerGrpc.java:start(163)) - XceiverServerGrpc d3d24c2e-887e-42af-9ac0-80e26c3dc807 is started using port 44827
2019-09-20 08:46:06,480 [IPC Server handler 3 on 36551] INFO  net.NetworkTopology (NetworkTopologyImpl.java:add(110)) - Added a new node: /default-rack/3ea69b51-ea1d-40b9-a82f-433a48a46bff
2019-09-20 08:46:06,480 [IPC Server handler 3 on 36551] INFO  node.SCMNodeManager (SCMNodeManager.java:register(273)) - Registered Data node : 3ea69b51-ea1d-40b9-a82f-433a48a46bff{ip: 192.168.36.79, host: pr-hdds-1569-s8kj2-2266485376, networkLocation: /default-rack, certSerialId: null}
2019-09-20 08:46:06,485 [EventQueue-NodeRegistrationContainerReportForDataNodeSafeModeRule] INFO  safemode.SCMSafeModeManager (DataNodeSafeModeRule.java:process(71)) - SCM in safe mode. 1 DataNodes registered, 1 required.
2019-09-20 08:46:06,485 [EventQueue-NodeRegistrationContainerReportForDataNodeSafeModeRule] INFO  safemode.SCMSafeModeManager (SCMSafeModeManager.java:validateSafeModeExitRules(177)) - ScmSafeModeManager, all rules are successfully validated
2019-09-20 08:46:06,486 [EventQueue-NodeRegistrationContainerReportForDataNodeSafeModeRule] INFO  safemode.SCMSafeModeManager (SCMSafeModeManager.java:exitSafeMode(193)) - SCM exiting safe mode.
2019-09-20 08:46:06,495 | INFO  | SCMAudit | user=jenkins1000 | ip=192.168.36.79 | op=REGISTER {datanodeDetails=3ea69b51-ea1d-40b9-a82f-433a48a46bff{ip: 192.168.36.79, host: pr-hdds-1569-s8kj2-2266485376, networkLocation: /default-rack, certSerialId: null}} | ret=SUCCESS |  
2019-09-20 08:46:06,545 | INFO  | SCMAudit | user=jenkins1000 | ip=192.168.36.79 | op=GET_VERSION null | ret=SUCCESS |  
2019-09-20 08:46:06,579 [Datanode State Machine Thread - 0] INFO  ozoneimpl.OzoneContainer (OzoneContainer.java:start(186)) - Attempting to start container services.
2019-09-20 08:46:06,584 [Datanode State Machine Thread - 0] INFO  ozoneimpl.OzoneContainer (OzoneContainer.java:startContainerScrub(160)) - Background container scrubber has been disabled by hdds.containerscrub.enabled
2019-09-20 08:46:06,584 [Datanode State Machine Thread - 0] INFO  ratis.XceiverServerRatis (XceiverServerRatis.java:start(404)) - Starting XceiverServerRatis 735a34e4-c7c4-465a-a71d-fefc6390b8eb at port 0
2019-09-20 08:46:06,608 [Datanode State Machine Thread - 0] INFO  impl.RaftServerProxy (RaftServerProxy.java:lambda$start$3(299)) - 735a34e4-c7c4-465a-a71d-fefc6390b8eb: start RPC server
2019-09-20 08:46:06,613 [Datanode State Machine Thread - 0] INFO  server.GrpcService (GrpcService.java:startImpl(149)) - 735a34e4-c7c4-465a-a71d-fefc6390b8eb: GrpcService started, listening on 0.0.0.0/0.0.0.0:38484
2019-09-20 08:46:06,614 [Datanode State Machine Thread - 0] INFO  ratis.XceiverServerRatis (XceiverServerRatis.java:start(414)) - XceiverServerRatis 735a34e4-c7c4-465a-a71d-fefc6390b8eb is started using port 38484
2019-09-20 08:46:06,617 [Datanode State Machine Thread - 0] INFO  server.XceiverServerGrpc (XceiverServerGrpc.java:start(163)) - XceiverServerGrpc 735a34e4-c7c4-465a-a71d-fefc6390b8eb is started using port 43088
2019-09-20 08:46:06,736 [IPC Server handler 4 on 36551] INFO  net.NetworkTopology (NetworkTopologyImpl.java:add(110)) - Added a new node: /default-rack/e997423e-4090-4042-87ee-7419d4cf7365
2019-09-20 08:46:06,736 [IPC Server handler 4 on 36551] INFO  node.SCMNodeManager (SCMNodeManager.java:register(273)) - Registered Data node : e997423e-4090-4042-87ee-7419d4cf7365{ip: 192.168.36.79, host: pr-hdds-1569-s8kj2-2266485376, networkLocation: /default-rack, certSerialId: null}
2019-09-20 08:46:06,737 | INFO  | SCMAudit | user=jenkins1000 | ip=192.168.36.79 | op=REGISTER {datanodeDetails=e997423e-4090-4042-87ee-7419d4cf7365{ip: 192.168.36.79, host: pr-hdds-1569-s8kj2-2266485376, networkLocation: /default-rack, certSerialId: null}} | ret=SUCCESS |  
2019-09-20 08:46:06,788 [main] INFO  ozone.MiniOzoneClusterImpl (MiniOzoneClusterImpl.java:lambda$waitForClusterToBeReady$0(142)) - Waiting for cluster to be ready. Got 2 of 10 DN Heartbeats.
2019-09-20 08:46:06,795 | INFO  | SCMAudit | user=jenkins1000 | ip=192.168.36.79 | op=GET_VERSION null | ret=SUCCESS |  
2019-09-20 08:46:06,813 [Datanode State Machine Thread - 0] INFO  ozoneimpl.OzoneContainer (OzoneContainer.java:start(186)) - Attempting to start container services.
2019-09-20 08:46:06,818 [Datanode State Machine Thread - 0] INFO  ozoneimpl.OzoneContainer (OzoneContainer.java:startContainerScrub(160)) - Background container scrubber has been disabled by hdds.containerscrub.enabled
2019-09-20 08:46:06,818 [Datanode State Machine Thread - 0] INFO  ratis.XceiverServerRatis (XceiverServerRatis.java:start(404)) - Starting XceiverServerRatis 3d9fb88f-ef2a-412e-bafc-a0084682cc47 at port 0
2019-09-20 08:46:06,835 [Datanode State Machine Thread - 0] INFO  impl.RaftServerProxy (RaftServerProxy.java:lambda$start$3(299)) - 3d9fb88f-ef2a-412e-bafc-a0084682cc47: start RPC server
2019-09-20 08:46:06,848 [Datanode State Machine Thread - 0] INFO  server.GrpcService (GrpcService.java:startImpl(149)) - 3d9fb88f-ef2a-412e-bafc-a0084682cc47: GrpcService started, listening on 0.0.0.0/0.0.0.0:36901
2019-09-20 08:46:06,849 [Datanode State Machine Thread - 0] INFO  ratis.XceiverServerRatis (XceiverServerRatis.java:start(414)) - XceiverServerRatis 3d9fb88f-ef2a-412e-bafc-a0084682cc47 is started using port 36901
2019-09-20 08:46:06,869 [Datanode State Machine Thread - 0] INFO  server.XceiverServerGrpc (XceiverServerGrpc.java:start(163)) - XceiverServerGrpc 3d9fb88f-ef2a-412e-bafc-a0084682cc47 is started using port 34753
2019-09-20 08:46:07,490 [IPC Server handler 7 on 36551] INFO  net.NetworkTopology (NetworkTopologyImpl.java:add(110)) - Added a new node: /default-rack/a3bf3c1a-4063-48f8-b1bd-e321780611c4
2019-09-20 08:46:07,492 [IPC Server handler 7 on 36551] INFO  node.SCMNodeManager (SCMNodeManager.java:register(273)) - Registered Data node : a3bf3c1a-4063-48f8-b1bd-e321780611c4{ip: 192.168.36.79, host: pr-hdds-1569-s8kj2-2266485376, networkLocation: /default-rack, certSerialId: null}
2019-09-20 08:46:07,492 [IPC Server handler 0 on 36551] INFO  net.NetworkTopology (NetworkTopologyImpl.java:add(110)) - Added a new node: /default-rack/1cc75455-5fc2-459e-9e17-b902eb9cc08f
2019-09-20 08:46:07,495 [IPC Server handler 0 on 36551] INFO  node.SCMNodeManager (SCMNodeManager.java:register(273)) - Registered Data node : 1cc75455-5fc2-459e-9e17-b902eb9cc08f{ip: 192.168.36.79, host: pr-hdds-1569-s8kj2-2266485376, networkLocation: /default-rack, certSerialId: null}
2019-09-20 08:46:07,492 | INFO  | SCMAudit | user=jenkins1000 | ip=192.168.36.79 | op=REGISTER {datanodeDetails=a3bf3c1a-4063-48f8-b1bd-e321780611c4{ip: 192.168.36.79, host: pr-hdds-1569-s8kj2-2266485376, networkLocation: /default-rack, certSerialId: null}} | ret=SUCCESS |  
2019-09-20 08:46:07,499 | INFO  | SCMAudit | user=jenkins1000 | ip=192.168.36.79 | op=REGISTER {datanodeDetails=1cc75455-5fc2-459e-9e17-b902eb9cc08f{ip: 192.168.36.79, host: pr-hdds-1569-s8kj2-2266485376, networkLocation: /default-rack, certSerialId: null}} | ret=SUCCESS |  
2019-09-20 08:46:07,682 [IPC Server handler 4 on 36551] INFO  net.NetworkTopology (NetworkTopologyImpl.java:add(110)) - Added a new node: /default-rack/4eb079c5-a63c-4d36-97af-76873864fc0c
2019-09-20 08:46:07,683 [IPC Server handler 4 on 36551] INFO  node.SCMNodeManager (SCMNodeManager.java:register(273)) - Registered Data node : 4eb079c5-a63c-4d36-97af-76873864fc0c{ip: 192.168.36.79, host: pr-hdds-1569-s8kj2-2266485376, networkLocation: /default-rack, certSerialId: null}
2019-09-20 08:46:07,683 | INFO  | SCMAudit | user=jenkins1000 | ip=192.168.36.79 | op=REGISTER {datanodeDetails=4eb079c5-a63c-4d36-97af-76873864fc0c{ip: 192.168.36.79, host: pr-hdds-1569-s8kj2-2266485376, networkLocation: /default-rack, certSerialId: null}} | ret=SUCCESS |  
2019-09-20 08:46:07,709 [grpc-default-executor-0] INFO  impl.RaftServerProxy (RaftServerProxy.java:addNew(89)) - 3ea69b51-ea1d-40b9-a82f-433a48a46bff: addNew group-426092ED1691:[3ea69b51-ea1d-40b9-a82f-433a48a46bff:192.168.36.79:37909] returns group-426092ED1691:java.util.concurrent.CompletableFuture@add58fc[Not completed]
2019-09-20 08:46:07,747 [pool-27-thread-1] INFO  impl.RaftServerImpl (RaftServerImpl.java:<init>(93)) - 3ea69b51-ea1d-40b9-a82f-433a48a46bff: new RaftServerImpl for group-426092ED1691:[3ea69b51-ea1d-40b9-a82f-433a48a46bff:192.168.36.79:37909] with ContainerStateMachine:uninitialized
2019-09-20 08:46:07,749 [pool-27-thread-1] INFO  server.RaftServerConfigKeys (ConfUtils.java:logGet(43)) - raft.server.rpc.timeout.min = 5s (custom)
2019-09-20 08:46:07,751 [pool-27-thread-1] INFO  server.RaftServerConfigKeys (ConfUtils.java:logGet(43)) - raft.server.rpc.timeout.max = 5200ms (custom)
2019-09-20 08:46:07,751 [pool-27-thread-1] INFO  server.RaftServerConfigKeys (ConfUtils.java:logGet(43)) - raft.server.rpcslowness.timeout = 120s (custom)
2019-09-20 08:46:07,752 [pool-27-thread-1] INFO  server.RaftServerConfigKeys (ConfUtils.java:logGet(43)) - raft.server.sleep.deviation.threshold = 300 (default)
2019-09-20 08:46:07,753 [pool-27-thread-1] INFO  server.RaftServerConfigKeys (ConfUtils.java:logGet(43)) - raft.server.log.appender.install.snapshot.enabled = false (custom)
2019-09-20 08:46:07,762 [pool-27-thread-1] INFO  impl.RaftServerImpl (ServerState.java:<init>(105)) - 3ea69b51-ea1d-40b9-a82f-433a48a46bff:group-426092ED1691 ConfigurationManager, init=-1: [3ea69b51-ea1d-40b9-a82f-433a48a46bff:192.168.36.79:37909], old=null, confs=<EMPTY_MAP>
2019-09-20 08:46:07,762 [pool-27-thread-1] INFO  server.RaftServerConfigKeys (ConfUtils.java:logGet(43)) - raft.server.storage.dir = [/workdir/hadoop-ozone/ozonefs/target/test-dir/MiniOzoneClusterImpl-da5888fd-c692-4355-82c4-91aa98cbf569/datanode-0/data/ratis] (custom)
2019-09-20 08:46:07,770 [pool-27-thread-1] INFO  storage.RaftStorageDirectory (RaftStorageDirectory.java:analyzeStorage(246)) - The storage directory /workdir/hadoop-ozone/ozonefs/target/test-dir/MiniOzoneClusterImpl-da5888fd-c692-4355-82c4-91aa98cbf569/datanode-0/data/ratis/a15f2130-a5ac-4193-a213-426092ed1691 does not exist. Creating ...
2019-09-20 08:46:07,789 [main] INFO  ozone.MiniOzoneClusterImpl (MiniOzoneClusterImpl.java:lambda$waitForClusterToBeReady$0(142)) - Waiting for cluster to be ready. Got 5 of 10 DN Heartbeats.
2019-09-20 08:46:07,796 [pool-27-thread-1] INFO  storage.RaftStorageDirectory (RaftStorageDirectory.java:tryLock(328)) - Lock on /workdir/hadoop-ozone/ozonefs/target/test-dir/MiniOzoneClusterImpl-da5888fd-c692-4355-82c4-91aa98cbf569/datanode-0/data/ratis/a15f2130-a5ac-4193-a213-426092ed1691/in_use.lock acquired by nodename 7820@pr-hdds-1569-s8kj2-2266485376
2019-09-20 08:46:07,822 [pool-27-thread-1] INFO  storage.RaftStorage (RaftStorage.java:format(72)) - Storage directory /workdir/hadoop-ozone/ozonefs/target/test-dir/MiniOzoneClusterImpl-da5888fd-c692-4355-82c4-91aa98cbf569/datanode-0/data/ratis/a15f2130-a5ac-4193-a213-426092ed1691 has been successfully formatted.
2019-09-20 08:46:07,825 [pool-27-thread-1] INFO  ratis.ContainerStateMachine (ContainerStateMachine.java:loadSnapshot(226)) - group-426092ED1691: The snapshot info is null. Setting the last applied indexto:(t:0, i:~)
2019-09-20 08:46:07,825 [pool-27-thread-1] INFO  server.RaftServerConfigKeys (ConfUtils.java:logGet(43)) - raft.server.leader.election.timeout = 120s (custom)
2019-09-20 08:46:07,828 [pool-27-thread-1] INFO  server.RaftServerConfigKeys (ConfUtils.java:logGet(43)) - raft.server.log.use.memory = false (default)
2019-09-20 08:46:07,834 [pool-27-thread-1] INFO  server.RaftServerConfigKeys (ConfUtils.java:logGet(43)) - raft.server.log.purge.gap = 1000000 (custom)
2019-09-20 08:46:07,834 [pool-27-thread-1] INFO  server.RaftServerConfigKeys (ConfUtils.java:logGet(43)) - raft.server.log.appender.buffer.byte-limit = 33554432 (custom)
2019-09-20 08:46:07,836 [pool-27-thread-1] INFO  server.RaftServerConfigKeys (ConfUtils.java:logGet(43)) - raft.server.log.segment.size.max = 1048576 (custom)
2019-09-20 08:46:07,842 [pool-27-thread-1] INFO  server.RaftServerConfigKeys (ConfUtils.java:logGet(43)) - raft.server.log.segment.cache.num.max = 2 (custom)
2019-09-20 08:46:07,848 [pool-27-thread-1] INFO  segmented.SegmentedRaftLogWorker (SegmentedRaftLogWorker.java:<init>(172)) - new 3ea69b51-ea1d-40b9-a82f-433a48a46bff-SegmentedRaftLogWorker:Storage Directory /workdir/hadoop-ozone/ozonefs/target/test-dir/MiniOzoneClusterImpl-da5888fd-c692-4355-82c4-91aa98cbf569/datanode-0/data/ratis/a15f2130-a5ac-4193-a213-426092ed1691 for RaftStorage:Storage Directory /workdir/hadoop-ozone/ozonefs/target/test-dir/MiniOzoneClusterImpl-da5888fd-c692-4355-82c4-91aa98cbf569/datanode-0/data/ratis/a15f2130-a5ac-4193-a213-426092ed1691
2019-09-20 08:46:07,861 [pool-27-thread-1] INFO  server.RaftServerConfigKeys (ConfUtils.java:logGet(43)) - raft.server.log.queue.byte-limit = 2147483647 (custom)
2019-09-20 08:46:07,862 [pool-27-thread-1] INFO  server.RaftServerConfigKeys (ConfUtils.java:logGet(43)) - raft.server.log.queue.element-limit = 1024 (custom)
2019-09-20 08:46:07,867 [pool-27-thread-1] INFO  server.RaftServerConfigKeys (ConfUtils.java:logGet(43)) - raft.server.log.segment.size.max = 1048576 (custom)
2019-09-20 08:46:07,867 [pool-27-thread-1] INFO  server.RaftServerConfigKeys (ConfUtils.java:logGet(43)) - raft.server.log.preallocated.size = 16384 (custom)
2019-09-20 08:46:07,868 [pool-27-thread-1] INFO  server.RaftServerConfigKeys (ConfUtils.java:logGet(43)) - raft.server.log.write.buffer.size = 33554432 (custom)
2019-09-20 08:46:07,868 [pool-27-thread-1] INFO  server.RaftServerConfigKeys (ConfUtils.java:logGet(43)) - raft.server.log.force.sync.num = 128 (default)
2019-09-20 08:46:07,869 [pool-27-thread-1] INFO  server.RaftServerConfigKeys (ConfUtils.java:logGet(43)) - raft.server.log.statemachine.data.sync = true (default)
2019-09-20 08:46:07,869 [pool-27-thread-1] INFO  server.RaftServerConfigKeys (ConfUtils.java:logGet(43)) - raft.server.log.statemachine.data.sync.timeout = 10s (default)
2019-09-20 08:46:07,870 [pool-27-thread-1] INFO  server.RaftServerConfigKeys (ConfUtils.java:logGet(43)) - raft.server.log.statemachine.data.sync.timeout.retry = -1 (default)
2019-09-20 08:46:07,880 [pool-27-thread-1] INFO  server.RaftServerConfigKeys (ConfUtils.java:logGet(43)) - raft.server.log.statemachine.data.caching.enabled = true (custom)
2019-09-20 08:46:07,884 [pool-27-thread-1] INFO  segmented.SegmentedRaftLogWorker (SegmentedRaftLogWorker.java:lambda$new$0(132)) - 3ea69b51-ea1d-40b9-a82f-433a48a46bff-SegmentedRaftLogWorker:Storage Directory /workdir/hadoop-ozone/ozonefs/target/test-dir/MiniOzoneClusterImpl-da5888fd-c692-4355-82c4-91aa98cbf569/datanode-0/data/ratis/a15f2130-a5ac-4193-a213-426092ed1691: flushIndex: setUnconditionally 0 -> -1
2019-09-20 08:46:07,888 [pool-27-thread-1] INFO  server.RaftServerConfigKeys (ConfUtils.java:logGet(43)) - raft.server.snapshot.auto.trigger.enabled = true (custom)
2019-09-20 08:46:07,889 [pool-27-thread-1] INFO  server.RaftServerConfigKeys (ConfUtils.java:logGet(43)) - raft.server.snapshot.auto.trigger.threshold = 10000 (custom)
2019-09-20 08:46:07,889 [pool-27-thread-1] INFO  server.RaftServerConfigKeys (ConfUtils.java:logGet(43)) - raft.server.retrycache.expirytime = 600000ms (custom)
2019-09-20 08:46:07,913 [pool-27-thread-1] INFO  impl.RaftServerImpl (RaftServerImpl.java:start(180)) - 3ea69b51-ea1d-40b9-a82f-433a48a46bff: start group-426092ED1691
2019-09-20 08:46:07,914 [pool-27-thread-1] INFO  impl.RaftServerImpl (RaftServerImpl.java:setRole(171)) - 3ea69b51-ea1d-40b9-a82f-433a48a46bff:group-426092ED1691 changes role from null to FOLLOWER at term 0 for startAsFollower
2019-09-20 08:46:07,915 [pool-27-thread-1] INFO  impl.RoleInfo (RoleInfo.java:updateAndGet(143)) - 3ea69b51-ea1d-40b9-a82f-433a48a46bff: start FollowerState
2019-09-20 08:46:07,917 [pool-27-thread-1] INFO  util.JmxRegister (JmxRegister.java:tryRegister(44)) - Successfully registered JMX Bean with object name Ratis:service=RaftServer,group=group-426092ED1691,id=3ea69b51-ea1d-40b9-a82f-433a48a46bff
2019-09-20 08:46:07,922 [IPC Server handler 2 on 36551] INFO  net.NetworkTopology (NetworkTopologyImpl.java:add(110)) - Added a new node: /default-rack/0d845cc3-b0d9-47c5-b935-74fa0be2c903
2019-09-20 08:46:07,923 [IPC Server handler 2 on 36551] INFO  node.SCMNodeManager (SCMNodeManager.java:register(273)) - Registered Data node : 0d845cc3-b0d9-47c5-b935-74fa0be2c903{ip: 192.168.36.79, host: pr-hdds-1569-s8kj2-2266485376, networkLocation: /default-rack, certSerialId: null}
2019-09-20 08:46:07,924 | INFO  | SCMAudit | user=jenkins1000 | ip=192.168.36.79 | op=REGISTER {datanodeDetails=0d845cc3-b0d9-47c5-b935-74fa0be2c903{ip: 192.168.36.79, host: pr-hdds-1569-s8kj2-2266485376, networkLocation: /default-rack, certSerialId: null}} | ret=SUCCESS |  
2019-09-20 08:46:08,004 [RatisPipelineUtilsThread] INFO  pipeline.PipelineStateManager (PipelineStateManager.java:addPipeline(56)) - Created pipeline Pipeline[ Id: a15f2130-a5ac-4193-a213-426092ed1691, Nodes: 3ea69b51-ea1d-40b9-a82f-433a48a46bff{ip: 192.168.36.79, host: pr-hdds-1569-s8kj2-2266485376, networkLocation: /default-rack, certSerialId: null}, Type:RATIS, Factor:ONE, State:OPEN]
2019-09-20 08:46:08,030 [grpc-default-executor-0] INFO  impl.RaftServerProxy (RaftServerProxy.java:addNew(89)) - 3ea69b51-ea1d-40b9-a82f-433a48a46bff: addNew group-481A7678F30C:[3ea69b51-ea1d-40b9-a82f-433a48a46bff:192.168.36.79:37909] returns group-481A7678F30C:java.util.concurrent.CompletableFuture@5c4112d1[Not completed]
2019-09-20 08:46:08,033 [pool-27-thread-1] INFO  impl.RaftServerImpl (RaftServerImpl.java:<init>(93)) - 3ea69b51-ea1d-40b9-a82f-433a48a46bff: new RaftServerImpl for group-481A7678F30C:[3ea69b51-ea1d-40b9-a82f-433a48a46bff:192.168.36.79:37909] with ContainerStateMachine:uninitialized
2019-09-20 08:46:08,033 [pool-27-thread-1] INFO  server.RaftServerConfigKeys (ConfUtils.java:logGet(43)) - raft.server.rpc.timeout.min = 5s (custom)
2019-09-20 08:46:08,033 [pool-27-thread-1] INFO  server.RaftServerConfigKeys (ConfUtils.java:logGet(43)) - raft.server.rpc.timeout.max = 5200ms (custom)
2019-09-20 08:46:08,033 [pool-27-thread-1] INFO  server.RaftServerConfigKeys (ConfUtils.java:logGet(43)) - raft.server.rpcslowness.timeout = 120s (custom)
2019-09-20 08:46:08,033 [pool-27-thread-1] INFO  server.RaftServerConfigKeys (ConfUtils.java:logGet(43)) - raft.server.sleep.deviation.threshold = 300 (default)
2019-09-20 08:46:08,033 [pool-27-thread-1] INFO  server.RaftServerConfigKeys (ConfUtils.java:logGet(43)) - raft.server.log.appender.install.snapshot.enabled = false (custom)
2019-09-20 08:46:08,034 [pool-27-thread-1] INFO  impl.RaftServerImpl (ServerState.java:<init>(105)) - 3ea69b51-ea1d-40b9-a82f-433a48a46bff:group-481A7678F30C ConfigurationManager, init=-1: [3ea69b51-ea1d-40b9-a82f-433a48a46bff:192.168.36.79:37909], old=null, confs=<EMPTY_MAP>
2019-09-20 08:46:08,034 [pool-27-thread-1] INFO  server.RaftServerConfigKeys (ConfUtils.java:logGet(43)) - raft.server.storage.dir = [/workdir/hadoop-ozone/ozonefs/target/test-dir/MiniOzoneClusterImpl-da5888fd-c692-4355-82c4-91aa98cbf569/datanode-0/data/ratis] (custom)
2019-09-20 08:46:08,034 [pool-27-thread-1] INFO  storage.RaftStorageDirectory (RaftStorageDirectory.java:analyzeStorage(246)) - The storage directory /workdir/hadoop-ozone/ozonefs/target/test-dir/MiniOzoneClusterImpl-da5888fd-c692-4355-82c4-91aa98cbf569/datanode-0/data/ratis/1eebfe0d-a9f5-469c-b9f7-481a7678f30c does not exist. Creating ...
2019-09-20 08:46:08,073 [pool-27-thread-1] INFO  storage.RaftStorageDirectory (RaftStorageDirectory.java:tryLock(328)) - Lock on /workdir/hadoop-ozone/ozonefs/target/test-dir/MiniOzoneClusterImpl-da5888fd-c692-4355-82c4-91aa98cbf569/datanode-0/data/ratis/1eebfe0d-a9f5-469c-b9f7-481a7678f30c/in_use.lock acquired by nodename 7820@pr-hdds-1569-s8kj2-2266485376
2019-09-20 08:46:08,111 [pool-27-thread-1] INFO  storage.RaftStorage (RaftStorage.java:format(72)) - Storage directory /workdir/hadoop-ozone/ozonefs/target/test-dir/MiniOzoneClusterImpl-da5888fd-c692-4355-82c4-91aa98cbf569/datanode-0/data/ratis/1eebfe0d-a9f5-469c-b9f7-481a7678f30c has been successfully formatted.
2019-09-20 08:46:08,112 [pool-27-thread-1] INFO  ratis.ContainerStateMachine (ContainerStateMachine.java:loadSnapshot(226)) - group-481A7678F30C: The snapshot info is null. Setting the last applied indexto:(t:0, i:~)
2019-09-20 08:46:08,112 [pool-27-thread-1] INFO  server.RaftServerConfigKeys (ConfUtils.java:logGet(43)) - raft.server.leader.election.timeout = 120s (custom)
2019-09-20 08:46:08,112 [pool-27-thread-1] INFO  server.RaftServerConfigKeys (ConfUtils.java:logGet(43)) - raft.server.log.use.memory = false (default)
2019-09-20 08:46:08,112 [pool-27-thread-1] INFO  server.RaftServerConfigKeys (ConfUtils.java:logGet(43)) - raft.server.log.purge.gap = 1000000 (custom)
2019-09-20 08:46:08,113 [pool-27-thread-1] INFO  server.RaftServerConfigKeys (ConfUtils.java:logGet(43)) - raft.server.log.appender.buffer.byte-limit = 33554432 (custom)
2019-09-20 08:46:08,113 [pool-27-thread-1] INFO  server.RaftServerConfigKeys (ConfUtils.java:logGet(43)) - raft.server.log.segment.size.max = 1048576 (custom)
2019-09-20 08:46:08,113 [pool-27-thread-1] INFO  server.RaftServerConfigKeys (ConfUtils.java:logGet(43)) - raft.server.log.segment.cache.num.max = 2 (custom)
2019-09-20 08:46:08,113 [pool-27-thread-1] INFO  segmented.SegmentedRaftLogWorker (SegmentedRaftLogWorker.java:<init>(172)) - new 3ea69b51-ea1d-40b9-a82f-433a48a46bff-SegmentedRaftLogWorker:Storage Directory /workdir/hadoop-ozone/ozonefs/target/test-dir/MiniOzoneClusterImpl-da5888fd-c692-4355-82c4-91aa98cbf569/datanode-0/data/ratis/1eebfe0d-a9f5-469c-b9f7-481a7678f30c for RaftStorage:Storage Directory /workdir/hadoop-ozone/ozonefs/target/test-dir/MiniOzoneClusterImpl-da5888fd-c692-4355-82c4-91aa98cbf569/datanode-0/data/ratis/1eebfe0d-a9f5-469c-b9f7-481a7678f30c
2019-09-20 08:46:08,113 [pool-27-thread-1] INFO  server.RaftServerConfigKeys (ConfUtils.java:logGet(43)) - raft.server.log.queue.byte-limit = 2147483647 (custom)
2019-09-20 08:46:08,113 [pool-27-thread-1] INFO  server.RaftServerConfigKeys (ConfUtils.java:logGet(43)) - raft.server.log.queue.element-limit = 1024 (custom)
2019-09-20 08:46:08,114 [pool-27-thread-1] INFO  server.RaftServerConfigKeys (ConfUtils.java:logGet(43)) - raft.server.log.segment.size.max = 1048576 (custom)
2019-09-20 08:46:08,114 [pool-27-thread-1] INFO  server.RaftServerConfigKeys (ConfUtils.java:logGet(43)) - raft.server.log.preallocated.size = 16384 (custom)
2019-09-20 08:46:08,114 [pool-27-thread-1] INFO  server.RaftServerConfigKeys (ConfUtils.java:logGet(43)) - raft.server.log.write.buffer.size = 33554432 (custom)
2019-09-20 08:46:08,114 [pool-27-thread-1] INFO  server.RaftServerConfigKeys (ConfUtils.java:logGet(43)) - raft.server.log.force.sync.num = 128 (default)
2019-09-20 08:46:08,114 [pool-27-thread-1] INFO  server.RaftServerConfigKeys (ConfUtils.java:logGet(43)) - raft.server.log.statemachine.data.sync = true (default)
2019-09-20 08:46:08,114 [pool-27-thread-1] INFO  server.RaftServerConfigKeys (ConfUtils.java:logGet(43)) - raft.server.log.statemachine.data.sync.timeout = 10s (default)
2019-09-20 08:46:08,114 [pool-27-thread-1] INFO  server.RaftServerConfigKeys (ConfUtils.java:logGet(43)) - raft.server.log.statemachine.data.sync.timeout.retry = -1 (default)
2019-09-20 08:46:08,115 [pool-27-thread-1] INFO  server.RaftServerConfigKeys (ConfUtils.java:logGet(43)) - raft.server.log.statemachine.data.caching.enabled = true (custom)
2019-09-20 08:46:08,115 [pool-27-thread-1] INFO  segmented.SegmentedRaftLogWorker (SegmentedRaftLogWorker.java:lambda$new$0(132)) - 3ea69b51-ea1d-40b9-a82f-433a48a46bff-SegmentedRaftLogWorker:Storage Directory /workdir/hadoop-ozone/ozonefs/target/test-dir/MiniOzoneClusterImpl-da5888fd-c692-4355-82c4-91aa98cbf569/datanode-0/data/ratis/1eebfe0d-a9f5-469c-b9f7-481a7678f30c: flushIndex: setUnconditionally 0 -> -1
2019-09-20 08:46:08,115 [pool-27-thread-1] INFO  server.RaftServerConfigKeys (ConfUtils.java:logGet(43)) - raft.server.snapshot.auto.trigger.enabled = true (custom)
2019-09-20 08:46:08,116 [pool-27-thread-1] INFO  server.RaftServerConfigKeys (ConfUtils.java:logGet(43)) - raft.server.snapshot.auto.trigger.threshold = 10000 (custom)
2019-09-20 08:46:08,116 [pool-27-thread-1] INFO  server.RaftServerConfigKeys (ConfUtils.java:logGet(43)) - raft.server.retrycache.expirytime = 600000ms (custom)
2019-09-20 08:46:08,116 [pool-27-thread-1] INFO  impl.RaftServerImpl (RaftServerImpl.java:start(180)) - 3ea69b51-ea1d-40b9-a82f-433a48a46bff: start group-481A7678F30C
2019-09-20 08:46:08,116 [pool-27-thread-1] INFO  impl.RaftServerImpl (RaftServerImpl.java:setRole(171)) - 3ea69b51-ea1d-40b9-a82f-433a48a46bff:group-481A7678F30C changes role from null to FOLLOWER at term 0 for startAsFollower
2019-09-20 08:46:08,116 [pool-27-thread-1] INFO  impl.RoleInfo (RoleInfo.java:updateAndGet(143)) - 3ea69b51-ea1d-40b9-a82f-433a48a46bff: start FollowerState
2019-09-20 08:46:08,117 [pool-27-thread-1] INFO  util.JmxRegister (JmxRegister.java:tryRegister(44)) - Successfully registered JMX Bean with object name Ratis:service=RaftServer,group=group-481A7678F30C,id=3ea69b51-ea1d-40b9-a82f-433a48a46bff
2019-09-20 08:46:08,120 [IPC Server handler 1 on 36551] INFO  net.NetworkTopology (NetworkTopologyImpl.java:add(110)) - Added a new node: /default-rack/1e702f59-a831-439b-ba97-9c7e4d303d93
2019-09-20 08:46:08,122 [IPC Server handler 1 on 36551] INFO  node.SCMNodeManager (SCMNodeManager.java:register(273)) - Registered Data node : 1e702f59-a831-439b-ba97-9c7e4d303d93{ip: 192.168.36.79, host: pr-hdds-1569-s8kj2-2266485376, networkLocation: /default-rack, certSerialId: null}
2019-09-20 08:46:08,123 | INFO  | SCMAudit | user=jenkins1000 | ip=192.168.36.79 | op=REGISTER {datanodeDetails=1e702f59-a831-439b-ba97-9c7e4d303d93{ip: 192.168.36.79, host: pr-hdds-1569-s8kj2-2266485376, networkLocation: /default-rack, certSerialId: null}} | ret=SUCCESS |  
2019-09-20 08:46:08,136 [RatisPipelineUtilsThread] INFO  pipeline.PipelineStateManager (PipelineStateManager.java:addPipeline(56)) - Created pipeline Pipeline[ Id: 1eebfe0d-a9f5-469c-b9f7-481a7678f30c, Nodes: 3ea69b51-ea1d-40b9-a82f-433a48a46bff{ip: 192.168.36.79, host: pr-hdds-1569-s8kj2-2266485376, networkLocation: /default-rack, certSerialId: null}, Type:RATIS, Factor:ONE, State:OPEN]
2019-09-20 08:46:08,159 [grpc-default-executor-0] INFO  impl.RaftServerProxy (RaftServerProxy.java:addNew(89)) - a3bf3c1a-4063-48f8-b1bd-e321780611c4: addNew group-B5F2705F2A79:[a3bf3c1a-4063-48f8-b1bd-e321780611c4:192.168.36.79:36591] returns group-B5F2705F2A79:java.util.concurrent.CompletableFuture@798f358a[Not completed]
2019-09-20 08:46:08,241 [pool-60-thread-1] INFO  impl.RaftServerImpl (RaftServerImpl.java:<init>(93)) - a3bf3c1a-4063-48f8-b1bd-e321780611c4: new RaftServerImpl for group-B5F2705F2A79:[a3bf3c1a-4063-48f8-b1bd-e321780611c4:192.168.36.79:36591] with ContainerStateMachine:uninitialized
2019-09-20 08:46:08,243 [pool-60-thread-1] INFO  server.RaftServerConfigKeys (ConfUtils.java:logGet(43)) - raft.server.rpc.timeout.min = 5s (custom)
2019-09-20 08:46:08,243 [pool-60-thread-1] INFO  server.RaftServerConfigKeys (ConfUtils.java:logGet(43)) - raft.server.rpc.timeout.max = 5200ms (custom)
2019-09-20 08:46:08,244 [pool-60-thread-1] INFO  server.RaftServerConfigKeys (ConfUtils.java:logGet(43)) - raft.server.rpcslowness.timeout = 120s (custom)
2019-09-20 08:46:08,244 [pool-60-thread-1] INFO  server.RaftServerConfigKeys (ConfUtils.java:logGet(43)) - raft.server.sleep.deviation.threshold = 300 (default)
2019-09-20 08:46:08,244 [pool-60-thread-1] INFO  server.RaftServerConfigKeys (ConfUtils.java:logGet(43)) - raft.server.log.appender.install.snapshot.enabled = false (custom)
2019-09-20 08:46:08,244 [pool-60-thread-1] INFO  impl.RaftServerImpl (ServerState.java:<init>(105)) - a3bf3c1a-4063-48f8-b1bd-e321780611c4:group-B5F2705F2A79 ConfigurationManager, init=-1: [a3bf3c1a-4063-48f8-b1bd-e321780611c4:192.168.36.79:36591], old=null, confs=<EMPTY_MAP>
2019-09-20 08:46:08,245 [pool-60-thread-1] INFO  server.RaftServerConfigKeys (ConfUtils.java:logGet(43)) - raft.server.storage.dir = [/workdir/hadoop-ozone/ozonefs/target/test-dir/MiniOzoneClusterImpl-da5888fd-c692-4355-82c4-91aa98cbf569/datanode-3/data/ratis] (custom)
2019-09-20 08:46:08,245 [pool-60-thread-1] INFO  storage.RaftStorageDirectory (RaftStorageDirectory.java:analyzeStorage(246)) - The storage directory /workdir/hadoop-ozone/ozonefs/target/test-dir/MiniOzoneClusterImpl-da5888fd-c692-4355-82c4-91aa98cbf569/datanode-3/data/ratis/23adbd8c-4c50-456d-b21e-b5f2705f2a79 does not exist. Creating ...
2019-09-20 08:46:08,266 [pool-60-thread-1] INFO  storage.RaftStorageDirectory (RaftStorageDirectory.java:tryLock(328)) - Lock on /workdir/hadoop-ozone/ozonefs/target/test-dir/MiniOzoneClusterImpl-da5888fd-c692-4355-82c4-91aa98cbf569/datanode-3/data/ratis/23adbd8c-4c50-456d-b21e-b5f2705f2a79/in_use.lock acquired by nodename 7820@pr-hdds-1569-s8kj2-2266485376
2019-09-20 08:46:08,288 [pool-60-thread-1] INFO  storage.RaftStorage (RaftStorage.java:format(72)) - Storage directory /workdir/hadoop-ozone/ozonefs/target/test-dir/MiniOzoneClusterImpl-da5888fd-c692-4355-82c4-91aa98cbf569/datanode-3/data/ratis/23adbd8c-4c50-456d-b21e-b5f2705f2a79 has been successfully formatted.
2019-09-20 08:46:08,291 [pool-60-thread-1] INFO  ratis.ContainerStateMachine (ContainerStateMachine.java:loadSnapshot(226)) - group-B5F2705F2A79: The snapshot info is null. Setting the last applied indexto:(t:0, i:~)
2019-09-20 08:46:08,294 [pool-60-thread-1] INFO  server.RaftServerConfigKeys (ConfUtils.java:logGet(43)) - raft.server.leader.election.timeout = 120s (custom)
2019-09-20 08:46:08,294 [pool-60-thread-1] INFO  server.RaftServerConfigKeys (ConfUtils.java:logGet(43)) - raft.server.log.use.memory = false (default)
2019-09-20 08:46:08,294 [pool-60-thread-1] INFO  server.RaftServerConfigKeys (ConfUtils.java:logGet(43)) - raft.server.log.purge.gap = 1000000 (custom)
2019-09-20 08:46:08,295 [pool-60-thread-1] INFO  server.RaftServerConfigKeys (ConfUtils.java:logGet(43)) - raft.server.log.appender.buffer.byte-limit = 33554432 (custom)
2019-09-20 08:46:08,295 [pool-60-thread-1] INFO  server.RaftServerConfigKeys (ConfUtils.java:logGet(43)) - raft.server.log.segment.size.max = 1048576 (custom)
2019-09-20 08:46:08,295 [pool-60-thread-1] INFO  server.RaftServerConfigKeys (ConfUtils.java:logGet(43)) - raft.server.log.segment.cache.num.max = 2 (custom)
2019-09-20 08:46:08,295 [pool-60-thread-1] INFO  segmented.SegmentedRaftLogWorker (SegmentedRaftLogWorker.java:<init>(172)) - new a3bf3c1a-4063-48f8-b1bd-e321780611c4-SegmentedRaftLogWorker:Storage Directory /workdir/hadoop-ozone/ozonefs/target/test-dir/MiniOzoneClusterImpl-da5888fd-c692-4355-82c4-91aa98cbf569/datanode-3/data/ratis/23adbd8c-4c50-456d-b21e-b5f2705f2a79 for RaftStorage:Storage Directory /workdir/hadoop-ozone/ozonefs/target/test-dir/MiniOzoneClusterImpl-da5888fd-c692-4355-82c4-91aa98cbf569/datanode-3/data/ratis/23adbd8c-4c50-456d-b21e-b5f2705f2a79
2019-09-20 08:46:08,298 [pool-60-thread-1] INFO  server.RaftServerConfigKeys (ConfUtils.java:logGet(43)) - raft.server.log.queue.byte-limit = 2147483647 (custom)
2019-09-20 08:46:08,298 [pool-60-thread-1] INFO  server.RaftServerConfigKeys (ConfUtils.java:logGet(43)) - raft.server.log.queue.element-limit = 1024 (custom)
2019-09-20 08:46:08,298 [pool-60-thread-1] INFO  server.RaftServerConfigKeys (ConfUtils.java:logGet(43)) - raft.server.log.segment.size.max = 1048576 (custom)
2019-09-20 08:46:08,299 [pool-60-thread-1] INFO  server.RaftServerConfigKeys (ConfUtils.java:logGet(43)) - raft.server.log.preallocated.size = 16384 (custom)
2019-09-20 08:46:08,299 [pool-60-thread-1] INFO  server.RaftServerConfigKeys (ConfUtils.java:logGet(43)) - raft.server.log.write.buffer.size = 33554432 (custom)
2019-09-20 08:46:08,299 [pool-60-thread-1] INFO  server.RaftServerConfigKeys (ConfUtils.java:logGet(43)) - raft.server.log.force.sync.num = 128 (default)
2019-09-20 08:46:08,300 [pool-60-thread-1] INFO  server.RaftServerConfigKeys (ConfUtils.java:logGet(43)) - raft.server.log.statemachine.data.sync = true (default)
2019-09-20 08:46:08,300 [pool-60-thread-1] INFO  server.RaftServerConfigKeys (ConfUtils.java:logGet(43)) - raft.server.log.statemachine.data.sync.timeout = 10s (default)
2019-09-20 08:46:08,300 [pool-60-thread-1] INFO  server.RaftServerConfigKeys (ConfUtils.java:logGet(43)) - raft.server.log.statemachine.data.sync.timeout.retry = -1 (default)
2019-09-20 08:46:08,300 [pool-60-thread-1] INFO  server.RaftServerConfigKeys (ConfUtils.java:logGet(43)) - raft.server.log.statemachine.data.caching.enabled = true (custom)
2019-09-20 08:46:08,301 [pool-60-thread-1] INFO  segmented.SegmentedRaftLogWorker (SegmentedRaftLogWorker.java:lambda$new$0(132)) - a3bf3c1a-4063-48f8-b1bd-e321780611c4-SegmentedRaftLogWorker:Storage Directory /workdir/hadoop-ozone/ozonefs/target/test-dir/MiniOzoneClusterImpl-da5888fd-c692-4355-82c4-91aa98cbf569/datanode-3/data/ratis/23adbd8c-4c50-456d-b21e-b5f2705f2a79: flushIndex: setUnconditionally 0 -> -1
2019-09-20 08:46:08,301 [pool-60-thread-1] INFO  server.RaftServerConfigKeys (ConfUtils.java:logGet(43)) - raft.server.snapshot.auto.trigger.enabled = true (custom)
2019-09-20 08:46:08,301 [pool-60-thread-1] INFO  server.RaftServerConfigKeys (ConfUtils.java:logGet(43)) - raft.server.snapshot.auto.trigger.threshold = 10000 (custom)
2019-09-20 08:46:08,302 [pool-60-thread-1] INFO  server.RaftServerConfigKeys (ConfUtils.java:logGet(43)) - raft.server.retrycache.expirytime = 600000ms (custom)
2019-09-20 08:46:08,302 [pool-60-thread-1] INFO  impl.RaftServerImpl (RaftServerImpl.java:start(180)) - a3bf3c1a-4063-48f8-b1bd-e321780611c4: start group-B5F2705F2A79
2019-09-20 08:46:08,302 [pool-60-thread-1] INFO  impl.RaftServerImpl (RaftServerImpl.java:setRole(171)) - a3bf3c1a-4063-48f8-b1bd-e321780611c4:group-B5F2705F2A79 changes role from null to FOLLOWER at term 0 for startAsFollower
2019-09-20 08:46:08,302 [pool-60-thread-1] INFO  impl.RoleInfo (RoleInfo.java:updateAndGet(143)) - a3bf3c1a-4063-48f8-b1bd-e321780611c4: start FollowerState
2019-09-20 08:46:08,305 [pool-60-thread-1] INFO  util.JmxRegister (JmxRegister.java:tryRegister(44)) - Successfully registered JMX Bean with object name Ratis:service=RaftServer,group=group-B5F2705F2A79,id=a3bf3c1a-4063-48f8-b1bd-e321780611c4
2019-09-20 08:46:08,325 [RatisPipelineUtilsThread] INFO  pipeline.PipelineStateManager (PipelineStateManager.java:addPipeline(56)) - Created pipeline Pipeline[ Id: 23adbd8c-4c50-456d-b21e-b5f2705f2a79, Nodes: a3bf3c1a-4063-48f8-b1bd-e321780611c4{ip: 192.168.36.79, host: pr-hdds-1569-s8kj2-2266485376, networkLocation: /default-rack, certSerialId: null}, Type:RATIS, Factor:ONE, State:OPEN]
2019-09-20 08:46:08,332 [IPC Server handler 19 on 36551] INFO  net.NetworkTopology (NetworkTopologyImpl.java:add(110)) - Added a new node: /default-rack/d3d24c2e-887e-42af-9ac0-80e26c3dc807
2019-09-20 08:46:08,332 [IPC Server handler 19 on 36551] INFO  node.SCMNodeManager (SCMNodeManager.java:register(273)) - Registered Data node : d3d24c2e-887e-42af-9ac0-80e26c3dc807{ip: 192.168.36.79, host: pr-hdds-1569-s8kj2-2266485376, networkLocation: /default-rack, certSerialId: null}
2019-09-20 08:46:08,333 | INFO  | SCMAudit | user=jenkins1000 | ip=192.168.36.79 | op=REGISTER {datanodeDetails=d3d24c2e-887e-42af-9ac0-80e26c3dc807{ip: 192.168.36.79, host: pr-hdds-1569-s8kj2-2266485376, networkLocation: /default-rack, certSerialId: null}} | ret=SUCCESS |  
2019-09-20 08:46:08,360 [grpc-default-executor-0] INFO  impl.RaftServerProxy (RaftServerProxy.java:addNew(89)) - 4eb079c5-a63c-4d36-97af-76873864fc0c: addNew group-0F962510B63A:[4eb079c5-a63c-4d36-97af-76873864fc0c:192.168.36.79:36098] returns group-0F962510B63A:java.util.concurrent.CompletableFuture@1f0696ef[Not completed]
2019-09-20 08:46:08,382 [pool-71-thread-1] INFO  impl.RaftServerImpl (RaftServerImpl.java:<init>(93)) - 4eb079c5-a63c-4d36-97af-76873864fc0c: new RaftServerImpl for group-0F962510B63A:[4eb079c5-a63c-4d36-97af-76873864fc0c:192.168.36.79:36098] with ContainerStateMachine:uninitialized
2019-09-20 08:46:08,382 [pool-71-thread-1] INFO  server.RaftServerConfigKeys (ConfUtils.java:logGet(43)) - raft.server.rpc.timeout.min = 5s (custom)
2019-09-20 08:46:08,383 [pool-71-thread-1] INFO  server.RaftServerConfigKeys (ConfUtils.java:logGet(43)) - raft.server.rpc.timeout.max = 5200ms (custom)
2019-09-20 08:46:08,383 [pool-71-thread-1] INFO  server.RaftServerConfigKeys (ConfUtils.java:logGet(43)) - raft.server.rpcslowness.timeout = 120s (custom)
2019-09-20 08:46:08,383 [pool-71-thread-1] INFO  server.RaftServerConfigKeys (ConfUtils.java:logGet(43)) - raft.server.sleep.deviation.threshold = 300 (default)
2019-09-20 08:46:08,383 [pool-71-thread-1] INFO  server.RaftServerConfigKeys (ConfUtils.java:logGet(43)) - raft.server.log.appender.install.snapshot.enabled = false (custom)
2019-09-20 08:46:08,383 [pool-71-thread-1] INFO  impl.RaftServerImpl (ServerState.java:<init>(105)) - 4eb079c5-a63c-4d36-97af-76873864fc0c:group-0F962510B63A ConfigurationManager, init=-1: [4eb079c5-a63c-4d36-97af-76873864fc0c:192.168.36.79:36098], old=null, confs=<EMPTY_MAP>
2019-09-20 08:46:08,383 [pool-71-thread-1] INFO  server.RaftServerConfigKeys (ConfUtils.java:logGet(43)) - raft.server.storage.dir = [/workdir/hadoop-ozone/ozonefs/target/test-dir/MiniOzoneClusterImpl-da5888fd-c692-4355-82c4-91aa98cbf569/datanode-4/data/ratis] (custom)
2019-09-20 08:46:08,384 [pool-71-thread-1] INFO  storage.RaftStorageDirectory (RaftStorageDirectory.java:analyzeStorage(246)) - The storage directory /workdir/hadoop-ozone/ozonefs/target/test-dir/MiniOzoneClusterImpl-da5888fd-c692-4355-82c4-91aa98cbf569/datanode-4/data/ratis/4182a1a2-d52c-4a56-9a58-0f962510b63a does not exist. Creating ...
2019-09-20 08:46:08,400 [pool-71-thread-1] INFO  storage.RaftStorageDirectory (RaftStorageDirectory.java:tryLock(328)) - Lock on /workdir/hadoop-ozone/ozonefs/target/test-dir/MiniOzoneClusterImpl-da5888fd-c692-4355-82c4-91aa98cbf569/datanode-4/data/ratis/4182a1a2-d52c-4a56-9a58-0f962510b63a/in_use.lock acquired by nodename 7820@pr-hdds-1569-s8kj2-2266485376
2019-09-20 08:46:08,418 [pool-71-thread-1] INFO  storage.RaftStorage (RaftStorage.java:format(72)) - Storage directory /workdir/hadoop-ozone/ozonefs/target/test-dir/MiniOzoneClusterImpl-da5888fd-c692-4355-82c4-91aa98cbf569/datanode-4/data/ratis/4182a1a2-d52c-4a56-9a58-0f962510b63a has been successfully formatted.
2019-09-20 08:46:08,418 [pool-71-thread-1] INFO  ratis.ContainerStateMachine (ContainerStateMachine.java:loadSnapshot(226)) - group-0F962510B63A: The snapshot info is null. Setting the last applied indexto:(t:0, i:~)
2019-09-20 08:46:08,418 [pool-71-thread-1] INFO  server.RaftServerConfigKeys (ConfUtils.java:logGet(43)) - raft.server.leader.election.timeout = 120s (custom)
2019-09-20 08:46:08,419 [pool-71-thread-1] INFO  server.RaftServerConfigKeys (ConfUtils.java:logGet(43)) - raft.server.log.use.memory = false (default)
2019-09-20 08:46:08,419 [pool-71-thread-1] INFO  server.RaftServerConfigKeys (ConfUtils.java:logGet(43)) - raft.server.log.purge.gap = 1000000 (custom)
2019-09-20 08:46:08,419 [pool-71-thread-1] INFO  server.RaftServerConfigKeys (ConfUtils.java:logGet(43)) - raft.server.log.appender.buffer.byte-limit = 33554432 (custom)
2019-09-20 08:46:08,419 [pool-71-thread-1] INFO  server.RaftServerConfigKeys (ConfUtils.java:logGet(43)) - raft.server.log.segment.size.max = 1048576 (custom)
2019-09-20 08:46:08,419 [pool-71-thread-1] INFO  server.RaftServerConfigKeys (ConfUtils.java:logGet(43)) - raft.server.log.segment.cache.num.max = 2 (custom)
2019-09-20 08:46:08,419 [pool-71-thread-1] INFO  segmented.SegmentedRaftLogWorker (SegmentedRaftLogWorker.java:<init>(172)) - new 4eb079c5-a63c-4d36-97af-76873864fc0c-SegmentedRaftLogWorker:Storage Directory /workdir/hadoop-ozone/ozonefs/target/test-dir/MiniOzoneClusterImpl-da5888fd-c692-4355-82c4-91aa98cbf569/datanode-4/data/ratis/4182a1a2-d52c-4a56-9a58-0f962510b63a for RaftStorage:Storage Directory /workdir/hadoop-ozone/ozonefs/target/test-dir/MiniOzoneClusterImpl-da5888fd-c692-4355-82c4-91aa98cbf569/datanode-4/data/ratis/4182a1a2-d52c-4a56-9a58-0f962510b63a
2019-09-20 08:46:08,420 [pool-71-thread-1] INFO  server.RaftServerConfigKeys (ConfUtils.java:logGet(43)) - raft.server.log.queue.byte-limit = 2147483647 (custom)
2019-09-20 08:46:08,420 [pool-71-thread-1] INFO  server.RaftServerConfigKeys (ConfUtils.java:logGet(43)) - raft.server.log.queue.element-limit = 1024 (custom)
2019-09-20 08:46:08,420 [pool-71-thread-1] INFO  server.RaftServerConfigKeys (ConfUtils.java:logGet(43)) - raft.server.log.segment.size.max = 1048576 (custom)
2019-09-20 08:46:08,420 [pool-71-thread-1] INFO  server.RaftServerConfigKeys (ConfUtils.java:logGet(43)) - raft.server.log.preallocated.size = 16384 (custom)
2019-09-20 08:46:08,420 [pool-71-thread-1] INFO  server.RaftServerConfigKeys (ConfUtils.java:logGet(43)) - raft.server.log.write.buffer.size = 33554432 (custom)
2019-09-20 08:46:08,421 [pool-71-thread-1] INFO  server.RaftServerConfigKeys (ConfUtils.java:logGet(43)) - raft.server.log.force.sync.num = 128 (default)
2019-09-20 08:46:08,421 [pool-71-thread-1] INFO  server.RaftServerConfigKeys (ConfUtils.java:logGet(43)) - raft.server.log.statemachine.data.sync = true (default)
2019-09-20 08:46:08,421 [pool-71-thread-1] INFO  server.RaftServerConfigKeys (ConfUtils.java:logGet(43)) - raft.server.log.statemachine.data.sync.timeout = 10s (default)
2019-09-20 08:46:08,421 [pool-71-thread-1] INFO  server.RaftServerConfigKeys (ConfUtils.java:logGet(43)) - raft.server.log.statemachine.data.sync.timeout.retry = -1 (default)
2019-09-20 08:46:08,421 [pool-71-thread-1] INFO  server.RaftServerConfigKeys (ConfUtils.java:logGet(43)) - raft.server.log.statemachine.data.caching.enabled = true (custom)
2019-09-20 08:46:08,422 [pool-71-thread-1] INFO  segmented.SegmentedRaftLogWorker (SegmentedRaftLogWorker.java:lambda$new$0(132)) - 4eb079c5-a63c-4d36-97af-76873864fc0c-SegmentedRaftLogWorker:Storage Directory /workdir/hadoop-ozone/ozonefs/target/test-dir/MiniOzoneClusterImpl-da5888fd-c692-4355-82c4-91aa98cbf569/datanode-4/data/ratis/4182a1a2-d52c-4a56-9a58-0f962510b63a: flushIndex: setUnconditionally 0 -> -1
2019-09-20 08:46:08,422 [pool-71-thread-1] INFO  server.RaftServerConfigKeys (ConfUtils.java:logGet(43)) - raft.server.snapshot.auto.trigger.enabled = true (custom)
2019-09-20 08:46:08,422 [pool-71-thread-1] INFO  server.RaftServerConfigKeys (ConfUtils.java:logGet(43)) - raft.server.snapshot.auto.trigger.threshold = 10000 (custom)
2019-09-20 08:46:08,422 [pool-71-thread-1] INFO  server.RaftServerConfigKeys (ConfUtils.java:logGet(43)) - raft.server.retrycache.expirytime = 600000ms (custom)
2019-09-20 08:46:08,423 [pool-71-thread-1] INFO  impl.RaftServerImpl (RaftServerImpl.java:start(180)) - 4eb079c5-a63c-4d36-97af-76873864fc0c: start group-0F962510B63A
2019-09-20 08:46:08,423 [pool-71-thread-1] INFO  impl.RaftServerImpl (RaftServerImpl.java:setRole(171)) - 4eb079c5-a63c-4d36-97af-76873864fc0c:group-0F962510B63A changes role from null to FOLLOWER at term 0 for startAsFollower
2019-09-20 08:46:08,423 [pool-71-thread-1] INFO  impl.RoleInfo (RoleInfo.java:updateAndGet(143)) - 4eb079c5-a63c-4d36-97af-76873864fc0c: start FollowerState
2019-09-20 08:46:08,423 [pool-71-thread-1] INFO  util.JmxRegister (JmxRegister.java:tryRegister(44)) - Successfully registered JMX Bean with object name Ratis:service=RaftServer,group=group-0F962510B63A,id=4eb079c5-a63c-4d36-97af-76873864fc0c
2019-09-20 08:46:08,446 [RatisPipelineUtilsThread] INFO  pipeline.PipelineStateManager (PipelineStateManager.java:addPipeline(56)) - Created pipeline Pipeline[ Id: 4182a1a2-d52c-4a56-9a58-0f962510b63a, Nodes: 4eb079c5-a63c-4d36-97af-76873864fc0c{ip: 192.168.36.79, host: pr-hdds-1569-s8kj2-2266485376, networkLocation: /default-rack, certSerialId: null}, Type:RATIS, Factor:ONE, State:OPEN]
2019-09-20 08:46:08,468 [grpc-default-executor-0] INFO  impl.RaftServerProxy (RaftServerProxy.java:addNew(89)) - 4eb079c5-a63c-4d36-97af-76873864fc0c: addNew group-B995D4F985ED:[4eb079c5-a63c-4d36-97af-76873864fc0c:192.168.36.79:36098] returns group-B995D4F985ED:java.util.concurrent.CompletableFuture@51d89403[Not completed]
2019-09-20 08:46:08,469 [pool-71-thread-1] INFO  impl.RaftServerImpl (RaftServerImpl.java:<init>(93)) - 4eb079c5-a63c-4d36-97af-76873864fc0c: new RaftServerImpl for group-B995D4F985ED:[4eb079c5-a63c-4d36-97af-76873864fc0c:192.168.36.79:36098] with ContainerStateMachine:uninitialized
2019-09-20 08:46:08,470 [pool-71-thread-1] INFO  server.RaftServerConfigKeys (ConfUtils.java:logGet(43)) - raft.server.rpc.timeout.min = 5s (custom)
2019-09-20 08:46:08,470 [pool-71-thread-1] INFO  server.RaftServerConfigKeys (ConfUtils.java:logGet(43)) - raft.server.rpc.timeout.max = 5200ms (custom)
2019-09-20 08:46:08,470 [pool-71-thread-1] INFO  server.RaftServerConfigKeys (ConfUtils.java:logGet(43)) - raft.server.rpcslowness.timeout = 120s (custom)
2019-09-20 08:46:08,470 [pool-71-thread-1] INFO  server.RaftServerConfigKeys (ConfUtils.java:logGet(43)) - raft.server.sleep.deviation.threshold = 300 (default)
2019-09-20 08:46:08,470 [pool-71-thread-1] INFO  server.RaftServerConfigKeys (ConfUtils.java:logGet(43)) - raft.server.log.appender.install.snapshot.enabled = false (custom)
2019-09-20 08:46:08,470 [pool-71-thread-1] INFO  impl.RaftServerImpl (ServerState.java:<init>(105)) - 4eb079c5-a63c-4d36-97af-76873864fc0c:group-B995D4F985ED ConfigurationManager, init=-1: [4eb079c5-a63c-4d36-97af-76873864fc0c:192.168.36.79:36098], old=null, confs=<EMPTY_MAP>
2019-09-20 08:46:08,470 [pool-71-thread-1] INFO  server.RaftServerConfigKeys (ConfUtils.java:logGet(43)) - raft.server.storage.dir = [/workdir/hadoop-ozone/ozonefs/target/test-dir/MiniOzoneClusterImpl-da5888fd-c692-4355-82c4-91aa98cbf569/datanode-4/data/ratis] (custom)
2019-09-20 08:46:08,471 [pool-71-thread-1] INFO  storage.RaftStorageDirectory (RaftStorageDirectory.java:analyzeStorage(246)) - The storage directory /workdir/hadoop-ozone/ozonefs/target/test-dir/MiniOzoneClusterImpl-da5888fd-c692-4355-82c4-91aa98cbf569/datanode-4/data/ratis/27547c53-2d26-4067-b679-b995d4f985ed does not exist. Creating ...
2019-09-20 08:46:08,472 | INFO  | SCMAudit | user=jenkins1000 | ip=192.168.36.79 | op=SEND_HEARTBEAT {datanodeUUID=3ea69b51-ea1d-40b9-a82f-433a48a46bff, command=[]} | ret=SUCCESS |  
2019-09-20 08:46:08,489 [pool-71-thread-1] INFO  storage.RaftStorageDirectory (RaftStorageDirectory.java:tryLock(328)) - Lock on /workdir/hadoop-ozone/ozonefs/target/test-dir/MiniOzoneClusterImpl-da5888fd-c692-4355-82c4-91aa98cbf569/datanode-4/data/ratis/27547c53-2d26-4067-b679-b995d4f985ed/in_use.lock acquired by nodename 7820@pr-hdds-1569-s8kj2-2266485376
2019-09-20 08:46:08,525 [pool-71-thread-1] INFO  storage.RaftStorage (RaftStorage.java:format(72)) - Storage directory /workdir/hadoop-ozone/ozonefs/target/test-dir/MiniOzoneClusterImpl-da5888fd-c692-4355-82c4-91aa98cbf569/datanode-4/data/ratis/27547c53-2d26-4067-b679-b995d4f985ed has been successfully formatted.
2019-09-20 08:46:08,525 [pool-71-thread-1] INFO  ratis.ContainerStateMachine (ContainerStateMachine.java:loadSnapshot(226)) - group-B995D4F985ED: The snapshot info is null. Setting the last applied indexto:(t:0, i:~)
2019-09-20 08:46:08,526 [pool-71-thread-1] INFO  server.RaftServerConfigKeys (ConfUtils.java:logGet(43)) - raft.server.leader.election.timeout = 120s (custom)
2019-09-20 08:46:08,526 [pool-71-thread-1] INFO  server.RaftServerConfigKeys (ConfUtils.java:logGet(43)) - raft.server.log.use.memory = false (default)
2019-09-20 08:46:08,526 [pool-71-thread-1] INFO  server.RaftServerConfigKeys (ConfUtils.java:logGet(43)) - raft.server.log.purge.gap = 1000000 (custom)
2019-09-20 08:46:08,526 [pool-71-thread-1] INFO  server.RaftServerConfigKeys (ConfUtils.java:logGet(43)) - raft.server.log.appender.buffer.byte-limit = 33554432 (custom)
2019-09-20 08:46:08,526 [pool-71-thread-1] INFO  server.RaftServerConfigKeys (ConfUtils.java:logGet(43)) - raft.server.log.segment.size.max = 1048576 (custom)
2019-09-20 08:46:08,526 [pool-71-thread-1] INFO  server.RaftServerConfigKeys (ConfUtils.java:logGet(43)) - raft.server.log.segment.cache.num.max = 2 (custom)
2019-09-20 08:46:08,527 [pool-71-thread-1] INFO  segmented.SegmentedRaftLogWorker (SegmentedRaftLogWorker.java:<init>(172)) - new 4eb079c5-a63c-4d36-97af-76873864fc0c-SegmentedRaftLogWorker:Storage Directory /workdir/hadoop-ozone/ozonefs/target/test-dir/MiniOzoneClusterImpl-da5888fd-c692-4355-82c4-91aa98cbf569/datanode-4/data/ratis/27547c53-2d26-4067-b679-b995d4f985ed for RaftStorage:Storage Directory /workdir/hadoop-ozone/ozonefs/target/test-dir/MiniOzoneClusterImpl-da5888fd-c692-4355-82c4-91aa98cbf569/datanode-4/data/ratis/27547c53-2d26-4067-b679-b995d4f985ed
2019-09-20 08:46:08,527 [pool-71-thread-1] INFO  server.RaftServerConfigKeys (ConfUtils.java:logGet(43)) - raft.server.log.queue.byte-limit = 2147483647 (custom)
2019-09-20 08:46:08,527 [pool-71-thread-1] INFO  server.RaftServerConfigKeys (ConfUtils.java:logGet(43)) - raft.server.log.queue.element-limit = 1024 (custom)
2019-09-20 08:46:08,527 [pool-71-thread-1] INFO  server.RaftServerConfigKeys (ConfUtils.java:logGet(43)) - raft.server.log.segment.size.max = 1048576 (custom)
2019-09-20 08:46:08,527 [pool-71-thread-1] INFO  server.RaftServerConfigKeys (ConfUtils.java:logGet(43)) - raft.server.log.preallocated.size = 16384 (custom)
2019-09-20 08:46:08,528 [pool-71-thread-1] INFO  server.RaftServerConfigKeys (ConfUtils.java:logGet(43)) - raft.server.log.write.buffer.size = 33554432 (custom)
2019-09-20 08:46:08,528 [pool-71-thread-1] INFO  server.RaftServerConfigKeys (ConfUtils.java:logGet(43)) - raft.server.log.force.sync.num = 128 (default)
2019-09-20 08:46:08,528 [pool-71-thread-1] INFO  server.RaftServerConfigKeys (ConfUtils.java:logGet(43)) - raft.server.log.statemachine.data.sync = true (default)
2019-09-20 08:46:08,528 [pool-71-thread-1] INFO  server.RaftServerConfigKeys (ConfUtils.java:logGet(43)) - raft.server.log.statemachine.data.sync.timeout = 10s (default)
2019-09-20 08:46:08,528 [pool-71-thread-1] INFO  server.RaftServerConfigKeys (ConfUtils.java:logGet(43)) - raft.server.log.statemachine.data.sync.timeout.retry = -1 (default)
2019-09-20 08:46:08,528 [pool-71-thread-1] INFO  server.RaftServerConfigKeys (ConfUtils.java:logGet(43)) - raft.server.log.statemachine.data.caching.enabled = true (custom)
2019-09-20 08:46:08,529 [pool-71-thread-1] INFO  segmented.SegmentedRaftLogWorker (SegmentedRaftLogWorker.java:lambda$new$0(132)) - 4eb079c5-a63c-4d36-97af-76873864fc0c-SegmentedRaftLogWorker:Storage Directory /workdir/hadoop-ozone/ozonefs/target/test-dir/MiniOzoneClusterImpl-da5888fd-c692-4355-82c4-91aa98cbf569/datanode-4/data/ratis/27547c53-2d26-4067-b679-b995d4f985ed: flushIndex: setUnconditionally 0 -> -1
2019-09-20 08:46:08,529 [pool-71-thread-1] INFO  server.RaftServerConfigKeys (ConfUtils.java:logGet(43)) - raft.server.snapshot.auto.trigger.enabled = true (custom)
2019-09-20 08:46:08,529 [pool-71-thread-1] INFO  server.RaftServerConfigKeys (ConfUtils.java:logGet(43)) - raft.server.snapshot.auto.trigger.threshold = 10000 (custom)
2019-09-20 08:46:08,530 [pool-71-thread-1] INFO  server.RaftServerConfigKeys (ConfUtils.java:logGet(43)) - raft.server.retrycache.expirytime = 600000ms (custom)
2019-09-20 08:46:08,530 [pool-71-thread-1] INFO  impl.RaftServerImpl (RaftServerImpl.java:start(180)) - 4eb079c5-a63c-4d36-97af-76873864fc0c: start group-B995D4F985ED
2019-09-20 08:46:08,530 [pool-71-thread-1] INFO  impl.RaftServerImpl (RaftServerImpl.java:setRole(171)) - 4eb079c5-a63c-4d36-97af-76873864fc0c:group-B995D4F985ED changes role from null to FOLLOWER at term 0 for startAsFollower
2019-09-20 08:46:08,530 [pool-71-thread-1] INFO  impl.RoleInfo (RoleInfo.java:updateAndGet(143)) - 4eb079c5-a63c-4d36-97af-76873864fc0c: start FollowerState
2019-09-20 08:46:08,531 [pool-71-thread-1] INFO  util.JmxRegister (JmxRegister.java:tryRegister(44)) - Successfully registered JMX Bean with object name Ratis:service=RaftServer,group=group-B995D4F985ED,id=4eb079c5-a63c-4d36-97af-76873864fc0c
2019-09-20 08:46:08,560 [RatisPipelineUtilsThread] INFO  pipeline.PipelineStateManager (PipelineStateManager.java:addPipeline(56)) - Created pipeline Pipeline[ Id: 27547c53-2d26-4067-b679-b995d4f985ed, Nodes: 4eb079c5-a63c-4d36-97af-76873864fc0c{ip: 192.168.36.79, host: pr-hdds-1569-s8kj2-2266485376, networkLocation: /default-rack, certSerialId: null}, Type:RATIS, Factor:ONE, State:OPEN]
2019-09-20 08:46:08,562 [IPC Server handler 4 on 36551] INFO  net.NetworkTopology (NetworkTopologyImpl.java:add(110)) - Added a new node: /default-rack/735a34e4-c7c4-465a-a71d-fefc6390b8eb
2019-09-20 08:46:08,563 [IPC Server handler 4 on 36551] INFO  node.SCMNodeManager (SCMNodeManager.java:register(273)) - Registered Data node : 735a34e4-c7c4-465a-a71d-fefc6390b8eb{ip: 192.168.36.79, host: pr-hdds-1569-s8kj2-2266485376, networkLocation: /default-rack, certSerialId: null}
2019-09-20 08:46:08,563 | INFO  | SCMAudit | user=jenkins1000 | ip=192.168.36.79 | op=REGISTER {datanodeDetails=735a34e4-c7c4-465a-a71d-fefc6390b8eb{ip: 192.168.36.79, host: pr-hdds-1569-s8kj2-2266485376, networkLocation: /default-rack, certSerialId: null}} | ret=SUCCESS |  
2019-09-20 08:46:08,577 [grpc-default-executor-0] INFO  impl.RaftServerProxy (RaftServerProxy.java:addNew(89)) - a3bf3c1a-4063-48f8-b1bd-e321780611c4: addNew group-77559C52F07A:[a3bf3c1a-4063-48f8-b1bd-e321780611c4:192.168.36.79:36591] returns group-77559C52F07A:java.util.concurrent.CompletableFuture@3cb0e147[Not completed]
2019-09-20 08:46:08,579 [pool-60-thread-1] INFO  impl.RaftServerImpl (RaftServerImpl.java:<init>(93)) - a3bf3c1a-4063-48f8-b1bd-e321780611c4: new RaftServerImpl for group-77559C52F07A:[a3bf3c1a-4063-48f8-b1bd-e321780611c4:192.168.36.79:36591] with ContainerStateMachine:uninitialized
2019-09-20 08:46:08,579 [pool-60-thread-1] INFO  server.RaftServerConfigKeys (ConfUtils.java:logGet(43)) - raft.server.rpc.timeout.min = 5s (custom)
2019-09-20 08:46:08,579 [pool-60-thread-1] INFO  server.RaftServerConfigKeys (ConfUtils.java:logGet(43)) - raft.server.rpc.timeout.max = 5200ms (custom)
2019-09-20 08:46:08,579 [pool-60-thread-1] INFO  server.RaftServerConfigKeys (ConfUtils.java:logGet(43)) - raft.server.rpcslowness.timeout = 120s (custom)
2019-09-20 08:46:08,579 [pool-60-thread-1] INFO  server.RaftServerConfigKeys (ConfUtils.java:logGet(43)) - raft.server.sleep.deviation.threshold = 300 (default)
2019-09-20 08:46:08,579 [pool-60-thread-1] INFO  server.RaftServerConfigKeys (ConfUtils.java:logGet(43)) - raft.server.log.appender.install.snapshot.enabled = false (custom)
2019-09-20 08:46:08,580 [pool-60-thread-1] INFO  impl.RaftServerImpl (ServerState.java:<init>(105)) - a3bf3c1a-4063-48f8-b1bd-e321780611c4:group-77559C52F07A ConfigurationManager, init=-1: [a3bf3c1a-4063-48f8-b1bd-e321780611c4:192.168.36.79:36591], old=null, confs=<EMPTY_MAP>
2019-09-20 08:46:08,580 [pool-60-thread-1] INFO  server.RaftServerConfigKeys (ConfUtils.java:logGet(43)) - raft.server.storage.dir = [/workdir/hadoop-ozone/ozonefs/target/test-dir/MiniOzoneClusterImpl-da5888fd-c692-4355-82c4-91aa98cbf569/datanode-3/data/ratis] (custom)
2019-09-20 08:46:08,580 [pool-60-thread-1] INFO  storage.RaftStorageDirectory (RaftStorageDirectory.java:analyzeStorage(246)) - The storage directory /workdir/hadoop-ozone/ozonefs/target/test-dir/MiniOzoneClusterImpl-da5888fd-c692-4355-82c4-91aa98cbf569/datanode-3/data/ratis/a1c2de70-bee3-4573-a4d9-77559c52f07a does not exist. Creating ...
2019-09-20 08:46:08,617 [pool-60-thread-1] INFO  storage.RaftStorageDirectory (RaftStorageDirectory.java:tryLock(328)) - Lock on /workdir/hadoop-ozone/ozonefs/target/test-dir/MiniOzoneClusterImpl-da5888fd-c692-4355-82c4-91aa98cbf569/datanode-3/data/ratis/a1c2de70-bee3-4573-a4d9-77559c52f07a/in_use.lock acquired by nodename 7820@pr-hdds-1569-s8kj2-2266485376
2019-09-20 08:46:08,651 [pool-60-thread-1] INFO  storage.RaftStorage (RaftStorage.java:format(72)) - Storage directory /workdir/hadoop-ozone/ozonefs/target/test-dir/MiniOzoneClusterImpl-da5888fd-c692-4355-82c4-91aa98cbf569/datanode-3/data/ratis/a1c2de70-bee3-4573-a4d9-77559c52f07a has been successfully formatted.
2019-09-20 08:46:08,651 [pool-60-thread-1] INFO  ratis.ContainerStateMachine (ContainerStateMachine.java:loadSnapshot(226)) - group-77559C52F07A: The snapshot info is null. Setting the last applied indexto:(t:0, i:~)
2019-09-20 08:46:08,651 [pool-60-thread-1] INFO  server.RaftServerConfigKeys (ConfUtils.java:logGet(43)) - raft.server.leader.election.timeout = 120s (custom)
2019-09-20 08:46:08,652 [pool-60-thread-1] INFO  server.RaftServerConfigKeys (ConfUtils.java:logGet(43)) - raft.server.log.use.memory = false (default)
2019-09-20 08:46:08,652 [pool-60-thread-1] INFO  server.RaftServerConfigKeys (ConfUtils.java:logGet(43)) - raft.server.log.purge.gap = 1000000 (custom)
2019-09-20 08:46:08,652 [pool-60-thread-1] INFO  server.RaftServerConfigKeys (ConfUtils.java:logGet(43)) - raft.server.log.appender.buffer.byte-limit = 33554432 (custom)
2019-09-20 08:46:08,652 [pool-60-thread-1] INFO  server.RaftServerConfigKeys (ConfUtils.java:logGet(43)) - raft.server.log.segment.size.max = 1048576 (custom)
2019-09-20 08:46:08,652 [pool-60-thread-1] INFO  server.RaftServerConfigKeys (ConfUtils.java:logGet(43)) - raft.server.log.segment.cache.num.max = 2 (custom)
2019-09-20 08:46:08,653 [pool-60-thread-1] INFO  segmented.SegmentedRaftLogWorker (SegmentedRaftLogWorker.java:<init>(172)) - new a3bf3c1a-4063-48f8-b1bd-e321780611c4-SegmentedRaftLogWorker:Storage Directory /workdir/hadoop-ozone/ozonefs/target/test-dir/MiniOzoneClusterImpl-da5888fd-c692-4355-82c4-91aa98cbf569/datanode-3/data/ratis/a1c2de70-bee3-4573-a4d9-77559c52f07a for RaftStorage:Storage Directory /workdir/hadoop-ozone/ozonefs/target/test-dir/MiniOzoneClusterImpl-da5888fd-c692-4355-82c4-91aa98cbf569/datanode-3/data/ratis/a1c2de70-bee3-4573-a4d9-77559c52f07a
2019-09-20 08:46:08,653 [pool-60-thread-1] INFO  server.RaftServerConfigKeys (ConfUtils.java:logGet(43)) - raft.server.log.queue.byte-limit = 2147483647 (custom)
2019-09-20 08:46:08,653 [pool-60-thread-1] INFO  server.RaftServerConfigKeys (ConfUtils.java:logGet(43)) - raft.server.log.queue.element-limit = 1024 (custom)
2019-09-20 08:46:08,653 [pool-60-thread-1] INFO  server.RaftServerConfigKeys (ConfUtils.java:logGet(43)) - raft.server.log.segment.size.max = 1048576 (custom)
2019-09-20 08:46:08,653 [pool-60-thread-1] INFO  server.RaftServerConfigKeys (ConfUtils.java:logGet(43)) - raft.server.log.preallocated.size = 16384 (custom)
2019-09-20 08:46:08,654 [pool-60-thread-1] INFO  server.RaftServerConfigKeys (ConfUtils.java:logGet(43)) - raft.server.log.write.buffer.size = 33554432 (custom)
2019-09-20 08:46:08,654 [pool-60-thread-1] INFO  server.RaftServerConfigKeys (ConfUtils.java:logGet(43)) - raft.server.log.force.sync.num = 128 (default)
2019-09-20 08:46:08,654 [pool-60-thread-1] INFO  server.RaftServerConfigKeys (ConfUtils.java:logGet(43)) - raft.server.log.statemachine.data.sync = true (default)
2019-09-20 08:46:08,654 [pool-60-thread-1] INFO  server.RaftServerConfigKeys (ConfUtils.java:logGet(43)) - raft.server.log.statemachine.data.sync.timeout = 10s (default)
2019-09-20 08:46:08,654 [pool-60-thread-1] INFO  server.RaftServerConfigKeys (ConfUtils.java:logGet(43)) - raft.server.log.statemachine.data.sync.timeout.retry = -1 (default)
2019-09-20 08:46:08,655 [pool-60-thread-1] INFO  server.RaftServerConfigKeys (ConfUtils.java:logGet(43)) - raft.server.log.statemachine.data.caching.enabled = true (custom)
2019-09-20 08:46:08,655 [pool-60-thread-1] INFO  segmented.SegmentedRaftLogWorker (SegmentedRaftLogWorker.java:lambda$new$0(132)) - a3bf3c1a-4063-48f8-b1bd-e321780611c4-SegmentedRaftLogWorker:Storage Directory /workdir/hadoop-ozone/ozonefs/target/test-dir/MiniOzoneClusterImpl-da5888fd-c692-4355-82c4-91aa98cbf569/datanode-3/data/ratis/a1c2de70-bee3-4573-a4d9-77559c52f07a: flushIndex: setUnconditionally 0 -> -1
2019-09-20 08:46:08,656 [pool-60-thread-1] INFO  server.RaftServerConfigKeys (ConfUtils.java:logGet(43)) - raft.server.snapshot.auto.trigger.enabled = true (custom)
2019-09-20 08:46:08,656 [pool-60-thread-1] INFO  server.RaftServerConfigKeys (ConfUtils.java:logGet(43)) - raft.server.snapshot.auto.trigger.threshold = 10000 (custom)
2019-09-20 08:46:08,656 [pool-60-thread-1] INFO  server.RaftServerConfigKeys (ConfUtils.java:logGet(43)) - raft.server.retrycache.expirytime = 600000ms (custom)
2019-09-20 08:46:08,656 [pool-60-thread-1] INFO  impl.RaftServerImpl (RaftServerImpl.java:start(180)) - a3bf3c1a-4063-48f8-b1bd-e321780611c4: start group-77559C52F07A
2019-09-20 08:46:08,657 [pool-60-thread-1] INFO  impl.RaftServerImpl (RaftServerImpl.java:setRole(171)) - a3bf3c1a-4063-48f8-b1bd-e321780611c4:group-77559C52F07A changes role from null to FOLLOWER at term 0 for startAsFollower
2019-09-20 08:46:08,657 [pool-60-thread-1] INFO  impl.RoleInfo (RoleInfo.java:updateAndGet(143)) - a3bf3c1a-4063-48f8-b1bd-e321780611c4: start FollowerState
2019-09-20 08:46:08,658 [pool-60-thread-1] INFO  util.JmxRegister (JmxRegister.java:tryRegister(44)) - Successfully registered JMX Bean with object name Ratis:service=RaftServer,group=group-77559C52F07A,id=a3bf3c1a-4063-48f8-b1bd-e321780611c4
2019-09-20 08:46:08,675 [RatisPipelineUtilsThread] INFO  pipeline.PipelineStateManager (PipelineStateManager.java:addPipeline(56)) - Created pipeline Pipeline[ Id: a1c2de70-bee3-4573-a4d9-77559c52f07a, Nodes: a3bf3c1a-4063-48f8-b1bd-e321780611c4{ip: 192.168.36.79, host: pr-hdds-1569-s8kj2-2266485376, networkLocation: /default-rack, certSerialId: null}, Type:RATIS, Factor:ONE, State:OPEN]
2019-09-20 08:46:08,694 [grpc-default-executor-0] INFO  impl.RaftServerProxy (RaftServerProxy.java:addNew(89)) - 4eb079c5-a63c-4d36-97af-76873864fc0c: addNew group-2F835641E307:[4eb079c5-a63c-4d36-97af-76873864fc0c:192.168.36.79:36098] returns group-2F835641E307:java.util.concurrent.CompletableFuture@18d67aca[Not completed]
2019-09-20 08:46:08,696 [pool-71-thread-1] INFO  impl.RaftServerImpl (RaftServerImpl.java:<init>(93)) - 4eb079c5-a63c-4d36-97af-76873864fc0c: new RaftServerImpl for group-2F835641E307:[4eb079c5-a63c-4d36-97af-76873864fc0c:192.168.36.79:36098] with ContainerStateMachine:uninitialized
2019-09-20 08:46:08,696 [pool-71-thread-1] INFO  server.RaftServerConfigKeys (ConfUtils.java:logGet(43)) - raft.server.rpc.timeout.min = 5s (custom)
2019-09-20 08:46:08,697 [pool-71-thread-1] INFO  server.RaftServerConfigKeys (ConfUtils.java:logGet(43)) - raft.server.rpc.timeout.max = 5200ms (custom)
2019-09-20 08:46:08,697 [pool-71-thread-1] INFO  server.RaftServerConfigKeys (ConfUtils.java:logGet(43)) - raft.server.rpcslowness.timeout = 120s (custom)
2019-09-20 08:46:08,697 [pool-71-thread-1] INFO  server.RaftServerConfigKeys (ConfUtils.java:logGet(43)) - raft.server.sleep.deviation.threshold = 300 (default)
2019-09-20 08:46:08,697 [pool-71-thread-1] INFO  server.RaftServerConfigKeys (ConfUtils.java:logGet(43)) - raft.server.log.appender.install.snapshot.enabled = false (custom)
2019-09-20 08:46:08,697 [pool-71-thread-1] INFO  impl.RaftServerImpl (ServerState.java:<init>(105)) - 4eb079c5-a63c-4d36-97af-76873864fc0c:group-2F835641E307 ConfigurationManager, init=-1: [4eb079c5-a63c-4d36-97af-76873864fc0c:192.168.36.79:36098], old=null, confs=<EMPTY_MAP>
2019-09-20 08:46:08,697 [pool-71-thread-1] INFO  server.RaftServerConfigKeys (ConfUtils.java:logGet(43)) - raft.server.storage.dir = [/workdir/hadoop-ozone/ozonefs/target/test-dir/MiniOzoneClusterImpl-da5888fd-c692-4355-82c4-91aa98cbf569/datanode-4/data/ratis] (custom)
2019-09-20 08:46:08,698 [pool-71-thread-1] INFO  storage.RaftStorageDirectory (RaftStorageDirectory.java:analyzeStorage(246)) - The storage directory /workdir/hadoop-ozone/ozonefs/target/test-dir/MiniOzoneClusterImpl-da5888fd-c692-4355-82c4-91aa98cbf569/datanode-4/data/ratis/e2203aee-2f19-4056-a3e3-2f835641e307 does not exist. Creating ...
2019-09-20 08:46:08,718 [pool-71-thread-1] INFO  storage.RaftStorageDirectory (RaftStorageDirectory.java:tryLock(328)) - Lock on /workdir/hadoop-ozone/ozonefs/target/test-dir/MiniOzoneClusterImpl-da5888fd-c692-4355-82c4-91aa98cbf569/datanode-4/data/ratis/e2203aee-2f19-4056-a3e3-2f835641e307/in_use.lock acquired by nodename 7820@pr-hdds-1569-s8kj2-2266485376
2019-09-20 08:46:08,738 [pool-71-thread-1] INFO  storage.RaftStorage (RaftStorage.java:format(72)) - Storage directory /workdir/hadoop-ozone/ozonefs/target/test-dir/MiniOzoneClusterImpl-da5888fd-c692-4355-82c4-91aa98cbf569/datanode-4/data/ratis/e2203aee-2f19-4056-a3e3-2f835641e307 has been successfully formatted.
2019-09-20 08:46:08,738 [pool-71-thread-1] INFO  ratis.ContainerStateMachine (ContainerStateMachine.java:loadSnapshot(226)) - group-2F835641E307: The snapshot info is null. Setting the last applied indexto:(t:0, i:~)
2019-09-20 08:46:08,738 [pool-71-thread-1] INFO  server.RaftServerConfigKeys (ConfUtils.java:logGet(43)) - raft.server.leader.election.timeout = 120s (custom)
2019-09-20 08:46:08,738 [pool-71-thread-1] INFO  server.RaftServerConfigKeys (ConfUtils.java:logGet(43)) - raft.server.log.use.memory = false (default)
2019-09-20 08:46:08,738 | INFO  | SCMAudit | user=jenkins1000 | ip=192.168.36.79 | op=SEND_HEARTBEAT {datanodeUUID=e997423e-4090-4042-87ee-7419d4cf7365, command=[]} | ret=SUCCESS |  
2019-09-20 08:46:08,739 [pool-71-thread-1] INFO  server.RaftServerConfigKeys (ConfUtils.java:logGet(43)) - raft.server.log.purge.gap = 1000000 (custom)
2019-09-20 08:46:08,739 [pool-71-thread-1] INFO  server.RaftServerConfigKeys (ConfUtils.java:logGet(43)) - raft.server.log.appender.buffer.byte-limit = 33554432 (custom)
2019-09-20 08:46:08,739 [pool-71-thread-1] INFO  server.RaftServerConfigKeys (ConfUtils.java:logGet(43)) - raft.server.log.segment.size.max = 1048576 (custom)
2019-09-20 08:46:08,739 [pool-71-thread-1] INFO  server.RaftServerConfigKeys (ConfUtils.java:logGet(43)) - raft.server.log.segment.cache.num.max = 2 (custom)
2019-09-20 08:46:08,739 [pool-71-thread-1] INFO  segmented.SegmentedRaftLogWorker (SegmentedRaftLogWorker.java:<init>(172)) - new 4eb079c5-a63c-4d36-97af-76873864fc0c-SegmentedRaftLogWorker:Storage Directory /workdir/hadoop-ozone/ozonefs/target/test-dir/MiniOzoneClusterImpl-da5888fd-c692-4355-82c4-91aa98cbf569/datanode-4/data/ratis/e2203aee-2f19-4056-a3e3-2f835641e307 for RaftStorage:Storage Directory /workdir/hadoop-ozone/ozonefs/target/test-dir/MiniOzoneClusterImpl-da5888fd-c692-4355-82c4-91aa98cbf569/datanode-4/data/ratis/e2203aee-2f19-4056-a3e3-2f835641e307
2019-09-20 08:46:08,739 [pool-71-thread-1] INFO  server.RaftServerConfigKeys (ConfUtils.java:logGet(43)) - raft.server.log.queue.byte-limit = 2147483647 (custom)
2019-09-20 08:46:08,740 [pool-71-thread-1] INFO  server.RaftServerConfigKeys (ConfUtils.java:logGet(43)) - raft.server.log.queue.element-limit = 1024 (custom)
2019-09-20 08:46:08,740 [pool-71-thread-1] INFO  server.RaftServerConfigKeys (ConfUtils.java:logGet(43)) - raft.server.log.segment.size.max = 1048576 (custom)
2019-09-20 08:46:08,740 [pool-71-thread-1] INFO  server.RaftServerConfigKeys (ConfUtils.java:logGet(43)) - raft.server.log.preallocated.size = 16384 (custom)
2019-09-20 08:46:08,740 [pool-71-thread-1] INFO  server.RaftServerConfigKeys (ConfUtils.java:logGet(43)) - raft.server.log.write.buffer.size = 33554432 (custom)
2019-09-20 08:46:08,740 [pool-71-thread-1] INFO  server.RaftServerConfigKeys (ConfUtils.java:logGet(43)) - raft.server.log.force.sync.num = 128 (default)
2019-09-20 08:46:08,741 [pool-71-thread-1] INFO  server.RaftServerConfigKeys (ConfUtils.java:logGet(43)) - raft.server.log.statemachine.data.sync = true (default)
2019-09-20 08:46:08,741 [pool-71-thread-1] INFO  server.RaftServerConfigKeys (ConfUtils.java:logGet(43)) - raft.server.log.statemachine.data.sync.timeout = 10s (default)
2019-09-20 08:46:08,741 [pool-71-thread-1] INFO  server.RaftServerConfigKeys (ConfUtils.java:logGet(43)) - raft.server.log.statemachine.data.sync.timeout.retry = -1 (default)
2019-09-20 08:46:08,741 [pool-71-thread-1] INFO  server.RaftServerConfigKeys (ConfUtils.java:logGet(43)) - raft.server.log.statemachine.data.caching.enabled = true (custom)
2019-09-20 08:46:08,741 [pool-71-thread-1] INFO  segmented.SegmentedRaftLogWorker (SegmentedRaftLogWorker.java:lambda$new$0(132)) - 4eb079c5-a63c-4d36-97af-76873864fc0c-SegmentedRaftLogWorker:Storage Directory /workdir/hadoop-ozone/ozonefs/target/test-dir/MiniOzoneClusterImpl-da5888fd-c692-4355-82c4-91aa98cbf569/datanode-4/data/ratis/e2203aee-2f19-4056-a3e3-2f835641e307: flushIndex: setUnconditionally 0 -> -1
2019-09-20 08:46:08,742 [pool-71-thread-1] INFO  server.RaftServerConfigKeys (ConfUtils.java:logGet(43)) - raft.server.snapshot.auto.trigger.enabled = true (custom)
2019-09-20 08:46:08,742 [pool-71-thread-1] INFO  server.RaftServerConfigKeys (ConfUtils.java:logGet(43)) - raft.server.snapshot.auto.trigger.threshold = 10000 (custom)
2019-09-20 08:46:08,742 [pool-71-thread-1] INFO  server.RaftServerConfigKeys (ConfUtils.java:logGet(43)) - raft.server.retrycache.expirytime = 600000ms (custom)
2019-09-20 08:46:08,743 [pool-71-thread-1] INFO  impl.RaftServerImpl (RaftServerImpl.java:start(180)) - 4eb079c5-a63c-4d36-97af-76873864fc0c: start group-2F835641E307
2019-09-20 08:46:08,743 [pool-71-thread-1] INFO  impl.RaftServerImpl (RaftServerImpl.java:setRole(171)) - 4eb079c5-a63c-4d36-97af-76873864fc0c:group-2F835641E307 changes role from null to FOLLOWER at term 0 for startAsFollower
2019-09-20 08:46:08,743 [pool-71-thread-1] INFO  impl.RoleInfo (RoleInfo.java:updateAndGet(143)) - 4eb079c5-a63c-4d36-97af-76873864fc0c: start FollowerState
2019-09-20 08:46:08,743 [pool-71-thread-1] INFO  util.JmxRegister (JmxRegister.java:tryRegister(44)) - Successfully registered JMX Bean with object name Ratis:service=RaftServer,group=group-2F835641E307,id=4eb079c5-a63c-4d36-97af-76873864fc0c
2019-09-20 08:46:08,779 [RatisPipelineUtilsThread] INFO  pipeline.PipelineStateManager (PipelineStateManager.java:addPipeline(56)) - Created pipeline Pipeline[ Id: e2203aee-2f19-4056-a3e3-2f835641e307, Nodes: 4eb079c5-a63c-4d36-97af-76873864fc0c{ip: 192.168.36.79, host: pr-hdds-1569-s8kj2-2266485376, networkLocation: /default-rack, certSerialId: null}, Type:RATIS, Factor:ONE, State:OPEN]
2019-09-20 08:46:08,789 [main] INFO  ozone.MiniOzoneClusterImpl (MiniOzoneClusterImpl.java:lambda$waitForClusterToBeReady$0(142)) - Waiting for cluster to be ready. Got 9 of 10 DN Heartbeats.
2019-09-20 08:46:08,792 [IPC Server handler 2 on 36551] INFO  net.NetworkTopology (NetworkTopologyImpl.java:add(110)) - Added a new node: /default-rack/3d9fb88f-ef2a-412e-bafc-a0084682cc47
2019-09-20 08:46:08,792 [IPC Server handler 2 on 36551] INFO  node.SCMNodeManager (SCMNodeManager.java:register(273)) - Registered Data node : 3d9fb88f-ef2a-412e-bafc-a0084682cc47{ip: 192.168.36.79, host: pr-hdds-1569-s8kj2-2266485376, networkLocation: /default-rack, certSerialId: null}
2019-09-20 08:46:08,792 | INFO  | SCMAudit | user=jenkins1000 | ip=192.168.36.79 | op=REGISTER {datanodeDetails=3d9fb88f-ef2a-412e-bafc-a0084682cc47{ip: 192.168.36.79, host: pr-hdds-1569-s8kj2-2266485376, networkLocation: /default-rack, certSerialId: null}} | ret=SUCCESS |  
2019-09-20 08:46:08,797 [grpc-default-executor-0] INFO  impl.RaftServerProxy (RaftServerProxy.java:addNew(89)) - 0d845cc3-b0d9-47c5-b935-74fa0be2c903: addNew group-50A25CFB4A4A:[0d845cc3-b0d9-47c5-b935-74fa0be2c903:192.168.36.79:38257] returns group-50A25CFB4A4A:java.util.concurrent.CompletableFuture@30cfad54[Not completed]
2019-09-20 08:46:08,801 [pool-82-thread-1] INFO  impl.RaftServerImpl (RaftServerImpl.java:<init>(93)) - 0d845cc3-b0d9-47c5-b935-74fa0be2c903: new RaftServerImpl for group-50A25CFB4A4A:[0d845cc3-b0d9-47c5-b935-74fa0be2c903:192.168.36.79:38257] with ContainerStateMachine:uninitialized
2019-09-20 08:46:08,802 [pool-82-thread-1] INFO  server.RaftServerConfigKeys (ConfUtils.java:logGet(43)) - raft.server.rpc.timeout.min = 5s (custom)
2019-09-20 08:46:08,802 [pool-82-thread-1] INFO  server.RaftServerConfigKeys (ConfUtils.java:logGet(43)) - raft.server.rpc.timeout.max = 5200ms (custom)
2019-09-20 08:46:08,802 [pool-82-thread-1] INFO  server.RaftServerConfigKeys (ConfUtils.java:logGet(43)) - raft.server.rpcslowness.timeout = 120s (custom)
2019-09-20 08:46:08,802 [pool-82-thread-1] INFO  server.RaftServerConfigKeys (ConfUtils.java:logGet(43)) - raft.server.sleep.deviation.threshold = 300 (default)
2019-09-20 08:46:08,802 [pool-82-thread-1] INFO  server.RaftServerConfigKeys (ConfUtils.java:logGet(43)) - raft.server.log.appender.install.snapshot.enabled = false (custom)
2019-09-20 08:46:08,802 [pool-82-thread-1] INFO  impl.RaftServerImpl (ServerState.java:<init>(105)) - 0d845cc3-b0d9-47c5-b935-74fa0be2c903:group-50A25CFB4A4A ConfigurationManager, init=-1: [0d845cc3-b0d9-47c5-b935-74fa0be2c903:192.168.36.79:38257], old=null, confs=<EMPTY_MAP>
2019-09-20 08:46:08,802 [pool-82-thread-1] INFO  server.RaftServerConfigKeys (ConfUtils.java:logGet(43)) - raft.server.storage.dir = [/workdir/hadoop-ozone/ozonefs/target/test-dir/MiniOzoneClusterImpl-da5888fd-c692-4355-82c4-91aa98cbf569/datanode-5/data/ratis] (custom)
2019-09-20 08:46:08,803 [pool-82-thread-1] INFO  storage.RaftStorageDirectory (RaftStorageDirectory.java:analyzeStorage(246)) - The storage directory /workdir/hadoop-ozone/ozonefs/target/test-dir/MiniOzoneClusterImpl-da5888fd-c692-4355-82c4-91aa98cbf569/datanode-5/data/ratis/a05dbfba-3bd1-48d6-9ede-50a25cfb4a4a does not exist. Creating ...
2019-09-20 08:46:08,818 [pool-82-thread-1] INFO  storage.RaftStorageDirectory (RaftStorageDirectory.java:tryLock(328)) - Lock on /workdir/hadoop-ozone/ozonefs/target/test-dir/MiniOzoneClusterImpl-da5888fd-c692-4355-82c4-91aa98cbf569/datanode-5/data/ratis/a05dbfba-3bd1-48d6-9ede-50a25cfb4a4a/in_use.lock acquired by nodename 7820@pr-hdds-1569-s8kj2-2266485376
2019-09-20 08:46:08,844 [pool-82-thread-1] INFO  storage.RaftStorage (RaftStorage.java:format(72)) - Storage directory /workdir/hadoop-ozone/ozonefs/target/test-dir/MiniOzoneClusterImpl-da5888fd-c692-4355-82c4-91aa98cbf569/datanode-5/data/ratis/a05dbfba-3bd1-48d6-9ede-50a25cfb4a4a has been successfully formatted.
2019-09-20 08:46:08,844 [pool-82-thread-1] INFO  ratis.ContainerStateMachine (ContainerStateMachine.java:loadSnapshot(226)) - group-50A25CFB4A4A: The snapshot info is null. Setting the last applied indexto:(t:0, i:~)
2019-09-20 08:46:08,844 [pool-82-thread-1] INFO  server.RaftServerConfigKeys (ConfUtils.java:logGet(43)) - raft.server.leader.election.timeout = 120s (custom)
2019-09-20 08:46:08,844 [pool-82-thread-1] INFO  server.RaftServerConfigKeys (ConfUtils.java:logGet(43)) - raft.server.log.use.memory = false (default)
2019-09-20 08:46:08,845 [pool-82-thread-1] INFO  server.RaftServerConfigKeys (ConfUtils.java:logGet(43)) - raft.server.log.purge.gap = 1000000 (custom)
2019-09-20 08:46:08,845 [pool-82-thread-1] INFO  server.RaftServerConfigKeys (ConfUtils.java:logGet(43)) - raft.server.log.appender.buffer.byte-limit = 33554432 (custom)
2019-09-20 08:46:08,845 [pool-82-thread-1] INFO  server.RaftServerConfigKeys (ConfUtils.java:logGet(43)) - raft.server.log.segment.size.max = 1048576 (custom)
2019-09-20 08:46:08,845 [pool-82-thread-1] INFO  server.RaftServerConfigKeys (ConfUtils.java:logGet(43)) - raft.server.log.segment.cache.num.max = 2 (custom)
2019-09-20 08:46:08,845 [pool-82-thread-1] INFO  segmented.SegmentedRaftLogWorker (SegmentedRaftLogWorker.java:<init>(172)) - new 0d845cc3-b0d9-47c5-b935-74fa0be2c903-SegmentedRaftLogWorker:Storage Directory /workdir/hadoop-ozone/ozonefs/target/test-dir/MiniOzoneClusterImpl-da5888fd-c692-4355-82c4-91aa98cbf569/datanode-5/data/ratis/a05dbfba-3bd1-48d6-9ede-50a25cfb4a4a for RaftStorage:Storage Directory /workdir/hadoop-ozone/ozonefs/target/test-dir/MiniOzoneClusterImpl-da5888fd-c692-4355-82c4-91aa98cbf569/datanode-5/data/ratis/a05dbfba-3bd1-48d6-9ede-50a25cfb4a4a
2019-09-20 08:46:08,845 [pool-82-thread-1] INFO  server.RaftServerConfigKeys (ConfUtils.java:logGet(43)) - raft.server.log.queue.byte-limit = 2147483647 (custom)
2019-09-20 08:46:08,846 [pool-82-thread-1] INFO  server.RaftServerConfigKeys (ConfUtils.java:logGet(43)) - raft.server.log.queue.element-limit = 1024 (custom)
2019-09-20 08:46:08,846 [pool-82-thread-1] INFO  server.RaftServerConfigKeys (ConfUtils.java:logGet(43)) - raft.server.log.segment.size.max = 1048576 (custom)
2019-09-20 08:46:08,846 [pool-82-thread-1] INFO  server.RaftServerConfigKeys (ConfUtils.java:logGet(43)) - raft.server.log.preallocated.size = 16384 (custom)
2019-09-20 08:46:08,846 [pool-82-thread-1] INFO  server.RaftServerConfigKeys (ConfUtils.java:logGet(43)) - raft.server.log.write.buffer.size = 33554432 (custom)
2019-09-20 08:46:08,846 [pool-82-thread-1] INFO  server.RaftServerConfigKeys (ConfUtils.java:logGet(43)) - raft.server.log.force.sync.num = 128 (default)
2019-09-20 08:46:08,846 [pool-82-thread-1] INFO  server.RaftServerConfigKeys (ConfUtils.java:logGet(43)) - raft.server.log.statemachine.data.sync = true (default)
2019-09-20 08:46:08,847 [pool-82-thread-1] INFO  server.RaftServerConfigKeys (ConfUtils.java:logGet(43)) - raft.server.log.statemachine.data.sync.timeout = 10s (default)
2019-09-20 08:46:08,847 [pool-82-thread-1] INFO  server.RaftServerConfigKeys (ConfUtils.java:logGet(43)) - raft.server.log.statemachine.data.sync.timeout.retry = -1 (default)
2019-09-20 08:46:08,847 [pool-82-thread-1] INFO  server.RaftServerConfigKeys (ConfUtils.java:logGet(43)) - raft.server.log.statemachine.data.caching.enabled = true (custom)
2019-09-20 08:46:08,847 [pool-82-thread-1] INFO  segmented.SegmentedRaftLogWorker (SegmentedRaftLogWorker.java:lambda$new$0(132)) - 0d845cc3-b0d9-47c5-b935-74fa0be2c903-SegmentedRaftLogWorker:Storage Directory /workdir/hadoop-ozone/ozonefs/target/test-dir/MiniOzoneClusterImpl-da5888fd-c692-4355-82c4-91aa98cbf569/datanode-5/data/ratis/a05dbfba-3bd1-48d6-9ede-50a25cfb4a4a: flushIndex: setUnconditionally 0 -> -1
2019-09-20 08:46:08,848 [pool-82-thread-1] INFO  server.RaftServerConfigKeys (ConfUtils.java:logGet(43)) - raft.server.snapshot.auto.trigger.enabled = true (custom)
2019-09-20 08:46:08,848 [pool-82-thread-1] INFO  server.RaftServerConfigKeys (ConfUtils.java:logGet(43)) - raft.server.snapshot.auto.trigger.threshold = 10000 (custom)
2019-09-20 08:46:08,848 [pool-82-thread-1] INFO  server.RaftServerConfigKeys (ConfUtils.java:logGet(43)) - raft.server.retrycache.expirytime = 600000ms (custom)
2019-09-20 08:46:08,848 [pool-82-thread-1] INFO  impl.RaftServerImpl (RaftServerImpl.java:start(180)) - 0d845cc3-b0d9-47c5-b935-74fa0be2c903: start group-50A25CFB4A4A
2019-09-20 08:46:08,848 [pool-82-thread-1] INFO  impl.RaftServerImpl (RaftServerImpl.java:setRole(171)) - 0d845cc3-b0d9-47c5-b935-74fa0be2c903:group-50A25CFB4A4A changes role from null to FOLLOWER at term 0 for startAsFollower
2019-09-20 08:46:08,849 [pool-82-thread-1] INFO  impl.RoleInfo (RoleInfo.java:updateAndGet(143)) - 0d845cc3-b0d9-47c5-b935-74fa0be2c903: start FollowerState
2019-09-20 08:46:08,849 [pool-82-thread-1] INFO  util.JmxRegister (JmxRegister.java:tryRegister(44)) - Successfully registered JMX Bean with object name Ratis:service=RaftServer,group=group-50A25CFB4A4A,id=0d845cc3-b0d9-47c5-b935-74fa0be2c903
2019-09-20 08:46:08,861 [RatisPipelineUtilsThread] INFO  pipeline.PipelineStateManager (PipelineStateManager.java:addPipeline(56)) - Created pipeline Pipeline[ Id: a05dbfba-3bd1-48d6-9ede-50a25cfb4a4a, Nodes: 0d845cc3-b0d9-47c5-b935-74fa0be2c903{ip: 192.168.36.79, host: pr-hdds-1569-s8kj2-2266485376, networkLocation: /default-rack, certSerialId: null}, Type:RATIS, Factor:ONE, State:OPEN]
2019-09-20 08:46:08,876 [grpc-default-executor-0] INFO  impl.RaftServerProxy (RaftServerProxy.java:addNew(89)) - 3ea69b51-ea1d-40b9-a82f-433a48a46bff: addNew group-F77B98A2214B:[3ea69b51-ea1d-40b9-a82f-433a48a46bff:192.168.36.79:37909] returns group-F77B98A2214B:java.util.concurrent.CompletableFuture@19ab75bc[Not completed]
2019-09-20 08:46:08,878 [pool-27-thread-1] INFO  impl.RaftServerImpl (RaftServerImpl.java:<init>(93)) - 3ea69b51-ea1d-40b9-a82f-433a48a46bff: new RaftServerImpl for group-F77B98A2214B:[3ea69b51-ea1d-40b9-a82f-433a48a46bff:192.168.36.79:37909] with ContainerStateMachine:uninitialized
2019-09-20 08:46:08,878 [pool-27-thread-1] INFO  server.RaftServerConfigKeys (ConfUtils.java:logGet(43)) - raft.server.rpc.timeout.min = 5s (custom)
2019-09-20 08:46:08,878 [pool-27-thread-1] INFO  server.RaftServerConfigKeys (ConfUtils.java:logGet(43)) - raft.server.rpc.timeout.max = 5200ms (custom)
2019-09-20 08:46:08,878 [pool-27-thread-1] INFO  server.RaftServerConfigKeys (ConfUtils.java:logGet(43)) - raft.server.rpcslowness.timeout = 120s (custom)
2019-09-20 08:46:08,878 [pool-27-thread-1] INFO  server.RaftServerConfigKeys (ConfUtils.java:logGet(43)) - raft.server.sleep.deviation.threshold = 300 (default)
2019-09-20 08:46:08,879 [pool-27-thread-1] INFO  server.RaftServerConfigKeys (ConfUtils.java:logGet(43)) - raft.server.log.appender.install.snapshot.enabled = false (custom)
2019-09-20 08:46:08,879 [pool-27-thread-1] INFO  impl.RaftServerImpl (ServerState.java:<init>(105)) - 3ea69b51-ea1d-40b9-a82f-433a48a46bff:group-F77B98A2214B ConfigurationManager, init=-1: [3ea69b51-ea1d-40b9-a82f-433a48a46bff:192.168.36.79:37909], old=null, confs=<EMPTY_MAP>
2019-09-20 08:46:08,879 [pool-27-thread-1] INFO  server.RaftServerConfigKeys (ConfUtils.java:logGet(43)) - raft.server.storage.dir = [/workdir/hadoop-ozone/ozonefs/target/test-dir/MiniOzoneClusterImpl-da5888fd-c692-4355-82c4-91aa98cbf569/datanode-0/data/ratis] (custom)
2019-09-20 08:46:08,879 [pool-27-thread-1] INFO  storage.RaftStorageDirectory (RaftStorageDirectory.java:analyzeStorage(246)) - The storage directory /workdir/hadoop-ozone/ozonefs/target/test-dir/MiniOzoneClusterImpl-da5888fd-c692-4355-82c4-91aa98cbf569/datanode-0/data/ratis/61647444-697a-44eb-8e68-f77b98a2214b does not exist. Creating ...
2019-09-20 08:46:08,903 [pool-27-thread-1] INFO  storage.RaftStorageDirectory (RaftStorageDirectory.java:tryLock(328)) - Lock on /workdir/hadoop-ozone/ozonefs/target/test-dir/MiniOzoneClusterImpl-da5888fd-c692-4355-82c4-91aa98cbf569/datanode-0/data/ratis/61647444-697a-44eb-8e68-f77b98a2214b/in_use.lock acquired by nodename 7820@pr-hdds-1569-s8kj2-2266485376
2019-09-20 08:46:08,912 [pool-27-thread-1] INFO  storage.RaftStorage (RaftStorage.java:format(72)) - Storage directory /workdir/hadoop-ozone/ozonefs/target/test-dir/MiniOzoneClusterImpl-da5888fd-c692-4355-82c4-91aa98cbf569/datanode-0/data/ratis/61647444-697a-44eb-8e68-f77b98a2214b has been successfully formatted.
2019-09-20 08:46:08,913 [pool-27-thread-1] INFO  ratis.ContainerStateMachine (ContainerStateMachine.java:loadSnapshot(226)) - group-F77B98A2214B: The snapshot info is null. Setting the last applied indexto:(t:0, i:~)
2019-09-20 08:46:08,913 [pool-27-thread-1] INFO  server.RaftServerConfigKeys (ConfUtils.java:logGet(43)) - raft.server.leader.election.timeout = 120s (custom)
2019-09-20 08:46:08,913 [pool-27-thread-1] INFO  server.RaftServerConfigKeys (ConfUtils.java:logGet(43)) - raft.server.log.use.memory = false (default)
2019-09-20 08:46:08,913 [pool-27-thread-1] INFO  server.RaftServerConfigKeys (ConfUtils.java:logGet(43)) - raft.server.log.purge.gap = 1000000 (custom)
2019-09-20 08:46:08,913 [pool-27-thread-1] INFO  server.RaftServerConfigKeys (ConfUtils.java:logGet(43)) - raft.server.log.appender.buffer.byte-limit = 33554432 (custom)
2019-09-20 08:46:08,913 [pool-27-thread-1] INFO  server.RaftServerConfigKeys (ConfUtils.java:logGet(43)) - raft.server.log.segment.size.max = 1048576 (custom)
2019-09-20 08:46:08,913 [pool-27-thread-1] INFO  server.RaftServerConfigKeys (ConfUtils.java:logGet(43)) - raft.server.log.segment.cache.num.max = 2 (custom)
2019-09-20 08:46:08,914 [pool-27-thread-1] INFO  segmented.SegmentedRaftLogWorker (SegmentedRaftLogWorker.java:<init>(172)) - new 3ea69b51-ea1d-40b9-a82f-433a48a46bff-SegmentedRaftLogWorker:Storage Directory /workdir/hadoop-ozone/ozonefs/target/test-dir/MiniOzoneClusterImpl-da5888fd-c692-4355-82c4-91aa98cbf569/datanode-0/data/ratis/61647444-697a-44eb-8e68-f77b98a2214b for RaftStorage:Storage Directory /workdir/hadoop-ozone/ozonefs/target/test-dir/MiniOzoneClusterImpl-da5888fd-c692-4355-82c4-91aa98cbf569/datanode-0/data/ratis/61647444-697a-44eb-8e68-f77b98a2214b
2019-09-20 08:46:08,914 [pool-27-thread-1] INFO  server.RaftServerConfigKeys (ConfUtils.java:logGet(43)) - raft.server.log.queue.byte-limit = 2147483647 (custom)
2019-09-20 08:46:08,914 [pool-27-thread-1] INFO  server.RaftServerConfigKeys (ConfUtils.java:logGet(43)) - raft.server.log.queue.element-limit = 1024 (custom)
2019-09-20 08:46:08,914 [pool-27-thread-1] INFO  server.RaftServerConfigKeys (ConfUtils.java:logGet(43)) - raft.server.log.segment.size.max = 1048576 (custom)
2019-09-20 08:46:08,914 [pool-27-thread-1] INFO  server.RaftServerConfigKeys (ConfUtils.java:logGet(43)) - raft.server.log.preallocated.size = 16384 (custom)
2019-09-20 08:46:08,914 [pool-27-thread-1] INFO  server.RaftServerConfigKeys (ConfUtils.java:logGet(43)) - raft.server.log.write.buffer.size = 33554432 (custom)
2019-09-20 08:46:08,915 [pool-27-thread-1] INFO  server.RaftServerConfigKeys (ConfUtils.java:logGet(43)) - raft.server.log.force.sync.num = 128 (default)
2019-09-20 08:46:08,915 [pool-27-thread-1] INFO  server.RaftServerConfigKeys (ConfUtils.java:logGet(43)) - raft.server.log.statemachine.data.sync = true (default)
2019-09-20 08:46:08,915 [pool-27-thread-1] INFO  server.RaftServerConfigKeys (ConfUtils.java:logGet(43)) - raft.server.log.statemachine.data.sync.timeout = 10s (default)
2019-09-20 08:46:08,915 [pool-27-thread-1] INFO  server.RaftServerConfigKeys (ConfUtils.java:logGet(43)) - raft.server.log.statemachine.data.sync.timeout.retry = -1 (default)
2019-09-20 08:46:08,915 [pool-27-thread-1] INFO  server.RaftServerConfigKeys (ConfUtils.java:logGet(43)) - raft.server.log.statemachine.data.caching.enabled = true (custom)
2019-09-20 08:46:08,916 [pool-27-thread-1] INFO  segmented.SegmentedRaftLogWorker (SegmentedRaftLogWorker.java:lambda$new$0(132)) - 3ea69b51-ea1d-40b9-a82f-433a48a46bff-SegmentedRaftLogWorker:Storage Directory /workdir/hadoop-ozone/ozonefs/target/test-dir/MiniOzoneClusterImpl-da5888fd-c692-4355-82c4-91aa98cbf569/datanode-0/data/ratis/61647444-697a-44eb-8e68-f77b98a2214b: flushIndex: setUnconditionally 0 -> -1
2019-09-20 08:46:08,916 [pool-27-thread-1] INFO  server.RaftServerConfigKeys (ConfUtils.java:logGet(43)) - raft.server.snapshot.auto.trigger.enabled = true (custom)
2019-09-20 08:46:08,916 [pool-27-thread-1] INFO  server.RaftServerConfigKeys (ConfUtils.java:logGet(43)) - raft.server.snapshot.auto.trigger.threshold = 10000 (custom)
2019-09-20 08:46:08,916 [pool-27-thread-1] INFO  server.RaftServerConfigKeys (ConfUtils.java:logGet(43)) - raft.server.retrycache.expirytime = 600000ms (custom)
2019-09-20 08:46:08,917 [pool-27-thread-1] INFO  impl.RaftServerImpl (RaftServerImpl.java:start(180)) - 3ea69b51-ea1d-40b9-a82f-433a48a46bff: start group-F77B98A2214B
2019-09-20 08:46:08,917 [pool-27-thread-1] INFO  impl.RaftServerImpl (RaftServerImpl.java:setRole(171)) - 3ea69b51-ea1d-40b9-a82f-433a48a46bff:group-F77B98A2214B changes role from null to FOLLOWER at term 0 for startAsFollower
2019-09-20 08:46:08,917 [pool-27-thread-1] INFO  impl.RoleInfo (RoleInfo.java:updateAndGet(143)) - 3ea69b51-ea1d-40b9-a82f-433a48a46bff: start FollowerState
2019-09-20 08:46:08,917 [pool-27-thread-1] INFO  util.JmxRegister (JmxRegister.java:tryRegister(44)) - Successfully registered JMX Bean with object name Ratis:service=RaftServer,group=group-F77B98A2214B,id=3ea69b51-ea1d-40b9-a82f-433a48a46bff
2019-09-20 08:46:08,930 [RatisPipelineUtilsThread] INFO  pipeline.PipelineStateManager (PipelineStateManager.java:addPipeline(56)) - Created pipeline Pipeline[ Id: 61647444-697a-44eb-8e68-f77b98a2214b, Nodes: 3ea69b51-ea1d-40b9-a82f-433a48a46bff{ip: 192.168.36.79, host: pr-hdds-1569-s8kj2-2266485376, networkLocation: /default-rack, certSerialId: null}, Type:RATIS, Factor:ONE, State:OPEN]
2019-09-20 08:46:08,959 [grpc-default-executor-0] INFO  impl.RaftServerProxy (RaftServerProxy.java:addNew(89)) - e997423e-4090-4042-87ee-7419d4cf7365: addNew group-4721E367BD19:[e997423e-4090-4042-87ee-7419d4cf7365:192.168.36.79:35366] returns group-4721E367BD19:java.util.concurrent.CompletableFuture@592da741[Not completed]
2019-09-20 08:46:08,966 [pool-38-thread-1] INFO  impl.RaftServerImpl (RaftServerImpl.java:<init>(93)) - e997423e-4090-4042-87ee-7419d4cf7365: new RaftServerImpl for group-4721E367BD19:[e997423e-4090-4042-87ee-7419d4cf7365:192.168.36.79:35366] with ContainerStateMachine:uninitialized
2019-09-20 08:46:08,966 [pool-38-thread-1] INFO  server.RaftServerConfigKeys (ConfUtils.java:logGet(43)) - raft.server.rpc.timeout.min = 5s (custom)
2019-09-20 08:46:08,967 [pool-38-thread-1] INFO  server.RaftServerConfigKeys (ConfUtils.java:logGet(43)) - raft.server.rpc.timeout.max = 5200ms (custom)
2019-09-20 08:46:08,967 [pool-38-thread-1] INFO  server.RaftServerConfigKeys (ConfUtils.java:logGet(43)) - raft.server.rpcslowness.timeout = 120s (custom)
2019-09-20 08:46:08,967 [pool-38-thread-1] INFO  server.RaftServerConfigKeys (ConfUtils.java:logGet(43)) - raft.server.sleep.deviation.threshold = 300 (default)
2019-09-20 08:46:08,967 [pool-38-thread-1] INFO  server.RaftServerConfigKeys (ConfUtils.java:logGet(43)) - raft.server.log.appender.install.snapshot.enabled = false (custom)
2019-09-20 08:46:08,968 [pool-38-thread-1] INFO  impl.RaftServerImpl (ServerState.java:<init>(105)) - e997423e-4090-4042-87ee-7419d4cf7365:group-4721E367BD19 ConfigurationManager, init=-1: [e997423e-4090-4042-87ee-7419d4cf7365:192.168.36.79:35366], old=null, confs=<EMPTY_MAP>
2019-09-20 08:46:08,968 [pool-38-thread-1] INFO  server.RaftServerConfigKeys (ConfUtils.java:logGet(43)) - raft.server.storage.dir = [/workdir/hadoop-ozone/ozonefs/target/test-dir/MiniOzoneClusterImpl-da5888fd-c692-4355-82c4-91aa98cbf569/datanode-1/data/ratis] (custom)
2019-09-20 08:46:08,969 [pool-38-thread-1] INFO  storage.RaftStorageDirectory (RaftStorageDirectory.java:analyzeStorage(246)) - The storage directory /workdir/hadoop-ozone/ozonefs/target/test-dir/MiniOzoneClusterImpl-da5888fd-c692-4355-82c4-91aa98cbf569/datanode-1/data/ratis/8ce7d9e4-505f-429e-81fe-4721e367bd19 does not exist. Creating ...
2019-09-20 08:46:08,996 [pool-38-thread-1] INFO  storage.RaftStorageDirectory (RaftStorageDirectory.java:tryLock(328)) - Lock on /workdir/hadoop-ozone/ozonefs/target/test-dir/MiniOzoneClusterImpl-da5888fd-c692-4355-82c4-91aa98cbf569/datanode-1/data/ratis/8ce7d9e4-505f-429e-81fe-4721e367bd19/in_use.lock acquired by nodename 7820@pr-hdds-1569-s8kj2-2266485376
2019-09-20 08:46:09,021 [pool-38-thread-1] INFO  storage.RaftStorage (RaftStorage.java:format(72)) - Storage directory /workdir/hadoop-ozone/ozonefs/target/test-dir/MiniOzoneClusterImpl-da5888fd-c692-4355-82c4-91aa98cbf569/datanode-1/data/ratis/8ce7d9e4-505f-429e-81fe-4721e367bd19 has been successfully formatted.
2019-09-20 08:46:09,022 [pool-38-thread-1] INFO  ratis.ContainerStateMachine (ContainerStateMachine.java:loadSnapshot(226)) - group-4721E367BD19: The snapshot info is null. Setting the last applied indexto:(t:0, i:~)
2019-09-20 08:46:09,022 [pool-38-thread-1] INFO  server.RaftServerConfigKeys (ConfUtils.java:logGet(43)) - raft.server.leader.election.timeout = 120s (custom)
2019-09-20 08:46:09,022 [pool-38-thread-1] INFO  server.RaftServerConfigKeys (ConfUtils.java:logGet(43)) - raft.server.log.use.memory = false (default)
2019-09-20 08:46:09,022 [pool-38-thread-1] INFO  server.RaftServerConfigKeys (ConfUtils.java:logGet(43)) - raft.server.log.purge.gap = 1000000 (custom)
2019-09-20 08:46:09,023 [pool-38-thread-1] INFO  server.RaftServerConfigKeys (ConfUtils.java:logGet(43)) - raft.server.log.appender.buffer.byte-limit = 33554432 (custom)
2019-09-20 08:46:09,023 [pool-38-thread-1] INFO  server.RaftServerConfigKeys (ConfUtils.java:logGet(43)) - raft.server.log.segment.size.max = 1048576 (custom)
2019-09-20 08:46:09,023 [pool-38-thread-1] INFO  server.RaftServerConfigKeys (ConfUtils.java:logGet(43)) - raft.server.log.segment.cache.num.max = 2 (custom)
2019-09-20 08:46:09,023 [pool-38-thread-1] INFO  segmented.SegmentedRaftLogWorker (SegmentedRaftLogWorker.java:<init>(172)) - new e997423e-4090-4042-87ee-7419d4cf7365-SegmentedRaftLogWorker:Storage Directory /workdir/hadoop-ozone/ozonefs/target/test-dir/MiniOzoneClusterImpl-da5888fd-c692-4355-82c4-91aa98cbf569/datanode-1/data/ratis/8ce7d9e4-505f-429e-81fe-4721e367bd19 for RaftStorage:Storage Directory /workdir/hadoop-ozone/ozonefs/target/test-dir/MiniOzoneClusterImpl-da5888fd-c692-4355-82c4-91aa98cbf569/datanode-1/data/ratis/8ce7d9e4-505f-429e-81fe-4721e367bd19
2019-09-20 08:46:09,023 [pool-38-thread-1] INFO  server.RaftServerConfigKeys (ConfUtils.java:logGet(43)) - raft.server.log.queue.byte-limit = 2147483647 (custom)
2019-09-20 08:46:09,023 [pool-38-thread-1] INFO  server.RaftServerConfigKeys (ConfUtils.java:logGet(43)) - raft.server.log.queue.element-limit = 1024 (custom)
2019-09-20 08:46:09,024 [pool-38-thread-1] INFO  server.RaftServerConfigKeys (ConfUtils.java:logGet(43)) - raft.server.log.segment.size.max = 1048576 (custom)
2019-09-20 08:46:09,024 [pool-38-thread-1] INFO  server.RaftServerConfigKeys (ConfUtils.java:logGet(43)) - raft.server.log.preallocated.size = 16384 (custom)
2019-09-20 08:46:09,024 [pool-38-thread-1] INFO  server.RaftServerConfigKeys (ConfUtils.java:logGet(43)) - raft.server.log.write.buffer.size = 33554432 (custom)
2019-09-20 08:46:09,024 [pool-38-thread-1] INFO  server.RaftServerConfigKeys (ConfUtils.java:logGet(43)) - raft.server.log.force.sync.num = 128 (default)
2019-09-20 08:46:09,024 [pool-38-thread-1] INFO  server.RaftServerConfigKeys (ConfUtils.java:logGet(43)) - raft.server.log.statemachine.data.sync = true (default)
2019-09-20 08:46:09,024 [pool-38-thread-1] INFO  server.RaftServerConfigKeys (ConfUtils.java:logGet(43)) - raft.server.log.statemachine.data.sync.timeout = 10s (default)
2019-09-20 08:46:09,025 [pool-38-thread-1] INFO  server.RaftServerConfigKeys (ConfUtils.java:logGet(43)) - raft.server.log.statemachine.data.sync.timeout.retry = -1 (default)
2019-09-20 08:46:09,025 [pool-38-thread-1] INFO  server.RaftServerConfigKeys (ConfUtils.java:logGet(43)) - raft.server.log.statemachine.data.caching.enabled = true (custom)
2019-09-20 08:46:09,025 [pool-38-thread-1] INFO  segmented.SegmentedRaftLogWorker (SegmentedRaftLogWorker.java:lambda$new$0(132)) - e997423e-4090-4042-87ee-7419d4cf7365-SegmentedRaftLogWorker:Storage Directory /workdir/hadoop-ozone/ozonefs/target/test-dir/MiniOzoneClusterImpl-da5888fd-c692-4355-82c4-91aa98cbf569/datanode-1/data/ratis/8ce7d9e4-505f-429e-81fe-4721e367bd19: flushIndex: setUnconditionally 0 -> -1
2019-09-20 08:46:09,026 [pool-38-thread-1] INFO  server.RaftServerConfigKeys (ConfUtils.java:logGet(43)) - raft.server.snapshot.auto.trigger.enabled = true (custom)
2019-09-20 08:46:09,026 [pool-38-thread-1] INFO  server.RaftServerConfigKeys (ConfUtils.java:logGet(43)) - raft.server.snapshot.auto.trigger.threshold = 10000 (custom)
2019-09-20 08:46:09,026 [pool-38-thread-1] INFO  server.RaftServerConfigKeys (ConfUtils.java:logGet(43)) - raft.server.retrycache.expirytime = 600000ms (custom)
2019-09-20 08:46:09,026 [pool-38-thread-1] INFO  impl.RaftServerImpl (RaftServerImpl.java:start(180)) - e997423e-4090-4042-87ee-7419d4cf7365: start group-4721E367BD19
2019-09-20 08:46:09,026 [pool-38-thread-1] INFO  impl.RaftServerImpl (RaftServerImpl.java:setRole(171)) - e997423e-4090-4042-87ee-7419d4cf7365:group-4721E367BD19 changes role from null to FOLLOWER at term 0 for startAsFollower
2019-09-20 08:46:09,026 [pool-38-thread-1] INFO  impl.RoleInfo (RoleInfo.java:updateAndGet(143)) - e997423e-4090-4042-87ee-7419d4cf7365: start FollowerState
2019-09-20 08:46:09,027 [pool-38-thread-1] INFO  util.JmxRegister (JmxRegister.java:tryRegister(44)) - Successfully registered JMX Bean with object name Ratis:service=RaftServer,group=group-4721E367BD19,id=e997423e-4090-4042-87ee-7419d4cf7365
2019-09-20 08:46:09,041 [RatisPipelineUtilsThread] INFO  pipeline.PipelineStateManager (PipelineStateManager.java:addPipeline(56)) - Created pipeline Pipeline[ Id: 8ce7d9e4-505f-429e-81fe-4721e367bd19, Nodes: e997423e-4090-4042-87ee-7419d4cf7365{ip: 192.168.36.79, host: pr-hdds-1569-s8kj2-2266485376, networkLocation: /default-rack, certSerialId: null}, Type:RATIS, Factor:ONE, State:OPEN]
2019-09-20 08:46:09,053 [grpc-default-executor-0] INFO  impl.RaftServerProxy (RaftServerProxy.java:addNew(89)) - e997423e-4090-4042-87ee-7419d4cf7365: addNew group-4E1C6B561598:[e997423e-4090-4042-87ee-7419d4cf7365:192.168.36.79:35366] returns group-4E1C6B561598:java.util.concurrent.CompletableFuture@2cfa065f[Not completed]
2019-09-20 08:46:09,056 [pool-38-thread-1] INFO  impl.RaftServerImpl (RaftServerImpl.java:<init>(93)) - e997423e-4090-4042-87ee-7419d4cf7365: new RaftServerImpl for group-4E1C6B561598:[e997423e-4090-4042-87ee-7419d4cf7365:192.168.36.79:35366] with ContainerStateMachine:uninitialized
2019-09-20 08:46:09,056 [pool-38-thread-1] INFO  server.RaftServerConfigKeys (ConfUtils.java:logGet(43)) - raft.server.rpc.timeout.min = 5s (custom)
2019-09-20 08:46:09,056 [pool-38-thread-1] INFO  server.RaftServerConfigKeys (ConfUtils.java:logGet(43)) - raft.server.rpc.timeout.max = 5200ms (custom)
2019-09-20 08:46:09,056 [pool-38-thread-1] INFO  server.RaftServerConfigKeys (ConfUtils.java:logGet(43)) - raft.server.rpcslowness.timeout = 120s (custom)
2019-09-20 08:46:09,057 [pool-38-thread-1] INFO  server.RaftServerConfigKeys (ConfUtils.java:logGet(43)) - raft.server.sleep.deviation.threshold = 300 (default)
2019-09-20 08:46:09,057 [pool-38-thread-1] INFO  server.RaftServerConfigKeys (ConfUtils.java:logGet(43)) - raft.server.log.appender.install.snapshot.enabled = false (custom)
2019-09-20 08:46:09,057 [pool-38-thread-1] INFO  impl.RaftServerImpl (ServerState.java:<init>(105)) - e997423e-4090-4042-87ee-7419d4cf7365:group-4E1C6B561598 ConfigurationManager, init=-1: [e997423e-4090-4042-87ee-7419d4cf7365:192.168.36.79:35366], old=null, confs=<EMPTY_MAP>
2019-09-20 08:46:09,057 [pool-38-thread-1] INFO  server.RaftServerConfigKeys (ConfUtils.java:logGet(43)) - raft.server.storage.dir = [/workdir/hadoop-ozone/ozonefs/target/test-dir/MiniOzoneClusterImpl-da5888fd-c692-4355-82c4-91aa98cbf569/datanode-1/data/ratis] (custom)
2019-09-20 08:46:09,057 [pool-38-thread-1] INFO  storage.RaftStorageDirectory (RaftStorageDirectory.java:analyzeStorage(246)) - The storage directory /workdir/hadoop-ozone/ozonefs/target/test-dir/MiniOzoneClusterImpl-da5888fd-c692-4355-82c4-91aa98cbf569/datanode-1/data/ratis/e9483c05-e937-4d6e-8246-4e1c6b561598 does not exist. Creating ...
2019-09-20 08:46:09,080 [pool-38-thread-1] INFO  storage.RaftStorageDirectory (RaftStorageDirectory.java:tryLock(328)) - Lock on /workdir/hadoop-ozone/ozonefs/target/test-dir/MiniOzoneClusterImpl-da5888fd-c692-4355-82c4-91aa98cbf569/datanode-1/data/ratis/e9483c05-e937-4d6e-8246-4e1c6b561598/in_use.lock acquired by nodename 7820@pr-hdds-1569-s8kj2-2266485376
2019-09-20 08:46:09,122 [pool-38-thread-1] INFO  storage.RaftStorage (RaftStorage.java:format(72)) - Storage directory /workdir/hadoop-ozone/ozonefs/target/test-dir/MiniOzoneClusterImpl-da5888fd-c692-4355-82c4-91aa98cbf569/datanode-1/data/ratis/e9483c05-e937-4d6e-8246-4e1c6b561598 has been successfully formatted.
2019-09-20 08:46:09,123 [pool-38-thread-1] INFO  ratis.ContainerStateMachine (ContainerStateMachine.java:loadSnapshot(226)) - group-4E1C6B561598: The snapshot info is null. Setting the last applied indexto:(t:0, i:~)
2019-09-20 08:46:09,123 [pool-38-thread-1] INFO  server.RaftServerConfigKeys (ConfUtils.java:logGet(43)) - raft.server.leader.election.timeout = 120s (custom)
2019-09-20 08:46:09,123 [pool-38-thread-1] INFO  server.RaftServerConfigKeys (ConfUtils.java:logGet(43)) - raft.server.log.use.memory = false (default)
2019-09-20 08:46:09,123 [pool-38-thread-1] INFO  server.RaftServerConfigKeys (ConfUtils.java:logGet(43)) - raft.server.log.purge.gap = 1000000 (custom)
2019-09-20 08:46:09,124 [pool-38-thread-1] INFO  server.RaftServerConfigKeys (ConfUtils.java:logGet(43)) - raft.server.log.appender.buffer.byte-limit = 33554432 (custom)
2019-09-20 08:46:09,124 [pool-38-thread-1] INFO  server.RaftServerConfigKeys (ConfUtils.java:logGet(43)) - raft.server.log.segment.size.max = 1048576 (custom)
2019-09-20 08:46:09,124 [pool-38-thread-1] INFO  server.RaftServerConfigKeys (ConfUtils.java:logGet(43)) - raft.server.log.segment.cache.num.max = 2 (custom)
2019-09-20 08:46:09,124 [pool-38-thread-1] INFO  segmented.SegmentedRaftLogWorker (SegmentedRaftLogWorker.java:<init>(172)) - new e997423e-4090-4042-87ee-7419d4cf7365-SegmentedRaftLogWorker:Storage Directory /workdir/hadoop-ozone/ozonefs/target/test-dir/MiniOzoneClusterImpl-da5888fd-c692-4355-82c4-91aa98cbf569/datanode-1/data/ratis/e9483c05-e937-4d6e-8246-4e1c6b561598 for RaftStorage:Storage Directory /workdir/hadoop-ozone/ozonefs/target/test-dir/MiniOzoneClusterImpl-da5888fd-c692-4355-82c4-91aa98cbf569/datanode-1/data/ratis/e9483c05-e937-4d6e-8246-4e1c6b561598
2019-09-20 08:46:09,125 [pool-38-thread-1] INFO  server.RaftServerConfigKeys (ConfUtils.java:logGet(43)) - raft.server.log.queue.byte-limit = 2147483647 (custom)
2019-09-20 08:46:09,125 [pool-38-thread-1] INFO  server.RaftServerConfigKeys (ConfUtils.java:logGet(43)) - raft.server.log.queue.element-limit = 1024 (custom)
2019-09-20 08:46:09,125 [pool-38-thread-1] INFO  server.RaftServerConfigKeys (ConfUtils.java:logGet(43)) - raft.server.log.segment.size.max = 1048576 (custom)
2019-09-20 08:46:09,125 [pool-38-thread-1] INFO  server.RaftServerConfigKeys (ConfUtils.java:logGet(43)) - raft.server.log.preallocated.size = 16384 (custom)
2019-09-20 08:46:09,126 [pool-38-thread-1] INFO  server.RaftServerConfigKeys (ConfUtils.java:logGet(43)) - raft.server.log.write.buffer.size = 33554432 (custom)
2019-09-20 08:46:09,126 [pool-38-thread-1] INFO  server.RaftServerConfigKeys (ConfUtils.java:logGet(43)) - raft.server.log.force.sync.num = 128 (default)
2019-09-20 08:46:09,126 [pool-38-thread-1] INFO  server.RaftServerConfigKeys (ConfUtils.java:logGet(43)) - raft.server.log.statemachine.data.sync = true (default)
2019-09-20 08:46:09,127 [pool-38-thread-1] INFO  server.RaftServerConfigKeys (ConfUtils.java:logGet(43)) - raft.server.log.statemachine.data.sync.timeout = 10s (default)
2019-09-20 08:46:09,127 [pool-38-thread-1] INFO  server.RaftServerConfigKeys (ConfUtils.java:logGet(43)) - raft.server.log.statemachine.data.sync.timeout.retry = -1 (default)
2019-09-20 08:46:09,127 [pool-38-thread-1] INFO  server.RaftServerConfigKeys (ConfUtils.java:logGet(43)) - raft.server.log.statemachine.data.caching.enabled = true (custom)
2019-09-20 08:46:09,128 [pool-38-thread-1] INFO  segmented.SegmentedRaftLogWorker (SegmentedRaftLogWorker.java:lambda$new$0(132)) - e997423e-4090-4042-87ee-7419d4cf7365-SegmentedRaftLogWorker:Storage Directory /workdir/hadoop-ozone/ozonefs/target/test-dir/MiniOzoneClusterImpl-da5888fd-c692-4355-82c4-91aa98cbf569/datanode-1/data/ratis/e9483c05-e937-4d6e-8246-4e1c6b561598: flushIndex: setUnconditionally 0 -> -1
2019-09-20 08:46:09,128 [pool-38-thread-1] INFO  server.RaftServerConfigKeys (ConfUtils.java:logGet(43)) - raft.server.snapshot.auto.trigger.enabled = true (custom)
2019-09-20 08:46:09,128 [pool-38-thread-1] INFO  server.RaftServerConfigKeys (ConfUtils.java:logGet(43)) - raft.server.snapshot.auto.trigger.threshold = 10000 (custom)
2019-09-20 08:46:09,129 [pool-38-thread-1] INFO  server.RaftServerConfigKeys (ConfUtils.java:logGet(43)) - raft.server.retrycache.expirytime = 600000ms (custom)
2019-09-20 08:46:09,129 [pool-38-thread-1] INFO  impl.RaftServerImpl (RaftServerImpl.java:start(180)) - e997423e-4090-4042-87ee-7419d4cf7365: start group-4E1C6B561598
2019-09-20 08:46:09,129 [pool-38-thread-1] INFO  impl.RaftServerImpl (RaftServerImpl.java:setRole(171)) - e997423e-4090-4042-87ee-7419d4cf7365:group-4E1C6B561598 changes role from null to FOLLOWER at term 0 for startAsFollower
2019-09-20 08:46:09,130 [pool-38-thread-1] INFO  impl.RoleInfo (RoleInfo.java:updateAndGet(143)) - e997423e-4090-4042-87ee-7419d4cf7365: start FollowerState
2019-09-20 08:46:09,130 [pool-38-thread-1] INFO  util.JmxRegister (JmxRegister.java:tryRegister(44)) - Successfully registered JMX Bean with object name Ratis:service=RaftServer,group=group-4E1C6B561598,id=e997423e-4090-4042-87ee-7419d4cf7365
2019-09-20 08:46:09,143 [RatisPipelineUtilsThread] INFO  pipeline.PipelineStateManager (PipelineStateManager.java:addPipeline(56)) - Created pipeline Pipeline[ Id: e9483c05-e937-4d6e-8246-4e1c6b561598, Nodes: e997423e-4090-4042-87ee-7419d4cf7365{ip: 192.168.36.79, host: pr-hdds-1569-s8kj2-2266485376, networkLocation: /default-rack, certSerialId: null}, Type:RATIS, Factor:ONE, State:OPEN]
2019-09-20 08:46:09,157 [grpc-default-executor-0] INFO  impl.RaftServerProxy (RaftServerProxy.java:addNew(89)) - 3ea69b51-ea1d-40b9-a82f-433a48a46bff: addNew group-D49471700E0E:[3ea69b51-ea1d-40b9-a82f-433a48a46bff:192.168.36.79:37909] returns group-D49471700E0E:java.util.concurrent.CompletableFuture@274367f3[Not completed]
2019-09-20 08:46:09,159 [pool-27-thread-1] INFO  impl.RaftServerImpl (RaftServerImpl.java:<init>(93)) - 3ea69b51-ea1d-40b9-a82f-433a48a46bff: new RaftServerImpl for group-D49471700E0E:[3ea69b51-ea1d-40b9-a82f-433a48a46bff:192.168.36.79:37909] with ContainerStateMachine:uninitialized
2019-09-20 08:46:09,160 [pool-27-thread-1] INFO  server.RaftServerConfigKeys (ConfUtils.java:logGet(43)) - raft.server.rpc.timeout.min = 5s (custom)
2019-09-20 08:46:09,160 [pool-27-thread-1] INFO  server.RaftServerConfigKeys (ConfUtils.java:logGet(43)) - raft.server.rpc.timeout.max = 5200ms (custom)
2019-09-20 08:46:09,160 [pool-27-thread-1] INFO  server.RaftServerConfigKeys (ConfUtils.java:logGet(43)) - raft.server.rpcslowness.timeout = 120s (custom)
2019-09-20 08:46:09,160 [pool-27-thread-1] INFO  server.RaftServerConfigKeys (ConfUtils.java:logGet(43)) - raft.server.sleep.deviation.threshold = 300 (default)
2019-09-20 08:46:09,160 [pool-27-thread-1] INFO  server.RaftServerConfigKeys (ConfUtils.java:logGet(43)) - raft.server.log.appender.install.snapshot.enabled = false (custom)
2019-09-20 08:46:09,161 [pool-27-thread-1] INFO  impl.RaftServerImpl (ServerState.java:<init>(105)) - 3ea69b51-ea1d-40b9-a82f-433a48a46bff:group-D49471700E0E ConfigurationManager, init=-1: [3ea69b51-ea1d-40b9-a82f-433a48a46bff:192.168.36.79:37909], old=null, confs=<EMPTY_MAP>
2019-09-20 08:46:09,161 [pool-27-thread-1] INFO  server.RaftServerConfigKeys (ConfUtils.java:logGet(43)) - raft.server.storage.dir = [/workdir/hadoop-ozone/ozonefs/target/test-dir/MiniOzoneClusterImpl-da5888fd-c692-4355-82c4-91aa98cbf569/datanode-0/data/ratis] (custom)
2019-09-20 08:46:09,161 [pool-27-thread-1] INFO  storage.RaftStorageDirectory (RaftStorageDirectory.java:analyzeStorage(246)) - The storage directory /workdir/hadoop-ozone/ozonefs/target/test-dir/MiniOzoneClusterImpl-da5888fd-c692-4355-82c4-91aa98cbf569/datanode-0/data/ratis/456ed4e1-51ed-4661-9ff0-d49471700e0e does not exist. Creating ...
2019-09-20 08:46:09,189 [pool-27-thread-1] INFO  storage.RaftStorageDirectory (RaftStorageDirectory.java:tryLock(328)) - Lock on /workdir/hadoop-ozone/ozonefs/target/test-dir/MiniOzoneClusterImpl-da5888fd-c692-4355-82c4-91aa98cbf569/datanode-0/data/ratis/456ed4e1-51ed-4661-9ff0-d49471700e0e/in_use.lock acquired by nodename 7820@pr-hdds-1569-s8kj2-2266485376
2019-09-20 08:46:09,214 [pool-27-thread-1] INFO  storage.RaftStorage (RaftStorage.java:format(72)) - Storage directory /workdir/hadoop-ozone/ozonefs/target/test-dir/MiniOzoneClusterImpl-da5888fd-c692-4355-82c4-91aa98cbf569/datanode-0/data/ratis/456ed4e1-51ed-4661-9ff0-d49471700e0e has been successfully formatted.
2019-09-20 08:46:09,215 [pool-27-thread-1] INFO  ratis.ContainerStateMachine (ContainerStateMachine.java:loadSnapshot(226)) - group-D49471700E0E: The snapshot info is null. Setting the last applied indexto:(t:0, i:~)
2019-09-20 08:46:09,215 [pool-27-thread-1] INFO  server.RaftServerConfigKeys (ConfUtils.java:logGet(43)) - raft.server.leader.election.timeout = 120s (custom)
2019-09-20 08:46:09,215 [pool-27-thread-1] INFO  server.RaftServerConfigKeys (ConfUtils.java:logGet(43)) - raft.server.log.use.memory = false (default)
2019-09-20 08:46:09,215 [pool-27-thread-1] INFO  server.RaftServerConfigKeys (ConfUtils.java:logGet(43)) - raft.server.log.purge.gap = 1000000 (custom)
2019-09-20 08:46:09,215 [pool-27-thread-1] INFO  server.RaftServerConfigKeys (ConfUtils.java:logGet(43)) - raft.server.log.appender.buffer.byte-limit = 33554432 (custom)
2019-09-20 08:46:09,216 [pool-27-thread-1] INFO  server.RaftServerConfigKeys (ConfUtils.java:logGet(43)) - raft.server.log.segment.size.max = 1048576 (custom)
2019-09-20 08:46:09,216 [pool-27-thread-1] INFO  server.RaftServerConfigKeys (ConfUtils.java:logGet(43)) - raft.server.log.segment.cache.num.max = 2 (custom)
2019-09-20 08:46:09,216 [pool-27-thread-1] INFO  segmented.SegmentedRaftLogWorker (SegmentedRaftLogWorker.java:<init>(172)) - new 3ea69b51-ea1d-40b9-a82f-433a48a46bff-SegmentedRaftLogWorker:Storage Directory /workdir/hadoop-ozone/ozonefs/target/test-dir/MiniOzoneClusterImpl-da5888fd-c692-4355-82c4-91aa98cbf569/datanode-0/data/ratis/456ed4e1-51ed-4661-9ff0-d49471700e0e for RaftStorage:Storage Directory /workdir/hadoop-ozone/ozonefs/target/test-dir/MiniOzoneClusterImpl-da5888fd-c692-4355-82c4-91aa98cbf569/datanode-0/data/ratis/456ed4e1-51ed-4661-9ff0-d49471700e0e
2019-09-20 08:46:09,216 [pool-27-thread-1] INFO  server.RaftServerConfigKeys (ConfUtils.java:logGet(43)) - raft.server.log.queue.byte-limit = 2147483647 (custom)
2019-09-20 08:46:09,216 [pool-27-thread-1] INFO  server.RaftServerConfigKeys (ConfUtils.java:logGet(43)) - raft.server.log.queue.element-limit = 1024 (custom)
2019-09-20 08:46:09,217 [pool-27-thread-1] INFO  server.RaftServerConfigKeys (ConfUtils.java:logGet(43)) - raft.server.log.segment.size.max = 1048576 (custom)
2019-09-20 08:46:09,217 [pool-27-thread-1] INFO  server.RaftServerConfigKeys (ConfUtils.java:logGet(43)) - raft.server.log.preallocated.size = 16384 (custom)
2019-09-20 08:46:09,217 [pool-27-thread-1] INFO  server.RaftServerConfigKeys (ConfUtils.java:logGet(43)) - raft.server.log.write.buffer.size = 33554432 (custom)
2019-09-20 08:46:09,217 [pool-27-thread-1] INFO  server.RaftServerConfigKeys (ConfUtils.java:logGet(43)) - raft.server.log.force.sync.num = 128 (default)
2019-09-20 08:46:09,217 [pool-27-thread-1] INFO  server.RaftServerConfigKeys (ConfUtils.java:logGet(43)) - raft.server.log.statemachine.data.sync = true (default)
2019-09-20 08:46:09,217 [pool-27-thread-1] INFO  server.RaftServerConfigKeys (ConfUtils.java:logGet(43)) - raft.server.log.statemachine.data.sync.timeout = 10s (default)
2019-09-20 08:46:09,217 [pool-27-thread-1] INFO  server.RaftServerConfigKeys (ConfUtils.java:logGet(43)) - raft.server.log.statemachine.data.sync.timeout.retry = -1 (default)
2019-09-20 08:46:09,218 [pool-27-thread-1] INFO  server.RaftServerConfigKeys (ConfUtils.java:logGet(43)) - raft.server.log.statemachine.data.caching.enabled = true (custom)
2019-09-20 08:46:09,218 [pool-27-thread-1] INFO  segmented.SegmentedRaftLogWorker (SegmentedRaftLogWorker.java:lambda$new$0(132)) - 3ea69b51-ea1d-40b9-a82f-433a48a46bff-SegmentedRaftLogWorker:Storage Directory /workdir/hadoop-ozone/ozonefs/target/test-dir/MiniOzoneClusterImpl-da5888fd-c692-4355-82c4-91aa98cbf569/datanode-0/data/ratis/456ed4e1-51ed-4661-9ff0-d49471700e0e: flushIndex: setUnconditionally 0 -> -1
2019-09-20 08:46:09,218 [pool-27-thread-1] INFO  server.RaftServerConfigKeys (ConfUtils.java:logGet(43)) - raft.server.snapshot.auto.trigger.enabled = true (custom)
2019-09-20 08:46:09,218 [pool-27-thread-1] INFO  server.RaftServerConfigKeys (ConfUtils.java:logGet(43)) - raft.server.snapshot.auto.trigger.threshold = 10000 (custom)
2019-09-20 08:46:09,219 [pool-27-thread-1] INFO  server.RaftServerConfigKeys (ConfUtils.java:logGet(43)) - raft.server.retrycache.expirytime = 600000ms (custom)
2019-09-20 08:46:09,219 [pool-27-thread-1] INFO  impl.RaftServerImpl (RaftServerImpl.java:start(180)) - 3ea69b51-ea1d-40b9-a82f-433a48a46bff: start group-D49471700E0E
2019-09-20 08:46:09,219 [pool-27-thread-1] INFO  impl.RaftServerImpl (RaftServerImpl.java:setRole(171)) - 3ea69b51-ea1d-40b9-a82f-433a48a46bff:group-D49471700E0E changes role from null to FOLLOWER at term 0 for startAsFollower
2019-09-20 08:46:09,219 [pool-27-thread-1] INFO  impl.RoleInfo (RoleInfo.java:updateAndGet(143)) - 3ea69b51-ea1d-40b9-a82f-433a48a46bff: start FollowerState
2019-09-20 08:46:09,220 [pool-27-thread-1] INFO  util.JmxRegister (JmxRegister.java:tryRegister(44)) - Successfully registered JMX Bean with object name Ratis:service=RaftServer,group=group-D49471700E0E,id=3ea69b51-ea1d-40b9-a82f-433a48a46bff
2019-09-20 08:46:09,230 [RatisPipelineUtilsThread] INFO  pipeline.PipelineStateManager (PipelineStateManager.java:addPipeline(56)) - Created pipeline Pipeline[ Id: 456ed4e1-51ed-4661-9ff0-d49471700e0e, Nodes: 3ea69b51-ea1d-40b9-a82f-433a48a46bff{ip: 192.168.36.79, host: pr-hdds-1569-s8kj2-2266485376, networkLocation: /default-rack, certSerialId: null}, Type:RATIS, Factor:ONE, State:OPEN]
2019-09-20 08:46:09,245 [grpc-default-executor-0] INFO  impl.RaftServerProxy (RaftServerProxy.java:addNew(89)) - 1cc75455-5fc2-459e-9e17-b902eb9cc08f: addNew group-1815D785AA9D:[1cc75455-5fc2-459e-9e17-b902eb9cc08f:192.168.36.79:35300] returns group-1815D785AA9D:java.util.concurrent.CompletableFuture@1c28d002[Not completed]
2019-09-20 08:46:09,250 [pool-49-thread-1] INFO  impl.RaftServerImpl (RaftServerImpl.java:<init>(93)) - 1cc75455-5fc2-459e-9e17-b902eb9cc08f: new RaftServerImpl for group-1815D785AA9D:[1cc75455-5fc2-459e-9e17-b902eb9cc08f:192.168.36.79:35300] with ContainerStateMachine:uninitialized
2019-09-20 08:46:09,250 [pool-49-thread-1] INFO  server.RaftServerConfigKeys (ConfUtils.java:logGet(43)) - raft.server.rpc.timeout.min = 5s (custom)
2019-09-20 08:46:09,250 [pool-49-thread-1] INFO  server.RaftServerConfigKeys (ConfUtils.java:logGet(43)) - raft.server.rpc.timeout.max = 5200ms (custom)
2019-09-20 08:46:09,251 [pool-49-thread-1] INFO  server.RaftServerConfigKeys (ConfUtils.java:logGet(43)) - raft.server.rpcslowness.timeout = 120s (custom)
2019-09-20 08:46:09,251 [pool-49-thread-1] INFO  server.RaftServerConfigKeys (ConfUtils.java:logGet(43)) - raft.server.sleep.deviation.threshold = 300 (default)
2019-09-20 08:46:09,251 [pool-49-thread-1] INFO  server.RaftServerConfigKeys (ConfUtils.java:logGet(43)) - raft.server.log.appender.install.snapshot.enabled = false (custom)
2019-09-20 08:46:09,251 [pool-49-thread-1] INFO  impl.RaftServerImpl (ServerState.java:<init>(105)) - 1cc75455-5fc2-459e-9e17-b902eb9cc08f:group-1815D785AA9D ConfigurationManager, init=-1: [1cc75455-5fc2-459e-9e17-b902eb9cc08f:192.168.36.79:35300], old=null, confs=<EMPTY_MAP>
2019-09-20 08:46:09,251 [pool-49-thread-1] INFO  server.RaftServerConfigKeys (ConfUtils.java:logGet(43)) - raft.server.storage.dir = [/workdir/hadoop-ozone/ozonefs/target/test-dir/MiniOzoneClusterImpl-da5888fd-c692-4355-82c4-91aa98cbf569/datanode-2/data/ratis] (custom)
2019-09-20 08:46:09,252 [pool-49-thread-1] INFO  storage.RaftStorageDirectory (RaftStorageDirectory.java:analyzeStorage(246)) - The storage directory /workdir/hadoop-ozone/ozonefs/target/test-dir/MiniOzoneClusterImpl-da5888fd-c692-4355-82c4-91aa98cbf569/datanode-2/data/ratis/cc760db7-6aa6-4a29-9d82-1815d785aa9d does not exist. Creating ...
2019-09-20 08:46:09,281 [pool-49-thread-1] INFO  storage.RaftStorageDirectory (RaftStorageDirectory.java:tryLock(328)) - Lock on /workdir/hadoop-ozone/ozonefs/target/test-dir/MiniOzoneClusterImpl-da5888fd-c692-4355-82c4-91aa98cbf569/datanode-2/data/ratis/cc760db7-6aa6-4a29-9d82-1815d785aa9d/in_use.lock acquired by nodename 7820@pr-hdds-1569-s8kj2-2266485376
2019-09-20 08:46:09,307 [pool-49-thread-1] INFO  storage.RaftStorage (RaftStorage.java:format(72)) - Storage directory /workdir/hadoop-ozone/ozonefs/target/test-dir/MiniOzoneClusterImpl-da5888fd-c692-4355-82c4-91aa98cbf569/datanode-2/data/ratis/cc760db7-6aa6-4a29-9d82-1815d785aa9d has been successfully formatted.
2019-09-20 08:46:09,307 [pool-49-thread-1] INFO  ratis.ContainerStateMachine (ContainerStateMachine.java:loadSnapshot(226)) - group-1815D785AA9D: The snapshot info is null. Setting the last applied indexto:(t:0, i:~)
2019-09-20 08:46:09,308 [pool-49-thread-1] INFO  server.RaftServerConfigKeys (ConfUtils.java:logGet(43)) - raft.server.leader.election.timeout = 120s (custom)
2019-09-20 08:46:09,308 [pool-49-thread-1] INFO  server.RaftServerConfigKeys (ConfUtils.java:logGet(43)) - raft.server.log.use.memory = false (default)
2019-09-20 08:46:09,308 [pool-49-thread-1] INFO  server.RaftServerConfigKeys (ConfUtils.java:logGet(43)) - raft.server.log.purge.gap = 1000000 (custom)
2019-09-20 08:46:09,308 [pool-49-thread-1] INFO  server.RaftServerConfigKeys (ConfUtils.java:logGet(43)) - raft.server.log.appender.buffer.byte-limit = 33554432 (custom)
2019-09-20 08:46:09,308 [pool-49-thread-1] INFO  server.RaftServerConfigKeys (ConfUtils.java:logGet(43)) - raft.server.log.segment.size.max = 1048576 (custom)
2019-09-20 08:46:09,309 [pool-49-thread-1] INFO  server.RaftServerConfigKeys (ConfUtils.java:logGet(43)) - raft.server.log.segment.cache.num.max = 2 (custom)
2019-09-20 08:46:09,309 [pool-49-thread-1] INFO  segmented.SegmentedRaftLogWorker (SegmentedRaftLogWorker.java:<init>(172)) - new 1cc75455-5fc2-459e-9e17-b902eb9cc08f-SegmentedRaftLogWorker:Storage Directory /workdir/hadoop-ozone/ozonefs/target/test-dir/MiniOzoneClusterImpl-da5888fd-c692-4355-82c4-91aa98cbf569/datanode-2/data/ratis/cc760db7-6aa6-4a29-9d82-1815d785aa9d for RaftStorage:Storage Directory /workdir/hadoop-ozone/ozonefs/target/test-dir/MiniOzoneClusterImpl-da5888fd-c692-4355-82c4-91aa98cbf569/datanode-2/data/ratis/cc760db7-6aa6-4a29-9d82-1815d785aa9d
2019-09-20 08:46:09,309 [pool-49-thread-1] INFO  server.RaftServerConfigKeys (ConfUtils.java:logGet(43)) - raft.server.log.queue.byte-limit = 2147483647 (custom)
2019-09-20 08:46:09,309 [pool-49-thread-1] INFO  server.RaftServerConfigKeys (ConfUtils.java:logGet(43)) - raft.server.log.queue.element-limit = 1024 (custom)
2019-09-20 08:46:09,309 [pool-49-thread-1] INFO  server.RaftServerConfigKeys (ConfUtils.java:logGet(43)) - raft.server.log.segment.size.max = 1048576 (custom)
2019-09-20 08:46:09,310 [pool-49-thread-1] INFO  server.RaftServerConfigKeys (ConfUtils.java:logGet(43)) - raft.server.log.preallocated.size = 16384 (custom)
2019-09-20 08:46:09,310 [pool-49-thread-1] INFO  server.RaftServerConfigKeys (ConfUtils.java:logGet(43)) - raft.server.log.write.buffer.size = 33554432 (custom)
2019-09-20 08:46:09,310 [pool-49-thread-1] INFO  server.RaftServerConfigKeys (ConfUtils.java:logGet(43)) - raft.server.log.force.sync.num = 128 (default)
2019-09-20 08:46:09,310 [pool-49-thread-1] INFO  server.RaftServerConfigKeys (ConfUtils.java:logGet(43)) - raft.server.log.statemachine.data.sync = true (default)
2019-09-20 08:46:09,310 [pool-49-thread-1] INFO  server.RaftServerConfigKeys (ConfUtils.java:logGet(43)) - raft.server.log.statemachine.data.sync.timeout = 10s (default)
2019-09-20 08:46:09,310 [pool-49-thread-1] INFO  server.RaftServerConfigKeys (ConfUtils.java:logGet(43)) - raft.server.log.statemachine.data.sync.timeout.retry = -1 (default)
2019-09-20 08:46:09,311 [pool-49-thread-1] INFO  server.RaftServerConfigKeys (ConfUtils.java:logGet(43)) - raft.server.log.statemachine.data.caching.enabled = true (custom)
2019-09-20 08:46:09,311 [pool-49-thread-1] INFO  segmented.SegmentedRaftLogWorker (SegmentedRaftLogWorker.java:lambda$new$0(132)) - 1cc75455-5fc2-459e-9e17-b902eb9cc08f-SegmentedRaftLogWorker:Storage Directory /workdir/hadoop-ozone/ozonefs/target/test-dir/MiniOzoneClusterImpl-da5888fd-c692-4355-82c4-91aa98cbf569/datanode-2/data/ratis/cc760db7-6aa6-4a29-9d82-1815d785aa9d: flushIndex: setUnconditionally 0 -> -1
2019-09-20 08:46:09,312 [pool-49-thread-1] INFO  server.RaftServerConfigKeys (ConfUtils.java:logGet(43)) - raft.server.snapshot.auto.trigger.enabled = true (custom)
2019-09-20 08:46:09,312 [pool-49-thread-1] INFO  server.RaftServerConfigKeys (ConfUtils.java:logGet(43)) - raft.server.snapshot.auto.trigger.threshold = 10000 (custom)
2019-09-20 08:46:09,312 [pool-49-thread-1] INFO  server.RaftServerConfigKeys (ConfUtils.java:logGet(43)) - raft.server.retrycache.expirytime = 600000ms (custom)
2019-09-20 08:46:09,312 [pool-49-thread-1] INFO  impl.RaftServerImpl (RaftServerImpl.java:start(180)) - 1cc75455-5fc2-459e-9e17-b902eb9cc08f: start group-1815D785AA9D
2019-09-20 08:46:09,313 [pool-49-thread-1] INFO  impl.RaftServerImpl (RaftServerImpl.java:setRole(171)) - 1cc75455-5fc2-459e-9e17-b902eb9cc08f:group-1815D785AA9D changes role from null to FOLLOWER at term 0 for startAsFollower
2019-09-20 08:46:09,313 [pool-49-thread-1] INFO  impl.RoleInfo (RoleInfo.java:updateAndGet(143)) - 1cc75455-5fc2-459e-9e17-b902eb9cc08f: start FollowerState
2019-09-20 08:46:09,313 [pool-49-thread-1] INFO  util.JmxRegister (JmxRegister.java:tryRegister(44)) - Successfully registered JMX Bean with object name Ratis:service=RaftServer,group=group-1815D785AA9D,id=1cc75455-5fc2-459e-9e17-b902eb9cc08f
2019-09-20 08:46:09,325 [RatisPipelineUtilsThread] INFO  pipeline.PipelineStateManager (PipelineStateManager.java:addPipeline(56)) - Created pipeline Pipeline[ Id: cc760db7-6aa6-4a29-9d82-1815d785aa9d, Nodes: 1cc75455-5fc2-459e-9e17-b902eb9cc08f{ip: 192.168.36.79, host: pr-hdds-1569-s8kj2-2266485376, networkLocation: /default-rack, certSerialId: null}, Type:RATIS, Factor:ONE, State:OPEN]
2019-09-20 08:46:09,337 [grpc-default-executor-0] INFO  impl.RaftServerProxy (RaftServerProxy.java:addNew(89)) - 3ea69b51-ea1d-40b9-a82f-433a48a46bff: addNew group-8405D18958CF:[3ea69b51-ea1d-40b9-a82f-433a48a46bff:192.168.36.79:37909] returns group-8405D18958CF:java.util.concurrent.CompletableFuture@4436c1a8[Not completed]
2019-09-20 08:46:09,339 [pool-27-thread-1] INFO  impl.RaftServerImpl (RaftServerImpl.java:<init>(93)) - 3ea69b51-ea1d-40b9-a82f-433a48a46bff: new RaftServerImpl for group-8405D18958CF:[3ea69b51-ea1d-40b9-a82f-433a48a46bff:192.168.36.79:37909] with ContainerStateMachine:uninitialized
2019-09-20 08:46:09,339 [pool-27-thread-1] INFO  server.RaftServerConfigKeys (ConfUtils.java:logGet(43)) - raft.server.rpc.timeout.min = 5s (custom)
2019-09-20 08:46:09,339 [pool-27-thread-1] INFO  server.RaftServerConfigKeys (ConfUtils.java:logGet(43)) - raft.server.rpc.timeout.max = 5200ms (custom)
2019-09-20 08:46:09,339 [pool-27-thread-1] INFO  server.RaftServerConfigKeys (ConfUtils.java:logGet(43)) - raft.server.rpcslowness.timeout = 120s (custom)
2019-09-20 08:46:09,339 [pool-27-thread-1] INFO  server.RaftServerConfigKeys (ConfUtils.java:logGet(43)) - raft.server.sleep.deviation.threshold = 300 (default)
2019-09-20 08:46:09,339 [pool-27-thread-1] INFO  server.RaftServerConfigKeys (ConfUtils.java:logGet(43)) - raft.server.log.appender.install.snapshot.enabled = false (custom)
2019-09-20 08:46:09,340 [pool-27-thread-1] INFO  impl.RaftServerImpl (ServerState.java:<init>(105)) - 3ea69b51-ea1d-40b9-a82f-433a48a46bff:group-8405D18958CF ConfigurationManager, init=-1: [3ea69b51-ea1d-40b9-a82f-433a48a46bff:192.168.36.79:37909], old=null, confs=<EMPTY_MAP>
2019-09-20 08:46:09,340 [pool-27-thread-1] INFO  server.RaftServerConfigKeys (ConfUtils.java:logGet(43)) - raft.server.storage.dir = [/workdir/hadoop-ozone/ozonefs/target/test-dir/MiniOzoneClusterImpl-da5888fd-c692-4355-82c4-91aa98cbf569/datanode-0/data/ratis] (custom)
2019-09-20 08:46:09,340 [pool-27-thread-1] INFO  storage.RaftStorageDirectory (RaftStorageDirectory.java:analyzeStorage(246)) - The storage directory /workdir/hadoop-ozone/ozonefs/target/test-dir/MiniOzoneClusterImpl-da5888fd-c692-4355-82c4-91aa98cbf569/datanode-0/data/ratis/772102f0-5538-4ac2-a136-8405d18958cf does not exist. Creating ...
2019-09-20 08:46:09,366 [pool-27-thread-1] INFO  storage.RaftStorageDirectory (RaftStorageDirectory.java:tryLock(328)) - Lock on /workdir/hadoop-ozone/ozonefs/target/test-dir/MiniOzoneClusterImpl-da5888fd-c692-4355-82c4-91aa98cbf569/datanode-0/data/ratis/772102f0-5538-4ac2-a136-8405d18958cf/in_use.lock acquired by nodename 7820@pr-hdds-1569-s8kj2-2266485376
2019-09-20 08:46:09,400 [pool-27-thread-1] INFO  storage.RaftStorage (RaftStorage.java:format(72)) - Storage directory /workdir/hadoop-ozone/ozonefs/target/test-dir/MiniOzoneClusterImpl-da5888fd-c692-4355-82c4-91aa98cbf569/datanode-0/data/ratis/772102f0-5538-4ac2-a136-8405d18958cf has been successfully formatted.
2019-09-20 08:46:09,400 [pool-27-thread-1] INFO  ratis.ContainerStateMachine (ContainerStateMachine.java:loadSnapshot(226)) - group-8405D18958CF: The snapshot info is null. Setting the last applied indexto:(t:0, i:~)
2019-09-20 08:46:09,400 [pool-27-thread-1] INFO  server.RaftServerConfigKeys (ConfUtils.java:logGet(43)) - raft.server.leader.election.timeout = 120s (custom)
2019-09-20 08:46:09,400 [pool-27-thread-1] INFO  server.RaftServerConfigKeys (ConfUtils.java:logGet(43)) - raft.server.log.use.memory = false (default)
2019-09-20 08:46:09,401 [pool-27-thread-1] INFO  server.RaftServerConfigKeys (ConfUtils.java:logGet(43)) - raft.server.log.purge.gap = 1000000 (custom)
2019-09-20 08:46:09,401 [pool-27-thread-1] INFO  server.RaftServerConfigKeys (ConfUtils.java:logGet(43)) - raft.server.log.appender.buffer.byte-limit = 33554432 (custom)
2019-09-20 08:46:09,401 [pool-27-thread-1] INFO  server.RaftServerConfigKeys (ConfUtils.java:logGet(43)) - raft.server.log.segment.size.max = 1048576 (custom)
2019-09-20 08:46:09,401 [pool-27-thread-1] INFO  server.RaftServerConfigKeys (ConfUtils.java:logGet(43)) - raft.server.log.segment.cache.num.max = 2 (custom)
2019-09-20 08:46:09,401 [pool-27-thread-1] INFO  segmented.SegmentedRaftLogWorker (SegmentedRaftLogWorker.java:<init>(172)) - new 3ea69b51-ea1d-40b9-a82f-433a48a46bff-SegmentedRaftLogWorker:Storage Directory /workdir/hadoop-ozone/ozonefs/target/test-dir/MiniOzoneClusterImpl-da5888fd-c692-4355-82c4-91aa98cbf569/datanode-0/data/ratis/772102f0-5538-4ac2-a136-8405d18958cf for RaftStorage:Storage Directory /workdir/hadoop-ozone/ozonefs/target/test-dir/MiniOzoneClusterImpl-da5888fd-c692-4355-82c4-91aa98cbf569/datanode-0/data/ratis/772102f0-5538-4ac2-a136-8405d18958cf
2019-09-20 08:46:09,402 [pool-27-thread-1] INFO  server.RaftServerConfigKeys (ConfUtils.java:logGet(43)) - raft.server.log.queue.byte-limit = 2147483647 (custom)
2019-09-20 08:46:09,402 [pool-27-thread-1] INFO  server.RaftServerConfigKeys (ConfUtils.java:logGet(43)) - raft.server.log.queue.element-limit = 1024 (custom)
2019-09-20 08:46:09,402 [pool-27-thread-1] INFO  server.RaftServerConfigKeys (ConfUtils.java:logGet(43)) - raft.server.log.segment.size.max = 1048576 (custom)
2019-09-20 08:46:09,402 [pool-27-thread-1] INFO  server.RaftServerConfigKeys (ConfUtils.java:logGet(43)) - raft.server.log.preallocated.size = 16384 (custom)
2019-09-20 08:46:09,402 [pool-27-thread-1] INFO  server.RaftServerConfigKeys (ConfUtils.java:logGet(43)) - raft.server.log.write.buffer.size = 33554432 (custom)
2019-09-20 08:46:09,403 [pool-27-thread-1] INFO  server.RaftServerConfigKeys (ConfUtils.java:logGet(43)) - raft.server.log.force.sync.num = 128 (default)
2019-09-20 08:46:09,403 [pool-27-thread-1] INFO  server.RaftServerConfigKeys (ConfUtils.java:logGet(43)) - raft.server.log.statemachine.data.sync = true (default)
2019-09-20 08:46:09,403 [pool-27-thread-1] INFO  server.RaftServerConfigKeys (ConfUtils.java:logGet(43)) - raft.server.log.statemachine.data.sync.timeout = 10s (default)
2019-09-20 08:46:09,403 [pool-27-thread-1] INFO  server.RaftServerConfigKeys (ConfUtils.java:logGet(43)) - raft.server.log.statemachine.data.sync.timeout.retry = -1 (default)
2019-09-20 08:46:09,403 [pool-27-thread-1] INFO  server.RaftServerConfigKeys (ConfUtils.java:logGet(43)) - raft.server.log.statemachine.data.caching.enabled = true (custom)
2019-09-20 08:46:09,404 [pool-27-thread-1] INFO  segmented.SegmentedRaftLogWorker (SegmentedRaftLogWorker.java:lambda$new$0(132)) - 3ea69b51-ea1d-40b9-a82f-433a48a46bff-SegmentedRaftLogWorker:Storage Directory /workdir/hadoop-ozone/ozonefs/target/test-dir/MiniOzoneClusterImpl-da5888fd-c692-4355-82c4-91aa98cbf569/datanode-0/data/ratis/772102f0-5538-4ac2-a136-8405d18958cf: flushIndex: setUnconditionally 0 -> -1
2019-09-20 08:46:09,404 [pool-27-thread-1] INFO  server.RaftServerConfigKeys (ConfUtils.java:logGet(43)) - raft.server.snapshot.auto.trigger.enabled = true (custom)
2019-09-20 08:46:09,404 [pool-27-thread-1] INFO  server.RaftServerConfigKeys (ConfUtils.java:logGet(43)) - raft.server.snapshot.auto.trigger.threshold = 10000 (custom)
2019-09-20 08:46:09,405 [pool-27-thread-1] INFO  server.RaftServerConfigKeys (ConfUtils.java:logGet(43)) - raft.server.retrycache.expirytime = 600000ms (custom)
2019-09-20 08:46:09,405 [pool-27-thread-1] INFO  impl.RaftServerImpl (RaftServerImpl.java:start(180)) - 3ea69b51-ea1d-40b9-a82f-433a48a46bff: start group-8405D18958CF
2019-09-20 08:46:09,405 [pool-27-thread-1] INFO  impl.RaftServerImpl (RaftServerImpl.java:setRole(171)) - 3ea69b51-ea1d-40b9-a82f-433a48a46bff:group-8405D18958CF changes role from null to FOLLOWER at term 0 for startAsFollower
2019-09-20 08:46:09,405 [pool-27-thread-1] INFO  impl.RoleInfo (RoleInfo.java:updateAndGet(143)) - 3ea69b51-ea1d-40b9-a82f-433a48a46bff: start FollowerState
2019-09-20 08:46:09,406 [pool-27-thread-1] INFO  util.JmxRegister (JmxRegister.java:tryRegister(44)) - Successfully registered JMX Bean with object name Ratis:service=RaftServer,group=group-8405D18958CF,id=3ea69b51-ea1d-40b9-a82f-433a48a46bff
2019-09-20 08:46:09,422 [RatisPipelineUtilsThread] INFO  pipeline.PipelineStateManager (PipelineStateManager.java:addPipeline(56)) - Created pipeline Pipeline[ Id: 772102f0-5538-4ac2-a136-8405d18958cf, Nodes: 3ea69b51-ea1d-40b9-a82f-433a48a46bff{ip: 192.168.36.79, host: pr-hdds-1569-s8kj2-2266485376, networkLocation: /default-rack, certSerialId: null}, Type:RATIS, Factor:ONE, State:OPEN]
2019-09-20 08:46:09,434 | INFO  | SCMAudit | user=jenkins1000 | ip=192.168.36.79 | op=SEND_HEARTBEAT {datanodeUUID=3ea69b51-ea1d-40b9-a82f-433a48a46bff, command=[]} | ret=SUCCESS |  
2019-09-20 08:46:09,440 [grpc-default-executor-0] INFO  impl.RaftServerProxy (RaftServerProxy.java:addNew(89)) - 3d9fb88f-ef2a-412e-bafc-a0084682cc47: addNew group-1DD980F23A5F:[3d9fb88f-ef2a-412e-bafc-a0084682cc47:192.168.36.79:36901] returns group-1DD980F23A5F:java.util.concurrent.CompletableFuture@453d1fae[Not completed]
2019-09-20 08:46:09,443 [pool-126-thread-1] INFO  impl.RaftServerImpl (RaftServerImpl.java:<init>(93)) - 3d9fb88f-ef2a-412e-bafc-a0084682cc47: new RaftServerImpl for group-1DD980F23A5F:[3d9fb88f-ef2a-412e-bafc-a0084682cc47:192.168.36.79:36901] with ContainerStateMachine:uninitialized
2019-09-20 08:46:09,445 [pool-126-thread-1] INFO  server.RaftServerConfigKeys (ConfUtils.java:logGet(43)) - raft.server.rpc.timeout.min = 5s (custom)
2019-09-20 08:46:09,445 [pool-126-thread-1] INFO  server.RaftServerConfigKeys (ConfUtils.java:logGet(43)) - raft.server.rpc.timeout.max = 5200ms (custom)
2019-09-20 08:46:09,445 [pool-126-thread-1] INFO  server.RaftServerConfigKeys (ConfUtils.java:logGet(43)) - raft.server.rpcslowness.timeout = 120s (custom)
2019-09-20 08:46:09,445 [pool-126-thread-1] INFO  server.RaftServerConfigKeys (ConfUtils.java:logGet(43)) - raft.server.sleep.deviation.threshold = 300 (default)
2019-09-20 08:46:09,445 [pool-126-thread-1] INFO  server.RaftServerConfigKeys (ConfUtils.java:logGet(43)) - raft.server.log.appender.install.snapshot.enabled = false (custom)
2019-09-20 08:46:09,446 [pool-126-thread-1] INFO  impl.RaftServerImpl (ServerState.java:<init>(105)) - 3d9fb88f-ef2a-412e-bafc-a0084682cc47:group-1DD980F23A5F ConfigurationManager, init=-1: [3d9fb88f-ef2a-412e-bafc-a0084682cc47:192.168.36.79:36901], old=null, confs=<EMPTY_MAP>
2019-09-20 08:46:09,446 [pool-126-thread-1] INFO  server.RaftServerConfigKeys (ConfUtils.java:logGet(43)) - raft.server.storage.dir = [/workdir/hadoop-ozone/ozonefs/target/test-dir/MiniOzoneClusterImpl-da5888fd-c692-4355-82c4-91aa98cbf569/datanode-9/data/ratis] (custom)
2019-09-20 08:46:09,446 [pool-126-thread-1] INFO  storage.RaftStorageDirectory (RaftStorageDirectory.java:analyzeStorage(246)) - The storage directory /workdir/hadoop-ozone/ozonefs/target/test-dir/MiniOzoneClusterImpl-da5888fd-c692-4355-82c4-91aa98cbf569/datanode-9/data/ratis/1899c156-9899-4776-9768-1dd980f23a5f does not exist. Creating ...
2019-09-20 08:46:09,475 [pool-126-thread-1] INFO  storage.RaftStorageDirectory (RaftStorageDirectory.java:tryLock(328)) - Lock on /workdir/hadoop-ozone/ozonefs/target/test-dir/MiniOzoneClusterImpl-da5888fd-c692-4355-82c4-91aa98cbf569/datanode-9/data/ratis/1899c156-9899-4776-9768-1dd980f23a5f/in_use.lock acquired by nodename 7820@pr-hdds-1569-s8kj2-2266485376
2019-09-20 08:46:09,488 [Thread-282] INFO  container.ReplicationManager (ReplicationManager.java:start(151)) - Starting Replication Monitor Thread.
2019-09-20 08:46:09,496 | INFO  | SCMAudit | user=jenkins1000 | ip=192.168.36.79 | op=SEND_HEARTBEAT {datanodeUUID=a3bf3c1a-4063-48f8-b1bd-e321780611c4, command=[]} | ret=SUCCESS |  
2019-09-20 08:46:09,496 | INFO  | SCMAudit | user=jenkins1000 | ip=192.168.36.79 | op=SEND_HEARTBEAT {datanodeUUID=1cc75455-5fc2-459e-9e17-b902eb9cc08f, command=[]} | ret=SUCCESS |  
2019-09-20 08:46:09,497 [ReplicationMonitor] INFO  container.ReplicationManager (ReplicationManager.java:run(214)) - Replication Monitor Thread took 4 milliseconds for processing 0 containers.
2019-09-20 08:46:09,500 [pool-126-thread-1] INFO  storage.RaftStorage (RaftStorage.java:format(72)) - Storage directory /workdir/hadoop-ozone/ozonefs/target/test-dir/MiniOzoneClusterImpl-da5888fd-c692-4355-82c4-91aa98cbf569/datanode-9/data/ratis/1899c156-9899-4776-9768-1dd980f23a5f has been successfully formatted.
2019-09-20 08:46:09,501 [pool-126-thread-1] INFO  ratis.ContainerStateMachine (ContainerStateMachine.java:loadSnapshot(226)) - group-1DD980F23A5F: The snapshot info is null. Setting the last applied indexto:(t:0, i:~)
2019-09-20 08:46:09,501 [pool-126-thread-1] INFO  server.RaftServerConfigKeys (ConfUtils.java:logGet(43)) - raft.server.leader.election.timeout = 120s (custom)
2019-09-20 08:46:09,501 [pool-126-thread-1] INFO  server.RaftServerConfigKeys (ConfUtils.java:logGet(43)) - raft.server.log.use.memory = false (default)
2019-09-20 08:46:09,501 [pool-126-thread-1] INFO  server.RaftServerConfigKeys (ConfUtils.java:logGet(43)) - raft.server.log.purge.gap = 1000000 (custom)
2019-09-20 08:46:09,502 [pool-126-thread-1] INFO  server.RaftServerConfigKeys (ConfUtils.java:logGet(43)) - raft.server.log.appender.buffer.byte-limit = 33554432 (custom)
2019-09-20 08:46:09,502 [pool-126-thread-1] INFO  server.RaftServerConfigKeys (ConfUtils.java:logGet(43)) - raft.server.log.segment.size.max = 1048576 (custom)
2019-09-20 08:46:09,502 [pool-126-thread-1] INFO  server.RaftServerConfigKeys (ConfUtils.java:logGet(43)) - raft.server.log.segment.cache.num.max = 2 (custom)
2019-09-20 08:46:09,502 [pool-126-thread-1] INFO  segmented.SegmentedRaftLogWorker (SegmentedRaftLogWorker.java:<init>(172)) - new 3d9fb88f-ef2a-412e-bafc-a0084682cc47-SegmentedRaftLogWorker:Storage Directory /workdir/hadoop-ozone/ozonefs/target/test-dir/MiniOzoneClusterImpl-da5888fd-c692-4355-82c4-91aa98cbf569/datanode-9/data/ratis/1899c156-9899-4776-9768-1dd980f23a5f for RaftStorage:Storage Directory /workdir/hadoop-ozone/ozonefs/target/test-dir/MiniOzoneClusterImpl-da5888fd-c692-4355-82c4-91aa98cbf569/datanode-9/data/ratis/1899c156-9899-4776-9768-1dd980f23a5f
2019-09-20 08:46:09,502 [pool-126-thread-1] INFO  server.RaftServerConfigKeys (ConfUtils.java:logGet(43)) - raft.server.log.queue.byte-limit = 2147483647 (custom)
2019-09-20 08:46:09,503 [pool-126-thread-1] INFO  server.RaftServerConfigKeys (ConfUtils.java:logGet(43)) - raft.server.log.queue.element-limit = 1024 (custom)
2019-09-20 08:46:09,503 [pool-126-thread-1] INFO  server.RaftServerConfigKeys (ConfUtils.java:logGet(43)) - raft.server.log.segment.size.max = 1048576 (custom)
2019-09-20 08:46:09,503 [pool-126-thread-1] INFO  server.RaftServerConfigKeys (ConfUtils.java:logGet(43)) - raft.server.log.preallocated.size = 16384 (custom)
2019-09-20 08:46:09,503 [pool-126-thread-1] INFO  server.RaftServerConfigKeys (ConfUtils.java:logGet(43)) - raft.server.log.write.buffer.size = 33554432 (custom)
2019-09-20 08:46:09,504 [pool-126-thread-1] INFO  server.RaftServerConfigKeys (ConfUtils.java:logGet(43)) - raft.server.log.force.sync.num = 128 (default)
2019-09-20 08:46:09,504 [pool-126-thread-1] INFO  server.RaftServerConfigKeys (ConfUtils.java:logGet(43)) - raft.server.log.statemachine.data.sync = true (default)
2019-09-20 08:46:09,504 [pool-126-thread-1] INFO  server.RaftServerConfigKeys (ConfUtils.java:logGet(43)) - raft.server.log.statemachine.data.sync.timeout = 10s (default)
2019-09-20 08:46:09,504 [pool-126-thread-1] INFO  server.RaftServerConfigKeys (ConfUtils.java:logGet(43)) - raft.server.log.statemachine.data.sync.timeout.retry = -1 (default)
2019-09-20 08:46:09,505 [pool-126-thread-1] INFO  server.RaftServerConfigKeys (ConfUtils.java:logGet(43)) - raft.server.log.statemachine.data.caching.enabled = true (custom)
2019-09-20 08:46:09,505 [pool-126-thread-1] INFO  segmented.SegmentedRaftLogWorker (SegmentedRaftLogWorker.java:lambda$new$0(132)) - 3d9fb88f-ef2a-412e-bafc-a0084682cc47-SegmentedRaftLogWorker:Storage Directory /workdir/hadoop-ozone/ozonefs/target/test-dir/MiniOzoneClusterImpl-da5888fd-c692-4355-82c4-91aa98cbf569/datanode-9/data/ratis/1899c156-9899-4776-9768-1dd980f23a5f: flushIndex: setUnconditionally 0 -> -1
2019-09-20 08:46:09,505 [pool-126-thread-1] INFO  server.RaftServerConfigKeys (ConfUtils.java:logGet(43)) - raft.server.snapshot.auto.trigger.enabled = true (custom)
2019-09-20 08:46:09,506 [pool-126-thread-1] INFO  server.RaftServerConfigKeys (ConfUtils.java:logGet(43)) - raft.server.snapshot.auto.trigger.threshold = 10000 (custom)
2019-09-20 08:46:09,506 [pool-126-thread-1] INFO  server.RaftServerConfigKeys (ConfUtils.java:logGet(43)) - raft.server.retrycache.expirytime = 600000ms (custom)
2019-09-20 08:46:09,506 [pool-126-thread-1] INFO  impl.RaftServerImpl (RaftServerImpl.java:start(180)) - 3d9fb88f-ef2a-412e-bafc-a0084682cc47: start group-1DD980F23A5F
2019-09-20 08:46:09,506 [pool-126-thread-1] INFO  impl.RaftServerImpl (RaftServerImpl.java:setRole(171)) - 3d9fb88f-ef2a-412e-bafc-a0084682cc47:group-1DD980F23A5F changes role from null to FOLLOWER at term 0 for startAsFollower
2019-09-20 08:46:09,507 [pool-126-thread-1] INFO  impl.RoleInfo (RoleInfo.java:updateAndGet(143)) - 3d9fb88f-ef2a-412e-bafc-a0084682cc47: start FollowerState
2019-09-20 08:46:09,507 [pool-126-thread-1] INFO  util.JmxRegister (JmxRegister.java:tryRegister(44)) - Successfully registered JMX Bean with object name Ratis:service=RaftServer,group=group-1DD980F23A5F,id=3d9fb88f-ef2a-412e-bafc-a0084682cc47
2019-09-20 08:46:09,515 [RatisPipelineUtilsThread] INFO  pipeline.PipelineStateManager (PipelineStateManager.java:addPipeline(56)) - Created pipeline Pipeline[ Id: 1899c156-9899-4776-9768-1dd980f23a5f, Nodes: 3d9fb88f-ef2a-412e-bafc-a0084682cc47{ip: 192.168.36.79, host: pr-hdds-1569-s8kj2-2266485376, networkLocation: /default-rack, certSerialId: null}, Type:RATIS, Factor:ONE, State:OPEN]
2019-09-20 08:46:09,532 [grpc-default-executor-0] INFO  impl.RaftServerProxy (RaftServerProxy.java:addNew(89)) - a3bf3c1a-4063-48f8-b1bd-e321780611c4: addNew group-6D32FAE766E9:[a3bf3c1a-4063-48f8-b1bd-e321780611c4:192.168.36.79:36591] returns group-6D32FAE766E9:java.util.concurrent.CompletableFuture@5319ed4c[Not completed]
2019-09-20 08:46:09,533 [pool-60-thread-1] INFO  impl.RaftServerImpl (RaftServerImpl.java:<init>(93)) - a3bf3c1a-4063-48f8-b1bd-e321780611c4: new RaftServerImpl for group-6D32FAE766E9:[a3bf3c1a-4063-48f8-b1bd-e321780611c4:192.168.36.79:36591] with ContainerStateMachine:uninitialized
2019-09-20 08:46:09,534 [pool-60-thread-1] INFO  server.RaftServerConfigKeys (ConfUtils.java:logGet(43)) - raft.server.rpc.timeout.min = 5s (custom)
2019-09-20 08:46:09,534 [pool-60-thread-1] INFO  server.RaftServerConfigKeys (ConfUtils.java:logGet(43)) - raft.server.rpc.timeout.max = 5200ms (custom)
2019-09-20 08:46:09,534 [pool-60-thread-1] INFO  server.RaftServerConfigKeys (ConfUtils.java:logGet(43)) - raft.server.rpcslowness.timeout = 120s (custom)
2019-09-20 08:46:09,534 [pool-60-thread-1] INFO  server.RaftServerConfigKeys (ConfUtils.java:logGet(43)) - raft.server.sleep.deviation.threshold = 300 (default)
2019-09-20 08:46:09,534 [pool-60-thread-1] INFO  server.RaftServerConfigKeys (ConfUtils.java:logGet(43)) - raft.server.log.appender.install.snapshot.enabled = false (custom)
2019-09-20 08:46:09,534 [pool-60-thread-1] INFO  impl.RaftServerImpl (ServerState.java:<init>(105)) - a3bf3c1a-4063-48f8-b1bd-e321780611c4:group-6D32FAE766E9 ConfigurationManager, init=-1: [a3bf3c1a-4063-48f8-b1bd-e321780611c4:192.168.36.79:36591], old=null, confs=<EMPTY_MAP>
2019-09-20 08:46:09,535 [pool-60-thread-1] INFO  server.RaftServerConfigKeys (ConfUtils.java:logGet(43)) - raft.server.storage.dir = [/workdir/hadoop-ozone/ozonefs/target/test-dir/MiniOzoneClusterImpl-da5888fd-c692-4355-82c4-91aa98cbf569/datanode-3/data/ratis] (custom)
2019-09-20 08:46:09,535 [pool-60-thread-1] INFO  storage.RaftStorageDirectory (RaftStorageDirectory.java:analyzeStorage(246)) - The storage directory /workdir/hadoop-ozone/ozonefs/target/test-dir/MiniOzoneClusterImpl-da5888fd-c692-4355-82c4-91aa98cbf569/datanode-3/data/ratis/5f5f0c0b-ff6b-40d7-abe0-6d32fae766e9 does not exist. Creating ...
2019-09-20 08:46:09,559 [pool-60-thread-1] INFO  storage.RaftStorageDirectory (RaftStorageDirectory.java:tryLock(328)) - Lock on /workdir/hadoop-ozone/ozonefs/target/test-dir/MiniOzoneClusterImpl-da5888fd-c692-4355-82c4-91aa98cbf569/datanode-3/data/ratis/5f5f0c0b-ff6b-40d7-abe0-6d32fae766e9/in_use.lock acquired by nodename 7820@pr-hdds-1569-s8kj2-2266485376
2019-09-20 08:46:09,678 [pool-60-thread-1] INFO  storage.RaftStorage (RaftStorage.java:format(72)) - Storage directory /workdir/hadoop-ozone/ozonefs/target/test-dir/MiniOzoneClusterImpl-da5888fd-c692-4355-82c4-91aa98cbf569/datanode-3/data/ratis/5f5f0c0b-ff6b-40d7-abe0-6d32fae766e9 has been successfully formatted.
2019-09-20 08:46:09,679 [pool-60-thread-1] INFO  ratis.ContainerStateMachine (ContainerStateMachine.java:loadSnapshot(226)) - group-6D32FAE766E9: The snapshot info is null. Setting the last applied indexto:(t:0, i:~)
2019-09-20 08:46:09,679 [pool-60-thread-1] INFO  server.RaftServerConfigKeys (ConfUtils.java:logGet(43)) - raft.server.leader.election.timeout = 120s (custom)
2019-09-20 08:46:09,679 [pool-60-thread-1] INFO  server.RaftServerConfigKeys (ConfUtils.java:logGet(43)) - raft.server.log.use.memory = false (default)
2019-09-20 08:46:09,679 | INFO  | SCMAudit | user=jenkins1000 | ip=192.168.36.79 | op=SEND_HEARTBEAT {datanodeUUID=4eb079c5-a63c-4d36-97af-76873864fc0c, command=[]} | ret=SUCCESS |  
2019-09-20 08:46:09,679 [pool-60-thread-1] INFO  server.RaftServerConfigKeys (ConfUtils.java:logGet(43)) - raft.server.log.purge.gap = 1000000 (custom)
2019-09-20 08:46:09,680 [pool-60-thread-1] INFO  server.RaftServerConfigKeys (ConfUtils.java:logGet(43)) - raft.server.log.appender.buffer.byte-limit = 33554432 (custom)
2019-09-20 08:46:09,680 [pool-60-thread-1] INFO  server.RaftServerConfigKeys (ConfUtils.java:logGet(43)) - raft.server.log.segment.size.max = 1048576 (custom)
2019-09-20 08:46:09,680 [pool-60-thread-1] INFO  server.RaftServerConfigKeys (ConfUtils.java:logGet(43)) - raft.server.log.segment.cache.num.max = 2 (custom)
2019-09-20 08:46:09,680 [pool-60-thread-1] INFO  segmented.SegmentedRaftLogWorker (SegmentedRaftLogWorker.java:<init>(172)) - new a3bf3c1a-4063-48f8-b1bd-e321780611c4-SegmentedRaftLogWorker:Storage Directory /workdir/hadoop-ozone/ozonefs/target/test-dir/MiniOzoneClusterImpl-da5888fd-c692-4355-82c4-91aa98cbf569/datanode-3/data/ratis/5f5f0c0b-ff6b-40d7-abe0-6d32fae766e9 for RaftStorage:Storage Directory /workdir/hadoop-ozone/ozonefs/target/test-dir/MiniOzoneClusterImpl-da5888fd-c692-4355-82c4-91aa98cbf569/datanode-3/data/ratis/5f5f0c0b-ff6b-40d7-abe0-6d32fae766e9
2019-09-20 08:46:09,680 [pool-60-thread-1] INFO  server.RaftServerConfigKeys (ConfUtils.java:logGet(43)) - raft.server.log.queue.byte-limit = 2147483647 (custom)
2019-09-20 08:46:09,681 [pool-60-thread-1] INFO  server.RaftServerConfigKeys (ConfUtils.java:logGet(43)) - raft.server.log.queue.element-limit = 1024 (custom)
2019-09-20 08:46:09,681 [pool-60-thread-1] INFO  server.RaftServerConfigKeys (ConfUtils.java:logGet(43)) - raft.server.log.segment.size.max = 1048576 (custom)
2019-09-20 08:46:09,681 [pool-60-thread-1] INFO  server.RaftServerConfigKeys (ConfUtils.java:logGet(43)) - raft.server.log.preallocated.size = 16384 (custom)
2019-09-20 08:46:09,681 [pool-60-thread-1] INFO  server.RaftServerConfigKeys (ConfUtils.java:logGet(43)) - raft.server.log.write.buffer.size = 33554432 (custom)
2019-09-20 08:46:09,681 [pool-60-thread-1] INFO  server.RaftServerConfigKeys (ConfUtils.java:logGet(43)) - raft.server.log.force.sync.num = 128 (default)
2019-09-20 08:46:09,681 [pool-60-thread-1] INFO  server.RaftServerConfigKeys (ConfUtils.java:logGet(43)) - raft.server.log.statemachine.data.sync = true (default)
2019-09-20 08:46:09,682 [pool-60-thread-1] INFO  server.RaftServerConfigKeys (ConfUtils.java:logGet(43)) - raft.server.log.statemachine.data.sync.timeout = 10s (default)
2019-09-20 08:46:09,682 [pool-60-thread-1] INFO  server.RaftServerConfigKeys (ConfUtils.java:logGet(43)) - raft.server.log.statemachine.data.sync.timeout.retry = -1 (default)
2019-09-20 08:46:09,682 [pool-60-thread-1] INFO  server.RaftServerConfigKeys (ConfUtils.java:logGet(43)) - raft.server.log.statemachine.data.caching.enabled = true (custom)
2019-09-20 08:46:09,683 [pool-60-thread-1] INFO  segmented.SegmentedRaftLogWorker (SegmentedRaftLogWorker.java:lambda$new$0(132)) - a3bf3c1a-4063-48f8-b1bd-e321780611c4-SegmentedRaftLogWorker:Storage Directory /workdir/hadoop-ozone/ozonefs/target/test-dir/MiniOzoneClusterImpl-da5888fd-c692-4355-82c4-91aa98cbf569/datanode-3/data/ratis/5f5f0c0b-ff6b-40d7-abe0-6d32fae766e9: flushIndex: setUnconditionally 0 -> -1
2019-09-20 08:46:09,683 [pool-60-thread-1] INFO  server.RaftServerConfigKeys (ConfUtils.java:logGet(43)) - raft.server.snapshot.auto.trigger.enabled = true (custom)
2019-09-20 08:46:09,683 [pool-60-thread-1] INFO  server.RaftServerConfigKeys (ConfUtils.java:logGet(43)) - raft.server.snapshot.auto.trigger.threshold = 10000 (custom)
2019-09-20 08:46:09,683 [pool-60-thread-1] INFO  server.RaftServerConfigKeys (ConfUtils.java:logGet(43)) - raft.server.retrycache.expirytime = 600000ms (custom)
2019-09-20 08:46:09,684 [pool-60-thread-1] INFO  impl.RaftServerImpl (RaftServerImpl.java:start(180)) - a3bf3c1a-4063-48f8-b1bd-e321780611c4: start group-6D32FAE766E9
2019-09-20 08:46:09,684 [pool-60-thread-1] INFO  impl.RaftServerImpl (RaftServerImpl.java:setRole(171)) - a3bf3c1a-4063-48f8-b1bd-e321780611c4:group-6D32FAE766E9 changes role from null to FOLLOWER at term 0 for startAsFollower
2019-09-20 08:46:09,684 [pool-60-thread-1] INFO  impl.RoleInfo (RoleInfo.java:updateAndGet(143)) - a3bf3c1a-4063-48f8-b1bd-e321780611c4: start FollowerState
2019-09-20 08:46:09,685 [pool-60-thread-1] INFO  util.JmxRegister (JmxRegister.java:tryRegister(44)) - Successfully registered JMX Bean with object name Ratis:service=RaftServer,group=group-6D32FAE766E9,id=a3bf3c1a-4063-48f8-b1bd-e321780611c4
2019-09-20 08:46:09,691 [RatisPipelineUtilsThread] INFO  pipeline.PipelineStateManager (PipelineStateManager.java:addPipeline(56)) - Created pipeline Pipeline[ Id: 5f5f0c0b-ff6b-40d7-abe0-6d32fae766e9, Nodes: a3bf3c1a-4063-48f8-b1bd-e321780611c4{ip: 192.168.36.79, host: pr-hdds-1569-s8kj2-2266485376, networkLocation: /default-rack, certSerialId: null}, Type:RATIS, Factor:ONE, State:OPEN]
2019-09-20 08:46:09,707 [grpc-default-executor-0] INFO  impl.RaftServerProxy (RaftServerProxy.java:addNew(89)) - 0d845cc3-b0d9-47c5-b935-74fa0be2c903: addNew group-D24ACF692825:[0d845cc3-b0d9-47c5-b935-74fa0be2c903:192.168.36.79:38257] returns group-D24ACF692825:java.util.concurrent.CompletableFuture@ea372b8[Not completed]
2019-09-20 08:46:09,709 [pool-82-thread-1] INFO  impl.RaftServerImpl (RaftServerImpl.java:<init>(93)) - 0d845cc3-b0d9-47c5-b935-74fa0be2c903: new RaftServerImpl for group-D24ACF692825:[0d845cc3-b0d9-47c5-b935-74fa0be2c903:192.168.36.79:38257] with ContainerStateMachine:uninitialized
2019-09-20 08:46:09,709 [pool-82-thread-1] INFO  server.RaftServerConfigKeys (ConfUtils.java:logGet(43)) - raft.server.rpc.timeout.min = 5s (custom)
2019-09-20 08:46:09,709 [pool-82-thread-1] INFO  server.RaftServerConfigKeys (ConfUtils.java:logGet(43)) - raft.server.rpc.timeout.max = 5200ms (custom)
2019-09-20 08:46:09,710 [pool-82-thread-1] INFO  server.RaftServerConfigKeys (ConfUtils.java:logGet(43)) - raft.server.rpcslowness.timeout = 120s (custom)
2019-09-20 08:46:09,710 [pool-82-thread-1] INFO  server.RaftServerConfigKeys (ConfUtils.java:logGet(43)) - raft.server.sleep.deviation.threshold = 300 (default)
2019-09-20 08:46:09,710 [pool-82-thread-1] INFO  server.RaftServerConfigKeys (ConfUtils.java:logGet(43)) - raft.server.log.appender.install.snapshot.enabled = false (custom)
2019-09-20 08:46:09,710 [pool-82-thread-1] INFO  impl.RaftServerImpl (ServerState.java:<init>(105)) - 0d845cc3-b0d9-47c5-b935-74fa0be2c903:group-D24ACF692825 ConfigurationManager, init=-1: [0d845cc3-b0d9-47c5-b935-74fa0be2c903:192.168.36.79:38257], old=null, confs=<EMPTY_MAP>
2019-09-20 08:46:09,710 [pool-82-thread-1] INFO  server.RaftServerConfigKeys (ConfUtils.java:logGet(43)) - raft.server.storage.dir = [/workdir/hadoop-ozone/ozonefs/target/test-dir/MiniOzoneClusterImpl-da5888fd-c692-4355-82c4-91aa98cbf569/datanode-5/data/ratis] (custom)
2019-09-20 08:46:09,711 [pool-82-thread-1] INFO  storage.RaftStorageDirectory (RaftStorageDirectory.java:analyzeStorage(246)) - The storage directory /workdir/hadoop-ozone/ozonefs/target/test-dir/MiniOzoneClusterImpl-da5888fd-c692-4355-82c4-91aa98cbf569/datanode-5/data/ratis/497d400a-2075-4d0c-bfbd-d24acf692825 does not exist. Creating ...
2019-09-20 08:46:09,736 [pool-82-thread-1] INFO  storage.RaftStorageDirectory (RaftStorageDirectory.java:tryLock(328)) - Lock on /workdir/hadoop-ozone/ozonefs/target/test-dir/MiniOzoneClusterImpl-da5888fd-c692-4355-82c4-91aa98cbf569/datanode-5/data/ratis/497d400a-2075-4d0c-bfbd-d24acf692825/in_use.lock acquired by nodename 7820@pr-hdds-1569-s8kj2-2266485376
2019-09-20 08:46:09,737 | INFO  | SCMAudit | user=jenkins1000 | ip=192.168.36.79 | op=SEND_HEARTBEAT {datanodeUUID=e997423e-4090-4042-87ee-7419d4cf7365, command=[]} | ret=SUCCESS |  
2019-09-20 08:46:09,791 [main] INFO  ozone.MiniOzoneClusterImpl (MiniOzoneClusterImpl.java:lambda$waitForClusterToBeReady$0(142)) - Cluster is ready. Got 10 of 10 DN Heartbeats.
2019-09-20 08:46:09,794 [pool-82-thread-1] INFO  storage.RaftStorage (RaftStorage.java:format(72)) - Storage directory /workdir/hadoop-ozone/ozonefs/target/test-dir/MiniOzoneClusterImpl-da5888fd-c692-4355-82c4-91aa98cbf569/datanode-5/data/ratis/497d400a-2075-4d0c-bfbd-d24acf692825 has been successfully formatted.
2019-09-20 08:46:09,795 [pool-82-thread-1] INFO  ratis.ContainerStateMachine (ContainerStateMachine.java:loadSnapshot(226)) - group-D24ACF692825: The snapshot info is null. Setting the last applied indexto:(t:0, i:~)
2019-09-20 08:46:09,795 [pool-82-thread-1] INFO  server.RaftServerConfigKeys (ConfUtils.java:logGet(43)) - raft.server.leader.election.timeout = 120s (custom)
2019-09-20 08:46:09,795 [pool-82-thread-1] INFO  server.RaftServerConfigKeys (ConfUtils.java:logGet(43)) - raft.server.log.use.memory = false (default)
2019-09-20 08:46:09,795 [pool-82-thread-1] INFO  server.RaftServerConfigKeys (ConfUtils.java:logGet(43)) - raft.server.log.purge.gap = 1000000 (custom)
2019-09-20 08:46:09,795 [pool-82-thread-1] INFO  server.RaftServerConfigKeys (ConfUtils.java:logGet(43)) - raft.server.log.appender.buffer.byte-limit = 33554432 (custom)
2019-09-20 08:46:09,796 [pool-82-thread-1] INFO  server.RaftServerConfigKeys (ConfUtils.java:logGet(43)) - raft.server.log.segment.size.max = 1048576 (custom)
2019-09-20 08:46:09,796 [pool-82-thread-1] INFO  server.RaftServerConfigKeys (ConfUtils.java:logGet(43)) - raft.server.log.segment.cache.num.max = 2 (custom)
2019-09-20 08:46:09,796 [pool-82-thread-1] INFO  segmented.SegmentedRaftLogWorker (SegmentedRaftLogWorker.java:<init>(172)) - new 0d845cc3-b0d9-47c5-b935-74fa0be2c903-SegmentedRaftLogWorker:Storage Directory /workdir/hadoop-ozone/ozonefs/target/test-dir/MiniOzoneClusterImpl-da5888fd-c692-4355-82c4-91aa98cbf569/datanode-5/data/ratis/497d400a-2075-4d0c-bfbd-d24acf692825 for RaftStorage:Storage Directory /workdir/hadoop-ozone/ozonefs/target/test-dir/MiniOzoneClusterImpl-da5888fd-c692-4355-82c4-91aa98cbf569/datanode-5/data/ratis/497d400a-2075-4d0c-bfbd-d24acf692825
2019-09-20 08:46:09,796 [pool-82-thread-1] INFO  server.RaftServerConfigKeys (ConfUtils.java:logGet(43)) - raft.server.log.queue.byte-limit = 2147483647 (custom)
2019-09-20 08:46:09,796 [pool-82-thread-1] INFO  server.RaftServerConfigKeys (ConfUtils.java:logGet(43)) - raft.server.log.queue.element-limit = 1024 (custom)
2019-09-20 08:46:09,797 [pool-82-thread-1] INFO  server.RaftServerConfigKeys (ConfUtils.java:logGet(43)) - raft.server.log.segment.size.max = 1048576 (custom)
2019-09-20 08:46:09,797 [pool-82-thread-1] INFO  server.RaftServerConfigKeys (ConfUtils.java:logGet(43)) - raft.server.log.preallocated.size = 16384 (custom)
2019-09-20 08:46:09,797 [pool-82-thread-1] INFO  server.RaftServerConfigKeys (ConfUtils.java:logGet(43)) - raft.server.log.write.buffer.size = 33554432 (custom)
2019-09-20 08:46:09,797 [pool-82-thread-1] INFO  server.RaftServerConfigKeys (ConfUtils.java:logGet(43)) - raft.server.log.force.sync.num = 128 (default)
2019-09-20 08:46:09,797 [pool-82-thread-1] INFO  server.RaftServerConfigKeys (ConfUtils.java:logGet(43)) - raft.server.log.statemachine.data.sync = true (default)
2019-09-20 08:46:09,798 [pool-82-thread-1] INFO  server.RaftServerConfigKeys (ConfUtils.java:logGet(43)) - raft.server.log.statemachine.data.sync.timeout = 10s (default)
2019-09-20 08:46:09,798 [pool-82-thread-1] INFO  server.RaftServerConfigKeys (ConfUtils.java:logGet(43)) - raft.server.log.statemachine.data.sync.timeout.retry = -1 (default)
2019-09-20 08:46:09,798 [pool-82-thread-1] INFO  server.RaftServerConfigKeys (ConfUtils.java:logGet(43)) - raft.server.log.statemachine.data.caching.enabled = true (custom)
2019-09-20 08:46:09,798 [pool-82-thread-1] INFO  segmented.SegmentedRaftLogWorker (SegmentedRaftLogWorker.java:lambda$new$0(132)) - 0d845cc3-b0d9-47c5-b935-74fa0be2c903-SegmentedRaftLogWorker:Storage Directory /workdir/hadoop-ozone/ozonefs/target/test-dir/MiniOzoneClusterImpl-da5888fd-c692-4355-82c4-91aa98cbf569/datanode-5/data/ratis/497d400a-2075-4d0c-bfbd-d24acf692825: flushIndex: setUnconditionally 0 -> -1
2019-09-20 08:46:09,799 [pool-82-thread-1] INFO  server.RaftServerConfigKeys (ConfUtils.java:logGet(43)) - raft.server.snapshot.auto.trigger.enabled = true (custom)
2019-09-20 08:46:09,799 [pool-82-thread-1] INFO  server.RaftServerConfigKeys (ConfUtils.java:logGet(43)) - raft.server.snapshot.auto.trigger.threshold = 10000 (custom)
2019-09-20 08:46:09,799 [pool-82-thread-1] INFO  server.RaftServerConfigKeys (ConfUtils.java:logGet(43)) - raft.server.retrycache.expirytime = 600000ms (custom)
2019-09-20 08:46:09,800 [pool-82-thread-1] INFO  impl.RaftServerImpl (RaftServerImpl.java:start(180)) - 0d845cc3-b0d9-47c5-b935-74fa0be2c903: start group-D24ACF692825
2019-09-20 08:46:09,800 [pool-82-thread-1] INFO  impl.RaftServerImpl (RaftServerImpl.java:setRole(171)) - 0d845cc3-b0d9-47c5-b935-74fa0be2c903:group-D24ACF692825 changes role from null to FOLLOWER at term 0 for startAsFollower
2019-09-20 08:46:09,800 [pool-82-thread-1] INFO  impl.RoleInfo (RoleInfo.java:updateAndGet(143)) - 0d845cc3-b0d9-47c5-b935-74fa0be2c903: start FollowerState
2019-09-20 08:46:09,801 [pool-82-thread-1] INFO  util.JmxRegister (JmxRegister.java:tryRegister(44)) - Successfully registered JMX Bean with object name Ratis:service=RaftServer,group=group-D24ACF692825,id=0d845cc3-b0d9-47c5-b935-74fa0be2c903
2019-09-20 08:46:09,807 [RatisPipelineUtilsThread] INFO  pipeline.PipelineStateManager (PipelineStateManager.java:addPipeline(56)) - Created pipeline Pipeline[ Id: 497d400a-2075-4d0c-bfbd-d24acf692825, Nodes: 0d845cc3-b0d9-47c5-b935-74fa0be2c903{ip: 192.168.36.79, host: pr-hdds-1569-s8kj2-2266485376, networkLocation: /default-rack, certSerialId: null}, Type:RATIS, Factor:ONE, State:OPEN]
2019-09-20 08:46:09,823 [grpc-default-executor-0] INFO  impl.RaftServerProxy (RaftServerProxy.java:addNew(89)) - a3bf3c1a-4063-48f8-b1bd-e321780611c4: addNew group-4A435684A73A:[a3bf3c1a-4063-48f8-b1bd-e321780611c4:192.168.36.79:36591] returns group-4A435684A73A:java.util.concurrent.CompletableFuture@4e8e5ce7[Not completed]
2019-09-20 08:46:09,825 [pool-60-thread-1] INFO  impl.RaftServerImpl (RaftServerImpl.java:<init>(93)) - a3bf3c1a-4063-48f8-b1bd-e321780611c4: new RaftServerImpl for group-4A435684A73A:[a3bf3c1a-4063-48f8-b1bd-e321780611c4:192.168.36.79:36591] with ContainerStateMachine:uninitialized
2019-09-20 08:46:09,826 [pool-60-thread-1] INFO  server.RaftServerConfigKeys (ConfUtils.java:logGet(43)) - raft.server.rpc.timeout.min = 5s (custom)
2019-09-20 08:46:09,826 [pool-60-thread-1] INFO  server.RaftServerConfigKeys (ConfUtils.java:logGet(43)) - raft.server.rpc.timeout.max = 5200ms (custom)
2019-09-20 08:46:09,826 [pool-60-thread-1] INFO  server.RaftServerConfigKeys (ConfUtils.java:logGet(43)) - raft.server.rpcslowness.timeout = 120s (custom)
2019-09-20 08:46:09,826 [pool-60-thread-1] INFO  server.RaftServerConfigKeys (ConfUtils.java:logGet(43)) - raft.server.sleep.deviation.threshold = 300 (default)
2019-09-20 08:46:09,826 [pool-60-thread-1] INFO  server.RaftServerConfigKeys (ConfUtils.java:logGet(43)) - raft.server.log.appender.install.snapshot.enabled = false (custom)
2019-09-20 08:46:09,827 [pool-60-thread-1] INFO  impl.RaftServerImpl (ServerState.java:<init>(105)) - a3bf3c1a-4063-48f8-b1bd-e321780611c4:group-4A435684A73A ConfigurationManager, init=-1: [a3bf3c1a-4063-48f8-b1bd-e321780611c4:192.168.36.79:36591], old=null, confs=<EMPTY_MAP>
2019-09-20 08:46:09,827 [pool-60-thread-1] INFO  server.RaftServerConfigKeys (ConfUtils.java:logGet(43)) - raft.server.storage.dir = [/workdir/hadoop-ozone/ozonefs/target/test-dir/MiniOzoneClusterImpl-da5888fd-c692-4355-82c4-91aa98cbf569/datanode-3/data/ratis] (custom)
2019-09-20 08:46:09,827 [pool-60-thread-1] INFO  storage.RaftStorageDirectory (RaftStorageDirectory.java:analyzeStorage(246)) - The storage directory /workdir/hadoop-ozone/ozonefs/target/test-dir/MiniOzoneClusterImpl-da5888fd-c692-4355-82c4-91aa98cbf569/datanode-3/data/ratis/30573a8f-ac0d-4ecd-9640-4a435684a73a does not exist. Creating ...
2019-09-20 08:46:09,869 [pool-60-thread-1] INFO  storage.RaftStorageDirectory (RaftStorageDirectory.java:tryLock(328)) - Lock on /workdir/hadoop-ozone/ozonefs/target/test-dir/MiniOzoneClusterImpl-da5888fd-c692-4355-82c4-91aa98cbf569/datanode-3/data/ratis/30573a8f-ac0d-4ecd-9640-4a435684a73a/in_use.lock acquired by nodename 7820@pr-hdds-1569-s8kj2-2266485376
2019-09-20 08:46:09,911 [pool-60-thread-1] INFO  storage.RaftStorage (RaftStorage.java:format(72)) - Storage directory /workdir/hadoop-ozone/ozonefs/target/test-dir/MiniOzoneClusterImpl-da5888fd-c692-4355-82c4-91aa98cbf569/datanode-3/data/ratis/30573a8f-ac0d-4ecd-9640-4a435684a73a has been successfully formatted.
2019-09-20 08:46:09,912 [pool-60-thread-1] INFO  ratis.ContainerStateMachine (ContainerStateMachine.java:loadSnapshot(226)) - group-4A435684A73A: The snapshot info is null. Setting the last applied indexto:(t:0, i:~)
2019-09-20 08:46:09,912 [pool-60-thread-1] INFO  server.RaftServerConfigKeys (ConfUtils.java:logGet(43)) - raft.server.leader.election.timeout = 120s (custom)
2019-09-20 08:46:09,912 [pool-60-thread-1] INFO  server.RaftServerConfigKeys (ConfUtils.java:logGet(43)) - raft.server.log.use.memory = false (default)
2019-09-20 08:46:09,912 [pool-60-thread-1] INFO  server.RaftServerConfigKeys (ConfUtils.java:logGet(43)) - raft.server.log.purge.gap = 1000000 (custom)
2019-09-20 08:46:09,912 [pool-60-thread-1] INFO  server.RaftServerConfigKeys (ConfUtils.java:logGet(43)) - raft.server.log.appender.buffer.byte-limit = 33554432 (custom)
2019-09-20 08:46:09,913 [pool-60-thread-1] INFO  server.RaftServerConfigKeys (ConfUtils.java:logGet(43)) - raft.server.log.segment.size.max = 1048576 (custom)
2019-09-20 08:46:09,913 [pool-60-thread-1] INFO  server.RaftServerConfigKeys (ConfUtils.java:logGet(43)) - raft.server.log.segment.cache.num.max = 2 (custom)
2019-09-20 08:46:09,913 [pool-60-thread-1] INFO  segmented.SegmentedRaftLogWorker (SegmentedRaftLogWorker.java:<init>(172)) - new a3bf3c1a-4063-48f8-b1bd-e321780611c4-SegmentedRaftLogWorker:Storage Directory /workdir/hadoop-ozone/ozonefs/target/test-dir/MiniOzoneClusterImpl-da5888fd-c692-4355-82c4-91aa98cbf569/datanode-3/data/ratis/30573a8f-ac0d-4ecd-9640-4a435684a73a for RaftStorage:Storage Directory /workdir/hadoop-ozone/ozonefs/target/test-dir/MiniOzoneClusterImpl-da5888fd-c692-4355-82c4-91aa98cbf569/datanode-3/data/ratis/30573a8f-ac0d-4ecd-9640-4a435684a73a
2019-09-20 08:46:09,913 [pool-60-thread-1] INFO  server.RaftServerConfigKeys (ConfUtils.java:logGet(43)) - raft.server.log.queue.byte-limit = 2147483647 (custom)
2019-09-20 08:46:09,913 [pool-60-thread-1] INFO  server.RaftServerConfigKeys (ConfUtils.java:logGet(43)) - raft.server.log.queue.element-limit = 1024 (custom)
2019-09-20 08:46:09,914 [pool-60-thread-1] INFO  server.RaftServerConfigKeys (ConfUtils.java:logGet(43)) - raft.server.log.segment.size.max = 1048576 (custom)
2019-09-20 08:46:09,914 [pool-60-thread-1] INFO  server.RaftServerConfigKeys (ConfUtils.java:logGet(43)) - raft.server.log.preallocated.size = 16384 (custom)
2019-09-20 08:46:09,914 [pool-60-thread-1] INFO  server.RaftServerConfigKeys (ConfUtils.java:logGet(43)) - raft.server.log.write.buffer.size = 33554432 (custom)
2019-09-20 08:46:09,914 [pool-60-thread-1] INFO  server.RaftServerConfigKeys (ConfUtils.java:logGet(43)) - raft.server.log.force.sync.num = 128 (default)
2019-09-20 08:46:09,915 [pool-60-thread-1] INFO  server.RaftServerConfigKeys (ConfUtils.java:logGet(43)) - raft.server.log.statemachine.data.sync = true (default)
2019-09-20 08:46:09,915 [pool-60-thread-1] INFO  server.RaftServerConfigKeys (ConfUtils.java:logGet(43)) - raft.server.log.statemachine.data.sync.timeout = 10s (default)
2019-09-20 08:46:09,915 [pool-60-thread-1] INFO  server.RaftServerConfigKeys (ConfUtils.java:logGet(43)) - raft.server.log.statemachine.data.sync.timeout.retry = -1 (default)
2019-09-20 08:46:09,915 [pool-60-thread-1] INFO  server.RaftServerConfigKeys (ConfUtils.java:logGet(43)) - raft.server.log.statemachine.data.caching.enabled = true (custom)
2019-09-20 08:46:09,916 [pool-60-thread-1] INFO  segmented.SegmentedRaftLogWorker (SegmentedRaftLogWorker.java:lambda$new$0(132)) - a3bf3c1a-4063-48f8-b1bd-e321780611c4-SegmentedRaftLogWorker:Storage Directory /workdir/hadoop-ozone/ozonefs/target/test-dir/MiniOzoneClusterImpl-da5888fd-c692-4355-82c4-91aa98cbf569/datanode-3/data/ratis/30573a8f-ac0d-4ecd-9640-4a435684a73a: flushIndex: setUnconditionally 0 -> -1
2019-09-20 08:46:09,916 [pool-60-thread-1] INFO  server.RaftServerConfigKeys (ConfUtils.java:logGet(43)) - raft.server.snapshot.auto.trigger.enabled = true (custom)
2019-09-20 08:46:09,916 [pool-60-thread-1] INFO  server.RaftServerConfigKeys (ConfUtils.java:logGet(43)) - raft.server.snapshot.auto.trigger.threshold = 10000 (custom)
2019-09-20 08:46:09,917 [pool-60-thread-1] INFO  server.RaftServerConfigKeys (ConfUtils.java:logGet(43)) - raft.server.retrycache.expirytime = 600000ms (custom)
2019-09-20 08:46:09,917 [pool-60-thread-1] INFO  impl.RaftServerImpl (RaftServerImpl.java:start(180)) - a3bf3c1a-4063-48f8-b1bd-e321780611c4: start group-4A435684A73A
2019-09-20 08:46:09,917 [pool-60-thread-1] INFO  impl.RaftServerImpl (RaftServerImpl.java:setRole(171)) - a3bf3c1a-4063-48f8-b1bd-e321780611c4:group-4A435684A73A changes role from null to FOLLOWER at term 0 for startAsFollower
2019-09-20 08:46:09,918 [pool-60-thread-1] INFO  impl.RoleInfo (RoleInfo.java:updateAndGet(143)) - a3bf3c1a-4063-48f8-b1bd-e321780611c4: start FollowerState
2019-09-20 08:46:09,922 [pool-60-thread-1] INFO  util.JmxRegister (JmxRegister.java:tryRegister(44)) - Successfully registered JMX Bean with object name Ratis:service=RaftServer,group=group-4A435684A73A,id=a3bf3c1a-4063-48f8-b1bd-e321780611c4
2019-09-20 08:46:09,923 | INFO  | SCMAudit | user=jenkins1000 | ip=192.168.36.79 | op=SEND_HEARTBEAT {datanodeUUID=0d845cc3-b0d9-47c5-b935-74fa0be2c903, command=[]} | ret=SUCCESS |  
2019-09-20 08:46:09,929 [RatisPipelineUtilsThread] INFO  pipeline.PipelineStateManager (PipelineStateManager.java:addPipeline(56)) - Created pipeline Pipeline[ Id: 30573a8f-ac0d-4ecd-9640-4a435684a73a, Nodes: a3bf3c1a-4063-48f8-b1bd-e321780611c4{ip: 192.168.36.79, host: pr-hdds-1569-s8kj2-2266485376, networkLocation: /default-rack, certSerialId: null}, Type:RATIS, Factor:ONE, State:OPEN]
2019-09-20 08:46:09,951 [grpc-default-executor-0] INFO  impl.RaftServerProxy (RaftServerProxy.java:addNew(89)) - a3bf3c1a-4063-48f8-b1bd-e321780611c4: addNew group-E51569FA75CC:[a3bf3c1a-4063-48f8-b1bd-e321780611c4:192.168.36.79:36591] returns group-E51569FA75CC:java.util.concurrent.CompletableFuture@2875ba63[Not completed]
2019-09-20 08:46:09,952 [pool-60-thread-1] INFO  impl.RaftServerImpl (RaftServerImpl.java:<init>(93)) - a3bf3c1a-4063-48f8-b1bd-e321780611c4: new RaftServerImpl for group-E51569FA75CC:[a3bf3c1a-4063-48f8-b1bd-e321780611c4:192.168.36.79:36591] with ContainerStateMachine:uninitialized
2019-09-20 08:46:09,953 [pool-60-thread-1] INFO  server.RaftServerConfigKeys (ConfUtils.java:logGet(43)) - raft.server.rpc.timeout.min = 5s (custom)
2019-09-20 08:46:09,953 [pool-60-thread-1] INFO  server.RaftServerConfigKeys (ConfUtils.java:logGet(43)) - raft.server.rpc.timeout.max = 5200ms (custom)
2019-09-20 08:46:09,953 [pool-60-thread-1] INFO  server.RaftServerConfigKeys (ConfUtils.java:logGet(43)) - raft.server.rpcslowness.timeout = 120s (custom)
2019-09-20 08:46:09,953 [pool-60-thread-1] INFO  server.RaftServerConfigKeys (ConfUtils.java:logGet(43)) - raft.server.sleep.deviation.threshold = 300 (default)
2019-09-20 08:46:09,953 [pool-60-thread-1] INFO  server.RaftServerConfigKeys (ConfUtils.java:logGet(43)) - raft.server.log.appender.install.snapshot.enabled = false (custom)
2019-09-20 08:46:09,954 [pool-60-thread-1] INFO  impl.RaftServerImpl (ServerState.java:<init>(105)) - a3bf3c1a-4063-48f8-b1bd-e321780611c4:group-E51569FA75CC ConfigurationManager, init=-1: [a3bf3c1a-4063-48f8-b1bd-e321780611c4:192.168.36.79:36591], old=null, confs=<EMPTY_MAP>
2019-09-20 08:46:09,954 [pool-60-thread-1] INFO  server.RaftServerConfigKeys (ConfUtils.java:logGet(43)) - raft.server.storage.dir = [/workdir/hadoop-ozone/ozonefs/target/test-dir/MiniOzoneClusterImpl-da5888fd-c692-4355-82c4-91aa98cbf569/datanode-3/data/ratis] (custom)
2019-09-20 08:46:09,954 [pool-60-thread-1] INFO  storage.RaftStorageDirectory (RaftStorageDirectory.java:analyzeStorage(246)) - The storage directory /workdir/hadoop-ozone/ozonefs/target/test-dir/MiniOzoneClusterImpl-da5888fd-c692-4355-82c4-91aa98cbf569/datanode-3/data/ratis/458db07e-2803-4357-81a0-e51569fa75cc does not exist. Creating ...
2019-09-20 08:46:09,978 [pool-60-thread-1] INFO  storage.RaftStorageDirectory (RaftStorageDirectory.java:tryLock(328)) - Lock on /workdir/hadoop-ozone/ozonefs/target/test-dir/MiniOzoneClusterImpl-da5888fd-c692-4355-82c4-91aa98cbf569/datanode-3/data/ratis/458db07e-2803-4357-81a0-e51569fa75cc/in_use.lock acquired by nodename 7820@pr-hdds-1569-s8kj2-2266485376
2019-09-20 08:46:09,995 [pool-60-thread-1] INFO  storage.RaftStorage (RaftStorage.java:format(72)) - Storage directory /workdir/hadoop-ozone/ozonefs/target/test-dir/MiniOzoneClusterImpl-da5888fd-c692-4355-82c4-91aa98cbf569/datanode-3/data/ratis/458db07e-2803-4357-81a0-e51569fa75cc has been successfully formatted.
2019-09-20 08:46:09,995 [pool-60-thread-1] INFO  ratis.ContainerStateMachine (ContainerStateMachine.java:loadSnapshot(226)) - group-E51569FA75CC: The snapshot info is null. Setting the last applied indexto:(t:0, i:~)
2019-09-20 08:46:09,996 [pool-60-thread-1] INFO  server.RaftServerConfigKeys (ConfUtils.java:logGet(43)) - raft.server.leader.election.timeout = 120s (custom)
2019-09-20 08:46:09,996 [pool-60-thread-1] INFO  server.RaftServerConfigKeys (ConfUtils.java:logGet(43)) - raft.server.log.use.memory = false (default)
2019-09-20 08:46:09,996 [pool-60-thread-1] INFO  server.RaftServerConfigKeys (ConfUtils.java:logGet(43)) - raft.server.log.purge.gap = 1000000 (custom)
2019-09-20 08:46:09,996 [pool-60-thread-1] INFO  server.RaftServerConfigKeys (ConfUtils.java:logGet(43)) - raft.server.log.appender.buffer.byte-limit = 33554432 (custom)
2019-09-20 08:46:09,997 [pool-60-thread-1] INFO  server.RaftServerConfigKeys (ConfUtils.java:logGet(43)) - raft.server.log.segment.size.max = 1048576 (custom)
2019-09-20 08:46:09,997 [pool-60-thread-1] INFO  server.RaftServerConfigKeys (ConfUtils.java:logGet(43)) - raft.server.log.segment.cache.num.max = 2 (custom)
2019-09-20 08:46:09,997 [pool-60-thread-1] INFO  segmented.SegmentedRaftLogWorker (SegmentedRaftLogWorker.java:<init>(172)) - new a3bf3c1a-4063-48f8-b1bd-e321780611c4-SegmentedRaftLogWorker:Storage Directory /workdir/hadoop-ozone/ozonefs/target/test-dir/MiniOzoneClusterImpl-da5888fd-c692-4355-82c4-91aa98cbf569/datanode-3/data/ratis/458db07e-2803-4357-81a0-e51569fa75cc for RaftStorage:Storage Directory /workdir/hadoop-ozone/ozonefs/target/test-dir/MiniOzoneClusterImpl-da5888fd-c692-4355-82c4-91aa98cbf569/datanode-3/data/ratis/458db07e-2803-4357-81a0-e51569fa75cc
2019-09-20 08:46:09,997 [pool-60-thread-1] INFO  server.RaftServerConfigKeys (ConfUtils.java:logGet(43)) - raft.server.log.queue.byte-limit = 2147483647 (custom)
2019-09-20 08:46:09,997 [pool-60-thread-1] INFO  server.RaftServerConfigKeys (ConfUtils.java:logGet(43)) - raft.server.log.queue.element-limit = 1024 (custom)
2019-09-20 08:46:09,998 [pool-60-thread-1] INFO  server.RaftServerConfigKeys (ConfUtils.java:logGet(43)) - raft.server.log.segment.size.max = 1048576 (custom)
2019-09-20 08:46:09,998 [pool-60-thread-1] INFO  server.RaftServerConfigKeys (ConfUtils.java:logGet(43)) - raft.server.log.preallocated.size = 16384 (custom)
2019-09-20 08:46:09,998 [pool-60-thread-1] INFO  server.RaftServerConfigKeys (ConfUtils.java:logGet(43)) - raft.server.log.write.buffer.size = 33554432 (custom)
2019-09-20 08:46:09,998 [pool-60-thread-1] INFO  server.RaftServerConfigKeys (ConfUtils.java:logGet(43)) - raft.server.log.force.sync.num = 128 (default)
2019-09-20 08:46:09,998 [pool-60-thread-1] INFO  server.RaftServerConfigKeys (ConfUtils.java:logGet(43)) - raft.server.log.statemachine.data.sync = true (default)
2019-09-20 08:46:09,999 [pool-60-thread-1] INFO  server.RaftServerConfigKeys (ConfUtils.java:logGet(43)) - raft.server.log.statemachine.data.sync.timeout = 10s (default)
2019-09-20 08:46:09,999 [pool-60-thread-1] INFO  server.RaftServerConfigKeys (ConfUtils.java:logGet(43)) - raft.server.log.statemachine.data.sync.timeout.retry = -1 (default)
2019-09-20 08:46:09,999 [pool-60-thread-1] INFO  server.RaftServerConfigKeys (ConfUtils.java:logGet(43)) - raft.server.log.statemachine.data.caching.enabled = true (custom)
2019-09-20 08:46:09,999 [pool-60-thread-1] INFO  segmented.SegmentedRaftLogWorker (SegmentedRaftLogWorker.java:lambda$new$0(132)) - a3bf3c1a-4063-48f8-b1bd-e321780611c4-SegmentedRaftLogWorker:Storage Directory /workdir/hadoop-ozone/ozonefs/target/test-dir/MiniOzoneClusterImpl-da5888fd-c692-4355-82c4-91aa98cbf569/datanode-3/data/ratis/458db07e-2803-4357-81a0-e51569fa75cc: flushIndex: setUnconditionally 0 -> -1
2019-09-20 08:46:10,000 [pool-60-thread-1] INFO  server.RaftServerConfigKeys (ConfUtils.java:logGet(43)) - raft.server.snapshot.auto.trigger.enabled = true (custom)
2019-09-20 08:46:10,000 [pool-60-thread-1] INFO  server.RaftServerConfigKeys (ConfUtils.java:logGet(43)) - raft.server.snapshot.auto.trigger.threshold = 10000 (custom)
2019-09-20 08:46:10,000 [pool-60-thread-1] INFO  server.RaftServerConfigKeys (ConfUtils.java:logGet(43)) - raft.server.retrycache.expirytime = 600000ms (custom)
2019-09-20 08:46:10,001 [pool-60-thread-1] INFO  impl.RaftServerImpl (RaftServerImpl.java:start(180)) - a3bf3c1a-4063-48f8-b1bd-e321780611c4: start group-E51569FA75CC
2019-09-20 08:46:10,001 [pool-60-thread-1] INFO  impl.RaftServerImpl (RaftServerImpl.java:setRole(171)) - a3bf3c1a-4063-48f8-b1bd-e321780611c4:group-E51569FA75CC changes role from null to FOLLOWER at term 0 for startAsFollower
2019-09-20 08:46:10,001 [pool-60-thread-1] INFO  impl.RoleInfo (RoleInfo.java:updateAndGet(143)) - a3bf3c1a-4063-48f8-b1bd-e321780611c4: start FollowerState
2019-09-20 08:46:10,001 [pool-60-thread-1] INFO  util.JmxRegister (JmxRegister.java:tryRegister(44)) - Successfully registered JMX Bean with object name Ratis:service=RaftServer,group=group-E51569FA75CC,id=a3bf3c1a-4063-48f8-b1bd-e321780611c4
2019-09-20 08:46:10,020 [RatisPipelineUtilsThread] INFO  pipeline.PipelineStateManager (PipelineStateManager.java:addPipeline(56)) - Created pipeline Pipeline[ Id: 458db07e-2803-4357-81a0-e51569fa75cc, Nodes: a3bf3c1a-4063-48f8-b1bd-e321780611c4{ip: 192.168.36.79, host: pr-hdds-1569-s8kj2-2266485376, networkLocation: /default-rack, certSerialId: null}, Type:RATIS, Factor:ONE, State:OPEN]
2019-09-20 08:46:10,068 [grpc-default-executor-0] INFO  impl.RaftServerProxy (RaftServerProxy.java:addNew(89)) - e997423e-4090-4042-87ee-7419d4cf7365: addNew group-38AE2DC86969:[e997423e-4090-4042-87ee-7419d4cf7365:192.168.36.79:35366] returns group-38AE2DC86969:java.util.concurrent.CompletableFuture@4b5de68d[Not completed]
2019-09-20 08:46:10,070 [pool-38-thread-1] INFO  impl.RaftServerImpl (RaftServerImpl.java:<init>(93)) - e997423e-4090-4042-87ee-7419d4cf7365: new RaftServerImpl for group-38AE2DC86969:[e997423e-4090-4042-87ee-7419d4cf7365:192.168.36.79:35366] with ContainerStateMachine:uninitialized
2019-09-20 08:46:10,070 [pool-38-thread-1] INFO  server.RaftServerConfigKeys (ConfUtils.java:logGet(43)) - raft.server.rpc.timeout.min = 5s (custom)
2019-09-20 08:46:10,071 [pool-38-thread-1] INFO  server.RaftServerConfigKeys (ConfUtils.java:logGet(43)) - raft.server.rpc.timeout.max = 5200ms (custom)
2019-09-20 08:46:10,071 [pool-38-thread-1] INFO  server.RaftServerConfigKeys (ConfUtils.java:logGet(43)) - raft.server.rpcslowness.timeout = 120s (custom)
2019-09-20 08:46:10,071 [pool-38-thread-1] INFO  server.RaftServerConfigKeys (ConfUtils.java:logGet(43)) - raft.server.sleep.deviation.threshold = 300 (default)
2019-09-20 08:46:10,071 [pool-38-thread-1] INFO  server.RaftServerConfigKeys (ConfUtils.java:logGet(43)) - raft.server.log.appender.install.snapshot.enabled = false (custom)
2019-09-20 08:46:10,071 [pool-38-thread-1] INFO  impl.RaftServerImpl (ServerState.java:<init>(105)) - e997423e-4090-4042-87ee-7419d4cf7365:group-38AE2DC86969 ConfigurationManager, init=-1: [e997423e-4090-4042-87ee-7419d4cf7365:192.168.36.79:35366], old=null, confs=<EMPTY_MAP>
2019-09-20 08:46:10,072 [pool-38-thread-1] INFO  server.RaftServerConfigKeys (ConfUtils.java:logGet(43)) - raft.server.storage.dir = [/workdir/hadoop-ozone/ozonefs/target/test-dir/MiniOzoneClusterImpl-da5888fd-c692-4355-82c4-91aa98cbf569/datanode-1/data/ratis] (custom)
2019-09-20 08:46:10,072 [pool-38-thread-1] INFO  storage.RaftStorageDirectory (RaftStorageDirectory.java:analyzeStorage(246)) - The storage directory /workdir/hadoop-ozone/ozonefs/target/test-dir/MiniOzoneClusterImpl-da5888fd-c692-4355-82c4-91aa98cbf569/datanode-1/data/ratis/abb5b3aa-71df-462d-8fe0-38ae2dc86969 does not exist. Creating ...
2019-09-20 08:46:10,087 [pool-38-thread-1] INFO  storage.RaftStorageDirectory (RaftStorageDirectory.java:tryLock(328)) - Lock on /workdir/hadoop-ozone/ozonefs/target/test-dir/MiniOzoneClusterImpl-da5888fd-c692-4355-82c4-91aa98cbf569/datanode-1/data/ratis/abb5b3aa-71df-462d-8fe0-38ae2dc86969/in_use.lock acquired by nodename 7820@pr-hdds-1569-s8kj2-2266485376
2019-09-20 08:46:10,121 | INFO  | SCMAudit | user=jenkins1000 | ip=192.168.36.79 | op=SEND_HEARTBEAT {datanodeUUID=1e702f59-a831-439b-ba97-9c7e4d303d93, command=[]} | ret=SUCCESS |  
2019-09-20 08:46:10,130 [pool-38-thread-1] INFO  storage.RaftStorage (RaftStorage.java:format(72)) - Storage directory /workdir/hadoop-ozone/ozonefs/target/test-dir/MiniOzoneClusterImpl-da5888fd-c692-4355-82c4-91aa98cbf569/datanode-1/data/ratis/abb5b3aa-71df-462d-8fe0-38ae2dc86969 has been successfully formatted.
2019-09-20 08:46:10,130 [pool-38-thread-1] INFO  ratis.ContainerStateMachine (ContainerStateMachine.java:loadSnapshot(226)) - group-38AE2DC86969: The snapshot info is null. Setting the last applied indexto:(t:0, i:~)
2019-09-20 08:46:10,131 [pool-38-thread-1] INFO  server.RaftServerConfigKeys (ConfUtils.java:logGet(43)) - raft.server.leader.election.timeout = 120s (custom)
2019-09-20 08:46:10,131 [pool-38-thread-1] INFO  server.RaftServerConfigKeys (ConfUtils.java:logGet(43)) - raft.server.log.use.memory = false (default)
2019-09-20 08:46:10,131 [pool-38-thread-1] INFO  server.RaftServerConfigKeys (ConfUtils.java:logGet(43)) - raft.server.log.purge.gap = 1000000 (custom)
2019-09-20 08:46:10,131 [pool-38-thread-1] INFO  server.RaftServerConfigKeys (ConfUtils.java:logGet(43)) - raft.server.log.appender.buffer.byte-limit = 33554432 (custom)
2019-09-20 08:46:10,132 [pool-38-thread-1] INFO  server.RaftServerConfigKeys (ConfUtils.java:logGet(43)) - raft.server.log.segment.size.max = 1048576 (custom)
2019-09-20 08:46:10,132 [pool-38-thread-1] INFO  server.RaftServerConfigKeys (ConfUtils.java:logGet(43)) - raft.server.log.segment.cache.num.max = 2 (custom)
2019-09-20 08:46:10,132 [pool-38-thread-1] INFO  segmented.SegmentedRaftLogWorker (SegmentedRaftLogWorker.java:<init>(172)) - new e997423e-4090-4042-87ee-7419d4cf7365-SegmentedRaftLogWorker:Storage Directory /workdir/hadoop-ozone/ozonefs/target/test-dir/MiniOzoneClusterImpl-da5888fd-c692-4355-82c4-91aa98cbf569/datanode-1/data/ratis/abb5b3aa-71df-462d-8fe0-38ae2dc86969 for RaftStorage:Storage Directory /workdir/hadoop-ozone/ozonefs/target/test-dir/MiniOzoneClusterImpl-da5888fd-c692-4355-82c4-91aa98cbf569/datanode-1/data/ratis/abb5b3aa-71df-462d-8fe0-38ae2dc86969
2019-09-20 08:46:10,132 [pool-38-thread-1] INFO  server.RaftServerConfigKeys (ConfUtils.java:logGet(43)) - raft.server.log.queue.byte-limit = 2147483647 (custom)
2019-09-20 08:46:10,132 [pool-38-thread-1] INFO  server.RaftServerConfigKeys (ConfUtils.java:logGet(43)) - raft.server.log.queue.element-limit = 1024 (custom)
2019-09-20 08:46:10,132 [pool-38-thread-1] INFO  server.RaftServerConfigKeys (ConfUtils.java:logGet(43)) - raft.server.log.segment.size.max = 1048576 (custom)
2019-09-20 08:46:10,133 [pool-38-thread-1] INFO  server.RaftServerConfigKeys (ConfUtils.java:logGet(43)) - raft.server.log.preallocated.size = 16384 (custom)
2019-09-20 08:46:10,133 [pool-38-thread-1] INFO  server.RaftServerConfigKeys (ConfUtils.java:logGet(43)) - raft.server.log.write.buffer.size = 33554432 (custom)
2019-09-20 08:46:10,133 [pool-38-thread-1] INFO  server.RaftServerConfigKeys (ConfUtils.java:logGet(43)) - raft.server.log.force.sync.num = 128 (default)
2019-09-20 08:46:10,133 [pool-38-thread-1] INFO  server.RaftServerConfigKeys (ConfUtils.java:logGet(43)) - raft.server.log.statemachine.data.sync = true (default)
2019-09-20 08:46:10,133 [pool-38-thread-1] INFO  server.RaftServerConfigKeys (ConfUtils.java:logGet(43)) - raft.server.log.statemachine.data.sync.timeout = 10s (default)
2019-09-20 08:46:10,134 [pool-38-thread-1] INFO  server.RaftServerConfigKeys (ConfUtils.java:logGet(43)) - raft.server.log.statemachine.data.sync.timeout.retry = -1 (default)
2019-09-20 08:46:10,134 [pool-38-thread-1] INFO  server.RaftServerConfigKeys (ConfUtils.java:logGet(43)) - raft.server.log.statemachine.data.caching.enabled = true (custom)
2019-09-20 08:46:10,134 [pool-38-thread-1] INFO  segmented.SegmentedRaftLogWorker (SegmentedRaftLogWorker.java:lambda$new$0(132)) - e997423e-4090-4042-87ee-7419d4cf7365-SegmentedRaftLogWorker:Storage Directory /workdir/hadoop-ozone/ozonefs/target/test-dir/MiniOzoneClusterImpl-da5888fd-c692-4355-82c4-91aa98cbf569/datanode-1/data/ratis/abb5b3aa-71df-462d-8fe0-38ae2dc86969: flushIndex: setUnconditionally 0 -> -1
2019-09-20 08:46:10,135 [pool-38-thread-1] INFO  server.RaftServerConfigKeys (ConfUtils.java:logGet(43)) - raft.server.snapshot.auto.trigger.enabled = true (custom)
2019-09-20 08:46:10,135 [pool-38-thread-1] INFO  server.RaftServerConfigKeys (ConfUtils.java:logGet(43)) - raft.server.snapshot.auto.trigger.threshold = 10000 (custom)
2019-09-20 08:46:10,135 [pool-38-thread-1] INFO  server.RaftServerConfigKeys (ConfUtils.java:logGet(43)) - raft.server.retrycache.expirytime = 600000ms (custom)
2019-09-20 08:46:10,135 [pool-38-thread-1] INFO  impl.RaftServerImpl (RaftServerImpl.java:start(180)) - e997423e-4090-4042-87ee-7419d4cf7365: start group-38AE2DC86969
2019-09-20 08:46:10,136 [pool-38-thread-1] INFO  impl.RaftServerImpl (RaftServerImpl.java:setRole(171)) - e997423e-4090-4042-87ee-7419d4cf7365:group-38AE2DC86969 changes role from null to FOLLOWER at term 0 for startAsFollower
2019-09-20 08:46:10,136 [pool-38-thread-1] INFO  impl.RoleInfo (RoleInfo.java:updateAndGet(143)) - e997423e-4090-4042-87ee-7419d4cf7365: start FollowerState
2019-09-20 08:46:10,149 [pool-38-thread-1] INFO  util.JmxRegister (JmxRegister.java:tryRegister(44)) - Successfully registered JMX Bean with object name Ratis:service=RaftServer,group=group-38AE2DC86969,id=e997423e-4090-4042-87ee-7419d4cf7365
2019-09-20 08:46:10,171 [RatisPipelineUtilsThread] INFO  pipeline.PipelineStateManager (PipelineStateManager.java:addPipeline(56)) - Created pipeline Pipeline[ Id: abb5b3aa-71df-462d-8fe0-38ae2dc86969, Nodes: e997423e-4090-4042-87ee-7419d4cf7365{ip: 192.168.36.79, host: pr-hdds-1569-s8kj2-2266485376, networkLocation: /default-rack, certSerialId: null}, Type:RATIS, Factor:ONE, State:OPEN]
2019-09-20 08:46:10,194 [grpc-default-executor-0] INFO  impl.RaftServerProxy (RaftServerProxy.java:addNew(89)) - 1e702f59-a831-439b-ba97-9c7e4d303d93: addNew group-FAA3598D0869:[1e702f59-a831-439b-ba97-9c7e4d303d93:192.168.36.79:42450] returns group-FAA3598D0869:java.util.concurrent.CompletableFuture@727de893[Not completed]
2019-09-20 08:46:10,201 [pool-93-thread-1] INFO  impl.RaftServerImpl (RaftServerImpl.java:<init>(93)) - 1e702f59-a831-439b-ba97-9c7e4d303d93: new RaftServerImpl for group-FAA3598D0869:[1e702f59-a831-439b-ba97-9c7e4d303d93:192.168.36.79:42450] with ContainerStateMachine:uninitialized
2019-09-20 08:46:10,201 [pool-93-thread-1] INFO  server.RaftServerConfigKeys (ConfUtils.java:logGet(43)) - raft.server.rpc.timeout.min = 5s (custom)
2019-09-20 08:46:10,202 [pool-93-thread-1] INFO  server.RaftServerConfigKeys (ConfUtils.java:logGet(43)) - raft.server.rpc.timeout.max = 5200ms (custom)
2019-09-20 08:46:10,202 [pool-93-thread-1] INFO  server.RaftServerConfigKeys (ConfUtils.java:logGet(43)) - raft.server.rpcslowness.timeout = 120s (custom)
2019-09-20 08:46:10,202 [pool-93-thread-1] INFO  server.RaftServerConfigKeys (ConfUtils.java:logGet(43)) - raft.server.sleep.deviation.threshold = 300 (default)
2019-09-20 08:46:10,202 [pool-93-thread-1] INFO  server.RaftServerConfigKeys (ConfUtils.java:logGet(43)) - raft.server.log.appender.install.snapshot.enabled = false (custom)
2019-09-20 08:46:10,202 [pool-93-thread-1] INFO  impl.RaftServerImpl (ServerState.java:<init>(105)) - 1e702f59-a831-439b-ba97-9c7e4d303d93:group-FAA3598D0869 ConfigurationManager, init=-1: [1e702f59-a831-439b-ba97-9c7e4d303d93:192.168.36.79:42450], old=null, confs=<EMPTY_MAP>
2019-09-20 08:46:10,203 [pool-93-thread-1] INFO  server.RaftServerConfigKeys (ConfUtils.java:logGet(43)) - raft.server.storage.dir = [/workdir/hadoop-ozone/ozonefs/target/test-dir/MiniOzoneClusterImpl-da5888fd-c692-4355-82c4-91aa98cbf569/datanode-6/data/ratis] (custom)
2019-09-20 08:46:10,203 [pool-93-thread-1] INFO  storage.RaftStorageDirectory (RaftStorageDirectory.java:analyzeStorage(246)) - The storage directory /workdir/hadoop-ozone/ozonefs/target/test-dir/MiniOzoneClusterImpl-da5888fd-c692-4355-82c4-91aa98cbf569/datanode-6/data/ratis/14455f25-1fa5-449f-8586-faa3598d0869 does not exist. Creating ...
2019-09-20 08:46:10,222 [pool-93-thread-1] INFO  storage.RaftStorageDirectory (RaftStorageDirectory.java:tryLock(328)) - Lock on /workdir/hadoop-ozone/ozonefs/target/test-dir/MiniOzoneClusterImpl-da5888fd-c692-4355-82c4-91aa98cbf569/datanode-6/data/ratis/14455f25-1fa5-449f-8586-faa3598d0869/in_use.lock acquired by nodename 7820@pr-hdds-1569-s8kj2-2266485376
2019-09-20 08:46:10,239 [pool-93-thread-1] INFO  storage.RaftStorage (RaftStorage.java:format(72)) - Storage directory /workdir/hadoop-ozone/ozonefs/target/test-dir/MiniOzoneClusterImpl-da5888fd-c692-4355-82c4-91aa98cbf569/datanode-6/data/ratis/14455f25-1fa5-449f-8586-faa3598d0869 has been successfully formatted.
2019-09-20 08:46:10,240 [pool-93-thread-1] INFO  ratis.ContainerStateMachine (ContainerStateMachine.java:loadSnapshot(226)) - group-FAA3598D0869: The snapshot info is null. Setting the last applied indexto:(t:0, i:~)
2019-09-20 08:46:10,240 [pool-93-thread-1] INFO  server.RaftServerConfigKeys (ConfUtils.java:logGet(43)) - raft.server.leader.election.timeout = 120s (custom)
2019-09-20 08:46:10,240 [pool-93-thread-1] INFO  server.RaftServerConfigKeys (ConfUtils.java:logGet(43)) - raft.server.log.use.memory = false (default)
2019-09-20 08:46:10,240 [pool-93-thread-1] INFO  server.RaftServerConfigKeys (ConfUtils.java:logGet(43)) - raft.server.log.purge.gap = 1000000 (custom)
2019-09-20 08:46:10,240 [pool-93-thread-1] INFO  server.RaftServerConfigKeys (ConfUtils.java:logGet(43)) - raft.server.log.appender.buffer.byte-limit = 33554432 (custom)
2019-09-20 08:46:10,241 [pool-93-thread-1] INFO  server.RaftServerConfigKeys (ConfUtils.java:logGet(43)) - raft.server.log.segment.size.max = 1048576 (custom)
2019-09-20 08:46:10,241 [pool-93-thread-1] INFO  server.RaftServerConfigKeys (ConfUtils.java:logGet(43)) - raft.server.log.segment.cache.num.max = 2 (custom)
2019-09-20 08:46:10,241 [pool-93-thread-1] INFO  segmented.SegmentedRaftLogWorker (SegmentedRaftLogWorker.java:<init>(172)) - new 1e702f59-a831-439b-ba97-9c7e4d303d93-SegmentedRaftLogWorker:Storage Directory /workdir/hadoop-ozone/ozonefs/target/test-dir/MiniOzoneClusterImpl-da5888fd-c692-4355-82c4-91aa98cbf569/datanode-6/data/ratis/14455f25-1fa5-449f-8586-faa3598d0869 for RaftStorage:Storage Directory /workdir/hadoop-ozone/ozonefs/target/test-dir/MiniOzoneClusterImpl-da5888fd-c692-4355-82c4-91aa98cbf569/datanode-6/data/ratis/14455f25-1fa5-449f-8586-faa3598d0869
2019-09-20 08:46:10,241 [pool-93-thread-1] INFO  server.RaftServerConfigKeys (ConfUtils.java:logGet(43)) - raft.server.log.queue.byte-limit = 2147483647 (custom)
2019-09-20 08:46:10,241 [pool-93-thread-1] INFO  server.RaftServerConfigKeys (ConfUtils.java:logGet(43)) - raft.server.log.queue.element-limit = 1024 (custom)
2019-09-20 08:46:10,242 [pool-93-thread-1] INFO  server.RaftServerConfigKeys (ConfUtils.java:logGet(43)) - raft.server.log.segment.size.max = 1048576 (custom)
2019-09-20 08:46:10,242 [pool-93-thread-1] INFO  server.RaftServerConfigKeys (ConfUtils.java:logGet(43)) - raft.server.log.preallocated.size = 16384 (custom)
2019-09-20 08:46:10,242 [pool-93-thread-1] INFO  server.RaftServerConfigKeys (ConfUtils.java:logGet(43)) - raft.server.log.write.buffer.size = 33554432 (custom)
2019-09-20 08:46:10,242 [pool-93-thread-1] INFO  server.RaftServerConfigKeys (ConfUtils.java:logGet(43)) - raft.server.log.force.sync.num = 128 (default)
2019-09-20 08:46:10,242 [pool-93-thread-1] INFO  server.RaftServerConfigKeys (ConfUtils.java:logGet(43)) - raft.server.log.statemachine.data.sync = true (default)
2019-09-20 08:46:10,242 [pool-93-thread-1] INFO  server.RaftServerConfigKeys (ConfUtils.java:logGet(43)) - raft.server.log.statemachine.data.sync.timeout = 10s (default)
2019-09-20 08:46:10,243 [pool-93-thread-1] INFO  server.RaftServerConfigKeys (ConfUtils.java:logGet(43)) - raft.server.log.statemachine.data.sync.timeout.retry = -1 (default)
2019-09-20 08:46:10,243 [pool-93-thread-1] INFO  server.RaftServerConfigKeys (ConfUtils.java:logGet(43)) - raft.server.log.statemachine.data.caching.enabled = true (custom)
2019-09-20 08:46:10,243 [pool-93-thread-1] INFO  segmented.SegmentedRaftLogWorker (SegmentedRaftLogWorker.java:lambda$new$0(132)) - 1e702f59-a831-439b-ba97-9c7e4d303d93-SegmentedRaftLogWorker:Storage Directory /workdir/hadoop-ozone/ozonefs/target/test-dir/MiniOzoneClusterImpl-da5888fd-c692-4355-82c4-91aa98cbf569/datanode-6/data/ratis/14455f25-1fa5-449f-8586-faa3598d0869: flushIndex: setUnconditionally 0 -> -1
2019-09-20 08:46:10,244 [pool-93-thread-1] INFO  server.RaftServerConfigKeys (ConfUtils.java:logGet(43)) - raft.server.snapshot.auto.trigger.enabled = true (custom)
2019-09-20 08:46:10,244 [pool-93-thread-1] INFO  server.RaftServerConfigKeys (ConfUtils.java:logGet(43)) - raft.server.snapshot.auto.trigger.threshold = 10000 (custom)
2019-09-20 08:46:10,244 [pool-93-thread-1] INFO  server.RaftServerConfigKeys (ConfUtils.java:logGet(43)) - raft.server.retrycache.expirytime = 600000ms (custom)
2019-09-20 08:46:10,244 [pool-93-thread-1] INFO  impl.RaftServerImpl (RaftServerImpl.java:start(180)) - 1e702f59-a831-439b-ba97-9c7e4d303d93: start group-FAA3598D0869
2019-09-20 08:46:10,244 [pool-93-thread-1] INFO  impl.RaftServerImpl (RaftServerImpl.java:setRole(171)) - 1e702f59-a831-439b-ba97-9c7e4d303d93:group-FAA3598D0869 changes role from null to FOLLOWER at term 0 for startAsFollower
2019-09-20 08:46:10,245 [pool-93-thread-1] INFO  impl.RoleInfo (RoleInfo.java:updateAndGet(143)) - 1e702f59-a831-439b-ba97-9c7e4d303d93: start FollowerState
2019-09-20 08:46:10,245 [pool-93-thread-1] INFO  util.JmxRegister (JmxRegister.java:tryRegister(44)) - Successfully registered JMX Bean with object name Ratis:service=RaftServer,group=group-FAA3598D0869,id=1e702f59-a831-439b-ba97-9c7e4d303d93
2019-09-20 08:46:10,252 [RatisPipelineUtilsThread] INFO  pipeline.PipelineStateManager (PipelineStateManager.java:addPipeline(56)) - Created pipeline Pipeline[ Id: 14455f25-1fa5-449f-8586-faa3598d0869, Nodes: 1e702f59-a831-439b-ba97-9c7e4d303d93{ip: 192.168.36.79, host: pr-hdds-1569-s8kj2-2266485376, networkLocation: /default-rack, certSerialId: null}, Type:RATIS, Factor:ONE, State:OPEN]
2019-09-20 08:46:10,267 [grpc-default-executor-0] INFO  impl.RaftServerProxy (RaftServerProxy.java:addNew(89)) - 3ea69b51-ea1d-40b9-a82f-433a48a46bff: addNew group-0F0A7E451FA9:[3ea69b51-ea1d-40b9-a82f-433a48a46bff:192.168.36.79:37909] returns group-0F0A7E451FA9:java.util.concurrent.CompletableFuture@5b40906b[Not completed]
2019-09-20 08:46:10,268 [pool-27-thread-1] INFO  impl.RaftServerImpl (RaftServerImpl.java:<init>(93)) - 3ea69b51-ea1d-40b9-a82f-433a48a46bff: new RaftServerImpl for group-0F0A7E451FA9:[3ea69b51-ea1d-40b9-a82f-433a48a46bff:192.168.36.79:37909] with ContainerStateMachine:uninitialized
2019-09-20 08:46:10,268 [pool-27-thread-1] INFO  server.RaftServerConfigKeys (ConfUtils.java:logGet(43)) - raft.server.rpc.timeout.min = 5s (custom)
2019-09-20 08:46:10,269 [pool-27-thread-1] INFO  server.RaftServerConfigKeys (ConfUtils.java:logGet(43)) - raft.server.rpc.timeout.max = 5200ms (custom)
2019-09-20 08:46:10,269 [pool-27-thread-1] INFO  server.RaftServerConfigKeys (ConfUtils.java:logGet(43)) - raft.server.rpcslowness.timeout = 120s (custom)
2019-09-20 08:46:10,269 [pool-27-thread-1] INFO  server.RaftServerConfigKeys (ConfUtils.java:logGet(43)) - raft.server.sleep.deviation.threshold = 300 (default)
2019-09-20 08:46:10,269 [pool-27-thread-1] INFO  server.RaftServerConfigKeys (ConfUtils.java:logGet(43)) - raft.server.log.appender.install.snapshot.enabled = false (custom)
2019-09-20 08:46:10,269 [pool-27-thread-1] INFO  impl.RaftServerImpl (ServerState.java:<init>(105)) - 3ea69b51-ea1d-40b9-a82f-433a48a46bff:group-0F0A7E451FA9 ConfigurationManager, init=-1: [3ea69b51-ea1d-40b9-a82f-433a48a46bff:192.168.36.79:37909], old=null, confs=<EMPTY_MAP>
2019-09-20 08:46:10,269 [pool-27-thread-1] INFO  server.RaftServerConfigKeys (ConfUtils.java:logGet(43)) - raft.server.storage.dir = [/workdir/hadoop-ozone/ozonefs/target/test-dir/MiniOzoneClusterImpl-da5888fd-c692-4355-82c4-91aa98cbf569/datanode-0/data/ratis] (custom)
2019-09-20 08:46:10,270 [pool-27-thread-1] INFO  storage.RaftStorageDirectory (RaftStorageDirectory.java:analyzeStorage(246)) - The storage directory /workdir/hadoop-ozone/ozonefs/target/test-dir/MiniOzoneClusterImpl-da5888fd-c692-4355-82c4-91aa98cbf569/datanode-0/data/ratis/091c59b4-f1e6-4150-aa3e-0f0a7e451fa9 does not exist. Creating ...
2019-09-20 08:46:10,289 [pool-27-thread-1] INFO  storage.RaftStorageDirectory (RaftStorageDirectory.java:tryLock(328)) - Lock on /workdir/hadoop-ozone/ozonefs/target/test-dir/MiniOzoneClusterImpl-da5888fd-c692-4355-82c4-91aa98cbf569/datanode-0/data/ratis/091c59b4-f1e6-4150-aa3e-0f0a7e451fa9/in_use.lock acquired by nodename 7820@pr-hdds-1569-s8kj2-2266485376
2019-09-20 08:46:10,307 [pool-27-thread-1] INFO  storage.RaftStorage (RaftStorage.java:format(72)) - Storage directory /workdir/hadoop-ozone/ozonefs/target/test-dir/MiniOzoneClusterImpl-da5888fd-c692-4355-82c4-91aa98cbf569/datanode-0/data/ratis/091c59b4-f1e6-4150-aa3e-0f0a7e451fa9 has been successfully formatted.
2019-09-20 08:46:10,307 [pool-27-thread-1] INFO  ratis.ContainerStateMachine (ContainerStateMachine.java:loadSnapshot(226)) - group-0F0A7E451FA9: The snapshot info is null. Setting the last applied indexto:(t:0, i:~)
2019-09-20 08:46:10,307 [pool-27-thread-1] INFO  server.RaftServerConfigKeys (ConfUtils.java:logGet(43)) - raft.server.leader.election.timeout = 120s (custom)
2019-09-20 08:46:10,307 [pool-27-thread-1] INFO  server.RaftServerConfigKeys (ConfUtils.java:logGet(43)) - raft.server.log.use.memory = false (default)
2019-09-20 08:46:10,308 [pool-27-thread-1] INFO  server.RaftServerConfigKeys (ConfUtils.java:logGet(43)) - raft.server.log.purge.gap = 1000000 (custom)
2019-09-20 08:46:10,308 [pool-27-thread-1] INFO  server.RaftServerConfigKeys (ConfUtils.java:logGet(43)) - raft.server.log.appender.buffer.byte-limit = 33554432 (custom)
2019-09-20 08:46:10,308 [pool-27-thread-1] INFO  server.RaftServerConfigKeys (ConfUtils.java:logGet(43)) - raft.server.log.segment.size.max = 1048576 (custom)
2019-09-20 08:46:10,308 [pool-27-thread-1] INFO  server.RaftServerConfigKeys (ConfUtils.java:logGet(43)) - raft.server.log.segment.cache.num.max = 2 (custom)
2019-09-20 08:46:10,308 [pool-27-thread-1] INFO  segmented.SegmentedRaftLogWorker (SegmentedRaftLogWorker.java:<init>(172)) - new 3ea69b51-ea1d-40b9-a82f-433a48a46bff-SegmentedRaftLogWorker:Storage Directory /workdir/hadoop-ozone/ozonefs/target/test-dir/MiniOzoneClusterImpl-da5888fd-c692-4355-82c4-91aa98cbf569/datanode-0/data/ratis/091c59b4-f1e6-4150-aa3e-0f0a7e451fa9 for RaftStorage:Storage Directory /workdir/hadoop-ozone/ozonefs/target/test-dir/MiniOzoneClusterImpl-da5888fd-c692-4355-82c4-91aa98cbf569/datanode-0/data/ratis/091c59b4-f1e6-4150-aa3e-0f0a7e451fa9
2019-09-20 08:46:10,309 [pool-27-thread-1] INFO  server.RaftServerConfigKeys (ConfUtils.java:logGet(43)) - raft.server.log.queue.byte-limit = 2147483647 (custom)
2019-09-20 08:46:10,309 [pool-27-thread-1] INFO  server.RaftServerConfigKeys (ConfUtils.java:logGet(43)) - raft.server.log.queue.element-limit = 1024 (custom)
2019-09-20 08:46:10,309 [pool-27-thread-1] INFO  server.RaftServerConfigKeys (ConfUtils.java:logGet(43)) - raft.server.log.segment.size.max = 1048576 (custom)
2019-09-20 08:46:10,309 [pool-27-thread-1] INFO  server.RaftServerConfigKeys (ConfUtils.java:logGet(43)) - raft.server.log.preallocated.size = 16384 (custom)
2019-09-20 08:46:10,309 [pool-27-thread-1] INFO  server.RaftServerConfigKeys (ConfUtils.java:logGet(43)) - raft.server.log.write.buffer.size = 33554432 (custom)
2019-09-20 08:46:10,310 [pool-27-thread-1] INFO  server.RaftServerConfigKeys (ConfUtils.java:logGet(43)) - raft.server.log.force.sync.num = 128 (default)
2019-09-20 08:46:10,310 [pool-27-thread-1] INFO  server.RaftServerConfigKeys (ConfUtils.java:logGet(43)) - raft.server.log.statemachine.data.sync = true (default)
2019-09-20 08:46:10,310 [pool-27-thread-1] INFO  server.RaftServerConfigKeys (ConfUtils.java:logGet(43)) - raft.server.log.statemachine.data.sync.timeout = 10s (default)
2019-09-20 08:46:10,310 [pool-27-thread-1] INFO  server.RaftServerConfigKeys (ConfUtils.java:logGet(43)) - raft.server.log.statemachine.data.sync.timeout.retry = -1 (default)
2019-09-20 08:46:10,310 [pool-27-thread-1] INFO  server.RaftServerConfigKeys (ConfUtils.java:logGet(43)) - raft.server.log.statemachine.data.caching.enabled = true (custom)
2019-09-20 08:46:10,311 [pool-27-thread-1] INFO  segmented.SegmentedRaftLogWorker (SegmentedRaftLogWorker.java:lambda$new$0(132)) - 3ea69b51-ea1d-40b9-a82f-433a48a46bff-SegmentedRaftLogWorker:Storage Directory /workdir/hadoop-ozone/ozonefs/target/test-dir/MiniOzoneClusterImpl-da5888fd-c692-4355-82c4-91aa98cbf569/datanode-0/data/ratis/091c59b4-f1e6-4150-aa3e-0f0a7e451fa9: flushIndex: setUnconditionally 0 -> -1
2019-09-20 08:46:10,311 [pool-27-thread-1] INFO  server.RaftServerConfigKeys (ConfUtils.java:logGet(43)) - raft.server.snapshot.auto.trigger.enabled = true (custom)
2019-09-20 08:46:10,311 [pool-27-thread-1] INFO  server.RaftServerConfigKeys (ConfUtils.java:logGet(43)) - raft.server.snapshot.auto.trigger.threshold = 10000 (custom)
2019-09-20 08:46:10,312 [pool-27-thread-1] INFO  server.RaftServerConfigKeys (ConfUtils.java:logGet(43)) - raft.server.retrycache.expirytime = 600000ms (custom)
2019-09-20 08:46:10,312 [pool-27-thread-1] INFO  impl.RaftServerImpl (RaftServerImpl.java:start(180)) - 3ea69b51-ea1d-40b9-a82f-433a48a46bff: start group-0F0A7E451FA9
2019-09-20 08:46:10,312 [pool-27-thread-1] INFO  impl.RaftServerImpl (RaftServerImpl.java:setRole(171)) - 3ea69b51-ea1d-40b9-a82f-433a48a46bff:group-0F0A7E451FA9 changes role from null to FOLLOWER at term 0 for startAsFollower
2019-09-20 08:46:10,312 [pool-27-thread-1] INFO  impl.RoleInfo (RoleInfo.java:updateAndGet(143)) - 3ea69b51-ea1d-40b9-a82f-433a48a46bff: start FollowerState
2019-09-20 08:46:10,313 [pool-27-thread-1] INFO  util.JmxRegister (JmxRegister.java:tryRegister(44)) - Successfully registered JMX Bean with object name Ratis:service=RaftServer,group=group-0F0A7E451FA9,id=3ea69b51-ea1d-40b9-a82f-433a48a46bff
2019-09-20 08:46:10,320 [RatisPipelineUtilsThread] INFO  pipeline.PipelineStateManager (PipelineStateManager.java:addPipeline(56)) - Created pipeline Pipeline[ Id: 091c59b4-f1e6-4150-aa3e-0f0a7e451fa9, Nodes: 3ea69b51-ea1d-40b9-a82f-433a48a46bff{ip: 192.168.36.79, host: pr-hdds-1569-s8kj2-2266485376, networkLocation: /default-rack, certSerialId: null}, Type:RATIS, Factor:ONE, State:OPEN]
2019-09-20 08:46:10,329 [RatisPipelineUtilsThread] INFO  pipeline.PipelinePlacementPolicy (PipelinePlacementPolicy.java:meetCriteria(91)) - Pipeline Placement: Doesn't meet the criteria to be viable node： 3ea69b51-ea1d-40b9-a82f-433a48a46bff Heaviness: 6 limit: 5
2019-09-20 08:46:10,347 | INFO  | SCMAudit | user=jenkins1000 | ip=192.168.36.79 | op=SEND_HEARTBEAT {datanodeUUID=d3d24c2e-887e-42af-9ac0-80e26c3dc807, command=[]} | ret=SUCCESS |  
2019-09-20 08:46:10,360 [grpc-default-executor-0] INFO  impl.RaftServerProxy (RaftServerProxy.java:addNew(89)) - e997423e-4090-4042-87ee-7419d4cf7365: addNew group-495054ABD03E:[e997423e-4090-4042-87ee-7419d4cf7365:192.168.36.79:35366] returns group-495054ABD03E:java.util.concurrent.CompletableFuture@56cbde1b[Not completed]
2019-09-20 08:46:10,362 [pool-38-thread-1] INFO  impl.RaftServerImpl (RaftServerImpl.java:<init>(93)) - e997423e-4090-4042-87ee-7419d4cf7365: new RaftServerImpl for group-495054ABD03E:[e997423e-4090-4042-87ee-7419d4cf7365:192.168.36.79:35366] with ContainerStateMachine:uninitialized
2019-09-20 08:46:10,362 [pool-38-thread-1] INFO  server.RaftServerConfigKeys (ConfUtils.java:logGet(43)) - raft.server.rpc.timeout.min = 5s (custom)
2019-09-20 08:46:10,362 [pool-38-thread-1] INFO  server.RaftServerConfigKeys (ConfUtils.java:logGet(43)) - raft.server.rpc.timeout.max = 5200ms (custom)
2019-09-20 08:46:10,362 [pool-38-thread-1] INFO  server.RaftServerConfigKeys (ConfUtils.java:logGet(43)) - raft.server.rpcslowness.timeout = 120s (custom)
2019-09-20 08:46:10,362 [pool-38-thread-1] INFO  server.RaftServerConfigKeys (ConfUtils.java:logGet(43)) - raft.server.sleep.deviation.threshold = 300 (default)
2019-09-20 08:46:10,363 [pool-38-thread-1] INFO  server.RaftServerConfigKeys (ConfUtils.java:logGet(43)) - raft.server.log.appender.install.snapshot.enabled = false (custom)
2019-09-20 08:46:10,363 [pool-38-thread-1] INFO  impl.RaftServerImpl (ServerState.java:<init>(105)) - e997423e-4090-4042-87ee-7419d4cf7365:group-495054ABD03E ConfigurationManager, init=-1: [e997423e-4090-4042-87ee-7419d4cf7365:192.168.36.79:35366], old=null, confs=<EMPTY_MAP>
2019-09-20 08:46:10,363 [pool-38-thread-1] INFO  server.RaftServerConfigKeys (ConfUtils.java:logGet(43)) - raft.server.storage.dir = [/workdir/hadoop-ozone/ozonefs/target/test-dir/MiniOzoneClusterImpl-da5888fd-c692-4355-82c4-91aa98cbf569/datanode-1/data/ratis] (custom)
2019-09-20 08:46:10,364 [pool-38-thread-1] INFO  storage.RaftStorageDirectory (RaftStorageDirectory.java:analyzeStorage(246)) - The storage directory /workdir/hadoop-ozone/ozonefs/target/test-dir/MiniOzoneClusterImpl-da5888fd-c692-4355-82c4-91aa98cbf569/datanode-1/data/ratis/7ec72173-172a-4d4b-962a-495054abd03e does not exist. Creating ...
2019-09-20 08:46:10,375 | INFO  | OMAudit | user=jenkins1000 | ip=127.0.0.1 | op=CREATE_VOLUME {admin=admin99971, owner=user95967, volume=volume44569, creationTime=1568969170368, quotaInBytes=1152921504606846976} | ret=SUCCESS |  
2019-09-20 08:46:10,385 [pool-38-thread-1] INFO  storage.RaftStorageDirectory (RaftStorageDirectory.java:tryLock(328)) - Lock on /workdir/hadoop-ozone/ozonefs/target/test-dir/MiniOzoneClusterImpl-da5888fd-c692-4355-82c4-91aa98cbf569/datanode-1/data/ratis/7ec72173-172a-4d4b-962a-495054abd03e/in_use.lock acquired by nodename 7820@pr-hdds-1569-s8kj2-2266485376
2019-09-20 08:46:10,401 [pool-38-thread-1] INFO  storage.RaftStorage (RaftStorage.java:format(72)) - Storage directory /workdir/hadoop-ozone/ozonefs/target/test-dir/MiniOzoneClusterImpl-da5888fd-c692-4355-82c4-91aa98cbf569/datanode-1/data/ratis/7ec72173-172a-4d4b-962a-495054abd03e has been successfully formatted.
2019-09-20 08:46:10,402 [pool-38-thread-1] INFO  ratis.ContainerStateMachine (ContainerStateMachine.java:loadSnapshot(226)) - group-495054ABD03E: The snapshot info is null. Setting the last applied indexto:(t:0, i:~)
2019-09-20 08:46:10,402 [pool-38-thread-1] INFO  server.RaftServerConfigKeys (ConfUtils.java:logGet(43)) - raft.server.leader.election.timeout = 120s (custom)
2019-09-20 08:46:10,402 [pool-38-thread-1] INFO  server.RaftServerConfigKeys (ConfUtils.java:logGet(43)) - raft.server.log.use.memory = false (default)
2019-09-20 08:46:10,403 [pool-38-thread-1] INFO  server.RaftServerConfigKeys (ConfUtils.java:logGet(43)) - raft.server.log.purge.gap = 1000000 (custom)
2019-09-20 08:46:10,403 [pool-38-thread-1] INFO  server.RaftServerConfigKeys (ConfUtils.java:logGet(43)) - raft.server.log.appender.buffer.byte-limit = 33554432 (custom)
2019-09-20 08:46:10,403 [pool-38-thread-1] INFO  server.RaftServerConfigKeys (ConfUtils.java:logGet(43)) - raft.server.log.segment.size.max = 1048576 (custom)
2019-09-20 08:46:10,403 [pool-38-thread-1] INFO  server.RaftServerConfigKeys (ConfUtils.java:logGet(43)) - raft.server.log.segment.cache.num.max = 2 (custom)
2019-09-20 08:46:10,403 [pool-38-thread-1] INFO  segmented.SegmentedRaftLogWorker (SegmentedRaftLogWorker.java:<init>(172)) - new e997423e-4090-4042-87ee-7419d4cf7365-SegmentedRaftLogWorker:Storage Directory /workdir/hadoop-ozone/ozonefs/target/test-dir/MiniOzoneClusterImpl-da5888fd-c692-4355-82c4-91aa98cbf569/datanode-1/data/ratis/7ec72173-172a-4d4b-962a-495054abd03e for RaftStorage:Storage Directory /workdir/hadoop-ozone/ozonefs/target/test-dir/MiniOzoneClusterImpl-da5888fd-c692-4355-82c4-91aa98cbf569/datanode-1/data/ratis/7ec72173-172a-4d4b-962a-495054abd03e
2019-09-20 08:46:10,403 [pool-38-thread-1] INFO  server.RaftServerConfigKeys (ConfUtils.java:logGet(43)) - raft.server.log.queue.byte-limit = 2147483647 (custom)
2019-09-20 08:46:10,403 [pool-38-thread-1] INFO  server.RaftServerConfigKeys (ConfUtils.java:logGet(43)) - raft.server.log.queue.element-limit = 1024 (custom)
2019-09-20 08:46:10,404 [pool-38-thread-1] INFO  server.RaftServerConfigKeys (ConfUtils.java:logGet(43)) - raft.server.log.segment.size.max = 1048576 (custom)
2019-09-20 08:46:10,404 [pool-38-thread-1] INFO  server.RaftServerConfigKeys (ConfUtils.java:logGet(43)) - raft.server.log.preallocated.size = 16384 (custom)
2019-09-20 08:46:10,404 [pool-38-thread-1] INFO  server.RaftServerConfigKeys (ConfUtils.java:logGet(43)) - raft.server.log.write.buffer.size = 33554432 (custom)
2019-09-20 08:46:10,407 [pool-38-thread-1] INFO  server.RaftServerConfigKeys (ConfUtils.java:logGet(43)) - raft.server.log.force.sync.num = 128 (default)
2019-09-20 08:46:10,407 [pool-38-thread-1] INFO  server.RaftServerConfigKeys (ConfUtils.java:logGet(43)) - raft.server.log.statemachine.data.sync = true (default)
2019-09-20 08:46:10,408 [pool-38-thread-1] INFO  server.RaftServerConfigKeys (ConfUtils.java:logGet(43)) - raft.server.log.statemachine.data.sync.timeout = 10s (default)
2019-09-20 08:46:10,408 [pool-38-thread-1] INFO  server.RaftServerConfigKeys (ConfUtils.java:logGet(43)) - raft.server.log.statemachine.data.sync.timeout.retry = -1 (default)
2019-09-20 08:46:10,408 [pool-38-thread-1] INFO  server.RaftServerConfigKeys (ConfUtils.java:logGet(43)) - raft.server.log.statemachine.data.caching.enabled = true (custom)
2019-09-20 08:46:10,408 [pool-38-thread-1] INFO  segmented.SegmentedRaftLogWorker (SegmentedRaftLogWorker.java:lambda$new$0(132)) - e997423e-4090-4042-87ee-7419d4cf7365-SegmentedRaftLogWorker:Storage Directory /workdir/hadoop-ozone/ozonefs/target/test-dir/MiniOzoneClusterImpl-da5888fd-c692-4355-82c4-91aa98cbf569/datanode-1/data/ratis/7ec72173-172a-4d4b-962a-495054abd03e: flushIndex: setUnconditionally 0 -> -1
2019-09-20 08:46:10,409 [pool-38-thread-1] INFO  server.RaftServerConfigKeys (ConfUtils.java:logGet(43)) - raft.server.snapshot.auto.trigger.enabled = true (custom)
2019-09-20 08:46:10,409 [pool-38-thread-1] INFO  server.RaftServerConfigKeys (ConfUtils.java:logGet(43)) - raft.server.snapshot.auto.trigger.threshold = 10000 (custom)
2019-09-20 08:46:10,409 [pool-38-thread-1] INFO  server.RaftServerConfigKeys (ConfUtils.java:logGet(43)) - raft.server.retrycache.expirytime = 600000ms (custom)
2019-09-20 08:46:10,409 [pool-38-thread-1] INFO  impl.RaftServerImpl (RaftServerImpl.java:start(180)) - e997423e-4090-4042-87ee-7419d4cf7365: start group-495054ABD03E
2019-09-20 08:46:10,410 [pool-38-thread-1] INFO  impl.RaftServerImpl (RaftServerImpl.java:setRole(171)) - e997423e-4090-4042-87ee-7419d4cf7365:group-495054ABD03E changes role from null to FOLLOWER at term 0 for startAsFollower
2019-09-20 08:46:10,410 [pool-38-thread-1] INFO  impl.RoleInfo (RoleInfo.java:updateAndGet(143)) - e997423e-4090-4042-87ee-7419d4cf7365: start FollowerState
2019-09-20 08:46:10,410 [pool-38-thread-1] INFO  util.JmxRegister (JmxRegister.java:tryRegister(44)) - Successfully registered JMX Bean with object name Ratis:service=RaftServer,group=group-495054ABD03E,id=e997423e-4090-4042-87ee-7419d4cf7365
2019-09-20 08:46:10,428 | INFO  | OMAudit | user=jenkins1000 | ip=127.0.0.1 | op=CREATE_BUCKET {volume=volume44569, bucket=bucket92475, acls=[], isVersionEnabled=false, storageType=DISK, creationTime=0} | ret=SUCCESS |  
2019-09-20 08:46:10,432 [RatisPipelineUtilsThread] INFO  pipeline.PipelineStateManager (PipelineStateManager.java:addPipeline(56)) - Created pipeline Pipeline[ Id: 7ec72173-172a-4d4b-962a-495054abd03e, Nodes: e997423e-4090-4042-87ee-7419d4cf7365{ip: 192.168.36.79, host: pr-hdds-1569-s8kj2-2266485376, networkLocation: /default-rack, certSerialId: null}, Type:RATIS, Factor:ONE, State:OPEN]
2019-09-20 08:46:10,437 [RatisPipelineUtilsThread] INFO  pipeline.PipelinePlacementPolicy (PipelinePlacementPolicy.java:meetCriteria(91)) - Pipeline Placement: Doesn't meet the criteria to be viable node： 3ea69b51-ea1d-40b9-a82f-433a48a46bff Heaviness: 6 limit: 5
2019-09-20 08:46:10,437 | INFO  | SCMAudit | user=jenkins1000 | ip=192.168.36.79 | op=SEND_HEARTBEAT {datanodeUUID=3ea69b51-ea1d-40b9-a82f-433a48a46bff, command=[]} | ret=SUCCESS |  
2019-09-20 08:46:10,450 [grpc-default-executor-1] INFO  impl.RaftServerProxy (RaftServerProxy.java:addNew(89)) - 4eb079c5-a63c-4d36-97af-76873864fc0c: addNew group-CBFA0DE0E68D:[4eb079c5-a63c-4d36-97af-76873864fc0c:192.168.36.79:36098] returns group-CBFA0DE0E68D:java.util.concurrent.CompletableFuture@418149b2[Not completed]
2019-09-20 08:46:10,452 [pool-71-thread-1] INFO  impl.RaftServerImpl (RaftServerImpl.java:<init>(93)) - 4eb079c5-a63c-4d36-97af-76873864fc0c: new RaftServerImpl for group-CBFA0DE0E68D:[4eb079c5-a63c-4d36-97af-76873864fc0c:192.168.36.79:36098] with ContainerStateMachine:uninitialized
2019-09-20 08:46:10,452 [pool-71-thread-1] INFO  server.RaftServerConfigKeys (ConfUtils.java:logGet(43)) - raft.server.rpc.timeout.min = 5s (custom)
2019-09-20 08:46:10,452 [pool-71-thread-1] INFO  server.RaftServerConfigKeys (ConfUtils.java:logGet(43)) - raft.server.rpc.timeout.max = 5200ms (custom)
2019-09-20 08:46:10,452 [pool-71-thread-1] INFO  server.RaftServerConfigKeys (ConfUtils.java:logGet(43)) - raft.server.rpcslowness.timeout = 120s (custom)
2019-09-20 08:46:10,452 [pool-71-thread-1] INFO  server.RaftServerConfigKeys (ConfUtils.java:logGet(43)) - raft.server.sleep.deviation.threshold = 300 (default)
2019-09-20 08:46:10,452 [pool-71-thread-1] INFO  server.RaftServerConfigKeys (ConfUtils.java:logGet(43)) - raft.server.log.appender.install.snapshot.enabled = false (custom)
2019-09-20 08:46:10,452 [pool-71-thread-1] INFO  impl.RaftServerImpl (ServerState.java:<init>(105)) - 4eb079c5-a63c-4d36-97af-76873864fc0c:group-CBFA0DE0E68D ConfigurationManager, init=-1: [4eb079c5-a63c-4d36-97af-76873864fc0c:192.168.36.79:36098], old=null, confs=<EMPTY_MAP>
2019-09-20 08:46:10,453 [pool-71-thread-1] INFO  server.RaftServerConfigKeys (ConfUtils.java:logGet(43)) - raft.server.storage.dir = [/workdir/hadoop-ozone/ozonefs/target/test-dir/MiniOzoneClusterImpl-da5888fd-c692-4355-82c4-91aa98cbf569/datanode-4/data/ratis] (custom)
2019-09-20 08:46:10,453 [pool-71-thread-1] INFO  storage.RaftStorageDirectory (RaftStorageDirectory.java:analyzeStorage(246)) - The storage directory /workdir/hadoop-ozone/ozonefs/target/test-dir/MiniOzoneClusterImpl-da5888fd-c692-4355-82c4-91aa98cbf569/datanode-4/data/ratis/036416f8-e1c5-4efb-bd8e-cbfa0de0e68d does not exist. Creating ...
2019-09-20 08:46:10,468 [pool-71-thread-1] INFO  storage.RaftStorageDirectory (RaftStorageDirectory.java:tryLock(328)) - Lock on /workdir/hadoop-ozone/ozonefs/target/test-dir/MiniOzoneClusterImpl-da5888fd-c692-4355-82c4-91aa98cbf569/datanode-4/data/ratis/036416f8-e1c5-4efb-bd8e-cbfa0de0e68d/in_use.lock acquired by nodename 7820@pr-hdds-1569-s8kj2-2266485376
2019-09-20 08:46:10,487 [pool-71-thread-1] INFO  storage.RaftStorage (RaftStorage.java:format(72)) - Storage directory /workdir/hadoop-ozone/ozonefs/target/test-dir/MiniOzoneClusterImpl-da5888fd-c692-4355-82c4-91aa98cbf569/datanode-4/data/ratis/036416f8-e1c5-4efb-bd8e-cbfa0de0e68d has been successfully formatted.
2019-09-20 08:46:10,487 [pool-71-thread-1] INFO  ratis.ContainerStateMachine (ContainerStateMachine.java:loadSnapshot(226)) - group-CBFA0DE0E68D: The snapshot info is null. Setting the last applied indexto:(t:0, i:~)
2019-09-20 08:46:10,488 [pool-71-thread-1] INFO  server.RaftServerConfigKeys (ConfUtils.java:logGet(43)) - raft.server.leader.election.timeout = 120s (custom)
2019-09-20 08:46:10,488 [pool-71-thread-1] INFO  server.RaftServerConfigKeys (ConfUtils.java:logGet(43)) - raft.server.log.use.memory = false (default)
2019-09-20 08:46:10,488 [pool-71-thread-1] INFO  server.RaftServerConfigKeys (ConfUtils.java:logGet(43)) - raft.server.log.purge.gap = 1000000 (custom)
2019-09-20 08:46:10,488 [pool-71-thread-1] INFO  server.RaftServerConfigKeys (ConfUtils.java:logGet(43)) - raft.server.log.appender.buffer.byte-limit = 33554432 (custom)
2019-09-20 08:46:10,488 [pool-71-thread-1] INFO  server.RaftServerConfigKeys (ConfUtils.java:logGet(43)) - raft.server.log.segment.size.max = 1048576 (custom)
2019-09-20 08:46:10,489 [pool-71-thread-1] INFO  server.RaftServerConfigKeys (ConfUtils.java:logGet(43)) - raft.server.log.segment.cache.num.max = 2 (custom)
2019-09-20 08:46:10,489 [pool-71-thread-1] INFO  segmented.SegmentedRaftLogWorker (SegmentedRaftLogWorker.java:<init>(172)) - new 4eb079c5-a63c-4d36-97af-76873864fc0c-SegmentedRaftLogWorker:Storage Directory /workdir/hadoop-ozone/ozonefs/target/test-dir/MiniOzoneClusterImpl-da5888fd-c692-4355-82c4-91aa98cbf569/datanode-4/data/ratis/036416f8-e1c5-4efb-bd8e-cbfa0de0e68d for RaftStorage:Storage Directory /workdir/hadoop-ozone/ozonefs/target/test-dir/MiniOzoneClusterImpl-da5888fd-c692-4355-82c4-91aa98cbf569/datanode-4/data/ratis/036416f8-e1c5-4efb-bd8e-cbfa0de0e68d
2019-09-20 08:46:10,493 [pool-71-thread-1] INFO  server.RaftServerConfigKeys (ConfUtils.java:logGet(43)) - raft.server.log.queue.byte-limit = 2147483647 (custom)
2019-09-20 08:46:10,493 | INFO  | SCMAudit | user=jenkins1000 | ip=192.168.36.79 | op=SEND_HEARTBEAT {datanodeUUID=a3bf3c1a-4063-48f8-b1bd-e321780611c4, command=[]} | ret=SUCCESS |  
2019-09-20 08:46:10,493 [pool-71-thread-1] INFO  server.RaftServerConfigKeys (ConfUtils.java:logGet(43)) - raft.server.log.queue.element-limit = 1024 (custom)
2019-09-20 08:46:10,493 [pool-71-thread-1] INFO  server.RaftServerConfigKeys (ConfUtils.java:logGet(43)) - raft.server.log.segment.size.max = 1048576 (custom)
2019-09-20 08:46:10,499 | INFO  | SCMAudit | user=jenkins1000 | ip=192.168.36.79 | op=SEND_HEARTBEAT {datanodeUUID=1cc75455-5fc2-459e-9e17-b902eb9cc08f, command=[]} | ret=SUCCESS |  
2019-09-20 08:46:10,499 [pool-71-thread-1] INFO  server.RaftServerConfigKeys (ConfUtils.java:logGet(43)) - raft.server.log.preallocated.size = 16384 (custom)
2019-09-20 08:46:10,499 [pool-71-thread-1] INFO  server.RaftServerConfigKeys (ConfUtils.java:logGet(43)) - raft.server.log.write.buffer.size = 33554432 (custom)
2019-09-20 08:46:10,500 [pool-71-thread-1] INFO  server.RaftServerConfigKeys (ConfUtils.java:logGet(43)) - raft.server.log.force.sync.num = 128 (default)
2019-09-20 08:46:10,500 [pool-71-thread-1] INFO  server.RaftServerConfigKeys (ConfUtils.java:logGet(43)) - raft.server.log.statemachine.data.sync = true (default)
2019-09-20 08:46:10,500 [pool-71-thread-1] INFO  server.RaftServerConfigKeys (ConfUtils.java:logGet(43)) - raft.server.log.statemachine.data.sync.timeout = 10s (default)
2019-09-20 08:46:10,500 [pool-71-thread-1] INFO  server.RaftServerConfigKeys (ConfUtils.java:logGet(43)) - raft.server.log.statemachine.data.sync.timeout.retry = -1 (default)
2019-09-20 08:46:10,500 [pool-71-thread-1] INFO  server.RaftServerConfigKeys (ConfUtils.java:logGet(43)) - raft.server.log.statemachine.data.caching.enabled = true (custom)
2019-09-20 08:46:10,501 [pool-71-thread-1] INFO  segmented.SegmentedRaftLogWorker (SegmentedRaftLogWorker.java:lambda$new$0(132)) - 4eb079c5-a63c-4d36-97af-76873864fc0c-SegmentedRaftLogWorker:Storage Directory /workdir/hadoop-ozone/ozonefs/target/test-dir/MiniOzoneClusterImpl-da5888fd-c692-4355-82c4-91aa98cbf569/datanode-4/data/ratis/036416f8-e1c5-4efb-bd8e-cbfa0de0e68d: flushIndex: setUnconditionally 0 -> -1
2019-09-20 08:46:10,501 [pool-71-thread-1] INFO  server.RaftServerConfigKeys (ConfUtils.java:logGet(43)) - raft.server.snapshot.auto.trigger.enabled = true (custom)
2019-09-20 08:46:10,501 [pool-71-thread-1] INFO  server.RaftServerConfigKeys (ConfUtils.java:logGet(43)) - raft.server.snapshot.auto.trigger.threshold = 10000 (custom)
2019-09-20 08:46:10,502 [pool-71-thread-1] INFO  server.RaftServerConfigKeys (ConfUtils.java:logGet(43)) - raft.server.retrycache.expirytime = 600000ms (custom)
2019-09-20 08:46:10,502 [pool-71-thread-1] INFO  impl.RaftServerImpl (RaftServerImpl.java:start(180)) - 4eb079c5-a63c-4d36-97af-76873864fc0c: start group-CBFA0DE0E68D
2019-09-20 08:46:10,502 [pool-71-thread-1] INFO  impl.RaftServerImpl (RaftServerImpl.java:setRole(171)) - 4eb079c5-a63c-4d36-97af-76873864fc0c:group-CBFA0DE0E68D changes role from null to FOLLOWER at term 0 for startAsFollower
2019-09-20 08:46:10,502 [pool-71-thread-1] INFO  impl.RoleInfo (RoleInfo.java:updateAndGet(143)) - 4eb079c5-a63c-4d36-97af-76873864fc0c: start FollowerState
2019-09-20 08:46:10,503 [pool-71-thread-1] INFO  util.JmxRegister (JmxRegister.java:tryRegister(44)) - Successfully registered JMX Bean with object name Ratis:service=RaftServer,group=group-CBFA0DE0E68D,id=4eb079c5-a63c-4d36-97af-76873864fc0c
2019-09-20 08:46:10,509 [RatisPipelineUtilsThread] INFO  pipeline.PipelineStateManager (PipelineStateManager.java:addPipeline(56)) - Created pipeline Pipeline[ Id: 036416f8-e1c5-4efb-bd8e-cbfa0de0e68d, Nodes: 4eb079c5-a63c-4d36-97af-76873864fc0c{ip: 192.168.36.79, host: pr-hdds-1569-s8kj2-2266485376, networkLocation: /default-rack, certSerialId: null}, Type:RATIS, Factor:ONE, State:OPEN]
2019-09-20 08:46:10,512 [RatisPipelineUtilsThread] INFO  pipeline.PipelinePlacementPolicy (PipelinePlacementPolicy.java:meetCriteria(91)) - Pipeline Placement: Doesn't meet the criteria to be viable node： 3ea69b51-ea1d-40b9-a82f-433a48a46bff Heaviness: 6 limit: 5
2019-09-20 08:46:10,527 [grpc-default-executor-1] INFO  impl.RaftServerProxy (RaftServerProxy.java:addNew(89)) - 0d845cc3-b0d9-47c5-b935-74fa0be2c903: addNew group-7FE221FFB5AC:[0d845cc3-b0d9-47c5-b935-74fa0be2c903:192.168.36.79:38257] returns group-7FE221FFB5AC:java.util.concurrent.CompletableFuture@4b7922c2[Not completed]
2019-09-20 08:46:10,529 [pool-82-thread-1] INFO  impl.RaftServerImpl (RaftServerImpl.java:<init>(93)) - 0d845cc3-b0d9-47c5-b935-74fa0be2c903: new RaftServerImpl for group-7FE221FFB5AC:[0d845cc3-b0d9-47c5-b935-74fa0be2c903:192.168.36.79:38257] with ContainerStateMachine:uninitialized
2019-09-20 08:46:10,529 [pool-82-thread-1] INFO  server.RaftServerConfigKeys (ConfUtils.java:logGet(43)) - raft.server.rpc.timeout.min = 5s (custom)
2019-09-20 08:46:10,530 [pool-82-thread-1] INFO  server.RaftServerConfigKeys (ConfUtils.java:logGet(43)) - raft.server.rpc.timeout.max = 5200ms (custom)
2019-09-20 08:46:10,530 [pool-82-thread-1] INFO  server.RaftServerConfigKeys (ConfUtils.java:logGet(43)) - raft.server.rpcslowness.timeout = 120s (custom)
2019-09-20 08:46:10,530 [pool-82-thread-1] INFO  server.RaftServerConfigKeys (ConfUtils.java:logGet(43)) - raft.server.sleep.deviation.threshold = 300 (default)
2019-09-20 08:46:10,530 [pool-82-thread-1] INFO  server.RaftServerConfigKeys (ConfUtils.java:logGet(43)) - raft.server.log.appender.install.snapshot.enabled = false (custom)
2019-09-20 08:46:10,530 [pool-82-thread-1] INFO  impl.RaftServerImpl (ServerState.java:<init>(105)) - 0d845cc3-b0d9-47c5-b935-74fa0be2c903:group-7FE221FFB5AC ConfigurationManager, init=-1: [0d845cc3-b0d9-47c5-b935-74fa0be2c903:192.168.36.79:38257], old=null, confs=<EMPTY_MAP>
2019-09-20 08:46:10,530 [pool-82-thread-1] INFO  server.RaftServerConfigKeys (ConfUtils.java:logGet(43)) - raft.server.storage.dir = [/workdir/hadoop-ozone/ozonefs/target/test-dir/MiniOzoneClusterImpl-da5888fd-c692-4355-82c4-91aa98cbf569/datanode-5/data/ratis] (custom)
2019-09-20 08:46:10,531 [pool-82-thread-1] INFO  storage.RaftStorageDirectory (RaftStorageDirectory.java:analyzeStorage(246)) - The storage directory /workdir/hadoop-ozone/ozonefs/target/test-dir/MiniOzoneClusterImpl-da5888fd-c692-4355-82c4-91aa98cbf569/datanode-5/data/ratis/5ea11423-92fb-420e-afde-7fe221ffb5ac does not exist. Creating ...
2019-09-20 08:46:10,545 | INFO  | SCMAudit | user=jenkins1000 | ip=192.168.36.79 | op=SEND_HEARTBEAT {datanodeUUID=735a34e4-c7c4-465a-a71d-fefc6390b8eb, command=[]} | ret=SUCCESS |  
2019-09-20 08:46:10,554 [pool-82-thread-1] INFO  storage.RaftStorageDirectory (RaftStorageDirectory.java:tryLock(328)) - Lock on /workdir/hadoop-ozone/ozonefs/target/test-dir/MiniOzoneClusterImpl-da5888fd-c692-4355-82c4-91aa98cbf569/datanode-5/data/ratis/5ea11423-92fb-420e-afde-7fe221ffb5ac/in_use.lock acquired by nodename 7820@pr-hdds-1569-s8kj2-2266485376
2019-09-20 08:46:10,583 [pool-82-thread-1] INFO  storage.RaftStorage (RaftStorage.java:format(72)) - Storage directory /workdir/hadoop-ozone/ozonefs/target/test-dir/MiniOzoneClusterImpl-da5888fd-c692-4355-82c4-91aa98cbf569/datanode-5/data/ratis/5ea11423-92fb-420e-afde-7fe221ffb5ac has been successfully formatted.
2019-09-20 08:46:10,583 [pool-82-thread-1] INFO  ratis.ContainerStateMachine (ContainerStateMachine.java:loadSnapshot(226)) - group-7FE221FFB5AC: The snapshot info is null. Setting the last applied indexto:(t:0, i:~)
2019-09-20 08:46:10,583 [pool-82-thread-1] INFO  server.RaftServerConfigKeys (ConfUtils.java:logGet(43)) - raft.server.leader.election.timeout = 120s (custom)
2019-09-20 08:46:10,584 [pool-82-thread-1] INFO  server.RaftServerConfigKeys (ConfUtils.java:logGet(43)) - raft.server.log.use.memory = false (default)
2019-09-20 08:46:10,584 [pool-82-thread-1] INFO  server.RaftServerConfigKeys (ConfUtils.java:logGet(43)) - raft.server.log.purge.gap = 1000000 (custom)
2019-09-20 08:46:10,584 [pool-82-thread-1] INFO  server.RaftServerConfigKeys (ConfUtils.java:logGet(43)) - raft.server.log.appender.buffer.byte-limit = 33554432 (custom)
2019-09-20 08:46:10,584 [pool-82-thread-1] INFO  server.RaftServerConfigKeys (ConfUtils.java:logGet(43)) - raft.server.log.segment.size.max = 1048576 (custom)
2019-09-20 08:46:10,584 [pool-82-thread-1] INFO  server.RaftServerConfigKeys (ConfUtils.java:logGet(43)) - raft.server.log.segment.cache.num.max = 2 (custom)
2019-09-20 08:46:10,585 [pool-82-thread-1] INFO  segmented.SegmentedRaftLogWorker (SegmentedRaftLogWorker.java:<init>(172)) - new 0d845cc3-b0d9-47c5-b935-74fa0be2c903-SegmentedRaftLogWorker:Storage Directory /workdir/hadoop-ozone/ozonefs/target/test-dir/MiniOzoneClusterImpl-da5888fd-c692-4355-82c4-91aa98cbf569/datanode-5/data/ratis/5ea11423-92fb-420e-afde-7fe221ffb5ac for RaftStorage:Storage Directory /workdir/hadoop-ozone/ozonefs/target/test-dir/MiniOzoneClusterImpl-da5888fd-c692-4355-82c4-91aa98cbf569/datanode-5/data/ratis/5ea11423-92fb-420e-afde-7fe221ffb5ac
2019-09-20 08:46:10,585 [pool-82-thread-1] INFO  server.RaftServerConfigKeys (ConfUtils.java:logGet(43)) - raft.server.log.queue.byte-limit = 2147483647 (custom)
2019-09-20 08:46:10,585 [pool-82-thread-1] INFO  server.RaftServerConfigKeys (ConfUtils.java:logGet(43)) - raft.server.log.queue.element-limit = 1024 (custom)
2019-09-20 08:46:10,585 [pool-82-thread-1] INFO  server.RaftServerConfigKeys (ConfUtils.java:logGet(43)) - raft.server.log.segment.size.max = 1048576 (custom)
2019-09-20 08:46:10,585 [pool-82-thread-1] INFO  server.RaftServerConfigKeys (ConfUtils.java:logGet(43)) - raft.server.log.preallocated.size = 16384 (custom)
2019-09-20 08:46:10,586 [pool-82-thread-1] INFO  server.RaftServerConfigKeys (ConfUtils.java:logGet(43)) - raft.server.log.write.buffer.size = 33554432 (custom)
2019-09-20 08:46:10,586 [pool-82-thread-1] INFO  server.RaftServerConfigKeys (ConfUtils.java:logGet(43)) - raft.server.log.force.sync.num = 128 (default)
2019-09-20 08:46:10,586 [pool-82-thread-1] INFO  server.RaftServerConfigKeys (ConfUtils.java:logGet(43)) - raft.server.log.statemachine.data.sync = true (default)
2019-09-20 08:46:10,586 [pool-82-thread-1] INFO  server.RaftServerConfigKeys (ConfUtils.java:logGet(43)) - raft.server.log.statemachine.data.sync.timeout = 10s (default)
2019-09-20 08:46:10,586 [pool-82-thread-1] INFO  server.RaftServerConfigKeys (ConfUtils.java:logGet(43)) - raft.server.log.statemachine.data.sync.timeout.retry = -1 (default)
2019-09-20 08:46:10,587 [pool-82-thread-1] INFO  server.RaftServerConfigKeys (ConfUtils.java:logGet(43)) - raft.server.log.statemachine.data.caching.enabled = true (custom)
2019-09-20 08:46:10,587 [pool-82-thread-1] INFO  segmented.SegmentedRaftLogWorker (SegmentedRaftLogWorker.java:lambda$new$0(132)) - 0d845cc3-b0d9-47c5-b935-74fa0be2c903-SegmentedRaftLogWorker:Storage Directory /workdir/hadoop-ozone/ozonefs/target/test-dir/MiniOzoneClusterImpl-da5888fd-c692-4355-82c4-91aa98cbf569/datanode-5/data/ratis/5ea11423-92fb-420e-afde-7fe221ffb5ac: flushIndex: setUnconditionally 0 -> -1
2019-09-20 08:46:10,588 [pool-82-thread-1] INFO  server.RaftServerConfigKeys (ConfUtils.java:logGet(43)) - raft.server.snapshot.auto.trigger.enabled = true (custom)
2019-09-20 08:46:10,588 [pool-82-thread-1] INFO  server.RaftServerConfigKeys (ConfUtils.java:logGet(43)) - raft.server.snapshot.auto.trigger.threshold = 10000 (custom)
2019-09-20 08:46:10,588 [pool-82-thread-1] INFO  server.RaftServerConfigKeys (ConfUtils.java:logGet(43)) - raft.server.retrycache.expirytime = 600000ms (custom)
2019-09-20 08:46:10,588 [pool-82-thread-1] INFO  impl.RaftServerImpl (RaftServerImpl.java:start(180)) - 0d845cc3-b0d9-47c5-b935-74fa0be2c903: start group-7FE221FFB5AC
2019-09-20 08:46:10,588 [pool-82-thread-1] INFO  impl.RaftServerImpl (RaftServerImpl.java:setRole(171)) - 0d845cc3-b0d9-47c5-b935-74fa0be2c903:group-7FE221FFB5AC changes role from null to FOLLOWER at term 0 for startAsFollower
2019-09-20 08:46:10,589 [pool-82-thread-1] INFO  impl.RoleInfo (RoleInfo.java:updateAndGet(143)) - 0d845cc3-b0d9-47c5-b935-74fa0be2c903: start FollowerState
2019-09-20 08:46:10,589 [pool-82-thread-1] INFO  util.JmxRegister (JmxRegister.java:tryRegister(44)) - Successfully registered JMX Bean with object name Ratis:service=RaftServer,group=group-7FE221FFB5AC,id=0d845cc3-b0d9-47c5-b935-74fa0be2c903
2019-09-20 08:46:10,596 [RatisPipelineUtilsThread] INFO  pipeline.PipelineStateManager (PipelineStateManager.java:addPipeline(56)) - Created pipeline Pipeline[ Id: 5ea11423-92fb-420e-afde-7fe221ffb5ac, Nodes: 0d845cc3-b0d9-47c5-b935-74fa0be2c903{ip: 192.168.36.79, host: pr-hdds-1569-s8kj2-2266485376, networkLocation: /default-rack, certSerialId: null}, Type:RATIS, Factor:ONE, State:OPEN]
2019-09-20 08:46:10,598 [RatisPipelineUtilsThread] INFO  pipeline.PipelinePlacementPolicy (PipelinePlacementPolicy.java:meetCriteria(91)) - Pipeline Placement: Doesn't meet the criteria to be viable node： 3ea69b51-ea1d-40b9-a82f-433a48a46bff Heaviness: 6 limit: 5
2019-09-20 08:46:10,608 [grpc-default-executor-1] INFO  impl.RaftServerProxy (RaftServerProxy.java:addNew(89)) - e997423e-4090-4042-87ee-7419d4cf7365: addNew group-9775DB412483:[e997423e-4090-4042-87ee-7419d4cf7365:192.168.36.79:35366] returns group-9775DB412483:java.util.concurrent.CompletableFuture@457cb16d[Not completed]
2019-09-20 08:46:10,610 [pool-38-thread-1] INFO  impl.RaftServerImpl (RaftServerImpl.java:<init>(93)) - e997423e-4090-4042-87ee-7419d4cf7365: new RaftServerImpl for group-9775DB412483:[e997423e-4090-4042-87ee-7419d4cf7365:192.168.36.79:35366] with ContainerStateMachine:uninitialized
2019-09-20 08:46:10,610 [pool-38-thread-1] INFO  server.RaftServerConfigKeys (ConfUtils.java:logGet(43)) - raft.server.rpc.timeout.min = 5s (custom)
2019-09-20 08:46:10,610 [pool-38-thread-1] INFO  server.RaftServerConfigKeys (ConfUtils.java:logGet(43)) - raft.server.rpc.timeout.max = 5200ms (custom)
2019-09-20 08:46:10,611 [pool-38-thread-1] INFO  server.RaftServerConfigKeys (ConfUtils.java:logGet(43)) - raft.server.rpcslowness.timeout = 120s (custom)
2019-09-20 08:46:10,611 [pool-38-thread-1] INFO  server.RaftServerConfigKeys (ConfUtils.java:logGet(43)) - raft.server.sleep.deviation.threshold = 300 (default)
2019-09-20 08:46:10,611 [pool-38-thread-1] INFO  server.RaftServerConfigKeys (ConfUtils.java:logGet(43)) - raft.server.log.appender.install.snapshot.enabled = false (custom)
2019-09-20 08:46:10,611 [pool-38-thread-1] INFO  impl.RaftServerImpl (ServerState.java:<init>(105)) - e997423e-4090-4042-87ee-7419d4cf7365:group-9775DB412483 ConfigurationManager, init=-1: [e997423e-4090-4042-87ee-7419d4cf7365:192.168.36.79:35366], old=null, confs=<EMPTY_MAP>
2019-09-20 08:46:10,611 [pool-38-thread-1] INFO  server.RaftServerConfigKeys (ConfUtils.java:logGet(43)) - raft.server.storage.dir = [/workdir/hadoop-ozone/ozonefs/target/test-dir/MiniOzoneClusterImpl-da5888fd-c692-4355-82c4-91aa98cbf569/datanode-1/data/ratis] (custom)
2019-09-20 08:46:10,612 [pool-38-thread-1] INFO  storage.RaftStorageDirectory (RaftStorageDirectory.java:analyzeStorage(246)) - The storage directory /workdir/hadoop-ozone/ozonefs/target/test-dir/MiniOzoneClusterImpl-da5888fd-c692-4355-82c4-91aa98cbf569/datanode-1/data/ratis/373de93b-9dc0-4f97-ac36-9775db412483 does not exist. Creating ...
2019-09-20 08:46:10,635 [pool-38-thread-1] INFO  storage.RaftStorageDirectory (RaftStorageDirectory.java:tryLock(328)) - Lock on /workdir/hadoop-ozone/ozonefs/target/test-dir/MiniOzoneClusterImpl-da5888fd-c692-4355-82c4-91aa98cbf569/datanode-1/data/ratis/373de93b-9dc0-4f97-ac36-9775db412483/in_use.lock acquired by nodename 7820@pr-hdds-1569-s8kj2-2266485376
2019-09-20 08:46:10,666 [pool-38-thread-1] INFO  storage.RaftStorage (RaftStorage.java:format(72)) - Storage directory /workdir/hadoop-ozone/ozonefs/target/test-dir/MiniOzoneClusterImpl-da5888fd-c692-4355-82c4-91aa98cbf569/datanode-1/data/ratis/373de93b-9dc0-4f97-ac36-9775db412483 has been successfully formatted.
2019-09-20 08:46:10,667 [pool-38-thread-1] INFO  ratis.ContainerStateMachine (ContainerStateMachine.java:loadSnapshot(226)) - group-9775DB412483: The snapshot info is null. Setting the last applied indexto:(t:0, i:~)
2019-09-20 08:46:10,668 [pool-38-thread-1] INFO  server.RaftServerConfigKeys (ConfUtils.java:logGet(43)) - raft.server.leader.election.timeout = 120s (custom)
2019-09-20 08:46:10,668 [pool-38-thread-1] INFO  server.RaftServerConfigKeys (ConfUtils.java:logGet(43)) - raft.server.log.use.memory = false (default)
2019-09-20 08:46:10,668 [pool-38-thread-1] INFO  server.RaftServerConfigKeys (ConfUtils.java:logGet(43)) - raft.server.log.purge.gap = 1000000 (custom)
2019-09-20 08:46:10,668 [pool-38-thread-1] INFO  server.RaftServerConfigKeys (ConfUtils.java:logGet(43)) - raft.server.log.appender.buffer.byte-limit = 33554432 (custom)
2019-09-20 08:46:10,668 [pool-38-thread-1] INFO  server.RaftServerConfigKeys (ConfUtils.java:logGet(43)) - raft.server.log.segment.size.max = 1048576 (custom)
2019-09-20 08:46:10,668 [pool-38-thread-1] INFO  server.RaftServerConfigKeys (ConfUtils.java:logGet(43)) - raft.server.log.segment.cache.num.max = 2 (custom)
2019-09-20 08:46:10,669 [pool-38-thread-1] INFO  segmented.SegmentedRaftLogWorker (SegmentedRaftLogWorker.java:<init>(172)) - new e997423e-4090-4042-87ee-7419d4cf7365-SegmentedRaftLogWorker:Storage Directory /workdir/hadoop-ozone/ozonefs/target/test-dir/MiniOzoneClusterImpl-da5888fd-c692-4355-82c4-91aa98cbf569/datanode-1/data/ratis/373de93b-9dc0-4f97-ac36-9775db412483 for RaftStorage:Storage Directory /workdir/hadoop-ozone/ozonefs/target/test-dir/MiniOzoneClusterImpl-da5888fd-c692-4355-82c4-91aa98cbf569/datanode-1/data/ratis/373de93b-9dc0-4f97-ac36-9775db412483
2019-09-20 08:46:10,669 [pool-38-thread-1] INFO  server.RaftServerConfigKeys (ConfUtils.java:logGet(43)) - raft.server.log.queue.byte-limit = 2147483647 (custom)
2019-09-20 08:46:10,669 [pool-38-thread-1] INFO  server.RaftServerConfigKeys (ConfUtils.java:logGet(43)) - raft.server.log.queue.element-limit = 1024 (custom)
2019-09-20 08:46:10,669 [pool-38-thread-1] INFO  server.RaftServerConfigKeys (ConfUtils.java:logGet(43)) - raft.server.log.segment.size.max = 1048576 (custom)
2019-09-20 08:46:10,669 [pool-38-thread-1] INFO  server.RaftServerConfigKeys (ConfUtils.java:logGet(43)) - raft.server.log.preallocated.size = 16384 (custom)
2019-09-20 08:46:10,669 [pool-38-thread-1] INFO  server.RaftServerConfigKeys (ConfUtils.java:logGet(43)) - raft.server.log.write.buffer.size = 33554432 (custom)
2019-09-20 08:46:10,670 [pool-38-thread-1] INFO  server.RaftServerConfigKeys (ConfUtils.java:logGet(43)) - raft.server.log.force.sync.num = 128 (default)
2019-09-20 08:46:10,670 [pool-38-thread-1] INFO  server.RaftServerConfigKeys (ConfUtils.java:logGet(43)) - raft.server.log.statemachine.data.sync = true (default)
2019-09-20 08:46:10,670 [pool-38-thread-1] INFO  server.RaftServerConfigKeys (ConfUtils.java:logGet(43)) - raft.server.log.statemachine.data.sync.timeout = 10s (default)
2019-09-20 08:46:10,670 [pool-38-thread-1] INFO  server.RaftServerConfigKeys (ConfUtils.java:logGet(43)) - raft.server.log.statemachine.data.sync.timeout.retry = -1 (default)
2019-09-20 08:46:10,670 [pool-38-thread-1] INFO  server.RaftServerConfigKeys (ConfUtils.java:logGet(43)) - raft.server.log.statemachine.data.caching.enabled = true (custom)
2019-09-20 08:46:10,671 [pool-38-thread-1] INFO  segmented.SegmentedRaftLogWorker (SegmentedRaftLogWorker.java:lambda$new$0(132)) - e997423e-4090-4042-87ee-7419d4cf7365-SegmentedRaftLogWorker:Storage Directory /workdir/hadoop-ozone/ozonefs/target/test-dir/MiniOzoneClusterImpl-da5888fd-c692-4355-82c4-91aa98cbf569/datanode-1/data/ratis/373de93b-9dc0-4f97-ac36-9775db412483: flushIndex: setUnconditionally 0 -> -1
2019-09-20 08:46:10,671 [pool-38-thread-1] INFO  server.RaftServerConfigKeys (ConfUtils.java:logGet(43)) - raft.server.snapshot.auto.trigger.enabled = true (custom)
2019-09-20 08:46:10,671 [pool-38-thread-1] INFO  server.RaftServerConfigKeys (ConfUtils.java:logGet(43)) - raft.server.snapshot.auto.trigger.threshold = 10000 (custom)
2019-09-20 08:46:10,672 [pool-38-thread-1] INFO  server.RaftServerConfigKeys (ConfUtils.java:logGet(43)) - raft.server.retrycache.expirytime = 600000ms (custom)
2019-09-20 08:46:10,672 [pool-38-thread-1] INFO  impl.RaftServerImpl (RaftServerImpl.java:start(180)) - e997423e-4090-4042-87ee-7419d4cf7365: start group-9775DB412483
2019-09-20 08:46:10,672 [pool-38-thread-1] INFO  impl.RaftServerImpl (RaftServerImpl.java:setRole(171)) - e997423e-4090-4042-87ee-7419d4cf7365:group-9775DB412483 changes role from null to FOLLOWER at term 0 for startAsFollower
2019-09-20 08:46:10,672 [pool-38-thread-1] INFO  impl.RoleInfo (RoleInfo.java:updateAndGet(143)) - e997423e-4090-4042-87ee-7419d4cf7365: start FollowerState
2019-09-20 08:46:10,673 [pool-38-thread-1] INFO  util.JmxRegister (JmxRegister.java:tryRegister(44)) - Successfully registered JMX Bean with object name Ratis:service=RaftServer,group=group-9775DB412483,id=e997423e-4090-4042-87ee-7419d4cf7365
2019-09-20 08:46:10,681 | INFO  | SCMAudit | user=jenkins1000 | ip=192.168.36.79 | op=SEND_HEARTBEAT {datanodeUUID=4eb079c5-a63c-4d36-97af-76873864fc0c, command=[]} | ret=SUCCESS |  
2019-09-20 08:46:10,681 [RatisPipelineUtilsThread] INFO  pipeline.PipelineStateManager (PipelineStateManager.java:addPipeline(56)) - Created pipeline Pipeline[ Id: 373de93b-9dc0-4f97-ac36-9775db412483, Nodes: e997423e-4090-4042-87ee-7419d4cf7365{ip: 192.168.36.79, host: pr-hdds-1569-s8kj2-2266485376, networkLocation: /default-rack, certSerialId: null}, Type:RATIS, Factor:ONE, State:OPEN]
2019-09-20 08:46:10,683 [RatisPipelineUtilsThread] INFO  pipeline.PipelinePlacementPolicy (PipelinePlacementPolicy.java:meetCriteria(91)) - Pipeline Placement: Doesn't meet the criteria to be viable node： 3ea69b51-ea1d-40b9-a82f-433a48a46bff Heaviness: 6 limit: 5
2019-09-20 08:46:10,693 [grpc-default-executor-1] INFO  impl.RaftServerProxy (RaftServerProxy.java:addNew(89)) - 1cc75455-5fc2-459e-9e17-b902eb9cc08f: addNew group-B06F11741F73:[1cc75455-5fc2-459e-9e17-b902eb9cc08f:192.168.36.79:35300] returns group-B06F11741F73:java.util.concurrent.CompletableFuture@3dd2e518[Not completed]
2019-09-20 08:46:10,694 [pool-49-thread-1] INFO  impl.RaftServerImpl (RaftServerImpl.java:<init>(93)) - 1cc75455-5fc2-459e-9e17-b902eb9cc08f: new RaftServerImpl for group-B06F11741F73:[1cc75455-5fc2-459e-9e17-b902eb9cc08f:192.168.36.79:35300] with ContainerStateMachine:uninitialized
2019-09-20 08:46:10,695 [pool-49-thread-1] INFO  server.RaftServerConfigKeys (ConfUtils.java:logGet(43)) - raft.server.rpc.timeout.min = 5s (custom)
2019-09-20 08:46:10,695 [pool-49-thread-1] INFO  server.RaftServerConfigKeys (ConfUtils.java:logGet(43)) - raft.server.rpc.timeout.max = 5200ms (custom)
2019-09-20 08:46:10,695 [pool-49-thread-1] INFO  server.RaftServerConfigKeys (ConfUtils.java:logGet(43)) - raft.server.rpcslowness.timeout = 120s (custom)
2019-09-20 08:46:10,695 [pool-49-thread-1] INFO  server.RaftServerConfigKeys (ConfUtils.java:logGet(43)) - raft.server.sleep.deviation.threshold = 300 (default)
2019-09-20 08:46:10,695 [pool-49-thread-1] INFO  server.RaftServerConfigKeys (ConfUtils.java:logGet(43)) - raft.server.log.appender.install.snapshot.enabled = false (custom)
2019-09-20 08:46:10,695 [pool-49-thread-1] INFO  impl.RaftServerImpl (ServerState.java:<init>(105)) - 1cc75455-5fc2-459e-9e17-b902eb9cc08f:group-B06F11741F73 ConfigurationManager, init=-1: [1cc75455-5fc2-459e-9e17-b902eb9cc08f:192.168.36.79:35300], old=null, confs=<EMPTY_MAP>
2019-09-20 08:46:10,696 [pool-49-thread-1] INFO  server.RaftServerConfigKeys (ConfUtils.java:logGet(43)) - raft.server.storage.dir = [/workdir/hadoop-ozone/ozonefs/target/test-dir/MiniOzoneClusterImpl-da5888fd-c692-4355-82c4-91aa98cbf569/datanode-2/data/ratis] (custom)
2019-09-20 08:46:10,696 [pool-49-thread-1] INFO  storage.RaftStorageDirectory (RaftStorageDirectory.java:analyzeStorage(246)) - The storage directory /workdir/hadoop-ozone/ozonefs/target/test-dir/MiniOzoneClusterImpl-da5888fd-c692-4355-82c4-91aa98cbf569/datanode-2/data/ratis/57c6427a-3dd0-4aea-a697-b06f11741f73 does not exist. Creating ...
2019-09-20 08:46:10,731 [pool-49-thread-1] INFO  storage.RaftStorageDirectory (RaftStorageDirectory.java:tryLock(328)) - Lock on /workdir/hadoop-ozone/ozonefs/target/test-dir/MiniOzoneClusterImpl-da5888fd-c692-4355-82c4-91aa98cbf569/datanode-2/data/ratis/57c6427a-3dd0-4aea-a697-b06f11741f73/in_use.lock acquired by nodename 7820@pr-hdds-1569-s8kj2-2266485376
2019-09-20 08:46:10,734 | INFO  | OMAudit | user=jenkins1000 | ip=127.0.0.1 | op=READ_VOLUME {volume=volume44569} | ret=SUCCESS |  
2019-09-20 08:46:10,734 | INFO  | SCMAudit | user=jenkins1000 | ip=192.168.36.79 | op=SEND_HEARTBEAT {datanodeUUID=e997423e-4090-4042-87ee-7419d4cf7365, command=[]} | ret=SUCCESS |  
2019-09-20 08:46:10,743 | INFO  | OMAudit | user=jenkins1000 | ip=127.0.0.1 | op=READ_BUCKET {volume=volume44569, bucket=bucket92475} | ret=SUCCESS |  
2019-09-20 08:46:10,761 [pool-49-thread-1] INFO  storage.RaftStorage (RaftStorage.java:format(72)) - Storage directory /workdir/hadoop-ozone/ozonefs/target/test-dir/MiniOzoneClusterImpl-da5888fd-c692-4355-82c4-91aa98cbf569/datanode-2/data/ratis/57c6427a-3dd0-4aea-a697-b06f11741f73 has been successfully formatted.
2019-09-20 08:46:10,761 [pool-49-thread-1] INFO  ratis.ContainerStateMachine (ContainerStateMachine.java:loadSnapshot(226)) - group-B06F11741F73: The snapshot info is null. Setting the last applied indexto:(t:0, i:~)
2019-09-20 08:46:10,761 [pool-49-thread-1] INFO  server.RaftServerConfigKeys (ConfUtils.java:logGet(43)) - raft.server.leader.election.timeout = 120s (custom)
2019-09-20 08:46:10,761 [pool-49-thread-1] INFO  server.RaftServerConfigKeys (ConfUtils.java:logGet(43)) - raft.server.log.use.memory = false (default)
2019-09-20 08:46:10,762 [pool-49-thread-1] INFO  server.RaftServerConfigKeys (ConfUtils.java:logGet(43)) - raft.server.log.purge.gap = 1000000 (custom)
2019-09-20 08:46:10,762 [pool-49-thread-1] INFO  server.RaftServerConfigKeys (ConfUtils.java:logGet(43)) - raft.server.log.appender.buffer.byte-limit = 33554432 (custom)
2019-09-20 08:46:10,762 [pool-49-thread-1] INFO  server.RaftServerConfigKeys (ConfUtils.java:logGet(43)) - raft.server.log.segment.size.max = 1048576 (custom)
2019-09-20 08:46:10,762 [pool-49-thread-1] INFO  server.RaftServerConfigKeys (ConfUtils.java:logGet(43)) - raft.server.log.segment.cache.num.max = 2 (custom)
2019-09-20 08:46:10,762 [pool-49-thread-1] INFO  segmented.SegmentedRaftLogWorker (SegmentedRaftLogWorker.java:<init>(172)) - new 1cc75455-5fc2-459e-9e17-b902eb9cc08f-SegmentedRaftLogWorker:Storage Directory /workdir/hadoop-ozone/ozonefs/target/test-dir/MiniOzoneClusterImpl-da5888fd-c692-4355-82c4-91aa98cbf569/datanode-2/data/ratis/57c6427a-3dd0-4aea-a697-b06f11741f73 for RaftStorage:Storage Directory /workdir/hadoop-ozone/ozonefs/target/test-dir/MiniOzoneClusterImpl-da5888fd-c692-4355-82c4-91aa98cbf569/datanode-2/data/ratis/57c6427a-3dd0-4aea-a697-b06f11741f73
2019-09-20 08:46:10,763 [pool-49-thread-1] INFO  server.RaftServerConfigKeys (ConfUtils.java:logGet(43)) - raft.server.log.queue.byte-limit = 2147483647 (custom)
2019-09-20 08:46:10,763 [pool-49-thread-1] INFO  server.RaftServerConfigKeys (ConfUtils.java:logGet(43)) - raft.server.log.queue.element-limit = 1024 (custom)
2019-09-20 08:46:10,763 [pool-49-thread-1] INFO  server.RaftServerConfigKeys (ConfUtils.java:logGet(43)) - raft.server.log.segment.size.max = 1048576 (custom)
2019-09-20 08:46:10,763 [pool-49-thread-1] INFO  server.RaftServerConfigKeys (ConfUtils.java:logGet(43)) - raft.server.log.preallocated.size = 16384 (custom)
2019-09-20 08:46:10,763 [pool-49-thread-1] INFO  server.RaftServerConfigKeys (ConfUtils.java:logGet(43)) - raft.server.log.write.buffer.size = 33554432 (custom)
2019-09-20 08:46:10,763 [pool-49-thread-1] INFO  server.RaftServerConfigKeys (ConfUtils.java:logGet(43)) - raft.server.log.force.sync.num = 128 (default)
2019-09-20 08:46:10,764 [pool-49-thread-1] INFO  server.RaftServerConfigKeys (ConfUtils.java:logGet(43)) - raft.server.log.statemachine.data.sync = true (default)
2019-09-20 08:46:10,764 [pool-49-thread-1] INFO  server.RaftServerConfigKeys (ConfUtils.java:logGet(43)) - raft.server.log.statemachine.data.sync.timeout = 10s (default)
2019-09-20 08:46:10,764 [pool-49-thread-1] INFO  server.RaftServerConfigKeys (ConfUtils.java:logGet(43)) - raft.server.log.statemachine.data.sync.timeout.retry = -1 (default)
2019-09-20 08:46:10,764 [pool-49-thread-1] INFO  server.RaftServerConfigKeys (ConfUtils.java:logGet(43)) - raft.server.log.statemachine.data.caching.enabled = true (custom)
2019-09-20 08:46:10,765 [pool-49-thread-1] INFO  segmented.SegmentedRaftLogWorker (SegmentedRaftLogWorker.java:lambda$new$0(132)) - 1cc75455-5fc2-459e-9e17-b902eb9cc08f-SegmentedRaftLogWorker:Storage Directory /workdir/hadoop-ozone/ozonefs/target/test-dir/MiniOzoneClusterImpl-da5888fd-c692-4355-82c4-91aa98cbf569/datanode-2/data/ratis/57c6427a-3dd0-4aea-a697-b06f11741f73: flushIndex: setUnconditionally 0 -> -1
2019-09-20 08:46:10,765 [pool-49-thread-1] INFO  server.RaftServerConfigKeys (ConfUtils.java:logGet(43)) - raft.server.snapshot.auto.trigger.enabled = true (custom)
2019-09-20 08:46:10,765 [pool-49-thread-1] INFO  server.RaftServerConfigKeys (ConfUtils.java:logGet(43)) - raft.server.snapshot.auto.trigger.threshold = 10000 (custom)
2019-09-20 08:46:10,765 [pool-49-thread-1] INFO  server.RaftServerConfigKeys (ConfUtils.java:logGet(43)) - raft.server.retrycache.expirytime = 600000ms (custom)
2019-09-20 08:46:10,766 [pool-49-thread-1] INFO  impl.RaftServerImpl (RaftServerImpl.java:start(180)) - 1cc75455-5fc2-459e-9e17-b902eb9cc08f: start group-B06F11741F73
2019-09-20 08:46:10,766 [pool-49-thread-1] INFO  impl.RaftServerImpl (RaftServerImpl.java:setRole(171)) - 1cc75455-5fc2-459e-9e17-b902eb9cc08f:group-B06F11741F73 changes role from null to FOLLOWER at term 0 for startAsFollower
2019-09-20 08:46:10,766 [pool-49-thread-1] INFO  impl.RoleInfo (RoleInfo.java:updateAndGet(143)) - 1cc75455-5fc2-459e-9e17-b902eb9cc08f: start FollowerState
2019-09-20 08:46:10,767 [pool-49-thread-1] INFO  util.JmxRegister (JmxRegister.java:tryRegister(44)) - Successfully registered JMX Bean with object name Ratis:service=RaftServer,group=group-B06F11741F73,id=1cc75455-5fc2-459e-9e17-b902eb9cc08f
2019-09-20 08:46:10,773 [RatisPipelineUtilsThread] INFO  pipeline.PipelineStateManager (PipelineStateManager.java:addPipeline(56)) - Created pipeline Pipeline[ Id: 57c6427a-3dd0-4aea-a697-b06f11741f73, Nodes: 1cc75455-5fc2-459e-9e17-b902eb9cc08f{ip: 192.168.36.79, host: pr-hdds-1569-s8kj2-2266485376, networkLocation: /default-rack, certSerialId: null}, Type:RATIS, Factor:ONE, State:OPEN]
2019-09-20 08:46:10,775 [RatisPipelineUtilsThread] INFO  pipeline.PipelinePlacementPolicy (PipelinePlacementPolicy.java:meetCriteria(91)) - Pipeline Placement: Doesn't meet the criteria to be viable node： 3ea69b51-ea1d-40b9-a82f-433a48a46bff Heaviness: 6 limit: 5
2019-09-20 08:46:10,820 [grpc-default-executor-1] INFO  impl.RaftServerProxy (RaftServerProxy.java:addNew(89)) - 1cc75455-5fc2-459e-9e17-b902eb9cc08f: addNew group-9F260B261346:[1cc75455-5fc2-459e-9e17-b902eb9cc08f:192.168.36.79:35300] returns group-9F260B261346:java.util.concurrent.CompletableFuture@4e8369f8[Not completed]
2019-09-20 08:46:10,820 | INFO  | SCMAudit | user=jenkins1000 | ip=192.168.36.79 | op=SEND_HEARTBEAT {datanodeUUID=3d9fb88f-ef2a-412e-bafc-a0084682cc47, command=[]} | ret=SUCCESS |  
2019-09-20 08:46:10,821 [pool-49-thread-1] INFO  impl.RaftServerImpl (RaftServerImpl.java:<init>(93)) - 1cc75455-5fc2-459e-9e17-b902eb9cc08f: new RaftServerImpl for group-9F260B261346:[1cc75455-5fc2-459e-9e17-b902eb9cc08f:192.168.36.79:35300] with ContainerStateMachine:uninitialized
2019-09-20 08:46:10,821 [pool-49-thread-1] INFO  server.RaftServerConfigKeys (ConfUtils.java:logGet(43)) - raft.server.rpc.timeout.min = 5s (custom)
2019-09-20 08:46:10,822 [pool-49-thread-1] INFO  server.RaftServerConfigKeys (ConfUtils.java:logGet(43)) - raft.server.rpc.timeout.max = 5200ms (custom)
2019-09-20 08:46:10,822 [pool-49-thread-1] INFO  server.RaftServerConfigKeys (ConfUtils.java:logGet(43)) - raft.server.rpcslowness.timeout = 120s (custom)
2019-09-20 08:46:10,822 [pool-49-thread-1] INFO  server.RaftServerConfigKeys (ConfUtils.java:logGet(43)) - raft.server.sleep.deviation.threshold = 300 (default)
2019-09-20 08:46:10,822 [pool-49-thread-1] INFO  server.RaftServerConfigKeys (ConfUtils.java:logGet(43)) - raft.server.log.appender.install.snapshot.enabled = false (custom)
2019-09-20 08:46:10,822 [pool-49-thread-1] INFO  impl.RaftServerImpl (ServerState.java:<init>(105)) - 1cc75455-5fc2-459e-9e17-b902eb9cc08f:group-9F260B261346 ConfigurationManager, init=-1: [1cc75455-5fc2-459e-9e17-b902eb9cc08f:192.168.36.79:35300], old=null, confs=<EMPTY_MAP>
2019-09-20 08:46:10,822 [pool-49-thread-1] INFO  server.RaftServerConfigKeys (ConfUtils.java:logGet(43)) - raft.server.storage.dir = [/workdir/hadoop-ozone/ozonefs/target/test-dir/MiniOzoneClusterImpl-da5888fd-c692-4355-82c4-91aa98cbf569/datanode-2/data/ratis] (custom)
2019-09-20 08:46:10,823 [pool-49-thread-1] INFO  storage.RaftStorageDirectory (RaftStorageDirectory.java:analyzeStorage(246)) - The storage directory /workdir/hadoop-ozone/ozonefs/target/test-dir/MiniOzoneClusterImpl-da5888fd-c692-4355-82c4-91aa98cbf569/datanode-2/data/ratis/8cf486b9-672c-4f4b-9daa-9f260b261346 does not exist. Creating ...
2019-09-20 08:46:10,853 [pool-49-thread-1] INFO  storage.RaftStorageDirectory (RaftStorageDirectory.java:tryLock(328)) - Lock on /workdir/hadoop-ozone/ozonefs/target/test-dir/MiniOzoneClusterImpl-da5888fd-c692-4355-82c4-91aa98cbf569/datanode-2/data/ratis/8cf486b9-672c-4f4b-9daa-9f260b261346/in_use.lock acquired by nodename 7820@pr-hdds-1569-s8kj2-2266485376
2019-09-20 08:46:10,878 [pool-49-thread-1] INFO  storage.RaftStorage (RaftStorage.java:format(72)) - Storage directory /workdir/hadoop-ozone/ozonefs/target/test-dir/MiniOzoneClusterImpl-da5888fd-c692-4355-82c4-91aa98cbf569/datanode-2/data/ratis/8cf486b9-672c-4f4b-9daa-9f260b261346 has been successfully formatted.
2019-09-20 08:46:10,878 [pool-49-thread-1] INFO  ratis.ContainerStateMachine (ContainerStateMachine.java:loadSnapshot(226)) - group-9F260B261346: The snapshot info is null. Setting the last applied indexto:(t:0, i:~)
2019-09-20 08:46:10,879 [pool-49-thread-1] INFO  server.RaftServerConfigKeys (ConfUtils.java:logGet(43)) - raft.server.leader.election.timeout = 120s (custom)
2019-09-20 08:46:10,879 [pool-49-thread-1] INFO  server.RaftServerConfigKeys (ConfUtils.java:logGet(43)) - raft.server.log.use.memory = false (default)
2019-09-20 08:46:10,879 [pool-49-thread-1] INFO  server.RaftServerConfigKeys (ConfUtils.java:logGet(43)) - raft.server.log.purge.gap = 1000000 (custom)
2019-09-20 08:46:10,879 [pool-49-thread-1] INFO  server.RaftServerConfigKeys (ConfUtils.java:logGet(43)) - raft.server.log.appender.buffer.byte-limit = 33554432 (custom)
2019-09-20 08:46:10,879 [pool-49-thread-1] INFO  server.RaftServerConfigKeys (ConfUtils.java:logGet(43)) - raft.server.log.segment.size.max = 1048576 (custom)
2019-09-20 08:46:10,879 [pool-49-thread-1] INFO  server.RaftServerConfigKeys (ConfUtils.java:logGet(43)) - raft.server.log.segment.cache.num.max = 2 (custom)
2019-09-20 08:46:10,879 [pool-49-thread-1] INFO  segmented.SegmentedRaftLogWorker (SegmentedRaftLogWorker.java:<init>(172)) - new 1cc75455-5fc2-459e-9e17-b902eb9cc08f-SegmentedRaftLogWorker:Storage Directory /workdir/hadoop-ozone/ozonefs/target/test-dir/MiniOzoneClusterImpl-da5888fd-c692-4355-82c4-91aa98cbf569/datanode-2/data/ratis/8cf486b9-672c-4f4b-9daa-9f260b261346 for RaftStorage:Storage Directory /workdir/hadoop-ozone/ozonefs/target/test-dir/MiniOzoneClusterImpl-da5888fd-c692-4355-82c4-91aa98cbf569/datanode-2/data/ratis/8cf486b9-672c-4f4b-9daa-9f260b261346
2019-09-20 08:46:10,879 [pool-49-thread-1] INFO  server.RaftServerConfigKeys (ConfUtils.java:logGet(43)) - raft.server.log.queue.byte-limit = 2147483647 (custom)
2019-09-20 08:46:10,879 [pool-49-thread-1] INFO  server.RaftServerConfigKeys (ConfUtils.java:logGet(43)) - raft.server.log.queue.element-limit = 1024 (custom)
2019-09-20 08:46:10,880 [pool-49-thread-1] INFO  server.RaftServerConfigKeys (ConfUtils.java:logGet(43)) - raft.server.log.segment.size.max = 1048576 (custom)
2019-09-20 08:46:10,880 [pool-49-thread-1] INFO  server.RaftServerConfigKeys (ConfUtils.java:logGet(43)) - raft.server.log.preallocated.size = 16384 (custom)
2019-09-20 08:46:10,880 [pool-49-thread-1] INFO  server.RaftServerConfigKeys (ConfUtils.java:logGet(43)) - raft.server.log.write.buffer.size = 33554432 (custom)
2019-09-20 08:46:10,880 [pool-49-thread-1] INFO  server.RaftServerConfigKeys (ConfUtils.java:logGet(43)) - raft.server.log.force.sync.num = 128 (default)
2019-09-20 08:46:10,880 [pool-49-thread-1] INFO  server.RaftServerConfigKeys (ConfUtils.java:logGet(43)) - raft.server.log.statemachine.data.sync = true (default)
2019-09-20 08:46:10,880 [pool-49-thread-1] INFO  server.RaftServerConfigKeys (ConfUtils.java:logGet(43)) - raft.server.log.statemachine.data.sync.timeout = 10s (default)
2019-09-20 08:46:10,880 [pool-49-thread-1] INFO  server.RaftServerConfigKeys (ConfUtils.java:logGet(43)) - raft.server.log.statemachine.data.sync.timeout.retry = -1 (default)
2019-09-20 08:46:10,880 [pool-49-thread-1] INFO  server.RaftServerConfigKeys (ConfUtils.java:logGet(43)) - raft.server.log.statemachine.data.caching.enabled = true (custom)
2019-09-20 08:46:10,881 [pool-49-thread-1] INFO  segmented.SegmentedRaftLogWorker (SegmentedRaftLogWorker.java:lambda$new$0(132)) - 1cc75455-5fc2-459e-9e17-b902eb9cc08f-SegmentedRaftLogWorker:Storage Directory /workdir/hadoop-ozone/ozonefs/target/test-dir/MiniOzoneClusterImpl-da5888fd-c692-4355-82c4-91aa98cbf569/datanode-2/data/ratis/8cf486b9-672c-4f4b-9daa-9f260b261346: flushIndex: setUnconditionally 0 -> -1
2019-09-20 08:46:10,881 [pool-49-thread-1] INFO  server.RaftServerConfigKeys (ConfUtils.java:logGet(43)) - raft.server.snapshot.auto.trigger.enabled = true (custom)
2019-09-20 08:46:10,881 [pool-49-thread-1] INFO  server.RaftServerConfigKeys (ConfUtils.java:logGet(43)) - raft.server.snapshot.auto.trigger.threshold = 10000 (custom)
2019-09-20 08:46:10,881 [pool-49-thread-1] INFO  server.RaftServerConfigKeys (ConfUtils.java:logGet(43)) - raft.server.retrycache.expirytime = 600000ms (custom)
2019-09-20 08:46:10,881 [pool-49-thread-1] INFO  impl.RaftServerImpl (RaftServerImpl.java:start(180)) - 1cc75455-5fc2-459e-9e17-b902eb9cc08f: start group-9F260B261346
2019-09-20 08:46:10,881 [pool-49-thread-1] INFO  impl.RaftServerImpl (RaftServerImpl.java:setRole(171)) - 1cc75455-5fc2-459e-9e17-b902eb9cc08f:group-9F260B261346 changes role from null to FOLLOWER at term 0 for startAsFollower
2019-09-20 08:46:10,882 [pool-49-thread-1] INFO  impl.RoleInfo (RoleInfo.java:updateAndGet(143)) - 1cc75455-5fc2-459e-9e17-b902eb9cc08f: start FollowerState
2019-09-20 08:46:10,882 [pool-49-thread-1] INFO  util.JmxRegister (JmxRegister.java:tryRegister(44)) - Successfully registered JMX Bean with object name Ratis:service=RaftServer,group=group-9F260B261346,id=1cc75455-5fc2-459e-9e17-b902eb9cc08f
2019-09-20 08:46:10,888 [RatisPipelineUtilsThread] INFO  pipeline.PipelineStateManager (PipelineStateManager.java:addPipeline(56)) - Created pipeline Pipeline[ Id: 8cf486b9-672c-4f4b-9daa-9f260b261346, Nodes: 1cc75455-5fc2-459e-9e17-b902eb9cc08f{ip: 192.168.36.79, host: pr-hdds-1569-s8kj2-2266485376, networkLocation: /default-rack, certSerialId: null}, Type:RATIS, Factor:ONE, State:OPEN]
2019-09-20 08:46:10,891 [RatisPipelineUtilsThread] INFO  pipeline.PipelinePlacementPolicy (PipelinePlacementPolicy.java:meetCriteria(91)) - Pipeline Placement: Doesn't meet the criteria to be viable node： 3ea69b51-ea1d-40b9-a82f-433a48a46bff Heaviness: 6 limit: 5
2019-09-20 08:46:10,900 [grpc-default-executor-1] INFO  impl.RaftServerProxy (RaftServerProxy.java:addNew(89)) - 4eb079c5-a63c-4d36-97af-76873864fc0c: addNew group-80EC9F1620ED:[4eb079c5-a63c-4d36-97af-76873864fc0c:192.168.36.79:36098] returns group-80EC9F1620ED:java.util.concurrent.CompletableFuture@26d62e5d[Not completed]
2019-09-20 08:46:10,902 [pool-71-thread-1] INFO  impl.RaftServerImpl (RaftServerImpl.java:<init>(93)) - 4eb079c5-a63c-4d36-97af-76873864fc0c: new RaftServerImpl for group-80EC9F1620ED:[4eb079c5-a63c-4d36-97af-76873864fc0c:192.168.36.79:36098] with ContainerStateMachine:uninitialized
2019-09-20 08:46:10,902 [pool-71-thread-1] INFO  server.RaftServerConfigKeys (ConfUtils.java:logGet(43)) - raft.server.rpc.timeout.min = 5s (custom)
2019-09-20 08:46:10,902 [pool-71-thread-1] INFO  server.RaftServerConfigKeys (ConfUtils.java:logGet(43)) - raft.server.rpc.timeout.max = 5200ms (custom)
2019-09-20 08:46:10,902 [pool-71-thread-1] INFO  server.RaftServerConfigKeys (ConfUtils.java:logGet(43)) - raft.server.rpcslowness.timeout = 120s (custom)
2019-09-20 08:46:10,903 [pool-71-thread-1] INFO  server.RaftServerConfigKeys (ConfUtils.java:logGet(43)) - raft.server.sleep.deviation.threshold = 300 (default)
2019-09-20 08:46:10,903 [pool-71-thread-1] INFO  server.RaftServerConfigKeys (ConfUtils.java:logGet(43)) - raft.server.log.appender.install.snapshot.enabled = false (custom)
2019-09-20 08:46:10,903 [pool-71-thread-1] INFO  impl.RaftServerImpl (ServerState.java:<init>(105)) - 4eb079c5-a63c-4d36-97af-76873864fc0c:group-80EC9F1620ED ConfigurationManager, init=-1: [4eb079c5-a63c-4d36-97af-76873864fc0c:192.168.36.79:36098], old=null, confs=<EMPTY_MAP>
2019-09-20 08:46:10,903 [pool-71-thread-1] INFO  server.RaftServerConfigKeys (ConfUtils.java:logGet(43)) - raft.server.storage.dir = [/workdir/hadoop-ozone/ozonefs/target/test-dir/MiniOzoneClusterImpl-da5888fd-c692-4355-82c4-91aa98cbf569/datanode-4/data/ratis] (custom)
2019-09-20 08:46:10,904 [pool-71-thread-1] INFO  storage.RaftStorageDirectory (RaftStorageDirectory.java:analyzeStorage(246)) - The storage directory /workdir/hadoop-ozone/ozonefs/target/test-dir/MiniOzoneClusterImpl-da5888fd-c692-4355-82c4-91aa98cbf569/datanode-4/data/ratis/c99d7d8c-de2e-4560-aaa3-80ec9f1620ed does not exist. Creating ...
2019-09-20 08:46:10,918 | INFO  | SCMAudit | user=jenkins1000 | ip=192.168.36.79 | op=SEND_HEARTBEAT {datanodeUUID=0d845cc3-b0d9-47c5-b935-74fa0be2c903, command=[]} | ret=SUCCESS |  
2019-09-20 08:46:10,928 [pool-71-thread-1] INFO  storage.RaftStorageDirectory (RaftStorageDirectory.java:tryLock(328)) - Lock on /workdir/hadoop-ozone/ozonefs/target/test-dir/MiniOzoneClusterImpl-da5888fd-c692-4355-82c4-91aa98cbf569/datanode-4/data/ratis/c99d7d8c-de2e-4560-aaa3-80ec9f1620ed/in_use.lock acquired by nodename 7820@pr-hdds-1569-s8kj2-2266485376
2019-09-20 08:46:10,954 [pool-71-thread-1] INFO  storage.RaftStorage (RaftStorage.java:format(72)) - Storage directory /workdir/hadoop-ozone/ozonefs/target/test-dir/MiniOzoneClusterImpl-da5888fd-c692-4355-82c4-91aa98cbf569/datanode-4/data/ratis/c99d7d8c-de2e-4560-aaa3-80ec9f1620ed has been successfully formatted.
2019-09-20 08:46:10,954 [pool-71-thread-1] INFO  ratis.ContainerStateMachine (ContainerStateMachine.java:loadSnapshot(226)) - group-80EC9F1620ED: The snapshot info is null. Setting the last applied indexto:(t:0, i:~)
2019-09-20 08:46:10,954 [pool-71-thread-1] INFO  server.RaftServerConfigKeys (ConfUtils.java:logGet(43)) - raft.server.leader.election.timeout = 120s (custom)
2019-09-20 08:46:10,954 [pool-71-thread-1] INFO  server.RaftServerConfigKeys (ConfUtils.java:logGet(43)) - raft.server.log.use.memory = false (default)
2019-09-20 08:46:10,954 [pool-71-thread-1] INFO  server.RaftServerConfigKeys (ConfUtils.java:logGet(43)) - raft.server.log.purge.gap = 1000000 (custom)
2019-09-20 08:46:10,955 [pool-71-thread-1] INFO  server.RaftServerConfigKeys (ConfUtils.java:logGet(43)) - raft.server.log.appender.buffer.byte-limit = 33554432 (custom)
2019-09-20 08:46:10,955 [pool-71-thread-1] INFO  server.RaftServerConfigKeys (ConfUtils.java:logGet(43)) - raft.server.log.segment.size.max = 1048576 (custom)
2019-09-20 08:46:10,955 [pool-71-thread-1] INFO  server.RaftServerConfigKeys (ConfUtils.java:logGet(43)) - raft.server.log.segment.cache.num.max = 2 (custom)
2019-09-20 08:46:10,955 [pool-71-thread-1] INFO  segmented.SegmentedRaftLogWorker (SegmentedRaftLogWorker.java:<init>(172)) - new 4eb079c5-a63c-4d36-97af-76873864fc0c-SegmentedRaftLogWorker:Storage Directory /workdir/hadoop-ozone/ozonefs/target/test-dir/MiniOzoneClusterImpl-da5888fd-c692-4355-82c4-91aa98cbf569/datanode-4/data/ratis/c99d7d8c-de2e-4560-aaa3-80ec9f1620ed for RaftStorage:Storage Directory /workdir/hadoop-ozone/ozonefs/target/test-dir/MiniOzoneClusterImpl-da5888fd-c692-4355-82c4-91aa98cbf569/datanode-4/data/ratis/c99d7d8c-de2e-4560-aaa3-80ec9f1620ed
2019-09-20 08:46:10,955 [pool-71-thread-1] INFO  server.RaftServerConfigKeys (ConfUtils.java:logGet(43)) - raft.server.log.queue.byte-limit = 2147483647 (custom)
2019-09-20 08:46:10,955 [pool-71-thread-1] INFO  server.RaftServerConfigKeys (ConfUtils.java:logGet(43)) - raft.server.log.queue.element-limit = 1024 (custom)
2019-09-20 08:46:10,955 [pool-71-thread-1] INFO  server.RaftServerConfigKeys (ConfUtils.java:logGet(43)) - raft.server.log.segment.size.max = 1048576 (custom)
2019-09-20 08:46:10,955 [pool-71-thread-1] INFO  server.RaftServerConfigKeys (ConfUtils.java:logGet(43)) - raft.server.log.preallocated.size = 16384 (custom)
2019-09-20 08:46:10,955 [pool-71-thread-1] INFO  server.RaftServerConfigKeys (ConfUtils.java:logGet(43)) - raft.server.log.write.buffer.size = 33554432 (custom)
2019-09-20 08:46:10,956 [pool-71-thread-1] INFO  server.RaftServerConfigKeys (ConfUtils.java:logGet(43)) - raft.server.log.force.sync.num = 128 (default)
2019-09-20 08:46:10,956 [pool-71-thread-1] INFO  server.RaftServerConfigKeys (ConfUtils.java:logGet(43)) - raft.server.log.statemachine.data.sync = true (default)
2019-09-20 08:46:10,956 [pool-71-thread-1] INFO  server.RaftServerConfigKeys (ConfUtils.java:logGet(43)) - raft.server.log.statemachine.data.sync.timeout = 10s (default)
2019-09-20 08:46:10,956 [pool-71-thread-1] INFO  server.RaftServerConfigKeys (ConfUtils.java:logGet(43)) - raft.server.log.statemachine.data.sync.timeout.retry = -1 (default)
2019-09-20 08:46:10,956 [pool-71-thread-1] INFO  server.RaftServerConfigKeys (ConfUtils.java:logGet(43)) - raft.server.log.statemachine.data.caching.enabled = true (custom)
2019-09-20 08:46:10,956 [pool-71-thread-1] INFO  segmented.SegmentedRaftLogWorker (SegmentedRaftLogWorker.java:lambda$new$0(132)) - 4eb079c5-a63c-4d36-97af-76873864fc0c-SegmentedRaftLogWorker:Storage Directory /workdir/hadoop-ozone/ozonefs/target/test-dir/MiniOzoneClusterImpl-da5888fd-c692-4355-82c4-91aa98cbf569/datanode-4/data/ratis/c99d7d8c-de2e-4560-aaa3-80ec9f1620ed: flushIndex: setUnconditionally 0 -> -1
2019-09-20 08:46:10,957 [pool-71-thread-1] INFO  server.RaftServerConfigKeys (ConfUtils.java:logGet(43)) - raft.server.snapshot.auto.trigger.enabled = true (custom)
2019-09-20 08:46:10,957 [pool-71-thread-1] INFO  server.RaftServerConfigKeys (ConfUtils.java:logGet(43)) - raft.server.snapshot.auto.trigger.threshold = 10000 (custom)
2019-09-20 08:46:10,957 [pool-71-thread-1] INFO  server.RaftServerConfigKeys (ConfUtils.java:logGet(43)) - raft.server.retrycache.expirytime = 600000ms (custom)
2019-09-20 08:46:10,957 [pool-71-thread-1] INFO  impl.RaftServerImpl (RaftServerImpl.java:start(180)) - 4eb079c5-a63c-4d36-97af-76873864fc0c: start group-80EC9F1620ED
2019-09-20 08:46:10,957 [pool-71-thread-1] INFO  impl.RaftServerImpl (RaftServerImpl.java:setRole(171)) - 4eb079c5-a63c-4d36-97af-76873864fc0c:group-80EC9F1620ED changes role from null to FOLLOWER at term 0 for startAsFollower
2019-09-20 08:46:10,957 [pool-71-thread-1] INFO  impl.RoleInfo (RoleInfo.java:updateAndGet(143)) - 4eb079c5-a63c-4d36-97af-76873864fc0c: start FollowerState
2019-09-20 08:46:10,958 [pool-71-thread-1] INFO  util.JmxRegister (JmxRegister.java:tryRegister(44)) - Successfully registered JMX Bean with object name Ratis:service=RaftServer,group=group-80EC9F1620ED,id=4eb079c5-a63c-4d36-97af-76873864fc0c
2019-09-20 08:46:10,965 [RatisPipelineUtilsThread] INFO  pipeline.PipelineStateManager (PipelineStateManager.java:addPipeline(56)) - Created pipeline Pipeline[ Id: c99d7d8c-de2e-4560-aaa3-80ec9f1620ed, Nodes: 4eb079c5-a63c-4d36-97af-76873864fc0c{ip: 192.168.36.79, host: pr-hdds-1569-s8kj2-2266485376, networkLocation: /default-rack, certSerialId: null}, Type:RATIS, Factor:ONE, State:OPEN]
2019-09-20 08:46:10,967 [RatisPipelineUtilsThread] INFO  pipeline.PipelinePlacementPolicy (PipelinePlacementPolicy.java:meetCriteria(91)) - Pipeline Placement: Doesn't meet the criteria to be viable node： 3ea69b51-ea1d-40b9-a82f-433a48a46bff Heaviness: 6 limit: 5
2019-09-20 08:46:10,979 [grpc-default-executor-1] INFO  impl.RaftServerProxy (RaftServerProxy.java:addNew(89)) - d3d24c2e-887e-42af-9ac0-80e26c3dc807: addNew group-A3F9FAE83FAB:[d3d24c2e-887e-42af-9ac0-80e26c3dc807:192.168.36.79:46632] returns group-A3F9FAE83FAB:java.util.concurrent.CompletableFuture@4395e09[Not completed]
2019-09-20 08:46:10,995 [pool-104-thread-1] INFO  impl.RaftServerImpl (RaftServerImpl.java:<init>(93)) - d3d24c2e-887e-42af-9ac0-80e26c3dc807: new RaftServerImpl for group-A3F9FAE83FAB:[d3d24c2e-887e-42af-9ac0-80e26c3dc807:192.168.36.79:46632] with ContainerStateMachine:uninitialized
2019-09-20 08:46:10,995 [pool-104-thread-1] INFO  server.RaftServerConfigKeys (ConfUtils.java:logGet(43)) - raft.server.rpc.timeout.min = 5s (custom)
2019-09-20 08:46:10,995 [pool-104-thread-1] INFO  server.RaftServerConfigKeys (ConfUtils.java:logGet(43)) - raft.server.rpc.timeout.max = 5200ms (custom)
2019-09-20 08:46:10,995 [pool-104-thread-1] INFO  server.RaftServerConfigKeys (ConfUtils.java:logGet(43)) - raft.server.rpcslowness.timeout = 120s (custom)
2019-09-20 08:46:10,995 [pool-104-thread-1] INFO  server.RaftServerConfigKeys (ConfUtils.java:logGet(43)) - raft.server.sleep.deviation.threshold = 300 (default)
2019-09-20 08:46:10,996 [pool-104-thread-1] INFO  server.RaftServerConfigKeys (ConfUtils.java:logGet(43)) - raft.server.log.appender.install.snapshot.enabled = false (custom)
2019-09-20 08:46:10,996 [pool-104-thread-1] INFO  impl.RaftServerImpl (ServerState.java:<init>(105)) - d3d24c2e-887e-42af-9ac0-80e26c3dc807:group-A3F9FAE83FAB ConfigurationManager, init=-1: [d3d24c2e-887e-42af-9ac0-80e26c3dc807:192.168.36.79:46632], old=null, confs=<EMPTY_MAP>
2019-09-20 08:46:10,996 [pool-104-thread-1] INFO  server.RaftServerConfigKeys (ConfUtils.java:logGet(43)) - raft.server.storage.dir = [/workdir/hadoop-ozone/ozonefs/target/test-dir/MiniOzoneClusterImpl-da5888fd-c692-4355-82c4-91aa98cbf569/datanode-7/data/ratis] (custom)
2019-09-20 08:46:10,996 [pool-104-thread-1] INFO  storage.RaftStorageDirectory (RaftStorageDirectory.java:analyzeStorage(246)) - The storage directory /workdir/hadoop-ozone/ozonefs/target/test-dir/MiniOzoneClusterImpl-da5888fd-c692-4355-82c4-91aa98cbf569/datanode-7/data/ratis/adb1ba73-73f6-4c29-9993-a3f9fae83fab does not exist. Creating ...
2019-09-20 08:46:11,021 [pool-104-thread-1] INFO  storage.RaftStorageDirectory (RaftStorageDirectory.java:tryLock(328)) - Lock on /workdir/hadoop-ozone/ozonefs/target/test-dir/MiniOzoneClusterImpl-da5888fd-c692-4355-82c4-91aa98cbf569/datanode-7/data/ratis/adb1ba73-73f6-4c29-9993-a3f9fae83fab/in_use.lock acquired by nodename 7820@pr-hdds-1569-s8kj2-2266485376
2019-09-20 08:46:11,046 [pool-104-thread-1] INFO  storage.RaftStorage (RaftStorage.java:format(72)) - Storage directory /workdir/hadoop-ozone/ozonefs/target/test-dir/MiniOzoneClusterImpl-da5888fd-c692-4355-82c4-91aa98cbf569/datanode-7/data/ratis/adb1ba73-73f6-4c29-9993-a3f9fae83fab has been successfully formatted.
2019-09-20 08:46:11,047 [pool-104-thread-1] INFO  ratis.ContainerStateMachine (ContainerStateMachine.java:loadSnapshot(226)) - group-A3F9FAE83FAB: The snapshot info is null. Setting the last applied indexto:(t:0, i:~)
2019-09-20 08:46:11,047 [pool-104-thread-1] INFO  server.RaftServerConfigKeys (ConfUtils.java:logGet(43)) - raft.server.leader.election.timeout = 120s (custom)
2019-09-20 08:46:11,047 [pool-104-thread-1] INFO  server.RaftServerConfigKeys (ConfUtils.java:logGet(43)) - raft.server.log.use.memory = false (default)
2019-09-20 08:46:11,047 [pool-104-thread-1] INFO  server.RaftServerConfigKeys (ConfUtils.java:logGet(43)) - raft.server.log.purge.gap = 1000000 (custom)
2019-09-20 08:46:11,048 [pool-104-thread-1] INFO  server.RaftServerConfigKeys (ConfUtils.java:logGet(43)) - raft.server.log.appender.buffer.byte-limit = 33554432 (custom)
2019-09-20 08:46:11,048 [pool-104-thread-1] INFO  server.RaftServerConfigKeys (ConfUtils.java:logGet(43)) - raft.server.log.segment.size.max = 1048576 (custom)
2019-09-20 08:46:11,048 [pool-104-thread-1] INFO  server.RaftServerConfigKeys (ConfUtils.java:logGet(43)) - raft.server.log.segment.cache.num.max = 2 (custom)
2019-09-20 08:46:11,048 [pool-104-thread-1] INFO  segmented.SegmentedRaftLogWorker (SegmentedRaftLogWorker.java:<init>(172)) - new d3d24c2e-887e-42af-9ac0-80e26c3dc807-SegmentedRaftLogWorker:Storage Directory /workdir/hadoop-ozone/ozonefs/target/test-dir/MiniOzoneClusterImpl-da5888fd-c692-4355-82c4-91aa98cbf569/datanode-7/data/ratis/adb1ba73-73f6-4c29-9993-a3f9fae83fab for RaftStorage:Storage Directory /workdir/hadoop-ozone/ozonefs/target/test-dir/MiniOzoneClusterImpl-da5888fd-c692-4355-82c4-91aa98cbf569/datanode-7/data/ratis/adb1ba73-73f6-4c29-9993-a3f9fae83fab
2019-09-20 08:46:11,048 [pool-104-thread-1] INFO  server.RaftServerConfigKeys (ConfUtils.java:logGet(43)) - raft.server.log.queue.byte-limit = 2147483647 (custom)
2019-09-20 08:46:11,048 [pool-104-thread-1] INFO  server.RaftServerConfigKeys (ConfUtils.java:logGet(43)) - raft.server.log.queue.element-limit = 1024 (custom)
2019-09-20 08:46:11,049 [pool-104-thread-1] INFO  server.RaftServerConfigKeys (ConfUtils.java:logGet(43)) - raft.server.log.segment.size.max = 1048576 (custom)
2019-09-20 08:46:11,049 [pool-104-thread-1] INFO  server.RaftServerConfigKeys (ConfUtils.java:logGet(43)) - raft.server.log.preallocated.size = 16384 (custom)
2019-09-20 08:46:11,049 [pool-104-thread-1] INFO  server.RaftServerConfigKeys (ConfUtils.java:logGet(43)) - raft.server.log.write.buffer.size = 33554432 (custom)
2019-09-20 08:46:11,049 [pool-104-thread-1] INFO  server.RaftServerConfigKeys (ConfUtils.java:logGet(43)) - raft.server.log.force.sync.num = 128 (default)
2019-09-20 08:46:11,049 [pool-104-thread-1] INFO  server.RaftServerConfigKeys (ConfUtils.java:logGet(43)) - raft.server.log.statemachine.data.sync = true (default)
2019-09-20 08:46:11,050 [pool-104-thread-1] INFO  server.RaftServerConfigKeys (ConfUtils.java:logGet(43)) - raft.server.log.statemachine.data.sync.timeout = 10s (default)
2019-09-20 08:46:11,050 [pool-104-thread-1] INFO  server.RaftServerConfigKeys (ConfUtils.java:logGet(43)) - raft.server.log.statemachine.data.sync.timeout.retry = -1 (default)
2019-09-20 08:46:11,050 [pool-104-thread-1] INFO  server.RaftServerConfigKeys (ConfUtils.java:logGet(43)) - raft.server.log.statemachine.data.caching.enabled = true (custom)
2019-09-20 08:46:11,050 [pool-104-thread-1] INFO  segmented.SegmentedRaftLogWorker (SegmentedRaftLogWorker.java:lambda$new$0(132)) - d3d24c2e-887e-42af-9ac0-80e26c3dc807-SegmentedRaftLogWorker:Storage Directory /workdir/hadoop-ozone/ozonefs/target/test-dir/MiniOzoneClusterImpl-da5888fd-c692-4355-82c4-91aa98cbf569/datanode-7/data/ratis/adb1ba73-73f6-4c29-9993-a3f9fae83fab: flushIndex: setUnconditionally 0 -> -1
2019-09-20 08:46:11,051 [pool-104-thread-1] INFO  server.RaftServerConfigKeys (ConfUtils.java:logGet(43)) - raft.server.snapshot.auto.trigger.enabled = true (custom)
2019-09-20 08:46:11,051 [pool-104-thread-1] INFO  server.RaftServerConfigKeys (ConfUtils.java:logGet(43)) - raft.server.snapshot.auto.trigger.threshold = 10000 (custom)
2019-09-20 08:46:11,051 [pool-104-thread-1] INFO  server.RaftServerConfigKeys (ConfUtils.java:logGet(43)) - raft.server.retrycache.expirytime = 600000ms (custom)
2019-09-20 08:46:11,051 [pool-104-thread-1] INFO  impl.RaftServerImpl (RaftServerImpl.java:start(180)) - d3d24c2e-887e-42af-9ac0-80e26c3dc807: start group-A3F9FAE83FAB
2019-09-20 08:46:11,051 [pool-104-thread-1] INFO  impl.RaftServerImpl (RaftServerImpl.java:setRole(171)) - d3d24c2e-887e-42af-9ac0-80e26c3dc807:group-A3F9FAE83FAB changes role from null to FOLLOWER at term 0 for startAsFollower
2019-09-20 08:46:11,052 [pool-104-thread-1] INFO  impl.RoleInfo (RoleInfo.java:updateAndGet(143)) - d3d24c2e-887e-42af-9ac0-80e26c3dc807: start FollowerState
2019-09-20 08:46:11,052 [pool-104-thread-1] INFO  util.JmxRegister (JmxRegister.java:tryRegister(44)) - Successfully registered JMX Bean with object name Ratis:service=RaftServer,group=group-A3F9FAE83FAB,id=d3d24c2e-887e-42af-9ac0-80e26c3dc807
2019-09-20 08:46:11,059 [RatisPipelineUtilsThread] INFO  pipeline.PipelineStateManager (PipelineStateManager.java:addPipeline(56)) - Created pipeline Pipeline[ Id: adb1ba73-73f6-4c29-9993-a3f9fae83fab, Nodes: d3d24c2e-887e-42af-9ac0-80e26c3dc807{ip: 192.168.36.79, host: pr-hdds-1569-s8kj2-2266485376, networkLocation: /default-rack, certSerialId: null}, Type:RATIS, Factor:ONE, State:OPEN]
2019-09-20 08:46:11,061 [RatisPipelineUtilsThread] INFO  pipeline.PipelinePlacementPolicy (PipelinePlacementPolicy.java:meetCriteria(91)) - Pipeline Placement: Doesn't meet the criteria to be viable node： 3ea69b51-ea1d-40b9-a82f-433a48a46bff Heaviness: 6 limit: 5
2019-09-20 08:46:11,071 [grpc-default-executor-1] INFO  impl.RaftServerProxy (RaftServerProxy.java:addNew(89)) - a3bf3c1a-4063-48f8-b1bd-e321780611c4: addNew group-15EB2C36B4CC:[a3bf3c1a-4063-48f8-b1bd-e321780611c4:192.168.36.79:36591] returns group-15EB2C36B4CC:java.util.concurrent.CompletableFuture@2fafaf87[Not completed]
2019-09-20 08:46:11,072 [pool-60-thread-1] INFO  impl.RaftServerImpl (RaftServerImpl.java:<init>(93)) - a3bf3c1a-4063-48f8-b1bd-e321780611c4: new RaftServerImpl for group-15EB2C36B4CC:[a3bf3c1a-4063-48f8-b1bd-e321780611c4:192.168.36.79:36591] with ContainerStateMachine:uninitialized
2019-09-20 08:46:11,073 [pool-60-thread-1] INFO  server.RaftServerConfigKeys (ConfUtils.java:logGet(43)) - raft.server.rpc.timeout.min = 5s (custom)
2019-09-20 08:46:11,073 [pool-60-thread-1] INFO  server.RaftServerConfigKeys (ConfUtils.java:logGet(43)) - raft.server.rpc.timeout.max = 5200ms (custom)
2019-09-20 08:46:11,073 [pool-60-thread-1] INFO  server.RaftServerConfigKeys (ConfUtils.java:logGet(43)) - raft.server.rpcslowness.timeout = 120s (custom)
2019-09-20 08:46:11,073 [pool-60-thread-1] INFO  server.RaftServerConfigKeys (ConfUtils.java:logGet(43)) - raft.server.sleep.deviation.threshold = 300 (default)
2019-09-20 08:46:11,073 [pool-60-thread-1] INFO  server.RaftServerConfigKeys (ConfUtils.java:logGet(43)) - raft.server.log.appender.install.snapshot.enabled = false (custom)
2019-09-20 08:46:11,073 [pool-60-thread-1] INFO  impl.RaftServerImpl (ServerState.java:<init>(105)) - a3bf3c1a-4063-48f8-b1bd-e321780611c4:group-15EB2C36B4CC ConfigurationManager, init=-1: [a3bf3c1a-4063-48f8-b1bd-e321780611c4:192.168.36.79:36591], old=null, confs=<EMPTY_MAP>
2019-09-20 08:46:11,073 [pool-60-thread-1] INFO  server.RaftServerConfigKeys (ConfUtils.java:logGet(43)) - raft.server.storage.dir = [/workdir/hadoop-ozone/ozonefs/target/test-dir/MiniOzoneClusterImpl-da5888fd-c692-4355-82c4-91aa98cbf569/datanode-3/data/ratis] (custom)
2019-09-20 08:46:11,074 [pool-60-thread-1] INFO  storage.RaftStorageDirectory (RaftStorageDirectory.java:analyzeStorage(246)) - The storage directory /workdir/hadoop-ozone/ozonefs/target/test-dir/MiniOzoneClusterImpl-da5888fd-c692-4355-82c4-91aa98cbf569/datanode-3/data/ratis/a3163dd6-726e-431e-9ea0-15eb2c36b4cc does not exist. Creating ...
2019-09-20 08:46:11,097 [pool-60-thread-1] INFO  storage.RaftStorageDirectory (RaftStorageDirectory.java:tryLock(328)) - Lock on /workdir/hadoop-ozone/ozonefs/target/test-dir/MiniOzoneClusterImpl-da5888fd-c692-4355-82c4-91aa98cbf569/datanode-3/data/ratis/a3163dd6-726e-431e-9ea0-15eb2c36b4cc/in_use.lock acquired by nodename 7820@pr-hdds-1569-s8kj2-2266485376
2019-09-20 08:46:11,118 | INFO  | SCMAudit | user=jenkins1000 | ip=192.168.36.79 | op=SEND_HEARTBEAT {datanodeUUID=1e702f59-a831-439b-ba97-9c7e4d303d93, command=[]} | ret=SUCCESS |  
2019-09-20 08:46:11,123 [pool-60-thread-1] INFO  storage.RaftStorage (RaftStorage.java:format(72)) - Storage directory /workdir/hadoop-ozone/ozonefs/target/test-dir/MiniOzoneClusterImpl-da5888fd-c692-4355-82c4-91aa98cbf569/datanode-3/data/ratis/a3163dd6-726e-431e-9ea0-15eb2c36b4cc has been successfully formatted.
2019-09-20 08:46:11,123 [pool-60-thread-1] INFO  ratis.ContainerStateMachine (ContainerStateMachine.java:loadSnapshot(226)) - group-15EB2C36B4CC: The snapshot info is null. Setting the last applied indexto:(t:0, i:~)
2019-09-20 08:46:11,123 [pool-60-thread-1] INFO  server.RaftServerConfigKeys (ConfUtils.java:logGet(43)) - raft.server.leader.election.timeout = 120s (custom)
2019-09-20 08:46:11,123 [pool-60-thread-1] INFO  server.RaftServerConfigKeys (ConfUtils.java:logGet(43)) - raft.server.log.use.memory = false (default)
2019-09-20 08:46:11,124 [pool-60-thread-1] INFO  server.RaftServerConfigKeys (ConfUtils.java:logGet(43)) - raft.server.log.purge.gap = 1000000 (custom)
2019-09-20 08:46:11,124 [pool-60-thread-1] INFO  server.RaftServerConfigKeys (ConfUtils.java:logGet(43)) - raft.server.log.appender.buffer.byte-limit = 33554432 (custom)
2019-09-20 08:46:11,124 [pool-60-thread-1] INFO  server.RaftServerConfigKeys (ConfUtils.java:logGet(43)) - raft.server.log.segment.size.max = 1048576 (custom)
2019-09-20 08:46:11,124 [pool-60-thread-1] INFO  server.RaftServerConfigKeys (ConfUtils.java:logGet(43)) - raft.server.log.segment.cache.num.max = 2 (custom)
2019-09-20 08:46:11,124 [pool-60-thread-1] INFO  segmented.SegmentedRaftLogWorker (SegmentedRaftLogWorker.java:<init>(172)) - new a3bf3c1a-4063-48f8-b1bd-e321780611c4-SegmentedRaftLogWorker:Storage Directory /workdir/hadoop-ozone/ozonefs/target/test-dir/MiniOzoneClusterImpl-da5888fd-c692-4355-82c4-91aa98cbf569/datanode-3/data/ratis/a3163dd6-726e-431e-9ea0-15eb2c36b4cc for RaftStorage:Storage Directory /workdir/hadoop-ozone/ozonefs/target/test-dir/MiniOzoneClusterImpl-da5888fd-c692-4355-82c4-91aa98cbf569/datanode-3/data/ratis/a3163dd6-726e-431e-9ea0-15eb2c36b4cc
2019-09-20 08:46:11,124 [pool-60-thread-1] INFO  server.RaftServerConfigKeys (ConfUtils.java:logGet(43)) - raft.server.log.queue.byte-limit = 2147483647 (custom)
2019-09-20 08:46:11,124 [pool-60-thread-1] INFO  server.RaftServerConfigKeys (ConfUtils.java:logGet(43)) - raft.server.log.queue.element-limit = 1024 (custom)
2019-09-20 08:46:11,125 [pool-60-thread-1] INFO  server.RaftServerConfigKeys (ConfUtils.java:logGet(43)) - raft.server.log.segment.size.max = 1048576 (custom)
2019-09-20 08:46:11,125 [pool-60-thread-1] INFO  server.RaftServerConfigKeys (ConfUtils.java:logGet(43)) - raft.server.log.preallocated.size = 16384 (custom)
2019-09-20 08:46:11,125 [pool-60-thread-1] INFO  server.RaftServerConfigKeys (ConfUtils.java:logGet(43)) - raft.server.log.write.buffer.size = 33554432 (custom)
2019-09-20 08:46:11,125 [pool-60-thread-1] INFO  server.RaftServerConfigKeys (ConfUtils.java:logGet(43)) - raft.server.log.force.sync.num = 128 (default)
2019-09-20 08:46:11,125 [pool-60-thread-1] INFO  server.RaftServerConfigKeys (ConfUtils.java:logGet(43)) - raft.server.log.statemachine.data.sync = true (default)
2019-09-20 08:46:11,125 [pool-60-thread-1] INFO  server.RaftServerConfigKeys (ConfUtils.java:logGet(43)) - raft.server.log.statemachine.data.sync.timeout = 10s (default)
2019-09-20 08:46:11,125 [pool-60-thread-1] INFO  server.RaftServerConfigKeys (ConfUtils.java:logGet(43)) - raft.server.log.statemachine.data.sync.timeout.retry = -1 (default)
2019-09-20 08:46:11,126 [pool-60-thread-1] INFO  server.RaftServerConfigKeys (ConfUtils.java:logGet(43)) - raft.server.log.statemachine.data.caching.enabled = true (custom)
2019-09-20 08:46:11,126 [pool-60-thread-1] INFO  segmented.SegmentedRaftLogWorker (SegmentedRaftLogWorker.java:lambda$new$0(132)) - a3bf3c1a-4063-48f8-b1bd-e321780611c4-SegmentedRaftLogWorker:Storage Directory /workdir/hadoop-ozone/ozonefs/target/test-dir/MiniOzoneClusterImpl-da5888fd-c692-4355-82c4-91aa98cbf569/datanode-3/data/ratis/a3163dd6-726e-431e-9ea0-15eb2c36b4cc: flushIndex: setUnconditionally 0 -> -1
2019-09-20 08:46:11,126 [pool-60-thread-1] INFO  server.RaftServerConfigKeys (ConfUtils.java:logGet(43)) - raft.server.snapshot.auto.trigger.enabled = true (custom)
2019-09-20 08:46:11,126 [pool-60-thread-1] INFO  server.RaftServerConfigKeys (ConfUtils.java:logGet(43)) - raft.server.snapshot.auto.trigger.threshold = 10000 (custom)
2019-09-20 08:46:11,127 [pool-60-thread-1] INFO  server.RaftServerConfigKeys (ConfUtils.java:logGet(43)) - raft.server.retrycache.expirytime = 600000ms (custom)
2019-09-20 08:46:11,127 [pool-60-thread-1] INFO  impl.RaftServerImpl (RaftServerImpl.java:start(180)) - a3bf3c1a-4063-48f8-b1bd-e321780611c4: start group-15EB2C36B4CC
2019-09-20 08:46:11,127 [pool-60-thread-1] INFO  impl.RaftServerImpl (RaftServerImpl.java:setRole(171)) - a3bf3c1a-4063-48f8-b1bd-e321780611c4:group-15EB2C36B4CC changes role from null to FOLLOWER at term 0 for startAsFollower
2019-09-20 08:46:11,127 [pool-60-thread-1] INFO  impl.RoleInfo (RoleInfo.java:updateAndGet(143)) - a3bf3c1a-4063-48f8-b1bd-e321780611c4: start FollowerState
2019-09-20 08:46:11,128 [pool-60-thread-1] INFO  util.JmxRegister (JmxRegister.java:tryRegister(44)) - Successfully registered JMX Bean with object name Ratis:service=RaftServer,group=group-15EB2C36B4CC,id=a3bf3c1a-4063-48f8-b1bd-e321780611c4
2019-09-20 08:46:11,134 [RatisPipelineUtilsThread] INFO  pipeline.PipelineStateManager (PipelineStateManager.java:addPipeline(56)) - Created pipeline Pipeline[ Id: a3163dd6-726e-431e-9ea0-15eb2c36b4cc, Nodes: a3bf3c1a-4063-48f8-b1bd-e321780611c4{ip: 192.168.36.79, host: pr-hdds-1569-s8kj2-2266485376, networkLocation: /default-rack, certSerialId: null}, Type:RATIS, Factor:ONE, State:OPEN]
2019-09-20 08:46:11,136 [RatisPipelineUtilsThread] INFO  pipeline.PipelinePlacementPolicy (PipelinePlacementPolicy.java:meetCriteria(91)) - Pipeline Placement: Doesn't meet the criteria to be viable node： a3bf3c1a-4063-48f8-b1bd-e321780611c4 Heaviness: 6 limit: 5
2019-09-20 08:46:11,137 [RatisPipelineUtilsThread] INFO  pipeline.PipelinePlacementPolicy (PipelinePlacementPolicy.java:meetCriteria(91)) - Pipeline Placement: Doesn't meet the criteria to be viable node： 3ea69b51-ea1d-40b9-a82f-433a48a46bff Heaviness: 6 limit: 5
2019-09-20 08:46:11,146 [grpc-default-executor-1] INFO  impl.RaftServerProxy (RaftServerProxy.java:addNew(89)) - 1e702f59-a831-439b-ba97-9c7e4d303d93: addNew group-2690418B2EE9:[1e702f59-a831-439b-ba97-9c7e4d303d93:192.168.36.79:42450] returns group-2690418B2EE9:java.util.concurrent.CompletableFuture@434a44dd[Not completed]
2019-09-20 08:46:11,147 [pool-93-thread-1] INFO  impl.RaftServerImpl (RaftServerImpl.java:<init>(93)) - 1e702f59-a831-439b-ba97-9c7e4d303d93: new RaftServerImpl for group-2690418B2EE9:[1e702f59-a831-439b-ba97-9c7e4d303d93:192.168.36.79:42450] with ContainerStateMachine:uninitialized
2019-09-20 08:46:11,147 [pool-93-thread-1] INFO  server.RaftServerConfigKeys (ConfUtils.java:logGet(43)) - raft.server.rpc.timeout.min = 5s (custom)
2019-09-20 08:46:11,147 [pool-93-thread-1] INFO  server.RaftServerConfigKeys (ConfUtils.java:logGet(43)) - raft.server.rpc.timeout.max = 5200ms (custom)
2019-09-20 08:46:11,148 [pool-93-thread-1] INFO  server.RaftServerConfigKeys (ConfUtils.java:logGet(43)) - raft.server.rpcslowness.timeout = 120s (custom)
2019-09-20 08:46:11,148 [pool-93-thread-1] INFO  server.RaftServerConfigKeys (ConfUtils.java:logGet(43)) - raft.server.sleep.deviation.threshold = 300 (default)
2019-09-20 08:46:11,148 [pool-93-thread-1] INFO  server.RaftServerConfigKeys (ConfUtils.java:logGet(43)) - raft.server.log.appender.install.snapshot.enabled = false (custom)
2019-09-20 08:46:11,148 [pool-93-thread-1] INFO  impl.RaftServerImpl (ServerState.java:<init>(105)) - 1e702f59-a831-439b-ba97-9c7e4d303d93:group-2690418B2EE9 ConfigurationManager, init=-1: [1e702f59-a831-439b-ba97-9c7e4d303d93:192.168.36.79:42450], old=null, confs=<EMPTY_MAP>
2019-09-20 08:46:11,148 [pool-93-thread-1] INFO  server.RaftServerConfigKeys (ConfUtils.java:logGet(43)) - raft.server.storage.dir = [/workdir/hadoop-ozone/ozonefs/target/test-dir/MiniOzoneClusterImpl-da5888fd-c692-4355-82c4-91aa98cbf569/datanode-6/data/ratis] (custom)
2019-09-20 08:46:11,148 [pool-93-thread-1] INFO  storage.RaftStorageDirectory (RaftStorageDirectory.java:analyzeStorage(246)) - The storage directory /workdir/hadoop-ozone/ozonefs/target/test-dir/MiniOzoneClusterImpl-da5888fd-c692-4355-82c4-91aa98cbf569/datanode-6/data/ratis/ba555178-5517-47d5-b109-2690418b2ee9 does not exist. Creating ...
2019-09-20 08:46:11,173 [pool-93-thread-1] INFO  storage.RaftStorageDirectory (RaftStorageDirectory.java:tryLock(328)) - Lock on /workdir/hadoop-ozone/ozonefs/target/test-dir/MiniOzoneClusterImpl-da5888fd-c692-4355-82c4-91aa98cbf569/datanode-6/data/ratis/ba555178-5517-47d5-b109-2690418b2ee9/in_use.lock acquired by nodename 7820@pr-hdds-1569-s8kj2-2266485376
2019-09-20 08:46:11,198 [pool-93-thread-1] INFO  storage.RaftStorage (RaftStorage.java:format(72)) - Storage directory /workdir/hadoop-ozone/ozonefs/target/test-dir/MiniOzoneClusterImpl-da5888fd-c692-4355-82c4-91aa98cbf569/datanode-6/data/ratis/ba555178-5517-47d5-b109-2690418b2ee9 has been successfully formatted.
2019-09-20 08:46:11,199 [pool-93-thread-1] INFO  ratis.ContainerStateMachine (ContainerStateMachine.java:loadSnapshot(226)) - group-2690418B2EE9: The snapshot info is null. Setting the last applied indexto:(t:0, i:~)
2019-09-20 08:46:11,199 [pool-93-thread-1] INFO  server.RaftServerConfigKeys (ConfUtils.java:logGet(43)) - raft.server.leader.election.timeout = 120s (custom)
2019-09-20 08:46:11,199 [pool-93-thread-1] INFO  server.RaftServerConfigKeys (ConfUtils.java:logGet(43)) - raft.server.log.use.memory = false (default)
2019-09-20 08:46:11,199 [pool-93-thread-1] INFO  server.RaftServerConfigKeys (ConfUtils.java:logGet(43)) - raft.server.log.purge.gap = 1000000 (custom)
2019-09-20 08:46:11,199 [pool-93-thread-1] INFO  server.RaftServerConfigKeys (ConfUtils.java:logGet(43)) - raft.server.log.appender.buffer.byte-limit = 33554432 (custom)
2019-09-20 08:46:11,199 [pool-93-thread-1] INFO  server.RaftServerConfigKeys (ConfUtils.java:logGet(43)) - raft.server.log.segment.size.max = 1048576 (custom)
2019-09-20 08:46:11,200 [pool-93-thread-1] INFO  server.RaftServerConfigKeys (ConfUtils.java:logGet(43)) - raft.server.log.segment.cache.num.max = 2 (custom)
2019-09-20 08:46:11,200 [pool-93-thread-1] INFO  segmented.SegmentedRaftLogWorker (SegmentedRaftLogWorker.java:<init>(172)) - new 1e702f59-a831-439b-ba97-9c7e4d303d93-SegmentedRaftLogWorker:Storage Directory /workdir/hadoop-ozone/ozonefs/target/test-dir/MiniOzoneClusterImpl-da5888fd-c692-4355-82c4-91aa98cbf569/datanode-6/data/ratis/ba555178-5517-47d5-b109-2690418b2ee9 for RaftStorage:Storage Directory /workdir/hadoop-ozone/ozonefs/target/test-dir/MiniOzoneClusterImpl-da5888fd-c692-4355-82c4-91aa98cbf569/datanode-6/data/ratis/ba555178-5517-47d5-b109-2690418b2ee9
2019-09-20 08:46:11,200 [pool-93-thread-1] INFO  server.RaftServerConfigKeys (ConfUtils.java:logGet(43)) - raft.server.log.queue.byte-limit = 2147483647 (custom)
2019-09-20 08:46:11,200 [pool-93-thread-1] INFO  server.RaftServerConfigKeys (ConfUtils.java:logGet(43)) - raft.server.log.queue.element-limit = 1024 (custom)
2019-09-20 08:46:11,200 [pool-93-thread-1] INFO  server.RaftServerConfigKeys (ConfUtils.java:logGet(43)) - raft.server.log.segment.size.max = 1048576 (custom)
2019-09-20 08:46:11,200 [pool-93-thread-1] INFO  server.RaftServerConfigKeys (ConfUtils.java:logGet(43)) - raft.server.log.preallocated.size = 16384 (custom)
2019-09-20 08:46:11,200 [pool-93-thread-1] INFO  server.RaftServerConfigKeys (ConfUtils.java:logGet(43)) - raft.server.log.write.buffer.size = 33554432 (custom)
2019-09-20 08:46:11,200 [pool-93-thread-1] INFO  server.RaftServerConfigKeys (ConfUtils.java:logGet(43)) - raft.server.log.force.sync.num = 128 (default)
2019-09-20 08:46:11,200 [pool-93-thread-1] INFO  server.RaftServerConfigKeys (ConfUtils.java:logGet(43)) - raft.server.log.statemachine.data.sync = true (default)
2019-09-20 08:46:11,201 [pool-93-thread-1] INFO  server.RaftServerConfigKeys (ConfUtils.java:logGet(43)) - raft.server.log.statemachine.data.sync.timeout = 10s (default)
2019-09-20 08:46:11,201 [pool-93-thread-1] INFO  server.RaftServerConfigKeys (ConfUtils.java:logGet(43)) - raft.server.log.statemachine.data.sync.timeout.retry = -1 (default)
2019-09-20 08:46:11,201 [pool-93-thread-1] INFO  server.RaftServerConfigKeys (ConfUtils.java:logGet(43)) - raft.server.log.statemachine.data.caching.enabled = true (custom)
2019-09-20 08:46:11,201 [pool-93-thread-1] INFO  segmented.SegmentedRaftLogWorker (SegmentedRaftLogWorker.java:lambda$new$0(132)) - 1e702f59-a831-439b-ba97-9c7e4d303d93-SegmentedRaftLogWorker:Storage Directory /workdir/hadoop-ozone/ozonefs/target/test-dir/MiniOzoneClusterImpl-da5888fd-c692-4355-82c4-91aa98cbf569/datanode-6/data/ratis/ba555178-5517-47d5-b109-2690418b2ee9: flushIndex: setUnconditionally 0 -> -1
2019-09-20 08:46:11,201 [pool-93-thread-1] INFO  server.RaftServerConfigKeys (ConfUtils.java:logGet(43)) - raft.server.snapshot.auto.trigger.enabled = true (custom)
2019-09-20 08:46:11,201 [pool-93-thread-1] INFO  server.RaftServerConfigKeys (ConfUtils.java:logGet(43)) - raft.server.snapshot.auto.trigger.threshold = 10000 (custom)
2019-09-20 08:46:11,202 [pool-93-thread-1] INFO  server.RaftServerConfigKeys (ConfUtils.java:logGet(43)) - raft.server.retrycache.expirytime = 600000ms (custom)
2019-09-20 08:46:11,202 [pool-93-thread-1] INFO  impl.RaftServerImpl (RaftServerImpl.java:start(180)) - 1e702f59-a831-439b-ba97-9c7e4d303d93: start group-2690418B2EE9
2019-09-20 08:46:11,202 [pool-93-thread-1] INFO  impl.RaftServerImpl (RaftServerImpl.java:setRole(171)) - 1e702f59-a831-439b-ba97-9c7e4d303d93:group-2690418B2EE9 changes role from null to FOLLOWER at term 0 for startAsFollower
2019-09-20 08:46:11,202 [pool-93-thread-1] INFO  impl.RoleInfo (RoleInfo.java:updateAndGet(143)) - 1e702f59-a831-439b-ba97-9c7e4d303d93: start FollowerState
2019-09-20 08:46:11,203 [pool-93-thread-1] INFO  util.JmxRegister (JmxRegister.java:tryRegister(44)) - Successfully registered JMX Bean with object name Ratis:service=RaftServer,group=group-2690418B2EE9,id=1e702f59-a831-439b-ba97-9c7e4d303d93
2019-09-20 08:46:11,210 [RatisPipelineUtilsThread] INFO  pipeline.PipelineStateManager (PipelineStateManager.java:addPipeline(56)) - Created pipeline Pipeline[ Id: ba555178-5517-47d5-b109-2690418b2ee9, Nodes: 1e702f59-a831-439b-ba97-9c7e4d303d93{ip: 192.168.36.79, host: pr-hdds-1569-s8kj2-2266485376, networkLocation: /default-rack, certSerialId: null}, Type:RATIS, Factor:ONE, State:OPEN]
2019-09-20 08:46:11,212 [RatisPipelineUtilsThread] INFO  pipeline.PipelinePlacementPolicy (PipelinePlacementPolicy.java:meetCriteria(91)) - Pipeline Placement: Doesn't meet the criteria to be viable node： a3bf3c1a-4063-48f8-b1bd-e321780611c4 Heaviness: 6 limit: 5
2019-09-20 08:46:11,212 [RatisPipelineUtilsThread] INFO  pipeline.PipelinePlacementPolicy (PipelinePlacementPolicy.java:meetCriteria(91)) - Pipeline Placement: Doesn't meet the criteria to be viable node： 3ea69b51-ea1d-40b9-a82f-433a48a46bff Heaviness: 6 limit: 5
2019-09-20 08:46:11,223 [grpc-default-executor-1] INFO  impl.RaftServerProxy (RaftServerProxy.java:addNew(89)) - 0d845cc3-b0d9-47c5-b935-74fa0be2c903: addNew group-6E0508AD1A63:[0d845cc3-b0d9-47c5-b935-74fa0be2c903:192.168.36.79:38257] returns group-6E0508AD1A63:java.util.concurrent.CompletableFuture@53e36609[Not completed]
2019-09-20 08:46:11,225 [pool-82-thread-1] INFO  impl.RaftServerImpl (RaftServerImpl.java:<init>(93)) - 0d845cc3-b0d9-47c5-b935-74fa0be2c903: new RaftServerImpl for group-6E0508AD1A63:[0d845cc3-b0d9-47c5-b935-74fa0be2c903:192.168.36.79:38257] with ContainerStateMachine:uninitialized
2019-09-20 08:46:11,226 [pool-82-thread-1] INFO  server.RaftServerConfigKeys (ConfUtils.java:logGet(43)) - raft.server.rpc.timeout.min = 5s (custom)
2019-09-20 08:46:11,226 [pool-82-thread-1] INFO  server.RaftServerConfigKeys (ConfUtils.java:logGet(43)) - raft.server.rpc.timeout.max = 5200ms (custom)
2019-09-20 08:46:11,226 [pool-82-thread-1] INFO  server.RaftServerConfigKeys (ConfUtils.java:logGet(43)) - raft.server.rpcslowness.timeout = 120s (custom)
2019-09-20 08:46:11,226 [pool-82-thread-1] INFO  server.RaftServerConfigKeys (ConfUtils.java:logGet(43)) - raft.server.sleep.deviation.threshold = 300 (default)
2019-09-20 08:46:11,227 [pool-82-thread-1] INFO  server.RaftServerConfigKeys (ConfUtils.java:logGet(43)) - raft.server.log.appender.install.snapshot.enabled = false (custom)
2019-09-20 08:46:11,227 [pool-82-thread-1] INFO  impl.RaftServerImpl (ServerState.java:<init>(105)) - 0d845cc3-b0d9-47c5-b935-74fa0be2c903:group-6E0508AD1A63 ConfigurationManager, init=-1: [0d845cc3-b0d9-47c5-b935-74fa0be2c903:192.168.36.79:38257], old=null, confs=<EMPTY_MAP>
2019-09-20 08:46:11,227 [pool-82-thread-1] INFO  server.RaftServerConfigKeys (ConfUtils.java:logGet(43)) - raft.server.storage.dir = [/workdir/hadoop-ozone/ozonefs/target/test-dir/MiniOzoneClusterImpl-da5888fd-c692-4355-82c4-91aa98cbf569/datanode-5/data/ratis] (custom)
2019-09-20 08:46:11,228 [pool-82-thread-1] INFO  storage.RaftStorageDirectory (RaftStorageDirectory.java:analyzeStorage(246)) - The storage directory /workdir/hadoop-ozone/ozonefs/target/test-dir/MiniOzoneClusterImpl-da5888fd-c692-4355-82c4-91aa98cbf569/datanode-5/data/ratis/5f50f26b-8e4d-4307-960a-6e0508ad1a63 does not exist. Creating ...
2019-09-20 08:46:11,257 [pool-82-thread-1] INFO  storage.RaftStorageDirectory (RaftStorageDirectory.java:tryLock(328)) - Lock on /workdir/hadoop-ozone/ozonefs/target/test-dir/MiniOzoneClusterImpl-da5888fd-c692-4355-82c4-91aa98cbf569/datanode-5/data/ratis/5f50f26b-8e4d-4307-960a-6e0508ad1a63/in_use.lock acquired by nodename 7820@pr-hdds-1569-s8kj2-2266485376
2019-09-20 08:46:11,283 [pool-82-thread-1] INFO  storage.RaftStorage (RaftStorage.java:format(72)) - Storage directory /workdir/hadoop-ozone/ozonefs/target/test-dir/MiniOzoneClusterImpl-da5888fd-c692-4355-82c4-91aa98cbf569/datanode-5/data/ratis/5f50f26b-8e4d-4307-960a-6e0508ad1a63 has been successfully formatted.
2019-09-20 08:46:11,283 [pool-82-thread-1] INFO  ratis.ContainerStateMachine (ContainerStateMachine.java:loadSnapshot(226)) - group-6E0508AD1A63: The snapshot info is null. Setting the last applied indexto:(t:0, i:~)
2019-09-20 08:46:11,283 [pool-82-thread-1] INFO  server.RaftServerConfigKeys (ConfUtils.java:logGet(43)) - raft.server.leader.election.timeout = 120s (custom)
2019-09-20 08:46:11,283 [pool-82-thread-1] INFO  server.RaftServerConfigKeys (ConfUtils.java:logGet(43)) - raft.server.log.use.memory = false (default)
2019-09-20 08:46:11,283 [pool-82-thread-1] INFO  server.RaftServerConfigKeys (ConfUtils.java:logGet(43)) - raft.server.log.purge.gap = 1000000 (custom)
2019-09-20 08:46:11,284 [pool-82-thread-1] INFO  server.RaftServerConfigKeys (ConfUtils.java:logGet(43)) - raft.server.log.appender.buffer.byte-limit = 33554432 (custom)
2019-09-20 08:46:11,284 [pool-82-thread-1] INFO  server.RaftServerConfigKeys (ConfUtils.java:logGet(43)) - raft.server.log.segment.size.max = 1048576 (custom)
2019-09-20 08:46:11,284 [pool-82-thread-1] INFO  server.RaftServerConfigKeys (ConfUtils.java:logGet(43)) - raft.server.log.segment.cache.num.max = 2 (custom)
2019-09-20 08:46:11,284 [pool-82-thread-1] INFO  segmented.SegmentedRaftLogWorker (SegmentedRaftLogWorker.java:<init>(172)) - new 0d845cc3-b0d9-47c5-b935-74fa0be2c903-SegmentedRaftLogWorker:Storage Directory /workdir/hadoop-ozone/ozonefs/target/test-dir/MiniOzoneClusterImpl-da5888fd-c692-4355-82c4-91aa98cbf569/datanode-5/data/ratis/5f50f26b-8e4d-4307-960a-6e0508ad1a63 for RaftStorage:Storage Directory /workdir/hadoop-ozone/ozonefs/target/test-dir/MiniOzoneClusterImpl-da5888fd-c692-4355-82c4-91aa98cbf569/datanode-5/data/ratis/5f50f26b-8e4d-4307-960a-6e0508ad1a63
2019-09-20 08:46:11,284 [pool-82-thread-1] INFO  server.RaftServerConfigKeys (ConfUtils.java:logGet(43)) - raft.server.log.queue.byte-limit = 2147483647 (custom)
2019-09-20 08:46:11,284 [pool-82-thread-1] INFO  server.RaftServerConfigKeys (ConfUtils.java:logGet(43)) - raft.server.log.queue.element-limit = 1024 (custom)
2019-09-20 08:46:11,284 [pool-82-thread-1] INFO  server.RaftServerConfigKeys (ConfUtils.java:logGet(43)) - raft.server.log.segment.size.max = 1048576 (custom)
2019-09-20 08:46:11,284 [pool-82-thread-1] INFO  server.RaftServerConfigKeys (ConfUtils.java:logGet(43)) - raft.server.log.preallocated.size = 16384 (custom)
2019-09-20 08:46:11,285 [pool-82-thread-1] INFO  server.RaftServerConfigKeys (ConfUtils.java:logGet(43)) - raft.server.log.write.buffer.size = 33554432 (custom)
2019-09-20 08:46:11,285 [pool-82-thread-1] INFO  server.RaftServerConfigKeys (ConfUtils.java:logGet(43)) - raft.server.log.force.sync.num = 128 (default)
2019-09-20 08:46:11,285 [pool-82-thread-1] INFO  server.RaftServerConfigKeys (ConfUtils.java:logGet(43)) - raft.server.log.statemachine.data.sync = true (default)
2019-09-20 08:46:11,285 [pool-82-thread-1] INFO  server.RaftServerConfigKeys (ConfUtils.java:logGet(43)) - raft.server.log.statemachine.data.sync.timeout = 10s (default)
2019-09-20 08:46:11,285 [pool-82-thread-1] INFO  server.RaftServerConfigKeys (ConfUtils.java:logGet(43)) - raft.server.log.statemachine.data.sync.timeout.retry = -1 (default)
2019-09-20 08:46:11,285 [pool-82-thread-1] INFO  server.RaftServerConfigKeys (ConfUtils.java:logGet(43)) - raft.server.log.statemachine.data.caching.enabled = true (custom)
2019-09-20 08:46:11,286 [pool-82-thread-1] INFO  segmented.SegmentedRaftLogWorker (SegmentedRaftLogWorker.java:lambda$new$0(132)) - 0d845cc3-b0d9-47c5-b935-74fa0be2c903-SegmentedRaftLogWorker:Storage Directory /workdir/hadoop-ozone/ozonefs/target/test-dir/MiniOzoneClusterImpl-da5888fd-c692-4355-82c4-91aa98cbf569/datanode-5/data/ratis/5f50f26b-8e4d-4307-960a-6e0508ad1a63: flushIndex: setUnconditionally 0 -> -1
2019-09-20 08:46:11,286 [pool-82-thread-1] INFO  server.RaftServerConfigKeys (ConfUtils.java:logGet(43)) - raft.server.snapshot.auto.trigger.enabled = true (custom)
2019-09-20 08:46:11,286 [pool-82-thread-1] INFO  server.RaftServerConfigKeys (ConfUtils.java:logGet(43)) - raft.server.snapshot.auto.trigger.threshold = 10000 (custom)
2019-09-20 08:46:11,286 [pool-82-thread-1] INFO  server.RaftServerConfigKeys (ConfUtils.java:logGet(43)) - raft.server.retrycache.expirytime = 600000ms (custom)
2019-09-20 08:46:11,287 [pool-82-thread-1] INFO  impl.RaftServerImpl (RaftServerImpl.java:start(180)) - 0d845cc3-b0d9-47c5-b935-74fa0be2c903: start group-6E0508AD1A63
2019-09-20 08:46:11,287 [pool-82-thread-1] INFO  impl.RaftServerImpl (RaftServerImpl.java:setRole(171)) - 0d845cc3-b0d9-47c5-b935-74fa0be2c903:group-6E0508AD1A63 changes role from null to FOLLOWER at term 0 for startAsFollower
2019-09-20 08:46:11,287 [pool-82-thread-1] INFO  impl.RoleInfo (RoleInfo.java:updateAndGet(143)) - 0d845cc3-b0d9-47c5-b935-74fa0be2c903: start FollowerState
2019-09-20 08:46:11,287 [pool-82-thread-1] INFO  util.JmxRegister (JmxRegister.java:tryRegister(44)) - Successfully registered JMX Bean with object name Ratis:service=RaftServer,group=group-6E0508AD1A63,id=0d845cc3-b0d9-47c5-b935-74fa0be2c903
2019-09-20 08:46:11,293 [RatisPipelineUtilsThread] INFO  pipeline.PipelineStateManager (PipelineStateManager.java:addPipeline(56)) - Created pipeline Pipeline[ Id: 5f50f26b-8e4d-4307-960a-6e0508ad1a63, Nodes: 0d845cc3-b0d9-47c5-b935-74fa0be2c903{ip: 192.168.36.79, host: pr-hdds-1569-s8kj2-2266485376, networkLocation: /default-rack, certSerialId: null}, Type:RATIS, Factor:ONE, State:OPEN]
2019-09-20 08:46:11,295 [RatisPipelineUtilsThread] INFO  pipeline.PipelinePlacementPolicy (PipelinePlacementPolicy.java:meetCriteria(91)) - Pipeline Placement: Doesn't meet the criteria to be viable node： a3bf3c1a-4063-48f8-b1bd-e321780611c4 Heaviness: 6 limit: 5
2019-09-20 08:46:11,296 [RatisPipelineUtilsThread] INFO  pipeline.PipelinePlacementPolicy (PipelinePlacementPolicy.java:meetCriteria(91)) - Pipeline Placement: Doesn't meet the criteria to be viable node： 3ea69b51-ea1d-40b9-a82f-433a48a46bff Heaviness: 6 limit: 5
2019-09-20 08:46:11,306 [grpc-default-executor-1] INFO  impl.RaftServerProxy (RaftServerProxy.java:addNew(89)) - 1e702f59-a831-439b-ba97-9c7e4d303d93: addNew group-D1817A595145:[1e702f59-a831-439b-ba97-9c7e4d303d93:192.168.36.79:42450] returns group-D1817A595145:java.util.concurrent.CompletableFuture@236176fe[Not completed]
2019-09-20 08:46:11,307 [pool-93-thread-1] INFO  impl.RaftServerImpl (RaftServerImpl.java:<init>(93)) - 1e702f59-a831-439b-ba97-9c7e4d303d93: new RaftServerImpl for group-D1817A595145:[1e702f59-a831-439b-ba97-9c7e4d303d93:192.168.36.79:42450] with ContainerStateMachine:uninitialized
2019-09-20 08:46:11,307 [pool-93-thread-1] INFO  server.RaftServerConfigKeys (ConfUtils.java:logGet(43)) - raft.server.rpc.timeout.min = 5s (custom)
2019-09-20 08:46:11,308 [pool-93-thread-1] INFO  server.RaftServerConfigKeys (ConfUtils.java:logGet(43)) - raft.server.rpc.timeout.max = 5200ms (custom)
2019-09-20 08:46:11,308 [pool-93-thread-1] INFO  server.RaftServerConfigKeys (ConfUtils.java:logGet(43)) - raft.server.rpcslowness.timeout = 120s (custom)
2019-09-20 08:46:11,308 [pool-93-thread-1] INFO  server.RaftServerConfigKeys (ConfUtils.java:logGet(43)) - raft.server.sleep.deviation.threshold = 300 (default)
2019-09-20 08:46:11,308 [pool-93-thread-1] INFO  server.RaftServerConfigKeys (ConfUtils.java:logGet(43)) - raft.server.log.appender.install.snapshot.enabled = false (custom)
2019-09-20 08:46:11,308 [pool-93-thread-1] INFO  impl.RaftServerImpl (ServerState.java:<init>(105)) - 1e702f59-a831-439b-ba97-9c7e4d303d93:group-D1817A595145 ConfigurationManager, init=-1: [1e702f59-a831-439b-ba97-9c7e4d303d93:192.168.36.79:42450], old=null, confs=<EMPTY_MAP>
2019-09-20 08:46:11,308 [pool-93-thread-1] INFO  server.RaftServerConfigKeys (ConfUtils.java:logGet(43)) - raft.server.storage.dir = [/workdir/hadoop-ozone/ozonefs/target/test-dir/MiniOzoneClusterImpl-da5888fd-c692-4355-82c4-91aa98cbf569/datanode-6/data/ratis] (custom)
2019-09-20 08:46:11,309 [pool-93-thread-1] INFO  storage.RaftStorageDirectory (RaftStorageDirectory.java:analyzeStorage(246)) - The storage directory /workdir/hadoop-ozone/ozonefs/target/test-dir/MiniOzoneClusterImpl-da5888fd-c692-4355-82c4-91aa98cbf569/datanode-6/data/ratis/0d6f07af-b12f-4f8e-9a35-d1817a595145 does not exist. Creating ...
2019-09-20 08:46:11,330 | INFO  | SCMAudit | user=jenkins1000 | ip=192.168.36.79 | op=SEND_HEARTBEAT {datanodeUUID=d3d24c2e-887e-42af-9ac0-80e26c3dc807, command=[]} | ret=SUCCESS |  
2019-09-20 08:46:11,333 [pool-93-thread-1] INFO  storage.RaftStorageDirectory (RaftStorageDirectory.java:tryLock(328)) - Lock on /workdir/hadoop-ozone/ozonefs/target/test-dir/MiniOzoneClusterImpl-da5888fd-c692-4355-82c4-91aa98cbf569/datanode-6/data/ratis/0d6f07af-b12f-4f8e-9a35-d1817a595145/in_use.lock acquired by nodename 7820@pr-hdds-1569-s8kj2-2266485376
2019-09-20 08:46:11,358 [pool-93-thread-1] INFO  storage.RaftStorage (RaftStorage.java:format(72)) - Storage directory /workdir/hadoop-ozone/ozonefs/target/test-dir/MiniOzoneClusterImpl-da5888fd-c692-4355-82c4-91aa98cbf569/datanode-6/data/ratis/0d6f07af-b12f-4f8e-9a35-d1817a595145 has been successfully formatted.
2019-09-20 08:46:11,359 [pool-93-thread-1] INFO  ratis.ContainerStateMachine (ContainerStateMachine.java:loadSnapshot(226)) - group-D1817A595145: The snapshot info is null. Setting the last applied indexto:(t:0, i:~)
2019-09-20 08:46:11,359 [pool-93-thread-1] INFO  server.RaftServerConfigKeys (ConfUtils.java:logGet(43)) - raft.server.leader.election.timeout = 120s (custom)
2019-09-20 08:46:11,359 [pool-93-thread-1] INFO  server.RaftServerConfigKeys (ConfUtils.java:logGet(43)) - raft.server.log.use.memory = false (default)
2019-09-20 08:46:11,359 [pool-93-thread-1] INFO  server.RaftServerConfigKeys (ConfUtils.java:logGet(43)) - raft.server.log.purge.gap = 1000000 (custom)
2019-09-20 08:46:11,359 [pool-93-thread-1] INFO  server.RaftServerConfigKeys (ConfUtils.java:logGet(43)) - raft.server.log.appender.buffer.byte-limit = 33554432 (custom)
2019-09-20 08:46:11,359 [pool-93-thread-1] INFO  server.RaftServerConfigKeys (ConfUtils.java:logGet(43)) - raft.server.log.segment.size.max = 1048576 (custom)
2019-09-20 08:46:11,359 [pool-93-thread-1] INFO  server.RaftServerConfigKeys (ConfUtils.java:logGet(43)) - raft.server.log.segment.cache.num.max = 2 (custom)
2019-09-20 08:46:11,360 [pool-93-thread-1] INFO  segmented.SegmentedRaftLogWorker (SegmentedRaftLogWorker.java:<init>(172)) - new 1e702f59-a831-439b-ba97-9c7e4d303d93-SegmentedRaftLogWorker:Storage Directory /workdir/hadoop-ozone/ozonefs/target/test-dir/MiniOzoneClusterImpl-da5888fd-c692-4355-82c4-91aa98cbf569/datanode-6/data/ratis/0d6f07af-b12f-4f8e-9a35-d1817a595145 for RaftStorage:Storage Directory /workdir/hadoop-ozone/ozonefs/target/test-dir/MiniOzoneClusterImpl-da5888fd-c692-4355-82c4-91aa98cbf569/datanode-6/data/ratis/0d6f07af-b12f-4f8e-9a35-d1817a595145
2019-09-20 08:46:11,360 [pool-93-thread-1] INFO  server.RaftServerConfigKeys (ConfUtils.java:logGet(43)) - raft.server.log.queue.byte-limit = 2147483647 (custom)
2019-09-20 08:46:11,360 [pool-93-thread-1] INFO  server.RaftServerConfigKeys (ConfUtils.java:logGet(43)) - raft.server.log.queue.element-limit = 1024 (custom)
2019-09-20 08:46:11,360 [pool-93-thread-1] INFO  server.RaftServerConfigKeys (ConfUtils.java:logGet(43)) - raft.server.log.segment.size.max = 1048576 (custom)
2019-09-20 08:46:11,360 [pool-93-thread-1] INFO  server.RaftServerConfigKeys (ConfUtils.java:logGet(43)) - raft.server.log.preallocated.size = 16384 (custom)
2019-09-20 08:46:11,360 [pool-93-thread-1] INFO  server.RaftServerConfigKeys (ConfUtils.java:logGet(43)) - raft.server.log.write.buffer.size = 33554432 (custom)
2019-09-20 08:46:11,360 [pool-93-thread-1] INFO  server.RaftServerConfigKeys (ConfUtils.java:logGet(43)) - raft.server.log.force.sync.num = 128 (default)
2019-09-20 08:46:11,361 [pool-93-thread-1] INFO  server.RaftServerConfigKeys (ConfUtils.java:logGet(43)) - raft.server.log.statemachine.data.sync = true (default)
2019-09-20 08:46:11,361 [pool-93-thread-1] INFO  server.RaftServerConfigKeys (ConfUtils.java:logGet(43)) - raft.server.log.statemachine.data.sync.timeout = 10s (default)
2019-09-20 08:46:11,361 [pool-93-thread-1] INFO  server.RaftServerConfigKeys (ConfUtils.java:logGet(43)) - raft.server.log.statemachine.data.sync.timeout.retry = -1 (default)
2019-09-20 08:46:11,361 [pool-93-thread-1] INFO  server.RaftServerConfigKeys (ConfUtils.java:logGet(43)) - raft.server.log.statemachine.data.caching.enabled = true (custom)
2019-09-20 08:46:11,361 [pool-93-thread-1] INFO  segmented.SegmentedRaftLogWorker (SegmentedRaftLogWorker.java:lambda$new$0(132)) - 1e702f59-a831-439b-ba97-9c7e4d303d93-SegmentedRaftLogWorker:Storage Directory /workdir/hadoop-ozone/ozonefs/target/test-dir/MiniOzoneClusterImpl-da5888fd-c692-4355-82c4-91aa98cbf569/datanode-6/data/ratis/0d6f07af-b12f-4f8e-9a35-d1817a595145: flushIndex: setUnconditionally 0 -> -1
2019-09-20 08:46:11,362 [pool-93-thread-1] INFO  server.RaftServerConfigKeys (ConfUtils.java:logGet(43)) - raft.server.snapshot.auto.trigger.enabled = true (custom)
2019-09-20 08:46:11,362 [pool-93-thread-1] INFO  server.RaftServerConfigKeys (ConfUtils.java:logGet(43)) - raft.server.snapshot.auto.trigger.threshold = 10000 (custom)
2019-09-20 08:46:11,362 [pool-93-thread-1] INFO  server.RaftServerConfigKeys (ConfUtils.java:logGet(43)) - raft.server.retrycache.expirytime = 600000ms (custom)
2019-09-20 08:46:11,362 [pool-93-thread-1] INFO  impl.RaftServerImpl (RaftServerImpl.java:start(180)) - 1e702f59-a831-439b-ba97-9c7e4d303d93: start group-D1817A595145
2019-09-20 08:46:11,362 [pool-93-thread-1] INFO  impl.RaftServerImpl (RaftServerImpl.java:setRole(171)) - 1e702f59-a831-439b-ba97-9c7e4d303d93:group-D1817A595145 changes role from null to FOLLOWER at term 0 for startAsFollower
2019-09-20 08:46:11,362 [pool-93-thread-1] INFO  impl.RoleInfo (RoleInfo.java:updateAndGet(143)) - 1e702f59-a831-439b-ba97-9c7e4d303d93: start FollowerState
2019-09-20 08:46:11,363 [pool-93-thread-1] INFO  util.JmxRegister (JmxRegister.java:tryRegister(44)) - Successfully registered JMX Bean with object name Ratis:service=RaftServer,group=group-D1817A595145,id=1e702f59-a831-439b-ba97-9c7e4d303d93
2019-09-20 08:46:11,369 [RatisPipelineUtilsThread] INFO  pipeline.PipelineStateManager (PipelineStateManager.java:addPipeline(56)) - Created pipeline Pipeline[ Id: 0d6f07af-b12f-4f8e-9a35-d1817a595145, Nodes: 1e702f59-a831-439b-ba97-9c7e4d303d93{ip: 192.168.36.79, host: pr-hdds-1569-s8kj2-2266485376, networkLocation: /default-rack, certSerialId: null}, Type:RATIS, Factor:ONE, State:OPEN]
2019-09-20 08:46:11,371 [RatisPipelineUtilsThread] INFO  pipeline.PipelinePlacementPolicy (PipelinePlacementPolicy.java:meetCriteria(91)) - Pipeline Placement: Doesn't meet the criteria to be viable node： a3bf3c1a-4063-48f8-b1bd-e321780611c4 Heaviness: 6 limit: 5
2019-09-20 08:46:11,371 [RatisPipelineUtilsThread] INFO  pipeline.PipelinePlacementPolicy (PipelinePlacementPolicy.java:meetCriteria(91)) - Pipeline Placement: Doesn't meet the criteria to be viable node： 3ea69b51-ea1d-40b9-a82f-433a48a46bff Heaviness: 6 limit: 5
2019-09-20 08:46:11,379 [grpc-default-executor-1] INFO  impl.RaftServerProxy (RaftServerProxy.java:addNew(89)) - e997423e-4090-4042-87ee-7419d4cf7365: addNew group-F41A5AF99D59:[e997423e-4090-4042-87ee-7419d4cf7365:192.168.36.79:35366] returns group-F41A5AF99D59:java.util.concurrent.CompletableFuture@7b19f07a[Not completed]
2019-09-20 08:46:11,381 [pool-38-thread-1] INFO  impl.RaftServerImpl (RaftServerImpl.java:<init>(93)) - e997423e-4090-4042-87ee-7419d4cf7365: new RaftServerImpl for group-F41A5AF99D59:[e997423e-4090-4042-87ee-7419d4cf7365:192.168.36.79:35366] with ContainerStateMachine:uninitialized
2019-09-20 08:46:11,381 [pool-38-thread-1] INFO  server.RaftServerConfigKeys (ConfUtils.java:logGet(43)) - raft.server.rpc.timeout.min = 5s (custom)
2019-09-20 08:46:11,382 [pool-38-thread-1] INFO  server.RaftServerConfigKeys (ConfUtils.java:logGet(43)) - raft.server.rpc.timeout.max = 5200ms (custom)
2019-09-20 08:46:11,382 [pool-38-thread-1] INFO  server.RaftServerConfigKeys (ConfUtils.java:logGet(43)) - raft.server.rpcslowness.timeout = 120s (custom)
2019-09-20 08:46:11,382 [pool-38-thread-1] INFO  server.RaftServerConfigKeys (ConfUtils.java:logGet(43)) - raft.server.sleep.deviation.threshold = 300 (default)
2019-09-20 08:46:11,382 [pool-38-thread-1] INFO  server.RaftServerConfigKeys (ConfUtils.java:logGet(43)) - raft.server.log.appender.install.snapshot.enabled = false (custom)
2019-09-20 08:46:11,382 [pool-38-thread-1] INFO  impl.RaftServerImpl (ServerState.java:<init>(105)) - e997423e-4090-4042-87ee-7419d4cf7365:group-F41A5AF99D59 ConfigurationManager, init=-1: [e997423e-4090-4042-87ee-7419d4cf7365:192.168.36.79:35366], old=null, confs=<EMPTY_MAP>
2019-09-20 08:46:11,382 [pool-38-thread-1] INFO  server.RaftServerConfigKeys (ConfUtils.java:logGet(43)) - raft.server.storage.dir = [/workdir/hadoop-ozone/ozonefs/target/test-dir/MiniOzoneClusterImpl-da5888fd-c692-4355-82c4-91aa98cbf569/datanode-1/data/ratis] (custom)
2019-09-20 08:46:11,383 [pool-38-thread-1] INFO  storage.RaftStorageDirectory (RaftStorageDirectory.java:analyzeStorage(246)) - The storage directory /workdir/hadoop-ozone/ozonefs/target/test-dir/MiniOzoneClusterImpl-da5888fd-c692-4355-82c4-91aa98cbf569/datanode-1/data/ratis/6e68e246-f8c9-4234-8d2c-f41a5af99d59 does not exist. Creating ...
2019-09-20 08:46:11,409 [pool-38-thread-1] INFO  storage.RaftStorageDirectory (RaftStorageDirectory.java:tryLock(328)) - Lock on /workdir/hadoop-ozone/ozonefs/target/test-dir/MiniOzoneClusterImpl-da5888fd-c692-4355-82c4-91aa98cbf569/datanode-1/data/ratis/6e68e246-f8c9-4234-8d2c-f41a5af99d59/in_use.lock acquired by nodename 7820@pr-hdds-1569-s8kj2-2266485376
2019-09-20 08:46:11,434 | INFO  | SCMAudit | user=jenkins1000 | ip=192.168.36.79 | op=SEND_HEARTBEAT {datanodeUUID=3ea69b51-ea1d-40b9-a82f-433a48a46bff, command=[]} | ret=SUCCESS |  
2019-09-20 08:46:11,434 [pool-38-thread-1] INFO  storage.RaftStorage (RaftStorage.java:format(72)) - Storage directory /workdir/hadoop-ozone/ozonefs/target/test-dir/MiniOzoneClusterImpl-da5888fd-c692-4355-82c4-91aa98cbf569/datanode-1/data/ratis/6e68e246-f8c9-4234-8d2c-f41a5af99d59 has been successfully formatted.
2019-09-20 08:46:11,434 [pool-38-thread-1] INFO  ratis.ContainerStateMachine (ContainerStateMachine.java:loadSnapshot(226)) - group-F41A5AF99D59: The snapshot info is null. Setting the last applied indexto:(t:0, i:~)
2019-09-20 08:46:11,435 [pool-38-thread-1] INFO  server.RaftServerConfigKeys (ConfUtils.java:logGet(43)) - raft.server.leader.election.timeout = 120s (custom)
2019-09-20 08:46:11,435 [pool-38-thread-1] INFO  server.RaftServerConfigKeys (ConfUtils.java:logGet(43)) - raft.server.log.use.memory = false (default)
2019-09-20 08:46:11,435 [pool-38-thread-1] INFO  server.RaftServerConfigKeys (ConfUtils.java:logGet(43)) - raft.server.log.purge.gap = 1000000 (custom)
2019-09-20 08:46:11,435 [pool-38-thread-1] INFO  server.RaftServerConfigKeys (ConfUtils.java:logGet(43)) - raft.server.log.appender.buffer.byte-limit = 33554432 (custom)
2019-09-20 08:46:11,435 [pool-38-thread-1] INFO  server.RaftServerConfigKeys (ConfUtils.java:logGet(43)) - raft.server.log.segment.size.max = 1048576 (custom)
2019-09-20 08:46:11,435 [pool-38-thread-1] INFO  server.RaftServerConfigKeys (ConfUtils.java:logGet(43)) - raft.server.log.segment.cache.num.max = 2 (custom)
2019-09-20 08:46:11,435 [pool-38-thread-1] INFO  segmented.SegmentedRaftLogWorker (SegmentedRaftLogWorker.java:<init>(172)) - new e997423e-4090-4042-87ee-7419d4cf7365-SegmentedRaftLogWorker:Storage Directory /workdir/hadoop-ozone/ozonefs/target/test-dir/MiniOzoneClusterImpl-da5888fd-c692-4355-82c4-91aa98cbf569/datanode-1/data/ratis/6e68e246-f8c9-4234-8d2c-f41a5af99d59 for RaftStorage:Storage Directory /workdir/hadoop-ozone/ozonefs/target/test-dir/MiniOzoneClusterImpl-da5888fd-c692-4355-82c4-91aa98cbf569/datanode-1/data/ratis/6e68e246-f8c9-4234-8d2c-f41a5af99d59
2019-09-20 08:46:11,435 [pool-38-thread-1] INFO  server.RaftServerConfigKeys (ConfUtils.java:logGet(43)) - raft.server.log.queue.byte-limit = 2147483647 (custom)
2019-09-20 08:46:11,435 [pool-38-thread-1] INFO  server.RaftServerConfigKeys (ConfUtils.java:logGet(43)) - raft.server.log.queue.element-limit = 1024 (custom)
2019-09-20 08:46:11,436 [pool-38-thread-1] INFO  server.RaftServerConfigKeys (ConfUtils.java:logGet(43)) - raft.server.log.segment.size.max = 1048576 (custom)
2019-09-20 08:46:11,436 [pool-38-thread-1] INFO  server.RaftServerConfigKeys (ConfUtils.java:logGet(43)) - raft.server.log.preallocated.size = 16384 (custom)
2019-09-20 08:46:11,436 [pool-38-thread-1] INFO  server.RaftServerConfigKeys (ConfUtils.java:logGet(43)) - raft.server.log.write.buffer.size = 33554432 (custom)
2019-09-20 08:46:11,436 [pool-38-thread-1] INFO  server.RaftServerConfigKeys (ConfUtils.java:logGet(43)) - raft.server.log.force.sync.num = 128 (default)
2019-09-20 08:46:11,436 [pool-38-thread-1] INFO  server.RaftServerConfigKeys (ConfUtils.java:logGet(43)) - raft.server.log.statemachine.data.sync = true (default)
2019-09-20 08:46:11,436 [pool-38-thread-1] INFO  server.RaftServerConfigKeys (ConfUtils.java:logGet(43)) - raft.server.log.statemachine.data.sync.timeout = 10s (default)
2019-09-20 08:46:11,436 [pool-38-thread-1] INFO  server.RaftServerConfigKeys (ConfUtils.java:logGet(43)) - raft.server.log.statemachine.data.sync.timeout.retry = -1 (default)
2019-09-20 08:46:11,436 [pool-38-thread-1] INFO  server.RaftServerConfigKeys (ConfUtils.java:logGet(43)) - raft.server.log.statemachine.data.caching.enabled = true (custom)
2019-09-20 08:46:11,437 [pool-38-thread-1] INFO  segmented.SegmentedRaftLogWorker (SegmentedRaftLogWorker.java:lambda$new$0(132)) - e997423e-4090-4042-87ee-7419d4cf7365-SegmentedRaftLogWorker:Storage Directory /workdir/hadoop-ozone/ozonefs/target/test-dir/MiniOzoneClusterImpl-da5888fd-c692-4355-82c4-91aa98cbf569/datanode-1/data/ratis/6e68e246-f8c9-4234-8d2c-f41a5af99d59: flushIndex: setUnconditionally 0 -> -1
2019-09-20 08:46:11,437 [pool-38-thread-1] INFO  server.RaftServerConfigKeys (ConfUtils.java:logGet(43)) - raft.server.snapshot.auto.trigger.enabled = true (custom)
2019-09-20 08:46:11,437 [pool-38-thread-1] INFO  server.RaftServerConfigKeys (ConfUtils.java:logGet(43)) - raft.server.snapshot.auto.trigger.threshold = 10000 (custom)
2019-09-20 08:46:11,437 [pool-38-thread-1] INFO  server.RaftServerConfigKeys (ConfUtils.java:logGet(43)) - raft.server.retrycache.expirytime = 600000ms (custom)
2019-09-20 08:46:11,437 [pool-38-thread-1] INFO  impl.RaftServerImpl (RaftServerImpl.java:start(180)) - e997423e-4090-4042-87ee-7419d4cf7365: start group-F41A5AF99D59
2019-09-20 08:46:11,438 [pool-38-thread-1] INFO  impl.RaftServerImpl (RaftServerImpl.java:setRole(171)) - e997423e-4090-4042-87ee-7419d4cf7365:group-F41A5AF99D59 changes role from null to FOLLOWER at term 0 for startAsFollower
2019-09-20 08:46:11,438 [pool-38-thread-1] INFO  impl.RoleInfo (RoleInfo.java:updateAndGet(143)) - e997423e-4090-4042-87ee-7419d4cf7365: start FollowerState
2019-09-20 08:46:11,438 [pool-38-thread-1] INFO  util.JmxRegister (JmxRegister.java:tryRegister(44)) - Successfully registered JMX Bean with object name Ratis:service=RaftServer,group=group-F41A5AF99D59,id=e997423e-4090-4042-87ee-7419d4cf7365
2019-09-20 08:46:11,444 [RatisPipelineUtilsThread] INFO  pipeline.PipelineStateManager (PipelineStateManager.java:addPipeline(56)) - Created pipeline Pipeline[ Id: 6e68e246-f8c9-4234-8d2c-f41a5af99d59, Nodes: e997423e-4090-4042-87ee-7419d4cf7365{ip: 192.168.36.79, host: pr-hdds-1569-s8kj2-2266485376, networkLocation: /default-rack, certSerialId: null}, Type:RATIS, Factor:ONE, State:OPEN]
2019-09-20 08:46:11,446 [RatisPipelineUtilsThread] INFO  pipeline.PipelinePlacementPolicy (PipelinePlacementPolicy.java:meetCriteria(91)) - Pipeline Placement: Doesn't meet the criteria to be viable node： a3bf3c1a-4063-48f8-b1bd-e321780611c4 Heaviness: 6 limit: 5
2019-09-20 08:46:11,446 [RatisPipelineUtilsThread] INFO  pipeline.PipelinePlacementPolicy (PipelinePlacementPolicy.java:meetCriteria(91)) - Pipeline Placement: Doesn't meet the criteria to be viable node： e997423e-4090-4042-87ee-7419d4cf7365 Heaviness: 6 limit: 5
2019-09-20 08:46:11,447 [RatisPipelineUtilsThread] INFO  pipeline.PipelinePlacementPolicy (PipelinePlacementPolicy.java:meetCriteria(91)) - Pipeline Placement: Doesn't meet the criteria to be viable node： 3ea69b51-ea1d-40b9-a82f-433a48a46bff Heaviness: 6 limit: 5
2019-09-20 08:46:11,456 [grpc-default-executor-1] INFO  impl.RaftServerProxy (RaftServerProxy.java:addNew(89)) - 0d845cc3-b0d9-47c5-b935-74fa0be2c903: addNew group-FBB75943AA24:[0d845cc3-b0d9-47c5-b935-74fa0be2c903:192.168.36.79:38257] returns group-FBB75943AA24:java.util.concurrent.CompletableFuture@4aaf0f7[Not completed]
2019-09-20 08:46:11,457 [pool-82-thread-1] INFO  impl.RaftServerImpl (RaftServerImpl.java:<init>(93)) - 0d845cc3-b0d9-47c5-b935-74fa0be2c903: new RaftServerImpl for group-FBB75943AA24:[0d845cc3-b0d9-47c5-b935-74fa0be2c903:192.168.36.79:38257] with ContainerStateMachine:uninitialized
2019-09-20 08:46:11,457 [pool-82-thread-1] INFO  server.RaftServerConfigKeys (ConfUtils.java:logGet(43)) - raft.server.rpc.timeout.min = 5s (custom)
2019-09-20 08:46:11,458 [pool-82-thread-1] INFO  server.RaftServerConfigKeys (ConfUtils.java:logGet(43)) - raft.server.rpc.timeout.max = 5200ms (custom)
2019-09-20 08:46:11,458 [pool-82-thread-1] INFO  server.RaftServerConfigKeys (ConfUtils.java:logGet(43)) - raft.server.rpcslowness.timeout = 120s (custom)
2019-09-20 08:46:11,458 [pool-82-thread-1] INFO  server.RaftServerConfigKeys (ConfUtils.java:logGet(43)) - raft.server.sleep.deviation.threshold = 300 (default)
2019-09-20 08:46:11,458 [pool-82-thread-1] INFO  server.RaftServerConfigKeys (ConfUtils.java:logGet(43)) - raft.server.log.appender.install.snapshot.enabled = false (custom)
2019-09-20 08:46:11,458 [pool-82-thread-1] INFO  impl.RaftServerImpl (ServerState.java:<init>(105)) - 0d845cc3-b0d9-47c5-b935-74fa0be2c903:group-FBB75943AA24 ConfigurationManager, init=-1: [0d845cc3-b0d9-47c5-b935-74fa0be2c903:192.168.36.79:38257], old=null, confs=<EMPTY_MAP>
2019-09-20 08:46:11,458 [pool-82-thread-1] INFO  server.RaftServerConfigKeys (ConfUtils.java:logGet(43)) - raft.server.storage.dir = [/workdir/hadoop-ozone/ozonefs/target/test-dir/MiniOzoneClusterImpl-da5888fd-c692-4355-82c4-91aa98cbf569/datanode-5/data/ratis] (custom)
2019-09-20 08:46:11,459 [pool-82-thread-1] INFO  storage.RaftStorageDirectory (RaftStorageDirectory.java:analyzeStorage(246)) - The storage directory /workdir/hadoop-ozone/ozonefs/target/test-dir/MiniOzoneClusterImpl-da5888fd-c692-4355-82c4-91aa98cbf569/datanode-5/data/ratis/6efce2ed-c2fd-489a-9946-fbb75943aa24 does not exist. Creating ...
2019-09-20 08:46:11,484 [pool-82-thread-1] INFO  storage.RaftStorageDirectory (RaftStorageDirectory.java:tryLock(328)) - Lock on /workdir/hadoop-ozone/ozonefs/target/test-dir/MiniOzoneClusterImpl-da5888fd-c692-4355-82c4-91aa98cbf569/datanode-5/data/ratis/6efce2ed-c2fd-489a-9946-fbb75943aa24/in_use.lock acquired by nodename 7820@pr-hdds-1569-s8kj2-2266485376
2019-09-20 08:46:11,489 | INFO  | SCMAudit | user=jenkins1000 | ip=192.168.36.79 | op=SEND_HEARTBEAT {datanodeUUID=a3bf3c1a-4063-48f8-b1bd-e321780611c4, command=[]} | ret=SUCCESS |  
2019-09-20 08:46:11,494 | INFO  | SCMAudit | user=jenkins1000 | ip=192.168.36.79 | op=SEND_HEARTBEAT {datanodeUUID=1cc75455-5fc2-459e-9e17-b902eb9cc08f, command=[]} | ret=SUCCESS |  
2019-09-20 08:46:11,510 [pool-82-thread-1] INFO  storage.RaftStorage (RaftStorage.java:format(72)) - Storage directory /workdir/hadoop-ozone/ozonefs/target/test-dir/MiniOzoneClusterImpl-da5888fd-c692-4355-82c4-91aa98cbf569/datanode-5/data/ratis/6efce2ed-c2fd-489a-9946-fbb75943aa24 has been successfully formatted.
2019-09-20 08:46:11,510 [pool-82-thread-1] INFO  ratis.ContainerStateMachine (ContainerStateMachine.java:loadSnapshot(226)) - group-FBB75943AA24: The snapshot info is null. Setting the last applied indexto:(t:0, i:~)
2019-09-20 08:46:11,510 [pool-82-thread-1] INFO  server.RaftServerConfigKeys (ConfUtils.java:logGet(43)) - raft.server.leader.election.timeout = 120s (custom)
2019-09-20 08:46:11,511 [pool-82-thread-1] INFO  server.RaftServerConfigKeys (ConfUtils.java:logGet(43)) - raft.server.log.use.memory = false (default)
2019-09-20 08:46:11,511 [pool-82-thread-1] INFO  server.RaftServerConfigKeys (ConfUtils.java:logGet(43)) - raft.server.log.purge.gap = 1000000 (custom)
2019-09-20 08:46:11,511 [pool-82-thread-1] INFO  server.RaftServerConfigKeys (ConfUtils.java:logGet(43)) - raft.server.log.appender.buffer.byte-limit = 33554432 (custom)
2019-09-20 08:46:11,511 [pool-82-thread-1] INFO  server.RaftServerConfigKeys (ConfUtils.java:logGet(43)) - raft.server.log.segment.size.max = 1048576 (custom)
2019-09-20 08:46:11,511 [pool-82-thread-1] INFO  server.RaftServerConfigKeys (ConfUtils.java:logGet(43)) - raft.server.log.segment.cache.num.max = 2 (custom)
2019-09-20 08:46:11,511 [pool-82-thread-1] INFO  segmented.SegmentedRaftLogWorker (SegmentedRaftLogWorker.java:<init>(172)) - new 0d845cc3-b0d9-47c5-b935-74fa0be2c903-SegmentedRaftLogWorker:Storage Directory /workdir/hadoop-ozone/ozonefs/target/test-dir/MiniOzoneClusterImpl-da5888fd-c692-4355-82c4-91aa98cbf569/datanode-5/data/ratis/6efce2ed-c2fd-489a-9946-fbb75943aa24 for RaftStorage:Storage Directory /workdir/hadoop-ozone/ozonefs/target/test-dir/MiniOzoneClusterImpl-da5888fd-c692-4355-82c4-91aa98cbf569/datanode-5/data/ratis/6efce2ed-c2fd-489a-9946-fbb75943aa24
2019-09-20 08:46:11,512 [pool-82-thread-1] INFO  server.RaftServerConfigKeys (ConfUtils.java:logGet(43)) - raft.server.log.queue.byte-limit = 2147483647 (custom)
2019-09-20 08:46:11,512 [pool-82-thread-1] INFO  server.RaftServerConfigKeys (ConfUtils.java:logGet(43)) - raft.server.log.queue.element-limit = 1024 (custom)
2019-09-20 08:46:11,512 [pool-82-thread-1] INFO  server.RaftServerConfigKeys (ConfUtils.java:logGet(43)) - raft.server.log.segment.size.max = 1048576 (custom)
2019-09-20 08:46:11,512 [pool-82-thread-1] INFO  server.RaftServerConfigKeys (ConfUtils.java:logGet(43)) - raft.server.log.preallocated.size = 16384 (custom)
2019-09-20 08:46:11,512 [pool-82-thread-1] INFO  server.RaftServerConfigKeys (ConfUtils.java:logGet(43)) - raft.server.log.write.buffer.size = 33554432 (custom)
2019-09-20 08:46:11,512 [pool-82-thread-1] INFO  server.RaftServerConfigKeys (ConfUtils.java:logGet(43)) - raft.server.log.force.sync.num = 128 (default)
2019-09-20 08:46:11,512 [pool-82-thread-1] INFO  server.RaftServerConfigKeys (ConfUtils.java:logGet(43)) - raft.server.log.statemachine.data.sync = true (default)
2019-09-20 08:46:11,513 [pool-82-thread-1] INFO  server.RaftServerConfigKeys (ConfUtils.java:logGet(43)) - raft.server.log.statemachine.data.sync.timeout = 10s (default)
2019-09-20 08:46:11,513 [pool-82-thread-1] INFO  server.RaftServerConfigKeys (ConfUtils.java:logGet(43)) - raft.server.log.statemachine.data.sync.timeout.retry = -1 (default)
2019-09-20 08:46:11,513 [pool-82-thread-1] INFO  server.RaftServerConfigKeys (ConfUtils.java:logGet(43)) - raft.server.log.statemachine.data.caching.enabled = true (custom)
2019-09-20 08:46:11,513 [pool-82-thread-1] INFO  segmented.SegmentedRaftLogWorker (SegmentedRaftLogWorker.java:lambda$new$0(132)) - 0d845cc3-b0d9-47c5-b935-74fa0be2c903-SegmentedRaftLogWorker:Storage Directory /workdir/hadoop-ozone/ozonefs/target/test-dir/MiniOzoneClusterImpl-da5888fd-c692-4355-82c4-91aa98cbf569/datanode-5/data/ratis/6efce2ed-c2fd-489a-9946-fbb75943aa24: flushIndex: setUnconditionally 0 -> -1
2019-09-20 08:46:11,513 [pool-82-thread-1] INFO  server.RaftServerConfigKeys (ConfUtils.java:logGet(43)) - raft.server.snapshot.auto.trigger.enabled = true (custom)
2019-09-20 08:46:11,514 [pool-82-thread-1] INFO  server.RaftServerConfigKeys (ConfUtils.java:logGet(43)) - raft.server.snapshot.auto.trigger.threshold = 10000 (custom)
2019-09-20 08:46:11,514 [pool-82-thread-1] INFO  server.RaftServerConfigKeys (ConfUtils.java:logGet(43)) - raft.server.retrycache.expirytime = 600000ms (custom)
2019-09-20 08:46:11,514 [pool-82-thread-1] INFO  impl.RaftServerImpl (RaftServerImpl.java:start(180)) - 0d845cc3-b0d9-47c5-b935-74fa0be2c903: start group-FBB75943AA24
2019-09-20 08:46:11,514 [pool-82-thread-1] INFO  impl.RaftServerImpl (RaftServerImpl.java:setRole(171)) - 0d845cc3-b0d9-47c5-b935-74fa0be2c903:group-FBB75943AA24 changes role from null to FOLLOWER at term 0 for startAsFollower
2019-09-20 08:46:11,514 [pool-82-thread-1] INFO  impl.RoleInfo (RoleInfo.java:updateAndGet(143)) - 0d845cc3-b0d9-47c5-b935-74fa0be2c903: start FollowerState
2019-09-20 08:46:11,515 [pool-82-thread-1] INFO  util.JmxRegister (JmxRegister.java:tryRegister(44)) - Successfully registered JMX Bean with object name Ratis:service=RaftServer,group=group-FBB75943AA24,id=0d845cc3-b0d9-47c5-b935-74fa0be2c903
2019-09-20 08:46:11,521 [RatisPipelineUtilsThread] INFO  pipeline.PipelineStateManager (PipelineStateManager.java:addPipeline(56)) - Created pipeline Pipeline[ Id: 6efce2ed-c2fd-489a-9946-fbb75943aa24, Nodes: 0d845cc3-b0d9-47c5-b935-74fa0be2c903{ip: 192.168.36.79, host: pr-hdds-1569-s8kj2-2266485376, networkLocation: /default-rack, certSerialId: null}, Type:RATIS, Factor:ONE, State:OPEN]
2019-09-20 08:46:11,523 [RatisPipelineUtilsThread] INFO  pipeline.PipelinePlacementPolicy (PipelinePlacementPolicy.java:meetCriteria(91)) - Pipeline Placement: Doesn't meet the criteria to be viable node： a3bf3c1a-4063-48f8-b1bd-e321780611c4 Heaviness: 6 limit: 5
2019-09-20 08:46:11,523 [RatisPipelineUtilsThread] INFO  pipeline.PipelinePlacementPolicy (PipelinePlacementPolicy.java:meetCriteria(91)) - Pipeline Placement: Doesn't meet the criteria to be viable node： e997423e-4090-4042-87ee-7419d4cf7365 Heaviness: 6 limit: 5
2019-09-20 08:46:11,524 [RatisPipelineUtilsThread] INFO  pipeline.PipelinePlacementPolicy (PipelinePlacementPolicy.java:meetCriteria(91)) - Pipeline Placement: Doesn't meet the criteria to be viable node： 3ea69b51-ea1d-40b9-a82f-433a48a46bff Heaviness: 6 limit: 5
2019-09-20 08:46:11,533 [grpc-default-executor-1] INFO  impl.RaftServerProxy (RaftServerProxy.java:addNew(89)) - 1e702f59-a831-439b-ba97-9c7e4d303d93: addNew group-8A93CAC09A91:[1e702f59-a831-439b-ba97-9c7e4d303d93:192.168.36.79:42450] returns group-8A93CAC09A91:java.util.concurrent.CompletableFuture@13fc760c[Not completed]
2019-09-20 08:46:11,534 [pool-93-thread-1] INFO  impl.RaftServerImpl (RaftServerImpl.java:<init>(93)) - 1e702f59-a831-439b-ba97-9c7e4d303d93: new RaftServerImpl for group-8A93CAC09A91:[1e702f59-a831-439b-ba97-9c7e4d303d93:192.168.36.79:42450] with ContainerStateMachine:uninitialized
2019-09-20 08:46:11,534 [pool-93-thread-1] INFO  server.RaftServerConfigKeys (ConfUtils.java:logGet(43)) - raft.server.rpc.timeout.min = 5s (custom)
2019-09-20 08:46:11,534 [pool-93-thread-1] INFO  server.RaftServerConfigKeys (ConfUtils.java:logGet(43)) - raft.server.rpc.timeout.max = 5200ms (custom)
2019-09-20 08:46:11,535 [pool-93-thread-1] INFO  server.RaftServerConfigKeys (ConfUtils.java:logGet(43)) - raft.server.rpcslowness.timeout = 120s (custom)
2019-09-20 08:46:11,535 [pool-93-thread-1] INFO  server.RaftServerConfigKeys (ConfUtils.java:logGet(43)) - raft.server.sleep.deviation.threshold = 300 (default)
2019-09-20 08:46:11,535 [pool-93-thread-1] INFO  server.RaftServerConfigKeys (ConfUtils.java:logGet(43)) - raft.server.log.appender.install.snapshot.enabled = false (custom)
2019-09-20 08:46:11,535 [pool-93-thread-1] INFO  impl.RaftServerImpl (ServerState.java:<init>(105)) - 1e702f59-a831-439b-ba97-9c7e4d303d93:group-8A93CAC09A91 ConfigurationManager, init=-1: [1e702f59-a831-439b-ba97-9c7e4d303d93:192.168.36.79:42450], old=null, confs=<EMPTY_MAP>
2019-09-20 08:46:11,535 [pool-93-thread-1] INFO  server.RaftServerConfigKeys (ConfUtils.java:logGet(43)) - raft.server.storage.dir = [/workdir/hadoop-ozone/ozonefs/target/test-dir/MiniOzoneClusterImpl-da5888fd-c692-4355-82c4-91aa98cbf569/datanode-6/data/ratis] (custom)
2019-09-20 08:46:11,535 [pool-93-thread-1] INFO  storage.RaftStorageDirectory (RaftStorageDirectory.java:analyzeStorage(246)) - The storage directory /workdir/hadoop-ozone/ozonefs/target/test-dir/MiniOzoneClusterImpl-da5888fd-c692-4355-82c4-91aa98cbf569/datanode-6/data/ratis/02cce341-386f-4af4-acaa-8a93cac09a91 does not exist. Creating ...
2019-09-20 08:46:11,541 | INFO  | SCMAudit | user=jenkins1000 | ip=192.168.36.79 | op=SEND_HEARTBEAT {datanodeUUID=735a34e4-c7c4-465a-a71d-fefc6390b8eb, command=[]} | ret=SUCCESS |  
2019-09-20 08:46:11,560 [pool-93-thread-1] INFO  storage.RaftStorageDirectory (RaftStorageDirectory.java:tryLock(328)) - Lock on /workdir/hadoop-ozone/ozonefs/target/test-dir/MiniOzoneClusterImpl-da5888fd-c692-4355-82c4-91aa98cbf569/datanode-6/data/ratis/02cce341-386f-4af4-acaa-8a93cac09a91/in_use.lock acquired by nodename 7820@pr-hdds-1569-s8kj2-2266485376
2019-09-20 08:46:11,627 [pool-93-thread-1] INFO  storage.RaftStorage (RaftStorage.java:format(72)) - Storage directory /workdir/hadoop-ozone/ozonefs/target/test-dir/MiniOzoneClusterImpl-da5888fd-c692-4355-82c4-91aa98cbf569/datanode-6/data/ratis/02cce341-386f-4af4-acaa-8a93cac09a91 has been successfully formatted.
2019-09-20 08:46:11,628 [pool-93-thread-1] INFO  ratis.ContainerStateMachine (ContainerStateMachine.java:loadSnapshot(226)) - group-8A93CAC09A91: The snapshot info is null. Setting the last applied indexto:(t:0, i:~)
2019-09-20 08:46:11,628 [pool-93-thread-1] INFO  server.RaftServerConfigKeys (ConfUtils.java:logGet(43)) - raft.server.leader.election.timeout = 120s (custom)
2019-09-20 08:46:11,628 [pool-93-thread-1] INFO  server.RaftServerConfigKeys (ConfUtils.java:logGet(43)) - raft.server.log.use.memory = false (default)
2019-09-20 08:46:11,628 [pool-93-thread-1] INFO  server.RaftServerConfigKeys (ConfUtils.java:logGet(43)) - raft.server.log.purge.gap = 1000000 (custom)
2019-09-20 08:46:11,628 [pool-93-thread-1] INFO  server.RaftServerConfigKeys (ConfUtils.java:logGet(43)) - raft.server.log.appender.buffer.byte-limit = 33554432 (custom)
2019-09-20 08:46:11,628 [pool-93-thread-1] INFO  server.RaftServerConfigKeys (ConfUtils.java:logGet(43)) - raft.server.log.segment.size.max = 1048576 (custom)
2019-09-20 08:46:11,629 [pool-93-thread-1] INFO  server.RaftServerConfigKeys (ConfUtils.java:logGet(43)) - raft.server.log.segment.cache.num.max = 2 (custom)
2019-09-20 08:46:11,629 [pool-93-thread-1] INFO  segmented.SegmentedRaftLogWorker (SegmentedRaftLogWorker.java:<init>(172)) - new 1e702f59-a831-439b-ba97-9c7e4d303d93-SegmentedRaftLogWorker:Storage Directory /workdir/hadoop-ozone/ozonefs/target/test-dir/MiniOzoneClusterImpl-da5888fd-c692-4355-82c4-91aa98cbf569/datanode-6/data/ratis/02cce341-386f-4af4-acaa-8a93cac09a91 for RaftStorage:Storage Directory /workdir/hadoop-ozone/ozonefs/target/test-dir/MiniOzoneClusterImpl-da5888fd-c692-4355-82c4-91aa98cbf569/datanode-6/data/ratis/02cce341-386f-4af4-acaa-8a93cac09a91
2019-09-20 08:46:11,629 [pool-93-thread-1] INFO  server.RaftServerConfigKeys (ConfUtils.java:logGet(43)) - raft.server.log.queue.byte-limit = 2147483647 (custom)
2019-09-20 08:46:11,629 [pool-93-thread-1] INFO  server.RaftServerConfigKeys (ConfUtils.java:logGet(43)) - raft.server.log.queue.element-limit = 1024 (custom)
2019-09-20 08:46:11,629 [pool-93-thread-1] INFO  server.RaftServerConfigKeys (ConfUtils.java:logGet(43)) - raft.server.log.segment.size.max = 1048576 (custom)
2019-09-20 08:46:11,629 [pool-93-thread-1] INFO  server.RaftServerConfigKeys (ConfUtils.java:logGet(43)) - raft.server.log.preallocated.size = 16384 (custom)
2019-09-20 08:46:11,629 [pool-93-thread-1] INFO  server.RaftServerConfigKeys (ConfUtils.java:logGet(43)) - raft.server.log.write.buffer.size = 33554432 (custom)
2019-09-20 08:46:11,629 [pool-93-thread-1] INFO  server.RaftServerConfigKeys (ConfUtils.java:logGet(43)) - raft.server.log.force.sync.num = 128 (default)
2019-09-20 08:46:11,629 [pool-93-thread-1] INFO  server.RaftServerConfigKeys (ConfUtils.java:logGet(43)) - raft.server.log.statemachine.data.sync = true (default)
2019-09-20 08:46:11,629 [pool-93-thread-1] INFO  server.RaftServerConfigKeys (ConfUtils.java:logGet(43)) - raft.server.log.statemachine.data.sync.timeout = 10s (default)
2019-09-20 08:46:11,630 [pool-93-thread-1] INFO  server.RaftServerConfigKeys (ConfUtils.java:logGet(43)) - raft.server.log.statemachine.data.sync.timeout.retry = -1 (default)
2019-09-20 08:46:11,630 [pool-93-thread-1] INFO  server.RaftServerConfigKeys (ConfUtils.java:logGet(43)) - raft.server.log.statemachine.data.caching.enabled = true (custom)
2019-09-20 08:46:11,630 [pool-93-thread-1] INFO  segmented.SegmentedRaftLogWorker (SegmentedRaftLogWorker.java:lambda$new$0(132)) - 1e702f59-a831-439b-ba97-9c7e4d303d93-SegmentedRaftLogWorker:Storage Directory /workdir/hadoop-ozone/ozonefs/target/test-dir/MiniOzoneClusterImpl-da5888fd-c692-4355-82c4-91aa98cbf569/datanode-6/data/ratis/02cce341-386f-4af4-acaa-8a93cac09a91: flushIndex: setUnconditionally 0 -> -1
2019-09-20 08:46:11,630 [pool-93-thread-1] INFO  server.RaftServerConfigKeys (ConfUtils.java:logGet(43)) - raft.server.snapshot.auto.trigger.enabled = true (custom)
2019-09-20 08:46:11,630 [pool-93-thread-1] INFO  server.RaftServerConfigKeys (ConfUtils.java:logGet(43)) - raft.server.snapshot.auto.trigger.threshold = 10000 (custom)
2019-09-20 08:46:11,630 [pool-93-thread-1] INFO  server.RaftServerConfigKeys (ConfUtils.java:logGet(43)) - raft.server.retrycache.expirytime = 600000ms (custom)
2019-09-20 08:46:11,631 [pool-93-thread-1] INFO  impl.RaftServerImpl (RaftServerImpl.java:start(180)) - 1e702f59-a831-439b-ba97-9c7e4d303d93: start group-8A93CAC09A91
2019-09-20 08:46:11,631 [pool-93-thread-1] INFO  impl.RaftServerImpl (RaftServerImpl.java:setRole(171)) - 1e702f59-a831-439b-ba97-9c7e4d303d93:group-8A93CAC09A91 changes role from null to FOLLOWER at term 0 for startAsFollower
2019-09-20 08:46:11,631 [pool-93-thread-1] INFO  impl.RoleInfo (RoleInfo.java:updateAndGet(143)) - 1e702f59-a831-439b-ba97-9c7e4d303d93: start FollowerState
2019-09-20 08:46:11,631 [pool-93-thread-1] INFO  util.JmxRegister (JmxRegister.java:tryRegister(44)) - Successfully registered JMX Bean with object name Ratis:service=RaftServer,group=group-8A93CAC09A91,id=1e702f59-a831-439b-ba97-9c7e4d303d93
2019-09-20 08:46:11,637 [RatisPipelineUtilsThread] INFO  pipeline.PipelineStateManager (PipelineStateManager.java:addPipeline(56)) - Created pipeline Pipeline[ Id: 02cce341-386f-4af4-acaa-8a93cac09a91, Nodes: 1e702f59-a831-439b-ba97-9c7e4d303d93{ip: 192.168.36.79, host: pr-hdds-1569-s8kj2-2266485376, networkLocation: /default-rack, certSerialId: null}, Type:RATIS, Factor:ONE, State:OPEN]
2019-09-20 08:46:11,640 [RatisPipelineUtilsThread] INFO  pipeline.PipelinePlacementPolicy (PipelinePlacementPolicy.java:meetCriteria(91)) - Pipeline Placement: Doesn't meet the criteria to be viable node： a3bf3c1a-4063-48f8-b1bd-e321780611c4 Heaviness: 6 limit: 5
2019-09-20 08:46:11,640 [RatisPipelineUtilsThread] INFO  pipeline.PipelinePlacementPolicy (PipelinePlacementPolicy.java:meetCriteria(91)) - Pipeline Placement: Doesn't meet the criteria to be viable node： e997423e-4090-4042-87ee-7419d4cf7365 Heaviness: 6 limit: 5
2019-09-20 08:46:11,641 [RatisPipelineUtilsThread] INFO  pipeline.PipelinePlacementPolicy (PipelinePlacementPolicy.java:meetCriteria(91)) - Pipeline Placement: Doesn't meet the criteria to be viable node： 3ea69b51-ea1d-40b9-a82f-433a48a46bff Heaviness: 6 limit: 5
2019-09-20 08:46:11,650 [grpc-default-executor-1] INFO  impl.RaftServerProxy (RaftServerProxy.java:addNew(89)) - 1cc75455-5fc2-459e-9e17-b902eb9cc08f: addNew group-00DA66997C1D:[1cc75455-5fc2-459e-9e17-b902eb9cc08f:192.168.36.79:35300] returns group-00DA66997C1D:java.util.concurrent.CompletableFuture@49f77315[Not completed]
2019-09-20 08:46:11,651 [pool-49-thread-1] INFO  impl.RaftServerImpl (RaftServerImpl.java:<init>(93)) - 1cc75455-5fc2-459e-9e17-b902eb9cc08f: new RaftServerImpl for group-00DA66997C1D:[1cc75455-5fc2-459e-9e17-b902eb9cc08f:192.168.36.79:35300] with ContainerStateMachine:uninitialized
2019-09-20 08:46:11,651 [pool-49-thread-1] INFO  server.RaftServerConfigKeys (ConfUtils.java:logGet(43)) - raft.server.rpc.timeout.min = 5s (custom)
2019-09-20 08:46:11,651 [pool-49-thread-1] INFO  server.RaftServerConfigKeys (ConfUtils.java:logGet(43)) - raft.server.rpc.timeout.max = 5200ms (custom)
2019-09-20 08:46:11,651 [pool-49-thread-1] INFO  server.RaftServerConfigKeys (ConfUtils.java:logGet(43)) - raft.server.rpcslowness.timeout = 120s (custom)
2019-09-20 08:46:11,652 [pool-49-thread-1] INFO  server.RaftServerConfigKeys (ConfUtils.java:logGet(43)) - raft.server.sleep.deviation.threshold = 300 (default)
2019-09-20 08:46:11,652 [pool-49-thread-1] INFO  server.RaftServerConfigKeys (ConfUtils.java:logGet(43)) - raft.server.log.appender.install.snapshot.enabled = false (custom)
2019-09-20 08:46:11,652 [pool-49-thread-1] INFO  impl.RaftServerImpl (ServerState.java:<init>(105)) - 1cc75455-5fc2-459e-9e17-b902eb9cc08f:group-00DA66997C1D ConfigurationManager, init=-1: [1cc75455-5fc2-459e-9e17-b902eb9cc08f:192.168.36.79:35300], old=null, confs=<EMPTY_MAP>
2019-09-20 08:46:11,652 [pool-49-thread-1] INFO  server.RaftServerConfigKeys (ConfUtils.java:logGet(43)) - raft.server.storage.dir = [/workdir/hadoop-ozone/ozonefs/target/test-dir/MiniOzoneClusterImpl-da5888fd-c692-4355-82c4-91aa98cbf569/datanode-2/data/ratis] (custom)
2019-09-20 08:46:11,652 [pool-49-thread-1] INFO  storage.RaftStorageDirectory (RaftStorageDirectory.java:analyzeStorage(246)) - The storage directory /workdir/hadoop-ozone/ozonefs/target/test-dir/MiniOzoneClusterImpl-da5888fd-c692-4355-82c4-91aa98cbf569/datanode-2/data/ratis/ce3d3ebe-48f7-4bca-bd3a-00da66997c1d does not exist. Creating ...
2019-09-20 08:46:11,678 [pool-49-thread-1] INFO  storage.RaftStorageDirectory (RaftStorageDirectory.java:tryLock(328)) - Lock on /workdir/hadoop-ozone/ozonefs/target/test-dir/MiniOzoneClusterImpl-da5888fd-c692-4355-82c4-91aa98cbf569/datanode-2/data/ratis/ce3d3ebe-48f7-4bca-bd3a-00da66997c1d/in_use.lock acquired by nodename 7820@pr-hdds-1569-s8kj2-2266485376
2019-09-20 08:46:11,679 | INFO  | SCMAudit | user=jenkins1000 | ip=192.168.36.79 | op=SEND_HEARTBEAT {datanodeUUID=4eb079c5-a63c-4d36-97af-76873864fc0c, command=[]} | ret=SUCCESS |  
2019-09-20 08:46:11,703 [pool-49-thread-1] INFO  storage.RaftStorage (RaftStorage.java:format(72)) - Storage directory /workdir/hadoop-ozone/ozonefs/target/test-dir/MiniOzoneClusterImpl-da5888fd-c692-4355-82c4-91aa98cbf569/datanode-2/data/ratis/ce3d3ebe-48f7-4bca-bd3a-00da66997c1d has been successfully formatted.
2019-09-20 08:46:11,704 [pool-49-thread-1] INFO  ratis.ContainerStateMachine (ContainerStateMachine.java:loadSnapshot(226)) - group-00DA66997C1D: The snapshot info is null. Setting the last applied indexto:(t:0, i:~)
2019-09-20 08:46:11,704 [pool-49-thread-1] INFO  server.RaftServerConfigKeys (ConfUtils.java:logGet(43)) - raft.server.leader.election.timeout = 120s (custom)
2019-09-20 08:46:11,704 [pool-49-thread-1] INFO  server.RaftServerConfigKeys (ConfUtils.java:logGet(43)) - raft.server.log.use.memory = false (default)
2019-09-20 08:46:11,704 [pool-49-thread-1] INFO  server.RaftServerConfigKeys (ConfUtils.java:logGet(43)) - raft.server.log.purge.gap = 1000000 (custom)
2019-09-20 08:46:11,704 [pool-49-thread-1] INFO  server.RaftServerConfigKeys (ConfUtils.java:logGet(43)) - raft.server.log.appender.buffer.byte-limit = 33554432 (custom)
2019-09-20 08:46:11,704 [pool-49-thread-1] INFO  server.RaftServerConfigKeys (ConfUtils.java:logGet(43)) - raft.server.log.segment.size.max = 1048576 (custom)
2019-09-20 08:46:11,704 [pool-49-thread-1] INFO  server.RaftServerConfigKeys (ConfUtils.java:logGet(43)) - raft.server.log.segment.cache.num.max = 2 (custom)
2019-09-20 08:46:11,704 [pool-49-thread-1] INFO  segmented.SegmentedRaftLogWorker (SegmentedRaftLogWorker.java:<init>(172)) - new 1cc75455-5fc2-459e-9e17-b902eb9cc08f-SegmentedRaftLogWorker:Storage Directory /workdir/hadoop-ozone/ozonefs/target/test-dir/MiniOzoneClusterImpl-da5888fd-c692-4355-82c4-91aa98cbf569/datanode-2/data/ratis/ce3d3ebe-48f7-4bca-bd3a-00da66997c1d for RaftStorage:Storage Directory /workdir/hadoop-ozone/ozonefs/target/test-dir/MiniOzoneClusterImpl-da5888fd-c692-4355-82c4-91aa98cbf569/datanode-2/data/ratis/ce3d3ebe-48f7-4bca-bd3a-00da66997c1d
2019-09-20 08:46:11,705 [pool-49-thread-1] INFO  server.RaftServerConfigKeys (ConfUtils.java:logGet(43)) - raft.server.log.queue.byte-limit = 2147483647 (custom)
2019-09-20 08:46:11,705 [pool-49-thread-1] INFO  server.RaftServerConfigKeys (ConfUtils.java:logGet(43)) - raft.server.log.queue.element-limit = 1024 (custom)
2019-09-20 08:46:11,705 [pool-49-thread-1] INFO  server.RaftServerConfigKeys (ConfUtils.java:logGet(43)) - raft.server.log.segment.size.max = 1048576 (custom)
2019-09-20 08:46:11,705 [pool-49-thread-1] INFO  server.RaftServerConfigKeys (ConfUtils.java:logGet(43)) - raft.server.log.preallocated.size = 16384 (custom)
2019-09-20 08:46:11,705 [pool-49-thread-1] INFO  server.RaftServerConfigKeys (ConfUtils.java:logGet(43)) - raft.server.log.write.buffer.size = 33554432 (custom)
2019-09-20 08:46:11,705 [pool-49-thread-1] INFO  server.RaftServerConfigKeys (ConfUtils.java:logGet(43)) - raft.server.log.force.sync.num = 128 (default)
2019-09-20 08:46:11,705 [pool-49-thread-1] INFO  server.RaftServerConfigKeys (ConfUtils.java:logGet(43)) - raft.server.log.statemachine.data.sync = true (default)
2019-09-20 08:46:11,705 [pool-49-thread-1] INFO  server.RaftServerConfigKeys (ConfUtils.java:logGet(43)) - raft.server.log.statemachine.data.sync.timeout = 10s (default)
2019-09-20 08:46:11,705 [pool-49-thread-1] INFO  server.RaftServerConfigKeys (ConfUtils.java:logGet(43)) - raft.server.log.statemachine.data.sync.timeout.retry = -1 (default)
2019-09-20 08:46:11,706 [pool-49-thread-1] INFO  server.RaftServerConfigKeys (ConfUtils.java:logGet(43)) - raft.server.log.statemachine.data.caching.enabled = true (custom)
2019-09-20 08:46:11,706 [pool-49-thread-1] INFO  segmented.SegmentedRaftLogWorker (SegmentedRaftLogWorker.java:lambda$new$0(132)) - 1cc75455-5fc2-459e-9e17-b902eb9cc08f-SegmentedRaftLogWorker:Storage Directory /workdir/hadoop-ozone/ozonefs/target/test-dir/MiniOzoneClusterImpl-da5888fd-c692-4355-82c4-91aa98cbf569/datanode-2/data/ratis/ce3d3ebe-48f7-4bca-bd3a-00da66997c1d: flushIndex: setUnconditionally 0 -> -1
2019-09-20 08:46:11,706 [pool-49-thread-1] INFO  server.RaftServerConfigKeys (ConfUtils.java:logGet(43)) - raft.server.snapshot.auto.trigger.enabled = true (custom)
2019-09-20 08:46:11,706 [pool-49-thread-1] INFO  server.RaftServerConfigKeys (ConfUtils.java:logGet(43)) - raft.server.snapshot.auto.trigger.threshold = 10000 (custom)
2019-09-20 08:46:11,706 [pool-49-thread-1] INFO  server.RaftServerConfigKeys (ConfUtils.java:logGet(43)) - raft.server.retrycache.expirytime = 600000ms (custom)
2019-09-20 08:46:11,707 [pool-49-thread-1] INFO  impl.RaftServerImpl (RaftServerImpl.java:start(180)) - 1cc75455-5fc2-459e-9e17-b902eb9cc08f: start group-00DA66997C1D
2019-09-20 08:46:11,707 [pool-49-thread-1] INFO  impl.RaftServerImpl (RaftServerImpl.java:setRole(171)) - 1cc75455-5fc2-459e-9e17-b902eb9cc08f:group-00DA66997C1D changes role from null to FOLLOWER at term 0 for startAsFollower
2019-09-20 08:46:11,707 [pool-49-thread-1] INFO  impl.RoleInfo (RoleInfo.java:updateAndGet(143)) - 1cc75455-5fc2-459e-9e17-b902eb9cc08f: start FollowerState
2019-09-20 08:46:11,707 [pool-49-thread-1] INFO  util.JmxRegister (JmxRegister.java:tryRegister(44)) - Successfully registered JMX Bean with object name Ratis:service=RaftServer,group=group-00DA66997C1D,id=1cc75455-5fc2-459e-9e17-b902eb9cc08f
2019-09-20 08:46:11,713 [RatisPipelineUtilsThread] INFO  pipeline.PipelineStateManager (PipelineStateManager.java:addPipeline(56)) - Created pipeline Pipeline[ Id: ce3d3ebe-48f7-4bca-bd3a-00da66997c1d, Nodes: 1cc75455-5fc2-459e-9e17-b902eb9cc08f{ip: 192.168.36.79, host: pr-hdds-1569-s8kj2-2266485376, networkLocation: /default-rack, certSerialId: null}, Type:RATIS, Factor:ONE, State:OPEN]
2019-09-20 08:46:11,715 [RatisPipelineUtilsThread] INFO  pipeline.PipelinePlacementPolicy (PipelinePlacementPolicy.java:meetCriteria(91)) - Pipeline Placement: Doesn't meet the criteria to be viable node： a3bf3c1a-4063-48f8-b1bd-e321780611c4 Heaviness: 6 limit: 5
2019-09-20 08:46:11,716 [RatisPipelineUtilsThread] INFO  pipeline.PipelinePlacementPolicy (PipelinePlacementPolicy.java:meetCriteria(91)) - Pipeline Placement: Doesn't meet the criteria to be viable node： e997423e-4090-4042-87ee-7419d4cf7365 Heaviness: 6 limit: 5
2019-09-20 08:46:11,716 [RatisPipelineUtilsThread] INFO  pipeline.PipelinePlacementPolicy (PipelinePlacementPolicy.java:meetCriteria(91)) - Pipeline Placement: Doesn't meet the criteria to be viable node： 3ea69b51-ea1d-40b9-a82f-433a48a46bff Heaviness: 6 limit: 5
2019-09-20 08:46:11,736 [grpc-default-executor-1] INFO  impl.RaftServerProxy (RaftServerProxy.java:addNew(89)) - 1e702f59-a831-439b-ba97-9c7e4d303d93: addNew group-955DC1EEC63B:[1e702f59-a831-439b-ba97-9c7e4d303d93:192.168.36.79:42450] returns group-955DC1EEC63B:java.util.concurrent.CompletableFuture@8ed002f[Not completed]
2019-09-20 08:46:11,736 | INFO  | SCMAudit | user=jenkins1000 | ip=192.168.36.79 | op=SEND_HEARTBEAT {datanodeUUID=e997423e-4090-4042-87ee-7419d4cf7365, command=[]} | ret=SUCCESS |  
2019-09-20 08:46:11,737 [pool-93-thread-1] INFO  impl.RaftServerImpl (RaftServerImpl.java:<init>(93)) - 1e702f59-a831-439b-ba97-9c7e4d303d93: new RaftServerImpl for group-955DC1EEC63B:[1e702f59-a831-439b-ba97-9c7e4d303d93:192.168.36.79:42450] with ContainerStateMachine:uninitialized
2019-09-20 08:46:11,737 [pool-93-thread-1] INFO  server.RaftServerConfigKeys (ConfUtils.java:logGet(43)) - raft.server.rpc.timeout.min = 5s (custom)
2019-09-20 08:46:11,737 [pool-93-thread-1] INFO  server.RaftServerConfigKeys (ConfUtils.java:logGet(43)) - raft.server.rpc.timeout.max = 5200ms (custom)
2019-09-20 08:46:11,737 [pool-93-thread-1] INFO  server.RaftServerConfigKeys (ConfUtils.java:logGet(43)) - raft.server.rpcslowness.timeout = 120s (custom)
2019-09-20 08:46:11,737 [pool-93-thread-1] INFO  server.RaftServerConfigKeys (ConfUtils.java:logGet(43)) - raft.server.sleep.deviation.threshold = 300 (default)
2019-09-20 08:46:11,738 [pool-93-thread-1] INFO  server.RaftServerConfigKeys (ConfUtils.java:logGet(43)) - raft.server.log.appender.install.snapshot.enabled = false (custom)
2019-09-20 08:46:11,738 [pool-93-thread-1] INFO  impl.RaftServerImpl (ServerState.java:<init>(105)) - 1e702f59-a831-439b-ba97-9c7e4d303d93:group-955DC1EEC63B ConfigurationManager, init=-1: [1e702f59-a831-439b-ba97-9c7e4d303d93:192.168.36.79:42450], old=null, confs=<EMPTY_MAP>
2019-09-20 08:46:11,738 [pool-93-thread-1] INFO  server.RaftServerConfigKeys (ConfUtils.java:logGet(43)) - raft.server.storage.dir = [/workdir/hadoop-ozone/ozonefs/target/test-dir/MiniOzoneClusterImpl-da5888fd-c692-4355-82c4-91aa98cbf569/datanode-6/data/ratis] (custom)
2019-09-20 08:46:11,738 [pool-93-thread-1] INFO  storage.RaftStorageDirectory (RaftStorageDirectory.java:analyzeStorage(246)) - The storage directory /workdir/hadoop-ozone/ozonefs/target/test-dir/MiniOzoneClusterImpl-da5888fd-c692-4355-82c4-91aa98cbf569/datanode-6/data/ratis/ed07e4b1-4c93-4b79-b40e-955dc1eec63b does not exist. Creating ...
2019-09-20 08:46:11,762 [pool-93-thread-1] INFO  storage.RaftStorageDirectory (RaftStorageDirectory.java:tryLock(328)) - Lock on /workdir/hadoop-ozone/ozonefs/target/test-dir/MiniOzoneClusterImpl-da5888fd-c692-4355-82c4-91aa98cbf569/datanode-6/data/ratis/ed07e4b1-4c93-4b79-b40e-955dc1eec63b/in_use.lock acquired by nodename 7820@pr-hdds-1569-s8kj2-2266485376
2019-09-20 08:46:11,787 [pool-93-thread-1] INFO  storage.RaftStorage (RaftStorage.java:format(72)) - Storage directory /workdir/hadoop-ozone/ozonefs/target/test-dir/MiniOzoneClusterImpl-da5888fd-c692-4355-82c4-91aa98cbf569/datanode-6/data/ratis/ed07e4b1-4c93-4b79-b40e-955dc1eec63b has been successfully formatted.
2019-09-20 08:46:11,788 [pool-93-thread-1] INFO  ratis.ContainerStateMachine (ContainerStateMachine.java:loadSnapshot(226)) - group-955DC1EEC63B: The snapshot info is null. Setting the last applied indexto:(t:0, i:~)
2019-09-20 08:46:11,788 [pool-93-thread-1] INFO  server.RaftServerConfigKeys (ConfUtils.java:logGet(43)) - raft.server.leader.election.timeout = 120s (custom)
2019-09-20 08:46:11,788 [pool-93-thread-1] INFO  server.RaftServerConfigKeys (ConfUtils.java:logGet(43)) - raft.server.log.use.memory = false (default)
2019-09-20 08:46:11,788 [pool-93-thread-1] INFO  server.RaftServerConfigKeys (ConfUtils.java:logGet(43)) - raft.server.log.purge.gap = 1000000 (custom)
2019-09-20 08:46:11,788 [pool-93-thread-1] INFO  server.RaftServerConfigKeys (ConfUtils.java:logGet(43)) - raft.server.log.appender.buffer.byte-limit = 33554432 (custom)
2019-09-20 08:46:11,788 [pool-93-thread-1] INFO  server.RaftServerConfigKeys (ConfUtils.java:logGet(43)) - raft.server.log.segment.size.max = 1048576 (custom)
2019-09-20 08:46:11,788 [pool-93-thread-1] INFO  server.RaftServerConfigKeys (ConfUtils.java:logGet(43)) - raft.server.log.segment.cache.num.max = 2 (custom)
2019-09-20 08:46:11,788 [pool-93-thread-1] INFO  segmented.SegmentedRaftLogWorker (SegmentedRaftLogWorker.java:<init>(172)) - new 1e702f59-a831-439b-ba97-9c7e4d303d93-SegmentedRaftLogWorker:Storage Directory /workdir/hadoop-ozone/ozonefs/target/test-dir/MiniOzoneClusterImpl-da5888fd-c692-4355-82c4-91aa98cbf569/datanode-6/data/ratis/ed07e4b1-4c93-4b79-b40e-955dc1eec63b for RaftStorage:Storage Directory /workdir/hadoop-ozone/ozonefs/target/test-dir/MiniOzoneClusterImpl-da5888fd-c692-4355-82c4-91aa98cbf569/datanode-6/data/ratis/ed07e4b1-4c93-4b79-b40e-955dc1eec63b
2019-09-20 08:46:11,789 [pool-93-thread-1] INFO  server.RaftServerConfigKeys (ConfUtils.java:logGet(43)) - raft.server.log.queue.byte-limit = 2147483647 (custom)
2019-09-20 08:46:11,789 [pool-93-thread-1] INFO  server.RaftServerConfigKeys (ConfUtils.java:logGet(43)) - raft.server.log.queue.element-limit = 1024 (custom)
2019-09-20 08:46:11,789 [pool-93-thread-1] INFO  server.RaftServerConfigKeys (ConfUtils.java:logGet(43)) - raft.server.log.segment.size.max = 1048576 (custom)
2019-09-20 08:46:11,789 [pool-93-thread-1] INFO  server.RaftServerConfigKeys (ConfUtils.java:logGet(43)) - raft.server.log.preallocated.size = 16384 (custom)
2019-09-20 08:46:11,789 [pool-93-thread-1] INFO  server.RaftServerConfigKeys (ConfUtils.java:logGet(43)) - raft.server.log.write.buffer.size = 33554432 (custom)
2019-09-20 08:46:11,789 [pool-93-thread-1] INFO  server.RaftServerConfigKeys (ConfUtils.java:logGet(43)) - raft.server.log.force.sync.num = 128 (default)
2019-09-20 08:46:11,789 [pool-93-thread-1] INFO  server.RaftServerConfigKeys (ConfUtils.java:logGet(43)) - raft.server.log.statemachine.data.sync = true (default)
2019-09-20 08:46:11,789 [pool-93-thread-1] INFO  server.RaftServerConfigKeys (ConfUtils.java:logGet(43)) - raft.server.log.statemachine.data.sync.timeout = 10s (default)
2019-09-20 08:46:11,790 [pool-93-thread-1] INFO  server.RaftServerConfigKeys (ConfUtils.java:logGet(43)) - raft.server.log.statemachine.data.sync.timeout.retry = -1 (default)
2019-09-20 08:46:11,790 [pool-93-thread-1] INFO  server.RaftServerConfigKeys (ConfUtils.java:logGet(43)) - raft.server.log.statemachine.data.caching.enabled = true (custom)
2019-09-20 08:46:11,790 [pool-93-thread-1] INFO  segmented.SegmentedRaftLogWorker (SegmentedRaftLogWorker.java:lambda$new$0(132)) - 1e702f59-a831-439b-ba97-9c7e4d303d93-SegmentedRaftLogWorker:Storage Directory /workdir/hadoop-ozone/ozonefs/target/test-dir/MiniOzoneClusterImpl-da5888fd-c692-4355-82c4-91aa98cbf569/datanode-6/data/ratis/ed07e4b1-4c93-4b79-b40e-955dc1eec63b: flushIndex: setUnconditionally 0 -> -1
2019-09-20 08:46:11,790 [pool-93-thread-1] INFO  server.RaftServerConfigKeys (ConfUtils.java:logGet(43)) - raft.server.snapshot.auto.trigger.enabled = true (custom)
2019-09-20 08:46:11,790 [pool-93-thread-1] INFO  server.RaftServerConfigKeys (ConfUtils.java:logGet(43)) - raft.server.snapshot.auto.trigger.threshold = 10000 (custom)
2019-09-20 08:46:11,791 [pool-93-thread-1] INFO  server.RaftServerConfigKeys (ConfUtils.java:logGet(43)) - raft.server.retrycache.expirytime = 600000ms (custom)
2019-09-20 08:46:11,791 [pool-93-thread-1] INFO  impl.RaftServerImpl (RaftServerImpl.java:start(180)) - 1e702f59-a831-439b-ba97-9c7e4d303d93: start group-955DC1EEC63B
2019-09-20 08:46:11,791 [pool-93-thread-1] INFO  impl.RaftServerImpl (RaftServerImpl.java:setRole(171)) - 1e702f59-a831-439b-ba97-9c7e4d303d93:group-955DC1EEC63B changes role from null to FOLLOWER at term 0 for startAsFollower
2019-09-20 08:46:11,791 [pool-93-thread-1] INFO  impl.RoleInfo (RoleInfo.java:updateAndGet(143)) - 1e702f59-a831-439b-ba97-9c7e4d303d93: start FollowerState
2019-09-20 08:46:11,791 [pool-93-thread-1] INFO  util.JmxRegister (JmxRegister.java:tryRegister(44)) - Successfully registered JMX Bean with object name Ratis:service=RaftServer,group=group-955DC1EEC63B,id=1e702f59-a831-439b-ba97-9c7e4d303d93
2019-09-20 08:46:11,797 [RatisPipelineUtilsThread] INFO  pipeline.PipelineStateManager (PipelineStateManager.java:addPipeline(56)) - Created pipeline Pipeline[ Id: ed07e4b1-4c93-4b79-b40e-955dc1eec63b, Nodes: 1e702f59-a831-439b-ba97-9c7e4d303d93{ip: 192.168.36.79, host: pr-hdds-1569-s8kj2-2266485376, networkLocation: /default-rack, certSerialId: null}, Type:RATIS, Factor:ONE, State:OPEN]
2019-09-20 08:46:11,804 [RatisPipelineUtilsThread] INFO  pipeline.PipelinePlacementPolicy (PipelinePlacementPolicy.java:meetCriteria(91)) - Pipeline Placement: Doesn't meet the criteria to be viable node： a3bf3c1a-4063-48f8-b1bd-e321780611c4 Heaviness: 6 limit: 5
2019-09-20 08:46:11,805 [RatisPipelineUtilsThread] INFO  pipeline.PipelinePlacementPolicy (PipelinePlacementPolicy.java:meetCriteria(91)) - Pipeline Placement: Doesn't meet the criteria to be viable node： e997423e-4090-4042-87ee-7419d4cf7365 Heaviness: 6 limit: 5
2019-09-20 08:46:11,805 [RatisPipelineUtilsThread] INFO  pipeline.PipelinePlacementPolicy (PipelinePlacementPolicy.java:meetCriteria(91)) - Pipeline Placement: Doesn't meet the criteria to be viable node： 3ea69b51-ea1d-40b9-a82f-433a48a46bff Heaviness: 6 limit: 5
2019-09-20 08:46:11,824 [grpc-default-executor-1] INFO  impl.RaftServerProxy (RaftServerProxy.java:addNew(89)) - 4eb079c5-a63c-4d36-97af-76873864fc0c: addNew group-1FC51F74EBD6:[4eb079c5-a63c-4d36-97af-76873864fc0c:192.168.36.79:36098] returns group-1FC51F74EBD6:java.util.concurrent.CompletableFuture@2884d509[Not completed]
2019-09-20 08:46:11,824 | INFO  | SCMAudit | user=jenkins1000 | ip=192.168.36.79 | op=SEND_HEARTBEAT {datanodeUUID=3d9fb88f-ef2a-412e-bafc-a0084682cc47, command=[]} | ret=SUCCESS |  
2019-09-20 08:46:11,825 [pool-71-thread-1] INFO  impl.RaftServerImpl (RaftServerImpl.java:<init>(93)) - 4eb079c5-a63c-4d36-97af-76873864fc0c: new RaftServerImpl for group-1FC51F74EBD6:[4eb079c5-a63c-4d36-97af-76873864fc0c:192.168.36.79:36098] with ContainerStateMachine:uninitialized
2019-09-20 08:46:11,825 [pool-71-thread-1] INFO  server.RaftServerConfigKeys (ConfUtils.java:logGet(43)) - raft.server.rpc.timeout.min = 5s (custom)
2019-09-20 08:46:11,825 [pool-71-thread-1] INFO  server.RaftServerConfigKeys (ConfUtils.java:logGet(43)) - raft.server.rpc.timeout.max = 5200ms (custom)
2019-09-20 08:46:11,825 [pool-71-thread-1] INFO  server.RaftServerConfigKeys (ConfUtils.java:logGet(43)) - raft.server.rpcslowness.timeout = 120s (custom)
2019-09-20 08:46:11,825 [pool-71-thread-1] INFO  server.RaftServerConfigKeys (ConfUtils.java:logGet(43)) - raft.server.sleep.deviation.threshold = 300 (default)
2019-09-20 08:46:11,826 [pool-71-thread-1] INFO  server.RaftServerConfigKeys (ConfUtils.java:logGet(43)) - raft.server.log.appender.install.snapshot.enabled = false (custom)
2019-09-20 08:46:11,826 [pool-71-thread-1] INFO  impl.RaftServerImpl (ServerState.java:<init>(105)) - 4eb079c5-a63c-4d36-97af-76873864fc0c:group-1FC51F74EBD6 ConfigurationManager, init=-1: [4eb079c5-a63c-4d36-97af-76873864fc0c:192.168.36.79:36098], old=null, confs=<EMPTY_MAP>
2019-09-20 08:46:11,826 [pool-71-thread-1] INFO  server.RaftServerConfigKeys (ConfUtils.java:logGet(43)) - raft.server.storage.dir = [/workdir/hadoop-ozone/ozonefs/target/test-dir/MiniOzoneClusterImpl-da5888fd-c692-4355-82c4-91aa98cbf569/datanode-4/data/ratis] (custom)
2019-09-20 08:46:11,826 [pool-71-thread-1] INFO  storage.RaftStorageDirectory (RaftStorageDirectory.java:analyzeStorage(246)) - The storage directory /workdir/hadoop-ozone/ozonefs/target/test-dir/MiniOzoneClusterImpl-da5888fd-c692-4355-82c4-91aa98cbf569/datanode-4/data/ratis/931d97db-3b86-4ce6-acd5-1fc51f74ebd6 does not exist. Creating ...
2019-09-20 08:46:11,854 [pool-71-thread-1] INFO  storage.RaftStorageDirectory (RaftStorageDirectory.java:tryLock(328)) - Lock on /workdir/hadoop-ozone/ozonefs/target/test-dir/MiniOzoneClusterImpl-da5888fd-c692-4355-82c4-91aa98cbf569/datanode-4/data/ratis/931d97db-3b86-4ce6-acd5-1fc51f74ebd6/in_use.lock acquired by nodename 7820@pr-hdds-1569-s8kj2-2266485376
2019-09-20 08:46:11,880 [pool-71-thread-1] INFO  storage.RaftStorage (RaftStorage.java:format(72)) - Storage directory /workdir/hadoop-ozone/ozonefs/target/test-dir/MiniOzoneClusterImpl-da5888fd-c692-4355-82c4-91aa98cbf569/datanode-4/data/ratis/931d97db-3b86-4ce6-acd5-1fc51f74ebd6 has been successfully formatted.
2019-09-20 08:46:11,880 [pool-71-thread-1] INFO  ratis.ContainerStateMachine (ContainerStateMachine.java:loadSnapshot(226)) - group-1FC51F74EBD6: The snapshot info is null. Setting the last applied indexto:(t:0, i:~)
2019-09-20 08:46:11,880 [pool-71-thread-1] INFO  server.RaftServerConfigKeys (ConfUtils.java:logGet(43)) - raft.server.leader.election.timeout = 120s (custom)
2019-09-20 08:46:11,880 [pool-71-thread-1] INFO  server.RaftServerConfigKeys (ConfUtils.java:logGet(43)) - raft.server.log.use.memory = false (default)
2019-09-20 08:46:11,880 [pool-71-thread-1] INFO  server.RaftServerConfigKeys (ConfUtils.java:logGet(43)) - raft.server.log.purge.gap = 1000000 (custom)
2019-09-20 08:46:11,880 [pool-71-thread-1] INFO  server.RaftServerConfigKeys (ConfUtils.java:logGet(43)) - raft.server.log.appender.buffer.byte-limit = 33554432 (custom)
2019-09-20 08:46:11,881 [pool-71-thread-1] INFO  server.RaftServerConfigKeys (ConfUtils.java:logGet(43)) - raft.server.log.segment.size.max = 1048576 (custom)
2019-09-20 08:46:11,881 [pool-71-thread-1] INFO  server.RaftServerConfigKeys (ConfUtils.java:logGet(43)) - raft.server.log.segment.cache.num.max = 2 (custom)
2019-09-20 08:46:11,881 [pool-71-thread-1] INFO  segmented.SegmentedRaftLogWorker (SegmentedRaftLogWorker.java:<init>(172)) - new 4eb079c5-a63c-4d36-97af-76873864fc0c-SegmentedRaftLogWorker:Storage Directory /workdir/hadoop-ozone/ozonefs/target/test-dir/MiniOzoneClusterImpl-da5888fd-c692-4355-82c4-91aa98cbf569/datanode-4/data/ratis/931d97db-3b86-4ce6-acd5-1fc51f74ebd6 for RaftStorage:Storage Directory /workdir/hadoop-ozone/ozonefs/target/test-dir/MiniOzoneClusterImpl-da5888fd-c692-4355-82c4-91aa98cbf569/datanode-4/data/ratis/931d97db-3b86-4ce6-acd5-1fc51f74ebd6
2019-09-20 08:46:11,881 [pool-71-thread-1] INFO  server.RaftServerConfigKeys (ConfUtils.java:logGet(43)) - raft.server.log.queue.byte-limit = 2147483647 (custom)
2019-09-20 08:46:11,881 [pool-71-thread-1] INFO  server.RaftServerConfigKeys (ConfUtils.java:logGet(43)) - raft.server.log.queue.element-limit = 1024 (custom)
2019-09-20 08:46:11,881 [pool-71-thread-1] INFO  server.RaftServerConfigKeys (ConfUtils.java:logGet(43)) - raft.server.log.segment.size.max = 1048576 (custom)
2019-09-20 08:46:11,881 [pool-71-thread-1] INFO  server.RaftServerConfigKeys (ConfUtils.java:logGet(43)) - raft.server.log.preallocated.size = 16384 (custom)
2019-09-20 08:46:11,881 [pool-71-thread-1] INFO  server.RaftServerConfigKeys (ConfUtils.java:logGet(43)) - raft.server.log.write.buffer.size = 33554432 (custom)
2019-09-20 08:46:11,881 [pool-71-thread-1] INFO  server.RaftServerConfigKeys (ConfUtils.java:logGet(43)) - raft.server.log.force.sync.num = 128 (default)
2019-09-20 08:46:11,881 [pool-71-thread-1] INFO  server.RaftServerConfigKeys (ConfUtils.java:logGet(43)) - raft.server.log.statemachine.data.sync = true (default)
2019-09-20 08:46:11,882 [pool-71-thread-1] INFO  server.RaftServerConfigKeys (ConfUtils.java:logGet(43)) - raft.server.log.statemachine.data.sync.timeout = 10s (default)
2019-09-20 08:46:11,882 [pool-71-thread-1] INFO  server.RaftServerConfigKeys (ConfUtils.java:logGet(43)) - raft.server.log.statemachine.data.sync.timeout.retry = -1 (default)
2019-09-20 08:46:11,882 [pool-71-thread-1] INFO  server.RaftServerConfigKeys (ConfUtils.java:logGet(43)) - raft.server.log.statemachine.data.caching.enabled = true (custom)
2019-09-20 08:46:11,882 [pool-71-thread-1] INFO  segmented.SegmentedRaftLogWorker (SegmentedRaftLogWorker.java:lambda$new$0(132)) - 4eb079c5-a63c-4d36-97af-76873864fc0c-SegmentedRaftLogWorker:Storage Directory /workdir/hadoop-ozone/ozonefs/target/test-dir/MiniOzoneClusterImpl-da5888fd-c692-4355-82c4-91aa98cbf569/datanode-4/data/ratis/931d97db-3b86-4ce6-acd5-1fc51f74ebd6: flushIndex: setUnconditionally 0 -> -1
2019-09-20 08:46:11,882 [pool-71-thread-1] INFO  server.RaftServerConfigKeys (ConfUtils.java:logGet(43)) - raft.server.snapshot.auto.trigger.enabled = true (custom)
2019-09-20 08:46:11,882 [pool-71-thread-1] INFO  server.RaftServerConfigKeys (ConfUtils.java:logGet(43)) - raft.server.snapshot.auto.trigger.threshold = 10000 (custom)
2019-09-20 08:46:11,883 [pool-71-thread-1] INFO  server.RaftServerConfigKeys (ConfUtils.java:logGet(43)) - raft.server.retrycache.expirytime = 600000ms (custom)
2019-09-20 08:46:11,883 [pool-71-thread-1] INFO  impl.RaftServerImpl (RaftServerImpl.java:start(180)) - 4eb079c5-a63c-4d36-97af-76873864fc0c: start group-1FC51F74EBD6
2019-09-20 08:46:11,883 [pool-71-thread-1] INFO  impl.RaftServerImpl (RaftServerImpl.java:setRole(171)) - 4eb079c5-a63c-4d36-97af-76873864fc0c:group-1FC51F74EBD6 changes role from null to FOLLOWER at term 0 for startAsFollower
2019-09-20 08:46:11,883 [pool-71-thread-1] INFO  impl.RoleInfo (RoleInfo.java:updateAndGet(143)) - 4eb079c5-a63c-4d36-97af-76873864fc0c: start FollowerState
2019-09-20 08:46:11,890 [pool-71-thread-1] INFO  util.JmxRegister (JmxRegister.java:tryRegister(44)) - Successfully registered JMX Bean with object name Ratis:service=RaftServer,group=group-1FC51F74EBD6,id=4eb079c5-a63c-4d36-97af-76873864fc0c
2019-09-20 08:46:11,905 [RatisPipelineUtilsThread] INFO  pipeline.PipelineStateManager (PipelineStateManager.java:addPipeline(56)) - Created pipeline Pipeline[ Id: 931d97db-3b86-4ce6-acd5-1fc51f74ebd6, Nodes: 4eb079c5-a63c-4d36-97af-76873864fc0c{ip: 192.168.36.79, host: pr-hdds-1569-s8kj2-2266485376, networkLocation: /default-rack, certSerialId: null}, Type:RATIS, Factor:ONE, State:OPEN]
2019-09-20 08:46:11,905 [RatisPipelineUtilsThread] INFO  pipeline.PipelinePlacementPolicy (PipelinePlacementPolicy.java:meetCriteria(91)) - Pipeline Placement: Doesn't meet the criteria to be viable node： a3bf3c1a-4063-48f8-b1bd-e321780611c4 Heaviness: 6 limit: 5
2019-09-20 08:46:11,906 [RatisPipelineUtilsThread] INFO  pipeline.PipelinePlacementPolicy (PipelinePlacementPolicy.java:meetCriteria(91)) - Pipeline Placement: Doesn't meet the criteria to be viable node： e997423e-4090-4042-87ee-7419d4cf7365 Heaviness: 6 limit: 5
2019-09-20 08:46:11,906 [RatisPipelineUtilsThread] INFO  pipeline.PipelinePlacementPolicy (PipelinePlacementPolicy.java:meetCriteria(91)) - Pipeline Placement: Doesn't meet the criteria to be viable node： 3ea69b51-ea1d-40b9-a82f-433a48a46bff Heaviness: 6 limit: 5
2019-09-20 08:46:11,906 [RatisPipelineUtilsThread] INFO  pipeline.PipelinePlacementPolicy (PipelinePlacementPolicy.java:meetCriteria(91)) - Pipeline Placement: Doesn't meet the criteria to be viable node： 4eb079c5-a63c-4d36-97af-76873864fc0c Heaviness: 6 limit: 5
2019-09-20 08:46:11,911 [grpc-default-executor-1] INFO  impl.RaftServerProxy (RaftServerProxy.java:addNew(89)) - 1cc75455-5fc2-459e-9e17-b902eb9cc08f: addNew group-E10CB8D1EC63:[1cc75455-5fc2-459e-9e17-b902eb9cc08f:192.168.36.79:35300] returns group-E10CB8D1EC63:java.util.concurrent.CompletableFuture@3a028a1d[Not completed]
2019-09-20 08:46:11,912 [pool-49-thread-1] INFO  impl.RaftServerImpl (RaftServerImpl.java:<init>(93)) - 1cc75455-5fc2-459e-9e17-b902eb9cc08f: new RaftServerImpl for group-E10CB8D1EC63:[1cc75455-5fc2-459e-9e17-b902eb9cc08f:192.168.36.79:35300] with ContainerStateMachine:uninitialized
2019-09-20 08:46:11,912 [pool-49-thread-1] INFO  server.RaftServerConfigKeys (ConfUtils.java:logGet(43)) - raft.server.rpc.timeout.min = 5s (custom)
2019-09-20 08:46:11,912 [pool-49-thread-1] INFO  server.RaftServerConfigKeys (ConfUtils.java:logGet(43)) - raft.server.rpc.timeout.max = 5200ms (custom)
2019-09-20 08:46:11,912 [pool-49-thread-1] INFO  server.RaftServerConfigKeys (ConfUtils.java:logGet(43)) - raft.server.rpcslowness.timeout = 120s (custom)
2019-09-20 08:46:11,913 [pool-49-thread-1] INFO  server.RaftServerConfigKeys (ConfUtils.java:logGet(43)) - raft.server.sleep.deviation.threshold = 300 (default)
2019-09-20 08:46:11,913 [pool-49-thread-1] INFO  server.RaftServerConfigKeys (ConfUtils.java:logGet(43)) - raft.server.log.appender.install.snapshot.enabled = false (custom)
2019-09-20 08:46:11,913 [pool-49-thread-1] INFO  impl.RaftServerImpl (ServerState.java:<init>(105)) - 1cc75455-5fc2-459e-9e17-b902eb9cc08f:group-E10CB8D1EC63 ConfigurationManager, init=-1: [1cc75455-5fc2-459e-9e17-b902eb9cc08f:192.168.36.79:35300], old=null, confs=<EMPTY_MAP>
2019-09-20 08:46:11,913 [pool-49-thread-1] INFO  server.RaftServerConfigKeys (ConfUtils.java:logGet(43)) - raft.server.storage.dir = [/workdir/hadoop-ozone/ozonefs/target/test-dir/MiniOzoneClusterImpl-da5888fd-c692-4355-82c4-91aa98cbf569/datanode-2/data/ratis] (custom)
2019-09-20 08:46:11,913 [pool-49-thread-1] INFO  storage.RaftStorageDirectory (RaftStorageDirectory.java:analyzeStorage(246)) - The storage directory /workdir/hadoop-ozone/ozonefs/target/test-dir/MiniOzoneClusterImpl-da5888fd-c692-4355-82c4-91aa98cbf569/datanode-2/data/ratis/45c80435-615d-403f-9d4f-e10cb8d1ec63 does not exist. Creating ...
2019-09-20 08:46:11,918 | INFO  | SCMAudit | user=jenkins1000 | ip=192.168.36.79 | op=SEND_HEARTBEAT {datanodeUUID=0d845cc3-b0d9-47c5-b935-74fa0be2c903, command=[]} | ret=SUCCESS |  
2019-09-20 08:46:11,963 [pool-49-thread-1] INFO  storage.RaftStorageDirectory (RaftStorageDirectory.java:tryLock(328)) - Lock on /workdir/hadoop-ozone/ozonefs/target/test-dir/MiniOzoneClusterImpl-da5888fd-c692-4355-82c4-91aa98cbf569/datanode-2/data/ratis/45c80435-615d-403f-9d4f-e10cb8d1ec63/in_use.lock acquired by nodename 7820@pr-hdds-1569-s8kj2-2266485376
2019-09-20 08:46:11,997 [pool-49-thread-1] INFO  storage.RaftStorage (RaftStorage.java:format(72)) - Storage directory /workdir/hadoop-ozone/ozonefs/target/test-dir/MiniOzoneClusterImpl-da5888fd-c692-4355-82c4-91aa98cbf569/datanode-2/data/ratis/45c80435-615d-403f-9d4f-e10cb8d1ec63 has been successfully formatted.
2019-09-20 08:46:11,997 [pool-49-thread-1] INFO  ratis.ContainerStateMachine (ContainerStateMachine.java:loadSnapshot(226)) - group-E10CB8D1EC63: The snapshot info is null. Setting the last applied indexto:(t:0, i:~)
2019-09-20 08:46:11,998 [pool-49-thread-1] INFO  server.RaftServerConfigKeys (ConfUtils.java:logGet(43)) - raft.server.leader.election.timeout = 120s (custom)
2019-09-20 08:46:11,998 [pool-49-thread-1] INFO  server.RaftServerConfigKeys (ConfUtils.java:logGet(43)) - raft.server.log.use.memory = false (default)
2019-09-20 08:46:11,998 [pool-49-thread-1] INFO  server.RaftServerConfigKeys (ConfUtils.java:logGet(43)) - raft.server.log.purge.gap = 1000000 (custom)
2019-09-20 08:46:11,998 [pool-49-thread-1] INFO  server.RaftServerConfigKeys (ConfUtils.java:logGet(43)) - raft.server.log.appender.buffer.byte-limit = 33554432 (custom)
2019-09-20 08:46:11,998 [pool-49-thread-1] INFO  server.RaftServerConfigKeys (ConfUtils.java:logGet(43)) - raft.server.log.segment.size.max = 1048576 (custom)
2019-09-20 08:46:11,998 [pool-49-thread-1] INFO  server.RaftServerConfigKeys (ConfUtils.java:logGet(43)) - raft.server.log.segment.cache.num.max = 2 (custom)
2019-09-20 08:46:11,999 [pool-49-thread-1] INFO  segmented.SegmentedRaftLogWorker (SegmentedRaftLogWorker.java:<init>(172)) - new 1cc75455-5fc2-459e-9e17-b902eb9cc08f-SegmentedRaftLogWorker:Storage Directory /workdir/hadoop-ozone/ozonefs/target/test-dir/MiniOzoneClusterImpl-da5888fd-c692-4355-82c4-91aa98cbf569/datanode-2/data/ratis/45c80435-615d-403f-9d4f-e10cb8d1ec63 for RaftStorage:Storage Directory /workdir/hadoop-ozone/ozonefs/target/test-dir/MiniOzoneClusterImpl-da5888fd-c692-4355-82c4-91aa98cbf569/datanode-2/data/ratis/45c80435-615d-403f-9d4f-e10cb8d1ec63
2019-09-20 08:46:11,999 [pool-49-thread-1] INFO  server.RaftServerConfigKeys (ConfUtils.java:logGet(43)) - raft.server.log.queue.byte-limit = 2147483647 (custom)
2019-09-20 08:46:11,999 [pool-49-thread-1] INFO  server.RaftServerConfigKeys (ConfUtils.java:logGet(43)) - raft.server.log.queue.element-limit = 1024 (custom)
2019-09-20 08:46:11,999 [pool-49-thread-1] INFO  server.RaftServerConfigKeys (ConfUtils.java:logGet(43)) - raft.server.log.segment.size.max = 1048576 (custom)
2019-09-20 08:46:11,999 [pool-49-thread-1] INFO  server.RaftServerConfigKeys (ConfUtils.java:logGet(43)) - raft.server.log.preallocated.size = 16384 (custom)
2019-09-20 08:46:12,000 [pool-49-thread-1] INFO  server.RaftServerConfigKeys (ConfUtils.java:logGet(43)) - raft.server.log.write.buffer.size = 33554432 (custom)
2019-09-20 08:46:12,000 [pool-49-thread-1] INFO  server.RaftServerConfigKeys (ConfUtils.java:logGet(43)) - raft.server.log.force.sync.num = 128 (default)
2019-09-20 08:46:12,000 [pool-49-thread-1] INFO  server.RaftServerConfigKeys (ConfUtils.java:logGet(43)) - raft.server.log.statemachine.data.sync = true (default)
2019-09-20 08:46:12,000 [pool-49-thread-1] INFO  server.RaftServerConfigKeys (ConfUtils.java:logGet(43)) - raft.server.log.statemachine.data.sync.timeout = 10s (default)
2019-09-20 08:46:12,000 [pool-49-thread-1] INFO  server.RaftServerConfigKeys (ConfUtils.java:logGet(43)) - raft.server.log.statemachine.data.sync.timeout.retry = -1 (default)
2019-09-20 08:46:12,001 [pool-49-thread-1] INFO  server.RaftServerConfigKeys (ConfUtils.java:logGet(43)) - raft.server.log.statemachine.data.caching.enabled = true (custom)
2019-09-20 08:46:12,001 [pool-49-thread-1] INFO  segmented.SegmentedRaftLogWorker (SegmentedRaftLogWorker.java:lambda$new$0(132)) - 1cc75455-5fc2-459e-9e17-b902eb9cc08f-SegmentedRaftLogWorker:Storage Directory /workdir/hadoop-ozone/ozonefs/target/test-dir/MiniOzoneClusterImpl-da5888fd-c692-4355-82c4-91aa98cbf569/datanode-2/data/ratis/45c80435-615d-403f-9d4f-e10cb8d1ec63: flushIndex: setUnconditionally 0 -> -1
2019-09-20 08:46:12,001 [pool-49-thread-1] INFO  server.RaftServerConfigKeys (ConfUtils.java:logGet(43)) - raft.server.snapshot.auto.trigger.enabled = true (custom)
2019-09-20 08:46:12,002 [pool-49-thread-1] INFO  server.RaftServerConfigKeys (ConfUtils.java:logGet(43)) - raft.server.snapshot.auto.trigger.threshold = 10000 (custom)
2019-09-20 08:46:12,002 [pool-49-thread-1] INFO  server.RaftServerConfigKeys (ConfUtils.java:logGet(43)) - raft.server.retrycache.expirytime = 600000ms (custom)
2019-09-20 08:46:12,002 [pool-49-thread-1] INFO  impl.RaftServerImpl (RaftServerImpl.java:start(180)) - 1cc75455-5fc2-459e-9e17-b902eb9cc08f: start group-E10CB8D1EC63
2019-09-20 08:46:12,002 [pool-49-thread-1] INFO  impl.RaftServerImpl (RaftServerImpl.java:setRole(171)) - 1cc75455-5fc2-459e-9e17-b902eb9cc08f:group-E10CB8D1EC63 changes role from null to FOLLOWER at term 0 for startAsFollower
2019-09-20 08:46:12,002 [pool-49-thread-1] INFO  impl.RoleInfo (RoleInfo.java:updateAndGet(143)) - 1cc75455-5fc2-459e-9e17-b902eb9cc08f: start FollowerState
2019-09-20 08:46:12,003 [pool-49-thread-1] INFO  util.JmxRegister (JmxRegister.java:tryRegister(44)) - Successfully registered JMX Bean with object name Ratis:service=RaftServer,group=group-E10CB8D1EC63,id=1cc75455-5fc2-459e-9e17-b902eb9cc08f
2019-09-20 08:46:12,006 [RatisPipelineUtilsThread] INFO  pipeline.PipelineStateManager (PipelineStateManager.java:addPipeline(56)) - Created pipeline Pipeline[ Id: 45c80435-615d-403f-9d4f-e10cb8d1ec63, Nodes: 1cc75455-5fc2-459e-9e17-b902eb9cc08f{ip: 192.168.36.79, host: pr-hdds-1569-s8kj2-2266485376, networkLocation: /default-rack, certSerialId: null}, Type:RATIS, Factor:ONE, State:OPEN]
2019-09-20 08:46:12,007 [RatisPipelineUtilsThread] INFO  pipeline.PipelinePlacementPolicy (PipelinePlacementPolicy.java:meetCriteria(91)) - Pipeline Placement: Doesn't meet the criteria to be viable node： a3bf3c1a-4063-48f8-b1bd-e321780611c4 Heaviness: 6 limit: 5
2019-09-20 08:46:12,007 [RatisPipelineUtilsThread] INFO  pipeline.PipelinePlacementPolicy (PipelinePlacementPolicy.java:meetCriteria(91)) - Pipeline Placement: Doesn't meet the criteria to be viable node： e997423e-4090-4042-87ee-7419d4cf7365 Heaviness: 6 limit: 5
2019-09-20 08:46:12,007 [RatisPipelineUtilsThread] INFO  pipeline.PipelinePlacementPolicy (PipelinePlacementPolicy.java:meetCriteria(91)) - Pipeline Placement: Doesn't meet the criteria to be viable node： 3ea69b51-ea1d-40b9-a82f-433a48a46bff Heaviness: 6 limit: 5
2019-09-20 08:46:12,007 [RatisPipelineUtilsThread] INFO  pipeline.PipelinePlacementPolicy (PipelinePlacementPolicy.java:meetCriteria(91)) - Pipeline Placement: Doesn't meet the criteria to be viable node： 4eb079c5-a63c-4d36-97af-76873864fc0c Heaviness: 6 limit: 5
2019-09-20 08:46:12,013 [grpc-default-executor-1] INFO  impl.RaftServerProxy (RaftServerProxy.java:addNew(89)) - 1e702f59-a831-439b-ba97-9c7e4d303d93: addNew group-303A19B50CF5:[1e702f59-a831-439b-ba97-9c7e4d303d93:192.168.36.79:42450] returns group-303A19B50CF5:java.util.concurrent.CompletableFuture@257c2e7c[Not completed]
2019-09-20 08:46:12,014 [pool-93-thread-1] INFO  impl.RaftServerImpl (RaftServerImpl.java:<init>(93)) - 1e702f59-a831-439b-ba97-9c7e4d303d93: new RaftServerImpl for group-303A19B50CF5:[1e702f59-a831-439b-ba97-9c7e4d303d93:192.168.36.79:42450] with ContainerStateMachine:uninitialized
2019-09-20 08:46:12,014 [pool-93-thread-1] INFO  server.RaftServerConfigKeys (ConfUtils.java:logGet(43)) - raft.server.rpc.timeout.min = 5s (custom)
2019-09-20 08:46:12,015 [pool-93-thread-1] INFO  server.RaftServerConfigKeys (ConfUtils.java:logGet(43)) - raft.server.rpc.timeout.max = 5200ms (custom)
2019-09-20 08:46:12,015 [pool-93-thread-1] INFO  server.RaftServerConfigKeys (ConfUtils.java:logGet(43)) - raft.server.rpcslowness.timeout = 120s (custom)
2019-09-20 08:46:12,015 [pool-93-thread-1] INFO  server.RaftServerConfigKeys (ConfUtils.java:logGet(43)) - raft.server.sleep.deviation.threshold = 300 (default)
2019-09-20 08:46:12,015 [pool-93-thread-1] INFO  server.RaftServerConfigKeys (ConfUtils.java:logGet(43)) - raft.server.log.appender.install.snapshot.enabled = false (custom)
2019-09-20 08:46:12,015 [pool-93-thread-1] INFO  impl.RaftServerImpl (ServerState.java:<init>(105)) - 1e702f59-a831-439b-ba97-9c7e4d303d93:group-303A19B50CF5 ConfigurationManager, init=-1: [1e702f59-a831-439b-ba97-9c7e4d303d93:192.168.36.79:42450], old=null, confs=<EMPTY_MAP>
2019-09-20 08:46:12,015 [pool-93-thread-1] INFO  server.RaftServerConfigKeys (ConfUtils.java:logGet(43)) - raft.server.storage.dir = [/workdir/hadoop-ozone/ozonefs/target/test-dir/MiniOzoneClusterImpl-da5888fd-c692-4355-82c4-91aa98cbf569/datanode-6/data/ratis] (custom)
2019-09-20 08:46:12,016 [pool-93-thread-1] INFO  storage.RaftStorageDirectory (RaftStorageDirectory.java:analyzeStorage(246)) - The storage directory /workdir/hadoop-ozone/ozonefs/target/test-dir/MiniOzoneClusterImpl-da5888fd-c692-4355-82c4-91aa98cbf569/datanode-6/data/ratis/e0d5c1af-2969-4d4d-8312-303a19b50cf5 does not exist. Creating ...
2019-09-20 08:46:12,048 [pool-93-thread-1] INFO  storage.RaftStorageDirectory (RaftStorageDirectory.java:tryLock(328)) - Lock on /workdir/hadoop-ozone/ozonefs/target/test-dir/MiniOzoneClusterImpl-da5888fd-c692-4355-82c4-91aa98cbf569/datanode-6/data/ratis/e0d5c1af-2969-4d4d-8312-303a19b50cf5/in_use.lock acquired by nodename 7820@pr-hdds-1569-s8kj2-2266485376
2019-09-20 08:46:12,074 [pool-93-thread-1] INFO  storage.RaftStorage (RaftStorage.java:format(72)) - Storage directory /workdir/hadoop-ozone/ozonefs/target/test-dir/MiniOzoneClusterImpl-da5888fd-c692-4355-82c4-91aa98cbf569/datanode-6/data/ratis/e0d5c1af-2969-4d4d-8312-303a19b50cf5 has been successfully formatted.
2019-09-20 08:46:12,074 [pool-93-thread-1] INFO  ratis.ContainerStateMachine (ContainerStateMachine.java:loadSnapshot(226)) - group-303A19B50CF5: The snapshot info is null. Setting the last applied indexto:(t:0, i:~)
2019-09-20 08:46:12,074 [pool-93-thread-1] INFO  server.RaftServerConfigKeys (ConfUtils.java:logGet(43)) - raft.server.leader.election.timeout = 120s (custom)
2019-09-20 08:46:12,074 [pool-93-thread-1] INFO  server.RaftServerConfigKeys (ConfUtils.java:logGet(43)) - raft.server.log.use.memory = false (default)
2019-09-20 08:46:12,075 [pool-93-thread-1] INFO  server.RaftServerConfigKeys (ConfUtils.java:logGet(43)) - raft.server.log.purge.gap = 1000000 (custom)
2019-09-20 08:46:12,075 [pool-93-thread-1] INFO  server.RaftServerConfigKeys (ConfUtils.java:logGet(43)) - raft.server.log.appender.buffer.byte-limit = 33554432 (custom)
2019-09-20 08:46:12,075 [pool-93-thread-1] INFO  server.RaftServerConfigKeys (ConfUtils.java:logGet(43)) - raft.server.log.segment.size.max = 1048576 (custom)
2019-09-20 08:46:12,075 [pool-93-thread-1] INFO  server.RaftServerConfigKeys (ConfUtils.java:logGet(43)) - raft.server.log.segment.cache.num.max = 2 (custom)
2019-09-20 08:46:12,075 [pool-93-thread-1] INFO  segmented.SegmentedRaftLogWorker (SegmentedRaftLogWorker.java:<init>(172)) - new 1e702f59-a831-439b-ba97-9c7e4d303d93-SegmentedRaftLogWorker:Storage Directory /workdir/hadoop-ozone/ozonefs/target/test-dir/MiniOzoneClusterImpl-da5888fd-c692-4355-82c4-91aa98cbf569/datanode-6/data/ratis/e0d5c1af-2969-4d4d-8312-303a19b50cf5 for RaftStorage:Storage Directory /workdir/hadoop-ozone/ozonefs/target/test-dir/MiniOzoneClusterImpl-da5888fd-c692-4355-82c4-91aa98cbf569/datanode-6/data/ratis/e0d5c1af-2969-4d4d-8312-303a19b50cf5
2019-09-20 08:46:12,075 [pool-93-thread-1] INFO  server.RaftServerConfigKeys (ConfUtils.java:logGet(43)) - raft.server.log.queue.byte-limit = 2147483647 (custom)
2019-09-20 08:46:12,076 [pool-93-thread-1] INFO  server.RaftServerConfigKeys (ConfUtils.java:logGet(43)) - raft.server.log.queue.element-limit = 1024 (custom)
2019-09-20 08:46:12,076 [pool-93-thread-1] INFO  server.RaftServerConfigKeys (ConfUtils.java:logGet(43)) - raft.server.log.segment.size.max = 1048576 (custom)
2019-09-20 08:46:12,076 [pool-93-thread-1] INFO  server.RaftServerConfigKeys (ConfUtils.java:logGet(43)) - raft.server.log.preallocated.size = 16384 (custom)
2019-09-20 08:46:12,076 [pool-93-thread-1] INFO  server.RaftServerConfigKeys (ConfUtils.java:logGet(43)) - raft.server.log.write.buffer.size = 33554432 (custom)
2019-09-20 08:46:12,076 [pool-93-thread-1] INFO  server.RaftServerConfigKeys (ConfUtils.java:logGet(43)) - raft.server.log.force.sync.num = 128 (default)
2019-09-20 08:46:12,076 [pool-93-thread-1] INFO  server.RaftServerConfigKeys (ConfUtils.java:logGet(43)) - raft.server.log.statemachine.data.sync = true (default)
2019-09-20 08:46:12,076 [pool-93-thread-1] INFO  server.RaftServerConfigKeys (ConfUtils.java:logGet(43)) - raft.server.log.statemachine.data.sync.timeout = 10s (default)
2019-09-20 08:46:12,077 [pool-93-thread-1] INFO  server.RaftServerConfigKeys (ConfUtils.java:logGet(43)) - raft.server.log.statemachine.data.sync.timeout.retry = -1 (default)
2019-09-20 08:46:12,077 [pool-93-thread-1] INFO  server.RaftServerConfigKeys (ConfUtils.java:logGet(43)) - raft.server.log.statemachine.data.caching.enabled = true (custom)
2019-09-20 08:46:12,077 [pool-93-thread-1] INFO  segmented.SegmentedRaftLogWorker (SegmentedRaftLogWorker.java:lambda$new$0(132)) - 1e702f59-a831-439b-ba97-9c7e4d303d93-SegmentedRaftLogWorker:Storage Directory /workdir/hadoop-ozone/ozonefs/target/test-dir/MiniOzoneClusterImpl-da5888fd-c692-4355-82c4-91aa98cbf569/datanode-6/data/ratis/e0d5c1af-2969-4d4d-8312-303a19b50cf5: flushIndex: setUnconditionally 0 -> -1
2019-09-20 08:46:12,078 [pool-93-thread-1] INFO  server.RaftServerConfigKeys (ConfUtils.java:logGet(43)) - raft.server.snapshot.auto.trigger.enabled = true (custom)
2019-09-20 08:46:12,078 [pool-93-thread-1] INFO  server.RaftServerConfigKeys (ConfUtils.java:logGet(43)) - raft.server.snapshot.auto.trigger.threshold = 10000 (custom)
2019-09-20 08:46:12,078 [pool-93-thread-1] INFO  server.RaftServerConfigKeys (ConfUtils.java:logGet(43)) - raft.server.retrycache.expirytime = 600000ms (custom)
2019-09-20 08:46:12,078 [pool-93-thread-1] INFO  impl.RaftServerImpl (RaftServerImpl.java:start(180)) - 1e702f59-a831-439b-ba97-9c7e4d303d93: start group-303A19B50CF5
2019-09-20 08:46:12,078 [pool-93-thread-1] INFO  impl.RaftServerImpl (RaftServerImpl.java:setRole(171)) - 1e702f59-a831-439b-ba97-9c7e4d303d93:group-303A19B50CF5 changes role from null to FOLLOWER at term 0 for startAsFollower
2019-09-20 08:46:12,079 [pool-93-thread-1] INFO  impl.RoleInfo (RoleInfo.java:updateAndGet(143)) - 1e702f59-a831-439b-ba97-9c7e4d303d93: start FollowerState
2019-09-20 08:46:12,079 [pool-93-thread-1] INFO  util.JmxRegister (JmxRegister.java:tryRegister(44)) - Successfully registered JMX Bean with object name Ratis:service=RaftServer,group=group-303A19B50CF5,id=1e702f59-a831-439b-ba97-9c7e4d303d93
2019-09-20 08:46:12,082 [RatisPipelineUtilsThread] INFO  pipeline.PipelineStateManager (PipelineStateManager.java:addPipeline(56)) - Created pipeline Pipeline[ Id: e0d5c1af-2969-4d4d-8312-303a19b50cf5, Nodes: 1e702f59-a831-439b-ba97-9c7e4d303d93{ip: 192.168.36.79, host: pr-hdds-1569-s8kj2-2266485376, networkLocation: /default-rack, certSerialId: null}, Type:RATIS, Factor:ONE, State:OPEN]
2019-09-20 08:46:12,082 [RatisPipelineUtilsThread] INFO  pipeline.PipelinePlacementPolicy (PipelinePlacementPolicy.java:meetCriteria(91)) - Pipeline Placement: Doesn't meet the criteria to be viable node： a3bf3c1a-4063-48f8-b1bd-e321780611c4 Heaviness: 6 limit: 5
2019-09-20 08:46:12,082 [RatisPipelineUtilsThread] INFO  pipeline.PipelinePlacementPolicy (PipelinePlacementPolicy.java:meetCriteria(91)) - Pipeline Placement: Doesn't meet the criteria to be viable node： e997423e-4090-4042-87ee-7419d4cf7365 Heaviness: 6 limit: 5
2019-09-20 08:46:12,083 [RatisPipelineUtilsThread] INFO  pipeline.PipelinePlacementPolicy (PipelinePlacementPolicy.java:meetCriteria(91)) - Pipeline Placement: Doesn't meet the criteria to be viable node： 1e702f59-a831-439b-ba97-9c7e4d303d93 Heaviness: 6 limit: 5
2019-09-20 08:46:12,083 [RatisPipelineUtilsThread] INFO  pipeline.PipelinePlacementPolicy (PipelinePlacementPolicy.java:meetCriteria(91)) - Pipeline Placement: Doesn't meet the criteria to be viable node： 3ea69b51-ea1d-40b9-a82f-433a48a46bff Heaviness: 6 limit: 5
2019-09-20 08:46:12,083 [RatisPipelineUtilsThread] INFO  pipeline.PipelinePlacementPolicy (PipelinePlacementPolicy.java:meetCriteria(91)) - Pipeline Placement: Doesn't meet the criteria to be viable node： 4eb079c5-a63c-4d36-97af-76873864fc0c Heaviness: 6 limit: 5
2019-09-20 08:46:12,089 [grpc-default-executor-1] INFO  impl.RaftServerProxy (RaftServerProxy.java:addNew(89)) - 0d845cc3-b0d9-47c5-b935-74fa0be2c903: addNew group-356A3DFF11FA:[0d845cc3-b0d9-47c5-b935-74fa0be2c903:192.168.36.79:38257] returns group-356A3DFF11FA:java.util.concurrent.CompletableFuture@218c7004[Not completed]
2019-09-20 08:46:12,091 [pool-82-thread-1] INFO  impl.RaftServerImpl (RaftServerImpl.java:<init>(93)) - 0d845cc3-b0d9-47c5-b935-74fa0be2c903: new RaftServerImpl for group-356A3DFF11FA:[0d845cc3-b0d9-47c5-b935-74fa0be2c903:192.168.36.79:38257] with ContainerStateMachine:uninitialized
2019-09-20 08:46:12,091 [pool-82-thread-1] INFO  server.RaftServerConfigKeys (ConfUtils.java:logGet(43)) - raft.server.rpc.timeout.min = 5s (custom)
2019-09-20 08:46:12,091 [pool-82-thread-1] INFO  server.RaftServerConfigKeys (ConfUtils.java:logGet(43)) - raft.server.rpc.timeout.max = 5200ms (custom)
2019-09-20 08:46:12,091 [pool-82-thread-1] INFO  server.RaftServerConfigKeys (ConfUtils.java:logGet(43)) - raft.server.rpcslowness.timeout = 120s (custom)
2019-09-20 08:46:12,091 [pool-82-thread-1] INFO  server.RaftServerConfigKeys (ConfUtils.java:logGet(43)) - raft.server.sleep.deviation.threshold = 300 (default)
2019-09-20 08:46:12,091 [pool-82-thread-1] INFO  server.RaftServerConfigKeys (ConfUtils.java:logGet(43)) - raft.server.log.appender.install.snapshot.enabled = false (custom)
2019-09-20 08:46:12,091 [pool-82-thread-1] INFO  impl.RaftServerImpl (ServerState.java:<init>(105)) - 0d845cc3-b0d9-47c5-b935-74fa0be2c903:group-356A3DFF11FA ConfigurationManager, init=-1: [0d845cc3-b0d9-47c5-b935-74fa0be2c903:192.168.36.79:38257], old=null, confs=<EMPTY_MAP>
2019-09-20 08:46:12,092 [pool-82-thread-1] INFO  server.RaftServerConfigKeys (ConfUtils.java:logGet(43)) - raft.server.storage.dir = [/workdir/hadoop-ozone/ozonefs/target/test-dir/MiniOzoneClusterImpl-da5888fd-c692-4355-82c4-91aa98cbf569/datanode-5/data/ratis] (custom)
2019-09-20 08:46:12,092 [pool-82-thread-1] INFO  storage.RaftStorageDirectory (RaftStorageDirectory.java:analyzeStorage(246)) - The storage directory /workdir/hadoop-ozone/ozonefs/target/test-dir/MiniOzoneClusterImpl-da5888fd-c692-4355-82c4-91aa98cbf569/datanode-5/data/ratis/2595e68e-f669-4e3b-ba04-356a3dff11fa does not exist. Creating ...
2019-09-20 08:46:12,116 [pool-82-thread-1] INFO  storage.RaftStorageDirectory (RaftStorageDirectory.java:tryLock(328)) - Lock on /workdir/hadoop-ozone/ozonefs/target/test-dir/MiniOzoneClusterImpl-da5888fd-c692-4355-82c4-91aa98cbf569/datanode-5/data/ratis/2595e68e-f669-4e3b-ba04-356a3dff11fa/in_use.lock acquired by nodename 7820@pr-hdds-1569-s8kj2-2266485376
2019-09-20 08:46:12,119 | INFO  | SCMAudit | user=jenkins1000 | ip=192.168.36.79 | op=SEND_HEARTBEAT {datanodeUUID=1e702f59-a831-439b-ba97-9c7e4d303d93, command=[]} | ret=SUCCESS |  
2019-09-20 08:46:12,141 [pool-82-thread-1] INFO  storage.RaftStorage (RaftStorage.java:format(72)) - Storage directory /workdir/hadoop-ozone/ozonefs/target/test-dir/MiniOzoneClusterImpl-da5888fd-c692-4355-82c4-91aa98cbf569/datanode-5/data/ratis/2595e68e-f669-4e3b-ba04-356a3dff11fa has been successfully formatted.
2019-09-20 08:46:12,141 [pool-82-thread-1] INFO  ratis.ContainerStateMachine (ContainerStateMachine.java:loadSnapshot(226)) - group-356A3DFF11FA: The snapshot info is null. Setting the last applied indexto:(t:0, i:~)
2019-09-20 08:46:12,142 [pool-82-thread-1] INFO  server.RaftServerConfigKeys (ConfUtils.java:logGet(43)) - raft.server.leader.election.timeout = 120s (custom)
2019-09-20 08:46:12,142 [pool-82-thread-1] INFO  server.RaftServerConfigKeys (ConfUtils.java:logGet(43)) - raft.server.log.use.memory = false (default)
2019-09-20 08:46:12,142 [pool-82-thread-1] INFO  server.RaftServerConfigKeys (ConfUtils.java:logGet(43)) - raft.server.log.purge.gap = 1000000 (custom)
2019-09-20 08:46:12,142 [pool-82-thread-1] INFO  server.RaftServerConfigKeys (ConfUtils.java:logGet(43)) - raft.server.log.appender.buffer.byte-limit = 33554432 (custom)
2019-09-20 08:46:12,142 [pool-82-thread-1] INFO  server.RaftServerConfigKeys (ConfUtils.java:logGet(43)) - raft.server.log.segment.size.max = 1048576 (custom)
2019-09-20 08:46:12,142 [pool-82-thread-1] INFO  server.RaftServerConfigKeys (ConfUtils.java:logGet(43)) - raft.server.log.segment.cache.num.max = 2 (custom)
2019-09-20 08:46:12,143 [pool-82-thread-1] INFO  segmented.SegmentedRaftLogWorker (SegmentedRaftLogWorker.java:<init>(172)) - new 0d845cc3-b0d9-47c5-b935-74fa0be2c903-SegmentedRaftLogWorker:Storage Directory /workdir/hadoop-ozone/ozonefs/target/test-dir/MiniOzoneClusterImpl-da5888fd-c692-4355-82c4-91aa98cbf569/datanode-5/data/ratis/2595e68e-f669-4e3b-ba04-356a3dff11fa for RaftStorage:Storage Directory /workdir/hadoop-ozone/ozonefs/target/test-dir/MiniOzoneClusterImpl-da5888fd-c692-4355-82c4-91aa98cbf569/datanode-5/data/ratis/2595e68e-f669-4e3b-ba04-356a3dff11fa
2019-09-20 08:46:12,143 [pool-82-thread-1] INFO  server.RaftServerConfigKeys (ConfUtils.java:logGet(43)) - raft.server.log.queue.byte-limit = 2147483647 (custom)
2019-09-20 08:46:12,143 [pool-82-thread-1] INFO  server.RaftServerConfigKeys (ConfUtils.java:logGet(43)) - raft.server.log.queue.element-limit = 1024 (custom)
2019-09-20 08:46:12,143 [pool-82-thread-1] INFO  server.RaftServerConfigKeys (ConfUtils.java:logGet(43)) - raft.server.log.segment.size.max = 1048576 (custom)
2019-09-20 08:46:12,143 [pool-82-thread-1] INFO  server.RaftServerConfigKeys (ConfUtils.java:logGet(43)) - raft.server.log.preallocated.size = 16384 (custom)
2019-09-20 08:46:12,143 [pool-82-thread-1] INFO  server.RaftServerConfigKeys (ConfUtils.java:logGet(43)) - raft.server.log.write.buffer.size = 33554432 (custom)
2019-09-20 08:46:12,143 [pool-82-thread-1] INFO  server.RaftServerConfigKeys (ConfUtils.java:logGet(43)) - raft.server.log.force.sync.num = 128 (default)
2019-09-20 08:46:12,144 [pool-82-thread-1] INFO  server.RaftServerConfigKeys (ConfUtils.java:logGet(43)) - raft.server.log.statemachine.data.sync = true (default)
2019-09-20 08:46:12,144 [pool-82-thread-1] INFO  server.RaftServerConfigKeys (ConfUtils.java:logGet(43)) - raft.server.log.statemachine.data.sync.timeout = 10s (default)
2019-09-20 08:46:12,144 [pool-82-thread-1] INFO  server.RaftServerConfigKeys (ConfUtils.java:logGet(43)) - raft.server.log.statemachine.data.sync.timeout.retry = -1 (default)
2019-09-20 08:46:12,144 [pool-82-thread-1] INFO  server.RaftServerConfigKeys (ConfUtils.java:logGet(43)) - raft.server.log.statemachine.data.caching.enabled = true (custom)
2019-09-20 08:46:12,144 [pool-82-thread-1] INFO  segmented.SegmentedRaftLogWorker (SegmentedRaftLogWorker.java:lambda$new$0(132)) - 0d845cc3-b0d9-47c5-b935-74fa0be2c903-SegmentedRaftLogWorker:Storage Directory /workdir/hadoop-ozone/ozonefs/target/test-dir/MiniOzoneClusterImpl-da5888fd-c692-4355-82c4-91aa98cbf569/datanode-5/data/ratis/2595e68e-f669-4e3b-ba04-356a3dff11fa: flushIndex: setUnconditionally 0 -> -1
2019-09-20 08:46:12,145 [pool-82-thread-1] INFO  server.RaftServerConfigKeys (ConfUtils.java:logGet(43)) - raft.server.snapshot.auto.trigger.enabled = true (custom)
2019-09-20 08:46:12,145 [pool-82-thread-1] INFO  server.RaftServerConfigKeys (ConfUtils.java:logGet(43)) - raft.server.snapshot.auto.trigger.threshold = 10000 (custom)
2019-09-20 08:46:12,145 [pool-82-thread-1] INFO  server.RaftServerConfigKeys (ConfUtils.java:logGet(43)) - raft.server.retrycache.expirytime = 600000ms (custom)
2019-09-20 08:46:12,145 [pool-82-thread-1] INFO  impl.RaftServerImpl (RaftServerImpl.java:start(180)) - 0d845cc3-b0d9-47c5-b935-74fa0be2c903: start group-356A3DFF11FA
2019-09-20 08:46:12,145 [pool-82-thread-1] INFO  impl.RaftServerImpl (RaftServerImpl.java:setRole(171)) - 0d845cc3-b0d9-47c5-b935-74fa0be2c903:group-356A3DFF11FA changes role from null to FOLLOWER at term 0 for startAsFollower
2019-09-20 08:46:12,146 [pool-82-thread-1] INFO  impl.RoleInfo (RoleInfo.java:updateAndGet(143)) - 0d845cc3-b0d9-47c5-b935-74fa0be2c903: start FollowerState
2019-09-20 08:46:12,146 [pool-82-thread-1] INFO  util.JmxRegister (JmxRegister.java:tryRegister(44)) - Successfully registered JMX Bean with object name Ratis:service=RaftServer,group=group-356A3DFF11FA,id=0d845cc3-b0d9-47c5-b935-74fa0be2c903
2019-09-20 08:46:12,149 [RatisPipelineUtilsThread] INFO  pipeline.PipelineStateManager (PipelineStateManager.java:addPipeline(56)) - Created pipeline Pipeline[ Id: 2595e68e-f669-4e3b-ba04-356a3dff11fa, Nodes: 0d845cc3-b0d9-47c5-b935-74fa0be2c903{ip: 192.168.36.79, host: pr-hdds-1569-s8kj2-2266485376, networkLocation: /default-rack, certSerialId: null}, Type:RATIS, Factor:ONE, State:OPEN]
2019-09-20 08:46:12,149 [RatisPipelineUtilsThread] INFO  pipeline.PipelinePlacementPolicy (PipelinePlacementPolicy.java:meetCriteria(91)) - Pipeline Placement: Doesn't meet the criteria to be viable node： a3bf3c1a-4063-48f8-b1bd-e321780611c4 Heaviness: 6 limit: 5
2019-09-20 08:46:12,150 [RatisPipelineUtilsThread] INFO  pipeline.PipelinePlacementPolicy (PipelinePlacementPolicy.java:meetCriteria(91)) - Pipeline Placement: Doesn't meet the criteria to be viable node： 0d845cc3-b0d9-47c5-b935-74fa0be2c903 Heaviness: 6 limit: 5
2019-09-20 08:46:12,150 [RatisPipelineUtilsThread] INFO  pipeline.PipelinePlacementPolicy (PipelinePlacementPolicy.java:meetCriteria(91)) - Pipeline Placement: Doesn't meet the criteria to be viable node： e997423e-4090-4042-87ee-7419d4cf7365 Heaviness: 6 limit: 5
2019-09-20 08:46:12,150 [RatisPipelineUtilsThread] INFO  pipeline.PipelinePlacementPolicy (PipelinePlacementPolicy.java:meetCriteria(91)) - Pipeline Placement: Doesn't meet the criteria to be viable node： 1e702f59-a831-439b-ba97-9c7e4d303d93 Heaviness: 6 limit: 5
2019-09-20 08:46:12,150 [RatisPipelineUtilsThread] INFO  pipeline.PipelinePlacementPolicy (PipelinePlacementPolicy.java:meetCriteria(91)) - Pipeline Placement: Doesn't meet the criteria to be viable node： 3ea69b51-ea1d-40b9-a82f-433a48a46bff Heaviness: 6 limit: 5
2019-09-20 08:46:12,150 [RatisPipelineUtilsThread] INFO  pipeline.PipelinePlacementPolicy (PipelinePlacementPolicy.java:meetCriteria(91)) - Pipeline Placement: Doesn't meet the criteria to be viable node： 4eb079c5-a63c-4d36-97af-76873864fc0c Heaviness: 6 limit: 5
2019-09-20 08:46:12,156 [grpc-default-executor-1] INFO  impl.RaftServerProxy (RaftServerProxy.java:addNew(89)) - d3d24c2e-887e-42af-9ac0-80e26c3dc807: addNew group-29D3BE3874AE:[d3d24c2e-887e-42af-9ac0-80e26c3dc807:192.168.36.79:46632] returns group-29D3BE3874AE:java.util.concurrent.CompletableFuture@3a9222cd[Not completed]
2019-09-20 08:46:12,157 [pool-104-thread-1] INFO  impl.RaftServerImpl (RaftServerImpl.java:<init>(93)) - d3d24c2e-887e-42af-9ac0-80e26c3dc807: new RaftServerImpl for group-29D3BE3874AE:[d3d24c2e-887e-42af-9ac0-80e26c3dc807:192.168.36.79:46632] with ContainerStateMachine:uninitialized
2019-09-20 08:46:12,157 [pool-104-thread-1] INFO  server.RaftServerConfigKeys (ConfUtils.java:logGet(43)) - raft.server.rpc.timeout.min = 5s (custom)
2019-09-20 08:46:12,157 [pool-104-thread-1] INFO  server.RaftServerConfigKeys (ConfUtils.java:logGet(43)) - raft.server.rpc.timeout.max = 5200ms (custom)
2019-09-20 08:46:12,157 [pool-104-thread-1] INFO  server.RaftServerConfigKeys (ConfUtils.java:logGet(43)) - raft.server.rpcslowness.timeout = 120s (custom)
2019-09-20 08:46:12,157 [pool-104-thread-1] INFO  server.RaftServerConfigKeys (ConfUtils.java:logGet(43)) - raft.server.sleep.deviation.threshold = 300 (default)
2019-09-20 08:46:12,157 [pool-104-thread-1] INFO  server.RaftServerConfigKeys (ConfUtils.java:logGet(43)) - raft.server.log.appender.install.snapshot.enabled = false (custom)
2019-09-20 08:46:12,158 [pool-104-thread-1] INFO  impl.RaftServerImpl (ServerState.java:<init>(105)) - d3d24c2e-887e-42af-9ac0-80e26c3dc807:group-29D3BE3874AE ConfigurationManager, init=-1: [d3d24c2e-887e-42af-9ac0-80e26c3dc807:192.168.36.79:46632], old=null, confs=<EMPTY_MAP>
2019-09-20 08:46:12,158 [pool-104-thread-1] INFO  server.RaftServerConfigKeys (ConfUtils.java:logGet(43)) - raft.server.storage.dir = [/workdir/hadoop-ozone/ozonefs/target/test-dir/MiniOzoneClusterImpl-da5888fd-c692-4355-82c4-91aa98cbf569/datanode-7/data/ratis] (custom)
2019-09-20 08:46:12,158 [pool-104-thread-1] INFO  storage.RaftStorageDirectory (RaftStorageDirectory.java:analyzeStorage(246)) - The storage directory /workdir/hadoop-ozone/ozonefs/target/test-dir/MiniOzoneClusterImpl-da5888fd-c692-4355-82c4-91aa98cbf569/datanode-7/data/ratis/bec1b8c5-6003-44e7-86da-29d3be3874ae does not exist. Creating ...
2019-09-20 08:46:12,191 [pool-104-thread-1] INFO  storage.RaftStorageDirectory (RaftStorageDirectory.java:tryLock(328)) - Lock on /workdir/hadoop-ozone/ozonefs/target/test-dir/MiniOzoneClusterImpl-da5888fd-c692-4355-82c4-91aa98cbf569/datanode-7/data/ratis/bec1b8c5-6003-44e7-86da-29d3be3874ae/in_use.lock acquired by nodename 7820@pr-hdds-1569-s8kj2-2266485376
2019-09-20 08:46:12,217 [pool-104-thread-1] INFO  storage.RaftStorage (RaftStorage.java:format(72)) - Storage directory /workdir/hadoop-ozone/ozonefs/target/test-dir/MiniOzoneClusterImpl-da5888fd-c692-4355-82c4-91aa98cbf569/datanode-7/data/ratis/bec1b8c5-6003-44e7-86da-29d3be3874ae has been successfully formatted.
2019-09-20 08:46:12,217 [pool-104-thread-1] INFO  ratis.ContainerStateMachine (ContainerStateMachine.java:loadSnapshot(226)) - group-29D3BE3874AE: The snapshot info is null. Setting the last applied indexto:(t:0, i:~)
2019-09-20 08:46:12,217 [pool-104-thread-1] INFO  server.RaftServerConfigKeys (ConfUtils.java:logGet(43)) - raft.server.leader.election.timeout = 120s (custom)
2019-09-20 08:46:12,218 [pool-104-thread-1] INFO  server.RaftServerConfigKeys (ConfUtils.java:logGet(43)) - raft.server.log.use.memory = false (default)
2019-09-20 08:46:12,218 [pool-104-thread-1] INFO  server.RaftServerConfigKeys (ConfUtils.java:logGet(43)) - raft.server.log.purge.gap = 1000000 (custom)
2019-09-20 08:46:12,218 [pool-104-thread-1] INFO  server.RaftServerConfigKeys (ConfUtils.java:logGet(43)) - raft.server.log.appender.buffer.byte-limit = 33554432 (custom)
2019-09-20 08:46:12,218 [pool-104-thread-1] INFO  server.RaftServerConfigKeys (ConfUtils.java:logGet(43)) - raft.server.log.segment.size.max = 1048576 (custom)
2019-09-20 08:46:12,218 [pool-104-thread-1] INFO  server.RaftServerConfigKeys (ConfUtils.java:logGet(43)) - raft.server.log.segment.cache.num.max = 2 (custom)
2019-09-20 08:46:12,218 [pool-104-thread-1] INFO  segmented.SegmentedRaftLogWorker (SegmentedRaftLogWorker.java:<init>(172)) - new d3d24c2e-887e-42af-9ac0-80e26c3dc807-SegmentedRaftLogWorker:Storage Directory /workdir/hadoop-ozone/ozonefs/target/test-dir/MiniOzoneClusterImpl-da5888fd-c692-4355-82c4-91aa98cbf569/datanode-7/data/ratis/bec1b8c5-6003-44e7-86da-29d3be3874ae for RaftStorage:Storage Directory /workdir/hadoop-ozone/ozonefs/target/test-dir/MiniOzoneClusterImpl-da5888fd-c692-4355-82c4-91aa98cbf569/datanode-7/data/ratis/bec1b8c5-6003-44e7-86da-29d3be3874ae
2019-09-20 08:46:12,219 [pool-104-thread-1] INFO  server.RaftServerConfigKeys (ConfUtils.java:logGet(43)) - raft.server.log.queue.byte-limit = 2147483647 (custom)
2019-09-20 08:46:12,219 [pool-104-thread-1] INFO  server.RaftServerConfigKeys (ConfUtils.java:logGet(43)) - raft.server.log.queue.element-limit = 1024 (custom)
2019-09-20 08:46:12,219 [pool-104-thread-1] INFO  server.RaftServerConfigKeys (ConfUtils.java:logGet(43)) - raft.server.log.segment.size.max = 1048576 (custom)
2019-09-20 08:46:12,219 [pool-104-thread-1] INFO  server.RaftServerConfigKeys (ConfUtils.java:logGet(43)) - raft.server.log.preallocated.size = 16384 (custom)
2019-09-20 08:46:12,219 [pool-104-thread-1] INFO  server.RaftServerConfigKeys (ConfUtils.java:logGet(43)) - raft.server.log.write.buffer.size = 33554432 (custom)
2019-09-20 08:46:12,219 [pool-104-thread-1] INFO  server.RaftServerConfigKeys (ConfUtils.java:logGet(43)) - raft.server.log.force.sync.num = 128 (default)
2019-09-20 08:46:12,220 [pool-104-thread-1] INFO  server.RaftServerConfigKeys (ConfUtils.java:logGet(43)) - raft.server.log.statemachine.data.sync = true (default)
2019-09-20 08:46:12,220 [pool-104-thread-1] INFO  server.RaftServerConfigKeys (ConfUtils.java:logGet(43)) - raft.server.log.statemachine.data.sync.timeout = 10s (default)
2019-09-20 08:46:12,220 [pool-104-thread-1] INFO  server.RaftServerConfigKeys (ConfUtils.java:logGet(43)) - raft.server.log.statemachine.data.sync.timeout.retry = -1 (default)
2019-09-20 08:46:12,220 [pool-104-thread-1] INFO  server.RaftServerConfigKeys (ConfUtils.java:logGet(43)) - raft.server.log.statemachine.data.caching.enabled = true (custom)
2019-09-20 08:46:12,220 [pool-104-thread-1] INFO  segmented.SegmentedRaftLogWorker (SegmentedRaftLogWorker.java:lambda$new$0(132)) - d3d24c2e-887e-42af-9ac0-80e26c3dc807-SegmentedRaftLogWorker:Storage Directory /workdir/hadoop-ozone/ozonefs/target/test-dir/MiniOzoneClusterImpl-da5888fd-c692-4355-82c4-91aa98cbf569/datanode-7/data/ratis/bec1b8c5-6003-44e7-86da-29d3be3874ae: flushIndex: setUnconditionally 0 -> -1
2019-09-20 08:46:12,221 [pool-104-thread-1] INFO  server.RaftServerConfigKeys (ConfUtils.java:logGet(43)) - raft.server.snapshot.auto.trigger.enabled = true (custom)
2019-09-20 08:46:12,221 [pool-104-thread-1] INFO  server.RaftServerConfigKeys (ConfUtils.java:logGet(43)) - raft.server.snapshot.auto.trigger.threshold = 10000 (custom)
2019-09-20 08:46:12,221 [pool-104-thread-1] INFO  server.RaftServerConfigKeys (ConfUtils.java:logGet(43)) - raft.server.retrycache.expirytime = 600000ms (custom)
2019-09-20 08:46:12,221 [pool-104-thread-1] INFO  impl.RaftServerImpl (RaftServerImpl.java:start(180)) - d3d24c2e-887e-42af-9ac0-80e26c3dc807: start group-29D3BE3874AE
2019-09-20 08:46:12,221 [pool-104-thread-1] INFO  impl.RaftServerImpl (RaftServerImpl.java:setRole(171)) - d3d24c2e-887e-42af-9ac0-80e26c3dc807:group-29D3BE3874AE changes role from null to FOLLOWER at term 0 for startAsFollower
2019-09-20 08:46:12,222 [pool-104-thread-1] INFO  impl.RoleInfo (RoleInfo.java:updateAndGet(143)) - d3d24c2e-887e-42af-9ac0-80e26c3dc807: start FollowerState
2019-09-20 08:46:12,222 [pool-104-thread-1] INFO  util.JmxRegister (JmxRegister.java:tryRegister(44)) - Successfully registered JMX Bean with object name Ratis:service=RaftServer,group=group-29D3BE3874AE,id=d3d24c2e-887e-42af-9ac0-80e26c3dc807
2019-09-20 08:46:12,225 [RatisPipelineUtilsThread] INFO  pipeline.PipelineStateManager (PipelineStateManager.java:addPipeline(56)) - Created pipeline Pipeline[ Id: bec1b8c5-6003-44e7-86da-29d3be3874ae, Nodes: d3d24c2e-887e-42af-9ac0-80e26c3dc807{ip: 192.168.36.79, host: pr-hdds-1569-s8kj2-2266485376, networkLocation: /default-rack, certSerialId: null}, Type:RATIS, Factor:ONE, State:OPEN]
2019-09-20 08:46:12,225 [RatisPipelineUtilsThread] INFO  pipeline.PipelinePlacementPolicy (PipelinePlacementPolicy.java:meetCriteria(91)) - Pipeline Placement: Doesn't meet the criteria to be viable node： a3bf3c1a-4063-48f8-b1bd-e321780611c4 Heaviness: 6 limit: 5
2019-09-20 08:46:12,225 [RatisPipelineUtilsThread] INFO  pipeline.PipelinePlacementPolicy (PipelinePlacementPolicy.java:meetCriteria(91)) - Pipeline Placement: Doesn't meet the criteria to be viable node： 0d845cc3-b0d9-47c5-b935-74fa0be2c903 Heaviness: 6 limit: 5
2019-09-20 08:46:12,226 [RatisPipelineUtilsThread] INFO  pipeline.PipelinePlacementPolicy (PipelinePlacementPolicy.java:meetCriteria(91)) - Pipeline Placement: Doesn't meet the criteria to be viable node： e997423e-4090-4042-87ee-7419d4cf7365 Heaviness: 6 limit: 5
2019-09-20 08:46:12,226 [RatisPipelineUtilsThread] INFO  pipeline.PipelinePlacementPolicy (PipelinePlacementPolicy.java:meetCriteria(91)) - Pipeline Placement: Doesn't meet the criteria to be viable node： 1e702f59-a831-439b-ba97-9c7e4d303d93 Heaviness: 6 limit: 5
2019-09-20 08:46:12,226 [RatisPipelineUtilsThread] INFO  pipeline.PipelinePlacementPolicy (PipelinePlacementPolicy.java:meetCriteria(91)) - Pipeline Placement: Doesn't meet the criteria to be viable node： 3ea69b51-ea1d-40b9-a82f-433a48a46bff Heaviness: 6 limit: 5
2019-09-20 08:46:12,226 [RatisPipelineUtilsThread] INFO  pipeline.PipelinePlacementPolicy (PipelinePlacementPolicy.java:meetCriteria(91)) - Pipeline Placement: Doesn't meet the criteria to be viable node： 4eb079c5-a63c-4d36-97af-76873864fc0c Heaviness: 6 limit: 5
2019-09-20 08:46:12,232 [grpc-default-executor-1] INFO  impl.RaftServerProxy (RaftServerProxy.java:addNew(89)) - d3d24c2e-887e-42af-9ac0-80e26c3dc807: addNew group-032342BC2ED5:[d3d24c2e-887e-42af-9ac0-80e26c3dc807:192.168.36.79:46632] returns group-032342BC2ED5:java.util.concurrent.CompletableFuture@752d7acb[Not completed]
2019-09-20 08:46:12,233 [pool-104-thread-1] INFO  impl.RaftServerImpl (RaftServerImpl.java:<init>(93)) - d3d24c2e-887e-42af-9ac0-80e26c3dc807: new RaftServerImpl for group-032342BC2ED5:[d3d24c2e-887e-42af-9ac0-80e26c3dc807:192.168.36.79:46632] with ContainerStateMachine:uninitialized
2019-09-20 08:46:12,233 [pool-104-thread-1] INFO  server.RaftServerConfigKeys (ConfUtils.java:logGet(43)) - raft.server.rpc.timeout.min = 5s (custom)
2019-09-20 08:46:12,233 [pool-104-thread-1] INFO  server.RaftServerConfigKeys (ConfUtils.java:logGet(43)) - raft.server.rpc.timeout.max = 5200ms (custom)
2019-09-20 08:46:12,233 [pool-104-thread-1] INFO  server.RaftServerConfigKeys (ConfUtils.java:logGet(43)) - raft.server.rpcslowness.timeout = 120s (custom)
2019-09-20 08:46:12,233 [pool-104-thread-1] INFO  server.RaftServerConfigKeys (ConfUtils.java:logGet(43)) - raft.server.sleep.deviation.threshold = 300 (default)
2019-09-20 08:46:12,234 [pool-104-thread-1] INFO  server.RaftServerConfigKeys (ConfUtils.java:logGet(43)) - raft.server.log.appender.install.snapshot.enabled = false (custom)
2019-09-20 08:46:12,234 [pool-104-thread-1] INFO  impl.RaftServerImpl (ServerState.java:<init>(105)) - d3d24c2e-887e-42af-9ac0-80e26c3dc807:group-032342BC2ED5 ConfigurationManager, init=-1: [d3d24c2e-887e-42af-9ac0-80e26c3dc807:192.168.36.79:46632], old=null, confs=<EMPTY_MAP>
2019-09-20 08:46:12,234 [pool-104-thread-1] INFO  server.RaftServerConfigKeys (ConfUtils.java:logGet(43)) - raft.server.storage.dir = [/workdir/hadoop-ozone/ozonefs/target/test-dir/MiniOzoneClusterImpl-da5888fd-c692-4355-82c4-91aa98cbf569/datanode-7/data/ratis] (custom)
2019-09-20 08:46:12,234 [pool-104-thread-1] INFO  storage.RaftStorageDirectory (RaftStorageDirectory.java:analyzeStorage(246)) - The storage directory /workdir/hadoop-ozone/ozonefs/target/test-dir/MiniOzoneClusterImpl-da5888fd-c692-4355-82c4-91aa98cbf569/datanode-7/data/ratis/07aba8e3-5a09-4c4a-9394-032342bc2ed5 does not exist. Creating ...
2019-09-20 08:46:12,259 [pool-104-thread-1] INFO  storage.RaftStorageDirectory (RaftStorageDirectory.java:tryLock(328)) - Lock on /workdir/hadoop-ozone/ozonefs/target/test-dir/MiniOzoneClusterImpl-da5888fd-c692-4355-82c4-91aa98cbf569/datanode-7/data/ratis/07aba8e3-5a09-4c4a-9394-032342bc2ed5/in_use.lock acquired by nodename 7820@pr-hdds-1569-s8kj2-2266485376
2019-09-20 08:46:12,284 [pool-104-thread-1] INFO  storage.RaftStorage (RaftStorage.java:format(72)) - Storage directory /workdir/hadoop-ozone/ozonefs/target/test-dir/MiniOzoneClusterImpl-da5888fd-c692-4355-82c4-91aa98cbf569/datanode-7/data/ratis/07aba8e3-5a09-4c4a-9394-032342bc2ed5 has been successfully formatted.
2019-09-20 08:46:12,285 [pool-104-thread-1] INFO  ratis.ContainerStateMachine (ContainerStateMachine.java:loadSnapshot(226)) - group-032342BC2ED5: The snapshot info is null. Setting the last applied indexto:(t:0, i:~)
2019-09-20 08:46:12,285 [pool-104-thread-1] INFO  server.RaftServerConfigKeys (ConfUtils.java:logGet(43)) - raft.server.leader.election.timeout = 120s (custom)
2019-09-20 08:46:12,285 [pool-104-thread-1] INFO  server.RaftServerConfigKeys (ConfUtils.java:logGet(43)) - raft.server.log.use.memory = false (default)
2019-09-20 08:46:12,285 [pool-104-thread-1] INFO  server.RaftServerConfigKeys (ConfUtils.java:logGet(43)) - raft.server.log.purge.gap = 1000000 (custom)
2019-09-20 08:46:12,285 [pool-104-thread-1] INFO  server.RaftServerConfigKeys (ConfUtils.java:logGet(43)) - raft.server.log.appender.buffer.byte-limit = 33554432 (custom)
2019-09-20 08:46:12,286 [pool-104-thread-1] INFO  server.RaftServerConfigKeys (ConfUtils.java:logGet(43)) - raft.server.log.segment.size.max = 1048576 (custom)
2019-09-20 08:46:12,286 [pool-104-thread-1] INFO  server.RaftServerConfigKeys (ConfUtils.java:logGet(43)) - raft.server.log.segment.cache.num.max = 2 (custom)
2019-09-20 08:46:12,286 [pool-104-thread-1] INFO  segmented.SegmentedRaftLogWorker (SegmentedRaftLogWorker.java:<init>(172)) - new d3d24c2e-887e-42af-9ac0-80e26c3dc807-SegmentedRaftLogWorker:Storage Directory /workdir/hadoop-ozone/ozonefs/target/test-dir/MiniOzoneClusterImpl-da5888fd-c692-4355-82c4-91aa98cbf569/datanode-7/data/ratis/07aba8e3-5a09-4c4a-9394-032342bc2ed5 for RaftStorage:Storage Directory /workdir/hadoop-ozone/ozonefs/target/test-dir/MiniOzoneClusterImpl-da5888fd-c692-4355-82c4-91aa98cbf569/datanode-7/data/ratis/07aba8e3-5a09-4c4a-9394-032342bc2ed5
2019-09-20 08:46:12,286 [pool-104-thread-1] INFO  server.RaftServerConfigKeys (ConfUtils.java:logGet(43)) - raft.server.log.queue.byte-limit = 2147483647 (custom)
2019-09-20 08:46:12,286 [pool-104-thread-1] INFO  server.RaftServerConfigKeys (ConfUtils.java:logGet(43)) - raft.server.log.queue.element-limit = 1024 (custom)
2019-09-20 08:46:12,286 [pool-104-thread-1] INFO  server.RaftServerConfigKeys (ConfUtils.java:logGet(43)) - raft.server.log.segment.size.max = 1048576 (custom)
2019-09-20 08:46:12,287 [pool-104-thread-1] INFO  server.RaftServerConfigKeys (ConfUtils.java:logGet(43)) - raft.server.log.preallocated.size = 16384 (custom)
2019-09-20 08:46:12,287 [pool-104-thread-1] INFO  server.RaftServerConfigKeys (ConfUtils.java:logGet(43)) - raft.server.log.write.buffer.size = 33554432 (custom)
2019-09-20 08:46:12,287 [pool-104-thread-1] INFO  server.RaftServerConfigKeys (ConfUtils.java:logGet(43)) - raft.server.log.force.sync.num = 128 (default)
2019-09-20 08:46:12,287 [pool-104-thread-1] INFO  server.RaftServerConfigKeys (ConfUtils.java:logGet(43)) - raft.server.log.statemachine.data.sync = true (default)
2019-09-20 08:46:12,287 [pool-104-thread-1] INFO  server.RaftServerConfigKeys (ConfUtils.java:logGet(43)) - raft.server.log.statemachine.data.sync.timeout = 10s (default)
2019-09-20 08:46:12,287 [pool-104-thread-1] INFO  server.RaftServerConfigKeys (ConfUtils.java:logGet(43)) - raft.server.log.statemachine.data.sync.timeout.retry = -1 (default)
2019-09-20 08:46:12,288 [pool-104-thread-1] INFO  server.RaftServerConfigKeys (ConfUtils.java:logGet(43)) - raft.server.log.statemachine.data.caching.enabled = true (custom)
2019-09-20 08:46:12,288 [pool-104-thread-1] INFO  segmented.SegmentedRaftLogWorker (SegmentedRaftLogWorker.java:lambda$new$0(132)) - d3d24c2e-887e-42af-9ac0-80e26c3dc807-SegmentedRaftLogWorker:Storage Directory /workdir/hadoop-ozone/ozonefs/target/test-dir/MiniOzoneClusterImpl-da5888fd-c692-4355-82c4-91aa98cbf569/datanode-7/data/ratis/07aba8e3-5a09-4c4a-9394-032342bc2ed5: flushIndex: setUnconditionally 0 -> -1
2019-09-20 08:46:12,288 [pool-104-thread-1] INFO  server.RaftServerConfigKeys (ConfUtils.java:logGet(43)) - raft.server.snapshot.auto.trigger.enabled = true (custom)
2019-09-20 08:46:12,288 [pool-104-thread-1] INFO  server.RaftServerConfigKeys (ConfUtils.java:logGet(43)) - raft.server.snapshot.auto.trigger.threshold = 10000 (custom)
2019-09-20 08:46:12,289 [pool-104-thread-1] INFO  server.RaftServerConfigKeys (ConfUtils.java:logGet(43)) - raft.server.retrycache.expirytime = 600000ms (custom)
2019-09-20 08:46:12,289 [pool-104-thread-1] INFO  impl.RaftServerImpl (RaftServerImpl.java:start(180)) - d3d24c2e-887e-42af-9ac0-80e26c3dc807: start group-032342BC2ED5
2019-09-20 08:46:12,289 [pool-104-thread-1] INFO  impl.RaftServerImpl (RaftServerImpl.java:setRole(171)) - d3d24c2e-887e-42af-9ac0-80e26c3dc807:group-032342BC2ED5 changes role from null to FOLLOWER at term 0 for startAsFollower
2019-09-20 08:46:12,289 [pool-104-thread-1] INFO  impl.RoleInfo (RoleInfo.java:updateAndGet(143)) - d3d24c2e-887e-42af-9ac0-80e26c3dc807: start FollowerState
2019-09-20 08:46:12,290 [pool-104-thread-1] INFO  util.JmxRegister (JmxRegister.java:tryRegister(44)) - Successfully registered JMX Bean with object name Ratis:service=RaftServer,group=group-032342BC2ED5,id=d3d24c2e-887e-42af-9ac0-80e26c3dc807
2019-09-20 08:46:12,292 [RatisPipelineUtilsThread] INFO  pipeline.PipelineStateManager (PipelineStateManager.java:addPipeline(56)) - Created pipeline Pipeline[ Id: 07aba8e3-5a09-4c4a-9394-032342bc2ed5, Nodes: d3d24c2e-887e-42af-9ac0-80e26c3dc807{ip: 192.168.36.79, host: pr-hdds-1569-s8kj2-2266485376, networkLocation: /default-rack, certSerialId: null}, Type:RATIS, Factor:ONE, State:OPEN]
2019-09-20 08:46:12,292 [RatisPipelineUtilsThread] INFO  pipeline.PipelinePlacementPolicy (PipelinePlacementPolicy.java:meetCriteria(91)) - Pipeline Placement: Doesn't meet the criteria to be viable node： a3bf3c1a-4063-48f8-b1bd-e321780611c4 Heaviness: 6 limit: 5
2019-09-20 08:46:12,293 [RatisPipelineUtilsThread] INFO  pipeline.PipelinePlacementPolicy (PipelinePlacementPolicy.java:meetCriteria(91)) - Pipeline Placement: Doesn't meet the criteria to be viable node： 0d845cc3-b0d9-47c5-b935-74fa0be2c903 Heaviness: 6 limit: 5
2019-09-20 08:46:12,293 [RatisPipelineUtilsThread] INFO  pipeline.PipelinePlacementPolicy (PipelinePlacementPolicy.java:meetCriteria(91)) - Pipeline Placement: Doesn't meet the criteria to be viable node： e997423e-4090-4042-87ee-7419d4cf7365 Heaviness: 6 limit: 5
2019-09-20 08:46:12,293 [RatisPipelineUtilsThread] INFO  pipeline.PipelinePlacementPolicy (PipelinePlacementPolicy.java:meetCriteria(91)) - Pipeline Placement: Doesn't meet the criteria to be viable node： 1e702f59-a831-439b-ba97-9c7e4d303d93 Heaviness: 6 limit: 5
2019-09-20 08:46:12,293 [RatisPipelineUtilsThread] INFO  pipeline.PipelinePlacementPolicy (PipelinePlacementPolicy.java:meetCriteria(91)) - Pipeline Placement: Doesn't meet the criteria to be viable node： 3ea69b51-ea1d-40b9-a82f-433a48a46bff Heaviness: 6 limit: 5
2019-09-20 08:46:12,293 [RatisPipelineUtilsThread] INFO  pipeline.PipelinePlacementPolicy (PipelinePlacementPolicy.java:meetCriteria(91)) - Pipeline Placement: Doesn't meet the criteria to be viable node： 4eb079c5-a63c-4d36-97af-76873864fc0c Heaviness: 6 limit: 5
2019-09-20 08:46:12,299 [grpc-default-executor-1] INFO  impl.RaftServerProxy (RaftServerProxy.java:addNew(89)) - d3d24c2e-887e-42af-9ac0-80e26c3dc807: addNew group-ECF9F0BD6B3D:[d3d24c2e-887e-42af-9ac0-80e26c3dc807:192.168.36.79:46632] returns group-ECF9F0BD6B3D:java.util.concurrent.CompletableFuture@6f8f5295[Not completed]
2019-09-20 08:46:12,300 [pool-104-thread-1] INFO  impl.RaftServerImpl (RaftServerImpl.java:<init>(93)) - d3d24c2e-887e-42af-9ac0-80e26c3dc807: new RaftServerImpl for group-ECF9F0BD6B3D:[d3d24c2e-887e-42af-9ac0-80e26c3dc807:192.168.36.79:46632] with ContainerStateMachine:uninitialized
2019-09-20 08:46:12,300 [pool-104-thread-1] INFO  server.RaftServerConfigKeys (ConfUtils.java:logGet(43)) - raft.server.rpc.timeout.min = 5s (custom)
2019-09-20 08:46:12,300 [pool-104-thread-1] INFO  server.RaftServerConfigKeys (ConfUtils.java:logGet(43)) - raft.server.rpc.timeout.max = 5200ms (custom)
2019-09-20 08:46:12,300 [pool-104-thread-1] INFO  server.RaftServerConfigKeys (ConfUtils.java:logGet(43)) - raft.server.rpcslowness.timeout = 120s (custom)
2019-09-20 08:46:12,300 [pool-104-thread-1] INFO  server.RaftServerConfigKeys (ConfUtils.java:logGet(43)) - raft.server.sleep.deviation.threshold = 300 (default)
2019-09-20 08:46:12,300 [pool-104-thread-1] INFO  server.RaftServerConfigKeys (ConfUtils.java:logGet(43)) - raft.server.log.appender.install.snapshot.enabled = false (custom)
2019-09-20 08:46:12,301 [pool-104-thread-1] INFO  impl.RaftServerImpl (ServerState.java:<init>(105)) - d3d24c2e-887e-42af-9ac0-80e26c3dc807:group-ECF9F0BD6B3D ConfigurationManager, init=-1: [d3d24c2e-887e-42af-9ac0-80e26c3dc807:192.168.36.79:46632], old=null, confs=<EMPTY_MAP>
2019-09-20 08:46:12,301 [pool-104-thread-1] INFO  server.RaftServerConfigKeys (ConfUtils.java:logGet(43)) - raft.server.storage.dir = [/workdir/hadoop-ozone/ozonefs/target/test-dir/MiniOzoneClusterImpl-da5888fd-c692-4355-82c4-91aa98cbf569/datanode-7/data/ratis] (custom)
2019-09-20 08:46:12,301 [pool-104-thread-1] INFO  storage.RaftStorageDirectory (RaftStorageDirectory.java:analyzeStorage(246)) - The storage directory /workdir/hadoop-ozone/ozonefs/target/test-dir/MiniOzoneClusterImpl-da5888fd-c692-4355-82c4-91aa98cbf569/datanode-7/data/ratis/80019530-f7d6-453c-bc3b-ecf9f0bd6b3d does not exist. Creating ...
2019-09-20 08:46:12,326 [pool-104-thread-1] INFO  storage.RaftStorageDirectory (RaftStorageDirectory.java:tryLock(328)) - Lock on /workdir/hadoop-ozone/ozonefs/target/test-dir/MiniOzoneClusterImpl-da5888fd-c692-4355-82c4-91aa98cbf569/datanode-7/data/ratis/80019530-f7d6-453c-bc3b-ecf9f0bd6b3d/in_use.lock acquired by nodename 7820@pr-hdds-1569-s8kj2-2266485376
2019-09-20 08:46:12,330 | INFO  | SCMAudit | user=jenkins1000 | ip=192.168.36.79 | op=SEND_HEARTBEAT {datanodeUUID=d3d24c2e-887e-42af-9ac0-80e26c3dc807, command=[]} | ret=SUCCESS |  
2019-09-20 08:46:12,352 [pool-104-thread-1] INFO  storage.RaftStorage (RaftStorage.java:format(72)) - Storage directory /workdir/hadoop-ozone/ozonefs/target/test-dir/MiniOzoneClusterImpl-da5888fd-c692-4355-82c4-91aa98cbf569/datanode-7/data/ratis/80019530-f7d6-453c-bc3b-ecf9f0bd6b3d has been successfully formatted.
2019-09-20 08:46:12,352 [pool-104-thread-1] INFO  ratis.ContainerStateMachine (ContainerStateMachine.java:loadSnapshot(226)) - group-ECF9F0BD6B3D: The snapshot info is null. Setting the last applied indexto:(t:0, i:~)
2019-09-20 08:46:12,352 [pool-104-thread-1] INFO  server.RaftServerConfigKeys (ConfUtils.java:logGet(43)) - raft.server.leader.election.timeout = 120s (custom)
2019-09-20 08:46:12,352 [pool-104-thread-1] INFO  server.RaftServerConfigKeys (ConfUtils.java:logGet(43)) - raft.server.log.use.memory = false (default)
2019-09-20 08:46:12,352 [pool-104-thread-1] INFO  server.RaftServerConfigKeys (ConfUtils.java:logGet(43)) - raft.server.log.purge.gap = 1000000 (custom)
2019-09-20 08:46:12,352 [pool-104-thread-1] INFO  server.RaftServerConfigKeys (ConfUtils.java:logGet(43)) - raft.server.log.appender.buffer.byte-limit = 33554432 (custom)
2019-09-20 08:46:12,353 [pool-104-thread-1] INFO  server.RaftServerConfigKeys (ConfUtils.java:logGet(43)) - raft.server.log.segment.size.max = 1048576 (custom)
2019-09-20 08:46:12,353 [pool-104-thread-1] INFO  server.RaftServerConfigKeys (ConfUtils.java:logGet(43)) - raft.server.log.segment.cache.num.max = 2 (custom)
2019-09-20 08:46:12,353 [pool-104-thread-1] INFO  segmented.SegmentedRaftLogWorker (SegmentedRaftLogWorker.java:<init>(172)) - new d3d24c2e-887e-42af-9ac0-80e26c3dc807-SegmentedRaftLogWorker:Storage Directory /workdir/hadoop-ozone/ozonefs/target/test-dir/MiniOzoneClusterImpl-da5888fd-c692-4355-82c4-91aa98cbf569/datanode-7/data/ratis/80019530-f7d6-453c-bc3b-ecf9f0bd6b3d for RaftStorage:Storage Directory /workdir/hadoop-ozone/ozonefs/target/test-dir/MiniOzoneClusterImpl-da5888fd-c692-4355-82c4-91aa98cbf569/datanode-7/data/ratis/80019530-f7d6-453c-bc3b-ecf9f0bd6b3d
2019-09-20 08:46:12,353 [pool-104-thread-1] INFO  server.RaftServerConfigKeys (ConfUtils.java:logGet(43)) - raft.server.log.queue.byte-limit = 2147483647 (custom)
2019-09-20 08:46:12,353 [pool-104-thread-1] INFO  server.RaftServerConfigKeys (ConfUtils.java:logGet(43)) - raft.server.log.queue.element-limit = 1024 (custom)
2019-09-20 08:46:12,353 [pool-104-thread-1] INFO  server.RaftServerConfigKeys (ConfUtils.java:logGet(43)) - raft.server.log.segment.size.max = 1048576 (custom)
2019-09-20 08:46:12,354 [pool-104-thread-1] INFO  server.RaftServerConfigKeys (ConfUtils.java:logGet(43)) - raft.server.log.preallocated.size = 16384 (custom)
2019-09-20 08:46:12,354 [pool-104-thread-1] INFO  server.RaftServerConfigKeys (ConfUtils.java:logGet(43)) - raft.server.log.write.buffer.size = 33554432 (custom)
2019-09-20 08:46:12,354 [pool-104-thread-1] INFO  server.RaftServerConfigKeys (ConfUtils.java:logGet(43)) - raft.server.log.force.sync.num = 128 (default)
2019-09-20 08:46:12,354 [pool-104-thread-1] INFO  server.RaftServerConfigKeys (ConfUtils.java:logGet(43)) - raft.server.log.statemachine.data.sync = true (default)
2019-09-20 08:46:12,354 [pool-104-thread-1] INFO  server.RaftServerConfigKeys (ConfUtils.java:logGet(43)) - raft.server.log.statemachine.data.sync.timeout = 10s (default)
2019-09-20 08:46:12,354 [pool-104-thread-1] INFO  server.RaftServerConfigKeys (ConfUtils.java:logGet(43)) - raft.server.log.statemachine.data.sync.timeout.retry = -1 (default)
2019-09-20 08:46:12,354 [pool-104-thread-1] INFO  server.RaftServerConfigKeys (ConfUtils.java:logGet(43)) - raft.server.log.statemachine.data.caching.enabled = true (custom)
2019-09-20 08:46:12,355 [pool-104-thread-1] INFO  segmented.SegmentedRaftLogWorker (SegmentedRaftLogWorker.java:lambda$new$0(132)) - d3d24c2e-887e-42af-9ac0-80e26c3dc807-SegmentedRaftLogWorker:Storage Directory /workdir/hadoop-ozone/ozonefs/target/test-dir/MiniOzoneClusterImpl-da5888fd-c692-4355-82c4-91aa98cbf569/datanode-7/data/ratis/80019530-f7d6-453c-bc3b-ecf9f0bd6b3d: flushIndex: setUnconditionally 0 -> -1
2019-09-20 08:46:12,355 [pool-104-thread-1] INFO  server.RaftServerConfigKeys (ConfUtils.java:logGet(43)) - raft.server.snapshot.auto.trigger.enabled = true (custom)
2019-09-20 08:46:12,355 [pool-104-thread-1] INFO  server.RaftServerConfigKeys (ConfUtils.java:logGet(43)) - raft.server.snapshot.auto.trigger.threshold = 10000 (custom)
2019-09-20 08:46:12,355 [pool-104-thread-1] INFO  server.RaftServerConfigKeys (ConfUtils.java:logGet(43)) - raft.server.retrycache.expirytime = 600000ms (custom)
2019-09-20 08:46:12,355 [pool-104-thread-1] INFO  impl.RaftServerImpl (RaftServerImpl.java:start(180)) - d3d24c2e-887e-42af-9ac0-80e26c3dc807: start group-ECF9F0BD6B3D
2019-09-20 08:46:12,356 [pool-104-thread-1] INFO  impl.RaftServerImpl (RaftServerImpl.java:setRole(171)) - d3d24c2e-887e-42af-9ac0-80e26c3dc807:group-ECF9F0BD6B3D changes role from null to FOLLOWER at term 0 for startAsFollower
2019-09-20 08:46:12,356 [pool-104-thread-1] INFO  impl.RoleInfo (RoleInfo.java:updateAndGet(143)) - d3d24c2e-887e-42af-9ac0-80e26c3dc807: start FollowerState
2019-09-20 08:46:12,356 [pool-104-thread-1] INFO  util.JmxRegister (JmxRegister.java:tryRegister(44)) - Successfully registered JMX Bean with object name Ratis:service=RaftServer,group=group-ECF9F0BD6B3D,id=d3d24c2e-887e-42af-9ac0-80e26c3dc807
2019-09-20 08:46:12,358 [RatisPipelineUtilsThread] INFO  pipeline.PipelineStateManager (PipelineStateManager.java:addPipeline(56)) - Created pipeline Pipeline[ Id: 80019530-f7d6-453c-bc3b-ecf9f0bd6b3d, Nodes: d3d24c2e-887e-42af-9ac0-80e26c3dc807{ip: 192.168.36.79, host: pr-hdds-1569-s8kj2-2266485376, networkLocation: /default-rack, certSerialId: null}, Type:RATIS, Factor:ONE, State:OPEN]
2019-09-20 08:46:12,359 [RatisPipelineUtilsThread] INFO  pipeline.PipelinePlacementPolicy (PipelinePlacementPolicy.java:meetCriteria(91)) - Pipeline Placement: Doesn't meet the criteria to be viable node： a3bf3c1a-4063-48f8-b1bd-e321780611c4 Heaviness: 6 limit: 5
2019-09-20 08:46:12,359 [RatisPipelineUtilsThread] INFO  pipeline.PipelinePlacementPolicy (PipelinePlacementPolicy.java:meetCriteria(91)) - Pipeline Placement: Doesn't meet the criteria to be viable node： 0d845cc3-b0d9-47c5-b935-74fa0be2c903 Heaviness: 6 limit: 5
2019-09-20 08:46:12,359 [RatisPipelineUtilsThread] INFO  pipeline.PipelinePlacementPolicy (PipelinePlacementPolicy.java:meetCriteria(91)) - Pipeline Placement: Doesn't meet the criteria to be viable node： e997423e-4090-4042-87ee-7419d4cf7365 Heaviness: 6 limit: 5
2019-09-20 08:46:12,359 [RatisPipelineUtilsThread] INFO  pipeline.PipelinePlacementPolicy (PipelinePlacementPolicy.java:meetCriteria(91)) - Pipeline Placement: Doesn't meet the criteria to be viable node： 1e702f59-a831-439b-ba97-9c7e4d303d93 Heaviness: 6 limit: 5
2019-09-20 08:46:12,359 [RatisPipelineUtilsThread] INFO  pipeline.PipelinePlacementPolicy (PipelinePlacementPolicy.java:meetCriteria(91)) - Pipeline Placement: Doesn't meet the criteria to be viable node： 3ea69b51-ea1d-40b9-a82f-433a48a46bff Heaviness: 6 limit: 5
2019-09-20 08:46:12,359 [RatisPipelineUtilsThread] INFO  pipeline.PipelinePlacementPolicy (PipelinePlacementPolicy.java:meetCriteria(91)) - Pipeline Placement: Doesn't meet the criteria to be viable node： 4eb079c5-a63c-4d36-97af-76873864fc0c Heaviness: 6 limit: 5
2019-09-20 08:46:12,365 [grpc-default-executor-1] INFO  impl.RaftServerProxy (RaftServerProxy.java:addNew(89)) - 1cc75455-5fc2-459e-9e17-b902eb9cc08f: addNew group-D485B39E6266:[1cc75455-5fc2-459e-9e17-b902eb9cc08f:192.168.36.79:35300] returns group-D485B39E6266:java.util.concurrent.CompletableFuture@5f2456fe[Not completed]
2019-09-20 08:46:12,367 [pool-49-thread-1] INFO  impl.RaftServerImpl (RaftServerImpl.java:<init>(93)) - 1cc75455-5fc2-459e-9e17-b902eb9cc08f: new RaftServerImpl for group-D485B39E6266:[1cc75455-5fc2-459e-9e17-b902eb9cc08f:192.168.36.79:35300] with ContainerStateMachine:uninitialized
2019-09-20 08:46:12,367 [pool-49-thread-1] INFO  server.RaftServerConfigKeys (ConfUtils.java:logGet(43)) - raft.server.rpc.timeout.min = 5s (custom)
2019-09-20 08:46:12,367 [pool-49-thread-1] INFO  server.RaftServerConfigKeys (ConfUtils.java:logGet(43)) - raft.server.rpc.timeout.max = 5200ms (custom)
2019-09-20 08:46:12,367 [pool-49-thread-1] INFO  server.RaftServerConfigKeys (ConfUtils.java:logGet(43)) - raft.server.rpcslowness.timeout = 120s (custom)
2019-09-20 08:46:12,367 [pool-49-thread-1] INFO  server.RaftServerConfigKeys (ConfUtils.java:logGet(43)) - raft.server.sleep.deviation.threshold = 300 (default)
2019-09-20 08:46:12,367 [pool-49-thread-1] INFO  server.RaftServerConfigKeys (ConfUtils.java:logGet(43)) - raft.server.log.appender.install.snapshot.enabled = false (custom)
2019-09-20 08:46:12,368 [pool-49-thread-1] INFO  impl.RaftServerImpl (ServerState.java:<init>(105)) - 1cc75455-5fc2-459e-9e17-b902eb9cc08f:group-D485B39E6266 ConfigurationManager, init=-1: [1cc75455-5fc2-459e-9e17-b902eb9cc08f:192.168.36.79:35300], old=null, confs=<EMPTY_MAP>
2019-09-20 08:46:12,368 [pool-49-thread-1] INFO  server.RaftServerConfigKeys (ConfUtils.java:logGet(43)) - raft.server.storage.dir = [/workdir/hadoop-ozone/ozonefs/target/test-dir/MiniOzoneClusterImpl-da5888fd-c692-4355-82c4-91aa98cbf569/datanode-2/data/ratis] (custom)
2019-09-20 08:46:12,368 [pool-49-thread-1] INFO  storage.RaftStorageDirectory (RaftStorageDirectory.java:analyzeStorage(246)) - The storage directory /workdir/hadoop-ozone/ozonefs/target/test-dir/MiniOzoneClusterImpl-da5888fd-c692-4355-82c4-91aa98cbf569/datanode-2/data/ratis/c3093e4b-5b50-43e8-b467-d485b39e6266 does not exist. Creating ...
2019-09-20 08:46:12,385 [pool-49-thread-1] INFO  storage.RaftStorageDirectory (RaftStorageDirectory.java:tryLock(328)) - Lock on /workdir/hadoop-ozone/ozonefs/target/test-dir/MiniOzoneClusterImpl-da5888fd-c692-4355-82c4-91aa98cbf569/datanode-2/data/ratis/c3093e4b-5b50-43e8-b467-d485b39e6266/in_use.lock acquired by nodename 7820@pr-hdds-1569-s8kj2-2266485376
2019-09-20 08:46:12,402 [pool-49-thread-1] INFO  storage.RaftStorage (RaftStorage.java:format(72)) - Storage directory /workdir/hadoop-ozone/ozonefs/target/test-dir/MiniOzoneClusterImpl-da5888fd-c692-4355-82c4-91aa98cbf569/datanode-2/data/ratis/c3093e4b-5b50-43e8-b467-d485b39e6266 has been successfully formatted.
2019-09-20 08:46:12,403 [pool-49-thread-1] INFO  ratis.ContainerStateMachine (ContainerStateMachine.java:loadSnapshot(226)) - group-D485B39E6266: The snapshot info is null. Setting the last applied indexto:(t:0, i:~)
2019-09-20 08:46:12,403 [pool-49-thread-1] INFO  server.RaftServerConfigKeys (ConfUtils.java:logGet(43)) - raft.server.leader.election.timeout = 120s (custom)
2019-09-20 08:46:12,403 [pool-49-thread-1] INFO  server.RaftServerConfigKeys (ConfUtils.java:logGet(43)) - raft.server.log.use.memory = false (default)
2019-09-20 08:46:12,403 [pool-49-thread-1] INFO  server.RaftServerConfigKeys (ConfUtils.java:logGet(43)) - raft.server.log.purge.gap = 1000000 (custom)
2019-09-20 08:46:12,403 [pool-49-thread-1] INFO  server.RaftServerConfigKeys (ConfUtils.java:logGet(43)) - raft.server.log.appender.buffer.byte-limit = 33554432 (custom)
2019-09-20 08:46:12,404 [pool-49-thread-1] INFO  server.RaftServerConfigKeys (ConfUtils.java:logGet(43)) - raft.server.log.segment.size.max = 1048576 (custom)
2019-09-20 08:46:12,404 [pool-49-thread-1] INFO  server.RaftServerConfigKeys (ConfUtils.java:logGet(43)) - raft.server.log.segment.cache.num.max = 2 (custom)
2019-09-20 08:46:12,404 [pool-49-thread-1] INFO  segmented.SegmentedRaftLogWorker (SegmentedRaftLogWorker.java:<init>(172)) - new 1cc75455-5fc2-459e-9e17-b902eb9cc08f-SegmentedRaftLogWorker:Storage Directory /workdir/hadoop-ozone/ozonefs/target/test-dir/MiniOzoneClusterImpl-da5888fd-c692-4355-82c4-91aa98cbf569/datanode-2/data/ratis/c3093e4b-5b50-43e8-b467-d485b39e6266 for RaftStorage:Storage Directory /workdir/hadoop-ozone/ozonefs/target/test-dir/MiniOzoneClusterImpl-da5888fd-c692-4355-82c4-91aa98cbf569/datanode-2/data/ratis/c3093e4b-5b50-43e8-b467-d485b39e6266
2019-09-20 08:46:12,404 [pool-49-thread-1] INFO  server.RaftServerConfigKeys (ConfUtils.java:logGet(43)) - raft.server.log.queue.byte-limit = 2147483647 (custom)
2019-09-20 08:46:12,404 [pool-49-thread-1] INFO  server.RaftServerConfigKeys (ConfUtils.java:logGet(43)) - raft.server.log.queue.element-limit = 1024 (custom)
2019-09-20 08:46:12,404 [pool-49-thread-1] INFO  server.RaftServerConfigKeys (ConfUtils.java:logGet(43)) - raft.server.log.segment.size.max = 1048576 (custom)
2019-09-20 08:46:12,405 [pool-49-thread-1] INFO  server.RaftServerConfigKeys (ConfUtils.java:logGet(43)) - raft.server.log.preallocated.size = 16384 (custom)
2019-09-20 08:46:12,405 [pool-49-thread-1] INFO  server.RaftServerConfigKeys (ConfUtils.java:logGet(43)) - raft.server.log.write.buffer.size = 33554432 (custom)
2019-09-20 08:46:12,405 [pool-49-thread-1] INFO  server.RaftServerConfigKeys (ConfUtils.java:logGet(43)) - raft.server.log.force.sync.num = 128 (default)
2019-09-20 08:46:12,405 [pool-49-thread-1] INFO  server.RaftServerConfigKeys (ConfUtils.java:logGet(43)) - raft.server.log.statemachine.data.sync = true (default)
2019-09-20 08:46:12,405 [pool-49-thread-1] INFO  server.RaftServerConfigKeys (ConfUtils.java:logGet(43)) - raft.server.log.statemachine.data.sync.timeout = 10s (default)
2019-09-20 08:46:12,405 [pool-49-thread-1] INFO  server.RaftServerConfigKeys (ConfUtils.java:logGet(43)) - raft.server.log.statemachine.data.sync.timeout.retry = -1 (default)
2019-09-20 08:46:12,406 [pool-49-thread-1] INFO  server.RaftServerConfigKeys (ConfUtils.java:logGet(43)) - raft.server.log.statemachine.data.caching.enabled = true (custom)
2019-09-20 08:46:12,406 [pool-49-thread-1] INFO  segmented.SegmentedRaftLogWorker (SegmentedRaftLogWorker.java:lambda$new$0(132)) - 1cc75455-5fc2-459e-9e17-b902eb9cc08f-SegmentedRaftLogWorker:Storage Directory /workdir/hadoop-ozone/ozonefs/target/test-dir/MiniOzoneClusterImpl-da5888fd-c692-4355-82c4-91aa98cbf569/datanode-2/data/ratis/c3093e4b-5b50-43e8-b467-d485b39e6266: flushIndex: setUnconditionally 0 -> -1
2019-09-20 08:46:12,406 [pool-49-thread-1] INFO  server.RaftServerConfigKeys (ConfUtils.java:logGet(43)) - raft.server.snapshot.auto.trigger.enabled = true (custom)
2019-09-20 08:46:12,406 [pool-49-thread-1] INFO  server.RaftServerConfigKeys (ConfUtils.java:logGet(43)) - raft.server.snapshot.auto.trigger.threshold = 10000 (custom)
2019-09-20 08:46:12,407 [pool-49-thread-1] INFO  server.RaftServerConfigKeys (ConfUtils.java:logGet(43)) - raft.server.retrycache.expirytime = 600000ms (custom)
2019-09-20 08:46:12,407 [pool-49-thread-1] INFO  impl.RaftServerImpl (RaftServerImpl.java:start(180)) - 1cc75455-5fc2-459e-9e17-b902eb9cc08f: start group-D485B39E6266
2019-09-20 08:46:12,407 [pool-49-thread-1] INFO  impl.RaftServerImpl (RaftServerImpl.java:setRole(171)) - 1cc75455-5fc2-459e-9e17-b902eb9cc08f:group-D485B39E6266 changes role from null to FOLLOWER at term 0 for startAsFollower
2019-09-20 08:46:12,407 [pool-49-thread-1] INFO  impl.RoleInfo (RoleInfo.java:updateAndGet(143)) - 1cc75455-5fc2-459e-9e17-b902eb9cc08f: start FollowerState
2019-09-20 08:46:12,408 [pool-49-thread-1] INFO  util.JmxRegister (JmxRegister.java:tryRegister(44)) - Successfully registered JMX Bean with object name Ratis:service=RaftServer,group=group-D485B39E6266,id=1cc75455-5fc2-459e-9e17-b902eb9cc08f
2019-09-20 08:46:12,410 [RatisPipelineUtilsThread] INFO  pipeline.PipelineStateManager (PipelineStateManager.java:addPipeline(56)) - Created pipeline Pipeline[ Id: c3093e4b-5b50-43e8-b467-d485b39e6266, Nodes: 1cc75455-5fc2-459e-9e17-b902eb9cc08f{ip: 192.168.36.79, host: pr-hdds-1569-s8kj2-2266485376, networkLocation: /default-rack, certSerialId: null}, Type:RATIS, Factor:ONE, State:OPEN]
2019-09-20 08:46:12,411 [RatisPipelineUtilsThread] INFO  pipeline.PipelinePlacementPolicy (PipelinePlacementPolicy.java:meetCriteria(91)) - Pipeline Placement: Doesn't meet the criteria to be viable node： a3bf3c1a-4063-48f8-b1bd-e321780611c4 Heaviness: 6 limit: 5
2019-09-20 08:46:12,411 [RatisPipelineUtilsThread] INFO  pipeline.PipelinePlacementPolicy (PipelinePlacementPolicy.java:meetCriteria(91)) - Pipeline Placement: Doesn't meet the criteria to be viable node： 0d845cc3-b0d9-47c5-b935-74fa0be2c903 Heaviness: 6 limit: 5
2019-09-20 08:46:12,411 [RatisPipelineUtilsThread] INFO  pipeline.PipelinePlacementPolicy (PipelinePlacementPolicy.java:meetCriteria(91)) - Pipeline Placement: Doesn't meet the criteria to be viable node： e997423e-4090-4042-87ee-7419d4cf7365 Heaviness: 6 limit: 5
2019-09-20 08:46:12,411 [RatisPipelineUtilsThread] INFO  pipeline.PipelinePlacementPolicy (PipelinePlacementPolicy.java:meetCriteria(91)) - Pipeline Placement: Doesn't meet the criteria to be viable node： 1cc75455-5fc2-459e-9e17-b902eb9cc08f Heaviness: 6 limit: 5
2019-09-20 08:46:12,411 [RatisPipelineUtilsThread] INFO  pipeline.PipelinePlacementPolicy (PipelinePlacementPolicy.java:meetCriteria(91)) - Pipeline Placement: Doesn't meet the criteria to be viable node： 1e702f59-a831-439b-ba97-9c7e4d303d93 Heaviness: 6 limit: 5
2019-09-20 08:46:12,411 [RatisPipelineUtilsThread] INFO  pipeline.PipelinePlacementPolicy (PipelinePlacementPolicy.java:meetCriteria(91)) - Pipeline Placement: Doesn't meet the criteria to be viable node： 3ea69b51-ea1d-40b9-a82f-433a48a46bff Heaviness: 6 limit: 5
2019-09-20 08:46:12,411 [RatisPipelineUtilsThread] INFO  pipeline.PipelinePlacementPolicy (PipelinePlacementPolicy.java:meetCriteria(91)) - Pipeline Placement: Doesn't meet the criteria to be viable node： 4eb079c5-a63c-4d36-97af-76873864fc0c Heaviness: 6 limit: 5
2019-09-20 08:46:12,421 [grpc-default-executor-1] INFO  impl.RaftServerProxy (RaftServerProxy.java:addNew(89)) - 735a34e4-c7c4-465a-a71d-fefc6390b8eb: addNew group-A9BE5EA3D69F:[735a34e4-c7c4-465a-a71d-fefc6390b8eb:192.168.36.79:38484] returns group-A9BE5EA3D69F:java.util.concurrent.CompletableFuture@475b99a6[Not completed]
2019-09-20 08:46:12,422 [pool-115-thread-1] INFO  impl.RaftServerImpl (RaftServerImpl.java:<init>(93)) - 735a34e4-c7c4-465a-a71d-fefc6390b8eb: new RaftServerImpl for group-A9BE5EA3D69F:[735a34e4-c7c4-465a-a71d-fefc6390b8eb:192.168.36.79:38484] with ContainerStateMachine:uninitialized
2019-09-20 08:46:12,422 [pool-115-thread-1] INFO  server.RaftServerConfigKeys (ConfUtils.java:logGet(43)) - raft.server.rpc.timeout.min = 5s (custom)
2019-09-20 08:46:12,423 [pool-115-thread-1] INFO  server.RaftServerConfigKeys (ConfUtils.java:logGet(43)) - raft.server.rpc.timeout.max = 5200ms (custom)
2019-09-20 08:46:12,423 [pool-115-thread-1] INFO  server.RaftServerConfigKeys (ConfUtils.java:logGet(43)) - raft.server.rpcslowness.timeout = 120s (custom)
2019-09-20 08:46:12,423 [pool-115-thread-1] INFO  server.RaftServerConfigKeys (ConfUtils.java:logGet(43)) - raft.server.sleep.deviation.threshold = 300 (default)
2019-09-20 08:46:12,423 [pool-115-thread-1] INFO  server.RaftServerConfigKeys (ConfUtils.java:logGet(43)) - raft.server.log.appender.install.snapshot.enabled = false (custom)
2019-09-20 08:46:12,423 [pool-115-thread-1] INFO  impl.RaftServerImpl (ServerState.java:<init>(105)) - 735a34e4-c7c4-465a-a71d-fefc6390b8eb:group-A9BE5EA3D69F ConfigurationManager, init=-1: [735a34e4-c7c4-465a-a71d-fefc6390b8eb:192.168.36.79:38484], old=null, confs=<EMPTY_MAP>
2019-09-20 08:46:12,423 [pool-115-thread-1] INFO  server.RaftServerConfigKeys (ConfUtils.java:logGet(43)) - raft.server.storage.dir = [/workdir/hadoop-ozone/ozonefs/target/test-dir/MiniOzoneClusterImpl-da5888fd-c692-4355-82c4-91aa98cbf569/datanode-8/data/ratis] (custom)
2019-09-20 08:46:12,424 [pool-115-thread-1] INFO  storage.RaftStorageDirectory (RaftStorageDirectory.java:analyzeStorage(246)) - The storage directory /workdir/hadoop-ozone/ozonefs/target/test-dir/MiniOzoneClusterImpl-da5888fd-c692-4355-82c4-91aa98cbf569/datanode-8/data/ratis/27b66b38-09a8-417b-bb32-a9be5ea3d69f does not exist. Creating ...
2019-09-20 08:46:12,433 | INFO  | SCMAudit | user=jenkins1000 | ip=192.168.36.79 | op=SEND_HEARTBEAT {datanodeUUID=3ea69b51-ea1d-40b9-a82f-433a48a46bff, command=[]} | ret=SUCCESS |  
2019-09-20 08:46:12,461 [pool-115-thread-1] INFO  storage.RaftStorageDirectory (RaftStorageDirectory.java:tryLock(328)) - Lock on /workdir/hadoop-ozone/ozonefs/target/test-dir/MiniOzoneClusterImpl-da5888fd-c692-4355-82c4-91aa98cbf569/datanode-8/data/ratis/27b66b38-09a8-417b-bb32-a9be5ea3d69f/in_use.lock acquired by nodename 7820@pr-hdds-1569-s8kj2-2266485376
2019-09-20 08:46:12,489 | INFO  | SCMAudit | user=jenkins1000 | ip=192.168.36.79 | op=SEND_HEARTBEAT {datanodeUUID=a3bf3c1a-4063-48f8-b1bd-e321780611c4, command=[]} | ret=SUCCESS |  
2019-09-20 08:46:12,494 | INFO  | SCMAudit | user=jenkins1000 | ip=192.168.36.79 | op=SEND_HEARTBEAT {datanodeUUID=1cc75455-5fc2-459e-9e17-b902eb9cc08f, command=[]} | ret=SUCCESS |  
2019-09-20 08:46:12,511 [pool-115-thread-1] INFO  storage.RaftStorage (RaftStorage.java:format(72)) - Storage directory /workdir/hadoop-ozone/ozonefs/target/test-dir/MiniOzoneClusterImpl-da5888fd-c692-4355-82c4-91aa98cbf569/datanode-8/data/ratis/27b66b38-09a8-417b-bb32-a9be5ea3d69f has been successfully formatted.
2019-09-20 08:46:12,512 [pool-115-thread-1] INFO  ratis.ContainerStateMachine (ContainerStateMachine.java:loadSnapshot(226)) - group-A9BE5EA3D69F: The snapshot info is null. Setting the last applied indexto:(t:0, i:~)
2019-09-20 08:46:12,512 [pool-115-thread-1] INFO  server.RaftServerConfigKeys (ConfUtils.java:logGet(43)) - raft.server.leader.election.timeout = 120s (custom)
2019-09-20 08:46:12,512 [pool-115-thread-1] INFO  server.RaftServerConfigKeys (ConfUtils.java:logGet(43)) - raft.server.log.use.memory = false (default)
2019-09-20 08:46:12,512 [pool-115-thread-1] INFO  server.RaftServerConfigKeys (ConfUtils.java:logGet(43)) - raft.server.log.purge.gap = 1000000 (custom)
2019-09-20 08:46:12,512 [pool-115-thread-1] INFO  server.RaftServerConfigKeys (ConfUtils.java:logGet(43)) - raft.server.log.appender.buffer.byte-limit = 33554432 (custom)
2019-09-20 08:46:12,512 [pool-115-thread-1] INFO  server.RaftServerConfigKeys (ConfUtils.java:logGet(43)) - raft.server.log.segment.size.max = 1048576 (custom)
2019-09-20 08:46:12,513 [pool-115-thread-1] INFO  server.RaftServerConfigKeys (ConfUtils.java:logGet(43)) - raft.server.log.segment.cache.num.max = 2 (custom)
2019-09-20 08:46:12,513 [pool-115-thread-1] INFO  segmented.SegmentedRaftLogWorker (SegmentedRaftLogWorker.java:<init>(172)) - new 735a34e4-c7c4-465a-a71d-fefc6390b8eb-SegmentedRaftLogWorker:Storage Directory /workdir/hadoop-ozone/ozonefs/target/test-dir/MiniOzoneClusterImpl-da5888fd-c692-4355-82c4-91aa98cbf569/datanode-8/data/ratis/27b66b38-09a8-417b-bb32-a9be5ea3d69f for RaftStorage:Storage Directory /workdir/hadoop-ozone/ozonefs/target/test-dir/MiniOzoneClusterImpl-da5888fd-c692-4355-82c4-91aa98cbf569/datanode-8/data/ratis/27b66b38-09a8-417b-bb32-a9be5ea3d69f
2019-09-20 08:46:12,513 [pool-115-thread-1] INFO  server.RaftServerConfigKeys (ConfUtils.java:logGet(43)) - raft.server.log.queue.byte-limit = 2147483647 (custom)
2019-09-20 08:46:12,513 [pool-115-thread-1] INFO  server.RaftServerConfigKeys (ConfUtils.java:logGet(43)) - raft.server.log.queue.element-limit = 1024 (custom)
2019-09-20 08:46:12,513 [pool-115-thread-1] INFO  server.RaftServerConfigKeys (ConfUtils.java:logGet(43)) - raft.server.log.segment.size.max = 1048576 (custom)
2019-09-20 08:46:12,514 [pool-115-thread-1] INFO  server.RaftServerConfigKeys (ConfUtils.java:logGet(43)) - raft.server.log.preallocated.size = 16384 (custom)
2019-09-20 08:46:12,514 [pool-115-thread-1] INFO  server.RaftServerConfigKeys (ConfUtils.java:logGet(43)) - raft.server.log.write.buffer.size = 33554432 (custom)
2019-09-20 08:46:12,514 [pool-115-thread-1] INFO  server.RaftServerConfigKeys (ConfUtils.java:logGet(43)) - raft.server.log.force.sync.num = 128 (default)
2019-09-20 08:46:12,514 [pool-115-thread-1] INFO  server.RaftServerConfigKeys (ConfUtils.java:logGet(43)) - raft.server.log.statemachine.data.sync = true (default)
2019-09-20 08:46:12,514 [pool-115-thread-1] INFO  server.RaftServerConfigKeys (ConfUtils.java:logGet(43)) - raft.server.log.statemachine.data.sync.timeout = 10s (default)
2019-09-20 08:46:12,514 [pool-115-thread-1] INFO  server.RaftServerConfigKeys (ConfUtils.java:logGet(43)) - raft.server.log.statemachine.data.sync.timeout.retry = -1 (default)
2019-09-20 08:46:12,515 [pool-115-thread-1] INFO  server.RaftServerConfigKeys (ConfUtils.java:logGet(43)) - raft.server.log.statemachine.data.caching.enabled = true (custom)
2019-09-20 08:46:12,515 [pool-115-thread-1] INFO  segmented.SegmentedRaftLogWorker (SegmentedRaftLogWorker.java:lambda$new$0(132)) - 735a34e4-c7c4-465a-a71d-fefc6390b8eb-SegmentedRaftLogWorker:Storage Directory /workdir/hadoop-ozone/ozonefs/target/test-dir/MiniOzoneClusterImpl-da5888fd-c692-4355-82c4-91aa98cbf569/datanode-8/data/ratis/27b66b38-09a8-417b-bb32-a9be5ea3d69f: flushIndex: setUnconditionally 0 -> -1
2019-09-20 08:46:12,515 [pool-115-thread-1] INFO  server.RaftServerConfigKeys (ConfUtils.java:logGet(43)) - raft.server.snapshot.auto.trigger.enabled = true (custom)
2019-09-20 08:46:12,515 [pool-115-thread-1] INFO  server.RaftServerConfigKeys (ConfUtils.java:logGet(43)) - raft.server.snapshot.auto.trigger.threshold = 10000 (custom)
2019-09-20 08:46:12,516 [pool-115-thread-1] INFO  server.RaftServerConfigKeys (ConfUtils.java:logGet(43)) - raft.server.retrycache.expirytime = 600000ms (custom)
2019-09-20 08:46:12,516 [pool-115-thread-1] INFO  impl.RaftServerImpl (RaftServerImpl.java:start(180)) - 735a34e4-c7c4-465a-a71d-fefc6390b8eb: start group-A9BE5EA3D69F
2019-09-20 08:46:12,516 [pool-115-thread-1] INFO  impl.RaftServerImpl (RaftServerImpl.java:setRole(171)) - 735a34e4-c7c4-465a-a71d-fefc6390b8eb:group-A9BE5EA3D69F changes role from null to FOLLOWER at term 0 for startAsFollower
2019-09-20 08:46:12,516 [pool-115-thread-1] INFO  impl.RoleInfo (RoleInfo.java:updateAndGet(143)) - 735a34e4-c7c4-465a-a71d-fefc6390b8eb: start FollowerState
2019-09-20 08:46:12,516 [pool-115-thread-1] INFO  util.JmxRegister (JmxRegister.java:tryRegister(44)) - Successfully registered JMX Bean with object name Ratis:service=RaftServer,group=group-A9BE5EA3D69F,id=735a34e4-c7c4-465a-a71d-fefc6390b8eb
2019-09-20 08:46:12,519 [RatisPipelineUtilsThread] INFO  pipeline.PipelineStateManager (PipelineStateManager.java:addPipeline(56)) - Created pipeline Pipeline[ Id: 27b66b38-09a8-417b-bb32-a9be5ea3d69f, Nodes: 735a34e4-c7c4-465a-a71d-fefc6390b8eb{ip: 192.168.36.79, host: pr-hdds-1569-s8kj2-2266485376, networkLocation: /default-rack, certSerialId: null}, Type:RATIS, Factor:ONE, State:OPEN]
2019-09-20 08:46:12,520 [RatisPipelineUtilsThread] INFO  pipeline.PipelinePlacementPolicy (PipelinePlacementPolicy.java:meetCriteria(91)) - Pipeline Placement: Doesn't meet the criteria to be viable node： a3bf3c1a-4063-48f8-b1bd-e321780611c4 Heaviness: 6 limit: 5
2019-09-20 08:46:12,520 [RatisPipelineUtilsThread] INFO  pipeline.PipelinePlacementPolicy (PipelinePlacementPolicy.java:meetCriteria(91)) - Pipeline Placement: Doesn't meet the criteria to be viable node： 0d845cc3-b0d9-47c5-b935-74fa0be2c903 Heaviness: 6 limit: 5
2019-09-20 08:46:12,520 [RatisPipelineUtilsThread] INFO  pipeline.PipelinePlacementPolicy (PipelinePlacementPolicy.java:meetCriteria(91)) - Pipeline Placement: Doesn't meet the criteria to be viable node： e997423e-4090-4042-87ee-7419d4cf7365 Heaviness: 6 limit: 5
2019-09-20 08:46:12,520 [RatisPipelineUtilsThread] INFO  pipeline.PipelinePlacementPolicy (PipelinePlacementPolicy.java:meetCriteria(91)) - Pipeline Placement: Doesn't meet the criteria to be viable node： 1cc75455-5fc2-459e-9e17-b902eb9cc08f Heaviness: 6 limit: 5
2019-09-20 08:46:12,520 [RatisPipelineUtilsThread] INFO  pipeline.PipelinePlacementPolicy (PipelinePlacementPolicy.java:meetCriteria(91)) - Pipeline Placement: Doesn't meet the criteria to be viable node： 1e702f59-a831-439b-ba97-9c7e4d303d93 Heaviness: 6 limit: 5
2019-09-20 08:46:12,520 [RatisPipelineUtilsThread] INFO  pipeline.PipelinePlacementPolicy (PipelinePlacementPolicy.java:meetCriteria(91)) - Pipeline Placement: Doesn't meet the criteria to be viable node： 3ea69b51-ea1d-40b9-a82f-433a48a46bff Heaviness: 6 limit: 5
2019-09-20 08:46:12,521 [RatisPipelineUtilsThread] INFO  pipeline.PipelinePlacementPolicy (PipelinePlacementPolicy.java:meetCriteria(91)) - Pipeline Placement: Doesn't meet the criteria to be viable node： 4eb079c5-a63c-4d36-97af-76873864fc0c Heaviness: 6 limit: 5
2019-09-20 08:46:12,526 [grpc-default-executor-1] INFO  impl.RaftServerProxy (RaftServerProxy.java:addNew(89)) - 735a34e4-c7c4-465a-a71d-fefc6390b8eb: addNew group-5AE50400B914:[735a34e4-c7c4-465a-a71d-fefc6390b8eb:192.168.36.79:38484] returns group-5AE50400B914:java.util.concurrent.CompletableFuture@26a00746[Not completed]
2019-09-20 08:46:12,527 [pool-115-thread-1] INFO  impl.RaftServerImpl (RaftServerImpl.java:<init>(93)) - 735a34e4-c7c4-465a-a71d-fefc6390b8eb: new RaftServerImpl for group-5AE50400B914:[735a34e4-c7c4-465a-a71d-fefc6390b8eb:192.168.36.79:38484] with ContainerStateMachine:uninitialized
2019-09-20 08:46:12,527 [pool-115-thread-1] INFO  server.RaftServerConfigKeys (ConfUtils.java:logGet(43)) - raft.server.rpc.timeout.min = 5s (custom)
2019-09-20 08:46:12,527 [pool-115-thread-1] INFO  server.RaftServerConfigKeys (ConfUtils.java:logGet(43)) - raft.server.rpc.timeout.max = 5200ms (custom)
2019-09-20 08:46:12,527 [pool-115-thread-1] INFO  server.RaftServerConfigKeys (ConfUtils.java:logGet(43)) - raft.server.rpcslowness.timeout = 120s (custom)
2019-09-20 08:46:12,527 [pool-115-thread-1] INFO  server.RaftServerConfigKeys (ConfUtils.java:logGet(43)) - raft.server.sleep.deviation.threshold = 300 (default)
2019-09-20 08:46:12,527 [pool-115-thread-1] INFO  server.RaftServerConfigKeys (ConfUtils.java:logGet(43)) - raft.server.log.appender.install.snapshot.enabled = false (custom)
2019-09-20 08:46:12,528 [pool-115-thread-1] INFO  impl.RaftServerImpl (ServerState.java:<init>(105)) - 735a34e4-c7c4-465a-a71d-fefc6390b8eb:group-5AE50400B914 ConfigurationManager, init=-1: [735a34e4-c7c4-465a-a71d-fefc6390b8eb:192.168.36.79:38484], old=null, confs=<EMPTY_MAP>
2019-09-20 08:46:12,528 [pool-115-thread-1] INFO  server.RaftServerConfigKeys (ConfUtils.java:logGet(43)) - raft.server.storage.dir = [/workdir/hadoop-ozone/ozonefs/target/test-dir/MiniOzoneClusterImpl-da5888fd-c692-4355-82c4-91aa98cbf569/datanode-8/data/ratis] (custom)
2019-09-20 08:46:12,528 [pool-115-thread-1] INFO  storage.RaftStorageDirectory (RaftStorageDirectory.java:analyzeStorage(246)) - The storage directory /workdir/hadoop-ozone/ozonefs/target/test-dir/MiniOzoneClusterImpl-da5888fd-c692-4355-82c4-91aa98cbf569/datanode-8/data/ratis/8449f226-0689-4345-89dc-5ae50400b914 does not exist. Creating ...
2019-09-20 08:46:12,541 | INFO  | SCMAudit | user=jenkins1000 | ip=192.168.36.79 | op=SEND_HEARTBEAT {datanodeUUID=735a34e4-c7c4-465a-a71d-fefc6390b8eb, command=[]} | ret=SUCCESS |  
2019-09-20 08:46:12,553 [pool-115-thread-1] INFO  storage.RaftStorageDirectory (RaftStorageDirectory.java:tryLock(328)) - Lock on /workdir/hadoop-ozone/ozonefs/target/test-dir/MiniOzoneClusterImpl-da5888fd-c692-4355-82c4-91aa98cbf569/datanode-8/data/ratis/8449f226-0689-4345-89dc-5ae50400b914/in_use.lock acquired by nodename 7820@pr-hdds-1569-s8kj2-2266485376
2019-09-20 08:46:12,579 [pool-115-thread-1] INFO  storage.RaftStorage (RaftStorage.java:format(72)) - Storage directory /workdir/hadoop-ozone/ozonefs/target/test-dir/MiniOzoneClusterImpl-da5888fd-c692-4355-82c4-91aa98cbf569/datanode-8/data/ratis/8449f226-0689-4345-89dc-5ae50400b914 has been successfully formatted.
2019-09-20 08:46:12,579 [pool-115-thread-1] INFO  ratis.ContainerStateMachine (ContainerStateMachine.java:loadSnapshot(226)) - group-5AE50400B914: The snapshot info is null. Setting the last applied indexto:(t:0, i:~)
2019-09-20 08:46:12,579 [pool-115-thread-1] INFO  server.RaftServerConfigKeys (ConfUtils.java:logGet(43)) - raft.server.leader.election.timeout = 120s (custom)
2019-09-20 08:46:12,579 [pool-115-thread-1] INFO  server.RaftServerConfigKeys (ConfUtils.java:logGet(43)) - raft.server.log.use.memory = false (default)
2019-09-20 08:46:12,579 [pool-115-thread-1] INFO  server.RaftServerConfigKeys (ConfUtils.java:logGet(43)) - raft.server.log.purge.gap = 1000000 (custom)
2019-09-20 08:46:12,580 [pool-115-thread-1] INFO  server.RaftServerConfigKeys (ConfUtils.java:logGet(43)) - raft.server.log.appender.buffer.byte-limit = 33554432 (custom)
2019-09-20 08:46:12,580 [pool-115-thread-1] INFO  server.RaftServerConfigKeys (ConfUtils.java:logGet(43)) - raft.server.log.segment.size.max = 1048576 (custom)
2019-09-20 08:46:12,580 [pool-115-thread-1] INFO  server.RaftServerConfigKeys (ConfUtils.java:logGet(43)) - raft.server.log.segment.cache.num.max = 2 (custom)
2019-09-20 08:46:12,580 [pool-115-thread-1] INFO  segmented.SegmentedRaftLogWorker (SegmentedRaftLogWorker.java:<init>(172)) - new 735a34e4-c7c4-465a-a71d-fefc6390b8eb-SegmentedRaftLogWorker:Storage Directory /workdir/hadoop-ozone/ozonefs/target/test-dir/MiniOzoneClusterImpl-da5888fd-c692-4355-82c4-91aa98cbf569/datanode-8/data/ratis/8449f226-0689-4345-89dc-5ae50400b914 for RaftStorage:Storage Directory /workdir/hadoop-ozone/ozonefs/target/test-dir/MiniOzoneClusterImpl-da5888fd-c692-4355-82c4-91aa98cbf569/datanode-8/data/ratis/8449f226-0689-4345-89dc-5ae50400b914
2019-09-20 08:46:12,580 [pool-115-thread-1] INFO  server.RaftServerConfigKeys (ConfUtils.java:logGet(43)) - raft.server.log.queue.byte-limit = 2147483647 (custom)
2019-09-20 08:46:12,580 [pool-115-thread-1] INFO  server.RaftServerConfigKeys (ConfUtils.java:logGet(43)) - raft.server.log.queue.element-limit = 1024 (custom)
2019-09-20 08:46:12,580 [pool-115-thread-1] INFO  server.RaftServerConfigKeys (ConfUtils.java:logGet(43)) - raft.server.log.segment.size.max = 1048576 (custom)
2019-09-20 08:46:12,580 [pool-115-thread-1] INFO  server.RaftServerConfigKeys (ConfUtils.java:logGet(43)) - raft.server.log.preallocated.size = 16384 (custom)
2019-09-20 08:46:12,580 [pool-115-thread-1] INFO  server.RaftServerConfigKeys (ConfUtils.java:logGet(43)) - raft.server.log.write.buffer.size = 33554432 (custom)
2019-09-20 08:46:12,581 [pool-115-thread-1] INFO  server.RaftServerConfigKeys (ConfUtils.java:logGet(43)) - raft.server.log.force.sync.num = 128 (default)
2019-09-20 08:46:12,581 [pool-115-thread-1] INFO  server.RaftServerConfigKeys (ConfUtils.java:logGet(43)) - raft.server.log.statemachine.data.sync = true (default)
2019-09-20 08:46:12,581 [pool-115-thread-1] INFO  server.RaftServerConfigKeys (ConfUtils.java:logGet(43)) - raft.server.log.statemachine.data.sync.timeout = 10s (default)
2019-09-20 08:46:12,581 [pool-115-thread-1] INFO  server.RaftServerConfigKeys (ConfUtils.java:logGet(43)) - raft.server.log.statemachine.data.sync.timeout.retry = -1 (default)
2019-09-20 08:46:12,581 [pool-115-thread-1] INFO  server.RaftServerConfigKeys (ConfUtils.java:logGet(43)) - raft.server.log.statemachine.data.caching.enabled = true (custom)
2019-09-20 08:46:12,581 [pool-115-thread-1] INFO  segmented.SegmentedRaftLogWorker (SegmentedRaftLogWorker.java:lambda$new$0(132)) - 735a34e4-c7c4-465a-a71d-fefc6390b8eb-SegmentedRaftLogWorker:Storage Directory /workdir/hadoop-ozone/ozonefs/target/test-dir/MiniOzoneClusterImpl-da5888fd-c692-4355-82c4-91aa98cbf569/datanode-8/data/ratis/8449f226-0689-4345-89dc-5ae50400b914: flushIndex: setUnconditionally 0 -> -1
2019-09-20 08:46:12,582 [pool-115-thread-1] INFO  server.RaftServerConfigKeys (ConfUtils.java:logGet(43)) - raft.server.snapshot.auto.trigger.enabled = true (custom)
2019-09-20 08:46:12,582 [pool-115-thread-1] INFO  server.RaftServerConfigKeys (ConfUtils.java:logGet(43)) - raft.server.snapshot.auto.trigger.threshold = 10000 (custom)
2019-09-20 08:46:12,582 [pool-115-thread-1] INFO  server.RaftServerConfigKeys (ConfUtils.java:logGet(43)) - raft.server.retrycache.expirytime = 600000ms (custom)
2019-09-20 08:46:12,582 [pool-115-thread-1] INFO  impl.RaftServerImpl (RaftServerImpl.java:start(180)) - 735a34e4-c7c4-465a-a71d-fefc6390b8eb: start group-5AE50400B914
2019-09-20 08:46:12,582 [pool-115-thread-1] INFO  impl.RaftServerImpl (RaftServerImpl.java:setRole(171)) - 735a34e4-c7c4-465a-a71d-fefc6390b8eb:group-5AE50400B914 changes role from null to FOLLOWER at term 0 for startAsFollower
2019-09-20 08:46:12,582 [pool-115-thread-1] INFO  impl.RoleInfo (RoleInfo.java:updateAndGet(143)) - 735a34e4-c7c4-465a-a71d-fefc6390b8eb: start FollowerState
2019-09-20 08:46:12,583 [pool-115-thread-1] INFO  util.JmxRegister (JmxRegister.java:tryRegister(44)) - Successfully registered JMX Bean with object name Ratis:service=RaftServer,group=group-5AE50400B914,id=735a34e4-c7c4-465a-a71d-fefc6390b8eb
2019-09-20 08:46:12,585 [RatisPipelineUtilsThread] INFO  pipeline.PipelineStateManager (PipelineStateManager.java:addPipeline(56)) - Created pipeline Pipeline[ Id: 8449f226-0689-4345-89dc-5ae50400b914, Nodes: 735a34e4-c7c4-465a-a71d-fefc6390b8eb{ip: 192.168.36.79, host: pr-hdds-1569-s8kj2-2266485376, networkLocation: /default-rack, certSerialId: null}, Type:RATIS, Factor:ONE, State:OPEN]
2019-09-20 08:46:12,585 [RatisPipelineUtilsThread] INFO  pipeline.PipelinePlacementPolicy (PipelinePlacementPolicy.java:meetCriteria(91)) - Pipeline Placement: Doesn't meet the criteria to be viable node： a3bf3c1a-4063-48f8-b1bd-e321780611c4 Heaviness: 6 limit: 5
2019-09-20 08:46:12,586 [RatisPipelineUtilsThread] INFO  pipeline.PipelinePlacementPolicy (PipelinePlacementPolicy.java:meetCriteria(91)) - Pipeline Placement: Doesn't meet the criteria to be viable node： 0d845cc3-b0d9-47c5-b935-74fa0be2c903 Heaviness: 6 limit: 5
2019-09-20 08:46:12,586 [RatisPipelineUtilsThread] INFO  pipeline.PipelinePlacementPolicy (PipelinePlacementPolicy.java:meetCriteria(91)) - Pipeline Placement: Doesn't meet the criteria to be viable node： e997423e-4090-4042-87ee-7419d4cf7365 Heaviness: 6 limit: 5
2019-09-20 08:46:12,586 [RatisPipelineUtilsThread] INFO  pipeline.PipelinePlacementPolicy (PipelinePlacementPolicy.java:meetCriteria(91)) - Pipeline Placement: Doesn't meet the criteria to be viable node： 1cc75455-5fc2-459e-9e17-b902eb9cc08f Heaviness: 6 limit: 5
2019-09-20 08:46:12,586 [RatisPipelineUtilsThread] INFO  pipeline.PipelinePlacementPolicy (PipelinePlacementPolicy.java:meetCriteria(91)) - Pipeline Placement: Doesn't meet the criteria to be viable node： 1e702f59-a831-439b-ba97-9c7e4d303d93 Heaviness: 6 limit: 5
2019-09-20 08:46:12,586 [RatisPipelineUtilsThread] INFO  pipeline.PipelinePlacementPolicy (PipelinePlacementPolicy.java:meetCriteria(91)) - Pipeline Placement: Doesn't meet the criteria to be viable node： 3ea69b51-ea1d-40b9-a82f-433a48a46bff Heaviness: 6 limit: 5
2019-09-20 08:46:12,586 [RatisPipelineUtilsThread] INFO  pipeline.PipelinePlacementPolicy (PipelinePlacementPolicy.java:meetCriteria(91)) - Pipeline Placement: Doesn't meet the criteria to be viable node： 4eb079c5-a63c-4d36-97af-76873864fc0c Heaviness: 6 limit: 5
2019-09-20 08:46:12,591 [grpc-default-executor-1] INFO  impl.RaftServerProxy (RaftServerProxy.java:addNew(89)) - 735a34e4-c7c4-465a-a71d-fefc6390b8eb: addNew group-61E298850767:[735a34e4-c7c4-465a-a71d-fefc6390b8eb:192.168.36.79:38484] returns group-61E298850767:java.util.concurrent.CompletableFuture@434063f8[Not completed]
2019-09-20 08:46:12,592 [pool-115-thread-1] INFO  impl.RaftServerImpl (RaftServerImpl.java:<init>(93)) - 735a34e4-c7c4-465a-a71d-fefc6390b8eb: new RaftServerImpl for group-61E298850767:[735a34e4-c7c4-465a-a71d-fefc6390b8eb:192.168.36.79:38484] with ContainerStateMachine:uninitialized
2019-09-20 08:46:12,592 [pool-115-thread-1] INFO  server.RaftServerConfigKeys (ConfUtils.java:logGet(43)) - raft.server.rpc.timeout.min = 5s (custom)
2019-09-20 08:46:12,592 [pool-115-thread-1] INFO  server.RaftServerConfigKeys (ConfUtils.java:logGet(43)) - raft.server.rpc.timeout.max = 5200ms (custom)
2019-09-20 08:46:12,592 [pool-115-thread-1] INFO  server.RaftServerConfigKeys (ConfUtils.java:logGet(43)) - raft.server.rpcslowness.timeout = 120s (custom)
2019-09-20 08:46:12,593 [pool-115-thread-1] INFO  server.RaftServerConfigKeys (ConfUtils.java:logGet(43)) - raft.server.sleep.deviation.threshold = 300 (default)
2019-09-20 08:46:12,593 [pool-115-thread-1] INFO  server.RaftServerConfigKeys (ConfUtils.java:logGet(43)) - raft.server.log.appender.install.snapshot.enabled = false (custom)
2019-09-20 08:46:12,593 [pool-115-thread-1] INFO  impl.RaftServerImpl (ServerState.java:<init>(105)) - 735a34e4-c7c4-465a-a71d-fefc6390b8eb:group-61E298850767 ConfigurationManager, init=-1: [735a34e4-c7c4-465a-a71d-fefc6390b8eb:192.168.36.79:38484], old=null, confs=<EMPTY_MAP>
2019-09-20 08:46:12,593 [pool-115-thread-1] INFO  server.RaftServerConfigKeys (ConfUtils.java:logGet(43)) - raft.server.storage.dir = [/workdir/hadoop-ozone/ozonefs/target/test-dir/MiniOzoneClusterImpl-da5888fd-c692-4355-82c4-91aa98cbf569/datanode-8/data/ratis] (custom)
2019-09-20 08:46:12,593 [pool-115-thread-1] INFO  storage.RaftStorageDirectory (RaftStorageDirectory.java:analyzeStorage(246)) - The storage directory /workdir/hadoop-ozone/ozonefs/target/test-dir/MiniOzoneClusterImpl-da5888fd-c692-4355-82c4-91aa98cbf569/datanode-8/data/ratis/2c9fbc1c-1866-4e20-9112-61e298850767 does not exist. Creating ...
2019-09-20 08:46:12,612 [pool-115-thread-1] INFO  storage.RaftStorageDirectory (RaftStorageDirectory.java:tryLock(328)) - Lock on /workdir/hadoop-ozone/ozonefs/target/test-dir/MiniOzoneClusterImpl-da5888fd-c692-4355-82c4-91aa98cbf569/datanode-8/data/ratis/2c9fbc1c-1866-4e20-9112-61e298850767/in_use.lock acquired by nodename 7820@pr-hdds-1569-s8kj2-2266485376
2019-09-20 08:46:12,638 [pool-115-thread-1] INFO  storage.RaftStorage (RaftStorage.java:format(72)) - Storage directory /workdir/hadoop-ozone/ozonefs/target/test-dir/MiniOzoneClusterImpl-da5888fd-c692-4355-82c4-91aa98cbf569/datanode-8/data/ratis/2c9fbc1c-1866-4e20-9112-61e298850767 has been successfully formatted.
2019-09-20 08:46:12,638 [pool-115-thread-1] INFO  ratis.ContainerStateMachine (ContainerStateMachine.java:loadSnapshot(226)) - group-61E298850767: The snapshot info is null. Setting the last applied indexto:(t:0, i:~)
2019-09-20 08:46:12,638 [pool-115-thread-1] INFO  server.RaftServerConfigKeys (ConfUtils.java:logGet(43)) - raft.server.leader.election.timeout = 120s (custom)
2019-09-20 08:46:12,639 [pool-115-thread-1] INFO  server.RaftServerConfigKeys (ConfUtils.java:logGet(43)) - raft.server.log.use.memory = false (default)
2019-09-20 08:46:12,639 [pool-115-thread-1] INFO  server.RaftServerConfigKeys (ConfUtils.java:logGet(43)) - raft.server.log.purge.gap = 1000000 (custom)
2019-09-20 08:46:12,639 [pool-115-thread-1] INFO  server.RaftServerConfigKeys (ConfUtils.java:logGet(43)) - raft.server.log.appender.buffer.byte-limit = 33554432 (custom)
2019-09-20 08:46:12,639 [pool-115-thread-1] INFO  server.RaftServerConfigKeys (ConfUtils.java:logGet(43)) - raft.server.log.segment.size.max = 1048576 (custom)
2019-09-20 08:46:12,639 [pool-115-thread-1] INFO  server.RaftServerConfigKeys (ConfUtils.java:logGet(43)) - raft.server.log.segment.cache.num.max = 2 (custom)
2019-09-20 08:46:12,639 [pool-115-thread-1] INFO  segmented.SegmentedRaftLogWorker (SegmentedRaftLogWorker.java:<init>(172)) - new 735a34e4-c7c4-465a-a71d-fefc6390b8eb-SegmentedRaftLogWorker:Storage Directory /workdir/hadoop-ozone/ozonefs/target/test-dir/MiniOzoneClusterImpl-da5888fd-c692-4355-82c4-91aa98cbf569/datanode-8/data/ratis/2c9fbc1c-1866-4e20-9112-61e298850767 for RaftStorage:Storage Directory /workdir/hadoop-ozone/ozonefs/target/test-dir/MiniOzoneClusterImpl-da5888fd-c692-4355-82c4-91aa98cbf569/datanode-8/data/ratis/2c9fbc1c-1866-4e20-9112-61e298850767
2019-09-20 08:46:12,639 [pool-115-thread-1] INFO  server.RaftServerConfigKeys (ConfUtils.java:logGet(43)) - raft.server.log.queue.byte-limit = 2147483647 (custom)
2019-09-20 08:46:12,640 [pool-115-thread-1] INFO  server.RaftServerConfigKeys (ConfUtils.java:logGet(43)) - raft.server.log.queue.element-limit = 1024 (custom)
2019-09-20 08:46:12,640 [pool-115-thread-1] INFO  server.RaftServerConfigKeys (ConfUtils.java:logGet(43)) - raft.server.log.segment.size.max = 1048576 (custom)
2019-09-20 08:46:12,640 [pool-115-thread-1] INFO  server.RaftServerConfigKeys (ConfUtils.java:logGet(43)) - raft.server.log.preallocated.size = 16384 (custom)
2019-09-20 08:46:12,640 [pool-115-thread-1] INFO  server.RaftServerConfigKeys (ConfUtils.java:logGet(43)) - raft.server.log.write.buffer.size = 33554432 (custom)
2019-09-20 08:46:12,640 [pool-115-thread-1] INFO  server.RaftServerConfigKeys (ConfUtils.java:logGet(43)) - raft.server.log.force.sync.num = 128 (default)
2019-09-20 08:46:12,640 [pool-115-thread-1] INFO  server.RaftServerConfigKeys (ConfUtils.java:logGet(43)) - raft.server.log.statemachine.data.sync = true (default)
2019-09-20 08:46:12,641 [pool-115-thread-1] INFO  server.RaftServerConfigKeys (ConfUtils.java:logGet(43)) - raft.server.log.statemachine.data.sync.timeout = 10s (default)
2019-09-20 08:46:12,641 [pool-115-thread-1] INFO  server.RaftServerConfigKeys (ConfUtils.java:logGet(43)) - raft.server.log.statemachine.data.sync.timeout.retry = -1 (default)
2019-09-20 08:46:12,641 [pool-115-thread-1] INFO  server.RaftServerConfigKeys (ConfUtils.java:logGet(43)) - raft.server.log.statemachine.data.caching.enabled = true (custom)
2019-09-20 08:46:12,641 [pool-115-thread-1] INFO  segmented.SegmentedRaftLogWorker (SegmentedRaftLogWorker.java:lambda$new$0(132)) - 735a34e4-c7c4-465a-a71d-fefc6390b8eb-SegmentedRaftLogWorker:Storage Directory /workdir/hadoop-ozone/ozonefs/target/test-dir/MiniOzoneClusterImpl-da5888fd-c692-4355-82c4-91aa98cbf569/datanode-8/data/ratis/2c9fbc1c-1866-4e20-9112-61e298850767: flushIndex: setUnconditionally 0 -> -1
2019-09-20 08:46:12,641 [pool-115-thread-1] INFO  server.RaftServerConfigKeys (ConfUtils.java:logGet(43)) - raft.server.snapshot.auto.trigger.enabled = true (custom)
2019-09-20 08:46:12,642 [pool-115-thread-1] INFO  server.RaftServerConfigKeys (ConfUtils.java:logGet(43)) - raft.server.snapshot.auto.trigger.threshold = 10000 (custom)
2019-09-20 08:46:12,642 [pool-115-thread-1] INFO  server.RaftServerConfigKeys (ConfUtils.java:logGet(43)) - raft.server.retrycache.expirytime = 600000ms (custom)
2019-09-20 08:46:12,642 [pool-115-thread-1] INFO  impl.RaftServerImpl (RaftServerImpl.java:start(180)) - 735a34e4-c7c4-465a-a71d-fefc6390b8eb: start group-61E298850767
2019-09-20 08:46:12,642 [pool-115-thread-1] INFO  impl.RaftServerImpl (RaftServerImpl.java:setRole(171)) - 735a34e4-c7c4-465a-a71d-fefc6390b8eb:group-61E298850767 changes role from null to FOLLOWER at term 0 for startAsFollower
2019-09-20 08:46:12,642 [pool-115-thread-1] INFO  impl.RoleInfo (RoleInfo.java:updateAndGet(143)) - 735a34e4-c7c4-465a-a71d-fefc6390b8eb: start FollowerState
2019-09-20 08:46:12,643 [pool-115-thread-1] INFO  util.JmxRegister (JmxRegister.java:tryRegister(44)) - Successfully registered JMX Bean with object name Ratis:service=RaftServer,group=group-61E298850767,id=735a34e4-c7c4-465a-a71d-fefc6390b8eb
2019-09-20 08:46:12,645 [RatisPipelineUtilsThread] INFO  pipeline.PipelineStateManager (PipelineStateManager.java:addPipeline(56)) - Created pipeline Pipeline[ Id: 2c9fbc1c-1866-4e20-9112-61e298850767, Nodes: 735a34e4-c7c4-465a-a71d-fefc6390b8eb{ip: 192.168.36.79, host: pr-hdds-1569-s8kj2-2266485376, networkLocation: /default-rack, certSerialId: null}, Type:RATIS, Factor:ONE, State:OPEN]
2019-09-20 08:46:12,646 [RatisPipelineUtilsThread] INFO  pipeline.PipelinePlacementPolicy (PipelinePlacementPolicy.java:meetCriteria(91)) - Pipeline Placement: Doesn't meet the criteria to be viable node： a3bf3c1a-4063-48f8-b1bd-e321780611c4 Heaviness: 6 limit: 5
2019-09-20 08:46:12,646 [RatisPipelineUtilsThread] INFO  pipeline.PipelinePlacementPolicy (PipelinePlacementPolicy.java:meetCriteria(91)) - Pipeline Placement: Doesn't meet the criteria to be viable node： 0d845cc3-b0d9-47c5-b935-74fa0be2c903 Heaviness: 6 limit: 5
2019-09-20 08:46:12,646 [RatisPipelineUtilsThread] INFO  pipeline.PipelinePlacementPolicy (PipelinePlacementPolicy.java:meetCriteria(91)) - Pipeline Placement: Doesn't meet the criteria to be viable node： e997423e-4090-4042-87ee-7419d4cf7365 Heaviness: 6 limit: 5
2019-09-20 08:46:12,646 [RatisPipelineUtilsThread] INFO  pipeline.PipelinePlacementPolicy (PipelinePlacementPolicy.java:meetCriteria(91)) - Pipeline Placement: Doesn't meet the criteria to be viable node： 1cc75455-5fc2-459e-9e17-b902eb9cc08f Heaviness: 6 limit: 5
2019-09-20 08:46:12,646 [RatisPipelineUtilsThread] INFO  pipeline.PipelinePlacementPolicy (PipelinePlacementPolicy.java:meetCriteria(91)) - Pipeline Placement: Doesn't meet the criteria to be viable node： 1e702f59-a831-439b-ba97-9c7e4d303d93 Heaviness: 6 limit: 5
2019-09-20 08:46:12,647 [RatisPipelineUtilsThread] INFO  pipeline.PipelinePlacementPolicy (PipelinePlacementPolicy.java:meetCriteria(91)) - Pipeline Placement: Doesn't meet the criteria to be viable node： 3ea69b51-ea1d-40b9-a82f-433a48a46bff Heaviness: 6 limit: 5
2019-09-20 08:46:12,647 [RatisPipelineUtilsThread] INFO  pipeline.PipelinePlacementPolicy (PipelinePlacementPolicy.java:meetCriteria(91)) - Pipeline Placement: Doesn't meet the criteria to be viable node： 4eb079c5-a63c-4d36-97af-76873864fc0c Heaviness: 6 limit: 5
2019-09-20 08:46:12,652 [grpc-default-executor-1] INFO  impl.RaftServerProxy (RaftServerProxy.java:addNew(89)) - d3d24c2e-887e-42af-9ac0-80e26c3dc807: addNew group-DAC5A3E459AC:[d3d24c2e-887e-42af-9ac0-80e26c3dc807:192.168.36.79:46632] returns group-DAC5A3E459AC:java.util.concurrent.CompletableFuture@727ed570[Not completed]
2019-09-20 08:46:12,653 [pool-104-thread-1] INFO  impl.RaftServerImpl (RaftServerImpl.java:<init>(93)) - d3d24c2e-887e-42af-9ac0-80e26c3dc807: new RaftServerImpl for group-DAC5A3E459AC:[d3d24c2e-887e-42af-9ac0-80e26c3dc807:192.168.36.79:46632] with ContainerStateMachine:uninitialized
2019-09-20 08:46:12,653 [pool-104-thread-1] INFO  server.RaftServerConfigKeys (ConfUtils.java:logGet(43)) - raft.server.rpc.timeout.min = 5s (custom)
2019-09-20 08:46:12,653 [pool-104-thread-1] INFO  server.RaftServerConfigKeys (ConfUtils.java:logGet(43)) - raft.server.rpc.timeout.max = 5200ms (custom)
2019-09-20 08:46:12,653 [pool-104-thread-1] INFO  server.RaftServerConfigKeys (ConfUtils.java:logGet(43)) - raft.server.rpcslowness.timeout = 120s (custom)
2019-09-20 08:46:12,654 [pool-104-thread-1] INFO  server.RaftServerConfigKeys (ConfUtils.java:logGet(43)) - raft.server.sleep.deviation.threshold = 300 (default)
2019-09-20 08:46:12,654 [pool-104-thread-1] INFO  server.RaftServerConfigKeys (ConfUtils.java:logGet(43)) - raft.server.log.appender.install.snapshot.enabled = false (custom)
2019-09-20 08:46:12,654 [pool-104-thread-1] INFO  impl.RaftServerImpl (ServerState.java:<init>(105)) - d3d24c2e-887e-42af-9ac0-80e26c3dc807:group-DAC5A3E459AC ConfigurationManager, init=-1: [d3d24c2e-887e-42af-9ac0-80e26c3dc807:192.168.36.79:46632], old=null, confs=<EMPTY_MAP>
2019-09-20 08:46:12,654 [pool-104-thread-1] INFO  server.RaftServerConfigKeys (ConfUtils.java:logGet(43)) - raft.server.storage.dir = [/workdir/hadoop-ozone/ozonefs/target/test-dir/MiniOzoneClusterImpl-da5888fd-c692-4355-82c4-91aa98cbf569/datanode-7/data/ratis] (custom)
2019-09-20 08:46:12,654 [pool-104-thread-1] INFO  storage.RaftStorageDirectory (RaftStorageDirectory.java:analyzeStorage(246)) - The storage directory /workdir/hadoop-ozone/ozonefs/target/test-dir/MiniOzoneClusterImpl-da5888fd-c692-4355-82c4-91aa98cbf569/datanode-7/data/ratis/075f85c4-3fcd-486f-95bb-dac5a3e459ac does not exist. Creating ...
2019-09-20 08:46:12,672 [pool-104-thread-1] INFO  storage.RaftStorageDirectory (RaftStorageDirectory.java:tryLock(328)) - Lock on /workdir/hadoop-ozone/ozonefs/target/test-dir/MiniOzoneClusterImpl-da5888fd-c692-4355-82c4-91aa98cbf569/datanode-7/data/ratis/075f85c4-3fcd-486f-95bb-dac5a3e459ac/in_use.lock acquired by nodename 7820@pr-hdds-1569-s8kj2-2266485376
2019-09-20 08:46:12,680 | INFO  | SCMAudit | user=jenkins1000 | ip=192.168.36.79 | op=SEND_HEARTBEAT {datanodeUUID=4eb079c5-a63c-4d36-97af-76873864fc0c, command=[]} | ret=SUCCESS |  
2019-09-20 08:46:12,705 [pool-104-thread-1] INFO  storage.RaftStorage (RaftStorage.java:format(72)) - Storage directory /workdir/hadoop-ozone/ozonefs/target/test-dir/MiniOzoneClusterImpl-da5888fd-c692-4355-82c4-91aa98cbf569/datanode-7/data/ratis/075f85c4-3fcd-486f-95bb-dac5a3e459ac has been successfully formatted.
2019-09-20 08:46:12,706 [pool-104-thread-1] INFO  ratis.ContainerStateMachine (ContainerStateMachine.java:loadSnapshot(226)) - group-DAC5A3E459AC: The snapshot info is null. Setting the last applied indexto:(t:0, i:~)
2019-09-20 08:46:12,706 [pool-104-thread-1] INFO  server.RaftServerConfigKeys (ConfUtils.java:logGet(43)) - raft.server.leader.election.timeout = 120s (custom)
2019-09-20 08:46:12,706 [pool-104-thread-1] INFO  server.RaftServerConfigKeys (ConfUtils.java:logGet(43)) - raft.server.log.use.memory = false (default)
2019-09-20 08:46:12,706 [pool-104-thread-1] INFO  server.RaftServerConfigKeys (ConfUtils.java:logGet(43)) - raft.server.log.purge.gap = 1000000 (custom)
2019-09-20 08:46:12,706 [pool-104-thread-1] INFO  server.RaftServerConfigKeys (ConfUtils.java:logGet(43)) - raft.server.log.appender.buffer.byte-limit = 33554432 (custom)
2019-09-20 08:46:12,706 [pool-104-thread-1] INFO  server.RaftServerConfigKeys (ConfUtils.java:logGet(43)) - raft.server.log.segment.size.max = 1048576 (custom)
2019-09-20 08:46:12,707 [pool-104-thread-1] INFO  server.RaftServerConfigKeys (ConfUtils.java:logGet(43)) - raft.server.log.segment.cache.num.max = 2 (custom)
2019-09-20 08:46:12,707 [pool-104-thread-1] INFO  segmented.SegmentedRaftLogWorker (SegmentedRaftLogWorker.java:<init>(172)) - new d3d24c2e-887e-42af-9ac0-80e26c3dc807-SegmentedRaftLogWorker:Storage Directory /workdir/hadoop-ozone/ozonefs/target/test-dir/MiniOzoneClusterImpl-da5888fd-c692-4355-82c4-91aa98cbf569/datanode-7/data/ratis/075f85c4-3fcd-486f-95bb-dac5a3e459ac for RaftStorage:Storage Directory /workdir/hadoop-ozone/ozonefs/target/test-dir/MiniOzoneClusterImpl-da5888fd-c692-4355-82c4-91aa98cbf569/datanode-7/data/ratis/075f85c4-3fcd-486f-95bb-dac5a3e459ac
2019-09-20 08:46:12,707 [pool-104-thread-1] INFO  server.RaftServerConfigKeys (ConfUtils.java:logGet(43)) - raft.server.log.queue.byte-limit = 2147483647 (custom)
2019-09-20 08:46:12,707 [pool-104-thread-1] INFO  server.RaftServerConfigKeys (ConfUtils.java:logGet(43)) - raft.server.log.queue.element-limit = 1024 (custom)
2019-09-20 08:46:12,707 [pool-104-thread-1] INFO  server.RaftServerConfigKeys (ConfUtils.java:logGet(43)) - raft.server.log.segment.size.max = 1048576 (custom)
2019-09-20 08:46:12,708 [pool-104-thread-1] INFO  server.RaftServerConfigKeys (ConfUtils.java:logGet(43)) - raft.server.log.preallocated.size = 16384 (custom)
2019-09-20 08:46:12,708 [pool-104-thread-1] INFO  server.RaftServerConfigKeys (ConfUtils.java:logGet(43)) - raft.server.log.write.buffer.size = 33554432 (custom)
2019-09-20 08:46:12,708 [pool-104-thread-1] INFO  server.RaftServerConfigKeys (ConfUtils.java:logGet(43)) - raft.server.log.force.sync.num = 128 (default)
2019-09-20 08:46:12,708 [pool-104-thread-1] INFO  server.RaftServerConfigKeys (ConfUtils.java:logGet(43)) - raft.server.log.statemachine.data.sync = true (default)
2019-09-20 08:46:12,708 [pool-104-thread-1] INFO  server.RaftServerConfigKeys (ConfUtils.java:logGet(43)) - raft.server.log.statemachine.data.sync.timeout = 10s (default)
2019-09-20 08:46:12,708 [pool-104-thread-1] INFO  server.RaftServerConfigKeys (ConfUtils.java:logGet(43)) - raft.server.log.statemachine.data.sync.timeout.retry = -1 (default)
2019-09-20 08:46:12,709 [pool-104-thread-1] INFO  server.RaftServerConfigKeys (ConfUtils.java:logGet(43)) - raft.server.log.statemachine.data.caching.enabled = true (custom)
2019-09-20 08:46:12,709 [pool-104-thread-1] INFO  segmented.SegmentedRaftLogWorker (SegmentedRaftLogWorker.java:lambda$new$0(132)) - d3d24c2e-887e-42af-9ac0-80e26c3dc807-SegmentedRaftLogWorker:Storage Directory /workdir/hadoop-ozone/ozonefs/target/test-dir/MiniOzoneClusterImpl-da5888fd-c692-4355-82c4-91aa98cbf569/datanode-7/data/ratis/075f85c4-3fcd-486f-95bb-dac5a3e459ac: flushIndex: setUnconditionally 0 -> -1
2019-09-20 08:46:12,709 [pool-104-thread-1] INFO  server.RaftServerConfigKeys (ConfUtils.java:logGet(43)) - raft.server.snapshot.auto.trigger.enabled = true (custom)
2019-09-20 08:46:12,709 [pool-104-thread-1] INFO  server.RaftServerConfigKeys (ConfUtils.java:logGet(43)) - raft.server.snapshot.auto.trigger.threshold = 10000 (custom)
2019-09-20 08:46:12,710 [pool-104-thread-1] INFO  server.RaftServerConfigKeys (ConfUtils.java:logGet(43)) - raft.server.retrycache.expirytime = 600000ms (custom)
2019-09-20 08:46:12,710 [pool-104-thread-1] INFO  impl.RaftServerImpl (RaftServerImpl.java:start(180)) - d3d24c2e-887e-42af-9ac0-80e26c3dc807: start group-DAC5A3E459AC
2019-09-20 08:46:12,710 [pool-104-thread-1] INFO  impl.RaftServerImpl (RaftServerImpl.java:setRole(171)) - d3d24c2e-887e-42af-9ac0-80e26c3dc807:group-DAC5A3E459AC changes role from null to FOLLOWER at term 0 for startAsFollower
2019-09-20 08:46:12,710 [pool-104-thread-1] INFO  impl.RoleInfo (RoleInfo.java:updateAndGet(143)) - d3d24c2e-887e-42af-9ac0-80e26c3dc807: start FollowerState
2019-09-20 08:46:12,711 [pool-104-thread-1] INFO  util.JmxRegister (JmxRegister.java:tryRegister(44)) - Successfully registered JMX Bean with object name Ratis:service=RaftServer,group=group-DAC5A3E459AC,id=d3d24c2e-887e-42af-9ac0-80e26c3dc807
2019-09-20 08:46:12,713 [RatisPipelineUtilsThread] INFO  pipeline.PipelineStateManager (PipelineStateManager.java:addPipeline(56)) - Created pipeline Pipeline[ Id: 075f85c4-3fcd-486f-95bb-dac5a3e459ac, Nodes: d3d24c2e-887e-42af-9ac0-80e26c3dc807{ip: 192.168.36.79, host: pr-hdds-1569-s8kj2-2266485376, networkLocation: /default-rack, certSerialId: null}, Type:RATIS, Factor:ONE, State:OPEN]
2019-09-20 08:46:12,714 [RatisPipelineUtilsThread] INFO  pipeline.PipelinePlacementPolicy (PipelinePlacementPolicy.java:meetCriteria(91)) - Pipeline Placement: Doesn't meet the criteria to be viable node： a3bf3c1a-4063-48f8-b1bd-e321780611c4 Heaviness: 6 limit: 5
2019-09-20 08:46:12,714 [RatisPipelineUtilsThread] INFO  pipeline.PipelinePlacementPolicy (PipelinePlacementPolicy.java:meetCriteria(91)) - Pipeline Placement: Doesn't meet the criteria to be viable node： 0d845cc3-b0d9-47c5-b935-74fa0be2c903 Heaviness: 6 limit: 5
2019-09-20 08:46:12,714 [RatisPipelineUtilsThread] INFO  pipeline.PipelinePlacementPolicy (PipelinePlacementPolicy.java:meetCriteria(91)) - Pipeline Placement: Doesn't meet the criteria to be viable node： e997423e-4090-4042-87ee-7419d4cf7365 Heaviness: 6 limit: 5
2019-09-20 08:46:12,714 [RatisPipelineUtilsThread] INFO  pipeline.PipelinePlacementPolicy (PipelinePlacementPolicy.java:meetCriteria(91)) - Pipeline Placement: Doesn't meet the criteria to be viable node： 1cc75455-5fc2-459e-9e17-b902eb9cc08f Heaviness: 6 limit: 5
2019-09-20 08:46:12,714 [RatisPipelineUtilsThread] INFO  pipeline.PipelinePlacementPolicy (PipelinePlacementPolicy.java:meetCriteria(91)) - Pipeline Placement: Doesn't meet the criteria to be viable node： 1e702f59-a831-439b-ba97-9c7e4d303d93 Heaviness: 6 limit: 5
2019-09-20 08:46:12,714 [RatisPipelineUtilsThread] INFO  pipeline.PipelinePlacementPolicy (PipelinePlacementPolicy.java:meetCriteria(91)) - Pipeline Placement: Doesn't meet the criteria to be viable node： 3ea69b51-ea1d-40b9-a82f-433a48a46bff Heaviness: 6 limit: 5
2019-09-20 08:46:12,715 [RatisPipelineUtilsThread] INFO  pipeline.PipelinePlacementPolicy (PipelinePlacementPolicy.java:meetCriteria(91)) - Pipeline Placement: Doesn't meet the criteria to be viable node： 4eb079c5-a63c-4d36-97af-76873864fc0c Heaviness: 6 limit: 5
2019-09-20 08:46:12,721 [grpc-default-executor-1] INFO  impl.RaftServerProxy (RaftServerProxy.java:addNew(89)) - d3d24c2e-887e-42af-9ac0-80e26c3dc807: addNew group-F6B80E624855:[d3d24c2e-887e-42af-9ac0-80e26c3dc807:192.168.36.79:46632] returns group-F6B80E624855:java.util.concurrent.CompletableFuture@a1fa3a[Not completed]
2019-09-20 08:46:12,722 [pool-104-thread-1] INFO  impl.RaftServerImpl (RaftServerImpl.java:<init>(93)) - d3d24c2e-887e-42af-9ac0-80e26c3dc807: new RaftServerImpl for group-F6B80E624855:[d3d24c2e-887e-42af-9ac0-80e26c3dc807:192.168.36.79:46632] with ContainerStateMachine:uninitialized
2019-09-20 08:46:12,722 [pool-104-thread-1] INFO  server.RaftServerConfigKeys (ConfUtils.java:logGet(43)) - raft.server.rpc.timeout.min = 5s (custom)
2019-09-20 08:46:12,722 [pool-104-thread-1] INFO  server.RaftServerConfigKeys (ConfUtils.java:logGet(43)) - raft.server.rpc.timeout.max = 5200ms (custom)
2019-09-20 08:46:12,722 [pool-104-thread-1] INFO  server.RaftServerConfigKeys (ConfUtils.java:logGet(43)) - raft.server.rpcslowness.timeout = 120s (custom)
2019-09-20 08:46:12,723 [pool-104-thread-1] INFO  server.RaftServerConfigKeys (ConfUtils.java:logGet(43)) - raft.server.sleep.deviation.threshold = 300 (default)
2019-09-20 08:46:12,723 [pool-104-thread-1] INFO  server.RaftServerConfigKeys (ConfUtils.java:logGet(43)) - raft.server.log.appender.install.snapshot.enabled = false (custom)
2019-09-20 08:46:12,723 [pool-104-thread-1] INFO  impl.RaftServerImpl (ServerState.java:<init>(105)) - d3d24c2e-887e-42af-9ac0-80e26c3dc807:group-F6B80E624855 ConfigurationManager, init=-1: [d3d24c2e-887e-42af-9ac0-80e26c3dc807:192.168.36.79:46632], old=null, confs=<EMPTY_MAP>
2019-09-20 08:46:12,723 [pool-104-thread-1] INFO  server.RaftServerConfigKeys (ConfUtils.java:logGet(43)) - raft.server.storage.dir = [/workdir/hadoop-ozone/ozonefs/target/test-dir/MiniOzoneClusterImpl-da5888fd-c692-4355-82c4-91aa98cbf569/datanode-7/data/ratis] (custom)
2019-09-20 08:46:12,723 [pool-104-thread-1] INFO  storage.RaftStorageDirectory (RaftStorageDirectory.java:analyzeStorage(246)) - The storage directory /workdir/hadoop-ozone/ozonefs/target/test-dir/MiniOzoneClusterImpl-da5888fd-c692-4355-82c4-91aa98cbf569/datanode-7/data/ratis/596e5f56-a6c2-407c-a386-f6b80e624855 does not exist. Creating ...
2019-09-20 08:46:12,734 | INFO  | SCMAudit | user=jenkins1000 | ip=192.168.36.79 | op=SEND_HEARTBEAT {datanodeUUID=e997423e-4090-4042-87ee-7419d4cf7365, command=[]} | ret=SUCCESS |  
2019-09-20 08:46:12,739 [pool-104-thread-1] INFO  storage.RaftStorageDirectory (RaftStorageDirectory.java:tryLock(328)) - Lock on /workdir/hadoop-ozone/ozonefs/target/test-dir/MiniOzoneClusterImpl-da5888fd-c692-4355-82c4-91aa98cbf569/datanode-7/data/ratis/596e5f56-a6c2-407c-a386-f6b80e624855/in_use.lock acquired by nodename 7820@pr-hdds-1569-s8kj2-2266485376
2019-09-20 08:46:12,756 [pool-104-thread-1] INFO  storage.RaftStorage (RaftStorage.java:format(72)) - Storage directory /workdir/hadoop-ozone/ozonefs/target/test-dir/MiniOzoneClusterImpl-da5888fd-c692-4355-82c4-91aa98cbf569/datanode-7/data/ratis/596e5f56-a6c2-407c-a386-f6b80e624855 has been successfully formatted.
2019-09-20 08:46:12,756 [pool-104-thread-1] INFO  ratis.ContainerStateMachine (ContainerStateMachine.java:loadSnapshot(226)) - group-F6B80E624855: The snapshot info is null. Setting the last applied indexto:(t:0, i:~)
2019-09-20 08:46:12,757 [pool-104-thread-1] INFO  server.RaftServerConfigKeys (ConfUtils.java:logGet(43)) - raft.server.leader.election.timeout = 120s (custom)
2019-09-20 08:46:12,757 [pool-104-thread-1] INFO  server.RaftServerConfigKeys (ConfUtils.java:logGet(43)) - raft.server.log.use.memory = false (default)
2019-09-20 08:46:12,757 [pool-104-thread-1] INFO  server.RaftServerConfigKeys (ConfUtils.java:logGet(43)) - raft.server.log.purge.gap = 1000000 (custom)
2019-09-20 08:46:12,757 [pool-104-thread-1] INFO  server.RaftServerConfigKeys (ConfUtils.java:logGet(43)) - raft.server.log.appender.buffer.byte-limit = 33554432 (custom)
2019-09-20 08:46:12,757 [pool-104-thread-1] INFO  server.RaftServerConfigKeys (ConfUtils.java:logGet(43)) - raft.server.log.segment.size.max = 1048576 (custom)
2019-09-20 08:46:12,757 [pool-104-thread-1] INFO  server.RaftServerConfigKeys (ConfUtils.java:logGet(43)) - raft.server.log.segment.cache.num.max = 2 (custom)
2019-09-20 08:46:12,758 [pool-104-thread-1] INFO  segmented.SegmentedRaftLogWorker (SegmentedRaftLogWorker.java:<init>(172)) - new d3d24c2e-887e-42af-9ac0-80e26c3dc807-SegmentedRaftLogWorker:Storage Directory /workdir/hadoop-ozone/ozonefs/target/test-dir/MiniOzoneClusterImpl-da5888fd-c692-4355-82c4-91aa98cbf569/datanode-7/data/ratis/596e5f56-a6c2-407c-a386-f6b80e624855 for RaftStorage:Storage Directory /workdir/hadoop-ozone/ozonefs/target/test-dir/MiniOzoneClusterImpl-da5888fd-c692-4355-82c4-91aa98cbf569/datanode-7/data/ratis/596e5f56-a6c2-407c-a386-f6b80e624855
2019-09-20 08:46:12,758 [pool-104-thread-1] INFO  server.RaftServerConfigKeys (ConfUtils.java:logGet(43)) - raft.server.log.queue.byte-limit = 2147483647 (custom)
2019-09-20 08:46:12,758 [pool-104-thread-1] INFO  server.RaftServerConfigKeys (ConfUtils.java:logGet(43)) - raft.server.log.queue.element-limit = 1024 (custom)
2019-09-20 08:46:12,758 [pool-104-thread-1] INFO  server.RaftServerConfigKeys (ConfUtils.java:logGet(43)) - raft.server.log.segment.size.max = 1048576 (custom)
2019-09-20 08:46:12,758 [pool-104-thread-1] INFO  server.RaftServerConfigKeys (ConfUtils.java:logGet(43)) - raft.server.log.preallocated.size = 16384 (custom)
2019-09-20 08:46:12,758 [pool-104-thread-1] INFO  server.RaftServerConfigKeys (ConfUtils.java:logGet(43)) - raft.server.log.write.buffer.size = 33554432 (custom)
2019-09-20 08:46:12,759 [pool-104-thread-1] INFO  server.RaftServerConfigKeys (ConfUtils.java:logGet(43)) - raft.server.log.force.sync.num = 128 (default)
2019-09-20 08:46:12,759 [pool-104-thread-1] INFO  server.RaftServerConfigKeys (ConfUtils.java:logGet(43)) - raft.server.log.statemachine.data.sync = true (default)
2019-09-20 08:46:12,759 [pool-104-thread-1] INFO  server.RaftServerConfigKeys (ConfUtils.java:logGet(43)) - raft.server.log.statemachine.data.sync.timeout = 10s (default)
2019-09-20 08:46:12,759 [pool-104-thread-1] INFO  server.RaftServerConfigKeys (ConfUtils.java:logGet(43)) - raft.server.log.statemachine.data.sync.timeout.retry = -1 (default)
2019-09-20 08:46:12,759 [pool-104-thread-1] INFO  server.RaftServerConfigKeys (ConfUtils.java:logGet(43)) - raft.server.log.statemachine.data.caching.enabled = true (custom)
2019-09-20 08:46:12,760 [pool-104-thread-1] INFO  segmented.SegmentedRaftLogWorker (SegmentedRaftLogWorker.java:lambda$new$0(132)) - d3d24c2e-887e-42af-9ac0-80e26c3dc807-SegmentedRaftLogWorker:Storage Directory /workdir/hadoop-ozone/ozonefs/target/test-dir/MiniOzoneClusterImpl-da5888fd-c692-4355-82c4-91aa98cbf569/datanode-7/data/ratis/596e5f56-a6c2-407c-a386-f6b80e624855: flushIndex: setUnconditionally 0 -> -1
2019-09-20 08:46:12,760 [pool-104-thread-1] INFO  server.RaftServerConfigKeys (ConfUtils.java:logGet(43)) - raft.server.snapshot.auto.trigger.enabled = true (custom)
2019-09-20 08:46:12,760 [pool-104-thread-1] INFO  server.RaftServerConfigKeys (ConfUtils.java:logGet(43)) - raft.server.snapshot.auto.trigger.threshold = 10000 (custom)
2019-09-20 08:46:12,760 [pool-104-thread-1] INFO  server.RaftServerConfigKeys (ConfUtils.java:logGet(43)) - raft.server.retrycache.expirytime = 600000ms (custom)
2019-09-20 08:46:12,761 [pool-104-thread-1] INFO  impl.RaftServerImpl (RaftServerImpl.java:start(180)) - d3d24c2e-887e-42af-9ac0-80e26c3dc807: start group-F6B80E624855
2019-09-20 08:46:12,761 [pool-104-thread-1] INFO  impl.RaftServerImpl (RaftServerImpl.java:setRole(171)) - d3d24c2e-887e-42af-9ac0-80e26c3dc807:group-F6B80E624855 changes role from null to FOLLOWER at term 0 for startAsFollower
2019-09-20 08:46:12,761 [pool-104-thread-1] INFO  impl.RoleInfo (RoleInfo.java:updateAndGet(143)) - d3d24c2e-887e-42af-9ac0-80e26c3dc807: start FollowerState
2019-09-20 08:46:12,761 [pool-104-thread-1] INFO  util.JmxRegister (JmxRegister.java:tryRegister(44)) - Successfully registered JMX Bean with object name Ratis:service=RaftServer,group=group-F6B80E624855,id=d3d24c2e-887e-42af-9ac0-80e26c3dc807
2019-09-20 08:46:12,764 [RatisPipelineUtilsThread] INFO  pipeline.PipelineStateManager (PipelineStateManager.java:addPipeline(56)) - Created pipeline Pipeline[ Id: 596e5f56-a6c2-407c-a386-f6b80e624855, Nodes: d3d24c2e-887e-42af-9ac0-80e26c3dc807{ip: 192.168.36.79, host: pr-hdds-1569-s8kj2-2266485376, networkLocation: /default-rack, certSerialId: null}, Type:RATIS, Factor:ONE, State:OPEN]
2019-09-20 08:46:12,764 [RatisPipelineUtilsThread] INFO  pipeline.PipelinePlacementPolicy (PipelinePlacementPolicy.java:meetCriteria(91)) - Pipeline Placement: Doesn't meet the criteria to be viable node： a3bf3c1a-4063-48f8-b1bd-e321780611c4 Heaviness: 6 limit: 5
2019-09-20 08:46:12,764 [RatisPipelineUtilsThread] INFO  pipeline.PipelinePlacementPolicy (PipelinePlacementPolicy.java:meetCriteria(91)) - Pipeline Placement: Doesn't meet the criteria to be viable node： 0d845cc3-b0d9-47c5-b935-74fa0be2c903 Heaviness: 6 limit: 5
2019-09-20 08:46:12,765 [RatisPipelineUtilsThread] INFO  pipeline.PipelinePlacementPolicy (PipelinePlacementPolicy.java:meetCriteria(91)) - Pipeline Placement: Doesn't meet the criteria to be viable node： d3d24c2e-887e-42af-9ac0-80e26c3dc807 Heaviness: 6 limit: 5
2019-09-20 08:46:12,765 [RatisPipelineUtilsThread] INFO  pipeline.PipelinePlacementPolicy (PipelinePlacementPolicy.java:meetCriteria(91)) - Pipeline Placement: Doesn't meet the criteria to be viable node： e997423e-4090-4042-87ee-7419d4cf7365 Heaviness: 6 limit: 5
2019-09-20 08:46:12,765 [RatisPipelineUtilsThread] INFO  pipeline.PipelinePlacementPolicy (PipelinePlacementPolicy.java:meetCriteria(91)) - Pipeline Placement: Doesn't meet the criteria to be viable node： 1cc75455-5fc2-459e-9e17-b902eb9cc08f Heaviness: 6 limit: 5
2019-09-20 08:46:12,765 [RatisPipelineUtilsThread] INFO  pipeline.PipelinePlacementPolicy (PipelinePlacementPolicy.java:meetCriteria(91)) - Pipeline Placement: Doesn't meet the criteria to be viable node： 1e702f59-a831-439b-ba97-9c7e4d303d93 Heaviness: 6 limit: 5
2019-09-20 08:46:12,765 [RatisPipelineUtilsThread] INFO  pipeline.PipelinePlacementPolicy (PipelinePlacementPolicy.java:meetCriteria(91)) - Pipeline Placement: Doesn't meet the criteria to be viable node： 3ea69b51-ea1d-40b9-a82f-433a48a46bff Heaviness: 6 limit: 5
2019-09-20 08:46:12,765 [RatisPipelineUtilsThread] INFO  pipeline.PipelinePlacementPolicy (PipelinePlacementPolicy.java:meetCriteria(91)) - Pipeline Placement: Doesn't meet the criteria to be viable node： 4eb079c5-a63c-4d36-97af-76873864fc0c Heaviness: 6 limit: 5
2019-09-20 08:46:12,770 [grpc-default-executor-1] INFO  impl.RaftServerProxy (RaftServerProxy.java:addNew(89)) - 735a34e4-c7c4-465a-a71d-fefc6390b8eb: addNew group-51192A19969A:[735a34e4-c7c4-465a-a71d-fefc6390b8eb:192.168.36.79:38484] returns group-51192A19969A:java.util.concurrent.CompletableFuture@43e19e5e[Not completed]
2019-09-20 08:46:12,772 [pool-115-thread-1] INFO  impl.RaftServerImpl (RaftServerImpl.java:<init>(93)) - 735a34e4-c7c4-465a-a71d-fefc6390b8eb: new RaftServerImpl for group-51192A19969A:[735a34e4-c7c4-465a-a71d-fefc6390b8eb:192.168.36.79:38484] with ContainerStateMachine:uninitialized
2019-09-20 08:46:12,772 [pool-115-thread-1] INFO  server.RaftServerConfigKeys (ConfUtils.java:logGet(43)) - raft.server.rpc.timeout.min = 5s (custom)
2019-09-20 08:46:12,772 [pool-115-thread-1] INFO  server.RaftServerConfigKeys (ConfUtils.java:logGet(43)) - raft.server.rpc.timeout.max = 5200ms (custom)
2019-09-20 08:46:12,772 [pool-115-thread-1] INFO  server.RaftServerConfigKeys (ConfUtils.java:logGet(43)) - raft.server.rpcslowness.timeout = 120s (custom)
2019-09-20 08:46:12,772 [pool-115-thread-1] INFO  server.RaftServerConfigKeys (ConfUtils.java:logGet(43)) - raft.server.sleep.deviation.threshold = 300 (default)
2019-09-20 08:46:12,773 [pool-115-thread-1] INFO  server.RaftServerConfigKeys (ConfUtils.java:logGet(43)) - raft.server.log.appender.install.snapshot.enabled = false (custom)
2019-09-20 08:46:12,773 [pool-115-thread-1] INFO  impl.RaftServerImpl (ServerState.java:<init>(105)) - 735a34e4-c7c4-465a-a71d-fefc6390b8eb:group-51192A19969A ConfigurationManager, init=-1: [735a34e4-c7c4-465a-a71d-fefc6390b8eb:192.168.36.79:38484], old=null, confs=<EMPTY_MAP>
2019-09-20 08:46:12,773 [pool-115-thread-1] INFO  server.RaftServerConfigKeys (ConfUtils.java:logGet(43)) - raft.server.storage.dir = [/workdir/hadoop-ozone/ozonefs/target/test-dir/MiniOzoneClusterImpl-da5888fd-c692-4355-82c4-91aa98cbf569/datanode-8/data/ratis] (custom)
2019-09-20 08:46:12,773 [pool-115-thread-1] INFO  storage.RaftStorageDirectory (RaftStorageDirectory.java:analyzeStorage(246)) - The storage directory /workdir/hadoop-ozone/ozonefs/target/test-dir/MiniOzoneClusterImpl-da5888fd-c692-4355-82c4-91aa98cbf569/datanode-8/data/ratis/4400b821-6cbc-42b9-9432-51192a19969a does not exist. Creating ...
2019-09-20 08:46:12,798 [pool-115-thread-1] INFO  storage.RaftStorageDirectory (RaftStorageDirectory.java:tryLock(328)) - Lock on /workdir/hadoop-ozone/ozonefs/target/test-dir/MiniOzoneClusterImpl-da5888fd-c692-4355-82c4-91aa98cbf569/datanode-8/data/ratis/4400b821-6cbc-42b9-9432-51192a19969a/in_use.lock acquired by nodename 7820@pr-hdds-1569-s8kj2-2266485376
2019-09-20 08:46:12,824 [pool-115-thread-1] INFO  storage.RaftStorage (RaftStorage.java:format(72)) - Storage directory /workdir/hadoop-ozone/ozonefs/target/test-dir/MiniOzoneClusterImpl-da5888fd-c692-4355-82c4-91aa98cbf569/datanode-8/data/ratis/4400b821-6cbc-42b9-9432-51192a19969a has been successfully formatted.
2019-09-20 08:46:12,825 [pool-115-thread-1] INFO  ratis.ContainerStateMachine (ContainerStateMachine.java:loadSnapshot(226)) - group-51192A19969A: The snapshot info is null. Setting the last applied indexto:(t:0, i:~)
2019-09-20 08:46:12,825 [pool-115-thread-1] INFO  server.RaftServerConfigKeys (ConfUtils.java:logGet(43)) - raft.server.leader.election.timeout = 120s (custom)
2019-09-20 08:46:12,825 [pool-115-thread-1] INFO  server.RaftServerConfigKeys (ConfUtils.java:logGet(43)) - raft.server.log.use.memory = false (default)
2019-09-20 08:46:12,825 [pool-115-thread-1] INFO  server.RaftServerConfigKeys (ConfUtils.java:logGet(43)) - raft.server.log.purge.gap = 1000000 (custom)
2019-09-20 08:46:12,825 [pool-115-thread-1] INFO  server.RaftServerConfigKeys (ConfUtils.java:logGet(43)) - raft.server.log.appender.buffer.byte-limit = 33554432 (custom)
2019-09-20 08:46:12,825 [pool-115-thread-1] INFO  server.RaftServerConfigKeys (ConfUtils.java:logGet(43)) - raft.server.log.segment.size.max = 1048576 (custom)
2019-09-20 08:46:12,825 [pool-115-thread-1] INFO  server.RaftServerConfigKeys (ConfUtils.java:logGet(43)) - raft.server.log.segment.cache.num.max = 2 (custom)
2019-09-20 08:46:12,826 [pool-115-thread-1] INFO  segmented.SegmentedRaftLogWorker (SegmentedRaftLogWorker.java:<init>(172)) - new 735a34e4-c7c4-465a-a71d-fefc6390b8eb-SegmentedRaftLogWorker:Storage Directory /workdir/hadoop-ozone/ozonefs/target/test-dir/MiniOzoneClusterImpl-da5888fd-c692-4355-82c4-91aa98cbf569/datanode-8/data/ratis/4400b821-6cbc-42b9-9432-51192a19969a for RaftStorage:Storage Directory /workdir/hadoop-ozone/ozonefs/target/test-dir/MiniOzoneClusterImpl-da5888fd-c692-4355-82c4-91aa98cbf569/datanode-8/data/ratis/4400b821-6cbc-42b9-9432-51192a19969a
2019-09-20 08:46:12,826 [pool-115-thread-1] INFO  server.RaftServerConfigKeys (ConfUtils.java:logGet(43)) - raft.server.log.queue.byte-limit = 2147483647 (custom)
2019-09-20 08:46:12,826 | INFO  | SCMAudit | user=jenkins1000 | ip=192.168.36.79 | op=SEND_HEARTBEAT {datanodeUUID=3d9fb88f-ef2a-412e-bafc-a0084682cc47, command=[]} | ret=SUCCESS |  
2019-09-20 08:46:12,826 [pool-115-thread-1] INFO  server.RaftServerConfigKeys (ConfUtils.java:logGet(43)) - raft.server.log.queue.element-limit = 1024 (custom)
2019-09-20 08:46:12,826 [pool-115-thread-1] INFO  server.RaftServerConfigKeys (ConfUtils.java:logGet(43)) - raft.server.log.segment.size.max = 1048576 (custom)
2019-09-20 08:46:12,826 [pool-115-thread-1] INFO  server.RaftServerConfigKeys (ConfUtils.java:logGet(43)) - raft.server.log.preallocated.size = 16384 (custom)
2019-09-20 08:46:12,826 [pool-115-thread-1] INFO  server.RaftServerConfigKeys (ConfUtils.java:logGet(43)) - raft.server.log.write.buffer.size = 33554432 (custom)
2019-09-20 08:46:12,827 [pool-115-thread-1] INFO  server.RaftServerConfigKeys (ConfUtils.java:logGet(43)) - raft.server.log.force.sync.num = 128 (default)
2019-09-20 08:46:12,827 [pool-115-thread-1] INFO  server.RaftServerConfigKeys (ConfUtils.java:logGet(43)) - raft.server.log.statemachine.data.sync = true (default)
2019-09-20 08:46:12,827 [pool-115-thread-1] INFO  server.RaftServerConfigKeys (ConfUtils.java:logGet(43)) - raft.server.log.statemachine.data.sync.timeout = 10s (default)
2019-09-20 08:46:12,827 [pool-115-thread-1] INFO  server.RaftServerConfigKeys (ConfUtils.java:logGet(43)) - raft.server.log.statemachine.data.sync.timeout.retry = -1 (default)
2019-09-20 08:46:12,827 [pool-115-thread-1] INFO  server.RaftServerConfigKeys (ConfUtils.java:logGet(43)) - raft.server.log.statemachine.data.caching.enabled = true (custom)
2019-09-20 08:46:12,827 [pool-115-thread-1] INFO  segmented.SegmentedRaftLogWorker (SegmentedRaftLogWorker.java:lambda$new$0(132)) - 735a34e4-c7c4-465a-a71d-fefc6390b8eb-SegmentedRaftLogWorker:Storage Directory /workdir/hadoop-ozone/ozonefs/target/test-dir/MiniOzoneClusterImpl-da5888fd-c692-4355-82c4-91aa98cbf569/datanode-8/data/ratis/4400b821-6cbc-42b9-9432-51192a19969a: flushIndex: setUnconditionally 0 -> -1
2019-09-20 08:46:12,828 [pool-115-thread-1] INFO  server.RaftServerConfigKeys (ConfUtils.java:logGet(43)) - raft.server.snapshot.auto.trigger.enabled = true (custom)
2019-09-20 08:46:12,828 [pool-115-thread-1] INFO  server.RaftServerConfigKeys (ConfUtils.java:logGet(43)) - raft.server.snapshot.auto.trigger.threshold = 10000 (custom)
2019-09-20 08:46:12,828 [pool-115-thread-1] INFO  server.RaftServerConfigKeys (ConfUtils.java:logGet(43)) - raft.server.retrycache.expirytime = 600000ms (custom)
2019-09-20 08:46:12,828 [pool-115-thread-1] INFO  impl.RaftServerImpl (RaftServerImpl.java:start(180)) - 735a34e4-c7c4-465a-a71d-fefc6390b8eb: start group-51192A19969A
2019-09-20 08:46:12,828 [pool-115-thread-1] INFO  impl.RaftServerImpl (RaftServerImpl.java:setRole(171)) - 735a34e4-c7c4-465a-a71d-fefc6390b8eb:group-51192A19969A changes role from null to FOLLOWER at term 0 for startAsFollower
2019-09-20 08:46:12,828 [pool-115-thread-1] INFO  impl.RoleInfo (RoleInfo.java:updateAndGet(143)) - 735a34e4-c7c4-465a-a71d-fefc6390b8eb: start FollowerState
2019-09-20 08:46:12,829 [pool-115-thread-1] INFO  util.JmxRegister (JmxRegister.java:tryRegister(44)) - Successfully registered JMX Bean with object name Ratis:service=RaftServer,group=group-51192A19969A,id=735a34e4-c7c4-465a-a71d-fefc6390b8eb
2019-09-20 08:46:12,831 [RatisPipelineUtilsThread] INFO  pipeline.PipelineStateManager (PipelineStateManager.java:addPipeline(56)) - Created pipeline Pipeline[ Id: 4400b821-6cbc-42b9-9432-51192a19969a, Nodes: 735a34e4-c7c4-465a-a71d-fefc6390b8eb{ip: 192.168.36.79, host: pr-hdds-1569-s8kj2-2266485376, networkLocation: /default-rack, certSerialId: null}, Type:RATIS, Factor:ONE, State:OPEN]
2019-09-20 08:46:12,831 [RatisPipelineUtilsThread] INFO  pipeline.PipelinePlacementPolicy (PipelinePlacementPolicy.java:meetCriteria(91)) - Pipeline Placement: Doesn't meet the criteria to be viable node： a3bf3c1a-4063-48f8-b1bd-e321780611c4 Heaviness: 6 limit: 5
2019-09-20 08:46:12,831 [RatisPipelineUtilsThread] INFO  pipeline.PipelinePlacementPolicy (PipelinePlacementPolicy.java:meetCriteria(91)) - Pipeline Placement: Doesn't meet the criteria to be viable node： 0d845cc3-b0d9-47c5-b935-74fa0be2c903 Heaviness: 6 limit: 5
2019-09-20 08:46:12,832 [RatisPipelineUtilsThread] INFO  pipeline.PipelinePlacementPolicy (PipelinePlacementPolicy.java:meetCriteria(91)) - Pipeline Placement: Doesn't meet the criteria to be viable node： d3d24c2e-887e-42af-9ac0-80e26c3dc807 Heaviness: 6 limit: 5
2019-09-20 08:46:12,832 [RatisPipelineUtilsThread] INFO  pipeline.PipelinePlacementPolicy (PipelinePlacementPolicy.java:meetCriteria(91)) - Pipeline Placement: Doesn't meet the criteria to be viable node： e997423e-4090-4042-87ee-7419d4cf7365 Heaviness: 6 limit: 5
2019-09-20 08:46:12,832 [RatisPipelineUtilsThread] INFO  pipeline.PipelinePlacementPolicy (PipelinePlacementPolicy.java:meetCriteria(91)) - Pipeline Placement: Doesn't meet the criteria to be viable node： 1cc75455-5fc2-459e-9e17-b902eb9cc08f Heaviness: 6 limit: 5
2019-09-20 08:46:12,832 [RatisPipelineUtilsThread] INFO  pipeline.PipelinePlacementPolicy (PipelinePlacementPolicy.java:meetCriteria(91)) - Pipeline Placement: Doesn't meet the criteria to be viable node： 1e702f59-a831-439b-ba97-9c7e4d303d93 Heaviness: 6 limit: 5
2019-09-20 08:46:12,832 [RatisPipelineUtilsThread] INFO  pipeline.PipelinePlacementPolicy (PipelinePlacementPolicy.java:meetCriteria(91)) - Pipeline Placement: Doesn't meet the criteria to be viable node： 3ea69b51-ea1d-40b9-a82f-433a48a46bff Heaviness: 6 limit: 5
2019-09-20 08:46:12,832 [RatisPipelineUtilsThread] INFO  pipeline.PipelinePlacementPolicy (PipelinePlacementPolicy.java:meetCriteria(91)) - Pipeline Placement: Doesn't meet the criteria to be viable node： 4eb079c5-a63c-4d36-97af-76873864fc0c Heaviness: 6 limit: 5
2019-09-20 08:46:12,838 [grpc-default-executor-1] INFO  impl.RaftServerProxy (RaftServerProxy.java:addNew(89)) - 3d9fb88f-ef2a-412e-bafc-a0084682cc47: addNew group-15D63AA73342:[3d9fb88f-ef2a-412e-bafc-a0084682cc47:192.168.36.79:36901] returns group-15D63AA73342:java.util.concurrent.CompletableFuture@7ce3a189[Not completed]
2019-09-20 08:46:12,840 [pool-126-thread-1] INFO  impl.RaftServerImpl (RaftServerImpl.java:<init>(93)) - 3d9fb88f-ef2a-412e-bafc-a0084682cc47: new RaftServerImpl for group-15D63AA73342:[3d9fb88f-ef2a-412e-bafc-a0084682cc47:192.168.36.79:36901] with ContainerStateMachine:uninitialized
2019-09-20 08:46:12,840 [pool-126-thread-1] INFO  server.RaftServerConfigKeys (ConfUtils.java:logGet(43)) - raft.server.rpc.timeout.min = 5s (custom)
2019-09-20 08:46:12,840 [pool-126-thread-1] INFO  server.RaftServerConfigKeys (ConfUtils.java:logGet(43)) - raft.server.rpc.timeout.max = 5200ms (custom)
2019-09-20 08:46:12,840 [pool-126-thread-1] INFO  server.RaftServerConfigKeys (ConfUtils.java:logGet(43)) - raft.server.rpcslowness.timeout = 120s (custom)
2019-09-20 08:46:12,840 [pool-126-thread-1] INFO  server.RaftServerConfigKeys (ConfUtils.java:logGet(43)) - raft.server.sleep.deviation.threshold = 300 (default)
2019-09-20 08:46:12,840 [pool-126-thread-1] INFO  server.RaftServerConfigKeys (ConfUtils.java:logGet(43)) - raft.server.log.appender.install.snapshot.enabled = false (custom)
2019-09-20 08:46:12,840 [pool-126-thread-1] INFO  impl.RaftServerImpl (ServerState.java:<init>(105)) - 3d9fb88f-ef2a-412e-bafc-a0084682cc47:group-15D63AA73342 ConfigurationManager, init=-1: [3d9fb88f-ef2a-412e-bafc-a0084682cc47:192.168.36.79:36901], old=null, confs=<EMPTY_MAP>
2019-09-20 08:46:12,841 [pool-126-thread-1] INFO  server.RaftServerConfigKeys (ConfUtils.java:logGet(43)) - raft.server.storage.dir = [/workdir/hadoop-ozone/ozonefs/target/test-dir/MiniOzoneClusterImpl-da5888fd-c692-4355-82c4-91aa98cbf569/datanode-9/data/ratis] (custom)
2019-09-20 08:46:12,841 [pool-126-thread-1] INFO  storage.RaftStorageDirectory (RaftStorageDirectory.java:analyzeStorage(246)) - The storage directory /workdir/hadoop-ozone/ozonefs/target/test-dir/MiniOzoneClusterImpl-da5888fd-c692-4355-82c4-91aa98cbf569/datanode-9/data/ratis/4d53c0fb-4f86-4cf8-b97e-15d63aa73342 does not exist. Creating ...
2019-09-20 08:46:12,866 [pool-126-thread-1] INFO  storage.RaftStorageDirectory (RaftStorageDirectory.java:tryLock(328)) - Lock on /workdir/hadoop-ozone/ozonefs/target/test-dir/MiniOzoneClusterImpl-da5888fd-c692-4355-82c4-91aa98cbf569/datanode-9/data/ratis/4d53c0fb-4f86-4cf8-b97e-15d63aa73342/in_use.lock acquired by nodename 7820@pr-hdds-1569-s8kj2-2266485376
2019-09-20 08:46:12,883 [pool-126-thread-1] INFO  storage.RaftStorage (RaftStorage.java:format(72)) - Storage directory /workdir/hadoop-ozone/ozonefs/target/test-dir/MiniOzoneClusterImpl-da5888fd-c692-4355-82c4-91aa98cbf569/datanode-9/data/ratis/4d53c0fb-4f86-4cf8-b97e-15d63aa73342 has been successfully formatted.
2019-09-20 08:46:12,884 [pool-126-thread-1] INFO  ratis.ContainerStateMachine (ContainerStateMachine.java:loadSnapshot(226)) - group-15D63AA73342: The snapshot info is null. Setting the last applied indexto:(t:0, i:~)
2019-09-20 08:46:12,884 [pool-126-thread-1] INFO  server.RaftServerConfigKeys (ConfUtils.java:logGet(43)) - raft.server.leader.election.timeout = 120s (custom)
2019-09-20 08:46:12,884 [pool-126-thread-1] INFO  server.RaftServerConfigKeys (ConfUtils.java:logGet(43)) - raft.server.log.use.memory = false (default)
2019-09-20 08:46:12,884 [pool-126-thread-1] INFO  server.RaftServerConfigKeys (ConfUtils.java:logGet(43)) - raft.server.log.purge.gap = 1000000 (custom)
2019-09-20 08:46:12,884 [pool-126-thread-1] INFO  server.RaftServerConfigKeys (ConfUtils.java:logGet(43)) - raft.server.log.appender.buffer.byte-limit = 33554432 (custom)
2019-09-20 08:46:12,884 [pool-126-thread-1] INFO  server.RaftServerConfigKeys (ConfUtils.java:logGet(43)) - raft.server.log.segment.size.max = 1048576 (custom)
2019-09-20 08:46:12,885 [pool-126-thread-1] INFO  server.RaftServerConfigKeys (ConfUtils.java:logGet(43)) - raft.server.log.segment.cache.num.max = 2 (custom)
2019-09-20 08:46:12,885 [pool-126-thread-1] INFO  segmented.SegmentedRaftLogWorker (SegmentedRaftLogWorker.java:<init>(172)) - new 3d9fb88f-ef2a-412e-bafc-a0084682cc47-SegmentedRaftLogWorker:Storage Directory /workdir/hadoop-ozone/ozonefs/target/test-dir/MiniOzoneClusterImpl-da5888fd-c692-4355-82c4-91aa98cbf569/datanode-9/data/ratis/4d53c0fb-4f86-4cf8-b97e-15d63aa73342 for RaftStorage:Storage Directory /workdir/hadoop-ozone/ozonefs/target/test-dir/MiniOzoneClusterImpl-da5888fd-c692-4355-82c4-91aa98cbf569/datanode-9/data/ratis/4d53c0fb-4f86-4cf8-b97e-15d63aa73342
2019-09-20 08:46:12,885 [pool-126-thread-1] INFO  server.RaftServerConfigKeys (ConfUtils.java:logGet(43)) - raft.server.log.queue.byte-limit = 2147483647 (custom)
2019-09-20 08:46:12,885 [pool-126-thread-1] INFO  server.RaftServerConfigKeys (ConfUtils.java:logGet(43)) - raft.server.log.queue.element-limit = 1024 (custom)
2019-09-20 08:46:12,885 [pool-126-thread-1] INFO  server.RaftServerConfigKeys (ConfUtils.java:logGet(43)) - raft.server.log.segment.size.max = 1048576 (custom)
2019-09-20 08:46:12,885 [pool-126-thread-1] INFO  server.RaftServerConfigKeys (ConfUtils.java:logGet(43)) - raft.server.log.preallocated.size = 16384 (custom)
2019-09-20 08:46:12,885 [pool-126-thread-1] INFO  server.RaftServerConfigKeys (ConfUtils.java:logGet(43)) - raft.server.log.write.buffer.size = 33554432 (custom)
2019-09-20 08:46:12,886 [pool-126-thread-1] INFO  server.RaftServerConfigKeys (ConfUtils.java:logGet(43)) - raft.server.log.force.sync.num = 128 (default)
2019-09-20 08:46:12,886 [pool-126-thread-1] INFO  server.RaftServerConfigKeys (ConfUtils.java:logGet(43)) - raft.server.log.statemachine.data.sync = true (default)
2019-09-20 08:46:12,886 [pool-126-thread-1] INFO  server.RaftServerConfigKeys (ConfUtils.java:logGet(43)) - raft.server.log.statemachine.data.sync.timeout = 10s (default)
2019-09-20 08:46:12,886 [pool-126-thread-1] INFO  server.RaftServerConfigKeys (ConfUtils.java:logGet(43)) - raft.server.log.statemachine.data.sync.timeout.retry = -1 (default)
2019-09-20 08:46:12,886 [pool-126-thread-1] INFO  server.RaftServerConfigKeys (ConfUtils.java:logGet(43)) - raft.server.log.statemachine.data.caching.enabled = true (custom)
2019-09-20 08:46:12,887 [pool-126-thread-1] INFO  segmented.SegmentedRaftLogWorker (SegmentedRaftLogWorker.java:lambda$new$0(132)) - 3d9fb88f-ef2a-412e-bafc-a0084682cc47-SegmentedRaftLogWorker:Storage Directory /workdir/hadoop-ozone/ozonefs/target/test-dir/MiniOzoneClusterImpl-da5888fd-c692-4355-82c4-91aa98cbf569/datanode-9/data/ratis/4d53c0fb-4f86-4cf8-b97e-15d63aa73342: flushIndex: setUnconditionally 0 -> -1
2019-09-20 08:46:12,887 [pool-126-thread-1] INFO  server.RaftServerConfigKeys (ConfUtils.java:logGet(43)) - raft.server.snapshot.auto.trigger.enabled = true (custom)
2019-09-20 08:46:12,887 [pool-126-thread-1] INFO  server.RaftServerConfigKeys (ConfUtils.java:logGet(43)) - raft.server.snapshot.auto.trigger.threshold = 10000 (custom)
2019-09-20 08:46:12,887 [pool-126-thread-1] INFO  server.RaftServerConfigKeys (ConfUtils.java:logGet(43)) - raft.server.retrycache.expirytime = 600000ms (custom)
2019-09-20 08:46:12,887 [pool-126-thread-1] INFO  impl.RaftServerImpl (RaftServerImpl.java:start(180)) - 3d9fb88f-ef2a-412e-bafc-a0084682cc47: start group-15D63AA73342
2019-09-20 08:46:12,888 [pool-126-thread-1] INFO  impl.RaftServerImpl (RaftServerImpl.java:setRole(171)) - 3d9fb88f-ef2a-412e-bafc-a0084682cc47:group-15D63AA73342 changes role from null to FOLLOWER at term 0 for startAsFollower
2019-09-20 08:46:12,888 [pool-126-thread-1] INFO  impl.RoleInfo (RoleInfo.java:updateAndGet(143)) - 3d9fb88f-ef2a-412e-bafc-a0084682cc47: start FollowerState
2019-09-20 08:46:12,888 [pool-126-thread-1] INFO  util.JmxRegister (JmxRegister.java:tryRegister(44)) - Successfully registered JMX Bean with object name Ratis:service=RaftServer,group=group-15D63AA73342,id=3d9fb88f-ef2a-412e-bafc-a0084682cc47
2019-09-20 08:46:12,891 [RatisPipelineUtilsThread] INFO  pipeline.PipelineStateManager (PipelineStateManager.java:addPipeline(56)) - Created pipeline Pipeline[ Id: 4d53c0fb-4f86-4cf8-b97e-15d63aa73342, Nodes: 3d9fb88f-ef2a-412e-bafc-a0084682cc47{ip: 192.168.36.79, host: pr-hdds-1569-s8kj2-2266485376, networkLocation: /default-rack, certSerialId: null}, Type:RATIS, Factor:ONE, State:OPEN]
2019-09-20 08:46:12,891 [RatisPipelineUtilsThread] INFO  pipeline.PipelinePlacementPolicy (PipelinePlacementPolicy.java:meetCriteria(91)) - Pipeline Placement: Doesn't meet the criteria to be viable node： a3bf3c1a-4063-48f8-b1bd-e321780611c4 Heaviness: 6 limit: 5
2019-09-20 08:46:12,891 [RatisPipelineUtilsThread] INFO  pipeline.PipelinePlacementPolicy (PipelinePlacementPolicy.java:meetCriteria(91)) - Pipeline Placement: Doesn't meet the criteria to be viable node： 0d845cc3-b0d9-47c5-b935-74fa0be2c903 Heaviness: 6 limit: 5
2019-09-20 08:46:12,891 [RatisPipelineUtilsThread] INFO  pipeline.PipelinePlacementPolicy (PipelinePlacementPolicy.java:meetCriteria(91)) - Pipeline Placement: Doesn't meet the criteria to be viable node： d3d24c2e-887e-42af-9ac0-80e26c3dc807 Heaviness: 6 limit: 5
2019-09-20 08:46:12,892 [RatisPipelineUtilsThread] INFO  pipeline.PipelinePlacementPolicy (PipelinePlacementPolicy.java:meetCriteria(91)) - Pipeline Placement: Doesn't meet the criteria to be viable node： e997423e-4090-4042-87ee-7419d4cf7365 Heaviness: 6 limit: 5
2019-09-20 08:46:12,892 [RatisPipelineUtilsThread] INFO  pipeline.PipelinePlacementPolicy (PipelinePlacementPolicy.java:meetCriteria(91)) - Pipeline Placement: Doesn't meet the criteria to be viable node： 1cc75455-5fc2-459e-9e17-b902eb9cc08f Heaviness: 6 limit: 5
2019-09-20 08:46:12,892 [RatisPipelineUtilsThread] INFO  pipeline.PipelinePlacementPolicy (PipelinePlacementPolicy.java:meetCriteria(91)) - Pipeline Placement: Doesn't meet the criteria to be viable node： 1e702f59-a831-439b-ba97-9c7e4d303d93 Heaviness: 6 limit: 5
2019-09-20 08:46:12,892 [RatisPipelineUtilsThread] INFO  pipeline.PipelinePlacementPolicy (PipelinePlacementPolicy.java:meetCriteria(91)) - Pipeline Placement: Doesn't meet the criteria to be viable node： 3ea69b51-ea1d-40b9-a82f-433a48a46bff Heaviness: 6 limit: 5
2019-09-20 08:46:12,892 [RatisPipelineUtilsThread] INFO  pipeline.PipelinePlacementPolicy (PipelinePlacementPolicy.java:meetCriteria(91)) - Pipeline Placement: Doesn't meet the criteria to be viable node： 4eb079c5-a63c-4d36-97af-76873864fc0c Heaviness: 6 limit: 5
2019-09-20 08:46:12,898 [grpc-default-executor-1] INFO  impl.RaftServerProxy (RaftServerProxy.java:addNew(89)) - 3d9fb88f-ef2a-412e-bafc-a0084682cc47: addNew group-B7BD2719C4B7:[3d9fb88f-ef2a-412e-bafc-a0084682cc47:192.168.36.79:36901] returns group-B7BD2719C4B7:java.util.concurrent.CompletableFuture@74fcbe32[Not completed]
2019-09-20 08:46:12,899 [pool-126-thread-1] INFO  impl.RaftServerImpl (RaftServerImpl.java:<init>(93)) - 3d9fb88f-ef2a-412e-bafc-a0084682cc47: new RaftServerImpl for group-B7BD2719C4B7:[3d9fb88f-ef2a-412e-bafc-a0084682cc47:192.168.36.79:36901] with ContainerStateMachine:uninitialized
2019-09-20 08:46:12,899 [pool-126-thread-1] INFO  server.RaftServerConfigKeys (ConfUtils.java:logGet(43)) - raft.server.rpc.timeout.min = 5s (custom)
2019-09-20 08:46:12,899 [pool-126-thread-1] INFO  server.RaftServerConfigKeys (ConfUtils.java:logGet(43)) - raft.server.rpc.timeout.max = 5200ms (custom)
2019-09-20 08:46:12,899 [pool-126-thread-1] INFO  server.RaftServerConfigKeys (ConfUtils.java:logGet(43)) - raft.server.rpcslowness.timeout = 120s (custom)
2019-09-20 08:46:12,899 [pool-126-thread-1] INFO  server.RaftServerConfigKeys (ConfUtils.java:logGet(43)) - raft.server.sleep.deviation.threshold = 300 (default)
2019-09-20 08:46:12,899 [pool-126-thread-1] INFO  server.RaftServerConfigKeys (ConfUtils.java:logGet(43)) - raft.server.log.appender.install.snapshot.enabled = false (custom)
2019-09-20 08:46:12,900 [pool-126-thread-1] INFO  impl.RaftServerImpl (ServerState.java:<init>(105)) - 3d9fb88f-ef2a-412e-bafc-a0084682cc47:group-B7BD2719C4B7 ConfigurationManager, init=-1: [3d9fb88f-ef2a-412e-bafc-a0084682cc47:192.168.36.79:36901], old=null, confs=<EMPTY_MAP>
2019-09-20 08:46:12,900 [pool-126-thread-1] INFO  server.RaftServerConfigKeys (ConfUtils.java:logGet(43)) - raft.server.storage.dir = [/workdir/hadoop-ozone/ozonefs/target/test-dir/MiniOzoneClusterImpl-da5888fd-c692-4355-82c4-91aa98cbf569/datanode-9/data/ratis] (custom)
2019-09-20 08:46:12,900 [pool-126-thread-1] INFO  storage.RaftStorageDirectory (RaftStorageDirectory.java:analyzeStorage(246)) - The storage directory /workdir/hadoop-ozone/ozonefs/target/test-dir/MiniOzoneClusterImpl-da5888fd-c692-4355-82c4-91aa98cbf569/datanode-9/data/ratis/0e7df052-cfcf-4f23-9947-b7bd2719c4b7 does not exist. Creating ...
2019-09-20 08:46:12,917 [pool-126-thread-1] INFO  storage.RaftStorageDirectory (RaftStorageDirectory.java:tryLock(328)) - Lock on /workdir/hadoop-ozone/ozonefs/target/test-dir/MiniOzoneClusterImpl-da5888fd-c692-4355-82c4-91aa98cbf569/datanode-9/data/ratis/0e7df052-cfcf-4f23-9947-b7bd2719c4b7/in_use.lock acquired by nodename 7820@pr-hdds-1569-s8kj2-2266485376
2019-09-20 08:46:12,918 | INFO  | SCMAudit | user=jenkins1000 | ip=192.168.36.79 | op=SEND_HEARTBEAT {datanodeUUID=0d845cc3-b0d9-47c5-b935-74fa0be2c903, command=[]} | ret=SUCCESS |  
2019-09-20 08:46:12,934 [pool-126-thread-1] INFO  storage.RaftStorage (RaftStorage.java:format(72)) - Storage directory /workdir/hadoop-ozone/ozonefs/target/test-dir/MiniOzoneClusterImpl-da5888fd-c692-4355-82c4-91aa98cbf569/datanode-9/data/ratis/0e7df052-cfcf-4f23-9947-b7bd2719c4b7 has been successfully formatted.
2019-09-20 08:46:12,934 [pool-126-thread-1] INFO  ratis.ContainerStateMachine (ContainerStateMachine.java:loadSnapshot(226)) - group-B7BD2719C4B7: The snapshot info is null. Setting the last applied indexto:(t:0, i:~)
2019-09-20 08:46:12,935 [pool-126-thread-1] INFO  server.RaftServerConfigKeys (ConfUtils.java:logGet(43)) - raft.server.leader.election.timeout = 120s (custom)
2019-09-20 08:46:12,935 [pool-126-thread-1] INFO  server.RaftServerConfigKeys (ConfUtils.java:logGet(43)) - raft.server.log.use.memory = false (default)
2019-09-20 08:46:12,935 [pool-126-thread-1] INFO  server.RaftServerConfigKeys (ConfUtils.java:logGet(43)) - raft.server.log.purge.gap = 1000000 (custom)
2019-09-20 08:46:12,935 [pool-126-thread-1] INFO  server.RaftServerConfigKeys (ConfUtils.java:logGet(43)) - raft.server.log.appender.buffer.byte-limit = 33554432 (custom)
2019-09-20 08:46:12,935 [pool-126-thread-1] INFO  server.RaftServerConfigKeys (ConfUtils.java:logGet(43)) - raft.server.log.segment.size.max = 1048576 (custom)
2019-09-20 08:46:12,936 [pool-126-thread-1] INFO  server.RaftServerConfigKeys (ConfUtils.java:logGet(43)) - raft.server.log.segment.cache.num.max = 2 (custom)
2019-09-20 08:46:12,936 [pool-126-thread-1] INFO  segmented.SegmentedRaftLogWorker (SegmentedRaftLogWorker.java:<init>(172)) - new 3d9fb88f-ef2a-412e-bafc-a0084682cc47-SegmentedRaftLogWorker:Storage Directory /workdir/hadoop-ozone/ozonefs/target/test-dir/MiniOzoneClusterImpl-da5888fd-c692-4355-82c4-91aa98cbf569/datanode-9/data/ratis/0e7df052-cfcf-4f23-9947-b7bd2719c4b7 for RaftStorage:Storage Directory /workdir/hadoop-ozone/ozonefs/target/test-dir/MiniOzoneClusterImpl-da5888fd-c692-4355-82c4-91aa98cbf569/datanode-9/data/ratis/0e7df052-cfcf-4f23-9947-b7bd2719c4b7
2019-09-20 08:46:12,936 [pool-126-thread-1] INFO  server.RaftServerConfigKeys (ConfUtils.java:logGet(43)) - raft.server.log.queue.byte-limit = 2147483647 (custom)
2019-09-20 08:46:12,936 [pool-126-thread-1] INFO  server.RaftServerConfigKeys (ConfUtils.java:logGet(43)) - raft.server.log.queue.element-limit = 1024 (custom)
2019-09-20 08:46:12,936 [pool-126-thread-1] INFO  server.RaftServerConfigKeys (ConfUtils.java:logGet(43)) - raft.server.log.segment.size.max = 1048576 (custom)
2019-09-20 08:46:12,936 [pool-126-thread-1] INFO  server.RaftServerConfigKeys (ConfUtils.java:logGet(43)) - raft.server.log.preallocated.size = 16384 (custom)
2019-09-20 08:46:12,937 [pool-126-thread-1] INFO  server.RaftServerConfigKeys (ConfUtils.java:logGet(43)) - raft.server.log.write.buffer.size = 33554432 (custom)
2019-09-20 08:46:12,937 [pool-126-thread-1] INFO  server.RaftServerConfigKeys (ConfUtils.java:logGet(43)) - raft.server.log.force.sync.num = 128 (default)
2019-09-20 08:46:12,937 [pool-126-thread-1] INFO  server.RaftServerConfigKeys (ConfUtils.java:logGet(43)) - raft.server.log.statemachine.data.sync = true (default)
2019-09-20 08:46:12,937 [pool-126-thread-1] INFO  server.RaftServerConfigKeys (ConfUtils.java:logGet(43)) - raft.server.log.statemachine.data.sync.timeout = 10s (default)
2019-09-20 08:46:12,937 [pool-126-thread-1] INFO  server.RaftServerConfigKeys (ConfUtils.java:logGet(43)) - raft.server.log.statemachine.data.sync.timeout.retry = -1 (default)
2019-09-20 08:46:12,937 [pool-126-thread-1] INFO  server.RaftServerConfigKeys (ConfUtils.java:logGet(43)) - raft.server.log.statemachine.data.caching.enabled = true (custom)
2019-09-20 08:46:12,938 [pool-126-thread-1] INFO  segmented.SegmentedRaftLogWorker (SegmentedRaftLogWorker.java:lambda$new$0(132)) - 3d9fb88f-ef2a-412e-bafc-a0084682cc47-SegmentedRaftLogWorker:Storage Directory /workdir/hadoop-ozone/ozonefs/target/test-dir/MiniOzoneClusterImpl-da5888fd-c692-4355-82c4-91aa98cbf569/datanode-9/data/ratis/0e7df052-cfcf-4f23-9947-b7bd2719c4b7: flushIndex: setUnconditionally 0 -> -1
2019-09-20 08:46:12,938 [pool-126-thread-1] INFO  server.RaftServerConfigKeys (ConfUtils.java:logGet(43)) - raft.server.snapshot.auto.trigger.enabled = true (custom)
2019-09-20 08:46:12,938 [pool-126-thread-1] INFO  server.RaftServerConfigKeys (ConfUtils.java:logGet(43)) - raft.server.snapshot.auto.trigger.threshold = 10000 (custom)
2019-09-20 08:46:12,939 [pool-126-thread-1] INFO  server.RaftServerConfigKeys (ConfUtils.java:logGet(43)) - raft.server.retrycache.expirytime = 600000ms (custom)
2019-09-20 08:46:12,939 [pool-126-thread-1] INFO  impl.RaftServerImpl (RaftServerImpl.java:start(180)) - 3d9fb88f-ef2a-412e-bafc-a0084682cc47: start group-B7BD2719C4B7
2019-09-20 08:46:12,939 [pool-126-thread-1] INFO  impl.RaftServerImpl (RaftServerImpl.java:setRole(171)) - 3d9fb88f-ef2a-412e-bafc-a0084682cc47:group-B7BD2719C4B7 changes role from null to FOLLOWER at term 0 for startAsFollower
2019-09-20 08:46:12,939 [pool-126-thread-1] INFO  impl.RoleInfo (RoleInfo.java:updateAndGet(143)) - 3d9fb88f-ef2a-412e-bafc-a0084682cc47: start FollowerState
2019-09-20 08:46:12,940 [pool-126-thread-1] INFO  util.JmxRegister (JmxRegister.java:tryRegister(44)) - Successfully registered JMX Bean with object name Ratis:service=RaftServer,group=group-B7BD2719C4B7,id=3d9fb88f-ef2a-412e-bafc-a0084682cc47
2019-09-20 08:46:12,942 [RatisPipelineUtilsThread] INFO  pipeline.PipelineStateManager (PipelineStateManager.java:addPipeline(56)) - Created pipeline Pipeline[ Id: 0e7df052-cfcf-4f23-9947-b7bd2719c4b7, Nodes: 3d9fb88f-ef2a-412e-bafc-a0084682cc47{ip: 192.168.36.79, host: pr-hdds-1569-s8kj2-2266485376, networkLocation: /default-rack, certSerialId: null}, Type:RATIS, Factor:ONE, State:OPEN]
2019-09-20 08:46:12,942 [RatisPipelineUtilsThread] INFO  pipeline.PipelinePlacementPolicy (PipelinePlacementPolicy.java:meetCriteria(91)) - Pipeline Placement: Doesn't meet the criteria to be viable node： a3bf3c1a-4063-48f8-b1bd-e321780611c4 Heaviness: 6 limit: 5
2019-09-20 08:46:12,942 [RatisPipelineUtilsThread] INFO  pipeline.PipelinePlacementPolicy (PipelinePlacementPolicy.java:meetCriteria(91)) - Pipeline Placement: Doesn't meet the criteria to be viable node： 0d845cc3-b0d9-47c5-b935-74fa0be2c903 Heaviness: 6 limit: 5
2019-09-20 08:46:12,943 [RatisPipelineUtilsThread] INFO  pipeline.PipelinePlacementPolicy (PipelinePlacementPolicy.java:meetCriteria(91)) - Pipeline Placement: Doesn't meet the criteria to be viable node： d3d24c2e-887e-42af-9ac0-80e26c3dc807 Heaviness: 6 limit: 5
2019-09-20 08:46:12,943 [RatisPipelineUtilsThread] INFO  pipeline.PipelinePlacementPolicy (PipelinePlacementPolicy.java:meetCriteria(91)) - Pipeline Placement: Doesn't meet the criteria to be viable node： e997423e-4090-4042-87ee-7419d4cf7365 Heaviness: 6 limit: 5
2019-09-20 08:46:12,943 [RatisPipelineUtilsThread] INFO  pipeline.PipelinePlacementPolicy (PipelinePlacementPolicy.java:meetCriteria(91)) - Pipeline Placement: Doesn't meet the criteria to be viable node： 1cc75455-5fc2-459e-9e17-b902eb9cc08f Heaviness: 6 limit: 5
2019-09-20 08:46:12,943 [RatisPipelineUtilsThread] INFO  pipeline.PipelinePlacementPolicy (PipelinePlacementPolicy.java:meetCriteria(91)) - Pipeline Placement: Doesn't meet the criteria to be viable node： 1e702f59-a831-439b-ba97-9c7e4d303d93 Heaviness: 6 limit: 5
2019-09-20 08:46:12,943 [RatisPipelineUtilsThread] INFO  pipeline.PipelinePlacementPolicy (PipelinePlacementPolicy.java:meetCriteria(91)) - Pipeline Placement: Doesn't meet the criteria to be viable node： 3ea69b51-ea1d-40b9-a82f-433a48a46bff Heaviness: 6 limit: 5
2019-09-20 08:46:12,943 [RatisPipelineUtilsThread] INFO  pipeline.PipelinePlacementPolicy (PipelinePlacementPolicy.java:meetCriteria(91)) - Pipeline Placement: Doesn't meet the criteria to be viable node： 4eb079c5-a63c-4d36-97af-76873864fc0c Heaviness: 6 limit: 5
2019-09-20 08:46:12,949 [grpc-default-executor-1] INFO  impl.RaftServerProxy (RaftServerProxy.java:addNew(89)) - 3d9fb88f-ef2a-412e-bafc-a0084682cc47: addNew group-B15BDBA6966F:[3d9fb88f-ef2a-412e-bafc-a0084682cc47:192.168.36.79:36901] returns group-B15BDBA6966F:java.util.concurrent.CompletableFuture@155bc99[Not completed]
2019-09-20 08:46:12,950 [pool-126-thread-1] INFO  impl.RaftServerImpl (RaftServerImpl.java:<init>(93)) - 3d9fb88f-ef2a-412e-bafc-a0084682cc47: new RaftServerImpl for group-B15BDBA6966F:[3d9fb88f-ef2a-412e-bafc-a0084682cc47:192.168.36.79:36901] with ContainerStateMachine:uninitialized
2019-09-20 08:46:12,950 [pool-126-thread-1] INFO  server.RaftServerConfigKeys (ConfUtils.java:logGet(43)) - raft.server.rpc.timeout.min = 5s (custom)
2019-09-20 08:46:12,950 [pool-126-thread-1] INFO  server.RaftServerConfigKeys (ConfUtils.java:logGet(43)) - raft.server.rpc.timeout.max = 5200ms (custom)
2019-09-20 08:46:12,950 [pool-126-thread-1] INFO  server.RaftServerConfigKeys (ConfUtils.java:logGet(43)) - raft.server.rpcslowness.timeout = 120s (custom)
2019-09-20 08:46:12,951 [pool-126-thread-1] INFO  server.RaftServerConfigKeys (ConfUtils.java:logGet(43)) - raft.server.sleep.deviation.threshold = 300 (default)
2019-09-20 08:46:12,951 [pool-126-thread-1] INFO  server.RaftServerConfigKeys (ConfUtils.java:logGet(43)) - raft.server.log.appender.install.snapshot.enabled = false (custom)
2019-09-20 08:46:12,951 [pool-126-thread-1] INFO  impl.RaftServerImpl (ServerState.java:<init>(105)) - 3d9fb88f-ef2a-412e-bafc-a0084682cc47:group-B15BDBA6966F ConfigurationManager, init=-1: [3d9fb88f-ef2a-412e-bafc-a0084682cc47:192.168.36.79:36901], old=null, confs=<EMPTY_MAP>
2019-09-20 08:46:12,951 [pool-126-thread-1] INFO  server.RaftServerConfigKeys (ConfUtils.java:logGet(43)) - raft.server.storage.dir = [/workdir/hadoop-ozone/ozonefs/target/test-dir/MiniOzoneClusterImpl-da5888fd-c692-4355-82c4-91aa98cbf569/datanode-9/data/ratis] (custom)
2019-09-20 08:46:12,952 [pool-126-thread-1] INFO  storage.RaftStorageDirectory (RaftStorageDirectory.java:analyzeStorage(246)) - The storage directory /workdir/hadoop-ozone/ozonefs/target/test-dir/MiniOzoneClusterImpl-da5888fd-c692-4355-82c4-91aa98cbf569/datanode-9/data/ratis/6cfc8ea8-3088-4d8d-a821-b15bdba6966f does not exist. Creating ...
2019-09-20 08:46:12,976 [pool-126-thread-1] INFO  storage.RaftStorageDirectory (RaftStorageDirectory.java:tryLock(328)) - Lock on /workdir/hadoop-ozone/ozonefs/target/test-dir/MiniOzoneClusterImpl-da5888fd-c692-4355-82c4-91aa98cbf569/datanode-9/data/ratis/6cfc8ea8-3088-4d8d-a821-b15bdba6966f/in_use.lock acquired by nodename 7820@pr-hdds-1569-s8kj2-2266485376
2019-09-20 08:46:13,002 [pool-126-thread-1] INFO  storage.RaftStorage (RaftStorage.java:format(72)) - Storage directory /workdir/hadoop-ozone/ozonefs/target/test-dir/MiniOzoneClusterImpl-da5888fd-c692-4355-82c4-91aa98cbf569/datanode-9/data/ratis/6cfc8ea8-3088-4d8d-a821-b15bdba6966f has been successfully formatted.
2019-09-20 08:46:13,002 [pool-126-thread-1] INFO  ratis.ContainerStateMachine (ContainerStateMachine.java:loadSnapshot(226)) - group-B15BDBA6966F: The snapshot info is null. Setting the last applied indexto:(t:0, i:~)
2019-09-20 08:46:13,002 [pool-126-thread-1] INFO  server.RaftServerConfigKeys (ConfUtils.java:logGet(43)) - raft.server.leader.election.timeout = 120s (custom)
2019-09-20 08:46:13,002 [pool-126-thread-1] INFO  server.RaftServerConfigKeys (ConfUtils.java:logGet(43)) - raft.server.log.use.memory = false (default)
2019-09-20 08:46:13,003 [pool-126-thread-1] INFO  server.RaftServerConfigKeys (ConfUtils.java:logGet(43)) - raft.server.log.purge.gap = 1000000 (custom)
2019-09-20 08:46:13,003 [pool-126-thread-1] INFO  server.RaftServerConfigKeys (ConfUtils.java:logGet(43)) - raft.server.log.appender.buffer.byte-limit = 33554432 (custom)
2019-09-20 08:46:13,003 [pool-126-thread-1] INFO  server.RaftServerConfigKeys (ConfUtils.java:logGet(43)) - raft.server.log.segment.size.max = 1048576 (custom)
2019-09-20 08:46:13,003 [pool-126-thread-1] INFO  server.RaftServerConfigKeys (ConfUtils.java:logGet(43)) - raft.server.log.segment.cache.num.max = 2 (custom)
2019-09-20 08:46:13,003 [pool-126-thread-1] INFO  segmented.SegmentedRaftLogWorker (SegmentedRaftLogWorker.java:<init>(172)) - new 3d9fb88f-ef2a-412e-bafc-a0084682cc47-SegmentedRaftLogWorker:Storage Directory /workdir/hadoop-ozone/ozonefs/target/test-dir/MiniOzoneClusterImpl-da5888fd-c692-4355-82c4-91aa98cbf569/datanode-9/data/ratis/6cfc8ea8-3088-4d8d-a821-b15bdba6966f for RaftStorage:Storage Directory /workdir/hadoop-ozone/ozonefs/target/test-dir/MiniOzoneClusterImpl-da5888fd-c692-4355-82c4-91aa98cbf569/datanode-9/data/ratis/6cfc8ea8-3088-4d8d-a821-b15bdba6966f
2019-09-20 08:46:13,004 [pool-126-thread-1] INFO  server.RaftServerConfigKeys (ConfUtils.java:logGet(43)) - raft.server.log.queue.byte-limit = 2147483647 (custom)
2019-09-20 08:46:13,004 [pool-126-thread-1] INFO  server.RaftServerConfigKeys (ConfUtils.java:logGet(43)) - raft.server.log.queue.element-limit = 1024 (custom)
2019-09-20 08:46:13,004 [pool-126-thread-1] INFO  server.RaftServerConfigKeys (ConfUtils.java:logGet(43)) - raft.server.log.segment.size.max = 1048576 (custom)
2019-09-20 08:46:13,004 [pool-126-thread-1] INFO  server.RaftServerConfigKeys (ConfUtils.java:logGet(43)) - raft.server.log.preallocated.size = 16384 (custom)
2019-09-20 08:46:13,004 [pool-126-thread-1] INFO  server.RaftServerConfigKeys (ConfUtils.java:logGet(43)) - raft.server.log.write.buffer.size = 33554432 (custom)
2019-09-20 08:46:13,004 [pool-126-thread-1] INFO  server.RaftServerConfigKeys (ConfUtils.java:logGet(43)) - raft.server.log.force.sync.num = 128 (default)
2019-09-20 08:46:13,005 [pool-126-thread-1] INFO  server.RaftServerConfigKeys (ConfUtils.java:logGet(43)) - raft.server.log.statemachine.data.sync = true (default)
2019-09-20 08:46:13,005 [pool-126-thread-1] INFO  server.RaftServerConfigKeys (ConfUtils.java:logGet(43)) - raft.server.log.statemachine.data.sync.timeout = 10s (default)
2019-09-20 08:46:13,005 [pool-126-thread-1] INFO  server.RaftServerConfigKeys (ConfUtils.java:logGet(43)) - raft.server.log.statemachine.data.sync.timeout.retry = -1 (default)
2019-09-20 08:46:13,005 [pool-126-thread-1] INFO  server.RaftServerConfigKeys (ConfUtils.java:logGet(43)) - raft.server.log.statemachine.data.caching.enabled = true (custom)
2019-09-20 08:46:13,006 [pool-126-thread-1] INFO  segmented.SegmentedRaftLogWorker (SegmentedRaftLogWorker.java:lambda$new$0(132)) - 3d9fb88f-ef2a-412e-bafc-a0084682cc47-SegmentedRaftLogWorker:Storage Directory /workdir/hadoop-ozone/ozonefs/target/test-dir/MiniOzoneClusterImpl-da5888fd-c692-4355-82c4-91aa98cbf569/datanode-9/data/ratis/6cfc8ea8-3088-4d8d-a821-b15bdba6966f: flushIndex: setUnconditionally 0 -> -1
2019-09-20 08:46:13,006 [pool-126-thread-1] INFO  server.RaftServerConfigKeys (ConfUtils.java:logGet(43)) - raft.server.snapshot.auto.trigger.enabled = true (custom)
2019-09-20 08:46:13,006 [pool-126-thread-1] INFO  server.RaftServerConfigKeys (ConfUtils.java:logGet(43)) - raft.server.snapshot.auto.trigger.threshold = 10000 (custom)
2019-09-20 08:46:13,006 [pool-126-thread-1] INFO  server.RaftServerConfigKeys (ConfUtils.java:logGet(43)) - raft.server.retrycache.expirytime = 600000ms (custom)
2019-09-20 08:46:13,007 [pool-126-thread-1] INFO  impl.RaftServerImpl (RaftServerImpl.java:start(180)) - 3d9fb88f-ef2a-412e-bafc-a0084682cc47: start group-B15BDBA6966F
2019-09-20 08:46:13,007 [pool-126-thread-1] INFO  impl.RaftServerImpl (RaftServerImpl.java:setRole(171)) - 3d9fb88f-ef2a-412e-bafc-a0084682cc47:group-B15BDBA6966F changes role from null to FOLLOWER at term 0 for startAsFollower
2019-09-20 08:46:13,007 [pool-126-thread-1] INFO  impl.RoleInfo (RoleInfo.java:updateAndGet(143)) - 3d9fb88f-ef2a-412e-bafc-a0084682cc47: start FollowerState
2019-09-20 08:46:13,007 [pool-126-thread-1] INFO  util.JmxRegister (JmxRegister.java:tryRegister(44)) - Successfully registered JMX Bean with object name Ratis:service=RaftServer,group=group-B15BDBA6966F,id=3d9fb88f-ef2a-412e-bafc-a0084682cc47
2019-09-20 08:46:13,011 [RatisPipelineUtilsThread] INFO  pipeline.PipelineStateManager (PipelineStateManager.java:addPipeline(56)) - Created pipeline Pipeline[ Id: 6cfc8ea8-3088-4d8d-a821-b15bdba6966f, Nodes: 3d9fb88f-ef2a-412e-bafc-a0084682cc47{ip: 192.168.36.79, host: pr-hdds-1569-s8kj2-2266485376, networkLocation: /default-rack, certSerialId: null}, Type:RATIS, Factor:ONE, State:OPEN]
2019-09-20 08:46:13,011 [RatisPipelineUtilsThread] INFO  pipeline.PipelinePlacementPolicy (PipelinePlacementPolicy.java:meetCriteria(91)) - Pipeline Placement: Doesn't meet the criteria to be viable node： a3bf3c1a-4063-48f8-b1bd-e321780611c4 Heaviness: 6 limit: 5
2019-09-20 08:46:13,011 [RatisPipelineUtilsThread] INFO  pipeline.PipelinePlacementPolicy (PipelinePlacementPolicy.java:meetCriteria(91)) - Pipeline Placement: Doesn't meet the criteria to be viable node： 0d845cc3-b0d9-47c5-b935-74fa0be2c903 Heaviness: 6 limit: 5
2019-09-20 08:46:13,011 [RatisPipelineUtilsThread] INFO  pipeline.PipelinePlacementPolicy (PipelinePlacementPolicy.java:meetCriteria(91)) - Pipeline Placement: Doesn't meet the criteria to be viable node： d3d24c2e-887e-42af-9ac0-80e26c3dc807 Heaviness: 6 limit: 5
2019-09-20 08:46:13,012 [RatisPipelineUtilsThread] INFO  pipeline.PipelinePlacementPolicy (PipelinePlacementPolicy.java:meetCriteria(91)) - Pipeline Placement: Doesn't meet the criteria to be viable node： e997423e-4090-4042-87ee-7419d4cf7365 Heaviness: 6 limit: 5
2019-09-20 08:46:13,012 [RatisPipelineUtilsThread] INFO  pipeline.PipelinePlacementPolicy (PipelinePlacementPolicy.java:meetCriteria(91)) - Pipeline Placement: Doesn't meet the criteria to be viable node： 1cc75455-5fc2-459e-9e17-b902eb9cc08f Heaviness: 6 limit: 5
2019-09-20 08:46:13,012 [RatisPipelineUtilsThread] INFO  pipeline.PipelinePlacementPolicy (PipelinePlacementPolicy.java:meetCriteria(91)) - Pipeline Placement: Doesn't meet the criteria to be viable node： 1e702f59-a831-439b-ba97-9c7e4d303d93 Heaviness: 6 limit: 5
2019-09-20 08:46:13,012 [RatisPipelineUtilsThread] INFO  pipeline.PipelinePlacementPolicy (PipelinePlacementPolicy.java:meetCriteria(91)) - Pipeline Placement: Doesn't meet the criteria to be viable node： 3ea69b51-ea1d-40b9-a82f-433a48a46bff Heaviness: 6 limit: 5
2019-09-20 08:46:13,012 [RatisPipelineUtilsThread] INFO  pipeline.PipelinePlacementPolicy (PipelinePlacementPolicy.java:meetCriteria(91)) - Pipeline Placement: Doesn't meet the criteria to be viable node： 4eb079c5-a63c-4d36-97af-76873864fc0c Heaviness: 6 limit: 5
2019-09-20 08:46:13,016 [Thread-284] INFO  impl.FollowerState (FollowerState.java:run(106)) - 3ea69b51-ea1d-40b9-a82f-433a48a46bff:group-426092ED1691 changes to CANDIDATE, lastRpcTime:5101, electionTimeout:5100ms
2019-09-20 08:46:13,016 [Thread-284] INFO  impl.RoleInfo (RoleInfo.java:shutdownFollowerState(121)) - 3ea69b51-ea1d-40b9-a82f-433a48a46bff: shutdown FollowerState
2019-09-20 08:46:13,016 [Thread-284] INFO  impl.RaftServerImpl (RaftServerImpl.java:setRole(171)) - 3ea69b51-ea1d-40b9-a82f-433a48a46bff:group-426092ED1691 changes role from FOLLOWER to CANDIDATE at term 0 for changeToCandidate
2019-09-20 08:46:13,018 [grpc-default-executor-1] INFO  impl.RaftServerProxy (RaftServerProxy.java:addNew(89)) - 735a34e4-c7c4-465a-a71d-fefc6390b8eb: addNew group-4FB6C01B08C4:[735a34e4-c7c4-465a-a71d-fefc6390b8eb:192.168.36.79:38484] returns group-4FB6C01B08C4:java.util.concurrent.CompletableFuture@2d776f30[Not completed]
2019-09-20 08:46:13,019 [pool-115-thread-1] INFO  impl.RaftServerImpl (RaftServerImpl.java:<init>(93)) - 735a34e4-c7c4-465a-a71d-fefc6390b8eb: new RaftServerImpl for group-4FB6C01B08C4:[735a34e4-c7c4-465a-a71d-fefc6390b8eb:192.168.36.79:38484] with ContainerStateMachine:uninitialized
2019-09-20 08:46:13,019 [Thread-284] INFO  impl.RoleInfo (RoleInfo.java:updateAndGet(143)) - 3ea69b51-ea1d-40b9-a82f-433a48a46bff: start LeaderElection
2019-09-20 08:46:13,019 [pool-115-thread-1] INFO  server.RaftServerConfigKeys (ConfUtils.java:logGet(43)) - raft.server.rpc.timeout.min = 5s (custom)
2019-09-20 08:46:13,020 [pool-115-thread-1] INFO  server.RaftServerConfigKeys (ConfUtils.java:logGet(43)) - raft.server.rpc.timeout.max = 5200ms (custom)
2019-09-20 08:46:13,020 [pool-115-thread-1] INFO  server.RaftServerConfigKeys (ConfUtils.java:logGet(43)) - raft.server.rpcslowness.timeout = 120s (custom)
2019-09-20 08:46:13,020 [pool-115-thread-1] INFO  server.RaftServerConfigKeys (ConfUtils.java:logGet(43)) - raft.server.sleep.deviation.threshold = 300 (default)
2019-09-20 08:46:13,020 [pool-115-thread-1] INFO  server.RaftServerConfigKeys (ConfUtils.java:logGet(43)) - raft.server.log.appender.install.snapshot.enabled = false (custom)
2019-09-20 08:46:13,020 [pool-115-thread-1] INFO  impl.RaftServerImpl (ServerState.java:<init>(105)) - 735a34e4-c7c4-465a-a71d-fefc6390b8eb:group-4FB6C01B08C4 ConfigurationManager, init=-1: [735a34e4-c7c4-465a-a71d-fefc6390b8eb:192.168.36.79:38484], old=null, confs=<EMPTY_MAP>
2019-09-20 08:46:13,024 [pool-115-thread-1] INFO  server.RaftServerConfigKeys (ConfUtils.java:logGet(43)) - raft.server.storage.dir = [/workdir/hadoop-ozone/ozonefs/target/test-dir/MiniOzoneClusterImpl-da5888fd-c692-4355-82c4-91aa98cbf569/datanode-8/data/ratis] (custom)
2019-09-20 08:46:13,029 [pool-115-thread-1] INFO  storage.RaftStorageDirectory (RaftStorageDirectory.java:analyzeStorage(246)) - The storage directory /workdir/hadoop-ozone/ozonefs/target/test-dir/MiniOzoneClusterImpl-da5888fd-c692-4355-82c4-91aa98cbf569/datanode-8/data/ratis/a4dbe4a0-86ac-4e2d-8e91-4fb6c01b08c4 does not exist. Creating ...
2019-09-20 08:46:13,052 [pool-115-thread-1] INFO  storage.RaftStorageDirectory (RaftStorageDirectory.java:tryLock(328)) - Lock on /workdir/hadoop-ozone/ozonefs/target/test-dir/MiniOzoneClusterImpl-da5888fd-c692-4355-82c4-91aa98cbf569/datanode-8/data/ratis/a4dbe4a0-86ac-4e2d-8e91-4fb6c01b08c4/in_use.lock acquired by nodename 7820@pr-hdds-1569-s8kj2-2266485376
2019-09-20 08:46:13,052 [3ea69b51-ea1d-40b9-a82f-433a48a46bff:group-426092ED1691:LeaderElection1] INFO  impl.LeaderElection (LeaderElection.java:askForVotes(181)) - 3ea69b51-ea1d-40b9-a82f-433a48a46bff:group-426092ED1691:LeaderElection1: begin an election at term 1 for -1: [3ea69b51-ea1d-40b9-a82f-433a48a46bff:192.168.36.79:37909], old=null
2019-09-20 08:46:13,054 [3ea69b51-ea1d-40b9-a82f-433a48a46bff:group-426092ED1691:LeaderElection1] INFO  impl.RoleInfo (RoleInfo.java:shutdownLeaderElection(134)) - 3ea69b51-ea1d-40b9-a82f-433a48a46bff: shutdown LeaderElection
2019-09-20 08:46:13,055 [3ea69b51-ea1d-40b9-a82f-433a48a46bff:group-426092ED1691:LeaderElection1] INFO  impl.RaftServerImpl (RaftServerImpl.java:setRole(171)) - 3ea69b51-ea1d-40b9-a82f-433a48a46bff:group-426092ED1691 changes role from CANDIDATE to LEADER at term 1 for changeToLeader
2019-09-20 08:46:13,055 [3ea69b51-ea1d-40b9-a82f-433a48a46bff:group-426092ED1691:LeaderElection1] INFO  impl.RaftServerImpl (ServerState.java:setLeader(263)) - 3ea69b51-ea1d-40b9-a82f-433a48a46bff:group-426092ED1691 change Leader from null to 3ea69b51-ea1d-40b9-a82f-433a48a46bff at term 1 for becomeLeader, leader elected after 5230ms
2019-09-20 08:46:13,062 [3ea69b51-ea1d-40b9-a82f-433a48a46bff:group-426092ED1691:LeaderElection1] INFO  server.RaftServerConfigKeys (ConfUtils.java:logGet(43)) - raft.server.staging.catchup.gap = 1000 (default)
2019-09-20 08:46:13,062 [3ea69b51-ea1d-40b9-a82f-433a48a46bff:group-426092ED1691:LeaderElection1] INFO  server.RaftServerConfigKeys (ConfUtils.java:logGet(43)) - raft.server.rpc.sleep.time = 25ms (default)
2019-09-20 08:46:13,065 [3ea69b51-ea1d-40b9-a82f-433a48a46bff:group-426092ED1691:LeaderElection1] INFO  server.RaftServerConfigKeys (ConfUtils.java:logGet(43)) - raft.server.write.element-limit = 4096 (default)
2019-09-20 08:46:13,068 [3ea69b51-ea1d-40b9-a82f-433a48a46bff:group-426092ED1691:LeaderElection1] INFO  server.RaftServerConfigKeys (ConfUtils.java:logGet(43)) - raft.server.watch.timeout = 10s (default)
2019-09-20 08:46:13,069 [3ea69b51-ea1d-40b9-a82f-433a48a46bff:group-426092ED1691:LeaderElection1] INFO  server.RaftServerConfigKeys (ConfUtils.java:logGet(43)) - raft.server.watch.timeout.denomination = 1s (default)
2019-09-20 08:46:13,070 [pool-115-thread-1] INFO  storage.RaftStorage (RaftStorage.java:format(72)) - Storage directory /workdir/hadoop-ozone/ozonefs/target/test-dir/MiniOzoneClusterImpl-da5888fd-c692-4355-82c4-91aa98cbf569/datanode-8/data/ratis/a4dbe4a0-86ac-4e2d-8e91-4fb6c01b08c4 has been successfully formatted.
2019-09-20 08:46:13,070 [3ea69b51-ea1d-40b9-a82f-433a48a46bff:group-426092ED1691:LeaderElection1] INFO  server.RaftServerConfigKeys (ConfUtils.java:logGet(43)) - raft.server.watch.element-limit = 65536 (default)
2019-09-20 08:46:13,070 [pool-115-thread-1] INFO  ratis.ContainerStateMachine (ContainerStateMachine.java:loadSnapshot(226)) - group-4FB6C01B08C4: The snapshot info is null. Setting the last applied indexto:(t:0, i:~)
2019-09-20 08:46:13,070 [pool-115-thread-1] INFO  server.RaftServerConfigKeys (ConfUtils.java:logGet(43)) - raft.server.leader.election.timeout = 120s (custom)
2019-09-20 08:46:13,071 [pool-115-thread-1] INFO  server.RaftServerConfigKeys (ConfUtils.java:logGet(43)) - raft.server.log.use.memory = false (default)
2019-09-20 08:46:13,071 [pool-115-thread-1] INFO  server.RaftServerConfigKeys (ConfUtils.java:logGet(43)) - raft.server.log.purge.gap = 1000000 (custom)
2019-09-20 08:46:13,071 [pool-115-thread-1] INFO  server.RaftServerConfigKeys (ConfUtils.java:logGet(43)) - raft.server.log.appender.buffer.byte-limit = 33554432 (custom)
2019-09-20 08:46:13,071 [pool-115-thread-1] INFO  server.RaftServerConfigKeys (ConfUtils.java:logGet(43)) - raft.server.log.segment.size.max = 1048576 (custom)
2019-09-20 08:46:13,071 [pool-115-thread-1] INFO  server.RaftServerConfigKeys (ConfUtils.java:logGet(43)) - raft.server.log.segment.cache.num.max = 2 (custom)
2019-09-20 08:46:13,072 [pool-115-thread-1] INFO  segmented.SegmentedRaftLogWorker (SegmentedRaftLogWorker.java:<init>(172)) - new 735a34e4-c7c4-465a-a71d-fefc6390b8eb-SegmentedRaftLogWorker:Storage Directory /workdir/hadoop-ozone/ozonefs/target/test-dir/MiniOzoneClusterImpl-da5888fd-c692-4355-82c4-91aa98cbf569/datanode-8/data/ratis/a4dbe4a0-86ac-4e2d-8e91-4fb6c01b08c4 for RaftStorage:Storage Directory /workdir/hadoop-ozone/ozonefs/target/test-dir/MiniOzoneClusterImpl-da5888fd-c692-4355-82c4-91aa98cbf569/datanode-8/data/ratis/a4dbe4a0-86ac-4e2d-8e91-4fb6c01b08c4
2019-09-20 08:46:13,072 [pool-115-thread-1] INFO  server.RaftServerConfigKeys (ConfUtils.java:logGet(43)) - raft.server.log.queue.byte-limit = 2147483647 (custom)
2019-09-20 08:46:13,072 [pool-115-thread-1] INFO  server.RaftServerConfigKeys (ConfUtils.java:logGet(43)) - raft.server.log.queue.element-limit = 1024 (custom)
2019-09-20 08:46:13,072 [pool-115-thread-1] INFO  server.RaftServerConfigKeys (ConfUtils.java:logGet(43)) - raft.server.log.segment.size.max = 1048576 (custom)
2019-09-20 08:46:13,073 [pool-115-thread-1] INFO  server.RaftServerConfigKeys (ConfUtils.java:logGet(43)) - raft.server.log.preallocated.size = 16384 (custom)
2019-09-20 08:46:13,073 [pool-115-thread-1] INFO  server.RaftServerConfigKeys (ConfUtils.java:logGet(43)) - raft.server.log.write.buffer.size = 33554432 (custom)
2019-09-20 08:46:13,073 [pool-115-thread-1] INFO  server.RaftServerConfigKeys (ConfUtils.java:logGet(43)) - raft.server.log.force.sync.num = 128 (default)
2019-09-20 08:46:13,073 [pool-115-thread-1] INFO  server.RaftServerConfigKeys (ConfUtils.java:logGet(43)) - raft.server.log.statemachine.data.sync = true (default)
2019-09-20 08:46:13,073 [pool-115-thread-1] INFO  server.RaftServerConfigKeys (ConfUtils.java:logGet(43)) - raft.server.log.statemachine.data.sync.timeout = 10s (default)
2019-09-20 08:46:13,074 [pool-115-thread-1] INFO  server.RaftServerConfigKeys (ConfUtils.java:logGet(43)) - raft.server.log.statemachine.data.sync.timeout.retry = -1 (default)
2019-09-20 08:46:13,074 [pool-115-thread-1] INFO  server.RaftServerConfigKeys (ConfUtils.java:logGet(43)) - raft.server.log.statemachine.data.caching.enabled = true (custom)
2019-09-20 08:46:13,074 [pool-115-thread-1] INFO  segmented.SegmentedRaftLogWorker (SegmentedRaftLogWorker.java:lambda$new$0(132)) - 735a34e4-c7c4-465a-a71d-fefc6390b8eb-SegmentedRaftLogWorker:Storage Directory /workdir/hadoop-ozone/ozonefs/target/test-dir/MiniOzoneClusterImpl-da5888fd-c692-4355-82c4-91aa98cbf569/datanode-8/data/ratis/a4dbe4a0-86ac-4e2d-8e91-4fb6c01b08c4: flushIndex: setUnconditionally 0 -> -1
2019-09-20 08:46:13,075 [pool-115-thread-1] INFO  server.RaftServerConfigKeys (ConfUtils.java:logGet(43)) - raft.server.snapshot.auto.trigger.enabled = true (custom)
2019-09-20 08:46:13,075 [pool-115-thread-1] INFO  server.RaftServerConfigKeys (ConfUtils.java:logGet(43)) - raft.server.snapshot.auto.trigger.threshold = 10000 (custom)
2019-09-20 08:46:13,075 [pool-115-thread-1] INFO  server.RaftServerConfigKeys (ConfUtils.java:logGet(43)) - raft.server.retrycache.expirytime = 600000ms (custom)
2019-09-20 08:46:13,075 [pool-115-thread-1] INFO  impl.RaftServerImpl (RaftServerImpl.java:start(180)) - 735a34e4-c7c4-465a-a71d-fefc6390b8eb: start group-4FB6C01B08C4
2019-09-20 08:46:13,076 [pool-115-thread-1] INFO  impl.RaftServerImpl (RaftServerImpl.java:setRole(171)) - 735a34e4-c7c4-465a-a71d-fefc6390b8eb:group-4FB6C01B08C4 changes role from null to FOLLOWER at term 0 for startAsFollower
2019-09-20 08:46:13,076 [pool-115-thread-1] INFO  impl.RoleInfo (RoleInfo.java:updateAndGet(143)) - 735a34e4-c7c4-465a-a71d-fefc6390b8eb: start FollowerState
2019-09-20 08:46:13,077 [pool-115-thread-1] INFO  util.JmxRegister (JmxRegister.java:tryRegister(44)) - Successfully registered JMX Bean with object name Ratis:service=RaftServer,group=group-4FB6C01B08C4,id=735a34e4-c7c4-465a-a71d-fefc6390b8eb
2019-09-20 08:46:13,081 [RatisPipelineUtilsThread] INFO  pipeline.PipelineStateManager (PipelineStateManager.java:addPipeline(56)) - Created pipeline Pipeline[ Id: a4dbe4a0-86ac-4e2d-8e91-4fb6c01b08c4, Nodes: 735a34e4-c7c4-465a-a71d-fefc6390b8eb{ip: 192.168.36.79, host: pr-hdds-1569-s8kj2-2266485376, networkLocation: /default-rack, certSerialId: null}, Type:RATIS, Factor:ONE, State:OPEN]
2019-09-20 08:46:13,081 [3ea69b51-ea1d-40b9-a82f-433a48a46bff:group-426092ED1691:LeaderElection1] INFO  impl.RoleInfo (RoleInfo.java:updateAndGet(143)) - 3ea69b51-ea1d-40b9-a82f-433a48a46bff: start LeaderState
2019-09-20 08:46:13,081 [RatisPipelineUtilsThread] INFO  pipeline.PipelinePlacementPolicy (PipelinePlacementPolicy.java:meetCriteria(91)) - Pipeline Placement: Doesn't meet the criteria to be viable node： a3bf3c1a-4063-48f8-b1bd-e321780611c4 Heaviness: 6 limit: 5
2019-09-20 08:46:13,081 [RatisPipelineUtilsThread] INFO  pipeline.PipelinePlacementPolicy (PipelinePlacementPolicy.java:meetCriteria(91)) - Pipeline Placement: Doesn't meet the criteria to be viable node： 0d845cc3-b0d9-47c5-b935-74fa0be2c903 Heaviness: 6 limit: 5
2019-09-20 08:46:13,082 [RatisPipelineUtilsThread] INFO  pipeline.PipelinePlacementPolicy (PipelinePlacementPolicy.java:meetCriteria(91)) - Pipeline Placement: Doesn't meet the criteria to be viable node： d3d24c2e-887e-42af-9ac0-80e26c3dc807 Heaviness: 6 limit: 5
2019-09-20 08:46:13,082 [RatisPipelineUtilsThread] INFO  pipeline.PipelinePlacementPolicy (PipelinePlacementPolicy.java:meetCriteria(91)) - Pipeline Placement: Doesn't meet the criteria to be viable node： e997423e-4090-4042-87ee-7419d4cf7365 Heaviness: 6 limit: 5
2019-09-20 08:46:13,082 [RatisPipelineUtilsThread] INFO  pipeline.PipelinePlacementPolicy (PipelinePlacementPolicy.java:meetCriteria(91)) - Pipeline Placement: Doesn't meet the criteria to be viable node： 1cc75455-5fc2-459e-9e17-b902eb9cc08f Heaviness: 6 limit: 5
2019-09-20 08:46:13,082 [RatisPipelineUtilsThread] INFO  pipeline.PipelinePlacementPolicy (PipelinePlacementPolicy.java:meetCriteria(91)) - Pipeline Placement: Doesn't meet the criteria to be viable node： 1e702f59-a831-439b-ba97-9c7e4d303d93 Heaviness: 6 limit: 5
2019-09-20 08:46:13,082 [RatisPipelineUtilsThread] INFO  pipeline.PipelinePlacementPolicy (PipelinePlacementPolicy.java:meetCriteria(91)) - Pipeline Placement: Doesn't meet the criteria to be viable node： 3ea69b51-ea1d-40b9-a82f-433a48a46bff Heaviness: 6 limit: 5
2019-09-20 08:46:13,082 [RatisPipelineUtilsThread] INFO  pipeline.PipelinePlacementPolicy (PipelinePlacementPolicy.java:meetCriteria(91)) - Pipeline Placement: Doesn't meet the criteria to be viable node： 4eb079c5-a63c-4d36-97af-76873864fc0c Heaviness: 6 limit: 5
2019-09-20 08:46:13,089 [grpc-default-executor-1] INFO  impl.RaftServerProxy (RaftServerProxy.java:addNew(89)) - 735a34e4-c7c4-465a-a71d-fefc6390b8eb: addNew group-48F26724C4FE:[735a34e4-c7c4-465a-a71d-fefc6390b8eb:192.168.36.79:38484] returns group-48F26724C4FE:java.util.concurrent.CompletableFuture@3cbb77a3[Not completed]
2019-09-20 08:46:13,090 [pool-115-thread-1] INFO  impl.RaftServerImpl (RaftServerImpl.java:<init>(93)) - 735a34e4-c7c4-465a-a71d-fefc6390b8eb: new RaftServerImpl for group-48F26724C4FE:[735a34e4-c7c4-465a-a71d-fefc6390b8eb:192.168.36.79:38484] with ContainerStateMachine:uninitialized
2019-09-20 08:46:13,091 [pool-115-thread-1] INFO  server.RaftServerConfigKeys (ConfUtils.java:logGet(43)) - raft.server.rpc.timeout.min = 5s (custom)
2019-09-20 08:46:13,091 [pool-115-thread-1] INFO  server.RaftServerConfigKeys (ConfUtils.java:logGet(43)) - raft.server.rpc.timeout.max = 5200ms (custom)
2019-09-20 08:46:13,091 [pool-115-thread-1] INFO  server.RaftServerConfigKeys (ConfUtils.java:logGet(43)) - raft.server.rpcslowness.timeout = 120s (custom)
2019-09-20 08:46:13,091 [pool-115-thread-1] INFO  server.RaftServerConfigKeys (ConfUtils.java:logGet(43)) - raft.server.sleep.deviation.threshold = 300 (default)
2019-09-20 08:46:13,091 [pool-115-thread-1] INFO  server.RaftServerConfigKeys (ConfUtils.java:logGet(43)) - raft.server.log.appender.install.snapshot.enabled = false (custom)
2019-09-20 08:46:13,091 [pool-115-thread-1] INFO  impl.RaftServerImpl (ServerState.java:<init>(105)) - 735a34e4-c7c4-465a-a71d-fefc6390b8eb:group-48F26724C4FE ConfigurationManager, init=-1: [735a34e4-c7c4-465a-a71d-fefc6390b8eb:192.168.36.79:38484], old=null, confs=<EMPTY_MAP>
2019-09-20 08:46:13,092 [pool-115-thread-1] INFO  server.RaftServerConfigKeys (ConfUtils.java:logGet(43)) - raft.server.storage.dir = [/workdir/hadoop-ozone/ozonefs/target/test-dir/MiniOzoneClusterImpl-da5888fd-c692-4355-82c4-91aa98cbf569/datanode-8/data/ratis] (custom)
2019-09-20 08:46:13,092 [pool-115-thread-1] INFO  storage.RaftStorageDirectory (RaftStorageDirectory.java:analyzeStorage(246)) - The storage directory /workdir/hadoop-ozone/ozonefs/target/test-dir/MiniOzoneClusterImpl-da5888fd-c692-4355-82c4-91aa98cbf569/datanode-8/data/ratis/88c0a86a-0729-43bb-b9ff-48f26724c4fe does not exist. Creating ...
2019-09-20 08:46:13,108 [3ea69b51-ea1d-40b9-a82f-433a48a46bff:group-426092ED1691:LeaderElection1] INFO  segmented.SegmentedRaftLogWorker (SegmentedRaftLogWorker.java:startLogSegment(380)) - 3ea69b51-ea1d-40b9-a82f-433a48a46bff-SegmentedRaftLogWorker:Storage Directory /workdir/hadoop-ozone/ozonefs/target/test-dir/MiniOzoneClusterImpl-da5888fd-c692-4355-82c4-91aa98cbf569/datanode-0/data/ratis/a15f2130-a5ac-4193-a213-426092ed1691: Starting segment from index:0
2019-09-20 08:46:13,111 [pool-115-thread-1] INFO  storage.RaftStorageDirectory (RaftStorageDirectory.java:tryLock(328)) - Lock on /workdir/hadoop-ozone/ozonefs/target/test-dir/MiniOzoneClusterImpl-da5888fd-c692-4355-82c4-91aa98cbf569/datanode-8/data/ratis/88c0a86a-0729-43bb-b9ff-48f26724c4fe/in_use.lock acquired by nodename 7820@pr-hdds-1569-s8kj2-2266485376
2019-09-20 08:46:13,116 [3ea69b51-ea1d-40b9-a82f-433a48a46bff:group-426092ED1691:LeaderElection1] INFO  impl.RaftServerImpl (ServerState.java:setRaftConf(361)) - 3ea69b51-ea1d-40b9-a82f-433a48a46bff:group-426092ED1691 set configuration 0: [3ea69b51-ea1d-40b9-a82f-433a48a46bff:192.168.36.79:37909], old=null at 0
2019-09-20 08:46:13,121 | INFO  | SCMAudit | user=jenkins1000 | ip=192.168.36.79 | op=SEND_HEARTBEAT {datanodeUUID=1e702f59-a831-439b-ba97-9c7e4d303d93, command=[]} | ret=SUCCESS |  
2019-09-20 08:46:13,132 [Thread-287] INFO  impl.FollowerState (FollowerState.java:run(106)) - 3ea69b51-ea1d-40b9-a82f-433a48a46bff:group-481A7678F30C changes to CANDIDATE, lastRpcTime:5015, electionTimeout:5015ms
2019-09-20 08:46:13,135 [Thread-287] INFO  impl.RoleInfo (RoleInfo.java:shutdownFollowerState(121)) - 3ea69b51-ea1d-40b9-a82f-433a48a46bff: shutdown FollowerState
2019-09-20 08:46:13,135 [Thread-287] INFO  impl.RaftServerImpl (RaftServerImpl.java:setRole(171)) - 3ea69b51-ea1d-40b9-a82f-433a48a46bff:group-481A7678F30C changes role from FOLLOWER to CANDIDATE at term 0 for changeToCandidate
2019-09-20 08:46:13,135 [Thread-287] INFO  impl.RoleInfo (RoleInfo.java:updateAndGet(143)) - 3ea69b51-ea1d-40b9-a82f-433a48a46bff: start LeaderElection
2019-09-20 08:46:13,187 [pool-115-thread-1] INFO  storage.RaftStorage (RaftStorage.java:format(72)) - Storage directory /workdir/hadoop-ozone/ozonefs/target/test-dir/MiniOzoneClusterImpl-da5888fd-c692-4355-82c4-91aa98cbf569/datanode-8/data/ratis/88c0a86a-0729-43bb-b9ff-48f26724c4fe has been successfully formatted.
2019-09-20 08:46:13,187 [3ea69b51-ea1d-40b9-a82f-433a48a46bff:group-481A7678F30C:LeaderElection2] INFO  impl.LeaderElection (LeaderElection.java:askForVotes(181)) - 3ea69b51-ea1d-40b9-a82f-433a48a46bff:group-481A7678F30C:LeaderElection2: begin an election at term 1 for -1: [3ea69b51-ea1d-40b9-a82f-433a48a46bff:192.168.36.79:37909], old=null
2019-09-20 08:46:13,187 [pool-115-thread-1] INFO  ratis.ContainerStateMachine (ContainerStateMachine.java:loadSnapshot(226)) - group-48F26724C4FE: The snapshot info is null. Setting the last applied indexto:(t:0, i:~)
2019-09-20 08:46:13,188 [3ea69b51-ea1d-40b9-a82f-433a48a46bff:group-481A7678F30C:LeaderElection2] INFO  impl.RoleInfo (RoleInfo.java:shutdownLeaderElection(134)) - 3ea69b51-ea1d-40b9-a82f-433a48a46bff: shutdown LeaderElection
2019-09-20 08:46:13,188 [pool-115-thread-1] INFO  server.RaftServerConfigKeys (ConfUtils.java:logGet(43)) - raft.server.leader.election.timeout = 120s (custom)
2019-09-20 08:46:13,188 [3ea69b51-ea1d-40b9-a82f-433a48a46bff:group-481A7678F30C:LeaderElection2] INFO  impl.RaftServerImpl (RaftServerImpl.java:setRole(171)) - 3ea69b51-ea1d-40b9-a82f-433a48a46bff:group-481A7678F30C changes role from CANDIDATE to LEADER at term 1 for changeToLeader
2019-09-20 08:46:13,188 [pool-115-thread-1] INFO  server.RaftServerConfigKeys (ConfUtils.java:logGet(43)) - raft.server.log.use.memory = false (default)
2019-09-20 08:46:13,188 [3ea69b51-ea1d-40b9-a82f-433a48a46bff:group-481A7678F30C:LeaderElection2] INFO  impl.RaftServerImpl (ServerState.java:setLeader(263)) - 3ea69b51-ea1d-40b9-a82f-433a48a46bff:group-481A7678F30C change Leader from null to 3ea69b51-ea1d-40b9-a82f-433a48a46bff at term 1 for becomeLeader, leader elected after 5076ms
2019-09-20 08:46:13,188 [pool-115-thread-1] INFO  server.RaftServerConfigKeys (ConfUtils.java:logGet(43)) - raft.server.log.purge.gap = 1000000 (custom)
2019-09-20 08:46:13,188 [3ea69b51-ea1d-40b9-a82f-433a48a46bff:group-481A7678F30C:LeaderElection2] INFO  server.RaftServerConfigKeys (ConfUtils.java:logGet(43)) - raft.server.staging.catchup.gap = 1000 (default)
2019-09-20 08:46:13,189 [pool-115-thread-1] INFO  server.RaftServerConfigKeys (ConfUtils.java:logGet(43)) - raft.server.log.appender.buffer.byte-limit = 33554432 (custom)
2019-09-20 08:46:13,189 [3ea69b51-ea1d-40b9-a82f-433a48a46bff:group-481A7678F30C:LeaderElection2] INFO  server.RaftServerConfigKeys (ConfUtils.java:logGet(43)) - raft.server.rpc.sleep.time = 25ms (default)
2019-09-20 08:46:13,189 [pool-115-thread-1] INFO  server.RaftServerConfigKeys (ConfUtils.java:logGet(43)) - raft.server.log.segment.size.max = 1048576 (custom)
2019-09-20 08:46:13,189 [3ea69b51-ea1d-40b9-a82f-433a48a46bff:group-481A7678F30C:LeaderElection2] INFO  server.RaftServerConfigKeys (ConfUtils.java:logGet(43)) - raft.server.write.element-limit = 4096 (default)
2019-09-20 08:46:13,189 [pool-115-thread-1] INFO  server.RaftServerConfigKeys (ConfUtils.java:logGet(43)) - raft.server.log.segment.cache.num.max = 2 (custom)
2019-09-20 08:46:13,189 [3ea69b51-ea1d-40b9-a82f-433a48a46bff:group-481A7678F30C:LeaderElection2] INFO  server.RaftServerConfigKeys (ConfUtils.java:logGet(43)) - raft.server.watch.timeout = 10s (default)
2019-09-20 08:46:13,189 [pool-115-thread-1] INFO  segmented.SegmentedRaftLogWorker (SegmentedRaftLogWorker.java:<init>(172)) - new 735a34e4-c7c4-465a-a71d-fefc6390b8eb-SegmentedRaftLogWorker:Storage Directory /workdir/hadoop-ozone/ozonefs/target/test-dir/MiniOzoneClusterImpl-da5888fd-c692-4355-82c4-91aa98cbf569/datanode-8/data/ratis/88c0a86a-0729-43bb-b9ff-48f26724c4fe for RaftStorage:Storage Directory /workdir/hadoop-ozone/ozonefs/target/test-dir/MiniOzoneClusterImpl-da5888fd-c692-4355-82c4-91aa98cbf569/datanode-8/data/ratis/88c0a86a-0729-43bb-b9ff-48f26724c4fe
2019-09-20 08:46:13,190 [3ea69b51-ea1d-40b9-a82f-433a48a46bff:group-481A7678F30C:LeaderElection2] INFO  server.RaftServerConfigKeys (ConfUtils.java:logGet(43)) - raft.server.watch.timeout.denomination = 1s (default)
2019-09-20 08:46:13,190 [pool-115-thread-1] INFO  server.RaftServerConfigKeys (ConfUtils.java:logGet(43)) - raft.server.log.queue.byte-limit = 2147483647 (custom)
2019-09-20 08:46:13,190 [3ea69b51-ea1d-40b9-a82f-433a48a46bff:group-481A7678F30C:LeaderElection2] INFO  server.RaftServerConfigKeys (ConfUtils.java:logGet(43)) - raft.server.watch.element-limit = 65536 (default)
2019-09-20 08:46:13,190 [pool-115-thread-1] INFO  server.RaftServerConfigKeys (ConfUtils.java:logGet(43)) - raft.server.log.queue.element-limit = 1024 (custom)
2019-09-20 08:46:13,190 [3ea69b51-ea1d-40b9-a82f-433a48a46bff:group-481A7678F30C:LeaderElection2] INFO  impl.RoleInfo (RoleInfo.java:updateAndGet(143)) - 3ea69b51-ea1d-40b9-a82f-433a48a46bff: start LeaderState
2019-09-20 08:46:13,190 [pool-115-thread-1] INFO  server.RaftServerConfigKeys (ConfUtils.java:logGet(43)) - raft.server.log.segment.size.max = 1048576 (custom)
2019-09-20 08:46:13,190 [3ea69b51-ea1d-40b9-a82f-433a48a46bff:group-481A7678F30C:LeaderElection2] INFO  segmented.SegmentedRaftLogWorker (SegmentedRaftLogWorker.java:startLogSegment(380)) - 3ea69b51-ea1d-40b9-a82f-433a48a46bff-SegmentedRaftLogWorker:Storage Directory /workdir/hadoop-ozone/ozonefs/target/test-dir/MiniOzoneClusterImpl-da5888fd-c692-4355-82c4-91aa98cbf569/datanode-0/data/ratis/1eebfe0d-a9f5-469c-b9f7-481a7678f30c: Starting segment from index:0
2019-09-20 08:46:13,190 [pool-115-thread-1] INFO  server.RaftServerConfigKeys (ConfUtils.java:logGet(43)) - raft.server.log.preallocated.size = 16384 (custom)
2019-09-20 08:46:13,191 [pool-115-thread-1] INFO  server.RaftServerConfigKeys (ConfUtils.java:logGet(43)) - raft.server.log.write.buffer.size = 33554432 (custom)
2019-09-20 08:46:13,191 [pool-115-thread-1] INFO  server.RaftServerConfigKeys (ConfUtils.java:logGet(43)) - raft.server.log.force.sync.num = 128 (default)
2019-09-20 08:46:13,191 [3ea69b51-ea1d-40b9-a82f-433a48a46bff:group-481A7678F30C:LeaderElection2] INFO  impl.RaftServerImpl (ServerState.java:setRaftConf(361)) - 3ea69b51-ea1d-40b9-a82f-433a48a46bff:group-481A7678F30C set configuration 0: [3ea69b51-ea1d-40b9-a82f-433a48a46bff:192.168.36.79:37909], old=null at 0
2019-09-20 08:46:13,191 [pool-115-thread-1] INFO  server.RaftServerConfigKeys (ConfUtils.java:logGet(43)) - raft.server.log.statemachine.data.sync = true (default)
2019-09-20 08:46:13,194 [pool-115-thread-1] INFO  server.RaftServerConfigKeys (ConfUtils.java:logGet(43)) - raft.server.log.statemachine.data.sync.timeout = 10s (default)
2019-09-20 08:46:13,194 [pool-115-thread-1] INFO  server.RaftServerConfigKeys (ConfUtils.java:logGet(43)) - raft.server.log.statemachine.data.sync.timeout.retry = -1 (default)
2019-09-20 08:46:13,194 [pool-115-thread-1] INFO  server.RaftServerConfigKeys (ConfUtils.java:logGet(43)) - raft.server.log.statemachine.data.caching.enabled = true (custom)
2019-09-20 08:46:13,195 [pool-115-thread-1] INFO  segmented.SegmentedRaftLogWorker (SegmentedRaftLogWorker.java:lambda$new$0(132)) - 735a34e4-c7c4-465a-a71d-fefc6390b8eb-SegmentedRaftLogWorker:Storage Directory /workdir/hadoop-ozone/ozonefs/target/test-dir/MiniOzoneClusterImpl-da5888fd-c692-4355-82c4-91aa98cbf569/datanode-8/data/ratis/88c0a86a-0729-43bb-b9ff-48f26724c4fe: flushIndex: setUnconditionally 0 -> -1
2019-09-20 08:46:13,195 [pool-115-thread-1] INFO  server.RaftServerConfigKeys (ConfUtils.java:logGet(43)) - raft.server.snapshot.auto.trigger.enabled = true (custom)
2019-09-20 08:46:13,195 [pool-115-thread-1] INFO  server.RaftServerConfigKeys (ConfUtils.java:logGet(43)) - raft.server.snapshot.auto.trigger.threshold = 10000 (custom)
2019-09-20 08:46:13,195 [pool-115-thread-1] INFO  server.RaftServerConfigKeys (ConfUtils.java:logGet(43)) - raft.server.retrycache.expirytime = 600000ms (custom)
2019-09-20 08:46:13,195 [pool-115-thread-1] INFO  impl.RaftServerImpl (RaftServerImpl.java:start(180)) - 735a34e4-c7c4-465a-a71d-fefc6390b8eb: start group-48F26724C4FE
2019-09-20 08:46:13,196 [pool-115-thread-1] INFO  impl.RaftServerImpl (RaftServerImpl.java:setRole(171)) - 735a34e4-c7c4-465a-a71d-fefc6390b8eb:group-48F26724C4FE changes role from null to FOLLOWER at term 0 for startAsFollower
2019-09-20 08:46:13,196 [pool-115-thread-1] INFO  impl.RoleInfo (RoleInfo.java:updateAndGet(143)) - 735a34e4-c7c4-465a-a71d-fefc6390b8eb: start FollowerState
2019-09-20 08:46:13,196 [pool-115-thread-1] INFO  util.JmxRegister (JmxRegister.java:tryRegister(44)) - Successfully registered JMX Bean with object name Ratis:service=RaftServer,group=group-48F26724C4FE,id=735a34e4-c7c4-465a-a71d-fefc6390b8eb
2019-09-20 08:46:13,199 [RatisPipelineUtilsThread] INFO  pipeline.PipelineStateManager (PipelineStateManager.java:addPipeline(56)) - Created pipeline Pipeline[ Id: 88c0a86a-0729-43bb-b9ff-48f26724c4fe, Nodes: 735a34e4-c7c4-465a-a71d-fefc6390b8eb{ip: 192.168.36.79, host: pr-hdds-1569-s8kj2-2266485376, networkLocation: /default-rack, certSerialId: null}, Type:RATIS, Factor:ONE, State:OPEN]
2019-09-20 08:46:13,199 [RatisPipelineUtilsThread] INFO  pipeline.PipelinePlacementPolicy (PipelinePlacementPolicy.java:meetCriteria(91)) - Pipeline Placement: Doesn't meet the criteria to be viable node： a3bf3c1a-4063-48f8-b1bd-e321780611c4 Heaviness: 6 limit: 5
2019-09-20 08:46:13,199 [RatisPipelineUtilsThread] INFO  pipeline.PipelinePlacementPolicy (PipelinePlacementPolicy.java:meetCriteria(91)) - Pipeline Placement: Doesn't meet the criteria to be viable node： 0d845cc3-b0d9-47c5-b935-74fa0be2c903 Heaviness: 6 limit: 5
2019-09-20 08:46:13,200 [RatisPipelineUtilsThread] INFO  pipeline.PipelinePlacementPolicy (PipelinePlacementPolicy.java:meetCriteria(91)) - Pipeline Placement: Doesn't meet the criteria to be viable node： d3d24c2e-887e-42af-9ac0-80e26c3dc807 Heaviness: 6 limit: 5
2019-09-20 08:46:13,200 [RatisPipelineUtilsThread] INFO  pipeline.PipelinePlacementPolicy (PipelinePlacementPolicy.java:meetCriteria(91)) - Pipeline Placement: Doesn't meet the criteria to be viable node： e997423e-4090-4042-87ee-7419d4cf7365 Heaviness: 6 limit: 5
2019-09-20 08:46:13,200 [RatisPipelineUtilsThread] INFO  pipeline.PipelinePlacementPolicy (PipelinePlacementPolicy.java:meetCriteria(91)) - Pipeline Placement: Doesn't meet the criteria to be viable node： 1cc75455-5fc2-459e-9e17-b902eb9cc08f Heaviness: 6 limit: 5
2019-09-20 08:46:13,200 [RatisPipelineUtilsThread] INFO  pipeline.PipelinePlacementPolicy (PipelinePlacementPolicy.java:meetCriteria(91)) - Pipeline Placement: Doesn't meet the criteria to be viable node： 1e702f59-a831-439b-ba97-9c7e4d303d93 Heaviness: 6 limit: 5
2019-09-20 08:46:13,200 [RatisPipelineUtilsThread] INFO  pipeline.PipelinePlacementPolicy (PipelinePlacementPolicy.java:meetCriteria(91)) - Pipeline Placement: Doesn't meet the criteria to be viable node： 735a34e4-c7c4-465a-a71d-fefc6390b8eb Heaviness: 6 limit: 5
2019-09-20 08:46:13,200 [RatisPipelineUtilsThread] INFO  pipeline.PipelinePlacementPolicy (PipelinePlacementPolicy.java:meetCriteria(91)) - Pipeline Placement: Doesn't meet the criteria to be viable node： 3ea69b51-ea1d-40b9-a82f-433a48a46bff Heaviness: 6 limit: 5
2019-09-20 08:46:13,200 [RatisPipelineUtilsThread] INFO  pipeline.PipelinePlacementPolicy (PipelinePlacementPolicy.java:meetCriteria(91)) - Pipeline Placement: Doesn't meet the criteria to be viable node： 4eb079c5-a63c-4d36-97af-76873864fc0c Heaviness: 6 limit: 5
2019-09-20 08:46:13,206 [grpc-default-executor-1] INFO  impl.RaftServerProxy (RaftServerProxy.java:addNew(89)) - 3d9fb88f-ef2a-412e-bafc-a0084682cc47: addNew group-9FEF8E38431B:[3d9fb88f-ef2a-412e-bafc-a0084682cc47:192.168.36.79:36901] returns group-9FEF8E38431B:java.util.concurrent.CompletableFuture@4cf36fc4[Not completed]
2019-09-20 08:46:13,208 [pool-126-thread-1] INFO  impl.RaftServerImpl (RaftServerImpl.java:<init>(93)) - 3d9fb88f-ef2a-412e-bafc-a0084682cc47: new RaftServerImpl for group-9FEF8E38431B:[3d9fb88f-ef2a-412e-bafc-a0084682cc47:192.168.36.79:36901] with ContainerStateMachine:uninitialized
2019-09-20 08:46:13,208 [pool-126-thread-1] INFO  server.RaftServerConfigKeys (ConfUtils.java:logGet(43)) - raft.server.rpc.timeout.min = 5s (custom)
2019-09-20 08:46:13,208 [pool-126-thread-1] INFO  server.RaftServerConfigKeys (ConfUtils.java:logGet(43)) - raft.server.rpc.timeout.max = 5200ms (custom)
2019-09-20 08:46:13,208 [pool-126-thread-1] INFO  server.RaftServerConfigKeys (ConfUtils.java:logGet(43)) - raft.server.rpcslowness.timeout = 120s (custom)
2019-09-20 08:46:13,208 [pool-126-thread-1] INFO  server.RaftServerConfigKeys (ConfUtils.java:logGet(43)) - raft.server.sleep.deviation.threshold = 300 (default)
2019-09-20 08:46:13,209 [pool-126-thread-1] INFO  server.RaftServerConfigKeys (ConfUtils.java:logGet(43)) - raft.server.log.appender.install.snapshot.enabled = false (custom)
2019-09-20 08:46:13,209 [pool-126-thread-1] INFO  impl.RaftServerImpl (ServerState.java:<init>(105)) - 3d9fb88f-ef2a-412e-bafc-a0084682cc47:group-9FEF8E38431B ConfigurationManager, init=-1: [3d9fb88f-ef2a-412e-bafc-a0084682cc47:192.168.36.79:36901], old=null, confs=<EMPTY_MAP>
2019-09-20 08:46:13,209 [pool-126-thread-1] INFO  server.RaftServerConfigKeys (ConfUtils.java:logGet(43)) - raft.server.storage.dir = [/workdir/hadoop-ozone/ozonefs/target/test-dir/MiniOzoneClusterImpl-da5888fd-c692-4355-82c4-91aa98cbf569/datanode-9/data/ratis] (custom)
2019-09-20 08:46:13,209 [pool-126-thread-1] INFO  storage.RaftStorageDirectory (RaftStorageDirectory.java:analyzeStorage(246)) - The storage directory /workdir/hadoop-ozone/ozonefs/target/test-dir/MiniOzoneClusterImpl-da5888fd-c692-4355-82c4-91aa98cbf569/datanode-9/data/ratis/e67d8c3b-2ef7-4324-a183-9fef8e38431b does not exist. Creating ...
2019-09-20 08:46:13,238 [pool-126-thread-1] INFO  storage.RaftStorageDirectory (RaftStorageDirectory.java:tryLock(328)) - Lock on /workdir/hadoop-ozone/ozonefs/target/test-dir/MiniOzoneClusterImpl-da5888fd-c692-4355-82c4-91aa98cbf569/datanode-9/data/ratis/e67d8c3b-2ef7-4324-a183-9fef8e38431b/in_use.lock acquired by nodename 7820@pr-hdds-1569-s8kj2-2266485376
2019-09-20 08:46:13,280 [pool-126-thread-1] INFO  storage.RaftStorage (RaftStorage.java:format(72)) - Storage directory /workdir/hadoop-ozone/ozonefs/target/test-dir/MiniOzoneClusterImpl-da5888fd-c692-4355-82c4-91aa98cbf569/datanode-9/data/ratis/e67d8c3b-2ef7-4324-a183-9fef8e38431b has been successfully formatted.
2019-09-20 08:46:13,280 [pool-126-thread-1] INFO  ratis.ContainerStateMachine (ContainerStateMachine.java:loadSnapshot(226)) - group-9FEF8E38431B: The snapshot info is null. Setting the last applied indexto:(t:0, i:~)
2019-09-20 08:46:13,280 [pool-126-thread-1] INFO  server.RaftServerConfigKeys (ConfUtils.java:logGet(43)) - raft.server.leader.election.timeout = 120s (custom)
2019-09-20 08:46:13,281 [pool-126-thread-1] INFO  server.RaftServerConfigKeys (ConfUtils.java:logGet(43)) - raft.server.log.use.memory = false (default)
2019-09-20 08:46:13,281 [pool-126-thread-1] INFO  server.RaftServerConfigKeys (ConfUtils.java:logGet(43)) - raft.server.log.purge.gap = 1000000 (custom)
2019-09-20 08:46:13,281 [pool-126-thread-1] INFO  server.RaftServerConfigKeys (ConfUtils.java:logGet(43)) - raft.server.log.appender.buffer.byte-limit = 33554432 (custom)
2019-09-20 08:46:13,281 [pool-126-thread-1] INFO  server.RaftServerConfigKeys (ConfUtils.java:logGet(43)) - raft.server.log.segment.size.max = 1048576 (custom)
2019-09-20 08:46:13,281 [pool-126-thread-1] INFO  server.RaftServerConfigKeys (ConfUtils.java:logGet(43)) - raft.server.log.segment.cache.num.max = 2 (custom)
2019-09-20 08:46:13,281 [pool-126-thread-1] INFO  segmented.SegmentedRaftLogWorker (SegmentedRaftLogWorker.java:<init>(172)) - new 3d9fb88f-ef2a-412e-bafc-a0084682cc47-SegmentedRaftLogWorker:Storage Directory /workdir/hadoop-ozone/ozonefs/target/test-dir/MiniOzoneClusterImpl-da5888fd-c692-4355-82c4-91aa98cbf569/datanode-9/data/ratis/e67d8c3b-2ef7-4324-a183-9fef8e38431b for RaftStorage:Storage Directory /workdir/hadoop-ozone/ozonefs/target/test-dir/MiniOzoneClusterImpl-da5888fd-c692-4355-82c4-91aa98cbf569/datanode-9/data/ratis/e67d8c3b-2ef7-4324-a183-9fef8e38431b
2019-09-20 08:46:13,282 [pool-126-thread-1] INFO  server.RaftServerConfigKeys (ConfUtils.java:logGet(43)) - raft.server.log.queue.byte-limit = 2147483647 (custom)
2019-09-20 08:46:13,282 [pool-126-thread-1] INFO  server.RaftServerConfigKeys (ConfUtils.java:logGet(43)) - raft.server.log.queue.element-limit = 1024 (custom)
2019-09-20 08:46:13,282 [pool-126-thread-1] INFO  server.RaftServerConfigKeys (ConfUtils.java:logGet(43)) - raft.server.log.segment.size.max = 1048576 (custom)
2019-09-20 08:46:13,282 [pool-126-thread-1] INFO  server.RaftServerConfigKeys (ConfUtils.java:logGet(43)) - raft.server.log.preallocated.size = 16384 (custom)
2019-09-20 08:46:13,282 [pool-126-thread-1] INFO  server.RaftServerConfigKeys (ConfUtils.java:logGet(43)) - raft.server.log.write.buffer.size = 33554432 (custom)
2019-09-20 08:46:13,282 [pool-126-thread-1] INFO  server.RaftServerConfigKeys (ConfUtils.java:logGet(43)) - raft.server.log.force.sync.num = 128 (default)
2019-09-20 08:46:13,282 [pool-126-thread-1] INFO  server.RaftServerConfigKeys (ConfUtils.java:logGet(43)) - raft.server.log.statemachine.data.sync = true (default)
2019-09-20 08:46:13,283 [pool-126-thread-1] INFO  server.RaftServerConfigKeys (ConfUtils.java:logGet(43)) - raft.server.log.statemachine.data.sync.timeout = 10s (default)
2019-09-20 08:46:13,283 [pool-126-thread-1] INFO  server.RaftServerConfigKeys (ConfUtils.java:logGet(43)) - raft.server.log.statemachine.data.sync.timeout.retry = -1 (default)
2019-09-20 08:46:13,283 [pool-126-thread-1] INFO  server.RaftServerConfigKeys (ConfUtils.java:logGet(43)) - raft.server.log.statemachine.data.caching.enabled = true (custom)
2019-09-20 08:46:13,283 [pool-126-thread-1] INFO  segmented.SegmentedRaftLogWorker (SegmentedRaftLogWorker.java:lambda$new$0(132)) - 3d9fb88f-ef2a-412e-bafc-a0084682cc47-SegmentedRaftLogWorker:Storage Directory /workdir/hadoop-ozone/ozonefs/target/test-dir/MiniOzoneClusterImpl-da5888fd-c692-4355-82c4-91aa98cbf569/datanode-9/data/ratis/e67d8c3b-2ef7-4324-a183-9fef8e38431b: flushIndex: setUnconditionally 0 -> -1
2019-09-20 08:46:13,284 [pool-126-thread-1] INFO  server.RaftServerConfigKeys (ConfUtils.java:logGet(43)) - raft.server.snapshot.auto.trigger.enabled = true (custom)
2019-09-20 08:46:13,284 [pool-126-thread-1] INFO  server.RaftServerConfigKeys (ConfUtils.java:logGet(43)) - raft.server.snapshot.auto.trigger.threshold = 10000 (custom)
2019-09-20 08:46:13,284 [pool-126-thread-1] INFO  server.RaftServerConfigKeys (ConfUtils.java:logGet(43)) - raft.server.retrycache.expirytime = 600000ms (custom)
2019-09-20 08:46:13,284 [pool-126-thread-1] INFO  impl.RaftServerImpl (RaftServerImpl.java:start(180)) - 3d9fb88f-ef2a-412e-bafc-a0084682cc47: start group-9FEF8E38431B
2019-09-20 08:46:13,285 [pool-126-thread-1] INFO  impl.RaftServerImpl (RaftServerImpl.java:setRole(171)) - 3d9fb88f-ef2a-412e-bafc-a0084682cc47:group-9FEF8E38431B changes role from null to FOLLOWER at term 0 for startAsFollower
2019-09-20 08:46:13,285 [pool-126-thread-1] INFO  impl.RoleInfo (RoleInfo.java:updateAndGet(143)) - 3d9fb88f-ef2a-412e-bafc-a0084682cc47: start FollowerState
2019-09-20 08:46:13,286 [pool-126-thread-1] INFO  util.JmxRegister (JmxRegister.java:tryRegister(44)) - Successfully registered JMX Bean with object name Ratis:service=RaftServer,group=group-9FEF8E38431B,id=3d9fb88f-ef2a-412e-bafc-a0084682cc47
2019-09-20 08:46:13,289 [RatisPipelineUtilsThread] INFO  pipeline.PipelineStateManager (PipelineStateManager.java:addPipeline(56)) - Created pipeline Pipeline[ Id: e67d8c3b-2ef7-4324-a183-9fef8e38431b, Nodes: 3d9fb88f-ef2a-412e-bafc-a0084682cc47{ip: 192.168.36.79, host: pr-hdds-1569-s8kj2-2266485376, networkLocation: /default-rack, certSerialId: null}, Type:RATIS, Factor:ONE, State:OPEN]
2019-09-20 08:46:13,289 [RatisPipelineUtilsThread] INFO  pipeline.PipelinePlacementPolicy (PipelinePlacementPolicy.java:meetCriteria(91)) - Pipeline Placement: Doesn't meet the criteria to be viable node： a3bf3c1a-4063-48f8-b1bd-e321780611c4 Heaviness: 6 limit: 5
2019-09-20 08:46:13,289 [RatisPipelineUtilsThread] INFO  pipeline.PipelinePlacementPolicy (PipelinePlacementPolicy.java:meetCriteria(91)) - Pipeline Placement: Doesn't meet the criteria to be viable node： 0d845cc3-b0d9-47c5-b935-74fa0be2c903 Heaviness: 6 limit: 5
2019-09-20 08:46:13,289 [RatisPipelineUtilsThread] INFO  pipeline.PipelinePlacementPolicy (PipelinePlacementPolicy.java:meetCriteria(91)) - Pipeline Placement: Doesn't meet the criteria to be viable node： d3d24c2e-887e-42af-9ac0-80e26c3dc807 Heaviness: 6 limit: 5
2019-09-20 08:46:13,290 [RatisPipelineUtilsThread] INFO  pipeline.PipelinePlacementPolicy (PipelinePlacementPolicy.java:meetCriteria(91)) - Pipeline Placement: Doesn't meet the criteria to be viable node： e997423e-4090-4042-87ee-7419d4cf7365 Heaviness: 6 limit: 5
2019-09-20 08:46:13,290 [RatisPipelineUtilsThread] INFO  pipeline.PipelinePlacementPolicy (PipelinePlacementPolicy.java:meetCriteria(91)) - Pipeline Placement: Doesn't meet the criteria to be viable node： 1cc75455-5fc2-459e-9e17-b902eb9cc08f Heaviness: 6 limit: 5
2019-09-20 08:46:13,290 [RatisPipelineUtilsThread] INFO  pipeline.PipelinePlacementPolicy (PipelinePlacementPolicy.java:meetCriteria(91)) - Pipeline Placement: Doesn't meet the criteria to be viable node： 1e702f59-a831-439b-ba97-9c7e4d303d93 Heaviness: 6 limit: 5
2019-09-20 08:46:13,290 [RatisPipelineUtilsThread] INFO  pipeline.PipelinePlacementPolicy (PipelinePlacementPolicy.java:meetCriteria(91)) - Pipeline Placement: Doesn't meet the criteria to be viable node： 735a34e4-c7c4-465a-a71d-fefc6390b8eb Heaviness: 6 limit: 5
2019-09-20 08:46:13,290 [RatisPipelineUtilsThread] INFO  pipeline.PipelinePlacementPolicy (PipelinePlacementPolicy.java:meetCriteria(91)) - Pipeline Placement: Doesn't meet the criteria to be viable node： 3ea69b51-ea1d-40b9-a82f-433a48a46bff Heaviness: 6 limit: 5
2019-09-20 08:46:13,290 [RatisPipelineUtilsThread] INFO  pipeline.PipelinePlacementPolicy (PipelinePlacementPolicy.java:meetCriteria(91)) - Pipeline Placement: Doesn't meet the criteria to be viable node： 4eb079c5-a63c-4d36-97af-76873864fc0c Heaviness: 6 limit: 5
2019-09-20 08:46:13,296 [grpc-default-executor-1] INFO  impl.RaftServerProxy (RaftServerProxy.java:addNew(89)) - 3d9fb88f-ef2a-412e-bafc-a0084682cc47: addNew group-D576AB10FCD3:[3d9fb88f-ef2a-412e-bafc-a0084682cc47:192.168.36.79:36901] returns group-D576AB10FCD3:java.util.concurrent.CompletableFuture@e13c602[Not completed]
2019-09-20 08:46:13,298 [pool-126-thread-1] INFO  impl.RaftServerImpl (RaftServerImpl.java:<init>(93)) - 3d9fb88f-ef2a-412e-bafc-a0084682cc47: new RaftServerImpl for group-D576AB10FCD3:[3d9fb88f-ef2a-412e-bafc-a0084682cc47:192.168.36.79:36901] with ContainerStateMachine:uninitialized
2019-09-20 08:46:13,298 [pool-126-thread-1] INFO  server.RaftServerConfigKeys (ConfUtils.java:logGet(43)) - raft.server.rpc.timeout.min = 5s (custom)
2019-09-20 08:46:13,298 [pool-126-thread-1] INFO  server.RaftServerConfigKeys (ConfUtils.java:logGet(43)) - raft.server.rpc.timeout.max = 5200ms (custom)
2019-09-20 08:46:13,298 [pool-126-thread-1] INFO  server.RaftServerConfigKeys (ConfUtils.java:logGet(43)) - raft.server.rpcslowness.timeout = 120s (custom)
2019-09-20 08:46:13,298 [pool-126-thread-1] INFO  server.RaftServerConfigKeys (ConfUtils.java:logGet(43)) - raft.server.sleep.deviation.threshold = 300 (default)
2019-09-20 08:46:13,299 [pool-126-thread-1] INFO  server.RaftServerConfigKeys (ConfUtils.java:logGet(43)) - raft.server.log.appender.install.snapshot.enabled = false (custom)
2019-09-20 08:46:13,299 [pool-126-thread-1] INFO  impl.RaftServerImpl (ServerState.java:<init>(105)) - 3d9fb88f-ef2a-412e-bafc-a0084682cc47:group-D576AB10FCD3 ConfigurationManager, init=-1: [3d9fb88f-ef2a-412e-bafc-a0084682cc47:192.168.36.79:36901], old=null, confs=<EMPTY_MAP>
2019-09-20 08:46:13,299 [pool-126-thread-1] INFO  server.RaftServerConfigKeys (ConfUtils.java:logGet(43)) - raft.server.storage.dir = [/workdir/hadoop-ozone/ozonefs/target/test-dir/MiniOzoneClusterImpl-da5888fd-c692-4355-82c4-91aa98cbf569/datanode-9/data/ratis] (custom)
2019-09-20 08:46:13,299 [pool-126-thread-1] INFO  storage.RaftStorageDirectory (RaftStorageDirectory.java:analyzeStorage(246)) - The storage directory /workdir/hadoop-ozone/ozonefs/target/test-dir/MiniOzoneClusterImpl-da5888fd-c692-4355-82c4-91aa98cbf569/datanode-9/data/ratis/9106ae17-6d35-4f58-bead-d576ab10fcd3 does not exist. Creating ...
2019-09-20 08:46:13,322 [pool-126-thread-1] INFO  storage.RaftStorageDirectory (RaftStorageDirectory.java:tryLock(328)) - Lock on /workdir/hadoop-ozone/ozonefs/target/test-dir/MiniOzoneClusterImpl-da5888fd-c692-4355-82c4-91aa98cbf569/datanode-9/data/ratis/9106ae17-6d35-4f58-bead-d576ab10fcd3/in_use.lock acquired by nodename 7820@pr-hdds-1569-s8kj2-2266485376
2019-09-20 08:46:13,322 [3ea69b51-ea1d-40b9-a82f-433a48a46bff-SegmentedRaftLogWorker:Storage Directory /workdir/hadoop-ozone/ozonefs/target/test-dir/MiniOzoneClusterImpl-da5888fd-c692-4355-82c4-91aa98cbf569/datanode-0/data/ratis/a15f2130-a5ac-4193-a213-426092ed1691] INFO  segmented.SegmentedRaftLogWorker (SegmentedRaftLogWorker.java:execute(569)) - 3ea69b51-ea1d-40b9-a82f-433a48a46bff-SegmentedRaftLogWorker:Storage Directory /workdir/hadoop-ozone/ozonefs/target/test-dir/MiniOzoneClusterImpl-da5888fd-c692-4355-82c4-91aa98cbf569/datanode-0/data/ratis/a15f2130-a5ac-4193-a213-426092ed1691: created new log segment /workdir/hadoop-ozone/ozonefs/target/test-dir/MiniOzoneClusterImpl-da5888fd-c692-4355-82c4-91aa98cbf569/datanode-0/data/ratis/a15f2130-a5ac-4193-a213-426092ed1691/current/log_inprogress_0
2019-09-20 08:46:13,326 [Thread-290] INFO  impl.FollowerState (FollowerState.java:run(106)) - a3bf3c1a-4063-48f8-b1bd-e321780611c4:group-B5F2705F2A79 changes to CANDIDATE, lastRpcTime:5023, electionTimeout:5021ms
2019-09-20 08:46:13,326 [Thread-290] INFO  impl.RoleInfo (RoleInfo.java:shutdownFollowerState(121)) - a3bf3c1a-4063-48f8-b1bd-e321780611c4: shutdown FollowerState
2019-09-20 08:46:13,326 [Thread-290] INFO  impl.RaftServerImpl (RaftServerImpl.java:setRole(171)) - a3bf3c1a-4063-48f8-b1bd-e321780611c4:group-B5F2705F2A79 changes role from FOLLOWER to CANDIDATE at term 0 for changeToCandidate
2019-09-20 08:46:13,327 [Thread-290] INFO  impl.RoleInfo (RoleInfo.java:updateAndGet(143)) - a3bf3c1a-4063-48f8-b1bd-e321780611c4: start LeaderElection
2019-09-20 08:46:13,338 | INFO  | SCMAudit | user=jenkins1000 | ip=192.168.36.79 | op=SEND_HEARTBEAT {datanodeUUID=d3d24c2e-887e-42af-9ac0-80e26c3dc807, command=[]} | ret=SUCCESS |  
2019-09-20 08:46:13,339 [3ea69b51-ea1d-40b9-a82f-433a48a46bff-SegmentedRaftLogWorker:Storage Directory /workdir/hadoop-ozone/ozonefs/target/test-dir/MiniOzoneClusterImpl-da5888fd-c692-4355-82c4-91aa98cbf569/datanode-0/data/ratis/1eebfe0d-a9f5-469c-b9f7-481a7678f30c] INFO  segmented.SegmentedRaftLogWorker (SegmentedRaftLogWorker.java:execute(569)) - 3ea69b51-ea1d-40b9-a82f-433a48a46bff-SegmentedRaftLogWorker:Storage Directory /workdir/hadoop-ozone/ozonefs/target/test-dir/MiniOzoneClusterImpl-da5888fd-c692-4355-82c4-91aa98cbf569/datanode-0/data/ratis/1eebfe0d-a9f5-469c-b9f7-481a7678f30c: created new log segment /workdir/hadoop-ozone/ozonefs/target/test-dir/MiniOzoneClusterImpl-da5888fd-c692-4355-82c4-91aa98cbf569/datanode-0/data/ratis/1eebfe0d-a9f5-469c-b9f7-481a7678f30c/current/log_inprogress_0
2019-09-20 08:46:13,356 [pool-126-thread-1] INFO  storage.RaftStorage (RaftStorage.java:format(72)) - Storage directory /workdir/hadoop-ozone/ozonefs/target/test-dir/MiniOzoneClusterImpl-da5888fd-c692-4355-82c4-91aa98cbf569/datanode-9/data/ratis/9106ae17-6d35-4f58-bead-d576ab10fcd3 has been successfully formatted.
2019-09-20 08:46:13,356 [a3bf3c1a-4063-48f8-b1bd-e321780611c4:group-B5F2705F2A79:LeaderElection3] INFO  impl.LeaderElection (LeaderElection.java:askForVotes(181)) - a3bf3c1a-4063-48f8-b1bd-e321780611c4:group-B5F2705F2A79:LeaderElection3: begin an election at term 1 for -1: [a3bf3c1a-4063-48f8-b1bd-e321780611c4:192.168.36.79:36591], old=null
2019-09-20 08:46:13,359 [pool-126-thread-1] INFO  ratis.ContainerStateMachine (ContainerStateMachine.java:loadSnapshot(226)) - group-D576AB10FCD3: The snapshot info is null. Setting the last applied indexto:(t:0, i:~)
2019-09-20 08:46:13,359 [a3bf3c1a-4063-48f8-b1bd-e321780611c4:group-B5F2705F2A79:LeaderElection3] INFO  impl.RoleInfo (RoleInfo.java:shutdownLeaderElection(134)) - a3bf3c1a-4063-48f8-b1bd-e321780611c4: shutdown LeaderElection
2019-09-20 08:46:13,359 [pool-126-thread-1] INFO  server.RaftServerConfigKeys (ConfUtils.java:logGet(43)) - raft.server.leader.election.timeout = 120s (custom)
2019-09-20 08:46:13,359 [a3bf3c1a-4063-48f8-b1bd-e321780611c4:group-B5F2705F2A79:LeaderElection3] INFO  impl.RaftServerImpl (RaftServerImpl.java:setRole(171)) - a3bf3c1a-4063-48f8-b1bd-e321780611c4:group-B5F2705F2A79 changes role from CANDIDATE to LEADER at term 1 for changeToLeader
2019-09-20 08:46:13,360 [pool-126-thread-1] INFO  server.RaftServerConfigKeys (ConfUtils.java:logGet(43)) - raft.server.log.use.memory = false (default)
2019-09-20 08:46:13,360 [a3bf3c1a-4063-48f8-b1bd-e321780611c4:group-B5F2705F2A79:LeaderElection3] INFO  impl.RaftServerImpl (ServerState.java:setLeader(263)) - a3bf3c1a-4063-48f8-b1bd-e321780611c4:group-B5F2705F2A79 change Leader from null to a3bf3c1a-4063-48f8-b1bd-e321780611c4 at term 1 for becomeLeader, leader elected after 5065ms
2019-09-20 08:46:13,360 [pool-126-thread-1] INFO  server.RaftServerConfigKeys (ConfUtils.java:logGet(43)) - raft.server.log.purge.gap = 1000000 (custom)
2019-09-20 08:46:13,360 [a3bf3c1a-4063-48f8-b1bd-e321780611c4:group-B5F2705F2A79:LeaderElection3] INFO  server.RaftServerConfigKeys (ConfUtils.java:logGet(43)) - raft.server.staging.catchup.gap = 1000 (default)
2019-09-20 08:46:13,360 [pool-126-thread-1] INFO  server.RaftServerConfigKeys (ConfUtils.java:logGet(43)) - raft.server.log.appender.buffer.byte-limit = 33554432 (custom)
2019-09-20 08:46:13,360 [a3bf3c1a-4063-48f8-b1bd-e321780611c4:group-B5F2705F2A79:LeaderElection3] INFO  server.RaftServerConfigKeys (ConfUtils.java:logGet(43)) - raft.server.rpc.sleep.time = 25ms (default)
2019-09-20 08:46:13,360 [pool-126-thread-1] INFO  server.RaftServerConfigKeys (ConfUtils.java:logGet(43)) - raft.server.log.segment.size.max = 1048576 (custom)
2019-09-20 08:46:13,361 [a3bf3c1a-4063-48f8-b1bd-e321780611c4:group-B5F2705F2A79:LeaderElection3] INFO  server.RaftServerConfigKeys (ConfUtils.java:logGet(43)) - raft.server.write.element-limit = 4096 (default)
2019-09-20 08:46:13,361 [pool-126-thread-1] INFO  server.RaftServerConfigKeys (ConfUtils.java:logGet(43)) - raft.server.log.segment.cache.num.max = 2 (custom)
2019-09-20 08:46:13,361 [a3bf3c1a-4063-48f8-b1bd-e321780611c4:group-B5F2705F2A79:LeaderElection3] INFO  server.RaftServerConfigKeys (ConfUtils.java:logGet(43)) - raft.server.watch.timeout = 10s (default)
2019-09-20 08:46:13,361 [pool-126-thread-1] INFO  segmented.SegmentedRaftLogWorker (SegmentedRaftLogWorker.java:<init>(172)) - new 3d9fb88f-ef2a-412e-bafc-a0084682cc47-SegmentedRaftLogWorker:Storage Directory /workdir/hadoop-ozone/ozonefs/target/test-dir/MiniOzoneClusterImpl-da5888fd-c692-4355-82c4-91aa98cbf569/datanode-9/data/ratis/9106ae17-6d35-4f58-bead-d576ab10fcd3 for RaftStorage:Storage Directory /workdir/hadoop-ozone/ozonefs/target/test-dir/MiniOzoneClusterImpl-da5888fd-c692-4355-82c4-91aa98cbf569/datanode-9/data/ratis/9106ae17-6d35-4f58-bead-d576ab10fcd3
2019-09-20 08:46:13,361 [a3bf3c1a-4063-48f8-b1bd-e321780611c4:group-B5F2705F2A79:LeaderElection3] INFO  server.RaftServerConfigKeys (ConfUtils.java:logGet(43)) - raft.server.watch.timeout.denomination = 1s (default)
2019-09-20 08:46:13,361 [pool-126-thread-1] INFO  server.RaftServerConfigKeys (ConfUtils.java:logGet(43)) - raft.server.log.queue.byte-limit = 2147483647 (custom)
2019-09-20 08:46:13,361 [a3bf3c1a-4063-48f8-b1bd-e321780611c4:group-B5F2705F2A79:LeaderElection3] INFO  server.RaftServerConfigKeys (ConfUtils.java:logGet(43)) - raft.server.watch.element-limit = 65536 (default)
2019-09-20 08:46:13,361 [pool-126-thread-1] INFO  server.RaftServerConfigKeys (ConfUtils.java:logGet(43)) - raft.server.log.queue.element-limit = 1024 (custom)
2019-09-20 08:46:13,362 [a3bf3c1a-4063-48f8-b1bd-e321780611c4:group-B5F2705F2A79:LeaderElection3] INFO  impl.RoleInfo (RoleInfo.java:updateAndGet(143)) - a3bf3c1a-4063-48f8-b1bd-e321780611c4: start LeaderState
2019-09-20 08:46:13,362 [pool-126-thread-1] INFO  server.RaftServerConfigKeys (ConfUtils.java:logGet(43)) - raft.server.log.segment.size.max = 1048576 (custom)
2019-09-20 08:46:13,362 [pool-126-thread-1] INFO  server.RaftServerConfigKeys (ConfUtils.java:logGet(43)) - raft.server.log.preallocated.size = 16384 (custom)
2019-09-20 08:46:13,362 [a3bf3c1a-4063-48f8-b1bd-e321780611c4:group-B5F2705F2A79:LeaderElection3] INFO  segmented.SegmentedRaftLogWorker (SegmentedRaftLogWorker.java:startLogSegment(380)) - a3bf3c1a-4063-48f8-b1bd-e321780611c4-SegmentedRaftLogWorker:Storage Directory /workdir/hadoop-ozone/ozonefs/target/test-dir/MiniOzoneClusterImpl-da5888fd-c692-4355-82c4-91aa98cbf569/datanode-3/data/ratis/23adbd8c-4c50-456d-b21e-b5f2705f2a79: Starting segment from index:0
2019-09-20 08:46:13,362 [pool-126-thread-1] INFO  server.RaftServerConfigKeys (ConfUtils.java:logGet(43)) - raft.server.log.write.buffer.size = 33554432 (custom)
2019-09-20 08:46:13,362 [pool-126-thread-1] INFO  server.RaftServerConfigKeys (ConfUtils.java:logGet(43)) - raft.server.log.force.sync.num = 128 (default)
2019-09-20 08:46:13,363 [pool-126-thread-1] INFO  server.RaftServerConfigKeys (ConfUtils.java:logGet(43)) - raft.server.log.statemachine.data.sync = true (default)
2019-09-20 08:46:13,363 [pool-126-thread-1] INFO  server.RaftServerConfigKeys (ConfUtils.java:logGet(43)) - raft.server.log.statemachine.data.sync.timeout = 10s (default)
2019-09-20 08:46:13,363 [a3bf3c1a-4063-48f8-b1bd-e321780611c4:group-B5F2705F2A79:LeaderElection3] INFO  impl.RaftServerImpl (ServerState.java:setRaftConf(361)) - a3bf3c1a-4063-48f8-b1bd-e321780611c4:group-B5F2705F2A79 set configuration 0: [a3bf3c1a-4063-48f8-b1bd-e321780611c4:192.168.36.79:36591], old=null at 0
2019-09-20 08:46:13,363 [pool-126-thread-1] INFO  server.RaftServerConfigKeys (ConfUtils.java:logGet(43)) - raft.server.log.statemachine.data.sync.timeout.retry = -1 (default)
2019-09-20 08:46:13,392 [pool-126-thread-1] INFO  server.RaftServerConfigKeys (ConfUtils.java:logGet(43)) - raft.server.log.statemachine.data.caching.enabled = true (custom)
2019-09-20 08:46:13,393 [pool-126-thread-1] INFO  segmented.SegmentedRaftLogWorker (SegmentedRaftLogWorker.java:lambda$new$0(132)) - 3d9fb88f-ef2a-412e-bafc-a0084682cc47-SegmentedRaftLogWorker:Storage Directory /workdir/hadoop-ozone/ozonefs/target/test-dir/MiniOzoneClusterImpl-da5888fd-c692-4355-82c4-91aa98cbf569/datanode-9/data/ratis/9106ae17-6d35-4f58-bead-d576ab10fcd3: flushIndex: setUnconditionally 0 -> -1
2019-09-20 08:46:13,393 [pool-126-thread-1] INFO  server.RaftServerConfigKeys (ConfUtils.java:logGet(43)) - raft.server.snapshot.auto.trigger.enabled = true (custom)
2019-09-20 08:46:13,394 [pool-126-thread-1] INFO  server.RaftServerConfigKeys (ConfUtils.java:logGet(43)) - raft.server.snapshot.auto.trigger.threshold = 10000 (custom)
2019-09-20 08:46:13,394 [pool-126-thread-1] INFO  server.RaftServerConfigKeys (ConfUtils.java:logGet(43)) - raft.server.retrycache.expirytime = 600000ms (custom)
2019-09-20 08:46:13,394 [pool-126-thread-1] INFO  impl.RaftServerImpl (RaftServerImpl.java:start(180)) - 3d9fb88f-ef2a-412e-bafc-a0084682cc47: start group-D576AB10FCD3
2019-09-20 08:46:13,394 [pool-126-thread-1] INFO  impl.RaftServerImpl (RaftServerImpl.java:setRole(171)) - 3d9fb88f-ef2a-412e-bafc-a0084682cc47:group-D576AB10FCD3 changes role from null to FOLLOWER at term 0 for startAsFollower
2019-09-20 08:46:13,395 [pool-126-thread-1] INFO  impl.RoleInfo (RoleInfo.java:updateAndGet(143)) - 3d9fb88f-ef2a-412e-bafc-a0084682cc47: start FollowerState
2019-09-20 08:46:13,395 [pool-126-thread-1] INFO  util.JmxRegister (JmxRegister.java:tryRegister(44)) - Successfully registered JMX Bean with object name Ratis:service=RaftServer,group=group-D576AB10FCD3,id=3d9fb88f-ef2a-412e-bafc-a0084682cc47
2019-09-20 08:46:13,398 [RatisPipelineUtilsThread] INFO  pipeline.PipelineStateManager (PipelineStateManager.java:addPipeline(56)) - Created pipeline Pipeline[ Id: 9106ae17-6d35-4f58-bead-d576ab10fcd3, Nodes: 3d9fb88f-ef2a-412e-bafc-a0084682cc47{ip: 192.168.36.79, host: pr-hdds-1569-s8kj2-2266485376, networkLocation: /default-rack, certSerialId: null}, Type:RATIS, Factor:ONE, State:OPEN]
2019-09-20 08:46:13,399 [RatisPipelineUtilsThread] INFO  pipeline.PipelinePlacementPolicy (PipelinePlacementPolicy.java:meetCriteria(91)) - Pipeline Placement: Doesn't meet the criteria to be viable node： a3bf3c1a-4063-48f8-b1bd-e321780611c4 Heaviness: 6 limit: 5
2019-09-20 08:46:13,399 [RatisPipelineUtilsThread] INFO  pipeline.PipelinePlacementPolicy (PipelinePlacementPolicy.java:meetCriteria(91)) - Pipeline Placement: Doesn't meet the criteria to be viable node： 0d845cc3-b0d9-47c5-b935-74fa0be2c903 Heaviness: 6 limit: 5
2019-09-20 08:46:13,399 [RatisPipelineUtilsThread] INFO  pipeline.PipelinePlacementPolicy (PipelinePlacementPolicy.java:meetCriteria(91)) - Pipeline Placement: Doesn't meet the criteria to be viable node： d3d24c2e-887e-42af-9ac0-80e26c3dc807 Heaviness: 6 limit: 5
2019-09-20 08:46:13,399 [RatisPipelineUtilsThread] INFO  pipeline.PipelinePlacementPolicy (PipelinePlacementPolicy.java:meetCriteria(91)) - Pipeline Placement: Doesn't meet the criteria to be viable node： 3d9fb88f-ef2a-412e-bafc-a0084682cc47 Heaviness: 6 limit: 5
2019-09-20 08:46:13,400 [RatisPipelineUtilsThread] INFO  pipeline.PipelinePlacementPolicy (PipelinePlacementPolicy.java:meetCriteria(91)) - Pipeline Placement: Doesn't meet the criteria to be viable node： e997423e-4090-4042-87ee-7419d4cf7365 Heaviness: 6 limit: 5
2019-09-20 08:46:13,400 [RatisPipelineUtilsThread] INFO  pipeline.PipelinePlacementPolicy (PipelinePlacementPolicy.java:meetCriteria(91)) - Pipeline Placement: Doesn't meet the criteria to be viable node： 1cc75455-5fc2-459e-9e17-b902eb9cc08f Heaviness: 6 limit: 5
2019-09-20 08:46:13,400 [RatisPipelineUtilsThread] INFO  pipeline.PipelinePlacementPolicy (PipelinePlacementPolicy.java:meetCriteria(91)) - Pipeline Placement: Doesn't meet the criteria to be viable node： 1e702f59-a831-439b-ba97-9c7e4d303d93 Heaviness: 6 limit: 5
2019-09-20 08:46:13,400 [RatisPipelineUtilsThread] INFO  pipeline.PipelinePlacementPolicy (PipelinePlacementPolicy.java:meetCriteria(91)) - Pipeline Placement: Doesn't meet the criteria to be viable node： 735a34e4-c7c4-465a-a71d-fefc6390b8eb Heaviness: 6 limit: 5
2019-09-20 08:46:13,400 [RatisPipelineUtilsThread] INFO  pipeline.PipelinePlacementPolicy (PipelinePlacementPolicy.java:meetCriteria(91)) - Pipeline Placement: Doesn't meet the criteria to be viable node： 3ea69b51-ea1d-40b9-a82f-433a48a46bff Heaviness: 6 limit: 5
2019-09-20 08:46:13,400 [RatisPipelineUtilsThread] INFO  pipeline.PipelinePlacementPolicy (PipelinePlacementPolicy.java:meetCriteria(91)) - Pipeline Placement: Doesn't meet the criteria to be viable node： 4eb079c5-a63c-4d36-97af-76873864fc0c Heaviness: 6 limit: 5
2019-09-20 08:46:13,401 [RatisPipelineUtilsThread] ERROR pipeline.PipelinePlacementPolicy (PipelinePlacementPolicy.java:filterViableNodes(148)) - Unable to find enough nodes that meet the criteria that cannot engage in more than 5 pipelines. Nodes required: 1 Found: 0, healthy nodes count inNodeManager: 10.
2019-09-20 08:46:13,403 [RatisPipelineUtilsThread] ERROR pipeline.SCMPipelineManager (SCMPipelineManager.java:createPipeline(161)) - Pipeline creation failed due to exception: Unable to find enough nodes that meet the criteria that cannot engage in more than 5 pipelines. Nodes required: 1 Found: 0, healthy nodes count inNodeManager: 10.
2019-09-20 08:46:13,403 [RatisPipelineUtilsThread] INFO  pipeline.PipelinePlacementPolicy (PipelinePlacementPolicy.java:meetCriteria(91)) - Pipeline Placement: Doesn't meet the criteria to be viable node： a3bf3c1a-4063-48f8-b1bd-e321780611c4 Heaviness: 6 limit: 5
2019-09-20 08:46:13,403 [RatisPipelineUtilsThread] INFO  pipeline.PipelinePlacementPolicy (PipelinePlacementPolicy.java:meetCriteria(91)) - Pipeline Placement: Doesn't meet the criteria to be viable node： 0d845cc3-b0d9-47c5-b935-74fa0be2c903 Heaviness: 6 limit: 5
2019-09-20 08:46:13,403 [RatisPipelineUtilsThread] INFO  pipeline.PipelinePlacementPolicy (PipelinePlacementPolicy.java:meetCriteria(91)) - Pipeline Placement: Doesn't meet the criteria to be viable node： d3d24c2e-887e-42af-9ac0-80e26c3dc807 Heaviness: 6 limit: 5
2019-09-20 08:46:13,403 [RatisPipelineUtilsThread] INFO  pipeline.PipelinePlacementPolicy (PipelinePlacementPolicy.java:meetCriteria(91)) - Pipeline Placement: Doesn't meet the criteria to be viable node： 3d9fb88f-ef2a-412e-bafc-a0084682cc47 Heaviness: 6 limit: 5
2019-09-20 08:46:13,404 [RatisPipelineUtilsThread] INFO  pipeline.PipelinePlacementPolicy (PipelinePlacementPolicy.java:meetCriteria(91)) - Pipeline Placement: Doesn't meet the criteria to be viable node： e997423e-4090-4042-87ee-7419d4cf7365 Heaviness: 6 limit: 5
2019-09-20 08:46:13,404 [RatisPipelineUtilsThread] INFO  pipeline.PipelinePlacementPolicy (PipelinePlacementPolicy.java:meetCriteria(91)) - Pipeline Placement: Doesn't meet the criteria to be viable node： 1cc75455-5fc2-459e-9e17-b902eb9cc08f Heaviness: 6 limit: 5
2019-09-20 08:46:13,404 [RatisPipelineUtilsThread] INFO  pipeline.PipelinePlacementPolicy (PipelinePlacementPolicy.java:meetCriteria(91)) - Pipeline Placement: Doesn't meet the criteria to be viable node： 1e702f59-a831-439b-ba97-9c7e4d303d93 Heaviness: 6 limit: 5
2019-09-20 08:46:13,404 [RatisPipelineUtilsThread] INFO  pipeline.PipelinePlacementPolicy (PipelinePlacementPolicy.java:meetCriteria(91)) - Pipeline Placement: Doesn't meet the criteria to be viable node： 735a34e4-c7c4-465a-a71d-fefc6390b8eb Heaviness: 6 limit: 5
2019-09-20 08:46:13,404 [RatisPipelineUtilsThread] INFO  pipeline.PipelinePlacementPolicy (PipelinePlacementPolicy.java:meetCriteria(91)) - Pipeline Placement: Doesn't meet the criteria to be viable node： 3ea69b51-ea1d-40b9-a82f-433a48a46bff Heaviness: 6 limit: 5
2019-09-20 08:46:13,405 [RatisPipelineUtilsThread] INFO  pipeline.PipelinePlacementPolicy (PipelinePlacementPolicy.java:meetCriteria(91)) - Pipeline Placement: Doesn't meet the criteria to be viable node： 4eb079c5-a63c-4d36-97af-76873864fc0c Heaviness: 6 limit: 5
2019-09-20 08:46:13,405 [RatisPipelineUtilsThread] ERROR pipeline.PipelinePlacementPolicy (PipelinePlacementPolicy.java:filterViableNodes(148)) - Unable to find enough nodes that meet the criteria that cannot engage in more than 5 pipelines. Nodes required: 3 Found: 0, healthy nodes count inNodeManager: 10.
2019-09-20 08:46:13,405 [RatisPipelineUtilsThread] ERROR pipeline.SCMPipelineManager (SCMPipelineManager.java:createPipeline(161)) - Pipeline creation failed due to exception: Unable to find enough nodes that meet the criteria that cannot engage in more than 5 pipelines. Nodes required: 3 Found: 0, healthy nodes count inNodeManager: 10.
2019-09-20 08:46:13,406 [RatisPipelineUtilsThread] INFO  pipeline.PipelinePlacementPolicy (PipelinePlacementPolicy.java:meetCriteria(91)) - Pipeline Placement: Doesn't meet the criteria to be viable node： a3bf3c1a-4063-48f8-b1bd-e321780611c4 Heaviness: 6 limit: 5
2019-09-20 08:46:13,406 [RatisPipelineUtilsThread] INFO  pipeline.PipelinePlacementPolicy (PipelinePlacementPolicy.java:meetCriteria(91)) - Pipeline Placement: Doesn't meet the criteria to be viable node： 0d845cc3-b0d9-47c5-b935-74fa0be2c903 Heaviness: 6 limit: 5
2019-09-20 08:46:13,406 [RatisPipelineUtilsThread] INFO  pipeline.PipelinePlacementPolicy (PipelinePlacementPolicy.java:meetCriteria(91)) - Pipeline Placement: Doesn't meet the criteria to be viable node： d3d24c2e-887e-42af-9ac0-80e26c3dc807 Heaviness: 6 limit: 5
2019-09-20 08:46:13,407 [RatisPipelineUtilsThread] INFO  pipeline.PipelinePlacementPolicy (PipelinePlacementPolicy.java:meetCriteria(91)) - Pipeline Placement: Doesn't meet the criteria to be viable node： 3d9fb88f-ef2a-412e-bafc-a0084682cc47 Heaviness: 6 limit: 5
2019-09-20 08:46:13,407 [RatisPipelineUtilsThread] INFO  pipeline.PipelinePlacementPolicy (PipelinePlacementPolicy.java:meetCriteria(91)) - Pipeline Placement: Doesn't meet the criteria to be viable node： e997423e-4090-4042-87ee-7419d4cf7365 Heaviness: 6 limit: 5
2019-09-20 08:46:13,407 [RatisPipelineUtilsThread] INFO  pipeline.PipelinePlacementPolicy (PipelinePlacementPolicy.java:meetCriteria(91)) - Pipeline Placement: Doesn't meet the criteria to be viable node： 1cc75455-5fc2-459e-9e17-b902eb9cc08f Heaviness: 6 limit: 5
2019-09-20 08:46:13,407 [RatisPipelineUtilsThread] INFO  pipeline.PipelinePlacementPolicy (PipelinePlacementPolicy.java:meetCriteria(91)) - Pipeline Placement: Doesn't meet the criteria to be viable node： 1e702f59-a831-439b-ba97-9c7e4d303d93 Heaviness: 6 limit: 5
2019-09-20 08:46:13,407 [RatisPipelineUtilsThread] INFO  pipeline.PipelinePlacementPolicy (PipelinePlacementPolicy.java:meetCriteria(91)) - Pipeline Placement: Doesn't meet the criteria to be viable node： 735a34e4-c7c4-465a-a71d-fefc6390b8eb Heaviness: 6 limit: 5
2019-09-20 08:46:13,407 [RatisPipelineUtilsThread] INFO  pipeline.PipelinePlacementPolicy (PipelinePlacementPolicy.java:meetCriteria(91)) - Pipeline Placement: Doesn't meet the criteria to be viable node： 3ea69b51-ea1d-40b9-a82f-433a48a46bff Heaviness: 6 limit: 5
2019-09-20 08:46:13,408 [RatisPipelineUtilsThread] INFO  pipeline.PipelinePlacementPolicy (PipelinePlacementPolicy.java:meetCriteria(91)) - Pipeline Placement: Doesn't meet the criteria to be viable node： 4eb079c5-a63c-4d36-97af-76873864fc0c Heaviness: 6 limit: 5
2019-09-20 08:46:13,408 [RatisPipelineUtilsThread] ERROR pipeline.PipelinePlacementPolicy (PipelinePlacementPolicy.java:filterViableNodes(148)) - Unable to find enough nodes that meet the criteria that cannot engage in more than 5 pipelines. Nodes required: 1 Found: 0, healthy nodes count inNodeManager: 10.
2019-09-20 08:46:13,408 [RatisPipelineUtilsThread] ERROR pipeline.SCMPipelineManager (SCMPipelineManager.java:createPipeline(161)) - Pipeline creation failed due to exception: Unable to find enough nodes that meet the criteria that cannot engage in more than 5 pipelines. Nodes required: 1 Found: 0, healthy nodes count inNodeManager: 10.
2019-09-20 08:46:13,408 [RatisPipelineUtilsThread] INFO  pipeline.PipelinePlacementPolicy (PipelinePlacementPolicy.java:meetCriteria(91)) - Pipeline Placement: Doesn't meet the criteria to be viable node： a3bf3c1a-4063-48f8-b1bd-e321780611c4 Heaviness: 6 limit: 5
2019-09-20 08:46:13,408 [RatisPipelineUtilsThread] INFO  pipeline.PipelinePlacementPolicy (PipelinePlacementPolicy.java:meetCriteria(91)) - Pipeline Placement: Doesn't meet the criteria to be viable node： 0d845cc3-b0d9-47c5-b935-74fa0be2c903 Heaviness: 6 limit: 5
2019-09-20 08:46:13,409 [RatisPipelineUtilsThread] INFO  pipeline.PipelinePlacementPolicy (PipelinePlacementPolicy.java:meetCriteria(91)) - Pipeline Placement: Doesn't meet the criteria to be viable node： d3d24c2e-887e-42af-9ac0-80e26c3dc807 Heaviness: 6 limit: 5
2019-09-20 08:46:13,409 [RatisPipelineUtilsThread] INFO  pipeline.PipelinePlacementPolicy (PipelinePlacementPolicy.java:meetCriteria(91)) - Pipeline Placement: Doesn't meet the criteria to be viable node： 3d9fb88f-ef2a-412e-bafc-a0084682cc47 Heaviness: 6 limit: 5
2019-09-20 08:46:13,409 [RatisPipelineUtilsThread] INFO  pipeline.PipelinePlacementPolicy (PipelinePlacementPolicy.java:meetCriteria(91)) - Pipeline Placement: Doesn't meet the criteria to be viable node： e997423e-4090-4042-87ee-7419d4cf7365 Heaviness: 6 limit: 5
2019-09-20 08:46:13,409 [RatisPipelineUtilsThread] INFO  pipeline.PipelinePlacementPolicy (PipelinePlacementPolicy.java:meetCriteria(91)) - Pipeline Placement: Doesn't meet the criteria to be viable node： 1cc75455-5fc2-459e-9e17-b902eb9cc08f Heaviness: 6 limit: 5
2019-09-20 08:46:13,409 [RatisPipelineUtilsThread] INFO  pipeline.PipelinePlacementPolicy (PipelinePlacementPolicy.java:meetCriteria(91)) - Pipeline Placement: Doesn't meet the criteria to be viable node： 1e702f59-a831-439b-ba97-9c7e4d303d93 Heaviness: 6 limit: 5
2019-09-20 08:46:13,409 [RatisPipelineUtilsThread] INFO  pipeline.PipelinePlacementPolicy (PipelinePlacementPolicy.java:meetCriteria(91)) - Pipeline Placement: Doesn't meet the criteria to be viable node： 735a34e4-c7c4-465a-a71d-fefc6390b8eb Heaviness: 6 limit: 5
2019-09-20 08:46:13,410 [RatisPipelineUtilsThread] INFO  pipeline.PipelinePlacementPolicy (PipelinePlacementPolicy.java:meetCriteria(91)) - Pipeline Placement: Doesn't meet the criteria to be viable node： 3ea69b51-ea1d-40b9-a82f-433a48a46bff Heaviness: 6 limit: 5
2019-09-20 08:46:13,410 [RatisPipelineUtilsThread] INFO  pipeline.PipelinePlacementPolicy (PipelinePlacementPolicy.java:meetCriteria(91)) - Pipeline Placement: Doesn't meet the criteria to be viable node： 4eb079c5-a63c-4d36-97af-76873864fc0c Heaviness: 6 limit: 5
2019-09-20 08:46:13,410 [RatisPipelineUtilsThread] ERROR pipeline.PipelinePlacementPolicy (PipelinePlacementPolicy.java:filterViableNodes(148)) - Unable to find enough nodes that meet the criteria that cannot engage in more than 5 pipelines. Nodes required: 3 Found: 0, healthy nodes count inNodeManager: 10.
2019-09-20 08:46:13,410 [RatisPipelineUtilsThread] ERROR pipeline.SCMPipelineManager (SCMPipelineManager.java:createPipeline(161)) - Pipeline creation failed due to exception: Unable to find enough nodes that meet the criteria that cannot engage in more than 5 pipelines. Nodes required: 3 Found: 0, healthy nodes count inNodeManager: 10.
2019-09-20 08:46:13,415 [a3bf3c1a-4063-48f8-b1bd-e321780611c4-SegmentedRaftLogWorker:Storage Directory /workdir/hadoop-ozone/ozonefs/target/test-dir/MiniOzoneClusterImpl-da5888fd-c692-4355-82c4-91aa98cbf569/datanode-3/data/ratis/23adbd8c-4c50-456d-b21e-b5f2705f2a79] INFO  segmented.SegmentedRaftLogWorker (SegmentedRaftLogWorker.java:execute(569)) - a3bf3c1a-4063-48f8-b1bd-e321780611c4-SegmentedRaftLogWorker:Storage Directory /workdir/hadoop-ozone/ozonefs/target/test-dir/MiniOzoneClusterImpl-da5888fd-c692-4355-82c4-91aa98cbf569/datanode-3/data/ratis/23adbd8c-4c50-456d-b21e-b5f2705f2a79: created new log segment /workdir/hadoop-ozone/ozonefs/target/test-dir/MiniOzoneClusterImpl-da5888fd-c692-4355-82c4-91aa98cbf569/datanode-3/data/ratis/23adbd8c-4c50-456d-b21e-b5f2705f2a79/current/log_inprogress_0
2019-09-20 08:46:13,433 | INFO  | SCMAudit | user=jenkins1000 | ip=192.168.36.79 | op=SEND_HEARTBEAT {datanodeUUID=3ea69b51-ea1d-40b9-a82f-433a48a46bff, command=[]} | ret=SUCCESS |  
2019-09-20 08:46:13,489 | INFO  | SCMAudit | user=jenkins1000 | ip=192.168.36.79 | op=SEND_HEARTBEAT {datanodeUUID=a3bf3c1a-4063-48f8-b1bd-e321780611c4, command=[]} | ret=SUCCESS |  
2019-09-20 08:46:13,494 | INFO  | SCMAudit | user=jenkins1000 | ip=192.168.36.79 | op=SEND_HEARTBEAT {datanodeUUID=1cc75455-5fc2-459e-9e17-b902eb9cc08f, command=[]} | ret=SUCCESS |  
2019-09-20 08:46:13,541 | INFO  | SCMAudit | user=jenkins1000 | ip=192.168.36.79 | op=SEND_HEARTBEAT {datanodeUUID=735a34e4-c7c4-465a-a71d-fefc6390b8eb, command=[]} | ret=SUCCESS |  
2019-09-20 08:46:13,611 [Thread-293] INFO  impl.FollowerState (FollowerState.java:run(106)) - 4eb079c5-a63c-4d36-97af-76873864fc0c:group-0F962510B63A changes to CANDIDATE, lastRpcTime:5188, electionTimeout:5188ms
2019-09-20 08:46:13,612 [Thread-293] INFO  impl.RoleInfo (RoleInfo.java:shutdownFollowerState(121)) - 4eb079c5-a63c-4d36-97af-76873864fc0c: shutdown FollowerState
2019-09-20 08:46:13,612 [Thread-293] INFO  impl.RaftServerImpl (RaftServerImpl.java:setRole(171)) - 4eb079c5-a63c-4d36-97af-76873864fc0c:group-0F962510B63A changes role from FOLLOWER to CANDIDATE at term 0 for changeToCandidate
2019-09-20 08:46:13,612 [Thread-293] INFO  impl.RoleInfo (RoleInfo.java:updateAndGet(143)) - 4eb079c5-a63c-4d36-97af-76873864fc0c: start LeaderElection
2019-09-20 08:46:13,649 [4eb079c5-a63c-4d36-97af-76873864fc0c:group-0F962510B63A:LeaderElection4] INFO  impl.LeaderElection (LeaderElection.java:askForVotes(181)) - 4eb079c5-a63c-4d36-97af-76873864fc0c:group-0F962510B63A:LeaderElection4: begin an election at term 1 for -1: [4eb079c5-a63c-4d36-97af-76873864fc0c:192.168.36.79:36098], old=null
2019-09-20 08:46:13,649 [4eb079c5-a63c-4d36-97af-76873864fc0c:group-0F962510B63A:LeaderElection4] INFO  impl.RoleInfo (RoleInfo.java:shutdownLeaderElection(134)) - 4eb079c5-a63c-4d36-97af-76873864fc0c: shutdown LeaderElection
2019-09-20 08:46:13,649 [4eb079c5-a63c-4d36-97af-76873864fc0c:group-0F962510B63A:LeaderElection4] INFO  impl.RaftServerImpl (RaftServerImpl.java:setRole(171)) - 4eb079c5-a63c-4d36-97af-76873864fc0c:group-0F962510B63A changes role from CANDIDATE to LEADER at term 1 for changeToLeader
2019-09-20 08:46:13,649 [4eb079c5-a63c-4d36-97af-76873864fc0c:group-0F962510B63A:LeaderElection4] INFO  impl.RaftServerImpl (ServerState.java:setLeader(263)) - 4eb079c5-a63c-4d36-97af-76873864fc0c:group-0F962510B63A change Leader from null to 4eb079c5-a63c-4d36-97af-76873864fc0c at term 1 for becomeLeader, leader elected after 5230ms
2019-09-20 08:46:13,650 [4eb079c5-a63c-4d36-97af-76873864fc0c:group-0F962510B63A:LeaderElection4] INFO  server.RaftServerConfigKeys (ConfUtils.java:logGet(43)) - raft.server.staging.catchup.gap = 1000 (default)
2019-09-20 08:46:13,650 [4eb079c5-a63c-4d36-97af-76873864fc0c:group-0F962510B63A:LeaderElection4] INFO  server.RaftServerConfigKeys (ConfUtils.java:logGet(43)) - raft.server.rpc.sleep.time = 25ms (default)
2019-09-20 08:46:13,650 [4eb079c5-a63c-4d36-97af-76873864fc0c:group-0F962510B63A:LeaderElection4] INFO  server.RaftServerConfigKeys (ConfUtils.java:logGet(43)) - raft.server.write.element-limit = 4096 (default)
2019-09-20 08:46:13,650 [4eb079c5-a63c-4d36-97af-76873864fc0c:group-0F962510B63A:LeaderElection4] INFO  server.RaftServerConfigKeys (ConfUtils.java:logGet(43)) - raft.server.watch.timeout = 10s (default)
2019-09-20 08:46:13,650 [4eb079c5-a63c-4d36-97af-76873864fc0c:group-0F962510B63A:LeaderElection4] INFO  server.RaftServerConfigKeys (ConfUtils.java:logGet(43)) - raft.server.watch.timeout.denomination = 1s (default)
2019-09-20 08:46:13,650 [4eb079c5-a63c-4d36-97af-76873864fc0c:group-0F962510B63A:LeaderElection4] INFO  server.RaftServerConfigKeys (ConfUtils.java:logGet(43)) - raft.server.watch.element-limit = 65536 (default)
2019-09-20 08:46:13,651 [4eb079c5-a63c-4d36-97af-76873864fc0c:group-0F962510B63A:LeaderElection4] INFO  impl.RoleInfo (RoleInfo.java:updateAndGet(143)) - 4eb079c5-a63c-4d36-97af-76873864fc0c: start LeaderState
2019-09-20 08:46:13,651 [4eb079c5-a63c-4d36-97af-76873864fc0c:group-0F962510B63A:LeaderElection4] INFO  segmented.SegmentedRaftLogWorker (SegmentedRaftLogWorker.java:startLogSegment(380)) - 4eb079c5-a63c-4d36-97af-76873864fc0c-SegmentedRaftLogWorker:Storage Directory /workdir/hadoop-ozone/ozonefs/target/test-dir/MiniOzoneClusterImpl-da5888fd-c692-4355-82c4-91aa98cbf569/datanode-4/data/ratis/4182a1a2-d52c-4a56-9a58-0f962510b63a: Starting segment from index:0
2019-09-20 08:46:13,651 [4eb079c5-a63c-4d36-97af-76873864fc0c:group-0F962510B63A:LeaderElection4] INFO  impl.RaftServerImpl (ServerState.java:setRaftConf(361)) - 4eb079c5-a63c-4d36-97af-76873864fc0c:group-0F962510B63A set configuration 0: [4eb079c5-a63c-4d36-97af-76873864fc0c:192.168.36.79:36098], old=null at 0
2019-09-20 08:46:13,687 [Thread-299] INFO  impl.FollowerState (FollowerState.java:run(106)) - a3bf3c1a-4063-48f8-b1bd-e321780611c4:group-77559C52F07A changes to CANDIDATE, lastRpcTime:5029, electionTimeout:5029ms
2019-09-20 08:46:13,687 [Thread-299] INFO  impl.RoleInfo (RoleInfo.java:shutdownFollowerState(121)) - a3bf3c1a-4063-48f8-b1bd-e321780611c4: shutdown FollowerState
2019-09-20 08:46:13,687 [Thread-299] INFO  impl.RaftServerImpl (RaftServerImpl.java:setRole(171)) - a3bf3c1a-4063-48f8-b1bd-e321780611c4:group-77559C52F07A changes role from FOLLOWER to CANDIDATE at term 0 for changeToCandidate
2019-09-20 08:46:13,687 [Thread-299] INFO  impl.RoleInfo (RoleInfo.java:updateAndGet(143)) - a3bf3c1a-4063-48f8-b1bd-e321780611c4: start LeaderElection
2019-09-20 08:46:13,695 | INFO  | SCMAudit | user=jenkins1000 | ip=192.168.36.79 | op=SEND_HEARTBEAT {datanodeUUID=4eb079c5-a63c-4d36-97af-76873864fc0c, command=[]} | ret=SUCCESS |  
2019-09-20 08:46:13,730 [Thread-296] INFO  impl.FollowerState (FollowerState.java:run(106)) - 4eb079c5-a63c-4d36-97af-76873864fc0c:group-B995D4F985ED changes to CANDIDATE, lastRpcTime:5199, electionTimeout:5199ms
2019-09-20 08:46:13,730 [Thread-296] INFO  impl.RoleInfo (RoleInfo.java:shutdownFollowerState(121)) - 4eb079c5-a63c-4d36-97af-76873864fc0c: shutdown FollowerState
2019-09-20 08:46:13,730 [Thread-296] INFO  impl.RaftServerImpl (RaftServerImpl.java:setRole(171)) - 4eb079c5-a63c-4d36-97af-76873864fc0c:group-B995D4F985ED changes role from FOLLOWER to CANDIDATE at term 0 for changeToCandidate
2019-09-20 08:46:13,730 [Thread-296] INFO  impl.RoleInfo (RoleInfo.java:updateAndGet(143)) - 4eb079c5-a63c-4d36-97af-76873864fc0c: start LeaderElection
2019-09-20 08:46:13,739 [a3bf3c1a-4063-48f8-b1bd-e321780611c4:group-77559C52F07A:LeaderElection5] INFO  impl.LeaderElection (LeaderElection.java:askForVotes(181)) - a3bf3c1a-4063-48f8-b1bd-e321780611c4:group-77559C52F07A:LeaderElection5: begin an election at term 1 for -1: [a3bf3c1a-4063-48f8-b1bd-e321780611c4:192.168.36.79:36591], old=null
2019-09-20 08:46:13,739 [a3bf3c1a-4063-48f8-b1bd-e321780611c4:group-77559C52F07A:LeaderElection5] INFO  impl.RoleInfo (RoleInfo.java:shutdownLeaderElection(134)) - a3bf3c1a-4063-48f8-b1bd-e321780611c4: shutdown LeaderElection
2019-09-20 08:46:13,739 [a3bf3c1a-4063-48f8-b1bd-e321780611c4:group-77559C52F07A:LeaderElection5] INFO  impl.RaftServerImpl (RaftServerImpl.java:setRole(171)) - a3bf3c1a-4063-48f8-b1bd-e321780611c4:group-77559C52F07A changes role from CANDIDATE to LEADER at term 1 for changeToLeader
2019-09-20 08:46:13,739 [4eb079c5-a63c-4d36-97af-76873864fc0c-SegmentedRaftLogWorker:Storage Directory /workdir/hadoop-ozone/ozonefs/target/test-dir/MiniOzoneClusterImpl-da5888fd-c692-4355-82c4-91aa98cbf569/datanode-4/data/ratis/4182a1a2-d52c-4a56-9a58-0f962510b63a] INFO  segmented.SegmentedRaftLogWorker (SegmentedRaftLogWorker.java:execute(569)) - 4eb079c5-a63c-4d36-97af-76873864fc0c-SegmentedRaftLogWorker:Storage Directory /workdir/hadoop-ozone/ozonefs/target/test-dir/MiniOzoneClusterImpl-da5888fd-c692-4355-82c4-91aa98cbf569/datanode-4/data/ratis/4182a1a2-d52c-4a56-9a58-0f962510b63a: created new log segment /workdir/hadoop-ozone/ozonefs/target/test-dir/MiniOzoneClusterImpl-da5888fd-c692-4355-82c4-91aa98cbf569/datanode-4/data/ratis/4182a1a2-d52c-4a56-9a58-0f962510b63a/current/log_inprogress_0
2019-09-20 08:46:13,739 [a3bf3c1a-4063-48f8-b1bd-e321780611c4:group-77559C52F07A:LeaderElection5] INFO  impl.RaftServerImpl (ServerState.java:setLeader(263)) - a3bf3c1a-4063-48f8-b1bd-e321780611c4:group-77559C52F07A change Leader from null to a3bf3c1a-4063-48f8-b1bd-e321780611c4 at term 1 for becomeLeader, leader elected after 5087ms
2019-09-20 08:46:13,739 [a3bf3c1a-4063-48f8-b1bd-e321780611c4:group-77559C52F07A:LeaderElection5] INFO  server.RaftServerConfigKeys (ConfUtils.java:logGet(43)) - raft.server.staging.catchup.gap = 1000 (default)
2019-09-20 08:46:13,739 [a3bf3c1a-4063-48f8-b1bd-e321780611c4:group-77559C52F07A:LeaderElection5] INFO  server.RaftServerConfigKeys (ConfUtils.java:logGet(43)) - raft.server.rpc.sleep.time = 25ms (default)
2019-09-20 08:46:13,739 [a3bf3c1a-4063-48f8-b1bd-e321780611c4:group-77559C52F07A:LeaderElection5] INFO  server.RaftServerConfigKeys (ConfUtils.java:logGet(43)) - raft.server.write.element-limit = 4096 (default)
2019-09-20 08:46:13,740 [a3bf3c1a-4063-48f8-b1bd-e321780611c4:group-77559C52F07A:LeaderElection5] INFO  server.RaftServerConfigKeys (ConfUtils.java:logGet(43)) - raft.server.watch.timeout = 10s (default)
2019-09-20 08:46:13,740 | INFO  | SCMAudit | user=jenkins1000 | ip=192.168.36.79 | op=SEND_HEARTBEAT {datanodeUUID=e997423e-4090-4042-87ee-7419d4cf7365, command=[]} | ret=SUCCESS |  
2019-09-20 08:46:13,740 [a3bf3c1a-4063-48f8-b1bd-e321780611c4:group-77559C52F07A:LeaderElection5] INFO  server.RaftServerConfigKeys (ConfUtils.java:logGet(43)) - raft.server.watch.timeout.denomination = 1s (default)
2019-09-20 08:46:13,740 [a3bf3c1a-4063-48f8-b1bd-e321780611c4:group-77559C52F07A:LeaderElection5] INFO  server.RaftServerConfigKeys (ConfUtils.java:logGet(43)) - raft.server.watch.element-limit = 65536 (default)
2019-09-20 08:46:13,740 [a3bf3c1a-4063-48f8-b1bd-e321780611c4:group-77559C52F07A:LeaderElection5] INFO  impl.RoleInfo (RoleInfo.java:updateAndGet(143)) - a3bf3c1a-4063-48f8-b1bd-e321780611c4: start LeaderState
2019-09-20 08:46:13,740 [a3bf3c1a-4063-48f8-b1bd-e321780611c4:group-77559C52F07A:LeaderElection5] INFO  segmented.SegmentedRaftLogWorker (SegmentedRaftLogWorker.java:startLogSegment(380)) - a3bf3c1a-4063-48f8-b1bd-e321780611c4-SegmentedRaftLogWorker:Storage Directory /workdir/hadoop-ozone/ozonefs/target/test-dir/MiniOzoneClusterImpl-da5888fd-c692-4355-82c4-91aa98cbf569/datanode-3/data/ratis/a1c2de70-bee3-4573-a4d9-77559c52f07a: Starting segment from index:0
2019-09-20 08:46:13,741 [a3bf3c1a-4063-48f8-b1bd-e321780611c4:group-77559C52F07A:LeaderElection5] INFO  impl.RaftServerImpl (ServerState.java:setRaftConf(361)) - a3bf3c1a-4063-48f8-b1bd-e321780611c4:group-77559C52F07A set configuration 0: [a3bf3c1a-4063-48f8-b1bd-e321780611c4:192.168.36.79:36591], old=null at 0
2019-09-20 08:46:13,778 [4eb079c5-a63c-4d36-97af-76873864fc0c:group-B995D4F985ED:LeaderElection6] INFO  impl.LeaderElection (LeaderElection.java:askForVotes(181)) - 4eb079c5-a63c-4d36-97af-76873864fc0c:group-B995D4F985ED:LeaderElection6: begin an election at term 1 for -1: [4eb079c5-a63c-4d36-97af-76873864fc0c:192.168.36.79:36098], old=null
2019-09-20 08:46:13,779 [4eb079c5-a63c-4d36-97af-76873864fc0c:group-B995D4F985ED:LeaderElection6] INFO  impl.RoleInfo (RoleInfo.java:shutdownLeaderElection(134)) - 4eb079c5-a63c-4d36-97af-76873864fc0c: shutdown LeaderElection
2019-09-20 08:46:13,779 [4eb079c5-a63c-4d36-97af-76873864fc0c:group-B995D4F985ED:LeaderElection6] INFO  impl.RaftServerImpl (RaftServerImpl.java:setRole(171)) - 4eb079c5-a63c-4d36-97af-76873864fc0c:group-B995D4F985ED changes role from CANDIDATE to LEADER at term 1 for changeToLeader
2019-09-20 08:46:13,779 [4eb079c5-a63c-4d36-97af-76873864fc0c:group-B995D4F985ED:LeaderElection6] INFO  impl.RaftServerImpl (ServerState.java:setLeader(263)) - 4eb079c5-a63c-4d36-97af-76873864fc0c:group-B995D4F985ED change Leader from null to 4eb079c5-a63c-4d36-97af-76873864fc0c at term 1 for becomeLeader, leader elected after 5253ms
2019-09-20 08:46:13,779 [4eb079c5-a63c-4d36-97af-76873864fc0c:group-B995D4F985ED:LeaderElection6] INFO  server.RaftServerConfigKeys (ConfUtils.java:logGet(43)) - raft.server.staging.catchup.gap = 1000 (default)
2019-09-20 08:46:13,779 [4eb079c5-a63c-4d36-97af-76873864fc0c:group-B995D4F985ED:LeaderElection6] INFO  server.RaftServerConfigKeys (ConfUtils.java:logGet(43)) - raft.server.rpc.sleep.time = 25ms (default)
2019-09-20 08:46:13,779 [4eb079c5-a63c-4d36-97af-76873864fc0c:group-B995D4F985ED:LeaderElection6] INFO  server.RaftServerConfigKeys (ConfUtils.java:logGet(43)) - raft.server.write.element-limit = 4096 (default)
2019-09-20 08:46:13,780 [4eb079c5-a63c-4d36-97af-76873864fc0c:group-B995D4F985ED:LeaderElection6] INFO  server.RaftServerConfigKeys (ConfUtils.java:logGet(43)) - raft.server.watch.timeout = 10s (default)
2019-09-20 08:46:13,780 [4eb079c5-a63c-4d36-97af-76873864fc0c:group-B995D4F985ED:LeaderElection6] INFO  server.RaftServerConfigKeys (ConfUtils.java:logGet(43)) - raft.server.watch.timeout.denomination = 1s (default)
2019-09-20 08:46:13,780 [4eb079c5-a63c-4d36-97af-76873864fc0c:group-B995D4F985ED:LeaderElection6] INFO  server.RaftServerConfigKeys (ConfUtils.java:logGet(43)) - raft.server.watch.element-limit = 65536 (default)
2019-09-20 08:46:13,780 [4eb079c5-a63c-4d36-97af-76873864fc0c:group-B995D4F985ED:LeaderElection6] INFO  impl.RoleInfo (RoleInfo.java:updateAndGet(143)) - 4eb079c5-a63c-4d36-97af-76873864fc0c: start LeaderState
2019-09-20 08:46:13,780 [4eb079c5-a63c-4d36-97af-76873864fc0c:group-B995D4F985ED:LeaderElection6] INFO  segmented.SegmentedRaftLogWorker (SegmentedRaftLogWorker.java:startLogSegment(380)) - 4eb079c5-a63c-4d36-97af-76873864fc0c-SegmentedRaftLogWorker:Storage Directory /workdir/hadoop-ozone/ozonefs/target/test-dir/MiniOzoneClusterImpl-da5888fd-c692-4355-82c4-91aa98cbf569/datanode-4/data/ratis/27547c53-2d26-4067-b679-b995d4f985ed: Starting segment from index:0
2019-09-20 08:46:13,781 [4eb079c5-a63c-4d36-97af-76873864fc0c:group-B995D4F985ED:LeaderElection6] INFO  impl.RaftServerImpl (ServerState.java:setRaftConf(361)) - 4eb079c5-a63c-4d36-97af-76873864fc0c:group-B995D4F985ED set configuration 0: [4eb079c5-a63c-4d36-97af-76873864fc0c:192.168.36.79:36098], old=null at 0
2019-09-20 08:46:13,819 [a3bf3c1a-4063-48f8-b1bd-e321780611c4-SegmentedRaftLogWorker:Storage Directory /workdir/hadoop-ozone/ozonefs/target/test-dir/MiniOzoneClusterImpl-da5888fd-c692-4355-82c4-91aa98cbf569/datanode-3/data/ratis/a1c2de70-bee3-4573-a4d9-77559c52f07a] INFO  segmented.SegmentedRaftLogWorker (SegmentedRaftLogWorker.java:execute(569)) - a3bf3c1a-4063-48f8-b1bd-e321780611c4-SegmentedRaftLogWorker:Storage Directory /workdir/hadoop-ozone/ozonefs/target/test-dir/MiniOzoneClusterImpl-da5888fd-c692-4355-82c4-91aa98cbf569/datanode-3/data/ratis/a1c2de70-bee3-4573-a4d9-77559c52f07a: created new log segment /workdir/hadoop-ozone/ozonefs/target/test-dir/MiniOzoneClusterImpl-da5888fd-c692-4355-82c4-91aa98cbf569/datanode-3/data/ratis/a1c2de70-bee3-4573-a4d9-77559c52f07a/current/log_inprogress_0
2019-09-20 08:46:13,825 | INFO  | SCMAudit | user=jenkins1000 | ip=192.168.36.79 | op=SEND_HEARTBEAT {datanodeUUID=3d9fb88f-ef2a-412e-bafc-a0084682cc47, command=[]} | ret=SUCCESS |  
2019-09-20 08:46:13,834 [4eb079c5-a63c-4d36-97af-76873864fc0c-SegmentedRaftLogWorker:Storage Directory /workdir/hadoop-ozone/ozonefs/target/test-dir/MiniOzoneClusterImpl-da5888fd-c692-4355-82c4-91aa98cbf569/datanode-4/data/ratis/27547c53-2d26-4067-b679-b995d4f985ed] INFO  segmented.SegmentedRaftLogWorker (SegmentedRaftLogWorker.java:execute(569)) - 4eb079c5-a63c-4d36-97af-76873864fc0c-SegmentedRaftLogWorker:Storage Directory /workdir/hadoop-ozone/ozonefs/target/test-dir/MiniOzoneClusterImpl-da5888fd-c692-4355-82c4-91aa98cbf569/datanode-4/data/ratis/27547c53-2d26-4067-b679-b995d4f985ed: created new log segment /workdir/hadoop-ozone/ozonefs/target/test-dir/MiniOzoneClusterImpl-da5888fd-c692-4355-82c4-91aa98cbf569/datanode-4/data/ratis/27547c53-2d26-4067-b679-b995d4f985ed/current/log_inprogress_0
2019-09-20 08:46:13,889 [Thread-305] INFO  impl.FollowerState (FollowerState.java:run(106)) - 0d845cc3-b0d9-47c5-b935-74fa0be2c903:group-50A25CFB4A4A changes to CANDIDATE, lastRpcTime:5040, electionTimeout:5040ms
2019-09-20 08:46:13,889 [Thread-305] INFO  impl.RoleInfo (RoleInfo.java:shutdownFollowerState(121)) - 0d845cc3-b0d9-47c5-b935-74fa0be2c903: shutdown FollowerState
2019-09-20 08:46:13,889 [Thread-305] INFO  impl.RaftServerImpl (RaftServerImpl.java:setRole(171)) - 0d845cc3-b0d9-47c5-b935-74fa0be2c903:group-50A25CFB4A4A changes role from FOLLOWER to CANDIDATE at term 0 for changeToCandidate
2019-09-20 08:46:13,890 [Thread-305] INFO  impl.RoleInfo (RoleInfo.java:updateAndGet(143)) - 0d845cc3-b0d9-47c5-b935-74fa0be2c903: start LeaderElection
2019-09-20 08:46:13,916 [Thread-302] INFO  impl.FollowerState (FollowerState.java:run(106)) - 4eb079c5-a63c-4d36-97af-76873864fc0c:group-2F835641E307 changes to CANDIDATE, lastRpcTime:5173, electionTimeout:5173ms
2019-09-20 08:46:13,917 [Thread-302] INFO  impl.RoleInfo (RoleInfo.java:shutdownFollowerState(121)) - 4eb079c5-a63c-4d36-97af-76873864fc0c: shutdown FollowerState
2019-09-20 08:46:13,917 [Thread-302] INFO  impl.RaftServerImpl (RaftServerImpl.java:setRole(171)) - 4eb079c5-a63c-4d36-97af-76873864fc0c:group-2F835641E307 changes role from FOLLOWER to CANDIDATE at term 0 for changeToCandidate
2019-09-20 08:46:13,917 [Thread-302] INFO  impl.RoleInfo (RoleInfo.java:updateAndGet(143)) - 4eb079c5-a63c-4d36-97af-76873864fc0c: start LeaderElection
2019-09-20 08:46:13,920 [0d845cc3-b0d9-47c5-b935-74fa0be2c903:group-50A25CFB4A4A:LeaderElection7] INFO  impl.LeaderElection (LeaderElection.java:askForVotes(181)) - 0d845cc3-b0d9-47c5-b935-74fa0be2c903:group-50A25CFB4A4A:LeaderElection7: begin an election at term 1 for -1: [0d845cc3-b0d9-47c5-b935-74fa0be2c903:192.168.36.79:38257], old=null
2019-09-20 08:46:13,926 [0d845cc3-b0d9-47c5-b935-74fa0be2c903:group-50A25CFB4A4A:LeaderElection7] INFO  impl.RoleInfo (RoleInfo.java:shutdownLeaderElection(134)) - 0d845cc3-b0d9-47c5-b935-74fa0be2c903: shutdown LeaderElection
2019-09-20 08:46:13,926 [0d845cc3-b0d9-47c5-b935-74fa0be2c903:group-50A25CFB4A4A:LeaderElection7] INFO  impl.RaftServerImpl (RaftServerImpl.java:setRole(171)) - 0d845cc3-b0d9-47c5-b935-74fa0be2c903:group-50A25CFB4A4A changes role from CANDIDATE to LEADER at term 1 for changeToLeader
2019-09-20 08:46:13,926 [0d845cc3-b0d9-47c5-b935-74fa0be2c903:group-50A25CFB4A4A:LeaderElection7] INFO  impl.RaftServerImpl (ServerState.java:setLeader(263)) - 0d845cc3-b0d9-47c5-b935-74fa0be2c903:group-50A25CFB4A4A change Leader from null to 0d845cc3-b0d9-47c5-b935-74fa0be2c903 at term 1 for becomeLeader, leader elected after 5082ms
2019-09-20 08:46:13,927 [0d845cc3-b0d9-47c5-b935-74fa0be2c903:group-50A25CFB4A4A:LeaderElection7] INFO  server.RaftServerConfigKeys (ConfUtils.java:logGet(43)) - raft.server.staging.catchup.gap = 1000 (default)
2019-09-20 08:46:13,927 [0d845cc3-b0d9-47c5-b935-74fa0be2c903:group-50A25CFB4A4A:LeaderElection7] INFO  server.RaftServerConfigKeys (ConfUtils.java:logGet(43)) - raft.server.rpc.sleep.time = 25ms (default)
2019-09-20 08:46:13,927 | INFO  | SCMAudit | user=jenkins1000 | ip=192.168.36.79 | op=SEND_HEARTBEAT {datanodeUUID=0d845cc3-b0d9-47c5-b935-74fa0be2c903, command=[]} | ret=SUCCESS |  
2019-09-20 08:46:13,927 [0d845cc3-b0d9-47c5-b935-74fa0be2c903:group-50A25CFB4A4A:LeaderElection7] INFO  server.RaftServerConfigKeys (ConfUtils.java:logGet(43)) - raft.server.write.element-limit = 4096 (default)
2019-09-20 08:46:13,927 [0d845cc3-b0d9-47c5-b935-74fa0be2c903:group-50A25CFB4A4A:LeaderElection7] INFO  server.RaftServerConfigKeys (ConfUtils.java:logGet(43)) - raft.server.watch.timeout = 10s (default)
2019-09-20 08:46:13,927 [0d845cc3-b0d9-47c5-b935-74fa0be2c903:group-50A25CFB4A4A:LeaderElection7] INFO  server.RaftServerConfigKeys (ConfUtils.java:logGet(43)) - raft.server.watch.timeout.denomination = 1s (default)
2019-09-20 08:46:13,928 [0d845cc3-b0d9-47c5-b935-74fa0be2c903:group-50A25CFB4A4A:LeaderElection7] INFO  server.RaftServerConfigKeys (ConfUtils.java:logGet(43)) - raft.server.watch.element-limit = 65536 (default)
2019-09-20 08:46:13,928 [0d845cc3-b0d9-47c5-b935-74fa0be2c903:group-50A25CFB4A4A:LeaderElection7] INFO  impl.RoleInfo (RoleInfo.java:updateAndGet(143)) - 0d845cc3-b0d9-47c5-b935-74fa0be2c903: start LeaderState
2019-09-20 08:46:13,928 [0d845cc3-b0d9-47c5-b935-74fa0be2c903:group-50A25CFB4A4A:LeaderElection7] INFO  segmented.SegmentedRaftLogWorker (SegmentedRaftLogWorker.java:startLogSegment(380)) - 0d845cc3-b0d9-47c5-b935-74fa0be2c903-SegmentedRaftLogWorker:Storage Directory /workdir/hadoop-ozone/ozonefs/target/test-dir/MiniOzoneClusterImpl-da5888fd-c692-4355-82c4-91aa98cbf569/datanode-5/data/ratis/a05dbfba-3bd1-48d6-9ede-50a25cfb4a4a: Starting segment from index:0
2019-09-20 08:46:13,929 [0d845cc3-b0d9-47c5-b935-74fa0be2c903:group-50A25CFB4A4A:LeaderElection7] INFO  impl.RaftServerImpl (ServerState.java:setRaftConf(361)) - 0d845cc3-b0d9-47c5-b935-74fa0be2c903:group-50A25CFB4A4A set configuration 0: [0d845cc3-b0d9-47c5-b935-74fa0be2c903:192.168.36.79:38257], old=null at 0
2019-09-20 08:46:13,967 [4eb079c5-a63c-4d36-97af-76873864fc0c:group-2F835641E307:LeaderElection8] INFO  impl.LeaderElection (LeaderElection.java:askForVotes(181)) - 4eb079c5-a63c-4d36-97af-76873864fc0c:group-2F835641E307:LeaderElection8: begin an election at term 1 for -1: [4eb079c5-a63c-4d36-97af-76873864fc0c:192.168.36.79:36098], old=null
2019-09-20 08:46:13,968 [4eb079c5-a63c-4d36-97af-76873864fc0c:group-2F835641E307:LeaderElection8] INFO  impl.RoleInfo (RoleInfo.java:shutdownLeaderElection(134)) - 4eb079c5-a63c-4d36-97af-76873864fc0c: shutdown LeaderElection
2019-09-20 08:46:13,968 [4eb079c5-a63c-4d36-97af-76873864fc0c:group-2F835641E307:LeaderElection8] INFO  impl.RaftServerImpl (RaftServerImpl.java:setRole(171)) - 4eb079c5-a63c-4d36-97af-76873864fc0c:group-2F835641E307 changes role from CANDIDATE to LEADER at term 1 for changeToLeader
2019-09-20 08:46:13,968 [4eb079c5-a63c-4d36-97af-76873864fc0c:group-2F835641E307:LeaderElection8] INFO  impl.RaftServerImpl (ServerState.java:setLeader(263)) - 4eb079c5-a63c-4d36-97af-76873864fc0c:group-2F835641E307 change Leader from null to 4eb079c5-a63c-4d36-97af-76873864fc0c at term 1 for becomeLeader, leader elected after 5229ms
2019-09-20 08:46:13,968 [4eb079c5-a63c-4d36-97af-76873864fc0c:group-2F835641E307:LeaderElection8] INFO  server.RaftServerConfigKeys (ConfUtils.java:logGet(43)) - raft.server.staging.catchup.gap = 1000 (default)
2019-09-20 08:46:13,969 [4eb079c5-a63c-4d36-97af-76873864fc0c:group-2F835641E307:LeaderElection8] INFO  server.RaftServerConfigKeys (ConfUtils.java:logGet(43)) - raft.server.rpc.sleep.time = 25ms (default)
2019-09-20 08:46:13,969 [4eb079c5-a63c-4d36-97af-76873864fc0c:group-2F835641E307:LeaderElection8] INFO  server.RaftServerConfigKeys (ConfUtils.java:logGet(43)) - raft.server.write.element-limit = 4096 (default)
2019-09-20 08:46:13,969 [4eb079c5-a63c-4d36-97af-76873864fc0c:group-2F835641E307:LeaderElection8] INFO  server.RaftServerConfigKeys (ConfUtils.java:logGet(43)) - raft.server.watch.timeout = 10s (default)
2019-09-20 08:46:13,969 [4eb079c5-a63c-4d36-97af-76873864fc0c:group-2F835641E307:LeaderElection8] INFO  server.RaftServerConfigKeys (ConfUtils.java:logGet(43)) - raft.server.watch.timeout.denomination = 1s (default)
2019-09-20 08:46:13,969 [4eb079c5-a63c-4d36-97af-76873864fc0c:group-2F835641E307:LeaderElection8] INFO  server.RaftServerConfigKeys (ConfUtils.java:logGet(43)) - raft.server.watch.element-limit = 65536 (default)
2019-09-20 08:46:13,970 [4eb079c5-a63c-4d36-97af-76873864fc0c:group-2F835641E307:LeaderElection8] INFO  impl.RoleInfo (RoleInfo.java:updateAndGet(143)) - 4eb079c5-a63c-4d36-97af-76873864fc0c: start LeaderState
2019-09-20 08:46:13,970 [4eb079c5-a63c-4d36-97af-76873864fc0c:group-2F835641E307:LeaderElection8] INFO  segmented.SegmentedRaftLogWorker (SegmentedRaftLogWorker.java:startLogSegment(380)) - 4eb079c5-a63c-4d36-97af-76873864fc0c-SegmentedRaftLogWorker:Storage Directory /workdir/hadoop-ozone/ozonefs/target/test-dir/MiniOzoneClusterImpl-da5888fd-c692-4355-82c4-91aa98cbf569/datanode-4/data/ratis/e2203aee-2f19-4056-a3e3-2f835641e307: Starting segment from index:0
2019-09-20 08:46:13,971 [4eb079c5-a63c-4d36-97af-76873864fc0c:group-2F835641E307:LeaderElection8] INFO  impl.RaftServerImpl (ServerState.java:setRaftConf(361)) - 4eb079c5-a63c-4d36-97af-76873864fc0c:group-2F835641E307 set configuration 0: [4eb079c5-a63c-4d36-97af-76873864fc0c:192.168.36.79:36098], old=null at 0
2019-09-20 08:46:14,009 [0d845cc3-b0d9-47c5-b935-74fa0be2c903-SegmentedRaftLogWorker:Storage Directory /workdir/hadoop-ozone/ozonefs/target/test-dir/MiniOzoneClusterImpl-da5888fd-c692-4355-82c4-91aa98cbf569/datanode-5/data/ratis/a05dbfba-3bd1-48d6-9ede-50a25cfb4a4a] INFO  segmented.SegmentedRaftLogWorker (SegmentedRaftLogWorker.java:execute(569)) - 0d845cc3-b0d9-47c5-b935-74fa0be2c903-SegmentedRaftLogWorker:Storage Directory /workdir/hadoop-ozone/ozonefs/target/test-dir/MiniOzoneClusterImpl-da5888fd-c692-4355-82c4-91aa98cbf569/datanode-5/data/ratis/a05dbfba-3bd1-48d6-9ede-50a25cfb4a4a: created new log segment /workdir/hadoop-ozone/ozonefs/target/test-dir/MiniOzoneClusterImpl-da5888fd-c692-4355-82c4-91aa98cbf569/datanode-5/data/ratis/a05dbfba-3bd1-48d6-9ede-50a25cfb4a4a/current/log_inprogress_0
2019-09-20 08:46:14,009 [Thread-308] INFO  impl.FollowerState (FollowerState.java:run(106)) - 3ea69b51-ea1d-40b9-a82f-433a48a46bff:group-F77B98A2214B changes to CANDIDATE, lastRpcTime:5092, electionTimeout:5054ms
2019-09-20 08:46:14,010 [Thread-308] INFO  impl.RoleInfo (RoleInfo.java:shutdownFollowerState(121)) - 3ea69b51-ea1d-40b9-a82f-433a48a46bff: shutdown FollowerState
2019-09-20 08:46:14,010 [Thread-308] INFO  impl.RaftServerImpl (RaftServerImpl.java:setRole(171)) - 3ea69b51-ea1d-40b9-a82f-433a48a46bff:group-F77B98A2214B changes role from FOLLOWER to CANDIDATE at term 0 for changeToCandidate
2019-09-20 08:46:14,010 [Thread-308] INFO  impl.RoleInfo (RoleInfo.java:updateAndGet(143)) - 3ea69b51-ea1d-40b9-a82f-433a48a46bff: start LeaderElection
2019-09-20 08:46:14,028 [4eb079c5-a63c-4d36-97af-76873864fc0c-SegmentedRaftLogWorker:Storage Directory /workdir/hadoop-ozone/ozonefs/target/test-dir/MiniOzoneClusterImpl-da5888fd-c692-4355-82c4-91aa98cbf569/datanode-4/data/ratis/e2203aee-2f19-4056-a3e3-2f835641e307] INFO  segmented.SegmentedRaftLogWorker (SegmentedRaftLogWorker.java:execute(569)) - 4eb079c5-a63c-4d36-97af-76873864fc0c-SegmentedRaftLogWorker:Storage Directory /workdir/hadoop-ozone/ozonefs/target/test-dir/MiniOzoneClusterImpl-da5888fd-c692-4355-82c4-91aa98cbf569/datanode-4/data/ratis/e2203aee-2f19-4056-a3e3-2f835641e307: created new log segment /workdir/hadoop-ozone/ozonefs/target/test-dir/MiniOzoneClusterImpl-da5888fd-c692-4355-82c4-91aa98cbf569/datanode-4/data/ratis/e2203aee-2f19-4056-a3e3-2f835641e307/current/log_inprogress_0
2019-09-20 08:46:14,045 [3ea69b51-ea1d-40b9-a82f-433a48a46bff:group-F77B98A2214B:LeaderElection9] INFO  impl.LeaderElection (LeaderElection.java:askForVotes(181)) - 3ea69b51-ea1d-40b9-a82f-433a48a46bff:group-F77B98A2214B:LeaderElection9: begin an election at term 1 for -1: [3ea69b51-ea1d-40b9-a82f-433a48a46bff:192.168.36.79:37909], old=null
2019-09-20 08:46:14,045 [3ea69b51-ea1d-40b9-a82f-433a48a46bff:group-F77B98A2214B:LeaderElection9] INFO  impl.RoleInfo (RoleInfo.java:shutdownLeaderElection(134)) - 3ea69b51-ea1d-40b9-a82f-433a48a46bff: shutdown LeaderElection
2019-09-20 08:46:14,045 [3ea69b51-ea1d-40b9-a82f-433a48a46bff:group-F77B98A2214B:LeaderElection9] INFO  impl.RaftServerImpl (RaftServerImpl.java:setRole(171)) - 3ea69b51-ea1d-40b9-a82f-433a48a46bff:group-F77B98A2214B changes role from CANDIDATE to LEADER at term 1 for changeToLeader
2019-09-20 08:46:14,045 [3ea69b51-ea1d-40b9-a82f-433a48a46bff:group-F77B98A2214B:LeaderElection9] INFO  impl.RaftServerImpl (ServerState.java:setLeader(263)) - 3ea69b51-ea1d-40b9-a82f-433a48a46bff:group-F77B98A2214B change Leader from null to 3ea69b51-ea1d-40b9-a82f-433a48a46bff at term 1 for becomeLeader, leader elected after 5132ms
2019-09-20 08:46:14,045 [3ea69b51-ea1d-40b9-a82f-433a48a46bff:group-F77B98A2214B:LeaderElection9] INFO  server.RaftServerConfigKeys (ConfUtils.java:logGet(43)) - raft.server.staging.catchup.gap = 1000 (default)
2019-09-20 08:46:14,046 [3ea69b51-ea1d-40b9-a82f-433a48a46bff:group-F77B98A2214B:LeaderElection9] INFO  server.RaftServerConfigKeys (ConfUtils.java:logGet(43)) - raft.server.rpc.sleep.time = 25ms (default)
2019-09-20 08:46:14,046 [3ea69b51-ea1d-40b9-a82f-433a48a46bff:group-F77B98A2214B:LeaderElection9] INFO  server.RaftServerConfigKeys (ConfUtils.java:logGet(43)) - raft.server.write.element-limit = 4096 (default)
2019-09-20 08:46:14,046 [3ea69b51-ea1d-40b9-a82f-433a48a46bff:group-F77B98A2214B:LeaderElection9] INFO  server.RaftServerConfigKeys (ConfUtils.java:logGet(43)) - raft.server.watch.timeout = 10s (default)
2019-09-20 08:46:14,046 [3ea69b51-ea1d-40b9-a82f-433a48a46bff:group-F77B98A2214B:LeaderElection9] INFO  server.RaftServerConfigKeys (ConfUtils.java:logGet(43)) - raft.server.watch.timeout.denomination = 1s (default)
2019-09-20 08:46:14,047 [3ea69b51-ea1d-40b9-a82f-433a48a46bff:group-F77B98A2214B:LeaderElection9] INFO  server.RaftServerConfigKeys (ConfUtils.java:logGet(43)) - raft.server.watch.element-limit = 65536 (default)
2019-09-20 08:46:14,047 [3ea69b51-ea1d-40b9-a82f-433a48a46bff:group-F77B98A2214B:LeaderElection9] INFO  impl.RoleInfo (RoleInfo.java:updateAndGet(143)) - 3ea69b51-ea1d-40b9-a82f-433a48a46bff: start LeaderState
2019-09-20 08:46:14,047 [3ea69b51-ea1d-40b9-a82f-433a48a46bff:group-F77B98A2214B:LeaderElection9] INFO  segmented.SegmentedRaftLogWorker (SegmentedRaftLogWorker.java:startLogSegment(380)) - 3ea69b51-ea1d-40b9-a82f-433a48a46bff-SegmentedRaftLogWorker:Storage Directory /workdir/hadoop-ozone/ozonefs/target/test-dir/MiniOzoneClusterImpl-da5888fd-c692-4355-82c4-91aa98cbf569/datanode-0/data/ratis/61647444-697a-44eb-8e68-f77b98a2214b: Starting segment from index:0
2019-09-20 08:46:14,048 [3ea69b51-ea1d-40b9-a82f-433a48a46bff:group-F77B98A2214B:LeaderElection9] INFO  impl.RaftServerImpl (ServerState.java:setRaftConf(361)) - 3ea69b51-ea1d-40b9-a82f-433a48a46bff:group-F77B98A2214B set configuration 0: [3ea69b51-ea1d-40b9-a82f-433a48a46bff:192.168.36.79:37909], old=null at 0
2019-09-20 08:46:14,089 [Thread-311] INFO  impl.FollowerState (FollowerState.java:run(106)) - e997423e-4090-4042-87ee-7419d4cf7365:group-4721E367BD19 changes to CANDIDATE, lastRpcTime:5062, electionTimeout:5026ms
2019-09-20 08:46:14,089 [Thread-311] INFO  impl.RoleInfo (RoleInfo.java:shutdownFollowerState(121)) - e997423e-4090-4042-87ee-7419d4cf7365: shutdown FollowerState
2019-09-20 08:46:14,089 [Thread-311] INFO  impl.RaftServerImpl (RaftServerImpl.java:setRole(171)) - e997423e-4090-4042-87ee-7419d4cf7365:group-4721E367BD19 changes role from FOLLOWER to CANDIDATE at term 0 for changeToCandidate
2019-09-20 08:46:14,090 [Thread-311] INFO  impl.RoleInfo (RoleInfo.java:updateAndGet(143)) - e997423e-4090-4042-87ee-7419d4cf7365: start LeaderElection
2019-09-20 08:46:14,112 [3ea69b51-ea1d-40b9-a82f-433a48a46bff-SegmentedRaftLogWorker:Storage Directory /workdir/hadoop-ozone/ozonefs/target/test-dir/MiniOzoneClusterImpl-da5888fd-c692-4355-82c4-91aa98cbf569/datanode-0/data/ratis/61647444-697a-44eb-8e68-f77b98a2214b] INFO  segmented.SegmentedRaftLogWorker (SegmentedRaftLogWorker.java:execute(569)) - 3ea69b51-ea1d-40b9-a82f-433a48a46bff-SegmentedRaftLogWorker:Storage Directory /workdir/hadoop-ozone/ozonefs/target/test-dir/MiniOzoneClusterImpl-da5888fd-c692-4355-82c4-91aa98cbf569/datanode-0/data/ratis/61647444-697a-44eb-8e68-f77b98a2214b: created new log segment /workdir/hadoop-ozone/ozonefs/target/test-dir/MiniOzoneClusterImpl-da5888fd-c692-4355-82c4-91aa98cbf569/datanode-0/data/ratis/61647444-697a-44eb-8e68-f77b98a2214b/current/log_inprogress_0
2019-09-20 08:46:14,121 | INFO  | SCMAudit | user=jenkins1000 | ip=192.168.36.79 | op=SEND_HEARTBEAT {datanodeUUID=1e702f59-a831-439b-ba97-9c7e4d303d93, command=[]} | ret=SUCCESS |  
2019-09-20 08:46:14,129 [e997423e-4090-4042-87ee-7419d4cf7365:group-4721E367BD19:LeaderElection10] INFO  impl.LeaderElection (LeaderElection.java:askForVotes(181)) - e997423e-4090-4042-87ee-7419d4cf7365:group-4721E367BD19:LeaderElection10: begin an election at term 1 for -1: [e997423e-4090-4042-87ee-7419d4cf7365:192.168.36.79:35366], old=null
2019-09-20 08:46:14,129 [e997423e-4090-4042-87ee-7419d4cf7365:group-4721E367BD19:LeaderElection10] INFO  impl.RoleInfo (RoleInfo.java:shutdownLeaderElection(134)) - e997423e-4090-4042-87ee-7419d4cf7365: shutdown LeaderElection
2019-09-20 08:46:14,129 [e997423e-4090-4042-87ee-7419d4cf7365:group-4721E367BD19:LeaderElection10] INFO  impl.RaftServerImpl (RaftServerImpl.java:setRole(171)) - e997423e-4090-4042-87ee-7419d4cf7365:group-4721E367BD19 changes role from CANDIDATE to LEADER at term 1 for changeToLeader
2019-09-20 08:46:14,129 [e997423e-4090-4042-87ee-7419d4cf7365:group-4721E367BD19:LeaderElection10] INFO  impl.RaftServerImpl (ServerState.java:setLeader(263)) - e997423e-4090-4042-87ee-7419d4cf7365:group-4721E367BD19 change Leader from null to e997423e-4090-4042-87ee-7419d4cf7365 at term 1 for becomeLeader, leader elected after 5107ms
2019-09-20 08:46:14,130 [e997423e-4090-4042-87ee-7419d4cf7365:group-4721E367BD19:LeaderElection10] INFO  server.RaftServerConfigKeys (ConfUtils.java:logGet(43)) - raft.server.staging.catchup.gap = 1000 (default)
2019-09-20 08:46:14,130 [e997423e-4090-4042-87ee-7419d4cf7365:group-4721E367BD19:LeaderElection10] INFO  server.RaftServerConfigKeys (ConfUtils.java:logGet(43)) - raft.server.rpc.sleep.time = 25ms (default)
2019-09-20 08:46:14,130 [e997423e-4090-4042-87ee-7419d4cf7365:group-4721E367BD19:LeaderElection10] INFO  server.RaftServerConfigKeys (ConfUtils.java:logGet(43)) - raft.server.write.element-limit = 4096 (default)
2019-09-20 08:46:14,130 [e997423e-4090-4042-87ee-7419d4cf7365:group-4721E367BD19:LeaderElection10] INFO  server.RaftServerConfigKeys (ConfUtils.java:logGet(43)) - raft.server.watch.timeout = 10s (default)
2019-09-20 08:46:14,130 [e997423e-4090-4042-87ee-7419d4cf7365:group-4721E367BD19:LeaderElection10] INFO  server.RaftServerConfigKeys (ConfUtils.java:logGet(43)) - raft.server.watch.timeout.denomination = 1s (default)
2019-09-20 08:46:14,131 [e997423e-4090-4042-87ee-7419d4cf7365:group-4721E367BD19:LeaderElection10] INFO  server.RaftServerConfigKeys (ConfUtils.java:logGet(43)) - raft.server.watch.element-limit = 65536 (default)
2019-09-20 08:46:14,131 [e997423e-4090-4042-87ee-7419d4cf7365:group-4721E367BD19:LeaderElection10] INFO  impl.RoleInfo (RoleInfo.java:updateAndGet(143)) - e997423e-4090-4042-87ee-7419d4cf7365: start LeaderState
2019-09-20 08:46:14,131 [e997423e-4090-4042-87ee-7419d4cf7365:group-4721E367BD19:LeaderElection10] INFO  segmented.SegmentedRaftLogWorker (SegmentedRaftLogWorker.java:startLogSegment(380)) - e997423e-4090-4042-87ee-7419d4cf7365-SegmentedRaftLogWorker:Storage Directory /workdir/hadoop-ozone/ozonefs/target/test-dir/MiniOzoneClusterImpl-da5888fd-c692-4355-82c4-91aa98cbf569/datanode-1/data/ratis/8ce7d9e4-505f-429e-81fe-4721e367bd19: Starting segment from index:0
2019-09-20 08:46:14,132 [e997423e-4090-4042-87ee-7419d4cf7365:group-4721E367BD19:LeaderElection10] INFO  impl.RaftServerImpl (ServerState.java:setRaftConf(361)) - e997423e-4090-4042-87ee-7419d4cf7365:group-4721E367BD19 set configuration 0: [e997423e-4090-4042-87ee-7419d4cf7365:192.168.36.79:35366], old=null at 0
2019-09-20 08:46:14,224 [Thread-314] INFO  impl.FollowerState (FollowerState.java:run(106)) - e997423e-4090-4042-87ee-7419d4cf7365:group-4E1C6B561598 changes to CANDIDATE, lastRpcTime:5094, electionTimeout:5094ms
2019-09-20 08:46:14,224 [Thread-314] INFO  impl.RoleInfo (RoleInfo.java:shutdownFollowerState(121)) - e997423e-4090-4042-87ee-7419d4cf7365: shutdown FollowerState
2019-09-20 08:46:14,225 [Thread-314] INFO  impl.RaftServerImpl (RaftServerImpl.java:setRole(171)) - e997423e-4090-4042-87ee-7419d4cf7365:group-4E1C6B561598 changes role from FOLLOWER to CANDIDATE at term 0 for changeToCandidate
2019-09-20 08:46:14,225 [Thread-314] INFO  impl.RoleInfo (RoleInfo.java:updateAndGet(143)) - e997423e-4090-4042-87ee-7419d4cf7365: start LeaderElection
2019-09-20 08:46:14,234 [e997423e-4090-4042-87ee-7419d4cf7365-SegmentedRaftLogWorker:Storage Directory /workdir/hadoop-ozone/ozonefs/target/test-dir/MiniOzoneClusterImpl-da5888fd-c692-4355-82c4-91aa98cbf569/datanode-1/data/ratis/8ce7d9e4-505f-429e-81fe-4721e367bd19] INFO  segmented.SegmentedRaftLogWorker (SegmentedRaftLogWorker.java:execute(569)) - e997423e-4090-4042-87ee-7419d4cf7365-SegmentedRaftLogWorker:Storage Directory /workdir/hadoop-ozone/ozonefs/target/test-dir/MiniOzoneClusterImpl-da5888fd-c692-4355-82c4-91aa98cbf569/datanode-1/data/ratis/8ce7d9e4-505f-429e-81fe-4721e367bd19: created new log segment /workdir/hadoop-ozone/ozonefs/target/test-dir/MiniOzoneClusterImpl-da5888fd-c692-4355-82c4-91aa98cbf569/datanode-1/data/ratis/8ce7d9e4-505f-429e-81fe-4721e367bd19/current/log_inprogress_0
2019-09-20 08:46:14,263 [e997423e-4090-4042-87ee-7419d4cf7365:group-4E1C6B561598:LeaderElection11] INFO  impl.LeaderElection (LeaderElection.java:askForVotes(181)) - e997423e-4090-4042-87ee-7419d4cf7365:group-4E1C6B561598:LeaderElection11: begin an election at term 1 for -1: [e997423e-4090-4042-87ee-7419d4cf7365:192.168.36.79:35366], old=null
2019-09-20 08:46:14,263 [e997423e-4090-4042-87ee-7419d4cf7365:group-4E1C6B561598:LeaderElection11] INFO  impl.RoleInfo (RoleInfo.java:shutdownLeaderElection(134)) - e997423e-4090-4042-87ee-7419d4cf7365: shutdown LeaderElection
2019-09-20 08:46:14,263 [e997423e-4090-4042-87ee-7419d4cf7365:group-4E1C6B561598:LeaderElection11] INFO  impl.RaftServerImpl (RaftServerImpl.java:setRole(171)) - e997423e-4090-4042-87ee-7419d4cf7365:group-4E1C6B561598 changes role from CANDIDATE to LEADER at term 1 for changeToLeader
2019-09-20 08:46:14,263 [e997423e-4090-4042-87ee-7419d4cf7365:group-4E1C6B561598:LeaderElection11] INFO  impl.RaftServerImpl (ServerState.java:setLeader(263)) - e997423e-4090-4042-87ee-7419d4cf7365:group-4E1C6B561598 change Leader from null to e997423e-4090-4042-87ee-7419d4cf7365 at term 1 for becomeLeader, leader elected after 5140ms
2019-09-20 08:46:14,263 [e997423e-4090-4042-87ee-7419d4cf7365:group-4E1C6B561598:LeaderElection11] INFO  server.RaftServerConfigKeys (ConfUtils.java:logGet(43)) - raft.server.staging.catchup.gap = 1000 (default)
2019-09-20 08:46:14,264 [e997423e-4090-4042-87ee-7419d4cf7365:group-4E1C6B561598:LeaderElection11] INFO  server.RaftServerConfigKeys (ConfUtils.java:logGet(43)) - raft.server.rpc.sleep.time = 25ms (default)
2019-09-20 08:46:14,264 [e997423e-4090-4042-87ee-7419d4cf7365:group-4E1C6B561598:LeaderElection11] INFO  server.RaftServerConfigKeys (ConfUtils.java:logGet(43)) - raft.server.write.element-limit = 4096 (default)
2019-09-20 08:46:14,264 [e997423e-4090-4042-87ee-7419d4cf7365:group-4E1C6B561598:LeaderElection11] INFO  server.RaftServerConfigKeys (ConfUtils.java:logGet(43)) - raft.server.watch.timeout = 10s (default)
2019-09-20 08:46:14,264 [e997423e-4090-4042-87ee-7419d4cf7365:group-4E1C6B561598:LeaderElection11] INFO  server.RaftServerConfigKeys (ConfUtils.java:logGet(43)) - raft.server.watch.timeout.denomination = 1s (default)
2019-09-20 08:46:14,264 [e997423e-4090-4042-87ee-7419d4cf7365:group-4E1C6B561598:LeaderElection11] INFO  server.RaftServerConfigKeys (ConfUtils.java:logGet(43)) - raft.server.watch.element-limit = 65536 (default)
2019-09-20 08:46:14,265 [e997423e-4090-4042-87ee-7419d4cf7365:group-4E1C6B561598:LeaderElection11] INFO  impl.RoleInfo (RoleInfo.java:updateAndGet(143)) - e997423e-4090-4042-87ee-7419d4cf7365: start LeaderState
2019-09-20 08:46:14,265 [e997423e-4090-4042-87ee-7419d4cf7365:group-4E1C6B561598:LeaderElection11] INFO  segmented.SegmentedRaftLogWorker (SegmentedRaftLogWorker.java:startLogSegment(380)) - e997423e-4090-4042-87ee-7419d4cf7365-SegmentedRaftLogWorker:Storage Directory /workdir/hadoop-ozone/ozonefs/target/test-dir/MiniOzoneClusterImpl-da5888fd-c692-4355-82c4-91aa98cbf569/datanode-1/data/ratis/e9483c05-e937-4d6e-8246-4e1c6b561598: Starting segment from index:0
2019-09-20 08:46:14,266 [e997423e-4090-4042-87ee-7419d4cf7365:group-4E1C6B561598:LeaderElection11] INFO  impl.RaftServerImpl (ServerState.java:setRaftConf(361)) - e997423e-4090-4042-87ee-7419d4cf7365:group-4E1C6B561598 set configuration 0: [e997423e-4090-4042-87ee-7419d4cf7365:192.168.36.79:35366], old=null at 0
2019-09-20 08:46:14,306 [Thread-317] INFO  impl.FollowerState (FollowerState.java:run(106)) - 3ea69b51-ea1d-40b9-a82f-433a48a46bff:group-D49471700E0E changes to CANDIDATE, lastRpcTime:5086, electionTimeout:5073ms
2019-09-20 08:46:14,306 [Thread-317] INFO  impl.RoleInfo (RoleInfo.java:shutdownFollowerState(121)) - 3ea69b51-ea1d-40b9-a82f-433a48a46bff: shutdown FollowerState
2019-09-20 08:46:14,307 [Thread-317] INFO  impl.RaftServerImpl (RaftServerImpl.java:setRole(171)) - 3ea69b51-ea1d-40b9-a82f-433a48a46bff:group-D49471700E0E changes role from FOLLOWER to CANDIDATE at term 0 for changeToCandidate
2019-09-20 08:46:14,307 [Thread-317] INFO  impl.RoleInfo (RoleInfo.java:updateAndGet(143)) - 3ea69b51-ea1d-40b9-a82f-433a48a46bff: start LeaderElection
2019-09-20 08:46:14,333 | INFO  | SCMAudit | user=jenkins1000 | ip=192.168.36.79 | op=SEND_HEARTBEAT {datanodeUUID=d3d24c2e-887e-42af-9ac0-80e26c3dc807, command=[]} | ret=SUCCESS |  
2019-09-20 08:46:14,349 [e997423e-4090-4042-87ee-7419d4cf7365-SegmentedRaftLogWorker:Storage Directory /workdir/hadoop-ozone/ozonefs/target/test-dir/MiniOzoneClusterImpl-da5888fd-c692-4355-82c4-91aa98cbf569/datanode-1/data/ratis/e9483c05-e937-4d6e-8246-4e1c6b561598] INFO  segmented.SegmentedRaftLogWorker (SegmentedRaftLogWorker.java:execute(569)) - e997423e-4090-4042-87ee-7419d4cf7365-SegmentedRaftLogWorker:Storage Directory /workdir/hadoop-ozone/ozonefs/target/test-dir/MiniOzoneClusterImpl-da5888fd-c692-4355-82c4-91aa98cbf569/datanode-1/data/ratis/e9483c05-e937-4d6e-8246-4e1c6b561598: created new log segment /workdir/hadoop-ozone/ozonefs/target/test-dir/MiniOzoneClusterImpl-da5888fd-c692-4355-82c4-91aa98cbf569/datanode-1/data/ratis/e9483c05-e937-4d6e-8246-4e1c6b561598/current/log_inprogress_0
2019-09-20 08:46:14,350 [3ea69b51-ea1d-40b9-a82f-433a48a46bff:group-D49471700E0E:LeaderElection12] INFO  impl.LeaderElection (LeaderElection.java:askForVotes(181)) - 3ea69b51-ea1d-40b9-a82f-433a48a46bff:group-D49471700E0E:LeaderElection12: begin an election at term 1 for -1: [3ea69b51-ea1d-40b9-a82f-433a48a46bff:192.168.36.79:37909], old=null
2019-09-20 08:46:14,350 [3ea69b51-ea1d-40b9-a82f-433a48a46bff:group-D49471700E0E:LeaderElection12] INFO  impl.RoleInfo (RoleInfo.java:shutdownLeaderElection(134)) - 3ea69b51-ea1d-40b9-a82f-433a48a46bff: shutdown LeaderElection
2019-09-20 08:46:14,350 [3ea69b51-ea1d-40b9-a82f-433a48a46bff:group-D49471700E0E:LeaderElection12] INFO  impl.RaftServerImpl (RaftServerImpl.java:setRole(171)) - 3ea69b51-ea1d-40b9-a82f-433a48a46bff:group-D49471700E0E changes role from CANDIDATE to LEADER at term 1 for changeToLeader
2019-09-20 08:46:14,350 [3ea69b51-ea1d-40b9-a82f-433a48a46bff:group-D49471700E0E:LeaderElection12] INFO  impl.RaftServerImpl (ServerState.java:setLeader(263)) - 3ea69b51-ea1d-40b9-a82f-433a48a46bff:group-D49471700E0E change Leader from null to 3ea69b51-ea1d-40b9-a82f-433a48a46bff at term 1 for becomeLeader, leader elected after 5135ms
2019-09-20 08:46:14,350 [3ea69b51-ea1d-40b9-a82f-433a48a46bff:group-D49471700E0E:LeaderElection12] INFO  server.RaftServerConfigKeys (ConfUtils.java:logGet(43)) - raft.server.staging.catchup.gap = 1000 (default)
2019-09-20 08:46:14,351 [3ea69b51-ea1d-40b9-a82f-433a48a46bff:group-D49471700E0E:LeaderElection12] INFO  server.RaftServerConfigKeys (ConfUtils.java:logGet(43)) - raft.server.rpc.sleep.time = 25ms (default)
2019-09-20 08:46:14,351 [3ea69b51-ea1d-40b9-a82f-433a48a46bff:group-D49471700E0E:LeaderElection12] INFO  server.RaftServerConfigKeys (ConfUtils.java:logGet(43)) - raft.server.write.element-limit = 4096 (default)
2019-09-20 08:46:14,351 [3ea69b51-ea1d-40b9-a82f-433a48a46bff:group-D49471700E0E:LeaderElection12] INFO  server.RaftServerConfigKeys (ConfUtils.java:logGet(43)) - raft.server.watch.timeout = 10s (default)
2019-09-20 08:46:14,351 [3ea69b51-ea1d-40b9-a82f-433a48a46bff:group-D49471700E0E:LeaderElection12] INFO  server.RaftServerConfigKeys (ConfUtils.java:logGet(43)) - raft.server.watch.timeout.denomination = 1s (default)
2019-09-20 08:46:14,351 [3ea69b51-ea1d-40b9-a82f-433a48a46bff:group-D49471700E0E:LeaderElection12] INFO  server.RaftServerConfigKeys (ConfUtils.java:logGet(43)) - raft.server.watch.element-limit = 65536 (default)
2019-09-20 08:46:14,352 [3ea69b51-ea1d-40b9-a82f-433a48a46bff:group-D49471700E0E:LeaderElection12] INFO  impl.RoleInfo (RoleInfo.java:updateAndGet(143)) - 3ea69b51-ea1d-40b9-a82f-433a48a46bff: start LeaderState
2019-09-20 08:46:14,352 [3ea69b51-ea1d-40b9-a82f-433a48a46bff:group-D49471700E0E:LeaderElection12] INFO  segmented.SegmentedRaftLogWorker (SegmentedRaftLogWorker.java:startLogSegment(380)) - 3ea69b51-ea1d-40b9-a82f-433a48a46bff-SegmentedRaftLogWorker:Storage Directory /workdir/hadoop-ozone/ozonefs/target/test-dir/MiniOzoneClusterImpl-da5888fd-c692-4355-82c4-91aa98cbf569/datanode-0/data/ratis/456ed4e1-51ed-4661-9ff0-d49471700e0e: Starting segment from index:0
2019-09-20 08:46:14,353 [3ea69b51-ea1d-40b9-a82f-433a48a46bff:group-D49471700E0E:LeaderElection12] INFO  impl.RaftServerImpl (ServerState.java:setRaftConf(361)) - 3ea69b51-ea1d-40b9-a82f-433a48a46bff:group-D49471700E0E set configuration 0: [3ea69b51-ea1d-40b9-a82f-433a48a46bff:192.168.36.79:37909], old=null at 0
2019-09-20 08:46:14,413 [Thread-320] INFO  impl.FollowerState (FollowerState.java:run(106)) - 1cc75455-5fc2-459e-9e17-b902eb9cc08f:group-1815D785AA9D changes to CANDIDATE, lastRpcTime:5099, electionTimeout:5099ms
2019-09-20 08:46:14,413 [Thread-320] INFO  impl.RoleInfo (RoleInfo.java:shutdownFollowerState(121)) - 1cc75455-5fc2-459e-9e17-b902eb9cc08f: shutdown FollowerState
2019-09-20 08:46:14,413 [Thread-320] INFO  impl.RaftServerImpl (RaftServerImpl.java:setRole(171)) - 1cc75455-5fc2-459e-9e17-b902eb9cc08f:group-1815D785AA9D changes role from FOLLOWER to CANDIDATE at term 0 for changeToCandidate
2019-09-20 08:46:14,413 [Thread-320] INFO  impl.RoleInfo (RoleInfo.java:updateAndGet(143)) - 1cc75455-5fc2-459e-9e17-b902eb9cc08f: start LeaderElection
2019-09-20 08:46:14,421 [Thread-323] INFO  impl.FollowerState (FollowerState.java:run(106)) - 3ea69b51-ea1d-40b9-a82f-433a48a46bff:group-8405D18958CF changes to CANDIDATE, lastRpcTime:5016, electionTimeout:5012ms
2019-09-20 08:46:14,422 [Thread-323] INFO  impl.RoleInfo (RoleInfo.java:shutdownFollowerState(121)) - 3ea69b51-ea1d-40b9-a82f-433a48a46bff: shutdown FollowerState
2019-09-20 08:46:14,422 [Thread-323] INFO  impl.RaftServerImpl (RaftServerImpl.java:setRole(171)) - 3ea69b51-ea1d-40b9-a82f-433a48a46bff:group-8405D18958CF changes role from FOLLOWER to CANDIDATE at term 0 for changeToCandidate
2019-09-20 08:46:14,422 [Thread-323] INFO  impl.RoleInfo (RoleInfo.java:updateAndGet(143)) - 3ea69b51-ea1d-40b9-a82f-433a48a46bff: start LeaderElection
2019-09-20 08:46:14,430 [3ea69b51-ea1d-40b9-a82f-433a48a46bff-SegmentedRaftLogWorker:Storage Directory /workdir/hadoop-ozone/ozonefs/target/test-dir/MiniOzoneClusterImpl-da5888fd-c692-4355-82c4-91aa98cbf569/datanode-0/data/ratis/456ed4e1-51ed-4661-9ff0-d49471700e0e] INFO  segmented.SegmentedRaftLogWorker (SegmentedRaftLogWorker.java:execute(569)) - 3ea69b51-ea1d-40b9-a82f-433a48a46bff-SegmentedRaftLogWorker:Storage Directory /workdir/hadoop-ozone/ozonefs/target/test-dir/MiniOzoneClusterImpl-da5888fd-c692-4355-82c4-91aa98cbf569/datanode-0/data/ratis/456ed4e1-51ed-4661-9ff0-d49471700e0e: created new log segment /workdir/hadoop-ozone/ozonefs/target/test-dir/MiniOzoneClusterImpl-da5888fd-c692-4355-82c4-91aa98cbf569/datanode-0/data/ratis/456ed4e1-51ed-4661-9ff0-d49471700e0e/current/log_inprogress_0
2019-09-20 08:46:14,434 | INFO  | SCMAudit | user=jenkins1000 | ip=192.168.36.79 | op=SEND_HEARTBEAT {datanodeUUID=3ea69b51-ea1d-40b9-a82f-433a48a46bff, command=[]} | ret=SUCCESS |  
2019-09-20 08:46:14,459 [3ea69b51-ea1d-40b9-a82f-433a48a46bff:group-8405D18958CF:LeaderElection14] INFO  impl.LeaderElection (LeaderElection.java:askForVotes(181)) - 3ea69b51-ea1d-40b9-a82f-433a48a46bff:group-8405D18958CF:LeaderElection14: begin an election at term 1 for -1: [3ea69b51-ea1d-40b9-a82f-433a48a46bff:192.168.36.79:37909], old=null
2019-09-20 08:46:14,459 [1cc75455-5fc2-459e-9e17-b902eb9cc08f:group-1815D785AA9D:LeaderElection13] INFO  impl.LeaderElection (LeaderElection.java:askForVotes(181)) - 1cc75455-5fc2-459e-9e17-b902eb9cc08f:group-1815D785AA9D:LeaderElection13: begin an election at term 1 for -1: [1cc75455-5fc2-459e-9e17-b902eb9cc08f:192.168.36.79:35300], old=null
2019-09-20 08:46:14,459 [3ea69b51-ea1d-40b9-a82f-433a48a46bff:group-8405D18958CF:LeaderElection14] INFO  impl.RoleInfo (RoleInfo.java:shutdownLeaderElection(134)) - 3ea69b51-ea1d-40b9-a82f-433a48a46bff: shutdown LeaderElection
2019-09-20 08:46:14,459 [1cc75455-5fc2-459e-9e17-b902eb9cc08f:group-1815D785AA9D:LeaderElection13] INFO  impl.RoleInfo (RoleInfo.java:shutdownLeaderElection(134)) - 1cc75455-5fc2-459e-9e17-b902eb9cc08f: shutdown LeaderElection
2019-09-20 08:46:14,459 [3ea69b51-ea1d-40b9-a82f-433a48a46bff:group-8405D18958CF:LeaderElection14] INFO  impl.RaftServerImpl (RaftServerImpl.java:setRole(171)) - 3ea69b51-ea1d-40b9-a82f-433a48a46bff:group-8405D18958CF changes role from CANDIDATE to LEADER at term 1 for changeToLeader
2019-09-20 08:46:14,460 [1cc75455-5fc2-459e-9e17-b902eb9cc08f:group-1815D785AA9D:LeaderElection13] INFO  impl.RaftServerImpl (RaftServerImpl.java:setRole(171)) - 1cc75455-5fc2-459e-9e17-b902eb9cc08f:group-1815D785AA9D changes role from CANDIDATE to LEADER at term 1 for changeToLeader
2019-09-20 08:46:14,460 [3ea69b51-ea1d-40b9-a82f-433a48a46bff:group-8405D18958CF:LeaderElection14] INFO  impl.RaftServerImpl (ServerState.java:setLeader(263)) - 3ea69b51-ea1d-40b9-a82f-433a48a46bff:group-8405D18958CF change Leader from null to 3ea69b51-ea1d-40b9-a82f-433a48a46bff at term 1 for becomeLeader, leader elected after 5059ms
2019-09-20 08:46:14,460 [1cc75455-5fc2-459e-9e17-b902eb9cc08f:group-1815D785AA9D:LeaderElection13] INFO  impl.RaftServerImpl (ServerState.java:setLeader(263)) - 1cc75455-5fc2-459e-9e17-b902eb9cc08f:group-1815D785AA9D change Leader from null to 1cc75455-5fc2-459e-9e17-b902eb9cc08f at term 1 for becomeLeader, leader elected after 5152ms
2019-09-20 08:46:14,460 [3ea69b51-ea1d-40b9-a82f-433a48a46bff:group-8405D18958CF:LeaderElection14] INFO  server.RaftServerConfigKeys (ConfUtils.java:logGet(43)) - raft.server.staging.catchup.gap = 1000 (default)
2019-09-20 08:46:14,460 [1cc75455-5fc2-459e-9e17-b902eb9cc08f:group-1815D785AA9D:LeaderElection13] INFO  server.RaftServerConfigKeys (ConfUtils.java:logGet(43)) - raft.server.staging.catchup.gap = 1000 (default)
2019-09-20 08:46:14,460 [3ea69b51-ea1d-40b9-a82f-433a48a46bff:group-8405D18958CF:LeaderElection14] INFO  server.RaftServerConfigKeys (ConfUtils.java:logGet(43)) - raft.server.rpc.sleep.time = 25ms (default)
2019-09-20 08:46:14,460 [1cc75455-5fc2-459e-9e17-b902eb9cc08f:group-1815D785AA9D:LeaderElection13] INFO  server.RaftServerConfigKeys (ConfUtils.java:logGet(43)) - raft.server.rpc.sleep.time = 25ms (default)
2019-09-20 08:46:14,461 [3ea69b51-ea1d-40b9-a82f-433a48a46bff:group-8405D18958CF:LeaderElection14] INFO  server.RaftServerConfigKeys (ConfUtils.java:logGet(43)) - raft.server.write.element-limit = 4096 (default)
2019-09-20 08:46:14,461 [1cc75455-5fc2-459e-9e17-b902eb9cc08f:group-1815D785AA9D:LeaderElection13] INFO  server.RaftServerConfigKeys (ConfUtils.java:logGet(43)) - raft.server.write.element-limit = 4096 (default)
2019-09-20 08:46:14,461 [3ea69b51-ea1d-40b9-a82f-433a48a46bff:group-8405D18958CF:LeaderElection14] INFO  server.RaftServerConfigKeys (ConfUtils.java:logGet(43)) - raft.server.watch.timeout = 10s (default)
2019-09-20 08:46:14,461 [1cc75455-5fc2-459e-9e17-b902eb9cc08f:group-1815D785AA9D:LeaderElection13] INFO  server.RaftServerConfigKeys (ConfUtils.java:logGet(43)) - raft.server.watch.timeout = 10s (default)
2019-09-20 08:46:14,461 [3ea69b51-ea1d-40b9-a82f-433a48a46bff:group-8405D18958CF:LeaderElection14] INFO  server.RaftServerConfigKeys (ConfUtils.java:logGet(43)) - raft.server.watch.timeout.denomination = 1s (default)
2019-09-20 08:46:14,461 [1cc75455-5fc2-459e-9e17-b902eb9cc08f:group-1815D785AA9D:LeaderElection13] INFO  server.RaftServerConfigKeys (ConfUtils.java:logGet(43)) - raft.server.watch.timeout.denomination = 1s (default)
2019-09-20 08:46:14,462 [3ea69b51-ea1d-40b9-a82f-433a48a46bff:group-8405D18958CF:LeaderElection14] INFO  server.RaftServerConfigKeys (ConfUtils.java:logGet(43)) - raft.server.watch.element-limit = 65536 (default)
2019-09-20 08:46:14,462 [1cc75455-5fc2-459e-9e17-b902eb9cc08f:group-1815D785AA9D:LeaderElection13] INFO  server.RaftServerConfigKeys (ConfUtils.java:logGet(43)) - raft.server.watch.element-limit = 65536 (default)
2019-09-20 08:46:14,462 [3ea69b51-ea1d-40b9-a82f-433a48a46bff:group-8405D18958CF:LeaderElection14] INFO  impl.RoleInfo (RoleInfo.java:updateAndGet(143)) - 3ea69b51-ea1d-40b9-a82f-433a48a46bff: start LeaderState
2019-09-20 08:46:14,462 [1cc75455-5fc2-459e-9e17-b902eb9cc08f:group-1815D785AA9D:LeaderElection13] INFO  impl.RoleInfo (RoleInfo.java:updateAndGet(143)) - 1cc75455-5fc2-459e-9e17-b902eb9cc08f: start LeaderState
2019-09-20 08:46:14,462 [3ea69b51-ea1d-40b9-a82f-433a48a46bff:group-8405D18958CF:LeaderElection14] INFO  segmented.SegmentedRaftLogWorker (SegmentedRaftLogWorker.java:startLogSegment(380)) - 3ea69b51-ea1d-40b9-a82f-433a48a46bff-SegmentedRaftLogWorker:Storage Directory /workdir/hadoop-ozone/ozonefs/target/test-dir/MiniOzoneClusterImpl-da5888fd-c692-4355-82c4-91aa98cbf569/datanode-0/data/ratis/772102f0-5538-4ac2-a136-8405d18958cf: Starting segment from index:0
2019-09-20 08:46:14,462 [1cc75455-5fc2-459e-9e17-b902eb9cc08f:group-1815D785AA9D:LeaderElection13] INFO  segmented.SegmentedRaftLogWorker (SegmentedRaftLogWorker.java:startLogSegment(380)) - 1cc75455-5fc2-459e-9e17-b902eb9cc08f-SegmentedRaftLogWorker:Storage Directory /workdir/hadoop-ozone/ozonefs/target/test-dir/MiniOzoneClusterImpl-da5888fd-c692-4355-82c4-91aa98cbf569/datanode-2/data/ratis/cc760db7-6aa6-4a29-9d82-1815d785aa9d: Starting segment from index:0
2019-09-20 08:46:14,463 [3ea69b51-ea1d-40b9-a82f-433a48a46bff:group-8405D18958CF:LeaderElection14] INFO  impl.RaftServerImpl (ServerState.java:setRaftConf(361)) - 3ea69b51-ea1d-40b9-a82f-433a48a46bff:group-8405D18958CF set configuration 0: [3ea69b51-ea1d-40b9-a82f-433a48a46bff:192.168.36.79:37909], old=null at 0
2019-09-20 08:46:14,500 [1cc75455-5fc2-459e-9e17-b902eb9cc08f:group-1815D785AA9D:LeaderElection13] INFO  impl.RaftServerImpl (ServerState.java:setRaftConf(361)) - 1cc75455-5fc2-459e-9e17-b902eb9cc08f:group-1815D785AA9D set configuration 0: [1cc75455-5fc2-459e-9e17-b902eb9cc08f:192.168.36.79:35300], old=null at 0
2019-09-20 08:46:14,539 [3ea69b51-ea1d-40b9-a82f-433a48a46bff-SegmentedRaftLogWorker:Storage Directory /workdir/hadoop-ozone/ozonefs/target/test-dir/MiniOzoneClusterImpl-da5888fd-c692-4355-82c4-91aa98cbf569/datanode-0/data/ratis/772102f0-5538-4ac2-a136-8405d18958cf] INFO  segmented.SegmentedRaftLogWorker (SegmentedRaftLogWorker.java:execute(569)) - 3ea69b51-ea1d-40b9-a82f-433a48a46bff-SegmentedRaftLogWorker:Storage Directory /workdir/hadoop-ozone/ozonefs/target/test-dir/MiniOzoneClusterImpl-da5888fd-c692-4355-82c4-91aa98cbf569/datanode-0/data/ratis/772102f0-5538-4ac2-a136-8405d18958cf: created new log segment /workdir/hadoop-ozone/ozonefs/target/test-dir/MiniOzoneClusterImpl-da5888fd-c692-4355-82c4-91aa98cbf569/datanode-0/data/ratis/772102f0-5538-4ac2-a136-8405d18958cf/current/log_inprogress_0
2019-09-20 08:46:14,500 | INFO  | SCMAudit | user=jenkins1000 | ip=192.168.36.79 | op=SEND_HEARTBEAT {datanodeUUID=1cc75455-5fc2-459e-9e17-b902eb9cc08f, command=[]} | ret=SUCCESS |  
2019-09-20 08:46:14,540 | INFO  | SCMAudit | user=jenkins1000 | ip=192.168.36.79 | op=SEND_HEARTBEAT {datanodeUUID=a3bf3c1a-4063-48f8-b1bd-e321780611c4, command=[]} | ret=SUCCESS |  
2019-09-20 08:46:14,542 | INFO  | SCMAudit | user=jenkins1000 | ip=192.168.36.79 | op=SEND_HEARTBEAT {datanodeUUID=735a34e4-c7c4-465a-a71d-fefc6390b8eb, command=[]} | ret=SUCCESS |  
2019-09-20 08:46:14,563 [1cc75455-5fc2-459e-9e17-b902eb9cc08f-SegmentedRaftLogWorker:Storage Directory /workdir/hadoop-ozone/ozonefs/target/test-dir/MiniOzoneClusterImpl-da5888fd-c692-4355-82c4-91aa98cbf569/datanode-2/data/ratis/cc760db7-6aa6-4a29-9d82-1815d785aa9d] INFO  segmented.SegmentedRaftLogWorker (SegmentedRaftLogWorker.java:execute(569)) - 1cc75455-5fc2-459e-9e17-b902eb9cc08f-SegmentedRaftLogWorker:Storage Directory /workdir/hadoop-ozone/ozonefs/target/test-dir/MiniOzoneClusterImpl-da5888fd-c692-4355-82c4-91aa98cbf569/datanode-2/data/ratis/cc760db7-6aa6-4a29-9d82-1815d785aa9d: created new log segment /workdir/hadoop-ozone/ozonefs/target/test-dir/MiniOzoneClusterImpl-da5888fd-c692-4355-82c4-91aa98cbf569/datanode-2/data/ratis/cc760db7-6aa6-4a29-9d82-1815d785aa9d/current/log_inprogress_0
2019-09-20 08:46:14,687 [Thread-327] INFO  impl.FollowerState (FollowerState.java:run(106)) - 3d9fb88f-ef2a-412e-bafc-a0084682cc47:group-1DD980F23A5F changes to CANDIDATE, lastRpcTime:5180, electionTimeout:5180ms
2019-09-20 08:46:14,687 [Thread-327] INFO  impl.RoleInfo (RoleInfo.java:shutdownFollowerState(121)) - 3d9fb88f-ef2a-412e-bafc-a0084682cc47: shutdown FollowerState
2019-09-20 08:46:14,688 [Thread-327] INFO  impl.RaftServerImpl (RaftServerImpl.java:setRole(171)) - 3d9fb88f-ef2a-412e-bafc-a0084682cc47:group-1DD980F23A5F changes role from FOLLOWER to CANDIDATE at term 0 for changeToCandidate
2019-09-20 08:46:14,688 [Thread-327] INFO  impl.RoleInfo (RoleInfo.java:updateAndGet(143)) - 3d9fb88f-ef2a-412e-bafc-a0084682cc47: start LeaderElection
2019-09-20 08:46:14,688 | INFO  | SCMAudit | user=jenkins1000 | ip=192.168.36.79 | op=SEND_HEARTBEAT {datanodeUUID=4eb079c5-a63c-4d36-97af-76873864fc0c, command=[]} | ret=SUCCESS |  
2019-09-20 08:46:14,736 | INFO  | SCMAudit | user=jenkins1000 | ip=192.168.36.79 | op=SEND_HEARTBEAT {datanodeUUID=e997423e-4090-4042-87ee-7419d4cf7365, command=[]} | ret=SUCCESS |  
2019-09-20 08:46:14,749 [3d9fb88f-ef2a-412e-bafc-a0084682cc47:group-1DD980F23A5F:LeaderElection15] INFO  impl.LeaderElection (LeaderElection.java:askForVotes(181)) - 3d9fb88f-ef2a-412e-bafc-a0084682cc47:group-1DD980F23A5F:LeaderElection15: begin an election at term 1 for -1: [3d9fb88f-ef2a-412e-bafc-a0084682cc47:192.168.36.79:36901], old=null
2019-09-20 08:46:14,749 [3d9fb88f-ef2a-412e-bafc-a0084682cc47:group-1DD980F23A5F:LeaderElection15] INFO  impl.RoleInfo (RoleInfo.java:shutdownLeaderElection(134)) - 3d9fb88f-ef2a-412e-bafc-a0084682cc47: shutdown LeaderElection
2019-09-20 08:46:14,749 [3d9fb88f-ef2a-412e-bafc-a0084682cc47:group-1DD980F23A5F:LeaderElection15] INFO  impl.RaftServerImpl (RaftServerImpl.java:setRole(171)) - 3d9fb88f-ef2a-412e-bafc-a0084682cc47:group-1DD980F23A5F changes role from CANDIDATE to LEADER at term 1 for changeToLeader
2019-09-20 08:46:14,749 [3d9fb88f-ef2a-412e-bafc-a0084682cc47:group-1DD980F23A5F:LeaderElection15] INFO  impl.RaftServerImpl (ServerState.java:setLeader(263)) - 3d9fb88f-ef2a-412e-bafc-a0084682cc47:group-1DD980F23A5F change Leader from null to 3d9fb88f-ef2a-412e-bafc-a0084682cc47 at term 1 for becomeLeader, leader elected after 5248ms
2019-09-20 08:46:14,749 [3d9fb88f-ef2a-412e-bafc-a0084682cc47:group-1DD980F23A5F:LeaderElection15] INFO  server.RaftServerConfigKeys (ConfUtils.java:logGet(43)) - raft.server.staging.catchup.gap = 1000 (default)
2019-09-20 08:46:14,750 [3d9fb88f-ef2a-412e-bafc-a0084682cc47:group-1DD980F23A5F:LeaderElection15] INFO  server.RaftServerConfigKeys (ConfUtils.java:logGet(43)) - raft.server.rpc.sleep.time = 25ms (default)
2019-09-20 08:46:14,750 [3d9fb88f-ef2a-412e-bafc-a0084682cc47:group-1DD980F23A5F:LeaderElection15] INFO  server.RaftServerConfigKeys (ConfUtils.java:logGet(43)) - raft.server.write.element-limit = 4096 (default)
2019-09-20 08:46:14,750 [3d9fb88f-ef2a-412e-bafc-a0084682cc47:group-1DD980F23A5F:LeaderElection15] INFO  server.RaftServerConfigKeys (ConfUtils.java:logGet(43)) - raft.server.watch.timeout = 10s (default)
2019-09-20 08:46:14,750 [3d9fb88f-ef2a-412e-bafc-a0084682cc47:group-1DD980F23A5F:LeaderElection15] INFO  server.RaftServerConfigKeys (ConfUtils.java:logGet(43)) - raft.server.watch.timeout.denomination = 1s (default)
2019-09-20 08:46:14,750 [3d9fb88f-ef2a-412e-bafc-a0084682cc47:group-1DD980F23A5F:LeaderElection15] INFO  server.RaftServerConfigKeys (ConfUtils.java:logGet(43)) - raft.server.watch.element-limit = 65536 (default)
2019-09-20 08:46:14,751 [3d9fb88f-ef2a-412e-bafc-a0084682cc47:group-1DD980F23A5F:LeaderElection15] INFO  impl.RoleInfo (RoleInfo.java:updateAndGet(143)) - 3d9fb88f-ef2a-412e-bafc-a0084682cc47: start LeaderState
2019-09-20 08:46:14,751 [3d9fb88f-ef2a-412e-bafc-a0084682cc47:group-1DD980F23A5F:LeaderElection15] INFO  segmented.SegmentedRaftLogWorker (SegmentedRaftLogWorker.java:startLogSegment(380)) - 3d9fb88f-ef2a-412e-bafc-a0084682cc47-SegmentedRaftLogWorker:Storage Directory /workdir/hadoop-ozone/ozonefs/target/test-dir/MiniOzoneClusterImpl-da5888fd-c692-4355-82c4-91aa98cbf569/datanode-9/data/ratis/1899c156-9899-4776-9768-1dd980f23a5f: Starting segment from index:0
2019-09-20 08:46:14,752 [3d9fb88f-ef2a-412e-bafc-a0084682cc47:group-1DD980F23A5F:LeaderElection15] INFO  impl.RaftServerImpl (ServerState.java:setRaftConf(361)) - 3d9fb88f-ef2a-412e-bafc-a0084682cc47:group-1DD980F23A5F set configuration 0: [3d9fb88f-ef2a-412e-bafc-a0084682cc47:192.168.36.79:36901], old=null at 0
2019-09-20 08:46:14,818 [3d9fb88f-ef2a-412e-bafc-a0084682cc47-SegmentedRaftLogWorker:Storage Directory /workdir/hadoop-ozone/ozonefs/target/test-dir/MiniOzoneClusterImpl-da5888fd-c692-4355-82c4-91aa98cbf569/datanode-9/data/ratis/1899c156-9899-4776-9768-1dd980f23a5f] INFO  segmented.SegmentedRaftLogWorker (SegmentedRaftLogWorker.java:execute(569)) - 3d9fb88f-ef2a-412e-bafc-a0084682cc47-SegmentedRaftLogWorker:Storage Directory /workdir/hadoop-ozone/ozonefs/target/test-dir/MiniOzoneClusterImpl-da5888fd-c692-4355-82c4-91aa98cbf569/datanode-9/data/ratis/1899c156-9899-4776-9768-1dd980f23a5f: created new log segment /workdir/hadoop-ozone/ozonefs/target/test-dir/MiniOzoneClusterImpl-da5888fd-c692-4355-82c4-91aa98cbf569/datanode-9/data/ratis/1899c156-9899-4776-9768-1dd980f23a5f/current/log_inprogress_0
2019-09-20 08:46:14,825 | INFO  | SCMAudit | user=jenkins1000 | ip=192.168.36.79 | op=SEND_HEARTBEAT {datanodeUUID=3d9fb88f-ef2a-412e-bafc-a0084682cc47, command=[]} | ret=SUCCESS |  
2019-09-20 08:46:14,845 [Thread-330] INFO  impl.FollowerState (FollowerState.java:run(106)) - a3bf3c1a-4063-48f8-b1bd-e321780611c4:group-6D32FAE766E9 changes to CANDIDATE, lastRpcTime:5160, electionTimeout:5160ms
2019-09-20 08:46:14,845 [Thread-330] INFO  impl.RoleInfo (RoleInfo.java:shutdownFollowerState(121)) - a3bf3c1a-4063-48f8-b1bd-e321780611c4: shutdown FollowerState
2019-09-20 08:46:14,845 [Thread-330] INFO  impl.RaftServerImpl (RaftServerImpl.java:setRole(171)) - a3bf3c1a-4063-48f8-b1bd-e321780611c4:group-6D32FAE766E9 changes role from FOLLOWER to CANDIDATE at term 0 for changeToCandidate
2019-09-20 08:46:14,846 [Thread-330] INFO  impl.RoleInfo (RoleInfo.java:updateAndGet(143)) - a3bf3c1a-4063-48f8-b1bd-e321780611c4: start LeaderElection
2019-09-20 08:46:14,890 [a3bf3c1a-4063-48f8-b1bd-e321780611c4:group-6D32FAE766E9:LeaderElection16] INFO  impl.LeaderElection (LeaderElection.java:askForVotes(181)) - a3bf3c1a-4063-48f8-b1bd-e321780611c4:group-6D32FAE766E9:LeaderElection16: begin an election at term 1 for -1: [a3bf3c1a-4063-48f8-b1bd-e321780611c4:192.168.36.79:36591], old=null
2019-09-20 08:46:14,890 [a3bf3c1a-4063-48f8-b1bd-e321780611c4:group-6D32FAE766E9:LeaderElection16] INFO  impl.RoleInfo (RoleInfo.java:shutdownLeaderElection(134)) - a3bf3c1a-4063-48f8-b1bd-e321780611c4: shutdown LeaderElection
2019-09-20 08:46:14,890 [a3bf3c1a-4063-48f8-b1bd-e321780611c4:group-6D32FAE766E9:LeaderElection16] INFO  impl.RaftServerImpl (RaftServerImpl.java:setRole(171)) - a3bf3c1a-4063-48f8-b1bd-e321780611c4:group-6D32FAE766E9 changes role from CANDIDATE to LEADER at term 1 for changeToLeader
2019-09-20 08:46:14,890 [a3bf3c1a-4063-48f8-b1bd-e321780611c4:group-6D32FAE766E9:LeaderElection16] INFO  impl.RaftServerImpl (ServerState.java:setLeader(263)) - a3bf3c1a-4063-48f8-b1bd-e321780611c4:group-6D32FAE766E9 change Leader from null to a3bf3c1a-4063-48f8-b1bd-e321780611c4 at term 1 for becomeLeader, leader elected after 5211ms
2019-09-20 08:46:14,890 [a3bf3c1a-4063-48f8-b1bd-e321780611c4:group-6D32FAE766E9:LeaderElection16] INFO  server.RaftServerConfigKeys (ConfUtils.java:logGet(43)) - raft.server.staging.catchup.gap = 1000 (default)
2019-09-20 08:46:14,891 [a3bf3c1a-4063-48f8-b1bd-e321780611c4:group-6D32FAE766E9:LeaderElection16] INFO  server.RaftServerConfigKeys (ConfUtils.java:logGet(43)) - raft.server.rpc.sleep.time = 25ms (default)
2019-09-20 08:46:14,891 [a3bf3c1a-4063-48f8-b1bd-e321780611c4:group-6D32FAE766E9:LeaderElection16] INFO  server.RaftServerConfigKeys (ConfUtils.java:logGet(43)) - raft.server.write.element-limit = 4096 (default)
2019-09-20 08:46:14,891 [a3bf3c1a-4063-48f8-b1bd-e321780611c4:group-6D32FAE766E9:LeaderElection16] INFO  server.RaftServerConfigKeys (ConfUtils.java:logGet(43)) - raft.server.watch.timeout = 10s (default)
2019-09-20 08:46:14,891 [a3bf3c1a-4063-48f8-b1bd-e321780611c4:group-6D32FAE766E9:LeaderElection16] INFO  server.RaftServerConfigKeys (ConfUtils.java:logGet(43)) - raft.server.watch.timeout.denomination = 1s (default)
2019-09-20 08:46:14,891 [a3bf3c1a-4063-48f8-b1bd-e321780611c4:group-6D32FAE766E9:LeaderElection16] INFO  server.RaftServerConfigKeys (ConfUtils.java:logGet(43)) - raft.server.watch.element-limit = 65536 (default)
2019-09-20 08:46:14,892 [a3bf3c1a-4063-48f8-b1bd-e321780611c4:group-6D32FAE766E9:LeaderElection16] INFO  impl.RoleInfo (RoleInfo.java:updateAndGet(143)) - a3bf3c1a-4063-48f8-b1bd-e321780611c4: start LeaderState
2019-09-20 08:46:14,892 [a3bf3c1a-4063-48f8-b1bd-e321780611c4:group-6D32FAE766E9:LeaderElection16] INFO  segmented.SegmentedRaftLogWorker (SegmentedRaftLogWorker.java:startLogSegment(380)) - a3bf3c1a-4063-48f8-b1bd-e321780611c4-SegmentedRaftLogWorker:Storage Directory /workdir/hadoop-ozone/ozonefs/target/test-dir/MiniOzoneClusterImpl-da5888fd-c692-4355-82c4-91aa98cbf569/datanode-3/data/ratis/5f5f0c0b-ff6b-40d7-abe0-6d32fae766e9: Starting segment from index:0
2019-09-20 08:46:14,892 [a3bf3c1a-4063-48f8-b1bd-e321780611c4:group-6D32FAE766E9:LeaderElection16] INFO  impl.RaftServerImpl (ServerState.java:setRaftConf(361)) - a3bf3c1a-4063-48f8-b1bd-e321780611c4:group-6D32FAE766E9 set configuration 0: [a3bf3c1a-4063-48f8-b1bd-e321780611c4:192.168.36.79:36591], old=null at 0
2019-09-20 08:46:14,931 [Thread-333] INFO  impl.FollowerState (FollowerState.java:run(106)) - 0d845cc3-b0d9-47c5-b935-74fa0be2c903:group-D24ACF692825 changes to CANDIDATE, lastRpcTime:5130, electionTimeout:5116ms
2019-09-20 08:46:14,931 [Thread-333] INFO  impl.RoleInfo (RoleInfo.java:shutdownFollowerState(121)) - 0d845cc3-b0d9-47c5-b935-74fa0be2c903: shutdown FollowerState
2019-09-20 08:46:14,931 [Thread-333] INFO  impl.RaftServerImpl (RaftServerImpl.java:setRole(171)) - 0d845cc3-b0d9-47c5-b935-74fa0be2c903:group-D24ACF692825 changes role from FOLLOWER to CANDIDATE at term 0 for changeToCandidate
2019-09-20 08:46:14,931 [Thread-333] INFO  impl.RoleInfo (RoleInfo.java:updateAndGet(143)) - 0d845cc3-b0d9-47c5-b935-74fa0be2c903: start LeaderElection
2019-09-20 08:46:14,941 | INFO  | SCMAudit | user=jenkins1000 | ip=192.168.36.79 | op=SEND_HEARTBEAT {datanodeUUID=0d845cc3-b0d9-47c5-b935-74fa0be2c903, command=[]} | ret=SUCCESS |  
2019-09-20 08:46:14,953 [a3bf3c1a-4063-48f8-b1bd-e321780611c4-SegmentedRaftLogWorker:Storage Directory /workdir/hadoop-ozone/ozonefs/target/test-dir/MiniOzoneClusterImpl-da5888fd-c692-4355-82c4-91aa98cbf569/datanode-3/data/ratis/5f5f0c0b-ff6b-40d7-abe0-6d32fae766e9] INFO  segmented.SegmentedRaftLogWorker (SegmentedRaftLogWorker.java:execute(569)) - a3bf3c1a-4063-48f8-b1bd-e321780611c4-SegmentedRaftLogWorker:Storage Directory /workdir/hadoop-ozone/ozonefs/target/test-dir/MiniOzoneClusterImpl-da5888fd-c692-4355-82c4-91aa98cbf569/datanode-3/data/ratis/5f5f0c0b-ff6b-40d7-abe0-6d32fae766e9: created new log segment /workdir/hadoop-ozone/ozonefs/target/test-dir/MiniOzoneClusterImpl-da5888fd-c692-4355-82c4-91aa98cbf569/datanode-3/data/ratis/5f5f0c0b-ff6b-40d7-abe0-6d32fae766e9/current/log_inprogress_0
2019-09-20 08:46:14,975 [0d845cc3-b0d9-47c5-b935-74fa0be2c903:group-D24ACF692825:LeaderElection17] INFO  impl.LeaderElection (LeaderElection.java:askForVotes(181)) - 0d845cc3-b0d9-47c5-b935-74fa0be2c903:group-D24ACF692825:LeaderElection17: begin an election at term 1 for -1: [0d845cc3-b0d9-47c5-b935-74fa0be2c903:192.168.36.79:38257], old=null
2019-09-20 08:46:14,976 [0d845cc3-b0d9-47c5-b935-74fa0be2c903:group-D24ACF692825:LeaderElection17] INFO  impl.RoleInfo (RoleInfo.java:shutdownLeaderElection(134)) - 0d845cc3-b0d9-47c5-b935-74fa0be2c903: shutdown LeaderElection
2019-09-20 08:46:14,976 [0d845cc3-b0d9-47c5-b935-74fa0be2c903:group-D24ACF692825:LeaderElection17] INFO  impl.RaftServerImpl (RaftServerImpl.java:setRole(171)) - 0d845cc3-b0d9-47c5-b935-74fa0be2c903:group-D24ACF692825 changes role from CANDIDATE to LEADER at term 1 for changeToLeader
2019-09-20 08:46:14,976 [0d845cc3-b0d9-47c5-b935-74fa0be2c903:group-D24ACF692825:LeaderElection17] INFO  impl.RaftServerImpl (ServerState.java:setLeader(263)) - 0d845cc3-b0d9-47c5-b935-74fa0be2c903:group-D24ACF692825 change Leader from null to 0d845cc3-b0d9-47c5-b935-74fa0be2c903 at term 1 for becomeLeader, leader elected after 5181ms
2019-09-20 08:46:14,976 [0d845cc3-b0d9-47c5-b935-74fa0be2c903:group-D24ACF692825:LeaderElection17] INFO  server.RaftServerConfigKeys (ConfUtils.java:logGet(43)) - raft.server.staging.catchup.gap = 1000 (default)
2019-09-20 08:46:14,976 [0d845cc3-b0d9-47c5-b935-74fa0be2c903:group-D24ACF692825:LeaderElection17] INFO  server.RaftServerConfigKeys (ConfUtils.java:logGet(43)) - raft.server.rpc.sleep.time = 25ms (default)
2019-09-20 08:46:14,977 [0d845cc3-b0d9-47c5-b935-74fa0be2c903:group-D24ACF692825:LeaderElection17] INFO  server.RaftServerConfigKeys (ConfUtils.java:logGet(43)) - raft.server.write.element-limit = 4096 (default)
2019-09-20 08:46:14,977 [0d845cc3-b0d9-47c5-b935-74fa0be2c903:group-D24ACF692825:LeaderElection17] INFO  server.RaftServerConfigKeys (ConfUtils.java:logGet(43)) - raft.server.watch.timeout = 10s (default)
2019-09-20 08:46:14,977 [0d845cc3-b0d9-47c5-b935-74fa0be2c903:group-D24ACF692825:LeaderElection17] INFO  server.RaftServerConfigKeys (ConfUtils.java:logGet(43)) - raft.server.watch.timeout.denomination = 1s (default)
2019-09-20 08:46:14,977 [0d845cc3-b0d9-47c5-b935-74fa0be2c903:group-D24ACF692825:LeaderElection17] INFO  server.RaftServerConfigKeys (ConfUtils.java:logGet(43)) - raft.server.watch.element-limit = 65536 (default)
2019-09-20 08:46:14,977 [0d845cc3-b0d9-47c5-b935-74fa0be2c903:group-D24ACF692825:LeaderElection17] INFO  impl.RoleInfo (RoleInfo.java:updateAndGet(143)) - 0d845cc3-b0d9-47c5-b935-74fa0be2c903: start LeaderState
2019-09-20 08:46:14,977 [0d845cc3-b0d9-47c5-b935-74fa0be2c903:group-D24ACF692825:LeaderElection17] INFO  segmented.SegmentedRaftLogWorker (SegmentedRaftLogWorker.java:startLogSegment(380)) - 0d845cc3-b0d9-47c5-b935-74fa0be2c903-SegmentedRaftLogWorker:Storage Directory /workdir/hadoop-ozone/ozonefs/target/test-dir/MiniOzoneClusterImpl-da5888fd-c692-4355-82c4-91aa98cbf569/datanode-5/data/ratis/497d400a-2075-4d0c-bfbd-d24acf692825: Starting segment from index:0
2019-09-20 08:46:14,978 [0d845cc3-b0d9-47c5-b935-74fa0be2c903:group-D24ACF692825:LeaderElection17] INFO  impl.RaftServerImpl (ServerState.java:setRaftConf(361)) - 0d845cc3-b0d9-47c5-b935-74fa0be2c903:group-D24ACF692825 set configuration 0: [0d845cc3-b0d9-47c5-b935-74fa0be2c903:192.168.36.79:38257], old=null at 0
2019-09-20 08:46:15,036 [Thread-336] INFO  impl.FollowerState (FollowerState.java:run(106)) - a3bf3c1a-4063-48f8-b1bd-e321780611c4:group-4A435684A73A changes to CANDIDATE, lastRpcTime:5118, electionTimeout:5114ms
2019-09-20 08:46:15,037 [Thread-336] INFO  impl.RoleInfo (RoleInfo.java:shutdownFollowerState(121)) - a3bf3c1a-4063-48f8-b1bd-e321780611c4: shutdown FollowerState
2019-09-20 08:46:15,037 [Thread-336] INFO  impl.RaftServerImpl (RaftServerImpl.java:setRole(171)) - a3bf3c1a-4063-48f8-b1bd-e321780611c4:group-4A435684A73A changes role from FOLLOWER to CANDIDATE at term 0 for changeToCandidate
2019-09-20 08:46:15,037 [Thread-336] INFO  impl.RoleInfo (RoleInfo.java:updateAndGet(143)) - a3bf3c1a-4063-48f8-b1bd-e321780611c4: start LeaderElection
2019-09-20 08:46:15,056 [Thread-339] INFO  impl.FollowerState (FollowerState.java:run(106)) - a3bf3c1a-4063-48f8-b1bd-e321780611c4:group-E51569FA75CC changes to CANDIDATE, lastRpcTime:5055, electionTimeout:5055ms
2019-09-20 08:46:15,057 [Thread-339] INFO  impl.RoleInfo (RoleInfo.java:shutdownFollowerState(121)) - a3bf3c1a-4063-48f8-b1bd-e321780611c4: shutdown FollowerState
2019-09-20 08:46:15,057 [Thread-339] INFO  impl.RaftServerImpl (RaftServerImpl.java:setRole(171)) - a3bf3c1a-4063-48f8-b1bd-e321780611c4:group-E51569FA75CC changes role from FOLLOWER to CANDIDATE at term 0 for changeToCandidate
2019-09-20 08:46:15,057 [Thread-339] INFO  impl.RoleInfo (RoleInfo.java:updateAndGet(143)) - a3bf3c1a-4063-48f8-b1bd-e321780611c4: start LeaderElection
2019-09-20 08:46:15,060 [0d845cc3-b0d9-47c5-b935-74fa0be2c903-SegmentedRaftLogWorker:Storage Directory /workdir/hadoop-ozone/ozonefs/target/test-dir/MiniOzoneClusterImpl-da5888fd-c692-4355-82c4-91aa98cbf569/datanode-5/data/ratis/497d400a-2075-4d0c-bfbd-d24acf692825] INFO  segmented.SegmentedRaftLogWorker (SegmentedRaftLogWorker.java:execute(569)) - 0d845cc3-b0d9-47c5-b935-74fa0be2c903-SegmentedRaftLogWorker:Storage Directory /workdir/hadoop-ozone/ozonefs/target/test-dir/MiniOzoneClusterImpl-da5888fd-c692-4355-82c4-91aa98cbf569/datanode-5/data/ratis/497d400a-2075-4d0c-bfbd-d24acf692825: created new log segment /workdir/hadoop-ozone/ozonefs/target/test-dir/MiniOzoneClusterImpl-da5888fd-c692-4355-82c4-91aa98cbf569/datanode-5/data/ratis/497d400a-2075-4d0c-bfbd-d24acf692825/current/log_inprogress_0
2019-09-20 08:46:15,063 [a3bf3c1a-4063-48f8-b1bd-e321780611c4:group-4A435684A73A:LeaderElection18] INFO  impl.LeaderElection (LeaderElection.java:askForVotes(181)) - a3bf3c1a-4063-48f8-b1bd-e321780611c4:group-4A435684A73A:LeaderElection18: begin an election at term 1 for -1: [a3bf3c1a-4063-48f8-b1bd-e321780611c4:192.168.36.79:36591], old=null
2019-09-20 08:46:15,066 [a3bf3c1a-4063-48f8-b1bd-e321780611c4:group-4A435684A73A:LeaderElection18] INFO  impl.RoleInfo (RoleInfo.java:shutdownLeaderElection(134)) - a3bf3c1a-4063-48f8-b1bd-e321780611c4: shutdown LeaderElection
2019-09-20 08:46:15,067 [a3bf3c1a-4063-48f8-b1bd-e321780611c4:group-4A435684A73A:LeaderElection18] INFO  impl.RaftServerImpl (RaftServerImpl.java:setRole(171)) - a3bf3c1a-4063-48f8-b1bd-e321780611c4:group-4A435684A73A changes role from CANDIDATE to LEADER at term 1 for changeToLeader
2019-09-20 08:46:15,067 [a3bf3c1a-4063-48f8-b1bd-e321780611c4:group-4A435684A73A:LeaderElection18] INFO  impl.RaftServerImpl (ServerState.java:setLeader(263)) - a3bf3c1a-4063-48f8-b1bd-e321780611c4:group-4A435684A73A change Leader from null to a3bf3c1a-4063-48f8-b1bd-e321780611c4 at term 1 for becomeLeader, leader elected after 5154ms
2019-09-20 08:46:15,067 [a3bf3c1a-4063-48f8-b1bd-e321780611c4:group-4A435684A73A:LeaderElection18] INFO  server.RaftServerConfigKeys (ConfUtils.java:logGet(43)) - raft.server.staging.catchup.gap = 1000 (default)
2019-09-20 08:46:15,067 [a3bf3c1a-4063-48f8-b1bd-e321780611c4:group-4A435684A73A:LeaderElection18] INFO  server.RaftServerConfigKeys (ConfUtils.java:logGet(43)) - raft.server.rpc.sleep.time = 25ms (default)
2019-09-20 08:46:15,067 [a3bf3c1a-4063-48f8-b1bd-e321780611c4:group-4A435684A73A:LeaderElection18] INFO  server.RaftServerConfigKeys (ConfUtils.java:logGet(43)) - raft.server.write.element-limit = 4096 (default)
2019-09-20 08:46:15,067 [a3bf3c1a-4063-48f8-b1bd-e321780611c4:group-4A435684A73A:LeaderElection18] INFO  server.RaftServerConfigKeys (ConfUtils.java:logGet(43)) - raft.server.watch.timeout = 10s (default)
2019-09-20 08:46:15,068 [a3bf3c1a-4063-48f8-b1bd-e321780611c4:group-4A435684A73A:LeaderElection18] INFO  server.RaftServerConfigKeys (ConfUtils.java:logGet(43)) - raft.server.watch.timeout.denomination = 1s (default)
2019-09-20 08:46:15,068 [a3bf3c1a-4063-48f8-b1bd-e321780611c4:group-4A435684A73A:LeaderElection18] INFO  server.RaftServerConfigKeys (ConfUtils.java:logGet(43)) - raft.server.watch.element-limit = 65536 (default)
2019-09-20 08:46:15,068 [a3bf3c1a-4063-48f8-b1bd-e321780611c4:group-4A435684A73A:LeaderElection18] INFO  impl.RoleInfo (RoleInfo.java:updateAndGet(143)) - a3bf3c1a-4063-48f8-b1bd-e321780611c4: start LeaderState
2019-09-20 08:46:15,068 [a3bf3c1a-4063-48f8-b1bd-e321780611c4:group-4A435684A73A:LeaderElection18] INFO  segmented.SegmentedRaftLogWorker (SegmentedRaftLogWorker.java:startLogSegment(380)) - a3bf3c1a-4063-48f8-b1bd-e321780611c4-SegmentedRaftLogWorker:Storage Directory /workdir/hadoop-ozone/ozonefs/target/test-dir/MiniOzoneClusterImpl-da5888fd-c692-4355-82c4-91aa98cbf569/datanode-3/data/ratis/30573a8f-ac0d-4ecd-9640-4a435684a73a: Starting segment from index:0
2019-09-20 08:46:15,069 [a3bf3c1a-4063-48f8-b1bd-e321780611c4:group-4A435684A73A:LeaderElection18] INFO  impl.RaftServerImpl (ServerState.java:setRaftConf(361)) - a3bf3c1a-4063-48f8-b1bd-e321780611c4:group-4A435684A73A set configuration 0: [a3bf3c1a-4063-48f8-b1bd-e321780611c4:192.168.36.79:36591], old=null at 0
2019-09-20 08:46:15,109 [a3bf3c1a-4063-48f8-b1bd-e321780611c4:group-E51569FA75CC:LeaderElection19] INFO  impl.LeaderElection (LeaderElection.java:askForVotes(181)) - a3bf3c1a-4063-48f8-b1bd-e321780611c4:group-E51569FA75CC:LeaderElection19: begin an election at term 1 for -1: [a3bf3c1a-4063-48f8-b1bd-e321780611c4:192.168.36.79:36591], old=null
2019-09-20 08:46:15,109 [a3bf3c1a-4063-48f8-b1bd-e321780611c4:group-E51569FA75CC:LeaderElection19] INFO  impl.RoleInfo (RoleInfo.java:shutdownLeaderElection(134)) - a3bf3c1a-4063-48f8-b1bd-e321780611c4: shutdown LeaderElection
2019-09-20 08:46:15,109 [a3bf3c1a-4063-48f8-b1bd-e321780611c4:group-E51569FA75CC:LeaderElection19] INFO  impl.RaftServerImpl (RaftServerImpl.java:setRole(171)) - a3bf3c1a-4063-48f8-b1bd-e321780611c4:group-E51569FA75CC changes role from CANDIDATE to LEADER at term 1 for changeToLeader
2019-09-20 08:46:15,110 [a3bf3c1a-4063-48f8-b1bd-e321780611c4:group-E51569FA75CC:LeaderElection19] INFO  impl.RaftServerImpl (ServerState.java:setLeader(263)) - a3bf3c1a-4063-48f8-b1bd-e321780611c4:group-E51569FA75CC change Leader from null to a3bf3c1a-4063-48f8-b1bd-e321780611c4 at term 1 for becomeLeader, leader elected after 5113ms
2019-09-20 08:46:15,110 [a3bf3c1a-4063-48f8-b1bd-e321780611c4:group-E51569FA75CC:LeaderElection19] INFO  server.RaftServerConfigKeys (ConfUtils.java:logGet(43)) - raft.server.staging.catchup.gap = 1000 (default)
2019-09-20 08:46:15,110 [a3bf3c1a-4063-48f8-b1bd-e321780611c4:group-E51569FA75CC:LeaderElection19] INFO  server.RaftServerConfigKeys (ConfUtils.java:logGet(43)) - raft.server.rpc.sleep.time = 25ms (default)
2019-09-20 08:46:15,111 [a3bf3c1a-4063-48f8-b1bd-e321780611c4:group-E51569FA75CC:LeaderElection19] INFO  server.RaftServerConfigKeys (ConfUtils.java:logGet(43)) - raft.server.write.element-limit = 4096 (default)
2019-09-20 08:46:15,111 [a3bf3c1a-4063-48f8-b1bd-e321780611c4:group-E51569FA75CC:LeaderElection19] INFO  server.RaftServerConfigKeys (ConfUtils.java:logGet(43)) - raft.server.watch.timeout = 10s (default)
2019-09-20 08:46:15,111 [a3bf3c1a-4063-48f8-b1bd-e321780611c4:group-E51569FA75CC:LeaderElection19] INFO  server.RaftServerConfigKeys (ConfUtils.java:logGet(43)) - raft.server.watch.timeout.denomination = 1s (default)
2019-09-20 08:46:15,111 [a3bf3c1a-4063-48f8-b1bd-e321780611c4:group-E51569FA75CC:LeaderElection19] INFO  server.RaftServerConfigKeys (ConfUtils.java:logGet(43)) - raft.server.watch.element-limit = 65536 (default)
2019-09-20 08:46:15,112 [a3bf3c1a-4063-48f8-b1bd-e321780611c4:group-E51569FA75CC:LeaderElection19] INFO  impl.RoleInfo (RoleInfo.java:updateAndGet(143)) - a3bf3c1a-4063-48f8-b1bd-e321780611c4: start LeaderState
2019-09-20 08:46:15,112 [a3bf3c1a-4063-48f8-b1bd-e321780611c4:group-E51569FA75CC:LeaderElection19] INFO  segmented.SegmentedRaftLogWorker (SegmentedRaftLogWorker.java:startLogSegment(380)) - a3bf3c1a-4063-48f8-b1bd-e321780611c4-SegmentedRaftLogWorker:Storage Directory /workdir/hadoop-ozone/ozonefs/target/test-dir/MiniOzoneClusterImpl-da5888fd-c692-4355-82c4-91aa98cbf569/datanode-3/data/ratis/458db07e-2803-4357-81a0-e51569fa75cc: Starting segment from index:0
2019-09-20 08:46:15,113 [a3bf3c1a-4063-48f8-b1bd-e321780611c4:group-E51569FA75CC:LeaderElection19] INFO  impl.RaftServerImpl (ServerState.java:setRaftConf(361)) - a3bf3c1a-4063-48f8-b1bd-e321780611c4:group-E51569FA75CC set configuration 0: [a3bf3c1a-4063-48f8-b1bd-e321780611c4:192.168.36.79:36591], old=null at 0
2019-09-20 08:46:15,142 [a3bf3c1a-4063-48f8-b1bd-e321780611c4-SegmentedRaftLogWorker:Storage Directory /workdir/hadoop-ozone/ozonefs/target/test-dir/MiniOzoneClusterImpl-da5888fd-c692-4355-82c4-91aa98cbf569/datanode-3/data/ratis/30573a8f-ac0d-4ecd-9640-4a435684a73a] INFO  segmented.SegmentedRaftLogWorker (SegmentedRaftLogWorker.java:execute(569)) - a3bf3c1a-4063-48f8-b1bd-e321780611c4-SegmentedRaftLogWorker:Storage Directory /workdir/hadoop-ozone/ozonefs/target/test-dir/MiniOzoneClusterImpl-da5888fd-c692-4355-82c4-91aa98cbf569/datanode-3/data/ratis/30573a8f-ac0d-4ecd-9640-4a435684a73a: created new log segment /workdir/hadoop-ozone/ozonefs/target/test-dir/MiniOzoneClusterImpl-da5888fd-c692-4355-82c4-91aa98cbf569/datanode-3/data/ratis/30573a8f-ac0d-4ecd-9640-4a435684a73a/current/log_inprogress_0
2019-09-20 08:46:15,144 | INFO  | SCMAudit | user=jenkins1000 | ip=192.168.36.79 | op=SEND_HEARTBEAT {datanodeUUID=1e702f59-a831-439b-ba97-9c7e4d303d93, command=[]} | ret=SUCCESS |  
2019-09-20 08:46:15,161 [a3bf3c1a-4063-48f8-b1bd-e321780611c4-SegmentedRaftLogWorker:Storage Directory /workdir/hadoop-ozone/ozonefs/target/test-dir/MiniOzoneClusterImpl-da5888fd-c692-4355-82c4-91aa98cbf569/datanode-3/data/ratis/458db07e-2803-4357-81a0-e51569fa75cc] INFO  segmented.SegmentedRaftLogWorker (SegmentedRaftLogWorker.java:execute(569)) - a3bf3c1a-4063-48f8-b1bd-e321780611c4-SegmentedRaftLogWorker:Storage Directory /workdir/hadoop-ozone/ozonefs/target/test-dir/MiniOzoneClusterImpl-da5888fd-c692-4355-82c4-91aa98cbf569/datanode-3/data/ratis/458db07e-2803-4357-81a0-e51569fa75cc: created new log segment /workdir/hadoop-ozone/ozonefs/target/test-dir/MiniOzoneClusterImpl-da5888fd-c692-4355-82c4-91aa98cbf569/datanode-3/data/ratis/458db07e-2803-4357-81a0-e51569fa75cc/current/log_inprogress_0
2019-09-20 08:46:15,251 [Thread-346] INFO  impl.FollowerState (FollowerState.java:run(106)) - 1e702f59-a831-439b-ba97-9c7e4d303d93:group-FAA3598D0869 changes to CANDIDATE, lastRpcTime:5006, electionTimeout:5006ms
2019-09-20 08:46:15,251 [Thread-346] INFO  impl.RoleInfo (RoleInfo.java:shutdownFollowerState(121)) - 1e702f59-a831-439b-ba97-9c7e4d303d93: shutdown FollowerState
2019-09-20 08:46:15,252 [Thread-346] INFO  impl.RaftServerImpl (RaftServerImpl.java:setRole(171)) - 1e702f59-a831-439b-ba97-9c7e4d303d93:group-FAA3598D0869 changes role from FOLLOWER to CANDIDATE at term 0 for changeToCandidate
2019-09-20 08:46:15,252 [Thread-346] INFO  impl.RoleInfo (RoleInfo.java:updateAndGet(143)) - 1e702f59-a831-439b-ba97-9c7e4d303d93: start LeaderElection
2019-09-20 08:46:15,311 [1e702f59-a831-439b-ba97-9c7e4d303d93:group-FAA3598D0869:LeaderElection20] INFO  impl.LeaderElection (LeaderElection.java:askForVotes(181)) - 1e702f59-a831-439b-ba97-9c7e4d303d93:group-FAA3598D0869:LeaderElection20: begin an election at term 1 for -1: [1e702f59-a831-439b-ba97-9c7e4d303d93:192.168.36.79:42450], old=null
2019-09-20 08:46:15,312 [Thread-343] INFO  impl.FollowerState (FollowerState.java:run(106)) - e997423e-4090-4042-87ee-7419d4cf7365:group-38AE2DC86969 changes to CANDIDATE, lastRpcTime:5175, electionTimeout:5175ms
2019-09-20 08:46:15,312 [1e702f59-a831-439b-ba97-9c7e4d303d93:group-FAA3598D0869:LeaderElection20] INFO  impl.RoleInfo (RoleInfo.java:shutdownLeaderElection(134)) - 1e702f59-a831-439b-ba97-9c7e4d303d93: shutdown LeaderElection
2019-09-20 08:46:15,312 [Thread-343] INFO  impl.RoleInfo (RoleInfo.java:shutdownFollowerState(121)) - e997423e-4090-4042-87ee-7419d4cf7365: shutdown FollowerState
2019-09-20 08:46:15,312 [1e702f59-a831-439b-ba97-9c7e4d303d93:group-FAA3598D0869:LeaderElection20] INFO  impl.RaftServerImpl (RaftServerImpl.java:setRole(171)) - 1e702f59-a831-439b-ba97-9c7e4d303d93:group-FAA3598D0869 changes role from CANDIDATE to LEADER at term 1 for changeToLeader
2019-09-20 08:46:15,312 [Thread-343] INFO  impl.RaftServerImpl (RaftServerImpl.java:setRole(171)) - e997423e-4090-4042-87ee-7419d4cf7365:group-38AE2DC86969 changes role from FOLLOWER to CANDIDATE at term 0 for changeToCandidate
2019-09-20 08:46:15,312 [1e702f59-a831-439b-ba97-9c7e4d303d93:group-FAA3598D0869:LeaderElection20] INFO  impl.RaftServerImpl (ServerState.java:setLeader(263)) - 1e702f59-a831-439b-ba97-9c7e4d303d93:group-FAA3598D0869 change Leader from null to 1e702f59-a831-439b-ba97-9c7e4d303d93 at term 1 for becomeLeader, leader elected after 5072ms
2019-09-20 08:46:15,313 [Thread-343] INFO  impl.RoleInfo (RoleInfo.java:updateAndGet(143)) - e997423e-4090-4042-87ee-7419d4cf7365: start LeaderElection
2019-09-20 08:46:15,313 [1e702f59-a831-439b-ba97-9c7e4d303d93:group-FAA3598D0869:LeaderElection20] INFO  server.RaftServerConfigKeys (ConfUtils.java:logGet(43)) - raft.server.staging.catchup.gap = 1000 (default)
2019-09-20 08:46:15,313 [1e702f59-a831-439b-ba97-9c7e4d303d93:group-FAA3598D0869:LeaderElection20] INFO  server.RaftServerConfigKeys (ConfUtils.java:logGet(43)) - raft.server.rpc.sleep.time = 25ms (default)
2019-09-20 08:46:15,316 [1e702f59-a831-439b-ba97-9c7e4d303d93:group-FAA3598D0869:LeaderElection20] INFO  server.RaftServerConfigKeys (ConfUtils.java:logGet(43)) - raft.server.write.element-limit = 4096 (default)
2019-09-20 08:46:15,316 [1e702f59-a831-439b-ba97-9c7e4d303d93:group-FAA3598D0869:LeaderElection20] INFO  server.RaftServerConfigKeys (ConfUtils.java:logGet(43)) - raft.server.watch.timeout = 10s (default)
2019-09-20 08:46:15,316 [1e702f59-a831-439b-ba97-9c7e4d303d93:group-FAA3598D0869:LeaderElection20] INFO  server.RaftServerConfigKeys (ConfUtils.java:logGet(43)) - raft.server.watch.timeout.denomination = 1s (default)
2019-09-20 08:46:15,317 [1e702f59-a831-439b-ba97-9c7e4d303d93:group-FAA3598D0869:LeaderElection20] INFO  server.RaftServerConfigKeys (ConfUtils.java:logGet(43)) - raft.server.watch.element-limit = 65536 (default)
2019-09-20 08:46:15,317 [1e702f59-a831-439b-ba97-9c7e4d303d93:group-FAA3598D0869:LeaderElection20] INFO  impl.RoleInfo (RoleInfo.java:updateAndGet(143)) - 1e702f59-a831-439b-ba97-9c7e4d303d93: start LeaderState
2019-09-20 08:46:15,317 [1e702f59-a831-439b-ba97-9c7e4d303d93:group-FAA3598D0869:LeaderElection20] INFO  segmented.SegmentedRaftLogWorker (SegmentedRaftLogWorker.java:startLogSegment(380)) - 1e702f59-a831-439b-ba97-9c7e4d303d93-SegmentedRaftLogWorker:Storage Directory /workdir/hadoop-ozone/ozonefs/target/test-dir/MiniOzoneClusterImpl-da5888fd-c692-4355-82c4-91aa98cbf569/datanode-6/data/ratis/14455f25-1fa5-449f-8586-faa3598d0869: Starting segment from index:0
2019-09-20 08:46:15,318 [1e702f59-a831-439b-ba97-9c7e4d303d93:group-FAA3598D0869:LeaderElection20] INFO  impl.RaftServerImpl (ServerState.java:setRaftConf(361)) - 1e702f59-a831-439b-ba97-9c7e4d303d93:group-FAA3598D0869 set configuration 0: [1e702f59-a831-439b-ba97-9c7e4d303d93:192.168.36.79:42450], old=null at 0
2019-09-20 08:46:15,356 [e997423e-4090-4042-87ee-7419d4cf7365:group-38AE2DC86969:LeaderElection21] INFO  impl.LeaderElection (LeaderElection.java:askForVotes(181)) - e997423e-4090-4042-87ee-7419d4cf7365:group-38AE2DC86969:LeaderElection21: begin an election at term 1 for -1: [e997423e-4090-4042-87ee-7419d4cf7365:192.168.36.79:35366], old=null
2019-09-20 08:46:15,356 [Thread-349] INFO  impl.FollowerState (FollowerState.java:run(106)) - 3ea69b51-ea1d-40b9-a82f-433a48a46bff:group-0F0A7E451FA9 changes to CANDIDATE, lastRpcTime:5043, electionTimeout:5040ms
2019-09-20 08:46:15,374 [e997423e-4090-4042-87ee-7419d4cf7365:group-38AE2DC86969:LeaderElection21] INFO  impl.RoleInfo (RoleInfo.java:shutdownLeaderElection(134)) - e997423e-4090-4042-87ee-7419d4cf7365: shutdown LeaderElection
2019-09-20 08:46:15,374 [Thread-349] INFO  impl.RoleInfo (RoleInfo.java:shutdownFollowerState(121)) - 3ea69b51-ea1d-40b9-a82f-433a48a46bff: shutdown FollowerState
2019-09-20 08:46:15,374 [e997423e-4090-4042-87ee-7419d4cf7365:group-38AE2DC86969:LeaderElection21] INFO  impl.RaftServerImpl (RaftServerImpl.java:setRole(171)) - e997423e-4090-4042-87ee-7419d4cf7365:group-38AE2DC86969 changes role from CANDIDATE to LEADER at term 1 for changeToLeader
2019-09-20 08:46:15,374 [Thread-349] INFO  impl.RaftServerImpl (RaftServerImpl.java:setRole(171)) - 3ea69b51-ea1d-40b9-a82f-433a48a46bff:group-0F0A7E451FA9 changes role from FOLLOWER to CANDIDATE at term 0 for changeToCandidate
2019-09-20 08:46:15,375 [e997423e-4090-4042-87ee-7419d4cf7365:group-38AE2DC86969:LeaderElection21] INFO  impl.RaftServerImpl (ServerState.java:setLeader(263)) - e997423e-4090-4042-87ee-7419d4cf7365:group-38AE2DC86969 change Leader from null to e997423e-4090-4042-87ee-7419d4cf7365 at term 1 for becomeLeader, leader elected after 5243ms
2019-09-20 08:46:15,375 [Thread-349] INFO  impl.RoleInfo (RoleInfo.java:updateAndGet(143)) - 3ea69b51-ea1d-40b9-a82f-433a48a46bff: start LeaderElection
2019-09-20 08:46:15,375 [e997423e-4090-4042-87ee-7419d4cf7365:group-38AE2DC86969:LeaderElection21] INFO  server.RaftServerConfigKeys (ConfUtils.java:logGet(43)) - raft.server.staging.catchup.gap = 1000 (default)
2019-09-20 08:46:15,375 | INFO  | SCMAudit | user=jenkins1000 | ip=192.168.36.79 | op=SEND_HEARTBEAT {datanodeUUID=d3d24c2e-887e-42af-9ac0-80e26c3dc807, command=[]} | ret=SUCCESS |  
2019-09-20 08:46:15,375 [e997423e-4090-4042-87ee-7419d4cf7365:group-38AE2DC86969:LeaderElection21] INFO  server.RaftServerConfigKeys (ConfUtils.java:logGet(43)) - raft.server.rpc.sleep.time = 25ms (default)
2019-09-20 08:46:15,376 [e997423e-4090-4042-87ee-7419d4cf7365:group-38AE2DC86969:LeaderElection21] INFO  server.RaftServerConfigKeys (ConfUtils.java:logGet(43)) - raft.server.write.element-limit = 4096 (default)
2019-09-20 08:46:15,379 [1e702f59-a831-439b-ba97-9c7e4d303d93-SegmentedRaftLogWorker:Storage Directory /workdir/hadoop-ozone/ozonefs/target/test-dir/MiniOzoneClusterImpl-da5888fd-c692-4355-82c4-91aa98cbf569/datanode-6/data/ratis/14455f25-1fa5-449f-8586-faa3598d0869] INFO  segmented.SegmentedRaftLogWorker (SegmentedRaftLogWorker.java:execute(569)) - 1e702f59-a831-439b-ba97-9c7e4d303d93-SegmentedRaftLogWorker:Storage Directory /workdir/hadoop-ozone/ozonefs/target/test-dir/MiniOzoneClusterImpl-da5888fd-c692-4355-82c4-91aa98cbf569/datanode-6/data/ratis/14455f25-1fa5-449f-8586-faa3598d0869: created new log segment /workdir/hadoop-ozone/ozonefs/target/test-dir/MiniOzoneClusterImpl-da5888fd-c692-4355-82c4-91aa98cbf569/datanode-6/data/ratis/14455f25-1fa5-449f-8586-faa3598d0869/current/log_inprogress_0
2019-09-20 08:46:15,379 [e997423e-4090-4042-87ee-7419d4cf7365:group-38AE2DC86969:LeaderElection21] INFO  server.RaftServerConfigKeys (ConfUtils.java:logGet(43)) - raft.server.watch.timeout = 10s (default)
2019-09-20 08:46:15,379 [e997423e-4090-4042-87ee-7419d4cf7365:group-38AE2DC86969:LeaderElection21] INFO  server.RaftServerConfigKeys (ConfUtils.java:logGet(43)) - raft.server.watch.timeout.denomination = 1s (default)
2019-09-20 08:46:15,380 [e997423e-4090-4042-87ee-7419d4cf7365:group-38AE2DC86969:LeaderElection21] INFO  server.RaftServerConfigKeys (ConfUtils.java:logGet(43)) - raft.server.watch.element-limit = 65536 (default)
2019-09-20 08:46:15,380 [e997423e-4090-4042-87ee-7419d4cf7365:group-38AE2DC86969:LeaderElection21] INFO  impl.RoleInfo (RoleInfo.java:updateAndGet(143)) - e997423e-4090-4042-87ee-7419d4cf7365: start LeaderState
2019-09-20 08:46:15,380 [e997423e-4090-4042-87ee-7419d4cf7365:group-38AE2DC86969:LeaderElection21] INFO  segmented.SegmentedRaftLogWorker (SegmentedRaftLogWorker.java:startLogSegment(380)) - e997423e-4090-4042-87ee-7419d4cf7365-SegmentedRaftLogWorker:Storage Directory /workdir/hadoop-ozone/ozonefs/target/test-dir/MiniOzoneClusterImpl-da5888fd-c692-4355-82c4-91aa98cbf569/datanode-1/data/ratis/abb5b3aa-71df-462d-8fe0-38ae2dc86969: Starting segment from index:0
2019-09-20 08:46:15,381 [e997423e-4090-4042-87ee-7419d4cf7365:group-38AE2DC86969:LeaderElection21] INFO  impl.RaftServerImpl (ServerState.java:setRaftConf(361)) - e997423e-4090-4042-87ee-7419d4cf7365:group-38AE2DC86969 set configuration 0: [e997423e-4090-4042-87ee-7419d4cf7365:192.168.36.79:35366], old=null at 0
2019-09-20 08:46:15,422 [3ea69b51-ea1d-40b9-a82f-433a48a46bff:group-0F0A7E451FA9:LeaderElection22] INFO  impl.LeaderElection (LeaderElection.java:askForVotes(181)) - 3ea69b51-ea1d-40b9-a82f-433a48a46bff:group-0F0A7E451FA9:LeaderElection22: begin an election at term 1 for -1: [3ea69b51-ea1d-40b9-a82f-433a48a46bff:192.168.36.79:37909], old=null
2019-09-20 08:46:15,422 [3ea69b51-ea1d-40b9-a82f-433a48a46bff:group-0F0A7E451FA9:LeaderElection22] INFO  impl.RoleInfo (RoleInfo.java:shutdownLeaderElection(134)) - 3ea69b51-ea1d-40b9-a82f-433a48a46bff: shutdown LeaderElection
2019-09-20 08:46:15,422 [3ea69b51-ea1d-40b9-a82f-433a48a46bff:group-0F0A7E451FA9:LeaderElection22] INFO  impl.RaftServerImpl (RaftServerImpl.java:setRole(171)) - 3ea69b51-ea1d-40b9-a82f-433a48a46bff:group-0F0A7E451FA9 changes role from CANDIDATE to LEADER at term 1 for changeToLeader
2019-09-20 08:46:15,423 [3ea69b51-ea1d-40b9-a82f-433a48a46bff:group-0F0A7E451FA9:LeaderElection22] INFO  impl.RaftServerImpl (ServerState.java:setLeader(263)) - 3ea69b51-ea1d-40b9-a82f-433a48a46bff:group-0F0A7E451FA9 change Leader from null to 3ea69b51-ea1d-40b9-a82f-433a48a46bff at term 1 for becomeLeader, leader elected after 5115ms
2019-09-20 08:46:15,423 [3ea69b51-ea1d-40b9-a82f-433a48a46bff:group-0F0A7E451FA9:LeaderElection22] INFO  server.RaftServerConfigKeys (ConfUtils.java:logGet(43)) - raft.server.staging.catchup.gap = 1000 (default)
2019-09-20 08:46:15,423 [3ea69b51-ea1d-40b9-a82f-433a48a46bff:group-0F0A7E451FA9:LeaderElection22] INFO  server.RaftServerConfigKeys (ConfUtils.java:logGet(43)) - raft.server.rpc.sleep.time = 25ms (default)
2019-09-20 08:46:15,423 [3ea69b51-ea1d-40b9-a82f-433a48a46bff:group-0F0A7E451FA9:LeaderElection22] INFO  server.RaftServerConfigKeys (ConfUtils.java:logGet(43)) - raft.server.write.element-limit = 4096 (default)
2019-09-20 08:46:15,424 [3ea69b51-ea1d-40b9-a82f-433a48a46bff:group-0F0A7E451FA9:LeaderElection22] INFO  server.RaftServerConfigKeys (ConfUtils.java:logGet(43)) - raft.server.watch.timeout = 10s (default)
2019-09-20 08:46:15,424 [3ea69b51-ea1d-40b9-a82f-433a48a46bff:group-0F0A7E451FA9:LeaderElection22] INFO  server.RaftServerConfigKeys (ConfUtils.java:logGet(43)) - raft.server.watch.timeout.denomination = 1s (default)
2019-09-20 08:46:15,424 [3ea69b51-ea1d-40b9-a82f-433a48a46bff:group-0F0A7E451FA9:LeaderElection22] INFO  server.RaftServerConfigKeys (ConfUtils.java:logGet(43)) - raft.server.watch.element-limit = 65536 (default)
2019-09-20 08:46:15,424 [3ea69b51-ea1d-40b9-a82f-433a48a46bff:group-0F0A7E451FA9:LeaderElection22] INFO  impl.RoleInfo (RoleInfo.java:updateAndGet(143)) - 3ea69b51-ea1d-40b9-a82f-433a48a46bff: start LeaderState
2019-09-20 08:46:15,425 [3ea69b51-ea1d-40b9-a82f-433a48a46bff:group-0F0A7E451FA9:LeaderElection22] INFO  segmented.SegmentedRaftLogWorker (SegmentedRaftLogWorker.java:startLogSegment(380)) - 3ea69b51-ea1d-40b9-a82f-433a48a46bff-SegmentedRaftLogWorker:Storage Directory /workdir/hadoop-ozone/ozonefs/target/test-dir/MiniOzoneClusterImpl-da5888fd-c692-4355-82c4-91aa98cbf569/datanode-0/data/ratis/091c59b4-f1e6-4150-aa3e-0f0a7e451fa9: Starting segment from index:0
2019-09-20 08:46:15,425 [3ea69b51-ea1d-40b9-a82f-433a48a46bff:group-0F0A7E451FA9:LeaderElection22] INFO  impl.RaftServerImpl (ServerState.java:setRaftConf(361)) - 3ea69b51-ea1d-40b9-a82f-433a48a46bff:group-0F0A7E451FA9 set configuration 0: [3ea69b51-ea1d-40b9-a82f-433a48a46bff:192.168.36.79:37909], old=null at 0
2019-09-20 08:46:15,465 [e997423e-4090-4042-87ee-7419d4cf7365-SegmentedRaftLogWorker:Storage Directory /workdir/hadoop-ozone/ozonefs/target/test-dir/MiniOzoneClusterImpl-da5888fd-c692-4355-82c4-91aa98cbf569/datanode-1/data/ratis/abb5b3aa-71df-462d-8fe0-38ae2dc86969] INFO  segmented.SegmentedRaftLogWorker (SegmentedRaftLogWorker.java:execute(569)) - e997423e-4090-4042-87ee-7419d4cf7365-SegmentedRaftLogWorker:Storage Directory /workdir/hadoop-ozone/ozonefs/target/test-dir/MiniOzoneClusterImpl-da5888fd-c692-4355-82c4-91aa98cbf569/datanode-1/data/ratis/abb5b3aa-71df-462d-8fe0-38ae2dc86969: created new log segment /workdir/hadoop-ozone/ozonefs/target/test-dir/MiniOzoneClusterImpl-da5888fd-c692-4355-82c4-91aa98cbf569/datanode-1/data/ratis/abb5b3aa-71df-462d-8fe0-38ae2dc86969/current/log_inprogress_0
2019-09-20 08:46:15,467 | INFO  | SCMAudit | user=jenkins1000 | ip=192.168.36.79 | op=SEND_HEARTBEAT {datanodeUUID=3ea69b51-ea1d-40b9-a82f-433a48a46bff, command=[]} | ret=SUCCESS |  
2019-09-20 08:46:15,488 [3ea69b51-ea1d-40b9-a82f-433a48a46bff-SegmentedRaftLogWorker:Storage Directory /workdir/hadoop-ozone/ozonefs/target/test-dir/MiniOzoneClusterImpl-da5888fd-c692-4355-82c4-91aa98cbf569/datanode-0/data/ratis/091c59b4-f1e6-4150-aa3e-0f0a7e451fa9] INFO  segmented.SegmentedRaftLogWorker (SegmentedRaftLogWorker.java:execute(569)) - 3ea69b51-ea1d-40b9-a82f-433a48a46bff-SegmentedRaftLogWorker:Storage Directory /workdir/hadoop-ozone/ozonefs/target/test-dir/MiniOzoneClusterImpl-da5888fd-c692-4355-82c4-91aa98cbf569/datanode-0/data/ratis/091c59b4-f1e6-4150-aa3e-0f0a7e451fa9: created new log segment /workdir/hadoop-ozone/ozonefs/target/test-dir/MiniOzoneClusterImpl-da5888fd-c692-4355-82c4-91aa98cbf569/datanode-0/data/ratis/091c59b4-f1e6-4150-aa3e-0f0a7e451fa9/current/log_inprogress_0
2019-09-20 08:46:15,500 | INFO  | SCMAudit | user=jenkins1000 | ip=192.168.36.79 | op=SEND_HEARTBEAT {datanodeUUID=1cc75455-5fc2-459e-9e17-b902eb9cc08f, command=[]} | ret=SUCCESS |  
2019-09-20 08:46:15,501 | INFO  | SCMAudit | user=jenkins1000 | ip=192.168.36.79 | op=SEND_HEARTBEAT {datanodeUUID=a3bf3c1a-4063-48f8-b1bd-e321780611c4, command=[]} | ret=SUCCESS |  
2019-09-20 08:46:15,505 [Thread-355] INFO  impl.FollowerState (FollowerState.java:run(106)) - 4eb079c5-a63c-4d36-97af-76873864fc0c:group-CBFA0DE0E68D changes to CANDIDATE, lastRpcTime:5002, electionTimeout:5002ms
2019-09-20 08:46:15,505 [Thread-355] INFO  impl.RoleInfo (RoleInfo.java:shutdownFollowerState(121)) - 4eb079c5-a63c-4d36-97af-76873864fc0c: shutdown FollowerState
2019-09-20 08:46:15,505 [Thread-355] INFO  impl.RaftServerImpl (RaftServerImpl.java:setRole(171)) - 4eb079c5-a63c-4d36-97af-76873864fc0c:group-CBFA0DE0E68D changes role from FOLLOWER to CANDIDATE at term 0 for changeToCandidate
2019-09-20 08:46:15,506 [Thread-355] INFO  impl.RoleInfo (RoleInfo.java:updateAndGet(143)) - 4eb079c5-a63c-4d36-97af-76873864fc0c: start LeaderElection
2019-09-20 08:46:15,530 [4eb079c5-a63c-4d36-97af-76873864fc0c:group-CBFA0DE0E68D:LeaderElection23] INFO  impl.LeaderElection (LeaderElection.java:askForVotes(181)) - 4eb079c5-a63c-4d36-97af-76873864fc0c:group-CBFA0DE0E68D:LeaderElection23: begin an election at term 1 for -1: [4eb079c5-a63c-4d36-97af-76873864fc0c:192.168.36.79:36098], old=null
2019-09-20 08:46:15,530 [4eb079c5-a63c-4d36-97af-76873864fc0c:group-CBFA0DE0E68D:LeaderElection23] INFO  impl.RoleInfo (RoleInfo.java:shutdownLeaderElection(134)) - 4eb079c5-a63c-4d36-97af-76873864fc0c: shutdown LeaderElection
2019-09-20 08:46:15,531 [4eb079c5-a63c-4d36-97af-76873864fc0c:group-CBFA0DE0E68D:LeaderElection23] INFO  impl.RaftServerImpl (RaftServerImpl.java:setRole(171)) - 4eb079c5-a63c-4d36-97af-76873864fc0c:group-CBFA0DE0E68D changes role from CANDIDATE to LEADER at term 1 for changeToLeader
2019-09-20 08:46:15,531 [4eb079c5-a63c-4d36-97af-76873864fc0c:group-CBFA0DE0E68D:LeaderElection23] INFO  impl.RaftServerImpl (ServerState.java:setLeader(263)) - 4eb079c5-a63c-4d36-97af-76873864fc0c:group-CBFA0DE0E68D change Leader from null to 4eb079c5-a63c-4d36-97af-76873864fc0c at term 1 for becomeLeader, leader elected after 5043ms
2019-09-20 08:46:15,531 [4eb079c5-a63c-4d36-97af-76873864fc0c:group-CBFA0DE0E68D:LeaderElection23] INFO  server.RaftServerConfigKeys (ConfUtils.java:logGet(43)) - raft.server.staging.catchup.gap = 1000 (default)
2019-09-20 08:46:15,531 [4eb079c5-a63c-4d36-97af-76873864fc0c:group-CBFA0DE0E68D:LeaderElection23] INFO  server.RaftServerConfigKeys (ConfUtils.java:logGet(43)) - raft.server.rpc.sleep.time = 25ms (default)
2019-09-20 08:46:15,532 [4eb079c5-a63c-4d36-97af-76873864fc0c:group-CBFA0DE0E68D:LeaderElection23] INFO  server.RaftServerConfigKeys (ConfUtils.java:logGet(43)) - raft.server.write.element-limit = 4096 (default)
2019-09-20 08:46:15,532 [4eb079c5-a63c-4d36-97af-76873864fc0c:group-CBFA0DE0E68D:LeaderElection23] INFO  server.RaftServerConfigKeys (ConfUtils.java:logGet(43)) - raft.server.watch.timeout = 10s (default)
2019-09-20 08:46:15,532 [4eb079c5-a63c-4d36-97af-76873864fc0c:group-CBFA0DE0E68D:LeaderElection23] INFO  server.RaftServerConfigKeys (ConfUtils.java:logGet(43)) - raft.server.watch.timeout.denomination = 1s (default)
2019-09-20 08:46:15,532 [4eb079c5-a63c-4d36-97af-76873864fc0c:group-CBFA0DE0E68D:LeaderElection23] INFO  server.RaftServerConfigKeys (ConfUtils.java:logGet(43)) - raft.server.watch.element-limit = 65536 (default)
2019-09-20 08:46:15,533 [4eb079c5-a63c-4d36-97af-76873864fc0c:group-CBFA0DE0E68D:LeaderElection23] INFO  impl.RoleInfo (RoleInfo.java:updateAndGet(143)) - 4eb079c5-a63c-4d36-97af-76873864fc0c: start LeaderState
2019-09-20 08:46:15,533 [4eb079c5-a63c-4d36-97af-76873864fc0c:group-CBFA0DE0E68D:LeaderElection23] INFO  segmented.SegmentedRaftLogWorker (SegmentedRaftLogWorker.java:startLogSegment(380)) - 4eb079c5-a63c-4d36-97af-76873864fc0c-SegmentedRaftLogWorker:Storage Directory /workdir/hadoop-ozone/ozonefs/target/test-dir/MiniOzoneClusterImpl-da5888fd-c692-4355-82c4-91aa98cbf569/datanode-4/data/ratis/036416f8-e1c5-4efb-bd8e-cbfa0de0e68d: Starting segment from index:0
2019-09-20 08:46:15,534 [4eb079c5-a63c-4d36-97af-76873864fc0c:group-CBFA0DE0E68D:LeaderElection23] INFO  impl.RaftServerImpl (ServerState.java:setRaftConf(361)) - 4eb079c5-a63c-4d36-97af-76873864fc0c:group-CBFA0DE0E68D set configuration 0: [4eb079c5-a63c-4d36-97af-76873864fc0c:192.168.36.79:36098], old=null at 0
2019-09-20 08:46:15,568 [Thread-352] INFO  impl.FollowerState (FollowerState.java:run(106)) - e997423e-4090-4042-87ee-7419d4cf7365:group-495054ABD03E changes to CANDIDATE, lastRpcTime:5158, electionTimeout:5141ms
2019-09-20 08:46:15,569 [Thread-352] INFO  impl.RoleInfo (RoleInfo.java:shutdownFollowerState(121)) - e997423e-4090-4042-87ee-7419d4cf7365: shutdown FollowerState
2019-09-20 08:46:15,569 [Thread-352] INFO  impl.RaftServerImpl (RaftServerImpl.java:setRole(171)) - e997423e-4090-4042-87ee-7419d4cf7365:group-495054ABD03E changes role from FOLLOWER to CANDIDATE at term 0 for changeToCandidate
2019-09-20 08:46:15,569 [Thread-352] INFO  impl.RoleInfo (RoleInfo.java:updateAndGet(143)) - e997423e-4090-4042-87ee-7419d4cf7365: start LeaderElection
2019-09-20 08:46:15,573 | INFO  | SCMAudit | user=jenkins1000 | ip=192.168.36.79 | op=SEND_HEARTBEAT {datanodeUUID=735a34e4-c7c4-465a-a71d-fefc6390b8eb, command=[]} | ret=SUCCESS |  
2019-09-20 08:46:15,597 [4eb079c5-a63c-4d36-97af-76873864fc0c-SegmentedRaftLogWorker:Storage Directory /workdir/hadoop-ozone/ozonefs/target/test-dir/MiniOzoneClusterImpl-da5888fd-c692-4355-82c4-91aa98cbf569/datanode-4/data/ratis/036416f8-e1c5-4efb-bd8e-cbfa0de0e68d] INFO  segmented.SegmentedRaftLogWorker (SegmentedRaftLogWorker.java:execute(569)) - 4eb079c5-a63c-4d36-97af-76873864fc0c-SegmentedRaftLogWorker:Storage Directory /workdir/hadoop-ozone/ozonefs/target/test-dir/MiniOzoneClusterImpl-da5888fd-c692-4355-82c4-91aa98cbf569/datanode-4/data/ratis/036416f8-e1c5-4efb-bd8e-cbfa0de0e68d: created new log segment /workdir/hadoop-ozone/ozonefs/target/test-dir/MiniOzoneClusterImpl-da5888fd-c692-4355-82c4-91aa98cbf569/datanode-4/data/ratis/036416f8-e1c5-4efb-bd8e-cbfa0de0e68d/current/log_inprogress_0
2019-09-20 08:46:15,614 [e997423e-4090-4042-87ee-7419d4cf7365:group-495054ABD03E:LeaderElection24] INFO  impl.LeaderElection (LeaderElection.java:askForVotes(181)) - e997423e-4090-4042-87ee-7419d4cf7365:group-495054ABD03E:LeaderElection24: begin an election at term 1 for -1: [e997423e-4090-4042-87ee-7419d4cf7365:192.168.36.79:35366], old=null
2019-09-20 08:46:15,615 [e997423e-4090-4042-87ee-7419d4cf7365:group-495054ABD03E:LeaderElection24] INFO  impl.RoleInfo (RoleInfo.java:shutdownLeaderElection(134)) - e997423e-4090-4042-87ee-7419d4cf7365: shutdown LeaderElection
2019-09-20 08:46:15,615 [e997423e-4090-4042-87ee-7419d4cf7365:group-495054ABD03E:LeaderElection24] INFO  impl.RaftServerImpl (RaftServerImpl.java:setRole(171)) - e997423e-4090-4042-87ee-7419d4cf7365:group-495054ABD03E changes role from CANDIDATE to LEADER at term 1 for changeToLeader
2019-09-20 08:46:15,615 [e997423e-4090-4042-87ee-7419d4cf7365:group-495054ABD03E:LeaderElection24] INFO  impl.RaftServerImpl (ServerState.java:setLeader(263)) - e997423e-4090-4042-87ee-7419d4cf7365:group-495054ABD03E change Leader from null to e997423e-4090-4042-87ee-7419d4cf7365 at term 1 for becomeLeader, leader elected after 5212ms
2019-09-20 08:46:15,615 [e997423e-4090-4042-87ee-7419d4cf7365:group-495054ABD03E:LeaderElection24] INFO  server.RaftServerConfigKeys (ConfUtils.java:logGet(43)) - raft.server.staging.catchup.gap = 1000 (default)
2019-09-20 08:46:15,615 [e997423e-4090-4042-87ee-7419d4cf7365:group-495054ABD03E:LeaderElection24] INFO  server.RaftServerConfigKeys (ConfUtils.java:logGet(43)) - raft.server.rpc.sleep.time = 25ms (default)
2019-09-20 08:46:15,616 [e997423e-4090-4042-87ee-7419d4cf7365:group-495054ABD03E:LeaderElection24] INFO  server.RaftServerConfigKeys (ConfUtils.java:logGet(43)) - raft.server.write.element-limit = 4096 (default)
2019-09-20 08:46:15,616 [e997423e-4090-4042-87ee-7419d4cf7365:group-495054ABD03E:LeaderElection24] INFO  server.RaftServerConfigKeys (ConfUtils.java:logGet(43)) - raft.server.watch.timeout = 10s (default)
2019-09-20 08:46:15,616 [e997423e-4090-4042-87ee-7419d4cf7365:group-495054ABD03E:LeaderElection24] INFO  server.RaftServerConfigKeys (ConfUtils.java:logGet(43)) - raft.server.watch.timeout.denomination = 1s (default)
2019-09-20 08:46:15,616 [e997423e-4090-4042-87ee-7419d4cf7365:group-495054ABD03E:LeaderElection24] INFO  server.RaftServerConfigKeys (ConfUtils.java:logGet(43)) - raft.server.watch.element-limit = 65536 (default)
2019-09-20 08:46:15,617 [e997423e-4090-4042-87ee-7419d4cf7365:group-495054ABD03E:LeaderElection24] INFO  impl.RoleInfo (RoleInfo.java:updateAndGet(143)) - e997423e-4090-4042-87ee-7419d4cf7365: start LeaderState
2019-09-20 08:46:15,617 [e997423e-4090-4042-87ee-7419d4cf7365:group-495054ABD03E:LeaderElection24] INFO  segmented.SegmentedRaftLogWorker (SegmentedRaftLogWorker.java:startLogSegment(380)) - e997423e-4090-4042-87ee-7419d4cf7365-SegmentedRaftLogWorker:Storage Directory /workdir/hadoop-ozone/ozonefs/target/test-dir/MiniOzoneClusterImpl-da5888fd-c692-4355-82c4-91aa98cbf569/datanode-1/data/ratis/7ec72173-172a-4d4b-962a-495054abd03e: Starting segment from index:0
2019-09-20 08:46:15,618 [e997423e-4090-4042-87ee-7419d4cf7365:group-495054ABD03E:LeaderElection24] INFO  impl.RaftServerImpl (ServerState.java:setRaftConf(361)) - e997423e-4090-4042-87ee-7419d4cf7365:group-495054ABD03E set configuration 0: [e997423e-4090-4042-87ee-7419d4cf7365:192.168.36.79:35366], old=null at 0
2019-09-20 08:46:15,689 | INFO  | SCMAudit | user=jenkins1000 | ip=192.168.36.79 | op=SEND_HEARTBEAT {datanodeUUID=4eb079c5-a63c-4d36-97af-76873864fc0c, command=[]} | ret=SUCCESS |  
2019-09-20 08:46:15,698 [e997423e-4090-4042-87ee-7419d4cf7365-SegmentedRaftLogWorker:Storage Directory /workdir/hadoop-ozone/ozonefs/target/test-dir/MiniOzoneClusterImpl-da5888fd-c692-4355-82c4-91aa98cbf569/datanode-1/data/ratis/7ec72173-172a-4d4b-962a-495054abd03e] INFO  segmented.SegmentedRaftLogWorker (SegmentedRaftLogWorker.java:execute(569)) - e997423e-4090-4042-87ee-7419d4cf7365-SegmentedRaftLogWorker:Storage Directory /workdir/hadoop-ozone/ozonefs/target/test-dir/MiniOzoneClusterImpl-da5888fd-c692-4355-82c4-91aa98cbf569/datanode-1/data/ratis/7ec72173-172a-4d4b-962a-495054abd03e: created new log segment /workdir/hadoop-ozone/ozonefs/target/test-dir/MiniOzoneClusterImpl-da5888fd-c692-4355-82c4-91aa98cbf569/datanode-1/data/ratis/7ec72173-172a-4d4b-962a-495054abd03e/current/log_inprogress_0
2019-09-20 08:46:15,736 | INFO  | SCMAudit | user=jenkins1000 | ip=192.168.36.79 | op=SEND_HEARTBEAT {datanodeUUID=e997423e-4090-4042-87ee-7419d4cf7365, command=[]} | ret=SUCCESS |  
2019-09-20 08:46:15,773 [Thread-359] INFO  impl.FollowerState (FollowerState.java:run(106)) - 0d845cc3-b0d9-47c5-b935-74fa0be2c903:group-7FE221FFB5AC changes to CANDIDATE, lastRpcTime:5184, electionTimeout:5184ms
2019-09-20 08:46:15,773 [Thread-359] INFO  impl.RoleInfo (RoleInfo.java:shutdownFollowerState(121)) - 0d845cc3-b0d9-47c5-b935-74fa0be2c903: shutdown FollowerState
2019-09-20 08:46:15,774 [Thread-359] INFO  impl.RaftServerImpl (RaftServerImpl.java:setRole(171)) - 0d845cc3-b0d9-47c5-b935-74fa0be2c903:group-7FE221FFB5AC changes role from FOLLOWER to CANDIDATE at term 0 for changeToCandidate
2019-09-20 08:46:15,774 [Thread-359] INFO  impl.RoleInfo (RoleInfo.java:updateAndGet(143)) - 0d845cc3-b0d9-47c5-b935-74fa0be2c903: start LeaderElection
2019-09-20 08:46:15,807 [0d845cc3-b0d9-47c5-b935-74fa0be2c903:group-7FE221FFB5AC:LeaderElection25] INFO  impl.LeaderElection (LeaderElection.java:askForVotes(181)) - 0d845cc3-b0d9-47c5-b935-74fa0be2c903:group-7FE221FFB5AC:LeaderElection25: begin an election at term 1 for -1: [0d845cc3-b0d9-47c5-b935-74fa0be2c903:192.168.36.79:38257], old=null
2019-09-20 08:46:15,807 [0d845cc3-b0d9-47c5-b935-74fa0be2c903:group-7FE221FFB5AC:LeaderElection25] INFO  impl.RoleInfo (RoleInfo.java:shutdownLeaderElection(134)) - 0d845cc3-b0d9-47c5-b935-74fa0be2c903: shutdown LeaderElection
2019-09-20 08:46:15,807 [0d845cc3-b0d9-47c5-b935-74fa0be2c903:group-7FE221FFB5AC:LeaderElection25] INFO  impl.RaftServerImpl (RaftServerImpl.java:setRole(171)) - 0d845cc3-b0d9-47c5-b935-74fa0be2c903:group-7FE221FFB5AC changes role from CANDIDATE to LEADER at term 1 for changeToLeader
2019-09-20 08:46:15,807 [0d845cc3-b0d9-47c5-b935-74fa0be2c903:group-7FE221FFB5AC:LeaderElection25] INFO  impl.RaftServerImpl (ServerState.java:setLeader(263)) - 0d845cc3-b0d9-47c5-b935-74fa0be2c903:group-7FE221FFB5AC change Leader from null to 0d845cc3-b0d9-47c5-b935-74fa0be2c903 at term 1 for becomeLeader, leader elected after 5223ms
2019-09-20 08:46:15,807 [0d845cc3-b0d9-47c5-b935-74fa0be2c903:group-7FE221FFB5AC:LeaderElection25] INFO  server.RaftServerConfigKeys (ConfUtils.java:logGet(43)) - raft.server.staging.catchup.gap = 1000 (default)
2019-09-20 08:46:15,807 [0d845cc3-b0d9-47c5-b935-74fa0be2c903:group-7FE221FFB5AC:LeaderElection25] INFO  server.RaftServerConfigKeys (ConfUtils.java:logGet(43)) - raft.server.rpc.sleep.time = 25ms (default)
2019-09-20 08:46:15,808 [0d845cc3-b0d9-47c5-b935-74fa0be2c903:group-7FE221FFB5AC:LeaderElection25] INFO  server.RaftServerConfigKeys (ConfUtils.java:logGet(43)) - raft.server.write.element-limit = 4096 (default)
2019-09-20 08:46:15,808 [0d845cc3-b0d9-47c5-b935-74fa0be2c903:group-7FE221FFB5AC:LeaderElection25] INFO  server.RaftServerConfigKeys (ConfUtils.java:logGet(43)) - raft.server.watch.timeout = 10s (default)
2019-09-20 08:46:15,808 [0d845cc3-b0d9-47c5-b935-74fa0be2c903:group-7FE221FFB5AC:LeaderElection25] INFO  server.RaftServerConfigKeys (ConfUtils.java:logGet(43)) - raft.server.watch.timeout.denomination = 1s (default)
2019-09-20 08:46:15,808 [0d845cc3-b0d9-47c5-b935-74fa0be2c903:group-7FE221FFB5AC:LeaderElection25] INFO  server.RaftServerConfigKeys (ConfUtils.java:logGet(43)) - raft.server.watch.element-limit = 65536 (default)
2019-09-20 08:46:15,809 [0d845cc3-b0d9-47c5-b935-74fa0be2c903:group-7FE221FFB5AC:LeaderElection25] INFO  impl.RoleInfo (RoleInfo.java:updateAndGet(143)) - 0d845cc3-b0d9-47c5-b935-74fa0be2c903: start LeaderState
2019-09-20 08:46:15,809 [0d845cc3-b0d9-47c5-b935-74fa0be2c903:group-7FE221FFB5AC:LeaderElection25] INFO  segmented.SegmentedRaftLogWorker (SegmentedRaftLogWorker.java:startLogSegment(380)) - 0d845cc3-b0d9-47c5-b935-74fa0be2c903-SegmentedRaftLogWorker:Storage Directory /workdir/hadoop-ozone/ozonefs/target/test-dir/MiniOzoneClusterImpl-da5888fd-c692-4355-82c4-91aa98cbf569/datanode-5/data/ratis/5ea11423-92fb-420e-afde-7fe221ffb5ac: Starting segment from index:0
2019-09-20 08:46:15,810 [0d845cc3-b0d9-47c5-b935-74fa0be2c903:group-7FE221FFB5AC:LeaderElection25] INFO  impl.RaftServerImpl (ServerState.java:setRaftConf(361)) - 0d845cc3-b0d9-47c5-b935-74fa0be2c903:group-7FE221FFB5AC set configuration 0: [0d845cc3-b0d9-47c5-b935-74fa0be2c903:192.168.36.79:38257], old=null at 0
2019-09-20 08:46:15,850 | INFO  | SCMAudit | user=jenkins1000 | ip=192.168.36.79 | op=SEND_HEARTBEAT {datanodeUUID=3d9fb88f-ef2a-412e-bafc-a0084682cc47, command=[]} | ret=SUCCESS |  
2019-09-20 08:46:15,854 [Thread-363] INFO  impl.FollowerState (FollowerState.java:run(106)) - e997423e-4090-4042-87ee-7419d4cf7365:group-9775DB412483 changes to CANDIDATE, lastRpcTime:5181, electionTimeout:5181ms
2019-09-20 08:46:15,854 [Thread-363] INFO  impl.RoleInfo (RoleInfo.java:shutdownFollowerState(121)) - e997423e-4090-4042-87ee-7419d4cf7365: shutdown FollowerState
2019-09-20 08:46:15,854 [Thread-363] INFO  impl.RaftServerImpl (RaftServerImpl.java:setRole(171)) - e997423e-4090-4042-87ee-7419d4cf7365:group-9775DB412483 changes role from FOLLOWER to CANDIDATE at term 0 for changeToCandidate
2019-09-20 08:46:15,854 [Thread-363] INFO  impl.RoleInfo (RoleInfo.java:updateAndGet(143)) - e997423e-4090-4042-87ee-7419d4cf7365: start LeaderElection
2019-09-20 08:46:15,873 [0d845cc3-b0d9-47c5-b935-74fa0be2c903-SegmentedRaftLogWorker:Storage Directory /workdir/hadoop-ozone/ozonefs/target/test-dir/MiniOzoneClusterImpl-da5888fd-c692-4355-82c4-91aa98cbf569/datanode-5/data/ratis/5ea11423-92fb-420e-afde-7fe221ffb5ac] INFO  segmented.SegmentedRaftLogWorker (SegmentedRaftLogWorker.java:execute(569)) - 0d845cc3-b0d9-47c5-b935-74fa0be2c903-SegmentedRaftLogWorker:Storage Directory /workdir/hadoop-ozone/ozonefs/target/test-dir/MiniOzoneClusterImpl-da5888fd-c692-4355-82c4-91aa98cbf569/datanode-5/data/ratis/5ea11423-92fb-420e-afde-7fe221ffb5ac: created new log segment /workdir/hadoop-ozone/ozonefs/target/test-dir/MiniOzoneClusterImpl-da5888fd-c692-4355-82c4-91aa98cbf569/datanode-5/data/ratis/5ea11423-92fb-420e-afde-7fe221ffb5ac/current/log_inprogress_0
2019-09-20 08:46:15,891 [e997423e-4090-4042-87ee-7419d4cf7365:group-9775DB412483:LeaderElection26] INFO  impl.LeaderElection (LeaderElection.java:askForVotes(181)) - e997423e-4090-4042-87ee-7419d4cf7365:group-9775DB412483:LeaderElection26: begin an election at term 1 for -1: [e997423e-4090-4042-87ee-7419d4cf7365:192.168.36.79:35366], old=null
2019-09-20 08:46:15,891 [e997423e-4090-4042-87ee-7419d4cf7365:group-9775DB412483:LeaderElection26] INFO  impl.RoleInfo (RoleInfo.java:shutdownLeaderElection(134)) - e997423e-4090-4042-87ee-7419d4cf7365: shutdown LeaderElection
2019-09-20 08:46:15,891 [e997423e-4090-4042-87ee-7419d4cf7365:group-9775DB412483:LeaderElection26] INFO  impl.RaftServerImpl (RaftServerImpl.java:setRole(171)) - e997423e-4090-4042-87ee-7419d4cf7365:group-9775DB412483 changes role from CANDIDATE to LEADER at term 1 for changeToLeader
2019-09-20 08:46:15,891 [e997423e-4090-4042-87ee-7419d4cf7365:group-9775DB412483:LeaderElection26] INFO  impl.RaftServerImpl (ServerState.java:setLeader(263)) - e997423e-4090-4042-87ee-7419d4cf7365:group-9775DB412483 change Leader from null to e997423e-4090-4042-87ee-7419d4cf7365 at term 1 for becomeLeader, leader elected after 5223ms
2019-09-20 08:46:15,891 [e997423e-4090-4042-87ee-7419d4cf7365:group-9775DB412483:LeaderElection26] INFO  server.RaftServerConfigKeys (ConfUtils.java:logGet(43)) - raft.server.staging.catchup.gap = 1000 (default)
2019-09-20 08:46:15,891 [e997423e-4090-4042-87ee-7419d4cf7365:group-9775DB412483:LeaderElection26] INFO  server.RaftServerConfigKeys (ConfUtils.java:logGet(43)) - raft.server.rpc.sleep.time = 25ms (default)
2019-09-20 08:46:15,892 [e997423e-4090-4042-87ee-7419d4cf7365:group-9775DB412483:LeaderElection26] INFO  server.RaftServerConfigKeys (ConfUtils.java:logGet(43)) - raft.server.write.element-limit = 4096 (default)
2019-09-20 08:46:15,892 [e997423e-4090-4042-87ee-7419d4cf7365:group-9775DB412483:LeaderElection26] INFO  server.RaftServerConfigKeys (ConfUtils.java:logGet(43)) - raft.server.watch.timeout = 10s (default)
2019-09-20 08:46:15,892 [e997423e-4090-4042-87ee-7419d4cf7365:group-9775DB412483:LeaderElection26] INFO  server.RaftServerConfigKeys (ConfUtils.java:logGet(43)) - raft.server.watch.timeout.denomination = 1s (default)
2019-09-20 08:46:15,892 [e997423e-4090-4042-87ee-7419d4cf7365:group-9775DB412483:LeaderElection26] INFO  server.RaftServerConfigKeys (ConfUtils.java:logGet(43)) - raft.server.watch.element-limit = 65536 (default)
2019-09-20 08:46:15,893 [e997423e-4090-4042-87ee-7419d4cf7365:group-9775DB412483:LeaderElection26] INFO  impl.RoleInfo (RoleInfo.java:updateAndGet(143)) - e997423e-4090-4042-87ee-7419d4cf7365: start LeaderState
2019-09-20 08:46:15,893 [e997423e-4090-4042-87ee-7419d4cf7365:group-9775DB412483:LeaderElection26] INFO  segmented.SegmentedRaftLogWorker (SegmentedRaftLogWorker.java:startLogSegment(380)) - e997423e-4090-4042-87ee-7419d4cf7365-SegmentedRaftLogWorker:Storage Directory /workdir/hadoop-ozone/ozonefs/target/test-dir/MiniOzoneClusterImpl-da5888fd-c692-4355-82c4-91aa98cbf569/datanode-1/data/ratis/373de93b-9dc0-4f97-ac36-9775db412483: Starting segment from index:0
2019-09-20 08:46:15,893 [e997423e-4090-4042-87ee-7419d4cf7365:group-9775DB412483:LeaderElection26] INFO  impl.RaftServerImpl (ServerState.java:setRaftConf(361)) - e997423e-4090-4042-87ee-7419d4cf7365:group-9775DB412483 set configuration 0: [e997423e-4090-4042-87ee-7419d4cf7365:192.168.36.79:35366], old=null at 0
2019-09-20 08:46:15,939 | INFO  | SCMAudit | user=jenkins1000 | ip=192.168.36.79 | op=SEND_HEARTBEAT {datanodeUUID=0d845cc3-b0d9-47c5-b935-74fa0be2c903, command=[]} | ret=SUCCESS |  
2019-09-20 08:46:15,967 [Thread-366] INFO  impl.FollowerState (FollowerState.java:run(106)) - 1cc75455-5fc2-459e-9e17-b902eb9cc08f:group-B06F11741F73 changes to CANDIDATE, lastRpcTime:5200, electionTimeout:5200ms
2019-09-20 08:46:15,967 [Thread-366] INFO  impl.RoleInfo (RoleInfo.java:shutdownFollowerState(121)) - 1cc75455-5fc2-459e-9e17-b902eb9cc08f: shutdown FollowerState
2019-09-20 08:46:15,967 [Thread-366] INFO  impl.RaftServerImpl (RaftServerImpl.java:setRole(171)) - 1cc75455-5fc2-459e-9e17-b902eb9cc08f:group-B06F11741F73 changes role from FOLLOWER to CANDIDATE at term 0 for changeToCandidate
2019-09-20 08:46:15,967 [Thread-366] INFO  impl.RoleInfo (RoleInfo.java:updateAndGet(143)) - 1cc75455-5fc2-459e-9e17-b902eb9cc08f: start LeaderElection
2019-09-20 08:46:15,974 [e997423e-4090-4042-87ee-7419d4cf7365-SegmentedRaftLogWorker:Storage Directory /workdir/hadoop-ozone/ozonefs/target/test-dir/MiniOzoneClusterImpl-da5888fd-c692-4355-82c4-91aa98cbf569/datanode-1/data/ratis/373de93b-9dc0-4f97-ac36-9775db412483] INFO  segmented.SegmentedRaftLogWorker (SegmentedRaftLogWorker.java:execute(569)) - e997423e-4090-4042-87ee-7419d4cf7365-SegmentedRaftLogWorker:Storage Directory /workdir/hadoop-ozone/ozonefs/target/test-dir/MiniOzoneClusterImpl-da5888fd-c692-4355-82c4-91aa98cbf569/datanode-1/data/ratis/373de93b-9dc0-4f97-ac36-9775db412483: created new log segment /workdir/hadoop-ozone/ozonefs/target/test-dir/MiniOzoneClusterImpl-da5888fd-c692-4355-82c4-91aa98cbf569/datanode-1/data/ratis/373de93b-9dc0-4f97-ac36-9775db412483/current/log_inprogress_0
2019-09-20 08:46:15,991 [1cc75455-5fc2-459e-9e17-b902eb9cc08f:group-B06F11741F73:LeaderElection27] INFO  impl.LeaderElection (LeaderElection.java:askForVotes(181)) - 1cc75455-5fc2-459e-9e17-b902eb9cc08f:group-B06F11741F73:LeaderElection27: begin an election at term 1 for -1: [1cc75455-5fc2-459e-9e17-b902eb9cc08f:192.168.36.79:35300], old=null
2019-09-20 08:46:15,991 [1cc75455-5fc2-459e-9e17-b902eb9cc08f:group-B06F11741F73:LeaderElection27] INFO  impl.RoleInfo (RoleInfo.java:shutdownLeaderElection(134)) - 1cc75455-5fc2-459e-9e17-b902eb9cc08f: shutdown LeaderElection
2019-09-20 08:46:15,992 [1cc75455-5fc2-459e-9e17-b902eb9cc08f:group-B06F11741F73:LeaderElection27] INFO  impl.RaftServerImpl (RaftServerImpl.java:setRole(171)) - 1cc75455-5fc2-459e-9e17-b902eb9cc08f:group-B06F11741F73 changes role from CANDIDATE to LEADER at term 1 for changeToLeader
2019-09-20 08:46:15,992 [1cc75455-5fc2-459e-9e17-b902eb9cc08f:group-B06F11741F73:LeaderElection27] INFO  impl.RaftServerImpl (ServerState.java:setLeader(263)) - 1cc75455-5fc2-459e-9e17-b902eb9cc08f:group-B06F11741F73 change Leader from null to 1cc75455-5fc2-459e-9e17-b902eb9cc08f at term 1 for becomeLeader, leader elected after 5230ms
2019-09-20 08:46:15,992 [1cc75455-5fc2-459e-9e17-b902eb9cc08f:group-B06F11741F73:LeaderElection27] INFO  server.RaftServerConfigKeys (ConfUtils.java:logGet(43)) - raft.server.staging.catchup.gap = 1000 (default)
2019-09-20 08:46:15,993 [1cc75455-5fc2-459e-9e17-b902eb9cc08f:group-B06F11741F73:LeaderElection27] INFO  server.RaftServerConfigKeys (ConfUtils.java:logGet(43)) - raft.server.rpc.sleep.time = 25ms (default)
2019-09-20 08:46:15,993 [1cc75455-5fc2-459e-9e17-b902eb9cc08f:group-B06F11741F73:LeaderElection27] INFO  server.RaftServerConfigKeys (ConfUtils.java:logGet(43)) - raft.server.write.element-limit = 4096 (default)
2019-09-20 08:46:15,993 [1cc75455-5fc2-459e-9e17-b902eb9cc08f:group-B06F11741F73:LeaderElection27] INFO  server.RaftServerConfigKeys (ConfUtils.java:logGet(43)) - raft.server.watch.timeout = 10s (default)
2019-09-20 08:46:15,993 [1cc75455-5fc2-459e-9e17-b902eb9cc08f:group-B06F11741F73:LeaderElection27] INFO  server.RaftServerConfigKeys (ConfUtils.java:logGet(43)) - raft.server.watch.timeout.denomination = 1s (default)
2019-09-20 08:46:15,993 [1cc75455-5fc2-459e-9e17-b902eb9cc08f:group-B06F11741F73:LeaderElection27] INFO  server.RaftServerConfigKeys (ConfUtils.java:logGet(43)) - raft.server.watch.element-limit = 65536 (default)
2019-09-20 08:46:15,994 [1cc75455-5fc2-459e-9e17-b902eb9cc08f:group-B06F11741F73:LeaderElection27] INFO  impl.RoleInfo (RoleInfo.java:updateAndGet(143)) - 1cc75455-5fc2-459e-9e17-b902eb9cc08f: start LeaderState
2019-09-20 08:46:15,994 [1cc75455-5fc2-459e-9e17-b902eb9cc08f:group-B06F11741F73:LeaderElection27] INFO  segmented.SegmentedRaftLogWorker (SegmentedRaftLogWorker.java:startLogSegment(380)) - 1cc75455-5fc2-459e-9e17-b902eb9cc08f-SegmentedRaftLogWorker:Storage Directory /workdir/hadoop-ozone/ozonefs/target/test-dir/MiniOzoneClusterImpl-da5888fd-c692-4355-82c4-91aa98cbf569/datanode-2/data/ratis/57c6427a-3dd0-4aea-a697-b06f11741f73: Starting segment from index:0
2019-09-20 08:46:15,995 [1cc75455-5fc2-459e-9e17-b902eb9cc08f:group-B06F11741F73:LeaderElection27] INFO  impl.RaftServerImpl (ServerState.java:setRaftConf(361)) - 1cc75455-5fc2-459e-9e17-b902eb9cc08f:group-B06F11741F73 set configuration 0: [1cc75455-5fc2-459e-9e17-b902eb9cc08f:192.168.36.79:35300], old=null at 0
2019-09-20 08:46:16,037 [Thread-369] INFO  impl.FollowerState (FollowerState.java:run(106)) - 1cc75455-5fc2-459e-9e17-b902eb9cc08f:group-9F260B261346 changes to CANDIDATE, lastRpcTime:5155, electionTimeout:5121ms
2019-09-20 08:46:16,037 [Thread-369] INFO  impl.RoleInfo (RoleInfo.java:shutdownFollowerState(121)) - 1cc75455-5fc2-459e-9e17-b902eb9cc08f: shutdown FollowerState
2019-09-20 08:46:16,038 [Thread-369] INFO  impl.RaftServerImpl (RaftServerImpl.java:setRole(171)) - 1cc75455-5fc2-459e-9e17-b902eb9cc08f:group-9F260B261346 changes role from FOLLOWER to CANDIDATE at term 0 for changeToCandidate
2019-09-20 08:46:16,038 [Thread-369] INFO  impl.RoleInfo (RoleInfo.java:updateAndGet(143)) - 1cc75455-5fc2-459e-9e17-b902eb9cc08f: start LeaderElection
2019-09-20 08:46:16,058 [1cc75455-5fc2-459e-9e17-b902eb9cc08f-SegmentedRaftLogWorker:Storage Directory /workdir/hadoop-ozone/ozonefs/target/test-dir/MiniOzoneClusterImpl-da5888fd-c692-4355-82c4-91aa98cbf569/datanode-2/data/ratis/57c6427a-3dd0-4aea-a697-b06f11741f73] INFO  segmented.SegmentedRaftLogWorker (SegmentedRaftLogWorker.java:execute(569)) - 1cc75455-5fc2-459e-9e17-b902eb9cc08f-SegmentedRaftLogWorker:Storage Directory /workdir/hadoop-ozone/ozonefs/target/test-dir/MiniOzoneClusterImpl-da5888fd-c692-4355-82c4-91aa98cbf569/datanode-2/data/ratis/57c6427a-3dd0-4aea-a697-b06f11741f73: created new log segment /workdir/hadoop-ozone/ozonefs/target/test-dir/MiniOzoneClusterImpl-da5888fd-c692-4355-82c4-91aa98cbf569/datanode-2/data/ratis/57c6427a-3dd0-4aea-a697-b06f11741f73/current/log_inprogress_0
2019-09-20 08:46:16,075 [1cc75455-5fc2-459e-9e17-b902eb9cc08f:group-9F260B261346:LeaderElection28] INFO  impl.LeaderElection (LeaderElection.java:askForVotes(181)) - 1cc75455-5fc2-459e-9e17-b902eb9cc08f:group-9F260B261346:LeaderElection28: begin an election at term 1 for -1: [1cc75455-5fc2-459e-9e17-b902eb9cc08f:192.168.36.79:35300], old=null
2019-09-20 08:46:16,075 [1cc75455-5fc2-459e-9e17-b902eb9cc08f:group-9F260B261346:LeaderElection28] INFO  impl.RoleInfo (RoleInfo.java:shutdownLeaderElection(134)) - 1cc75455-5fc2-459e-9e17-b902eb9cc08f: shutdown LeaderElection
2019-09-20 08:46:16,076 [1cc75455-5fc2-459e-9e17-b902eb9cc08f:group-9F260B261346:LeaderElection28] INFO  impl.RaftServerImpl (RaftServerImpl.java:setRole(171)) - 1cc75455-5fc2-459e-9e17-b902eb9cc08f:group-9F260B261346 changes role from CANDIDATE to LEADER at term 1 for changeToLeader
2019-09-20 08:46:16,076 [1cc75455-5fc2-459e-9e17-b902eb9cc08f:group-9F260B261346:LeaderElection28] INFO  impl.RaftServerImpl (ServerState.java:setLeader(263)) - 1cc75455-5fc2-459e-9e17-b902eb9cc08f:group-9F260B261346 change Leader from null to 1cc75455-5fc2-459e-9e17-b902eb9cc08f at term 1 for becomeLeader, leader elected after 5197ms
2019-09-20 08:46:16,076 [1cc75455-5fc2-459e-9e17-b902eb9cc08f:group-9F260B261346:LeaderElection28] INFO  server.RaftServerConfigKeys (ConfUtils.java:logGet(43)) - raft.server.staging.catchup.gap = 1000 (default)
2019-09-20 08:46:16,076 [1cc75455-5fc2-459e-9e17-b902eb9cc08f:group-9F260B261346:LeaderElection28] INFO  server.RaftServerConfigKeys (ConfUtils.java:logGet(43)) - raft.server.rpc.sleep.time = 25ms (default)
2019-09-20 08:46:16,077 [1cc75455-5fc2-459e-9e17-b902eb9cc08f:group-9F260B261346:LeaderElection28] INFO  server.RaftServerConfigKeys (ConfUtils.java:logGet(43)) - raft.server.write.element-limit = 4096 (default)
2019-09-20 08:46:16,077 [1cc75455-5fc2-459e-9e17-b902eb9cc08f:group-9F260B261346:LeaderElection28] INFO  server.RaftServerConfigKeys (ConfUtils.java:logGet(43)) - raft.server.watch.timeout = 10s (default)
2019-09-20 08:46:16,077 [1cc75455-5fc2-459e-9e17-b902eb9cc08f:group-9F260B261346:LeaderElection28] INFO  server.RaftServerConfigKeys (ConfUtils.java:logGet(43)) - raft.server.watch.timeout.denomination = 1s (default)
2019-09-20 08:46:16,077 [1cc75455-5fc2-459e-9e17-b902eb9cc08f:group-9F260B261346:LeaderElection28] INFO  server.RaftServerConfigKeys (ConfUtils.java:logGet(43)) - raft.server.watch.element-limit = 65536 (default)
2019-09-20 08:46:16,078 [1cc75455-5fc2-459e-9e17-b902eb9cc08f:group-9F260B261346:LeaderElection28] INFO  impl.RoleInfo (RoleInfo.java:updateAndGet(143)) - 1cc75455-5fc2-459e-9e17-b902eb9cc08f: start LeaderState
2019-09-20 08:46:16,078 [1cc75455-5fc2-459e-9e17-b902eb9cc08f:group-9F260B261346:LeaderElection28] INFO  segmented.SegmentedRaftLogWorker (SegmentedRaftLogWorker.java:startLogSegment(380)) - 1cc75455-5fc2-459e-9e17-b902eb9cc08f-SegmentedRaftLogWorker:Storage Directory /workdir/hadoop-ozone/ozonefs/target/test-dir/MiniOzoneClusterImpl-da5888fd-c692-4355-82c4-91aa98cbf569/datanode-2/data/ratis/8cf486b9-672c-4f4b-9daa-9f260b261346: Starting segment from index:0
2019-09-20 08:46:16,079 [1cc75455-5fc2-459e-9e17-b902eb9cc08f:group-9F260B261346:LeaderElection28] INFO  impl.RaftServerImpl (ServerState.java:setRaftConf(361)) - 1cc75455-5fc2-459e-9e17-b902eb9cc08f:group-9F260B261346 set configuration 0: [1cc75455-5fc2-459e-9e17-b902eb9cc08f:192.168.36.79:35300], old=null at 0
2019-09-20 08:46:16,119 [Thread-372] INFO  impl.FollowerState (FollowerState.java:run(106)) - 4eb079c5-a63c-4d36-97af-76873864fc0c:group-80EC9F1620ED changes to CANDIDATE, lastRpcTime:5161, electionTimeout:5128ms
2019-09-20 08:46:16,119 [Thread-372] INFO  impl.RoleInfo (RoleInfo.java:shutdownFollowerState(121)) - 4eb079c5-a63c-4d36-97af-76873864fc0c: shutdown FollowerState
2019-09-20 08:46:16,119 [Thread-372] INFO  impl.RaftServerImpl (RaftServerImpl.java:setRole(171)) - 4eb079c5-a63c-4d36-97af-76873864fc0c:group-80EC9F1620ED changes role from FOLLOWER to CANDIDATE at term 0 for changeToCandidate
2019-09-20 08:46:16,119 [Thread-372] INFO  impl.RoleInfo (RoleInfo.java:updateAndGet(143)) - 4eb079c5-a63c-4d36-97af-76873864fc0c: start LeaderElection
2019-09-20 08:46:16,131 [Thread-378] INFO  impl.FollowerState (FollowerState.java:run(106)) - a3bf3c1a-4063-48f8-b1bd-e321780611c4:group-15EB2C36B4CC changes to CANDIDATE, lastRpcTime:5003, electionTimeout:5003ms
2019-09-20 08:46:16,131 [Thread-378] INFO  impl.RoleInfo (RoleInfo.java:shutdownFollowerState(121)) - a3bf3c1a-4063-48f8-b1bd-e321780611c4: shutdown FollowerState
2019-09-20 08:46:16,131 [Thread-378] INFO  impl.RaftServerImpl (RaftServerImpl.java:setRole(171)) - a3bf3c1a-4063-48f8-b1bd-e321780611c4:group-15EB2C36B4CC changes role from FOLLOWER to CANDIDATE at term 0 for changeToCandidate
2019-09-20 08:46:16,131 [Thread-378] INFO  impl.RoleInfo (RoleInfo.java:updateAndGet(143)) - a3bf3c1a-4063-48f8-b1bd-e321780611c4: start LeaderElection
2019-09-20 08:46:16,145 | INFO  | SCMAudit | user=jenkins1000 | ip=192.168.36.79 | op=SEND_HEARTBEAT {datanodeUUID=1e702f59-a831-439b-ba97-9c7e4d303d93, command=[]} | ret=SUCCESS |  
2019-09-20 08:46:16,167 [1cc75455-5fc2-459e-9e17-b902eb9cc08f-SegmentedRaftLogWorker:Storage Directory /workdir/hadoop-ozone/ozonefs/target/test-dir/MiniOzoneClusterImpl-da5888fd-c692-4355-82c4-91aa98cbf569/datanode-2/data/ratis/8cf486b9-672c-4f4b-9daa-9f260b261346] INFO  segmented.SegmentedRaftLogWorker (SegmentedRaftLogWorker.java:execute(569)) - 1cc75455-5fc2-459e-9e17-b902eb9cc08f-SegmentedRaftLogWorker:Storage Directory /workdir/hadoop-ozone/ozonefs/target/test-dir/MiniOzoneClusterImpl-da5888fd-c692-4355-82c4-91aa98cbf569/datanode-2/data/ratis/8cf486b9-672c-4f4b-9daa-9f260b261346: created new log segment /workdir/hadoop-ozone/ozonefs/target/test-dir/MiniOzoneClusterImpl-da5888fd-c692-4355-82c4-91aa98cbf569/datanode-2/data/ratis/8cf486b9-672c-4f4b-9daa-9f260b261346/current/log_inprogress_0
2019-09-20 08:46:16,167 [a3bf3c1a-4063-48f8-b1bd-e321780611c4:group-15EB2C36B4CC:LeaderElection30] INFO  impl.LeaderElection (LeaderElection.java:askForVotes(181)) - a3bf3c1a-4063-48f8-b1bd-e321780611c4:group-15EB2C36B4CC:LeaderElection30: begin an election at term 1 for -1: [a3bf3c1a-4063-48f8-b1bd-e321780611c4:192.168.36.79:36591], old=null
2019-09-20 08:46:16,168 [4eb079c5-a63c-4d36-97af-76873864fc0c:group-80EC9F1620ED:LeaderElection29] INFO  impl.LeaderElection (LeaderElection.java:askForVotes(181)) - 4eb079c5-a63c-4d36-97af-76873864fc0c:group-80EC9F1620ED:LeaderElection29: begin an election at term 1 for -1: [4eb079c5-a63c-4d36-97af-76873864fc0c:192.168.36.79:36098], old=null
2019-09-20 08:46:16,168 [a3bf3c1a-4063-48f8-b1bd-e321780611c4:group-15EB2C36B4CC:LeaderElection30] INFO  impl.RoleInfo (RoleInfo.java:shutdownLeaderElection(134)) - a3bf3c1a-4063-48f8-b1bd-e321780611c4: shutdown LeaderElection
2019-09-20 08:46:16,168 [a3bf3c1a-4063-48f8-b1bd-e321780611c4:group-15EB2C36B4CC:LeaderElection30] INFO  impl.RaftServerImpl (RaftServerImpl.java:setRole(171)) - a3bf3c1a-4063-48f8-b1bd-e321780611c4:group-15EB2C36B4CC changes role from CANDIDATE to LEADER at term 1 for changeToLeader
2019-09-20 08:46:16,168 [4eb079c5-a63c-4d36-97af-76873864fc0c:group-80EC9F1620ED:LeaderElection29] INFO  impl.RoleInfo (RoleInfo.java:shutdownLeaderElection(134)) - 4eb079c5-a63c-4d36-97af-76873864fc0c: shutdown LeaderElection
2019-09-20 08:46:16,168 [a3bf3c1a-4063-48f8-b1bd-e321780611c4:group-15EB2C36B4CC:LeaderElection30] INFO  impl.RaftServerImpl (ServerState.java:setLeader(263)) - a3bf3c1a-4063-48f8-b1bd-e321780611c4:group-15EB2C36B4CC change Leader from null to a3bf3c1a-4063-48f8-b1bd-e321780611c4 at term 1 for becomeLeader, leader elected after 5044ms
2019-09-20 08:46:16,168 [4eb079c5-a63c-4d36-97af-76873864fc0c:group-80EC9F1620ED:LeaderElection29] INFO  impl.RaftServerImpl (RaftServerImpl.java:setRole(171)) - 4eb079c5-a63c-4d36-97af-76873864fc0c:group-80EC9F1620ED changes role from CANDIDATE to LEADER at term 1 for changeToLeader
2019-09-20 08:46:16,169 [a3bf3c1a-4063-48f8-b1bd-e321780611c4:group-15EB2C36B4CC:LeaderElection30] INFO  server.RaftServerConfigKeys (ConfUtils.java:logGet(43)) - raft.server.staging.catchup.gap = 1000 (default)
2019-09-20 08:46:16,169 [4eb079c5-a63c-4d36-97af-76873864fc0c:group-80EC9F1620ED:LeaderElection29] INFO  impl.RaftServerImpl (ServerState.java:setLeader(263)) - 4eb079c5-a63c-4d36-97af-76873864fc0c:group-80EC9F1620ED change Leader from null to 4eb079c5-a63c-4d36-97af-76873864fc0c at term 1 for becomeLeader, leader elected after 5214ms
2019-09-20 08:46:16,169 [a3bf3c1a-4063-48f8-b1bd-e321780611c4:group-15EB2C36B4CC:LeaderElection30] INFO  server.RaftServerConfigKeys (ConfUtils.java:logGet(43)) - raft.server.rpc.sleep.time = 25ms (default)
2019-09-20 08:46:16,169 [4eb079c5-a63c-4d36-97af-76873864fc0c:group-80EC9F1620ED:LeaderElection29] INFO  server.RaftServerConfigKeys (ConfUtils.java:logGet(43)) - raft.server.staging.catchup.gap = 1000 (default)
2019-09-20 08:46:16,169 [a3bf3c1a-4063-48f8-b1bd-e321780611c4:group-15EB2C36B4CC:LeaderElection30] INFO  server.RaftServerConfigKeys (ConfUtils.java:logGet(43)) - raft.server.write.element-limit = 4096 (default)
2019-09-20 08:46:16,169 [4eb079c5-a63c-4d36-97af-76873864fc0c:group-80EC9F1620ED:LeaderElection29] INFO  server.RaftServerConfigKeys (ConfUtils.java:logGet(43)) - raft.server.rpc.sleep.time = 25ms (default)
2019-09-20 08:46:16,170 [a3bf3c1a-4063-48f8-b1bd-e321780611c4:group-15EB2C36B4CC:LeaderElection30] INFO  server.RaftServerConfigKeys (ConfUtils.java:logGet(43)) - raft.server.watch.timeout = 10s (default)
2019-09-20 08:46:16,170 [4eb079c5-a63c-4d36-97af-76873864fc0c:group-80EC9F1620ED:LeaderElection29] INFO  server.RaftServerConfigKeys (ConfUtils.java:logGet(43)) - raft.server.write.element-limit = 4096 (default)
2019-09-20 08:46:16,170 [a3bf3c1a-4063-48f8-b1bd-e321780611c4:group-15EB2C36B4CC:LeaderElection30] INFO  server.RaftServerConfigKeys (ConfUtils.java:logGet(43)) - raft.server.watch.timeout.denomination = 1s (default)
2019-09-20 08:46:16,170 [4eb079c5-a63c-4d36-97af-76873864fc0c:group-80EC9F1620ED:LeaderElection29] INFO  server.RaftServerConfigKeys (ConfUtils.java:logGet(43)) - raft.server.watch.timeout = 10s (default)
2019-09-20 08:46:16,170 [a3bf3c1a-4063-48f8-b1bd-e321780611c4:group-15EB2C36B4CC:LeaderElection30] INFO  server.RaftServerConfigKeys (ConfUtils.java:logGet(43)) - raft.server.watch.element-limit = 65536 (default)
2019-09-20 08:46:16,170 [4eb079c5-a63c-4d36-97af-76873864fc0c:group-80EC9F1620ED:LeaderElection29] INFO  server.RaftServerConfigKeys (ConfUtils.java:logGet(43)) - raft.server.watch.timeout.denomination = 1s (default)
2019-09-20 08:46:16,171 [a3bf3c1a-4063-48f8-b1bd-e321780611c4:group-15EB2C36B4CC:LeaderElection30] INFO  impl.RoleInfo (RoleInfo.java:updateAndGet(143)) - a3bf3c1a-4063-48f8-b1bd-e321780611c4: start LeaderState
2019-09-20 08:46:16,171 [4eb079c5-a63c-4d36-97af-76873864fc0c:group-80EC9F1620ED:LeaderElection29] INFO  server.RaftServerConfigKeys (ConfUtils.java:logGet(43)) - raft.server.watch.element-limit = 65536 (default)
2019-09-20 08:46:16,171 [a3bf3c1a-4063-48f8-b1bd-e321780611c4:group-15EB2C36B4CC:LeaderElection30] INFO  segmented.SegmentedRaftLogWorker (SegmentedRaftLogWorker.java:startLogSegment(380)) - a3bf3c1a-4063-48f8-b1bd-e321780611c4-SegmentedRaftLogWorker:Storage Directory /workdir/hadoop-ozone/ozonefs/target/test-dir/MiniOzoneClusterImpl-da5888fd-c692-4355-82c4-91aa98cbf569/datanode-3/data/ratis/a3163dd6-726e-431e-9ea0-15eb2c36b4cc: Starting segment from index:0
2019-09-20 08:46:16,171 [4eb079c5-a63c-4d36-97af-76873864fc0c:group-80EC9F1620ED:LeaderElection29] INFO  impl.RoleInfo (RoleInfo.java:updateAndGet(143)) - 4eb079c5-a63c-4d36-97af-76873864fc0c: start LeaderState
2019-09-20 08:46:16,172 [4eb079c5-a63c-4d36-97af-76873864fc0c:group-80EC9F1620ED:LeaderElection29] INFO  segmented.SegmentedRaftLogWorker (SegmentedRaftLogWorker.java:startLogSegment(380)) - 4eb079c5-a63c-4d36-97af-76873864fc0c-SegmentedRaftLogWorker:Storage Directory /workdir/hadoop-ozone/ozonefs/target/test-dir/MiniOzoneClusterImpl-da5888fd-c692-4355-82c4-91aa98cbf569/datanode-4/data/ratis/c99d7d8c-de2e-4560-aaa3-80ec9f1620ed: Starting segment from index:0
2019-09-20 08:46:16,172 [a3bf3c1a-4063-48f8-b1bd-e321780611c4:group-15EB2C36B4CC:LeaderElection30] INFO  impl.RaftServerImpl (ServerState.java:setRaftConf(361)) - a3bf3c1a-4063-48f8-b1bd-e321780611c4:group-15EB2C36B4CC set configuration 0: [a3bf3c1a-4063-48f8-b1bd-e321780611c4:192.168.36.79:36591], old=null at 0
2019-09-20 08:46:16,213 [4eb079c5-a63c-4d36-97af-76873864fc0c:group-80EC9F1620ED:LeaderElection29] INFO  impl.RaftServerImpl (ServerState.java:setRaftConf(361)) - 4eb079c5-a63c-4d36-97af-76873864fc0c:group-80EC9F1620ED set configuration 0: [4eb079c5-a63c-4d36-97af-76873864fc0c:192.168.36.79:36098], old=null at 0
2019-09-20 08:46:16,255 [a3bf3c1a-4063-48f8-b1bd-e321780611c4-SegmentedRaftLogWorker:Storage Directory /workdir/hadoop-ozone/ozonefs/target/test-dir/MiniOzoneClusterImpl-da5888fd-c692-4355-82c4-91aa98cbf569/datanode-3/data/ratis/a3163dd6-726e-431e-9ea0-15eb2c36b4cc] INFO  segmented.SegmentedRaftLogWorker (SegmentedRaftLogWorker.java:execute(569)) - a3bf3c1a-4063-48f8-b1bd-e321780611c4-SegmentedRaftLogWorker:Storage Directory /workdir/hadoop-ozone/ozonefs/target/test-dir/MiniOzoneClusterImpl-da5888fd-c692-4355-82c4-91aa98cbf569/datanode-3/data/ratis/a3163dd6-726e-431e-9ea0-15eb2c36b4cc: created new log segment /workdir/hadoop-ozone/ozonefs/target/test-dir/MiniOzoneClusterImpl-da5888fd-c692-4355-82c4-91aa98cbf569/datanode-3/data/ratis/a3163dd6-726e-431e-9ea0-15eb2c36b4cc/current/log_inprogress_0
2019-09-20 08:46:16,255 [Thread-375] INFO  impl.FollowerState (FollowerState.java:run(106)) - d3d24c2e-887e-42af-9ac0-80e26c3dc807:group-A3F9FAE83FAB changes to CANDIDATE, lastRpcTime:5203, electionTimeout:5174ms
2019-09-20 08:46:16,255 [Thread-381] INFO  impl.FollowerState (FollowerState.java:run(106)) - 1e702f59-a831-439b-ba97-9c7e4d303d93:group-2690418B2EE9 changes to CANDIDATE, lastRpcTime:5052, electionTimeout:5034ms
2019-09-20 08:46:16,255 [Thread-375] INFO  impl.RoleInfo (RoleInfo.java:shutdownFollowerState(121)) - d3d24c2e-887e-42af-9ac0-80e26c3dc807: shutdown FollowerState
2019-09-20 08:46:16,256 [Thread-381] INFO  impl.RoleInfo (RoleInfo.java:shutdownFollowerState(121)) - 1e702f59-a831-439b-ba97-9c7e4d303d93: shutdown FollowerState
2019-09-20 08:46:16,256 [Thread-375] INFO  impl.RaftServerImpl (RaftServerImpl.java:setRole(171)) - d3d24c2e-887e-42af-9ac0-80e26c3dc807:group-A3F9FAE83FAB changes role from FOLLOWER to CANDIDATE at term 0 for changeToCandidate
2019-09-20 08:46:16,256 [Thread-381] INFO  impl.RaftServerImpl (RaftServerImpl.java:setRole(171)) - 1e702f59-a831-439b-ba97-9c7e4d303d93:group-2690418B2EE9 changes role from FOLLOWER to CANDIDATE at term 0 for changeToCandidate
2019-09-20 08:46:16,256 [Thread-375] INFO  impl.RoleInfo (RoleInfo.java:updateAndGet(143)) - d3d24c2e-887e-42af-9ac0-80e26c3dc807: start LeaderElection
2019-09-20 08:46:16,257 [Thread-381] INFO  impl.RoleInfo (RoleInfo.java:updateAndGet(143)) - 1e702f59-a831-439b-ba97-9c7e4d303d93: start LeaderElection
2019-09-20 08:46:16,269 [4eb079c5-a63c-4d36-97af-76873864fc0c-SegmentedRaftLogWorker:Storage Directory /workdir/hadoop-ozone/ozonefs/target/test-dir/MiniOzoneClusterImpl-da5888fd-c692-4355-82c4-91aa98cbf569/datanode-4/data/ratis/c99d7d8c-de2e-4560-aaa3-80ec9f1620ed] INFO  segmented.SegmentedRaftLogWorker (SegmentedRaftLogWorker.java:execute(569)) - 4eb079c5-a63c-4d36-97af-76873864fc0c-SegmentedRaftLogWorker:Storage Directory /workdir/hadoop-ozone/ozonefs/target/test-dir/MiniOzoneClusterImpl-da5888fd-c692-4355-82c4-91aa98cbf569/datanode-4/data/ratis/c99d7d8c-de2e-4560-aaa3-80ec9f1620ed: created new log segment /workdir/hadoop-ozone/ozonefs/target/test-dir/MiniOzoneClusterImpl-da5888fd-c692-4355-82c4-91aa98cbf569/datanode-4/data/ratis/c99d7d8c-de2e-4560-aaa3-80ec9f1620ed/current/log_inprogress_0
2019-09-20 08:46:16,286 [d3d24c2e-887e-42af-9ac0-80e26c3dc807:group-A3F9FAE83FAB:LeaderElection31] INFO  impl.LeaderElection (LeaderElection.java:askForVotes(181)) - d3d24c2e-887e-42af-9ac0-80e26c3dc807:group-A3F9FAE83FAB:LeaderElection31: begin an election at term 1 for -1: [d3d24c2e-887e-42af-9ac0-80e26c3dc807:192.168.36.79:46632], old=null
2019-09-20 08:46:16,286 [1e702f59-a831-439b-ba97-9c7e4d303d93:group-2690418B2EE9:LeaderElection32] INFO  impl.LeaderElection (LeaderElection.java:askForVotes(181)) - 1e702f59-a831-439b-ba97-9c7e4d303d93:group-2690418B2EE9:LeaderElection32: begin an election at term 1 for -1: [1e702f59-a831-439b-ba97-9c7e4d303d93:192.168.36.79:42450], old=null
2019-09-20 08:46:16,286 [d3d24c2e-887e-42af-9ac0-80e26c3dc807:group-A3F9FAE83FAB:LeaderElection31] INFO  impl.RoleInfo (RoleInfo.java:shutdownLeaderElection(134)) - d3d24c2e-887e-42af-9ac0-80e26c3dc807: shutdown LeaderElection
2019-09-20 08:46:16,287 [1e702f59-a831-439b-ba97-9c7e4d303d93:group-2690418B2EE9:LeaderElection32] INFO  impl.RoleInfo (RoleInfo.java:shutdownLeaderElection(134)) - 1e702f59-a831-439b-ba97-9c7e4d303d93: shutdown LeaderElection
2019-09-20 08:46:16,287 [d3d24c2e-887e-42af-9ac0-80e26c3dc807:group-A3F9FAE83FAB:LeaderElection31] INFO  impl.RaftServerImpl (RaftServerImpl.java:setRole(171)) - d3d24c2e-887e-42af-9ac0-80e26c3dc807:group-A3F9FAE83FAB changes role from CANDIDATE to LEADER at term 1 for changeToLeader
2019-09-20 08:46:16,287 [1e702f59-a831-439b-ba97-9c7e4d303d93:group-2690418B2EE9:LeaderElection32] INFO  impl.RaftServerImpl (RaftServerImpl.java:setRole(171)) - 1e702f59-a831-439b-ba97-9c7e4d303d93:group-2690418B2EE9 changes role from CANDIDATE to LEADER at term 1 for changeToLeader
2019-09-20 08:46:16,287 [d3d24c2e-887e-42af-9ac0-80e26c3dc807:group-A3F9FAE83FAB:LeaderElection31] INFO  impl.RaftServerImpl (ServerState.java:setLeader(263)) - d3d24c2e-887e-42af-9ac0-80e26c3dc807:group-A3F9FAE83FAB change Leader from null to d3d24c2e-887e-42af-9ac0-80e26c3dc807 at term 1 for becomeLeader, leader elected after 5240ms
2019-09-20 08:46:16,287 [1e702f59-a831-439b-ba97-9c7e4d303d93:group-2690418B2EE9:LeaderElection32] INFO  impl.RaftServerImpl (ServerState.java:setLeader(263)) - 1e702f59-a831-439b-ba97-9c7e4d303d93:group-2690418B2EE9 change Leader from null to 1e702f59-a831-439b-ba97-9c7e4d303d93 at term 1 for becomeLeader, leader elected after 5088ms
2019-09-20 08:46:16,287 [d3d24c2e-887e-42af-9ac0-80e26c3dc807:group-A3F9FAE83FAB:LeaderElection31] INFO  server.RaftServerConfigKeys (ConfUtils.java:logGet(43)) - raft.server.staging.catchup.gap = 1000 (default)
2019-09-20 08:46:16,287 [1e702f59-a831-439b-ba97-9c7e4d303d93:group-2690418B2EE9:LeaderElection32] INFO  server.RaftServerConfigKeys (ConfUtils.java:logGet(43)) - raft.server.staging.catchup.gap = 1000 (default)
2019-09-20 08:46:16,288 [d3d24c2e-887e-42af-9ac0-80e26c3dc807:group-A3F9FAE83FAB:LeaderElection31] INFO  server.RaftServerConfigKeys (ConfUtils.java:logGet(43)) - raft.server.rpc.sleep.time = 25ms (default)
2019-09-20 08:46:16,288 [1e702f59-a831-439b-ba97-9c7e4d303d93:group-2690418B2EE9:LeaderElection32] INFO  server.RaftServerConfigKeys (ConfUtils.java:logGet(43)) - raft.server.rpc.sleep.time = 25ms (default)
2019-09-20 08:46:16,288 [d3d24c2e-887e-42af-9ac0-80e26c3dc807:group-A3F9FAE83FAB:LeaderElection31] INFO  server.RaftServerConfigKeys (ConfUtils.java:logGet(43)) - raft.server.write.element-limit = 4096 (default)
2019-09-20 08:46:16,288 [1e702f59-a831-439b-ba97-9c7e4d303d93:group-2690418B2EE9:LeaderElection32] INFO  server.RaftServerConfigKeys (ConfUtils.java:logGet(43)) - raft.server.write.element-limit = 4096 (default)
2019-09-20 08:46:16,288 [d3d24c2e-887e-42af-9ac0-80e26c3dc807:group-A3F9FAE83FAB:LeaderElection31] INFO  server.RaftServerConfigKeys (ConfUtils.java:logGet(43)) - raft.server.watch.timeout = 10s (default)
2019-09-20 08:46:16,288 [1e702f59-a831-439b-ba97-9c7e4d303d93:group-2690418B2EE9:LeaderElection32] INFO  server.RaftServerConfigKeys (ConfUtils.java:logGet(43)) - raft.server.watch.timeout = 10s (default)
2019-09-20 08:46:16,289 [d3d24c2e-887e-42af-9ac0-80e26c3dc807:group-A3F9FAE83FAB:LeaderElection31] INFO  server.RaftServerConfigKeys (ConfUtils.java:logGet(43)) - raft.server.watch.timeout.denomination = 1s (default)
2019-09-20 08:46:16,289 [1e702f59-a831-439b-ba97-9c7e4d303d93:group-2690418B2EE9:LeaderElection32] INFO  server.RaftServerConfigKeys (ConfUtils.java:logGet(43)) - raft.server.watch.timeout.denomination = 1s (default)
2019-09-20 08:46:16,289 [d3d24c2e-887e-42af-9ac0-80e26c3dc807:group-A3F9FAE83FAB:LeaderElection31] INFO  server.RaftServerConfigKeys (ConfUtils.java:logGet(43)) - raft.server.watch.element-limit = 65536 (default)
2019-09-20 08:46:16,289 [1e702f59-a831-439b-ba97-9c7e4d303d93:group-2690418B2EE9:LeaderElection32] INFO  server.RaftServerConfigKeys (ConfUtils.java:logGet(43)) - raft.server.watch.element-limit = 65536 (default)
2019-09-20 08:46:16,289 [d3d24c2e-887e-42af-9ac0-80e26c3dc807:group-A3F9FAE83FAB:LeaderElection31] INFO  impl.RoleInfo (RoleInfo.java:updateAndGet(143)) - d3d24c2e-887e-42af-9ac0-80e26c3dc807: start LeaderState
2019-09-20 08:46:16,290 [1e702f59-a831-439b-ba97-9c7e4d303d93:group-2690418B2EE9:LeaderElection32] INFO  impl.RoleInfo (RoleInfo.java:updateAndGet(143)) - 1e702f59-a831-439b-ba97-9c7e4d303d93: start LeaderState
2019-09-20 08:46:16,290 [d3d24c2e-887e-42af-9ac0-80e26c3dc807:group-A3F9FAE83FAB:LeaderElection31] INFO  segmented.SegmentedRaftLogWorker (SegmentedRaftLogWorker.java:startLogSegment(380)) - d3d24c2e-887e-42af-9ac0-80e26c3dc807-SegmentedRaftLogWorker:Storage Directory /workdir/hadoop-ozone/ozonefs/target/test-dir/MiniOzoneClusterImpl-da5888fd-c692-4355-82c4-91aa98cbf569/datanode-7/data/ratis/adb1ba73-73f6-4c29-9993-a3f9fae83fab: Starting segment from index:0
2019-09-20 08:46:16,290 [1e702f59-a831-439b-ba97-9c7e4d303d93:group-2690418B2EE9:LeaderElection32] INFO  segmented.SegmentedRaftLogWorker (SegmentedRaftLogWorker.java:startLogSegment(380)) - 1e702f59-a831-439b-ba97-9c7e4d303d93-SegmentedRaftLogWorker:Storage Directory /workdir/hadoop-ozone/ozonefs/target/test-dir/MiniOzoneClusterImpl-da5888fd-c692-4355-82c4-91aa98cbf569/datanode-6/data/ratis/ba555178-5517-47d5-b109-2690418b2ee9: Starting segment from index:0
2019-09-20 08:46:16,290 [d3d24c2e-887e-42af-9ac0-80e26c3dc807:group-A3F9FAE83FAB:LeaderElection31] INFO  impl.RaftServerImpl (ServerState.java:setRaftConf(361)) - d3d24c2e-887e-42af-9ac0-80e26c3dc807:group-A3F9FAE83FAB set configuration 0: [d3d24c2e-887e-42af-9ac0-80e26c3dc807:192.168.36.79:46632], old=null at 0
2019-09-20 08:46:16,329 [Thread-384] INFO  impl.FollowerState (FollowerState.java:run(106)) - 0d845cc3-b0d9-47c5-b935-74fa0be2c903:group-6E0508AD1A63 changes to CANDIDATE, lastRpcTime:5042, electionTimeout:5022ms
2019-09-20 08:46:16,329 [1e702f59-a831-439b-ba97-9c7e4d303d93:group-2690418B2EE9:LeaderElection32] INFO  impl.RaftServerImpl (ServerState.java:setRaftConf(361)) - 1e702f59-a831-439b-ba97-9c7e4d303d93:group-2690418B2EE9 set configuration 0: [1e702f59-a831-439b-ba97-9c7e4d303d93:192.168.36.79:42450], old=null at 0
2019-09-20 08:46:16,329 [Thread-384] INFO  impl.RoleInfo (RoleInfo.java:shutdownFollowerState(121)) - 0d845cc3-b0d9-47c5-b935-74fa0be2c903: shutdown FollowerState
2019-09-20 08:46:16,333 [Thread-384] INFO  impl.RaftServerImpl (RaftServerImpl.java:setRole(171)) - 0d845cc3-b0d9-47c5-b935-74fa0be2c903:group-6E0508AD1A63 changes role from FOLLOWER to CANDIDATE at term 0 for changeToCandidate
2019-09-20 08:46:16,333 [Thread-384] INFO  impl.RoleInfo (RoleInfo.java:updateAndGet(143)) - 0d845cc3-b0d9-47c5-b935-74fa0be2c903: start LeaderElection
2019-09-20 08:46:16,353 [d3d24c2e-887e-42af-9ac0-80e26c3dc807-SegmentedRaftLogWorker:Storage Directory /workdir/hadoop-ozone/ozonefs/target/test-dir/MiniOzoneClusterImpl-da5888fd-c692-4355-82c4-91aa98cbf569/datanode-7/data/ratis/adb1ba73-73f6-4c29-9993-a3f9fae83fab] INFO  segmented.SegmentedRaftLogWorker (SegmentedRaftLogWorker.java:execute(569)) - d3d24c2e-887e-42af-9ac0-80e26c3dc807-SegmentedRaftLogWorker:Storage Directory /workdir/hadoop-ozone/ozonefs/target/test-dir/MiniOzoneClusterImpl-da5888fd-c692-4355-82c4-91aa98cbf569/datanode-7/data/ratis/adb1ba73-73f6-4c29-9993-a3f9fae83fab: created new log segment /workdir/hadoop-ozone/ozonefs/target/test-dir/MiniOzoneClusterImpl-da5888fd-c692-4355-82c4-91aa98cbf569/datanode-7/data/ratis/adb1ba73-73f6-4c29-9993-a3f9fae83fab/current/log_inprogress_0
2019-09-20 08:46:16,353 [1e702f59-a831-439b-ba97-9c7e4d303d93-SegmentedRaftLogWorker:Storage Directory /workdir/hadoop-ozone/ozonefs/target/test-dir/MiniOzoneClusterImpl-da5888fd-c692-4355-82c4-91aa98cbf569/datanode-6/data/ratis/ba555178-5517-47d5-b109-2690418b2ee9] INFO  segmented.SegmentedRaftLogWorker (SegmentedRaftLogWorker.java:execute(569)) - 1e702f59-a831-439b-ba97-9c7e4d303d93-SegmentedRaftLogWorker:Storage Directory /workdir/hadoop-ozone/ozonefs/target/test-dir/MiniOzoneClusterImpl-da5888fd-c692-4355-82c4-91aa98cbf569/datanode-6/data/ratis/ba555178-5517-47d5-b109-2690418b2ee9: created new log segment /workdir/hadoop-ozone/ozonefs/target/test-dir/MiniOzoneClusterImpl-da5888fd-c692-4355-82c4-91aa98cbf569/datanode-6/data/ratis/ba555178-5517-47d5-b109-2690418b2ee9/current/log_inprogress_0
2019-09-20 08:46:16,357 | INFO  | SCMAudit | user=jenkins1000 | ip=192.168.36.79 | op=SEND_HEARTBEAT {datanodeUUID=d3d24c2e-887e-42af-9ac0-80e26c3dc807, command=[]} | ret=SUCCESS |  
2019-09-20 08:46:16,370 [0d845cc3-b0d9-47c5-b935-74fa0be2c903:group-6E0508AD1A63:LeaderElection33] INFO  impl.LeaderElection (LeaderElection.java:askForVotes(181)) - 0d845cc3-b0d9-47c5-b935-74fa0be2c903:group-6E0508AD1A63:LeaderElection33: begin an election at term 1 for -1: [0d845cc3-b0d9-47c5-b935-74fa0be2c903:192.168.36.79:38257], old=null
2019-09-20 08:46:16,370 [0d845cc3-b0d9-47c5-b935-74fa0be2c903:group-6E0508AD1A63:LeaderElection33] INFO  impl.RoleInfo (RoleInfo.java:shutdownLeaderElection(134)) - 0d845cc3-b0d9-47c5-b935-74fa0be2c903: shutdown LeaderElection
2019-09-20 08:46:16,371 [0d845cc3-b0d9-47c5-b935-74fa0be2c903:group-6E0508AD1A63:LeaderElection33] INFO  impl.RaftServerImpl (RaftServerImpl.java:setRole(171)) - 0d845cc3-b0d9-47c5-b935-74fa0be2c903:group-6E0508AD1A63 changes role from CANDIDATE to LEADER at term 1 for changeToLeader
2019-09-20 08:46:16,371 [0d845cc3-b0d9-47c5-b935-74fa0be2c903:group-6E0508AD1A63:LeaderElection33] INFO  impl.RaftServerImpl (ServerState.java:setLeader(263)) - 0d845cc3-b0d9-47c5-b935-74fa0be2c903:group-6E0508AD1A63 change Leader from null to 0d845cc3-b0d9-47c5-b935-74fa0be2c903 at term 1 for becomeLeader, leader elected after 5087ms
2019-09-20 08:46:16,371 [0d845cc3-b0d9-47c5-b935-74fa0be2c903:group-6E0508AD1A63:LeaderElection33] INFO  server.RaftServerConfigKeys (ConfUtils.java:logGet(43)) - raft.server.staging.catchup.gap = 1000 (default)
2019-09-20 08:46:16,371 [0d845cc3-b0d9-47c5-b935-74fa0be2c903:group-6E0508AD1A63:LeaderElection33] INFO  server.RaftServerConfigKeys (ConfUtils.java:logGet(43)) - raft.server.rpc.sleep.time = 25ms (default)
2019-09-20 08:46:16,371 [0d845cc3-b0d9-47c5-b935-74fa0be2c903:group-6E0508AD1A63:LeaderElection33] INFO  server.RaftServerConfigKeys (ConfUtils.java:logGet(43)) - raft.server.write.element-limit = 4096 (default)
2019-09-20 08:46:16,372 [0d845cc3-b0d9-47c5-b935-74fa0be2c903:group-6E0508AD1A63:LeaderElection33] INFO  server.RaftServerConfigKeys (ConfUtils.java:logGet(43)) - raft.server.watch.timeout = 10s (default)
2019-09-20 08:46:16,372 [0d845cc3-b0d9-47c5-b935-74fa0be2c903:group-6E0508AD1A63:LeaderElection33] INFO  server.RaftServerConfigKeys (ConfUtils.java:logGet(43)) - raft.server.watch.timeout.denomination = 1s (default)
2019-09-20 08:46:16,372 [0d845cc3-b0d9-47c5-b935-74fa0be2c903:group-6E0508AD1A63:LeaderElection33] INFO  server.RaftServerConfigKeys (ConfUtils.java:logGet(43)) - raft.server.watch.element-limit = 65536 (default)
2019-09-20 08:46:16,372 [0d845cc3-b0d9-47c5-b935-74fa0be2c903:group-6E0508AD1A63:LeaderElection33] INFO  impl.RoleInfo (RoleInfo.java:updateAndGet(143)) - 0d845cc3-b0d9-47c5-b935-74fa0be2c903: start LeaderState
2019-09-20 08:46:16,372 [0d845cc3-b0d9-47c5-b935-74fa0be2c903:group-6E0508AD1A63:LeaderElection33] INFO  segmented.SegmentedRaftLogWorker (SegmentedRaftLogWorker.java:startLogSegment(380)) - 0d845cc3-b0d9-47c5-b935-74fa0be2c903-SegmentedRaftLogWorker:Storage Directory /workdir/hadoop-ozone/ozonefs/target/test-dir/MiniOzoneClusterImpl-da5888fd-c692-4355-82c4-91aa98cbf569/datanode-5/data/ratis/5f50f26b-8e4d-4307-960a-6e0508ad1a63: Starting segment from index:0
2019-09-20 08:46:16,373 [0d845cc3-b0d9-47c5-b935-74fa0be2c903:group-6E0508AD1A63:LeaderElection33] INFO  impl.RaftServerImpl (ServerState.java:setRaftConf(361)) - 0d845cc3-b0d9-47c5-b935-74fa0be2c903:group-6E0508AD1A63 set configuration 0: [0d845cc3-b0d9-47c5-b935-74fa0be2c903:192.168.36.79:38257], old=null at 0
2019-09-20 08:46:16,429 [0d845cc3-b0d9-47c5-b935-74fa0be2c903-SegmentedRaftLogWorker:Storage Directory /workdir/hadoop-ozone/ozonefs/target/test-dir/MiniOzoneClusterImpl-da5888fd-c692-4355-82c4-91aa98cbf569/datanode-5/data/ratis/5f50f26b-8e4d-4307-960a-6e0508ad1a63] INFO  segmented.SegmentedRaftLogWorker (SegmentedRaftLogWorker.java:execute(569)) - 0d845cc3-b0d9-47c5-b935-74fa0be2c903-SegmentedRaftLogWorker:Storage Directory /workdir/hadoop-ozone/ozonefs/target/test-dir/MiniOzoneClusterImpl-da5888fd-c692-4355-82c4-91aa98cbf569/datanode-5/data/ratis/5f50f26b-8e4d-4307-960a-6e0508ad1a63: created new log segment /workdir/hadoop-ozone/ozonefs/target/test-dir/MiniOzoneClusterImpl-da5888fd-c692-4355-82c4-91aa98cbf569/datanode-5/data/ratis/5f50f26b-8e4d-4307-960a-6e0508ad1a63/current/log_inprogress_0
2019-09-20 08:46:16,468 | INFO  | SCMAudit | user=jenkins1000 | ip=192.168.36.79 | op=SEND_HEARTBEAT {datanodeUUID=3ea69b51-ea1d-40b9-a82f-433a48a46bff, command=[]} | ret=SUCCESS |  
2019-09-20 08:46:16,500 [Thread-387] INFO  impl.FollowerState (FollowerState.java:run(106)) - 1e702f59-a831-439b-ba97-9c7e4d303d93:group-D1817A595145 changes to CANDIDATE, lastRpcTime:5137, electionTimeout:5137ms
2019-09-20 08:46:16,500 [Thread-387] INFO  impl.RoleInfo (RoleInfo.java:shutdownFollowerState(121)) - 1e702f59-a831-439b-ba97-9c7e4d303d93: shutdown FollowerState
2019-09-20 08:46:16,500 [Thread-387] INFO  impl.RaftServerImpl (RaftServerImpl.java:setRole(171)) - 1e702f59-a831-439b-ba97-9c7e4d303d93:group-D1817A595145 changes role from FOLLOWER to CANDIDATE at term 0 for changeToCandidate
2019-09-20 08:46:16,500 | INFO  | SCMAudit | user=jenkins1000 | ip=192.168.36.79 | op=SEND_HEARTBEAT {datanodeUUID=1cc75455-5fc2-459e-9e17-b902eb9cc08f, command=[]} | ret=SUCCESS |  
2019-09-20 08:46:16,501 [Thread-387] INFO  impl.RoleInfo (RoleInfo.java:updateAndGet(143)) - 1e702f59-a831-439b-ba97-9c7e4d303d93: start LeaderElection
2019-09-20 08:46:16,506 | INFO  | SCMAudit | user=jenkins1000 | ip=192.168.36.79 | op=SEND_HEARTBEAT {datanodeUUID=a3bf3c1a-4063-48f8-b1bd-e321780611c4, command=[]} | ret=SUCCESS |  
2019-09-20 08:46:16,529 [1e702f59-a831-439b-ba97-9c7e4d303d93:group-D1817A595145:LeaderElection34] INFO  impl.LeaderElection (LeaderElection.java:askForVotes(181)) - 1e702f59-a831-439b-ba97-9c7e4d303d93:group-D1817A595145:LeaderElection34: begin an election at term 1 for -1: [1e702f59-a831-439b-ba97-9c7e4d303d93:192.168.36.79:42450], old=null
2019-09-20 08:46:16,530 [1e702f59-a831-439b-ba97-9c7e4d303d93:group-D1817A595145:LeaderElection34] INFO  impl.RoleInfo (RoleInfo.java:shutdownLeaderElection(134)) - 1e702f59-a831-439b-ba97-9c7e4d303d93: shutdown LeaderElection
2019-09-20 08:46:16,530 [1e702f59-a831-439b-ba97-9c7e4d303d93:group-D1817A595145:LeaderElection34] INFO  impl.RaftServerImpl (RaftServerImpl.java:setRole(171)) - 1e702f59-a831-439b-ba97-9c7e4d303d93:group-D1817A595145 changes role from CANDIDATE to LEADER at term 1 for changeToLeader
2019-09-20 08:46:16,530 [1e702f59-a831-439b-ba97-9c7e4d303d93:group-D1817A595145:LeaderElection34] INFO  impl.RaftServerImpl (ServerState.java:setLeader(263)) - 1e702f59-a831-439b-ba97-9c7e4d303d93:group-D1817A595145 change Leader from null to 1e702f59-a831-439b-ba97-9c7e4d303d93 at term 1 for becomeLeader, leader elected after 5171ms
2019-09-20 08:46:16,530 [1e702f59-a831-439b-ba97-9c7e4d303d93:group-D1817A595145:LeaderElection34] INFO  server.RaftServerConfigKeys (ConfUtils.java:logGet(43)) - raft.server.staging.catchup.gap = 1000 (default)
2019-09-20 08:46:16,530 [1e702f59-a831-439b-ba97-9c7e4d303d93:group-D1817A595145:LeaderElection34] INFO  server.RaftServerConfigKeys (ConfUtils.java:logGet(43)) - raft.server.rpc.sleep.time = 25ms (default)
2019-09-20 08:46:16,531 [1e702f59-a831-439b-ba97-9c7e4d303d93:group-D1817A595145:LeaderElection34] INFO  server.RaftServerConfigKeys (ConfUtils.java:logGet(43)) - raft.server.write.element-limit = 4096 (default)
2019-09-20 08:46:16,531 [1e702f59-a831-439b-ba97-9c7e4d303d93:group-D1817A595145:LeaderElection34] INFO  server.RaftServerConfigKeys (ConfUtils.java:logGet(43)) - raft.server.watch.timeout = 10s (default)
2019-09-20 08:46:16,531 [1e702f59-a831-439b-ba97-9c7e4d303d93:group-D1817A595145:LeaderElection34] INFO  server.RaftServerConfigKeys (ConfUtils.java:logGet(43)) - raft.server.watch.timeout.denomination = 1s (default)
2019-09-20 08:46:16,531 [1e702f59-a831-439b-ba97-9c7e4d303d93:group-D1817A595145:LeaderElection34] INFO  server.RaftServerConfigKeys (ConfUtils.java:logGet(43)) - raft.server.watch.element-limit = 65536 (default)
2019-09-20 08:46:16,532 [1e702f59-a831-439b-ba97-9c7e4d303d93:group-D1817A595145:LeaderElection34] INFO  impl.RoleInfo (RoleInfo.java:updateAndGet(143)) - 1e702f59-a831-439b-ba97-9c7e4d303d93: start LeaderState
2019-09-20 08:46:16,532 [1e702f59-a831-439b-ba97-9c7e4d303d93:group-D1817A595145:LeaderElection34] INFO  segmented.SegmentedRaftLogWorker (SegmentedRaftLogWorker.java:startLogSegment(380)) - 1e702f59-a831-439b-ba97-9c7e4d303d93-SegmentedRaftLogWorker:Storage Directory /workdir/hadoop-ozone/ozonefs/target/test-dir/MiniOzoneClusterImpl-da5888fd-c692-4355-82c4-91aa98cbf569/datanode-6/data/ratis/0d6f07af-b12f-4f8e-9a35-d1817a595145: Starting segment from index:0
2019-09-20 08:46:16,533 [1e702f59-a831-439b-ba97-9c7e4d303d93:group-D1817A595145:LeaderElection34] INFO  impl.RaftServerImpl (ServerState.java:setRaftConf(361)) - 1e702f59-a831-439b-ba97-9c7e4d303d93:group-D1817A595145 set configuration 0: [1e702f59-a831-439b-ba97-9c7e4d303d93:192.168.36.79:42450], old=null at 0
2019-09-20 08:46:16,570 | INFO  | SCMAudit | user=jenkins1000 | ip=192.168.36.79 | op=SEND_HEARTBEAT {datanodeUUID=735a34e4-c7c4-465a-a71d-fefc6390b8eb, command=[]} | ret=SUCCESS |  
2019-09-20 08:46:16,584 [Thread-390] INFO  impl.FollowerState (FollowerState.java:run(106)) - e997423e-4090-4042-87ee-7419d4cf7365:group-F41A5AF99D59 changes to CANDIDATE, lastRpcTime:5146, electionTimeout:5146ms
2019-09-20 08:46:16,584 [Thread-390] INFO  impl.RoleInfo (RoleInfo.java:shutdownFollowerState(121)) - e997423e-4090-4042-87ee-7419d4cf7365: shutdown FollowerState
2019-09-20 08:46:16,584 [Thread-390] INFO  impl.RaftServerImpl (RaftServerImpl.java:setRole(171)) - e997423e-4090-4042-87ee-7419d4cf7365:group-F41A5AF99D59 changes role from FOLLOWER to CANDIDATE at term 0 for changeToCandidate
2019-09-20 08:46:16,585 [Thread-390] INFO  impl.RoleInfo (RoleInfo.java:updateAndGet(143)) - e997423e-4090-4042-87ee-7419d4cf7365: start LeaderElection
2019-09-20 08:46:16,588 [1e702f59-a831-439b-ba97-9c7e4d303d93-SegmentedRaftLogWorker:Storage Directory /workdir/hadoop-ozone/ozonefs/target/test-dir/MiniOzoneClusterImpl-da5888fd-c692-4355-82c4-91aa98cbf569/datanode-6/data/ratis/0d6f07af-b12f-4f8e-9a35-d1817a595145] INFO  segmented.SegmentedRaftLogWorker (SegmentedRaftLogWorker.java:execute(569)) - 1e702f59-a831-439b-ba97-9c7e4d303d93-SegmentedRaftLogWorker:Storage Directory /workdir/hadoop-ozone/ozonefs/target/test-dir/MiniOzoneClusterImpl-da5888fd-c692-4355-82c4-91aa98cbf569/datanode-6/data/ratis/0d6f07af-b12f-4f8e-9a35-d1817a595145: created new log segment /workdir/hadoop-ozone/ozonefs/target/test-dir/MiniOzoneClusterImpl-da5888fd-c692-4355-82c4-91aa98cbf569/datanode-6/data/ratis/0d6f07af-b12f-4f8e-9a35-d1817a595145/current/log_inprogress_0
2019-09-20 08:46:16,605 [e997423e-4090-4042-87ee-7419d4cf7365:group-F41A5AF99D59:LeaderElection35] INFO  impl.LeaderElection (LeaderElection.java:askForVotes(181)) - e997423e-4090-4042-87ee-7419d4cf7365:group-F41A5AF99D59:LeaderElection35: begin an election at term 1 for -1: [e997423e-4090-4042-87ee-7419d4cf7365:192.168.36.79:35366], old=null
2019-09-20 08:46:16,605 [e997423e-4090-4042-87ee-7419d4cf7365:group-F41A5AF99D59:LeaderElection35] INFO  impl.RoleInfo (RoleInfo.java:shutdownLeaderElection(134)) - e997423e-4090-4042-87ee-7419d4cf7365: shutdown LeaderElection
2019-09-20 08:46:16,606 [e997423e-4090-4042-87ee-7419d4cf7365:group-F41A5AF99D59:LeaderElection35] INFO  impl.RaftServerImpl (RaftServerImpl.java:setRole(171)) - e997423e-4090-4042-87ee-7419d4cf7365:group-F41A5AF99D59 changes role from CANDIDATE to LEADER at term 1 for changeToLeader
2019-09-20 08:46:16,606 [e997423e-4090-4042-87ee-7419d4cf7365:group-F41A5AF99D59:LeaderElection35] INFO  impl.RaftServerImpl (ServerState.java:setLeader(263)) - e997423e-4090-4042-87ee-7419d4cf7365:group-F41A5AF99D59 change Leader from null to e997423e-4090-4042-87ee-7419d4cf7365 at term 1 for becomeLeader, leader elected after 5171ms
2019-09-20 08:46:16,606 [e997423e-4090-4042-87ee-7419d4cf7365:group-F41A5AF99D59:LeaderElection35] INFO  server.RaftServerConfigKeys (ConfUtils.java:logGet(43)) - raft.server.staging.catchup.gap = 1000 (default)
2019-09-20 08:46:16,606 [e997423e-4090-4042-87ee-7419d4cf7365:group-F41A5AF99D59:LeaderElection35] INFO  server.RaftServerConfigKeys (ConfUtils.java:logGet(43)) - raft.server.rpc.sleep.time = 25ms (default)
2019-09-20 08:46:16,606 [e997423e-4090-4042-87ee-7419d4cf7365:group-F41A5AF99D59:LeaderElection35] INFO  server.RaftServerConfigKeys (ConfUtils.java:logGet(43)) - raft.server.write.element-limit = 4096 (default)
2019-09-20 08:46:16,606 [e997423e-4090-4042-87ee-7419d4cf7365:group-F41A5AF99D59:LeaderElection35] INFO  server.RaftServerConfigKeys (ConfUtils.java:logGet(43)) - raft.server.watch.timeout = 10s (default)
2019-09-20 08:46:16,607 [e997423e-4090-4042-87ee-7419d4cf7365:group-F41A5AF99D59:LeaderElection35] INFO  server.RaftServerConfigKeys (ConfUtils.java:logGet(43)) - raft.server.watch.timeout.denomination = 1s (default)
2019-09-20 08:46:16,607 [e997423e-4090-4042-87ee-7419d4cf7365:group-F41A5AF99D59:LeaderElection35] INFO  server.RaftServerConfigKeys (ConfUtils.java:logGet(43)) - raft.server.watch.element-limit = 65536 (default)
2019-09-20 08:46:16,607 [e997423e-4090-4042-87ee-7419d4cf7365:group-F41A5AF99D59:LeaderElection35] INFO  impl.RoleInfo (RoleInfo.java:updateAndGet(143)) - e997423e-4090-4042-87ee-7419d4cf7365: start LeaderState
2019-09-20 08:46:16,607 [e997423e-4090-4042-87ee-7419d4cf7365:group-F41A5AF99D59:LeaderElection35] INFO  segmented.SegmentedRaftLogWorker (SegmentedRaftLogWorker.java:startLogSegment(380)) - e997423e-4090-4042-87ee-7419d4cf7365-SegmentedRaftLogWorker:Storage Directory /workdir/hadoop-ozone/ozonefs/target/test-dir/MiniOzoneClusterImpl-da5888fd-c692-4355-82c4-91aa98cbf569/datanode-1/data/ratis/6e68e246-f8c9-4234-8d2c-f41a5af99d59: Starting segment from index:0
2019-09-20 08:46:16,608 [e997423e-4090-4042-87ee-7419d4cf7365:group-F41A5AF99D59:LeaderElection35] INFO  impl.RaftServerImpl (ServerState.java:setRaftConf(361)) - e997423e-4090-4042-87ee-7419d4cf7365:group-F41A5AF99D59 set configuration 0: [e997423e-4090-4042-87ee-7419d4cf7365:192.168.36.79:35366], old=null at 0
2019-09-20 08:46:16,680 [e997423e-4090-4042-87ee-7419d4cf7365-SegmentedRaftLogWorker:Storage Directory /workdir/hadoop-ozone/ozonefs/target/test-dir/MiniOzoneClusterImpl-da5888fd-c692-4355-82c4-91aa98cbf569/datanode-1/data/ratis/6e68e246-f8c9-4234-8d2c-f41a5af99d59] INFO  segmented.SegmentedRaftLogWorker (SegmentedRaftLogWorker.java:execute(569)) - e997423e-4090-4042-87ee-7419d4cf7365-SegmentedRaftLogWorker:Storage Directory /workdir/hadoop-ozone/ozonefs/target/test-dir/MiniOzoneClusterImpl-da5888fd-c692-4355-82c4-91aa98cbf569/datanode-1/data/ratis/6e68e246-f8c9-4234-8d2c-f41a5af99d59: created new log segment /workdir/hadoop-ozone/ozonefs/target/test-dir/MiniOzoneClusterImpl-da5888fd-c692-4355-82c4-91aa98cbf569/datanode-1/data/ratis/6e68e246-f8c9-4234-8d2c-f41a5af99d59/current/log_inprogress_0
2019-09-20 08:46:16,688 | INFO  | SCMAudit | user=jenkins1000 | ip=192.168.36.79 | op=SEND_HEARTBEAT {datanodeUUID=4eb079c5-a63c-4d36-97af-76873864fc0c, command=[]} | ret=SUCCESS |  
2019-09-20 08:46:16,711 [Thread-393] INFO  impl.FollowerState (FollowerState.java:run(106)) - 0d845cc3-b0d9-47c5-b935-74fa0be2c903:group-FBB75943AA24 changes to CANDIDATE, lastRpcTime:5196, electionTimeout:5196ms
2019-09-20 08:46:16,711 [Thread-393] INFO  impl.RoleInfo (RoleInfo.java:shutdownFollowerState(121)) - 0d845cc3-b0d9-47c5-b935-74fa0be2c903: shutdown FollowerState
2019-09-20 08:46:16,711 [Thread-393] INFO  impl.RaftServerImpl (RaftServerImpl.java:setRole(171)) - 0d845cc3-b0d9-47c5-b935-74fa0be2c903:group-FBB75943AA24 changes role from FOLLOWER to CANDIDATE at term 0 for changeToCandidate
2019-09-20 08:46:16,711 [Thread-393] INFO  impl.RoleInfo (RoleInfo.java:updateAndGet(143)) - 0d845cc3-b0d9-47c5-b935-74fa0be2c903: start LeaderElection
2019-09-20 08:46:16,736 | INFO  | SCMAudit | user=jenkins1000 | ip=192.168.36.79 | op=SEND_HEARTBEAT {datanodeUUID=e997423e-4090-4042-87ee-7419d4cf7365, command=[]} | ret=SUCCESS |  
2019-09-20 08:46:16,739 [0d845cc3-b0d9-47c5-b935-74fa0be2c903:group-FBB75943AA24:LeaderElection36] INFO  impl.LeaderElection (LeaderElection.java:askForVotes(181)) - 0d845cc3-b0d9-47c5-b935-74fa0be2c903:group-FBB75943AA24:LeaderElection36: begin an election at term 1 for -1: [0d845cc3-b0d9-47c5-b935-74fa0be2c903:192.168.36.79:38257], old=null
2019-09-20 08:46:16,739 [0d845cc3-b0d9-47c5-b935-74fa0be2c903:group-FBB75943AA24:LeaderElection36] INFO  impl.RoleInfo (RoleInfo.java:shutdownLeaderElection(134)) - 0d845cc3-b0d9-47c5-b935-74fa0be2c903: shutdown LeaderElection
2019-09-20 08:46:16,740 [0d845cc3-b0d9-47c5-b935-74fa0be2c903:group-FBB75943AA24:LeaderElection36] INFO  impl.RaftServerImpl (RaftServerImpl.java:setRole(171)) - 0d845cc3-b0d9-47c5-b935-74fa0be2c903:group-FBB75943AA24 changes role from CANDIDATE to LEADER at term 1 for changeToLeader
2019-09-20 08:46:16,740 [0d845cc3-b0d9-47c5-b935-74fa0be2c903:group-FBB75943AA24:LeaderElection36] INFO  impl.RaftServerImpl (ServerState.java:setLeader(263)) - 0d845cc3-b0d9-47c5-b935-74fa0be2c903:group-FBB75943AA24 change Leader from null to 0d845cc3-b0d9-47c5-b935-74fa0be2c903 at term 1 for becomeLeader, leader elected after 5229ms
2019-09-20 08:46:16,740 [0d845cc3-b0d9-47c5-b935-74fa0be2c903:group-FBB75943AA24:LeaderElection36] INFO  server.RaftServerConfigKeys (ConfUtils.java:logGet(43)) - raft.server.staging.catchup.gap = 1000 (default)
2019-09-20 08:46:16,740 [0d845cc3-b0d9-47c5-b935-74fa0be2c903:group-FBB75943AA24:LeaderElection36] INFO  server.RaftServerConfigKeys (ConfUtils.java:logGet(43)) - raft.server.rpc.sleep.time = 25ms (default)
2019-09-20 08:46:16,740 [0d845cc3-b0d9-47c5-b935-74fa0be2c903:group-FBB75943AA24:LeaderElection36] INFO  server.RaftServerConfigKeys (ConfUtils.java:logGet(43)) - raft.server.write.element-limit = 4096 (default)
2019-09-20 08:46:16,740 [0d845cc3-b0d9-47c5-b935-74fa0be2c903:group-FBB75943AA24:LeaderElection36] INFO  server.RaftServerConfigKeys (ConfUtils.java:logGet(43)) - raft.server.watch.timeout = 10s (default)
2019-09-20 08:46:16,741 [0d845cc3-b0d9-47c5-b935-74fa0be2c903:group-FBB75943AA24:LeaderElection36] INFO  server.RaftServerConfigKeys (ConfUtils.java:logGet(43)) - raft.server.watch.timeout.denomination = 1s (default)
2019-09-20 08:46:16,741 [0d845cc3-b0d9-47c5-b935-74fa0be2c903:group-FBB75943AA24:LeaderElection36] INFO  server.RaftServerConfigKeys (ConfUtils.java:logGet(43)) - raft.server.watch.element-limit = 65536 (default)
2019-09-20 08:46:16,741 [0d845cc3-b0d9-47c5-b935-74fa0be2c903:group-FBB75943AA24:LeaderElection36] INFO  impl.RoleInfo (RoleInfo.java:updateAndGet(143)) - 0d845cc3-b0d9-47c5-b935-74fa0be2c903: start LeaderState
2019-09-20 08:46:16,741 [0d845cc3-b0d9-47c5-b935-74fa0be2c903:group-FBB75943AA24:LeaderElection36] INFO  segmented.SegmentedRaftLogWorker (SegmentedRaftLogWorker.java:startLogSegment(380)) - 0d845cc3-b0d9-47c5-b935-74fa0be2c903-SegmentedRaftLogWorker:Storage Directory /workdir/hadoop-ozone/ozonefs/target/test-dir/MiniOzoneClusterImpl-da5888fd-c692-4355-82c4-91aa98cbf569/datanode-5/data/ratis/6efce2ed-c2fd-489a-9946-fbb75943aa24: Starting segment from index:0
2019-09-20 08:46:16,742 [0d845cc3-b0d9-47c5-b935-74fa0be2c903:group-FBB75943AA24:LeaderElection36] INFO  impl.RaftServerImpl (ServerState.java:setRaftConf(361)) - 0d845cc3-b0d9-47c5-b935-74fa0be2c903:group-FBB75943AA24 set configuration 0: [0d845cc3-b0d9-47c5-b935-74fa0be2c903:192.168.36.79:38257], old=null at 0
2019-09-20 08:46:16,779 [Thread-396] INFO  impl.FollowerState (FollowerState.java:run(106)) - 1e702f59-a831-439b-ba97-9c7e4d303d93:group-8A93CAC09A91 changes to CANDIDATE, lastRpcTime:5148, electionTimeout:5112ms
2019-09-20 08:46:16,779 [Thread-396] INFO  impl.RoleInfo (RoleInfo.java:shutdownFollowerState(121)) - 1e702f59-a831-439b-ba97-9c7e4d303d93: shutdown FollowerState
2019-09-20 08:46:16,779 [Thread-396] INFO  impl.RaftServerImpl (RaftServerImpl.java:setRole(171)) - 1e702f59-a831-439b-ba97-9c7e4d303d93:group-8A93CAC09A91 changes role from FOLLOWER to CANDIDATE at term 0 for changeToCandidate
2019-09-20 08:46:16,780 [Thread-396] INFO  impl.RoleInfo (RoleInfo.java:updateAndGet(143)) - 1e702f59-a831-439b-ba97-9c7e4d303d93: start LeaderElection
2019-09-20 08:46:16,798 [0d845cc3-b0d9-47c5-b935-74fa0be2c903-SegmentedRaftLogWorker:Storage Directory /workdir/hadoop-ozone/ozonefs/target/test-dir/MiniOzoneClusterImpl-da5888fd-c692-4355-82c4-91aa98cbf569/datanode-5/data/ratis/6efce2ed-c2fd-489a-9946-fbb75943aa24] INFO  segmented.SegmentedRaftLogWorker (SegmentedRaftLogWorker.java:execute(569)) - 0d845cc3-b0d9-47c5-b935-74fa0be2c903-SegmentedRaftLogWorker:Storage Directory /workdir/hadoop-ozone/ozonefs/target/test-dir/MiniOzoneClusterImpl-da5888fd-c692-4355-82c4-91aa98cbf569/datanode-5/data/ratis/6efce2ed-c2fd-489a-9946-fbb75943aa24: created new log segment /workdir/hadoop-ozone/ozonefs/target/test-dir/MiniOzoneClusterImpl-da5888fd-c692-4355-82c4-91aa98cbf569/datanode-5/data/ratis/6efce2ed-c2fd-489a-9946-fbb75943aa24/current/log_inprogress_0
2019-09-20 08:46:16,798 [1e702f59-a831-439b-ba97-9c7e4d303d93:group-8A93CAC09A91:LeaderElection37] INFO  impl.LeaderElection (LeaderElection.java:askForVotes(181)) - 1e702f59-a831-439b-ba97-9c7e4d303d93:group-8A93CAC09A91:LeaderElection37: begin an election at term 1 for -1: [1e702f59-a831-439b-ba97-9c7e4d303d93:192.168.36.79:42450], old=null
2019-09-20 08:46:16,798 [1e702f59-a831-439b-ba97-9c7e4d303d93:group-8A93CAC09A91:LeaderElection37] INFO  impl.RoleInfo (RoleInfo.java:shutdownLeaderElection(134)) - 1e702f59-a831-439b-ba97-9c7e4d303d93: shutdown LeaderElection
2019-09-20 08:46:16,798 [1e702f59-a831-439b-ba97-9c7e4d303d93:group-8A93CAC09A91:LeaderElection37] INFO  impl.RaftServerImpl (RaftServerImpl.java:setRole(171)) - 1e702f59-a831-439b-ba97-9c7e4d303d93:group-8A93CAC09A91 changes role from CANDIDATE to LEADER at term 1 for changeToLeader
2019-09-20 08:46:16,799 [1e702f59-a831-439b-ba97-9c7e4d303d93:group-8A93CAC09A91:LeaderElection37] INFO  impl.RaftServerImpl (ServerState.java:setLeader(263)) - 1e702f59-a831-439b-ba97-9c7e4d303d93:group-8A93CAC09A91 change Leader from null to 1e702f59-a831-439b-ba97-9c7e4d303d93 at term 1 for becomeLeader, leader elected after 5170ms
2019-09-20 08:46:16,799 [1e702f59-a831-439b-ba97-9c7e4d303d93:group-8A93CAC09A91:LeaderElection37] INFO  server.RaftServerConfigKeys (ConfUtils.java:logGet(43)) - raft.server.staging.catchup.gap = 1000 (default)
2019-09-20 08:46:16,799 [1e702f59-a831-439b-ba97-9c7e4d303d93:group-8A93CAC09A91:LeaderElection37] INFO  server.RaftServerConfigKeys (ConfUtils.java:logGet(43)) - raft.server.rpc.sleep.time = 25ms (default)
2019-09-20 08:46:16,799 [1e702f59-a831-439b-ba97-9c7e4d303d93:group-8A93CAC09A91:LeaderElection37] INFO  server.RaftServerConfigKeys (ConfUtils.java:logGet(43)) - raft.server.write.element-limit = 4096 (default)
2019-09-20 08:46:16,800 [1e702f59-a831-439b-ba97-9c7e4d303d93:group-8A93CAC09A91:LeaderElection37] INFO  server.RaftServerConfigKeys (ConfUtils.java:logGet(43)) - raft.server.watch.timeout = 10s (default)
2019-09-20 08:46:16,800 [1e702f59-a831-439b-ba97-9c7e4d303d93:group-8A93CAC09A91:LeaderElection37] INFO  server.RaftServerConfigKeys (ConfUtils.java:logGet(43)) - raft.server.watch.timeout.denomination = 1s (default)
2019-09-20 08:46:16,800 [1e702f59-a831-439b-ba97-9c7e4d303d93:group-8A93CAC09A91:LeaderElection37] INFO  server.RaftServerConfigKeys (ConfUtils.java:logGet(43)) - raft.server.watch.element-limit = 65536 (default)
2019-09-20 08:46:16,800 [1e702f59-a831-439b-ba97-9c7e4d303d93:group-8A93CAC09A91:LeaderElection37] INFO  impl.RoleInfo (RoleInfo.java:updateAndGet(143)) - 1e702f59-a831-439b-ba97-9c7e4d303d93: start LeaderState
2019-09-20 08:46:16,801 [1e702f59-a831-439b-ba97-9c7e4d303d93:group-8A93CAC09A91:LeaderElection37] INFO  segmented.SegmentedRaftLogWorker (SegmentedRaftLogWorker.java:startLogSegment(380)) - 1e702f59-a831-439b-ba97-9c7e4d303d93-SegmentedRaftLogWorker:Storage Directory /workdir/hadoop-ozone/ozonefs/target/test-dir/MiniOzoneClusterImpl-da5888fd-c692-4355-82c4-91aa98cbf569/datanode-6/data/ratis/02cce341-386f-4af4-acaa-8a93cac09a91: Starting segment from index:0
2019-09-20 08:46:16,801 [1e702f59-a831-439b-ba97-9c7e4d303d93:group-8A93CAC09A91:LeaderElection37] INFO  impl.RaftServerImpl (ServerState.java:setRaftConf(361)) - 1e702f59-a831-439b-ba97-9c7e4d303d93:group-8A93CAC09A91 set configuration 0: [1e702f59-a831-439b-ba97-9c7e4d303d93:192.168.36.79:42450], old=null at 0
2019-09-20 08:46:16,844 [Thread-402] INFO  impl.FollowerState (FollowerState.java:run(106)) - 1e702f59-a831-439b-ba97-9c7e4d303d93:group-955DC1EEC63B changes to CANDIDATE, lastRpcTime:5053, electionTimeout:5035ms
2019-09-20 08:46:16,845 [Thread-402] INFO  impl.RoleInfo (RoleInfo.java:shutdownFollowerState(121)) - 1e702f59-a831-439b-ba97-9c7e4d303d93: shutdown FollowerState
2019-09-20 08:46:16,845 [Thread-402] INFO  impl.RaftServerImpl (RaftServerImpl.java:setRole(171)) - 1e702f59-a831-439b-ba97-9c7e4d303d93:group-955DC1EEC63B changes role from FOLLOWER to CANDIDATE at term 0 for changeToCandidate
2019-09-20 08:46:16,845 [Thread-402] INFO  impl.RoleInfo (RoleInfo.java:updateAndGet(143)) - 1e702f59-a831-439b-ba97-9c7e4d303d93: start LeaderElection
2019-09-20 08:46:16,851 | INFO  | SCMAudit | user=jenkins1000 | ip=192.168.36.79 | op=SEND_HEARTBEAT {datanodeUUID=3d9fb88f-ef2a-412e-bafc-a0084682cc47, command=[]} | ret=SUCCESS |  
2019-09-20 08:46:16,865 [1e702f59-a831-439b-ba97-9c7e4d303d93-SegmentedRaftLogWorker:Storage Directory /workdir/hadoop-ozone/ozonefs/target/test-dir/MiniOzoneClusterImpl-da5888fd-c692-4355-82c4-91aa98cbf569/datanode-6/data/ratis/02cce341-386f-4af4-acaa-8a93cac09a91] INFO  segmented.SegmentedRaftLogWorker (SegmentedRaftLogWorker.java:execute(569)) - 1e702f59-a831-439b-ba97-9c7e4d303d93-SegmentedRaftLogWorker:Storage Directory /workdir/hadoop-ozone/ozonefs/target/test-dir/MiniOzoneClusterImpl-da5888fd-c692-4355-82c4-91aa98cbf569/datanode-6/data/ratis/02cce341-386f-4af4-acaa-8a93cac09a91: created new log segment /workdir/hadoop-ozone/ozonefs/target/test-dir/MiniOzoneClusterImpl-da5888fd-c692-4355-82c4-91aa98cbf569/datanode-6/data/ratis/02cce341-386f-4af4-acaa-8a93cac09a91/current/log_inprogress_0
2019-09-20 08:46:16,865 [1e702f59-a831-439b-ba97-9c7e4d303d93:group-955DC1EEC63B:LeaderElection38] INFO  impl.LeaderElection (LeaderElection.java:askForVotes(181)) - 1e702f59-a831-439b-ba97-9c7e4d303d93:group-955DC1EEC63B:LeaderElection38: begin an election at term 1 for -1: [1e702f59-a831-439b-ba97-9c7e4d303d93:192.168.36.79:42450], old=null
2019-09-20 08:46:16,866 [1e702f59-a831-439b-ba97-9c7e4d303d93:group-955DC1EEC63B:LeaderElection38] INFO  impl.RoleInfo (RoleInfo.java:shutdownLeaderElection(134)) - 1e702f59-a831-439b-ba97-9c7e4d303d93: shutdown LeaderElection
2019-09-20 08:46:16,866 [1e702f59-a831-439b-ba97-9c7e4d303d93:group-955DC1EEC63B:LeaderElection38] INFO  impl.RaftServerImpl (RaftServerImpl.java:setRole(171)) - 1e702f59-a831-439b-ba97-9c7e4d303d93:group-955DC1EEC63B changes role from CANDIDATE to LEADER at term 1 for changeToLeader
2019-09-20 08:46:16,866 [1e702f59-a831-439b-ba97-9c7e4d303d93:group-955DC1EEC63B:LeaderElection38] INFO  impl.RaftServerImpl (ServerState.java:setLeader(263)) - 1e702f59-a831-439b-ba97-9c7e4d303d93:group-955DC1EEC63B change Leader from null to 1e702f59-a831-439b-ba97-9c7e4d303d93 at term 1 for becomeLeader, leader elected after 5078ms
2019-09-20 08:46:16,866 [1e702f59-a831-439b-ba97-9c7e4d303d93:group-955DC1EEC63B:LeaderElection38] INFO  server.RaftServerConfigKeys (ConfUtils.java:logGet(43)) - raft.server.staging.catchup.gap = 1000 (default)
2019-09-20 08:46:16,866 [1e702f59-a831-439b-ba97-9c7e4d303d93:group-955DC1EEC63B:LeaderElection38] INFO  server.RaftServerConfigKeys (ConfUtils.java:logGet(43)) - raft.server.rpc.sleep.time = 25ms (default)
2019-09-20 08:46:16,867 [1e702f59-a831-439b-ba97-9c7e4d303d93:group-955DC1EEC63B:LeaderElection38] INFO  server.RaftServerConfigKeys (ConfUtils.java:logGet(43)) - raft.server.write.element-limit = 4096 (default)
2019-09-20 08:46:16,867 [1e702f59-a831-439b-ba97-9c7e4d303d93:group-955DC1EEC63B:LeaderElection38] INFO  server.RaftServerConfigKeys (ConfUtils.java:logGet(43)) - raft.server.watch.timeout = 10s (default)
2019-09-20 08:46:16,867 [1e702f59-a831-439b-ba97-9c7e4d303d93:group-955DC1EEC63B:LeaderElection38] INFO  server.RaftServerConfigKeys (ConfUtils.java:logGet(43)) - raft.server.watch.timeout.denomination = 1s (default)
2019-09-20 08:46:16,867 [1e702f59-a831-439b-ba97-9c7e4d303d93:group-955DC1EEC63B:LeaderElection38] INFO  server.RaftServerConfigKeys (ConfUtils.java:logGet(43)) - raft.server.watch.element-limit = 65536 (default)
2019-09-20 08:46:16,868 [1e702f59-a831-439b-ba97-9c7e4d303d93:group-955DC1EEC63B:LeaderElection38] INFO  impl.RoleInfo (RoleInfo.java:updateAndGet(143)) - 1e702f59-a831-439b-ba97-9c7e4d303d93: start LeaderState
2019-09-20 08:46:16,868 [1e702f59-a831-439b-ba97-9c7e4d303d93:group-955DC1EEC63B:LeaderElection38] INFO  segmented.SegmentedRaftLogWorker (SegmentedRaftLogWorker.java:startLogSegment(380)) - 1e702f59-a831-439b-ba97-9c7e4d303d93-SegmentedRaftLogWorker:Storage Directory /workdir/hadoop-ozone/ozonefs/target/test-dir/MiniOzoneClusterImpl-da5888fd-c692-4355-82c4-91aa98cbf569/datanode-6/data/ratis/ed07e4b1-4c93-4b79-b40e-955dc1eec63b: Starting segment from index:0
2019-09-20 08:46:16,868 [1e702f59-a831-439b-ba97-9c7e4d303d93:group-955DC1EEC63B:LeaderElection38] INFO  impl.RaftServerImpl (ServerState.java:setRaftConf(361)) - 1e702f59-a831-439b-ba97-9c7e4d303d93:group-955DC1EEC63B set configuration 0: [1e702f59-a831-439b-ba97-9c7e4d303d93:192.168.36.79:42450], old=null at 0
2019-09-20 08:46:16,912 [Thread-399] INFO  impl.FollowerState (FollowerState.java:run(106)) - 1cc75455-5fc2-459e-9e17-b902eb9cc08f:group-00DA66997C1D changes to CANDIDATE, lastRpcTime:5205, electionTimeout:5194ms
2019-09-20 08:46:16,912 [Thread-399] INFO  impl.RoleInfo (RoleInfo.java:shutdownFollowerState(121)) - 1cc75455-5fc2-459e-9e17-b902eb9cc08f: shutdown FollowerState
2019-09-20 08:46:16,912 [Thread-399] INFO  impl.RaftServerImpl (RaftServerImpl.java:setRole(171)) - 1cc75455-5fc2-459e-9e17-b902eb9cc08f:group-00DA66997C1D changes role from FOLLOWER to CANDIDATE at term 0 for changeToCandidate
2019-09-20 08:46:16,913 [Thread-399] INFO  impl.RoleInfo (RoleInfo.java:updateAndGet(143)) - 1cc75455-5fc2-459e-9e17-b902eb9cc08f: start LeaderElection
2019-09-20 08:46:16,926 [Thread-405] INFO  impl.FollowerState (FollowerState.java:run(106)) - 4eb079c5-a63c-4d36-97af-76873864fc0c:group-1FC51F74EBD6 changes to CANDIDATE, lastRpcTime:5042, electionTimeout:5031ms
2019-09-20 08:46:16,926 [Thread-405] INFO  impl.RoleInfo (RoleInfo.java:shutdownFollowerState(121)) - 4eb079c5-a63c-4d36-97af-76873864fc0c: shutdown FollowerState
2019-09-20 08:46:16,926 [Thread-405] INFO  impl.RaftServerImpl (RaftServerImpl.java:setRole(171)) - 4eb079c5-a63c-4d36-97af-76873864fc0c:group-1FC51F74EBD6 changes role from FOLLOWER to CANDIDATE at term 0 for changeToCandidate
2019-09-20 08:46:16,926 [Thread-405] INFO  impl.RoleInfo (RoleInfo.java:updateAndGet(143)) - 4eb079c5-a63c-4d36-97af-76873864fc0c: start LeaderElection
2019-09-20 08:46:16,932 [1e702f59-a831-439b-ba97-9c7e4d303d93-SegmentedRaftLogWorker:Storage Directory /workdir/hadoop-ozone/ozonefs/target/test-dir/MiniOzoneClusterImpl-da5888fd-c692-4355-82c4-91aa98cbf569/datanode-6/data/ratis/ed07e4b1-4c93-4b79-b40e-955dc1eec63b] INFO  segmented.SegmentedRaftLogWorker (SegmentedRaftLogWorker.java:execute(569)) - 1e702f59-a831-439b-ba97-9c7e4d303d93-SegmentedRaftLogWorker:Storage Directory /workdir/hadoop-ozone/ozonefs/target/test-dir/MiniOzoneClusterImpl-da5888fd-c692-4355-82c4-91aa98cbf569/datanode-6/data/ratis/ed07e4b1-4c93-4b79-b40e-955dc1eec63b: created new log segment /workdir/hadoop-ozone/ozonefs/target/test-dir/MiniOzoneClusterImpl-da5888fd-c692-4355-82c4-91aa98cbf569/datanode-6/data/ratis/ed07e4b1-4c93-4b79-b40e-955dc1eec63b/current/log_inprogress_0
2019-09-20 08:46:16,938 | INFO  | SCMAudit | user=jenkins1000 | ip=192.168.36.79 | op=SEND_HEARTBEAT {datanodeUUID=0d845cc3-b0d9-47c5-b935-74fa0be2c903, command=[]} | ret=SUCCESS |  
2019-09-20 08:46:16,974 [1cc75455-5fc2-459e-9e17-b902eb9cc08f:group-00DA66997C1D:LeaderElection39] INFO  impl.LeaderElection (LeaderElection.java:askForVotes(181)) - 1cc75455-5fc2-459e-9e17-b902eb9cc08f:group-00DA66997C1D:LeaderElection39: begin an election at term 1 for -1: [1cc75455-5fc2-459e-9e17-b902eb9cc08f:192.168.36.79:35300], old=null
2019-09-20 08:46:16,974 [4eb079c5-a63c-4d36-97af-76873864fc0c:group-1FC51F74EBD6:LeaderElection40] INFO  impl.LeaderElection (LeaderElection.java:askForVotes(181)) - 4eb079c5-a63c-4d36-97af-76873864fc0c:group-1FC51F74EBD6:LeaderElection40: begin an election at term 1 for -1: [4eb079c5-a63c-4d36-97af-76873864fc0c:192.168.36.79:36098], old=null
2019-09-20 08:46:16,975 [1cc75455-5fc2-459e-9e17-b902eb9cc08f:group-00DA66997C1D:LeaderElection39] INFO  impl.RoleInfo (RoleInfo.java:shutdownLeaderElection(134)) - 1cc75455-5fc2-459e-9e17-b902eb9cc08f: shutdown LeaderElection
2019-09-20 08:46:16,975 [4eb079c5-a63c-4d36-97af-76873864fc0c:group-1FC51F74EBD6:LeaderElection40] INFO  impl.RoleInfo (RoleInfo.java:shutdownLeaderElection(134)) - 4eb079c5-a63c-4d36-97af-76873864fc0c: shutdown LeaderElection
2019-09-20 08:46:16,975 [1cc75455-5fc2-459e-9e17-b902eb9cc08f:group-00DA66997C1D:LeaderElection39] INFO  impl.RaftServerImpl (RaftServerImpl.java:setRole(171)) - 1cc75455-5fc2-459e-9e17-b902eb9cc08f:group-00DA66997C1D changes role from CANDIDATE to LEADER at term 1 for changeToLeader
2019-09-20 08:46:16,975 [4eb079c5-a63c-4d36-97af-76873864fc0c:group-1FC51F74EBD6:LeaderElection40] INFO  impl.RaftServerImpl (RaftServerImpl.java:setRole(171)) - 4eb079c5-a63c-4d36-97af-76873864fc0c:group-1FC51F74EBD6 changes role from CANDIDATE to LEADER at term 1 for changeToLeader
2019-09-20 08:46:16,975 [1cc75455-5fc2-459e-9e17-b902eb9cc08f:group-00DA66997C1D:LeaderElection39] INFO  impl.RaftServerImpl (ServerState.java:setLeader(263)) - 1cc75455-5fc2-459e-9e17-b902eb9cc08f:group-00DA66997C1D change Leader from null to 1cc75455-5fc2-459e-9e17-b902eb9cc08f at term 1 for becomeLeader, leader elected after 5271ms
2019-09-20 08:46:16,975 [4eb079c5-a63c-4d36-97af-76873864fc0c:group-1FC51F74EBD6:LeaderElection40] INFO  impl.RaftServerImpl (ServerState.java:setLeader(263)) - 4eb079c5-a63c-4d36-97af-76873864fc0c:group-1FC51F74EBD6 change Leader from null to 4eb079c5-a63c-4d36-97af-76873864fc0c at term 1 for becomeLeader, leader elected after 5095ms
2019-09-20 08:46:16,976 [1cc75455-5fc2-459e-9e17-b902eb9cc08f:group-00DA66997C1D:LeaderElection39] INFO  server.RaftServerConfigKeys (ConfUtils.java:logGet(43)) - raft.server.staging.catchup.gap = 1000 (default)
2019-09-20 08:46:16,976 [4eb079c5-a63c-4d36-97af-76873864fc0c:group-1FC51F74EBD6:LeaderElection40] INFO  server.RaftServerConfigKeys (ConfUtils.java:logGet(43)) - raft.server.staging.catchup.gap = 1000 (default)
2019-09-20 08:46:16,976 [1cc75455-5fc2-459e-9e17-b902eb9cc08f:group-00DA66997C1D:LeaderElection39] INFO  server.RaftServerConfigKeys (ConfUtils.java:logGet(43)) - raft.server.rpc.sleep.time = 25ms (default)
2019-09-20 08:46:16,976 [4eb079c5-a63c-4d36-97af-76873864fc0c:group-1FC51F74EBD6:LeaderElection40] INFO  server.RaftServerConfigKeys (ConfUtils.java:logGet(43)) - raft.server.rpc.sleep.time = 25ms (default)
2019-09-20 08:46:16,976 [1cc75455-5fc2-459e-9e17-b902eb9cc08f:group-00DA66997C1D:LeaderElection39] INFO  server.RaftServerConfigKeys (ConfUtils.java:logGet(43)) - raft.server.write.element-limit = 4096 (default)
2019-09-20 08:46:16,977 [4eb079c5-a63c-4d36-97af-76873864fc0c:group-1FC51F74EBD6:LeaderElection40] INFO  server.RaftServerConfigKeys (ConfUtils.java:logGet(43)) - raft.server.write.element-limit = 4096 (default)
2019-09-20 08:46:16,977 [1cc75455-5fc2-459e-9e17-b902eb9cc08f:group-00DA66997C1D:LeaderElection39] INFO  server.RaftServerConfigKeys (ConfUtils.java:logGet(43)) - raft.server.watch.timeout = 10s (default)
2019-09-20 08:46:16,977 [4eb079c5-a63c-4d36-97af-76873864fc0c:group-1FC51F74EBD6:LeaderElection40] INFO  server.RaftServerConfigKeys (ConfUtils.java:logGet(43)) - raft.server.watch.timeout = 10s (default)
2019-09-20 08:46:16,977 [1cc75455-5fc2-459e-9e17-b902eb9cc08f:group-00DA66997C1D:LeaderElection39] INFO  server.RaftServerConfigKeys (ConfUtils.java:logGet(43)) - raft.server.watch.timeout.denomination = 1s (default)
2019-09-20 08:46:16,977 [4eb079c5-a63c-4d36-97af-76873864fc0c:group-1FC51F74EBD6:LeaderElection40] INFO  server.RaftServerConfigKeys (ConfUtils.java:logGet(43)) - raft.server.watch.timeout.denomination = 1s (default)
2019-09-20 08:46:16,977 [1cc75455-5fc2-459e-9e17-b902eb9cc08f:group-00DA66997C1D:LeaderElection39] INFO  server.RaftServerConfigKeys (ConfUtils.java:logGet(43)) - raft.server.watch.element-limit = 65536 (default)
2019-09-20 08:46:16,977 [4eb079c5-a63c-4d36-97af-76873864fc0c:group-1FC51F74EBD6:LeaderElection40] INFO  server.RaftServerConfigKeys (ConfUtils.java:logGet(43)) - raft.server.watch.element-limit = 65536 (default)
2019-09-20 08:46:16,978 [1cc75455-5fc2-459e-9e17-b902eb9cc08f:group-00DA66997C1D:LeaderElection39] INFO  impl.RoleInfo (RoleInfo.java:updateAndGet(143)) - 1cc75455-5fc2-459e-9e17-b902eb9cc08f: start LeaderState
2019-09-20 08:46:16,978 [4eb079c5-a63c-4d36-97af-76873864fc0c:group-1FC51F74EBD6:LeaderElection40] INFO  impl.RoleInfo (RoleInfo.java:updateAndGet(143)) - 4eb079c5-a63c-4d36-97af-76873864fc0c: start LeaderState
2019-09-20 08:46:16,978 [1cc75455-5fc2-459e-9e17-b902eb9cc08f:group-00DA66997C1D:LeaderElection39] INFO  segmented.SegmentedRaftLogWorker (SegmentedRaftLogWorker.java:startLogSegment(380)) - 1cc75455-5fc2-459e-9e17-b902eb9cc08f-SegmentedRaftLogWorker:Storage Directory /workdir/hadoop-ozone/ozonefs/target/test-dir/MiniOzoneClusterImpl-da5888fd-c692-4355-82c4-91aa98cbf569/datanode-2/data/ratis/ce3d3ebe-48f7-4bca-bd3a-00da66997c1d: Starting segment from index:0
2019-09-20 08:46:16,978 [4eb079c5-a63c-4d36-97af-76873864fc0c:group-1FC51F74EBD6:LeaderElection40] INFO  segmented.SegmentedRaftLogWorker (SegmentedRaftLogWorker.java:startLogSegment(380)) - 4eb079c5-a63c-4d36-97af-76873864fc0c-SegmentedRaftLogWorker:Storage Directory /workdir/hadoop-ozone/ozonefs/target/test-dir/MiniOzoneClusterImpl-da5888fd-c692-4355-82c4-91aa98cbf569/datanode-4/data/ratis/931d97db-3b86-4ce6-acd5-1fc51f74ebd6: Starting segment from index:0
2019-09-20 08:46:16,979 [1cc75455-5fc2-459e-9e17-b902eb9cc08f:group-00DA66997C1D:LeaderElection39] INFO  impl.RaftServerImpl (ServerState.java:setRaftConf(361)) - 1cc75455-5fc2-459e-9e17-b902eb9cc08f:group-00DA66997C1D set configuration 0: [1cc75455-5fc2-459e-9e17-b902eb9cc08f:192.168.36.79:35300], old=null at 0
2019-09-20 08:46:17,031 [4eb079c5-a63c-4d36-97af-76873864fc0c:group-1FC51F74EBD6:LeaderElection40] INFO  impl.RaftServerImpl (ServerState.java:setRaftConf(361)) - 4eb079c5-a63c-4d36-97af-76873864fc0c:group-1FC51F74EBD6 set configuration 0: [4eb079c5-a63c-4d36-97af-76873864fc0c:192.168.36.79:36098], old=null at 0
2019-09-20 08:46:17,068 [1cc75455-5fc2-459e-9e17-b902eb9cc08f-SegmentedRaftLogWorker:Storage Directory /workdir/hadoop-ozone/ozonefs/target/test-dir/MiniOzoneClusterImpl-da5888fd-c692-4355-82c4-91aa98cbf569/datanode-2/data/ratis/ce3d3ebe-48f7-4bca-bd3a-00da66997c1d] INFO  segmented.SegmentedRaftLogWorker (SegmentedRaftLogWorker.java:execute(569)) - 1cc75455-5fc2-459e-9e17-b902eb9cc08f-SegmentedRaftLogWorker:Storage Directory /workdir/hadoop-ozone/ozonefs/target/test-dir/MiniOzoneClusterImpl-da5888fd-c692-4355-82c4-91aa98cbf569/datanode-2/data/ratis/ce3d3ebe-48f7-4bca-bd3a-00da66997c1d: created new log segment /workdir/hadoop-ozone/ozonefs/target/test-dir/MiniOzoneClusterImpl-da5888fd-c692-4355-82c4-91aa98cbf569/datanode-2/data/ratis/ce3d3ebe-48f7-4bca-bd3a-00da66997c1d/current/log_inprogress_0
2019-09-20 08:46:17,080 [Thread-408] INFO  impl.FollowerState (FollowerState.java:run(106)) - 1cc75455-5fc2-459e-9e17-b902eb9cc08f:group-E10CB8D1EC63 changes to CANDIDATE, lastRpcTime:5077, electionTimeout:5077ms
2019-09-20 08:46:17,080 [Thread-408] INFO  impl.RoleInfo (RoleInfo.java:shutdownFollowerState(121)) - 1cc75455-5fc2-459e-9e17-b902eb9cc08f: shutdown FollowerState
2019-09-20 08:46:17,080 [Thread-408] INFO  impl.RaftServerImpl (RaftServerImpl.java:setRole(171)) - 1cc75455-5fc2-459e-9e17-b902eb9cc08f:group-E10CB8D1EC63 changes role from FOLLOWER to CANDIDATE at term 0 for changeToCandidate
2019-09-20 08:46:17,081 [Thread-408] INFO  impl.RoleInfo (RoleInfo.java:updateAndGet(143)) - 1cc75455-5fc2-459e-9e17-b902eb9cc08f: start LeaderElection
2019-09-20 08:46:17,092 [4eb079c5-a63c-4d36-97af-76873864fc0c-SegmentedRaftLogWorker:Storage Directory /workdir/hadoop-ozone/ozonefs/target/test-dir/MiniOzoneClusterImpl-da5888fd-c692-4355-82c4-91aa98cbf569/datanode-4/data/ratis/931d97db-3b86-4ce6-acd5-1fc51f74ebd6] INFO  segmented.SegmentedRaftLogWorker (SegmentedRaftLogWorker.java:execute(569)) - 4eb079c5-a63c-4d36-97af-76873864fc0c-SegmentedRaftLogWorker:Storage Directory /workdir/hadoop-ozone/ozonefs/target/test-dir/MiniOzoneClusterImpl-da5888fd-c692-4355-82c4-91aa98cbf569/datanode-4/data/ratis/931d97db-3b86-4ce6-acd5-1fc51f74ebd6: created new log segment /workdir/hadoop-ozone/ozonefs/target/test-dir/MiniOzoneClusterImpl-da5888fd-c692-4355-82c4-91aa98cbf569/datanode-4/data/ratis/931d97db-3b86-4ce6-acd5-1fc51f74ebd6/current/log_inprogress_0
2019-09-20 08:46:17,109 [1cc75455-5fc2-459e-9e17-b902eb9cc08f:group-E10CB8D1EC63:LeaderElection41] INFO  impl.LeaderElection (LeaderElection.java:askForVotes(181)) - 1cc75455-5fc2-459e-9e17-b902eb9cc08f:group-E10CB8D1EC63:LeaderElection41: begin an election at term 1 for -1: [1cc75455-5fc2-459e-9e17-b902eb9cc08f:192.168.36.79:35300], old=null
2019-09-20 08:46:17,109 [1cc75455-5fc2-459e-9e17-b902eb9cc08f:group-E10CB8D1EC63:LeaderElection41] INFO  impl.RoleInfo (RoleInfo.java:shutdownLeaderElection(134)) - 1cc75455-5fc2-459e-9e17-b902eb9cc08f: shutdown LeaderElection
2019-09-20 08:46:17,109 [1cc75455-5fc2-459e-9e17-b902eb9cc08f:group-E10CB8D1EC63:LeaderElection41] INFO  impl.RaftServerImpl (RaftServerImpl.java:setRole(171)) - 1cc75455-5fc2-459e-9e17-b902eb9cc08f:group-E10CB8D1EC63 changes role from CANDIDATE to LEADER at term 1 for changeToLeader
2019-09-20 08:46:17,109 [1cc75455-5fc2-459e-9e17-b902eb9cc08f:group-E10CB8D1EC63:LeaderElection41] INFO  impl.RaftServerImpl (ServerState.java:setLeader(263)) - 1cc75455-5fc2-459e-9e17-b902eb9cc08f:group-E10CB8D1EC63 change Leader from null to 1cc75455-5fc2-459e-9e17-b902eb9cc08f at term 1 for becomeLeader, leader elected after 5111ms
2019-09-20 08:46:17,110 [1cc75455-5fc2-459e-9e17-b902eb9cc08f:group-E10CB8D1EC63:LeaderElection41] INFO  server.RaftServerConfigKeys (ConfUtils.java:logGet(43)) - raft.server.staging.catchup.gap = 1000 (default)
2019-09-20 08:46:17,110 [1cc75455-5fc2-459e-9e17-b902eb9cc08f:group-E10CB8D1EC63:LeaderElection41] INFO  server.RaftServerConfigKeys (ConfUtils.java:logGet(43)) - raft.server.rpc.sleep.time = 25ms (default)
2019-09-20 08:46:17,110 [1cc75455-5fc2-459e-9e17-b902eb9cc08f:group-E10CB8D1EC63:LeaderElection41] INFO  server.RaftServerConfigKeys (ConfUtils.java:logGet(43)) - raft.server.write.element-limit = 4096 (default)
2019-09-20 08:46:17,110 [1cc75455-5fc2-459e-9e17-b902eb9cc08f:group-E10CB8D1EC63:LeaderElection41] INFO  server.RaftServerConfigKeys (ConfUtils.java:logGet(43)) - raft.server.watch.timeout = 10s (default)
2019-09-20 08:46:17,111 [1cc75455-5fc2-459e-9e17-b902eb9cc08f:group-E10CB8D1EC63:LeaderElection41] INFO  server.RaftServerConfigKeys (ConfUtils.java:logGet(43)) - raft.server.watch.timeout.denomination = 1s (default)
2019-09-20 08:46:17,111 [1cc75455-5fc2-459e-9e17-b902eb9cc08f:group-E10CB8D1EC63:LeaderElection41] INFO  server.RaftServerConfigKeys (ConfUtils.java:logGet(43)) - raft.server.watch.element-limit = 65536 (default)
2019-09-20 08:46:17,111 [1cc75455-5fc2-459e-9e17-b902eb9cc08f:group-E10CB8D1EC63:LeaderElection41] INFO  impl.RoleInfo (RoleInfo.java:updateAndGet(143)) - 1cc75455-5fc2-459e-9e17-b902eb9cc08f: start LeaderState
2019-09-20 08:46:17,111 [1cc75455-5fc2-459e-9e17-b902eb9cc08f:group-E10CB8D1EC63:LeaderElection41] INFO  segmented.SegmentedRaftLogWorker (SegmentedRaftLogWorker.java:startLogSegment(380)) - 1cc75455-5fc2-459e-9e17-b902eb9cc08f-SegmentedRaftLogWorker:Storage Directory /workdir/hadoop-ozone/ozonefs/target/test-dir/MiniOzoneClusterImpl-da5888fd-c692-4355-82c4-91aa98cbf569/datanode-2/data/ratis/45c80435-615d-403f-9d4f-e10cb8d1ec63: Starting segment from index:0
2019-09-20 08:46:17,112 [1cc75455-5fc2-459e-9e17-b902eb9cc08f:group-E10CB8D1EC63:LeaderElection41] INFO  impl.RaftServerImpl (ServerState.java:setRaftConf(361)) - 1cc75455-5fc2-459e-9e17-b902eb9cc08f:group-E10CB8D1EC63 set configuration 0: [1cc75455-5fc2-459e-9e17-b902eb9cc08f:192.168.36.79:35300], old=null at 0
2019-09-20 08:46:17,155 | INFO  | SCMAudit | user=jenkins1000 | ip=192.168.36.79 | op=SEND_HEARTBEAT {datanodeUUID=1e702f59-a831-439b-ba97-9c7e4d303d93, command=[]} | ret=SUCCESS |  
2019-09-20 08:46:17,173 [Thread-411] INFO  impl.FollowerState (FollowerState.java:run(106)) - 1e702f59-a831-439b-ba97-9c7e4d303d93:group-303A19B50CF5 changes to CANDIDATE, lastRpcTime:5094, electionTimeout:5094ms
2019-09-20 08:46:17,174 [Thread-411] INFO  impl.RoleInfo (RoleInfo.java:shutdownFollowerState(121)) - 1e702f59-a831-439b-ba97-9c7e4d303d93: shutdown FollowerState
2019-09-20 08:46:17,174 [Thread-411] INFO  impl.RaftServerImpl (RaftServerImpl.java:setRole(171)) - 1e702f59-a831-439b-ba97-9c7e4d303d93:group-303A19B50CF5 changes role from FOLLOWER to CANDIDATE at term 0 for changeToCandidate
2019-09-20 08:46:17,174 [Thread-411] INFO  impl.RoleInfo (RoleInfo.java:updateAndGet(143)) - 1e702f59-a831-439b-ba97-9c7e4d303d93: start LeaderElection
2019-09-20 08:46:17,184 [1cc75455-5fc2-459e-9e17-b902eb9cc08f-SegmentedRaftLogWorker:Storage Directory /workdir/hadoop-ozone/ozonefs/target/test-dir/MiniOzoneClusterImpl-da5888fd-c692-4355-82c4-91aa98cbf569/datanode-2/data/ratis/45c80435-615d-403f-9d4f-e10cb8d1ec63] INFO  segmented.SegmentedRaftLogWorker (SegmentedRaftLogWorker.java:execute(569)) - 1cc75455-5fc2-459e-9e17-b902eb9cc08f-SegmentedRaftLogWorker:Storage Directory /workdir/hadoop-ozone/ozonefs/target/test-dir/MiniOzoneClusterImpl-da5888fd-c692-4355-82c4-91aa98cbf569/datanode-2/data/ratis/45c80435-615d-403f-9d4f-e10cb8d1ec63: created new log segment /workdir/hadoop-ozone/ozonefs/target/test-dir/MiniOzoneClusterImpl-da5888fd-c692-4355-82c4-91aa98cbf569/datanode-2/data/ratis/45c80435-615d-403f-9d4f-e10cb8d1ec63/current/log_inprogress_0
2019-09-20 08:46:17,205 [Thread-414] INFO  impl.FollowerState (FollowerState.java:run(106)) - 0d845cc3-b0d9-47c5-b935-74fa0be2c903:group-356A3DFF11FA changes to CANDIDATE, lastRpcTime:5059, electionTimeout:5059ms
2019-09-20 08:46:17,205 [Thread-414] INFO  impl.RoleInfo (RoleInfo.java:shutdownFollowerState(121)) - 0d845cc3-b0d9-47c5-b935-74fa0be2c903: shutdown FollowerState
2019-09-20 08:46:17,206 [Thread-414] INFO  impl.RaftServerImpl (RaftServerImpl.java:setRole(171)) - 0d845cc3-b0d9-47c5-b935-74fa0be2c903:group-356A3DFF11FA changes role from FOLLOWER to CANDIDATE at term 0 for changeToCandidate
2019-09-20 08:46:17,206 [Thread-414] INFO  impl.RoleInfo (RoleInfo.java:updateAndGet(143)) - 0d845cc3-b0d9-47c5-b935-74fa0be2c903: start LeaderElection
2019-09-20 08:46:17,218 [1e702f59-a831-439b-ba97-9c7e4d303d93:group-303A19B50CF5:LeaderElection42] INFO  impl.LeaderElection (LeaderElection.java:askForVotes(181)) - 1e702f59-a831-439b-ba97-9c7e4d303d93:group-303A19B50CF5:LeaderElection42: begin an election at term 1 for -1: [1e702f59-a831-439b-ba97-9c7e4d303d93:192.168.36.79:42450], old=null
2019-09-20 08:46:17,218 [1e702f59-a831-439b-ba97-9c7e4d303d93:group-303A19B50CF5:LeaderElection42] INFO  impl.RoleInfo (RoleInfo.java:shutdownLeaderElection(134)) - 1e702f59-a831-439b-ba97-9c7e4d303d93: shutdown LeaderElection
2019-09-20 08:46:17,218 [1e702f59-a831-439b-ba97-9c7e4d303d93:group-303A19B50CF5:LeaderElection42] INFO  impl.RaftServerImpl (RaftServerImpl.java:setRole(171)) - 1e702f59-a831-439b-ba97-9c7e4d303d93:group-303A19B50CF5 changes role from CANDIDATE to LEADER at term 1 for changeToLeader
2019-09-20 08:46:17,218 [1e702f59-a831-439b-ba97-9c7e4d303d93:group-303A19B50CF5:LeaderElection42] INFO  impl.RaftServerImpl (ServerState.java:setLeader(263)) - 1e702f59-a831-439b-ba97-9c7e4d303d93:group-303A19B50CF5 change Leader from null to 1e702f59-a831-439b-ba97-9c7e4d303d93 at term 1 for becomeLeader, leader elected after 5144ms
2019-09-20 08:46:17,219 [1e702f59-a831-439b-ba97-9c7e4d303d93:group-303A19B50CF5:LeaderElection42] INFO  server.RaftServerConfigKeys (ConfUtils.java:logGet(43)) - raft.server.staging.catchup.gap = 1000 (default)
2019-09-20 08:46:17,219 [1e702f59-a831-439b-ba97-9c7e4d303d93:group-303A19B50CF5:LeaderElection42] INFO  server.RaftServerConfigKeys (ConfUtils.java:logGet(43)) - raft.server.rpc.sleep.time = 25ms (default)
2019-09-20 08:46:17,219 [1e702f59-a831-439b-ba97-9c7e4d303d93:group-303A19B50CF5:LeaderElection42] INFO  server.RaftServerConfigKeys (ConfUtils.java:logGet(43)) - raft.server.write.element-limit = 4096 (default)
2019-09-20 08:46:17,219 [1e702f59-a831-439b-ba97-9c7e4d303d93:group-303A19B50CF5:LeaderElection42] INFO  server.RaftServerConfigKeys (ConfUtils.java:logGet(43)) - raft.server.watch.timeout = 10s (default)
2019-09-20 08:46:17,219 [1e702f59-a831-439b-ba97-9c7e4d303d93:group-303A19B50CF5:LeaderElection42] INFO  server.RaftServerConfigKeys (ConfUtils.java:logGet(43)) - raft.server.watch.timeout.denomination = 1s (default)
2019-09-20 08:46:17,220 [1e702f59-a831-439b-ba97-9c7e4d303d93:group-303A19B50CF5:LeaderElection42] INFO  server.RaftServerConfigKeys (ConfUtils.java:logGet(43)) - raft.server.watch.element-limit = 65536 (default)
2019-09-20 08:46:17,220 [1e702f59-a831-439b-ba97-9c7e4d303d93:group-303A19B50CF5:LeaderElection42] INFO  impl.RoleInfo (RoleInfo.java:updateAndGet(143)) - 1e702f59-a831-439b-ba97-9c7e4d303d93: start LeaderState
2019-09-20 08:46:17,220 [1e702f59-a831-439b-ba97-9c7e4d303d93:group-303A19B50CF5:LeaderElection42] INFO  segmented.SegmentedRaftLogWorker (SegmentedRaftLogWorker.java:startLogSegment(380)) - 1e702f59-a831-439b-ba97-9c7e4d303d93-SegmentedRaftLogWorker:Storage Directory /workdir/hadoop-ozone/ozonefs/target/test-dir/MiniOzoneClusterImpl-da5888fd-c692-4355-82c4-91aa98cbf569/datanode-6/data/ratis/e0d5c1af-2969-4d4d-8312-303a19b50cf5: Starting segment from index:0
2019-09-20 08:46:17,221 [1e702f59-a831-439b-ba97-9c7e4d303d93:group-303A19B50CF5:LeaderElection42] INFO  impl.RaftServerImpl (ServerState.java:setRaftConf(361)) - 1e702f59-a831-439b-ba97-9c7e4d303d93:group-303A19B50CF5 set configuration 0: [1e702f59-a831-439b-ba97-9c7e4d303d93:192.168.36.79:42450], old=null at 0
2019-09-20 08:46:17,235 [0d845cc3-b0d9-47c5-b935-74fa0be2c903:group-356A3DFF11FA:LeaderElection43] INFO  impl.LeaderElection (LeaderElection.java:askForVotes(181)) - 0d845cc3-b0d9-47c5-b935-74fa0be2c903:group-356A3DFF11FA:LeaderElection43: begin an election at term 1 for -1: [0d845cc3-b0d9-47c5-b935-74fa0be2c903:192.168.36.79:38257], old=null
2019-09-20 08:46:17,235 [0d845cc3-b0d9-47c5-b935-74fa0be2c903:group-356A3DFF11FA:LeaderElection43] INFO  impl.RoleInfo (RoleInfo.java:shutdownLeaderElection(134)) - 0d845cc3-b0d9-47c5-b935-74fa0be2c903: shutdown LeaderElection
2019-09-20 08:46:17,235 [0d845cc3-b0d9-47c5-b935-74fa0be2c903:group-356A3DFF11FA:LeaderElection43] INFO  impl.RaftServerImpl (RaftServerImpl.java:setRole(171)) - 0d845cc3-b0d9-47c5-b935-74fa0be2c903:group-356A3DFF11FA changes role from CANDIDATE to LEADER at term 1 for changeToLeader
2019-09-20 08:46:17,235 [0d845cc3-b0d9-47c5-b935-74fa0be2c903:group-356A3DFF11FA:LeaderElection43] INFO  impl.RaftServerImpl (ServerState.java:setLeader(263)) - 0d845cc3-b0d9-47c5-b935-74fa0be2c903:group-356A3DFF11FA change Leader from null to 0d845cc3-b0d9-47c5-b935-74fa0be2c903 at term 1 for becomeLeader, leader elected after 5093ms
2019-09-20 08:46:17,236 [0d845cc3-b0d9-47c5-b935-74fa0be2c903:group-356A3DFF11FA:LeaderElection43] INFO  server.RaftServerConfigKeys (ConfUtils.java:logGet(43)) - raft.server.staging.catchup.gap = 1000 (default)
2019-09-20 08:46:17,236 [0d845cc3-b0d9-47c5-b935-74fa0be2c903:group-356A3DFF11FA:LeaderElection43] INFO  server.RaftServerConfigKeys (ConfUtils.java:logGet(43)) - raft.server.rpc.sleep.time = 25ms (default)
2019-09-20 08:46:17,236 [0d845cc3-b0d9-47c5-b935-74fa0be2c903:group-356A3DFF11FA:LeaderElection43] INFO  server.RaftServerConfigKeys (ConfUtils.java:logGet(43)) - raft.server.write.element-limit = 4096 (default)
2019-09-20 08:46:17,236 [0d845cc3-b0d9-47c5-b935-74fa0be2c903:group-356A3DFF11FA:LeaderElection43] INFO  server.RaftServerConfigKeys (ConfUtils.java:logGet(43)) - raft.server.watch.timeout = 10s (default)
2019-09-20 08:46:17,237 [0d845cc3-b0d9-47c5-b935-74fa0be2c903:group-356A3DFF11FA:LeaderElection43] INFO  server.RaftServerConfigKeys (ConfUtils.java:logGet(43)) - raft.server.watch.timeout.denomination = 1s (default)
2019-09-20 08:46:17,237 [0d845cc3-b0d9-47c5-b935-74fa0be2c903:group-356A3DFF11FA:LeaderElection43] INFO  server.RaftServerConfigKeys (ConfUtils.java:logGet(43)) - raft.server.watch.element-limit = 65536 (default)
2019-09-20 08:46:17,237 [0d845cc3-b0d9-47c5-b935-74fa0be2c903:group-356A3DFF11FA:LeaderElection43] INFO  impl.RoleInfo (RoleInfo.java:updateAndGet(143)) - 0d845cc3-b0d9-47c5-b935-74fa0be2c903: start LeaderState
2019-09-20 08:46:17,237 [0d845cc3-b0d9-47c5-b935-74fa0be2c903:group-356A3DFF11FA:LeaderElection43] INFO  segmented.SegmentedRaftLogWorker (SegmentedRaftLogWorker.java:startLogSegment(380)) - 0d845cc3-b0d9-47c5-b935-74fa0be2c903-SegmentedRaftLogWorker:Storage Directory /workdir/hadoop-ozone/ozonefs/target/test-dir/MiniOzoneClusterImpl-da5888fd-c692-4355-82c4-91aa98cbf569/datanode-5/data/ratis/2595e68e-f669-4e3b-ba04-356a3dff11fa: Starting segment from index:0
2019-09-20 08:46:17,238 [0d845cc3-b0d9-47c5-b935-74fa0be2c903:group-356A3DFF11FA:LeaderElection43] INFO  impl.RaftServerImpl (ServerState.java:setRaftConf(361)) - 0d845cc3-b0d9-47c5-b935-74fa0be2c903:group-356A3DFF11FA set configuration 0: [0d845cc3-b0d9-47c5-b935-74fa0be2c903:192.168.36.79:38257], old=null at 0
2019-09-20 08:46:17,271 [Thread-417] INFO  impl.FollowerState (FollowerState.java:run(106)) - d3d24c2e-887e-42af-9ac0-80e26c3dc807:group-29D3BE3874AE changes to CANDIDATE, lastRpcTime:5049, electionTimeout:5049ms
2019-09-20 08:46:17,271 [Thread-417] INFO  impl.RoleInfo (RoleInfo.java:shutdownFollowerState(121)) - d3d24c2e-887e-42af-9ac0-80e26c3dc807: shutdown FollowerState
2019-09-20 08:46:17,272 [Thread-417] INFO  impl.RaftServerImpl (RaftServerImpl.java:setRole(171)) - d3d24c2e-887e-42af-9ac0-80e26c3dc807:group-29D3BE3874AE changes role from FOLLOWER to CANDIDATE at term 0 for changeToCandidate
2019-09-20 08:46:17,272 [Thread-417] INFO  impl.RoleInfo (RoleInfo.java:updateAndGet(143)) - d3d24c2e-887e-42af-9ac0-80e26c3dc807: start LeaderElection
2019-09-20 08:46:17,294 [1e702f59-a831-439b-ba97-9c7e4d303d93-SegmentedRaftLogWorker:Storage Directory /workdir/hadoop-ozone/ozonefs/target/test-dir/MiniOzoneClusterImpl-da5888fd-c692-4355-82c4-91aa98cbf569/datanode-6/data/ratis/e0d5c1af-2969-4d4d-8312-303a19b50cf5] INFO  segmented.SegmentedRaftLogWorker (SegmentedRaftLogWorker.java:execute(569)) - 1e702f59-a831-439b-ba97-9c7e4d303d93-SegmentedRaftLogWorker:Storage Directory /workdir/hadoop-ozone/ozonefs/target/test-dir/MiniOzoneClusterImpl-da5888fd-c692-4355-82c4-91aa98cbf569/datanode-6/data/ratis/e0d5c1af-2969-4d4d-8312-303a19b50cf5: created new log segment /workdir/hadoop-ozone/ozonefs/target/test-dir/MiniOzoneClusterImpl-da5888fd-c692-4355-82c4-91aa98cbf569/datanode-6/data/ratis/e0d5c1af-2969-4d4d-8312-303a19b50cf5/current/log_inprogress_0
2019-09-20 08:46:17,303 [d3d24c2e-887e-42af-9ac0-80e26c3dc807:group-29D3BE3874AE:LeaderElection44] INFO  impl.LeaderElection (LeaderElection.java:askForVotes(181)) - d3d24c2e-887e-42af-9ac0-80e26c3dc807:group-29D3BE3874AE:LeaderElection44: begin an election at term 1 for -1: [d3d24c2e-887e-42af-9ac0-80e26c3dc807:192.168.36.79:46632], old=null
2019-09-20 08:46:17,303 [d3d24c2e-887e-42af-9ac0-80e26c3dc807:group-29D3BE3874AE:LeaderElection44] INFO  impl.RoleInfo (RoleInfo.java:shutdownLeaderElection(134)) - d3d24c2e-887e-42af-9ac0-80e26c3dc807: shutdown LeaderElection
2019-09-20 08:46:17,303 [d3d24c2e-887e-42af-9ac0-80e26c3dc807:group-29D3BE3874AE:LeaderElection44] INFO  impl.RaftServerImpl (RaftServerImpl.java:setRole(171)) - d3d24c2e-887e-42af-9ac0-80e26c3dc807:group-29D3BE3874AE changes role from CANDIDATE to LEADER at term 1 for changeToLeader
2019-09-20 08:46:17,303 [d3d24c2e-887e-42af-9ac0-80e26c3dc807:group-29D3BE3874AE:LeaderElection44] INFO  impl.RaftServerImpl (ServerState.java:setLeader(263)) - d3d24c2e-887e-42af-9ac0-80e26c3dc807:group-29D3BE3874AE change Leader from null to d3d24c2e-887e-42af-9ac0-80e26c3dc807 at term 1 for becomeLeader, leader elected after 5086ms
2019-09-20 08:46:17,304 [d3d24c2e-887e-42af-9ac0-80e26c3dc807:group-29D3BE3874AE:LeaderElection44] INFO  server.RaftServerConfigKeys (ConfUtils.java:logGet(43)) - raft.server.staging.catchup.gap = 1000 (default)
2019-09-20 08:46:17,304 [d3d24c2e-887e-42af-9ac0-80e26c3dc807:group-29D3BE3874AE:LeaderElection44] INFO  server.RaftServerConfigKeys (ConfUtils.java:logGet(43)) - raft.server.rpc.sleep.time = 25ms (default)
2019-09-20 08:46:17,304 [d3d24c2e-887e-42af-9ac0-80e26c3dc807:group-29D3BE3874AE:LeaderElection44] INFO  server.RaftServerConfigKeys (ConfUtils.java:logGet(43)) - raft.server.write.element-limit = 4096 (default)
2019-09-20 08:46:17,304 [d3d24c2e-887e-42af-9ac0-80e26c3dc807:group-29D3BE3874AE:LeaderElection44] INFO  server.RaftServerConfigKeys (ConfUtils.java:logGet(43)) - raft.server.watch.timeout = 10s (default)
2019-09-20 08:46:17,304 [d3d24c2e-887e-42af-9ac0-80e26c3dc807:group-29D3BE3874AE:LeaderElection44] INFO  server.RaftServerConfigKeys (ConfUtils.java:logGet(43)) - raft.server.watch.timeout.denomination = 1s (default)
2019-09-20 08:46:17,304 [d3d24c2e-887e-42af-9ac0-80e26c3dc807:group-29D3BE3874AE:LeaderElection44] INFO  server.RaftServerConfigKeys (ConfUtils.java:logGet(43)) - raft.server.watch.element-limit = 65536 (default)
2019-09-20 08:46:17,305 [d3d24c2e-887e-42af-9ac0-80e26c3dc807:group-29D3BE3874AE:LeaderElection44] INFO  impl.RoleInfo (RoleInfo.java:updateAndGet(143)) - d3d24c2e-887e-42af-9ac0-80e26c3dc807: start LeaderState
2019-09-20 08:46:17,305 [d3d24c2e-887e-42af-9ac0-80e26c3dc807:group-29D3BE3874AE:LeaderElection44] INFO  segmented.SegmentedRaftLogWorker (SegmentedRaftLogWorker.java:startLogSegment(380)) - d3d24c2e-887e-42af-9ac0-80e26c3dc807-SegmentedRaftLogWorker:Storage Directory /workdir/hadoop-ozone/ozonefs/target/test-dir/MiniOzoneClusterImpl-da5888fd-c692-4355-82c4-91aa98cbf569/datanode-7/data/ratis/bec1b8c5-6003-44e7-86da-29d3be3874ae: Starting segment from index:0
2019-09-20 08:46:17,305 [d3d24c2e-887e-42af-9ac0-80e26c3dc807:group-29D3BE3874AE:LeaderElection44] INFO  impl.RaftServerImpl (ServerState.java:setRaftConf(361)) - d3d24c2e-887e-42af-9ac0-80e26c3dc807:group-29D3BE3874AE set configuration 0: [d3d24c2e-887e-42af-9ac0-80e26c3dc807:192.168.36.79:46632], old=null at 0
2019-09-20 08:46:17,311 [0d845cc3-b0d9-47c5-b935-74fa0be2c903-SegmentedRaftLogWorker:Storage Directory /workdir/hadoop-ozone/ozonefs/target/test-dir/MiniOzoneClusterImpl-da5888fd-c692-4355-82c4-91aa98cbf569/datanode-5/data/ratis/2595e68e-f669-4e3b-ba04-356a3dff11fa] INFO  segmented.SegmentedRaftLogWorker (SegmentedRaftLogWorker.java:execute(569)) - 0d845cc3-b0d9-47c5-b935-74fa0be2c903-SegmentedRaftLogWorker:Storage Directory /workdir/hadoop-ozone/ozonefs/target/test-dir/MiniOzoneClusterImpl-da5888fd-c692-4355-82c4-91aa98cbf569/datanode-5/data/ratis/2595e68e-f669-4e3b-ba04-356a3dff11fa: created new log segment /workdir/hadoop-ozone/ozonefs/target/test-dir/MiniOzoneClusterImpl-da5888fd-c692-4355-82c4-91aa98cbf569/datanode-5/data/ratis/2595e68e-f669-4e3b-ba04-356a3dff11fa/current/log_inprogress_0
2019-09-20 08:46:17,358 | INFO  | SCMAudit | user=jenkins1000 | ip=192.168.36.79 | op=SEND_HEARTBEAT {datanodeUUID=d3d24c2e-887e-42af-9ac0-80e26c3dc807, command=[]} | ret=SUCCESS |  
2019-09-20 08:46:17,362 [d3d24c2e-887e-42af-9ac0-80e26c3dc807-SegmentedRaftLogWorker:Storage Directory /workdir/hadoop-ozone/ozonefs/target/test-dir/MiniOzoneClusterImpl-da5888fd-c692-4355-82c4-91aa98cbf569/datanode-7/data/ratis/bec1b8c5-6003-44e7-86da-29d3be3874ae] INFO  segmented.SegmentedRaftLogWorker (SegmentedRaftLogWorker.java:execute(569)) - d3d24c2e-887e-42af-9ac0-80e26c3dc807-SegmentedRaftLogWorker:Storage Directory /workdir/hadoop-ozone/ozonefs/target/test-dir/MiniOzoneClusterImpl-da5888fd-c692-4355-82c4-91aa98cbf569/datanode-7/data/ratis/bec1b8c5-6003-44e7-86da-29d3be3874ae: created new log segment /workdir/hadoop-ozone/ozonefs/target/test-dir/MiniOzoneClusterImpl-da5888fd-c692-4355-82c4-91aa98cbf569/datanode-7/data/ratis/bec1b8c5-6003-44e7-86da-29d3be3874ae/current/log_inprogress_0
2019-09-20 08:46:17,377 [Thread-420] INFO  impl.FollowerState (FollowerState.java:run(106)) - d3d24c2e-887e-42af-9ac0-80e26c3dc807:group-032342BC2ED5 changes to CANDIDATE, lastRpcTime:5087, electionTimeout:5087ms
2019-09-20 08:46:17,377 [Thread-420] INFO  impl.RoleInfo (RoleInfo.java:shutdownFollowerState(121)) - d3d24c2e-887e-42af-9ac0-80e26c3dc807: shutdown FollowerState
2019-09-20 08:46:17,377 [Thread-420] INFO  impl.RaftServerImpl (RaftServerImpl.java:setRole(171)) - d3d24c2e-887e-42af-9ac0-80e26c3dc807:group-032342BC2ED5 changes role from FOLLOWER to CANDIDATE at term 0 for changeToCandidate
2019-09-20 08:46:17,377 [Thread-420] INFO  impl.RoleInfo (RoleInfo.java:updateAndGet(143)) - d3d24c2e-887e-42af-9ac0-80e26c3dc807: start LeaderElection
2019-09-20 08:46:17,395 [d3d24c2e-887e-42af-9ac0-80e26c3dc807:group-032342BC2ED5:LeaderElection45] INFO  impl.LeaderElection (LeaderElection.java:askForVotes(181)) - d3d24c2e-887e-42af-9ac0-80e26c3dc807:group-032342BC2ED5:LeaderElection45: begin an election at term 1 for -1: [d3d24c2e-887e-42af-9ac0-80e26c3dc807:192.168.36.79:46632], old=null
2019-09-20 08:46:17,396 [d3d24c2e-887e-42af-9ac0-80e26c3dc807:group-032342BC2ED5:LeaderElection45] INFO  impl.RoleInfo (RoleInfo.java:shutdownLeaderElection(134)) - d3d24c2e-887e-42af-9ac0-80e26c3dc807: shutdown LeaderElection
2019-09-20 08:46:17,396 [d3d24c2e-887e-42af-9ac0-80e26c3dc807:group-032342BC2ED5:LeaderElection45] INFO  impl.RaftServerImpl (RaftServerImpl.java:setRole(171)) - d3d24c2e-887e-42af-9ac0-80e26c3dc807:group-032342BC2ED5 changes role from CANDIDATE to LEADER at term 1 for changeToLeader
2019-09-20 08:46:17,396 [d3d24c2e-887e-42af-9ac0-80e26c3dc807:group-032342BC2ED5:LeaderElection45] INFO  impl.RaftServerImpl (ServerState.java:setLeader(263)) - d3d24c2e-887e-42af-9ac0-80e26c3dc807:group-032342BC2ED5 change Leader from null to d3d24c2e-887e-42af-9ac0-80e26c3dc807 at term 1 for becomeLeader, leader elected after 5111ms
2019-09-20 08:46:17,396 [d3d24c2e-887e-42af-9ac0-80e26c3dc807:group-032342BC2ED5:LeaderElection45] INFO  server.RaftServerConfigKeys (ConfUtils.java:logGet(43)) - raft.server.staging.catchup.gap = 1000 (default)
2019-09-20 08:46:17,396 [d3d24c2e-887e-42af-9ac0-80e26c3dc807:group-032342BC2ED5:LeaderElection45] INFO  server.RaftServerConfigKeys (ConfUtils.java:logGet(43)) - raft.server.rpc.sleep.time = 25ms (default)
2019-09-20 08:46:17,397 [d3d24c2e-887e-42af-9ac0-80e26c3dc807:group-032342BC2ED5:LeaderElection45] INFO  server.RaftServerConfigKeys (ConfUtils.java:logGet(43)) - raft.server.write.element-limit = 4096 (default)
2019-09-20 08:46:17,397 [d3d24c2e-887e-42af-9ac0-80e26c3dc807:group-032342BC2ED5:LeaderElection45] INFO  server.RaftServerConfigKeys (ConfUtils.java:logGet(43)) - raft.server.watch.timeout = 10s (default)
2019-09-20 08:46:17,397 [d3d24c2e-887e-42af-9ac0-80e26c3dc807:group-032342BC2ED5:LeaderElection45] INFO  server.RaftServerConfigKeys (ConfUtils.java:logGet(43)) - raft.server.watch.timeout.denomination = 1s (default)
2019-09-20 08:46:17,397 [d3d24c2e-887e-42af-9ac0-80e26c3dc807:group-032342BC2ED5:LeaderElection45] INFO  server.RaftServerConfigKeys (ConfUtils.java:logGet(43)) - raft.server.watch.element-limit = 65536 (default)
2019-09-20 08:46:17,397 [d3d24c2e-887e-42af-9ac0-80e26c3dc807:group-032342BC2ED5:LeaderElection45] INFO  impl.RoleInfo (RoleInfo.java:updateAndGet(143)) - d3d24c2e-887e-42af-9ac0-80e26c3dc807: start LeaderState
2019-09-20 08:46:17,398 [d3d24c2e-887e-42af-9ac0-80e26c3dc807:group-032342BC2ED5:LeaderElection45] INFO  segmented.SegmentedRaftLogWorker (SegmentedRaftLogWorker.java:startLogSegment(380)) - d3d24c2e-887e-42af-9ac0-80e26c3dc807-SegmentedRaftLogWorker:Storage Directory /workdir/hadoop-ozone/ozonefs/target/test-dir/MiniOzoneClusterImpl-da5888fd-c692-4355-82c4-91aa98cbf569/datanode-7/data/ratis/07aba8e3-5a09-4c4a-9394-032342bc2ed5: Starting segment from index:0
2019-09-20 08:46:17,398 [d3d24c2e-887e-42af-9ac0-80e26c3dc807:group-032342BC2ED5:LeaderElection45] INFO  impl.RaftServerImpl (ServerState.java:setRaftConf(361)) - d3d24c2e-887e-42af-9ac0-80e26c3dc807:group-032342BC2ED5 set configuration 0: [d3d24c2e-887e-42af-9ac0-80e26c3dc807:192.168.36.79:46632], old=null at 0
2019-09-20 08:46:17,406 [Thread-423] INFO  impl.FollowerState (FollowerState.java:run(106)) - d3d24c2e-887e-42af-9ac0-80e26c3dc807:group-ECF9F0BD6B3D changes to CANDIDATE, lastRpcTime:5050, electionTimeout:5050ms
2019-09-20 08:46:17,406 [Thread-423] INFO  impl.RoleInfo (RoleInfo.java:shutdownFollowerState(121)) - d3d24c2e-887e-42af-9ac0-80e26c3dc807: shutdown FollowerState
2019-09-20 08:46:17,407 [Thread-423] INFO  impl.RaftServerImpl (RaftServerImpl.java:setRole(171)) - d3d24c2e-887e-42af-9ac0-80e26c3dc807:group-ECF9F0BD6B3D changes role from FOLLOWER to CANDIDATE at term 0 for changeToCandidate
2019-09-20 08:46:17,407 [Thread-423] INFO  impl.RoleInfo (RoleInfo.java:updateAndGet(143)) - d3d24c2e-887e-42af-9ac0-80e26c3dc807: start LeaderElection
2019-09-20 08:46:17,438 [d3d24c2e-887e-42af-9ac0-80e26c3dc807:group-ECF9F0BD6B3D:LeaderElection46] INFO  impl.LeaderElection (LeaderElection.java:askForVotes(181)) - d3d24c2e-887e-42af-9ac0-80e26c3dc807:group-ECF9F0BD6B3D:LeaderElection46: begin an election at term 1 for -1: [d3d24c2e-887e-42af-9ac0-80e26c3dc807:192.168.36.79:46632], old=null
2019-09-20 08:46:17,438 [d3d24c2e-887e-42af-9ac0-80e26c3dc807:group-ECF9F0BD6B3D:LeaderElection46] INFO  impl.RoleInfo (RoleInfo.java:shutdownLeaderElection(134)) - d3d24c2e-887e-42af-9ac0-80e26c3dc807: shutdown LeaderElection
2019-09-20 08:46:17,438 [d3d24c2e-887e-42af-9ac0-80e26c3dc807:group-ECF9F0BD6B3D:LeaderElection46] INFO  impl.RaftServerImpl (RaftServerImpl.java:setRole(171)) - d3d24c2e-887e-42af-9ac0-80e26c3dc807:group-ECF9F0BD6B3D changes role from CANDIDATE to LEADER at term 1 for changeToLeader
2019-09-20 08:46:17,438 [d3d24c2e-887e-42af-9ac0-80e26c3dc807:group-ECF9F0BD6B3D:LeaderElection46] INFO  impl.RaftServerImpl (ServerState.java:setLeader(263)) - d3d24c2e-887e-42af-9ac0-80e26c3dc807:group-ECF9F0BD6B3D change Leader from null to d3d24c2e-887e-42af-9ac0-80e26c3dc807 at term 1 for becomeLeader, leader elected after 5085ms
2019-09-20 08:46:17,438 [d3d24c2e-887e-42af-9ac0-80e26c3dc807:group-ECF9F0BD6B3D:LeaderElection46] INFO  server.RaftServerConfigKeys (ConfUtils.java:logGet(43)) - raft.server.staging.catchup.gap = 1000 (default)
2019-09-20 08:46:17,438 [d3d24c2e-887e-42af-9ac0-80e26c3dc807:group-ECF9F0BD6B3D:LeaderElection46] INFO  server.RaftServerConfigKeys (ConfUtils.java:logGet(43)) - raft.server.rpc.sleep.time = 25ms (default)
2019-09-20 08:46:17,438 [d3d24c2e-887e-42af-9ac0-80e26c3dc807:group-ECF9F0BD6B3D:LeaderElection46] INFO  server.RaftServerConfigKeys (ConfUtils.java:logGet(43)) - raft.server.write.element-limit = 4096 (default)
2019-09-20 08:46:17,438 [d3d24c2e-887e-42af-9ac0-80e26c3dc807:group-ECF9F0BD6B3D:LeaderElection46] INFO  server.RaftServerConfigKeys (ConfUtils.java:logGet(43)) - raft.server.watch.timeout = 10s (default)
2019-09-20 08:46:17,439 [d3d24c2e-887e-42af-9ac0-80e26c3dc807:group-ECF9F0BD6B3D:LeaderElection46] INFO  server.RaftServerConfigKeys (ConfUtils.java:logGet(43)) - raft.server.watch.timeout.denomination = 1s (default)
2019-09-20 08:46:17,439 [d3d24c2e-887e-42af-9ac0-80e26c3dc807:group-ECF9F0BD6B3D:LeaderElection46] INFO  server.RaftServerConfigKeys (ConfUtils.java:logGet(43)) - raft.server.watch.element-limit = 65536 (default)
2019-09-20 08:46:17,439 [d3d24c2e-887e-42af-9ac0-80e26c3dc807:group-ECF9F0BD6B3D:LeaderElection46] INFO  impl.RoleInfo (RoleInfo.java:updateAndGet(143)) - d3d24c2e-887e-42af-9ac0-80e26c3dc807: start LeaderState
2019-09-20 08:46:17,439 [d3d24c2e-887e-42af-9ac0-80e26c3dc807:group-ECF9F0BD6B3D:LeaderElection46] INFO  segmented.SegmentedRaftLogWorker (SegmentedRaftLogWorker.java:startLogSegment(380)) - d3d24c2e-887e-42af-9ac0-80e26c3dc807-SegmentedRaftLogWorker:Storage Directory /workdir/hadoop-ozone/ozonefs/target/test-dir/MiniOzoneClusterImpl-da5888fd-c692-4355-82c4-91aa98cbf569/datanode-7/data/ratis/80019530-f7d6-453c-bc3b-ecf9f0bd6b3d: Starting segment from index:0
2019-09-20 08:46:17,440 [d3d24c2e-887e-42af-9ac0-80e26c3dc807:group-ECF9F0BD6B3D:LeaderElection46] INFO  impl.RaftServerImpl (ServerState.java:setRaftConf(361)) - d3d24c2e-887e-42af-9ac0-80e26c3dc807:group-ECF9F0BD6B3D set configuration 0: [d3d24c2e-887e-42af-9ac0-80e26c3dc807:192.168.36.79:46632], old=null at 0
2019-09-20 08:46:17,468 | INFO  | SCMAudit | user=jenkins1000 | ip=192.168.36.79 | op=SEND_HEARTBEAT {datanodeUUID=3ea69b51-ea1d-40b9-a82f-433a48a46bff, command=[]} | ret=SUCCESS |  
2019-09-20 08:46:17,479 [d3d24c2e-887e-42af-9ac0-80e26c3dc807-SegmentedRaftLogWorker:Storage Directory /workdir/hadoop-ozone/ozonefs/target/test-dir/MiniOzoneClusterImpl-da5888fd-c692-4355-82c4-91aa98cbf569/datanode-7/data/ratis/07aba8e3-5a09-4c4a-9394-032342bc2ed5] INFO  segmented.SegmentedRaftLogWorker (SegmentedRaftLogWorker.java:execute(569)) - d3d24c2e-887e-42af-9ac0-80e26c3dc807-SegmentedRaftLogWorker:Storage Directory /workdir/hadoop-ozone/ozonefs/target/test-dir/MiniOzoneClusterImpl-da5888fd-c692-4355-82c4-91aa98cbf569/datanode-7/data/ratis/07aba8e3-5a09-4c4a-9394-032342bc2ed5: created new log segment /workdir/hadoop-ozone/ozonefs/target/test-dir/MiniOzoneClusterImpl-da5888fd-c692-4355-82c4-91aa98cbf569/datanode-7/data/ratis/07aba8e3-5a09-4c4a-9394-032342bc2ed5/current/log_inprogress_0
2019-09-20 08:46:17,496 [d3d24c2e-887e-42af-9ac0-80e26c3dc807-SegmentedRaftLogWorker:Storage Directory /workdir/hadoop-ozone/ozonefs/target/test-dir/MiniOzoneClusterImpl-da5888fd-c692-4355-82c4-91aa98cbf569/datanode-7/data/ratis/80019530-f7d6-453c-bc3b-ecf9f0bd6b3d] INFO  segmented.SegmentedRaftLogWorker (SegmentedRaftLogWorker.java:execute(569)) - d3d24c2e-887e-42af-9ac0-80e26c3dc807-SegmentedRaftLogWorker:Storage Directory /workdir/hadoop-ozone/ozonefs/target/test-dir/MiniOzoneClusterImpl-da5888fd-c692-4355-82c4-91aa98cbf569/datanode-7/data/ratis/80019530-f7d6-453c-bc3b-ecf9f0bd6b3d: created new log segment /workdir/hadoop-ozone/ozonefs/target/test-dir/MiniOzoneClusterImpl-da5888fd-c692-4355-82c4-91aa98cbf569/datanode-7/data/ratis/80019530-f7d6-453c-bc3b-ecf9f0bd6b3d/current/log_inprogress_0
2019-09-20 08:46:17,501 | INFO  | SCMAudit | user=jenkins1000 | ip=192.168.36.79 | op=SEND_HEARTBEAT {datanodeUUID=a3bf3c1a-4063-48f8-b1bd-e321780611c4, command=[]} | ret=SUCCESS |  
2019-09-20 08:46:17,501 | INFO  | SCMAudit | user=jenkins1000 | ip=192.168.36.79 | op=SEND_HEARTBEAT {datanodeUUID=1cc75455-5fc2-459e-9e17-b902eb9cc08f, command=[]} | ret=SUCCESS |  
2019-09-20 08:46:17,564 [Thread-429] INFO  impl.FollowerState (FollowerState.java:run(106)) - 735a34e4-c7c4-465a-a71d-fefc6390b8eb:group-A9BE5EA3D69F changes to CANDIDATE, lastRpcTime:5048, electionTimeout:5047ms
2019-09-20 08:46:17,564 [Thread-429] INFO  impl.RoleInfo (RoleInfo.java:shutdownFollowerState(121)) - 735a34e4-c7c4-465a-a71d-fefc6390b8eb: shutdown FollowerState
2019-09-20 08:46:17,564 [Thread-429] INFO  impl.RaftServerImpl (RaftServerImpl.java:setRole(171)) - 735a34e4-c7c4-465a-a71d-fefc6390b8eb:group-A9BE5EA3D69F changes role from FOLLOWER to CANDIDATE at term 0 for changeToCandidate
2019-09-20 08:46:17,565 [Thread-429] INFO  impl.RoleInfo (RoleInfo.java:updateAndGet(143)) - 735a34e4-c7c4-465a-a71d-fefc6390b8eb: start LeaderElection
2019-09-20 08:46:17,570 | INFO  | SCMAudit | user=jenkins1000 | ip=192.168.36.79 | op=SEND_HEARTBEAT {datanodeUUID=735a34e4-c7c4-465a-a71d-fefc6390b8eb, command=[]} | ret=SUCCESS |  
2019-09-20 08:46:17,582 [Thread-426] INFO  impl.FollowerState (FollowerState.java:run(106)) - 1cc75455-5fc2-459e-9e17-b902eb9cc08f:group-D485B39E6266 changes to CANDIDATE, lastRpcTime:5174, electionTimeout:5174ms
2019-09-20 08:46:17,582 [Thread-426] INFO  impl.RoleInfo (RoleInfo.java:shutdownFollowerState(121)) - 1cc75455-5fc2-459e-9e17-b902eb9cc08f: shutdown FollowerState
2019-09-20 08:46:17,582 [Thread-426] INFO  impl.RaftServerImpl (RaftServerImpl.java:setRole(171)) - 1cc75455-5fc2-459e-9e17-b902eb9cc08f:group-D485B39E6266 changes role from FOLLOWER to CANDIDATE at term 0 for changeToCandidate
2019-09-20 08:46:17,582 [Thread-426] INFO  impl.RoleInfo (RoleInfo.java:updateAndGet(143)) - 1cc75455-5fc2-459e-9e17-b902eb9cc08f: start LeaderElection
2019-09-20 08:46:17,588 [735a34e4-c7c4-465a-a71d-fefc6390b8eb:group-A9BE5EA3D69F:LeaderElection47] INFO  impl.LeaderElection (LeaderElection.java:askForVotes(181)) - 735a34e4-c7c4-465a-a71d-fefc6390b8eb:group-A9BE5EA3D69F:LeaderElection47: begin an election at term 1 for -1: [735a34e4-c7c4-465a-a71d-fefc6390b8eb:192.168.36.79:38484], old=null
2019-09-20 08:46:17,589 [735a34e4-c7c4-465a-a71d-fefc6390b8eb:group-A9BE5EA3D69F:LeaderElection47] INFO  impl.RoleInfo (RoleInfo.java:shutdownLeaderElection(134)) - 735a34e4-c7c4-465a-a71d-fefc6390b8eb: shutdown LeaderElection
2019-09-20 08:46:17,589 [735a34e4-c7c4-465a-a71d-fefc6390b8eb:group-A9BE5EA3D69F:LeaderElection47] INFO  impl.RaftServerImpl (RaftServerImpl.java:setRole(171)) - 735a34e4-c7c4-465a-a71d-fefc6390b8eb:group-A9BE5EA3D69F changes role from CANDIDATE to LEADER at term 1 for changeToLeader
2019-09-20 08:46:17,589 [735a34e4-c7c4-465a-a71d-fefc6390b8eb:group-A9BE5EA3D69F:LeaderElection47] INFO  impl.RaftServerImpl (ServerState.java:setLeader(263)) - 735a34e4-c7c4-465a-a71d-fefc6390b8eb:group-A9BE5EA3D69F change Leader from null to 735a34e4-c7c4-465a-a71d-fefc6390b8eb at term 1 for becomeLeader, leader elected after 5076ms
2019-09-20 08:46:17,589 [735a34e4-c7c4-465a-a71d-fefc6390b8eb:group-A9BE5EA3D69F:LeaderElection47] INFO  server.RaftServerConfigKeys (ConfUtils.java:logGet(43)) - raft.server.staging.catchup.gap = 1000 (default)
2019-09-20 08:46:17,589 [735a34e4-c7c4-465a-a71d-fefc6390b8eb:group-A9BE5EA3D69F:LeaderElection47] INFO  server.RaftServerConfigKeys (ConfUtils.java:logGet(43)) - raft.server.rpc.sleep.time = 25ms (default)
2019-09-20 08:46:17,589 [735a34e4-c7c4-465a-a71d-fefc6390b8eb:group-A9BE5EA3D69F:LeaderElection47] INFO  server.RaftServerConfigKeys (ConfUtils.java:logGet(43)) - raft.server.write.element-limit = 4096 (default)
2019-09-20 08:46:17,589 [735a34e4-c7c4-465a-a71d-fefc6390b8eb:group-A9BE5EA3D69F:LeaderElection47] INFO  server.RaftServerConfigKeys (ConfUtils.java:logGet(43)) - raft.server.watch.timeout = 10s (default)
2019-09-20 08:46:17,589 [735a34e4-c7c4-465a-a71d-fefc6390b8eb:group-A9BE5EA3D69F:LeaderElection47] INFO  server.RaftServerConfigKeys (ConfUtils.java:logGet(43)) - raft.server.watch.timeout.denomination = 1s (default)
2019-09-20 08:46:17,589 [735a34e4-c7c4-465a-a71d-fefc6390b8eb:group-A9BE5EA3D69F:LeaderElection47] INFO  server.RaftServerConfigKeys (ConfUtils.java:logGet(43)) - raft.server.watch.element-limit = 65536 (default)
2019-09-20 08:46:17,590 [735a34e4-c7c4-465a-a71d-fefc6390b8eb:group-A9BE5EA3D69F:LeaderElection47] INFO  impl.RoleInfo (RoleInfo.java:updateAndGet(143)) - 735a34e4-c7c4-465a-a71d-fefc6390b8eb: start LeaderState
2019-09-20 08:46:17,590 [735a34e4-c7c4-465a-a71d-fefc6390b8eb:group-A9BE5EA3D69F:LeaderElection47] INFO  segmented.SegmentedRaftLogWorker (SegmentedRaftLogWorker.java:startLogSegment(380)) - 735a34e4-c7c4-465a-a71d-fefc6390b8eb-SegmentedRaftLogWorker:Storage Directory /workdir/hadoop-ozone/ozonefs/target/test-dir/MiniOzoneClusterImpl-da5888fd-c692-4355-82c4-91aa98cbf569/datanode-8/data/ratis/27b66b38-09a8-417b-bb32-a9be5ea3d69f: Starting segment from index:0
2019-09-20 08:46:17,590 [735a34e4-c7c4-465a-a71d-fefc6390b8eb:group-A9BE5EA3D69F:LeaderElection47] INFO  impl.RaftServerImpl (ServerState.java:setRaftConf(361)) - 735a34e4-c7c4-465a-a71d-fefc6390b8eb:group-A9BE5EA3D69F set configuration 0: [735a34e4-c7c4-465a-a71d-fefc6390b8eb:192.168.36.79:38484], old=null at 0
2019-09-20 08:46:17,606 [1cc75455-5fc2-459e-9e17-b902eb9cc08f:group-D485B39E6266:LeaderElection48] INFO  impl.LeaderElection (LeaderElection.java:askForVotes(181)) - 1cc75455-5fc2-459e-9e17-b902eb9cc08f:group-D485B39E6266:LeaderElection48: begin an election at term 1 for -1: [1cc75455-5fc2-459e-9e17-b902eb9cc08f:192.168.36.79:35300], old=null
2019-09-20 08:46:17,606 [1cc75455-5fc2-459e-9e17-b902eb9cc08f:group-D485B39E6266:LeaderElection48] INFO  impl.RoleInfo (RoleInfo.java:shutdownLeaderElection(134)) - 1cc75455-5fc2-459e-9e17-b902eb9cc08f: shutdown LeaderElection
2019-09-20 08:46:17,606 [1cc75455-5fc2-459e-9e17-b902eb9cc08f:group-D485B39E6266:LeaderElection48] INFO  impl.RaftServerImpl (RaftServerImpl.java:setRole(171)) - 1cc75455-5fc2-459e-9e17-b902eb9cc08f:group-D485B39E6266 changes role from CANDIDATE to LEADER at term 1 for changeToLeader
2019-09-20 08:46:17,606 [1cc75455-5fc2-459e-9e17-b902eb9cc08f:group-D485B39E6266:LeaderElection48] INFO  impl.RaftServerImpl (ServerState.java:setLeader(263)) - 1cc75455-5fc2-459e-9e17-b902eb9cc08f:group-D485B39E6266 change Leader from null to 1cc75455-5fc2-459e-9e17-b902eb9cc08f at term 1 for becomeLeader, leader elected after 5203ms
2019-09-20 08:46:17,606 [1cc75455-5fc2-459e-9e17-b902eb9cc08f:group-D485B39E6266:LeaderElection48] INFO  server.RaftServerConfigKeys (ConfUtils.java:logGet(43)) - raft.server.staging.catchup.gap = 1000 (default)
2019-09-20 08:46:17,607 [1cc75455-5fc2-459e-9e17-b902eb9cc08f:group-D485B39E6266:LeaderElection48] INFO  server.RaftServerConfigKeys (ConfUtils.java:logGet(43)) - raft.server.rpc.sleep.time = 25ms (default)
2019-09-20 08:46:17,607 [1cc75455-5fc2-459e-9e17-b902eb9cc08f:group-D485B39E6266:LeaderElection48] INFO  server.RaftServerConfigKeys (ConfUtils.java:logGet(43)) - raft.server.write.element-limit = 4096 (default)
2019-09-20 08:46:17,607 [1cc75455-5fc2-459e-9e17-b902eb9cc08f:group-D485B39E6266:LeaderElection48] INFO  server.RaftServerConfigKeys (ConfUtils.java:logGet(43)) - raft.server.watch.timeout = 10s (default)
2019-09-20 08:46:17,607 [1cc75455-5fc2-459e-9e17-b902eb9cc08f:group-D485B39E6266:LeaderElection48] INFO  server.RaftServerConfigKeys (ConfUtils.java:logGet(43)) - raft.server.watch.timeout.denomination = 1s (default)
2019-09-20 08:46:17,607 [1cc75455-5fc2-459e-9e17-b902eb9cc08f:group-D485B39E6266:LeaderElection48] INFO  server.RaftServerConfigKeys (ConfUtils.java:logGet(43)) - raft.server.watch.element-limit = 65536 (default)
2019-09-20 08:46:17,608 [1cc75455-5fc2-459e-9e17-b902eb9cc08f:group-D485B39E6266:LeaderElection48] INFO  impl.RoleInfo (RoleInfo.java:updateAndGet(143)) - 1cc75455-5fc2-459e-9e17-b902eb9cc08f: start LeaderState
2019-09-20 08:46:17,608 [1cc75455-5fc2-459e-9e17-b902eb9cc08f:group-D485B39E6266:LeaderElection48] INFO  segmented.SegmentedRaftLogWorker (SegmentedRaftLogWorker.java:startLogSegment(380)) - 1cc75455-5fc2-459e-9e17-b902eb9cc08f-SegmentedRaftLogWorker:Storage Directory /workdir/hadoop-ozone/ozonefs/target/test-dir/MiniOzoneClusterImpl-da5888fd-c692-4355-82c4-91aa98cbf569/datanode-2/data/ratis/c3093e4b-5b50-43e8-b467-d485b39e6266: Starting segment from index:0
2019-09-20 08:46:17,608 [1cc75455-5fc2-459e-9e17-b902eb9cc08f:group-D485B39E6266:LeaderElection48] INFO  impl.RaftServerImpl (ServerState.java:setRaftConf(361)) - 1cc75455-5fc2-459e-9e17-b902eb9cc08f:group-D485B39E6266 set configuration 0: [1cc75455-5fc2-459e-9e17-b902eb9cc08f:192.168.36.79:35300], old=null at 0
2019-09-20 08:46:17,639 [735a34e4-c7c4-465a-a71d-fefc6390b8eb-SegmentedRaftLogWorker:Storage Directory /workdir/hadoop-ozone/ozonefs/target/test-dir/MiniOzoneClusterImpl-da5888fd-c692-4355-82c4-91aa98cbf569/datanode-8/data/ratis/27b66b38-09a8-417b-bb32-a9be5ea3d69f] INFO  segmented.SegmentedRaftLogWorker (SegmentedRaftLogWorker.java:execute(569)) - 735a34e4-c7c4-465a-a71d-fefc6390b8eb-SegmentedRaftLogWorker:Storage Directory /workdir/hadoop-ozone/ozonefs/target/test-dir/MiniOzoneClusterImpl-da5888fd-c692-4355-82c4-91aa98cbf569/datanode-8/data/ratis/27b66b38-09a8-417b-bb32-a9be5ea3d69f: created new log segment /workdir/hadoop-ozone/ozonefs/target/test-dir/MiniOzoneClusterImpl-da5888fd-c692-4355-82c4-91aa98cbf569/datanode-8/data/ratis/27b66b38-09a8-417b-bb32-a9be5ea3d69f/current/log_inprogress_0
2019-09-20 08:46:17,656 [1cc75455-5fc2-459e-9e17-b902eb9cc08f-SegmentedRaftLogWorker:Storage Directory /workdir/hadoop-ozone/ozonefs/target/test-dir/MiniOzoneClusterImpl-da5888fd-c692-4355-82c4-91aa98cbf569/datanode-2/data/ratis/c3093e4b-5b50-43e8-b467-d485b39e6266] INFO  segmented.SegmentedRaftLogWorker (SegmentedRaftLogWorker.java:execute(569)) - 1cc75455-5fc2-459e-9e17-b902eb9cc08f-SegmentedRaftLogWorker:Storage Directory /workdir/hadoop-ozone/ozonefs/target/test-dir/MiniOzoneClusterImpl-da5888fd-c692-4355-82c4-91aa98cbf569/datanode-2/data/ratis/c3093e4b-5b50-43e8-b467-d485b39e6266: created new log segment /workdir/hadoop-ozone/ozonefs/target/test-dir/MiniOzoneClusterImpl-da5888fd-c692-4355-82c4-91aa98cbf569/datanode-2/data/ratis/c3093e4b-5b50-43e8-b467-d485b39e6266/current/log_inprogress_0
2019-09-20 08:46:17,688 | INFO  | SCMAudit | user=jenkins1000 | ip=192.168.36.79 | op=SEND_HEARTBEAT {datanodeUUID=4eb079c5-a63c-4d36-97af-76873864fc0c, command=[]} | ret=SUCCESS |  
2019-09-20 08:46:17,709 [Thread-435] INFO  impl.FollowerState (FollowerState.java:run(106)) - 735a34e4-c7c4-465a-a71d-fefc6390b8eb:group-61E298850767 changes to CANDIDATE, lastRpcTime:5066, electionTimeout:5066ms
2019-09-20 08:46:17,709 [Thread-435] INFO  impl.RoleInfo (RoleInfo.java:shutdownFollowerState(121)) - 735a34e4-c7c4-465a-a71d-fefc6390b8eb: shutdown FollowerState
2019-09-20 08:46:17,709 [Thread-435] INFO  impl.RaftServerImpl (RaftServerImpl.java:setRole(171)) - 735a34e4-c7c4-465a-a71d-fefc6390b8eb:group-61E298850767 changes role from FOLLOWER to CANDIDATE at term 0 for changeToCandidate
2019-09-20 08:46:17,709 [Thread-435] INFO  impl.RoleInfo (RoleInfo.java:updateAndGet(143)) - 735a34e4-c7c4-465a-a71d-fefc6390b8eb: start LeaderElection
2019-09-20 08:46:17,731 [735a34e4-c7c4-465a-a71d-fefc6390b8eb:group-61E298850767:LeaderElection49] INFO  impl.LeaderElection (LeaderElection.java:askForVotes(181)) - 735a34e4-c7c4-465a-a71d-fefc6390b8eb:group-61E298850767:LeaderElection49: begin an election at term 1 for -1: [735a34e4-c7c4-465a-a71d-fefc6390b8eb:192.168.36.79:38484], old=null
2019-09-20 08:46:17,732 [735a34e4-c7c4-465a-a71d-fefc6390b8eb:group-61E298850767:LeaderElection49] INFO  impl.RoleInfo (RoleInfo.java:shutdownLeaderElection(134)) - 735a34e4-c7c4-465a-a71d-fefc6390b8eb: shutdown LeaderElection
2019-09-20 08:46:17,732 [735a34e4-c7c4-465a-a71d-fefc6390b8eb:group-61E298850767:LeaderElection49] INFO  impl.RaftServerImpl (RaftServerImpl.java:setRole(171)) - 735a34e4-c7c4-465a-a71d-fefc6390b8eb:group-61E298850767 changes role from CANDIDATE to LEADER at term 1 for changeToLeader
2019-09-20 08:46:17,732 [735a34e4-c7c4-465a-a71d-fefc6390b8eb:group-61E298850767:LeaderElection49] INFO  impl.RaftServerImpl (ServerState.java:setLeader(263)) - 735a34e4-c7c4-465a-a71d-fefc6390b8eb:group-61E298850767 change Leader from null to 735a34e4-c7c4-465a-a71d-fefc6390b8eb at term 1 for becomeLeader, leader elected after 5093ms
2019-09-20 08:46:17,732 [735a34e4-c7c4-465a-a71d-fefc6390b8eb:group-61E298850767:LeaderElection49] INFO  server.RaftServerConfigKeys (ConfUtils.java:logGet(43)) - raft.server.staging.catchup.gap = 1000 (default)
2019-09-20 08:46:17,732 [735a34e4-c7c4-465a-a71d-fefc6390b8eb:group-61E298850767:LeaderElection49] INFO  server.RaftServerConfigKeys (ConfUtils.java:logGet(43)) - raft.server.rpc.sleep.time = 25ms (default)
2019-09-20 08:46:17,733 [735a34e4-c7c4-465a-a71d-fefc6390b8eb:group-61E298850767:LeaderElection49] INFO  server.RaftServerConfigKeys (ConfUtils.java:logGet(43)) - raft.server.write.element-limit = 4096 (default)
2019-09-20 08:46:17,733 [735a34e4-c7c4-465a-a71d-fefc6390b8eb:group-61E298850767:LeaderElection49] INFO  server.RaftServerConfigKeys (ConfUtils.java:logGet(43)) - raft.server.watch.timeout = 10s (default)
2019-09-20 08:46:17,733 [735a34e4-c7c4-465a-a71d-fefc6390b8eb:group-61E298850767:LeaderElection49] INFO  server.RaftServerConfigKeys (ConfUtils.java:logGet(43)) - raft.server.watch.timeout.denomination = 1s (default)
2019-09-20 08:46:17,733 [735a34e4-c7c4-465a-a71d-fefc6390b8eb:group-61E298850767:LeaderElection49] INFO  server.RaftServerConfigKeys (ConfUtils.java:logGet(43)) - raft.server.watch.element-limit = 65536 (default)
2019-09-20 08:46:17,733 [735a34e4-c7c4-465a-a71d-fefc6390b8eb:group-61E298850767:LeaderElection49] INFO  impl.RoleInfo (RoleInfo.java:updateAndGet(143)) - 735a34e4-c7c4-465a-a71d-fefc6390b8eb: start LeaderState
2019-09-20 08:46:17,734 [735a34e4-c7c4-465a-a71d-fefc6390b8eb:group-61E298850767:LeaderElection49] INFO  segmented.SegmentedRaftLogWorker (SegmentedRaftLogWorker.java:startLogSegment(380)) - 735a34e4-c7c4-465a-a71d-fefc6390b8eb-SegmentedRaftLogWorker:Storage Directory /workdir/hadoop-ozone/ozonefs/target/test-dir/MiniOzoneClusterImpl-da5888fd-c692-4355-82c4-91aa98cbf569/datanode-8/data/ratis/2c9fbc1c-1866-4e20-9112-61e298850767: Starting segment from index:0
2019-09-20 08:46:17,734 [735a34e4-c7c4-465a-a71d-fefc6390b8eb:group-61E298850767:LeaderElection49] INFO  impl.RaftServerImpl (ServerState.java:setRaftConf(361)) - 735a34e4-c7c4-465a-a71d-fefc6390b8eb:group-61E298850767 set configuration 0: [735a34e4-c7c4-465a-a71d-fefc6390b8eb:192.168.36.79:38484], old=null at 0
2019-09-20 08:46:17,736 | INFO  | SCMAudit | user=jenkins1000 | ip=192.168.36.79 | op=SEND_HEARTBEAT {datanodeUUID=e997423e-4090-4042-87ee-7419d4cf7365, command=[]} | ret=SUCCESS |  
2019-09-20 08:46:17,756 [Thread-432] INFO  impl.FollowerState (FollowerState.java:run(106)) - 735a34e4-c7c4-465a-a71d-fefc6390b8eb:group-5AE50400B914 changes to CANDIDATE, lastRpcTime:5173, electionTimeout:5173ms
2019-09-20 08:46:17,756 [Thread-432] INFO  impl.RoleInfo (RoleInfo.java:shutdownFollowerState(121)) - 735a34e4-c7c4-465a-a71d-fefc6390b8eb: shutdown FollowerState
2019-09-20 08:46:17,756 [Thread-432] INFO  impl.RaftServerImpl (RaftServerImpl.java:setRole(171)) - 735a34e4-c7c4-465a-a71d-fefc6390b8eb:group-5AE50400B914 changes role from FOLLOWER to CANDIDATE at term 0 for changeToCandidate
2019-09-20 08:46:17,756 [Thread-432] INFO  impl.RoleInfo (RoleInfo.java:updateAndGet(143)) - 735a34e4-c7c4-465a-a71d-fefc6390b8eb: start LeaderElection
2019-09-20 08:46:17,773 [735a34e4-c7c4-465a-a71d-fefc6390b8eb-SegmentedRaftLogWorker:Storage Directory /workdir/hadoop-ozone/ozonefs/target/test-dir/MiniOzoneClusterImpl-da5888fd-c692-4355-82c4-91aa98cbf569/datanode-8/data/ratis/2c9fbc1c-1866-4e20-9112-61e298850767] INFO  segmented.SegmentedRaftLogWorker (SegmentedRaftLogWorker.java:execute(569)) - 735a34e4-c7c4-465a-a71d-fefc6390b8eb-SegmentedRaftLogWorker:Storage Directory /workdir/hadoop-ozone/ozonefs/target/test-dir/MiniOzoneClusterImpl-da5888fd-c692-4355-82c4-91aa98cbf569/datanode-8/data/ratis/2c9fbc1c-1866-4e20-9112-61e298850767: created new log segment /workdir/hadoop-ozone/ozonefs/target/test-dir/MiniOzoneClusterImpl-da5888fd-c692-4355-82c4-91aa98cbf569/datanode-8/data/ratis/2c9fbc1c-1866-4e20-9112-61e298850767/current/log_inprogress_0
2019-09-20 08:46:17,774 [735a34e4-c7c4-465a-a71d-fefc6390b8eb:group-5AE50400B914:LeaderElection50] INFO  impl.LeaderElection (LeaderElection.java:askForVotes(181)) - 735a34e4-c7c4-465a-a71d-fefc6390b8eb:group-5AE50400B914:LeaderElection50: begin an election at term 1 for -1: [735a34e4-c7c4-465a-a71d-fefc6390b8eb:192.168.36.79:38484], old=null
2019-09-20 08:46:17,774 [735a34e4-c7c4-465a-a71d-fefc6390b8eb:group-5AE50400B914:LeaderElection50] INFO  impl.RoleInfo (RoleInfo.java:shutdownLeaderElection(134)) - 735a34e4-c7c4-465a-a71d-fefc6390b8eb: shutdown LeaderElection
2019-09-20 08:46:17,774 [735a34e4-c7c4-465a-a71d-fefc6390b8eb:group-5AE50400B914:LeaderElection50] INFO  impl.RaftServerImpl (RaftServerImpl.java:setRole(171)) - 735a34e4-c7c4-465a-a71d-fefc6390b8eb:group-5AE50400B914 changes role from CANDIDATE to LEADER at term 1 for changeToLeader
2019-09-20 08:46:17,774 [735a34e4-c7c4-465a-a71d-fefc6390b8eb:group-5AE50400B914:LeaderElection50] INFO  impl.RaftServerImpl (ServerState.java:setLeader(263)) - 735a34e4-c7c4-465a-a71d-fefc6390b8eb:group-5AE50400B914 change Leader from null to 735a34e4-c7c4-465a-a71d-fefc6390b8eb at term 1 for becomeLeader, leader elected after 5194ms
2019-09-20 08:46:17,774 [735a34e4-c7c4-465a-a71d-fefc6390b8eb:group-5AE50400B914:LeaderElection50] INFO  server.RaftServerConfigKeys (ConfUtils.java:logGet(43)) - raft.server.staging.catchup.gap = 1000 (default)
2019-09-20 08:46:17,775 [735a34e4-c7c4-465a-a71d-fefc6390b8eb:group-5AE50400B914:LeaderElection50] INFO  server.RaftServerConfigKeys (ConfUtils.java:logGet(43)) - raft.server.rpc.sleep.time = 25ms (default)
2019-09-20 08:46:17,775 [735a34e4-c7c4-465a-a71d-fefc6390b8eb:group-5AE50400B914:LeaderElection50] INFO  server.RaftServerConfigKeys (ConfUtils.java:logGet(43)) - raft.server.write.element-limit = 4096 (default)
2019-09-20 08:46:17,775 [735a34e4-c7c4-465a-a71d-fefc6390b8eb:group-5AE50400B914:LeaderElection50] INFO  server.RaftServerConfigKeys (ConfUtils.java:logGet(43)) - raft.server.watch.timeout = 10s (default)
2019-09-20 08:46:17,775 [735a34e4-c7c4-465a-a71d-fefc6390b8eb:group-5AE50400B914:LeaderElection50] INFO  server.RaftServerConfigKeys (ConfUtils.java:logGet(43)) - raft.server.watch.timeout.denomination = 1s (default)
2019-09-20 08:46:17,775 [735a34e4-c7c4-465a-a71d-fefc6390b8eb:group-5AE50400B914:LeaderElection50] INFO  server.RaftServerConfigKeys (ConfUtils.java:logGet(43)) - raft.server.watch.element-limit = 65536 (default)
2019-09-20 08:46:17,775 [735a34e4-c7c4-465a-a71d-fefc6390b8eb:group-5AE50400B914:LeaderElection50] INFO  impl.RoleInfo (RoleInfo.java:updateAndGet(143)) - 735a34e4-c7c4-465a-a71d-fefc6390b8eb: start LeaderState
2019-09-20 08:46:17,776 [735a34e4-c7c4-465a-a71d-fefc6390b8eb:group-5AE50400B914:LeaderElection50] INFO  segmented.SegmentedRaftLogWorker (SegmentedRaftLogWorker.java:startLogSegment(380)) - 735a34e4-c7c4-465a-a71d-fefc6390b8eb-SegmentedRaftLogWorker:Storage Directory /workdir/hadoop-ozone/ozonefs/target/test-dir/MiniOzoneClusterImpl-da5888fd-c692-4355-82c4-91aa98cbf569/datanode-8/data/ratis/8449f226-0689-4345-89dc-5ae50400b914: Starting segment from index:0
2019-09-20 08:46:17,776 [735a34e4-c7c4-465a-a71d-fefc6390b8eb:group-5AE50400B914:LeaderElection50] INFO  impl.RaftServerImpl (ServerState.java:setRaftConf(361)) - 735a34e4-c7c4-465a-a71d-fefc6390b8eb:group-5AE50400B914 set configuration 0: [735a34e4-c7c4-465a-a71d-fefc6390b8eb:192.168.36.79:38484], old=null at 0
2019-09-20 08:46:17,824 [735a34e4-c7c4-465a-a71d-fefc6390b8eb-SegmentedRaftLogWorker:Storage Directory /workdir/hadoop-ozone/ozonefs/target/test-dir/MiniOzoneClusterImpl-da5888fd-c692-4355-82c4-91aa98cbf569/datanode-8/data/ratis/8449f226-0689-4345-89dc-5ae50400b914] INFO  segmented.SegmentedRaftLogWorker (SegmentedRaftLogWorker.java:execute(569)) - 735a34e4-c7c4-465a-a71d-fefc6390b8eb-SegmentedRaftLogWorker:Storage Directory /workdir/hadoop-ozone/ozonefs/target/test-dir/MiniOzoneClusterImpl-da5888fd-c692-4355-82c4-91aa98cbf569/datanode-8/data/ratis/8449f226-0689-4345-89dc-5ae50400b914: created new log segment /workdir/hadoop-ozone/ozonefs/target/test-dir/MiniOzoneClusterImpl-da5888fd-c692-4355-82c4-91aa98cbf569/datanode-8/data/ratis/8449f226-0689-4345-89dc-5ae50400b914/current/log_inprogress_0
2019-09-20 08:46:17,850 | INFO  | SCMAudit | user=jenkins1000 | ip=192.168.36.79 | op=SEND_HEARTBEAT {datanodeUUID=3d9fb88f-ef2a-412e-bafc-a0084682cc47, command=[]} | ret=SUCCESS |  
2019-09-20 08:46:17,860 [Thread-441] INFO  impl.FollowerState (FollowerState.java:run(106)) - d3d24c2e-887e-42af-9ac0-80e26c3dc807:group-F6B80E624855 changes to CANDIDATE, lastRpcTime:5098, electionTimeout:5098ms
2019-09-20 08:46:17,860 [Thread-441] INFO  impl.RoleInfo (RoleInfo.java:shutdownFollowerState(121)) - d3d24c2e-887e-42af-9ac0-80e26c3dc807: shutdown FollowerState
2019-09-20 08:46:17,860 [Thread-441] INFO  impl.RaftServerImpl (RaftServerImpl.java:setRole(171)) - d3d24c2e-887e-42af-9ac0-80e26c3dc807:group-F6B80E624855 changes role from FOLLOWER to CANDIDATE at term 0 for changeToCandidate
2019-09-20 08:46:17,860 [Thread-441] INFO  impl.RoleInfo (RoleInfo.java:updateAndGet(143)) - d3d24c2e-887e-42af-9ac0-80e26c3dc807: start LeaderElection
2019-09-20 08:46:17,883 [d3d24c2e-887e-42af-9ac0-80e26c3dc807:group-F6B80E624855:LeaderElection51] INFO  impl.LeaderElection (LeaderElection.java:askForVotes(181)) - d3d24c2e-887e-42af-9ac0-80e26c3dc807:group-F6B80E624855:LeaderElection51: begin an election at term 1 for -1: [d3d24c2e-887e-42af-9ac0-80e26c3dc807:192.168.36.79:46632], old=null
2019-09-20 08:46:17,883 [d3d24c2e-887e-42af-9ac0-80e26c3dc807:group-F6B80E624855:LeaderElection51] INFO  impl.RoleInfo (RoleInfo.java:shutdownLeaderElection(134)) - d3d24c2e-887e-42af-9ac0-80e26c3dc807: shutdown LeaderElection
2019-09-20 08:46:17,883 [d3d24c2e-887e-42af-9ac0-80e26c3dc807:group-F6B80E624855:LeaderElection51] INFO  impl.RaftServerImpl (RaftServerImpl.java:setRole(171)) - d3d24c2e-887e-42af-9ac0-80e26c3dc807:group-F6B80E624855 changes role from CANDIDATE to LEADER at term 1 for changeToLeader
2019-09-20 08:46:17,883 [d3d24c2e-887e-42af-9ac0-80e26c3dc807:group-F6B80E624855:LeaderElection51] INFO  impl.RaftServerImpl (ServerState.java:setLeader(263)) - d3d24c2e-887e-42af-9ac0-80e26c3dc807:group-F6B80E624855 change Leader from null to d3d24c2e-887e-42af-9ac0-80e26c3dc807 at term 1 for becomeLeader, leader elected after 5126ms
2019-09-20 08:46:17,883 [d3d24c2e-887e-42af-9ac0-80e26c3dc807:group-F6B80E624855:LeaderElection51] INFO  server.RaftServerConfigKeys (ConfUtils.java:logGet(43)) - raft.server.staging.catchup.gap = 1000 (default)
2019-09-20 08:46:17,884 [d3d24c2e-887e-42af-9ac0-80e26c3dc807:group-F6B80E624855:LeaderElection51] INFO  server.RaftServerConfigKeys (ConfUtils.java:logGet(43)) - raft.server.rpc.sleep.time = 25ms (default)
2019-09-20 08:46:17,884 [d3d24c2e-887e-42af-9ac0-80e26c3dc807:group-F6B80E624855:LeaderElection51] INFO  server.RaftServerConfigKeys (ConfUtils.java:logGet(43)) - raft.server.write.element-limit = 4096 (default)
2019-09-20 08:46:17,884 [d3d24c2e-887e-42af-9ac0-80e26c3dc807:group-F6B80E624855:LeaderElection51] INFO  server.RaftServerConfigKeys (ConfUtils.java:logGet(43)) - raft.server.watch.timeout = 10s (default)
2019-09-20 08:46:17,884 [d3d24c2e-887e-42af-9ac0-80e26c3dc807:group-F6B80E624855:LeaderElection51] INFO  server.RaftServerConfigKeys (ConfUtils.java:logGet(43)) - raft.server.watch.timeout.denomination = 1s (default)
2019-09-20 08:46:17,884 [d3d24c2e-887e-42af-9ac0-80e26c3dc807:group-F6B80E624855:LeaderElection51] INFO  server.RaftServerConfigKeys (ConfUtils.java:logGet(43)) - raft.server.watch.element-limit = 65536 (default)
2019-09-20 08:46:17,885 [d3d24c2e-887e-42af-9ac0-80e26c3dc807:group-F6B80E624855:LeaderElection51] INFO  impl.RoleInfo (RoleInfo.java:updateAndGet(143)) - d3d24c2e-887e-42af-9ac0-80e26c3dc807: start LeaderState
2019-09-20 08:46:17,885 [d3d24c2e-887e-42af-9ac0-80e26c3dc807:group-F6B80E624855:LeaderElection51] INFO  segmented.SegmentedRaftLogWorker (SegmentedRaftLogWorker.java:startLogSegment(380)) - d3d24c2e-887e-42af-9ac0-80e26c3dc807-SegmentedRaftLogWorker:Storage Directory /workdir/hadoop-ozone/ozonefs/target/test-dir/MiniOzoneClusterImpl-da5888fd-c692-4355-82c4-91aa98cbf569/datanode-7/data/ratis/596e5f56-a6c2-407c-a386-f6b80e624855: Starting segment from index:0
2019-09-20 08:46:17,885 [d3d24c2e-887e-42af-9ac0-80e26c3dc807:group-F6B80E624855:LeaderElection51] INFO  impl.RaftServerImpl (ServerState.java:setRaftConf(361)) - d3d24c2e-887e-42af-9ac0-80e26c3dc807:group-F6B80E624855 set configuration 0: [d3d24c2e-887e-42af-9ac0-80e26c3dc807:192.168.36.79:46632], old=null at 0
2019-09-20 08:46:17,888 [Thread-438] INFO  impl.FollowerState (FollowerState.java:run(106)) - d3d24c2e-887e-42af-9ac0-80e26c3dc807:group-DAC5A3E459AC changes to CANDIDATE, lastRpcTime:5177, electionTimeout:5177ms
2019-09-20 08:46:17,888 [Thread-438] INFO  impl.RoleInfo (RoleInfo.java:shutdownFollowerState(121)) - d3d24c2e-887e-42af-9ac0-80e26c3dc807: shutdown FollowerState
2019-09-20 08:46:17,888 [Thread-438] INFO  impl.RaftServerImpl (RaftServerImpl.java:setRole(171)) - d3d24c2e-887e-42af-9ac0-80e26c3dc807:group-DAC5A3E459AC changes role from FOLLOWER to CANDIDATE at term 0 for changeToCandidate
2019-09-20 08:46:17,888 [Thread-438] INFO  impl.RoleInfo (RoleInfo.java:updateAndGet(143)) - d3d24c2e-887e-42af-9ac0-80e26c3dc807: start LeaderElection
2019-09-20 08:46:17,933 [d3d24c2e-887e-42af-9ac0-80e26c3dc807-SegmentedRaftLogWorker:Storage Directory /workdir/hadoop-ozone/ozonefs/target/test-dir/MiniOzoneClusterImpl-da5888fd-c692-4355-82c4-91aa98cbf569/datanode-7/data/ratis/596e5f56-a6c2-407c-a386-f6b80e624855] INFO  segmented.SegmentedRaftLogWorker (SegmentedRaftLogWorker.java:execute(569)) - d3d24c2e-887e-42af-9ac0-80e26c3dc807-SegmentedRaftLogWorker:Storage Directory /workdir/hadoop-ozone/ozonefs/target/test-dir/MiniOzoneClusterImpl-da5888fd-c692-4355-82c4-91aa98cbf569/datanode-7/data/ratis/596e5f56-a6c2-407c-a386-f6b80e624855: created new log segment /workdir/hadoop-ozone/ozonefs/target/test-dir/MiniOzoneClusterImpl-da5888fd-c692-4355-82c4-91aa98cbf569/datanode-7/data/ratis/596e5f56-a6c2-407c-a386-f6b80e624855/current/log_inprogress_0
2019-09-20 08:46:17,933 [d3d24c2e-887e-42af-9ac0-80e26c3dc807:group-DAC5A3E459AC:LeaderElection52] INFO  impl.LeaderElection (LeaderElection.java:askForVotes(181)) - d3d24c2e-887e-42af-9ac0-80e26c3dc807:group-DAC5A3E459AC:LeaderElection52: begin an election at term 1 for -1: [d3d24c2e-887e-42af-9ac0-80e26c3dc807:192.168.36.79:46632], old=null
2019-09-20 08:46:17,934 [d3d24c2e-887e-42af-9ac0-80e26c3dc807:group-DAC5A3E459AC:LeaderElection52] INFO  impl.RoleInfo (RoleInfo.java:shutdownLeaderElection(134)) - d3d24c2e-887e-42af-9ac0-80e26c3dc807: shutdown LeaderElection
2019-09-20 08:46:17,934 [d3d24c2e-887e-42af-9ac0-80e26c3dc807:group-DAC5A3E459AC:LeaderElection52] INFO  impl.RaftServerImpl (RaftServerImpl.java:setRole(171)) - d3d24c2e-887e-42af-9ac0-80e26c3dc807:group-DAC5A3E459AC changes role from CANDIDATE to LEADER at term 1 for changeToLeader
2019-09-20 08:46:17,934 [d3d24c2e-887e-42af-9ac0-80e26c3dc807:group-DAC5A3E459AC:LeaderElection52] INFO  impl.RaftServerImpl (ServerState.java:setLeader(263)) - d3d24c2e-887e-42af-9ac0-80e26c3dc807:group-DAC5A3E459AC change Leader from null to d3d24c2e-887e-42af-9ac0-80e26c3dc807 at term 1 for becomeLeader, leader elected after 5228ms
2019-09-20 08:46:17,934 [d3d24c2e-887e-42af-9ac0-80e26c3dc807:group-DAC5A3E459AC:LeaderElection52] INFO  server.RaftServerConfigKeys (ConfUtils.java:logGet(43)) - raft.server.staging.catchup.gap = 1000 (default)
2019-09-20 08:46:17,934 [d3d24c2e-887e-42af-9ac0-80e26c3dc807:group-DAC5A3E459AC:LeaderElection52] INFO  server.RaftServerConfigKeys (ConfUtils.java:logGet(43)) - raft.server.rpc.sleep.time = 25ms (default)
2019-09-20 08:46:17,935 [d3d24c2e-887e-42af-9ac0-80e26c3dc807:group-DAC5A3E459AC:LeaderElection52] INFO  server.RaftServerConfigKeys (ConfUtils.java:logGet(43)) - raft.server.write.element-limit = 4096 (default)
2019-09-20 08:46:17,935 [d3d24c2e-887e-42af-9ac0-80e26c3dc807:group-DAC5A3E459AC:LeaderElection52] INFO  server.RaftServerConfigKeys (ConfUtils.java:logGet(43)) - raft.server.watch.timeout = 10s (default)
2019-09-20 08:46:17,935 [d3d24c2e-887e-42af-9ac0-80e26c3dc807:group-DAC5A3E459AC:LeaderElection52] INFO  server.RaftServerConfigKeys (ConfUtils.java:logGet(43)) - raft.server.watch.timeout.denomination = 1s (default)
2019-09-20 08:46:17,935 [d3d24c2e-887e-42af-9ac0-80e26c3dc807:group-DAC5A3E459AC:LeaderElection52] INFO  server.RaftServerConfigKeys (ConfUtils.java:logGet(43)) - raft.server.watch.element-limit = 65536 (default)
2019-09-20 08:46:17,935 [d3d24c2e-887e-42af-9ac0-80e26c3dc807:group-DAC5A3E459AC:LeaderElection52] INFO  impl.RoleInfo (RoleInfo.java:updateAndGet(143)) - d3d24c2e-887e-42af-9ac0-80e26c3dc807: start LeaderState
2019-09-20 08:46:17,936 [d3d24c2e-887e-42af-9ac0-80e26c3dc807:group-DAC5A3E459AC:LeaderElection52] INFO  segmented.SegmentedRaftLogWorker (SegmentedRaftLogWorker.java:startLogSegment(380)) - d3d24c2e-887e-42af-9ac0-80e26c3dc807-SegmentedRaftLogWorker:Storage Directory /workdir/hadoop-ozone/ozonefs/target/test-dir/MiniOzoneClusterImpl-da5888fd-c692-4355-82c4-91aa98cbf569/datanode-7/data/ratis/075f85c4-3fcd-486f-95bb-dac5a3e459ac: Starting segment from index:0
2019-09-20 08:46:17,936 [d3d24c2e-887e-42af-9ac0-80e26c3dc807:group-DAC5A3E459AC:LeaderElection52] INFO  impl.RaftServerImpl (ServerState.java:setRaftConf(361)) - d3d24c2e-887e-42af-9ac0-80e26c3dc807:group-DAC5A3E459AC set configuration 0: [d3d24c2e-887e-42af-9ac0-80e26c3dc807:192.168.36.79:46632], old=null at 0
2019-09-20 08:46:17,938 | INFO  | SCMAudit | user=jenkins1000 | ip=192.168.36.79 | op=SEND_HEARTBEAT {datanodeUUID=0d845cc3-b0d9-47c5-b935-74fa0be2c903, command=[]} | ret=SUCCESS |  
2019-09-20 08:46:17,983 [d3d24c2e-887e-42af-9ac0-80e26c3dc807-SegmentedRaftLogWorker:Storage Directory /workdir/hadoop-ozone/ozonefs/target/test-dir/MiniOzoneClusterImpl-da5888fd-c692-4355-82c4-91aa98cbf569/datanode-7/data/ratis/075f85c4-3fcd-486f-95bb-dac5a3e459ac] INFO  segmented.SegmentedRaftLogWorker (SegmentedRaftLogWorker.java:execute(569)) - d3d24c2e-887e-42af-9ac0-80e26c3dc807-SegmentedRaftLogWorker:Storage Directory /workdir/hadoop-ozone/ozonefs/target/test-dir/MiniOzoneClusterImpl-da5888fd-c692-4355-82c4-91aa98cbf569/datanode-7/data/ratis/075f85c4-3fcd-486f-95bb-dac5a3e459ac: created new log segment /workdir/hadoop-ozone/ozonefs/target/test-dir/MiniOzoneClusterImpl-da5888fd-c692-4355-82c4-91aa98cbf569/datanode-7/data/ratis/075f85c4-3fcd-486f-95bb-dac5a3e459ac/current/log_inprogress_0
2019-09-20 08:46:18,005 [Thread-444] INFO  impl.FollowerState (FollowerState.java:run(106)) - 735a34e4-c7c4-465a-a71d-fefc6390b8eb:group-51192A19969A changes to CANDIDATE, lastRpcTime:5176, electionTimeout:5176ms
2019-09-20 08:46:18,005 [Thread-444] INFO  impl.RoleInfo (RoleInfo.java:shutdownFollowerState(121)) - 735a34e4-c7c4-465a-a71d-fefc6390b8eb: shutdown FollowerState
2019-09-20 08:46:18,006 [Thread-444] INFO  impl.RaftServerImpl (RaftServerImpl.java:setRole(171)) - 735a34e4-c7c4-465a-a71d-fefc6390b8eb:group-51192A19969A changes role from FOLLOWER to CANDIDATE at term 0 for changeToCandidate
2019-09-20 08:46:18,006 [Thread-444] INFO  impl.RoleInfo (RoleInfo.java:updateAndGet(143)) - 735a34e4-c7c4-465a-a71d-fefc6390b8eb: start LeaderElection
2019-09-20 08:46:18,025 [735a34e4-c7c4-465a-a71d-fefc6390b8eb:group-51192A19969A:LeaderElection53] INFO  impl.LeaderElection (LeaderElection.java:askForVotes(181)) - 735a34e4-c7c4-465a-a71d-fefc6390b8eb:group-51192A19969A:LeaderElection53: begin an election at term 1 for -1: [735a34e4-c7c4-465a-a71d-fefc6390b8eb:192.168.36.79:38484], old=null
2019-09-20 08:46:18,026 [735a34e4-c7c4-465a-a71d-fefc6390b8eb:group-51192A19969A:LeaderElection53] INFO  impl.RoleInfo (RoleInfo.java:shutdownLeaderElection(134)) - 735a34e4-c7c4-465a-a71d-fefc6390b8eb: shutdown LeaderElection
2019-09-20 08:46:18,026 [735a34e4-c7c4-465a-a71d-fefc6390b8eb:group-51192A19969A:LeaderElection53] INFO  impl.RaftServerImpl (RaftServerImpl.java:setRole(171)) - 735a34e4-c7c4-465a-a71d-fefc6390b8eb:group-51192A19969A changes role from CANDIDATE to LEADER at term 1 for changeToLeader
2019-09-20 08:46:18,026 [735a34e4-c7c4-465a-a71d-fefc6390b8eb:group-51192A19969A:LeaderElection53] INFO  impl.RaftServerImpl (ServerState.java:setLeader(263)) - 735a34e4-c7c4-465a-a71d-fefc6390b8eb:group-51192A19969A change Leader from null to 735a34e4-c7c4-465a-a71d-fefc6390b8eb at term 1 for becomeLeader, leader elected after 5201ms
2019-09-20 08:46:18,026 [735a34e4-c7c4-465a-a71d-fefc6390b8eb:group-51192A19969A:LeaderElection53] INFO  server.RaftServerConfigKeys (ConfUtils.java:logGet(43)) - raft.server.staging.catchup.gap = 1000 (default)
2019-09-20 08:46:18,026 [735a34e4-c7c4-465a-a71d-fefc6390b8eb:group-51192A19969A:LeaderElection53] INFO  server.RaftServerConfigKeys (ConfUtils.java:logGet(43)) - raft.server.rpc.sleep.time = 25ms (default)
2019-09-20 08:46:18,027 [735a34e4-c7c4-465a-a71d-fefc6390b8eb:group-51192A19969A:LeaderElection53] INFO  server.RaftServerConfigKeys (ConfUtils.java:logGet(43)) - raft.server.write.element-limit = 4096 (default)
2019-09-20 08:46:18,027 [735a34e4-c7c4-465a-a71d-fefc6390b8eb:group-51192A19969A:LeaderElection53] INFO  server.RaftServerConfigKeys (ConfUtils.java:logGet(43)) - raft.server.watch.timeout = 10s (default)
2019-09-20 08:46:18,027 [735a34e4-c7c4-465a-a71d-fefc6390b8eb:group-51192A19969A:LeaderElection53] INFO  server.RaftServerConfigKeys (ConfUtils.java:logGet(43)) - raft.server.watch.timeout.denomination = 1s (default)
2019-09-20 08:46:18,027 [735a34e4-c7c4-465a-a71d-fefc6390b8eb:group-51192A19969A:LeaderElection53] INFO  server.RaftServerConfigKeys (ConfUtils.java:logGet(43)) - raft.server.watch.element-limit = 65536 (default)
2019-09-20 08:46:18,028 [735a34e4-c7c4-465a-a71d-fefc6390b8eb:group-51192A19969A:LeaderElection53] INFO  impl.RoleInfo (RoleInfo.java:updateAndGet(143)) - 735a34e4-c7c4-465a-a71d-fefc6390b8eb: start LeaderState
2019-09-20 08:46:18,028 [735a34e4-c7c4-465a-a71d-fefc6390b8eb:group-51192A19969A:LeaderElection53] INFO  segmented.SegmentedRaftLogWorker (SegmentedRaftLogWorker.java:startLogSegment(380)) - 735a34e4-c7c4-465a-a71d-fefc6390b8eb-SegmentedRaftLogWorker:Storage Directory /workdir/hadoop-ozone/ozonefs/target/test-dir/MiniOzoneClusterImpl-da5888fd-c692-4355-82c4-91aa98cbf569/datanode-8/data/ratis/4400b821-6cbc-42b9-9432-51192a19969a: Starting segment from index:0
2019-09-20 08:46:18,029 [735a34e4-c7c4-465a-a71d-fefc6390b8eb:group-51192A19969A:LeaderElection53] INFO  impl.RaftServerImpl (ServerState.java:setRaftConf(361)) - 735a34e4-c7c4-465a-a71d-fefc6390b8eb:group-51192A19969A set configuration 0: [735a34e4-c7c4-465a-a71d-fefc6390b8eb:192.168.36.79:38484], old=null at 0
2019-09-20 08:46:18,066 [Thread-447] INFO  impl.FollowerState (FollowerState.java:run(106)) - 3d9fb88f-ef2a-412e-bafc-a0084682cc47:group-15D63AA73342 changes to CANDIDATE, lastRpcTime:5178, electionTimeout:5178ms
2019-09-20 08:46:18,067 [Thread-447] INFO  impl.RoleInfo (RoleInfo.java:shutdownFollowerState(121)) - 3d9fb88f-ef2a-412e-bafc-a0084682cc47: shutdown FollowerState
2019-09-20 08:46:18,067 [Thread-447] INFO  impl.RaftServerImpl (RaftServerImpl.java:setRole(171)) - 3d9fb88f-ef2a-412e-bafc-a0084682cc47:group-15D63AA73342 changes role from FOLLOWER to CANDIDATE at term 0 for changeToCandidate
2019-09-20 08:46:18,067 [Thread-447] INFO  impl.RoleInfo (RoleInfo.java:updateAndGet(143)) - 3d9fb88f-ef2a-412e-bafc-a0084682cc47: start LeaderElection
2019-09-20 08:46:18,070 [Thread-450] INFO  impl.FollowerState (FollowerState.java:run(106)) - 3d9fb88f-ef2a-412e-bafc-a0084682cc47:group-B7BD2719C4B7 changes to CANDIDATE, lastRpcTime:5130, electionTimeout:5130ms
2019-09-20 08:46:18,070 [Thread-450] INFO  impl.RoleInfo (RoleInfo.java:shutdownFollowerState(121)) - 3d9fb88f-ef2a-412e-bafc-a0084682cc47: shutdown FollowerState
2019-09-20 08:46:18,070 [Thread-450] INFO  impl.RaftServerImpl (RaftServerImpl.java:setRole(171)) - 3d9fb88f-ef2a-412e-bafc-a0084682cc47:group-B7BD2719C4B7 changes role from FOLLOWER to CANDIDATE at term 0 for changeToCandidate
2019-09-20 08:46:18,070 [Thread-450] INFO  impl.RoleInfo (RoleInfo.java:updateAndGet(143)) - 3d9fb88f-ef2a-412e-bafc-a0084682cc47: start LeaderElection
2019-09-20 08:46:18,084 [735a34e4-c7c4-465a-a71d-fefc6390b8eb-SegmentedRaftLogWorker:Storage Directory /workdir/hadoop-ozone/ozonefs/target/test-dir/MiniOzoneClusterImpl-da5888fd-c692-4355-82c4-91aa98cbf569/datanode-8/data/ratis/4400b821-6cbc-42b9-9432-51192a19969a] INFO  segmented.SegmentedRaftLogWorker (SegmentedRaftLogWorker.java:execute(569)) - 735a34e4-c7c4-465a-a71d-fefc6390b8eb-SegmentedRaftLogWorker:Storage Directory /workdir/hadoop-ozone/ozonefs/target/test-dir/MiniOzoneClusterImpl-da5888fd-c692-4355-82c4-91aa98cbf569/datanode-8/data/ratis/4400b821-6cbc-42b9-9432-51192a19969a: created new log segment /workdir/hadoop-ozone/ozonefs/target/test-dir/MiniOzoneClusterImpl-da5888fd-c692-4355-82c4-91aa98cbf569/datanode-8/data/ratis/4400b821-6cbc-42b9-9432-51192a19969a/current/log_inprogress_0
2019-09-20 08:46:18,097 [Thread-458] INFO  impl.FollowerState (FollowerState.java:run(106)) - 735a34e4-c7c4-465a-a71d-fefc6390b8eb:group-4FB6C01B08C4 changes to CANDIDATE, lastRpcTime:5020, electionTimeout:5020ms
2019-09-20 08:46:18,097 [Thread-458] INFO  impl.RoleInfo (RoleInfo.java:shutdownFollowerState(121)) - 735a34e4-c7c4-465a-a71d-fefc6390b8eb: shutdown FollowerState
2019-09-20 08:46:18,097 [Thread-458] INFO  impl.RaftServerImpl (RaftServerImpl.java:setRole(171)) - 735a34e4-c7c4-465a-a71d-fefc6390b8eb:group-4FB6C01B08C4 changes role from FOLLOWER to CANDIDATE at term 0 for changeToCandidate
2019-09-20 08:46:18,097 [Thread-458] INFO  impl.RoleInfo (RoleInfo.java:updateAndGet(143)) - 735a34e4-c7c4-465a-a71d-fefc6390b8eb: start LeaderElection
2019-09-20 08:46:18,110 [3d9fb88f-ef2a-412e-bafc-a0084682cc47:group-B7BD2719C4B7:LeaderElection55] INFO  impl.LeaderElection (LeaderElection.java:askForVotes(181)) - 3d9fb88f-ef2a-412e-bafc-a0084682cc47:group-B7BD2719C4B7:LeaderElection55: begin an election at term 1 for -1: [3d9fb88f-ef2a-412e-bafc-a0084682cc47:192.168.36.79:36901], old=null
2019-09-20 08:46:18,110 [3d9fb88f-ef2a-412e-bafc-a0084682cc47:group-15D63AA73342:LeaderElection54] INFO  impl.LeaderElection (LeaderElection.java:askForVotes(181)) - 3d9fb88f-ef2a-412e-bafc-a0084682cc47:group-15D63AA73342:LeaderElection54: begin an election at term 1 for -1: [3d9fb88f-ef2a-412e-bafc-a0084682cc47:192.168.36.79:36901], old=null
2019-09-20 08:46:18,110 [3d9fb88f-ef2a-412e-bafc-a0084682cc47:group-B7BD2719C4B7:LeaderElection55] INFO  impl.RoleInfo (RoleInfo.java:shutdownLeaderElection(134)) - 3d9fb88f-ef2a-412e-bafc-a0084682cc47: shutdown LeaderElection
2019-09-20 08:46:18,110 [3d9fb88f-ef2a-412e-bafc-a0084682cc47:group-15D63AA73342:LeaderElection54] INFO  impl.RoleInfo (RoleInfo.java:shutdownLeaderElection(134)) - 3d9fb88f-ef2a-412e-bafc-a0084682cc47: shutdown LeaderElection
2019-09-20 08:46:18,110 [3d9fb88f-ef2a-412e-bafc-a0084682cc47:group-B7BD2719C4B7:LeaderElection55] INFO  impl.RaftServerImpl (RaftServerImpl.java:setRole(171)) - 3d9fb88f-ef2a-412e-bafc-a0084682cc47:group-B7BD2719C4B7 changes role from CANDIDATE to LEADER at term 1 for changeToLeader
2019-09-20 08:46:18,110 [3d9fb88f-ef2a-412e-bafc-a0084682cc47:group-15D63AA73342:LeaderElection54] INFO  impl.RaftServerImpl (RaftServerImpl.java:setRole(171)) - 3d9fb88f-ef2a-412e-bafc-a0084682cc47:group-15D63AA73342 changes role from CANDIDATE to LEADER at term 1 for changeToLeader
2019-09-20 08:46:18,110 [3d9fb88f-ef2a-412e-bafc-a0084682cc47:group-B7BD2719C4B7:LeaderElection55] INFO  impl.RaftServerImpl (ServerState.java:setLeader(263)) - 3d9fb88f-ef2a-412e-bafc-a0084682cc47:group-B7BD2719C4B7 change Leader from null to 3d9fb88f-ef2a-412e-bafc-a0084682cc47 at term 1 for becomeLeader, leader elected after 5175ms
2019-09-20 08:46:18,111 [3d9fb88f-ef2a-412e-bafc-a0084682cc47:group-15D63AA73342:LeaderElection54] INFO  impl.RaftServerImpl (ServerState.java:setLeader(263)) - 3d9fb88f-ef2a-412e-bafc-a0084682cc47:group-15D63AA73342 change Leader from null to 3d9fb88f-ef2a-412e-bafc-a0084682cc47 at term 1 for becomeLeader, leader elected after 5226ms
2019-09-20 08:46:18,111 [3d9fb88f-ef2a-412e-bafc-a0084682cc47:group-B7BD2719C4B7:LeaderElection55] INFO  server.RaftServerConfigKeys (ConfUtils.java:logGet(43)) - raft.server.staging.catchup.gap = 1000 (default)
2019-09-20 08:46:18,111 [3d9fb88f-ef2a-412e-bafc-a0084682cc47:group-15D63AA73342:LeaderElection54] INFO  server.RaftServerConfigKeys (ConfUtils.java:logGet(43)) - raft.server.staging.catchup.gap = 1000 (default)
2019-09-20 08:46:18,111 [3d9fb88f-ef2a-412e-bafc-a0084682cc47:group-B7BD2719C4B7:LeaderElection55] INFO  server.RaftServerConfigKeys (ConfUtils.java:logGet(43)) - raft.server.rpc.sleep.time = 25ms (default)
2019-09-20 08:46:18,111 [3d9fb88f-ef2a-412e-bafc-a0084682cc47:group-15D63AA73342:LeaderElection54] INFO  server.RaftServerConfigKeys (ConfUtils.java:logGet(43)) - raft.server.rpc.sleep.time = 25ms (default)
2019-09-20 08:46:18,112 [3d9fb88f-ef2a-412e-bafc-a0084682cc47:group-B7BD2719C4B7:LeaderElection55] INFO  server.RaftServerConfigKeys (ConfUtils.java:logGet(43)) - raft.server.write.element-limit = 4096 (default)
2019-09-20 08:46:18,112 [3d9fb88f-ef2a-412e-bafc-a0084682cc47:group-15D63AA73342:LeaderElection54] INFO  server.RaftServerConfigKeys (ConfUtils.java:logGet(43)) - raft.server.write.element-limit = 4096 (default)
2019-09-20 08:46:18,112 [3d9fb88f-ef2a-412e-bafc-a0084682cc47:group-B7BD2719C4B7:LeaderElection55] INFO  server.RaftServerConfigKeys (ConfUtils.java:logGet(43)) - raft.server.watch.timeout = 10s (default)
2019-09-20 08:46:18,112 [3d9fb88f-ef2a-412e-bafc-a0084682cc47:group-15D63AA73342:LeaderElection54] INFO  server.RaftServerConfigKeys (ConfUtils.java:logGet(43)) - raft.server.watch.timeout = 10s (default)
2019-09-20 08:46:18,112 [3d9fb88f-ef2a-412e-bafc-a0084682cc47:group-B7BD2719C4B7:LeaderElection55] INFO  server.RaftServerConfigKeys (ConfUtils.java:logGet(43)) - raft.server.watch.timeout.denomination = 1s (default)
2019-09-20 08:46:18,112 [3d9fb88f-ef2a-412e-bafc-a0084682cc47:group-15D63AA73342:LeaderElection54] INFO  server.RaftServerConfigKeys (ConfUtils.java:logGet(43)) - raft.server.watch.timeout.denomination = 1s (default)
2019-09-20 08:46:18,113 [3d9fb88f-ef2a-412e-bafc-a0084682cc47:group-B7BD2719C4B7:LeaderElection55] INFO  server.RaftServerConfigKeys (ConfUtils.java:logGet(43)) - raft.server.watch.element-limit = 65536 (default)
2019-09-20 08:46:18,113 [3d9fb88f-ef2a-412e-bafc-a0084682cc47:group-15D63AA73342:LeaderElection54] INFO  server.RaftServerConfigKeys (ConfUtils.java:logGet(43)) - raft.server.watch.element-limit = 65536 (default)
2019-09-20 08:46:18,113 [3d9fb88f-ef2a-412e-bafc-a0084682cc47:group-B7BD2719C4B7:LeaderElection55] INFO  impl.RoleInfo (RoleInfo.java:updateAndGet(143)) - 3d9fb88f-ef2a-412e-bafc-a0084682cc47: start LeaderState
2019-09-20 08:46:18,113 [3d9fb88f-ef2a-412e-bafc-a0084682cc47:group-15D63AA73342:LeaderElection54] INFO  impl.RoleInfo (RoleInfo.java:updateAndGet(143)) - 3d9fb88f-ef2a-412e-bafc-a0084682cc47: start LeaderState
2019-09-20 08:46:18,113 [3d9fb88f-ef2a-412e-bafc-a0084682cc47:group-B7BD2719C4B7:LeaderElection55] INFO  segmented.SegmentedRaftLogWorker (SegmentedRaftLogWorker.java:startLogSegment(380)) - 3d9fb88f-ef2a-412e-bafc-a0084682cc47-SegmentedRaftLogWorker:Storage Directory /workdir/hadoop-ozone/ozonefs/target/test-dir/MiniOzoneClusterImpl-da5888fd-c692-4355-82c4-91aa98cbf569/datanode-9/data/ratis/0e7df052-cfcf-4f23-9947-b7bd2719c4b7: Starting segment from index:0
2019-09-20 08:46:18,114 [3d9fb88f-ef2a-412e-bafc-a0084682cc47:group-15D63AA73342:LeaderElection54] INFO  segmented.SegmentedRaftLogWorker (SegmentedRaftLogWorker.java:startLogSegment(380)) - 3d9fb88f-ef2a-412e-bafc-a0084682cc47-SegmentedRaftLogWorker:Storage Directory /workdir/hadoop-ozone/ozonefs/target/test-dir/MiniOzoneClusterImpl-da5888fd-c692-4355-82c4-91aa98cbf569/datanode-9/data/ratis/4d53c0fb-4f86-4cf8-b97e-15d63aa73342: Starting segment from index:0
2019-09-20 08:46:18,114 [3d9fb88f-ef2a-412e-bafc-a0084682cc47:group-B7BD2719C4B7:LeaderElection55] INFO  impl.RaftServerImpl (ServerState.java:setRaftConf(361)) - 3d9fb88f-ef2a-412e-bafc-a0084682cc47:group-B7BD2719C4B7 set configuration 0: [3d9fb88f-ef2a-412e-bafc-a0084682cc47:192.168.36.79:36901], old=null at 0
2019-09-20 08:46:18,115 [3d9fb88f-ef2a-412e-bafc-a0084682cc47:group-15D63AA73342:LeaderElection54] INFO  impl.RaftServerImpl (ServerState.java:setRaftConf(361)) - 3d9fb88f-ef2a-412e-bafc-a0084682cc47:group-15D63AA73342 set configuration 0: [3d9fb88f-ef2a-412e-bafc-a0084682cc47:192.168.36.79:36901], old=null at 0
2019-09-20 08:46:18,118 [735a34e4-c7c4-465a-a71d-fefc6390b8eb:group-4FB6C01B08C4:LeaderElection56] INFO  impl.LeaderElection (LeaderElection.java:askForVotes(181)) - 735a34e4-c7c4-465a-a71d-fefc6390b8eb:group-4FB6C01B08C4:LeaderElection56: begin an election at term 1 for -1: [735a34e4-c7c4-465a-a71d-fefc6390b8eb:192.168.36.79:38484], old=null
2019-09-20 08:46:18,118 [735a34e4-c7c4-465a-a71d-fefc6390b8eb:group-4FB6C01B08C4:LeaderElection56] INFO  impl.RoleInfo (RoleInfo.java:shutdownLeaderElection(134)) - 735a34e4-c7c4-465a-a71d-fefc6390b8eb: shutdown LeaderElection
2019-09-20 08:46:18,118 [735a34e4-c7c4-465a-a71d-fefc6390b8eb:group-4FB6C01B08C4:LeaderElection56] INFO  impl.RaftServerImpl (RaftServerImpl.java:setRole(171)) - 735a34e4-c7c4-465a-a71d-fefc6390b8eb:group-4FB6C01B08C4 changes role from CANDIDATE to LEADER at term 1 for changeToLeader
2019-09-20 08:46:18,119 [735a34e4-c7c4-465a-a71d-fefc6390b8eb:group-4FB6C01B08C4:LeaderElection56] INFO  impl.RaftServerImpl (ServerState.java:setLeader(263)) - 735a34e4-c7c4-465a-a71d-fefc6390b8eb:group-4FB6C01B08C4 change Leader from null to 735a34e4-c7c4-465a-a71d-fefc6390b8eb at term 1 for becomeLeader, leader elected after 5048ms
2019-09-20 08:46:18,119 [735a34e4-c7c4-465a-a71d-fefc6390b8eb:group-4FB6C01B08C4:LeaderElection56] INFO  server.RaftServerConfigKeys (ConfUtils.java:logGet(43)) - raft.server.staging.catchup.gap = 1000 (default)
2019-09-20 08:46:18,119 [735a34e4-c7c4-465a-a71d-fefc6390b8eb:group-4FB6C01B08C4:LeaderElection56] INFO  server.RaftServerConfigKeys (ConfUtils.java:logGet(43)) - raft.server.rpc.sleep.time = 25ms (default)
2019-09-20 08:46:18,119 [735a34e4-c7c4-465a-a71d-fefc6390b8eb:group-4FB6C01B08C4:LeaderElection56] INFO  server.RaftServerConfigKeys (ConfUtils.java:logGet(43)) - raft.server.write.element-limit = 4096 (default)
2019-09-20 08:46:18,119 [735a34e4-c7c4-465a-a71d-fefc6390b8eb:group-4FB6C01B08C4:LeaderElection56] INFO  server.RaftServerConfigKeys (ConfUtils.java:logGet(43)) - raft.server.watch.timeout = 10s (default)
2019-09-20 08:46:18,119 [735a34e4-c7c4-465a-a71d-fefc6390b8eb:group-4FB6C01B08C4:LeaderElection56] INFO  server.RaftServerConfigKeys (ConfUtils.java:logGet(43)) - raft.server.watch.timeout.denomination = 1s (default)
2019-09-20 08:46:18,119 [735a34e4-c7c4-465a-a71d-fefc6390b8eb:group-4FB6C01B08C4:LeaderElection56] INFO  server.RaftServerConfigKeys (ConfUtils.java:logGet(43)) - raft.server.watch.element-limit = 65536 (default)
2019-09-20 08:46:18,120 [735a34e4-c7c4-465a-a71d-fefc6390b8eb:group-4FB6C01B08C4:LeaderElection56] INFO  impl.RoleInfo (RoleInfo.java:updateAndGet(143)) - 735a34e4-c7c4-465a-a71d-fefc6390b8eb: start LeaderState
2019-09-20 08:46:18,120 [735a34e4-c7c4-465a-a71d-fefc6390b8eb:group-4FB6C01B08C4:LeaderElection56] INFO  segmented.SegmentedRaftLogWorker (SegmentedRaftLogWorker.java:startLogSegment(380)) - 735a34e4-c7c4-465a-a71d-fefc6390b8eb-SegmentedRaftLogWorker:Storage Directory /workdir/hadoop-ozone/ozonefs/target/test-dir/MiniOzoneClusterImpl-da5888fd-c692-4355-82c4-91aa98cbf569/datanode-8/data/ratis/a4dbe4a0-86ac-4e2d-8e91-4fb6c01b08c4: Starting segment from index:0
2019-09-20 08:46:18,120 [735a34e4-c7c4-465a-a71d-fefc6390b8eb:group-4FB6C01B08C4:LeaderElection56] INFO  impl.RaftServerImpl (ServerState.java:setRaftConf(361)) - 735a34e4-c7c4-465a-a71d-fefc6390b8eb:group-4FB6C01B08C4 set configuration 0: [735a34e4-c7c4-465a-a71d-fefc6390b8eb:192.168.36.79:38484], old=null at 0
2019-09-20 08:46:18,146 [Thread-453] INFO  impl.FollowerState (FollowerState.java:run(106)) - 3d9fb88f-ef2a-412e-bafc-a0084682cc47:group-B15BDBA6966F changes to CANDIDATE, lastRpcTime:5138, electionTimeout:5138ms
2019-09-20 08:46:18,146 [Thread-453] INFO  impl.RoleInfo (RoleInfo.java:shutdownFollowerState(121)) - 3d9fb88f-ef2a-412e-bafc-a0084682cc47: shutdown FollowerState
2019-09-20 08:46:18,146 [Thread-453] INFO  impl.RaftServerImpl (RaftServerImpl.java:setRole(171)) - 3d9fb88f-ef2a-412e-bafc-a0084682cc47:group-B15BDBA6966F changes role from FOLLOWER to CANDIDATE at term 0 for changeToCandidate
2019-09-20 08:46:18,146 [Thread-453] INFO  impl.RoleInfo (RoleInfo.java:updateAndGet(143)) - 3d9fb88f-ef2a-412e-bafc-a0084682cc47: start LeaderElection
2019-09-20 08:46:18,155 | INFO  | SCMAudit | user=jenkins1000 | ip=192.168.36.79 | op=SEND_HEARTBEAT {datanodeUUID=1e702f59-a831-439b-ba97-9c7e4d303d93, command=[]} | ret=SUCCESS |  
2019-09-20 08:46:18,185 [3d9fb88f-ef2a-412e-bafc-a0084682cc47-SegmentedRaftLogWorker:Storage Directory /workdir/hadoop-ozone/ozonefs/target/test-dir/MiniOzoneClusterImpl-da5888fd-c692-4355-82c4-91aa98cbf569/datanode-9/data/ratis/4d53c0fb-4f86-4cf8-b97e-15d63aa73342] INFO  segmented.SegmentedRaftLogWorker (SegmentedRaftLogWorker.java:execute(569)) - 3d9fb88f-ef2a-412e-bafc-a0084682cc47-SegmentedRaftLogWorker:Storage Directory /workdir/hadoop-ozone/ozonefs/target/test-dir/MiniOzoneClusterImpl-da5888fd-c692-4355-82c4-91aa98cbf569/datanode-9/data/ratis/4d53c0fb-4f86-4cf8-b97e-15d63aa73342: created new log segment /workdir/hadoop-ozone/ozonefs/target/test-dir/MiniOzoneClusterImpl-da5888fd-c692-4355-82c4-91aa98cbf569/datanode-9/data/ratis/4d53c0fb-4f86-4cf8-b97e-15d63aa73342/current/log_inprogress_0
2019-09-20 08:46:18,185 [3d9fb88f-ef2a-412e-bafc-a0084682cc47:group-B15BDBA6966F:LeaderElection57] INFO  impl.LeaderElection (LeaderElection.java:askForVotes(181)) - 3d9fb88f-ef2a-412e-bafc-a0084682cc47:group-B15BDBA6966F:LeaderElection57: begin an election at term 1 for -1: [3d9fb88f-ef2a-412e-bafc-a0084682cc47:192.168.36.79:36901], old=null
2019-09-20 08:46:18,185 [735a34e4-c7c4-465a-a71d-fefc6390b8eb-SegmentedRaftLogWorker:Storage Directory /workdir/hadoop-ozone/ozonefs/target/test-dir/MiniOzoneClusterImpl-da5888fd-c692-4355-82c4-91aa98cbf569/datanode-8/data/ratis/a4dbe4a0-86ac-4e2d-8e91-4fb6c01b08c4] INFO  segmented.SegmentedRaftLogWorker (SegmentedRaftLogWorker.java:execute(569)) - 735a34e4-c7c4-465a-a71d-fefc6390b8eb-SegmentedRaftLogWorker:Storage Directory /workdir/hadoop-ozone/ozonefs/target/test-dir/MiniOzoneClusterImpl-da5888fd-c692-4355-82c4-91aa98cbf569/datanode-8/data/ratis/a4dbe4a0-86ac-4e2d-8e91-4fb6c01b08c4: created new log segment /workdir/hadoop-ozone/ozonefs/target/test-dir/MiniOzoneClusterImpl-da5888fd-c692-4355-82c4-91aa98cbf569/datanode-8/data/ratis/a4dbe4a0-86ac-4e2d-8e91-4fb6c01b08c4/current/log_inprogress_0
2019-09-20 08:46:18,185 [3d9fb88f-ef2a-412e-bafc-a0084682cc47-SegmentedRaftLogWorker:Storage Directory /workdir/hadoop-ozone/ozonefs/target/test-dir/MiniOzoneClusterImpl-da5888fd-c692-4355-82c4-91aa98cbf569/datanode-9/data/ratis/0e7df052-cfcf-4f23-9947-b7bd2719c4b7] INFO  segmented.SegmentedRaftLogWorker (SegmentedRaftLogWorker.java:execute(569)) - 3d9fb88f-ef2a-412e-bafc-a0084682cc47-SegmentedRaftLogWorker:Storage Directory /workdir/hadoop-ozone/ozonefs/target/test-dir/MiniOzoneClusterImpl-da5888fd-c692-4355-82c4-91aa98cbf569/datanode-9/data/ratis/0e7df052-cfcf-4f23-9947-b7bd2719c4b7: created new log segment /workdir/hadoop-ozone/ozonefs/target/test-dir/MiniOzoneClusterImpl-da5888fd-c692-4355-82c4-91aa98cbf569/datanode-9/data/ratis/0e7df052-cfcf-4f23-9947-b7bd2719c4b7/current/log_inprogress_0
2019-09-20 08:46:18,186 [3d9fb88f-ef2a-412e-bafc-a0084682cc47:group-B15BDBA6966F:LeaderElection57] INFO  impl.RoleInfo (RoleInfo.java:shutdownLeaderElection(134)) - 3d9fb88f-ef2a-412e-bafc-a0084682cc47: shutdown LeaderElection
2019-09-20 08:46:18,186 [3d9fb88f-ef2a-412e-bafc-a0084682cc47:group-B15BDBA6966F:LeaderElection57] INFO  impl.RaftServerImpl (RaftServerImpl.java:setRole(171)) - 3d9fb88f-ef2a-412e-bafc-a0084682cc47:group-B15BDBA6966F changes role from CANDIDATE to LEADER at term 1 for changeToLeader
2019-09-20 08:46:18,186 [3d9fb88f-ef2a-412e-bafc-a0084682cc47:group-B15BDBA6966F:LeaderElection57] INFO  impl.RaftServerImpl (ServerState.java:setLeader(263)) - 3d9fb88f-ef2a-412e-bafc-a0084682cc47:group-B15BDBA6966F change Leader from null to 3d9fb88f-ef2a-412e-bafc-a0084682cc47 at term 1 for becomeLeader, leader elected after 5183ms
2019-09-20 08:46:18,186 [3d9fb88f-ef2a-412e-bafc-a0084682cc47:group-B15BDBA6966F:LeaderElection57] INFO  server.RaftServerConfigKeys (ConfUtils.java:logGet(43)) - raft.server.staging.catchup.gap = 1000 (default)
2019-09-20 08:46:18,186 [3d9fb88f-ef2a-412e-bafc-a0084682cc47:group-B15BDBA6966F:LeaderElection57] INFO  server.RaftServerConfigKeys (ConfUtils.java:logGet(43)) - raft.server.rpc.sleep.time = 25ms (default)
2019-09-20 08:46:18,187 [3d9fb88f-ef2a-412e-bafc-a0084682cc47:group-B15BDBA6966F:LeaderElection57] INFO  server.RaftServerConfigKeys (ConfUtils.java:logGet(43)) - raft.server.write.element-limit = 4096 (default)
2019-09-20 08:46:18,187 [3d9fb88f-ef2a-412e-bafc-a0084682cc47:group-B15BDBA6966F:LeaderElection57] INFO  server.RaftServerConfigKeys (ConfUtils.java:logGet(43)) - raft.server.watch.timeout = 10s (default)
2019-09-20 08:46:18,187 [3d9fb88f-ef2a-412e-bafc-a0084682cc47:group-B15BDBA6966F:LeaderElection57] INFO  server.RaftServerConfigKeys (ConfUtils.java:logGet(43)) - raft.server.watch.timeout.denomination = 1s (default)
2019-09-20 08:46:18,187 [3d9fb88f-ef2a-412e-bafc-a0084682cc47:group-B15BDBA6966F:LeaderElection57] INFO  server.RaftServerConfigKeys (ConfUtils.java:logGet(43)) - raft.server.watch.element-limit = 65536 (default)
2019-09-20 08:46:18,187 [3d9fb88f-ef2a-412e-bafc-a0084682cc47:group-B15BDBA6966F:LeaderElection57] INFO  impl.RoleInfo (RoleInfo.java:updateAndGet(143)) - 3d9fb88f-ef2a-412e-bafc-a0084682cc47: start LeaderState
2019-09-20 08:46:18,187 [3d9fb88f-ef2a-412e-bafc-a0084682cc47:group-B15BDBA6966F:LeaderElection57] INFO  segmented.SegmentedRaftLogWorker (SegmentedRaftLogWorker.java:startLogSegment(380)) - 3d9fb88f-ef2a-412e-bafc-a0084682cc47-SegmentedRaftLogWorker:Storage Directory /workdir/hadoop-ozone/ozonefs/target/test-dir/MiniOzoneClusterImpl-da5888fd-c692-4355-82c4-91aa98cbf569/datanode-9/data/ratis/6cfc8ea8-3088-4d8d-a821-b15bdba6966f: Starting segment from index:0
2019-09-20 08:46:18,188 [3d9fb88f-ef2a-412e-bafc-a0084682cc47:group-B15BDBA6966F:LeaderElection57] INFO  impl.RaftServerImpl (ServerState.java:setRaftConf(361)) - 3d9fb88f-ef2a-412e-bafc-a0084682cc47:group-B15BDBA6966F set configuration 0: [3d9fb88f-ef2a-412e-bafc-a0084682cc47:192.168.36.79:36901], old=null at 0
2019-09-20 08:46:18,210 [Thread-463] INFO  impl.FollowerState (FollowerState.java:run(106)) - 735a34e4-c7c4-465a-a71d-fefc6390b8eb:group-48F26724C4FE changes to CANDIDATE, lastRpcTime:5014, electionTimeout:5014ms
2019-09-20 08:46:18,210 [Thread-463] INFO  impl.RoleInfo (RoleInfo.java:shutdownFollowerState(121)) - 735a34e4-c7c4-465a-a71d-fefc6390b8eb: shutdown FollowerState
2019-09-20 08:46:18,210 [Thread-463] INFO  impl.RaftServerImpl (RaftServerImpl.java:setRole(171)) - 735a34e4-c7c4-465a-a71d-fefc6390b8eb:group-48F26724C4FE changes role from FOLLOWER to CANDIDATE at term 0 for changeToCandidate
2019-09-20 08:46:18,211 [Thread-463] INFO  impl.RoleInfo (RoleInfo.java:updateAndGet(143)) - 735a34e4-c7c4-465a-a71d-fefc6390b8eb: start LeaderElection
2019-09-20 08:46:18,236 [3d9fb88f-ef2a-412e-bafc-a0084682cc47-SegmentedRaftLogWorker:Storage Directory /workdir/hadoop-ozone/ozonefs/target/test-dir/MiniOzoneClusterImpl-da5888fd-c692-4355-82c4-91aa98cbf569/datanode-9/data/ratis/6cfc8ea8-3088-4d8d-a821-b15bdba6966f] INFO  segmented.SegmentedRaftLogWorker (SegmentedRaftLogWorker.java:execute(569)) - 3d9fb88f-ef2a-412e-bafc-a0084682cc47-SegmentedRaftLogWorker:Storage Directory /workdir/hadoop-ozone/ozonefs/target/test-dir/MiniOzoneClusterImpl-da5888fd-c692-4355-82c4-91aa98cbf569/datanode-9/data/ratis/6cfc8ea8-3088-4d8d-a821-b15bdba6966f: created new log segment /workdir/hadoop-ozone/ozonefs/target/test-dir/MiniOzoneClusterImpl-da5888fd-c692-4355-82c4-91aa98cbf569/datanode-9/data/ratis/6cfc8ea8-3088-4d8d-a821-b15bdba6966f/current/log_inprogress_0
2019-09-20 08:46:18,236 [735a34e4-c7c4-465a-a71d-fefc6390b8eb:group-48F26724C4FE:LeaderElection58] INFO  impl.LeaderElection (LeaderElection.java:askForVotes(181)) - 735a34e4-c7c4-465a-a71d-fefc6390b8eb:group-48F26724C4FE:LeaderElection58: begin an election at term 1 for -1: [735a34e4-c7c4-465a-a71d-fefc6390b8eb:192.168.36.79:38484], old=null
2019-09-20 08:46:18,236 [735a34e4-c7c4-465a-a71d-fefc6390b8eb:group-48F26724C4FE:LeaderElection58] INFO  impl.RoleInfo (RoleInfo.java:shutdownLeaderElection(134)) - 735a34e4-c7c4-465a-a71d-fefc6390b8eb: shutdown LeaderElection
2019-09-20 08:46:18,237 [735a34e4-c7c4-465a-a71d-fefc6390b8eb:group-48F26724C4FE:LeaderElection58] INFO  impl.RaftServerImpl (RaftServerImpl.java:setRole(171)) - 735a34e4-c7c4-465a-a71d-fefc6390b8eb:group-48F26724C4FE changes role from CANDIDATE to LEADER at term 1 for changeToLeader
2019-09-20 08:46:18,237 [735a34e4-c7c4-465a-a71d-fefc6390b8eb:group-48F26724C4FE:LeaderElection58] INFO  impl.RaftServerImpl (ServerState.java:setLeader(263)) - 735a34e4-c7c4-465a-a71d-fefc6390b8eb:group-48F26724C4FE change Leader from null to 735a34e4-c7c4-465a-a71d-fefc6390b8eb at term 1 for becomeLeader, leader elected after 5048ms
2019-09-20 08:46:18,237 [735a34e4-c7c4-465a-a71d-fefc6390b8eb:group-48F26724C4FE:LeaderElection58] INFO  server.RaftServerConfigKeys (ConfUtils.java:logGet(43)) - raft.server.staging.catchup.gap = 1000 (default)
2019-09-20 08:46:18,237 [735a34e4-c7c4-465a-a71d-fefc6390b8eb:group-48F26724C4FE:LeaderElection58] INFO  server.RaftServerConfigKeys (ConfUtils.java:logGet(43)) - raft.server.rpc.sleep.time = 25ms (default)
2019-09-20 08:46:18,237 [735a34e4-c7c4-465a-a71d-fefc6390b8eb:group-48F26724C4FE:LeaderElection58] INFO  server.RaftServerConfigKeys (ConfUtils.java:logGet(43)) - raft.server.write.element-limit = 4096 (default)
2019-09-20 08:46:18,237 [735a34e4-c7c4-465a-a71d-fefc6390b8eb:group-48F26724C4FE:LeaderElection58] INFO  server.RaftServerConfigKeys (ConfUtils.java:logGet(43)) - raft.server.watch.timeout = 10s (default)
2019-09-20 08:46:18,238 [735a34e4-c7c4-465a-a71d-fefc6390b8eb:group-48F26724C4FE:LeaderElection58] INFO  server.RaftServerConfigKeys (ConfUtils.java:logGet(43)) - raft.server.watch.timeout.denomination = 1s (default)
2019-09-20 08:46:18,238 [735a34e4-c7c4-465a-a71d-fefc6390b8eb:group-48F26724C4FE:LeaderElection58] INFO  server.RaftServerConfigKeys (ConfUtils.java:logGet(43)) - raft.server.watch.element-limit = 65536 (default)
2019-09-20 08:46:18,238 [735a34e4-c7c4-465a-a71d-fefc6390b8eb:group-48F26724C4FE:LeaderElection58] INFO  impl.RoleInfo (RoleInfo.java:updateAndGet(143)) - 735a34e4-c7c4-465a-a71d-fefc6390b8eb: start LeaderState
2019-09-20 08:46:18,238 [735a34e4-c7c4-465a-a71d-fefc6390b8eb:group-48F26724C4FE:LeaderElection58] INFO  segmented.SegmentedRaftLogWorker (SegmentedRaftLogWorker.java:startLogSegment(380)) - 735a34e4-c7c4-465a-a71d-fefc6390b8eb-SegmentedRaftLogWorker:Storage Directory /workdir/hadoop-ozone/ozonefs/target/test-dir/MiniOzoneClusterImpl-da5888fd-c692-4355-82c4-91aa98cbf569/datanode-8/data/ratis/88c0a86a-0729-43bb-b9ff-48f26724c4fe: Starting segment from index:0
2019-09-20 08:46:18,239 [735a34e4-c7c4-465a-a71d-fefc6390b8eb:group-48F26724C4FE:LeaderElection58] INFO  impl.RaftServerImpl (ServerState.java:setRaftConf(361)) - 735a34e4-c7c4-465a-a71d-fefc6390b8eb:group-48F26724C4FE set configuration 0: [735a34e4-c7c4-465a-a71d-fefc6390b8eb:192.168.36.79:38484], old=null at 0
2019-09-20 08:46:18,296 [735a34e4-c7c4-465a-a71d-fefc6390b8eb-SegmentedRaftLogWorker:Storage Directory /workdir/hadoop-ozone/ozonefs/target/test-dir/MiniOzoneClusterImpl-da5888fd-c692-4355-82c4-91aa98cbf569/datanode-8/data/ratis/88c0a86a-0729-43bb-b9ff-48f26724c4fe] INFO  segmented.SegmentedRaftLogWorker (SegmentedRaftLogWorker.java:execute(569)) - 735a34e4-c7c4-465a-a71d-fefc6390b8eb-SegmentedRaftLogWorker:Storage Directory /workdir/hadoop-ozone/ozonefs/target/test-dir/MiniOzoneClusterImpl-da5888fd-c692-4355-82c4-91aa98cbf569/datanode-8/data/ratis/88c0a86a-0729-43bb-b9ff-48f26724c4fe: created new log segment /workdir/hadoop-ozone/ozonefs/target/test-dir/MiniOzoneClusterImpl-da5888fd-c692-4355-82c4-91aa98cbf569/datanode-8/data/ratis/88c0a86a-0729-43bb-b9ff-48f26724c4fe/current/log_inprogress_0
2019-09-20 08:46:18,357 | INFO  | SCMAudit | user=jenkins1000 | ip=192.168.36.79 | op=SEND_HEARTBEAT {datanodeUUID=d3d24c2e-887e-42af-9ac0-80e26c3dc807, command=[]} | ret=SUCCESS |  
2019-09-20 08:46:18,393 [Thread-466] INFO  impl.FollowerState (FollowerState.java:run(106)) - 3d9fb88f-ef2a-412e-bafc-a0084682cc47:group-9FEF8E38431B changes to CANDIDATE, lastRpcTime:5108, electionTimeout:5108ms
2019-09-20 08:46:18,394 [Thread-466] INFO  impl.RoleInfo (RoleInfo.java:shutdownFollowerState(121)) - 3d9fb88f-ef2a-412e-bafc-a0084682cc47: shutdown FollowerState
2019-09-20 08:46:18,394 [Thread-466] INFO  impl.RaftServerImpl (RaftServerImpl.java:setRole(171)) - 3d9fb88f-ef2a-412e-bafc-a0084682cc47:group-9FEF8E38431B changes role from FOLLOWER to CANDIDATE at term 0 for changeToCandidate
2019-09-20 08:46:18,394 [Thread-466] INFO  impl.RoleInfo (RoleInfo.java:updateAndGet(143)) - 3d9fb88f-ef2a-412e-bafc-a0084682cc47: start LeaderElection
2019-09-20 08:46:18,429 [3d9fb88f-ef2a-412e-bafc-a0084682cc47:group-9FEF8E38431B:LeaderElection59] INFO  impl.LeaderElection (LeaderElection.java:askForVotes(181)) - 3d9fb88f-ef2a-412e-bafc-a0084682cc47:group-9FEF8E38431B:LeaderElection59: begin an election at term 1 for -1: [3d9fb88f-ef2a-412e-bafc-a0084682cc47:192.168.36.79:36901], old=null
2019-09-20 08:46:18,429 [3d9fb88f-ef2a-412e-bafc-a0084682cc47:group-9FEF8E38431B:LeaderElection59] INFO  impl.RoleInfo (RoleInfo.java:shutdownLeaderElection(134)) - 3d9fb88f-ef2a-412e-bafc-a0084682cc47: shutdown LeaderElection
2019-09-20 08:46:18,430 [3d9fb88f-ef2a-412e-bafc-a0084682cc47:group-9FEF8E38431B:LeaderElection59] INFO  impl.RaftServerImpl (RaftServerImpl.java:setRole(171)) - 3d9fb88f-ef2a-412e-bafc-a0084682cc47:group-9FEF8E38431B changes role from CANDIDATE to LEADER at term 1 for changeToLeader
2019-09-20 08:46:18,430 [3d9fb88f-ef2a-412e-bafc-a0084682cc47:group-9FEF8E38431B:LeaderElection59] INFO  impl.RaftServerImpl (ServerState.java:setLeader(263)) - 3d9fb88f-ef2a-412e-bafc-a0084682cc47:group-9FEF8E38431B change Leader from null to 3d9fb88f-ef2a-412e-bafc-a0084682cc47 at term 1 for becomeLeader, leader elected after 5149ms
2019-09-20 08:46:18,430 [3d9fb88f-ef2a-412e-bafc-a0084682cc47:group-9FEF8E38431B:LeaderElection59] INFO  server.RaftServerConfigKeys (ConfUtils.java:logGet(43)) - raft.server.staging.catchup.gap = 1000 (default)
2019-09-20 08:46:18,430 [3d9fb88f-ef2a-412e-bafc-a0084682cc47:group-9FEF8E38431B:LeaderElection59] INFO  server.RaftServerConfigKeys (ConfUtils.java:logGet(43)) - raft.server.rpc.sleep.time = 25ms (default)
2019-09-20 08:46:18,430 [3d9fb88f-ef2a-412e-bafc-a0084682cc47:group-9FEF8E38431B:LeaderElection59] INFO  server.RaftServerConfigKeys (ConfUtils.java:logGet(43)) - raft.server.write.element-limit = 4096 (default)
2019-09-20 08:46:18,430 [3d9fb88f-ef2a-412e-bafc-a0084682cc47:group-9FEF8E38431B:LeaderElection59] INFO  server.RaftServerConfigKeys (ConfUtils.java:logGet(43)) - raft.server.watch.timeout = 10s (default)
2019-09-20 08:46:18,431 [3d9fb88f-ef2a-412e-bafc-a0084682cc47:group-9FEF8E38431B:LeaderElection59] INFO  server.RaftServerConfigKeys (ConfUtils.java:logGet(43)) - raft.server.watch.timeout.denomination = 1s (default)
2019-09-20 08:46:18,431 [3d9fb88f-ef2a-412e-bafc-a0084682cc47:group-9FEF8E38431B:LeaderElection59] INFO  server.RaftServerConfigKeys (ConfUtils.java:logGet(43)) - raft.server.watch.element-limit = 65536 (default)
2019-09-20 08:46:18,431 [3d9fb88f-ef2a-412e-bafc-a0084682cc47:group-9FEF8E38431B:LeaderElection59] INFO  impl.RoleInfo (RoleInfo.java:updateAndGet(143)) - 3d9fb88f-ef2a-412e-bafc-a0084682cc47: start LeaderState
2019-09-20 08:46:18,431 [3d9fb88f-ef2a-412e-bafc-a0084682cc47:group-9FEF8E38431B:LeaderElection59] INFO  segmented.SegmentedRaftLogWorker (SegmentedRaftLogWorker.java:startLogSegment(380)) - 3d9fb88f-ef2a-412e-bafc-a0084682cc47-SegmentedRaftLogWorker:Storage Directory /workdir/hadoop-ozone/ozonefs/target/test-dir/MiniOzoneClusterImpl-da5888fd-c692-4355-82c4-91aa98cbf569/datanode-9/data/ratis/e67d8c3b-2ef7-4324-a183-9fef8e38431b: Starting segment from index:0
2019-09-20 08:46:18,432 [3d9fb88f-ef2a-412e-bafc-a0084682cc47:group-9FEF8E38431B:LeaderElection59] INFO  impl.RaftServerImpl (ServerState.java:setRaftConf(361)) - 3d9fb88f-ef2a-412e-bafc-a0084682cc47:group-9FEF8E38431B set configuration 0: [3d9fb88f-ef2a-412e-bafc-a0084682cc47:192.168.36.79:36901], old=null at 0
2019-09-20 08:46:18,468 | INFO  | SCMAudit | user=jenkins1000 | ip=192.168.36.79 | op=SEND_HEARTBEAT {datanodeUUID=3ea69b51-ea1d-40b9-a82f-433a48a46bff, command=[]} | ret=SUCCESS |  
2019-09-20 08:46:18,487 [Thread-471] INFO  impl.FollowerState (FollowerState.java:run(106)) - 3d9fb88f-ef2a-412e-bafc-a0084682cc47:group-D576AB10FCD3 changes to CANDIDATE, lastRpcTime:5092, electionTimeout:5092ms
2019-09-20 08:46:18,487 [Thread-471] INFO  impl.RoleInfo (RoleInfo.java:shutdownFollowerState(121)) - 3d9fb88f-ef2a-412e-bafc-a0084682cc47: shutdown FollowerState
2019-09-20 08:46:18,487 [Thread-471] INFO  impl.RaftServerImpl (RaftServerImpl.java:setRole(171)) - 3d9fb88f-ef2a-412e-bafc-a0084682cc47:group-D576AB10FCD3 changes role from FOLLOWER to CANDIDATE at term 0 for changeToCandidate
2019-09-20 08:46:18,488 [Thread-471] INFO  impl.RoleInfo (RoleInfo.java:updateAndGet(143)) - 3d9fb88f-ef2a-412e-bafc-a0084682cc47: start LeaderElection
2019-09-20 08:46:18,488 [3d9fb88f-ef2a-412e-bafc-a0084682cc47-SegmentedRaftLogWorker:Storage Directory /workdir/hadoop-ozone/ozonefs/target/test-dir/MiniOzoneClusterImpl-da5888fd-c692-4355-82c4-91aa98cbf569/datanode-9/data/ratis/e67d8c3b-2ef7-4324-a183-9fef8e38431b] INFO  segmented.SegmentedRaftLogWorker (SegmentedRaftLogWorker.java:execute(569)) - 3d9fb88f-ef2a-412e-bafc-a0084682cc47-SegmentedRaftLogWorker:Storage Directory /workdir/hadoop-ozone/ozonefs/target/test-dir/MiniOzoneClusterImpl-da5888fd-c692-4355-82c4-91aa98cbf569/datanode-9/data/ratis/e67d8c3b-2ef7-4324-a183-9fef8e38431b: created new log segment /workdir/hadoop-ozone/ozonefs/target/test-dir/MiniOzoneClusterImpl-da5888fd-c692-4355-82c4-91aa98cbf569/datanode-9/data/ratis/e67d8c3b-2ef7-4324-a183-9fef8e38431b/current/log_inprogress_0
2019-09-20 08:46:18,501 | INFO  | SCMAudit | user=jenkins1000 | ip=192.168.36.79 | op=SEND_HEARTBEAT {datanodeUUID=1cc75455-5fc2-459e-9e17-b902eb9cc08f, command=[]} | ret=SUCCESS |  
2019-09-20 08:46:18,501 | INFO  | SCMAudit | user=jenkins1000 | ip=192.168.36.79 | op=SEND_HEARTBEAT {datanodeUUID=a3bf3c1a-4063-48f8-b1bd-e321780611c4, command=[]} | ret=SUCCESS |  
2019-09-20 08:46:18,941 [3d9fb88f-ef2a-412e-bafc-a0084682cc47:group-D576AB10FCD3:LeaderElection60] INFO  impl.LeaderElection (LeaderElection.java:askForVotes(181)) - 3d9fb88f-ef2a-412e-bafc-a0084682cc47:group-D576AB10FCD3:LeaderElection60: begin an election at term 1 for -1: [3d9fb88f-ef2a-412e-bafc-a0084682cc47:192.168.36.79:36901], old=null
2019-09-20 08:46:18,943 [3d9fb88f-ef2a-412e-bafc-a0084682cc47:group-D576AB10FCD3:LeaderElection60] INFO  impl.RoleInfo (RoleInfo.java:shutdownLeaderElection(134)) - 3d9fb88f-ef2a-412e-bafc-a0084682cc47: shutdown LeaderElection
2019-09-20 08:46:18,943 [3d9fb88f-ef2a-412e-bafc-a0084682cc47:group-D576AB10FCD3:LeaderElection60] INFO  impl.RaftServerImpl (RaftServerImpl.java:setRole(171)) - 3d9fb88f-ef2a-412e-bafc-a0084682cc47:group-D576AB10FCD3 changes role from CANDIDATE to LEADER at term 1 for changeToLeader
2019-09-20 08:46:18,943 [3d9fb88f-ef2a-412e-bafc-a0084682cc47:group-D576AB10FCD3:LeaderElection60] INFO  impl.RaftServerImpl (ServerState.java:setLeader(263)) - 3d9fb88f-ef2a-412e-bafc-a0084682cc47:group-D576AB10FCD3 change Leader from null to 3d9fb88f-ef2a-412e-bafc-a0084682cc47 at term 1 for becomeLeader, leader elected after 5583ms
2019-09-20 08:46:18,943 | INFO  | SCMAudit | user=jenkins1000 | ip=192.168.36.79 | op=SEND_HEARTBEAT {datanodeUUID=735a34e4-c7c4-465a-a71d-fefc6390b8eb, command=[]} | ret=SUCCESS |  
2019-09-20 08:46:18,943 | INFO  | SCMAudit | user=jenkins1000 | ip=192.168.36.79 | op=SEND_HEARTBEAT {datanodeUUID=e997423e-4090-4042-87ee-7419d4cf7365, command=[]} | ret=SUCCESS |  
2019-09-20 08:46:18,944 [3d9fb88f-ef2a-412e-bafc-a0084682cc47:group-D576AB10FCD3:LeaderElection60] INFO  server.RaftServerConfigKeys (ConfUtils.java:logGet(43)) - raft.server.staging.catchup.gap = 1000 (default)
2019-09-20 08:46:18,943 | INFO  | SCMAudit | user=jenkins1000 | ip=192.168.36.79 | op=SEND_HEARTBEAT {datanodeUUID=0d845cc3-b0d9-47c5-b935-74fa0be2c903, command=[]} | ret=SUCCESS |  
2019-09-20 08:46:18,943 | INFO  | SCMAudit | user=jenkins1000 | ip=192.168.36.79 | op=SEND_HEARTBEAT {datanodeUUID=4eb079c5-a63c-4d36-97af-76873864fc0c, command=[]} | ret=SUCCESS |  
2019-09-20 08:46:18,944 | INFO  | SCMAudit | user=jenkins1000 | ip=192.168.36.79 | op=SEND_HEARTBEAT {datanodeUUID=3d9fb88f-ef2a-412e-bafc-a0084682cc47, command=[]} | ret=SUCCESS |  
2019-09-20 08:46:18,944 [3d9fb88f-ef2a-412e-bafc-a0084682cc47:group-D576AB10FCD3:LeaderElection60] INFO  server.RaftServerConfigKeys (ConfUtils.java:logGet(43)) - raft.server.rpc.sleep.time = 25ms (default)
2019-09-20 08:46:18,944 [3d9fb88f-ef2a-412e-bafc-a0084682cc47:group-D576AB10FCD3:LeaderElection60] INFO  server.RaftServerConfigKeys (ConfUtils.java:logGet(43)) - raft.server.write.element-limit = 4096 (default)
2019-09-20 08:46:18,944 [3d9fb88f-ef2a-412e-bafc-a0084682cc47:group-D576AB10FCD3:LeaderElection60] INFO  server.RaftServerConfigKeys (ConfUtils.java:logGet(43)) - raft.server.watch.timeout = 10s (default)
2019-09-20 08:46:18,945 [3d9fb88f-ef2a-412e-bafc-a0084682cc47:group-D576AB10FCD3:LeaderElection60] INFO  server.RaftServerConfigKeys (ConfUtils.java:logGet(43)) - raft.server.watch.timeout.denomination = 1s (default)
2019-09-20 08:46:18,945 [3d9fb88f-ef2a-412e-bafc-a0084682cc47:group-D576AB10FCD3:LeaderElection60] INFO  server.RaftServerConfigKeys (ConfUtils.java:logGet(43)) - raft.server.watch.element-limit = 65536 (default)
2019-09-20 08:46:18,945 [3d9fb88f-ef2a-412e-bafc-a0084682cc47:group-D576AB10FCD3:LeaderElection60] INFO  impl.RoleInfo (RoleInfo.java:updateAndGet(143)) - 3d9fb88f-ef2a-412e-bafc-a0084682cc47: start LeaderState
2019-09-20 08:46:18,946 [3d9fb88f-ef2a-412e-bafc-a0084682cc47:group-D576AB10FCD3:LeaderElection60] INFO  segmented.SegmentedRaftLogWorker (SegmentedRaftLogWorker.java:startLogSegment(380)) - 3d9fb88f-ef2a-412e-bafc-a0084682cc47-SegmentedRaftLogWorker:Storage Directory /workdir/hadoop-ozone/ozonefs/target/test-dir/MiniOzoneClusterImpl-da5888fd-c692-4355-82c4-91aa98cbf569/datanode-9/data/ratis/9106ae17-6d35-4f58-bead-d576ab10fcd3: Starting segment from index:0
2019-09-20 08:46:18,947 [3d9fb88f-ef2a-412e-bafc-a0084682cc47:group-D576AB10FCD3:LeaderElection60] INFO  impl.RaftServerImpl (ServerState.java:setRaftConf(361)) - 3d9fb88f-ef2a-412e-bafc-a0084682cc47:group-D576AB10FCD3 set configuration 0: [3d9fb88f-ef2a-412e-bafc-a0084682cc47:192.168.36.79:36901], old=null at 0
2019-09-20 08:46:19,281 | INFO  | SCMAudit | user=jenkins1000 | ip=192.168.36.79 | op=SEND_HEARTBEAT {datanodeUUID=1e702f59-a831-439b-ba97-9c7e4d303d93, command=[]} | ret=SUCCESS |  
2019-09-20 08:46:19,313 [3d9fb88f-ef2a-412e-bafc-a0084682cc47-SegmentedRaftLogWorker:Storage Directory /workdir/hadoop-ozone/ozonefs/target/test-dir/MiniOzoneClusterImpl-da5888fd-c692-4355-82c4-91aa98cbf569/datanode-9/data/ratis/9106ae17-6d35-4f58-bead-d576ab10fcd3] INFO  segmented.SegmentedRaftLogWorker (SegmentedRaftLogWorker.java:execute(569)) - 3d9fb88f-ef2a-412e-bafc-a0084682cc47-SegmentedRaftLogWorker:Storage Directory /workdir/hadoop-ozone/ozonefs/target/test-dir/MiniOzoneClusterImpl-da5888fd-c692-4355-82c4-91aa98cbf569/datanode-9/data/ratis/9106ae17-6d35-4f58-bead-d576ab10fcd3: created new log segment /workdir/hadoop-ozone/ozonefs/target/test-dir/MiniOzoneClusterImpl-da5888fd-c692-4355-82c4-91aa98cbf569/datanode-9/data/ratis/9106ae17-6d35-4f58-bead-d576ab10fcd3/current/log_inprogress_0
2019-09-20 08:46:19,357 | INFO  | SCMAudit | user=jenkins1000 | ip=192.168.36.79 | op=SEND_HEARTBEAT {datanodeUUID=d3d24c2e-887e-42af-9ac0-80e26c3dc807, command=[]} | ret=SUCCESS |  
2019-09-20 08:46:19,387 [IPC Server handler 14 on 45670] INFO  pipeline.PipelinePlacementPolicy (PipelinePlacementPolicy.java:meetCriteria(91)) - Pipeline Placement: Doesn't meet the criteria to be viable node： a3bf3c1a-4063-48f8-b1bd-e321780611c4 Heaviness: 6 limit: 5
2019-09-20 08:46:19,387 [IPC Server handler 14 on 45670] INFO  pipeline.PipelinePlacementPolicy (PipelinePlacementPolicy.java:meetCriteria(91)) - Pipeline Placement: Doesn't meet the criteria to be viable node： 0d845cc3-b0d9-47c5-b935-74fa0be2c903 Heaviness: 6 limit: 5
2019-09-20 08:46:19,388 [IPC Server handler 14 on 45670] INFO  pipeline.PipelinePlacementPolicy (PipelinePlacementPolicy.java:meetCriteria(91)) - Pipeline Placement: Doesn't meet the criteria to be viable node： d3d24c2e-887e-42af-9ac0-80e26c3dc807 Heaviness: 6 limit: 5
2019-09-20 08:46:19,388 [IPC Server handler 14 on 45670] INFO  pipeline.PipelinePlacementPolicy (PipelinePlacementPolicy.java:meetCriteria(91)) - Pipeline Placement: Doesn't meet the criteria to be viable node： 3d9fb88f-ef2a-412e-bafc-a0084682cc47 Heaviness: 6 limit: 5
2019-09-20 08:46:19,388 [IPC Server handler 14 on 45670] INFO  pipeline.PipelinePlacementPolicy (PipelinePlacementPolicy.java:meetCriteria(91)) - Pipeline Placement: Doesn't meet the criteria to be viable node： e997423e-4090-4042-87ee-7419d4cf7365 Heaviness: 6 limit: 5
2019-09-20 08:46:19,388 [IPC Server handler 14 on 45670] INFO  pipeline.PipelinePlacementPolicy (PipelinePlacementPolicy.java:meetCriteria(91)) - Pipeline Placement: Doesn't meet the criteria to be viable node： 1cc75455-5fc2-459e-9e17-b902eb9cc08f Heaviness: 6 limit: 5
2019-09-20 08:46:19,388 [IPC Server handler 14 on 45670] INFO  pipeline.PipelinePlacementPolicy (PipelinePlacementPolicy.java:meetCriteria(91)) - Pipeline Placement: Doesn't meet the criteria to be viable node： 1e702f59-a831-439b-ba97-9c7e4d303d93 Heaviness: 6 limit: 5
2019-09-20 08:46:19,388 [IPC Server handler 14 on 45670] INFO  pipeline.PipelinePlacementPolicy (PipelinePlacementPolicy.java:meetCriteria(91)) - Pipeline Placement: Doesn't meet the criteria to be viable node： 735a34e4-c7c4-465a-a71d-fefc6390b8eb Heaviness: 6 limit: 5
2019-09-20 08:46:19,389 [IPC Server handler 14 on 45670] INFO  pipeline.PipelinePlacementPolicy (PipelinePlacementPolicy.java:meetCriteria(91)) - Pipeline Placement: Doesn't meet the criteria to be viable node： 3ea69b51-ea1d-40b9-a82f-433a48a46bff Heaviness: 6 limit: 5
2019-09-20 08:46:19,389 [IPC Server handler 14 on 45670] INFO  pipeline.PipelinePlacementPolicy (PipelinePlacementPolicy.java:meetCriteria(91)) - Pipeline Placement: Doesn't meet the criteria to be viable node： 4eb079c5-a63c-4d36-97af-76873864fc0c Heaviness: 6 limit: 5
2019-09-20 08:46:19,389 [IPC Server handler 14 on 45670] ERROR pipeline.PipelinePlacementPolicy (PipelinePlacementPolicy.java:filterViableNodes(148)) - Unable to find enough nodes that meet the criteria that cannot engage in more than 5 pipelines. Nodes required: 3 Found: 0, healthy nodes count inNodeManager: 10.
2019-09-20 08:46:19,389 [IPC Server handler 14 on 45670] ERROR pipeline.SCMPipelineManager (SCMPipelineManager.java:createPipeline(161)) - Pipeline creation failed due to exception: Unable to find enough nodes that meet the criteria that cannot engage in more than 5 pipelines. Nodes required: 3 Found: 0, healthy nodes count inNodeManager: 10.
2019-09-20 08:46:19,390 [IPC Server handler 14 on 45670] WARN  block.BlockManagerImpl (BlockManagerImpl.java:allocateBlock(192)) - Pipeline creation failed for type:RATIS factor:THREE. Retrying get pipelines call once.
org.apache.hadoop.hdds.scm.exceptions.SCMException: Unable to find enough nodes that meet the criteria that cannot engage in more than 5 pipelines. Nodes required: 3 Found: 0, healthy nodes count inNodeManager: 10.
	at org.apache.hadoop.hdds.scm.pipeline.PipelinePlacementPolicy.filterViableNodes(PipelinePlacementPolicy.java:149)
	at org.apache.hadoop.hdds.scm.pipeline.PipelinePlacementPolicy.chooseDatanodes(PipelinePlacementPolicy.java:172)
	at org.apache.hadoop.hdds.scm.pipeline.RatisPipelineProvider.create(RatisPipelineProvider.java:92)
	at org.apache.hadoop.hdds.scm.pipeline.PipelineFactory.create(PipelineFactory.java:57)
	at org.apache.hadoop.hdds.scm.pipeline.SCMPipelineManager.createPipeline(SCMPipelineManager.java:149)
	at org.apache.hadoop.hdds.scm.block.BlockManagerImpl.allocateBlock(BlockManagerImpl.java:190)
	at org.apache.hadoop.hdds.scm.server.SCMBlockProtocolServer.allocateBlock(SCMBlockProtocolServer.java:175)
	at org.apache.hadoop.ozone.protocolPB.ScmBlockLocationProtocolServerSideTranslatorPB.allocateScmBlock(ScmBlockLocationProtocolServerSideTranslatorPB.java:153)
	at org.apache.hadoop.ozone.protocolPB.ScmBlockLocationProtocolServerSideTranslatorPB.send(ScmBlockLocationProtocolServerSideTranslatorPB.java:112)
	at org.apache.hadoop.hdds.protocol.proto.ScmBlockLocationProtocolProtos$ScmBlockLocationProtocolService$2.callBlockingMethod(ScmBlockLocationProtocolProtos.java:13157)
	at org.apache.hadoop.ipc.ProtobufRpcEngine$Server$ProtoBufRpcInvoker.call(ProtobufRpcEngine.java:524)
	at org.apache.hadoop.ipc.RPC$Server.call(RPC.java:1025)
	at org.apache.hadoop.ipc.Server$RpcCall.run(Server.java:876)
	at org.apache.hadoop.ipc.Server$RpcCall.run(Server.java:822)
	at java.security.AccessController.doPrivileged(Native Method)
	at javax.security.auth.Subject.doAs(Subject.java:422)
	at org.apache.hadoop.security.UserGroupInformation.doAs(UserGroupInformation.java:1730)
	at org.apache.hadoop.ipc.Server$Handler.run(Server.java:2682)
2019-09-20 08:46:19,392 [IPC Server handler 14 on 45670] INFO  block.BlockManagerImpl (BlockManagerImpl.java:allocateBlock(198)) - Could not find available pipeline of type:RATIS and factor:THREE even after retrying
2019-09-20 08:46:19,392 [IPC Server handler 14 on 45670] ERROR block.BlockManagerImpl (BlockManagerImpl.java:allocateBlock(222)) - Unable to allocate a block for the size: 4194304, type: RATIS, factor: THREE
2019-09-20 08:46:19,393 | INFO  | SCMAudit | user=jenkins1000 | ip=192.168.36.79 | op=ALLOCATE_BLOCK {owner=821d0f4f-c2e3-4e1d-b589-26e860c2296b, size=4194304, type=RATIS, factor=THREE} | ret=SUCCESS |  
2019-09-20 08:46:19,400 | ERROR | OMAudit | user=jenkins1000 | ip=127.0.0.1 | op=CREATE_FILE {volume=volume44569, bucket=bucket92475, key=C1QGP, dataSize=0, replicationType=RATIS, replicationFactor=THREE, keyLocationInfo=null} | ret=FAILURE | org.apache.hadoop.hdds.scm.exceptions.SCMException: Allocated 0 blocks. Requested 1 blocks
	at org.apache.hadoop.hdds.scm.protocolPB.ScmBlockLocationProtocolClientSideTranslatorPB.handleError(ScmBlockLocationProtocolClientSideTranslatorPB.java:118)
	at org.apache.hadoop.hdds.scm.protocolPB.ScmBlockLocationProtocolClientSideTranslatorPB.allocateBlock(ScmBlockLocationProtocolClientSideTranslatorPB.java:156) 
2019-09-20 08:46:19,405 [main] INFO  ozone.MiniOzoneClusterImpl (MiniOzoneClusterImpl.java:shutdown(321)) - Shutting down the Mini Ozone Cluster
2019-09-20 08:46:19,406 | INFO  | SCMAudit | user=null | ip=null | op=GET_SCM_INFO null | ret=SUCCESS |  
2019-09-20 08:46:19,406 [main] INFO  ozone.MiniOzoneClusterImpl (MiniOzoneClusterImpl.java:stop(336)) - Stopping the Mini Ozone Cluster
2019-09-20 08:46:19,406 [main] INFO  ozone.MiniOzoneClusterImpl (MiniOzoneClusterImpl.java:stop(338)) - Stopping the OzoneManager
2019-09-20 08:46:19,407 [main] INFO  ipc.Server (Server.java:stop(3082)) - Stopping server on 42535
2019-09-20 08:46:19,430 [IPC Server listener on 42535] INFO  ipc.Server (Server.java:run(1185)) - Stopping IPC Server listener on 42535
2019-09-20 08:46:19,436 [main] INFO  ratis.OzoneManagerDoubleBuffer (OzoneManagerDoubleBuffer.java:stop(248)) - Stopping OMDoubleBuffer flush thread
2019-09-20 08:46:19,439 [IPC Server Responder] INFO  ipc.Server (Server.java:run(1319)) - Stopping IPC Server Responder
2019-09-20 08:46:19,455 [OMDoubleBufferFlushThread] INFO  ratis.OzoneManagerDoubleBuffer (OzoneManagerDoubleBuffer.java:flushTransactions(191)) - OMDoubleBuffer flush thread OMDoubleBufferFlushThread is interrupted and will exit. OMDoubleBufferFlushThread
2019-09-20 08:46:19,458 [main] INFO  utils.BackgroundService (BackgroundService.java:shutdown(148)) - Shutting down service KeyDeletingService
2019-09-20 08:46:19,463 [main] INFO  handler.ContextHandler (ContextHandler.java:doStop(910)) - Stopped o.e.j.w.WebAppContext@2098d37d{/,null,UNAVAILABLE}{/ozoneManager}
2019-09-20 08:46:19,469 | INFO  | SCMAudit | user=jenkins1000 | ip=192.168.36.79 | op=SEND_HEARTBEAT {datanodeUUID=3ea69b51-ea1d-40b9-a82f-433a48a46bff, command=[]} | ret=SUCCESS |  
2019-09-20 08:46:19,469 [main] INFO  server.AbstractConnector (AbstractConnector.java:doStop(318)) - Stopped ServerConnector@77b9d0c7{HTTP/1.1,[http/1.1]}{0.0.0.0:0}
2019-09-20 08:46:19,469 [main] INFO  handler.ContextHandler (ContextHandler.java:doStop(910)) - Stopped o.e.j.s.ServletContextHandler@e4d2696{/static,jar:file:/home/user/.m2/repository/org/apache/hadoop/hadoop-ozone-ozone-manager/0.5.0-SNAPSHOT/hadoop-ozone-ozone-manager-0.5.0-SNAPSHOT.jar!/webapps/static,UNAVAILABLE}
2019-09-20 08:46:19,470 [main] INFO  handler.ContextHandler (ContextHandler.java:doStop(910)) - Stopped o.e.j.s.ServletContextHandler@109d724c{/logs,file:///workdir/hadoop-ozone/ozonefs/target/log,UNAVAILABLE}
2019-09-20 08:46:19,476 [main] INFO  ozone.MiniOzoneClusterImpl (MiniOzoneClusterImpl.java:stop(344)) - Shutting the HddsDatanodes
2019-09-20 08:46:19,477 [main] INFO  datanode.ObjectStoreHandler (ObjectStoreHandler.java:close(155)) - Closing ObjectStoreHandler.
2019-09-20 08:46:19,477 [ForkJoinPool.commonPool-worker-1] INFO  datanode.ObjectStoreHandler (ObjectStoreHandler.java:close(155)) - Closing ObjectStoreHandler.
2019-09-20 08:46:19,480 [main] INFO  ozone.HddsDatanodeService (HddsDatanodeService.java:stop(451)) - Stopped plug-in org.apache.hadoop.ozone.web.OzoneHddsDatanodeService@7be38eba
2019-09-20 08:46:19,480 [ForkJoinPool.commonPool-worker-1] INFO  ozone.HddsDatanodeService (HddsDatanodeService.java:stop(451)) - Stopped plug-in org.apache.hadoop.ozone.web.OzoneHddsDatanodeService@3487442d
2019-09-20 08:46:19,500 [Datanode State Machine Thread - 0] INFO  statemachine.DatanodeStateMachine (DatanodeStateMachine.java:lambda$startDaemon$0(350)) - Ozone container server started.
2019-09-20 08:46:19,503 | INFO  | SCMAudit | user=jenkins1000 | ip=192.168.36.79 | op=SEND_HEARTBEAT {datanodeUUID=a3bf3c1a-4063-48f8-b1bd-e321780611c4, command=[]} | ret=SUCCESS |  
2019-09-20 08:46:19,940 [Datanode State Machine Thread - 0] INFO  statemachine.DatanodeStateMachine (DatanodeStateMachine.java:lambda$startDaemon$0(350)) - Ozone container server started.
2019-09-20 08:46:19,959 | INFO  | SCMAudit | user=jenkins1000 | ip=192.168.36.79 | op=SEND_HEARTBEAT {datanodeUUID=735a34e4-c7c4-465a-a71d-fefc6390b8eb, command=[]} | ret=SUCCESS |  
2019-09-20 08:46:19,959 | INFO  | SCMAudit | user=jenkins1000 | ip=192.168.36.79 | op=SEND_HEARTBEAT {datanodeUUID=3d9fb88f-ef2a-412e-bafc-a0084682cc47, command=[]} | ret=SUCCESS |  
2019-09-20 08:46:19,959 | INFO  | SCMAudit | user=jenkins1000 | ip=192.168.36.79 | op=SEND_HEARTBEAT {datanodeUUID=4eb079c5-a63c-4d36-97af-76873864fc0c, command=[]} | ret=SUCCESS |  
2019-09-20 08:46:19,959 | INFO  | SCMAudit | user=jenkins1000 | ip=192.168.36.79 | op=SEND_HEARTBEAT {datanodeUUID=e997423e-4090-4042-87ee-7419d4cf7365, command=[]} | ret=SUCCESS |  
2019-09-20 08:46:20,215 | INFO  | SCMAudit | user=jenkins1000 | ip=192.168.36.79 | op=SEND_HEARTBEAT {datanodeUUID=1e702f59-a831-439b-ba97-9c7e4d303d93, command=[]} | ret=SUCCESS |  
2019-09-20 08:46:20,357 | INFO  | SCMAudit | user=jenkins1000 | ip=192.168.36.79 | op=SEND_HEARTBEAT {datanodeUUID=d3d24c2e-887e-42af-9ac0-80e26c3dc807, command=[]} | ret=SUCCESS |  
2019-09-20 08:46:20,468 | INFO  | SCMAudit | user=jenkins1000 | ip=192.168.36.79 | op=SEND_HEARTBEAT {datanodeUUID=3ea69b51-ea1d-40b9-a82f-433a48a46bff, command=[]} | ret=SUCCESS |  
2019-09-20 08:46:20,502 | INFO  | SCMAudit | user=jenkins1000 | ip=192.168.36.79 | op=SEND_HEARTBEAT {datanodeUUID=a3bf3c1a-4063-48f8-b1bd-e321780611c4, command=[]} | ret=SUCCESS |  
2019-09-20 08:46:20,941 | INFO  | SCMAudit | user=jenkins1000 | ip=192.168.36.79 | op=SEND_HEARTBEAT {datanodeUUID=e997423e-4090-4042-87ee-7419d4cf7365, command=[]} | ret=SUCCESS |  
2019-09-20 08:46:20,941 | INFO  | SCMAudit | user=jenkins1000 | ip=192.168.36.79 | op=SEND_HEARTBEAT {datanodeUUID=4eb079c5-a63c-4d36-97af-76873864fc0c, command=[]} | ret=SUCCESS |  
2019-09-20 08:46:20,942 | INFO  | SCMAudit | user=jenkins1000 | ip=192.168.36.79 | op=SEND_HEARTBEAT {datanodeUUID=735a34e4-c7c4-465a-a71d-fefc6390b8eb, command=[]} | ret=SUCCESS |  
2019-09-20 08:46:20,959 | INFO  | SCMAudit | user=jenkins1000 | ip=192.168.36.79 | op=SEND_HEARTBEAT {datanodeUUID=3d9fb88f-ef2a-412e-bafc-a0084682cc47, command=[]} | ret=SUCCESS |  
2019-09-20 08:46:21,216 | INFO  | SCMAudit | user=jenkins1000 | ip=192.168.36.79 | op=SEND_HEARTBEAT {datanodeUUID=1e702f59-a831-439b-ba97-9c7e4d303d93, command=[]} | ret=SUCCESS |  
2019-09-20 08:46:21,357 | INFO  | SCMAudit | user=jenkins1000 | ip=192.168.36.79 | op=SEND_HEARTBEAT {datanodeUUID=d3d24c2e-887e-42af-9ac0-80e26c3dc807, command=[]} | ret=SUCCESS |  
2019-09-20 08:46:21,468 | INFO  | SCMAudit | user=jenkins1000 | ip=192.168.36.79 | op=SEND_HEARTBEAT {datanodeUUID=3ea69b51-ea1d-40b9-a82f-433a48a46bff, command=[]} | ret=SUCCESS |  
2019-09-20 08:46:21,506 | INFO  | SCMAudit | user=jenkins1000 | ip=192.168.36.79 | op=SEND_HEARTBEAT {datanodeUUID=a3bf3c1a-4063-48f8-b1bd-e321780611c4, command=[]} | ret=SUCCESS |  
2019-09-20 08:46:21,942 | INFO  | SCMAudit | user=jenkins1000 | ip=192.168.36.79 | op=SEND_HEARTBEAT {datanodeUUID=e997423e-4090-4042-87ee-7419d4cf7365, command=[]} | ret=SUCCESS |  
2019-09-20 08:46:21,942 | INFO  | SCMAudit | user=jenkins1000 | ip=192.168.36.79 | op=SEND_HEARTBEAT {datanodeUUID=735a34e4-c7c4-465a-a71d-fefc6390b8eb, command=[]} | ret=SUCCESS |  
2019-09-20 08:46:21,942 | INFO  | SCMAudit | user=jenkins1000 | ip=192.168.36.79 | op=SEND_HEARTBEAT {datanodeUUID=4eb079c5-a63c-4d36-97af-76873864fc0c, command=[]} | ret=SUCCESS |  
2019-09-20 08:46:21,958 | INFO  | SCMAudit | user=jenkins1000 | ip=192.168.36.79 | op=SEND_HEARTBEAT {datanodeUUID=3d9fb88f-ef2a-412e-bafc-a0084682cc47, command=[]} | ret=SUCCESS |  
2019-09-20 08:46:22,215 | INFO  | SCMAudit | user=jenkins1000 | ip=192.168.36.79 | op=SEND_HEARTBEAT {datanodeUUID=1e702f59-a831-439b-ba97-9c7e4d303d93, command=[]} | ret=SUCCESS |  
2019-09-20 08:46:22,358 | INFO  | SCMAudit | user=jenkins1000 | ip=192.168.36.79 | op=SEND_HEARTBEAT {datanodeUUID=d3d24c2e-887e-42af-9ac0-80e26c3dc807, command=[]} | ret=SUCCESS |  
2019-09-20 08:46:22,468 | INFO  | SCMAudit | user=jenkins1000 | ip=192.168.36.79 | op=SEND_HEARTBEAT {datanodeUUID=3ea69b51-ea1d-40b9-a82f-433a48a46bff, command=[]} | ret=SUCCESS |  
2019-09-20 08:46:22,502 | INFO  | SCMAudit | user=jenkins1000 | ip=192.168.36.79 | op=SEND_HEARTBEAT {datanodeUUID=a3bf3c1a-4063-48f8-b1bd-e321780611c4, command=[]} | ret=SUCCESS |  
2019-09-20 08:46:22,941 | INFO  | SCMAudit | user=jenkins1000 | ip=192.168.36.79 | op=SEND_HEARTBEAT {datanodeUUID=e997423e-4090-4042-87ee-7419d4cf7365, command=[]} | ret=SUCCESS |  
2019-09-20 08:46:22,941 | INFO  | SCMAudit | user=jenkins1000 | ip=192.168.36.79 | op=SEND_HEARTBEAT {datanodeUUID=4eb079c5-a63c-4d36-97af-76873864fc0c, command=[]} | ret=SUCCESS |  
2019-09-20 08:46:22,942 | INFO  | SCMAudit | user=jenkins1000 | ip=192.168.36.79 | op=SEND_HEARTBEAT {datanodeUUID=735a34e4-c7c4-465a-a71d-fefc6390b8eb, command=[]} | ret=SUCCESS |  
2019-09-20 08:46:22,959 | INFO  | SCMAudit | user=jenkins1000 | ip=192.168.36.79 | op=SEND_HEARTBEAT {datanodeUUID=3d9fb88f-ef2a-412e-bafc-a0084682cc47, command=[]} | ret=SUCCESS |  
2019-09-20 08:46:23,215 | INFO  | SCMAudit | user=jenkins1000 | ip=192.168.36.79 | op=SEND_HEARTBEAT {datanodeUUID=1e702f59-a831-439b-ba97-9c7e4d303d93, command=[]} | ret=SUCCESS |  
2019-09-20 08:46:23,358 | INFO  | SCMAudit | user=jenkins1000 | ip=192.168.36.79 | op=SEND_HEARTBEAT {datanodeUUID=d3d24c2e-887e-42af-9ac0-80e26c3dc807, command=[]} | ret=SUCCESS |  
2019-09-20 08:46:23,468 | INFO  | SCMAudit | user=jenkins1000 | ip=192.168.36.79 | op=SEND_HEARTBEAT {datanodeUUID=3ea69b51-ea1d-40b9-a82f-433a48a46bff, command=[]} | ret=SUCCESS |  
2019-09-20 08:46:23,502 | INFO  | SCMAudit | user=jenkins1000 | ip=192.168.36.79 | op=SEND_HEARTBEAT {datanodeUUID=a3bf3c1a-4063-48f8-b1bd-e321780611c4, command=[]} | ret=SUCCESS |  
2019-09-20 08:46:23,941 | INFO  | SCMAudit | user=jenkins1000 | ip=192.168.36.79 | op=SEND_HEARTBEAT {datanodeUUID=e997423e-4090-4042-87ee-7419d4cf7365, command=[]} | ret=SUCCESS |  
2019-09-20 08:46:23,941 | INFO  | SCMAudit | user=jenkins1000 | ip=192.168.36.79 | op=SEND_HEARTBEAT {datanodeUUID=4eb079c5-a63c-4d36-97af-76873864fc0c, command=[]} | ret=SUCCESS |  
2019-09-20 08:46:23,942 | INFO  | SCMAudit | user=jenkins1000 | ip=192.168.36.79 | op=SEND_HEARTBEAT {datanodeUUID=735a34e4-c7c4-465a-a71d-fefc6390b8eb, command=[]} | ret=SUCCESS |  
2019-09-20 08:46:23,959 | INFO  | SCMAudit | user=jenkins1000 | ip=192.168.36.79 | op=SEND_HEARTBEAT {datanodeUUID=3d9fb88f-ef2a-412e-bafc-a0084682cc47, command=[]} | ret=SUCCESS |  
2019-09-20 08:46:24,215 | INFO  | SCMAudit | user=jenkins1000 | ip=192.168.36.79 | op=SEND_HEARTBEAT {datanodeUUID=1e702f59-a831-439b-ba97-9c7e4d303d93, command=[]} | ret=SUCCESS |  
2019-09-20 08:46:24,358 | INFO  | SCMAudit | user=jenkins1000 | ip=192.168.36.79 | op=SEND_HEARTBEAT {datanodeUUID=d3d24c2e-887e-42af-9ac0-80e26c3dc807, command=[]} | ret=SUCCESS |  
2019-09-20 08:46:24,468 | INFO  | SCMAudit | user=jenkins1000 | ip=192.168.36.79 | op=SEND_HEARTBEAT {datanodeUUID=3ea69b51-ea1d-40b9-a82f-433a48a46bff, command=[]} | ret=SUCCESS |  
2019-09-20 08:46:24,486 [ForkJoinPool.commonPool-worker-1] INFO  ozoneimpl.OzoneContainer (OzoneContainer.java:stop(199)) - Attempting to stop container services.
2019-09-20 08:46:24,486 [main] INFO  ozoneimpl.OzoneContainer (OzoneContainer.java:stop(199)) - Attempting to stop container services.
2019-09-20 08:46:24,488 [main] INFO  impl.RaftServerProxy (RaftServerProxy.java:lambda$close$4(314)) - 0d845cc3-b0d9-47c5-b935-74fa0be2c903: close
2019-09-20 08:46:24,488 [ForkJoinPool.commonPool-worker-1] INFO  impl.RaftServerProxy (RaftServerProxy.java:lambda$close$4(314)) - 1cc75455-5fc2-459e-9e17-b902eb9cc08f: close
2019-09-20 08:46:24,492 [main] INFO  impl.RaftServerImpl (RaftServerImpl.java:lambda$shutdown$3(245)) - 0d845cc3-b0d9-47c5-b935-74fa0be2c903: shutdown group-D24ACF692825
2019-09-20 08:46:24,492 [ForkJoinPool.commonPool-worker-1] INFO  impl.RaftServerImpl (RaftServerImpl.java:lambda$shutdown$3(245)) - 1cc75455-5fc2-459e-9e17-b902eb9cc08f: shutdown group-9F260B261346
2019-09-20 08:46:24,493 [main] INFO  util.JmxRegister (JmxRegister.java:unregister(73)) - Successfully un-registered JMX Bean with object name Ratis:service=RaftServer,group=group-D24ACF692825,id=0d845cc3-b0d9-47c5-b935-74fa0be2c903
2019-09-20 08:46:24,494 [main] INFO  impl.RoleInfo (RoleInfo.java:shutdownLeaderState(104)) - 0d845cc3-b0d9-47c5-b935-74fa0be2c903: shutdown LeaderState
2019-09-20 08:46:24,493 [ForkJoinPool.commonPool-worker-1] INFO  util.JmxRegister (JmxRegister.java:unregister(73)) - Successfully un-registered JMX Bean with object name Ratis:service=RaftServer,group=group-9F260B261346,id=1cc75455-5fc2-459e-9e17-b902eb9cc08f
2019-09-20 08:46:24,494 [ForkJoinPool.commonPool-worker-1] INFO  impl.RoleInfo (RoleInfo.java:shutdownLeaderState(104)) - 1cc75455-5fc2-459e-9e17-b902eb9cc08f: shutdown LeaderState
2019-09-20 08:46:24,496 [main] INFO  impl.PendingRequests (PendingRequests.java:sendNotLeaderResponses(202)) - 0d845cc3-b0d9-47c5-b935-74fa0be2c903-PendingRequests: sendNotLeaderResponses
2019-09-20 08:46:24,502 | INFO  | SCMAudit | user=jenkins1000 | ip=192.168.36.79 | op=SEND_HEARTBEAT {datanodeUUID=a3bf3c1a-4063-48f8-b1bd-e321780611c4, command=[]} | ret=SUCCESS |  
2019-09-20 08:46:24,496 [ForkJoinPool.commonPool-worker-1] INFO  impl.PendingRequests (PendingRequests.java:sendNotLeaderResponses(202)) - 1cc75455-5fc2-459e-9e17-b902eb9cc08f-PendingRequests: sendNotLeaderResponses
2019-09-20 08:46:24,505 [ForkJoinPool.commonPool-worker-1] INFO  impl.StateMachineUpdater (StateMachineUpdater.java:stopAndJoin(115)) - StateMachineUpdater:1cc75455-5fc2-459e-9e17-b902eb9cc08f:group-9F260B261346: set stopIndex = 0
2019-09-20 08:46:24,505 [main] INFO  impl.StateMachineUpdater (StateMachineUpdater.java:stopAndJoin(115)) - StateMachineUpdater:0d845cc3-b0d9-47c5-b935-74fa0be2c903:group-D24ACF692825: set stopIndex = 0
2019-09-20 08:46:24,509 [ForkJoinPool.commonPool-worker-1] INFO  impl.RaftServerImpl (ServerState.java:close(394)) - 1cc75455-5fc2-459e-9e17-b902eb9cc08f:group-9F260B261346 closes. The last applied log index is 0
2019-09-20 08:46:24,509 [main] INFO  impl.RaftServerImpl (ServerState.java:close(394)) - 0d845cc3-b0d9-47c5-b935-74fa0be2c903:group-D24ACF692825 closes. The last applied log index is 0
2019-09-20 08:46:24,512 [1cc75455-5fc2-459e-9e17-b902eb9cc08f-SegmentedRaftLogWorker:Storage Directory /workdir/hadoop-ozone/ozonefs/target/test-dir/MiniOzoneClusterImpl-da5888fd-c692-4355-82c4-91aa98cbf569/datanode-2/data/ratis/8cf486b9-672c-4f4b-9daa-9f260b261346] INFO  segmented.SegmentedRaftLogWorker (SegmentedRaftLogWorker.java:run(313)) - 1cc75455-5fc2-459e-9e17-b902eb9cc08f-SegmentedRaftLogWorker:Storage Directory /workdir/hadoop-ozone/ozonefs/target/test-dir/MiniOzoneClusterImpl-da5888fd-c692-4355-82c4-91aa98cbf569/datanode-2/data/ratis/8cf486b9-672c-4f4b-9daa-9f260b261346 was interrupted, exiting. There are 0 tasks remaining in the queue.
2019-09-20 08:46:24,512 [0d845cc3-b0d9-47c5-b935-74fa0be2c903-SegmentedRaftLogWorker:Storage Directory /workdir/hadoop-ozone/ozonefs/target/test-dir/MiniOzoneClusterImpl-da5888fd-c692-4355-82c4-91aa98cbf569/datanode-5/data/ratis/497d400a-2075-4d0c-bfbd-d24acf692825] INFO  segmented.SegmentedRaftLogWorker (SegmentedRaftLogWorker.java:run(313)) - 0d845cc3-b0d9-47c5-b935-74fa0be2c903-SegmentedRaftLogWorker:Storage Directory /workdir/hadoop-ozone/ozonefs/target/test-dir/MiniOzoneClusterImpl-da5888fd-c692-4355-82c4-91aa98cbf569/datanode-5/data/ratis/497d400a-2075-4d0c-bfbd-d24acf692825 was interrupted, exiting. There are 0 tasks remaining in the queue.
2019-09-20 08:46:24,518 [main] INFO  segmented.SegmentedRaftLogWorker (SegmentedRaftLogWorker.java:close(228)) - 0d845cc3-b0d9-47c5-b935-74fa0be2c903-SegmentedRaftLogWorker:Storage Directory /workdir/hadoop-ozone/ozonefs/target/test-dir/MiniOzoneClusterImpl-da5888fd-c692-4355-82c4-91aa98cbf569/datanode-5/data/ratis/497d400a-2075-4d0c-bfbd-d24acf692825 close()
2019-09-20 08:46:24,518 [ForkJoinPool.commonPool-worker-1] INFO  segmented.SegmentedRaftLogWorker (SegmentedRaftLogWorker.java:close(228)) - 1cc75455-5fc2-459e-9e17-b902eb9cc08f-SegmentedRaftLogWorker:Storage Directory /workdir/hadoop-ozone/ozonefs/target/test-dir/MiniOzoneClusterImpl-da5888fd-c692-4355-82c4-91aa98cbf569/datanode-2/data/ratis/8cf486b9-672c-4f4b-9daa-9f260b261346 close()
2019-09-20 08:46:24,528 [ForkJoinPool.commonPool-worker-1] INFO  impl.RaftServerImpl (RaftServerImpl.java:lambda$shutdown$3(245)) - 1cc75455-5fc2-459e-9e17-b902eb9cc08f: shutdown group-D485B39E6266
2019-09-20 08:46:24,528 [main] INFO  impl.RaftServerImpl (RaftServerImpl.java:lambda$shutdown$3(245)) - 0d845cc3-b0d9-47c5-b935-74fa0be2c903: shutdown group-6E0508AD1A63
2019-09-20 08:46:24,529 [ForkJoinPool.commonPool-worker-1] INFO  util.JmxRegister (JmxRegister.java:unregister(73)) - Successfully un-registered JMX Bean with object name Ratis:service=RaftServer,group=group-D485B39E6266,id=1cc75455-5fc2-459e-9e17-b902eb9cc08f
2019-09-20 08:46:24,529 [main] INFO  util.JmxRegister (JmxRegister.java:unregister(73)) - Successfully un-registered JMX Bean with object name Ratis:service=RaftServer,group=group-6E0508AD1A63,id=0d845cc3-b0d9-47c5-b935-74fa0be2c903
2019-09-20 08:46:24,529 [ForkJoinPool.commonPool-worker-1] INFO  impl.RoleInfo (RoleInfo.java:shutdownLeaderState(104)) - 1cc75455-5fc2-459e-9e17-b902eb9cc08f: shutdown LeaderState
2019-09-20 08:46:24,529 [main] INFO  impl.RoleInfo (RoleInfo.java:shutdownLeaderState(104)) - 0d845cc3-b0d9-47c5-b935-74fa0be2c903: shutdown LeaderState
2019-09-20 08:46:24,530 [ForkJoinPool.commonPool-worker-1] INFO  impl.PendingRequests (PendingRequests.java:sendNotLeaderResponses(202)) - 1cc75455-5fc2-459e-9e17-b902eb9cc08f-PendingRequests: sendNotLeaderResponses
2019-09-20 08:46:24,530 [main] INFO  impl.PendingRequests (PendingRequests.java:sendNotLeaderResponses(202)) - 0d845cc3-b0d9-47c5-b935-74fa0be2c903-PendingRequests: sendNotLeaderResponses
2019-09-20 08:46:24,531 [ForkJoinPool.commonPool-worker-1] INFO  impl.StateMachineUpdater (StateMachineUpdater.java:stopAndJoin(115)) - StateMachineUpdater:1cc75455-5fc2-459e-9e17-b902eb9cc08f:group-D485B39E6266: set stopIndex = 0
2019-09-20 08:46:24,531 [main] INFO  impl.StateMachineUpdater (StateMachineUpdater.java:stopAndJoin(115)) - StateMachineUpdater:0d845cc3-b0d9-47c5-b935-74fa0be2c903:group-6E0508AD1A63: set stopIndex = 0
2019-09-20 08:46:24,532 [main] INFO  impl.RaftServerImpl (ServerState.java:close(394)) - 0d845cc3-b0d9-47c5-b935-74fa0be2c903:group-6E0508AD1A63 closes. The last applied log index is 0
2019-09-20 08:46:24,531 [ForkJoinPool.commonPool-worker-1] INFO  impl.RaftServerImpl (ServerState.java:close(394)) - 1cc75455-5fc2-459e-9e17-b902eb9cc08f:group-D485B39E6266 closes. The last applied log index is 0
2019-09-20 08:46:24,532 [0d845cc3-b0d9-47c5-b935-74fa0be2c903-SegmentedRaftLogWorker:Storage Directory /workdir/hadoop-ozone/ozonefs/target/test-dir/MiniOzoneClusterImpl-da5888fd-c692-4355-82c4-91aa98cbf569/datanode-5/data/ratis/5f50f26b-8e4d-4307-960a-6e0508ad1a63] INFO  segmented.SegmentedRaftLogWorker (SegmentedRaftLogWorker.java:run(313)) - 0d845cc3-b0d9-47c5-b935-74fa0be2c903-SegmentedRaftLogWorker:Storage Directory /workdir/hadoop-ozone/ozonefs/target/test-dir/MiniOzoneClusterImpl-da5888fd-c692-4355-82c4-91aa98cbf569/datanode-5/data/ratis/5f50f26b-8e4d-4307-960a-6e0508ad1a63 was interrupted, exiting. There are 0 tasks remaining in the queue.
2019-09-20 08:46:24,535 [1cc75455-5fc2-459e-9e17-b902eb9cc08f-SegmentedRaftLogWorker:Storage Directory /workdir/hadoop-ozone/ozonefs/target/test-dir/MiniOzoneClusterImpl-da5888fd-c692-4355-82c4-91aa98cbf569/datanode-2/data/ratis/c3093e4b-5b50-43e8-b467-d485b39e6266] INFO  segmented.SegmentedRaftLogWorker (SegmentedRaftLogWorker.java:run(313)) - 1cc75455-5fc2-459e-9e17-b902eb9cc08f-SegmentedRaftLogWorker:Storage Directory /workdir/hadoop-ozone/ozonefs/target/test-dir/MiniOzoneClusterImpl-da5888fd-c692-4355-82c4-91aa98cbf569/datanode-2/data/ratis/c3093e4b-5b50-43e8-b467-d485b39e6266 was interrupted, exiting. There are 0 tasks remaining in the queue.
2019-09-20 08:46:24,535 [main] INFO  segmented.SegmentedRaftLogWorker (SegmentedRaftLogWorker.java:close(228)) - 0d845cc3-b0d9-47c5-b935-74fa0be2c903-SegmentedRaftLogWorker:Storage Directory /workdir/hadoop-ozone/ozonefs/target/test-dir/MiniOzoneClusterImpl-da5888fd-c692-4355-82c4-91aa98cbf569/datanode-5/data/ratis/5f50f26b-8e4d-4307-960a-6e0508ad1a63 close()
2019-09-20 08:46:24,538 [ForkJoinPool.commonPool-worker-1] INFO  segmented.SegmentedRaftLogWorker (SegmentedRaftLogWorker.java:close(228)) - 1cc75455-5fc2-459e-9e17-b902eb9cc08f-SegmentedRaftLogWorker:Storage Directory /workdir/hadoop-ozone/ozonefs/target/test-dir/MiniOzoneClusterImpl-da5888fd-c692-4355-82c4-91aa98cbf569/datanode-2/data/ratis/c3093e4b-5b50-43e8-b467-d485b39e6266 close()
2019-09-20 08:46:24,542 [main] INFO  impl.RaftServerImpl (RaftServerImpl.java:lambda$shutdown$3(245)) - 0d845cc3-b0d9-47c5-b935-74fa0be2c903: shutdown group-FBB75943AA24
2019-09-20 08:46:24,547 [ForkJoinPool.commonPool-worker-1] INFO  impl.RaftServerImpl (RaftServerImpl.java:lambda$shutdown$3(245)) - 1cc75455-5fc2-459e-9e17-b902eb9cc08f: shutdown group-1815D785AA9D
2019-09-20 08:46:24,547 [main] INFO  util.JmxRegister (JmxRegister.java:unregister(73)) - Successfully un-registered JMX Bean with object name Ratis:service=RaftServer,group=group-FBB75943AA24,id=0d845cc3-b0d9-47c5-b935-74fa0be2c903
2019-09-20 08:46:24,547 [ForkJoinPool.commonPool-worker-1] INFO  util.JmxRegister (JmxRegister.java:unregister(73)) - Successfully un-registered JMX Bean with object name Ratis:service=RaftServer,group=group-1815D785AA9D,id=1cc75455-5fc2-459e-9e17-b902eb9cc08f
2019-09-20 08:46:24,548 [main] INFO  impl.RoleInfo (RoleInfo.java:shutdownLeaderState(104)) - 0d845cc3-b0d9-47c5-b935-74fa0be2c903: shutdown LeaderState
2019-09-20 08:46:24,548 [ForkJoinPool.commonPool-worker-1] INFO  impl.RoleInfo (RoleInfo.java:shutdownLeaderState(104)) - 1cc75455-5fc2-459e-9e17-b902eb9cc08f: shutdown LeaderState
2019-09-20 08:46:24,549 [main] INFO  impl.PendingRequests (PendingRequests.java:sendNotLeaderResponses(202)) - 0d845cc3-b0d9-47c5-b935-74fa0be2c903-PendingRequests: sendNotLeaderResponses
2019-09-20 08:46:24,549 [ForkJoinPool.commonPool-worker-1] INFO  impl.PendingRequests (PendingRequests.java:sendNotLeaderResponses(202)) - 1cc75455-5fc2-459e-9e17-b902eb9cc08f-PendingRequests: sendNotLeaderResponses
2019-09-20 08:46:24,549 [main] INFO  impl.StateMachineUpdater (StateMachineUpdater.java:stopAndJoin(115)) - StateMachineUpdater:0d845cc3-b0d9-47c5-b935-74fa0be2c903:group-FBB75943AA24: set stopIndex = 0
2019-09-20 08:46:24,550 [ForkJoinPool.commonPool-worker-1] INFO  impl.StateMachineUpdater (StateMachineUpdater.java:stopAndJoin(115)) - StateMachineUpdater:1cc75455-5fc2-459e-9e17-b902eb9cc08f:group-1815D785AA9D: set stopIndex = 0
2019-09-20 08:46:24,550 [main] INFO  impl.RaftServerImpl (ServerState.java:close(394)) - 0d845cc3-b0d9-47c5-b935-74fa0be2c903:group-FBB75943AA24 closes. The last applied log index is 0
2019-09-20 08:46:24,550 [ForkJoinPool.commonPool-worker-1] INFO  impl.RaftServerImpl (ServerState.java:close(394)) - 1cc75455-5fc2-459e-9e17-b902eb9cc08f:group-1815D785AA9D closes. The last applied log index is 0
2019-09-20 08:46:24,551 [0d845cc3-b0d9-47c5-b935-74fa0be2c903-SegmentedRaftLogWorker:Storage Directory /workdir/hadoop-ozone/ozonefs/target/test-dir/MiniOzoneClusterImpl-da5888fd-c692-4355-82c4-91aa98cbf569/datanode-5/data/ratis/6efce2ed-c2fd-489a-9946-fbb75943aa24] INFO  segmented.SegmentedRaftLogWorker (SegmentedRaftLogWorker.java:run(313)) - 0d845cc3-b0d9-47c5-b935-74fa0be2c903-SegmentedRaftLogWorker:Storage Directory /workdir/hadoop-ozone/ozonefs/target/test-dir/MiniOzoneClusterImpl-da5888fd-c692-4355-82c4-91aa98cbf569/datanode-5/data/ratis/6efce2ed-c2fd-489a-9946-fbb75943aa24 was interrupted, exiting. There are 0 tasks remaining in the queue.
2019-09-20 08:46:24,553 [1cc75455-5fc2-459e-9e17-b902eb9cc08f-SegmentedRaftLogWorker:Storage Directory /workdir/hadoop-ozone/ozonefs/target/test-dir/MiniOzoneClusterImpl-da5888fd-c692-4355-82c4-91aa98cbf569/datanode-2/data/ratis/cc760db7-6aa6-4a29-9d82-1815d785aa9d] INFO  segmented.SegmentedRaftLogWorker (SegmentedRaftLogWorker.java:run(313)) - 1cc75455-5fc2-459e-9e17-b902eb9cc08f-SegmentedRaftLogWorker:Storage Directory /workdir/hadoop-ozone/ozonefs/target/test-dir/MiniOzoneClusterImpl-da5888fd-c692-4355-82c4-91aa98cbf569/datanode-2/data/ratis/cc760db7-6aa6-4a29-9d82-1815d785aa9d was interrupted, exiting. There are 0 tasks remaining in the queue.
2019-09-20 08:46:24,553 [main] INFO  segmented.SegmentedRaftLogWorker (SegmentedRaftLogWorker.java:close(228)) - 0d845cc3-b0d9-47c5-b935-74fa0be2c903-SegmentedRaftLogWorker:Storage Directory /workdir/hadoop-ozone/ozonefs/target/test-dir/MiniOzoneClusterImpl-da5888fd-c692-4355-82c4-91aa98cbf569/datanode-5/data/ratis/6efce2ed-c2fd-489a-9946-fbb75943aa24 close()
2019-09-20 08:46:24,555 [ForkJoinPool.commonPool-worker-1] INFO  segmented.SegmentedRaftLogWorker (SegmentedRaftLogWorker.java:close(228)) - 1cc75455-5fc2-459e-9e17-b902eb9cc08f-SegmentedRaftLogWorker:Storage Directory /workdir/hadoop-ozone/ozonefs/target/test-dir/MiniOzoneClusterImpl-da5888fd-c692-4355-82c4-91aa98cbf569/datanode-2/data/ratis/cc760db7-6aa6-4a29-9d82-1815d785aa9d close()
2019-09-20 08:46:24,560 [main] INFO  impl.RaftServerImpl (RaftServerImpl.java:lambda$shutdown$3(245)) - 0d845cc3-b0d9-47c5-b935-74fa0be2c903: shutdown group-356A3DFF11FA
2019-09-20 08:46:24,564 [ForkJoinPool.commonPool-worker-1] INFO  impl.RaftServerImpl (RaftServerImpl.java:lambda$shutdown$3(245)) - 1cc75455-5fc2-459e-9e17-b902eb9cc08f: shutdown group-B06F11741F73
2019-09-20 08:46:24,565 [main] INFO  util.JmxRegister (JmxRegister.java:unregister(73)) - Successfully un-registered JMX Bean with object name Ratis:service=RaftServer,group=group-356A3DFF11FA,id=0d845cc3-b0d9-47c5-b935-74fa0be2c903
2019-09-20 08:46:24,565 [ForkJoinPool.commonPool-worker-1] INFO  util.JmxRegister (JmxRegister.java:unregister(73)) - Successfully un-registered JMX Bean with object name Ratis:service=RaftServer,group=group-B06F11741F73,id=1cc75455-5fc2-459e-9e17-b902eb9cc08f
2019-09-20 08:46:24,565 [main] INFO  impl.RoleInfo (RoleInfo.java:shutdownLeaderState(104)) - 0d845cc3-b0d9-47c5-b935-74fa0be2c903: shutdown LeaderState
2019-09-20 08:46:24,565 [ForkJoinPool.commonPool-worker-1] INFO  impl.RoleInfo (RoleInfo.java:shutdownLeaderState(104)) - 1cc75455-5fc2-459e-9e17-b902eb9cc08f: shutdown LeaderState
2019-09-20 08:46:24,566 [main] INFO  impl.PendingRequests (PendingRequests.java:sendNotLeaderResponses(202)) - 0d845cc3-b0d9-47c5-b935-74fa0be2c903-PendingRequests: sendNotLeaderResponses
2019-09-20 08:46:24,566 [ForkJoinPool.commonPool-worker-1] INFO  impl.PendingRequests (PendingRequests.java:sendNotLeaderResponses(202)) - 1cc75455-5fc2-459e-9e17-b902eb9cc08f-PendingRequests: sendNotLeaderResponses
2019-09-20 08:46:24,566 [main] INFO  impl.StateMachineUpdater (StateMachineUpdater.java:stopAndJoin(115)) - StateMachineUpdater:0d845cc3-b0d9-47c5-b935-74fa0be2c903:group-356A3DFF11FA: set stopIndex = 0
2019-09-20 08:46:24,567 [ForkJoinPool.commonPool-worker-1] INFO  impl.StateMachineUpdater (StateMachineUpdater.java:stopAndJoin(115)) - StateMachineUpdater:1cc75455-5fc2-459e-9e17-b902eb9cc08f:group-B06F11741F73: set stopIndex = 0
2019-09-20 08:46:24,567 [main] INFO  impl.RaftServerImpl (ServerState.java:close(394)) - 0d845cc3-b0d9-47c5-b935-74fa0be2c903:group-356A3DFF11FA closes. The last applied log index is 0
2019-09-20 08:46:24,567 [ForkJoinPool.commonPool-worker-1] INFO  impl.RaftServerImpl (ServerState.java:close(394)) - 1cc75455-5fc2-459e-9e17-b902eb9cc08f:group-B06F11741F73 closes. The last applied log index is 0
2019-09-20 08:46:24,568 [0d845cc3-b0d9-47c5-b935-74fa0be2c903-SegmentedRaftLogWorker:Storage Directory /workdir/hadoop-ozone/ozonefs/target/test-dir/MiniOzoneClusterImpl-da5888fd-c692-4355-82c4-91aa98cbf569/datanode-5/data/ratis/2595e68e-f669-4e3b-ba04-356a3dff11fa] INFO  segmented.SegmentedRaftLogWorker (SegmentedRaftLogWorker.java:run(313)) - 0d845cc3-b0d9-47c5-b935-74fa0be2c903-SegmentedRaftLogWorker:Storage Directory /workdir/hadoop-ozone/ozonefs/target/test-dir/MiniOzoneClusterImpl-da5888fd-c692-4355-82c4-91aa98cbf569/datanode-5/data/ratis/2595e68e-f669-4e3b-ba04-356a3dff11fa was interrupted, exiting. There are 0 tasks remaining in the queue.
2019-09-20 08:46:24,570 [1cc75455-5fc2-459e-9e17-b902eb9cc08f-SegmentedRaftLogWorker:Storage Directory /workdir/hadoop-ozone/ozonefs/target/test-dir/MiniOzoneClusterImpl-da5888fd-c692-4355-82c4-91aa98cbf569/datanode-2/data/ratis/57c6427a-3dd0-4aea-a697-b06f11741f73] INFO  segmented.SegmentedRaftLogWorker (SegmentedRaftLogWorker.java:run(313)) - 1cc75455-5fc2-459e-9e17-b902eb9cc08f-SegmentedRaftLogWorker:Storage Directory /workdir/hadoop-ozone/ozonefs/target/test-dir/MiniOzoneClusterImpl-da5888fd-c692-4355-82c4-91aa98cbf569/datanode-2/data/ratis/57c6427a-3dd0-4aea-a697-b06f11741f73 was interrupted, exiting. There are 0 tasks remaining in the queue.
2019-09-20 08:46:24,570 [main] INFO  segmented.SegmentedRaftLogWorker (SegmentedRaftLogWorker.java:close(228)) - 0d845cc3-b0d9-47c5-b935-74fa0be2c903-SegmentedRaftLogWorker:Storage Directory /workdir/hadoop-ozone/ozonefs/target/test-dir/MiniOzoneClusterImpl-da5888fd-c692-4355-82c4-91aa98cbf569/datanode-5/data/ratis/2595e68e-f669-4e3b-ba04-356a3dff11fa close()
2019-09-20 08:46:24,573 [ForkJoinPool.commonPool-worker-1] INFO  segmented.SegmentedRaftLogWorker (SegmentedRaftLogWorker.java:close(228)) - 1cc75455-5fc2-459e-9e17-b902eb9cc08f-SegmentedRaftLogWorker:Storage Directory /workdir/hadoop-ozone/ozonefs/target/test-dir/MiniOzoneClusterImpl-da5888fd-c692-4355-82c4-91aa98cbf569/datanode-2/data/ratis/57c6427a-3dd0-4aea-a697-b06f11741f73 close()
2019-09-20 08:46:24,577 [main] INFO  impl.RaftServerImpl (RaftServerImpl.java:lambda$shutdown$3(245)) - 0d845cc3-b0d9-47c5-b935-74fa0be2c903: shutdown group-7FE221FFB5AC
2019-09-20 08:46:24,581 [ForkJoinPool.commonPool-worker-1] INFO  impl.RaftServerImpl (RaftServerImpl.java:lambda$shutdown$3(245)) - 1cc75455-5fc2-459e-9e17-b902eb9cc08f: shutdown group-00DA66997C1D
2019-09-20 08:46:24,581 [main] INFO  util.JmxRegister (JmxRegister.java:unregister(73)) - Successfully un-registered JMX Bean with object name Ratis:service=RaftServer,group=group-7FE221FFB5AC,id=0d845cc3-b0d9-47c5-b935-74fa0be2c903
2019-09-20 08:46:24,581 [ForkJoinPool.commonPool-worker-1] INFO  util.JmxRegister (JmxRegister.java:unregister(73)) - Successfully un-registered JMX Bean with object name Ratis:service=RaftServer,group=group-00DA66997C1D,id=1cc75455-5fc2-459e-9e17-b902eb9cc08f
2019-09-20 08:46:24,582 [main] INFO  impl.RoleInfo (RoleInfo.java:shutdownLeaderState(104)) - 0d845cc3-b0d9-47c5-b935-74fa0be2c903: shutdown LeaderState
2019-09-20 08:46:24,582 [ForkJoinPool.commonPool-worker-1] INFO  impl.RoleInfo (RoleInfo.java:shutdownLeaderState(104)) - 1cc75455-5fc2-459e-9e17-b902eb9cc08f: shutdown LeaderState
2019-09-20 08:46:24,582 [main] INFO  impl.PendingRequests (PendingRequests.java:sendNotLeaderResponses(202)) - 0d845cc3-b0d9-47c5-b935-74fa0be2c903-PendingRequests: sendNotLeaderResponses
2019-09-20 08:46:24,583 [ForkJoinPool.commonPool-worker-1] INFO  impl.PendingRequests (PendingRequests.java:sendNotLeaderResponses(202)) - 1cc75455-5fc2-459e-9e17-b902eb9cc08f-PendingRequests: sendNotLeaderResponses
2019-09-20 08:46:24,583 [main] INFO  impl.StateMachineUpdater (StateMachineUpdater.java:stopAndJoin(115)) - StateMachineUpdater:0d845cc3-b0d9-47c5-b935-74fa0be2c903:group-7FE221FFB5AC: set stopIndex = 0
2019-09-20 08:46:24,583 [ForkJoinPool.commonPool-worker-1] INFO  impl.StateMachineUpdater (StateMachineUpdater.java:stopAndJoin(115)) - StateMachineUpdater:1cc75455-5fc2-459e-9e17-b902eb9cc08f:group-00DA66997C1D: set stopIndex = 0
2019-09-20 08:46:24,584 [main] INFO  impl.RaftServerImpl (ServerState.java:close(394)) - 0d845cc3-b0d9-47c5-b935-74fa0be2c903:group-7FE221FFB5AC closes. The last applied log index is 0
2019-09-20 08:46:24,584 [ForkJoinPool.commonPool-worker-1] INFO  impl.RaftServerImpl (ServerState.java:close(394)) - 1cc75455-5fc2-459e-9e17-b902eb9cc08f:group-00DA66997C1D closes. The last applied log index is 0
2019-09-20 08:46:24,584 [0d845cc3-b0d9-47c5-b935-74fa0be2c903-SegmentedRaftLogWorker:Storage Directory /workdir/hadoop-ozone/ozonefs/target/test-dir/MiniOzoneClusterImpl-da5888fd-c692-4355-82c4-91aa98cbf569/datanode-5/data/ratis/5ea11423-92fb-420e-afde-7fe221ffb5ac] INFO  segmented.SegmentedRaftLogWorker (SegmentedRaftLogWorker.java:run(313)) - 0d845cc3-b0d9-47c5-b935-74fa0be2c903-SegmentedRaftLogWorker:Storage Directory /workdir/hadoop-ozone/ozonefs/target/test-dir/MiniOzoneClusterImpl-da5888fd-c692-4355-82c4-91aa98cbf569/datanode-5/data/ratis/5ea11423-92fb-420e-afde-7fe221ffb5ac was interrupted, exiting. There are 0 tasks remaining in the queue.
2019-09-20 08:46:24,587 [1cc75455-5fc2-459e-9e17-b902eb9cc08f-SegmentedRaftLogWorker:Storage Directory /workdir/hadoop-ozone/ozonefs/target/test-dir/MiniOzoneClusterImpl-da5888fd-c692-4355-82c4-91aa98cbf569/datanode-2/data/ratis/ce3d3ebe-48f7-4bca-bd3a-00da66997c1d] INFO  segmented.SegmentedRaftLogWorker (SegmentedRaftLogWorker.java:run(313)) - 1cc75455-5fc2-459e-9e17-b902eb9cc08f-SegmentedRaftLogWorker:Storage Directory /workdir/hadoop-ozone/ozonefs/target/test-dir/MiniOzoneClusterImpl-da5888fd-c692-4355-82c4-91aa98cbf569/datanode-2/data/ratis/ce3d3ebe-48f7-4bca-bd3a-00da66997c1d was interrupted, exiting. There are 0 tasks remaining in the queue.
2019-09-20 08:46:24,587 [main] INFO  segmented.SegmentedRaftLogWorker (SegmentedRaftLogWorker.java:close(228)) - 0d845cc3-b0d9-47c5-b935-74fa0be2c903-SegmentedRaftLogWorker:Storage Directory /workdir/hadoop-ozone/ozonefs/target/test-dir/MiniOzoneClusterImpl-da5888fd-c692-4355-82c4-91aa98cbf569/datanode-5/data/ratis/5ea11423-92fb-420e-afde-7fe221ffb5ac close()
2019-09-20 08:46:24,589 [ForkJoinPool.commonPool-worker-1] INFO  segmented.SegmentedRaftLogWorker (SegmentedRaftLogWorker.java:close(228)) - 1cc75455-5fc2-459e-9e17-b902eb9cc08f-SegmentedRaftLogWorker:Storage Directory /workdir/hadoop-ozone/ozonefs/target/test-dir/MiniOzoneClusterImpl-da5888fd-c692-4355-82c4-91aa98cbf569/datanode-2/data/ratis/ce3d3ebe-48f7-4bca-bd3a-00da66997c1d close()
2019-09-20 08:46:24,593 [main] INFO  impl.RaftServerImpl (RaftServerImpl.java:lambda$shutdown$3(245)) - 0d845cc3-b0d9-47c5-b935-74fa0be2c903: shutdown group-50A25CFB4A4A
2019-09-20 08:46:24,608 [ForkJoinPool.commonPool-worker-1] INFO  impl.RaftServerImpl (RaftServerImpl.java:lambda$shutdown$3(245)) - 1cc75455-5fc2-459e-9e17-b902eb9cc08f: shutdown group-E10CB8D1EC63
2019-09-20 08:46:24,608 [main] INFO  util.JmxRegister (JmxRegister.java:unregister(73)) - Successfully un-registered JMX Bean with object name Ratis:service=RaftServer,group=group-50A25CFB4A4A,id=0d845cc3-b0d9-47c5-b935-74fa0be2c903
2019-09-20 08:46:24,608 [ForkJoinPool.commonPool-worker-1] INFO  util.JmxRegister (JmxRegister.java:unregister(73)) - Successfully un-registered JMX Bean with object name Ratis:service=RaftServer,group=group-E10CB8D1EC63,id=1cc75455-5fc2-459e-9e17-b902eb9cc08f
2019-09-20 08:46:24,609 [main] INFO  impl.RoleInfo (RoleInfo.java:shutdownLeaderState(104)) - 0d845cc3-b0d9-47c5-b935-74fa0be2c903: shutdown LeaderState
2019-09-20 08:46:24,609 [ForkJoinPool.commonPool-worker-1] INFO  impl.RoleInfo (RoleInfo.java:shutdownLeaderState(104)) - 1cc75455-5fc2-459e-9e17-b902eb9cc08f: shutdown LeaderState
2019-09-20 08:46:24,609 [main] INFO  impl.PendingRequests (PendingRequests.java:sendNotLeaderResponses(202)) - 0d845cc3-b0d9-47c5-b935-74fa0be2c903-PendingRequests: sendNotLeaderResponses
2019-09-20 08:46:24,609 [ForkJoinPool.commonPool-worker-1] INFO  impl.PendingRequests (PendingRequests.java:sendNotLeaderResponses(202)) - 1cc75455-5fc2-459e-9e17-b902eb9cc08f-PendingRequests: sendNotLeaderResponses
2019-09-20 08:46:24,610 [main] INFO  impl.StateMachineUpdater (StateMachineUpdater.java:stopAndJoin(115)) - StateMachineUpdater:0d845cc3-b0d9-47c5-b935-74fa0be2c903:group-50A25CFB4A4A: set stopIndex = 0
2019-09-20 08:46:24,610 [ForkJoinPool.commonPool-worker-1] INFO  impl.StateMachineUpdater (StateMachineUpdater.java:stopAndJoin(115)) - StateMachineUpdater:1cc75455-5fc2-459e-9e17-b902eb9cc08f:group-E10CB8D1EC63: set stopIndex = 0
2019-09-20 08:46:24,610 [main] INFO  impl.RaftServerImpl (ServerState.java:close(394)) - 0d845cc3-b0d9-47c5-b935-74fa0be2c903:group-50A25CFB4A4A closes. The last applied log index is 0
2019-09-20 08:46:24,611 [ForkJoinPool.commonPool-worker-1] INFO  impl.RaftServerImpl (ServerState.java:close(394)) - 1cc75455-5fc2-459e-9e17-b902eb9cc08f:group-E10CB8D1EC63 closes. The last applied log index is 0
2019-09-20 08:46:24,611 [0d845cc3-b0d9-47c5-b935-74fa0be2c903-SegmentedRaftLogWorker:Storage Directory /workdir/hadoop-ozone/ozonefs/target/test-dir/MiniOzoneClusterImpl-da5888fd-c692-4355-82c4-91aa98cbf569/datanode-5/data/ratis/a05dbfba-3bd1-48d6-9ede-50a25cfb4a4a] INFO  segmented.SegmentedRaftLogWorker (SegmentedRaftLogWorker.java:run(313)) - 0d845cc3-b0d9-47c5-b935-74fa0be2c903-SegmentedRaftLogWorker:Storage Directory /workdir/hadoop-ozone/ozonefs/target/test-dir/MiniOzoneClusterImpl-da5888fd-c692-4355-82c4-91aa98cbf569/datanode-5/data/ratis/a05dbfba-3bd1-48d6-9ede-50a25cfb4a4a was interrupted, exiting. There are 0 tasks remaining in the queue.
2019-09-20 08:46:24,612 [1cc75455-5fc2-459e-9e17-b902eb9cc08f-SegmentedRaftLogWorker:Storage Directory /workdir/hadoop-ozone/ozonefs/target/test-dir/MiniOzoneClusterImpl-da5888fd-c692-4355-82c4-91aa98cbf569/datanode-2/data/ratis/45c80435-615d-403f-9d4f-e10cb8d1ec63] INFO  segmented.SegmentedRaftLogWorker (SegmentedRaftLogWorker.java:run(313)) - 1cc75455-5fc2-459e-9e17-b902eb9cc08f-SegmentedRaftLogWorker:Storage Directory /workdir/hadoop-ozone/ozonefs/target/test-dir/MiniOzoneClusterImpl-da5888fd-c692-4355-82c4-91aa98cbf569/datanode-2/data/ratis/45c80435-615d-403f-9d4f-e10cb8d1ec63 was interrupted, exiting. There are 0 tasks remaining in the queue.
2019-09-20 08:46:24,612 [main] INFO  segmented.SegmentedRaftLogWorker (SegmentedRaftLogWorker.java:close(228)) - 0d845cc3-b0d9-47c5-b935-74fa0be2c903-SegmentedRaftLogWorker:Storage Directory /workdir/hadoop-ozone/ozonefs/target/test-dir/MiniOzoneClusterImpl-da5888fd-c692-4355-82c4-91aa98cbf569/datanode-5/data/ratis/a05dbfba-3bd1-48d6-9ede-50a25cfb4a4a close()
2019-09-20 08:46:24,612 [ForkJoinPool.commonPool-worker-1] INFO  segmented.SegmentedRaftLogWorker (SegmentedRaftLogWorker.java:close(228)) - 1cc75455-5fc2-459e-9e17-b902eb9cc08f-SegmentedRaftLogWorker:Storage Directory /workdir/hadoop-ozone/ozonefs/target/test-dir/MiniOzoneClusterImpl-da5888fd-c692-4355-82c4-91aa98cbf569/datanode-2/data/ratis/45c80435-615d-403f-9d4f-e10cb8d1ec63 close()
2019-09-20 08:46:24,617 [main] INFO  server.GrpcService (GrpcService.java:closeImpl(155)) - 0d845cc3-b0d9-47c5-b935-74fa0be2c903: shutdown server with port 38257 now
2019-09-20 08:46:24,617 [ForkJoinPool.commonPool-worker-1] INFO  server.GrpcService (GrpcService.java:closeImpl(155)) - 1cc75455-5fc2-459e-9e17-b902eb9cc08f: shutdown server with port 35300 now
2019-09-20 08:46:24,621 [ForkJoinPool.commonPool-worker-1] INFO  server.GrpcService (GrpcService.java:closeImpl(163)) - 1cc75455-5fc2-459e-9e17-b902eb9cc08f: shutdown server with port 35300 successfully
2019-09-20 08:46:24,623 [main] INFO  server.GrpcService (GrpcService.java:closeImpl(163)) - 0d845cc3-b0d9-47c5-b935-74fa0be2c903: shutdown server with port 38257 successfully
2019-09-20 08:46:24,631 [ForkJoinPool.commonPool-worker-1] INFO  utils.BackgroundService (BackgroundService.java:shutdown(148)) - Shutting down service BlockDeletingService
2019-09-20 08:46:24,632 [refreshUsed-/workdir/hadoop-ozone/ozonefs/target/test-dir/MiniOzoneClusterImpl-da5888fd-c692-4355-82c4-91aa98cbf569/datanode-2/data/containers] WARN  fs.CachingGetSpaceUsed (CachingGetSpaceUsed.java:run(183)) - Thread Interrupted waiting to refresh disk information: sleep interrupted
2019-09-20 08:46:24,634 [main] INFO  utils.BackgroundService (BackgroundService.java:shutdown(148)) - Shutting down service BlockDeletingService
2019-09-20 08:46:24,638 [refreshUsed-/workdir/hadoop-ozone/ozonefs/target/test-dir/MiniOzoneClusterImpl-da5888fd-c692-4355-82c4-91aa98cbf569/datanode-5/data/containers] WARN  fs.CachingGetSpaceUsed (CachingGetSpaceUsed.java:run(183)) - Thread Interrupted waiting to refresh disk information: sleep interrupted
2019-09-20 08:46:24,664 [main] INFO  statemachine.DatanodeStateMachine (DatanodeStateMachine.java:stopDaemon(395)) - Ozone container server stopped.
2019-09-20 08:46:24,673 [ForkJoinPool.commonPool-worker-1] INFO  statemachine.DatanodeStateMachine (DatanodeStateMachine.java:stopDaemon(395)) - Ozone container server stopped.
2019-09-20 08:46:24,677 [main] INFO  handler.ContextHandler (ContextHandler.java:doStop(910)) - Stopped o.e.j.w.WebAppContext@51424203{/,null,UNAVAILABLE}{/hddsDatanode}
2019-09-20 08:46:24,679 [ForkJoinPool.commonPool-worker-1] INFO  handler.ContextHandler (ContextHandler.java:doStop(910)) - Stopped o.e.j.w.WebAppContext@15e8f9b2{/,null,UNAVAILABLE}{/hddsDatanode}
2019-09-20 08:46:24,679 [main] INFO  server.AbstractConnector (AbstractConnector.java:doStop(318)) - Stopped ServerConnector@7336fd8f{HTTP/1.1,[http/1.1]}{0.0.0.0:0}
2019-09-20 08:46:24,680 [ForkJoinPool.commonPool-worker-1] INFO  server.AbstractConnector (AbstractConnector.java:doStop(318)) - Stopped ServerConnector@7a65c995{HTTP/1.1,[http/1.1]}{0.0.0.0:0}
2019-09-20 08:46:24,680 [main] INFO  handler.ContextHandler (ContextHandler.java:doStop(910)) - Stopped o.e.j.s.ServletContextHandler@6682e6a5{/static,jar:file:/home/user/.m2/repository/org/apache/hadoop/hadoop-hdds-container-service/0.5.0-SNAPSHOT/hadoop-hdds-container-service-0.5.0-SNAPSHOT.jar!/webapps/static,UNAVAILABLE}
2019-09-20 08:46:24,682 [ForkJoinPool.commonPool-worker-1] INFO  handler.ContextHandler (ContextHandler.java:doStop(910)) - Stopped o.e.j.s.ServletContextHandler@7ddcb0dc{/static,jar:file:/home/user/.m2/repository/org/apache/hadoop/hadoop-hdds-container-service/0.5.0-SNAPSHOT/hadoop-hdds-container-service-0.5.0-SNAPSHOT.jar!/webapps/static,UNAVAILABLE}
2019-09-20 08:46:24,684 [main] INFO  handler.ContextHandler (ContextHandler.java:doStop(910)) - Stopped o.e.j.s.ServletContextHandler@11e17893{/logs,file:///workdir/hadoop-ozone/ozonefs/target/log,UNAVAILABLE}
2019-09-20 08:46:24,684 [ForkJoinPool.commonPool-worker-1] INFO  handler.ContextHandler (ContextHandler.java:doStop(910)) - Stopped o.e.j.s.ServletContextHandler@4aed311e{/logs,file:///workdir/hadoop-ozone/ozonefs/target/log,UNAVAILABLE}
2019-09-20 08:46:24,685 [main] INFO  datanode.ObjectStoreHandler (ObjectStoreHandler.java:close(155)) - Closing ObjectStoreHandler.
2019-09-20 08:46:24,686 [ForkJoinPool.commonPool-worker-1] INFO  datanode.ObjectStoreHandler (ObjectStoreHandler.java:close(155)) - Closing ObjectStoreHandler.
2019-09-20 08:46:24,686 [main] INFO  ozone.HddsDatanodeService (HddsDatanodeService.java:stop(451)) - Stopped plug-in org.apache.hadoop.ozone.web.OzoneHddsDatanodeService@79f1e22e
2019-09-20 08:46:24,686 [ForkJoinPool.commonPool-worker-1] INFO  ozone.HddsDatanodeService (HddsDatanodeService.java:stop(451)) - Stopped plug-in org.apache.hadoop.ozone.web.OzoneHddsDatanodeService@11eec06b
2019-09-20 08:46:24,941 | INFO  | SCMAudit | user=jenkins1000 | ip=192.168.36.79 | op=SEND_HEARTBEAT {datanodeUUID=e997423e-4090-4042-87ee-7419d4cf7365, command=[]} | ret=SUCCESS |  
2019-09-20 08:46:24,941 | INFO  | SCMAudit | user=jenkins1000 | ip=192.168.36.79 | op=SEND_HEARTBEAT {datanodeUUID=4eb079c5-a63c-4d36-97af-76873864fc0c, command=[]} | ret=SUCCESS |  
2019-09-20 08:46:24,943 | INFO  | SCMAudit | user=jenkins1000 | ip=192.168.36.79 | op=SEND_HEARTBEAT {datanodeUUID=735a34e4-c7c4-465a-a71d-fefc6390b8eb, command=[]} | ret=SUCCESS |  
2019-09-20 08:46:24,959 | INFO  | SCMAudit | user=jenkins1000 | ip=192.168.36.79 | op=SEND_HEARTBEAT {datanodeUUID=3d9fb88f-ef2a-412e-bafc-a0084682cc47, command=[]} | ret=SUCCESS |  
2019-09-20 08:46:25,214 [Datanode State Machine Thread - 0] INFO  statemachine.DatanodeStateMachine (DatanodeStateMachine.java:lambda$startDaemon$0(350)) - Ozone container server started.
2019-09-20 08:46:25,359 | INFO  | SCMAudit | user=jenkins1000 | ip=192.168.36.79 | op=SEND_HEARTBEAT {datanodeUUID=d3d24c2e-887e-42af-9ac0-80e26c3dc807, command=[]} | ret=SUCCESS |  
2019-09-20 08:46:25,468 | INFO  | SCMAudit | user=jenkins1000 | ip=192.168.36.79 | op=SEND_HEARTBEAT {datanodeUUID=3ea69b51-ea1d-40b9-a82f-433a48a46bff, command=[]} | ret=SUCCESS |  
2019-09-20 08:46:25,501 [Datanode State Machine Thread - 0] INFO  statemachine.DatanodeStateMachine (DatanodeStateMachine.java:lambda$startDaemon$0(350)) - Ozone container server started.
2019-09-20 08:46:25,942 | INFO  | SCMAudit | user=jenkins1000 | ip=192.168.36.79 | op=SEND_HEARTBEAT {datanodeUUID=e997423e-4090-4042-87ee-7419d4cf7365, command=[]} | ret=SUCCESS |  
2019-09-20 08:46:25,942 | INFO  | SCMAudit | user=jenkins1000 | ip=192.168.36.79 | op=SEND_HEARTBEAT {datanodeUUID=4eb079c5-a63c-4d36-97af-76873864fc0c, command=[]} | ret=SUCCESS |  
2019-09-20 08:46:25,943 | INFO  | SCMAudit | user=jenkins1000 | ip=192.168.36.79 | op=SEND_HEARTBEAT {datanodeUUID=735a34e4-c7c4-465a-a71d-fefc6390b8eb, command=[]} | ret=SUCCESS |  
2019-09-20 08:46:25,960 | INFO  | SCMAudit | user=jenkins1000 | ip=192.168.36.79 | op=SEND_HEARTBEAT {datanodeUUID=3d9fb88f-ef2a-412e-bafc-a0084682cc47, command=[]} | ret=SUCCESS |  
2019-09-20 08:46:26,359 | INFO  | SCMAudit | user=jenkins1000 | ip=192.168.36.79 | op=SEND_HEARTBEAT {datanodeUUID=d3d24c2e-887e-42af-9ac0-80e26c3dc807, command=[]} | ret=SUCCESS |  
2019-09-20 08:46:26,468 | INFO  | SCMAudit | user=jenkins1000 | ip=192.168.36.79 | op=SEND_HEARTBEAT {datanodeUUID=3ea69b51-ea1d-40b9-a82f-433a48a46bff, command=[]} | ret=SUCCESS |  
2019-09-20 08:46:26,942 | INFO  | SCMAudit | user=jenkins1000 | ip=192.168.36.79 | op=SEND_HEARTBEAT {datanodeUUID=4eb079c5-a63c-4d36-97af-76873864fc0c, command=[]} | ret=SUCCESS |  
2019-09-20 08:46:26,942 | INFO  | SCMAudit | user=jenkins1000 | ip=192.168.36.79 | op=SEND_HEARTBEAT {datanodeUUID=e997423e-4090-4042-87ee-7419d4cf7365, command=[]} | ret=SUCCESS |  
2019-09-20 08:46:26,943 | INFO  | SCMAudit | user=jenkins1000 | ip=192.168.36.79 | op=SEND_HEARTBEAT {datanodeUUID=735a34e4-c7c4-465a-a71d-fefc6390b8eb, command=[]} | ret=SUCCESS |  
2019-09-20 08:46:26,960 | INFO  | SCMAudit | user=jenkins1000 | ip=192.168.36.79 | op=SEND_HEARTBEAT {datanodeUUID=3d9fb88f-ef2a-412e-bafc-a0084682cc47, command=[]} | ret=SUCCESS |  
2019-09-20 08:46:27,360 | INFO  | SCMAudit | user=jenkins1000 | ip=192.168.36.79 | op=SEND_HEARTBEAT {datanodeUUID=d3d24c2e-887e-42af-9ac0-80e26c3dc807, command=[]} | ret=SUCCESS |  
2019-09-20 08:46:27,469 | INFO  | SCMAudit | user=jenkins1000 | ip=192.168.36.79 | op=SEND_HEARTBEAT {datanodeUUID=3ea69b51-ea1d-40b9-a82f-433a48a46bff, command=[]} | ret=SUCCESS |  
2019-09-20 08:46:27,942 | INFO  | SCMAudit | user=jenkins1000 | ip=192.168.36.79 | op=SEND_HEARTBEAT {datanodeUUID=e997423e-4090-4042-87ee-7419d4cf7365, command=[]} | ret=SUCCESS |  
2019-09-20 08:46:27,942 | INFO  | SCMAudit | user=jenkins1000 | ip=192.168.36.79 | op=SEND_HEARTBEAT {datanodeUUID=4eb079c5-a63c-4d36-97af-76873864fc0c, command=[]} | ret=SUCCESS |  
2019-09-20 08:46:27,943 | INFO  | SCMAudit | user=jenkins1000 | ip=192.168.36.79 | op=SEND_HEARTBEAT {datanodeUUID=735a34e4-c7c4-465a-a71d-fefc6390b8eb, command=[]} | ret=SUCCESS |  
2019-09-20 08:46:27,960 | INFO  | SCMAudit | user=jenkins1000 | ip=192.168.36.79 | op=SEND_HEARTBEAT {datanodeUUID=3d9fb88f-ef2a-412e-bafc-a0084682cc47, command=[]} | ret=SUCCESS |  
2019-09-20 08:46:28,359 | INFO  | SCMAudit | user=jenkins1000 | ip=192.168.36.79 | op=SEND_HEARTBEAT {datanodeUUID=d3d24c2e-887e-42af-9ac0-80e26c3dc807, command=[]} | ret=SUCCESS |  
2019-09-20 08:46:28,468 | INFO  | SCMAudit | user=jenkins1000 | ip=192.168.36.79 | op=SEND_HEARTBEAT {datanodeUUID=3ea69b51-ea1d-40b9-a82f-433a48a46bff, command=[]} | ret=SUCCESS |  
2019-09-20 08:46:28,941 | INFO  | SCMAudit | user=jenkins1000 | ip=192.168.36.79 | op=SEND_HEARTBEAT {datanodeUUID=e997423e-4090-4042-87ee-7419d4cf7365, command=[]} | ret=SUCCESS |  
2019-09-20 08:46:28,941 | INFO  | SCMAudit | user=jenkins1000 | ip=192.168.36.79 | op=SEND_HEARTBEAT {datanodeUUID=4eb079c5-a63c-4d36-97af-76873864fc0c, command=[]} | ret=SUCCESS |  
2019-09-20 08:46:28,944 | INFO  | SCMAudit | user=jenkins1000 | ip=192.168.36.79 | op=SEND_HEARTBEAT {datanodeUUID=735a34e4-c7c4-465a-a71d-fefc6390b8eb, command=[]} | ret=SUCCESS |  
2019-09-20 08:46:28,960 | INFO  | SCMAudit | user=jenkins1000 | ip=192.168.36.79 | op=SEND_HEARTBEAT {datanodeUUID=3d9fb88f-ef2a-412e-bafc-a0084682cc47, command=[]} | ret=SUCCESS |  
2019-09-20 08:46:29,360 | INFO  | SCMAudit | user=jenkins1000 | ip=192.168.36.79 | op=SEND_HEARTBEAT {datanodeUUID=d3d24c2e-887e-42af-9ac0-80e26c3dc807, command=[]} | ret=SUCCESS |  
2019-09-20 08:46:29,469 | INFO  | SCMAudit | user=jenkins1000 | ip=192.168.36.79 | op=SEND_HEARTBEAT {datanodeUUID=3ea69b51-ea1d-40b9-a82f-433a48a46bff, command=[]} | ret=SUCCESS |  
2019-09-20 08:46:29,687 [main] INFO  ozoneimpl.OzoneContainer (OzoneContainer.java:stop(199)) - Attempting to stop container services.
2019-09-20 08:46:29,687 [ForkJoinPool.commonPool-worker-1] INFO  ozoneimpl.OzoneContainer (OzoneContainer.java:stop(199)) - Attempting to stop container services.
2019-09-20 08:46:29,688 [main] INFO  impl.RaftServerProxy (RaftServerProxy.java:lambda$close$4(314)) - 1e702f59-a831-439b-ba97-9c7e4d303d93: close
2019-09-20 08:46:29,688 [ForkJoinPool.commonPool-worker-1] INFO  impl.RaftServerProxy (RaftServerProxy.java:lambda$close$4(314)) - a3bf3c1a-4063-48f8-b1bd-e321780611c4: close
2019-09-20 08:46:29,689 [main] INFO  impl.RaftServerImpl (RaftServerImpl.java:lambda$shutdown$3(245)) - 1e702f59-a831-439b-ba97-9c7e4d303d93: shutdown group-2690418B2EE9
2019-09-20 08:46:29,689 [ForkJoinPool.commonPool-worker-1] INFO  impl.RaftServerImpl (RaftServerImpl.java:lambda$shutdown$3(245)) - a3bf3c1a-4063-48f8-b1bd-e321780611c4: shutdown group-6D32FAE766E9
2019-09-20 08:46:29,690 [main] INFO  util.JmxRegister (JmxRegister.java:unregister(73)) - Successfully un-registered JMX Bean with object name Ratis:service=RaftServer,group=group-2690418B2EE9,id=1e702f59-a831-439b-ba97-9c7e4d303d93
2019-09-20 08:46:29,690 [main] INFO  impl.RoleInfo (RoleInfo.java:shutdownLeaderState(104)) - 1e702f59-a831-439b-ba97-9c7e4d303d93: shutdown LeaderState
2019-09-20 08:46:29,690 [ForkJoinPool.commonPool-worker-1] INFO  util.JmxRegister (JmxRegister.java:unregister(73)) - Successfully un-registered JMX Bean with object name Ratis:service=RaftServer,group=group-6D32FAE766E9,id=a3bf3c1a-4063-48f8-b1bd-e321780611c4
2019-09-20 08:46:29,691 [main] INFO  impl.PendingRequests (PendingRequests.java:sendNotLeaderResponses(202)) - 1e702f59-a831-439b-ba97-9c7e4d303d93-PendingRequests: sendNotLeaderResponses
2019-09-20 08:46:29,691 [ForkJoinPool.commonPool-worker-1] INFO  impl.RoleInfo (RoleInfo.java:shutdownLeaderState(104)) - a3bf3c1a-4063-48f8-b1bd-e321780611c4: shutdown LeaderState
2019-09-20 08:46:29,692 [main] INFO  impl.StateMachineUpdater (StateMachineUpdater.java:stopAndJoin(115)) - StateMachineUpdater:1e702f59-a831-439b-ba97-9c7e4d303d93:group-2690418B2EE9: set stopIndex = 0
2019-09-20 08:46:29,692 [main] INFO  impl.RaftServerImpl (ServerState.java:close(394)) - 1e702f59-a831-439b-ba97-9c7e4d303d93:group-2690418B2EE9 closes. The last applied log index is 0
2019-09-20 08:46:29,692 [ForkJoinPool.commonPool-worker-1] INFO  impl.PendingRequests (PendingRequests.java:sendNotLeaderResponses(202)) - a3bf3c1a-4063-48f8-b1bd-e321780611c4-PendingRequests: sendNotLeaderResponses
2019-09-20 08:46:29,693 [1e702f59-a831-439b-ba97-9c7e4d303d93-SegmentedRaftLogWorker:Storage Directory /workdir/hadoop-ozone/ozonefs/target/test-dir/MiniOzoneClusterImpl-da5888fd-c692-4355-82c4-91aa98cbf569/datanode-6/data/ratis/ba555178-5517-47d5-b109-2690418b2ee9] INFO  segmented.SegmentedRaftLogWorker (SegmentedRaftLogWorker.java:run(313)) - 1e702f59-a831-439b-ba97-9c7e4d303d93-SegmentedRaftLogWorker:Storage Directory /workdir/hadoop-ozone/ozonefs/target/test-dir/MiniOzoneClusterImpl-da5888fd-c692-4355-82c4-91aa98cbf569/datanode-6/data/ratis/ba555178-5517-47d5-b109-2690418b2ee9 was interrupted, exiting. There are 0 tasks remaining in the queue.
2019-09-20 08:46:29,693 [ForkJoinPool.commonPool-worker-1] INFO  impl.StateMachineUpdater (StateMachineUpdater.java:stopAndJoin(115)) - StateMachineUpdater:a3bf3c1a-4063-48f8-b1bd-e321780611c4:group-6D32FAE766E9: set stopIndex = 0
2019-09-20 08:46:29,693 [main] INFO  segmented.SegmentedRaftLogWorker (SegmentedRaftLogWorker.java:close(228)) - 1e702f59-a831-439b-ba97-9c7e4d303d93-SegmentedRaftLogWorker:Storage Directory /workdir/hadoop-ozone/ozonefs/target/test-dir/MiniOzoneClusterImpl-da5888fd-c692-4355-82c4-91aa98cbf569/datanode-6/data/ratis/ba555178-5517-47d5-b109-2690418b2ee9 close()
2019-09-20 08:46:29,693 [ForkJoinPool.commonPool-worker-1] INFO  impl.RaftServerImpl (ServerState.java:close(394)) - a3bf3c1a-4063-48f8-b1bd-e321780611c4:group-6D32FAE766E9 closes. The last applied log index is 0
2019-09-20 08:46:29,697 [main] INFO  impl.RaftServerImpl (RaftServerImpl.java:lambda$shutdown$3(245)) - 1e702f59-a831-439b-ba97-9c7e4d303d93: shutdown group-303A19B50CF5
2019-09-20 08:46:29,697 [a3bf3c1a-4063-48f8-b1bd-e321780611c4-SegmentedRaftLogWorker:Storage Directory /workdir/hadoop-ozone/ozonefs/target/test-dir/MiniOzoneClusterImpl-da5888fd-c692-4355-82c4-91aa98cbf569/datanode-3/data/ratis/5f5f0c0b-ff6b-40d7-abe0-6d32fae766e9] INFO  segmented.SegmentedRaftLogWorker (SegmentedRaftLogWorker.java:run(313)) - a3bf3c1a-4063-48f8-b1bd-e321780611c4-SegmentedRaftLogWorker:Storage Directory /workdir/hadoop-ozone/ozonefs/target/test-dir/MiniOzoneClusterImpl-da5888fd-c692-4355-82c4-91aa98cbf569/datanode-3/data/ratis/5f5f0c0b-ff6b-40d7-abe0-6d32fae766e9 was interrupted, exiting. There are 0 tasks remaining in the queue.
2019-09-20 08:46:29,697 [main] INFO  util.JmxRegister (JmxRegister.java:unregister(73)) - Successfully un-registered JMX Bean with object name Ratis:service=RaftServer,group=group-303A19B50CF5,id=1e702f59-a831-439b-ba97-9c7e4d303d93
2019-09-20 08:46:29,698 [main] INFO  impl.RoleInfo (RoleInfo.java:shutdownLeaderState(104)) - 1e702f59-a831-439b-ba97-9c7e4d303d93: shutdown LeaderState
2019-09-20 08:46:29,698 [main] INFO  impl.PendingRequests (PendingRequests.java:sendNotLeaderResponses(202)) - 1e702f59-a831-439b-ba97-9c7e4d303d93-PendingRequests: sendNotLeaderResponses
2019-09-20 08:46:29,699 [main] INFO  impl.StateMachineUpdater (StateMachineUpdater.java:stopAndJoin(115)) - StateMachineUpdater:1e702f59-a831-439b-ba97-9c7e4d303d93:group-303A19B50CF5: set stopIndex = 0
2019-09-20 08:46:29,699 [main] INFO  impl.RaftServerImpl (ServerState.java:close(394)) - 1e702f59-a831-439b-ba97-9c7e4d303d93:group-303A19B50CF5 closes. The last applied log index is 0
2019-09-20 08:46:29,700 [1e702f59-a831-439b-ba97-9c7e4d303d93-SegmentedRaftLogWorker:Storage Directory /workdir/hadoop-ozone/ozonefs/target/test-dir/MiniOzoneClusterImpl-da5888fd-c692-4355-82c4-91aa98cbf569/datanode-6/data/ratis/e0d5c1af-2969-4d4d-8312-303a19b50cf5] INFO  segmented.SegmentedRaftLogWorker (SegmentedRaftLogWorker.java:run(313)) - 1e702f59-a831-439b-ba97-9c7e4d303d93-SegmentedRaftLogWorker:Storage Directory /workdir/hadoop-ozone/ozonefs/target/test-dir/MiniOzoneClusterImpl-da5888fd-c692-4355-82c4-91aa98cbf569/datanode-6/data/ratis/e0d5c1af-2969-4d4d-8312-303a19b50cf5 was interrupted, exiting. There are 0 tasks remaining in the queue.
2019-09-20 08:46:29,705 [ForkJoinPool.commonPool-worker-1] INFO  segmented.SegmentedRaftLogWorker (SegmentedRaftLogWorker.java:close(228)) - a3bf3c1a-4063-48f8-b1bd-e321780611c4-SegmentedRaftLogWorker:Storage Directory /workdir/hadoop-ozone/ozonefs/target/test-dir/MiniOzoneClusterImpl-da5888fd-c692-4355-82c4-91aa98cbf569/datanode-3/data/ratis/5f5f0c0b-ff6b-40d7-abe0-6d32fae766e9 close()
2019-09-20 08:46:29,705 [main] INFO  segmented.SegmentedRaftLogWorker (SegmentedRaftLogWorker.java:close(228)) - 1e702f59-a831-439b-ba97-9c7e4d303d93-SegmentedRaftLogWorker:Storage Directory /workdir/hadoop-ozone/ozonefs/target/test-dir/MiniOzoneClusterImpl-da5888fd-c692-4355-82c4-91aa98cbf569/datanode-6/data/ratis/e0d5c1af-2969-4d4d-8312-303a19b50cf5 close()
2019-09-20 08:46:29,708 [ForkJoinPool.commonPool-worker-1] INFO  impl.RaftServerImpl (RaftServerImpl.java:lambda$shutdown$3(245)) - a3bf3c1a-4063-48f8-b1bd-e321780611c4: shutdown group-E51569FA75CC
2019-09-20 08:46:29,711 [main] INFO  impl.RaftServerImpl (RaftServerImpl.java:lambda$shutdown$3(245)) - 1e702f59-a831-439b-ba97-9c7e4d303d93: shutdown group-D1817A595145
2019-09-20 08:46:29,711 [ForkJoinPool.commonPool-worker-1] INFO  util.JmxRegister (JmxRegister.java:unregister(73)) - Successfully un-registered JMX Bean with object name Ratis:service=RaftServer,group=group-E51569FA75CC,id=a3bf3c1a-4063-48f8-b1bd-e321780611c4
2019-09-20 08:46:29,711 [main] INFO  util.JmxRegister (JmxRegister.java:unregister(73)) - Successfully un-registered JMX Bean with object name Ratis:service=RaftServer,group=group-D1817A595145,id=1e702f59-a831-439b-ba97-9c7e4d303d93
2019-09-20 08:46:29,712 [ForkJoinPool.commonPool-worker-1] INFO  impl.RoleInfo (RoleInfo.java:shutdownLeaderState(104)) - a3bf3c1a-4063-48f8-b1bd-e321780611c4: shutdown LeaderState
2019-09-20 08:46:29,712 [main] INFO  impl.RoleInfo (RoleInfo.java:shutdownLeaderState(104)) - 1e702f59-a831-439b-ba97-9c7e4d303d93: shutdown LeaderState
2019-09-20 08:46:29,712 [ForkJoinPool.commonPool-worker-1] INFO  impl.PendingRequests (PendingRequests.java:sendNotLeaderResponses(202)) - a3bf3c1a-4063-48f8-b1bd-e321780611c4-PendingRequests: sendNotLeaderResponses
2019-09-20 08:46:29,713 [main] INFO  impl.PendingRequests (PendingRequests.java:sendNotLeaderResponses(202)) - 1e702f59-a831-439b-ba97-9c7e4d303d93-PendingRequests: sendNotLeaderResponses
2019-09-20 08:46:29,713 [ForkJoinPool.commonPool-worker-1] INFO  impl.StateMachineUpdater (StateMachineUpdater.java:stopAndJoin(115)) - StateMachineUpdater:a3bf3c1a-4063-48f8-b1bd-e321780611c4:group-E51569FA75CC: set stopIndex = 0
2019-09-20 08:46:29,713 [main] INFO  impl.StateMachineUpdater (StateMachineUpdater.java:stopAndJoin(115)) - StateMachineUpdater:1e702f59-a831-439b-ba97-9c7e4d303d93:group-D1817A595145: set stopIndex = 0
2019-09-20 08:46:29,714 [main] INFO  impl.RaftServerImpl (ServerState.java:close(394)) - 1e702f59-a831-439b-ba97-9c7e4d303d93:group-D1817A595145 closes. The last applied log index is 0
2019-09-20 08:46:29,714 [ForkJoinPool.commonPool-worker-1] INFO  impl.RaftServerImpl (ServerState.java:close(394)) - a3bf3c1a-4063-48f8-b1bd-e321780611c4:group-E51569FA75CC closes. The last applied log index is 0
2019-09-20 08:46:29,715 [1e702f59-a831-439b-ba97-9c7e4d303d93-SegmentedRaftLogWorker:Storage Directory /workdir/hadoop-ozone/ozonefs/target/test-dir/MiniOzoneClusterImpl-da5888fd-c692-4355-82c4-91aa98cbf569/datanode-6/data/ratis/0d6f07af-b12f-4f8e-9a35-d1817a595145] INFO  segmented.SegmentedRaftLogWorker (SegmentedRaftLogWorker.java:run(313)) - 1e702f59-a831-439b-ba97-9c7e4d303d93-SegmentedRaftLogWorker:Storage Directory /workdir/hadoop-ozone/ozonefs/target/test-dir/MiniOzoneClusterImpl-da5888fd-c692-4355-82c4-91aa98cbf569/datanode-6/data/ratis/0d6f07af-b12f-4f8e-9a35-d1817a595145 was interrupted, exiting. There are 0 tasks remaining in the queue.
2019-09-20 08:46:29,715 [a3bf3c1a-4063-48f8-b1bd-e321780611c4-SegmentedRaftLogWorker:Storage Directory /workdir/hadoop-ozone/ozonefs/target/test-dir/MiniOzoneClusterImpl-da5888fd-c692-4355-82c4-91aa98cbf569/datanode-3/data/ratis/458db07e-2803-4357-81a0-e51569fa75cc] INFO  segmented.SegmentedRaftLogWorker (SegmentedRaftLogWorker.java:run(313)) - a3bf3c1a-4063-48f8-b1bd-e321780611c4-SegmentedRaftLogWorker:Storage Directory /workdir/hadoop-ozone/ozonefs/target/test-dir/MiniOzoneClusterImpl-da5888fd-c692-4355-82c4-91aa98cbf569/datanode-3/data/ratis/458db07e-2803-4357-81a0-e51569fa75cc was interrupted, exiting. There are 0 tasks remaining in the queue.
2019-09-20 08:46:29,715 [main] INFO  segmented.SegmentedRaftLogWorker (SegmentedRaftLogWorker.java:close(228)) - 1e702f59-a831-439b-ba97-9c7e4d303d93-SegmentedRaftLogWorker:Storage Directory /workdir/hadoop-ozone/ozonefs/target/test-dir/MiniOzoneClusterImpl-da5888fd-c692-4355-82c4-91aa98cbf569/datanode-6/data/ratis/0d6f07af-b12f-4f8e-9a35-d1817a595145 close()
2019-09-20 08:46:29,715 [ForkJoinPool.commonPool-worker-1] INFO  segmented.SegmentedRaftLogWorker (SegmentedRaftLogWorker.java:close(228)) - a3bf3c1a-4063-48f8-b1bd-e321780611c4-SegmentedRaftLogWorker:Storage Directory /workdir/hadoop-ozone/ozonefs/target/test-dir/MiniOzoneClusterImpl-da5888fd-c692-4355-82c4-91aa98cbf569/datanode-3/data/ratis/458db07e-2803-4357-81a0-e51569fa75cc close()
2019-09-20 08:46:29,718 [main] INFO  impl.RaftServerImpl (RaftServerImpl.java:lambda$shutdown$3(245)) - 1e702f59-a831-439b-ba97-9c7e4d303d93: shutdown group-955DC1EEC63B
2019-09-20 08:46:29,720 [ForkJoinPool.commonPool-worker-1] INFO  impl.RaftServerImpl (RaftServerImpl.java:lambda$shutdown$3(245)) - a3bf3c1a-4063-48f8-b1bd-e321780611c4: shutdown group-4A435684A73A
2019-09-20 08:46:29,721 [main] INFO  util.JmxRegister (JmxRegister.java:unregister(73)) - Successfully un-registered JMX Bean with object name Ratis:service=RaftServer,group=group-955DC1EEC63B,id=1e702f59-a831-439b-ba97-9c7e4d303d93
2019-09-20 08:46:29,721 [ForkJoinPool.commonPool-worker-1] INFO  util.JmxRegister (JmxRegister.java:unregister(73)) - Successfully un-registered JMX Bean with object name Ratis:service=RaftServer,group=group-4A435684A73A,id=a3bf3c1a-4063-48f8-b1bd-e321780611c4
2019-09-20 08:46:29,721 [main] INFO  impl.RoleInfo (RoleInfo.java:shutdownLeaderState(104)) - 1e702f59-a831-439b-ba97-9c7e4d303d93: shutdown LeaderState
2019-09-20 08:46:29,722 [ForkJoinPool.commonPool-worker-1] INFO  impl.RoleInfo (RoleInfo.java:shutdownLeaderState(104)) - a3bf3c1a-4063-48f8-b1bd-e321780611c4: shutdown LeaderState
2019-09-20 08:46:29,722 [main] INFO  impl.PendingRequests (PendingRequests.java:sendNotLeaderResponses(202)) - 1e702f59-a831-439b-ba97-9c7e4d303d93-PendingRequests: sendNotLeaderResponses
2019-09-20 08:46:29,722 [ForkJoinPool.commonPool-worker-1] INFO  impl.PendingRequests (PendingRequests.java:sendNotLeaderResponses(202)) - a3bf3c1a-4063-48f8-b1bd-e321780611c4-PendingRequests: sendNotLeaderResponses
2019-09-20 08:46:29,723 [main] INFO  impl.StateMachineUpdater (StateMachineUpdater.java:stopAndJoin(115)) - StateMachineUpdater:1e702f59-a831-439b-ba97-9c7e4d303d93:group-955DC1EEC63B: set stopIndex = 0
2019-09-20 08:46:29,723 [ForkJoinPool.commonPool-worker-1] INFO  impl.StateMachineUpdater (StateMachineUpdater.java:stopAndJoin(115)) - StateMachineUpdater:a3bf3c1a-4063-48f8-b1bd-e321780611c4:group-4A435684A73A: set stopIndex = 0
2019-09-20 08:46:29,723 [main] INFO  impl.RaftServerImpl (ServerState.java:close(394)) - 1e702f59-a831-439b-ba97-9c7e4d303d93:group-955DC1EEC63B closes. The last applied log index is 0
2019-09-20 08:46:29,724 [ForkJoinPool.commonPool-worker-1] INFO  impl.RaftServerImpl (ServerState.java:close(394)) - a3bf3c1a-4063-48f8-b1bd-e321780611c4:group-4A435684A73A closes. The last applied log index is 0
2019-09-20 08:46:29,725 [1e702f59-a831-439b-ba97-9c7e4d303d93-SegmentedRaftLogWorker:Storage Directory /workdir/hadoop-ozone/ozonefs/target/test-dir/MiniOzoneClusterImpl-da5888fd-c692-4355-82c4-91aa98cbf569/datanode-6/data/ratis/ed07e4b1-4c93-4b79-b40e-955dc1eec63b] INFO  segmented.SegmentedRaftLogWorker (SegmentedRaftLogWorker.java:run(313)) - 1e702f59-a831-439b-ba97-9c7e4d303d93-SegmentedRaftLogWorker:Storage Directory /workdir/hadoop-ozone/ozonefs/target/test-dir/MiniOzoneClusterImpl-da5888fd-c692-4355-82c4-91aa98cbf569/datanode-6/data/ratis/ed07e4b1-4c93-4b79-b40e-955dc1eec63b was interrupted, exiting. There are 0 tasks remaining in the queue.
2019-09-20 08:46:29,725 [a3bf3c1a-4063-48f8-b1bd-e321780611c4-SegmentedRaftLogWorker:Storage Directory /workdir/hadoop-ozone/ozonefs/target/test-dir/MiniOzoneClusterImpl-da5888fd-c692-4355-82c4-91aa98cbf569/datanode-3/data/ratis/30573a8f-ac0d-4ecd-9640-4a435684a73a] INFO  segmented.SegmentedRaftLogWorker (SegmentedRaftLogWorker.java:run(313)) - a3bf3c1a-4063-48f8-b1bd-e321780611c4-SegmentedRaftLogWorker:Storage Directory /workdir/hadoop-ozone/ozonefs/target/test-dir/MiniOzoneClusterImpl-da5888fd-c692-4355-82c4-91aa98cbf569/datanode-3/data/ratis/30573a8f-ac0d-4ecd-9640-4a435684a73a was interrupted, exiting. There are 0 tasks remaining in the queue.
2019-09-20 08:46:29,725 [main] INFO  segmented.SegmentedRaftLogWorker (SegmentedRaftLogWorker.java:close(228)) - 1e702f59-a831-439b-ba97-9c7e4d303d93-SegmentedRaftLogWorker:Storage Directory /workdir/hadoop-ozone/ozonefs/target/test-dir/MiniOzoneClusterImpl-da5888fd-c692-4355-82c4-91aa98cbf569/datanode-6/data/ratis/ed07e4b1-4c93-4b79-b40e-955dc1eec63b close()
2019-09-20 08:46:29,725 [ForkJoinPool.commonPool-worker-1] INFO  segmented.SegmentedRaftLogWorker (SegmentedRaftLogWorker.java:close(228)) - a3bf3c1a-4063-48f8-b1bd-e321780611c4-SegmentedRaftLogWorker:Storage Directory /workdir/hadoop-ozone/ozonefs/target/test-dir/MiniOzoneClusterImpl-da5888fd-c692-4355-82c4-91aa98cbf569/datanode-3/data/ratis/30573a8f-ac0d-4ecd-9640-4a435684a73a close()
2019-09-20 08:46:29,727 [main] INFO  impl.RaftServerImpl (RaftServerImpl.java:lambda$shutdown$3(245)) - 1e702f59-a831-439b-ba97-9c7e4d303d93: shutdown group-FAA3598D0869
2019-09-20 08:46:29,730 [ForkJoinPool.commonPool-worker-1] INFO  impl.RaftServerImpl (RaftServerImpl.java:lambda$shutdown$3(245)) - a3bf3c1a-4063-48f8-b1bd-e321780611c4: shutdown group-B5F2705F2A79
2019-09-20 08:46:29,730 [main] INFO  util.JmxRegister (JmxRegister.java:unregister(73)) - Successfully un-registered JMX Bean with object name Ratis:service=RaftServer,group=group-FAA3598D0869,id=1e702f59-a831-439b-ba97-9c7e4d303d93
2019-09-20 08:46:29,731 [ForkJoinPool.commonPool-worker-1] INFO  util.JmxRegister (JmxRegister.java:unregister(73)) - Successfully un-registered JMX Bean with object name Ratis:service=RaftServer,group=group-B5F2705F2A79,id=a3bf3c1a-4063-48f8-b1bd-e321780611c4
2019-09-20 08:46:29,731 [main] INFO  impl.RoleInfo (RoleInfo.java:shutdownLeaderState(104)) - 1e702f59-a831-439b-ba97-9c7e4d303d93: shutdown LeaderState
2019-09-20 08:46:29,731 [ForkJoinPool.commonPool-worker-1] INFO  impl.RoleInfo (RoleInfo.java:shutdownLeaderState(104)) - a3bf3c1a-4063-48f8-b1bd-e321780611c4: shutdown LeaderState
2019-09-20 08:46:29,732 [main] INFO  impl.PendingRequests (PendingRequests.java:sendNotLeaderResponses(202)) - 1e702f59-a831-439b-ba97-9c7e4d303d93-PendingRequests: sendNotLeaderResponses
2019-09-20 08:46:29,732 [ForkJoinPool.commonPool-worker-1] INFO  impl.PendingRequests (PendingRequests.java:sendNotLeaderResponses(202)) - a3bf3c1a-4063-48f8-b1bd-e321780611c4-PendingRequests: sendNotLeaderResponses
2019-09-20 08:46:29,732 [main] INFO  impl.StateMachineUpdater (StateMachineUpdater.java:stopAndJoin(115)) - StateMachineUpdater:1e702f59-a831-439b-ba97-9c7e4d303d93:group-FAA3598D0869: set stopIndex = 0
2019-09-20 08:46:29,733 [ForkJoinPool.commonPool-worker-1] INFO  impl.StateMachineUpdater (StateMachineUpdater.java:stopAndJoin(115)) - StateMachineUpdater:a3bf3c1a-4063-48f8-b1bd-e321780611c4:group-B5F2705F2A79: set stopIndex = 0
2019-09-20 08:46:29,733 [main] INFO  impl.RaftServerImpl (ServerState.java:close(394)) - 1e702f59-a831-439b-ba97-9c7e4d303d93:group-FAA3598D0869 closes. The last applied log index is 0
2019-09-20 08:46:29,733 [ForkJoinPool.commonPool-worker-1] INFO  impl.RaftServerImpl (ServerState.java:close(394)) - a3bf3c1a-4063-48f8-b1bd-e321780611c4:group-B5F2705F2A79 closes. The last applied log index is 0
2019-09-20 08:46:29,734 [1e702f59-a831-439b-ba97-9c7e4d303d93-SegmentedRaftLogWorker:Storage Directory /workdir/hadoop-ozone/ozonefs/target/test-dir/MiniOzoneClusterImpl-da5888fd-c692-4355-82c4-91aa98cbf569/datanode-6/data/ratis/14455f25-1fa5-449f-8586-faa3598d0869] INFO  segmented.SegmentedRaftLogWorker (SegmentedRaftLogWorker.java:run(313)) - 1e702f59-a831-439b-ba97-9c7e4d303d93-SegmentedRaftLogWorker:Storage Directory /workdir/hadoop-ozone/ozonefs/target/test-dir/MiniOzoneClusterImpl-da5888fd-c692-4355-82c4-91aa98cbf569/datanode-6/data/ratis/14455f25-1fa5-449f-8586-faa3598d0869 was interrupted, exiting. There are 0 tasks remaining in the queue.
2019-09-20 08:46:29,734 [a3bf3c1a-4063-48f8-b1bd-e321780611c4-SegmentedRaftLogWorker:Storage Directory /workdir/hadoop-ozone/ozonefs/target/test-dir/MiniOzoneClusterImpl-da5888fd-c692-4355-82c4-91aa98cbf569/datanode-3/data/ratis/23adbd8c-4c50-456d-b21e-b5f2705f2a79] INFO  segmented.SegmentedRaftLogWorker (SegmentedRaftLogWorker.java:run(313)) - a3bf3c1a-4063-48f8-b1bd-e321780611c4-SegmentedRaftLogWorker:Storage Directory /workdir/hadoop-ozone/ozonefs/target/test-dir/MiniOzoneClusterImpl-da5888fd-c692-4355-82c4-91aa98cbf569/datanode-3/data/ratis/23adbd8c-4c50-456d-b21e-b5f2705f2a79 was interrupted, exiting. There are 0 tasks remaining in the queue.
2019-09-20 08:46:29,734 [main] INFO  segmented.SegmentedRaftLogWorker (SegmentedRaftLogWorker.java:close(228)) - 1e702f59-a831-439b-ba97-9c7e4d303d93-SegmentedRaftLogWorker:Storage Directory /workdir/hadoop-ozone/ozonefs/target/test-dir/MiniOzoneClusterImpl-da5888fd-c692-4355-82c4-91aa98cbf569/datanode-6/data/ratis/14455f25-1fa5-449f-8586-faa3598d0869 close()
2019-09-20 08:46:29,734 [ForkJoinPool.commonPool-worker-1] INFO  segmented.SegmentedRaftLogWorker (SegmentedRaftLogWorker.java:close(228)) - a3bf3c1a-4063-48f8-b1bd-e321780611c4-SegmentedRaftLogWorker:Storage Directory /workdir/hadoop-ozone/ozonefs/target/test-dir/MiniOzoneClusterImpl-da5888fd-c692-4355-82c4-91aa98cbf569/datanode-3/data/ratis/23adbd8c-4c50-456d-b21e-b5f2705f2a79 close()
2019-09-20 08:46:29,743 [main] INFO  impl.RaftServerImpl (RaftServerImpl.java:lambda$shutdown$3(245)) - 1e702f59-a831-439b-ba97-9c7e4d303d93: shutdown group-8A93CAC09A91
2019-09-20 08:46:29,744 [ForkJoinPool.commonPool-worker-1] INFO  impl.RaftServerImpl (RaftServerImpl.java:lambda$shutdown$3(245)) - a3bf3c1a-4063-48f8-b1bd-e321780611c4: shutdown group-77559C52F07A
2019-09-20 08:46:29,744 [main] INFO  util.JmxRegister (JmxRegister.java:unregister(73)) - Successfully un-registered JMX Bean with object name Ratis:service=RaftServer,group=group-8A93CAC09A91,id=1e702f59-a831-439b-ba97-9c7e4d303d93
2019-09-20 08:46:29,745 [ForkJoinPool.commonPool-worker-1] INFO  util.JmxRegister (JmxRegister.java:unregister(73)) - Successfully un-registered JMX Bean with object name Ratis:service=RaftServer,group=group-77559C52F07A,id=a3bf3c1a-4063-48f8-b1bd-e321780611c4
2019-09-20 08:46:29,745 [main] INFO  impl.RoleInfo (RoleInfo.java:shutdownLeaderState(104)) - 1e702f59-a831-439b-ba97-9c7e4d303d93: shutdown LeaderState
2019-09-20 08:46:29,745 [ForkJoinPool.commonPool-worker-1] INFO  impl.RoleInfo (RoleInfo.java:shutdownLeaderState(104)) - a3bf3c1a-4063-48f8-b1bd-e321780611c4: shutdown LeaderState
2019-09-20 08:46:29,746 [main] INFO  impl.PendingRequests (PendingRequests.java:sendNotLeaderResponses(202)) - 1e702f59-a831-439b-ba97-9c7e4d303d93-PendingRequests: sendNotLeaderResponses
2019-09-20 08:46:29,746 [ForkJoinPool.commonPool-worker-1] INFO  impl.PendingRequests (PendingRequests.java:sendNotLeaderResponses(202)) - a3bf3c1a-4063-48f8-b1bd-e321780611c4-PendingRequests: sendNotLeaderResponses
2019-09-20 08:46:29,746 [main] INFO  impl.StateMachineUpdater (StateMachineUpdater.java:stopAndJoin(115)) - StateMachineUpdater:1e702f59-a831-439b-ba97-9c7e4d303d93:group-8A93CAC09A91: set stopIndex = 0
2019-09-20 08:46:29,747 [ForkJoinPool.commonPool-worker-1] INFO  impl.StateMachineUpdater (StateMachineUpdater.java:stopAndJoin(115)) - StateMachineUpdater:a3bf3c1a-4063-48f8-b1bd-e321780611c4:group-77559C52F07A: set stopIndex = 0
2019-09-20 08:46:29,747 [main] INFO  impl.RaftServerImpl (ServerState.java:close(394)) - 1e702f59-a831-439b-ba97-9c7e4d303d93:group-8A93CAC09A91 closes. The last applied log index is 0
2019-09-20 08:46:29,747 [ForkJoinPool.commonPool-worker-1] INFO  impl.RaftServerImpl (ServerState.java:close(394)) - a3bf3c1a-4063-48f8-b1bd-e321780611c4:group-77559C52F07A closes. The last applied log index is 0
2019-09-20 08:46:29,748 [1e702f59-a831-439b-ba97-9c7e4d303d93-SegmentedRaftLogWorker:Storage Directory /workdir/hadoop-ozone/ozonefs/target/test-dir/MiniOzoneClusterImpl-da5888fd-c692-4355-82c4-91aa98cbf569/datanode-6/data/ratis/02cce341-386f-4af4-acaa-8a93cac09a91] INFO  segmented.SegmentedRaftLogWorker (SegmentedRaftLogWorker.java:run(313)) - 1e702f59-a831-439b-ba97-9c7e4d303d93-SegmentedRaftLogWorker:Storage Directory /workdir/hadoop-ozone/ozonefs/target/test-dir/MiniOzoneClusterImpl-da5888fd-c692-4355-82c4-91aa98cbf569/datanode-6/data/ratis/02cce341-386f-4af4-acaa-8a93cac09a91 was interrupted, exiting. There are 0 tasks remaining in the queue.
2019-09-20 08:46:29,748 [a3bf3c1a-4063-48f8-b1bd-e321780611c4-SegmentedRaftLogWorker:Storage Directory /workdir/hadoop-ozone/ozonefs/target/test-dir/MiniOzoneClusterImpl-da5888fd-c692-4355-82c4-91aa98cbf569/datanode-3/data/ratis/a1c2de70-bee3-4573-a4d9-77559c52f07a] INFO  segmented.SegmentedRaftLogWorker (SegmentedRaftLogWorker.java:run(313)) - a3bf3c1a-4063-48f8-b1bd-e321780611c4-SegmentedRaftLogWorker:Storage Directory /workdir/hadoop-ozone/ozonefs/target/test-dir/MiniOzoneClusterImpl-da5888fd-c692-4355-82c4-91aa98cbf569/datanode-3/data/ratis/a1c2de70-bee3-4573-a4d9-77559c52f07a was interrupted, exiting. There are 0 tasks remaining in the queue.
2019-09-20 08:46:29,749 [main] INFO  segmented.SegmentedRaftLogWorker (SegmentedRaftLogWorker.java:close(228)) - 1e702f59-a831-439b-ba97-9c7e4d303d93-SegmentedRaftLogWorker:Storage Directory /workdir/hadoop-ozone/ozonefs/target/test-dir/MiniOzoneClusterImpl-da5888fd-c692-4355-82c4-91aa98cbf569/datanode-6/data/ratis/02cce341-386f-4af4-acaa-8a93cac09a91 close()
2019-09-20 08:46:29,749 [ForkJoinPool.commonPool-worker-1] INFO  segmented.SegmentedRaftLogWorker (SegmentedRaftLogWorker.java:close(228)) - a3bf3c1a-4063-48f8-b1bd-e321780611c4-SegmentedRaftLogWorker:Storage Directory /workdir/hadoop-ozone/ozonefs/target/test-dir/MiniOzoneClusterImpl-da5888fd-c692-4355-82c4-91aa98cbf569/datanode-3/data/ratis/a1c2de70-bee3-4573-a4d9-77559c52f07a close()
2019-09-20 08:46:29,749 [main] INFO  server.GrpcService (GrpcService.java:closeImpl(155)) - 1e702f59-a831-439b-ba97-9c7e4d303d93: shutdown server with port 42450 now
2019-09-20 08:46:29,749 [ForkJoinPool.commonPool-worker-1] INFO  impl.RaftServerImpl (RaftServerImpl.java:lambda$shutdown$3(245)) - a3bf3c1a-4063-48f8-b1bd-e321780611c4: shutdown group-15EB2C36B4CC
2019-09-20 08:46:29,752 [ForkJoinPool.commonPool-worker-1] INFO  util.JmxRegister (JmxRegister.java:unregister(73)) - Successfully un-registered JMX Bean with object name Ratis:service=RaftServer,group=group-15EB2C36B4CC,id=a3bf3c1a-4063-48f8-b1bd-e321780611c4
2019-09-20 08:46:29,752 [main] INFO  server.GrpcService (GrpcService.java:closeImpl(163)) - 1e702f59-a831-439b-ba97-9c7e4d303d93: shutdown server with port 42450 successfully
2019-09-20 08:46:29,752 [ForkJoinPool.commonPool-worker-1] INFO  impl.RoleInfo (RoleInfo.java:shutdownLeaderState(104)) - a3bf3c1a-4063-48f8-b1bd-e321780611c4: shutdown LeaderState
2019-09-20 08:46:29,753 [ForkJoinPool.commonPool-worker-1] INFO  impl.PendingRequests (PendingRequests.java:sendNotLeaderResponses(202)) - a3bf3c1a-4063-48f8-b1bd-e321780611c4-PendingRequests: sendNotLeaderResponses
2019-09-20 08:46:29,753 [ForkJoinPool.commonPool-worker-1] INFO  impl.StateMachineUpdater (StateMachineUpdater.java:stopAndJoin(115)) - StateMachineUpdater:a3bf3c1a-4063-48f8-b1bd-e321780611c4:group-15EB2C36B4CC: set stopIndex = 0
2019-09-20 08:46:29,754 [ForkJoinPool.commonPool-worker-1] INFO  impl.RaftServerImpl (ServerState.java:close(394)) - a3bf3c1a-4063-48f8-b1bd-e321780611c4:group-15EB2C36B4CC closes. The last applied log index is 0
2019-09-20 08:46:29,755 [a3bf3c1a-4063-48f8-b1bd-e321780611c4-SegmentedRaftLogWorker:Storage Directory /workdir/hadoop-ozone/ozonefs/target/test-dir/MiniOzoneClusterImpl-da5888fd-c692-4355-82c4-91aa98cbf569/datanode-3/data/ratis/a3163dd6-726e-431e-9ea0-15eb2c36b4cc] INFO  segmented.SegmentedRaftLogWorker (SegmentedRaftLogWorker.java:run(313)) - a3bf3c1a-4063-48f8-b1bd-e321780611c4-SegmentedRaftLogWorker:Storage Directory /workdir/hadoop-ozone/ozonefs/target/test-dir/MiniOzoneClusterImpl-da5888fd-c692-4355-82c4-91aa98cbf569/datanode-3/data/ratis/a3163dd6-726e-431e-9ea0-15eb2c36b4cc was interrupted, exiting. There are 0 tasks remaining in the queue.
2019-09-20 08:46:29,755 [ForkJoinPool.commonPool-worker-1] INFO  segmented.SegmentedRaftLogWorker (SegmentedRaftLogWorker.java:close(228)) - a3bf3c1a-4063-48f8-b1bd-e321780611c4-SegmentedRaftLogWorker:Storage Directory /workdir/hadoop-ozone/ozonefs/target/test-dir/MiniOzoneClusterImpl-da5888fd-c692-4355-82c4-91aa98cbf569/datanode-3/data/ratis/a3163dd6-726e-431e-9ea0-15eb2c36b4cc close()
2019-09-20 08:46:29,755 [ForkJoinPool.commonPool-worker-1] INFO  server.GrpcService (GrpcService.java:closeImpl(155)) - a3bf3c1a-4063-48f8-b1bd-e321780611c4: shutdown server with port 36591 now
2019-09-20 08:46:29,757 [ForkJoinPool.commonPool-worker-1] INFO  server.GrpcService (GrpcService.java:closeImpl(163)) - a3bf3c1a-4063-48f8-b1bd-e321780611c4: shutdown server with port 36591 successfully
2019-09-20 08:46:29,766 [main] INFO  utils.BackgroundService (BackgroundService.java:shutdown(148)) - Shutting down service BlockDeletingService
2019-09-20 08:46:29,768 [refreshUsed-/workdir/hadoop-ozone/ozonefs/target/test-dir/MiniOzoneClusterImpl-da5888fd-c692-4355-82c4-91aa98cbf569/datanode-6/data/containers] WARN  fs.CachingGetSpaceUsed (CachingGetSpaceUsed.java:run(183)) - Thread Interrupted waiting to refresh disk information: sleep interrupted
2019-09-20 08:46:29,772 [ForkJoinPool.commonPool-worker-1] INFO  utils.BackgroundService (BackgroundService.java:shutdown(148)) - Shutting down service BlockDeletingService
2019-09-20 08:46:29,778 [refreshUsed-/workdir/hadoop-ozone/ozonefs/target/test-dir/MiniOzoneClusterImpl-da5888fd-c692-4355-82c4-91aa98cbf569/datanode-3/data/containers] WARN  fs.CachingGetSpaceUsed (CachingGetSpaceUsed.java:run(183)) - Thread Interrupted waiting to refresh disk information: sleep interrupted
2019-09-20 08:46:29,803 [ForkJoinPool.commonPool-worker-1] INFO  statemachine.DatanodeStateMachine (DatanodeStateMachine.java:stopDaemon(395)) - Ozone container server stopped.
2019-09-20 08:46:29,808 [ForkJoinPool.commonPool-worker-1] INFO  handler.ContextHandler (ContextHandler.java:doStop(910)) - Stopped o.e.j.w.WebAppContext@28ee882c{/,null,UNAVAILABLE}{/hddsDatanode}
2019-09-20 08:46:29,809 [ForkJoinPool.commonPool-worker-1] INFO  server.AbstractConnector (AbstractConnector.java:doStop(318)) - Stopped ServerConnector@78d73b1b{HTTP/1.1,[http/1.1]}{0.0.0.0:0}
2019-09-20 08:46:29,810 [ForkJoinPool.commonPool-worker-1] INFO  handler.ContextHandler (ContextHandler.java:doStop(910)) - Stopped o.e.j.s.ServletContextHandler@3dec3f87{/static,jar:file:/home/user/.m2/repository/org/apache/hadoop/hadoop-hdds-container-service/0.5.0-SNAPSHOT/hadoop-hdds-container-service-0.5.0-SNAPSHOT.jar!/webapps/static,UNAVAILABLE}
2019-09-20 08:46:29,814 [main] INFO  statemachine.DatanodeStateMachine (DatanodeStateMachine.java:stopDaemon(395)) - Ozone container server stopped.
2019-09-20 08:46:29,814 [ForkJoinPool.commonPool-worker-1] INFO  handler.ContextHandler (ContextHandler.java:doStop(910)) - Stopped o.e.j.s.ServletContextHandler@656842bc{/logs,file:///workdir/hadoop-ozone/ozonefs/target/log,UNAVAILABLE}
2019-09-20 08:46:29,815 [main] INFO  handler.ContextHandler (ContextHandler.java:doStop(910)) - Stopped o.e.j.w.WebAppContext@23b71d24{/,null,UNAVAILABLE}{/hddsDatanode}
2019-09-20 08:46:29,816 [ForkJoinPool.commonPool-worker-1] INFO  datanode.ObjectStoreHandler (ObjectStoreHandler.java:close(155)) - Closing ObjectStoreHandler.
2019-09-20 08:46:29,817 [main] INFO  server.AbstractConnector (AbstractConnector.java:doStop(318)) - Stopped ServerConnector@568f4faa{HTTP/1.1,[http/1.1]}{0.0.0.0:0}
2019-09-20 08:46:29,817 [ForkJoinPool.commonPool-worker-1] INFO  ozone.HddsDatanodeService (HddsDatanodeService.java:stop(451)) - Stopped plug-in org.apache.hadoop.ozone.web.OzoneHddsDatanodeService@67763ebe
2019-09-20 08:46:29,817 [main] INFO  handler.ContextHandler (ContextHandler.java:doStop(910)) - Stopped o.e.j.s.ServletContextHandler@743bb39a{/static,jar:file:/home/user/.m2/repository/org/apache/hadoop/hadoop-hdds-container-service/0.5.0-SNAPSHOT/hadoop-hdds-container-service-0.5.0-SNAPSHOT.jar!/webapps/static,UNAVAILABLE}
2019-09-20 08:46:29,818 [main] INFO  handler.ContextHandler (ContextHandler.java:doStop(910)) - Stopped o.e.j.s.ServletContextHandler@2120bed{/logs,file:///workdir/hadoop-ozone/ozonefs/target/log,UNAVAILABLE}
2019-09-20 08:46:29,819 [main] INFO  datanode.ObjectStoreHandler (ObjectStoreHandler.java:close(155)) - Closing ObjectStoreHandler.
2019-09-20 08:46:29,820 [main] INFO  ozone.HddsDatanodeService (HddsDatanodeService.java:stop(451)) - Stopped plug-in org.apache.hadoop.ozone.web.OzoneHddsDatanodeService@27db45f
2019-09-20 08:46:29,940 [Datanode State Machine Thread - 0] INFO  statemachine.DatanodeStateMachine (DatanodeStateMachine.java:lambda$startDaemon$0(350)) - Ozone container server started.
2019-09-20 08:46:29,942 | INFO  | SCMAudit | user=jenkins1000 | ip=192.168.36.79 | op=SEND_HEARTBEAT {datanodeUUID=e997423e-4090-4042-87ee-7419d4cf7365, command=[]} | ret=SUCCESS |  
2019-09-20 08:46:29,943 [Datanode State Machine Thread - 0] INFO  statemachine.DatanodeStateMachine (DatanodeStateMachine.java:lambda$startDaemon$0(350)) - Ozone container server started.
2019-09-20 08:46:29,960 | INFO  | SCMAudit | user=jenkins1000 | ip=192.168.36.79 | op=SEND_HEARTBEAT {datanodeUUID=3d9fb88f-ef2a-412e-bafc-a0084682cc47, command=[]} | ret=SUCCESS |  
2019-09-20 08:46:30,359 | INFO  | SCMAudit | user=jenkins1000 | ip=192.168.36.79 | op=SEND_HEARTBEAT {datanodeUUID=d3d24c2e-887e-42af-9ac0-80e26c3dc807, command=[]} | ret=SUCCESS |  
2019-09-20 08:46:30,469 | INFO  | SCMAudit | user=jenkins1000 | ip=192.168.36.79 | op=SEND_HEARTBEAT {datanodeUUID=3ea69b51-ea1d-40b9-a82f-433a48a46bff, command=[]} | ret=SUCCESS |  
2019-09-20 08:46:30,942 | INFO  | SCMAudit | user=jenkins1000 | ip=192.168.36.79 | op=SEND_HEARTBEAT {datanodeUUID=e997423e-4090-4042-87ee-7419d4cf7365, command=[]} | ret=SUCCESS |  
2019-09-20 08:46:30,961 | INFO  | SCMAudit | user=jenkins1000 | ip=192.168.36.79 | op=SEND_HEARTBEAT {datanodeUUID=3d9fb88f-ef2a-412e-bafc-a0084682cc47, command=[]} | ret=SUCCESS |  
2019-09-20 08:46:31,359 | INFO  | SCMAudit | user=jenkins1000 | ip=192.168.36.79 | op=SEND_HEARTBEAT {datanodeUUID=d3d24c2e-887e-42af-9ac0-80e26c3dc807, command=[]} | ret=SUCCESS |  
2019-09-20 08:46:31,469 | INFO  | SCMAudit | user=jenkins1000 | ip=192.168.36.79 | op=SEND_HEARTBEAT {datanodeUUID=3ea69b51-ea1d-40b9-a82f-433a48a46bff, command=[]} | ret=SUCCESS |  
2019-09-20 08:46:31,942 | INFO  | SCMAudit | user=jenkins1000 | ip=192.168.36.79 | op=SEND_HEARTBEAT {datanodeUUID=e997423e-4090-4042-87ee-7419d4cf7365, command=[]} | ret=SUCCESS |  
2019-09-20 08:46:31,961 | INFO  | SCMAudit | user=jenkins1000 | ip=192.168.36.79 | op=SEND_HEARTBEAT {datanodeUUID=3d9fb88f-ef2a-412e-bafc-a0084682cc47, command=[]} | ret=SUCCESS |  
2019-09-20 08:46:32,359 | INFO  | SCMAudit | user=jenkins1000 | ip=192.168.36.79 | op=SEND_HEARTBEAT {datanodeUUID=d3d24c2e-887e-42af-9ac0-80e26c3dc807, command=[]} | ret=SUCCESS |  
2019-09-20 08:46:32,469 | INFO  | SCMAudit | user=jenkins1000 | ip=192.168.36.79 | op=SEND_HEARTBEAT {datanodeUUID=3ea69b51-ea1d-40b9-a82f-433a48a46bff, command=[]} | ret=SUCCESS |  
2019-09-20 08:46:32,941 | INFO  | SCMAudit | user=jenkins1000 | ip=192.168.36.79 | op=SEND_HEARTBEAT {datanodeUUID=e997423e-4090-4042-87ee-7419d4cf7365, command=[]} | ret=SUCCESS |  
2019-09-20 08:46:32,961 | INFO  | SCMAudit | user=jenkins1000 | ip=192.168.36.79 | op=SEND_HEARTBEAT {datanodeUUID=3d9fb88f-ef2a-412e-bafc-a0084682cc47, command=[]} | ret=SUCCESS |  
2019-09-20 08:46:33,360 | INFO  | SCMAudit | user=jenkins1000 | ip=192.168.36.79 | op=SEND_HEARTBEAT {datanodeUUID=d3d24c2e-887e-42af-9ac0-80e26c3dc807, command=[]} | ret=SUCCESS |  
2019-09-20 08:46:33,469 | INFO  | SCMAudit | user=jenkins1000 | ip=192.168.36.79 | op=SEND_HEARTBEAT {datanodeUUID=3ea69b51-ea1d-40b9-a82f-433a48a46bff, command=[]} | ret=SUCCESS |  
2019-09-20 08:46:33,941 | INFO  | SCMAudit | user=jenkins1000 | ip=192.168.36.79 | op=SEND_HEARTBEAT {datanodeUUID=e997423e-4090-4042-87ee-7419d4cf7365, command=[]} | ret=SUCCESS |  
2019-09-20 08:46:33,961 | INFO  | SCMAudit | user=jenkins1000 | ip=192.168.36.79 | op=SEND_HEARTBEAT {datanodeUUID=3d9fb88f-ef2a-412e-bafc-a0084682cc47, command=[]} | ret=SUCCESS |  
2019-09-20 08:46:34,360 | INFO  | SCMAudit | user=jenkins1000 | ip=192.168.36.79 | op=SEND_HEARTBEAT {datanodeUUID=d3d24c2e-887e-42af-9ac0-80e26c3dc807, command=[]} | ret=SUCCESS |  
2019-09-20 08:46:34,470 | INFO  | SCMAudit | user=jenkins1000 | ip=192.168.36.79 | op=SEND_HEARTBEAT {datanodeUUID=3ea69b51-ea1d-40b9-a82f-433a48a46bff, command=[]} | ret=SUCCESS |  
2019-09-20 08:46:34,818 [ForkJoinPool.commonPool-worker-1] INFO  ozoneimpl.OzoneContainer (OzoneContainer.java:stop(199)) - Attempting to stop container services.
2019-09-20 08:46:34,818 [ForkJoinPool.commonPool-worker-1] INFO  impl.RaftServerProxy (RaftServerProxy.java:lambda$close$4(314)) - 4eb079c5-a63c-4d36-97af-76873864fc0c: close
2019-09-20 08:46:34,819 [ForkJoinPool.commonPool-worker-1] INFO  impl.RaftServerImpl (RaftServerImpl.java:lambda$shutdown$3(245)) - 4eb079c5-a63c-4d36-97af-76873864fc0c: shutdown group-1FC51F74EBD6
2019-09-20 08:46:34,819 [ForkJoinPool.commonPool-worker-1] INFO  util.JmxRegister (JmxRegister.java:unregister(73)) - Successfully un-registered JMX Bean with object name Ratis:service=RaftServer,group=group-1FC51F74EBD6,id=4eb079c5-a63c-4d36-97af-76873864fc0c
2019-09-20 08:46:34,819 [ForkJoinPool.commonPool-worker-1] INFO  impl.RoleInfo (RoleInfo.java:shutdownLeaderState(104)) - 4eb079c5-a63c-4d36-97af-76873864fc0c: shutdown LeaderState
2019-09-20 08:46:34,820 [ForkJoinPool.commonPool-worker-1] INFO  impl.PendingRequests (PendingRequests.java:sendNotLeaderResponses(202)) - 4eb079c5-a63c-4d36-97af-76873864fc0c-PendingRequests: sendNotLeaderResponses
2019-09-20 08:46:34,820 [ForkJoinPool.commonPool-worker-1] INFO  impl.StateMachineUpdater (StateMachineUpdater.java:stopAndJoin(115)) - StateMachineUpdater:4eb079c5-a63c-4d36-97af-76873864fc0c:group-1FC51F74EBD6: set stopIndex = 0
2019-09-20 08:46:34,821 [ForkJoinPool.commonPool-worker-1] INFO  impl.RaftServerImpl (ServerState.java:close(394)) - 4eb079c5-a63c-4d36-97af-76873864fc0c:group-1FC51F74EBD6 closes. The last applied log index is 0
2019-09-20 08:46:34,820 [main] INFO  ozoneimpl.OzoneContainer (OzoneContainer.java:stop(199)) - Attempting to stop container services.
2019-09-20 08:46:34,821 [4eb079c5-a63c-4d36-97af-76873864fc0c-SegmentedRaftLogWorker:Storage Directory /workdir/hadoop-ozone/ozonefs/target/test-dir/MiniOzoneClusterImpl-da5888fd-c692-4355-82c4-91aa98cbf569/datanode-4/data/ratis/931d97db-3b86-4ce6-acd5-1fc51f74ebd6] INFO  segmented.SegmentedRaftLogWorker (SegmentedRaftLogWorker.java:run(313)) - 4eb079c5-a63c-4d36-97af-76873864fc0c-SegmentedRaftLogWorker:Storage Directory /workdir/hadoop-ozone/ozonefs/target/test-dir/MiniOzoneClusterImpl-da5888fd-c692-4355-82c4-91aa98cbf569/datanode-4/data/ratis/931d97db-3b86-4ce6-acd5-1fc51f74ebd6 was interrupted, exiting. There are 0 tasks remaining in the queue.
2019-09-20 08:46:34,822 [main] INFO  impl.RaftServerProxy (RaftServerProxy.java:lambda$close$4(314)) - 735a34e4-c7c4-465a-a71d-fefc6390b8eb: close
2019-09-20 08:46:34,822 [ForkJoinPool.commonPool-worker-1] INFO  segmented.SegmentedRaftLogWorker (SegmentedRaftLogWorker.java:close(228)) - 4eb079c5-a63c-4d36-97af-76873864fc0c-SegmentedRaftLogWorker:Storage Directory /workdir/hadoop-ozone/ozonefs/target/test-dir/MiniOzoneClusterImpl-da5888fd-c692-4355-82c4-91aa98cbf569/datanode-4/data/ratis/931d97db-3b86-4ce6-acd5-1fc51f74ebd6 close()
2019-09-20 08:46:34,822 [main] INFO  impl.RaftServerImpl (RaftServerImpl.java:lambda$shutdown$3(245)) - 735a34e4-c7c4-465a-a71d-fefc6390b8eb: shutdown group-61E298850767
2019-09-20 08:46:34,823 [ForkJoinPool.commonPool-worker-1] INFO  impl.RaftServerImpl (RaftServerImpl.java:lambda$shutdown$3(245)) - 4eb079c5-a63c-4d36-97af-76873864fc0c: shutdown group-2F835641E307
2019-09-20 08:46:34,823 [main] INFO  util.JmxRegister (JmxRegister.java:unregister(73)) - Successfully un-registered JMX Bean with object name Ratis:service=RaftServer,group=group-61E298850767,id=735a34e4-c7c4-465a-a71d-fefc6390b8eb
2019-09-20 08:46:34,824 [ForkJoinPool.commonPool-worker-1] INFO  util.JmxRegister (JmxRegister.java:unregister(73)) - Successfully un-registered JMX Bean with object name Ratis:service=RaftServer,group=group-2F835641E307,id=4eb079c5-a63c-4d36-97af-76873864fc0c
2019-09-20 08:46:34,824 [main] INFO  impl.RoleInfo (RoleInfo.java:shutdownLeaderState(104)) - 735a34e4-c7c4-465a-a71d-fefc6390b8eb: shutdown LeaderState
2019-09-20 08:46:34,824 [ForkJoinPool.commonPool-worker-1] INFO  impl.RoleInfo (RoleInfo.java:shutdownLeaderState(104)) - 4eb079c5-a63c-4d36-97af-76873864fc0c: shutdown LeaderState
2019-09-20 08:46:34,825 [main] INFO  impl.PendingRequests (PendingRequests.java:sendNotLeaderResponses(202)) - 735a34e4-c7c4-465a-a71d-fefc6390b8eb-PendingRequests: sendNotLeaderResponses
2019-09-20 08:46:34,825 [ForkJoinPool.commonPool-worker-1] INFO  impl.PendingRequests (PendingRequests.java:sendNotLeaderResponses(202)) - 4eb079c5-a63c-4d36-97af-76873864fc0c-PendingRequests: sendNotLeaderResponses
2019-09-20 08:46:34,826 [main] INFO  impl.StateMachineUpdater (StateMachineUpdater.java:stopAndJoin(115)) - StateMachineUpdater:735a34e4-c7c4-465a-a71d-fefc6390b8eb:group-61E298850767: set stopIndex = 0
2019-09-20 08:46:34,826 [ForkJoinPool.commonPool-worker-1] INFO  impl.StateMachineUpdater (StateMachineUpdater.java:stopAndJoin(115)) - StateMachineUpdater:4eb079c5-a63c-4d36-97af-76873864fc0c:group-2F835641E307: set stopIndex = 0
2019-09-20 08:46:34,827 [ForkJoinPool.commonPool-worker-1] INFO  impl.RaftServerImpl (ServerState.java:close(394)) - 4eb079c5-a63c-4d36-97af-76873864fc0c:group-2F835641E307 closes. The last applied log index is 0
2019-09-20 08:46:34,826 [main] INFO  impl.RaftServerImpl (ServerState.java:close(394)) - 735a34e4-c7c4-465a-a71d-fefc6390b8eb:group-61E298850767 closes. The last applied log index is 0
2019-09-20 08:46:34,827 [4eb079c5-a63c-4d36-97af-76873864fc0c-SegmentedRaftLogWorker:Storage Directory /workdir/hadoop-ozone/ozonefs/target/test-dir/MiniOzoneClusterImpl-da5888fd-c692-4355-82c4-91aa98cbf569/datanode-4/data/ratis/e2203aee-2f19-4056-a3e3-2f835641e307] INFO  segmented.SegmentedRaftLogWorker (SegmentedRaftLogWorker.java:run(313)) - 4eb079c5-a63c-4d36-97af-76873864fc0c-SegmentedRaftLogWorker:Storage Directory /workdir/hadoop-ozone/ozonefs/target/test-dir/MiniOzoneClusterImpl-da5888fd-c692-4355-82c4-91aa98cbf569/datanode-4/data/ratis/e2203aee-2f19-4056-a3e3-2f835641e307 was interrupted, exiting. There are 0 tasks remaining in the queue.
2019-09-20 08:46:34,828 [735a34e4-c7c4-465a-a71d-fefc6390b8eb-SegmentedRaftLogWorker:Storage Directory /workdir/hadoop-ozone/ozonefs/target/test-dir/MiniOzoneClusterImpl-da5888fd-c692-4355-82c4-91aa98cbf569/datanode-8/data/ratis/2c9fbc1c-1866-4e20-9112-61e298850767] INFO  segmented.SegmentedRaftLogWorker (SegmentedRaftLogWorker.java:run(313)) - 735a34e4-c7c4-465a-a71d-fefc6390b8eb-SegmentedRaftLogWorker:Storage Directory /workdir/hadoop-ozone/ozonefs/target/test-dir/MiniOzoneClusterImpl-da5888fd-c692-4355-82c4-91aa98cbf569/datanode-8/data/ratis/2c9fbc1c-1866-4e20-9112-61e298850767 was interrupted, exiting. There are 0 tasks remaining in the queue.
2019-09-20 08:46:34,834 [main] INFO  segmented.SegmentedRaftLogWorker (SegmentedRaftLogWorker.java:close(228)) - 735a34e4-c7c4-465a-a71d-fefc6390b8eb-SegmentedRaftLogWorker:Storage Directory /workdir/hadoop-ozone/ozonefs/target/test-dir/MiniOzoneClusterImpl-da5888fd-c692-4355-82c4-91aa98cbf569/datanode-8/data/ratis/2c9fbc1c-1866-4e20-9112-61e298850767 close()
2019-09-20 08:46:34,834 [ForkJoinPool.commonPool-worker-1] INFO  segmented.SegmentedRaftLogWorker (SegmentedRaftLogWorker.java:close(228)) - 4eb079c5-a63c-4d36-97af-76873864fc0c-SegmentedRaftLogWorker:Storage Directory /workdir/hadoop-ozone/ozonefs/target/test-dir/MiniOzoneClusterImpl-da5888fd-c692-4355-82c4-91aa98cbf569/datanode-4/data/ratis/e2203aee-2f19-4056-a3e3-2f835641e307 close()
2019-09-20 08:46:34,834 [main] INFO  impl.RaftServerImpl (RaftServerImpl.java:lambda$shutdown$3(245)) - 735a34e4-c7c4-465a-a71d-fefc6390b8eb: shutdown group-4FB6C01B08C4
2019-09-20 08:46:34,835 [ForkJoinPool.commonPool-worker-1] INFO  impl.RaftServerImpl (RaftServerImpl.java:lambda$shutdown$3(245)) - 4eb079c5-a63c-4d36-97af-76873864fc0c: shutdown group-CBFA0DE0E68D
2019-09-20 08:46:34,835 [main] INFO  util.JmxRegister (JmxRegister.java:unregister(73)) - Successfully un-registered JMX Bean with object name Ratis:service=RaftServer,group=group-4FB6C01B08C4,id=735a34e4-c7c4-465a-a71d-fefc6390b8eb
2019-09-20 08:46:34,836 [ForkJoinPool.commonPool-worker-1] INFO  util.JmxRegister (JmxRegister.java:unregister(73)) - Successfully un-registered JMX Bean with object name Ratis:service=RaftServer,group=group-CBFA0DE0E68D,id=4eb079c5-a63c-4d36-97af-76873864fc0c
2019-09-20 08:46:34,836 [main] INFO  impl.RoleInfo (RoleInfo.java:shutdownLeaderState(104)) - 735a34e4-c7c4-465a-a71d-fefc6390b8eb: shutdown LeaderState
2019-09-20 08:46:34,836 [ForkJoinPool.commonPool-worker-1] INFO  impl.RoleInfo (RoleInfo.java:shutdownLeaderState(104)) - 4eb079c5-a63c-4d36-97af-76873864fc0c: shutdown LeaderState
2019-09-20 08:46:34,837 [main] INFO  impl.PendingRequests (PendingRequests.java:sendNotLeaderResponses(202)) - 735a34e4-c7c4-465a-a71d-fefc6390b8eb-PendingRequests: sendNotLeaderResponses
2019-09-20 08:46:34,837 [ForkJoinPool.commonPool-worker-1] INFO  impl.PendingRequests (PendingRequests.java:sendNotLeaderResponses(202)) - 4eb079c5-a63c-4d36-97af-76873864fc0c-PendingRequests: sendNotLeaderResponses
2019-09-20 08:46:34,837 [main] INFO  impl.StateMachineUpdater (StateMachineUpdater.java:stopAndJoin(115)) - StateMachineUpdater:735a34e4-c7c4-465a-a71d-fefc6390b8eb:group-4FB6C01B08C4: set stopIndex = 0
2019-09-20 08:46:34,838 [ForkJoinPool.commonPool-worker-1] INFO  impl.StateMachineUpdater (StateMachineUpdater.java:stopAndJoin(115)) - StateMachineUpdater:4eb079c5-a63c-4d36-97af-76873864fc0c:group-CBFA0DE0E68D: set stopIndex = 0
2019-09-20 08:46:34,838 [main] INFO  impl.RaftServerImpl (ServerState.java:close(394)) - 735a34e4-c7c4-465a-a71d-fefc6390b8eb:group-4FB6C01B08C4 closes. The last applied log index is 0
2019-09-20 08:46:34,838 [ForkJoinPool.commonPool-worker-1] INFO  impl.RaftServerImpl (ServerState.java:close(394)) - 4eb079c5-a63c-4d36-97af-76873864fc0c:group-CBFA0DE0E68D closes. The last applied log index is 0
2019-09-20 08:46:34,839 [735a34e4-c7c4-465a-a71d-fefc6390b8eb-SegmentedRaftLogWorker:Storage Directory /workdir/hadoop-ozone/ozonefs/target/test-dir/MiniOzoneClusterImpl-da5888fd-c692-4355-82c4-91aa98cbf569/datanode-8/data/ratis/a4dbe4a0-86ac-4e2d-8e91-4fb6c01b08c4] INFO  segmented.SegmentedRaftLogWorker (SegmentedRaftLogWorker.java:run(313)) - 735a34e4-c7c4-465a-a71d-fefc6390b8eb-SegmentedRaftLogWorker:Storage Directory /workdir/hadoop-ozone/ozonefs/target/test-dir/MiniOzoneClusterImpl-da5888fd-c692-4355-82c4-91aa98cbf569/datanode-8/data/ratis/a4dbe4a0-86ac-4e2d-8e91-4fb6c01b08c4 was interrupted, exiting. There are 0 tasks remaining in the queue.
2019-09-20 08:46:34,839 [main] INFO  segmented.SegmentedRaftLogWorker (SegmentedRaftLogWorker.java:close(228)) - 735a34e4-c7c4-465a-a71d-fefc6390b8eb-SegmentedRaftLogWorker:Storage Directory /workdir/hadoop-ozone/ozonefs/target/test-dir/MiniOzoneClusterImpl-da5888fd-c692-4355-82c4-91aa98cbf569/datanode-8/data/ratis/a4dbe4a0-86ac-4e2d-8e91-4fb6c01b08c4 close()
2019-09-20 08:46:34,839 [4eb079c5-a63c-4d36-97af-76873864fc0c-SegmentedRaftLogWorker:Storage Directory /workdir/hadoop-ozone/ozonefs/target/test-dir/MiniOzoneClusterImpl-da5888fd-c692-4355-82c4-91aa98cbf569/datanode-4/data/ratis/036416f8-e1c5-4efb-bd8e-cbfa0de0e68d] INFO  segmented.SegmentedRaftLogWorker (SegmentedRaftLogWorker.java:run(313)) - 4eb079c5-a63c-4d36-97af-76873864fc0c-SegmentedRaftLogWorker:Storage Directory /workdir/hadoop-ozone/ozonefs/target/test-dir/MiniOzoneClusterImpl-da5888fd-c692-4355-82c4-91aa98cbf569/datanode-4/data/ratis/036416f8-e1c5-4efb-bd8e-cbfa0de0e68d was interrupted, exiting. There are 0 tasks remaining in the queue.
2019-09-20 08:46:34,840 [main] INFO  impl.RaftServerImpl (RaftServerImpl.java:lambda$shutdown$3(245)) - 735a34e4-c7c4-465a-a71d-fefc6390b8eb: shutdown group-51192A19969A
2019-09-20 08:46:34,840 [ForkJoinPool.commonPool-worker-1] INFO  segmented.SegmentedRaftLogWorker (SegmentedRaftLogWorker.java:close(228)) - 4eb079c5-a63c-4d36-97af-76873864fc0c-SegmentedRaftLogWorker:Storage Directory /workdir/hadoop-ozone/ozonefs/target/test-dir/MiniOzoneClusterImpl-da5888fd-c692-4355-82c4-91aa98cbf569/datanode-4/data/ratis/036416f8-e1c5-4efb-bd8e-cbfa0de0e68d close()
2019-09-20 08:46:34,840 [main] INFO  util.JmxRegister (JmxRegister.java:unregister(73)) - Successfully un-registered JMX Bean with object name Ratis:service=RaftServer,group=group-51192A19969A,id=735a34e4-c7c4-465a-a71d-fefc6390b8eb
2019-09-20 08:46:34,841 [main] INFO  impl.RoleInfo (RoleInfo.java:shutdownLeaderState(104)) - 735a34e4-c7c4-465a-a71d-fefc6390b8eb: shutdown LeaderState
2019-09-20 08:46:34,841 [ForkJoinPool.commonPool-worker-1] INFO  impl.RaftServerImpl (RaftServerImpl.java:lambda$shutdown$3(245)) - 4eb079c5-a63c-4d36-97af-76873864fc0c: shutdown group-80EC9F1620ED
2019-09-20 08:46:34,842 [main] INFO  impl.PendingRequests (PendingRequests.java:sendNotLeaderResponses(202)) - 735a34e4-c7c4-465a-a71d-fefc6390b8eb-PendingRequests: sendNotLeaderResponses
2019-09-20 08:46:34,842 [ForkJoinPool.commonPool-worker-1] INFO  util.JmxRegister (JmxRegister.java:unregister(73)) - Successfully un-registered JMX Bean with object name Ratis:service=RaftServer,group=group-80EC9F1620ED,id=4eb079c5-a63c-4d36-97af-76873864fc0c
2019-09-20 08:46:34,842 [main] INFO  impl.StateMachineUpdater (StateMachineUpdater.java:stopAndJoin(115)) - StateMachineUpdater:735a34e4-c7c4-465a-a71d-fefc6390b8eb:group-51192A19969A: set stopIndex = 0
2019-09-20 08:46:34,843 [main] INFO  impl.RaftServerImpl (ServerState.java:close(394)) - 735a34e4-c7c4-465a-a71d-fefc6390b8eb:group-51192A19969A closes. The last applied log index is 0
2019-09-20 08:46:34,843 [ForkJoinPool.commonPool-worker-1] INFO  impl.RoleInfo (RoleInfo.java:shutdownLeaderState(104)) - 4eb079c5-a63c-4d36-97af-76873864fc0c: shutdown LeaderState
2019-09-20 08:46:34,844 [735a34e4-c7c4-465a-a71d-fefc6390b8eb-SegmentedRaftLogWorker:Storage Directory /workdir/hadoop-ozone/ozonefs/target/test-dir/MiniOzoneClusterImpl-da5888fd-c692-4355-82c4-91aa98cbf569/datanode-8/data/ratis/4400b821-6cbc-42b9-9432-51192a19969a] INFO  segmented.SegmentedRaftLogWorker (SegmentedRaftLogWorker.java:run(313)) - 735a34e4-c7c4-465a-a71d-fefc6390b8eb-SegmentedRaftLogWorker:Storage Directory /workdir/hadoop-ozone/ozonefs/target/test-dir/MiniOzoneClusterImpl-da5888fd-c692-4355-82c4-91aa98cbf569/datanode-8/data/ratis/4400b821-6cbc-42b9-9432-51192a19969a was interrupted, exiting. There are 0 tasks remaining in the queue.
2019-09-20 08:46:34,844 [ForkJoinPool.commonPool-worker-1] INFO  impl.PendingRequests (PendingRequests.java:sendNotLeaderResponses(202)) - 4eb079c5-a63c-4d36-97af-76873864fc0c-PendingRequests: sendNotLeaderResponses
2019-09-20 08:46:34,844 [main] INFO  segmented.SegmentedRaftLogWorker (SegmentedRaftLogWorker.java:close(228)) - 735a34e4-c7c4-465a-a71d-fefc6390b8eb-SegmentedRaftLogWorker:Storage Directory /workdir/hadoop-ozone/ozonefs/target/test-dir/MiniOzoneClusterImpl-da5888fd-c692-4355-82c4-91aa98cbf569/datanode-8/data/ratis/4400b821-6cbc-42b9-9432-51192a19969a close()
2019-09-20 08:46:34,845 [ForkJoinPool.commonPool-worker-1] INFO  impl.StateMachineUpdater (StateMachineUpdater.java:stopAndJoin(115)) - StateMachineUpdater:4eb079c5-a63c-4d36-97af-76873864fc0c:group-80EC9F1620ED: set stopIndex = 0
2019-09-20 08:46:34,845 [main] INFO  impl.RaftServerImpl (RaftServerImpl.java:lambda$shutdown$3(245)) - 735a34e4-c7c4-465a-a71d-fefc6390b8eb: shutdown group-A9BE5EA3D69F
2019-09-20 08:46:34,845 [ForkJoinPool.commonPool-worker-1] INFO  impl.RaftServerImpl (ServerState.java:close(394)) - 4eb079c5-a63c-4d36-97af-76873864fc0c:group-80EC9F1620ED closes. The last applied log index is 0
2019-09-20 08:46:34,846 [main] INFO  util.JmxRegister (JmxRegister.java:unregister(73)) - Successfully un-registered JMX Bean with object name Ratis:service=RaftServer,group=group-A9BE5EA3D69F,id=735a34e4-c7c4-465a-a71d-fefc6390b8eb
2019-09-20 08:46:34,846 [4eb079c5-a63c-4d36-97af-76873864fc0c-SegmentedRaftLogWorker:Storage Directory /workdir/hadoop-ozone/ozonefs/target/test-dir/MiniOzoneClusterImpl-da5888fd-c692-4355-82c4-91aa98cbf569/datanode-4/data/ratis/c99d7d8c-de2e-4560-aaa3-80ec9f1620ed] INFO  segmented.SegmentedRaftLogWorker (SegmentedRaftLogWorker.java:run(313)) - 4eb079c5-a63c-4d36-97af-76873864fc0c-SegmentedRaftLogWorker:Storage Directory /workdir/hadoop-ozone/ozonefs/target/test-dir/MiniOzoneClusterImpl-da5888fd-c692-4355-82c4-91aa98cbf569/datanode-4/data/ratis/c99d7d8c-de2e-4560-aaa3-80ec9f1620ed was interrupted, exiting. There are 0 tasks remaining in the queue.
2019-09-20 08:46:34,846 [main] INFO  impl.RoleInfo (RoleInfo.java:shutdownLeaderState(104)) - 735a34e4-c7c4-465a-a71d-fefc6390b8eb: shutdown LeaderState
2019-09-20 08:46:34,847 [ForkJoinPool.commonPool-worker-1] INFO  segmented.SegmentedRaftLogWorker (SegmentedRaftLogWorker.java:close(228)) - 4eb079c5-a63c-4d36-97af-76873864fc0c-SegmentedRaftLogWorker:Storage Directory /workdir/hadoop-ozone/ozonefs/target/test-dir/MiniOzoneClusterImpl-da5888fd-c692-4355-82c4-91aa98cbf569/datanode-4/data/ratis/c99d7d8c-de2e-4560-aaa3-80ec9f1620ed close()
2019-09-20 08:46:34,847 [main] INFO  impl.PendingRequests (PendingRequests.java:sendNotLeaderResponses(202)) - 735a34e4-c7c4-465a-a71d-fefc6390b8eb-PendingRequests: sendNotLeaderResponses
2019-09-20 08:46:34,847 [ForkJoinPool.commonPool-worker-1] INFO  impl.RaftServerImpl (RaftServerImpl.java:lambda$shutdown$3(245)) - 4eb079c5-a63c-4d36-97af-76873864fc0c: shutdown group-0F962510B63A
2019-09-20 08:46:34,848 [main] INFO  impl.StateMachineUpdater (StateMachineUpdater.java:stopAndJoin(115)) - StateMachineUpdater:735a34e4-c7c4-465a-a71d-fefc6390b8eb:group-A9BE5EA3D69F: set stopIndex = 0
2019-09-20 08:46:34,848 [main] INFO  impl.RaftServerImpl (ServerState.java:close(394)) - 735a34e4-c7c4-465a-a71d-fefc6390b8eb:group-A9BE5EA3D69F closes. The last applied log index is 0
2019-09-20 08:46:34,848 [ForkJoinPool.commonPool-worker-1] INFO  util.JmxRegister (JmxRegister.java:unregister(73)) - Successfully un-registered JMX Bean with object name Ratis:service=RaftServer,group=group-0F962510B63A,id=4eb079c5-a63c-4d36-97af-76873864fc0c
2019-09-20 08:46:34,849 [735a34e4-c7c4-465a-a71d-fefc6390b8eb-SegmentedRaftLogWorker:Storage Directory /workdir/hadoop-ozone/ozonefs/target/test-dir/MiniOzoneClusterImpl-da5888fd-c692-4355-82c4-91aa98cbf569/datanode-8/data/ratis/27b66b38-09a8-417b-bb32-a9be5ea3d69f] INFO  segmented.SegmentedRaftLogWorker (SegmentedRaftLogWorker.java:run(313)) - 735a34e4-c7c4-465a-a71d-fefc6390b8eb-SegmentedRaftLogWorker:Storage Directory /workdir/hadoop-ozone/ozonefs/target/test-dir/MiniOzoneClusterImpl-da5888fd-c692-4355-82c4-91aa98cbf569/datanode-8/data/ratis/27b66b38-09a8-417b-bb32-a9be5ea3d69f was interrupted, exiting. There are 0 tasks remaining in the queue.
2019-09-20 08:46:34,849 [ForkJoinPool.commonPool-worker-1] INFO  impl.RoleInfo (RoleInfo.java:shutdownLeaderState(104)) - 4eb079c5-a63c-4d36-97af-76873864fc0c: shutdown LeaderState
2019-09-20 08:46:34,849 [main] INFO  segmented.SegmentedRaftLogWorker (SegmentedRaftLogWorker.java:close(228)) - 735a34e4-c7c4-465a-a71d-fefc6390b8eb-SegmentedRaftLogWorker:Storage Directory /workdir/hadoop-ozone/ozonefs/target/test-dir/MiniOzoneClusterImpl-da5888fd-c692-4355-82c4-91aa98cbf569/datanode-8/data/ratis/27b66b38-09a8-417b-bb32-a9be5ea3d69f close()
2019-09-20 08:46:34,850 [ForkJoinPool.commonPool-worker-1] INFO  impl.PendingRequests (PendingRequests.java:sendNotLeaderResponses(202)) - 4eb079c5-a63c-4d36-97af-76873864fc0c-PendingRequests: sendNotLeaderResponses
2019-09-20 08:46:34,850 [main] INFO  impl.RaftServerImpl (RaftServerImpl.java:lambda$shutdown$3(245)) - 735a34e4-c7c4-465a-a71d-fefc6390b8eb: shutdown group-5AE50400B914
2019-09-20 08:46:34,850 [ForkJoinPool.commonPool-worker-1] INFO  impl.StateMachineUpdater (StateMachineUpdater.java:stopAndJoin(115)) - StateMachineUpdater:4eb079c5-a63c-4d36-97af-76873864fc0c:group-0F962510B63A: set stopIndex = 0
2019-09-20 08:46:34,851 [main] INFO  util.JmxRegister (JmxRegister.java:unregister(73)) - Successfully un-registered JMX Bean with object name Ratis:service=RaftServer,group=group-5AE50400B914,id=735a34e4-c7c4-465a-a71d-fefc6390b8eb
2019-09-20 08:46:34,851 [ForkJoinPool.commonPool-worker-1] INFO  impl.RaftServerImpl (ServerState.java:close(394)) - 4eb079c5-a63c-4d36-97af-76873864fc0c:group-0F962510B63A closes. The last applied log index is 0
2019-09-20 08:46:34,851 [main] INFO  impl.RoleInfo (RoleInfo.java:shutdownLeaderState(104)) - 735a34e4-c7c4-465a-a71d-fefc6390b8eb: shutdown LeaderState
2019-09-20 08:46:34,852 [4eb079c5-a63c-4d36-97af-76873864fc0c-SegmentedRaftLogWorker:Storage Directory /workdir/hadoop-ozone/ozonefs/target/test-dir/MiniOzoneClusterImpl-da5888fd-c692-4355-82c4-91aa98cbf569/datanode-4/data/ratis/4182a1a2-d52c-4a56-9a58-0f962510b63a] INFO  segmented.SegmentedRaftLogWorker (SegmentedRaftLogWorker.java:run(313)) - 4eb079c5-a63c-4d36-97af-76873864fc0c-SegmentedRaftLogWorker:Storage Directory /workdir/hadoop-ozone/ozonefs/target/test-dir/MiniOzoneClusterImpl-da5888fd-c692-4355-82c4-91aa98cbf569/datanode-4/data/ratis/4182a1a2-d52c-4a56-9a58-0f962510b63a was interrupted, exiting. There are 0 tasks remaining in the queue.
2019-09-20 08:46:34,852 [main] INFO  impl.PendingRequests (PendingRequests.java:sendNotLeaderResponses(202)) - 735a34e4-c7c4-465a-a71d-fefc6390b8eb-PendingRequests: sendNotLeaderResponses
2019-09-20 08:46:34,852 [ForkJoinPool.commonPool-worker-1] INFO  segmented.SegmentedRaftLogWorker (SegmentedRaftLogWorker.java:close(228)) - 4eb079c5-a63c-4d36-97af-76873864fc0c-SegmentedRaftLogWorker:Storage Directory /workdir/hadoop-ozone/ozonefs/target/test-dir/MiniOzoneClusterImpl-da5888fd-c692-4355-82c4-91aa98cbf569/datanode-4/data/ratis/4182a1a2-d52c-4a56-9a58-0f962510b63a close()
2019-09-20 08:46:34,853 [main] INFO  impl.StateMachineUpdater (StateMachineUpdater.java:stopAndJoin(115)) - StateMachineUpdater:735a34e4-c7c4-465a-a71d-fefc6390b8eb:group-5AE50400B914: set stopIndex = 0
2019-09-20 08:46:34,853 [ForkJoinPool.commonPool-worker-1] INFO  impl.RaftServerImpl (RaftServerImpl.java:lambda$shutdown$3(245)) - 4eb079c5-a63c-4d36-97af-76873864fc0c: shutdown group-B995D4F985ED
2019-09-20 08:46:34,853 [main] INFO  impl.RaftServerImpl (ServerState.java:close(394)) - 735a34e4-c7c4-465a-a71d-fefc6390b8eb:group-5AE50400B914 closes. The last applied log index is 0
2019-09-20 08:46:34,854 [ForkJoinPool.commonPool-worker-1] INFO  util.JmxRegister (JmxRegister.java:unregister(73)) - Successfully un-registered JMX Bean with object name Ratis:service=RaftServer,group=group-B995D4F985ED,id=4eb079c5-a63c-4d36-97af-76873864fc0c
2019-09-20 08:46:34,854 [735a34e4-c7c4-465a-a71d-fefc6390b8eb-SegmentedRaftLogWorker:Storage Directory /workdir/hadoop-ozone/ozonefs/target/test-dir/MiniOzoneClusterImpl-da5888fd-c692-4355-82c4-91aa98cbf569/datanode-8/data/ratis/8449f226-0689-4345-89dc-5ae50400b914] INFO  segmented.SegmentedRaftLogWorker (SegmentedRaftLogWorker.java:run(313)) - 735a34e4-c7c4-465a-a71d-fefc6390b8eb-SegmentedRaftLogWorker:Storage Directory /workdir/hadoop-ozone/ozonefs/target/test-dir/MiniOzoneClusterImpl-da5888fd-c692-4355-82c4-91aa98cbf569/datanode-8/data/ratis/8449f226-0689-4345-89dc-5ae50400b914 was interrupted, exiting. There are 0 tasks remaining in the queue.
2019-09-20 08:46:34,854 [ForkJoinPool.commonPool-worker-1] INFO  impl.RoleInfo (RoleInfo.java:shutdownLeaderState(104)) - 4eb079c5-a63c-4d36-97af-76873864fc0c: shutdown LeaderState
2019-09-20 08:46:34,855 [main] INFO  segmented.SegmentedRaftLogWorker (SegmentedRaftLogWorker.java:close(228)) - 735a34e4-c7c4-465a-a71d-fefc6390b8eb-SegmentedRaftLogWorker:Storage Directory /workdir/hadoop-ozone/ozonefs/target/test-dir/MiniOzoneClusterImpl-da5888fd-c692-4355-82c4-91aa98cbf569/datanode-8/data/ratis/8449f226-0689-4345-89dc-5ae50400b914 close()
2019-09-20 08:46:34,855 [ForkJoinPool.commonPool-worker-1] INFO  impl.PendingRequests (PendingRequests.java:sendNotLeaderResponses(202)) - 4eb079c5-a63c-4d36-97af-76873864fc0c-PendingRequests: sendNotLeaderResponses
2019-09-20 08:46:34,855 [main] INFO  impl.RaftServerImpl (RaftServerImpl.java:lambda$shutdown$3(245)) - 735a34e4-c7c4-465a-a71d-fefc6390b8eb: shutdown group-48F26724C4FE
2019-09-20 08:46:34,855 [ForkJoinPool.commonPool-worker-1] INFO  impl.StateMachineUpdater (StateMachineUpdater.java:stopAndJoin(115)) - StateMachineUpdater:4eb079c5-a63c-4d36-97af-76873864fc0c:group-B995D4F985ED: set stopIndex = 0
2019-09-20 08:46:34,856 [main] INFO  util.JmxRegister (JmxRegister.java:unregister(73)) - Successfully un-registered JMX Bean with object name Ratis:service=RaftServer,group=group-48F26724C4FE,id=735a34e4-c7c4-465a-a71d-fefc6390b8eb
2019-09-20 08:46:34,856 [ForkJoinPool.commonPool-worker-1] INFO  impl.RaftServerImpl (ServerState.java:close(394)) - 4eb079c5-a63c-4d36-97af-76873864fc0c:group-B995D4F985ED closes. The last applied log index is 0
2019-09-20 08:46:34,856 [main] INFO  impl.RoleInfo (RoleInfo.java:shutdownLeaderState(104)) - 735a34e4-c7c4-465a-a71d-fefc6390b8eb: shutdown LeaderState
2019-09-20 08:46:34,857 [4eb079c5-a63c-4d36-97af-76873864fc0c-SegmentedRaftLogWorker:Storage Directory /workdir/hadoop-ozone/ozonefs/target/test-dir/MiniOzoneClusterImpl-da5888fd-c692-4355-82c4-91aa98cbf569/datanode-4/data/ratis/27547c53-2d26-4067-b679-b995d4f985ed] INFO  segmented.SegmentedRaftLogWorker (SegmentedRaftLogWorker.java:run(313)) - 4eb079c5-a63c-4d36-97af-76873864fc0c-SegmentedRaftLogWorker:Storage Directory /workdir/hadoop-ozone/ozonefs/target/test-dir/MiniOzoneClusterImpl-da5888fd-c692-4355-82c4-91aa98cbf569/datanode-4/data/ratis/27547c53-2d26-4067-b679-b995d4f985ed was interrupted, exiting. There are 0 tasks remaining in the queue.
2019-09-20 08:46:34,857 [main] INFO  impl.PendingRequests (PendingRequests.java:sendNotLeaderResponses(202)) - 735a34e4-c7c4-465a-a71d-fefc6390b8eb-PendingRequests: sendNotLeaderResponses
2019-09-20 08:46:34,857 [ForkJoinPool.commonPool-worker-1] INFO  segmented.SegmentedRaftLogWorker (SegmentedRaftLogWorker.java:close(228)) - 4eb079c5-a63c-4d36-97af-76873864fc0c-SegmentedRaftLogWorker:Storage Directory /workdir/hadoop-ozone/ozonefs/target/test-dir/MiniOzoneClusterImpl-da5888fd-c692-4355-82c4-91aa98cbf569/datanode-4/data/ratis/27547c53-2d26-4067-b679-b995d4f985ed close()
2019-09-20 08:46:34,858 [main] INFO  impl.StateMachineUpdater (StateMachineUpdater.java:stopAndJoin(115)) - StateMachineUpdater:735a34e4-c7c4-465a-a71d-fefc6390b8eb:group-48F26724C4FE: set stopIndex = 0
2019-09-20 08:46:34,858 [ForkJoinPool.commonPool-worker-1] INFO  server.GrpcService (GrpcService.java:closeImpl(155)) - 4eb079c5-a63c-4d36-97af-76873864fc0c: shutdown server with port 36098 now
2019-09-20 08:46:34,858 [main] INFO  impl.RaftServerImpl (ServerState.java:close(394)) - 735a34e4-c7c4-465a-a71d-fefc6390b8eb:group-48F26724C4FE closes. The last applied log index is 0
2019-09-20 08:46:34,862 [735a34e4-c7c4-465a-a71d-fefc6390b8eb-SegmentedRaftLogWorker:Storage Directory /workdir/hadoop-ozone/ozonefs/target/test-dir/MiniOzoneClusterImpl-da5888fd-c692-4355-82c4-91aa98cbf569/datanode-8/data/ratis/88c0a86a-0729-43bb-b9ff-48f26724c4fe] INFO  segmented.SegmentedRaftLogWorker (SegmentedRaftLogWorker.java:run(313)) - 735a34e4-c7c4-465a-a71d-fefc6390b8eb-SegmentedRaftLogWorker:Storage Directory /workdir/hadoop-ozone/ozonefs/target/test-dir/MiniOzoneClusterImpl-da5888fd-c692-4355-82c4-91aa98cbf569/datanode-8/data/ratis/88c0a86a-0729-43bb-b9ff-48f26724c4fe was interrupted, exiting. There are 0 tasks remaining in the queue.
2019-09-20 08:46:34,862 [ForkJoinPool.commonPool-worker-1] INFO  server.GrpcService (GrpcService.java:closeImpl(163)) - 4eb079c5-a63c-4d36-97af-76873864fc0c: shutdown server with port 36098 successfully
2019-09-20 08:46:34,862 [main] INFO  segmented.SegmentedRaftLogWorker (SegmentedRaftLogWorker.java:close(228)) - 735a34e4-c7c4-465a-a71d-fefc6390b8eb-SegmentedRaftLogWorker:Storage Directory /workdir/hadoop-ozone/ozonefs/target/test-dir/MiniOzoneClusterImpl-da5888fd-c692-4355-82c4-91aa98cbf569/datanode-8/data/ratis/88c0a86a-0729-43bb-b9ff-48f26724c4fe close()
2019-09-20 08:46:34,863 [main] INFO  server.GrpcService (GrpcService.java:closeImpl(155)) - 735a34e4-c7c4-465a-a71d-fefc6390b8eb: shutdown server with port 38484 now
2019-09-20 08:46:34,865 [main] INFO  server.GrpcService (GrpcService.java:closeImpl(163)) - 735a34e4-c7c4-465a-a71d-fefc6390b8eb: shutdown server with port 38484 successfully
2019-09-20 08:46:34,868 [main] INFO  utils.BackgroundService (BackgroundService.java:shutdown(148)) - Shutting down service BlockDeletingService
2019-09-20 08:46:34,871 [ForkJoinPool.commonPool-worker-1] INFO  utils.BackgroundService (BackgroundService.java:shutdown(148)) - Shutting down service BlockDeletingService
2019-09-20 08:46:34,872 [refreshUsed-/workdir/hadoop-ozone/ozonefs/target/test-dir/MiniOzoneClusterImpl-da5888fd-c692-4355-82c4-91aa98cbf569/datanode-8/data/containers] WARN  fs.CachingGetSpaceUsed (CachingGetSpaceUsed.java:run(183)) - Thread Interrupted waiting to refresh disk information: sleep interrupted
2019-09-20 08:46:34,872 [refreshUsed-/workdir/hadoop-ozone/ozonefs/target/test-dir/MiniOzoneClusterImpl-da5888fd-c692-4355-82c4-91aa98cbf569/datanode-4/data/containers] WARN  fs.CachingGetSpaceUsed (CachingGetSpaceUsed.java:run(183)) - Thread Interrupted waiting to refresh disk information: sleep interrupted
2019-09-20 08:46:34,910 [main] INFO  statemachine.DatanodeStateMachine (DatanodeStateMachine.java:stopDaemon(395)) - Ozone container server stopped.
2019-09-20 08:46:34,915 [ForkJoinPool.commonPool-worker-1] INFO  statemachine.DatanodeStateMachine (DatanodeStateMachine.java:stopDaemon(395)) - Ozone container server stopped.
2019-09-20 08:46:34,919 [main] INFO  handler.ContextHandler (ContextHandler.java:doStop(910)) - Stopped o.e.j.w.WebAppContext@8851ec{/,null,UNAVAILABLE}{/hddsDatanode}
2019-09-20 08:46:34,921 [ForkJoinPool.commonPool-worker-1] INFO  handler.ContextHandler (ContextHandler.java:doStop(910)) - Stopped o.e.j.w.WebAppContext@2616b618{/,null,UNAVAILABLE}{/hddsDatanode}
2019-09-20 08:46:34,922 [main] INFO  server.AbstractConnector (AbstractConnector.java:doStop(318)) - Stopped ServerConnector@18b40fe6{HTTP/1.1,[http/1.1]}{0.0.0.0:0}
2019-09-20 08:46:34,922 [ForkJoinPool.commonPool-worker-1] INFO  server.AbstractConnector (AbstractConnector.java:doStop(318)) - Stopped ServerConnector@73bb573d{HTTP/1.1,[http/1.1]}{0.0.0.0:0}
2019-09-20 08:46:34,923 [main] INFO  handler.ContextHandler (ContextHandler.java:doStop(910)) - Stopped o.e.j.s.ServletContextHandler@40cf6254{/static,jar:file:/home/user/.m2/repository/org/apache/hadoop/hadoop-hdds-container-service/0.5.0-SNAPSHOT/hadoop-hdds-container-service-0.5.0-SNAPSHOT.jar!/webapps/static,UNAVAILABLE}
2019-09-20 08:46:34,925 [ForkJoinPool.commonPool-worker-1] INFO  handler.ContextHandler (ContextHandler.java:doStop(910)) - Stopped o.e.j.s.ServletContextHandler@7a3f08b6{/static,jar:file:/home/user/.m2/repository/org/apache/hadoop/hadoop-hdds-container-service/0.5.0-SNAPSHOT/hadoop-hdds-container-service-0.5.0-SNAPSHOT.jar!/webapps/static,UNAVAILABLE}
2019-09-20 08:46:34,925 [main] INFO  handler.ContextHandler (ContextHandler.java:doStop(910)) - Stopped o.e.j.s.ServletContextHandler@5ed65e4b{/logs,file:///workdir/hadoop-ozone/ozonefs/target/log,UNAVAILABLE}
2019-09-20 08:46:34,927 [ForkJoinPool.commonPool-worker-1] INFO  handler.ContextHandler (ContextHandler.java:doStop(910)) - Stopped o.e.j.s.ServletContextHandler@77c66a4f{/logs,file:///workdir/hadoop-ozone/ozonefs/target/log,UNAVAILABLE}
2019-09-20 08:46:34,929 [main] INFO  datanode.ObjectStoreHandler (ObjectStoreHandler.java:close(155)) - Closing ObjectStoreHandler.
2019-09-20 08:46:34,929 [ForkJoinPool.commonPool-worker-1] INFO  datanode.ObjectStoreHandler (ObjectStoreHandler.java:close(155)) - Closing ObjectStoreHandler.
2019-09-20 08:46:34,931 [main] INFO  ozone.HddsDatanodeService (HddsDatanodeService.java:stop(451)) - Stopped plug-in org.apache.hadoop.ozone.web.OzoneHddsDatanodeService@37806be6
2019-09-20 08:46:34,931 [ForkJoinPool.commonPool-worker-1] INFO  ozone.HddsDatanodeService (HddsDatanodeService.java:stop(451)) - Stopped plug-in org.apache.hadoop.ozone.web.OzoneHddsDatanodeService@b14b60a
2019-09-20 08:46:34,941 | INFO  | SCMAudit | user=jenkins1000 | ip=192.168.36.79 | op=SEND_HEARTBEAT {datanodeUUID=e997423e-4090-4042-87ee-7419d4cf7365, command=[]} | ret=SUCCESS |  
2019-09-20 08:46:34,960 [Datanode State Machine Thread - 0] INFO  statemachine.DatanodeStateMachine (DatanodeStateMachine.java:lambda$startDaemon$0(350)) - Ozone container server started.
2019-09-20 08:46:35,361 | INFO  | SCMAudit | user=jenkins1000 | ip=192.168.36.79 | op=SEND_HEARTBEAT {datanodeUUID=d3d24c2e-887e-42af-9ac0-80e26c3dc807, command=[]} | ret=SUCCESS |  
2019-09-20 08:46:35,469 [Datanode State Machine Thread - 0] INFO  statemachine.DatanodeStateMachine (DatanodeStateMachine.java:lambda$startDaemon$0(350)) - Ozone container server started.
2019-09-20 08:46:35,942 | INFO  | SCMAudit | user=jenkins1000 | ip=192.168.36.79 | op=SEND_HEARTBEAT {datanodeUUID=e997423e-4090-4042-87ee-7419d4cf7365, command=[]} | ret=SUCCESS |  
2019-09-20 08:46:36,362 | INFO  | SCMAudit | user=jenkins1000 | ip=192.168.36.79 | op=SEND_HEARTBEAT {datanodeUUID=d3d24c2e-887e-42af-9ac0-80e26c3dc807, command=[]} | ret=SUCCESS |  
2019-09-20 08:46:36,943 | INFO  | SCMAudit | user=jenkins1000 | ip=192.168.36.79 | op=SEND_HEARTBEAT {datanodeUUID=e997423e-4090-4042-87ee-7419d4cf7365, command=[]} | ret=SUCCESS |  
2019-09-20 08:46:37,362 | INFO  | SCMAudit | user=jenkins1000 | ip=192.168.36.79 | op=SEND_HEARTBEAT {datanodeUUID=d3d24c2e-887e-42af-9ac0-80e26c3dc807, command=[]} | ret=SUCCESS |  
2019-09-20 08:46:37,943 | INFO  | SCMAudit | user=jenkins1000 | ip=192.168.36.79 | op=SEND_HEARTBEAT {datanodeUUID=e997423e-4090-4042-87ee-7419d4cf7365, command=[]} | ret=SUCCESS |  
2019-09-20 08:46:38,362 | INFO  | SCMAudit | user=jenkins1000 | ip=192.168.36.79 | op=SEND_HEARTBEAT {datanodeUUID=d3d24c2e-887e-42af-9ac0-80e26c3dc807, command=[]} | ret=SUCCESS |  
2019-09-20 08:46:38,944 | INFO  | SCMAudit | user=jenkins1000 | ip=192.168.36.79 | op=SEND_HEARTBEAT {datanodeUUID=e997423e-4090-4042-87ee-7419d4cf7365, command=[]} | ret=SUCCESS |  
2019-09-20 08:46:39,362 | INFO  | SCMAudit | user=jenkins1000 | ip=192.168.36.79 | op=SEND_HEARTBEAT {datanodeUUID=d3d24c2e-887e-42af-9ac0-80e26c3dc807, command=[]} | ret=SUCCESS |  
2019-09-20 08:46:39,932 [main] INFO  ozoneimpl.OzoneContainer (OzoneContainer.java:stop(199)) - Attempting to stop container services.
2019-09-20 08:46:39,932 [ForkJoinPool.commonPool-worker-1] INFO  ozoneimpl.OzoneContainer (OzoneContainer.java:stop(199)) - Attempting to stop container services.
2019-09-20 08:46:39,933 [main] INFO  impl.RaftServerProxy (RaftServerProxy.java:lambda$close$4(314)) - 3d9fb88f-ef2a-412e-bafc-a0084682cc47: close
2019-09-20 08:46:39,933 [ForkJoinPool.commonPool-worker-1] INFO  impl.RaftServerProxy (RaftServerProxy.java:lambda$close$4(314)) - 3ea69b51-ea1d-40b9-a82f-433a48a46bff: close
2019-09-20 08:46:39,933 [main] INFO  impl.RaftServerImpl (RaftServerImpl.java:lambda$shutdown$3(245)) - 3d9fb88f-ef2a-412e-bafc-a0084682cc47: shutdown group-D576AB10FCD3
2019-09-20 08:46:39,933 [ForkJoinPool.commonPool-worker-1] INFO  impl.RaftServerImpl (RaftServerImpl.java:lambda$shutdown$3(245)) - 3ea69b51-ea1d-40b9-a82f-433a48a46bff: shutdown group-481A7678F30C
2019-09-20 08:46:39,934 [main] INFO  util.JmxRegister (JmxRegister.java:unregister(73)) - Successfully un-registered JMX Bean with object name Ratis:service=RaftServer,group=group-D576AB10FCD3,id=3d9fb88f-ef2a-412e-bafc-a0084682cc47
2019-09-20 08:46:39,937 [main] INFO  impl.RoleInfo (RoleInfo.java:shutdownLeaderState(104)) - 3d9fb88f-ef2a-412e-bafc-a0084682cc47: shutdown LeaderState
2019-09-20 08:46:39,934 [ForkJoinPool.commonPool-worker-1] INFO  util.JmxRegister (JmxRegister.java:unregister(73)) - Successfully un-registered JMX Bean with object name Ratis:service=RaftServer,group=group-481A7678F30C,id=3ea69b51-ea1d-40b9-a82f-433a48a46bff
2019-09-20 08:46:39,937 [main] INFO  impl.PendingRequests (PendingRequests.java:sendNotLeaderResponses(202)) - 3d9fb88f-ef2a-412e-bafc-a0084682cc47-PendingRequests: sendNotLeaderResponses
2019-09-20 08:46:39,938 [ForkJoinPool.commonPool-worker-1] INFO  impl.RoleInfo (RoleInfo.java:shutdownLeaderState(104)) - 3ea69b51-ea1d-40b9-a82f-433a48a46bff: shutdown LeaderState
2019-09-20 08:46:39,938 [main] INFO  impl.StateMachineUpdater (StateMachineUpdater.java:stopAndJoin(115)) - StateMachineUpdater:3d9fb88f-ef2a-412e-bafc-a0084682cc47:group-D576AB10FCD3: set stopIndex = 0
2019-09-20 08:46:39,939 [ForkJoinPool.commonPool-worker-1] INFO  impl.PendingRequests (PendingRequests.java:sendNotLeaderResponses(202)) - 3ea69b51-ea1d-40b9-a82f-433a48a46bff-PendingRequests: sendNotLeaderResponses
2019-09-20 08:46:39,939 [main] INFO  impl.RaftServerImpl (ServerState.java:close(394)) - 3d9fb88f-ef2a-412e-bafc-a0084682cc47:group-D576AB10FCD3 closes. The last applied log index is 0
2019-09-20 08:46:39,939 [ForkJoinPool.commonPool-worker-1] INFO  impl.StateMachineUpdater (StateMachineUpdater.java:stopAndJoin(115)) - StateMachineUpdater:3ea69b51-ea1d-40b9-a82f-433a48a46bff:group-481A7678F30C: set stopIndex = 0
2019-09-20 08:46:39,940 [3d9fb88f-ef2a-412e-bafc-a0084682cc47-SegmentedRaftLogWorker:Storage Directory /workdir/hadoop-ozone/ozonefs/target/test-dir/MiniOzoneClusterImpl-da5888fd-c692-4355-82c4-91aa98cbf569/datanode-9/data/ratis/9106ae17-6d35-4f58-bead-d576ab10fcd3] INFO  segmented.SegmentedRaftLogWorker (SegmentedRaftLogWorker.java:run(313)) - 3d9fb88f-ef2a-412e-bafc-a0084682cc47-SegmentedRaftLogWorker:Storage Directory /workdir/hadoop-ozone/ozonefs/target/test-dir/MiniOzoneClusterImpl-da5888fd-c692-4355-82c4-91aa98cbf569/datanode-9/data/ratis/9106ae17-6d35-4f58-bead-d576ab10fcd3 was interrupted, exiting. There are 0 tasks remaining in the queue.
2019-09-20 08:46:39,940 [ForkJoinPool.commonPool-worker-1] INFO  impl.RaftServerImpl (ServerState.java:close(394)) - 3ea69b51-ea1d-40b9-a82f-433a48a46bff:group-481A7678F30C closes. The last applied log index is 0
2019-09-20 08:46:39,940 [main] INFO  segmented.SegmentedRaftLogWorker (SegmentedRaftLogWorker.java:close(228)) - 3d9fb88f-ef2a-412e-bafc-a0084682cc47-SegmentedRaftLogWorker:Storage Directory /workdir/hadoop-ozone/ozonefs/target/test-dir/MiniOzoneClusterImpl-da5888fd-c692-4355-82c4-91aa98cbf569/datanode-9/data/ratis/9106ae17-6d35-4f58-bead-d576ab10fcd3 close()
2019-09-20 08:46:39,941 [3ea69b51-ea1d-40b9-a82f-433a48a46bff-SegmentedRaftLogWorker:Storage Directory /workdir/hadoop-ozone/ozonefs/target/test-dir/MiniOzoneClusterImpl-da5888fd-c692-4355-82c4-91aa98cbf569/datanode-0/data/ratis/1eebfe0d-a9f5-469c-b9f7-481a7678f30c] INFO  segmented.SegmentedRaftLogWorker (SegmentedRaftLogWorker.java:run(313)) - 3ea69b51-ea1d-40b9-a82f-433a48a46bff-SegmentedRaftLogWorker:Storage Directory /workdir/hadoop-ozone/ozonefs/target/test-dir/MiniOzoneClusterImpl-da5888fd-c692-4355-82c4-91aa98cbf569/datanode-0/data/ratis/1eebfe0d-a9f5-469c-b9f7-481a7678f30c was interrupted, exiting. There are 0 tasks remaining in the queue.
2019-09-20 08:46:39,941 [main] INFO  impl.RaftServerImpl (RaftServerImpl.java:lambda$shutdown$3(245)) - 3d9fb88f-ef2a-412e-bafc-a0084682cc47: shutdown group-B7BD2719C4B7
2019-09-20 08:46:39,941 [main] INFO  util.JmxRegister (JmxRegister.java:unregister(73)) - Successfully un-registered JMX Bean with object name Ratis:service=RaftServer,group=group-B7BD2719C4B7,id=3d9fb88f-ef2a-412e-bafc-a0084682cc47
2019-09-20 08:46:39,942 [main] INFO  impl.RoleInfo (RoleInfo.java:shutdownLeaderState(104)) - 3d9fb88f-ef2a-412e-bafc-a0084682cc47: shutdown LeaderState
2019-09-20 08:46:39,942 [main] INFO  impl.PendingRequests (PendingRequests.java:sendNotLeaderResponses(202)) - 3d9fb88f-ef2a-412e-bafc-a0084682cc47-PendingRequests: sendNotLeaderResponses
2019-09-20 08:46:39,943 [main] INFO  impl.StateMachineUpdater (StateMachineUpdater.java:stopAndJoin(115)) - StateMachineUpdater:3d9fb88f-ef2a-412e-bafc-a0084682cc47:group-B7BD2719C4B7: set stopIndex = 0
2019-09-20 08:46:39,943 | INFO  | SCMAudit | user=jenkins1000 | ip=192.168.36.79 | op=SEND_HEARTBEAT {datanodeUUID=e997423e-4090-4042-87ee-7419d4cf7365, command=[]} | ret=SUCCESS |  
2019-09-20 08:46:39,943 [main] INFO  impl.RaftServerImpl (ServerState.java:close(394)) - 3d9fb88f-ef2a-412e-bafc-a0084682cc47:group-B7BD2719C4B7 closes. The last applied log index is 0
2019-09-20 08:46:39,943 [3d9fb88f-ef2a-412e-bafc-a0084682cc47-SegmentedRaftLogWorker:Storage Directory /workdir/hadoop-ozone/ozonefs/target/test-dir/MiniOzoneClusterImpl-da5888fd-c692-4355-82c4-91aa98cbf569/datanode-9/data/ratis/0e7df052-cfcf-4f23-9947-b7bd2719c4b7] INFO  segmented.SegmentedRaftLogWorker (SegmentedRaftLogWorker.java:run(313)) - 3d9fb88f-ef2a-412e-bafc-a0084682cc47-SegmentedRaftLogWorker:Storage Directory /workdir/hadoop-ozone/ozonefs/target/test-dir/MiniOzoneClusterImpl-da5888fd-c692-4355-82c4-91aa98cbf569/datanode-9/data/ratis/0e7df052-cfcf-4f23-9947-b7bd2719c4b7 was interrupted, exiting. There are 0 tasks remaining in the queue.
2019-09-20 08:46:39,953 [ForkJoinPool.commonPool-worker-1] INFO  segmented.SegmentedRaftLogWorker (SegmentedRaftLogWorker.java:close(228)) - 3ea69b51-ea1d-40b9-a82f-433a48a46bff-SegmentedRaftLogWorker:Storage Directory /workdir/hadoop-ozone/ozonefs/target/test-dir/MiniOzoneClusterImpl-da5888fd-c692-4355-82c4-91aa98cbf569/datanode-0/data/ratis/1eebfe0d-a9f5-469c-b9f7-481a7678f30c close()
2019-09-20 08:46:39,953 [main] INFO  segmented.SegmentedRaftLogWorker (SegmentedRaftLogWorker.java:close(228)) - 3d9fb88f-ef2a-412e-bafc-a0084682cc47-SegmentedRaftLogWorker:Storage Directory /workdir/hadoop-ozone/ozonefs/target/test-dir/MiniOzoneClusterImpl-da5888fd-c692-4355-82c4-91aa98cbf569/datanode-9/data/ratis/0e7df052-cfcf-4f23-9947-b7bd2719c4b7 close()
2019-09-20 08:46:39,953 [ForkJoinPool.commonPool-worker-1] INFO  impl.RaftServerImpl (RaftServerImpl.java:lambda$shutdown$3(245)) - 3ea69b51-ea1d-40b9-a82f-433a48a46bff: shutdown group-0F0A7E451FA9
2019-09-20 08:46:39,954 [main] INFO  impl.RaftServerImpl (RaftServerImpl.java:lambda$shutdown$3(245)) - 3d9fb88f-ef2a-412e-bafc-a0084682cc47: shutdown group-B15BDBA6966F
2019-09-20 08:46:39,954 [ForkJoinPool.commonPool-worker-1] INFO  util.JmxRegister (JmxRegister.java:unregister(73)) - Successfully un-registered JMX Bean with object name Ratis:service=RaftServer,group=group-0F0A7E451FA9,id=3ea69b51-ea1d-40b9-a82f-433a48a46bff
2019-09-20 08:46:39,954 [main] INFO  util.JmxRegister (JmxRegister.java:unregister(73)) - Successfully un-registered JMX Bean with object name Ratis:service=RaftServer,group=group-B15BDBA6966F,id=3d9fb88f-ef2a-412e-bafc-a0084682cc47
2019-09-20 08:46:39,955 [main] INFO  impl.RoleInfo (RoleInfo.java:shutdownLeaderState(104)) - 3d9fb88f-ef2a-412e-bafc-a0084682cc47: shutdown LeaderState
2019-09-20 08:46:39,955 [ForkJoinPool.commonPool-worker-1] INFO  impl.RoleInfo (RoleInfo.java:shutdownLeaderState(104)) - 3ea69b51-ea1d-40b9-a82f-433a48a46bff: shutdown LeaderState
2019-09-20 08:46:39,956 [main] INFO  impl.PendingRequests (PendingRequests.java:sendNotLeaderResponses(202)) - 3d9fb88f-ef2a-412e-bafc-a0084682cc47-PendingRequests: sendNotLeaderResponses
2019-09-20 08:46:39,956 [ForkJoinPool.commonPool-worker-1] INFO  impl.PendingRequests (PendingRequests.java:sendNotLeaderResponses(202)) - 3ea69b51-ea1d-40b9-a82f-433a48a46bff-PendingRequests: sendNotLeaderResponses
2019-09-20 08:46:39,956 [main] INFO  impl.StateMachineUpdater (StateMachineUpdater.java:stopAndJoin(115)) - StateMachineUpdater:3d9fb88f-ef2a-412e-bafc-a0084682cc47:group-B15BDBA6966F: set stopIndex = 0
2019-09-20 08:46:39,957 [ForkJoinPool.commonPool-worker-1] INFO  impl.StateMachineUpdater (StateMachineUpdater.java:stopAndJoin(115)) - StateMachineUpdater:3ea69b51-ea1d-40b9-a82f-433a48a46bff:group-0F0A7E451FA9: set stopIndex = 0
2019-09-20 08:46:39,957 [main] INFO  impl.RaftServerImpl (ServerState.java:close(394)) - 3d9fb88f-ef2a-412e-bafc-a0084682cc47:group-B15BDBA6966F closes. The last applied log index is 0
2019-09-20 08:46:39,957 [ForkJoinPool.commonPool-worker-1] INFO  impl.RaftServerImpl (ServerState.java:close(394)) - 3ea69b51-ea1d-40b9-a82f-433a48a46bff:group-0F0A7E451FA9 closes. The last applied log index is 0
2019-09-20 08:46:39,958 [3d9fb88f-ef2a-412e-bafc-a0084682cc47-SegmentedRaftLogWorker:Storage Directory /workdir/hadoop-ozone/ozonefs/target/test-dir/MiniOzoneClusterImpl-da5888fd-c692-4355-82c4-91aa98cbf569/datanode-9/data/ratis/6cfc8ea8-3088-4d8d-a821-b15bdba6966f] INFO  segmented.SegmentedRaftLogWorker (SegmentedRaftLogWorker.java:run(313)) - 3d9fb88f-ef2a-412e-bafc-a0084682cc47-SegmentedRaftLogWorker:Storage Directory /workdir/hadoop-ozone/ozonefs/target/test-dir/MiniOzoneClusterImpl-da5888fd-c692-4355-82c4-91aa98cbf569/datanode-9/data/ratis/6cfc8ea8-3088-4d8d-a821-b15bdba6966f was interrupted, exiting. There are 0 tasks remaining in the queue.
2019-09-20 08:46:39,958 [main] INFO  segmented.SegmentedRaftLogWorker (SegmentedRaftLogWorker.java:close(228)) - 3d9fb88f-ef2a-412e-bafc-a0084682cc47-SegmentedRaftLogWorker:Storage Directory /workdir/hadoop-ozone/ozonefs/target/test-dir/MiniOzoneClusterImpl-da5888fd-c692-4355-82c4-91aa98cbf569/datanode-9/data/ratis/6cfc8ea8-3088-4d8d-a821-b15bdba6966f close()
2019-09-20 08:46:39,958 [3ea69b51-ea1d-40b9-a82f-433a48a46bff-SegmentedRaftLogWorker:Storage Directory /workdir/hadoop-ozone/ozonefs/target/test-dir/MiniOzoneClusterImpl-da5888fd-c692-4355-82c4-91aa98cbf569/datanode-0/data/ratis/091c59b4-f1e6-4150-aa3e-0f0a7e451fa9] INFO  segmented.SegmentedRaftLogWorker (SegmentedRaftLogWorker.java:run(313)) - 3ea69b51-ea1d-40b9-a82f-433a48a46bff-SegmentedRaftLogWorker:Storage Directory /workdir/hadoop-ozone/ozonefs/target/test-dir/MiniOzoneClusterImpl-da5888fd-c692-4355-82c4-91aa98cbf569/datanode-0/data/ratis/091c59b4-f1e6-4150-aa3e-0f0a7e451fa9 was interrupted, exiting. There are 0 tasks remaining in the queue.
2019-09-20 08:46:39,959 [main] INFO  impl.RaftServerImpl (RaftServerImpl.java:lambda$shutdown$3(245)) - 3d9fb88f-ef2a-412e-bafc-a0084682cc47: shutdown group-9FEF8E38431B
2019-09-20 08:46:39,959 [ForkJoinPool.commonPool-worker-1] INFO  segmented.SegmentedRaftLogWorker (SegmentedRaftLogWorker.java:close(228)) - 3ea69b51-ea1d-40b9-a82f-433a48a46bff-SegmentedRaftLogWorker:Storage Directory /workdir/hadoop-ozone/ozonefs/target/test-dir/MiniOzoneClusterImpl-da5888fd-c692-4355-82c4-91aa98cbf569/datanode-0/data/ratis/091c59b4-f1e6-4150-aa3e-0f0a7e451fa9 close()
2019-09-20 08:46:39,959 [main] INFO  util.JmxRegister (JmxRegister.java:unregister(73)) - Successfully un-registered JMX Bean with object name Ratis:service=RaftServer,group=group-9FEF8E38431B,id=3d9fb88f-ef2a-412e-bafc-a0084682cc47
2019-09-20 08:46:39,960 [ForkJoinPool.commonPool-worker-1] INFO  impl.RaftServerImpl (RaftServerImpl.java:lambda$shutdown$3(245)) - 3ea69b51-ea1d-40b9-a82f-433a48a46bff: shutdown group-D49471700E0E
2019-09-20 08:46:39,960 [main] INFO  impl.RoleInfo (RoleInfo.java:shutdownLeaderState(104)) - 3d9fb88f-ef2a-412e-bafc-a0084682cc47: shutdown LeaderState
2019-09-20 08:46:39,960 [ForkJoinPool.commonPool-worker-1] INFO  util.JmxRegister (JmxRegister.java:unregister(73)) - Successfully un-registered JMX Bean with object name Ratis:service=RaftServer,group=group-D49471700E0E,id=3ea69b51-ea1d-40b9-a82f-433a48a46bff
2019-09-20 08:46:39,961 [main] INFO  impl.PendingRequests (PendingRequests.java:sendNotLeaderResponses(202)) - 3d9fb88f-ef2a-412e-bafc-a0084682cc47-PendingRequests: sendNotLeaderResponses
2019-09-20 08:46:39,961 [ForkJoinPool.commonPool-worker-1] INFO  impl.RoleInfo (RoleInfo.java:shutdownLeaderState(104)) - 3ea69b51-ea1d-40b9-a82f-433a48a46bff: shutdown LeaderState
2019-09-20 08:46:39,961 [main] INFO  impl.StateMachineUpdater (StateMachineUpdater.java:stopAndJoin(115)) - StateMachineUpdater:3d9fb88f-ef2a-412e-bafc-a0084682cc47:group-9FEF8E38431B: set stopIndex = 0
2019-09-20 08:46:39,962 [main] INFO  impl.RaftServerImpl (ServerState.java:close(394)) - 3d9fb88f-ef2a-412e-bafc-a0084682cc47:group-9FEF8E38431B closes. The last applied log index is 0
2019-09-20 08:46:39,962 [ForkJoinPool.commonPool-worker-1] INFO  impl.PendingRequests (PendingRequests.java:sendNotLeaderResponses(202)) - 3ea69b51-ea1d-40b9-a82f-433a48a46bff-PendingRequests: sendNotLeaderResponses
2019-09-20 08:46:39,962 [3d9fb88f-ef2a-412e-bafc-a0084682cc47-SegmentedRaftLogWorker:Storage Directory /workdir/hadoop-ozone/ozonefs/target/test-dir/MiniOzoneClusterImpl-da5888fd-c692-4355-82c4-91aa98cbf569/datanode-9/data/ratis/e67d8c3b-2ef7-4324-a183-9fef8e38431b] INFO  segmented.SegmentedRaftLogWorker (SegmentedRaftLogWorker.java:run(313)) - 3d9fb88f-ef2a-412e-bafc-a0084682cc47-SegmentedRaftLogWorker:Storage Directory /workdir/hadoop-ozone/ozonefs/target/test-dir/MiniOzoneClusterImpl-da5888fd-c692-4355-82c4-91aa98cbf569/datanode-9/data/ratis/e67d8c3b-2ef7-4324-a183-9fef8e38431b was interrupted, exiting. There are 0 tasks remaining in the queue.
2019-09-20 08:46:39,963 [ForkJoinPool.commonPool-worker-1] INFO  impl.StateMachineUpdater (StateMachineUpdater.java:stopAndJoin(115)) - StateMachineUpdater:3ea69b51-ea1d-40b9-a82f-433a48a46bff:group-D49471700E0E: set stopIndex = 0
2019-09-20 08:46:39,963 [main] INFO  segmented.SegmentedRaftLogWorker (SegmentedRaftLogWorker.java:close(228)) - 3d9fb88f-ef2a-412e-bafc-a0084682cc47-SegmentedRaftLogWorker:Storage Directory /workdir/hadoop-ozone/ozonefs/target/test-dir/MiniOzoneClusterImpl-da5888fd-c692-4355-82c4-91aa98cbf569/datanode-9/data/ratis/e67d8c3b-2ef7-4324-a183-9fef8e38431b close()
2019-09-20 08:46:39,963 [ForkJoinPool.commonPool-worker-1] INFO  impl.RaftServerImpl (ServerState.java:close(394)) - 3ea69b51-ea1d-40b9-a82f-433a48a46bff:group-D49471700E0E closes. The last applied log index is 0
2019-09-20 08:46:39,964 [main] INFO  impl.RaftServerImpl (RaftServerImpl.java:lambda$shutdown$3(245)) - 3d9fb88f-ef2a-412e-bafc-a0084682cc47: shutdown group-15D63AA73342
2019-09-20 08:46:39,964 [main] INFO  util.JmxRegister (JmxRegister.java:unregister(73)) - Successfully un-registered JMX Bean with object name Ratis:service=RaftServer,group=group-15D63AA73342,id=3d9fb88f-ef2a-412e-bafc-a0084682cc47
2019-09-20 08:46:39,964 [3ea69b51-ea1d-40b9-a82f-433a48a46bff-SegmentedRaftLogWorker:Storage Directory /workdir/hadoop-ozone/ozonefs/target/test-dir/MiniOzoneClusterImpl-da5888fd-c692-4355-82c4-91aa98cbf569/datanode-0/data/ratis/456ed4e1-51ed-4661-9ff0-d49471700e0e] INFO  segmented.SegmentedRaftLogWorker (SegmentedRaftLogWorker.java:run(313)) - 3ea69b51-ea1d-40b9-a82f-433a48a46bff-SegmentedRaftLogWorker:Storage Directory /workdir/hadoop-ozone/ozonefs/target/test-dir/MiniOzoneClusterImpl-da5888fd-c692-4355-82c4-91aa98cbf569/datanode-0/data/ratis/456ed4e1-51ed-4661-9ff0-d49471700e0e was interrupted, exiting. There are 0 tasks remaining in the queue.
2019-09-20 08:46:39,965 [main] INFO  impl.RoleInfo (RoleInfo.java:shutdownLeaderState(104)) - 3d9fb88f-ef2a-412e-bafc-a0084682cc47: shutdown LeaderState
2019-09-20 08:46:39,965 [ForkJoinPool.commonPool-worker-1] INFO  segmented.SegmentedRaftLogWorker (SegmentedRaftLogWorker.java:close(228)) - 3ea69b51-ea1d-40b9-a82f-433a48a46bff-SegmentedRaftLogWorker:Storage Directory /workdir/hadoop-ozone/ozonefs/target/test-dir/MiniOzoneClusterImpl-da5888fd-c692-4355-82c4-91aa98cbf569/datanode-0/data/ratis/456ed4e1-51ed-4661-9ff0-d49471700e0e close()
2019-09-20 08:46:39,965 [main] INFO  impl.PendingRequests (PendingRequests.java:sendNotLeaderResponses(202)) - 3d9fb88f-ef2a-412e-bafc-a0084682cc47-PendingRequests: sendNotLeaderResponses
2019-09-20 08:46:39,965 [ForkJoinPool.commonPool-worker-1] INFO  impl.RaftServerImpl (RaftServerImpl.java:lambda$shutdown$3(245)) - 3ea69b51-ea1d-40b9-a82f-433a48a46bff: shutdown group-F77B98A2214B
2019-09-20 08:46:39,966 [main] INFO  impl.StateMachineUpdater (StateMachineUpdater.java:stopAndJoin(115)) - StateMachineUpdater:3d9fb88f-ef2a-412e-bafc-a0084682cc47:group-15D63AA73342: set stopIndex = 0
2019-09-20 08:46:39,966 [ForkJoinPool.commonPool-worker-1] INFO  util.JmxRegister (JmxRegister.java:unregister(73)) - Successfully un-registered JMX Bean with object name Ratis:service=RaftServer,group=group-F77B98A2214B,id=3ea69b51-ea1d-40b9-a82f-433a48a46bff
2019-09-20 08:46:39,966 [main] INFO  impl.RaftServerImpl (ServerState.java:close(394)) - 3d9fb88f-ef2a-412e-bafc-a0084682cc47:group-15D63AA73342 closes. The last applied log index is 0
2019-09-20 08:46:39,967 [ForkJoinPool.commonPool-worker-1] INFO  impl.RoleInfo (RoleInfo.java:shutdownLeaderState(104)) - 3ea69b51-ea1d-40b9-a82f-433a48a46bff: shutdown LeaderState
2019-09-20 08:46:39,967 [3d9fb88f-ef2a-412e-bafc-a0084682cc47-SegmentedRaftLogWorker:Storage Directory /workdir/hadoop-ozone/ozonefs/target/test-dir/MiniOzoneClusterImpl-da5888fd-c692-4355-82c4-91aa98cbf569/datanode-9/data/ratis/4d53c0fb-4f86-4cf8-b97e-15d63aa73342] INFO  segmented.SegmentedRaftLogWorker (SegmentedRaftLogWorker.java:run(313)) - 3d9fb88f-ef2a-412e-bafc-a0084682cc47-SegmentedRaftLogWorker:Storage Directory /workdir/hadoop-ozone/ozonefs/target/test-dir/MiniOzoneClusterImpl-da5888fd-c692-4355-82c4-91aa98cbf569/datanode-9/data/ratis/4d53c0fb-4f86-4cf8-b97e-15d63aa73342 was interrupted, exiting. There are 0 tasks remaining in the queue.
2019-09-20 08:46:39,967 [ForkJoinPool.commonPool-worker-1] INFO  impl.PendingRequests (PendingRequests.java:sendNotLeaderResponses(202)) - 3ea69b51-ea1d-40b9-a82f-433a48a46bff-PendingRequests: sendNotLeaderResponses
2019-09-20 08:46:39,968 [main] INFO  segmented.SegmentedRaftLogWorker (SegmentedRaftLogWorker.java:close(228)) - 3d9fb88f-ef2a-412e-bafc-a0084682cc47-SegmentedRaftLogWorker:Storage Directory /workdir/hadoop-ozone/ozonefs/target/test-dir/MiniOzoneClusterImpl-da5888fd-c692-4355-82c4-91aa98cbf569/datanode-9/data/ratis/4d53c0fb-4f86-4cf8-b97e-15d63aa73342 close()
2019-09-20 08:46:39,968 [ForkJoinPool.commonPool-worker-1] INFO  impl.StateMachineUpdater (StateMachineUpdater.java:stopAndJoin(115)) - StateMachineUpdater:3ea69b51-ea1d-40b9-a82f-433a48a46bff:group-F77B98A2214B: set stopIndex = 0
2019-09-20 08:46:39,968 [main] INFO  impl.RaftServerImpl (RaftServerImpl.java:lambda$shutdown$3(245)) - 3d9fb88f-ef2a-412e-bafc-a0084682cc47: shutdown group-1DD980F23A5F
2019-09-20 08:46:39,969 [ForkJoinPool.commonPool-worker-1] INFO  impl.RaftServerImpl (ServerState.java:close(394)) - 3ea69b51-ea1d-40b9-a82f-433a48a46bff:group-F77B98A2214B closes. The last applied log index is 0
2019-09-20 08:46:39,969 [main] INFO  util.JmxRegister (JmxRegister.java:unregister(73)) - Successfully un-registered JMX Bean with object name Ratis:service=RaftServer,group=group-1DD980F23A5F,id=3d9fb88f-ef2a-412e-bafc-a0084682cc47
2019-09-20 08:46:39,969 [main] INFO  impl.RoleInfo (RoleInfo.java:shutdownLeaderState(104)) - 3d9fb88f-ef2a-412e-bafc-a0084682cc47: shutdown LeaderState
2019-09-20 08:46:39,969 [3ea69b51-ea1d-40b9-a82f-433a48a46bff-SegmentedRaftLogWorker:Storage Directory /workdir/hadoop-ozone/ozonefs/target/test-dir/MiniOzoneClusterImpl-da5888fd-c692-4355-82c4-91aa98cbf569/datanode-0/data/ratis/61647444-697a-44eb-8e68-f77b98a2214b] INFO  segmented.SegmentedRaftLogWorker (SegmentedRaftLogWorker.java:run(313)) - 3ea69b51-ea1d-40b9-a82f-433a48a46bff-SegmentedRaftLogWorker:Storage Directory /workdir/hadoop-ozone/ozonefs/target/test-dir/MiniOzoneClusterImpl-da5888fd-c692-4355-82c4-91aa98cbf569/datanode-0/data/ratis/61647444-697a-44eb-8e68-f77b98a2214b was interrupted, exiting. There are 0 tasks remaining in the queue.
2019-09-20 08:46:39,970 [main] INFO  impl.PendingRequests (PendingRequests.java:sendNotLeaderResponses(202)) - 3d9fb88f-ef2a-412e-bafc-a0084682cc47-PendingRequests: sendNotLeaderResponses
2019-09-20 08:46:39,970 [ForkJoinPool.commonPool-worker-1] INFO  segmented.SegmentedRaftLogWorker (SegmentedRaftLogWorker.java:close(228)) - 3ea69b51-ea1d-40b9-a82f-433a48a46bff-SegmentedRaftLogWorker:Storage Directory /workdir/hadoop-ozone/ozonefs/target/test-dir/MiniOzoneClusterImpl-da5888fd-c692-4355-82c4-91aa98cbf569/datanode-0/data/ratis/61647444-697a-44eb-8e68-f77b98a2214b close()
2019-09-20 08:46:39,970 [main] INFO  impl.StateMachineUpdater (StateMachineUpdater.java:stopAndJoin(115)) - StateMachineUpdater:3d9fb88f-ef2a-412e-bafc-a0084682cc47:group-1DD980F23A5F: set stopIndex = 0
2019-09-20 08:46:39,971 [ForkJoinPool.commonPool-worker-1] INFO  impl.RaftServerImpl (RaftServerImpl.java:lambda$shutdown$3(245)) - 3ea69b51-ea1d-40b9-a82f-433a48a46bff: shutdown group-8405D18958CF
2019-09-20 08:46:39,971 [main] INFO  impl.RaftServerImpl (ServerState.java:close(394)) - 3d9fb88f-ef2a-412e-bafc-a0084682cc47:group-1DD980F23A5F closes. The last applied log index is 0
2019-09-20 08:46:39,971 [ForkJoinPool.commonPool-worker-1] INFO  util.JmxRegister (JmxRegister.java:unregister(73)) - Successfully un-registered JMX Bean with object name Ratis:service=RaftServer,group=group-8405D18958CF,id=3ea69b51-ea1d-40b9-a82f-433a48a46bff
2019-09-20 08:46:39,972 [3d9fb88f-ef2a-412e-bafc-a0084682cc47-SegmentedRaftLogWorker:Storage Directory /workdir/hadoop-ozone/ozonefs/target/test-dir/MiniOzoneClusterImpl-da5888fd-c692-4355-82c4-91aa98cbf569/datanode-9/data/ratis/1899c156-9899-4776-9768-1dd980f23a5f] INFO  segmented.SegmentedRaftLogWorker (SegmentedRaftLogWorker.java:run(313)) - 3d9fb88f-ef2a-412e-bafc-a0084682cc47-SegmentedRaftLogWorker:Storage Directory /workdir/hadoop-ozone/ozonefs/target/test-dir/MiniOzoneClusterImpl-da5888fd-c692-4355-82c4-91aa98cbf569/datanode-9/data/ratis/1899c156-9899-4776-9768-1dd980f23a5f was interrupted, exiting. There are 0 tasks remaining in the queue.
2019-09-20 08:46:39,972 [ForkJoinPool.commonPool-worker-1] INFO  impl.RoleInfo (RoleInfo.java:shutdownLeaderState(104)) - 3ea69b51-ea1d-40b9-a82f-433a48a46bff: shutdown LeaderState
2019-09-20 08:46:39,972 [main] INFO  segmented.SegmentedRaftLogWorker (SegmentedRaftLogWorker.java:close(228)) - 3d9fb88f-ef2a-412e-bafc-a0084682cc47-SegmentedRaftLogWorker:Storage Directory /workdir/hadoop-ozone/ozonefs/target/test-dir/MiniOzoneClusterImpl-da5888fd-c692-4355-82c4-91aa98cbf569/datanode-9/data/ratis/1899c156-9899-4776-9768-1dd980f23a5f close()
2019-09-20 08:46:39,972 [ForkJoinPool.commonPool-worker-1] INFO  impl.PendingRequests (PendingRequests.java:sendNotLeaderResponses(202)) - 3ea69b51-ea1d-40b9-a82f-433a48a46bff-PendingRequests: sendNotLeaderResponses
2019-09-20 08:46:39,973 [main] INFO  server.GrpcService (GrpcService.java:closeImpl(155)) - 3d9fb88f-ef2a-412e-bafc-a0084682cc47: shutdown server with port 36901 now
2019-09-20 08:46:39,973 [ForkJoinPool.commonPool-worker-1] INFO  impl.StateMachineUpdater (StateMachineUpdater.java:stopAndJoin(115)) - StateMachineUpdater:3ea69b51-ea1d-40b9-a82f-433a48a46bff:group-8405D18958CF: set stopIndex = 0
2019-09-20 08:46:39,975 [main] INFO  server.GrpcService (GrpcService.java:closeImpl(163)) - 3d9fb88f-ef2a-412e-bafc-a0084682cc47: shutdown server with port 36901 successfully
2019-09-20 08:46:39,975 [ForkJoinPool.commonPool-worker-1] INFO  impl.RaftServerImpl (ServerState.java:close(394)) - 3ea69b51-ea1d-40b9-a82f-433a48a46bff:group-8405D18958CF closes. The last applied log index is 0
2019-09-20 08:46:39,976 [3ea69b51-ea1d-40b9-a82f-433a48a46bff-SegmentedRaftLogWorker:Storage Directory /workdir/hadoop-ozone/ozonefs/target/test-dir/MiniOzoneClusterImpl-da5888fd-c692-4355-82c4-91aa98cbf569/datanode-0/data/ratis/772102f0-5538-4ac2-a136-8405d18958cf] INFO  segmented.SegmentedRaftLogWorker (SegmentedRaftLogWorker.java:run(313)) - 3ea69b51-ea1d-40b9-a82f-433a48a46bff-SegmentedRaftLogWorker:Storage Directory /workdir/hadoop-ozone/ozonefs/target/test-dir/MiniOzoneClusterImpl-da5888fd-c692-4355-82c4-91aa98cbf569/datanode-0/data/ratis/772102f0-5538-4ac2-a136-8405d18958cf was interrupted, exiting. There are 0 tasks remaining in the queue.
2019-09-20 08:46:39,976 [main] INFO  utils.BackgroundService (BackgroundService.java:shutdown(148)) - Shutting down service BlockDeletingService
2019-09-20 08:46:39,977 [ForkJoinPool.commonPool-worker-1] INFO  segmented.SegmentedRaftLogWorker (SegmentedRaftLogWorker.java:close(228)) - 3ea69b51-ea1d-40b9-a82f-433a48a46bff-SegmentedRaftLogWorker:Storage Directory /workdir/hadoop-ozone/ozonefs/target/test-dir/MiniOzoneClusterImpl-da5888fd-c692-4355-82c4-91aa98cbf569/datanode-0/data/ratis/772102f0-5538-4ac2-a136-8405d18958cf close()
2019-09-20 08:46:39,977 [ForkJoinPool.commonPool-worker-1] INFO  impl.RaftServerImpl (RaftServerImpl.java:lambda$shutdown$3(245)) - 3ea69b51-ea1d-40b9-a82f-433a48a46bff: shutdown group-426092ED1691
2019-09-20 08:46:39,978 [ForkJoinPool.commonPool-worker-1] INFO  util.JmxRegister (JmxRegister.java:unregister(73)) - Successfully un-registered JMX Bean with object name Ratis:service=RaftServer,group=group-426092ED1691,id=3ea69b51-ea1d-40b9-a82f-433a48a46bff
2019-09-20 08:46:39,978 [ForkJoinPool.commonPool-worker-1] INFO  impl.RoleInfo (RoleInfo.java:shutdownLeaderState(104)) - 3ea69b51-ea1d-40b9-a82f-433a48a46bff: shutdown LeaderState
2019-09-20 08:46:39,978 [refreshUsed-/workdir/hadoop-ozone/ozonefs/target/test-dir/MiniOzoneClusterImpl-da5888fd-c692-4355-82c4-91aa98cbf569/datanode-9/data/containers] WARN  fs.CachingGetSpaceUsed (CachingGetSpaceUsed.java:run(183)) - Thread Interrupted waiting to refresh disk information: sleep interrupted
2019-09-20 08:46:39,978 [ForkJoinPool.commonPool-worker-1] INFO  impl.PendingRequests (PendingRequests.java:sendNotLeaderResponses(202)) - 3ea69b51-ea1d-40b9-a82f-433a48a46bff-PendingRequests: sendNotLeaderResponses
2019-09-20 08:46:39,979 [ForkJoinPool.commonPool-worker-1] INFO  impl.StateMachineUpdater (StateMachineUpdater.java:stopAndJoin(115)) - StateMachineUpdater:3ea69b51-ea1d-40b9-a82f-433a48a46bff:group-426092ED1691: set stopIndex = 0
2019-09-20 08:46:39,980 [ForkJoinPool.commonPool-worker-1] INFO  impl.RaftServerImpl (ServerState.java:close(394)) - 3ea69b51-ea1d-40b9-a82f-433a48a46bff:group-426092ED1691 closes. The last applied log index is 0
2019-09-20 08:46:39,980 [3ea69b51-ea1d-40b9-a82f-433a48a46bff-SegmentedRaftLogWorker:Storage Directory /workdir/hadoop-ozone/ozonefs/target/test-dir/MiniOzoneClusterImpl-da5888fd-c692-4355-82c4-91aa98cbf569/datanode-0/data/ratis/a15f2130-a5ac-4193-a213-426092ed1691] INFO  segmented.SegmentedRaftLogWorker (SegmentedRaftLogWorker.java:run(313)) - 3ea69b51-ea1d-40b9-a82f-433a48a46bff-SegmentedRaftLogWorker:Storage Directory /workdir/hadoop-ozone/ozonefs/target/test-dir/MiniOzoneClusterImpl-da5888fd-c692-4355-82c4-91aa98cbf569/datanode-0/data/ratis/a15f2130-a5ac-4193-a213-426092ed1691 was interrupted, exiting. There are 0 tasks remaining in the queue.
2019-09-20 08:46:39,981 [ForkJoinPool.commonPool-worker-1] INFO  segmented.SegmentedRaftLogWorker (SegmentedRaftLogWorker.java:close(228)) - 3ea69b51-ea1d-40b9-a82f-433a48a46bff-SegmentedRaftLogWorker:Storage Directory /workdir/hadoop-ozone/ozonefs/target/test-dir/MiniOzoneClusterImpl-da5888fd-c692-4355-82c4-91aa98cbf569/datanode-0/data/ratis/a15f2130-a5ac-4193-a213-426092ed1691 close()
2019-09-20 08:46:39,981 [ForkJoinPool.commonPool-worker-1] INFO  server.GrpcService (GrpcService.java:closeImpl(155)) - 3ea69b51-ea1d-40b9-a82f-433a48a46bff: shutdown server with port 37909 now
2019-09-20 08:46:39,983 [ForkJoinPool.commonPool-worker-1] INFO  server.GrpcService (GrpcService.java:closeImpl(163)) - 3ea69b51-ea1d-40b9-a82f-433a48a46bff: shutdown server with port 37909 successfully
2019-09-20 08:46:39,985 [ForkJoinPool.commonPool-worker-1] INFO  utils.BackgroundService (BackgroundService.java:shutdown(148)) - Shutting down service BlockDeletingService
2019-09-20 08:46:39,986 [refreshUsed-/workdir/hadoop-ozone/ozonefs/target/test-dir/MiniOzoneClusterImpl-da5888fd-c692-4355-82c4-91aa98cbf569/datanode-0/data/containers] WARN  fs.CachingGetSpaceUsed (CachingGetSpaceUsed.java:run(183)) - Thread Interrupted waiting to refresh disk information: sleep interrupted
2019-09-20 08:46:40,014 [main] INFO  statemachine.DatanodeStateMachine (DatanodeStateMachine.java:stopDaemon(395)) - Ozone container server stopped.
2019-09-20 08:46:40,017 [main] INFO  handler.ContextHandler (ContextHandler.java:doStop(910)) - Stopped o.e.j.w.WebAppContext@11ad095c{/,null,UNAVAILABLE}{/hddsDatanode}
2019-09-20 08:46:40,018 [ForkJoinPool.commonPool-worker-1] INFO  statemachine.DatanodeStateMachine (DatanodeStateMachine.java:stopDaemon(395)) - Ozone container server stopped.
2019-09-20 08:46:40,021 [main] INFO  server.AbstractConnector (AbstractConnector.java:doStop(318)) - Stopped ServerConnector@2c2a903f{HTTP/1.1,[http/1.1]}{0.0.0.0:0}
2019-09-20 08:46:40,023 [ForkJoinPool.commonPool-worker-1] INFO  handler.ContextHandler (ContextHandler.java:doStop(910)) - Stopped o.e.j.w.WebAppContext@19a64eae{/,null,UNAVAILABLE}{/hddsDatanode}
2019-09-20 08:46:40,023 [main] INFO  handler.ContextHandler (ContextHandler.java:doStop(910)) - Stopped o.e.j.s.ServletContextHandler@3dd2b9c1{/static,jar:file:/home/user/.m2/repository/org/apache/hadoop/hadoop-hdds-container-service/0.5.0-SNAPSHOT/hadoop-hdds-container-service-0.5.0-SNAPSHOT.jar!/webapps/static,UNAVAILABLE}
2019-09-20 08:46:40,023 [ForkJoinPool.commonPool-worker-1] INFO  server.AbstractConnector (AbstractConnector.java:doStop(318)) - Stopped ServerConnector@29a98d9f{HTTP/1.1,[http/1.1]}{0.0.0.0:0}
2019-09-20 08:46:40,023 [main] INFO  handler.ContextHandler (ContextHandler.java:doStop(910)) - Stopped o.e.j.s.ServletContextHandler@645ba24a{/logs,file:///workdir/hadoop-ozone/ozonefs/target/log,UNAVAILABLE}
2019-09-20 08:46:40,025 [ForkJoinPool.commonPool-worker-1] INFO  handler.ContextHandler (ContextHandler.java:doStop(910)) - Stopped o.e.j.s.ServletContextHandler@3b27b497{/static,jar:file:/home/user/.m2/repository/org/apache/hadoop/hadoop-hdds-container-service/0.5.0-SNAPSHOT/hadoop-hdds-container-service-0.5.0-SNAPSHOT.jar!/webapps/static,UNAVAILABLE}
2019-09-20 08:46:40,026 [ForkJoinPool.commonPool-worker-1] INFO  handler.ContextHandler (ContextHandler.java:doStop(910)) - Stopped o.e.j.s.ServletContextHandler@5c5d6175{/logs,file:///workdir/hadoop-ozone/ozonefs/target/log,UNAVAILABLE}
2019-09-20 08:46:40,027 [main] INFO  datanode.ObjectStoreHandler (ObjectStoreHandler.java:close(155)) - Closing ObjectStoreHandler.
2019-09-20 08:46:40,028 [ForkJoinPool.commonPool-worker-1] INFO  datanode.ObjectStoreHandler (ObjectStoreHandler.java:close(155)) - Closing ObjectStoreHandler.
2019-09-20 08:46:40,028 [main] INFO  ozone.HddsDatanodeService (HddsDatanodeService.java:stop(451)) - Stopped plug-in org.apache.hadoop.ozone.web.OzoneHddsDatanodeService@2f60cbf2
2019-09-20 08:46:40,028 [ForkJoinPool.commonPool-worker-1] INFO  ozone.HddsDatanodeService (HddsDatanodeService.java:stop(451)) - Stopped plug-in org.apache.hadoop.ozone.web.OzoneHddsDatanodeService@7971c2a9
2019-09-20 08:46:40,361 [Datanode State Machine Thread - 0] INFO  statemachine.DatanodeStateMachine (DatanodeStateMachine.java:lambda$startDaemon$0(350)) - Ozone container server started.
2019-09-20 08:46:40,942 [Datanode State Machine Thread - 0] INFO  statemachine.DatanodeStateMachine (DatanodeStateMachine.java:lambda$startDaemon$0(350)) - Ozone container server started.
2019-09-20 08:46:45,029 [main] INFO  ozoneimpl.OzoneContainer (OzoneContainer.java:stop(199)) - Attempting to stop container services.
2019-09-20 08:46:45,029 [ForkJoinPool.commonPool-worker-1] INFO  ozoneimpl.OzoneContainer (OzoneContainer.java:stop(199)) - Attempting to stop container services.
2019-09-20 08:46:45,036 [main] INFO  impl.RaftServerProxy (RaftServerProxy.java:lambda$close$4(314)) - d3d24c2e-887e-42af-9ac0-80e26c3dc807: close
2019-09-20 08:46:45,036 [ForkJoinPool.commonPool-worker-1] INFO  impl.RaftServerProxy (RaftServerProxy.java:lambda$close$4(314)) - e997423e-4090-4042-87ee-7419d4cf7365: close
2019-09-20 08:46:45,036 [main] INFO  impl.RaftServerImpl (RaftServerImpl.java:lambda$shutdown$3(245)) - d3d24c2e-887e-42af-9ac0-80e26c3dc807: shutdown group-A3F9FAE83FAB
2019-09-20 08:46:45,036 [ForkJoinPool.commonPool-worker-1] INFO  impl.RaftServerImpl (RaftServerImpl.java:lambda$shutdown$3(245)) - e997423e-4090-4042-87ee-7419d4cf7365: shutdown group-F41A5AF99D59
2019-09-20 08:46:45,037 [main] INFO  util.JmxRegister (JmxRegister.java:unregister(73)) - Successfully un-registered JMX Bean with object name Ratis:service=RaftServer,group=group-A3F9FAE83FAB,id=d3d24c2e-887e-42af-9ac0-80e26c3dc807
2019-09-20 08:46:45,038 [main] INFO  impl.RoleInfo (RoleInfo.java:shutdownLeaderState(104)) - d3d24c2e-887e-42af-9ac0-80e26c3dc807: shutdown LeaderState
2019-09-20 08:46:45,037 [ForkJoinPool.commonPool-worker-1] INFO  util.JmxRegister (JmxRegister.java:unregister(73)) - Successfully un-registered JMX Bean with object name Ratis:service=RaftServer,group=group-F41A5AF99D59,id=e997423e-4090-4042-87ee-7419d4cf7365
2019-09-20 08:46:45,038 [main] INFO  impl.PendingRequests (PendingRequests.java:sendNotLeaderResponses(202)) - d3d24c2e-887e-42af-9ac0-80e26c3dc807-PendingRequests: sendNotLeaderResponses
2019-09-20 08:46:45,038 [ForkJoinPool.commonPool-worker-1] INFO  impl.RoleInfo (RoleInfo.java:shutdownLeaderState(104)) - e997423e-4090-4042-87ee-7419d4cf7365: shutdown LeaderState
2019-09-20 08:46:45,039 [main] INFO  impl.StateMachineUpdater (StateMachineUpdater.java:stopAndJoin(115)) - StateMachineUpdater:d3d24c2e-887e-42af-9ac0-80e26c3dc807:group-A3F9FAE83FAB: set stopIndex = 0
2019-09-20 08:46:45,039 [ForkJoinPool.commonPool-worker-1] INFO  impl.PendingRequests (PendingRequests.java:sendNotLeaderResponses(202)) - e997423e-4090-4042-87ee-7419d4cf7365-PendingRequests: sendNotLeaderResponses
2019-09-20 08:46:45,039 [main] INFO  impl.RaftServerImpl (ServerState.java:close(394)) - d3d24c2e-887e-42af-9ac0-80e26c3dc807:group-A3F9FAE83FAB closes. The last applied log index is 0
2019-09-20 08:46:45,040 [ForkJoinPool.commonPool-worker-1] INFO  impl.StateMachineUpdater (StateMachineUpdater.java:stopAndJoin(115)) - StateMachineUpdater:e997423e-4090-4042-87ee-7419d4cf7365:group-F41A5AF99D59: set stopIndex = 0
2019-09-20 08:46:45,040 [ForkJoinPool.commonPool-worker-1] INFO  impl.RaftServerImpl (ServerState.java:close(394)) - e997423e-4090-4042-87ee-7419d4cf7365:group-F41A5AF99D59 closes. The last applied log index is 0
2019-09-20 08:46:45,041 [d3d24c2e-887e-42af-9ac0-80e26c3dc807-SegmentedRaftLogWorker:Storage Directory /workdir/hadoop-ozone/ozonefs/target/test-dir/MiniOzoneClusterImpl-da5888fd-c692-4355-82c4-91aa98cbf569/datanode-7/data/ratis/adb1ba73-73f6-4c29-9993-a3f9fae83fab] INFO  segmented.SegmentedRaftLogWorker (SegmentedRaftLogWorker.java:run(313)) - d3d24c2e-887e-42af-9ac0-80e26c3dc807-SegmentedRaftLogWorker:Storage Directory /workdir/hadoop-ozone/ozonefs/target/test-dir/MiniOzoneClusterImpl-da5888fd-c692-4355-82c4-91aa98cbf569/datanode-7/data/ratis/adb1ba73-73f6-4c29-9993-a3f9fae83fab was interrupted, exiting. There are 0 tasks remaining in the queue.
2019-09-20 08:46:45,041 [main] INFO  segmented.SegmentedRaftLogWorker (SegmentedRaftLogWorker.java:close(228)) - d3d24c2e-887e-42af-9ac0-80e26c3dc807-SegmentedRaftLogWorker:Storage Directory /workdir/hadoop-ozone/ozonefs/target/test-dir/MiniOzoneClusterImpl-da5888fd-c692-4355-82c4-91aa98cbf569/datanode-7/data/ratis/adb1ba73-73f6-4c29-9993-a3f9fae83fab close()
2019-09-20 08:46:45,041 [e997423e-4090-4042-87ee-7419d4cf7365-SegmentedRaftLogWorker:Storage Directory /workdir/hadoop-ozone/ozonefs/target/test-dir/MiniOzoneClusterImpl-da5888fd-c692-4355-82c4-91aa98cbf569/datanode-1/data/ratis/6e68e246-f8c9-4234-8d2c-f41a5af99d59] INFO  segmented.SegmentedRaftLogWorker (SegmentedRaftLogWorker.java:run(313)) - e997423e-4090-4042-87ee-7419d4cf7365-SegmentedRaftLogWorker:Storage Directory /workdir/hadoop-ozone/ozonefs/target/test-dir/MiniOzoneClusterImpl-da5888fd-c692-4355-82c4-91aa98cbf569/datanode-1/data/ratis/6e68e246-f8c9-4234-8d2c-f41a5af99d59 was interrupted, exiting. There are 0 tasks remaining in the queue.
2019-09-20 08:46:45,042 [main] INFO  impl.RaftServerImpl (RaftServerImpl.java:lambda$shutdown$3(245)) - d3d24c2e-887e-42af-9ac0-80e26c3dc807: shutdown group-032342BC2ED5
2019-09-20 08:46:45,042 [main] INFO  util.JmxRegister (JmxRegister.java:unregister(73)) - Successfully un-registered JMX Bean with object name Ratis:service=RaftServer,group=group-032342BC2ED5,id=d3d24c2e-887e-42af-9ac0-80e26c3dc807
2019-09-20 08:46:45,043 [main] INFO  impl.RoleInfo (RoleInfo.java:shutdownLeaderState(104)) - d3d24c2e-887e-42af-9ac0-80e26c3dc807: shutdown LeaderState
2019-09-20 08:46:45,043 [main] INFO  impl.PendingRequests (PendingRequests.java:sendNotLeaderResponses(202)) - d3d24c2e-887e-42af-9ac0-80e26c3dc807-PendingRequests: sendNotLeaderResponses
2019-09-20 08:46:45,043 [main] INFO  impl.StateMachineUpdater (StateMachineUpdater.java:stopAndJoin(115)) - StateMachineUpdater:d3d24c2e-887e-42af-9ac0-80e26c3dc807:group-032342BC2ED5: set stopIndex = 0
2019-09-20 08:46:45,044 [main] INFO  impl.RaftServerImpl (ServerState.java:close(394)) - d3d24c2e-887e-42af-9ac0-80e26c3dc807:group-032342BC2ED5 closes. The last applied log index is 0
2019-09-20 08:46:45,044 [d3d24c2e-887e-42af-9ac0-80e26c3dc807-SegmentedRaftLogWorker:Storage Directory /workdir/hadoop-ozone/ozonefs/target/test-dir/MiniOzoneClusterImpl-da5888fd-c692-4355-82c4-91aa98cbf569/datanode-7/data/ratis/07aba8e3-5a09-4c4a-9394-032342bc2ed5] INFO  segmented.SegmentedRaftLogWorker (SegmentedRaftLogWorker.java:run(313)) - d3d24c2e-887e-42af-9ac0-80e26c3dc807-SegmentedRaftLogWorker:Storage Directory /workdir/hadoop-ozone/ozonefs/target/test-dir/MiniOzoneClusterImpl-da5888fd-c692-4355-82c4-91aa98cbf569/datanode-7/data/ratis/07aba8e3-5a09-4c4a-9394-032342bc2ed5 was interrupted, exiting. There are 0 tasks remaining in the queue.
2019-09-20 08:46:45,053 [main] INFO  segmented.SegmentedRaftLogWorker (SegmentedRaftLogWorker.java:close(228)) - d3d24c2e-887e-42af-9ac0-80e26c3dc807-SegmentedRaftLogWorker:Storage Directory /workdir/hadoop-ozone/ozonefs/target/test-dir/MiniOzoneClusterImpl-da5888fd-c692-4355-82c4-91aa98cbf569/datanode-7/data/ratis/07aba8e3-5a09-4c4a-9394-032342bc2ed5 close()
2019-09-20 08:46:45,053 [ForkJoinPool.commonPool-worker-1] INFO  segmented.SegmentedRaftLogWorker (SegmentedRaftLogWorker.java:close(228)) - e997423e-4090-4042-87ee-7419d4cf7365-SegmentedRaftLogWorker:Storage Directory /workdir/hadoop-ozone/ozonefs/target/test-dir/MiniOzoneClusterImpl-da5888fd-c692-4355-82c4-91aa98cbf569/datanode-1/data/ratis/6e68e246-f8c9-4234-8d2c-f41a5af99d59 close()
2019-09-20 08:46:45,053 [main] INFO  impl.RaftServerImpl (RaftServerImpl.java:lambda$shutdown$3(245)) - d3d24c2e-887e-42af-9ac0-80e26c3dc807: shutdown group-ECF9F0BD6B3D
2019-09-20 08:46:45,054 [ForkJoinPool.commonPool-worker-1] INFO  impl.RaftServerImpl (RaftServerImpl.java:lambda$shutdown$3(245)) - e997423e-4090-4042-87ee-7419d4cf7365: shutdown group-4E1C6B561598
2019-09-20 08:46:45,054 [main] INFO  util.JmxRegister (JmxRegister.java:unregister(73)) - Successfully un-registered JMX Bean with object name Ratis:service=RaftServer,group=group-ECF9F0BD6B3D,id=d3d24c2e-887e-42af-9ac0-80e26c3dc807
2019-09-20 08:46:45,054 [ForkJoinPool.commonPool-worker-1] INFO  util.JmxRegister (JmxRegister.java:unregister(73)) - Successfully un-registered JMX Bean with object name Ratis:service=RaftServer,group=group-4E1C6B561598,id=e997423e-4090-4042-87ee-7419d4cf7365
2019-09-20 08:46:45,055 [main] INFO  impl.RoleInfo (RoleInfo.java:shutdownLeaderState(104)) - d3d24c2e-887e-42af-9ac0-80e26c3dc807: shutdown LeaderState
2019-09-20 08:46:45,055 [ForkJoinPool.commonPool-worker-1] INFO  impl.RoleInfo (RoleInfo.java:shutdownLeaderState(104)) - e997423e-4090-4042-87ee-7419d4cf7365: shutdown LeaderState
2019-09-20 08:46:45,056 [main] INFO  impl.PendingRequests (PendingRequests.java:sendNotLeaderResponses(202)) - d3d24c2e-887e-42af-9ac0-80e26c3dc807-PendingRequests: sendNotLeaderResponses
2019-09-20 08:46:45,056 [ForkJoinPool.commonPool-worker-1] INFO  impl.PendingRequests (PendingRequests.java:sendNotLeaderResponses(202)) - e997423e-4090-4042-87ee-7419d4cf7365-PendingRequests: sendNotLeaderResponses
2019-09-20 08:46:45,056 [main] INFO  impl.StateMachineUpdater (StateMachineUpdater.java:stopAndJoin(115)) - StateMachineUpdater:d3d24c2e-887e-42af-9ac0-80e26c3dc807:group-ECF9F0BD6B3D: set stopIndex = 0
2019-09-20 08:46:45,057 [ForkJoinPool.commonPool-worker-1] INFO  impl.StateMachineUpdater (StateMachineUpdater.java:stopAndJoin(115)) - StateMachineUpdater:e997423e-4090-4042-87ee-7419d4cf7365:group-4E1C6B561598: set stopIndex = 0
2019-09-20 08:46:45,057 [main] INFO  impl.RaftServerImpl (ServerState.java:close(394)) - d3d24c2e-887e-42af-9ac0-80e26c3dc807:group-ECF9F0BD6B3D closes. The last applied log index is 0
2019-09-20 08:46:45,057 [ForkJoinPool.commonPool-worker-1] INFO  impl.RaftServerImpl (ServerState.java:close(394)) - e997423e-4090-4042-87ee-7419d4cf7365:group-4E1C6B561598 closes. The last applied log index is 0
2019-09-20 08:46:45,058 [d3d24c2e-887e-42af-9ac0-80e26c3dc807-SegmentedRaftLogWorker:Storage Directory /workdir/hadoop-ozone/ozonefs/target/test-dir/MiniOzoneClusterImpl-da5888fd-c692-4355-82c4-91aa98cbf569/datanode-7/data/ratis/80019530-f7d6-453c-bc3b-ecf9f0bd6b3d] INFO  segmented.SegmentedRaftLogWorker (SegmentedRaftLogWorker.java:run(313)) - d3d24c2e-887e-42af-9ac0-80e26c3dc807-SegmentedRaftLogWorker:Storage Directory /workdir/hadoop-ozone/ozonefs/target/test-dir/MiniOzoneClusterImpl-da5888fd-c692-4355-82c4-91aa98cbf569/datanode-7/data/ratis/80019530-f7d6-453c-bc3b-ecf9f0bd6b3d was interrupted, exiting. There are 0 tasks remaining in the queue.
2019-09-20 08:46:45,058 [main] INFO  segmented.SegmentedRaftLogWorker (SegmentedRaftLogWorker.java:close(228)) - d3d24c2e-887e-42af-9ac0-80e26c3dc807-SegmentedRaftLogWorker:Storage Directory /workdir/hadoop-ozone/ozonefs/target/test-dir/MiniOzoneClusterImpl-da5888fd-c692-4355-82c4-91aa98cbf569/datanode-7/data/ratis/80019530-f7d6-453c-bc3b-ecf9f0bd6b3d close()
2019-09-20 08:46:45,058 [e997423e-4090-4042-87ee-7419d4cf7365-SegmentedRaftLogWorker:Storage Directory /workdir/hadoop-ozone/ozonefs/target/test-dir/MiniOzoneClusterImpl-da5888fd-c692-4355-82c4-91aa98cbf569/datanode-1/data/ratis/e9483c05-e937-4d6e-8246-4e1c6b561598] INFO  segmented.SegmentedRaftLogWorker (SegmentedRaftLogWorker.java:run(313)) - e997423e-4090-4042-87ee-7419d4cf7365-SegmentedRaftLogWorker:Storage Directory /workdir/hadoop-ozone/ozonefs/target/test-dir/MiniOzoneClusterImpl-da5888fd-c692-4355-82c4-91aa98cbf569/datanode-1/data/ratis/e9483c05-e937-4d6e-8246-4e1c6b561598 was interrupted, exiting. There are 0 tasks remaining in the queue.
2019-09-20 08:46:45,059 [main] INFO  impl.RaftServerImpl (RaftServerImpl.java:lambda$shutdown$3(245)) - d3d24c2e-887e-42af-9ac0-80e26c3dc807: shutdown group-29D3BE3874AE
2019-09-20 08:46:45,059 [ForkJoinPool.commonPool-worker-1] INFO  segmented.SegmentedRaftLogWorker (SegmentedRaftLogWorker.java:close(228)) - e997423e-4090-4042-87ee-7419d4cf7365-SegmentedRaftLogWorker:Storage Directory /workdir/hadoop-ozone/ozonefs/target/test-dir/MiniOzoneClusterImpl-da5888fd-c692-4355-82c4-91aa98cbf569/datanode-1/data/ratis/e9483c05-e937-4d6e-8246-4e1c6b561598 close()
2019-09-20 08:46:45,059 [main] INFO  util.JmxRegister (JmxRegister.java:unregister(73)) - Successfully un-registered JMX Bean with object name Ratis:service=RaftServer,group=group-29D3BE3874AE,id=d3d24c2e-887e-42af-9ac0-80e26c3dc807
2019-09-20 08:46:45,060 [main] INFO  impl.RoleInfo (RoleInfo.java:shutdownLeaderState(104)) - d3d24c2e-887e-42af-9ac0-80e26c3dc807: shutdown LeaderState
2019-09-20 08:46:45,060 [ForkJoinPool.commonPool-worker-1] INFO  impl.RaftServerImpl (RaftServerImpl.java:lambda$shutdown$3(245)) - e997423e-4090-4042-87ee-7419d4cf7365: shutdown group-9775DB412483
2019-09-20 08:46:45,060 [main] INFO  impl.PendingRequests (PendingRequests.java:sendNotLeaderResponses(202)) - d3d24c2e-887e-42af-9ac0-80e26c3dc807-PendingRequests: sendNotLeaderResponses
2019-09-20 08:46:45,061 [ForkJoinPool.commonPool-worker-1] INFO  util.JmxRegister (JmxRegister.java:unregister(73)) - Successfully un-registered JMX Bean with object name Ratis:service=RaftServer,group=group-9775DB412483,id=e997423e-4090-4042-87ee-7419d4cf7365
2019-09-20 08:46:45,061 [main] INFO  impl.StateMachineUpdater (StateMachineUpdater.java:stopAndJoin(115)) - StateMachineUpdater:d3d24c2e-887e-42af-9ac0-80e26c3dc807:group-29D3BE3874AE: set stopIndex = 0
2019-09-20 08:46:45,061 [ForkJoinPool.commonPool-worker-1] INFO  impl.RoleInfo (RoleInfo.java:shutdownLeaderState(104)) - e997423e-4090-4042-87ee-7419d4cf7365: shutdown LeaderState
2019-09-20 08:46:45,062 [main] INFO  impl.RaftServerImpl (ServerState.java:close(394)) - d3d24c2e-887e-42af-9ac0-80e26c3dc807:group-29D3BE3874AE closes. The last applied log index is 0
2019-09-20 08:46:45,062 [ForkJoinPool.commonPool-worker-1] INFO  impl.PendingRequests (PendingRequests.java:sendNotLeaderResponses(202)) - e997423e-4090-4042-87ee-7419d4cf7365-PendingRequests: sendNotLeaderResponses
2019-09-20 08:46:45,063 [d3d24c2e-887e-42af-9ac0-80e26c3dc807-SegmentedRaftLogWorker:Storage Directory /workdir/hadoop-ozone/ozonefs/target/test-dir/MiniOzoneClusterImpl-da5888fd-c692-4355-82c4-91aa98cbf569/datanode-7/data/ratis/bec1b8c5-6003-44e7-86da-29d3be3874ae] INFO  segmented.SegmentedRaftLogWorker (SegmentedRaftLogWorker.java:run(313)) - d3d24c2e-887e-42af-9ac0-80e26c3dc807-SegmentedRaftLogWorker:Storage Directory /workdir/hadoop-ozone/ozonefs/target/test-dir/MiniOzoneClusterImpl-da5888fd-c692-4355-82c4-91aa98cbf569/datanode-7/data/ratis/bec1b8c5-6003-44e7-86da-29d3be3874ae was interrupted, exiting. There are 0 tasks remaining in the queue.
2019-09-20 08:46:45,063 [ForkJoinPool.commonPool-worker-1] INFO  impl.StateMachineUpdater (StateMachineUpdater.java:stopAndJoin(115)) - StateMachineUpdater:e997423e-4090-4042-87ee-7419d4cf7365:group-9775DB412483: set stopIndex = 0
2019-09-20 08:46:45,063 [main] INFO  segmented.SegmentedRaftLogWorker (SegmentedRaftLogWorker.java:close(228)) - d3d24c2e-887e-42af-9ac0-80e26c3dc807-SegmentedRaftLogWorker:Storage Directory /workdir/hadoop-ozone/ozonefs/target/test-dir/MiniOzoneClusterImpl-da5888fd-c692-4355-82c4-91aa98cbf569/datanode-7/data/ratis/bec1b8c5-6003-44e7-86da-29d3be3874ae close()
2019-09-20 08:46:45,063 [ForkJoinPool.commonPool-worker-1] INFO  impl.RaftServerImpl (ServerState.java:close(394)) - e997423e-4090-4042-87ee-7419d4cf7365:group-9775DB412483 closes. The last applied log index is 0
2019-09-20 08:46:45,064 [main] INFO  impl.RaftServerImpl (RaftServerImpl.java:lambda$shutdown$3(245)) - d3d24c2e-887e-42af-9ac0-80e26c3dc807: shutdown group-DAC5A3E459AC
2019-09-20 08:46:45,064 [e997423e-4090-4042-87ee-7419d4cf7365-SegmentedRaftLogWorker:Storage Directory /workdir/hadoop-ozone/ozonefs/target/test-dir/MiniOzoneClusterImpl-da5888fd-c692-4355-82c4-91aa98cbf569/datanode-1/data/ratis/373de93b-9dc0-4f97-ac36-9775db412483] INFO  segmented.SegmentedRaftLogWorker (SegmentedRaftLogWorker.java:run(313)) - e997423e-4090-4042-87ee-7419d4cf7365-SegmentedRaftLogWorker:Storage Directory /workdir/hadoop-ozone/ozonefs/target/test-dir/MiniOzoneClusterImpl-da5888fd-c692-4355-82c4-91aa98cbf569/datanode-1/data/ratis/373de93b-9dc0-4f97-ac36-9775db412483 was interrupted, exiting. There are 0 tasks remaining in the queue.
2019-09-20 08:46:45,064 [main] INFO  util.JmxRegister (JmxRegister.java:unregister(73)) - Successfully un-registered JMX Bean with object name Ratis:service=RaftServer,group=group-DAC5A3E459AC,id=d3d24c2e-887e-42af-9ac0-80e26c3dc807
2019-09-20 08:46:45,065 [ForkJoinPool.commonPool-worker-1] INFO  segmented.SegmentedRaftLogWorker (SegmentedRaftLogWorker.java:close(228)) - e997423e-4090-4042-87ee-7419d4cf7365-SegmentedRaftLogWorker:Storage Directory /workdir/hadoop-ozone/ozonefs/target/test-dir/MiniOzoneClusterImpl-da5888fd-c692-4355-82c4-91aa98cbf569/datanode-1/data/ratis/373de93b-9dc0-4f97-ac36-9775db412483 close()
2019-09-20 08:46:45,065 [main] INFO  impl.RoleInfo (RoleInfo.java:shutdownLeaderState(104)) - d3d24c2e-887e-42af-9ac0-80e26c3dc807: shutdown LeaderState
2019-09-20 08:46:45,065 [ForkJoinPool.commonPool-worker-1] INFO  impl.RaftServerImpl (RaftServerImpl.java:lambda$shutdown$3(245)) - e997423e-4090-4042-87ee-7419d4cf7365: shutdown group-38AE2DC86969
2019-09-20 08:46:45,066 [main] INFO  impl.PendingRequests (PendingRequests.java:sendNotLeaderResponses(202)) - d3d24c2e-887e-42af-9ac0-80e26c3dc807-PendingRequests: sendNotLeaderResponses
2019-09-20 08:46:45,066 [ForkJoinPool.commonPool-worker-1] INFO  util.JmxRegister (JmxRegister.java:unregister(73)) - Successfully un-registered JMX Bean with object name Ratis:service=RaftServer,group=group-38AE2DC86969,id=e997423e-4090-4042-87ee-7419d4cf7365
2019-09-20 08:46:45,067 [main] INFO  impl.StateMachineUpdater (StateMachineUpdater.java:stopAndJoin(115)) - StateMachineUpdater:d3d24c2e-887e-42af-9ac0-80e26c3dc807:group-DAC5A3E459AC: set stopIndex = 0
2019-09-20 08:46:45,067 [main] INFO  impl.RaftServerImpl (ServerState.java:close(394)) - d3d24c2e-887e-42af-9ac0-80e26c3dc807:group-DAC5A3E459AC closes. The last applied log index is 0
2019-09-20 08:46:45,067 [ForkJoinPool.commonPool-worker-1] INFO  impl.RoleInfo (RoleInfo.java:shutdownLeaderState(104)) - e997423e-4090-4042-87ee-7419d4cf7365: shutdown LeaderState
2019-09-20 08:46:45,068 [d3d24c2e-887e-42af-9ac0-80e26c3dc807-SegmentedRaftLogWorker:Storage Directory /workdir/hadoop-ozone/ozonefs/target/test-dir/MiniOzoneClusterImpl-da5888fd-c692-4355-82c4-91aa98cbf569/datanode-7/data/ratis/075f85c4-3fcd-486f-95bb-dac5a3e459ac] INFO  segmented.SegmentedRaftLogWorker (SegmentedRaftLogWorker.java:run(313)) - d3d24c2e-887e-42af-9ac0-80e26c3dc807-SegmentedRaftLogWorker:Storage Directory /workdir/hadoop-ozone/ozonefs/target/test-dir/MiniOzoneClusterImpl-da5888fd-c692-4355-82c4-91aa98cbf569/datanode-7/data/ratis/075f85c4-3fcd-486f-95bb-dac5a3e459ac was interrupted, exiting. There are 0 tasks remaining in the queue.
2019-09-20 08:46:45,068 [ForkJoinPool.commonPool-worker-1] INFO  impl.PendingRequests (PendingRequests.java:sendNotLeaderResponses(202)) - e997423e-4090-4042-87ee-7419d4cf7365-PendingRequests: sendNotLeaderResponses
2019-09-20 08:46:45,068 [main] INFO  segmented.SegmentedRaftLogWorker (SegmentedRaftLogWorker.java:close(228)) - d3d24c2e-887e-42af-9ac0-80e26c3dc807-SegmentedRaftLogWorker:Storage Directory /workdir/hadoop-ozone/ozonefs/target/test-dir/MiniOzoneClusterImpl-da5888fd-c692-4355-82c4-91aa98cbf569/datanode-7/data/ratis/075f85c4-3fcd-486f-95bb-dac5a3e459ac close()
2019-09-20 08:46:45,069 [ForkJoinPool.commonPool-worker-1] INFO  impl.StateMachineUpdater (StateMachineUpdater.java:stopAndJoin(115)) - StateMachineUpdater:e997423e-4090-4042-87ee-7419d4cf7365:group-38AE2DC86969: set stopIndex = 0
2019-09-20 08:46:45,069 [main] INFO  impl.RaftServerImpl (RaftServerImpl.java:lambda$shutdown$3(245)) - d3d24c2e-887e-42af-9ac0-80e26c3dc807: shutdown group-F6B80E624855
2019-09-20 08:46:45,069 [ForkJoinPool.commonPool-worker-1] INFO  impl.RaftServerImpl (ServerState.java:close(394)) - e997423e-4090-4042-87ee-7419d4cf7365:group-38AE2DC86969 closes. The last applied log index is 0
2019-09-20 08:46:45,070 [main] INFO  util.JmxRegister (JmxRegister.java:unregister(73)) - Successfully un-registered JMX Bean with object name Ratis:service=RaftServer,group=group-F6B80E624855,id=d3d24c2e-887e-42af-9ac0-80e26c3dc807
2019-09-20 08:46:45,070 [e997423e-4090-4042-87ee-7419d4cf7365-SegmentedRaftLogWorker:Storage Directory /workdir/hadoop-ozone/ozonefs/target/test-dir/MiniOzoneClusterImpl-da5888fd-c692-4355-82c4-91aa98cbf569/datanode-1/data/ratis/abb5b3aa-71df-462d-8fe0-38ae2dc86969] INFO  segmented.SegmentedRaftLogWorker (SegmentedRaftLogWorker.java:run(313)) - e997423e-4090-4042-87ee-7419d4cf7365-SegmentedRaftLogWorker:Storage Directory /workdir/hadoop-ozone/ozonefs/target/test-dir/MiniOzoneClusterImpl-da5888fd-c692-4355-82c4-91aa98cbf569/datanode-1/data/ratis/abb5b3aa-71df-462d-8fe0-38ae2dc86969 was interrupted, exiting. There are 0 tasks remaining in the queue.
2019-09-20 08:46:45,070 [main] INFO  impl.RoleInfo (RoleInfo.java:shutdownLeaderState(104)) - d3d24c2e-887e-42af-9ac0-80e26c3dc807: shutdown LeaderState
2019-09-20 08:46:45,071 [ForkJoinPool.commonPool-worker-1] INFO  segmented.SegmentedRaftLogWorker (SegmentedRaftLogWorker.java:close(228)) - e997423e-4090-4042-87ee-7419d4cf7365-SegmentedRaftLogWorker:Storage Directory /workdir/hadoop-ozone/ozonefs/target/test-dir/MiniOzoneClusterImpl-da5888fd-c692-4355-82c4-91aa98cbf569/datanode-1/data/ratis/abb5b3aa-71df-462d-8fe0-38ae2dc86969 close()
2019-09-20 08:46:45,071 [main] INFO  impl.PendingRequests (PendingRequests.java:sendNotLeaderResponses(202)) - d3d24c2e-887e-42af-9ac0-80e26c3dc807-PendingRequests: sendNotLeaderResponses
2019-09-20 08:46:45,071 [ForkJoinPool.commonPool-worker-1] INFO  impl.RaftServerImpl (RaftServerImpl.java:lambda$shutdown$3(245)) - e997423e-4090-4042-87ee-7419d4cf7365: shutdown group-4721E367BD19
2019-09-20 08:46:45,071 [main] INFO  impl.StateMachineUpdater (StateMachineUpdater.java:stopAndJoin(115)) - StateMachineUpdater:d3d24c2e-887e-42af-9ac0-80e26c3dc807:group-F6B80E624855: set stopIndex = 0
2019-09-20 08:46:45,072 [ForkJoinPool.commonPool-worker-1] INFO  util.JmxRegister (JmxRegister.java:unregister(73)) - Successfully un-registered JMX Bean with object name Ratis:service=RaftServer,group=group-4721E367BD19,id=e997423e-4090-4042-87ee-7419d4cf7365
2019-09-20 08:46:45,072 [main] INFO  impl.RaftServerImpl (ServerState.java:close(394)) - d3d24c2e-887e-42af-9ac0-80e26c3dc807:group-F6B80E624855 closes. The last applied log index is 0
2019-09-20 08:46:45,072 [ForkJoinPool.commonPool-worker-1] INFO  impl.RoleInfo (RoleInfo.java:shutdownLeaderState(104)) - e997423e-4090-4042-87ee-7419d4cf7365: shutdown LeaderState
2019-09-20 08:46:45,073 [d3d24c2e-887e-42af-9ac0-80e26c3dc807-SegmentedRaftLogWorker:Storage Directory /workdir/hadoop-ozone/ozonefs/target/test-dir/MiniOzoneClusterImpl-da5888fd-c692-4355-82c4-91aa98cbf569/datanode-7/data/ratis/596e5f56-a6c2-407c-a386-f6b80e624855] INFO  segmented.SegmentedRaftLogWorker (SegmentedRaftLogWorker.java:run(313)) - d3d24c2e-887e-42af-9ac0-80e26c3dc807-SegmentedRaftLogWorker:Storage Directory /workdir/hadoop-ozone/ozonefs/target/test-dir/MiniOzoneClusterImpl-da5888fd-c692-4355-82c4-91aa98cbf569/datanode-7/data/ratis/596e5f56-a6c2-407c-a386-f6b80e624855 was interrupted, exiting. There are 0 tasks remaining in the queue.
2019-09-20 08:46:45,073 [ForkJoinPool.commonPool-worker-1] INFO  impl.PendingRequests (PendingRequests.java:sendNotLeaderResponses(202)) - e997423e-4090-4042-87ee-7419d4cf7365-PendingRequests: sendNotLeaderResponses
2019-09-20 08:46:45,073 [main] INFO  segmented.SegmentedRaftLogWorker (SegmentedRaftLogWorker.java:close(228)) - d3d24c2e-887e-42af-9ac0-80e26c3dc807-SegmentedRaftLogWorker:Storage Directory /workdir/hadoop-ozone/ozonefs/target/test-dir/MiniOzoneClusterImpl-da5888fd-c692-4355-82c4-91aa98cbf569/datanode-7/data/ratis/596e5f56-a6c2-407c-a386-f6b80e624855 close()
2019-09-20 08:46:45,073 [ForkJoinPool.commonPool-worker-1] INFO  impl.StateMachineUpdater (StateMachineUpdater.java:stopAndJoin(115)) - StateMachineUpdater:e997423e-4090-4042-87ee-7419d4cf7365:group-4721E367BD19: set stopIndex = 0
2019-09-20 08:46:45,074 [main] INFO  server.GrpcService (GrpcService.java:closeImpl(155)) - d3d24c2e-887e-42af-9ac0-80e26c3dc807: shutdown server with port 46632 now
2019-09-20 08:46:45,074 [ForkJoinPool.commonPool-worker-1] INFO  impl.RaftServerImpl (ServerState.java:close(394)) - e997423e-4090-4042-87ee-7419d4cf7365:group-4721E367BD19 closes. The last applied log index is 0
2019-09-20 08:46:45,076 [main] INFO  server.GrpcService (GrpcService.java:closeImpl(163)) - d3d24c2e-887e-42af-9ac0-80e26c3dc807: shutdown server with port 46632 successfully
2019-09-20 08:46:45,077 [e997423e-4090-4042-87ee-7419d4cf7365-SegmentedRaftLogWorker:Storage Directory /workdir/hadoop-ozone/ozonefs/target/test-dir/MiniOzoneClusterImpl-da5888fd-c692-4355-82c4-91aa98cbf569/datanode-1/data/ratis/8ce7d9e4-505f-429e-81fe-4721e367bd19] INFO  segmented.SegmentedRaftLogWorker (SegmentedRaftLogWorker.java:run(313)) - e997423e-4090-4042-87ee-7419d4cf7365-SegmentedRaftLogWorker:Storage Directory /workdir/hadoop-ozone/ozonefs/target/test-dir/MiniOzoneClusterImpl-da5888fd-c692-4355-82c4-91aa98cbf569/datanode-1/data/ratis/8ce7d9e4-505f-429e-81fe-4721e367bd19 was interrupted, exiting. There are 0 tasks remaining in the queue.
2019-09-20 08:46:45,077 [ForkJoinPool.commonPool-worker-1] INFO  segmented.SegmentedRaftLogWorker (SegmentedRaftLogWorker.java:close(228)) - e997423e-4090-4042-87ee-7419d4cf7365-SegmentedRaftLogWorker:Storage Directory /workdir/hadoop-ozone/ozonefs/target/test-dir/MiniOzoneClusterImpl-da5888fd-c692-4355-82c4-91aa98cbf569/datanode-1/data/ratis/8ce7d9e4-505f-429e-81fe-4721e367bd19 close()
2019-09-20 08:46:45,077 [ForkJoinPool.commonPool-worker-1] INFO  impl.RaftServerImpl (RaftServerImpl.java:lambda$shutdown$3(245)) - e997423e-4090-4042-87ee-7419d4cf7365: shutdown group-495054ABD03E
2019-09-20 08:46:45,078 [ForkJoinPool.commonPool-worker-1] INFO  util.JmxRegister (JmxRegister.java:unregister(73)) - Successfully un-registered JMX Bean with object name Ratis:service=RaftServer,group=group-495054ABD03E,id=e997423e-4090-4042-87ee-7419d4cf7365
2019-09-20 08:46:45,078 [ForkJoinPool.commonPool-worker-1] INFO  impl.RoleInfo (RoleInfo.java:shutdownLeaderState(104)) - e997423e-4090-4042-87ee-7419d4cf7365: shutdown LeaderState
2019-09-20 08:46:45,078 [main] INFO  utils.BackgroundService (BackgroundService.java:shutdown(148)) - Shutting down service BlockDeletingService
2019-09-20 08:46:45,078 [ForkJoinPool.commonPool-worker-1] INFO  impl.PendingRequests (PendingRequests.java:sendNotLeaderResponses(202)) - e997423e-4090-4042-87ee-7419d4cf7365-PendingRequests: sendNotLeaderResponses
2019-09-20 08:46:45,079 [ForkJoinPool.commonPool-worker-1] INFO  impl.StateMachineUpdater (StateMachineUpdater.java:stopAndJoin(115)) - StateMachineUpdater:e997423e-4090-4042-87ee-7419d4cf7365:group-495054ABD03E: set stopIndex = 0
2019-09-20 08:46:45,080 [ForkJoinPool.commonPool-worker-1] INFO  impl.RaftServerImpl (ServerState.java:close(394)) - e997423e-4090-4042-87ee-7419d4cf7365:group-495054ABD03E closes. The last applied log index is 0
2019-09-20 08:46:45,080 [e997423e-4090-4042-87ee-7419d4cf7365-SegmentedRaftLogWorker:Storage Directory /workdir/hadoop-ozone/ozonefs/target/test-dir/MiniOzoneClusterImpl-da5888fd-c692-4355-82c4-91aa98cbf569/datanode-1/data/ratis/7ec72173-172a-4d4b-962a-495054abd03e] INFO  segmented.SegmentedRaftLogWorker (SegmentedRaftLogWorker.java:run(313)) - e997423e-4090-4042-87ee-7419d4cf7365-SegmentedRaftLogWorker:Storage Directory /workdir/hadoop-ozone/ozonefs/target/test-dir/MiniOzoneClusterImpl-da5888fd-c692-4355-82c4-91aa98cbf569/datanode-1/data/ratis/7ec72173-172a-4d4b-962a-495054abd03e was interrupted, exiting. There are 0 tasks remaining in the queue.
2019-09-20 08:46:45,080 [ForkJoinPool.commonPool-worker-1] INFO  segmented.SegmentedRaftLogWorker (SegmentedRaftLogWorker.java:close(228)) - e997423e-4090-4042-87ee-7419d4cf7365-SegmentedRaftLogWorker:Storage Directory /workdir/hadoop-ozone/ozonefs/target/test-dir/MiniOzoneClusterImpl-da5888fd-c692-4355-82c4-91aa98cbf569/datanode-1/data/ratis/7ec72173-172a-4d4b-962a-495054abd03e close()
2019-09-20 08:46:45,081 [refreshUsed-/workdir/hadoop-ozone/ozonefs/target/test-dir/MiniOzoneClusterImpl-da5888fd-c692-4355-82c4-91aa98cbf569/datanode-7/data/containers] WARN  fs.CachingGetSpaceUsed (CachingGetSpaceUsed.java:run(183)) - Thread Interrupted waiting to refresh disk information: sleep interrupted
2019-09-20 08:46:45,081 [ForkJoinPool.commonPool-worker-1] INFO  server.GrpcService (GrpcService.java:closeImpl(155)) - e997423e-4090-4042-87ee-7419d4cf7365: shutdown server with port 35366 now
2019-09-20 08:46:45,083 [ForkJoinPool.commonPool-worker-1] INFO  server.GrpcService (GrpcService.java:closeImpl(163)) - e997423e-4090-4042-87ee-7419d4cf7365: shutdown server with port 35366 successfully
2019-09-20 08:46:45,095 [ForkJoinPool.commonPool-worker-1] INFO  utils.BackgroundService (BackgroundService.java:shutdown(148)) - Shutting down service BlockDeletingService
2019-09-20 08:46:45,097 [refreshUsed-/workdir/hadoop-ozone/ozonefs/target/test-dir/MiniOzoneClusterImpl-da5888fd-c692-4355-82c4-91aa98cbf569/datanode-1/data/containers] WARN  fs.CachingGetSpaceUsed (CachingGetSpaceUsed.java:run(183)) - Thread Interrupted waiting to refresh disk information: sleep interrupted
2019-09-20 08:46:45,114 [main] INFO  statemachine.DatanodeStateMachine (DatanodeStateMachine.java:stopDaemon(395)) - Ozone container server stopped.
2019-09-20 08:46:45,115 [main] INFO  handler.ContextHandler (ContextHandler.java:doStop(910)) - Stopped o.e.j.w.WebAppContext@6f0c45f4{/,null,UNAVAILABLE}{/hddsDatanode}
2019-09-20 08:46:45,116 [main] INFO  server.AbstractConnector (AbstractConnector.java:doStop(318)) - Stopped ServerConnector@45571cfc{HTTP/1.1,[http/1.1]}{0.0.0.0:0}
2019-09-20 08:46:45,116 [main] INFO  handler.ContextHandler (ContextHandler.java:doStop(910)) - Stopped o.e.j.s.ServletContextHandler@5e24592e{/static,jar:file:/home/user/.m2/repository/org/apache/hadoop/hadoop-hdds-container-service/0.5.0-SNAPSHOT/hadoop-hdds-container-service-0.5.0-SNAPSHOT.jar!/webapps/static,UNAVAILABLE}
2019-09-20 08:46:45,117 [main] INFO  handler.ContextHandler (ContextHandler.java:doStop(910)) - Stopped o.e.j.s.ServletContextHandler@3ac0a14b{/logs,file:///workdir/hadoop-ozone/ozonefs/target/log,UNAVAILABLE}
2019-09-20 08:46:45,127 [ForkJoinPool.commonPool-worker-1] INFO  statemachine.DatanodeStateMachine (DatanodeStateMachine.java:stopDaemon(395)) - Ozone container server stopped.
2019-09-20 08:46:45,130 [ForkJoinPool.commonPool-worker-1] INFO  handler.ContextHandler (ContextHandler.java:doStop(910)) - Stopped o.e.j.w.WebAppContext@475f5672{/,null,UNAVAILABLE}{/hddsDatanode}
2019-09-20 08:46:45,131 [ForkJoinPool.commonPool-worker-1] INFO  server.AbstractConnector (AbstractConnector.java:doStop(318)) - Stopped ServerConnector@616a06e3{HTTP/1.1,[http/1.1]}{0.0.0.0:0}
2019-09-20 08:46:45,132 [ForkJoinPool.commonPool-worker-1] INFO  handler.ContextHandler (ContextHandler.java:doStop(910)) - Stopped o.e.j.s.ServletContextHandler@7ce29a2d{/static,jar:file:/home/user/.m2/repository/org/apache/hadoop/hadoop-hdds-container-service/0.5.0-SNAPSHOT/hadoop-hdds-container-service-0.5.0-SNAPSHOT.jar!/webapps/static,UNAVAILABLE}
2019-09-20 08:46:45,133 [ForkJoinPool.commonPool-worker-1] INFO  handler.ContextHandler (ContextHandler.java:doStop(910)) - Stopped o.e.j.s.ServletContextHandler@62d40e31{/logs,file:///workdir/hadoop-ozone/ozonefs/target/log,UNAVAILABLE}
2019-09-20 08:46:45,135 [main] INFO  ozone.MiniOzoneClusterImpl (MiniOzoneClusterImpl.java:stop(353)) - Stopping the StorageContainerManager
2019-09-20 08:46:45,135 [main] INFO  server.StorageContainerManager (StorageContainerManager.java:stop(797)) - Stopping Replication Manager Service.
2019-09-20 08:46:45,135 [main] INFO  container.ReplicationManager (ReplicationManager.java:stop(192)) - Stopping Replication Monitor Thread.
2019-09-20 08:46:45,135 [main] INFO  server.StorageContainerManager (StorageContainerManager.java:stop(804)) - Stopping Lease Manager of the command watchers
2019-09-20 08:46:45,135 [main] INFO  server.StorageContainerManager (StorageContainerManager.java:stop(811)) - Stopping datanode service RPC server
2019-09-20 08:46:45,136 [main] INFO  server.SCMDatanodeProtocolServer (SCMDatanodeProtocolServer.java:stop(367)) - Stopping the RPC server for DataNodes
2019-09-20 08:46:45,136 [main] INFO  ipc.Server (Server.java:stop(3082)) - Stopping server on 36551
2019-09-20 08:46:45,138 [IPC Server Responder] INFO  ipc.Server (Server.java:run(1319)) - Stopping IPC Server Responder
2019-09-20 08:46:45,138 [IPC Server listener on 36551] INFO  ipc.Server (Server.java:run(1185)) - Stopping IPC Server listener on 36551
2019-09-20 08:46:45,169 [SCM Heartbeat Processing Thread - 0] WARN  node.NodeStateManager (NodeStateManager.java:scheduleNextHealthCheck(655)) - Current Thread is interrupted, shutting down HB processing thread for Node Manager.
2019-09-20 08:46:45,169 [main] INFO  server.StorageContainerManager (StorageContainerManager.java:stop(819)) - Stopping block service RPC server
2019-09-20 08:46:45,169 [main] INFO  server.SCMBlockProtocolServer (SCMBlockProtocolServer.java:stop(148)) - Stopping the RPC server for Block Protocol
2019-09-20 08:46:45,170 [main] INFO  ipc.Server (Server.java:stop(3082)) - Stopping server on 45670
2019-09-20 08:46:45,170 [main] INFO  server.StorageContainerManager (StorageContainerManager.java:stop(826)) - Stopping the StorageContainerLocationProtocol RPC server
2019-09-20 08:46:45,172 [IPC Server listener on 45670] INFO  ipc.Server (Server.java:run(1185)) - Stopping IPC Server listener on 45670
2019-09-20 08:46:45,172 [main] INFO  server.SCMClientProtocolServer (SCMClientProtocolServer.java:stop(159)) - Stopping the RPC server for Client Protocol
2019-09-20 08:46:45,172 [IPC Server Responder] INFO  ipc.Server (Server.java:run(1319)) - Stopping IPC Server Responder
2019-09-20 08:46:45,172 [main] INFO  ipc.Server (Server.java:stop(3082)) - Stopping server on 37058
2019-09-20 08:46:45,174 [IPC Server listener on 37058] INFO  ipc.Server (Server.java:run(1185)) - Stopping IPC Server listener on 37058
2019-09-20 08:46:45,175 [main] INFO  server.StorageContainerManager (StorageContainerManager.java:stop(833)) - Stopping Storage Container Manager HTTP server.
2019-09-20 08:46:45,175 [IPC Server Responder] INFO  ipc.Server (Server.java:run(1319)) - Stopping IPC Server Responder
2019-09-20 08:46:45,176 [main] INFO  handler.ContextHandler (ContextHandler.java:doStop(910)) - Stopped o.e.j.w.WebAppContext@433ffad1{/,null,UNAVAILABLE}{/scm}
2019-09-20 08:46:45,176 [main] INFO  server.AbstractConnector (AbstractConnector.java:doStop(318)) - Stopped ServerConnector@46cf05f7{HTTP/1.1,[http/1.1]}{0.0.0.0:0}
2019-09-20 08:46:45,177 [main] INFO  handler.ContextHandler (ContextHandler.java:doStop(910)) - Stopped o.e.j.s.ServletContextHandler@25b2cfcb{/static,jar:file:/home/user/.m2/repository/org/apache/hadoop/hadoop-hdds-server-scm/0.5.0-SNAPSHOT/hadoop-hdds-server-scm-0.5.0-SNAPSHOT.jar!/webapps/static,UNAVAILABLE}
2019-09-20 08:46:45,177 [main] INFO  handler.ContextHandler (ContextHandler.java:doStop(910)) - Stopped o.e.j.s.ServletContextHandler@6aecbb8d{/logs,file:///workdir/hadoop-ozone/ozonefs/target/log,UNAVAILABLE}
2019-09-20 08:46:45,178 [main] INFO  server.StorageContainerManager (StorageContainerManager.java:stop(844)) - Stopping Block Manager Service.
2019-09-20 08:46:45,178 [main] INFO  utils.BackgroundService (BackgroundService.java:shutdown(148)) - Shutting down service SCMBlockDeletingService
2019-09-20 08:46:45,179 [main] INFO  utils.BackgroundService (BackgroundService.java:shutdown(148)) - Shutting down service SCMBlockDeletingService
2019-09-20 08:46:45,180 [main] INFO  server.StorageContainerManager (StorageContainerManager.java:stop(866)) - Stopping SCM Event Queue.
2019-09-20 08:46:45,186 [main] INFO  impl.MetricsSystemImpl (MetricsSystemImpl.java:stop(210)) - Stopping HddsDatanode metrics system...
2019-09-20 08:46:45,196 [main] INFO  impl.MetricsSystemImpl (MetricsSystemImpl.java:stop(216)) - HddsDatanode metrics system stopped.
]]></system-out>
    <system-err><![CDATA[Sep 20, 2019 8:46:01 AM com.sun.jersey.server.impl.application.WebApplicationImpl _initiate
INFO: Initiating Jersey application, version 'Jersey: 1.19 02/11/2015 03:25 AM'
Sep 20, 2019 8:46:02 AM com.sun.jersey.server.impl.application.WebApplicationImpl _initiate
INFO: Initiating Jersey application, version 'Jersey: 1.19 02/11/2015 03:25 AM'
Sep 20, 2019 8:46:02 AM com.sun.jersey.server.impl.application.WebApplicationImpl _initiate
INFO: Initiating Jersey application, version 'Jersey: 1.19 02/11/2015 03:25 AM'
Sep 20, 2019 8:46:03 AM com.sun.jersey.server.impl.application.WebApplicationImpl _initiate
INFO: Initiating Jersey application, version 'Jersey: 1.19 02/11/2015 03:25 AM'
Sep 20, 2019 8:46:03 AM com.sun.jersey.server.impl.application.WebApplicationImpl _initiate
INFO: Initiating Jersey application, version 'Jersey: 1.19 02/11/2015 03:25 AM'
Sep 20, 2019 8:46:03 AM com.sun.jersey.server.impl.application.WebApplicationImpl _initiate
INFO: Initiating Jersey application, version 'Jersey: 1.19 02/11/2015 03:25 AM'
Sep 20, 2019 8:46:03 AM com.sun.jersey.server.impl.application.WebApplicationImpl _initiate
INFO: Initiating Jersey application, version 'Jersey: 1.19 02/11/2015 03:25 AM'
Sep 20, 2019 8:46:04 AM com.sun.jersey.server.impl.application.WebApplicationImpl _initiate
INFO: Initiating Jersey application, version 'Jersey: 1.19 02/11/2015 03:25 AM'
Sep 20, 2019 8:46:04 AM com.sun.jersey.server.impl.application.WebApplicationImpl _initiate
INFO: Initiating Jersey application, version 'Jersey: 1.19 02/11/2015 03:25 AM'
Sep 20, 2019 8:46:04 AM com.sun.jersey.server.impl.application.WebApplicationImpl _initiate
INFO: Initiating Jersey application, version 'Jersey: 1.19 02/11/2015 03:25 AM'
Sep 20, 2019 8:46:09 AM com.sun.jersey.server.impl.application.WebApplicationImpl _initiate
INFO: Initiating Jersey application, version 'Jersey: 1.19 02/11/2015 03:25 AM'
]]></system-err>
  </testcase>
</testsuite>