<?xml version="1.0" encoding="UTF-8"?>
<testsuite xmlns:xsi="http://www.w3.org/2001/XMLSchema-instance" xsi:noNamespaceSchemaLocation="https://maven.apache.org/surefire/maven-surefire-plugin/xsd/surefire-test-report.xsd" name="org.apache.hadoop.fs.ozone.TestOzoneFileInterfaces" time="219.774" tests="12" errors="2" skipped="0" failures="0">
  <properties>
    <property name="awt.toolkit" value="sun.awt.X11.XToolkit"/>
    <property name="file.encoding.pkg" value="sun.io"/>
    <property name="java.specification.version" value="1.8"/>
    <property name="sun.cpu.isalist" value=""/>
    <property name="sun.jnu.encoding" value="UTF-8"/>
    <property name="java.class.path" value="/workdir/hadoop-ozone/ozonefs/target/test-classes:/workdir/hadoop-ozone/ozonefs/target/classes:/home/user/.m2/repository/org/apache/hadoop/hadoop-common/3.2.0/hadoop-common-3.2.0.jar:/home/user/.m2/repository/org/apache/hadoop/hadoop-annotations/3.2.0/hadoop-annotations-3.2.0.jar:/usr/lib/jvm/java-1.8-openjdk/jre/../lib/tools.jar:/home/user/.m2/repository/com/google/guava/guava/11.0.2/guava-11.0.2.jar:/home/user/.m2/repository/commons-cli/commons-cli/1.2/commons-cli-1.2.jar:/home/user/.m2/repository/org/apache/commons/commons-math3/3.1.1/commons-math3-3.1.1.jar:/home/user/.m2/repository/org/apache/httpcomponents/httpclient/4.5.2/httpclient-4.5.2.jar:/home/user/.m2/repository/org/apache/httpcomponents/httpcore/4.4.4/httpcore-4.4.4.jar:/home/user/.m2/repository/commons-codec/commons-codec/1.11/commons-codec-1.11.jar:/home/user/.m2/repository/commons-io/commons-io/2.5/commons-io-2.5.jar:/home/user/.m2/repository/commons-net/commons-net/3.6/commons-net-3.6.jar:/home/user/.m2/repository/commons-collections/commons-collections/3.2.2/commons-collections-3.2.2.jar:/home/user/.m2/repository/javax/servlet/javax.servlet-api/3.1.0/javax.servlet-api-3.1.0.jar:/home/user/.m2/repository/org/eclipse/jetty/jetty-server/9.3.24.v20180605/jetty-server-9.3.24.v20180605.jar:/home/user/.m2/repository/org/eclipse/jetty/jetty-http/9.3.24.v20180605/jetty-http-9.3.24.v20180605.jar:/home/user/.m2/repository/org/eclipse/jetty/jetty-io/9.3.24.v20180605/jetty-io-9.3.24.v20180605.jar:/home/user/.m2/repository/org/eclipse/jetty/jetty-util/9.3.24.v20180605/jetty-util-9.3.24.v20180605.jar:/home/user/.m2/repository/org/eclipse/jetty/jetty-servlet/9.3.24.v20180605/jetty-servlet-9.3.24.v20180605.jar:/home/user/.m2/repository/org/eclipse/jetty/jetty-security/9.3.24.v20180605/jetty-security-9.3.24.v20180605.jar:/home/user/.m2/repository/org/eclipse/jetty/jetty-webapp/9.3.24.v20180605/jetty-webapp-9.3.24.v20180605.jar:/home/user/.m2/repository/org/eclipse/jetty/jetty-xml/9.3.24.v20180605/jetty-xml-9.3.24.v20180605.jar:/home/user/.m2/repository/javax/servlet/jsp/jsp-api/2.1/jsp-api-2.1.jar:/home/user/.m2/repository/com/sun/jersey/jersey-core/1.19/jersey-core-1.19.jar:/home/user/.m2/repository/javax/ws/rs/jsr311-api/1.1.1/jsr311-api-1.1.1.jar:/home/user/.m2/repository/com/sun/jersey/jersey-servlet/1.19/jersey-servlet-1.19.jar:/home/user/.m2/repository/com/sun/jersey/jersey-json/1.19/jersey-json-1.19.jar:/home/user/.m2/repository/org/codehaus/jettison/jettison/1.1/jettison-1.1.jar:/home/user/.m2/repository/com/sun/xml/bind/jaxb-impl/2.3.0.1/jaxb-impl-2.3.0.1.jar:/home/user/.m2/repository/org/codehaus/jackson/jackson-core-asl/1.9.13/jackson-core-asl-1.9.13.jar:/home/user/.m2/repository/org/codehaus/jackson/jackson-mapper-asl/1.9.13/jackson-mapper-asl-1.9.13.jar:/home/user/.m2/repository/org/codehaus/jackson/jackson-jaxrs/1.9.13/jackson-jaxrs-1.9.13.jar:/home/user/.m2/repository/org/codehaus/jackson/jackson-xc/1.9.13/jackson-xc-1.9.13.jar:/home/user/.m2/repository/com/sun/jersey/jersey-server/1.19/jersey-server-1.19.jar:/home/user/.m2/repository/commons-logging/commons-logging/1.1.3/commons-logging-1.1.3.jar:/home/user/.m2/repository/log4j/log4j/1.2.17/log4j-1.2.17.jar:/home/user/.m2/repository/commons-beanutils/commons-beanutils/1.9.3/commons-beanutils-1.9.3.jar:/home/user/.m2/repository/org/apache/commons/commons-configuration2/2.1.1/commons-configuration2-2.1.1.jar:/home/user/.m2/repository/org/apache/commons/commons-lang3/3.7/commons-lang3-3.7.jar:/home/user/.m2/repository/org/apache/commons/commons-text/1.4/commons-text-1.4.jar:/home/user/.m2/repository/org/slf4j/slf4j-api/1.7.25/slf4j-api-1.7.25.jar:/home/user/.m2/repository/org/slf4j/slf4j-log4j12/1.7.25/slf4j-log4j12-1.7.25.jar:/home/user/.m2/repository/org/apache/avro/avro/1.7.7/avro-1.7.7.jar:/home/user/.m2/repository/com/thoughtworks/paranamer/paranamer/2.3/paranamer-2.3.jar:/home/user/.m2/repository/org/xerial/snappy/snappy-java/1.0.5/snappy-java-1.0.5.jar:/home/user/.m2/repository/com/google/re2j/re2j/1.1/re2j-1.1.jar:/home/user/.m2/repository/com/google/protobuf/protobuf-java/2.5.0/protobuf-java-2.5.0.jar:/home/user/.m2/repository/com/google/code/gson/gson/2.2.4/gson-2.2.4.jar:/home/user/.m2/repository/org/apache/hadoop/hadoop-auth/3.2.0/hadoop-auth-3.2.0.jar:/home/user/.m2/repository/com/nimbusds/nimbus-jose-jwt/4.41.1/nimbus-jose-jwt-4.41.1.jar:/home/user/.m2/repository/com/github/stephenc/jcip/jcip-annotations/1.0-1/jcip-annotations-1.0-1.jar:/home/user/.m2/repository/net/minidev/json-smart/2.3/json-smart-2.3.jar:/home/user/.m2/repository/net/minidev/accessors-smart/1.2/accessors-smart-1.2.jar:/home/user/.m2/repository/org/apache/curator/curator-framework/2.12.0/curator-framework-2.12.0.jar:/home/user/.m2/repository/com/jcraft/jsch/0.1.54/jsch-0.1.54.jar:/home/user/.m2/repository/org/apache/curator/curator-client/2.12.0/curator-client-2.12.0.jar:/home/user/.m2/repository/org/apache/curator/curator-recipes/2.12.0/curator-recipes-2.12.0.jar:/home/user/.m2/repository/com/google/code/findbugs/jsr305/3.0.0/jsr305-3.0.0.jar:/home/user/.m2/repository/org/apache/htrace/htrace-core4/4.1.0-incubating/htrace-core4-4.1.0-incubating.jar:/home/user/.m2/repository/org/apache/zookeeper/zookeeper/3.4.13/zookeeper-3.4.13.jar:/home/user/.m2/repository/org/apache/yetus/audience-annotations/0.5.0/audience-annotations-0.5.0.jar:/home/user/.m2/repository/org/apache/commons/commons-compress/1.4.1/commons-compress-1.4.1.jar:/home/user/.m2/repository/org/tukaani/xz/1.0/xz-1.0.jar:/home/user/.m2/repository/org/apache/kerby/kerb-simplekdc/1.0.1/kerb-simplekdc-1.0.1.jar:/home/user/.m2/repository/org/apache/kerby/kerb-client/1.0.1/kerb-client-1.0.1.jar:/home/user/.m2/repository/org/apache/kerby/kerby-config/1.0.1/kerby-config-1.0.1.jar:/home/user/.m2/repository/org/apache/kerby/kerb-core/1.0.1/kerb-core-1.0.1.jar:/home/user/.m2/repository/org/apache/kerby/kerby-pkix/1.0.1/kerby-pkix-1.0.1.jar:/home/user/.m2/repository/org/apache/kerby/kerby-asn1/1.0.1/kerby-asn1-1.0.1.jar:/home/user/.m2/repository/org/apache/kerby/kerby-util/1.0.1/kerby-util-1.0.1.jar:/home/user/.m2/repository/org/apache/kerby/kerb-common/1.0.1/kerb-common-1.0.1.jar:/home/user/.m2/repository/org/apache/kerby/kerb-crypto/1.0.1/kerb-crypto-1.0.1.jar:/home/user/.m2/repository/org/apache/kerby/kerb-util/1.0.1/kerb-util-1.0.1.jar:/home/user/.m2/repository/org/apache/kerby/token-provider/1.0.1/token-provider-1.0.1.jar:/home/user/.m2/repository/org/apache/kerby/kerb-admin/1.0.1/kerb-admin-1.0.1.jar:/home/user/.m2/repository/org/apache/kerby/kerb-server/1.0.1/kerb-server-1.0.1.jar:/home/user/.m2/repository/org/apache/kerby/kerb-identity/1.0.1/kerb-identity-1.0.1.jar:/home/user/.m2/repository/org/apache/kerby/kerby-xdr/1.0.1/kerby-xdr-1.0.1.jar:/home/user/.m2/repository/com/fasterxml/jackson/core/jackson-databind/2.9.5/jackson-databind-2.9.5.jar:/home/user/.m2/repository/com/fasterxml/jackson/core/jackson-annotations/2.9.5/jackson-annotations-2.9.5.jar:/home/user/.m2/repository/com/fasterxml/jackson/core/jackson-core/2.9.5/jackson-core-2.9.5.jar:/home/user/.m2/repository/org/codehaus/woodstox/stax2-api/3.1.4/stax2-api-3.1.4.jar:/home/user/.m2/repository/com/fasterxml/woodstox/woodstox-core/5.0.3/woodstox-core-5.0.3.jar:/home/user/.m2/repository/dnsjava/dnsjava/2.1.7/dnsjava-2.1.7.jar:/home/user/.m2/repository/org/apache/hadoop/hadoop-hdfs/3.2.0/hadoop-hdfs-3.2.0.jar:/home/user/.m2/repository/org/eclipse/jetty/jetty-util-ajax/9.3.24.v20180605/jetty-util-ajax-9.3.24.v20180605.jar:/home/user/.m2/repository/commons-daemon/commons-daemon/1.0.13/commons-daemon-1.0.13.jar:/home/user/.m2/repository/io/netty/netty/3.10.5.Final/netty-3.10.5.Final.jar:/home/user/.m2/repository/io/netty/netty-all/4.0.52.Final/netty-all-4.0.52.Final.jar:/home/user/.m2/repository/org/fusesource/leveldbjni/leveldbjni-all/1.8/leveldbjni-all-1.8.jar:/home/user/.m2/repository/org/apache/hadoop/hadoop-hdds-common/0.5.0-SNAPSHOT/hadoop-hdds-common-0.5.0-SNAPSHOT.jar:/home/user/.m2/repository/org/apache/hadoop/hadoop-hdds-config/0.5.0-SNAPSHOT/hadoop-hdds-config-0.5.0-SNAPSHOT.jar:/home/user/.m2/repository/javax/annotation/javax.annotation-api/1.2/javax.annotation-api-1.2.jar:/home/user/.m2/repository/org/apache/ratis/ratis-server/0.4.0-2337318-SNAPSHOT/ratis-server-0.4.0-2337318-SNAPSHOT.jar:/home/user/.m2/repository/org/apache/ratis/ratis-thirdparty-misc/0.2.0/ratis-thirdparty-misc-0.2.0.jar:/home/user/.m2/repository/org/apache/ratis/ratis-proto/0.4.0-2337318-SNAPSHOT/ratis-proto-0.4.0-2337318-SNAPSHOT.jar:/home/user/.m2/repository/org/apache/ratis/ratis-common/0.4.0-2337318-SNAPSHOT/ratis-common-0.4.0-2337318-SNAPSHOT.jar:/home/user/.m2/repository/org/apache/ratis/ratis-client/0.4.0-2337318-SNAPSHOT/ratis-client-0.4.0-2337318-SNAPSHOT.jar:/home/user/.m2/repository/org/apache/ratis/ratis-metrics/0.4.0-2337318-SNAPSHOT/ratis-metrics-0.4.0-2337318-SNAPSHOT.jar:/home/user/.m2/repository/org/apache/ratis/ratis-netty/0.4.0-2337318-SNAPSHOT/ratis-netty-0.4.0-2337318-SNAPSHOT.jar:/home/user/.m2/repository/org/apache/ratis/ratis-grpc/0.4.0-2337318-SNAPSHOT/ratis-grpc-0.4.0-2337318-SNAPSHOT.jar:/home/user/.m2/repository/org/rocksdb/rocksdbjni/6.0.1/rocksdbjni-6.0.1.jar:/home/user/.m2/repository/org/apache/logging/log4j/log4j-api/2.11.0/log4j-api-2.11.0.jar:/home/user/.m2/repository/org/apache/logging/log4j/log4j-core/2.11.0/log4j-core-2.11.0.jar:/home/user/.m2/repository/com/lmax/disruptor/3.4.2/disruptor-3.4.2.jar:/home/user/.m2/repository/org/apache/commons/commons-pool2/2.6.0/commons-pool2-2.6.0.jar:/home/user/.m2/repository/org/bouncycastle/bcpkix-jdk15on/1.60/bcpkix-jdk15on-1.60.jar:/home/user/.m2/repository/commons-validator/commons-validator/1.6/commons-validator-1.6.jar:/home/user/.m2/repository/commons-digester/commons-digester/1.8.1/commons-digester-1.8.1.jar:/home/user/.m2/repository/io/jaegertracing/jaeger-client/0.33.1/jaeger-client-0.33.1.jar:/home/user/.m2/repository/io/jaegertracing/jaeger-thrift/0.33.1/jaeger-thrift-0.33.1.jar:/home/user/.m2/repository/org/apache/thrift/libthrift/0.11.0/libthrift-0.11.0.jar:/home/user/.m2/repository/com/squareup/okhttp3/okhttp/3.9.0/okhttp-3.9.0.jar:/home/user/.m2/repository/com/squareup/okio/okio/1.13.0/okio-1.13.0.jar:/home/user/.m2/repository/io/jaegertracing/jaeger-core/0.33.1/jaeger-core-0.33.1.jar:/home/user/.m2/repository/io/jaegertracing/jaeger-tracerresolver/0.33.1/jaeger-tracerresolver-0.33.1.jar:/home/user/.m2/repository/io/opentracing/contrib/opentracing-tracerresolver/0.1.5/opentracing-tracerresolver-0.1.5.jar:/home/user/.m2/repository/io/opentracing/opentracing-util/0.31.0/opentracing-util-0.31.0.jar:/home/user/.m2/repository/io/opentracing/opentracing-api/0.31.0/opentracing-api-0.31.0.jar:/home/user/.m2/repository/io/opentracing/opentracing-noop/0.31.0/opentracing-noop-0.31.0.jar:/home/user/.m2/repository/org/yaml/snakeyaml/1.16/snakeyaml-1.16.jar:/home/user/.m2/repository/org/apache/hadoop/hadoop-hdfs-client/3.2.0/hadoop-hdfs-client-3.2.0.jar:/home/user/.m2/repository/info/picocli/picocli/3.9.6/picocli-3.9.6.jar:/home/user/.m2/repository/org/apache/hadoop/hadoop-hdds-server-scm/0.5.0-SNAPSHOT/hadoop-hdds-server-scm-0.5.0-SNAPSHOT.jar:/home/user/.m2/repository/org/apache/hadoop/hadoop-hdds-docs/0.5.0-SNAPSHOT/hadoop-hdds-docs-0.5.0-SNAPSHOT.jar:/home/user/.m2/repository/io/dropwizard/metrics/metrics-core/3.2.4/metrics-core-3.2.4.jar:/home/user/.m2/repository/org/hamcrest/hamcrest-all/1.3/hamcrest-all-1.3.jar:/home/user/.m2/repository/org/bouncycastle/bcprov-jdk15on/1.60/bcprov-jdk15on-1.60.jar:/home/user/.m2/repository/org/apache/hadoop/hadoop-hdds-server-framework/0.5.0-SNAPSHOT/hadoop-hdds-server-framework-0.5.0-SNAPSHOT.jar:/home/user/.m2/repository/org/apache/hadoop/hadoop-ozone-ozone-manager/0.5.0-SNAPSHOT/hadoop-ozone-ozone-manager-0.5.0-SNAPSHOT.jar:/home/user/.m2/repository/org/apache/hadoop/hadoop-hdds-container-service/0.5.0-SNAPSHOT/hadoop-hdds-container-service-0.5.0-SNAPSHOT.jar:/home/user/.m2/repository/org/apache/hadoop/hadoop-hdds-client/0.5.0-SNAPSHOT/hadoop-hdds-client-0.5.0-SNAPSHOT.jar:/home/user/.m2/repository/org/apache/hadoop/hadoop-ozone-common/0.5.0-SNAPSHOT/hadoop-ozone-common-0.5.0-SNAPSHOT.jar:/home/user/.m2/repository/org/apache/hadoop/hadoop-hdds-tools/0.5.0-SNAPSHOT/hadoop-hdds-tools-0.5.0-SNAPSHOT.jar:/home/user/.m2/repository/org/xerial/sqlite-jdbc/3.25.2/sqlite-jdbc-3.25.2.jar:/home/user/.m2/repository/org/apache/hadoop/hadoop-ozone-objectstore-service/0.5.0-SNAPSHOT/hadoop-ozone-objectstore-service-0.5.0-SNAPSHOT.jar:/home/user/.m2/repository/com/google/code/findbugs/findbugs/3.0.1/findbugs-3.0.1.jar:/home/user/.m2/repository/net/jcip/jcip-annotations/1.0/jcip-annotations-1.0.jar:/home/user/.m2/repository/com/google/code/findbugs/bcel-findbugs/6.0/bcel-findbugs-6.0.jar:/home/user/.m2/repository/com/google/code/findbugs/jFormatString/2.0.1/jFormatString-2.0.1.jar:/home/user/.m2/repository/dom4j/dom4j/1.6.1/dom4j-1.6.1.jar:/home/user/.m2/repository/xml-apis/xml-apis/1.0.b2/xml-apis-1.0.b2.jar:/home/user/.m2/repository/org/ow2/asm/asm-debug-all/5.0.2/asm-debug-all-5.0.2.jar:/home/user/.m2/repository/org/ow2/asm/asm-commons/5.0.2/asm-commons-5.0.2.jar:/home/user/.m2/repository/org/ow2/asm/asm-tree/5.0.2/asm-tree-5.0.2.jar:/home/user/.m2/repository/org/ow2/asm/asm/5.0.4/asm-5.0.4.jar:/home/user/.m2/repository/commons-lang/commons-lang/2.6/commons-lang-2.6.jar:/home/user/.m2/repository/com/apple/AppleJavaExtensions/1.4/AppleJavaExtensions-1.4.jar:/home/user/.m2/repository/jaxen/jaxen/1.1.6/jaxen-1.1.6.jar:/home/user/.m2/repository/org/apache/hadoop/hadoop-common/3.2.0/hadoop-common-3.2.0-tests.jar:/home/user/.m2/repository/org/apache/hadoop/hadoop-ozone-client/0.5.0-SNAPSHOT/hadoop-ozone-client-0.5.0-SNAPSHOT.jar:/home/user/.m2/repository/org/apache/hadoop/hadoop-hdfs/3.2.0/hadoop-hdfs-3.2.0-tests.jar:/workdir/hadoop-ozone/integration-test/target/test-classes:/home/user/.m2/repository/org/apache/hadoop/hadoop-ozone-s3gateway/0.5.0-SNAPSHOT/hadoop-ozone-s3gateway-0.5.0-SNAPSHOT.jar:/home/user/.m2/repository/org/jboss/weld/servlet/weld-servlet/2.4.7.Final/weld-servlet-2.4.7.Final.jar:/home/user/.m2/repository/org/glassfish/jersey/containers/jersey-container-servlet-core/2.27/jersey-container-servlet-core-2.27.jar:/home/user/.m2/repository/org/glassfish/hk2/external/javax.inject/2.5.0-b42/javax.inject-2.5.0-b42.jar:/home/user/.m2/repository/org/glassfish/jersey/core/jersey-common/2.27/jersey-common-2.27.jar:/home/user/.m2/repository/org/glassfish/hk2/osgi-resource-locator/1.0.1/osgi-resource-locator-1.0.1.jar:/home/user/.m2/repository/javax/ws/rs/javax.ws.rs-api/2.1/javax.ws.rs-api-2.1.jar:/home/user/.m2/repository/org/glassfish/jersey/ext/cdi/jersey-cdi1x/2.27/jersey-cdi1x-2.27.jar:/home/user/.m2/repository/org/glassfish/jersey/inject/jersey-hk2/2.27/jersey-hk2-2.27.jar:/home/user/.m2/repository/org/glassfish/hk2/hk2-locator/2.5.0-b42/hk2-locator-2.5.0-b42.jar:/home/user/.m2/repository/org/javassist/javassist/3.22.0-CR2/javassist-3.22.0-CR2.jar:/home/user/.m2/repository/org/glassfish/hk2/hk2-api/2.5.0/hk2-api-2.5.0.jar:/home/user/.m2/repository/org/glassfish/hk2/external/jakarta.inject/2.5.0/jakarta.inject-2.5.0.jar:/home/user/.m2/repository/org/glassfish/hk2/hk2-utils/2.5.0/hk2-utils-2.5.0.jar:/home/user/.m2/repository/jakarta/annotation/jakarta.annotation-api/1.3.4/jakarta.annotation-api-1.3.4.jar:/home/user/.m2/repository/org/glassfish/hk2/external/aopalliance-repackaged/2.5.0/aopalliance-repackaged-2.5.0.jar:/home/user/.m2/repository/com/fasterxml/jackson/dataformat/jackson-dataformat-xml/2.9.0/jackson-dataformat-xml-2.9.0.jar:/home/user/.m2/repository/com/fasterxml/jackson/module/jackson-module-jaxb-annotations/2.9.5/jackson-module-jaxb-annotations-2.9.5.jar:/home/user/.m2/repository/javax/enterprise/cdi-api/1.2/cdi-api-1.2.jar:/home/user/.m2/repository/javax/el/javax.el-api/3.0.0/javax.el-api-3.0.0.jar:/home/user/.m2/repository/javax/interceptor/javax.interceptor-api/1.2/javax.interceptor-api-1.2.jar:/home/user/.m2/repository/javax/inject/javax.inject/1/javax.inject-1.jar:/home/user/.m2/repository/com/sun/xml/bind/jaxb-core/2.3.0.1/jaxb-core-2.3.0.1.jar:/home/user/.m2/repository/javax/xml/bind/jaxb-api/2.3.0/jaxb-api-2.3.0.jar:/home/user/.m2/repository/javax/activation/activation/1.1.1/activation-1.1.1.jar:/home/user/.m2/repository/org/apache/hadoop/hadoop-ozone-csi/0.5.0-SNAPSHOT/hadoop-ozone-csi-0.5.0-SNAPSHOT.jar:/home/user/.m2/repository/com/google/protobuf/protobuf-java-util/3.5.1/protobuf-java-util-3.5.1.jar:/home/user/.m2/repository/io/grpc/grpc-netty/1.17.1/grpc-netty-1.17.1.jar:/home/user/.m2/repository/io/grpc/grpc-core/1.17.1/grpc-core-1.17.1.jar:/home/user/.m2/repository/io/grpc/grpc-context/1.17.1/grpc-context-1.17.1.jar:/home/user/.m2/repository/com/google/errorprone/error_prone_annotations/2.2.0/error_prone_annotations-2.2.0.jar:/home/user/.m2/repository/org/codehaus/mojo/animal-sniffer-annotations/1.17/animal-sniffer-annotations-1.17.jar:/home/user/.m2/repository/io/opencensus/opencensus-api/0.17.0/opencensus-api-0.17.0.jar:/home/user/.m2/repository/io/opencensus/opencensus-contrib-grpc-metrics/0.17.0/opencensus-contrib-grpc-metrics-0.17.0.jar:/home/user/.m2/repository/io/netty/netty-codec-http2/4.1.30.Final/netty-codec-http2-4.1.30.Final.jar:/home/user/.m2/repository/io/netty/netty-codec-http/4.1.30.Final/netty-codec-http-4.1.30.Final.jar:/home/user/.m2/repository/io/netty/netty-codec/4.1.30.Final/netty-codec-4.1.30.Final.jar:/home/user/.m2/repository/io/netty/netty-handler/4.1.30.Final/netty-handler-4.1.30.Final.jar:/home/user/.m2/repository/io/netty/netty-handler-proxy/4.1.30.Final/netty-handler-proxy-4.1.30.Final.jar:/home/user/.m2/repository/io/netty/netty-codec-socks/4.1.30.Final/netty-codec-socks-4.1.30.Final.jar:/home/user/.m2/repository/io/netty/netty-transport-native-epoll/4.1.30.Final/netty-transport-native-epoll-4.1.30.Final.jar:/home/user/.m2/repository/io/netty/netty-common/4.1.30.Final/netty-common-4.1.30.Final.jar:/home/user/.m2/repository/io/netty/netty-buffer/4.1.30.Final/netty-buffer-4.1.30.Final.jar:/home/user/.m2/repository/io/netty/netty-transport/4.1.30.Final/netty-transport-4.1.30.Final.jar:/home/user/.m2/repository/io/netty/netty-resolver/4.1.30.Final/netty-resolver-4.1.30.Final.jar:/home/user/.m2/repository/io/netty/netty-transport-native-unix-common/4.1.30.Final/netty-transport-native-unix-common-4.1.30.Final.jar:/home/user/.m2/repository/io/grpc/grpc-protobuf/1.17.1/grpc-protobuf-1.17.1.jar:/home/user/.m2/repository/com/google/api/grpc/proto-google-common-protos/1.0.0/proto-google-common-protos-1.0.0.jar:/home/user/.m2/repository/io/grpc/grpc-protobuf-lite/1.17.1/grpc-protobuf-lite-1.17.1.jar:/home/user/.m2/repository/io/grpc/grpc-stub/1.17.1/grpc-stub-1.17.1.jar:/home/user/.m2/repository/org/apache/hadoop/hadoop-ozone-recon/0.5.0-SNAPSHOT/hadoop-ozone-recon-0.5.0-SNAPSHOT.jar:/home/user/.m2/repository/org/apache/hadoop/hadoop-ozone-reconcodegen/0.5.0-SNAPSHOT/hadoop-ozone-reconcodegen-0.5.0-SNAPSHOT.jar:/home/user/.m2/repository/com/google/inject/extensions/guice-multibindings/4.0/guice-multibindings-4.0.jar:/home/user/.m2/repository/com/google/inject/guice/4.0/guice-4.0.jar:/home/user/.m2/repository/aopalliance/aopalliance/1.0/aopalliance-1.0.jar:/home/user/.m2/repository/org/glassfish/jersey/containers/jersey-container-servlet/2.27/jersey-container-servlet-2.27.jar:/home/user/.m2/repository/org/glassfish/hk2/guice-bridge/2.5.0/guice-bridge-2.5.0.jar:/home/user/.m2/repository/org/glassfish/jersey/core/jersey-server/2.27/jersey-server-2.27.jar:/home/user/.m2/repository/org/glassfish/jersey/core/jersey-client/2.27/jersey-client-2.27.jar:/home/user/.m2/repository/org/glassfish/jersey/media/jersey-media-jaxb/2.27/jersey-media-jaxb-2.27.jar:/home/user/.m2/repository/javax/validation/validation-api/1.1.0.Final/validation-api-1.1.0.Final.jar:/home/user/.m2/repository/org/glassfish/jersey/media/jersey-media-json-jackson/2.27/jersey-media-json-jackson-2.27.jar:/home/user/.m2/repository/org/glassfish/jersey/ext/jersey-entity-filtering/2.27/jersey-entity-filtering-2.27.jar:/home/user/.m2/repository/com/google/inject/extensions/guice-assistedinject/4.0/guice-assistedinject-4.0.jar:/home/user/.m2/repository/org/jooq/jooq/3.11.10/jooq-3.11.10.jar:/home/user/.m2/repository/org/jooq/jooq-meta/3.11.10/jooq-meta-3.11.10.jar:/home/user/.m2/repository/org/jooq/jooq-codegen/3.11.10/jooq-codegen-3.11.10.jar:/home/user/.m2/repository/com/jolbox/bonecp/0.8.0.RELEASE/bonecp-0.8.0.RELEASE.jar:/home/user/.m2/repository/org/springframework/spring-jdbc/5.1.3.RELEASE/spring-jdbc-5.1.3.RELEASE.jar:/home/user/.m2/repository/org/springframework/spring-beans/5.1.3.RELEASE/spring-beans-5.1.3.RELEASE.jar:/home/user/.m2/repository/org/springframework/spring-core/5.1.3.RELEASE/spring-core-5.1.3.RELEASE.jar:/home/user/.m2/repository/org/springframework/spring-jcl/5.1.3.RELEASE/spring-jcl-5.1.3.RELEASE.jar:/home/user/.m2/repository/org/springframework/spring-tx/5.1.3.RELEASE/spring-tx-5.1.3.RELEASE.jar:/home/user/.m2/repository/org/mockito/mockito-all/1.10.19/mockito-all-1.10.19.jar:/home/user/.m2/repository/junit/junit/4.11/junit-4.11.jar:/home/user/.m2/repository/org/hamcrest/hamcrest-core/1.3/hamcrest-core-1.3.jar:/home/user/.m2/repository/org/apache/hadoop/hadoop-distcp/3.2.0/hadoop-distcp-3.2.0.jar:/home/user/.m2/repository/org/apache/hadoop/hadoop-distcp/3.2.0/hadoop-distcp-3.2.0-tests.jar:/home/user/.m2/repository/org/apache/hadoop/hadoop-mapreduce-client-jobclient/3.2.0/hadoop-mapreduce-client-jobclient-3.2.0.jar:/home/user/.m2/repository/org/apache/hadoop/hadoop-mapreduce-client-common/3.2.0/hadoop-mapreduce-client-common-3.2.0.jar:/home/user/.m2/repository/org/apache/hadoop/hadoop-yarn-common/3.2.0/hadoop-yarn-common-3.2.0.jar:/home/user/.m2/repository/org/apache/hadoop/hadoop-yarn-api/3.2.0/hadoop-yarn-api-3.2.0.jar:/home/user/.m2/repository/com/sun/jersey/jersey-client/1.19/jersey-client-1.19.jar:/home/user/.m2/repository/com/sun/jersey/contribs/jersey-guice/1.19/jersey-guice-1.19.jar:/home/user/.m2/repository/com/fasterxml/jackson/jaxrs/jackson-jaxrs-json-provider/2.9.5/jackson-jaxrs-json-provider-2.9.5.jar:/home/user/.m2/repository/com/fasterxml/jackson/jaxrs/jackson-jaxrs-base/2.9.5/jackson-jaxrs-base-2.9.5.jar:/home/user/.m2/repository/org/apache/hadoop/hadoop-yarn-client/3.2.0/hadoop-yarn-client-3.2.0.jar:/home/user/.m2/repository/org/apache/hadoop/hadoop-mapreduce-client-core/3.2.0/hadoop-mapreduce-client-core-3.2.0.jar:/home/user/.m2/repository/com/google/inject/extensions/guice-servlet/4.0/guice-servlet-4.0.jar:/home/user/.m2/repository/org/powermock/powermock-module-junit4/1.6.5/powermock-module-junit4-1.6.5.jar:/home/user/.m2/repository/org/powermock/powermock-module-junit4-common/1.6.5/powermock-module-junit4-common-1.6.5.jar:/home/user/.m2/repository/org/powermock/powermock-core/1.6.5/powermock-core-1.6.5.jar:/home/user/.m2/repository/org/powermock/powermock-reflect/1.6.5/powermock-reflect-1.6.5.jar:/home/user/.m2/repository/org/powermock/powermock-api-mockito/1.6.5/powermock-api-mockito-1.6.5.jar:/home/user/.m2/repository/org/mockito/mockito-core/1.10.19/mockito-core-1.10.19.jar:/home/user/.m2/repository/org/objenesis/objenesis/1.0/objenesis-1.0.jar:/home/user/.m2/repository/org/powermock/powermock-api-mockito-common/1.6.5/powermock-api-mockito-common-1.6.5.jar:/home/user/.m2/repository/org/powermock/powermock-api-support/1.6.5/powermock-api-support-1.6.5.jar:"/>
    <property name="java.vm.vendor" value="IcedTea"/>
    <property name="sun.arch.data.model" value="64"/>
    <property name="test.build.dir" value="/workdir/hadoop-ozone/ozonefs/target/test-dir"/>
    <property name="test.cache.data" value=""/>
    <property name="java.vendor.url" value="https://icedtea.classpath.org"/>
    <property name="user.timezone" value=""/>
    <property name="java.vm.specification.version" value="1.8"/>
    <property name="os.name" value="Linux"/>
    <property name="test.build.data" value="/workdir/hadoop-ozone/ozonefs/target/test-dir"/>
    <property name="user.country" value="US"/>
    <property name="sun.java.launcher" value="SUN_STANDARD"/>
    <property name="sun.boot.library.path" value="/usr/lib/jvm/java-1.8-openjdk/jre/lib/amd64"/>
    <property name="sun.java.command" value="/workdir/hadoop-ozone/ozonefs/target/surefire/surefirebooter3094817254478561016.jar /workdir/hadoop-ozone/ozonefs/target/surefire 2019-09-20T03-51-17_086-jvmRun1 surefire9019227180467605197tmp surefire_1142362513313562490944tmp"/>
    <property name="test" value="!TestMiniChaosOzoneCluster"/>
    <property name="surefire.test.class.path" value="/workdir/hadoop-ozone/ozonefs/target/test-classes:/workdir/hadoop-ozone/ozonefs/target/classes:/home/user/.m2/repository/org/apache/hadoop/hadoop-common/3.2.0/hadoop-common-3.2.0.jar:/home/user/.m2/repository/org/apache/hadoop/hadoop-annotations/3.2.0/hadoop-annotations-3.2.0.jar:/usr/lib/jvm/java-1.8-openjdk/jre/../lib/tools.jar:/home/user/.m2/repository/com/google/guava/guava/11.0.2/guava-11.0.2.jar:/home/user/.m2/repository/commons-cli/commons-cli/1.2/commons-cli-1.2.jar:/home/user/.m2/repository/org/apache/commons/commons-math3/3.1.1/commons-math3-3.1.1.jar:/home/user/.m2/repository/org/apache/httpcomponents/httpclient/4.5.2/httpclient-4.5.2.jar:/home/user/.m2/repository/org/apache/httpcomponents/httpcore/4.4.4/httpcore-4.4.4.jar:/home/user/.m2/repository/commons-codec/commons-codec/1.11/commons-codec-1.11.jar:/home/user/.m2/repository/commons-io/commons-io/2.5/commons-io-2.5.jar:/home/user/.m2/repository/commons-net/commons-net/3.6/commons-net-3.6.jar:/home/user/.m2/repository/commons-collections/commons-collections/3.2.2/commons-collections-3.2.2.jar:/home/user/.m2/repository/javax/servlet/javax.servlet-api/3.1.0/javax.servlet-api-3.1.0.jar:/home/user/.m2/repository/org/eclipse/jetty/jetty-server/9.3.24.v20180605/jetty-server-9.3.24.v20180605.jar:/home/user/.m2/repository/org/eclipse/jetty/jetty-http/9.3.24.v20180605/jetty-http-9.3.24.v20180605.jar:/home/user/.m2/repository/org/eclipse/jetty/jetty-io/9.3.24.v20180605/jetty-io-9.3.24.v20180605.jar:/home/user/.m2/repository/org/eclipse/jetty/jetty-util/9.3.24.v20180605/jetty-util-9.3.24.v20180605.jar:/home/user/.m2/repository/org/eclipse/jetty/jetty-servlet/9.3.24.v20180605/jetty-servlet-9.3.24.v20180605.jar:/home/user/.m2/repository/org/eclipse/jetty/jetty-security/9.3.24.v20180605/jetty-security-9.3.24.v20180605.jar:/home/user/.m2/repository/org/eclipse/jetty/jetty-webapp/9.3.24.v20180605/jetty-webapp-9.3.24.v20180605.jar:/home/user/.m2/repository/org/eclipse/jetty/jetty-xml/9.3.24.v20180605/jetty-xml-9.3.24.v20180605.jar:/home/user/.m2/repository/javax/servlet/jsp/jsp-api/2.1/jsp-api-2.1.jar:/home/user/.m2/repository/com/sun/jersey/jersey-core/1.19/jersey-core-1.19.jar:/home/user/.m2/repository/javax/ws/rs/jsr311-api/1.1.1/jsr311-api-1.1.1.jar:/home/user/.m2/repository/com/sun/jersey/jersey-servlet/1.19/jersey-servlet-1.19.jar:/home/user/.m2/repository/com/sun/jersey/jersey-json/1.19/jersey-json-1.19.jar:/home/user/.m2/repository/org/codehaus/jettison/jettison/1.1/jettison-1.1.jar:/home/user/.m2/repository/com/sun/xml/bind/jaxb-impl/2.3.0.1/jaxb-impl-2.3.0.1.jar:/home/user/.m2/repository/org/codehaus/jackson/jackson-core-asl/1.9.13/jackson-core-asl-1.9.13.jar:/home/user/.m2/repository/org/codehaus/jackson/jackson-mapper-asl/1.9.13/jackson-mapper-asl-1.9.13.jar:/home/user/.m2/repository/org/codehaus/jackson/jackson-jaxrs/1.9.13/jackson-jaxrs-1.9.13.jar:/home/user/.m2/repository/org/codehaus/jackson/jackson-xc/1.9.13/jackson-xc-1.9.13.jar:/home/user/.m2/repository/com/sun/jersey/jersey-server/1.19/jersey-server-1.19.jar:/home/user/.m2/repository/commons-logging/commons-logging/1.1.3/commons-logging-1.1.3.jar:/home/user/.m2/repository/log4j/log4j/1.2.17/log4j-1.2.17.jar:/home/user/.m2/repository/commons-beanutils/commons-beanutils/1.9.3/commons-beanutils-1.9.3.jar:/home/user/.m2/repository/org/apache/commons/commons-configuration2/2.1.1/commons-configuration2-2.1.1.jar:/home/user/.m2/repository/org/apache/commons/commons-lang3/3.7/commons-lang3-3.7.jar:/home/user/.m2/repository/org/apache/commons/commons-text/1.4/commons-text-1.4.jar:/home/user/.m2/repository/org/slf4j/slf4j-api/1.7.25/slf4j-api-1.7.25.jar:/home/user/.m2/repository/org/slf4j/slf4j-log4j12/1.7.25/slf4j-log4j12-1.7.25.jar:/home/user/.m2/repository/org/apache/avro/avro/1.7.7/avro-1.7.7.jar:/home/user/.m2/repository/com/thoughtworks/paranamer/paranamer/2.3/paranamer-2.3.jar:/home/user/.m2/repository/org/xerial/snappy/snappy-java/1.0.5/snappy-java-1.0.5.jar:/home/user/.m2/repository/com/google/re2j/re2j/1.1/re2j-1.1.jar:/home/user/.m2/repository/com/google/protobuf/protobuf-java/2.5.0/protobuf-java-2.5.0.jar:/home/user/.m2/repository/com/google/code/gson/gson/2.2.4/gson-2.2.4.jar:/home/user/.m2/repository/org/apache/hadoop/hadoop-auth/3.2.0/hadoop-auth-3.2.0.jar:/home/user/.m2/repository/com/nimbusds/nimbus-jose-jwt/4.41.1/nimbus-jose-jwt-4.41.1.jar:/home/user/.m2/repository/com/github/stephenc/jcip/jcip-annotations/1.0-1/jcip-annotations-1.0-1.jar:/home/user/.m2/repository/net/minidev/json-smart/2.3/json-smart-2.3.jar:/home/user/.m2/repository/net/minidev/accessors-smart/1.2/accessors-smart-1.2.jar:/home/user/.m2/repository/org/apache/curator/curator-framework/2.12.0/curator-framework-2.12.0.jar:/home/user/.m2/repository/com/jcraft/jsch/0.1.54/jsch-0.1.54.jar:/home/user/.m2/repository/org/apache/curator/curator-client/2.12.0/curator-client-2.12.0.jar:/home/user/.m2/repository/org/apache/curator/curator-recipes/2.12.0/curator-recipes-2.12.0.jar:/home/user/.m2/repository/com/google/code/findbugs/jsr305/3.0.0/jsr305-3.0.0.jar:/home/user/.m2/repository/org/apache/htrace/htrace-core4/4.1.0-incubating/htrace-core4-4.1.0-incubating.jar:/home/user/.m2/repository/org/apache/zookeeper/zookeeper/3.4.13/zookeeper-3.4.13.jar:/home/user/.m2/repository/org/apache/yetus/audience-annotations/0.5.0/audience-annotations-0.5.0.jar:/home/user/.m2/repository/org/apache/commons/commons-compress/1.4.1/commons-compress-1.4.1.jar:/home/user/.m2/repository/org/tukaani/xz/1.0/xz-1.0.jar:/home/user/.m2/repository/org/apache/kerby/kerb-simplekdc/1.0.1/kerb-simplekdc-1.0.1.jar:/home/user/.m2/repository/org/apache/kerby/kerb-client/1.0.1/kerb-client-1.0.1.jar:/home/user/.m2/repository/org/apache/kerby/kerby-config/1.0.1/kerby-config-1.0.1.jar:/home/user/.m2/repository/org/apache/kerby/kerb-core/1.0.1/kerb-core-1.0.1.jar:/home/user/.m2/repository/org/apache/kerby/kerby-pkix/1.0.1/kerby-pkix-1.0.1.jar:/home/user/.m2/repository/org/apache/kerby/kerby-asn1/1.0.1/kerby-asn1-1.0.1.jar:/home/user/.m2/repository/org/apache/kerby/kerby-util/1.0.1/kerby-util-1.0.1.jar:/home/user/.m2/repository/org/apache/kerby/kerb-common/1.0.1/kerb-common-1.0.1.jar:/home/user/.m2/repository/org/apache/kerby/kerb-crypto/1.0.1/kerb-crypto-1.0.1.jar:/home/user/.m2/repository/org/apache/kerby/kerb-util/1.0.1/kerb-util-1.0.1.jar:/home/user/.m2/repository/org/apache/kerby/token-provider/1.0.1/token-provider-1.0.1.jar:/home/user/.m2/repository/org/apache/kerby/kerb-admin/1.0.1/kerb-admin-1.0.1.jar:/home/user/.m2/repository/org/apache/kerby/kerb-server/1.0.1/kerb-server-1.0.1.jar:/home/user/.m2/repository/org/apache/kerby/kerb-identity/1.0.1/kerb-identity-1.0.1.jar:/home/user/.m2/repository/org/apache/kerby/kerby-xdr/1.0.1/kerby-xdr-1.0.1.jar:/home/user/.m2/repository/com/fasterxml/jackson/core/jackson-databind/2.9.5/jackson-databind-2.9.5.jar:/home/user/.m2/repository/com/fasterxml/jackson/core/jackson-annotations/2.9.5/jackson-annotations-2.9.5.jar:/home/user/.m2/repository/com/fasterxml/jackson/core/jackson-core/2.9.5/jackson-core-2.9.5.jar:/home/user/.m2/repository/org/codehaus/woodstox/stax2-api/3.1.4/stax2-api-3.1.4.jar:/home/user/.m2/repository/com/fasterxml/woodstox/woodstox-core/5.0.3/woodstox-core-5.0.3.jar:/home/user/.m2/repository/dnsjava/dnsjava/2.1.7/dnsjava-2.1.7.jar:/home/user/.m2/repository/org/apache/hadoop/hadoop-hdfs/3.2.0/hadoop-hdfs-3.2.0.jar:/home/user/.m2/repository/org/eclipse/jetty/jetty-util-ajax/9.3.24.v20180605/jetty-util-ajax-9.3.24.v20180605.jar:/home/user/.m2/repository/commons-daemon/commons-daemon/1.0.13/commons-daemon-1.0.13.jar:/home/user/.m2/repository/io/netty/netty/3.10.5.Final/netty-3.10.5.Final.jar:/home/user/.m2/repository/io/netty/netty-all/4.0.52.Final/netty-all-4.0.52.Final.jar:/home/user/.m2/repository/org/fusesource/leveldbjni/leveldbjni-all/1.8/leveldbjni-all-1.8.jar:/home/user/.m2/repository/org/apache/hadoop/hadoop-hdds-common/0.5.0-SNAPSHOT/hadoop-hdds-common-0.5.0-SNAPSHOT.jar:/home/user/.m2/repository/org/apache/hadoop/hadoop-hdds-config/0.5.0-SNAPSHOT/hadoop-hdds-config-0.5.0-SNAPSHOT.jar:/home/user/.m2/repository/javax/annotation/javax.annotation-api/1.2/javax.annotation-api-1.2.jar:/home/user/.m2/repository/org/apache/ratis/ratis-server/0.4.0-2337318-SNAPSHOT/ratis-server-0.4.0-2337318-SNAPSHOT.jar:/home/user/.m2/repository/org/apache/ratis/ratis-thirdparty-misc/0.2.0/ratis-thirdparty-misc-0.2.0.jar:/home/user/.m2/repository/org/apache/ratis/ratis-proto/0.4.0-2337318-SNAPSHOT/ratis-proto-0.4.0-2337318-SNAPSHOT.jar:/home/user/.m2/repository/org/apache/ratis/ratis-common/0.4.0-2337318-SNAPSHOT/ratis-common-0.4.0-2337318-SNAPSHOT.jar:/home/user/.m2/repository/org/apache/ratis/ratis-client/0.4.0-2337318-SNAPSHOT/ratis-client-0.4.0-2337318-SNAPSHOT.jar:/home/user/.m2/repository/org/apache/ratis/ratis-metrics/0.4.0-2337318-SNAPSHOT/ratis-metrics-0.4.0-2337318-SNAPSHOT.jar:/home/user/.m2/repository/org/apache/ratis/ratis-netty/0.4.0-2337318-SNAPSHOT/ratis-netty-0.4.0-2337318-SNAPSHOT.jar:/home/user/.m2/repository/org/apache/ratis/ratis-grpc/0.4.0-2337318-SNAPSHOT/ratis-grpc-0.4.0-2337318-SNAPSHOT.jar:/home/user/.m2/repository/org/rocksdb/rocksdbjni/6.0.1/rocksdbjni-6.0.1.jar:/home/user/.m2/repository/org/apache/logging/log4j/log4j-api/2.11.0/log4j-api-2.11.0.jar:/home/user/.m2/repository/org/apache/logging/log4j/log4j-core/2.11.0/log4j-core-2.11.0.jar:/home/user/.m2/repository/com/lmax/disruptor/3.4.2/disruptor-3.4.2.jar:/home/user/.m2/repository/org/apache/commons/commons-pool2/2.6.0/commons-pool2-2.6.0.jar:/home/user/.m2/repository/org/bouncycastle/bcpkix-jdk15on/1.60/bcpkix-jdk15on-1.60.jar:/home/user/.m2/repository/commons-validator/commons-validator/1.6/commons-validator-1.6.jar:/home/user/.m2/repository/commons-digester/commons-digester/1.8.1/commons-digester-1.8.1.jar:/home/user/.m2/repository/io/jaegertracing/jaeger-client/0.33.1/jaeger-client-0.33.1.jar:/home/user/.m2/repository/io/jaegertracing/jaeger-thrift/0.33.1/jaeger-thrift-0.33.1.jar:/home/user/.m2/repository/org/apache/thrift/libthrift/0.11.0/libthrift-0.11.0.jar:/home/user/.m2/repository/com/squareup/okhttp3/okhttp/3.9.0/okhttp-3.9.0.jar:/home/user/.m2/repository/com/squareup/okio/okio/1.13.0/okio-1.13.0.jar:/home/user/.m2/repository/io/jaegertracing/jaeger-core/0.33.1/jaeger-core-0.33.1.jar:/home/user/.m2/repository/io/jaegertracing/jaeger-tracerresolver/0.33.1/jaeger-tracerresolver-0.33.1.jar:/home/user/.m2/repository/io/opentracing/contrib/opentracing-tracerresolver/0.1.5/opentracing-tracerresolver-0.1.5.jar:/home/user/.m2/repository/io/opentracing/opentracing-util/0.31.0/opentracing-util-0.31.0.jar:/home/user/.m2/repository/io/opentracing/opentracing-api/0.31.0/opentracing-api-0.31.0.jar:/home/user/.m2/repository/io/opentracing/opentracing-noop/0.31.0/opentracing-noop-0.31.0.jar:/home/user/.m2/repository/org/yaml/snakeyaml/1.16/snakeyaml-1.16.jar:/home/user/.m2/repository/org/apache/hadoop/hadoop-hdfs-client/3.2.0/hadoop-hdfs-client-3.2.0.jar:/home/user/.m2/repository/info/picocli/picocli/3.9.6/picocli-3.9.6.jar:/home/user/.m2/repository/org/apache/hadoop/hadoop-hdds-server-scm/0.5.0-SNAPSHOT/hadoop-hdds-server-scm-0.5.0-SNAPSHOT.jar:/home/user/.m2/repository/org/apache/hadoop/hadoop-hdds-docs/0.5.0-SNAPSHOT/hadoop-hdds-docs-0.5.0-SNAPSHOT.jar:/home/user/.m2/repository/io/dropwizard/metrics/metrics-core/3.2.4/metrics-core-3.2.4.jar:/home/user/.m2/repository/org/hamcrest/hamcrest-all/1.3/hamcrest-all-1.3.jar:/home/user/.m2/repository/org/bouncycastle/bcprov-jdk15on/1.60/bcprov-jdk15on-1.60.jar:/home/user/.m2/repository/org/apache/hadoop/hadoop-hdds-server-framework/0.5.0-SNAPSHOT/hadoop-hdds-server-framework-0.5.0-SNAPSHOT.jar:/home/user/.m2/repository/org/apache/hadoop/hadoop-ozone-ozone-manager/0.5.0-SNAPSHOT/hadoop-ozone-ozone-manager-0.5.0-SNAPSHOT.jar:/home/user/.m2/repository/org/apache/hadoop/hadoop-hdds-container-service/0.5.0-SNAPSHOT/hadoop-hdds-container-service-0.5.0-SNAPSHOT.jar:/home/user/.m2/repository/org/apache/hadoop/hadoop-hdds-client/0.5.0-SNAPSHOT/hadoop-hdds-client-0.5.0-SNAPSHOT.jar:/home/user/.m2/repository/org/apache/hadoop/hadoop-ozone-common/0.5.0-SNAPSHOT/hadoop-ozone-common-0.5.0-SNAPSHOT.jar:/home/user/.m2/repository/org/apache/hadoop/hadoop-hdds-tools/0.5.0-SNAPSHOT/hadoop-hdds-tools-0.5.0-SNAPSHOT.jar:/home/user/.m2/repository/org/xerial/sqlite-jdbc/3.25.2/sqlite-jdbc-3.25.2.jar:/home/user/.m2/repository/org/apache/hadoop/hadoop-ozone-objectstore-service/0.5.0-SNAPSHOT/hadoop-ozone-objectstore-service-0.5.0-SNAPSHOT.jar:/home/user/.m2/repository/com/google/code/findbugs/findbugs/3.0.1/findbugs-3.0.1.jar:/home/user/.m2/repository/net/jcip/jcip-annotations/1.0/jcip-annotations-1.0.jar:/home/user/.m2/repository/com/google/code/findbugs/bcel-findbugs/6.0/bcel-findbugs-6.0.jar:/home/user/.m2/repository/com/google/code/findbugs/jFormatString/2.0.1/jFormatString-2.0.1.jar:/home/user/.m2/repository/dom4j/dom4j/1.6.1/dom4j-1.6.1.jar:/home/user/.m2/repository/xml-apis/xml-apis/1.0.b2/xml-apis-1.0.b2.jar:/home/user/.m2/repository/org/ow2/asm/asm-debug-all/5.0.2/asm-debug-all-5.0.2.jar:/home/user/.m2/repository/org/ow2/asm/asm-commons/5.0.2/asm-commons-5.0.2.jar:/home/user/.m2/repository/org/ow2/asm/asm-tree/5.0.2/asm-tree-5.0.2.jar:/home/user/.m2/repository/org/ow2/asm/asm/5.0.4/asm-5.0.4.jar:/home/user/.m2/repository/commons-lang/commons-lang/2.6/commons-lang-2.6.jar:/home/user/.m2/repository/com/apple/AppleJavaExtensions/1.4/AppleJavaExtensions-1.4.jar:/home/user/.m2/repository/jaxen/jaxen/1.1.6/jaxen-1.1.6.jar:/home/user/.m2/repository/org/apache/hadoop/hadoop-common/3.2.0/hadoop-common-3.2.0-tests.jar:/home/user/.m2/repository/org/apache/hadoop/hadoop-ozone-client/0.5.0-SNAPSHOT/hadoop-ozone-client-0.5.0-SNAPSHOT.jar:/home/user/.m2/repository/org/apache/hadoop/hadoop-hdfs/3.2.0/hadoop-hdfs-3.2.0-tests.jar:/workdir/hadoop-ozone/integration-test/target/test-classes:/home/user/.m2/repository/org/apache/hadoop/hadoop-ozone-s3gateway/0.5.0-SNAPSHOT/hadoop-ozone-s3gateway-0.5.0-SNAPSHOT.jar:/home/user/.m2/repository/org/jboss/weld/servlet/weld-servlet/2.4.7.Final/weld-servlet-2.4.7.Final.jar:/home/user/.m2/repository/org/glassfish/jersey/containers/jersey-container-servlet-core/2.27/jersey-container-servlet-core-2.27.jar:/home/user/.m2/repository/org/glassfish/hk2/external/javax.inject/2.5.0-b42/javax.inject-2.5.0-b42.jar:/home/user/.m2/repository/org/glassfish/jersey/core/jersey-common/2.27/jersey-common-2.27.jar:/home/user/.m2/repository/org/glassfish/hk2/osgi-resource-locator/1.0.1/osgi-resource-locator-1.0.1.jar:/home/user/.m2/repository/javax/ws/rs/javax.ws.rs-api/2.1/javax.ws.rs-api-2.1.jar:/home/user/.m2/repository/org/glassfish/jersey/ext/cdi/jersey-cdi1x/2.27/jersey-cdi1x-2.27.jar:/home/user/.m2/repository/org/glassfish/jersey/inject/jersey-hk2/2.27/jersey-hk2-2.27.jar:/home/user/.m2/repository/org/glassfish/hk2/hk2-locator/2.5.0-b42/hk2-locator-2.5.0-b42.jar:/home/user/.m2/repository/org/javassist/javassist/3.22.0-CR2/javassist-3.22.0-CR2.jar:/home/user/.m2/repository/org/glassfish/hk2/hk2-api/2.5.0/hk2-api-2.5.0.jar:/home/user/.m2/repository/org/glassfish/hk2/external/jakarta.inject/2.5.0/jakarta.inject-2.5.0.jar:/home/user/.m2/repository/org/glassfish/hk2/hk2-utils/2.5.0/hk2-utils-2.5.0.jar:/home/user/.m2/repository/jakarta/annotation/jakarta.annotation-api/1.3.4/jakarta.annotation-api-1.3.4.jar:/home/user/.m2/repository/org/glassfish/hk2/external/aopalliance-repackaged/2.5.0/aopalliance-repackaged-2.5.0.jar:/home/user/.m2/repository/com/fasterxml/jackson/dataformat/jackson-dataformat-xml/2.9.0/jackson-dataformat-xml-2.9.0.jar:/home/user/.m2/repository/com/fasterxml/jackson/module/jackson-module-jaxb-annotations/2.9.5/jackson-module-jaxb-annotations-2.9.5.jar:/home/user/.m2/repository/javax/enterprise/cdi-api/1.2/cdi-api-1.2.jar:/home/user/.m2/repository/javax/el/javax.el-api/3.0.0/javax.el-api-3.0.0.jar:/home/user/.m2/repository/javax/interceptor/javax.interceptor-api/1.2/javax.interceptor-api-1.2.jar:/home/user/.m2/repository/javax/inject/javax.inject/1/javax.inject-1.jar:/home/user/.m2/repository/com/sun/xml/bind/jaxb-core/2.3.0.1/jaxb-core-2.3.0.1.jar:/home/user/.m2/repository/javax/xml/bind/jaxb-api/2.3.0/jaxb-api-2.3.0.jar:/home/user/.m2/repository/javax/activation/activation/1.1.1/activation-1.1.1.jar:/home/user/.m2/repository/org/apache/hadoop/hadoop-ozone-csi/0.5.0-SNAPSHOT/hadoop-ozone-csi-0.5.0-SNAPSHOT.jar:/home/user/.m2/repository/com/google/protobuf/protobuf-java-util/3.5.1/protobuf-java-util-3.5.1.jar:/home/user/.m2/repository/io/grpc/grpc-netty/1.17.1/grpc-netty-1.17.1.jar:/home/user/.m2/repository/io/grpc/grpc-core/1.17.1/grpc-core-1.17.1.jar:/home/user/.m2/repository/io/grpc/grpc-context/1.17.1/grpc-context-1.17.1.jar:/home/user/.m2/repository/com/google/errorprone/error_prone_annotations/2.2.0/error_prone_annotations-2.2.0.jar:/home/user/.m2/repository/org/codehaus/mojo/animal-sniffer-annotations/1.17/animal-sniffer-annotations-1.17.jar:/home/user/.m2/repository/io/opencensus/opencensus-api/0.17.0/opencensus-api-0.17.0.jar:/home/user/.m2/repository/io/opencensus/opencensus-contrib-grpc-metrics/0.17.0/opencensus-contrib-grpc-metrics-0.17.0.jar:/home/user/.m2/repository/io/netty/netty-codec-http2/4.1.30.Final/netty-codec-http2-4.1.30.Final.jar:/home/user/.m2/repository/io/netty/netty-codec-http/4.1.30.Final/netty-codec-http-4.1.30.Final.jar:/home/user/.m2/repository/io/netty/netty-codec/4.1.30.Final/netty-codec-4.1.30.Final.jar:/home/user/.m2/repository/io/netty/netty-handler/4.1.30.Final/netty-handler-4.1.30.Final.jar:/home/user/.m2/repository/io/netty/netty-handler-proxy/4.1.30.Final/netty-handler-proxy-4.1.30.Final.jar:/home/user/.m2/repository/io/netty/netty-codec-socks/4.1.30.Final/netty-codec-socks-4.1.30.Final.jar:/home/user/.m2/repository/io/netty/netty-transport-native-epoll/4.1.30.Final/netty-transport-native-epoll-4.1.30.Final.jar:/home/user/.m2/repository/io/netty/netty-common/4.1.30.Final/netty-common-4.1.30.Final.jar:/home/user/.m2/repository/io/netty/netty-buffer/4.1.30.Final/netty-buffer-4.1.30.Final.jar:/home/user/.m2/repository/io/netty/netty-transport/4.1.30.Final/netty-transport-4.1.30.Final.jar:/home/user/.m2/repository/io/netty/netty-resolver/4.1.30.Final/netty-resolver-4.1.30.Final.jar:/home/user/.m2/repository/io/netty/netty-transport-native-unix-common/4.1.30.Final/netty-transport-native-unix-common-4.1.30.Final.jar:/home/user/.m2/repository/io/grpc/grpc-protobuf/1.17.1/grpc-protobuf-1.17.1.jar:/home/user/.m2/repository/com/google/api/grpc/proto-google-common-protos/1.0.0/proto-google-common-protos-1.0.0.jar:/home/user/.m2/repository/io/grpc/grpc-protobuf-lite/1.17.1/grpc-protobuf-lite-1.17.1.jar:/home/user/.m2/repository/io/grpc/grpc-stub/1.17.1/grpc-stub-1.17.1.jar:/home/user/.m2/repository/org/apache/hadoop/hadoop-ozone-recon/0.5.0-SNAPSHOT/hadoop-ozone-recon-0.5.0-SNAPSHOT.jar:/home/user/.m2/repository/org/apache/hadoop/hadoop-ozone-reconcodegen/0.5.0-SNAPSHOT/hadoop-ozone-reconcodegen-0.5.0-SNAPSHOT.jar:/home/user/.m2/repository/com/google/inject/extensions/guice-multibindings/4.0/guice-multibindings-4.0.jar:/home/user/.m2/repository/com/google/inject/guice/4.0/guice-4.0.jar:/home/user/.m2/repository/aopalliance/aopalliance/1.0/aopalliance-1.0.jar:/home/user/.m2/repository/org/glassfish/jersey/containers/jersey-container-servlet/2.27/jersey-container-servlet-2.27.jar:/home/user/.m2/repository/org/glassfish/hk2/guice-bridge/2.5.0/guice-bridge-2.5.0.jar:/home/user/.m2/repository/org/glassfish/jersey/core/jersey-server/2.27/jersey-server-2.27.jar:/home/user/.m2/repository/org/glassfish/jersey/core/jersey-client/2.27/jersey-client-2.27.jar:/home/user/.m2/repository/org/glassfish/jersey/media/jersey-media-jaxb/2.27/jersey-media-jaxb-2.27.jar:/home/user/.m2/repository/javax/validation/validation-api/1.1.0.Final/validation-api-1.1.0.Final.jar:/home/user/.m2/repository/org/glassfish/jersey/media/jersey-media-json-jackson/2.27/jersey-media-json-jackson-2.27.jar:/home/user/.m2/repository/org/glassfish/jersey/ext/jersey-entity-filtering/2.27/jersey-entity-filtering-2.27.jar:/home/user/.m2/repository/com/google/inject/extensions/guice-assistedinject/4.0/guice-assistedinject-4.0.jar:/home/user/.m2/repository/org/jooq/jooq/3.11.10/jooq-3.11.10.jar:/home/user/.m2/repository/org/jooq/jooq-meta/3.11.10/jooq-meta-3.11.10.jar:/home/user/.m2/repository/org/jooq/jooq-codegen/3.11.10/jooq-codegen-3.11.10.jar:/home/user/.m2/repository/com/jolbox/bonecp/0.8.0.RELEASE/bonecp-0.8.0.RELEASE.jar:/home/user/.m2/repository/org/springframework/spring-jdbc/5.1.3.RELEASE/spring-jdbc-5.1.3.RELEASE.jar:/home/user/.m2/repository/org/springframework/spring-beans/5.1.3.RELEASE/spring-beans-5.1.3.RELEASE.jar:/home/user/.m2/repository/org/springframework/spring-core/5.1.3.RELEASE/spring-core-5.1.3.RELEASE.jar:/home/user/.m2/repository/org/springframework/spring-jcl/5.1.3.RELEASE/spring-jcl-5.1.3.RELEASE.jar:/home/user/.m2/repository/org/springframework/spring-tx/5.1.3.RELEASE/spring-tx-5.1.3.RELEASE.jar:/home/user/.m2/repository/org/mockito/mockito-all/1.10.19/mockito-all-1.10.19.jar:/home/user/.m2/repository/junit/junit/4.11/junit-4.11.jar:/home/user/.m2/repository/org/hamcrest/hamcrest-core/1.3/hamcrest-core-1.3.jar:/home/user/.m2/repository/org/apache/hadoop/hadoop-distcp/3.2.0/hadoop-distcp-3.2.0.jar:/home/user/.m2/repository/org/apache/hadoop/hadoop-distcp/3.2.0/hadoop-distcp-3.2.0-tests.jar:/home/user/.m2/repository/org/apache/hadoop/hadoop-mapreduce-client-jobclient/3.2.0/hadoop-mapreduce-client-jobclient-3.2.0.jar:/home/user/.m2/repository/org/apache/hadoop/hadoop-mapreduce-client-common/3.2.0/hadoop-mapreduce-client-common-3.2.0.jar:/home/user/.m2/repository/org/apache/hadoop/hadoop-yarn-common/3.2.0/hadoop-yarn-common-3.2.0.jar:/home/user/.m2/repository/org/apache/hadoop/hadoop-yarn-api/3.2.0/hadoop-yarn-api-3.2.0.jar:/home/user/.m2/repository/com/sun/jersey/jersey-client/1.19/jersey-client-1.19.jar:/home/user/.m2/repository/com/sun/jersey/contribs/jersey-guice/1.19/jersey-guice-1.19.jar:/home/user/.m2/repository/com/fasterxml/jackson/jaxrs/jackson-jaxrs-json-provider/2.9.5/jackson-jaxrs-json-provider-2.9.5.jar:/home/user/.m2/repository/com/fasterxml/jackson/jaxrs/jackson-jaxrs-base/2.9.5/jackson-jaxrs-base-2.9.5.jar:/home/user/.m2/repository/org/apache/hadoop/hadoop-yarn-client/3.2.0/hadoop-yarn-client-3.2.0.jar:/home/user/.m2/repository/org/apache/hadoop/hadoop-mapreduce-client-core/3.2.0/hadoop-mapreduce-client-core-3.2.0.jar:/home/user/.m2/repository/com/google/inject/extensions/guice-servlet/4.0/guice-servlet-4.0.jar:/home/user/.m2/repository/org/powermock/powermock-module-junit4/1.6.5/powermock-module-junit4-1.6.5.jar:/home/user/.m2/repository/org/powermock/powermock-module-junit4-common/1.6.5/powermock-module-junit4-common-1.6.5.jar:/home/user/.m2/repository/org/powermock/powermock-core/1.6.5/powermock-core-1.6.5.jar:/home/user/.m2/repository/org/powermock/powermock-reflect/1.6.5/powermock-reflect-1.6.5.jar:/home/user/.m2/repository/org/powermock/powermock-api-mockito/1.6.5/powermock-api-mockito-1.6.5.jar:/home/user/.m2/repository/org/mockito/mockito-core/1.10.19/mockito-core-1.10.19.jar:/home/user/.m2/repository/org/objenesis/objenesis/1.0/objenesis-1.0.jar:/home/user/.m2/repository/org/powermock/powermock-api-mockito-common/1.6.5/powermock-api-mockito-common-1.6.5.jar:/home/user/.m2/repository/org/powermock/powermock-api-support/1.6.5/powermock-api-support-1.6.5.jar:"/>
    <property name="sun.cpu.endian" value="little"/>
    <property name="user.home" value="/home/user"/>
    <property name="user.language" value="en"/>
    <property name="java.specification.vendor" value="Oracle Corporation"/>
    <property name="java.home" value="/usr/lib/jvm/java-1.8-openjdk/jre"/>
    <property name="java.security.krb5.conf" value="/workdir/hadoop-ozone/ozonefs/target/test-classes/krb5.conf"/>
    <property name="basedir" value="/workdir/hadoop-ozone/ozonefs"/>
    <property name="file.separator" value="/"/>
    <property name="line.separator" value="&#10;"/>
    <property name="java.vm.specification.vendor" value="Oracle Corporation"/>
    <property name="java.specification.name" value="Java Platform API Specification"/>
    <property name="java.awt.graphicsenv" value="sun.awt.X11GraphicsEnvironment"/>
    <property name="surefire.real.class.path" value="/workdir/hadoop-ozone/ozonefs/target/surefire/surefirebooter3094817254478561016.jar"/>
    <property name="hadoop.log.dir" value="/workdir/hadoop-ozone/ozonefs/target/log"/>
    <property name="sun.boot.class.path" value="/usr/lib/jvm/java-1.8-openjdk/jre/lib/resources.jar:/usr/lib/jvm/java-1.8-openjdk/jre/lib/rt.jar:/usr/lib/jvm/java-1.8-openjdk/jre/lib/sunrsasign.jar:/usr/lib/jvm/java-1.8-openjdk/jre/lib/jsse.jar:/usr/lib/jvm/java-1.8-openjdk/jre/lib/jce.jar:/usr/lib/jvm/java-1.8-openjdk/jre/lib/charsets.jar:/usr/lib/jvm/java-1.8-openjdk/jre/lib/jfr.jar:/usr/lib/jvm/java-1.8-openjdk/jre/classes"/>
    <property name="sun.management.compiler" value="HotSpot 64-Bit Tiered Compilers"/>
    <property name="java.runtime.version" value="1.8.0_212-b04"/>
    <property name="java.net.preferIPv4Stack" value="true"/>
    <property name="user.name" value="jenkins1000"/>
    <property name="path.separator" value=":"/>
    <property name="java.security.egd" value="file:///dev/urandom"/>
    <property name="os.version" value="3.10.0-957.12.2.el7.x86_64"/>
    <property name="java.endorsed.dirs" value="/usr/lib/jvm/java-1.8-openjdk/jre/lib/endorsed"/>
    <property name="java.runtime.name" value="OpenJDK Runtime Environment"/>
    <property name="file.encoding" value="UTF-8"/>
    <property name="java.vm.name" value="OpenJDK 64-Bit Server VM"/>
    <property name="test.build.webapps" value=""/>
    <property name="localRepository" value="/home/user/.m2/repository"/>
    <property name="java.vendor.url.bug" value="https://icedtea.classpath.org/bugzilla"/>
    <property name="java.io.tmpdir" value="/tmp"/>
    <property name="require.test.libhadoop" value=""/>
    <property name="java.version" value="1.8.0_212"/>
    <property name="user.dir" value="/workdir/hadoop-ozone/ozonefs"/>
    <property name="os.arch" value="amd64"/>
    <property name="java.vm.specification.name" value="Java Virtual Machine Specification"/>
    <property name="test.build.classes" value="/workdir/hadoop-ozone/ozonefs/target/test-classes"/>
    <property name="java.awt.printerjob" value="sun.print.PSPrinterJob"/>
    <property name="sun.os.patch.level" value="unknown"/>
    <property name="hadoop.tmp.dir" value="/workdir/hadoop-ozone/ozonefs/target/tmp"/>
    <property name="java.library.path" value="/usr/lib/jvm/java-1.8-openjdk/jre/lib/amd64/server:/usr/lib/jvm/java-1.8-openjdk/jre/lib/amd64:/usr/lib/jvm/java-1.8-openjdk/jre/../lib/amd64:/workdir/hadoop-ozone/ozonefs/target/native/target/usr/local/lib:/workdir/hadoop-ozone/ozonefs/../../hadoop-common-project/hadoop-common/target/native/target/usr/local/lib:/usr/java/packages/lib/amd64:/usr/lib64:/lib64:/lib:/usr/lib"/>
    <property name="java.vm.info" value="mixed mode"/>
    <property name="java.vendor" value="IcedTea"/>
    <property name="java.vm.version" value="25.212-b04"/>
    <property name="java.ext.dirs" value="/usr/lib/jvm/java-1.8-openjdk/jre/lib/ext:/usr/java/packages/lib/ext"/>
    <property name="sun.io.unicode.encoding" value="UnicodeLittle"/>
    <property name="java.class.version" value="52.0"/>
  </properties>
  <testcase name="testOzoneManagerFileSystemInterface[0]" classname="org.apache.hadoop.fs.ozone.TestOzoneFileInterfaces" time="24.428"/>
  <testcase name="testListStatus[0]" classname="org.apache.hadoop.fs.ozone.TestOzoneFileInterfaces" time="18.126"/>
  <testcase name="testDirectory[0]" classname="org.apache.hadoop.fs.ozone.TestOzoneFileInterfaces" time="17.977"/>
  <testcase name="testPathToKey[0]" classname="org.apache.hadoop.fs.ozone.TestOzoneFileInterfaces" time="17.75"/>
  <testcase name="testFileSystemInit[0]" classname="org.apache.hadoop.fs.ozone.TestOzoneFileInterfaces" time="18.085"/>
  <testcase name="testOzFsReadWrite[0]" classname="org.apache.hadoop.fs.ozone.TestOzoneFileInterfaces" time="17.803">
    <error message="Allocated 0 blocks. Requested 1 blocks" type="INTERNAL_ERROR org.apache.hadoop.ozone.om.exceptions.OMException">INTERNAL_ERROR org.apache.hadoop.ozone.om.exceptions.OMException: Allocated 0 blocks. Requested 1 blocks
	at org.apache.hadoop.ozone.om.protocolPB.OzoneManagerProtocolClientSideTranslatorPB.handleError(OzoneManagerProtocolClientSideTranslatorPB.java:725)
	at org.apache.hadoop.ozone.om.protocolPB.OzoneManagerProtocolClientSideTranslatorPB.createFile(OzoneManagerProtocolClientSideTranslatorPB.java:1474)
	at org.apache.hadoop.ozone.client.rpc.RpcClient.createFile(RpcClient.java:984)
	at org.apache.hadoop.ozone.client.OzoneBucket.createFile(OzoneBucket.java:535)
	at org.apache.hadoop.fs.ozone.BasicOzoneClientAdapterImpl.createFile(BasicOzoneClientAdapterImpl.java:181)
	at org.apache.hadoop.fs.ozone.BasicOzoneFileSystem.createOutputStream(BasicOzoneFileSystem.java:249)
	at org.apache.hadoop.fs.ozone.BasicOzoneFileSystem.create(BasicOzoneFileSystem.java:230)
	at org.apache.hadoop.fs.FileSystem.create(FileSystem.java:1118)
	at org.apache.hadoop.fs.FileSystem.create(FileSystem.java:1098)
	at org.apache.hadoop.fs.FileSystem.create(FileSystem.java:987)
	at org.apache.hadoop.fs.FileSystem.create(FileSystem.java:975)
	at org.apache.hadoop.fs.ozone.TestOzoneFileInterfaces.testOzFsReadWrite(TestOzoneFileInterfaces.java:186)
	at sun.reflect.NativeMethodAccessorImpl.invoke0(Native Method)
	at sun.reflect.NativeMethodAccessorImpl.invoke(NativeMethodAccessorImpl.java:62)
	at sun.reflect.DelegatingMethodAccessorImpl.invoke(DelegatingMethodAccessorImpl.java:43)
	at java.lang.reflect.Method.invoke(Method.java:498)
	at org.junit.runners.model.FrameworkMethod$1.runReflectiveCall(FrameworkMethod.java:47)
	at org.junit.internal.runners.model.ReflectiveCallable.run(ReflectiveCallable.java:12)
	at org.junit.runners.model.FrameworkMethod.invokeExplosively(FrameworkMethod.java:44)
	at org.junit.internal.runners.statements.InvokeMethod.evaluate(InvokeMethod.java:17)
	at org.junit.internal.runners.statements.RunBefores.evaluate(RunBefores.java:26)
	at org.junit.internal.runners.statements.RunAfters.evaluate(RunAfters.java:27)
	at org.junit.runners.ParentRunner.runLeaf(ParentRunner.java:271)
	at org.junit.runners.BlockJUnit4ClassRunner.runChild(BlockJUnit4ClassRunner.java:70)
	at org.junit.runners.BlockJUnit4ClassRunner.runChild(BlockJUnit4ClassRunner.java:50)
	at org.junit.runners.ParentRunner$3.run(ParentRunner.java:238)
	at org.junit.runners.ParentRunner$1.schedule(ParentRunner.java:63)
	at org.junit.runners.ParentRunner.runChildren(ParentRunner.java:236)
	at org.junit.runners.ParentRunner.access$000(ParentRunner.java:53)
	at org.junit.runners.ParentRunner$2.evaluate(ParentRunner.java:229)
	at org.junit.runners.ParentRunner.run(ParentRunner.java:309)
	at org.junit.runners.Suite.runChild(Suite.java:127)
	at org.junit.runners.Suite.runChild(Suite.java:26)
	at org.junit.runners.ParentRunner$3.run(ParentRunner.java:238)
	at org.junit.runners.ParentRunner$1.schedule(ParentRunner.java:63)
	at org.junit.runners.ParentRunner.runChildren(ParentRunner.java:236)
	at org.junit.runners.ParentRunner.access$000(ParentRunner.java:53)
	at org.junit.runners.ParentRunner$2.evaluate(ParentRunner.java:229)
	at org.junit.runners.ParentRunner.run(ParentRunner.java:309)
	at org.apache.maven.surefire.junit4.JUnit4Provider.execute(JUnit4Provider.java:365)
	at org.apache.maven.surefire.junit4.JUnit4Provider.executeWithRerun(JUnit4Provider.java:273)
	at org.apache.maven.surefire.junit4.JUnit4Provider.executeTestSet(JUnit4Provider.java:238)
	at org.apache.maven.surefire.junit4.JUnit4Provider.invoke(JUnit4Provider.java:159)
	at org.apache.maven.surefire.booter.ForkedBooter.invokeProviderInSameClassLoader(ForkedBooter.java:384)
	at org.apache.maven.surefire.booter.ForkedBooter.runSuitesInProcess(ForkedBooter.java:345)
	at org.apache.maven.surefire.booter.ForkedBooter.execute(ForkedBooter.java:126)
	at org.apache.maven.surefire.booter.ForkedBooter.main(ForkedBooter.java:418)
</error>
    <system-out><![CDATA[2019-09-20 08:48:22,922 [main] WARN  server.ServerUtils (ServerUtils.java:getScmDbDir(145)) - ozone.scm.db.dirs is not configured. We recommend adding this setting. Falling back to ozone.metadata.dirs instead.
2019-09-20 08:48:22,945 [main] WARN  server.ServerUtils (ServerUtils.java:getScmDbDir(145)) - ozone.scm.db.dirs is not configured. We recommend adding this setting. Falling back to ozone.metadata.dirs instead.
2019-09-20 08:48:22,946 [main] WARN  server.ServerUtils (ServerUtils.java:getScmDbDir(145)) - ozone.scm.db.dirs is not configured. We recommend adding this setting. Falling back to ozone.metadata.dirs instead.
2019-09-20 08:48:22,946 [main] INFO  db.DBStoreBuilder (DBStoreBuilder.java:addTable(110)) - using custom profile for table: deletedBlocks
2019-09-20 08:48:22,946 [main] INFO  db.DBStoreBuilder (DBStoreBuilder.java:processTables(161)) - Using default column profile:DBProfile.DISK for Table:deletedBlocks
2019-09-20 08:48:22,947 [main] INFO  db.DBStoreBuilder (DBStoreBuilder.java:addTable(110)) - using custom profile for table: validCerts
2019-09-20 08:48:22,947 [main] INFO  db.DBStoreBuilder (DBStoreBuilder.java:processTables(161)) - Using default column profile:DBProfile.DISK for Table:validCerts
2019-09-20 08:48:22,947 [main] INFO  db.DBStoreBuilder (DBStoreBuilder.java:addTable(110)) - using custom profile for table: revokedCerts
2019-09-20 08:48:22,947 [main] INFO  db.DBStoreBuilder (DBStoreBuilder.java:processTables(161)) - Using default column profile:DBProfile.DISK for Table:revokedCerts
2019-09-20 08:48:22,948 [main] INFO  db.DBStoreBuilder (DBStoreBuilder.java:addTable(110)) - using custom profile for table: default
2019-09-20 08:48:22,948 [main] INFO  db.DBStoreBuilder (DBStoreBuilder.java:processTables(167)) - Using default column profile:DBProfile.DISK for Table:default
2019-09-20 08:48:22,948 [main] INFO  db.DBStoreBuilder (DBStoreBuilder.java:getDbProfile(198)) - Using default options. DBProfile.DISK
2019-09-20 08:48:23,198 [main] INFO  net.NodeSchemaLoader (NodeSchemaLoader.java:loadSchemaFromFile(125)) - Loading file from sun.misc.CompoundEnumeration@1812b564
2019-09-20 08:48:23,198 [main] INFO  net.NodeSchemaLoader (NodeSchemaLoader.java:loadSchema(171)) - Loading network topology layer schema file
2019-09-20 08:48:23,204 [main] WARN  server.ServerUtils (ServerUtils.java:sanitizeUserArgs(70)) - ozone.scm.stale.node.interval value = 300000 is larger than max = 100000 based on the key value of ozone.scm.heartbeat.thread.interval, reset to the max value 100000.
2019-09-20 08:48:23,204 [main] WARN  server.ServerUtils (ServerUtils.java:sanitizeUserArgs(70)) - ozone.scm.stale.node.interval value = 300000 is larger than max = 100000 based on the key value of ozone.scm.heartbeat.thread.interval, reset to the max value 100000.
2019-09-20 08:48:23,205 [main] INFO  node.SCMNodeManager (SCMNodeManager.java:<init>(121)) - Entering startup safe mode.
2019-09-20 08:48:23,206 [main] INFO  algorithms.ContainerPlacementPolicyFactory (ContainerPlacementPolicyFactory.java:getPolicy(56)) - Create container placement policy of type org.apache.hadoop.hdds.scm.container.placement.algorithms.SCMContainerPlacementRandom
2019-09-20 08:48:23,206 [main] WARN  server.ServerUtils (ServerUtils.java:getScmDbDir(145)) - ozone.scm.db.dirs is not configured. We recommend adding this setting. Falling back to ozone.metadata.dirs instead.
2019-09-20 08:48:23,286 [main] INFO  pipeline.SCMPipelineManager (SCMPipelineManager.java:initializePipelineState(126)) - No pipeline exists in current db
2019-09-20 08:48:23,286 [main] WARN  server.ServerUtils (ServerUtils.java:getScmDbDir(145)) - ozone.scm.db.dirs is not configured. We recommend adding this setting. Falling back to ozone.metadata.dirs instead.
2019-09-20 08:48:23,385 [main] WARN  events.EventQueue (EventQueue.java:fireEvent(175)) - No event handler registered for event TypedEvent{payloadType=SafeModeStatus, name='SafeModeStatus'}
2019-09-20 08:48:23,386 [main] INFO  ipc.CallQueueManager (CallQueueManager.java:<init>(84)) - Using callQueue: class java.util.concurrent.LinkedBlockingQueue, queueCapacity: 2000, scheduler: class org.apache.hadoop.ipc.DefaultRpcScheduler, ipcBackoff: false.
2019-09-20 08:48:23,387 [Socket Reader #1 for port 42707] INFO  ipc.Server (Server.java:run(1074)) - Starting Socket Reader #1 for port 42707
2019-09-20 08:48:23,389 [main] INFO  ipc.CallQueueManager (CallQueueManager.java:<init>(84)) - Using callQueue: class java.util.concurrent.LinkedBlockingQueue, queueCapacity: 2000, scheduler: class org.apache.hadoop.ipc.DefaultRpcScheduler, ipcBackoff: false.
2019-09-20 08:48:23,390 [Socket Reader #1 for port 45593] INFO  ipc.Server (Server.java:run(1074)) - Starting Socket Reader #1 for port 45593
2019-09-20 08:48:23,392 [main] INFO  ipc.CallQueueManager (CallQueueManager.java:<init>(84)) - Using callQueue: class java.util.concurrent.LinkedBlockingQueue, queueCapacity: 2000, scheduler: class org.apache.hadoop.ipc.DefaultRpcScheduler, ipcBackoff: false.
2019-09-20 08:48:23,393 [Socket Reader #1 for port 34726] INFO  ipc.Server (Server.java:run(1074)) - Starting Socket Reader #1 for port 34726
2019-09-20 08:48:23,397 [main] INFO  hdfs.DFSUtil (DFSUtil.java:httpServerTemplateForNNAndJN(1641)) - Starting Web-server for scm at: http://0.0.0.0:0
2019-09-20 08:48:23,401 [main] INFO  server.AuthenticationFilter (AuthenticationFilter.java:constructSecretProvider(240)) - Unable to initialize FileSignerSecretProvider, falling back to use random secrets.
2019-09-20 08:48:23,402 [main] WARN  http.HttpRequestLog (HttpRequestLog.java:getRequestLog(97)) - Jetty request log can only be enabled using Log4j
2019-09-20 08:48:23,406 [main] INFO  http.HttpServer2 (HttpServer2.java:addGlobalFilter(975)) - Added global filter 'safety' (class=org.apache.hadoop.http.HttpServer2$QuotingInputFilter)
2019-09-20 08:48:23,407 [main] INFO  http.HttpServer2 (HttpServer2.java:addFilter(948)) - Added filter static_user_filter (class=org.apache.hadoop.http.lib.StaticUserWebFilter$StaticUserFilter) to context scm
2019-09-20 08:48:23,408 [main] INFO  http.HttpServer2 (HttpServer2.java:addFilter(958)) - Added filter static_user_filter (class=org.apache.hadoop.http.lib.StaticUserWebFilter$StaticUserFilter) to context static
2019-09-20 08:48:23,408 [main] INFO  http.HttpServer2 (HttpServer2.java:addFilter(958)) - Added filter static_user_filter (class=org.apache.hadoop.http.lib.StaticUserWebFilter$StaticUserFilter) to context logs
2019-09-20 08:48:23,411 [main] INFO  server.StorageContainerManager (StorageContainerManager.java:start(759)) - StorageContainerLocationProtocol RPC server is listening at /0.0.0.0:34726
2019-09-20 08:48:23,413 [main] WARN  impl.MetricsConfig (MetricsConfig.java:loadFirst(134)) - Cannot locate configuration: tried hadoop-metrics2-storagecontainermanager.properties,hadoop-metrics2.properties
2019-09-20 08:48:23,414 [main] INFO  impl.MetricsSystemImpl (MetricsSystemImpl.java:startTimer(374)) - Scheduled Metric snapshot period at 10 second(s).
2019-09-20 08:48:23,415 [main] INFO  impl.MetricsSystemImpl (MetricsSystemImpl.java:start(191)) - StorageContainerManager metrics system started
2019-09-20 08:48:23,480 [main] INFO  server.SCMClientProtocolServer (SCMClientProtocolServer.java:start(151)) - RPC server for Client  is listening at /0.0.0.0:34726
2019-09-20 08:48:23,481 [IPC Server Responder] INFO  ipc.Server (Server.java:run(1314)) - IPC Server Responder: starting
2019-09-20 08:48:23,481 [IPC Server listener on 34726] INFO  ipc.Server (Server.java:run(1153)) - IPC Server listener on 34726: starting
2019-09-20 08:48:23,484 [main] INFO  server.StorageContainerManager (StorageContainerManager.java:start(769)) - ScmBlockLocationProtocol RPC server is listening at /0.0.0.0:45593
2019-09-20 08:48:23,485 [main] INFO  server.SCMBlockProtocolServer (SCMBlockProtocolServer.java:start(140)) - RPC server for Block Protocol is listening at /0.0.0.0:45593
2019-09-20 08:48:23,485 [IPC Server Responder] INFO  ipc.Server (Server.java:run(1314)) - IPC Server Responder: starting
2019-09-20 08:48:23,485 [IPC Server listener on 45593] INFO  ipc.Server (Server.java:run(1153)) - IPC Server listener on 45593: starting
2019-09-20 08:48:23,489 [main] INFO  server.StorageContainerManager (StorageContainerManager.java:start(773)) - ScmDatanodeProtocl RPC server is listening at /0.0.0.0:42707
2019-09-20 08:48:23,489 [main] INFO  server.SCMDatanodeProtocolServer (SCMDatanodeProtocolServer.java:start(191)) - RPC server for DataNodes is listening at /0.0.0.0:42707
2019-09-20 08:48:23,489 [IPC Server Responder] INFO  ipc.Server (Server.java:run(1314)) - IPC Server Responder: starting
2019-09-20 08:48:23,489 [IPC Server listener on 42707] INFO  ipc.Server (Server.java:run(1153)) - IPC Server listener on 42707: starting
2019-09-20 08:48:23,494 [main] INFO  http.HttpServer2 (HttpServer2.java:bindListener(1191)) - Jetty bound to port 39501
2019-09-20 08:48:23,495 [main] INFO  server.Server (Server.java:doStart(351)) - jetty-9.3.24.v20180605, build timestamp: 2018-06-05T17:11:56Z, git hash: 84205aa28f11a4f31f2a3b86d1bba2cc8ab69827
2019-09-20 08:48:23,497 [main] INFO  handler.ContextHandler (ContextHandler.java:doStart(781)) - Started o.e.j.s.ServletContextHandler@43edd2ea{/logs,file:///workdir/hadoop-ozone/ozonefs/target/log,AVAILABLE}
2019-09-20 08:48:23,497 [main] INFO  handler.ContextHandler (ContextHandler.java:doStart(781)) - Started o.e.j.s.ServletContextHandler@4cd9ee2c{/static,jar:file:/home/user/.m2/repository/org/apache/hadoop/hadoop-hdds-server-scm/0.5.0-SNAPSHOT/hadoop-hdds-server-scm-0.5.0-SNAPSHOT.jar!/webapps/static,AVAILABLE}
2019-09-20 08:48:23,538 [main] INFO  handler.ContextHandler (ContextHandler.java:doStart(781)) - Started o.e.j.w.WebAppContext@16e84d93{/,file:///tmp/jetty-0.0.0.0-39501-scm-_-any-124749189773634099.dir/webapp/,AVAILABLE}{/scm}
2019-09-20 08:48:23,539 [main] INFO  server.AbstractConnector (AbstractConnector.java:doStart(278)) - Started ServerConnector@2a7b5925{HTTP/1.1,[http/1.1]}{0.0.0.0:39501}
2019-09-20 08:48:23,540 [main] INFO  server.Server (Server.java:doStart(419)) - Started @97443ms
2019-09-20 08:48:23,541 [main] INFO  server.BaseHttpServer (BaseHttpServer.java:updateConnectorAddress(213)) - HTTP server of SCM is listening at http://0.0.0.0:39501
2019-09-20 08:48:23,541 [main] WARN  server.ServerUtils (ServerUtils.java:getDBPath(222)) - ozone.om.db.dirs is not configured. We recommend adding this setting. Falling back to ozone.metadata.dirs instead.
2019-09-20 08:48:23,543 [org.apache.hadoop.util.JvmPauseMonitor$Monitor@6c9b6332] INFO  util.JvmPauseMonitor (JvmPauseMonitor.java:run(188)) - Starting JVM pause monitor
2019-09-20 08:48:23,559 [main] WARN  server.ServerUtils (ServerUtils.java:getDBPath(222)) - ozone.om.db.dirs is not configured. We recommend adding this setting. Falling back to ozone.metadata.dirs instead.
2019-09-20 08:48:23,559 [main] WARN  server.ServerUtils (ServerUtils.java:getDBPath(222)) - ozone.om.db.dirs is not configured. We recommend adding this setting. Falling back to ozone.metadata.dirs instead.
2019-09-20 08:48:23,560 [main] INFO  om.OzoneManager (OzoneManager.java:setOMNodeDetails(645)) - OM Service ID is not set. Setting it to the default ID: omServiceIdDefault
2019-09-20 08:48:23,560 [main] INFO  om.OzoneManager (OzoneManager.java:setOMNodeDetails(651)) - OM Node ID is not set. Setting it to the OmStorage's OmID: 5d66cfd4-6448-4e92-8edf-7a222a268f65
2019-09-20 08:48:23,560 [main] INFO  om.OzoneManager (OzoneManager.java:loadOMHAConfigs(602)) - Found matching OM address with OMServiceId: null, OMNodeId: null, RPC Address: localhost:0 and Ratis port: 9872
2019-09-20 08:48:23,570 | INFO  | SCMAudit | user=jenkins1000 | ip=192.168.36.79 | op=GET_SCM_INFO null | ret=SUCCESS |  
2019-09-20 08:48:23,573 [main] WARN  server.ServerUtils (ServerUtils.java:getDBPath(222)) - ozone.om.db.dirs is not configured. We recommend adding this setting. Falling back to ozone.metadata.dirs instead.
2019-09-20 08:48:23,573 [main] INFO  db.DBStoreBuilder (DBStoreBuilder.java:addTable(110)) - using custom profile for table: userTable
2019-09-20 08:48:23,574 [main] INFO  db.DBStoreBuilder (DBStoreBuilder.java:processTables(161)) - Using default column profile:DBProfile.DISK for Table:userTable
2019-09-20 08:48:23,574 [main] INFO  db.DBStoreBuilder (DBStoreBuilder.java:addTable(110)) - using custom profile for table: volumeTable
2019-09-20 08:48:23,574 [main] INFO  db.DBStoreBuilder (DBStoreBuilder.java:processTables(161)) - Using default column profile:DBProfile.DISK for Table:volumeTable
2019-09-20 08:48:23,575 [main] INFO  db.DBStoreBuilder (DBStoreBuilder.java:addTable(110)) - using custom profile for table: bucketTable
2019-09-20 08:48:23,575 [main] INFO  db.DBStoreBuilder (DBStoreBuilder.java:processTables(161)) - Using default column profile:DBProfile.DISK for Table:bucketTable
2019-09-20 08:48:23,575 [main] INFO  db.DBStoreBuilder (DBStoreBuilder.java:addTable(110)) - using custom profile for table: keyTable
2019-09-20 08:48:23,575 [main] INFO  db.DBStoreBuilder (DBStoreBuilder.java:processTables(161)) - Using default column profile:DBProfile.DISK for Table:keyTable
2019-09-20 08:48:23,576 [main] INFO  db.DBStoreBuilder (DBStoreBuilder.java:addTable(110)) - using custom profile for table: deletedTable
2019-09-20 08:48:23,576 [main] INFO  db.DBStoreBuilder (DBStoreBuilder.java:processTables(161)) - Using default column profile:DBProfile.DISK for Table:deletedTable
2019-09-20 08:48:23,576 [main] INFO  db.DBStoreBuilder (DBStoreBuilder.java:addTable(110)) - using custom profile for table: openKeyTable
2019-09-20 08:48:23,576 [main] INFO  db.DBStoreBuilder (DBStoreBuilder.java:processTables(161)) - Using default column profile:DBProfile.DISK for Table:openKeyTable
2019-09-20 08:48:23,577 [main] INFO  db.DBStoreBuilder (DBStoreBuilder.java:addTable(110)) - using custom profile for table: s3Table
2019-09-20 08:48:23,577 [main] INFO  db.DBStoreBuilder (DBStoreBuilder.java:processTables(161)) - Using default column profile:DBProfile.DISK for Table:s3Table
2019-09-20 08:48:23,577 [main] INFO  db.DBStoreBuilder (DBStoreBuilder.java:addTable(110)) - using custom profile for table: multipartInfoTable
2019-09-20 08:48:23,577 [main] INFO  db.DBStoreBuilder (DBStoreBuilder.java:processTables(161)) - Using default column profile:DBProfile.DISK for Table:multipartInfoTable
2019-09-20 08:48:23,578 [main] INFO  db.DBStoreBuilder (DBStoreBuilder.java:addTable(110)) - using custom profile for table: dTokenTable
2019-09-20 08:48:23,578 [main] INFO  db.DBStoreBuilder (DBStoreBuilder.java:processTables(161)) - Using default column profile:DBProfile.DISK for Table:dTokenTable
2019-09-20 08:48:23,578 [main] INFO  db.DBStoreBuilder (DBStoreBuilder.java:addTable(110)) - using custom profile for table: s3SecretTable
2019-09-20 08:48:23,578 [main] INFO  db.DBStoreBuilder (DBStoreBuilder.java:processTables(161)) - Using default column profile:DBProfile.DISK for Table:s3SecretTable
2019-09-20 08:48:23,579 [main] INFO  db.DBStoreBuilder (DBStoreBuilder.java:addTable(110)) - using custom profile for table: prefixTable
2019-09-20 08:48:23,579 [main] INFO  db.DBStoreBuilder (DBStoreBuilder.java:processTables(161)) - Using default column profile:DBProfile.DISK for Table:prefixTable
2019-09-20 08:48:23,579 [main] INFO  db.DBStoreBuilder (DBStoreBuilder.java:addTable(110)) - using custom profile for table: default
2019-09-20 08:48:23,580 [main] INFO  db.DBStoreBuilder (DBStoreBuilder.java:processTables(167)) - Using default column profile:DBProfile.DISK for Table:default
2019-09-20 08:48:23,580 [main] INFO  db.DBStoreBuilder (DBStoreBuilder.java:getDbProfile(198)) - Using default options. DBProfile.DISK
2019-09-20 08:48:24,291 [main] INFO  ipc.CallQueueManager (CallQueueManager.java:<init>(84)) - Using callQueue: class java.util.concurrent.LinkedBlockingQueue, queueCapacity: 2000, scheduler: class org.apache.hadoop.ipc.DefaultRpcScheduler, ipcBackoff: false.
2019-09-20 08:48:24,292 [Socket Reader #1 for port 40811] INFO  ipc.Server (Server.java:run(1074)) - Starting Socket Reader #1 for port 40811
2019-09-20 08:48:24,322 [main] INFO  om.OzoneManager (OzoneManager.java:start(1256)) - OzoneManager RPC server is listening at localhost/127.0.0.1:40811
2019-09-20 08:48:24,322 [main] INFO  impl.MetricsSystemImpl (MetricsSystemImpl.java:init(158)) - OzoneManager metrics system started (again)
2019-09-20 08:48:24,323 [IPC Server Responder] INFO  ipc.Server (Server.java:run(1314)) - IPC Server Responder: starting
2019-09-20 08:48:24,324 [IPC Server listener on 40811] INFO  ipc.Server (Server.java:run(1153)) - IPC Server listener on 40811: starting
2019-09-20 08:48:24,329 [main] INFO  hdfs.DFSUtil (DFSUtil.java:httpServerTemplateForNNAndJN(1641)) - Starting Web-server for ozoneManager at: http://0.0.0.0:0
2019-09-20 08:48:24,332 [main] INFO  server.AuthenticationFilter (AuthenticationFilter.java:constructSecretProvider(240)) - Unable to initialize FileSignerSecretProvider, falling back to use random secrets.
2019-09-20 08:48:24,333 [main] WARN  http.HttpRequestLog (HttpRequestLog.java:getRequestLog(97)) - Jetty request log can only be enabled using Log4j
2019-09-20 08:48:24,335 [main] INFO  http.HttpServer2 (HttpServer2.java:addGlobalFilter(975)) - Added global filter 'safety' (class=org.apache.hadoop.http.HttpServer2$QuotingInputFilter)
2019-09-20 08:48:24,336 [main] INFO  http.HttpServer2 (HttpServer2.java:addFilter(948)) - Added filter static_user_filter (class=org.apache.hadoop.http.lib.StaticUserWebFilter$StaticUserFilter) to context ozoneManager
2019-09-20 08:48:24,337 [main] INFO  http.HttpServer2 (HttpServer2.java:addFilter(958)) - Added filter static_user_filter (class=org.apache.hadoop.http.lib.StaticUserWebFilter$StaticUserFilter) to context logs
2019-09-20 08:48:24,337 [main] INFO  http.HttpServer2 (HttpServer2.java:addFilter(958)) - Added filter static_user_filter (class=org.apache.hadoop.http.lib.StaticUserWebFilter$StaticUserFilter) to context static
2019-09-20 08:48:24,338 [main] INFO  http.HttpServer2 (HttpServer2.java:bindListener(1191)) - Jetty bound to port 39219
2019-09-20 08:48:24,338 [main] INFO  server.Server (Server.java:doStart(351)) - jetty-9.3.24.v20180605, build timestamp: 2018-06-05T17:11:56Z, git hash: 84205aa28f11a4f31f2a3b86d1bba2cc8ab69827
2019-09-20 08:48:24,340 [main] INFO  handler.ContextHandler (ContextHandler.java:doStart(781)) - Started o.e.j.s.ServletContextHandler@16f2d883{/logs,file:///workdir/hadoop-ozone/ozonefs/target/log,AVAILABLE}
2019-09-20 08:48:24,341 [main] INFO  handler.ContextHandler (ContextHandler.java:doStart(781)) - Started o.e.j.s.ServletContextHandler@1e2c0292{/static,jar:file:/home/user/.m2/repository/org/apache/hadoop/hadoop-ozone-ozone-manager/0.5.0-SNAPSHOT/hadoop-ozone-ozone-manager-0.5.0-SNAPSHOT.jar!/webapps/static,AVAILABLE}
2019-09-20 08:48:24,403 [main] INFO  handler.ContextHandler (ContextHandler.java:doStart(781)) - Started o.e.j.w.WebAppContext@66e434e8{/,file:///tmp/jetty-0.0.0.0-39219-ozoneManager-_-any-4995324098148800185.dir/webapp/,AVAILABLE}{/ozoneManager}
2019-09-20 08:48:24,403 [main] INFO  server.AbstractConnector (AbstractConnector.java:doStart(278)) - Started ServerConnector@3a7d6976{HTTP/1.1,[http/1.1]}{0.0.0.0:39219}
2019-09-20 08:48:24,405 [main] INFO  server.Server (Server.java:doStart(419)) - Started @98308ms
2019-09-20 08:48:24,406 [main] INFO  server.BaseHttpServer (BaseHttpServer.java:updateConnectorAddress(213)) - HTTP server of OZONEMANAGER is listening at http://0.0.0.0:39219
2019-09-20 08:48:24,418 [main] INFO  impl.MetricsSystemImpl (MetricsSystemImpl.java:init(158)) - HddsDatanode metrics system started (again)
2019-09-20 08:48:24,421 [main] INFO  ozone.HddsDatanodeService (HddsDatanodeService.java:start(184)) - HddsDatanodeService host:pr-hdds-1569-s8kj2-2266485376 ip:192.168.36.79
2019-09-20 08:48:24,431 [main] INFO  volume.HddsVolume (HddsVolume.java:<init>(176)) - Creating Volume: /workdir/hadoop-ozone/ozonefs/target/test-dir/MiniOzoneClusterImpl-365ddf9a-ca2f-44b8-92d8-11996a9347f6/datanode-0/data/containers/hdds of  storage type : DISK and capacity : 1482555576320
2019-09-20 08:48:24,432 [main] INFO  volume.VolumeSet (VolumeSet.java:initializeVolumeSet(170)) - Added Volume : /workdir/hadoop-ozone/ozonefs/target/test-dir/MiniOzoneClusterImpl-365ddf9a-ca2f-44b8-92d8-11996a9347f6/datanode-0/data/containers/hdds to VolumeSet
2019-09-20 08:48:24,432 [main] INFO  volume.ThrottledAsyncChecker (ThrottledAsyncChecker.java:schedule(140)) - Scheduling a check for org.apache.hadoop.ozone.container.common.volume.HddsVolume@5bfdabf3
2019-09-20 08:48:24,433 [main] INFO  volume.HddsVolumeChecker (HddsVolumeChecker.java:checkAllVolumes(203)) - Scheduled health check for volume org.apache.hadoop.ozone.container.common.volume.HddsVolume@5bfdabf3
2019-09-20 08:48:24,464 [main] INFO  impl.RaftServerProxy (ConfUtils.java:logGet(43)) - raft.rpc.type = GRPC (default)
2019-09-20 08:48:24,464 [main] INFO  grpc.GrpcFactory (GrpcFactory.java:checkPooledByteBufAllocatorUseCacheForAllThreads(45)) - PERFORMANCE WARNING: useCacheForAllThreads is true that may cause Netty to create a lot garbage objects and, as a result, trigger GC.
	It is recommended to disable useCacheForAllThreads by setting -Dorg.apache.ratis.thirdparty.io.netty.allocator.useCacheForAllThreads=false in command line.
2019-09-20 08:48:24,464 [main] INFO  grpc.GrpcConfigKeys$Server (ConfUtils.java:logGet(43)) - raft.grpc.server.port = 0 (default)
2019-09-20 08:48:24,465 [main] INFO  server.GrpcService (ConfUtils.java:logGet(43)) - raft.grpc.message.size.max = 33570816 (custom)
2019-09-20 08:48:24,465 [main] INFO  server.RaftServerConfigKeys (ConfUtils.java:logGet(43)) - raft.server.log.appender.buffer.byte-limit = 33554432 (custom)
2019-09-20 08:48:24,465 [main] INFO  server.GrpcService (ConfUtils.java:logGet(43)) - raft.grpc.flow.control.window = 1MB (=1048576) (default)
2019-09-20 08:48:24,466 [main] INFO  server.RaftServerConfigKeys (ConfUtils.java:logGet(43)) - raft.server.rpc.request.timeout = 3000ms (default)
2019-09-20 08:48:24,466 [main] INFO  server.RaftServerConfigKeys (ConfUtils.java:logGet(43)) - raft.server.storage.dir = [/workdir/hadoop-ozone/ozonefs/target/test-dir/MiniOzoneClusterImpl-365ddf9a-ca2f-44b8-92d8-11996a9347f6/datanode-0/data/ratis] (custom)
2019-09-20 08:48:24,467 [main] INFO  replication.SimpleContainerDownloader (SimpleContainerDownloader.java:<init>(72)) - Starting container downloader service to copy containers to replicate.
2019-09-20 08:48:24,469 [main] INFO  hdfs.DFSUtil (DFSUtil.java:httpServerTemplateForNNAndJN(1641)) - Starting Web-server for hddsDatanode at: http://0.0.0.0:0
2019-09-20 08:48:24,472 [main] INFO  server.AuthenticationFilter (AuthenticationFilter.java:constructSecretProvider(240)) - Unable to initialize FileSignerSecretProvider, falling back to use random secrets.
2019-09-20 08:48:24,472 [main] WARN  http.HttpRequestLog (HttpRequestLog.java:getRequestLog(97)) - Jetty request log can only be enabled using Log4j
2019-09-20 08:48:24,475 [main] INFO  http.HttpServer2 (HttpServer2.java:addGlobalFilter(975)) - Added global filter 'safety' (class=org.apache.hadoop.http.HttpServer2$QuotingInputFilter)
2019-09-20 08:48:24,476 [main] INFO  http.HttpServer2 (HttpServer2.java:addFilter(948)) - Added filter static_user_filter (class=org.apache.hadoop.http.lib.StaticUserWebFilter$StaticUserFilter) to context hddsDatanode
2019-09-20 08:48:24,476 [main] INFO  http.HttpServer2 (HttpServer2.java:addFilter(958)) - Added filter static_user_filter (class=org.apache.hadoop.http.lib.StaticUserWebFilter$StaticUserFilter) to context static
2019-09-20 08:48:24,476 [main] INFO  http.HttpServer2 (HttpServer2.java:addFilter(958)) - Added filter static_user_filter (class=org.apache.hadoop.http.lib.StaticUserWebFilter$StaticUserFilter) to context logs
2019-09-20 08:48:24,477 [main] INFO  http.HttpServer2 (HttpServer2.java:bindListener(1191)) - Jetty bound to port 33215
2019-09-20 08:48:24,477 [main] INFO  server.Server (Server.java:doStart(351)) - jetty-9.3.24.v20180605, build timestamp: 2018-06-05T17:11:56Z, git hash: 84205aa28f11a4f31f2a3b86d1bba2cc8ab69827
2019-09-20 08:48:24,480 [main] INFO  handler.ContextHandler (ContextHandler.java:doStart(781)) - Started o.e.j.s.ServletContextHandler@52fed5b7{/logs,file:///workdir/hadoop-ozone/ozonefs/target/log,AVAILABLE}
2019-09-20 08:48:24,480 [main] INFO  handler.ContextHandler (ContextHandler.java:doStart(781)) - Started o.e.j.s.ServletContextHandler@6920fa35{/static,jar:file:/home/user/.m2/repository/org/apache/hadoop/hadoop-hdds-container-service/0.5.0-SNAPSHOT/hadoop-hdds-container-service-0.5.0-SNAPSHOT.jar!/webapps/static,AVAILABLE}
2019-09-20 08:48:24,515 [main] INFO  handler.ContextHandler (ContextHandler.java:doStart(781)) - Started o.e.j.w.WebAppContext@42457891{/,file:///tmp/jetty-0.0.0.0-33215-hddsDatanode-_-any-3191478438913467499.dir/webapp/,AVAILABLE}{/hddsDatanode}
2019-09-20 08:48:24,515 [main] INFO  server.AbstractConnector (AbstractConnector.java:doStart(278)) - Started ServerConnector@92de794{HTTP/1.1,[http/1.1]}{0.0.0.0:33215}
2019-09-20 08:48:24,516 [main] INFO  server.Server (Server.java:doStart(419)) - Started @98420ms
2019-09-20 08:48:24,517 [main] INFO  server.BaseHttpServer (BaseHttpServer.java:updateConnectorAddress(213)) - HTTP server of HDDSDATANODE is listening at http://0.0.0.0:33215
2019-09-20 08:48:24,661 | INFO  | ObjectStoreRestHttpServer | Listening HDDS REST traffic on /0.0.0.0:43269 |  
2019-09-20 08:48:24,661 [main] INFO  ozone.HddsDatanodeService (HddsDatanodeService.java:startPlugins(395)) - Started plug-in org.apache.hadoop.ozone.web.OzoneHddsDatanodeService@44f338ec
2019-09-20 08:48:24,662 [main] INFO  impl.MetricsSystemImpl (MetricsSystemImpl.java:init(158)) - HddsDatanode metrics system started (again)
2019-09-20 08:48:24,664 [main] INFO  ozone.HddsDatanodeService (HddsDatanodeService.java:start(184)) - HddsDatanodeService host:pr-hdds-1569-s8kj2-2266485376 ip:192.168.36.79
2019-09-20 08:48:24,664 [org.apache.hadoop.util.JvmPauseMonitor$Monitor@5a0d2c14] INFO  util.JvmPauseMonitor (JvmPauseMonitor.java:run(188)) - Starting JVM pause monitor
2019-09-20 08:48:24,669 [Datanode State Machine Thread - 0] INFO  datanode.InitDatanodeState (InitDatanodeState.java:persistContainerDatanodeDetails(140)) - DatanodeDetails is persisted to /workdir/hadoop-ozone/ozonefs/target/test-dir/MiniOzoneClusterImpl-365ddf9a-ca2f-44b8-92d8-11996a9347f6/datanode-0/meta/datanode.id
2019-09-20 08:48:24,673 [main] INFO  volume.HddsVolume (HddsVolume.java:<init>(176)) - Creating Volume: /workdir/hadoop-ozone/ozonefs/target/test-dir/MiniOzoneClusterImpl-365ddf9a-ca2f-44b8-92d8-11996a9347f6/datanode-1/data/containers/hdds of  storage type : DISK and capacity : 1482555576320
2019-09-20 08:48:24,673 [main] INFO  volume.VolumeSet (VolumeSet.java:initializeVolumeSet(170)) - Added Volume : /workdir/hadoop-ozone/ozonefs/target/test-dir/MiniOzoneClusterImpl-365ddf9a-ca2f-44b8-92d8-11996a9347f6/datanode-1/data/containers/hdds to VolumeSet
2019-09-20 08:48:24,673 [main] INFO  volume.ThrottledAsyncChecker (ThrottledAsyncChecker.java:schedule(140)) - Scheduling a check for org.apache.hadoop.ozone.container.common.volume.HddsVolume@2b5a04b0
2019-09-20 08:48:24,674 [main] INFO  volume.HddsVolumeChecker (HddsVolumeChecker.java:checkAllVolumes(203)) - Scheduled health check for volume org.apache.hadoop.ozone.container.common.volume.HddsVolume@2b5a04b0
2019-09-20 08:48:24,709 [main] INFO  impl.RaftServerProxy (ConfUtils.java:logGet(43)) - raft.rpc.type = GRPC (default)
2019-09-20 08:48:24,709 [main] INFO  grpc.GrpcFactory (GrpcFactory.java:checkPooledByteBufAllocatorUseCacheForAllThreads(45)) - PERFORMANCE WARNING: useCacheForAllThreads is true that may cause Netty to create a lot garbage objects and, as a result, trigger GC.
	It is recommended to disable useCacheForAllThreads by setting -Dorg.apache.ratis.thirdparty.io.netty.allocator.useCacheForAllThreads=false in command line.
2019-09-20 08:48:24,709 [main] INFO  grpc.GrpcConfigKeys$Server (ConfUtils.java:logGet(43)) - raft.grpc.server.port = 0 (default)
2019-09-20 08:48:24,710 [main] INFO  server.GrpcService (ConfUtils.java:logGet(43)) - raft.grpc.message.size.max = 33570816 (custom)
2019-09-20 08:48:24,710 [main] INFO  server.RaftServerConfigKeys (ConfUtils.java:logGet(43)) - raft.server.log.appender.buffer.byte-limit = 33554432 (custom)
2019-09-20 08:48:24,710 [main] INFO  server.GrpcService (ConfUtils.java:logGet(43)) - raft.grpc.flow.control.window = 1MB (=1048576) (default)
2019-09-20 08:48:24,710 [main] INFO  server.RaftServerConfigKeys (ConfUtils.java:logGet(43)) - raft.server.rpc.request.timeout = 3000ms (default)
2019-09-20 08:48:24,711 [main] INFO  server.RaftServerConfigKeys (ConfUtils.java:logGet(43)) - raft.server.storage.dir = [/workdir/hadoop-ozone/ozonefs/target/test-dir/MiniOzoneClusterImpl-365ddf9a-ca2f-44b8-92d8-11996a9347f6/datanode-1/data/ratis] (custom)
2019-09-20 08:48:24,712 [main] INFO  replication.SimpleContainerDownloader (SimpleContainerDownloader.java:<init>(72)) - Starting container downloader service to copy containers to replicate.
2019-09-20 08:48:24,713 [main] INFO  hdfs.DFSUtil (DFSUtil.java:httpServerTemplateForNNAndJN(1641)) - Starting Web-server for hddsDatanode at: http://0.0.0.0:0
2019-09-20 08:48:24,716 [main] INFO  server.AuthenticationFilter (AuthenticationFilter.java:constructSecretProvider(240)) - Unable to initialize FileSignerSecretProvider, falling back to use random secrets.
2019-09-20 08:48:24,716 [main] WARN  http.HttpRequestLog (HttpRequestLog.java:getRequestLog(97)) - Jetty request log can only be enabled using Log4j
2019-09-20 08:48:24,720 [main] INFO  http.HttpServer2 (HttpServer2.java:addGlobalFilter(975)) - Added global filter 'safety' (class=org.apache.hadoop.http.HttpServer2$QuotingInputFilter)
2019-09-20 08:48:24,721 [main] INFO  http.HttpServer2 (HttpServer2.java:addFilter(948)) - Added filter static_user_filter (class=org.apache.hadoop.http.lib.StaticUserWebFilter$StaticUserFilter) to context hddsDatanode
2019-09-20 08:48:24,721 [main] INFO  http.HttpServer2 (HttpServer2.java:addFilter(958)) - Added filter static_user_filter (class=org.apache.hadoop.http.lib.StaticUserWebFilter$StaticUserFilter) to context logs
2019-09-20 08:48:24,722 [main] INFO  http.HttpServer2 (HttpServer2.java:addFilter(958)) - Added filter static_user_filter (class=org.apache.hadoop.http.lib.StaticUserWebFilter$StaticUserFilter) to context static
2019-09-20 08:48:24,723 [main] INFO  http.HttpServer2 (HttpServer2.java:bindListener(1191)) - Jetty bound to port 35631
2019-09-20 08:48:24,723 [main] INFO  server.Server (Server.java:doStart(351)) - jetty-9.3.24.v20180605, build timestamp: 2018-06-05T17:11:56Z, git hash: 84205aa28f11a4f31f2a3b86d1bba2cc8ab69827
2019-09-20 08:48:24,725 [main] INFO  handler.ContextHandler (ContextHandler.java:doStart(781)) - Started o.e.j.s.ServletContextHandler@2082e0e4{/logs,file:///workdir/hadoop-ozone/ozonefs/target/log,AVAILABLE}
2019-09-20 08:48:24,726 [main] INFO  handler.ContextHandler (ContextHandler.java:doStart(781)) - Started o.e.j.s.ServletContextHandler@29ce33e9{/static,jar:file:/home/user/.m2/repository/org/apache/hadoop/hadoop-hdds-container-service/0.5.0-SNAPSHOT/hadoop-hdds-container-service-0.5.0-SNAPSHOT.jar!/webapps/static,AVAILABLE}
2019-09-20 08:48:24,769 [main] INFO  handler.ContextHandler (ContextHandler.java:doStart(781)) - Started o.e.j.w.WebAppContext@52b49891{/,file:///tmp/jetty-0.0.0.0-35631-hddsDatanode-_-any-215185283738417594.dir/webapp/,AVAILABLE}{/hddsDatanode}
2019-09-20 08:48:24,770 [main] INFO  server.AbstractConnector (AbstractConnector.java:doStart(278)) - Started ServerConnector@75973f7a{HTTP/1.1,[http/1.1]}{0.0.0.0:35631}
2019-09-20 08:48:24,771 [main] INFO  server.Server (Server.java:doStart(419)) - Started @98674ms
2019-09-20 08:48:24,772 [main] INFO  server.BaseHttpServer (BaseHttpServer.java:updateConnectorAddress(213)) - HTTP server of HDDSDATANODE is listening at http://0.0.0.0:35631
2019-09-20 08:48:24,911 | INFO  | ObjectStoreRestHttpServer | Listening HDDS REST traffic on /0.0.0.0:34738 |  
2019-09-20 08:48:24,912 [main] INFO  ozone.HddsDatanodeService (HddsDatanodeService.java:startPlugins(395)) - Started plug-in org.apache.hadoop.ozone.web.OzoneHddsDatanodeService@543196f9
2019-09-20 08:48:24,912 [main] INFO  impl.MetricsSystemImpl (MetricsSystemImpl.java:init(158)) - HddsDatanode metrics system started (again)
2019-09-20 08:48:24,916 [org.apache.hadoop.util.JvmPauseMonitor$Monitor@4d0f0b1f] INFO  util.JvmPauseMonitor (JvmPauseMonitor.java:run(188)) - Starting JVM pause monitor
2019-09-20 08:48:24,916 [main] INFO  ozone.HddsDatanodeService (HddsDatanodeService.java:start(184)) - HddsDatanodeService host:pr-hdds-1569-s8kj2-2266485376 ip:192.168.36.79
2019-09-20 08:48:24,919 [Datanode State Machine Thread - 0] INFO  datanode.InitDatanodeState (InitDatanodeState.java:persistContainerDatanodeDetails(140)) - DatanodeDetails is persisted to /workdir/hadoop-ozone/ozonefs/target/test-dir/MiniOzoneClusterImpl-365ddf9a-ca2f-44b8-92d8-11996a9347f6/datanode-1/meta/datanode.id
2019-09-20 08:48:24,928 [main] INFO  volume.HddsVolume (HddsVolume.java:<init>(176)) - Creating Volume: /workdir/hadoop-ozone/ozonefs/target/test-dir/MiniOzoneClusterImpl-365ddf9a-ca2f-44b8-92d8-11996a9347f6/datanode-2/data/containers/hdds of  storage type : DISK and capacity : 1482555576320
2019-09-20 08:48:24,928 [main] INFO  volume.VolumeSet (VolumeSet.java:initializeVolumeSet(170)) - Added Volume : /workdir/hadoop-ozone/ozonefs/target/test-dir/MiniOzoneClusterImpl-365ddf9a-ca2f-44b8-92d8-11996a9347f6/datanode-2/data/containers/hdds to VolumeSet
2019-09-20 08:48:24,928 [main] INFO  volume.ThrottledAsyncChecker (ThrottledAsyncChecker.java:schedule(140)) - Scheduling a check for org.apache.hadoop.ozone.container.common.volume.HddsVolume@4964d801
2019-09-20 08:48:24,929 [main] INFO  volume.HddsVolumeChecker (HddsVolumeChecker.java:checkAllVolumes(203)) - Scheduled health check for volume org.apache.hadoop.ozone.container.common.volume.HddsVolume@4964d801
2019-09-20 08:48:24,953 [main] INFO  impl.RaftServerProxy (ConfUtils.java:logGet(43)) - raft.rpc.type = GRPC (default)
2019-09-20 08:48:24,953 [main] INFO  grpc.GrpcFactory (GrpcFactory.java:checkPooledByteBufAllocatorUseCacheForAllThreads(45)) - PERFORMANCE WARNING: useCacheForAllThreads is true that may cause Netty to create a lot garbage objects and, as a result, trigger GC.
	It is recommended to disable useCacheForAllThreads by setting -Dorg.apache.ratis.thirdparty.io.netty.allocator.useCacheForAllThreads=false in command line.
2019-09-20 08:48:24,954 [main] INFO  grpc.GrpcConfigKeys$Server (ConfUtils.java:logGet(43)) - raft.grpc.server.port = 0 (default)
2019-09-20 08:48:24,954 [main] INFO  server.GrpcService (ConfUtils.java:logGet(43)) - raft.grpc.message.size.max = 33570816 (custom)
2019-09-20 08:48:24,954 [main] INFO  server.RaftServerConfigKeys (ConfUtils.java:logGet(43)) - raft.server.log.appender.buffer.byte-limit = 33554432 (custom)
2019-09-20 08:48:24,954 [main] INFO  server.GrpcService (ConfUtils.java:logGet(43)) - raft.grpc.flow.control.window = 1MB (=1048576) (default)
2019-09-20 08:48:24,954 [main] INFO  server.RaftServerConfigKeys (ConfUtils.java:logGet(43)) - raft.server.rpc.request.timeout = 3000ms (default)
2019-09-20 08:48:24,955 [main] INFO  server.RaftServerConfigKeys (ConfUtils.java:logGet(43)) - raft.server.storage.dir = [/workdir/hadoop-ozone/ozonefs/target/test-dir/MiniOzoneClusterImpl-365ddf9a-ca2f-44b8-92d8-11996a9347f6/datanode-2/data/ratis] (custom)
2019-09-20 08:48:24,955 [main] INFO  replication.SimpleContainerDownloader (SimpleContainerDownloader.java:<init>(72)) - Starting container downloader service to copy containers to replicate.
2019-09-20 08:48:24,956 [main] INFO  hdfs.DFSUtil (DFSUtil.java:httpServerTemplateForNNAndJN(1641)) - Starting Web-server for hddsDatanode at: http://0.0.0.0:0
2019-09-20 08:48:24,958 [main] INFO  server.AuthenticationFilter (AuthenticationFilter.java:constructSecretProvider(240)) - Unable to initialize FileSignerSecretProvider, falling back to use random secrets.
2019-09-20 08:48:24,959 [main] WARN  http.HttpRequestLog (HttpRequestLog.java:getRequestLog(97)) - Jetty request log can only be enabled using Log4j
2019-09-20 08:48:24,961 [main] INFO  http.HttpServer2 (HttpServer2.java:addGlobalFilter(975)) - Added global filter 'safety' (class=org.apache.hadoop.http.HttpServer2$QuotingInputFilter)
2019-09-20 08:48:24,962 [main] INFO  http.HttpServer2 (HttpServer2.java:addFilter(948)) - Added filter static_user_filter (class=org.apache.hadoop.http.lib.StaticUserWebFilter$StaticUserFilter) to context hddsDatanode
2019-09-20 08:48:24,962 [main] INFO  http.HttpServer2 (HttpServer2.java:addFilter(958)) - Added filter static_user_filter (class=org.apache.hadoop.http.lib.StaticUserWebFilter$StaticUserFilter) to context logs
2019-09-20 08:48:24,962 [main] INFO  http.HttpServer2 (HttpServer2.java:addFilter(958)) - Added filter static_user_filter (class=org.apache.hadoop.http.lib.StaticUserWebFilter$StaticUserFilter) to context static
2019-09-20 08:48:24,963 [main] INFO  http.HttpServer2 (HttpServer2.java:bindListener(1191)) - Jetty bound to port 40824
2019-09-20 08:48:24,963 [main] INFO  server.Server (Server.java:doStart(351)) - jetty-9.3.24.v20180605, build timestamp: 2018-06-05T17:11:56Z, git hash: 84205aa28f11a4f31f2a3b86d1bba2cc8ab69827
2019-09-20 08:48:24,965 [main] INFO  handler.ContextHandler (ContextHandler.java:doStart(781)) - Started o.e.j.s.ServletContextHandler@115924ba{/logs,file:///workdir/hadoop-ozone/ozonefs/target/log,AVAILABLE}
2019-09-20 08:48:24,966 [main] INFO  handler.ContextHandler (ContextHandler.java:doStart(781)) - Started o.e.j.s.ServletContextHandler@252d2ac0{/static,jar:file:/home/user/.m2/repository/org/apache/hadoop/hadoop-hdds-container-service/0.5.0-SNAPSHOT/hadoop-hdds-container-service-0.5.0-SNAPSHOT.jar!/webapps/static,AVAILABLE}
2019-09-20 08:48:24,993 [main] INFO  handler.ContextHandler (ContextHandler.java:doStart(781)) - Started o.e.j.w.WebAppContext@623ed5ed{/,file:///tmp/jetty-0.0.0.0-40824-hddsDatanode-_-any-9056894508804700684.dir/webapp/,AVAILABLE}{/hddsDatanode}
2019-09-20 08:48:24,994 [main] INFO  server.AbstractConnector (AbstractConnector.java:doStart(278)) - Started ServerConnector@49e92724{HTTP/1.1,[http/1.1]}{0.0.0.0:40824}
2019-09-20 08:48:24,995 [main] INFO  server.Server (Server.java:doStart(419)) - Started @98899ms
2019-09-20 08:48:24,996 [main] INFO  server.BaseHttpServer (BaseHttpServer.java:updateConnectorAddress(213)) - HTTP server of HDDSDATANODE is listening at http://0.0.0.0:40824
2019-09-20 08:48:25,152 | INFO  | ObjectStoreRestHttpServer | Listening HDDS REST traffic on /0.0.0.0:40095 |  
2019-09-20 08:48:25,153 [main] INFO  ozone.HddsDatanodeService (HddsDatanodeService.java:startPlugins(395)) - Started plug-in org.apache.hadoop.ozone.web.OzoneHddsDatanodeService@48224381
2019-09-20 08:48:25,153 [main] INFO  ozone.MiniOzoneClusterImpl (MiniOzoneClusterImpl.java:lambda$waitForClusterToBeReady$0(142)) - Waiting for cluster to be ready. Got 0 of 3 DN Heartbeats.
2019-09-20 08:48:25,154 [org.apache.hadoop.util.JvmPauseMonitor$Monitor@6e861fde] INFO  util.JvmPauseMonitor (JvmPauseMonitor.java:run(188)) - Starting JVM pause monitor
2019-09-20 08:48:25,157 [Datanode State Machine Thread - 0] INFO  datanode.InitDatanodeState (InitDatanodeState.java:persistContainerDatanodeDetails(140)) - DatanodeDetails is persisted to /workdir/hadoop-ozone/ozonefs/target/test-dir/MiniOzoneClusterImpl-365ddf9a-ca2f-44b8-92d8-11996a9347f6/datanode-2/meta/datanode.id
2019-09-20 08:48:26,154 [main] INFO  ozone.MiniOzoneClusterImpl (MiniOzoneClusterImpl.java:lambda$waitForClusterToBeReady$0(142)) - Waiting for cluster to be ready. Got 0 of 3 DN Heartbeats.
2019-09-20 08:48:26,670 | INFO  | SCMAudit | user=jenkins1000 | ip=192.168.36.79 | op=GET_VERSION null | ret=SUCCESS |  
2019-09-20 08:48:26,691 [Datanode State Machine Thread - 0] INFO  ozoneimpl.OzoneContainer (OzoneContainer.java:start(186)) - Attempting to start container services.
2019-09-20 08:48:26,691 [Datanode State Machine Thread - 0] INFO  ozoneimpl.OzoneContainer (OzoneContainer.java:startContainerScrub(160)) - Background container scrubber has been disabled by hdds.containerscrub.enabled
2019-09-20 08:48:26,691 [Datanode State Machine Thread - 0] INFO  ratis.XceiverServerRatis (XceiverServerRatis.java:start(404)) - Starting XceiverServerRatis 486e2aed-8ec4-48b5-a72d-4321926ba785 at port 0
2019-09-20 08:48:26,699 [Datanode State Machine Thread - 0] INFO  impl.RaftServerProxy (RaftServerProxy.java:lambda$start$3(299)) - 486e2aed-8ec4-48b5-a72d-4321926ba785: start RPC server
2019-09-20 08:48:26,702 [Datanode State Machine Thread - 0] INFO  server.GrpcService (GrpcService.java:startImpl(149)) - 486e2aed-8ec4-48b5-a72d-4321926ba785: GrpcService started, listening on 0.0.0.0/0.0.0.0:46251
2019-09-20 08:48:26,702 [Datanode State Machine Thread - 0] INFO  ratis.XceiverServerRatis (XceiverServerRatis.java:start(414)) - XceiverServerRatis 486e2aed-8ec4-48b5-a72d-4321926ba785 is started using port 46251
2019-09-20 08:48:26,704 [Datanode State Machine Thread - 0] INFO  server.XceiverServerGrpc (XceiverServerGrpc.java:start(163)) - XceiverServerGrpc 486e2aed-8ec4-48b5-a72d-4321926ba785 is started using port 35926
2019-09-20 08:48:26,918 | INFO  | SCMAudit | user=jenkins1000 | ip=192.168.36.79 | op=GET_VERSION null | ret=SUCCESS |  
2019-09-20 08:48:26,939 [Datanode State Machine Thread - 0] INFO  ozoneimpl.OzoneContainer (OzoneContainer.java:start(186)) - Attempting to start container services.
2019-09-20 08:48:26,940 [Datanode State Machine Thread - 0] INFO  ozoneimpl.OzoneContainer (OzoneContainer.java:startContainerScrub(160)) - Background container scrubber has been disabled by hdds.containerscrub.enabled
2019-09-20 08:48:26,940 [Datanode State Machine Thread - 0] INFO  ratis.XceiverServerRatis (XceiverServerRatis.java:start(404)) - Starting XceiverServerRatis 50467bd1-4195-43e4-a65a-2977ff96563d at port 0
2019-09-20 08:48:26,948 [Datanode State Machine Thread - 0] INFO  impl.RaftServerProxy (RaftServerProxy.java:lambda$start$3(299)) - 50467bd1-4195-43e4-a65a-2977ff96563d: start RPC server
2019-09-20 08:48:26,949 [Datanode State Machine Thread - 0] INFO  server.GrpcService (GrpcService.java:startImpl(149)) - 50467bd1-4195-43e4-a65a-2977ff96563d: GrpcService started, listening on 0.0.0.0/0.0.0.0:42155
2019-09-20 08:48:26,949 [Datanode State Machine Thread - 0] INFO  ratis.XceiverServerRatis (XceiverServerRatis.java:start(414)) - XceiverServerRatis 50467bd1-4195-43e4-a65a-2977ff96563d is started using port 42155
2019-09-20 08:48:26,951 [Datanode State Machine Thread - 0] INFO  server.XceiverServerGrpc (XceiverServerGrpc.java:start(163)) - XceiverServerGrpc 50467bd1-4195-43e4-a65a-2977ff96563d is started using port 37051
2019-09-20 08:48:27,154 [main] INFO  ozone.MiniOzoneClusterImpl (MiniOzoneClusterImpl.java:lambda$waitForClusterToBeReady$0(142)) - Waiting for cluster to be ready. Got 0 of 3 DN Heartbeats.
2019-09-20 08:48:27,157 | INFO  | SCMAudit | user=jenkins1000 | ip=192.168.36.79 | op=GET_VERSION null | ret=SUCCESS |  
2019-09-20 08:48:27,189 [Datanode State Machine Thread - 0] INFO  ozoneimpl.OzoneContainer (OzoneContainer.java:start(186)) - Attempting to start container services.
2019-09-20 08:48:27,189 [Datanode State Machine Thread - 0] INFO  ozoneimpl.OzoneContainer (OzoneContainer.java:startContainerScrub(160)) - Background container scrubber has been disabled by hdds.containerscrub.enabled
2019-09-20 08:48:27,190 [Datanode State Machine Thread - 0] INFO  ratis.XceiverServerRatis (XceiverServerRatis.java:start(404)) - Starting XceiverServerRatis b42274c7-cf97-42f2-a751-e4dfd7f73713 at port 0
2019-09-20 08:48:27,198 [Datanode State Machine Thread - 0] INFO  impl.RaftServerProxy (RaftServerProxy.java:lambda$start$3(299)) - b42274c7-cf97-42f2-a751-e4dfd7f73713: start RPC server
2019-09-20 08:48:27,199 [Datanode State Machine Thread - 0] INFO  server.GrpcService (GrpcService.java:startImpl(149)) - b42274c7-cf97-42f2-a751-e4dfd7f73713: GrpcService started, listening on 0.0.0.0/0.0.0.0:41526
2019-09-20 08:48:27,199 [Datanode State Machine Thread - 0] INFO  ratis.XceiverServerRatis (XceiverServerRatis.java:start(414)) - XceiverServerRatis b42274c7-cf97-42f2-a751-e4dfd7f73713 is started using port 41526
2019-09-20 08:48:27,199 [Datanode State Machine Thread - 0] INFO  server.XceiverServerGrpc (XceiverServerGrpc.java:start(163)) - XceiverServerGrpc b42274c7-cf97-42f2-a751-e4dfd7f73713 is started using port 40244
2019-09-20 08:48:28,155 [main] INFO  ozone.MiniOzoneClusterImpl (MiniOzoneClusterImpl.java:lambda$waitForClusterToBeReady$0(142)) - Waiting for cluster to be ready. Got 0 of 3 DN Heartbeats.
2019-09-20 08:48:28,668 [IPC Server handler 0 on 42707] INFO  net.NetworkTopology (NetworkTopologyImpl.java:add(110)) - Added a new node: /default-rack/486e2aed-8ec4-48b5-a72d-4321926ba785
2019-09-20 08:48:28,670 [IPC Server handler 0 on 42707] INFO  node.SCMNodeManager (SCMNodeManager.java:register(273)) - Registered Data node : 486e2aed-8ec4-48b5-a72d-4321926ba785{ip: 192.168.36.79, host: pr-hdds-1569-s8kj2-2266485376, networkLocation: /default-rack, certSerialId: null}
2019-09-20 08:48:28,671 [EventQueue-NodeRegistrationContainerReportForDataNodeSafeModeRule] INFO  safemode.SCMSafeModeManager (DataNodeSafeModeRule.java:process(71)) - SCM in safe mode. 1 DataNodes registered, 1 required.
2019-09-20 08:48:28,671 | INFO  | SCMAudit | user=jenkins1000 | ip=192.168.36.79 | op=REGISTER {datanodeDetails=486e2aed-8ec4-48b5-a72d-4321926ba785{ip: 192.168.36.79, host: pr-hdds-1569-s8kj2-2266485376, networkLocation: /default-rack, certSerialId: null}} | ret=SUCCESS |  
2019-09-20 08:48:28,672 [EventQueue-NodeRegistrationContainerReportForContainerSafeModeRule] INFO  safemode.SCMSafeModeManager (SCMSafeModeManager.java:validateSafeModeExitRules(177)) - ScmSafeModeManager, all rules are successfully validated
2019-09-20 08:48:28,673 [EventQueue-NodeRegistrationContainerReportForContainerSafeModeRule] INFO  safemode.SCMSafeModeManager (SCMSafeModeManager.java:exitSafeMode(193)) - SCM exiting safe mode.
2019-09-20 08:48:28,682 [grpc-default-executor-0] INFO  impl.RaftServerProxy (RaftServerProxy.java:addNew(89)) - 486e2aed-8ec4-48b5-a72d-4321926ba785: addNew group-8BA7B8457B61:[486e2aed-8ec4-48b5-a72d-4321926ba785:192.168.36.79:46251] returns group-8BA7B8457B61:java.util.concurrent.CompletableFuture@39445a0a[Not completed]
2019-09-20 08:48:28,683 [pool-292-thread-1] INFO  impl.RaftServerImpl (RaftServerImpl.java:<init>(93)) - 486e2aed-8ec4-48b5-a72d-4321926ba785: new RaftServerImpl for group-8BA7B8457B61:[486e2aed-8ec4-48b5-a72d-4321926ba785:192.168.36.79:46251] with ContainerStateMachine:uninitialized
2019-09-20 08:48:28,683 [pool-292-thread-1] INFO  server.RaftServerConfigKeys (ConfUtils.java:logGet(43)) - raft.server.rpc.timeout.min = 5s (custom)
2019-09-20 08:48:28,683 [pool-292-thread-1] INFO  server.RaftServerConfigKeys (ConfUtils.java:logGet(43)) - raft.server.rpc.timeout.max = 5200ms (custom)
2019-09-20 08:48:28,684 [pool-292-thread-1] INFO  server.RaftServerConfigKeys (ConfUtils.java:logGet(43)) - raft.server.rpcslowness.timeout = 120s (custom)
2019-09-20 08:48:28,684 [pool-292-thread-1] INFO  server.RaftServerConfigKeys (ConfUtils.java:logGet(43)) - raft.server.sleep.deviation.threshold = 300 (default)
2019-09-20 08:48:28,684 [pool-292-thread-1] INFO  server.RaftServerConfigKeys (ConfUtils.java:logGet(43)) - raft.server.log.appender.install.snapshot.enabled = false (custom)
2019-09-20 08:48:28,684 [pool-292-thread-1] INFO  impl.RaftServerImpl (ServerState.java:<init>(105)) - 486e2aed-8ec4-48b5-a72d-4321926ba785:group-8BA7B8457B61 ConfigurationManager, init=-1: [486e2aed-8ec4-48b5-a72d-4321926ba785:192.168.36.79:46251], old=null, confs=<EMPTY_MAP>
2019-09-20 08:48:28,684 [pool-292-thread-1] INFO  server.RaftServerConfigKeys (ConfUtils.java:logGet(43)) - raft.server.storage.dir = [/workdir/hadoop-ozone/ozonefs/target/test-dir/MiniOzoneClusterImpl-365ddf9a-ca2f-44b8-92d8-11996a9347f6/datanode-0/data/ratis] (custom)
2019-09-20 08:48:28,684 [pool-292-thread-1] INFO  storage.RaftStorageDirectory (RaftStorageDirectory.java:analyzeStorage(246)) - The storage directory /workdir/hadoop-ozone/ozonefs/target/test-dir/MiniOzoneClusterImpl-365ddf9a-ca2f-44b8-92d8-11996a9347f6/datanode-0/data/ratis/a2221fc4-ba43-4ee9-8296-8ba7b8457b61 does not exist. Creating ...
2019-09-20 08:48:28,726 [pool-292-thread-1] INFO  storage.RaftStorageDirectory (RaftStorageDirectory.java:tryLock(328)) - Lock on /workdir/hadoop-ozone/ozonefs/target/test-dir/MiniOzoneClusterImpl-365ddf9a-ca2f-44b8-92d8-11996a9347f6/datanode-0/data/ratis/a2221fc4-ba43-4ee9-8296-8ba7b8457b61/in_use.lock acquired by nodename 9421@pr-hdds-1569-s8kj2-2266485376
2019-09-20 08:48:28,750 [pool-292-thread-1] INFO  storage.RaftStorage (RaftStorage.java:format(72)) - Storage directory /workdir/hadoop-ozone/ozonefs/target/test-dir/MiniOzoneClusterImpl-365ddf9a-ca2f-44b8-92d8-11996a9347f6/datanode-0/data/ratis/a2221fc4-ba43-4ee9-8296-8ba7b8457b61 has been successfully formatted.
2019-09-20 08:48:28,751 [pool-292-thread-1] INFO  ratis.ContainerStateMachine (ContainerStateMachine.java:loadSnapshot(226)) - group-8BA7B8457B61: The snapshot info is null. Setting the last applied indexto:(t:0, i:~)
2019-09-20 08:48:28,751 [pool-292-thread-1] INFO  server.RaftServerConfigKeys (ConfUtils.java:logGet(43)) - raft.server.leader.election.timeout = 120s (custom)
2019-09-20 08:48:28,751 [pool-292-thread-1] INFO  server.RaftServerConfigKeys (ConfUtils.java:logGet(43)) - raft.server.log.use.memory = false (default)
2019-09-20 08:48:28,751 [pool-292-thread-1] INFO  server.RaftServerConfigKeys (ConfUtils.java:logGet(43)) - raft.server.log.purge.gap = 1000000 (custom)
2019-09-20 08:48:28,751 [pool-292-thread-1] INFO  server.RaftServerConfigKeys (ConfUtils.java:logGet(43)) - raft.server.log.appender.buffer.byte-limit = 33554432 (custom)
2019-09-20 08:48:28,752 [pool-292-thread-1] INFO  server.RaftServerConfigKeys (ConfUtils.java:logGet(43)) - raft.server.log.segment.size.max = 1048576 (custom)
2019-09-20 08:48:28,752 [pool-292-thread-1] INFO  server.RaftServerConfigKeys (ConfUtils.java:logGet(43)) - raft.server.log.segment.cache.num.max = 2 (custom)
2019-09-20 08:48:28,752 [pool-292-thread-1] INFO  segmented.SegmentedRaftLogWorker (SegmentedRaftLogWorker.java:<init>(172)) - new 486e2aed-8ec4-48b5-a72d-4321926ba785-SegmentedRaftLogWorker:Storage Directory /workdir/hadoop-ozone/ozonefs/target/test-dir/MiniOzoneClusterImpl-365ddf9a-ca2f-44b8-92d8-11996a9347f6/datanode-0/data/ratis/a2221fc4-ba43-4ee9-8296-8ba7b8457b61 for RaftStorage:Storage Directory /workdir/hadoop-ozone/ozonefs/target/test-dir/MiniOzoneClusterImpl-365ddf9a-ca2f-44b8-92d8-11996a9347f6/datanode-0/data/ratis/a2221fc4-ba43-4ee9-8296-8ba7b8457b61
2019-09-20 08:48:28,752 [pool-292-thread-1] INFO  server.RaftServerConfigKeys (ConfUtils.java:logGet(43)) - raft.server.log.queue.byte-limit = 2147483647 (custom)
2019-09-20 08:48:28,752 [pool-292-thread-1] INFO  server.RaftServerConfigKeys (ConfUtils.java:logGet(43)) - raft.server.log.queue.element-limit = 1024 (custom)
2019-09-20 08:48:28,753 [pool-292-thread-1] INFO  server.RaftServerConfigKeys (ConfUtils.java:logGet(43)) - raft.server.log.segment.size.max = 1048576 (custom)
2019-09-20 08:48:28,753 [pool-292-thread-1] INFO  server.RaftServerConfigKeys (ConfUtils.java:logGet(43)) - raft.server.log.preallocated.size = 16384 (custom)
2019-09-20 08:48:28,753 [pool-292-thread-1] INFO  server.RaftServerConfigKeys (ConfUtils.java:logGet(43)) - raft.server.log.write.buffer.size = 33554432 (custom)
2019-09-20 08:48:28,753 [pool-292-thread-1] INFO  server.RaftServerConfigKeys (ConfUtils.java:logGet(43)) - raft.server.log.force.sync.num = 128 (default)
2019-09-20 08:48:28,753 [pool-292-thread-1] INFO  server.RaftServerConfigKeys (ConfUtils.java:logGet(43)) - raft.server.log.statemachine.data.sync = true (default)
2019-09-20 08:48:28,753 [pool-292-thread-1] INFO  server.RaftServerConfigKeys (ConfUtils.java:logGet(43)) - raft.server.log.statemachine.data.sync.timeout = 10s (default)
2019-09-20 08:48:28,754 [pool-292-thread-1] INFO  server.RaftServerConfigKeys (ConfUtils.java:logGet(43)) - raft.server.log.statemachine.data.sync.timeout.retry = -1 (default)
2019-09-20 08:48:28,754 [pool-292-thread-1] INFO  server.RaftServerConfigKeys (ConfUtils.java:logGet(43)) - raft.server.log.statemachine.data.caching.enabled = true (custom)
2019-09-20 08:48:28,754 [pool-292-thread-1] INFO  segmented.SegmentedRaftLogWorker (SegmentedRaftLogWorker.java:lambda$new$0(132)) - 486e2aed-8ec4-48b5-a72d-4321926ba785-SegmentedRaftLogWorker:Storage Directory /workdir/hadoop-ozone/ozonefs/target/test-dir/MiniOzoneClusterImpl-365ddf9a-ca2f-44b8-92d8-11996a9347f6/datanode-0/data/ratis/a2221fc4-ba43-4ee9-8296-8ba7b8457b61: flushIndex: setUnconditionally 0 -> -1
2019-09-20 08:48:28,755 [pool-292-thread-1] INFO  server.RaftServerConfigKeys (ConfUtils.java:logGet(43)) - raft.server.snapshot.auto.trigger.enabled = true (custom)
2019-09-20 08:48:28,755 [pool-292-thread-1] INFO  server.RaftServerConfigKeys (ConfUtils.java:logGet(43)) - raft.server.snapshot.auto.trigger.threshold = 10000 (custom)
2019-09-20 08:48:28,755 [pool-292-thread-1] INFO  server.RaftServerConfigKeys (ConfUtils.java:logGet(43)) - raft.server.retrycache.expirytime = 600000ms (custom)
2019-09-20 08:48:28,755 [pool-292-thread-1] INFO  impl.RaftServerImpl (RaftServerImpl.java:start(180)) - 486e2aed-8ec4-48b5-a72d-4321926ba785: start group-8BA7B8457B61
2019-09-20 08:48:28,755 [pool-292-thread-1] INFO  impl.RaftServerImpl (RaftServerImpl.java:setRole(171)) - 486e2aed-8ec4-48b5-a72d-4321926ba785:group-8BA7B8457B61 changes role from null to FOLLOWER at term 0 for startAsFollower
2019-09-20 08:48:28,755 [pool-292-thread-1] INFO  impl.RoleInfo (RoleInfo.java:updateAndGet(143)) - 486e2aed-8ec4-48b5-a72d-4321926ba785: start FollowerState
2019-09-20 08:48:28,756 [pool-292-thread-1] INFO  util.JmxRegister (JmxRegister.java:tryRegister(44)) - Successfully registered JMX Bean with object name Ratis:service=RaftServer,group=group-8BA7B8457B61,id=486e2aed-8ec4-48b5-a72d-4321926ba785
2019-09-20 08:48:28,759 [RatisPipelineUtilsThread] INFO  pipeline.PipelineStateManager (PipelineStateManager.java:addPipeline(56)) - Created pipeline Pipeline[ Id: a2221fc4-ba43-4ee9-8296-8ba7b8457b61, Nodes: 486e2aed-8ec4-48b5-a72d-4321926ba785{ip: 192.168.36.79, host: pr-hdds-1569-s8kj2-2266485376, networkLocation: /default-rack, certSerialId: null}, Type:RATIS, Factor:ONE, State:OPEN]
2019-09-20 08:48:28,765 [grpc-default-executor-0] INFO  impl.RaftServerProxy (RaftServerProxy.java:addNew(89)) - 486e2aed-8ec4-48b5-a72d-4321926ba785: addNew group-F88757A90657:[486e2aed-8ec4-48b5-a72d-4321926ba785:192.168.36.79:46251] returns group-F88757A90657:java.util.concurrent.CompletableFuture@8374012[Not completed]
2019-09-20 08:48:28,767 [pool-292-thread-1] INFO  impl.RaftServerImpl (RaftServerImpl.java:<init>(93)) - 486e2aed-8ec4-48b5-a72d-4321926ba785: new RaftServerImpl for group-F88757A90657:[486e2aed-8ec4-48b5-a72d-4321926ba785:192.168.36.79:46251] with ContainerStateMachine:uninitialized
2019-09-20 08:48:28,767 [pool-292-thread-1] INFO  server.RaftServerConfigKeys (ConfUtils.java:logGet(43)) - raft.server.rpc.timeout.min = 5s (custom)
2019-09-20 08:48:28,767 [pool-292-thread-1] INFO  server.RaftServerConfigKeys (ConfUtils.java:logGet(43)) - raft.server.rpc.timeout.max = 5200ms (custom)
2019-09-20 08:48:28,767 [pool-292-thread-1] INFO  server.RaftServerConfigKeys (ConfUtils.java:logGet(43)) - raft.server.rpcslowness.timeout = 120s (custom)
2019-09-20 08:48:28,767 [pool-292-thread-1] INFO  server.RaftServerConfigKeys (ConfUtils.java:logGet(43)) - raft.server.sleep.deviation.threshold = 300 (default)
2019-09-20 08:48:28,767 [pool-292-thread-1] INFO  server.RaftServerConfigKeys (ConfUtils.java:logGet(43)) - raft.server.log.appender.install.snapshot.enabled = false (custom)
2019-09-20 08:48:28,768 [pool-292-thread-1] INFO  impl.RaftServerImpl (ServerState.java:<init>(105)) - 486e2aed-8ec4-48b5-a72d-4321926ba785:group-F88757A90657 ConfigurationManager, init=-1: [486e2aed-8ec4-48b5-a72d-4321926ba785:192.168.36.79:46251], old=null, confs=<EMPTY_MAP>
2019-09-20 08:48:28,768 [pool-292-thread-1] INFO  server.RaftServerConfigKeys (ConfUtils.java:logGet(43)) - raft.server.storage.dir = [/workdir/hadoop-ozone/ozonefs/target/test-dir/MiniOzoneClusterImpl-365ddf9a-ca2f-44b8-92d8-11996a9347f6/datanode-0/data/ratis] (custom)
2019-09-20 08:48:28,768 [pool-292-thread-1] INFO  storage.RaftStorageDirectory (RaftStorageDirectory.java:analyzeStorage(246)) - The storage directory /workdir/hadoop-ozone/ozonefs/target/test-dir/MiniOzoneClusterImpl-365ddf9a-ca2f-44b8-92d8-11996a9347f6/datanode-0/data/ratis/b90d5b31-681b-4b84-b29f-f88757a90657 does not exist. Creating ...
2019-09-20 08:48:28,791 [pool-292-thread-1] INFO  storage.RaftStorageDirectory (RaftStorageDirectory.java:tryLock(328)) - Lock on /workdir/hadoop-ozone/ozonefs/target/test-dir/MiniOzoneClusterImpl-365ddf9a-ca2f-44b8-92d8-11996a9347f6/datanode-0/data/ratis/b90d5b31-681b-4b84-b29f-f88757a90657/in_use.lock acquired by nodename 9421@pr-hdds-1569-s8kj2-2266485376
2019-09-20 08:48:28,814 [pool-292-thread-1] INFO  storage.RaftStorage (RaftStorage.java:format(72)) - Storage directory /workdir/hadoop-ozone/ozonefs/target/test-dir/MiniOzoneClusterImpl-365ddf9a-ca2f-44b8-92d8-11996a9347f6/datanode-0/data/ratis/b90d5b31-681b-4b84-b29f-f88757a90657 has been successfully formatted.
2019-09-20 08:48:28,815 [pool-292-thread-1] INFO  ratis.ContainerStateMachine (ContainerStateMachine.java:loadSnapshot(226)) - group-F88757A90657: The snapshot info is null. Setting the last applied indexto:(t:0, i:~)
2019-09-20 08:48:28,815 [pool-292-thread-1] INFO  server.RaftServerConfigKeys (ConfUtils.java:logGet(43)) - raft.server.leader.election.timeout = 120s (custom)
2019-09-20 08:48:28,815 [pool-292-thread-1] INFO  server.RaftServerConfigKeys (ConfUtils.java:logGet(43)) - raft.server.log.use.memory = false (default)
2019-09-20 08:48:28,815 [pool-292-thread-1] INFO  server.RaftServerConfigKeys (ConfUtils.java:logGet(43)) - raft.server.log.purge.gap = 1000000 (custom)
2019-09-20 08:48:28,815 [pool-292-thread-1] INFO  server.RaftServerConfigKeys (ConfUtils.java:logGet(43)) - raft.server.log.appender.buffer.byte-limit = 33554432 (custom)
2019-09-20 08:48:28,815 [pool-292-thread-1] INFO  server.RaftServerConfigKeys (ConfUtils.java:logGet(43)) - raft.server.log.segment.size.max = 1048576 (custom)
2019-09-20 08:48:28,816 [pool-292-thread-1] INFO  server.RaftServerConfigKeys (ConfUtils.java:logGet(43)) - raft.server.log.segment.cache.num.max = 2 (custom)
2019-09-20 08:48:28,816 [pool-292-thread-1] INFO  segmented.SegmentedRaftLogWorker (SegmentedRaftLogWorker.java:<init>(172)) - new 486e2aed-8ec4-48b5-a72d-4321926ba785-SegmentedRaftLogWorker:Storage Directory /workdir/hadoop-ozone/ozonefs/target/test-dir/MiniOzoneClusterImpl-365ddf9a-ca2f-44b8-92d8-11996a9347f6/datanode-0/data/ratis/b90d5b31-681b-4b84-b29f-f88757a90657 for RaftStorage:Storage Directory /workdir/hadoop-ozone/ozonefs/target/test-dir/MiniOzoneClusterImpl-365ddf9a-ca2f-44b8-92d8-11996a9347f6/datanode-0/data/ratis/b90d5b31-681b-4b84-b29f-f88757a90657
2019-09-20 08:48:28,816 [pool-292-thread-1] INFO  server.RaftServerConfigKeys (ConfUtils.java:logGet(43)) - raft.server.log.queue.byte-limit = 2147483647 (custom)
2019-09-20 08:48:28,816 [pool-292-thread-1] INFO  server.RaftServerConfigKeys (ConfUtils.java:logGet(43)) - raft.server.log.queue.element-limit = 1024 (custom)
2019-09-20 08:48:28,816 [pool-292-thread-1] INFO  server.RaftServerConfigKeys (ConfUtils.java:logGet(43)) - raft.server.log.segment.size.max = 1048576 (custom)
2019-09-20 08:48:28,816 [pool-292-thread-1] INFO  server.RaftServerConfigKeys (ConfUtils.java:logGet(43)) - raft.server.log.preallocated.size = 16384 (custom)
2019-09-20 08:48:28,816 [pool-292-thread-1] INFO  server.RaftServerConfigKeys (ConfUtils.java:logGet(43)) - raft.server.log.write.buffer.size = 33554432 (custom)
2019-09-20 08:48:28,816 [pool-292-thread-1] INFO  server.RaftServerConfigKeys (ConfUtils.java:logGet(43)) - raft.server.log.force.sync.num = 128 (default)
2019-09-20 08:48:28,817 [pool-292-thread-1] INFO  server.RaftServerConfigKeys (ConfUtils.java:logGet(43)) - raft.server.log.statemachine.data.sync = true (default)
2019-09-20 08:48:28,817 [pool-292-thread-1] INFO  server.RaftServerConfigKeys (ConfUtils.java:logGet(43)) - raft.server.log.statemachine.data.sync.timeout = 10s (default)
2019-09-20 08:48:28,817 [pool-292-thread-1] INFO  server.RaftServerConfigKeys (ConfUtils.java:logGet(43)) - raft.server.log.statemachine.data.sync.timeout.retry = -1 (default)
2019-09-20 08:48:28,817 [pool-292-thread-1] INFO  server.RaftServerConfigKeys (ConfUtils.java:logGet(43)) - raft.server.log.statemachine.data.caching.enabled = true (custom)
2019-09-20 08:48:28,817 [pool-292-thread-1] INFO  segmented.SegmentedRaftLogWorker (SegmentedRaftLogWorker.java:lambda$new$0(132)) - 486e2aed-8ec4-48b5-a72d-4321926ba785-SegmentedRaftLogWorker:Storage Directory /workdir/hadoop-ozone/ozonefs/target/test-dir/MiniOzoneClusterImpl-365ddf9a-ca2f-44b8-92d8-11996a9347f6/datanode-0/data/ratis/b90d5b31-681b-4b84-b29f-f88757a90657: flushIndex: setUnconditionally 0 -> -1
2019-09-20 08:48:28,818 [pool-292-thread-1] INFO  server.RaftServerConfigKeys (ConfUtils.java:logGet(43)) - raft.server.snapshot.auto.trigger.enabled = true (custom)
2019-09-20 08:48:28,818 [pool-292-thread-1] INFO  server.RaftServerConfigKeys (ConfUtils.java:logGet(43)) - raft.server.snapshot.auto.trigger.threshold = 10000 (custom)
2019-09-20 08:48:28,818 [pool-292-thread-1] INFO  server.RaftServerConfigKeys (ConfUtils.java:logGet(43)) - raft.server.retrycache.expirytime = 600000ms (custom)
2019-09-20 08:48:28,818 [pool-292-thread-1] INFO  impl.RaftServerImpl (RaftServerImpl.java:start(180)) - 486e2aed-8ec4-48b5-a72d-4321926ba785: start group-F88757A90657
2019-09-20 08:48:28,818 [pool-292-thread-1] INFO  impl.RaftServerImpl (RaftServerImpl.java:setRole(171)) - 486e2aed-8ec4-48b5-a72d-4321926ba785:group-F88757A90657 changes role from null to FOLLOWER at term 0 for startAsFollower
2019-09-20 08:48:28,818 [pool-292-thread-1] INFO  impl.RoleInfo (RoleInfo.java:updateAndGet(143)) - 486e2aed-8ec4-48b5-a72d-4321926ba785: start FollowerState
2019-09-20 08:48:28,819 [pool-292-thread-1] INFO  util.JmxRegister (JmxRegister.java:tryRegister(44)) - Successfully registered JMX Bean with object name Ratis:service=RaftServer,group=group-F88757A90657,id=486e2aed-8ec4-48b5-a72d-4321926ba785
2019-09-20 08:48:28,822 [RatisPipelineUtilsThread] INFO  pipeline.PipelineStateManager (PipelineStateManager.java:addPipeline(56)) - Created pipeline Pipeline[ Id: b90d5b31-681b-4b84-b29f-f88757a90657, Nodes: 486e2aed-8ec4-48b5-a72d-4321926ba785{ip: 192.168.36.79, host: pr-hdds-1569-s8kj2-2266485376, networkLocation: /default-rack, certSerialId: null}, Type:RATIS, Factor:ONE, State:OPEN]
2019-09-20 08:48:28,828 [grpc-default-executor-0] INFO  impl.RaftServerProxy (RaftServerProxy.java:addNew(89)) - 486e2aed-8ec4-48b5-a72d-4321926ba785: addNew group-583685EA08B2:[486e2aed-8ec4-48b5-a72d-4321926ba785:192.168.36.79:46251] returns group-583685EA08B2:java.util.concurrent.CompletableFuture@596ba545[Not completed]
2019-09-20 08:48:28,829 [pool-292-thread-1] INFO  impl.RaftServerImpl (RaftServerImpl.java:<init>(93)) - 486e2aed-8ec4-48b5-a72d-4321926ba785: new RaftServerImpl for group-583685EA08B2:[486e2aed-8ec4-48b5-a72d-4321926ba785:192.168.36.79:46251] with ContainerStateMachine:uninitialized
2019-09-20 08:48:28,829 [pool-292-thread-1] INFO  server.RaftServerConfigKeys (ConfUtils.java:logGet(43)) - raft.server.rpc.timeout.min = 5s (custom)
2019-09-20 08:48:28,829 [pool-292-thread-1] INFO  server.RaftServerConfigKeys (ConfUtils.java:logGet(43)) - raft.server.rpc.timeout.max = 5200ms (custom)
2019-09-20 08:48:28,829 [pool-292-thread-1] INFO  server.RaftServerConfigKeys (ConfUtils.java:logGet(43)) - raft.server.rpcslowness.timeout = 120s (custom)
2019-09-20 08:48:28,829 [pool-292-thread-1] INFO  server.RaftServerConfigKeys (ConfUtils.java:logGet(43)) - raft.server.sleep.deviation.threshold = 300 (default)
2019-09-20 08:48:28,829 [pool-292-thread-1] INFO  server.RaftServerConfigKeys (ConfUtils.java:logGet(43)) - raft.server.log.appender.install.snapshot.enabled = false (custom)
2019-09-20 08:48:28,829 [pool-292-thread-1] INFO  impl.RaftServerImpl (ServerState.java:<init>(105)) - 486e2aed-8ec4-48b5-a72d-4321926ba785:group-583685EA08B2 ConfigurationManager, init=-1: [486e2aed-8ec4-48b5-a72d-4321926ba785:192.168.36.79:46251], old=null, confs=<EMPTY_MAP>
2019-09-20 08:48:28,830 [pool-292-thread-1] INFO  server.RaftServerConfigKeys (ConfUtils.java:logGet(43)) - raft.server.storage.dir = [/workdir/hadoop-ozone/ozonefs/target/test-dir/MiniOzoneClusterImpl-365ddf9a-ca2f-44b8-92d8-11996a9347f6/datanode-0/data/ratis] (custom)
2019-09-20 08:48:28,830 [pool-292-thread-1] INFO  storage.RaftStorageDirectory (RaftStorageDirectory.java:analyzeStorage(246)) - The storage directory /workdir/hadoop-ozone/ozonefs/target/test-dir/MiniOzoneClusterImpl-365ddf9a-ca2f-44b8-92d8-11996a9347f6/datanode-0/data/ratis/c33fcd93-6720-47ac-9be2-583685ea08b2 does not exist. Creating ...
2019-09-20 08:48:28,853 [pool-292-thread-1] INFO  storage.RaftStorageDirectory (RaftStorageDirectory.java:tryLock(328)) - Lock on /workdir/hadoop-ozone/ozonefs/target/test-dir/MiniOzoneClusterImpl-365ddf9a-ca2f-44b8-92d8-11996a9347f6/datanode-0/data/ratis/c33fcd93-6720-47ac-9be2-583685ea08b2/in_use.lock acquired by nodename 9421@pr-hdds-1569-s8kj2-2266485376
2019-09-20 08:48:28,868 [pool-292-thread-1] INFO  storage.RaftStorage (RaftStorage.java:format(72)) - Storage directory /workdir/hadoop-ozone/ozonefs/target/test-dir/MiniOzoneClusterImpl-365ddf9a-ca2f-44b8-92d8-11996a9347f6/datanode-0/data/ratis/c33fcd93-6720-47ac-9be2-583685ea08b2 has been successfully formatted.
2019-09-20 08:48:28,868 [pool-292-thread-1] INFO  ratis.ContainerStateMachine (ContainerStateMachine.java:loadSnapshot(226)) - group-583685EA08B2: The snapshot info is null. Setting the last applied indexto:(t:0, i:~)
2019-09-20 08:48:28,868 [pool-292-thread-1] INFO  server.RaftServerConfigKeys (ConfUtils.java:logGet(43)) - raft.server.leader.election.timeout = 120s (custom)
2019-09-20 08:48:28,868 [pool-292-thread-1] INFO  server.RaftServerConfigKeys (ConfUtils.java:logGet(43)) - raft.server.log.use.memory = false (default)
2019-09-20 08:48:28,868 [pool-292-thread-1] INFO  server.RaftServerConfigKeys (ConfUtils.java:logGet(43)) - raft.server.log.purge.gap = 1000000 (custom)
2019-09-20 08:48:28,869 [pool-292-thread-1] INFO  server.RaftServerConfigKeys (ConfUtils.java:logGet(43)) - raft.server.log.appender.buffer.byte-limit = 33554432 (custom)
2019-09-20 08:48:28,869 [pool-292-thread-1] INFO  server.RaftServerConfigKeys (ConfUtils.java:logGet(43)) - raft.server.log.segment.size.max = 1048576 (custom)
2019-09-20 08:48:28,869 [pool-292-thread-1] INFO  server.RaftServerConfigKeys (ConfUtils.java:logGet(43)) - raft.server.log.segment.cache.num.max = 2 (custom)
2019-09-20 08:48:28,869 [pool-292-thread-1] INFO  segmented.SegmentedRaftLogWorker (SegmentedRaftLogWorker.java:<init>(172)) - new 486e2aed-8ec4-48b5-a72d-4321926ba785-SegmentedRaftLogWorker:Storage Directory /workdir/hadoop-ozone/ozonefs/target/test-dir/MiniOzoneClusterImpl-365ddf9a-ca2f-44b8-92d8-11996a9347f6/datanode-0/data/ratis/c33fcd93-6720-47ac-9be2-583685ea08b2 for RaftStorage:Storage Directory /workdir/hadoop-ozone/ozonefs/target/test-dir/MiniOzoneClusterImpl-365ddf9a-ca2f-44b8-92d8-11996a9347f6/datanode-0/data/ratis/c33fcd93-6720-47ac-9be2-583685ea08b2
2019-09-20 08:48:28,869 [pool-292-thread-1] INFO  server.RaftServerConfigKeys (ConfUtils.java:logGet(43)) - raft.server.log.queue.byte-limit = 2147483647 (custom)
2019-09-20 08:48:28,869 [pool-292-thread-1] INFO  server.RaftServerConfigKeys (ConfUtils.java:logGet(43)) - raft.server.log.queue.element-limit = 1024 (custom)
2019-09-20 08:48:28,869 [pool-292-thread-1] INFO  server.RaftServerConfigKeys (ConfUtils.java:logGet(43)) - raft.server.log.segment.size.max = 1048576 (custom)
2019-09-20 08:48:28,869 [pool-292-thread-1] INFO  server.RaftServerConfigKeys (ConfUtils.java:logGet(43)) - raft.server.log.preallocated.size = 16384 (custom)
2019-09-20 08:48:28,870 [pool-292-thread-1] INFO  server.RaftServerConfigKeys (ConfUtils.java:logGet(43)) - raft.server.log.write.buffer.size = 33554432 (custom)
2019-09-20 08:48:28,870 [pool-292-thread-1] INFO  server.RaftServerConfigKeys (ConfUtils.java:logGet(43)) - raft.server.log.force.sync.num = 128 (default)
2019-09-20 08:48:28,870 [pool-292-thread-1] INFO  server.RaftServerConfigKeys (ConfUtils.java:logGet(43)) - raft.server.log.statemachine.data.sync = true (default)
2019-09-20 08:48:28,870 [pool-292-thread-1] INFO  server.RaftServerConfigKeys (ConfUtils.java:logGet(43)) - raft.server.log.statemachine.data.sync.timeout = 10s (default)
2019-09-20 08:48:28,870 [pool-292-thread-1] INFO  server.RaftServerConfigKeys (ConfUtils.java:logGet(43)) - raft.server.log.statemachine.data.sync.timeout.retry = -1 (default)
2019-09-20 08:48:28,870 [pool-292-thread-1] INFO  server.RaftServerConfigKeys (ConfUtils.java:logGet(43)) - raft.server.log.statemachine.data.caching.enabled = true (custom)
2019-09-20 08:48:28,870 [pool-292-thread-1] INFO  segmented.SegmentedRaftLogWorker (SegmentedRaftLogWorker.java:lambda$new$0(132)) - 486e2aed-8ec4-48b5-a72d-4321926ba785-SegmentedRaftLogWorker:Storage Directory /workdir/hadoop-ozone/ozonefs/target/test-dir/MiniOzoneClusterImpl-365ddf9a-ca2f-44b8-92d8-11996a9347f6/datanode-0/data/ratis/c33fcd93-6720-47ac-9be2-583685ea08b2: flushIndex: setUnconditionally 0 -> -1
2019-09-20 08:48:28,871 [pool-292-thread-1] INFO  server.RaftServerConfigKeys (ConfUtils.java:logGet(43)) - raft.server.snapshot.auto.trigger.enabled = true (custom)
2019-09-20 08:48:28,871 [pool-292-thread-1] INFO  server.RaftServerConfigKeys (ConfUtils.java:logGet(43)) - raft.server.snapshot.auto.trigger.threshold = 10000 (custom)
2019-09-20 08:48:28,871 [pool-292-thread-1] INFO  server.RaftServerConfigKeys (ConfUtils.java:logGet(43)) - raft.server.retrycache.expirytime = 600000ms (custom)
2019-09-20 08:48:28,871 [pool-292-thread-1] INFO  impl.RaftServerImpl (RaftServerImpl.java:start(180)) - 486e2aed-8ec4-48b5-a72d-4321926ba785: start group-583685EA08B2
2019-09-20 08:48:28,871 [pool-292-thread-1] INFO  impl.RaftServerImpl (RaftServerImpl.java:setRole(171)) - 486e2aed-8ec4-48b5-a72d-4321926ba785:group-583685EA08B2 changes role from null to FOLLOWER at term 0 for startAsFollower
2019-09-20 08:48:28,872 [pool-292-thread-1] INFO  impl.RoleInfo (RoleInfo.java:updateAndGet(143)) - 486e2aed-8ec4-48b5-a72d-4321926ba785: start FollowerState
2019-09-20 08:48:28,872 [pool-292-thread-1] INFO  util.JmxRegister (JmxRegister.java:tryRegister(44)) - Successfully registered JMX Bean with object name Ratis:service=RaftServer,group=group-583685EA08B2,id=486e2aed-8ec4-48b5-a72d-4321926ba785
2019-09-20 08:48:28,875 [RatisPipelineUtilsThread] INFO  pipeline.PipelineStateManager (PipelineStateManager.java:addPipeline(56)) - Created pipeline Pipeline[ Id: c33fcd93-6720-47ac-9be2-583685ea08b2, Nodes: 486e2aed-8ec4-48b5-a72d-4321926ba785{ip: 192.168.36.79, host: pr-hdds-1569-s8kj2-2266485376, networkLocation: /default-rack, certSerialId: null}, Type:RATIS, Factor:ONE, State:OPEN]
2019-09-20 08:48:28,881 [grpc-default-executor-0] INFO  impl.RaftServerProxy (RaftServerProxy.java:addNew(89)) - 486e2aed-8ec4-48b5-a72d-4321926ba785: addNew group-D008019CF1C2:[486e2aed-8ec4-48b5-a72d-4321926ba785:192.168.36.79:46251] returns group-D008019CF1C2:java.util.concurrent.CompletableFuture@3affdfc6[Not completed]
2019-09-20 08:48:28,882 [pool-292-thread-1] INFO  impl.RaftServerImpl (RaftServerImpl.java:<init>(93)) - 486e2aed-8ec4-48b5-a72d-4321926ba785: new RaftServerImpl for group-D008019CF1C2:[486e2aed-8ec4-48b5-a72d-4321926ba785:192.168.36.79:46251] with ContainerStateMachine:uninitialized
2019-09-20 08:48:28,882 [pool-292-thread-1] INFO  server.RaftServerConfigKeys (ConfUtils.java:logGet(43)) - raft.server.rpc.timeout.min = 5s (custom)
2019-09-20 08:48:28,882 [pool-292-thread-1] INFO  server.RaftServerConfigKeys (ConfUtils.java:logGet(43)) - raft.server.rpc.timeout.max = 5200ms (custom)
2019-09-20 08:48:28,882 [pool-292-thread-1] INFO  server.RaftServerConfigKeys (ConfUtils.java:logGet(43)) - raft.server.rpcslowness.timeout = 120s (custom)
2019-09-20 08:48:28,882 [pool-292-thread-1] INFO  server.RaftServerConfigKeys (ConfUtils.java:logGet(43)) - raft.server.sleep.deviation.threshold = 300 (default)
2019-09-20 08:48:28,882 [pool-292-thread-1] INFO  server.RaftServerConfigKeys (ConfUtils.java:logGet(43)) - raft.server.log.appender.install.snapshot.enabled = false (custom)
2019-09-20 08:48:28,883 [pool-292-thread-1] INFO  impl.RaftServerImpl (ServerState.java:<init>(105)) - 486e2aed-8ec4-48b5-a72d-4321926ba785:group-D008019CF1C2 ConfigurationManager, init=-1: [486e2aed-8ec4-48b5-a72d-4321926ba785:192.168.36.79:46251], old=null, confs=<EMPTY_MAP>
2019-09-20 08:48:28,883 [pool-292-thread-1] INFO  server.RaftServerConfigKeys (ConfUtils.java:logGet(43)) - raft.server.storage.dir = [/workdir/hadoop-ozone/ozonefs/target/test-dir/MiniOzoneClusterImpl-365ddf9a-ca2f-44b8-92d8-11996a9347f6/datanode-0/data/ratis] (custom)
2019-09-20 08:48:28,883 [pool-292-thread-1] INFO  storage.RaftStorageDirectory (RaftStorageDirectory.java:analyzeStorage(246)) - The storage directory /workdir/hadoop-ozone/ozonefs/target/test-dir/MiniOzoneClusterImpl-365ddf9a-ca2f-44b8-92d8-11996a9347f6/datanode-0/data/ratis/c033e228-ae23-48b6-a580-d008019cf1c2 does not exist. Creating ...
2019-09-20 08:48:28,896 [pool-292-thread-1] INFO  storage.RaftStorageDirectory (RaftStorageDirectory.java:tryLock(328)) - Lock on /workdir/hadoop-ozone/ozonefs/target/test-dir/MiniOzoneClusterImpl-365ddf9a-ca2f-44b8-92d8-11996a9347f6/datanode-0/data/ratis/c033e228-ae23-48b6-a580-d008019cf1c2/in_use.lock acquired by nodename 9421@pr-hdds-1569-s8kj2-2266485376
2019-09-20 08:48:28,903 [pool-292-thread-1] INFO  storage.RaftStorage (RaftStorage.java:format(72)) - Storage directory /workdir/hadoop-ozone/ozonefs/target/test-dir/MiniOzoneClusterImpl-365ddf9a-ca2f-44b8-92d8-11996a9347f6/datanode-0/data/ratis/c033e228-ae23-48b6-a580-d008019cf1c2 has been successfully formatted.
2019-09-20 08:48:28,903 [pool-292-thread-1] INFO  ratis.ContainerStateMachine (ContainerStateMachine.java:loadSnapshot(226)) - group-D008019CF1C2: The snapshot info is null. Setting the last applied indexto:(t:0, i:~)
2019-09-20 08:48:28,903 [pool-292-thread-1] INFO  server.RaftServerConfigKeys (ConfUtils.java:logGet(43)) - raft.server.leader.election.timeout = 120s (custom)
2019-09-20 08:48:28,904 [pool-292-thread-1] INFO  server.RaftServerConfigKeys (ConfUtils.java:logGet(43)) - raft.server.log.use.memory = false (default)
2019-09-20 08:48:28,904 [pool-292-thread-1] INFO  server.RaftServerConfigKeys (ConfUtils.java:logGet(43)) - raft.server.log.purge.gap = 1000000 (custom)
2019-09-20 08:48:28,904 [pool-292-thread-1] INFO  server.RaftServerConfigKeys (ConfUtils.java:logGet(43)) - raft.server.log.appender.buffer.byte-limit = 33554432 (custom)
2019-09-20 08:48:28,904 [pool-292-thread-1] INFO  server.RaftServerConfigKeys (ConfUtils.java:logGet(43)) - raft.server.log.segment.size.max = 1048576 (custom)
2019-09-20 08:48:28,904 [pool-292-thread-1] INFO  server.RaftServerConfigKeys (ConfUtils.java:logGet(43)) - raft.server.log.segment.cache.num.max = 2 (custom)
2019-09-20 08:48:28,904 [pool-292-thread-1] INFO  segmented.SegmentedRaftLogWorker (SegmentedRaftLogWorker.java:<init>(172)) - new 486e2aed-8ec4-48b5-a72d-4321926ba785-SegmentedRaftLogWorker:Storage Directory /workdir/hadoop-ozone/ozonefs/target/test-dir/MiniOzoneClusterImpl-365ddf9a-ca2f-44b8-92d8-11996a9347f6/datanode-0/data/ratis/c033e228-ae23-48b6-a580-d008019cf1c2 for RaftStorage:Storage Directory /workdir/hadoop-ozone/ozonefs/target/test-dir/MiniOzoneClusterImpl-365ddf9a-ca2f-44b8-92d8-11996a9347f6/datanode-0/data/ratis/c033e228-ae23-48b6-a580-d008019cf1c2
2019-09-20 08:48:28,905 [pool-292-thread-1] INFO  server.RaftServerConfigKeys (ConfUtils.java:logGet(43)) - raft.server.log.queue.byte-limit = 2147483647 (custom)
2019-09-20 08:48:28,905 [pool-292-thread-1] INFO  server.RaftServerConfigKeys (ConfUtils.java:logGet(43)) - raft.server.log.queue.element-limit = 1024 (custom)
2019-09-20 08:48:28,905 [pool-292-thread-1] INFO  server.RaftServerConfigKeys (ConfUtils.java:logGet(43)) - raft.server.log.segment.size.max = 1048576 (custom)
2019-09-20 08:48:28,905 [pool-292-thread-1] INFO  server.RaftServerConfigKeys (ConfUtils.java:logGet(43)) - raft.server.log.preallocated.size = 16384 (custom)
2019-09-20 08:48:28,905 [pool-292-thread-1] INFO  server.RaftServerConfigKeys (ConfUtils.java:logGet(43)) - raft.server.log.write.buffer.size = 33554432 (custom)
2019-09-20 08:48:28,905 [pool-292-thread-1] INFO  server.RaftServerConfigKeys (ConfUtils.java:logGet(43)) - raft.server.log.force.sync.num = 128 (default)
2019-09-20 08:48:28,905 [pool-292-thread-1] INFO  server.RaftServerConfigKeys (ConfUtils.java:logGet(43)) - raft.server.log.statemachine.data.sync = true (default)
2019-09-20 08:48:28,906 [pool-292-thread-1] INFO  server.RaftServerConfigKeys (ConfUtils.java:logGet(43)) - raft.server.log.statemachine.data.sync.timeout = 10s (default)
2019-09-20 08:48:28,906 [pool-292-thread-1] INFO  server.RaftServerConfigKeys (ConfUtils.java:logGet(43)) - raft.server.log.statemachine.data.sync.timeout.retry = -1 (default)
2019-09-20 08:48:28,906 [pool-292-thread-1] INFO  server.RaftServerConfigKeys (ConfUtils.java:logGet(43)) - raft.server.log.statemachine.data.caching.enabled = true (custom)
2019-09-20 08:48:28,906 [pool-292-thread-1] INFO  segmented.SegmentedRaftLogWorker (SegmentedRaftLogWorker.java:lambda$new$0(132)) - 486e2aed-8ec4-48b5-a72d-4321926ba785-SegmentedRaftLogWorker:Storage Directory /workdir/hadoop-ozone/ozonefs/target/test-dir/MiniOzoneClusterImpl-365ddf9a-ca2f-44b8-92d8-11996a9347f6/datanode-0/data/ratis/c033e228-ae23-48b6-a580-d008019cf1c2: flushIndex: setUnconditionally 0 -> -1
2019-09-20 08:48:28,907 [pool-292-thread-1] INFO  server.RaftServerConfigKeys (ConfUtils.java:logGet(43)) - raft.server.snapshot.auto.trigger.enabled = true (custom)
2019-09-20 08:48:28,907 [pool-292-thread-1] INFO  server.RaftServerConfigKeys (ConfUtils.java:logGet(43)) - raft.server.snapshot.auto.trigger.threshold = 10000 (custom)
2019-09-20 08:48:28,907 [pool-292-thread-1] INFO  server.RaftServerConfigKeys (ConfUtils.java:logGet(43)) - raft.server.retrycache.expirytime = 600000ms (custom)
2019-09-20 08:48:28,907 [pool-292-thread-1] INFO  impl.RaftServerImpl (RaftServerImpl.java:start(180)) - 486e2aed-8ec4-48b5-a72d-4321926ba785: start group-D008019CF1C2
2019-09-20 08:48:28,907 [pool-292-thread-1] INFO  impl.RaftServerImpl (RaftServerImpl.java:setRole(171)) - 486e2aed-8ec4-48b5-a72d-4321926ba785:group-D008019CF1C2 changes role from null to FOLLOWER at term 0 for startAsFollower
2019-09-20 08:48:28,907 [pool-292-thread-1] INFO  impl.RoleInfo (RoleInfo.java:updateAndGet(143)) - 486e2aed-8ec4-48b5-a72d-4321926ba785: start FollowerState
2019-09-20 08:48:28,908 [pool-292-thread-1] INFO  util.JmxRegister (JmxRegister.java:tryRegister(44)) - Successfully registered JMX Bean with object name Ratis:service=RaftServer,group=group-D008019CF1C2,id=486e2aed-8ec4-48b5-a72d-4321926ba785
2019-09-20 08:48:28,910 [RatisPipelineUtilsThread] INFO  pipeline.PipelineStateManager (PipelineStateManager.java:addPipeline(56)) - Created pipeline Pipeline[ Id: c033e228-ae23-48b6-a580-d008019cf1c2, Nodes: 486e2aed-8ec4-48b5-a72d-4321926ba785{ip: 192.168.36.79, host: pr-hdds-1569-s8kj2-2266485376, networkLocation: /default-rack, certSerialId: null}, Type:RATIS, Factor:ONE, State:OPEN]
2019-09-20 08:48:28,916 [grpc-default-executor-0] INFO  impl.RaftServerProxy (RaftServerProxy.java:addNew(89)) - 486e2aed-8ec4-48b5-a72d-4321926ba785: addNew group-9C94A3577093:[486e2aed-8ec4-48b5-a72d-4321926ba785:192.168.36.79:46251] returns group-9C94A3577093:java.util.concurrent.CompletableFuture@5d25189f[Not completed]
2019-09-20 08:48:28,917 [pool-292-thread-1] INFO  impl.RaftServerImpl (RaftServerImpl.java:<init>(93)) - 486e2aed-8ec4-48b5-a72d-4321926ba785: new RaftServerImpl for group-9C94A3577093:[486e2aed-8ec4-48b5-a72d-4321926ba785:192.168.36.79:46251] with ContainerStateMachine:uninitialized
2019-09-20 08:48:28,917 [pool-292-thread-1] INFO  server.RaftServerConfigKeys (ConfUtils.java:logGet(43)) - raft.server.rpc.timeout.min = 5s (custom)
2019-09-20 08:48:28,918 [IPC Server handler 1 on 42707] INFO  net.NetworkTopology (NetworkTopologyImpl.java:add(110)) - Added a new node: /default-rack/50467bd1-4195-43e4-a65a-2977ff96563d
2019-09-20 08:48:28,918 [pool-292-thread-1] INFO  server.RaftServerConfigKeys (ConfUtils.java:logGet(43)) - raft.server.rpc.timeout.max = 5200ms (custom)
2019-09-20 08:48:28,918 [IPC Server handler 1 on 42707] INFO  node.SCMNodeManager (SCMNodeManager.java:register(273)) - Registered Data node : 50467bd1-4195-43e4-a65a-2977ff96563d{ip: 192.168.36.79, host: pr-hdds-1569-s8kj2-2266485376, networkLocation: /default-rack, certSerialId: null}
2019-09-20 08:48:28,918 [pool-292-thread-1] INFO  server.RaftServerConfigKeys (ConfUtils.java:logGet(43)) - raft.server.rpcslowness.timeout = 120s (custom)
2019-09-20 08:48:28,918 [pool-292-thread-1] INFO  server.RaftServerConfigKeys (ConfUtils.java:logGet(43)) - raft.server.sleep.deviation.threshold = 300 (default)
2019-09-20 08:48:28,918 | INFO  | SCMAudit | user=jenkins1000 | ip=192.168.36.79 | op=REGISTER {datanodeDetails=50467bd1-4195-43e4-a65a-2977ff96563d{ip: 192.168.36.79, host: pr-hdds-1569-s8kj2-2266485376, networkLocation: /default-rack, certSerialId: null}} | ret=SUCCESS |  
2019-09-20 08:48:28,918 [pool-292-thread-1] INFO  server.RaftServerConfigKeys (ConfUtils.java:logGet(43)) - raft.server.log.appender.install.snapshot.enabled = false (custom)
2019-09-20 08:48:28,918 [pool-292-thread-1] INFO  impl.RaftServerImpl (ServerState.java:<init>(105)) - 486e2aed-8ec4-48b5-a72d-4321926ba785:group-9C94A3577093 ConfigurationManager, init=-1: [486e2aed-8ec4-48b5-a72d-4321926ba785:192.168.36.79:46251], old=null, confs=<EMPTY_MAP>
2019-09-20 08:48:28,919 [pool-292-thread-1] INFO  server.RaftServerConfigKeys (ConfUtils.java:logGet(43)) - raft.server.storage.dir = [/workdir/hadoop-ozone/ozonefs/target/test-dir/MiniOzoneClusterImpl-365ddf9a-ca2f-44b8-92d8-11996a9347f6/datanode-0/data/ratis] (custom)
2019-09-20 08:48:28,919 [pool-292-thread-1] INFO  storage.RaftStorageDirectory (RaftStorageDirectory.java:analyzeStorage(246)) - The storage directory /workdir/hadoop-ozone/ozonefs/target/test-dir/MiniOzoneClusterImpl-365ddf9a-ca2f-44b8-92d8-11996a9347f6/datanode-0/data/ratis/24eaf838-09c8-4226-8d69-9c94a3577093 does not exist. Creating ...
2019-09-20 08:48:28,923 [pool-292-thread-1] INFO  storage.RaftStorageDirectory (RaftStorageDirectory.java:tryLock(328)) - Lock on /workdir/hadoop-ozone/ozonefs/target/test-dir/MiniOzoneClusterImpl-365ddf9a-ca2f-44b8-92d8-11996a9347f6/datanode-0/data/ratis/24eaf838-09c8-4226-8d69-9c94a3577093/in_use.lock acquired by nodename 9421@pr-hdds-1569-s8kj2-2266485376
2019-09-20 08:48:28,946 [pool-292-thread-1] INFO  storage.RaftStorage (RaftStorage.java:format(72)) - Storage directory /workdir/hadoop-ozone/ozonefs/target/test-dir/MiniOzoneClusterImpl-365ddf9a-ca2f-44b8-92d8-11996a9347f6/datanode-0/data/ratis/24eaf838-09c8-4226-8d69-9c94a3577093 has been successfully formatted.
2019-09-20 08:48:28,946 [pool-292-thread-1] INFO  ratis.ContainerStateMachine (ContainerStateMachine.java:loadSnapshot(226)) - group-9C94A3577093: The snapshot info is null. Setting the last applied indexto:(t:0, i:~)
2019-09-20 08:48:28,946 [pool-292-thread-1] INFO  server.RaftServerConfigKeys (ConfUtils.java:logGet(43)) - raft.server.leader.election.timeout = 120s (custom)
2019-09-20 08:48:28,946 [pool-292-thread-1] INFO  server.RaftServerConfigKeys (ConfUtils.java:logGet(43)) - raft.server.log.use.memory = false (default)
2019-09-20 08:48:28,946 [pool-292-thread-1] INFO  server.RaftServerConfigKeys (ConfUtils.java:logGet(43)) - raft.server.log.purge.gap = 1000000 (custom)
2019-09-20 08:48:28,946 [pool-292-thread-1] INFO  server.RaftServerConfigKeys (ConfUtils.java:logGet(43)) - raft.server.log.appender.buffer.byte-limit = 33554432 (custom)
2019-09-20 08:48:28,946 [pool-292-thread-1] INFO  server.RaftServerConfigKeys (ConfUtils.java:logGet(43)) - raft.server.log.segment.size.max = 1048576 (custom)
2019-09-20 08:48:28,947 [pool-292-thread-1] INFO  server.RaftServerConfigKeys (ConfUtils.java:logGet(43)) - raft.server.log.segment.cache.num.max = 2 (custom)
2019-09-20 08:48:28,947 [pool-292-thread-1] INFO  segmented.SegmentedRaftLogWorker (SegmentedRaftLogWorker.java:<init>(172)) - new 486e2aed-8ec4-48b5-a72d-4321926ba785-SegmentedRaftLogWorker:Storage Directory /workdir/hadoop-ozone/ozonefs/target/test-dir/MiniOzoneClusterImpl-365ddf9a-ca2f-44b8-92d8-11996a9347f6/datanode-0/data/ratis/24eaf838-09c8-4226-8d69-9c94a3577093 for RaftStorage:Storage Directory /workdir/hadoop-ozone/ozonefs/target/test-dir/MiniOzoneClusterImpl-365ddf9a-ca2f-44b8-92d8-11996a9347f6/datanode-0/data/ratis/24eaf838-09c8-4226-8d69-9c94a3577093
2019-09-20 08:48:28,947 [pool-292-thread-1] INFO  server.RaftServerConfigKeys (ConfUtils.java:logGet(43)) - raft.server.log.queue.byte-limit = 2147483647 (custom)
2019-09-20 08:48:28,947 [pool-292-thread-1] INFO  server.RaftServerConfigKeys (ConfUtils.java:logGet(43)) - raft.server.log.queue.element-limit = 1024 (custom)
2019-09-20 08:48:28,947 [pool-292-thread-1] INFO  server.RaftServerConfigKeys (ConfUtils.java:logGet(43)) - raft.server.log.segment.size.max = 1048576 (custom)
2019-09-20 08:48:28,947 [pool-292-thread-1] INFO  server.RaftServerConfigKeys (ConfUtils.java:logGet(43)) - raft.server.log.preallocated.size = 16384 (custom)
2019-09-20 08:48:28,947 [pool-292-thread-1] INFO  server.RaftServerConfigKeys (ConfUtils.java:logGet(43)) - raft.server.log.write.buffer.size = 33554432 (custom)
2019-09-20 08:48:28,947 [pool-292-thread-1] INFO  server.RaftServerConfigKeys (ConfUtils.java:logGet(43)) - raft.server.log.force.sync.num = 128 (default)
2019-09-20 08:48:28,948 [pool-292-thread-1] INFO  server.RaftServerConfigKeys (ConfUtils.java:logGet(43)) - raft.server.log.statemachine.data.sync = true (default)
2019-09-20 08:48:28,948 [pool-292-thread-1] INFO  server.RaftServerConfigKeys (ConfUtils.java:logGet(43)) - raft.server.log.statemachine.data.sync.timeout = 10s (default)
2019-09-20 08:48:28,948 [pool-292-thread-1] INFO  server.RaftServerConfigKeys (ConfUtils.java:logGet(43)) - raft.server.log.statemachine.data.sync.timeout.retry = -1 (default)
2019-09-20 08:48:28,948 [pool-292-thread-1] INFO  server.RaftServerConfigKeys (ConfUtils.java:logGet(43)) - raft.server.log.statemachine.data.caching.enabled = true (custom)
2019-09-20 08:48:28,948 [pool-292-thread-1] INFO  segmented.SegmentedRaftLogWorker (SegmentedRaftLogWorker.java:lambda$new$0(132)) - 486e2aed-8ec4-48b5-a72d-4321926ba785-SegmentedRaftLogWorker:Storage Directory /workdir/hadoop-ozone/ozonefs/target/test-dir/MiniOzoneClusterImpl-365ddf9a-ca2f-44b8-92d8-11996a9347f6/datanode-0/data/ratis/24eaf838-09c8-4226-8d69-9c94a3577093: flushIndex: setUnconditionally 0 -> -1
2019-09-20 08:48:28,949 [pool-292-thread-1] INFO  server.RaftServerConfigKeys (ConfUtils.java:logGet(43)) - raft.server.snapshot.auto.trigger.enabled = true (custom)
2019-09-20 08:48:28,949 [pool-292-thread-1] INFO  server.RaftServerConfigKeys (ConfUtils.java:logGet(43)) - raft.server.snapshot.auto.trigger.threshold = 10000 (custom)
2019-09-20 08:48:28,949 [pool-292-thread-1] INFO  server.RaftServerConfigKeys (ConfUtils.java:logGet(43)) - raft.server.retrycache.expirytime = 600000ms (custom)
2019-09-20 08:48:28,949 [pool-292-thread-1] INFO  impl.RaftServerImpl (RaftServerImpl.java:start(180)) - 486e2aed-8ec4-48b5-a72d-4321926ba785: start group-9C94A3577093
2019-09-20 08:48:28,949 [pool-292-thread-1] INFO  impl.RaftServerImpl (RaftServerImpl.java:setRole(171)) - 486e2aed-8ec4-48b5-a72d-4321926ba785:group-9C94A3577093 changes role from null to FOLLOWER at term 0 for startAsFollower
2019-09-20 08:48:28,949 [pool-292-thread-1] INFO  impl.RoleInfo (RoleInfo.java:updateAndGet(143)) - 486e2aed-8ec4-48b5-a72d-4321926ba785: start FollowerState
2019-09-20 08:48:28,950 [pool-292-thread-1] INFO  util.JmxRegister (JmxRegister.java:tryRegister(44)) - Successfully registered JMX Bean with object name Ratis:service=RaftServer,group=group-9C94A3577093,id=486e2aed-8ec4-48b5-a72d-4321926ba785
2019-09-20 08:48:28,952 [RatisPipelineUtilsThread] INFO  pipeline.PipelineStateManager (PipelineStateManager.java:addPipeline(56)) - Created pipeline Pipeline[ Id: 24eaf838-09c8-4226-8d69-9c94a3577093, Nodes: 486e2aed-8ec4-48b5-a72d-4321926ba785{ip: 192.168.36.79, host: pr-hdds-1569-s8kj2-2266485376, networkLocation: /default-rack, certSerialId: null}, Type:RATIS, Factor:ONE, State:OPEN]
2019-09-20 08:48:28,958 [grpc-default-executor-0] INFO  impl.RaftServerProxy (RaftServerProxy.java:addNew(89)) - 486e2aed-8ec4-48b5-a72d-4321926ba785: addNew group-A16CFA2E99A0:[486e2aed-8ec4-48b5-a72d-4321926ba785:192.168.36.79:46251] returns group-A16CFA2E99A0:java.util.concurrent.CompletableFuture@400b3e71[Not completed]
2019-09-20 08:48:28,959 [pool-292-thread-1] INFO  impl.RaftServerImpl (RaftServerImpl.java:<init>(93)) - 486e2aed-8ec4-48b5-a72d-4321926ba785: new RaftServerImpl for group-A16CFA2E99A0:[486e2aed-8ec4-48b5-a72d-4321926ba785:192.168.36.79:46251] with ContainerStateMachine:uninitialized
2019-09-20 08:48:28,959 [pool-292-thread-1] INFO  server.RaftServerConfigKeys (ConfUtils.java:logGet(43)) - raft.server.rpc.timeout.min = 5s (custom)
2019-09-20 08:48:28,959 [pool-292-thread-1] INFO  server.RaftServerConfigKeys (ConfUtils.java:logGet(43)) - raft.server.rpc.timeout.max = 5200ms (custom)
2019-09-20 08:48:28,959 [pool-292-thread-1] INFO  server.RaftServerConfigKeys (ConfUtils.java:logGet(43)) - raft.server.rpcslowness.timeout = 120s (custom)
2019-09-20 08:48:28,959 [pool-292-thread-1] INFO  server.RaftServerConfigKeys (ConfUtils.java:logGet(43)) - raft.server.sleep.deviation.threshold = 300 (default)
2019-09-20 08:48:28,959 [pool-292-thread-1] INFO  server.RaftServerConfigKeys (ConfUtils.java:logGet(43)) - raft.server.log.appender.install.snapshot.enabled = false (custom)
2019-09-20 08:48:28,959 [pool-292-thread-1] INFO  impl.RaftServerImpl (ServerState.java:<init>(105)) - 486e2aed-8ec4-48b5-a72d-4321926ba785:group-A16CFA2E99A0 ConfigurationManager, init=-1: [486e2aed-8ec4-48b5-a72d-4321926ba785:192.168.36.79:46251], old=null, confs=<EMPTY_MAP>
2019-09-20 08:48:28,960 [pool-292-thread-1] INFO  server.RaftServerConfigKeys (ConfUtils.java:logGet(43)) - raft.server.storage.dir = [/workdir/hadoop-ozone/ozonefs/target/test-dir/MiniOzoneClusterImpl-365ddf9a-ca2f-44b8-92d8-11996a9347f6/datanode-0/data/ratis] (custom)
2019-09-20 08:48:28,960 [pool-292-thread-1] INFO  storage.RaftStorageDirectory (RaftStorageDirectory.java:analyzeStorage(246)) - The storage directory /workdir/hadoop-ozone/ozonefs/target/test-dir/MiniOzoneClusterImpl-365ddf9a-ca2f-44b8-92d8-11996a9347f6/datanode-0/data/ratis/1e29e47e-4623-43d8-93a5-a16cfa2e99a0 does not exist. Creating ...
2019-09-20 08:48:28,979 [pool-292-thread-1] INFO  storage.RaftStorageDirectory (RaftStorageDirectory.java:tryLock(328)) - Lock on /workdir/hadoop-ozone/ozonefs/target/test-dir/MiniOzoneClusterImpl-365ddf9a-ca2f-44b8-92d8-11996a9347f6/datanode-0/data/ratis/1e29e47e-4623-43d8-93a5-a16cfa2e99a0/in_use.lock acquired by nodename 9421@pr-hdds-1569-s8kj2-2266485376
2019-09-20 08:48:29,013 [pool-292-thread-1] INFO  storage.RaftStorage (RaftStorage.java:format(72)) - Storage directory /workdir/hadoop-ozone/ozonefs/target/test-dir/MiniOzoneClusterImpl-365ddf9a-ca2f-44b8-92d8-11996a9347f6/datanode-0/data/ratis/1e29e47e-4623-43d8-93a5-a16cfa2e99a0 has been successfully formatted.
2019-09-20 08:48:29,014 [pool-292-thread-1] INFO  ratis.ContainerStateMachine (ContainerStateMachine.java:loadSnapshot(226)) - group-A16CFA2E99A0: The snapshot info is null. Setting the last applied indexto:(t:0, i:~)
2019-09-20 08:48:29,014 [pool-292-thread-1] INFO  server.RaftServerConfigKeys (ConfUtils.java:logGet(43)) - raft.server.leader.election.timeout = 120s (custom)
2019-09-20 08:48:29,014 [pool-292-thread-1] INFO  server.RaftServerConfigKeys (ConfUtils.java:logGet(43)) - raft.server.log.use.memory = false (default)
2019-09-20 08:48:29,014 [pool-292-thread-1] INFO  server.RaftServerConfigKeys (ConfUtils.java:logGet(43)) - raft.server.log.purge.gap = 1000000 (custom)
2019-09-20 08:48:29,015 [pool-292-thread-1] INFO  server.RaftServerConfigKeys (ConfUtils.java:logGet(43)) - raft.server.log.appender.buffer.byte-limit = 33554432 (custom)
2019-09-20 08:48:29,015 [pool-292-thread-1] INFO  server.RaftServerConfigKeys (ConfUtils.java:logGet(43)) - raft.server.log.segment.size.max = 1048576 (custom)
2019-09-20 08:48:29,015 [pool-292-thread-1] INFO  server.RaftServerConfigKeys (ConfUtils.java:logGet(43)) - raft.server.log.segment.cache.num.max = 2 (custom)
2019-09-20 08:48:29,015 [pool-292-thread-1] INFO  segmented.SegmentedRaftLogWorker (SegmentedRaftLogWorker.java:<init>(172)) - new 486e2aed-8ec4-48b5-a72d-4321926ba785-SegmentedRaftLogWorker:Storage Directory /workdir/hadoop-ozone/ozonefs/target/test-dir/MiniOzoneClusterImpl-365ddf9a-ca2f-44b8-92d8-11996a9347f6/datanode-0/data/ratis/1e29e47e-4623-43d8-93a5-a16cfa2e99a0 for RaftStorage:Storage Directory /workdir/hadoop-ozone/ozonefs/target/test-dir/MiniOzoneClusterImpl-365ddf9a-ca2f-44b8-92d8-11996a9347f6/datanode-0/data/ratis/1e29e47e-4623-43d8-93a5-a16cfa2e99a0
2019-09-20 08:48:29,015 [pool-292-thread-1] INFO  server.RaftServerConfigKeys (ConfUtils.java:logGet(43)) - raft.server.log.queue.byte-limit = 2147483647 (custom)
2019-09-20 08:48:29,015 [pool-292-thread-1] INFO  server.RaftServerConfigKeys (ConfUtils.java:logGet(43)) - raft.server.log.queue.element-limit = 1024 (custom)
2019-09-20 08:48:29,016 [pool-292-thread-1] INFO  server.RaftServerConfigKeys (ConfUtils.java:logGet(43)) - raft.server.log.segment.size.max = 1048576 (custom)
2019-09-20 08:48:29,016 [pool-292-thread-1] INFO  server.RaftServerConfigKeys (ConfUtils.java:logGet(43)) - raft.server.log.preallocated.size = 16384 (custom)
2019-09-20 08:48:29,016 [pool-292-thread-1] INFO  server.RaftServerConfigKeys (ConfUtils.java:logGet(43)) - raft.server.log.write.buffer.size = 33554432 (custom)
2019-09-20 08:48:29,016 [pool-292-thread-1] INFO  server.RaftServerConfigKeys (ConfUtils.java:logGet(43)) - raft.server.log.force.sync.num = 128 (default)
2019-09-20 08:48:29,016 [pool-292-thread-1] INFO  server.RaftServerConfigKeys (ConfUtils.java:logGet(43)) - raft.server.log.statemachine.data.sync = true (default)
2019-09-20 08:48:29,016 [pool-292-thread-1] INFO  server.RaftServerConfigKeys (ConfUtils.java:logGet(43)) - raft.server.log.statemachine.data.sync.timeout = 10s (default)
2019-09-20 08:48:29,016 [pool-292-thread-1] INFO  server.RaftServerConfigKeys (ConfUtils.java:logGet(43)) - raft.server.log.statemachine.data.sync.timeout.retry = -1 (default)
2019-09-20 08:48:29,017 [pool-292-thread-1] INFO  server.RaftServerConfigKeys (ConfUtils.java:logGet(43)) - raft.server.log.statemachine.data.caching.enabled = true (custom)
2019-09-20 08:48:29,017 [pool-292-thread-1] INFO  segmented.SegmentedRaftLogWorker (SegmentedRaftLogWorker.java:lambda$new$0(132)) - 486e2aed-8ec4-48b5-a72d-4321926ba785-SegmentedRaftLogWorker:Storage Directory /workdir/hadoop-ozone/ozonefs/target/test-dir/MiniOzoneClusterImpl-365ddf9a-ca2f-44b8-92d8-11996a9347f6/datanode-0/data/ratis/1e29e47e-4623-43d8-93a5-a16cfa2e99a0: flushIndex: setUnconditionally 0 -> -1
2019-09-20 08:48:29,017 [pool-292-thread-1] INFO  server.RaftServerConfigKeys (ConfUtils.java:logGet(43)) - raft.server.snapshot.auto.trigger.enabled = true (custom)
2019-09-20 08:48:29,017 [pool-292-thread-1] INFO  server.RaftServerConfigKeys (ConfUtils.java:logGet(43)) - raft.server.snapshot.auto.trigger.threshold = 10000 (custom)
2019-09-20 08:48:29,018 [pool-292-thread-1] INFO  server.RaftServerConfigKeys (ConfUtils.java:logGet(43)) - raft.server.retrycache.expirytime = 600000ms (custom)
2019-09-20 08:48:29,018 [pool-292-thread-1] INFO  impl.RaftServerImpl (RaftServerImpl.java:start(180)) - 486e2aed-8ec4-48b5-a72d-4321926ba785: start group-A16CFA2E99A0
2019-09-20 08:48:29,018 [pool-292-thread-1] INFO  impl.RaftServerImpl (RaftServerImpl.java:setRole(171)) - 486e2aed-8ec4-48b5-a72d-4321926ba785:group-A16CFA2E99A0 changes role from null to FOLLOWER at term 0 for startAsFollower
2019-09-20 08:48:29,018 [pool-292-thread-1] INFO  impl.RoleInfo (RoleInfo.java:updateAndGet(143)) - 486e2aed-8ec4-48b5-a72d-4321926ba785: start FollowerState
2019-09-20 08:48:29,019 [pool-292-thread-1] INFO  util.JmxRegister (JmxRegister.java:tryRegister(44)) - Successfully registered JMX Bean with object name Ratis:service=RaftServer,group=group-A16CFA2E99A0,id=486e2aed-8ec4-48b5-a72d-4321926ba785
2019-09-20 08:48:29,021 [RatisPipelineUtilsThread] INFO  pipeline.PipelineStateManager (PipelineStateManager.java:addPipeline(56)) - Created pipeline Pipeline[ Id: 1e29e47e-4623-43d8-93a5-a16cfa2e99a0, Nodes: 486e2aed-8ec4-48b5-a72d-4321926ba785{ip: 192.168.36.79, host: pr-hdds-1569-s8kj2-2266485376, networkLocation: /default-rack, certSerialId: null}, Type:RATIS, Factor:ONE, State:OPEN]
2019-09-20 08:48:29,022 [RatisPipelineUtilsThread] INFO  pipeline.PipelinePlacementPolicy (PipelinePlacementPolicy.java:meetCriteria(91)) - Pipeline Placement: Doesn't meet the criteria to be viable node： 486e2aed-8ec4-48b5-a72d-4321926ba785 Heaviness: 6 limit: 5
2019-09-20 08:48:29,029 [grpc-default-executor-0] INFO  impl.RaftServerProxy (RaftServerProxy.java:addNew(89)) - 50467bd1-4195-43e4-a65a-2977ff96563d: addNew group-BE6CDC7EA34C:[50467bd1-4195-43e4-a65a-2977ff96563d:192.168.36.79:42155] returns group-BE6CDC7EA34C:java.util.concurrent.CompletableFuture@18e13548[Not completed]
2019-09-20 08:48:29,029 [pool-303-thread-1] INFO  impl.RaftServerImpl (RaftServerImpl.java:<init>(93)) - 50467bd1-4195-43e4-a65a-2977ff96563d: new RaftServerImpl for group-BE6CDC7EA34C:[50467bd1-4195-43e4-a65a-2977ff96563d:192.168.36.79:42155] with ContainerStateMachine:uninitialized
2019-09-20 08:48:29,029 [pool-303-thread-1] INFO  server.RaftServerConfigKeys (ConfUtils.java:logGet(43)) - raft.server.rpc.timeout.min = 5s (custom)
2019-09-20 08:48:29,030 [pool-303-thread-1] INFO  server.RaftServerConfigKeys (ConfUtils.java:logGet(43)) - raft.server.rpc.timeout.max = 5200ms (custom)
2019-09-20 08:48:29,030 [pool-303-thread-1] INFO  server.RaftServerConfigKeys (ConfUtils.java:logGet(43)) - raft.server.rpcslowness.timeout = 120s (custom)
2019-09-20 08:48:29,030 [pool-303-thread-1] INFO  server.RaftServerConfigKeys (ConfUtils.java:logGet(43)) - raft.server.sleep.deviation.threshold = 300 (default)
2019-09-20 08:48:29,030 [pool-303-thread-1] INFO  server.RaftServerConfigKeys (ConfUtils.java:logGet(43)) - raft.server.log.appender.install.snapshot.enabled = false (custom)
2019-09-20 08:48:29,030 [pool-303-thread-1] INFO  impl.RaftServerImpl (ServerState.java:<init>(105)) - 50467bd1-4195-43e4-a65a-2977ff96563d:group-BE6CDC7EA34C ConfigurationManager, init=-1: [50467bd1-4195-43e4-a65a-2977ff96563d:192.168.36.79:42155], old=null, confs=<EMPTY_MAP>
2019-09-20 08:48:29,030 [pool-303-thread-1] INFO  server.RaftServerConfigKeys (ConfUtils.java:logGet(43)) - raft.server.storage.dir = [/workdir/hadoop-ozone/ozonefs/target/test-dir/MiniOzoneClusterImpl-365ddf9a-ca2f-44b8-92d8-11996a9347f6/datanode-1/data/ratis] (custom)
2019-09-20 08:48:29,030 [pool-303-thread-1] INFO  storage.RaftStorageDirectory (RaftStorageDirectory.java:analyzeStorage(246)) - The storage directory /workdir/hadoop-ozone/ozonefs/target/test-dir/MiniOzoneClusterImpl-365ddf9a-ca2f-44b8-92d8-11996a9347f6/datanode-1/data/ratis/75c7f255-8395-447e-9f7b-be6cdc7ea34c does not exist. Creating ...
2019-09-20 08:48:29,063 [pool-303-thread-1] INFO  storage.RaftStorageDirectory (RaftStorageDirectory.java:tryLock(328)) - Lock on /workdir/hadoop-ozone/ozonefs/target/test-dir/MiniOzoneClusterImpl-365ddf9a-ca2f-44b8-92d8-11996a9347f6/datanode-1/data/ratis/75c7f255-8395-447e-9f7b-be6cdc7ea34c/in_use.lock acquired by nodename 9421@pr-hdds-1569-s8kj2-2266485376
2019-09-20 08:48:29,089 [pool-303-thread-1] INFO  storage.RaftStorage (RaftStorage.java:format(72)) - Storage directory /workdir/hadoop-ozone/ozonefs/target/test-dir/MiniOzoneClusterImpl-365ddf9a-ca2f-44b8-92d8-11996a9347f6/datanode-1/data/ratis/75c7f255-8395-447e-9f7b-be6cdc7ea34c has been successfully formatted.
2019-09-20 08:48:29,089 [pool-303-thread-1] INFO  ratis.ContainerStateMachine (ContainerStateMachine.java:loadSnapshot(226)) - group-BE6CDC7EA34C: The snapshot info is null. Setting the last applied indexto:(t:0, i:~)
2019-09-20 08:48:29,090 [pool-303-thread-1] INFO  server.RaftServerConfigKeys (ConfUtils.java:logGet(43)) - raft.server.leader.election.timeout = 120s (custom)
2019-09-20 08:48:29,090 [pool-303-thread-1] INFO  server.RaftServerConfigKeys (ConfUtils.java:logGet(43)) - raft.server.log.use.memory = false (default)
2019-09-20 08:48:29,090 [pool-303-thread-1] INFO  server.RaftServerConfigKeys (ConfUtils.java:logGet(43)) - raft.server.log.purge.gap = 1000000 (custom)
2019-09-20 08:48:29,090 [pool-303-thread-1] INFO  server.RaftServerConfigKeys (ConfUtils.java:logGet(43)) - raft.server.log.appender.buffer.byte-limit = 33554432 (custom)
2019-09-20 08:48:29,091 [pool-303-thread-1] INFO  server.RaftServerConfigKeys (ConfUtils.java:logGet(43)) - raft.server.log.segment.size.max = 1048576 (custom)
2019-09-20 08:48:29,091 [pool-303-thread-1] INFO  server.RaftServerConfigKeys (ConfUtils.java:logGet(43)) - raft.server.log.segment.cache.num.max = 2 (custom)
2019-09-20 08:48:29,091 [pool-303-thread-1] INFO  segmented.SegmentedRaftLogWorker (SegmentedRaftLogWorker.java:<init>(172)) - new 50467bd1-4195-43e4-a65a-2977ff96563d-SegmentedRaftLogWorker:Storage Directory /workdir/hadoop-ozone/ozonefs/target/test-dir/MiniOzoneClusterImpl-365ddf9a-ca2f-44b8-92d8-11996a9347f6/datanode-1/data/ratis/75c7f255-8395-447e-9f7b-be6cdc7ea34c for RaftStorage:Storage Directory /workdir/hadoop-ozone/ozonefs/target/test-dir/MiniOzoneClusterImpl-365ddf9a-ca2f-44b8-92d8-11996a9347f6/datanode-1/data/ratis/75c7f255-8395-447e-9f7b-be6cdc7ea34c
2019-09-20 08:48:29,091 [pool-303-thread-1] INFO  server.RaftServerConfigKeys (ConfUtils.java:logGet(43)) - raft.server.log.queue.byte-limit = 2147483647 (custom)
2019-09-20 08:48:29,091 [pool-303-thread-1] INFO  server.RaftServerConfigKeys (ConfUtils.java:logGet(43)) - raft.server.log.queue.element-limit = 1024 (custom)
2019-09-20 08:48:29,092 [pool-303-thread-1] INFO  server.RaftServerConfigKeys (ConfUtils.java:logGet(43)) - raft.server.log.segment.size.max = 1048576 (custom)
2019-09-20 08:48:29,092 [pool-303-thread-1] INFO  server.RaftServerConfigKeys (ConfUtils.java:logGet(43)) - raft.server.log.preallocated.size = 16384 (custom)
2019-09-20 08:48:29,092 [pool-303-thread-1] INFO  server.RaftServerConfigKeys (ConfUtils.java:logGet(43)) - raft.server.log.write.buffer.size = 33554432 (custom)
2019-09-20 08:48:29,092 [pool-303-thread-1] INFO  server.RaftServerConfigKeys (ConfUtils.java:logGet(43)) - raft.server.log.force.sync.num = 128 (default)
2019-09-20 08:48:29,092 [pool-303-thread-1] INFO  server.RaftServerConfigKeys (ConfUtils.java:logGet(43)) - raft.server.log.statemachine.data.sync = true (default)
2019-09-20 08:48:29,093 [pool-303-thread-1] INFO  server.RaftServerConfigKeys (ConfUtils.java:logGet(43)) - raft.server.log.statemachine.data.sync.timeout = 10s (default)
2019-09-20 08:48:29,093 [pool-303-thread-1] INFO  server.RaftServerConfigKeys (ConfUtils.java:logGet(43)) - raft.server.log.statemachine.data.sync.timeout.retry = -1 (default)
2019-09-20 08:48:29,093 [pool-303-thread-1] INFO  server.RaftServerConfigKeys (ConfUtils.java:logGet(43)) - raft.server.log.statemachine.data.caching.enabled = true (custom)
2019-09-20 08:48:29,093 [pool-303-thread-1] INFO  segmented.SegmentedRaftLogWorker (SegmentedRaftLogWorker.java:lambda$new$0(132)) - 50467bd1-4195-43e4-a65a-2977ff96563d-SegmentedRaftLogWorker:Storage Directory /workdir/hadoop-ozone/ozonefs/target/test-dir/MiniOzoneClusterImpl-365ddf9a-ca2f-44b8-92d8-11996a9347f6/datanode-1/data/ratis/75c7f255-8395-447e-9f7b-be6cdc7ea34c: flushIndex: setUnconditionally 0 -> -1
2019-09-20 08:48:29,095 [pool-303-thread-1] INFO  server.RaftServerConfigKeys (ConfUtils.java:logGet(43)) - raft.server.snapshot.auto.trigger.enabled = true (custom)
2019-09-20 08:48:29,095 [pool-303-thread-1] INFO  server.RaftServerConfigKeys (ConfUtils.java:logGet(43)) - raft.server.snapshot.auto.trigger.threshold = 10000 (custom)
2019-09-20 08:48:29,095 [pool-303-thread-1] INFO  server.RaftServerConfigKeys (ConfUtils.java:logGet(43)) - raft.server.retrycache.expirytime = 600000ms (custom)
2019-09-20 08:48:29,095 [pool-303-thread-1] INFO  impl.RaftServerImpl (RaftServerImpl.java:start(180)) - 50467bd1-4195-43e4-a65a-2977ff96563d: start group-BE6CDC7EA34C
2019-09-20 08:48:29,095 [pool-303-thread-1] INFO  impl.RaftServerImpl (RaftServerImpl.java:setRole(171)) - 50467bd1-4195-43e4-a65a-2977ff96563d:group-BE6CDC7EA34C changes role from null to FOLLOWER at term 0 for startAsFollower
2019-09-20 08:48:29,095 [pool-303-thread-1] INFO  impl.RoleInfo (RoleInfo.java:updateAndGet(143)) - 50467bd1-4195-43e4-a65a-2977ff96563d: start FollowerState
2019-09-20 08:48:29,096 [pool-303-thread-1] INFO  util.JmxRegister (JmxRegister.java:tryRegister(44)) - Successfully registered JMX Bean with object name Ratis:service=RaftServer,group=group-BE6CDC7EA34C,id=50467bd1-4195-43e4-a65a-2977ff96563d
2019-09-20 08:48:29,098 [RatisPipelineUtilsThread] INFO  pipeline.PipelineStateManager (PipelineStateManager.java:addPipeline(56)) - Created pipeline Pipeline[ Id: 75c7f255-8395-447e-9f7b-be6cdc7ea34c, Nodes: 50467bd1-4195-43e4-a65a-2977ff96563d{ip: 192.168.36.79, host: pr-hdds-1569-s8kj2-2266485376, networkLocation: /default-rack, certSerialId: null}, Type:RATIS, Factor:ONE, State:OPEN]
2019-09-20 08:48:29,099 [RatisPipelineUtilsThread] INFO  pipeline.PipelinePlacementPolicy (PipelinePlacementPolicy.java:meetCriteria(91)) - Pipeline Placement: Doesn't meet the criteria to be viable node： 486e2aed-8ec4-48b5-a72d-4321926ba785 Heaviness: 6 limit: 5
2019-09-20 08:48:29,104 [grpc-default-executor-0] INFO  impl.RaftServerProxy (RaftServerProxy.java:addNew(89)) - 50467bd1-4195-43e4-a65a-2977ff96563d: addNew group-B05BFDB220DA:[50467bd1-4195-43e4-a65a-2977ff96563d:192.168.36.79:42155] returns group-B05BFDB220DA:java.util.concurrent.CompletableFuture@677db965[Not completed]
2019-09-20 08:48:29,105 [pool-303-thread-1] INFO  impl.RaftServerImpl (RaftServerImpl.java:<init>(93)) - 50467bd1-4195-43e4-a65a-2977ff96563d: new RaftServerImpl for group-B05BFDB220DA:[50467bd1-4195-43e4-a65a-2977ff96563d:192.168.36.79:42155] with ContainerStateMachine:uninitialized
2019-09-20 08:48:29,106 [pool-303-thread-1] INFO  server.RaftServerConfigKeys (ConfUtils.java:logGet(43)) - raft.server.rpc.timeout.min = 5s (custom)
2019-09-20 08:48:29,106 [pool-303-thread-1] INFO  server.RaftServerConfigKeys (ConfUtils.java:logGet(43)) - raft.server.rpc.timeout.max = 5200ms (custom)
2019-09-20 08:48:29,106 [pool-303-thread-1] INFO  server.RaftServerConfigKeys (ConfUtils.java:logGet(43)) - raft.server.rpcslowness.timeout = 120s (custom)
2019-09-20 08:48:29,106 [pool-303-thread-1] INFO  server.RaftServerConfigKeys (ConfUtils.java:logGet(43)) - raft.server.sleep.deviation.threshold = 300 (default)
2019-09-20 08:48:29,106 [pool-303-thread-1] INFO  server.RaftServerConfigKeys (ConfUtils.java:logGet(43)) - raft.server.log.appender.install.snapshot.enabled = false (custom)
2019-09-20 08:48:29,106 [pool-303-thread-1] INFO  impl.RaftServerImpl (ServerState.java:<init>(105)) - 50467bd1-4195-43e4-a65a-2977ff96563d:group-B05BFDB220DA ConfigurationManager, init=-1: [50467bd1-4195-43e4-a65a-2977ff96563d:192.168.36.79:42155], old=null, confs=<EMPTY_MAP>
2019-09-20 08:48:29,106 [pool-303-thread-1] INFO  server.RaftServerConfigKeys (ConfUtils.java:logGet(43)) - raft.server.storage.dir = [/workdir/hadoop-ozone/ozonefs/target/test-dir/MiniOzoneClusterImpl-365ddf9a-ca2f-44b8-92d8-11996a9347f6/datanode-1/data/ratis] (custom)
2019-09-20 08:48:29,107 [pool-303-thread-1] INFO  storage.RaftStorageDirectory (RaftStorageDirectory.java:analyzeStorage(246)) - The storage directory /workdir/hadoop-ozone/ozonefs/target/test-dir/MiniOzoneClusterImpl-365ddf9a-ca2f-44b8-92d8-11996a9347f6/datanode-1/data/ratis/0da42379-ceaf-4cc2-b4ef-b05bfdb220da does not exist. Creating ...
2019-09-20 08:48:29,131 [pool-303-thread-1] INFO  storage.RaftStorageDirectory (RaftStorageDirectory.java:tryLock(328)) - Lock on /workdir/hadoop-ozone/ozonefs/target/test-dir/MiniOzoneClusterImpl-365ddf9a-ca2f-44b8-92d8-11996a9347f6/datanode-1/data/ratis/0da42379-ceaf-4cc2-b4ef-b05bfdb220da/in_use.lock acquired by nodename 9421@pr-hdds-1569-s8kj2-2266485376
2019-09-20 08:48:29,156 [main] INFO  ozone.MiniOzoneClusterImpl (MiniOzoneClusterImpl.java:lambda$waitForClusterToBeReady$0(142)) - Waiting for cluster to be ready. Got 2 of 3 DN Heartbeats.
2019-09-20 08:48:29,156 [pool-303-thread-1] INFO  storage.RaftStorage (RaftStorage.java:format(72)) - Storage directory /workdir/hadoop-ozone/ozonefs/target/test-dir/MiniOzoneClusterImpl-365ddf9a-ca2f-44b8-92d8-11996a9347f6/datanode-1/data/ratis/0da42379-ceaf-4cc2-b4ef-b05bfdb220da has been successfully formatted.
2019-09-20 08:48:29,156 [IPC Server handler 2 on 42707] INFO  net.NetworkTopology (NetworkTopologyImpl.java:add(110)) - Added a new node: /default-rack/b42274c7-cf97-42f2-a751-e4dfd7f73713
2019-09-20 08:48:29,157 [pool-303-thread-1] INFO  ratis.ContainerStateMachine (ContainerStateMachine.java:loadSnapshot(226)) - group-B05BFDB220DA: The snapshot info is null. Setting the last applied indexto:(t:0, i:~)
2019-09-20 08:48:29,157 [IPC Server handler 2 on 42707] INFO  node.SCMNodeManager (SCMNodeManager.java:register(273)) - Registered Data node : b42274c7-cf97-42f2-a751-e4dfd7f73713{ip: 192.168.36.79, host: pr-hdds-1569-s8kj2-2266485376, networkLocation: /default-rack, certSerialId: null}
2019-09-20 08:48:29,157 [pool-303-thread-1] INFO  server.RaftServerConfigKeys (ConfUtils.java:logGet(43)) - raft.server.leader.election.timeout = 120s (custom)
2019-09-20 08:48:29,157 [pool-303-thread-1] INFO  server.RaftServerConfigKeys (ConfUtils.java:logGet(43)) - raft.server.log.use.memory = false (default)
2019-09-20 08:48:29,157 [pool-303-thread-1] INFO  server.RaftServerConfigKeys (ConfUtils.java:logGet(43)) - raft.server.log.purge.gap = 1000000 (custom)
2019-09-20 08:48:29,157 | INFO  | SCMAudit | user=jenkins1000 | ip=192.168.36.79 | op=REGISTER {datanodeDetails=b42274c7-cf97-42f2-a751-e4dfd7f73713{ip: 192.168.36.79, host: pr-hdds-1569-s8kj2-2266485376, networkLocation: /default-rack, certSerialId: null}} | ret=SUCCESS |  
2019-09-20 08:48:29,157 [pool-303-thread-1] INFO  server.RaftServerConfigKeys (ConfUtils.java:logGet(43)) - raft.server.log.appender.buffer.byte-limit = 33554432 (custom)
2019-09-20 08:48:29,157 [pool-303-thread-1] INFO  server.RaftServerConfigKeys (ConfUtils.java:logGet(43)) - raft.server.log.segment.size.max = 1048576 (custom)
2019-09-20 08:48:29,157 [pool-303-thread-1] INFO  server.RaftServerConfigKeys (ConfUtils.java:logGet(43)) - raft.server.log.segment.cache.num.max = 2 (custom)
2019-09-20 08:48:29,157 [pool-303-thread-1] INFO  segmented.SegmentedRaftLogWorker (SegmentedRaftLogWorker.java:<init>(172)) - new 50467bd1-4195-43e4-a65a-2977ff96563d-SegmentedRaftLogWorker:Storage Directory /workdir/hadoop-ozone/ozonefs/target/test-dir/MiniOzoneClusterImpl-365ddf9a-ca2f-44b8-92d8-11996a9347f6/datanode-1/data/ratis/0da42379-ceaf-4cc2-b4ef-b05bfdb220da for RaftStorage:Storage Directory /workdir/hadoop-ozone/ozonefs/target/test-dir/MiniOzoneClusterImpl-365ddf9a-ca2f-44b8-92d8-11996a9347f6/datanode-1/data/ratis/0da42379-ceaf-4cc2-b4ef-b05bfdb220da
2019-09-20 08:48:29,158 [pool-303-thread-1] INFO  server.RaftServerConfigKeys (ConfUtils.java:logGet(43)) - raft.server.log.queue.byte-limit = 2147483647 (custom)
2019-09-20 08:48:29,158 [pool-303-thread-1] INFO  server.RaftServerConfigKeys (ConfUtils.java:logGet(43)) - raft.server.log.queue.element-limit = 1024 (custom)
2019-09-20 08:48:29,158 [pool-303-thread-1] INFO  server.RaftServerConfigKeys (ConfUtils.java:logGet(43)) - raft.server.log.segment.size.max = 1048576 (custom)
2019-09-20 08:48:29,158 [pool-303-thread-1] INFO  server.RaftServerConfigKeys (ConfUtils.java:logGet(43)) - raft.server.log.preallocated.size = 16384 (custom)
2019-09-20 08:48:29,158 [pool-303-thread-1] INFO  server.RaftServerConfigKeys (ConfUtils.java:logGet(43)) - raft.server.log.write.buffer.size = 33554432 (custom)
2019-09-20 08:48:29,158 [pool-303-thread-1] INFO  server.RaftServerConfigKeys (ConfUtils.java:logGet(43)) - raft.server.log.force.sync.num = 128 (default)
2019-09-20 08:48:29,158 [pool-303-thread-1] INFO  server.RaftServerConfigKeys (ConfUtils.java:logGet(43)) - raft.server.log.statemachine.data.sync = true (default)
2019-09-20 08:48:29,158 [pool-303-thread-1] INFO  server.RaftServerConfigKeys (ConfUtils.java:logGet(43)) - raft.server.log.statemachine.data.sync.timeout = 10s (default)
2019-09-20 08:48:29,158 [pool-303-thread-1] INFO  server.RaftServerConfigKeys (ConfUtils.java:logGet(43)) - raft.server.log.statemachine.data.sync.timeout.retry = -1 (default)
2019-09-20 08:48:29,158 [pool-303-thread-1] INFO  server.RaftServerConfigKeys (ConfUtils.java:logGet(43)) - raft.server.log.statemachine.data.caching.enabled = true (custom)
2019-09-20 08:48:29,159 [pool-303-thread-1] INFO  segmented.SegmentedRaftLogWorker (SegmentedRaftLogWorker.java:lambda$new$0(132)) - 50467bd1-4195-43e4-a65a-2977ff96563d-SegmentedRaftLogWorker:Storage Directory /workdir/hadoop-ozone/ozonefs/target/test-dir/MiniOzoneClusterImpl-365ddf9a-ca2f-44b8-92d8-11996a9347f6/datanode-1/data/ratis/0da42379-ceaf-4cc2-b4ef-b05bfdb220da: flushIndex: setUnconditionally 0 -> -1
2019-09-20 08:48:29,159 [pool-303-thread-1] INFO  server.RaftServerConfigKeys (ConfUtils.java:logGet(43)) - raft.server.snapshot.auto.trigger.enabled = true (custom)
2019-09-20 08:48:29,159 [pool-303-thread-1] INFO  server.RaftServerConfigKeys (ConfUtils.java:logGet(43)) - raft.server.snapshot.auto.trigger.threshold = 10000 (custom)
2019-09-20 08:48:29,159 [pool-303-thread-1] INFO  server.RaftServerConfigKeys (ConfUtils.java:logGet(43)) - raft.server.retrycache.expirytime = 600000ms (custom)
2019-09-20 08:48:29,159 [pool-303-thread-1] INFO  impl.RaftServerImpl (RaftServerImpl.java:start(180)) - 50467bd1-4195-43e4-a65a-2977ff96563d: start group-B05BFDB220DA
2019-09-20 08:48:29,159 [pool-303-thread-1] INFO  impl.RaftServerImpl (RaftServerImpl.java:setRole(171)) - 50467bd1-4195-43e4-a65a-2977ff96563d:group-B05BFDB220DA changes role from null to FOLLOWER at term 0 for startAsFollower
2019-09-20 08:48:29,159 [pool-303-thread-1] INFO  impl.RoleInfo (RoleInfo.java:updateAndGet(143)) - 50467bd1-4195-43e4-a65a-2977ff96563d: start FollowerState
2019-09-20 08:48:29,160 [pool-303-thread-1] INFO  util.JmxRegister (JmxRegister.java:tryRegister(44)) - Successfully registered JMX Bean with object name Ratis:service=RaftServer,group=group-B05BFDB220DA,id=50467bd1-4195-43e4-a65a-2977ff96563d
2019-09-20 08:48:29,163 [RatisPipelineUtilsThread] INFO  pipeline.PipelineStateManager (PipelineStateManager.java:addPipeline(56)) - Created pipeline Pipeline[ Id: 0da42379-ceaf-4cc2-b4ef-b05bfdb220da, Nodes: 50467bd1-4195-43e4-a65a-2977ff96563d{ip: 192.168.36.79, host: pr-hdds-1569-s8kj2-2266485376, networkLocation: /default-rack, certSerialId: null}, Type:RATIS, Factor:ONE, State:OPEN]
2019-09-20 08:48:29,163 [RatisPipelineUtilsThread] INFO  pipeline.PipelinePlacementPolicy (PipelinePlacementPolicy.java:meetCriteria(91)) - Pipeline Placement: Doesn't meet the criteria to be viable node： 486e2aed-8ec4-48b5-a72d-4321926ba785 Heaviness: 6 limit: 5
2019-09-20 08:48:29,168 [grpc-default-executor-0] INFO  impl.RaftServerProxy (RaftServerProxy.java:addNew(89)) - 50467bd1-4195-43e4-a65a-2977ff96563d: addNew group-16BD2F4E23EF:[50467bd1-4195-43e4-a65a-2977ff96563d:192.168.36.79:42155] returns group-16BD2F4E23EF:java.util.concurrent.CompletableFuture@458fe2cf[Not completed]
2019-09-20 08:48:29,169 [pool-303-thread-1] INFO  impl.RaftServerImpl (RaftServerImpl.java:<init>(93)) - 50467bd1-4195-43e4-a65a-2977ff96563d: new RaftServerImpl for group-16BD2F4E23EF:[50467bd1-4195-43e4-a65a-2977ff96563d:192.168.36.79:42155] with ContainerStateMachine:uninitialized
2019-09-20 08:48:29,169 [pool-303-thread-1] INFO  server.RaftServerConfigKeys (ConfUtils.java:logGet(43)) - raft.server.rpc.timeout.min = 5s (custom)
2019-09-20 08:48:29,169 [pool-303-thread-1] INFO  server.RaftServerConfigKeys (ConfUtils.java:logGet(43)) - raft.server.rpc.timeout.max = 5200ms (custom)
2019-09-20 08:48:29,169 [pool-303-thread-1] INFO  server.RaftServerConfigKeys (ConfUtils.java:logGet(43)) - raft.server.rpcslowness.timeout = 120s (custom)
2019-09-20 08:48:29,170 [pool-303-thread-1] INFO  server.RaftServerConfigKeys (ConfUtils.java:logGet(43)) - raft.server.sleep.deviation.threshold = 300 (default)
2019-09-20 08:48:29,170 [pool-303-thread-1] INFO  server.RaftServerConfigKeys (ConfUtils.java:logGet(43)) - raft.server.log.appender.install.snapshot.enabled = false (custom)
2019-09-20 08:48:29,170 [pool-303-thread-1] INFO  impl.RaftServerImpl (ServerState.java:<init>(105)) - 50467bd1-4195-43e4-a65a-2977ff96563d:group-16BD2F4E23EF ConfigurationManager, init=-1: [50467bd1-4195-43e4-a65a-2977ff96563d:192.168.36.79:42155], old=null, confs=<EMPTY_MAP>
2019-09-20 08:48:29,170 [pool-303-thread-1] INFO  server.RaftServerConfigKeys (ConfUtils.java:logGet(43)) - raft.server.storage.dir = [/workdir/hadoop-ozone/ozonefs/target/test-dir/MiniOzoneClusterImpl-365ddf9a-ca2f-44b8-92d8-11996a9347f6/datanode-1/data/ratis] (custom)
2019-09-20 08:48:29,170 [pool-303-thread-1] INFO  storage.RaftStorageDirectory (RaftStorageDirectory.java:analyzeStorage(246)) - The storage directory /workdir/hadoop-ozone/ozonefs/target/test-dir/MiniOzoneClusterImpl-365ddf9a-ca2f-44b8-92d8-11996a9347f6/datanode-1/data/ratis/b623d578-b6f6-4a03-8807-16bd2f4e23ef does not exist. Creating ...
2019-09-20 08:48:29,198 [pool-303-thread-1] INFO  storage.RaftStorageDirectory (RaftStorageDirectory.java:tryLock(328)) - Lock on /workdir/hadoop-ozone/ozonefs/target/test-dir/MiniOzoneClusterImpl-365ddf9a-ca2f-44b8-92d8-11996a9347f6/datanode-1/data/ratis/b623d578-b6f6-4a03-8807-16bd2f4e23ef/in_use.lock acquired by nodename 9421@pr-hdds-1569-s8kj2-2266485376
2019-09-20 08:48:29,224 [pool-303-thread-1] INFO  storage.RaftStorage (RaftStorage.java:format(72)) - Storage directory /workdir/hadoop-ozone/ozonefs/target/test-dir/MiniOzoneClusterImpl-365ddf9a-ca2f-44b8-92d8-11996a9347f6/datanode-1/data/ratis/b623d578-b6f6-4a03-8807-16bd2f4e23ef has been successfully formatted.
2019-09-20 08:48:29,224 [pool-303-thread-1] INFO  ratis.ContainerStateMachine (ContainerStateMachine.java:loadSnapshot(226)) - group-16BD2F4E23EF: The snapshot info is null. Setting the last applied indexto:(t:0, i:~)
2019-09-20 08:48:29,224 [pool-303-thread-1] INFO  server.RaftServerConfigKeys (ConfUtils.java:logGet(43)) - raft.server.leader.election.timeout = 120s (custom)
2019-09-20 08:48:29,224 [pool-303-thread-1] INFO  server.RaftServerConfigKeys (ConfUtils.java:logGet(43)) - raft.server.log.use.memory = false (default)
2019-09-20 08:48:29,225 [pool-303-thread-1] INFO  server.RaftServerConfigKeys (ConfUtils.java:logGet(43)) - raft.server.log.purge.gap = 1000000 (custom)
2019-09-20 08:48:29,225 [pool-303-thread-1] INFO  server.RaftServerConfigKeys (ConfUtils.java:logGet(43)) - raft.server.log.appender.buffer.byte-limit = 33554432 (custom)
2019-09-20 08:48:29,225 [pool-303-thread-1] INFO  server.RaftServerConfigKeys (ConfUtils.java:logGet(43)) - raft.server.log.segment.size.max = 1048576 (custom)
2019-09-20 08:48:29,225 [pool-303-thread-1] INFO  server.RaftServerConfigKeys (ConfUtils.java:logGet(43)) - raft.server.log.segment.cache.num.max = 2 (custom)
2019-09-20 08:48:29,225 [pool-303-thread-1] INFO  segmented.SegmentedRaftLogWorker (SegmentedRaftLogWorker.java:<init>(172)) - new 50467bd1-4195-43e4-a65a-2977ff96563d-SegmentedRaftLogWorker:Storage Directory /workdir/hadoop-ozone/ozonefs/target/test-dir/MiniOzoneClusterImpl-365ddf9a-ca2f-44b8-92d8-11996a9347f6/datanode-1/data/ratis/b623d578-b6f6-4a03-8807-16bd2f4e23ef for RaftStorage:Storage Directory /workdir/hadoop-ozone/ozonefs/target/test-dir/MiniOzoneClusterImpl-365ddf9a-ca2f-44b8-92d8-11996a9347f6/datanode-1/data/ratis/b623d578-b6f6-4a03-8807-16bd2f4e23ef
2019-09-20 08:48:29,225 [pool-303-thread-1] INFO  server.RaftServerConfigKeys (ConfUtils.java:logGet(43)) - raft.server.log.queue.byte-limit = 2147483647 (custom)
2019-09-20 08:48:29,226 [pool-303-thread-1] INFO  server.RaftServerConfigKeys (ConfUtils.java:logGet(43)) - raft.server.log.queue.element-limit = 1024 (custom)
2019-09-20 08:48:29,226 [pool-303-thread-1] INFO  server.RaftServerConfigKeys (ConfUtils.java:logGet(43)) - raft.server.log.segment.size.max = 1048576 (custom)
2019-09-20 08:48:29,226 [pool-303-thread-1] INFO  server.RaftServerConfigKeys (ConfUtils.java:logGet(43)) - raft.server.log.preallocated.size = 16384 (custom)
2019-09-20 08:48:29,226 [pool-303-thread-1] INFO  server.RaftServerConfigKeys (ConfUtils.java:logGet(43)) - raft.server.log.write.buffer.size = 33554432 (custom)
2019-09-20 08:48:29,226 [pool-303-thread-1] INFO  server.RaftServerConfigKeys (ConfUtils.java:logGet(43)) - raft.server.log.force.sync.num = 128 (default)
2019-09-20 08:48:29,226 [pool-303-thread-1] INFO  server.RaftServerConfigKeys (ConfUtils.java:logGet(43)) - raft.server.log.statemachine.data.sync = true (default)
2019-09-20 08:48:29,226 [pool-303-thread-1] INFO  server.RaftServerConfigKeys (ConfUtils.java:logGet(43)) - raft.server.log.statemachine.data.sync.timeout = 10s (default)
2019-09-20 08:48:29,227 [pool-303-thread-1] INFO  server.RaftServerConfigKeys (ConfUtils.java:logGet(43)) - raft.server.log.statemachine.data.sync.timeout.retry = -1 (default)
2019-09-20 08:48:29,227 [pool-303-thread-1] INFO  server.RaftServerConfigKeys (ConfUtils.java:logGet(43)) - raft.server.log.statemachine.data.caching.enabled = true (custom)
2019-09-20 08:48:29,227 [pool-303-thread-1] INFO  segmented.SegmentedRaftLogWorker (SegmentedRaftLogWorker.java:lambda$new$0(132)) - 50467bd1-4195-43e4-a65a-2977ff96563d-SegmentedRaftLogWorker:Storage Directory /workdir/hadoop-ozone/ozonefs/target/test-dir/MiniOzoneClusterImpl-365ddf9a-ca2f-44b8-92d8-11996a9347f6/datanode-1/data/ratis/b623d578-b6f6-4a03-8807-16bd2f4e23ef: flushIndex: setUnconditionally 0 -> -1
2019-09-20 08:48:29,228 [pool-303-thread-1] INFO  server.RaftServerConfigKeys (ConfUtils.java:logGet(43)) - raft.server.snapshot.auto.trigger.enabled = true (custom)
2019-09-20 08:48:29,228 [pool-303-thread-1] INFO  server.RaftServerConfigKeys (ConfUtils.java:logGet(43)) - raft.server.snapshot.auto.trigger.threshold = 10000 (custom)
2019-09-20 08:48:29,228 [pool-303-thread-1] INFO  server.RaftServerConfigKeys (ConfUtils.java:logGet(43)) - raft.server.retrycache.expirytime = 600000ms (custom)
2019-09-20 08:48:29,228 [pool-303-thread-1] INFO  impl.RaftServerImpl (RaftServerImpl.java:start(180)) - 50467bd1-4195-43e4-a65a-2977ff96563d: start group-16BD2F4E23EF
2019-09-20 08:48:29,228 [pool-303-thread-1] INFO  impl.RaftServerImpl (RaftServerImpl.java:setRole(171)) - 50467bd1-4195-43e4-a65a-2977ff96563d:group-16BD2F4E23EF changes role from null to FOLLOWER at term 0 for startAsFollower
2019-09-20 08:48:29,228 [pool-303-thread-1] INFO  impl.RoleInfo (RoleInfo.java:updateAndGet(143)) - 50467bd1-4195-43e4-a65a-2977ff96563d: start FollowerState
2019-09-20 08:48:29,229 [pool-303-thread-1] INFO  util.JmxRegister (JmxRegister.java:tryRegister(44)) - Successfully registered JMX Bean with object name Ratis:service=RaftServer,group=group-16BD2F4E23EF,id=50467bd1-4195-43e4-a65a-2977ff96563d
2019-09-20 08:48:29,232 [RatisPipelineUtilsThread] INFO  pipeline.PipelineStateManager (PipelineStateManager.java:addPipeline(56)) - Created pipeline Pipeline[ Id: b623d578-b6f6-4a03-8807-16bd2f4e23ef, Nodes: 50467bd1-4195-43e4-a65a-2977ff96563d{ip: 192.168.36.79, host: pr-hdds-1569-s8kj2-2266485376, networkLocation: /default-rack, certSerialId: null}, Type:RATIS, Factor:ONE, State:OPEN]
2019-09-20 08:48:29,232 [RatisPipelineUtilsThread] INFO  pipeline.PipelinePlacementPolicy (PipelinePlacementPolicy.java:meetCriteria(91)) - Pipeline Placement: Doesn't meet the criteria to be viable node： 486e2aed-8ec4-48b5-a72d-4321926ba785 Heaviness: 6 limit: 5
2019-09-20 08:48:29,241 [grpc-default-executor-0] INFO  impl.RaftServerProxy (RaftServerProxy.java:addNew(89)) - b42274c7-cf97-42f2-a751-e4dfd7f73713: addNew group-7BDE35961E18:[b42274c7-cf97-42f2-a751-e4dfd7f73713:192.168.36.79:41526] returns group-7BDE35961E18:java.util.concurrent.CompletableFuture@37699840[Not completed]
2019-09-20 08:48:29,242 [pool-314-thread-1] INFO  impl.RaftServerImpl (RaftServerImpl.java:<init>(93)) - b42274c7-cf97-42f2-a751-e4dfd7f73713: new RaftServerImpl for group-7BDE35961E18:[b42274c7-cf97-42f2-a751-e4dfd7f73713:192.168.36.79:41526] with ContainerStateMachine:uninitialized
2019-09-20 08:48:29,242 [pool-314-thread-1] INFO  server.RaftServerConfigKeys (ConfUtils.java:logGet(43)) - raft.server.rpc.timeout.min = 5s (custom)
2019-09-20 08:48:29,242 [pool-314-thread-1] INFO  server.RaftServerConfigKeys (ConfUtils.java:logGet(43)) - raft.server.rpc.timeout.max = 5200ms (custom)
2019-09-20 08:48:29,243 [pool-314-thread-1] INFO  server.RaftServerConfigKeys (ConfUtils.java:logGet(43)) - raft.server.rpcslowness.timeout = 120s (custom)
2019-09-20 08:48:29,243 [pool-314-thread-1] INFO  server.RaftServerConfigKeys (ConfUtils.java:logGet(43)) - raft.server.sleep.deviation.threshold = 300 (default)
2019-09-20 08:48:29,243 [pool-314-thread-1] INFO  server.RaftServerConfigKeys (ConfUtils.java:logGet(43)) - raft.server.log.appender.install.snapshot.enabled = false (custom)
2019-09-20 08:48:29,243 [pool-314-thread-1] INFO  impl.RaftServerImpl (ServerState.java:<init>(105)) - b42274c7-cf97-42f2-a751-e4dfd7f73713:group-7BDE35961E18 ConfigurationManager, init=-1: [b42274c7-cf97-42f2-a751-e4dfd7f73713:192.168.36.79:41526], old=null, confs=<EMPTY_MAP>
2019-09-20 08:48:29,243 [pool-314-thread-1] INFO  server.RaftServerConfigKeys (ConfUtils.java:logGet(43)) - raft.server.storage.dir = [/workdir/hadoop-ozone/ozonefs/target/test-dir/MiniOzoneClusterImpl-365ddf9a-ca2f-44b8-92d8-11996a9347f6/datanode-2/data/ratis] (custom)
2019-09-20 08:48:29,243 [pool-314-thread-1] INFO  storage.RaftStorageDirectory (RaftStorageDirectory.java:analyzeStorage(246)) - The storage directory /workdir/hadoop-ozone/ozonefs/target/test-dir/MiniOzoneClusterImpl-365ddf9a-ca2f-44b8-92d8-11996a9347f6/datanode-2/data/ratis/a61bdb13-1c87-4b7a-bb53-7bde35961e18 does not exist. Creating ...
2019-09-20 08:48:29,266 [pool-314-thread-1] INFO  storage.RaftStorageDirectory (RaftStorageDirectory.java:tryLock(328)) - Lock on /workdir/hadoop-ozone/ozonefs/target/test-dir/MiniOzoneClusterImpl-365ddf9a-ca2f-44b8-92d8-11996a9347f6/datanode-2/data/ratis/a61bdb13-1c87-4b7a-bb53-7bde35961e18/in_use.lock acquired by nodename 9421@pr-hdds-1569-s8kj2-2266485376
2019-09-20 08:48:29,300 [pool-314-thread-1] INFO  storage.RaftStorage (RaftStorage.java:format(72)) - Storage directory /workdir/hadoop-ozone/ozonefs/target/test-dir/MiniOzoneClusterImpl-365ddf9a-ca2f-44b8-92d8-11996a9347f6/datanode-2/data/ratis/a61bdb13-1c87-4b7a-bb53-7bde35961e18 has been successfully formatted.
2019-09-20 08:48:29,301 [pool-314-thread-1] INFO  ratis.ContainerStateMachine (ContainerStateMachine.java:loadSnapshot(226)) - group-7BDE35961E18: The snapshot info is null. Setting the last applied indexto:(t:0, i:~)
2019-09-20 08:48:29,301 [pool-314-thread-1] INFO  server.RaftServerConfigKeys (ConfUtils.java:logGet(43)) - raft.server.leader.election.timeout = 120s (custom)
2019-09-20 08:48:29,301 [pool-314-thread-1] INFO  server.RaftServerConfigKeys (ConfUtils.java:logGet(43)) - raft.server.log.use.memory = false (default)
2019-09-20 08:48:29,301 [pool-314-thread-1] INFO  server.RaftServerConfigKeys (ConfUtils.java:logGet(43)) - raft.server.log.purge.gap = 1000000 (custom)
2019-09-20 08:48:29,301 [pool-314-thread-1] INFO  server.RaftServerConfigKeys (ConfUtils.java:logGet(43)) - raft.server.log.appender.buffer.byte-limit = 33554432 (custom)
2019-09-20 08:48:29,301 [pool-314-thread-1] INFO  server.RaftServerConfigKeys (ConfUtils.java:logGet(43)) - raft.server.log.segment.size.max = 1048576 (custom)
2019-09-20 08:48:29,302 [pool-314-thread-1] INFO  server.RaftServerConfigKeys (ConfUtils.java:logGet(43)) - raft.server.log.segment.cache.num.max = 2 (custom)
2019-09-20 08:48:29,302 [pool-314-thread-1] INFO  segmented.SegmentedRaftLogWorker (SegmentedRaftLogWorker.java:<init>(172)) - new b42274c7-cf97-42f2-a751-e4dfd7f73713-SegmentedRaftLogWorker:Storage Directory /workdir/hadoop-ozone/ozonefs/target/test-dir/MiniOzoneClusterImpl-365ddf9a-ca2f-44b8-92d8-11996a9347f6/datanode-2/data/ratis/a61bdb13-1c87-4b7a-bb53-7bde35961e18 for RaftStorage:Storage Directory /workdir/hadoop-ozone/ozonefs/target/test-dir/MiniOzoneClusterImpl-365ddf9a-ca2f-44b8-92d8-11996a9347f6/datanode-2/data/ratis/a61bdb13-1c87-4b7a-bb53-7bde35961e18
2019-09-20 08:48:29,302 [pool-314-thread-1] INFO  server.RaftServerConfigKeys (ConfUtils.java:logGet(43)) - raft.server.log.queue.byte-limit = 2147483647 (custom)
2019-09-20 08:48:29,302 [pool-314-thread-1] INFO  server.RaftServerConfigKeys (ConfUtils.java:logGet(43)) - raft.server.log.queue.element-limit = 1024 (custom)
2019-09-20 08:48:29,302 [pool-314-thread-1] INFO  server.RaftServerConfigKeys (ConfUtils.java:logGet(43)) - raft.server.log.segment.size.max = 1048576 (custom)
2019-09-20 08:48:29,302 [pool-314-thread-1] INFO  server.RaftServerConfigKeys (ConfUtils.java:logGet(43)) - raft.server.log.preallocated.size = 16384 (custom)
2019-09-20 08:48:29,303 [pool-314-thread-1] INFO  server.RaftServerConfigKeys (ConfUtils.java:logGet(43)) - raft.server.log.write.buffer.size = 33554432 (custom)
2019-09-20 08:48:29,303 [pool-314-thread-1] INFO  server.RaftServerConfigKeys (ConfUtils.java:logGet(43)) - raft.server.log.force.sync.num = 128 (default)
2019-09-20 08:48:29,303 [pool-314-thread-1] INFO  server.RaftServerConfigKeys (ConfUtils.java:logGet(43)) - raft.server.log.statemachine.data.sync = true (default)
2019-09-20 08:48:29,303 [pool-314-thread-1] INFO  server.RaftServerConfigKeys (ConfUtils.java:logGet(43)) - raft.server.log.statemachine.data.sync.timeout = 10s (default)
2019-09-20 08:48:29,303 [pool-314-thread-1] INFO  server.RaftServerConfigKeys (ConfUtils.java:logGet(43)) - raft.server.log.statemachine.data.sync.timeout.retry = -1 (default)
2019-09-20 08:48:29,303 [pool-314-thread-1] INFO  server.RaftServerConfigKeys (ConfUtils.java:logGet(43)) - raft.server.log.statemachine.data.caching.enabled = true (custom)
2019-09-20 08:48:29,303 [pool-314-thread-1] INFO  segmented.SegmentedRaftLogWorker (SegmentedRaftLogWorker.java:lambda$new$0(132)) - b42274c7-cf97-42f2-a751-e4dfd7f73713-SegmentedRaftLogWorker:Storage Directory /workdir/hadoop-ozone/ozonefs/target/test-dir/MiniOzoneClusterImpl-365ddf9a-ca2f-44b8-92d8-11996a9347f6/datanode-2/data/ratis/a61bdb13-1c87-4b7a-bb53-7bde35961e18: flushIndex: setUnconditionally 0 -> -1
2019-09-20 08:48:29,304 [pool-314-thread-1] INFO  server.RaftServerConfigKeys (ConfUtils.java:logGet(43)) - raft.server.snapshot.auto.trigger.enabled = true (custom)
2019-09-20 08:48:29,304 [pool-314-thread-1] INFO  server.RaftServerConfigKeys (ConfUtils.java:logGet(43)) - raft.server.snapshot.auto.trigger.threshold = 10000 (custom)
2019-09-20 08:48:29,304 [pool-314-thread-1] INFO  server.RaftServerConfigKeys (ConfUtils.java:logGet(43)) - raft.server.retrycache.expirytime = 600000ms (custom)
2019-09-20 08:48:29,304 [pool-314-thread-1] INFO  impl.RaftServerImpl (RaftServerImpl.java:start(180)) - b42274c7-cf97-42f2-a751-e4dfd7f73713: start group-7BDE35961E18
2019-09-20 08:48:29,304 [pool-314-thread-1] INFO  impl.RaftServerImpl (RaftServerImpl.java:setRole(171)) - b42274c7-cf97-42f2-a751-e4dfd7f73713:group-7BDE35961E18 changes role from null to FOLLOWER at term 0 for startAsFollower
2019-09-20 08:48:29,305 [pool-314-thread-1] INFO  impl.RoleInfo (RoleInfo.java:updateAndGet(143)) - b42274c7-cf97-42f2-a751-e4dfd7f73713: start FollowerState
2019-09-20 08:48:29,305 [pool-314-thread-1] INFO  util.JmxRegister (JmxRegister.java:tryRegister(44)) - Successfully registered JMX Bean with object name Ratis:service=RaftServer,group=group-7BDE35961E18,id=b42274c7-cf97-42f2-a751-e4dfd7f73713
2019-09-20 08:48:29,308 [RatisPipelineUtilsThread] INFO  pipeline.PipelineStateManager (PipelineStateManager.java:addPipeline(56)) - Created pipeline Pipeline[ Id: a61bdb13-1c87-4b7a-bb53-7bde35961e18, Nodes: b42274c7-cf97-42f2-a751-e4dfd7f73713{ip: 192.168.36.79, host: pr-hdds-1569-s8kj2-2266485376, networkLocation: /default-rack, certSerialId: null}, Type:RATIS, Factor:ONE, State:OPEN]
2019-09-20 08:48:29,308 [RatisPipelineUtilsThread] INFO  pipeline.PipelinePlacementPolicy (PipelinePlacementPolicy.java:meetCriteria(91)) - Pipeline Placement: Doesn't meet the criteria to be viable node： 486e2aed-8ec4-48b5-a72d-4321926ba785 Heaviness: 6 limit: 5
2019-09-20 08:48:29,314 [grpc-default-executor-0] INFO  impl.RaftServerProxy (RaftServerProxy.java:addNew(89)) - b42274c7-cf97-42f2-a751-e4dfd7f73713: addNew group-F7D787D6A3FA:[b42274c7-cf97-42f2-a751-e4dfd7f73713:192.168.36.79:41526] returns group-F7D787D6A3FA:java.util.concurrent.CompletableFuture@47a83ea[Not completed]
2019-09-20 08:48:29,315 [pool-314-thread-1] INFO  impl.RaftServerImpl (RaftServerImpl.java:<init>(93)) - b42274c7-cf97-42f2-a751-e4dfd7f73713: new RaftServerImpl for group-F7D787D6A3FA:[b42274c7-cf97-42f2-a751-e4dfd7f73713:192.168.36.79:41526] with ContainerStateMachine:uninitialized
2019-09-20 08:48:29,315 [pool-314-thread-1] INFO  server.RaftServerConfigKeys (ConfUtils.java:logGet(43)) - raft.server.rpc.timeout.min = 5s (custom)
2019-09-20 08:48:29,315 [pool-314-thread-1] INFO  server.RaftServerConfigKeys (ConfUtils.java:logGet(43)) - raft.server.rpc.timeout.max = 5200ms (custom)
2019-09-20 08:48:29,315 [pool-314-thread-1] INFO  server.RaftServerConfigKeys (ConfUtils.java:logGet(43)) - raft.server.rpcslowness.timeout = 120s (custom)
2019-09-20 08:48:29,315 [pool-314-thread-1] INFO  server.RaftServerConfigKeys (ConfUtils.java:logGet(43)) - raft.server.sleep.deviation.threshold = 300 (default)
2019-09-20 08:48:29,315 [pool-314-thread-1] INFO  server.RaftServerConfigKeys (ConfUtils.java:logGet(43)) - raft.server.log.appender.install.snapshot.enabled = false (custom)
2019-09-20 08:48:29,316 [pool-314-thread-1] INFO  impl.RaftServerImpl (ServerState.java:<init>(105)) - b42274c7-cf97-42f2-a751-e4dfd7f73713:group-F7D787D6A3FA ConfigurationManager, init=-1: [b42274c7-cf97-42f2-a751-e4dfd7f73713:192.168.36.79:41526], old=null, confs=<EMPTY_MAP>
2019-09-20 08:48:29,316 [pool-314-thread-1] INFO  server.RaftServerConfigKeys (ConfUtils.java:logGet(43)) - raft.server.storage.dir = [/workdir/hadoop-ozone/ozonefs/target/test-dir/MiniOzoneClusterImpl-365ddf9a-ca2f-44b8-92d8-11996a9347f6/datanode-2/data/ratis] (custom)
2019-09-20 08:48:29,316 [pool-314-thread-1] INFO  storage.RaftStorageDirectory (RaftStorageDirectory.java:analyzeStorage(246)) - The storage directory /workdir/hadoop-ozone/ozonefs/target/test-dir/MiniOzoneClusterImpl-365ddf9a-ca2f-44b8-92d8-11996a9347f6/datanode-2/data/ratis/f94e243f-82cc-48c8-a732-f7d787d6a3fa does not exist. Creating ...
2019-09-20 08:48:29,384 [pool-314-thread-1] INFO  storage.RaftStorageDirectory (RaftStorageDirectory.java:tryLock(328)) - Lock on /workdir/hadoop-ozone/ozonefs/target/test-dir/MiniOzoneClusterImpl-365ddf9a-ca2f-44b8-92d8-11996a9347f6/datanode-2/data/ratis/f94e243f-82cc-48c8-a732-f7d787d6a3fa/in_use.lock acquired by nodename 9421@pr-hdds-1569-s8kj2-2266485376
2019-09-20 08:48:29,409 [pool-314-thread-1] INFO  storage.RaftStorage (RaftStorage.java:format(72)) - Storage directory /workdir/hadoop-ozone/ozonefs/target/test-dir/MiniOzoneClusterImpl-365ddf9a-ca2f-44b8-92d8-11996a9347f6/datanode-2/data/ratis/f94e243f-82cc-48c8-a732-f7d787d6a3fa has been successfully formatted.
2019-09-20 08:48:29,410 [pool-314-thread-1] INFO  ratis.ContainerStateMachine (ContainerStateMachine.java:loadSnapshot(226)) - group-F7D787D6A3FA: The snapshot info is null. Setting the last applied indexto:(t:0, i:~)
2019-09-20 08:48:29,410 [pool-314-thread-1] INFO  server.RaftServerConfigKeys (ConfUtils.java:logGet(43)) - raft.server.leader.election.timeout = 120s (custom)
2019-09-20 08:48:29,410 [pool-314-thread-1] INFO  server.RaftServerConfigKeys (ConfUtils.java:logGet(43)) - raft.server.log.use.memory = false (default)
2019-09-20 08:48:29,410 [pool-314-thread-1] INFO  server.RaftServerConfigKeys (ConfUtils.java:logGet(43)) - raft.server.log.purge.gap = 1000000 (custom)
2019-09-20 08:48:29,410 [pool-314-thread-1] INFO  server.RaftServerConfigKeys (ConfUtils.java:logGet(43)) - raft.server.log.appender.buffer.byte-limit = 33554432 (custom)
2019-09-20 08:48:29,410 [pool-314-thread-1] INFO  server.RaftServerConfigKeys (ConfUtils.java:logGet(43)) - raft.server.log.segment.size.max = 1048576 (custom)
2019-09-20 08:48:29,410 [pool-314-thread-1] INFO  server.RaftServerConfigKeys (ConfUtils.java:logGet(43)) - raft.server.log.segment.cache.num.max = 2 (custom)
2019-09-20 08:48:29,410 [pool-314-thread-1] INFO  segmented.SegmentedRaftLogWorker (SegmentedRaftLogWorker.java:<init>(172)) - new b42274c7-cf97-42f2-a751-e4dfd7f73713-SegmentedRaftLogWorker:Storage Directory /workdir/hadoop-ozone/ozonefs/target/test-dir/MiniOzoneClusterImpl-365ddf9a-ca2f-44b8-92d8-11996a9347f6/datanode-2/data/ratis/f94e243f-82cc-48c8-a732-f7d787d6a3fa for RaftStorage:Storage Directory /workdir/hadoop-ozone/ozonefs/target/test-dir/MiniOzoneClusterImpl-365ddf9a-ca2f-44b8-92d8-11996a9347f6/datanode-2/data/ratis/f94e243f-82cc-48c8-a732-f7d787d6a3fa
2019-09-20 08:48:29,411 [pool-314-thread-1] INFO  server.RaftServerConfigKeys (ConfUtils.java:logGet(43)) - raft.server.log.queue.byte-limit = 2147483647 (custom)
2019-09-20 08:48:29,411 [pool-314-thread-1] INFO  server.RaftServerConfigKeys (ConfUtils.java:logGet(43)) - raft.server.log.queue.element-limit = 1024 (custom)
2019-09-20 08:48:29,411 [pool-314-thread-1] INFO  server.RaftServerConfigKeys (ConfUtils.java:logGet(43)) - raft.server.log.segment.size.max = 1048576 (custom)
2019-09-20 08:48:29,411 [pool-314-thread-1] INFO  server.RaftServerConfigKeys (ConfUtils.java:logGet(43)) - raft.server.log.preallocated.size = 16384 (custom)
2019-09-20 08:48:29,411 [pool-314-thread-1] INFO  server.RaftServerConfigKeys (ConfUtils.java:logGet(43)) - raft.server.log.write.buffer.size = 33554432 (custom)
2019-09-20 08:48:29,411 [pool-314-thread-1] INFO  server.RaftServerConfigKeys (ConfUtils.java:logGet(43)) - raft.server.log.force.sync.num = 128 (default)
2019-09-20 08:48:29,411 [pool-314-thread-1] INFO  server.RaftServerConfigKeys (ConfUtils.java:logGet(43)) - raft.server.log.statemachine.data.sync = true (default)
2019-09-20 08:48:29,411 [pool-314-thread-1] INFO  server.RaftServerConfigKeys (ConfUtils.java:logGet(43)) - raft.server.log.statemachine.data.sync.timeout = 10s (default)
2019-09-20 08:48:29,411 [pool-314-thread-1] INFO  server.RaftServerConfigKeys (ConfUtils.java:logGet(43)) - raft.server.log.statemachine.data.sync.timeout.retry = -1 (default)
2019-09-20 08:48:29,411 [pool-314-thread-1] INFO  server.RaftServerConfigKeys (ConfUtils.java:logGet(43)) - raft.server.log.statemachine.data.caching.enabled = true (custom)
2019-09-20 08:48:29,412 [pool-314-thread-1] INFO  segmented.SegmentedRaftLogWorker (SegmentedRaftLogWorker.java:lambda$new$0(132)) - b42274c7-cf97-42f2-a751-e4dfd7f73713-SegmentedRaftLogWorker:Storage Directory /workdir/hadoop-ozone/ozonefs/target/test-dir/MiniOzoneClusterImpl-365ddf9a-ca2f-44b8-92d8-11996a9347f6/datanode-2/data/ratis/f94e243f-82cc-48c8-a732-f7d787d6a3fa: flushIndex: setUnconditionally 0 -> -1
2019-09-20 08:48:29,412 [pool-314-thread-1] INFO  server.RaftServerConfigKeys (ConfUtils.java:logGet(43)) - raft.server.snapshot.auto.trigger.enabled = true (custom)
2019-09-20 08:48:29,412 [pool-314-thread-1] INFO  server.RaftServerConfigKeys (ConfUtils.java:logGet(43)) - raft.server.snapshot.auto.trigger.threshold = 10000 (custom)
2019-09-20 08:48:29,412 [pool-314-thread-1] INFO  server.RaftServerConfigKeys (ConfUtils.java:logGet(43)) - raft.server.retrycache.expirytime = 600000ms (custom)
2019-09-20 08:48:29,412 [pool-314-thread-1] INFO  impl.RaftServerImpl (RaftServerImpl.java:start(180)) - b42274c7-cf97-42f2-a751-e4dfd7f73713: start group-F7D787D6A3FA
2019-09-20 08:48:29,412 [pool-314-thread-1] INFO  impl.RaftServerImpl (RaftServerImpl.java:setRole(171)) - b42274c7-cf97-42f2-a751-e4dfd7f73713:group-F7D787D6A3FA changes role from null to FOLLOWER at term 0 for startAsFollower
2019-09-20 08:48:29,413 [pool-314-thread-1] INFO  impl.RoleInfo (RoleInfo.java:updateAndGet(143)) - b42274c7-cf97-42f2-a751-e4dfd7f73713: start FollowerState
2019-09-20 08:48:29,413 [pool-314-thread-1] INFO  util.JmxRegister (JmxRegister.java:tryRegister(44)) - Successfully registered JMX Bean with object name Ratis:service=RaftServer,group=group-F7D787D6A3FA,id=b42274c7-cf97-42f2-a751-e4dfd7f73713
2019-09-20 08:48:29,416 [RatisPipelineUtilsThread] INFO  pipeline.PipelineStateManager (PipelineStateManager.java:addPipeline(56)) - Created pipeline Pipeline[ Id: f94e243f-82cc-48c8-a732-f7d787d6a3fa, Nodes: b42274c7-cf97-42f2-a751-e4dfd7f73713{ip: 192.168.36.79, host: pr-hdds-1569-s8kj2-2266485376, networkLocation: /default-rack, certSerialId: null}, Type:RATIS, Factor:ONE, State:OPEN]
2019-09-20 08:48:29,417 [RatisPipelineUtilsThread] INFO  pipeline.PipelinePlacementPolicy (PipelinePlacementPolicy.java:meetCriteria(91)) - Pipeline Placement: Doesn't meet the criteria to be viable node： 486e2aed-8ec4-48b5-a72d-4321926ba785 Heaviness: 6 limit: 5
2019-09-20 08:48:29,423 [grpc-default-executor-0] INFO  impl.RaftServerProxy (RaftServerProxy.java:addNew(89)) - 50467bd1-4195-43e4-a65a-2977ff96563d: addNew group-762107294266:[50467bd1-4195-43e4-a65a-2977ff96563d:192.168.36.79:42155] returns group-762107294266:java.util.concurrent.CompletableFuture@1db52010[Not completed]
2019-09-20 08:48:29,424 [pool-303-thread-1] INFO  impl.RaftServerImpl (RaftServerImpl.java:<init>(93)) - 50467bd1-4195-43e4-a65a-2977ff96563d: new RaftServerImpl for group-762107294266:[50467bd1-4195-43e4-a65a-2977ff96563d:192.168.36.79:42155] with ContainerStateMachine:uninitialized
2019-09-20 08:48:29,424 [pool-303-thread-1] INFO  server.RaftServerConfigKeys (ConfUtils.java:logGet(43)) - raft.server.rpc.timeout.min = 5s (custom)
2019-09-20 08:48:29,424 [pool-303-thread-1] INFO  server.RaftServerConfigKeys (ConfUtils.java:logGet(43)) - raft.server.rpc.timeout.max = 5200ms (custom)
2019-09-20 08:48:29,424 [pool-303-thread-1] INFO  server.RaftServerConfigKeys (ConfUtils.java:logGet(43)) - raft.server.rpcslowness.timeout = 120s (custom)
2019-09-20 08:48:29,424 [pool-303-thread-1] INFO  server.RaftServerConfigKeys (ConfUtils.java:logGet(43)) - raft.server.sleep.deviation.threshold = 300 (default)
2019-09-20 08:48:29,424 [pool-303-thread-1] INFO  server.RaftServerConfigKeys (ConfUtils.java:logGet(43)) - raft.server.log.appender.install.snapshot.enabled = false (custom)
2019-09-20 08:48:29,424 [pool-303-thread-1] INFO  impl.RaftServerImpl (ServerState.java:<init>(105)) - 50467bd1-4195-43e4-a65a-2977ff96563d:group-762107294266 ConfigurationManager, init=-1: [50467bd1-4195-43e4-a65a-2977ff96563d:192.168.36.79:42155], old=null, confs=<EMPTY_MAP>
2019-09-20 08:48:29,424 [pool-303-thread-1] INFO  server.RaftServerConfigKeys (ConfUtils.java:logGet(43)) - raft.server.storage.dir = [/workdir/hadoop-ozone/ozonefs/target/test-dir/MiniOzoneClusterImpl-365ddf9a-ca2f-44b8-92d8-11996a9347f6/datanode-1/data/ratis] (custom)
2019-09-20 08:48:29,425 [pool-303-thread-1] INFO  storage.RaftStorageDirectory (RaftStorageDirectory.java:analyzeStorage(246)) - The storage directory /workdir/hadoop-ozone/ozonefs/target/test-dir/MiniOzoneClusterImpl-365ddf9a-ca2f-44b8-92d8-11996a9347f6/datanode-1/data/ratis/d358ce60-d1bc-4d1e-be33-762107294266 does not exist. Creating ...
2019-09-20 08:48:29,452 [pool-303-thread-1] INFO  storage.RaftStorageDirectory (RaftStorageDirectory.java:tryLock(328)) - Lock on /workdir/hadoop-ozone/ozonefs/target/test-dir/MiniOzoneClusterImpl-365ddf9a-ca2f-44b8-92d8-11996a9347f6/datanode-1/data/ratis/d358ce60-d1bc-4d1e-be33-762107294266/in_use.lock acquired by nodename 9421@pr-hdds-1569-s8kj2-2266485376
2019-09-20 08:48:29,477 [pool-303-thread-1] INFO  storage.RaftStorage (RaftStorage.java:format(72)) - Storage directory /workdir/hadoop-ozone/ozonefs/target/test-dir/MiniOzoneClusterImpl-365ddf9a-ca2f-44b8-92d8-11996a9347f6/datanode-1/data/ratis/d358ce60-d1bc-4d1e-be33-762107294266 has been successfully formatted.
2019-09-20 08:48:29,477 [pool-303-thread-1] INFO  ratis.ContainerStateMachine (ContainerStateMachine.java:loadSnapshot(226)) - group-762107294266: The snapshot info is null. Setting the last applied indexto:(t:0, i:~)
2019-09-20 08:48:29,477 [pool-303-thread-1] INFO  server.RaftServerConfigKeys (ConfUtils.java:logGet(43)) - raft.server.leader.election.timeout = 120s (custom)
2019-09-20 08:48:29,478 [pool-303-thread-1] INFO  server.RaftServerConfigKeys (ConfUtils.java:logGet(43)) - raft.server.log.use.memory = false (default)
2019-09-20 08:48:29,478 [pool-303-thread-1] INFO  server.RaftServerConfigKeys (ConfUtils.java:logGet(43)) - raft.server.log.purge.gap = 1000000 (custom)
2019-09-20 08:48:29,478 [pool-303-thread-1] INFO  server.RaftServerConfigKeys (ConfUtils.java:logGet(43)) - raft.server.log.appender.buffer.byte-limit = 33554432 (custom)
2019-09-20 08:48:29,478 [pool-303-thread-1] INFO  server.RaftServerConfigKeys (ConfUtils.java:logGet(43)) - raft.server.log.segment.size.max = 1048576 (custom)
2019-09-20 08:48:29,478 [pool-303-thread-1] INFO  server.RaftServerConfigKeys (ConfUtils.java:logGet(43)) - raft.server.log.segment.cache.num.max = 2 (custom)
2019-09-20 08:48:29,478 [pool-303-thread-1] INFO  segmented.SegmentedRaftLogWorker (SegmentedRaftLogWorker.java:<init>(172)) - new 50467bd1-4195-43e4-a65a-2977ff96563d-SegmentedRaftLogWorker:Storage Directory /workdir/hadoop-ozone/ozonefs/target/test-dir/MiniOzoneClusterImpl-365ddf9a-ca2f-44b8-92d8-11996a9347f6/datanode-1/data/ratis/d358ce60-d1bc-4d1e-be33-762107294266 for RaftStorage:Storage Directory /workdir/hadoop-ozone/ozonefs/target/test-dir/MiniOzoneClusterImpl-365ddf9a-ca2f-44b8-92d8-11996a9347f6/datanode-1/data/ratis/d358ce60-d1bc-4d1e-be33-762107294266
2019-09-20 08:48:29,479 [pool-303-thread-1] INFO  server.RaftServerConfigKeys (ConfUtils.java:logGet(43)) - raft.server.log.queue.byte-limit = 2147483647 (custom)
2019-09-20 08:48:29,479 [pool-303-thread-1] INFO  server.RaftServerConfigKeys (ConfUtils.java:logGet(43)) - raft.server.log.queue.element-limit = 1024 (custom)
2019-09-20 08:48:29,479 [pool-303-thread-1] INFO  server.RaftServerConfigKeys (ConfUtils.java:logGet(43)) - raft.server.log.segment.size.max = 1048576 (custom)
2019-09-20 08:48:29,479 [pool-303-thread-1] INFO  server.RaftServerConfigKeys (ConfUtils.java:logGet(43)) - raft.server.log.preallocated.size = 16384 (custom)
2019-09-20 08:48:29,479 [pool-303-thread-1] INFO  server.RaftServerConfigKeys (ConfUtils.java:logGet(43)) - raft.server.log.write.buffer.size = 33554432 (custom)
2019-09-20 08:48:29,479 [pool-303-thread-1] INFO  server.RaftServerConfigKeys (ConfUtils.java:logGet(43)) - raft.server.log.force.sync.num = 128 (default)
2019-09-20 08:48:29,479 [pool-303-thread-1] INFO  server.RaftServerConfigKeys (ConfUtils.java:logGet(43)) - raft.server.log.statemachine.data.sync = true (default)
2019-09-20 08:48:29,480 [pool-303-thread-1] INFO  server.RaftServerConfigKeys (ConfUtils.java:logGet(43)) - raft.server.log.statemachine.data.sync.timeout = 10s (default)
2019-09-20 08:48:29,480 [pool-303-thread-1] INFO  server.RaftServerConfigKeys (ConfUtils.java:logGet(43)) - raft.server.log.statemachine.data.sync.timeout.retry = -1 (default)
2019-09-20 08:48:29,480 [pool-303-thread-1] INFO  server.RaftServerConfigKeys (ConfUtils.java:logGet(43)) - raft.server.log.statemachine.data.caching.enabled = true (custom)
2019-09-20 08:48:29,480 [pool-303-thread-1] INFO  segmented.SegmentedRaftLogWorker (SegmentedRaftLogWorker.java:lambda$new$0(132)) - 50467bd1-4195-43e4-a65a-2977ff96563d-SegmentedRaftLogWorker:Storage Directory /workdir/hadoop-ozone/ozonefs/target/test-dir/MiniOzoneClusterImpl-365ddf9a-ca2f-44b8-92d8-11996a9347f6/datanode-1/data/ratis/d358ce60-d1bc-4d1e-be33-762107294266: flushIndex: setUnconditionally 0 -> -1
2019-09-20 08:48:29,481 [pool-303-thread-1] INFO  server.RaftServerConfigKeys (ConfUtils.java:logGet(43)) - raft.server.snapshot.auto.trigger.enabled = true (custom)
2019-09-20 08:48:29,481 [pool-303-thread-1] INFO  server.RaftServerConfigKeys (ConfUtils.java:logGet(43)) - raft.server.snapshot.auto.trigger.threshold = 10000 (custom)
2019-09-20 08:48:29,481 [pool-303-thread-1] INFO  server.RaftServerConfigKeys (ConfUtils.java:logGet(43)) - raft.server.retrycache.expirytime = 600000ms (custom)
2019-09-20 08:48:29,481 [pool-303-thread-1] INFO  impl.RaftServerImpl (RaftServerImpl.java:start(180)) - 50467bd1-4195-43e4-a65a-2977ff96563d: start group-762107294266
2019-09-20 08:48:29,481 [pool-303-thread-1] INFO  impl.RaftServerImpl (RaftServerImpl.java:setRole(171)) - 50467bd1-4195-43e4-a65a-2977ff96563d:group-762107294266 changes role from null to FOLLOWER at term 0 for startAsFollower
2019-09-20 08:48:29,481 [pool-303-thread-1] INFO  impl.RoleInfo (RoleInfo.java:updateAndGet(143)) - 50467bd1-4195-43e4-a65a-2977ff96563d: start FollowerState
2019-09-20 08:48:29,482 [pool-303-thread-1] INFO  util.JmxRegister (JmxRegister.java:tryRegister(44)) - Successfully registered JMX Bean with object name Ratis:service=RaftServer,group=group-762107294266,id=50467bd1-4195-43e4-a65a-2977ff96563d
2019-09-20 08:48:29,484 [RatisPipelineUtilsThread] INFO  pipeline.PipelineStateManager (PipelineStateManager.java:addPipeline(56)) - Created pipeline Pipeline[ Id: d358ce60-d1bc-4d1e-be33-762107294266, Nodes: 50467bd1-4195-43e4-a65a-2977ff96563d{ip: 192.168.36.79, host: pr-hdds-1569-s8kj2-2266485376, networkLocation: /default-rack, certSerialId: null}, Type:RATIS, Factor:ONE, State:OPEN]
2019-09-20 08:48:29,485 [RatisPipelineUtilsThread] INFO  pipeline.PipelinePlacementPolicy (PipelinePlacementPolicy.java:meetCriteria(91)) - Pipeline Placement: Doesn't meet the criteria to be viable node： 486e2aed-8ec4-48b5-a72d-4321926ba785 Heaviness: 6 limit: 5
2019-09-20 08:48:29,490 [grpc-default-executor-0] INFO  impl.RaftServerProxy (RaftServerProxy.java:addNew(89)) - b42274c7-cf97-42f2-a751-e4dfd7f73713: addNew group-838FE88CE757:[b42274c7-cf97-42f2-a751-e4dfd7f73713:192.168.36.79:41526] returns group-838FE88CE757:java.util.concurrent.CompletableFuture@14fcf5b3[Not completed]
2019-09-20 08:48:29,492 [pool-314-thread-1] INFO  impl.RaftServerImpl (RaftServerImpl.java:<init>(93)) - b42274c7-cf97-42f2-a751-e4dfd7f73713: new RaftServerImpl for group-838FE88CE757:[b42274c7-cf97-42f2-a751-e4dfd7f73713:192.168.36.79:41526] with ContainerStateMachine:uninitialized
2019-09-20 08:48:29,492 [pool-314-thread-1] INFO  server.RaftServerConfigKeys (ConfUtils.java:logGet(43)) - raft.server.rpc.timeout.min = 5s (custom)
2019-09-20 08:48:29,492 [pool-314-thread-1] INFO  server.RaftServerConfigKeys (ConfUtils.java:logGet(43)) - raft.server.rpc.timeout.max = 5200ms (custom)
2019-09-20 08:48:29,492 [pool-314-thread-1] INFO  server.RaftServerConfigKeys (ConfUtils.java:logGet(43)) - raft.server.rpcslowness.timeout = 120s (custom)
2019-09-20 08:48:29,492 [pool-314-thread-1] INFO  server.RaftServerConfigKeys (ConfUtils.java:logGet(43)) - raft.server.sleep.deviation.threshold = 300 (default)
2019-09-20 08:48:29,492 [pool-314-thread-1] INFO  server.RaftServerConfigKeys (ConfUtils.java:logGet(43)) - raft.server.log.appender.install.snapshot.enabled = false (custom)
2019-09-20 08:48:29,493 [pool-314-thread-1] INFO  impl.RaftServerImpl (ServerState.java:<init>(105)) - b42274c7-cf97-42f2-a751-e4dfd7f73713:group-838FE88CE757 ConfigurationManager, init=-1: [b42274c7-cf97-42f2-a751-e4dfd7f73713:192.168.36.79:41526], old=null, confs=<EMPTY_MAP>
2019-09-20 08:48:29,493 [pool-314-thread-1] INFO  server.RaftServerConfigKeys (ConfUtils.java:logGet(43)) - raft.server.storage.dir = [/workdir/hadoop-ozone/ozonefs/target/test-dir/MiniOzoneClusterImpl-365ddf9a-ca2f-44b8-92d8-11996a9347f6/datanode-2/data/ratis] (custom)
2019-09-20 08:48:29,493 [pool-314-thread-1] INFO  storage.RaftStorageDirectory (RaftStorageDirectory.java:analyzeStorage(246)) - The storage directory /workdir/hadoop-ozone/ozonefs/target/test-dir/MiniOzoneClusterImpl-365ddf9a-ca2f-44b8-92d8-11996a9347f6/datanode-2/data/ratis/95e659c7-b71d-4268-ae64-838fe88ce757 does not exist. Creating ...
2019-09-20 08:48:29,519 [pool-314-thread-1] INFO  storage.RaftStorageDirectory (RaftStorageDirectory.java:tryLock(328)) - Lock on /workdir/hadoop-ozone/ozonefs/target/test-dir/MiniOzoneClusterImpl-365ddf9a-ca2f-44b8-92d8-11996a9347f6/datanode-2/data/ratis/95e659c7-b71d-4268-ae64-838fe88ce757/in_use.lock acquired by nodename 9421@pr-hdds-1569-s8kj2-2266485376
2019-09-20 08:48:29,594 [pool-314-thread-1] INFO  storage.RaftStorage (RaftStorage.java:format(72)) - Storage directory /workdir/hadoop-ozone/ozonefs/target/test-dir/MiniOzoneClusterImpl-365ddf9a-ca2f-44b8-92d8-11996a9347f6/datanode-2/data/ratis/95e659c7-b71d-4268-ae64-838fe88ce757 has been successfully formatted.
2019-09-20 08:48:29,595 [pool-314-thread-1] INFO  ratis.ContainerStateMachine (ContainerStateMachine.java:loadSnapshot(226)) - group-838FE88CE757: The snapshot info is null. Setting the last applied indexto:(t:0, i:~)
2019-09-20 08:48:29,595 [pool-314-thread-1] INFO  server.RaftServerConfigKeys (ConfUtils.java:logGet(43)) - raft.server.leader.election.timeout = 120s (custom)
2019-09-20 08:48:29,595 [pool-314-thread-1] INFO  server.RaftServerConfigKeys (ConfUtils.java:logGet(43)) - raft.server.log.use.memory = false (default)
2019-09-20 08:48:29,595 [pool-314-thread-1] INFO  server.RaftServerConfigKeys (ConfUtils.java:logGet(43)) - raft.server.log.purge.gap = 1000000 (custom)
2019-09-20 08:48:29,595 [pool-314-thread-1] INFO  server.RaftServerConfigKeys (ConfUtils.java:logGet(43)) - raft.server.log.appender.buffer.byte-limit = 33554432 (custom)
2019-09-20 08:48:29,595 [pool-314-thread-1] INFO  server.RaftServerConfigKeys (ConfUtils.java:logGet(43)) - raft.server.log.segment.size.max = 1048576 (custom)
2019-09-20 08:48:29,595 [pool-314-thread-1] INFO  server.RaftServerConfigKeys (ConfUtils.java:logGet(43)) - raft.server.log.segment.cache.num.max = 2 (custom)
2019-09-20 08:48:29,596 [pool-314-thread-1] INFO  segmented.SegmentedRaftLogWorker (SegmentedRaftLogWorker.java:<init>(172)) - new b42274c7-cf97-42f2-a751-e4dfd7f73713-SegmentedRaftLogWorker:Storage Directory /workdir/hadoop-ozone/ozonefs/target/test-dir/MiniOzoneClusterImpl-365ddf9a-ca2f-44b8-92d8-11996a9347f6/datanode-2/data/ratis/95e659c7-b71d-4268-ae64-838fe88ce757 for RaftStorage:Storage Directory /workdir/hadoop-ozone/ozonefs/target/test-dir/MiniOzoneClusterImpl-365ddf9a-ca2f-44b8-92d8-11996a9347f6/datanode-2/data/ratis/95e659c7-b71d-4268-ae64-838fe88ce757
2019-09-20 08:48:29,596 [pool-314-thread-1] INFO  server.RaftServerConfigKeys (ConfUtils.java:logGet(43)) - raft.server.log.queue.byte-limit = 2147483647 (custom)
2019-09-20 08:48:29,596 [pool-314-thread-1] INFO  server.RaftServerConfigKeys (ConfUtils.java:logGet(43)) - raft.server.log.queue.element-limit = 1024 (custom)
2019-09-20 08:48:29,596 [pool-314-thread-1] INFO  server.RaftServerConfigKeys (ConfUtils.java:logGet(43)) - raft.server.log.segment.size.max = 1048576 (custom)
2019-09-20 08:48:29,596 [pool-314-thread-1] INFO  server.RaftServerConfigKeys (ConfUtils.java:logGet(43)) - raft.server.log.preallocated.size = 16384 (custom)
2019-09-20 08:48:29,596 [pool-314-thread-1] INFO  server.RaftServerConfigKeys (ConfUtils.java:logGet(43)) - raft.server.log.write.buffer.size = 33554432 (custom)
2019-09-20 08:48:29,596 [pool-314-thread-1] INFO  server.RaftServerConfigKeys (ConfUtils.java:logGet(43)) - raft.server.log.force.sync.num = 128 (default)
2019-09-20 08:48:29,596 [pool-314-thread-1] INFO  server.RaftServerConfigKeys (ConfUtils.java:logGet(43)) - raft.server.log.statemachine.data.sync = true (default)
2019-09-20 08:48:29,596 [pool-314-thread-1] INFO  server.RaftServerConfigKeys (ConfUtils.java:logGet(43)) - raft.server.log.statemachine.data.sync.timeout = 10s (default)
2019-09-20 08:48:29,596 [pool-314-thread-1] INFO  server.RaftServerConfigKeys (ConfUtils.java:logGet(43)) - raft.server.log.statemachine.data.sync.timeout.retry = -1 (default)
2019-09-20 08:48:29,597 [pool-314-thread-1] INFO  server.RaftServerConfigKeys (ConfUtils.java:logGet(43)) - raft.server.log.statemachine.data.caching.enabled = true (custom)
2019-09-20 08:48:29,597 [pool-314-thread-1] INFO  segmented.SegmentedRaftLogWorker (SegmentedRaftLogWorker.java:lambda$new$0(132)) - b42274c7-cf97-42f2-a751-e4dfd7f73713-SegmentedRaftLogWorker:Storage Directory /workdir/hadoop-ozone/ozonefs/target/test-dir/MiniOzoneClusterImpl-365ddf9a-ca2f-44b8-92d8-11996a9347f6/datanode-2/data/ratis/95e659c7-b71d-4268-ae64-838fe88ce757: flushIndex: setUnconditionally 0 -> -1
2019-09-20 08:48:29,597 [pool-314-thread-1] INFO  server.RaftServerConfigKeys (ConfUtils.java:logGet(43)) - raft.server.snapshot.auto.trigger.enabled = true (custom)
2019-09-20 08:48:29,597 [pool-314-thread-1] INFO  server.RaftServerConfigKeys (ConfUtils.java:logGet(43)) - raft.server.snapshot.auto.trigger.threshold = 10000 (custom)
2019-09-20 08:48:29,597 [pool-314-thread-1] INFO  server.RaftServerConfigKeys (ConfUtils.java:logGet(43)) - raft.server.retrycache.expirytime = 600000ms (custom)
2019-09-20 08:48:29,597 [pool-314-thread-1] INFO  impl.RaftServerImpl (RaftServerImpl.java:start(180)) - b42274c7-cf97-42f2-a751-e4dfd7f73713: start group-838FE88CE757
2019-09-20 08:48:29,598 [pool-314-thread-1] INFO  impl.RaftServerImpl (RaftServerImpl.java:setRole(171)) - b42274c7-cf97-42f2-a751-e4dfd7f73713:group-838FE88CE757 changes role from null to FOLLOWER at term 0 for startAsFollower
2019-09-20 08:48:29,598 [pool-314-thread-1] INFO  impl.RoleInfo (RoleInfo.java:updateAndGet(143)) - b42274c7-cf97-42f2-a751-e4dfd7f73713: start FollowerState
2019-09-20 08:48:29,598 [pool-314-thread-1] INFO  util.JmxRegister (JmxRegister.java:tryRegister(44)) - Successfully registered JMX Bean with object name Ratis:service=RaftServer,group=group-838FE88CE757,id=b42274c7-cf97-42f2-a751-e4dfd7f73713
2019-09-20 08:48:29,601 [RatisPipelineUtilsThread] INFO  pipeline.PipelineStateManager (PipelineStateManager.java:addPipeline(56)) - Created pipeline Pipeline[ Id: 95e659c7-b71d-4268-ae64-838fe88ce757, Nodes: b42274c7-cf97-42f2-a751-e4dfd7f73713{ip: 192.168.36.79, host: pr-hdds-1569-s8kj2-2266485376, networkLocation: /default-rack, certSerialId: null}, Type:RATIS, Factor:ONE, State:OPEN]
2019-09-20 08:48:29,601 [RatisPipelineUtilsThread] INFO  pipeline.PipelinePlacementPolicy (PipelinePlacementPolicy.java:meetCriteria(91)) - Pipeline Placement: Doesn't meet the criteria to be viable node： 486e2aed-8ec4-48b5-a72d-4321926ba785 Heaviness: 6 limit: 5
2019-09-20 08:48:29,607 [grpc-default-executor-0] INFO  impl.RaftServerProxy (RaftServerProxy.java:addNew(89)) - 50467bd1-4195-43e4-a65a-2977ff96563d: addNew group-3ABF9DBB5AF0:[50467bd1-4195-43e4-a65a-2977ff96563d:192.168.36.79:42155] returns group-3ABF9DBB5AF0:java.util.concurrent.CompletableFuture@6eaecb72[Not completed]
2019-09-20 08:48:29,608 [pool-303-thread-1] INFO  impl.RaftServerImpl (RaftServerImpl.java:<init>(93)) - 50467bd1-4195-43e4-a65a-2977ff96563d: new RaftServerImpl for group-3ABF9DBB5AF0:[50467bd1-4195-43e4-a65a-2977ff96563d:192.168.36.79:42155] with ContainerStateMachine:uninitialized
2019-09-20 08:48:29,608 [pool-303-thread-1] INFO  server.RaftServerConfigKeys (ConfUtils.java:logGet(43)) - raft.server.rpc.timeout.min = 5s (custom)
2019-09-20 08:48:29,608 [pool-303-thread-1] INFO  server.RaftServerConfigKeys (ConfUtils.java:logGet(43)) - raft.server.rpc.timeout.max = 5200ms (custom)
2019-09-20 08:48:29,608 [pool-303-thread-1] INFO  server.RaftServerConfigKeys (ConfUtils.java:logGet(43)) - raft.server.rpcslowness.timeout = 120s (custom)
2019-09-20 08:48:29,608 [pool-303-thread-1] INFO  server.RaftServerConfigKeys (ConfUtils.java:logGet(43)) - raft.server.sleep.deviation.threshold = 300 (default)
2019-09-20 08:48:29,608 [pool-303-thread-1] INFO  server.RaftServerConfigKeys (ConfUtils.java:logGet(43)) - raft.server.log.appender.install.snapshot.enabled = false (custom)
2019-09-20 08:48:29,609 [pool-303-thread-1] INFO  impl.RaftServerImpl (ServerState.java:<init>(105)) - 50467bd1-4195-43e4-a65a-2977ff96563d:group-3ABF9DBB5AF0 ConfigurationManager, init=-1: [50467bd1-4195-43e4-a65a-2977ff96563d:192.168.36.79:42155], old=null, confs=<EMPTY_MAP>
2019-09-20 08:48:29,609 [pool-303-thread-1] INFO  server.RaftServerConfigKeys (ConfUtils.java:logGet(43)) - raft.server.storage.dir = [/workdir/hadoop-ozone/ozonefs/target/test-dir/MiniOzoneClusterImpl-365ddf9a-ca2f-44b8-92d8-11996a9347f6/datanode-1/data/ratis] (custom)
2019-09-20 08:48:29,609 [pool-303-thread-1] INFO  storage.RaftStorageDirectory (RaftStorageDirectory.java:analyzeStorage(246)) - The storage directory /workdir/hadoop-ozone/ozonefs/target/test-dir/MiniOzoneClusterImpl-365ddf9a-ca2f-44b8-92d8-11996a9347f6/datanode-1/data/ratis/2a38d1f5-a5b5-4a8a-a1e5-3abf9dbb5af0 does not exist. Creating ...
2019-09-20 08:48:29,628 [pool-303-thread-1] INFO  storage.RaftStorageDirectory (RaftStorageDirectory.java:tryLock(328)) - Lock on /workdir/hadoop-ozone/ozonefs/target/test-dir/MiniOzoneClusterImpl-365ddf9a-ca2f-44b8-92d8-11996a9347f6/datanode-1/data/ratis/2a38d1f5-a5b5-4a8a-a1e5-3abf9dbb5af0/in_use.lock acquired by nodename 9421@pr-hdds-1569-s8kj2-2266485376
2019-09-20 08:48:29,645 [pool-303-thread-1] INFO  storage.RaftStorage (RaftStorage.java:format(72)) - Storage directory /workdir/hadoop-ozone/ozonefs/target/test-dir/MiniOzoneClusterImpl-365ddf9a-ca2f-44b8-92d8-11996a9347f6/datanode-1/data/ratis/2a38d1f5-a5b5-4a8a-a1e5-3abf9dbb5af0 has been successfully formatted.
2019-09-20 08:48:29,645 [pool-303-thread-1] INFO  ratis.ContainerStateMachine (ContainerStateMachine.java:loadSnapshot(226)) - group-3ABF9DBB5AF0: The snapshot info is null. Setting the last applied indexto:(t:0, i:~)
2019-09-20 08:48:29,646 [pool-303-thread-1] INFO  server.RaftServerConfigKeys (ConfUtils.java:logGet(43)) - raft.server.leader.election.timeout = 120s (custom)
2019-09-20 08:48:29,646 [pool-303-thread-1] INFO  server.RaftServerConfigKeys (ConfUtils.java:logGet(43)) - raft.server.log.use.memory = false (default)
2019-09-20 08:48:29,646 [pool-303-thread-1] INFO  server.RaftServerConfigKeys (ConfUtils.java:logGet(43)) - raft.server.log.purge.gap = 1000000 (custom)
2019-09-20 08:48:29,646 [pool-303-thread-1] INFO  server.RaftServerConfigKeys (ConfUtils.java:logGet(43)) - raft.server.log.appender.buffer.byte-limit = 33554432 (custom)
2019-09-20 08:48:29,646 [pool-303-thread-1] INFO  server.RaftServerConfigKeys (ConfUtils.java:logGet(43)) - raft.server.log.segment.size.max = 1048576 (custom)
2019-09-20 08:48:29,646 [pool-303-thread-1] INFO  server.RaftServerConfigKeys (ConfUtils.java:logGet(43)) - raft.server.log.segment.cache.num.max = 2 (custom)
2019-09-20 08:48:29,646 [pool-303-thread-1] INFO  segmented.SegmentedRaftLogWorker (SegmentedRaftLogWorker.java:<init>(172)) - new 50467bd1-4195-43e4-a65a-2977ff96563d-SegmentedRaftLogWorker:Storage Directory /workdir/hadoop-ozone/ozonefs/target/test-dir/MiniOzoneClusterImpl-365ddf9a-ca2f-44b8-92d8-11996a9347f6/datanode-1/data/ratis/2a38d1f5-a5b5-4a8a-a1e5-3abf9dbb5af0 for RaftStorage:Storage Directory /workdir/hadoop-ozone/ozonefs/target/test-dir/MiniOzoneClusterImpl-365ddf9a-ca2f-44b8-92d8-11996a9347f6/datanode-1/data/ratis/2a38d1f5-a5b5-4a8a-a1e5-3abf9dbb5af0
2019-09-20 08:48:29,647 [pool-303-thread-1] INFO  server.RaftServerConfigKeys (ConfUtils.java:logGet(43)) - raft.server.log.queue.byte-limit = 2147483647 (custom)
2019-09-20 08:48:29,647 [pool-303-thread-1] INFO  server.RaftServerConfigKeys (ConfUtils.java:logGet(43)) - raft.server.log.queue.element-limit = 1024 (custom)
2019-09-20 08:48:29,647 [pool-303-thread-1] INFO  server.RaftServerConfigKeys (ConfUtils.java:logGet(43)) - raft.server.log.segment.size.max = 1048576 (custom)
2019-09-20 08:48:29,647 [pool-303-thread-1] INFO  server.RaftServerConfigKeys (ConfUtils.java:logGet(43)) - raft.server.log.preallocated.size = 16384 (custom)
2019-09-20 08:48:29,647 [pool-303-thread-1] INFO  server.RaftServerConfigKeys (ConfUtils.java:logGet(43)) - raft.server.log.write.buffer.size = 33554432 (custom)
2019-09-20 08:48:29,647 [pool-303-thread-1] INFO  server.RaftServerConfigKeys (ConfUtils.java:logGet(43)) - raft.server.log.force.sync.num = 128 (default)
2019-09-20 08:48:29,647 [pool-303-thread-1] INFO  server.RaftServerConfigKeys (ConfUtils.java:logGet(43)) - raft.server.log.statemachine.data.sync = true (default)
2019-09-20 08:48:29,648 [pool-303-thread-1] INFO  server.RaftServerConfigKeys (ConfUtils.java:logGet(43)) - raft.server.log.statemachine.data.sync.timeout = 10s (default)
2019-09-20 08:48:29,648 [pool-303-thread-1] INFO  server.RaftServerConfigKeys (ConfUtils.java:logGet(43)) - raft.server.log.statemachine.data.sync.timeout.retry = -1 (default)
2019-09-20 08:48:29,648 [pool-303-thread-1] INFO  server.RaftServerConfigKeys (ConfUtils.java:logGet(43)) - raft.server.log.statemachine.data.caching.enabled = true (custom)
2019-09-20 08:48:29,648 [pool-303-thread-1] INFO  segmented.SegmentedRaftLogWorker (SegmentedRaftLogWorker.java:lambda$new$0(132)) - 50467bd1-4195-43e4-a65a-2977ff96563d-SegmentedRaftLogWorker:Storage Directory /workdir/hadoop-ozone/ozonefs/target/test-dir/MiniOzoneClusterImpl-365ddf9a-ca2f-44b8-92d8-11996a9347f6/datanode-1/data/ratis/2a38d1f5-a5b5-4a8a-a1e5-3abf9dbb5af0: flushIndex: setUnconditionally 0 -> -1
2019-09-20 08:48:29,649 [pool-303-thread-1] INFO  server.RaftServerConfigKeys (ConfUtils.java:logGet(43)) - raft.server.snapshot.auto.trigger.enabled = true (custom)
2019-09-20 08:48:29,649 [pool-303-thread-1] INFO  server.RaftServerConfigKeys (ConfUtils.java:logGet(43)) - raft.server.snapshot.auto.trigger.threshold = 10000 (custom)
2019-09-20 08:48:29,649 [pool-303-thread-1] INFO  server.RaftServerConfigKeys (ConfUtils.java:logGet(43)) - raft.server.retrycache.expirytime = 600000ms (custom)
2019-09-20 08:48:29,649 [pool-303-thread-1] INFO  impl.RaftServerImpl (RaftServerImpl.java:start(180)) - 50467bd1-4195-43e4-a65a-2977ff96563d: start group-3ABF9DBB5AF0
2019-09-20 08:48:29,649 [pool-303-thread-1] INFO  impl.RaftServerImpl (RaftServerImpl.java:setRole(171)) - 50467bd1-4195-43e4-a65a-2977ff96563d:group-3ABF9DBB5AF0 changes role from null to FOLLOWER at term 0 for startAsFollower
2019-09-20 08:48:29,649 [pool-303-thread-1] INFO  impl.RoleInfo (RoleInfo.java:updateAndGet(143)) - 50467bd1-4195-43e4-a65a-2977ff96563d: start FollowerState
2019-09-20 08:48:29,650 [pool-303-thread-1] INFO  util.JmxRegister (JmxRegister.java:tryRegister(44)) - Successfully registered JMX Bean with object name Ratis:service=RaftServer,group=group-3ABF9DBB5AF0,id=50467bd1-4195-43e4-a65a-2977ff96563d
2019-09-20 08:48:29,652 [RatisPipelineUtilsThread] INFO  pipeline.PipelineStateManager (PipelineStateManager.java:addPipeline(56)) - Created pipeline Pipeline[ Id: 2a38d1f5-a5b5-4a8a-a1e5-3abf9dbb5af0, Nodes: 50467bd1-4195-43e4-a65a-2977ff96563d{ip: 192.168.36.79, host: pr-hdds-1569-s8kj2-2266485376, networkLocation: /default-rack, certSerialId: null}, Type:RATIS, Factor:ONE, State:OPEN]
2019-09-20 08:48:29,652 [RatisPipelineUtilsThread] INFO  pipeline.PipelinePlacementPolicy (PipelinePlacementPolicy.java:meetCriteria(91)) - Pipeline Placement: Doesn't meet the criteria to be viable node： 486e2aed-8ec4-48b5-a72d-4321926ba785 Heaviness: 6 limit: 5
2019-09-20 08:48:29,657 [grpc-default-executor-0] INFO  impl.RaftServerProxy (RaftServerProxy.java:addNew(89)) - 50467bd1-4195-43e4-a65a-2977ff96563d: addNew group-630AFEEC2A25:[50467bd1-4195-43e4-a65a-2977ff96563d:192.168.36.79:42155] returns group-630AFEEC2A25:java.util.concurrent.CompletableFuture@1393b4bf[Not completed]
2019-09-20 08:48:29,659 [pool-303-thread-1] INFO  impl.RaftServerImpl (RaftServerImpl.java:<init>(93)) - 50467bd1-4195-43e4-a65a-2977ff96563d: new RaftServerImpl for group-630AFEEC2A25:[50467bd1-4195-43e4-a65a-2977ff96563d:192.168.36.79:42155] with ContainerStateMachine:uninitialized
2019-09-20 08:48:29,659 [pool-303-thread-1] INFO  server.RaftServerConfigKeys (ConfUtils.java:logGet(43)) - raft.server.rpc.timeout.min = 5s (custom)
2019-09-20 08:48:29,659 [pool-303-thread-1] INFO  server.RaftServerConfigKeys (ConfUtils.java:logGet(43)) - raft.server.rpc.timeout.max = 5200ms (custom)
2019-09-20 08:48:29,659 [pool-303-thread-1] INFO  server.RaftServerConfigKeys (ConfUtils.java:logGet(43)) - raft.server.rpcslowness.timeout = 120s (custom)
2019-09-20 08:48:29,659 [pool-303-thread-1] INFO  server.RaftServerConfigKeys (ConfUtils.java:logGet(43)) - raft.server.sleep.deviation.threshold = 300 (default)
2019-09-20 08:48:29,660 [pool-303-thread-1] INFO  server.RaftServerConfigKeys (ConfUtils.java:logGet(43)) - raft.server.log.appender.install.snapshot.enabled = false (custom)
2019-09-20 08:48:29,660 [pool-303-thread-1] INFO  impl.RaftServerImpl (ServerState.java:<init>(105)) - 50467bd1-4195-43e4-a65a-2977ff96563d:group-630AFEEC2A25 ConfigurationManager, init=-1: [50467bd1-4195-43e4-a65a-2977ff96563d:192.168.36.79:42155], old=null, confs=<EMPTY_MAP>
2019-09-20 08:48:29,660 [pool-303-thread-1] INFO  server.RaftServerConfigKeys (ConfUtils.java:logGet(43)) - raft.server.storage.dir = [/workdir/hadoop-ozone/ozonefs/target/test-dir/MiniOzoneClusterImpl-365ddf9a-ca2f-44b8-92d8-11996a9347f6/datanode-1/data/ratis] (custom)
2019-09-20 08:48:29,661 [pool-303-thread-1] INFO  storage.RaftStorageDirectory (RaftStorageDirectory.java:analyzeStorage(246)) - The storage directory /workdir/hadoop-ozone/ozonefs/target/test-dir/MiniOzoneClusterImpl-365ddf9a-ca2f-44b8-92d8-11996a9347f6/datanode-1/data/ratis/79eda0a4-36bf-4d00-8851-630afeec2a25 does not exist. Creating ...
2019-09-20 08:48:29,687 [pool-303-thread-1] INFO  storage.RaftStorageDirectory (RaftStorageDirectory.java:tryLock(328)) - Lock on /workdir/hadoop-ozone/ozonefs/target/test-dir/MiniOzoneClusterImpl-365ddf9a-ca2f-44b8-92d8-11996a9347f6/datanode-1/data/ratis/79eda0a4-36bf-4d00-8851-630afeec2a25/in_use.lock acquired by nodename 9421@pr-hdds-1569-s8kj2-2266485376
2019-09-20 08:48:29,704 [pool-303-thread-1] INFO  storage.RaftStorage (RaftStorage.java:format(72)) - Storage directory /workdir/hadoop-ozone/ozonefs/target/test-dir/MiniOzoneClusterImpl-365ddf9a-ca2f-44b8-92d8-11996a9347f6/datanode-1/data/ratis/79eda0a4-36bf-4d00-8851-630afeec2a25 has been successfully formatted.
2019-09-20 08:48:29,704 [pool-303-thread-1] INFO  ratis.ContainerStateMachine (ContainerStateMachine.java:loadSnapshot(226)) - group-630AFEEC2A25: The snapshot info is null. Setting the last applied indexto:(t:0, i:~)
2019-09-20 08:48:29,705 [pool-303-thread-1] INFO  server.RaftServerConfigKeys (ConfUtils.java:logGet(43)) - raft.server.leader.election.timeout = 120s (custom)
2019-09-20 08:48:29,705 [pool-303-thread-1] INFO  server.RaftServerConfigKeys (ConfUtils.java:logGet(43)) - raft.server.log.use.memory = false (default)
2019-09-20 08:48:29,705 [pool-303-thread-1] INFO  server.RaftServerConfigKeys (ConfUtils.java:logGet(43)) - raft.server.log.purge.gap = 1000000 (custom)
2019-09-20 08:48:29,705 [pool-303-thread-1] INFO  server.RaftServerConfigKeys (ConfUtils.java:logGet(43)) - raft.server.log.appender.buffer.byte-limit = 33554432 (custom)
2019-09-20 08:48:29,705 [pool-303-thread-1] INFO  server.RaftServerConfigKeys (ConfUtils.java:logGet(43)) - raft.server.log.segment.size.max = 1048576 (custom)
2019-09-20 08:48:29,706 [pool-303-thread-1] INFO  server.RaftServerConfigKeys (ConfUtils.java:logGet(43)) - raft.server.log.segment.cache.num.max = 2 (custom)
2019-09-20 08:48:29,706 [pool-303-thread-1] INFO  segmented.SegmentedRaftLogWorker (SegmentedRaftLogWorker.java:<init>(172)) - new 50467bd1-4195-43e4-a65a-2977ff96563d-SegmentedRaftLogWorker:Storage Directory /workdir/hadoop-ozone/ozonefs/target/test-dir/MiniOzoneClusterImpl-365ddf9a-ca2f-44b8-92d8-11996a9347f6/datanode-1/data/ratis/79eda0a4-36bf-4d00-8851-630afeec2a25 for RaftStorage:Storage Directory /workdir/hadoop-ozone/ozonefs/target/test-dir/MiniOzoneClusterImpl-365ddf9a-ca2f-44b8-92d8-11996a9347f6/datanode-1/data/ratis/79eda0a4-36bf-4d00-8851-630afeec2a25
2019-09-20 08:48:29,706 [pool-303-thread-1] INFO  server.RaftServerConfigKeys (ConfUtils.java:logGet(43)) - raft.server.log.queue.byte-limit = 2147483647 (custom)
2019-09-20 08:48:29,706 [pool-303-thread-1] INFO  server.RaftServerConfigKeys (ConfUtils.java:logGet(43)) - raft.server.log.queue.element-limit = 1024 (custom)
2019-09-20 08:48:29,706 [pool-303-thread-1] INFO  server.RaftServerConfigKeys (ConfUtils.java:logGet(43)) - raft.server.log.segment.size.max = 1048576 (custom)
2019-09-20 08:48:29,706 [pool-303-thread-1] INFO  server.RaftServerConfigKeys (ConfUtils.java:logGet(43)) - raft.server.log.preallocated.size = 16384 (custom)
2019-09-20 08:48:29,706 [pool-303-thread-1] INFO  server.RaftServerConfigKeys (ConfUtils.java:logGet(43)) - raft.server.log.write.buffer.size = 33554432 (custom)
2019-09-20 08:48:29,707 [pool-303-thread-1] INFO  server.RaftServerConfigKeys (ConfUtils.java:logGet(43)) - raft.server.log.force.sync.num = 128 (default)
2019-09-20 08:48:29,707 [pool-303-thread-1] INFO  server.RaftServerConfigKeys (ConfUtils.java:logGet(43)) - raft.server.log.statemachine.data.sync = true (default)
2019-09-20 08:48:29,707 [pool-303-thread-1] INFO  server.RaftServerConfigKeys (ConfUtils.java:logGet(43)) - raft.server.log.statemachine.data.sync.timeout = 10s (default)
2019-09-20 08:48:29,707 [pool-303-thread-1] INFO  server.RaftServerConfigKeys (ConfUtils.java:logGet(43)) - raft.server.log.statemachine.data.sync.timeout.retry = -1 (default)
2019-09-20 08:48:29,707 [pool-303-thread-1] INFO  server.RaftServerConfigKeys (ConfUtils.java:logGet(43)) - raft.server.log.statemachine.data.caching.enabled = true (custom)
2019-09-20 08:48:29,708 [pool-303-thread-1] INFO  segmented.SegmentedRaftLogWorker (SegmentedRaftLogWorker.java:lambda$new$0(132)) - 50467bd1-4195-43e4-a65a-2977ff96563d-SegmentedRaftLogWorker:Storage Directory /workdir/hadoop-ozone/ozonefs/target/test-dir/MiniOzoneClusterImpl-365ddf9a-ca2f-44b8-92d8-11996a9347f6/datanode-1/data/ratis/79eda0a4-36bf-4d00-8851-630afeec2a25: flushIndex: setUnconditionally 0 -> -1
2019-09-20 08:48:29,708 [pool-303-thread-1] INFO  server.RaftServerConfigKeys (ConfUtils.java:logGet(43)) - raft.server.snapshot.auto.trigger.enabled = true (custom)
2019-09-20 08:48:29,708 [pool-303-thread-1] INFO  server.RaftServerConfigKeys (ConfUtils.java:logGet(43)) - raft.server.snapshot.auto.trigger.threshold = 10000 (custom)
2019-09-20 08:48:29,708 [pool-303-thread-1] INFO  server.RaftServerConfigKeys (ConfUtils.java:logGet(43)) - raft.server.retrycache.expirytime = 600000ms (custom)
2019-09-20 08:48:29,708 [pool-303-thread-1] INFO  impl.RaftServerImpl (RaftServerImpl.java:start(180)) - 50467bd1-4195-43e4-a65a-2977ff96563d: start group-630AFEEC2A25
2019-09-20 08:48:29,709 [pool-303-thread-1] INFO  impl.RaftServerImpl (RaftServerImpl.java:setRole(171)) - 50467bd1-4195-43e4-a65a-2977ff96563d:group-630AFEEC2A25 changes role from null to FOLLOWER at term 0 for startAsFollower
2019-09-20 08:48:29,709 [pool-303-thread-1] INFO  impl.RoleInfo (RoleInfo.java:updateAndGet(143)) - 50467bd1-4195-43e4-a65a-2977ff96563d: start FollowerState
2019-09-20 08:48:29,709 [pool-303-thread-1] INFO  util.JmxRegister (JmxRegister.java:tryRegister(44)) - Successfully registered JMX Bean with object name Ratis:service=RaftServer,group=group-630AFEEC2A25,id=50467bd1-4195-43e4-a65a-2977ff96563d
2019-09-20 08:48:29,712 [RatisPipelineUtilsThread] INFO  pipeline.PipelineStateManager (PipelineStateManager.java:addPipeline(56)) - Created pipeline Pipeline[ Id: 79eda0a4-36bf-4d00-8851-630afeec2a25, Nodes: 50467bd1-4195-43e4-a65a-2977ff96563d{ip: 192.168.36.79, host: pr-hdds-1569-s8kj2-2266485376, networkLocation: /default-rack, certSerialId: null}, Type:RATIS, Factor:ONE, State:OPEN]
2019-09-20 08:48:29,712 [RatisPipelineUtilsThread] INFO  pipeline.PipelinePlacementPolicy (PipelinePlacementPolicy.java:meetCriteria(91)) - Pipeline Placement: Doesn't meet the criteria to be viable node： 486e2aed-8ec4-48b5-a72d-4321926ba785 Heaviness: 6 limit: 5
2019-09-20 08:48:29,712 [RatisPipelineUtilsThread] INFO  pipeline.PipelinePlacementPolicy (PipelinePlacementPolicy.java:meetCriteria(91)) - Pipeline Placement: Doesn't meet the criteria to be viable node： 50467bd1-4195-43e4-a65a-2977ff96563d Heaviness: 6 limit: 5
2019-09-20 08:48:29,717 [grpc-default-executor-0] INFO  impl.RaftServerProxy (RaftServerProxy.java:addNew(89)) - b42274c7-cf97-42f2-a751-e4dfd7f73713: addNew group-01D7EFBFD031:[b42274c7-cf97-42f2-a751-e4dfd7f73713:192.168.36.79:41526] returns group-01D7EFBFD031:java.util.concurrent.CompletableFuture@2f59f0f8[Not completed]
2019-09-20 08:48:29,719 [pool-314-thread-1] INFO  impl.RaftServerImpl (RaftServerImpl.java:<init>(93)) - b42274c7-cf97-42f2-a751-e4dfd7f73713: new RaftServerImpl for group-01D7EFBFD031:[b42274c7-cf97-42f2-a751-e4dfd7f73713:192.168.36.79:41526] with ContainerStateMachine:uninitialized
2019-09-20 08:48:29,719 [pool-314-thread-1] INFO  server.RaftServerConfigKeys (ConfUtils.java:logGet(43)) - raft.server.rpc.timeout.min = 5s (custom)
2019-09-20 08:48:29,719 [pool-314-thread-1] INFO  server.RaftServerConfigKeys (ConfUtils.java:logGet(43)) - raft.server.rpc.timeout.max = 5200ms (custom)
2019-09-20 08:48:29,719 [pool-314-thread-1] INFO  server.RaftServerConfigKeys (ConfUtils.java:logGet(43)) - raft.server.rpcslowness.timeout = 120s (custom)
2019-09-20 08:48:29,719 [pool-314-thread-1] INFO  server.RaftServerConfigKeys (ConfUtils.java:logGet(43)) - raft.server.sleep.deviation.threshold = 300 (default)
2019-09-20 08:48:29,719 [pool-314-thread-1] INFO  server.RaftServerConfigKeys (ConfUtils.java:logGet(43)) - raft.server.log.appender.install.snapshot.enabled = false (custom)
2019-09-20 08:48:29,720 [pool-314-thread-1] INFO  impl.RaftServerImpl (ServerState.java:<init>(105)) - b42274c7-cf97-42f2-a751-e4dfd7f73713:group-01D7EFBFD031 ConfigurationManager, init=-1: [b42274c7-cf97-42f2-a751-e4dfd7f73713:192.168.36.79:41526], old=null, confs=<EMPTY_MAP>
2019-09-20 08:48:29,720 [pool-314-thread-1] INFO  server.RaftServerConfigKeys (ConfUtils.java:logGet(43)) - raft.server.storage.dir = [/workdir/hadoop-ozone/ozonefs/target/test-dir/MiniOzoneClusterImpl-365ddf9a-ca2f-44b8-92d8-11996a9347f6/datanode-2/data/ratis] (custom)
2019-09-20 08:48:29,720 [pool-314-thread-1] INFO  storage.RaftStorageDirectory (RaftStorageDirectory.java:analyzeStorage(246)) - The storage directory /workdir/hadoop-ozone/ozonefs/target/test-dir/MiniOzoneClusterImpl-365ddf9a-ca2f-44b8-92d8-11996a9347f6/datanode-2/data/ratis/ea88ad5c-cb7f-4584-b084-01d7efbfd031 does not exist. Creating ...
2019-09-20 08:48:29,738 [pool-314-thread-1] INFO  storage.RaftStorageDirectory (RaftStorageDirectory.java:tryLock(328)) - Lock on /workdir/hadoop-ozone/ozonefs/target/test-dir/MiniOzoneClusterImpl-365ddf9a-ca2f-44b8-92d8-11996a9347f6/datanode-2/data/ratis/ea88ad5c-cb7f-4584-b084-01d7efbfd031/in_use.lock acquired by nodename 9421@pr-hdds-1569-s8kj2-2266485376
2019-09-20 08:48:29,755 [pool-314-thread-1] INFO  storage.RaftStorage (RaftStorage.java:format(72)) - Storage directory /workdir/hadoop-ozone/ozonefs/target/test-dir/MiniOzoneClusterImpl-365ddf9a-ca2f-44b8-92d8-11996a9347f6/datanode-2/data/ratis/ea88ad5c-cb7f-4584-b084-01d7efbfd031 has been successfully formatted.
2019-09-20 08:48:29,755 [pool-314-thread-1] INFO  ratis.ContainerStateMachine (ContainerStateMachine.java:loadSnapshot(226)) - group-01D7EFBFD031: The snapshot info is null. Setting the last applied indexto:(t:0, i:~)
2019-09-20 08:48:29,755 [pool-314-thread-1] INFO  server.RaftServerConfigKeys (ConfUtils.java:logGet(43)) - raft.server.leader.election.timeout = 120s (custom)
2019-09-20 08:48:29,756 [pool-314-thread-1] INFO  server.RaftServerConfigKeys (ConfUtils.java:logGet(43)) - raft.server.log.use.memory = false (default)
2019-09-20 08:48:29,756 [pool-314-thread-1] INFO  server.RaftServerConfigKeys (ConfUtils.java:logGet(43)) - raft.server.log.purge.gap = 1000000 (custom)
2019-09-20 08:48:29,756 [pool-314-thread-1] INFO  server.RaftServerConfigKeys (ConfUtils.java:logGet(43)) - raft.server.log.appender.buffer.byte-limit = 33554432 (custom)
2019-09-20 08:48:29,756 [pool-314-thread-1] INFO  server.RaftServerConfigKeys (ConfUtils.java:logGet(43)) - raft.server.log.segment.size.max = 1048576 (custom)
2019-09-20 08:48:29,756 [pool-314-thread-1] INFO  server.RaftServerConfigKeys (ConfUtils.java:logGet(43)) - raft.server.log.segment.cache.num.max = 2 (custom)
2019-09-20 08:48:29,756 [pool-314-thread-1] INFO  segmented.SegmentedRaftLogWorker (SegmentedRaftLogWorker.java:<init>(172)) - new b42274c7-cf97-42f2-a751-e4dfd7f73713-SegmentedRaftLogWorker:Storage Directory /workdir/hadoop-ozone/ozonefs/target/test-dir/MiniOzoneClusterImpl-365ddf9a-ca2f-44b8-92d8-11996a9347f6/datanode-2/data/ratis/ea88ad5c-cb7f-4584-b084-01d7efbfd031 for RaftStorage:Storage Directory /workdir/hadoop-ozone/ozonefs/target/test-dir/MiniOzoneClusterImpl-365ddf9a-ca2f-44b8-92d8-11996a9347f6/datanode-2/data/ratis/ea88ad5c-cb7f-4584-b084-01d7efbfd031
2019-09-20 08:48:29,757 [pool-314-thread-1] INFO  server.RaftServerConfigKeys (ConfUtils.java:logGet(43)) - raft.server.log.queue.byte-limit = 2147483647 (custom)
2019-09-20 08:48:29,757 [pool-314-thread-1] INFO  server.RaftServerConfigKeys (ConfUtils.java:logGet(43)) - raft.server.log.queue.element-limit = 1024 (custom)
2019-09-20 08:48:29,757 [pool-314-thread-1] INFO  server.RaftServerConfigKeys (ConfUtils.java:logGet(43)) - raft.server.log.segment.size.max = 1048576 (custom)
2019-09-20 08:48:29,757 [pool-314-thread-1] INFO  server.RaftServerConfigKeys (ConfUtils.java:logGet(43)) - raft.server.log.preallocated.size = 16384 (custom)
2019-09-20 08:48:29,757 [pool-314-thread-1] INFO  server.RaftServerConfigKeys (ConfUtils.java:logGet(43)) - raft.server.log.write.buffer.size = 33554432 (custom)
2019-09-20 08:48:29,757 [pool-314-thread-1] INFO  server.RaftServerConfigKeys (ConfUtils.java:logGet(43)) - raft.server.log.force.sync.num = 128 (default)
2019-09-20 08:48:29,757 [pool-314-thread-1] INFO  server.RaftServerConfigKeys (ConfUtils.java:logGet(43)) - raft.server.log.statemachine.data.sync = true (default)
2019-09-20 08:48:29,758 [pool-314-thread-1] INFO  server.RaftServerConfigKeys (ConfUtils.java:logGet(43)) - raft.server.log.statemachine.data.sync.timeout = 10s (default)
2019-09-20 08:48:29,758 [pool-314-thread-1] INFO  server.RaftServerConfigKeys (ConfUtils.java:logGet(43)) - raft.server.log.statemachine.data.sync.timeout.retry = -1 (default)
2019-09-20 08:48:29,758 [pool-314-thread-1] INFO  server.RaftServerConfigKeys (ConfUtils.java:logGet(43)) - raft.server.log.statemachine.data.caching.enabled = true (custom)
2019-09-20 08:48:29,758 [pool-314-thread-1] INFO  segmented.SegmentedRaftLogWorker (SegmentedRaftLogWorker.java:lambda$new$0(132)) - b42274c7-cf97-42f2-a751-e4dfd7f73713-SegmentedRaftLogWorker:Storage Directory /workdir/hadoop-ozone/ozonefs/target/test-dir/MiniOzoneClusterImpl-365ddf9a-ca2f-44b8-92d8-11996a9347f6/datanode-2/data/ratis/ea88ad5c-cb7f-4584-b084-01d7efbfd031: flushIndex: setUnconditionally 0 -> -1
2019-09-20 08:48:29,759 [pool-314-thread-1] INFO  server.RaftServerConfigKeys (ConfUtils.java:logGet(43)) - raft.server.snapshot.auto.trigger.enabled = true (custom)
2019-09-20 08:48:29,759 [pool-314-thread-1] INFO  server.RaftServerConfigKeys (ConfUtils.java:logGet(43)) - raft.server.snapshot.auto.trigger.threshold = 10000 (custom)
2019-09-20 08:48:29,759 [pool-314-thread-1] INFO  server.RaftServerConfigKeys (ConfUtils.java:logGet(43)) - raft.server.retrycache.expirytime = 600000ms (custom)
2019-09-20 08:48:29,759 [pool-314-thread-1] INFO  impl.RaftServerImpl (RaftServerImpl.java:start(180)) - b42274c7-cf97-42f2-a751-e4dfd7f73713: start group-01D7EFBFD031
2019-09-20 08:48:29,759 [pool-314-thread-1] INFO  impl.RaftServerImpl (RaftServerImpl.java:setRole(171)) - b42274c7-cf97-42f2-a751-e4dfd7f73713:group-01D7EFBFD031 changes role from null to FOLLOWER at term 0 for startAsFollower
2019-09-20 08:48:29,759 [pool-314-thread-1] INFO  impl.RoleInfo (RoleInfo.java:updateAndGet(143)) - b42274c7-cf97-42f2-a751-e4dfd7f73713: start FollowerState
2019-09-20 08:48:29,760 [pool-314-thread-1] INFO  util.JmxRegister (JmxRegister.java:tryRegister(44)) - Successfully registered JMX Bean with object name Ratis:service=RaftServer,group=group-01D7EFBFD031,id=b42274c7-cf97-42f2-a751-e4dfd7f73713
2019-09-20 08:48:29,763 [RatisPipelineUtilsThread] INFO  pipeline.PipelineStateManager (PipelineStateManager.java:addPipeline(56)) - Created pipeline Pipeline[ Id: ea88ad5c-cb7f-4584-b084-01d7efbfd031, Nodes: b42274c7-cf97-42f2-a751-e4dfd7f73713{ip: 192.168.36.79, host: pr-hdds-1569-s8kj2-2266485376, networkLocation: /default-rack, certSerialId: null}, Type:RATIS, Factor:ONE, State:OPEN]
2019-09-20 08:48:29,763 [RatisPipelineUtilsThread] INFO  pipeline.PipelinePlacementPolicy (PipelinePlacementPolicy.java:meetCriteria(91)) - Pipeline Placement: Doesn't meet the criteria to be viable node： 486e2aed-8ec4-48b5-a72d-4321926ba785 Heaviness: 6 limit: 5
2019-09-20 08:48:29,763 [RatisPipelineUtilsThread] INFO  pipeline.PipelinePlacementPolicy (PipelinePlacementPolicy.java:meetCriteria(91)) - Pipeline Placement: Doesn't meet the criteria to be viable node： 50467bd1-4195-43e4-a65a-2977ff96563d Heaviness: 6 limit: 5
2019-09-20 08:48:29,769 [grpc-default-executor-0] INFO  impl.RaftServerProxy (RaftServerProxy.java:addNew(89)) - b42274c7-cf97-42f2-a751-e4dfd7f73713: addNew group-326822AF7F54:[b42274c7-cf97-42f2-a751-e4dfd7f73713:192.168.36.79:41526] returns group-326822AF7F54:java.util.concurrent.CompletableFuture@4d9f394f[Not completed]
2019-09-20 08:48:29,770 [pool-314-thread-1] INFO  impl.RaftServerImpl (RaftServerImpl.java:<init>(93)) - b42274c7-cf97-42f2-a751-e4dfd7f73713: new RaftServerImpl for group-326822AF7F54:[b42274c7-cf97-42f2-a751-e4dfd7f73713:192.168.36.79:41526] with ContainerStateMachine:uninitialized
2019-09-20 08:48:29,771 [pool-314-thread-1] INFO  server.RaftServerConfigKeys (ConfUtils.java:logGet(43)) - raft.server.rpc.timeout.min = 5s (custom)
2019-09-20 08:48:29,771 [pool-314-thread-1] INFO  server.RaftServerConfigKeys (ConfUtils.java:logGet(43)) - raft.server.rpc.timeout.max = 5200ms (custom)
2019-09-20 08:48:29,771 [pool-314-thread-1] INFO  server.RaftServerConfigKeys (ConfUtils.java:logGet(43)) - raft.server.rpcslowness.timeout = 120s (custom)
2019-09-20 08:48:29,771 [pool-314-thread-1] INFO  server.RaftServerConfigKeys (ConfUtils.java:logGet(43)) - raft.server.sleep.deviation.threshold = 300 (default)
2019-09-20 08:48:29,771 [pool-314-thread-1] INFO  server.RaftServerConfigKeys (ConfUtils.java:logGet(43)) - raft.server.log.appender.install.snapshot.enabled = false (custom)
2019-09-20 08:48:29,772 [pool-314-thread-1] INFO  impl.RaftServerImpl (ServerState.java:<init>(105)) - b42274c7-cf97-42f2-a751-e4dfd7f73713:group-326822AF7F54 ConfigurationManager, init=-1: [b42274c7-cf97-42f2-a751-e4dfd7f73713:192.168.36.79:41526], old=null, confs=<EMPTY_MAP>
2019-09-20 08:48:29,772 [pool-314-thread-1] INFO  server.RaftServerConfigKeys (ConfUtils.java:logGet(43)) - raft.server.storage.dir = [/workdir/hadoop-ozone/ozonefs/target/test-dir/MiniOzoneClusterImpl-365ddf9a-ca2f-44b8-92d8-11996a9347f6/datanode-2/data/ratis] (custom)
2019-09-20 08:48:29,773 [pool-314-thread-1] INFO  storage.RaftStorageDirectory (RaftStorageDirectory.java:analyzeStorage(246)) - The storage directory /workdir/hadoop-ozone/ozonefs/target/test-dir/MiniOzoneClusterImpl-365ddf9a-ca2f-44b8-92d8-11996a9347f6/datanode-2/data/ratis/9f2716cc-f3d8-4c28-9d79-326822af7f54 does not exist. Creating ...
2019-09-20 08:48:29,814 [pool-314-thread-1] INFO  storage.RaftStorageDirectory (RaftStorageDirectory.java:tryLock(328)) - Lock on /workdir/hadoop-ozone/ozonefs/target/test-dir/MiniOzoneClusterImpl-365ddf9a-ca2f-44b8-92d8-11996a9347f6/datanode-2/data/ratis/9f2716cc-f3d8-4c28-9d79-326822af7f54/in_use.lock acquired by nodename 9421@pr-hdds-1569-s8kj2-2266485376
2019-09-20 08:48:29,839 [pool-314-thread-1] INFO  storage.RaftStorage (RaftStorage.java:format(72)) - Storage directory /workdir/hadoop-ozone/ozonefs/target/test-dir/MiniOzoneClusterImpl-365ddf9a-ca2f-44b8-92d8-11996a9347f6/datanode-2/data/ratis/9f2716cc-f3d8-4c28-9d79-326822af7f54 has been successfully formatted.
2019-09-20 08:48:29,839 [pool-314-thread-1] INFO  ratis.ContainerStateMachine (ContainerStateMachine.java:loadSnapshot(226)) - group-326822AF7F54: The snapshot info is null. Setting the last applied indexto:(t:0, i:~)
2019-09-20 08:48:29,839 [pool-314-thread-1] INFO  server.RaftServerConfigKeys (ConfUtils.java:logGet(43)) - raft.server.leader.election.timeout = 120s (custom)
2019-09-20 08:48:29,840 [pool-314-thread-1] INFO  server.RaftServerConfigKeys (ConfUtils.java:logGet(43)) - raft.server.log.use.memory = false (default)
2019-09-20 08:48:29,840 [pool-314-thread-1] INFO  server.RaftServerConfigKeys (ConfUtils.java:logGet(43)) - raft.server.log.purge.gap = 1000000 (custom)
2019-09-20 08:48:29,840 [pool-314-thread-1] INFO  server.RaftServerConfigKeys (ConfUtils.java:logGet(43)) - raft.server.log.appender.buffer.byte-limit = 33554432 (custom)
2019-09-20 08:48:29,840 [pool-314-thread-1] INFO  server.RaftServerConfigKeys (ConfUtils.java:logGet(43)) - raft.server.log.segment.size.max = 1048576 (custom)
2019-09-20 08:48:29,840 [pool-314-thread-1] INFO  server.RaftServerConfigKeys (ConfUtils.java:logGet(43)) - raft.server.log.segment.cache.num.max = 2 (custom)
2019-09-20 08:48:29,840 [pool-314-thread-1] INFO  segmented.SegmentedRaftLogWorker (SegmentedRaftLogWorker.java:<init>(172)) - new b42274c7-cf97-42f2-a751-e4dfd7f73713-SegmentedRaftLogWorker:Storage Directory /workdir/hadoop-ozone/ozonefs/target/test-dir/MiniOzoneClusterImpl-365ddf9a-ca2f-44b8-92d8-11996a9347f6/datanode-2/data/ratis/9f2716cc-f3d8-4c28-9d79-326822af7f54 for RaftStorage:Storage Directory /workdir/hadoop-ozone/ozonefs/target/test-dir/MiniOzoneClusterImpl-365ddf9a-ca2f-44b8-92d8-11996a9347f6/datanode-2/data/ratis/9f2716cc-f3d8-4c28-9d79-326822af7f54
2019-09-20 08:48:29,841 [pool-314-thread-1] INFO  server.RaftServerConfigKeys (ConfUtils.java:logGet(43)) - raft.server.log.queue.byte-limit = 2147483647 (custom)
2019-09-20 08:48:29,841 [pool-314-thread-1] INFO  server.RaftServerConfigKeys (ConfUtils.java:logGet(43)) - raft.server.log.queue.element-limit = 1024 (custom)
2019-09-20 08:48:29,841 [pool-314-thread-1] INFO  server.RaftServerConfigKeys (ConfUtils.java:logGet(43)) - raft.server.log.segment.size.max = 1048576 (custom)
2019-09-20 08:48:29,841 [pool-314-thread-1] INFO  server.RaftServerConfigKeys (ConfUtils.java:logGet(43)) - raft.server.log.preallocated.size = 16384 (custom)
2019-09-20 08:48:29,841 [pool-314-thread-1] INFO  server.RaftServerConfigKeys (ConfUtils.java:logGet(43)) - raft.server.log.write.buffer.size = 33554432 (custom)
2019-09-20 08:48:29,841 [pool-314-thread-1] INFO  server.RaftServerConfigKeys (ConfUtils.java:logGet(43)) - raft.server.log.force.sync.num = 128 (default)
2019-09-20 08:48:29,841 [pool-314-thread-1] INFO  server.RaftServerConfigKeys (ConfUtils.java:logGet(43)) - raft.server.log.statemachine.data.sync = true (default)
2019-09-20 08:48:29,842 [pool-314-thread-1] INFO  server.RaftServerConfigKeys (ConfUtils.java:logGet(43)) - raft.server.log.statemachine.data.sync.timeout = 10s (default)
2019-09-20 08:48:29,842 [pool-314-thread-1] INFO  server.RaftServerConfigKeys (ConfUtils.java:logGet(43)) - raft.server.log.statemachine.data.sync.timeout.retry = -1 (default)
2019-09-20 08:48:29,842 [pool-314-thread-1] INFO  server.RaftServerConfigKeys (ConfUtils.java:logGet(43)) - raft.server.log.statemachine.data.caching.enabled = true (custom)
2019-09-20 08:48:29,842 [pool-314-thread-1] INFO  segmented.SegmentedRaftLogWorker (SegmentedRaftLogWorker.java:lambda$new$0(132)) - b42274c7-cf97-42f2-a751-e4dfd7f73713-SegmentedRaftLogWorker:Storage Directory /workdir/hadoop-ozone/ozonefs/target/test-dir/MiniOzoneClusterImpl-365ddf9a-ca2f-44b8-92d8-11996a9347f6/datanode-2/data/ratis/9f2716cc-f3d8-4c28-9d79-326822af7f54: flushIndex: setUnconditionally 0 -> -1
2019-09-20 08:48:29,843 [pool-314-thread-1] INFO  server.RaftServerConfigKeys (ConfUtils.java:logGet(43)) - raft.server.snapshot.auto.trigger.enabled = true (custom)
2019-09-20 08:48:29,843 [pool-314-thread-1] INFO  server.RaftServerConfigKeys (ConfUtils.java:logGet(43)) - raft.server.snapshot.auto.trigger.threshold = 10000 (custom)
2019-09-20 08:48:29,843 [pool-314-thread-1] INFO  server.RaftServerConfigKeys (ConfUtils.java:logGet(43)) - raft.server.retrycache.expirytime = 600000ms (custom)
2019-09-20 08:48:29,843 [pool-314-thread-1] INFO  impl.RaftServerImpl (RaftServerImpl.java:start(180)) - b42274c7-cf97-42f2-a751-e4dfd7f73713: start group-326822AF7F54
2019-09-20 08:48:29,843 [pool-314-thread-1] INFO  impl.RaftServerImpl (RaftServerImpl.java:setRole(171)) - b42274c7-cf97-42f2-a751-e4dfd7f73713:group-326822AF7F54 changes role from null to FOLLOWER at term 0 for startAsFollower
2019-09-20 08:48:29,843 [pool-314-thread-1] INFO  impl.RoleInfo (RoleInfo.java:updateAndGet(143)) - b42274c7-cf97-42f2-a751-e4dfd7f73713: start FollowerState
2019-09-20 08:48:29,844 [pool-314-thread-1] INFO  util.JmxRegister (JmxRegister.java:tryRegister(44)) - Successfully registered JMX Bean with object name Ratis:service=RaftServer,group=group-326822AF7F54,id=b42274c7-cf97-42f2-a751-e4dfd7f73713
2019-09-20 08:48:29,847 [RatisPipelineUtilsThread] INFO  pipeline.PipelineStateManager (PipelineStateManager.java:addPipeline(56)) - Created pipeline Pipeline[ Id: 9f2716cc-f3d8-4c28-9d79-326822af7f54, Nodes: b42274c7-cf97-42f2-a751-e4dfd7f73713{ip: 192.168.36.79, host: pr-hdds-1569-s8kj2-2266485376, networkLocation: /default-rack, certSerialId: null}, Type:RATIS, Factor:ONE, State:OPEN]
2019-09-20 08:48:29,847 [RatisPipelineUtilsThread] INFO  pipeline.PipelinePlacementPolicy (PipelinePlacementPolicy.java:meetCriteria(91)) - Pipeline Placement: Doesn't meet the criteria to be viable node： 486e2aed-8ec4-48b5-a72d-4321926ba785 Heaviness: 6 limit: 5
2019-09-20 08:48:29,848 [RatisPipelineUtilsThread] INFO  pipeline.PipelinePlacementPolicy (PipelinePlacementPolicy.java:meetCriteria(91)) - Pipeline Placement: Doesn't meet the criteria to be viable node： 50467bd1-4195-43e4-a65a-2977ff96563d Heaviness: 6 limit: 5
2019-09-20 08:48:29,853 [grpc-default-executor-0] INFO  impl.RaftServerProxy (RaftServerProxy.java:addNew(89)) - b42274c7-cf97-42f2-a751-e4dfd7f73713: addNew group-35F6BD05E760:[b42274c7-cf97-42f2-a751-e4dfd7f73713:192.168.36.79:41526] returns group-35F6BD05E760:java.util.concurrent.CompletableFuture@3841d07c[Not completed]
2019-09-20 08:48:29,854 [pool-314-thread-1] INFO  impl.RaftServerImpl (RaftServerImpl.java:<init>(93)) - b42274c7-cf97-42f2-a751-e4dfd7f73713: new RaftServerImpl for group-35F6BD05E760:[b42274c7-cf97-42f2-a751-e4dfd7f73713:192.168.36.79:41526] with ContainerStateMachine:uninitialized
2019-09-20 08:48:29,854 [pool-314-thread-1] INFO  server.RaftServerConfigKeys (ConfUtils.java:logGet(43)) - raft.server.rpc.timeout.min = 5s (custom)
2019-09-20 08:48:29,855 [pool-314-thread-1] INFO  server.RaftServerConfigKeys (ConfUtils.java:logGet(43)) - raft.server.rpc.timeout.max = 5200ms (custom)
2019-09-20 08:48:29,855 [pool-314-thread-1] INFO  server.RaftServerConfigKeys (ConfUtils.java:logGet(43)) - raft.server.rpcslowness.timeout = 120s (custom)
2019-09-20 08:48:29,855 [pool-314-thread-1] INFO  server.RaftServerConfigKeys (ConfUtils.java:logGet(43)) - raft.server.sleep.deviation.threshold = 300 (default)
2019-09-20 08:48:29,855 [pool-314-thread-1] INFO  server.RaftServerConfigKeys (ConfUtils.java:logGet(43)) - raft.server.log.appender.install.snapshot.enabled = false (custom)
2019-09-20 08:48:29,855 [pool-314-thread-1] INFO  impl.RaftServerImpl (ServerState.java:<init>(105)) - b42274c7-cf97-42f2-a751-e4dfd7f73713:group-35F6BD05E760 ConfigurationManager, init=-1: [b42274c7-cf97-42f2-a751-e4dfd7f73713:192.168.36.79:41526], old=null, confs=<EMPTY_MAP>
2019-09-20 08:48:29,855 [pool-314-thread-1] INFO  server.RaftServerConfigKeys (ConfUtils.java:logGet(43)) - raft.server.storage.dir = [/workdir/hadoop-ozone/ozonefs/target/test-dir/MiniOzoneClusterImpl-365ddf9a-ca2f-44b8-92d8-11996a9347f6/datanode-2/data/ratis] (custom)
2019-09-20 08:48:29,856 [pool-314-thread-1] INFO  storage.RaftStorageDirectory (RaftStorageDirectory.java:analyzeStorage(246)) - The storage directory /workdir/hadoop-ozone/ozonefs/target/test-dir/MiniOzoneClusterImpl-365ddf9a-ca2f-44b8-92d8-11996a9347f6/datanode-2/data/ratis/0be0bd6b-7525-4fa6-918b-35f6bd05e760 does not exist. Creating ...
2019-09-20 08:48:29,881 [pool-314-thread-1] INFO  storage.RaftStorageDirectory (RaftStorageDirectory.java:tryLock(328)) - Lock on /workdir/hadoop-ozone/ozonefs/target/test-dir/MiniOzoneClusterImpl-365ddf9a-ca2f-44b8-92d8-11996a9347f6/datanode-2/data/ratis/0be0bd6b-7525-4fa6-918b-35f6bd05e760/in_use.lock acquired by nodename 9421@pr-hdds-1569-s8kj2-2266485376
2019-09-20 08:48:29,898 [pool-314-thread-1] INFO  storage.RaftStorage (RaftStorage.java:format(72)) - Storage directory /workdir/hadoop-ozone/ozonefs/target/test-dir/MiniOzoneClusterImpl-365ddf9a-ca2f-44b8-92d8-11996a9347f6/datanode-2/data/ratis/0be0bd6b-7525-4fa6-918b-35f6bd05e760 has been successfully formatted.
2019-09-20 08:48:29,898 [pool-314-thread-1] INFO  ratis.ContainerStateMachine (ContainerStateMachine.java:loadSnapshot(226)) - group-35F6BD05E760: The snapshot info is null. Setting the last applied indexto:(t:0, i:~)
2019-09-20 08:48:29,898 [pool-314-thread-1] INFO  server.RaftServerConfigKeys (ConfUtils.java:logGet(43)) - raft.server.leader.election.timeout = 120s (custom)
2019-09-20 08:48:29,899 [pool-314-thread-1] INFO  server.RaftServerConfigKeys (ConfUtils.java:logGet(43)) - raft.server.log.use.memory = false (default)
2019-09-20 08:48:29,899 [pool-314-thread-1] INFO  server.RaftServerConfigKeys (ConfUtils.java:logGet(43)) - raft.server.log.purge.gap = 1000000 (custom)
2019-09-20 08:48:29,899 [pool-314-thread-1] INFO  server.RaftServerConfigKeys (ConfUtils.java:logGet(43)) - raft.server.log.appender.buffer.byte-limit = 33554432 (custom)
2019-09-20 08:48:29,899 [pool-314-thread-1] INFO  server.RaftServerConfigKeys (ConfUtils.java:logGet(43)) - raft.server.log.segment.size.max = 1048576 (custom)
2019-09-20 08:48:29,899 [pool-314-thread-1] INFO  server.RaftServerConfigKeys (ConfUtils.java:logGet(43)) - raft.server.log.segment.cache.num.max = 2 (custom)
2019-09-20 08:48:29,899 [pool-314-thread-1] INFO  segmented.SegmentedRaftLogWorker (SegmentedRaftLogWorker.java:<init>(172)) - new b42274c7-cf97-42f2-a751-e4dfd7f73713-SegmentedRaftLogWorker:Storage Directory /workdir/hadoop-ozone/ozonefs/target/test-dir/MiniOzoneClusterImpl-365ddf9a-ca2f-44b8-92d8-11996a9347f6/datanode-2/data/ratis/0be0bd6b-7525-4fa6-918b-35f6bd05e760 for RaftStorage:Storage Directory /workdir/hadoop-ozone/ozonefs/target/test-dir/MiniOzoneClusterImpl-365ddf9a-ca2f-44b8-92d8-11996a9347f6/datanode-2/data/ratis/0be0bd6b-7525-4fa6-918b-35f6bd05e760
2019-09-20 08:48:29,899 [pool-314-thread-1] INFO  server.RaftServerConfigKeys (ConfUtils.java:logGet(43)) - raft.server.log.queue.byte-limit = 2147483647 (custom)
2019-09-20 08:48:29,899 [pool-314-thread-1] INFO  server.RaftServerConfigKeys (ConfUtils.java:logGet(43)) - raft.server.log.queue.element-limit = 1024 (custom)
2019-09-20 08:48:29,900 [pool-314-thread-1] INFO  server.RaftServerConfigKeys (ConfUtils.java:logGet(43)) - raft.server.log.segment.size.max = 1048576 (custom)
2019-09-20 08:48:29,900 [pool-314-thread-1] INFO  server.RaftServerConfigKeys (ConfUtils.java:logGet(43)) - raft.server.log.preallocated.size = 16384 (custom)
2019-09-20 08:48:29,900 [pool-314-thread-1] INFO  server.RaftServerConfigKeys (ConfUtils.java:logGet(43)) - raft.server.log.write.buffer.size = 33554432 (custom)
2019-09-20 08:48:29,900 [pool-314-thread-1] INFO  server.RaftServerConfigKeys (ConfUtils.java:logGet(43)) - raft.server.log.force.sync.num = 128 (default)
2019-09-20 08:48:29,900 [pool-314-thread-1] INFO  server.RaftServerConfigKeys (ConfUtils.java:logGet(43)) - raft.server.log.statemachine.data.sync = true (default)
2019-09-20 08:48:29,900 [pool-314-thread-1] INFO  server.RaftServerConfigKeys (ConfUtils.java:logGet(43)) - raft.server.log.statemachine.data.sync.timeout = 10s (default)
2019-09-20 08:48:29,900 [pool-314-thread-1] INFO  server.RaftServerConfigKeys (ConfUtils.java:logGet(43)) - raft.server.log.statemachine.data.sync.timeout.retry = -1 (default)
2019-09-20 08:48:29,900 [pool-314-thread-1] INFO  server.RaftServerConfigKeys (ConfUtils.java:logGet(43)) - raft.server.log.statemachine.data.caching.enabled = true (custom)
2019-09-20 08:48:29,901 [pool-314-thread-1] INFO  segmented.SegmentedRaftLogWorker (SegmentedRaftLogWorker.java:lambda$new$0(132)) - b42274c7-cf97-42f2-a751-e4dfd7f73713-SegmentedRaftLogWorker:Storage Directory /workdir/hadoop-ozone/ozonefs/target/test-dir/MiniOzoneClusterImpl-365ddf9a-ca2f-44b8-92d8-11996a9347f6/datanode-2/data/ratis/0be0bd6b-7525-4fa6-918b-35f6bd05e760: flushIndex: setUnconditionally 0 -> -1
2019-09-20 08:48:29,901 [pool-314-thread-1] INFO  server.RaftServerConfigKeys (ConfUtils.java:logGet(43)) - raft.server.snapshot.auto.trigger.enabled = true (custom)
2019-09-20 08:48:29,901 [pool-314-thread-1] INFO  server.RaftServerConfigKeys (ConfUtils.java:logGet(43)) - raft.server.snapshot.auto.trigger.threshold = 10000 (custom)
2019-09-20 08:48:29,901 [pool-314-thread-1] INFO  server.RaftServerConfigKeys (ConfUtils.java:logGet(43)) - raft.server.retrycache.expirytime = 600000ms (custom)
2019-09-20 08:48:29,901 [pool-314-thread-1] INFO  impl.RaftServerImpl (RaftServerImpl.java:start(180)) - b42274c7-cf97-42f2-a751-e4dfd7f73713: start group-35F6BD05E760
2019-09-20 08:48:29,901 [pool-314-thread-1] INFO  impl.RaftServerImpl (RaftServerImpl.java:setRole(171)) - b42274c7-cf97-42f2-a751-e4dfd7f73713:group-35F6BD05E760 changes role from null to FOLLOWER at term 0 for startAsFollower
2019-09-20 08:48:29,902 [pool-314-thread-1] INFO  impl.RoleInfo (RoleInfo.java:updateAndGet(143)) - b42274c7-cf97-42f2-a751-e4dfd7f73713: start FollowerState
2019-09-20 08:48:29,902 [pool-314-thread-1] INFO  util.JmxRegister (JmxRegister.java:tryRegister(44)) - Successfully registered JMX Bean with object name Ratis:service=RaftServer,group=group-35F6BD05E760,id=b42274c7-cf97-42f2-a751-e4dfd7f73713
2019-09-20 08:48:29,904 [RatisPipelineUtilsThread] INFO  pipeline.PipelineStateManager (PipelineStateManager.java:addPipeline(56)) - Created pipeline Pipeline[ Id: 0be0bd6b-7525-4fa6-918b-35f6bd05e760, Nodes: b42274c7-cf97-42f2-a751-e4dfd7f73713{ip: 192.168.36.79, host: pr-hdds-1569-s8kj2-2266485376, networkLocation: /default-rack, certSerialId: null}, Type:RATIS, Factor:ONE, State:OPEN]
2019-09-20 08:48:29,905 [RatisPipelineUtilsThread] INFO  pipeline.PipelinePlacementPolicy (PipelinePlacementPolicy.java:meetCriteria(91)) - Pipeline Placement: Doesn't meet the criteria to be viable node： 486e2aed-8ec4-48b5-a72d-4321926ba785 Heaviness: 6 limit: 5
2019-09-20 08:48:29,905 [RatisPipelineUtilsThread] INFO  pipeline.PipelinePlacementPolicy (PipelinePlacementPolicy.java:meetCriteria(91)) - Pipeline Placement: Doesn't meet the criteria to be viable node： 50467bd1-4195-43e4-a65a-2977ff96563d Heaviness: 6 limit: 5
2019-09-20 08:48:29,905 [RatisPipelineUtilsThread] INFO  pipeline.PipelinePlacementPolicy (PipelinePlacementPolicy.java:meetCriteria(91)) - Pipeline Placement: Doesn't meet the criteria to be viable node： b42274c7-cf97-42f2-a751-e4dfd7f73713 Heaviness: 6 limit: 5
2019-09-20 08:48:29,905 [RatisPipelineUtilsThread] ERROR pipeline.PipelinePlacementPolicy (PipelinePlacementPolicy.java:filterViableNodes(148)) - Unable to find enough nodes that meet the criteria that cannot engage in more than 5 pipelines. Nodes required: 1 Found: 0, healthy nodes count inNodeManager: 3.
2019-09-20 08:48:29,905 [RatisPipelineUtilsThread] ERROR pipeline.SCMPipelineManager (SCMPipelineManager.java:createPipeline(161)) - Pipeline creation failed due to exception: Unable to find enough nodes that meet the criteria that cannot engage in more than 5 pipelines. Nodes required: 1 Found: 0, healthy nodes count inNodeManager: 3.
2019-09-20 08:48:29,906 [RatisPipelineUtilsThread] INFO  pipeline.PipelinePlacementPolicy (PipelinePlacementPolicy.java:meetCriteria(91)) - Pipeline Placement: Doesn't meet the criteria to be viable node： 486e2aed-8ec4-48b5-a72d-4321926ba785 Heaviness: 6 limit: 5
2019-09-20 08:48:29,906 [RatisPipelineUtilsThread] INFO  pipeline.PipelinePlacementPolicy (PipelinePlacementPolicy.java:meetCriteria(91)) - Pipeline Placement: Doesn't meet the criteria to be viable node： 50467bd1-4195-43e4-a65a-2977ff96563d Heaviness: 6 limit: 5
2019-09-20 08:48:29,906 [RatisPipelineUtilsThread] INFO  pipeline.PipelinePlacementPolicy (PipelinePlacementPolicy.java:meetCriteria(91)) - Pipeline Placement: Doesn't meet the criteria to be viable node： b42274c7-cf97-42f2-a751-e4dfd7f73713 Heaviness: 6 limit: 5
2019-09-20 08:48:29,906 [RatisPipelineUtilsThread] ERROR pipeline.PipelinePlacementPolicy (PipelinePlacementPolicy.java:filterViableNodes(148)) - Unable to find enough nodes that meet the criteria that cannot engage in more than 5 pipelines. Nodes required: 3 Found: 0, healthy nodes count inNodeManager: 3.
2019-09-20 08:48:29,906 [RatisPipelineUtilsThread] ERROR pipeline.SCMPipelineManager (SCMPipelineManager.java:createPipeline(161)) - Pipeline creation failed due to exception: Unable to find enough nodes that meet the criteria that cannot engage in more than 5 pipelines. Nodes required: 3 Found: 0, healthy nodes count inNodeManager: 3.
2019-09-20 08:48:29,906 [RatisPipelineUtilsThread] INFO  pipeline.PipelinePlacementPolicy (PipelinePlacementPolicy.java:meetCriteria(91)) - Pipeline Placement: Doesn't meet the criteria to be viable node： 486e2aed-8ec4-48b5-a72d-4321926ba785 Heaviness: 6 limit: 5
2019-09-20 08:48:29,907 [RatisPipelineUtilsThread] INFO  pipeline.PipelinePlacementPolicy (PipelinePlacementPolicy.java:meetCriteria(91)) - Pipeline Placement: Doesn't meet the criteria to be viable node： 50467bd1-4195-43e4-a65a-2977ff96563d Heaviness: 6 limit: 5
2019-09-20 08:48:29,907 [RatisPipelineUtilsThread] INFO  pipeline.PipelinePlacementPolicy (PipelinePlacementPolicy.java:meetCriteria(91)) - Pipeline Placement: Doesn't meet the criteria to be viable node： b42274c7-cf97-42f2-a751-e4dfd7f73713 Heaviness: 6 limit: 5
2019-09-20 08:48:29,907 [RatisPipelineUtilsThread] ERROR pipeline.PipelinePlacementPolicy (PipelinePlacementPolicy.java:filterViableNodes(148)) - Unable to find enough nodes that meet the criteria that cannot engage in more than 5 pipelines. Nodes required: 1 Found: 0, healthy nodes count inNodeManager: 3.
2019-09-20 08:48:29,907 [RatisPipelineUtilsThread] ERROR pipeline.SCMPipelineManager (SCMPipelineManager.java:createPipeline(161)) - Pipeline creation failed due to exception: Unable to find enough nodes that meet the criteria that cannot engage in more than 5 pipelines. Nodes required: 1 Found: 0, healthy nodes count inNodeManager: 3.
2019-09-20 08:48:29,907 [RatisPipelineUtilsThread] INFO  pipeline.PipelinePlacementPolicy (PipelinePlacementPolicy.java:meetCriteria(91)) - Pipeline Placement: Doesn't meet the criteria to be viable node： 486e2aed-8ec4-48b5-a72d-4321926ba785 Heaviness: 6 limit: 5
2019-09-20 08:48:29,907 [RatisPipelineUtilsThread] INFO  pipeline.PipelinePlacementPolicy (PipelinePlacementPolicy.java:meetCriteria(91)) - Pipeline Placement: Doesn't meet the criteria to be viable node： 50467bd1-4195-43e4-a65a-2977ff96563d Heaviness: 6 limit: 5
2019-09-20 08:48:29,908 [RatisPipelineUtilsThread] INFO  pipeline.PipelinePlacementPolicy (PipelinePlacementPolicy.java:meetCriteria(91)) - Pipeline Placement: Doesn't meet the criteria to be viable node： b42274c7-cf97-42f2-a751-e4dfd7f73713 Heaviness: 6 limit: 5
2019-09-20 08:48:29,908 [RatisPipelineUtilsThread] ERROR pipeline.PipelinePlacementPolicy (PipelinePlacementPolicy.java:filterViableNodes(148)) - Unable to find enough nodes that meet the criteria that cannot engage in more than 5 pipelines. Nodes required: 3 Found: 0, healthy nodes count inNodeManager: 3.
2019-09-20 08:48:29,908 [RatisPipelineUtilsThread] ERROR pipeline.SCMPipelineManager (SCMPipelineManager.java:createPipeline(161)) - Pipeline creation failed due to exception: Unable to find enough nodes that meet the criteria that cannot engage in more than 5 pipelines. Nodes required: 3 Found: 0, healthy nodes count inNodeManager: 3.
2019-09-20 08:48:30,156 [main] INFO  ozone.MiniOzoneClusterImpl (MiniOzoneClusterImpl.java:lambda$waitForClusterToBeReady$0(142)) - Cluster is ready. Got 3 of 3 DN Heartbeats.
2019-09-20 08:48:30,332 | INFO  | OMAudit | user=jenkins1000 | ip=127.0.0.1 | op=CREATE_VOLUME {admin=admin93408, owner=user43288, volume=volume58244, creationTime=1568969310331, quotaInBytes=1152921504606846976} | ret=SUCCESS |  
2019-09-20 08:48:30,339 | INFO  | OMAudit | user=jenkins1000 | ip=127.0.0.1 | op=CREATE_BUCKET {volume=volume58244, bucket=bucket05505, acls=[], isVersionEnabled=false, storageType=DISK, creationTime=0} | ret=SUCCESS |  
2019-09-20 08:48:30,356 | INFO  | OMAudit | user=jenkins1000 | ip=127.0.0.1 | op=READ_VOLUME {volume=volume58244} | ret=SUCCESS |  
2019-09-20 08:48:30,358 | INFO  | OMAudit | user=jenkins1000 | ip=127.0.0.1 | op=READ_BUCKET {volume=volume58244, bucket=bucket05505} | ret=SUCCESS |  
2019-09-20 08:48:30,402 [IPC Server handler 2 on 45593] INFO  pipeline.PipelinePlacementPolicy (PipelinePlacementPolicy.java:meetCriteria(91)) - Pipeline Placement: Doesn't meet the criteria to be viable node： 486e2aed-8ec4-48b5-a72d-4321926ba785 Heaviness: 6 limit: 5
2019-09-20 08:48:30,403 [IPC Server handler 2 on 45593] INFO  pipeline.PipelinePlacementPolicy (PipelinePlacementPolicy.java:meetCriteria(91)) - Pipeline Placement: Doesn't meet the criteria to be viable node： 50467bd1-4195-43e4-a65a-2977ff96563d Heaviness: 6 limit: 5
2019-09-20 08:48:30,403 [IPC Server handler 2 on 45593] INFO  pipeline.PipelinePlacementPolicy (PipelinePlacementPolicy.java:meetCriteria(91)) - Pipeline Placement: Doesn't meet the criteria to be viable node： b42274c7-cf97-42f2-a751-e4dfd7f73713 Heaviness: 6 limit: 5
2019-09-20 08:48:30,403 [IPC Server handler 2 on 45593] ERROR pipeline.PipelinePlacementPolicy (PipelinePlacementPolicy.java:filterViableNodes(148)) - Unable to find enough nodes that meet the criteria that cannot engage in more than 5 pipelines. Nodes required: 3 Found: 0, healthy nodes count inNodeManager: 3.
2019-09-20 08:48:30,403 [IPC Server handler 2 on 45593] ERROR pipeline.SCMPipelineManager (SCMPipelineManager.java:createPipeline(161)) - Pipeline creation failed due to exception: Unable to find enough nodes that meet the criteria that cannot engage in more than 5 pipelines. Nodes required: 3 Found: 0, healthy nodes count inNodeManager: 3.
2019-09-20 08:48:30,404 [IPC Server handler 2 on 45593] WARN  block.BlockManagerImpl (BlockManagerImpl.java:allocateBlock(192)) - Pipeline creation failed for type:RATIS factor:THREE. Retrying get pipelines call once.
org.apache.hadoop.hdds.scm.exceptions.SCMException: Unable to find enough nodes that meet the criteria that cannot engage in more than 5 pipelines. Nodes required: 3 Found: 0, healthy nodes count inNodeManager: 3.
	at org.apache.hadoop.hdds.scm.pipeline.PipelinePlacementPolicy.filterViableNodes(PipelinePlacementPolicy.java:149)
	at org.apache.hadoop.hdds.scm.pipeline.PipelinePlacementPolicy.chooseDatanodes(PipelinePlacementPolicy.java:172)
	at org.apache.hadoop.hdds.scm.pipeline.RatisPipelineProvider.create(RatisPipelineProvider.java:92)
	at org.apache.hadoop.hdds.scm.pipeline.PipelineFactory.create(PipelineFactory.java:57)
	at org.apache.hadoop.hdds.scm.pipeline.SCMPipelineManager.createPipeline(SCMPipelineManager.java:149)
	at org.apache.hadoop.hdds.scm.block.BlockManagerImpl.allocateBlock(BlockManagerImpl.java:190)
	at org.apache.hadoop.hdds.scm.server.SCMBlockProtocolServer.allocateBlock(SCMBlockProtocolServer.java:175)
	at org.apache.hadoop.ozone.protocolPB.ScmBlockLocationProtocolServerSideTranslatorPB.allocateScmBlock(ScmBlockLocationProtocolServerSideTranslatorPB.java:153)
	at org.apache.hadoop.ozone.protocolPB.ScmBlockLocationProtocolServerSideTranslatorPB.send(ScmBlockLocationProtocolServerSideTranslatorPB.java:112)
	at org.apache.hadoop.hdds.protocol.proto.ScmBlockLocationProtocolProtos$ScmBlockLocationProtocolService$2.callBlockingMethod(ScmBlockLocationProtocolProtos.java:13157)
	at org.apache.hadoop.ipc.ProtobufRpcEngine$Server$ProtoBufRpcInvoker.call(ProtobufRpcEngine.java:524)
	at org.apache.hadoop.ipc.RPC$Server.call(RPC.java:1025)
	at org.apache.hadoop.ipc.Server$RpcCall.run(Server.java:876)
	at org.apache.hadoop.ipc.Server$RpcCall.run(Server.java:822)
	at java.security.AccessController.doPrivileged(Native Method)
	at javax.security.auth.Subject.doAs(Subject.java:422)
	at org.apache.hadoop.security.UserGroupInformation.doAs(UserGroupInformation.java:1730)
	at org.apache.hadoop.ipc.Server$Handler.run(Server.java:2682)
2019-09-20 08:48:30,405 [IPC Server handler 2 on 45593] INFO  block.BlockManagerImpl (BlockManagerImpl.java:allocateBlock(198)) - Could not find available pipeline of type:RATIS and factor:THREE even after retrying
2019-09-20 08:48:30,405 [IPC Server handler 2 on 45593] ERROR block.BlockManagerImpl (BlockManagerImpl.java:allocateBlock(222)) - Unable to allocate a block for the size: 4194304, type: RATIS, factor: THREE
2019-09-20 08:48:30,406 | INFO  | SCMAudit | user=jenkins1000 | ip=192.168.36.79 | op=ALLOCATE_BLOCK {owner=5d66cfd4-6448-4e92-8edf-7a222a268f65, size=4194304, type=RATIS, factor=THREE} | ret=SUCCESS |  
2019-09-20 08:48:30,412 | ERROR | OMAudit | user=jenkins1000 | ip=127.0.0.1 | op=CREATE_FILE {volume=volume58244, bucket=bucket05505, key=zEZ5M, dataSize=0, replicationType=RATIS, replicationFactor=THREE, keyLocationInfo=null} | ret=FAILURE | org.apache.hadoop.hdds.scm.exceptions.SCMException: Allocated 0 blocks. Requested 1 blocks
	at org.apache.hadoop.hdds.scm.protocolPB.ScmBlockLocationProtocolClientSideTranslatorPB.handleError(ScmBlockLocationProtocolClientSideTranslatorPB.java:118)
	at org.apache.hadoop.hdds.scm.protocolPB.ScmBlockLocationProtocolClientSideTranslatorPB.allocateBlock(ScmBlockLocationProtocolClientSideTranslatorPB.java:156) 
2019-09-20 08:48:30,413 [main] INFO  ozone.MiniOzoneClusterImpl (MiniOzoneClusterImpl.java:shutdown(321)) - Shutting down the Mini Ozone Cluster
2019-09-20 08:48:30,414 | INFO  | SCMAudit | user=null | ip=null | op=GET_SCM_INFO null | ret=SUCCESS |  
2019-09-20 08:48:30,414 [main] INFO  ozone.MiniOzoneClusterImpl (MiniOzoneClusterImpl.java:stop(336)) - Stopping the Mini Ozone Cluster
2019-09-20 08:48:30,414 [main] INFO  ozone.MiniOzoneClusterImpl (MiniOzoneClusterImpl.java:stop(338)) - Stopping the OzoneManager
2019-09-20 08:48:30,414 [main] INFO  ipc.Server (Server.java:stop(3082)) - Stopping server on 40811
2019-09-20 08:48:30,417 [IPC Server listener on 40811] INFO  ipc.Server (Server.java:run(1185)) - Stopping IPC Server listener on 40811
2019-09-20 08:48:30,417 [main] INFO  ratis.OzoneManagerDoubleBuffer (OzoneManagerDoubleBuffer.java:stop(248)) - Stopping OMDoubleBuffer flush thread
2019-09-20 08:48:30,417 [IPC Server Responder] INFO  ipc.Server (Server.java:run(1319)) - Stopping IPC Server Responder
2019-09-20 08:48:30,419 [OMDoubleBufferFlushThread] INFO  ratis.OzoneManagerDoubleBuffer (OzoneManagerDoubleBuffer.java:flushTransactions(191)) - OMDoubleBuffer flush thread OMDoubleBufferFlushThread is interrupted and will exit. OMDoubleBufferFlushThread
2019-09-20 08:48:30,419 [main] INFO  utils.BackgroundService (BackgroundService.java:shutdown(148)) - Shutting down service KeyDeletingService
2019-09-20 08:48:30,421 [main] INFO  handler.ContextHandler (ContextHandler.java:doStop(910)) - Stopped o.e.j.w.WebAppContext@66e434e8{/,null,UNAVAILABLE}{/ozoneManager}
2019-09-20 08:48:30,422 [main] INFO  server.AbstractConnector (AbstractConnector.java:doStop(318)) - Stopped ServerConnector@3a7d6976{HTTP/1.1,[http/1.1]}{0.0.0.0:0}
2019-09-20 08:48:30,422 [main] INFO  handler.ContextHandler (ContextHandler.java:doStop(910)) - Stopped o.e.j.s.ServletContextHandler@1e2c0292{/static,jar:file:/home/user/.m2/repository/org/apache/hadoop/hadoop-ozone-ozone-manager/0.5.0-SNAPSHOT/hadoop-ozone-ozone-manager-0.5.0-SNAPSHOT.jar!/webapps/static,UNAVAILABLE}
2019-09-20 08:48:30,422 [main] INFO  handler.ContextHandler (ContextHandler.java:doStop(910)) - Stopped o.e.j.s.ServletContextHandler@16f2d883{/logs,file:///workdir/hadoop-ozone/ozonefs/target/log,UNAVAILABLE}
2019-09-20 08:48:30,424 [main] INFO  ozone.MiniOzoneClusterImpl (MiniOzoneClusterImpl.java:stop(344)) - Shutting the HddsDatanodes
2019-09-20 08:48:30,425 [main] INFO  datanode.ObjectStoreHandler (ObjectStoreHandler.java:close(155)) - Closing ObjectStoreHandler.
2019-09-20 08:48:30,425 [ForkJoinPool.commonPool-worker-0] INFO  datanode.ObjectStoreHandler (ObjectStoreHandler.java:close(155)) - Closing ObjectStoreHandler.
2019-09-20 08:48:30,425 [main] INFO  ozone.HddsDatanodeService (HddsDatanodeService.java:stop(451)) - Stopped plug-in org.apache.hadoop.ozone.web.OzoneHddsDatanodeService@543196f9
2019-09-20 08:48:30,425 [ForkJoinPool.commonPool-worker-0] INFO  ozone.HddsDatanodeService (HddsDatanodeService.java:stop(451)) - Stopped plug-in org.apache.hadoop.ozone.web.OzoneHddsDatanodeService@44f338ec
2019-09-20 08:48:30,665 [Datanode State Machine Thread - 0] INFO  statemachine.DatanodeStateMachine (DatanodeStateMachine.java:lambda$startDaemon$0(350)) - Ozone container server started.
2019-09-20 08:48:30,917 [Datanode State Machine Thread - 0] INFO  statemachine.DatanodeStateMachine (DatanodeStateMachine.java:lambda$startDaemon$0(350)) - Ozone container server started.
2019-09-20 08:48:31,157 | INFO  | SCMAudit | user=jenkins1000 | ip=192.168.36.79 | op=SEND_HEARTBEAT {datanodeUUID=b42274c7-cf97-42f2-a751-e4dfd7f73713, command=[]} | ret=SUCCESS |  
2019-09-20 08:48:31,673 [Thread-1502] INFO  container.ReplicationManager (ReplicationManager.java:start(151)) - Starting Replication Monitor Thread.
2019-09-20 08:48:31,676 [ReplicationMonitor] INFO  container.ReplicationManager (ReplicationManager.java:run(214)) - Replication Monitor Thread took 1 milliseconds for processing 0 containers.
2019-09-20 08:48:32,156 | INFO  | SCMAudit | user=jenkins1000 | ip=192.168.36.79 | op=SEND_HEARTBEAT {datanodeUUID=b42274c7-cf97-42f2-a751-e4dfd7f73713, command=[]} | ret=SUCCESS |  
2019-09-20 08:48:33,157 | INFO  | SCMAudit | user=jenkins1000 | ip=192.168.36.79 | op=SEND_HEARTBEAT {datanodeUUID=b42274c7-cf97-42f2-a751-e4dfd7f73713, command=[]} | ret=SUCCESS |  
2019-09-20 08:48:33,824 [Thread-1504] INFO  impl.FollowerState (FollowerState.java:run(106)) - 486e2aed-8ec4-48b5-a72d-4321926ba785:group-8BA7B8457B61 changes to CANDIDATE, lastRpcTime:5068, electionTimeout:5068ms
2019-09-20 08:48:33,824 [Thread-1504] INFO  impl.RoleInfo (RoleInfo.java:shutdownFollowerState(121)) - 486e2aed-8ec4-48b5-a72d-4321926ba785: shutdown FollowerState
2019-09-20 08:48:33,825 [Thread-1504] INFO  impl.RaftServerImpl (RaftServerImpl.java:setRole(171)) - 486e2aed-8ec4-48b5-a72d-4321926ba785:group-8BA7B8457B61 changes role from FOLLOWER to CANDIDATE at term 0 for changeToCandidate
2019-09-20 08:48:33,825 [Thread-1504] INFO  impl.RoleInfo (RoleInfo.java:updateAndGet(143)) - 486e2aed-8ec4-48b5-a72d-4321926ba785: start LeaderElection
2019-09-20 08:48:33,844 [486e2aed-8ec4-48b5-a72d-4321926ba785:group-8BA7B8457B61:LeaderElection90] INFO  impl.LeaderElection (LeaderElection.java:askForVotes(181)) - 486e2aed-8ec4-48b5-a72d-4321926ba785:group-8BA7B8457B61:LeaderElection90: begin an election at term 1 for -1: [486e2aed-8ec4-48b5-a72d-4321926ba785:192.168.36.79:46251], old=null
2019-09-20 08:48:33,844 [486e2aed-8ec4-48b5-a72d-4321926ba785:group-8BA7B8457B61:LeaderElection90] INFO  impl.RoleInfo (RoleInfo.java:shutdownLeaderElection(134)) - 486e2aed-8ec4-48b5-a72d-4321926ba785: shutdown LeaderElection
2019-09-20 08:48:33,845 [486e2aed-8ec4-48b5-a72d-4321926ba785:group-8BA7B8457B61:LeaderElection90] INFO  impl.RaftServerImpl (RaftServerImpl.java:setRole(171)) - 486e2aed-8ec4-48b5-a72d-4321926ba785:group-8BA7B8457B61 changes role from CANDIDATE to LEADER at term 1 for changeToLeader
2019-09-20 08:48:33,845 [486e2aed-8ec4-48b5-a72d-4321926ba785:group-8BA7B8457B61:LeaderElection90] INFO  impl.RaftServerImpl (ServerState.java:setLeader(263)) - 486e2aed-8ec4-48b5-a72d-4321926ba785:group-8BA7B8457B61 change Leader from null to 486e2aed-8ec4-48b5-a72d-4321926ba785 at term 1 for becomeLeader, leader elected after 5093ms
2019-09-20 08:48:33,845 [486e2aed-8ec4-48b5-a72d-4321926ba785:group-8BA7B8457B61:LeaderElection90] INFO  server.RaftServerConfigKeys (ConfUtils.java:logGet(43)) - raft.server.staging.catchup.gap = 1000 (default)
2019-09-20 08:48:33,845 [486e2aed-8ec4-48b5-a72d-4321926ba785:group-8BA7B8457B61:LeaderElection90] INFO  server.RaftServerConfigKeys (ConfUtils.java:logGet(43)) - raft.server.rpc.sleep.time = 25ms (default)
2019-09-20 08:48:33,845 [486e2aed-8ec4-48b5-a72d-4321926ba785:group-8BA7B8457B61:LeaderElection90] INFO  server.RaftServerConfigKeys (ConfUtils.java:logGet(43)) - raft.server.write.element-limit = 4096 (default)
2019-09-20 08:48:33,846 [486e2aed-8ec4-48b5-a72d-4321926ba785:group-8BA7B8457B61:LeaderElection90] INFO  server.RaftServerConfigKeys (ConfUtils.java:logGet(43)) - raft.server.watch.timeout = 10s (default)
2019-09-20 08:48:33,846 [486e2aed-8ec4-48b5-a72d-4321926ba785:group-8BA7B8457B61:LeaderElection90] INFO  server.RaftServerConfigKeys (ConfUtils.java:logGet(43)) - raft.server.watch.timeout.denomination = 1s (default)
2019-09-20 08:48:33,846 [486e2aed-8ec4-48b5-a72d-4321926ba785:group-8BA7B8457B61:LeaderElection90] INFO  server.RaftServerConfigKeys (ConfUtils.java:logGet(43)) - raft.server.watch.element-limit = 65536 (default)
2019-09-20 08:48:33,846 [486e2aed-8ec4-48b5-a72d-4321926ba785:group-8BA7B8457B61:LeaderElection90] INFO  impl.RoleInfo (RoleInfo.java:updateAndGet(143)) - 486e2aed-8ec4-48b5-a72d-4321926ba785: start LeaderState
2019-09-20 08:48:33,847 [486e2aed-8ec4-48b5-a72d-4321926ba785:group-8BA7B8457B61:LeaderElection90] INFO  segmented.SegmentedRaftLogWorker (SegmentedRaftLogWorker.java:startLogSegment(380)) - 486e2aed-8ec4-48b5-a72d-4321926ba785-SegmentedRaftLogWorker:Storage Directory /workdir/hadoop-ozone/ozonefs/target/test-dir/MiniOzoneClusterImpl-365ddf9a-ca2f-44b8-92d8-11996a9347f6/datanode-0/data/ratis/a2221fc4-ba43-4ee9-8296-8ba7b8457b61: Starting segment from index:0
2019-09-20 08:48:33,847 [486e2aed-8ec4-48b5-a72d-4321926ba785:group-8BA7B8457B61:LeaderElection90] INFO  impl.RaftServerImpl (ServerState.java:setRaftConf(361)) - 486e2aed-8ec4-48b5-a72d-4321926ba785:group-8BA7B8457B61 set configuration 0: [486e2aed-8ec4-48b5-a72d-4321926ba785:192.168.36.79:46251], old=null at 0
2019-09-20 08:48:33,907 [486e2aed-8ec4-48b5-a72d-4321926ba785-SegmentedRaftLogWorker:Storage Directory /workdir/hadoop-ozone/ozonefs/target/test-dir/MiniOzoneClusterImpl-365ddf9a-ca2f-44b8-92d8-11996a9347f6/datanode-0/data/ratis/a2221fc4-ba43-4ee9-8296-8ba7b8457b61] INFO  segmented.SegmentedRaftLogWorker (SegmentedRaftLogWorker.java:execute(569)) - 486e2aed-8ec4-48b5-a72d-4321926ba785-SegmentedRaftLogWorker:Storage Directory /workdir/hadoop-ozone/ozonefs/target/test-dir/MiniOzoneClusterImpl-365ddf9a-ca2f-44b8-92d8-11996a9347f6/datanode-0/data/ratis/a2221fc4-ba43-4ee9-8296-8ba7b8457b61: created new log segment /workdir/hadoop-ozone/ozonefs/target/test-dir/MiniOzoneClusterImpl-365ddf9a-ca2f-44b8-92d8-11996a9347f6/datanode-0/data/ratis/a2221fc4-ba43-4ee9-8296-8ba7b8457b61/current/log_inprogress_0
2019-09-20 08:48:33,943 [Thread-1507] INFO  impl.FollowerState (FollowerState.java:run(106)) - 486e2aed-8ec4-48b5-a72d-4321926ba785:group-F88757A90657 changes to CANDIDATE, lastRpcTime:5124, electionTimeout:5124ms
2019-09-20 08:48:33,943 [Thread-1507] INFO  impl.RoleInfo (RoleInfo.java:shutdownFollowerState(121)) - 486e2aed-8ec4-48b5-a72d-4321926ba785: shutdown FollowerState
2019-09-20 08:48:33,943 [Thread-1507] INFO  impl.RaftServerImpl (RaftServerImpl.java:setRole(171)) - 486e2aed-8ec4-48b5-a72d-4321926ba785:group-F88757A90657 changes role from FOLLOWER to CANDIDATE at term 0 for changeToCandidate
2019-09-20 08:48:33,943 [Thread-1507] INFO  impl.RoleInfo (RoleInfo.java:updateAndGet(143)) - 486e2aed-8ec4-48b5-a72d-4321926ba785: start LeaderElection
2019-09-20 08:48:33,967 [486e2aed-8ec4-48b5-a72d-4321926ba785:group-F88757A90657:LeaderElection91] INFO  impl.LeaderElection (LeaderElection.java:askForVotes(181)) - 486e2aed-8ec4-48b5-a72d-4321926ba785:group-F88757A90657:LeaderElection91: begin an election at term 1 for -1: [486e2aed-8ec4-48b5-a72d-4321926ba785:192.168.36.79:46251], old=null
2019-09-20 08:48:33,967 [486e2aed-8ec4-48b5-a72d-4321926ba785:group-F88757A90657:LeaderElection91] INFO  impl.RoleInfo (RoleInfo.java:shutdownLeaderElection(134)) - 486e2aed-8ec4-48b5-a72d-4321926ba785: shutdown LeaderElection
2019-09-20 08:48:33,968 [486e2aed-8ec4-48b5-a72d-4321926ba785:group-F88757A90657:LeaderElection91] INFO  impl.RaftServerImpl (RaftServerImpl.java:setRole(171)) - 486e2aed-8ec4-48b5-a72d-4321926ba785:group-F88757A90657 changes role from CANDIDATE to LEADER at term 1 for changeToLeader
2019-09-20 08:48:33,968 [486e2aed-8ec4-48b5-a72d-4321926ba785:group-F88757A90657:LeaderElection91] INFO  impl.RaftServerImpl (ServerState.java:setLeader(263)) - 486e2aed-8ec4-48b5-a72d-4321926ba785:group-F88757A90657 change Leader from null to 486e2aed-8ec4-48b5-a72d-4321926ba785 at term 1 for becomeLeader, leader elected after 5152ms
2019-09-20 08:48:33,968 [486e2aed-8ec4-48b5-a72d-4321926ba785:group-F88757A90657:LeaderElection91] INFO  server.RaftServerConfigKeys (ConfUtils.java:logGet(43)) - raft.server.staging.catchup.gap = 1000 (default)
2019-09-20 08:48:33,968 [486e2aed-8ec4-48b5-a72d-4321926ba785:group-F88757A90657:LeaderElection91] INFO  server.RaftServerConfigKeys (ConfUtils.java:logGet(43)) - raft.server.rpc.sleep.time = 25ms (default)
2019-09-20 08:48:33,968 [486e2aed-8ec4-48b5-a72d-4321926ba785:group-F88757A90657:LeaderElection91] INFO  server.RaftServerConfigKeys (ConfUtils.java:logGet(43)) - raft.server.write.element-limit = 4096 (default)
2019-09-20 08:48:33,969 [486e2aed-8ec4-48b5-a72d-4321926ba785:group-F88757A90657:LeaderElection91] INFO  server.RaftServerConfigKeys (ConfUtils.java:logGet(43)) - raft.server.watch.timeout = 10s (default)
2019-09-20 08:48:33,969 [486e2aed-8ec4-48b5-a72d-4321926ba785:group-F88757A90657:LeaderElection91] INFO  server.RaftServerConfigKeys (ConfUtils.java:logGet(43)) - raft.server.watch.timeout.denomination = 1s (default)
2019-09-20 08:48:33,969 [486e2aed-8ec4-48b5-a72d-4321926ba785:group-F88757A90657:LeaderElection91] INFO  server.RaftServerConfigKeys (ConfUtils.java:logGet(43)) - raft.server.watch.element-limit = 65536 (default)
2019-09-20 08:48:33,969 [486e2aed-8ec4-48b5-a72d-4321926ba785:group-F88757A90657:LeaderElection91] INFO  impl.RoleInfo (RoleInfo.java:updateAndGet(143)) - 486e2aed-8ec4-48b5-a72d-4321926ba785: start LeaderState
2019-09-20 08:48:33,969 [486e2aed-8ec4-48b5-a72d-4321926ba785:group-F88757A90657:LeaderElection91] INFO  segmented.SegmentedRaftLogWorker (SegmentedRaftLogWorker.java:startLogSegment(380)) - 486e2aed-8ec4-48b5-a72d-4321926ba785-SegmentedRaftLogWorker:Storage Directory /workdir/hadoop-ozone/ozonefs/target/test-dir/MiniOzoneClusterImpl-365ddf9a-ca2f-44b8-92d8-11996a9347f6/datanode-0/data/ratis/b90d5b31-681b-4b84-b29f-f88757a90657: Starting segment from index:0
2019-09-20 08:48:33,970 [486e2aed-8ec4-48b5-a72d-4321926ba785:group-F88757A90657:LeaderElection91] INFO  impl.RaftServerImpl (ServerState.java:setRaftConf(361)) - 486e2aed-8ec4-48b5-a72d-4321926ba785:group-F88757A90657 set configuration 0: [486e2aed-8ec4-48b5-a72d-4321926ba785:192.168.36.79:46251], old=null at 0
2019-09-20 08:48:33,996 [Thread-1516] INFO  impl.FollowerState (FollowerState.java:run(106)) - 486e2aed-8ec4-48b5-a72d-4321926ba785:group-9C94A3577093 changes to CANDIDATE, lastRpcTime:5046, electionTimeout:5046ms
2019-09-20 08:48:33,996 [Thread-1516] INFO  impl.RoleInfo (RoleInfo.java:shutdownFollowerState(121)) - 486e2aed-8ec4-48b5-a72d-4321926ba785: shutdown FollowerState
2019-09-20 08:48:33,996 [Thread-1516] INFO  impl.RaftServerImpl (RaftServerImpl.java:setRole(171)) - 486e2aed-8ec4-48b5-a72d-4321926ba785:group-9C94A3577093 changes role from FOLLOWER to CANDIDATE at term 0 for changeToCandidate
2019-09-20 08:48:33,996 [Thread-1516] INFO  impl.RoleInfo (RoleInfo.java:updateAndGet(143)) - 486e2aed-8ec4-48b5-a72d-4321926ba785: start LeaderElection
2019-09-20 08:48:34,009 [Thread-1510] INFO  impl.FollowerState (FollowerState.java:run(106)) - 486e2aed-8ec4-48b5-a72d-4321926ba785:group-583685EA08B2 changes to CANDIDATE, lastRpcTime:5137, electionTimeout:5136ms
2019-09-20 08:48:34,009 [Thread-1510] INFO  impl.RoleInfo (RoleInfo.java:shutdownFollowerState(121)) - 486e2aed-8ec4-48b5-a72d-4321926ba785: shutdown FollowerState
2019-09-20 08:48:34,009 [Thread-1510] INFO  impl.RaftServerImpl (RaftServerImpl.java:setRole(171)) - 486e2aed-8ec4-48b5-a72d-4321926ba785:group-583685EA08B2 changes role from FOLLOWER to CANDIDATE at term 0 for changeToCandidate
2019-09-20 08:48:34,010 [Thread-1510] INFO  impl.RoleInfo (RoleInfo.java:updateAndGet(143)) - 486e2aed-8ec4-48b5-a72d-4321926ba785: start LeaderElection
2019-09-20 08:48:34,026 [486e2aed-8ec4-48b5-a72d-4321926ba785-SegmentedRaftLogWorker:Storage Directory /workdir/hadoop-ozone/ozonefs/target/test-dir/MiniOzoneClusterImpl-365ddf9a-ca2f-44b8-92d8-11996a9347f6/datanode-0/data/ratis/b90d5b31-681b-4b84-b29f-f88757a90657] INFO  segmented.SegmentedRaftLogWorker (SegmentedRaftLogWorker.java:execute(569)) - 486e2aed-8ec4-48b5-a72d-4321926ba785-SegmentedRaftLogWorker:Storage Directory /workdir/hadoop-ozone/ozonefs/target/test-dir/MiniOzoneClusterImpl-365ddf9a-ca2f-44b8-92d8-11996a9347f6/datanode-0/data/ratis/b90d5b31-681b-4b84-b29f-f88757a90657: created new log segment /workdir/hadoop-ozone/ozonefs/target/test-dir/MiniOzoneClusterImpl-365ddf9a-ca2f-44b8-92d8-11996a9347f6/datanode-0/data/ratis/b90d5b31-681b-4b84-b29f-f88757a90657/current/log_inprogress_0
2019-09-20 08:48:34,027 [486e2aed-8ec4-48b5-a72d-4321926ba785:group-583685EA08B2:LeaderElection93] INFO  impl.LeaderElection (LeaderElection.java:askForVotes(181)) - 486e2aed-8ec4-48b5-a72d-4321926ba785:group-583685EA08B2:LeaderElection93: begin an election at term 1 for -1: [486e2aed-8ec4-48b5-a72d-4321926ba785:192.168.36.79:46251], old=null
2019-09-20 08:48:34,027 [486e2aed-8ec4-48b5-a72d-4321926ba785:group-9C94A3577093:LeaderElection92] INFO  impl.LeaderElection (LeaderElection.java:askForVotes(181)) - 486e2aed-8ec4-48b5-a72d-4321926ba785:group-9C94A3577093:LeaderElection92: begin an election at term 1 for -1: [486e2aed-8ec4-48b5-a72d-4321926ba785:192.168.36.79:46251], old=null
2019-09-20 08:48:34,027 [486e2aed-8ec4-48b5-a72d-4321926ba785:group-583685EA08B2:LeaderElection93] INFO  impl.RoleInfo (RoleInfo.java:shutdownLeaderElection(134)) - 486e2aed-8ec4-48b5-a72d-4321926ba785: shutdown LeaderElection
2019-09-20 08:48:34,027 [486e2aed-8ec4-48b5-a72d-4321926ba785:group-9C94A3577093:LeaderElection92] INFO  impl.RoleInfo (RoleInfo.java:shutdownLeaderElection(134)) - 486e2aed-8ec4-48b5-a72d-4321926ba785: shutdown LeaderElection
2019-09-20 08:48:34,027 [486e2aed-8ec4-48b5-a72d-4321926ba785:group-583685EA08B2:LeaderElection93] INFO  impl.RaftServerImpl (RaftServerImpl.java:setRole(171)) - 486e2aed-8ec4-48b5-a72d-4321926ba785:group-583685EA08B2 changes role from CANDIDATE to LEADER at term 1 for changeToLeader
2019-09-20 08:48:34,027 [486e2aed-8ec4-48b5-a72d-4321926ba785:group-9C94A3577093:LeaderElection92] INFO  impl.RaftServerImpl (RaftServerImpl.java:setRole(171)) - 486e2aed-8ec4-48b5-a72d-4321926ba785:group-9C94A3577093 changes role from CANDIDATE to LEADER at term 1 for changeToLeader
2019-09-20 08:48:34,027 [486e2aed-8ec4-48b5-a72d-4321926ba785:group-583685EA08B2:LeaderElection93] INFO  impl.RaftServerImpl (ServerState.java:setLeader(263)) - 486e2aed-8ec4-48b5-a72d-4321926ba785:group-583685EA08B2 change Leader from null to 486e2aed-8ec4-48b5-a72d-4321926ba785 at term 1 for becomeLeader, leader elected after 5159ms
2019-09-20 08:48:34,028 [486e2aed-8ec4-48b5-a72d-4321926ba785:group-9C94A3577093:LeaderElection92] INFO  impl.RaftServerImpl (ServerState.java:setLeader(263)) - 486e2aed-8ec4-48b5-a72d-4321926ba785:group-9C94A3577093 change Leader from null to 486e2aed-8ec4-48b5-a72d-4321926ba785 at term 1 for becomeLeader, leader elected after 5081ms
2019-09-20 08:48:34,028 [486e2aed-8ec4-48b5-a72d-4321926ba785:group-583685EA08B2:LeaderElection93] INFO  server.RaftServerConfigKeys (ConfUtils.java:logGet(43)) - raft.server.staging.catchup.gap = 1000 (default)
2019-09-20 08:48:34,028 [486e2aed-8ec4-48b5-a72d-4321926ba785:group-9C94A3577093:LeaderElection92] INFO  server.RaftServerConfigKeys (ConfUtils.java:logGet(43)) - raft.server.staging.catchup.gap = 1000 (default)
2019-09-20 08:48:34,028 [486e2aed-8ec4-48b5-a72d-4321926ba785:group-583685EA08B2:LeaderElection93] INFO  server.RaftServerConfigKeys (ConfUtils.java:logGet(43)) - raft.server.rpc.sleep.time = 25ms (default)
2019-09-20 08:48:34,028 [486e2aed-8ec4-48b5-a72d-4321926ba785:group-9C94A3577093:LeaderElection92] INFO  server.RaftServerConfigKeys (ConfUtils.java:logGet(43)) - raft.server.rpc.sleep.time = 25ms (default)
2019-09-20 08:48:34,028 [486e2aed-8ec4-48b5-a72d-4321926ba785:group-583685EA08B2:LeaderElection93] INFO  server.RaftServerConfigKeys (ConfUtils.java:logGet(43)) - raft.server.write.element-limit = 4096 (default)
2019-09-20 08:48:34,028 [486e2aed-8ec4-48b5-a72d-4321926ba785:group-9C94A3577093:LeaderElection92] INFO  server.RaftServerConfigKeys (ConfUtils.java:logGet(43)) - raft.server.write.element-limit = 4096 (default)
2019-09-20 08:48:34,029 [486e2aed-8ec4-48b5-a72d-4321926ba785:group-583685EA08B2:LeaderElection93] INFO  server.RaftServerConfigKeys (ConfUtils.java:logGet(43)) - raft.server.watch.timeout = 10s (default)
2019-09-20 08:48:34,029 [486e2aed-8ec4-48b5-a72d-4321926ba785:group-9C94A3577093:LeaderElection92] INFO  server.RaftServerConfigKeys (ConfUtils.java:logGet(43)) - raft.server.watch.timeout = 10s (default)
2019-09-20 08:48:34,029 [486e2aed-8ec4-48b5-a72d-4321926ba785:group-583685EA08B2:LeaderElection93] INFO  server.RaftServerConfigKeys (ConfUtils.java:logGet(43)) - raft.server.watch.timeout.denomination = 1s (default)
2019-09-20 08:48:34,029 [486e2aed-8ec4-48b5-a72d-4321926ba785:group-9C94A3577093:LeaderElection92] INFO  server.RaftServerConfigKeys (ConfUtils.java:logGet(43)) - raft.server.watch.timeout.denomination = 1s (default)
2019-09-20 08:48:34,029 [486e2aed-8ec4-48b5-a72d-4321926ba785:group-583685EA08B2:LeaderElection93] INFO  server.RaftServerConfigKeys (ConfUtils.java:logGet(43)) - raft.server.watch.element-limit = 65536 (default)
2019-09-20 08:48:34,029 [486e2aed-8ec4-48b5-a72d-4321926ba785:group-9C94A3577093:LeaderElection92] INFO  server.RaftServerConfigKeys (ConfUtils.java:logGet(43)) - raft.server.watch.element-limit = 65536 (default)
2019-09-20 08:48:34,030 [486e2aed-8ec4-48b5-a72d-4321926ba785:group-583685EA08B2:LeaderElection93] INFO  impl.RoleInfo (RoleInfo.java:updateAndGet(143)) - 486e2aed-8ec4-48b5-a72d-4321926ba785: start LeaderState
2019-09-20 08:48:34,030 [486e2aed-8ec4-48b5-a72d-4321926ba785:group-9C94A3577093:LeaderElection92] INFO  impl.RoleInfo (RoleInfo.java:updateAndGet(143)) - 486e2aed-8ec4-48b5-a72d-4321926ba785: start LeaderState
2019-09-20 08:48:34,030 [486e2aed-8ec4-48b5-a72d-4321926ba785:group-583685EA08B2:LeaderElection93] INFO  segmented.SegmentedRaftLogWorker (SegmentedRaftLogWorker.java:startLogSegment(380)) - 486e2aed-8ec4-48b5-a72d-4321926ba785-SegmentedRaftLogWorker:Storage Directory /workdir/hadoop-ozone/ozonefs/target/test-dir/MiniOzoneClusterImpl-365ddf9a-ca2f-44b8-92d8-11996a9347f6/datanode-0/data/ratis/c33fcd93-6720-47ac-9be2-583685ea08b2: Starting segment from index:0
2019-09-20 08:48:34,030 [486e2aed-8ec4-48b5-a72d-4321926ba785:group-9C94A3577093:LeaderElection92] INFO  segmented.SegmentedRaftLogWorker (SegmentedRaftLogWorker.java:startLogSegment(380)) - 486e2aed-8ec4-48b5-a72d-4321926ba785-SegmentedRaftLogWorker:Storage Directory /workdir/hadoop-ozone/ozonefs/target/test-dir/MiniOzoneClusterImpl-365ddf9a-ca2f-44b8-92d8-11996a9347f6/datanode-0/data/ratis/24eaf838-09c8-4226-8d69-9c94a3577093: Starting segment from index:0
2019-09-20 08:48:34,030 [486e2aed-8ec4-48b5-a72d-4321926ba785:group-583685EA08B2:LeaderElection93] INFO  impl.RaftServerImpl (ServerState.java:setRaftConf(361)) - 486e2aed-8ec4-48b5-a72d-4321926ba785:group-583685EA08B2 set configuration 0: [486e2aed-8ec4-48b5-a72d-4321926ba785:192.168.36.79:46251], old=null at 0
2019-09-20 08:48:34,031 [486e2aed-8ec4-48b5-a72d-4321926ba785:group-9C94A3577093:LeaderElection92] INFO  impl.RaftServerImpl (ServerState.java:setRaftConf(361)) - 486e2aed-8ec4-48b5-a72d-4321926ba785:group-9C94A3577093 set configuration 0: [486e2aed-8ec4-48b5-a72d-4321926ba785:192.168.36.79:46251], old=null at 0
2019-09-20 08:48:34,077 [486e2aed-8ec4-48b5-a72d-4321926ba785-SegmentedRaftLogWorker:Storage Directory /workdir/hadoop-ozone/ozonefs/target/test-dir/MiniOzoneClusterImpl-365ddf9a-ca2f-44b8-92d8-11996a9347f6/datanode-0/data/ratis/24eaf838-09c8-4226-8d69-9c94a3577093] INFO  segmented.SegmentedRaftLogWorker (SegmentedRaftLogWorker.java:execute(569)) - 486e2aed-8ec4-48b5-a72d-4321926ba785-SegmentedRaftLogWorker:Storage Directory /workdir/hadoop-ozone/ozonefs/target/test-dir/MiniOzoneClusterImpl-365ddf9a-ca2f-44b8-92d8-11996a9347f6/datanode-0/data/ratis/24eaf838-09c8-4226-8d69-9c94a3577093: created new log segment /workdir/hadoop-ozone/ozonefs/target/test-dir/MiniOzoneClusterImpl-365ddf9a-ca2f-44b8-92d8-11996a9347f6/datanode-0/data/ratis/24eaf838-09c8-4226-8d69-9c94a3577093/current/log_inprogress_0
2019-09-20 08:48:34,085 [Thread-1513] INFO  impl.FollowerState (FollowerState.java:run(106)) - 486e2aed-8ec4-48b5-a72d-4321926ba785:group-D008019CF1C2 changes to CANDIDATE, lastRpcTime:5177, electionTimeout:5177ms
2019-09-20 08:48:34,085 [Thread-1513] INFO  impl.RoleInfo (RoleInfo.java:shutdownFollowerState(121)) - 486e2aed-8ec4-48b5-a72d-4321926ba785: shutdown FollowerState
2019-09-20 08:48:34,085 [Thread-1513] INFO  impl.RaftServerImpl (RaftServerImpl.java:setRole(171)) - 486e2aed-8ec4-48b5-a72d-4321926ba785:group-D008019CF1C2 changes role from FOLLOWER to CANDIDATE at term 0 for changeToCandidate
2019-09-20 08:48:34,085 [Thread-1513] INFO  impl.RoleInfo (RoleInfo.java:updateAndGet(143)) - 486e2aed-8ec4-48b5-a72d-4321926ba785: start LeaderElection
2019-09-20 08:48:34,093 [486e2aed-8ec4-48b5-a72d-4321926ba785-SegmentedRaftLogWorker:Storage Directory /workdir/hadoop-ozone/ozonefs/target/test-dir/MiniOzoneClusterImpl-365ddf9a-ca2f-44b8-92d8-11996a9347f6/datanode-0/data/ratis/c33fcd93-6720-47ac-9be2-583685ea08b2] INFO  segmented.SegmentedRaftLogWorker (SegmentedRaftLogWorker.java:execute(569)) - 486e2aed-8ec4-48b5-a72d-4321926ba785-SegmentedRaftLogWorker:Storage Directory /workdir/hadoop-ozone/ozonefs/target/test-dir/MiniOzoneClusterImpl-365ddf9a-ca2f-44b8-92d8-11996a9347f6/datanode-0/data/ratis/c33fcd93-6720-47ac-9be2-583685ea08b2: created new log segment /workdir/hadoop-ozone/ozonefs/target/test-dir/MiniOzoneClusterImpl-365ddf9a-ca2f-44b8-92d8-11996a9347f6/datanode-0/data/ratis/c33fcd93-6720-47ac-9be2-583685ea08b2/current/log_inprogress_0
2019-09-20 08:48:34,095 [Thread-1519] INFO  impl.FollowerState (FollowerState.java:run(106)) - 486e2aed-8ec4-48b5-a72d-4321926ba785:group-A16CFA2E99A0 changes to CANDIDATE, lastRpcTime:5076, electionTimeout:5076ms
2019-09-20 08:48:34,095 [Thread-1519] INFO  impl.RoleInfo (RoleInfo.java:shutdownFollowerState(121)) - 486e2aed-8ec4-48b5-a72d-4321926ba785: shutdown FollowerState
2019-09-20 08:48:34,095 [Thread-1519] INFO  impl.RaftServerImpl (RaftServerImpl.java:setRole(171)) - 486e2aed-8ec4-48b5-a72d-4321926ba785:group-A16CFA2E99A0 changes role from FOLLOWER to CANDIDATE at term 0 for changeToCandidate
2019-09-20 08:48:34,095 [Thread-1519] INFO  impl.RoleInfo (RoleInfo.java:updateAndGet(143)) - 486e2aed-8ec4-48b5-a72d-4321926ba785: start LeaderElection
2019-09-20 08:48:34,127 [486e2aed-8ec4-48b5-a72d-4321926ba785:group-D008019CF1C2:LeaderElection94] INFO  impl.LeaderElection (LeaderElection.java:askForVotes(181)) - 486e2aed-8ec4-48b5-a72d-4321926ba785:group-D008019CF1C2:LeaderElection94: begin an election at term 1 for -1: [486e2aed-8ec4-48b5-a72d-4321926ba785:192.168.36.79:46251], old=null
2019-09-20 08:48:34,127 [486e2aed-8ec4-48b5-a72d-4321926ba785:group-A16CFA2E99A0:LeaderElection95] INFO  impl.LeaderElection (LeaderElection.java:askForVotes(181)) - 486e2aed-8ec4-48b5-a72d-4321926ba785:group-A16CFA2E99A0:LeaderElection95: begin an election at term 1 for -1: [486e2aed-8ec4-48b5-a72d-4321926ba785:192.168.36.79:46251], old=null
2019-09-20 08:48:34,127 [486e2aed-8ec4-48b5-a72d-4321926ba785:group-D008019CF1C2:LeaderElection94] INFO  impl.RoleInfo (RoleInfo.java:shutdownLeaderElection(134)) - 486e2aed-8ec4-48b5-a72d-4321926ba785: shutdown LeaderElection
2019-09-20 08:48:34,128 [486e2aed-8ec4-48b5-a72d-4321926ba785:group-A16CFA2E99A0:LeaderElection95] INFO  impl.RoleInfo (RoleInfo.java:shutdownLeaderElection(134)) - 486e2aed-8ec4-48b5-a72d-4321926ba785: shutdown LeaderElection
2019-09-20 08:48:34,128 [486e2aed-8ec4-48b5-a72d-4321926ba785:group-D008019CF1C2:LeaderElection94] INFO  impl.RaftServerImpl (RaftServerImpl.java:setRole(171)) - 486e2aed-8ec4-48b5-a72d-4321926ba785:group-D008019CF1C2 changes role from CANDIDATE to LEADER at term 1 for changeToLeader
2019-09-20 08:48:34,128 [486e2aed-8ec4-48b5-a72d-4321926ba785:group-A16CFA2E99A0:LeaderElection95] INFO  impl.RaftServerImpl (RaftServerImpl.java:setRole(171)) - 486e2aed-8ec4-48b5-a72d-4321926ba785:group-A16CFA2E99A0 changes role from CANDIDATE to LEADER at term 1 for changeToLeader
2019-09-20 08:48:34,128 [486e2aed-8ec4-48b5-a72d-4321926ba785:group-D008019CF1C2:LeaderElection94] INFO  impl.RaftServerImpl (ServerState.java:setLeader(263)) - 486e2aed-8ec4-48b5-a72d-4321926ba785:group-D008019CF1C2 change Leader from null to 486e2aed-8ec4-48b5-a72d-4321926ba785 at term 1 for becomeLeader, leader elected after 5224ms
2019-09-20 08:48:34,128 [486e2aed-8ec4-48b5-a72d-4321926ba785:group-A16CFA2E99A0:LeaderElection95] INFO  impl.RaftServerImpl (ServerState.java:setLeader(263)) - 486e2aed-8ec4-48b5-a72d-4321926ba785:group-A16CFA2E99A0 change Leader from null to 486e2aed-8ec4-48b5-a72d-4321926ba785 at term 1 for becomeLeader, leader elected after 5114ms
2019-09-20 08:48:34,128 [486e2aed-8ec4-48b5-a72d-4321926ba785:group-D008019CF1C2:LeaderElection94] INFO  server.RaftServerConfigKeys (ConfUtils.java:logGet(43)) - raft.server.staging.catchup.gap = 1000 (default)
2019-09-20 08:48:34,129 [486e2aed-8ec4-48b5-a72d-4321926ba785:group-A16CFA2E99A0:LeaderElection95] INFO  server.RaftServerConfigKeys (ConfUtils.java:logGet(43)) - raft.server.staging.catchup.gap = 1000 (default)
2019-09-20 08:48:34,129 [486e2aed-8ec4-48b5-a72d-4321926ba785:group-D008019CF1C2:LeaderElection94] INFO  server.RaftServerConfigKeys (ConfUtils.java:logGet(43)) - raft.server.rpc.sleep.time = 25ms (default)
2019-09-20 08:48:34,129 [486e2aed-8ec4-48b5-a72d-4321926ba785:group-A16CFA2E99A0:LeaderElection95] INFO  server.RaftServerConfigKeys (ConfUtils.java:logGet(43)) - raft.server.rpc.sleep.time = 25ms (default)
2019-09-20 08:48:34,129 [486e2aed-8ec4-48b5-a72d-4321926ba785:group-D008019CF1C2:LeaderElection94] INFO  server.RaftServerConfigKeys (ConfUtils.java:logGet(43)) - raft.server.write.element-limit = 4096 (default)
2019-09-20 08:48:34,129 [486e2aed-8ec4-48b5-a72d-4321926ba785:group-A16CFA2E99A0:LeaderElection95] INFO  server.RaftServerConfigKeys (ConfUtils.java:logGet(43)) - raft.server.write.element-limit = 4096 (default)
2019-09-20 08:48:34,129 [486e2aed-8ec4-48b5-a72d-4321926ba785:group-D008019CF1C2:LeaderElection94] INFO  server.RaftServerConfigKeys (ConfUtils.java:logGet(43)) - raft.server.watch.timeout = 10s (default)
2019-09-20 08:48:34,129 [486e2aed-8ec4-48b5-a72d-4321926ba785:group-A16CFA2E99A0:LeaderElection95] INFO  server.RaftServerConfigKeys (ConfUtils.java:logGet(43)) - raft.server.watch.timeout = 10s (default)
2019-09-20 08:48:34,130 [486e2aed-8ec4-48b5-a72d-4321926ba785:group-D008019CF1C2:LeaderElection94] INFO  server.RaftServerConfigKeys (ConfUtils.java:logGet(43)) - raft.server.watch.timeout.denomination = 1s (default)
2019-09-20 08:48:34,130 [486e2aed-8ec4-48b5-a72d-4321926ba785:group-A16CFA2E99A0:LeaderElection95] INFO  server.RaftServerConfigKeys (ConfUtils.java:logGet(43)) - raft.server.watch.timeout.denomination = 1s (default)
2019-09-20 08:48:34,130 [486e2aed-8ec4-48b5-a72d-4321926ba785:group-D008019CF1C2:LeaderElection94] INFO  server.RaftServerConfigKeys (ConfUtils.java:logGet(43)) - raft.server.watch.element-limit = 65536 (default)
2019-09-20 08:48:34,130 [486e2aed-8ec4-48b5-a72d-4321926ba785:group-A16CFA2E99A0:LeaderElection95] INFO  server.RaftServerConfigKeys (ConfUtils.java:logGet(43)) - raft.server.watch.element-limit = 65536 (default)
2019-09-20 08:48:34,130 [486e2aed-8ec4-48b5-a72d-4321926ba785:group-D008019CF1C2:LeaderElection94] INFO  impl.RoleInfo (RoleInfo.java:updateAndGet(143)) - 486e2aed-8ec4-48b5-a72d-4321926ba785: start LeaderState
2019-09-20 08:48:34,130 [486e2aed-8ec4-48b5-a72d-4321926ba785:group-A16CFA2E99A0:LeaderElection95] INFO  impl.RoleInfo (RoleInfo.java:updateAndGet(143)) - 486e2aed-8ec4-48b5-a72d-4321926ba785: start LeaderState
2019-09-20 08:48:34,131 [486e2aed-8ec4-48b5-a72d-4321926ba785:group-D008019CF1C2:LeaderElection94] INFO  segmented.SegmentedRaftLogWorker (SegmentedRaftLogWorker.java:startLogSegment(380)) - 486e2aed-8ec4-48b5-a72d-4321926ba785-SegmentedRaftLogWorker:Storage Directory /workdir/hadoop-ozone/ozonefs/target/test-dir/MiniOzoneClusterImpl-365ddf9a-ca2f-44b8-92d8-11996a9347f6/datanode-0/data/ratis/c033e228-ae23-48b6-a580-d008019cf1c2: Starting segment from index:0
2019-09-20 08:48:34,131 [486e2aed-8ec4-48b5-a72d-4321926ba785:group-A16CFA2E99A0:LeaderElection95] INFO  segmented.SegmentedRaftLogWorker (SegmentedRaftLogWorker.java:startLogSegment(380)) - 486e2aed-8ec4-48b5-a72d-4321926ba785-SegmentedRaftLogWorker:Storage Directory /workdir/hadoop-ozone/ozonefs/target/test-dir/MiniOzoneClusterImpl-365ddf9a-ca2f-44b8-92d8-11996a9347f6/datanode-0/data/ratis/1e29e47e-4623-43d8-93a5-a16cfa2e99a0: Starting segment from index:0
2019-09-20 08:48:34,131 [486e2aed-8ec4-48b5-a72d-4321926ba785:group-D008019CF1C2:LeaderElection94] INFO  impl.RaftServerImpl (ServerState.java:setRaftConf(361)) - 486e2aed-8ec4-48b5-a72d-4321926ba785:group-D008019CF1C2 set configuration 0: [486e2aed-8ec4-48b5-a72d-4321926ba785:192.168.36.79:46251], old=null at 0
2019-09-20 08:48:34,132 [486e2aed-8ec4-48b5-a72d-4321926ba785:group-A16CFA2E99A0:LeaderElection95] INFO  impl.RaftServerImpl (ServerState.java:setRaftConf(361)) - 486e2aed-8ec4-48b5-a72d-4321926ba785:group-A16CFA2E99A0 set configuration 0: [486e2aed-8ec4-48b5-a72d-4321926ba785:192.168.36.79:46251], old=null at 0
2019-09-20 08:48:34,157 | INFO  | SCMAudit | user=jenkins1000 | ip=192.168.36.79 | op=SEND_HEARTBEAT {datanodeUUID=b42274c7-cf97-42f2-a751-e4dfd7f73713, command=[]} | ret=SUCCESS |  
2019-09-20 08:48:34,203 [486e2aed-8ec4-48b5-a72d-4321926ba785-SegmentedRaftLogWorker:Storage Directory /workdir/hadoop-ozone/ozonefs/target/test-dir/MiniOzoneClusterImpl-365ddf9a-ca2f-44b8-92d8-11996a9347f6/datanode-0/data/ratis/c033e228-ae23-48b6-a580-d008019cf1c2] INFO  segmented.SegmentedRaftLogWorker (SegmentedRaftLogWorker.java:execute(569)) - 486e2aed-8ec4-48b5-a72d-4321926ba785-SegmentedRaftLogWorker:Storage Directory /workdir/hadoop-ozone/ozonefs/target/test-dir/MiniOzoneClusterImpl-365ddf9a-ca2f-44b8-92d8-11996a9347f6/datanode-0/data/ratis/c033e228-ae23-48b6-a580-d008019cf1c2: created new log segment /workdir/hadoop-ozone/ozonefs/target/test-dir/MiniOzoneClusterImpl-365ddf9a-ca2f-44b8-92d8-11996a9347f6/datanode-0/data/ratis/c033e228-ae23-48b6-a580-d008019cf1c2/current/log_inprogress_0
2019-09-20 08:48:34,203 [486e2aed-8ec4-48b5-a72d-4321926ba785-SegmentedRaftLogWorker:Storage Directory /workdir/hadoop-ozone/ozonefs/target/test-dir/MiniOzoneClusterImpl-365ddf9a-ca2f-44b8-92d8-11996a9347f6/datanode-0/data/ratis/1e29e47e-4623-43d8-93a5-a16cfa2e99a0] INFO  segmented.SegmentedRaftLogWorker (SegmentedRaftLogWorker.java:execute(569)) - 486e2aed-8ec4-48b5-a72d-4321926ba785-SegmentedRaftLogWorker:Storage Directory /workdir/hadoop-ozone/ozonefs/target/test-dir/MiniOzoneClusterImpl-365ddf9a-ca2f-44b8-92d8-11996a9347f6/datanode-0/data/ratis/1e29e47e-4623-43d8-93a5-a16cfa2e99a0: created new log segment /workdir/hadoop-ozone/ozonefs/target/test-dir/MiniOzoneClusterImpl-365ddf9a-ca2f-44b8-92d8-11996a9347f6/datanode-0/data/ratis/1e29e47e-4623-43d8-93a5-a16cfa2e99a0/current/log_inprogress_0
2019-09-20 08:48:34,260 [Thread-1522] INFO  impl.FollowerState (FollowerState.java:run(106)) - 50467bd1-4195-43e4-a65a-2977ff96563d:group-BE6CDC7EA34C changes to CANDIDATE, lastRpcTime:5164, electionTimeout:5164ms
2019-09-20 08:48:34,260 [Thread-1522] INFO  impl.RoleInfo (RoleInfo.java:shutdownFollowerState(121)) - 50467bd1-4195-43e4-a65a-2977ff96563d: shutdown FollowerState
2019-09-20 08:48:34,260 [Thread-1522] INFO  impl.RaftServerImpl (RaftServerImpl.java:setRole(171)) - 50467bd1-4195-43e4-a65a-2977ff96563d:group-BE6CDC7EA34C changes role from FOLLOWER to CANDIDATE at term 0 for changeToCandidate
2019-09-20 08:48:34,260 [Thread-1522] INFO  impl.RoleInfo (RoleInfo.java:updateAndGet(143)) - 50467bd1-4195-43e4-a65a-2977ff96563d: start LeaderElection
2019-09-20 08:48:34,270 [Thread-1525] INFO  impl.FollowerState (FollowerState.java:run(106)) - 50467bd1-4195-43e4-a65a-2977ff96563d:group-B05BFDB220DA changes to CANDIDATE, lastRpcTime:5110, electionTimeout:5110ms
2019-09-20 08:48:34,270 [Thread-1525] INFO  impl.RoleInfo (RoleInfo.java:shutdownFollowerState(121)) - 50467bd1-4195-43e4-a65a-2977ff96563d: shutdown FollowerState
2019-09-20 08:48:34,270 [Thread-1525] INFO  impl.RaftServerImpl (RaftServerImpl.java:setRole(171)) - 50467bd1-4195-43e4-a65a-2977ff96563d:group-B05BFDB220DA changes role from FOLLOWER to CANDIDATE at term 0 for changeToCandidate
2019-09-20 08:48:34,270 [Thread-1525] INFO  impl.RoleInfo (RoleInfo.java:updateAndGet(143)) - 50467bd1-4195-43e4-a65a-2977ff96563d: start LeaderElection
2019-09-20 08:48:34,286 [50467bd1-4195-43e4-a65a-2977ff96563d:group-BE6CDC7EA34C:LeaderElection96] INFO  impl.LeaderElection (LeaderElection.java:askForVotes(181)) - 50467bd1-4195-43e4-a65a-2977ff96563d:group-BE6CDC7EA34C:LeaderElection96: begin an election at term 1 for -1: [50467bd1-4195-43e4-a65a-2977ff96563d:192.168.36.79:42155], old=null
2019-09-20 08:48:34,287 [50467bd1-4195-43e4-a65a-2977ff96563d:group-BE6CDC7EA34C:LeaderElection96] INFO  impl.RoleInfo (RoleInfo.java:shutdownLeaderElection(134)) - 50467bd1-4195-43e4-a65a-2977ff96563d: shutdown LeaderElection
2019-09-20 08:48:34,287 [50467bd1-4195-43e4-a65a-2977ff96563d:group-BE6CDC7EA34C:LeaderElection96] INFO  impl.RaftServerImpl (RaftServerImpl.java:setRole(171)) - 50467bd1-4195-43e4-a65a-2977ff96563d:group-BE6CDC7EA34C changes role from CANDIDATE to LEADER at term 1 for changeToLeader
2019-09-20 08:48:34,287 [50467bd1-4195-43e4-a65a-2977ff96563d:group-BE6CDC7EA34C:LeaderElection96] INFO  impl.RaftServerImpl (ServerState.java:setLeader(263)) - 50467bd1-4195-43e4-a65a-2977ff96563d:group-BE6CDC7EA34C change Leader from null to 50467bd1-4195-43e4-a65a-2977ff96563d at term 1 for becomeLeader, leader elected after 5197ms
2019-09-20 08:48:34,287 [50467bd1-4195-43e4-a65a-2977ff96563d:group-BE6CDC7EA34C:LeaderElection96] INFO  server.RaftServerConfigKeys (ConfUtils.java:logGet(43)) - raft.server.staging.catchup.gap = 1000 (default)
2019-09-20 08:48:34,287 [50467bd1-4195-43e4-a65a-2977ff96563d:group-BE6CDC7EA34C:LeaderElection96] INFO  server.RaftServerConfigKeys (ConfUtils.java:logGet(43)) - raft.server.rpc.sleep.time = 25ms (default)
2019-09-20 08:48:34,288 [50467bd1-4195-43e4-a65a-2977ff96563d:group-BE6CDC7EA34C:LeaderElection96] INFO  server.RaftServerConfigKeys (ConfUtils.java:logGet(43)) - raft.server.write.element-limit = 4096 (default)
2019-09-20 08:48:34,288 [50467bd1-4195-43e4-a65a-2977ff96563d:group-BE6CDC7EA34C:LeaderElection96] INFO  server.RaftServerConfigKeys (ConfUtils.java:logGet(43)) - raft.server.watch.timeout = 10s (default)
2019-09-20 08:48:34,288 [50467bd1-4195-43e4-a65a-2977ff96563d:group-BE6CDC7EA34C:LeaderElection96] INFO  server.RaftServerConfigKeys (ConfUtils.java:logGet(43)) - raft.server.watch.timeout.denomination = 1s (default)
2019-09-20 08:48:34,288 [50467bd1-4195-43e4-a65a-2977ff96563d:group-BE6CDC7EA34C:LeaderElection96] INFO  server.RaftServerConfigKeys (ConfUtils.java:logGet(43)) - raft.server.watch.element-limit = 65536 (default)
2019-09-20 08:48:34,288 [50467bd1-4195-43e4-a65a-2977ff96563d:group-BE6CDC7EA34C:LeaderElection96] INFO  impl.RoleInfo (RoleInfo.java:updateAndGet(143)) - 50467bd1-4195-43e4-a65a-2977ff96563d: start LeaderState
2019-09-20 08:48:34,289 [50467bd1-4195-43e4-a65a-2977ff96563d:group-BE6CDC7EA34C:LeaderElection96] INFO  segmented.SegmentedRaftLogWorker (SegmentedRaftLogWorker.java:startLogSegment(380)) - 50467bd1-4195-43e4-a65a-2977ff96563d-SegmentedRaftLogWorker:Storage Directory /workdir/hadoop-ozone/ozonefs/target/test-dir/MiniOzoneClusterImpl-365ddf9a-ca2f-44b8-92d8-11996a9347f6/datanode-1/data/ratis/75c7f255-8395-447e-9f7b-be6cdc7ea34c: Starting segment from index:0
2019-09-20 08:48:34,289 [50467bd1-4195-43e4-a65a-2977ff96563d:group-BE6CDC7EA34C:LeaderElection96] INFO  impl.RaftServerImpl (ServerState.java:setRaftConf(361)) - 50467bd1-4195-43e4-a65a-2977ff96563d:group-BE6CDC7EA34C set configuration 0: [50467bd1-4195-43e4-a65a-2977ff96563d:192.168.36.79:42155], old=null at 0
2019-09-20 08:48:34,304 [50467bd1-4195-43e4-a65a-2977ff96563d:group-B05BFDB220DA:LeaderElection97] INFO  impl.LeaderElection (LeaderElection.java:askForVotes(181)) - 50467bd1-4195-43e4-a65a-2977ff96563d:group-B05BFDB220DA:LeaderElection97: begin an election at term 1 for -1: [50467bd1-4195-43e4-a65a-2977ff96563d:192.168.36.79:42155], old=null
2019-09-20 08:48:34,304 [50467bd1-4195-43e4-a65a-2977ff96563d:group-B05BFDB220DA:LeaderElection97] INFO  impl.RoleInfo (RoleInfo.java:shutdownLeaderElection(134)) - 50467bd1-4195-43e4-a65a-2977ff96563d: shutdown LeaderElection
2019-09-20 08:48:34,304 [50467bd1-4195-43e4-a65a-2977ff96563d:group-B05BFDB220DA:LeaderElection97] INFO  impl.RaftServerImpl (RaftServerImpl.java:setRole(171)) - 50467bd1-4195-43e4-a65a-2977ff96563d:group-B05BFDB220DA changes role from CANDIDATE to LEADER at term 1 for changeToLeader
2019-09-20 08:48:34,304 [50467bd1-4195-43e4-a65a-2977ff96563d:group-B05BFDB220DA:LeaderElection97] INFO  impl.RaftServerImpl (ServerState.java:setLeader(263)) - 50467bd1-4195-43e4-a65a-2977ff96563d:group-B05BFDB220DA change Leader from null to 50467bd1-4195-43e4-a65a-2977ff96563d at term 1 for becomeLeader, leader elected after 5147ms
2019-09-20 08:48:34,304 [50467bd1-4195-43e4-a65a-2977ff96563d:group-B05BFDB220DA:LeaderElection97] INFO  server.RaftServerConfigKeys (ConfUtils.java:logGet(43)) - raft.server.staging.catchup.gap = 1000 (default)
2019-09-20 08:48:34,305 [50467bd1-4195-43e4-a65a-2977ff96563d:group-B05BFDB220DA:LeaderElection97] INFO  server.RaftServerConfigKeys (ConfUtils.java:logGet(43)) - raft.server.rpc.sleep.time = 25ms (default)
2019-09-20 08:48:34,305 [50467bd1-4195-43e4-a65a-2977ff96563d:group-B05BFDB220DA:LeaderElection97] INFO  server.RaftServerConfigKeys (ConfUtils.java:logGet(43)) - raft.server.write.element-limit = 4096 (default)
2019-09-20 08:48:34,305 [50467bd1-4195-43e4-a65a-2977ff96563d:group-B05BFDB220DA:LeaderElection97] INFO  server.RaftServerConfigKeys (ConfUtils.java:logGet(43)) - raft.server.watch.timeout = 10s (default)
2019-09-20 08:48:34,305 [50467bd1-4195-43e4-a65a-2977ff96563d:group-B05BFDB220DA:LeaderElection97] INFO  server.RaftServerConfigKeys (ConfUtils.java:logGet(43)) - raft.server.watch.timeout.denomination = 1s (default)
2019-09-20 08:48:34,305 [50467bd1-4195-43e4-a65a-2977ff96563d:group-B05BFDB220DA:LeaderElection97] INFO  server.RaftServerConfigKeys (ConfUtils.java:logGet(43)) - raft.server.watch.element-limit = 65536 (default)
2019-09-20 08:48:34,306 [50467bd1-4195-43e4-a65a-2977ff96563d:group-B05BFDB220DA:LeaderElection97] INFO  impl.RoleInfo (RoleInfo.java:updateAndGet(143)) - 50467bd1-4195-43e4-a65a-2977ff96563d: start LeaderState
2019-09-20 08:48:34,306 [50467bd1-4195-43e4-a65a-2977ff96563d:group-B05BFDB220DA:LeaderElection97] INFO  segmented.SegmentedRaftLogWorker (SegmentedRaftLogWorker.java:startLogSegment(380)) - 50467bd1-4195-43e4-a65a-2977ff96563d-SegmentedRaftLogWorker:Storage Directory /workdir/hadoop-ozone/ozonefs/target/test-dir/MiniOzoneClusterImpl-365ddf9a-ca2f-44b8-92d8-11996a9347f6/datanode-1/data/ratis/0da42379-ceaf-4cc2-b4ef-b05bfdb220da: Starting segment from index:0
2019-09-20 08:48:34,307 [50467bd1-4195-43e4-a65a-2977ff96563d:group-B05BFDB220DA:LeaderElection97] INFO  impl.RaftServerImpl (ServerState.java:setRaftConf(361)) - 50467bd1-4195-43e4-a65a-2977ff96563d:group-B05BFDB220DA set configuration 0: [50467bd1-4195-43e4-a65a-2977ff96563d:192.168.36.79:42155], old=null at 0
2019-09-20 08:48:34,386 [Thread-1528] INFO  impl.FollowerState (FollowerState.java:run(106)) - 50467bd1-4195-43e4-a65a-2977ff96563d:group-16BD2F4E23EF changes to CANDIDATE, lastRpcTime:5157, electionTimeout:5157ms
2019-09-20 08:48:34,386 [Thread-1528] INFO  impl.RoleInfo (RoleInfo.java:shutdownFollowerState(121)) - 50467bd1-4195-43e4-a65a-2977ff96563d: shutdown FollowerState
2019-09-20 08:48:34,386 [Thread-1528] INFO  impl.RaftServerImpl (RaftServerImpl.java:setRole(171)) - 50467bd1-4195-43e4-a65a-2977ff96563d:group-16BD2F4E23EF changes role from FOLLOWER to CANDIDATE at term 0 for changeToCandidate
2019-09-20 08:48:34,387 [Thread-1528] INFO  impl.RoleInfo (RoleInfo.java:updateAndGet(143)) - 50467bd1-4195-43e4-a65a-2977ff96563d: start LeaderElection
2019-09-20 08:48:34,389 [50467bd1-4195-43e4-a65a-2977ff96563d-SegmentedRaftLogWorker:Storage Directory /workdir/hadoop-ozone/ozonefs/target/test-dir/MiniOzoneClusterImpl-365ddf9a-ca2f-44b8-92d8-11996a9347f6/datanode-1/data/ratis/75c7f255-8395-447e-9f7b-be6cdc7ea34c] INFO  segmented.SegmentedRaftLogWorker (SegmentedRaftLogWorker.java:execute(569)) - 50467bd1-4195-43e4-a65a-2977ff96563d-SegmentedRaftLogWorker:Storage Directory /workdir/hadoop-ozone/ozonefs/target/test-dir/MiniOzoneClusterImpl-365ddf9a-ca2f-44b8-92d8-11996a9347f6/datanode-1/data/ratis/75c7f255-8395-447e-9f7b-be6cdc7ea34c: created new log segment /workdir/hadoop-ozone/ozonefs/target/test-dir/MiniOzoneClusterImpl-365ddf9a-ca2f-44b8-92d8-11996a9347f6/datanode-1/data/ratis/75c7f255-8395-447e-9f7b-be6cdc7ea34c/current/log_inprogress_0
2019-09-20 08:48:34,389 [50467bd1-4195-43e4-a65a-2977ff96563d-SegmentedRaftLogWorker:Storage Directory /workdir/hadoop-ozone/ozonefs/target/test-dir/MiniOzoneClusterImpl-365ddf9a-ca2f-44b8-92d8-11996a9347f6/datanode-1/data/ratis/0da42379-ceaf-4cc2-b4ef-b05bfdb220da] INFO  segmented.SegmentedRaftLogWorker (SegmentedRaftLogWorker.java:execute(569)) - 50467bd1-4195-43e4-a65a-2977ff96563d-SegmentedRaftLogWorker:Storage Directory /workdir/hadoop-ozone/ozonefs/target/test-dir/MiniOzoneClusterImpl-365ddf9a-ca2f-44b8-92d8-11996a9347f6/datanode-1/data/ratis/0da42379-ceaf-4cc2-b4ef-b05bfdb220da: created new log segment /workdir/hadoop-ozone/ozonefs/target/test-dir/MiniOzoneClusterImpl-365ddf9a-ca2f-44b8-92d8-11996a9347f6/datanode-1/data/ratis/0da42379-ceaf-4cc2-b4ef-b05bfdb220da/current/log_inprogress_0
2019-09-20 08:48:34,421 [50467bd1-4195-43e4-a65a-2977ff96563d:group-16BD2F4E23EF:LeaderElection98] INFO  impl.LeaderElection (LeaderElection.java:askForVotes(181)) - 50467bd1-4195-43e4-a65a-2977ff96563d:group-16BD2F4E23EF:LeaderElection98: begin an election at term 1 for -1: [50467bd1-4195-43e4-a65a-2977ff96563d:192.168.36.79:42155], old=null
2019-09-20 08:48:34,421 [50467bd1-4195-43e4-a65a-2977ff96563d:group-16BD2F4E23EF:LeaderElection98] INFO  impl.RoleInfo (RoleInfo.java:shutdownLeaderElection(134)) - 50467bd1-4195-43e4-a65a-2977ff96563d: shutdown LeaderElection
2019-09-20 08:48:34,421 [50467bd1-4195-43e4-a65a-2977ff96563d:group-16BD2F4E23EF:LeaderElection98] INFO  impl.RaftServerImpl (RaftServerImpl.java:setRole(171)) - 50467bd1-4195-43e4-a65a-2977ff96563d:group-16BD2F4E23EF changes role from CANDIDATE to LEADER at term 1 for changeToLeader
2019-09-20 08:48:34,422 [50467bd1-4195-43e4-a65a-2977ff96563d:group-16BD2F4E23EF:LeaderElection98] INFO  impl.RaftServerImpl (ServerState.java:setLeader(263)) - 50467bd1-4195-43e4-a65a-2977ff96563d:group-16BD2F4E23EF change Leader from null to 50467bd1-4195-43e4-a65a-2977ff96563d at term 1 for becomeLeader, leader elected after 5197ms
2019-09-20 08:48:34,422 [50467bd1-4195-43e4-a65a-2977ff96563d:group-16BD2F4E23EF:LeaderElection98] INFO  server.RaftServerConfigKeys (ConfUtils.java:logGet(43)) - raft.server.staging.catchup.gap = 1000 (default)
2019-09-20 08:48:34,422 [50467bd1-4195-43e4-a65a-2977ff96563d:group-16BD2F4E23EF:LeaderElection98] INFO  server.RaftServerConfigKeys (ConfUtils.java:logGet(43)) - raft.server.rpc.sleep.time = 25ms (default)
2019-09-20 08:48:34,422 [50467bd1-4195-43e4-a65a-2977ff96563d:group-16BD2F4E23EF:LeaderElection98] INFO  server.RaftServerConfigKeys (ConfUtils.java:logGet(43)) - raft.server.write.element-limit = 4096 (default)
2019-09-20 08:48:34,422 [50467bd1-4195-43e4-a65a-2977ff96563d:group-16BD2F4E23EF:LeaderElection98] INFO  server.RaftServerConfigKeys (ConfUtils.java:logGet(43)) - raft.server.watch.timeout = 10s (default)
2019-09-20 08:48:34,422 [50467bd1-4195-43e4-a65a-2977ff96563d:group-16BD2F4E23EF:LeaderElection98] INFO  server.RaftServerConfigKeys (ConfUtils.java:logGet(43)) - raft.server.watch.timeout.denomination = 1s (default)
2019-09-20 08:48:34,423 [50467bd1-4195-43e4-a65a-2977ff96563d:group-16BD2F4E23EF:LeaderElection98] INFO  server.RaftServerConfigKeys (ConfUtils.java:logGet(43)) - raft.server.watch.element-limit = 65536 (default)
2019-09-20 08:48:34,423 [50467bd1-4195-43e4-a65a-2977ff96563d:group-16BD2F4E23EF:LeaderElection98] INFO  impl.RoleInfo (RoleInfo.java:updateAndGet(143)) - 50467bd1-4195-43e4-a65a-2977ff96563d: start LeaderState
2019-09-20 08:48:34,423 [50467bd1-4195-43e4-a65a-2977ff96563d:group-16BD2F4E23EF:LeaderElection98] INFO  segmented.SegmentedRaftLogWorker (SegmentedRaftLogWorker.java:startLogSegment(380)) - 50467bd1-4195-43e4-a65a-2977ff96563d-SegmentedRaftLogWorker:Storage Directory /workdir/hadoop-ozone/ozonefs/target/test-dir/MiniOzoneClusterImpl-365ddf9a-ca2f-44b8-92d8-11996a9347f6/datanode-1/data/ratis/b623d578-b6f6-4a03-8807-16bd2f4e23ef: Starting segment from index:0
2019-09-20 08:48:34,424 [50467bd1-4195-43e4-a65a-2977ff96563d:group-16BD2F4E23EF:LeaderElection98] INFO  impl.RaftServerImpl (ServerState.java:setRaftConf(361)) - 50467bd1-4195-43e4-a65a-2977ff96563d:group-16BD2F4E23EF set configuration 0: [50467bd1-4195-43e4-a65a-2977ff96563d:192.168.36.79:42155], old=null at 0
2019-09-20 08:48:34,455 [Thread-1531] INFO  impl.FollowerState (FollowerState.java:run(106)) - b42274c7-cf97-42f2-a751-e4dfd7f73713:group-7BDE35961E18 changes to CANDIDATE, lastRpcTime:5150, electionTimeout:5150ms
2019-09-20 08:48:34,455 [Thread-1531] INFO  impl.RoleInfo (RoleInfo.java:shutdownFollowerState(121)) - b42274c7-cf97-42f2-a751-e4dfd7f73713: shutdown FollowerState
2019-09-20 08:48:34,456 [Thread-1531] INFO  impl.RaftServerImpl (RaftServerImpl.java:setRole(171)) - b42274c7-cf97-42f2-a751-e4dfd7f73713:group-7BDE35961E18 changes role from FOLLOWER to CANDIDATE at term 0 for changeToCandidate
2019-09-20 08:48:34,456 [Thread-1531] INFO  impl.RoleInfo (RoleInfo.java:updateAndGet(143)) - b42274c7-cf97-42f2-a751-e4dfd7f73713: start LeaderElection
2019-09-20 08:48:34,471 [Thread-1534] INFO  impl.FollowerState (FollowerState.java:run(106)) - b42274c7-cf97-42f2-a751-e4dfd7f73713:group-F7D787D6A3FA changes to CANDIDATE, lastRpcTime:5058, electionTimeout:5058ms
2019-09-20 08:48:34,471 [Thread-1534] INFO  impl.RoleInfo (RoleInfo.java:shutdownFollowerState(121)) - b42274c7-cf97-42f2-a751-e4dfd7f73713: shutdown FollowerState
2019-09-20 08:48:34,471 [Thread-1534] INFO  impl.RaftServerImpl (RaftServerImpl.java:setRole(171)) - b42274c7-cf97-42f2-a751-e4dfd7f73713:group-F7D787D6A3FA changes role from FOLLOWER to CANDIDATE at term 0 for changeToCandidate
2019-09-20 08:48:34,471 [Thread-1534] INFO  impl.RoleInfo (RoleInfo.java:updateAndGet(143)) - b42274c7-cf97-42f2-a751-e4dfd7f73713: start LeaderElection
2019-09-20 08:48:34,480 [50467bd1-4195-43e4-a65a-2977ff96563d-SegmentedRaftLogWorker:Storage Directory /workdir/hadoop-ozone/ozonefs/target/test-dir/MiniOzoneClusterImpl-365ddf9a-ca2f-44b8-92d8-11996a9347f6/datanode-1/data/ratis/b623d578-b6f6-4a03-8807-16bd2f4e23ef] INFO  segmented.SegmentedRaftLogWorker (SegmentedRaftLogWorker.java:execute(569)) - 50467bd1-4195-43e4-a65a-2977ff96563d-SegmentedRaftLogWorker:Storage Directory /workdir/hadoop-ozone/ozonefs/target/test-dir/MiniOzoneClusterImpl-365ddf9a-ca2f-44b8-92d8-11996a9347f6/datanode-1/data/ratis/b623d578-b6f6-4a03-8807-16bd2f4e23ef: created new log segment /workdir/hadoop-ozone/ozonefs/target/test-dir/MiniOzoneClusterImpl-365ddf9a-ca2f-44b8-92d8-11996a9347f6/datanode-1/data/ratis/b623d578-b6f6-4a03-8807-16bd2f4e23ef/current/log_inprogress_0
2019-09-20 08:48:34,488 [b42274c7-cf97-42f2-a751-e4dfd7f73713:group-7BDE35961E18:LeaderElection99] INFO  impl.LeaderElection (LeaderElection.java:askForVotes(181)) - b42274c7-cf97-42f2-a751-e4dfd7f73713:group-7BDE35961E18:LeaderElection99: begin an election at term 1 for -1: [b42274c7-cf97-42f2-a751-e4dfd7f73713:192.168.36.79:41526], old=null
2019-09-20 08:48:34,489 [b42274c7-cf97-42f2-a751-e4dfd7f73713:group-7BDE35961E18:LeaderElection99] INFO  impl.RoleInfo (RoleInfo.java:shutdownLeaderElection(134)) - b42274c7-cf97-42f2-a751-e4dfd7f73713: shutdown LeaderElection
2019-09-20 08:48:34,489 [b42274c7-cf97-42f2-a751-e4dfd7f73713:group-7BDE35961E18:LeaderElection99] INFO  impl.RaftServerImpl (RaftServerImpl.java:setRole(171)) - b42274c7-cf97-42f2-a751-e4dfd7f73713:group-7BDE35961E18 changes role from CANDIDATE to LEADER at term 1 for changeToLeader
2019-09-20 08:48:34,489 [b42274c7-cf97-42f2-a751-e4dfd7f73713:group-7BDE35961E18:LeaderElection99] INFO  impl.RaftServerImpl (ServerState.java:setLeader(263)) - b42274c7-cf97-42f2-a751-e4dfd7f73713:group-7BDE35961E18 change Leader from null to b42274c7-cf97-42f2-a751-e4dfd7f73713 at term 1 for becomeLeader, leader elected after 5187ms
2019-09-20 08:48:34,489 [b42274c7-cf97-42f2-a751-e4dfd7f73713:group-7BDE35961E18:LeaderElection99] INFO  server.RaftServerConfigKeys (ConfUtils.java:logGet(43)) - raft.server.staging.catchup.gap = 1000 (default)
2019-09-20 08:48:34,489 [b42274c7-cf97-42f2-a751-e4dfd7f73713:group-7BDE35961E18:LeaderElection99] INFO  server.RaftServerConfigKeys (ConfUtils.java:logGet(43)) - raft.server.rpc.sleep.time = 25ms (default)
2019-09-20 08:48:34,489 [b42274c7-cf97-42f2-a751-e4dfd7f73713:group-7BDE35961E18:LeaderElection99] INFO  server.RaftServerConfigKeys (ConfUtils.java:logGet(43)) - raft.server.write.element-limit = 4096 (default)
2019-09-20 08:48:34,490 [b42274c7-cf97-42f2-a751-e4dfd7f73713:group-7BDE35961E18:LeaderElection99] INFO  server.RaftServerConfigKeys (ConfUtils.java:logGet(43)) - raft.server.watch.timeout = 10s (default)
2019-09-20 08:48:34,490 [b42274c7-cf97-42f2-a751-e4dfd7f73713:group-7BDE35961E18:LeaderElection99] INFO  server.RaftServerConfigKeys (ConfUtils.java:logGet(43)) - raft.server.watch.timeout.denomination = 1s (default)
2019-09-20 08:48:34,490 [b42274c7-cf97-42f2-a751-e4dfd7f73713:group-7BDE35961E18:LeaderElection99] INFO  server.RaftServerConfigKeys (ConfUtils.java:logGet(43)) - raft.server.watch.element-limit = 65536 (default)
2019-09-20 08:48:34,490 [b42274c7-cf97-42f2-a751-e4dfd7f73713:group-7BDE35961E18:LeaderElection99] INFO  impl.RoleInfo (RoleInfo.java:updateAndGet(143)) - b42274c7-cf97-42f2-a751-e4dfd7f73713: start LeaderState
2019-09-20 08:48:34,491 [b42274c7-cf97-42f2-a751-e4dfd7f73713:group-7BDE35961E18:LeaderElection99] INFO  segmented.SegmentedRaftLogWorker (SegmentedRaftLogWorker.java:startLogSegment(380)) - b42274c7-cf97-42f2-a751-e4dfd7f73713-SegmentedRaftLogWorker:Storage Directory /workdir/hadoop-ozone/ozonefs/target/test-dir/MiniOzoneClusterImpl-365ddf9a-ca2f-44b8-92d8-11996a9347f6/datanode-2/data/ratis/a61bdb13-1c87-4b7a-bb53-7bde35961e18: Starting segment from index:0
2019-09-20 08:48:34,491 [b42274c7-cf97-42f2-a751-e4dfd7f73713:group-7BDE35961E18:LeaderElection99] INFO  impl.RaftServerImpl (ServerState.java:setRaftConf(361)) - b42274c7-cf97-42f2-a751-e4dfd7f73713:group-7BDE35961E18 set configuration 0: [b42274c7-cf97-42f2-a751-e4dfd7f73713:192.168.36.79:41526], old=null at 0
2019-09-20 08:48:34,497 [b42274c7-cf97-42f2-a751-e4dfd7f73713:group-F7D787D6A3FA:LeaderElection100] INFO  impl.LeaderElection (LeaderElection.java:askForVotes(181)) - b42274c7-cf97-42f2-a751-e4dfd7f73713:group-F7D787D6A3FA:LeaderElection100: begin an election at term 1 for -1: [b42274c7-cf97-42f2-a751-e4dfd7f73713:192.168.36.79:41526], old=null
2019-09-20 08:48:34,497 [b42274c7-cf97-42f2-a751-e4dfd7f73713:group-F7D787D6A3FA:LeaderElection100] INFO  impl.RoleInfo (RoleInfo.java:shutdownLeaderElection(134)) - b42274c7-cf97-42f2-a751-e4dfd7f73713: shutdown LeaderElection
2019-09-20 08:48:34,497 [b42274c7-cf97-42f2-a751-e4dfd7f73713:group-F7D787D6A3FA:LeaderElection100] INFO  impl.RaftServerImpl (RaftServerImpl.java:setRole(171)) - b42274c7-cf97-42f2-a751-e4dfd7f73713:group-F7D787D6A3FA changes role from CANDIDATE to LEADER at term 1 for changeToLeader
2019-09-20 08:48:34,497 [b42274c7-cf97-42f2-a751-e4dfd7f73713:group-F7D787D6A3FA:LeaderElection100] INFO  impl.RaftServerImpl (ServerState.java:setLeader(263)) - b42274c7-cf97-42f2-a751-e4dfd7f73713:group-F7D787D6A3FA change Leader from null to b42274c7-cf97-42f2-a751-e4dfd7f73713 at term 1 for becomeLeader, leader elected after 5087ms
2019-09-20 08:48:34,497 [b42274c7-cf97-42f2-a751-e4dfd7f73713:group-F7D787D6A3FA:LeaderElection100] INFO  server.RaftServerConfigKeys (ConfUtils.java:logGet(43)) - raft.server.staging.catchup.gap = 1000 (default)
2019-09-20 08:48:34,498 [b42274c7-cf97-42f2-a751-e4dfd7f73713:group-F7D787D6A3FA:LeaderElection100] INFO  server.RaftServerConfigKeys (ConfUtils.java:logGet(43)) - raft.server.rpc.sleep.time = 25ms (default)
2019-09-20 08:48:34,498 [b42274c7-cf97-42f2-a751-e4dfd7f73713:group-F7D787D6A3FA:LeaderElection100] INFO  server.RaftServerConfigKeys (ConfUtils.java:logGet(43)) - raft.server.write.element-limit = 4096 (default)
2019-09-20 08:48:34,498 [b42274c7-cf97-42f2-a751-e4dfd7f73713:group-F7D787D6A3FA:LeaderElection100] INFO  server.RaftServerConfigKeys (ConfUtils.java:logGet(43)) - raft.server.watch.timeout = 10s (default)
2019-09-20 08:48:34,498 [b42274c7-cf97-42f2-a751-e4dfd7f73713:group-F7D787D6A3FA:LeaderElection100] INFO  server.RaftServerConfigKeys (ConfUtils.java:logGet(43)) - raft.server.watch.timeout.denomination = 1s (default)
2019-09-20 08:48:34,498 [b42274c7-cf97-42f2-a751-e4dfd7f73713:group-F7D787D6A3FA:LeaderElection100] INFO  server.RaftServerConfigKeys (ConfUtils.java:logGet(43)) - raft.server.watch.element-limit = 65536 (default)
2019-09-20 08:48:34,499 [b42274c7-cf97-42f2-a751-e4dfd7f73713:group-F7D787D6A3FA:LeaderElection100] INFO  impl.RoleInfo (RoleInfo.java:updateAndGet(143)) - b42274c7-cf97-42f2-a751-e4dfd7f73713: start LeaderState
2019-09-20 08:48:34,499 [b42274c7-cf97-42f2-a751-e4dfd7f73713:group-F7D787D6A3FA:LeaderElection100] INFO  segmented.SegmentedRaftLogWorker (SegmentedRaftLogWorker.java:startLogSegment(380)) - b42274c7-cf97-42f2-a751-e4dfd7f73713-SegmentedRaftLogWorker:Storage Directory /workdir/hadoop-ozone/ozonefs/target/test-dir/MiniOzoneClusterImpl-365ddf9a-ca2f-44b8-92d8-11996a9347f6/datanode-2/data/ratis/f94e243f-82cc-48c8-a732-f7d787d6a3fa: Starting segment from index:0
2019-09-20 08:48:34,500 [b42274c7-cf97-42f2-a751-e4dfd7f73713:group-F7D787D6A3FA:LeaderElection100] INFO  impl.RaftServerImpl (ServerState.java:setRaftConf(361)) - b42274c7-cf97-42f2-a751-e4dfd7f73713:group-F7D787D6A3FA set configuration 0: [b42274c7-cf97-42f2-a751-e4dfd7f73713:192.168.36.79:41526], old=null at 0
2019-09-20 08:48:34,553 [Thread-1537] INFO  impl.FollowerState (FollowerState.java:run(106)) - 50467bd1-4195-43e4-a65a-2977ff96563d:group-762107294266 changes to CANDIDATE, lastRpcTime:5071, electionTimeout:5071ms
2019-09-20 08:48:34,553 [Thread-1537] INFO  impl.RoleInfo (RoleInfo.java:shutdownFollowerState(121)) - 50467bd1-4195-43e4-a65a-2977ff96563d: shutdown FollowerState
2019-09-20 08:48:34,553 [Thread-1537] INFO  impl.RaftServerImpl (RaftServerImpl.java:setRole(171)) - 50467bd1-4195-43e4-a65a-2977ff96563d:group-762107294266 changes role from FOLLOWER to CANDIDATE at term 0 for changeToCandidate
2019-09-20 08:48:34,554 [Thread-1537] INFO  impl.RoleInfo (RoleInfo.java:updateAndGet(143)) - 50467bd1-4195-43e4-a65a-2977ff96563d: start LeaderElection
2019-09-20 08:48:34,564 [b42274c7-cf97-42f2-a751-e4dfd7f73713-SegmentedRaftLogWorker:Storage Directory /workdir/hadoop-ozone/ozonefs/target/test-dir/MiniOzoneClusterImpl-365ddf9a-ca2f-44b8-92d8-11996a9347f6/datanode-2/data/ratis/a61bdb13-1c87-4b7a-bb53-7bde35961e18] INFO  segmented.SegmentedRaftLogWorker (SegmentedRaftLogWorker.java:execute(569)) - b42274c7-cf97-42f2-a751-e4dfd7f73713-SegmentedRaftLogWorker:Storage Directory /workdir/hadoop-ozone/ozonefs/target/test-dir/MiniOzoneClusterImpl-365ddf9a-ca2f-44b8-92d8-11996a9347f6/datanode-2/data/ratis/a61bdb13-1c87-4b7a-bb53-7bde35961e18: created new log segment /workdir/hadoop-ozone/ozonefs/target/test-dir/MiniOzoneClusterImpl-365ddf9a-ca2f-44b8-92d8-11996a9347f6/datanode-2/data/ratis/a61bdb13-1c87-4b7a-bb53-7bde35961e18/current/log_inprogress_0
2019-09-20 08:48:34,581 [b42274c7-cf97-42f2-a751-e4dfd7f73713-SegmentedRaftLogWorker:Storage Directory /workdir/hadoop-ozone/ozonefs/target/test-dir/MiniOzoneClusterImpl-365ddf9a-ca2f-44b8-92d8-11996a9347f6/datanode-2/data/ratis/f94e243f-82cc-48c8-a732-f7d787d6a3fa] INFO  segmented.SegmentedRaftLogWorker (SegmentedRaftLogWorker.java:execute(569)) - b42274c7-cf97-42f2-a751-e4dfd7f73713-SegmentedRaftLogWorker:Storage Directory /workdir/hadoop-ozone/ozonefs/target/test-dir/MiniOzoneClusterImpl-365ddf9a-ca2f-44b8-92d8-11996a9347f6/datanode-2/data/ratis/f94e243f-82cc-48c8-a732-f7d787d6a3fa: created new log segment /workdir/hadoop-ozone/ozonefs/target/test-dir/MiniOzoneClusterImpl-365ddf9a-ca2f-44b8-92d8-11996a9347f6/datanode-2/data/ratis/f94e243f-82cc-48c8-a732-f7d787d6a3fa/current/log_inprogress_0
2019-09-20 08:48:34,581 [50467bd1-4195-43e4-a65a-2977ff96563d:group-762107294266:LeaderElection101] INFO  impl.LeaderElection (LeaderElection.java:askForVotes(181)) - 50467bd1-4195-43e4-a65a-2977ff96563d:group-762107294266:LeaderElection101: begin an election at term 1 for -1: [50467bd1-4195-43e4-a65a-2977ff96563d:192.168.36.79:42155], old=null
2019-09-20 08:48:34,581 [50467bd1-4195-43e4-a65a-2977ff96563d:group-762107294266:LeaderElection101] INFO  impl.RoleInfo (RoleInfo.java:shutdownLeaderElection(134)) - 50467bd1-4195-43e4-a65a-2977ff96563d: shutdown LeaderElection
2019-09-20 08:48:34,581 [50467bd1-4195-43e4-a65a-2977ff96563d:group-762107294266:LeaderElection101] INFO  impl.RaftServerImpl (RaftServerImpl.java:setRole(171)) - 50467bd1-4195-43e4-a65a-2977ff96563d:group-762107294266 changes role from CANDIDATE to LEADER at term 1 for changeToLeader
2019-09-20 08:48:34,581 [50467bd1-4195-43e4-a65a-2977ff96563d:group-762107294266:LeaderElection101] INFO  impl.RaftServerImpl (ServerState.java:setLeader(263)) - 50467bd1-4195-43e4-a65a-2977ff96563d:group-762107294266 change Leader from null to 50467bd1-4195-43e4-a65a-2977ff96563d at term 1 for becomeLeader, leader elected after 5103ms
2019-09-20 08:48:34,582 [50467bd1-4195-43e4-a65a-2977ff96563d:group-762107294266:LeaderElection101] INFO  server.RaftServerConfigKeys (ConfUtils.java:logGet(43)) - raft.server.staging.catchup.gap = 1000 (default)
2019-09-20 08:48:34,582 [50467bd1-4195-43e4-a65a-2977ff96563d:group-762107294266:LeaderElection101] INFO  server.RaftServerConfigKeys (ConfUtils.java:logGet(43)) - raft.server.rpc.sleep.time = 25ms (default)
2019-09-20 08:48:34,582 [50467bd1-4195-43e4-a65a-2977ff96563d:group-762107294266:LeaderElection101] INFO  server.RaftServerConfigKeys (ConfUtils.java:logGet(43)) - raft.server.write.element-limit = 4096 (default)
2019-09-20 08:48:34,582 [50467bd1-4195-43e4-a65a-2977ff96563d:group-762107294266:LeaderElection101] INFO  server.RaftServerConfigKeys (ConfUtils.java:logGet(43)) - raft.server.watch.timeout = 10s (default)
2019-09-20 08:48:34,582 [50467bd1-4195-43e4-a65a-2977ff96563d:group-762107294266:LeaderElection101] INFO  server.RaftServerConfigKeys (ConfUtils.java:logGet(43)) - raft.server.watch.timeout.denomination = 1s (default)
2019-09-20 08:48:34,583 [50467bd1-4195-43e4-a65a-2977ff96563d:group-762107294266:LeaderElection101] INFO  server.RaftServerConfigKeys (ConfUtils.java:logGet(43)) - raft.server.watch.element-limit = 65536 (default)
2019-09-20 08:48:34,583 [50467bd1-4195-43e4-a65a-2977ff96563d:group-762107294266:LeaderElection101] INFO  impl.RoleInfo (RoleInfo.java:updateAndGet(143)) - 50467bd1-4195-43e4-a65a-2977ff96563d: start LeaderState
2019-09-20 08:48:34,583 [50467bd1-4195-43e4-a65a-2977ff96563d:group-762107294266:LeaderElection101] INFO  segmented.SegmentedRaftLogWorker (SegmentedRaftLogWorker.java:startLogSegment(380)) - 50467bd1-4195-43e4-a65a-2977ff96563d-SegmentedRaftLogWorker:Storage Directory /workdir/hadoop-ozone/ozonefs/target/test-dir/MiniOzoneClusterImpl-365ddf9a-ca2f-44b8-92d8-11996a9347f6/datanode-1/data/ratis/d358ce60-d1bc-4d1e-be33-762107294266: Starting segment from index:0
2019-09-20 08:48:34,584 [50467bd1-4195-43e4-a65a-2977ff96563d:group-762107294266:LeaderElection101] INFO  impl.RaftServerImpl (ServerState.java:setRaftConf(361)) - 50467bd1-4195-43e4-a65a-2977ff96563d:group-762107294266 set configuration 0: [50467bd1-4195-43e4-a65a-2977ff96563d:192.168.36.79:42155], old=null at 0
2019-09-20 08:48:34,616 [Thread-1540] INFO  impl.FollowerState (FollowerState.java:run(106)) - b42274c7-cf97-42f2-a751-e4dfd7f73713:group-838FE88CE757 changes to CANDIDATE, lastRpcTime:5018, electionTimeout:5018ms
2019-09-20 08:48:34,616 [Thread-1540] INFO  impl.RoleInfo (RoleInfo.java:shutdownFollowerState(121)) - b42274c7-cf97-42f2-a751-e4dfd7f73713: shutdown FollowerState
2019-09-20 08:48:34,616 [Thread-1540] INFO  impl.RaftServerImpl (RaftServerImpl.java:setRole(171)) - b42274c7-cf97-42f2-a751-e4dfd7f73713:group-838FE88CE757 changes role from FOLLOWER to CANDIDATE at term 0 for changeToCandidate
2019-09-20 08:48:34,617 [Thread-1540] INFO  impl.RoleInfo (RoleInfo.java:updateAndGet(143)) - b42274c7-cf97-42f2-a751-e4dfd7f73713: start LeaderElection
2019-09-20 08:48:34,673 [50467bd1-4195-43e4-a65a-2977ff96563d-SegmentedRaftLogWorker:Storage Directory /workdir/hadoop-ozone/ozonefs/target/test-dir/MiniOzoneClusterImpl-365ddf9a-ca2f-44b8-92d8-11996a9347f6/datanode-1/data/ratis/d358ce60-d1bc-4d1e-be33-762107294266] INFO  segmented.SegmentedRaftLogWorker (SegmentedRaftLogWorker.java:execute(569)) - 50467bd1-4195-43e4-a65a-2977ff96563d-SegmentedRaftLogWorker:Storage Directory /workdir/hadoop-ozone/ozonefs/target/test-dir/MiniOzoneClusterImpl-365ddf9a-ca2f-44b8-92d8-11996a9347f6/datanode-1/data/ratis/d358ce60-d1bc-4d1e-be33-762107294266: created new log segment /workdir/hadoop-ozone/ozonefs/target/test-dir/MiniOzoneClusterImpl-365ddf9a-ca2f-44b8-92d8-11996a9347f6/datanode-1/data/ratis/d358ce60-d1bc-4d1e-be33-762107294266/current/log_inprogress_0
2019-09-20 08:48:34,673 [b42274c7-cf97-42f2-a751-e4dfd7f73713:group-838FE88CE757:LeaderElection102] INFO  impl.LeaderElection (LeaderElection.java:askForVotes(181)) - b42274c7-cf97-42f2-a751-e4dfd7f73713:group-838FE88CE757:LeaderElection102: begin an election at term 1 for -1: [b42274c7-cf97-42f2-a751-e4dfd7f73713:192.168.36.79:41526], old=null
2019-09-20 08:48:34,673 [b42274c7-cf97-42f2-a751-e4dfd7f73713:group-838FE88CE757:LeaderElection102] INFO  impl.RoleInfo (RoleInfo.java:shutdownLeaderElection(134)) - b42274c7-cf97-42f2-a751-e4dfd7f73713: shutdown LeaderElection
2019-09-20 08:48:34,674 [b42274c7-cf97-42f2-a751-e4dfd7f73713:group-838FE88CE757:LeaderElection102] INFO  impl.RaftServerImpl (RaftServerImpl.java:setRole(171)) - b42274c7-cf97-42f2-a751-e4dfd7f73713:group-838FE88CE757 changes role from CANDIDATE to LEADER at term 1 for changeToLeader
2019-09-20 08:48:34,674 [b42274c7-cf97-42f2-a751-e4dfd7f73713:group-838FE88CE757:LeaderElection102] INFO  impl.RaftServerImpl (ServerState.java:setLeader(263)) - b42274c7-cf97-42f2-a751-e4dfd7f73713:group-838FE88CE757 change Leader from null to b42274c7-cf97-42f2-a751-e4dfd7f73713 at term 1 for becomeLeader, leader elected after 5078ms
2019-09-20 08:48:34,674 [b42274c7-cf97-42f2-a751-e4dfd7f73713:group-838FE88CE757:LeaderElection102] INFO  server.RaftServerConfigKeys (ConfUtils.java:logGet(43)) - raft.server.staging.catchup.gap = 1000 (default)
2019-09-20 08:48:34,674 [b42274c7-cf97-42f2-a751-e4dfd7f73713:group-838FE88CE757:LeaderElection102] INFO  server.RaftServerConfigKeys (ConfUtils.java:logGet(43)) - raft.server.rpc.sleep.time = 25ms (default)
2019-09-20 08:48:34,674 [b42274c7-cf97-42f2-a751-e4dfd7f73713:group-838FE88CE757:LeaderElection102] INFO  server.RaftServerConfigKeys (ConfUtils.java:logGet(43)) - raft.server.write.element-limit = 4096 (default)
2019-09-20 08:48:34,674 [b42274c7-cf97-42f2-a751-e4dfd7f73713:group-838FE88CE757:LeaderElection102] INFO  server.RaftServerConfigKeys (ConfUtils.java:logGet(43)) - raft.server.watch.timeout = 10s (default)
2019-09-20 08:48:34,675 [b42274c7-cf97-42f2-a751-e4dfd7f73713:group-838FE88CE757:LeaderElection102] INFO  server.RaftServerConfigKeys (ConfUtils.java:logGet(43)) - raft.server.watch.timeout.denomination = 1s (default)
2019-09-20 08:48:34,675 [b42274c7-cf97-42f2-a751-e4dfd7f73713:group-838FE88CE757:LeaderElection102] INFO  server.RaftServerConfigKeys (ConfUtils.java:logGet(43)) - raft.server.watch.element-limit = 65536 (default)
2019-09-20 08:48:34,675 [b42274c7-cf97-42f2-a751-e4dfd7f73713:group-838FE88CE757:LeaderElection102] INFO  impl.RoleInfo (RoleInfo.java:updateAndGet(143)) - b42274c7-cf97-42f2-a751-e4dfd7f73713: start LeaderState
2019-09-20 08:48:34,675 [b42274c7-cf97-42f2-a751-e4dfd7f73713:group-838FE88CE757:LeaderElection102] INFO  segmented.SegmentedRaftLogWorker (SegmentedRaftLogWorker.java:startLogSegment(380)) - b42274c7-cf97-42f2-a751-e4dfd7f73713-SegmentedRaftLogWorker:Storage Directory /workdir/hadoop-ozone/ozonefs/target/test-dir/MiniOzoneClusterImpl-365ddf9a-ca2f-44b8-92d8-11996a9347f6/datanode-2/data/ratis/95e659c7-b71d-4268-ae64-838fe88ce757: Starting segment from index:0
2019-09-20 08:48:34,676 [b42274c7-cf97-42f2-a751-e4dfd7f73713:group-838FE88CE757:LeaderElection102] INFO  impl.RaftServerImpl (ServerState.java:setRaftConf(361)) - b42274c7-cf97-42f2-a751-e4dfd7f73713:group-838FE88CE757 set configuration 0: [b42274c7-cf97-42f2-a751-e4dfd7f73713:192.168.36.79:41526], old=null at 0
2019-09-20 08:48:34,732 [b42274c7-cf97-42f2-a751-e4dfd7f73713-SegmentedRaftLogWorker:Storage Directory /workdir/hadoop-ozone/ozonefs/target/test-dir/MiniOzoneClusterImpl-365ddf9a-ca2f-44b8-92d8-11996a9347f6/datanode-2/data/ratis/95e659c7-b71d-4268-ae64-838fe88ce757] INFO  segmented.SegmentedRaftLogWorker (SegmentedRaftLogWorker.java:execute(569)) - b42274c7-cf97-42f2-a751-e4dfd7f73713-SegmentedRaftLogWorker:Storage Directory /workdir/hadoop-ozone/ozonefs/target/test-dir/MiniOzoneClusterImpl-365ddf9a-ca2f-44b8-92d8-11996a9347f6/datanode-2/data/ratis/95e659c7-b71d-4268-ae64-838fe88ce757: created new log segment /workdir/hadoop-ozone/ozonefs/target/test-dir/MiniOzoneClusterImpl-365ddf9a-ca2f-44b8-92d8-11996a9347f6/datanode-2/data/ratis/95e659c7-b71d-4268-ae64-838fe88ce757/current/log_inprogress_0
2019-09-20 08:48:34,745 [Thread-1543] INFO  impl.FollowerState (FollowerState.java:run(106)) - 50467bd1-4195-43e4-a65a-2977ff96563d:group-3ABF9DBB5AF0 changes to CANDIDATE, lastRpcTime:5095, electionTimeout:5095ms
2019-09-20 08:48:34,745 [Thread-1543] INFO  impl.RoleInfo (RoleInfo.java:shutdownFollowerState(121)) - 50467bd1-4195-43e4-a65a-2977ff96563d: shutdown FollowerState
2019-09-20 08:48:34,745 [Thread-1543] INFO  impl.RaftServerImpl (RaftServerImpl.java:setRole(171)) - 50467bd1-4195-43e4-a65a-2977ff96563d:group-3ABF9DBB5AF0 changes role from FOLLOWER to CANDIDATE at term 0 for changeToCandidate
2019-09-20 08:48:34,746 [Thread-1543] INFO  impl.RoleInfo (RoleInfo.java:updateAndGet(143)) - 50467bd1-4195-43e4-a65a-2977ff96563d: start LeaderElection
2019-09-20 08:48:34,774 [50467bd1-4195-43e4-a65a-2977ff96563d:group-3ABF9DBB5AF0:LeaderElection103] INFO  impl.LeaderElection (LeaderElection.java:askForVotes(181)) - 50467bd1-4195-43e4-a65a-2977ff96563d:group-3ABF9DBB5AF0:LeaderElection103: begin an election at term 1 for -1: [50467bd1-4195-43e4-a65a-2977ff96563d:192.168.36.79:42155], old=null
2019-09-20 08:48:34,774 [50467bd1-4195-43e4-a65a-2977ff96563d:group-3ABF9DBB5AF0:LeaderElection103] INFO  impl.RoleInfo (RoleInfo.java:shutdownLeaderElection(134)) - 50467bd1-4195-43e4-a65a-2977ff96563d: shutdown LeaderElection
2019-09-20 08:48:34,774 [50467bd1-4195-43e4-a65a-2977ff96563d:group-3ABF9DBB5AF0:LeaderElection103] INFO  impl.RaftServerImpl (RaftServerImpl.java:setRole(171)) - 50467bd1-4195-43e4-a65a-2977ff96563d:group-3ABF9DBB5AF0 changes role from CANDIDATE to LEADER at term 1 for changeToLeader
2019-09-20 08:48:34,774 [50467bd1-4195-43e4-a65a-2977ff96563d:group-3ABF9DBB5AF0:LeaderElection103] INFO  impl.RaftServerImpl (ServerState.java:setLeader(263)) - 50467bd1-4195-43e4-a65a-2977ff96563d:group-3ABF9DBB5AF0 change Leader from null to 50467bd1-4195-43e4-a65a-2977ff96563d at term 1 for becomeLeader, leader elected after 5128ms
2019-09-20 08:48:34,774 [50467bd1-4195-43e4-a65a-2977ff96563d:group-3ABF9DBB5AF0:LeaderElection103] INFO  server.RaftServerConfigKeys (ConfUtils.java:logGet(43)) - raft.server.staging.catchup.gap = 1000 (default)
2019-09-20 08:48:34,774 [50467bd1-4195-43e4-a65a-2977ff96563d:group-3ABF9DBB5AF0:LeaderElection103] INFO  server.RaftServerConfigKeys (ConfUtils.java:logGet(43)) - raft.server.rpc.sleep.time = 25ms (default)
2019-09-20 08:48:34,775 [50467bd1-4195-43e4-a65a-2977ff96563d:group-3ABF9DBB5AF0:LeaderElection103] INFO  server.RaftServerConfigKeys (ConfUtils.java:logGet(43)) - raft.server.write.element-limit = 4096 (default)
2019-09-20 08:48:34,775 [50467bd1-4195-43e4-a65a-2977ff96563d:group-3ABF9DBB5AF0:LeaderElection103] INFO  server.RaftServerConfigKeys (ConfUtils.java:logGet(43)) - raft.server.watch.timeout = 10s (default)
2019-09-20 08:48:34,775 [50467bd1-4195-43e4-a65a-2977ff96563d:group-3ABF9DBB5AF0:LeaderElection103] INFO  server.RaftServerConfigKeys (ConfUtils.java:logGet(43)) - raft.server.watch.timeout.denomination = 1s (default)
2019-09-20 08:48:34,775 [50467bd1-4195-43e4-a65a-2977ff96563d:group-3ABF9DBB5AF0:LeaderElection103] INFO  server.RaftServerConfigKeys (ConfUtils.java:logGet(43)) - raft.server.watch.element-limit = 65536 (default)
2019-09-20 08:48:34,775 [50467bd1-4195-43e4-a65a-2977ff96563d:group-3ABF9DBB5AF0:LeaderElection103] INFO  impl.RoleInfo (RoleInfo.java:updateAndGet(143)) - 50467bd1-4195-43e4-a65a-2977ff96563d: start LeaderState
2019-09-20 08:48:34,775 [50467bd1-4195-43e4-a65a-2977ff96563d:group-3ABF9DBB5AF0:LeaderElection103] INFO  segmented.SegmentedRaftLogWorker (SegmentedRaftLogWorker.java:startLogSegment(380)) - 50467bd1-4195-43e4-a65a-2977ff96563d-SegmentedRaftLogWorker:Storage Directory /workdir/hadoop-ozone/ozonefs/target/test-dir/MiniOzoneClusterImpl-365ddf9a-ca2f-44b8-92d8-11996a9347f6/datanode-1/data/ratis/2a38d1f5-a5b5-4a8a-a1e5-3abf9dbb5af0: Starting segment from index:0
2019-09-20 08:48:34,776 [50467bd1-4195-43e4-a65a-2977ff96563d:group-3ABF9DBB5AF0:LeaderElection103] INFO  impl.RaftServerImpl (ServerState.java:setRaftConf(361)) - 50467bd1-4195-43e4-a65a-2977ff96563d:group-3ABF9DBB5AF0 set configuration 0: [50467bd1-4195-43e4-a65a-2977ff96563d:192.168.36.79:42155], old=null at 0
2019-09-20 08:48:34,782 [Thread-1549] INFO  impl.FollowerState (FollowerState.java:run(106)) - b42274c7-cf97-42f2-a751-e4dfd7f73713:group-01D7EFBFD031 changes to CANDIDATE, lastRpcTime:5022, electionTimeout:5022ms
2019-09-20 08:48:34,782 [Thread-1549] INFO  impl.RoleInfo (RoleInfo.java:shutdownFollowerState(121)) - b42274c7-cf97-42f2-a751-e4dfd7f73713: shutdown FollowerState
2019-09-20 08:48:34,782 [Thread-1549] INFO  impl.RaftServerImpl (RaftServerImpl.java:setRole(171)) - b42274c7-cf97-42f2-a751-e4dfd7f73713:group-01D7EFBFD031 changes role from FOLLOWER to CANDIDATE at term 0 for changeToCandidate
2019-09-20 08:48:34,782 [Thread-1549] INFO  impl.RoleInfo (RoleInfo.java:updateAndGet(143)) - b42274c7-cf97-42f2-a751-e4dfd7f73713: start LeaderElection
2019-09-20 08:48:34,815 [Thread-1546] INFO  impl.FollowerState (FollowerState.java:run(106)) - 50467bd1-4195-43e4-a65a-2977ff96563d:group-630AFEEC2A25 changes to CANDIDATE, lastRpcTime:5106, electionTimeout:5074ms
2019-09-20 08:48:34,815 [Thread-1546] INFO  impl.RoleInfo (RoleInfo.java:shutdownFollowerState(121)) - 50467bd1-4195-43e4-a65a-2977ff96563d: shutdown FollowerState
2019-09-20 08:48:34,815 [Thread-1546] INFO  impl.RaftServerImpl (RaftServerImpl.java:setRole(171)) - 50467bd1-4195-43e4-a65a-2977ff96563d:group-630AFEEC2A25 changes role from FOLLOWER to CANDIDATE at term 0 for changeToCandidate
2019-09-20 08:48:34,815 [Thread-1546] INFO  impl.RoleInfo (RoleInfo.java:updateAndGet(143)) - 50467bd1-4195-43e4-a65a-2977ff96563d: start LeaderElection
2019-09-20 08:48:34,841 [50467bd1-4195-43e4-a65a-2977ff96563d-SegmentedRaftLogWorker:Storage Directory /workdir/hadoop-ozone/ozonefs/target/test-dir/MiniOzoneClusterImpl-365ddf9a-ca2f-44b8-92d8-11996a9347f6/datanode-1/data/ratis/2a38d1f5-a5b5-4a8a-a1e5-3abf9dbb5af0] INFO  segmented.SegmentedRaftLogWorker (SegmentedRaftLogWorker.java:execute(569)) - 50467bd1-4195-43e4-a65a-2977ff96563d-SegmentedRaftLogWorker:Storage Directory /workdir/hadoop-ozone/ozonefs/target/test-dir/MiniOzoneClusterImpl-365ddf9a-ca2f-44b8-92d8-11996a9347f6/datanode-1/data/ratis/2a38d1f5-a5b5-4a8a-a1e5-3abf9dbb5af0: created new log segment /workdir/hadoop-ozone/ozonefs/target/test-dir/MiniOzoneClusterImpl-365ddf9a-ca2f-44b8-92d8-11996a9347f6/datanode-1/data/ratis/2a38d1f5-a5b5-4a8a-a1e5-3abf9dbb5af0/current/log_inprogress_0
2019-09-20 08:48:34,841 [b42274c7-cf97-42f2-a751-e4dfd7f73713:group-01D7EFBFD031:LeaderElection104] INFO  impl.LeaderElection (LeaderElection.java:askForVotes(181)) - b42274c7-cf97-42f2-a751-e4dfd7f73713:group-01D7EFBFD031:LeaderElection104: begin an election at term 1 for -1: [b42274c7-cf97-42f2-a751-e4dfd7f73713:192.168.36.79:41526], old=null
2019-09-20 08:48:34,841 [50467bd1-4195-43e4-a65a-2977ff96563d:group-630AFEEC2A25:LeaderElection105] INFO  impl.LeaderElection (LeaderElection.java:askForVotes(181)) - 50467bd1-4195-43e4-a65a-2977ff96563d:group-630AFEEC2A25:LeaderElection105: begin an election at term 1 for -1: [50467bd1-4195-43e4-a65a-2977ff96563d:192.168.36.79:42155], old=null
2019-09-20 08:48:34,841 [b42274c7-cf97-42f2-a751-e4dfd7f73713:group-01D7EFBFD031:LeaderElection104] INFO  impl.RoleInfo (RoleInfo.java:shutdownLeaderElection(134)) - b42274c7-cf97-42f2-a751-e4dfd7f73713: shutdown LeaderElection
2019-09-20 08:48:34,842 [50467bd1-4195-43e4-a65a-2977ff96563d:group-630AFEEC2A25:LeaderElection105] INFO  impl.RoleInfo (RoleInfo.java:shutdownLeaderElection(134)) - 50467bd1-4195-43e4-a65a-2977ff96563d: shutdown LeaderElection
2019-09-20 08:48:34,842 [b42274c7-cf97-42f2-a751-e4dfd7f73713:group-01D7EFBFD031:LeaderElection104] INFO  impl.RaftServerImpl (RaftServerImpl.java:setRole(171)) - b42274c7-cf97-42f2-a751-e4dfd7f73713:group-01D7EFBFD031 changes role from CANDIDATE to LEADER at term 1 for changeToLeader
2019-09-20 08:48:34,842 [50467bd1-4195-43e4-a65a-2977ff96563d:group-630AFEEC2A25:LeaderElection105] INFO  impl.RaftServerImpl (RaftServerImpl.java:setRole(171)) - 50467bd1-4195-43e4-a65a-2977ff96563d:group-630AFEEC2A25 changes role from CANDIDATE to LEADER at term 1 for changeToLeader
2019-09-20 08:48:34,842 [b42274c7-cf97-42f2-a751-e4dfd7f73713:group-01D7EFBFD031:LeaderElection104] INFO  impl.RaftServerImpl (ServerState.java:setLeader(263)) - b42274c7-cf97-42f2-a751-e4dfd7f73713:group-01D7EFBFD031 change Leader from null to b42274c7-cf97-42f2-a751-e4dfd7f73713 at term 1 for becomeLeader, leader elected after 5086ms
2019-09-20 08:48:34,842 [50467bd1-4195-43e4-a65a-2977ff96563d:group-630AFEEC2A25:LeaderElection105] INFO  impl.RaftServerImpl (ServerState.java:setLeader(263)) - 50467bd1-4195-43e4-a65a-2977ff96563d:group-630AFEEC2A25 change Leader from null to 50467bd1-4195-43e4-a65a-2977ff96563d at term 1 for becomeLeader, leader elected after 5137ms
2019-09-20 08:48:34,842 [b42274c7-cf97-42f2-a751-e4dfd7f73713:group-01D7EFBFD031:LeaderElection104] INFO  server.RaftServerConfigKeys (ConfUtils.java:logGet(43)) - raft.server.staging.catchup.gap = 1000 (default)
2019-09-20 08:48:34,842 [50467bd1-4195-43e4-a65a-2977ff96563d:group-630AFEEC2A25:LeaderElection105] INFO  server.RaftServerConfigKeys (ConfUtils.java:logGet(43)) - raft.server.staging.catchup.gap = 1000 (default)
2019-09-20 08:48:34,842 [b42274c7-cf97-42f2-a751-e4dfd7f73713:group-01D7EFBFD031:LeaderElection104] INFO  server.RaftServerConfigKeys (ConfUtils.java:logGet(43)) - raft.server.rpc.sleep.time = 25ms (default)
2019-09-20 08:48:34,842 [50467bd1-4195-43e4-a65a-2977ff96563d:group-630AFEEC2A25:LeaderElection105] INFO  server.RaftServerConfigKeys (ConfUtils.java:logGet(43)) - raft.server.rpc.sleep.time = 25ms (default)
2019-09-20 08:48:34,843 [b42274c7-cf97-42f2-a751-e4dfd7f73713:group-01D7EFBFD031:LeaderElection104] INFO  server.RaftServerConfigKeys (ConfUtils.java:logGet(43)) - raft.server.write.element-limit = 4096 (default)
2019-09-20 08:48:34,843 [50467bd1-4195-43e4-a65a-2977ff96563d:group-630AFEEC2A25:LeaderElection105] INFO  server.RaftServerConfigKeys (ConfUtils.java:logGet(43)) - raft.server.write.element-limit = 4096 (default)
2019-09-20 08:48:34,843 [b42274c7-cf97-42f2-a751-e4dfd7f73713:group-01D7EFBFD031:LeaderElection104] INFO  server.RaftServerConfigKeys (ConfUtils.java:logGet(43)) - raft.server.watch.timeout = 10s (default)
2019-09-20 08:48:34,843 [50467bd1-4195-43e4-a65a-2977ff96563d:group-630AFEEC2A25:LeaderElection105] INFO  server.RaftServerConfigKeys (ConfUtils.java:logGet(43)) - raft.server.watch.timeout = 10s (default)
2019-09-20 08:48:34,843 [b42274c7-cf97-42f2-a751-e4dfd7f73713:group-01D7EFBFD031:LeaderElection104] INFO  server.RaftServerConfigKeys (ConfUtils.java:logGet(43)) - raft.server.watch.timeout.denomination = 1s (default)
2019-09-20 08:48:34,843 [50467bd1-4195-43e4-a65a-2977ff96563d:group-630AFEEC2A25:LeaderElection105] INFO  server.RaftServerConfigKeys (ConfUtils.java:logGet(43)) - raft.server.watch.timeout.denomination = 1s (default)
2019-09-20 08:48:34,843 [b42274c7-cf97-42f2-a751-e4dfd7f73713:group-01D7EFBFD031:LeaderElection104] INFO  server.RaftServerConfigKeys (ConfUtils.java:logGet(43)) - raft.server.watch.element-limit = 65536 (default)
2019-09-20 08:48:34,844 [50467bd1-4195-43e4-a65a-2977ff96563d:group-630AFEEC2A25:LeaderElection105] INFO  server.RaftServerConfigKeys (ConfUtils.java:logGet(43)) - raft.server.watch.element-limit = 65536 (default)
2019-09-20 08:48:34,844 [b42274c7-cf97-42f2-a751-e4dfd7f73713:group-01D7EFBFD031:LeaderElection104] INFO  impl.RoleInfo (RoleInfo.java:updateAndGet(143)) - b42274c7-cf97-42f2-a751-e4dfd7f73713: start LeaderState
2019-09-20 08:48:34,844 [50467bd1-4195-43e4-a65a-2977ff96563d:group-630AFEEC2A25:LeaderElection105] INFO  impl.RoleInfo (RoleInfo.java:updateAndGet(143)) - 50467bd1-4195-43e4-a65a-2977ff96563d: start LeaderState
2019-09-20 08:48:34,844 [b42274c7-cf97-42f2-a751-e4dfd7f73713:group-01D7EFBFD031:LeaderElection104] INFO  segmented.SegmentedRaftLogWorker (SegmentedRaftLogWorker.java:startLogSegment(380)) - b42274c7-cf97-42f2-a751-e4dfd7f73713-SegmentedRaftLogWorker:Storage Directory /workdir/hadoop-ozone/ozonefs/target/test-dir/MiniOzoneClusterImpl-365ddf9a-ca2f-44b8-92d8-11996a9347f6/datanode-2/data/ratis/ea88ad5c-cb7f-4584-b084-01d7efbfd031: Starting segment from index:0
2019-09-20 08:48:34,844 [50467bd1-4195-43e4-a65a-2977ff96563d:group-630AFEEC2A25:LeaderElection105] INFO  segmented.SegmentedRaftLogWorker (SegmentedRaftLogWorker.java:startLogSegment(380)) - 50467bd1-4195-43e4-a65a-2977ff96563d-SegmentedRaftLogWorker:Storage Directory /workdir/hadoop-ozone/ozonefs/target/test-dir/MiniOzoneClusterImpl-365ddf9a-ca2f-44b8-92d8-11996a9347f6/datanode-1/data/ratis/79eda0a4-36bf-4d00-8851-630afeec2a25: Starting segment from index:0
2019-09-20 08:48:34,845 [b42274c7-cf97-42f2-a751-e4dfd7f73713:group-01D7EFBFD031:LeaderElection104] INFO  impl.RaftServerImpl (ServerState.java:setRaftConf(361)) - b42274c7-cf97-42f2-a751-e4dfd7f73713:group-01D7EFBFD031 set configuration 0: [b42274c7-cf97-42f2-a751-e4dfd7f73713:192.168.36.79:41526], old=null at 0
2019-09-20 08:48:34,845 [50467bd1-4195-43e4-a65a-2977ff96563d:group-630AFEEC2A25:LeaderElection105] INFO  impl.RaftServerImpl (ServerState.java:setRaftConf(361)) - 50467bd1-4195-43e4-a65a-2977ff96563d:group-630AFEEC2A25 set configuration 0: [50467bd1-4195-43e4-a65a-2977ff96563d:192.168.36.79:42155], old=null at 0
2019-09-20 08:48:34,891 [b42274c7-cf97-42f2-a751-e4dfd7f73713-SegmentedRaftLogWorker:Storage Directory /workdir/hadoop-ozone/ozonefs/target/test-dir/MiniOzoneClusterImpl-365ddf9a-ca2f-44b8-92d8-11996a9347f6/datanode-2/data/ratis/ea88ad5c-cb7f-4584-b084-01d7efbfd031] INFO  segmented.SegmentedRaftLogWorker (SegmentedRaftLogWorker.java:execute(569)) - b42274c7-cf97-42f2-a751-e4dfd7f73713-SegmentedRaftLogWorker:Storage Directory /workdir/hadoop-ozone/ozonefs/target/test-dir/MiniOzoneClusterImpl-365ddf9a-ca2f-44b8-92d8-11996a9347f6/datanode-2/data/ratis/ea88ad5c-cb7f-4584-b084-01d7efbfd031: created new log segment /workdir/hadoop-ozone/ozonefs/target/test-dir/MiniOzoneClusterImpl-365ddf9a-ca2f-44b8-92d8-11996a9347f6/datanode-2/data/ratis/ea88ad5c-cb7f-4584-b084-01d7efbfd031/current/log_inprogress_0
2019-09-20 08:48:34,908 [50467bd1-4195-43e4-a65a-2977ff96563d-SegmentedRaftLogWorker:Storage Directory /workdir/hadoop-ozone/ozonefs/target/test-dir/MiniOzoneClusterImpl-365ddf9a-ca2f-44b8-92d8-11996a9347f6/datanode-1/data/ratis/79eda0a4-36bf-4d00-8851-630afeec2a25] INFO  segmented.SegmentedRaftLogWorker (SegmentedRaftLogWorker.java:execute(569)) - 50467bd1-4195-43e4-a65a-2977ff96563d-SegmentedRaftLogWorker:Storage Directory /workdir/hadoop-ozone/ozonefs/target/test-dir/MiniOzoneClusterImpl-365ddf9a-ca2f-44b8-92d8-11996a9347f6/datanode-1/data/ratis/79eda0a4-36bf-4d00-8851-630afeec2a25: created new log segment /workdir/hadoop-ozone/ozonefs/target/test-dir/MiniOzoneClusterImpl-365ddf9a-ca2f-44b8-92d8-11996a9347f6/datanode-1/data/ratis/79eda0a4-36bf-4d00-8851-630afeec2a25/current/log_inprogress_0
2019-09-20 08:48:34,910 [Thread-1552] INFO  impl.FollowerState (FollowerState.java:run(106)) - b42274c7-cf97-42f2-a751-e4dfd7f73713:group-326822AF7F54 changes to CANDIDATE, lastRpcTime:5066, electionTimeout:5066ms
2019-09-20 08:48:34,910 [Thread-1552] INFO  impl.RoleInfo (RoleInfo.java:shutdownFollowerState(121)) - b42274c7-cf97-42f2-a751-e4dfd7f73713: shutdown FollowerState
2019-09-20 08:48:34,910 [Thread-1552] INFO  impl.RaftServerImpl (RaftServerImpl.java:setRole(171)) - b42274c7-cf97-42f2-a751-e4dfd7f73713:group-326822AF7F54 changes role from FOLLOWER to CANDIDATE at term 0 for changeToCandidate
2019-09-20 08:48:34,910 [Thread-1552] INFO  impl.RoleInfo (RoleInfo.java:updateAndGet(143)) - b42274c7-cf97-42f2-a751-e4dfd7f73713: start LeaderElection
2019-09-20 08:48:34,922 [Thread-1555] INFO  impl.FollowerState (FollowerState.java:run(106)) - b42274c7-cf97-42f2-a751-e4dfd7f73713:group-35F6BD05E760 changes to CANDIDATE, lastRpcTime:5020, electionTimeout:5020ms
2019-09-20 08:48:34,922 [Thread-1555] INFO  impl.RoleInfo (RoleInfo.java:shutdownFollowerState(121)) - b42274c7-cf97-42f2-a751-e4dfd7f73713: shutdown FollowerState
2019-09-20 08:48:34,922 [Thread-1555] INFO  impl.RaftServerImpl (RaftServerImpl.java:setRole(171)) - b42274c7-cf97-42f2-a751-e4dfd7f73713:group-35F6BD05E760 changes role from FOLLOWER to CANDIDATE at term 0 for changeToCandidate
2019-09-20 08:48:34,923 [Thread-1555] INFO  impl.RoleInfo (RoleInfo.java:updateAndGet(143)) - b42274c7-cf97-42f2-a751-e4dfd7f73713: start LeaderElection
2019-09-20 08:48:34,934 [b42274c7-cf97-42f2-a751-e4dfd7f73713:group-326822AF7F54:LeaderElection106] INFO  impl.LeaderElection (LeaderElection.java:askForVotes(181)) - b42274c7-cf97-42f2-a751-e4dfd7f73713:group-326822AF7F54:LeaderElection106: begin an election at term 1 for -1: [b42274c7-cf97-42f2-a751-e4dfd7f73713:192.168.36.79:41526], old=null
2019-09-20 08:48:34,934 [b42274c7-cf97-42f2-a751-e4dfd7f73713:group-326822AF7F54:LeaderElection106] INFO  impl.RoleInfo (RoleInfo.java:shutdownLeaderElection(134)) - b42274c7-cf97-42f2-a751-e4dfd7f73713: shutdown LeaderElection
2019-09-20 08:48:34,934 [b42274c7-cf97-42f2-a751-e4dfd7f73713:group-326822AF7F54:LeaderElection106] INFO  impl.RaftServerImpl (RaftServerImpl.java:setRole(171)) - b42274c7-cf97-42f2-a751-e4dfd7f73713:group-326822AF7F54 changes role from CANDIDATE to LEADER at term 1 for changeToLeader
2019-09-20 08:48:34,934 [b42274c7-cf97-42f2-a751-e4dfd7f73713:group-326822AF7F54:LeaderElection106] INFO  impl.RaftServerImpl (ServerState.java:setLeader(263)) - b42274c7-cf97-42f2-a751-e4dfd7f73713:group-326822AF7F54 change Leader from null to b42274c7-cf97-42f2-a751-e4dfd7f73713 at term 1 for becomeLeader, leader elected after 5094ms
2019-09-20 08:48:34,934 [b42274c7-cf97-42f2-a751-e4dfd7f73713:group-326822AF7F54:LeaderElection106] INFO  server.RaftServerConfigKeys (ConfUtils.java:logGet(43)) - raft.server.staging.catchup.gap = 1000 (default)
2019-09-20 08:48:34,935 [b42274c7-cf97-42f2-a751-e4dfd7f73713:group-326822AF7F54:LeaderElection106] INFO  server.RaftServerConfigKeys (ConfUtils.java:logGet(43)) - raft.server.rpc.sleep.time = 25ms (default)
2019-09-20 08:48:34,935 [b42274c7-cf97-42f2-a751-e4dfd7f73713:group-326822AF7F54:LeaderElection106] INFO  server.RaftServerConfigKeys (ConfUtils.java:logGet(43)) - raft.server.write.element-limit = 4096 (default)
2019-09-20 08:48:34,935 [b42274c7-cf97-42f2-a751-e4dfd7f73713:group-326822AF7F54:LeaderElection106] INFO  server.RaftServerConfigKeys (ConfUtils.java:logGet(43)) - raft.server.watch.timeout = 10s (default)
2019-09-20 08:48:34,935 [b42274c7-cf97-42f2-a751-e4dfd7f73713:group-326822AF7F54:LeaderElection106] INFO  server.RaftServerConfigKeys (ConfUtils.java:logGet(43)) - raft.server.watch.timeout.denomination = 1s (default)
2019-09-20 08:48:34,935 [b42274c7-cf97-42f2-a751-e4dfd7f73713:group-326822AF7F54:LeaderElection106] INFO  server.RaftServerConfigKeys (ConfUtils.java:logGet(43)) - raft.server.watch.element-limit = 65536 (default)
2019-09-20 08:48:34,935 [b42274c7-cf97-42f2-a751-e4dfd7f73713:group-326822AF7F54:LeaderElection106] INFO  impl.RoleInfo (RoleInfo.java:updateAndGet(143)) - b42274c7-cf97-42f2-a751-e4dfd7f73713: start LeaderState
2019-09-20 08:48:34,936 [b42274c7-cf97-42f2-a751-e4dfd7f73713:group-326822AF7F54:LeaderElection106] INFO  segmented.SegmentedRaftLogWorker (SegmentedRaftLogWorker.java:startLogSegment(380)) - b42274c7-cf97-42f2-a751-e4dfd7f73713-SegmentedRaftLogWorker:Storage Directory /workdir/hadoop-ozone/ozonefs/target/test-dir/MiniOzoneClusterImpl-365ddf9a-ca2f-44b8-92d8-11996a9347f6/datanode-2/data/ratis/9f2716cc-f3d8-4c28-9d79-326822af7f54: Starting segment from index:0
2019-09-20 08:48:34,936 [b42274c7-cf97-42f2-a751-e4dfd7f73713:group-326822AF7F54:LeaderElection106] INFO  impl.RaftServerImpl (ServerState.java:setRaftConf(361)) - b42274c7-cf97-42f2-a751-e4dfd7f73713:group-326822AF7F54 set configuration 0: [b42274c7-cf97-42f2-a751-e4dfd7f73713:192.168.36.79:41526], old=null at 0
2019-09-20 08:48:34,951 [b42274c7-cf97-42f2-a751-e4dfd7f73713:group-35F6BD05E760:LeaderElection107] INFO  impl.LeaderElection (LeaderElection.java:askForVotes(181)) - b42274c7-cf97-42f2-a751-e4dfd7f73713:group-35F6BD05E760:LeaderElection107: begin an election at term 1 for -1: [b42274c7-cf97-42f2-a751-e4dfd7f73713:192.168.36.79:41526], old=null
2019-09-20 08:48:34,951 [b42274c7-cf97-42f2-a751-e4dfd7f73713:group-35F6BD05E760:LeaderElection107] INFO  impl.RoleInfo (RoleInfo.java:shutdownLeaderElection(134)) - b42274c7-cf97-42f2-a751-e4dfd7f73713: shutdown LeaderElection
2019-09-20 08:48:34,951 [b42274c7-cf97-42f2-a751-e4dfd7f73713:group-35F6BD05E760:LeaderElection107] INFO  impl.RaftServerImpl (RaftServerImpl.java:setRole(171)) - b42274c7-cf97-42f2-a751-e4dfd7f73713:group-35F6BD05E760 changes role from CANDIDATE to LEADER at term 1 for changeToLeader
2019-09-20 08:48:34,951 [b42274c7-cf97-42f2-a751-e4dfd7f73713:group-35F6BD05E760:LeaderElection107] INFO  impl.RaftServerImpl (ServerState.java:setLeader(263)) - b42274c7-cf97-42f2-a751-e4dfd7f73713:group-35F6BD05E760 change Leader from null to b42274c7-cf97-42f2-a751-e4dfd7f73713 at term 1 for becomeLeader, leader elected after 5052ms
2019-09-20 08:48:34,951 [b42274c7-cf97-42f2-a751-e4dfd7f73713:group-35F6BD05E760:LeaderElection107] INFO  server.RaftServerConfigKeys (ConfUtils.java:logGet(43)) - raft.server.staging.catchup.gap = 1000 (default)
2019-09-20 08:48:34,951 [b42274c7-cf97-42f2-a751-e4dfd7f73713:group-35F6BD05E760:LeaderElection107] INFO  server.RaftServerConfigKeys (ConfUtils.java:logGet(43)) - raft.server.rpc.sleep.time = 25ms (default)
2019-09-20 08:48:34,952 [b42274c7-cf97-42f2-a751-e4dfd7f73713:group-35F6BD05E760:LeaderElection107] INFO  server.RaftServerConfigKeys (ConfUtils.java:logGet(43)) - raft.server.write.element-limit = 4096 (default)
2019-09-20 08:48:34,952 [b42274c7-cf97-42f2-a751-e4dfd7f73713:group-35F6BD05E760:LeaderElection107] INFO  server.RaftServerConfigKeys (ConfUtils.java:logGet(43)) - raft.server.watch.timeout = 10s (default)
2019-09-20 08:48:34,952 [b42274c7-cf97-42f2-a751-e4dfd7f73713:group-35F6BD05E760:LeaderElection107] INFO  server.RaftServerConfigKeys (ConfUtils.java:logGet(43)) - raft.server.watch.timeout.denomination = 1s (default)
2019-09-20 08:48:34,952 [b42274c7-cf97-42f2-a751-e4dfd7f73713:group-35F6BD05E760:LeaderElection107] INFO  server.RaftServerConfigKeys (ConfUtils.java:logGet(43)) - raft.server.watch.element-limit = 65536 (default)
2019-09-20 08:48:34,952 [b42274c7-cf97-42f2-a751-e4dfd7f73713:group-35F6BD05E760:LeaderElection107] INFO  impl.RoleInfo (RoleInfo.java:updateAndGet(143)) - b42274c7-cf97-42f2-a751-e4dfd7f73713: start LeaderState
2019-09-20 08:48:34,952 [b42274c7-cf97-42f2-a751-e4dfd7f73713:group-35F6BD05E760:LeaderElection107] INFO  segmented.SegmentedRaftLogWorker (SegmentedRaftLogWorker.java:startLogSegment(380)) - b42274c7-cf97-42f2-a751-e4dfd7f73713-SegmentedRaftLogWorker:Storage Directory /workdir/hadoop-ozone/ozonefs/target/test-dir/MiniOzoneClusterImpl-365ddf9a-ca2f-44b8-92d8-11996a9347f6/datanode-2/data/ratis/0be0bd6b-7525-4fa6-918b-35f6bd05e760: Starting segment from index:0
2019-09-20 08:48:34,953 [b42274c7-cf97-42f2-a751-e4dfd7f73713:group-35F6BD05E760:LeaderElection107] INFO  impl.RaftServerImpl (ServerState.java:setRaftConf(361)) - b42274c7-cf97-42f2-a751-e4dfd7f73713:group-35F6BD05E760 set configuration 0: [b42274c7-cf97-42f2-a751-e4dfd7f73713:192.168.36.79:41526], old=null at 0
2019-09-20 08:48:35,002 [b42274c7-cf97-42f2-a751-e4dfd7f73713-SegmentedRaftLogWorker:Storage Directory /workdir/hadoop-ozone/ozonefs/target/test-dir/MiniOzoneClusterImpl-365ddf9a-ca2f-44b8-92d8-11996a9347f6/datanode-2/data/ratis/9f2716cc-f3d8-4c28-9d79-326822af7f54] INFO  segmented.SegmentedRaftLogWorker (SegmentedRaftLogWorker.java:execute(569)) - b42274c7-cf97-42f2-a751-e4dfd7f73713-SegmentedRaftLogWorker:Storage Directory /workdir/hadoop-ozone/ozonefs/target/test-dir/MiniOzoneClusterImpl-365ddf9a-ca2f-44b8-92d8-11996a9347f6/datanode-2/data/ratis/9f2716cc-f3d8-4c28-9d79-326822af7f54: created new log segment /workdir/hadoop-ozone/ozonefs/target/test-dir/MiniOzoneClusterImpl-365ddf9a-ca2f-44b8-92d8-11996a9347f6/datanode-2/data/ratis/9f2716cc-f3d8-4c28-9d79-326822af7f54/current/log_inprogress_0
2019-09-20 08:48:35,019 [b42274c7-cf97-42f2-a751-e4dfd7f73713-SegmentedRaftLogWorker:Storage Directory /workdir/hadoop-ozone/ozonefs/target/test-dir/MiniOzoneClusterImpl-365ddf9a-ca2f-44b8-92d8-11996a9347f6/datanode-2/data/ratis/0be0bd6b-7525-4fa6-918b-35f6bd05e760] INFO  segmented.SegmentedRaftLogWorker (SegmentedRaftLogWorker.java:execute(569)) - b42274c7-cf97-42f2-a751-e4dfd7f73713-SegmentedRaftLogWorker:Storage Directory /workdir/hadoop-ozone/ozonefs/target/test-dir/MiniOzoneClusterImpl-365ddf9a-ca2f-44b8-92d8-11996a9347f6/datanode-2/data/ratis/0be0bd6b-7525-4fa6-918b-35f6bd05e760: created new log segment /workdir/hadoop-ozone/ozonefs/target/test-dir/MiniOzoneClusterImpl-365ddf9a-ca2f-44b8-92d8-11996a9347f6/datanode-2/data/ratis/0be0bd6b-7525-4fa6-918b-35f6bd05e760/current/log_inprogress_0
2019-09-20 08:48:35,156 | INFO  | SCMAudit | user=jenkins1000 | ip=192.168.36.79 | op=SEND_HEARTBEAT {datanodeUUID=b42274c7-cf97-42f2-a751-e4dfd7f73713, command=[]} | ret=SUCCESS |  
2019-09-20 08:48:35,426 [main] INFO  ozoneimpl.OzoneContainer (OzoneContainer.java:stop(199)) - Attempting to stop container services.
2019-09-20 08:48:35,426 [ForkJoinPool.commonPool-worker-0] INFO  ozoneimpl.OzoneContainer (OzoneContainer.java:stop(199)) - Attempting to stop container services.
2019-09-20 08:48:35,427 [main] INFO  impl.RaftServerProxy (RaftServerProxy.java:lambda$close$4(314)) - 50467bd1-4195-43e4-a65a-2977ff96563d: close
2019-09-20 08:48:35,427 [ForkJoinPool.commonPool-worker-0] INFO  impl.RaftServerProxy (RaftServerProxy.java:lambda$close$4(314)) - 486e2aed-8ec4-48b5-a72d-4321926ba785: close
2019-09-20 08:48:35,427 [main] INFO  impl.RaftServerImpl (RaftServerImpl.java:lambda$shutdown$3(245)) - 50467bd1-4195-43e4-a65a-2977ff96563d: shutdown group-630AFEEC2A25
2019-09-20 08:48:35,428 [ForkJoinPool.commonPool-worker-0] INFO  impl.RaftServerImpl (RaftServerImpl.java:lambda$shutdown$3(245)) - 486e2aed-8ec4-48b5-a72d-4321926ba785: shutdown group-F88757A90657
2019-09-20 08:48:35,428 [main] INFO  util.JmxRegister (JmxRegister.java:unregister(73)) - Successfully un-registered JMX Bean with object name Ratis:service=RaftServer,group=group-630AFEEC2A25,id=50467bd1-4195-43e4-a65a-2977ff96563d
2019-09-20 08:48:35,428 [ForkJoinPool.commonPool-worker-0] INFO  util.JmxRegister (JmxRegister.java:unregister(73)) - Successfully un-registered JMX Bean with object name Ratis:service=RaftServer,group=group-F88757A90657,id=486e2aed-8ec4-48b5-a72d-4321926ba785
2019-09-20 08:48:35,429 [ForkJoinPool.commonPool-worker-0] INFO  impl.RoleInfo (RoleInfo.java:shutdownLeaderState(104)) - 486e2aed-8ec4-48b5-a72d-4321926ba785: shutdown LeaderState
2019-09-20 08:48:35,429 [main] INFO  impl.RoleInfo (RoleInfo.java:shutdownLeaderState(104)) - 50467bd1-4195-43e4-a65a-2977ff96563d: shutdown LeaderState
2019-09-20 08:48:35,430 [ForkJoinPool.commonPool-worker-0] INFO  impl.PendingRequests (PendingRequests.java:sendNotLeaderResponses(202)) - 486e2aed-8ec4-48b5-a72d-4321926ba785-PendingRequests: sendNotLeaderResponses
2019-09-20 08:48:35,430 [main] INFO  impl.PendingRequests (PendingRequests.java:sendNotLeaderResponses(202)) - 50467bd1-4195-43e4-a65a-2977ff96563d-PendingRequests: sendNotLeaderResponses
2019-09-20 08:48:35,430 [ForkJoinPool.commonPool-worker-0] INFO  impl.StateMachineUpdater (StateMachineUpdater.java:stopAndJoin(115)) - StateMachineUpdater:486e2aed-8ec4-48b5-a72d-4321926ba785:group-F88757A90657: set stopIndex = 0
2019-09-20 08:48:35,431 [ForkJoinPool.commonPool-worker-0] INFO  impl.RaftServerImpl (ServerState.java:close(394)) - 486e2aed-8ec4-48b5-a72d-4321926ba785:group-F88757A90657 closes. The last applied log index is 0
2019-09-20 08:48:35,431 [main] INFO  impl.StateMachineUpdater (StateMachineUpdater.java:stopAndJoin(115)) - StateMachineUpdater:50467bd1-4195-43e4-a65a-2977ff96563d:group-630AFEEC2A25: set stopIndex = 0
2019-09-20 08:48:35,432 [main] INFO  impl.RaftServerImpl (ServerState.java:close(394)) - 50467bd1-4195-43e4-a65a-2977ff96563d:group-630AFEEC2A25 closes. The last applied log index is 0
2019-09-20 08:48:35,432 [486e2aed-8ec4-48b5-a72d-4321926ba785-SegmentedRaftLogWorker:Storage Directory /workdir/hadoop-ozone/ozonefs/target/test-dir/MiniOzoneClusterImpl-365ddf9a-ca2f-44b8-92d8-11996a9347f6/datanode-0/data/ratis/b90d5b31-681b-4b84-b29f-f88757a90657] INFO  segmented.SegmentedRaftLogWorker (SegmentedRaftLogWorker.java:run(313)) - 486e2aed-8ec4-48b5-a72d-4321926ba785-SegmentedRaftLogWorker:Storage Directory /workdir/hadoop-ozone/ozonefs/target/test-dir/MiniOzoneClusterImpl-365ddf9a-ca2f-44b8-92d8-11996a9347f6/datanode-0/data/ratis/b90d5b31-681b-4b84-b29f-f88757a90657 was interrupted, exiting. There are 0 tasks remaining in the queue.
2019-09-20 08:48:35,433 [50467bd1-4195-43e4-a65a-2977ff96563d-SegmentedRaftLogWorker:Storage Directory /workdir/hadoop-ozone/ozonefs/target/test-dir/MiniOzoneClusterImpl-365ddf9a-ca2f-44b8-92d8-11996a9347f6/datanode-1/data/ratis/79eda0a4-36bf-4d00-8851-630afeec2a25] INFO  segmented.SegmentedRaftLogWorker (SegmentedRaftLogWorker.java:run(313)) - 50467bd1-4195-43e4-a65a-2977ff96563d-SegmentedRaftLogWorker:Storage Directory /workdir/hadoop-ozone/ozonefs/target/test-dir/MiniOzoneClusterImpl-365ddf9a-ca2f-44b8-92d8-11996a9347f6/datanode-1/data/ratis/79eda0a4-36bf-4d00-8851-630afeec2a25 was interrupted, exiting. There are 0 tasks remaining in the queue.
2019-09-20 08:48:35,433 [ForkJoinPool.commonPool-worker-0] INFO  segmented.SegmentedRaftLogWorker (SegmentedRaftLogWorker.java:close(228)) - 486e2aed-8ec4-48b5-a72d-4321926ba785-SegmentedRaftLogWorker:Storage Directory /workdir/hadoop-ozone/ozonefs/target/test-dir/MiniOzoneClusterImpl-365ddf9a-ca2f-44b8-92d8-11996a9347f6/datanode-0/data/ratis/b90d5b31-681b-4b84-b29f-f88757a90657 close()
2019-09-20 08:48:35,433 [main] INFO  segmented.SegmentedRaftLogWorker (SegmentedRaftLogWorker.java:close(228)) - 50467bd1-4195-43e4-a65a-2977ff96563d-SegmentedRaftLogWorker:Storage Directory /workdir/hadoop-ozone/ozonefs/target/test-dir/MiniOzoneClusterImpl-365ddf9a-ca2f-44b8-92d8-11996a9347f6/datanode-1/data/ratis/79eda0a4-36bf-4d00-8851-630afeec2a25 close()
2019-09-20 08:48:35,436 [ForkJoinPool.commonPool-worker-0] INFO  impl.RaftServerImpl (RaftServerImpl.java:lambda$shutdown$3(245)) - 486e2aed-8ec4-48b5-a72d-4321926ba785: shutdown group-9C94A3577093
2019-09-20 08:48:35,437 [main] INFO  impl.RaftServerImpl (RaftServerImpl.java:lambda$shutdown$3(245)) - 50467bd1-4195-43e4-a65a-2977ff96563d: shutdown group-16BD2F4E23EF
2019-09-20 08:48:35,438 [ForkJoinPool.commonPool-worker-0] INFO  util.JmxRegister (JmxRegister.java:unregister(73)) - Successfully un-registered JMX Bean with object name Ratis:service=RaftServer,group=group-9C94A3577093,id=486e2aed-8ec4-48b5-a72d-4321926ba785
2019-09-20 08:48:35,438 [main] INFO  util.JmxRegister (JmxRegister.java:unregister(73)) - Successfully un-registered JMX Bean with object name Ratis:service=RaftServer,group=group-16BD2F4E23EF,id=50467bd1-4195-43e4-a65a-2977ff96563d
2019-09-20 08:48:35,438 [ForkJoinPool.commonPool-worker-0] INFO  impl.RoleInfo (RoleInfo.java:shutdownLeaderState(104)) - 486e2aed-8ec4-48b5-a72d-4321926ba785: shutdown LeaderState
2019-09-20 08:48:35,439 [main] INFO  impl.RoleInfo (RoleInfo.java:shutdownLeaderState(104)) - 50467bd1-4195-43e4-a65a-2977ff96563d: shutdown LeaderState
2019-09-20 08:48:35,439 [ForkJoinPool.commonPool-worker-0] INFO  impl.PendingRequests (PendingRequests.java:sendNotLeaderResponses(202)) - 486e2aed-8ec4-48b5-a72d-4321926ba785-PendingRequests: sendNotLeaderResponses
2019-09-20 08:48:35,440 [main] INFO  impl.PendingRequests (PendingRequests.java:sendNotLeaderResponses(202)) - 50467bd1-4195-43e4-a65a-2977ff96563d-PendingRequests: sendNotLeaderResponses
2019-09-20 08:48:35,440 [ForkJoinPool.commonPool-worker-0] INFO  impl.StateMachineUpdater (StateMachineUpdater.java:stopAndJoin(115)) - StateMachineUpdater:486e2aed-8ec4-48b5-a72d-4321926ba785:group-9C94A3577093: set stopIndex = 0
2019-09-20 08:48:35,440 [main] INFO  impl.StateMachineUpdater (StateMachineUpdater.java:stopAndJoin(115)) - StateMachineUpdater:50467bd1-4195-43e4-a65a-2977ff96563d:group-16BD2F4E23EF: set stopIndex = 0
2019-09-20 08:48:35,441 [main] INFO  impl.RaftServerImpl (ServerState.java:close(394)) - 50467bd1-4195-43e4-a65a-2977ff96563d:group-16BD2F4E23EF closes. The last applied log index is 0
2019-09-20 08:48:35,441 [ForkJoinPool.commonPool-worker-0] INFO  impl.RaftServerImpl (ServerState.java:close(394)) - 486e2aed-8ec4-48b5-a72d-4321926ba785:group-9C94A3577093 closes. The last applied log index is 0
2019-09-20 08:48:35,442 [50467bd1-4195-43e4-a65a-2977ff96563d-SegmentedRaftLogWorker:Storage Directory /workdir/hadoop-ozone/ozonefs/target/test-dir/MiniOzoneClusterImpl-365ddf9a-ca2f-44b8-92d8-11996a9347f6/datanode-1/data/ratis/b623d578-b6f6-4a03-8807-16bd2f4e23ef] INFO  segmented.SegmentedRaftLogWorker (SegmentedRaftLogWorker.java:run(313)) - 50467bd1-4195-43e4-a65a-2977ff96563d-SegmentedRaftLogWorker:Storage Directory /workdir/hadoop-ozone/ozonefs/target/test-dir/MiniOzoneClusterImpl-365ddf9a-ca2f-44b8-92d8-11996a9347f6/datanode-1/data/ratis/b623d578-b6f6-4a03-8807-16bd2f4e23ef was interrupted, exiting. There are 0 tasks remaining in the queue.
2019-09-20 08:48:35,442 [486e2aed-8ec4-48b5-a72d-4321926ba785-SegmentedRaftLogWorker:Storage Directory /workdir/hadoop-ozone/ozonefs/target/test-dir/MiniOzoneClusterImpl-365ddf9a-ca2f-44b8-92d8-11996a9347f6/datanode-0/data/ratis/24eaf838-09c8-4226-8d69-9c94a3577093] INFO  segmented.SegmentedRaftLogWorker (SegmentedRaftLogWorker.java:run(313)) - 486e2aed-8ec4-48b5-a72d-4321926ba785-SegmentedRaftLogWorker:Storage Directory /workdir/hadoop-ozone/ozonefs/target/test-dir/MiniOzoneClusterImpl-365ddf9a-ca2f-44b8-92d8-11996a9347f6/datanode-0/data/ratis/24eaf838-09c8-4226-8d69-9c94a3577093 was interrupted, exiting. There are 0 tasks remaining in the queue.
2019-09-20 08:48:35,442 [main] INFO  segmented.SegmentedRaftLogWorker (SegmentedRaftLogWorker.java:close(228)) - 50467bd1-4195-43e4-a65a-2977ff96563d-SegmentedRaftLogWorker:Storage Directory /workdir/hadoop-ozone/ozonefs/target/test-dir/MiniOzoneClusterImpl-365ddf9a-ca2f-44b8-92d8-11996a9347f6/datanode-1/data/ratis/b623d578-b6f6-4a03-8807-16bd2f4e23ef close()
2019-09-20 08:48:35,442 [ForkJoinPool.commonPool-worker-0] INFO  segmented.SegmentedRaftLogWorker (SegmentedRaftLogWorker.java:close(228)) - 486e2aed-8ec4-48b5-a72d-4321926ba785-SegmentedRaftLogWorker:Storage Directory /workdir/hadoop-ozone/ozonefs/target/test-dir/MiniOzoneClusterImpl-365ddf9a-ca2f-44b8-92d8-11996a9347f6/datanode-0/data/ratis/24eaf838-09c8-4226-8d69-9c94a3577093 close()
2019-09-20 08:48:35,444 [main] INFO  impl.RaftServerImpl (RaftServerImpl.java:lambda$shutdown$3(245)) - 50467bd1-4195-43e4-a65a-2977ff96563d: shutdown group-762107294266
2019-09-20 08:48:35,446 [ForkJoinPool.commonPool-worker-0] INFO  impl.RaftServerImpl (RaftServerImpl.java:lambda$shutdown$3(245)) - 486e2aed-8ec4-48b5-a72d-4321926ba785: shutdown group-D008019CF1C2
2019-09-20 08:48:35,446 [main] INFO  util.JmxRegister (JmxRegister.java:unregister(73)) - Successfully un-registered JMX Bean with object name Ratis:service=RaftServer,group=group-762107294266,id=50467bd1-4195-43e4-a65a-2977ff96563d
2019-09-20 08:48:35,447 [main] INFO  impl.RoleInfo (RoleInfo.java:shutdownLeaderState(104)) - 50467bd1-4195-43e4-a65a-2977ff96563d: shutdown LeaderState
2019-09-20 08:48:35,447 [ForkJoinPool.commonPool-worker-0] INFO  util.JmxRegister (JmxRegister.java:unregister(73)) - Successfully un-registered JMX Bean with object name Ratis:service=RaftServer,group=group-D008019CF1C2,id=486e2aed-8ec4-48b5-a72d-4321926ba785
2019-09-20 08:48:35,448 [main] INFO  impl.PendingRequests (PendingRequests.java:sendNotLeaderResponses(202)) - 50467bd1-4195-43e4-a65a-2977ff96563d-PendingRequests: sendNotLeaderResponses
2019-09-20 08:48:35,448 [ForkJoinPool.commonPool-worker-0] INFO  impl.RoleInfo (RoleInfo.java:shutdownLeaderState(104)) - 486e2aed-8ec4-48b5-a72d-4321926ba785: shutdown LeaderState
2019-09-20 08:48:35,448 [main] INFO  impl.StateMachineUpdater (StateMachineUpdater.java:stopAndJoin(115)) - StateMachineUpdater:50467bd1-4195-43e4-a65a-2977ff96563d:group-762107294266: set stopIndex = 0
2019-09-20 08:48:35,449 [ForkJoinPool.commonPool-worker-0] INFO  impl.PendingRequests (PendingRequests.java:sendNotLeaderResponses(202)) - 486e2aed-8ec4-48b5-a72d-4321926ba785-PendingRequests: sendNotLeaderResponses
2019-09-20 08:48:35,449 [main] INFO  impl.RaftServerImpl (ServerState.java:close(394)) - 50467bd1-4195-43e4-a65a-2977ff96563d:group-762107294266 closes. The last applied log index is 0
2019-09-20 08:48:35,449 [ForkJoinPool.commonPool-worker-0] INFO  impl.StateMachineUpdater (StateMachineUpdater.java:stopAndJoin(115)) - StateMachineUpdater:486e2aed-8ec4-48b5-a72d-4321926ba785:group-D008019CF1C2: set stopIndex = 0
2019-09-20 08:48:35,450 [50467bd1-4195-43e4-a65a-2977ff96563d-SegmentedRaftLogWorker:Storage Directory /workdir/hadoop-ozone/ozonefs/target/test-dir/MiniOzoneClusterImpl-365ddf9a-ca2f-44b8-92d8-11996a9347f6/datanode-1/data/ratis/d358ce60-d1bc-4d1e-be33-762107294266] INFO  segmented.SegmentedRaftLogWorker (SegmentedRaftLogWorker.java:run(313)) - 50467bd1-4195-43e4-a65a-2977ff96563d-SegmentedRaftLogWorker:Storage Directory /workdir/hadoop-ozone/ozonefs/target/test-dir/MiniOzoneClusterImpl-365ddf9a-ca2f-44b8-92d8-11996a9347f6/datanode-1/data/ratis/d358ce60-d1bc-4d1e-be33-762107294266 was interrupted, exiting. There are 0 tasks remaining in the queue.
2019-09-20 08:48:35,450 [ForkJoinPool.commonPool-worker-0] INFO  impl.RaftServerImpl (ServerState.java:close(394)) - 486e2aed-8ec4-48b5-a72d-4321926ba785:group-D008019CF1C2 closes. The last applied log index is 0
2019-09-20 08:48:35,450 [main] INFO  segmented.SegmentedRaftLogWorker (SegmentedRaftLogWorker.java:close(228)) - 50467bd1-4195-43e4-a65a-2977ff96563d-SegmentedRaftLogWorker:Storage Directory /workdir/hadoop-ozone/ozonefs/target/test-dir/MiniOzoneClusterImpl-365ddf9a-ca2f-44b8-92d8-11996a9347f6/datanode-1/data/ratis/d358ce60-d1bc-4d1e-be33-762107294266 close()
2019-09-20 08:48:35,451 [486e2aed-8ec4-48b5-a72d-4321926ba785-SegmentedRaftLogWorker:Storage Directory /workdir/hadoop-ozone/ozonefs/target/test-dir/MiniOzoneClusterImpl-365ddf9a-ca2f-44b8-92d8-11996a9347f6/datanode-0/data/ratis/c033e228-ae23-48b6-a580-d008019cf1c2] INFO  segmented.SegmentedRaftLogWorker (SegmentedRaftLogWorker.java:run(313)) - 486e2aed-8ec4-48b5-a72d-4321926ba785-SegmentedRaftLogWorker:Storage Directory /workdir/hadoop-ozone/ozonefs/target/test-dir/MiniOzoneClusterImpl-365ddf9a-ca2f-44b8-92d8-11996a9347f6/datanode-0/data/ratis/c033e228-ae23-48b6-a580-d008019cf1c2 was interrupted, exiting. There are 0 tasks remaining in the queue.
2019-09-20 08:48:35,452 [main] INFO  impl.RaftServerImpl (RaftServerImpl.java:lambda$shutdown$3(245)) - 50467bd1-4195-43e4-a65a-2977ff96563d: shutdown group-3ABF9DBB5AF0
2019-09-20 08:48:35,452 [ForkJoinPool.commonPool-worker-0] INFO  segmented.SegmentedRaftLogWorker (SegmentedRaftLogWorker.java:close(228)) - 486e2aed-8ec4-48b5-a72d-4321926ba785-SegmentedRaftLogWorker:Storage Directory /workdir/hadoop-ozone/ozonefs/target/test-dir/MiniOzoneClusterImpl-365ddf9a-ca2f-44b8-92d8-11996a9347f6/datanode-0/data/ratis/c033e228-ae23-48b6-a580-d008019cf1c2 close()
2019-09-20 08:48:35,453 [main] INFO  util.JmxRegister (JmxRegister.java:unregister(73)) - Successfully un-registered JMX Bean with object name Ratis:service=RaftServer,group=group-3ABF9DBB5AF0,id=50467bd1-4195-43e4-a65a-2977ff96563d
2019-09-20 08:48:35,455 [ForkJoinPool.commonPool-worker-0] INFO  impl.RaftServerImpl (RaftServerImpl.java:lambda$shutdown$3(245)) - 486e2aed-8ec4-48b5-a72d-4321926ba785: shutdown group-8BA7B8457B61
2019-09-20 08:48:35,455 [main] INFO  impl.RoleInfo (RoleInfo.java:shutdownLeaderState(104)) - 50467bd1-4195-43e4-a65a-2977ff96563d: shutdown LeaderState
2019-09-20 08:48:35,455 [ForkJoinPool.commonPool-worker-0] INFO  util.JmxRegister (JmxRegister.java:unregister(73)) - Successfully un-registered JMX Bean with object name Ratis:service=RaftServer,group=group-8BA7B8457B61,id=486e2aed-8ec4-48b5-a72d-4321926ba785
2019-09-20 08:48:35,456 [main] INFO  impl.PendingRequests (PendingRequests.java:sendNotLeaderResponses(202)) - 50467bd1-4195-43e4-a65a-2977ff96563d-PendingRequests: sendNotLeaderResponses
2019-09-20 08:48:35,456 [ForkJoinPool.commonPool-worker-0] INFO  impl.RoleInfo (RoleInfo.java:shutdownLeaderState(104)) - 486e2aed-8ec4-48b5-a72d-4321926ba785: shutdown LeaderState
2019-09-20 08:48:35,457 [main] INFO  impl.StateMachineUpdater (StateMachineUpdater.java:stopAndJoin(115)) - StateMachineUpdater:50467bd1-4195-43e4-a65a-2977ff96563d:group-3ABF9DBB5AF0: set stopIndex = 0
2019-09-20 08:48:35,457 [ForkJoinPool.commonPool-worker-0] INFO  impl.PendingRequests (PendingRequests.java:sendNotLeaderResponses(202)) - 486e2aed-8ec4-48b5-a72d-4321926ba785-PendingRequests: sendNotLeaderResponses
2019-09-20 08:48:35,457 [main] INFO  impl.RaftServerImpl (ServerState.java:close(394)) - 50467bd1-4195-43e4-a65a-2977ff96563d:group-3ABF9DBB5AF0 closes. The last applied log index is 0
2019-09-20 08:48:35,458 [ForkJoinPool.commonPool-worker-0] INFO  impl.StateMachineUpdater (StateMachineUpdater.java:stopAndJoin(115)) - StateMachineUpdater:486e2aed-8ec4-48b5-a72d-4321926ba785:group-8BA7B8457B61: set stopIndex = 0
2019-09-20 08:48:35,458 [50467bd1-4195-43e4-a65a-2977ff96563d-SegmentedRaftLogWorker:Storage Directory /workdir/hadoop-ozone/ozonefs/target/test-dir/MiniOzoneClusterImpl-365ddf9a-ca2f-44b8-92d8-11996a9347f6/datanode-1/data/ratis/2a38d1f5-a5b5-4a8a-a1e5-3abf9dbb5af0] INFO  segmented.SegmentedRaftLogWorker (SegmentedRaftLogWorker.java:run(313)) - 50467bd1-4195-43e4-a65a-2977ff96563d-SegmentedRaftLogWorker:Storage Directory /workdir/hadoop-ozone/ozonefs/target/test-dir/MiniOzoneClusterImpl-365ddf9a-ca2f-44b8-92d8-11996a9347f6/datanode-1/data/ratis/2a38d1f5-a5b5-4a8a-a1e5-3abf9dbb5af0 was interrupted, exiting. There are 0 tasks remaining in the queue.
2019-09-20 08:48:35,458 [ForkJoinPool.commonPool-worker-0] INFO  impl.RaftServerImpl (ServerState.java:close(394)) - 486e2aed-8ec4-48b5-a72d-4321926ba785:group-8BA7B8457B61 closes. The last applied log index is 0
2019-09-20 08:48:35,459 [main] INFO  segmented.SegmentedRaftLogWorker (SegmentedRaftLogWorker.java:close(228)) - 50467bd1-4195-43e4-a65a-2977ff96563d-SegmentedRaftLogWorker:Storage Directory /workdir/hadoop-ozone/ozonefs/target/test-dir/MiniOzoneClusterImpl-365ddf9a-ca2f-44b8-92d8-11996a9347f6/datanode-1/data/ratis/2a38d1f5-a5b5-4a8a-a1e5-3abf9dbb5af0 close()
2019-09-20 08:48:35,459 [486e2aed-8ec4-48b5-a72d-4321926ba785-SegmentedRaftLogWorker:Storage Directory /workdir/hadoop-ozone/ozonefs/target/test-dir/MiniOzoneClusterImpl-365ddf9a-ca2f-44b8-92d8-11996a9347f6/datanode-0/data/ratis/a2221fc4-ba43-4ee9-8296-8ba7b8457b61] INFO  segmented.SegmentedRaftLogWorker (SegmentedRaftLogWorker.java:run(313)) - 486e2aed-8ec4-48b5-a72d-4321926ba785-SegmentedRaftLogWorker:Storage Directory /workdir/hadoop-ozone/ozonefs/target/test-dir/MiniOzoneClusterImpl-365ddf9a-ca2f-44b8-92d8-11996a9347f6/datanode-0/data/ratis/a2221fc4-ba43-4ee9-8296-8ba7b8457b61 was interrupted, exiting. There are 0 tasks remaining in the queue.
2019-09-20 08:48:35,461 [main] INFO  impl.RaftServerImpl (RaftServerImpl.java:lambda$shutdown$3(245)) - 50467bd1-4195-43e4-a65a-2977ff96563d: shutdown group-BE6CDC7EA34C
2019-09-20 08:48:35,461 [ForkJoinPool.commonPool-worker-0] INFO  segmented.SegmentedRaftLogWorker (SegmentedRaftLogWorker.java:close(228)) - 486e2aed-8ec4-48b5-a72d-4321926ba785-SegmentedRaftLogWorker:Storage Directory /workdir/hadoop-ozone/ozonefs/target/test-dir/MiniOzoneClusterImpl-365ddf9a-ca2f-44b8-92d8-11996a9347f6/datanode-0/data/ratis/a2221fc4-ba43-4ee9-8296-8ba7b8457b61 close()
2019-09-20 08:48:35,461 [main] INFO  util.JmxRegister (JmxRegister.java:unregister(73)) - Successfully un-registered JMX Bean with object name Ratis:service=RaftServer,group=group-BE6CDC7EA34C,id=50467bd1-4195-43e4-a65a-2977ff96563d
2019-09-20 08:48:35,464 [main] INFO  impl.RoleInfo (RoleInfo.java:shutdownLeaderState(104)) - 50467bd1-4195-43e4-a65a-2977ff96563d: shutdown LeaderState
2019-09-20 08:48:35,463 [ForkJoinPool.commonPool-worker-0] INFO  impl.RaftServerImpl (RaftServerImpl.java:lambda$shutdown$3(245)) - 486e2aed-8ec4-48b5-a72d-4321926ba785: shutdown group-A16CFA2E99A0
2019-09-20 08:48:35,464 [main] INFO  impl.PendingRequests (PendingRequests.java:sendNotLeaderResponses(202)) - 50467bd1-4195-43e4-a65a-2977ff96563d-PendingRequests: sendNotLeaderResponses
2019-09-20 08:48:35,464 [ForkJoinPool.commonPool-worker-0] INFO  util.JmxRegister (JmxRegister.java:unregister(73)) - Successfully un-registered JMX Bean with object name Ratis:service=RaftServer,group=group-A16CFA2E99A0,id=486e2aed-8ec4-48b5-a72d-4321926ba785
2019-09-20 08:48:35,465 [main] INFO  impl.StateMachineUpdater (StateMachineUpdater.java:stopAndJoin(115)) - StateMachineUpdater:50467bd1-4195-43e4-a65a-2977ff96563d:group-BE6CDC7EA34C: set stopIndex = 0
2019-09-20 08:48:35,466 [main] INFO  impl.RaftServerImpl (ServerState.java:close(394)) - 50467bd1-4195-43e4-a65a-2977ff96563d:group-BE6CDC7EA34C closes. The last applied log index is 0
2019-09-20 08:48:35,465 [ForkJoinPool.commonPool-worker-0] INFO  impl.RoleInfo (RoleInfo.java:shutdownLeaderState(104)) - 486e2aed-8ec4-48b5-a72d-4321926ba785: shutdown LeaderState
2019-09-20 08:48:35,466 [50467bd1-4195-43e4-a65a-2977ff96563d-SegmentedRaftLogWorker:Storage Directory /workdir/hadoop-ozone/ozonefs/target/test-dir/MiniOzoneClusterImpl-365ddf9a-ca2f-44b8-92d8-11996a9347f6/datanode-1/data/ratis/75c7f255-8395-447e-9f7b-be6cdc7ea34c] INFO  segmented.SegmentedRaftLogWorker (SegmentedRaftLogWorker.java:run(313)) - 50467bd1-4195-43e4-a65a-2977ff96563d-SegmentedRaftLogWorker:Storage Directory /workdir/hadoop-ozone/ozonefs/target/test-dir/MiniOzoneClusterImpl-365ddf9a-ca2f-44b8-92d8-11996a9347f6/datanode-1/data/ratis/75c7f255-8395-447e-9f7b-be6cdc7ea34c was interrupted, exiting. There are 0 tasks remaining in the queue.
2019-09-20 08:48:35,466 [ForkJoinPool.commonPool-worker-0] INFO  impl.PendingRequests (PendingRequests.java:sendNotLeaderResponses(202)) - 486e2aed-8ec4-48b5-a72d-4321926ba785-PendingRequests: sendNotLeaderResponses
2019-09-20 08:48:35,467 [main] INFO  segmented.SegmentedRaftLogWorker (SegmentedRaftLogWorker.java:close(228)) - 50467bd1-4195-43e4-a65a-2977ff96563d-SegmentedRaftLogWorker:Storage Directory /workdir/hadoop-ozone/ozonefs/target/test-dir/MiniOzoneClusterImpl-365ddf9a-ca2f-44b8-92d8-11996a9347f6/datanode-1/data/ratis/75c7f255-8395-447e-9f7b-be6cdc7ea34c close()
2019-09-20 08:48:35,467 [ForkJoinPool.commonPool-worker-0] INFO  impl.StateMachineUpdater (StateMachineUpdater.java:stopAndJoin(115)) - StateMachineUpdater:486e2aed-8ec4-48b5-a72d-4321926ba785:group-A16CFA2E99A0: set stopIndex = 0
2019-09-20 08:48:35,469 [main] INFO  impl.RaftServerImpl (RaftServerImpl.java:lambda$shutdown$3(245)) - 50467bd1-4195-43e4-a65a-2977ff96563d: shutdown group-B05BFDB220DA
2019-09-20 08:48:35,469 [ForkJoinPool.commonPool-worker-0] INFO  impl.RaftServerImpl (ServerState.java:close(394)) - 486e2aed-8ec4-48b5-a72d-4321926ba785:group-A16CFA2E99A0 closes. The last applied log index is 0
2019-09-20 08:48:35,470 [main] INFO  util.JmxRegister (JmxRegister.java:unregister(73)) - Successfully un-registered JMX Bean with object name Ratis:service=RaftServer,group=group-B05BFDB220DA,id=50467bd1-4195-43e4-a65a-2977ff96563d
2019-09-20 08:48:35,470 [main] INFO  impl.RoleInfo (RoleInfo.java:shutdownLeaderState(104)) - 50467bd1-4195-43e4-a65a-2977ff96563d: shutdown LeaderState
2019-09-20 08:48:35,470 [486e2aed-8ec4-48b5-a72d-4321926ba785-SegmentedRaftLogWorker:Storage Directory /workdir/hadoop-ozone/ozonefs/target/test-dir/MiniOzoneClusterImpl-365ddf9a-ca2f-44b8-92d8-11996a9347f6/datanode-0/data/ratis/1e29e47e-4623-43d8-93a5-a16cfa2e99a0] INFO  segmented.SegmentedRaftLogWorker (SegmentedRaftLogWorker.java:run(313)) - 486e2aed-8ec4-48b5-a72d-4321926ba785-SegmentedRaftLogWorker:Storage Directory /workdir/hadoop-ozone/ozonefs/target/test-dir/MiniOzoneClusterImpl-365ddf9a-ca2f-44b8-92d8-11996a9347f6/datanode-0/data/ratis/1e29e47e-4623-43d8-93a5-a16cfa2e99a0 was interrupted, exiting. There are 0 tasks remaining in the queue.
2019-09-20 08:48:35,471 [main] INFO  impl.PendingRequests (PendingRequests.java:sendNotLeaderResponses(202)) - 50467bd1-4195-43e4-a65a-2977ff96563d-PendingRequests: sendNotLeaderResponses
2019-09-20 08:48:35,471 [ForkJoinPool.commonPool-worker-0] INFO  segmented.SegmentedRaftLogWorker (SegmentedRaftLogWorker.java:close(228)) - 486e2aed-8ec4-48b5-a72d-4321926ba785-SegmentedRaftLogWorker:Storage Directory /workdir/hadoop-ozone/ozonefs/target/test-dir/MiniOzoneClusterImpl-365ddf9a-ca2f-44b8-92d8-11996a9347f6/datanode-0/data/ratis/1e29e47e-4623-43d8-93a5-a16cfa2e99a0 close()
2019-09-20 08:48:35,472 [main] INFO  impl.StateMachineUpdater (StateMachineUpdater.java:stopAndJoin(115)) - StateMachineUpdater:50467bd1-4195-43e4-a65a-2977ff96563d:group-B05BFDB220DA: set stopIndex = 0
2019-09-20 08:48:35,473 [ForkJoinPool.commonPool-worker-0] INFO  impl.RaftServerImpl (RaftServerImpl.java:lambda$shutdown$3(245)) - 486e2aed-8ec4-48b5-a72d-4321926ba785: shutdown group-583685EA08B2
2019-09-20 08:48:35,474 [main] INFO  impl.RaftServerImpl (ServerState.java:close(394)) - 50467bd1-4195-43e4-a65a-2977ff96563d:group-B05BFDB220DA closes. The last applied log index is 0
2019-09-20 08:48:35,474 [ForkJoinPool.commonPool-worker-0] INFO  util.JmxRegister (JmxRegister.java:unregister(73)) - Successfully un-registered JMX Bean with object name Ratis:service=RaftServer,group=group-583685EA08B2,id=486e2aed-8ec4-48b5-a72d-4321926ba785
2019-09-20 08:48:35,475 [50467bd1-4195-43e4-a65a-2977ff96563d-SegmentedRaftLogWorker:Storage Directory /workdir/hadoop-ozone/ozonefs/target/test-dir/MiniOzoneClusterImpl-365ddf9a-ca2f-44b8-92d8-11996a9347f6/datanode-1/data/ratis/0da42379-ceaf-4cc2-b4ef-b05bfdb220da] INFO  segmented.SegmentedRaftLogWorker (SegmentedRaftLogWorker.java:run(313)) - 50467bd1-4195-43e4-a65a-2977ff96563d-SegmentedRaftLogWorker:Storage Directory /workdir/hadoop-ozone/ozonefs/target/test-dir/MiniOzoneClusterImpl-365ddf9a-ca2f-44b8-92d8-11996a9347f6/datanode-1/data/ratis/0da42379-ceaf-4cc2-b4ef-b05bfdb220da was interrupted, exiting. There are 0 tasks remaining in the queue.
2019-09-20 08:48:35,475 [ForkJoinPool.commonPool-worker-0] INFO  impl.RoleInfo (RoleInfo.java:shutdownLeaderState(104)) - 486e2aed-8ec4-48b5-a72d-4321926ba785: shutdown LeaderState
2019-09-20 08:48:35,475 [main] INFO  segmented.SegmentedRaftLogWorker (SegmentedRaftLogWorker.java:close(228)) - 50467bd1-4195-43e4-a65a-2977ff96563d-SegmentedRaftLogWorker:Storage Directory /workdir/hadoop-ozone/ozonefs/target/test-dir/MiniOzoneClusterImpl-365ddf9a-ca2f-44b8-92d8-11996a9347f6/datanode-1/data/ratis/0da42379-ceaf-4cc2-b4ef-b05bfdb220da close()
2019-09-20 08:48:35,475 [ForkJoinPool.commonPool-worker-0] INFO  impl.PendingRequests (PendingRequests.java:sendNotLeaderResponses(202)) - 486e2aed-8ec4-48b5-a72d-4321926ba785-PendingRequests: sendNotLeaderResponses
2019-09-20 08:48:35,477 [main] INFO  server.GrpcService (GrpcService.java:closeImpl(155)) - 50467bd1-4195-43e4-a65a-2977ff96563d: shutdown server with port 42155 now
2019-09-20 08:48:35,477 [ForkJoinPool.commonPool-worker-0] INFO  impl.StateMachineUpdater (StateMachineUpdater.java:stopAndJoin(115)) - StateMachineUpdater:486e2aed-8ec4-48b5-a72d-4321926ba785:group-583685EA08B2: set stopIndex = 0
2019-09-20 08:48:35,478 [ForkJoinPool.commonPool-worker-0] INFO  impl.RaftServerImpl (ServerState.java:close(394)) - 486e2aed-8ec4-48b5-a72d-4321926ba785:group-583685EA08B2 closes. The last applied log index is 0
2019-09-20 08:48:35,479 [main] INFO  server.GrpcService (GrpcService.java:closeImpl(163)) - 50467bd1-4195-43e4-a65a-2977ff96563d: shutdown server with port 42155 successfully
2019-09-20 08:48:35,480 [486e2aed-8ec4-48b5-a72d-4321926ba785-SegmentedRaftLogWorker:Storage Directory /workdir/hadoop-ozone/ozonefs/target/test-dir/MiniOzoneClusterImpl-365ddf9a-ca2f-44b8-92d8-11996a9347f6/datanode-0/data/ratis/c33fcd93-6720-47ac-9be2-583685ea08b2] INFO  segmented.SegmentedRaftLogWorker (SegmentedRaftLogWorker.java:run(313)) - 486e2aed-8ec4-48b5-a72d-4321926ba785-SegmentedRaftLogWorker:Storage Directory /workdir/hadoop-ozone/ozonefs/target/test-dir/MiniOzoneClusterImpl-365ddf9a-ca2f-44b8-92d8-11996a9347f6/datanode-0/data/ratis/c33fcd93-6720-47ac-9be2-583685ea08b2 was interrupted, exiting. There are 0 tasks remaining in the queue.
2019-09-20 08:48:35,480 [ForkJoinPool.commonPool-worker-0] INFO  segmented.SegmentedRaftLogWorker (SegmentedRaftLogWorker.java:close(228)) - 486e2aed-8ec4-48b5-a72d-4321926ba785-SegmentedRaftLogWorker:Storage Directory /workdir/hadoop-ozone/ozonefs/target/test-dir/MiniOzoneClusterImpl-365ddf9a-ca2f-44b8-92d8-11996a9347f6/datanode-0/data/ratis/c33fcd93-6720-47ac-9be2-583685ea08b2 close()
2019-09-20 08:48:35,482 [ForkJoinPool.commonPool-worker-0] INFO  server.GrpcService (GrpcService.java:closeImpl(155)) - 486e2aed-8ec4-48b5-a72d-4321926ba785: shutdown server with port 46251 now
2019-09-20 08:48:35,483 [main] INFO  utils.BackgroundService (BackgroundService.java:shutdown(148)) - Shutting down service BlockDeletingService
2019-09-20 08:48:35,485 [ForkJoinPool.commonPool-worker-0] INFO  server.GrpcService (GrpcService.java:closeImpl(163)) - 486e2aed-8ec4-48b5-a72d-4321926ba785: shutdown server with port 46251 successfully
2019-09-20 08:48:35,487 [refreshUsed-/workdir/hadoop-ozone/ozonefs/target/test-dir/MiniOzoneClusterImpl-365ddf9a-ca2f-44b8-92d8-11996a9347f6/datanode-1/data/containers] WARN  fs.CachingGetSpaceUsed (CachingGetSpaceUsed.java:run(183)) - Thread Interrupted waiting to refresh disk information: sleep interrupted
2019-09-20 08:48:35,488 [ForkJoinPool.commonPool-worker-0] INFO  utils.BackgroundService (BackgroundService.java:shutdown(148)) - Shutting down service BlockDeletingService
2019-09-20 08:48:35,491 [refreshUsed-/workdir/hadoop-ozone/ozonefs/target/test-dir/MiniOzoneClusterImpl-365ddf9a-ca2f-44b8-92d8-11996a9347f6/datanode-0/data/containers] WARN  fs.CachingGetSpaceUsed (CachingGetSpaceUsed.java:run(183)) - Thread Interrupted waiting to refresh disk information: sleep interrupted
2019-09-20 08:48:35,527 [ForkJoinPool.commonPool-worker-0] INFO  statemachine.DatanodeStateMachine (DatanodeStateMachine.java:stopDaemon(395)) - Ozone container server stopped.
2019-09-20 08:48:35,531 [ForkJoinPool.commonPool-worker-0] INFO  handler.ContextHandler (ContextHandler.java:doStop(910)) - Stopped o.e.j.w.WebAppContext@42457891{/,null,UNAVAILABLE}{/hddsDatanode}
2019-09-20 08:48:35,534 [main] INFO  statemachine.DatanodeStateMachine (DatanodeStateMachine.java:stopDaemon(395)) - Ozone container server stopped.
2019-09-20 08:48:35,535 [ForkJoinPool.commonPool-worker-0] INFO  server.AbstractConnector (AbstractConnector.java:doStop(318)) - Stopped ServerConnector@92de794{HTTP/1.1,[http/1.1]}{0.0.0.0:0}
2019-09-20 08:48:35,539 [ForkJoinPool.commonPool-worker-0] INFO  handler.ContextHandler (ContextHandler.java:doStop(910)) - Stopped o.e.j.s.ServletContextHandler@6920fa35{/static,jar:file:/home/user/.m2/repository/org/apache/hadoop/hadoop-hdds-container-service/0.5.0-SNAPSHOT/hadoop-hdds-container-service-0.5.0-SNAPSHOT.jar!/webapps/static,UNAVAILABLE}
2019-09-20 08:48:35,539 [ForkJoinPool.commonPool-worker-0] INFO  handler.ContextHandler (ContextHandler.java:doStop(910)) - Stopped o.e.j.s.ServletContextHandler@52fed5b7{/logs,file:///workdir/hadoop-ozone/ozonefs/target/log,UNAVAILABLE}
2019-09-20 08:48:35,540 [main] INFO  handler.ContextHandler (ContextHandler.java:doStop(910)) - Stopped o.e.j.w.WebAppContext@52b49891{/,null,UNAVAILABLE}{/hddsDatanode}
2019-09-20 08:48:35,540 [ForkJoinPool.commonPool-worker-0] INFO  datanode.ObjectStoreHandler (ObjectStoreHandler.java:close(155)) - Closing ObjectStoreHandler.
2019-09-20 08:48:35,541 [main] INFO  server.AbstractConnector (AbstractConnector.java:doStop(318)) - Stopped ServerConnector@75973f7a{HTTP/1.1,[http/1.1]}{0.0.0.0:0}
2019-09-20 08:48:35,541 [ForkJoinPool.commonPool-worker-0] INFO  ozone.HddsDatanodeService (HddsDatanodeService.java:stop(451)) - Stopped plug-in org.apache.hadoop.ozone.web.OzoneHddsDatanodeService@48224381
2019-09-20 08:48:35,541 [main] INFO  handler.ContextHandler (ContextHandler.java:doStop(910)) - Stopped o.e.j.s.ServletContextHandler@29ce33e9{/static,jar:file:/home/user/.m2/repository/org/apache/hadoop/hadoop-hdds-container-service/0.5.0-SNAPSHOT/hadoop-hdds-container-service-0.5.0-SNAPSHOT.jar!/webapps/static,UNAVAILABLE}
2019-09-20 08:48:35,542 [main] INFO  handler.ContextHandler (ContextHandler.java:doStop(910)) - Stopped o.e.j.s.ServletContextHandler@2082e0e4{/logs,file:///workdir/hadoop-ozone/ozonefs/target/log,UNAVAILABLE}
2019-09-20 08:48:36,155 [Datanode State Machine Thread - 0] INFO  statemachine.DatanodeStateMachine (DatanodeStateMachine.java:lambda$startDaemon$0(350)) - Ozone container server started.
2019-09-20 08:48:40,542 [ForkJoinPool.commonPool-worker-0] INFO  ozoneimpl.OzoneContainer (OzoneContainer.java:stop(199)) - Attempting to stop container services.
2019-09-20 08:48:40,542 [ForkJoinPool.commonPool-worker-0] INFO  impl.RaftServerProxy (RaftServerProxy.java:lambda$close$4(314)) - b42274c7-cf97-42f2-a751-e4dfd7f73713: close
2019-09-20 08:48:40,543 [ForkJoinPool.commonPool-worker-0] INFO  impl.RaftServerImpl (RaftServerImpl.java:lambda$shutdown$3(245)) - b42274c7-cf97-42f2-a751-e4dfd7f73713: shutdown group-838FE88CE757
2019-09-20 08:48:40,543 [ForkJoinPool.commonPool-worker-0] INFO  util.JmxRegister (JmxRegister.java:unregister(73)) - Successfully un-registered JMX Bean with object name Ratis:service=RaftServer,group=group-838FE88CE757,id=b42274c7-cf97-42f2-a751-e4dfd7f73713
2019-09-20 08:48:40,543 [ForkJoinPool.commonPool-worker-0] INFO  impl.RoleInfo (RoleInfo.java:shutdownLeaderState(104)) - b42274c7-cf97-42f2-a751-e4dfd7f73713: shutdown LeaderState
2019-09-20 08:48:40,544 [ForkJoinPool.commonPool-worker-0] INFO  impl.PendingRequests (PendingRequests.java:sendNotLeaderResponses(202)) - b42274c7-cf97-42f2-a751-e4dfd7f73713-PendingRequests: sendNotLeaderResponses
2019-09-20 08:48:40,544 [ForkJoinPool.commonPool-worker-0] INFO  impl.StateMachineUpdater (StateMachineUpdater.java:stopAndJoin(115)) - StateMachineUpdater:b42274c7-cf97-42f2-a751-e4dfd7f73713:group-838FE88CE757: set stopIndex = 0
2019-09-20 08:48:40,545 [ForkJoinPool.commonPool-worker-0] INFO  impl.RaftServerImpl (ServerState.java:close(394)) - b42274c7-cf97-42f2-a751-e4dfd7f73713:group-838FE88CE757 closes. The last applied log index is 0
2019-09-20 08:48:40,545 [b42274c7-cf97-42f2-a751-e4dfd7f73713-SegmentedRaftLogWorker:Storage Directory /workdir/hadoop-ozone/ozonefs/target/test-dir/MiniOzoneClusterImpl-365ddf9a-ca2f-44b8-92d8-11996a9347f6/datanode-2/data/ratis/95e659c7-b71d-4268-ae64-838fe88ce757] INFO  segmented.SegmentedRaftLogWorker (SegmentedRaftLogWorker.java:run(313)) - b42274c7-cf97-42f2-a751-e4dfd7f73713-SegmentedRaftLogWorker:Storage Directory /workdir/hadoop-ozone/ozonefs/target/test-dir/MiniOzoneClusterImpl-365ddf9a-ca2f-44b8-92d8-11996a9347f6/datanode-2/data/ratis/95e659c7-b71d-4268-ae64-838fe88ce757 was interrupted, exiting. There are 0 tasks remaining in the queue.
2019-09-20 08:48:40,545 [ForkJoinPool.commonPool-worker-0] INFO  segmented.SegmentedRaftLogWorker (SegmentedRaftLogWorker.java:close(228)) - b42274c7-cf97-42f2-a751-e4dfd7f73713-SegmentedRaftLogWorker:Storage Directory /workdir/hadoop-ozone/ozonefs/target/test-dir/MiniOzoneClusterImpl-365ddf9a-ca2f-44b8-92d8-11996a9347f6/datanode-2/data/ratis/95e659c7-b71d-4268-ae64-838fe88ce757 close()
2019-09-20 08:48:40,547 [ForkJoinPool.commonPool-worker-0] INFO  impl.RaftServerImpl (RaftServerImpl.java:lambda$shutdown$3(245)) - b42274c7-cf97-42f2-a751-e4dfd7f73713: shutdown group-7BDE35961E18
2019-09-20 08:48:40,547 [ForkJoinPool.commonPool-worker-0] INFO  util.JmxRegister (JmxRegister.java:unregister(73)) - Successfully un-registered JMX Bean with object name Ratis:service=RaftServer,group=group-7BDE35961E18,id=b42274c7-cf97-42f2-a751-e4dfd7f73713
2019-09-20 08:48:40,548 [ForkJoinPool.commonPool-worker-0] INFO  impl.RoleInfo (RoleInfo.java:shutdownLeaderState(104)) - b42274c7-cf97-42f2-a751-e4dfd7f73713: shutdown LeaderState
2019-09-20 08:48:40,548 [ForkJoinPool.commonPool-worker-0] INFO  impl.PendingRequests (PendingRequests.java:sendNotLeaderResponses(202)) - b42274c7-cf97-42f2-a751-e4dfd7f73713-PendingRequests: sendNotLeaderResponses
2019-09-20 08:48:40,548 [ForkJoinPool.commonPool-worker-0] INFO  impl.StateMachineUpdater (StateMachineUpdater.java:stopAndJoin(115)) - StateMachineUpdater:b42274c7-cf97-42f2-a751-e4dfd7f73713:group-7BDE35961E18: set stopIndex = 0
2019-09-20 08:48:40,549 [ForkJoinPool.commonPool-worker-0] INFO  impl.RaftServerImpl (ServerState.java:close(394)) - b42274c7-cf97-42f2-a751-e4dfd7f73713:group-7BDE35961E18 closes. The last applied log index is 0
2019-09-20 08:48:40,549 [b42274c7-cf97-42f2-a751-e4dfd7f73713-SegmentedRaftLogWorker:Storage Directory /workdir/hadoop-ozone/ozonefs/target/test-dir/MiniOzoneClusterImpl-365ddf9a-ca2f-44b8-92d8-11996a9347f6/datanode-2/data/ratis/a61bdb13-1c87-4b7a-bb53-7bde35961e18] INFO  segmented.SegmentedRaftLogWorker (SegmentedRaftLogWorker.java:run(313)) - b42274c7-cf97-42f2-a751-e4dfd7f73713-SegmentedRaftLogWorker:Storage Directory /workdir/hadoop-ozone/ozonefs/target/test-dir/MiniOzoneClusterImpl-365ddf9a-ca2f-44b8-92d8-11996a9347f6/datanode-2/data/ratis/a61bdb13-1c87-4b7a-bb53-7bde35961e18 was interrupted, exiting. There are 0 tasks remaining in the queue.
2019-09-20 08:48:40,549 [ForkJoinPool.commonPool-worker-0] INFO  segmented.SegmentedRaftLogWorker (SegmentedRaftLogWorker.java:close(228)) - b42274c7-cf97-42f2-a751-e4dfd7f73713-SegmentedRaftLogWorker:Storage Directory /workdir/hadoop-ozone/ozonefs/target/test-dir/MiniOzoneClusterImpl-365ddf9a-ca2f-44b8-92d8-11996a9347f6/datanode-2/data/ratis/a61bdb13-1c87-4b7a-bb53-7bde35961e18 close()
2019-09-20 08:48:40,551 [ForkJoinPool.commonPool-worker-0] INFO  impl.RaftServerImpl (RaftServerImpl.java:lambda$shutdown$3(245)) - b42274c7-cf97-42f2-a751-e4dfd7f73713: shutdown group-35F6BD05E760
2019-09-20 08:48:40,551 [ForkJoinPool.commonPool-worker-0] INFO  util.JmxRegister (JmxRegister.java:unregister(73)) - Successfully un-registered JMX Bean with object name Ratis:service=RaftServer,group=group-35F6BD05E760,id=b42274c7-cf97-42f2-a751-e4dfd7f73713
2019-09-20 08:48:40,551 [ForkJoinPool.commonPool-worker-0] INFO  impl.RoleInfo (RoleInfo.java:shutdownLeaderState(104)) - b42274c7-cf97-42f2-a751-e4dfd7f73713: shutdown LeaderState
2019-09-20 08:48:40,552 [ForkJoinPool.commonPool-worker-0] INFO  impl.PendingRequests (PendingRequests.java:sendNotLeaderResponses(202)) - b42274c7-cf97-42f2-a751-e4dfd7f73713-PendingRequests: sendNotLeaderResponses
2019-09-20 08:48:40,552 [ForkJoinPool.commonPool-worker-0] INFO  impl.StateMachineUpdater (StateMachineUpdater.java:stopAndJoin(115)) - StateMachineUpdater:b42274c7-cf97-42f2-a751-e4dfd7f73713:group-35F6BD05E760: set stopIndex = 0
2019-09-20 08:48:40,552 [ForkJoinPool.commonPool-worker-0] INFO  impl.RaftServerImpl (ServerState.java:close(394)) - b42274c7-cf97-42f2-a751-e4dfd7f73713:group-35F6BD05E760 closes. The last applied log index is 0
2019-09-20 08:48:40,553 [b42274c7-cf97-42f2-a751-e4dfd7f73713-SegmentedRaftLogWorker:Storage Directory /workdir/hadoop-ozone/ozonefs/target/test-dir/MiniOzoneClusterImpl-365ddf9a-ca2f-44b8-92d8-11996a9347f6/datanode-2/data/ratis/0be0bd6b-7525-4fa6-918b-35f6bd05e760] INFO  segmented.SegmentedRaftLogWorker (SegmentedRaftLogWorker.java:run(313)) - b42274c7-cf97-42f2-a751-e4dfd7f73713-SegmentedRaftLogWorker:Storage Directory /workdir/hadoop-ozone/ozonefs/target/test-dir/MiniOzoneClusterImpl-365ddf9a-ca2f-44b8-92d8-11996a9347f6/datanode-2/data/ratis/0be0bd6b-7525-4fa6-918b-35f6bd05e760 was interrupted, exiting. There are 0 tasks remaining in the queue.
2019-09-20 08:48:40,553 [ForkJoinPool.commonPool-worker-0] INFO  segmented.SegmentedRaftLogWorker (SegmentedRaftLogWorker.java:close(228)) - b42274c7-cf97-42f2-a751-e4dfd7f73713-SegmentedRaftLogWorker:Storage Directory /workdir/hadoop-ozone/ozonefs/target/test-dir/MiniOzoneClusterImpl-365ddf9a-ca2f-44b8-92d8-11996a9347f6/datanode-2/data/ratis/0be0bd6b-7525-4fa6-918b-35f6bd05e760 close()
2019-09-20 08:48:40,554 [ForkJoinPool.commonPool-worker-0] INFO  impl.RaftServerImpl (RaftServerImpl.java:lambda$shutdown$3(245)) - b42274c7-cf97-42f2-a751-e4dfd7f73713: shutdown group-326822AF7F54
2019-09-20 08:48:40,555 [ForkJoinPool.commonPool-worker-0] INFO  util.JmxRegister (JmxRegister.java:unregister(73)) - Successfully un-registered JMX Bean with object name Ratis:service=RaftServer,group=group-326822AF7F54,id=b42274c7-cf97-42f2-a751-e4dfd7f73713
2019-09-20 08:48:40,555 [ForkJoinPool.commonPool-worker-0] INFO  impl.RoleInfo (RoleInfo.java:shutdownLeaderState(104)) - b42274c7-cf97-42f2-a751-e4dfd7f73713: shutdown LeaderState
2019-09-20 08:48:40,555 [ForkJoinPool.commonPool-worker-0] INFO  impl.PendingRequests (PendingRequests.java:sendNotLeaderResponses(202)) - b42274c7-cf97-42f2-a751-e4dfd7f73713-PendingRequests: sendNotLeaderResponses
2019-09-20 08:48:40,555 [ForkJoinPool.commonPool-worker-0] INFO  impl.StateMachineUpdater (StateMachineUpdater.java:stopAndJoin(115)) - StateMachineUpdater:b42274c7-cf97-42f2-a751-e4dfd7f73713:group-326822AF7F54: set stopIndex = 0
2019-09-20 08:48:40,556 [ForkJoinPool.commonPool-worker-0] INFO  impl.RaftServerImpl (ServerState.java:close(394)) - b42274c7-cf97-42f2-a751-e4dfd7f73713:group-326822AF7F54 closes. The last applied log index is 0
2019-09-20 08:48:40,556 [b42274c7-cf97-42f2-a751-e4dfd7f73713-SegmentedRaftLogWorker:Storage Directory /workdir/hadoop-ozone/ozonefs/target/test-dir/MiniOzoneClusterImpl-365ddf9a-ca2f-44b8-92d8-11996a9347f6/datanode-2/data/ratis/9f2716cc-f3d8-4c28-9d79-326822af7f54] INFO  segmented.SegmentedRaftLogWorker (SegmentedRaftLogWorker.java:run(313)) - b42274c7-cf97-42f2-a751-e4dfd7f73713-SegmentedRaftLogWorker:Storage Directory /workdir/hadoop-ozone/ozonefs/target/test-dir/MiniOzoneClusterImpl-365ddf9a-ca2f-44b8-92d8-11996a9347f6/datanode-2/data/ratis/9f2716cc-f3d8-4c28-9d79-326822af7f54 was interrupted, exiting. There are 0 tasks remaining in the queue.
2019-09-20 08:48:40,556 [ForkJoinPool.commonPool-worker-0] INFO  segmented.SegmentedRaftLogWorker (SegmentedRaftLogWorker.java:close(228)) - b42274c7-cf97-42f2-a751-e4dfd7f73713-SegmentedRaftLogWorker:Storage Directory /workdir/hadoop-ozone/ozonefs/target/test-dir/MiniOzoneClusterImpl-365ddf9a-ca2f-44b8-92d8-11996a9347f6/datanode-2/data/ratis/9f2716cc-f3d8-4c28-9d79-326822af7f54 close()
2019-09-20 08:48:40,558 [ForkJoinPool.commonPool-worker-0] INFO  impl.RaftServerImpl (RaftServerImpl.java:lambda$shutdown$3(245)) - b42274c7-cf97-42f2-a751-e4dfd7f73713: shutdown group-01D7EFBFD031
2019-09-20 08:48:40,558 [ForkJoinPool.commonPool-worker-0] INFO  util.JmxRegister (JmxRegister.java:unregister(73)) - Successfully un-registered JMX Bean with object name Ratis:service=RaftServer,group=group-01D7EFBFD031,id=b42274c7-cf97-42f2-a751-e4dfd7f73713
2019-09-20 08:48:40,558 [ForkJoinPool.commonPool-worker-0] INFO  impl.RoleInfo (RoleInfo.java:shutdownLeaderState(104)) - b42274c7-cf97-42f2-a751-e4dfd7f73713: shutdown LeaderState
2019-09-20 08:48:40,559 [ForkJoinPool.commonPool-worker-0] INFO  impl.PendingRequests (PendingRequests.java:sendNotLeaderResponses(202)) - b42274c7-cf97-42f2-a751-e4dfd7f73713-PendingRequests: sendNotLeaderResponses
2019-09-20 08:48:40,559 [ForkJoinPool.commonPool-worker-0] INFO  impl.StateMachineUpdater (StateMachineUpdater.java:stopAndJoin(115)) - StateMachineUpdater:b42274c7-cf97-42f2-a751-e4dfd7f73713:group-01D7EFBFD031: set stopIndex = 0
2019-09-20 08:48:40,559 [ForkJoinPool.commonPool-worker-0] INFO  impl.RaftServerImpl (ServerState.java:close(394)) - b42274c7-cf97-42f2-a751-e4dfd7f73713:group-01D7EFBFD031 closes. The last applied log index is 0
2019-09-20 08:48:40,560 [b42274c7-cf97-42f2-a751-e4dfd7f73713-SegmentedRaftLogWorker:Storage Directory /workdir/hadoop-ozone/ozonefs/target/test-dir/MiniOzoneClusterImpl-365ddf9a-ca2f-44b8-92d8-11996a9347f6/datanode-2/data/ratis/ea88ad5c-cb7f-4584-b084-01d7efbfd031] INFO  segmented.SegmentedRaftLogWorker (SegmentedRaftLogWorker.java:run(313)) - b42274c7-cf97-42f2-a751-e4dfd7f73713-SegmentedRaftLogWorker:Storage Directory /workdir/hadoop-ozone/ozonefs/target/test-dir/MiniOzoneClusterImpl-365ddf9a-ca2f-44b8-92d8-11996a9347f6/datanode-2/data/ratis/ea88ad5c-cb7f-4584-b084-01d7efbfd031 was interrupted, exiting. There are 0 tasks remaining in the queue.
2019-09-20 08:48:40,560 [ForkJoinPool.commonPool-worker-0] INFO  segmented.SegmentedRaftLogWorker (SegmentedRaftLogWorker.java:close(228)) - b42274c7-cf97-42f2-a751-e4dfd7f73713-SegmentedRaftLogWorker:Storage Directory /workdir/hadoop-ozone/ozonefs/target/test-dir/MiniOzoneClusterImpl-365ddf9a-ca2f-44b8-92d8-11996a9347f6/datanode-2/data/ratis/ea88ad5c-cb7f-4584-b084-01d7efbfd031 close()
2019-09-20 08:48:40,561 [ForkJoinPool.commonPool-worker-0] INFO  impl.RaftServerImpl (RaftServerImpl.java:lambda$shutdown$3(245)) - b42274c7-cf97-42f2-a751-e4dfd7f73713: shutdown group-F7D787D6A3FA
2019-09-20 08:48:40,561 [ForkJoinPool.commonPool-worker-0] INFO  util.JmxRegister (JmxRegister.java:unregister(73)) - Successfully un-registered JMX Bean with object name Ratis:service=RaftServer,group=group-F7D787D6A3FA,id=b42274c7-cf97-42f2-a751-e4dfd7f73713
2019-09-20 08:48:40,562 [ForkJoinPool.commonPool-worker-0] INFO  impl.RoleInfo (RoleInfo.java:shutdownLeaderState(104)) - b42274c7-cf97-42f2-a751-e4dfd7f73713: shutdown LeaderState
2019-09-20 08:48:40,562 [ForkJoinPool.commonPool-worker-0] INFO  impl.PendingRequests (PendingRequests.java:sendNotLeaderResponses(202)) - b42274c7-cf97-42f2-a751-e4dfd7f73713-PendingRequests: sendNotLeaderResponses
2019-09-20 08:48:40,562 [ForkJoinPool.commonPool-worker-0] INFO  impl.StateMachineUpdater (StateMachineUpdater.java:stopAndJoin(115)) - StateMachineUpdater:b42274c7-cf97-42f2-a751-e4dfd7f73713:group-F7D787D6A3FA: set stopIndex = 0
2019-09-20 08:48:40,563 [ForkJoinPool.commonPool-worker-0] INFO  impl.RaftServerImpl (ServerState.java:close(394)) - b42274c7-cf97-42f2-a751-e4dfd7f73713:group-F7D787D6A3FA closes. The last applied log index is 0
2019-09-20 08:48:40,563 [b42274c7-cf97-42f2-a751-e4dfd7f73713-SegmentedRaftLogWorker:Storage Directory /workdir/hadoop-ozone/ozonefs/target/test-dir/MiniOzoneClusterImpl-365ddf9a-ca2f-44b8-92d8-11996a9347f6/datanode-2/data/ratis/f94e243f-82cc-48c8-a732-f7d787d6a3fa] INFO  segmented.SegmentedRaftLogWorker (SegmentedRaftLogWorker.java:run(313)) - b42274c7-cf97-42f2-a751-e4dfd7f73713-SegmentedRaftLogWorker:Storage Directory /workdir/hadoop-ozone/ozonefs/target/test-dir/MiniOzoneClusterImpl-365ddf9a-ca2f-44b8-92d8-11996a9347f6/datanode-2/data/ratis/f94e243f-82cc-48c8-a732-f7d787d6a3fa was interrupted, exiting. There are 0 tasks remaining in the queue.
2019-09-20 08:48:40,563 [ForkJoinPool.commonPool-worker-0] INFO  segmented.SegmentedRaftLogWorker (SegmentedRaftLogWorker.java:close(228)) - b42274c7-cf97-42f2-a751-e4dfd7f73713-SegmentedRaftLogWorker:Storage Directory /workdir/hadoop-ozone/ozonefs/target/test-dir/MiniOzoneClusterImpl-365ddf9a-ca2f-44b8-92d8-11996a9347f6/datanode-2/data/ratis/f94e243f-82cc-48c8-a732-f7d787d6a3fa close()
2019-09-20 08:48:40,565 [ForkJoinPool.commonPool-worker-0] INFO  server.GrpcService (GrpcService.java:closeImpl(155)) - b42274c7-cf97-42f2-a751-e4dfd7f73713: shutdown server with port 41526 now
2019-09-20 08:48:40,566 [ForkJoinPool.commonPool-worker-0] INFO  server.GrpcService (GrpcService.java:closeImpl(163)) - b42274c7-cf97-42f2-a751-e4dfd7f73713: shutdown server with port 41526 successfully
2019-09-20 08:48:40,569 [ForkJoinPool.commonPool-worker-0] INFO  utils.BackgroundService (BackgroundService.java:shutdown(148)) - Shutting down service BlockDeletingService
2019-09-20 08:48:40,573 [refreshUsed-/workdir/hadoop-ozone/ozonefs/target/test-dir/MiniOzoneClusterImpl-365ddf9a-ca2f-44b8-92d8-11996a9347f6/datanode-2/data/containers] WARN  fs.CachingGetSpaceUsed (CachingGetSpaceUsed.java:run(183)) - Thread Interrupted waiting to refresh disk information: sleep interrupted
2019-09-20 08:48:40,599 [ForkJoinPool.commonPool-worker-0] INFO  statemachine.DatanodeStateMachine (DatanodeStateMachine.java:stopDaemon(395)) - Ozone container server stopped.
2019-09-20 08:48:40,602 [ForkJoinPool.commonPool-worker-0] INFO  handler.ContextHandler (ContextHandler.java:doStop(910)) - Stopped o.e.j.w.WebAppContext@623ed5ed{/,null,UNAVAILABLE}{/hddsDatanode}
2019-09-20 08:48:40,602 [ForkJoinPool.commonPool-worker-0] INFO  server.AbstractConnector (AbstractConnector.java:doStop(318)) - Stopped ServerConnector@49e92724{HTTP/1.1,[http/1.1]}{0.0.0.0:0}
2019-09-20 08:48:40,603 [ForkJoinPool.commonPool-worker-0] INFO  handler.ContextHandler (ContextHandler.java:doStop(910)) - Stopped o.e.j.s.ServletContextHandler@252d2ac0{/static,jar:file:/home/user/.m2/repository/org/apache/hadoop/hadoop-hdds-container-service/0.5.0-SNAPSHOT/hadoop-hdds-container-service-0.5.0-SNAPSHOT.jar!/webapps/static,UNAVAILABLE}
2019-09-20 08:48:40,603 [ForkJoinPool.commonPool-worker-0] INFO  handler.ContextHandler (ContextHandler.java:doStop(910)) - Stopped o.e.j.s.ServletContextHandler@115924ba{/logs,file:///workdir/hadoop-ozone/ozonefs/target/log,UNAVAILABLE}
2019-09-20 08:48:40,604 [main] INFO  ozone.MiniOzoneClusterImpl (MiniOzoneClusterImpl.java:stop(353)) - Stopping the StorageContainerManager
2019-09-20 08:48:40,604 [main] INFO  server.StorageContainerManager (StorageContainerManager.java:stop(797)) - Stopping Replication Manager Service.
2019-09-20 08:48:40,605 [main] INFO  container.ReplicationManager (ReplicationManager.java:stop(192)) - Stopping Replication Monitor Thread.
2019-09-20 08:48:40,605 [main] INFO  server.StorageContainerManager (StorageContainerManager.java:stop(804)) - Stopping Lease Manager of the command watchers
2019-09-20 08:48:40,605 [main] INFO  server.StorageContainerManager (StorageContainerManager.java:stop(811)) - Stopping datanode service RPC server
2019-09-20 08:48:40,605 [main] INFO  server.SCMDatanodeProtocolServer (SCMDatanodeProtocolServer.java:stop(367)) - Stopping the RPC server for DataNodes
2019-09-20 08:48:40,606 [main] INFO  ipc.Server (Server.java:stop(3082)) - Stopping server on 42707
2019-09-20 08:48:40,608 [IPC Server listener on 42707] INFO  ipc.Server (Server.java:run(1185)) - Stopping IPC Server listener on 42707
2019-09-20 08:48:40,609 [IPC Server Responder] INFO  ipc.Server (Server.java:run(1319)) - Stopping IPC Server Responder
2019-09-20 08:48:40,635 [SCM Heartbeat Processing Thread - 0] WARN  node.NodeStateManager (NodeStateManager.java:scheduleNextHealthCheck(655)) - Current Thread is interrupted, shutting down HB processing thread for Node Manager.
2019-09-20 08:48:40,635 [main] INFO  server.StorageContainerManager (StorageContainerManager.java:stop(819)) - Stopping block service RPC server
2019-09-20 08:48:40,635 [main] INFO  server.SCMBlockProtocolServer (SCMBlockProtocolServer.java:stop(148)) - Stopping the RPC server for Block Protocol
2019-09-20 08:48:40,636 [main] INFO  ipc.Server (Server.java:stop(3082)) - Stopping server on 45593
2019-09-20 08:48:40,638 [IPC Server listener on 45593] INFO  ipc.Server (Server.java:run(1185)) - Stopping IPC Server listener on 45593
2019-09-20 08:48:40,642 [IPC Server Responder] INFO  ipc.Server (Server.java:run(1319)) - Stopping IPC Server Responder
2019-09-20 08:48:40,642 [main] INFO  server.StorageContainerManager (StorageContainerManager.java:stop(826)) - Stopping the StorageContainerLocationProtocol RPC server
2019-09-20 08:48:40,643 [main] INFO  server.SCMClientProtocolServer (SCMClientProtocolServer.java:stop(159)) - Stopping the RPC server for Client Protocol
2019-09-20 08:48:40,644 [main] INFO  ipc.Server (Server.java:stop(3082)) - Stopping server on 34726
2019-09-20 08:48:40,646 [IPC Server listener on 34726] INFO  ipc.Server (Server.java:run(1185)) - Stopping IPC Server listener on 34726
2019-09-20 08:48:40,646 [main] INFO  server.StorageContainerManager (StorageContainerManager.java:stop(833)) - Stopping Storage Container Manager HTTP server.
2019-09-20 08:48:40,648 [IPC Server Responder] INFO  ipc.Server (Server.java:run(1319)) - Stopping IPC Server Responder
2019-09-20 08:48:40,649 [main] INFO  handler.ContextHandler (ContextHandler.java:doStop(910)) - Stopped o.e.j.w.WebAppContext@16e84d93{/,null,UNAVAILABLE}{/scm}
2019-09-20 08:48:40,650 [main] INFO  server.AbstractConnector (AbstractConnector.java:doStop(318)) - Stopped ServerConnector@2a7b5925{HTTP/1.1,[http/1.1]}{0.0.0.0:0}
2019-09-20 08:48:40,651 [main] INFO  handler.ContextHandler (ContextHandler.java:doStop(910)) - Stopped o.e.j.s.ServletContextHandler@4cd9ee2c{/static,jar:file:/home/user/.m2/repository/org/apache/hadoop/hadoop-hdds-server-scm/0.5.0-SNAPSHOT/hadoop-hdds-server-scm-0.5.0-SNAPSHOT.jar!/webapps/static,UNAVAILABLE}
2019-09-20 08:48:40,651 [main] INFO  handler.ContextHandler (ContextHandler.java:doStop(910)) - Stopped o.e.j.s.ServletContextHandler@43edd2ea{/logs,file:///workdir/hadoop-ozone/ozonefs/target/log,UNAVAILABLE}
2019-09-20 08:48:40,652 [main] INFO  server.StorageContainerManager (StorageContainerManager.java:stop(844)) - Stopping Block Manager Service.
2019-09-20 08:48:40,653 [main] INFO  utils.BackgroundService (BackgroundService.java:shutdown(148)) - Shutting down service SCMBlockDeletingService
2019-09-20 08:48:40,653 [main] INFO  utils.BackgroundService (BackgroundService.java:shutdown(148)) - Shutting down service SCMBlockDeletingService
2019-09-20 08:48:40,654 [main] INFO  server.StorageContainerManager (StorageContainerManager.java:stop(866)) - Stopping SCM Event Queue.
2019-09-20 08:48:40,658 [main] INFO  impl.MetricsSystemImpl (MetricsSystemImpl.java:stop(210)) - Stopping HddsDatanode metrics system...
2019-09-20 08:48:40,671 [main] INFO  impl.MetricsSystemImpl (MetricsSystemImpl.java:stop(216)) - HddsDatanode metrics system stopped.
]]></system-out>
    <system-err><![CDATA[Sep 20, 2019 8:48:24 AM com.sun.jersey.server.impl.application.WebApplicationImpl _initiate
INFO: Initiating Jersey application, version 'Jersey: 1.19 02/11/2015 03:25 AM'
Sep 20, 2019 8:48:24 AM com.sun.jersey.server.impl.application.WebApplicationImpl _initiate
INFO: Initiating Jersey application, version 'Jersey: 1.19 02/11/2015 03:25 AM'
Sep 20, 2019 8:48:25 AM com.sun.jersey.server.impl.application.WebApplicationImpl _initiate
INFO: Initiating Jersey application, version 'Jersey: 1.19 02/11/2015 03:25 AM'
Sep 20, 2019 8:48:30 AM com.sun.jersey.server.impl.application.WebApplicationImpl _initiate
INFO: Initiating Jersey application, version 'Jersey: 1.19 02/11/2015 03:25 AM'
]]></system-err>
  </testcase>
  <testcase name="testOzoneManagerFileSystemInterface[1]" classname="org.apache.hadoop.fs.ozone.TestOzoneFileInterfaces" time="17.891"/>
  <testcase name="testListStatus[1]" classname="org.apache.hadoop.fs.ozone.TestOzoneFileInterfaces" time="18.056"/>
  <testcase name="testDirectory[1]" classname="org.apache.hadoop.fs.ozone.TestOzoneFileInterfaces" time="17.65"/>
  <testcase name="testPathToKey[1]" classname="org.apache.hadoop.fs.ozone.TestOzoneFileInterfaces" time="16.522"/>
  <testcase name="testFileSystemInit[1]" classname="org.apache.hadoop.fs.ozone.TestOzoneFileInterfaces" time="17.9"/>
  <testcase name="testOzFsReadWrite[1]" classname="org.apache.hadoop.fs.ozone.TestOzoneFileInterfaces" time="17.495">
    <error message="Allocated 0 blocks. Requested 1 blocks" type="INTERNAL_ERROR org.apache.hadoop.ozone.om.exceptions.OMException">INTERNAL_ERROR org.apache.hadoop.ozone.om.exceptions.OMException: Allocated 0 blocks. Requested 1 blocks
	at org.apache.hadoop.ozone.om.protocolPB.OzoneManagerProtocolClientSideTranslatorPB.handleError(OzoneManagerProtocolClientSideTranslatorPB.java:725)
	at org.apache.hadoop.ozone.om.protocolPB.OzoneManagerProtocolClientSideTranslatorPB.createFile(OzoneManagerProtocolClientSideTranslatorPB.java:1474)
	at org.apache.hadoop.ozone.client.rpc.RpcClient.createFile(RpcClient.java:984)
	at org.apache.hadoop.ozone.client.OzoneBucket.createFile(OzoneBucket.java:535)
	at org.apache.hadoop.fs.ozone.BasicOzoneClientAdapterImpl.createFile(BasicOzoneClientAdapterImpl.java:181)
	at org.apache.hadoop.fs.ozone.BasicOzoneFileSystem.createOutputStream(BasicOzoneFileSystem.java:249)
	at org.apache.hadoop.fs.ozone.BasicOzoneFileSystem.create(BasicOzoneFileSystem.java:230)
	at org.apache.hadoop.fs.FileSystem.create(FileSystem.java:1118)
	at org.apache.hadoop.fs.FileSystem.create(FileSystem.java:1098)
	at org.apache.hadoop.fs.FileSystem.create(FileSystem.java:987)
	at org.apache.hadoop.fs.FileSystem.create(FileSystem.java:975)
	at org.apache.hadoop.fs.ozone.TestOzoneFileInterfaces.testOzFsReadWrite(TestOzoneFileInterfaces.java:186)
	at sun.reflect.NativeMethodAccessorImpl.invoke0(Native Method)
	at sun.reflect.NativeMethodAccessorImpl.invoke(NativeMethodAccessorImpl.java:62)
	at sun.reflect.DelegatingMethodAccessorImpl.invoke(DelegatingMethodAccessorImpl.java:43)
	at java.lang.reflect.Method.invoke(Method.java:498)
	at org.junit.runners.model.FrameworkMethod$1.runReflectiveCall(FrameworkMethod.java:47)
	at org.junit.internal.runners.model.ReflectiveCallable.run(ReflectiveCallable.java:12)
	at org.junit.runners.model.FrameworkMethod.invokeExplosively(FrameworkMethod.java:44)
	at org.junit.internal.runners.statements.InvokeMethod.evaluate(InvokeMethod.java:17)
	at org.junit.internal.runners.statements.RunBefores.evaluate(RunBefores.java:26)
	at org.junit.internal.runners.statements.RunAfters.evaluate(RunAfters.java:27)
	at org.junit.runners.ParentRunner.runLeaf(ParentRunner.java:271)
	at org.junit.runners.BlockJUnit4ClassRunner.runChild(BlockJUnit4ClassRunner.java:70)
	at org.junit.runners.BlockJUnit4ClassRunner.runChild(BlockJUnit4ClassRunner.java:50)
	at org.junit.runners.ParentRunner$3.run(ParentRunner.java:238)
	at org.junit.runners.ParentRunner$1.schedule(ParentRunner.java:63)
	at org.junit.runners.ParentRunner.runChildren(ParentRunner.java:236)
	at org.junit.runners.ParentRunner.access$000(ParentRunner.java:53)
	at org.junit.runners.ParentRunner$2.evaluate(ParentRunner.java:229)
	at org.junit.runners.ParentRunner.run(ParentRunner.java:309)
	at org.junit.runners.Suite.runChild(Suite.java:127)
	at org.junit.runners.Suite.runChild(Suite.java:26)
	at org.junit.runners.ParentRunner$3.run(ParentRunner.java:238)
	at org.junit.runners.ParentRunner$1.schedule(ParentRunner.java:63)
	at org.junit.runners.ParentRunner.runChildren(ParentRunner.java:236)
	at org.junit.runners.ParentRunner.access$000(ParentRunner.java:53)
	at org.junit.runners.ParentRunner$2.evaluate(ParentRunner.java:229)
	at org.junit.runners.ParentRunner.run(ParentRunner.java:309)
	at org.apache.maven.surefire.junit4.JUnit4Provider.execute(JUnit4Provider.java:365)
	at org.apache.maven.surefire.junit4.JUnit4Provider.executeWithRerun(JUnit4Provider.java:273)
	at org.apache.maven.surefire.junit4.JUnit4Provider.executeTestSet(JUnit4Provider.java:238)
	at org.apache.maven.surefire.junit4.JUnit4Provider.invoke(JUnit4Provider.java:159)
	at org.apache.maven.surefire.booter.ForkedBooter.invokeProviderInSameClassLoader(ForkedBooter.java:384)
	at org.apache.maven.surefire.booter.ForkedBooter.runSuitesInProcess(ForkedBooter.java:345)
	at org.apache.maven.surefire.booter.ForkedBooter.execute(ForkedBooter.java:126)
	at org.apache.maven.surefire.booter.ForkedBooter.main(ForkedBooter.java:418)
</error>
    <system-out><![CDATA[2019-09-20 08:50:08,743 [main] WARN  server.ServerUtils (ServerUtils.java:getScmDbDir(145)) - ozone.scm.db.dirs is not configured. We recommend adding this setting. Falling back to ozone.metadata.dirs instead.
2019-09-20 08:50:08,769 [main] WARN  server.ServerUtils (ServerUtils.java:getScmDbDir(145)) - ozone.scm.db.dirs is not configured. We recommend adding this setting. Falling back to ozone.metadata.dirs instead.
2019-09-20 08:50:08,769 [main] WARN  server.ServerUtils (ServerUtils.java:getScmDbDir(145)) - ozone.scm.db.dirs is not configured. We recommend adding this setting. Falling back to ozone.metadata.dirs instead.
2019-09-20 08:50:08,769 [main] INFO  db.DBStoreBuilder (DBStoreBuilder.java:addTable(110)) - using custom profile for table: deletedBlocks
2019-09-20 08:50:08,770 [main] INFO  db.DBStoreBuilder (DBStoreBuilder.java:processTables(161)) - Using default column profile:DBProfile.DISK for Table:deletedBlocks
2019-09-20 08:50:08,770 [main] INFO  db.DBStoreBuilder (DBStoreBuilder.java:addTable(110)) - using custom profile for table: validCerts
2019-09-20 08:50:08,770 [main] INFO  db.DBStoreBuilder (DBStoreBuilder.java:processTables(161)) - Using default column profile:DBProfile.DISK for Table:validCerts
2019-09-20 08:50:08,770 [main] INFO  db.DBStoreBuilder (DBStoreBuilder.java:addTable(110)) - using custom profile for table: revokedCerts
2019-09-20 08:50:08,770 [main] INFO  db.DBStoreBuilder (DBStoreBuilder.java:processTables(161)) - Using default column profile:DBProfile.DISK for Table:revokedCerts
2019-09-20 08:50:08,770 [main] INFO  db.DBStoreBuilder (DBStoreBuilder.java:addTable(110)) - using custom profile for table: default
2019-09-20 08:50:08,771 [main] INFO  db.DBStoreBuilder (DBStoreBuilder.java:processTables(167)) - Using default column profile:DBProfile.DISK for Table:default
2019-09-20 08:50:08,771 [main] INFO  db.DBStoreBuilder (DBStoreBuilder.java:getDbProfile(198)) - Using default options. DBProfile.DISK
2019-09-20 08:50:09,029 [main] INFO  net.NodeSchemaLoader (NodeSchemaLoader.java:loadSchemaFromFile(125)) - Loading file from sun.misc.CompoundEnumeration@2de526f9
2019-09-20 08:50:09,029 [main] INFO  net.NodeSchemaLoader (NodeSchemaLoader.java:loadSchema(171)) - Loading network topology layer schema file
2019-09-20 08:50:09,034 [main] WARN  server.ServerUtils (ServerUtils.java:sanitizeUserArgs(70)) - ozone.scm.stale.node.interval value = 300000 is larger than max = 100000 based on the key value of ozone.scm.heartbeat.thread.interval, reset to the max value 100000.
2019-09-20 08:50:09,035 [main] WARN  server.ServerUtils (ServerUtils.java:sanitizeUserArgs(70)) - ozone.scm.stale.node.interval value = 300000 is larger than max = 100000 based on the key value of ozone.scm.heartbeat.thread.interval, reset to the max value 100000.
2019-09-20 08:50:09,035 [main] INFO  node.SCMNodeManager (SCMNodeManager.java:<init>(121)) - Entering startup safe mode.
2019-09-20 08:50:09,036 [main] INFO  algorithms.ContainerPlacementPolicyFactory (ContainerPlacementPolicyFactory.java:getPolicy(56)) - Create container placement policy of type org.apache.hadoop.hdds.scm.container.placement.algorithms.SCMContainerPlacementRandom
2019-09-20 08:50:09,037 [main] WARN  server.ServerUtils (ServerUtils.java:getScmDbDir(145)) - ozone.scm.db.dirs is not configured. We recommend adding this setting. Falling back to ozone.metadata.dirs instead.
2019-09-20 08:50:09,174 [main] INFO  pipeline.SCMPipelineManager (SCMPipelineManager.java:initializePipelineState(126)) - No pipeline exists in current db
2019-09-20 08:50:09,175 [main] WARN  server.ServerUtils (ServerUtils.java:getScmDbDir(145)) - ozone.scm.db.dirs is not configured. We recommend adding this setting. Falling back to ozone.metadata.dirs instead.
2019-09-20 08:50:09,265 [main] WARN  events.EventQueue (EventQueue.java:fireEvent(175)) - No event handler registered for event TypedEvent{payloadType=SafeModeStatus, name='SafeModeStatus'}
2019-09-20 08:50:09,266 [main] INFO  ipc.CallQueueManager (CallQueueManager.java:<init>(84)) - Using callQueue: class java.util.concurrent.LinkedBlockingQueue, queueCapacity: 2000, scheduler: class org.apache.hadoop.ipc.DefaultRpcScheduler, ipcBackoff: false.
2019-09-20 08:50:09,267 [Socket Reader #1 for port 39796] INFO  ipc.Server (Server.java:run(1074)) - Starting Socket Reader #1 for port 39796
2019-09-20 08:50:09,269 [main] INFO  ipc.CallQueueManager (CallQueueManager.java:<init>(84)) - Using callQueue: class java.util.concurrent.LinkedBlockingQueue, queueCapacity: 2000, scheduler: class org.apache.hadoop.ipc.DefaultRpcScheduler, ipcBackoff: false.
2019-09-20 08:50:09,270 [Socket Reader #1 for port 39019] INFO  ipc.Server (Server.java:run(1074)) - Starting Socket Reader #1 for port 39019
2019-09-20 08:50:09,272 [main] INFO  ipc.CallQueueManager (CallQueueManager.java:<init>(84)) - Using callQueue: class java.util.concurrent.LinkedBlockingQueue, queueCapacity: 2000, scheduler: class org.apache.hadoop.ipc.DefaultRpcScheduler, ipcBackoff: false.
2019-09-20 08:50:09,273 [Socket Reader #1 for port 33298] INFO  ipc.Server (Server.java:run(1074)) - Starting Socket Reader #1 for port 33298
2019-09-20 08:50:09,276 [main] INFO  hdfs.DFSUtil (DFSUtil.java:httpServerTemplateForNNAndJN(1641)) - Starting Web-server for scm at: http://0.0.0.0:0
2019-09-20 08:50:09,279 [main] INFO  server.AuthenticationFilter (AuthenticationFilter.java:constructSecretProvider(240)) - Unable to initialize FileSignerSecretProvider, falling back to use random secrets.
2019-09-20 08:50:09,281 [main] WARN  http.HttpRequestLog (HttpRequestLog.java:getRequestLog(97)) - Jetty request log can only be enabled using Log4j
2019-09-20 08:50:09,283 [main] INFO  http.HttpServer2 (HttpServer2.java:addGlobalFilter(975)) - Added global filter 'safety' (class=org.apache.hadoop.http.HttpServer2$QuotingInputFilter)
2019-09-20 08:50:09,284 [main] INFO  http.HttpServer2 (HttpServer2.java:addFilter(948)) - Added filter static_user_filter (class=org.apache.hadoop.http.lib.StaticUserWebFilter$StaticUserFilter) to context scm
2019-09-20 08:50:09,284 [main] INFO  http.HttpServer2 (HttpServer2.java:addFilter(958)) - Added filter static_user_filter (class=org.apache.hadoop.http.lib.StaticUserWebFilter$StaticUserFilter) to context logs
2019-09-20 08:50:09,284 [main] INFO  http.HttpServer2 (HttpServer2.java:addFilter(958)) - Added filter static_user_filter (class=org.apache.hadoop.http.lib.StaticUserWebFilter$StaticUserFilter) to context static
2019-09-20 08:50:09,286 [main] INFO  server.StorageContainerManager (StorageContainerManager.java:start(759)) - StorageContainerLocationProtocol RPC server is listening at /0.0.0.0:33298
2019-09-20 08:50:09,289 [main] WARN  impl.MetricsConfig (MetricsConfig.java:loadFirst(134)) - Cannot locate configuration: tried hadoop-metrics2-storagecontainermanager.properties,hadoop-metrics2.properties
2019-09-20 08:50:09,290 [main] INFO  impl.MetricsSystemImpl (MetricsSystemImpl.java:startTimer(374)) - Scheduled Metric snapshot period at 10 second(s).
2019-09-20 08:50:09,291 [main] INFO  impl.MetricsSystemImpl (MetricsSystemImpl.java:start(191)) - StorageContainerManager metrics system started
2019-09-20 08:50:09,387 [main] INFO  server.SCMClientProtocolServer (SCMClientProtocolServer.java:start(151)) - RPC server for Client  is listening at /0.0.0.0:33298
2019-09-20 08:50:09,387 [IPC Server Responder] INFO  ipc.Server (Server.java:run(1314)) - IPC Server Responder: starting
2019-09-20 08:50:09,387 [IPC Server listener on 33298] INFO  ipc.Server (Server.java:run(1153)) - IPC Server listener on 33298: starting
2019-09-20 08:50:09,391 [main] INFO  server.StorageContainerManager (StorageContainerManager.java:start(769)) - ScmBlockLocationProtocol RPC server is listening at /0.0.0.0:39019
2019-09-20 08:50:09,391 [main] INFO  server.SCMBlockProtocolServer (SCMBlockProtocolServer.java:start(140)) - RPC server for Block Protocol is listening at /0.0.0.0:39019
2019-09-20 08:50:09,391 [IPC Server Responder] INFO  ipc.Server (Server.java:run(1314)) - IPC Server Responder: starting
2019-09-20 08:50:09,392 [IPC Server listener on 39019] INFO  ipc.Server (Server.java:run(1153)) - IPC Server listener on 39019: starting
2019-09-20 08:50:09,394 [main] INFO  server.StorageContainerManager (StorageContainerManager.java:start(773)) - ScmDatanodeProtocl RPC server is listening at /0.0.0.0:39796
2019-09-20 08:50:09,395 [main] INFO  server.SCMDatanodeProtocolServer (SCMDatanodeProtocolServer.java:start(191)) - RPC server for DataNodes is listening at /0.0.0.0:39796
2019-09-20 08:50:09,395 [IPC Server listener on 39796] INFO  ipc.Server (Server.java:run(1153)) - IPC Server listener on 39796: starting
2019-09-20 08:50:09,395 [IPC Server Responder] INFO  ipc.Server (Server.java:run(1314)) - IPC Server Responder: starting
2019-09-20 08:50:09,398 [main] INFO  http.HttpServer2 (HttpServer2.java:bindListener(1191)) - Jetty bound to port 38925
2019-09-20 08:50:09,398 [main] INFO  server.Server (Server.java:doStart(351)) - jetty-9.3.24.v20180605, build timestamp: 2018-06-05T17:11:56Z, git hash: 84205aa28f11a4f31f2a3b86d1bba2cc8ab69827
2019-09-20 08:50:09,400 [main] INFO  handler.ContextHandler (ContextHandler.java:doStart(781)) - Started o.e.j.s.ServletContextHandler@7bc3e36b{/logs,file:///workdir/hadoop-ozone/ozonefs/target/log,AVAILABLE}
2019-09-20 08:50:09,401 [main] INFO  handler.ContextHandler (ContextHandler.java:doStart(781)) - Started o.e.j.s.ServletContextHandler@4f347aae{/static,jar:file:/home/user/.m2/repository/org/apache/hadoop/hadoop-hdds-server-scm/0.5.0-SNAPSHOT/hadoop-hdds-server-scm-0.5.0-SNAPSHOT.jar!/webapps/static,AVAILABLE}
2019-09-20 08:50:09,441 [main] INFO  handler.ContextHandler (ContextHandler.java:doStart(781)) - Started o.e.j.w.WebAppContext@338f96f5{/,file:///tmp/jetty-0.0.0.0-38925-scm-_-any-3378072774184054290.dir/webapp/,AVAILABLE}{/scm}
2019-09-20 08:50:09,441 [main] INFO  server.AbstractConnector (AbstractConnector.java:doStart(278)) - Started ServerConnector@6b4b5ac8{HTTP/1.1,[http/1.1]}{0.0.0.0:38925}
2019-09-20 08:50:09,442 [main] INFO  server.Server (Server.java:doStart(419)) - Started @203346ms
2019-09-20 08:50:09,443 [main] INFO  server.BaseHttpServer (BaseHttpServer.java:updateConnectorAddress(213)) - HTTP server of SCM is listening at http://0.0.0.0:38925
2019-09-20 08:50:09,444 [main] WARN  server.ServerUtils (ServerUtils.java:getDBPath(222)) - ozone.om.db.dirs is not configured. We recommend adding this setting. Falling back to ozone.metadata.dirs instead.
2019-09-20 08:50:09,444 [org.apache.hadoop.util.JvmPauseMonitor$Monitor@a6a7c4f] INFO  util.JvmPauseMonitor (JvmPauseMonitor.java:run(188)) - Starting JVM pause monitor
2019-09-20 08:50:09,468 [main] WARN  server.ServerUtils (ServerUtils.java:getDBPath(222)) - ozone.om.db.dirs is not configured. We recommend adding this setting. Falling back to ozone.metadata.dirs instead.
2019-09-20 08:50:09,468 [main] WARN  server.ServerUtils (ServerUtils.java:getDBPath(222)) - ozone.om.db.dirs is not configured. We recommend adding this setting. Falling back to ozone.metadata.dirs instead.
2019-09-20 08:50:09,468 [main] INFO  om.OzoneManager (OzoneManager.java:setOMNodeDetails(645)) - OM Service ID is not set. Setting it to the default ID: omServiceIdDefault
2019-09-20 08:50:09,469 [main] INFO  om.OzoneManager (OzoneManager.java:setOMNodeDetails(651)) - OM Node ID is not set. Setting it to the OmStorage's OmID: 7878b97e-2694-4f2e-9c57-2bf90a5c8752
2019-09-20 08:50:09,469 [main] INFO  om.OzoneManager (OzoneManager.java:loadOMHAConfigs(602)) - Found matching OM address with OMServiceId: null, OMNodeId: null, RPC Address: localhost:0 and Ratis port: 9872
2019-09-20 08:50:09,474 | INFO  | SCMAudit | user=jenkins1000 | ip=192.168.36.79 | op=GET_SCM_INFO null | ret=SUCCESS |  
2019-09-20 08:50:09,478 [main] WARN  server.ServerUtils (ServerUtils.java:getDBPath(222)) - ozone.om.db.dirs is not configured. We recommend adding this setting. Falling back to ozone.metadata.dirs instead.
2019-09-20 08:50:09,479 [main] INFO  db.DBStoreBuilder (DBStoreBuilder.java:addTable(110)) - using custom profile for table: userTable
2019-09-20 08:50:09,479 [main] INFO  db.DBStoreBuilder (DBStoreBuilder.java:processTables(161)) - Using default column profile:DBProfile.DISK for Table:userTable
2019-09-20 08:50:09,479 [main] INFO  db.DBStoreBuilder (DBStoreBuilder.java:addTable(110)) - using custom profile for table: volumeTable
2019-09-20 08:50:09,479 [main] INFO  db.DBStoreBuilder (DBStoreBuilder.java:processTables(161)) - Using default column profile:DBProfile.DISK for Table:volumeTable
2019-09-20 08:50:09,480 [main] INFO  db.DBStoreBuilder (DBStoreBuilder.java:addTable(110)) - using custom profile for table: bucketTable
2019-09-20 08:50:09,480 [main] INFO  db.DBStoreBuilder (DBStoreBuilder.java:processTables(161)) - Using default column profile:DBProfile.DISK for Table:bucketTable
2019-09-20 08:50:09,480 [main] INFO  db.DBStoreBuilder (DBStoreBuilder.java:addTable(110)) - using custom profile for table: keyTable
2019-09-20 08:50:09,480 [main] INFO  db.DBStoreBuilder (DBStoreBuilder.java:processTables(161)) - Using default column profile:DBProfile.DISK for Table:keyTable
2019-09-20 08:50:09,481 [main] INFO  db.DBStoreBuilder (DBStoreBuilder.java:addTable(110)) - using custom profile for table: deletedTable
2019-09-20 08:50:09,481 [main] INFO  db.DBStoreBuilder (DBStoreBuilder.java:processTables(161)) - Using default column profile:DBProfile.DISK for Table:deletedTable
2019-09-20 08:50:09,481 [main] INFO  db.DBStoreBuilder (DBStoreBuilder.java:addTable(110)) - using custom profile for table: openKeyTable
2019-09-20 08:50:09,482 [main] INFO  db.DBStoreBuilder (DBStoreBuilder.java:processTables(161)) - Using default column profile:DBProfile.DISK for Table:openKeyTable
2019-09-20 08:50:09,482 [main] INFO  db.DBStoreBuilder (DBStoreBuilder.java:addTable(110)) - using custom profile for table: s3Table
2019-09-20 08:50:09,482 [main] INFO  db.DBStoreBuilder (DBStoreBuilder.java:processTables(161)) - Using default column profile:DBProfile.DISK for Table:s3Table
2019-09-20 08:50:09,482 [main] INFO  db.DBStoreBuilder (DBStoreBuilder.java:addTable(110)) - using custom profile for table: multipartInfoTable
2019-09-20 08:50:09,483 [main] INFO  db.DBStoreBuilder (DBStoreBuilder.java:processTables(161)) - Using default column profile:DBProfile.DISK for Table:multipartInfoTable
2019-09-20 08:50:09,483 [main] INFO  db.DBStoreBuilder (DBStoreBuilder.java:addTable(110)) - using custom profile for table: dTokenTable
2019-09-20 08:50:09,483 [main] INFO  db.DBStoreBuilder (DBStoreBuilder.java:processTables(161)) - Using default column profile:DBProfile.DISK for Table:dTokenTable
2019-09-20 08:50:09,484 [main] INFO  db.DBStoreBuilder (DBStoreBuilder.java:addTable(110)) - using custom profile for table: s3SecretTable
2019-09-20 08:50:09,484 [main] INFO  db.DBStoreBuilder (DBStoreBuilder.java:processTables(161)) - Using default column profile:DBProfile.DISK for Table:s3SecretTable
2019-09-20 08:50:09,484 [main] INFO  db.DBStoreBuilder (DBStoreBuilder.java:addTable(110)) - using custom profile for table: prefixTable
2019-09-20 08:50:09,484 [main] INFO  db.DBStoreBuilder (DBStoreBuilder.java:processTables(161)) - Using default column profile:DBProfile.DISK for Table:prefixTable
2019-09-20 08:50:09,485 [main] INFO  db.DBStoreBuilder (DBStoreBuilder.java:addTable(110)) - using custom profile for table: default
2019-09-20 08:50:09,485 [main] INFO  db.DBStoreBuilder (DBStoreBuilder.java:processTables(167)) - Using default column profile:DBProfile.DISK for Table:default
2019-09-20 08:50:09,485 [main] INFO  db.DBStoreBuilder (DBStoreBuilder.java:getDbProfile(198)) - Using default options. DBProfile.DISK
2019-09-20 08:50:09,980 [main] INFO  ipc.CallQueueManager (CallQueueManager.java:<init>(84)) - Using callQueue: class java.util.concurrent.LinkedBlockingQueue, queueCapacity: 2000, scheduler: class org.apache.hadoop.ipc.DefaultRpcScheduler, ipcBackoff: false.
2019-09-20 08:50:09,981 [Socket Reader #1 for port 37455] INFO  ipc.Server (Server.java:run(1074)) - Starting Socket Reader #1 for port 37455
2019-09-20 08:50:10,003 [main] INFO  om.OzoneManager (OzoneManager.java:start(1256)) - OzoneManager RPC server is listening at localhost/127.0.0.1:37455
2019-09-20 08:50:10,003 [main] INFO  impl.MetricsSystemImpl (MetricsSystemImpl.java:init(158)) - OzoneManager metrics system started (again)
2019-09-20 08:50:10,004 [IPC Server Responder] INFO  ipc.Server (Server.java:run(1314)) - IPC Server Responder: starting
2019-09-20 08:50:10,004 [IPC Server listener on 37455] INFO  ipc.Server (Server.java:run(1153)) - IPC Server listener on 37455: starting
2019-09-20 08:50:10,012 [main] INFO  hdfs.DFSUtil (DFSUtil.java:httpServerTemplateForNNAndJN(1641)) - Starting Web-server for ozoneManager at: http://0.0.0.0:0
2019-09-20 08:50:10,014 [main] INFO  server.AuthenticationFilter (AuthenticationFilter.java:constructSecretProvider(240)) - Unable to initialize FileSignerSecretProvider, falling back to use random secrets.
2019-09-20 08:50:10,014 [main] WARN  http.HttpRequestLog (HttpRequestLog.java:getRequestLog(97)) - Jetty request log can only be enabled using Log4j
2019-09-20 08:50:10,016 [main] INFO  http.HttpServer2 (HttpServer2.java:addGlobalFilter(975)) - Added global filter 'safety' (class=org.apache.hadoop.http.HttpServer2$QuotingInputFilter)
2019-09-20 08:50:10,017 [main] INFO  http.HttpServer2 (HttpServer2.java:addFilter(948)) - Added filter static_user_filter (class=org.apache.hadoop.http.lib.StaticUserWebFilter$StaticUserFilter) to context ozoneManager
2019-09-20 08:50:10,017 [main] INFO  http.HttpServer2 (HttpServer2.java:addFilter(958)) - Added filter static_user_filter (class=org.apache.hadoop.http.lib.StaticUserWebFilter$StaticUserFilter) to context static
2019-09-20 08:50:10,017 [main] INFO  http.HttpServer2 (HttpServer2.java:addFilter(958)) - Added filter static_user_filter (class=org.apache.hadoop.http.lib.StaticUserWebFilter$StaticUserFilter) to context logs
2019-09-20 08:50:10,018 [main] INFO  http.HttpServer2 (HttpServer2.java:bindListener(1191)) - Jetty bound to port 37637
2019-09-20 08:50:10,018 [main] INFO  server.Server (Server.java:doStart(351)) - jetty-9.3.24.v20180605, build timestamp: 2018-06-05T17:11:56Z, git hash: 84205aa28f11a4f31f2a3b86d1bba2cc8ab69827
2019-09-20 08:50:10,019 [main] INFO  handler.ContextHandler (ContextHandler.java:doStart(781)) - Started o.e.j.s.ServletContextHandler@7960e87a{/logs,file:///workdir/hadoop-ozone/ozonefs/target/log,AVAILABLE}
2019-09-20 08:50:10,020 [main] INFO  handler.ContextHandler (ContextHandler.java:doStart(781)) - Started o.e.j.s.ServletContextHandler@83b0d9f{/static,jar:file:/home/user/.m2/repository/org/apache/hadoop/hadoop-ozone-ozone-manager/0.5.0-SNAPSHOT/hadoop-ozone-ozone-manager-0.5.0-SNAPSHOT.jar!/webapps/static,AVAILABLE}
2019-09-20 08:50:10,069 [main] INFO  handler.ContextHandler (ContextHandler.java:doStart(781)) - Started o.e.j.w.WebAppContext@2e949007{/,file:///tmp/jetty-0.0.0.0-37637-ozoneManager-_-any-7346468576827072161.dir/webapp/,AVAILABLE}{/ozoneManager}
2019-09-20 08:50:10,070 [main] INFO  server.AbstractConnector (AbstractConnector.java:doStart(278)) - Started ServerConnector@7180b25f{HTTP/1.1,[http/1.1]}{0.0.0.0:37637}
2019-09-20 08:50:10,070 [main] INFO  server.Server (Server.java:doStart(419)) - Started @203973ms
2019-09-20 08:50:10,072 [main] INFO  server.BaseHttpServer (BaseHttpServer.java:updateConnectorAddress(213)) - HTTP server of OZONEMANAGER is listening at http://0.0.0.0:37637
2019-09-20 08:50:10,083 [main] INFO  impl.MetricsSystemImpl (MetricsSystemImpl.java:init(158)) - HddsDatanode metrics system started (again)
2019-09-20 08:50:10,086 [main] INFO  ozone.HddsDatanodeService (HddsDatanodeService.java:start(184)) - HddsDatanodeService host:pr-hdds-1569-s8kj2-2266485376 ip:192.168.36.79
2019-09-20 08:50:10,097 [main] INFO  volume.HddsVolume (HddsVolume.java:<init>(176)) - Creating Volume: /workdir/hadoop-ozone/ozonefs/target/test-dir/MiniOzoneClusterImpl-a4ae5ff1-2421-4ebd-91fb-13e93a5a3fba/datanode-0/data/containers/hdds of  storage type : DISK and capacity : 1482555576320
2019-09-20 08:50:10,098 [main] INFO  volume.VolumeSet (VolumeSet.java:initializeVolumeSet(170)) - Added Volume : /workdir/hadoop-ozone/ozonefs/target/test-dir/MiniOzoneClusterImpl-a4ae5ff1-2421-4ebd-91fb-13e93a5a3fba/datanode-0/data/containers/hdds to VolumeSet
2019-09-20 08:50:10,098 [main] INFO  volume.ThrottledAsyncChecker (ThrottledAsyncChecker.java:schedule(140)) - Scheduling a check for org.apache.hadoop.ozone.container.common.volume.HddsVolume@40c65a03
2019-09-20 08:50:10,099 [main] INFO  volume.HddsVolumeChecker (HddsVolumeChecker.java:checkAllVolumes(203)) - Scheduled health check for volume org.apache.hadoop.ozone.container.common.volume.HddsVolume@40c65a03
2019-09-20 08:50:10,126 [main] INFO  impl.RaftServerProxy (ConfUtils.java:logGet(43)) - raft.rpc.type = GRPC (default)
2019-09-20 08:50:10,126 [main] INFO  grpc.GrpcFactory (GrpcFactory.java:checkPooledByteBufAllocatorUseCacheForAllThreads(45)) - PERFORMANCE WARNING: useCacheForAllThreads is true that may cause Netty to create a lot garbage objects and, as a result, trigger GC.
	It is recommended to disable useCacheForAllThreads by setting -Dorg.apache.ratis.thirdparty.io.netty.allocator.useCacheForAllThreads=false in command line.
2019-09-20 08:50:10,126 [main] INFO  grpc.GrpcConfigKeys$Server (ConfUtils.java:logGet(43)) - raft.grpc.server.port = 0 (default)
2019-09-20 08:50:10,127 [main] INFO  server.GrpcService (ConfUtils.java:logGet(43)) - raft.grpc.message.size.max = 33570816 (custom)
2019-09-20 08:50:10,127 [main] INFO  server.RaftServerConfigKeys (ConfUtils.java:logGet(43)) - raft.server.log.appender.buffer.byte-limit = 33554432 (custom)
2019-09-20 08:50:10,127 [main] INFO  server.GrpcService (ConfUtils.java:logGet(43)) - raft.grpc.flow.control.window = 1MB (=1048576) (default)
2019-09-20 08:50:10,127 [main] INFO  server.RaftServerConfigKeys (ConfUtils.java:logGet(43)) - raft.server.rpc.request.timeout = 3000ms (default)
2019-09-20 08:50:10,128 [main] INFO  server.RaftServerConfigKeys (ConfUtils.java:logGet(43)) - raft.server.storage.dir = [/workdir/hadoop-ozone/ozonefs/target/test-dir/MiniOzoneClusterImpl-a4ae5ff1-2421-4ebd-91fb-13e93a5a3fba/datanode-0/data/ratis] (custom)
2019-09-20 08:50:10,129 [main] INFO  replication.SimpleContainerDownloader (SimpleContainerDownloader.java:<init>(72)) - Starting container downloader service to copy containers to replicate.
2019-09-20 08:50:10,130 [main] INFO  hdfs.DFSUtil (DFSUtil.java:httpServerTemplateForNNAndJN(1641)) - Starting Web-server for hddsDatanode at: http://0.0.0.0:0
2019-09-20 08:50:10,131 [main] INFO  server.AuthenticationFilter (AuthenticationFilter.java:constructSecretProvider(240)) - Unable to initialize FileSignerSecretProvider, falling back to use random secrets.
2019-09-20 08:50:10,132 [main] WARN  http.HttpRequestLog (HttpRequestLog.java:getRequestLog(97)) - Jetty request log can only be enabled using Log4j
2019-09-20 08:50:10,133 [main] INFO  http.HttpServer2 (HttpServer2.java:addGlobalFilter(975)) - Added global filter 'safety' (class=org.apache.hadoop.http.HttpServer2$QuotingInputFilter)
2019-09-20 08:50:10,134 [main] INFO  http.HttpServer2 (HttpServer2.java:addFilter(948)) - Added filter static_user_filter (class=org.apache.hadoop.http.lib.StaticUserWebFilter$StaticUserFilter) to context hddsDatanode
2019-09-20 08:50:10,134 [main] INFO  http.HttpServer2 (HttpServer2.java:addFilter(958)) - Added filter static_user_filter (class=org.apache.hadoop.http.lib.StaticUserWebFilter$StaticUserFilter) to context static
2019-09-20 08:50:10,134 [main] INFO  http.HttpServer2 (HttpServer2.java:addFilter(958)) - Added filter static_user_filter (class=org.apache.hadoop.http.lib.StaticUserWebFilter$StaticUserFilter) to context logs
2019-09-20 08:50:10,135 [main] INFO  http.HttpServer2 (HttpServer2.java:bindListener(1191)) - Jetty bound to port 40316
2019-09-20 08:50:10,135 [main] INFO  server.Server (Server.java:doStart(351)) - jetty-9.3.24.v20180605, build timestamp: 2018-06-05T17:11:56Z, git hash: 84205aa28f11a4f31f2a3b86d1bba2cc8ab69827
2019-09-20 08:50:10,137 [main] INFO  handler.ContextHandler (ContextHandler.java:doStart(781)) - Started o.e.j.s.ServletContextHandler@37d92db4{/logs,file:///workdir/hadoop-ozone/ozonefs/target/log,AVAILABLE}
2019-09-20 08:50:10,138 [main] INFO  handler.ContextHandler (ContextHandler.java:doStart(781)) - Started o.e.j.s.ServletContextHandler@58ef1543{/static,jar:file:/home/user/.m2/repository/org/apache/hadoop/hadoop-hdds-container-service/0.5.0-SNAPSHOT/hadoop-hdds-container-service-0.5.0-SNAPSHOT.jar!/webapps/static,AVAILABLE}
2019-09-20 08:50:10,174 [main] INFO  handler.ContextHandler (ContextHandler.java:doStart(781)) - Started o.e.j.w.WebAppContext@2533cbcc{/,file:///tmp/jetty-0.0.0.0-40316-hddsDatanode-_-any-3771278033136758816.dir/webapp/,AVAILABLE}{/hddsDatanode}
2019-09-20 08:50:10,175 [main] INFO  server.AbstractConnector (AbstractConnector.java:doStart(278)) - Started ServerConnector@73eb57e6{HTTP/1.1,[http/1.1]}{0.0.0.0:40316}
2019-09-20 08:50:10,176 [main] INFO  server.Server (Server.java:doStart(419)) - Started @204080ms
2019-09-20 08:50:10,177 [main] INFO  server.BaseHttpServer (BaseHttpServer.java:updateConnectorAddress(213)) - HTTP server of HDDSDATANODE is listening at http://0.0.0.0:40316
2019-09-20 08:50:10,305 | INFO  | ObjectStoreRestHttpServer | Listening HDDS REST traffic on /0.0.0.0:43884 |  
2019-09-20 08:50:10,305 [main] INFO  ozone.HddsDatanodeService (HddsDatanodeService.java:startPlugins(395)) - Started plug-in org.apache.hadoop.ozone.web.OzoneHddsDatanodeService@1569f8a6
2019-09-20 08:50:10,306 [main] INFO  impl.MetricsSystemImpl (MetricsSystemImpl.java:init(158)) - HddsDatanode metrics system started (again)
2019-09-20 08:50:10,308 [main] INFO  ozone.HddsDatanodeService (HddsDatanodeService.java:start(184)) - HddsDatanodeService host:pr-hdds-1569-s8kj2-2266485376 ip:192.168.36.79
2019-09-20 08:50:10,308 [org.apache.hadoop.util.JvmPauseMonitor$Monitor@5919b3d9] INFO  util.JvmPauseMonitor (JvmPauseMonitor.java:run(188)) - Starting JVM pause monitor
2019-09-20 08:50:10,310 [Datanode State Machine Thread - 0] INFO  datanode.InitDatanodeState (InitDatanodeState.java:persistContainerDatanodeDetails(140)) - DatanodeDetails is persisted to /workdir/hadoop-ozone/ozonefs/target/test-dir/MiniOzoneClusterImpl-a4ae5ff1-2421-4ebd-91fb-13e93a5a3fba/datanode-0/meta/datanode.id
2019-09-20 08:50:10,319 [main] INFO  volume.HddsVolume (HddsVolume.java:<init>(176)) - Creating Volume: /workdir/hadoop-ozone/ozonefs/target/test-dir/MiniOzoneClusterImpl-a4ae5ff1-2421-4ebd-91fb-13e93a5a3fba/datanode-1/data/containers/hdds of  storage type : DISK and capacity : 1482555576320
2019-09-20 08:50:10,319 [main] INFO  volume.VolumeSet (VolumeSet.java:initializeVolumeSet(170)) - Added Volume : /workdir/hadoop-ozone/ozonefs/target/test-dir/MiniOzoneClusterImpl-a4ae5ff1-2421-4ebd-91fb-13e93a5a3fba/datanode-1/data/containers/hdds to VolumeSet
2019-09-20 08:50:10,320 [main] INFO  volume.ThrottledAsyncChecker (ThrottledAsyncChecker.java:schedule(140)) - Scheduling a check for org.apache.hadoop.ozone.container.common.volume.HddsVolume@46030cfd
2019-09-20 08:50:10,320 [main] INFO  volume.HddsVolumeChecker (HddsVolumeChecker.java:checkAllVolumes(203)) - Scheduled health check for volume org.apache.hadoop.ozone.container.common.volume.HddsVolume@46030cfd
2019-09-20 08:50:10,339 [main] INFO  impl.RaftServerProxy (ConfUtils.java:logGet(43)) - raft.rpc.type = GRPC (default)
2019-09-20 08:50:10,339 [main] INFO  grpc.GrpcFactory (GrpcFactory.java:checkPooledByteBufAllocatorUseCacheForAllThreads(45)) - PERFORMANCE WARNING: useCacheForAllThreads is true that may cause Netty to create a lot garbage objects and, as a result, trigger GC.
	It is recommended to disable useCacheForAllThreads by setting -Dorg.apache.ratis.thirdparty.io.netty.allocator.useCacheForAllThreads=false in command line.
2019-09-20 08:50:10,339 [main] INFO  grpc.GrpcConfigKeys$Server (ConfUtils.java:logGet(43)) - raft.grpc.server.port = 0 (default)
2019-09-20 08:50:10,340 [main] INFO  server.GrpcService (ConfUtils.java:logGet(43)) - raft.grpc.message.size.max = 33570816 (custom)
2019-09-20 08:50:10,340 [main] INFO  server.RaftServerConfigKeys (ConfUtils.java:logGet(43)) - raft.server.log.appender.buffer.byte-limit = 33554432 (custom)
2019-09-20 08:50:10,340 [main] INFO  server.GrpcService (ConfUtils.java:logGet(43)) - raft.grpc.flow.control.window = 1MB (=1048576) (default)
2019-09-20 08:50:10,340 [main] INFO  server.RaftServerConfigKeys (ConfUtils.java:logGet(43)) - raft.server.rpc.request.timeout = 3000ms (default)
2019-09-20 08:50:10,341 [main] INFO  server.RaftServerConfigKeys (ConfUtils.java:logGet(43)) - raft.server.storage.dir = [/workdir/hadoop-ozone/ozonefs/target/test-dir/MiniOzoneClusterImpl-a4ae5ff1-2421-4ebd-91fb-13e93a5a3fba/datanode-1/data/ratis] (custom)
2019-09-20 08:50:10,341 [main] INFO  replication.SimpleContainerDownloader (SimpleContainerDownloader.java:<init>(72)) - Starting container downloader service to copy containers to replicate.
2019-09-20 08:50:10,342 [main] INFO  hdfs.DFSUtil (DFSUtil.java:httpServerTemplateForNNAndJN(1641)) - Starting Web-server for hddsDatanode at: http://0.0.0.0:0
2019-09-20 08:50:10,343 [main] INFO  server.AuthenticationFilter (AuthenticationFilter.java:constructSecretProvider(240)) - Unable to initialize FileSignerSecretProvider, falling back to use random secrets.
2019-09-20 08:50:10,344 [main] WARN  http.HttpRequestLog (HttpRequestLog.java:getRequestLog(97)) - Jetty request log can only be enabled using Log4j
2019-09-20 08:50:10,346 [main] INFO  http.HttpServer2 (HttpServer2.java:addGlobalFilter(975)) - Added global filter 'safety' (class=org.apache.hadoop.http.HttpServer2$QuotingInputFilter)
2019-09-20 08:50:10,346 [main] INFO  http.HttpServer2 (HttpServer2.java:addFilter(948)) - Added filter static_user_filter (class=org.apache.hadoop.http.lib.StaticUserWebFilter$StaticUserFilter) to context hddsDatanode
2019-09-20 08:50:10,347 [main] INFO  http.HttpServer2 (HttpServer2.java:addFilter(958)) - Added filter static_user_filter (class=org.apache.hadoop.http.lib.StaticUserWebFilter$StaticUserFilter) to context logs
2019-09-20 08:50:10,347 [main] INFO  http.HttpServer2 (HttpServer2.java:addFilter(958)) - Added filter static_user_filter (class=org.apache.hadoop.http.lib.StaticUserWebFilter$StaticUserFilter) to context static
2019-09-20 08:50:10,347 [main] INFO  http.HttpServer2 (HttpServer2.java:bindListener(1191)) - Jetty bound to port 44797
2019-09-20 08:50:10,348 [main] INFO  server.Server (Server.java:doStart(351)) - jetty-9.3.24.v20180605, build timestamp: 2018-06-05T17:11:56Z, git hash: 84205aa28f11a4f31f2a3b86d1bba2cc8ab69827
2019-09-20 08:50:10,349 [main] INFO  handler.ContextHandler (ContextHandler.java:doStart(781)) - Started o.e.j.s.ServletContextHandler@a29aced{/logs,file:///workdir/hadoop-ozone/ozonefs/target/log,AVAILABLE}
2019-09-20 08:50:10,349 [main] INFO  handler.ContextHandler (ContextHandler.java:doStart(781)) - Started o.e.j.s.ServletContextHandler@741d2dda{/static,jar:file:/home/user/.m2/repository/org/apache/hadoop/hadoop-hdds-container-service/0.5.0-SNAPSHOT/hadoop-hdds-container-service-0.5.0-SNAPSHOT.jar!/webapps/static,AVAILABLE}
2019-09-20 08:50:10,378 [main] INFO  handler.ContextHandler (ContextHandler.java:doStart(781)) - Started o.e.j.w.WebAppContext@7d49ebf2{/,file:///tmp/jetty-0.0.0.0-44797-hddsDatanode-_-any-7864422312250483827.dir/webapp/,AVAILABLE}{/hddsDatanode}
2019-09-20 08:50:10,378 [main] INFO  server.AbstractConnector (AbstractConnector.java:doStart(278)) - Started ServerConnector@13b6f82d{HTTP/1.1,[http/1.1]}{0.0.0.0:44797}
2019-09-20 08:50:10,378 [main] INFO  server.Server (Server.java:doStart(419)) - Started @204282ms
2019-09-20 08:50:10,380 [main] INFO  server.BaseHttpServer (BaseHttpServer.java:updateConnectorAddress(213)) - HTTP server of HDDSDATANODE is listening at http://0.0.0.0:44797
2019-09-20 08:50:10,523 | INFO  | ObjectStoreRestHttpServer | Listening HDDS REST traffic on /0.0.0.0:39627 |  
2019-09-20 08:50:10,524 [main] INFO  ozone.HddsDatanodeService (HddsDatanodeService.java:startPlugins(395)) - Started plug-in org.apache.hadoop.ozone.web.OzoneHddsDatanodeService@62fef807
2019-09-20 08:50:10,524 [main] INFO  impl.MetricsSystemImpl (MetricsSystemImpl.java:init(158)) - HddsDatanode metrics system started (again)
2019-09-20 08:50:10,527 [org.apache.hadoop.util.JvmPauseMonitor$Monitor@6dd0dd15] INFO  util.JvmPauseMonitor (JvmPauseMonitor.java:run(188)) - Starting JVM pause monitor
2019-09-20 08:50:10,527 [main] INFO  ozone.HddsDatanodeService (HddsDatanodeService.java:start(184)) - HddsDatanodeService host:pr-hdds-1569-s8kj2-2266485376 ip:192.168.36.79
2019-09-20 08:50:10,529 [Datanode State Machine Thread - 0] INFO  datanode.InitDatanodeState (InitDatanodeState.java:persistContainerDatanodeDetails(140)) - DatanodeDetails is persisted to /workdir/hadoop-ozone/ozonefs/target/test-dir/MiniOzoneClusterImpl-a4ae5ff1-2421-4ebd-91fb-13e93a5a3fba/datanode-1/meta/datanode.id
2019-09-20 08:50:10,539 [main] INFO  volume.HddsVolume (HddsVolume.java:<init>(176)) - Creating Volume: /workdir/hadoop-ozone/ozonefs/target/test-dir/MiniOzoneClusterImpl-a4ae5ff1-2421-4ebd-91fb-13e93a5a3fba/datanode-2/data/containers/hdds of  storage type : DISK and capacity : 1482555576320
2019-09-20 08:50:10,539 [main] INFO  volume.VolumeSet (VolumeSet.java:initializeVolumeSet(170)) - Added Volume : /workdir/hadoop-ozone/ozonefs/target/test-dir/MiniOzoneClusterImpl-a4ae5ff1-2421-4ebd-91fb-13e93a5a3fba/datanode-2/data/containers/hdds to VolumeSet
2019-09-20 08:50:10,539 [main] INFO  volume.ThrottledAsyncChecker (ThrottledAsyncChecker.java:schedule(140)) - Scheduling a check for org.apache.hadoop.ozone.container.common.volume.HddsVolume@36f329e7
2019-09-20 08:50:10,539 [main] INFO  volume.HddsVolumeChecker (HddsVolumeChecker.java:checkAllVolumes(203)) - Scheduled health check for volume org.apache.hadoop.ozone.container.common.volume.HddsVolume@36f329e7
2019-09-20 08:50:10,564 [main] INFO  impl.RaftServerProxy (ConfUtils.java:logGet(43)) - raft.rpc.type = GRPC (default)
2019-09-20 08:50:10,564 [main] INFO  grpc.GrpcFactory (GrpcFactory.java:checkPooledByteBufAllocatorUseCacheForAllThreads(45)) - PERFORMANCE WARNING: useCacheForAllThreads is true that may cause Netty to create a lot garbage objects and, as a result, trigger GC.
	It is recommended to disable useCacheForAllThreads by setting -Dorg.apache.ratis.thirdparty.io.netty.allocator.useCacheForAllThreads=false in command line.
2019-09-20 08:50:10,564 [main] INFO  grpc.GrpcConfigKeys$Server (ConfUtils.java:logGet(43)) - raft.grpc.server.port = 0 (default)
2019-09-20 08:50:10,564 [main] INFO  server.GrpcService (ConfUtils.java:logGet(43)) - raft.grpc.message.size.max = 33570816 (custom)
2019-09-20 08:50:10,564 [main] INFO  server.RaftServerConfigKeys (ConfUtils.java:logGet(43)) - raft.server.log.appender.buffer.byte-limit = 33554432 (custom)
2019-09-20 08:50:10,565 [main] INFO  server.GrpcService (ConfUtils.java:logGet(43)) - raft.grpc.flow.control.window = 1MB (=1048576) (default)
2019-09-20 08:50:10,565 [main] INFO  server.RaftServerConfigKeys (ConfUtils.java:logGet(43)) - raft.server.rpc.request.timeout = 3000ms (default)
2019-09-20 08:50:10,565 [main] INFO  server.RaftServerConfigKeys (ConfUtils.java:logGet(43)) - raft.server.storage.dir = [/workdir/hadoop-ozone/ozonefs/target/test-dir/MiniOzoneClusterImpl-a4ae5ff1-2421-4ebd-91fb-13e93a5a3fba/datanode-2/data/ratis] (custom)
2019-09-20 08:50:10,566 [main] INFO  replication.SimpleContainerDownloader (SimpleContainerDownloader.java:<init>(72)) - Starting container downloader service to copy containers to replicate.
2019-09-20 08:50:10,567 [main] INFO  hdfs.DFSUtil (DFSUtil.java:httpServerTemplateForNNAndJN(1641)) - Starting Web-server for hddsDatanode at: http://0.0.0.0:0
2019-09-20 08:50:10,569 [main] INFO  server.AuthenticationFilter (AuthenticationFilter.java:constructSecretProvider(240)) - Unable to initialize FileSignerSecretProvider, falling back to use random secrets.
2019-09-20 08:50:10,569 [main] WARN  http.HttpRequestLog (HttpRequestLog.java:getRequestLog(97)) - Jetty request log can only be enabled using Log4j
2019-09-20 08:50:10,571 [main] INFO  http.HttpServer2 (HttpServer2.java:addGlobalFilter(975)) - Added global filter 'safety' (class=org.apache.hadoop.http.HttpServer2$QuotingInputFilter)
2019-09-20 08:50:10,572 [main] INFO  http.HttpServer2 (HttpServer2.java:addFilter(948)) - Added filter static_user_filter (class=org.apache.hadoop.http.lib.StaticUserWebFilter$StaticUserFilter) to context hddsDatanode
2019-09-20 08:50:10,573 [main] INFO  http.HttpServer2 (HttpServer2.java:addFilter(958)) - Added filter static_user_filter (class=org.apache.hadoop.http.lib.StaticUserWebFilter$StaticUserFilter) to context logs
2019-09-20 08:50:10,573 [main] INFO  http.HttpServer2 (HttpServer2.java:addFilter(958)) - Added filter static_user_filter (class=org.apache.hadoop.http.lib.StaticUserWebFilter$StaticUserFilter) to context static
2019-09-20 08:50:10,574 [main] INFO  http.HttpServer2 (HttpServer2.java:bindListener(1191)) - Jetty bound to port 45143
2019-09-20 08:50:10,574 [main] INFO  server.Server (Server.java:doStart(351)) - jetty-9.3.24.v20180605, build timestamp: 2018-06-05T17:11:56Z, git hash: 84205aa28f11a4f31f2a3b86d1bba2cc8ab69827
2019-09-20 08:50:10,576 [main] INFO  handler.ContextHandler (ContextHandler.java:doStart(781)) - Started o.e.j.s.ServletContextHandler@234a08ea{/logs,file:///workdir/hadoop-ozone/ozonefs/target/log,AVAILABLE}
2019-09-20 08:50:10,576 [main] INFO  handler.ContextHandler (ContextHandler.java:doStart(781)) - Started o.e.j.s.ServletContextHandler@56d3e4a9{/static,jar:file:/home/user/.m2/repository/org/apache/hadoop/hadoop-hdds-container-service/0.5.0-SNAPSHOT/hadoop-hdds-container-service-0.5.0-SNAPSHOT.jar!/webapps/static,AVAILABLE}
2019-09-20 08:50:10,613 [main] INFO  handler.ContextHandler (ContextHandler.java:doStart(781)) - Started o.e.j.w.WebAppContext@5f967ad3{/,file:///tmp/jetty-0.0.0.0-45143-hddsDatanode-_-any-8569389331618876424.dir/webapp/,AVAILABLE}{/hddsDatanode}
2019-09-20 08:50:10,613 [main] INFO  server.AbstractConnector (AbstractConnector.java:doStart(278)) - Started ServerConnector@5c1348c6{HTTP/1.1,[http/1.1]}{0.0.0.0:45143}
2019-09-20 08:50:10,615 [main] INFO  server.Server (Server.java:doStart(419)) - Started @204518ms
2019-09-20 08:50:10,616 [main] INFO  server.BaseHttpServer (BaseHttpServer.java:updateConnectorAddress(213)) - HTTP server of HDDSDATANODE is listening at http://0.0.0.0:45143
2019-09-20 08:50:10,753 | INFO  | ObjectStoreRestHttpServer | Listening HDDS REST traffic on /0.0.0.0:43337 |  
2019-09-20 08:50:10,753 [main] INFO  ozone.HddsDatanodeService (HddsDatanodeService.java:startPlugins(395)) - Started plug-in org.apache.hadoop.ozone.web.OzoneHddsDatanodeService@5c501f62
2019-09-20 08:50:10,754 [main] INFO  ozone.MiniOzoneClusterImpl (MiniOzoneClusterImpl.java:lambda$waitForClusterToBeReady$0(142)) - Waiting for cluster to be ready. Got 0 of 3 DN Heartbeats.
2019-09-20 08:50:10,755 [org.apache.hadoop.util.JvmPauseMonitor$Monitor@2e6007d3] INFO  util.JvmPauseMonitor (JvmPauseMonitor.java:run(188)) - Starting JVM pause monitor
2019-09-20 08:50:10,757 [Datanode State Machine Thread - 0] INFO  datanode.InitDatanodeState (InitDatanodeState.java:persistContainerDatanodeDetails(140)) - DatanodeDetails is persisted to /workdir/hadoop-ozone/ozonefs/target/test-dir/MiniOzoneClusterImpl-a4ae5ff1-2421-4ebd-91fb-13e93a5a3fba/datanode-2/meta/datanode.id
2019-09-20 08:50:11,754 [main] INFO  ozone.MiniOzoneClusterImpl (MiniOzoneClusterImpl.java:lambda$waitForClusterToBeReady$0(142)) - Waiting for cluster to be ready. Got 0 of 3 DN Heartbeats.
2019-09-20 08:50:12,312 | INFO  | SCMAudit | user=jenkins1000 | ip=192.168.36.79 | op=GET_VERSION null | ret=SUCCESS |  
2019-09-20 08:50:12,337 [Datanode State Machine Thread - 0] INFO  ozoneimpl.OzoneContainer (OzoneContainer.java:start(186)) - Attempting to start container services.
2019-09-20 08:50:12,337 [Datanode State Machine Thread - 0] INFO  ozoneimpl.OzoneContainer (OzoneContainer.java:startContainerScrub(160)) - Background container scrubber has been disabled by hdds.containerscrub.enabled
2019-09-20 08:50:12,337 [Datanode State Machine Thread - 0] INFO  ratis.XceiverServerRatis (XceiverServerRatis.java:start(404)) - Starting XceiverServerRatis 847f5ce1-146d-4bef-b8c6-e5ef7108e27b at port 0
2019-09-20 08:50:12,344 [Datanode State Machine Thread - 0] INFO  impl.RaftServerProxy (RaftServerProxy.java:lambda$start$3(299)) - 847f5ce1-146d-4bef-b8c6-e5ef7108e27b: start RPC server
2019-09-20 08:50:12,346 [Datanode State Machine Thread - 0] INFO  server.GrpcService (GrpcService.java:startImpl(149)) - 847f5ce1-146d-4bef-b8c6-e5ef7108e27b: GrpcService started, listening on 0.0.0.0/0.0.0.0:36776
2019-09-20 08:50:12,346 [Datanode State Machine Thread - 0] INFO  ratis.XceiverServerRatis (XceiverServerRatis.java:start(414)) - XceiverServerRatis 847f5ce1-146d-4bef-b8c6-e5ef7108e27b is started using port 36776
2019-09-20 08:50:12,351 [Datanode State Machine Thread - 0] INFO  server.XceiverServerGrpc (XceiverServerGrpc.java:start(163)) - XceiverServerGrpc 847f5ce1-146d-4bef-b8c6-e5ef7108e27b is started using port 38190
2019-09-20 08:50:12,527 | INFO  | SCMAudit | user=jenkins1000 | ip=192.168.36.79 | op=GET_VERSION null | ret=SUCCESS |  
2019-09-20 08:50:12,551 [Datanode State Machine Thread - 0] INFO  ozoneimpl.OzoneContainer (OzoneContainer.java:start(186)) - Attempting to start container services.
2019-09-20 08:50:12,551 [Datanode State Machine Thread - 0] INFO  ozoneimpl.OzoneContainer (OzoneContainer.java:startContainerScrub(160)) - Background container scrubber has been disabled by hdds.containerscrub.enabled
2019-09-20 08:50:12,552 [Datanode State Machine Thread - 0] INFO  ratis.XceiverServerRatis (XceiverServerRatis.java:start(404)) - Starting XceiverServerRatis aa1fb5c1-0c84-4e24-a27d-d801a3140cf1 at port 0
2019-09-20 08:50:12,557 [Datanode State Machine Thread - 0] INFO  impl.RaftServerProxy (RaftServerProxy.java:lambda$start$3(299)) - aa1fb5c1-0c84-4e24-a27d-d801a3140cf1: start RPC server
2019-09-20 08:50:12,557 [Datanode State Machine Thread - 0] INFO  server.GrpcService (GrpcService.java:startImpl(149)) - aa1fb5c1-0c84-4e24-a27d-d801a3140cf1: GrpcService started, listening on 0.0.0.0/0.0.0.0:41886
2019-09-20 08:50:12,557 [Datanode State Machine Thread - 0] INFO  ratis.XceiverServerRatis (XceiverServerRatis.java:start(414)) - XceiverServerRatis aa1fb5c1-0c84-4e24-a27d-d801a3140cf1 is started using port 41886
2019-09-20 08:50:12,558 [Datanode State Machine Thread - 0] INFO  server.XceiverServerGrpc (XceiverServerGrpc.java:start(163)) - XceiverServerGrpc aa1fb5c1-0c84-4e24-a27d-d801a3140cf1 is started using port 42228
2019-09-20 08:50:12,755 [main] INFO  ozone.MiniOzoneClusterImpl (MiniOzoneClusterImpl.java:lambda$waitForClusterToBeReady$0(142)) - Waiting for cluster to be ready. Got 0 of 3 DN Heartbeats.
2019-09-20 08:50:12,757 | INFO  | SCMAudit | user=jenkins1000 | ip=192.168.36.79 | op=GET_VERSION null | ret=SUCCESS |  
2019-09-20 08:50:12,783 [Datanode State Machine Thread - 0] INFO  ozoneimpl.OzoneContainer (OzoneContainer.java:start(186)) - Attempting to start container services.
2019-09-20 08:50:12,783 [Datanode State Machine Thread - 0] INFO  ozoneimpl.OzoneContainer (OzoneContainer.java:startContainerScrub(160)) - Background container scrubber has been disabled by hdds.containerscrub.enabled
2019-09-20 08:50:12,783 [Datanode State Machine Thread - 0] INFO  ratis.XceiverServerRatis (XceiverServerRatis.java:start(404)) - Starting XceiverServerRatis 878b45f2-8640-4699-86a6-c2f01c1e4571 at port 0
2019-09-20 08:50:12,793 [Datanode State Machine Thread - 0] INFO  impl.RaftServerProxy (RaftServerProxy.java:lambda$start$3(299)) - 878b45f2-8640-4699-86a6-c2f01c1e4571: start RPC server
2019-09-20 08:50:12,795 [Datanode State Machine Thread - 0] INFO  server.GrpcService (GrpcService.java:startImpl(149)) - 878b45f2-8640-4699-86a6-c2f01c1e4571: GrpcService started, listening on 0.0.0.0/0.0.0.0:45232
2019-09-20 08:50:12,795 [Datanode State Machine Thread - 0] INFO  ratis.XceiverServerRatis (XceiverServerRatis.java:start(414)) - XceiverServerRatis 878b45f2-8640-4699-86a6-c2f01c1e4571 is started using port 45232
2019-09-20 08:50:12,795 [Datanode State Machine Thread - 0] INFO  server.XceiverServerGrpc (XceiverServerGrpc.java:start(163)) - XceiverServerGrpc 878b45f2-8640-4699-86a6-c2f01c1e4571 is started using port 34954
2019-09-20 08:50:13,755 [main] INFO  ozone.MiniOzoneClusterImpl (MiniOzoneClusterImpl.java:lambda$waitForClusterToBeReady$0(142)) - Waiting for cluster to be ready. Got 0 of 3 DN Heartbeats.
2019-09-20 08:50:14,313 [IPC Server handler 2 on 39796] INFO  net.NetworkTopology (NetworkTopologyImpl.java:add(110)) - Added a new node: /default-rack/847f5ce1-146d-4bef-b8c6-e5ef7108e27b
2019-09-20 08:50:14,315 [IPC Server handler 2 on 39796] INFO  node.SCMNodeManager (SCMNodeManager.java:register(273)) - Registered Data node : 847f5ce1-146d-4bef-b8c6-e5ef7108e27b{ip: 192.168.36.79, host: pr-hdds-1569-s8kj2-2266485376, networkLocation: /default-rack, certSerialId: null}
2019-09-20 08:50:14,320 [EventQueue-NodeRegistrationContainerReportForDataNodeSafeModeRule] INFO  safemode.SCMSafeModeManager (DataNodeSafeModeRule.java:process(71)) - SCM in safe mode. 1 DataNodes registered, 1 required.
2019-09-20 08:50:14,322 [EventQueue-NodeRegistrationContainerReportForDataNodeSafeModeRule] INFO  safemode.SCMSafeModeManager (SCMSafeModeManager.java:validateSafeModeExitRules(177)) - ScmSafeModeManager, all rules are successfully validated
2019-09-20 08:50:14,321 | INFO  | SCMAudit | user=jenkins1000 | ip=192.168.36.79 | op=REGISTER {datanodeDetails=847f5ce1-146d-4bef-b8c6-e5ef7108e27b{ip: 192.168.36.79, host: pr-hdds-1569-s8kj2-2266485376, networkLocation: /default-rack, certSerialId: null}} | ret=SUCCESS |  
2019-09-20 08:50:14,322 [EventQueue-NodeRegistrationContainerReportForDataNodeSafeModeRule] INFO  safemode.SCMSafeModeManager (SCMSafeModeManager.java:exitSafeMode(193)) - SCM exiting safe mode.
2019-09-20 08:50:14,333 [grpc-default-executor-0] INFO  impl.RaftServerProxy (RaftServerProxy.java:addNew(89)) - 847f5ce1-146d-4bef-b8c6-e5ef7108e27b: addNew group-0FFB9FD5F995:[847f5ce1-146d-4bef-b8c6-e5ef7108e27b:192.168.36.79:36776] returns group-0FFB9FD5F995:java.util.concurrent.CompletableFuture@68c686a8[Not completed]
2019-09-20 08:50:14,335 [pool-610-thread-1] INFO  impl.RaftServerImpl (RaftServerImpl.java:<init>(93)) - 847f5ce1-146d-4bef-b8c6-e5ef7108e27b: new RaftServerImpl for group-0FFB9FD5F995:[847f5ce1-146d-4bef-b8c6-e5ef7108e27b:192.168.36.79:36776] with ContainerStateMachine:uninitialized
2019-09-20 08:50:14,335 [pool-610-thread-1] INFO  server.RaftServerConfigKeys (ConfUtils.java:logGet(43)) - raft.server.rpc.timeout.min = 5s (custom)
2019-09-20 08:50:14,335 [pool-610-thread-1] INFO  server.RaftServerConfigKeys (ConfUtils.java:logGet(43)) - raft.server.rpc.timeout.max = 5200ms (custom)
2019-09-20 08:50:14,335 [pool-610-thread-1] INFO  server.RaftServerConfigKeys (ConfUtils.java:logGet(43)) - raft.server.rpcslowness.timeout = 120s (custom)
2019-09-20 08:50:14,335 [pool-610-thread-1] INFO  server.RaftServerConfigKeys (ConfUtils.java:logGet(43)) - raft.server.sleep.deviation.threshold = 300 (default)
2019-09-20 08:50:14,336 [pool-610-thread-1] INFO  server.RaftServerConfigKeys (ConfUtils.java:logGet(43)) - raft.server.log.appender.install.snapshot.enabled = false (custom)
2019-09-20 08:50:14,336 [pool-610-thread-1] INFO  impl.RaftServerImpl (ServerState.java:<init>(105)) - 847f5ce1-146d-4bef-b8c6-e5ef7108e27b:group-0FFB9FD5F995 ConfigurationManager, init=-1: [847f5ce1-146d-4bef-b8c6-e5ef7108e27b:192.168.36.79:36776], old=null, confs=<EMPTY_MAP>
2019-09-20 08:50:14,336 [pool-610-thread-1] INFO  server.RaftServerConfigKeys (ConfUtils.java:logGet(43)) - raft.server.storage.dir = [/workdir/hadoop-ozone/ozonefs/target/test-dir/MiniOzoneClusterImpl-a4ae5ff1-2421-4ebd-91fb-13e93a5a3fba/datanode-0/data/ratis] (custom)
2019-09-20 08:50:14,337 [pool-610-thread-1] INFO  storage.RaftStorageDirectory (RaftStorageDirectory.java:analyzeStorage(246)) - The storage directory /workdir/hadoop-ozone/ozonefs/target/test-dir/MiniOzoneClusterImpl-a4ae5ff1-2421-4ebd-91fb-13e93a5a3fba/datanode-0/data/ratis/93766365-70fb-4409-ab2f-0ffb9fd5f995 does not exist. Creating ...
2019-09-20 08:50:14,365 [pool-610-thread-1] INFO  storage.RaftStorageDirectory (RaftStorageDirectory.java:tryLock(328)) - Lock on /workdir/hadoop-ozone/ozonefs/target/test-dir/MiniOzoneClusterImpl-a4ae5ff1-2421-4ebd-91fb-13e93a5a3fba/datanode-0/data/ratis/93766365-70fb-4409-ab2f-0ffb9fd5f995/in_use.lock acquired by nodename 9421@pr-hdds-1569-s8kj2-2266485376
2019-09-20 08:50:14,395 [pool-610-thread-1] INFO  storage.RaftStorage (RaftStorage.java:format(72)) - Storage directory /workdir/hadoop-ozone/ozonefs/target/test-dir/MiniOzoneClusterImpl-a4ae5ff1-2421-4ebd-91fb-13e93a5a3fba/datanode-0/data/ratis/93766365-70fb-4409-ab2f-0ffb9fd5f995 has been successfully formatted.
2019-09-20 08:50:14,395 [pool-610-thread-1] INFO  ratis.ContainerStateMachine (ContainerStateMachine.java:loadSnapshot(226)) - group-0FFB9FD5F995: The snapshot info is null. Setting the last applied indexto:(t:0, i:~)
2019-09-20 08:50:14,396 [pool-610-thread-1] INFO  server.RaftServerConfigKeys (ConfUtils.java:logGet(43)) - raft.server.leader.election.timeout = 120s (custom)
2019-09-20 08:50:14,396 [pool-610-thread-1] INFO  server.RaftServerConfigKeys (ConfUtils.java:logGet(43)) - raft.server.log.use.memory = false (default)
2019-09-20 08:50:14,396 [pool-610-thread-1] INFO  server.RaftServerConfigKeys (ConfUtils.java:logGet(43)) - raft.server.log.purge.gap = 1000000 (custom)
2019-09-20 08:50:14,396 [pool-610-thread-1] INFO  server.RaftServerConfigKeys (ConfUtils.java:logGet(43)) - raft.server.log.appender.buffer.byte-limit = 33554432 (custom)
2019-09-20 08:50:14,396 [pool-610-thread-1] INFO  server.RaftServerConfigKeys (ConfUtils.java:logGet(43)) - raft.server.log.segment.size.max = 1048576 (custom)
2019-09-20 08:50:14,397 [pool-610-thread-1] INFO  server.RaftServerConfigKeys (ConfUtils.java:logGet(43)) - raft.server.log.segment.cache.num.max = 2 (custom)
2019-09-20 08:50:14,397 [pool-610-thread-1] INFO  segmented.SegmentedRaftLogWorker (SegmentedRaftLogWorker.java:<init>(172)) - new 847f5ce1-146d-4bef-b8c6-e5ef7108e27b-SegmentedRaftLogWorker:Storage Directory /workdir/hadoop-ozone/ozonefs/target/test-dir/MiniOzoneClusterImpl-a4ae5ff1-2421-4ebd-91fb-13e93a5a3fba/datanode-0/data/ratis/93766365-70fb-4409-ab2f-0ffb9fd5f995 for RaftStorage:Storage Directory /workdir/hadoop-ozone/ozonefs/target/test-dir/MiniOzoneClusterImpl-a4ae5ff1-2421-4ebd-91fb-13e93a5a3fba/datanode-0/data/ratis/93766365-70fb-4409-ab2f-0ffb9fd5f995
2019-09-20 08:50:14,397 [pool-610-thread-1] INFO  server.RaftServerConfigKeys (ConfUtils.java:logGet(43)) - raft.server.log.queue.byte-limit = 2147483647 (custom)
2019-09-20 08:50:14,397 [pool-610-thread-1] INFO  server.RaftServerConfigKeys (ConfUtils.java:logGet(43)) - raft.server.log.queue.element-limit = 1024 (custom)
2019-09-20 08:50:14,398 [pool-610-thread-1] INFO  server.RaftServerConfigKeys (ConfUtils.java:logGet(43)) - raft.server.log.segment.size.max = 1048576 (custom)
2019-09-20 08:50:14,398 [pool-610-thread-1] INFO  server.RaftServerConfigKeys (ConfUtils.java:logGet(43)) - raft.server.log.preallocated.size = 16384 (custom)
2019-09-20 08:50:14,398 [pool-610-thread-1] INFO  server.RaftServerConfigKeys (ConfUtils.java:logGet(43)) - raft.server.log.write.buffer.size = 33554432 (custom)
2019-09-20 08:50:14,398 [pool-610-thread-1] INFO  server.RaftServerConfigKeys (ConfUtils.java:logGet(43)) - raft.server.log.force.sync.num = 128 (default)
2019-09-20 08:50:14,398 [pool-610-thread-1] INFO  server.RaftServerConfigKeys (ConfUtils.java:logGet(43)) - raft.server.log.statemachine.data.sync = true (default)
2019-09-20 08:50:14,399 [pool-610-thread-1] INFO  server.RaftServerConfigKeys (ConfUtils.java:logGet(43)) - raft.server.log.statemachine.data.sync.timeout = 10s (default)
2019-09-20 08:50:14,399 [pool-610-thread-1] INFO  server.RaftServerConfigKeys (ConfUtils.java:logGet(43)) - raft.server.log.statemachine.data.sync.timeout.retry = -1 (default)
2019-09-20 08:50:14,399 [pool-610-thread-1] INFO  server.RaftServerConfigKeys (ConfUtils.java:logGet(43)) - raft.server.log.statemachine.data.caching.enabled = true (custom)
2019-09-20 08:50:14,400 [pool-610-thread-1] INFO  segmented.SegmentedRaftLogWorker (SegmentedRaftLogWorker.java:lambda$new$0(132)) - 847f5ce1-146d-4bef-b8c6-e5ef7108e27b-SegmentedRaftLogWorker:Storage Directory /workdir/hadoop-ozone/ozonefs/target/test-dir/MiniOzoneClusterImpl-a4ae5ff1-2421-4ebd-91fb-13e93a5a3fba/datanode-0/data/ratis/93766365-70fb-4409-ab2f-0ffb9fd5f995: flushIndex: setUnconditionally 0 -> -1
2019-09-20 08:50:14,400 [pool-610-thread-1] INFO  server.RaftServerConfigKeys (ConfUtils.java:logGet(43)) - raft.server.snapshot.auto.trigger.enabled = true (custom)
2019-09-20 08:50:14,400 [pool-610-thread-1] INFO  server.RaftServerConfigKeys (ConfUtils.java:logGet(43)) - raft.server.snapshot.auto.trigger.threshold = 10000 (custom)
2019-09-20 08:50:14,400 [pool-610-thread-1] INFO  server.RaftServerConfigKeys (ConfUtils.java:logGet(43)) - raft.server.retrycache.expirytime = 600000ms (custom)
2019-09-20 08:50:14,401 [pool-610-thread-1] INFO  impl.RaftServerImpl (RaftServerImpl.java:start(180)) - 847f5ce1-146d-4bef-b8c6-e5ef7108e27b: start group-0FFB9FD5F995
2019-09-20 08:50:14,401 [pool-610-thread-1] INFO  impl.RaftServerImpl (RaftServerImpl.java:setRole(171)) - 847f5ce1-146d-4bef-b8c6-e5ef7108e27b:group-0FFB9FD5F995 changes role from null to FOLLOWER at term 0 for startAsFollower
2019-09-20 08:50:14,401 [pool-610-thread-1] INFO  impl.RoleInfo (RoleInfo.java:updateAndGet(143)) - 847f5ce1-146d-4bef-b8c6-e5ef7108e27b: start FollowerState
2019-09-20 08:50:14,401 [pool-610-thread-1] INFO  util.JmxRegister (JmxRegister.java:tryRegister(44)) - Successfully registered JMX Bean with object name Ratis:service=RaftServer,group=group-0FFB9FD5F995,id=847f5ce1-146d-4bef-b8c6-e5ef7108e27b
2019-09-20 08:50:14,405 [RatisPipelineUtilsThread] INFO  pipeline.PipelineStateManager (PipelineStateManager.java:addPipeline(56)) - Created pipeline Pipeline[ Id: 93766365-70fb-4409-ab2f-0ffb9fd5f995, Nodes: 847f5ce1-146d-4bef-b8c6-e5ef7108e27b{ip: 192.168.36.79, host: pr-hdds-1569-s8kj2-2266485376, networkLocation: /default-rack, certSerialId: null}, Type:RATIS, Factor:ONE, State:OPEN]
2019-09-20 08:50:14,411 [grpc-default-executor-0] INFO  impl.RaftServerProxy (RaftServerProxy.java:addNew(89)) - 847f5ce1-146d-4bef-b8c6-e5ef7108e27b: addNew group-1C26F641BC91:[847f5ce1-146d-4bef-b8c6-e5ef7108e27b:192.168.36.79:36776] returns group-1C26F641BC91:java.util.concurrent.CompletableFuture@5964cff4[Not completed]
2019-09-20 08:50:14,412 [pool-610-thread-1] INFO  impl.RaftServerImpl (RaftServerImpl.java:<init>(93)) - 847f5ce1-146d-4bef-b8c6-e5ef7108e27b: new RaftServerImpl for group-1C26F641BC91:[847f5ce1-146d-4bef-b8c6-e5ef7108e27b:192.168.36.79:36776] with ContainerStateMachine:uninitialized
2019-09-20 08:50:14,412 [pool-610-thread-1] INFO  server.RaftServerConfigKeys (ConfUtils.java:logGet(43)) - raft.server.rpc.timeout.min = 5s (custom)
2019-09-20 08:50:14,412 [pool-610-thread-1] INFO  server.RaftServerConfigKeys (ConfUtils.java:logGet(43)) - raft.server.rpc.timeout.max = 5200ms (custom)
2019-09-20 08:50:14,412 [pool-610-thread-1] INFO  server.RaftServerConfigKeys (ConfUtils.java:logGet(43)) - raft.server.rpcslowness.timeout = 120s (custom)
2019-09-20 08:50:14,412 [pool-610-thread-1] INFO  server.RaftServerConfigKeys (ConfUtils.java:logGet(43)) - raft.server.sleep.deviation.threshold = 300 (default)
2019-09-20 08:50:14,412 [pool-610-thread-1] INFO  server.RaftServerConfigKeys (ConfUtils.java:logGet(43)) - raft.server.log.appender.install.snapshot.enabled = false (custom)
2019-09-20 08:50:14,412 [pool-610-thread-1] INFO  impl.RaftServerImpl (ServerState.java:<init>(105)) - 847f5ce1-146d-4bef-b8c6-e5ef7108e27b:group-1C26F641BC91 ConfigurationManager, init=-1: [847f5ce1-146d-4bef-b8c6-e5ef7108e27b:192.168.36.79:36776], old=null, confs=<EMPTY_MAP>
2019-09-20 08:50:14,413 [pool-610-thread-1] INFO  server.RaftServerConfigKeys (ConfUtils.java:logGet(43)) - raft.server.storage.dir = [/workdir/hadoop-ozone/ozonefs/target/test-dir/MiniOzoneClusterImpl-a4ae5ff1-2421-4ebd-91fb-13e93a5a3fba/datanode-0/data/ratis] (custom)
2019-09-20 08:50:14,413 [pool-610-thread-1] INFO  storage.RaftStorageDirectory (RaftStorageDirectory.java:analyzeStorage(246)) - The storage directory /workdir/hadoop-ozone/ozonefs/target/test-dir/MiniOzoneClusterImpl-a4ae5ff1-2421-4ebd-91fb-13e93a5a3fba/datanode-0/data/ratis/8c9cb972-cfad-4002-8c57-1c26f641bc91 does not exist. Creating ...
2019-09-20 08:50:14,436 [pool-610-thread-1] INFO  storage.RaftStorageDirectory (RaftStorageDirectory.java:tryLock(328)) - Lock on /workdir/hadoop-ozone/ozonefs/target/test-dir/MiniOzoneClusterImpl-a4ae5ff1-2421-4ebd-91fb-13e93a5a3fba/datanode-0/data/ratis/8c9cb972-cfad-4002-8c57-1c26f641bc91/in_use.lock acquired by nodename 9421@pr-hdds-1569-s8kj2-2266485376
2019-09-20 08:50:14,466 [pool-610-thread-1] INFO  storage.RaftStorage (RaftStorage.java:format(72)) - Storage directory /workdir/hadoop-ozone/ozonefs/target/test-dir/MiniOzoneClusterImpl-a4ae5ff1-2421-4ebd-91fb-13e93a5a3fba/datanode-0/data/ratis/8c9cb972-cfad-4002-8c57-1c26f641bc91 has been successfully formatted.
2019-09-20 08:50:14,466 [pool-610-thread-1] INFO  ratis.ContainerStateMachine (ContainerStateMachine.java:loadSnapshot(226)) - group-1C26F641BC91: The snapshot info is null. Setting the last applied indexto:(t:0, i:~)
2019-09-20 08:50:14,466 [pool-610-thread-1] INFO  server.RaftServerConfigKeys (ConfUtils.java:logGet(43)) - raft.server.leader.election.timeout = 120s (custom)
2019-09-20 08:50:14,466 [pool-610-thread-1] INFO  server.RaftServerConfigKeys (ConfUtils.java:logGet(43)) - raft.server.log.use.memory = false (default)
2019-09-20 08:50:14,466 [pool-610-thread-1] INFO  server.RaftServerConfigKeys (ConfUtils.java:logGet(43)) - raft.server.log.purge.gap = 1000000 (custom)
2019-09-20 08:50:14,467 [pool-610-thread-1] INFO  server.RaftServerConfigKeys (ConfUtils.java:logGet(43)) - raft.server.log.appender.buffer.byte-limit = 33554432 (custom)
2019-09-20 08:50:14,467 [pool-610-thread-1] INFO  server.RaftServerConfigKeys (ConfUtils.java:logGet(43)) - raft.server.log.segment.size.max = 1048576 (custom)
2019-09-20 08:50:14,467 [pool-610-thread-1] INFO  server.RaftServerConfigKeys (ConfUtils.java:logGet(43)) - raft.server.log.segment.cache.num.max = 2 (custom)
2019-09-20 08:50:14,467 [pool-610-thread-1] INFO  segmented.SegmentedRaftLogWorker (SegmentedRaftLogWorker.java:<init>(172)) - new 847f5ce1-146d-4bef-b8c6-e5ef7108e27b-SegmentedRaftLogWorker:Storage Directory /workdir/hadoop-ozone/ozonefs/target/test-dir/MiniOzoneClusterImpl-a4ae5ff1-2421-4ebd-91fb-13e93a5a3fba/datanode-0/data/ratis/8c9cb972-cfad-4002-8c57-1c26f641bc91 for RaftStorage:Storage Directory /workdir/hadoop-ozone/ozonefs/target/test-dir/MiniOzoneClusterImpl-a4ae5ff1-2421-4ebd-91fb-13e93a5a3fba/datanode-0/data/ratis/8c9cb972-cfad-4002-8c57-1c26f641bc91
2019-09-20 08:50:14,467 [pool-610-thread-1] INFO  server.RaftServerConfigKeys (ConfUtils.java:logGet(43)) - raft.server.log.queue.byte-limit = 2147483647 (custom)
2019-09-20 08:50:14,468 [pool-610-thread-1] INFO  server.RaftServerConfigKeys (ConfUtils.java:logGet(43)) - raft.server.log.queue.element-limit = 1024 (custom)
2019-09-20 08:50:14,468 [pool-610-thread-1] INFO  server.RaftServerConfigKeys (ConfUtils.java:logGet(43)) - raft.server.log.segment.size.max = 1048576 (custom)
2019-09-20 08:50:14,468 [pool-610-thread-1] INFO  server.RaftServerConfigKeys (ConfUtils.java:logGet(43)) - raft.server.log.preallocated.size = 16384 (custom)
2019-09-20 08:50:14,468 [pool-610-thread-1] INFO  server.RaftServerConfigKeys (ConfUtils.java:logGet(43)) - raft.server.log.write.buffer.size = 33554432 (custom)
2019-09-20 08:50:14,468 [pool-610-thread-1] INFO  server.RaftServerConfigKeys (ConfUtils.java:logGet(43)) - raft.server.log.force.sync.num = 128 (default)
2019-09-20 08:50:14,469 [pool-610-thread-1] INFO  server.RaftServerConfigKeys (ConfUtils.java:logGet(43)) - raft.server.log.statemachine.data.sync = true (default)
2019-09-20 08:50:14,469 [pool-610-thread-1] INFO  server.RaftServerConfigKeys (ConfUtils.java:logGet(43)) - raft.server.log.statemachine.data.sync.timeout = 10s (default)
2019-09-20 08:50:14,469 [pool-610-thread-1] INFO  server.RaftServerConfigKeys (ConfUtils.java:logGet(43)) - raft.server.log.statemachine.data.sync.timeout.retry = -1 (default)
2019-09-20 08:50:14,469 [pool-610-thread-1] INFO  server.RaftServerConfigKeys (ConfUtils.java:logGet(43)) - raft.server.log.statemachine.data.caching.enabled = true (custom)
2019-09-20 08:50:14,469 [pool-610-thread-1] INFO  segmented.SegmentedRaftLogWorker (SegmentedRaftLogWorker.java:lambda$new$0(132)) - 847f5ce1-146d-4bef-b8c6-e5ef7108e27b-SegmentedRaftLogWorker:Storage Directory /workdir/hadoop-ozone/ozonefs/target/test-dir/MiniOzoneClusterImpl-a4ae5ff1-2421-4ebd-91fb-13e93a5a3fba/datanode-0/data/ratis/8c9cb972-cfad-4002-8c57-1c26f641bc91: flushIndex: setUnconditionally 0 -> -1
2019-09-20 08:50:14,470 [pool-610-thread-1] INFO  server.RaftServerConfigKeys (ConfUtils.java:logGet(43)) - raft.server.snapshot.auto.trigger.enabled = true (custom)
2019-09-20 08:50:14,470 [pool-610-thread-1] INFO  server.RaftServerConfigKeys (ConfUtils.java:logGet(43)) - raft.server.snapshot.auto.trigger.threshold = 10000 (custom)
2019-09-20 08:50:14,470 [pool-610-thread-1] INFO  server.RaftServerConfigKeys (ConfUtils.java:logGet(43)) - raft.server.retrycache.expirytime = 600000ms (custom)
2019-09-20 08:50:14,470 [pool-610-thread-1] INFO  impl.RaftServerImpl (RaftServerImpl.java:start(180)) - 847f5ce1-146d-4bef-b8c6-e5ef7108e27b: start group-1C26F641BC91
2019-09-20 08:50:14,470 [pool-610-thread-1] INFO  impl.RaftServerImpl (RaftServerImpl.java:setRole(171)) - 847f5ce1-146d-4bef-b8c6-e5ef7108e27b:group-1C26F641BC91 changes role from null to FOLLOWER at term 0 for startAsFollower
2019-09-20 08:50:14,471 [pool-610-thread-1] INFO  impl.RoleInfo (RoleInfo.java:updateAndGet(143)) - 847f5ce1-146d-4bef-b8c6-e5ef7108e27b: start FollowerState
2019-09-20 08:50:14,471 [pool-610-thread-1] INFO  util.JmxRegister (JmxRegister.java:tryRegister(44)) - Successfully registered JMX Bean with object name Ratis:service=RaftServer,group=group-1C26F641BC91,id=847f5ce1-146d-4bef-b8c6-e5ef7108e27b
2019-09-20 08:50:14,474 [RatisPipelineUtilsThread] INFO  pipeline.PipelineStateManager (PipelineStateManager.java:addPipeline(56)) - Created pipeline Pipeline[ Id: 8c9cb972-cfad-4002-8c57-1c26f641bc91, Nodes: 847f5ce1-146d-4bef-b8c6-e5ef7108e27b{ip: 192.168.36.79, host: pr-hdds-1569-s8kj2-2266485376, networkLocation: /default-rack, certSerialId: null}, Type:RATIS, Factor:ONE, State:OPEN]
2019-09-20 08:50:14,479 [grpc-default-executor-0] INFO  impl.RaftServerProxy (RaftServerProxy.java:addNew(89)) - 847f5ce1-146d-4bef-b8c6-e5ef7108e27b: addNew group-AB67A5B7F04F:[847f5ce1-146d-4bef-b8c6-e5ef7108e27b:192.168.36.79:36776] returns group-AB67A5B7F04F:java.util.concurrent.CompletableFuture@8e979e7[Not completed]
2019-09-20 08:50:14,480 [pool-610-thread-1] INFO  impl.RaftServerImpl (RaftServerImpl.java:<init>(93)) - 847f5ce1-146d-4bef-b8c6-e5ef7108e27b: new RaftServerImpl for group-AB67A5B7F04F:[847f5ce1-146d-4bef-b8c6-e5ef7108e27b:192.168.36.79:36776] with ContainerStateMachine:uninitialized
2019-09-20 08:50:14,480 [pool-610-thread-1] INFO  server.RaftServerConfigKeys (ConfUtils.java:logGet(43)) - raft.server.rpc.timeout.min = 5s (custom)
2019-09-20 08:50:14,480 [pool-610-thread-1] INFO  server.RaftServerConfigKeys (ConfUtils.java:logGet(43)) - raft.server.rpc.timeout.max = 5200ms (custom)
2019-09-20 08:50:14,480 [pool-610-thread-1] INFO  server.RaftServerConfigKeys (ConfUtils.java:logGet(43)) - raft.server.rpcslowness.timeout = 120s (custom)
2019-09-20 08:50:14,480 [pool-610-thread-1] INFO  server.RaftServerConfigKeys (ConfUtils.java:logGet(43)) - raft.server.sleep.deviation.threshold = 300 (default)
2019-09-20 08:50:14,481 [pool-610-thread-1] INFO  server.RaftServerConfigKeys (ConfUtils.java:logGet(43)) - raft.server.log.appender.install.snapshot.enabled = false (custom)
2019-09-20 08:50:14,481 [pool-610-thread-1] INFO  impl.RaftServerImpl (ServerState.java:<init>(105)) - 847f5ce1-146d-4bef-b8c6-e5ef7108e27b:group-AB67A5B7F04F ConfigurationManager, init=-1: [847f5ce1-146d-4bef-b8c6-e5ef7108e27b:192.168.36.79:36776], old=null, confs=<EMPTY_MAP>
2019-09-20 08:50:14,481 [pool-610-thread-1] INFO  server.RaftServerConfigKeys (ConfUtils.java:logGet(43)) - raft.server.storage.dir = [/workdir/hadoop-ozone/ozonefs/target/test-dir/MiniOzoneClusterImpl-a4ae5ff1-2421-4ebd-91fb-13e93a5a3fba/datanode-0/data/ratis] (custom)
2019-09-20 08:50:14,481 [pool-610-thread-1] INFO  storage.RaftStorageDirectory (RaftStorageDirectory.java:analyzeStorage(246)) - The storage directory /workdir/hadoop-ozone/ozonefs/target/test-dir/MiniOzoneClusterImpl-a4ae5ff1-2421-4ebd-91fb-13e93a5a3fba/datanode-0/data/ratis/3c2a291b-7391-48de-9d6e-ab67a5b7f04f does not exist. Creating ...
2019-09-20 08:50:14,504 [pool-610-thread-1] INFO  storage.RaftStorageDirectory (RaftStorageDirectory.java:tryLock(328)) - Lock on /workdir/hadoop-ozone/ozonefs/target/test-dir/MiniOzoneClusterImpl-a4ae5ff1-2421-4ebd-91fb-13e93a5a3fba/datanode-0/data/ratis/3c2a291b-7391-48de-9d6e-ab67a5b7f04f/in_use.lock acquired by nodename 9421@pr-hdds-1569-s8kj2-2266485376
2019-09-20 08:50:14,529 [IPC Server handler 1 on 39796] INFO  net.NetworkTopology (NetworkTopologyImpl.java:add(110)) - Added a new node: /default-rack/aa1fb5c1-0c84-4e24-a27d-d801a3140cf1
2019-09-20 08:50:14,529 [IPC Server handler 1 on 39796] INFO  node.SCMNodeManager (SCMNodeManager.java:register(273)) - Registered Data node : aa1fb5c1-0c84-4e24-a27d-d801a3140cf1{ip: 192.168.36.79, host: pr-hdds-1569-s8kj2-2266485376, networkLocation: /default-rack, certSerialId: null}
2019-09-20 08:50:14,529 | INFO  | SCMAudit | user=jenkins1000 | ip=192.168.36.79 | op=REGISTER {datanodeDetails=aa1fb5c1-0c84-4e24-a27d-d801a3140cf1{ip: 192.168.36.79, host: pr-hdds-1569-s8kj2-2266485376, networkLocation: /default-rack, certSerialId: null}} | ret=SUCCESS |  
2019-09-20 08:50:14,532 [pool-610-thread-1] INFO  storage.RaftStorage (RaftStorage.java:format(72)) - Storage directory /workdir/hadoop-ozone/ozonefs/target/test-dir/MiniOzoneClusterImpl-a4ae5ff1-2421-4ebd-91fb-13e93a5a3fba/datanode-0/data/ratis/3c2a291b-7391-48de-9d6e-ab67a5b7f04f has been successfully formatted.
2019-09-20 08:50:14,532 [pool-610-thread-1] INFO  ratis.ContainerStateMachine (ContainerStateMachine.java:loadSnapshot(226)) - group-AB67A5B7F04F: The snapshot info is null. Setting the last applied indexto:(t:0, i:~)
2019-09-20 08:50:14,532 [pool-610-thread-1] INFO  server.RaftServerConfigKeys (ConfUtils.java:logGet(43)) - raft.server.leader.election.timeout = 120s (custom)
2019-09-20 08:50:14,532 [pool-610-thread-1] INFO  server.RaftServerConfigKeys (ConfUtils.java:logGet(43)) - raft.server.log.use.memory = false (default)
2019-09-20 08:50:14,532 [pool-610-thread-1] INFO  server.RaftServerConfigKeys (ConfUtils.java:logGet(43)) - raft.server.log.purge.gap = 1000000 (custom)
2019-09-20 08:50:14,533 [pool-610-thread-1] INFO  server.RaftServerConfigKeys (ConfUtils.java:logGet(43)) - raft.server.log.appender.buffer.byte-limit = 33554432 (custom)
2019-09-20 08:50:14,533 [pool-610-thread-1] INFO  server.RaftServerConfigKeys (ConfUtils.java:logGet(43)) - raft.server.log.segment.size.max = 1048576 (custom)
2019-09-20 08:50:14,533 [pool-610-thread-1] INFO  server.RaftServerConfigKeys (ConfUtils.java:logGet(43)) - raft.server.log.segment.cache.num.max = 2 (custom)
2019-09-20 08:50:14,533 [pool-610-thread-1] INFO  segmented.SegmentedRaftLogWorker (SegmentedRaftLogWorker.java:<init>(172)) - new 847f5ce1-146d-4bef-b8c6-e5ef7108e27b-SegmentedRaftLogWorker:Storage Directory /workdir/hadoop-ozone/ozonefs/target/test-dir/MiniOzoneClusterImpl-a4ae5ff1-2421-4ebd-91fb-13e93a5a3fba/datanode-0/data/ratis/3c2a291b-7391-48de-9d6e-ab67a5b7f04f for RaftStorage:Storage Directory /workdir/hadoop-ozone/ozonefs/target/test-dir/MiniOzoneClusterImpl-a4ae5ff1-2421-4ebd-91fb-13e93a5a3fba/datanode-0/data/ratis/3c2a291b-7391-48de-9d6e-ab67a5b7f04f
2019-09-20 08:50:14,533 [pool-610-thread-1] INFO  server.RaftServerConfigKeys (ConfUtils.java:logGet(43)) - raft.server.log.queue.byte-limit = 2147483647 (custom)
2019-09-20 08:50:14,533 [pool-610-thread-1] INFO  server.RaftServerConfigKeys (ConfUtils.java:logGet(43)) - raft.server.log.queue.element-limit = 1024 (custom)
2019-09-20 08:50:14,534 [pool-610-thread-1] INFO  server.RaftServerConfigKeys (ConfUtils.java:logGet(43)) - raft.server.log.segment.size.max = 1048576 (custom)
2019-09-20 08:50:14,534 [pool-610-thread-1] INFO  server.RaftServerConfigKeys (ConfUtils.java:logGet(43)) - raft.server.log.preallocated.size = 16384 (custom)
2019-09-20 08:50:14,534 [pool-610-thread-1] INFO  server.RaftServerConfigKeys (ConfUtils.java:logGet(43)) - raft.server.log.write.buffer.size = 33554432 (custom)
2019-09-20 08:50:14,534 [pool-610-thread-1] INFO  server.RaftServerConfigKeys (ConfUtils.java:logGet(43)) - raft.server.log.force.sync.num = 128 (default)
2019-09-20 08:50:14,534 [pool-610-thread-1] INFO  server.RaftServerConfigKeys (ConfUtils.java:logGet(43)) - raft.server.log.statemachine.data.sync = true (default)
2019-09-20 08:50:14,534 [pool-610-thread-1] INFO  server.RaftServerConfigKeys (ConfUtils.java:logGet(43)) - raft.server.log.statemachine.data.sync.timeout = 10s (default)
2019-09-20 08:50:14,535 [pool-610-thread-1] INFO  server.RaftServerConfigKeys (ConfUtils.java:logGet(43)) - raft.server.log.statemachine.data.sync.timeout.retry = -1 (default)
2019-09-20 08:50:14,535 [pool-610-thread-1] INFO  server.RaftServerConfigKeys (ConfUtils.java:logGet(43)) - raft.server.log.statemachine.data.caching.enabled = true (custom)
2019-09-20 08:50:14,535 [pool-610-thread-1] INFO  segmented.SegmentedRaftLogWorker (SegmentedRaftLogWorker.java:lambda$new$0(132)) - 847f5ce1-146d-4bef-b8c6-e5ef7108e27b-SegmentedRaftLogWorker:Storage Directory /workdir/hadoop-ozone/ozonefs/target/test-dir/MiniOzoneClusterImpl-a4ae5ff1-2421-4ebd-91fb-13e93a5a3fba/datanode-0/data/ratis/3c2a291b-7391-48de-9d6e-ab67a5b7f04f: flushIndex: setUnconditionally 0 -> -1
2019-09-20 08:50:14,535 [pool-610-thread-1] INFO  server.RaftServerConfigKeys (ConfUtils.java:logGet(43)) - raft.server.snapshot.auto.trigger.enabled = true (custom)
2019-09-20 08:50:14,536 [pool-610-thread-1] INFO  server.RaftServerConfigKeys (ConfUtils.java:logGet(43)) - raft.server.snapshot.auto.trigger.threshold = 10000 (custom)
2019-09-20 08:50:14,536 [pool-610-thread-1] INFO  server.RaftServerConfigKeys (ConfUtils.java:logGet(43)) - raft.server.retrycache.expirytime = 600000ms (custom)
2019-09-20 08:50:14,536 [pool-610-thread-1] INFO  impl.RaftServerImpl (RaftServerImpl.java:start(180)) - 847f5ce1-146d-4bef-b8c6-e5ef7108e27b: start group-AB67A5B7F04F
2019-09-20 08:50:14,536 [pool-610-thread-1] INFO  impl.RaftServerImpl (RaftServerImpl.java:setRole(171)) - 847f5ce1-146d-4bef-b8c6-e5ef7108e27b:group-AB67A5B7F04F changes role from null to FOLLOWER at term 0 for startAsFollower
2019-09-20 08:50:14,536 [pool-610-thread-1] INFO  impl.RoleInfo (RoleInfo.java:updateAndGet(143)) - 847f5ce1-146d-4bef-b8c6-e5ef7108e27b: start FollowerState
2019-09-20 08:50:14,537 [pool-610-thread-1] INFO  util.JmxRegister (JmxRegister.java:tryRegister(44)) - Successfully registered JMX Bean with object name Ratis:service=RaftServer,group=group-AB67A5B7F04F,id=847f5ce1-146d-4bef-b8c6-e5ef7108e27b
2019-09-20 08:50:14,539 [RatisPipelineUtilsThread] INFO  pipeline.PipelineStateManager (PipelineStateManager.java:addPipeline(56)) - Created pipeline Pipeline[ Id: 3c2a291b-7391-48de-9d6e-ab67a5b7f04f, Nodes: 847f5ce1-146d-4bef-b8c6-e5ef7108e27b{ip: 192.168.36.79, host: pr-hdds-1569-s8kj2-2266485376, networkLocation: /default-rack, certSerialId: null}, Type:RATIS, Factor:ONE, State:OPEN]
2019-09-20 08:50:14,544 [grpc-default-executor-0] INFO  impl.RaftServerProxy (RaftServerProxy.java:addNew(89)) - 847f5ce1-146d-4bef-b8c6-e5ef7108e27b: addNew group-4D1DE6387063:[847f5ce1-146d-4bef-b8c6-e5ef7108e27b:192.168.36.79:36776] returns group-4D1DE6387063:java.util.concurrent.CompletableFuture@2952d614[Not completed]
2019-09-20 08:50:14,545 [pool-610-thread-1] INFO  impl.RaftServerImpl (RaftServerImpl.java:<init>(93)) - 847f5ce1-146d-4bef-b8c6-e5ef7108e27b: new RaftServerImpl for group-4D1DE6387063:[847f5ce1-146d-4bef-b8c6-e5ef7108e27b:192.168.36.79:36776] with ContainerStateMachine:uninitialized
2019-09-20 08:50:14,545 [pool-610-thread-1] INFO  server.RaftServerConfigKeys (ConfUtils.java:logGet(43)) - raft.server.rpc.timeout.min = 5s (custom)
2019-09-20 08:50:14,545 [pool-610-thread-1] INFO  server.RaftServerConfigKeys (ConfUtils.java:logGet(43)) - raft.server.rpc.timeout.max = 5200ms (custom)
2019-09-20 08:50:14,545 [pool-610-thread-1] INFO  server.RaftServerConfigKeys (ConfUtils.java:logGet(43)) - raft.server.rpcslowness.timeout = 120s (custom)
2019-09-20 08:50:14,545 [pool-610-thread-1] INFO  server.RaftServerConfigKeys (ConfUtils.java:logGet(43)) - raft.server.sleep.deviation.threshold = 300 (default)
2019-09-20 08:50:14,545 [pool-610-thread-1] INFO  server.RaftServerConfigKeys (ConfUtils.java:logGet(43)) - raft.server.log.appender.install.snapshot.enabled = false (custom)
2019-09-20 08:50:14,546 [pool-610-thread-1] INFO  impl.RaftServerImpl (ServerState.java:<init>(105)) - 847f5ce1-146d-4bef-b8c6-e5ef7108e27b:group-4D1DE6387063 ConfigurationManager, init=-1: [847f5ce1-146d-4bef-b8c6-e5ef7108e27b:192.168.36.79:36776], old=null, confs=<EMPTY_MAP>
2019-09-20 08:50:14,546 [pool-610-thread-1] INFO  server.RaftServerConfigKeys (ConfUtils.java:logGet(43)) - raft.server.storage.dir = [/workdir/hadoop-ozone/ozonefs/target/test-dir/MiniOzoneClusterImpl-a4ae5ff1-2421-4ebd-91fb-13e93a5a3fba/datanode-0/data/ratis] (custom)
2019-09-20 08:50:14,546 [pool-610-thread-1] INFO  storage.RaftStorageDirectory (RaftStorageDirectory.java:analyzeStorage(246)) - The storage directory /workdir/hadoop-ozone/ozonefs/target/test-dir/MiniOzoneClusterImpl-a4ae5ff1-2421-4ebd-91fb-13e93a5a3fba/datanode-0/data/ratis/bd930c53-ab99-4813-9c1c-4d1de6387063 does not exist. Creating ...
2019-09-20 08:50:14,566 [pool-610-thread-1] INFO  storage.RaftStorageDirectory (RaftStorageDirectory.java:tryLock(328)) - Lock on /workdir/hadoop-ozone/ozonefs/target/test-dir/MiniOzoneClusterImpl-a4ae5ff1-2421-4ebd-91fb-13e93a5a3fba/datanode-0/data/ratis/bd930c53-ab99-4813-9c1c-4d1de6387063/in_use.lock acquired by nodename 9421@pr-hdds-1569-s8kj2-2266485376
2019-09-20 08:50:14,594 [pool-610-thread-1] INFO  storage.RaftStorage (RaftStorage.java:format(72)) - Storage directory /workdir/hadoop-ozone/ozonefs/target/test-dir/MiniOzoneClusterImpl-a4ae5ff1-2421-4ebd-91fb-13e93a5a3fba/datanode-0/data/ratis/bd930c53-ab99-4813-9c1c-4d1de6387063 has been successfully formatted.
2019-09-20 08:50:14,594 [pool-610-thread-1] INFO  ratis.ContainerStateMachine (ContainerStateMachine.java:loadSnapshot(226)) - group-4D1DE6387063: The snapshot info is null. Setting the last applied indexto:(t:0, i:~)
2019-09-20 08:50:14,594 [pool-610-thread-1] INFO  server.RaftServerConfigKeys (ConfUtils.java:logGet(43)) - raft.server.leader.election.timeout = 120s (custom)
2019-09-20 08:50:14,594 [pool-610-thread-1] INFO  server.RaftServerConfigKeys (ConfUtils.java:logGet(43)) - raft.server.log.use.memory = false (default)
2019-09-20 08:50:14,594 [pool-610-thread-1] INFO  server.RaftServerConfigKeys (ConfUtils.java:logGet(43)) - raft.server.log.purge.gap = 1000000 (custom)
2019-09-20 08:50:14,595 [pool-610-thread-1] INFO  server.RaftServerConfigKeys (ConfUtils.java:logGet(43)) - raft.server.log.appender.buffer.byte-limit = 33554432 (custom)
2019-09-20 08:50:14,595 [pool-610-thread-1] INFO  server.RaftServerConfigKeys (ConfUtils.java:logGet(43)) - raft.server.log.segment.size.max = 1048576 (custom)
2019-09-20 08:50:14,595 [pool-610-thread-1] INFO  server.RaftServerConfigKeys (ConfUtils.java:logGet(43)) - raft.server.log.segment.cache.num.max = 2 (custom)
2019-09-20 08:50:14,595 [pool-610-thread-1] INFO  segmented.SegmentedRaftLogWorker (SegmentedRaftLogWorker.java:<init>(172)) - new 847f5ce1-146d-4bef-b8c6-e5ef7108e27b-SegmentedRaftLogWorker:Storage Directory /workdir/hadoop-ozone/ozonefs/target/test-dir/MiniOzoneClusterImpl-a4ae5ff1-2421-4ebd-91fb-13e93a5a3fba/datanode-0/data/ratis/bd930c53-ab99-4813-9c1c-4d1de6387063 for RaftStorage:Storage Directory /workdir/hadoop-ozone/ozonefs/target/test-dir/MiniOzoneClusterImpl-a4ae5ff1-2421-4ebd-91fb-13e93a5a3fba/datanode-0/data/ratis/bd930c53-ab99-4813-9c1c-4d1de6387063
2019-09-20 08:50:14,595 [pool-610-thread-1] INFO  server.RaftServerConfigKeys (ConfUtils.java:logGet(43)) - raft.server.log.queue.byte-limit = 2147483647 (custom)
2019-09-20 08:50:14,595 [pool-610-thread-1] INFO  server.RaftServerConfigKeys (ConfUtils.java:logGet(43)) - raft.server.log.queue.element-limit = 1024 (custom)
2019-09-20 08:50:14,596 [pool-610-thread-1] INFO  server.RaftServerConfigKeys (ConfUtils.java:logGet(43)) - raft.server.log.segment.size.max = 1048576 (custom)
2019-09-20 08:50:14,596 [pool-610-thread-1] INFO  server.RaftServerConfigKeys (ConfUtils.java:logGet(43)) - raft.server.log.preallocated.size = 16384 (custom)
2019-09-20 08:50:14,596 [pool-610-thread-1] INFO  server.RaftServerConfigKeys (ConfUtils.java:logGet(43)) - raft.server.log.write.buffer.size = 33554432 (custom)
2019-09-20 08:50:14,596 [pool-610-thread-1] INFO  server.RaftServerConfigKeys (ConfUtils.java:logGet(43)) - raft.server.log.force.sync.num = 128 (default)
2019-09-20 08:50:14,596 [pool-610-thread-1] INFO  server.RaftServerConfigKeys (ConfUtils.java:logGet(43)) - raft.server.log.statemachine.data.sync = true (default)
2019-09-20 08:50:14,596 [pool-610-thread-1] INFO  server.RaftServerConfigKeys (ConfUtils.java:logGet(43)) - raft.server.log.statemachine.data.sync.timeout = 10s (default)
2019-09-20 08:50:14,597 [pool-610-thread-1] INFO  server.RaftServerConfigKeys (ConfUtils.java:logGet(43)) - raft.server.log.statemachine.data.sync.timeout.retry = -1 (default)
2019-09-20 08:50:14,597 [pool-610-thread-1] INFO  server.RaftServerConfigKeys (ConfUtils.java:logGet(43)) - raft.server.log.statemachine.data.caching.enabled = true (custom)
2019-09-20 08:50:14,597 [pool-610-thread-1] INFO  segmented.SegmentedRaftLogWorker (SegmentedRaftLogWorker.java:lambda$new$0(132)) - 847f5ce1-146d-4bef-b8c6-e5ef7108e27b-SegmentedRaftLogWorker:Storage Directory /workdir/hadoop-ozone/ozonefs/target/test-dir/MiniOzoneClusterImpl-a4ae5ff1-2421-4ebd-91fb-13e93a5a3fba/datanode-0/data/ratis/bd930c53-ab99-4813-9c1c-4d1de6387063: flushIndex: setUnconditionally 0 -> -1
2019-09-20 08:50:14,597 [pool-610-thread-1] INFO  server.RaftServerConfigKeys (ConfUtils.java:logGet(43)) - raft.server.snapshot.auto.trigger.enabled = true (custom)
2019-09-20 08:50:14,598 [pool-610-thread-1] INFO  server.RaftServerConfigKeys (ConfUtils.java:logGet(43)) - raft.server.snapshot.auto.trigger.threshold = 10000 (custom)
2019-09-20 08:50:14,598 [pool-610-thread-1] INFO  server.RaftServerConfigKeys (ConfUtils.java:logGet(43)) - raft.server.retrycache.expirytime = 600000ms (custom)
2019-09-20 08:50:14,598 [pool-610-thread-1] INFO  impl.RaftServerImpl (RaftServerImpl.java:start(180)) - 847f5ce1-146d-4bef-b8c6-e5ef7108e27b: start group-4D1DE6387063
2019-09-20 08:50:14,598 [pool-610-thread-1] INFO  impl.RaftServerImpl (RaftServerImpl.java:setRole(171)) - 847f5ce1-146d-4bef-b8c6-e5ef7108e27b:group-4D1DE6387063 changes role from null to FOLLOWER at term 0 for startAsFollower
2019-09-20 08:50:14,598 [pool-610-thread-1] INFO  impl.RoleInfo (RoleInfo.java:updateAndGet(143)) - 847f5ce1-146d-4bef-b8c6-e5ef7108e27b: start FollowerState
2019-09-20 08:50:14,599 [pool-610-thread-1] INFO  util.JmxRegister (JmxRegister.java:tryRegister(44)) - Successfully registered JMX Bean with object name Ratis:service=RaftServer,group=group-4D1DE6387063,id=847f5ce1-146d-4bef-b8c6-e5ef7108e27b
2019-09-20 08:50:14,602 [RatisPipelineUtilsThread] INFO  pipeline.PipelineStateManager (PipelineStateManager.java:addPipeline(56)) - Created pipeline Pipeline[ Id: bd930c53-ab99-4813-9c1c-4d1de6387063, Nodes: 847f5ce1-146d-4bef-b8c6-e5ef7108e27b{ip: 192.168.36.79, host: pr-hdds-1569-s8kj2-2266485376, networkLocation: /default-rack, certSerialId: null}, Type:RATIS, Factor:ONE, State:OPEN]
2019-09-20 08:50:14,609 [grpc-default-executor-0] INFO  impl.RaftServerProxy (RaftServerProxy.java:addNew(89)) - aa1fb5c1-0c84-4e24-a27d-d801a3140cf1: addNew group-E86EB5EBE6DA:[aa1fb5c1-0c84-4e24-a27d-d801a3140cf1:192.168.36.79:41886] returns group-E86EB5EBE6DA:java.util.concurrent.CompletableFuture@6f308092[Not completed]
2019-09-20 08:50:14,610 [pool-621-thread-1] INFO  impl.RaftServerImpl (RaftServerImpl.java:<init>(93)) - aa1fb5c1-0c84-4e24-a27d-d801a3140cf1: new RaftServerImpl for group-E86EB5EBE6DA:[aa1fb5c1-0c84-4e24-a27d-d801a3140cf1:192.168.36.79:41886] with ContainerStateMachine:uninitialized
2019-09-20 08:50:14,610 [pool-621-thread-1] INFO  server.RaftServerConfigKeys (ConfUtils.java:logGet(43)) - raft.server.rpc.timeout.min = 5s (custom)
2019-09-20 08:50:14,610 [pool-621-thread-1] INFO  server.RaftServerConfigKeys (ConfUtils.java:logGet(43)) - raft.server.rpc.timeout.max = 5200ms (custom)
2019-09-20 08:50:14,610 [pool-621-thread-1] INFO  server.RaftServerConfigKeys (ConfUtils.java:logGet(43)) - raft.server.rpcslowness.timeout = 120s (custom)
2019-09-20 08:50:14,611 [pool-621-thread-1] INFO  server.RaftServerConfigKeys (ConfUtils.java:logGet(43)) - raft.server.sleep.deviation.threshold = 300 (default)
2019-09-20 08:50:14,611 [pool-621-thread-1] INFO  server.RaftServerConfigKeys (ConfUtils.java:logGet(43)) - raft.server.log.appender.install.snapshot.enabled = false (custom)
2019-09-20 08:50:14,611 [pool-621-thread-1] INFO  impl.RaftServerImpl (ServerState.java:<init>(105)) - aa1fb5c1-0c84-4e24-a27d-d801a3140cf1:group-E86EB5EBE6DA ConfigurationManager, init=-1: [aa1fb5c1-0c84-4e24-a27d-d801a3140cf1:192.168.36.79:41886], old=null, confs=<EMPTY_MAP>
2019-09-20 08:50:14,611 [pool-621-thread-1] INFO  server.RaftServerConfigKeys (ConfUtils.java:logGet(43)) - raft.server.storage.dir = [/workdir/hadoop-ozone/ozonefs/target/test-dir/MiniOzoneClusterImpl-a4ae5ff1-2421-4ebd-91fb-13e93a5a3fba/datanode-1/data/ratis] (custom)
2019-09-20 08:50:14,611 [pool-621-thread-1] INFO  storage.RaftStorageDirectory (RaftStorageDirectory.java:analyzeStorage(246)) - The storage directory /workdir/hadoop-ozone/ozonefs/target/test-dir/MiniOzoneClusterImpl-a4ae5ff1-2421-4ebd-91fb-13e93a5a3fba/datanode-1/data/ratis/ccf82dcc-debb-4af1-9362-e86eb5ebe6da does not exist. Creating ...
2019-09-20 08:50:14,644 [pool-621-thread-1] INFO  storage.RaftStorageDirectory (RaftStorageDirectory.java:tryLock(328)) - Lock on /workdir/hadoop-ozone/ozonefs/target/test-dir/MiniOzoneClusterImpl-a4ae5ff1-2421-4ebd-91fb-13e93a5a3fba/datanode-1/data/ratis/ccf82dcc-debb-4af1-9362-e86eb5ebe6da/in_use.lock acquired by nodename 9421@pr-hdds-1569-s8kj2-2266485376
2019-09-20 08:50:14,683 [pool-621-thread-1] INFO  storage.RaftStorage (RaftStorage.java:format(72)) - Storage directory /workdir/hadoop-ozone/ozonefs/target/test-dir/MiniOzoneClusterImpl-a4ae5ff1-2421-4ebd-91fb-13e93a5a3fba/datanode-1/data/ratis/ccf82dcc-debb-4af1-9362-e86eb5ebe6da has been successfully formatted.
2019-09-20 08:50:14,684 [pool-621-thread-1] INFO  ratis.ContainerStateMachine (ContainerStateMachine.java:loadSnapshot(226)) - group-E86EB5EBE6DA: The snapshot info is null. Setting the last applied indexto:(t:0, i:~)
2019-09-20 08:50:14,684 [pool-621-thread-1] INFO  server.RaftServerConfigKeys (ConfUtils.java:logGet(43)) - raft.server.leader.election.timeout = 120s (custom)
2019-09-20 08:50:14,684 [pool-621-thread-1] INFO  server.RaftServerConfigKeys (ConfUtils.java:logGet(43)) - raft.server.log.use.memory = false (default)
2019-09-20 08:50:14,684 [pool-621-thread-1] INFO  server.RaftServerConfigKeys (ConfUtils.java:logGet(43)) - raft.server.log.purge.gap = 1000000 (custom)
2019-09-20 08:50:14,684 [pool-621-thread-1] INFO  server.RaftServerConfigKeys (ConfUtils.java:logGet(43)) - raft.server.log.appender.buffer.byte-limit = 33554432 (custom)
2019-09-20 08:50:14,685 [pool-621-thread-1] INFO  server.RaftServerConfigKeys (ConfUtils.java:logGet(43)) - raft.server.log.segment.size.max = 1048576 (custom)
2019-09-20 08:50:14,685 [pool-621-thread-1] INFO  server.RaftServerConfigKeys (ConfUtils.java:logGet(43)) - raft.server.log.segment.cache.num.max = 2 (custom)
2019-09-20 08:50:14,685 [pool-621-thread-1] INFO  segmented.SegmentedRaftLogWorker (SegmentedRaftLogWorker.java:<init>(172)) - new aa1fb5c1-0c84-4e24-a27d-d801a3140cf1-SegmentedRaftLogWorker:Storage Directory /workdir/hadoop-ozone/ozonefs/target/test-dir/MiniOzoneClusterImpl-a4ae5ff1-2421-4ebd-91fb-13e93a5a3fba/datanode-1/data/ratis/ccf82dcc-debb-4af1-9362-e86eb5ebe6da for RaftStorage:Storage Directory /workdir/hadoop-ozone/ozonefs/target/test-dir/MiniOzoneClusterImpl-a4ae5ff1-2421-4ebd-91fb-13e93a5a3fba/datanode-1/data/ratis/ccf82dcc-debb-4af1-9362-e86eb5ebe6da
2019-09-20 08:50:14,685 [pool-621-thread-1] INFO  server.RaftServerConfigKeys (ConfUtils.java:logGet(43)) - raft.server.log.queue.byte-limit = 2147483647 (custom)
2019-09-20 08:50:14,685 [pool-621-thread-1] INFO  server.RaftServerConfigKeys (ConfUtils.java:logGet(43)) - raft.server.log.queue.element-limit = 1024 (custom)
2019-09-20 08:50:14,686 [pool-621-thread-1] INFO  server.RaftServerConfigKeys (ConfUtils.java:logGet(43)) - raft.server.log.segment.size.max = 1048576 (custom)
2019-09-20 08:50:14,686 [pool-621-thread-1] INFO  server.RaftServerConfigKeys (ConfUtils.java:logGet(43)) - raft.server.log.preallocated.size = 16384 (custom)
2019-09-20 08:50:14,686 [pool-621-thread-1] INFO  server.RaftServerConfigKeys (ConfUtils.java:logGet(43)) - raft.server.log.write.buffer.size = 33554432 (custom)
2019-09-20 08:50:14,686 [pool-621-thread-1] INFO  server.RaftServerConfigKeys (ConfUtils.java:logGet(43)) - raft.server.log.force.sync.num = 128 (default)
2019-09-20 08:50:14,686 [pool-621-thread-1] INFO  server.RaftServerConfigKeys (ConfUtils.java:logGet(43)) - raft.server.log.statemachine.data.sync = true (default)
2019-09-20 08:50:14,686 [pool-621-thread-1] INFO  server.RaftServerConfigKeys (ConfUtils.java:logGet(43)) - raft.server.log.statemachine.data.sync.timeout = 10s (default)
2019-09-20 08:50:14,687 [pool-621-thread-1] INFO  server.RaftServerConfigKeys (ConfUtils.java:logGet(43)) - raft.server.log.statemachine.data.sync.timeout.retry = -1 (default)
2019-09-20 08:50:14,687 [pool-621-thread-1] INFO  server.RaftServerConfigKeys (ConfUtils.java:logGet(43)) - raft.server.log.statemachine.data.caching.enabled = true (custom)
2019-09-20 08:50:14,687 [pool-621-thread-1] INFO  segmented.SegmentedRaftLogWorker (SegmentedRaftLogWorker.java:lambda$new$0(132)) - aa1fb5c1-0c84-4e24-a27d-d801a3140cf1-SegmentedRaftLogWorker:Storage Directory /workdir/hadoop-ozone/ozonefs/target/test-dir/MiniOzoneClusterImpl-a4ae5ff1-2421-4ebd-91fb-13e93a5a3fba/datanode-1/data/ratis/ccf82dcc-debb-4af1-9362-e86eb5ebe6da: flushIndex: setUnconditionally 0 -> -1
2019-09-20 08:50:14,688 [pool-621-thread-1] INFO  server.RaftServerConfigKeys (ConfUtils.java:logGet(43)) - raft.server.snapshot.auto.trigger.enabled = true (custom)
2019-09-20 08:50:14,688 [pool-621-thread-1] INFO  server.RaftServerConfigKeys (ConfUtils.java:logGet(43)) - raft.server.snapshot.auto.trigger.threshold = 10000 (custom)
2019-09-20 08:50:14,688 [pool-621-thread-1] INFO  server.RaftServerConfigKeys (ConfUtils.java:logGet(43)) - raft.server.retrycache.expirytime = 600000ms (custom)
2019-09-20 08:50:14,688 [pool-621-thread-1] INFO  impl.RaftServerImpl (RaftServerImpl.java:start(180)) - aa1fb5c1-0c84-4e24-a27d-d801a3140cf1: start group-E86EB5EBE6DA
2019-09-20 08:50:14,688 [pool-621-thread-1] INFO  impl.RaftServerImpl (RaftServerImpl.java:setRole(171)) - aa1fb5c1-0c84-4e24-a27d-d801a3140cf1:group-E86EB5EBE6DA changes role from null to FOLLOWER at term 0 for startAsFollower
2019-09-20 08:50:14,688 [pool-621-thread-1] INFO  impl.RoleInfo (RoleInfo.java:updateAndGet(143)) - aa1fb5c1-0c84-4e24-a27d-d801a3140cf1: start FollowerState
2019-09-20 08:50:14,689 [pool-621-thread-1] INFO  util.JmxRegister (JmxRegister.java:tryRegister(44)) - Successfully registered JMX Bean with object name Ratis:service=RaftServer,group=group-E86EB5EBE6DA,id=aa1fb5c1-0c84-4e24-a27d-d801a3140cf1
2019-09-20 08:50:14,692 [RatisPipelineUtilsThread] INFO  pipeline.PipelineStateManager (PipelineStateManager.java:addPipeline(56)) - Created pipeline Pipeline[ Id: ccf82dcc-debb-4af1-9362-e86eb5ebe6da, Nodes: aa1fb5c1-0c84-4e24-a27d-d801a3140cf1{ip: 192.168.36.79, host: pr-hdds-1569-s8kj2-2266485376, networkLocation: /default-rack, certSerialId: null}, Type:RATIS, Factor:ONE, State:OPEN]
2019-09-20 08:50:14,696 [grpc-default-executor-0] INFO  impl.RaftServerProxy (RaftServerProxy.java:addNew(89)) - 847f5ce1-146d-4bef-b8c6-e5ef7108e27b: addNew group-23AD78E973C8:[847f5ce1-146d-4bef-b8c6-e5ef7108e27b:192.168.36.79:36776] returns group-23AD78E973C8:java.util.concurrent.CompletableFuture@caced19[Not completed]
2019-09-20 08:50:14,697 [pool-610-thread-1] INFO  impl.RaftServerImpl (RaftServerImpl.java:<init>(93)) - 847f5ce1-146d-4bef-b8c6-e5ef7108e27b: new RaftServerImpl for group-23AD78E973C8:[847f5ce1-146d-4bef-b8c6-e5ef7108e27b:192.168.36.79:36776] with ContainerStateMachine:uninitialized
2019-09-20 08:50:14,698 [pool-610-thread-1] INFO  server.RaftServerConfigKeys (ConfUtils.java:logGet(43)) - raft.server.rpc.timeout.min = 5s (custom)
2019-09-20 08:50:14,698 [pool-610-thread-1] INFO  server.RaftServerConfigKeys (ConfUtils.java:logGet(43)) - raft.server.rpc.timeout.max = 5200ms (custom)
2019-09-20 08:50:14,698 [pool-610-thread-1] INFO  server.RaftServerConfigKeys (ConfUtils.java:logGet(43)) - raft.server.rpcslowness.timeout = 120s (custom)
2019-09-20 08:50:14,698 [pool-610-thread-1] INFO  server.RaftServerConfigKeys (ConfUtils.java:logGet(43)) - raft.server.sleep.deviation.threshold = 300 (default)
2019-09-20 08:50:14,698 [pool-610-thread-1] INFO  server.RaftServerConfigKeys (ConfUtils.java:logGet(43)) - raft.server.log.appender.install.snapshot.enabled = false (custom)
2019-09-20 08:50:14,698 [pool-610-thread-1] INFO  impl.RaftServerImpl (ServerState.java:<init>(105)) - 847f5ce1-146d-4bef-b8c6-e5ef7108e27b:group-23AD78E973C8 ConfigurationManager, init=-1: [847f5ce1-146d-4bef-b8c6-e5ef7108e27b:192.168.36.79:36776], old=null, confs=<EMPTY_MAP>
2019-09-20 08:50:14,699 [pool-610-thread-1] INFO  server.RaftServerConfigKeys (ConfUtils.java:logGet(43)) - raft.server.storage.dir = [/workdir/hadoop-ozone/ozonefs/target/test-dir/MiniOzoneClusterImpl-a4ae5ff1-2421-4ebd-91fb-13e93a5a3fba/datanode-0/data/ratis] (custom)
2019-09-20 08:50:14,699 [pool-610-thread-1] INFO  storage.RaftStorageDirectory (RaftStorageDirectory.java:analyzeStorage(246)) - The storage directory /workdir/hadoop-ozone/ozonefs/target/test-dir/MiniOzoneClusterImpl-a4ae5ff1-2421-4ebd-91fb-13e93a5a3fba/datanode-0/data/ratis/8b8f92b8-cea1-47e7-908f-23ad78e973c8 does not exist. Creating ...
2019-09-20 08:50:14,725 [pool-610-thread-1] INFO  storage.RaftStorageDirectory (RaftStorageDirectory.java:tryLock(328)) - Lock on /workdir/hadoop-ozone/ozonefs/target/test-dir/MiniOzoneClusterImpl-a4ae5ff1-2421-4ebd-91fb-13e93a5a3fba/datanode-0/data/ratis/8b8f92b8-cea1-47e7-908f-23ad78e973c8/in_use.lock acquired by nodename 9421@pr-hdds-1569-s8kj2-2266485376
2019-09-20 08:50:14,756 [main] INFO  ozone.MiniOzoneClusterImpl (MiniOzoneClusterImpl.java:lambda$waitForClusterToBeReady$0(142)) - Waiting for cluster to be ready. Got 2 of 3 DN Heartbeats.
2019-09-20 08:50:14,757 [IPC Server handler 2 on 39796] INFO  net.NetworkTopology (NetworkTopologyImpl.java:add(110)) - Added a new node: /default-rack/878b45f2-8640-4699-86a6-c2f01c1e4571
2019-09-20 08:50:14,757 [IPC Server handler 2 on 39796] INFO  node.SCMNodeManager (SCMNodeManager.java:register(273)) - Registered Data node : 878b45f2-8640-4699-86a6-c2f01c1e4571{ip: 192.168.36.79, host: pr-hdds-1569-s8kj2-2266485376, networkLocation: /default-rack, certSerialId: null}
2019-09-20 08:50:14,758 | INFO  | SCMAudit | user=jenkins1000 | ip=192.168.36.79 | op=REGISTER {datanodeDetails=878b45f2-8640-4699-86a6-c2f01c1e4571{ip: 192.168.36.79, host: pr-hdds-1569-s8kj2-2266485376, networkLocation: /default-rack, certSerialId: null}} | ret=SUCCESS |  
2019-09-20 08:50:14,759 [pool-610-thread-1] INFO  storage.RaftStorage (RaftStorage.java:format(72)) - Storage directory /workdir/hadoop-ozone/ozonefs/target/test-dir/MiniOzoneClusterImpl-a4ae5ff1-2421-4ebd-91fb-13e93a5a3fba/datanode-0/data/ratis/8b8f92b8-cea1-47e7-908f-23ad78e973c8 has been successfully formatted.
2019-09-20 08:50:14,759 [pool-610-thread-1] INFO  ratis.ContainerStateMachine (ContainerStateMachine.java:loadSnapshot(226)) - group-23AD78E973C8: The snapshot info is null. Setting the last applied indexto:(t:0, i:~)
2019-09-20 08:50:14,759 [pool-610-thread-1] INFO  server.RaftServerConfigKeys (ConfUtils.java:logGet(43)) - raft.server.leader.election.timeout = 120s (custom)
2019-09-20 08:50:14,760 [pool-610-thread-1] INFO  server.RaftServerConfigKeys (ConfUtils.java:logGet(43)) - raft.server.log.use.memory = false (default)
2019-09-20 08:50:14,760 [pool-610-thread-1] INFO  server.RaftServerConfigKeys (ConfUtils.java:logGet(43)) - raft.server.log.purge.gap = 1000000 (custom)
2019-09-20 08:50:14,760 [pool-610-thread-1] INFO  server.RaftServerConfigKeys (ConfUtils.java:logGet(43)) - raft.server.log.appender.buffer.byte-limit = 33554432 (custom)
2019-09-20 08:50:14,760 [pool-610-thread-1] INFO  server.RaftServerConfigKeys (ConfUtils.java:logGet(43)) - raft.server.log.segment.size.max = 1048576 (custom)
2019-09-20 08:50:14,760 [pool-610-thread-1] INFO  server.RaftServerConfigKeys (ConfUtils.java:logGet(43)) - raft.server.log.segment.cache.num.max = 2 (custom)
2019-09-20 08:50:14,760 [pool-610-thread-1] INFO  segmented.SegmentedRaftLogWorker (SegmentedRaftLogWorker.java:<init>(172)) - new 847f5ce1-146d-4bef-b8c6-e5ef7108e27b-SegmentedRaftLogWorker:Storage Directory /workdir/hadoop-ozone/ozonefs/target/test-dir/MiniOzoneClusterImpl-a4ae5ff1-2421-4ebd-91fb-13e93a5a3fba/datanode-0/data/ratis/8b8f92b8-cea1-47e7-908f-23ad78e973c8 for RaftStorage:Storage Directory /workdir/hadoop-ozone/ozonefs/target/test-dir/MiniOzoneClusterImpl-a4ae5ff1-2421-4ebd-91fb-13e93a5a3fba/datanode-0/data/ratis/8b8f92b8-cea1-47e7-908f-23ad78e973c8
2019-09-20 08:50:14,760 [pool-610-thread-1] INFO  server.RaftServerConfigKeys (ConfUtils.java:logGet(43)) - raft.server.log.queue.byte-limit = 2147483647 (custom)
2019-09-20 08:50:14,761 [pool-610-thread-1] INFO  server.RaftServerConfigKeys (ConfUtils.java:logGet(43)) - raft.server.log.queue.element-limit = 1024 (custom)
2019-09-20 08:50:14,761 [pool-610-thread-1] INFO  server.RaftServerConfigKeys (ConfUtils.java:logGet(43)) - raft.server.log.segment.size.max = 1048576 (custom)
2019-09-20 08:50:14,761 [pool-610-thread-1] INFO  server.RaftServerConfigKeys (ConfUtils.java:logGet(43)) - raft.server.log.preallocated.size = 16384 (custom)
2019-09-20 08:50:14,761 [pool-610-thread-1] INFO  server.RaftServerConfigKeys (ConfUtils.java:logGet(43)) - raft.server.log.write.buffer.size = 33554432 (custom)
2019-09-20 08:50:14,761 [pool-610-thread-1] INFO  server.RaftServerConfigKeys (ConfUtils.java:logGet(43)) - raft.server.log.force.sync.num = 128 (default)
2019-09-20 08:50:14,761 [pool-610-thread-1] INFO  server.RaftServerConfigKeys (ConfUtils.java:logGet(43)) - raft.server.log.statemachine.data.sync = true (default)
2019-09-20 08:50:14,761 [pool-610-thread-1] INFO  server.RaftServerConfigKeys (ConfUtils.java:logGet(43)) - raft.server.log.statemachine.data.sync.timeout = 10s (default)
2019-09-20 08:50:14,761 [pool-610-thread-1] INFO  server.RaftServerConfigKeys (ConfUtils.java:logGet(43)) - raft.server.log.statemachine.data.sync.timeout.retry = -1 (default)
2019-09-20 08:50:14,762 [pool-610-thread-1] INFO  server.RaftServerConfigKeys (ConfUtils.java:logGet(43)) - raft.server.log.statemachine.data.caching.enabled = true (custom)
2019-09-20 08:50:14,762 [pool-610-thread-1] INFO  segmented.SegmentedRaftLogWorker (SegmentedRaftLogWorker.java:lambda$new$0(132)) - 847f5ce1-146d-4bef-b8c6-e5ef7108e27b-SegmentedRaftLogWorker:Storage Directory /workdir/hadoop-ozone/ozonefs/target/test-dir/MiniOzoneClusterImpl-a4ae5ff1-2421-4ebd-91fb-13e93a5a3fba/datanode-0/data/ratis/8b8f92b8-cea1-47e7-908f-23ad78e973c8: flushIndex: setUnconditionally 0 -> -1
2019-09-20 08:50:14,762 [pool-610-thread-1] INFO  server.RaftServerConfigKeys (ConfUtils.java:logGet(43)) - raft.server.snapshot.auto.trigger.enabled = true (custom)
2019-09-20 08:50:14,762 [pool-610-thread-1] INFO  server.RaftServerConfigKeys (ConfUtils.java:logGet(43)) - raft.server.snapshot.auto.trigger.threshold = 10000 (custom)
2019-09-20 08:50:14,763 [pool-610-thread-1] INFO  server.RaftServerConfigKeys (ConfUtils.java:logGet(43)) - raft.server.retrycache.expirytime = 600000ms (custom)
2019-09-20 08:50:14,763 [pool-610-thread-1] INFO  impl.RaftServerImpl (RaftServerImpl.java:start(180)) - 847f5ce1-146d-4bef-b8c6-e5ef7108e27b: start group-23AD78E973C8
2019-09-20 08:50:14,763 [pool-610-thread-1] INFO  impl.RaftServerImpl (RaftServerImpl.java:setRole(171)) - 847f5ce1-146d-4bef-b8c6-e5ef7108e27b:group-23AD78E973C8 changes role from null to FOLLOWER at term 0 for startAsFollower
2019-09-20 08:50:14,763 [pool-610-thread-1] INFO  impl.RoleInfo (RoleInfo.java:updateAndGet(143)) - 847f5ce1-146d-4bef-b8c6-e5ef7108e27b: start FollowerState
2019-09-20 08:50:14,763 [pool-610-thread-1] INFO  util.JmxRegister (JmxRegister.java:tryRegister(44)) - Successfully registered JMX Bean with object name Ratis:service=RaftServer,group=group-23AD78E973C8,id=847f5ce1-146d-4bef-b8c6-e5ef7108e27b
2019-09-20 08:50:14,766 [RatisPipelineUtilsThread] INFO  pipeline.PipelineStateManager (PipelineStateManager.java:addPipeline(56)) - Created pipeline Pipeline[ Id: 8b8f92b8-cea1-47e7-908f-23ad78e973c8, Nodes: 847f5ce1-146d-4bef-b8c6-e5ef7108e27b{ip: 192.168.36.79, host: pr-hdds-1569-s8kj2-2266485376, networkLocation: /default-rack, certSerialId: null}, Type:RATIS, Factor:ONE, State:OPEN]
2019-09-20 08:50:14,771 [grpc-default-executor-0] INFO  impl.RaftServerProxy (RaftServerProxy.java:addNew(89)) - 847f5ce1-146d-4bef-b8c6-e5ef7108e27b: addNew group-5416A244EFFA:[847f5ce1-146d-4bef-b8c6-e5ef7108e27b:192.168.36.79:36776] returns group-5416A244EFFA:java.util.concurrent.CompletableFuture@534d28ce[Not completed]
2019-09-20 08:50:14,772 [pool-610-thread-1] INFO  impl.RaftServerImpl (RaftServerImpl.java:<init>(93)) - 847f5ce1-146d-4bef-b8c6-e5ef7108e27b: new RaftServerImpl for group-5416A244EFFA:[847f5ce1-146d-4bef-b8c6-e5ef7108e27b:192.168.36.79:36776] with ContainerStateMachine:uninitialized
2019-09-20 08:50:14,772 [pool-610-thread-1] INFO  server.RaftServerConfigKeys (ConfUtils.java:logGet(43)) - raft.server.rpc.timeout.min = 5s (custom)
2019-09-20 08:50:14,772 [pool-610-thread-1] INFO  server.RaftServerConfigKeys (ConfUtils.java:logGet(43)) - raft.server.rpc.timeout.max = 5200ms (custom)
2019-09-20 08:50:14,772 [pool-610-thread-1] INFO  server.RaftServerConfigKeys (ConfUtils.java:logGet(43)) - raft.server.rpcslowness.timeout = 120s (custom)
2019-09-20 08:50:14,772 [pool-610-thread-1] INFO  server.RaftServerConfigKeys (ConfUtils.java:logGet(43)) - raft.server.sleep.deviation.threshold = 300 (default)
2019-09-20 08:50:14,773 [pool-610-thread-1] INFO  server.RaftServerConfigKeys (ConfUtils.java:logGet(43)) - raft.server.log.appender.install.snapshot.enabled = false (custom)
2019-09-20 08:50:14,773 [pool-610-thread-1] INFO  impl.RaftServerImpl (ServerState.java:<init>(105)) - 847f5ce1-146d-4bef-b8c6-e5ef7108e27b:group-5416A244EFFA ConfigurationManager, init=-1: [847f5ce1-146d-4bef-b8c6-e5ef7108e27b:192.168.36.79:36776], old=null, confs=<EMPTY_MAP>
2019-09-20 08:50:14,773 [pool-610-thread-1] INFO  server.RaftServerConfigKeys (ConfUtils.java:logGet(43)) - raft.server.storage.dir = [/workdir/hadoop-ozone/ozonefs/target/test-dir/MiniOzoneClusterImpl-a4ae5ff1-2421-4ebd-91fb-13e93a5a3fba/datanode-0/data/ratis] (custom)
2019-09-20 08:50:14,773 [pool-610-thread-1] INFO  storage.RaftStorageDirectory (RaftStorageDirectory.java:analyzeStorage(246)) - The storage directory /workdir/hadoop-ozone/ozonefs/target/test-dir/MiniOzoneClusterImpl-a4ae5ff1-2421-4ebd-91fb-13e93a5a3fba/datanode-0/data/ratis/484fca6a-af80-44e4-b075-5416a244effa does not exist. Creating ...
2019-09-20 08:50:14,801 [pool-610-thread-1] INFO  storage.RaftStorageDirectory (RaftStorageDirectory.java:tryLock(328)) - Lock on /workdir/hadoop-ozone/ozonefs/target/test-dir/MiniOzoneClusterImpl-a4ae5ff1-2421-4ebd-91fb-13e93a5a3fba/datanode-0/data/ratis/484fca6a-af80-44e4-b075-5416a244effa/in_use.lock acquired by nodename 9421@pr-hdds-1569-s8kj2-2266485376
2019-09-20 08:50:14,826 [pool-610-thread-1] INFO  storage.RaftStorage (RaftStorage.java:format(72)) - Storage directory /workdir/hadoop-ozone/ozonefs/target/test-dir/MiniOzoneClusterImpl-a4ae5ff1-2421-4ebd-91fb-13e93a5a3fba/datanode-0/data/ratis/484fca6a-af80-44e4-b075-5416a244effa has been successfully formatted.
2019-09-20 08:50:14,827 [pool-610-thread-1] INFO  ratis.ContainerStateMachine (ContainerStateMachine.java:loadSnapshot(226)) - group-5416A244EFFA: The snapshot info is null. Setting the last applied indexto:(t:0, i:~)
2019-09-20 08:50:14,827 [pool-610-thread-1] INFO  server.RaftServerConfigKeys (ConfUtils.java:logGet(43)) - raft.server.leader.election.timeout = 120s (custom)
2019-09-20 08:50:14,827 [pool-610-thread-1] INFO  server.RaftServerConfigKeys (ConfUtils.java:logGet(43)) - raft.server.log.use.memory = false (default)
2019-09-20 08:50:14,827 [pool-610-thread-1] INFO  server.RaftServerConfigKeys (ConfUtils.java:logGet(43)) - raft.server.log.purge.gap = 1000000 (custom)
2019-09-20 08:50:14,828 [pool-610-thread-1] INFO  server.RaftServerConfigKeys (ConfUtils.java:logGet(43)) - raft.server.log.appender.buffer.byte-limit = 33554432 (custom)
2019-09-20 08:50:14,828 [pool-610-thread-1] INFO  server.RaftServerConfigKeys (ConfUtils.java:logGet(43)) - raft.server.log.segment.size.max = 1048576 (custom)
2019-09-20 08:50:14,828 [pool-610-thread-1] INFO  server.RaftServerConfigKeys (ConfUtils.java:logGet(43)) - raft.server.log.segment.cache.num.max = 2 (custom)
2019-09-20 08:50:14,828 [pool-610-thread-1] INFO  segmented.SegmentedRaftLogWorker (SegmentedRaftLogWorker.java:<init>(172)) - new 847f5ce1-146d-4bef-b8c6-e5ef7108e27b-SegmentedRaftLogWorker:Storage Directory /workdir/hadoop-ozone/ozonefs/target/test-dir/MiniOzoneClusterImpl-a4ae5ff1-2421-4ebd-91fb-13e93a5a3fba/datanode-0/data/ratis/484fca6a-af80-44e4-b075-5416a244effa for RaftStorage:Storage Directory /workdir/hadoop-ozone/ozonefs/target/test-dir/MiniOzoneClusterImpl-a4ae5ff1-2421-4ebd-91fb-13e93a5a3fba/datanode-0/data/ratis/484fca6a-af80-44e4-b075-5416a244effa
2019-09-20 08:50:14,828 [pool-610-thread-1] INFO  server.RaftServerConfigKeys (ConfUtils.java:logGet(43)) - raft.server.log.queue.byte-limit = 2147483647 (custom)
2019-09-20 08:50:14,829 [pool-610-thread-1] INFO  server.RaftServerConfigKeys (ConfUtils.java:logGet(43)) - raft.server.log.queue.element-limit = 1024 (custom)
2019-09-20 08:50:14,829 [pool-610-thread-1] INFO  server.RaftServerConfigKeys (ConfUtils.java:logGet(43)) - raft.server.log.segment.size.max = 1048576 (custom)
2019-09-20 08:50:14,829 [pool-610-thread-1] INFO  server.RaftServerConfigKeys (ConfUtils.java:logGet(43)) - raft.server.log.preallocated.size = 16384 (custom)
2019-09-20 08:50:14,829 [pool-610-thread-1] INFO  server.RaftServerConfigKeys (ConfUtils.java:logGet(43)) - raft.server.log.write.buffer.size = 33554432 (custom)
2019-09-20 08:50:14,829 [pool-610-thread-1] INFO  server.RaftServerConfigKeys (ConfUtils.java:logGet(43)) - raft.server.log.force.sync.num = 128 (default)
2019-09-20 08:50:14,829 [pool-610-thread-1] INFO  server.RaftServerConfigKeys (ConfUtils.java:logGet(43)) - raft.server.log.statemachine.data.sync = true (default)
2019-09-20 08:50:14,830 [pool-610-thread-1] INFO  server.RaftServerConfigKeys (ConfUtils.java:logGet(43)) - raft.server.log.statemachine.data.sync.timeout = 10s (default)
2019-09-20 08:50:14,830 [pool-610-thread-1] INFO  server.RaftServerConfigKeys (ConfUtils.java:logGet(43)) - raft.server.log.statemachine.data.sync.timeout.retry = -1 (default)
2019-09-20 08:50:14,830 [pool-610-thread-1] INFO  server.RaftServerConfigKeys (ConfUtils.java:logGet(43)) - raft.server.log.statemachine.data.caching.enabled = true (custom)
2019-09-20 08:50:14,830 [pool-610-thread-1] INFO  segmented.SegmentedRaftLogWorker (SegmentedRaftLogWorker.java:lambda$new$0(132)) - 847f5ce1-146d-4bef-b8c6-e5ef7108e27b-SegmentedRaftLogWorker:Storage Directory /workdir/hadoop-ozone/ozonefs/target/test-dir/MiniOzoneClusterImpl-a4ae5ff1-2421-4ebd-91fb-13e93a5a3fba/datanode-0/data/ratis/484fca6a-af80-44e4-b075-5416a244effa: flushIndex: setUnconditionally 0 -> -1
2019-09-20 08:50:14,831 [pool-610-thread-1] INFO  server.RaftServerConfigKeys (ConfUtils.java:logGet(43)) - raft.server.snapshot.auto.trigger.enabled = true (custom)
2019-09-20 08:50:14,831 [pool-610-thread-1] INFO  server.RaftServerConfigKeys (ConfUtils.java:logGet(43)) - raft.server.snapshot.auto.trigger.threshold = 10000 (custom)
2019-09-20 08:50:14,831 [pool-610-thread-1] INFO  server.RaftServerConfigKeys (ConfUtils.java:logGet(43)) - raft.server.retrycache.expirytime = 600000ms (custom)
2019-09-20 08:50:14,831 [pool-610-thread-1] INFO  impl.RaftServerImpl (RaftServerImpl.java:start(180)) - 847f5ce1-146d-4bef-b8c6-e5ef7108e27b: start group-5416A244EFFA
2019-09-20 08:50:14,832 [pool-610-thread-1] INFO  impl.RaftServerImpl (RaftServerImpl.java:setRole(171)) - 847f5ce1-146d-4bef-b8c6-e5ef7108e27b:group-5416A244EFFA changes role from null to FOLLOWER at term 0 for startAsFollower
2019-09-20 08:50:14,832 [pool-610-thread-1] INFO  impl.RoleInfo (RoleInfo.java:updateAndGet(143)) - 847f5ce1-146d-4bef-b8c6-e5ef7108e27b: start FollowerState
2019-09-20 08:50:14,832 [pool-610-thread-1] INFO  util.JmxRegister (JmxRegister.java:tryRegister(44)) - Successfully registered JMX Bean with object name Ratis:service=RaftServer,group=group-5416A244EFFA,id=847f5ce1-146d-4bef-b8c6-e5ef7108e27b
2019-09-20 08:50:14,836 [RatisPipelineUtilsThread] INFO  pipeline.PipelineStateManager (PipelineStateManager.java:addPipeline(56)) - Created pipeline Pipeline[ Id: 484fca6a-af80-44e4-b075-5416a244effa, Nodes: 847f5ce1-146d-4bef-b8c6-e5ef7108e27b{ip: 192.168.36.79, host: pr-hdds-1569-s8kj2-2266485376, networkLocation: /default-rack, certSerialId: null}, Type:RATIS, Factor:ONE, State:OPEN]
2019-09-20 08:50:14,836 [RatisPipelineUtilsThread] INFO  pipeline.PipelinePlacementPolicy (PipelinePlacementPolicy.java:meetCriteria(91)) - Pipeline Placement: Doesn't meet the criteria to be viable node： 847f5ce1-146d-4bef-b8c6-e5ef7108e27b Heaviness: 6 limit: 5
2019-09-20 08:50:14,842 [grpc-default-executor-0] INFO  impl.RaftServerProxy (RaftServerProxy.java:addNew(89)) - aa1fb5c1-0c84-4e24-a27d-d801a3140cf1: addNew group-1FD00683041C:[aa1fb5c1-0c84-4e24-a27d-d801a3140cf1:192.168.36.79:41886] returns group-1FD00683041C:java.util.concurrent.CompletableFuture@ffd24e[Not completed]
2019-09-20 08:50:14,843 [pool-621-thread-1] INFO  impl.RaftServerImpl (RaftServerImpl.java:<init>(93)) - aa1fb5c1-0c84-4e24-a27d-d801a3140cf1: new RaftServerImpl for group-1FD00683041C:[aa1fb5c1-0c84-4e24-a27d-d801a3140cf1:192.168.36.79:41886] with ContainerStateMachine:uninitialized
2019-09-20 08:50:14,843 [pool-621-thread-1] INFO  server.RaftServerConfigKeys (ConfUtils.java:logGet(43)) - raft.server.rpc.timeout.min = 5s (custom)
2019-09-20 08:50:14,844 [pool-621-thread-1] INFO  server.RaftServerConfigKeys (ConfUtils.java:logGet(43)) - raft.server.rpc.timeout.max = 5200ms (custom)
2019-09-20 08:50:14,844 [pool-621-thread-1] INFO  server.RaftServerConfigKeys (ConfUtils.java:logGet(43)) - raft.server.rpcslowness.timeout = 120s (custom)
2019-09-20 08:50:14,844 [pool-621-thread-1] INFO  server.RaftServerConfigKeys (ConfUtils.java:logGet(43)) - raft.server.sleep.deviation.threshold = 300 (default)
2019-09-20 08:50:14,844 [pool-621-thread-1] INFO  server.RaftServerConfigKeys (ConfUtils.java:logGet(43)) - raft.server.log.appender.install.snapshot.enabled = false (custom)
2019-09-20 08:50:14,844 [pool-621-thread-1] INFO  impl.RaftServerImpl (ServerState.java:<init>(105)) - aa1fb5c1-0c84-4e24-a27d-d801a3140cf1:group-1FD00683041C ConfigurationManager, init=-1: [aa1fb5c1-0c84-4e24-a27d-d801a3140cf1:192.168.36.79:41886], old=null, confs=<EMPTY_MAP>
2019-09-20 08:50:14,844 [pool-621-thread-1] INFO  server.RaftServerConfigKeys (ConfUtils.java:logGet(43)) - raft.server.storage.dir = [/workdir/hadoop-ozone/ozonefs/target/test-dir/MiniOzoneClusterImpl-a4ae5ff1-2421-4ebd-91fb-13e93a5a3fba/datanode-1/data/ratis] (custom)
2019-09-20 08:50:14,845 [pool-621-thread-1] INFO  storage.RaftStorageDirectory (RaftStorageDirectory.java:analyzeStorage(246)) - The storage directory /workdir/hadoop-ozone/ozonefs/target/test-dir/MiniOzoneClusterImpl-a4ae5ff1-2421-4ebd-91fb-13e93a5a3fba/datanode-1/data/ratis/e34a21e1-3fd2-431b-b123-1fd00683041c does not exist. Creating ...
2019-09-20 08:50:14,885 [pool-621-thread-1] INFO  storage.RaftStorageDirectory (RaftStorageDirectory.java:tryLock(328)) - Lock on /workdir/hadoop-ozone/ozonefs/target/test-dir/MiniOzoneClusterImpl-a4ae5ff1-2421-4ebd-91fb-13e93a5a3fba/datanode-1/data/ratis/e34a21e1-3fd2-431b-b123-1fd00683041c/in_use.lock acquired by nodename 9421@pr-hdds-1569-s8kj2-2266485376
2019-09-20 08:50:14,919 [pool-621-thread-1] INFO  storage.RaftStorage (RaftStorage.java:format(72)) - Storage directory /workdir/hadoop-ozone/ozonefs/target/test-dir/MiniOzoneClusterImpl-a4ae5ff1-2421-4ebd-91fb-13e93a5a3fba/datanode-1/data/ratis/e34a21e1-3fd2-431b-b123-1fd00683041c has been successfully formatted.
2019-09-20 08:50:14,919 [pool-621-thread-1] INFO  ratis.ContainerStateMachine (ContainerStateMachine.java:loadSnapshot(226)) - group-1FD00683041C: The snapshot info is null. Setting the last applied indexto:(t:0, i:~)
2019-09-20 08:50:14,919 [pool-621-thread-1] INFO  server.RaftServerConfigKeys (ConfUtils.java:logGet(43)) - raft.server.leader.election.timeout = 120s (custom)
2019-09-20 08:50:14,920 [pool-621-thread-1] INFO  server.RaftServerConfigKeys (ConfUtils.java:logGet(43)) - raft.server.log.use.memory = false (default)
2019-09-20 08:50:14,920 [pool-621-thread-1] INFO  server.RaftServerConfigKeys (ConfUtils.java:logGet(43)) - raft.server.log.purge.gap = 1000000 (custom)
2019-09-20 08:50:14,920 [pool-621-thread-1] INFO  server.RaftServerConfigKeys (ConfUtils.java:logGet(43)) - raft.server.log.appender.buffer.byte-limit = 33554432 (custom)
2019-09-20 08:50:14,920 [pool-621-thread-1] INFO  server.RaftServerConfigKeys (ConfUtils.java:logGet(43)) - raft.server.log.segment.size.max = 1048576 (custom)
2019-09-20 08:50:14,920 [pool-621-thread-1] INFO  server.RaftServerConfigKeys (ConfUtils.java:logGet(43)) - raft.server.log.segment.cache.num.max = 2 (custom)
2019-09-20 08:50:14,921 [pool-621-thread-1] INFO  segmented.SegmentedRaftLogWorker (SegmentedRaftLogWorker.java:<init>(172)) - new aa1fb5c1-0c84-4e24-a27d-d801a3140cf1-SegmentedRaftLogWorker:Storage Directory /workdir/hadoop-ozone/ozonefs/target/test-dir/MiniOzoneClusterImpl-a4ae5ff1-2421-4ebd-91fb-13e93a5a3fba/datanode-1/data/ratis/e34a21e1-3fd2-431b-b123-1fd00683041c for RaftStorage:Storage Directory /workdir/hadoop-ozone/ozonefs/target/test-dir/MiniOzoneClusterImpl-a4ae5ff1-2421-4ebd-91fb-13e93a5a3fba/datanode-1/data/ratis/e34a21e1-3fd2-431b-b123-1fd00683041c
2019-09-20 08:50:14,921 [pool-621-thread-1] INFO  server.RaftServerConfigKeys (ConfUtils.java:logGet(43)) - raft.server.log.queue.byte-limit = 2147483647 (custom)
2019-09-20 08:50:14,921 [pool-621-thread-1] INFO  server.RaftServerConfigKeys (ConfUtils.java:logGet(43)) - raft.server.log.queue.element-limit = 1024 (custom)
2019-09-20 08:50:14,921 [pool-621-thread-1] INFO  server.RaftServerConfigKeys (ConfUtils.java:logGet(43)) - raft.server.log.segment.size.max = 1048576 (custom)
2019-09-20 08:50:14,921 [pool-621-thread-1] INFO  server.RaftServerConfigKeys (ConfUtils.java:logGet(43)) - raft.server.log.preallocated.size = 16384 (custom)
2019-09-20 08:50:14,922 [pool-621-thread-1] INFO  server.RaftServerConfigKeys (ConfUtils.java:logGet(43)) - raft.server.log.write.buffer.size = 33554432 (custom)
2019-09-20 08:50:14,922 [pool-621-thread-1] INFO  server.RaftServerConfigKeys (ConfUtils.java:logGet(43)) - raft.server.log.force.sync.num = 128 (default)
2019-09-20 08:50:14,922 [pool-621-thread-1] INFO  server.RaftServerConfigKeys (ConfUtils.java:logGet(43)) - raft.server.log.statemachine.data.sync = true (default)
2019-09-20 08:50:14,922 [pool-621-thread-1] INFO  server.RaftServerConfigKeys (ConfUtils.java:logGet(43)) - raft.server.log.statemachine.data.sync.timeout = 10s (default)
2019-09-20 08:50:14,922 [pool-621-thread-1] INFO  server.RaftServerConfigKeys (ConfUtils.java:logGet(43)) - raft.server.log.statemachine.data.sync.timeout.retry = -1 (default)
2019-09-20 08:50:14,923 [pool-621-thread-1] INFO  server.RaftServerConfigKeys (ConfUtils.java:logGet(43)) - raft.server.log.statemachine.data.caching.enabled = true (custom)
2019-09-20 08:50:14,923 [pool-621-thread-1] INFO  segmented.SegmentedRaftLogWorker (SegmentedRaftLogWorker.java:lambda$new$0(132)) - aa1fb5c1-0c84-4e24-a27d-d801a3140cf1-SegmentedRaftLogWorker:Storage Directory /workdir/hadoop-ozone/ozonefs/target/test-dir/MiniOzoneClusterImpl-a4ae5ff1-2421-4ebd-91fb-13e93a5a3fba/datanode-1/data/ratis/e34a21e1-3fd2-431b-b123-1fd00683041c: flushIndex: setUnconditionally 0 -> -1
2019-09-20 08:50:14,923 [pool-621-thread-1] INFO  server.RaftServerConfigKeys (ConfUtils.java:logGet(43)) - raft.server.snapshot.auto.trigger.enabled = true (custom)
2019-09-20 08:50:14,924 [pool-621-thread-1] INFO  server.RaftServerConfigKeys (ConfUtils.java:logGet(43)) - raft.server.snapshot.auto.trigger.threshold = 10000 (custom)
2019-09-20 08:50:14,924 [pool-621-thread-1] INFO  server.RaftServerConfigKeys (ConfUtils.java:logGet(43)) - raft.server.retrycache.expirytime = 600000ms (custom)
2019-09-20 08:50:14,924 [pool-621-thread-1] INFO  impl.RaftServerImpl (RaftServerImpl.java:start(180)) - aa1fb5c1-0c84-4e24-a27d-d801a3140cf1: start group-1FD00683041C
2019-09-20 08:50:14,924 [pool-621-thread-1] INFO  impl.RaftServerImpl (RaftServerImpl.java:setRole(171)) - aa1fb5c1-0c84-4e24-a27d-d801a3140cf1:group-1FD00683041C changes role from null to FOLLOWER at term 0 for startAsFollower
2019-09-20 08:50:14,924 [pool-621-thread-1] INFO  impl.RoleInfo (RoleInfo.java:updateAndGet(143)) - aa1fb5c1-0c84-4e24-a27d-d801a3140cf1: start FollowerState
2019-09-20 08:50:14,925 [pool-621-thread-1] INFO  util.JmxRegister (JmxRegister.java:tryRegister(44)) - Successfully registered JMX Bean with object name Ratis:service=RaftServer,group=group-1FD00683041C,id=aa1fb5c1-0c84-4e24-a27d-d801a3140cf1
2019-09-20 08:50:14,928 [RatisPipelineUtilsThread] INFO  pipeline.PipelineStateManager (PipelineStateManager.java:addPipeline(56)) - Created pipeline Pipeline[ Id: e34a21e1-3fd2-431b-b123-1fd00683041c, Nodes: aa1fb5c1-0c84-4e24-a27d-d801a3140cf1{ip: 192.168.36.79, host: pr-hdds-1569-s8kj2-2266485376, networkLocation: /default-rack, certSerialId: null}, Type:RATIS, Factor:ONE, State:OPEN]
2019-09-20 08:50:14,929 [RatisPipelineUtilsThread] INFO  pipeline.PipelinePlacementPolicy (PipelinePlacementPolicy.java:meetCriteria(91)) - Pipeline Placement: Doesn't meet the criteria to be viable node： 847f5ce1-146d-4bef-b8c6-e5ef7108e27b Heaviness: 6 limit: 5
2019-09-20 08:50:14,937 [grpc-default-executor-0] INFO  impl.RaftServerProxy (RaftServerProxy.java:addNew(89)) - 878b45f2-8640-4699-86a6-c2f01c1e4571: addNew group-3A05B1CEF8E5:[878b45f2-8640-4699-86a6-c2f01c1e4571:192.168.36.79:45232] returns group-3A05B1CEF8E5:java.util.concurrent.CompletableFuture@78e4fbc2[Not completed]
2019-09-20 08:50:14,938 [pool-632-thread-1] INFO  impl.RaftServerImpl (RaftServerImpl.java:<init>(93)) - 878b45f2-8640-4699-86a6-c2f01c1e4571: new RaftServerImpl for group-3A05B1CEF8E5:[878b45f2-8640-4699-86a6-c2f01c1e4571:192.168.36.79:45232] with ContainerStateMachine:uninitialized
2019-09-20 08:50:14,938 [pool-632-thread-1] INFO  server.RaftServerConfigKeys (ConfUtils.java:logGet(43)) - raft.server.rpc.timeout.min = 5s (custom)
2019-09-20 08:50:14,939 [pool-632-thread-1] INFO  server.RaftServerConfigKeys (ConfUtils.java:logGet(43)) - raft.server.rpc.timeout.max = 5200ms (custom)
2019-09-20 08:50:14,939 [pool-632-thread-1] INFO  server.RaftServerConfigKeys (ConfUtils.java:logGet(43)) - raft.server.rpcslowness.timeout = 120s (custom)
2019-09-20 08:50:14,939 [pool-632-thread-1] INFO  server.RaftServerConfigKeys (ConfUtils.java:logGet(43)) - raft.server.sleep.deviation.threshold = 300 (default)
2019-09-20 08:50:14,939 [pool-632-thread-1] INFO  server.RaftServerConfigKeys (ConfUtils.java:logGet(43)) - raft.server.log.appender.install.snapshot.enabled = false (custom)
2019-09-20 08:50:14,939 [pool-632-thread-1] INFO  impl.RaftServerImpl (ServerState.java:<init>(105)) - 878b45f2-8640-4699-86a6-c2f01c1e4571:group-3A05B1CEF8E5 ConfigurationManager, init=-1: [878b45f2-8640-4699-86a6-c2f01c1e4571:192.168.36.79:45232], old=null, confs=<EMPTY_MAP>
2019-09-20 08:50:14,939 [pool-632-thread-1] INFO  server.RaftServerConfigKeys (ConfUtils.java:logGet(43)) - raft.server.storage.dir = [/workdir/hadoop-ozone/ozonefs/target/test-dir/MiniOzoneClusterImpl-a4ae5ff1-2421-4ebd-91fb-13e93a5a3fba/datanode-2/data/ratis] (custom)
2019-09-20 08:50:14,940 [pool-632-thread-1] INFO  storage.RaftStorageDirectory (RaftStorageDirectory.java:analyzeStorage(246)) - The storage directory /workdir/hadoop-ozone/ozonefs/target/test-dir/MiniOzoneClusterImpl-a4ae5ff1-2421-4ebd-91fb-13e93a5a3fba/datanode-2/data/ratis/11149d27-86bc-4bf1-b410-3a05b1cef8e5 does not exist. Creating ...
2019-09-20 08:50:14,969 [pool-632-thread-1] INFO  storage.RaftStorageDirectory (RaftStorageDirectory.java:tryLock(328)) - Lock on /workdir/hadoop-ozone/ozonefs/target/test-dir/MiniOzoneClusterImpl-a4ae5ff1-2421-4ebd-91fb-13e93a5a3fba/datanode-2/data/ratis/11149d27-86bc-4bf1-b410-3a05b1cef8e5/in_use.lock acquired by nodename 9421@pr-hdds-1569-s8kj2-2266485376
2019-09-20 08:50:15,003 [pool-632-thread-1] INFO  storage.RaftStorage (RaftStorage.java:format(72)) - Storage directory /workdir/hadoop-ozone/ozonefs/target/test-dir/MiniOzoneClusterImpl-a4ae5ff1-2421-4ebd-91fb-13e93a5a3fba/datanode-2/data/ratis/11149d27-86bc-4bf1-b410-3a05b1cef8e5 has been successfully formatted.
2019-09-20 08:50:15,003 [pool-632-thread-1] INFO  ratis.ContainerStateMachine (ContainerStateMachine.java:loadSnapshot(226)) - group-3A05B1CEF8E5: The snapshot info is null. Setting the last applied indexto:(t:0, i:~)
2019-09-20 08:50:15,004 [pool-632-thread-1] INFO  server.RaftServerConfigKeys (ConfUtils.java:logGet(43)) - raft.server.leader.election.timeout = 120s (custom)
2019-09-20 08:50:15,004 [pool-632-thread-1] INFO  server.RaftServerConfigKeys (ConfUtils.java:logGet(43)) - raft.server.log.use.memory = false (default)
2019-09-20 08:50:15,004 [pool-632-thread-1] INFO  server.RaftServerConfigKeys (ConfUtils.java:logGet(43)) - raft.server.log.purge.gap = 1000000 (custom)
2019-09-20 08:50:15,004 [pool-632-thread-1] INFO  server.RaftServerConfigKeys (ConfUtils.java:logGet(43)) - raft.server.log.appender.buffer.byte-limit = 33554432 (custom)
2019-09-20 08:50:15,004 [pool-632-thread-1] INFO  server.RaftServerConfigKeys (ConfUtils.java:logGet(43)) - raft.server.log.segment.size.max = 1048576 (custom)
2019-09-20 08:50:15,004 [pool-632-thread-1] INFO  server.RaftServerConfigKeys (ConfUtils.java:logGet(43)) - raft.server.log.segment.cache.num.max = 2 (custom)
2019-09-20 08:50:15,004 [pool-632-thread-1] INFO  segmented.SegmentedRaftLogWorker (SegmentedRaftLogWorker.java:<init>(172)) - new 878b45f2-8640-4699-86a6-c2f01c1e4571-SegmentedRaftLogWorker:Storage Directory /workdir/hadoop-ozone/ozonefs/target/test-dir/MiniOzoneClusterImpl-a4ae5ff1-2421-4ebd-91fb-13e93a5a3fba/datanode-2/data/ratis/11149d27-86bc-4bf1-b410-3a05b1cef8e5 for RaftStorage:Storage Directory /workdir/hadoop-ozone/ozonefs/target/test-dir/MiniOzoneClusterImpl-a4ae5ff1-2421-4ebd-91fb-13e93a5a3fba/datanode-2/data/ratis/11149d27-86bc-4bf1-b410-3a05b1cef8e5
2019-09-20 08:50:15,005 [pool-632-thread-1] INFO  server.RaftServerConfigKeys (ConfUtils.java:logGet(43)) - raft.server.log.queue.byte-limit = 2147483647 (custom)
2019-09-20 08:50:15,005 [pool-632-thread-1] INFO  server.RaftServerConfigKeys (ConfUtils.java:logGet(43)) - raft.server.log.queue.element-limit = 1024 (custom)
2019-09-20 08:50:15,005 [pool-632-thread-1] INFO  server.RaftServerConfigKeys (ConfUtils.java:logGet(43)) - raft.server.log.segment.size.max = 1048576 (custom)
2019-09-20 08:50:15,005 [pool-632-thread-1] INFO  server.RaftServerConfigKeys (ConfUtils.java:logGet(43)) - raft.server.log.preallocated.size = 16384 (custom)
2019-09-20 08:50:15,006 [pool-632-thread-1] INFO  server.RaftServerConfigKeys (ConfUtils.java:logGet(43)) - raft.server.log.write.buffer.size = 33554432 (custom)
2019-09-20 08:50:15,006 [pool-632-thread-1] INFO  server.RaftServerConfigKeys (ConfUtils.java:logGet(43)) - raft.server.log.force.sync.num = 128 (default)
2019-09-20 08:50:15,006 [pool-632-thread-1] INFO  server.RaftServerConfigKeys (ConfUtils.java:logGet(43)) - raft.server.log.statemachine.data.sync = true (default)
2019-09-20 08:50:15,006 [pool-632-thread-1] INFO  server.RaftServerConfigKeys (ConfUtils.java:logGet(43)) - raft.server.log.statemachine.data.sync.timeout = 10s (default)
2019-09-20 08:50:15,006 [pool-632-thread-1] INFO  server.RaftServerConfigKeys (ConfUtils.java:logGet(43)) - raft.server.log.statemachine.data.sync.timeout.retry = -1 (default)
2019-09-20 08:50:15,007 [pool-632-thread-1] INFO  server.RaftServerConfigKeys (ConfUtils.java:logGet(43)) - raft.server.log.statemachine.data.caching.enabled = true (custom)
2019-09-20 08:50:15,007 [pool-632-thread-1] INFO  segmented.SegmentedRaftLogWorker (SegmentedRaftLogWorker.java:lambda$new$0(132)) - 878b45f2-8640-4699-86a6-c2f01c1e4571-SegmentedRaftLogWorker:Storage Directory /workdir/hadoop-ozone/ozonefs/target/test-dir/MiniOzoneClusterImpl-a4ae5ff1-2421-4ebd-91fb-13e93a5a3fba/datanode-2/data/ratis/11149d27-86bc-4bf1-b410-3a05b1cef8e5: flushIndex: setUnconditionally 0 -> -1
2019-09-20 08:50:15,008 [pool-632-thread-1] INFO  server.RaftServerConfigKeys (ConfUtils.java:logGet(43)) - raft.server.snapshot.auto.trigger.enabled = true (custom)
2019-09-20 08:50:15,008 [pool-632-thread-1] INFO  server.RaftServerConfigKeys (ConfUtils.java:logGet(43)) - raft.server.snapshot.auto.trigger.threshold = 10000 (custom)
2019-09-20 08:50:15,008 [pool-632-thread-1] INFO  server.RaftServerConfigKeys (ConfUtils.java:logGet(43)) - raft.server.retrycache.expirytime = 600000ms (custom)
2019-09-20 08:50:15,009 [pool-632-thread-1] INFO  impl.RaftServerImpl (RaftServerImpl.java:start(180)) - 878b45f2-8640-4699-86a6-c2f01c1e4571: start group-3A05B1CEF8E5
2019-09-20 08:50:15,009 [pool-632-thread-1] INFO  impl.RaftServerImpl (RaftServerImpl.java:setRole(171)) - 878b45f2-8640-4699-86a6-c2f01c1e4571:group-3A05B1CEF8E5 changes role from null to FOLLOWER at term 0 for startAsFollower
2019-09-20 08:50:15,009 [pool-632-thread-1] INFO  impl.RoleInfo (RoleInfo.java:updateAndGet(143)) - 878b45f2-8640-4699-86a6-c2f01c1e4571: start FollowerState
2019-09-20 08:50:15,009 [pool-632-thread-1] INFO  util.JmxRegister (JmxRegister.java:tryRegister(44)) - Successfully registered JMX Bean with object name Ratis:service=RaftServer,group=group-3A05B1CEF8E5,id=878b45f2-8640-4699-86a6-c2f01c1e4571
2019-09-20 08:50:15,013 [RatisPipelineUtilsThread] INFO  pipeline.PipelineStateManager (PipelineStateManager.java:addPipeline(56)) - Created pipeline Pipeline[ Id: 11149d27-86bc-4bf1-b410-3a05b1cef8e5, Nodes: 878b45f2-8640-4699-86a6-c2f01c1e4571{ip: 192.168.36.79, host: pr-hdds-1569-s8kj2-2266485376, networkLocation: /default-rack, certSerialId: null}, Type:RATIS, Factor:ONE, State:OPEN]
2019-09-20 08:50:15,014 [RatisPipelineUtilsThread] INFO  pipeline.PipelinePlacementPolicy (PipelinePlacementPolicy.java:meetCriteria(91)) - Pipeline Placement: Doesn't meet the criteria to be viable node： 847f5ce1-146d-4bef-b8c6-e5ef7108e27b Heaviness: 6 limit: 5
2019-09-20 08:50:15,020 [grpc-default-executor-0] INFO  impl.RaftServerProxy (RaftServerProxy.java:addNew(89)) - aa1fb5c1-0c84-4e24-a27d-d801a3140cf1: addNew group-667A08E43CAC:[aa1fb5c1-0c84-4e24-a27d-d801a3140cf1:192.168.36.79:41886] returns group-667A08E43CAC:java.util.concurrent.CompletableFuture@5534ea49[Not completed]
2019-09-20 08:50:15,022 [pool-621-thread-1] INFO  impl.RaftServerImpl (RaftServerImpl.java:<init>(93)) - aa1fb5c1-0c84-4e24-a27d-d801a3140cf1: new RaftServerImpl for group-667A08E43CAC:[aa1fb5c1-0c84-4e24-a27d-d801a3140cf1:192.168.36.79:41886] with ContainerStateMachine:uninitialized
2019-09-20 08:50:15,022 [pool-621-thread-1] INFO  server.RaftServerConfigKeys (ConfUtils.java:logGet(43)) - raft.server.rpc.timeout.min = 5s (custom)
2019-09-20 08:50:15,022 [pool-621-thread-1] INFO  server.RaftServerConfigKeys (ConfUtils.java:logGet(43)) - raft.server.rpc.timeout.max = 5200ms (custom)
2019-09-20 08:50:15,022 [pool-621-thread-1] INFO  server.RaftServerConfigKeys (ConfUtils.java:logGet(43)) - raft.server.rpcslowness.timeout = 120s (custom)
2019-09-20 08:50:15,022 [pool-621-thread-1] INFO  server.RaftServerConfigKeys (ConfUtils.java:logGet(43)) - raft.server.sleep.deviation.threshold = 300 (default)
2019-09-20 08:50:15,022 [pool-621-thread-1] INFO  server.RaftServerConfigKeys (ConfUtils.java:logGet(43)) - raft.server.log.appender.install.snapshot.enabled = false (custom)
2019-09-20 08:50:15,022 [pool-621-thread-1] INFO  impl.RaftServerImpl (ServerState.java:<init>(105)) - aa1fb5c1-0c84-4e24-a27d-d801a3140cf1:group-667A08E43CAC ConfigurationManager, init=-1: [aa1fb5c1-0c84-4e24-a27d-d801a3140cf1:192.168.36.79:41886], old=null, confs=<EMPTY_MAP>
2019-09-20 08:50:15,023 [pool-621-thread-1] INFO  server.RaftServerConfigKeys (ConfUtils.java:logGet(43)) - raft.server.storage.dir = [/workdir/hadoop-ozone/ozonefs/target/test-dir/MiniOzoneClusterImpl-a4ae5ff1-2421-4ebd-91fb-13e93a5a3fba/datanode-1/data/ratis] (custom)
2019-09-20 08:50:15,023 [pool-621-thread-1] INFO  storage.RaftStorageDirectory (RaftStorageDirectory.java:analyzeStorage(246)) - The storage directory /workdir/hadoop-ozone/ozonefs/target/test-dir/MiniOzoneClusterImpl-a4ae5ff1-2421-4ebd-91fb-13e93a5a3fba/datanode-1/data/ratis/053b1d80-aa5c-447a-83c3-667a08e43cac does not exist. Creating ...
2019-09-20 08:50:15,053 [pool-621-thread-1] INFO  storage.RaftStorageDirectory (RaftStorageDirectory.java:tryLock(328)) - Lock on /workdir/hadoop-ozone/ozonefs/target/test-dir/MiniOzoneClusterImpl-a4ae5ff1-2421-4ebd-91fb-13e93a5a3fba/datanode-1/data/ratis/053b1d80-aa5c-447a-83c3-667a08e43cac/in_use.lock acquired by nodename 9421@pr-hdds-1569-s8kj2-2266485376
2019-09-20 08:50:15,079 [pool-621-thread-1] INFO  storage.RaftStorage (RaftStorage.java:format(72)) - Storage directory /workdir/hadoop-ozone/ozonefs/target/test-dir/MiniOzoneClusterImpl-a4ae5ff1-2421-4ebd-91fb-13e93a5a3fba/datanode-1/data/ratis/053b1d80-aa5c-447a-83c3-667a08e43cac has been successfully formatted.
2019-09-20 08:50:15,079 [pool-621-thread-1] INFO  ratis.ContainerStateMachine (ContainerStateMachine.java:loadSnapshot(226)) - group-667A08E43CAC: The snapshot info is null. Setting the last applied indexto:(t:0, i:~)
2019-09-20 08:50:15,079 [pool-621-thread-1] INFO  server.RaftServerConfigKeys (ConfUtils.java:logGet(43)) - raft.server.leader.election.timeout = 120s (custom)
2019-09-20 08:50:15,080 [pool-621-thread-1] INFO  server.RaftServerConfigKeys (ConfUtils.java:logGet(43)) - raft.server.log.use.memory = false (default)
2019-09-20 08:50:15,080 [pool-621-thread-1] INFO  server.RaftServerConfigKeys (ConfUtils.java:logGet(43)) - raft.server.log.purge.gap = 1000000 (custom)
2019-09-20 08:50:15,080 [pool-621-thread-1] INFO  server.RaftServerConfigKeys (ConfUtils.java:logGet(43)) - raft.server.log.appender.buffer.byte-limit = 33554432 (custom)
2019-09-20 08:50:15,080 [pool-621-thread-1] INFO  server.RaftServerConfigKeys (ConfUtils.java:logGet(43)) - raft.server.log.segment.size.max = 1048576 (custom)
2019-09-20 08:50:15,080 [pool-621-thread-1] INFO  server.RaftServerConfigKeys (ConfUtils.java:logGet(43)) - raft.server.log.segment.cache.num.max = 2 (custom)
2019-09-20 08:50:15,081 [pool-621-thread-1] INFO  segmented.SegmentedRaftLogWorker (SegmentedRaftLogWorker.java:<init>(172)) - new aa1fb5c1-0c84-4e24-a27d-d801a3140cf1-SegmentedRaftLogWorker:Storage Directory /workdir/hadoop-ozone/ozonefs/target/test-dir/MiniOzoneClusterImpl-a4ae5ff1-2421-4ebd-91fb-13e93a5a3fba/datanode-1/data/ratis/053b1d80-aa5c-447a-83c3-667a08e43cac for RaftStorage:Storage Directory /workdir/hadoop-ozone/ozonefs/target/test-dir/MiniOzoneClusterImpl-a4ae5ff1-2421-4ebd-91fb-13e93a5a3fba/datanode-1/data/ratis/053b1d80-aa5c-447a-83c3-667a08e43cac
2019-09-20 08:50:15,081 [pool-621-thread-1] INFO  server.RaftServerConfigKeys (ConfUtils.java:logGet(43)) - raft.server.log.queue.byte-limit = 2147483647 (custom)
2019-09-20 08:50:15,081 [pool-621-thread-1] INFO  server.RaftServerConfigKeys (ConfUtils.java:logGet(43)) - raft.server.log.queue.element-limit = 1024 (custom)
2019-09-20 08:50:15,081 [pool-621-thread-1] INFO  server.RaftServerConfigKeys (ConfUtils.java:logGet(43)) - raft.server.log.segment.size.max = 1048576 (custom)
2019-09-20 08:50:15,081 [pool-621-thread-1] INFO  server.RaftServerConfigKeys (ConfUtils.java:logGet(43)) - raft.server.log.preallocated.size = 16384 (custom)
2019-09-20 08:50:15,081 [pool-621-thread-1] INFO  server.RaftServerConfigKeys (ConfUtils.java:logGet(43)) - raft.server.log.write.buffer.size = 33554432 (custom)
2019-09-20 08:50:15,082 [pool-621-thread-1] INFO  server.RaftServerConfigKeys (ConfUtils.java:logGet(43)) - raft.server.log.force.sync.num = 128 (default)
2019-09-20 08:50:15,082 [pool-621-thread-1] INFO  server.RaftServerConfigKeys (ConfUtils.java:logGet(43)) - raft.server.log.statemachine.data.sync = true (default)
2019-09-20 08:50:15,082 [pool-621-thread-1] INFO  server.RaftServerConfigKeys (ConfUtils.java:logGet(43)) - raft.server.log.statemachine.data.sync.timeout = 10s (default)
2019-09-20 08:50:15,082 [pool-621-thread-1] INFO  server.RaftServerConfigKeys (ConfUtils.java:logGet(43)) - raft.server.log.statemachine.data.sync.timeout.retry = -1 (default)
2019-09-20 08:50:15,082 [pool-621-thread-1] INFO  server.RaftServerConfigKeys (ConfUtils.java:logGet(43)) - raft.server.log.statemachine.data.caching.enabled = true (custom)
2019-09-20 08:50:15,083 [pool-621-thread-1] INFO  segmented.SegmentedRaftLogWorker (SegmentedRaftLogWorker.java:lambda$new$0(132)) - aa1fb5c1-0c84-4e24-a27d-d801a3140cf1-SegmentedRaftLogWorker:Storage Directory /workdir/hadoop-ozone/ozonefs/target/test-dir/MiniOzoneClusterImpl-a4ae5ff1-2421-4ebd-91fb-13e93a5a3fba/datanode-1/data/ratis/053b1d80-aa5c-447a-83c3-667a08e43cac: flushIndex: setUnconditionally 0 -> -1
2019-09-20 08:50:15,083 [pool-621-thread-1] INFO  server.RaftServerConfigKeys (ConfUtils.java:logGet(43)) - raft.server.snapshot.auto.trigger.enabled = true (custom)
2019-09-20 08:50:15,083 [pool-621-thread-1] INFO  server.RaftServerConfigKeys (ConfUtils.java:logGet(43)) - raft.server.snapshot.auto.trigger.threshold = 10000 (custom)
2019-09-20 08:50:15,083 [pool-621-thread-1] INFO  server.RaftServerConfigKeys (ConfUtils.java:logGet(43)) - raft.server.retrycache.expirytime = 600000ms (custom)
2019-09-20 08:50:15,084 [pool-621-thread-1] INFO  impl.RaftServerImpl (RaftServerImpl.java:start(180)) - aa1fb5c1-0c84-4e24-a27d-d801a3140cf1: start group-667A08E43CAC
2019-09-20 08:50:15,084 [pool-621-thread-1] INFO  impl.RaftServerImpl (RaftServerImpl.java:setRole(171)) - aa1fb5c1-0c84-4e24-a27d-d801a3140cf1:group-667A08E43CAC changes role from null to FOLLOWER at term 0 for startAsFollower
2019-09-20 08:50:15,084 [pool-621-thread-1] INFO  impl.RoleInfo (RoleInfo.java:updateAndGet(143)) - aa1fb5c1-0c84-4e24-a27d-d801a3140cf1: start FollowerState
2019-09-20 08:50:15,085 [pool-621-thread-1] INFO  util.JmxRegister (JmxRegister.java:tryRegister(44)) - Successfully registered JMX Bean with object name Ratis:service=RaftServer,group=group-667A08E43CAC,id=aa1fb5c1-0c84-4e24-a27d-d801a3140cf1
2019-09-20 08:50:15,088 [RatisPipelineUtilsThread] INFO  pipeline.PipelineStateManager (PipelineStateManager.java:addPipeline(56)) - Created pipeline Pipeline[ Id: 053b1d80-aa5c-447a-83c3-667a08e43cac, Nodes: aa1fb5c1-0c84-4e24-a27d-d801a3140cf1{ip: 192.168.36.79, host: pr-hdds-1569-s8kj2-2266485376, networkLocation: /default-rack, certSerialId: null}, Type:RATIS, Factor:ONE, State:OPEN]
2019-09-20 08:50:15,088 [RatisPipelineUtilsThread] INFO  pipeline.PipelinePlacementPolicy (PipelinePlacementPolicy.java:meetCriteria(91)) - Pipeline Placement: Doesn't meet the criteria to be viable node： 847f5ce1-146d-4bef-b8c6-e5ef7108e27b Heaviness: 6 limit: 5
2019-09-20 08:50:15,095 [grpc-default-executor-0] INFO  impl.RaftServerProxy (RaftServerProxy.java:addNew(89)) - aa1fb5c1-0c84-4e24-a27d-d801a3140cf1: addNew group-69490DE2DD7B:[aa1fb5c1-0c84-4e24-a27d-d801a3140cf1:192.168.36.79:41886] returns group-69490DE2DD7B:java.util.concurrent.CompletableFuture@69a79d40[Not completed]
2019-09-20 08:50:15,096 [pool-621-thread-1] INFO  impl.RaftServerImpl (RaftServerImpl.java:<init>(93)) - aa1fb5c1-0c84-4e24-a27d-d801a3140cf1: new RaftServerImpl for group-69490DE2DD7B:[aa1fb5c1-0c84-4e24-a27d-d801a3140cf1:192.168.36.79:41886] with ContainerStateMachine:uninitialized
2019-09-20 08:50:15,096 [pool-621-thread-1] INFO  server.RaftServerConfigKeys (ConfUtils.java:logGet(43)) - raft.server.rpc.timeout.min = 5s (custom)
2019-09-20 08:50:15,097 [pool-621-thread-1] INFO  server.RaftServerConfigKeys (ConfUtils.java:logGet(43)) - raft.server.rpc.timeout.max = 5200ms (custom)
2019-09-20 08:50:15,097 [pool-621-thread-1] INFO  server.RaftServerConfigKeys (ConfUtils.java:logGet(43)) - raft.server.rpcslowness.timeout = 120s (custom)
2019-09-20 08:50:15,097 [pool-621-thread-1] INFO  server.RaftServerConfigKeys (ConfUtils.java:logGet(43)) - raft.server.sleep.deviation.threshold = 300 (default)
2019-09-20 08:50:15,097 [pool-621-thread-1] INFO  server.RaftServerConfigKeys (ConfUtils.java:logGet(43)) - raft.server.log.appender.install.snapshot.enabled = false (custom)
2019-09-20 08:50:15,097 [pool-621-thread-1] INFO  impl.RaftServerImpl (ServerState.java:<init>(105)) - aa1fb5c1-0c84-4e24-a27d-d801a3140cf1:group-69490DE2DD7B ConfigurationManager, init=-1: [aa1fb5c1-0c84-4e24-a27d-d801a3140cf1:192.168.36.79:41886], old=null, confs=<EMPTY_MAP>
2019-09-20 08:50:15,098 [pool-621-thread-1] INFO  server.RaftServerConfigKeys (ConfUtils.java:logGet(43)) - raft.server.storage.dir = [/workdir/hadoop-ozone/ozonefs/target/test-dir/MiniOzoneClusterImpl-a4ae5ff1-2421-4ebd-91fb-13e93a5a3fba/datanode-1/data/ratis] (custom)
2019-09-20 08:50:15,098 [pool-621-thread-1] INFO  storage.RaftStorageDirectory (RaftStorageDirectory.java:analyzeStorage(246)) - The storage directory /workdir/hadoop-ozone/ozonefs/target/test-dir/MiniOzoneClusterImpl-a4ae5ff1-2421-4ebd-91fb-13e93a5a3fba/datanode-1/data/ratis/5620791b-e45b-41a7-b11d-69490de2dd7b does not exist. Creating ...
2019-09-20 08:50:15,130 [pool-621-thread-1] INFO  storage.RaftStorageDirectory (RaftStorageDirectory.java:tryLock(328)) - Lock on /workdir/hadoop-ozone/ozonefs/target/test-dir/MiniOzoneClusterImpl-a4ae5ff1-2421-4ebd-91fb-13e93a5a3fba/datanode-1/data/ratis/5620791b-e45b-41a7-b11d-69490de2dd7b/in_use.lock acquired by nodename 9421@pr-hdds-1569-s8kj2-2266485376
2019-09-20 08:50:15,155 [pool-621-thread-1] INFO  storage.RaftStorage (RaftStorage.java:format(72)) - Storage directory /workdir/hadoop-ozone/ozonefs/target/test-dir/MiniOzoneClusterImpl-a4ae5ff1-2421-4ebd-91fb-13e93a5a3fba/datanode-1/data/ratis/5620791b-e45b-41a7-b11d-69490de2dd7b has been successfully formatted.
2019-09-20 08:50:15,156 [pool-621-thread-1] INFO  ratis.ContainerStateMachine (ContainerStateMachine.java:loadSnapshot(226)) - group-69490DE2DD7B: The snapshot info is null. Setting the last applied indexto:(t:0, i:~)
2019-09-20 08:50:15,156 [pool-621-thread-1] INFO  server.RaftServerConfigKeys (ConfUtils.java:logGet(43)) - raft.server.leader.election.timeout = 120s (custom)
2019-09-20 08:50:15,156 [pool-621-thread-1] INFO  server.RaftServerConfigKeys (ConfUtils.java:logGet(43)) - raft.server.log.use.memory = false (default)
2019-09-20 08:50:15,156 [pool-621-thread-1] INFO  server.RaftServerConfigKeys (ConfUtils.java:logGet(43)) - raft.server.log.purge.gap = 1000000 (custom)
2019-09-20 08:50:15,156 [pool-621-thread-1] INFO  server.RaftServerConfigKeys (ConfUtils.java:logGet(43)) - raft.server.log.appender.buffer.byte-limit = 33554432 (custom)
2019-09-20 08:50:15,157 [pool-621-thread-1] INFO  server.RaftServerConfigKeys (ConfUtils.java:logGet(43)) - raft.server.log.segment.size.max = 1048576 (custom)
2019-09-20 08:50:15,157 [pool-621-thread-1] INFO  server.RaftServerConfigKeys (ConfUtils.java:logGet(43)) - raft.server.log.segment.cache.num.max = 2 (custom)
2019-09-20 08:50:15,157 [pool-621-thread-1] INFO  segmented.SegmentedRaftLogWorker (SegmentedRaftLogWorker.java:<init>(172)) - new aa1fb5c1-0c84-4e24-a27d-d801a3140cf1-SegmentedRaftLogWorker:Storage Directory /workdir/hadoop-ozone/ozonefs/target/test-dir/MiniOzoneClusterImpl-a4ae5ff1-2421-4ebd-91fb-13e93a5a3fba/datanode-1/data/ratis/5620791b-e45b-41a7-b11d-69490de2dd7b for RaftStorage:Storage Directory /workdir/hadoop-ozone/ozonefs/target/test-dir/MiniOzoneClusterImpl-a4ae5ff1-2421-4ebd-91fb-13e93a5a3fba/datanode-1/data/ratis/5620791b-e45b-41a7-b11d-69490de2dd7b
2019-09-20 08:50:15,157 [pool-621-thread-1] INFO  server.RaftServerConfigKeys (ConfUtils.java:logGet(43)) - raft.server.log.queue.byte-limit = 2147483647 (custom)
2019-09-20 08:50:15,157 [pool-621-thread-1] INFO  server.RaftServerConfigKeys (ConfUtils.java:logGet(43)) - raft.server.log.queue.element-limit = 1024 (custom)
2019-09-20 08:50:15,157 [pool-621-thread-1] INFO  server.RaftServerConfigKeys (ConfUtils.java:logGet(43)) - raft.server.log.segment.size.max = 1048576 (custom)
2019-09-20 08:50:15,158 [pool-621-thread-1] INFO  server.RaftServerConfigKeys (ConfUtils.java:logGet(43)) - raft.server.log.preallocated.size = 16384 (custom)
2019-09-20 08:50:15,158 [pool-621-thread-1] INFO  server.RaftServerConfigKeys (ConfUtils.java:logGet(43)) - raft.server.log.write.buffer.size = 33554432 (custom)
2019-09-20 08:50:15,158 [pool-621-thread-1] INFO  server.RaftServerConfigKeys (ConfUtils.java:logGet(43)) - raft.server.log.force.sync.num = 128 (default)
2019-09-20 08:50:15,158 [pool-621-thread-1] INFO  server.RaftServerConfigKeys (ConfUtils.java:logGet(43)) - raft.server.log.statemachine.data.sync = true (default)
2019-09-20 08:50:15,158 [pool-621-thread-1] INFO  server.RaftServerConfigKeys (ConfUtils.java:logGet(43)) - raft.server.log.statemachine.data.sync.timeout = 10s (default)
2019-09-20 08:50:15,158 [pool-621-thread-1] INFO  server.RaftServerConfigKeys (ConfUtils.java:logGet(43)) - raft.server.log.statemachine.data.sync.timeout.retry = -1 (default)
2019-09-20 08:50:15,159 [pool-621-thread-1] INFO  server.RaftServerConfigKeys (ConfUtils.java:logGet(43)) - raft.server.log.statemachine.data.caching.enabled = true (custom)
2019-09-20 08:50:15,159 [pool-621-thread-1] INFO  segmented.SegmentedRaftLogWorker (SegmentedRaftLogWorker.java:lambda$new$0(132)) - aa1fb5c1-0c84-4e24-a27d-d801a3140cf1-SegmentedRaftLogWorker:Storage Directory /workdir/hadoop-ozone/ozonefs/target/test-dir/MiniOzoneClusterImpl-a4ae5ff1-2421-4ebd-91fb-13e93a5a3fba/datanode-1/data/ratis/5620791b-e45b-41a7-b11d-69490de2dd7b: flushIndex: setUnconditionally 0 -> -1
2019-09-20 08:50:15,159 [pool-621-thread-1] INFO  server.RaftServerConfigKeys (ConfUtils.java:logGet(43)) - raft.server.snapshot.auto.trigger.enabled = true (custom)
2019-09-20 08:50:15,159 [pool-621-thread-1] INFO  server.RaftServerConfigKeys (ConfUtils.java:logGet(43)) - raft.server.snapshot.auto.trigger.threshold = 10000 (custom)
2019-09-20 08:50:15,160 [pool-621-thread-1] INFO  server.RaftServerConfigKeys (ConfUtils.java:logGet(43)) - raft.server.retrycache.expirytime = 600000ms (custom)
2019-09-20 08:50:15,160 [pool-621-thread-1] INFO  impl.RaftServerImpl (RaftServerImpl.java:start(180)) - aa1fb5c1-0c84-4e24-a27d-d801a3140cf1: start group-69490DE2DD7B
2019-09-20 08:50:15,160 [pool-621-thread-1] INFO  impl.RaftServerImpl (RaftServerImpl.java:setRole(171)) - aa1fb5c1-0c84-4e24-a27d-d801a3140cf1:group-69490DE2DD7B changes role from null to FOLLOWER at term 0 for startAsFollower
2019-09-20 08:50:15,160 [pool-621-thread-1] INFO  impl.RoleInfo (RoleInfo.java:updateAndGet(143)) - aa1fb5c1-0c84-4e24-a27d-d801a3140cf1: start FollowerState
2019-09-20 08:50:15,161 [pool-621-thread-1] INFO  util.JmxRegister (JmxRegister.java:tryRegister(44)) - Successfully registered JMX Bean with object name Ratis:service=RaftServer,group=group-69490DE2DD7B,id=aa1fb5c1-0c84-4e24-a27d-d801a3140cf1
2019-09-20 08:50:15,164 [RatisPipelineUtilsThread] INFO  pipeline.PipelineStateManager (PipelineStateManager.java:addPipeline(56)) - Created pipeline Pipeline[ Id: 5620791b-e45b-41a7-b11d-69490de2dd7b, Nodes: aa1fb5c1-0c84-4e24-a27d-d801a3140cf1{ip: 192.168.36.79, host: pr-hdds-1569-s8kj2-2266485376, networkLocation: /default-rack, certSerialId: null}, Type:RATIS, Factor:ONE, State:OPEN]
2019-09-20 08:50:15,164 [RatisPipelineUtilsThread] INFO  pipeline.PipelinePlacementPolicy (PipelinePlacementPolicy.java:meetCriteria(91)) - Pipeline Placement: Doesn't meet the criteria to be viable node： 847f5ce1-146d-4bef-b8c6-e5ef7108e27b Heaviness: 6 limit: 5
2019-09-20 08:50:15,169 [grpc-default-executor-0] INFO  impl.RaftServerProxy (RaftServerProxy.java:addNew(89)) - aa1fb5c1-0c84-4e24-a27d-d801a3140cf1: addNew group-093CFBE433D4:[aa1fb5c1-0c84-4e24-a27d-d801a3140cf1:192.168.36.79:41886] returns group-093CFBE433D4:java.util.concurrent.CompletableFuture@24224bd0[Not completed]
2019-09-20 08:50:15,170 [pool-621-thread-1] INFO  impl.RaftServerImpl (RaftServerImpl.java:<init>(93)) - aa1fb5c1-0c84-4e24-a27d-d801a3140cf1: new RaftServerImpl for group-093CFBE433D4:[aa1fb5c1-0c84-4e24-a27d-d801a3140cf1:192.168.36.79:41886] with ContainerStateMachine:uninitialized
2019-09-20 08:50:15,170 [pool-621-thread-1] INFO  server.RaftServerConfigKeys (ConfUtils.java:logGet(43)) - raft.server.rpc.timeout.min = 5s (custom)
2019-09-20 08:50:15,170 [pool-621-thread-1] INFO  server.RaftServerConfigKeys (ConfUtils.java:logGet(43)) - raft.server.rpc.timeout.max = 5200ms (custom)
2019-09-20 08:50:15,170 [pool-621-thread-1] INFO  server.RaftServerConfigKeys (ConfUtils.java:logGet(43)) - raft.server.rpcslowness.timeout = 120s (custom)
2019-09-20 08:50:15,170 [pool-621-thread-1] INFO  server.RaftServerConfigKeys (ConfUtils.java:logGet(43)) - raft.server.sleep.deviation.threshold = 300 (default)
2019-09-20 08:50:15,170 [pool-621-thread-1] INFO  server.RaftServerConfigKeys (ConfUtils.java:logGet(43)) - raft.server.log.appender.install.snapshot.enabled = false (custom)
2019-09-20 08:50:15,170 [pool-621-thread-1] INFO  impl.RaftServerImpl (ServerState.java:<init>(105)) - aa1fb5c1-0c84-4e24-a27d-d801a3140cf1:group-093CFBE433D4 ConfigurationManager, init=-1: [aa1fb5c1-0c84-4e24-a27d-d801a3140cf1:192.168.36.79:41886], old=null, confs=<EMPTY_MAP>
2019-09-20 08:50:15,171 [pool-621-thread-1] INFO  server.RaftServerConfigKeys (ConfUtils.java:logGet(43)) - raft.server.storage.dir = [/workdir/hadoop-ozone/ozonefs/target/test-dir/MiniOzoneClusterImpl-a4ae5ff1-2421-4ebd-91fb-13e93a5a3fba/datanode-1/data/ratis] (custom)
2019-09-20 08:50:15,171 [pool-621-thread-1] INFO  storage.RaftStorageDirectory (RaftStorageDirectory.java:analyzeStorage(246)) - The storage directory /workdir/hadoop-ozone/ozonefs/target/test-dir/MiniOzoneClusterImpl-a4ae5ff1-2421-4ebd-91fb-13e93a5a3fba/datanode-1/data/ratis/b1681a86-bbcb-44ac-b97d-093cfbe433d4 does not exist. Creating ...
2019-09-20 08:50:15,197 [pool-621-thread-1] INFO  storage.RaftStorageDirectory (RaftStorageDirectory.java:tryLock(328)) - Lock on /workdir/hadoop-ozone/ozonefs/target/test-dir/MiniOzoneClusterImpl-a4ae5ff1-2421-4ebd-91fb-13e93a5a3fba/datanode-1/data/ratis/b1681a86-bbcb-44ac-b97d-093cfbe433d4/in_use.lock acquired by nodename 9421@pr-hdds-1569-s8kj2-2266485376
2019-09-20 08:50:15,223 [pool-621-thread-1] INFO  storage.RaftStorage (RaftStorage.java:format(72)) - Storage directory /workdir/hadoop-ozone/ozonefs/target/test-dir/MiniOzoneClusterImpl-a4ae5ff1-2421-4ebd-91fb-13e93a5a3fba/datanode-1/data/ratis/b1681a86-bbcb-44ac-b97d-093cfbe433d4 has been successfully formatted.
2019-09-20 08:50:15,223 [pool-621-thread-1] INFO  ratis.ContainerStateMachine (ContainerStateMachine.java:loadSnapshot(226)) - group-093CFBE433D4: The snapshot info is null. Setting the last applied indexto:(t:0, i:~)
2019-09-20 08:50:15,223 [pool-621-thread-1] INFO  server.RaftServerConfigKeys (ConfUtils.java:logGet(43)) - raft.server.leader.election.timeout = 120s (custom)
2019-09-20 08:50:15,224 [pool-621-thread-1] INFO  server.RaftServerConfigKeys (ConfUtils.java:logGet(43)) - raft.server.log.use.memory = false (default)
2019-09-20 08:50:15,224 [pool-621-thread-1] INFO  server.RaftServerConfigKeys (ConfUtils.java:logGet(43)) - raft.server.log.purge.gap = 1000000 (custom)
2019-09-20 08:50:15,224 [pool-621-thread-1] INFO  server.RaftServerConfigKeys (ConfUtils.java:logGet(43)) - raft.server.log.appender.buffer.byte-limit = 33554432 (custom)
2019-09-20 08:50:15,224 [pool-621-thread-1] INFO  server.RaftServerConfigKeys (ConfUtils.java:logGet(43)) - raft.server.log.segment.size.max = 1048576 (custom)
2019-09-20 08:50:15,224 [pool-621-thread-1] INFO  server.RaftServerConfigKeys (ConfUtils.java:logGet(43)) - raft.server.log.segment.cache.num.max = 2 (custom)
2019-09-20 08:50:15,224 [pool-621-thread-1] INFO  segmented.SegmentedRaftLogWorker (SegmentedRaftLogWorker.java:<init>(172)) - new aa1fb5c1-0c84-4e24-a27d-d801a3140cf1-SegmentedRaftLogWorker:Storage Directory /workdir/hadoop-ozone/ozonefs/target/test-dir/MiniOzoneClusterImpl-a4ae5ff1-2421-4ebd-91fb-13e93a5a3fba/datanode-1/data/ratis/b1681a86-bbcb-44ac-b97d-093cfbe433d4 for RaftStorage:Storage Directory /workdir/hadoop-ozone/ozonefs/target/test-dir/MiniOzoneClusterImpl-a4ae5ff1-2421-4ebd-91fb-13e93a5a3fba/datanode-1/data/ratis/b1681a86-bbcb-44ac-b97d-093cfbe433d4
2019-09-20 08:50:15,224 [pool-621-thread-1] INFO  server.RaftServerConfigKeys (ConfUtils.java:logGet(43)) - raft.server.log.queue.byte-limit = 2147483647 (custom)
2019-09-20 08:50:15,225 [pool-621-thread-1] INFO  server.RaftServerConfigKeys (ConfUtils.java:logGet(43)) - raft.server.log.queue.element-limit = 1024 (custom)
2019-09-20 08:50:15,225 [pool-621-thread-1] INFO  server.RaftServerConfigKeys (ConfUtils.java:logGet(43)) - raft.server.log.segment.size.max = 1048576 (custom)
2019-09-20 08:50:15,225 [pool-621-thread-1] INFO  server.RaftServerConfigKeys (ConfUtils.java:logGet(43)) - raft.server.log.preallocated.size = 16384 (custom)
2019-09-20 08:50:15,225 [pool-621-thread-1] INFO  server.RaftServerConfigKeys (ConfUtils.java:logGet(43)) - raft.server.log.write.buffer.size = 33554432 (custom)
2019-09-20 08:50:15,225 [pool-621-thread-1] INFO  server.RaftServerConfigKeys (ConfUtils.java:logGet(43)) - raft.server.log.force.sync.num = 128 (default)
2019-09-20 08:50:15,225 [pool-621-thread-1] INFO  server.RaftServerConfigKeys (ConfUtils.java:logGet(43)) - raft.server.log.statemachine.data.sync = true (default)
2019-09-20 08:50:15,226 [pool-621-thread-1] INFO  server.RaftServerConfigKeys (ConfUtils.java:logGet(43)) - raft.server.log.statemachine.data.sync.timeout = 10s (default)
2019-09-20 08:50:15,226 [pool-621-thread-1] INFO  server.RaftServerConfigKeys (ConfUtils.java:logGet(43)) - raft.server.log.statemachine.data.sync.timeout.retry = -1 (default)
2019-09-20 08:50:15,226 [pool-621-thread-1] INFO  server.RaftServerConfigKeys (ConfUtils.java:logGet(43)) - raft.server.log.statemachine.data.caching.enabled = true (custom)
2019-09-20 08:50:15,226 [pool-621-thread-1] INFO  segmented.SegmentedRaftLogWorker (SegmentedRaftLogWorker.java:lambda$new$0(132)) - aa1fb5c1-0c84-4e24-a27d-d801a3140cf1-SegmentedRaftLogWorker:Storage Directory /workdir/hadoop-ozone/ozonefs/target/test-dir/MiniOzoneClusterImpl-a4ae5ff1-2421-4ebd-91fb-13e93a5a3fba/datanode-1/data/ratis/b1681a86-bbcb-44ac-b97d-093cfbe433d4: flushIndex: setUnconditionally 0 -> -1
2019-09-20 08:50:15,226 [pool-621-thread-1] INFO  server.RaftServerConfigKeys (ConfUtils.java:logGet(43)) - raft.server.snapshot.auto.trigger.enabled = true (custom)
2019-09-20 08:50:15,227 [pool-621-thread-1] INFO  server.RaftServerConfigKeys (ConfUtils.java:logGet(43)) - raft.server.snapshot.auto.trigger.threshold = 10000 (custom)
2019-09-20 08:50:15,227 [pool-621-thread-1] INFO  server.RaftServerConfigKeys (ConfUtils.java:logGet(43)) - raft.server.retrycache.expirytime = 600000ms (custom)
2019-09-20 08:50:15,227 [pool-621-thread-1] INFO  impl.RaftServerImpl (RaftServerImpl.java:start(180)) - aa1fb5c1-0c84-4e24-a27d-d801a3140cf1: start group-093CFBE433D4
2019-09-20 08:50:15,227 [pool-621-thread-1] INFO  impl.RaftServerImpl (RaftServerImpl.java:setRole(171)) - aa1fb5c1-0c84-4e24-a27d-d801a3140cf1:group-093CFBE433D4 changes role from null to FOLLOWER at term 0 for startAsFollower
2019-09-20 08:50:15,227 [pool-621-thread-1] INFO  impl.RoleInfo (RoleInfo.java:updateAndGet(143)) - aa1fb5c1-0c84-4e24-a27d-d801a3140cf1: start FollowerState
2019-09-20 08:50:15,228 [pool-621-thread-1] INFO  util.JmxRegister (JmxRegister.java:tryRegister(44)) - Successfully registered JMX Bean with object name Ratis:service=RaftServer,group=group-093CFBE433D4,id=aa1fb5c1-0c84-4e24-a27d-d801a3140cf1
2019-09-20 08:50:15,231 [RatisPipelineUtilsThread] INFO  pipeline.PipelineStateManager (PipelineStateManager.java:addPipeline(56)) - Created pipeline Pipeline[ Id: b1681a86-bbcb-44ac-b97d-093cfbe433d4, Nodes: aa1fb5c1-0c84-4e24-a27d-d801a3140cf1{ip: 192.168.36.79, host: pr-hdds-1569-s8kj2-2266485376, networkLocation: /default-rack, certSerialId: null}, Type:RATIS, Factor:ONE, State:OPEN]
2019-09-20 08:50:15,231 [RatisPipelineUtilsThread] INFO  pipeline.PipelinePlacementPolicy (PipelinePlacementPolicy.java:meetCriteria(91)) - Pipeline Placement: Doesn't meet the criteria to be viable node： 847f5ce1-146d-4bef-b8c6-e5ef7108e27b Heaviness: 6 limit: 5
2019-09-20 08:50:15,236 [grpc-default-executor-0] INFO  impl.RaftServerProxy (RaftServerProxy.java:addNew(89)) - aa1fb5c1-0c84-4e24-a27d-d801a3140cf1: addNew group-81B2A7D77C6D:[aa1fb5c1-0c84-4e24-a27d-d801a3140cf1:192.168.36.79:41886] returns group-81B2A7D77C6D:java.util.concurrent.CompletableFuture@5589ca68[Not completed]
2019-09-20 08:50:15,237 [pool-621-thread-1] INFO  impl.RaftServerImpl (RaftServerImpl.java:<init>(93)) - aa1fb5c1-0c84-4e24-a27d-d801a3140cf1: new RaftServerImpl for group-81B2A7D77C6D:[aa1fb5c1-0c84-4e24-a27d-d801a3140cf1:192.168.36.79:41886] with ContainerStateMachine:uninitialized
2019-09-20 08:50:15,237 [pool-621-thread-1] INFO  server.RaftServerConfigKeys (ConfUtils.java:logGet(43)) - raft.server.rpc.timeout.min = 5s (custom)
2019-09-20 08:50:15,237 [pool-621-thread-1] INFO  server.RaftServerConfigKeys (ConfUtils.java:logGet(43)) - raft.server.rpc.timeout.max = 5200ms (custom)
2019-09-20 08:50:15,237 [pool-621-thread-1] INFO  server.RaftServerConfigKeys (ConfUtils.java:logGet(43)) - raft.server.rpcslowness.timeout = 120s (custom)
2019-09-20 08:50:15,237 [pool-621-thread-1] INFO  server.RaftServerConfigKeys (ConfUtils.java:logGet(43)) - raft.server.sleep.deviation.threshold = 300 (default)
2019-09-20 08:50:15,238 [pool-621-thread-1] INFO  server.RaftServerConfigKeys (ConfUtils.java:logGet(43)) - raft.server.log.appender.install.snapshot.enabled = false (custom)
2019-09-20 08:50:15,238 [pool-621-thread-1] INFO  impl.RaftServerImpl (ServerState.java:<init>(105)) - aa1fb5c1-0c84-4e24-a27d-d801a3140cf1:group-81B2A7D77C6D ConfigurationManager, init=-1: [aa1fb5c1-0c84-4e24-a27d-d801a3140cf1:192.168.36.79:41886], old=null, confs=<EMPTY_MAP>
2019-09-20 08:50:15,238 [pool-621-thread-1] INFO  server.RaftServerConfigKeys (ConfUtils.java:logGet(43)) - raft.server.storage.dir = [/workdir/hadoop-ozone/ozonefs/target/test-dir/MiniOzoneClusterImpl-a4ae5ff1-2421-4ebd-91fb-13e93a5a3fba/datanode-1/data/ratis] (custom)
2019-09-20 08:50:15,238 [pool-621-thread-1] INFO  storage.RaftStorageDirectory (RaftStorageDirectory.java:analyzeStorage(246)) - The storage directory /workdir/hadoop-ozone/ozonefs/target/test-dir/MiniOzoneClusterImpl-a4ae5ff1-2421-4ebd-91fb-13e93a5a3fba/datanode-1/data/ratis/e6db0791-a912-403f-8ace-81b2a7d77c6d does not exist. Creating ...
2019-09-20 08:50:15,290 [pool-621-thread-1] INFO  storage.RaftStorageDirectory (RaftStorageDirectory.java:tryLock(328)) - Lock on /workdir/hadoop-ozone/ozonefs/target/test-dir/MiniOzoneClusterImpl-a4ae5ff1-2421-4ebd-91fb-13e93a5a3fba/datanode-1/data/ratis/e6db0791-a912-403f-8ace-81b2a7d77c6d/in_use.lock acquired by nodename 9421@pr-hdds-1569-s8kj2-2266485376
2019-09-20 08:50:15,332 [pool-621-thread-1] INFO  storage.RaftStorage (RaftStorage.java:format(72)) - Storage directory /workdir/hadoop-ozone/ozonefs/target/test-dir/MiniOzoneClusterImpl-a4ae5ff1-2421-4ebd-91fb-13e93a5a3fba/datanode-1/data/ratis/e6db0791-a912-403f-8ace-81b2a7d77c6d has been successfully formatted.
2019-09-20 08:50:15,332 [pool-621-thread-1] INFO  ratis.ContainerStateMachine (ContainerStateMachine.java:loadSnapshot(226)) - group-81B2A7D77C6D: The snapshot info is null. Setting the last applied indexto:(t:0, i:~)
2019-09-20 08:50:15,332 [pool-621-thread-1] INFO  server.RaftServerConfigKeys (ConfUtils.java:logGet(43)) - raft.server.leader.election.timeout = 120s (custom)
2019-09-20 08:50:15,333 [pool-621-thread-1] INFO  server.RaftServerConfigKeys (ConfUtils.java:logGet(43)) - raft.server.log.use.memory = false (default)
2019-09-20 08:50:15,333 [pool-621-thread-1] INFO  server.RaftServerConfigKeys (ConfUtils.java:logGet(43)) - raft.server.log.purge.gap = 1000000 (custom)
2019-09-20 08:50:15,333 [pool-621-thread-1] INFO  server.RaftServerConfigKeys (ConfUtils.java:logGet(43)) - raft.server.log.appender.buffer.byte-limit = 33554432 (custom)
2019-09-20 08:50:15,333 [pool-621-thread-1] INFO  server.RaftServerConfigKeys (ConfUtils.java:logGet(43)) - raft.server.log.segment.size.max = 1048576 (custom)
2019-09-20 08:50:15,333 [pool-621-thread-1] INFO  server.RaftServerConfigKeys (ConfUtils.java:logGet(43)) - raft.server.log.segment.cache.num.max = 2 (custom)
2019-09-20 08:50:15,334 [pool-621-thread-1] INFO  segmented.SegmentedRaftLogWorker (SegmentedRaftLogWorker.java:<init>(172)) - new aa1fb5c1-0c84-4e24-a27d-d801a3140cf1-SegmentedRaftLogWorker:Storage Directory /workdir/hadoop-ozone/ozonefs/target/test-dir/MiniOzoneClusterImpl-a4ae5ff1-2421-4ebd-91fb-13e93a5a3fba/datanode-1/data/ratis/e6db0791-a912-403f-8ace-81b2a7d77c6d for RaftStorage:Storage Directory /workdir/hadoop-ozone/ozonefs/target/test-dir/MiniOzoneClusterImpl-a4ae5ff1-2421-4ebd-91fb-13e93a5a3fba/datanode-1/data/ratis/e6db0791-a912-403f-8ace-81b2a7d77c6d
2019-09-20 08:50:15,334 [pool-621-thread-1] INFO  server.RaftServerConfigKeys (ConfUtils.java:logGet(43)) - raft.server.log.queue.byte-limit = 2147483647 (custom)
2019-09-20 08:50:15,334 [pool-621-thread-1] INFO  server.RaftServerConfigKeys (ConfUtils.java:logGet(43)) - raft.server.log.queue.element-limit = 1024 (custom)
2019-09-20 08:50:15,334 [pool-621-thread-1] INFO  server.RaftServerConfigKeys (ConfUtils.java:logGet(43)) - raft.server.log.segment.size.max = 1048576 (custom)
2019-09-20 08:50:15,334 [pool-621-thread-1] INFO  server.RaftServerConfigKeys (ConfUtils.java:logGet(43)) - raft.server.log.preallocated.size = 16384 (custom)
2019-09-20 08:50:15,335 [pool-621-thread-1] INFO  server.RaftServerConfigKeys (ConfUtils.java:logGet(43)) - raft.server.log.write.buffer.size = 33554432 (custom)
2019-09-20 08:50:15,335 [pool-621-thread-1] INFO  server.RaftServerConfigKeys (ConfUtils.java:logGet(43)) - raft.server.log.force.sync.num = 128 (default)
2019-09-20 08:50:15,335 [pool-621-thread-1] INFO  server.RaftServerConfigKeys (ConfUtils.java:logGet(43)) - raft.server.log.statemachine.data.sync = true (default)
2019-09-20 08:50:15,335 [pool-621-thread-1] INFO  server.RaftServerConfigKeys (ConfUtils.java:logGet(43)) - raft.server.log.statemachine.data.sync.timeout = 10s (default)
2019-09-20 08:50:15,335 [pool-621-thread-1] INFO  server.RaftServerConfigKeys (ConfUtils.java:logGet(43)) - raft.server.log.statemachine.data.sync.timeout.retry = -1 (default)
2019-09-20 08:50:15,336 [pool-621-thread-1] INFO  server.RaftServerConfigKeys (ConfUtils.java:logGet(43)) - raft.server.log.statemachine.data.caching.enabled = true (custom)
2019-09-20 08:50:15,336 [pool-621-thread-1] INFO  segmented.SegmentedRaftLogWorker (SegmentedRaftLogWorker.java:lambda$new$0(132)) - aa1fb5c1-0c84-4e24-a27d-d801a3140cf1-SegmentedRaftLogWorker:Storage Directory /workdir/hadoop-ozone/ozonefs/target/test-dir/MiniOzoneClusterImpl-a4ae5ff1-2421-4ebd-91fb-13e93a5a3fba/datanode-1/data/ratis/e6db0791-a912-403f-8ace-81b2a7d77c6d: flushIndex: setUnconditionally 0 -> -1
2019-09-20 08:50:15,336 [pool-621-thread-1] INFO  server.RaftServerConfigKeys (ConfUtils.java:logGet(43)) - raft.server.snapshot.auto.trigger.enabled = true (custom)
2019-09-20 08:50:15,336 [pool-621-thread-1] INFO  server.RaftServerConfigKeys (ConfUtils.java:logGet(43)) - raft.server.snapshot.auto.trigger.threshold = 10000 (custom)
2019-09-20 08:50:15,337 [pool-621-thread-1] INFO  server.RaftServerConfigKeys (ConfUtils.java:logGet(43)) - raft.server.retrycache.expirytime = 600000ms (custom)
2019-09-20 08:50:15,337 [pool-621-thread-1] INFO  impl.RaftServerImpl (RaftServerImpl.java:start(180)) - aa1fb5c1-0c84-4e24-a27d-d801a3140cf1: start group-81B2A7D77C6D
2019-09-20 08:50:15,337 [pool-621-thread-1] INFO  impl.RaftServerImpl (RaftServerImpl.java:setRole(171)) - aa1fb5c1-0c84-4e24-a27d-d801a3140cf1:group-81B2A7D77C6D changes role from null to FOLLOWER at term 0 for startAsFollower
2019-09-20 08:50:15,337 [pool-621-thread-1] INFO  impl.RoleInfo (RoleInfo.java:updateAndGet(143)) - aa1fb5c1-0c84-4e24-a27d-d801a3140cf1: start FollowerState
2019-09-20 08:50:15,338 [pool-621-thread-1] INFO  util.JmxRegister (JmxRegister.java:tryRegister(44)) - Successfully registered JMX Bean with object name Ratis:service=RaftServer,group=group-81B2A7D77C6D,id=aa1fb5c1-0c84-4e24-a27d-d801a3140cf1
2019-09-20 08:50:15,341 [RatisPipelineUtilsThread] INFO  pipeline.PipelineStateManager (PipelineStateManager.java:addPipeline(56)) - Created pipeline Pipeline[ Id: e6db0791-a912-403f-8ace-81b2a7d77c6d, Nodes: aa1fb5c1-0c84-4e24-a27d-d801a3140cf1{ip: 192.168.36.79, host: pr-hdds-1569-s8kj2-2266485376, networkLocation: /default-rack, certSerialId: null}, Type:RATIS, Factor:ONE, State:OPEN]
2019-09-20 08:50:15,341 [RatisPipelineUtilsThread] INFO  pipeline.PipelinePlacementPolicy (PipelinePlacementPolicy.java:meetCriteria(91)) - Pipeline Placement: Doesn't meet the criteria to be viable node： 847f5ce1-146d-4bef-b8c6-e5ef7108e27b Heaviness: 6 limit: 5
2019-09-20 08:50:15,341 [RatisPipelineUtilsThread] INFO  pipeline.PipelinePlacementPolicy (PipelinePlacementPolicy.java:meetCriteria(91)) - Pipeline Placement: Doesn't meet the criteria to be viable node： aa1fb5c1-0c84-4e24-a27d-d801a3140cf1 Heaviness: 6 limit: 5
2019-09-20 08:50:15,346 [grpc-default-executor-0] INFO  impl.RaftServerProxy (RaftServerProxy.java:addNew(89)) - 878b45f2-8640-4699-86a6-c2f01c1e4571: addNew group-DA77AE4A63CA:[878b45f2-8640-4699-86a6-c2f01c1e4571:192.168.36.79:45232] returns group-DA77AE4A63CA:java.util.concurrent.CompletableFuture@1b895ac[Not completed]
2019-09-20 08:50:15,348 [pool-632-thread-1] INFO  impl.RaftServerImpl (RaftServerImpl.java:<init>(93)) - 878b45f2-8640-4699-86a6-c2f01c1e4571: new RaftServerImpl for group-DA77AE4A63CA:[878b45f2-8640-4699-86a6-c2f01c1e4571:192.168.36.79:45232] with ContainerStateMachine:uninitialized
2019-09-20 08:50:15,348 [pool-632-thread-1] INFO  server.RaftServerConfigKeys (ConfUtils.java:logGet(43)) - raft.server.rpc.timeout.min = 5s (custom)
2019-09-20 08:50:15,348 [pool-632-thread-1] INFO  server.RaftServerConfigKeys (ConfUtils.java:logGet(43)) - raft.server.rpc.timeout.max = 5200ms (custom)
2019-09-20 08:50:15,348 [pool-632-thread-1] INFO  server.RaftServerConfigKeys (ConfUtils.java:logGet(43)) - raft.server.rpcslowness.timeout = 120s (custom)
2019-09-20 08:50:15,349 [pool-632-thread-1] INFO  server.RaftServerConfigKeys (ConfUtils.java:logGet(43)) - raft.server.sleep.deviation.threshold = 300 (default)
2019-09-20 08:50:15,349 [pool-632-thread-1] INFO  server.RaftServerConfigKeys (ConfUtils.java:logGet(43)) - raft.server.log.appender.install.snapshot.enabled = false (custom)
2019-09-20 08:50:15,349 [pool-632-thread-1] INFO  impl.RaftServerImpl (ServerState.java:<init>(105)) - 878b45f2-8640-4699-86a6-c2f01c1e4571:group-DA77AE4A63CA ConfigurationManager, init=-1: [878b45f2-8640-4699-86a6-c2f01c1e4571:192.168.36.79:45232], old=null, confs=<EMPTY_MAP>
2019-09-20 08:50:15,349 [pool-632-thread-1] INFO  server.RaftServerConfigKeys (ConfUtils.java:logGet(43)) - raft.server.storage.dir = [/workdir/hadoop-ozone/ozonefs/target/test-dir/MiniOzoneClusterImpl-a4ae5ff1-2421-4ebd-91fb-13e93a5a3fba/datanode-2/data/ratis] (custom)
2019-09-20 08:50:15,350 [pool-632-thread-1] INFO  storage.RaftStorageDirectory (RaftStorageDirectory.java:analyzeStorage(246)) - The storage directory /workdir/hadoop-ozone/ozonefs/target/test-dir/MiniOzoneClusterImpl-a4ae5ff1-2421-4ebd-91fb-13e93a5a3fba/datanode-2/data/ratis/a96860ff-2475-4f54-b8f4-da77ae4a63ca does not exist. Creating ...
2019-09-20 08:50:15,374 [pool-632-thread-1] INFO  storage.RaftStorageDirectory (RaftStorageDirectory.java:tryLock(328)) - Lock on /workdir/hadoop-ozone/ozonefs/target/test-dir/MiniOzoneClusterImpl-a4ae5ff1-2421-4ebd-91fb-13e93a5a3fba/datanode-2/data/ratis/a96860ff-2475-4f54-b8f4-da77ae4a63ca/in_use.lock acquired by nodename 9421@pr-hdds-1569-s8kj2-2266485376
2019-09-20 08:50:15,399 [pool-632-thread-1] INFO  storage.RaftStorage (RaftStorage.java:format(72)) - Storage directory /workdir/hadoop-ozone/ozonefs/target/test-dir/MiniOzoneClusterImpl-a4ae5ff1-2421-4ebd-91fb-13e93a5a3fba/datanode-2/data/ratis/a96860ff-2475-4f54-b8f4-da77ae4a63ca has been successfully formatted.
2019-09-20 08:50:15,400 [pool-632-thread-1] INFO  ratis.ContainerStateMachine (ContainerStateMachine.java:loadSnapshot(226)) - group-DA77AE4A63CA: The snapshot info is null. Setting the last applied indexto:(t:0, i:~)
2019-09-20 08:50:15,400 [pool-632-thread-1] INFO  server.RaftServerConfigKeys (ConfUtils.java:logGet(43)) - raft.server.leader.election.timeout = 120s (custom)
2019-09-20 08:50:15,400 [pool-632-thread-1] INFO  server.RaftServerConfigKeys (ConfUtils.java:logGet(43)) - raft.server.log.use.memory = false (default)
2019-09-20 08:50:15,400 [pool-632-thread-1] INFO  server.RaftServerConfigKeys (ConfUtils.java:logGet(43)) - raft.server.log.purge.gap = 1000000 (custom)
2019-09-20 08:50:15,400 [pool-632-thread-1] INFO  server.RaftServerConfigKeys (ConfUtils.java:logGet(43)) - raft.server.log.appender.buffer.byte-limit = 33554432 (custom)
2019-09-20 08:50:15,400 [pool-632-thread-1] INFO  server.RaftServerConfigKeys (ConfUtils.java:logGet(43)) - raft.server.log.segment.size.max = 1048576 (custom)
2019-09-20 08:50:15,401 [pool-632-thread-1] INFO  server.RaftServerConfigKeys (ConfUtils.java:logGet(43)) - raft.server.log.segment.cache.num.max = 2 (custom)
2019-09-20 08:50:15,401 [pool-632-thread-1] INFO  segmented.SegmentedRaftLogWorker (SegmentedRaftLogWorker.java:<init>(172)) - new 878b45f2-8640-4699-86a6-c2f01c1e4571-SegmentedRaftLogWorker:Storage Directory /workdir/hadoop-ozone/ozonefs/target/test-dir/MiniOzoneClusterImpl-a4ae5ff1-2421-4ebd-91fb-13e93a5a3fba/datanode-2/data/ratis/a96860ff-2475-4f54-b8f4-da77ae4a63ca for RaftStorage:Storage Directory /workdir/hadoop-ozone/ozonefs/target/test-dir/MiniOzoneClusterImpl-a4ae5ff1-2421-4ebd-91fb-13e93a5a3fba/datanode-2/data/ratis/a96860ff-2475-4f54-b8f4-da77ae4a63ca
2019-09-20 08:50:15,401 [pool-632-thread-1] INFO  server.RaftServerConfigKeys (ConfUtils.java:logGet(43)) - raft.server.log.queue.byte-limit = 2147483647 (custom)
2019-09-20 08:50:15,401 [pool-632-thread-1] INFO  server.RaftServerConfigKeys (ConfUtils.java:logGet(43)) - raft.server.log.queue.element-limit = 1024 (custom)
2019-09-20 08:50:15,401 [pool-632-thread-1] INFO  server.RaftServerConfigKeys (ConfUtils.java:logGet(43)) - raft.server.log.segment.size.max = 1048576 (custom)
2019-09-20 08:50:15,401 [pool-632-thread-1] INFO  server.RaftServerConfigKeys (ConfUtils.java:logGet(43)) - raft.server.log.preallocated.size = 16384 (custom)
2019-09-20 08:50:15,401 [pool-632-thread-1] INFO  server.RaftServerConfigKeys (ConfUtils.java:logGet(43)) - raft.server.log.write.buffer.size = 33554432 (custom)
2019-09-20 08:50:15,402 [pool-632-thread-1] INFO  server.RaftServerConfigKeys (ConfUtils.java:logGet(43)) - raft.server.log.force.sync.num = 128 (default)
2019-09-20 08:50:15,402 [pool-632-thread-1] INFO  server.RaftServerConfigKeys (ConfUtils.java:logGet(43)) - raft.server.log.statemachine.data.sync = true (default)
2019-09-20 08:50:15,402 [pool-632-thread-1] INFO  server.RaftServerConfigKeys (ConfUtils.java:logGet(43)) - raft.server.log.statemachine.data.sync.timeout = 10s (default)
2019-09-20 08:50:15,402 [pool-632-thread-1] INFO  server.RaftServerConfigKeys (ConfUtils.java:logGet(43)) - raft.server.log.statemachine.data.sync.timeout.retry = -1 (default)
2019-09-20 08:50:15,402 [pool-632-thread-1] INFO  server.RaftServerConfigKeys (ConfUtils.java:logGet(43)) - raft.server.log.statemachine.data.caching.enabled = true (custom)
2019-09-20 08:50:15,402 [pool-632-thread-1] INFO  segmented.SegmentedRaftLogWorker (SegmentedRaftLogWorker.java:lambda$new$0(132)) - 878b45f2-8640-4699-86a6-c2f01c1e4571-SegmentedRaftLogWorker:Storage Directory /workdir/hadoop-ozone/ozonefs/target/test-dir/MiniOzoneClusterImpl-a4ae5ff1-2421-4ebd-91fb-13e93a5a3fba/datanode-2/data/ratis/a96860ff-2475-4f54-b8f4-da77ae4a63ca: flushIndex: setUnconditionally 0 -> -1
2019-09-20 08:50:15,403 [pool-632-thread-1] INFO  server.RaftServerConfigKeys (ConfUtils.java:logGet(43)) - raft.server.snapshot.auto.trigger.enabled = true (custom)
2019-09-20 08:50:15,403 [pool-632-thread-1] INFO  server.RaftServerConfigKeys (ConfUtils.java:logGet(43)) - raft.server.snapshot.auto.trigger.threshold = 10000 (custom)
2019-09-20 08:50:15,403 [pool-632-thread-1] INFO  server.RaftServerConfigKeys (ConfUtils.java:logGet(43)) - raft.server.retrycache.expirytime = 600000ms (custom)
2019-09-20 08:50:15,403 [pool-632-thread-1] INFO  impl.RaftServerImpl (RaftServerImpl.java:start(180)) - 878b45f2-8640-4699-86a6-c2f01c1e4571: start group-DA77AE4A63CA
2019-09-20 08:50:15,403 [pool-632-thread-1] INFO  impl.RaftServerImpl (RaftServerImpl.java:setRole(171)) - 878b45f2-8640-4699-86a6-c2f01c1e4571:group-DA77AE4A63CA changes role from null to FOLLOWER at term 0 for startAsFollower
2019-09-20 08:50:15,404 [pool-632-thread-1] INFO  impl.RoleInfo (RoleInfo.java:updateAndGet(143)) - 878b45f2-8640-4699-86a6-c2f01c1e4571: start FollowerState
2019-09-20 08:50:15,404 [pool-632-thread-1] INFO  util.JmxRegister (JmxRegister.java:tryRegister(44)) - Successfully registered JMX Bean with object name Ratis:service=RaftServer,group=group-DA77AE4A63CA,id=878b45f2-8640-4699-86a6-c2f01c1e4571
2019-09-20 08:50:15,407 [RatisPipelineUtilsThread] INFO  pipeline.PipelineStateManager (PipelineStateManager.java:addPipeline(56)) - Created pipeline Pipeline[ Id: a96860ff-2475-4f54-b8f4-da77ae4a63ca, Nodes: 878b45f2-8640-4699-86a6-c2f01c1e4571{ip: 192.168.36.79, host: pr-hdds-1569-s8kj2-2266485376, networkLocation: /default-rack, certSerialId: null}, Type:RATIS, Factor:ONE, State:OPEN]
2019-09-20 08:50:15,407 [RatisPipelineUtilsThread] INFO  pipeline.PipelinePlacementPolicy (PipelinePlacementPolicy.java:meetCriteria(91)) - Pipeline Placement: Doesn't meet the criteria to be viable node： 847f5ce1-146d-4bef-b8c6-e5ef7108e27b Heaviness: 6 limit: 5
2019-09-20 08:50:15,407 [RatisPipelineUtilsThread] INFO  pipeline.PipelinePlacementPolicy (PipelinePlacementPolicy.java:meetCriteria(91)) - Pipeline Placement: Doesn't meet the criteria to be viable node： aa1fb5c1-0c84-4e24-a27d-d801a3140cf1 Heaviness: 6 limit: 5
2019-09-20 08:50:15,412 [grpc-default-executor-0] INFO  impl.RaftServerProxy (RaftServerProxy.java:addNew(89)) - 878b45f2-8640-4699-86a6-c2f01c1e4571: addNew group-3893489482D6:[878b45f2-8640-4699-86a6-c2f01c1e4571:192.168.36.79:45232] returns group-3893489482D6:java.util.concurrent.CompletableFuture@12353242[Not completed]
2019-09-20 08:50:15,413 [pool-632-thread-1] INFO  impl.RaftServerImpl (RaftServerImpl.java:<init>(93)) - 878b45f2-8640-4699-86a6-c2f01c1e4571: new RaftServerImpl for group-3893489482D6:[878b45f2-8640-4699-86a6-c2f01c1e4571:192.168.36.79:45232] with ContainerStateMachine:uninitialized
2019-09-20 08:50:15,413 [pool-632-thread-1] INFO  server.RaftServerConfigKeys (ConfUtils.java:logGet(43)) - raft.server.rpc.timeout.min = 5s (custom)
2019-09-20 08:50:15,413 [pool-632-thread-1] INFO  server.RaftServerConfigKeys (ConfUtils.java:logGet(43)) - raft.server.rpc.timeout.max = 5200ms (custom)
2019-09-20 08:50:15,413 [pool-632-thread-1] INFO  server.RaftServerConfigKeys (ConfUtils.java:logGet(43)) - raft.server.rpcslowness.timeout = 120s (custom)
2019-09-20 08:50:15,413 [pool-632-thread-1] INFO  server.RaftServerConfigKeys (ConfUtils.java:logGet(43)) - raft.server.sleep.deviation.threshold = 300 (default)
2019-09-20 08:50:15,413 [pool-632-thread-1] INFO  server.RaftServerConfigKeys (ConfUtils.java:logGet(43)) - raft.server.log.appender.install.snapshot.enabled = false (custom)
2019-09-20 08:50:15,414 [pool-632-thread-1] INFO  impl.RaftServerImpl (ServerState.java:<init>(105)) - 878b45f2-8640-4699-86a6-c2f01c1e4571:group-3893489482D6 ConfigurationManager, init=-1: [878b45f2-8640-4699-86a6-c2f01c1e4571:192.168.36.79:45232], old=null, confs=<EMPTY_MAP>
2019-09-20 08:50:15,414 [pool-632-thread-1] INFO  server.RaftServerConfigKeys (ConfUtils.java:logGet(43)) - raft.server.storage.dir = [/workdir/hadoop-ozone/ozonefs/target/test-dir/MiniOzoneClusterImpl-a4ae5ff1-2421-4ebd-91fb-13e93a5a3fba/datanode-2/data/ratis] (custom)
2019-09-20 08:50:15,414 [pool-632-thread-1] INFO  storage.RaftStorageDirectory (RaftStorageDirectory.java:analyzeStorage(246)) - The storage directory /workdir/hadoop-ozone/ozonefs/target/test-dir/MiniOzoneClusterImpl-a4ae5ff1-2421-4ebd-91fb-13e93a5a3fba/datanode-2/data/ratis/e437afd4-f87d-4404-83a6-3893489482d6 does not exist. Creating ...
2019-09-20 08:50:15,441 [pool-632-thread-1] INFO  storage.RaftStorageDirectory (RaftStorageDirectory.java:tryLock(328)) - Lock on /workdir/hadoop-ozone/ozonefs/target/test-dir/MiniOzoneClusterImpl-a4ae5ff1-2421-4ebd-91fb-13e93a5a3fba/datanode-2/data/ratis/e437afd4-f87d-4404-83a6-3893489482d6/in_use.lock acquired by nodename 9421@pr-hdds-1569-s8kj2-2266485376
2019-09-20 08:50:15,467 [pool-632-thread-1] INFO  storage.RaftStorage (RaftStorage.java:format(72)) - Storage directory /workdir/hadoop-ozone/ozonefs/target/test-dir/MiniOzoneClusterImpl-a4ae5ff1-2421-4ebd-91fb-13e93a5a3fba/datanode-2/data/ratis/e437afd4-f87d-4404-83a6-3893489482d6 has been successfully formatted.
2019-09-20 08:50:15,467 [pool-632-thread-1] INFO  ratis.ContainerStateMachine (ContainerStateMachine.java:loadSnapshot(226)) - group-3893489482D6: The snapshot info is null. Setting the last applied indexto:(t:0, i:~)
2019-09-20 08:50:15,467 [pool-632-thread-1] INFO  server.RaftServerConfigKeys (ConfUtils.java:logGet(43)) - raft.server.leader.election.timeout = 120s (custom)
2019-09-20 08:50:15,467 [pool-632-thread-1] INFO  server.RaftServerConfigKeys (ConfUtils.java:logGet(43)) - raft.server.log.use.memory = false (default)
2019-09-20 08:50:15,468 [pool-632-thread-1] INFO  server.RaftServerConfigKeys (ConfUtils.java:logGet(43)) - raft.server.log.purge.gap = 1000000 (custom)
2019-09-20 08:50:15,468 [pool-632-thread-1] INFO  server.RaftServerConfigKeys (ConfUtils.java:logGet(43)) - raft.server.log.appender.buffer.byte-limit = 33554432 (custom)
2019-09-20 08:50:15,468 [pool-632-thread-1] INFO  server.RaftServerConfigKeys (ConfUtils.java:logGet(43)) - raft.server.log.segment.size.max = 1048576 (custom)
2019-09-20 08:50:15,468 [pool-632-thread-1] INFO  server.RaftServerConfigKeys (ConfUtils.java:logGet(43)) - raft.server.log.segment.cache.num.max = 2 (custom)
2019-09-20 08:50:15,468 [pool-632-thread-1] INFO  segmented.SegmentedRaftLogWorker (SegmentedRaftLogWorker.java:<init>(172)) - new 878b45f2-8640-4699-86a6-c2f01c1e4571-SegmentedRaftLogWorker:Storage Directory /workdir/hadoop-ozone/ozonefs/target/test-dir/MiniOzoneClusterImpl-a4ae5ff1-2421-4ebd-91fb-13e93a5a3fba/datanode-2/data/ratis/e437afd4-f87d-4404-83a6-3893489482d6 for RaftStorage:Storage Directory /workdir/hadoop-ozone/ozonefs/target/test-dir/MiniOzoneClusterImpl-a4ae5ff1-2421-4ebd-91fb-13e93a5a3fba/datanode-2/data/ratis/e437afd4-f87d-4404-83a6-3893489482d6
2019-09-20 08:50:15,468 [pool-632-thread-1] INFO  server.RaftServerConfigKeys (ConfUtils.java:logGet(43)) - raft.server.log.queue.byte-limit = 2147483647 (custom)
2019-09-20 08:50:15,469 [pool-632-thread-1] INFO  server.RaftServerConfigKeys (ConfUtils.java:logGet(43)) - raft.server.log.queue.element-limit = 1024 (custom)
2019-09-20 08:50:15,469 [pool-632-thread-1] INFO  server.RaftServerConfigKeys (ConfUtils.java:logGet(43)) - raft.server.log.segment.size.max = 1048576 (custom)
2019-09-20 08:50:15,469 [pool-632-thread-1] INFO  server.RaftServerConfigKeys (ConfUtils.java:logGet(43)) - raft.server.log.preallocated.size = 16384 (custom)
2019-09-20 08:50:15,469 [pool-632-thread-1] INFO  server.RaftServerConfigKeys (ConfUtils.java:logGet(43)) - raft.server.log.write.buffer.size = 33554432 (custom)
2019-09-20 08:50:15,469 [pool-632-thread-1] INFO  server.RaftServerConfigKeys (ConfUtils.java:logGet(43)) - raft.server.log.force.sync.num = 128 (default)
2019-09-20 08:50:15,469 [pool-632-thread-1] INFO  server.RaftServerConfigKeys (ConfUtils.java:logGet(43)) - raft.server.log.statemachine.data.sync = true (default)
2019-09-20 08:50:15,469 [pool-632-thread-1] INFO  server.RaftServerConfigKeys (ConfUtils.java:logGet(43)) - raft.server.log.statemachine.data.sync.timeout = 10s (default)
2019-09-20 08:50:15,470 [pool-632-thread-1] INFO  server.RaftServerConfigKeys (ConfUtils.java:logGet(43)) - raft.server.log.statemachine.data.sync.timeout.retry = -1 (default)
2019-09-20 08:50:15,470 [pool-632-thread-1] INFO  server.RaftServerConfigKeys (ConfUtils.java:logGet(43)) - raft.server.log.statemachine.data.caching.enabled = true (custom)
2019-09-20 08:50:15,470 [pool-632-thread-1] INFO  segmented.SegmentedRaftLogWorker (SegmentedRaftLogWorker.java:lambda$new$0(132)) - 878b45f2-8640-4699-86a6-c2f01c1e4571-SegmentedRaftLogWorker:Storage Directory /workdir/hadoop-ozone/ozonefs/target/test-dir/MiniOzoneClusterImpl-a4ae5ff1-2421-4ebd-91fb-13e93a5a3fba/datanode-2/data/ratis/e437afd4-f87d-4404-83a6-3893489482d6: flushIndex: setUnconditionally 0 -> -1
2019-09-20 08:50:15,470 [pool-632-thread-1] INFO  server.RaftServerConfigKeys (ConfUtils.java:logGet(43)) - raft.server.snapshot.auto.trigger.enabled = true (custom)
2019-09-20 08:50:15,471 [pool-632-thread-1] INFO  server.RaftServerConfigKeys (ConfUtils.java:logGet(43)) - raft.server.snapshot.auto.trigger.threshold = 10000 (custom)
2019-09-20 08:50:15,471 [pool-632-thread-1] INFO  server.RaftServerConfigKeys (ConfUtils.java:logGet(43)) - raft.server.retrycache.expirytime = 600000ms (custom)
2019-09-20 08:50:15,471 [pool-632-thread-1] INFO  impl.RaftServerImpl (RaftServerImpl.java:start(180)) - 878b45f2-8640-4699-86a6-c2f01c1e4571: start group-3893489482D6
2019-09-20 08:50:15,471 [pool-632-thread-1] INFO  impl.RaftServerImpl (RaftServerImpl.java:setRole(171)) - 878b45f2-8640-4699-86a6-c2f01c1e4571:group-3893489482D6 changes role from null to FOLLOWER at term 0 for startAsFollower
2019-09-20 08:50:15,471 [pool-632-thread-1] INFO  impl.RoleInfo (RoleInfo.java:updateAndGet(143)) - 878b45f2-8640-4699-86a6-c2f01c1e4571: start FollowerState
2019-09-20 08:50:15,472 [pool-632-thread-1] INFO  util.JmxRegister (JmxRegister.java:tryRegister(44)) - Successfully registered JMX Bean with object name Ratis:service=RaftServer,group=group-3893489482D6,id=878b45f2-8640-4699-86a6-c2f01c1e4571
2019-09-20 08:50:15,474 [RatisPipelineUtilsThread] INFO  pipeline.PipelineStateManager (PipelineStateManager.java:addPipeline(56)) - Created pipeline Pipeline[ Id: e437afd4-f87d-4404-83a6-3893489482d6, Nodes: 878b45f2-8640-4699-86a6-c2f01c1e4571{ip: 192.168.36.79, host: pr-hdds-1569-s8kj2-2266485376, networkLocation: /default-rack, certSerialId: null}, Type:RATIS, Factor:ONE, State:OPEN]
2019-09-20 08:50:15,474 [RatisPipelineUtilsThread] INFO  pipeline.PipelinePlacementPolicy (PipelinePlacementPolicy.java:meetCriteria(91)) - Pipeline Placement: Doesn't meet the criteria to be viable node： 847f5ce1-146d-4bef-b8c6-e5ef7108e27b Heaviness: 6 limit: 5
2019-09-20 08:50:15,475 [RatisPipelineUtilsThread] INFO  pipeline.PipelinePlacementPolicy (PipelinePlacementPolicy.java:meetCriteria(91)) - Pipeline Placement: Doesn't meet the criteria to be viable node： aa1fb5c1-0c84-4e24-a27d-d801a3140cf1 Heaviness: 6 limit: 5
2019-09-20 08:50:15,480 [grpc-default-executor-0] INFO  impl.RaftServerProxy (RaftServerProxy.java:addNew(89)) - 878b45f2-8640-4699-86a6-c2f01c1e4571: addNew group-CC19F6E11AAB:[878b45f2-8640-4699-86a6-c2f01c1e4571:192.168.36.79:45232] returns group-CC19F6E11AAB:java.util.concurrent.CompletableFuture@71937a70[Not completed]
2019-09-20 08:50:15,481 [pool-632-thread-1] INFO  impl.RaftServerImpl (RaftServerImpl.java:<init>(93)) - 878b45f2-8640-4699-86a6-c2f01c1e4571: new RaftServerImpl for group-CC19F6E11AAB:[878b45f2-8640-4699-86a6-c2f01c1e4571:192.168.36.79:45232] with ContainerStateMachine:uninitialized
2019-09-20 08:50:15,481 [pool-632-thread-1] INFO  server.RaftServerConfigKeys (ConfUtils.java:logGet(43)) - raft.server.rpc.timeout.min = 5s (custom)
2019-09-20 08:50:15,481 [pool-632-thread-1] INFO  server.RaftServerConfigKeys (ConfUtils.java:logGet(43)) - raft.server.rpc.timeout.max = 5200ms (custom)
2019-09-20 08:50:15,481 [pool-632-thread-1] INFO  server.RaftServerConfigKeys (ConfUtils.java:logGet(43)) - raft.server.rpcslowness.timeout = 120s (custom)
2019-09-20 08:50:15,482 [pool-632-thread-1] INFO  server.RaftServerConfigKeys (ConfUtils.java:logGet(43)) - raft.server.sleep.deviation.threshold = 300 (default)
2019-09-20 08:50:15,482 [pool-632-thread-1] INFO  server.RaftServerConfigKeys (ConfUtils.java:logGet(43)) - raft.server.log.appender.install.snapshot.enabled = false (custom)
2019-09-20 08:50:15,482 [pool-632-thread-1] INFO  impl.RaftServerImpl (ServerState.java:<init>(105)) - 878b45f2-8640-4699-86a6-c2f01c1e4571:group-CC19F6E11AAB ConfigurationManager, init=-1: [878b45f2-8640-4699-86a6-c2f01c1e4571:192.168.36.79:45232], old=null, confs=<EMPTY_MAP>
2019-09-20 08:50:15,482 [pool-632-thread-1] INFO  server.RaftServerConfigKeys (ConfUtils.java:logGet(43)) - raft.server.storage.dir = [/workdir/hadoop-ozone/ozonefs/target/test-dir/MiniOzoneClusterImpl-a4ae5ff1-2421-4ebd-91fb-13e93a5a3fba/datanode-2/data/ratis] (custom)
2019-09-20 08:50:15,483 [pool-632-thread-1] INFO  storage.RaftStorageDirectory (RaftStorageDirectory.java:analyzeStorage(246)) - The storage directory /workdir/hadoop-ozone/ozonefs/target/test-dir/MiniOzoneClusterImpl-a4ae5ff1-2421-4ebd-91fb-13e93a5a3fba/datanode-2/data/ratis/d1e6b78c-4c64-4b46-b4b1-cc19f6e11aab does not exist. Creating ...
2019-09-20 08:50:15,509 [pool-632-thread-1] INFO  storage.RaftStorageDirectory (RaftStorageDirectory.java:tryLock(328)) - Lock on /workdir/hadoop-ozone/ozonefs/target/test-dir/MiniOzoneClusterImpl-a4ae5ff1-2421-4ebd-91fb-13e93a5a3fba/datanode-2/data/ratis/d1e6b78c-4c64-4b46-b4b1-cc19f6e11aab/in_use.lock acquired by nodename 9421@pr-hdds-1569-s8kj2-2266485376
2019-09-20 08:50:15,542 [pool-632-thread-1] INFO  storage.RaftStorage (RaftStorage.java:format(72)) - Storage directory /workdir/hadoop-ozone/ozonefs/target/test-dir/MiniOzoneClusterImpl-a4ae5ff1-2421-4ebd-91fb-13e93a5a3fba/datanode-2/data/ratis/d1e6b78c-4c64-4b46-b4b1-cc19f6e11aab has been successfully formatted.
2019-09-20 08:50:15,543 [pool-632-thread-1] INFO  ratis.ContainerStateMachine (ContainerStateMachine.java:loadSnapshot(226)) - group-CC19F6E11AAB: The snapshot info is null. Setting the last applied indexto:(t:0, i:~)
2019-09-20 08:50:15,543 [pool-632-thread-1] INFO  server.RaftServerConfigKeys (ConfUtils.java:logGet(43)) - raft.server.leader.election.timeout = 120s (custom)
2019-09-20 08:50:15,543 [pool-632-thread-1] INFO  server.RaftServerConfigKeys (ConfUtils.java:logGet(43)) - raft.server.log.use.memory = false (default)
2019-09-20 08:50:15,543 [pool-632-thread-1] INFO  server.RaftServerConfigKeys (ConfUtils.java:logGet(43)) - raft.server.log.purge.gap = 1000000 (custom)
2019-09-20 08:50:15,543 [pool-632-thread-1] INFO  server.RaftServerConfigKeys (ConfUtils.java:logGet(43)) - raft.server.log.appender.buffer.byte-limit = 33554432 (custom)
2019-09-20 08:50:15,544 [pool-632-thread-1] INFO  server.RaftServerConfigKeys (ConfUtils.java:logGet(43)) - raft.server.log.segment.size.max = 1048576 (custom)
2019-09-20 08:50:15,544 [pool-632-thread-1] INFO  server.RaftServerConfigKeys (ConfUtils.java:logGet(43)) - raft.server.log.segment.cache.num.max = 2 (custom)
2019-09-20 08:50:15,544 [pool-632-thread-1] INFO  segmented.SegmentedRaftLogWorker (SegmentedRaftLogWorker.java:<init>(172)) - new 878b45f2-8640-4699-86a6-c2f01c1e4571-SegmentedRaftLogWorker:Storage Directory /workdir/hadoop-ozone/ozonefs/target/test-dir/MiniOzoneClusterImpl-a4ae5ff1-2421-4ebd-91fb-13e93a5a3fba/datanode-2/data/ratis/d1e6b78c-4c64-4b46-b4b1-cc19f6e11aab for RaftStorage:Storage Directory /workdir/hadoop-ozone/ozonefs/target/test-dir/MiniOzoneClusterImpl-a4ae5ff1-2421-4ebd-91fb-13e93a5a3fba/datanode-2/data/ratis/d1e6b78c-4c64-4b46-b4b1-cc19f6e11aab
2019-09-20 08:50:15,544 [pool-632-thread-1] INFO  server.RaftServerConfigKeys (ConfUtils.java:logGet(43)) - raft.server.log.queue.byte-limit = 2147483647 (custom)
2019-09-20 08:50:15,544 [pool-632-thread-1] INFO  server.RaftServerConfigKeys (ConfUtils.java:logGet(43)) - raft.server.log.queue.element-limit = 1024 (custom)
2019-09-20 08:50:15,544 [pool-632-thread-1] INFO  server.RaftServerConfigKeys (ConfUtils.java:logGet(43)) - raft.server.log.segment.size.max = 1048576 (custom)
2019-09-20 08:50:15,544 [pool-632-thread-1] INFO  server.RaftServerConfigKeys (ConfUtils.java:logGet(43)) - raft.server.log.preallocated.size = 16384 (custom)
2019-09-20 08:50:15,545 [pool-632-thread-1] INFO  server.RaftServerConfigKeys (ConfUtils.java:logGet(43)) - raft.server.log.write.buffer.size = 33554432 (custom)
2019-09-20 08:50:15,545 [pool-632-thread-1] INFO  server.RaftServerConfigKeys (ConfUtils.java:logGet(43)) - raft.server.log.force.sync.num = 128 (default)
2019-09-20 08:50:15,545 [pool-632-thread-1] INFO  server.RaftServerConfigKeys (ConfUtils.java:logGet(43)) - raft.server.log.statemachine.data.sync = true (default)
2019-09-20 08:50:15,545 [pool-632-thread-1] INFO  server.RaftServerConfigKeys (ConfUtils.java:logGet(43)) - raft.server.log.statemachine.data.sync.timeout = 10s (default)
2019-09-20 08:50:15,545 [pool-632-thread-1] INFO  server.RaftServerConfigKeys (ConfUtils.java:logGet(43)) - raft.server.log.statemachine.data.sync.timeout.retry = -1 (default)
2019-09-20 08:50:15,545 [pool-632-thread-1] INFO  server.RaftServerConfigKeys (ConfUtils.java:logGet(43)) - raft.server.log.statemachine.data.caching.enabled = true (custom)
2019-09-20 08:50:15,546 [pool-632-thread-1] INFO  segmented.SegmentedRaftLogWorker (SegmentedRaftLogWorker.java:lambda$new$0(132)) - 878b45f2-8640-4699-86a6-c2f01c1e4571-SegmentedRaftLogWorker:Storage Directory /workdir/hadoop-ozone/ozonefs/target/test-dir/MiniOzoneClusterImpl-a4ae5ff1-2421-4ebd-91fb-13e93a5a3fba/datanode-2/data/ratis/d1e6b78c-4c64-4b46-b4b1-cc19f6e11aab: flushIndex: setUnconditionally 0 -> -1
2019-09-20 08:50:15,546 [pool-632-thread-1] INFO  server.RaftServerConfigKeys (ConfUtils.java:logGet(43)) - raft.server.snapshot.auto.trigger.enabled = true (custom)
2019-09-20 08:50:15,546 [pool-632-thread-1] INFO  server.RaftServerConfigKeys (ConfUtils.java:logGet(43)) - raft.server.snapshot.auto.trigger.threshold = 10000 (custom)
2019-09-20 08:50:15,546 [pool-632-thread-1] INFO  server.RaftServerConfigKeys (ConfUtils.java:logGet(43)) - raft.server.retrycache.expirytime = 600000ms (custom)
2019-09-20 08:50:15,547 [pool-632-thread-1] INFO  impl.RaftServerImpl (RaftServerImpl.java:start(180)) - 878b45f2-8640-4699-86a6-c2f01c1e4571: start group-CC19F6E11AAB
2019-09-20 08:50:15,547 [pool-632-thread-1] INFO  impl.RaftServerImpl (RaftServerImpl.java:setRole(171)) - 878b45f2-8640-4699-86a6-c2f01c1e4571:group-CC19F6E11AAB changes role from null to FOLLOWER at term 0 for startAsFollower
2019-09-20 08:50:15,547 [pool-632-thread-1] INFO  impl.RoleInfo (RoleInfo.java:updateAndGet(143)) - 878b45f2-8640-4699-86a6-c2f01c1e4571: start FollowerState
2019-09-20 08:50:15,547 [pool-632-thread-1] INFO  util.JmxRegister (JmxRegister.java:tryRegister(44)) - Successfully registered JMX Bean with object name Ratis:service=RaftServer,group=group-CC19F6E11AAB,id=878b45f2-8640-4699-86a6-c2f01c1e4571
2019-09-20 08:50:15,550 [RatisPipelineUtilsThread] INFO  pipeline.PipelineStateManager (PipelineStateManager.java:addPipeline(56)) - Created pipeline Pipeline[ Id: d1e6b78c-4c64-4b46-b4b1-cc19f6e11aab, Nodes: 878b45f2-8640-4699-86a6-c2f01c1e4571{ip: 192.168.36.79, host: pr-hdds-1569-s8kj2-2266485376, networkLocation: /default-rack, certSerialId: null}, Type:RATIS, Factor:ONE, State:OPEN]
2019-09-20 08:50:15,550 [RatisPipelineUtilsThread] INFO  pipeline.PipelinePlacementPolicy (PipelinePlacementPolicy.java:meetCriteria(91)) - Pipeline Placement: Doesn't meet the criteria to be viable node： 847f5ce1-146d-4bef-b8c6-e5ef7108e27b Heaviness: 6 limit: 5
2019-09-20 08:50:15,550 [RatisPipelineUtilsThread] INFO  pipeline.PipelinePlacementPolicy (PipelinePlacementPolicy.java:meetCriteria(91)) - Pipeline Placement: Doesn't meet the criteria to be viable node： aa1fb5c1-0c84-4e24-a27d-d801a3140cf1 Heaviness: 6 limit: 5
2019-09-20 08:50:15,556 [grpc-default-executor-0] INFO  impl.RaftServerProxy (RaftServerProxy.java:addNew(89)) - 878b45f2-8640-4699-86a6-c2f01c1e4571: addNew group-044A73119DDA:[878b45f2-8640-4699-86a6-c2f01c1e4571:192.168.36.79:45232] returns group-044A73119DDA:java.util.concurrent.CompletableFuture@604d1145[Not completed]
2019-09-20 08:50:15,556 [pool-632-thread-1] INFO  impl.RaftServerImpl (RaftServerImpl.java:<init>(93)) - 878b45f2-8640-4699-86a6-c2f01c1e4571: new RaftServerImpl for group-044A73119DDA:[878b45f2-8640-4699-86a6-c2f01c1e4571:192.168.36.79:45232] with ContainerStateMachine:uninitialized
2019-09-20 08:50:15,557 [pool-632-thread-1] INFO  server.RaftServerConfigKeys (ConfUtils.java:logGet(43)) - raft.server.rpc.timeout.min = 5s (custom)
2019-09-20 08:50:15,557 [pool-632-thread-1] INFO  server.RaftServerConfigKeys (ConfUtils.java:logGet(43)) - raft.server.rpc.timeout.max = 5200ms (custom)
2019-09-20 08:50:15,557 [pool-632-thread-1] INFO  server.RaftServerConfigKeys (ConfUtils.java:logGet(43)) - raft.server.rpcslowness.timeout = 120s (custom)
2019-09-20 08:50:15,557 [pool-632-thread-1] INFO  server.RaftServerConfigKeys (ConfUtils.java:logGet(43)) - raft.server.sleep.deviation.threshold = 300 (default)
2019-09-20 08:50:15,557 [pool-632-thread-1] INFO  server.RaftServerConfigKeys (ConfUtils.java:logGet(43)) - raft.server.log.appender.install.snapshot.enabled = false (custom)
2019-09-20 08:50:15,557 [pool-632-thread-1] INFO  impl.RaftServerImpl (ServerState.java:<init>(105)) - 878b45f2-8640-4699-86a6-c2f01c1e4571:group-044A73119DDA ConfigurationManager, init=-1: [878b45f2-8640-4699-86a6-c2f01c1e4571:192.168.36.79:45232], old=null, confs=<EMPTY_MAP>
2019-09-20 08:50:15,557 [pool-632-thread-1] INFO  server.RaftServerConfigKeys (ConfUtils.java:logGet(43)) - raft.server.storage.dir = [/workdir/hadoop-ozone/ozonefs/target/test-dir/MiniOzoneClusterImpl-a4ae5ff1-2421-4ebd-91fb-13e93a5a3fba/datanode-2/data/ratis] (custom)
2019-09-20 08:50:15,558 [pool-632-thread-1] INFO  storage.RaftStorageDirectory (RaftStorageDirectory.java:analyzeStorage(246)) - The storage directory /workdir/hadoop-ozone/ozonefs/target/test-dir/MiniOzoneClusterImpl-a4ae5ff1-2421-4ebd-91fb-13e93a5a3fba/datanode-2/data/ratis/7bf94420-d360-4339-9ddf-044a73119dda does not exist. Creating ...
2019-09-20 08:50:15,593 [pool-632-thread-1] INFO  storage.RaftStorageDirectory (RaftStorageDirectory.java:tryLock(328)) - Lock on /workdir/hadoop-ozone/ozonefs/target/test-dir/MiniOzoneClusterImpl-a4ae5ff1-2421-4ebd-91fb-13e93a5a3fba/datanode-2/data/ratis/7bf94420-d360-4339-9ddf-044a73119dda/in_use.lock acquired by nodename 9421@pr-hdds-1569-s8kj2-2266485376
2019-09-20 08:50:15,643 [pool-632-thread-1] INFO  storage.RaftStorage (RaftStorage.java:format(72)) - Storage directory /workdir/hadoop-ozone/ozonefs/target/test-dir/MiniOzoneClusterImpl-a4ae5ff1-2421-4ebd-91fb-13e93a5a3fba/datanode-2/data/ratis/7bf94420-d360-4339-9ddf-044a73119dda has been successfully formatted.
2019-09-20 08:50:15,644 [pool-632-thread-1] INFO  ratis.ContainerStateMachine (ContainerStateMachine.java:loadSnapshot(226)) - group-044A73119DDA: The snapshot info is null. Setting the last applied indexto:(t:0, i:~)
2019-09-20 08:50:15,644 [pool-632-thread-1] INFO  server.RaftServerConfigKeys (ConfUtils.java:logGet(43)) - raft.server.leader.election.timeout = 120s (custom)
2019-09-20 08:50:15,644 [pool-632-thread-1] INFO  server.RaftServerConfigKeys (ConfUtils.java:logGet(43)) - raft.server.log.use.memory = false (default)
2019-09-20 08:50:15,644 [pool-632-thread-1] INFO  server.RaftServerConfigKeys (ConfUtils.java:logGet(43)) - raft.server.log.purge.gap = 1000000 (custom)
2019-09-20 08:50:15,644 [pool-632-thread-1] INFO  server.RaftServerConfigKeys (ConfUtils.java:logGet(43)) - raft.server.log.appender.buffer.byte-limit = 33554432 (custom)
2019-09-20 08:50:15,645 [pool-632-thread-1] INFO  server.RaftServerConfigKeys (ConfUtils.java:logGet(43)) - raft.server.log.segment.size.max = 1048576 (custom)
2019-09-20 08:50:15,645 [pool-632-thread-1] INFO  server.RaftServerConfigKeys (ConfUtils.java:logGet(43)) - raft.server.log.segment.cache.num.max = 2 (custom)
2019-09-20 08:50:15,645 [pool-632-thread-1] INFO  segmented.SegmentedRaftLogWorker (SegmentedRaftLogWorker.java:<init>(172)) - new 878b45f2-8640-4699-86a6-c2f01c1e4571-SegmentedRaftLogWorker:Storage Directory /workdir/hadoop-ozone/ozonefs/target/test-dir/MiniOzoneClusterImpl-a4ae5ff1-2421-4ebd-91fb-13e93a5a3fba/datanode-2/data/ratis/7bf94420-d360-4339-9ddf-044a73119dda for RaftStorage:Storage Directory /workdir/hadoop-ozone/ozonefs/target/test-dir/MiniOzoneClusterImpl-a4ae5ff1-2421-4ebd-91fb-13e93a5a3fba/datanode-2/data/ratis/7bf94420-d360-4339-9ddf-044a73119dda
2019-09-20 08:50:15,645 [pool-632-thread-1] INFO  server.RaftServerConfigKeys (ConfUtils.java:logGet(43)) - raft.server.log.queue.byte-limit = 2147483647 (custom)
2019-09-20 08:50:15,645 [pool-632-thread-1] INFO  server.RaftServerConfigKeys (ConfUtils.java:logGet(43)) - raft.server.log.queue.element-limit = 1024 (custom)
2019-09-20 08:50:15,645 [pool-632-thread-1] INFO  server.RaftServerConfigKeys (ConfUtils.java:logGet(43)) - raft.server.log.segment.size.max = 1048576 (custom)
2019-09-20 08:50:15,646 [pool-632-thread-1] INFO  server.RaftServerConfigKeys (ConfUtils.java:logGet(43)) - raft.server.log.preallocated.size = 16384 (custom)
2019-09-20 08:50:15,646 [pool-632-thread-1] INFO  server.RaftServerConfigKeys (ConfUtils.java:logGet(43)) - raft.server.log.write.buffer.size = 33554432 (custom)
2019-09-20 08:50:15,646 [pool-632-thread-1] INFO  server.RaftServerConfigKeys (ConfUtils.java:logGet(43)) - raft.server.log.force.sync.num = 128 (default)
2019-09-20 08:50:15,646 [pool-632-thread-1] INFO  server.RaftServerConfigKeys (ConfUtils.java:logGet(43)) - raft.server.log.statemachine.data.sync = true (default)
2019-09-20 08:50:15,646 [pool-632-thread-1] INFO  server.RaftServerConfigKeys (ConfUtils.java:logGet(43)) - raft.server.log.statemachine.data.sync.timeout = 10s (default)
2019-09-20 08:50:15,646 [pool-632-thread-1] INFO  server.RaftServerConfigKeys (ConfUtils.java:logGet(43)) - raft.server.log.statemachine.data.sync.timeout.retry = -1 (default)
2019-09-20 08:50:15,647 [pool-632-thread-1] INFO  server.RaftServerConfigKeys (ConfUtils.java:logGet(43)) - raft.server.log.statemachine.data.caching.enabled = true (custom)
2019-09-20 08:50:15,647 [pool-632-thread-1] INFO  segmented.SegmentedRaftLogWorker (SegmentedRaftLogWorker.java:lambda$new$0(132)) - 878b45f2-8640-4699-86a6-c2f01c1e4571-SegmentedRaftLogWorker:Storage Directory /workdir/hadoop-ozone/ozonefs/target/test-dir/MiniOzoneClusterImpl-a4ae5ff1-2421-4ebd-91fb-13e93a5a3fba/datanode-2/data/ratis/7bf94420-d360-4339-9ddf-044a73119dda: flushIndex: setUnconditionally 0 -> -1
2019-09-20 08:50:15,647 [pool-632-thread-1] INFO  server.RaftServerConfigKeys (ConfUtils.java:logGet(43)) - raft.server.snapshot.auto.trigger.enabled = true (custom)
2019-09-20 08:50:15,647 [pool-632-thread-1] INFO  server.RaftServerConfigKeys (ConfUtils.java:logGet(43)) - raft.server.snapshot.auto.trigger.threshold = 10000 (custom)
2019-09-20 08:50:15,648 [pool-632-thread-1] INFO  server.RaftServerConfigKeys (ConfUtils.java:logGet(43)) - raft.server.retrycache.expirytime = 600000ms (custom)
2019-09-20 08:50:15,648 [pool-632-thread-1] INFO  impl.RaftServerImpl (RaftServerImpl.java:start(180)) - 878b45f2-8640-4699-86a6-c2f01c1e4571: start group-044A73119DDA
2019-09-20 08:50:15,648 [pool-632-thread-1] INFO  impl.RaftServerImpl (RaftServerImpl.java:setRole(171)) - 878b45f2-8640-4699-86a6-c2f01c1e4571:group-044A73119DDA changes role from null to FOLLOWER at term 0 for startAsFollower
2019-09-20 08:50:15,648 [pool-632-thread-1] INFO  impl.RoleInfo (RoleInfo.java:updateAndGet(143)) - 878b45f2-8640-4699-86a6-c2f01c1e4571: start FollowerState
2019-09-20 08:50:15,649 [pool-632-thread-1] INFO  util.JmxRegister (JmxRegister.java:tryRegister(44)) - Successfully registered JMX Bean with object name Ratis:service=RaftServer,group=group-044A73119DDA,id=878b45f2-8640-4699-86a6-c2f01c1e4571
2019-09-20 08:50:15,652 [RatisPipelineUtilsThread] INFO  pipeline.PipelineStateManager (PipelineStateManager.java:addPipeline(56)) - Created pipeline Pipeline[ Id: 7bf94420-d360-4339-9ddf-044a73119dda, Nodes: 878b45f2-8640-4699-86a6-c2f01c1e4571{ip: 192.168.36.79, host: pr-hdds-1569-s8kj2-2266485376, networkLocation: /default-rack, certSerialId: null}, Type:RATIS, Factor:ONE, State:OPEN]
2019-09-20 08:50:15,652 [RatisPipelineUtilsThread] INFO  pipeline.PipelinePlacementPolicy (PipelinePlacementPolicy.java:meetCriteria(91)) - Pipeline Placement: Doesn't meet the criteria to be viable node： 847f5ce1-146d-4bef-b8c6-e5ef7108e27b Heaviness: 6 limit: 5
2019-09-20 08:50:15,652 [RatisPipelineUtilsThread] INFO  pipeline.PipelinePlacementPolicy (PipelinePlacementPolicy.java:meetCriteria(91)) - Pipeline Placement: Doesn't meet the criteria to be viable node： aa1fb5c1-0c84-4e24-a27d-d801a3140cf1 Heaviness: 6 limit: 5
2019-09-20 08:50:15,657 [grpc-default-executor-0] INFO  impl.RaftServerProxy (RaftServerProxy.java:addNew(89)) - 878b45f2-8640-4699-86a6-c2f01c1e4571: addNew group-E3DDBE4BEB1D:[878b45f2-8640-4699-86a6-c2f01c1e4571:192.168.36.79:45232] returns group-E3DDBE4BEB1D:java.util.concurrent.CompletableFuture@22e99c6b[Not completed]
2019-09-20 08:50:15,659 [pool-632-thread-1] INFO  impl.RaftServerImpl (RaftServerImpl.java:<init>(93)) - 878b45f2-8640-4699-86a6-c2f01c1e4571: new RaftServerImpl for group-E3DDBE4BEB1D:[878b45f2-8640-4699-86a6-c2f01c1e4571:192.168.36.79:45232] with ContainerStateMachine:uninitialized
2019-09-20 08:50:15,659 [pool-632-thread-1] INFO  server.RaftServerConfigKeys (ConfUtils.java:logGet(43)) - raft.server.rpc.timeout.min = 5s (custom)
2019-09-20 08:50:15,659 [pool-632-thread-1] INFO  server.RaftServerConfigKeys (ConfUtils.java:logGet(43)) - raft.server.rpc.timeout.max = 5200ms (custom)
2019-09-20 08:50:15,659 [pool-632-thread-1] INFO  server.RaftServerConfigKeys (ConfUtils.java:logGet(43)) - raft.server.rpcslowness.timeout = 120s (custom)
2019-09-20 08:50:15,660 [pool-632-thread-1] INFO  server.RaftServerConfigKeys (ConfUtils.java:logGet(43)) - raft.server.sleep.deviation.threshold = 300 (default)
2019-09-20 08:50:15,660 [pool-632-thread-1] INFO  server.RaftServerConfigKeys (ConfUtils.java:logGet(43)) - raft.server.log.appender.install.snapshot.enabled = false (custom)
2019-09-20 08:50:15,660 [pool-632-thread-1] INFO  impl.RaftServerImpl (ServerState.java:<init>(105)) - 878b45f2-8640-4699-86a6-c2f01c1e4571:group-E3DDBE4BEB1D ConfigurationManager, init=-1: [878b45f2-8640-4699-86a6-c2f01c1e4571:192.168.36.79:45232], old=null, confs=<EMPTY_MAP>
2019-09-20 08:50:15,660 [pool-632-thread-1] INFO  server.RaftServerConfigKeys (ConfUtils.java:logGet(43)) - raft.server.storage.dir = [/workdir/hadoop-ozone/ozonefs/target/test-dir/MiniOzoneClusterImpl-a4ae5ff1-2421-4ebd-91fb-13e93a5a3fba/datanode-2/data/ratis] (custom)
2019-09-20 08:50:15,661 [pool-632-thread-1] INFO  storage.RaftStorageDirectory (RaftStorageDirectory.java:analyzeStorage(246)) - The storage directory /workdir/hadoop-ozone/ozonefs/target/test-dir/MiniOzoneClusterImpl-a4ae5ff1-2421-4ebd-91fb-13e93a5a3fba/datanode-2/data/ratis/ef83ce34-e146-4bc8-a1d2-e3ddbe4beb1d does not exist. Creating ...
2019-09-20 08:50:15,694 [pool-632-thread-1] INFO  storage.RaftStorageDirectory (RaftStorageDirectory.java:tryLock(328)) - Lock on /workdir/hadoop-ozone/ozonefs/target/test-dir/MiniOzoneClusterImpl-a4ae5ff1-2421-4ebd-91fb-13e93a5a3fba/datanode-2/data/ratis/ef83ce34-e146-4bc8-a1d2-e3ddbe4beb1d/in_use.lock acquired by nodename 9421@pr-hdds-1569-s8kj2-2266485376
2019-09-20 08:50:15,719 [pool-632-thread-1] INFO  storage.RaftStorage (RaftStorage.java:format(72)) - Storage directory /workdir/hadoop-ozone/ozonefs/target/test-dir/MiniOzoneClusterImpl-a4ae5ff1-2421-4ebd-91fb-13e93a5a3fba/datanode-2/data/ratis/ef83ce34-e146-4bc8-a1d2-e3ddbe4beb1d has been successfully formatted.
2019-09-20 08:50:15,719 [pool-632-thread-1] INFO  ratis.ContainerStateMachine (ContainerStateMachine.java:loadSnapshot(226)) - group-E3DDBE4BEB1D: The snapshot info is null. Setting the last applied indexto:(t:0, i:~)
2019-09-20 08:50:15,719 [pool-632-thread-1] INFO  server.RaftServerConfigKeys (ConfUtils.java:logGet(43)) - raft.server.leader.election.timeout = 120s (custom)
2019-09-20 08:50:15,720 [pool-632-thread-1] INFO  server.RaftServerConfigKeys (ConfUtils.java:logGet(43)) - raft.server.log.use.memory = false (default)
2019-09-20 08:50:15,720 [pool-632-thread-1] INFO  server.RaftServerConfigKeys (ConfUtils.java:logGet(43)) - raft.server.log.purge.gap = 1000000 (custom)
2019-09-20 08:50:15,720 [pool-632-thread-1] INFO  server.RaftServerConfigKeys (ConfUtils.java:logGet(43)) - raft.server.log.appender.buffer.byte-limit = 33554432 (custom)
2019-09-20 08:50:15,720 [pool-632-thread-1] INFO  server.RaftServerConfigKeys (ConfUtils.java:logGet(43)) - raft.server.log.segment.size.max = 1048576 (custom)
2019-09-20 08:50:15,720 [pool-632-thread-1] INFO  server.RaftServerConfigKeys (ConfUtils.java:logGet(43)) - raft.server.log.segment.cache.num.max = 2 (custom)
2019-09-20 08:50:15,720 [pool-632-thread-1] INFO  segmented.SegmentedRaftLogWorker (SegmentedRaftLogWorker.java:<init>(172)) - new 878b45f2-8640-4699-86a6-c2f01c1e4571-SegmentedRaftLogWorker:Storage Directory /workdir/hadoop-ozone/ozonefs/target/test-dir/MiniOzoneClusterImpl-a4ae5ff1-2421-4ebd-91fb-13e93a5a3fba/datanode-2/data/ratis/ef83ce34-e146-4bc8-a1d2-e3ddbe4beb1d for RaftStorage:Storage Directory /workdir/hadoop-ozone/ozonefs/target/test-dir/MiniOzoneClusterImpl-a4ae5ff1-2421-4ebd-91fb-13e93a5a3fba/datanode-2/data/ratis/ef83ce34-e146-4bc8-a1d2-e3ddbe4beb1d
2019-09-20 08:50:15,720 [pool-632-thread-1] INFO  server.RaftServerConfigKeys (ConfUtils.java:logGet(43)) - raft.server.log.queue.byte-limit = 2147483647 (custom)
2019-09-20 08:50:15,721 [pool-632-thread-1] INFO  server.RaftServerConfigKeys (ConfUtils.java:logGet(43)) - raft.server.log.queue.element-limit = 1024 (custom)
2019-09-20 08:50:15,721 [pool-632-thread-1] INFO  server.RaftServerConfigKeys (ConfUtils.java:logGet(43)) - raft.server.log.segment.size.max = 1048576 (custom)
2019-09-20 08:50:15,721 [pool-632-thread-1] INFO  server.RaftServerConfigKeys (ConfUtils.java:logGet(43)) - raft.server.log.preallocated.size = 16384 (custom)
2019-09-20 08:50:15,721 [pool-632-thread-1] INFO  server.RaftServerConfigKeys (ConfUtils.java:logGet(43)) - raft.server.log.write.buffer.size = 33554432 (custom)
2019-09-20 08:50:15,721 [pool-632-thread-1] INFO  server.RaftServerConfigKeys (ConfUtils.java:logGet(43)) - raft.server.log.force.sync.num = 128 (default)
2019-09-20 08:50:15,721 [pool-632-thread-1] INFO  server.RaftServerConfigKeys (ConfUtils.java:logGet(43)) - raft.server.log.statemachine.data.sync = true (default)
2019-09-20 08:50:15,721 [pool-632-thread-1] INFO  server.RaftServerConfigKeys (ConfUtils.java:logGet(43)) - raft.server.log.statemachine.data.sync.timeout = 10s (default)
2019-09-20 08:50:15,722 [pool-632-thread-1] INFO  server.RaftServerConfigKeys (ConfUtils.java:logGet(43)) - raft.server.log.statemachine.data.sync.timeout.retry = -1 (default)
2019-09-20 08:50:15,722 [pool-632-thread-1] INFO  server.RaftServerConfigKeys (ConfUtils.java:logGet(43)) - raft.server.log.statemachine.data.caching.enabled = true (custom)
2019-09-20 08:50:15,722 [pool-632-thread-1] INFO  segmented.SegmentedRaftLogWorker (SegmentedRaftLogWorker.java:lambda$new$0(132)) - 878b45f2-8640-4699-86a6-c2f01c1e4571-SegmentedRaftLogWorker:Storage Directory /workdir/hadoop-ozone/ozonefs/target/test-dir/MiniOzoneClusterImpl-a4ae5ff1-2421-4ebd-91fb-13e93a5a3fba/datanode-2/data/ratis/ef83ce34-e146-4bc8-a1d2-e3ddbe4beb1d: flushIndex: setUnconditionally 0 -> -1
2019-09-20 08:50:15,722 [pool-632-thread-1] INFO  server.RaftServerConfigKeys (ConfUtils.java:logGet(43)) - raft.server.snapshot.auto.trigger.enabled = true (custom)
2019-09-20 08:50:15,723 [pool-632-thread-1] INFO  server.RaftServerConfigKeys (ConfUtils.java:logGet(43)) - raft.server.snapshot.auto.trigger.threshold = 10000 (custom)
2019-09-20 08:50:15,723 [pool-632-thread-1] INFO  server.RaftServerConfigKeys (ConfUtils.java:logGet(43)) - raft.server.retrycache.expirytime = 600000ms (custom)
2019-09-20 08:50:15,723 [pool-632-thread-1] INFO  impl.RaftServerImpl (RaftServerImpl.java:start(180)) - 878b45f2-8640-4699-86a6-c2f01c1e4571: start group-E3DDBE4BEB1D
2019-09-20 08:50:15,723 [pool-632-thread-1] INFO  impl.RaftServerImpl (RaftServerImpl.java:setRole(171)) - 878b45f2-8640-4699-86a6-c2f01c1e4571:group-E3DDBE4BEB1D changes role from null to FOLLOWER at term 0 for startAsFollower
2019-09-20 08:50:15,723 [pool-632-thread-1] INFO  impl.RoleInfo (RoleInfo.java:updateAndGet(143)) - 878b45f2-8640-4699-86a6-c2f01c1e4571: start FollowerState
2019-09-20 08:50:15,723 [pool-632-thread-1] INFO  util.JmxRegister (JmxRegister.java:tryRegister(44)) - Successfully registered JMX Bean with object name Ratis:service=RaftServer,group=group-E3DDBE4BEB1D,id=878b45f2-8640-4699-86a6-c2f01c1e4571
2019-09-20 08:50:15,727 [RatisPipelineUtilsThread] INFO  pipeline.PipelineStateManager (PipelineStateManager.java:addPipeline(56)) - Created pipeline Pipeline[ Id: ef83ce34-e146-4bc8-a1d2-e3ddbe4beb1d, Nodes: 878b45f2-8640-4699-86a6-c2f01c1e4571{ip: 192.168.36.79, host: pr-hdds-1569-s8kj2-2266485376, networkLocation: /default-rack, certSerialId: null}, Type:RATIS, Factor:ONE, State:OPEN]
2019-09-20 08:50:15,727 [RatisPipelineUtilsThread] INFO  pipeline.PipelinePlacementPolicy (PipelinePlacementPolicy.java:meetCriteria(91)) - Pipeline Placement: Doesn't meet the criteria to be viable node： 847f5ce1-146d-4bef-b8c6-e5ef7108e27b Heaviness: 6 limit: 5
2019-09-20 08:50:15,727 [RatisPipelineUtilsThread] INFO  pipeline.PipelinePlacementPolicy (PipelinePlacementPolicy.java:meetCriteria(91)) - Pipeline Placement: Doesn't meet the criteria to be viable node： aa1fb5c1-0c84-4e24-a27d-d801a3140cf1 Heaviness: 6 limit: 5
2019-09-20 08:50:15,727 [RatisPipelineUtilsThread] INFO  pipeline.PipelinePlacementPolicy (PipelinePlacementPolicy.java:meetCriteria(91)) - Pipeline Placement: Doesn't meet the criteria to be viable node： 878b45f2-8640-4699-86a6-c2f01c1e4571 Heaviness: 6 limit: 5
2019-09-20 08:50:15,728 [RatisPipelineUtilsThread] ERROR pipeline.PipelinePlacementPolicy (PipelinePlacementPolicy.java:filterViableNodes(148)) - Unable to find enough nodes that meet the criteria that cannot engage in more than 5 pipelines. Nodes required: 1 Found: 0, healthy nodes count inNodeManager: 3.
2019-09-20 08:50:15,728 [RatisPipelineUtilsThread] ERROR pipeline.SCMPipelineManager (SCMPipelineManager.java:createPipeline(161)) - Pipeline creation failed due to exception: Unable to find enough nodes that meet the criteria that cannot engage in more than 5 pipelines. Nodes required: 1 Found: 0, healthy nodes count inNodeManager: 3.
2019-09-20 08:50:15,728 [RatisPipelineUtilsThread] INFO  pipeline.PipelinePlacementPolicy (PipelinePlacementPolicy.java:meetCriteria(91)) - Pipeline Placement: Doesn't meet the criteria to be viable node： 847f5ce1-146d-4bef-b8c6-e5ef7108e27b Heaviness: 6 limit: 5
2019-09-20 08:50:15,728 [RatisPipelineUtilsThread] INFO  pipeline.PipelinePlacementPolicy (PipelinePlacementPolicy.java:meetCriteria(91)) - Pipeline Placement: Doesn't meet the criteria to be viable node： aa1fb5c1-0c84-4e24-a27d-d801a3140cf1 Heaviness: 6 limit: 5
2019-09-20 08:50:15,728 [RatisPipelineUtilsThread] INFO  pipeline.PipelinePlacementPolicy (PipelinePlacementPolicy.java:meetCriteria(91)) - Pipeline Placement: Doesn't meet the criteria to be viable node： 878b45f2-8640-4699-86a6-c2f01c1e4571 Heaviness: 6 limit: 5
2019-09-20 08:50:15,729 [RatisPipelineUtilsThread] ERROR pipeline.PipelinePlacementPolicy (PipelinePlacementPolicy.java:filterViableNodes(148)) - Unable to find enough nodes that meet the criteria that cannot engage in more than 5 pipelines. Nodes required: 3 Found: 0, healthy nodes count inNodeManager: 3.
2019-09-20 08:50:15,729 [RatisPipelineUtilsThread] ERROR pipeline.SCMPipelineManager (SCMPipelineManager.java:createPipeline(161)) - Pipeline creation failed due to exception: Unable to find enough nodes that meet the criteria that cannot engage in more than 5 pipelines. Nodes required: 3 Found: 0, healthy nodes count inNodeManager: 3.
2019-09-20 08:50:15,729 [RatisPipelineUtilsThread] INFO  pipeline.PipelinePlacementPolicy (PipelinePlacementPolicy.java:meetCriteria(91)) - Pipeline Placement: Doesn't meet the criteria to be viable node： 847f5ce1-146d-4bef-b8c6-e5ef7108e27b Heaviness: 6 limit: 5
2019-09-20 08:50:15,729 [RatisPipelineUtilsThread] INFO  pipeline.PipelinePlacementPolicy (PipelinePlacementPolicy.java:meetCriteria(91)) - Pipeline Placement: Doesn't meet the criteria to be viable node： aa1fb5c1-0c84-4e24-a27d-d801a3140cf1 Heaviness: 6 limit: 5
2019-09-20 08:50:15,729 [RatisPipelineUtilsThread] INFO  pipeline.PipelinePlacementPolicy (PipelinePlacementPolicy.java:meetCriteria(91)) - Pipeline Placement: Doesn't meet the criteria to be viable node： 878b45f2-8640-4699-86a6-c2f01c1e4571 Heaviness: 6 limit: 5
2019-09-20 08:50:15,729 [RatisPipelineUtilsThread] ERROR pipeline.PipelinePlacementPolicy (PipelinePlacementPolicy.java:filterViableNodes(148)) - Unable to find enough nodes that meet the criteria that cannot engage in more than 5 pipelines. Nodes required: 1 Found: 0, healthy nodes count inNodeManager: 3.
2019-09-20 08:50:15,730 [RatisPipelineUtilsThread] ERROR pipeline.SCMPipelineManager (SCMPipelineManager.java:createPipeline(161)) - Pipeline creation failed due to exception: Unable to find enough nodes that meet the criteria that cannot engage in more than 5 pipelines. Nodes required: 1 Found: 0, healthy nodes count inNodeManager: 3.
2019-09-20 08:50:15,730 [RatisPipelineUtilsThread] INFO  pipeline.PipelinePlacementPolicy (PipelinePlacementPolicy.java:meetCriteria(91)) - Pipeline Placement: Doesn't meet the criteria to be viable node： 847f5ce1-146d-4bef-b8c6-e5ef7108e27b Heaviness: 6 limit: 5
2019-09-20 08:50:15,730 [RatisPipelineUtilsThread] INFO  pipeline.PipelinePlacementPolicy (PipelinePlacementPolicy.java:meetCriteria(91)) - Pipeline Placement: Doesn't meet the criteria to be viable node： aa1fb5c1-0c84-4e24-a27d-d801a3140cf1 Heaviness: 6 limit: 5
2019-09-20 08:50:15,730 [RatisPipelineUtilsThread] INFO  pipeline.PipelinePlacementPolicy (PipelinePlacementPolicy.java:meetCriteria(91)) - Pipeline Placement: Doesn't meet the criteria to be viable node： 878b45f2-8640-4699-86a6-c2f01c1e4571 Heaviness: 6 limit: 5
2019-09-20 08:50:15,730 [RatisPipelineUtilsThread] ERROR pipeline.PipelinePlacementPolicy (PipelinePlacementPolicy.java:filterViableNodes(148)) - Unable to find enough nodes that meet the criteria that cannot engage in more than 5 pipelines. Nodes required: 3 Found: 0, healthy nodes count inNodeManager: 3.
2019-09-20 08:50:15,730 [RatisPipelineUtilsThread] ERROR pipeline.SCMPipelineManager (SCMPipelineManager.java:createPipeline(161)) - Pipeline creation failed due to exception: Unable to find enough nodes that meet the criteria that cannot engage in more than 5 pipelines. Nodes required: 3 Found: 0, healthy nodes count inNodeManager: 3.
2019-09-20 08:50:15,756 [main] INFO  ozone.MiniOzoneClusterImpl (MiniOzoneClusterImpl.java:lambda$waitForClusterToBeReady$0(142)) - Cluster is ready. Got 3 of 3 DN Heartbeats.
2019-09-20 08:50:15,922 | INFO  | OMAudit | user=jenkins1000 | ip=127.0.0.1 | op=CREATE_VOLUME {admin=admin90230, owner=user65989, volume=volume67526, creationTime=1568969415921, quotaInBytes=1152921504606846976} | ret=SUCCESS |  
2019-09-20 08:50:15,929 | INFO  | OMAudit | user=jenkins1000 | ip=127.0.0.1 | op=CREATE_BUCKET {volume=volume67526, bucket=bucket11043, acls=[], isVersionEnabled=false, storageType=DISK, creationTime=0} | ret=SUCCESS |  
2019-09-20 08:50:15,961 | INFO  | OMAudit | user=jenkins1000 | ip=127.0.0.1 | op=READ_VOLUME {volume=volume67526} | ret=SUCCESS |  
2019-09-20 08:50:15,963 | INFO  | OMAudit | user=jenkins1000 | ip=127.0.0.1 | op=READ_BUCKET {volume=volume67526, bucket=bucket11043} | ret=SUCCESS |  
2019-09-20 08:50:15,985 [IPC Server handler 1 on 39019] INFO  pipeline.PipelinePlacementPolicy (PipelinePlacementPolicy.java:meetCriteria(91)) - Pipeline Placement: Doesn't meet the criteria to be viable node： 847f5ce1-146d-4bef-b8c6-e5ef7108e27b Heaviness: 6 limit: 5
2019-09-20 08:50:15,986 [IPC Server handler 1 on 39019] INFO  pipeline.PipelinePlacementPolicy (PipelinePlacementPolicy.java:meetCriteria(91)) - Pipeline Placement: Doesn't meet the criteria to be viable node： aa1fb5c1-0c84-4e24-a27d-d801a3140cf1 Heaviness: 6 limit: 5
2019-09-20 08:50:15,986 [IPC Server handler 1 on 39019] INFO  pipeline.PipelinePlacementPolicy (PipelinePlacementPolicy.java:meetCriteria(91)) - Pipeline Placement: Doesn't meet the criteria to be viable node： 878b45f2-8640-4699-86a6-c2f01c1e4571 Heaviness: 6 limit: 5
2019-09-20 08:50:15,986 [IPC Server handler 1 on 39019] ERROR pipeline.PipelinePlacementPolicy (PipelinePlacementPolicy.java:filterViableNodes(148)) - Unable to find enough nodes that meet the criteria that cannot engage in more than 5 pipelines. Nodes required: 3 Found: 0, healthy nodes count inNodeManager: 3.
2019-09-20 08:50:15,987 [IPC Server handler 1 on 39019] ERROR pipeline.SCMPipelineManager (SCMPipelineManager.java:createPipeline(161)) - Pipeline creation failed due to exception: Unable to find enough nodes that meet the criteria that cannot engage in more than 5 pipelines. Nodes required: 3 Found: 0, healthy nodes count inNodeManager: 3.
2019-09-20 08:50:15,987 [IPC Server handler 1 on 39019] WARN  block.BlockManagerImpl (BlockManagerImpl.java:allocateBlock(192)) - Pipeline creation failed for type:RATIS factor:THREE. Retrying get pipelines call once.
org.apache.hadoop.hdds.scm.exceptions.SCMException: Unable to find enough nodes that meet the criteria that cannot engage in more than 5 pipelines. Nodes required: 3 Found: 0, healthy nodes count inNodeManager: 3.
	at org.apache.hadoop.hdds.scm.pipeline.PipelinePlacementPolicy.filterViableNodes(PipelinePlacementPolicy.java:149)
	at org.apache.hadoop.hdds.scm.pipeline.PipelinePlacementPolicy.chooseDatanodes(PipelinePlacementPolicy.java:172)
	at org.apache.hadoop.hdds.scm.pipeline.RatisPipelineProvider.create(RatisPipelineProvider.java:92)
	at org.apache.hadoop.hdds.scm.pipeline.PipelineFactory.create(PipelineFactory.java:57)
	at org.apache.hadoop.hdds.scm.pipeline.SCMPipelineManager.createPipeline(SCMPipelineManager.java:149)
	at org.apache.hadoop.hdds.scm.block.BlockManagerImpl.allocateBlock(BlockManagerImpl.java:190)
	at org.apache.hadoop.hdds.scm.server.SCMBlockProtocolServer.allocateBlock(SCMBlockProtocolServer.java:175)
	at org.apache.hadoop.ozone.protocolPB.ScmBlockLocationProtocolServerSideTranslatorPB.allocateScmBlock(ScmBlockLocationProtocolServerSideTranslatorPB.java:153)
	at org.apache.hadoop.ozone.protocolPB.ScmBlockLocationProtocolServerSideTranslatorPB.send(ScmBlockLocationProtocolServerSideTranslatorPB.java:112)
	at org.apache.hadoop.hdds.protocol.proto.ScmBlockLocationProtocolProtos$ScmBlockLocationProtocolService$2.callBlockingMethod(ScmBlockLocationProtocolProtos.java:13157)
	at org.apache.hadoop.ipc.ProtobufRpcEngine$Server$ProtoBufRpcInvoker.call(ProtobufRpcEngine.java:524)
	at org.apache.hadoop.ipc.RPC$Server.call(RPC.java:1025)
	at org.apache.hadoop.ipc.Server$RpcCall.run(Server.java:876)
	at org.apache.hadoop.ipc.Server$RpcCall.run(Server.java:822)
	at java.security.AccessController.doPrivileged(Native Method)
	at javax.security.auth.Subject.doAs(Subject.java:422)
	at org.apache.hadoop.security.UserGroupInformation.doAs(UserGroupInformation.java:1730)
	at org.apache.hadoop.ipc.Server$Handler.run(Server.java:2682)
2019-09-20 08:50:15,987 [IPC Server handler 1 on 39019] INFO  block.BlockManagerImpl (BlockManagerImpl.java:allocateBlock(198)) - Could not find available pipeline of type:RATIS and factor:THREE even after retrying
2019-09-20 08:50:15,988 [IPC Server handler 1 on 39019] ERROR block.BlockManagerImpl (BlockManagerImpl.java:allocateBlock(222)) - Unable to allocate a block for the size: 4194304, type: RATIS, factor: THREE
2019-09-20 08:50:15,988 | INFO  | SCMAudit | user=jenkins1000 | ip=192.168.36.79 | op=ALLOCATE_BLOCK {owner=7878b97e-2694-4f2e-9c57-2bf90a5c8752, size=4194304, type=RATIS, factor=THREE} | ret=SUCCESS |  
2019-09-20 08:50:15,989 | ERROR | OMAudit | user=jenkins1000 | ip=127.0.0.1 | op=CREATE_FILE {volume=volume67526, bucket=bucket11043, key=DlJpL, dataSize=0, replicationType=RATIS, replicationFactor=THREE, keyLocationInfo=null} | ret=FAILURE | org.apache.hadoop.hdds.scm.exceptions.SCMException: Allocated 0 blocks. Requested 1 blocks
	at org.apache.hadoop.hdds.scm.protocolPB.ScmBlockLocationProtocolClientSideTranslatorPB.handleError(ScmBlockLocationProtocolClientSideTranslatorPB.java:118)
	at org.apache.hadoop.hdds.scm.protocolPB.ScmBlockLocationProtocolClientSideTranslatorPB.allocateBlock(ScmBlockLocationProtocolClientSideTranslatorPB.java:156) 
2019-09-20 08:50:15,991 [main] INFO  ozone.MiniOzoneClusterImpl (MiniOzoneClusterImpl.java:shutdown(321)) - Shutting down the Mini Ozone Cluster
2019-09-20 08:50:15,992 | INFO  | SCMAudit | user=null | ip=null | op=GET_SCM_INFO null | ret=SUCCESS |  
2019-09-20 08:50:15,992 [main] INFO  ozone.MiniOzoneClusterImpl (MiniOzoneClusterImpl.java:stop(336)) - Stopping the Mini Ozone Cluster
2019-09-20 08:50:15,992 [main] INFO  ozone.MiniOzoneClusterImpl (MiniOzoneClusterImpl.java:stop(338)) - Stopping the OzoneManager
2019-09-20 08:50:15,992 [main] INFO  ipc.Server (Server.java:stop(3082)) - Stopping server on 37455
2019-09-20 08:50:15,994 [IPC Server listener on 37455] INFO  ipc.Server (Server.java:run(1185)) - Stopping IPC Server listener on 37455
2019-09-20 08:50:15,998 [main] INFO  ratis.OzoneManagerDoubleBuffer (OzoneManagerDoubleBuffer.java:stop(248)) - Stopping OMDoubleBuffer flush thread
2019-09-20 08:50:15,998 [IPC Server Responder] INFO  ipc.Server (Server.java:run(1319)) - Stopping IPC Server Responder
2019-09-20 08:50:16,001 [OMDoubleBufferFlushThread] INFO  ratis.OzoneManagerDoubleBuffer (OzoneManagerDoubleBuffer.java:flushTransactions(191)) - OMDoubleBuffer flush thread OMDoubleBufferFlushThread is interrupted and will exit. OMDoubleBufferFlushThread
2019-09-20 08:50:16,001 [main] INFO  utils.BackgroundService (BackgroundService.java:shutdown(148)) - Shutting down service KeyDeletingService
2019-09-20 08:50:16,002 [main] INFO  handler.ContextHandler (ContextHandler.java:doStop(910)) - Stopped o.e.j.w.WebAppContext@2e949007{/,null,UNAVAILABLE}{/ozoneManager}
2019-09-20 08:50:16,003 [main] INFO  server.AbstractConnector (AbstractConnector.java:doStop(318)) - Stopped ServerConnector@7180b25f{HTTP/1.1,[http/1.1]}{0.0.0.0:0}
2019-09-20 08:50:16,003 [main] INFO  handler.ContextHandler (ContextHandler.java:doStop(910)) - Stopped o.e.j.s.ServletContextHandler@83b0d9f{/static,jar:file:/home/user/.m2/repository/org/apache/hadoop/hadoop-ozone-ozone-manager/0.5.0-SNAPSHOT/hadoop-ozone-ozone-manager-0.5.0-SNAPSHOT.jar!/webapps/static,UNAVAILABLE}
2019-09-20 08:50:16,004 [main] INFO  handler.ContextHandler (ContextHandler.java:doStop(910)) - Stopped o.e.j.s.ServletContextHandler@7960e87a{/logs,file:///workdir/hadoop-ozone/ozonefs/target/log,UNAVAILABLE}
2019-09-20 08:50:16,006 [main] INFO  ozone.MiniOzoneClusterImpl (MiniOzoneClusterImpl.java:stop(344)) - Shutting the HddsDatanodes
2019-09-20 08:50:16,006 [main] INFO  datanode.ObjectStoreHandler (ObjectStoreHandler.java:close(155)) - Closing ObjectStoreHandler.
2019-09-20 08:50:16,007 [ForkJoinPool.commonPool-worker-0] INFO  datanode.ObjectStoreHandler (ObjectStoreHandler.java:close(155)) - Closing ObjectStoreHandler.
2019-09-20 08:50:16,007 [main] INFO  ozone.HddsDatanodeService (HddsDatanodeService.java:stop(451)) - Stopped plug-in org.apache.hadoop.ozone.web.OzoneHddsDatanodeService@62fef807
2019-09-20 08:50:16,007 [ForkJoinPool.commonPool-worker-0] INFO  ozone.HddsDatanodeService (HddsDatanodeService.java:stop(451)) - Stopped plug-in org.apache.hadoop.ozone.web.OzoneHddsDatanodeService@1569f8a6
2019-09-20 08:50:16,307 [Datanode State Machine Thread - 0] INFO  statemachine.DatanodeStateMachine (DatanodeStateMachine.java:lambda$startDaemon$0(350)) - Ozone container server started.
2019-09-20 08:50:16,527 [Datanode State Machine Thread - 0] INFO  statemachine.DatanodeStateMachine (DatanodeStateMachine.java:lambda$startDaemon$0(350)) - Ozone container server started.
2019-09-20 08:50:16,758 | INFO  | SCMAudit | user=jenkins1000 | ip=192.168.36.79 | op=SEND_HEARTBEAT {datanodeUUID=878b45f2-8640-4699-86a6-c2f01c1e4571, command=[]} | ret=SUCCESS |  
2019-09-20 08:50:17,324 [Thread-3083] INFO  container.ReplicationManager (ReplicationManager.java:start(151)) - Starting Replication Monitor Thread.
2019-09-20 08:50:17,326 [ReplicationMonitor] INFO  container.ReplicationManager (ReplicationManager.java:run(214)) - Replication Monitor Thread took 0 milliseconds for processing 0 containers.
2019-09-20 08:50:17,757 | INFO  | SCMAudit | user=jenkins1000 | ip=192.168.36.79 | op=SEND_HEARTBEAT {datanodeUUID=878b45f2-8640-4699-86a6-c2f01c1e4571, command=[]} | ret=SUCCESS |  
2019-09-20 08:50:18,757 | INFO  | SCMAudit | user=jenkins1000 | ip=192.168.36.79 | op=SEND_HEARTBEAT {datanodeUUID=878b45f2-8640-4699-86a6-c2f01c1e4571, command=[]} | ret=SUCCESS |  
2019-09-20 08:50:19,440 [Thread-3085] INFO  impl.FollowerState (FollowerState.java:run(106)) - 847f5ce1-146d-4bef-b8c6-e5ef7108e27b:group-0FFB9FD5F995 changes to CANDIDATE, lastRpcTime:5038, electionTimeout:5038ms
2019-09-20 08:50:19,440 [Thread-3085] INFO  impl.RoleInfo (RoleInfo.java:shutdownFollowerState(121)) - 847f5ce1-146d-4bef-b8c6-e5ef7108e27b: shutdown FollowerState
2019-09-20 08:50:19,440 [Thread-3085] INFO  impl.RaftServerImpl (RaftServerImpl.java:setRole(171)) - 847f5ce1-146d-4bef-b8c6-e5ef7108e27b:group-0FFB9FD5F995 changes role from FOLLOWER to CANDIDATE at term 0 for changeToCandidate
2019-09-20 08:50:19,440 [Thread-3085] INFO  impl.RoleInfo (RoleInfo.java:updateAndGet(143)) - 847f5ce1-146d-4bef-b8c6-e5ef7108e27b: start LeaderElection
2019-09-20 08:50:19,464 [847f5ce1-146d-4bef-b8c6-e5ef7108e27b:group-0FFB9FD5F995:LeaderElection194] INFO  impl.LeaderElection (LeaderElection.java:askForVotes(181)) - 847f5ce1-146d-4bef-b8c6-e5ef7108e27b:group-0FFB9FD5F995:LeaderElection194: begin an election at term 1 for -1: [847f5ce1-146d-4bef-b8c6-e5ef7108e27b:192.168.36.79:36776], old=null
2019-09-20 08:50:19,465 [847f5ce1-146d-4bef-b8c6-e5ef7108e27b:group-0FFB9FD5F995:LeaderElection194] INFO  impl.RoleInfo (RoleInfo.java:shutdownLeaderElection(134)) - 847f5ce1-146d-4bef-b8c6-e5ef7108e27b: shutdown LeaderElection
2019-09-20 08:50:19,465 [847f5ce1-146d-4bef-b8c6-e5ef7108e27b:group-0FFB9FD5F995:LeaderElection194] INFO  impl.RaftServerImpl (RaftServerImpl.java:setRole(171)) - 847f5ce1-146d-4bef-b8c6-e5ef7108e27b:group-0FFB9FD5F995 changes role from CANDIDATE to LEADER at term 1 for changeToLeader
2019-09-20 08:50:19,465 [847f5ce1-146d-4bef-b8c6-e5ef7108e27b:group-0FFB9FD5F995:LeaderElection194] INFO  impl.RaftServerImpl (ServerState.java:setLeader(263)) - 847f5ce1-146d-4bef-b8c6-e5ef7108e27b:group-0FFB9FD5F995 change Leader from null to 847f5ce1-146d-4bef-b8c6-e5ef7108e27b at term 1 for becomeLeader, leader elected after 5069ms
2019-09-20 08:50:19,466 [847f5ce1-146d-4bef-b8c6-e5ef7108e27b:group-0FFB9FD5F995:LeaderElection194] INFO  server.RaftServerConfigKeys (ConfUtils.java:logGet(43)) - raft.server.staging.catchup.gap = 1000 (default)
2019-09-20 08:50:19,466 [847f5ce1-146d-4bef-b8c6-e5ef7108e27b:group-0FFB9FD5F995:LeaderElection194] INFO  server.RaftServerConfigKeys (ConfUtils.java:logGet(43)) - raft.server.rpc.sleep.time = 25ms (default)
2019-09-20 08:50:19,466 [847f5ce1-146d-4bef-b8c6-e5ef7108e27b:group-0FFB9FD5F995:LeaderElection194] INFO  server.RaftServerConfigKeys (ConfUtils.java:logGet(43)) - raft.server.write.element-limit = 4096 (default)
2019-09-20 08:50:19,466 [847f5ce1-146d-4bef-b8c6-e5ef7108e27b:group-0FFB9FD5F995:LeaderElection194] INFO  server.RaftServerConfigKeys (ConfUtils.java:logGet(43)) - raft.server.watch.timeout = 10s (default)
2019-09-20 08:50:19,466 [847f5ce1-146d-4bef-b8c6-e5ef7108e27b:group-0FFB9FD5F995:LeaderElection194] INFO  server.RaftServerConfigKeys (ConfUtils.java:logGet(43)) - raft.server.watch.timeout.denomination = 1s (default)
2019-09-20 08:50:19,467 [847f5ce1-146d-4bef-b8c6-e5ef7108e27b:group-0FFB9FD5F995:LeaderElection194] INFO  server.RaftServerConfigKeys (ConfUtils.java:logGet(43)) - raft.server.watch.element-limit = 65536 (default)
2019-09-20 08:50:19,467 [847f5ce1-146d-4bef-b8c6-e5ef7108e27b:group-0FFB9FD5F995:LeaderElection194] INFO  impl.RoleInfo (RoleInfo.java:updateAndGet(143)) - 847f5ce1-146d-4bef-b8c6-e5ef7108e27b: start LeaderState
2019-09-20 08:50:19,467 [847f5ce1-146d-4bef-b8c6-e5ef7108e27b:group-0FFB9FD5F995:LeaderElection194] INFO  segmented.SegmentedRaftLogWorker (SegmentedRaftLogWorker.java:startLogSegment(380)) - 847f5ce1-146d-4bef-b8c6-e5ef7108e27b-SegmentedRaftLogWorker:Storage Directory /workdir/hadoop-ozone/ozonefs/target/test-dir/MiniOzoneClusterImpl-a4ae5ff1-2421-4ebd-91fb-13e93a5a3fba/datanode-0/data/ratis/93766365-70fb-4409-ab2f-0ffb9fd5f995: Starting segment from index:0
2019-09-20 08:50:19,468 [847f5ce1-146d-4bef-b8c6-e5ef7108e27b:group-0FFB9FD5F995:LeaderElection194] INFO  impl.RaftServerImpl (ServerState.java:setRaftConf(361)) - 847f5ce1-146d-4bef-b8c6-e5ef7108e27b:group-0FFB9FD5F995 set configuration 0: [847f5ce1-146d-4bef-b8c6-e5ef7108e27b:192.168.36.79:36776], old=null at 0
2019-09-20 08:50:19,507 [Thread-3088] INFO  impl.FollowerState (FollowerState.java:run(106)) - 847f5ce1-146d-4bef-b8c6-e5ef7108e27b:group-1C26F641BC91 changes to CANDIDATE, lastRpcTime:5036, electionTimeout:5036ms
2019-09-20 08:50:19,510 [Thread-3088] INFO  impl.RoleInfo (RoleInfo.java:shutdownFollowerState(121)) - 847f5ce1-146d-4bef-b8c6-e5ef7108e27b: shutdown FollowerState
2019-09-20 08:50:19,510 [Thread-3088] INFO  impl.RaftServerImpl (RaftServerImpl.java:setRole(171)) - 847f5ce1-146d-4bef-b8c6-e5ef7108e27b:group-1C26F641BC91 changes role from FOLLOWER to CANDIDATE at term 0 for changeToCandidate
2019-09-20 08:50:19,510 [Thread-3088] INFO  impl.RoleInfo (RoleInfo.java:updateAndGet(143)) - 847f5ce1-146d-4bef-b8c6-e5ef7108e27b: start LeaderElection
2019-09-20 08:50:19,540 [847f5ce1-146d-4bef-b8c6-e5ef7108e27b-SegmentedRaftLogWorker:Storage Directory /workdir/hadoop-ozone/ozonefs/target/test-dir/MiniOzoneClusterImpl-a4ae5ff1-2421-4ebd-91fb-13e93a5a3fba/datanode-0/data/ratis/93766365-70fb-4409-ab2f-0ffb9fd5f995] INFO  segmented.SegmentedRaftLogWorker (SegmentedRaftLogWorker.java:execute(569)) - 847f5ce1-146d-4bef-b8c6-e5ef7108e27b-SegmentedRaftLogWorker:Storage Directory /workdir/hadoop-ozone/ozonefs/target/test-dir/MiniOzoneClusterImpl-a4ae5ff1-2421-4ebd-91fb-13e93a5a3fba/datanode-0/data/ratis/93766365-70fb-4409-ab2f-0ffb9fd5f995: created new log segment /workdir/hadoop-ozone/ozonefs/target/test-dir/MiniOzoneClusterImpl-a4ae5ff1-2421-4ebd-91fb-13e93a5a3fba/datanode-0/data/ratis/93766365-70fb-4409-ab2f-0ffb9fd5f995/current/log_inprogress_0
2019-09-20 08:50:19,540 [847f5ce1-146d-4bef-b8c6-e5ef7108e27b:group-1C26F641BC91:LeaderElection195] INFO  impl.LeaderElection (LeaderElection.java:askForVotes(181)) - 847f5ce1-146d-4bef-b8c6-e5ef7108e27b:group-1C26F641BC91:LeaderElection195: begin an election at term 1 for -1: [847f5ce1-146d-4bef-b8c6-e5ef7108e27b:192.168.36.79:36776], old=null
2019-09-20 08:50:19,541 [847f5ce1-146d-4bef-b8c6-e5ef7108e27b:group-1C26F641BC91:LeaderElection195] INFO  impl.RoleInfo (RoleInfo.java:shutdownLeaderElection(134)) - 847f5ce1-146d-4bef-b8c6-e5ef7108e27b: shutdown LeaderElection
2019-09-20 08:50:19,541 [847f5ce1-146d-4bef-b8c6-e5ef7108e27b:group-1C26F641BC91:LeaderElection195] INFO  impl.RaftServerImpl (RaftServerImpl.java:setRole(171)) - 847f5ce1-146d-4bef-b8c6-e5ef7108e27b:group-1C26F641BC91 changes role from CANDIDATE to LEADER at term 1 for changeToLeader
2019-09-20 08:50:19,541 [847f5ce1-146d-4bef-b8c6-e5ef7108e27b:group-1C26F641BC91:LeaderElection195] INFO  impl.RaftServerImpl (ServerState.java:setLeader(263)) - 847f5ce1-146d-4bef-b8c6-e5ef7108e27b:group-1C26F641BC91 change Leader from null to 847f5ce1-146d-4bef-b8c6-e5ef7108e27b at term 1 for becomeLeader, leader elected after 5074ms
2019-09-20 08:50:19,541 [847f5ce1-146d-4bef-b8c6-e5ef7108e27b:group-1C26F641BC91:LeaderElection195] INFO  server.RaftServerConfigKeys (ConfUtils.java:logGet(43)) - raft.server.staging.catchup.gap = 1000 (default)
2019-09-20 08:50:19,541 [847f5ce1-146d-4bef-b8c6-e5ef7108e27b:group-1C26F641BC91:LeaderElection195] INFO  server.RaftServerConfigKeys (ConfUtils.java:logGet(43)) - raft.server.rpc.sleep.time = 25ms (default)
2019-09-20 08:50:19,541 [847f5ce1-146d-4bef-b8c6-e5ef7108e27b:group-1C26F641BC91:LeaderElection195] INFO  server.RaftServerConfigKeys (ConfUtils.java:logGet(43)) - raft.server.write.element-limit = 4096 (default)
2019-09-20 08:50:19,541 [847f5ce1-146d-4bef-b8c6-e5ef7108e27b:group-1C26F641BC91:LeaderElection195] INFO  server.RaftServerConfigKeys (ConfUtils.java:logGet(43)) - raft.server.watch.timeout = 10s (default)
2019-09-20 08:50:19,542 [847f5ce1-146d-4bef-b8c6-e5ef7108e27b:group-1C26F641BC91:LeaderElection195] INFO  server.RaftServerConfigKeys (ConfUtils.java:logGet(43)) - raft.server.watch.timeout.denomination = 1s (default)
2019-09-20 08:50:19,542 [847f5ce1-146d-4bef-b8c6-e5ef7108e27b:group-1C26F641BC91:LeaderElection195] INFO  server.RaftServerConfigKeys (ConfUtils.java:logGet(43)) - raft.server.watch.element-limit = 65536 (default)
2019-09-20 08:50:19,542 [847f5ce1-146d-4bef-b8c6-e5ef7108e27b:group-1C26F641BC91:LeaderElection195] INFO  impl.RoleInfo (RoleInfo.java:updateAndGet(143)) - 847f5ce1-146d-4bef-b8c6-e5ef7108e27b: start LeaderState
2019-09-20 08:50:19,542 [847f5ce1-146d-4bef-b8c6-e5ef7108e27b:group-1C26F641BC91:LeaderElection195] INFO  segmented.SegmentedRaftLogWorker (SegmentedRaftLogWorker.java:startLogSegment(380)) - 847f5ce1-146d-4bef-b8c6-e5ef7108e27b-SegmentedRaftLogWorker:Storage Directory /workdir/hadoop-ozone/ozonefs/target/test-dir/MiniOzoneClusterImpl-a4ae5ff1-2421-4ebd-91fb-13e93a5a3fba/datanode-0/data/ratis/8c9cb972-cfad-4002-8c57-1c26f641bc91: Starting segment from index:0
2019-09-20 08:50:19,543 [847f5ce1-146d-4bef-b8c6-e5ef7108e27b:group-1C26F641BC91:LeaderElection195] INFO  impl.RaftServerImpl (ServerState.java:setRaftConf(361)) - 847f5ce1-146d-4bef-b8c6-e5ef7108e27b:group-1C26F641BC91 set configuration 0: [847f5ce1-146d-4bef-b8c6-e5ef7108e27b:192.168.36.79:36776], old=null at 0
2019-09-20 08:50:19,598 [847f5ce1-146d-4bef-b8c6-e5ef7108e27b-SegmentedRaftLogWorker:Storage Directory /workdir/hadoop-ozone/ozonefs/target/test-dir/MiniOzoneClusterImpl-a4ae5ff1-2421-4ebd-91fb-13e93a5a3fba/datanode-0/data/ratis/8c9cb972-cfad-4002-8c57-1c26f641bc91] INFO  segmented.SegmentedRaftLogWorker (SegmentedRaftLogWorker.java:execute(569)) - 847f5ce1-146d-4bef-b8c6-e5ef7108e27b-SegmentedRaftLogWorker:Storage Directory /workdir/hadoop-ozone/ozonefs/target/test-dir/MiniOzoneClusterImpl-a4ae5ff1-2421-4ebd-91fb-13e93a5a3fba/datanode-0/data/ratis/8c9cb972-cfad-4002-8c57-1c26f641bc91: created new log segment /workdir/hadoop-ozone/ozonefs/target/test-dir/MiniOzoneClusterImpl-a4ae5ff1-2421-4ebd-91fb-13e93a5a3fba/datanode-0/data/ratis/8c9cb972-cfad-4002-8c57-1c26f641bc91/current/log_inprogress_0
2019-09-20 08:50:19,731 [Thread-3091] INFO  impl.FollowerState (FollowerState.java:run(106)) - 847f5ce1-146d-4bef-b8c6-e5ef7108e27b:group-AB67A5B7F04F changes to CANDIDATE, lastRpcTime:5194, electionTimeout:5194ms
2019-09-20 08:50:19,731 [Thread-3091] INFO  impl.RoleInfo (RoleInfo.java:shutdownFollowerState(121)) - 847f5ce1-146d-4bef-b8c6-e5ef7108e27b: shutdown FollowerState
2019-09-20 08:50:19,731 [Thread-3091] INFO  impl.RaftServerImpl (RaftServerImpl.java:setRole(171)) - 847f5ce1-146d-4bef-b8c6-e5ef7108e27b:group-AB67A5B7F04F changes role from FOLLOWER to CANDIDATE at term 0 for changeToCandidate
2019-09-20 08:50:19,731 [Thread-3091] INFO  impl.RoleInfo (RoleInfo.java:updateAndGet(143)) - 847f5ce1-146d-4bef-b8c6-e5ef7108e27b: start LeaderElection
2019-09-20 08:50:19,758 | INFO  | SCMAudit | user=jenkins1000 | ip=192.168.36.79 | op=SEND_HEARTBEAT {datanodeUUID=878b45f2-8640-4699-86a6-c2f01c1e4571, command=[]} | ret=SUCCESS |  
2019-09-20 08:50:19,759 [Thread-3094] INFO  impl.FollowerState (FollowerState.java:run(106)) - 847f5ce1-146d-4bef-b8c6-e5ef7108e27b:group-4D1DE6387063 changes to CANDIDATE, lastRpcTime:5160, electionTimeout:5160ms
2019-09-20 08:50:19,759 [Thread-3094] INFO  impl.RoleInfo (RoleInfo.java:shutdownFollowerState(121)) - 847f5ce1-146d-4bef-b8c6-e5ef7108e27b: shutdown FollowerState
2019-09-20 08:50:19,759 [Thread-3094] INFO  impl.RaftServerImpl (RaftServerImpl.java:setRole(171)) - 847f5ce1-146d-4bef-b8c6-e5ef7108e27b:group-4D1DE6387063 changes role from FOLLOWER to CANDIDATE at term 0 for changeToCandidate
2019-09-20 08:50:19,759 [Thread-3094] INFO  impl.RoleInfo (RoleInfo.java:updateAndGet(143)) - 847f5ce1-146d-4bef-b8c6-e5ef7108e27b: start LeaderElection
2019-09-20 08:50:19,766 [847f5ce1-146d-4bef-b8c6-e5ef7108e27b:group-AB67A5B7F04F:LeaderElection196] INFO  impl.LeaderElection (LeaderElection.java:askForVotes(181)) - 847f5ce1-146d-4bef-b8c6-e5ef7108e27b:group-AB67A5B7F04F:LeaderElection196: begin an election at term 1 for -1: [847f5ce1-146d-4bef-b8c6-e5ef7108e27b:192.168.36.79:36776], old=null
2019-09-20 08:50:19,767 [847f5ce1-146d-4bef-b8c6-e5ef7108e27b:group-AB67A5B7F04F:LeaderElection196] INFO  impl.RoleInfo (RoleInfo.java:shutdownLeaderElection(134)) - 847f5ce1-146d-4bef-b8c6-e5ef7108e27b: shutdown LeaderElection
2019-09-20 08:50:19,767 [847f5ce1-146d-4bef-b8c6-e5ef7108e27b:group-AB67A5B7F04F:LeaderElection196] INFO  impl.RaftServerImpl (RaftServerImpl.java:setRole(171)) - 847f5ce1-146d-4bef-b8c6-e5ef7108e27b:group-AB67A5B7F04F changes role from CANDIDATE to LEADER at term 1 for changeToLeader
2019-09-20 08:50:19,767 [847f5ce1-146d-4bef-b8c6-e5ef7108e27b:group-AB67A5B7F04F:LeaderElection196] INFO  impl.RaftServerImpl (ServerState.java:setLeader(263)) - 847f5ce1-146d-4bef-b8c6-e5ef7108e27b:group-AB67A5B7F04F change Leader from null to 847f5ce1-146d-4bef-b8c6-e5ef7108e27b at term 1 for becomeLeader, leader elected after 5234ms
2019-09-20 08:50:19,767 [847f5ce1-146d-4bef-b8c6-e5ef7108e27b:group-AB67A5B7F04F:LeaderElection196] INFO  server.RaftServerConfigKeys (ConfUtils.java:logGet(43)) - raft.server.staging.catchup.gap = 1000 (default)
2019-09-20 08:50:19,767 [847f5ce1-146d-4bef-b8c6-e5ef7108e27b:group-AB67A5B7F04F:LeaderElection196] INFO  server.RaftServerConfigKeys (ConfUtils.java:logGet(43)) - raft.server.rpc.sleep.time = 25ms (default)
2019-09-20 08:50:19,767 [847f5ce1-146d-4bef-b8c6-e5ef7108e27b:group-AB67A5B7F04F:LeaderElection196] INFO  server.RaftServerConfigKeys (ConfUtils.java:logGet(43)) - raft.server.write.element-limit = 4096 (default)
2019-09-20 08:50:19,767 [847f5ce1-146d-4bef-b8c6-e5ef7108e27b:group-AB67A5B7F04F:LeaderElection196] INFO  server.RaftServerConfigKeys (ConfUtils.java:logGet(43)) - raft.server.watch.timeout = 10s (default)
2019-09-20 08:50:19,768 [847f5ce1-146d-4bef-b8c6-e5ef7108e27b:group-AB67A5B7F04F:LeaderElection196] INFO  server.RaftServerConfigKeys (ConfUtils.java:logGet(43)) - raft.server.watch.timeout.denomination = 1s (default)
2019-09-20 08:50:19,768 [847f5ce1-146d-4bef-b8c6-e5ef7108e27b:group-AB67A5B7F04F:LeaderElection196] INFO  server.RaftServerConfigKeys (ConfUtils.java:logGet(43)) - raft.server.watch.element-limit = 65536 (default)
2019-09-20 08:50:19,768 [847f5ce1-146d-4bef-b8c6-e5ef7108e27b:group-AB67A5B7F04F:LeaderElection196] INFO  impl.RoleInfo (RoleInfo.java:updateAndGet(143)) - 847f5ce1-146d-4bef-b8c6-e5ef7108e27b: start LeaderState
2019-09-20 08:50:19,768 [847f5ce1-146d-4bef-b8c6-e5ef7108e27b:group-AB67A5B7F04F:LeaderElection196] INFO  segmented.SegmentedRaftLogWorker (SegmentedRaftLogWorker.java:startLogSegment(380)) - 847f5ce1-146d-4bef-b8c6-e5ef7108e27b-SegmentedRaftLogWorker:Storage Directory /workdir/hadoop-ozone/ozonefs/target/test-dir/MiniOzoneClusterImpl-a4ae5ff1-2421-4ebd-91fb-13e93a5a3fba/datanode-0/data/ratis/3c2a291b-7391-48de-9d6e-ab67a5b7f04f: Starting segment from index:0
2019-09-20 08:50:19,769 [847f5ce1-146d-4bef-b8c6-e5ef7108e27b:group-AB67A5B7F04F:LeaderElection196] INFO  impl.RaftServerImpl (ServerState.java:setRaftConf(361)) - 847f5ce1-146d-4bef-b8c6-e5ef7108e27b:group-AB67A5B7F04F set configuration 0: [847f5ce1-146d-4bef-b8c6-e5ef7108e27b:192.168.36.79:36776], old=null at 0
2019-09-20 08:50:19,783 [847f5ce1-146d-4bef-b8c6-e5ef7108e27b:group-4D1DE6387063:LeaderElection197] INFO  impl.LeaderElection (LeaderElection.java:askForVotes(181)) - 847f5ce1-146d-4bef-b8c6-e5ef7108e27b:group-4D1DE6387063:LeaderElection197: begin an election at term 1 for -1: [847f5ce1-146d-4bef-b8c6-e5ef7108e27b:192.168.36.79:36776], old=null
2019-09-20 08:50:19,783 [847f5ce1-146d-4bef-b8c6-e5ef7108e27b:group-4D1DE6387063:LeaderElection197] INFO  impl.RoleInfo (RoleInfo.java:shutdownLeaderElection(134)) - 847f5ce1-146d-4bef-b8c6-e5ef7108e27b: shutdown LeaderElection
2019-09-20 08:50:19,784 [847f5ce1-146d-4bef-b8c6-e5ef7108e27b:group-4D1DE6387063:LeaderElection197] INFO  impl.RaftServerImpl (RaftServerImpl.java:setRole(171)) - 847f5ce1-146d-4bef-b8c6-e5ef7108e27b:group-4D1DE6387063 changes role from CANDIDATE to LEADER at term 1 for changeToLeader
2019-09-20 08:50:19,784 [847f5ce1-146d-4bef-b8c6-e5ef7108e27b:group-4D1DE6387063:LeaderElection197] INFO  impl.RaftServerImpl (ServerState.java:setLeader(263)) - 847f5ce1-146d-4bef-b8c6-e5ef7108e27b:group-4D1DE6387063 change Leader from null to 847f5ce1-146d-4bef-b8c6-e5ef7108e27b at term 1 for becomeLeader, leader elected after 5189ms
2019-09-20 08:50:19,784 [847f5ce1-146d-4bef-b8c6-e5ef7108e27b:group-4D1DE6387063:LeaderElection197] INFO  server.RaftServerConfigKeys (ConfUtils.java:logGet(43)) - raft.server.staging.catchup.gap = 1000 (default)
2019-09-20 08:50:19,784 [847f5ce1-146d-4bef-b8c6-e5ef7108e27b:group-4D1DE6387063:LeaderElection197] INFO  server.RaftServerConfigKeys (ConfUtils.java:logGet(43)) - raft.server.rpc.sleep.time = 25ms (default)
2019-09-20 08:50:19,784 [847f5ce1-146d-4bef-b8c6-e5ef7108e27b:group-4D1DE6387063:LeaderElection197] INFO  server.RaftServerConfigKeys (ConfUtils.java:logGet(43)) - raft.server.write.element-limit = 4096 (default)
2019-09-20 08:50:19,784 [847f5ce1-146d-4bef-b8c6-e5ef7108e27b:group-4D1DE6387063:LeaderElection197] INFO  server.RaftServerConfigKeys (ConfUtils.java:logGet(43)) - raft.server.watch.timeout = 10s (default)
2019-09-20 08:50:19,784 [847f5ce1-146d-4bef-b8c6-e5ef7108e27b:group-4D1DE6387063:LeaderElection197] INFO  server.RaftServerConfigKeys (ConfUtils.java:logGet(43)) - raft.server.watch.timeout.denomination = 1s (default)
2019-09-20 08:50:19,785 [847f5ce1-146d-4bef-b8c6-e5ef7108e27b:group-4D1DE6387063:LeaderElection197] INFO  server.RaftServerConfigKeys (ConfUtils.java:logGet(43)) - raft.server.watch.element-limit = 65536 (default)
2019-09-20 08:50:19,785 [847f5ce1-146d-4bef-b8c6-e5ef7108e27b:group-4D1DE6387063:LeaderElection197] INFO  impl.RoleInfo (RoleInfo.java:updateAndGet(143)) - 847f5ce1-146d-4bef-b8c6-e5ef7108e27b: start LeaderState
2019-09-20 08:50:19,785 [847f5ce1-146d-4bef-b8c6-e5ef7108e27b:group-4D1DE6387063:LeaderElection197] INFO  segmented.SegmentedRaftLogWorker (SegmentedRaftLogWorker.java:startLogSegment(380)) - 847f5ce1-146d-4bef-b8c6-e5ef7108e27b-SegmentedRaftLogWorker:Storage Directory /workdir/hadoop-ozone/ozonefs/target/test-dir/MiniOzoneClusterImpl-a4ae5ff1-2421-4ebd-91fb-13e93a5a3fba/datanode-0/data/ratis/bd930c53-ab99-4813-9c1c-4d1de6387063: Starting segment from index:0
2019-09-20 08:50:19,785 [847f5ce1-146d-4bef-b8c6-e5ef7108e27b:group-4D1DE6387063:LeaderElection197] INFO  impl.RaftServerImpl (ServerState.java:setRaftConf(361)) - 847f5ce1-146d-4bef-b8c6-e5ef7108e27b:group-4D1DE6387063 set configuration 0: [847f5ce1-146d-4bef-b8c6-e5ef7108e27b:192.168.36.79:36776], old=null at 0
2019-09-20 08:50:19,826 [Thread-3097] INFO  impl.FollowerState (FollowerState.java:run(106)) - aa1fb5c1-0c84-4e24-a27d-d801a3140cf1:group-E86EB5EBE6DA changes to CANDIDATE, lastRpcTime:5137, electionTimeout:5137ms
2019-09-20 08:50:19,826 [Thread-3097] INFO  impl.RoleInfo (RoleInfo.java:shutdownFollowerState(121)) - aa1fb5c1-0c84-4e24-a27d-d801a3140cf1: shutdown FollowerState
2019-09-20 08:50:19,826 [Thread-3097] INFO  impl.RaftServerImpl (RaftServerImpl.java:setRole(171)) - aa1fb5c1-0c84-4e24-a27d-d801a3140cf1:group-E86EB5EBE6DA changes role from FOLLOWER to CANDIDATE at term 0 for changeToCandidate
2019-09-20 08:50:19,827 [Thread-3097] INFO  impl.RoleInfo (RoleInfo.java:updateAndGet(143)) - aa1fb5c1-0c84-4e24-a27d-d801a3140cf1: start LeaderElection
2019-09-20 08:50:19,829 [847f5ce1-146d-4bef-b8c6-e5ef7108e27b-SegmentedRaftLogWorker:Storage Directory /workdir/hadoop-ozone/ozonefs/target/test-dir/MiniOzoneClusterImpl-a4ae5ff1-2421-4ebd-91fb-13e93a5a3fba/datanode-0/data/ratis/3c2a291b-7391-48de-9d6e-ab67a5b7f04f] INFO  segmented.SegmentedRaftLogWorker (SegmentedRaftLogWorker.java:execute(569)) - 847f5ce1-146d-4bef-b8c6-e5ef7108e27b-SegmentedRaftLogWorker:Storage Directory /workdir/hadoop-ozone/ozonefs/target/test-dir/MiniOzoneClusterImpl-a4ae5ff1-2421-4ebd-91fb-13e93a5a3fba/datanode-0/data/ratis/3c2a291b-7391-48de-9d6e-ab67a5b7f04f: created new log segment /workdir/hadoop-ozone/ozonefs/target/test-dir/MiniOzoneClusterImpl-a4ae5ff1-2421-4ebd-91fb-13e93a5a3fba/datanode-0/data/ratis/3c2a291b-7391-48de-9d6e-ab67a5b7f04f/current/log_inprogress_0
2019-09-20 08:50:19,844 [847f5ce1-146d-4bef-b8c6-e5ef7108e27b-SegmentedRaftLogWorker:Storage Directory /workdir/hadoop-ozone/ozonefs/target/test-dir/MiniOzoneClusterImpl-a4ae5ff1-2421-4ebd-91fb-13e93a5a3fba/datanode-0/data/ratis/bd930c53-ab99-4813-9c1c-4d1de6387063] INFO  segmented.SegmentedRaftLogWorker (SegmentedRaftLogWorker.java:execute(569)) - 847f5ce1-146d-4bef-b8c6-e5ef7108e27b-SegmentedRaftLogWorker:Storage Directory /workdir/hadoop-ozone/ozonefs/target/test-dir/MiniOzoneClusterImpl-a4ae5ff1-2421-4ebd-91fb-13e93a5a3fba/datanode-0/data/ratis/bd930c53-ab99-4813-9c1c-4d1de6387063: created new log segment /workdir/hadoop-ozone/ozonefs/target/test-dir/MiniOzoneClusterImpl-a4ae5ff1-2421-4ebd-91fb-13e93a5a3fba/datanode-0/data/ratis/bd930c53-ab99-4813-9c1c-4d1de6387063/current/log_inprogress_0
2019-09-20 08:50:19,844 [aa1fb5c1-0c84-4e24-a27d-d801a3140cf1:group-E86EB5EBE6DA:LeaderElection198] INFO  impl.LeaderElection (LeaderElection.java:askForVotes(181)) - aa1fb5c1-0c84-4e24-a27d-d801a3140cf1:group-E86EB5EBE6DA:LeaderElection198: begin an election at term 1 for -1: [aa1fb5c1-0c84-4e24-a27d-d801a3140cf1:192.168.36.79:41886], old=null
2019-09-20 08:50:19,844 [aa1fb5c1-0c84-4e24-a27d-d801a3140cf1:group-E86EB5EBE6DA:LeaderElection198] INFO  impl.RoleInfo (RoleInfo.java:shutdownLeaderElection(134)) - aa1fb5c1-0c84-4e24-a27d-d801a3140cf1: shutdown LeaderElection
2019-09-20 08:50:19,845 [aa1fb5c1-0c84-4e24-a27d-d801a3140cf1:group-E86EB5EBE6DA:LeaderElection198] INFO  impl.RaftServerImpl (RaftServerImpl.java:setRole(171)) - aa1fb5c1-0c84-4e24-a27d-d801a3140cf1:group-E86EB5EBE6DA changes role from CANDIDATE to LEADER at term 1 for changeToLeader
2019-09-20 08:50:19,845 [aa1fb5c1-0c84-4e24-a27d-d801a3140cf1:group-E86EB5EBE6DA:LeaderElection198] INFO  impl.RaftServerImpl (ServerState.java:setLeader(263)) - aa1fb5c1-0c84-4e24-a27d-d801a3140cf1:group-E86EB5EBE6DA change Leader from null to aa1fb5c1-0c84-4e24-a27d-d801a3140cf1 at term 1 for becomeLeader, leader elected after 5160ms
2019-09-20 08:50:19,845 [aa1fb5c1-0c84-4e24-a27d-d801a3140cf1:group-E86EB5EBE6DA:LeaderElection198] INFO  server.RaftServerConfigKeys (ConfUtils.java:logGet(43)) - raft.server.staging.catchup.gap = 1000 (default)
2019-09-20 08:50:19,845 [aa1fb5c1-0c84-4e24-a27d-d801a3140cf1:group-E86EB5EBE6DA:LeaderElection198] INFO  server.RaftServerConfigKeys (ConfUtils.java:logGet(43)) - raft.server.rpc.sleep.time = 25ms (default)
2019-09-20 08:50:19,845 [aa1fb5c1-0c84-4e24-a27d-d801a3140cf1:group-E86EB5EBE6DA:LeaderElection198] INFO  server.RaftServerConfigKeys (ConfUtils.java:logGet(43)) - raft.server.write.element-limit = 4096 (default)
2019-09-20 08:50:19,845 [aa1fb5c1-0c84-4e24-a27d-d801a3140cf1:group-E86EB5EBE6DA:LeaderElection198] INFO  server.RaftServerConfigKeys (ConfUtils.java:logGet(43)) - raft.server.watch.timeout = 10s (default)
2019-09-20 08:50:19,845 [aa1fb5c1-0c84-4e24-a27d-d801a3140cf1:group-E86EB5EBE6DA:LeaderElection198] INFO  server.RaftServerConfigKeys (ConfUtils.java:logGet(43)) - raft.server.watch.timeout.denomination = 1s (default)
2019-09-20 08:50:19,846 [aa1fb5c1-0c84-4e24-a27d-d801a3140cf1:group-E86EB5EBE6DA:LeaderElection198] INFO  server.RaftServerConfigKeys (ConfUtils.java:logGet(43)) - raft.server.watch.element-limit = 65536 (default)
2019-09-20 08:50:19,846 [aa1fb5c1-0c84-4e24-a27d-d801a3140cf1:group-E86EB5EBE6DA:LeaderElection198] INFO  impl.RoleInfo (RoleInfo.java:updateAndGet(143)) - aa1fb5c1-0c84-4e24-a27d-d801a3140cf1: start LeaderState
2019-09-20 08:50:19,846 [aa1fb5c1-0c84-4e24-a27d-d801a3140cf1:group-E86EB5EBE6DA:LeaderElection198] INFO  segmented.SegmentedRaftLogWorker (SegmentedRaftLogWorker.java:startLogSegment(380)) - aa1fb5c1-0c84-4e24-a27d-d801a3140cf1-SegmentedRaftLogWorker:Storage Directory /workdir/hadoop-ozone/ozonefs/target/test-dir/MiniOzoneClusterImpl-a4ae5ff1-2421-4ebd-91fb-13e93a5a3fba/datanode-1/data/ratis/ccf82dcc-debb-4af1-9362-e86eb5ebe6da: Starting segment from index:0
2019-09-20 08:50:19,846 [aa1fb5c1-0c84-4e24-a27d-d801a3140cf1:group-E86EB5EBE6DA:LeaderElection198] INFO  impl.RaftServerImpl (ServerState.java:setRaftConf(361)) - aa1fb5c1-0c84-4e24-a27d-d801a3140cf1:group-E86EB5EBE6DA set configuration 0: [aa1fb5c1-0c84-4e24-a27d-d801a3140cf1:192.168.36.79:41886], old=null at 0
2019-09-20 08:50:19,851 [Thread-3100] INFO  impl.FollowerState (FollowerState.java:run(106)) - 847f5ce1-146d-4bef-b8c6-e5ef7108e27b:group-23AD78E973C8 changes to CANDIDATE, lastRpcTime:5088, electionTimeout:5088ms
2019-09-20 08:50:19,852 [Thread-3100] INFO  impl.RoleInfo (RoleInfo.java:shutdownFollowerState(121)) - 847f5ce1-146d-4bef-b8c6-e5ef7108e27b: shutdown FollowerState
2019-09-20 08:50:19,852 [Thread-3100] INFO  impl.RaftServerImpl (RaftServerImpl.java:setRole(171)) - 847f5ce1-146d-4bef-b8c6-e5ef7108e27b:group-23AD78E973C8 changes role from FOLLOWER to CANDIDATE at term 0 for changeToCandidate
2019-09-20 08:50:19,852 [Thread-3100] INFO  impl.RoleInfo (RoleInfo.java:updateAndGet(143)) - 847f5ce1-146d-4bef-b8c6-e5ef7108e27b: start LeaderElection
2019-09-20 08:50:19,884 [Thread-3103] INFO  impl.FollowerState (FollowerState.java:run(106)) - 847f5ce1-146d-4bef-b8c6-e5ef7108e27b:group-5416A244EFFA changes to CANDIDATE, lastRpcTime:5052, electionTimeout:5052ms
2019-09-20 08:50:19,885 [Thread-3103] INFO  impl.RoleInfo (RoleInfo.java:shutdownFollowerState(121)) - 847f5ce1-146d-4bef-b8c6-e5ef7108e27b: shutdown FollowerState
2019-09-20 08:50:19,885 [Thread-3103] INFO  impl.RaftServerImpl (RaftServerImpl.java:setRole(171)) - 847f5ce1-146d-4bef-b8c6-e5ef7108e27b:group-5416A244EFFA changes role from FOLLOWER to CANDIDATE at term 0 for changeToCandidate
2019-09-20 08:50:19,885 [Thread-3103] INFO  impl.RoleInfo (RoleInfo.java:updateAndGet(143)) - 847f5ce1-146d-4bef-b8c6-e5ef7108e27b: start LeaderElection
2019-09-20 08:50:19,915 [aa1fb5c1-0c84-4e24-a27d-d801a3140cf1-SegmentedRaftLogWorker:Storage Directory /workdir/hadoop-ozone/ozonefs/target/test-dir/MiniOzoneClusterImpl-a4ae5ff1-2421-4ebd-91fb-13e93a5a3fba/datanode-1/data/ratis/ccf82dcc-debb-4af1-9362-e86eb5ebe6da] INFO  segmented.SegmentedRaftLogWorker (SegmentedRaftLogWorker.java:execute(569)) - aa1fb5c1-0c84-4e24-a27d-d801a3140cf1-SegmentedRaftLogWorker:Storage Directory /workdir/hadoop-ozone/ozonefs/target/test-dir/MiniOzoneClusterImpl-a4ae5ff1-2421-4ebd-91fb-13e93a5a3fba/datanode-1/data/ratis/ccf82dcc-debb-4af1-9362-e86eb5ebe6da: created new log segment /workdir/hadoop-ozone/ozonefs/target/test-dir/MiniOzoneClusterImpl-a4ae5ff1-2421-4ebd-91fb-13e93a5a3fba/datanode-1/data/ratis/ccf82dcc-debb-4af1-9362-e86eb5ebe6da/current/log_inprogress_0
2019-09-20 08:50:19,915 [847f5ce1-146d-4bef-b8c6-e5ef7108e27b:group-23AD78E973C8:LeaderElection199] INFO  impl.LeaderElection (LeaderElection.java:askForVotes(181)) - 847f5ce1-146d-4bef-b8c6-e5ef7108e27b:group-23AD78E973C8:LeaderElection199: begin an election at term 1 for -1: [847f5ce1-146d-4bef-b8c6-e5ef7108e27b:192.168.36.79:36776], old=null
2019-09-20 08:50:19,915 [847f5ce1-146d-4bef-b8c6-e5ef7108e27b:group-23AD78E973C8:LeaderElection199] INFO  impl.RoleInfo (RoleInfo.java:shutdownLeaderElection(134)) - 847f5ce1-146d-4bef-b8c6-e5ef7108e27b: shutdown LeaderElection
2019-09-20 08:50:19,915 [847f5ce1-146d-4bef-b8c6-e5ef7108e27b:group-5416A244EFFA:LeaderElection200] INFO  impl.LeaderElection (LeaderElection.java:askForVotes(181)) - 847f5ce1-146d-4bef-b8c6-e5ef7108e27b:group-5416A244EFFA:LeaderElection200: begin an election at term 1 for -1: [847f5ce1-146d-4bef-b8c6-e5ef7108e27b:192.168.36.79:36776], old=null
2019-09-20 08:50:19,916 [847f5ce1-146d-4bef-b8c6-e5ef7108e27b:group-23AD78E973C8:LeaderElection199] INFO  impl.RaftServerImpl (RaftServerImpl.java:setRole(171)) - 847f5ce1-146d-4bef-b8c6-e5ef7108e27b:group-23AD78E973C8 changes role from CANDIDATE to LEADER at term 1 for changeToLeader
2019-09-20 08:50:19,916 [847f5ce1-146d-4bef-b8c6-e5ef7108e27b:group-5416A244EFFA:LeaderElection200] INFO  impl.RoleInfo (RoleInfo.java:shutdownLeaderElection(134)) - 847f5ce1-146d-4bef-b8c6-e5ef7108e27b: shutdown LeaderElection
2019-09-20 08:50:19,916 [847f5ce1-146d-4bef-b8c6-e5ef7108e27b:group-23AD78E973C8:LeaderElection199] INFO  impl.RaftServerImpl (ServerState.java:setLeader(263)) - 847f5ce1-146d-4bef-b8c6-e5ef7108e27b:group-23AD78E973C8 change Leader from null to 847f5ce1-146d-4bef-b8c6-e5ef7108e27b at term 1 for becomeLeader, leader elected after 5156ms
2019-09-20 08:50:19,916 [847f5ce1-146d-4bef-b8c6-e5ef7108e27b:group-5416A244EFFA:LeaderElection200] INFO  impl.RaftServerImpl (RaftServerImpl.java:setRole(171)) - 847f5ce1-146d-4bef-b8c6-e5ef7108e27b:group-5416A244EFFA changes role from CANDIDATE to LEADER at term 1 for changeToLeader
2019-09-20 08:50:19,916 [847f5ce1-146d-4bef-b8c6-e5ef7108e27b:group-23AD78E973C8:LeaderElection199] INFO  server.RaftServerConfigKeys (ConfUtils.java:logGet(43)) - raft.server.staging.catchup.gap = 1000 (default)
2019-09-20 08:50:19,916 [847f5ce1-146d-4bef-b8c6-e5ef7108e27b:group-5416A244EFFA:LeaderElection200] INFO  impl.RaftServerImpl (ServerState.java:setLeader(263)) - 847f5ce1-146d-4bef-b8c6-e5ef7108e27b:group-5416A244EFFA change Leader from null to 847f5ce1-146d-4bef-b8c6-e5ef7108e27b at term 1 for becomeLeader, leader elected after 5089ms
2019-09-20 08:50:19,916 [847f5ce1-146d-4bef-b8c6-e5ef7108e27b:group-23AD78E973C8:LeaderElection199] INFO  server.RaftServerConfigKeys (ConfUtils.java:logGet(43)) - raft.server.rpc.sleep.time = 25ms (default)
2019-09-20 08:50:19,917 [847f5ce1-146d-4bef-b8c6-e5ef7108e27b:group-5416A244EFFA:LeaderElection200] INFO  server.RaftServerConfigKeys (ConfUtils.java:logGet(43)) - raft.server.staging.catchup.gap = 1000 (default)
2019-09-20 08:50:19,917 [847f5ce1-146d-4bef-b8c6-e5ef7108e27b:group-23AD78E973C8:LeaderElection199] INFO  server.RaftServerConfigKeys (ConfUtils.java:logGet(43)) - raft.server.write.element-limit = 4096 (default)
2019-09-20 08:50:19,917 [847f5ce1-146d-4bef-b8c6-e5ef7108e27b:group-5416A244EFFA:LeaderElection200] INFO  server.RaftServerConfigKeys (ConfUtils.java:logGet(43)) - raft.server.rpc.sleep.time = 25ms (default)
2019-09-20 08:50:19,917 [847f5ce1-146d-4bef-b8c6-e5ef7108e27b:group-23AD78E973C8:LeaderElection199] INFO  server.RaftServerConfigKeys (ConfUtils.java:logGet(43)) - raft.server.watch.timeout = 10s (default)
2019-09-20 08:50:19,917 [847f5ce1-146d-4bef-b8c6-e5ef7108e27b:group-5416A244EFFA:LeaderElection200] INFO  server.RaftServerConfigKeys (ConfUtils.java:logGet(43)) - raft.server.write.element-limit = 4096 (default)
2019-09-20 08:50:19,917 [847f5ce1-146d-4bef-b8c6-e5ef7108e27b:group-23AD78E973C8:LeaderElection199] INFO  server.RaftServerConfigKeys (ConfUtils.java:logGet(43)) - raft.server.watch.timeout.denomination = 1s (default)
2019-09-20 08:50:19,917 [847f5ce1-146d-4bef-b8c6-e5ef7108e27b:group-5416A244EFFA:LeaderElection200] INFO  server.RaftServerConfigKeys (ConfUtils.java:logGet(43)) - raft.server.watch.timeout = 10s (default)
2019-09-20 08:50:19,918 [847f5ce1-146d-4bef-b8c6-e5ef7108e27b:group-23AD78E973C8:LeaderElection199] INFO  server.RaftServerConfigKeys (ConfUtils.java:logGet(43)) - raft.server.watch.element-limit = 65536 (default)
2019-09-20 08:50:19,918 [847f5ce1-146d-4bef-b8c6-e5ef7108e27b:group-5416A244EFFA:LeaderElection200] INFO  server.RaftServerConfigKeys (ConfUtils.java:logGet(43)) - raft.server.watch.timeout.denomination = 1s (default)
2019-09-20 08:50:19,918 [847f5ce1-146d-4bef-b8c6-e5ef7108e27b:group-23AD78E973C8:LeaderElection199] INFO  impl.RoleInfo (RoleInfo.java:updateAndGet(143)) - 847f5ce1-146d-4bef-b8c6-e5ef7108e27b: start LeaderState
2019-09-20 08:50:19,918 [847f5ce1-146d-4bef-b8c6-e5ef7108e27b:group-5416A244EFFA:LeaderElection200] INFO  server.RaftServerConfigKeys (ConfUtils.java:logGet(43)) - raft.server.watch.element-limit = 65536 (default)
2019-09-20 08:50:19,918 [847f5ce1-146d-4bef-b8c6-e5ef7108e27b:group-23AD78E973C8:LeaderElection199] INFO  segmented.SegmentedRaftLogWorker (SegmentedRaftLogWorker.java:startLogSegment(380)) - 847f5ce1-146d-4bef-b8c6-e5ef7108e27b-SegmentedRaftLogWorker:Storage Directory /workdir/hadoop-ozone/ozonefs/target/test-dir/MiniOzoneClusterImpl-a4ae5ff1-2421-4ebd-91fb-13e93a5a3fba/datanode-0/data/ratis/8b8f92b8-cea1-47e7-908f-23ad78e973c8: Starting segment from index:0
2019-09-20 08:50:19,918 [847f5ce1-146d-4bef-b8c6-e5ef7108e27b:group-5416A244EFFA:LeaderElection200] INFO  impl.RoleInfo (RoleInfo.java:updateAndGet(143)) - 847f5ce1-146d-4bef-b8c6-e5ef7108e27b: start LeaderState
2019-09-20 08:50:19,919 [847f5ce1-146d-4bef-b8c6-e5ef7108e27b:group-5416A244EFFA:LeaderElection200] INFO  segmented.SegmentedRaftLogWorker (SegmentedRaftLogWorker.java:startLogSegment(380)) - 847f5ce1-146d-4bef-b8c6-e5ef7108e27b-SegmentedRaftLogWorker:Storage Directory /workdir/hadoop-ozone/ozonefs/target/test-dir/MiniOzoneClusterImpl-a4ae5ff1-2421-4ebd-91fb-13e93a5a3fba/datanode-0/data/ratis/484fca6a-af80-44e4-b075-5416a244effa: Starting segment from index:0
2019-09-20 08:50:19,919 [847f5ce1-146d-4bef-b8c6-e5ef7108e27b:group-23AD78E973C8:LeaderElection199] INFO  impl.RaftServerImpl (ServerState.java:setRaftConf(361)) - 847f5ce1-146d-4bef-b8c6-e5ef7108e27b:group-23AD78E973C8 set configuration 0: [847f5ce1-146d-4bef-b8c6-e5ef7108e27b:192.168.36.79:36776], old=null at 0
2019-09-20 08:50:19,919 [847f5ce1-146d-4bef-b8c6-e5ef7108e27b:group-5416A244EFFA:LeaderElection200] INFO  impl.RaftServerImpl (ServerState.java:setRaftConf(361)) - 847f5ce1-146d-4bef-b8c6-e5ef7108e27b:group-5416A244EFFA set configuration 0: [847f5ce1-146d-4bef-b8c6-e5ef7108e27b:192.168.36.79:36776], old=null at 0
2019-09-20 08:50:19,974 [847f5ce1-146d-4bef-b8c6-e5ef7108e27b-SegmentedRaftLogWorker:Storage Directory /workdir/hadoop-ozone/ozonefs/target/test-dir/MiniOzoneClusterImpl-a4ae5ff1-2421-4ebd-91fb-13e93a5a3fba/datanode-0/data/ratis/484fca6a-af80-44e4-b075-5416a244effa] INFO  segmented.SegmentedRaftLogWorker (SegmentedRaftLogWorker.java:execute(569)) - 847f5ce1-146d-4bef-b8c6-e5ef7108e27b-SegmentedRaftLogWorker:Storage Directory /workdir/hadoop-ozone/ozonefs/target/test-dir/MiniOzoneClusterImpl-a4ae5ff1-2421-4ebd-91fb-13e93a5a3fba/datanode-0/data/ratis/484fca6a-af80-44e4-b075-5416a244effa: created new log segment /workdir/hadoop-ozone/ozonefs/target/test-dir/MiniOzoneClusterImpl-a4ae5ff1-2421-4ebd-91fb-13e93a5a3fba/datanode-0/data/ratis/484fca6a-af80-44e4-b075-5416a244effa/current/log_inprogress_0
2019-09-20 08:50:19,974 [847f5ce1-146d-4bef-b8c6-e5ef7108e27b-SegmentedRaftLogWorker:Storage Directory /workdir/hadoop-ozone/ozonefs/target/test-dir/MiniOzoneClusterImpl-a4ae5ff1-2421-4ebd-91fb-13e93a5a3fba/datanode-0/data/ratis/8b8f92b8-cea1-47e7-908f-23ad78e973c8] INFO  segmented.SegmentedRaftLogWorker (SegmentedRaftLogWorker.java:execute(569)) - 847f5ce1-146d-4bef-b8c6-e5ef7108e27b-SegmentedRaftLogWorker:Storage Directory /workdir/hadoop-ozone/ozonefs/target/test-dir/MiniOzoneClusterImpl-a4ae5ff1-2421-4ebd-91fb-13e93a5a3fba/datanode-0/data/ratis/8b8f92b8-cea1-47e7-908f-23ad78e973c8: created new log segment /workdir/hadoop-ozone/ozonefs/target/test-dir/MiniOzoneClusterImpl-a4ae5ff1-2421-4ebd-91fb-13e93a5a3fba/datanode-0/data/ratis/8b8f92b8-cea1-47e7-908f-23ad78e973c8/current/log_inprogress_0
2019-09-20 08:50:20,034 [Thread-3109] INFO  impl.FollowerState (FollowerState.java:run(106)) - 878b45f2-8640-4699-86a6-c2f01c1e4571:group-3A05B1CEF8E5 changes to CANDIDATE, lastRpcTime:5024, electionTimeout:5024ms
2019-09-20 08:50:20,034 [Thread-3109] INFO  impl.RoleInfo (RoleInfo.java:shutdownFollowerState(121)) - 878b45f2-8640-4699-86a6-c2f01c1e4571: shutdown FollowerState
2019-09-20 08:50:20,034 [Thread-3109] INFO  impl.RaftServerImpl (RaftServerImpl.java:setRole(171)) - 878b45f2-8640-4699-86a6-c2f01c1e4571:group-3A05B1CEF8E5 changes role from FOLLOWER to CANDIDATE at term 0 for changeToCandidate
2019-09-20 08:50:20,034 [Thread-3109] INFO  impl.RoleInfo (RoleInfo.java:updateAndGet(143)) - 878b45f2-8640-4699-86a6-c2f01c1e4571: start LeaderElection
2019-09-20 08:50:20,058 [878b45f2-8640-4699-86a6-c2f01c1e4571:group-3A05B1CEF8E5:LeaderElection201] INFO  impl.LeaderElection (LeaderElection.java:askForVotes(181)) - 878b45f2-8640-4699-86a6-c2f01c1e4571:group-3A05B1CEF8E5:LeaderElection201: begin an election at term 1 for -1: [878b45f2-8640-4699-86a6-c2f01c1e4571:192.168.36.79:45232], old=null
2019-09-20 08:50:20,058 [878b45f2-8640-4699-86a6-c2f01c1e4571:group-3A05B1CEF8E5:LeaderElection201] INFO  impl.RoleInfo (RoleInfo.java:shutdownLeaderElection(134)) - 878b45f2-8640-4699-86a6-c2f01c1e4571: shutdown LeaderElection
2019-09-20 08:50:20,058 [878b45f2-8640-4699-86a6-c2f01c1e4571:group-3A05B1CEF8E5:LeaderElection201] INFO  impl.RaftServerImpl (RaftServerImpl.java:setRole(171)) - 878b45f2-8640-4699-86a6-c2f01c1e4571:group-3A05B1CEF8E5 changes role from CANDIDATE to LEADER at term 1 for changeToLeader
2019-09-20 08:50:20,058 [878b45f2-8640-4699-86a6-c2f01c1e4571:group-3A05B1CEF8E5:LeaderElection201] INFO  impl.RaftServerImpl (ServerState.java:setLeader(263)) - 878b45f2-8640-4699-86a6-c2f01c1e4571:group-3A05B1CEF8E5 change Leader from null to 878b45f2-8640-4699-86a6-c2f01c1e4571 at term 1 for becomeLeader, leader elected after 5054ms
2019-09-20 08:50:20,059 [878b45f2-8640-4699-86a6-c2f01c1e4571:group-3A05B1CEF8E5:LeaderElection201] INFO  server.RaftServerConfigKeys (ConfUtils.java:logGet(43)) - raft.server.staging.catchup.gap = 1000 (default)
2019-09-20 08:50:20,059 [878b45f2-8640-4699-86a6-c2f01c1e4571:group-3A05B1CEF8E5:LeaderElection201] INFO  server.RaftServerConfigKeys (ConfUtils.java:logGet(43)) - raft.server.rpc.sleep.time = 25ms (default)
2019-09-20 08:50:20,059 [878b45f2-8640-4699-86a6-c2f01c1e4571:group-3A05B1CEF8E5:LeaderElection201] INFO  server.RaftServerConfigKeys (ConfUtils.java:logGet(43)) - raft.server.write.element-limit = 4096 (default)
2019-09-20 08:50:20,059 [878b45f2-8640-4699-86a6-c2f01c1e4571:group-3A05B1CEF8E5:LeaderElection201] INFO  server.RaftServerConfigKeys (ConfUtils.java:logGet(43)) - raft.server.watch.timeout = 10s (default)
2019-09-20 08:50:20,060 [878b45f2-8640-4699-86a6-c2f01c1e4571:group-3A05B1CEF8E5:LeaderElection201] INFO  server.RaftServerConfigKeys (ConfUtils.java:logGet(43)) - raft.server.watch.timeout.denomination = 1s (default)
2019-09-20 08:50:20,060 [878b45f2-8640-4699-86a6-c2f01c1e4571:group-3A05B1CEF8E5:LeaderElection201] INFO  server.RaftServerConfigKeys (ConfUtils.java:logGet(43)) - raft.server.watch.element-limit = 65536 (default)
2019-09-20 08:50:20,060 [878b45f2-8640-4699-86a6-c2f01c1e4571:group-3A05B1CEF8E5:LeaderElection201] INFO  impl.RoleInfo (RoleInfo.java:updateAndGet(143)) - 878b45f2-8640-4699-86a6-c2f01c1e4571: start LeaderState
2019-09-20 08:50:20,060 [878b45f2-8640-4699-86a6-c2f01c1e4571:group-3A05B1CEF8E5:LeaderElection201] INFO  segmented.SegmentedRaftLogWorker (SegmentedRaftLogWorker.java:startLogSegment(380)) - 878b45f2-8640-4699-86a6-c2f01c1e4571-SegmentedRaftLogWorker:Storage Directory /workdir/hadoop-ozone/ozonefs/target/test-dir/MiniOzoneClusterImpl-a4ae5ff1-2421-4ebd-91fb-13e93a5a3fba/datanode-2/data/ratis/11149d27-86bc-4bf1-b410-3a05b1cef8e5: Starting segment from index:0
2019-09-20 08:50:20,061 [878b45f2-8640-4699-86a6-c2f01c1e4571:group-3A05B1CEF8E5:LeaderElection201] INFO  impl.RaftServerImpl (ServerState.java:setRaftConf(361)) - 878b45f2-8640-4699-86a6-c2f01c1e4571:group-3A05B1CEF8E5 set configuration 0: [878b45f2-8640-4699-86a6-c2f01c1e4571:192.168.36.79:45232], old=null at 0
2019-09-20 08:50:20,114 [Thread-3106] INFO  impl.FollowerState (FollowerState.java:run(106)) - aa1fb5c1-0c84-4e24-a27d-d801a3140cf1:group-1FD00683041C changes to CANDIDATE, lastRpcTime:5189, electionTimeout:5189ms
2019-09-20 08:50:20,114 [Thread-3106] INFO  impl.RoleInfo (RoleInfo.java:shutdownFollowerState(121)) - aa1fb5c1-0c84-4e24-a27d-d801a3140cf1: shutdown FollowerState
2019-09-20 08:50:20,115 [Thread-3106] INFO  impl.RaftServerImpl (RaftServerImpl.java:setRole(171)) - aa1fb5c1-0c84-4e24-a27d-d801a3140cf1:group-1FD00683041C changes role from FOLLOWER to CANDIDATE at term 0 for changeToCandidate
2019-09-20 08:50:20,115 [Thread-3106] INFO  impl.RoleInfo (RoleInfo.java:updateAndGet(143)) - aa1fb5c1-0c84-4e24-a27d-d801a3140cf1: start LeaderElection
2019-09-20 08:50:20,118 [878b45f2-8640-4699-86a6-c2f01c1e4571-SegmentedRaftLogWorker:Storage Directory /workdir/hadoop-ozone/ozonefs/target/test-dir/MiniOzoneClusterImpl-a4ae5ff1-2421-4ebd-91fb-13e93a5a3fba/datanode-2/data/ratis/11149d27-86bc-4bf1-b410-3a05b1cef8e5] INFO  segmented.SegmentedRaftLogWorker (SegmentedRaftLogWorker.java:execute(569)) - 878b45f2-8640-4699-86a6-c2f01c1e4571-SegmentedRaftLogWorker:Storage Directory /workdir/hadoop-ozone/ozonefs/target/test-dir/MiniOzoneClusterImpl-a4ae5ff1-2421-4ebd-91fb-13e93a5a3fba/datanode-2/data/ratis/11149d27-86bc-4bf1-b410-3a05b1cef8e5: created new log segment /workdir/hadoop-ozone/ozonefs/target/test-dir/MiniOzoneClusterImpl-a4ae5ff1-2421-4ebd-91fb-13e93a5a3fba/datanode-2/data/ratis/11149d27-86bc-4bf1-b410-3a05b1cef8e5/current/log_inprogress_0
2019-09-20 08:50:20,130 [Thread-3112] INFO  impl.FollowerState (FollowerState.java:run(106)) - aa1fb5c1-0c84-4e24-a27d-d801a3140cf1:group-667A08E43CAC changes to CANDIDATE, lastRpcTime:5045, electionTimeout:5045ms
2019-09-20 08:50:20,130 [Thread-3112] INFO  impl.RoleInfo (RoleInfo.java:shutdownFollowerState(121)) - aa1fb5c1-0c84-4e24-a27d-d801a3140cf1: shutdown FollowerState
2019-09-20 08:50:20,130 [Thread-3112] INFO  impl.RaftServerImpl (RaftServerImpl.java:setRole(171)) - aa1fb5c1-0c84-4e24-a27d-d801a3140cf1:group-667A08E43CAC changes role from FOLLOWER to CANDIDATE at term 0 for changeToCandidate
2019-09-20 08:50:20,130 [Thread-3112] INFO  impl.RoleInfo (RoleInfo.java:updateAndGet(143)) - aa1fb5c1-0c84-4e24-a27d-d801a3140cf1: start LeaderElection
2019-09-20 08:50:20,150 [aa1fb5c1-0c84-4e24-a27d-d801a3140cf1:group-1FD00683041C:LeaderElection202] INFO  impl.LeaderElection (LeaderElection.java:askForVotes(181)) - aa1fb5c1-0c84-4e24-a27d-d801a3140cf1:group-1FD00683041C:LeaderElection202: begin an election at term 1 for -1: [aa1fb5c1-0c84-4e24-a27d-d801a3140cf1:192.168.36.79:41886], old=null
2019-09-20 08:50:20,150 [aa1fb5c1-0c84-4e24-a27d-d801a3140cf1:group-1FD00683041C:LeaderElection202] INFO  impl.RoleInfo (RoleInfo.java:shutdownLeaderElection(134)) - aa1fb5c1-0c84-4e24-a27d-d801a3140cf1: shutdown LeaderElection
2019-09-20 08:50:20,151 [aa1fb5c1-0c84-4e24-a27d-d801a3140cf1:group-1FD00683041C:LeaderElection202] INFO  impl.RaftServerImpl (RaftServerImpl.java:setRole(171)) - aa1fb5c1-0c84-4e24-a27d-d801a3140cf1:group-1FD00683041C changes role from CANDIDATE to LEADER at term 1 for changeToLeader
2019-09-20 08:50:20,151 [aa1fb5c1-0c84-4e24-a27d-d801a3140cf1:group-1FD00683041C:LeaderElection202] INFO  impl.RaftServerImpl (ServerState.java:setLeader(263)) - aa1fb5c1-0c84-4e24-a27d-d801a3140cf1:group-1FD00683041C change Leader from null to aa1fb5c1-0c84-4e24-a27d-d801a3140cf1 at term 1 for becomeLeader, leader elected after 5231ms
2019-09-20 08:50:20,151 [aa1fb5c1-0c84-4e24-a27d-d801a3140cf1:group-1FD00683041C:LeaderElection202] INFO  server.RaftServerConfigKeys (ConfUtils.java:logGet(43)) - raft.server.staging.catchup.gap = 1000 (default)
2019-09-20 08:50:20,151 [aa1fb5c1-0c84-4e24-a27d-d801a3140cf1:group-1FD00683041C:LeaderElection202] INFO  server.RaftServerConfigKeys (ConfUtils.java:logGet(43)) - raft.server.rpc.sleep.time = 25ms (default)
2019-09-20 08:50:20,151 [aa1fb5c1-0c84-4e24-a27d-d801a3140cf1:group-1FD00683041C:LeaderElection202] INFO  server.RaftServerConfigKeys (ConfUtils.java:logGet(43)) - raft.server.write.element-limit = 4096 (default)
2019-09-20 08:50:20,151 [aa1fb5c1-0c84-4e24-a27d-d801a3140cf1:group-1FD00683041C:LeaderElection202] INFO  server.RaftServerConfigKeys (ConfUtils.java:logGet(43)) - raft.server.watch.timeout = 10s (default)
2019-09-20 08:50:20,152 [aa1fb5c1-0c84-4e24-a27d-d801a3140cf1:group-1FD00683041C:LeaderElection202] INFO  server.RaftServerConfigKeys (ConfUtils.java:logGet(43)) - raft.server.watch.timeout.denomination = 1s (default)
2019-09-20 08:50:20,152 [aa1fb5c1-0c84-4e24-a27d-d801a3140cf1:group-1FD00683041C:LeaderElection202] INFO  server.RaftServerConfigKeys (ConfUtils.java:logGet(43)) - raft.server.watch.element-limit = 65536 (default)
2019-09-20 08:50:20,152 [aa1fb5c1-0c84-4e24-a27d-d801a3140cf1:group-1FD00683041C:LeaderElection202] INFO  impl.RoleInfo (RoleInfo.java:updateAndGet(143)) - aa1fb5c1-0c84-4e24-a27d-d801a3140cf1: start LeaderState
2019-09-20 08:50:20,152 [aa1fb5c1-0c84-4e24-a27d-d801a3140cf1:group-1FD00683041C:LeaderElection202] INFO  segmented.SegmentedRaftLogWorker (SegmentedRaftLogWorker.java:startLogSegment(380)) - aa1fb5c1-0c84-4e24-a27d-d801a3140cf1-SegmentedRaftLogWorker:Storage Directory /workdir/hadoop-ozone/ozonefs/target/test-dir/MiniOzoneClusterImpl-a4ae5ff1-2421-4ebd-91fb-13e93a5a3fba/datanode-1/data/ratis/e34a21e1-3fd2-431b-b123-1fd00683041c: Starting segment from index:0
2019-09-20 08:50:20,153 [aa1fb5c1-0c84-4e24-a27d-d801a3140cf1:group-1FD00683041C:LeaderElection202] INFO  impl.RaftServerImpl (ServerState.java:setRaftConf(361)) - aa1fb5c1-0c84-4e24-a27d-d801a3140cf1:group-1FD00683041C set configuration 0: [aa1fb5c1-0c84-4e24-a27d-d801a3140cf1:192.168.36.79:41886], old=null at 0
2019-09-20 08:50:20,159 [aa1fb5c1-0c84-4e24-a27d-d801a3140cf1:group-667A08E43CAC:LeaderElection203] INFO  impl.LeaderElection (LeaderElection.java:askForVotes(181)) - aa1fb5c1-0c84-4e24-a27d-d801a3140cf1:group-667A08E43CAC:LeaderElection203: begin an election at term 1 for -1: [aa1fb5c1-0c84-4e24-a27d-d801a3140cf1:192.168.36.79:41886], old=null
2019-09-20 08:50:20,159 [aa1fb5c1-0c84-4e24-a27d-d801a3140cf1:group-667A08E43CAC:LeaderElection203] INFO  impl.RoleInfo (RoleInfo.java:shutdownLeaderElection(134)) - aa1fb5c1-0c84-4e24-a27d-d801a3140cf1: shutdown LeaderElection
2019-09-20 08:50:20,159 [aa1fb5c1-0c84-4e24-a27d-d801a3140cf1:group-667A08E43CAC:LeaderElection203] INFO  impl.RaftServerImpl (RaftServerImpl.java:setRole(171)) - aa1fb5c1-0c84-4e24-a27d-d801a3140cf1:group-667A08E43CAC changes role from CANDIDATE to LEADER at term 1 for changeToLeader
2019-09-20 08:50:20,159 [aa1fb5c1-0c84-4e24-a27d-d801a3140cf1:group-667A08E43CAC:LeaderElection203] INFO  impl.RaftServerImpl (ServerState.java:setLeader(263)) - aa1fb5c1-0c84-4e24-a27d-d801a3140cf1:group-667A08E43CAC change Leader from null to aa1fb5c1-0c84-4e24-a27d-d801a3140cf1 at term 1 for becomeLeader, leader elected after 5079ms
2019-09-20 08:50:20,159 [aa1fb5c1-0c84-4e24-a27d-d801a3140cf1:group-667A08E43CAC:LeaderElection203] INFO  server.RaftServerConfigKeys (ConfUtils.java:logGet(43)) - raft.server.staging.catchup.gap = 1000 (default)
2019-09-20 08:50:20,159 [aa1fb5c1-0c84-4e24-a27d-d801a3140cf1:group-667A08E43CAC:LeaderElection203] INFO  server.RaftServerConfigKeys (ConfUtils.java:logGet(43)) - raft.server.rpc.sleep.time = 25ms (default)
2019-09-20 08:50:20,159 [aa1fb5c1-0c84-4e24-a27d-d801a3140cf1:group-667A08E43CAC:LeaderElection203] INFO  server.RaftServerConfigKeys (ConfUtils.java:logGet(43)) - raft.server.write.element-limit = 4096 (default)
2019-09-20 08:50:20,160 [aa1fb5c1-0c84-4e24-a27d-d801a3140cf1:group-667A08E43CAC:LeaderElection203] INFO  server.RaftServerConfigKeys (ConfUtils.java:logGet(43)) - raft.server.watch.timeout = 10s (default)
2019-09-20 08:50:20,160 [aa1fb5c1-0c84-4e24-a27d-d801a3140cf1:group-667A08E43CAC:LeaderElection203] INFO  server.RaftServerConfigKeys (ConfUtils.java:logGet(43)) - raft.server.watch.timeout.denomination = 1s (default)
2019-09-20 08:50:20,160 [aa1fb5c1-0c84-4e24-a27d-d801a3140cf1:group-667A08E43CAC:LeaderElection203] INFO  server.RaftServerConfigKeys (ConfUtils.java:logGet(43)) - raft.server.watch.element-limit = 65536 (default)
2019-09-20 08:50:20,160 [aa1fb5c1-0c84-4e24-a27d-d801a3140cf1:group-667A08E43CAC:LeaderElection203] INFO  impl.RoleInfo (RoleInfo.java:updateAndGet(143)) - aa1fb5c1-0c84-4e24-a27d-d801a3140cf1: start LeaderState
2019-09-20 08:50:20,160 [aa1fb5c1-0c84-4e24-a27d-d801a3140cf1:group-667A08E43CAC:LeaderElection203] INFO  segmented.SegmentedRaftLogWorker (SegmentedRaftLogWorker.java:startLogSegment(380)) - aa1fb5c1-0c84-4e24-a27d-d801a3140cf1-SegmentedRaftLogWorker:Storage Directory /workdir/hadoop-ozone/ozonefs/target/test-dir/MiniOzoneClusterImpl-a4ae5ff1-2421-4ebd-91fb-13e93a5a3fba/datanode-1/data/ratis/053b1d80-aa5c-447a-83c3-667a08e43cac: Starting segment from index:0
2019-09-20 08:50:20,161 [aa1fb5c1-0c84-4e24-a27d-d801a3140cf1:group-667A08E43CAC:LeaderElection203] INFO  impl.RaftServerImpl (ServerState.java:setRaftConf(361)) - aa1fb5c1-0c84-4e24-a27d-d801a3140cf1:group-667A08E43CAC set configuration 0: [aa1fb5c1-0c84-4e24-a27d-d801a3140cf1:192.168.36.79:41886], old=null at 0
2019-09-20 08:50:20,209 [aa1fb5c1-0c84-4e24-a27d-d801a3140cf1-SegmentedRaftLogWorker:Storage Directory /workdir/hadoop-ozone/ozonefs/target/test-dir/MiniOzoneClusterImpl-a4ae5ff1-2421-4ebd-91fb-13e93a5a3fba/datanode-1/data/ratis/053b1d80-aa5c-447a-83c3-667a08e43cac] INFO  segmented.SegmentedRaftLogWorker (SegmentedRaftLogWorker.java:execute(569)) - aa1fb5c1-0c84-4e24-a27d-d801a3140cf1-SegmentedRaftLogWorker:Storage Directory /workdir/hadoop-ozone/ozonefs/target/test-dir/MiniOzoneClusterImpl-a4ae5ff1-2421-4ebd-91fb-13e93a5a3fba/datanode-1/data/ratis/053b1d80-aa5c-447a-83c3-667a08e43cac: created new log segment /workdir/hadoop-ozone/ozonefs/target/test-dir/MiniOzoneClusterImpl-a4ae5ff1-2421-4ebd-91fb-13e93a5a3fba/datanode-1/data/ratis/053b1d80-aa5c-447a-83c3-667a08e43cac/current/log_inprogress_0
2019-09-20 08:50:20,209 [aa1fb5c1-0c84-4e24-a27d-d801a3140cf1-SegmentedRaftLogWorker:Storage Directory /workdir/hadoop-ozone/ozonefs/target/test-dir/MiniOzoneClusterImpl-a4ae5ff1-2421-4ebd-91fb-13e93a5a3fba/datanode-1/data/ratis/e34a21e1-3fd2-431b-b123-1fd00683041c] INFO  segmented.SegmentedRaftLogWorker (SegmentedRaftLogWorker.java:execute(569)) - aa1fb5c1-0c84-4e24-a27d-d801a3140cf1-SegmentedRaftLogWorker:Storage Directory /workdir/hadoop-ozone/ozonefs/target/test-dir/MiniOzoneClusterImpl-a4ae5ff1-2421-4ebd-91fb-13e93a5a3fba/datanode-1/data/ratis/e34a21e1-3fd2-431b-b123-1fd00683041c: created new log segment /workdir/hadoop-ozone/ozonefs/target/test-dir/MiniOzoneClusterImpl-a4ae5ff1-2421-4ebd-91fb-13e93a5a3fba/datanode-1/data/ratis/e34a21e1-3fd2-431b-b123-1fd00683041c/current/log_inprogress_0
2019-09-20 08:50:20,318 [Thread-3118] INFO  impl.FollowerState (FollowerState.java:run(106)) - aa1fb5c1-0c84-4e24-a27d-d801a3140cf1:group-093CFBE433D4 changes to CANDIDATE, lastRpcTime:5090, electionTimeout:5090ms
2019-09-20 08:50:20,318 [Thread-3118] INFO  impl.RoleInfo (RoleInfo.java:shutdownFollowerState(121)) - aa1fb5c1-0c84-4e24-a27d-d801a3140cf1: shutdown FollowerState
2019-09-20 08:50:20,318 [Thread-3118] INFO  impl.RaftServerImpl (RaftServerImpl.java:setRole(171)) - aa1fb5c1-0c84-4e24-a27d-d801a3140cf1:group-093CFBE433D4 changes role from FOLLOWER to CANDIDATE at term 0 for changeToCandidate
2019-09-20 08:50:20,318 [Thread-3118] INFO  impl.RoleInfo (RoleInfo.java:updateAndGet(143)) - aa1fb5c1-0c84-4e24-a27d-d801a3140cf1: start LeaderElection
2019-09-20 08:50:20,343 [Thread-3115] INFO  impl.FollowerState (FollowerState.java:run(106)) - aa1fb5c1-0c84-4e24-a27d-d801a3140cf1:group-69490DE2DD7B changes to CANDIDATE, lastRpcTime:5182, electionTimeout:5182ms
2019-09-20 08:50:20,343 [aa1fb5c1-0c84-4e24-a27d-d801a3140cf1:group-093CFBE433D4:LeaderElection204] INFO  impl.LeaderElection (LeaderElection.java:askForVotes(181)) - aa1fb5c1-0c84-4e24-a27d-d801a3140cf1:group-093CFBE433D4:LeaderElection204: begin an election at term 1 for -1: [aa1fb5c1-0c84-4e24-a27d-d801a3140cf1:192.168.36.79:41886], old=null
2019-09-20 08:50:20,343 [Thread-3115] INFO  impl.RoleInfo (RoleInfo.java:shutdownFollowerState(121)) - aa1fb5c1-0c84-4e24-a27d-d801a3140cf1: shutdown FollowerState
2019-09-20 08:50:20,343 [aa1fb5c1-0c84-4e24-a27d-d801a3140cf1:group-093CFBE433D4:LeaderElection204] INFO  impl.RoleInfo (RoleInfo.java:shutdownLeaderElection(134)) - aa1fb5c1-0c84-4e24-a27d-d801a3140cf1: shutdown LeaderElection
2019-09-20 08:50:20,343 [Thread-3115] INFO  impl.RaftServerImpl (RaftServerImpl.java:setRole(171)) - aa1fb5c1-0c84-4e24-a27d-d801a3140cf1:group-69490DE2DD7B changes role from FOLLOWER to CANDIDATE at term 0 for changeToCandidate
2019-09-20 08:50:20,343 [aa1fb5c1-0c84-4e24-a27d-d801a3140cf1:group-093CFBE433D4:LeaderElection204] INFO  impl.RaftServerImpl (RaftServerImpl.java:setRole(171)) - aa1fb5c1-0c84-4e24-a27d-d801a3140cf1:group-093CFBE433D4 changes role from CANDIDATE to LEADER at term 1 for changeToLeader
2019-09-20 08:50:20,344 [aa1fb5c1-0c84-4e24-a27d-d801a3140cf1:group-093CFBE433D4:LeaderElection204] INFO  impl.RaftServerImpl (ServerState.java:setLeader(263)) - aa1fb5c1-0c84-4e24-a27d-d801a3140cf1:group-093CFBE433D4 change Leader from null to aa1fb5c1-0c84-4e24-a27d-d801a3140cf1 at term 1 for becomeLeader, leader elected after 5120ms
2019-09-20 08:50:20,344 [Thread-3115] INFO  impl.RoleInfo (RoleInfo.java:updateAndGet(143)) - aa1fb5c1-0c84-4e24-a27d-d801a3140cf1: start LeaderElection
2019-09-20 08:50:20,344 [aa1fb5c1-0c84-4e24-a27d-d801a3140cf1:group-093CFBE433D4:LeaderElection204] INFO  server.RaftServerConfigKeys (ConfUtils.java:logGet(43)) - raft.server.staging.catchup.gap = 1000 (default)
2019-09-20 08:50:20,344 [aa1fb5c1-0c84-4e24-a27d-d801a3140cf1:group-093CFBE433D4:LeaderElection204] INFO  server.RaftServerConfigKeys (ConfUtils.java:logGet(43)) - raft.server.rpc.sleep.time = 25ms (default)
2019-09-20 08:50:20,347 [aa1fb5c1-0c84-4e24-a27d-d801a3140cf1:group-093CFBE433D4:LeaderElection204] INFO  server.RaftServerConfigKeys (ConfUtils.java:logGet(43)) - raft.server.write.element-limit = 4096 (default)
2019-09-20 08:50:20,347 [aa1fb5c1-0c84-4e24-a27d-d801a3140cf1:group-093CFBE433D4:LeaderElection204] INFO  server.RaftServerConfigKeys (ConfUtils.java:logGet(43)) - raft.server.watch.timeout = 10s (default)
2019-09-20 08:50:20,347 [aa1fb5c1-0c84-4e24-a27d-d801a3140cf1:group-093CFBE433D4:LeaderElection204] INFO  server.RaftServerConfigKeys (ConfUtils.java:logGet(43)) - raft.server.watch.timeout.denomination = 1s (default)
2019-09-20 08:50:20,347 [aa1fb5c1-0c84-4e24-a27d-d801a3140cf1:group-093CFBE433D4:LeaderElection204] INFO  server.RaftServerConfigKeys (ConfUtils.java:logGet(43)) - raft.server.watch.element-limit = 65536 (default)
2019-09-20 08:50:20,347 [aa1fb5c1-0c84-4e24-a27d-d801a3140cf1:group-093CFBE433D4:LeaderElection204] INFO  impl.RoleInfo (RoleInfo.java:updateAndGet(143)) - aa1fb5c1-0c84-4e24-a27d-d801a3140cf1: start LeaderState
2019-09-20 08:50:20,348 [aa1fb5c1-0c84-4e24-a27d-d801a3140cf1:group-093CFBE433D4:LeaderElection204] INFO  segmented.SegmentedRaftLogWorker (SegmentedRaftLogWorker.java:startLogSegment(380)) - aa1fb5c1-0c84-4e24-a27d-d801a3140cf1-SegmentedRaftLogWorker:Storage Directory /workdir/hadoop-ozone/ozonefs/target/test-dir/MiniOzoneClusterImpl-a4ae5ff1-2421-4ebd-91fb-13e93a5a3fba/datanode-1/data/ratis/b1681a86-bbcb-44ac-b97d-093cfbe433d4: Starting segment from index:0
2019-09-20 08:50:20,348 [aa1fb5c1-0c84-4e24-a27d-d801a3140cf1:group-093CFBE433D4:LeaderElection204] INFO  impl.RaftServerImpl (ServerState.java:setRaftConf(361)) - aa1fb5c1-0c84-4e24-a27d-d801a3140cf1:group-093CFBE433D4 set configuration 0: [aa1fb5c1-0c84-4e24-a27d-d801a3140cf1:192.168.36.79:41886], old=null at 0
2019-09-20 08:50:20,367 [Thread-3121] INFO  impl.FollowerState (FollowerState.java:run(106)) - aa1fb5c1-0c84-4e24-a27d-d801a3140cf1:group-81B2A7D77C6D changes to CANDIDATE, lastRpcTime:5029, electionTimeout:5029ms
2019-09-20 08:50:20,367 [Thread-3121] INFO  impl.RoleInfo (RoleInfo.java:shutdownFollowerState(121)) - aa1fb5c1-0c84-4e24-a27d-d801a3140cf1: shutdown FollowerState
2019-09-20 08:50:20,367 [Thread-3121] INFO  impl.RaftServerImpl (RaftServerImpl.java:setRole(171)) - aa1fb5c1-0c84-4e24-a27d-d801a3140cf1:group-81B2A7D77C6D changes role from FOLLOWER to CANDIDATE at term 0 for changeToCandidate
2019-09-20 08:50:20,367 [Thread-3121] INFO  impl.RoleInfo (RoleInfo.java:updateAndGet(143)) - aa1fb5c1-0c84-4e24-a27d-d801a3140cf1: start LeaderElection
2019-09-20 08:50:20,390 [aa1fb5c1-0c84-4e24-a27d-d801a3140cf1:group-69490DE2DD7B:LeaderElection205] INFO  impl.LeaderElection (LeaderElection.java:askForVotes(181)) - aa1fb5c1-0c84-4e24-a27d-d801a3140cf1:group-69490DE2DD7B:LeaderElection205: begin an election at term 1 for -1: [aa1fb5c1-0c84-4e24-a27d-d801a3140cf1:192.168.36.79:41886], old=null
2019-09-20 08:50:20,390 [aa1fb5c1-0c84-4e24-a27d-d801a3140cf1:group-69490DE2DD7B:LeaderElection205] INFO  impl.RoleInfo (RoleInfo.java:shutdownLeaderElection(134)) - aa1fb5c1-0c84-4e24-a27d-d801a3140cf1: shutdown LeaderElection
2019-09-20 08:50:20,390 [aa1fb5c1-0c84-4e24-a27d-d801a3140cf1:group-69490DE2DD7B:LeaderElection205] INFO  impl.RaftServerImpl (RaftServerImpl.java:setRole(171)) - aa1fb5c1-0c84-4e24-a27d-d801a3140cf1:group-69490DE2DD7B changes role from CANDIDATE to LEADER at term 1 for changeToLeader
2019-09-20 08:50:20,391 [aa1fb5c1-0c84-4e24-a27d-d801a3140cf1:group-69490DE2DD7B:LeaderElection205] INFO  impl.RaftServerImpl (ServerState.java:setLeader(263)) - aa1fb5c1-0c84-4e24-a27d-d801a3140cf1:group-69490DE2DD7B change Leader from null to aa1fb5c1-0c84-4e24-a27d-d801a3140cf1 at term 1 for becomeLeader, leader elected after 5234ms
2019-09-20 08:50:20,391 [aa1fb5c1-0c84-4e24-a27d-d801a3140cf1:group-69490DE2DD7B:LeaderElection205] INFO  server.RaftServerConfigKeys (ConfUtils.java:logGet(43)) - raft.server.staging.catchup.gap = 1000 (default)
2019-09-20 08:50:20,391 [aa1fb5c1-0c84-4e24-a27d-d801a3140cf1:group-69490DE2DD7B:LeaderElection205] INFO  server.RaftServerConfigKeys (ConfUtils.java:logGet(43)) - raft.server.rpc.sleep.time = 25ms (default)
2019-09-20 08:50:20,391 [aa1fb5c1-0c84-4e24-a27d-d801a3140cf1:group-69490DE2DD7B:LeaderElection205] INFO  server.RaftServerConfigKeys (ConfUtils.java:logGet(43)) - raft.server.write.element-limit = 4096 (default)
2019-09-20 08:50:20,391 [aa1fb5c1-0c84-4e24-a27d-d801a3140cf1:group-69490DE2DD7B:LeaderElection205] INFO  server.RaftServerConfigKeys (ConfUtils.java:logGet(43)) - raft.server.watch.timeout = 10s (default)
2019-09-20 08:50:20,391 [aa1fb5c1-0c84-4e24-a27d-d801a3140cf1:group-69490DE2DD7B:LeaderElection205] INFO  server.RaftServerConfigKeys (ConfUtils.java:logGet(43)) - raft.server.watch.timeout.denomination = 1s (default)
2019-09-20 08:50:20,391 [aa1fb5c1-0c84-4e24-a27d-d801a3140cf1:group-69490DE2DD7B:LeaderElection205] INFO  server.RaftServerConfigKeys (ConfUtils.java:logGet(43)) - raft.server.watch.element-limit = 65536 (default)
2019-09-20 08:50:20,391 [aa1fb5c1-0c84-4e24-a27d-d801a3140cf1:group-69490DE2DD7B:LeaderElection205] INFO  impl.RoleInfo (RoleInfo.java:updateAndGet(143)) - aa1fb5c1-0c84-4e24-a27d-d801a3140cf1: start LeaderState
2019-09-20 08:50:20,392 [aa1fb5c1-0c84-4e24-a27d-d801a3140cf1:group-69490DE2DD7B:LeaderElection205] INFO  segmented.SegmentedRaftLogWorker (SegmentedRaftLogWorker.java:startLogSegment(380)) - aa1fb5c1-0c84-4e24-a27d-d801a3140cf1-SegmentedRaftLogWorker:Storage Directory /workdir/hadoop-ozone/ozonefs/target/test-dir/MiniOzoneClusterImpl-a4ae5ff1-2421-4ebd-91fb-13e93a5a3fba/datanode-1/data/ratis/5620791b-e45b-41a7-b11d-69490de2dd7b: Starting segment from index:0
2019-09-20 08:50:20,392 [aa1fb5c1-0c84-4e24-a27d-d801a3140cf1:group-69490DE2DD7B:LeaderElection205] INFO  impl.RaftServerImpl (ServerState.java:setRaftConf(361)) - aa1fb5c1-0c84-4e24-a27d-d801a3140cf1:group-69490DE2DD7B set configuration 0: [aa1fb5c1-0c84-4e24-a27d-d801a3140cf1:192.168.36.79:41886], old=null at 0
2019-09-20 08:50:20,410 [aa1fb5c1-0c84-4e24-a27d-d801a3140cf1-SegmentedRaftLogWorker:Storage Directory /workdir/hadoop-ozone/ozonefs/target/test-dir/MiniOzoneClusterImpl-a4ae5ff1-2421-4ebd-91fb-13e93a5a3fba/datanode-1/data/ratis/b1681a86-bbcb-44ac-b97d-093cfbe433d4] INFO  segmented.SegmentedRaftLogWorker (SegmentedRaftLogWorker.java:execute(569)) - aa1fb5c1-0c84-4e24-a27d-d801a3140cf1-SegmentedRaftLogWorker:Storage Directory /workdir/hadoop-ozone/ozonefs/target/test-dir/MiniOzoneClusterImpl-a4ae5ff1-2421-4ebd-91fb-13e93a5a3fba/datanode-1/data/ratis/b1681a86-bbcb-44ac-b97d-093cfbe433d4: created new log segment /workdir/hadoop-ozone/ozonefs/target/test-dir/MiniOzoneClusterImpl-a4ae5ff1-2421-4ebd-91fb-13e93a5a3fba/datanode-1/data/ratis/b1681a86-bbcb-44ac-b97d-093cfbe433d4/current/log_inprogress_0
2019-09-20 08:50:20,410 [aa1fb5c1-0c84-4e24-a27d-d801a3140cf1:group-81B2A7D77C6D:LeaderElection206] INFO  impl.LeaderElection (LeaderElection.java:askForVotes(181)) - aa1fb5c1-0c84-4e24-a27d-d801a3140cf1:group-81B2A7D77C6D:LeaderElection206: begin an election at term 1 for -1: [aa1fb5c1-0c84-4e24-a27d-d801a3140cf1:192.168.36.79:41886], old=null
2019-09-20 08:50:20,411 [aa1fb5c1-0c84-4e24-a27d-d801a3140cf1:group-81B2A7D77C6D:LeaderElection206] INFO  impl.RoleInfo (RoleInfo.java:shutdownLeaderElection(134)) - aa1fb5c1-0c84-4e24-a27d-d801a3140cf1: shutdown LeaderElection
2019-09-20 08:50:20,411 [aa1fb5c1-0c84-4e24-a27d-d801a3140cf1:group-81B2A7D77C6D:LeaderElection206] INFO  impl.RaftServerImpl (RaftServerImpl.java:setRole(171)) - aa1fb5c1-0c84-4e24-a27d-d801a3140cf1:group-81B2A7D77C6D changes role from CANDIDATE to LEADER at term 1 for changeToLeader
2019-09-20 08:50:20,411 [aa1fb5c1-0c84-4e24-a27d-d801a3140cf1:group-81B2A7D77C6D:LeaderElection206] INFO  impl.RaftServerImpl (ServerState.java:setLeader(263)) - aa1fb5c1-0c84-4e24-a27d-d801a3140cf1:group-81B2A7D77C6D change Leader from null to aa1fb5c1-0c84-4e24-a27d-d801a3140cf1 at term 1 for becomeLeader, leader elected after 5078ms
2019-09-20 08:50:20,411 [aa1fb5c1-0c84-4e24-a27d-d801a3140cf1:group-81B2A7D77C6D:LeaderElection206] INFO  server.RaftServerConfigKeys (ConfUtils.java:logGet(43)) - raft.server.staging.catchup.gap = 1000 (default)
2019-09-20 08:50:20,411 [aa1fb5c1-0c84-4e24-a27d-d801a3140cf1:group-81B2A7D77C6D:LeaderElection206] INFO  server.RaftServerConfigKeys (ConfUtils.java:logGet(43)) - raft.server.rpc.sleep.time = 25ms (default)
2019-09-20 08:50:20,411 [aa1fb5c1-0c84-4e24-a27d-d801a3140cf1:group-81B2A7D77C6D:LeaderElection206] INFO  server.RaftServerConfigKeys (ConfUtils.java:logGet(43)) - raft.server.write.element-limit = 4096 (default)
2019-09-20 08:50:20,411 [aa1fb5c1-0c84-4e24-a27d-d801a3140cf1:group-81B2A7D77C6D:LeaderElection206] INFO  server.RaftServerConfigKeys (ConfUtils.java:logGet(43)) - raft.server.watch.timeout = 10s (default)
2019-09-20 08:50:20,411 [aa1fb5c1-0c84-4e24-a27d-d801a3140cf1:group-81B2A7D77C6D:LeaderElection206] INFO  server.RaftServerConfigKeys (ConfUtils.java:logGet(43)) - raft.server.watch.timeout.denomination = 1s (default)
2019-09-20 08:50:20,412 [aa1fb5c1-0c84-4e24-a27d-d801a3140cf1:group-81B2A7D77C6D:LeaderElection206] INFO  server.RaftServerConfigKeys (ConfUtils.java:logGet(43)) - raft.server.watch.element-limit = 65536 (default)
2019-09-20 08:50:20,412 [aa1fb5c1-0c84-4e24-a27d-d801a3140cf1:group-81B2A7D77C6D:LeaderElection206] INFO  impl.RoleInfo (RoleInfo.java:updateAndGet(143)) - aa1fb5c1-0c84-4e24-a27d-d801a3140cf1: start LeaderState
2019-09-20 08:50:20,412 [aa1fb5c1-0c84-4e24-a27d-d801a3140cf1:group-81B2A7D77C6D:LeaderElection206] INFO  segmented.SegmentedRaftLogWorker (SegmentedRaftLogWorker.java:startLogSegment(380)) - aa1fb5c1-0c84-4e24-a27d-d801a3140cf1-SegmentedRaftLogWorker:Storage Directory /workdir/hadoop-ozone/ozonefs/target/test-dir/MiniOzoneClusterImpl-a4ae5ff1-2421-4ebd-91fb-13e93a5a3fba/datanode-1/data/ratis/e6db0791-a912-403f-8ace-81b2a7d77c6d: Starting segment from index:0
2019-09-20 08:50:20,412 [aa1fb5c1-0c84-4e24-a27d-d801a3140cf1:group-81B2A7D77C6D:LeaderElection206] INFO  impl.RaftServerImpl (ServerState.java:setRaftConf(361)) - aa1fb5c1-0c84-4e24-a27d-d801a3140cf1:group-81B2A7D77C6D set configuration 0: [aa1fb5c1-0c84-4e24-a27d-d801a3140cf1:192.168.36.79:41886], old=null at 0
2019-09-20 08:50:20,452 [aa1fb5c1-0c84-4e24-a27d-d801a3140cf1-SegmentedRaftLogWorker:Storage Directory /workdir/hadoop-ozone/ozonefs/target/test-dir/MiniOzoneClusterImpl-a4ae5ff1-2421-4ebd-91fb-13e93a5a3fba/datanode-1/data/ratis/5620791b-e45b-41a7-b11d-69490de2dd7b] INFO  segmented.SegmentedRaftLogWorker (SegmentedRaftLogWorker.java:execute(569)) - aa1fb5c1-0c84-4e24-a27d-d801a3140cf1-SegmentedRaftLogWorker:Storage Directory /workdir/hadoop-ozone/ozonefs/target/test-dir/MiniOzoneClusterImpl-a4ae5ff1-2421-4ebd-91fb-13e93a5a3fba/datanode-1/data/ratis/5620791b-e45b-41a7-b11d-69490de2dd7b: created new log segment /workdir/hadoop-ozone/ozonefs/target/test-dir/MiniOzoneClusterImpl-a4ae5ff1-2421-4ebd-91fb-13e93a5a3fba/datanode-1/data/ratis/5620791b-e45b-41a7-b11d-69490de2dd7b/current/log_inprogress_0
2019-09-20 08:50:20,469 [aa1fb5c1-0c84-4e24-a27d-d801a3140cf1-SegmentedRaftLogWorker:Storage Directory /workdir/hadoop-ozone/ozonefs/target/test-dir/MiniOzoneClusterImpl-a4ae5ff1-2421-4ebd-91fb-13e93a5a3fba/datanode-1/data/ratis/e6db0791-a912-403f-8ace-81b2a7d77c6d] INFO  segmented.SegmentedRaftLogWorker (SegmentedRaftLogWorker.java:execute(569)) - aa1fb5c1-0c84-4e24-a27d-d801a3140cf1-SegmentedRaftLogWorker:Storage Directory /workdir/hadoop-ozone/ozonefs/target/test-dir/MiniOzoneClusterImpl-a4ae5ff1-2421-4ebd-91fb-13e93a5a3fba/datanode-1/data/ratis/e6db0791-a912-403f-8ace-81b2a7d77c6d: created new log segment /workdir/hadoop-ozone/ozonefs/target/test-dir/MiniOzoneClusterImpl-a4ae5ff1-2421-4ebd-91fb-13e93a5a3fba/datanode-1/data/ratis/e6db0791-a912-403f-8ace-81b2a7d77c6d/current/log_inprogress_0
2019-09-20 08:50:20,491 [Thread-3124] INFO  impl.FollowerState (FollowerState.java:run(106)) - 878b45f2-8640-4699-86a6-c2f01c1e4571:group-DA77AE4A63CA changes to CANDIDATE, lastRpcTime:5087, electionTimeout:5087ms
2019-09-20 08:50:20,491 [Thread-3124] INFO  impl.RoleInfo (RoleInfo.java:shutdownFollowerState(121)) - 878b45f2-8640-4699-86a6-c2f01c1e4571: shutdown FollowerState
2019-09-20 08:50:20,491 [Thread-3124] INFO  impl.RaftServerImpl (RaftServerImpl.java:setRole(171)) - 878b45f2-8640-4699-86a6-c2f01c1e4571:group-DA77AE4A63CA changes role from FOLLOWER to CANDIDATE at term 0 for changeToCandidate
2019-09-20 08:50:20,492 [Thread-3124] INFO  impl.RoleInfo (RoleInfo.java:updateAndGet(143)) - 878b45f2-8640-4699-86a6-c2f01c1e4571: start LeaderElection
2019-09-20 08:50:20,544 [878b45f2-8640-4699-86a6-c2f01c1e4571:group-DA77AE4A63CA:LeaderElection207] INFO  impl.LeaderElection (LeaderElection.java:askForVotes(181)) - 878b45f2-8640-4699-86a6-c2f01c1e4571:group-DA77AE4A63CA:LeaderElection207: begin an election at term 1 for -1: [878b45f2-8640-4699-86a6-c2f01c1e4571:192.168.36.79:45232], old=null
2019-09-20 08:50:20,545 [878b45f2-8640-4699-86a6-c2f01c1e4571:group-DA77AE4A63CA:LeaderElection207] INFO  impl.RoleInfo (RoleInfo.java:shutdownLeaderElection(134)) - 878b45f2-8640-4699-86a6-c2f01c1e4571: shutdown LeaderElection
2019-09-20 08:50:20,545 [878b45f2-8640-4699-86a6-c2f01c1e4571:group-DA77AE4A63CA:LeaderElection207] INFO  impl.RaftServerImpl (RaftServerImpl.java:setRole(171)) - 878b45f2-8640-4699-86a6-c2f01c1e4571:group-DA77AE4A63CA changes role from CANDIDATE to LEADER at term 1 for changeToLeader
2019-09-20 08:50:20,545 [878b45f2-8640-4699-86a6-c2f01c1e4571:group-DA77AE4A63CA:LeaderElection207] INFO  impl.RaftServerImpl (ServerState.java:setLeader(263)) - 878b45f2-8640-4699-86a6-c2f01c1e4571:group-DA77AE4A63CA change Leader from null to 878b45f2-8640-4699-86a6-c2f01c1e4571 at term 1 for becomeLeader, leader elected after 5145ms
2019-09-20 08:50:20,545 [878b45f2-8640-4699-86a6-c2f01c1e4571:group-DA77AE4A63CA:LeaderElection207] INFO  server.RaftServerConfigKeys (ConfUtils.java:logGet(43)) - raft.server.staging.catchup.gap = 1000 (default)
2019-09-20 08:50:20,545 [878b45f2-8640-4699-86a6-c2f01c1e4571:group-DA77AE4A63CA:LeaderElection207] INFO  server.RaftServerConfigKeys (ConfUtils.java:logGet(43)) - raft.server.rpc.sleep.time = 25ms (default)
2019-09-20 08:50:20,545 [878b45f2-8640-4699-86a6-c2f01c1e4571:group-DA77AE4A63CA:LeaderElection207] INFO  server.RaftServerConfigKeys (ConfUtils.java:logGet(43)) - raft.server.write.element-limit = 4096 (default)
2019-09-20 08:50:20,546 [878b45f2-8640-4699-86a6-c2f01c1e4571:group-DA77AE4A63CA:LeaderElection207] INFO  server.RaftServerConfigKeys (ConfUtils.java:logGet(43)) - raft.server.watch.timeout = 10s (default)
2019-09-20 08:50:20,546 [878b45f2-8640-4699-86a6-c2f01c1e4571:group-DA77AE4A63CA:LeaderElection207] INFO  server.RaftServerConfigKeys (ConfUtils.java:logGet(43)) - raft.server.watch.timeout.denomination = 1s (default)
2019-09-20 08:50:20,546 [878b45f2-8640-4699-86a6-c2f01c1e4571:group-DA77AE4A63CA:LeaderElection207] INFO  server.RaftServerConfigKeys (ConfUtils.java:logGet(43)) - raft.server.watch.element-limit = 65536 (default)
2019-09-20 08:50:20,546 [878b45f2-8640-4699-86a6-c2f01c1e4571:group-DA77AE4A63CA:LeaderElection207] INFO  impl.RoleInfo (RoleInfo.java:updateAndGet(143)) - 878b45f2-8640-4699-86a6-c2f01c1e4571: start LeaderState
2019-09-20 08:50:20,546 [878b45f2-8640-4699-86a6-c2f01c1e4571:group-DA77AE4A63CA:LeaderElection207] INFO  segmented.SegmentedRaftLogWorker (SegmentedRaftLogWorker.java:startLogSegment(380)) - 878b45f2-8640-4699-86a6-c2f01c1e4571-SegmentedRaftLogWorker:Storage Directory /workdir/hadoop-ozone/ozonefs/target/test-dir/MiniOzoneClusterImpl-a4ae5ff1-2421-4ebd-91fb-13e93a5a3fba/datanode-2/data/ratis/a96860ff-2475-4f54-b8f4-da77ae4a63ca: Starting segment from index:0
2019-09-20 08:50:20,547 [878b45f2-8640-4699-86a6-c2f01c1e4571:group-DA77AE4A63CA:LeaderElection207] INFO  impl.RaftServerImpl (ServerState.java:setRaftConf(361)) - 878b45f2-8640-4699-86a6-c2f01c1e4571:group-DA77AE4A63CA set configuration 0: [878b45f2-8640-4699-86a6-c2f01c1e4571:192.168.36.79:45232], old=null at 0
2019-09-20 08:50:20,566 [Thread-3127] INFO  impl.FollowerState (FollowerState.java:run(106)) - 878b45f2-8640-4699-86a6-c2f01c1e4571:group-3893489482D6 changes to CANDIDATE, lastRpcTime:5094, electionTimeout:5094ms
2019-09-20 08:50:20,566 [Thread-3127] INFO  impl.RoleInfo (RoleInfo.java:shutdownFollowerState(121)) - 878b45f2-8640-4699-86a6-c2f01c1e4571: shutdown FollowerState
2019-09-20 08:50:20,566 [Thread-3127] INFO  impl.RaftServerImpl (RaftServerImpl.java:setRole(171)) - 878b45f2-8640-4699-86a6-c2f01c1e4571:group-3893489482D6 changes role from FOLLOWER to CANDIDATE at term 0 for changeToCandidate
2019-09-20 08:50:20,566 [Thread-3127] INFO  impl.RoleInfo (RoleInfo.java:updateAndGet(143)) - 878b45f2-8640-4699-86a6-c2f01c1e4571: start LeaderElection
2019-09-20 08:50:20,589 [Thread-3130] INFO  impl.FollowerState (FollowerState.java:run(106)) - 878b45f2-8640-4699-86a6-c2f01c1e4571:group-CC19F6E11AAB changes to CANDIDATE, lastRpcTime:5042, electionTimeout:5027ms
2019-09-20 08:50:20,589 [Thread-3130] INFO  impl.RoleInfo (RoleInfo.java:shutdownFollowerState(121)) - 878b45f2-8640-4699-86a6-c2f01c1e4571: shutdown FollowerState
2019-09-20 08:50:20,589 [Thread-3130] INFO  impl.RaftServerImpl (RaftServerImpl.java:setRole(171)) - 878b45f2-8640-4699-86a6-c2f01c1e4571:group-CC19F6E11AAB changes role from FOLLOWER to CANDIDATE at term 0 for changeToCandidate
2019-09-20 08:50:20,589 [Thread-3130] INFO  impl.RoleInfo (RoleInfo.java:updateAndGet(143)) - 878b45f2-8640-4699-86a6-c2f01c1e4571: start LeaderElection
2019-09-20 08:50:20,611 [878b45f2-8640-4699-86a6-c2f01c1e4571-SegmentedRaftLogWorker:Storage Directory /workdir/hadoop-ozone/ozonefs/target/test-dir/MiniOzoneClusterImpl-a4ae5ff1-2421-4ebd-91fb-13e93a5a3fba/datanode-2/data/ratis/a96860ff-2475-4f54-b8f4-da77ae4a63ca] INFO  segmented.SegmentedRaftLogWorker (SegmentedRaftLogWorker.java:execute(569)) - 878b45f2-8640-4699-86a6-c2f01c1e4571-SegmentedRaftLogWorker:Storage Directory /workdir/hadoop-ozone/ozonefs/target/test-dir/MiniOzoneClusterImpl-a4ae5ff1-2421-4ebd-91fb-13e93a5a3fba/datanode-2/data/ratis/a96860ff-2475-4f54-b8f4-da77ae4a63ca: created new log segment /workdir/hadoop-ozone/ozonefs/target/test-dir/MiniOzoneClusterImpl-a4ae5ff1-2421-4ebd-91fb-13e93a5a3fba/datanode-2/data/ratis/a96860ff-2475-4f54-b8f4-da77ae4a63ca/current/log_inprogress_0
2019-09-20 08:50:20,612 [878b45f2-8640-4699-86a6-c2f01c1e4571:group-3893489482D6:LeaderElection208] INFO  impl.LeaderElection (LeaderElection.java:askForVotes(181)) - 878b45f2-8640-4699-86a6-c2f01c1e4571:group-3893489482D6:LeaderElection208: begin an election at term 1 for -1: [878b45f2-8640-4699-86a6-c2f01c1e4571:192.168.36.79:45232], old=null
2019-09-20 08:50:20,612 [878b45f2-8640-4699-86a6-c2f01c1e4571:group-CC19F6E11AAB:LeaderElection209] INFO  impl.LeaderElection (LeaderElection.java:askForVotes(181)) - 878b45f2-8640-4699-86a6-c2f01c1e4571:group-CC19F6E11AAB:LeaderElection209: begin an election at term 1 for -1: [878b45f2-8640-4699-86a6-c2f01c1e4571:192.168.36.79:45232], old=null
2019-09-20 08:50:20,612 [878b45f2-8640-4699-86a6-c2f01c1e4571:group-3893489482D6:LeaderElection208] INFO  impl.RoleInfo (RoleInfo.java:shutdownLeaderElection(134)) - 878b45f2-8640-4699-86a6-c2f01c1e4571: shutdown LeaderElection
2019-09-20 08:50:20,612 [878b45f2-8640-4699-86a6-c2f01c1e4571:group-CC19F6E11AAB:LeaderElection209] INFO  impl.RoleInfo (RoleInfo.java:shutdownLeaderElection(134)) - 878b45f2-8640-4699-86a6-c2f01c1e4571: shutdown LeaderElection
2019-09-20 08:50:20,612 [878b45f2-8640-4699-86a6-c2f01c1e4571:group-3893489482D6:LeaderElection208] INFO  impl.RaftServerImpl (RaftServerImpl.java:setRole(171)) - 878b45f2-8640-4699-86a6-c2f01c1e4571:group-3893489482D6 changes role from CANDIDATE to LEADER at term 1 for changeToLeader
2019-09-20 08:50:20,612 [878b45f2-8640-4699-86a6-c2f01c1e4571:group-CC19F6E11AAB:LeaderElection209] INFO  impl.RaftServerImpl (RaftServerImpl.java:setRole(171)) - 878b45f2-8640-4699-86a6-c2f01c1e4571:group-CC19F6E11AAB changes role from CANDIDATE to LEADER at term 1 for changeToLeader
2019-09-20 08:50:20,612 [878b45f2-8640-4699-86a6-c2f01c1e4571:group-3893489482D6:LeaderElection208] INFO  impl.RaftServerImpl (ServerState.java:setLeader(263)) - 878b45f2-8640-4699-86a6-c2f01c1e4571:group-3893489482D6 change Leader from null to 878b45f2-8640-4699-86a6-c2f01c1e4571 at term 1 for becomeLeader, leader elected after 5145ms
2019-09-20 08:50:20,613 [878b45f2-8640-4699-86a6-c2f01c1e4571:group-CC19F6E11AAB:LeaderElection209] INFO  impl.RaftServerImpl (ServerState.java:setLeader(263)) - 878b45f2-8640-4699-86a6-c2f01c1e4571:group-CC19F6E11AAB change Leader from null to 878b45f2-8640-4699-86a6-c2f01c1e4571 at term 1 for becomeLeader, leader elected after 5069ms
2019-09-20 08:50:20,613 [878b45f2-8640-4699-86a6-c2f01c1e4571:group-3893489482D6:LeaderElection208] INFO  server.RaftServerConfigKeys (ConfUtils.java:logGet(43)) - raft.server.staging.catchup.gap = 1000 (default)
2019-09-20 08:50:20,613 [878b45f2-8640-4699-86a6-c2f01c1e4571:group-CC19F6E11AAB:LeaderElection209] INFO  server.RaftServerConfigKeys (ConfUtils.java:logGet(43)) - raft.server.staging.catchup.gap = 1000 (default)
2019-09-20 08:50:20,613 [878b45f2-8640-4699-86a6-c2f01c1e4571:group-3893489482D6:LeaderElection208] INFO  server.RaftServerConfigKeys (ConfUtils.java:logGet(43)) - raft.server.rpc.sleep.time = 25ms (default)
2019-09-20 08:50:20,613 [878b45f2-8640-4699-86a6-c2f01c1e4571:group-CC19F6E11AAB:LeaderElection209] INFO  server.RaftServerConfigKeys (ConfUtils.java:logGet(43)) - raft.server.rpc.sleep.time = 25ms (default)
2019-09-20 08:50:20,613 [878b45f2-8640-4699-86a6-c2f01c1e4571:group-3893489482D6:LeaderElection208] INFO  server.RaftServerConfigKeys (ConfUtils.java:logGet(43)) - raft.server.write.element-limit = 4096 (default)
2019-09-20 08:50:20,614 [878b45f2-8640-4699-86a6-c2f01c1e4571:group-CC19F6E11AAB:LeaderElection209] INFO  server.RaftServerConfigKeys (ConfUtils.java:logGet(43)) - raft.server.write.element-limit = 4096 (default)
2019-09-20 08:50:20,614 [878b45f2-8640-4699-86a6-c2f01c1e4571:group-3893489482D6:LeaderElection208] INFO  server.RaftServerConfigKeys (ConfUtils.java:logGet(43)) - raft.server.watch.timeout = 10s (default)
2019-09-20 08:50:20,614 [878b45f2-8640-4699-86a6-c2f01c1e4571:group-CC19F6E11AAB:LeaderElection209] INFO  server.RaftServerConfigKeys (ConfUtils.java:logGet(43)) - raft.server.watch.timeout = 10s (default)
2019-09-20 08:50:20,614 [878b45f2-8640-4699-86a6-c2f01c1e4571:group-3893489482D6:LeaderElection208] INFO  server.RaftServerConfigKeys (ConfUtils.java:logGet(43)) - raft.server.watch.timeout.denomination = 1s (default)
2019-09-20 08:50:20,614 [878b45f2-8640-4699-86a6-c2f01c1e4571:group-CC19F6E11AAB:LeaderElection209] INFO  server.RaftServerConfigKeys (ConfUtils.java:logGet(43)) - raft.server.watch.timeout.denomination = 1s (default)
2019-09-20 08:50:20,614 [878b45f2-8640-4699-86a6-c2f01c1e4571:group-3893489482D6:LeaderElection208] INFO  server.RaftServerConfigKeys (ConfUtils.java:logGet(43)) - raft.server.watch.element-limit = 65536 (default)
2019-09-20 08:50:20,614 [878b45f2-8640-4699-86a6-c2f01c1e4571:group-CC19F6E11AAB:LeaderElection209] INFO  server.RaftServerConfigKeys (ConfUtils.java:logGet(43)) - raft.server.watch.element-limit = 65536 (default)
2019-09-20 08:50:20,615 [878b45f2-8640-4699-86a6-c2f01c1e4571:group-3893489482D6:LeaderElection208] INFO  impl.RoleInfo (RoleInfo.java:updateAndGet(143)) - 878b45f2-8640-4699-86a6-c2f01c1e4571: start LeaderState
2019-09-20 08:50:20,615 [878b45f2-8640-4699-86a6-c2f01c1e4571:group-CC19F6E11AAB:LeaderElection209] INFO  impl.RoleInfo (RoleInfo.java:updateAndGet(143)) - 878b45f2-8640-4699-86a6-c2f01c1e4571: start LeaderState
2019-09-20 08:50:20,615 [878b45f2-8640-4699-86a6-c2f01c1e4571:group-3893489482D6:LeaderElection208] INFO  segmented.SegmentedRaftLogWorker (SegmentedRaftLogWorker.java:startLogSegment(380)) - 878b45f2-8640-4699-86a6-c2f01c1e4571-SegmentedRaftLogWorker:Storage Directory /workdir/hadoop-ozone/ozonefs/target/test-dir/MiniOzoneClusterImpl-a4ae5ff1-2421-4ebd-91fb-13e93a5a3fba/datanode-2/data/ratis/e437afd4-f87d-4404-83a6-3893489482d6: Starting segment from index:0
2019-09-20 08:50:20,615 [878b45f2-8640-4699-86a6-c2f01c1e4571:group-CC19F6E11AAB:LeaderElection209] INFO  segmented.SegmentedRaftLogWorker (SegmentedRaftLogWorker.java:startLogSegment(380)) - 878b45f2-8640-4699-86a6-c2f01c1e4571-SegmentedRaftLogWorker:Storage Directory /workdir/hadoop-ozone/ozonefs/target/test-dir/MiniOzoneClusterImpl-a4ae5ff1-2421-4ebd-91fb-13e93a5a3fba/datanode-2/data/ratis/d1e6b78c-4c64-4b46-b4b1-cc19f6e11aab: Starting segment from index:0
2019-09-20 08:50:20,616 [878b45f2-8640-4699-86a6-c2f01c1e4571:group-3893489482D6:LeaderElection208] INFO  impl.RaftServerImpl (ServerState.java:setRaftConf(361)) - 878b45f2-8640-4699-86a6-c2f01c1e4571:group-3893489482D6 set configuration 0: [878b45f2-8640-4699-86a6-c2f01c1e4571:192.168.36.79:45232], old=null at 0
2019-09-20 08:50:20,616 [878b45f2-8640-4699-86a6-c2f01c1e4571:group-CC19F6E11AAB:LeaderElection209] INFO  impl.RaftServerImpl (ServerState.java:setRaftConf(361)) - 878b45f2-8640-4699-86a6-c2f01c1e4571:group-CC19F6E11AAB set configuration 0: [878b45f2-8640-4699-86a6-c2f01c1e4571:192.168.36.79:45232], old=null at 0
2019-09-20 08:50:20,679 [878b45f2-8640-4699-86a6-c2f01c1e4571-SegmentedRaftLogWorker:Storage Directory /workdir/hadoop-ozone/ozonefs/target/test-dir/MiniOzoneClusterImpl-a4ae5ff1-2421-4ebd-91fb-13e93a5a3fba/datanode-2/data/ratis/d1e6b78c-4c64-4b46-b4b1-cc19f6e11aab] INFO  segmented.SegmentedRaftLogWorker (SegmentedRaftLogWorker.java:execute(569)) - 878b45f2-8640-4699-86a6-c2f01c1e4571-SegmentedRaftLogWorker:Storage Directory /workdir/hadoop-ozone/ozonefs/target/test-dir/MiniOzoneClusterImpl-a4ae5ff1-2421-4ebd-91fb-13e93a5a3fba/datanode-2/data/ratis/d1e6b78c-4c64-4b46-b4b1-cc19f6e11aab: created new log segment /workdir/hadoop-ozone/ozonefs/target/test-dir/MiniOzoneClusterImpl-a4ae5ff1-2421-4ebd-91fb-13e93a5a3fba/datanode-2/data/ratis/d1e6b78c-4c64-4b46-b4b1-cc19f6e11aab/current/log_inprogress_0
2019-09-20 08:50:20,679 [878b45f2-8640-4699-86a6-c2f01c1e4571-SegmentedRaftLogWorker:Storage Directory /workdir/hadoop-ozone/ozonefs/target/test-dir/MiniOzoneClusterImpl-a4ae5ff1-2421-4ebd-91fb-13e93a5a3fba/datanode-2/data/ratis/e437afd4-f87d-4404-83a6-3893489482d6] INFO  segmented.SegmentedRaftLogWorker (SegmentedRaftLogWorker.java:execute(569)) - 878b45f2-8640-4699-86a6-c2f01c1e4571-SegmentedRaftLogWorker:Storage Directory /workdir/hadoop-ozone/ozonefs/target/test-dir/MiniOzoneClusterImpl-a4ae5ff1-2421-4ebd-91fb-13e93a5a3fba/datanode-2/data/ratis/e437afd4-f87d-4404-83a6-3893489482d6: created new log segment /workdir/hadoop-ozone/ozonefs/target/test-dir/MiniOzoneClusterImpl-a4ae5ff1-2421-4ebd-91fb-13e93a5a3fba/datanode-2/data/ratis/e437afd4-f87d-4404-83a6-3893489482d6/current/log_inprogress_0
2019-09-20 08:50:20,694 [Thread-3133] INFO  impl.FollowerState (FollowerState.java:run(106)) - 878b45f2-8640-4699-86a6-c2f01c1e4571:group-044A73119DDA changes to CANDIDATE, lastRpcTime:5045, electionTimeout:5045ms
2019-09-20 08:50:20,694 [Thread-3133] INFO  impl.RoleInfo (RoleInfo.java:shutdownFollowerState(121)) - 878b45f2-8640-4699-86a6-c2f01c1e4571: shutdown FollowerState
2019-09-20 08:50:20,694 [Thread-3133] INFO  impl.RaftServerImpl (RaftServerImpl.java:setRole(171)) - 878b45f2-8640-4699-86a6-c2f01c1e4571:group-044A73119DDA changes role from FOLLOWER to CANDIDATE at term 0 for changeToCandidate
2019-09-20 08:50:20,694 [Thread-3133] INFO  impl.RoleInfo (RoleInfo.java:updateAndGet(143)) - 878b45f2-8640-4699-86a6-c2f01c1e4571: start LeaderElection
2019-09-20 08:50:20,721 [878b45f2-8640-4699-86a6-c2f01c1e4571:group-044A73119DDA:LeaderElection210] INFO  impl.LeaderElection (LeaderElection.java:askForVotes(181)) - 878b45f2-8640-4699-86a6-c2f01c1e4571:group-044A73119DDA:LeaderElection210: begin an election at term 1 for -1: [878b45f2-8640-4699-86a6-c2f01c1e4571:192.168.36.79:45232], old=null
2019-09-20 08:50:20,721 [878b45f2-8640-4699-86a6-c2f01c1e4571:group-044A73119DDA:LeaderElection210] INFO  impl.RoleInfo (RoleInfo.java:shutdownLeaderElection(134)) - 878b45f2-8640-4699-86a6-c2f01c1e4571: shutdown LeaderElection
2019-09-20 08:50:20,721 [878b45f2-8640-4699-86a6-c2f01c1e4571:group-044A73119DDA:LeaderElection210] INFO  impl.RaftServerImpl (RaftServerImpl.java:setRole(171)) - 878b45f2-8640-4699-86a6-c2f01c1e4571:group-044A73119DDA changes role from CANDIDATE to LEADER at term 1 for changeToLeader
2019-09-20 08:50:20,721 [878b45f2-8640-4699-86a6-c2f01c1e4571:group-044A73119DDA:LeaderElection210] INFO  impl.RaftServerImpl (ServerState.java:setLeader(263)) - 878b45f2-8640-4699-86a6-c2f01c1e4571:group-044A73119DDA change Leader from null to 878b45f2-8640-4699-86a6-c2f01c1e4571 at term 1 for becomeLeader, leader elected after 5077ms
2019-09-20 08:50:20,722 [878b45f2-8640-4699-86a6-c2f01c1e4571:group-044A73119DDA:LeaderElection210] INFO  server.RaftServerConfigKeys (ConfUtils.java:logGet(43)) - raft.server.staging.catchup.gap = 1000 (default)
2019-09-20 08:50:20,722 [878b45f2-8640-4699-86a6-c2f01c1e4571:group-044A73119DDA:LeaderElection210] INFO  server.RaftServerConfigKeys (ConfUtils.java:logGet(43)) - raft.server.rpc.sleep.time = 25ms (default)
2019-09-20 08:50:20,722 [878b45f2-8640-4699-86a6-c2f01c1e4571:group-044A73119DDA:LeaderElection210] INFO  server.RaftServerConfigKeys (ConfUtils.java:logGet(43)) - raft.server.write.element-limit = 4096 (default)
2019-09-20 08:50:20,722 [878b45f2-8640-4699-86a6-c2f01c1e4571:group-044A73119DDA:LeaderElection210] INFO  server.RaftServerConfigKeys (ConfUtils.java:logGet(43)) - raft.server.watch.timeout = 10s (default)
2019-09-20 08:50:20,722 [878b45f2-8640-4699-86a6-c2f01c1e4571:group-044A73119DDA:LeaderElection210] INFO  server.RaftServerConfigKeys (ConfUtils.java:logGet(43)) - raft.server.watch.timeout.denomination = 1s (default)
2019-09-20 08:50:20,722 [878b45f2-8640-4699-86a6-c2f01c1e4571:group-044A73119DDA:LeaderElection210] INFO  server.RaftServerConfigKeys (ConfUtils.java:logGet(43)) - raft.server.watch.element-limit = 65536 (default)
2019-09-20 08:50:20,723 [878b45f2-8640-4699-86a6-c2f01c1e4571:group-044A73119DDA:LeaderElection210] INFO  impl.RoleInfo (RoleInfo.java:updateAndGet(143)) - 878b45f2-8640-4699-86a6-c2f01c1e4571: start LeaderState
2019-09-20 08:50:20,723 [878b45f2-8640-4699-86a6-c2f01c1e4571:group-044A73119DDA:LeaderElection210] INFO  segmented.SegmentedRaftLogWorker (SegmentedRaftLogWorker.java:startLogSegment(380)) - 878b45f2-8640-4699-86a6-c2f01c1e4571-SegmentedRaftLogWorker:Storage Directory /workdir/hadoop-ozone/ozonefs/target/test-dir/MiniOzoneClusterImpl-a4ae5ff1-2421-4ebd-91fb-13e93a5a3fba/datanode-2/data/ratis/7bf94420-d360-4339-9ddf-044a73119dda: Starting segment from index:0
2019-09-20 08:50:20,723 [878b45f2-8640-4699-86a6-c2f01c1e4571:group-044A73119DDA:LeaderElection210] INFO  impl.RaftServerImpl (ServerState.java:setRaftConf(361)) - 878b45f2-8640-4699-86a6-c2f01c1e4571:group-044A73119DDA set configuration 0: [878b45f2-8640-4699-86a6-c2f01c1e4571:192.168.36.79:45232], old=null at 0
2019-09-20 08:50:20,757 | INFO  | SCMAudit | user=jenkins1000 | ip=192.168.36.79 | op=SEND_HEARTBEAT {datanodeUUID=878b45f2-8640-4699-86a6-c2f01c1e4571, command=[]} | ret=SUCCESS |  
2019-09-20 08:50:20,795 [Thread-3136] INFO  impl.FollowerState (FollowerState.java:run(106)) - 878b45f2-8640-4699-86a6-c2f01c1e4571:group-E3DDBE4BEB1D changes to CANDIDATE, lastRpcTime:5071, electionTimeout:5071ms
2019-09-20 08:50:20,795 [Thread-3136] INFO  impl.RoleInfo (RoleInfo.java:shutdownFollowerState(121)) - 878b45f2-8640-4699-86a6-c2f01c1e4571: shutdown FollowerState
2019-09-20 08:50:20,795 [Thread-3136] INFO  impl.RaftServerImpl (RaftServerImpl.java:setRole(171)) - 878b45f2-8640-4699-86a6-c2f01c1e4571:group-E3DDBE4BEB1D changes role from FOLLOWER to CANDIDATE at term 0 for changeToCandidate
2019-09-20 08:50:20,795 [Thread-3136] INFO  impl.RoleInfo (RoleInfo.java:updateAndGet(143)) - 878b45f2-8640-4699-86a6-c2f01c1e4571: start LeaderElection
2019-09-20 08:50:20,798 [878b45f2-8640-4699-86a6-c2f01c1e4571-SegmentedRaftLogWorker:Storage Directory /workdir/hadoop-ozone/ozonefs/target/test-dir/MiniOzoneClusterImpl-a4ae5ff1-2421-4ebd-91fb-13e93a5a3fba/datanode-2/data/ratis/7bf94420-d360-4339-9ddf-044a73119dda] INFO  segmented.SegmentedRaftLogWorker (SegmentedRaftLogWorker.java:execute(569)) - 878b45f2-8640-4699-86a6-c2f01c1e4571-SegmentedRaftLogWorker:Storage Directory /workdir/hadoop-ozone/ozonefs/target/test-dir/MiniOzoneClusterImpl-a4ae5ff1-2421-4ebd-91fb-13e93a5a3fba/datanode-2/data/ratis/7bf94420-d360-4339-9ddf-044a73119dda: created new log segment /workdir/hadoop-ozone/ozonefs/target/test-dir/MiniOzoneClusterImpl-a4ae5ff1-2421-4ebd-91fb-13e93a5a3fba/datanode-2/data/ratis/7bf94420-d360-4339-9ddf-044a73119dda/current/log_inprogress_0
2019-09-20 08:50:20,813 [878b45f2-8640-4699-86a6-c2f01c1e4571:group-E3DDBE4BEB1D:LeaderElection211] INFO  impl.LeaderElection (LeaderElection.java:askForVotes(181)) - 878b45f2-8640-4699-86a6-c2f01c1e4571:group-E3DDBE4BEB1D:LeaderElection211: begin an election at term 1 for -1: [878b45f2-8640-4699-86a6-c2f01c1e4571:192.168.36.79:45232], old=null
2019-09-20 08:50:20,813 [878b45f2-8640-4699-86a6-c2f01c1e4571:group-E3DDBE4BEB1D:LeaderElection211] INFO  impl.RoleInfo (RoleInfo.java:shutdownLeaderElection(134)) - 878b45f2-8640-4699-86a6-c2f01c1e4571: shutdown LeaderElection
2019-09-20 08:50:20,813 [878b45f2-8640-4699-86a6-c2f01c1e4571:group-E3DDBE4BEB1D:LeaderElection211] INFO  impl.RaftServerImpl (RaftServerImpl.java:setRole(171)) - 878b45f2-8640-4699-86a6-c2f01c1e4571:group-E3DDBE4BEB1D changes role from CANDIDATE to LEADER at term 1 for changeToLeader
2019-09-20 08:50:20,814 [878b45f2-8640-4699-86a6-c2f01c1e4571:group-E3DDBE4BEB1D:LeaderElection211] INFO  impl.RaftServerImpl (ServerState.java:setLeader(263)) - 878b45f2-8640-4699-86a6-c2f01c1e4571:group-E3DDBE4BEB1D change Leader from null to 878b45f2-8640-4699-86a6-c2f01c1e4571 at term 1 for becomeLeader, leader elected after 5094ms
2019-09-20 08:50:20,814 [878b45f2-8640-4699-86a6-c2f01c1e4571:group-E3DDBE4BEB1D:LeaderElection211] INFO  server.RaftServerConfigKeys (ConfUtils.java:logGet(43)) - raft.server.staging.catchup.gap = 1000 (default)
2019-09-20 08:50:20,814 [878b45f2-8640-4699-86a6-c2f01c1e4571:group-E3DDBE4BEB1D:LeaderElection211] INFO  server.RaftServerConfigKeys (ConfUtils.java:logGet(43)) - raft.server.rpc.sleep.time = 25ms (default)
2019-09-20 08:50:20,814 [878b45f2-8640-4699-86a6-c2f01c1e4571:group-E3DDBE4BEB1D:LeaderElection211] INFO  server.RaftServerConfigKeys (ConfUtils.java:logGet(43)) - raft.server.write.element-limit = 4096 (default)
2019-09-20 08:50:20,814 [878b45f2-8640-4699-86a6-c2f01c1e4571:group-E3DDBE4BEB1D:LeaderElection211] INFO  server.RaftServerConfigKeys (ConfUtils.java:logGet(43)) - raft.server.watch.timeout = 10s (default)
2019-09-20 08:50:20,814 [878b45f2-8640-4699-86a6-c2f01c1e4571:group-E3DDBE4BEB1D:LeaderElection211] INFO  server.RaftServerConfigKeys (ConfUtils.java:logGet(43)) - raft.server.watch.timeout.denomination = 1s (default)
2019-09-20 08:50:20,814 [878b45f2-8640-4699-86a6-c2f01c1e4571:group-E3DDBE4BEB1D:LeaderElection211] INFO  server.RaftServerConfigKeys (ConfUtils.java:logGet(43)) - raft.server.watch.element-limit = 65536 (default)
2019-09-20 08:50:20,815 [878b45f2-8640-4699-86a6-c2f01c1e4571:group-E3DDBE4BEB1D:LeaderElection211] INFO  impl.RoleInfo (RoleInfo.java:updateAndGet(143)) - 878b45f2-8640-4699-86a6-c2f01c1e4571: start LeaderState
2019-09-20 08:50:20,815 [878b45f2-8640-4699-86a6-c2f01c1e4571:group-E3DDBE4BEB1D:LeaderElection211] INFO  segmented.SegmentedRaftLogWorker (SegmentedRaftLogWorker.java:startLogSegment(380)) - 878b45f2-8640-4699-86a6-c2f01c1e4571-SegmentedRaftLogWorker:Storage Directory /workdir/hadoop-ozone/ozonefs/target/test-dir/MiniOzoneClusterImpl-a4ae5ff1-2421-4ebd-91fb-13e93a5a3fba/datanode-2/data/ratis/ef83ce34-e146-4bc8-a1d2-e3ddbe4beb1d: Starting segment from index:0
2019-09-20 08:50:20,815 [878b45f2-8640-4699-86a6-c2f01c1e4571:group-E3DDBE4BEB1D:LeaderElection211] INFO  impl.RaftServerImpl (ServerState.java:setRaftConf(361)) - 878b45f2-8640-4699-86a6-c2f01c1e4571:group-E3DDBE4BEB1D set configuration 0: [878b45f2-8640-4699-86a6-c2f01c1e4571:192.168.36.79:45232], old=null at 0
2019-09-20 08:50:20,872 [878b45f2-8640-4699-86a6-c2f01c1e4571-SegmentedRaftLogWorker:Storage Directory /workdir/hadoop-ozone/ozonefs/target/test-dir/MiniOzoneClusterImpl-a4ae5ff1-2421-4ebd-91fb-13e93a5a3fba/datanode-2/data/ratis/ef83ce34-e146-4bc8-a1d2-e3ddbe4beb1d] INFO  segmented.SegmentedRaftLogWorker (SegmentedRaftLogWorker.java:execute(569)) - 878b45f2-8640-4699-86a6-c2f01c1e4571-SegmentedRaftLogWorker:Storage Directory /workdir/hadoop-ozone/ozonefs/target/test-dir/MiniOzoneClusterImpl-a4ae5ff1-2421-4ebd-91fb-13e93a5a3fba/datanode-2/data/ratis/ef83ce34-e146-4bc8-a1d2-e3ddbe4beb1d: created new log segment /workdir/hadoop-ozone/ozonefs/target/test-dir/MiniOzoneClusterImpl-a4ae5ff1-2421-4ebd-91fb-13e93a5a3fba/datanode-2/data/ratis/ef83ce34-e146-4bc8-a1d2-e3ddbe4beb1d/current/log_inprogress_0
2019-09-20 08:50:21,007 [main] INFO  ozoneimpl.OzoneContainer (OzoneContainer.java:stop(199)) - Attempting to stop container services.
2019-09-20 08:50:21,008 [ForkJoinPool.commonPool-worker-0] INFO  ozoneimpl.OzoneContainer (OzoneContainer.java:stop(199)) - Attempting to stop container services.
2019-09-20 08:50:21,008 [main] INFO  impl.RaftServerProxy (RaftServerProxy.java:lambda$close$4(314)) - aa1fb5c1-0c84-4e24-a27d-d801a3140cf1: close
2019-09-20 08:50:21,008 [ForkJoinPool.commonPool-worker-0] INFO  impl.RaftServerProxy (RaftServerProxy.java:lambda$close$4(314)) - 847f5ce1-146d-4bef-b8c6-e5ef7108e27b: close
2019-09-20 08:50:21,009 [main] INFO  impl.RaftServerImpl (RaftServerImpl.java:lambda$shutdown$3(245)) - aa1fb5c1-0c84-4e24-a27d-d801a3140cf1: shutdown group-81B2A7D77C6D
2019-09-20 08:50:21,009 [ForkJoinPool.commonPool-worker-0] INFO  impl.RaftServerImpl (RaftServerImpl.java:lambda$shutdown$3(245)) - 847f5ce1-146d-4bef-b8c6-e5ef7108e27b: shutdown group-0FFB9FD5F995
2019-09-20 08:50:21,009 [main] INFO  util.JmxRegister (JmxRegister.java:unregister(73)) - Successfully un-registered JMX Bean with object name Ratis:service=RaftServer,group=group-81B2A7D77C6D,id=aa1fb5c1-0c84-4e24-a27d-d801a3140cf1
2019-09-20 08:50:21,009 [ForkJoinPool.commonPool-worker-0] INFO  util.JmxRegister (JmxRegister.java:unregister(73)) - Successfully un-registered JMX Bean with object name Ratis:service=RaftServer,group=group-0FFB9FD5F995,id=847f5ce1-146d-4bef-b8c6-e5ef7108e27b
2019-09-20 08:50:21,009 [main] INFO  impl.RoleInfo (RoleInfo.java:shutdownLeaderState(104)) - aa1fb5c1-0c84-4e24-a27d-d801a3140cf1: shutdown LeaderState
2019-09-20 08:50:21,010 [ForkJoinPool.commonPool-worker-0] INFO  impl.RoleInfo (RoleInfo.java:shutdownLeaderState(104)) - 847f5ce1-146d-4bef-b8c6-e5ef7108e27b: shutdown LeaderState
2019-09-20 08:50:21,010 [main] INFO  impl.PendingRequests (PendingRequests.java:sendNotLeaderResponses(202)) - aa1fb5c1-0c84-4e24-a27d-d801a3140cf1-PendingRequests: sendNotLeaderResponses
2019-09-20 08:50:21,010 [ForkJoinPool.commonPool-worker-0] INFO  impl.PendingRequests (PendingRequests.java:sendNotLeaderResponses(202)) - 847f5ce1-146d-4bef-b8c6-e5ef7108e27b-PendingRequests: sendNotLeaderResponses
2019-09-20 08:50:21,010 [main] INFO  impl.StateMachineUpdater (StateMachineUpdater.java:stopAndJoin(115)) - StateMachineUpdater:aa1fb5c1-0c84-4e24-a27d-d801a3140cf1:group-81B2A7D77C6D: set stopIndex = 0
2019-09-20 08:50:21,011 [main] INFO  impl.RaftServerImpl (ServerState.java:close(394)) - aa1fb5c1-0c84-4e24-a27d-d801a3140cf1:group-81B2A7D77C6D closes. The last applied log index is 0
2019-09-20 08:50:21,011 [ForkJoinPool.commonPool-worker-0] INFO  impl.StateMachineUpdater (StateMachineUpdater.java:stopAndJoin(115)) - StateMachineUpdater:847f5ce1-146d-4bef-b8c6-e5ef7108e27b:group-0FFB9FD5F995: set stopIndex = 0
2019-09-20 08:50:21,011 [aa1fb5c1-0c84-4e24-a27d-d801a3140cf1-SegmentedRaftLogWorker:Storage Directory /workdir/hadoop-ozone/ozonefs/target/test-dir/MiniOzoneClusterImpl-a4ae5ff1-2421-4ebd-91fb-13e93a5a3fba/datanode-1/data/ratis/e6db0791-a912-403f-8ace-81b2a7d77c6d] INFO  segmented.SegmentedRaftLogWorker (SegmentedRaftLogWorker.java:run(313)) - aa1fb5c1-0c84-4e24-a27d-d801a3140cf1-SegmentedRaftLogWorker:Storage Directory /workdir/hadoop-ozone/ozonefs/target/test-dir/MiniOzoneClusterImpl-a4ae5ff1-2421-4ebd-91fb-13e93a5a3fba/datanode-1/data/ratis/e6db0791-a912-403f-8ace-81b2a7d77c6d was interrupted, exiting. There are 0 tasks remaining in the queue.
2019-09-20 08:50:21,012 [ForkJoinPool.commonPool-worker-0] INFO  impl.RaftServerImpl (ServerState.java:close(394)) - 847f5ce1-146d-4bef-b8c6-e5ef7108e27b:group-0FFB9FD5F995 closes. The last applied log index is 0
2019-09-20 08:50:21,012 [main] INFO  segmented.SegmentedRaftLogWorker (SegmentedRaftLogWorker.java:close(228)) - aa1fb5c1-0c84-4e24-a27d-d801a3140cf1-SegmentedRaftLogWorker:Storage Directory /workdir/hadoop-ozone/ozonefs/target/test-dir/MiniOzoneClusterImpl-a4ae5ff1-2421-4ebd-91fb-13e93a5a3fba/datanode-1/data/ratis/e6db0791-a912-403f-8ace-81b2a7d77c6d close()
2019-09-20 08:50:21,012 [847f5ce1-146d-4bef-b8c6-e5ef7108e27b-SegmentedRaftLogWorker:Storage Directory /workdir/hadoop-ozone/ozonefs/target/test-dir/MiniOzoneClusterImpl-a4ae5ff1-2421-4ebd-91fb-13e93a5a3fba/datanode-0/data/ratis/93766365-70fb-4409-ab2f-0ffb9fd5f995] INFO  segmented.SegmentedRaftLogWorker (SegmentedRaftLogWorker.java:run(313)) - 847f5ce1-146d-4bef-b8c6-e5ef7108e27b-SegmentedRaftLogWorker:Storage Directory /workdir/hadoop-ozone/ozonefs/target/test-dir/MiniOzoneClusterImpl-a4ae5ff1-2421-4ebd-91fb-13e93a5a3fba/datanode-0/data/ratis/93766365-70fb-4409-ab2f-0ffb9fd5f995 was interrupted, exiting. There are 0 tasks remaining in the queue.
2019-09-20 08:50:21,014 [main] INFO  impl.RaftServerImpl (RaftServerImpl.java:lambda$shutdown$3(245)) - aa1fb5c1-0c84-4e24-a27d-d801a3140cf1: shutdown group-E86EB5EBE6DA
2019-09-20 08:50:21,014 [ForkJoinPool.commonPool-worker-0] INFO  segmented.SegmentedRaftLogWorker (SegmentedRaftLogWorker.java:close(228)) - 847f5ce1-146d-4bef-b8c6-e5ef7108e27b-SegmentedRaftLogWorker:Storage Directory /workdir/hadoop-ozone/ozonefs/target/test-dir/MiniOzoneClusterImpl-a4ae5ff1-2421-4ebd-91fb-13e93a5a3fba/datanode-0/data/ratis/93766365-70fb-4409-ab2f-0ffb9fd5f995 close()
2019-09-20 08:50:21,014 [main] INFO  util.JmxRegister (JmxRegister.java:unregister(73)) - Successfully un-registered JMX Bean with object name Ratis:service=RaftServer,group=group-E86EB5EBE6DA,id=aa1fb5c1-0c84-4e24-a27d-d801a3140cf1
2019-09-20 08:50:21,015 [ForkJoinPool.commonPool-worker-0] INFO  impl.RaftServerImpl (RaftServerImpl.java:lambda$shutdown$3(245)) - 847f5ce1-146d-4bef-b8c6-e5ef7108e27b: shutdown group-1C26F641BC91
2019-09-20 08:50:21,016 [main] INFO  impl.RoleInfo (RoleInfo.java:shutdownLeaderState(104)) - aa1fb5c1-0c84-4e24-a27d-d801a3140cf1: shutdown LeaderState
2019-09-20 08:50:21,016 [ForkJoinPool.commonPool-worker-0] INFO  util.JmxRegister (JmxRegister.java:unregister(73)) - Successfully un-registered JMX Bean with object name Ratis:service=RaftServer,group=group-1C26F641BC91,id=847f5ce1-146d-4bef-b8c6-e5ef7108e27b
2019-09-20 08:50:21,016 [main] INFO  impl.PendingRequests (PendingRequests.java:sendNotLeaderResponses(202)) - aa1fb5c1-0c84-4e24-a27d-d801a3140cf1-PendingRequests: sendNotLeaderResponses
2019-09-20 08:50:21,016 [ForkJoinPool.commonPool-worker-0] INFO  impl.RoleInfo (RoleInfo.java:shutdownLeaderState(104)) - 847f5ce1-146d-4bef-b8c6-e5ef7108e27b: shutdown LeaderState
2019-09-20 08:50:21,017 [main] INFO  impl.StateMachineUpdater (StateMachineUpdater.java:stopAndJoin(115)) - StateMachineUpdater:aa1fb5c1-0c84-4e24-a27d-d801a3140cf1:group-E86EB5EBE6DA: set stopIndex = 0
2019-09-20 08:50:21,017 [ForkJoinPool.commonPool-worker-0] INFO  impl.PendingRequests (PendingRequests.java:sendNotLeaderResponses(202)) - 847f5ce1-146d-4bef-b8c6-e5ef7108e27b-PendingRequests: sendNotLeaderResponses
2019-09-20 08:50:21,017 [main] INFO  impl.RaftServerImpl (ServerState.java:close(394)) - aa1fb5c1-0c84-4e24-a27d-d801a3140cf1:group-E86EB5EBE6DA closes. The last applied log index is 0
2019-09-20 08:50:21,017 [ForkJoinPool.commonPool-worker-0] INFO  impl.StateMachineUpdater (StateMachineUpdater.java:stopAndJoin(115)) - StateMachineUpdater:847f5ce1-146d-4bef-b8c6-e5ef7108e27b:group-1C26F641BC91: set stopIndex = 0
2019-09-20 08:50:21,018 [aa1fb5c1-0c84-4e24-a27d-d801a3140cf1-SegmentedRaftLogWorker:Storage Directory /workdir/hadoop-ozone/ozonefs/target/test-dir/MiniOzoneClusterImpl-a4ae5ff1-2421-4ebd-91fb-13e93a5a3fba/datanode-1/data/ratis/ccf82dcc-debb-4af1-9362-e86eb5ebe6da] INFO  segmented.SegmentedRaftLogWorker (SegmentedRaftLogWorker.java:run(313)) - aa1fb5c1-0c84-4e24-a27d-d801a3140cf1-SegmentedRaftLogWorker:Storage Directory /workdir/hadoop-ozone/ozonefs/target/test-dir/MiniOzoneClusterImpl-a4ae5ff1-2421-4ebd-91fb-13e93a5a3fba/datanode-1/data/ratis/ccf82dcc-debb-4af1-9362-e86eb5ebe6da was interrupted, exiting. There are 0 tasks remaining in the queue.
2019-09-20 08:50:21,018 [ForkJoinPool.commonPool-worker-0] INFO  impl.RaftServerImpl (ServerState.java:close(394)) - 847f5ce1-146d-4bef-b8c6-e5ef7108e27b:group-1C26F641BC91 closes. The last applied log index is 0
2019-09-20 08:50:21,018 [main] INFO  segmented.SegmentedRaftLogWorker (SegmentedRaftLogWorker.java:close(228)) - aa1fb5c1-0c84-4e24-a27d-d801a3140cf1-SegmentedRaftLogWorker:Storage Directory /workdir/hadoop-ozone/ozonefs/target/test-dir/MiniOzoneClusterImpl-a4ae5ff1-2421-4ebd-91fb-13e93a5a3fba/datanode-1/data/ratis/ccf82dcc-debb-4af1-9362-e86eb5ebe6da close()
2019-09-20 08:50:21,018 [847f5ce1-146d-4bef-b8c6-e5ef7108e27b-SegmentedRaftLogWorker:Storage Directory /workdir/hadoop-ozone/ozonefs/target/test-dir/MiniOzoneClusterImpl-a4ae5ff1-2421-4ebd-91fb-13e93a5a3fba/datanode-0/data/ratis/8c9cb972-cfad-4002-8c57-1c26f641bc91] INFO  segmented.SegmentedRaftLogWorker (SegmentedRaftLogWorker.java:run(313)) - 847f5ce1-146d-4bef-b8c6-e5ef7108e27b-SegmentedRaftLogWorker:Storage Directory /workdir/hadoop-ozone/ozonefs/target/test-dir/MiniOzoneClusterImpl-a4ae5ff1-2421-4ebd-91fb-13e93a5a3fba/datanode-0/data/ratis/8c9cb972-cfad-4002-8c57-1c26f641bc91 was interrupted, exiting. There are 0 tasks remaining in the queue.
2019-09-20 08:50:21,019 [main] INFO  impl.RaftServerImpl (RaftServerImpl.java:lambda$shutdown$3(245)) - aa1fb5c1-0c84-4e24-a27d-d801a3140cf1: shutdown group-093CFBE433D4
2019-09-20 08:50:21,019 [ForkJoinPool.commonPool-worker-0] INFO  segmented.SegmentedRaftLogWorker (SegmentedRaftLogWorker.java:close(228)) - 847f5ce1-146d-4bef-b8c6-e5ef7108e27b-SegmentedRaftLogWorker:Storage Directory /workdir/hadoop-ozone/ozonefs/target/test-dir/MiniOzoneClusterImpl-a4ae5ff1-2421-4ebd-91fb-13e93a5a3fba/datanode-0/data/ratis/8c9cb972-cfad-4002-8c57-1c26f641bc91 close()
2019-09-20 08:50:21,020 [main] INFO  util.JmxRegister (JmxRegister.java:unregister(73)) - Successfully un-registered JMX Bean with object name Ratis:service=RaftServer,group=group-093CFBE433D4,id=aa1fb5c1-0c84-4e24-a27d-d801a3140cf1
2019-09-20 08:50:21,021 [ForkJoinPool.commonPool-worker-0] INFO  impl.RaftServerImpl (RaftServerImpl.java:lambda$shutdown$3(245)) - 847f5ce1-146d-4bef-b8c6-e5ef7108e27b: shutdown group-4D1DE6387063
2019-09-20 08:50:21,021 [main] INFO  impl.RoleInfo (RoleInfo.java:shutdownLeaderState(104)) - aa1fb5c1-0c84-4e24-a27d-d801a3140cf1: shutdown LeaderState
2019-09-20 08:50:21,021 [ForkJoinPool.commonPool-worker-0] INFO  util.JmxRegister (JmxRegister.java:unregister(73)) - Successfully un-registered JMX Bean with object name Ratis:service=RaftServer,group=group-4D1DE6387063,id=847f5ce1-146d-4bef-b8c6-e5ef7108e27b
2019-09-20 08:50:21,021 [main] INFO  impl.PendingRequests (PendingRequests.java:sendNotLeaderResponses(202)) - aa1fb5c1-0c84-4e24-a27d-d801a3140cf1-PendingRequests: sendNotLeaderResponses
2019-09-20 08:50:21,022 [ForkJoinPool.commonPool-worker-0] INFO  impl.RoleInfo (RoleInfo.java:shutdownLeaderState(104)) - 847f5ce1-146d-4bef-b8c6-e5ef7108e27b: shutdown LeaderState
2019-09-20 08:50:21,022 [main] INFO  impl.StateMachineUpdater (StateMachineUpdater.java:stopAndJoin(115)) - StateMachineUpdater:aa1fb5c1-0c84-4e24-a27d-d801a3140cf1:group-093CFBE433D4: set stopIndex = 0
2019-09-20 08:50:21,022 [ForkJoinPool.commonPool-worker-0] INFO  impl.PendingRequests (PendingRequests.java:sendNotLeaderResponses(202)) - 847f5ce1-146d-4bef-b8c6-e5ef7108e27b-PendingRequests: sendNotLeaderResponses
2019-09-20 08:50:21,022 [main] INFO  impl.RaftServerImpl (ServerState.java:close(394)) - aa1fb5c1-0c84-4e24-a27d-d801a3140cf1:group-093CFBE433D4 closes. The last applied log index is 0
2019-09-20 08:50:21,023 [ForkJoinPool.commonPool-worker-0] INFO  impl.StateMachineUpdater (StateMachineUpdater.java:stopAndJoin(115)) - StateMachineUpdater:847f5ce1-146d-4bef-b8c6-e5ef7108e27b:group-4D1DE6387063: set stopIndex = 0
2019-09-20 08:50:21,023 [aa1fb5c1-0c84-4e24-a27d-d801a3140cf1-SegmentedRaftLogWorker:Storage Directory /workdir/hadoop-ozone/ozonefs/target/test-dir/MiniOzoneClusterImpl-a4ae5ff1-2421-4ebd-91fb-13e93a5a3fba/datanode-1/data/ratis/b1681a86-bbcb-44ac-b97d-093cfbe433d4] INFO  segmented.SegmentedRaftLogWorker (SegmentedRaftLogWorker.java:run(313)) - aa1fb5c1-0c84-4e24-a27d-d801a3140cf1-SegmentedRaftLogWorker:Storage Directory /workdir/hadoop-ozone/ozonefs/target/test-dir/MiniOzoneClusterImpl-a4ae5ff1-2421-4ebd-91fb-13e93a5a3fba/datanode-1/data/ratis/b1681a86-bbcb-44ac-b97d-093cfbe433d4 was interrupted, exiting. There are 0 tasks remaining in the queue.
2019-09-20 08:50:21,023 [ForkJoinPool.commonPool-worker-0] INFO  impl.RaftServerImpl (ServerState.java:close(394)) - 847f5ce1-146d-4bef-b8c6-e5ef7108e27b:group-4D1DE6387063 closes. The last applied log index is 0
2019-09-20 08:50:21,023 [main] INFO  segmented.SegmentedRaftLogWorker (SegmentedRaftLogWorker.java:close(228)) - aa1fb5c1-0c84-4e24-a27d-d801a3140cf1-SegmentedRaftLogWorker:Storage Directory /workdir/hadoop-ozone/ozonefs/target/test-dir/MiniOzoneClusterImpl-a4ae5ff1-2421-4ebd-91fb-13e93a5a3fba/datanode-1/data/ratis/b1681a86-bbcb-44ac-b97d-093cfbe433d4 close()
2019-09-20 08:50:21,023 [847f5ce1-146d-4bef-b8c6-e5ef7108e27b-SegmentedRaftLogWorker:Storage Directory /workdir/hadoop-ozone/ozonefs/target/test-dir/MiniOzoneClusterImpl-a4ae5ff1-2421-4ebd-91fb-13e93a5a3fba/datanode-0/data/ratis/bd930c53-ab99-4813-9c1c-4d1de6387063] INFO  segmented.SegmentedRaftLogWorker (SegmentedRaftLogWorker.java:run(313)) - 847f5ce1-146d-4bef-b8c6-e5ef7108e27b-SegmentedRaftLogWorker:Storage Directory /workdir/hadoop-ozone/ozonefs/target/test-dir/MiniOzoneClusterImpl-a4ae5ff1-2421-4ebd-91fb-13e93a5a3fba/datanode-0/data/ratis/bd930c53-ab99-4813-9c1c-4d1de6387063 was interrupted, exiting. There are 0 tasks remaining in the queue.
2019-09-20 08:50:21,025 [main] INFO  impl.RaftServerImpl (RaftServerImpl.java:lambda$shutdown$3(245)) - aa1fb5c1-0c84-4e24-a27d-d801a3140cf1: shutdown group-69490DE2DD7B
2019-09-20 08:50:21,025 [ForkJoinPool.commonPool-worker-0] INFO  segmented.SegmentedRaftLogWorker (SegmentedRaftLogWorker.java:close(228)) - 847f5ce1-146d-4bef-b8c6-e5ef7108e27b-SegmentedRaftLogWorker:Storage Directory /workdir/hadoop-ozone/ozonefs/target/test-dir/MiniOzoneClusterImpl-a4ae5ff1-2421-4ebd-91fb-13e93a5a3fba/datanode-0/data/ratis/bd930c53-ab99-4813-9c1c-4d1de6387063 close()
2019-09-20 08:50:21,025 [main] INFO  util.JmxRegister (JmxRegister.java:unregister(73)) - Successfully un-registered JMX Bean with object name Ratis:service=RaftServer,group=group-69490DE2DD7B,id=aa1fb5c1-0c84-4e24-a27d-d801a3140cf1
2019-09-20 08:50:21,026 [ForkJoinPool.commonPool-worker-0] INFO  impl.RaftServerImpl (RaftServerImpl.java:lambda$shutdown$3(245)) - 847f5ce1-146d-4bef-b8c6-e5ef7108e27b: shutdown group-23AD78E973C8
2019-09-20 08:50:21,026 [main] INFO  impl.RoleInfo (RoleInfo.java:shutdownLeaderState(104)) - aa1fb5c1-0c84-4e24-a27d-d801a3140cf1: shutdown LeaderState
2019-09-20 08:50:21,027 [ForkJoinPool.commonPool-worker-0] INFO  util.JmxRegister (JmxRegister.java:unregister(73)) - Successfully un-registered JMX Bean with object name Ratis:service=RaftServer,group=group-23AD78E973C8,id=847f5ce1-146d-4bef-b8c6-e5ef7108e27b
2019-09-20 08:50:21,027 [main] INFO  impl.PendingRequests (PendingRequests.java:sendNotLeaderResponses(202)) - aa1fb5c1-0c84-4e24-a27d-d801a3140cf1-PendingRequests: sendNotLeaderResponses
2019-09-20 08:50:21,027 [ForkJoinPool.commonPool-worker-0] INFO  impl.RoleInfo (RoleInfo.java:shutdownLeaderState(104)) - 847f5ce1-146d-4bef-b8c6-e5ef7108e27b: shutdown LeaderState
2019-09-20 08:50:21,027 [main] INFO  impl.StateMachineUpdater (StateMachineUpdater.java:stopAndJoin(115)) - StateMachineUpdater:aa1fb5c1-0c84-4e24-a27d-d801a3140cf1:group-69490DE2DD7B: set stopIndex = 0
2019-09-20 08:50:21,028 [main] INFO  impl.RaftServerImpl (ServerState.java:close(394)) - aa1fb5c1-0c84-4e24-a27d-d801a3140cf1:group-69490DE2DD7B closes. The last applied log index is 0
2019-09-20 08:50:21,028 [ForkJoinPool.commonPool-worker-0] INFO  impl.PendingRequests (PendingRequests.java:sendNotLeaderResponses(202)) - 847f5ce1-146d-4bef-b8c6-e5ef7108e27b-PendingRequests: sendNotLeaderResponses
2019-09-20 08:50:21,028 [aa1fb5c1-0c84-4e24-a27d-d801a3140cf1-SegmentedRaftLogWorker:Storage Directory /workdir/hadoop-ozone/ozonefs/target/test-dir/MiniOzoneClusterImpl-a4ae5ff1-2421-4ebd-91fb-13e93a5a3fba/datanode-1/data/ratis/5620791b-e45b-41a7-b11d-69490de2dd7b] INFO  segmented.SegmentedRaftLogWorker (SegmentedRaftLogWorker.java:run(313)) - aa1fb5c1-0c84-4e24-a27d-d801a3140cf1-SegmentedRaftLogWorker:Storage Directory /workdir/hadoop-ozone/ozonefs/target/test-dir/MiniOzoneClusterImpl-a4ae5ff1-2421-4ebd-91fb-13e93a5a3fba/datanode-1/data/ratis/5620791b-e45b-41a7-b11d-69490de2dd7b was interrupted, exiting. There are 0 tasks remaining in the queue.
2019-09-20 08:50:21,028 [ForkJoinPool.commonPool-worker-0] INFO  impl.StateMachineUpdater (StateMachineUpdater.java:stopAndJoin(115)) - StateMachineUpdater:847f5ce1-146d-4bef-b8c6-e5ef7108e27b:group-23AD78E973C8: set stopIndex = 0
2019-09-20 08:50:21,029 [main] INFO  segmented.SegmentedRaftLogWorker (SegmentedRaftLogWorker.java:close(228)) - aa1fb5c1-0c84-4e24-a27d-d801a3140cf1-SegmentedRaftLogWorker:Storage Directory /workdir/hadoop-ozone/ozonefs/target/test-dir/MiniOzoneClusterImpl-a4ae5ff1-2421-4ebd-91fb-13e93a5a3fba/datanode-1/data/ratis/5620791b-e45b-41a7-b11d-69490de2dd7b close()
2019-09-20 08:50:21,029 [ForkJoinPool.commonPool-worker-0] INFO  impl.RaftServerImpl (ServerState.java:close(394)) - 847f5ce1-146d-4bef-b8c6-e5ef7108e27b:group-23AD78E973C8 closes. The last applied log index is 0
2019-09-20 08:50:21,030 [main] INFO  impl.RaftServerImpl (RaftServerImpl.java:lambda$shutdown$3(245)) - aa1fb5c1-0c84-4e24-a27d-d801a3140cf1: shutdown group-667A08E43CAC
2019-09-20 08:50:21,030 [847f5ce1-146d-4bef-b8c6-e5ef7108e27b-SegmentedRaftLogWorker:Storage Directory /workdir/hadoop-ozone/ozonefs/target/test-dir/MiniOzoneClusterImpl-a4ae5ff1-2421-4ebd-91fb-13e93a5a3fba/datanode-0/data/ratis/8b8f92b8-cea1-47e7-908f-23ad78e973c8] INFO  segmented.SegmentedRaftLogWorker (SegmentedRaftLogWorker.java:run(313)) - 847f5ce1-146d-4bef-b8c6-e5ef7108e27b-SegmentedRaftLogWorker:Storage Directory /workdir/hadoop-ozone/ozonefs/target/test-dir/MiniOzoneClusterImpl-a4ae5ff1-2421-4ebd-91fb-13e93a5a3fba/datanode-0/data/ratis/8b8f92b8-cea1-47e7-908f-23ad78e973c8 was interrupted, exiting. There are 0 tasks remaining in the queue.
2019-09-20 08:50:21,030 [main] INFO  util.JmxRegister (JmxRegister.java:unregister(73)) - Successfully un-registered JMX Bean with object name Ratis:service=RaftServer,group=group-667A08E43CAC,id=aa1fb5c1-0c84-4e24-a27d-d801a3140cf1
2019-09-20 08:50:21,031 [ForkJoinPool.commonPool-worker-0] INFO  segmented.SegmentedRaftLogWorker (SegmentedRaftLogWorker.java:close(228)) - 847f5ce1-146d-4bef-b8c6-e5ef7108e27b-SegmentedRaftLogWorker:Storage Directory /workdir/hadoop-ozone/ozonefs/target/test-dir/MiniOzoneClusterImpl-a4ae5ff1-2421-4ebd-91fb-13e93a5a3fba/datanode-0/data/ratis/8b8f92b8-cea1-47e7-908f-23ad78e973c8 close()
2019-09-20 08:50:21,031 [main] INFO  impl.RoleInfo (RoleInfo.java:shutdownLeaderState(104)) - aa1fb5c1-0c84-4e24-a27d-d801a3140cf1: shutdown LeaderState
2019-09-20 08:50:21,032 [ForkJoinPool.commonPool-worker-0] INFO  impl.RaftServerImpl (RaftServerImpl.java:lambda$shutdown$3(245)) - 847f5ce1-146d-4bef-b8c6-e5ef7108e27b: shutdown group-5416A244EFFA
2019-09-20 08:50:21,032 [main] INFO  impl.PendingRequests (PendingRequests.java:sendNotLeaderResponses(202)) - aa1fb5c1-0c84-4e24-a27d-d801a3140cf1-PendingRequests: sendNotLeaderResponses
2019-09-20 08:50:21,032 [ForkJoinPool.commonPool-worker-0] INFO  util.JmxRegister (JmxRegister.java:unregister(73)) - Successfully un-registered JMX Bean with object name Ratis:service=RaftServer,group=group-5416A244EFFA,id=847f5ce1-146d-4bef-b8c6-e5ef7108e27b
2019-09-20 08:50:21,033 [main] INFO  impl.StateMachineUpdater (StateMachineUpdater.java:stopAndJoin(115)) - StateMachineUpdater:aa1fb5c1-0c84-4e24-a27d-d801a3140cf1:group-667A08E43CAC: set stopIndex = 0
2019-09-20 08:50:21,033 [ForkJoinPool.commonPool-worker-0] INFO  impl.RoleInfo (RoleInfo.java:shutdownLeaderState(104)) - 847f5ce1-146d-4bef-b8c6-e5ef7108e27b: shutdown LeaderState
2019-09-20 08:50:21,033 [main] INFO  impl.RaftServerImpl (ServerState.java:close(394)) - aa1fb5c1-0c84-4e24-a27d-d801a3140cf1:group-667A08E43CAC closes. The last applied log index is 0
2019-09-20 08:50:21,033 [ForkJoinPool.commonPool-worker-0] INFO  impl.PendingRequests (PendingRequests.java:sendNotLeaderResponses(202)) - 847f5ce1-146d-4bef-b8c6-e5ef7108e27b-PendingRequests: sendNotLeaderResponses
2019-09-20 08:50:21,034 [aa1fb5c1-0c84-4e24-a27d-d801a3140cf1-SegmentedRaftLogWorker:Storage Directory /workdir/hadoop-ozone/ozonefs/target/test-dir/MiniOzoneClusterImpl-a4ae5ff1-2421-4ebd-91fb-13e93a5a3fba/datanode-1/data/ratis/053b1d80-aa5c-447a-83c3-667a08e43cac] INFO  segmented.SegmentedRaftLogWorker (SegmentedRaftLogWorker.java:run(313)) - aa1fb5c1-0c84-4e24-a27d-d801a3140cf1-SegmentedRaftLogWorker:Storage Directory /workdir/hadoop-ozone/ozonefs/target/test-dir/MiniOzoneClusterImpl-a4ae5ff1-2421-4ebd-91fb-13e93a5a3fba/datanode-1/data/ratis/053b1d80-aa5c-447a-83c3-667a08e43cac was interrupted, exiting. There are 0 tasks remaining in the queue.
2019-09-20 08:50:21,034 [ForkJoinPool.commonPool-worker-0] INFO  impl.StateMachineUpdater (StateMachineUpdater.java:stopAndJoin(115)) - StateMachineUpdater:847f5ce1-146d-4bef-b8c6-e5ef7108e27b:group-5416A244EFFA: set stopIndex = 0
2019-09-20 08:50:21,034 [main] INFO  segmented.SegmentedRaftLogWorker (SegmentedRaftLogWorker.java:close(228)) - aa1fb5c1-0c84-4e24-a27d-d801a3140cf1-SegmentedRaftLogWorker:Storage Directory /workdir/hadoop-ozone/ozonefs/target/test-dir/MiniOzoneClusterImpl-a4ae5ff1-2421-4ebd-91fb-13e93a5a3fba/datanode-1/data/ratis/053b1d80-aa5c-447a-83c3-667a08e43cac close()
2019-09-20 08:50:21,034 [ForkJoinPool.commonPool-worker-0] INFO  impl.RaftServerImpl (ServerState.java:close(394)) - 847f5ce1-146d-4bef-b8c6-e5ef7108e27b:group-5416A244EFFA closes. The last applied log index is 0
2019-09-20 08:50:21,035 [main] INFO  impl.RaftServerImpl (RaftServerImpl.java:lambda$shutdown$3(245)) - aa1fb5c1-0c84-4e24-a27d-d801a3140cf1: shutdown group-1FD00683041C
2019-09-20 08:50:21,036 [847f5ce1-146d-4bef-b8c6-e5ef7108e27b-SegmentedRaftLogWorker:Storage Directory /workdir/hadoop-ozone/ozonefs/target/test-dir/MiniOzoneClusterImpl-a4ae5ff1-2421-4ebd-91fb-13e93a5a3fba/datanode-0/data/ratis/484fca6a-af80-44e4-b075-5416a244effa] INFO  segmented.SegmentedRaftLogWorker (SegmentedRaftLogWorker.java:run(313)) - 847f5ce1-146d-4bef-b8c6-e5ef7108e27b-SegmentedRaftLogWorker:Storage Directory /workdir/hadoop-ozone/ozonefs/target/test-dir/MiniOzoneClusterImpl-a4ae5ff1-2421-4ebd-91fb-13e93a5a3fba/datanode-0/data/ratis/484fca6a-af80-44e4-b075-5416a244effa was interrupted, exiting. There are 0 tasks remaining in the queue.
2019-09-20 08:50:21,036 [main] INFO  util.JmxRegister (JmxRegister.java:unregister(73)) - Successfully un-registered JMX Bean with object name Ratis:service=RaftServer,group=group-1FD00683041C,id=aa1fb5c1-0c84-4e24-a27d-d801a3140cf1
2019-09-20 08:50:21,036 [ForkJoinPool.commonPool-worker-0] INFO  segmented.SegmentedRaftLogWorker (SegmentedRaftLogWorker.java:close(228)) - 847f5ce1-146d-4bef-b8c6-e5ef7108e27b-SegmentedRaftLogWorker:Storage Directory /workdir/hadoop-ozone/ozonefs/target/test-dir/MiniOzoneClusterImpl-a4ae5ff1-2421-4ebd-91fb-13e93a5a3fba/datanode-0/data/ratis/484fca6a-af80-44e4-b075-5416a244effa close()
2019-09-20 08:50:21,036 [main] INFO  impl.RoleInfo (RoleInfo.java:shutdownLeaderState(104)) - aa1fb5c1-0c84-4e24-a27d-d801a3140cf1: shutdown LeaderState
2019-09-20 08:50:21,037 [ForkJoinPool.commonPool-worker-0] INFO  impl.RaftServerImpl (RaftServerImpl.java:lambda$shutdown$3(245)) - 847f5ce1-146d-4bef-b8c6-e5ef7108e27b: shutdown group-AB67A5B7F04F
2019-09-20 08:50:21,037 [main] INFO  impl.PendingRequests (PendingRequests.java:sendNotLeaderResponses(202)) - aa1fb5c1-0c84-4e24-a27d-d801a3140cf1-PendingRequests: sendNotLeaderResponses
2019-09-20 08:50:21,038 [ForkJoinPool.commonPool-worker-0] INFO  util.JmxRegister (JmxRegister.java:unregister(73)) - Successfully un-registered JMX Bean with object name Ratis:service=RaftServer,group=group-AB67A5B7F04F,id=847f5ce1-146d-4bef-b8c6-e5ef7108e27b
2019-09-20 08:50:21,038 [main] INFO  impl.StateMachineUpdater (StateMachineUpdater.java:stopAndJoin(115)) - StateMachineUpdater:aa1fb5c1-0c84-4e24-a27d-d801a3140cf1:group-1FD00683041C: set stopIndex = 0
2019-09-20 08:50:21,038 [ForkJoinPool.commonPool-worker-0] INFO  impl.RoleInfo (RoleInfo.java:shutdownLeaderState(104)) - 847f5ce1-146d-4bef-b8c6-e5ef7108e27b: shutdown LeaderState
2019-09-20 08:50:21,038 [main] INFO  impl.RaftServerImpl (ServerState.java:close(394)) - aa1fb5c1-0c84-4e24-a27d-d801a3140cf1:group-1FD00683041C closes. The last applied log index is 0
2019-09-20 08:50:21,039 [ForkJoinPool.commonPool-worker-0] INFO  impl.PendingRequests (PendingRequests.java:sendNotLeaderResponses(202)) - 847f5ce1-146d-4bef-b8c6-e5ef7108e27b-PendingRequests: sendNotLeaderResponses
2019-09-20 08:50:21,039 [aa1fb5c1-0c84-4e24-a27d-d801a3140cf1-SegmentedRaftLogWorker:Storage Directory /workdir/hadoop-ozone/ozonefs/target/test-dir/MiniOzoneClusterImpl-a4ae5ff1-2421-4ebd-91fb-13e93a5a3fba/datanode-1/data/ratis/e34a21e1-3fd2-431b-b123-1fd00683041c] INFO  segmented.SegmentedRaftLogWorker (SegmentedRaftLogWorker.java:run(313)) - aa1fb5c1-0c84-4e24-a27d-d801a3140cf1-SegmentedRaftLogWorker:Storage Directory /workdir/hadoop-ozone/ozonefs/target/test-dir/MiniOzoneClusterImpl-a4ae5ff1-2421-4ebd-91fb-13e93a5a3fba/datanode-1/data/ratis/e34a21e1-3fd2-431b-b123-1fd00683041c was interrupted, exiting. There are 0 tasks remaining in the queue.
2019-09-20 08:50:21,039 [ForkJoinPool.commonPool-worker-0] INFO  impl.StateMachineUpdater (StateMachineUpdater.java:stopAndJoin(115)) - StateMachineUpdater:847f5ce1-146d-4bef-b8c6-e5ef7108e27b:group-AB67A5B7F04F: set stopIndex = 0
2019-09-20 08:50:21,039 [main] INFO  segmented.SegmentedRaftLogWorker (SegmentedRaftLogWorker.java:close(228)) - aa1fb5c1-0c84-4e24-a27d-d801a3140cf1-SegmentedRaftLogWorker:Storage Directory /workdir/hadoop-ozone/ozonefs/target/test-dir/MiniOzoneClusterImpl-a4ae5ff1-2421-4ebd-91fb-13e93a5a3fba/datanode-1/data/ratis/e34a21e1-3fd2-431b-b123-1fd00683041c close()
2019-09-20 08:50:21,039 [ForkJoinPool.commonPool-worker-0] INFO  impl.RaftServerImpl (ServerState.java:close(394)) - 847f5ce1-146d-4bef-b8c6-e5ef7108e27b:group-AB67A5B7F04F closes. The last applied log index is 0
2019-09-20 08:50:21,041 [main] INFO  server.GrpcService (GrpcService.java:closeImpl(155)) - aa1fb5c1-0c84-4e24-a27d-d801a3140cf1: shutdown server with port 41886 now
2019-09-20 08:50:21,041 [847f5ce1-146d-4bef-b8c6-e5ef7108e27b-SegmentedRaftLogWorker:Storage Directory /workdir/hadoop-ozone/ozonefs/target/test-dir/MiniOzoneClusterImpl-a4ae5ff1-2421-4ebd-91fb-13e93a5a3fba/datanode-0/data/ratis/3c2a291b-7391-48de-9d6e-ab67a5b7f04f] INFO  segmented.SegmentedRaftLogWorker (SegmentedRaftLogWorker.java:run(313)) - 847f5ce1-146d-4bef-b8c6-e5ef7108e27b-SegmentedRaftLogWorker:Storage Directory /workdir/hadoop-ozone/ozonefs/target/test-dir/MiniOzoneClusterImpl-a4ae5ff1-2421-4ebd-91fb-13e93a5a3fba/datanode-0/data/ratis/3c2a291b-7391-48de-9d6e-ab67a5b7f04f was interrupted, exiting. There are 0 tasks remaining in the queue.
2019-09-20 08:50:21,041 [ForkJoinPool.commonPool-worker-0] INFO  segmented.SegmentedRaftLogWorker (SegmentedRaftLogWorker.java:close(228)) - 847f5ce1-146d-4bef-b8c6-e5ef7108e27b-SegmentedRaftLogWorker:Storage Directory /workdir/hadoop-ozone/ozonefs/target/test-dir/MiniOzoneClusterImpl-a4ae5ff1-2421-4ebd-91fb-13e93a5a3fba/datanode-0/data/ratis/3c2a291b-7391-48de-9d6e-ab67a5b7f04f close()
2019-09-20 08:50:21,042 [main] INFO  server.GrpcService (GrpcService.java:closeImpl(163)) - aa1fb5c1-0c84-4e24-a27d-d801a3140cf1: shutdown server with port 41886 successfully
2019-09-20 08:50:21,043 [ForkJoinPool.commonPool-worker-0] INFO  server.GrpcService (GrpcService.java:closeImpl(155)) - 847f5ce1-146d-4bef-b8c6-e5ef7108e27b: shutdown server with port 36776 now
2019-09-20 08:50:21,049 [ForkJoinPool.commonPool-worker-0] INFO  server.GrpcService (GrpcService.java:closeImpl(163)) - 847f5ce1-146d-4bef-b8c6-e5ef7108e27b: shutdown server with port 36776 successfully
2019-09-20 08:50:21,050 [main] INFO  utils.BackgroundService (BackgroundService.java:shutdown(148)) - Shutting down service BlockDeletingService
2019-09-20 08:50:21,051 [refreshUsed-/workdir/hadoop-ozone/ozonefs/target/test-dir/MiniOzoneClusterImpl-a4ae5ff1-2421-4ebd-91fb-13e93a5a3fba/datanode-1/data/containers] WARN  fs.CachingGetSpaceUsed (CachingGetSpaceUsed.java:run(183)) - Thread Interrupted waiting to refresh disk information: sleep interrupted
2019-09-20 08:50:21,051 [ForkJoinPool.commonPool-worker-0] INFO  utils.BackgroundService (BackgroundService.java:shutdown(148)) - Shutting down service BlockDeletingService
2019-09-20 08:50:21,054 [refreshUsed-/workdir/hadoop-ozone/ozonefs/target/test-dir/MiniOzoneClusterImpl-a4ae5ff1-2421-4ebd-91fb-13e93a5a3fba/datanode-0/data/containers] WARN  fs.CachingGetSpaceUsed (CachingGetSpaceUsed.java:run(183)) - Thread Interrupted waiting to refresh disk information: sleep interrupted
2019-09-20 08:50:21,074 [ForkJoinPool.commonPool-worker-0] INFO  statemachine.DatanodeStateMachine (DatanodeStateMachine.java:stopDaemon(395)) - Ozone container server stopped.
2019-09-20 08:50:21,077 [ForkJoinPool.commonPool-worker-0] INFO  handler.ContextHandler (ContextHandler.java:doStop(910)) - Stopped o.e.j.w.WebAppContext@2533cbcc{/,null,UNAVAILABLE}{/hddsDatanode}
2019-09-20 08:50:21,078 [ForkJoinPool.commonPool-worker-0] INFO  server.AbstractConnector (AbstractConnector.java:doStop(318)) - Stopped ServerConnector@73eb57e6{HTTP/1.1,[http/1.1]}{0.0.0.0:0}
2019-09-20 08:50:21,079 [main] INFO  statemachine.DatanodeStateMachine (DatanodeStateMachine.java:stopDaemon(395)) - Ozone container server stopped.
2019-09-20 08:50:21,080 [ForkJoinPool.commonPool-worker-0] INFO  handler.ContextHandler (ContextHandler.java:doStop(910)) - Stopped o.e.j.s.ServletContextHandler@58ef1543{/static,jar:file:/home/user/.m2/repository/org/apache/hadoop/hadoop-hdds-container-service/0.5.0-SNAPSHOT/hadoop-hdds-container-service-0.5.0-SNAPSHOT.jar!/webapps/static,UNAVAILABLE}
2019-09-20 08:50:21,081 [ForkJoinPool.commonPool-worker-0] INFO  handler.ContextHandler (ContextHandler.java:doStop(910)) - Stopped o.e.j.s.ServletContextHandler@37d92db4{/logs,file:///workdir/hadoop-ozone/ozonefs/target/log,UNAVAILABLE}
2019-09-20 08:50:21,081 [main] INFO  handler.ContextHandler (ContextHandler.java:doStop(910)) - Stopped o.e.j.w.WebAppContext@7d49ebf2{/,null,UNAVAILABLE}{/hddsDatanode}
2019-09-20 08:50:21,081 [ForkJoinPool.commonPool-worker-0] INFO  datanode.ObjectStoreHandler (ObjectStoreHandler.java:close(155)) - Closing ObjectStoreHandler.
2019-09-20 08:50:21,082 [ForkJoinPool.commonPool-worker-0] INFO  ozone.HddsDatanodeService (HddsDatanodeService.java:stop(451)) - Stopped plug-in org.apache.hadoop.ozone.web.OzoneHddsDatanodeService@5c501f62
2019-09-20 08:50:21,082 [main] INFO  server.AbstractConnector (AbstractConnector.java:doStop(318)) - Stopped ServerConnector@13b6f82d{HTTP/1.1,[http/1.1]}{0.0.0.0:0}
2019-09-20 08:50:21,082 [main] INFO  handler.ContextHandler (ContextHandler.java:doStop(910)) - Stopped o.e.j.s.ServletContextHandler@741d2dda{/static,jar:file:/home/user/.m2/repository/org/apache/hadoop/hadoop-hdds-container-service/0.5.0-SNAPSHOT/hadoop-hdds-container-service-0.5.0-SNAPSHOT.jar!/webapps/static,UNAVAILABLE}
2019-09-20 08:50:21,082 [main] INFO  handler.ContextHandler (ContextHandler.java:doStop(910)) - Stopped o.e.j.s.ServletContextHandler@a29aced{/logs,file:///workdir/hadoop-ozone/ozonefs/target/log,UNAVAILABLE}
2019-09-20 08:50:21,756 [Datanode State Machine Thread - 0] INFO  statemachine.DatanodeStateMachine (DatanodeStateMachine.java:lambda$startDaemon$0(350)) - Ozone container server started.
2019-09-20 08:50:26,083 [ForkJoinPool.commonPool-worker-0] INFO  ozoneimpl.OzoneContainer (OzoneContainer.java:stop(199)) - Attempting to stop container services.
2019-09-20 08:50:26,084 [ForkJoinPool.commonPool-worker-0] INFO  impl.RaftServerProxy (RaftServerProxy.java:lambda$close$4(314)) - 878b45f2-8640-4699-86a6-c2f01c1e4571: close
2019-09-20 08:50:26,084 [ForkJoinPool.commonPool-worker-0] INFO  impl.RaftServerImpl (RaftServerImpl.java:lambda$shutdown$3(245)) - 878b45f2-8640-4699-86a6-c2f01c1e4571: shutdown group-DA77AE4A63CA
2019-09-20 08:50:26,084 [ForkJoinPool.commonPool-worker-0] INFO  util.JmxRegister (JmxRegister.java:unregister(73)) - Successfully un-registered JMX Bean with object name Ratis:service=RaftServer,group=group-DA77AE4A63CA,id=878b45f2-8640-4699-86a6-c2f01c1e4571
2019-09-20 08:50:26,085 [ForkJoinPool.commonPool-worker-0] INFO  impl.RoleInfo (RoleInfo.java:shutdownLeaderState(104)) - 878b45f2-8640-4699-86a6-c2f01c1e4571: shutdown LeaderState
2019-09-20 08:50:26,085 [ForkJoinPool.commonPool-worker-0] INFO  impl.PendingRequests (PendingRequests.java:sendNotLeaderResponses(202)) - 878b45f2-8640-4699-86a6-c2f01c1e4571-PendingRequests: sendNotLeaderResponses
2019-09-20 08:50:26,085 [ForkJoinPool.commonPool-worker-0] INFO  impl.StateMachineUpdater (StateMachineUpdater.java:stopAndJoin(115)) - StateMachineUpdater:878b45f2-8640-4699-86a6-c2f01c1e4571:group-DA77AE4A63CA: set stopIndex = 0
2019-09-20 08:50:26,086 [ForkJoinPool.commonPool-worker-0] INFO  impl.RaftServerImpl (ServerState.java:close(394)) - 878b45f2-8640-4699-86a6-c2f01c1e4571:group-DA77AE4A63CA closes. The last applied log index is 0
2019-09-20 08:50:26,086 [878b45f2-8640-4699-86a6-c2f01c1e4571-SegmentedRaftLogWorker:Storage Directory /workdir/hadoop-ozone/ozonefs/target/test-dir/MiniOzoneClusterImpl-a4ae5ff1-2421-4ebd-91fb-13e93a5a3fba/datanode-2/data/ratis/a96860ff-2475-4f54-b8f4-da77ae4a63ca] INFO  segmented.SegmentedRaftLogWorker (SegmentedRaftLogWorker.java:run(313)) - 878b45f2-8640-4699-86a6-c2f01c1e4571-SegmentedRaftLogWorker:Storage Directory /workdir/hadoop-ozone/ozonefs/target/test-dir/MiniOzoneClusterImpl-a4ae5ff1-2421-4ebd-91fb-13e93a5a3fba/datanode-2/data/ratis/a96860ff-2475-4f54-b8f4-da77ae4a63ca was interrupted, exiting. There are 0 tasks remaining in the queue.
2019-09-20 08:50:26,087 [ForkJoinPool.commonPool-worker-0] INFO  segmented.SegmentedRaftLogWorker (SegmentedRaftLogWorker.java:close(228)) - 878b45f2-8640-4699-86a6-c2f01c1e4571-SegmentedRaftLogWorker:Storage Directory /workdir/hadoop-ozone/ozonefs/target/test-dir/MiniOzoneClusterImpl-a4ae5ff1-2421-4ebd-91fb-13e93a5a3fba/datanode-2/data/ratis/a96860ff-2475-4f54-b8f4-da77ae4a63ca close()
2019-09-20 08:50:26,089 [ForkJoinPool.commonPool-worker-0] INFO  impl.RaftServerImpl (RaftServerImpl.java:lambda$shutdown$3(245)) - 878b45f2-8640-4699-86a6-c2f01c1e4571: shutdown group-3A05B1CEF8E5
2019-09-20 08:50:26,089 [ForkJoinPool.commonPool-worker-0] INFO  util.JmxRegister (JmxRegister.java:unregister(73)) - Successfully un-registered JMX Bean with object name Ratis:service=RaftServer,group=group-3A05B1CEF8E5,id=878b45f2-8640-4699-86a6-c2f01c1e4571
2019-09-20 08:50:26,089 [ForkJoinPool.commonPool-worker-0] INFO  impl.RoleInfo (RoleInfo.java:shutdownLeaderState(104)) - 878b45f2-8640-4699-86a6-c2f01c1e4571: shutdown LeaderState
2019-09-20 08:50:26,090 [ForkJoinPool.commonPool-worker-0] INFO  impl.PendingRequests (PendingRequests.java:sendNotLeaderResponses(202)) - 878b45f2-8640-4699-86a6-c2f01c1e4571-PendingRequests: sendNotLeaderResponses
2019-09-20 08:50:26,090 [ForkJoinPool.commonPool-worker-0] INFO  impl.StateMachineUpdater (StateMachineUpdater.java:stopAndJoin(115)) - StateMachineUpdater:878b45f2-8640-4699-86a6-c2f01c1e4571:group-3A05B1CEF8E5: set stopIndex = 0
2019-09-20 08:50:26,090 [ForkJoinPool.commonPool-worker-0] INFO  impl.RaftServerImpl (ServerState.java:close(394)) - 878b45f2-8640-4699-86a6-c2f01c1e4571:group-3A05B1CEF8E5 closes. The last applied log index is 0
2019-09-20 08:50:26,091 [878b45f2-8640-4699-86a6-c2f01c1e4571-SegmentedRaftLogWorker:Storage Directory /workdir/hadoop-ozone/ozonefs/target/test-dir/MiniOzoneClusterImpl-a4ae5ff1-2421-4ebd-91fb-13e93a5a3fba/datanode-2/data/ratis/11149d27-86bc-4bf1-b410-3a05b1cef8e5] INFO  segmented.SegmentedRaftLogWorker (SegmentedRaftLogWorker.java:run(313)) - 878b45f2-8640-4699-86a6-c2f01c1e4571-SegmentedRaftLogWorker:Storage Directory /workdir/hadoop-ozone/ozonefs/target/test-dir/MiniOzoneClusterImpl-a4ae5ff1-2421-4ebd-91fb-13e93a5a3fba/datanode-2/data/ratis/11149d27-86bc-4bf1-b410-3a05b1cef8e5 was interrupted, exiting. There are 0 tasks remaining in the queue.
2019-09-20 08:50:26,098 [ForkJoinPool.commonPool-worker-0] INFO  segmented.SegmentedRaftLogWorker (SegmentedRaftLogWorker.java:close(228)) - 878b45f2-8640-4699-86a6-c2f01c1e4571-SegmentedRaftLogWorker:Storage Directory /workdir/hadoop-ozone/ozonefs/target/test-dir/MiniOzoneClusterImpl-a4ae5ff1-2421-4ebd-91fb-13e93a5a3fba/datanode-2/data/ratis/11149d27-86bc-4bf1-b410-3a05b1cef8e5 close()
2019-09-20 08:50:26,100 [ForkJoinPool.commonPool-worker-0] INFO  impl.RaftServerImpl (RaftServerImpl.java:lambda$shutdown$3(245)) - 878b45f2-8640-4699-86a6-c2f01c1e4571: shutdown group-E3DDBE4BEB1D
2019-09-20 08:50:26,100 [ForkJoinPool.commonPool-worker-0] INFO  util.JmxRegister (JmxRegister.java:unregister(73)) - Successfully un-registered JMX Bean with object name Ratis:service=RaftServer,group=group-E3DDBE4BEB1D,id=878b45f2-8640-4699-86a6-c2f01c1e4571
2019-09-20 08:50:26,101 [ForkJoinPool.commonPool-worker-0] INFO  impl.RoleInfo (RoleInfo.java:shutdownLeaderState(104)) - 878b45f2-8640-4699-86a6-c2f01c1e4571: shutdown LeaderState
2019-09-20 08:50:26,101 [ForkJoinPool.commonPool-worker-0] INFO  impl.PendingRequests (PendingRequests.java:sendNotLeaderResponses(202)) - 878b45f2-8640-4699-86a6-c2f01c1e4571-PendingRequests: sendNotLeaderResponses
2019-09-20 08:50:26,101 [ForkJoinPool.commonPool-worker-0] INFO  impl.StateMachineUpdater (StateMachineUpdater.java:stopAndJoin(115)) - StateMachineUpdater:878b45f2-8640-4699-86a6-c2f01c1e4571:group-E3DDBE4BEB1D: set stopIndex = 0
2019-09-20 08:50:26,102 [ForkJoinPool.commonPool-worker-0] INFO  impl.RaftServerImpl (ServerState.java:close(394)) - 878b45f2-8640-4699-86a6-c2f01c1e4571:group-E3DDBE4BEB1D closes. The last applied log index is 0
2019-09-20 08:50:26,102 [878b45f2-8640-4699-86a6-c2f01c1e4571-SegmentedRaftLogWorker:Storage Directory /workdir/hadoop-ozone/ozonefs/target/test-dir/MiniOzoneClusterImpl-a4ae5ff1-2421-4ebd-91fb-13e93a5a3fba/datanode-2/data/ratis/ef83ce34-e146-4bc8-a1d2-e3ddbe4beb1d] INFO  segmented.SegmentedRaftLogWorker (SegmentedRaftLogWorker.java:run(313)) - 878b45f2-8640-4699-86a6-c2f01c1e4571-SegmentedRaftLogWorker:Storage Directory /workdir/hadoop-ozone/ozonefs/target/test-dir/MiniOzoneClusterImpl-a4ae5ff1-2421-4ebd-91fb-13e93a5a3fba/datanode-2/data/ratis/ef83ce34-e146-4bc8-a1d2-e3ddbe4beb1d was interrupted, exiting. There are 0 tasks remaining in the queue.
2019-09-20 08:50:26,102 [ForkJoinPool.commonPool-worker-0] INFO  segmented.SegmentedRaftLogWorker (SegmentedRaftLogWorker.java:close(228)) - 878b45f2-8640-4699-86a6-c2f01c1e4571-SegmentedRaftLogWorker:Storage Directory /workdir/hadoop-ozone/ozonefs/target/test-dir/MiniOzoneClusterImpl-a4ae5ff1-2421-4ebd-91fb-13e93a5a3fba/datanode-2/data/ratis/ef83ce34-e146-4bc8-a1d2-e3ddbe4beb1d close()
2019-09-20 08:50:26,104 [ForkJoinPool.commonPool-worker-0] INFO  impl.RaftServerImpl (RaftServerImpl.java:lambda$shutdown$3(245)) - 878b45f2-8640-4699-86a6-c2f01c1e4571: shutdown group-CC19F6E11AAB
2019-09-20 08:50:26,104 [ForkJoinPool.commonPool-worker-0] INFO  util.JmxRegister (JmxRegister.java:unregister(73)) - Successfully un-registered JMX Bean with object name Ratis:service=RaftServer,group=group-CC19F6E11AAB,id=878b45f2-8640-4699-86a6-c2f01c1e4571
2019-09-20 08:50:26,104 [ForkJoinPool.commonPool-worker-0] INFO  impl.RoleInfo (RoleInfo.java:shutdownLeaderState(104)) - 878b45f2-8640-4699-86a6-c2f01c1e4571: shutdown LeaderState
2019-09-20 08:50:26,104 [ForkJoinPool.commonPool-worker-0] INFO  impl.PendingRequests (PendingRequests.java:sendNotLeaderResponses(202)) - 878b45f2-8640-4699-86a6-c2f01c1e4571-PendingRequests: sendNotLeaderResponses
2019-09-20 08:50:26,105 [ForkJoinPool.commonPool-worker-0] INFO  impl.StateMachineUpdater (StateMachineUpdater.java:stopAndJoin(115)) - StateMachineUpdater:878b45f2-8640-4699-86a6-c2f01c1e4571:group-CC19F6E11AAB: set stopIndex = 0
2019-09-20 08:50:26,105 [ForkJoinPool.commonPool-worker-0] INFO  impl.RaftServerImpl (ServerState.java:close(394)) - 878b45f2-8640-4699-86a6-c2f01c1e4571:group-CC19F6E11AAB closes. The last applied log index is 0
2019-09-20 08:50:26,105 [878b45f2-8640-4699-86a6-c2f01c1e4571-SegmentedRaftLogWorker:Storage Directory /workdir/hadoop-ozone/ozonefs/target/test-dir/MiniOzoneClusterImpl-a4ae5ff1-2421-4ebd-91fb-13e93a5a3fba/datanode-2/data/ratis/d1e6b78c-4c64-4b46-b4b1-cc19f6e11aab] INFO  segmented.SegmentedRaftLogWorker (SegmentedRaftLogWorker.java:run(313)) - 878b45f2-8640-4699-86a6-c2f01c1e4571-SegmentedRaftLogWorker:Storage Directory /workdir/hadoop-ozone/ozonefs/target/test-dir/MiniOzoneClusterImpl-a4ae5ff1-2421-4ebd-91fb-13e93a5a3fba/datanode-2/data/ratis/d1e6b78c-4c64-4b46-b4b1-cc19f6e11aab was interrupted, exiting. There are 0 tasks remaining in the queue.
2019-09-20 08:50:26,106 [ForkJoinPool.commonPool-worker-0] INFO  segmented.SegmentedRaftLogWorker (SegmentedRaftLogWorker.java:close(228)) - 878b45f2-8640-4699-86a6-c2f01c1e4571-SegmentedRaftLogWorker:Storage Directory /workdir/hadoop-ozone/ozonefs/target/test-dir/MiniOzoneClusterImpl-a4ae5ff1-2421-4ebd-91fb-13e93a5a3fba/datanode-2/data/ratis/d1e6b78c-4c64-4b46-b4b1-cc19f6e11aab close()
2019-09-20 08:50:26,107 [ForkJoinPool.commonPool-worker-0] INFO  impl.RaftServerImpl (RaftServerImpl.java:lambda$shutdown$3(245)) - 878b45f2-8640-4699-86a6-c2f01c1e4571: shutdown group-3893489482D6
2019-09-20 08:50:26,107 [ForkJoinPool.commonPool-worker-0] INFO  util.JmxRegister (JmxRegister.java:unregister(73)) - Successfully un-registered JMX Bean with object name Ratis:service=RaftServer,group=group-3893489482D6,id=878b45f2-8640-4699-86a6-c2f01c1e4571
2019-09-20 08:50:26,108 [ForkJoinPool.commonPool-worker-0] INFO  impl.RoleInfo (RoleInfo.java:shutdownLeaderState(104)) - 878b45f2-8640-4699-86a6-c2f01c1e4571: shutdown LeaderState
2019-09-20 08:50:26,108 [ForkJoinPool.commonPool-worker-0] INFO  impl.PendingRequests (PendingRequests.java:sendNotLeaderResponses(202)) - 878b45f2-8640-4699-86a6-c2f01c1e4571-PendingRequests: sendNotLeaderResponses
2019-09-20 08:50:26,108 [ForkJoinPool.commonPool-worker-0] INFO  impl.StateMachineUpdater (StateMachineUpdater.java:stopAndJoin(115)) - StateMachineUpdater:878b45f2-8640-4699-86a6-c2f01c1e4571:group-3893489482D6: set stopIndex = 0
2019-09-20 08:50:26,108 [ForkJoinPool.commonPool-worker-0] INFO  impl.RaftServerImpl (ServerState.java:close(394)) - 878b45f2-8640-4699-86a6-c2f01c1e4571:group-3893489482D6 closes. The last applied log index is 0
2019-09-20 08:50:26,109 [878b45f2-8640-4699-86a6-c2f01c1e4571-SegmentedRaftLogWorker:Storage Directory /workdir/hadoop-ozone/ozonefs/target/test-dir/MiniOzoneClusterImpl-a4ae5ff1-2421-4ebd-91fb-13e93a5a3fba/datanode-2/data/ratis/e437afd4-f87d-4404-83a6-3893489482d6] INFO  segmented.SegmentedRaftLogWorker (SegmentedRaftLogWorker.java:run(313)) - 878b45f2-8640-4699-86a6-c2f01c1e4571-SegmentedRaftLogWorker:Storage Directory /workdir/hadoop-ozone/ozonefs/target/test-dir/MiniOzoneClusterImpl-a4ae5ff1-2421-4ebd-91fb-13e93a5a3fba/datanode-2/data/ratis/e437afd4-f87d-4404-83a6-3893489482d6 was interrupted, exiting. There are 0 tasks remaining in the queue.
2019-09-20 08:50:26,109 [ForkJoinPool.commonPool-worker-0] INFO  segmented.SegmentedRaftLogWorker (SegmentedRaftLogWorker.java:close(228)) - 878b45f2-8640-4699-86a6-c2f01c1e4571-SegmentedRaftLogWorker:Storage Directory /workdir/hadoop-ozone/ozonefs/target/test-dir/MiniOzoneClusterImpl-a4ae5ff1-2421-4ebd-91fb-13e93a5a3fba/datanode-2/data/ratis/e437afd4-f87d-4404-83a6-3893489482d6 close()
2019-09-20 08:50:26,110 [ForkJoinPool.commonPool-worker-0] INFO  impl.RaftServerImpl (RaftServerImpl.java:lambda$shutdown$3(245)) - 878b45f2-8640-4699-86a6-c2f01c1e4571: shutdown group-044A73119DDA
2019-09-20 08:50:26,111 [ForkJoinPool.commonPool-worker-0] INFO  util.JmxRegister (JmxRegister.java:unregister(73)) - Successfully un-registered JMX Bean with object name Ratis:service=RaftServer,group=group-044A73119DDA,id=878b45f2-8640-4699-86a6-c2f01c1e4571
2019-09-20 08:50:26,111 [ForkJoinPool.commonPool-worker-0] INFO  impl.RoleInfo (RoleInfo.java:shutdownLeaderState(104)) - 878b45f2-8640-4699-86a6-c2f01c1e4571: shutdown LeaderState
2019-09-20 08:50:26,111 [ForkJoinPool.commonPool-worker-0] INFO  impl.PendingRequests (PendingRequests.java:sendNotLeaderResponses(202)) - 878b45f2-8640-4699-86a6-c2f01c1e4571-PendingRequests: sendNotLeaderResponses
2019-09-20 08:50:26,111 [ForkJoinPool.commonPool-worker-0] INFO  impl.StateMachineUpdater (StateMachineUpdater.java:stopAndJoin(115)) - StateMachineUpdater:878b45f2-8640-4699-86a6-c2f01c1e4571:group-044A73119DDA: set stopIndex = 0
2019-09-20 08:50:26,112 [ForkJoinPool.commonPool-worker-0] INFO  impl.RaftServerImpl (ServerState.java:close(394)) - 878b45f2-8640-4699-86a6-c2f01c1e4571:group-044A73119DDA closes. The last applied log index is 0
2019-09-20 08:50:26,112 [878b45f2-8640-4699-86a6-c2f01c1e4571-SegmentedRaftLogWorker:Storage Directory /workdir/hadoop-ozone/ozonefs/target/test-dir/MiniOzoneClusterImpl-a4ae5ff1-2421-4ebd-91fb-13e93a5a3fba/datanode-2/data/ratis/7bf94420-d360-4339-9ddf-044a73119dda] INFO  segmented.SegmentedRaftLogWorker (SegmentedRaftLogWorker.java:run(313)) - 878b45f2-8640-4699-86a6-c2f01c1e4571-SegmentedRaftLogWorker:Storage Directory /workdir/hadoop-ozone/ozonefs/target/test-dir/MiniOzoneClusterImpl-a4ae5ff1-2421-4ebd-91fb-13e93a5a3fba/datanode-2/data/ratis/7bf94420-d360-4339-9ddf-044a73119dda was interrupted, exiting. There are 0 tasks remaining in the queue.
2019-09-20 08:50:26,112 [ForkJoinPool.commonPool-worker-0] INFO  segmented.SegmentedRaftLogWorker (SegmentedRaftLogWorker.java:close(228)) - 878b45f2-8640-4699-86a6-c2f01c1e4571-SegmentedRaftLogWorker:Storage Directory /workdir/hadoop-ozone/ozonefs/target/test-dir/MiniOzoneClusterImpl-a4ae5ff1-2421-4ebd-91fb-13e93a5a3fba/datanode-2/data/ratis/7bf94420-d360-4339-9ddf-044a73119dda close()
2019-09-20 08:50:26,114 [ForkJoinPool.commonPool-worker-0] INFO  server.GrpcService (GrpcService.java:closeImpl(155)) - 878b45f2-8640-4699-86a6-c2f01c1e4571: shutdown server with port 45232 now
2019-09-20 08:50:26,115 [ForkJoinPool.commonPool-worker-0] INFO  server.GrpcService (GrpcService.java:closeImpl(163)) - 878b45f2-8640-4699-86a6-c2f01c1e4571: shutdown server with port 45232 successfully
2019-09-20 08:50:26,117 [ForkJoinPool.commonPool-worker-0] INFO  utils.BackgroundService (BackgroundService.java:shutdown(148)) - Shutting down service BlockDeletingService
2019-09-20 08:50:26,120 [refreshUsed-/workdir/hadoop-ozone/ozonefs/target/test-dir/MiniOzoneClusterImpl-a4ae5ff1-2421-4ebd-91fb-13e93a5a3fba/datanode-2/data/containers] WARN  fs.CachingGetSpaceUsed (CachingGetSpaceUsed.java:run(183)) - Thread Interrupted waiting to refresh disk information: sleep interrupted
2019-09-20 08:50:26,148 [ForkJoinPool.commonPool-worker-0] INFO  statemachine.DatanodeStateMachine (DatanodeStateMachine.java:stopDaemon(395)) - Ozone container server stopped.
2019-09-20 08:50:26,151 [ForkJoinPool.commonPool-worker-0] INFO  handler.ContextHandler (ContextHandler.java:doStop(910)) - Stopped o.e.j.w.WebAppContext@5f967ad3{/,null,UNAVAILABLE}{/hddsDatanode}
2019-09-20 08:50:26,152 [ForkJoinPool.commonPool-worker-0] INFO  server.AbstractConnector (AbstractConnector.java:doStop(318)) - Stopped ServerConnector@5c1348c6{HTTP/1.1,[http/1.1]}{0.0.0.0:0}
2019-09-20 08:50:26,153 [ForkJoinPool.commonPool-worker-0] INFO  handler.ContextHandler (ContextHandler.java:doStop(910)) - Stopped o.e.j.s.ServletContextHandler@56d3e4a9{/static,jar:file:/home/user/.m2/repository/org/apache/hadoop/hadoop-hdds-container-service/0.5.0-SNAPSHOT/hadoop-hdds-container-service-0.5.0-SNAPSHOT.jar!/webapps/static,UNAVAILABLE}
2019-09-20 08:50:26,154 [ForkJoinPool.commonPool-worker-0] INFO  handler.ContextHandler (ContextHandler.java:doStop(910)) - Stopped o.e.j.s.ServletContextHandler@234a08ea{/logs,file:///workdir/hadoop-ozone/ozonefs/target/log,UNAVAILABLE}
2019-09-20 08:50:26,155 [main] INFO  ozone.MiniOzoneClusterImpl (MiniOzoneClusterImpl.java:stop(353)) - Stopping the StorageContainerManager
2019-09-20 08:50:26,155 [main] INFO  server.StorageContainerManager (StorageContainerManager.java:stop(797)) - Stopping Replication Manager Service.
2019-09-20 08:50:26,156 [main] INFO  container.ReplicationManager (ReplicationManager.java:stop(192)) - Stopping Replication Monitor Thread.
2019-09-20 08:50:26,156 [main] INFO  server.StorageContainerManager (StorageContainerManager.java:stop(804)) - Stopping Lease Manager of the command watchers
2019-09-20 08:50:26,156 [main] INFO  server.StorageContainerManager (StorageContainerManager.java:stop(811)) - Stopping datanode service RPC server
2019-09-20 08:50:26,156 [main] INFO  server.SCMDatanodeProtocolServer (SCMDatanodeProtocolServer.java:stop(367)) - Stopping the RPC server for DataNodes
2019-09-20 08:50:26,156 [main] INFO  ipc.Server (Server.java:stop(3082)) - Stopping server on 39796
2019-09-20 08:50:26,158 [IPC Server listener on 39796] INFO  ipc.Server (Server.java:run(1185)) - Stopping IPC Server listener on 39796
2019-09-20 08:50:26,159 [IPC Server Responder] INFO  ipc.Server (Server.java:run(1319)) - Stopping IPC Server Responder
2019-09-20 08:50:26,161 [SCM Heartbeat Processing Thread - 0] WARN  node.NodeStateManager (NodeStateManager.java:scheduleNextHealthCheck(655)) - Current Thread is interrupted, shutting down HB processing thread for Node Manager.
2019-09-20 08:50:26,161 [main] INFO  server.StorageContainerManager (StorageContainerManager.java:stop(819)) - Stopping block service RPC server
2019-09-20 08:50:26,162 [main] INFO  server.SCMBlockProtocolServer (SCMBlockProtocolServer.java:stop(148)) - Stopping the RPC server for Block Protocol
2019-09-20 08:50:26,162 [main] INFO  ipc.Server (Server.java:stop(3082)) - Stopping server on 39019
2019-09-20 08:50:26,163 [IPC Server listener on 39019] INFO  ipc.Server (Server.java:run(1185)) - Stopping IPC Server listener on 39019
2019-09-20 08:50:26,164 [main] INFO  server.StorageContainerManager (StorageContainerManager.java:stop(826)) - Stopping the StorageContainerLocationProtocol RPC server
2019-09-20 08:50:26,165 [main] INFO  server.SCMClientProtocolServer (SCMClientProtocolServer.java:stop(159)) - Stopping the RPC server for Client Protocol
2019-09-20 08:50:26,164 [IPC Server Responder] INFO  ipc.Server (Server.java:run(1319)) - Stopping IPC Server Responder
2019-09-20 08:50:26,165 [main] INFO  ipc.Server (Server.java:stop(3082)) - Stopping server on 33298
2019-09-20 08:50:26,167 [IPC Server listener on 33298] INFO  ipc.Server (Server.java:run(1185)) - Stopping IPC Server listener on 33298
2019-09-20 08:50:26,170 [main] INFO  server.StorageContainerManager (StorageContainerManager.java:stop(833)) - Stopping Storage Container Manager HTTP server.
2019-09-20 08:50:26,170 [IPC Server Responder] INFO  ipc.Server (Server.java:run(1319)) - Stopping IPC Server Responder
2019-09-20 08:50:26,173 [main] INFO  handler.ContextHandler (ContextHandler.java:doStop(910)) - Stopped o.e.j.w.WebAppContext@338f96f5{/,null,UNAVAILABLE}{/scm}
2019-09-20 08:50:26,174 [main] INFO  server.AbstractConnector (AbstractConnector.java:doStop(318)) - Stopped ServerConnector@6b4b5ac8{HTTP/1.1,[http/1.1]}{0.0.0.0:0}
2019-09-20 08:50:26,175 [main] INFO  handler.ContextHandler (ContextHandler.java:doStop(910)) - Stopped o.e.j.s.ServletContextHandler@4f347aae{/static,jar:file:/home/user/.m2/repository/org/apache/hadoop/hadoop-hdds-server-scm/0.5.0-SNAPSHOT/hadoop-hdds-server-scm-0.5.0-SNAPSHOT.jar!/webapps/static,UNAVAILABLE}
2019-09-20 08:50:26,175 [main] INFO  handler.ContextHandler (ContextHandler.java:doStop(910)) - Stopped o.e.j.s.ServletContextHandler@7bc3e36b{/logs,file:///workdir/hadoop-ozone/ozonefs/target/log,UNAVAILABLE}
2019-09-20 08:50:26,176 [main] INFO  server.StorageContainerManager (StorageContainerManager.java:stop(844)) - Stopping Block Manager Service.
2019-09-20 08:50:26,176 [main] INFO  utils.BackgroundService (BackgroundService.java:shutdown(148)) - Shutting down service SCMBlockDeletingService
2019-09-20 08:50:26,177 [main] INFO  utils.BackgroundService (BackgroundService.java:shutdown(148)) - Shutting down service SCMBlockDeletingService
2019-09-20 08:50:26,177 [main] INFO  server.StorageContainerManager (StorageContainerManager.java:stop(866)) - Stopping SCM Event Queue.
2019-09-20 08:50:26,182 [main] INFO  impl.MetricsSystemImpl (MetricsSystemImpl.java:stop(210)) - Stopping HddsDatanode metrics system...
2019-09-20 08:50:26,200 [main] INFO  impl.MetricsSystemImpl (MetricsSystemImpl.java:stop(216)) - HddsDatanode metrics system stopped.
]]></system-out>
    <system-err><![CDATA[Sep 20, 2019 8:50:10 AM com.sun.jersey.server.impl.application.WebApplicationImpl _initiate
INFO: Initiating Jersey application, version 'Jersey: 1.19 02/11/2015 03:25 AM'
Sep 20, 2019 8:50:10 AM com.sun.jersey.server.impl.application.WebApplicationImpl _initiate
INFO: Initiating Jersey application, version 'Jersey: 1.19 02/11/2015 03:25 AM'
Sep 20, 2019 8:50:10 AM com.sun.jersey.server.impl.application.WebApplicationImpl _initiate
INFO: Initiating Jersey application, version 'Jersey: 1.19 02/11/2015 03:25 AM'
Sep 20, 2019 8:50:15 AM com.sun.jersey.server.impl.application.WebApplicationImpl _initiate
INFO: Initiating Jersey application, version 'Jersey: 1.19 02/11/2015 03:25 AM'
]]></system-err>
  </testcase>
</testsuite>