<?xml version="1.0" encoding="UTF-8"?>
<testsuite xmlns:xsi="http://www.w3.org/2001/XMLSchema-instance" xsi:noNamespaceSchemaLocation="https://maven.apache.org/surefire/maven-surefire-plugin/xsd/surefire-test-report.xsd" name="org.apache.hadoop.fs.ozone.TestOzoneFileSystem" time="137.23" tests="7" errors="4" skipped="0" failures="0">
  <properties>
    <property name="awt.toolkit" value="sun.awt.X11.XToolkit"/>
    <property name="file.encoding.pkg" value="sun.io"/>
    <property name="java.specification.version" value="1.8"/>
    <property name="sun.cpu.isalist" value=""/>
    <property name="sun.jnu.encoding" value="UTF-8"/>
    <property name="java.class.path" value="/workdir/hadoop-ozone/ozonefs/target/test-classes:/workdir/hadoop-ozone/ozonefs/target/classes:/home/user/.m2/repository/org/apache/hadoop/hadoop-common/3.2.0/hadoop-common-3.2.0.jar:/home/user/.m2/repository/org/apache/hadoop/hadoop-annotations/3.2.0/hadoop-annotations-3.2.0.jar:/usr/lib/jvm/java-1.8-openjdk/jre/../lib/tools.jar:/home/user/.m2/repository/com/google/guava/guava/11.0.2/guava-11.0.2.jar:/home/user/.m2/repository/commons-cli/commons-cli/1.2/commons-cli-1.2.jar:/home/user/.m2/repository/org/apache/commons/commons-math3/3.1.1/commons-math3-3.1.1.jar:/home/user/.m2/repository/org/apache/httpcomponents/httpclient/4.5.2/httpclient-4.5.2.jar:/home/user/.m2/repository/org/apache/httpcomponents/httpcore/4.4.4/httpcore-4.4.4.jar:/home/user/.m2/repository/commons-codec/commons-codec/1.11/commons-codec-1.11.jar:/home/user/.m2/repository/commons-io/commons-io/2.5/commons-io-2.5.jar:/home/user/.m2/repository/commons-net/commons-net/3.6/commons-net-3.6.jar:/home/user/.m2/repository/commons-collections/commons-collections/3.2.2/commons-collections-3.2.2.jar:/home/user/.m2/repository/javax/servlet/javax.servlet-api/3.1.0/javax.servlet-api-3.1.0.jar:/home/user/.m2/repository/org/eclipse/jetty/jetty-server/9.3.24.v20180605/jetty-server-9.3.24.v20180605.jar:/home/user/.m2/repository/org/eclipse/jetty/jetty-http/9.3.24.v20180605/jetty-http-9.3.24.v20180605.jar:/home/user/.m2/repository/org/eclipse/jetty/jetty-io/9.3.24.v20180605/jetty-io-9.3.24.v20180605.jar:/home/user/.m2/repository/org/eclipse/jetty/jetty-util/9.3.24.v20180605/jetty-util-9.3.24.v20180605.jar:/home/user/.m2/repository/org/eclipse/jetty/jetty-servlet/9.3.24.v20180605/jetty-servlet-9.3.24.v20180605.jar:/home/user/.m2/repository/org/eclipse/jetty/jetty-security/9.3.24.v20180605/jetty-security-9.3.24.v20180605.jar:/home/user/.m2/repository/org/eclipse/jetty/jetty-webapp/9.3.24.v20180605/jetty-webapp-9.3.24.v20180605.jar:/home/user/.m2/repository/org/eclipse/jetty/jetty-xml/9.3.24.v20180605/jetty-xml-9.3.24.v20180605.jar:/home/user/.m2/repository/javax/servlet/jsp/jsp-api/2.1/jsp-api-2.1.jar:/home/user/.m2/repository/com/sun/jersey/jersey-core/1.19/jersey-core-1.19.jar:/home/user/.m2/repository/javax/ws/rs/jsr311-api/1.1.1/jsr311-api-1.1.1.jar:/home/user/.m2/repository/com/sun/jersey/jersey-servlet/1.19/jersey-servlet-1.19.jar:/home/user/.m2/repository/com/sun/jersey/jersey-json/1.19/jersey-json-1.19.jar:/home/user/.m2/repository/org/codehaus/jettison/jettison/1.1/jettison-1.1.jar:/home/user/.m2/repository/com/sun/xml/bind/jaxb-impl/2.3.0.1/jaxb-impl-2.3.0.1.jar:/home/user/.m2/repository/org/codehaus/jackson/jackson-core-asl/1.9.13/jackson-core-asl-1.9.13.jar:/home/user/.m2/repository/org/codehaus/jackson/jackson-mapper-asl/1.9.13/jackson-mapper-asl-1.9.13.jar:/home/user/.m2/repository/org/codehaus/jackson/jackson-jaxrs/1.9.13/jackson-jaxrs-1.9.13.jar:/home/user/.m2/repository/org/codehaus/jackson/jackson-xc/1.9.13/jackson-xc-1.9.13.jar:/home/user/.m2/repository/com/sun/jersey/jersey-server/1.19/jersey-server-1.19.jar:/home/user/.m2/repository/commons-logging/commons-logging/1.1.3/commons-logging-1.1.3.jar:/home/user/.m2/repository/log4j/log4j/1.2.17/log4j-1.2.17.jar:/home/user/.m2/repository/commons-beanutils/commons-beanutils/1.9.3/commons-beanutils-1.9.3.jar:/home/user/.m2/repository/org/apache/commons/commons-configuration2/2.1.1/commons-configuration2-2.1.1.jar:/home/user/.m2/repository/org/apache/commons/commons-lang3/3.7/commons-lang3-3.7.jar:/home/user/.m2/repository/org/apache/commons/commons-text/1.4/commons-text-1.4.jar:/home/user/.m2/repository/org/slf4j/slf4j-api/1.7.25/slf4j-api-1.7.25.jar:/home/user/.m2/repository/org/slf4j/slf4j-log4j12/1.7.25/slf4j-log4j12-1.7.25.jar:/home/user/.m2/repository/org/apache/avro/avro/1.7.7/avro-1.7.7.jar:/home/user/.m2/repository/com/thoughtworks/paranamer/paranamer/2.3/paranamer-2.3.jar:/home/user/.m2/repository/org/xerial/snappy/snappy-java/1.0.5/snappy-java-1.0.5.jar:/home/user/.m2/repository/com/google/re2j/re2j/1.1/re2j-1.1.jar:/home/user/.m2/repository/com/google/protobuf/protobuf-java/2.5.0/protobuf-java-2.5.0.jar:/home/user/.m2/repository/com/google/code/gson/gson/2.2.4/gson-2.2.4.jar:/home/user/.m2/repository/org/apache/hadoop/hadoop-auth/3.2.0/hadoop-auth-3.2.0.jar:/home/user/.m2/repository/com/nimbusds/nimbus-jose-jwt/4.41.1/nimbus-jose-jwt-4.41.1.jar:/home/user/.m2/repository/com/github/stephenc/jcip/jcip-annotations/1.0-1/jcip-annotations-1.0-1.jar:/home/user/.m2/repository/net/minidev/json-smart/2.3/json-smart-2.3.jar:/home/user/.m2/repository/net/minidev/accessors-smart/1.2/accessors-smart-1.2.jar:/home/user/.m2/repository/org/apache/curator/curator-framework/2.12.0/curator-framework-2.12.0.jar:/home/user/.m2/repository/com/jcraft/jsch/0.1.54/jsch-0.1.54.jar:/home/user/.m2/repository/org/apache/curator/curator-client/2.12.0/curator-client-2.12.0.jar:/home/user/.m2/repository/org/apache/curator/curator-recipes/2.12.0/curator-recipes-2.12.0.jar:/home/user/.m2/repository/com/google/code/findbugs/jsr305/3.0.0/jsr305-3.0.0.jar:/home/user/.m2/repository/org/apache/htrace/htrace-core4/4.1.0-incubating/htrace-core4-4.1.0-incubating.jar:/home/user/.m2/repository/org/apache/zookeeper/zookeeper/3.4.13/zookeeper-3.4.13.jar:/home/user/.m2/repository/org/apache/yetus/audience-annotations/0.5.0/audience-annotations-0.5.0.jar:/home/user/.m2/repository/org/apache/commons/commons-compress/1.4.1/commons-compress-1.4.1.jar:/home/user/.m2/repository/org/tukaani/xz/1.0/xz-1.0.jar:/home/user/.m2/repository/org/apache/kerby/kerb-simplekdc/1.0.1/kerb-simplekdc-1.0.1.jar:/home/user/.m2/repository/org/apache/kerby/kerb-client/1.0.1/kerb-client-1.0.1.jar:/home/user/.m2/repository/org/apache/kerby/kerby-config/1.0.1/kerby-config-1.0.1.jar:/home/user/.m2/repository/org/apache/kerby/kerb-core/1.0.1/kerb-core-1.0.1.jar:/home/user/.m2/repository/org/apache/kerby/kerby-pkix/1.0.1/kerby-pkix-1.0.1.jar:/home/user/.m2/repository/org/apache/kerby/kerby-asn1/1.0.1/kerby-asn1-1.0.1.jar:/home/user/.m2/repository/org/apache/kerby/kerby-util/1.0.1/kerby-util-1.0.1.jar:/home/user/.m2/repository/org/apache/kerby/kerb-common/1.0.1/kerb-common-1.0.1.jar:/home/user/.m2/repository/org/apache/kerby/kerb-crypto/1.0.1/kerb-crypto-1.0.1.jar:/home/user/.m2/repository/org/apache/kerby/kerb-util/1.0.1/kerb-util-1.0.1.jar:/home/user/.m2/repository/org/apache/kerby/token-provider/1.0.1/token-provider-1.0.1.jar:/home/user/.m2/repository/org/apache/kerby/kerb-admin/1.0.1/kerb-admin-1.0.1.jar:/home/user/.m2/repository/org/apache/kerby/kerb-server/1.0.1/kerb-server-1.0.1.jar:/home/user/.m2/repository/org/apache/kerby/kerb-identity/1.0.1/kerb-identity-1.0.1.jar:/home/user/.m2/repository/org/apache/kerby/kerby-xdr/1.0.1/kerby-xdr-1.0.1.jar:/home/user/.m2/repository/com/fasterxml/jackson/core/jackson-databind/2.9.5/jackson-databind-2.9.5.jar:/home/user/.m2/repository/com/fasterxml/jackson/core/jackson-annotations/2.9.5/jackson-annotations-2.9.5.jar:/home/user/.m2/repository/com/fasterxml/jackson/core/jackson-core/2.9.5/jackson-core-2.9.5.jar:/home/user/.m2/repository/org/codehaus/woodstox/stax2-api/3.1.4/stax2-api-3.1.4.jar:/home/user/.m2/repository/com/fasterxml/woodstox/woodstox-core/5.0.3/woodstox-core-5.0.3.jar:/home/user/.m2/repository/dnsjava/dnsjava/2.1.7/dnsjava-2.1.7.jar:/home/user/.m2/repository/org/apache/hadoop/hadoop-hdfs/3.2.0/hadoop-hdfs-3.2.0.jar:/home/user/.m2/repository/org/eclipse/jetty/jetty-util-ajax/9.3.24.v20180605/jetty-util-ajax-9.3.24.v20180605.jar:/home/user/.m2/repository/commons-daemon/commons-daemon/1.0.13/commons-daemon-1.0.13.jar:/home/user/.m2/repository/io/netty/netty/3.10.5.Final/netty-3.10.5.Final.jar:/home/user/.m2/repository/io/netty/netty-all/4.0.52.Final/netty-all-4.0.52.Final.jar:/home/user/.m2/repository/org/fusesource/leveldbjni/leveldbjni-all/1.8/leveldbjni-all-1.8.jar:/home/user/.m2/repository/org/apache/hadoop/hadoop-hdds-common/0.5.0-SNAPSHOT/hadoop-hdds-common-0.5.0-SNAPSHOT.jar:/home/user/.m2/repository/org/apache/hadoop/hadoop-hdds-config/0.5.0-SNAPSHOT/hadoop-hdds-config-0.5.0-SNAPSHOT.jar:/home/user/.m2/repository/javax/annotation/javax.annotation-api/1.2/javax.annotation-api-1.2.jar:/home/user/.m2/repository/org/apache/ratis/ratis-server/0.4.0-2337318-SNAPSHOT/ratis-server-0.4.0-2337318-SNAPSHOT.jar:/home/user/.m2/repository/org/apache/ratis/ratis-thirdparty-misc/0.2.0/ratis-thirdparty-misc-0.2.0.jar:/home/user/.m2/repository/org/apache/ratis/ratis-proto/0.4.0-2337318-SNAPSHOT/ratis-proto-0.4.0-2337318-SNAPSHOT.jar:/home/user/.m2/repository/org/apache/ratis/ratis-common/0.4.0-2337318-SNAPSHOT/ratis-common-0.4.0-2337318-SNAPSHOT.jar:/home/user/.m2/repository/org/apache/ratis/ratis-client/0.4.0-2337318-SNAPSHOT/ratis-client-0.4.0-2337318-SNAPSHOT.jar:/home/user/.m2/repository/org/apache/ratis/ratis-metrics/0.4.0-2337318-SNAPSHOT/ratis-metrics-0.4.0-2337318-SNAPSHOT.jar:/home/user/.m2/repository/org/apache/ratis/ratis-netty/0.4.0-2337318-SNAPSHOT/ratis-netty-0.4.0-2337318-SNAPSHOT.jar:/home/user/.m2/repository/org/apache/ratis/ratis-grpc/0.4.0-2337318-SNAPSHOT/ratis-grpc-0.4.0-2337318-SNAPSHOT.jar:/home/user/.m2/repository/org/rocksdb/rocksdbjni/6.0.1/rocksdbjni-6.0.1.jar:/home/user/.m2/repository/org/apache/logging/log4j/log4j-api/2.11.0/log4j-api-2.11.0.jar:/home/user/.m2/repository/org/apache/logging/log4j/log4j-core/2.11.0/log4j-core-2.11.0.jar:/home/user/.m2/repository/com/lmax/disruptor/3.4.2/disruptor-3.4.2.jar:/home/user/.m2/repository/org/apache/commons/commons-pool2/2.6.0/commons-pool2-2.6.0.jar:/home/user/.m2/repository/org/bouncycastle/bcpkix-jdk15on/1.60/bcpkix-jdk15on-1.60.jar:/home/user/.m2/repository/commons-validator/commons-validator/1.6/commons-validator-1.6.jar:/home/user/.m2/repository/commons-digester/commons-digester/1.8.1/commons-digester-1.8.1.jar:/home/user/.m2/repository/io/jaegertracing/jaeger-client/0.33.1/jaeger-client-0.33.1.jar:/home/user/.m2/repository/io/jaegertracing/jaeger-thrift/0.33.1/jaeger-thrift-0.33.1.jar:/home/user/.m2/repository/org/apache/thrift/libthrift/0.11.0/libthrift-0.11.0.jar:/home/user/.m2/repository/com/squareup/okhttp3/okhttp/3.9.0/okhttp-3.9.0.jar:/home/user/.m2/repository/com/squareup/okio/okio/1.13.0/okio-1.13.0.jar:/home/user/.m2/repository/io/jaegertracing/jaeger-core/0.33.1/jaeger-core-0.33.1.jar:/home/user/.m2/repository/io/jaegertracing/jaeger-tracerresolver/0.33.1/jaeger-tracerresolver-0.33.1.jar:/home/user/.m2/repository/io/opentracing/contrib/opentracing-tracerresolver/0.1.5/opentracing-tracerresolver-0.1.5.jar:/home/user/.m2/repository/io/opentracing/opentracing-util/0.31.0/opentracing-util-0.31.0.jar:/home/user/.m2/repository/io/opentracing/opentracing-api/0.31.0/opentracing-api-0.31.0.jar:/home/user/.m2/repository/io/opentracing/opentracing-noop/0.31.0/opentracing-noop-0.31.0.jar:/home/user/.m2/repository/org/yaml/snakeyaml/1.16/snakeyaml-1.16.jar:/home/user/.m2/repository/org/apache/hadoop/hadoop-hdfs-client/3.2.0/hadoop-hdfs-client-3.2.0.jar:/home/user/.m2/repository/info/picocli/picocli/3.9.6/picocli-3.9.6.jar:/home/user/.m2/repository/org/apache/hadoop/hadoop-hdds-server-scm/0.5.0-SNAPSHOT/hadoop-hdds-server-scm-0.5.0-SNAPSHOT.jar:/home/user/.m2/repository/org/apache/hadoop/hadoop-hdds-docs/0.5.0-SNAPSHOT/hadoop-hdds-docs-0.5.0-SNAPSHOT.jar:/home/user/.m2/repository/io/dropwizard/metrics/metrics-core/3.2.4/metrics-core-3.2.4.jar:/home/user/.m2/repository/org/hamcrest/hamcrest-all/1.3/hamcrest-all-1.3.jar:/home/user/.m2/repository/org/bouncycastle/bcprov-jdk15on/1.60/bcprov-jdk15on-1.60.jar:/home/user/.m2/repository/org/apache/hadoop/hadoop-hdds-server-framework/0.5.0-SNAPSHOT/hadoop-hdds-server-framework-0.5.0-SNAPSHOT.jar:/home/user/.m2/repository/org/apache/hadoop/hadoop-ozone-ozone-manager/0.5.0-SNAPSHOT/hadoop-ozone-ozone-manager-0.5.0-SNAPSHOT.jar:/home/user/.m2/repository/org/apache/hadoop/hadoop-hdds-container-service/0.5.0-SNAPSHOT/hadoop-hdds-container-service-0.5.0-SNAPSHOT.jar:/home/user/.m2/repository/org/apache/hadoop/hadoop-hdds-client/0.5.0-SNAPSHOT/hadoop-hdds-client-0.5.0-SNAPSHOT.jar:/home/user/.m2/repository/org/apache/hadoop/hadoop-ozone-common/0.5.0-SNAPSHOT/hadoop-ozone-common-0.5.0-SNAPSHOT.jar:/home/user/.m2/repository/org/apache/hadoop/hadoop-hdds-tools/0.5.0-SNAPSHOT/hadoop-hdds-tools-0.5.0-SNAPSHOT.jar:/home/user/.m2/repository/org/xerial/sqlite-jdbc/3.25.2/sqlite-jdbc-3.25.2.jar:/home/user/.m2/repository/org/apache/hadoop/hadoop-ozone-objectstore-service/0.5.0-SNAPSHOT/hadoop-ozone-objectstore-service-0.5.0-SNAPSHOT.jar:/home/user/.m2/repository/com/google/code/findbugs/findbugs/3.0.1/findbugs-3.0.1.jar:/home/user/.m2/repository/net/jcip/jcip-annotations/1.0/jcip-annotations-1.0.jar:/home/user/.m2/repository/com/google/code/findbugs/bcel-findbugs/6.0/bcel-findbugs-6.0.jar:/home/user/.m2/repository/com/google/code/findbugs/jFormatString/2.0.1/jFormatString-2.0.1.jar:/home/user/.m2/repository/dom4j/dom4j/1.6.1/dom4j-1.6.1.jar:/home/user/.m2/repository/xml-apis/xml-apis/1.0.b2/xml-apis-1.0.b2.jar:/home/user/.m2/repository/org/ow2/asm/asm-debug-all/5.0.2/asm-debug-all-5.0.2.jar:/home/user/.m2/repository/org/ow2/asm/asm-commons/5.0.2/asm-commons-5.0.2.jar:/home/user/.m2/repository/org/ow2/asm/asm-tree/5.0.2/asm-tree-5.0.2.jar:/home/user/.m2/repository/org/ow2/asm/asm/5.0.4/asm-5.0.4.jar:/home/user/.m2/repository/commons-lang/commons-lang/2.6/commons-lang-2.6.jar:/home/user/.m2/repository/com/apple/AppleJavaExtensions/1.4/AppleJavaExtensions-1.4.jar:/home/user/.m2/repository/jaxen/jaxen/1.1.6/jaxen-1.1.6.jar:/home/user/.m2/repository/org/apache/hadoop/hadoop-common/3.2.0/hadoop-common-3.2.0-tests.jar:/home/user/.m2/repository/org/apache/hadoop/hadoop-ozone-client/0.5.0-SNAPSHOT/hadoop-ozone-client-0.5.0-SNAPSHOT.jar:/home/user/.m2/repository/org/apache/hadoop/hadoop-hdfs/3.2.0/hadoop-hdfs-3.2.0-tests.jar:/workdir/hadoop-ozone/integration-test/target/test-classes:/home/user/.m2/repository/org/apache/hadoop/hadoop-ozone-s3gateway/0.5.0-SNAPSHOT/hadoop-ozone-s3gateway-0.5.0-SNAPSHOT.jar:/home/user/.m2/repository/org/jboss/weld/servlet/weld-servlet/2.4.7.Final/weld-servlet-2.4.7.Final.jar:/home/user/.m2/repository/org/glassfish/jersey/containers/jersey-container-servlet-core/2.27/jersey-container-servlet-core-2.27.jar:/home/user/.m2/repository/org/glassfish/hk2/external/javax.inject/2.5.0-b42/javax.inject-2.5.0-b42.jar:/home/user/.m2/repository/org/glassfish/jersey/core/jersey-common/2.27/jersey-common-2.27.jar:/home/user/.m2/repository/org/glassfish/hk2/osgi-resource-locator/1.0.1/osgi-resource-locator-1.0.1.jar:/home/user/.m2/repository/javax/ws/rs/javax.ws.rs-api/2.1/javax.ws.rs-api-2.1.jar:/home/user/.m2/repository/org/glassfish/jersey/ext/cdi/jersey-cdi1x/2.27/jersey-cdi1x-2.27.jar:/home/user/.m2/repository/org/glassfish/jersey/inject/jersey-hk2/2.27/jersey-hk2-2.27.jar:/home/user/.m2/repository/org/glassfish/hk2/hk2-locator/2.5.0-b42/hk2-locator-2.5.0-b42.jar:/home/user/.m2/repository/org/javassist/javassist/3.22.0-CR2/javassist-3.22.0-CR2.jar:/home/user/.m2/repository/org/glassfish/hk2/hk2-api/2.5.0/hk2-api-2.5.0.jar:/home/user/.m2/repository/org/glassfish/hk2/external/jakarta.inject/2.5.0/jakarta.inject-2.5.0.jar:/home/user/.m2/repository/org/glassfish/hk2/hk2-utils/2.5.0/hk2-utils-2.5.0.jar:/home/user/.m2/repository/jakarta/annotation/jakarta.annotation-api/1.3.4/jakarta.annotation-api-1.3.4.jar:/home/user/.m2/repository/org/glassfish/hk2/external/aopalliance-repackaged/2.5.0/aopalliance-repackaged-2.5.0.jar:/home/user/.m2/repository/com/fasterxml/jackson/dataformat/jackson-dataformat-xml/2.9.0/jackson-dataformat-xml-2.9.0.jar:/home/user/.m2/repository/com/fasterxml/jackson/module/jackson-module-jaxb-annotations/2.9.5/jackson-module-jaxb-annotations-2.9.5.jar:/home/user/.m2/repository/javax/enterprise/cdi-api/1.2/cdi-api-1.2.jar:/home/user/.m2/repository/javax/el/javax.el-api/3.0.0/javax.el-api-3.0.0.jar:/home/user/.m2/repository/javax/interceptor/javax.interceptor-api/1.2/javax.interceptor-api-1.2.jar:/home/user/.m2/repository/javax/inject/javax.inject/1/javax.inject-1.jar:/home/user/.m2/repository/com/sun/xml/bind/jaxb-core/2.3.0.1/jaxb-core-2.3.0.1.jar:/home/user/.m2/repository/javax/xml/bind/jaxb-api/2.3.0/jaxb-api-2.3.0.jar:/home/user/.m2/repository/javax/activation/activation/1.1.1/activation-1.1.1.jar:/home/user/.m2/repository/org/apache/hadoop/hadoop-ozone-csi/0.5.0-SNAPSHOT/hadoop-ozone-csi-0.5.0-SNAPSHOT.jar:/home/user/.m2/repository/com/google/protobuf/protobuf-java-util/3.5.1/protobuf-java-util-3.5.1.jar:/home/user/.m2/repository/io/grpc/grpc-netty/1.17.1/grpc-netty-1.17.1.jar:/home/user/.m2/repository/io/grpc/grpc-core/1.17.1/grpc-core-1.17.1.jar:/home/user/.m2/repository/io/grpc/grpc-context/1.17.1/grpc-context-1.17.1.jar:/home/user/.m2/repository/com/google/errorprone/error_prone_annotations/2.2.0/error_prone_annotations-2.2.0.jar:/home/user/.m2/repository/org/codehaus/mojo/animal-sniffer-annotations/1.17/animal-sniffer-annotations-1.17.jar:/home/user/.m2/repository/io/opencensus/opencensus-api/0.17.0/opencensus-api-0.17.0.jar:/home/user/.m2/repository/io/opencensus/opencensus-contrib-grpc-metrics/0.17.0/opencensus-contrib-grpc-metrics-0.17.0.jar:/home/user/.m2/repository/io/netty/netty-codec-http2/4.1.30.Final/netty-codec-http2-4.1.30.Final.jar:/home/user/.m2/repository/io/netty/netty-codec-http/4.1.30.Final/netty-codec-http-4.1.30.Final.jar:/home/user/.m2/repository/io/netty/netty-codec/4.1.30.Final/netty-codec-4.1.30.Final.jar:/home/user/.m2/repository/io/netty/netty-handler/4.1.30.Final/netty-handler-4.1.30.Final.jar:/home/user/.m2/repository/io/netty/netty-handler-proxy/4.1.30.Final/netty-handler-proxy-4.1.30.Final.jar:/home/user/.m2/repository/io/netty/netty-codec-socks/4.1.30.Final/netty-codec-socks-4.1.30.Final.jar:/home/user/.m2/repository/io/netty/netty-transport-native-epoll/4.1.30.Final/netty-transport-native-epoll-4.1.30.Final.jar:/home/user/.m2/repository/io/netty/netty-common/4.1.30.Final/netty-common-4.1.30.Final.jar:/home/user/.m2/repository/io/netty/netty-buffer/4.1.30.Final/netty-buffer-4.1.30.Final.jar:/home/user/.m2/repository/io/netty/netty-transport/4.1.30.Final/netty-transport-4.1.30.Final.jar:/home/user/.m2/repository/io/netty/netty-resolver/4.1.30.Final/netty-resolver-4.1.30.Final.jar:/home/user/.m2/repository/io/netty/netty-transport-native-unix-common/4.1.30.Final/netty-transport-native-unix-common-4.1.30.Final.jar:/home/user/.m2/repository/io/grpc/grpc-protobuf/1.17.1/grpc-protobuf-1.17.1.jar:/home/user/.m2/repository/com/google/api/grpc/proto-google-common-protos/1.0.0/proto-google-common-protos-1.0.0.jar:/home/user/.m2/repository/io/grpc/grpc-protobuf-lite/1.17.1/grpc-protobuf-lite-1.17.1.jar:/home/user/.m2/repository/io/grpc/grpc-stub/1.17.1/grpc-stub-1.17.1.jar:/home/user/.m2/repository/org/apache/hadoop/hadoop-ozone-recon/0.5.0-SNAPSHOT/hadoop-ozone-recon-0.5.0-SNAPSHOT.jar:/home/user/.m2/repository/org/apache/hadoop/hadoop-ozone-reconcodegen/0.5.0-SNAPSHOT/hadoop-ozone-reconcodegen-0.5.0-SNAPSHOT.jar:/home/user/.m2/repository/com/google/inject/extensions/guice-multibindings/4.0/guice-multibindings-4.0.jar:/home/user/.m2/repository/com/google/inject/guice/4.0/guice-4.0.jar:/home/user/.m2/repository/aopalliance/aopalliance/1.0/aopalliance-1.0.jar:/home/user/.m2/repository/org/glassfish/jersey/containers/jersey-container-servlet/2.27/jersey-container-servlet-2.27.jar:/home/user/.m2/repository/org/glassfish/hk2/guice-bridge/2.5.0/guice-bridge-2.5.0.jar:/home/user/.m2/repository/org/glassfish/jersey/core/jersey-server/2.27/jersey-server-2.27.jar:/home/user/.m2/repository/org/glassfish/jersey/core/jersey-client/2.27/jersey-client-2.27.jar:/home/user/.m2/repository/org/glassfish/jersey/media/jersey-media-jaxb/2.27/jersey-media-jaxb-2.27.jar:/home/user/.m2/repository/javax/validation/validation-api/1.1.0.Final/validation-api-1.1.0.Final.jar:/home/user/.m2/repository/org/glassfish/jersey/media/jersey-media-json-jackson/2.27/jersey-media-json-jackson-2.27.jar:/home/user/.m2/repository/org/glassfish/jersey/ext/jersey-entity-filtering/2.27/jersey-entity-filtering-2.27.jar:/home/user/.m2/repository/com/google/inject/extensions/guice-assistedinject/4.0/guice-assistedinject-4.0.jar:/home/user/.m2/repository/org/jooq/jooq/3.11.10/jooq-3.11.10.jar:/home/user/.m2/repository/org/jooq/jooq-meta/3.11.10/jooq-meta-3.11.10.jar:/home/user/.m2/repository/org/jooq/jooq-codegen/3.11.10/jooq-codegen-3.11.10.jar:/home/user/.m2/repository/com/jolbox/bonecp/0.8.0.RELEASE/bonecp-0.8.0.RELEASE.jar:/home/user/.m2/repository/org/springframework/spring-jdbc/5.1.3.RELEASE/spring-jdbc-5.1.3.RELEASE.jar:/home/user/.m2/repository/org/springframework/spring-beans/5.1.3.RELEASE/spring-beans-5.1.3.RELEASE.jar:/home/user/.m2/repository/org/springframework/spring-core/5.1.3.RELEASE/spring-core-5.1.3.RELEASE.jar:/home/user/.m2/repository/org/springframework/spring-jcl/5.1.3.RELEASE/spring-jcl-5.1.3.RELEASE.jar:/home/user/.m2/repository/org/springframework/spring-tx/5.1.3.RELEASE/spring-tx-5.1.3.RELEASE.jar:/home/user/.m2/repository/org/mockito/mockito-all/1.10.19/mockito-all-1.10.19.jar:/home/user/.m2/repository/junit/junit/4.11/junit-4.11.jar:/home/user/.m2/repository/org/hamcrest/hamcrest-core/1.3/hamcrest-core-1.3.jar:/home/user/.m2/repository/org/apache/hadoop/hadoop-distcp/3.2.0/hadoop-distcp-3.2.0.jar:/home/user/.m2/repository/org/apache/hadoop/hadoop-distcp/3.2.0/hadoop-distcp-3.2.0-tests.jar:/home/user/.m2/repository/org/apache/hadoop/hadoop-mapreduce-client-jobclient/3.2.0/hadoop-mapreduce-client-jobclient-3.2.0.jar:/home/user/.m2/repository/org/apache/hadoop/hadoop-mapreduce-client-common/3.2.0/hadoop-mapreduce-client-common-3.2.0.jar:/home/user/.m2/repository/org/apache/hadoop/hadoop-yarn-common/3.2.0/hadoop-yarn-common-3.2.0.jar:/home/user/.m2/repository/org/apache/hadoop/hadoop-yarn-api/3.2.0/hadoop-yarn-api-3.2.0.jar:/home/user/.m2/repository/com/sun/jersey/jersey-client/1.19/jersey-client-1.19.jar:/home/user/.m2/repository/com/sun/jersey/contribs/jersey-guice/1.19/jersey-guice-1.19.jar:/home/user/.m2/repository/com/fasterxml/jackson/jaxrs/jackson-jaxrs-json-provider/2.9.5/jackson-jaxrs-json-provider-2.9.5.jar:/home/user/.m2/repository/com/fasterxml/jackson/jaxrs/jackson-jaxrs-base/2.9.5/jackson-jaxrs-base-2.9.5.jar:/home/user/.m2/repository/org/apache/hadoop/hadoop-yarn-client/3.2.0/hadoop-yarn-client-3.2.0.jar:/home/user/.m2/repository/org/apache/hadoop/hadoop-mapreduce-client-core/3.2.0/hadoop-mapreduce-client-core-3.2.0.jar:/home/user/.m2/repository/com/google/inject/extensions/guice-servlet/4.0/guice-servlet-4.0.jar:/home/user/.m2/repository/org/powermock/powermock-module-junit4/1.6.5/powermock-module-junit4-1.6.5.jar:/home/user/.m2/repository/org/powermock/powermock-module-junit4-common/1.6.5/powermock-module-junit4-common-1.6.5.jar:/home/user/.m2/repository/org/powermock/powermock-core/1.6.5/powermock-core-1.6.5.jar:/home/user/.m2/repository/org/powermock/powermock-reflect/1.6.5/powermock-reflect-1.6.5.jar:/home/user/.m2/repository/org/powermock/powermock-api-mockito/1.6.5/powermock-api-mockito-1.6.5.jar:/home/user/.m2/repository/org/mockito/mockito-core/1.10.19/mockito-core-1.10.19.jar:/home/user/.m2/repository/org/objenesis/objenesis/1.0/objenesis-1.0.jar:/home/user/.m2/repository/org/powermock/powermock-api-mockito-common/1.6.5/powermock-api-mockito-common-1.6.5.jar:/home/user/.m2/repository/org/powermock/powermock-api-support/1.6.5/powermock-api-support-1.6.5.jar:"/>
    <property name="java.vm.vendor" value="IcedTea"/>
    <property name="sun.arch.data.model" value="64"/>
    <property name="test.build.dir" value="/workdir/hadoop-ozone/ozonefs/target/test-dir"/>
    <property name="test.cache.data" value=""/>
    <property name="java.vendor.url" value="https://icedtea.classpath.org"/>
    <property name="user.timezone" value=""/>
    <property name="java.vm.specification.version" value="1.8"/>
    <property name="os.name" value="Linux"/>
    <property name="test.build.data" value="/workdir/hadoop-ozone/ozonefs/target/test-dir"/>
    <property name="user.country" value="US"/>
    <property name="sun.java.launcher" value="SUN_STANDARD"/>
    <property name="sun.boot.library.path" value="/usr/lib/jvm/java-1.8-openjdk/jre/lib/amd64"/>
    <property name="sun.java.command" value="/workdir/hadoop-ozone/ozonefs/target/surefire/surefirebooter2061181416479954633.jar /workdir/hadoop-ozone/ozonefs/target/surefire 2019-09-20T03-51-17_086-jvmRun1 surefire6831289786006208581tmp surefire_1001731453228888813503tmp"/>
    <property name="test" value="!TestMiniChaosOzoneCluster"/>
    <property name="surefire.test.class.path" value="/workdir/hadoop-ozone/ozonefs/target/test-classes:/workdir/hadoop-ozone/ozonefs/target/classes:/home/user/.m2/repository/org/apache/hadoop/hadoop-common/3.2.0/hadoop-common-3.2.0.jar:/home/user/.m2/repository/org/apache/hadoop/hadoop-annotations/3.2.0/hadoop-annotations-3.2.0.jar:/usr/lib/jvm/java-1.8-openjdk/jre/../lib/tools.jar:/home/user/.m2/repository/com/google/guava/guava/11.0.2/guava-11.0.2.jar:/home/user/.m2/repository/commons-cli/commons-cli/1.2/commons-cli-1.2.jar:/home/user/.m2/repository/org/apache/commons/commons-math3/3.1.1/commons-math3-3.1.1.jar:/home/user/.m2/repository/org/apache/httpcomponents/httpclient/4.5.2/httpclient-4.5.2.jar:/home/user/.m2/repository/org/apache/httpcomponents/httpcore/4.4.4/httpcore-4.4.4.jar:/home/user/.m2/repository/commons-codec/commons-codec/1.11/commons-codec-1.11.jar:/home/user/.m2/repository/commons-io/commons-io/2.5/commons-io-2.5.jar:/home/user/.m2/repository/commons-net/commons-net/3.6/commons-net-3.6.jar:/home/user/.m2/repository/commons-collections/commons-collections/3.2.2/commons-collections-3.2.2.jar:/home/user/.m2/repository/javax/servlet/javax.servlet-api/3.1.0/javax.servlet-api-3.1.0.jar:/home/user/.m2/repository/org/eclipse/jetty/jetty-server/9.3.24.v20180605/jetty-server-9.3.24.v20180605.jar:/home/user/.m2/repository/org/eclipse/jetty/jetty-http/9.3.24.v20180605/jetty-http-9.3.24.v20180605.jar:/home/user/.m2/repository/org/eclipse/jetty/jetty-io/9.3.24.v20180605/jetty-io-9.3.24.v20180605.jar:/home/user/.m2/repository/org/eclipse/jetty/jetty-util/9.3.24.v20180605/jetty-util-9.3.24.v20180605.jar:/home/user/.m2/repository/org/eclipse/jetty/jetty-servlet/9.3.24.v20180605/jetty-servlet-9.3.24.v20180605.jar:/home/user/.m2/repository/org/eclipse/jetty/jetty-security/9.3.24.v20180605/jetty-security-9.3.24.v20180605.jar:/home/user/.m2/repository/org/eclipse/jetty/jetty-webapp/9.3.24.v20180605/jetty-webapp-9.3.24.v20180605.jar:/home/user/.m2/repository/org/eclipse/jetty/jetty-xml/9.3.24.v20180605/jetty-xml-9.3.24.v20180605.jar:/home/user/.m2/repository/javax/servlet/jsp/jsp-api/2.1/jsp-api-2.1.jar:/home/user/.m2/repository/com/sun/jersey/jersey-core/1.19/jersey-core-1.19.jar:/home/user/.m2/repository/javax/ws/rs/jsr311-api/1.1.1/jsr311-api-1.1.1.jar:/home/user/.m2/repository/com/sun/jersey/jersey-servlet/1.19/jersey-servlet-1.19.jar:/home/user/.m2/repository/com/sun/jersey/jersey-json/1.19/jersey-json-1.19.jar:/home/user/.m2/repository/org/codehaus/jettison/jettison/1.1/jettison-1.1.jar:/home/user/.m2/repository/com/sun/xml/bind/jaxb-impl/2.3.0.1/jaxb-impl-2.3.0.1.jar:/home/user/.m2/repository/org/codehaus/jackson/jackson-core-asl/1.9.13/jackson-core-asl-1.9.13.jar:/home/user/.m2/repository/org/codehaus/jackson/jackson-mapper-asl/1.9.13/jackson-mapper-asl-1.9.13.jar:/home/user/.m2/repository/org/codehaus/jackson/jackson-jaxrs/1.9.13/jackson-jaxrs-1.9.13.jar:/home/user/.m2/repository/org/codehaus/jackson/jackson-xc/1.9.13/jackson-xc-1.9.13.jar:/home/user/.m2/repository/com/sun/jersey/jersey-server/1.19/jersey-server-1.19.jar:/home/user/.m2/repository/commons-logging/commons-logging/1.1.3/commons-logging-1.1.3.jar:/home/user/.m2/repository/log4j/log4j/1.2.17/log4j-1.2.17.jar:/home/user/.m2/repository/commons-beanutils/commons-beanutils/1.9.3/commons-beanutils-1.9.3.jar:/home/user/.m2/repository/org/apache/commons/commons-configuration2/2.1.1/commons-configuration2-2.1.1.jar:/home/user/.m2/repository/org/apache/commons/commons-lang3/3.7/commons-lang3-3.7.jar:/home/user/.m2/repository/org/apache/commons/commons-text/1.4/commons-text-1.4.jar:/home/user/.m2/repository/org/slf4j/slf4j-api/1.7.25/slf4j-api-1.7.25.jar:/home/user/.m2/repository/org/slf4j/slf4j-log4j12/1.7.25/slf4j-log4j12-1.7.25.jar:/home/user/.m2/repository/org/apache/avro/avro/1.7.7/avro-1.7.7.jar:/home/user/.m2/repository/com/thoughtworks/paranamer/paranamer/2.3/paranamer-2.3.jar:/home/user/.m2/repository/org/xerial/snappy/snappy-java/1.0.5/snappy-java-1.0.5.jar:/home/user/.m2/repository/com/google/re2j/re2j/1.1/re2j-1.1.jar:/home/user/.m2/repository/com/google/protobuf/protobuf-java/2.5.0/protobuf-java-2.5.0.jar:/home/user/.m2/repository/com/google/code/gson/gson/2.2.4/gson-2.2.4.jar:/home/user/.m2/repository/org/apache/hadoop/hadoop-auth/3.2.0/hadoop-auth-3.2.0.jar:/home/user/.m2/repository/com/nimbusds/nimbus-jose-jwt/4.41.1/nimbus-jose-jwt-4.41.1.jar:/home/user/.m2/repository/com/github/stephenc/jcip/jcip-annotations/1.0-1/jcip-annotations-1.0-1.jar:/home/user/.m2/repository/net/minidev/json-smart/2.3/json-smart-2.3.jar:/home/user/.m2/repository/net/minidev/accessors-smart/1.2/accessors-smart-1.2.jar:/home/user/.m2/repository/org/apache/curator/curator-framework/2.12.0/curator-framework-2.12.0.jar:/home/user/.m2/repository/com/jcraft/jsch/0.1.54/jsch-0.1.54.jar:/home/user/.m2/repository/org/apache/curator/curator-client/2.12.0/curator-client-2.12.0.jar:/home/user/.m2/repository/org/apache/curator/curator-recipes/2.12.0/curator-recipes-2.12.0.jar:/home/user/.m2/repository/com/google/code/findbugs/jsr305/3.0.0/jsr305-3.0.0.jar:/home/user/.m2/repository/org/apache/htrace/htrace-core4/4.1.0-incubating/htrace-core4-4.1.0-incubating.jar:/home/user/.m2/repository/org/apache/zookeeper/zookeeper/3.4.13/zookeeper-3.4.13.jar:/home/user/.m2/repository/org/apache/yetus/audience-annotations/0.5.0/audience-annotations-0.5.0.jar:/home/user/.m2/repository/org/apache/commons/commons-compress/1.4.1/commons-compress-1.4.1.jar:/home/user/.m2/repository/org/tukaani/xz/1.0/xz-1.0.jar:/home/user/.m2/repository/org/apache/kerby/kerb-simplekdc/1.0.1/kerb-simplekdc-1.0.1.jar:/home/user/.m2/repository/org/apache/kerby/kerb-client/1.0.1/kerb-client-1.0.1.jar:/home/user/.m2/repository/org/apache/kerby/kerby-config/1.0.1/kerby-config-1.0.1.jar:/home/user/.m2/repository/org/apache/kerby/kerb-core/1.0.1/kerb-core-1.0.1.jar:/home/user/.m2/repository/org/apache/kerby/kerby-pkix/1.0.1/kerby-pkix-1.0.1.jar:/home/user/.m2/repository/org/apache/kerby/kerby-asn1/1.0.1/kerby-asn1-1.0.1.jar:/home/user/.m2/repository/org/apache/kerby/kerby-util/1.0.1/kerby-util-1.0.1.jar:/home/user/.m2/repository/org/apache/kerby/kerb-common/1.0.1/kerb-common-1.0.1.jar:/home/user/.m2/repository/org/apache/kerby/kerb-crypto/1.0.1/kerb-crypto-1.0.1.jar:/home/user/.m2/repository/org/apache/kerby/kerb-util/1.0.1/kerb-util-1.0.1.jar:/home/user/.m2/repository/org/apache/kerby/token-provider/1.0.1/token-provider-1.0.1.jar:/home/user/.m2/repository/org/apache/kerby/kerb-admin/1.0.1/kerb-admin-1.0.1.jar:/home/user/.m2/repository/org/apache/kerby/kerb-server/1.0.1/kerb-server-1.0.1.jar:/home/user/.m2/repository/org/apache/kerby/kerb-identity/1.0.1/kerb-identity-1.0.1.jar:/home/user/.m2/repository/org/apache/kerby/kerby-xdr/1.0.1/kerby-xdr-1.0.1.jar:/home/user/.m2/repository/com/fasterxml/jackson/core/jackson-databind/2.9.5/jackson-databind-2.9.5.jar:/home/user/.m2/repository/com/fasterxml/jackson/core/jackson-annotations/2.9.5/jackson-annotations-2.9.5.jar:/home/user/.m2/repository/com/fasterxml/jackson/core/jackson-core/2.9.5/jackson-core-2.9.5.jar:/home/user/.m2/repository/org/codehaus/woodstox/stax2-api/3.1.4/stax2-api-3.1.4.jar:/home/user/.m2/repository/com/fasterxml/woodstox/woodstox-core/5.0.3/woodstox-core-5.0.3.jar:/home/user/.m2/repository/dnsjava/dnsjava/2.1.7/dnsjava-2.1.7.jar:/home/user/.m2/repository/org/apache/hadoop/hadoop-hdfs/3.2.0/hadoop-hdfs-3.2.0.jar:/home/user/.m2/repository/org/eclipse/jetty/jetty-util-ajax/9.3.24.v20180605/jetty-util-ajax-9.3.24.v20180605.jar:/home/user/.m2/repository/commons-daemon/commons-daemon/1.0.13/commons-daemon-1.0.13.jar:/home/user/.m2/repository/io/netty/netty/3.10.5.Final/netty-3.10.5.Final.jar:/home/user/.m2/repository/io/netty/netty-all/4.0.52.Final/netty-all-4.0.52.Final.jar:/home/user/.m2/repository/org/fusesource/leveldbjni/leveldbjni-all/1.8/leveldbjni-all-1.8.jar:/home/user/.m2/repository/org/apache/hadoop/hadoop-hdds-common/0.5.0-SNAPSHOT/hadoop-hdds-common-0.5.0-SNAPSHOT.jar:/home/user/.m2/repository/org/apache/hadoop/hadoop-hdds-config/0.5.0-SNAPSHOT/hadoop-hdds-config-0.5.0-SNAPSHOT.jar:/home/user/.m2/repository/javax/annotation/javax.annotation-api/1.2/javax.annotation-api-1.2.jar:/home/user/.m2/repository/org/apache/ratis/ratis-server/0.4.0-2337318-SNAPSHOT/ratis-server-0.4.0-2337318-SNAPSHOT.jar:/home/user/.m2/repository/org/apache/ratis/ratis-thirdparty-misc/0.2.0/ratis-thirdparty-misc-0.2.0.jar:/home/user/.m2/repository/org/apache/ratis/ratis-proto/0.4.0-2337318-SNAPSHOT/ratis-proto-0.4.0-2337318-SNAPSHOT.jar:/home/user/.m2/repository/org/apache/ratis/ratis-common/0.4.0-2337318-SNAPSHOT/ratis-common-0.4.0-2337318-SNAPSHOT.jar:/home/user/.m2/repository/org/apache/ratis/ratis-client/0.4.0-2337318-SNAPSHOT/ratis-client-0.4.0-2337318-SNAPSHOT.jar:/home/user/.m2/repository/org/apache/ratis/ratis-metrics/0.4.0-2337318-SNAPSHOT/ratis-metrics-0.4.0-2337318-SNAPSHOT.jar:/home/user/.m2/repository/org/apache/ratis/ratis-netty/0.4.0-2337318-SNAPSHOT/ratis-netty-0.4.0-2337318-SNAPSHOT.jar:/home/user/.m2/repository/org/apache/ratis/ratis-grpc/0.4.0-2337318-SNAPSHOT/ratis-grpc-0.4.0-2337318-SNAPSHOT.jar:/home/user/.m2/repository/org/rocksdb/rocksdbjni/6.0.1/rocksdbjni-6.0.1.jar:/home/user/.m2/repository/org/apache/logging/log4j/log4j-api/2.11.0/log4j-api-2.11.0.jar:/home/user/.m2/repository/org/apache/logging/log4j/log4j-core/2.11.0/log4j-core-2.11.0.jar:/home/user/.m2/repository/com/lmax/disruptor/3.4.2/disruptor-3.4.2.jar:/home/user/.m2/repository/org/apache/commons/commons-pool2/2.6.0/commons-pool2-2.6.0.jar:/home/user/.m2/repository/org/bouncycastle/bcpkix-jdk15on/1.60/bcpkix-jdk15on-1.60.jar:/home/user/.m2/repository/commons-validator/commons-validator/1.6/commons-validator-1.6.jar:/home/user/.m2/repository/commons-digester/commons-digester/1.8.1/commons-digester-1.8.1.jar:/home/user/.m2/repository/io/jaegertracing/jaeger-client/0.33.1/jaeger-client-0.33.1.jar:/home/user/.m2/repository/io/jaegertracing/jaeger-thrift/0.33.1/jaeger-thrift-0.33.1.jar:/home/user/.m2/repository/org/apache/thrift/libthrift/0.11.0/libthrift-0.11.0.jar:/home/user/.m2/repository/com/squareup/okhttp3/okhttp/3.9.0/okhttp-3.9.0.jar:/home/user/.m2/repository/com/squareup/okio/okio/1.13.0/okio-1.13.0.jar:/home/user/.m2/repository/io/jaegertracing/jaeger-core/0.33.1/jaeger-core-0.33.1.jar:/home/user/.m2/repository/io/jaegertracing/jaeger-tracerresolver/0.33.1/jaeger-tracerresolver-0.33.1.jar:/home/user/.m2/repository/io/opentracing/contrib/opentracing-tracerresolver/0.1.5/opentracing-tracerresolver-0.1.5.jar:/home/user/.m2/repository/io/opentracing/opentracing-util/0.31.0/opentracing-util-0.31.0.jar:/home/user/.m2/repository/io/opentracing/opentracing-api/0.31.0/opentracing-api-0.31.0.jar:/home/user/.m2/repository/io/opentracing/opentracing-noop/0.31.0/opentracing-noop-0.31.0.jar:/home/user/.m2/repository/org/yaml/snakeyaml/1.16/snakeyaml-1.16.jar:/home/user/.m2/repository/org/apache/hadoop/hadoop-hdfs-client/3.2.0/hadoop-hdfs-client-3.2.0.jar:/home/user/.m2/repository/info/picocli/picocli/3.9.6/picocli-3.9.6.jar:/home/user/.m2/repository/org/apache/hadoop/hadoop-hdds-server-scm/0.5.0-SNAPSHOT/hadoop-hdds-server-scm-0.5.0-SNAPSHOT.jar:/home/user/.m2/repository/org/apache/hadoop/hadoop-hdds-docs/0.5.0-SNAPSHOT/hadoop-hdds-docs-0.5.0-SNAPSHOT.jar:/home/user/.m2/repository/io/dropwizard/metrics/metrics-core/3.2.4/metrics-core-3.2.4.jar:/home/user/.m2/repository/org/hamcrest/hamcrest-all/1.3/hamcrest-all-1.3.jar:/home/user/.m2/repository/org/bouncycastle/bcprov-jdk15on/1.60/bcprov-jdk15on-1.60.jar:/home/user/.m2/repository/org/apache/hadoop/hadoop-hdds-server-framework/0.5.0-SNAPSHOT/hadoop-hdds-server-framework-0.5.0-SNAPSHOT.jar:/home/user/.m2/repository/org/apache/hadoop/hadoop-ozone-ozone-manager/0.5.0-SNAPSHOT/hadoop-ozone-ozone-manager-0.5.0-SNAPSHOT.jar:/home/user/.m2/repository/org/apache/hadoop/hadoop-hdds-container-service/0.5.0-SNAPSHOT/hadoop-hdds-container-service-0.5.0-SNAPSHOT.jar:/home/user/.m2/repository/org/apache/hadoop/hadoop-hdds-client/0.5.0-SNAPSHOT/hadoop-hdds-client-0.5.0-SNAPSHOT.jar:/home/user/.m2/repository/org/apache/hadoop/hadoop-ozone-common/0.5.0-SNAPSHOT/hadoop-ozone-common-0.5.0-SNAPSHOT.jar:/home/user/.m2/repository/org/apache/hadoop/hadoop-hdds-tools/0.5.0-SNAPSHOT/hadoop-hdds-tools-0.5.0-SNAPSHOT.jar:/home/user/.m2/repository/org/xerial/sqlite-jdbc/3.25.2/sqlite-jdbc-3.25.2.jar:/home/user/.m2/repository/org/apache/hadoop/hadoop-ozone-objectstore-service/0.5.0-SNAPSHOT/hadoop-ozone-objectstore-service-0.5.0-SNAPSHOT.jar:/home/user/.m2/repository/com/google/code/findbugs/findbugs/3.0.1/findbugs-3.0.1.jar:/home/user/.m2/repository/net/jcip/jcip-annotations/1.0/jcip-annotations-1.0.jar:/home/user/.m2/repository/com/google/code/findbugs/bcel-findbugs/6.0/bcel-findbugs-6.0.jar:/home/user/.m2/repository/com/google/code/findbugs/jFormatString/2.0.1/jFormatString-2.0.1.jar:/home/user/.m2/repository/dom4j/dom4j/1.6.1/dom4j-1.6.1.jar:/home/user/.m2/repository/xml-apis/xml-apis/1.0.b2/xml-apis-1.0.b2.jar:/home/user/.m2/repository/org/ow2/asm/asm-debug-all/5.0.2/asm-debug-all-5.0.2.jar:/home/user/.m2/repository/org/ow2/asm/asm-commons/5.0.2/asm-commons-5.0.2.jar:/home/user/.m2/repository/org/ow2/asm/asm-tree/5.0.2/asm-tree-5.0.2.jar:/home/user/.m2/repository/org/ow2/asm/asm/5.0.4/asm-5.0.4.jar:/home/user/.m2/repository/commons-lang/commons-lang/2.6/commons-lang-2.6.jar:/home/user/.m2/repository/com/apple/AppleJavaExtensions/1.4/AppleJavaExtensions-1.4.jar:/home/user/.m2/repository/jaxen/jaxen/1.1.6/jaxen-1.1.6.jar:/home/user/.m2/repository/org/apache/hadoop/hadoop-common/3.2.0/hadoop-common-3.2.0-tests.jar:/home/user/.m2/repository/org/apache/hadoop/hadoop-ozone-client/0.5.0-SNAPSHOT/hadoop-ozone-client-0.5.0-SNAPSHOT.jar:/home/user/.m2/repository/org/apache/hadoop/hadoop-hdfs/3.2.0/hadoop-hdfs-3.2.0-tests.jar:/workdir/hadoop-ozone/integration-test/target/test-classes:/home/user/.m2/repository/org/apache/hadoop/hadoop-ozone-s3gateway/0.5.0-SNAPSHOT/hadoop-ozone-s3gateway-0.5.0-SNAPSHOT.jar:/home/user/.m2/repository/org/jboss/weld/servlet/weld-servlet/2.4.7.Final/weld-servlet-2.4.7.Final.jar:/home/user/.m2/repository/org/glassfish/jersey/containers/jersey-container-servlet-core/2.27/jersey-container-servlet-core-2.27.jar:/home/user/.m2/repository/org/glassfish/hk2/external/javax.inject/2.5.0-b42/javax.inject-2.5.0-b42.jar:/home/user/.m2/repository/org/glassfish/jersey/core/jersey-common/2.27/jersey-common-2.27.jar:/home/user/.m2/repository/org/glassfish/hk2/osgi-resource-locator/1.0.1/osgi-resource-locator-1.0.1.jar:/home/user/.m2/repository/javax/ws/rs/javax.ws.rs-api/2.1/javax.ws.rs-api-2.1.jar:/home/user/.m2/repository/org/glassfish/jersey/ext/cdi/jersey-cdi1x/2.27/jersey-cdi1x-2.27.jar:/home/user/.m2/repository/org/glassfish/jersey/inject/jersey-hk2/2.27/jersey-hk2-2.27.jar:/home/user/.m2/repository/org/glassfish/hk2/hk2-locator/2.5.0-b42/hk2-locator-2.5.0-b42.jar:/home/user/.m2/repository/org/javassist/javassist/3.22.0-CR2/javassist-3.22.0-CR2.jar:/home/user/.m2/repository/org/glassfish/hk2/hk2-api/2.5.0/hk2-api-2.5.0.jar:/home/user/.m2/repository/org/glassfish/hk2/external/jakarta.inject/2.5.0/jakarta.inject-2.5.0.jar:/home/user/.m2/repository/org/glassfish/hk2/hk2-utils/2.5.0/hk2-utils-2.5.0.jar:/home/user/.m2/repository/jakarta/annotation/jakarta.annotation-api/1.3.4/jakarta.annotation-api-1.3.4.jar:/home/user/.m2/repository/org/glassfish/hk2/external/aopalliance-repackaged/2.5.0/aopalliance-repackaged-2.5.0.jar:/home/user/.m2/repository/com/fasterxml/jackson/dataformat/jackson-dataformat-xml/2.9.0/jackson-dataformat-xml-2.9.0.jar:/home/user/.m2/repository/com/fasterxml/jackson/module/jackson-module-jaxb-annotations/2.9.5/jackson-module-jaxb-annotations-2.9.5.jar:/home/user/.m2/repository/javax/enterprise/cdi-api/1.2/cdi-api-1.2.jar:/home/user/.m2/repository/javax/el/javax.el-api/3.0.0/javax.el-api-3.0.0.jar:/home/user/.m2/repository/javax/interceptor/javax.interceptor-api/1.2/javax.interceptor-api-1.2.jar:/home/user/.m2/repository/javax/inject/javax.inject/1/javax.inject-1.jar:/home/user/.m2/repository/com/sun/xml/bind/jaxb-core/2.3.0.1/jaxb-core-2.3.0.1.jar:/home/user/.m2/repository/javax/xml/bind/jaxb-api/2.3.0/jaxb-api-2.3.0.jar:/home/user/.m2/repository/javax/activation/activation/1.1.1/activation-1.1.1.jar:/home/user/.m2/repository/org/apache/hadoop/hadoop-ozone-csi/0.5.0-SNAPSHOT/hadoop-ozone-csi-0.5.0-SNAPSHOT.jar:/home/user/.m2/repository/com/google/protobuf/protobuf-java-util/3.5.1/protobuf-java-util-3.5.1.jar:/home/user/.m2/repository/io/grpc/grpc-netty/1.17.1/grpc-netty-1.17.1.jar:/home/user/.m2/repository/io/grpc/grpc-core/1.17.1/grpc-core-1.17.1.jar:/home/user/.m2/repository/io/grpc/grpc-context/1.17.1/grpc-context-1.17.1.jar:/home/user/.m2/repository/com/google/errorprone/error_prone_annotations/2.2.0/error_prone_annotations-2.2.0.jar:/home/user/.m2/repository/org/codehaus/mojo/animal-sniffer-annotations/1.17/animal-sniffer-annotations-1.17.jar:/home/user/.m2/repository/io/opencensus/opencensus-api/0.17.0/opencensus-api-0.17.0.jar:/home/user/.m2/repository/io/opencensus/opencensus-contrib-grpc-metrics/0.17.0/opencensus-contrib-grpc-metrics-0.17.0.jar:/home/user/.m2/repository/io/netty/netty-codec-http2/4.1.30.Final/netty-codec-http2-4.1.30.Final.jar:/home/user/.m2/repository/io/netty/netty-codec-http/4.1.30.Final/netty-codec-http-4.1.30.Final.jar:/home/user/.m2/repository/io/netty/netty-codec/4.1.30.Final/netty-codec-4.1.30.Final.jar:/home/user/.m2/repository/io/netty/netty-handler/4.1.30.Final/netty-handler-4.1.30.Final.jar:/home/user/.m2/repository/io/netty/netty-handler-proxy/4.1.30.Final/netty-handler-proxy-4.1.30.Final.jar:/home/user/.m2/repository/io/netty/netty-codec-socks/4.1.30.Final/netty-codec-socks-4.1.30.Final.jar:/home/user/.m2/repository/io/netty/netty-transport-native-epoll/4.1.30.Final/netty-transport-native-epoll-4.1.30.Final.jar:/home/user/.m2/repository/io/netty/netty-common/4.1.30.Final/netty-common-4.1.30.Final.jar:/home/user/.m2/repository/io/netty/netty-buffer/4.1.30.Final/netty-buffer-4.1.30.Final.jar:/home/user/.m2/repository/io/netty/netty-transport/4.1.30.Final/netty-transport-4.1.30.Final.jar:/home/user/.m2/repository/io/netty/netty-resolver/4.1.30.Final/netty-resolver-4.1.30.Final.jar:/home/user/.m2/repository/io/netty/netty-transport-native-unix-common/4.1.30.Final/netty-transport-native-unix-common-4.1.30.Final.jar:/home/user/.m2/repository/io/grpc/grpc-protobuf/1.17.1/grpc-protobuf-1.17.1.jar:/home/user/.m2/repository/com/google/api/grpc/proto-google-common-protos/1.0.0/proto-google-common-protos-1.0.0.jar:/home/user/.m2/repository/io/grpc/grpc-protobuf-lite/1.17.1/grpc-protobuf-lite-1.17.1.jar:/home/user/.m2/repository/io/grpc/grpc-stub/1.17.1/grpc-stub-1.17.1.jar:/home/user/.m2/repository/org/apache/hadoop/hadoop-ozone-recon/0.5.0-SNAPSHOT/hadoop-ozone-recon-0.5.0-SNAPSHOT.jar:/home/user/.m2/repository/org/apache/hadoop/hadoop-ozone-reconcodegen/0.5.0-SNAPSHOT/hadoop-ozone-reconcodegen-0.5.0-SNAPSHOT.jar:/home/user/.m2/repository/com/google/inject/extensions/guice-multibindings/4.0/guice-multibindings-4.0.jar:/home/user/.m2/repository/com/google/inject/guice/4.0/guice-4.0.jar:/home/user/.m2/repository/aopalliance/aopalliance/1.0/aopalliance-1.0.jar:/home/user/.m2/repository/org/glassfish/jersey/containers/jersey-container-servlet/2.27/jersey-container-servlet-2.27.jar:/home/user/.m2/repository/org/glassfish/hk2/guice-bridge/2.5.0/guice-bridge-2.5.0.jar:/home/user/.m2/repository/org/glassfish/jersey/core/jersey-server/2.27/jersey-server-2.27.jar:/home/user/.m2/repository/org/glassfish/jersey/core/jersey-client/2.27/jersey-client-2.27.jar:/home/user/.m2/repository/org/glassfish/jersey/media/jersey-media-jaxb/2.27/jersey-media-jaxb-2.27.jar:/home/user/.m2/repository/javax/validation/validation-api/1.1.0.Final/validation-api-1.1.0.Final.jar:/home/user/.m2/repository/org/glassfish/jersey/media/jersey-media-json-jackson/2.27/jersey-media-json-jackson-2.27.jar:/home/user/.m2/repository/org/glassfish/jersey/ext/jersey-entity-filtering/2.27/jersey-entity-filtering-2.27.jar:/home/user/.m2/repository/com/google/inject/extensions/guice-assistedinject/4.0/guice-assistedinject-4.0.jar:/home/user/.m2/repository/org/jooq/jooq/3.11.10/jooq-3.11.10.jar:/home/user/.m2/repository/org/jooq/jooq-meta/3.11.10/jooq-meta-3.11.10.jar:/home/user/.m2/repository/org/jooq/jooq-codegen/3.11.10/jooq-codegen-3.11.10.jar:/home/user/.m2/repository/com/jolbox/bonecp/0.8.0.RELEASE/bonecp-0.8.0.RELEASE.jar:/home/user/.m2/repository/org/springframework/spring-jdbc/5.1.3.RELEASE/spring-jdbc-5.1.3.RELEASE.jar:/home/user/.m2/repository/org/springframework/spring-beans/5.1.3.RELEASE/spring-beans-5.1.3.RELEASE.jar:/home/user/.m2/repository/org/springframework/spring-core/5.1.3.RELEASE/spring-core-5.1.3.RELEASE.jar:/home/user/.m2/repository/org/springframework/spring-jcl/5.1.3.RELEASE/spring-jcl-5.1.3.RELEASE.jar:/home/user/.m2/repository/org/springframework/spring-tx/5.1.3.RELEASE/spring-tx-5.1.3.RELEASE.jar:/home/user/.m2/repository/org/mockito/mockito-all/1.10.19/mockito-all-1.10.19.jar:/home/user/.m2/repository/junit/junit/4.11/junit-4.11.jar:/home/user/.m2/repository/org/hamcrest/hamcrest-core/1.3/hamcrest-core-1.3.jar:/home/user/.m2/repository/org/apache/hadoop/hadoop-distcp/3.2.0/hadoop-distcp-3.2.0.jar:/home/user/.m2/repository/org/apache/hadoop/hadoop-distcp/3.2.0/hadoop-distcp-3.2.0-tests.jar:/home/user/.m2/repository/org/apache/hadoop/hadoop-mapreduce-client-jobclient/3.2.0/hadoop-mapreduce-client-jobclient-3.2.0.jar:/home/user/.m2/repository/org/apache/hadoop/hadoop-mapreduce-client-common/3.2.0/hadoop-mapreduce-client-common-3.2.0.jar:/home/user/.m2/repository/org/apache/hadoop/hadoop-yarn-common/3.2.0/hadoop-yarn-common-3.2.0.jar:/home/user/.m2/repository/org/apache/hadoop/hadoop-yarn-api/3.2.0/hadoop-yarn-api-3.2.0.jar:/home/user/.m2/repository/com/sun/jersey/jersey-client/1.19/jersey-client-1.19.jar:/home/user/.m2/repository/com/sun/jersey/contribs/jersey-guice/1.19/jersey-guice-1.19.jar:/home/user/.m2/repository/com/fasterxml/jackson/jaxrs/jackson-jaxrs-json-provider/2.9.5/jackson-jaxrs-json-provider-2.9.5.jar:/home/user/.m2/repository/com/fasterxml/jackson/jaxrs/jackson-jaxrs-base/2.9.5/jackson-jaxrs-base-2.9.5.jar:/home/user/.m2/repository/org/apache/hadoop/hadoop-yarn-client/3.2.0/hadoop-yarn-client-3.2.0.jar:/home/user/.m2/repository/org/apache/hadoop/hadoop-mapreduce-client-core/3.2.0/hadoop-mapreduce-client-core-3.2.0.jar:/home/user/.m2/repository/com/google/inject/extensions/guice-servlet/4.0/guice-servlet-4.0.jar:/home/user/.m2/repository/org/powermock/powermock-module-junit4/1.6.5/powermock-module-junit4-1.6.5.jar:/home/user/.m2/repository/org/powermock/powermock-module-junit4-common/1.6.5/powermock-module-junit4-common-1.6.5.jar:/home/user/.m2/repository/org/powermock/powermock-core/1.6.5/powermock-core-1.6.5.jar:/home/user/.m2/repository/org/powermock/powermock-reflect/1.6.5/powermock-reflect-1.6.5.jar:/home/user/.m2/repository/org/powermock/powermock-api-mockito/1.6.5/powermock-api-mockito-1.6.5.jar:/home/user/.m2/repository/org/mockito/mockito-core/1.10.19/mockito-core-1.10.19.jar:/home/user/.m2/repository/org/objenesis/objenesis/1.0/objenesis-1.0.jar:/home/user/.m2/repository/org/powermock/powermock-api-mockito-common/1.6.5/powermock-api-mockito-common-1.6.5.jar:/home/user/.m2/repository/org/powermock/powermock-api-support/1.6.5/powermock-api-support-1.6.5.jar:"/>
    <property name="sun.cpu.endian" value="little"/>
    <property name="user.home" value="/home/user"/>
    <property name="user.language" value="en"/>
    <property name="java.specification.vendor" value="Oracle Corporation"/>
    <property name="java.home" value="/usr/lib/jvm/java-1.8-openjdk/jre"/>
    <property name="java.security.krb5.conf" value="/workdir/hadoop-ozone/ozonefs/target/test-classes/krb5.conf"/>
    <property name="basedir" value="/workdir/hadoop-ozone/ozonefs"/>
    <property name="file.separator" value="/"/>
    <property name="line.separator" value="&#10;"/>
    <property name="java.vm.specification.vendor" value="Oracle Corporation"/>
    <property name="java.specification.name" value="Java Platform API Specification"/>
    <property name="java.awt.graphicsenv" value="sun.awt.X11GraphicsEnvironment"/>
    <property name="surefire.real.class.path" value="/workdir/hadoop-ozone/ozonefs/target/surefire/surefirebooter2061181416479954633.jar"/>
    <property name="hadoop.log.dir" value="/workdir/hadoop-ozone/ozonefs/target/log"/>
    <property name="sun.boot.class.path" value="/usr/lib/jvm/java-1.8-openjdk/jre/lib/resources.jar:/usr/lib/jvm/java-1.8-openjdk/jre/lib/rt.jar:/usr/lib/jvm/java-1.8-openjdk/jre/lib/sunrsasign.jar:/usr/lib/jvm/java-1.8-openjdk/jre/lib/jsse.jar:/usr/lib/jvm/java-1.8-openjdk/jre/lib/jce.jar:/usr/lib/jvm/java-1.8-openjdk/jre/lib/charsets.jar:/usr/lib/jvm/java-1.8-openjdk/jre/lib/jfr.jar:/usr/lib/jvm/java-1.8-openjdk/jre/classes"/>
    <property name="sun.management.compiler" value="HotSpot 64-Bit Tiered Compilers"/>
    <property name="java.runtime.version" value="1.8.0_212-b04"/>
    <property name="java.net.preferIPv4Stack" value="true"/>
    <property name="user.name" value="jenkins1000"/>
    <property name="path.separator" value=":"/>
    <property name="java.security.egd" value="file:///dev/urandom"/>
    <property name="os.version" value="3.10.0-957.12.2.el7.x86_64"/>
    <property name="java.endorsed.dirs" value="/usr/lib/jvm/java-1.8-openjdk/jre/lib/endorsed"/>
    <property name="java.runtime.name" value="OpenJDK Runtime Environment"/>
    <property name="file.encoding" value="UTF-8"/>
    <property name="java.vm.name" value="OpenJDK 64-Bit Server VM"/>
    <property name="test.build.webapps" value=""/>
    <property name="localRepository" value="/home/user/.m2/repository"/>
    <property name="java.vendor.url.bug" value="https://icedtea.classpath.org/bugzilla"/>
    <property name="java.io.tmpdir" value="/tmp"/>
    <property name="require.test.libhadoop" value=""/>
    <property name="java.version" value="1.8.0_212"/>
    <property name="user.dir" value="/workdir/hadoop-ozone/ozonefs"/>
    <property name="os.arch" value="amd64"/>
    <property name="java.vm.specification.name" value="Java Virtual Machine Specification"/>
    <property name="test.build.classes" value="/workdir/hadoop-ozone/ozonefs/target/test-classes"/>
    <property name="java.awt.printerjob" value="sun.print.PSPrinterJob"/>
    <property name="sun.os.patch.level" value="unknown"/>
    <property name="hadoop.tmp.dir" value="/workdir/hadoop-ozone/ozonefs/target/tmp"/>
    <property name="java.library.path" value="/usr/lib/jvm/java-1.8-openjdk/jre/lib/amd64/server:/usr/lib/jvm/java-1.8-openjdk/jre/lib/amd64:/usr/lib/jvm/java-1.8-openjdk/jre/../lib/amd64:/workdir/hadoop-ozone/ozonefs/target/native/target/usr/local/lib:/workdir/hadoop-ozone/ozonefs/../../hadoop-common-project/hadoop-common/target/native/target/usr/local/lib:/usr/java/packages/lib/amd64:/usr/lib64:/lib64:/lib:/usr/lib"/>
    <property name="java.vm.info" value="mixed mode"/>
    <property name="java.vendor" value="IcedTea"/>
    <property name="java.vm.version" value="25.212-b04"/>
    <property name="java.ext.dirs" value="/usr/lib/jvm/java-1.8-openjdk/jre/lib/ext:/usr/java/packages/lib/ext"/>
    <property name="sun.io.unicode.encoding" value="UnicodeLittle"/>
    <property name="java.class.version" value="52.0"/>
  </properties>
  <testcase name="testOzoneFsServiceLoader" classname="org.apache.hadoop.fs.ozone.TestOzoneFileSystem" time="24.249"/>
  <testcase name="testListStatusOnRoot" classname="org.apache.hadoop.fs.ozone.TestOzoneFileSystem" time="18.044"/>
  <testcase name="testListStatusOnSubDirs" classname="org.apache.hadoop.fs.ozone.TestOzoneFileSystem" time="17.984">
    <error message="Allocated 0 blocks. Requested 1 blocks" type="INTERNAL_ERROR org.apache.hadoop.ozone.om.exceptions.OMException">INTERNAL_ERROR org.apache.hadoop.ozone.om.exceptions.OMException: Allocated 0 blocks. Requested 1 blocks
	at org.apache.hadoop.ozone.om.protocolPB.OzoneManagerProtocolClientSideTranslatorPB.handleError(OzoneManagerProtocolClientSideTranslatorPB.java:725)
	at org.apache.hadoop.ozone.om.protocolPB.OzoneManagerProtocolClientSideTranslatorPB.createFile(OzoneManagerProtocolClientSideTranslatorPB.java:1474)
	at org.apache.hadoop.ozone.client.rpc.RpcClient.createFile(RpcClient.java:984)
	at org.apache.hadoop.ozone.client.OzoneBucket.createFile(OzoneBucket.java:535)
	at org.apache.hadoop.fs.ozone.BasicOzoneClientAdapterImpl.createFile(BasicOzoneClientAdapterImpl.java:181)
	at org.apache.hadoop.fs.ozone.BasicOzoneFileSystem.createOutputStream(BasicOzoneFileSystem.java:249)
	at org.apache.hadoop.fs.ozone.BasicOzoneFileSystem.create(BasicOzoneFileSystem.java:230)
	at org.apache.hadoop.fs.FileSystem.create(FileSystem.java:1118)
	at org.apache.hadoop.fs.FileSystem.create(FileSystem.java:1098)
	at org.apache.hadoop.fs.FileSystem.create(FileSystem.java:987)
	at org.apache.hadoop.fs.contract.ContractTestUtils.createFile(ContractTestUtils.java:633)
	at org.apache.hadoop.fs.contract.ContractTestUtils.touch(ContractTestUtils.java:669)
	at org.apache.hadoop.fs.ozone.TestOzoneFileSystem.testListStatusOnSubDirs(TestOzoneFileSystem.java:271)
	at sun.reflect.NativeMethodAccessorImpl.invoke0(Native Method)
	at sun.reflect.NativeMethodAccessorImpl.invoke(NativeMethodAccessorImpl.java:62)
	at sun.reflect.DelegatingMethodAccessorImpl.invoke(DelegatingMethodAccessorImpl.java:43)
	at java.lang.reflect.Method.invoke(Method.java:498)
	at org.junit.runners.model.FrameworkMethod$1.runReflectiveCall(FrameworkMethod.java:47)
	at org.junit.internal.runners.model.ReflectiveCallable.run(ReflectiveCallable.java:12)
	at org.junit.runners.model.FrameworkMethod.invokeExplosively(FrameworkMethod.java:44)
	at org.junit.internal.runners.statements.InvokeMethod.evaluate(InvokeMethod.java:17)
	at org.junit.internal.runners.statements.RunBefores.evaluate(RunBefores.java:26)
	at org.junit.internal.runners.statements.RunAfters.evaluate(RunAfters.java:27)
	at org.junit.internal.runners.statements.FailOnTimeout$StatementThread.run(FailOnTimeout.java:74)
</error>
    <system-out><![CDATA[2019-09-20 08:37:41,432 [Thread-525] WARN  server.ServerUtils (ServerUtils.java:getScmDbDir(145)) - ozone.scm.db.dirs is not configured. We recommend adding this setting. Falling back to ozone.metadata.dirs instead.
2019-09-20 08:37:41,458 [Thread-525] WARN  server.ServerUtils (ServerUtils.java:getScmDbDir(145)) - ozone.scm.db.dirs is not configured. We recommend adding this setting. Falling back to ozone.metadata.dirs instead.
2019-09-20 08:37:41,458 [Thread-525] WARN  server.ServerUtils (ServerUtils.java:getScmDbDir(145)) - ozone.scm.db.dirs is not configured. We recommend adding this setting. Falling back to ozone.metadata.dirs instead.
2019-09-20 08:37:41,459 [Thread-525] INFO  db.DBStoreBuilder (DBStoreBuilder.java:addTable(110)) - using custom profile for table: deletedBlocks
2019-09-20 08:37:41,459 [Thread-525] INFO  db.DBStoreBuilder (DBStoreBuilder.java:processTables(161)) - Using default column profile:DBProfile.DISK for Table:deletedBlocks
2019-09-20 08:37:41,459 [Thread-525] INFO  db.DBStoreBuilder (DBStoreBuilder.java:addTable(110)) - using custom profile for table: validCerts
2019-09-20 08:37:41,460 [Thread-525] INFO  db.DBStoreBuilder (DBStoreBuilder.java:processTables(161)) - Using default column profile:DBProfile.DISK for Table:validCerts
2019-09-20 08:37:41,460 [Thread-525] INFO  db.DBStoreBuilder (DBStoreBuilder.java:addTable(110)) - using custom profile for table: revokedCerts
2019-09-20 08:37:41,460 [Thread-525] INFO  db.DBStoreBuilder (DBStoreBuilder.java:processTables(161)) - Using default column profile:DBProfile.DISK for Table:revokedCerts
2019-09-20 08:37:41,460 [Thread-525] INFO  db.DBStoreBuilder (DBStoreBuilder.java:addTable(110)) - using custom profile for table: default
2019-09-20 08:37:41,461 [Thread-525] INFO  db.DBStoreBuilder (DBStoreBuilder.java:processTables(167)) - Using default column profile:DBProfile.DISK for Table:default
2019-09-20 08:37:41,461 [Thread-525] INFO  db.DBStoreBuilder (DBStoreBuilder.java:getDbProfile(198)) - Using default options. DBProfile.DISK
2019-09-20 08:37:41,696 [Thread-525] INFO  net.NodeSchemaLoader (NodeSchemaLoader.java:loadSchemaFromFile(125)) - Loading file from sun.misc.CompoundEnumeration@4f80d680
2019-09-20 08:37:41,696 [Thread-525] INFO  net.NodeSchemaLoader (NodeSchemaLoader.java:loadSchema(171)) - Loading network topology layer schema file
2019-09-20 08:37:41,703 [Thread-525] WARN  server.ServerUtils (ServerUtils.java:sanitizeUserArgs(70)) - ozone.scm.stale.node.interval value = 300000 is larger than max = 100000 based on the key value of ozone.scm.heartbeat.thread.interval, reset to the max value 100000.
2019-09-20 08:37:41,703 [Thread-525] WARN  server.ServerUtils (ServerUtils.java:sanitizeUserArgs(70)) - ozone.scm.stale.node.interval value = 300000 is larger than max = 100000 based on the key value of ozone.scm.heartbeat.thread.interval, reset to the max value 100000.
2019-09-20 08:37:41,704 [Thread-525] INFO  node.SCMNodeManager (SCMNodeManager.java:<init>(121)) - Entering startup safe mode.
2019-09-20 08:37:41,705 [Thread-525] INFO  algorithms.ContainerPlacementPolicyFactory (ContainerPlacementPolicyFactory.java:getPolicy(56)) - Create container placement policy of type org.apache.hadoop.hdds.scm.container.placement.algorithms.SCMContainerPlacementRandom
2019-09-20 08:37:41,705 [Thread-525] WARN  server.ServerUtils (ServerUtils.java:getScmDbDir(145)) - ozone.scm.db.dirs is not configured. We recommend adding this setting. Falling back to ozone.metadata.dirs instead.
2019-09-20 08:37:41,784 [Thread-525] INFO  pipeline.SCMPipelineManager (SCMPipelineManager.java:initializePipelineState(126)) - No pipeline exists in current db
2019-09-20 08:37:41,784 [Thread-525] WARN  server.ServerUtils (ServerUtils.java:getScmDbDir(145)) - ozone.scm.db.dirs is not configured. We recommend adding this setting. Falling back to ozone.metadata.dirs instead.
2019-09-20 08:37:41,904 [Thread-525] WARN  events.EventQueue (EventQueue.java:fireEvent(175)) - No event handler registered for event TypedEvent{payloadType=SafeModeStatus, name='SafeModeStatus'}
2019-09-20 08:37:41,905 [Thread-525] INFO  ipc.CallQueueManager (CallQueueManager.java:<init>(84)) - Using callQueue: class java.util.concurrent.LinkedBlockingQueue, queueCapacity: 2000, scheduler: class org.apache.hadoop.ipc.DefaultRpcScheduler, ipcBackoff: false.
2019-09-20 08:37:41,907 [Socket Reader #1 for port 33412] INFO  ipc.Server (Server.java:run(1074)) - Starting Socket Reader #1 for port 33412
2019-09-20 08:37:41,909 [Thread-525] INFO  ipc.CallQueueManager (CallQueueManager.java:<init>(84)) - Using callQueue: class java.util.concurrent.LinkedBlockingQueue, queueCapacity: 2000, scheduler: class org.apache.hadoop.ipc.DefaultRpcScheduler, ipcBackoff: false.
2019-09-20 08:37:41,910 [Socket Reader #1 for port 35266] INFO  ipc.Server (Server.java:run(1074)) - Starting Socket Reader #1 for port 35266
2019-09-20 08:37:41,911 [Thread-525] INFO  ipc.CallQueueManager (CallQueueManager.java:<init>(84)) - Using callQueue: class java.util.concurrent.LinkedBlockingQueue, queueCapacity: 2000, scheduler: class org.apache.hadoop.ipc.DefaultRpcScheduler, ipcBackoff: false.
2019-09-20 08:37:41,912 [Socket Reader #1 for port 35687] INFO  ipc.Server (Server.java:run(1074)) - Starting Socket Reader #1 for port 35687
2019-09-20 08:37:41,915 [Thread-525] INFO  hdfs.DFSUtil (DFSUtil.java:httpServerTemplateForNNAndJN(1641)) - Starting Web-server for scm at: http://0.0.0.0:0
2019-09-20 08:37:41,918 [Thread-525] INFO  server.AuthenticationFilter (AuthenticationFilter.java:constructSecretProvider(240)) - Unable to initialize FileSignerSecretProvider, falling back to use random secrets.
2019-09-20 08:37:41,919 [Thread-525] WARN  http.HttpRequestLog (HttpRequestLog.java:getRequestLog(97)) - Jetty request log can only be enabled using Log4j
2019-09-20 08:37:41,923 [Thread-525] INFO  http.HttpServer2 (HttpServer2.java:addGlobalFilter(975)) - Added global filter 'safety' (class=org.apache.hadoop.http.HttpServer2$QuotingInputFilter)
2019-09-20 08:37:41,924 [Thread-525] INFO  http.HttpServer2 (HttpServer2.java:addFilter(948)) - Added filter static_user_filter (class=org.apache.hadoop.http.lib.StaticUserWebFilter$StaticUserFilter) to context scm
2019-09-20 08:37:41,924 [Thread-525] INFO  http.HttpServer2 (HttpServer2.java:addFilter(958)) - Added filter static_user_filter (class=org.apache.hadoop.http.lib.StaticUserWebFilter$StaticUserFilter) to context static
2019-09-20 08:37:41,924 [Thread-525] INFO  http.HttpServer2 (HttpServer2.java:addFilter(958)) - Added filter static_user_filter (class=org.apache.hadoop.http.lib.StaticUserWebFilter$StaticUserFilter) to context logs
2019-09-20 08:37:41,928 [Thread-525] INFO  server.StorageContainerManager (StorageContainerManager.java:start(759)) - StorageContainerLocationProtocol RPC server is listening at /0.0.0.0:35687
2019-09-20 08:37:41,931 [Thread-525] WARN  impl.MetricsConfig (MetricsConfig.java:loadFirst(134)) - Cannot locate configuration: tried hadoop-metrics2-storagecontainermanager.properties,hadoop-metrics2.properties
2019-09-20 08:37:41,932 [Thread-525] INFO  impl.MetricsSystemImpl (MetricsSystemImpl.java:startTimer(374)) - Scheduled Metric snapshot period at 10 second(s).
2019-09-20 08:37:41,932 [Thread-525] INFO  impl.MetricsSystemImpl (MetricsSystemImpl.java:start(191)) - StorageContainerManager metrics system started
2019-09-20 08:37:41,995 [Thread-525] INFO  server.SCMClientProtocolServer (SCMClientProtocolServer.java:start(151)) - RPC server for Client  is listening at /0.0.0.0:35687
2019-09-20 08:37:41,995 [IPC Server Responder] INFO  ipc.Server (Server.java:run(1314)) - IPC Server Responder: starting
2019-09-20 08:37:41,995 [IPC Server listener on 35687] INFO  ipc.Server (Server.java:run(1153)) - IPC Server listener on 35687: starting
2019-09-20 08:37:41,999 [Thread-525] INFO  server.StorageContainerManager (StorageContainerManager.java:start(769)) - ScmBlockLocationProtocol RPC server is listening at /0.0.0.0:35266
2019-09-20 08:37:41,999 [Thread-525] INFO  server.SCMBlockProtocolServer (SCMBlockProtocolServer.java:start(140)) - RPC server for Block Protocol is listening at /0.0.0.0:35266
2019-09-20 08:37:42,000 [IPC Server Responder] INFO  ipc.Server (Server.java:run(1314)) - IPC Server Responder: starting
2019-09-20 08:37:42,000 [IPC Server listener on 35266] INFO  ipc.Server (Server.java:run(1153)) - IPC Server listener on 35266: starting
2019-09-20 08:37:42,004 [Thread-525] INFO  server.StorageContainerManager (StorageContainerManager.java:start(773)) - ScmDatanodeProtocl RPC server is listening at /0.0.0.0:33412
2019-09-20 08:37:42,004 [Thread-525] INFO  server.SCMDatanodeProtocolServer (SCMDatanodeProtocolServer.java:start(191)) - RPC server for DataNodes is listening at /0.0.0.0:33412
2019-09-20 08:37:42,004 [IPC Server Responder] INFO  ipc.Server (Server.java:run(1314)) - IPC Server Responder: starting
2019-09-20 08:37:42,005 [IPC Server listener on 33412] INFO  ipc.Server (Server.java:run(1153)) - IPC Server listener on 33412: starting
2019-09-20 08:37:42,008 [Thread-525] INFO  http.HttpServer2 (HttpServer2.java:bindListener(1191)) - Jetty bound to port 44307
2019-09-20 08:37:42,009 [Thread-525] INFO  server.Server (Server.java:doStart(351)) - jetty-9.3.24.v20180605, build timestamp: 2018-06-05T17:11:56Z, git hash: 84205aa28f11a4f31f2a3b86d1bba2cc8ab69827
2019-09-20 08:37:42,011 [Thread-525] INFO  handler.ContextHandler (ContextHandler.java:doStart(781)) - Started o.e.j.s.ServletContextHandler@2058a644{/logs,file:///workdir/hadoop-ozone/ozonefs/target/log,AVAILABLE}
2019-09-20 08:37:42,011 [Thread-525] INFO  handler.ContextHandler (ContextHandler.java:doStart(781)) - Started o.e.j.s.ServletContextHandler@794fface{/static,jar:file:/home/user/.m2/repository/org/apache/hadoop/hadoop-hdds-server-scm/0.5.0-SNAPSHOT/hadoop-hdds-server-scm-0.5.0-SNAPSHOT.jar!/webapps/static,AVAILABLE}
2019-09-20 08:37:42,061 [Thread-525] INFO  handler.ContextHandler (ContextHandler.java:doStart(781)) - Started o.e.j.w.WebAppContext@37601f30{/,file:///tmp/jetty-0.0.0.0-44307-scm-_-any-8392165926649827692.dir/webapp/,AVAILABLE}{/scm}
2019-09-20 08:37:42,061 [Thread-525] INFO  server.AbstractConnector (AbstractConnector.java:doStart(278)) - Started ServerConnector@1aaed81c{HTTP/1.1,[http/1.1]}{0.0.0.0:44307}
2019-09-20 08:37:42,062 [Thread-525] INFO  server.Server (Server.java:doStart(419)) - Started @43564ms
2019-09-20 08:37:42,063 [Thread-525] INFO  server.BaseHttpServer (BaseHttpServer.java:updateConnectorAddress(213)) - HTTP server of SCM is listening at http://0.0.0.0:44307
2019-09-20 08:37:42,063 [Thread-525] WARN  server.ServerUtils (ServerUtils.java:getDBPath(222)) - ozone.om.db.dirs is not configured. We recommend adding this setting. Falling back to ozone.metadata.dirs instead.
2019-09-20 08:37:42,064 [org.apache.hadoop.util.JvmPauseMonitor$Monitor@7c4dca52] INFO  util.JvmPauseMonitor (JvmPauseMonitor.java:run(188)) - Starting JVM pause monitor
2019-09-20 08:37:42,084 [Thread-525] WARN  server.ServerUtils (ServerUtils.java:getDBPath(222)) - ozone.om.db.dirs is not configured. We recommend adding this setting. Falling back to ozone.metadata.dirs instead.
2019-09-20 08:37:42,085 [Thread-525] WARN  server.ServerUtils (ServerUtils.java:getDBPath(222)) - ozone.om.db.dirs is not configured. We recommend adding this setting. Falling back to ozone.metadata.dirs instead.
2019-09-20 08:37:42,085 [Thread-525] INFO  om.OzoneManager (OzoneManager.java:setOMNodeDetails(645)) - OM Service ID is not set. Setting it to the default ID: omServiceIdDefault
2019-09-20 08:37:42,085 [Thread-525] INFO  om.OzoneManager (OzoneManager.java:setOMNodeDetails(651)) - OM Node ID is not set. Setting it to the OmStorage's OmID: 48beb670-fb50-4b70-8e49-52899ceeab97
2019-09-20 08:37:42,085 [Thread-525] INFO  om.OzoneManager (OzoneManager.java:loadOMHAConfigs(602)) - Found matching OM address with OMServiceId: null, OMNodeId: null, RPC Address: localhost:0 and Ratis port: 9872
2019-09-20 08:37:42,090 | INFO  | SCMAudit | user=jenkins1000 | ip=192.168.36.79 | op=GET_SCM_INFO null | ret=SUCCESS |  
2019-09-20 08:37:42,093 [Thread-525] WARN  server.ServerUtils (ServerUtils.java:getDBPath(222)) - ozone.om.db.dirs is not configured. We recommend adding this setting. Falling back to ozone.metadata.dirs instead.
2019-09-20 08:37:42,093 [Thread-525] INFO  db.DBStoreBuilder (DBStoreBuilder.java:addTable(110)) - using custom profile for table: userTable
2019-09-20 08:37:42,093 [Thread-525] INFO  db.DBStoreBuilder (DBStoreBuilder.java:processTables(161)) - Using default column profile:DBProfile.DISK for Table:userTable
2019-09-20 08:37:42,094 [Thread-525] INFO  db.DBStoreBuilder (DBStoreBuilder.java:addTable(110)) - using custom profile for table: volumeTable
2019-09-20 08:37:42,094 [Thread-525] INFO  db.DBStoreBuilder (DBStoreBuilder.java:processTables(161)) - Using default column profile:DBProfile.DISK for Table:volumeTable
2019-09-20 08:37:42,094 [Thread-525] INFO  db.DBStoreBuilder (DBStoreBuilder.java:addTable(110)) - using custom profile for table: bucketTable
2019-09-20 08:37:42,094 [Thread-525] INFO  db.DBStoreBuilder (DBStoreBuilder.java:processTables(161)) - Using default column profile:DBProfile.DISK for Table:bucketTable
2019-09-20 08:37:42,094 [Thread-525] INFO  db.DBStoreBuilder (DBStoreBuilder.java:addTable(110)) - using custom profile for table: keyTable
2019-09-20 08:37:42,095 [Thread-525] INFO  db.DBStoreBuilder (DBStoreBuilder.java:processTables(161)) - Using default column profile:DBProfile.DISK for Table:keyTable
2019-09-20 08:37:42,095 [Thread-525] INFO  db.DBStoreBuilder (DBStoreBuilder.java:addTable(110)) - using custom profile for table: deletedTable
2019-09-20 08:37:42,095 [Thread-525] INFO  db.DBStoreBuilder (DBStoreBuilder.java:processTables(161)) - Using default column profile:DBProfile.DISK for Table:deletedTable
2019-09-20 08:37:42,095 [Thread-525] INFO  db.DBStoreBuilder (DBStoreBuilder.java:addTable(110)) - using custom profile for table: openKeyTable
2019-09-20 08:37:42,095 [Thread-525] INFO  db.DBStoreBuilder (DBStoreBuilder.java:processTables(161)) - Using default column profile:DBProfile.DISK for Table:openKeyTable
2019-09-20 08:37:42,096 [Thread-525] INFO  db.DBStoreBuilder (DBStoreBuilder.java:addTable(110)) - using custom profile for table: s3Table
2019-09-20 08:37:42,096 [Thread-525] INFO  db.DBStoreBuilder (DBStoreBuilder.java:processTables(161)) - Using default column profile:DBProfile.DISK for Table:s3Table
2019-09-20 08:37:42,096 [Thread-525] INFO  db.DBStoreBuilder (DBStoreBuilder.java:addTable(110)) - using custom profile for table: multipartInfoTable
2019-09-20 08:37:42,096 [Thread-525] INFO  db.DBStoreBuilder (DBStoreBuilder.java:processTables(161)) - Using default column profile:DBProfile.DISK for Table:multipartInfoTable
2019-09-20 08:37:42,096 [Thread-525] INFO  db.DBStoreBuilder (DBStoreBuilder.java:addTable(110)) - using custom profile for table: dTokenTable
2019-09-20 08:37:42,097 [Thread-525] INFO  db.DBStoreBuilder (DBStoreBuilder.java:processTables(161)) - Using default column profile:DBProfile.DISK for Table:dTokenTable
2019-09-20 08:37:42,097 [Thread-525] INFO  db.DBStoreBuilder (DBStoreBuilder.java:addTable(110)) - using custom profile for table: s3SecretTable
2019-09-20 08:37:42,097 [Thread-525] INFO  db.DBStoreBuilder (DBStoreBuilder.java:processTables(161)) - Using default column profile:DBProfile.DISK for Table:s3SecretTable
2019-09-20 08:37:42,097 [Thread-525] INFO  db.DBStoreBuilder (DBStoreBuilder.java:addTable(110)) - using custom profile for table: prefixTable
2019-09-20 08:37:42,097 [Thread-525] INFO  db.DBStoreBuilder (DBStoreBuilder.java:processTables(161)) - Using default column profile:DBProfile.DISK for Table:prefixTable
2019-09-20 08:37:42,098 [Thread-525] INFO  db.DBStoreBuilder (DBStoreBuilder.java:addTable(110)) - using custom profile for table: default
2019-09-20 08:37:42,098 [Thread-525] INFO  db.DBStoreBuilder (DBStoreBuilder.java:processTables(167)) - Using default column profile:DBProfile.DISK for Table:default
2019-09-20 08:37:42,098 [Thread-525] INFO  db.DBStoreBuilder (DBStoreBuilder.java:getDbProfile(198)) - Using default options. DBProfile.DISK
2019-09-20 08:37:42,777 [Thread-525] INFO  ipc.CallQueueManager (CallQueueManager.java:<init>(84)) - Using callQueue: class java.util.concurrent.LinkedBlockingQueue, queueCapacity: 2000, scheduler: class org.apache.hadoop.ipc.DefaultRpcScheduler, ipcBackoff: false.
2019-09-20 08:37:42,778 [Socket Reader #1 for port 46712] INFO  ipc.Server (Server.java:run(1074)) - Starting Socket Reader #1 for port 46712
2019-09-20 08:37:42,809 [Thread-525] INFO  om.OzoneManager (OzoneManager.java:start(1256)) - OzoneManager RPC server is listening at localhost/127.0.0.1:46712
2019-09-20 08:37:42,809 [Thread-525] INFO  impl.MetricsSystemImpl (MetricsSystemImpl.java:init(158)) - OzoneManager metrics system started (again)
2019-09-20 08:37:42,810 [IPC Server Responder] INFO  ipc.Server (Server.java:run(1314)) - IPC Server Responder: starting
2019-09-20 08:37:42,811 [IPC Server listener on 46712] INFO  ipc.Server (Server.java:run(1153)) - IPC Server listener on 46712: starting
2019-09-20 08:37:42,817 [Thread-525] INFO  hdfs.DFSUtil (DFSUtil.java:httpServerTemplateForNNAndJN(1641)) - Starting Web-server for ozoneManager at: http://0.0.0.0:0
2019-09-20 08:37:42,819 [Thread-525] INFO  server.AuthenticationFilter (AuthenticationFilter.java:constructSecretProvider(240)) - Unable to initialize FileSignerSecretProvider, falling back to use random secrets.
2019-09-20 08:37:42,820 [Thread-525] WARN  http.HttpRequestLog (HttpRequestLog.java:getRequestLog(97)) - Jetty request log can only be enabled using Log4j
2019-09-20 08:37:42,822 [Thread-525] INFO  http.HttpServer2 (HttpServer2.java:addGlobalFilter(975)) - Added global filter 'safety' (class=org.apache.hadoop.http.HttpServer2$QuotingInputFilter)
2019-09-20 08:37:42,823 [Thread-525] INFO  http.HttpServer2 (HttpServer2.java:addFilter(948)) - Added filter static_user_filter (class=org.apache.hadoop.http.lib.StaticUserWebFilter$StaticUserFilter) to context ozoneManager
2019-09-20 08:37:42,824 [Thread-525] INFO  http.HttpServer2 (HttpServer2.java:addFilter(958)) - Added filter static_user_filter (class=org.apache.hadoop.http.lib.StaticUserWebFilter$StaticUserFilter) to context static
2019-09-20 08:37:42,824 [Thread-525] INFO  http.HttpServer2 (HttpServer2.java:addFilter(958)) - Added filter static_user_filter (class=org.apache.hadoop.http.lib.StaticUserWebFilter$StaticUserFilter) to context logs
2019-09-20 08:37:42,825 [Thread-525] INFO  http.HttpServer2 (HttpServer2.java:bindListener(1191)) - Jetty bound to port 36114
2019-09-20 08:37:42,825 [Thread-525] INFO  server.Server (Server.java:doStart(351)) - jetty-9.3.24.v20180605, build timestamp: 2018-06-05T17:11:56Z, git hash: 84205aa28f11a4f31f2a3b86d1bba2cc8ab69827
2019-09-20 08:37:42,827 [Thread-525] INFO  handler.ContextHandler (ContextHandler.java:doStart(781)) - Started o.e.j.s.ServletContextHandler@123a031f{/logs,file:///workdir/hadoop-ozone/ozonefs/target/log,AVAILABLE}
2019-09-20 08:37:42,828 [Thread-525] INFO  handler.ContextHandler (ContextHandler.java:doStart(781)) - Started o.e.j.s.ServletContextHandler@3f70c123{/static,jar:file:/home/user/.m2/repository/org/apache/hadoop/hadoop-ozone-ozone-manager/0.5.0-SNAPSHOT/hadoop-ozone-ozone-manager-0.5.0-SNAPSHOT.jar!/webapps/static,AVAILABLE}
2019-09-20 08:37:42,890 [Thread-525] INFO  handler.ContextHandler (ContextHandler.java:doStart(781)) - Started o.e.j.w.WebAppContext@40c4427f{/,file:///tmp/jetty-0.0.0.0-36114-ozoneManager-_-any-8501764231568032098.dir/webapp/,AVAILABLE}{/ozoneManager}
2019-09-20 08:37:42,891 [Thread-525] INFO  server.AbstractConnector (AbstractConnector.java:doStart(278)) - Started ServerConnector@6e09a6e{HTTP/1.1,[http/1.1]}{0.0.0.0:36114}
2019-09-20 08:37:42,892 [Thread-525] INFO  server.Server (Server.java:doStart(419)) - Started @44393ms
2019-09-20 08:37:42,892 [Thread-525] INFO  server.BaseHttpServer (BaseHttpServer.java:updateConnectorAddress(213)) - HTTP server of OZONEMANAGER is listening at http://0.0.0.0:36114
2019-09-20 08:37:42,906 [Thread-525] INFO  impl.MetricsSystemImpl (MetricsSystemImpl.java:init(158)) - HddsDatanode metrics system started (again)
2019-09-20 08:37:42,908 [Thread-525] INFO  ozone.HddsDatanodeService (HddsDatanodeService.java:start(184)) - HddsDatanodeService host:pr-hdds-1569-s8kj2-2266485376 ip:192.168.36.79
2019-09-20 08:37:42,917 [Thread-525] INFO  volume.HddsVolume (HddsVolume.java:<init>(176)) - Creating Volume: /workdir/hadoop-ozone/ozonefs/target/test-dir/MiniOzoneClusterImpl-855b8ead-b066-4f2a-ac82-4f38b96b29b6/datanode-0/data/containers/hdds of  storage type : DISK and capacity : 1482555576320
2019-09-20 08:37:42,918 [Thread-525] INFO  volume.VolumeSet (VolumeSet.java:initializeVolumeSet(170)) - Added Volume : /workdir/hadoop-ozone/ozonefs/target/test-dir/MiniOzoneClusterImpl-855b8ead-b066-4f2a-ac82-4f38b96b29b6/datanode-0/data/containers/hdds to VolumeSet
2019-09-20 08:37:42,919 [Thread-525] INFO  volume.ThrottledAsyncChecker (ThrottledAsyncChecker.java:schedule(140)) - Scheduling a check for org.apache.hadoop.ozone.container.common.volume.HddsVolume@68a915d0
2019-09-20 08:37:42,921 [Thread-525] INFO  volume.HddsVolumeChecker (HddsVolumeChecker.java:checkAllVolumes(203)) - Scheduled health check for volume org.apache.hadoop.ozone.container.common.volume.HddsVolume@68a915d0
2019-09-20 08:37:42,956 [Thread-525] INFO  impl.RaftServerProxy (ConfUtils.java:logGet(43)) - raft.rpc.type = GRPC (default)
2019-09-20 08:37:42,956 [Thread-525] INFO  grpc.GrpcFactory (GrpcFactory.java:checkPooledByteBufAllocatorUseCacheForAllThreads(45)) - PERFORMANCE WARNING: useCacheForAllThreads is true that may cause Netty to create a lot garbage objects and, as a result, trigger GC.
	It is recommended to disable useCacheForAllThreads by setting -Dorg.apache.ratis.thirdparty.io.netty.allocator.useCacheForAllThreads=false in command line.
2019-09-20 08:37:42,957 [Thread-525] INFO  grpc.GrpcConfigKeys$Server (ConfUtils.java:logGet(43)) - raft.grpc.server.port = 0 (default)
2019-09-20 08:37:42,958 [Thread-525] INFO  server.GrpcService (ConfUtils.java:logGet(43)) - raft.grpc.message.size.max = 33570816 (custom)
2019-09-20 08:37:42,958 [Thread-525] INFO  server.RaftServerConfigKeys (ConfUtils.java:logGet(43)) - raft.server.log.appender.buffer.byte-limit = 33554432 (custom)
2019-09-20 08:37:42,958 [Thread-525] INFO  server.GrpcService (ConfUtils.java:logGet(43)) - raft.grpc.flow.control.window = 1MB (=1048576) (default)
2019-09-20 08:37:42,959 [Thread-525] INFO  server.RaftServerConfigKeys (ConfUtils.java:logGet(43)) - raft.server.rpc.request.timeout = 3000ms (default)
2019-09-20 08:37:42,960 [Thread-525] INFO  server.RaftServerConfigKeys (ConfUtils.java:logGet(43)) - raft.server.storage.dir = [/workdir/hadoop-ozone/ozonefs/target/test-dir/MiniOzoneClusterImpl-855b8ead-b066-4f2a-ac82-4f38b96b29b6/datanode-0/data/ratis] (custom)
2019-09-20 08:37:42,960 [Thread-525] INFO  replication.SimpleContainerDownloader (SimpleContainerDownloader.java:<init>(72)) - Starting container downloader service to copy containers to replicate.
2019-09-20 08:37:42,963 [Thread-525] INFO  hdfs.DFSUtil (DFSUtil.java:httpServerTemplateForNNAndJN(1641)) - Starting Web-server for hddsDatanode at: http://0.0.0.0:0
2019-09-20 08:37:42,965 [Thread-525] INFO  server.AuthenticationFilter (AuthenticationFilter.java:constructSecretProvider(240)) - Unable to initialize FileSignerSecretProvider, falling back to use random secrets.
2019-09-20 08:37:42,965 [Thread-525] WARN  http.HttpRequestLog (HttpRequestLog.java:getRequestLog(97)) - Jetty request log can only be enabled using Log4j
2019-09-20 08:37:42,968 [Thread-525] INFO  http.HttpServer2 (HttpServer2.java:addGlobalFilter(975)) - Added global filter 'safety' (class=org.apache.hadoop.http.HttpServer2$QuotingInputFilter)
2019-09-20 08:37:42,969 [Thread-525] INFO  http.HttpServer2 (HttpServer2.java:addFilter(948)) - Added filter static_user_filter (class=org.apache.hadoop.http.lib.StaticUserWebFilter$StaticUserFilter) to context hddsDatanode
2019-09-20 08:37:42,969 [Thread-525] INFO  http.HttpServer2 (HttpServer2.java:addFilter(958)) - Added filter static_user_filter (class=org.apache.hadoop.http.lib.StaticUserWebFilter$StaticUserFilter) to context logs
2019-09-20 08:37:42,969 [Thread-525] INFO  http.HttpServer2 (HttpServer2.java:addFilter(958)) - Added filter static_user_filter (class=org.apache.hadoop.http.lib.StaticUserWebFilter$StaticUserFilter) to context static
2019-09-20 08:37:42,970 [Thread-525] INFO  http.HttpServer2 (HttpServer2.java:bindListener(1191)) - Jetty bound to port 37330
2019-09-20 08:37:42,970 [Thread-525] INFO  server.Server (Server.java:doStart(351)) - jetty-9.3.24.v20180605, build timestamp: 2018-06-05T17:11:56Z, git hash: 84205aa28f11a4f31f2a3b86d1bba2cc8ab69827
2019-09-20 08:37:42,973 [Thread-525] INFO  handler.ContextHandler (ContextHandler.java:doStart(781)) - Started o.e.j.s.ServletContextHandler@5e1c23e8{/logs,file:///workdir/hadoop-ozone/ozonefs/target/log,AVAILABLE}
2019-09-20 08:37:42,973 [Thread-525] INFO  handler.ContextHandler (ContextHandler.java:doStart(781)) - Started o.e.j.s.ServletContextHandler@5da030eb{/static,jar:file:/home/user/.m2/repository/org/apache/hadoop/hadoop-hdds-container-service/0.5.0-SNAPSHOT/hadoop-hdds-container-service-0.5.0-SNAPSHOT.jar!/webapps/static,AVAILABLE}
2019-09-20 08:37:43,011 [Thread-525] INFO  handler.ContextHandler (ContextHandler.java:doStart(781)) - Started o.e.j.w.WebAppContext@325d05ce{/,file:///tmp/jetty-0.0.0.0-37330-hddsDatanode-_-any-73880926872196732.dir/webapp/,AVAILABLE}{/hddsDatanode}
2019-09-20 08:37:43,011 [Thread-525] INFO  server.AbstractConnector (AbstractConnector.java:doStart(278)) - Started ServerConnector@141810a4{HTTP/1.1,[http/1.1]}{0.0.0.0:37330}
2019-09-20 08:37:43,012 [Thread-525] INFO  server.Server (Server.java:doStart(419)) - Started @44514ms
2019-09-20 08:37:43,013 [Thread-525] INFO  server.BaseHttpServer (BaseHttpServer.java:updateConnectorAddress(213)) - HTTP server of HDDSDATANODE is listening at http://0.0.0.0:37330
2019-09-20 08:37:43,154 | INFO  | ObjectStoreRestHttpServer | Listening HDDS REST traffic on /0.0.0.0:34699 |  
2019-09-20 08:37:43,155 [Thread-525] INFO  ozone.HddsDatanodeService (HddsDatanodeService.java:startPlugins(395)) - Started plug-in org.apache.hadoop.ozone.web.OzoneHddsDatanodeService@53e515c4
2019-09-20 08:37:43,155 [Thread-525] INFO  impl.MetricsSystemImpl (MetricsSystemImpl.java:init(158)) - HddsDatanode metrics system started (again)
2019-09-20 08:37:43,158 [Thread-525] INFO  ozone.HddsDatanodeService (HddsDatanodeService.java:start(184)) - HddsDatanodeService host:pr-hdds-1569-s8kj2-2266485376 ip:192.168.36.79
2019-09-20 08:37:43,158 [org.apache.hadoop.util.JvmPauseMonitor$Monitor@5b71c482] INFO  util.JvmPauseMonitor (JvmPauseMonitor.java:run(188)) - Starting JVM pause monitor
2019-09-20 08:37:43,161 [Datanode State Machine Thread - 0] INFO  datanode.InitDatanodeState (InitDatanodeState.java:persistContainerDatanodeDetails(140)) - DatanodeDetails is persisted to /workdir/hadoop-ozone/ozonefs/target/test-dir/MiniOzoneClusterImpl-855b8ead-b066-4f2a-ac82-4f38b96b29b6/datanode-0/meta/datanode.id
2019-09-20 08:37:43,165 [Thread-525] INFO  volume.HddsVolume (HddsVolume.java:<init>(176)) - Creating Volume: /workdir/hadoop-ozone/ozonefs/target/test-dir/MiniOzoneClusterImpl-855b8ead-b066-4f2a-ac82-4f38b96b29b6/datanode-1/data/containers/hdds of  storage type : DISK and capacity : 1482555576320
2019-09-20 08:37:43,165 [Thread-525] INFO  volume.VolumeSet (VolumeSet.java:initializeVolumeSet(170)) - Added Volume : /workdir/hadoop-ozone/ozonefs/target/test-dir/MiniOzoneClusterImpl-855b8ead-b066-4f2a-ac82-4f38b96b29b6/datanode-1/data/containers/hdds to VolumeSet
2019-09-20 08:37:43,165 [Thread-525] INFO  volume.ThrottledAsyncChecker (ThrottledAsyncChecker.java:schedule(140)) - Scheduling a check for org.apache.hadoop.ozone.container.common.volume.HddsVolume@61746775
2019-09-20 08:37:43,166 [Thread-525] INFO  volume.HddsVolumeChecker (HddsVolumeChecker.java:checkAllVolumes(203)) - Scheduled health check for volume org.apache.hadoop.ozone.container.common.volume.HddsVolume@61746775
2019-09-20 08:37:43,186 [Thread-525] INFO  impl.RaftServerProxy (ConfUtils.java:logGet(43)) - raft.rpc.type = GRPC (default)
2019-09-20 08:37:43,186 [Thread-525] INFO  grpc.GrpcFactory (GrpcFactory.java:checkPooledByteBufAllocatorUseCacheForAllThreads(45)) - PERFORMANCE WARNING: useCacheForAllThreads is true that may cause Netty to create a lot garbage objects and, as a result, trigger GC.
	It is recommended to disable useCacheForAllThreads by setting -Dorg.apache.ratis.thirdparty.io.netty.allocator.useCacheForAllThreads=false in command line.
2019-09-20 08:37:43,187 [Thread-525] INFO  grpc.GrpcConfigKeys$Server (ConfUtils.java:logGet(43)) - raft.grpc.server.port = 0 (default)
2019-09-20 08:37:43,187 [Thread-525] INFO  server.GrpcService (ConfUtils.java:logGet(43)) - raft.grpc.message.size.max = 33570816 (custom)
2019-09-20 08:37:43,187 [Thread-525] INFO  server.RaftServerConfigKeys (ConfUtils.java:logGet(43)) - raft.server.log.appender.buffer.byte-limit = 33554432 (custom)
2019-09-20 08:37:43,187 [Thread-525] INFO  server.GrpcService (ConfUtils.java:logGet(43)) - raft.grpc.flow.control.window = 1MB (=1048576) (default)
2019-09-20 08:37:43,188 [Thread-525] INFO  server.RaftServerConfigKeys (ConfUtils.java:logGet(43)) - raft.server.rpc.request.timeout = 3000ms (default)
2019-09-20 08:37:43,188 [Thread-525] INFO  server.RaftServerConfigKeys (ConfUtils.java:logGet(43)) - raft.server.storage.dir = [/workdir/hadoop-ozone/ozonefs/target/test-dir/MiniOzoneClusterImpl-855b8ead-b066-4f2a-ac82-4f38b96b29b6/datanode-1/data/ratis] (custom)
2019-09-20 08:37:43,189 [Thread-525] INFO  replication.SimpleContainerDownloader (SimpleContainerDownloader.java:<init>(72)) - Starting container downloader service to copy containers to replicate.
2019-09-20 08:37:43,190 [Thread-525] INFO  hdfs.DFSUtil (DFSUtil.java:httpServerTemplateForNNAndJN(1641)) - Starting Web-server for hddsDatanode at: http://0.0.0.0:0
2019-09-20 08:37:43,192 [Thread-525] INFO  server.AuthenticationFilter (AuthenticationFilter.java:constructSecretProvider(240)) - Unable to initialize FileSignerSecretProvider, falling back to use random secrets.
2019-09-20 08:37:43,192 [Thread-525] WARN  http.HttpRequestLog (HttpRequestLog.java:getRequestLog(97)) - Jetty request log can only be enabled using Log4j
2019-09-20 08:37:43,193 [Thread-525] INFO  http.HttpServer2 (HttpServer2.java:addGlobalFilter(975)) - Added global filter 'safety' (class=org.apache.hadoop.http.HttpServer2$QuotingInputFilter)
2019-09-20 08:37:43,194 [Thread-525] INFO  http.HttpServer2 (HttpServer2.java:addFilter(948)) - Added filter static_user_filter (class=org.apache.hadoop.http.lib.StaticUserWebFilter$StaticUserFilter) to context hddsDatanode
2019-09-20 08:37:43,194 [Thread-525] INFO  http.HttpServer2 (HttpServer2.java:addFilter(958)) - Added filter static_user_filter (class=org.apache.hadoop.http.lib.StaticUserWebFilter$StaticUserFilter) to context static
2019-09-20 08:37:43,194 [Thread-525] INFO  http.HttpServer2 (HttpServer2.java:addFilter(958)) - Added filter static_user_filter (class=org.apache.hadoop.http.lib.StaticUserWebFilter$StaticUserFilter) to context logs
2019-09-20 08:37:43,195 [Thread-525] INFO  http.HttpServer2 (HttpServer2.java:bindListener(1191)) - Jetty bound to port 35053
2019-09-20 08:37:43,195 [Thread-525] INFO  server.Server (Server.java:doStart(351)) - jetty-9.3.24.v20180605, build timestamp: 2018-06-05T17:11:56Z, git hash: 84205aa28f11a4f31f2a3b86d1bba2cc8ab69827
2019-09-20 08:37:43,196 [Thread-525] INFO  handler.ContextHandler (ContextHandler.java:doStart(781)) - Started o.e.j.s.ServletContextHandler@327eebf1{/logs,file:///workdir/hadoop-ozone/ozonefs/target/log,AVAILABLE}
2019-09-20 08:37:43,197 [Thread-525] INFO  handler.ContextHandler (ContextHandler.java:doStart(781)) - Started o.e.j.s.ServletContextHandler@3afcf591{/static,jar:file:/home/user/.m2/repository/org/apache/hadoop/hadoop-hdds-container-service/0.5.0-SNAPSHOT/hadoop-hdds-container-service-0.5.0-SNAPSHOT.jar!/webapps/static,AVAILABLE}
2019-09-20 08:37:43,223 [Thread-525] INFO  handler.ContextHandler (ContextHandler.java:doStart(781)) - Started o.e.j.w.WebAppContext@1498b46f{/,file:///tmp/jetty-0.0.0.0-35053-hddsDatanode-_-any-4554689123395668081.dir/webapp/,AVAILABLE}{/hddsDatanode}
2019-09-20 08:37:43,223 [Thread-525] INFO  server.AbstractConnector (AbstractConnector.java:doStart(278)) - Started ServerConnector@d63a18b{HTTP/1.1,[http/1.1]}{0.0.0.0:35053}
2019-09-20 08:37:43,224 [Thread-525] INFO  server.Server (Server.java:doStart(419)) - Started @44726ms
2019-09-20 08:37:43,225 [Thread-525] INFO  server.BaseHttpServer (BaseHttpServer.java:updateConnectorAddress(213)) - HTTP server of HDDSDATANODE is listening at http://0.0.0.0:35053
2019-09-20 08:37:43,378 | INFO  | ObjectStoreRestHttpServer | Listening HDDS REST traffic on /0.0.0.0:43669 |  
2019-09-20 08:37:43,378 [Thread-525] INFO  ozone.HddsDatanodeService (HddsDatanodeService.java:startPlugins(395)) - Started plug-in org.apache.hadoop.ozone.web.OzoneHddsDatanodeService@462ee71a
2019-09-20 08:37:43,378 [Thread-525] INFO  impl.MetricsSystemImpl (MetricsSystemImpl.java:init(158)) - HddsDatanode metrics system started (again)
2019-09-20 08:37:43,383 [Thread-525] INFO  ozone.HddsDatanodeService (HddsDatanodeService.java:start(184)) - HddsDatanodeService host:pr-hdds-1569-s8kj2-2266485376 ip:192.168.36.79
2019-09-20 08:37:43,383 [org.apache.hadoop.util.JvmPauseMonitor$Monitor@673b450] INFO  util.JvmPauseMonitor (JvmPauseMonitor.java:run(188)) - Starting JVM pause monitor
2019-09-20 08:37:43,385 [Datanode State Machine Thread - 0] INFO  datanode.InitDatanodeState (InitDatanodeState.java:persistContainerDatanodeDetails(140)) - DatanodeDetails is persisted to /workdir/hadoop-ozone/ozonefs/target/test-dir/MiniOzoneClusterImpl-855b8ead-b066-4f2a-ac82-4f38b96b29b6/datanode-1/meta/datanode.id
2019-09-20 08:37:43,390 [Thread-525] INFO  volume.HddsVolume (HddsVolume.java:<init>(176)) - Creating Volume: /workdir/hadoop-ozone/ozonefs/target/test-dir/MiniOzoneClusterImpl-855b8ead-b066-4f2a-ac82-4f38b96b29b6/datanode-2/data/containers/hdds of  storage type : DISK and capacity : 1482555576320
2019-09-20 08:37:43,390 [Thread-525] INFO  volume.VolumeSet (VolumeSet.java:initializeVolumeSet(170)) - Added Volume : /workdir/hadoop-ozone/ozonefs/target/test-dir/MiniOzoneClusterImpl-855b8ead-b066-4f2a-ac82-4f38b96b29b6/datanode-2/data/containers/hdds to VolumeSet
2019-09-20 08:37:43,390 [Thread-525] INFO  volume.ThrottledAsyncChecker (ThrottledAsyncChecker.java:schedule(140)) - Scheduling a check for org.apache.hadoop.ozone.container.common.volume.HddsVolume@150bb2e7
2019-09-20 08:37:43,391 [Thread-525] INFO  volume.HddsVolumeChecker (HddsVolumeChecker.java:checkAllVolumes(203)) - Scheduled health check for volume org.apache.hadoop.ozone.container.common.volume.HddsVolume@150bb2e7
2019-09-20 08:37:43,417 [Thread-525] INFO  impl.RaftServerProxy (ConfUtils.java:logGet(43)) - raft.rpc.type = GRPC (default)
2019-09-20 08:37:43,418 [Thread-525] INFO  grpc.GrpcFactory (GrpcFactory.java:checkPooledByteBufAllocatorUseCacheForAllThreads(45)) - PERFORMANCE WARNING: useCacheForAllThreads is true that may cause Netty to create a lot garbage objects and, as a result, trigger GC.
	It is recommended to disable useCacheForAllThreads by setting -Dorg.apache.ratis.thirdparty.io.netty.allocator.useCacheForAllThreads=false in command line.
2019-09-20 08:37:43,418 [Thread-525] INFO  grpc.GrpcConfigKeys$Server (ConfUtils.java:logGet(43)) - raft.grpc.server.port = 0 (default)
2019-09-20 08:37:43,418 [Thread-525] INFO  server.GrpcService (ConfUtils.java:logGet(43)) - raft.grpc.message.size.max = 33570816 (custom)
2019-09-20 08:37:43,418 [Thread-525] INFO  server.RaftServerConfigKeys (ConfUtils.java:logGet(43)) - raft.server.log.appender.buffer.byte-limit = 33554432 (custom)
2019-09-20 08:37:43,418 [Thread-525] INFO  server.GrpcService (ConfUtils.java:logGet(43)) - raft.grpc.flow.control.window = 1MB (=1048576) (default)
2019-09-20 08:37:43,419 [Thread-525] INFO  server.RaftServerConfigKeys (ConfUtils.java:logGet(43)) - raft.server.rpc.request.timeout = 3000ms (default)
2019-09-20 08:37:43,419 [Thread-525] INFO  server.RaftServerConfigKeys (ConfUtils.java:logGet(43)) - raft.server.storage.dir = [/workdir/hadoop-ozone/ozonefs/target/test-dir/MiniOzoneClusterImpl-855b8ead-b066-4f2a-ac82-4f38b96b29b6/datanode-2/data/ratis] (custom)
2019-09-20 08:37:43,420 [Thread-525] INFO  replication.SimpleContainerDownloader (SimpleContainerDownloader.java:<init>(72)) - Starting container downloader service to copy containers to replicate.
2019-09-20 08:37:43,421 [Thread-525] INFO  hdfs.DFSUtil (DFSUtil.java:httpServerTemplateForNNAndJN(1641)) - Starting Web-server for hddsDatanode at: http://0.0.0.0:0
2019-09-20 08:37:43,424 [Thread-525] INFO  server.AuthenticationFilter (AuthenticationFilter.java:constructSecretProvider(240)) - Unable to initialize FileSignerSecretProvider, falling back to use random secrets.
2019-09-20 08:37:43,425 [Thread-525] WARN  http.HttpRequestLog (HttpRequestLog.java:getRequestLog(97)) - Jetty request log can only be enabled using Log4j
2019-09-20 08:37:43,427 [Thread-525] INFO  http.HttpServer2 (HttpServer2.java:addGlobalFilter(975)) - Added global filter 'safety' (class=org.apache.hadoop.http.HttpServer2$QuotingInputFilter)
2019-09-20 08:37:43,428 [Thread-525] INFO  http.HttpServer2 (HttpServer2.java:addFilter(948)) - Added filter static_user_filter (class=org.apache.hadoop.http.lib.StaticUserWebFilter$StaticUserFilter) to context hddsDatanode
2019-09-20 08:37:43,428 [Thread-525] INFO  http.HttpServer2 (HttpServer2.java:addFilter(958)) - Added filter static_user_filter (class=org.apache.hadoop.http.lib.StaticUserWebFilter$StaticUserFilter) to context logs
2019-09-20 08:37:43,429 [Thread-525] INFO  http.HttpServer2 (HttpServer2.java:addFilter(958)) - Added filter static_user_filter (class=org.apache.hadoop.http.lib.StaticUserWebFilter$StaticUserFilter) to context static
2019-09-20 08:37:43,430 [Thread-525] INFO  http.HttpServer2 (HttpServer2.java:bindListener(1191)) - Jetty bound to port 44546
2019-09-20 08:37:43,430 [Thread-525] INFO  server.Server (Server.java:doStart(351)) - jetty-9.3.24.v20180605, build timestamp: 2018-06-05T17:11:56Z, git hash: 84205aa28f11a4f31f2a3b86d1bba2cc8ab69827
2019-09-20 08:37:43,432 [Thread-525] INFO  handler.ContextHandler (ContextHandler.java:doStart(781)) - Started o.e.j.s.ServletContextHandler@797aaa7d{/logs,file:///workdir/hadoop-ozone/ozonefs/target/log,AVAILABLE}
2019-09-20 08:37:43,433 [Thread-525] INFO  handler.ContextHandler (ContextHandler.java:doStart(781)) - Started o.e.j.s.ServletContextHandler@457e1ce0{/static,jar:file:/home/user/.m2/repository/org/apache/hadoop/hadoop-hdds-container-service/0.5.0-SNAPSHOT/hadoop-hdds-container-service-0.5.0-SNAPSHOT.jar!/webapps/static,AVAILABLE}
2019-09-20 08:37:43,478 [Thread-525] INFO  handler.ContextHandler (ContextHandler.java:doStart(781)) - Started o.e.j.w.WebAppContext@37686d71{/,file:///tmp/jetty-0.0.0.0-44546-hddsDatanode-_-any-2223651689205541632.dir/webapp/,AVAILABLE}{/hddsDatanode}
2019-09-20 08:37:43,479 [Thread-525] INFO  server.AbstractConnector (AbstractConnector.java:doStart(278)) - Started ServerConnector@687cca95{HTTP/1.1,[http/1.1]}{0.0.0.0:44546}
2019-09-20 08:37:43,481 [Thread-525] INFO  server.Server (Server.java:doStart(419)) - Started @44982ms
2019-09-20 08:37:43,482 [Thread-525] INFO  server.BaseHttpServer (BaseHttpServer.java:updateConnectorAddress(213)) - HTTP server of HDDSDATANODE is listening at http://0.0.0.0:44546
2019-09-20 08:37:43,627 | INFO  | ObjectStoreRestHttpServer | Listening HDDS REST traffic on /0.0.0.0:37713 |  
2019-09-20 08:37:43,627 [Thread-525] INFO  ozone.HddsDatanodeService (HddsDatanodeService.java:startPlugins(395)) - Started plug-in org.apache.hadoop.ozone.web.OzoneHddsDatanodeService@236dc97b
2019-09-20 08:37:43,628 [Thread-525] INFO  ozone.MiniOzoneClusterImpl (MiniOzoneClusterImpl.java:lambda$waitForClusterToBeReady$0(142)) - Waiting for cluster to be ready. Got 0 of 3 DN Heartbeats.
2019-09-20 08:37:43,629 [org.apache.hadoop.util.JvmPauseMonitor$Monitor@2a6427d8] INFO  util.JvmPauseMonitor (JvmPauseMonitor.java:run(188)) - Starting JVM pause monitor
2019-09-20 08:37:43,632 [Datanode State Machine Thread - 0] INFO  datanode.InitDatanodeState (InitDatanodeState.java:persistContainerDatanodeDetails(140)) - DatanodeDetails is persisted to /workdir/hadoop-ozone/ozonefs/target/test-dir/MiniOzoneClusterImpl-855b8ead-b066-4f2a-ac82-4f38b96b29b6/datanode-2/meta/datanode.id
2019-09-20 08:37:44,628 [Thread-525] INFO  ozone.MiniOzoneClusterImpl (MiniOzoneClusterImpl.java:lambda$waitForClusterToBeReady$0(142)) - Waiting for cluster to be ready. Got 0 of 3 DN Heartbeats.
2019-09-20 08:37:45,164 | INFO  | SCMAudit | user=jenkins1000 | ip=192.168.36.79 | op=GET_VERSION null | ret=SUCCESS |  
2019-09-20 08:37:45,207 [Datanode State Machine Thread - 0] INFO  ozoneimpl.OzoneContainer (OzoneContainer.java:start(186)) - Attempting to start container services.
2019-09-20 08:37:45,207 [Datanode State Machine Thread - 0] INFO  ozoneimpl.OzoneContainer (OzoneContainer.java:startContainerScrub(160)) - Background container scrubber has been disabled by hdds.containerscrub.enabled
2019-09-20 08:37:45,207 [Datanode State Machine Thread - 0] INFO  ratis.XceiverServerRatis (XceiverServerRatis.java:start(404)) - Starting XceiverServerRatis f0549359-73a8-43a9-8479-5d696f050b37 at port 0
2019-09-20 08:37:45,215 [Datanode State Machine Thread - 0] INFO  impl.RaftServerProxy (RaftServerProxy.java:lambda$start$3(299)) - f0549359-73a8-43a9-8479-5d696f050b37: start RPC server
2019-09-20 08:37:45,218 [Datanode State Machine Thread - 0] INFO  server.GrpcService (GrpcService.java:startImpl(149)) - f0549359-73a8-43a9-8479-5d696f050b37: GrpcService started, listening on 0.0.0.0/0.0.0.0:43263
2019-09-20 08:37:45,218 [Datanode State Machine Thread - 0] INFO  ratis.XceiverServerRatis (XceiverServerRatis.java:start(414)) - XceiverServerRatis f0549359-73a8-43a9-8479-5d696f050b37 is started using port 43263
2019-09-20 08:37:45,219 [Datanode State Machine Thread - 0] INFO  server.XceiverServerGrpc (XceiverServerGrpc.java:start(163)) - XceiverServerGrpc f0549359-73a8-43a9-8479-5d696f050b37 is started using port 41383
2019-09-20 08:37:45,384 | INFO  | SCMAudit | user=jenkins1000 | ip=192.168.36.79 | op=GET_VERSION null | ret=SUCCESS |  
2019-09-20 08:37:45,414 [Datanode State Machine Thread - 0] INFO  ozoneimpl.OzoneContainer (OzoneContainer.java:start(186)) - Attempting to start container services.
2019-09-20 08:37:45,414 [Datanode State Machine Thread - 0] INFO  ozoneimpl.OzoneContainer (OzoneContainer.java:startContainerScrub(160)) - Background container scrubber has been disabled by hdds.containerscrub.enabled
2019-09-20 08:37:45,414 [Datanode State Machine Thread - 0] INFO  ratis.XceiverServerRatis (XceiverServerRatis.java:start(404)) - Starting XceiverServerRatis b889c58e-4fe0-4be9-9092-901247a80a4f at port 0
2019-09-20 08:37:45,422 [Datanode State Machine Thread - 0] INFO  impl.RaftServerProxy (RaftServerProxy.java:lambda$start$3(299)) - b889c58e-4fe0-4be9-9092-901247a80a4f: start RPC server
2019-09-20 08:37:45,428 [Datanode State Machine Thread - 0] INFO  server.GrpcService (GrpcService.java:startImpl(149)) - b889c58e-4fe0-4be9-9092-901247a80a4f: GrpcService started, listening on 0.0.0.0/0.0.0.0:44889
2019-09-20 08:37:45,428 [Datanode State Machine Thread - 0] INFO  ratis.XceiverServerRatis (XceiverServerRatis.java:start(414)) - XceiverServerRatis b889c58e-4fe0-4be9-9092-901247a80a4f is started using port 44889
2019-09-20 08:37:45,429 [Datanode State Machine Thread - 0] INFO  server.XceiverServerGrpc (XceiverServerGrpc.java:start(163)) - XceiverServerGrpc b889c58e-4fe0-4be9-9092-901247a80a4f is started using port 35008
2019-09-20 08:37:45,628 [Thread-525] INFO  ozone.MiniOzoneClusterImpl (MiniOzoneClusterImpl.java:lambda$waitForClusterToBeReady$0(142)) - Waiting for cluster to be ready. Got 0 of 3 DN Heartbeats.
2019-09-20 08:37:45,631 | INFO  | SCMAudit | user=jenkins1000 | ip=192.168.36.79 | op=GET_VERSION null | ret=SUCCESS |  
2019-09-20 08:37:45,657 [Datanode State Machine Thread - 0] INFO  ozoneimpl.OzoneContainer (OzoneContainer.java:start(186)) - Attempting to start container services.
2019-09-20 08:37:45,658 [Datanode State Machine Thread - 0] INFO  ozoneimpl.OzoneContainer (OzoneContainer.java:startContainerScrub(160)) - Background container scrubber has been disabled by hdds.containerscrub.enabled
2019-09-20 08:37:45,658 [Datanode State Machine Thread - 0] INFO  ratis.XceiverServerRatis (XceiverServerRatis.java:start(404)) - Starting XceiverServerRatis 9a6a84d6-ff22-4367-bab8-0f0e0dfb03ca at port 0
2019-09-20 08:37:45,665 [Datanode State Machine Thread - 0] INFO  impl.RaftServerProxy (RaftServerProxy.java:lambda$start$3(299)) - 9a6a84d6-ff22-4367-bab8-0f0e0dfb03ca: start RPC server
2019-09-20 08:37:45,668 [Datanode State Machine Thread - 0] INFO  server.GrpcService (GrpcService.java:startImpl(149)) - 9a6a84d6-ff22-4367-bab8-0f0e0dfb03ca: GrpcService started, listening on 0.0.0.0/0.0.0.0:39089
2019-09-20 08:37:45,668 [Datanode State Machine Thread - 0] INFO  ratis.XceiverServerRatis (XceiverServerRatis.java:start(414)) - XceiverServerRatis 9a6a84d6-ff22-4367-bab8-0f0e0dfb03ca is started using port 39089
2019-09-20 08:37:45,669 [Datanode State Machine Thread - 0] INFO  server.XceiverServerGrpc (XceiverServerGrpc.java:start(163)) - XceiverServerGrpc 9a6a84d6-ff22-4367-bab8-0f0e0dfb03ca is started using port 38421
2019-09-20 08:37:46,629 [Thread-525] INFO  ozone.MiniOzoneClusterImpl (MiniOzoneClusterImpl.java:lambda$waitForClusterToBeReady$0(142)) - Waiting for cluster to be ready. Got 0 of 3 DN Heartbeats.
2019-09-20 08:37:47,164 [IPC Server handler 0 on 33412] INFO  net.NetworkTopology (NetworkTopologyImpl.java:add(110)) - Added a new node: /default-rack/f0549359-73a8-43a9-8479-5d696f050b37
2019-09-20 08:37:47,166 [IPC Server handler 0 on 33412] INFO  node.SCMNodeManager (SCMNodeManager.java:register(273)) - Registered Data node : f0549359-73a8-43a9-8479-5d696f050b37{ip: 192.168.36.79, host: pr-hdds-1569-s8kj2-2266485376, networkLocation: /default-rack, certSerialId: null}
2019-09-20 08:37:47,167 [EventQueue-NodeRegistrationContainerReportForDataNodeSafeModeRule] INFO  safemode.SCMSafeModeManager (DataNodeSafeModeRule.java:process(71)) - SCM in safe mode. 1 DataNodes registered, 1 required.
2019-09-20 08:37:47,169 [EventQueue-NodeRegistrationContainerReportForDataNodeSafeModeRule] INFO  safemode.SCMSafeModeManager (SCMSafeModeManager.java:validateSafeModeExitRules(177)) - ScmSafeModeManager, all rules are successfully validated
2019-09-20 08:37:47,167 | INFO  | SCMAudit | user=jenkins1000 | ip=192.168.36.79 | op=REGISTER {datanodeDetails=f0549359-73a8-43a9-8479-5d696f050b37{ip: 192.168.36.79, host: pr-hdds-1569-s8kj2-2266485376, networkLocation: /default-rack, certSerialId: null}} | ret=SUCCESS |  
2019-09-20 08:37:47,169 [EventQueue-NodeRegistrationContainerReportForDataNodeSafeModeRule] INFO  safemode.SCMSafeModeManager (SCMSafeModeManager.java:exitSafeMode(193)) - SCM exiting safe mode.
2019-09-20 08:37:47,191 [grpc-default-executor-0] INFO  impl.RaftServerProxy (RaftServerProxy.java:addNew(89)) - f0549359-73a8-43a9-8479-5d696f050b37: addNew group-8E0D6B7094F7:[f0549359-73a8-43a9-8479-5d696f050b37:192.168.36.79:43263] returns group-8E0D6B7094F7:java.util.concurrent.CompletableFuture@38e67704[Not completed]
2019-09-20 08:37:47,193 [pool-133-thread-1] INFO  impl.RaftServerImpl (RaftServerImpl.java:<init>(93)) - f0549359-73a8-43a9-8479-5d696f050b37: new RaftServerImpl for group-8E0D6B7094F7:[f0549359-73a8-43a9-8479-5d696f050b37:192.168.36.79:43263] with ContainerStateMachine:uninitialized
2019-09-20 08:37:47,193 [pool-133-thread-1] INFO  server.RaftServerConfigKeys (ConfUtils.java:logGet(43)) - raft.server.rpc.timeout.min = 5s (custom)
2019-09-20 08:37:47,193 [pool-133-thread-1] INFO  server.RaftServerConfigKeys (ConfUtils.java:logGet(43)) - raft.server.rpc.timeout.max = 5200ms (custom)
2019-09-20 08:37:47,193 [pool-133-thread-1] INFO  server.RaftServerConfigKeys (ConfUtils.java:logGet(43)) - raft.server.rpcslowness.timeout = 120s (custom)
2019-09-20 08:37:47,194 [pool-133-thread-1] INFO  server.RaftServerConfigKeys (ConfUtils.java:logGet(43)) - raft.server.sleep.deviation.threshold = 300 (default)
2019-09-20 08:37:47,194 [pool-133-thread-1] INFO  server.RaftServerConfigKeys (ConfUtils.java:logGet(43)) - raft.server.log.appender.install.snapshot.enabled = false (custom)
2019-09-20 08:37:47,194 [pool-133-thread-1] INFO  impl.RaftServerImpl (ServerState.java:<init>(105)) - f0549359-73a8-43a9-8479-5d696f050b37:group-8E0D6B7094F7 ConfigurationManager, init=-1: [f0549359-73a8-43a9-8479-5d696f050b37:192.168.36.79:43263], old=null, confs=<EMPTY_MAP>
2019-09-20 08:37:47,194 [pool-133-thread-1] INFO  server.RaftServerConfigKeys (ConfUtils.java:logGet(43)) - raft.server.storage.dir = [/workdir/hadoop-ozone/ozonefs/target/test-dir/MiniOzoneClusterImpl-855b8ead-b066-4f2a-ac82-4f38b96b29b6/datanode-0/data/ratis] (custom)
2019-09-20 08:37:47,195 [pool-133-thread-1] INFO  storage.RaftStorageDirectory (RaftStorageDirectory.java:analyzeStorage(246)) - The storage directory /workdir/hadoop-ozone/ozonefs/target/test-dir/MiniOzoneClusterImpl-855b8ead-b066-4f2a-ac82-4f38b96b29b6/datanode-0/data/ratis/f17dee65-1f46-426f-aa87-8e0d6b7094f7 does not exist. Creating ...
2019-09-20 08:37:47,217 [pool-133-thread-1] INFO  storage.RaftStorageDirectory (RaftStorageDirectory.java:tryLock(328)) - Lock on /workdir/hadoop-ozone/ozonefs/target/test-dir/MiniOzoneClusterImpl-855b8ead-b066-4f2a-ac82-4f38b96b29b6/datanode-0/data/ratis/f17dee65-1f46-426f-aa87-8e0d6b7094f7/in_use.lock acquired by nodename 25669@pr-hdds-1569-s8kj2-2266485376
2019-09-20 08:37:47,243 [pool-133-thread-1] INFO  storage.RaftStorage (RaftStorage.java:format(72)) - Storage directory /workdir/hadoop-ozone/ozonefs/target/test-dir/MiniOzoneClusterImpl-855b8ead-b066-4f2a-ac82-4f38b96b29b6/datanode-0/data/ratis/f17dee65-1f46-426f-aa87-8e0d6b7094f7 has been successfully formatted.
2019-09-20 08:37:47,243 [pool-133-thread-1] INFO  ratis.ContainerStateMachine (ContainerStateMachine.java:loadSnapshot(226)) - group-8E0D6B7094F7: The snapshot info is null. Setting the last applied indexto:(t:0, i:~)
2019-09-20 08:37:47,243 [pool-133-thread-1] INFO  server.RaftServerConfigKeys (ConfUtils.java:logGet(43)) - raft.server.leader.election.timeout = 120s (custom)
2019-09-20 08:37:47,243 [pool-133-thread-1] INFO  server.RaftServerConfigKeys (ConfUtils.java:logGet(43)) - raft.server.log.use.memory = false (default)
2019-09-20 08:37:47,244 [pool-133-thread-1] INFO  server.RaftServerConfigKeys (ConfUtils.java:logGet(43)) - raft.server.log.purge.gap = 1000000 (custom)
2019-09-20 08:37:47,244 [pool-133-thread-1] INFO  server.RaftServerConfigKeys (ConfUtils.java:logGet(43)) - raft.server.log.appender.buffer.byte-limit = 33554432 (custom)
2019-09-20 08:37:47,244 [pool-133-thread-1] INFO  server.RaftServerConfigKeys (ConfUtils.java:logGet(43)) - raft.server.log.segment.size.max = 1048576 (custom)
2019-09-20 08:37:47,244 [pool-133-thread-1] INFO  server.RaftServerConfigKeys (ConfUtils.java:logGet(43)) - raft.server.log.segment.cache.num.max = 2 (custom)
2019-09-20 08:37:47,244 [pool-133-thread-1] INFO  segmented.SegmentedRaftLogWorker (SegmentedRaftLogWorker.java:<init>(172)) - new f0549359-73a8-43a9-8479-5d696f050b37-SegmentedRaftLogWorker:Storage Directory /workdir/hadoop-ozone/ozonefs/target/test-dir/MiniOzoneClusterImpl-855b8ead-b066-4f2a-ac82-4f38b96b29b6/datanode-0/data/ratis/f17dee65-1f46-426f-aa87-8e0d6b7094f7 for RaftStorage:Storage Directory /workdir/hadoop-ozone/ozonefs/target/test-dir/MiniOzoneClusterImpl-855b8ead-b066-4f2a-ac82-4f38b96b29b6/datanode-0/data/ratis/f17dee65-1f46-426f-aa87-8e0d6b7094f7
2019-09-20 08:37:47,245 [pool-133-thread-1] INFO  server.RaftServerConfigKeys (ConfUtils.java:logGet(43)) - raft.server.log.queue.byte-limit = 2147483647 (custom)
2019-09-20 08:37:47,245 [pool-133-thread-1] INFO  server.RaftServerConfigKeys (ConfUtils.java:logGet(43)) - raft.server.log.queue.element-limit = 1024 (custom)
2019-09-20 08:37:47,245 [pool-133-thread-1] INFO  server.RaftServerConfigKeys (ConfUtils.java:logGet(43)) - raft.server.log.segment.size.max = 1048576 (custom)
2019-09-20 08:37:47,245 [pool-133-thread-1] INFO  server.RaftServerConfigKeys (ConfUtils.java:logGet(43)) - raft.server.log.preallocated.size = 16384 (custom)
2019-09-20 08:37:47,245 [pool-133-thread-1] INFO  server.RaftServerConfigKeys (ConfUtils.java:logGet(43)) - raft.server.log.write.buffer.size = 33554432 (custom)
2019-09-20 08:37:47,245 [pool-133-thread-1] INFO  server.RaftServerConfigKeys (ConfUtils.java:logGet(43)) - raft.server.log.force.sync.num = 128 (default)
2019-09-20 08:37:47,246 [pool-133-thread-1] INFO  server.RaftServerConfigKeys (ConfUtils.java:logGet(43)) - raft.server.log.statemachine.data.sync = true (default)
2019-09-20 08:37:47,246 [pool-133-thread-1] INFO  server.RaftServerConfigKeys (ConfUtils.java:logGet(43)) - raft.server.log.statemachine.data.sync.timeout = 10s (default)
2019-09-20 08:37:47,246 [pool-133-thread-1] INFO  server.RaftServerConfigKeys (ConfUtils.java:logGet(43)) - raft.server.log.statemachine.data.sync.timeout.retry = -1 (default)
2019-09-20 08:37:47,246 [pool-133-thread-1] INFO  server.RaftServerConfigKeys (ConfUtils.java:logGet(43)) - raft.server.log.statemachine.data.caching.enabled = true (custom)
2019-09-20 08:37:47,247 [pool-133-thread-1] INFO  segmented.SegmentedRaftLogWorker (SegmentedRaftLogWorker.java:lambda$new$0(132)) - f0549359-73a8-43a9-8479-5d696f050b37-SegmentedRaftLogWorker:Storage Directory /workdir/hadoop-ozone/ozonefs/target/test-dir/MiniOzoneClusterImpl-855b8ead-b066-4f2a-ac82-4f38b96b29b6/datanode-0/data/ratis/f17dee65-1f46-426f-aa87-8e0d6b7094f7: flushIndex: setUnconditionally 0 -> -1
2019-09-20 08:37:47,247 [pool-133-thread-1] INFO  server.RaftServerConfigKeys (ConfUtils.java:logGet(43)) - raft.server.snapshot.auto.trigger.enabled = true (custom)
2019-09-20 08:37:47,247 [pool-133-thread-1] INFO  server.RaftServerConfigKeys (ConfUtils.java:logGet(43)) - raft.server.snapshot.auto.trigger.threshold = 10000 (custom)
2019-09-20 08:37:47,247 [pool-133-thread-1] INFO  server.RaftServerConfigKeys (ConfUtils.java:logGet(43)) - raft.server.retrycache.expirytime = 600000ms (custom)
2019-09-20 08:37:47,248 [pool-133-thread-1] INFO  impl.RaftServerImpl (RaftServerImpl.java:start(180)) - f0549359-73a8-43a9-8479-5d696f050b37: start group-8E0D6B7094F7
2019-09-20 08:37:47,248 [pool-133-thread-1] INFO  impl.RaftServerImpl (RaftServerImpl.java:setRole(171)) - f0549359-73a8-43a9-8479-5d696f050b37:group-8E0D6B7094F7 changes role from null to FOLLOWER at term 0 for startAsFollower
2019-09-20 08:37:47,248 [pool-133-thread-1] INFO  impl.RoleInfo (RoleInfo.java:updateAndGet(143)) - f0549359-73a8-43a9-8479-5d696f050b37: start FollowerState
2019-09-20 08:37:47,249 [pool-133-thread-1] INFO  util.JmxRegister (JmxRegister.java:tryRegister(44)) - Successfully registered JMX Bean with object name Ratis:service=RaftServer,group=group-8E0D6B7094F7,id=f0549359-73a8-43a9-8479-5d696f050b37
2019-09-20 08:37:47,255 [RatisPipelineUtilsThread] INFO  pipeline.PipelineStateManager (PipelineStateManager.java:addPipeline(56)) - Created pipeline Pipeline[ Id: f17dee65-1f46-426f-aa87-8e0d6b7094f7, Nodes: f0549359-73a8-43a9-8479-5d696f050b37{ip: 192.168.36.79, host: pr-hdds-1569-s8kj2-2266485376, networkLocation: /default-rack, certSerialId: null}, Type:RATIS, Factor:ONE, State:OPEN]
2019-09-20 08:37:47,265 [grpc-default-executor-1] INFO  impl.RaftServerProxy (RaftServerProxy.java:addNew(89)) - f0549359-73a8-43a9-8479-5d696f050b37: addNew group-1D25BBD3F93A:[f0549359-73a8-43a9-8479-5d696f050b37:192.168.36.79:43263] returns group-1D25BBD3F93A:java.util.concurrent.CompletableFuture@74182246[Not completed]
2019-09-20 08:37:47,266 [pool-133-thread-1] INFO  impl.RaftServerImpl (RaftServerImpl.java:<init>(93)) - f0549359-73a8-43a9-8479-5d696f050b37: new RaftServerImpl for group-1D25BBD3F93A:[f0549359-73a8-43a9-8479-5d696f050b37:192.168.36.79:43263] with ContainerStateMachine:uninitialized
2019-09-20 08:37:47,266 [pool-133-thread-1] INFO  server.RaftServerConfigKeys (ConfUtils.java:logGet(43)) - raft.server.rpc.timeout.min = 5s (custom)
2019-09-20 08:37:47,266 [pool-133-thread-1] INFO  server.RaftServerConfigKeys (ConfUtils.java:logGet(43)) - raft.server.rpc.timeout.max = 5200ms (custom)
2019-09-20 08:37:47,266 [pool-133-thread-1] INFO  server.RaftServerConfigKeys (ConfUtils.java:logGet(43)) - raft.server.rpcslowness.timeout = 120s (custom)
2019-09-20 08:37:47,266 [pool-133-thread-1] INFO  server.RaftServerConfigKeys (ConfUtils.java:logGet(43)) - raft.server.sleep.deviation.threshold = 300 (default)
2019-09-20 08:37:47,266 [pool-133-thread-1] INFO  server.RaftServerConfigKeys (ConfUtils.java:logGet(43)) - raft.server.log.appender.install.snapshot.enabled = false (custom)
2019-09-20 08:37:47,266 [pool-133-thread-1] INFO  impl.RaftServerImpl (ServerState.java:<init>(105)) - f0549359-73a8-43a9-8479-5d696f050b37:group-1D25BBD3F93A ConfigurationManager, init=-1: [f0549359-73a8-43a9-8479-5d696f050b37:192.168.36.79:43263], old=null, confs=<EMPTY_MAP>
2019-09-20 08:37:47,267 [pool-133-thread-1] INFO  server.RaftServerConfigKeys (ConfUtils.java:logGet(43)) - raft.server.storage.dir = [/workdir/hadoop-ozone/ozonefs/target/test-dir/MiniOzoneClusterImpl-855b8ead-b066-4f2a-ac82-4f38b96b29b6/datanode-0/data/ratis] (custom)
2019-09-20 08:37:47,267 [pool-133-thread-1] INFO  storage.RaftStorageDirectory (RaftStorageDirectory.java:analyzeStorage(246)) - The storage directory /workdir/hadoop-ozone/ozonefs/target/test-dir/MiniOzoneClusterImpl-855b8ead-b066-4f2a-ac82-4f38b96b29b6/datanode-0/data/ratis/2122690c-a257-497a-a6ff-1d25bbd3f93a does not exist. Creating ...
2019-09-20 08:37:47,285 [pool-133-thread-1] INFO  storage.RaftStorageDirectory (RaftStorageDirectory.java:tryLock(328)) - Lock on /workdir/hadoop-ozone/ozonefs/target/test-dir/MiniOzoneClusterImpl-855b8ead-b066-4f2a-ac82-4f38b96b29b6/datanode-0/data/ratis/2122690c-a257-497a-a6ff-1d25bbd3f93a/in_use.lock acquired by nodename 25669@pr-hdds-1569-s8kj2-2266485376
2019-09-20 08:37:47,301 [pool-133-thread-1] INFO  storage.RaftStorage (RaftStorage.java:format(72)) - Storage directory /workdir/hadoop-ozone/ozonefs/target/test-dir/MiniOzoneClusterImpl-855b8ead-b066-4f2a-ac82-4f38b96b29b6/datanode-0/data/ratis/2122690c-a257-497a-a6ff-1d25bbd3f93a has been successfully formatted.
2019-09-20 08:37:47,301 [pool-133-thread-1] INFO  ratis.ContainerStateMachine (ContainerStateMachine.java:loadSnapshot(226)) - group-1D25BBD3F93A: The snapshot info is null. Setting the last applied indexto:(t:0, i:~)
2019-09-20 08:37:47,301 [pool-133-thread-1] INFO  server.RaftServerConfigKeys (ConfUtils.java:logGet(43)) - raft.server.leader.election.timeout = 120s (custom)
2019-09-20 08:37:47,302 [pool-133-thread-1] INFO  server.RaftServerConfigKeys (ConfUtils.java:logGet(43)) - raft.server.log.use.memory = false (default)
2019-09-20 08:37:47,302 [pool-133-thread-1] INFO  server.RaftServerConfigKeys (ConfUtils.java:logGet(43)) - raft.server.log.purge.gap = 1000000 (custom)
2019-09-20 08:37:47,302 [pool-133-thread-1] INFO  server.RaftServerConfigKeys (ConfUtils.java:logGet(43)) - raft.server.log.appender.buffer.byte-limit = 33554432 (custom)
2019-09-20 08:37:47,302 [pool-133-thread-1] INFO  server.RaftServerConfigKeys (ConfUtils.java:logGet(43)) - raft.server.log.segment.size.max = 1048576 (custom)
2019-09-20 08:37:47,302 [pool-133-thread-1] INFO  server.RaftServerConfigKeys (ConfUtils.java:logGet(43)) - raft.server.log.segment.cache.num.max = 2 (custom)
2019-09-20 08:37:47,302 [pool-133-thread-1] INFO  segmented.SegmentedRaftLogWorker (SegmentedRaftLogWorker.java:<init>(172)) - new f0549359-73a8-43a9-8479-5d696f050b37-SegmentedRaftLogWorker:Storage Directory /workdir/hadoop-ozone/ozonefs/target/test-dir/MiniOzoneClusterImpl-855b8ead-b066-4f2a-ac82-4f38b96b29b6/datanode-0/data/ratis/2122690c-a257-497a-a6ff-1d25bbd3f93a for RaftStorage:Storage Directory /workdir/hadoop-ozone/ozonefs/target/test-dir/MiniOzoneClusterImpl-855b8ead-b066-4f2a-ac82-4f38b96b29b6/datanode-0/data/ratis/2122690c-a257-497a-a6ff-1d25bbd3f93a
2019-09-20 08:37:47,302 [pool-133-thread-1] INFO  server.RaftServerConfigKeys (ConfUtils.java:logGet(43)) - raft.server.log.queue.byte-limit = 2147483647 (custom)
2019-09-20 08:37:47,303 [pool-133-thread-1] INFO  server.RaftServerConfigKeys (ConfUtils.java:logGet(43)) - raft.server.log.queue.element-limit = 1024 (custom)
2019-09-20 08:37:47,303 [pool-133-thread-1] INFO  server.RaftServerConfigKeys (ConfUtils.java:logGet(43)) - raft.server.log.segment.size.max = 1048576 (custom)
2019-09-20 08:37:47,303 [pool-133-thread-1] INFO  server.RaftServerConfigKeys (ConfUtils.java:logGet(43)) - raft.server.log.preallocated.size = 16384 (custom)
2019-09-20 08:37:47,303 [pool-133-thread-1] INFO  server.RaftServerConfigKeys (ConfUtils.java:logGet(43)) - raft.server.log.write.buffer.size = 33554432 (custom)
2019-09-20 08:37:47,303 [pool-133-thread-1] INFO  server.RaftServerConfigKeys (ConfUtils.java:logGet(43)) - raft.server.log.force.sync.num = 128 (default)
2019-09-20 08:37:47,303 [pool-133-thread-1] INFO  server.RaftServerConfigKeys (ConfUtils.java:logGet(43)) - raft.server.log.statemachine.data.sync = true (default)
2019-09-20 08:37:47,303 [pool-133-thread-1] INFO  server.RaftServerConfigKeys (ConfUtils.java:logGet(43)) - raft.server.log.statemachine.data.sync.timeout = 10s (default)
2019-09-20 08:37:47,303 [pool-133-thread-1] INFO  server.RaftServerConfigKeys (ConfUtils.java:logGet(43)) - raft.server.log.statemachine.data.sync.timeout.retry = -1 (default)
2019-09-20 08:37:47,304 [pool-133-thread-1] INFO  server.RaftServerConfigKeys (ConfUtils.java:logGet(43)) - raft.server.log.statemachine.data.caching.enabled = true (custom)
2019-09-20 08:37:47,304 [pool-133-thread-1] INFO  segmented.SegmentedRaftLogWorker (SegmentedRaftLogWorker.java:lambda$new$0(132)) - f0549359-73a8-43a9-8479-5d696f050b37-SegmentedRaftLogWorker:Storage Directory /workdir/hadoop-ozone/ozonefs/target/test-dir/MiniOzoneClusterImpl-855b8ead-b066-4f2a-ac82-4f38b96b29b6/datanode-0/data/ratis/2122690c-a257-497a-a6ff-1d25bbd3f93a: flushIndex: setUnconditionally 0 -> -1
2019-09-20 08:37:47,304 [pool-133-thread-1] INFO  server.RaftServerConfigKeys (ConfUtils.java:logGet(43)) - raft.server.snapshot.auto.trigger.enabled = true (custom)
2019-09-20 08:37:47,304 [pool-133-thread-1] INFO  server.RaftServerConfigKeys (ConfUtils.java:logGet(43)) - raft.server.snapshot.auto.trigger.threshold = 10000 (custom)
2019-09-20 08:37:47,304 [pool-133-thread-1] INFO  server.RaftServerConfigKeys (ConfUtils.java:logGet(43)) - raft.server.retrycache.expirytime = 600000ms (custom)
2019-09-20 08:37:47,305 [pool-133-thread-1] INFO  impl.RaftServerImpl (RaftServerImpl.java:start(180)) - f0549359-73a8-43a9-8479-5d696f050b37: start group-1D25BBD3F93A
2019-09-20 08:37:47,305 [pool-133-thread-1] INFO  impl.RaftServerImpl (RaftServerImpl.java:setRole(171)) - f0549359-73a8-43a9-8479-5d696f050b37:group-1D25BBD3F93A changes role from null to FOLLOWER at term 0 for startAsFollower
2019-09-20 08:37:47,305 [pool-133-thread-1] INFO  impl.RoleInfo (RoleInfo.java:updateAndGet(143)) - f0549359-73a8-43a9-8479-5d696f050b37: start FollowerState
2019-09-20 08:37:47,305 [pool-133-thread-1] INFO  util.JmxRegister (JmxRegister.java:tryRegister(44)) - Successfully registered JMX Bean with object name Ratis:service=RaftServer,group=group-1D25BBD3F93A,id=f0549359-73a8-43a9-8479-5d696f050b37
2019-09-20 08:37:47,310 [RatisPipelineUtilsThread] INFO  pipeline.PipelineStateManager (PipelineStateManager.java:addPipeline(56)) - Created pipeline Pipeline[ Id: 2122690c-a257-497a-a6ff-1d25bbd3f93a, Nodes: f0549359-73a8-43a9-8479-5d696f050b37{ip: 192.168.36.79, host: pr-hdds-1569-s8kj2-2266485376, networkLocation: /default-rack, certSerialId: null}, Type:RATIS, Factor:ONE, State:OPEN]
2019-09-20 08:37:47,324 [grpc-default-executor-1] INFO  impl.RaftServerProxy (RaftServerProxy.java:addNew(89)) - f0549359-73a8-43a9-8479-5d696f050b37: addNew group-A2B14922285D:[f0549359-73a8-43a9-8479-5d696f050b37:192.168.36.79:43263] returns group-A2B14922285D:java.util.concurrent.CompletableFuture@7ee04936[Not completed]
2019-09-20 08:37:47,325 [pool-133-thread-1] INFO  impl.RaftServerImpl (RaftServerImpl.java:<init>(93)) - f0549359-73a8-43a9-8479-5d696f050b37: new RaftServerImpl for group-A2B14922285D:[f0549359-73a8-43a9-8479-5d696f050b37:192.168.36.79:43263] with ContainerStateMachine:uninitialized
2019-09-20 08:37:47,326 [pool-133-thread-1] INFO  server.RaftServerConfigKeys (ConfUtils.java:logGet(43)) - raft.server.rpc.timeout.min = 5s (custom)
2019-09-20 08:37:47,326 [pool-133-thread-1] INFO  server.RaftServerConfigKeys (ConfUtils.java:logGet(43)) - raft.server.rpc.timeout.max = 5200ms (custom)
2019-09-20 08:37:47,326 [pool-133-thread-1] INFO  server.RaftServerConfigKeys (ConfUtils.java:logGet(43)) - raft.server.rpcslowness.timeout = 120s (custom)
2019-09-20 08:37:47,326 [pool-133-thread-1] INFO  server.RaftServerConfigKeys (ConfUtils.java:logGet(43)) - raft.server.sleep.deviation.threshold = 300 (default)
2019-09-20 08:37:47,326 [pool-133-thread-1] INFO  server.RaftServerConfigKeys (ConfUtils.java:logGet(43)) - raft.server.log.appender.install.snapshot.enabled = false (custom)
2019-09-20 08:37:47,326 [pool-133-thread-1] INFO  impl.RaftServerImpl (ServerState.java:<init>(105)) - f0549359-73a8-43a9-8479-5d696f050b37:group-A2B14922285D ConfigurationManager, init=-1: [f0549359-73a8-43a9-8479-5d696f050b37:192.168.36.79:43263], old=null, confs=<EMPTY_MAP>
2019-09-20 08:37:47,326 [pool-133-thread-1] INFO  server.RaftServerConfigKeys (ConfUtils.java:logGet(43)) - raft.server.storage.dir = [/workdir/hadoop-ozone/ozonefs/target/test-dir/MiniOzoneClusterImpl-855b8ead-b066-4f2a-ac82-4f38b96b29b6/datanode-0/data/ratis] (custom)
2019-09-20 08:37:47,327 [pool-133-thread-1] INFO  storage.RaftStorageDirectory (RaftStorageDirectory.java:analyzeStorage(246)) - The storage directory /workdir/hadoop-ozone/ozonefs/target/test-dir/MiniOzoneClusterImpl-855b8ead-b066-4f2a-ac82-4f38b96b29b6/datanode-0/data/ratis/8de04c45-7774-4612-b8e1-a2b14922285d does not exist. Creating ...
2019-09-20 08:37:47,344 [pool-133-thread-1] INFO  storage.RaftStorageDirectory (RaftStorageDirectory.java:tryLock(328)) - Lock on /workdir/hadoop-ozone/ozonefs/target/test-dir/MiniOzoneClusterImpl-855b8ead-b066-4f2a-ac82-4f38b96b29b6/datanode-0/data/ratis/8de04c45-7774-4612-b8e1-a2b14922285d/in_use.lock acquired by nodename 25669@pr-hdds-1569-s8kj2-2266485376
2019-09-20 08:37:47,359 [pool-133-thread-1] INFO  storage.RaftStorage (RaftStorage.java:format(72)) - Storage directory /workdir/hadoop-ozone/ozonefs/target/test-dir/MiniOzoneClusterImpl-855b8ead-b066-4f2a-ac82-4f38b96b29b6/datanode-0/data/ratis/8de04c45-7774-4612-b8e1-a2b14922285d has been successfully formatted.
2019-09-20 08:37:47,360 [pool-133-thread-1] INFO  ratis.ContainerStateMachine (ContainerStateMachine.java:loadSnapshot(226)) - group-A2B14922285D: The snapshot info is null. Setting the last applied indexto:(t:0, i:~)
2019-09-20 08:37:47,360 [pool-133-thread-1] INFO  server.RaftServerConfigKeys (ConfUtils.java:logGet(43)) - raft.server.leader.election.timeout = 120s (custom)
2019-09-20 08:37:47,360 [pool-133-thread-1] INFO  server.RaftServerConfigKeys (ConfUtils.java:logGet(43)) - raft.server.log.use.memory = false (default)
2019-09-20 08:37:47,360 [pool-133-thread-1] INFO  server.RaftServerConfigKeys (ConfUtils.java:logGet(43)) - raft.server.log.purge.gap = 1000000 (custom)
2019-09-20 08:37:47,360 [pool-133-thread-1] INFO  server.RaftServerConfigKeys (ConfUtils.java:logGet(43)) - raft.server.log.appender.buffer.byte-limit = 33554432 (custom)
2019-09-20 08:37:47,360 [pool-133-thread-1] INFO  server.RaftServerConfigKeys (ConfUtils.java:logGet(43)) - raft.server.log.segment.size.max = 1048576 (custom)
2019-09-20 08:37:47,360 [pool-133-thread-1] INFO  server.RaftServerConfigKeys (ConfUtils.java:logGet(43)) - raft.server.log.segment.cache.num.max = 2 (custom)
2019-09-20 08:37:47,360 [pool-133-thread-1] INFO  segmented.SegmentedRaftLogWorker (SegmentedRaftLogWorker.java:<init>(172)) - new f0549359-73a8-43a9-8479-5d696f050b37-SegmentedRaftLogWorker:Storage Directory /workdir/hadoop-ozone/ozonefs/target/test-dir/MiniOzoneClusterImpl-855b8ead-b066-4f2a-ac82-4f38b96b29b6/datanode-0/data/ratis/8de04c45-7774-4612-b8e1-a2b14922285d for RaftStorage:Storage Directory /workdir/hadoop-ozone/ozonefs/target/test-dir/MiniOzoneClusterImpl-855b8ead-b066-4f2a-ac82-4f38b96b29b6/datanode-0/data/ratis/8de04c45-7774-4612-b8e1-a2b14922285d
2019-09-20 08:37:47,361 [pool-133-thread-1] INFO  server.RaftServerConfigKeys (ConfUtils.java:logGet(43)) - raft.server.log.queue.byte-limit = 2147483647 (custom)
2019-09-20 08:37:47,361 [pool-133-thread-1] INFO  server.RaftServerConfigKeys (ConfUtils.java:logGet(43)) - raft.server.log.queue.element-limit = 1024 (custom)
2019-09-20 08:37:47,361 [pool-133-thread-1] INFO  server.RaftServerConfigKeys (ConfUtils.java:logGet(43)) - raft.server.log.segment.size.max = 1048576 (custom)
2019-09-20 08:37:47,361 [pool-133-thread-1] INFO  server.RaftServerConfigKeys (ConfUtils.java:logGet(43)) - raft.server.log.preallocated.size = 16384 (custom)
2019-09-20 08:37:47,361 [pool-133-thread-1] INFO  server.RaftServerConfigKeys (ConfUtils.java:logGet(43)) - raft.server.log.write.buffer.size = 33554432 (custom)
2019-09-20 08:37:47,361 [pool-133-thread-1] INFO  server.RaftServerConfigKeys (ConfUtils.java:logGet(43)) - raft.server.log.force.sync.num = 128 (default)
2019-09-20 08:37:47,361 [pool-133-thread-1] INFO  server.RaftServerConfigKeys (ConfUtils.java:logGet(43)) - raft.server.log.statemachine.data.sync = true (default)
2019-09-20 08:37:47,361 [pool-133-thread-1] INFO  server.RaftServerConfigKeys (ConfUtils.java:logGet(43)) - raft.server.log.statemachine.data.sync.timeout = 10s (default)
2019-09-20 08:37:47,361 [pool-133-thread-1] INFO  server.RaftServerConfigKeys (ConfUtils.java:logGet(43)) - raft.server.log.statemachine.data.sync.timeout.retry = -1 (default)
2019-09-20 08:37:47,362 [pool-133-thread-1] INFO  server.RaftServerConfigKeys (ConfUtils.java:logGet(43)) - raft.server.log.statemachine.data.caching.enabled = true (custom)
2019-09-20 08:37:47,362 [pool-133-thread-1] INFO  segmented.SegmentedRaftLogWorker (SegmentedRaftLogWorker.java:lambda$new$0(132)) - f0549359-73a8-43a9-8479-5d696f050b37-SegmentedRaftLogWorker:Storage Directory /workdir/hadoop-ozone/ozonefs/target/test-dir/MiniOzoneClusterImpl-855b8ead-b066-4f2a-ac82-4f38b96b29b6/datanode-0/data/ratis/8de04c45-7774-4612-b8e1-a2b14922285d: flushIndex: setUnconditionally 0 -> -1
2019-09-20 08:37:47,362 [pool-133-thread-1] INFO  server.RaftServerConfigKeys (ConfUtils.java:logGet(43)) - raft.server.snapshot.auto.trigger.enabled = true (custom)
2019-09-20 08:37:47,362 [pool-133-thread-1] INFO  server.RaftServerConfigKeys (ConfUtils.java:logGet(43)) - raft.server.snapshot.auto.trigger.threshold = 10000 (custom)
2019-09-20 08:37:47,362 [pool-133-thread-1] INFO  server.RaftServerConfigKeys (ConfUtils.java:logGet(43)) - raft.server.retrycache.expirytime = 600000ms (custom)
2019-09-20 08:37:47,363 [pool-133-thread-1] INFO  impl.RaftServerImpl (RaftServerImpl.java:start(180)) - f0549359-73a8-43a9-8479-5d696f050b37: start group-A2B14922285D
2019-09-20 08:37:47,363 [pool-133-thread-1] INFO  impl.RaftServerImpl (RaftServerImpl.java:setRole(171)) - f0549359-73a8-43a9-8479-5d696f050b37:group-A2B14922285D changes role from null to FOLLOWER at term 0 for startAsFollower
2019-09-20 08:37:47,363 [pool-133-thread-1] INFO  impl.RoleInfo (RoleInfo.java:updateAndGet(143)) - f0549359-73a8-43a9-8479-5d696f050b37: start FollowerState
2019-09-20 08:37:47,363 [pool-133-thread-1] INFO  util.JmxRegister (JmxRegister.java:tryRegister(44)) - Successfully registered JMX Bean with object name Ratis:service=RaftServer,group=group-A2B14922285D,id=f0549359-73a8-43a9-8479-5d696f050b37
2019-09-20 08:37:47,368 [RatisPipelineUtilsThread] INFO  pipeline.PipelineStateManager (PipelineStateManager.java:addPipeline(56)) - Created pipeline Pipeline[ Id: 8de04c45-7774-4612-b8e1-a2b14922285d, Nodes: f0549359-73a8-43a9-8479-5d696f050b37{ip: 192.168.36.79, host: pr-hdds-1569-s8kj2-2266485376, networkLocation: /default-rack, certSerialId: null}, Type:RATIS, Factor:ONE, State:OPEN]
2019-09-20 08:37:47,382 [grpc-default-executor-0] INFO  impl.RaftServerProxy (RaftServerProxy.java:addNew(89)) - f0549359-73a8-43a9-8479-5d696f050b37: addNew group-A043258D84E1:[f0549359-73a8-43a9-8479-5d696f050b37:192.168.36.79:43263] returns group-A043258D84E1:java.util.concurrent.CompletableFuture@531c9b7b[Not completed]
2019-09-20 08:37:47,383 [pool-133-thread-1] INFO  impl.RaftServerImpl (RaftServerImpl.java:<init>(93)) - f0549359-73a8-43a9-8479-5d696f050b37: new RaftServerImpl for group-A043258D84E1:[f0549359-73a8-43a9-8479-5d696f050b37:192.168.36.79:43263] with ContainerStateMachine:uninitialized
2019-09-20 08:37:47,383 [pool-133-thread-1] INFO  server.RaftServerConfigKeys (ConfUtils.java:logGet(43)) - raft.server.rpc.timeout.min = 5s (custom)
2019-09-20 08:37:47,384 [pool-133-thread-1] INFO  server.RaftServerConfigKeys (ConfUtils.java:logGet(43)) - raft.server.rpc.timeout.max = 5200ms (custom)
2019-09-20 08:37:47,384 [pool-133-thread-1] INFO  server.RaftServerConfigKeys (ConfUtils.java:logGet(43)) - raft.server.rpcslowness.timeout = 120s (custom)
2019-09-20 08:37:47,384 [pool-133-thread-1] INFO  server.RaftServerConfigKeys (ConfUtils.java:logGet(43)) - raft.server.sleep.deviation.threshold = 300 (default)
2019-09-20 08:37:47,384 [pool-133-thread-1] INFO  server.RaftServerConfigKeys (ConfUtils.java:logGet(43)) - raft.server.log.appender.install.snapshot.enabled = false (custom)
2019-09-20 08:37:47,384 [pool-133-thread-1] INFO  impl.RaftServerImpl (ServerState.java:<init>(105)) - f0549359-73a8-43a9-8479-5d696f050b37:group-A043258D84E1 ConfigurationManager, init=-1: [f0549359-73a8-43a9-8479-5d696f050b37:192.168.36.79:43263], old=null, confs=<EMPTY_MAP>
2019-09-20 08:37:47,384 [pool-133-thread-1] INFO  server.RaftServerConfigKeys (ConfUtils.java:logGet(43)) - raft.server.storage.dir = [/workdir/hadoop-ozone/ozonefs/target/test-dir/MiniOzoneClusterImpl-855b8ead-b066-4f2a-ac82-4f38b96b29b6/datanode-0/data/ratis] (custom)
2019-09-20 08:37:47,384 [IPC Server handler 2 on 33412] INFO  net.NetworkTopology (NetworkTopologyImpl.java:add(110)) - Added a new node: /default-rack/b889c58e-4fe0-4be9-9092-901247a80a4f
2019-09-20 08:37:47,385 [pool-133-thread-1] INFO  storage.RaftStorageDirectory (RaftStorageDirectory.java:analyzeStorage(246)) - The storage directory /workdir/hadoop-ozone/ozonefs/target/test-dir/MiniOzoneClusterImpl-855b8ead-b066-4f2a-ac82-4f38b96b29b6/datanode-0/data/ratis/63ab3dc6-b9bf-4214-b529-a043258d84e1 does not exist. Creating ...
2019-09-20 08:37:47,385 [IPC Server handler 2 on 33412] INFO  node.SCMNodeManager (SCMNodeManager.java:register(273)) - Registered Data node : b889c58e-4fe0-4be9-9092-901247a80a4f{ip: 192.168.36.79, host: pr-hdds-1569-s8kj2-2266485376, networkLocation: /default-rack, certSerialId: null}
2019-09-20 08:37:47,385 | INFO  | SCMAudit | user=jenkins1000 | ip=192.168.36.79 | op=REGISTER {datanodeDetails=b889c58e-4fe0-4be9-9092-901247a80a4f{ip: 192.168.36.79, host: pr-hdds-1569-s8kj2-2266485376, networkLocation: /default-rack, certSerialId: null}} | ret=SUCCESS |  
2019-09-20 08:37:47,407 [pool-133-thread-1] INFO  storage.RaftStorageDirectory (RaftStorageDirectory.java:tryLock(328)) - Lock on /workdir/hadoop-ozone/ozonefs/target/test-dir/MiniOzoneClusterImpl-855b8ead-b066-4f2a-ac82-4f38b96b29b6/datanode-0/data/ratis/63ab3dc6-b9bf-4214-b529-a043258d84e1/in_use.lock acquired by nodename 25669@pr-hdds-1569-s8kj2-2266485376
2019-09-20 08:37:47,424 [pool-133-thread-1] INFO  storage.RaftStorage (RaftStorage.java:format(72)) - Storage directory /workdir/hadoop-ozone/ozonefs/target/test-dir/MiniOzoneClusterImpl-855b8ead-b066-4f2a-ac82-4f38b96b29b6/datanode-0/data/ratis/63ab3dc6-b9bf-4214-b529-a043258d84e1 has been successfully formatted.
2019-09-20 08:37:47,424 [pool-133-thread-1] INFO  ratis.ContainerStateMachine (ContainerStateMachine.java:loadSnapshot(226)) - group-A043258D84E1: The snapshot info is null. Setting the last applied indexto:(t:0, i:~)
2019-09-20 08:37:47,424 [pool-133-thread-1] INFO  server.RaftServerConfigKeys (ConfUtils.java:logGet(43)) - raft.server.leader.election.timeout = 120s (custom)
2019-09-20 08:37:47,425 [pool-133-thread-1] INFO  server.RaftServerConfigKeys (ConfUtils.java:logGet(43)) - raft.server.log.use.memory = false (default)
2019-09-20 08:37:47,425 [pool-133-thread-1] INFO  server.RaftServerConfigKeys (ConfUtils.java:logGet(43)) - raft.server.log.purge.gap = 1000000 (custom)
2019-09-20 08:37:47,425 [pool-133-thread-1] INFO  server.RaftServerConfigKeys (ConfUtils.java:logGet(43)) - raft.server.log.appender.buffer.byte-limit = 33554432 (custom)
2019-09-20 08:37:47,425 [pool-133-thread-1] INFO  server.RaftServerConfigKeys (ConfUtils.java:logGet(43)) - raft.server.log.segment.size.max = 1048576 (custom)
2019-09-20 08:37:47,425 [pool-133-thread-1] INFO  server.RaftServerConfigKeys (ConfUtils.java:logGet(43)) - raft.server.log.segment.cache.num.max = 2 (custom)
2019-09-20 08:37:47,425 [pool-133-thread-1] INFO  segmented.SegmentedRaftLogWorker (SegmentedRaftLogWorker.java:<init>(172)) - new f0549359-73a8-43a9-8479-5d696f050b37-SegmentedRaftLogWorker:Storage Directory /workdir/hadoop-ozone/ozonefs/target/test-dir/MiniOzoneClusterImpl-855b8ead-b066-4f2a-ac82-4f38b96b29b6/datanode-0/data/ratis/63ab3dc6-b9bf-4214-b529-a043258d84e1 for RaftStorage:Storage Directory /workdir/hadoop-ozone/ozonefs/target/test-dir/MiniOzoneClusterImpl-855b8ead-b066-4f2a-ac82-4f38b96b29b6/datanode-0/data/ratis/63ab3dc6-b9bf-4214-b529-a043258d84e1
2019-09-20 08:37:47,425 [pool-133-thread-1] INFO  server.RaftServerConfigKeys (ConfUtils.java:logGet(43)) - raft.server.log.queue.byte-limit = 2147483647 (custom)
2019-09-20 08:37:47,426 [pool-133-thread-1] INFO  server.RaftServerConfigKeys (ConfUtils.java:logGet(43)) - raft.server.log.queue.element-limit = 1024 (custom)
2019-09-20 08:37:47,426 [pool-133-thread-1] INFO  server.RaftServerConfigKeys (ConfUtils.java:logGet(43)) - raft.server.log.segment.size.max = 1048576 (custom)
2019-09-20 08:37:47,426 [pool-133-thread-1] INFO  server.RaftServerConfigKeys (ConfUtils.java:logGet(43)) - raft.server.log.preallocated.size = 16384 (custom)
2019-09-20 08:37:47,426 [pool-133-thread-1] INFO  server.RaftServerConfigKeys (ConfUtils.java:logGet(43)) - raft.server.log.write.buffer.size = 33554432 (custom)
2019-09-20 08:37:47,426 [pool-133-thread-1] INFO  server.RaftServerConfigKeys (ConfUtils.java:logGet(43)) - raft.server.log.force.sync.num = 128 (default)
2019-09-20 08:37:47,426 [pool-133-thread-1] INFO  server.RaftServerConfigKeys (ConfUtils.java:logGet(43)) - raft.server.log.statemachine.data.sync = true (default)
2019-09-20 08:37:47,426 [pool-133-thread-1] INFO  server.RaftServerConfigKeys (ConfUtils.java:logGet(43)) - raft.server.log.statemachine.data.sync.timeout = 10s (default)
2019-09-20 08:37:47,427 [pool-133-thread-1] INFO  server.RaftServerConfigKeys (ConfUtils.java:logGet(43)) - raft.server.log.statemachine.data.sync.timeout.retry = -1 (default)
2019-09-20 08:37:47,427 [pool-133-thread-1] INFO  server.RaftServerConfigKeys (ConfUtils.java:logGet(43)) - raft.server.log.statemachine.data.caching.enabled = true (custom)
2019-09-20 08:37:47,427 [pool-133-thread-1] INFO  segmented.SegmentedRaftLogWorker (SegmentedRaftLogWorker.java:lambda$new$0(132)) - f0549359-73a8-43a9-8479-5d696f050b37-SegmentedRaftLogWorker:Storage Directory /workdir/hadoop-ozone/ozonefs/target/test-dir/MiniOzoneClusterImpl-855b8ead-b066-4f2a-ac82-4f38b96b29b6/datanode-0/data/ratis/63ab3dc6-b9bf-4214-b529-a043258d84e1: flushIndex: setUnconditionally 0 -> -1
2019-09-20 08:37:47,428 [pool-133-thread-1] INFO  server.RaftServerConfigKeys (ConfUtils.java:logGet(43)) - raft.server.snapshot.auto.trigger.enabled = true (custom)
2019-09-20 08:37:47,428 [pool-133-thread-1] INFO  server.RaftServerConfigKeys (ConfUtils.java:logGet(43)) - raft.server.snapshot.auto.trigger.threshold = 10000 (custom)
2019-09-20 08:37:47,428 [pool-133-thread-1] INFO  server.RaftServerConfigKeys (ConfUtils.java:logGet(43)) - raft.server.retrycache.expirytime = 600000ms (custom)
2019-09-20 08:37:47,428 [pool-133-thread-1] INFO  impl.RaftServerImpl (RaftServerImpl.java:start(180)) - f0549359-73a8-43a9-8479-5d696f050b37: start group-A043258D84E1
2019-09-20 08:37:47,428 [pool-133-thread-1] INFO  impl.RaftServerImpl (RaftServerImpl.java:setRole(171)) - f0549359-73a8-43a9-8479-5d696f050b37:group-A043258D84E1 changes role from null to FOLLOWER at term 0 for startAsFollower
2019-09-20 08:37:47,428 [pool-133-thread-1] INFO  impl.RoleInfo (RoleInfo.java:updateAndGet(143)) - f0549359-73a8-43a9-8479-5d696f050b37: start FollowerState
2019-09-20 08:37:47,434 [pool-133-thread-1] INFO  util.JmxRegister (JmxRegister.java:tryRegister(44)) - Successfully registered JMX Bean with object name Ratis:service=RaftServer,group=group-A043258D84E1,id=f0549359-73a8-43a9-8479-5d696f050b37
2019-09-20 08:37:47,445 [RatisPipelineUtilsThread] INFO  pipeline.PipelineStateManager (PipelineStateManager.java:addPipeline(56)) - Created pipeline Pipeline[ Id: 63ab3dc6-b9bf-4214-b529-a043258d84e1, Nodes: f0549359-73a8-43a9-8479-5d696f050b37{ip: 192.168.36.79, host: pr-hdds-1569-s8kj2-2266485376, networkLocation: /default-rack, certSerialId: null}, Type:RATIS, Factor:ONE, State:OPEN]
2019-09-20 08:37:47,452 [grpc-default-executor-0] INFO  impl.RaftServerProxy (RaftServerProxy.java:addNew(89)) - f0549359-73a8-43a9-8479-5d696f050b37: addNew group-B116BEB23272:[f0549359-73a8-43a9-8479-5d696f050b37:192.168.36.79:43263] returns group-B116BEB23272:java.util.concurrent.CompletableFuture@5423513f[Not completed]
2019-09-20 08:37:47,453 [pool-133-thread-1] INFO  impl.RaftServerImpl (RaftServerImpl.java:<init>(93)) - f0549359-73a8-43a9-8479-5d696f050b37: new RaftServerImpl for group-B116BEB23272:[f0549359-73a8-43a9-8479-5d696f050b37:192.168.36.79:43263] with ContainerStateMachine:uninitialized
2019-09-20 08:37:47,453 [pool-133-thread-1] INFO  server.RaftServerConfigKeys (ConfUtils.java:logGet(43)) - raft.server.rpc.timeout.min = 5s (custom)
2019-09-20 08:37:47,454 [pool-133-thread-1] INFO  server.RaftServerConfigKeys (ConfUtils.java:logGet(43)) - raft.server.rpc.timeout.max = 5200ms (custom)
2019-09-20 08:37:47,454 [pool-133-thread-1] INFO  server.RaftServerConfigKeys (ConfUtils.java:logGet(43)) - raft.server.rpcslowness.timeout = 120s (custom)
2019-09-20 08:37:47,454 [pool-133-thread-1] INFO  server.RaftServerConfigKeys (ConfUtils.java:logGet(43)) - raft.server.sleep.deviation.threshold = 300 (default)
2019-09-20 08:37:47,454 [pool-133-thread-1] INFO  server.RaftServerConfigKeys (ConfUtils.java:logGet(43)) - raft.server.log.appender.install.snapshot.enabled = false (custom)
2019-09-20 08:37:47,454 [pool-133-thread-1] INFO  impl.RaftServerImpl (ServerState.java:<init>(105)) - f0549359-73a8-43a9-8479-5d696f050b37:group-B116BEB23272 ConfigurationManager, init=-1: [f0549359-73a8-43a9-8479-5d696f050b37:192.168.36.79:43263], old=null, confs=<EMPTY_MAP>
2019-09-20 08:37:47,454 [pool-133-thread-1] INFO  server.RaftServerConfigKeys (ConfUtils.java:logGet(43)) - raft.server.storage.dir = [/workdir/hadoop-ozone/ozonefs/target/test-dir/MiniOzoneClusterImpl-855b8ead-b066-4f2a-ac82-4f38b96b29b6/datanode-0/data/ratis] (custom)
2019-09-20 08:37:47,455 [pool-133-thread-1] INFO  storage.RaftStorageDirectory (RaftStorageDirectory.java:analyzeStorage(246)) - The storage directory /workdir/hadoop-ozone/ozonefs/target/test-dir/MiniOzoneClusterImpl-855b8ead-b066-4f2a-ac82-4f38b96b29b6/datanode-0/data/ratis/099408e5-934f-4d8c-95b6-b116beb23272 does not exist. Creating ...
2019-09-20 08:37:47,471 [pool-133-thread-1] INFO  storage.RaftStorageDirectory (RaftStorageDirectory.java:tryLock(328)) - Lock on /workdir/hadoop-ozone/ozonefs/target/test-dir/MiniOzoneClusterImpl-855b8ead-b066-4f2a-ac82-4f38b96b29b6/datanode-0/data/ratis/099408e5-934f-4d8c-95b6-b116beb23272/in_use.lock acquired by nodename 25669@pr-hdds-1569-s8kj2-2266485376
2019-09-20 08:37:47,529 [pool-133-thread-1] INFO  storage.RaftStorage (RaftStorage.java:format(72)) - Storage directory /workdir/hadoop-ozone/ozonefs/target/test-dir/MiniOzoneClusterImpl-855b8ead-b066-4f2a-ac82-4f38b96b29b6/datanode-0/data/ratis/099408e5-934f-4d8c-95b6-b116beb23272 has been successfully formatted.
2019-09-20 08:37:47,530 [pool-133-thread-1] INFO  ratis.ContainerStateMachine (ContainerStateMachine.java:loadSnapshot(226)) - group-B116BEB23272: The snapshot info is null. Setting the last applied indexto:(t:0, i:~)
2019-09-20 08:37:47,530 [pool-133-thread-1] INFO  server.RaftServerConfigKeys (ConfUtils.java:logGet(43)) - raft.server.leader.election.timeout = 120s (custom)
2019-09-20 08:37:47,530 [pool-133-thread-1] INFO  server.RaftServerConfigKeys (ConfUtils.java:logGet(43)) - raft.server.log.use.memory = false (default)
2019-09-20 08:37:47,530 [pool-133-thread-1] INFO  server.RaftServerConfigKeys (ConfUtils.java:logGet(43)) - raft.server.log.purge.gap = 1000000 (custom)
2019-09-20 08:37:47,530 [pool-133-thread-1] INFO  server.RaftServerConfigKeys (ConfUtils.java:logGet(43)) - raft.server.log.appender.buffer.byte-limit = 33554432 (custom)
2019-09-20 08:37:47,530 [pool-133-thread-1] INFO  server.RaftServerConfigKeys (ConfUtils.java:logGet(43)) - raft.server.log.segment.size.max = 1048576 (custom)
2019-09-20 08:37:47,530 [pool-133-thread-1] INFO  server.RaftServerConfigKeys (ConfUtils.java:logGet(43)) - raft.server.log.segment.cache.num.max = 2 (custom)
2019-09-20 08:37:47,531 [pool-133-thread-1] INFO  segmented.SegmentedRaftLogWorker (SegmentedRaftLogWorker.java:<init>(172)) - new f0549359-73a8-43a9-8479-5d696f050b37-SegmentedRaftLogWorker:Storage Directory /workdir/hadoop-ozone/ozonefs/target/test-dir/MiniOzoneClusterImpl-855b8ead-b066-4f2a-ac82-4f38b96b29b6/datanode-0/data/ratis/099408e5-934f-4d8c-95b6-b116beb23272 for RaftStorage:Storage Directory /workdir/hadoop-ozone/ozonefs/target/test-dir/MiniOzoneClusterImpl-855b8ead-b066-4f2a-ac82-4f38b96b29b6/datanode-0/data/ratis/099408e5-934f-4d8c-95b6-b116beb23272
2019-09-20 08:37:47,531 [pool-133-thread-1] INFO  server.RaftServerConfigKeys (ConfUtils.java:logGet(43)) - raft.server.log.queue.byte-limit = 2147483647 (custom)
2019-09-20 08:37:47,531 [pool-133-thread-1] INFO  server.RaftServerConfigKeys (ConfUtils.java:logGet(43)) - raft.server.log.queue.element-limit = 1024 (custom)
2019-09-20 08:37:47,531 [pool-133-thread-1] INFO  server.RaftServerConfigKeys (ConfUtils.java:logGet(43)) - raft.server.log.segment.size.max = 1048576 (custom)
2019-09-20 08:37:47,531 [pool-133-thread-1] INFO  server.RaftServerConfigKeys (ConfUtils.java:logGet(43)) - raft.server.log.preallocated.size = 16384 (custom)
2019-09-20 08:37:47,531 [pool-133-thread-1] INFO  server.RaftServerConfigKeys (ConfUtils.java:logGet(43)) - raft.server.log.write.buffer.size = 33554432 (custom)
2019-09-20 08:37:47,531 [pool-133-thread-1] INFO  server.RaftServerConfigKeys (ConfUtils.java:logGet(43)) - raft.server.log.force.sync.num = 128 (default)
2019-09-20 08:37:47,532 [pool-133-thread-1] INFO  server.RaftServerConfigKeys (ConfUtils.java:logGet(43)) - raft.server.log.statemachine.data.sync = true (default)
2019-09-20 08:37:47,532 [pool-133-thread-1] INFO  server.RaftServerConfigKeys (ConfUtils.java:logGet(43)) - raft.server.log.statemachine.data.sync.timeout = 10s (default)
2019-09-20 08:37:47,532 [pool-133-thread-1] INFO  server.RaftServerConfigKeys (ConfUtils.java:logGet(43)) - raft.server.log.statemachine.data.sync.timeout.retry = -1 (default)
2019-09-20 08:37:47,532 [pool-133-thread-1] INFO  server.RaftServerConfigKeys (ConfUtils.java:logGet(43)) - raft.server.log.statemachine.data.caching.enabled = true (custom)
2019-09-20 08:37:47,532 [pool-133-thread-1] INFO  segmented.SegmentedRaftLogWorker (SegmentedRaftLogWorker.java:lambda$new$0(132)) - f0549359-73a8-43a9-8479-5d696f050b37-SegmentedRaftLogWorker:Storage Directory /workdir/hadoop-ozone/ozonefs/target/test-dir/MiniOzoneClusterImpl-855b8ead-b066-4f2a-ac82-4f38b96b29b6/datanode-0/data/ratis/099408e5-934f-4d8c-95b6-b116beb23272: flushIndex: setUnconditionally 0 -> -1
2019-09-20 08:37:47,533 [pool-133-thread-1] INFO  server.RaftServerConfigKeys (ConfUtils.java:logGet(43)) - raft.server.snapshot.auto.trigger.enabled = true (custom)
2019-09-20 08:37:47,533 [pool-133-thread-1] INFO  server.RaftServerConfigKeys (ConfUtils.java:logGet(43)) - raft.server.snapshot.auto.trigger.threshold = 10000 (custom)
2019-09-20 08:37:47,533 [pool-133-thread-1] INFO  server.RaftServerConfigKeys (ConfUtils.java:logGet(43)) - raft.server.retrycache.expirytime = 600000ms (custom)
2019-09-20 08:37:47,533 [pool-133-thread-1] INFO  impl.RaftServerImpl (RaftServerImpl.java:start(180)) - f0549359-73a8-43a9-8479-5d696f050b37: start group-B116BEB23272
2019-09-20 08:37:47,533 [pool-133-thread-1] INFO  impl.RaftServerImpl (RaftServerImpl.java:setRole(171)) - f0549359-73a8-43a9-8479-5d696f050b37:group-B116BEB23272 changes role from null to FOLLOWER at term 0 for startAsFollower
2019-09-20 08:37:47,533 [pool-133-thread-1] INFO  impl.RoleInfo (RoleInfo.java:updateAndGet(143)) - f0549359-73a8-43a9-8479-5d696f050b37: start FollowerState
2019-09-20 08:37:47,534 [pool-133-thread-1] INFO  util.JmxRegister (JmxRegister.java:tryRegister(44)) - Successfully registered JMX Bean with object name Ratis:service=RaftServer,group=group-B116BEB23272,id=f0549359-73a8-43a9-8479-5d696f050b37
2019-09-20 08:37:47,537 [RatisPipelineUtilsThread] INFO  pipeline.PipelineStateManager (PipelineStateManager.java:addPipeline(56)) - Created pipeline Pipeline[ Id: 099408e5-934f-4d8c-95b6-b116beb23272, Nodes: f0549359-73a8-43a9-8479-5d696f050b37{ip: 192.168.36.79, host: pr-hdds-1569-s8kj2-2266485376, networkLocation: /default-rack, certSerialId: null}, Type:RATIS, Factor:ONE, State:OPEN]
2019-09-20 08:37:47,545 [grpc-default-executor-0] INFO  impl.RaftServerProxy (RaftServerProxy.java:addNew(89)) - b889c58e-4fe0-4be9-9092-901247a80a4f: addNew group-5F49CC59FABC:[b889c58e-4fe0-4be9-9092-901247a80a4f:192.168.36.79:44889] returns group-5F49CC59FABC:java.util.concurrent.CompletableFuture@5c87b433[Not completed]
2019-09-20 08:37:47,547 [pool-144-thread-1] INFO  impl.RaftServerImpl (RaftServerImpl.java:<init>(93)) - b889c58e-4fe0-4be9-9092-901247a80a4f: new RaftServerImpl for group-5F49CC59FABC:[b889c58e-4fe0-4be9-9092-901247a80a4f:192.168.36.79:44889] with ContainerStateMachine:uninitialized
2019-09-20 08:37:47,547 [pool-144-thread-1] INFO  server.RaftServerConfigKeys (ConfUtils.java:logGet(43)) - raft.server.rpc.timeout.min = 5s (custom)
2019-09-20 08:37:47,547 [pool-144-thread-1] INFO  server.RaftServerConfigKeys (ConfUtils.java:logGet(43)) - raft.server.rpc.timeout.max = 5200ms (custom)
2019-09-20 08:37:47,547 [pool-144-thread-1] INFO  server.RaftServerConfigKeys (ConfUtils.java:logGet(43)) - raft.server.rpcslowness.timeout = 120s (custom)
2019-09-20 08:37:47,547 [pool-144-thread-1] INFO  server.RaftServerConfigKeys (ConfUtils.java:logGet(43)) - raft.server.sleep.deviation.threshold = 300 (default)
2019-09-20 08:37:47,547 [pool-144-thread-1] INFO  server.RaftServerConfigKeys (ConfUtils.java:logGet(43)) - raft.server.log.appender.install.snapshot.enabled = false (custom)
2019-09-20 08:37:47,548 [pool-144-thread-1] INFO  impl.RaftServerImpl (ServerState.java:<init>(105)) - b889c58e-4fe0-4be9-9092-901247a80a4f:group-5F49CC59FABC ConfigurationManager, init=-1: [b889c58e-4fe0-4be9-9092-901247a80a4f:192.168.36.79:44889], old=null, confs=<EMPTY_MAP>
2019-09-20 08:37:47,548 [pool-144-thread-1] INFO  server.RaftServerConfigKeys (ConfUtils.java:logGet(43)) - raft.server.storage.dir = [/workdir/hadoop-ozone/ozonefs/target/test-dir/MiniOzoneClusterImpl-855b8ead-b066-4f2a-ac82-4f38b96b29b6/datanode-1/data/ratis] (custom)
2019-09-20 08:37:47,548 [pool-144-thread-1] INFO  storage.RaftStorageDirectory (RaftStorageDirectory.java:analyzeStorage(246)) - The storage directory /workdir/hadoop-ozone/ozonefs/target/test-dir/MiniOzoneClusterImpl-855b8ead-b066-4f2a-ac82-4f38b96b29b6/datanode-1/data/ratis/a4034903-19f2-47fb-b0bb-5f49cc59fabc does not exist. Creating ...
2019-09-20 08:37:47,563 [pool-144-thread-1] INFO  storage.RaftStorageDirectory (RaftStorageDirectory.java:tryLock(328)) - Lock on /workdir/hadoop-ozone/ozonefs/target/test-dir/MiniOzoneClusterImpl-855b8ead-b066-4f2a-ac82-4f38b96b29b6/datanode-1/data/ratis/a4034903-19f2-47fb-b0bb-5f49cc59fabc/in_use.lock acquired by nodename 25669@pr-hdds-1569-s8kj2-2266485376
2019-09-20 08:37:47,588 [pool-144-thread-1] INFO  storage.RaftStorage (RaftStorage.java:format(72)) - Storage directory /workdir/hadoop-ozone/ozonefs/target/test-dir/MiniOzoneClusterImpl-855b8ead-b066-4f2a-ac82-4f38b96b29b6/datanode-1/data/ratis/a4034903-19f2-47fb-b0bb-5f49cc59fabc has been successfully formatted.
2019-09-20 08:37:47,588 [pool-144-thread-1] INFO  ratis.ContainerStateMachine (ContainerStateMachine.java:loadSnapshot(226)) - group-5F49CC59FABC: The snapshot info is null. Setting the last applied indexto:(t:0, i:~)
2019-09-20 08:37:47,589 [pool-144-thread-1] INFO  server.RaftServerConfigKeys (ConfUtils.java:logGet(43)) - raft.server.leader.election.timeout = 120s (custom)
2019-09-20 08:37:47,589 [pool-144-thread-1] INFO  server.RaftServerConfigKeys (ConfUtils.java:logGet(43)) - raft.server.log.use.memory = false (default)
2019-09-20 08:37:47,589 [pool-144-thread-1] INFO  server.RaftServerConfigKeys (ConfUtils.java:logGet(43)) - raft.server.log.purge.gap = 1000000 (custom)
2019-09-20 08:37:47,589 [pool-144-thread-1] INFO  server.RaftServerConfigKeys (ConfUtils.java:logGet(43)) - raft.server.log.appender.buffer.byte-limit = 33554432 (custom)
2019-09-20 08:37:47,589 [pool-144-thread-1] INFO  server.RaftServerConfigKeys (ConfUtils.java:logGet(43)) - raft.server.log.segment.size.max = 1048576 (custom)
2019-09-20 08:37:47,589 [pool-144-thread-1] INFO  server.RaftServerConfigKeys (ConfUtils.java:logGet(43)) - raft.server.log.segment.cache.num.max = 2 (custom)
2019-09-20 08:37:47,590 [pool-144-thread-1] INFO  segmented.SegmentedRaftLogWorker (SegmentedRaftLogWorker.java:<init>(172)) - new b889c58e-4fe0-4be9-9092-901247a80a4f-SegmentedRaftLogWorker:Storage Directory /workdir/hadoop-ozone/ozonefs/target/test-dir/MiniOzoneClusterImpl-855b8ead-b066-4f2a-ac82-4f38b96b29b6/datanode-1/data/ratis/a4034903-19f2-47fb-b0bb-5f49cc59fabc for RaftStorage:Storage Directory /workdir/hadoop-ozone/ozonefs/target/test-dir/MiniOzoneClusterImpl-855b8ead-b066-4f2a-ac82-4f38b96b29b6/datanode-1/data/ratis/a4034903-19f2-47fb-b0bb-5f49cc59fabc
2019-09-20 08:37:47,590 [pool-144-thread-1] INFO  server.RaftServerConfigKeys (ConfUtils.java:logGet(43)) - raft.server.log.queue.byte-limit = 2147483647 (custom)
2019-09-20 08:37:47,590 [pool-144-thread-1] INFO  server.RaftServerConfigKeys (ConfUtils.java:logGet(43)) - raft.server.log.queue.element-limit = 1024 (custom)
2019-09-20 08:37:47,590 [pool-144-thread-1] INFO  server.RaftServerConfigKeys (ConfUtils.java:logGet(43)) - raft.server.log.segment.size.max = 1048576 (custom)
2019-09-20 08:37:47,590 [pool-144-thread-1] INFO  server.RaftServerConfigKeys (ConfUtils.java:logGet(43)) - raft.server.log.preallocated.size = 16384 (custom)
2019-09-20 08:37:47,590 [pool-144-thread-1] INFO  server.RaftServerConfigKeys (ConfUtils.java:logGet(43)) - raft.server.log.write.buffer.size = 33554432 (custom)
2019-09-20 08:37:47,591 [pool-144-thread-1] INFO  server.RaftServerConfigKeys (ConfUtils.java:logGet(43)) - raft.server.log.force.sync.num = 128 (default)
2019-09-20 08:37:47,591 [pool-144-thread-1] INFO  server.RaftServerConfigKeys (ConfUtils.java:logGet(43)) - raft.server.log.statemachine.data.sync = true (default)
2019-09-20 08:37:47,591 [pool-144-thread-1] INFO  server.RaftServerConfigKeys (ConfUtils.java:logGet(43)) - raft.server.log.statemachine.data.sync.timeout = 10s (default)
2019-09-20 08:37:47,591 [pool-144-thread-1] INFO  server.RaftServerConfigKeys (ConfUtils.java:logGet(43)) - raft.server.log.statemachine.data.sync.timeout.retry = -1 (default)
2019-09-20 08:37:47,591 [pool-144-thread-1] INFO  server.RaftServerConfigKeys (ConfUtils.java:logGet(43)) - raft.server.log.statemachine.data.caching.enabled = true (custom)
2019-09-20 08:37:47,592 [pool-144-thread-1] INFO  segmented.SegmentedRaftLogWorker (SegmentedRaftLogWorker.java:lambda$new$0(132)) - b889c58e-4fe0-4be9-9092-901247a80a4f-SegmentedRaftLogWorker:Storage Directory /workdir/hadoop-ozone/ozonefs/target/test-dir/MiniOzoneClusterImpl-855b8ead-b066-4f2a-ac82-4f38b96b29b6/datanode-1/data/ratis/a4034903-19f2-47fb-b0bb-5f49cc59fabc: flushIndex: setUnconditionally 0 -> -1
2019-09-20 08:37:47,592 [pool-144-thread-1] INFO  server.RaftServerConfigKeys (ConfUtils.java:logGet(43)) - raft.server.snapshot.auto.trigger.enabled = true (custom)
2019-09-20 08:37:47,592 [pool-144-thread-1] INFO  server.RaftServerConfigKeys (ConfUtils.java:logGet(43)) - raft.server.snapshot.auto.trigger.threshold = 10000 (custom)
2019-09-20 08:37:47,592 [pool-144-thread-1] INFO  server.RaftServerConfigKeys (ConfUtils.java:logGet(43)) - raft.server.retrycache.expirytime = 600000ms (custom)
2019-09-20 08:37:47,592 [pool-144-thread-1] INFO  impl.RaftServerImpl (RaftServerImpl.java:start(180)) - b889c58e-4fe0-4be9-9092-901247a80a4f: start group-5F49CC59FABC
2019-09-20 08:37:47,593 [pool-144-thread-1] INFO  impl.RaftServerImpl (RaftServerImpl.java:setRole(171)) - b889c58e-4fe0-4be9-9092-901247a80a4f:group-5F49CC59FABC changes role from null to FOLLOWER at term 0 for startAsFollower
2019-09-20 08:37:47,593 [pool-144-thread-1] INFO  impl.RoleInfo (RoleInfo.java:updateAndGet(143)) - b889c58e-4fe0-4be9-9092-901247a80a4f: start FollowerState
2019-09-20 08:37:47,593 [pool-144-thread-1] INFO  util.JmxRegister (JmxRegister.java:tryRegister(44)) - Successfully registered JMX Bean with object name Ratis:service=RaftServer,group=group-5F49CC59FABC,id=b889c58e-4fe0-4be9-9092-901247a80a4f
2019-09-20 08:37:47,596 [RatisPipelineUtilsThread] INFO  pipeline.PipelineStateManager (PipelineStateManager.java:addPipeline(56)) - Created pipeline Pipeline[ Id: a4034903-19f2-47fb-b0bb-5f49cc59fabc, Nodes: b889c58e-4fe0-4be9-9092-901247a80a4f{ip: 192.168.36.79, host: pr-hdds-1569-s8kj2-2266485376, networkLocation: /default-rack, certSerialId: null}, Type:RATIS, Factor:ONE, State:OPEN]
2019-09-20 08:37:47,602 [grpc-default-executor-0] INFO  impl.RaftServerProxy (RaftServerProxy.java:addNew(89)) - b889c58e-4fe0-4be9-9092-901247a80a4f: addNew group-35919163E07D:[b889c58e-4fe0-4be9-9092-901247a80a4f:192.168.36.79:44889] returns group-35919163E07D:java.util.concurrent.CompletableFuture@2e5c200a[Not completed]
2019-09-20 08:37:47,604 [pool-144-thread-1] INFO  impl.RaftServerImpl (RaftServerImpl.java:<init>(93)) - b889c58e-4fe0-4be9-9092-901247a80a4f: new RaftServerImpl for group-35919163E07D:[b889c58e-4fe0-4be9-9092-901247a80a4f:192.168.36.79:44889] with ContainerStateMachine:uninitialized
2019-09-20 08:37:47,604 [pool-144-thread-1] INFO  server.RaftServerConfigKeys (ConfUtils.java:logGet(43)) - raft.server.rpc.timeout.min = 5s (custom)
2019-09-20 08:37:47,604 [pool-144-thread-1] INFO  server.RaftServerConfigKeys (ConfUtils.java:logGet(43)) - raft.server.rpc.timeout.max = 5200ms (custom)
2019-09-20 08:37:47,604 [pool-144-thread-1] INFO  server.RaftServerConfigKeys (ConfUtils.java:logGet(43)) - raft.server.rpcslowness.timeout = 120s (custom)
2019-09-20 08:37:47,604 [pool-144-thread-1] INFO  server.RaftServerConfigKeys (ConfUtils.java:logGet(43)) - raft.server.sleep.deviation.threshold = 300 (default)
2019-09-20 08:37:47,605 [pool-144-thread-1] INFO  server.RaftServerConfigKeys (ConfUtils.java:logGet(43)) - raft.server.log.appender.install.snapshot.enabled = false (custom)
2019-09-20 08:37:47,605 [pool-144-thread-1] INFO  impl.RaftServerImpl (ServerState.java:<init>(105)) - b889c58e-4fe0-4be9-9092-901247a80a4f:group-35919163E07D ConfigurationManager, init=-1: [b889c58e-4fe0-4be9-9092-901247a80a4f:192.168.36.79:44889], old=null, confs=<EMPTY_MAP>
2019-09-20 08:37:47,605 [pool-144-thread-1] INFO  server.RaftServerConfigKeys (ConfUtils.java:logGet(43)) - raft.server.storage.dir = [/workdir/hadoop-ozone/ozonefs/target/test-dir/MiniOzoneClusterImpl-855b8ead-b066-4f2a-ac82-4f38b96b29b6/datanode-1/data/ratis] (custom)
2019-09-20 08:37:47,605 [pool-144-thread-1] INFO  storage.RaftStorageDirectory (RaftStorageDirectory.java:analyzeStorage(246)) - The storage directory /workdir/hadoop-ozone/ozonefs/target/test-dir/MiniOzoneClusterImpl-855b8ead-b066-4f2a-ac82-4f38b96b29b6/datanode-1/data/ratis/14c9fbe3-16a9-4311-82d4-35919163e07d does not exist. Creating ...
2019-09-20 08:37:47,622 [pool-144-thread-1] INFO  storage.RaftStorageDirectory (RaftStorageDirectory.java:tryLock(328)) - Lock on /workdir/hadoop-ozone/ozonefs/target/test-dir/MiniOzoneClusterImpl-855b8ead-b066-4f2a-ac82-4f38b96b29b6/datanode-1/data/ratis/14c9fbe3-16a9-4311-82d4-35919163e07d/in_use.lock acquired by nodename 25669@pr-hdds-1569-s8kj2-2266485376
2019-09-20 08:37:47,629 [Thread-525] INFO  ozone.MiniOzoneClusterImpl (MiniOzoneClusterImpl.java:lambda$waitForClusterToBeReady$0(142)) - Waiting for cluster to be ready. Got 2 of 3 DN Heartbeats.
2019-09-20 08:37:47,632 [IPC Server handler 3 on 33412] INFO  net.NetworkTopology (NetworkTopologyImpl.java:add(110)) - Added a new node: /default-rack/9a6a84d6-ff22-4367-bab8-0f0e0dfb03ca
2019-09-20 08:37:47,633 [IPC Server handler 3 on 33412] INFO  node.SCMNodeManager (SCMNodeManager.java:register(273)) - Registered Data node : 9a6a84d6-ff22-4367-bab8-0f0e0dfb03ca{ip: 192.168.36.79, host: pr-hdds-1569-s8kj2-2266485376, networkLocation: /default-rack, certSerialId: null}
2019-09-20 08:37:47,633 | INFO  | SCMAudit | user=jenkins1000 | ip=192.168.36.79 | op=REGISTER {datanodeDetails=9a6a84d6-ff22-4367-bab8-0f0e0dfb03ca{ip: 192.168.36.79, host: pr-hdds-1569-s8kj2-2266485376, networkLocation: /default-rack, certSerialId: null}} | ret=SUCCESS |  
2019-09-20 08:37:47,647 [pool-144-thread-1] INFO  storage.RaftStorage (RaftStorage.java:format(72)) - Storage directory /workdir/hadoop-ozone/ozonefs/target/test-dir/MiniOzoneClusterImpl-855b8ead-b066-4f2a-ac82-4f38b96b29b6/datanode-1/data/ratis/14c9fbe3-16a9-4311-82d4-35919163e07d has been successfully formatted.
2019-09-20 08:37:47,647 [pool-144-thread-1] INFO  ratis.ContainerStateMachine (ContainerStateMachine.java:loadSnapshot(226)) - group-35919163E07D: The snapshot info is null. Setting the last applied indexto:(t:0, i:~)
2019-09-20 08:37:47,648 [pool-144-thread-1] INFO  server.RaftServerConfigKeys (ConfUtils.java:logGet(43)) - raft.server.leader.election.timeout = 120s (custom)
2019-09-20 08:37:47,648 [pool-144-thread-1] INFO  server.RaftServerConfigKeys (ConfUtils.java:logGet(43)) - raft.server.log.use.memory = false (default)
2019-09-20 08:37:47,648 [pool-144-thread-1] INFO  server.RaftServerConfigKeys (ConfUtils.java:logGet(43)) - raft.server.log.purge.gap = 1000000 (custom)
2019-09-20 08:37:47,648 [pool-144-thread-1] INFO  server.RaftServerConfigKeys (ConfUtils.java:logGet(43)) - raft.server.log.appender.buffer.byte-limit = 33554432 (custom)
2019-09-20 08:37:47,648 [pool-144-thread-1] INFO  server.RaftServerConfigKeys (ConfUtils.java:logGet(43)) - raft.server.log.segment.size.max = 1048576 (custom)
2019-09-20 08:37:47,648 [pool-144-thread-1] INFO  server.RaftServerConfigKeys (ConfUtils.java:logGet(43)) - raft.server.log.segment.cache.num.max = 2 (custom)
2019-09-20 08:37:47,648 [pool-144-thread-1] INFO  segmented.SegmentedRaftLogWorker (SegmentedRaftLogWorker.java:<init>(172)) - new b889c58e-4fe0-4be9-9092-901247a80a4f-SegmentedRaftLogWorker:Storage Directory /workdir/hadoop-ozone/ozonefs/target/test-dir/MiniOzoneClusterImpl-855b8ead-b066-4f2a-ac82-4f38b96b29b6/datanode-1/data/ratis/14c9fbe3-16a9-4311-82d4-35919163e07d for RaftStorage:Storage Directory /workdir/hadoop-ozone/ozonefs/target/test-dir/MiniOzoneClusterImpl-855b8ead-b066-4f2a-ac82-4f38b96b29b6/datanode-1/data/ratis/14c9fbe3-16a9-4311-82d4-35919163e07d
2019-09-20 08:37:47,649 [pool-144-thread-1] INFO  server.RaftServerConfigKeys (ConfUtils.java:logGet(43)) - raft.server.log.queue.byte-limit = 2147483647 (custom)
2019-09-20 08:37:47,649 [pool-144-thread-1] INFO  server.RaftServerConfigKeys (ConfUtils.java:logGet(43)) - raft.server.log.queue.element-limit = 1024 (custom)
2019-09-20 08:37:47,649 [pool-144-thread-1] INFO  server.RaftServerConfigKeys (ConfUtils.java:logGet(43)) - raft.server.log.segment.size.max = 1048576 (custom)
2019-09-20 08:37:47,649 [pool-144-thread-1] INFO  server.RaftServerConfigKeys (ConfUtils.java:logGet(43)) - raft.server.log.preallocated.size = 16384 (custom)
2019-09-20 08:37:47,649 [pool-144-thread-1] INFO  server.RaftServerConfigKeys (ConfUtils.java:logGet(43)) - raft.server.log.write.buffer.size = 33554432 (custom)
2019-09-20 08:37:47,649 [pool-144-thread-1] INFO  server.RaftServerConfigKeys (ConfUtils.java:logGet(43)) - raft.server.log.force.sync.num = 128 (default)
2019-09-20 08:37:47,649 [pool-144-thread-1] INFO  server.RaftServerConfigKeys (ConfUtils.java:logGet(43)) - raft.server.log.statemachine.data.sync = true (default)
2019-09-20 08:37:47,649 [pool-144-thread-1] INFO  server.RaftServerConfigKeys (ConfUtils.java:logGet(43)) - raft.server.log.statemachine.data.sync.timeout = 10s (default)
2019-09-20 08:37:47,649 [pool-144-thread-1] INFO  server.RaftServerConfigKeys (ConfUtils.java:logGet(43)) - raft.server.log.statemachine.data.sync.timeout.retry = -1 (default)
2019-09-20 08:37:47,650 [pool-144-thread-1] INFO  server.RaftServerConfigKeys (ConfUtils.java:logGet(43)) - raft.server.log.statemachine.data.caching.enabled = true (custom)
2019-09-20 08:37:47,650 [pool-144-thread-1] INFO  segmented.SegmentedRaftLogWorker (SegmentedRaftLogWorker.java:lambda$new$0(132)) - b889c58e-4fe0-4be9-9092-901247a80a4f-SegmentedRaftLogWorker:Storage Directory /workdir/hadoop-ozone/ozonefs/target/test-dir/MiniOzoneClusterImpl-855b8ead-b066-4f2a-ac82-4f38b96b29b6/datanode-1/data/ratis/14c9fbe3-16a9-4311-82d4-35919163e07d: flushIndex: setUnconditionally 0 -> -1
2019-09-20 08:37:47,650 [pool-144-thread-1] INFO  server.RaftServerConfigKeys (ConfUtils.java:logGet(43)) - raft.server.snapshot.auto.trigger.enabled = true (custom)
2019-09-20 08:37:47,650 [pool-144-thread-1] INFO  server.RaftServerConfigKeys (ConfUtils.java:logGet(43)) - raft.server.snapshot.auto.trigger.threshold = 10000 (custom)
2019-09-20 08:37:47,650 [pool-144-thread-1] INFO  server.RaftServerConfigKeys (ConfUtils.java:logGet(43)) - raft.server.retrycache.expirytime = 600000ms (custom)
2019-09-20 08:37:47,651 [pool-144-thread-1] INFO  impl.RaftServerImpl (RaftServerImpl.java:start(180)) - b889c58e-4fe0-4be9-9092-901247a80a4f: start group-35919163E07D
2019-09-20 08:37:47,651 [pool-144-thread-1] INFO  impl.RaftServerImpl (RaftServerImpl.java:setRole(171)) - b889c58e-4fe0-4be9-9092-901247a80a4f:group-35919163E07D changes role from null to FOLLOWER at term 0 for startAsFollower
2019-09-20 08:37:47,651 [pool-144-thread-1] INFO  impl.RoleInfo (RoleInfo.java:updateAndGet(143)) - b889c58e-4fe0-4be9-9092-901247a80a4f: start FollowerState
2019-09-20 08:37:47,651 [pool-144-thread-1] INFO  util.JmxRegister (JmxRegister.java:tryRegister(44)) - Successfully registered JMX Bean with object name Ratis:service=RaftServer,group=group-35919163E07D,id=b889c58e-4fe0-4be9-9092-901247a80a4f
2019-09-20 08:37:47,656 [RatisPipelineUtilsThread] INFO  pipeline.PipelineStateManager (PipelineStateManager.java:addPipeline(56)) - Created pipeline Pipeline[ Id: 14c9fbe3-16a9-4311-82d4-35919163e07d, Nodes: b889c58e-4fe0-4be9-9092-901247a80a4f{ip: 192.168.36.79, host: pr-hdds-1569-s8kj2-2266485376, networkLocation: /default-rack, certSerialId: null}, Type:RATIS, Factor:ONE, State:OPEN]
2019-09-20 08:37:47,663 [grpc-default-executor-0] INFO  impl.RaftServerProxy (RaftServerProxy.java:addNew(89)) - b889c58e-4fe0-4be9-9092-901247a80a4f: addNew group-61667F0676A5:[b889c58e-4fe0-4be9-9092-901247a80a4f:192.168.36.79:44889] returns group-61667F0676A5:java.util.concurrent.CompletableFuture@403928e4[Not completed]
2019-09-20 08:37:47,664 [pool-144-thread-1] INFO  impl.RaftServerImpl (RaftServerImpl.java:<init>(93)) - b889c58e-4fe0-4be9-9092-901247a80a4f: new RaftServerImpl for group-61667F0676A5:[b889c58e-4fe0-4be9-9092-901247a80a4f:192.168.36.79:44889] with ContainerStateMachine:uninitialized
2019-09-20 08:37:47,664 [pool-144-thread-1] INFO  server.RaftServerConfigKeys (ConfUtils.java:logGet(43)) - raft.server.rpc.timeout.min = 5s (custom)
2019-09-20 08:37:47,664 [pool-144-thread-1] INFO  server.RaftServerConfigKeys (ConfUtils.java:logGet(43)) - raft.server.rpc.timeout.max = 5200ms (custom)
2019-09-20 08:37:47,664 [pool-144-thread-1] INFO  server.RaftServerConfigKeys (ConfUtils.java:logGet(43)) - raft.server.rpcslowness.timeout = 120s (custom)
2019-09-20 08:37:47,665 [pool-144-thread-1] INFO  server.RaftServerConfigKeys (ConfUtils.java:logGet(43)) - raft.server.sleep.deviation.threshold = 300 (default)
2019-09-20 08:37:47,665 [pool-144-thread-1] INFO  server.RaftServerConfigKeys (ConfUtils.java:logGet(43)) - raft.server.log.appender.install.snapshot.enabled = false (custom)
2019-09-20 08:37:47,665 [pool-144-thread-1] INFO  impl.RaftServerImpl (ServerState.java:<init>(105)) - b889c58e-4fe0-4be9-9092-901247a80a4f:group-61667F0676A5 ConfigurationManager, init=-1: [b889c58e-4fe0-4be9-9092-901247a80a4f:192.168.36.79:44889], old=null, confs=<EMPTY_MAP>
2019-09-20 08:37:47,665 [pool-144-thread-1] INFO  server.RaftServerConfigKeys (ConfUtils.java:logGet(43)) - raft.server.storage.dir = [/workdir/hadoop-ozone/ozonefs/target/test-dir/MiniOzoneClusterImpl-855b8ead-b066-4f2a-ac82-4f38b96b29b6/datanode-1/data/ratis] (custom)
2019-09-20 08:37:47,665 [pool-144-thread-1] INFO  storage.RaftStorageDirectory (RaftStorageDirectory.java:analyzeStorage(246)) - The storage directory /workdir/hadoop-ozone/ozonefs/target/test-dir/MiniOzoneClusterImpl-855b8ead-b066-4f2a-ac82-4f38b96b29b6/datanode-1/data/ratis/87a105ff-f5f4-46ca-8c06-61667f0676a5 does not exist. Creating ...
2019-09-20 08:37:47,689 [pool-144-thread-1] INFO  storage.RaftStorageDirectory (RaftStorageDirectory.java:tryLock(328)) - Lock on /workdir/hadoop-ozone/ozonefs/target/test-dir/MiniOzoneClusterImpl-855b8ead-b066-4f2a-ac82-4f38b96b29b6/datanode-1/data/ratis/87a105ff-f5f4-46ca-8c06-61667f0676a5/in_use.lock acquired by nodename 25669@pr-hdds-1569-s8kj2-2266485376
2019-09-20 08:37:47,706 [pool-144-thread-1] INFO  storage.RaftStorage (RaftStorage.java:format(72)) - Storage directory /workdir/hadoop-ozone/ozonefs/target/test-dir/MiniOzoneClusterImpl-855b8ead-b066-4f2a-ac82-4f38b96b29b6/datanode-1/data/ratis/87a105ff-f5f4-46ca-8c06-61667f0676a5 has been successfully formatted.
2019-09-20 08:37:47,707 [pool-144-thread-1] INFO  ratis.ContainerStateMachine (ContainerStateMachine.java:loadSnapshot(226)) - group-61667F0676A5: The snapshot info is null. Setting the last applied indexto:(t:0, i:~)
2019-09-20 08:37:47,707 [pool-144-thread-1] INFO  server.RaftServerConfigKeys (ConfUtils.java:logGet(43)) - raft.server.leader.election.timeout = 120s (custom)
2019-09-20 08:37:47,707 [pool-144-thread-1] INFO  server.RaftServerConfigKeys (ConfUtils.java:logGet(43)) - raft.server.log.use.memory = false (default)
2019-09-20 08:37:47,707 [pool-144-thread-1] INFO  server.RaftServerConfigKeys (ConfUtils.java:logGet(43)) - raft.server.log.purge.gap = 1000000 (custom)
2019-09-20 08:37:47,707 [pool-144-thread-1] INFO  server.RaftServerConfigKeys (ConfUtils.java:logGet(43)) - raft.server.log.appender.buffer.byte-limit = 33554432 (custom)
2019-09-20 08:37:47,707 [pool-144-thread-1] INFO  server.RaftServerConfigKeys (ConfUtils.java:logGet(43)) - raft.server.log.segment.size.max = 1048576 (custom)
2019-09-20 08:37:47,707 [pool-144-thread-1] INFO  server.RaftServerConfigKeys (ConfUtils.java:logGet(43)) - raft.server.log.segment.cache.num.max = 2 (custom)
2019-09-20 08:37:47,708 [pool-144-thread-1] INFO  segmented.SegmentedRaftLogWorker (SegmentedRaftLogWorker.java:<init>(172)) - new b889c58e-4fe0-4be9-9092-901247a80a4f-SegmentedRaftLogWorker:Storage Directory /workdir/hadoop-ozone/ozonefs/target/test-dir/MiniOzoneClusterImpl-855b8ead-b066-4f2a-ac82-4f38b96b29b6/datanode-1/data/ratis/87a105ff-f5f4-46ca-8c06-61667f0676a5 for RaftStorage:Storage Directory /workdir/hadoop-ozone/ozonefs/target/test-dir/MiniOzoneClusterImpl-855b8ead-b066-4f2a-ac82-4f38b96b29b6/datanode-1/data/ratis/87a105ff-f5f4-46ca-8c06-61667f0676a5
2019-09-20 08:37:47,708 [pool-144-thread-1] INFO  server.RaftServerConfigKeys (ConfUtils.java:logGet(43)) - raft.server.log.queue.byte-limit = 2147483647 (custom)
2019-09-20 08:37:47,708 [pool-144-thread-1] INFO  server.RaftServerConfigKeys (ConfUtils.java:logGet(43)) - raft.server.log.queue.element-limit = 1024 (custom)
2019-09-20 08:37:47,708 [pool-144-thread-1] INFO  server.RaftServerConfigKeys (ConfUtils.java:logGet(43)) - raft.server.log.segment.size.max = 1048576 (custom)
2019-09-20 08:37:47,708 [pool-144-thread-1] INFO  server.RaftServerConfigKeys (ConfUtils.java:logGet(43)) - raft.server.log.preallocated.size = 16384 (custom)
2019-09-20 08:37:47,708 [pool-144-thread-1] INFO  server.RaftServerConfigKeys (ConfUtils.java:logGet(43)) - raft.server.log.write.buffer.size = 33554432 (custom)
2019-09-20 08:37:47,708 [pool-144-thread-1] INFO  server.RaftServerConfigKeys (ConfUtils.java:logGet(43)) - raft.server.log.force.sync.num = 128 (default)
2019-09-20 08:37:47,708 [pool-144-thread-1] INFO  server.RaftServerConfigKeys (ConfUtils.java:logGet(43)) - raft.server.log.statemachine.data.sync = true (default)
2019-09-20 08:37:47,709 [pool-144-thread-1] INFO  server.RaftServerConfigKeys (ConfUtils.java:logGet(43)) - raft.server.log.statemachine.data.sync.timeout = 10s (default)
2019-09-20 08:37:47,709 [pool-144-thread-1] INFO  server.RaftServerConfigKeys (ConfUtils.java:logGet(43)) - raft.server.log.statemachine.data.sync.timeout.retry = -1 (default)
2019-09-20 08:37:47,709 [pool-144-thread-1] INFO  server.RaftServerConfigKeys (ConfUtils.java:logGet(43)) - raft.server.log.statemachine.data.caching.enabled = true (custom)
2019-09-20 08:37:47,709 [pool-144-thread-1] INFO  segmented.SegmentedRaftLogWorker (SegmentedRaftLogWorker.java:lambda$new$0(132)) - b889c58e-4fe0-4be9-9092-901247a80a4f-SegmentedRaftLogWorker:Storage Directory /workdir/hadoop-ozone/ozonefs/target/test-dir/MiniOzoneClusterImpl-855b8ead-b066-4f2a-ac82-4f38b96b29b6/datanode-1/data/ratis/87a105ff-f5f4-46ca-8c06-61667f0676a5: flushIndex: setUnconditionally 0 -> -1
2019-09-20 08:37:47,709 [pool-144-thread-1] INFO  server.RaftServerConfigKeys (ConfUtils.java:logGet(43)) - raft.server.snapshot.auto.trigger.enabled = true (custom)
2019-09-20 08:37:47,710 [pool-144-thread-1] INFO  server.RaftServerConfigKeys (ConfUtils.java:logGet(43)) - raft.server.snapshot.auto.trigger.threshold = 10000 (custom)
2019-09-20 08:37:47,710 [pool-144-thread-1] INFO  server.RaftServerConfigKeys (ConfUtils.java:logGet(43)) - raft.server.retrycache.expirytime = 600000ms (custom)
2019-09-20 08:37:47,710 [pool-144-thread-1] INFO  impl.RaftServerImpl (RaftServerImpl.java:start(180)) - b889c58e-4fe0-4be9-9092-901247a80a4f: start group-61667F0676A5
2019-09-20 08:37:47,710 [pool-144-thread-1] INFO  impl.RaftServerImpl (RaftServerImpl.java:setRole(171)) - b889c58e-4fe0-4be9-9092-901247a80a4f:group-61667F0676A5 changes role from null to FOLLOWER at term 0 for startAsFollower
2019-09-20 08:37:47,710 [pool-144-thread-1] INFO  impl.RoleInfo (RoleInfo.java:updateAndGet(143)) - b889c58e-4fe0-4be9-9092-901247a80a4f: start FollowerState
2019-09-20 08:37:47,711 [pool-144-thread-1] INFO  util.JmxRegister (JmxRegister.java:tryRegister(44)) - Successfully registered JMX Bean with object name Ratis:service=RaftServer,group=group-61667F0676A5,id=b889c58e-4fe0-4be9-9092-901247a80a4f
2019-09-20 08:37:47,713 [RatisPipelineUtilsThread] INFO  pipeline.PipelineStateManager (PipelineStateManager.java:addPipeline(56)) - Created pipeline Pipeline[ Id: 87a105ff-f5f4-46ca-8c06-61667f0676a5, Nodes: b889c58e-4fe0-4be9-9092-901247a80a4f{ip: 192.168.36.79, host: pr-hdds-1569-s8kj2-2266485376, networkLocation: /default-rack, certSerialId: null}, Type:RATIS, Factor:ONE, State:OPEN]
2019-09-20 08:37:47,719 [grpc-default-executor-0] INFO  impl.RaftServerProxy (RaftServerProxy.java:addNew(89)) - b889c58e-4fe0-4be9-9092-901247a80a4f: addNew group-54BEFF5E7F9A:[b889c58e-4fe0-4be9-9092-901247a80a4f:192.168.36.79:44889] returns group-54BEFF5E7F9A:java.util.concurrent.CompletableFuture@27135e[Not completed]
2019-09-20 08:37:47,720 [pool-144-thread-1] INFO  impl.RaftServerImpl (RaftServerImpl.java:<init>(93)) - b889c58e-4fe0-4be9-9092-901247a80a4f: new RaftServerImpl for group-54BEFF5E7F9A:[b889c58e-4fe0-4be9-9092-901247a80a4f:192.168.36.79:44889] with ContainerStateMachine:uninitialized
2019-09-20 08:37:47,720 [pool-144-thread-1] INFO  server.RaftServerConfigKeys (ConfUtils.java:logGet(43)) - raft.server.rpc.timeout.min = 5s (custom)
2019-09-20 08:37:47,720 [pool-144-thread-1] INFO  server.RaftServerConfigKeys (ConfUtils.java:logGet(43)) - raft.server.rpc.timeout.max = 5200ms (custom)
2019-09-20 08:37:47,720 [pool-144-thread-1] INFO  server.RaftServerConfigKeys (ConfUtils.java:logGet(43)) - raft.server.rpcslowness.timeout = 120s (custom)
2019-09-20 08:37:47,720 [pool-144-thread-1] INFO  server.RaftServerConfigKeys (ConfUtils.java:logGet(43)) - raft.server.sleep.deviation.threshold = 300 (default)
2019-09-20 08:37:47,720 [pool-144-thread-1] INFO  server.RaftServerConfigKeys (ConfUtils.java:logGet(43)) - raft.server.log.appender.install.snapshot.enabled = false (custom)
2019-09-20 08:37:47,720 [pool-144-thread-1] INFO  impl.RaftServerImpl (ServerState.java:<init>(105)) - b889c58e-4fe0-4be9-9092-901247a80a4f:group-54BEFF5E7F9A ConfigurationManager, init=-1: [b889c58e-4fe0-4be9-9092-901247a80a4f:192.168.36.79:44889], old=null, confs=<EMPTY_MAP>
2019-09-20 08:37:47,721 [pool-144-thread-1] INFO  server.RaftServerConfigKeys (ConfUtils.java:logGet(43)) - raft.server.storage.dir = [/workdir/hadoop-ozone/ozonefs/target/test-dir/MiniOzoneClusterImpl-855b8ead-b066-4f2a-ac82-4f38b96b29b6/datanode-1/data/ratis] (custom)
2019-09-20 08:37:47,721 [pool-144-thread-1] INFO  storage.RaftStorageDirectory (RaftStorageDirectory.java:analyzeStorage(246)) - The storage directory /workdir/hadoop-ozone/ozonefs/target/test-dir/MiniOzoneClusterImpl-855b8ead-b066-4f2a-ac82-4f38b96b29b6/datanode-1/data/ratis/a7233549-f23c-46ef-91a0-54beff5e7f9a does not exist. Creating ...
2019-09-20 08:37:47,748 [pool-144-thread-1] INFO  storage.RaftStorageDirectory (RaftStorageDirectory.java:tryLock(328)) - Lock on /workdir/hadoop-ozone/ozonefs/target/test-dir/MiniOzoneClusterImpl-855b8ead-b066-4f2a-ac82-4f38b96b29b6/datanode-1/data/ratis/a7233549-f23c-46ef-91a0-54beff5e7f9a/in_use.lock acquired by nodename 25669@pr-hdds-1569-s8kj2-2266485376
2019-09-20 08:37:47,765 [pool-144-thread-1] INFO  storage.RaftStorage (RaftStorage.java:format(72)) - Storage directory /workdir/hadoop-ozone/ozonefs/target/test-dir/MiniOzoneClusterImpl-855b8ead-b066-4f2a-ac82-4f38b96b29b6/datanode-1/data/ratis/a7233549-f23c-46ef-91a0-54beff5e7f9a has been successfully formatted.
2019-09-20 08:37:47,766 [pool-144-thread-1] INFO  ratis.ContainerStateMachine (ContainerStateMachine.java:loadSnapshot(226)) - group-54BEFF5E7F9A: The snapshot info is null. Setting the last applied indexto:(t:0, i:~)
2019-09-20 08:37:47,766 [pool-144-thread-1] INFO  server.RaftServerConfigKeys (ConfUtils.java:logGet(43)) - raft.server.leader.election.timeout = 120s (custom)
2019-09-20 08:37:47,766 [pool-144-thread-1] INFO  server.RaftServerConfigKeys (ConfUtils.java:logGet(43)) - raft.server.log.use.memory = false (default)
2019-09-20 08:37:47,766 [pool-144-thread-1] INFO  server.RaftServerConfigKeys (ConfUtils.java:logGet(43)) - raft.server.log.purge.gap = 1000000 (custom)
2019-09-20 08:37:47,766 [pool-144-thread-1] INFO  server.RaftServerConfigKeys (ConfUtils.java:logGet(43)) - raft.server.log.appender.buffer.byte-limit = 33554432 (custom)
2019-09-20 08:37:47,766 [pool-144-thread-1] INFO  server.RaftServerConfigKeys (ConfUtils.java:logGet(43)) - raft.server.log.segment.size.max = 1048576 (custom)
2019-09-20 08:37:47,767 [pool-144-thread-1] INFO  server.RaftServerConfigKeys (ConfUtils.java:logGet(43)) - raft.server.log.segment.cache.num.max = 2 (custom)
2019-09-20 08:37:47,767 [pool-144-thread-1] INFO  segmented.SegmentedRaftLogWorker (SegmentedRaftLogWorker.java:<init>(172)) - new b889c58e-4fe0-4be9-9092-901247a80a4f-SegmentedRaftLogWorker:Storage Directory /workdir/hadoop-ozone/ozonefs/target/test-dir/MiniOzoneClusterImpl-855b8ead-b066-4f2a-ac82-4f38b96b29b6/datanode-1/data/ratis/a7233549-f23c-46ef-91a0-54beff5e7f9a for RaftStorage:Storage Directory /workdir/hadoop-ozone/ozonefs/target/test-dir/MiniOzoneClusterImpl-855b8ead-b066-4f2a-ac82-4f38b96b29b6/datanode-1/data/ratis/a7233549-f23c-46ef-91a0-54beff5e7f9a
2019-09-20 08:37:47,767 [pool-144-thread-1] INFO  server.RaftServerConfigKeys (ConfUtils.java:logGet(43)) - raft.server.log.queue.byte-limit = 2147483647 (custom)
2019-09-20 08:37:47,767 [pool-144-thread-1] INFO  server.RaftServerConfigKeys (ConfUtils.java:logGet(43)) - raft.server.log.queue.element-limit = 1024 (custom)
2019-09-20 08:37:47,767 [pool-144-thread-1] INFO  server.RaftServerConfigKeys (ConfUtils.java:logGet(43)) - raft.server.log.segment.size.max = 1048576 (custom)
2019-09-20 08:37:47,767 [pool-144-thread-1] INFO  server.RaftServerConfigKeys (ConfUtils.java:logGet(43)) - raft.server.log.preallocated.size = 16384 (custom)
2019-09-20 08:37:47,767 [pool-144-thread-1] INFO  server.RaftServerConfigKeys (ConfUtils.java:logGet(43)) - raft.server.log.write.buffer.size = 33554432 (custom)
2019-09-20 08:37:47,767 [pool-144-thread-1] INFO  server.RaftServerConfigKeys (ConfUtils.java:logGet(43)) - raft.server.log.force.sync.num = 128 (default)
2019-09-20 08:37:47,767 [pool-144-thread-1] INFO  server.RaftServerConfigKeys (ConfUtils.java:logGet(43)) - raft.server.log.statemachine.data.sync = true (default)
2019-09-20 08:37:47,768 [pool-144-thread-1] INFO  server.RaftServerConfigKeys (ConfUtils.java:logGet(43)) - raft.server.log.statemachine.data.sync.timeout = 10s (default)
2019-09-20 08:37:47,768 [pool-144-thread-1] INFO  server.RaftServerConfigKeys (ConfUtils.java:logGet(43)) - raft.server.log.statemachine.data.sync.timeout.retry = -1 (default)
2019-09-20 08:37:47,768 [pool-144-thread-1] INFO  server.RaftServerConfigKeys (ConfUtils.java:logGet(43)) - raft.server.log.statemachine.data.caching.enabled = true (custom)
2019-09-20 08:37:47,768 [pool-144-thread-1] INFO  segmented.SegmentedRaftLogWorker (SegmentedRaftLogWorker.java:lambda$new$0(132)) - b889c58e-4fe0-4be9-9092-901247a80a4f-SegmentedRaftLogWorker:Storage Directory /workdir/hadoop-ozone/ozonefs/target/test-dir/MiniOzoneClusterImpl-855b8ead-b066-4f2a-ac82-4f38b96b29b6/datanode-1/data/ratis/a7233549-f23c-46ef-91a0-54beff5e7f9a: flushIndex: setUnconditionally 0 -> -1
2019-09-20 08:37:47,769 [pool-144-thread-1] INFO  server.RaftServerConfigKeys (ConfUtils.java:logGet(43)) - raft.server.snapshot.auto.trigger.enabled = true (custom)
2019-09-20 08:37:47,769 [pool-144-thread-1] INFO  server.RaftServerConfigKeys (ConfUtils.java:logGet(43)) - raft.server.snapshot.auto.trigger.threshold = 10000 (custom)
2019-09-20 08:37:47,769 [pool-144-thread-1] INFO  server.RaftServerConfigKeys (ConfUtils.java:logGet(43)) - raft.server.retrycache.expirytime = 600000ms (custom)
2019-09-20 08:37:47,769 [pool-144-thread-1] INFO  impl.RaftServerImpl (RaftServerImpl.java:start(180)) - b889c58e-4fe0-4be9-9092-901247a80a4f: start group-54BEFF5E7F9A
2019-09-20 08:37:47,769 [pool-144-thread-1] INFO  impl.RaftServerImpl (RaftServerImpl.java:setRole(171)) - b889c58e-4fe0-4be9-9092-901247a80a4f:group-54BEFF5E7F9A changes role from null to FOLLOWER at term 0 for startAsFollower
2019-09-20 08:37:47,769 [pool-144-thread-1] INFO  impl.RoleInfo (RoleInfo.java:updateAndGet(143)) - b889c58e-4fe0-4be9-9092-901247a80a4f: start FollowerState
2019-09-20 08:37:47,770 [pool-144-thread-1] INFO  util.JmxRegister (JmxRegister.java:tryRegister(44)) - Successfully registered JMX Bean with object name Ratis:service=RaftServer,group=group-54BEFF5E7F9A,id=b889c58e-4fe0-4be9-9092-901247a80a4f
2019-09-20 08:37:47,773 [RatisPipelineUtilsThread] INFO  pipeline.PipelineStateManager (PipelineStateManager.java:addPipeline(56)) - Created pipeline Pipeline[ Id: a7233549-f23c-46ef-91a0-54beff5e7f9a, Nodes: b889c58e-4fe0-4be9-9092-901247a80a4f{ip: 192.168.36.79, host: pr-hdds-1569-s8kj2-2266485376, networkLocation: /default-rack, certSerialId: null}, Type:RATIS, Factor:ONE, State:OPEN]
2019-09-20 08:37:47,782 [grpc-default-executor-0] INFO  impl.RaftServerProxy (RaftServerProxy.java:addNew(89)) - 9a6a84d6-ff22-4367-bab8-0f0e0dfb03ca: addNew group-CF49CB5889B3:[9a6a84d6-ff22-4367-bab8-0f0e0dfb03ca:192.168.36.79:39089] returns group-CF49CB5889B3:java.util.concurrent.CompletableFuture@37a41e2e[Not completed]
2019-09-20 08:37:47,783 [pool-155-thread-1] INFO  impl.RaftServerImpl (RaftServerImpl.java:<init>(93)) - 9a6a84d6-ff22-4367-bab8-0f0e0dfb03ca: new RaftServerImpl for group-CF49CB5889B3:[9a6a84d6-ff22-4367-bab8-0f0e0dfb03ca:192.168.36.79:39089] with ContainerStateMachine:uninitialized
2019-09-20 08:37:47,783 [pool-155-thread-1] INFO  server.RaftServerConfigKeys (ConfUtils.java:logGet(43)) - raft.server.rpc.timeout.min = 5s (custom)
2019-09-20 08:37:47,783 [pool-155-thread-1] INFO  server.RaftServerConfigKeys (ConfUtils.java:logGet(43)) - raft.server.rpc.timeout.max = 5200ms (custom)
2019-09-20 08:37:47,784 [pool-155-thread-1] INFO  server.RaftServerConfigKeys (ConfUtils.java:logGet(43)) - raft.server.rpcslowness.timeout = 120s (custom)
2019-09-20 08:37:47,784 [pool-155-thread-1] INFO  server.RaftServerConfigKeys (ConfUtils.java:logGet(43)) - raft.server.sleep.deviation.threshold = 300 (default)
2019-09-20 08:37:47,784 [pool-155-thread-1] INFO  server.RaftServerConfigKeys (ConfUtils.java:logGet(43)) - raft.server.log.appender.install.snapshot.enabled = false (custom)
2019-09-20 08:37:47,784 [pool-155-thread-1] INFO  impl.RaftServerImpl (ServerState.java:<init>(105)) - 9a6a84d6-ff22-4367-bab8-0f0e0dfb03ca:group-CF49CB5889B3 ConfigurationManager, init=-1: [9a6a84d6-ff22-4367-bab8-0f0e0dfb03ca:192.168.36.79:39089], old=null, confs=<EMPTY_MAP>
2019-09-20 08:37:47,784 [pool-155-thread-1] INFO  server.RaftServerConfigKeys (ConfUtils.java:logGet(43)) - raft.server.storage.dir = [/workdir/hadoop-ozone/ozonefs/target/test-dir/MiniOzoneClusterImpl-855b8ead-b066-4f2a-ac82-4f38b96b29b6/datanode-2/data/ratis] (custom)
2019-09-20 08:37:47,784 [pool-155-thread-1] INFO  storage.RaftStorageDirectory (RaftStorageDirectory.java:analyzeStorage(246)) - The storage directory /workdir/hadoop-ozone/ozonefs/target/test-dir/MiniOzoneClusterImpl-855b8ead-b066-4f2a-ac82-4f38b96b29b6/datanode-2/data/ratis/3a62c3d7-d50c-4b7e-b10c-cf49cb5889b3 does not exist. Creating ...
2019-09-20 08:37:47,807 [pool-155-thread-1] INFO  storage.RaftStorageDirectory (RaftStorageDirectory.java:tryLock(328)) - Lock on /workdir/hadoop-ozone/ozonefs/target/test-dir/MiniOzoneClusterImpl-855b8ead-b066-4f2a-ac82-4f38b96b29b6/datanode-2/data/ratis/3a62c3d7-d50c-4b7e-b10c-cf49cb5889b3/in_use.lock acquired by nodename 25669@pr-hdds-1569-s8kj2-2266485376
2019-09-20 08:37:47,841 [pool-155-thread-1] INFO  storage.RaftStorage (RaftStorage.java:format(72)) - Storage directory /workdir/hadoop-ozone/ozonefs/target/test-dir/MiniOzoneClusterImpl-855b8ead-b066-4f2a-ac82-4f38b96b29b6/datanode-2/data/ratis/3a62c3d7-d50c-4b7e-b10c-cf49cb5889b3 has been successfully formatted.
2019-09-20 08:37:47,842 [pool-155-thread-1] INFO  ratis.ContainerStateMachine (ContainerStateMachine.java:loadSnapshot(226)) - group-CF49CB5889B3: The snapshot info is null. Setting the last applied indexto:(t:0, i:~)
2019-09-20 08:37:47,842 [pool-155-thread-1] INFO  server.RaftServerConfigKeys (ConfUtils.java:logGet(43)) - raft.server.leader.election.timeout = 120s (custom)
2019-09-20 08:37:47,842 [pool-155-thread-1] INFO  server.RaftServerConfigKeys (ConfUtils.java:logGet(43)) - raft.server.log.use.memory = false (default)
2019-09-20 08:37:47,842 [pool-155-thread-1] INFO  server.RaftServerConfigKeys (ConfUtils.java:logGet(43)) - raft.server.log.purge.gap = 1000000 (custom)
2019-09-20 08:37:47,842 [pool-155-thread-1] INFO  server.RaftServerConfigKeys (ConfUtils.java:logGet(43)) - raft.server.log.appender.buffer.byte-limit = 33554432 (custom)
2019-09-20 08:37:47,843 [pool-155-thread-1] INFO  server.RaftServerConfigKeys (ConfUtils.java:logGet(43)) - raft.server.log.segment.size.max = 1048576 (custom)
2019-09-20 08:37:47,843 [pool-155-thread-1] INFO  server.RaftServerConfigKeys (ConfUtils.java:logGet(43)) - raft.server.log.segment.cache.num.max = 2 (custom)
2019-09-20 08:37:47,843 [pool-155-thread-1] INFO  segmented.SegmentedRaftLogWorker (SegmentedRaftLogWorker.java:<init>(172)) - new 9a6a84d6-ff22-4367-bab8-0f0e0dfb03ca-SegmentedRaftLogWorker:Storage Directory /workdir/hadoop-ozone/ozonefs/target/test-dir/MiniOzoneClusterImpl-855b8ead-b066-4f2a-ac82-4f38b96b29b6/datanode-2/data/ratis/3a62c3d7-d50c-4b7e-b10c-cf49cb5889b3 for RaftStorage:Storage Directory /workdir/hadoop-ozone/ozonefs/target/test-dir/MiniOzoneClusterImpl-855b8ead-b066-4f2a-ac82-4f38b96b29b6/datanode-2/data/ratis/3a62c3d7-d50c-4b7e-b10c-cf49cb5889b3
2019-09-20 08:37:47,843 [pool-155-thread-1] INFO  server.RaftServerConfigKeys (ConfUtils.java:logGet(43)) - raft.server.log.queue.byte-limit = 2147483647 (custom)
2019-09-20 08:37:47,843 [pool-155-thread-1] INFO  server.RaftServerConfigKeys (ConfUtils.java:logGet(43)) - raft.server.log.queue.element-limit = 1024 (custom)
2019-09-20 08:37:47,844 [pool-155-thread-1] INFO  server.RaftServerConfigKeys (ConfUtils.java:logGet(43)) - raft.server.log.segment.size.max = 1048576 (custom)
2019-09-20 08:37:47,844 [pool-155-thread-1] INFO  server.RaftServerConfigKeys (ConfUtils.java:logGet(43)) - raft.server.log.preallocated.size = 16384 (custom)
2019-09-20 08:37:47,844 [pool-155-thread-1] INFO  server.RaftServerConfigKeys (ConfUtils.java:logGet(43)) - raft.server.log.write.buffer.size = 33554432 (custom)
2019-09-20 08:37:47,844 [pool-155-thread-1] INFO  server.RaftServerConfigKeys (ConfUtils.java:logGet(43)) - raft.server.log.force.sync.num = 128 (default)
2019-09-20 08:37:47,844 [pool-155-thread-1] INFO  server.RaftServerConfigKeys (ConfUtils.java:logGet(43)) - raft.server.log.statemachine.data.sync = true (default)
2019-09-20 08:37:47,844 [pool-155-thread-1] INFO  server.RaftServerConfigKeys (ConfUtils.java:logGet(43)) - raft.server.log.statemachine.data.sync.timeout = 10s (default)
2019-09-20 08:37:47,844 [pool-155-thread-1] INFO  server.RaftServerConfigKeys (ConfUtils.java:logGet(43)) - raft.server.log.statemachine.data.sync.timeout.retry = -1 (default)
2019-09-20 08:37:47,845 [pool-155-thread-1] INFO  server.RaftServerConfigKeys (ConfUtils.java:logGet(43)) - raft.server.log.statemachine.data.caching.enabled = true (custom)
2019-09-20 08:37:47,845 [pool-155-thread-1] INFO  segmented.SegmentedRaftLogWorker (SegmentedRaftLogWorker.java:lambda$new$0(132)) - 9a6a84d6-ff22-4367-bab8-0f0e0dfb03ca-SegmentedRaftLogWorker:Storage Directory /workdir/hadoop-ozone/ozonefs/target/test-dir/MiniOzoneClusterImpl-855b8ead-b066-4f2a-ac82-4f38b96b29b6/datanode-2/data/ratis/3a62c3d7-d50c-4b7e-b10c-cf49cb5889b3: flushIndex: setUnconditionally 0 -> -1
2019-09-20 08:37:47,845 [pool-155-thread-1] INFO  server.RaftServerConfigKeys (ConfUtils.java:logGet(43)) - raft.server.snapshot.auto.trigger.enabled = true (custom)
2019-09-20 08:37:47,846 [pool-155-thread-1] INFO  server.RaftServerConfigKeys (ConfUtils.java:logGet(43)) - raft.server.snapshot.auto.trigger.threshold = 10000 (custom)
2019-09-20 08:37:47,846 [pool-155-thread-1] INFO  server.RaftServerConfigKeys (ConfUtils.java:logGet(43)) - raft.server.retrycache.expirytime = 600000ms (custom)
2019-09-20 08:37:47,846 [pool-155-thread-1] INFO  impl.RaftServerImpl (RaftServerImpl.java:start(180)) - 9a6a84d6-ff22-4367-bab8-0f0e0dfb03ca: start group-CF49CB5889B3
2019-09-20 08:37:47,846 [pool-155-thread-1] INFO  impl.RaftServerImpl (RaftServerImpl.java:setRole(171)) - 9a6a84d6-ff22-4367-bab8-0f0e0dfb03ca:group-CF49CB5889B3 changes role from null to FOLLOWER at term 0 for startAsFollower
2019-09-20 08:37:47,846 [pool-155-thread-1] INFO  impl.RoleInfo (RoleInfo.java:updateAndGet(143)) - 9a6a84d6-ff22-4367-bab8-0f0e0dfb03ca: start FollowerState
2019-09-20 08:37:47,847 [pool-155-thread-1] INFO  util.JmxRegister (JmxRegister.java:tryRegister(44)) - Successfully registered JMX Bean with object name Ratis:service=RaftServer,group=group-CF49CB5889B3,id=9a6a84d6-ff22-4367-bab8-0f0e0dfb03ca
2019-09-20 08:37:47,850 [RatisPipelineUtilsThread] INFO  pipeline.PipelineStateManager (PipelineStateManager.java:addPipeline(56)) - Created pipeline Pipeline[ Id: 3a62c3d7-d50c-4b7e-b10c-cf49cb5889b3, Nodes: 9a6a84d6-ff22-4367-bab8-0f0e0dfb03ca{ip: 192.168.36.79, host: pr-hdds-1569-s8kj2-2266485376, networkLocation: /default-rack, certSerialId: null}, Type:RATIS, Factor:ONE, State:OPEN]
2019-09-20 08:37:47,856 [grpc-default-executor-0] INFO  impl.RaftServerProxy (RaftServerProxy.java:addNew(89)) - b889c58e-4fe0-4be9-9092-901247a80a4f: addNew group-47FCE720E348:[b889c58e-4fe0-4be9-9092-901247a80a4f:192.168.36.79:44889] returns group-47FCE720E348:java.util.concurrent.CompletableFuture@215c0906[Not completed]
2019-09-20 08:37:47,858 [pool-144-thread-1] INFO  impl.RaftServerImpl (RaftServerImpl.java:<init>(93)) - b889c58e-4fe0-4be9-9092-901247a80a4f: new RaftServerImpl for group-47FCE720E348:[b889c58e-4fe0-4be9-9092-901247a80a4f:192.168.36.79:44889] with ContainerStateMachine:uninitialized
2019-09-20 08:37:47,858 [pool-144-thread-1] INFO  server.RaftServerConfigKeys (ConfUtils.java:logGet(43)) - raft.server.rpc.timeout.min = 5s (custom)
2019-09-20 08:37:47,858 [pool-144-thread-1] INFO  server.RaftServerConfigKeys (ConfUtils.java:logGet(43)) - raft.server.rpc.timeout.max = 5200ms (custom)
2019-09-20 08:37:47,858 [pool-144-thread-1] INFO  server.RaftServerConfigKeys (ConfUtils.java:logGet(43)) - raft.server.rpcslowness.timeout = 120s (custom)
2019-09-20 08:37:47,859 [pool-144-thread-1] INFO  server.RaftServerConfigKeys (ConfUtils.java:logGet(43)) - raft.server.sleep.deviation.threshold = 300 (default)
2019-09-20 08:37:47,859 [pool-144-thread-1] INFO  server.RaftServerConfigKeys (ConfUtils.java:logGet(43)) - raft.server.log.appender.install.snapshot.enabled = false (custom)
2019-09-20 08:37:47,859 [pool-144-thread-1] INFO  impl.RaftServerImpl (ServerState.java:<init>(105)) - b889c58e-4fe0-4be9-9092-901247a80a4f:group-47FCE720E348 ConfigurationManager, init=-1: [b889c58e-4fe0-4be9-9092-901247a80a4f:192.168.36.79:44889], old=null, confs=<EMPTY_MAP>
2019-09-20 08:37:47,859 [pool-144-thread-1] INFO  server.RaftServerConfigKeys (ConfUtils.java:logGet(43)) - raft.server.storage.dir = [/workdir/hadoop-ozone/ozonefs/target/test-dir/MiniOzoneClusterImpl-855b8ead-b066-4f2a-ac82-4f38b96b29b6/datanode-1/data/ratis] (custom)
2019-09-20 08:37:47,860 [pool-144-thread-1] INFO  storage.RaftStorageDirectory (RaftStorageDirectory.java:analyzeStorage(246)) - The storage directory /workdir/hadoop-ozone/ozonefs/target/test-dir/MiniOzoneClusterImpl-855b8ead-b066-4f2a-ac82-4f38b96b29b6/datanode-1/data/ratis/0f63b613-f44f-4820-a6b1-47fce720e348 does not exist. Creating ...
2019-09-20 08:37:47,883 [pool-144-thread-1] INFO  storage.RaftStorageDirectory (RaftStorageDirectory.java:tryLock(328)) - Lock on /workdir/hadoop-ozone/ozonefs/target/test-dir/MiniOzoneClusterImpl-855b8ead-b066-4f2a-ac82-4f38b96b29b6/datanode-1/data/ratis/0f63b613-f44f-4820-a6b1-47fce720e348/in_use.lock acquired by nodename 25669@pr-hdds-1569-s8kj2-2266485376
2019-09-20 08:37:47,901 [pool-144-thread-1] INFO  storage.RaftStorage (RaftStorage.java:format(72)) - Storage directory /workdir/hadoop-ozone/ozonefs/target/test-dir/MiniOzoneClusterImpl-855b8ead-b066-4f2a-ac82-4f38b96b29b6/datanode-1/data/ratis/0f63b613-f44f-4820-a6b1-47fce720e348 has been successfully formatted.
2019-09-20 08:37:47,902 [pool-144-thread-1] INFO  ratis.ContainerStateMachine (ContainerStateMachine.java:loadSnapshot(226)) - group-47FCE720E348: The snapshot info is null. Setting the last applied indexto:(t:0, i:~)
2019-09-20 08:37:47,902 [pool-144-thread-1] INFO  server.RaftServerConfigKeys (ConfUtils.java:logGet(43)) - raft.server.leader.election.timeout = 120s (custom)
2019-09-20 08:37:47,902 [pool-144-thread-1] INFO  server.RaftServerConfigKeys (ConfUtils.java:logGet(43)) - raft.server.log.use.memory = false (default)
2019-09-20 08:37:47,902 [pool-144-thread-1] INFO  server.RaftServerConfigKeys (ConfUtils.java:logGet(43)) - raft.server.log.purge.gap = 1000000 (custom)
2019-09-20 08:37:47,902 [pool-144-thread-1] INFO  server.RaftServerConfigKeys (ConfUtils.java:logGet(43)) - raft.server.log.appender.buffer.byte-limit = 33554432 (custom)
2019-09-20 08:37:47,902 [pool-144-thread-1] INFO  server.RaftServerConfigKeys (ConfUtils.java:logGet(43)) - raft.server.log.segment.size.max = 1048576 (custom)
2019-09-20 08:37:47,903 [pool-144-thread-1] INFO  server.RaftServerConfigKeys (ConfUtils.java:logGet(43)) - raft.server.log.segment.cache.num.max = 2 (custom)
2019-09-20 08:37:47,903 [pool-144-thread-1] INFO  segmented.SegmentedRaftLogWorker (SegmentedRaftLogWorker.java:<init>(172)) - new b889c58e-4fe0-4be9-9092-901247a80a4f-SegmentedRaftLogWorker:Storage Directory /workdir/hadoop-ozone/ozonefs/target/test-dir/MiniOzoneClusterImpl-855b8ead-b066-4f2a-ac82-4f38b96b29b6/datanode-1/data/ratis/0f63b613-f44f-4820-a6b1-47fce720e348 for RaftStorage:Storage Directory /workdir/hadoop-ozone/ozonefs/target/test-dir/MiniOzoneClusterImpl-855b8ead-b066-4f2a-ac82-4f38b96b29b6/datanode-1/data/ratis/0f63b613-f44f-4820-a6b1-47fce720e348
2019-09-20 08:37:47,903 [pool-144-thread-1] INFO  server.RaftServerConfigKeys (ConfUtils.java:logGet(43)) - raft.server.log.queue.byte-limit = 2147483647 (custom)
2019-09-20 08:37:47,903 [pool-144-thread-1] INFO  server.RaftServerConfigKeys (ConfUtils.java:logGet(43)) - raft.server.log.queue.element-limit = 1024 (custom)
2019-09-20 08:37:47,903 [pool-144-thread-1] INFO  server.RaftServerConfigKeys (ConfUtils.java:logGet(43)) - raft.server.log.segment.size.max = 1048576 (custom)
2019-09-20 08:37:47,903 [pool-144-thread-1] INFO  server.RaftServerConfigKeys (ConfUtils.java:logGet(43)) - raft.server.log.preallocated.size = 16384 (custom)
2019-09-20 08:37:47,904 [pool-144-thread-1] INFO  server.RaftServerConfigKeys (ConfUtils.java:logGet(43)) - raft.server.log.write.buffer.size = 33554432 (custom)
2019-09-20 08:37:47,904 [pool-144-thread-1] INFO  server.RaftServerConfigKeys (ConfUtils.java:logGet(43)) - raft.server.log.force.sync.num = 128 (default)
2019-09-20 08:37:47,904 [pool-144-thread-1] INFO  server.RaftServerConfigKeys (ConfUtils.java:logGet(43)) - raft.server.log.statemachine.data.sync = true (default)
2019-09-20 08:37:47,904 [pool-144-thread-1] INFO  server.RaftServerConfigKeys (ConfUtils.java:logGet(43)) - raft.server.log.statemachine.data.sync.timeout = 10s (default)
2019-09-20 08:37:47,904 [pool-144-thread-1] INFO  server.RaftServerConfigKeys (ConfUtils.java:logGet(43)) - raft.server.log.statemachine.data.sync.timeout.retry = -1 (default)
2019-09-20 08:37:47,904 [pool-144-thread-1] INFO  server.RaftServerConfigKeys (ConfUtils.java:logGet(43)) - raft.server.log.statemachine.data.caching.enabled = true (custom)
2019-09-20 08:37:47,905 [pool-144-thread-1] INFO  segmented.SegmentedRaftLogWorker (SegmentedRaftLogWorker.java:lambda$new$0(132)) - b889c58e-4fe0-4be9-9092-901247a80a4f-SegmentedRaftLogWorker:Storage Directory /workdir/hadoop-ozone/ozonefs/target/test-dir/MiniOzoneClusterImpl-855b8ead-b066-4f2a-ac82-4f38b96b29b6/datanode-1/data/ratis/0f63b613-f44f-4820-a6b1-47fce720e348: flushIndex: setUnconditionally 0 -> -1
2019-09-20 08:37:47,905 [pool-144-thread-1] INFO  server.RaftServerConfigKeys (ConfUtils.java:logGet(43)) - raft.server.snapshot.auto.trigger.enabled = true (custom)
2019-09-20 08:37:47,905 [pool-144-thread-1] INFO  server.RaftServerConfigKeys (ConfUtils.java:logGet(43)) - raft.server.snapshot.auto.trigger.threshold = 10000 (custom)
2019-09-20 08:37:47,906 [pool-144-thread-1] INFO  server.RaftServerConfigKeys (ConfUtils.java:logGet(43)) - raft.server.retrycache.expirytime = 600000ms (custom)
2019-09-20 08:37:47,906 [pool-144-thread-1] INFO  impl.RaftServerImpl (RaftServerImpl.java:start(180)) - b889c58e-4fe0-4be9-9092-901247a80a4f: start group-47FCE720E348
2019-09-20 08:37:47,906 [pool-144-thread-1] INFO  impl.RaftServerImpl (RaftServerImpl.java:setRole(171)) - b889c58e-4fe0-4be9-9092-901247a80a4f:group-47FCE720E348 changes role from null to FOLLOWER at term 0 for startAsFollower
2019-09-20 08:37:47,906 [pool-144-thread-1] INFO  impl.RoleInfo (RoleInfo.java:updateAndGet(143)) - b889c58e-4fe0-4be9-9092-901247a80a4f: start FollowerState
2019-09-20 08:37:47,907 [pool-144-thread-1] INFO  util.JmxRegister (JmxRegister.java:tryRegister(44)) - Successfully registered JMX Bean with object name Ratis:service=RaftServer,group=group-47FCE720E348,id=b889c58e-4fe0-4be9-9092-901247a80a4f
2019-09-20 08:37:47,910 [RatisPipelineUtilsThread] INFO  pipeline.PipelineStateManager (PipelineStateManager.java:addPipeline(56)) - Created pipeline Pipeline[ Id: 0f63b613-f44f-4820-a6b1-47fce720e348, Nodes: b889c58e-4fe0-4be9-9092-901247a80a4f{ip: 192.168.36.79, host: pr-hdds-1569-s8kj2-2266485376, networkLocation: /default-rack, certSerialId: null}, Type:RATIS, Factor:ONE, State:OPEN]
2019-09-20 08:37:47,916 [grpc-default-executor-0] INFO  impl.RaftServerProxy (RaftServerProxy.java:addNew(89)) - b889c58e-4fe0-4be9-9092-901247a80a4f: addNew group-F734B7ECB14B:[b889c58e-4fe0-4be9-9092-901247a80a4f:192.168.36.79:44889] returns group-F734B7ECB14B:java.util.concurrent.CompletableFuture@2a41db87[Not completed]
2019-09-20 08:37:47,918 [pool-144-thread-1] INFO  impl.RaftServerImpl (RaftServerImpl.java:<init>(93)) - b889c58e-4fe0-4be9-9092-901247a80a4f: new RaftServerImpl for group-F734B7ECB14B:[b889c58e-4fe0-4be9-9092-901247a80a4f:192.168.36.79:44889] with ContainerStateMachine:uninitialized
2019-09-20 08:37:47,918 [pool-144-thread-1] INFO  server.RaftServerConfigKeys (ConfUtils.java:logGet(43)) - raft.server.rpc.timeout.min = 5s (custom)
2019-09-20 08:37:47,918 [pool-144-thread-1] INFO  server.RaftServerConfigKeys (ConfUtils.java:logGet(43)) - raft.server.rpc.timeout.max = 5200ms (custom)
2019-09-20 08:37:47,918 [pool-144-thread-1] INFO  server.RaftServerConfigKeys (ConfUtils.java:logGet(43)) - raft.server.rpcslowness.timeout = 120s (custom)
2019-09-20 08:37:47,918 [pool-144-thread-1] INFO  server.RaftServerConfigKeys (ConfUtils.java:logGet(43)) - raft.server.sleep.deviation.threshold = 300 (default)
2019-09-20 08:37:47,918 [pool-144-thread-1] INFO  server.RaftServerConfigKeys (ConfUtils.java:logGet(43)) - raft.server.log.appender.install.snapshot.enabled = false (custom)
2019-09-20 08:37:47,918 [pool-144-thread-1] INFO  impl.RaftServerImpl (ServerState.java:<init>(105)) - b889c58e-4fe0-4be9-9092-901247a80a4f:group-F734B7ECB14B ConfigurationManager, init=-1: [b889c58e-4fe0-4be9-9092-901247a80a4f:192.168.36.79:44889], old=null, confs=<EMPTY_MAP>
2019-09-20 08:37:47,919 [pool-144-thread-1] INFO  server.RaftServerConfigKeys (ConfUtils.java:logGet(43)) - raft.server.storage.dir = [/workdir/hadoop-ozone/ozonefs/target/test-dir/MiniOzoneClusterImpl-855b8ead-b066-4f2a-ac82-4f38b96b29b6/datanode-1/data/ratis] (custom)
2019-09-20 08:37:47,919 [pool-144-thread-1] INFO  storage.RaftStorageDirectory (RaftStorageDirectory.java:analyzeStorage(246)) - The storage directory /workdir/hadoop-ozone/ozonefs/target/test-dir/MiniOzoneClusterImpl-855b8ead-b066-4f2a-ac82-4f38b96b29b6/datanode-1/data/ratis/87e5bc65-429f-4222-aebf-f734b7ecb14b does not exist. Creating ...
2019-09-20 08:37:47,935 [pool-144-thread-1] INFO  storage.RaftStorageDirectory (RaftStorageDirectory.java:tryLock(328)) - Lock on /workdir/hadoop-ozone/ozonefs/target/test-dir/MiniOzoneClusterImpl-855b8ead-b066-4f2a-ac82-4f38b96b29b6/datanode-1/data/ratis/87e5bc65-429f-4222-aebf-f734b7ecb14b/in_use.lock acquired by nodename 25669@pr-hdds-1569-s8kj2-2266485376
2019-09-20 08:37:47,952 [pool-144-thread-1] INFO  storage.RaftStorage (RaftStorage.java:format(72)) - Storage directory /workdir/hadoop-ozone/ozonefs/target/test-dir/MiniOzoneClusterImpl-855b8ead-b066-4f2a-ac82-4f38b96b29b6/datanode-1/data/ratis/87e5bc65-429f-4222-aebf-f734b7ecb14b has been successfully formatted.
2019-09-20 08:37:47,952 [pool-144-thread-1] INFO  ratis.ContainerStateMachine (ContainerStateMachine.java:loadSnapshot(226)) - group-F734B7ECB14B: The snapshot info is null. Setting the last applied indexto:(t:0, i:~)
2019-09-20 08:37:47,952 [pool-144-thread-1] INFO  server.RaftServerConfigKeys (ConfUtils.java:logGet(43)) - raft.server.leader.election.timeout = 120s (custom)
2019-09-20 08:37:47,953 [pool-144-thread-1] INFO  server.RaftServerConfigKeys (ConfUtils.java:logGet(43)) - raft.server.log.use.memory = false (default)
2019-09-20 08:37:47,953 [pool-144-thread-1] INFO  server.RaftServerConfigKeys (ConfUtils.java:logGet(43)) - raft.server.log.purge.gap = 1000000 (custom)
2019-09-20 08:37:47,953 [pool-144-thread-1] INFO  server.RaftServerConfigKeys (ConfUtils.java:logGet(43)) - raft.server.log.appender.buffer.byte-limit = 33554432 (custom)
2019-09-20 08:37:47,953 [pool-144-thread-1] INFO  server.RaftServerConfigKeys (ConfUtils.java:logGet(43)) - raft.server.log.segment.size.max = 1048576 (custom)
2019-09-20 08:37:47,953 [pool-144-thread-1] INFO  server.RaftServerConfigKeys (ConfUtils.java:logGet(43)) - raft.server.log.segment.cache.num.max = 2 (custom)
2019-09-20 08:37:47,953 [pool-144-thread-1] INFO  segmented.SegmentedRaftLogWorker (SegmentedRaftLogWorker.java:<init>(172)) - new b889c58e-4fe0-4be9-9092-901247a80a4f-SegmentedRaftLogWorker:Storage Directory /workdir/hadoop-ozone/ozonefs/target/test-dir/MiniOzoneClusterImpl-855b8ead-b066-4f2a-ac82-4f38b96b29b6/datanode-1/data/ratis/87e5bc65-429f-4222-aebf-f734b7ecb14b for RaftStorage:Storage Directory /workdir/hadoop-ozone/ozonefs/target/test-dir/MiniOzoneClusterImpl-855b8ead-b066-4f2a-ac82-4f38b96b29b6/datanode-1/data/ratis/87e5bc65-429f-4222-aebf-f734b7ecb14b
2019-09-20 08:37:47,953 [pool-144-thread-1] INFO  server.RaftServerConfigKeys (ConfUtils.java:logGet(43)) - raft.server.log.queue.byte-limit = 2147483647 (custom)
2019-09-20 08:37:47,954 [pool-144-thread-1] INFO  server.RaftServerConfigKeys (ConfUtils.java:logGet(43)) - raft.server.log.queue.element-limit = 1024 (custom)
2019-09-20 08:37:47,954 [pool-144-thread-1] INFO  server.RaftServerConfigKeys (ConfUtils.java:logGet(43)) - raft.server.log.segment.size.max = 1048576 (custom)
2019-09-20 08:37:47,954 [pool-144-thread-1] INFO  server.RaftServerConfigKeys (ConfUtils.java:logGet(43)) - raft.server.log.preallocated.size = 16384 (custom)
2019-09-20 08:37:47,954 [pool-144-thread-1] INFO  server.RaftServerConfigKeys (ConfUtils.java:logGet(43)) - raft.server.log.write.buffer.size = 33554432 (custom)
2019-09-20 08:37:47,954 [pool-144-thread-1] INFO  server.RaftServerConfigKeys (ConfUtils.java:logGet(43)) - raft.server.log.force.sync.num = 128 (default)
2019-09-20 08:37:47,954 [pool-144-thread-1] INFO  server.RaftServerConfigKeys (ConfUtils.java:logGet(43)) - raft.server.log.statemachine.data.sync = true (default)
2019-09-20 08:37:47,954 [pool-144-thread-1] INFO  server.RaftServerConfigKeys (ConfUtils.java:logGet(43)) - raft.server.log.statemachine.data.sync.timeout = 10s (default)
2019-09-20 08:37:47,954 [pool-144-thread-1] INFO  server.RaftServerConfigKeys (ConfUtils.java:logGet(43)) - raft.server.log.statemachine.data.sync.timeout.retry = -1 (default)
2019-09-20 08:37:47,955 [pool-144-thread-1] INFO  server.RaftServerConfigKeys (ConfUtils.java:logGet(43)) - raft.server.log.statemachine.data.caching.enabled = true (custom)
2019-09-20 08:37:47,955 [pool-144-thread-1] INFO  segmented.SegmentedRaftLogWorker (SegmentedRaftLogWorker.java:lambda$new$0(132)) - b889c58e-4fe0-4be9-9092-901247a80a4f-SegmentedRaftLogWorker:Storage Directory /workdir/hadoop-ozone/ozonefs/target/test-dir/MiniOzoneClusterImpl-855b8ead-b066-4f2a-ac82-4f38b96b29b6/datanode-1/data/ratis/87e5bc65-429f-4222-aebf-f734b7ecb14b: flushIndex: setUnconditionally 0 -> -1
2019-09-20 08:37:47,955 [pool-144-thread-1] INFO  server.RaftServerConfigKeys (ConfUtils.java:logGet(43)) - raft.server.snapshot.auto.trigger.enabled = true (custom)
2019-09-20 08:37:47,955 [pool-144-thread-1] INFO  server.RaftServerConfigKeys (ConfUtils.java:logGet(43)) - raft.server.snapshot.auto.trigger.threshold = 10000 (custom)
2019-09-20 08:37:47,956 [pool-144-thread-1] INFO  server.RaftServerConfigKeys (ConfUtils.java:logGet(43)) - raft.server.retrycache.expirytime = 600000ms (custom)
2019-09-20 08:37:47,956 [pool-144-thread-1] INFO  impl.RaftServerImpl (RaftServerImpl.java:start(180)) - b889c58e-4fe0-4be9-9092-901247a80a4f: start group-F734B7ECB14B
2019-09-20 08:37:47,956 [pool-144-thread-1] INFO  impl.RaftServerImpl (RaftServerImpl.java:setRole(171)) - b889c58e-4fe0-4be9-9092-901247a80a4f:group-F734B7ECB14B changes role from null to FOLLOWER at term 0 for startAsFollower
2019-09-20 08:37:47,956 [pool-144-thread-1] INFO  impl.RoleInfo (RoleInfo.java:updateAndGet(143)) - b889c58e-4fe0-4be9-9092-901247a80a4f: start FollowerState
2019-09-20 08:37:47,956 [pool-144-thread-1] INFO  util.JmxRegister (JmxRegister.java:tryRegister(44)) - Successfully registered JMX Bean with object name Ratis:service=RaftServer,group=group-F734B7ECB14B,id=b889c58e-4fe0-4be9-9092-901247a80a4f
2019-09-20 08:37:47,960 [RatisPipelineUtilsThread] INFO  pipeline.PipelineStateManager (PipelineStateManager.java:addPipeline(56)) - Created pipeline Pipeline[ Id: 87e5bc65-429f-4222-aebf-f734b7ecb14b, Nodes: b889c58e-4fe0-4be9-9092-901247a80a4f{ip: 192.168.36.79, host: pr-hdds-1569-s8kj2-2266485376, networkLocation: /default-rack, certSerialId: null}, Type:RATIS, Factor:ONE, State:OPEN]
2019-09-20 08:37:47,960 [RatisPipelineUtilsThread] INFO  pipeline.PipelinePlacementPolicy (PipelinePlacementPolicy.java:meetCriteria(91)) - Pipeline Placement: Doesn't meet the criteria to be viable node： b889c58e-4fe0-4be9-9092-901247a80a4f Heaviness: 6 limit: 5
2019-09-20 08:37:47,966 [grpc-default-executor-0] INFO  impl.RaftServerProxy (RaftServerProxy.java:addNew(89)) - f0549359-73a8-43a9-8479-5d696f050b37: addNew group-13125FA92646:[f0549359-73a8-43a9-8479-5d696f050b37:192.168.36.79:43263] returns group-13125FA92646:java.util.concurrent.CompletableFuture@6e038a13[Not completed]
2019-09-20 08:37:47,968 [pool-133-thread-1] INFO  impl.RaftServerImpl (RaftServerImpl.java:<init>(93)) - f0549359-73a8-43a9-8479-5d696f050b37: new RaftServerImpl for group-13125FA92646:[f0549359-73a8-43a9-8479-5d696f050b37:192.168.36.79:43263] with ContainerStateMachine:uninitialized
2019-09-20 08:37:47,968 [pool-133-thread-1] INFO  server.RaftServerConfigKeys (ConfUtils.java:logGet(43)) - raft.server.rpc.timeout.min = 5s (custom)
2019-09-20 08:37:47,968 [pool-133-thread-1] INFO  server.RaftServerConfigKeys (ConfUtils.java:logGet(43)) - raft.server.rpc.timeout.max = 5200ms (custom)
2019-09-20 08:37:47,968 [pool-133-thread-1] INFO  server.RaftServerConfigKeys (ConfUtils.java:logGet(43)) - raft.server.rpcslowness.timeout = 120s (custom)
2019-09-20 08:37:47,968 [pool-133-thread-1] INFO  server.RaftServerConfigKeys (ConfUtils.java:logGet(43)) - raft.server.sleep.deviation.threshold = 300 (default)
2019-09-20 08:37:47,969 [pool-133-thread-1] INFO  server.RaftServerConfigKeys (ConfUtils.java:logGet(43)) - raft.server.log.appender.install.snapshot.enabled = false (custom)
2019-09-20 08:37:47,969 [pool-133-thread-1] INFO  impl.RaftServerImpl (ServerState.java:<init>(105)) - f0549359-73a8-43a9-8479-5d696f050b37:group-13125FA92646 ConfigurationManager, init=-1: [f0549359-73a8-43a9-8479-5d696f050b37:192.168.36.79:43263], old=null, confs=<EMPTY_MAP>
2019-09-20 08:37:47,969 [pool-133-thread-1] INFO  server.RaftServerConfigKeys (ConfUtils.java:logGet(43)) - raft.server.storage.dir = [/workdir/hadoop-ozone/ozonefs/target/test-dir/MiniOzoneClusterImpl-855b8ead-b066-4f2a-ac82-4f38b96b29b6/datanode-0/data/ratis] (custom)
2019-09-20 08:37:47,969 [pool-133-thread-1] INFO  storage.RaftStorageDirectory (RaftStorageDirectory.java:analyzeStorage(246)) - The storage directory /workdir/hadoop-ozone/ozonefs/target/test-dir/MiniOzoneClusterImpl-855b8ead-b066-4f2a-ac82-4f38b96b29b6/datanode-0/data/ratis/5169b976-3f82-465c-8527-13125fa92646 does not exist. Creating ...
2019-09-20 08:37:48,011 [pool-133-thread-1] INFO  storage.RaftStorageDirectory (RaftStorageDirectory.java:tryLock(328)) - Lock on /workdir/hadoop-ozone/ozonefs/target/test-dir/MiniOzoneClusterImpl-855b8ead-b066-4f2a-ac82-4f38b96b29b6/datanode-0/data/ratis/5169b976-3f82-465c-8527-13125fa92646/in_use.lock acquired by nodename 25669@pr-hdds-1569-s8kj2-2266485376
2019-09-20 08:37:48,044 [pool-133-thread-1] INFO  storage.RaftStorage (RaftStorage.java:format(72)) - Storage directory /workdir/hadoop-ozone/ozonefs/target/test-dir/MiniOzoneClusterImpl-855b8ead-b066-4f2a-ac82-4f38b96b29b6/datanode-0/data/ratis/5169b976-3f82-465c-8527-13125fa92646 has been successfully formatted.
2019-09-20 08:37:48,045 [pool-133-thread-1] INFO  ratis.ContainerStateMachine (ContainerStateMachine.java:loadSnapshot(226)) - group-13125FA92646: The snapshot info is null. Setting the last applied indexto:(t:0, i:~)
2019-09-20 08:37:48,045 [pool-133-thread-1] INFO  server.RaftServerConfigKeys (ConfUtils.java:logGet(43)) - raft.server.leader.election.timeout = 120s (custom)
2019-09-20 08:37:48,045 [pool-133-thread-1] INFO  server.RaftServerConfigKeys (ConfUtils.java:logGet(43)) - raft.server.log.use.memory = false (default)
2019-09-20 08:37:48,045 [pool-133-thread-1] INFO  server.RaftServerConfigKeys (ConfUtils.java:logGet(43)) - raft.server.log.purge.gap = 1000000 (custom)
2019-09-20 08:37:48,046 [pool-133-thread-1] INFO  server.RaftServerConfigKeys (ConfUtils.java:logGet(43)) - raft.server.log.appender.buffer.byte-limit = 33554432 (custom)
2019-09-20 08:37:48,046 [pool-133-thread-1] INFO  server.RaftServerConfigKeys (ConfUtils.java:logGet(43)) - raft.server.log.segment.size.max = 1048576 (custom)
2019-09-20 08:37:48,046 [pool-133-thread-1] INFO  server.RaftServerConfigKeys (ConfUtils.java:logGet(43)) - raft.server.log.segment.cache.num.max = 2 (custom)
2019-09-20 08:37:48,046 [pool-133-thread-1] INFO  segmented.SegmentedRaftLogWorker (SegmentedRaftLogWorker.java:<init>(172)) - new f0549359-73a8-43a9-8479-5d696f050b37-SegmentedRaftLogWorker:Storage Directory /workdir/hadoop-ozone/ozonefs/target/test-dir/MiniOzoneClusterImpl-855b8ead-b066-4f2a-ac82-4f38b96b29b6/datanode-0/data/ratis/5169b976-3f82-465c-8527-13125fa92646 for RaftStorage:Storage Directory /workdir/hadoop-ozone/ozonefs/target/test-dir/MiniOzoneClusterImpl-855b8ead-b066-4f2a-ac82-4f38b96b29b6/datanode-0/data/ratis/5169b976-3f82-465c-8527-13125fa92646
2019-09-20 08:37:48,046 [pool-133-thread-1] INFO  server.RaftServerConfigKeys (ConfUtils.java:logGet(43)) - raft.server.log.queue.byte-limit = 2147483647 (custom)
2019-09-20 08:37:48,046 [pool-133-thread-1] INFO  server.RaftServerConfigKeys (ConfUtils.java:logGet(43)) - raft.server.log.queue.element-limit = 1024 (custom)
2019-09-20 08:37:48,047 [pool-133-thread-1] INFO  server.RaftServerConfigKeys (ConfUtils.java:logGet(43)) - raft.server.log.segment.size.max = 1048576 (custom)
2019-09-20 08:37:48,047 [pool-133-thread-1] INFO  server.RaftServerConfigKeys (ConfUtils.java:logGet(43)) - raft.server.log.preallocated.size = 16384 (custom)
2019-09-20 08:37:48,047 [pool-133-thread-1] INFO  server.RaftServerConfigKeys (ConfUtils.java:logGet(43)) - raft.server.log.write.buffer.size = 33554432 (custom)
2019-09-20 08:37:48,047 [pool-133-thread-1] INFO  server.RaftServerConfigKeys (ConfUtils.java:logGet(43)) - raft.server.log.force.sync.num = 128 (default)
2019-09-20 08:37:48,047 [pool-133-thread-1] INFO  server.RaftServerConfigKeys (ConfUtils.java:logGet(43)) - raft.server.log.statemachine.data.sync = true (default)
2019-09-20 08:37:48,047 [pool-133-thread-1] INFO  server.RaftServerConfigKeys (ConfUtils.java:logGet(43)) - raft.server.log.statemachine.data.sync.timeout = 10s (default)
2019-09-20 08:37:48,047 [pool-133-thread-1] INFO  server.RaftServerConfigKeys (ConfUtils.java:logGet(43)) - raft.server.log.statemachine.data.sync.timeout.retry = -1 (default)
2019-09-20 08:37:48,048 [pool-133-thread-1] INFO  server.RaftServerConfigKeys (ConfUtils.java:logGet(43)) - raft.server.log.statemachine.data.caching.enabled = true (custom)
2019-09-20 08:37:48,048 [pool-133-thread-1] INFO  segmented.SegmentedRaftLogWorker (SegmentedRaftLogWorker.java:lambda$new$0(132)) - f0549359-73a8-43a9-8479-5d696f050b37-SegmentedRaftLogWorker:Storage Directory /workdir/hadoop-ozone/ozonefs/target/test-dir/MiniOzoneClusterImpl-855b8ead-b066-4f2a-ac82-4f38b96b29b6/datanode-0/data/ratis/5169b976-3f82-465c-8527-13125fa92646: flushIndex: setUnconditionally 0 -> -1
2019-09-20 08:37:48,049 [pool-133-thread-1] INFO  server.RaftServerConfigKeys (ConfUtils.java:logGet(43)) - raft.server.snapshot.auto.trigger.enabled = true (custom)
2019-09-20 08:37:48,049 [pool-133-thread-1] INFO  server.RaftServerConfigKeys (ConfUtils.java:logGet(43)) - raft.server.snapshot.auto.trigger.threshold = 10000 (custom)
2019-09-20 08:37:48,049 [pool-133-thread-1] INFO  server.RaftServerConfigKeys (ConfUtils.java:logGet(43)) - raft.server.retrycache.expirytime = 600000ms (custom)
2019-09-20 08:37:48,049 [pool-133-thread-1] INFO  impl.RaftServerImpl (RaftServerImpl.java:start(180)) - f0549359-73a8-43a9-8479-5d696f050b37: start group-13125FA92646
2019-09-20 08:37:48,049 [pool-133-thread-1] INFO  impl.RaftServerImpl (RaftServerImpl.java:setRole(171)) - f0549359-73a8-43a9-8479-5d696f050b37:group-13125FA92646 changes role from null to FOLLOWER at term 0 for startAsFollower
2019-09-20 08:37:48,049 [pool-133-thread-1] INFO  impl.RoleInfo (RoleInfo.java:updateAndGet(143)) - f0549359-73a8-43a9-8479-5d696f050b37: start FollowerState
2019-09-20 08:37:48,050 [pool-133-thread-1] INFO  util.JmxRegister (JmxRegister.java:tryRegister(44)) - Successfully registered JMX Bean with object name Ratis:service=RaftServer,group=group-13125FA92646,id=f0549359-73a8-43a9-8479-5d696f050b37
2019-09-20 08:37:48,054 [RatisPipelineUtilsThread] INFO  pipeline.PipelineStateManager (PipelineStateManager.java:addPipeline(56)) - Created pipeline Pipeline[ Id: 5169b976-3f82-465c-8527-13125fa92646, Nodes: f0549359-73a8-43a9-8479-5d696f050b37{ip: 192.168.36.79, host: pr-hdds-1569-s8kj2-2266485376, networkLocation: /default-rack, certSerialId: null}, Type:RATIS, Factor:ONE, State:OPEN]
2019-09-20 08:37:48,054 [RatisPipelineUtilsThread] INFO  pipeline.PipelinePlacementPolicy (PipelinePlacementPolicy.java:meetCriteria(91)) - Pipeline Placement: Doesn't meet the criteria to be viable node： b889c58e-4fe0-4be9-9092-901247a80a4f Heaviness: 6 limit: 5
2019-09-20 08:37:48,055 [RatisPipelineUtilsThread] INFO  pipeline.PipelinePlacementPolicy (PipelinePlacementPolicy.java:meetCriteria(91)) - Pipeline Placement: Doesn't meet the criteria to be viable node： f0549359-73a8-43a9-8479-5d696f050b37 Heaviness: 6 limit: 5
2019-09-20 08:37:48,061 [grpc-default-executor-0] INFO  impl.RaftServerProxy (RaftServerProxy.java:addNew(89)) - 9a6a84d6-ff22-4367-bab8-0f0e0dfb03ca: addNew group-2A03F87585DB:[9a6a84d6-ff22-4367-bab8-0f0e0dfb03ca:192.168.36.79:39089] returns group-2A03F87585DB:java.util.concurrent.CompletableFuture@6820971c[Not completed]
2019-09-20 08:37:48,063 [pool-155-thread-1] INFO  impl.RaftServerImpl (RaftServerImpl.java:<init>(93)) - 9a6a84d6-ff22-4367-bab8-0f0e0dfb03ca: new RaftServerImpl for group-2A03F87585DB:[9a6a84d6-ff22-4367-bab8-0f0e0dfb03ca:192.168.36.79:39089] with ContainerStateMachine:uninitialized
2019-09-20 08:37:48,063 [pool-155-thread-1] INFO  server.RaftServerConfigKeys (ConfUtils.java:logGet(43)) - raft.server.rpc.timeout.min = 5s (custom)
2019-09-20 08:37:48,064 [pool-155-thread-1] INFO  server.RaftServerConfigKeys (ConfUtils.java:logGet(43)) - raft.server.rpc.timeout.max = 5200ms (custom)
2019-09-20 08:37:48,064 [pool-155-thread-1] INFO  server.RaftServerConfigKeys (ConfUtils.java:logGet(43)) - raft.server.rpcslowness.timeout = 120s (custom)
2019-09-20 08:37:48,064 [pool-155-thread-1] INFO  server.RaftServerConfigKeys (ConfUtils.java:logGet(43)) - raft.server.sleep.deviation.threshold = 300 (default)
2019-09-20 08:37:48,064 [pool-155-thread-1] INFO  server.RaftServerConfigKeys (ConfUtils.java:logGet(43)) - raft.server.log.appender.install.snapshot.enabled = false (custom)
2019-09-20 08:37:48,064 [pool-155-thread-1] INFO  impl.RaftServerImpl (ServerState.java:<init>(105)) - 9a6a84d6-ff22-4367-bab8-0f0e0dfb03ca:group-2A03F87585DB ConfigurationManager, init=-1: [9a6a84d6-ff22-4367-bab8-0f0e0dfb03ca:192.168.36.79:39089], old=null, confs=<EMPTY_MAP>
2019-09-20 08:37:48,065 [pool-155-thread-1] INFO  server.RaftServerConfigKeys (ConfUtils.java:logGet(43)) - raft.server.storage.dir = [/workdir/hadoop-ozone/ozonefs/target/test-dir/MiniOzoneClusterImpl-855b8ead-b066-4f2a-ac82-4f38b96b29b6/datanode-2/data/ratis] (custom)
2019-09-20 08:37:48,065 [pool-155-thread-1] INFO  storage.RaftStorageDirectory (RaftStorageDirectory.java:analyzeStorage(246)) - The storage directory /workdir/hadoop-ozone/ozonefs/target/test-dir/MiniOzoneClusterImpl-855b8ead-b066-4f2a-ac82-4f38b96b29b6/datanode-2/data/ratis/6b0cac92-15fa-44dc-95a4-2a03f87585db does not exist. Creating ...
2019-09-20 08:37:48,086 [pool-155-thread-1] INFO  storage.RaftStorageDirectory (RaftStorageDirectory.java:tryLock(328)) - Lock on /workdir/hadoop-ozone/ozonefs/target/test-dir/MiniOzoneClusterImpl-855b8ead-b066-4f2a-ac82-4f38b96b29b6/datanode-2/data/ratis/6b0cac92-15fa-44dc-95a4-2a03f87585db/in_use.lock acquired by nodename 25669@pr-hdds-1569-s8kj2-2266485376
2019-09-20 08:37:48,103 [pool-155-thread-1] INFO  storage.RaftStorage (RaftStorage.java:format(72)) - Storage directory /workdir/hadoop-ozone/ozonefs/target/test-dir/MiniOzoneClusterImpl-855b8ead-b066-4f2a-ac82-4f38b96b29b6/datanode-2/data/ratis/6b0cac92-15fa-44dc-95a4-2a03f87585db has been successfully formatted.
2019-09-20 08:37:48,104 [pool-155-thread-1] INFO  ratis.ContainerStateMachine (ContainerStateMachine.java:loadSnapshot(226)) - group-2A03F87585DB: The snapshot info is null. Setting the last applied indexto:(t:0, i:~)
2019-09-20 08:37:48,104 [pool-155-thread-1] INFO  server.RaftServerConfigKeys (ConfUtils.java:logGet(43)) - raft.server.leader.election.timeout = 120s (custom)
2019-09-20 08:37:48,104 [pool-155-thread-1] INFO  server.RaftServerConfigKeys (ConfUtils.java:logGet(43)) - raft.server.log.use.memory = false (default)
2019-09-20 08:37:48,104 [pool-155-thread-1] INFO  server.RaftServerConfigKeys (ConfUtils.java:logGet(43)) - raft.server.log.purge.gap = 1000000 (custom)
2019-09-20 08:37:48,105 [pool-155-thread-1] INFO  server.RaftServerConfigKeys (ConfUtils.java:logGet(43)) - raft.server.log.appender.buffer.byte-limit = 33554432 (custom)
2019-09-20 08:37:48,105 [pool-155-thread-1] INFO  server.RaftServerConfigKeys (ConfUtils.java:logGet(43)) - raft.server.log.segment.size.max = 1048576 (custom)
2019-09-20 08:37:48,105 [pool-155-thread-1] INFO  server.RaftServerConfigKeys (ConfUtils.java:logGet(43)) - raft.server.log.segment.cache.num.max = 2 (custom)
2019-09-20 08:37:48,105 [pool-155-thread-1] INFO  segmented.SegmentedRaftLogWorker (SegmentedRaftLogWorker.java:<init>(172)) - new 9a6a84d6-ff22-4367-bab8-0f0e0dfb03ca-SegmentedRaftLogWorker:Storage Directory /workdir/hadoop-ozone/ozonefs/target/test-dir/MiniOzoneClusterImpl-855b8ead-b066-4f2a-ac82-4f38b96b29b6/datanode-2/data/ratis/6b0cac92-15fa-44dc-95a4-2a03f87585db for RaftStorage:Storage Directory /workdir/hadoop-ozone/ozonefs/target/test-dir/MiniOzoneClusterImpl-855b8ead-b066-4f2a-ac82-4f38b96b29b6/datanode-2/data/ratis/6b0cac92-15fa-44dc-95a4-2a03f87585db
2019-09-20 08:37:48,105 [pool-155-thread-1] INFO  server.RaftServerConfigKeys (ConfUtils.java:logGet(43)) - raft.server.log.queue.byte-limit = 2147483647 (custom)
2019-09-20 08:37:48,105 [pool-155-thread-1] INFO  server.RaftServerConfigKeys (ConfUtils.java:logGet(43)) - raft.server.log.queue.element-limit = 1024 (custom)
2019-09-20 08:37:48,106 [pool-155-thread-1] INFO  server.RaftServerConfigKeys (ConfUtils.java:logGet(43)) - raft.server.log.segment.size.max = 1048576 (custom)
2019-09-20 08:37:48,106 [pool-155-thread-1] INFO  server.RaftServerConfigKeys (ConfUtils.java:logGet(43)) - raft.server.log.preallocated.size = 16384 (custom)
2019-09-20 08:37:48,106 [pool-155-thread-1] INFO  server.RaftServerConfigKeys (ConfUtils.java:logGet(43)) - raft.server.log.write.buffer.size = 33554432 (custom)
2019-09-20 08:37:48,106 [pool-155-thread-1] INFO  server.RaftServerConfigKeys (ConfUtils.java:logGet(43)) - raft.server.log.force.sync.num = 128 (default)
2019-09-20 08:37:48,106 [pool-155-thread-1] INFO  server.RaftServerConfigKeys (ConfUtils.java:logGet(43)) - raft.server.log.statemachine.data.sync = true (default)
2019-09-20 08:37:48,106 [pool-155-thread-1] INFO  server.RaftServerConfigKeys (ConfUtils.java:logGet(43)) - raft.server.log.statemachine.data.sync.timeout = 10s (default)
2019-09-20 08:37:48,107 [pool-155-thread-1] INFO  server.RaftServerConfigKeys (ConfUtils.java:logGet(43)) - raft.server.log.statemachine.data.sync.timeout.retry = -1 (default)
2019-09-20 08:37:48,107 [pool-155-thread-1] INFO  server.RaftServerConfigKeys (ConfUtils.java:logGet(43)) - raft.server.log.statemachine.data.caching.enabled = true (custom)
2019-09-20 08:37:48,107 [pool-155-thread-1] INFO  segmented.SegmentedRaftLogWorker (SegmentedRaftLogWorker.java:lambda$new$0(132)) - 9a6a84d6-ff22-4367-bab8-0f0e0dfb03ca-SegmentedRaftLogWorker:Storage Directory /workdir/hadoop-ozone/ozonefs/target/test-dir/MiniOzoneClusterImpl-855b8ead-b066-4f2a-ac82-4f38b96b29b6/datanode-2/data/ratis/6b0cac92-15fa-44dc-95a4-2a03f87585db: flushIndex: setUnconditionally 0 -> -1
2019-09-20 08:37:48,108 [pool-155-thread-1] INFO  server.RaftServerConfigKeys (ConfUtils.java:logGet(43)) - raft.server.snapshot.auto.trigger.enabled = true (custom)
2019-09-20 08:37:48,108 [pool-155-thread-1] INFO  server.RaftServerConfigKeys (ConfUtils.java:logGet(43)) - raft.server.snapshot.auto.trigger.threshold = 10000 (custom)
2019-09-20 08:37:48,108 [pool-155-thread-1] INFO  server.RaftServerConfigKeys (ConfUtils.java:logGet(43)) - raft.server.retrycache.expirytime = 600000ms (custom)
2019-09-20 08:37:48,108 [pool-155-thread-1] INFO  impl.RaftServerImpl (RaftServerImpl.java:start(180)) - 9a6a84d6-ff22-4367-bab8-0f0e0dfb03ca: start group-2A03F87585DB
2019-09-20 08:37:48,109 [pool-155-thread-1] INFO  impl.RaftServerImpl (RaftServerImpl.java:setRole(171)) - 9a6a84d6-ff22-4367-bab8-0f0e0dfb03ca:group-2A03F87585DB changes role from null to FOLLOWER at term 0 for startAsFollower
2019-09-20 08:37:48,109 [pool-155-thread-1] INFO  impl.RoleInfo (RoleInfo.java:updateAndGet(143)) - 9a6a84d6-ff22-4367-bab8-0f0e0dfb03ca: start FollowerState
2019-09-20 08:37:48,109 [pool-155-thread-1] INFO  util.JmxRegister (JmxRegister.java:tryRegister(44)) - Successfully registered JMX Bean with object name Ratis:service=RaftServer,group=group-2A03F87585DB,id=9a6a84d6-ff22-4367-bab8-0f0e0dfb03ca
2019-09-20 08:37:48,113 [RatisPipelineUtilsThread] INFO  pipeline.PipelineStateManager (PipelineStateManager.java:addPipeline(56)) - Created pipeline Pipeline[ Id: 6b0cac92-15fa-44dc-95a4-2a03f87585db, Nodes: 9a6a84d6-ff22-4367-bab8-0f0e0dfb03ca{ip: 192.168.36.79, host: pr-hdds-1569-s8kj2-2266485376, networkLocation: /default-rack, certSerialId: null}, Type:RATIS, Factor:ONE, State:OPEN]
2019-09-20 08:37:48,113 [RatisPipelineUtilsThread] INFO  pipeline.PipelinePlacementPolicy (PipelinePlacementPolicy.java:meetCriteria(91)) - Pipeline Placement: Doesn't meet the criteria to be viable node： b889c58e-4fe0-4be9-9092-901247a80a4f Heaviness: 6 limit: 5
2019-09-20 08:37:48,113 [RatisPipelineUtilsThread] INFO  pipeline.PipelinePlacementPolicy (PipelinePlacementPolicy.java:meetCriteria(91)) - Pipeline Placement: Doesn't meet the criteria to be viable node： f0549359-73a8-43a9-8479-5d696f050b37 Heaviness: 6 limit: 5
2019-09-20 08:37:48,120 [grpc-default-executor-0] INFO  impl.RaftServerProxy (RaftServerProxy.java:addNew(89)) - 9a6a84d6-ff22-4367-bab8-0f0e0dfb03ca: addNew group-05C04A736CA1:[9a6a84d6-ff22-4367-bab8-0f0e0dfb03ca:192.168.36.79:39089] returns group-05C04A736CA1:java.util.concurrent.CompletableFuture@db1712[Not completed]
2019-09-20 08:37:48,121 [pool-155-thread-1] INFO  impl.RaftServerImpl (RaftServerImpl.java:<init>(93)) - 9a6a84d6-ff22-4367-bab8-0f0e0dfb03ca: new RaftServerImpl for group-05C04A736CA1:[9a6a84d6-ff22-4367-bab8-0f0e0dfb03ca:192.168.36.79:39089] with ContainerStateMachine:uninitialized
2019-09-20 08:37:48,121 [pool-155-thread-1] INFO  server.RaftServerConfigKeys (ConfUtils.java:logGet(43)) - raft.server.rpc.timeout.min = 5s (custom)
2019-09-20 08:37:48,121 [pool-155-thread-1] INFO  server.RaftServerConfigKeys (ConfUtils.java:logGet(43)) - raft.server.rpc.timeout.max = 5200ms (custom)
2019-09-20 08:37:48,121 [pool-155-thread-1] INFO  server.RaftServerConfigKeys (ConfUtils.java:logGet(43)) - raft.server.rpcslowness.timeout = 120s (custom)
2019-09-20 08:37:48,122 [pool-155-thread-1] INFO  server.RaftServerConfigKeys (ConfUtils.java:logGet(43)) - raft.server.sleep.deviation.threshold = 300 (default)
2019-09-20 08:37:48,122 [pool-155-thread-1] INFO  server.RaftServerConfigKeys (ConfUtils.java:logGet(43)) - raft.server.log.appender.install.snapshot.enabled = false (custom)
2019-09-20 08:37:48,122 [pool-155-thread-1] INFO  impl.RaftServerImpl (ServerState.java:<init>(105)) - 9a6a84d6-ff22-4367-bab8-0f0e0dfb03ca:group-05C04A736CA1 ConfigurationManager, init=-1: [9a6a84d6-ff22-4367-bab8-0f0e0dfb03ca:192.168.36.79:39089], old=null, confs=<EMPTY_MAP>
2019-09-20 08:37:48,122 [pool-155-thread-1] INFO  server.RaftServerConfigKeys (ConfUtils.java:logGet(43)) - raft.server.storage.dir = [/workdir/hadoop-ozone/ozonefs/target/test-dir/MiniOzoneClusterImpl-855b8ead-b066-4f2a-ac82-4f38b96b29b6/datanode-2/data/ratis] (custom)
2019-09-20 08:37:48,122 [pool-155-thread-1] INFO  storage.RaftStorageDirectory (RaftStorageDirectory.java:analyzeStorage(246)) - The storage directory /workdir/hadoop-ozone/ozonefs/target/test-dir/MiniOzoneClusterImpl-855b8ead-b066-4f2a-ac82-4f38b96b29b6/datanode-2/data/ratis/3026be1f-bce2-4b8e-9f2c-05c04a736ca1 does not exist. Creating ...
2019-09-20 08:37:48,145 [pool-155-thread-1] INFO  storage.RaftStorageDirectory (RaftStorageDirectory.java:tryLock(328)) - Lock on /workdir/hadoop-ozone/ozonefs/target/test-dir/MiniOzoneClusterImpl-855b8ead-b066-4f2a-ac82-4f38b96b29b6/datanode-2/data/ratis/3026be1f-bce2-4b8e-9f2c-05c04a736ca1/in_use.lock acquired by nodename 25669@pr-hdds-1569-s8kj2-2266485376
2019-09-20 08:37:48,163 [pool-155-thread-1] INFO  storage.RaftStorage (RaftStorage.java:format(72)) - Storage directory /workdir/hadoop-ozone/ozonefs/target/test-dir/MiniOzoneClusterImpl-855b8ead-b066-4f2a-ac82-4f38b96b29b6/datanode-2/data/ratis/3026be1f-bce2-4b8e-9f2c-05c04a736ca1 has been successfully formatted.
2019-09-20 08:37:48,163 [pool-155-thread-1] INFO  ratis.ContainerStateMachine (ContainerStateMachine.java:loadSnapshot(226)) - group-05C04A736CA1: The snapshot info is null. Setting the last applied indexto:(t:0, i:~)
2019-09-20 08:37:48,163 [pool-155-thread-1] INFO  server.RaftServerConfigKeys (ConfUtils.java:logGet(43)) - raft.server.leader.election.timeout = 120s (custom)
2019-09-20 08:37:48,163 [pool-155-thread-1] INFO  server.RaftServerConfigKeys (ConfUtils.java:logGet(43)) - raft.server.log.use.memory = false (default)
2019-09-20 08:37:48,163 [pool-155-thread-1] INFO  server.RaftServerConfigKeys (ConfUtils.java:logGet(43)) - raft.server.log.purge.gap = 1000000 (custom)
2019-09-20 08:37:48,163 [pool-155-thread-1] INFO  server.RaftServerConfigKeys (ConfUtils.java:logGet(43)) - raft.server.log.appender.buffer.byte-limit = 33554432 (custom)
2019-09-20 08:37:48,164 [pool-155-thread-1] INFO  server.RaftServerConfigKeys (ConfUtils.java:logGet(43)) - raft.server.log.segment.size.max = 1048576 (custom)
2019-09-20 08:37:48,164 [pool-155-thread-1] INFO  server.RaftServerConfigKeys (ConfUtils.java:logGet(43)) - raft.server.log.segment.cache.num.max = 2 (custom)
2019-09-20 08:37:48,164 [pool-155-thread-1] INFO  segmented.SegmentedRaftLogWorker (SegmentedRaftLogWorker.java:<init>(172)) - new 9a6a84d6-ff22-4367-bab8-0f0e0dfb03ca-SegmentedRaftLogWorker:Storage Directory /workdir/hadoop-ozone/ozonefs/target/test-dir/MiniOzoneClusterImpl-855b8ead-b066-4f2a-ac82-4f38b96b29b6/datanode-2/data/ratis/3026be1f-bce2-4b8e-9f2c-05c04a736ca1 for RaftStorage:Storage Directory /workdir/hadoop-ozone/ozonefs/target/test-dir/MiniOzoneClusterImpl-855b8ead-b066-4f2a-ac82-4f38b96b29b6/datanode-2/data/ratis/3026be1f-bce2-4b8e-9f2c-05c04a736ca1
2019-09-20 08:37:48,164 [pool-155-thread-1] INFO  server.RaftServerConfigKeys (ConfUtils.java:logGet(43)) - raft.server.log.queue.byte-limit = 2147483647 (custom)
2019-09-20 08:37:48,164 [pool-155-thread-1] INFO  server.RaftServerConfigKeys (ConfUtils.java:logGet(43)) - raft.server.log.queue.element-limit = 1024 (custom)
2019-09-20 08:37:48,164 [pool-155-thread-1] INFO  server.RaftServerConfigKeys (ConfUtils.java:logGet(43)) - raft.server.log.segment.size.max = 1048576 (custom)
2019-09-20 08:37:48,165 [pool-155-thread-1] INFO  server.RaftServerConfigKeys (ConfUtils.java:logGet(43)) - raft.server.log.preallocated.size = 16384 (custom)
2019-09-20 08:37:48,165 [pool-155-thread-1] INFO  server.RaftServerConfigKeys (ConfUtils.java:logGet(43)) - raft.server.log.write.buffer.size = 33554432 (custom)
2019-09-20 08:37:48,165 [pool-155-thread-1] INFO  server.RaftServerConfigKeys (ConfUtils.java:logGet(43)) - raft.server.log.force.sync.num = 128 (default)
2019-09-20 08:37:48,165 [pool-155-thread-1] INFO  server.RaftServerConfigKeys (ConfUtils.java:logGet(43)) - raft.server.log.statemachine.data.sync = true (default)
2019-09-20 08:37:48,165 [pool-155-thread-1] INFO  server.RaftServerConfigKeys (ConfUtils.java:logGet(43)) - raft.server.log.statemachine.data.sync.timeout = 10s (default)
2019-09-20 08:37:48,165 [pool-155-thread-1] INFO  server.RaftServerConfigKeys (ConfUtils.java:logGet(43)) - raft.server.log.statemachine.data.sync.timeout.retry = -1 (default)
2019-09-20 08:37:48,165 [pool-155-thread-1] INFO  server.RaftServerConfigKeys (ConfUtils.java:logGet(43)) - raft.server.log.statemachine.data.caching.enabled = true (custom)
2019-09-20 08:37:48,166 [pool-155-thread-1] INFO  segmented.SegmentedRaftLogWorker (SegmentedRaftLogWorker.java:lambda$new$0(132)) - 9a6a84d6-ff22-4367-bab8-0f0e0dfb03ca-SegmentedRaftLogWorker:Storage Directory /workdir/hadoop-ozone/ozonefs/target/test-dir/MiniOzoneClusterImpl-855b8ead-b066-4f2a-ac82-4f38b96b29b6/datanode-2/data/ratis/3026be1f-bce2-4b8e-9f2c-05c04a736ca1: flushIndex: setUnconditionally 0 -> -1
2019-09-20 08:37:48,166 [pool-155-thread-1] INFO  server.RaftServerConfigKeys (ConfUtils.java:logGet(43)) - raft.server.snapshot.auto.trigger.enabled = true (custom)
2019-09-20 08:37:48,166 [pool-155-thread-1] INFO  server.RaftServerConfigKeys (ConfUtils.java:logGet(43)) - raft.server.snapshot.auto.trigger.threshold = 10000 (custom)
2019-09-20 08:37:48,167 [pool-155-thread-1] INFO  server.RaftServerConfigKeys (ConfUtils.java:logGet(43)) - raft.server.retrycache.expirytime = 600000ms (custom)
2019-09-20 08:37:48,167 [pool-155-thread-1] INFO  impl.RaftServerImpl (RaftServerImpl.java:start(180)) - 9a6a84d6-ff22-4367-bab8-0f0e0dfb03ca: start group-05C04A736CA1
2019-09-20 08:37:48,167 [pool-155-thread-1] INFO  impl.RaftServerImpl (RaftServerImpl.java:setRole(171)) - 9a6a84d6-ff22-4367-bab8-0f0e0dfb03ca:group-05C04A736CA1 changes role from null to FOLLOWER at term 0 for startAsFollower
2019-09-20 08:37:48,167 [pool-155-thread-1] INFO  impl.RoleInfo (RoleInfo.java:updateAndGet(143)) - 9a6a84d6-ff22-4367-bab8-0f0e0dfb03ca: start FollowerState
2019-09-20 08:37:48,168 [pool-155-thread-1] INFO  util.JmxRegister (JmxRegister.java:tryRegister(44)) - Successfully registered JMX Bean with object name Ratis:service=RaftServer,group=group-05C04A736CA1,id=9a6a84d6-ff22-4367-bab8-0f0e0dfb03ca
2019-09-20 08:37:48,171 [RatisPipelineUtilsThread] INFO  pipeline.PipelineStateManager (PipelineStateManager.java:addPipeline(56)) - Created pipeline Pipeline[ Id: 3026be1f-bce2-4b8e-9f2c-05c04a736ca1, Nodes: 9a6a84d6-ff22-4367-bab8-0f0e0dfb03ca{ip: 192.168.36.79, host: pr-hdds-1569-s8kj2-2266485376, networkLocation: /default-rack, certSerialId: null}, Type:RATIS, Factor:ONE, State:OPEN]
2019-09-20 08:37:48,171 [RatisPipelineUtilsThread] INFO  pipeline.PipelinePlacementPolicy (PipelinePlacementPolicy.java:meetCriteria(91)) - Pipeline Placement: Doesn't meet the criteria to be viable node： b889c58e-4fe0-4be9-9092-901247a80a4f Heaviness: 6 limit: 5
2019-09-20 08:37:48,171 [RatisPipelineUtilsThread] INFO  pipeline.PipelinePlacementPolicy (PipelinePlacementPolicy.java:meetCriteria(91)) - Pipeline Placement: Doesn't meet the criteria to be viable node： f0549359-73a8-43a9-8479-5d696f050b37 Heaviness: 6 limit: 5
2019-09-20 08:37:48,178 [grpc-default-executor-0] INFO  impl.RaftServerProxy (RaftServerProxy.java:addNew(89)) - 9a6a84d6-ff22-4367-bab8-0f0e0dfb03ca: addNew group-5C8E60B2333E:[9a6a84d6-ff22-4367-bab8-0f0e0dfb03ca:192.168.36.79:39089] returns group-5C8E60B2333E:java.util.concurrent.CompletableFuture@6fb24e59[Not completed]
2019-09-20 08:37:48,179 [pool-155-thread-1] INFO  impl.RaftServerImpl (RaftServerImpl.java:<init>(93)) - 9a6a84d6-ff22-4367-bab8-0f0e0dfb03ca: new RaftServerImpl for group-5C8E60B2333E:[9a6a84d6-ff22-4367-bab8-0f0e0dfb03ca:192.168.36.79:39089] with ContainerStateMachine:uninitialized
2019-09-20 08:37:48,179 [pool-155-thread-1] INFO  server.RaftServerConfigKeys (ConfUtils.java:logGet(43)) - raft.server.rpc.timeout.min = 5s (custom)
2019-09-20 08:37:48,180 [pool-155-thread-1] INFO  server.RaftServerConfigKeys (ConfUtils.java:logGet(43)) - raft.server.rpc.timeout.max = 5200ms (custom)
2019-09-20 08:37:48,180 [pool-155-thread-1] INFO  server.RaftServerConfigKeys (ConfUtils.java:logGet(43)) - raft.server.rpcslowness.timeout = 120s (custom)
2019-09-20 08:37:48,180 [pool-155-thread-1] INFO  server.RaftServerConfigKeys (ConfUtils.java:logGet(43)) - raft.server.sleep.deviation.threshold = 300 (default)
2019-09-20 08:37:48,180 [pool-155-thread-1] INFO  server.RaftServerConfigKeys (ConfUtils.java:logGet(43)) - raft.server.log.appender.install.snapshot.enabled = false (custom)
2019-09-20 08:37:48,180 [pool-155-thread-1] INFO  impl.RaftServerImpl (ServerState.java:<init>(105)) - 9a6a84d6-ff22-4367-bab8-0f0e0dfb03ca:group-5C8E60B2333E ConfigurationManager, init=-1: [9a6a84d6-ff22-4367-bab8-0f0e0dfb03ca:192.168.36.79:39089], old=null, confs=<EMPTY_MAP>
2019-09-20 08:37:48,180 [pool-155-thread-1] INFO  server.RaftServerConfigKeys (ConfUtils.java:logGet(43)) - raft.server.storage.dir = [/workdir/hadoop-ozone/ozonefs/target/test-dir/MiniOzoneClusterImpl-855b8ead-b066-4f2a-ac82-4f38b96b29b6/datanode-2/data/ratis] (custom)
2019-09-20 08:37:48,181 [pool-155-thread-1] INFO  storage.RaftStorageDirectory (RaftStorageDirectory.java:analyzeStorage(246)) - The storage directory /workdir/hadoop-ozone/ozonefs/target/test-dir/MiniOzoneClusterImpl-855b8ead-b066-4f2a-ac82-4f38b96b29b6/datanode-2/data/ratis/bbebcf7a-4551-4571-90c5-5c8e60b2333e does not exist. Creating ...
2019-09-20 08:37:48,196 [pool-155-thread-1] INFO  storage.RaftStorageDirectory (RaftStorageDirectory.java:tryLock(328)) - Lock on /workdir/hadoop-ozone/ozonefs/target/test-dir/MiniOzoneClusterImpl-855b8ead-b066-4f2a-ac82-4f38b96b29b6/datanode-2/data/ratis/bbebcf7a-4551-4571-90c5-5c8e60b2333e/in_use.lock acquired by nodename 25669@pr-hdds-1569-s8kj2-2266485376
2019-09-20 08:37:48,222 [pool-155-thread-1] INFO  storage.RaftStorage (RaftStorage.java:format(72)) - Storage directory /workdir/hadoop-ozone/ozonefs/target/test-dir/MiniOzoneClusterImpl-855b8ead-b066-4f2a-ac82-4f38b96b29b6/datanode-2/data/ratis/bbebcf7a-4551-4571-90c5-5c8e60b2333e has been successfully formatted.
2019-09-20 08:37:48,222 [pool-155-thread-1] INFO  ratis.ContainerStateMachine (ContainerStateMachine.java:loadSnapshot(226)) - group-5C8E60B2333E: The snapshot info is null. Setting the last applied indexto:(t:0, i:~)
2019-09-20 08:37:48,222 [pool-155-thread-1] INFO  server.RaftServerConfigKeys (ConfUtils.java:logGet(43)) - raft.server.leader.election.timeout = 120s (custom)
2019-09-20 08:37:48,222 [pool-155-thread-1] INFO  server.RaftServerConfigKeys (ConfUtils.java:logGet(43)) - raft.server.log.use.memory = false (default)
2019-09-20 08:37:48,223 [pool-155-thread-1] INFO  server.RaftServerConfigKeys (ConfUtils.java:logGet(43)) - raft.server.log.purge.gap = 1000000 (custom)
2019-09-20 08:37:48,223 [pool-155-thread-1] INFO  server.RaftServerConfigKeys (ConfUtils.java:logGet(43)) - raft.server.log.appender.buffer.byte-limit = 33554432 (custom)
2019-09-20 08:37:48,223 [pool-155-thread-1] INFO  server.RaftServerConfigKeys (ConfUtils.java:logGet(43)) - raft.server.log.segment.size.max = 1048576 (custom)
2019-09-20 08:37:48,223 [pool-155-thread-1] INFO  server.RaftServerConfigKeys (ConfUtils.java:logGet(43)) - raft.server.log.segment.cache.num.max = 2 (custom)
2019-09-20 08:37:48,223 [pool-155-thread-1] INFO  segmented.SegmentedRaftLogWorker (SegmentedRaftLogWorker.java:<init>(172)) - new 9a6a84d6-ff22-4367-bab8-0f0e0dfb03ca-SegmentedRaftLogWorker:Storage Directory /workdir/hadoop-ozone/ozonefs/target/test-dir/MiniOzoneClusterImpl-855b8ead-b066-4f2a-ac82-4f38b96b29b6/datanode-2/data/ratis/bbebcf7a-4551-4571-90c5-5c8e60b2333e for RaftStorage:Storage Directory /workdir/hadoop-ozone/ozonefs/target/test-dir/MiniOzoneClusterImpl-855b8ead-b066-4f2a-ac82-4f38b96b29b6/datanode-2/data/ratis/bbebcf7a-4551-4571-90c5-5c8e60b2333e
2019-09-20 08:37:48,223 [pool-155-thread-1] INFO  server.RaftServerConfigKeys (ConfUtils.java:logGet(43)) - raft.server.log.queue.byte-limit = 2147483647 (custom)
2019-09-20 08:37:48,224 [pool-155-thread-1] INFO  server.RaftServerConfigKeys (ConfUtils.java:logGet(43)) - raft.server.log.queue.element-limit = 1024 (custom)
2019-09-20 08:37:48,224 [pool-155-thread-1] INFO  server.RaftServerConfigKeys (ConfUtils.java:logGet(43)) - raft.server.log.segment.size.max = 1048576 (custom)
2019-09-20 08:37:48,224 [pool-155-thread-1] INFO  server.RaftServerConfigKeys (ConfUtils.java:logGet(43)) - raft.server.log.preallocated.size = 16384 (custom)
2019-09-20 08:37:48,224 [pool-155-thread-1] INFO  server.RaftServerConfigKeys (ConfUtils.java:logGet(43)) - raft.server.log.write.buffer.size = 33554432 (custom)
2019-09-20 08:37:48,224 [pool-155-thread-1] INFO  server.RaftServerConfigKeys (ConfUtils.java:logGet(43)) - raft.server.log.force.sync.num = 128 (default)
2019-09-20 08:37:48,224 [pool-155-thread-1] INFO  server.RaftServerConfigKeys (ConfUtils.java:logGet(43)) - raft.server.log.statemachine.data.sync = true (default)
2019-09-20 08:37:48,224 [pool-155-thread-1] INFO  server.RaftServerConfigKeys (ConfUtils.java:logGet(43)) - raft.server.log.statemachine.data.sync.timeout = 10s (default)
2019-09-20 08:37:48,225 [pool-155-thread-1] INFO  server.RaftServerConfigKeys (ConfUtils.java:logGet(43)) - raft.server.log.statemachine.data.sync.timeout.retry = -1 (default)
2019-09-20 08:37:48,225 [pool-155-thread-1] INFO  server.RaftServerConfigKeys (ConfUtils.java:logGet(43)) - raft.server.log.statemachine.data.caching.enabled = true (custom)
2019-09-20 08:37:48,225 [pool-155-thread-1] INFO  segmented.SegmentedRaftLogWorker (SegmentedRaftLogWorker.java:lambda$new$0(132)) - 9a6a84d6-ff22-4367-bab8-0f0e0dfb03ca-SegmentedRaftLogWorker:Storage Directory /workdir/hadoop-ozone/ozonefs/target/test-dir/MiniOzoneClusterImpl-855b8ead-b066-4f2a-ac82-4f38b96b29b6/datanode-2/data/ratis/bbebcf7a-4551-4571-90c5-5c8e60b2333e: flushIndex: setUnconditionally 0 -> -1
2019-09-20 08:37:48,225 [pool-155-thread-1] INFO  server.RaftServerConfigKeys (ConfUtils.java:logGet(43)) - raft.server.snapshot.auto.trigger.enabled = true (custom)
2019-09-20 08:37:48,226 [pool-155-thread-1] INFO  server.RaftServerConfigKeys (ConfUtils.java:logGet(43)) - raft.server.snapshot.auto.trigger.threshold = 10000 (custom)
2019-09-20 08:37:48,226 [pool-155-thread-1] INFO  server.RaftServerConfigKeys (ConfUtils.java:logGet(43)) - raft.server.retrycache.expirytime = 600000ms (custom)
2019-09-20 08:37:48,226 [pool-155-thread-1] INFO  impl.RaftServerImpl (RaftServerImpl.java:start(180)) - 9a6a84d6-ff22-4367-bab8-0f0e0dfb03ca: start group-5C8E60B2333E
2019-09-20 08:37:48,226 [pool-155-thread-1] INFO  impl.RaftServerImpl (RaftServerImpl.java:setRole(171)) - 9a6a84d6-ff22-4367-bab8-0f0e0dfb03ca:group-5C8E60B2333E changes role from null to FOLLOWER at term 0 for startAsFollower
2019-09-20 08:37:48,226 [pool-155-thread-1] INFO  impl.RoleInfo (RoleInfo.java:updateAndGet(143)) - 9a6a84d6-ff22-4367-bab8-0f0e0dfb03ca: start FollowerState
2019-09-20 08:37:48,227 [pool-155-thread-1] INFO  util.JmxRegister (JmxRegister.java:tryRegister(44)) - Successfully registered JMX Bean with object name Ratis:service=RaftServer,group=group-5C8E60B2333E,id=9a6a84d6-ff22-4367-bab8-0f0e0dfb03ca
2019-09-20 08:37:48,230 [RatisPipelineUtilsThread] INFO  pipeline.PipelineStateManager (PipelineStateManager.java:addPipeline(56)) - Created pipeline Pipeline[ Id: bbebcf7a-4551-4571-90c5-5c8e60b2333e, Nodes: 9a6a84d6-ff22-4367-bab8-0f0e0dfb03ca{ip: 192.168.36.79, host: pr-hdds-1569-s8kj2-2266485376, networkLocation: /default-rack, certSerialId: null}, Type:RATIS, Factor:ONE, State:OPEN]
2019-09-20 08:37:48,231 [RatisPipelineUtilsThread] INFO  pipeline.PipelinePlacementPolicy (PipelinePlacementPolicy.java:meetCriteria(91)) - Pipeline Placement: Doesn't meet the criteria to be viable node： b889c58e-4fe0-4be9-9092-901247a80a4f Heaviness: 6 limit: 5
2019-09-20 08:37:48,231 [RatisPipelineUtilsThread] INFO  pipeline.PipelinePlacementPolicy (PipelinePlacementPolicy.java:meetCriteria(91)) - Pipeline Placement: Doesn't meet the criteria to be viable node： f0549359-73a8-43a9-8479-5d696f050b37 Heaviness: 6 limit: 5
2019-09-20 08:37:48,237 [grpc-default-executor-0] INFO  impl.RaftServerProxy (RaftServerProxy.java:addNew(89)) - 9a6a84d6-ff22-4367-bab8-0f0e0dfb03ca: addNew group-5DD9F5F6670F:[9a6a84d6-ff22-4367-bab8-0f0e0dfb03ca:192.168.36.79:39089] returns group-5DD9F5F6670F:java.util.concurrent.CompletableFuture@1791beab[Not completed]
2019-09-20 08:37:48,238 [pool-155-thread-1] INFO  impl.RaftServerImpl (RaftServerImpl.java:<init>(93)) - 9a6a84d6-ff22-4367-bab8-0f0e0dfb03ca: new RaftServerImpl for group-5DD9F5F6670F:[9a6a84d6-ff22-4367-bab8-0f0e0dfb03ca:192.168.36.79:39089] with ContainerStateMachine:uninitialized
2019-09-20 08:37:48,239 [pool-155-thread-1] INFO  server.RaftServerConfigKeys (ConfUtils.java:logGet(43)) - raft.server.rpc.timeout.min = 5s (custom)
2019-09-20 08:37:48,239 [pool-155-thread-1] INFO  server.RaftServerConfigKeys (ConfUtils.java:logGet(43)) - raft.server.rpc.timeout.max = 5200ms (custom)
2019-09-20 08:37:48,239 [pool-155-thread-1] INFO  server.RaftServerConfigKeys (ConfUtils.java:logGet(43)) - raft.server.rpcslowness.timeout = 120s (custom)
2019-09-20 08:37:48,239 [pool-155-thread-1] INFO  server.RaftServerConfigKeys (ConfUtils.java:logGet(43)) - raft.server.sleep.deviation.threshold = 300 (default)
2019-09-20 08:37:48,239 [pool-155-thread-1] INFO  server.RaftServerConfigKeys (ConfUtils.java:logGet(43)) - raft.server.log.appender.install.snapshot.enabled = false (custom)
2019-09-20 08:37:48,239 [pool-155-thread-1] INFO  impl.RaftServerImpl (ServerState.java:<init>(105)) - 9a6a84d6-ff22-4367-bab8-0f0e0dfb03ca:group-5DD9F5F6670F ConfigurationManager, init=-1: [9a6a84d6-ff22-4367-bab8-0f0e0dfb03ca:192.168.36.79:39089], old=null, confs=<EMPTY_MAP>
2019-09-20 08:37:48,239 [pool-155-thread-1] INFO  server.RaftServerConfigKeys (ConfUtils.java:logGet(43)) - raft.server.storage.dir = [/workdir/hadoop-ozone/ozonefs/target/test-dir/MiniOzoneClusterImpl-855b8ead-b066-4f2a-ac82-4f38b96b29b6/datanode-2/data/ratis] (custom)
2019-09-20 08:37:48,240 [pool-155-thread-1] INFO  storage.RaftStorageDirectory (RaftStorageDirectory.java:analyzeStorage(246)) - The storage directory /workdir/hadoop-ozone/ozonefs/target/test-dir/MiniOzoneClusterImpl-855b8ead-b066-4f2a-ac82-4f38b96b29b6/datanode-2/data/ratis/30e5f97a-b786-4652-a5cd-5dd9f5f6670f does not exist. Creating ...
2019-09-20 08:37:48,264 [pool-155-thread-1] INFO  storage.RaftStorageDirectory (RaftStorageDirectory.java:tryLock(328)) - Lock on /workdir/hadoop-ozone/ozonefs/target/test-dir/MiniOzoneClusterImpl-855b8ead-b066-4f2a-ac82-4f38b96b29b6/datanode-2/data/ratis/30e5f97a-b786-4652-a5cd-5dd9f5f6670f/in_use.lock acquired by nodename 25669@pr-hdds-1569-s8kj2-2266485376
2019-09-20 08:37:48,297 [pool-155-thread-1] INFO  storage.RaftStorage (RaftStorage.java:format(72)) - Storage directory /workdir/hadoop-ozone/ozonefs/target/test-dir/MiniOzoneClusterImpl-855b8ead-b066-4f2a-ac82-4f38b96b29b6/datanode-2/data/ratis/30e5f97a-b786-4652-a5cd-5dd9f5f6670f has been successfully formatted.
2019-09-20 08:37:48,298 [pool-155-thread-1] INFO  ratis.ContainerStateMachine (ContainerStateMachine.java:loadSnapshot(226)) - group-5DD9F5F6670F: The snapshot info is null. Setting the last applied indexto:(t:0, i:~)
2019-09-20 08:37:48,298 [pool-155-thread-1] INFO  server.RaftServerConfigKeys (ConfUtils.java:logGet(43)) - raft.server.leader.election.timeout = 120s (custom)
2019-09-20 08:37:48,298 [pool-155-thread-1] INFO  server.RaftServerConfigKeys (ConfUtils.java:logGet(43)) - raft.server.log.use.memory = false (default)
2019-09-20 08:37:48,298 [pool-155-thread-1] INFO  server.RaftServerConfigKeys (ConfUtils.java:logGet(43)) - raft.server.log.purge.gap = 1000000 (custom)
2019-09-20 08:37:48,299 [pool-155-thread-1] INFO  server.RaftServerConfigKeys (ConfUtils.java:logGet(43)) - raft.server.log.appender.buffer.byte-limit = 33554432 (custom)
2019-09-20 08:37:48,299 [pool-155-thread-1] INFO  server.RaftServerConfigKeys (ConfUtils.java:logGet(43)) - raft.server.log.segment.size.max = 1048576 (custom)
2019-09-20 08:37:48,299 [pool-155-thread-1] INFO  server.RaftServerConfigKeys (ConfUtils.java:logGet(43)) - raft.server.log.segment.cache.num.max = 2 (custom)
2019-09-20 08:37:48,299 [pool-155-thread-1] INFO  segmented.SegmentedRaftLogWorker (SegmentedRaftLogWorker.java:<init>(172)) - new 9a6a84d6-ff22-4367-bab8-0f0e0dfb03ca-SegmentedRaftLogWorker:Storage Directory /workdir/hadoop-ozone/ozonefs/target/test-dir/MiniOzoneClusterImpl-855b8ead-b066-4f2a-ac82-4f38b96b29b6/datanode-2/data/ratis/30e5f97a-b786-4652-a5cd-5dd9f5f6670f for RaftStorage:Storage Directory /workdir/hadoop-ozone/ozonefs/target/test-dir/MiniOzoneClusterImpl-855b8ead-b066-4f2a-ac82-4f38b96b29b6/datanode-2/data/ratis/30e5f97a-b786-4652-a5cd-5dd9f5f6670f
2019-09-20 08:37:48,299 [pool-155-thread-1] INFO  server.RaftServerConfigKeys (ConfUtils.java:logGet(43)) - raft.server.log.queue.byte-limit = 2147483647 (custom)
2019-09-20 08:37:48,299 [pool-155-thread-1] INFO  server.RaftServerConfigKeys (ConfUtils.java:logGet(43)) - raft.server.log.queue.element-limit = 1024 (custom)
2019-09-20 08:37:48,300 [pool-155-thread-1] INFO  server.RaftServerConfigKeys (ConfUtils.java:logGet(43)) - raft.server.log.segment.size.max = 1048576 (custom)
2019-09-20 08:37:48,300 [pool-155-thread-1] INFO  server.RaftServerConfigKeys (ConfUtils.java:logGet(43)) - raft.server.log.preallocated.size = 16384 (custom)
2019-09-20 08:37:48,300 [pool-155-thread-1] INFO  server.RaftServerConfigKeys (ConfUtils.java:logGet(43)) - raft.server.log.write.buffer.size = 33554432 (custom)
2019-09-20 08:37:48,300 [pool-155-thread-1] INFO  server.RaftServerConfigKeys (ConfUtils.java:logGet(43)) - raft.server.log.force.sync.num = 128 (default)
2019-09-20 08:37:48,300 [pool-155-thread-1] INFO  server.RaftServerConfigKeys (ConfUtils.java:logGet(43)) - raft.server.log.statemachine.data.sync = true (default)
2019-09-20 08:37:48,300 [pool-155-thread-1] INFO  server.RaftServerConfigKeys (ConfUtils.java:logGet(43)) - raft.server.log.statemachine.data.sync.timeout = 10s (default)
2019-09-20 08:37:48,301 [pool-155-thread-1] INFO  server.RaftServerConfigKeys (ConfUtils.java:logGet(43)) - raft.server.log.statemachine.data.sync.timeout.retry = -1 (default)
2019-09-20 08:37:48,301 [pool-155-thread-1] INFO  server.RaftServerConfigKeys (ConfUtils.java:logGet(43)) - raft.server.log.statemachine.data.caching.enabled = true (custom)
2019-09-20 08:37:48,301 [pool-155-thread-1] INFO  segmented.SegmentedRaftLogWorker (SegmentedRaftLogWorker.java:lambda$new$0(132)) - 9a6a84d6-ff22-4367-bab8-0f0e0dfb03ca-SegmentedRaftLogWorker:Storage Directory /workdir/hadoop-ozone/ozonefs/target/test-dir/MiniOzoneClusterImpl-855b8ead-b066-4f2a-ac82-4f38b96b29b6/datanode-2/data/ratis/30e5f97a-b786-4652-a5cd-5dd9f5f6670f: flushIndex: setUnconditionally 0 -> -1
2019-09-20 08:37:48,302 [pool-155-thread-1] INFO  server.RaftServerConfigKeys (ConfUtils.java:logGet(43)) - raft.server.snapshot.auto.trigger.enabled = true (custom)
2019-09-20 08:37:48,302 [pool-155-thread-1] INFO  server.RaftServerConfigKeys (ConfUtils.java:logGet(43)) - raft.server.snapshot.auto.trigger.threshold = 10000 (custom)
2019-09-20 08:37:48,302 [pool-155-thread-1] INFO  server.RaftServerConfigKeys (ConfUtils.java:logGet(43)) - raft.server.retrycache.expirytime = 600000ms (custom)
2019-09-20 08:37:48,302 [pool-155-thread-1] INFO  impl.RaftServerImpl (RaftServerImpl.java:start(180)) - 9a6a84d6-ff22-4367-bab8-0f0e0dfb03ca: start group-5DD9F5F6670F
2019-09-20 08:37:48,302 [pool-155-thread-1] INFO  impl.RaftServerImpl (RaftServerImpl.java:setRole(171)) - 9a6a84d6-ff22-4367-bab8-0f0e0dfb03ca:group-5DD9F5F6670F changes role from null to FOLLOWER at term 0 for startAsFollower
2019-09-20 08:37:48,303 [pool-155-thread-1] INFO  impl.RoleInfo (RoleInfo.java:updateAndGet(143)) - 9a6a84d6-ff22-4367-bab8-0f0e0dfb03ca: start FollowerState
2019-09-20 08:37:48,303 [pool-155-thread-1] INFO  util.JmxRegister (JmxRegister.java:tryRegister(44)) - Successfully registered JMX Bean with object name Ratis:service=RaftServer,group=group-5DD9F5F6670F,id=9a6a84d6-ff22-4367-bab8-0f0e0dfb03ca
2019-09-20 08:37:48,306 [RatisPipelineUtilsThread] INFO  pipeline.PipelineStateManager (PipelineStateManager.java:addPipeline(56)) - Created pipeline Pipeline[ Id: 30e5f97a-b786-4652-a5cd-5dd9f5f6670f, Nodes: 9a6a84d6-ff22-4367-bab8-0f0e0dfb03ca{ip: 192.168.36.79, host: pr-hdds-1569-s8kj2-2266485376, networkLocation: /default-rack, certSerialId: null}, Type:RATIS, Factor:ONE, State:OPEN]
2019-09-20 08:37:48,307 [RatisPipelineUtilsThread] INFO  pipeline.PipelinePlacementPolicy (PipelinePlacementPolicy.java:meetCriteria(91)) - Pipeline Placement: Doesn't meet the criteria to be viable node： b889c58e-4fe0-4be9-9092-901247a80a4f Heaviness: 6 limit: 5
2019-09-20 08:37:48,307 [RatisPipelineUtilsThread] INFO  pipeline.PipelinePlacementPolicy (PipelinePlacementPolicy.java:meetCriteria(91)) - Pipeline Placement: Doesn't meet the criteria to be viable node： f0549359-73a8-43a9-8479-5d696f050b37 Heaviness: 6 limit: 5
2019-09-20 08:37:48,314 [grpc-default-executor-0] INFO  impl.RaftServerProxy (RaftServerProxy.java:addNew(89)) - 9a6a84d6-ff22-4367-bab8-0f0e0dfb03ca: addNew group-415EB254C837:[9a6a84d6-ff22-4367-bab8-0f0e0dfb03ca:192.168.36.79:39089] returns group-415EB254C837:java.util.concurrent.CompletableFuture@5cd6c310[Not completed]
2019-09-20 08:37:48,315 [pool-155-thread-1] INFO  impl.RaftServerImpl (RaftServerImpl.java:<init>(93)) - 9a6a84d6-ff22-4367-bab8-0f0e0dfb03ca: new RaftServerImpl for group-415EB254C837:[9a6a84d6-ff22-4367-bab8-0f0e0dfb03ca:192.168.36.79:39089] with ContainerStateMachine:uninitialized
2019-09-20 08:37:48,316 [pool-155-thread-1] INFO  server.RaftServerConfigKeys (ConfUtils.java:logGet(43)) - raft.server.rpc.timeout.min = 5s (custom)
2019-09-20 08:37:48,316 [pool-155-thread-1] INFO  server.RaftServerConfigKeys (ConfUtils.java:logGet(43)) - raft.server.rpc.timeout.max = 5200ms (custom)
2019-09-20 08:37:48,316 [pool-155-thread-1] INFO  server.RaftServerConfigKeys (ConfUtils.java:logGet(43)) - raft.server.rpcslowness.timeout = 120s (custom)
2019-09-20 08:37:48,316 [pool-155-thread-1] INFO  server.RaftServerConfigKeys (ConfUtils.java:logGet(43)) - raft.server.sleep.deviation.threshold = 300 (default)
2019-09-20 08:37:48,316 [pool-155-thread-1] INFO  server.RaftServerConfigKeys (ConfUtils.java:logGet(43)) - raft.server.log.appender.install.snapshot.enabled = false (custom)
2019-09-20 08:37:48,316 [pool-155-thread-1] INFO  impl.RaftServerImpl (ServerState.java:<init>(105)) - 9a6a84d6-ff22-4367-bab8-0f0e0dfb03ca:group-415EB254C837 ConfigurationManager, init=-1: [9a6a84d6-ff22-4367-bab8-0f0e0dfb03ca:192.168.36.79:39089], old=null, confs=<EMPTY_MAP>
2019-09-20 08:37:48,316 [pool-155-thread-1] INFO  server.RaftServerConfigKeys (ConfUtils.java:logGet(43)) - raft.server.storage.dir = [/workdir/hadoop-ozone/ozonefs/target/test-dir/MiniOzoneClusterImpl-855b8ead-b066-4f2a-ac82-4f38b96b29b6/datanode-2/data/ratis] (custom)
2019-09-20 08:37:48,317 [pool-155-thread-1] INFO  storage.RaftStorageDirectory (RaftStorageDirectory.java:analyzeStorage(246)) - The storage directory /workdir/hadoop-ozone/ozonefs/target/test-dir/MiniOzoneClusterImpl-855b8ead-b066-4f2a-ac82-4f38b96b29b6/datanode-2/data/ratis/2567cfd5-5b2a-48ce-b306-415eb254c837 does not exist. Creating ...
2019-09-20 08:37:48,339 [pool-155-thread-1] INFO  storage.RaftStorageDirectory (RaftStorageDirectory.java:tryLock(328)) - Lock on /workdir/hadoop-ozone/ozonefs/target/test-dir/MiniOzoneClusterImpl-855b8ead-b066-4f2a-ac82-4f38b96b29b6/datanode-2/data/ratis/2567cfd5-5b2a-48ce-b306-415eb254c837/in_use.lock acquired by nodename 25669@pr-hdds-1569-s8kj2-2266485376
2019-09-20 08:37:48,357 [pool-155-thread-1] INFO  storage.RaftStorage (RaftStorage.java:format(72)) - Storage directory /workdir/hadoop-ozone/ozonefs/target/test-dir/MiniOzoneClusterImpl-855b8ead-b066-4f2a-ac82-4f38b96b29b6/datanode-2/data/ratis/2567cfd5-5b2a-48ce-b306-415eb254c837 has been successfully formatted.
2019-09-20 08:37:48,357 [pool-155-thread-1] INFO  ratis.ContainerStateMachine (ContainerStateMachine.java:loadSnapshot(226)) - group-415EB254C837: The snapshot info is null. Setting the last applied indexto:(t:0, i:~)
2019-09-20 08:37:48,357 [pool-155-thread-1] INFO  server.RaftServerConfigKeys (ConfUtils.java:logGet(43)) - raft.server.leader.election.timeout = 120s (custom)
2019-09-20 08:37:48,357 [pool-155-thread-1] INFO  server.RaftServerConfigKeys (ConfUtils.java:logGet(43)) - raft.server.log.use.memory = false (default)
2019-09-20 08:37:48,357 [pool-155-thread-1] INFO  server.RaftServerConfigKeys (ConfUtils.java:logGet(43)) - raft.server.log.purge.gap = 1000000 (custom)
2019-09-20 08:37:48,358 [pool-155-thread-1] INFO  server.RaftServerConfigKeys (ConfUtils.java:logGet(43)) - raft.server.log.appender.buffer.byte-limit = 33554432 (custom)
2019-09-20 08:37:48,358 [pool-155-thread-1] INFO  server.RaftServerConfigKeys (ConfUtils.java:logGet(43)) - raft.server.log.segment.size.max = 1048576 (custom)
2019-09-20 08:37:48,358 [pool-155-thread-1] INFO  server.RaftServerConfigKeys (ConfUtils.java:logGet(43)) - raft.server.log.segment.cache.num.max = 2 (custom)
2019-09-20 08:37:48,358 [pool-155-thread-1] INFO  segmented.SegmentedRaftLogWorker (SegmentedRaftLogWorker.java:<init>(172)) - new 9a6a84d6-ff22-4367-bab8-0f0e0dfb03ca-SegmentedRaftLogWorker:Storage Directory /workdir/hadoop-ozone/ozonefs/target/test-dir/MiniOzoneClusterImpl-855b8ead-b066-4f2a-ac82-4f38b96b29b6/datanode-2/data/ratis/2567cfd5-5b2a-48ce-b306-415eb254c837 for RaftStorage:Storage Directory /workdir/hadoop-ozone/ozonefs/target/test-dir/MiniOzoneClusterImpl-855b8ead-b066-4f2a-ac82-4f38b96b29b6/datanode-2/data/ratis/2567cfd5-5b2a-48ce-b306-415eb254c837
2019-09-20 08:37:48,358 [pool-155-thread-1] INFO  server.RaftServerConfigKeys (ConfUtils.java:logGet(43)) - raft.server.log.queue.byte-limit = 2147483647 (custom)
2019-09-20 08:37:48,359 [pool-155-thread-1] INFO  server.RaftServerConfigKeys (ConfUtils.java:logGet(43)) - raft.server.log.queue.element-limit = 1024 (custom)
2019-09-20 08:37:48,359 [pool-155-thread-1] INFO  server.RaftServerConfigKeys (ConfUtils.java:logGet(43)) - raft.server.log.segment.size.max = 1048576 (custom)
2019-09-20 08:37:48,359 [pool-155-thread-1] INFO  server.RaftServerConfigKeys (ConfUtils.java:logGet(43)) - raft.server.log.preallocated.size = 16384 (custom)
2019-09-20 08:37:48,359 [pool-155-thread-1] INFO  server.RaftServerConfigKeys (ConfUtils.java:logGet(43)) - raft.server.log.write.buffer.size = 33554432 (custom)
2019-09-20 08:37:48,359 [pool-155-thread-1] INFO  server.RaftServerConfigKeys (ConfUtils.java:logGet(43)) - raft.server.log.force.sync.num = 128 (default)
2019-09-20 08:37:48,359 [pool-155-thread-1] INFO  server.RaftServerConfigKeys (ConfUtils.java:logGet(43)) - raft.server.log.statemachine.data.sync = true (default)
2019-09-20 08:37:48,360 [pool-155-thread-1] INFO  server.RaftServerConfigKeys (ConfUtils.java:logGet(43)) - raft.server.log.statemachine.data.sync.timeout = 10s (default)
2019-09-20 08:37:48,360 [pool-155-thread-1] INFO  server.RaftServerConfigKeys (ConfUtils.java:logGet(43)) - raft.server.log.statemachine.data.sync.timeout.retry = -1 (default)
2019-09-20 08:37:48,360 [pool-155-thread-1] INFO  server.RaftServerConfigKeys (ConfUtils.java:logGet(43)) - raft.server.log.statemachine.data.caching.enabled = true (custom)
2019-09-20 08:37:48,360 [pool-155-thread-1] INFO  segmented.SegmentedRaftLogWorker (SegmentedRaftLogWorker.java:lambda$new$0(132)) - 9a6a84d6-ff22-4367-bab8-0f0e0dfb03ca-SegmentedRaftLogWorker:Storage Directory /workdir/hadoop-ozone/ozonefs/target/test-dir/MiniOzoneClusterImpl-855b8ead-b066-4f2a-ac82-4f38b96b29b6/datanode-2/data/ratis/2567cfd5-5b2a-48ce-b306-415eb254c837: flushIndex: setUnconditionally 0 -> -1
2019-09-20 08:37:48,361 [pool-155-thread-1] INFO  server.RaftServerConfigKeys (ConfUtils.java:logGet(43)) - raft.server.snapshot.auto.trigger.enabled = true (custom)
2019-09-20 08:37:48,361 [pool-155-thread-1] INFO  server.RaftServerConfigKeys (ConfUtils.java:logGet(43)) - raft.server.snapshot.auto.trigger.threshold = 10000 (custom)
2019-09-20 08:37:48,361 [pool-155-thread-1] INFO  server.RaftServerConfigKeys (ConfUtils.java:logGet(43)) - raft.server.retrycache.expirytime = 600000ms (custom)
2019-09-20 08:37:48,361 [pool-155-thread-1] INFO  impl.RaftServerImpl (RaftServerImpl.java:start(180)) - 9a6a84d6-ff22-4367-bab8-0f0e0dfb03ca: start group-415EB254C837
2019-09-20 08:37:48,361 [pool-155-thread-1] INFO  impl.RaftServerImpl (RaftServerImpl.java:setRole(171)) - 9a6a84d6-ff22-4367-bab8-0f0e0dfb03ca:group-415EB254C837 changes role from null to FOLLOWER at term 0 for startAsFollower
2019-09-20 08:37:48,362 [pool-155-thread-1] INFO  impl.RoleInfo (RoleInfo.java:updateAndGet(143)) - 9a6a84d6-ff22-4367-bab8-0f0e0dfb03ca: start FollowerState
2019-09-20 08:37:48,362 [pool-155-thread-1] INFO  util.JmxRegister (JmxRegister.java:tryRegister(44)) - Successfully registered JMX Bean with object name Ratis:service=RaftServer,group=group-415EB254C837,id=9a6a84d6-ff22-4367-bab8-0f0e0dfb03ca
2019-09-20 08:37:48,366 [RatisPipelineUtilsThread] INFO  pipeline.PipelineStateManager (PipelineStateManager.java:addPipeline(56)) - Created pipeline Pipeline[ Id: 2567cfd5-5b2a-48ce-b306-415eb254c837, Nodes: 9a6a84d6-ff22-4367-bab8-0f0e0dfb03ca{ip: 192.168.36.79, host: pr-hdds-1569-s8kj2-2266485376, networkLocation: /default-rack, certSerialId: null}, Type:RATIS, Factor:ONE, State:OPEN]
2019-09-20 08:37:48,366 [RatisPipelineUtilsThread] INFO  pipeline.PipelinePlacementPolicy (PipelinePlacementPolicy.java:meetCriteria(91)) - Pipeline Placement: Doesn't meet the criteria to be viable node： b889c58e-4fe0-4be9-9092-901247a80a4f Heaviness: 6 limit: 5
2019-09-20 08:37:48,366 [RatisPipelineUtilsThread] INFO  pipeline.PipelinePlacementPolicy (PipelinePlacementPolicy.java:meetCriteria(91)) - Pipeline Placement: Doesn't meet the criteria to be viable node： f0549359-73a8-43a9-8479-5d696f050b37 Heaviness: 6 limit: 5
2019-09-20 08:37:48,366 [RatisPipelineUtilsThread] INFO  pipeline.PipelinePlacementPolicy (PipelinePlacementPolicy.java:meetCriteria(91)) - Pipeline Placement: Doesn't meet the criteria to be viable node： 9a6a84d6-ff22-4367-bab8-0f0e0dfb03ca Heaviness: 6 limit: 5
2019-09-20 08:37:48,366 [RatisPipelineUtilsThread] ERROR pipeline.PipelinePlacementPolicy (PipelinePlacementPolicy.java:filterViableNodes(148)) - Unable to find enough nodes that meet the criteria that cannot engage in more than 5 pipelines. Nodes required: 1 Found: 0, healthy nodes count inNodeManager: 3.
2019-09-20 08:37:48,367 [RatisPipelineUtilsThread] ERROR pipeline.SCMPipelineManager (SCMPipelineManager.java:createPipeline(161)) - Pipeline creation failed due to exception: Unable to find enough nodes that meet the criteria that cannot engage in more than 5 pipelines. Nodes required: 1 Found: 0, healthy nodes count inNodeManager: 3.
2019-09-20 08:37:48,367 [RatisPipelineUtilsThread] INFO  pipeline.PipelinePlacementPolicy (PipelinePlacementPolicy.java:meetCriteria(91)) - Pipeline Placement: Doesn't meet the criteria to be viable node： b889c58e-4fe0-4be9-9092-901247a80a4f Heaviness: 6 limit: 5
2019-09-20 08:37:48,367 [RatisPipelineUtilsThread] INFO  pipeline.PipelinePlacementPolicy (PipelinePlacementPolicy.java:meetCriteria(91)) - Pipeline Placement: Doesn't meet the criteria to be viable node： f0549359-73a8-43a9-8479-5d696f050b37 Heaviness: 6 limit: 5
2019-09-20 08:37:48,367 [RatisPipelineUtilsThread] INFO  pipeline.PipelinePlacementPolicy (PipelinePlacementPolicy.java:meetCriteria(91)) - Pipeline Placement: Doesn't meet the criteria to be viable node： 9a6a84d6-ff22-4367-bab8-0f0e0dfb03ca Heaviness: 6 limit: 5
2019-09-20 08:37:48,367 [RatisPipelineUtilsThread] ERROR pipeline.PipelinePlacementPolicy (PipelinePlacementPolicy.java:filterViableNodes(148)) - Unable to find enough nodes that meet the criteria that cannot engage in more than 5 pipelines. Nodes required: 3 Found: 0, healthy nodes count inNodeManager: 3.
2019-09-20 08:37:48,367 [RatisPipelineUtilsThread] ERROR pipeline.SCMPipelineManager (SCMPipelineManager.java:createPipeline(161)) - Pipeline creation failed due to exception: Unable to find enough nodes that meet the criteria that cannot engage in more than 5 pipelines. Nodes required: 3 Found: 0, healthy nodes count inNodeManager: 3.
2019-09-20 08:37:48,368 [RatisPipelineUtilsThread] INFO  pipeline.PipelinePlacementPolicy (PipelinePlacementPolicy.java:meetCriteria(91)) - Pipeline Placement: Doesn't meet the criteria to be viable node： b889c58e-4fe0-4be9-9092-901247a80a4f Heaviness: 6 limit: 5
2019-09-20 08:37:48,368 [RatisPipelineUtilsThread] INFO  pipeline.PipelinePlacementPolicy (PipelinePlacementPolicy.java:meetCriteria(91)) - Pipeline Placement: Doesn't meet the criteria to be viable node： f0549359-73a8-43a9-8479-5d696f050b37 Heaviness: 6 limit: 5
2019-09-20 08:37:48,368 [RatisPipelineUtilsThread] INFO  pipeline.PipelinePlacementPolicy (PipelinePlacementPolicy.java:meetCriteria(91)) - Pipeline Placement: Doesn't meet the criteria to be viable node： 9a6a84d6-ff22-4367-bab8-0f0e0dfb03ca Heaviness: 6 limit: 5
2019-09-20 08:37:48,368 [RatisPipelineUtilsThread] ERROR pipeline.PipelinePlacementPolicy (PipelinePlacementPolicy.java:filterViableNodes(148)) - Unable to find enough nodes that meet the criteria that cannot engage in more than 5 pipelines. Nodes required: 1 Found: 0, healthy nodes count inNodeManager: 3.
2019-09-20 08:37:48,368 [RatisPipelineUtilsThread] ERROR pipeline.SCMPipelineManager (SCMPipelineManager.java:createPipeline(161)) - Pipeline creation failed due to exception: Unable to find enough nodes that meet the criteria that cannot engage in more than 5 pipelines. Nodes required: 1 Found: 0, healthy nodes count inNodeManager: 3.
2019-09-20 08:37:48,368 [RatisPipelineUtilsThread] INFO  pipeline.PipelinePlacementPolicy (PipelinePlacementPolicy.java:meetCriteria(91)) - Pipeline Placement: Doesn't meet the criteria to be viable node： b889c58e-4fe0-4be9-9092-901247a80a4f Heaviness: 6 limit: 5
2019-09-20 08:37:48,369 [RatisPipelineUtilsThread] INFO  pipeline.PipelinePlacementPolicy (PipelinePlacementPolicy.java:meetCriteria(91)) - Pipeline Placement: Doesn't meet the criteria to be viable node： f0549359-73a8-43a9-8479-5d696f050b37 Heaviness: 6 limit: 5
2019-09-20 08:37:48,369 [RatisPipelineUtilsThread] INFO  pipeline.PipelinePlacementPolicy (PipelinePlacementPolicy.java:meetCriteria(91)) - Pipeline Placement: Doesn't meet the criteria to be viable node： 9a6a84d6-ff22-4367-bab8-0f0e0dfb03ca Heaviness: 6 limit: 5
2019-09-20 08:37:48,369 [RatisPipelineUtilsThread] ERROR pipeline.PipelinePlacementPolicy (PipelinePlacementPolicy.java:filterViableNodes(148)) - Unable to find enough nodes that meet the criteria that cannot engage in more than 5 pipelines. Nodes required: 3 Found: 0, healthy nodes count inNodeManager: 3.
2019-09-20 08:37:48,369 [RatisPipelineUtilsThread] ERROR pipeline.SCMPipelineManager (SCMPipelineManager.java:createPipeline(161)) - Pipeline creation failed due to exception: Unable to find enough nodes that meet the criteria that cannot engage in more than 5 pipelines. Nodes required: 3 Found: 0, healthy nodes count inNodeManager: 3.
2019-09-20 08:37:48,630 [Thread-525] INFO  ozone.MiniOzoneClusterImpl (MiniOzoneClusterImpl.java:lambda$waitForClusterToBeReady$0(142)) - Cluster is ready. Got 3 of 3 DN Heartbeats.
2019-09-20 08:37:48,793 | INFO  | OMAudit | user=jenkins1000 | ip=127.0.0.1 | op=CREATE_VOLUME {admin=admin49584, owner=user71602, volume=volume00936, creationTime=1568968668792, quotaInBytes=1152921504606846976} | ret=SUCCESS |  
2019-09-20 08:37:48,801 | INFO  | OMAudit | user=jenkins1000 | ip=127.0.0.1 | op=CREATE_BUCKET {volume=volume00936, bucket=bucket29969, acls=[], isVersionEnabled=false, storageType=DISK, creationTime=0} | ret=SUCCESS |  
2019-09-20 08:37:48,821 | INFO  | OMAudit | user=jenkins1000 | ip=127.0.0.1 | op=READ_VOLUME {volume=volume00936} | ret=SUCCESS |  
2019-09-20 08:37:48,822 | INFO  | OMAudit | user=jenkins1000 | ip=127.0.0.1 | op=READ_BUCKET {volume=volume00936, bucket=bucket29969} | ret=SUCCESS |  
2019-09-20 08:37:48,848 | INFO  | OMAudit | user=jenkins1000 | ip=127.0.0.1 | op=CREATE_DIRECTORY {volume=volume00936, bucket=bucket29969, key=dir1/dir11/dir111, dataSize=0, replicationType=null, replicationFactor=null, keyLocationInfo=null} | ret=SUCCESS |  
2019-09-20 08:37:48,850 | INFO  | OMAudit | user=jenkins1000 | ip=127.0.0.1 | op=CREATE_DIRECTORY {volume=volume00936, bucket=bucket29969, key=dir1/dir12, dataSize=0, replicationType=null, replicationFactor=null, keyLocationInfo=null} | ret=SUCCESS |  
2019-09-20 08:37:48,916 [IPC Server handler 3 on 35266] INFO  pipeline.PipelinePlacementPolicy (PipelinePlacementPolicy.java:meetCriteria(91)) - Pipeline Placement: Doesn't meet the criteria to be viable node： b889c58e-4fe0-4be9-9092-901247a80a4f Heaviness: 6 limit: 5
2019-09-20 08:37:48,917 [IPC Server handler 3 on 35266] INFO  pipeline.PipelinePlacementPolicy (PipelinePlacementPolicy.java:meetCriteria(91)) - Pipeline Placement: Doesn't meet the criteria to be viable node： f0549359-73a8-43a9-8479-5d696f050b37 Heaviness: 6 limit: 5
2019-09-20 08:37:48,917 [IPC Server handler 3 on 35266] INFO  pipeline.PipelinePlacementPolicy (PipelinePlacementPolicy.java:meetCriteria(91)) - Pipeline Placement: Doesn't meet the criteria to be viable node： 9a6a84d6-ff22-4367-bab8-0f0e0dfb03ca Heaviness: 6 limit: 5
2019-09-20 08:37:48,917 [IPC Server handler 3 on 35266] ERROR pipeline.PipelinePlacementPolicy (PipelinePlacementPolicy.java:filterViableNodes(148)) - Unable to find enough nodes that meet the criteria that cannot engage in more than 5 pipelines. Nodes required: 3 Found: 0, healthy nodes count inNodeManager: 3.
2019-09-20 08:37:48,917 [IPC Server handler 3 on 35266] ERROR pipeline.SCMPipelineManager (SCMPipelineManager.java:createPipeline(161)) - Pipeline creation failed due to exception: Unable to find enough nodes that meet the criteria that cannot engage in more than 5 pipelines. Nodes required: 3 Found: 0, healthy nodes count inNodeManager: 3.
2019-09-20 08:37:48,917 [IPC Server handler 3 on 35266] WARN  block.BlockManagerImpl (BlockManagerImpl.java:allocateBlock(192)) - Pipeline creation failed for type:RATIS factor:THREE. Retrying get pipelines call once.
org.apache.hadoop.hdds.scm.exceptions.SCMException: Unable to find enough nodes that meet the criteria that cannot engage in more than 5 pipelines. Nodes required: 3 Found: 0, healthy nodes count inNodeManager: 3.
	at org.apache.hadoop.hdds.scm.pipeline.PipelinePlacementPolicy.filterViableNodes(PipelinePlacementPolicy.java:149)
	at org.apache.hadoop.hdds.scm.pipeline.PipelinePlacementPolicy.chooseDatanodes(PipelinePlacementPolicy.java:172)
	at org.apache.hadoop.hdds.scm.pipeline.RatisPipelineProvider.create(RatisPipelineProvider.java:92)
	at org.apache.hadoop.hdds.scm.pipeline.PipelineFactory.create(PipelineFactory.java:57)
	at org.apache.hadoop.hdds.scm.pipeline.SCMPipelineManager.createPipeline(SCMPipelineManager.java:149)
	at org.apache.hadoop.hdds.scm.block.BlockManagerImpl.allocateBlock(BlockManagerImpl.java:190)
	at org.apache.hadoop.hdds.scm.server.SCMBlockProtocolServer.allocateBlock(SCMBlockProtocolServer.java:175)
	at org.apache.hadoop.ozone.protocolPB.ScmBlockLocationProtocolServerSideTranslatorPB.allocateScmBlock(ScmBlockLocationProtocolServerSideTranslatorPB.java:153)
	at org.apache.hadoop.ozone.protocolPB.ScmBlockLocationProtocolServerSideTranslatorPB.send(ScmBlockLocationProtocolServerSideTranslatorPB.java:112)
	at org.apache.hadoop.hdds.protocol.proto.ScmBlockLocationProtocolProtos$ScmBlockLocationProtocolService$2.callBlockingMethod(ScmBlockLocationProtocolProtos.java:13157)
	at org.apache.hadoop.ipc.ProtobufRpcEngine$Server$ProtoBufRpcInvoker.call(ProtobufRpcEngine.java:524)
	at org.apache.hadoop.ipc.RPC$Server.call(RPC.java:1025)
	at org.apache.hadoop.ipc.Server$RpcCall.run(Server.java:876)
	at org.apache.hadoop.ipc.Server$RpcCall.run(Server.java:822)
	at java.security.AccessController.doPrivileged(Native Method)
	at javax.security.auth.Subject.doAs(Subject.java:422)
	at org.apache.hadoop.security.UserGroupInformation.doAs(UserGroupInformation.java:1730)
	at org.apache.hadoop.ipc.Server$Handler.run(Server.java:2682)
2019-09-20 08:37:48,918 [IPC Server handler 3 on 35266] INFO  block.BlockManagerImpl (BlockManagerImpl.java:allocateBlock(198)) - Could not find available pipeline of type:RATIS and factor:THREE even after retrying
2019-09-20 08:37:48,918 [IPC Server handler 3 on 35266] ERROR block.BlockManagerImpl (BlockManagerImpl.java:allocateBlock(222)) - Unable to allocate a block for the size: 4194304, type: RATIS, factor: THREE
2019-09-20 08:37:48,919 | INFO  | SCMAudit | user=jenkins1000 | ip=192.168.36.79 | op=ALLOCATE_BLOCK {owner=48beb670-fb50-4b70-8e49-52899ceeab97, size=4194304, type=RATIS, factor=THREE} | ret=SUCCESS |  
2019-09-20 08:37:48,927 | ERROR | OMAudit | user=jenkins1000 | ip=127.0.0.1 | op=CREATE_FILE {volume=volume00936, bucket=bucket29969, key=dir1/dir12/file121, dataSize=0, replicationType=RATIS, replicationFactor=THREE, keyLocationInfo=null} | ret=FAILURE | org.apache.hadoop.hdds.scm.exceptions.SCMException: Allocated 0 blocks. Requested 1 blocks
	at org.apache.hadoop.hdds.scm.protocolPB.ScmBlockLocationProtocolClientSideTranslatorPB.handleError(ScmBlockLocationProtocolClientSideTranslatorPB.java:118)
	at org.apache.hadoop.hdds.scm.protocolPB.ScmBlockLocationProtocolClientSideTranslatorPB.allocateBlock(ScmBlockLocationProtocolClientSideTranslatorPB.java:156) 
2019-09-20 08:37:48,930 [Thread-525] INFO  ozone.MiniOzoneClusterImpl (MiniOzoneClusterImpl.java:shutdown(321)) - Shutting down the Mini Ozone Cluster
2019-09-20 08:37:48,930 | INFO  | SCMAudit | user=null | ip=null | op=GET_SCM_INFO null | ret=SUCCESS |  
2019-09-20 08:37:48,931 [Thread-525] INFO  ozone.MiniOzoneClusterImpl (MiniOzoneClusterImpl.java:stop(336)) - Stopping the Mini Ozone Cluster
2019-09-20 08:37:48,931 [Thread-525] INFO  ozone.MiniOzoneClusterImpl (MiniOzoneClusterImpl.java:stop(338)) - Stopping the OzoneManager
2019-09-20 08:37:48,931 [Thread-525] INFO  ipc.Server (Server.java:stop(3082)) - Stopping server on 46712
2019-09-20 08:37:48,933 [IPC Server listener on 46712] INFO  ipc.Server (Server.java:run(1185)) - Stopping IPC Server listener on 46712
2019-09-20 08:37:48,933 [Thread-525] INFO  ratis.OzoneManagerDoubleBuffer (OzoneManagerDoubleBuffer.java:stop(248)) - Stopping OMDoubleBuffer flush thread
2019-09-20 08:37:48,934 [IPC Server Responder] INFO  ipc.Server (Server.java:run(1319)) - Stopping IPC Server Responder
2019-09-20 08:37:48,935 [OMDoubleBufferFlushThread] INFO  ratis.OzoneManagerDoubleBuffer (OzoneManagerDoubleBuffer.java:flushTransactions(191)) - OMDoubleBuffer flush thread OMDoubleBufferFlushThread is interrupted and will exit. OMDoubleBufferFlushThread
2019-09-20 08:37:48,936 [Thread-525] INFO  utils.BackgroundService (BackgroundService.java:shutdown(148)) - Shutting down service KeyDeletingService
2019-09-20 08:37:48,938 [Thread-525] INFO  handler.ContextHandler (ContextHandler.java:doStop(910)) - Stopped o.e.j.w.WebAppContext@40c4427f{/,null,UNAVAILABLE}{/ozoneManager}
2019-09-20 08:37:48,939 [Thread-525] INFO  server.AbstractConnector (AbstractConnector.java:doStop(318)) - Stopped ServerConnector@6e09a6e{HTTP/1.1,[http/1.1]}{0.0.0.0:0}
2019-09-20 08:37:48,939 [Thread-525] INFO  handler.ContextHandler (ContextHandler.java:doStop(910)) - Stopped o.e.j.s.ServletContextHandler@3f70c123{/static,jar:file:/home/user/.m2/repository/org/apache/hadoop/hadoop-ozone-ozone-manager/0.5.0-SNAPSHOT/hadoop-ozone-ozone-manager-0.5.0-SNAPSHOT.jar!/webapps/static,UNAVAILABLE}
2019-09-20 08:37:48,939 [Thread-525] INFO  handler.ContextHandler (ContextHandler.java:doStop(910)) - Stopped o.e.j.s.ServletContextHandler@123a031f{/logs,file:///workdir/hadoop-ozone/ozonefs/target/log,UNAVAILABLE}
2019-09-20 08:37:48,941 [Thread-525] INFO  ozone.MiniOzoneClusterImpl (MiniOzoneClusterImpl.java:stop(344)) - Shutting the HddsDatanodes
2019-09-20 08:37:48,942 [Thread-525] INFO  datanode.ObjectStoreHandler (ObjectStoreHandler.java:close(155)) - Closing ObjectStoreHandler.
2019-09-20 08:37:48,942 [ForkJoinPool.commonPool-worker-0] INFO  datanode.ObjectStoreHandler (ObjectStoreHandler.java:close(155)) - Closing ObjectStoreHandler.
2019-09-20 08:37:48,943 [Thread-525] INFO  ozone.HddsDatanodeService (HddsDatanodeService.java:stop(451)) - Stopped plug-in org.apache.hadoop.ozone.web.OzoneHddsDatanodeService@462ee71a
2019-09-20 08:37:48,943 [ForkJoinPool.commonPool-worker-0] INFO  ozone.HddsDatanodeService (HddsDatanodeService.java:stop(451)) - Stopped plug-in org.apache.hadoop.ozone.web.OzoneHddsDatanodeService@53e515c4
2019-09-20 08:37:49,159 [Datanode State Machine Thread - 0] INFO  statemachine.DatanodeStateMachine (DatanodeStateMachine.java:lambda$startDaemon$0(350)) - Ozone container server started.
2019-09-20 08:37:49,383 [Datanode State Machine Thread - 0] INFO  statemachine.DatanodeStateMachine (DatanodeStateMachine.java:lambda$startDaemon$0(350)) - Ozone container server started.
2019-09-20 08:37:49,633 | INFO  | SCMAudit | user=jenkins1000 | ip=192.168.36.79 | op=SEND_HEARTBEAT {datanodeUUID=9a6a84d6-ff22-4367-bab8-0f0e0dfb03ca, command=[]} | ret=SUCCESS |  
2019-09-20 08:37:50,170 [Thread-697] INFO  container.ReplicationManager (ReplicationManager.java:start(151)) - Starting Replication Monitor Thread.
2019-09-20 08:37:50,173 [ReplicationMonitor] INFO  container.ReplicationManager (ReplicationManager.java:run(214)) - Replication Monitor Thread took 0 milliseconds for processing 0 containers.
2019-09-20 08:37:50,633 | INFO  | SCMAudit | user=jenkins1000 | ip=192.168.36.79 | op=SEND_HEARTBEAT {datanodeUUID=9a6a84d6-ff22-4367-bab8-0f0e0dfb03ca, command=[]} | ret=SUCCESS |  
2019-09-20 08:37:51,633 | INFO  | SCMAudit | user=jenkins1000 | ip=192.168.36.79 | op=SEND_HEARTBEAT {datanodeUUID=9a6a84d6-ff22-4367-bab8-0f0e0dfb03ca, command=[]} | ret=SUCCESS |  
2019-09-20 08:37:52,295 [Thread-699] INFO  impl.FollowerState (FollowerState.java:run(106)) - f0549359-73a8-43a9-8479-5d696f050b37:group-8E0D6B7094F7 changes to CANDIDATE, lastRpcTime:5046, electionTimeout:5046ms
2019-09-20 08:37:52,295 [Thread-699] INFO  impl.RoleInfo (RoleInfo.java:shutdownFollowerState(121)) - f0549359-73a8-43a9-8479-5d696f050b37: shutdown FollowerState
2019-09-20 08:37:52,295 [Thread-699] INFO  impl.RaftServerImpl (RaftServerImpl.java:setRole(171)) - f0549359-73a8-43a9-8479-5d696f050b37:group-8E0D6B7094F7 changes role from FOLLOWER to CANDIDATE at term 0 for changeToCandidate
2019-09-20 08:37:52,295 [Thread-699] INFO  impl.RoleInfo (RoleInfo.java:updateAndGet(143)) - f0549359-73a8-43a9-8479-5d696f050b37: start LeaderElection
2019-09-20 08:37:52,318 [f0549359-73a8-43a9-8479-5d696f050b37:group-8E0D6B7094F7:LeaderElection30] INFO  impl.LeaderElection (LeaderElection.java:askForVotes(181)) - f0549359-73a8-43a9-8479-5d696f050b37:group-8E0D6B7094F7:LeaderElection30: begin an election at term 1 for -1: [f0549359-73a8-43a9-8479-5d696f050b37:192.168.36.79:43263], old=null
2019-09-20 08:37:52,318 [f0549359-73a8-43a9-8479-5d696f050b37:group-8E0D6B7094F7:LeaderElection30] INFO  impl.RoleInfo (RoleInfo.java:shutdownLeaderElection(134)) - f0549359-73a8-43a9-8479-5d696f050b37: shutdown LeaderElection
2019-09-20 08:37:52,319 [f0549359-73a8-43a9-8479-5d696f050b37:group-8E0D6B7094F7:LeaderElection30] INFO  impl.RaftServerImpl (RaftServerImpl.java:setRole(171)) - f0549359-73a8-43a9-8479-5d696f050b37:group-8E0D6B7094F7 changes role from CANDIDATE to LEADER at term 1 for changeToLeader
2019-09-20 08:37:52,319 [f0549359-73a8-43a9-8479-5d696f050b37:group-8E0D6B7094F7:LeaderElection30] INFO  impl.RaftServerImpl (ServerState.java:setLeader(263)) - f0549359-73a8-43a9-8479-5d696f050b37:group-8E0D6B7094F7 change Leader from null to f0549359-73a8-43a9-8479-5d696f050b37 at term 1 for becomeLeader, leader elected after 5075ms
2019-09-20 08:37:52,319 [f0549359-73a8-43a9-8479-5d696f050b37:group-8E0D6B7094F7:LeaderElection30] INFO  server.RaftServerConfigKeys (ConfUtils.java:logGet(43)) - raft.server.staging.catchup.gap = 1000 (default)
2019-09-20 08:37:52,319 [f0549359-73a8-43a9-8479-5d696f050b37:group-8E0D6B7094F7:LeaderElection30] INFO  server.RaftServerConfigKeys (ConfUtils.java:logGet(43)) - raft.server.rpc.sleep.time = 25ms (default)
2019-09-20 08:37:52,320 [f0549359-73a8-43a9-8479-5d696f050b37:group-8E0D6B7094F7:LeaderElection30] INFO  server.RaftServerConfigKeys (ConfUtils.java:logGet(43)) - raft.server.write.element-limit = 4096 (default)
2019-09-20 08:37:52,320 [f0549359-73a8-43a9-8479-5d696f050b37:group-8E0D6B7094F7:LeaderElection30] INFO  server.RaftServerConfigKeys (ConfUtils.java:logGet(43)) - raft.server.watch.timeout = 10s (default)
2019-09-20 08:37:52,320 [f0549359-73a8-43a9-8479-5d696f050b37:group-8E0D6B7094F7:LeaderElection30] INFO  server.RaftServerConfigKeys (ConfUtils.java:logGet(43)) - raft.server.watch.timeout.denomination = 1s (default)
2019-09-20 08:37:52,320 [f0549359-73a8-43a9-8479-5d696f050b37:group-8E0D6B7094F7:LeaderElection30] INFO  server.RaftServerConfigKeys (ConfUtils.java:logGet(43)) - raft.server.watch.element-limit = 65536 (default)
2019-09-20 08:37:52,321 [f0549359-73a8-43a9-8479-5d696f050b37:group-8E0D6B7094F7:LeaderElection30] INFO  impl.RoleInfo (RoleInfo.java:updateAndGet(143)) - f0549359-73a8-43a9-8479-5d696f050b37: start LeaderState
2019-09-20 08:37:52,321 [f0549359-73a8-43a9-8479-5d696f050b37:group-8E0D6B7094F7:LeaderElection30] INFO  segmented.SegmentedRaftLogWorker (SegmentedRaftLogWorker.java:startLogSegment(380)) - f0549359-73a8-43a9-8479-5d696f050b37-SegmentedRaftLogWorker:Storage Directory /workdir/hadoop-ozone/ozonefs/target/test-dir/MiniOzoneClusterImpl-855b8ead-b066-4f2a-ac82-4f38b96b29b6/datanode-0/data/ratis/f17dee65-1f46-426f-aa87-8e0d6b7094f7: Starting segment from index:0
2019-09-20 08:37:52,322 [f0549359-73a8-43a9-8479-5d696f050b37:group-8E0D6B7094F7:LeaderElection30] INFO  impl.RaftServerImpl (ServerState.java:setRaftConf(361)) - f0549359-73a8-43a9-8479-5d696f050b37:group-8E0D6B7094F7 set configuration 0: [f0549359-73a8-43a9-8479-5d696f050b37:192.168.36.79:43263], old=null at 0
2019-09-20 08:37:52,322 [Thread-702] INFO  impl.FollowerState (FollowerState.java:run(106)) - f0549359-73a8-43a9-8479-5d696f050b37:group-1D25BBD3F93A changes to CANDIDATE, lastRpcTime:5017, electionTimeout:5017ms
2019-09-20 08:37:52,322 [Thread-702] INFO  impl.RoleInfo (RoleInfo.java:shutdownFollowerState(121)) - f0549359-73a8-43a9-8479-5d696f050b37: shutdown FollowerState
2019-09-20 08:37:52,323 [Thread-702] INFO  impl.RaftServerImpl (RaftServerImpl.java:setRole(171)) - f0549359-73a8-43a9-8479-5d696f050b37:group-1D25BBD3F93A changes role from FOLLOWER to CANDIDATE at term 0 for changeToCandidate
2019-09-20 08:37:52,323 [Thread-702] INFO  impl.RoleInfo (RoleInfo.java:updateAndGet(143)) - f0549359-73a8-43a9-8479-5d696f050b37: start LeaderElection
2019-09-20 08:37:52,380 [f0549359-73a8-43a9-8479-5d696f050b37-SegmentedRaftLogWorker:Storage Directory /workdir/hadoop-ozone/ozonefs/target/test-dir/MiniOzoneClusterImpl-855b8ead-b066-4f2a-ac82-4f38b96b29b6/datanode-0/data/ratis/f17dee65-1f46-426f-aa87-8e0d6b7094f7] INFO  segmented.SegmentedRaftLogWorker (SegmentedRaftLogWorker.java:execute(569)) - f0549359-73a8-43a9-8479-5d696f050b37-SegmentedRaftLogWorker:Storage Directory /workdir/hadoop-ozone/ozonefs/target/test-dir/MiniOzoneClusterImpl-855b8ead-b066-4f2a-ac82-4f38b96b29b6/datanode-0/data/ratis/f17dee65-1f46-426f-aa87-8e0d6b7094f7: created new log segment /workdir/hadoop-ozone/ozonefs/target/test-dir/MiniOzoneClusterImpl-855b8ead-b066-4f2a-ac82-4f38b96b29b6/datanode-0/data/ratis/f17dee65-1f46-426f-aa87-8e0d6b7094f7/current/log_inprogress_0
2019-09-20 08:37:52,380 [f0549359-73a8-43a9-8479-5d696f050b37:group-1D25BBD3F93A:LeaderElection31] INFO  impl.LeaderElection (LeaderElection.java:askForVotes(181)) - f0549359-73a8-43a9-8479-5d696f050b37:group-1D25BBD3F93A:LeaderElection31: begin an election at term 1 for -1: [f0549359-73a8-43a9-8479-5d696f050b37:192.168.36.79:43263], old=null
2019-09-20 08:37:52,381 [f0549359-73a8-43a9-8479-5d696f050b37:group-1D25BBD3F93A:LeaderElection31] INFO  impl.RoleInfo (RoleInfo.java:shutdownLeaderElection(134)) - f0549359-73a8-43a9-8479-5d696f050b37: shutdown LeaderElection
2019-09-20 08:37:52,381 [f0549359-73a8-43a9-8479-5d696f050b37:group-1D25BBD3F93A:LeaderElection31] INFO  impl.RaftServerImpl (RaftServerImpl.java:setRole(171)) - f0549359-73a8-43a9-8479-5d696f050b37:group-1D25BBD3F93A changes role from CANDIDATE to LEADER at term 1 for changeToLeader
2019-09-20 08:37:52,381 [f0549359-73a8-43a9-8479-5d696f050b37:group-1D25BBD3F93A:LeaderElection31] INFO  impl.RaftServerImpl (ServerState.java:setLeader(263)) - f0549359-73a8-43a9-8479-5d696f050b37:group-1D25BBD3F93A change Leader from null to f0549359-73a8-43a9-8479-5d696f050b37 at term 1 for becomeLeader, leader elected after 5079ms
2019-09-20 08:37:52,381 [f0549359-73a8-43a9-8479-5d696f050b37:group-1D25BBD3F93A:LeaderElection31] INFO  server.RaftServerConfigKeys (ConfUtils.java:logGet(43)) - raft.server.staging.catchup.gap = 1000 (default)
2019-09-20 08:37:52,381 [f0549359-73a8-43a9-8479-5d696f050b37:group-1D25BBD3F93A:LeaderElection31] INFO  server.RaftServerConfigKeys (ConfUtils.java:logGet(43)) - raft.server.rpc.sleep.time = 25ms (default)
2019-09-20 08:37:52,382 [f0549359-73a8-43a9-8479-5d696f050b37:group-1D25BBD3F93A:LeaderElection31] INFO  server.RaftServerConfigKeys (ConfUtils.java:logGet(43)) - raft.server.write.element-limit = 4096 (default)
2019-09-20 08:37:52,382 [f0549359-73a8-43a9-8479-5d696f050b37:group-1D25BBD3F93A:LeaderElection31] INFO  server.RaftServerConfigKeys (ConfUtils.java:logGet(43)) - raft.server.watch.timeout = 10s (default)
2019-09-20 08:37:52,382 [f0549359-73a8-43a9-8479-5d696f050b37:group-1D25BBD3F93A:LeaderElection31] INFO  server.RaftServerConfigKeys (ConfUtils.java:logGet(43)) - raft.server.watch.timeout.denomination = 1s (default)
2019-09-20 08:37:52,382 [f0549359-73a8-43a9-8479-5d696f050b37:group-1D25BBD3F93A:LeaderElection31] INFO  server.RaftServerConfigKeys (ConfUtils.java:logGet(43)) - raft.server.watch.element-limit = 65536 (default)
2019-09-20 08:37:52,383 [f0549359-73a8-43a9-8479-5d696f050b37:group-1D25BBD3F93A:LeaderElection31] INFO  impl.RoleInfo (RoleInfo.java:updateAndGet(143)) - f0549359-73a8-43a9-8479-5d696f050b37: start LeaderState
2019-09-20 08:37:52,383 [f0549359-73a8-43a9-8479-5d696f050b37:group-1D25BBD3F93A:LeaderElection31] INFO  segmented.SegmentedRaftLogWorker (SegmentedRaftLogWorker.java:startLogSegment(380)) - f0549359-73a8-43a9-8479-5d696f050b37-SegmentedRaftLogWorker:Storage Directory /workdir/hadoop-ozone/ozonefs/target/test-dir/MiniOzoneClusterImpl-855b8ead-b066-4f2a-ac82-4f38b96b29b6/datanode-0/data/ratis/2122690c-a257-497a-a6ff-1d25bbd3f93a: Starting segment from index:0
2019-09-20 08:37:52,384 [f0549359-73a8-43a9-8479-5d696f050b37:group-1D25BBD3F93A:LeaderElection31] INFO  impl.RaftServerImpl (ServerState.java:setRaftConf(361)) - f0549359-73a8-43a9-8479-5d696f050b37:group-1D25BBD3F93A set configuration 0: [f0549359-73a8-43a9-8479-5d696f050b37:192.168.36.79:43263], old=null at 0
2019-09-20 08:37:52,432 [f0549359-73a8-43a9-8479-5d696f050b37-SegmentedRaftLogWorker:Storage Directory /workdir/hadoop-ozone/ozonefs/target/test-dir/MiniOzoneClusterImpl-855b8ead-b066-4f2a-ac82-4f38b96b29b6/datanode-0/data/ratis/2122690c-a257-497a-a6ff-1d25bbd3f93a] INFO  segmented.SegmentedRaftLogWorker (SegmentedRaftLogWorker.java:execute(569)) - f0549359-73a8-43a9-8479-5d696f050b37-SegmentedRaftLogWorker:Storage Directory /workdir/hadoop-ozone/ozonefs/target/test-dir/MiniOzoneClusterImpl-855b8ead-b066-4f2a-ac82-4f38b96b29b6/datanode-0/data/ratis/2122690c-a257-497a-a6ff-1d25bbd3f93a: created new log segment /workdir/hadoop-ozone/ozonefs/target/test-dir/MiniOzoneClusterImpl-855b8ead-b066-4f2a-ac82-4f38b96b29b6/datanode-0/data/ratis/2122690c-a257-497a-a6ff-1d25bbd3f93a/current/log_inprogress_0
2019-09-20 08:37:52,550 [Thread-705] INFO  impl.FollowerState (FollowerState.java:run(106)) - f0549359-73a8-43a9-8479-5d696f050b37:group-A2B14922285D changes to CANDIDATE, lastRpcTime:5187, electionTimeout:5187ms
2019-09-20 08:37:52,551 [Thread-705] INFO  impl.RoleInfo (RoleInfo.java:shutdownFollowerState(121)) - f0549359-73a8-43a9-8479-5d696f050b37: shutdown FollowerState
2019-09-20 08:37:52,551 [Thread-705] INFO  impl.RaftServerImpl (RaftServerImpl.java:setRole(171)) - f0549359-73a8-43a9-8479-5d696f050b37:group-A2B14922285D changes role from FOLLOWER to CANDIDATE at term 0 for changeToCandidate
2019-09-20 08:37:52,551 [Thread-705] INFO  impl.RoleInfo (RoleInfo.java:updateAndGet(143)) - f0549359-73a8-43a9-8479-5d696f050b37: start LeaderElection
2019-09-20 08:37:52,554 [Thread-708] INFO  impl.FollowerState (FollowerState.java:run(106)) - f0549359-73a8-43a9-8479-5d696f050b37:group-A043258D84E1 changes to CANDIDATE, lastRpcTime:5125, electionTimeout:5123ms
2019-09-20 08:37:52,556 [Thread-708] INFO  impl.RoleInfo (RoleInfo.java:shutdownFollowerState(121)) - f0549359-73a8-43a9-8479-5d696f050b37: shutdown FollowerState
2019-09-20 08:37:52,556 [Thread-708] INFO  impl.RaftServerImpl (RaftServerImpl.java:setRole(171)) - f0549359-73a8-43a9-8479-5d696f050b37:group-A043258D84E1 changes role from FOLLOWER to CANDIDATE at term 0 for changeToCandidate
2019-09-20 08:37:52,556 [Thread-708] INFO  impl.RoleInfo (RoleInfo.java:updateAndGet(143)) - f0549359-73a8-43a9-8479-5d696f050b37: start LeaderElection
2019-09-20 08:37:52,573 [f0549359-73a8-43a9-8479-5d696f050b37:group-A2B14922285D:LeaderElection32] INFO  impl.LeaderElection (LeaderElection.java:askForVotes(181)) - f0549359-73a8-43a9-8479-5d696f050b37:group-A2B14922285D:LeaderElection32: begin an election at term 1 for -1: [f0549359-73a8-43a9-8479-5d696f050b37:192.168.36.79:43263], old=null
2019-09-20 08:37:52,573 [f0549359-73a8-43a9-8479-5d696f050b37:group-A043258D84E1:LeaderElection33] INFO  impl.LeaderElection (LeaderElection.java:askForVotes(181)) - f0549359-73a8-43a9-8479-5d696f050b37:group-A043258D84E1:LeaderElection33: begin an election at term 1 for -1: [f0549359-73a8-43a9-8479-5d696f050b37:192.168.36.79:43263], old=null
2019-09-20 08:37:52,574 [f0549359-73a8-43a9-8479-5d696f050b37:group-A2B14922285D:LeaderElection32] INFO  impl.RoleInfo (RoleInfo.java:shutdownLeaderElection(134)) - f0549359-73a8-43a9-8479-5d696f050b37: shutdown LeaderElection
2019-09-20 08:37:52,574 [f0549359-73a8-43a9-8479-5d696f050b37:group-A043258D84E1:LeaderElection33] INFO  impl.RoleInfo (RoleInfo.java:shutdownLeaderElection(134)) - f0549359-73a8-43a9-8479-5d696f050b37: shutdown LeaderElection
2019-09-20 08:37:52,574 [f0549359-73a8-43a9-8479-5d696f050b37:group-A2B14922285D:LeaderElection32] INFO  impl.RaftServerImpl (RaftServerImpl.java:setRole(171)) - f0549359-73a8-43a9-8479-5d696f050b37:group-A2B14922285D changes role from CANDIDATE to LEADER at term 1 for changeToLeader
2019-09-20 08:37:52,574 [f0549359-73a8-43a9-8479-5d696f050b37:group-A043258D84E1:LeaderElection33] INFO  impl.RaftServerImpl (RaftServerImpl.java:setRole(171)) - f0549359-73a8-43a9-8479-5d696f050b37:group-A043258D84E1 changes role from CANDIDATE to LEADER at term 1 for changeToLeader
2019-09-20 08:37:52,574 [f0549359-73a8-43a9-8479-5d696f050b37:group-A2B14922285D:LeaderElection32] INFO  impl.RaftServerImpl (ServerState.java:setLeader(263)) - f0549359-73a8-43a9-8479-5d696f050b37:group-A2B14922285D change Leader from null to f0549359-73a8-43a9-8479-5d696f050b37 at term 1 for becomeLeader, leader elected after 5214ms
2019-09-20 08:37:52,574 [f0549359-73a8-43a9-8479-5d696f050b37:group-A043258D84E1:LeaderElection33] INFO  impl.RaftServerImpl (ServerState.java:setLeader(263)) - f0549359-73a8-43a9-8479-5d696f050b37:group-A043258D84E1 change Leader from null to f0549359-73a8-43a9-8479-5d696f050b37 at term 1 for becomeLeader, leader elected after 5149ms
2019-09-20 08:37:52,575 [f0549359-73a8-43a9-8479-5d696f050b37:group-A2B14922285D:LeaderElection32] INFO  server.RaftServerConfigKeys (ConfUtils.java:logGet(43)) - raft.server.staging.catchup.gap = 1000 (default)
2019-09-20 08:37:52,575 [f0549359-73a8-43a9-8479-5d696f050b37:group-A043258D84E1:LeaderElection33] INFO  server.RaftServerConfigKeys (ConfUtils.java:logGet(43)) - raft.server.staging.catchup.gap = 1000 (default)
2019-09-20 08:37:52,575 [f0549359-73a8-43a9-8479-5d696f050b37:group-A2B14922285D:LeaderElection32] INFO  server.RaftServerConfigKeys (ConfUtils.java:logGet(43)) - raft.server.rpc.sleep.time = 25ms (default)
2019-09-20 08:37:52,575 [f0549359-73a8-43a9-8479-5d696f050b37:group-A043258D84E1:LeaderElection33] INFO  server.RaftServerConfigKeys (ConfUtils.java:logGet(43)) - raft.server.rpc.sleep.time = 25ms (default)
2019-09-20 08:37:52,575 [f0549359-73a8-43a9-8479-5d696f050b37:group-A2B14922285D:LeaderElection32] INFO  server.RaftServerConfigKeys (ConfUtils.java:logGet(43)) - raft.server.write.element-limit = 4096 (default)
2019-09-20 08:37:52,575 [f0549359-73a8-43a9-8479-5d696f050b37:group-A043258D84E1:LeaderElection33] INFO  server.RaftServerConfigKeys (ConfUtils.java:logGet(43)) - raft.server.write.element-limit = 4096 (default)
2019-09-20 08:37:52,576 [f0549359-73a8-43a9-8479-5d696f050b37:group-A2B14922285D:LeaderElection32] INFO  server.RaftServerConfigKeys (ConfUtils.java:logGet(43)) - raft.server.watch.timeout = 10s (default)
2019-09-20 08:37:52,576 [f0549359-73a8-43a9-8479-5d696f050b37:group-A043258D84E1:LeaderElection33] INFO  server.RaftServerConfigKeys (ConfUtils.java:logGet(43)) - raft.server.watch.timeout = 10s (default)
2019-09-20 08:37:52,576 [f0549359-73a8-43a9-8479-5d696f050b37:group-A2B14922285D:LeaderElection32] INFO  server.RaftServerConfigKeys (ConfUtils.java:logGet(43)) - raft.server.watch.timeout.denomination = 1s (default)
2019-09-20 08:37:52,576 [f0549359-73a8-43a9-8479-5d696f050b37:group-A043258D84E1:LeaderElection33] INFO  server.RaftServerConfigKeys (ConfUtils.java:logGet(43)) - raft.server.watch.timeout.denomination = 1s (default)
2019-09-20 08:37:52,576 [f0549359-73a8-43a9-8479-5d696f050b37:group-A2B14922285D:LeaderElection32] INFO  server.RaftServerConfigKeys (ConfUtils.java:logGet(43)) - raft.server.watch.element-limit = 65536 (default)
2019-09-20 08:37:52,576 [f0549359-73a8-43a9-8479-5d696f050b37:group-A043258D84E1:LeaderElection33] INFO  server.RaftServerConfigKeys (ConfUtils.java:logGet(43)) - raft.server.watch.element-limit = 65536 (default)
2019-09-20 08:37:52,577 [f0549359-73a8-43a9-8479-5d696f050b37:group-A2B14922285D:LeaderElection32] INFO  impl.RoleInfo (RoleInfo.java:updateAndGet(143)) - f0549359-73a8-43a9-8479-5d696f050b37: start LeaderState
2019-09-20 08:37:52,577 [f0549359-73a8-43a9-8479-5d696f050b37:group-A043258D84E1:LeaderElection33] INFO  impl.RoleInfo (RoleInfo.java:updateAndGet(143)) - f0549359-73a8-43a9-8479-5d696f050b37: start LeaderState
2019-09-20 08:37:52,577 [f0549359-73a8-43a9-8479-5d696f050b37:group-A2B14922285D:LeaderElection32] INFO  segmented.SegmentedRaftLogWorker (SegmentedRaftLogWorker.java:startLogSegment(380)) - f0549359-73a8-43a9-8479-5d696f050b37-SegmentedRaftLogWorker:Storage Directory /workdir/hadoop-ozone/ozonefs/target/test-dir/MiniOzoneClusterImpl-855b8ead-b066-4f2a-ac82-4f38b96b29b6/datanode-0/data/ratis/8de04c45-7774-4612-b8e1-a2b14922285d: Starting segment from index:0
2019-09-20 08:37:52,577 [f0549359-73a8-43a9-8479-5d696f050b37:group-A043258D84E1:LeaderElection33] INFO  segmented.SegmentedRaftLogWorker (SegmentedRaftLogWorker.java:startLogSegment(380)) - f0549359-73a8-43a9-8479-5d696f050b37-SegmentedRaftLogWorker:Storage Directory /workdir/hadoop-ozone/ozonefs/target/test-dir/MiniOzoneClusterImpl-855b8ead-b066-4f2a-ac82-4f38b96b29b6/datanode-0/data/ratis/63ab3dc6-b9bf-4214-b529-a043258d84e1: Starting segment from index:0
2019-09-20 08:37:52,578 [f0549359-73a8-43a9-8479-5d696f050b37:group-A2B14922285D:LeaderElection32] INFO  impl.RaftServerImpl (ServerState.java:setRaftConf(361)) - f0549359-73a8-43a9-8479-5d696f050b37:group-A2B14922285D set configuration 0: [f0549359-73a8-43a9-8479-5d696f050b37:192.168.36.79:43263], old=null at 0
2019-09-20 08:37:52,578 [f0549359-73a8-43a9-8479-5d696f050b37:group-A043258D84E1:LeaderElection33] INFO  impl.RaftServerImpl (ServerState.java:setRaftConf(361)) - f0549359-73a8-43a9-8479-5d696f050b37:group-A043258D84E1 set configuration 0: [f0549359-73a8-43a9-8479-5d696f050b37:192.168.36.79:43263], old=null at 0
2019-09-20 08:37:52,633 | INFO  | SCMAudit | user=jenkins1000 | ip=192.168.36.79 | op=SEND_HEARTBEAT {datanodeUUID=9a6a84d6-ff22-4367-bab8-0f0e0dfb03ca, command=[]} | ret=SUCCESS |  
2019-09-20 08:37:52,634 [f0549359-73a8-43a9-8479-5d696f050b37-SegmentedRaftLogWorker:Storage Directory /workdir/hadoop-ozone/ozonefs/target/test-dir/MiniOzoneClusterImpl-855b8ead-b066-4f2a-ac82-4f38b96b29b6/datanode-0/data/ratis/8de04c45-7774-4612-b8e1-a2b14922285d] INFO  segmented.SegmentedRaftLogWorker (SegmentedRaftLogWorker.java:execute(569)) - f0549359-73a8-43a9-8479-5d696f050b37-SegmentedRaftLogWorker:Storage Directory /workdir/hadoop-ozone/ozonefs/target/test-dir/MiniOzoneClusterImpl-855b8ead-b066-4f2a-ac82-4f38b96b29b6/datanode-0/data/ratis/8de04c45-7774-4612-b8e1-a2b14922285d: created new log segment /workdir/hadoop-ozone/ozonefs/target/test-dir/MiniOzoneClusterImpl-855b8ead-b066-4f2a-ac82-4f38b96b29b6/datanode-0/data/ratis/8de04c45-7774-4612-b8e1-a2b14922285d/current/log_inprogress_0
2019-09-20 08:37:52,634 [f0549359-73a8-43a9-8479-5d696f050b37-SegmentedRaftLogWorker:Storage Directory /workdir/hadoop-ozone/ozonefs/target/test-dir/MiniOzoneClusterImpl-855b8ead-b066-4f2a-ac82-4f38b96b29b6/datanode-0/data/ratis/63ab3dc6-b9bf-4214-b529-a043258d84e1] INFO  segmented.SegmentedRaftLogWorker (SegmentedRaftLogWorker.java:execute(569)) - f0549359-73a8-43a9-8479-5d696f050b37-SegmentedRaftLogWorker:Storage Directory /workdir/hadoop-ozone/ozonefs/target/test-dir/MiniOzoneClusterImpl-855b8ead-b066-4f2a-ac82-4f38b96b29b6/datanode-0/data/ratis/63ab3dc6-b9bf-4214-b529-a043258d84e1: created new log segment /workdir/hadoop-ozone/ozonefs/target/test-dir/MiniOzoneClusterImpl-855b8ead-b066-4f2a-ac82-4f38b96b29b6/datanode-0/data/ratis/63ab3dc6-b9bf-4214-b529-a043258d84e1/current/log_inprogress_0
2019-09-20 08:37:52,731 [Thread-711] INFO  impl.FollowerState (FollowerState.java:run(106)) - f0549359-73a8-43a9-8479-5d696f050b37:group-B116BEB23272 changes to CANDIDATE, lastRpcTime:5197, electionTimeout:5197ms
2019-09-20 08:37:52,731 [Thread-711] INFO  impl.RoleInfo (RoleInfo.java:shutdownFollowerState(121)) - f0549359-73a8-43a9-8479-5d696f050b37: shutdown FollowerState
2019-09-20 08:37:52,731 [Thread-711] INFO  impl.RaftServerImpl (RaftServerImpl.java:setRole(171)) - f0549359-73a8-43a9-8479-5d696f050b37:group-B116BEB23272 changes role from FOLLOWER to CANDIDATE at term 0 for changeToCandidate
2019-09-20 08:37:52,731 [Thread-711] INFO  impl.RoleInfo (RoleInfo.java:updateAndGet(143)) - f0549359-73a8-43a9-8479-5d696f050b37: start LeaderElection
2019-09-20 08:37:52,760 [f0549359-73a8-43a9-8479-5d696f050b37:group-B116BEB23272:LeaderElection34] INFO  impl.LeaderElection (LeaderElection.java:askForVotes(181)) - f0549359-73a8-43a9-8479-5d696f050b37:group-B116BEB23272:LeaderElection34: begin an election at term 1 for -1: [f0549359-73a8-43a9-8479-5d696f050b37:192.168.36.79:43263], old=null
2019-09-20 08:37:52,760 [f0549359-73a8-43a9-8479-5d696f050b37:group-B116BEB23272:LeaderElection34] INFO  impl.RoleInfo (RoleInfo.java:shutdownLeaderElection(134)) - f0549359-73a8-43a9-8479-5d696f050b37: shutdown LeaderElection
2019-09-20 08:37:52,761 [f0549359-73a8-43a9-8479-5d696f050b37:group-B116BEB23272:LeaderElection34] INFO  impl.RaftServerImpl (RaftServerImpl.java:setRole(171)) - f0549359-73a8-43a9-8479-5d696f050b37:group-B116BEB23272 changes role from CANDIDATE to LEADER at term 1 for changeToLeader
2019-09-20 08:37:52,761 [f0549359-73a8-43a9-8479-5d696f050b37:group-B116BEB23272:LeaderElection34] INFO  impl.RaftServerImpl (ServerState.java:setLeader(263)) - f0549359-73a8-43a9-8479-5d696f050b37:group-B116BEB23272 change Leader from null to f0549359-73a8-43a9-8479-5d696f050b37 at term 1 for becomeLeader, leader elected after 5231ms
2019-09-20 08:37:52,761 [f0549359-73a8-43a9-8479-5d696f050b37:group-B116BEB23272:LeaderElection34] INFO  server.RaftServerConfigKeys (ConfUtils.java:logGet(43)) - raft.server.staging.catchup.gap = 1000 (default)
2019-09-20 08:37:52,761 [f0549359-73a8-43a9-8479-5d696f050b37:group-B116BEB23272:LeaderElection34] INFO  server.RaftServerConfigKeys (ConfUtils.java:logGet(43)) - raft.server.rpc.sleep.time = 25ms (default)
2019-09-20 08:37:52,761 [f0549359-73a8-43a9-8479-5d696f050b37:group-B116BEB23272:LeaderElection34] INFO  server.RaftServerConfigKeys (ConfUtils.java:logGet(43)) - raft.server.write.element-limit = 4096 (default)
2019-09-20 08:37:52,762 [f0549359-73a8-43a9-8479-5d696f050b37:group-B116BEB23272:LeaderElection34] INFO  server.RaftServerConfigKeys (ConfUtils.java:logGet(43)) - raft.server.watch.timeout = 10s (default)
2019-09-20 08:37:52,762 [f0549359-73a8-43a9-8479-5d696f050b37:group-B116BEB23272:LeaderElection34] INFO  server.RaftServerConfigKeys (ConfUtils.java:logGet(43)) - raft.server.watch.timeout.denomination = 1s (default)
2019-09-20 08:37:52,762 [f0549359-73a8-43a9-8479-5d696f050b37:group-B116BEB23272:LeaderElection34] INFO  server.RaftServerConfigKeys (ConfUtils.java:logGet(43)) - raft.server.watch.element-limit = 65536 (default)
2019-09-20 08:37:52,762 [f0549359-73a8-43a9-8479-5d696f050b37:group-B116BEB23272:LeaderElection34] INFO  impl.RoleInfo (RoleInfo.java:updateAndGet(143)) - f0549359-73a8-43a9-8479-5d696f050b37: start LeaderState
2019-09-20 08:37:52,762 [f0549359-73a8-43a9-8479-5d696f050b37:group-B116BEB23272:LeaderElection34] INFO  segmented.SegmentedRaftLogWorker (SegmentedRaftLogWorker.java:startLogSegment(380)) - f0549359-73a8-43a9-8479-5d696f050b37-SegmentedRaftLogWorker:Storage Directory /workdir/hadoop-ozone/ozonefs/target/test-dir/MiniOzoneClusterImpl-855b8ead-b066-4f2a-ac82-4f38b96b29b6/datanode-0/data/ratis/099408e5-934f-4d8c-95b6-b116beb23272: Starting segment from index:0
2019-09-20 08:37:52,763 [f0549359-73a8-43a9-8479-5d696f050b37:group-B116BEB23272:LeaderElection34] INFO  impl.RaftServerImpl (ServerState.java:setRaftConf(361)) - f0549359-73a8-43a9-8479-5d696f050b37:group-B116BEB23272 set configuration 0: [f0549359-73a8-43a9-8479-5d696f050b37:192.168.36.79:43263], old=null at 0
2019-09-20 08:37:52,791 [Thread-714] INFO  impl.FollowerState (FollowerState.java:run(106)) - b889c58e-4fe0-4be9-9092-901247a80a4f:group-5F49CC59FABC changes to CANDIDATE, lastRpcTime:5198, electionTimeout:5198ms
2019-09-20 08:37:52,792 [Thread-714] INFO  impl.RoleInfo (RoleInfo.java:shutdownFollowerState(121)) - b889c58e-4fe0-4be9-9092-901247a80a4f: shutdown FollowerState
2019-09-20 08:37:52,792 [Thread-714] INFO  impl.RaftServerImpl (RaftServerImpl.java:setRole(171)) - b889c58e-4fe0-4be9-9092-901247a80a4f:group-5F49CC59FABC changes role from FOLLOWER to CANDIDATE at term 0 for changeToCandidate
2019-09-20 08:37:52,792 [Thread-714] INFO  impl.RoleInfo (RoleInfo.java:updateAndGet(143)) - b889c58e-4fe0-4be9-9092-901247a80a4f: start LeaderElection
2019-09-20 08:37:52,818 [f0549359-73a8-43a9-8479-5d696f050b37-SegmentedRaftLogWorker:Storage Directory /workdir/hadoop-ozone/ozonefs/target/test-dir/MiniOzoneClusterImpl-855b8ead-b066-4f2a-ac82-4f38b96b29b6/datanode-0/data/ratis/099408e5-934f-4d8c-95b6-b116beb23272] INFO  segmented.SegmentedRaftLogWorker (SegmentedRaftLogWorker.java:execute(569)) - f0549359-73a8-43a9-8479-5d696f050b37-SegmentedRaftLogWorker:Storage Directory /workdir/hadoop-ozone/ozonefs/target/test-dir/MiniOzoneClusterImpl-855b8ead-b066-4f2a-ac82-4f38b96b29b6/datanode-0/data/ratis/099408e5-934f-4d8c-95b6-b116beb23272: created new log segment /workdir/hadoop-ozone/ozonefs/target/test-dir/MiniOzoneClusterImpl-855b8ead-b066-4f2a-ac82-4f38b96b29b6/datanode-0/data/ratis/099408e5-934f-4d8c-95b6-b116beb23272/current/log_inprogress_0
2019-09-20 08:37:52,818 [b889c58e-4fe0-4be9-9092-901247a80a4f:group-5F49CC59FABC:LeaderElection35] INFO  impl.LeaderElection (LeaderElection.java:askForVotes(181)) - b889c58e-4fe0-4be9-9092-901247a80a4f:group-5F49CC59FABC:LeaderElection35: begin an election at term 1 for -1: [b889c58e-4fe0-4be9-9092-901247a80a4f:192.168.36.79:44889], old=null
2019-09-20 08:37:52,819 [b889c58e-4fe0-4be9-9092-901247a80a4f:group-5F49CC59FABC:LeaderElection35] INFO  impl.RoleInfo (RoleInfo.java:shutdownLeaderElection(134)) - b889c58e-4fe0-4be9-9092-901247a80a4f: shutdown LeaderElection
2019-09-20 08:37:52,819 [b889c58e-4fe0-4be9-9092-901247a80a4f:group-5F49CC59FABC:LeaderElection35] INFO  impl.RaftServerImpl (RaftServerImpl.java:setRole(171)) - b889c58e-4fe0-4be9-9092-901247a80a4f:group-5F49CC59FABC changes role from CANDIDATE to LEADER at term 1 for changeToLeader
2019-09-20 08:37:52,819 [b889c58e-4fe0-4be9-9092-901247a80a4f:group-5F49CC59FABC:LeaderElection35] INFO  impl.RaftServerImpl (ServerState.java:setLeader(263)) - b889c58e-4fe0-4be9-9092-901247a80a4f:group-5F49CC59FABC change Leader from null to b889c58e-4fe0-4be9-9092-901247a80a4f at term 1 for becomeLeader, leader elected after 5230ms
2019-09-20 08:37:52,820 [b889c58e-4fe0-4be9-9092-901247a80a4f:group-5F49CC59FABC:LeaderElection35] INFO  server.RaftServerConfigKeys (ConfUtils.java:logGet(43)) - raft.server.staging.catchup.gap = 1000 (default)
2019-09-20 08:37:52,820 [b889c58e-4fe0-4be9-9092-901247a80a4f:group-5F49CC59FABC:LeaderElection35] INFO  server.RaftServerConfigKeys (ConfUtils.java:logGet(43)) - raft.server.rpc.sleep.time = 25ms (default)
2019-09-20 08:37:52,820 [b889c58e-4fe0-4be9-9092-901247a80a4f:group-5F49CC59FABC:LeaderElection35] INFO  server.RaftServerConfigKeys (ConfUtils.java:logGet(43)) - raft.server.write.element-limit = 4096 (default)
2019-09-20 08:37:52,820 [b889c58e-4fe0-4be9-9092-901247a80a4f:group-5F49CC59FABC:LeaderElection35] INFO  server.RaftServerConfigKeys (ConfUtils.java:logGet(43)) - raft.server.watch.timeout = 10s (default)
2019-09-20 08:37:52,820 [b889c58e-4fe0-4be9-9092-901247a80a4f:group-5F49CC59FABC:LeaderElection35] INFO  server.RaftServerConfigKeys (ConfUtils.java:logGet(43)) - raft.server.watch.timeout.denomination = 1s (default)
2019-09-20 08:37:52,821 [b889c58e-4fe0-4be9-9092-901247a80a4f:group-5F49CC59FABC:LeaderElection35] INFO  server.RaftServerConfigKeys (ConfUtils.java:logGet(43)) - raft.server.watch.element-limit = 65536 (default)
2019-09-20 08:37:52,821 [b889c58e-4fe0-4be9-9092-901247a80a4f:group-5F49CC59FABC:LeaderElection35] INFO  impl.RoleInfo (RoleInfo.java:updateAndGet(143)) - b889c58e-4fe0-4be9-9092-901247a80a4f: start LeaderState
2019-09-20 08:37:52,821 [b889c58e-4fe0-4be9-9092-901247a80a4f:group-5F49CC59FABC:LeaderElection35] INFO  segmented.SegmentedRaftLogWorker (SegmentedRaftLogWorker.java:startLogSegment(380)) - b889c58e-4fe0-4be9-9092-901247a80a4f-SegmentedRaftLogWorker:Storage Directory /workdir/hadoop-ozone/ozonefs/target/test-dir/MiniOzoneClusterImpl-855b8ead-b066-4f2a-ac82-4f38b96b29b6/datanode-1/data/ratis/a4034903-19f2-47fb-b0bb-5f49cc59fabc: Starting segment from index:0
2019-09-20 08:37:52,822 [b889c58e-4fe0-4be9-9092-901247a80a4f:group-5F49CC59FABC:LeaderElection35] INFO  impl.RaftServerImpl (ServerState.java:setRaftConf(361)) - b889c58e-4fe0-4be9-9092-901247a80a4f:group-5F49CC59FABC set configuration 0: [b889c58e-4fe0-4be9-9092-901247a80a4f:192.168.36.79:44889], old=null at 0
2019-09-20 08:37:52,822 [Thread-717] INFO  impl.FollowerState (FollowerState.java:run(106)) - b889c58e-4fe0-4be9-9092-901247a80a4f:group-35919163E07D changes to CANDIDATE, lastRpcTime:5171, electionTimeout:5171ms
2019-09-20 08:37:52,823 [Thread-717] INFO  impl.RoleInfo (RoleInfo.java:shutdownFollowerState(121)) - b889c58e-4fe0-4be9-9092-901247a80a4f: shutdown FollowerState
2019-09-20 08:37:52,823 [Thread-717] INFO  impl.RaftServerImpl (RaftServerImpl.java:setRole(171)) - b889c58e-4fe0-4be9-9092-901247a80a4f:group-35919163E07D changes role from FOLLOWER to CANDIDATE at term 0 for changeToCandidate
2019-09-20 08:37:52,823 [Thread-717] INFO  impl.RoleInfo (RoleInfo.java:updateAndGet(143)) - b889c58e-4fe0-4be9-9092-901247a80a4f: start LeaderElection
2019-09-20 08:37:52,850 [Thread-723] INFO  impl.FollowerState (FollowerState.java:run(106)) - b889c58e-4fe0-4be9-9092-901247a80a4f:group-54BEFF5E7F9A changes to CANDIDATE, lastRpcTime:5080, electionTimeout:5071ms
2019-09-20 08:37:52,853 [Thread-723] INFO  impl.RoleInfo (RoleInfo.java:shutdownFollowerState(121)) - b889c58e-4fe0-4be9-9092-901247a80a4f: shutdown FollowerState
2019-09-20 08:37:52,853 [Thread-723] INFO  impl.RaftServerImpl (RaftServerImpl.java:setRole(171)) - b889c58e-4fe0-4be9-9092-901247a80a4f:group-54BEFF5E7F9A changes role from FOLLOWER to CANDIDATE at term 0 for changeToCandidate
2019-09-20 08:37:52,853 [Thread-723] INFO  impl.RoleInfo (RoleInfo.java:updateAndGet(143)) - b889c58e-4fe0-4be9-9092-901247a80a4f: start LeaderElection
2019-09-20 08:37:52,886 [b889c58e-4fe0-4be9-9092-901247a80a4f-SegmentedRaftLogWorker:Storage Directory /workdir/hadoop-ozone/ozonefs/target/test-dir/MiniOzoneClusterImpl-855b8ead-b066-4f2a-ac82-4f38b96b29b6/datanode-1/data/ratis/a4034903-19f2-47fb-b0bb-5f49cc59fabc] INFO  segmented.SegmentedRaftLogWorker (SegmentedRaftLogWorker.java:execute(569)) - b889c58e-4fe0-4be9-9092-901247a80a4f-SegmentedRaftLogWorker:Storage Directory /workdir/hadoop-ozone/ozonefs/target/test-dir/MiniOzoneClusterImpl-855b8ead-b066-4f2a-ac82-4f38b96b29b6/datanode-1/data/ratis/a4034903-19f2-47fb-b0bb-5f49cc59fabc: created new log segment /workdir/hadoop-ozone/ozonefs/target/test-dir/MiniOzoneClusterImpl-855b8ead-b066-4f2a-ac82-4f38b96b29b6/datanode-1/data/ratis/a4034903-19f2-47fb-b0bb-5f49cc59fabc/current/log_inprogress_0
2019-09-20 08:37:52,886 [b889c58e-4fe0-4be9-9092-901247a80a4f:group-54BEFF5E7F9A:LeaderElection37] INFO  impl.LeaderElection (LeaderElection.java:askForVotes(181)) - b889c58e-4fe0-4be9-9092-901247a80a4f:group-54BEFF5E7F9A:LeaderElection37: begin an election at term 1 for -1: [b889c58e-4fe0-4be9-9092-901247a80a4f:192.168.36.79:44889], old=null
2019-09-20 08:37:52,886 [b889c58e-4fe0-4be9-9092-901247a80a4f:group-35919163E07D:LeaderElection36] INFO  impl.LeaderElection (LeaderElection.java:askForVotes(181)) - b889c58e-4fe0-4be9-9092-901247a80a4f:group-35919163E07D:LeaderElection36: begin an election at term 1 for -1: [b889c58e-4fe0-4be9-9092-901247a80a4f:192.168.36.79:44889], old=null
2019-09-20 08:37:52,887 [b889c58e-4fe0-4be9-9092-901247a80a4f:group-54BEFF5E7F9A:LeaderElection37] INFO  impl.RoleInfo (RoleInfo.java:shutdownLeaderElection(134)) - b889c58e-4fe0-4be9-9092-901247a80a4f: shutdown LeaderElection
2019-09-20 08:37:52,887 [b889c58e-4fe0-4be9-9092-901247a80a4f:group-35919163E07D:LeaderElection36] INFO  impl.RoleInfo (RoleInfo.java:shutdownLeaderElection(134)) - b889c58e-4fe0-4be9-9092-901247a80a4f: shutdown LeaderElection
2019-09-20 08:37:52,887 [b889c58e-4fe0-4be9-9092-901247a80a4f:group-54BEFF5E7F9A:LeaderElection37] INFO  impl.RaftServerImpl (RaftServerImpl.java:setRole(171)) - b889c58e-4fe0-4be9-9092-901247a80a4f:group-54BEFF5E7F9A changes role from CANDIDATE to LEADER at term 1 for changeToLeader
2019-09-20 08:37:52,887 [b889c58e-4fe0-4be9-9092-901247a80a4f:group-35919163E07D:LeaderElection36] INFO  impl.RaftServerImpl (RaftServerImpl.java:setRole(171)) - b889c58e-4fe0-4be9-9092-901247a80a4f:group-35919163E07D changes role from CANDIDATE to LEADER at term 1 for changeToLeader
2019-09-20 08:37:52,887 [b889c58e-4fe0-4be9-9092-901247a80a4f:group-54BEFF5E7F9A:LeaderElection37] INFO  impl.RaftServerImpl (ServerState.java:setLeader(263)) - b889c58e-4fe0-4be9-9092-901247a80a4f:group-54BEFF5E7F9A change Leader from null to b889c58e-4fe0-4be9-9092-901247a80a4f at term 1 for becomeLeader, leader elected after 5121ms
2019-09-20 08:37:52,887 [b889c58e-4fe0-4be9-9092-901247a80a4f:group-35919163E07D:LeaderElection36] INFO  impl.RaftServerImpl (ServerState.java:setLeader(263)) - b889c58e-4fe0-4be9-9092-901247a80a4f:group-35919163E07D change Leader from null to b889c58e-4fe0-4be9-9092-901247a80a4f at term 1 for becomeLeader, leader elected after 5239ms
2019-09-20 08:37:52,887 [b889c58e-4fe0-4be9-9092-901247a80a4f:group-54BEFF5E7F9A:LeaderElection37] INFO  server.RaftServerConfigKeys (ConfUtils.java:logGet(43)) - raft.server.staging.catchup.gap = 1000 (default)
2019-09-20 08:37:52,888 [b889c58e-4fe0-4be9-9092-901247a80a4f:group-35919163E07D:LeaderElection36] INFO  server.RaftServerConfigKeys (ConfUtils.java:logGet(43)) - raft.server.staging.catchup.gap = 1000 (default)
2019-09-20 08:37:52,888 [b889c58e-4fe0-4be9-9092-901247a80a4f:group-54BEFF5E7F9A:LeaderElection37] INFO  server.RaftServerConfigKeys (ConfUtils.java:logGet(43)) - raft.server.rpc.sleep.time = 25ms (default)
2019-09-20 08:37:52,888 [b889c58e-4fe0-4be9-9092-901247a80a4f:group-35919163E07D:LeaderElection36] INFO  server.RaftServerConfigKeys (ConfUtils.java:logGet(43)) - raft.server.rpc.sleep.time = 25ms (default)
2019-09-20 08:37:52,888 [b889c58e-4fe0-4be9-9092-901247a80a4f:group-54BEFF5E7F9A:LeaderElection37] INFO  server.RaftServerConfigKeys (ConfUtils.java:logGet(43)) - raft.server.write.element-limit = 4096 (default)
2019-09-20 08:37:52,888 [b889c58e-4fe0-4be9-9092-901247a80a4f:group-35919163E07D:LeaderElection36] INFO  server.RaftServerConfigKeys (ConfUtils.java:logGet(43)) - raft.server.write.element-limit = 4096 (default)
2019-09-20 08:37:52,888 [b889c58e-4fe0-4be9-9092-901247a80a4f:group-54BEFF5E7F9A:LeaderElection37] INFO  server.RaftServerConfigKeys (ConfUtils.java:logGet(43)) - raft.server.watch.timeout = 10s (default)
2019-09-20 08:37:52,888 [b889c58e-4fe0-4be9-9092-901247a80a4f:group-35919163E07D:LeaderElection36] INFO  server.RaftServerConfigKeys (ConfUtils.java:logGet(43)) - raft.server.watch.timeout = 10s (default)
2019-09-20 08:37:52,889 [b889c58e-4fe0-4be9-9092-901247a80a4f:group-54BEFF5E7F9A:LeaderElection37] INFO  server.RaftServerConfigKeys (ConfUtils.java:logGet(43)) - raft.server.watch.timeout.denomination = 1s (default)
2019-09-20 08:37:52,889 [b889c58e-4fe0-4be9-9092-901247a80a4f:group-35919163E07D:LeaderElection36] INFO  server.RaftServerConfigKeys (ConfUtils.java:logGet(43)) - raft.server.watch.timeout.denomination = 1s (default)
2019-09-20 08:37:52,889 [b889c58e-4fe0-4be9-9092-901247a80a4f:group-54BEFF5E7F9A:LeaderElection37] INFO  server.RaftServerConfigKeys (ConfUtils.java:logGet(43)) - raft.server.watch.element-limit = 65536 (default)
2019-09-20 08:37:52,889 [b889c58e-4fe0-4be9-9092-901247a80a4f:group-35919163E07D:LeaderElection36] INFO  server.RaftServerConfigKeys (ConfUtils.java:logGet(43)) - raft.server.watch.element-limit = 65536 (default)
2019-09-20 08:37:52,889 [b889c58e-4fe0-4be9-9092-901247a80a4f:group-54BEFF5E7F9A:LeaderElection37] INFO  impl.RoleInfo (RoleInfo.java:updateAndGet(143)) - b889c58e-4fe0-4be9-9092-901247a80a4f: start LeaderState
2019-09-20 08:37:52,889 [b889c58e-4fe0-4be9-9092-901247a80a4f:group-35919163E07D:LeaderElection36] INFO  impl.RoleInfo (RoleInfo.java:updateAndGet(143)) - b889c58e-4fe0-4be9-9092-901247a80a4f: start LeaderState
2019-09-20 08:37:52,890 [b889c58e-4fe0-4be9-9092-901247a80a4f:group-54BEFF5E7F9A:LeaderElection37] INFO  segmented.SegmentedRaftLogWorker (SegmentedRaftLogWorker.java:startLogSegment(380)) - b889c58e-4fe0-4be9-9092-901247a80a4f-SegmentedRaftLogWorker:Storage Directory /workdir/hadoop-ozone/ozonefs/target/test-dir/MiniOzoneClusterImpl-855b8ead-b066-4f2a-ac82-4f38b96b29b6/datanode-1/data/ratis/a7233549-f23c-46ef-91a0-54beff5e7f9a: Starting segment from index:0
2019-09-20 08:37:52,890 [b889c58e-4fe0-4be9-9092-901247a80a4f:group-35919163E07D:LeaderElection36] INFO  segmented.SegmentedRaftLogWorker (SegmentedRaftLogWorker.java:startLogSegment(380)) - b889c58e-4fe0-4be9-9092-901247a80a4f-SegmentedRaftLogWorker:Storage Directory /workdir/hadoop-ozone/ozonefs/target/test-dir/MiniOzoneClusterImpl-855b8ead-b066-4f2a-ac82-4f38b96b29b6/datanode-1/data/ratis/14c9fbe3-16a9-4311-82d4-35919163e07d: Starting segment from index:0
2019-09-20 08:37:52,890 [b889c58e-4fe0-4be9-9092-901247a80a4f:group-54BEFF5E7F9A:LeaderElection37] INFO  impl.RaftServerImpl (ServerState.java:setRaftConf(361)) - b889c58e-4fe0-4be9-9092-901247a80a4f:group-54BEFF5E7F9A set configuration 0: [b889c58e-4fe0-4be9-9092-901247a80a4f:192.168.36.79:44889], old=null at 0
2019-09-20 08:37:52,890 [b889c58e-4fe0-4be9-9092-901247a80a4f:group-35919163E07D:LeaderElection36] INFO  impl.RaftServerImpl (ServerState.java:setRaftConf(361)) - b889c58e-4fe0-4be9-9092-901247a80a4f:group-35919163E07D set configuration 0: [b889c58e-4fe0-4be9-9092-901247a80a4f:192.168.36.79:44889], old=null at 0
2019-09-20 08:37:52,896 [Thread-720] INFO  impl.FollowerState (FollowerState.java:run(106)) - b889c58e-4fe0-4be9-9092-901247a80a4f:group-61667F0676A5 changes to CANDIDATE, lastRpcTime:5185, electionTimeout:5185ms
2019-09-20 08:37:52,896 [Thread-720] INFO  impl.RoleInfo (RoleInfo.java:shutdownFollowerState(121)) - b889c58e-4fe0-4be9-9092-901247a80a4f: shutdown FollowerState
2019-09-20 08:37:52,896 [Thread-720] INFO  impl.RaftServerImpl (RaftServerImpl.java:setRole(171)) - b889c58e-4fe0-4be9-9092-901247a80a4f:group-61667F0676A5 changes role from FOLLOWER to CANDIDATE at term 0 for changeToCandidate
2019-09-20 08:37:52,896 [Thread-720] INFO  impl.RoleInfo (RoleInfo.java:updateAndGet(143)) - b889c58e-4fe0-4be9-9092-901247a80a4f: start LeaderElection
2019-09-20 08:37:52,953 [b889c58e-4fe0-4be9-9092-901247a80a4f-SegmentedRaftLogWorker:Storage Directory /workdir/hadoop-ozone/ozonefs/target/test-dir/MiniOzoneClusterImpl-855b8ead-b066-4f2a-ac82-4f38b96b29b6/datanode-1/data/ratis/14c9fbe3-16a9-4311-82d4-35919163e07d] INFO  segmented.SegmentedRaftLogWorker (SegmentedRaftLogWorker.java:execute(569)) - b889c58e-4fe0-4be9-9092-901247a80a4f-SegmentedRaftLogWorker:Storage Directory /workdir/hadoop-ozone/ozonefs/target/test-dir/MiniOzoneClusterImpl-855b8ead-b066-4f2a-ac82-4f38b96b29b6/datanode-1/data/ratis/14c9fbe3-16a9-4311-82d4-35919163e07d: created new log segment /workdir/hadoop-ozone/ozonefs/target/test-dir/MiniOzoneClusterImpl-855b8ead-b066-4f2a-ac82-4f38b96b29b6/datanode-1/data/ratis/14c9fbe3-16a9-4311-82d4-35919163e07d/current/log_inprogress_0
2019-09-20 08:37:52,953 [b889c58e-4fe0-4be9-9092-901247a80a4f:group-61667F0676A5:LeaderElection38] INFO  impl.LeaderElection (LeaderElection.java:askForVotes(181)) - b889c58e-4fe0-4be9-9092-901247a80a4f:group-61667F0676A5:LeaderElection38: begin an election at term 1 for -1: [b889c58e-4fe0-4be9-9092-901247a80a4f:192.168.36.79:44889], old=null
2019-09-20 08:37:52,953 [b889c58e-4fe0-4be9-9092-901247a80a4f-SegmentedRaftLogWorker:Storage Directory /workdir/hadoop-ozone/ozonefs/target/test-dir/MiniOzoneClusterImpl-855b8ead-b066-4f2a-ac82-4f38b96b29b6/datanode-1/data/ratis/a7233549-f23c-46ef-91a0-54beff5e7f9a] INFO  segmented.SegmentedRaftLogWorker (SegmentedRaftLogWorker.java:execute(569)) - b889c58e-4fe0-4be9-9092-901247a80a4f-SegmentedRaftLogWorker:Storage Directory /workdir/hadoop-ozone/ozonefs/target/test-dir/MiniOzoneClusterImpl-855b8ead-b066-4f2a-ac82-4f38b96b29b6/datanode-1/data/ratis/a7233549-f23c-46ef-91a0-54beff5e7f9a: created new log segment /workdir/hadoop-ozone/ozonefs/target/test-dir/MiniOzoneClusterImpl-855b8ead-b066-4f2a-ac82-4f38b96b29b6/datanode-1/data/ratis/a7233549-f23c-46ef-91a0-54beff5e7f9a/current/log_inprogress_0
2019-09-20 08:37:52,954 [b889c58e-4fe0-4be9-9092-901247a80a4f:group-61667F0676A5:LeaderElection38] INFO  impl.RoleInfo (RoleInfo.java:shutdownLeaderElection(134)) - b889c58e-4fe0-4be9-9092-901247a80a4f: shutdown LeaderElection
2019-09-20 08:37:52,954 [b889c58e-4fe0-4be9-9092-901247a80a4f:group-61667F0676A5:LeaderElection38] INFO  impl.RaftServerImpl (RaftServerImpl.java:setRole(171)) - b889c58e-4fe0-4be9-9092-901247a80a4f:group-61667F0676A5 changes role from CANDIDATE to LEADER at term 1 for changeToLeader
2019-09-20 08:37:52,954 [b889c58e-4fe0-4be9-9092-901247a80a4f:group-61667F0676A5:LeaderElection38] INFO  impl.RaftServerImpl (ServerState.java:setLeader(263)) - b889c58e-4fe0-4be9-9092-901247a80a4f:group-61667F0676A5 change Leader from null to b889c58e-4fe0-4be9-9092-901247a80a4f at term 1 for becomeLeader, leader elected after 5247ms
2019-09-20 08:37:52,954 [b889c58e-4fe0-4be9-9092-901247a80a4f:group-61667F0676A5:LeaderElection38] INFO  server.RaftServerConfigKeys (ConfUtils.java:logGet(43)) - raft.server.staging.catchup.gap = 1000 (default)
2019-09-20 08:37:52,954 [b889c58e-4fe0-4be9-9092-901247a80a4f:group-61667F0676A5:LeaderElection38] INFO  server.RaftServerConfigKeys (ConfUtils.java:logGet(43)) - raft.server.rpc.sleep.time = 25ms (default)
2019-09-20 08:37:52,954 [b889c58e-4fe0-4be9-9092-901247a80a4f:group-61667F0676A5:LeaderElection38] INFO  server.RaftServerConfigKeys (ConfUtils.java:logGet(43)) - raft.server.write.element-limit = 4096 (default)
2019-09-20 08:37:52,955 [b889c58e-4fe0-4be9-9092-901247a80a4f:group-61667F0676A5:LeaderElection38] INFO  server.RaftServerConfigKeys (ConfUtils.java:logGet(43)) - raft.server.watch.timeout = 10s (default)
2019-09-20 08:37:52,955 [b889c58e-4fe0-4be9-9092-901247a80a4f:group-61667F0676A5:LeaderElection38] INFO  server.RaftServerConfigKeys (ConfUtils.java:logGet(43)) - raft.server.watch.timeout.denomination = 1s (default)
2019-09-20 08:37:52,955 [b889c58e-4fe0-4be9-9092-901247a80a4f:group-61667F0676A5:LeaderElection38] INFO  server.RaftServerConfigKeys (ConfUtils.java:logGet(43)) - raft.server.watch.element-limit = 65536 (default)
2019-09-20 08:37:52,955 [b889c58e-4fe0-4be9-9092-901247a80a4f:group-61667F0676A5:LeaderElection38] INFO  impl.RoleInfo (RoleInfo.java:updateAndGet(143)) - b889c58e-4fe0-4be9-9092-901247a80a4f: start LeaderState
2019-09-20 08:37:52,955 [b889c58e-4fe0-4be9-9092-901247a80a4f:group-61667F0676A5:LeaderElection38] INFO  segmented.SegmentedRaftLogWorker (SegmentedRaftLogWorker.java:startLogSegment(380)) - b889c58e-4fe0-4be9-9092-901247a80a4f-SegmentedRaftLogWorker:Storage Directory /workdir/hadoop-ozone/ozonefs/target/test-dir/MiniOzoneClusterImpl-855b8ead-b066-4f2a-ac82-4f38b96b29b6/datanode-1/data/ratis/87a105ff-f5f4-46ca-8c06-61667f0676a5: Starting segment from index:0
2019-09-20 08:37:52,956 [b889c58e-4fe0-4be9-9092-901247a80a4f:group-61667F0676A5:LeaderElection38] INFO  impl.RaftServerImpl (ServerState.java:setRaftConf(361)) - b889c58e-4fe0-4be9-9092-901247a80a4f:group-61667F0676A5 set configuration 0: [b889c58e-4fe0-4be9-9092-901247a80a4f:192.168.36.79:44889], old=null at 0
2019-09-20 08:37:53,012 [b889c58e-4fe0-4be9-9092-901247a80a4f-SegmentedRaftLogWorker:Storage Directory /workdir/hadoop-ozone/ozonefs/target/test-dir/MiniOzoneClusterImpl-855b8ead-b066-4f2a-ac82-4f38b96b29b6/datanode-1/data/ratis/87a105ff-f5f4-46ca-8c06-61667f0676a5] INFO  segmented.SegmentedRaftLogWorker (SegmentedRaftLogWorker.java:execute(569)) - b889c58e-4fe0-4be9-9092-901247a80a4f-SegmentedRaftLogWorker:Storage Directory /workdir/hadoop-ozone/ozonefs/target/test-dir/MiniOzoneClusterImpl-855b8ead-b066-4f2a-ac82-4f38b96b29b6/datanode-1/data/ratis/87a105ff-f5f4-46ca-8c06-61667f0676a5: created new log segment /workdir/hadoop-ozone/ozonefs/target/test-dir/MiniOzoneClusterImpl-855b8ead-b066-4f2a-ac82-4f38b96b29b6/datanode-1/data/ratis/87a105ff-f5f4-46ca-8c06-61667f0676a5/current/log_inprogress_0
2019-09-20 08:37:53,037 [Thread-726] INFO  impl.FollowerState (FollowerState.java:run(106)) - 9a6a84d6-ff22-4367-bab8-0f0e0dfb03ca:group-CF49CB5889B3 changes to CANDIDATE, lastRpcTime:5190, electionTimeout:5190ms
2019-09-20 08:37:53,037 [Thread-726] INFO  impl.RoleInfo (RoleInfo.java:shutdownFollowerState(121)) - 9a6a84d6-ff22-4367-bab8-0f0e0dfb03ca: shutdown FollowerState
2019-09-20 08:37:53,037 [Thread-726] INFO  impl.RaftServerImpl (RaftServerImpl.java:setRole(171)) - 9a6a84d6-ff22-4367-bab8-0f0e0dfb03ca:group-CF49CB5889B3 changes role from FOLLOWER to CANDIDATE at term 0 for changeToCandidate
2019-09-20 08:37:53,037 [Thread-726] INFO  impl.RoleInfo (RoleInfo.java:updateAndGet(143)) - 9a6a84d6-ff22-4367-bab8-0f0e0dfb03ca: start LeaderElection
2019-09-20 08:37:53,055 [Thread-732] INFO  impl.FollowerState (FollowerState.java:run(106)) - b889c58e-4fe0-4be9-9092-901247a80a4f:group-F734B7ECB14B changes to CANDIDATE, lastRpcTime:5098, electionTimeout:5098ms
2019-09-20 08:37:53,055 [Thread-732] INFO  impl.RoleInfo (RoleInfo.java:shutdownFollowerState(121)) - b889c58e-4fe0-4be9-9092-901247a80a4f: shutdown FollowerState
2019-09-20 08:37:53,055 [Thread-732] INFO  impl.RaftServerImpl (RaftServerImpl.java:setRole(171)) - b889c58e-4fe0-4be9-9092-901247a80a4f:group-F734B7ECB14B changes role from FOLLOWER to CANDIDATE at term 0 for changeToCandidate
2019-09-20 08:37:53,055 [Thread-732] INFO  impl.RoleInfo (RoleInfo.java:updateAndGet(143)) - b889c58e-4fe0-4be9-9092-901247a80a4f: start LeaderElection
2019-09-20 08:37:53,071 [b889c58e-4fe0-4be9-9092-901247a80a4f:group-F734B7ECB14B:LeaderElection40] INFO  impl.LeaderElection (LeaderElection.java:askForVotes(181)) - b889c58e-4fe0-4be9-9092-901247a80a4f:group-F734B7ECB14B:LeaderElection40: begin an election at term 1 for -1: [b889c58e-4fe0-4be9-9092-901247a80a4f:192.168.36.79:44889], old=null
2019-09-20 08:37:53,071 [9a6a84d6-ff22-4367-bab8-0f0e0dfb03ca:group-CF49CB5889B3:LeaderElection39] INFO  impl.LeaderElection (LeaderElection.java:askForVotes(181)) - 9a6a84d6-ff22-4367-bab8-0f0e0dfb03ca:group-CF49CB5889B3:LeaderElection39: begin an election at term 1 for -1: [9a6a84d6-ff22-4367-bab8-0f0e0dfb03ca:192.168.36.79:39089], old=null
2019-09-20 08:37:53,071 [b889c58e-4fe0-4be9-9092-901247a80a4f:group-F734B7ECB14B:LeaderElection40] INFO  impl.RoleInfo (RoleInfo.java:shutdownLeaderElection(134)) - b889c58e-4fe0-4be9-9092-901247a80a4f: shutdown LeaderElection
2019-09-20 08:37:53,071 [9a6a84d6-ff22-4367-bab8-0f0e0dfb03ca:group-CF49CB5889B3:LeaderElection39] INFO  impl.RoleInfo (RoleInfo.java:shutdownLeaderElection(134)) - 9a6a84d6-ff22-4367-bab8-0f0e0dfb03ca: shutdown LeaderElection
2019-09-20 08:37:53,071 [b889c58e-4fe0-4be9-9092-901247a80a4f:group-F734B7ECB14B:LeaderElection40] INFO  impl.RaftServerImpl (RaftServerImpl.java:setRole(171)) - b889c58e-4fe0-4be9-9092-901247a80a4f:group-F734B7ECB14B changes role from CANDIDATE to LEADER at term 1 for changeToLeader
2019-09-20 08:37:53,071 [9a6a84d6-ff22-4367-bab8-0f0e0dfb03ca:group-CF49CB5889B3:LeaderElection39] INFO  impl.RaftServerImpl (RaftServerImpl.java:setRole(171)) - 9a6a84d6-ff22-4367-bab8-0f0e0dfb03ca:group-CF49CB5889B3 changes role from CANDIDATE to LEADER at term 1 for changeToLeader
2019-09-20 08:37:53,071 [b889c58e-4fe0-4be9-9092-901247a80a4f:group-F734B7ECB14B:LeaderElection40] INFO  impl.RaftServerImpl (ServerState.java:setLeader(263)) - b889c58e-4fe0-4be9-9092-901247a80a4f:group-F734B7ECB14B change Leader from null to b889c58e-4fe0-4be9-9092-901247a80a4f at term 1 for becomeLeader, leader elected after 5119ms
2019-09-20 08:37:53,072 [9a6a84d6-ff22-4367-bab8-0f0e0dfb03ca:group-CF49CB5889B3:LeaderElection39] INFO  impl.RaftServerImpl (ServerState.java:setLeader(263)) - 9a6a84d6-ff22-4367-bab8-0f0e0dfb03ca:group-CF49CB5889B3 change Leader from null to 9a6a84d6-ff22-4367-bab8-0f0e0dfb03ca at term 1 for becomeLeader, leader elected after 5229ms
2019-09-20 08:37:53,072 [b889c58e-4fe0-4be9-9092-901247a80a4f:group-F734B7ECB14B:LeaderElection40] INFO  server.RaftServerConfigKeys (ConfUtils.java:logGet(43)) - raft.server.staging.catchup.gap = 1000 (default)
2019-09-20 08:37:53,072 [9a6a84d6-ff22-4367-bab8-0f0e0dfb03ca:group-CF49CB5889B3:LeaderElection39] INFO  server.RaftServerConfigKeys (ConfUtils.java:logGet(43)) - raft.server.staging.catchup.gap = 1000 (default)
2019-09-20 08:37:53,072 [b889c58e-4fe0-4be9-9092-901247a80a4f:group-F734B7ECB14B:LeaderElection40] INFO  server.RaftServerConfigKeys (ConfUtils.java:logGet(43)) - raft.server.rpc.sleep.time = 25ms (default)
2019-09-20 08:37:53,072 [9a6a84d6-ff22-4367-bab8-0f0e0dfb03ca:group-CF49CB5889B3:LeaderElection39] INFO  server.RaftServerConfigKeys (ConfUtils.java:logGet(43)) - raft.server.rpc.sleep.time = 25ms (default)
2019-09-20 08:37:53,072 [b889c58e-4fe0-4be9-9092-901247a80a4f:group-F734B7ECB14B:LeaderElection40] INFO  server.RaftServerConfigKeys (ConfUtils.java:logGet(43)) - raft.server.write.element-limit = 4096 (default)
2019-09-20 08:37:53,072 [9a6a84d6-ff22-4367-bab8-0f0e0dfb03ca:group-CF49CB5889B3:LeaderElection39] INFO  server.RaftServerConfigKeys (ConfUtils.java:logGet(43)) - raft.server.write.element-limit = 4096 (default)
2019-09-20 08:37:53,072 [b889c58e-4fe0-4be9-9092-901247a80a4f:group-F734B7ECB14B:LeaderElection40] INFO  server.RaftServerConfigKeys (ConfUtils.java:logGet(43)) - raft.server.watch.timeout = 10s (default)
2019-09-20 08:37:53,072 [9a6a84d6-ff22-4367-bab8-0f0e0dfb03ca:group-CF49CB5889B3:LeaderElection39] INFO  server.RaftServerConfigKeys (ConfUtils.java:logGet(43)) - raft.server.watch.timeout = 10s (default)
2019-09-20 08:37:53,072 [b889c58e-4fe0-4be9-9092-901247a80a4f:group-F734B7ECB14B:LeaderElection40] INFO  server.RaftServerConfigKeys (ConfUtils.java:logGet(43)) - raft.server.watch.timeout.denomination = 1s (default)
2019-09-20 08:37:53,072 [9a6a84d6-ff22-4367-bab8-0f0e0dfb03ca:group-CF49CB5889B3:LeaderElection39] INFO  server.RaftServerConfigKeys (ConfUtils.java:logGet(43)) - raft.server.watch.timeout.denomination = 1s (default)
2019-09-20 08:37:53,073 [b889c58e-4fe0-4be9-9092-901247a80a4f:group-F734B7ECB14B:LeaderElection40] INFO  server.RaftServerConfigKeys (ConfUtils.java:logGet(43)) - raft.server.watch.element-limit = 65536 (default)
2019-09-20 08:37:53,073 [9a6a84d6-ff22-4367-bab8-0f0e0dfb03ca:group-CF49CB5889B3:LeaderElection39] INFO  server.RaftServerConfigKeys (ConfUtils.java:logGet(43)) - raft.server.watch.element-limit = 65536 (default)
2019-09-20 08:37:53,073 [9a6a84d6-ff22-4367-bab8-0f0e0dfb03ca:group-CF49CB5889B3:LeaderElection39] INFO  impl.RoleInfo (RoleInfo.java:updateAndGet(143)) - 9a6a84d6-ff22-4367-bab8-0f0e0dfb03ca: start LeaderState
2019-09-20 08:37:53,073 [b889c58e-4fe0-4be9-9092-901247a80a4f:group-F734B7ECB14B:LeaderElection40] INFO  impl.RoleInfo (RoleInfo.java:updateAndGet(143)) - b889c58e-4fe0-4be9-9092-901247a80a4f: start LeaderState
2019-09-20 08:37:53,073 [9a6a84d6-ff22-4367-bab8-0f0e0dfb03ca:group-CF49CB5889B3:LeaderElection39] INFO  segmented.SegmentedRaftLogWorker (SegmentedRaftLogWorker.java:startLogSegment(380)) - 9a6a84d6-ff22-4367-bab8-0f0e0dfb03ca-SegmentedRaftLogWorker:Storage Directory /workdir/hadoop-ozone/ozonefs/target/test-dir/MiniOzoneClusterImpl-855b8ead-b066-4f2a-ac82-4f38b96b29b6/datanode-2/data/ratis/3a62c3d7-d50c-4b7e-b10c-cf49cb5889b3: Starting segment from index:0
2019-09-20 08:37:53,073 [b889c58e-4fe0-4be9-9092-901247a80a4f:group-F734B7ECB14B:LeaderElection40] INFO  segmented.SegmentedRaftLogWorker (SegmentedRaftLogWorker.java:startLogSegment(380)) - b889c58e-4fe0-4be9-9092-901247a80a4f-SegmentedRaftLogWorker:Storage Directory /workdir/hadoop-ozone/ozonefs/target/test-dir/MiniOzoneClusterImpl-855b8ead-b066-4f2a-ac82-4f38b96b29b6/datanode-1/data/ratis/87e5bc65-429f-4222-aebf-f734b7ecb14b: Starting segment from index:0
2019-09-20 08:37:53,074 [9a6a84d6-ff22-4367-bab8-0f0e0dfb03ca:group-CF49CB5889B3:LeaderElection39] INFO  impl.RaftServerImpl (ServerState.java:setRaftConf(361)) - 9a6a84d6-ff22-4367-bab8-0f0e0dfb03ca:group-CF49CB5889B3 set configuration 0: [9a6a84d6-ff22-4367-bab8-0f0e0dfb03ca:192.168.36.79:39089], old=null at 0
2019-09-20 08:37:53,074 [b889c58e-4fe0-4be9-9092-901247a80a4f:group-F734B7ECB14B:LeaderElection40] INFO  impl.RaftServerImpl (ServerState.java:setRaftConf(361)) - b889c58e-4fe0-4be9-9092-901247a80a4f:group-F734B7ECB14B set configuration 0: [b889c58e-4fe0-4be9-9092-901247a80a4f:192.168.36.79:44889], old=null at 0
2019-09-20 08:37:53,096 [Thread-729] INFO  impl.FollowerState (FollowerState.java:run(106)) - b889c58e-4fe0-4be9-9092-901247a80a4f:group-47FCE720E348 changes to CANDIDATE, lastRpcTime:5189, electionTimeout:5189ms
2019-09-20 08:37:53,096 [Thread-729] INFO  impl.RoleInfo (RoleInfo.java:shutdownFollowerState(121)) - b889c58e-4fe0-4be9-9092-901247a80a4f: shutdown FollowerState
2019-09-20 08:37:53,096 [Thread-729] INFO  impl.RaftServerImpl (RaftServerImpl.java:setRole(171)) - b889c58e-4fe0-4be9-9092-901247a80a4f:group-47FCE720E348 changes role from FOLLOWER to CANDIDATE at term 0 for changeToCandidate
2019-09-20 08:37:53,097 [Thread-729] INFO  impl.RoleInfo (RoleInfo.java:updateAndGet(143)) - b889c58e-4fe0-4be9-9092-901247a80a4f: start LeaderElection
2019-09-20 08:37:53,116 [Thread-735] INFO  impl.FollowerState (FollowerState.java:run(106)) - f0549359-73a8-43a9-8479-5d696f050b37:group-13125FA92646 changes to CANDIDATE, lastRpcTime:5066, electionTimeout:5066ms
2019-09-20 08:37:53,116 [Thread-735] INFO  impl.RoleInfo (RoleInfo.java:shutdownFollowerState(121)) - f0549359-73a8-43a9-8479-5d696f050b37: shutdown FollowerState
2019-09-20 08:37:53,116 [Thread-735] INFO  impl.RaftServerImpl (RaftServerImpl.java:setRole(171)) - f0549359-73a8-43a9-8479-5d696f050b37:group-13125FA92646 changes role from FOLLOWER to CANDIDATE at term 0 for changeToCandidate
2019-09-20 08:37:53,117 [Thread-735] INFO  impl.RoleInfo (RoleInfo.java:updateAndGet(143)) - f0549359-73a8-43a9-8479-5d696f050b37: start LeaderElection
2019-09-20 08:37:53,132 [b889c58e-4fe0-4be9-9092-901247a80a4f-SegmentedRaftLogWorker:Storage Directory /workdir/hadoop-ozone/ozonefs/target/test-dir/MiniOzoneClusterImpl-855b8ead-b066-4f2a-ac82-4f38b96b29b6/datanode-1/data/ratis/87e5bc65-429f-4222-aebf-f734b7ecb14b] INFO  segmented.SegmentedRaftLogWorker (SegmentedRaftLogWorker.java:execute(569)) - b889c58e-4fe0-4be9-9092-901247a80a4f-SegmentedRaftLogWorker:Storage Directory /workdir/hadoop-ozone/ozonefs/target/test-dir/MiniOzoneClusterImpl-855b8ead-b066-4f2a-ac82-4f38b96b29b6/datanode-1/data/ratis/87e5bc65-429f-4222-aebf-f734b7ecb14b: created new log segment /workdir/hadoop-ozone/ozonefs/target/test-dir/MiniOzoneClusterImpl-855b8ead-b066-4f2a-ac82-4f38b96b29b6/datanode-1/data/ratis/87e5bc65-429f-4222-aebf-f734b7ecb14b/current/log_inprogress_0
2019-09-20 08:37:53,132 [f0549359-73a8-43a9-8479-5d696f050b37:group-13125FA92646:LeaderElection42] INFO  impl.LeaderElection (LeaderElection.java:askForVotes(181)) - f0549359-73a8-43a9-8479-5d696f050b37:group-13125FA92646:LeaderElection42: begin an election at term 1 for -1: [f0549359-73a8-43a9-8479-5d696f050b37:192.168.36.79:43263], old=null
2019-09-20 08:37:53,132 [b889c58e-4fe0-4be9-9092-901247a80a4f:group-47FCE720E348:LeaderElection41] INFO  impl.LeaderElection (LeaderElection.java:askForVotes(181)) - b889c58e-4fe0-4be9-9092-901247a80a4f:group-47FCE720E348:LeaderElection41: begin an election at term 1 for -1: [b889c58e-4fe0-4be9-9092-901247a80a4f:192.168.36.79:44889], old=null
2019-09-20 08:37:53,132 [9a6a84d6-ff22-4367-bab8-0f0e0dfb03ca-SegmentedRaftLogWorker:Storage Directory /workdir/hadoop-ozone/ozonefs/target/test-dir/MiniOzoneClusterImpl-855b8ead-b066-4f2a-ac82-4f38b96b29b6/datanode-2/data/ratis/3a62c3d7-d50c-4b7e-b10c-cf49cb5889b3] INFO  segmented.SegmentedRaftLogWorker (SegmentedRaftLogWorker.java:execute(569)) - 9a6a84d6-ff22-4367-bab8-0f0e0dfb03ca-SegmentedRaftLogWorker:Storage Directory /workdir/hadoop-ozone/ozonefs/target/test-dir/MiniOzoneClusterImpl-855b8ead-b066-4f2a-ac82-4f38b96b29b6/datanode-2/data/ratis/3a62c3d7-d50c-4b7e-b10c-cf49cb5889b3: created new log segment /workdir/hadoop-ozone/ozonefs/target/test-dir/MiniOzoneClusterImpl-855b8ead-b066-4f2a-ac82-4f38b96b29b6/datanode-2/data/ratis/3a62c3d7-d50c-4b7e-b10c-cf49cb5889b3/current/log_inprogress_0
2019-09-20 08:37:53,133 [b889c58e-4fe0-4be9-9092-901247a80a4f:group-47FCE720E348:LeaderElection41] INFO  impl.RoleInfo (RoleInfo.java:shutdownLeaderElection(134)) - b889c58e-4fe0-4be9-9092-901247a80a4f: shutdown LeaderElection
2019-09-20 08:37:53,133 [f0549359-73a8-43a9-8479-5d696f050b37:group-13125FA92646:LeaderElection42] INFO  impl.RoleInfo (RoleInfo.java:shutdownLeaderElection(134)) - f0549359-73a8-43a9-8479-5d696f050b37: shutdown LeaderElection
2019-09-20 08:37:53,133 [b889c58e-4fe0-4be9-9092-901247a80a4f:group-47FCE720E348:LeaderElection41] INFO  impl.RaftServerImpl (RaftServerImpl.java:setRole(171)) - b889c58e-4fe0-4be9-9092-901247a80a4f:group-47FCE720E348 changes role from CANDIDATE to LEADER at term 1 for changeToLeader
2019-09-20 08:37:53,133 [f0549359-73a8-43a9-8479-5d696f050b37:group-13125FA92646:LeaderElection42] INFO  impl.RaftServerImpl (RaftServerImpl.java:setRole(171)) - f0549359-73a8-43a9-8479-5d696f050b37:group-13125FA92646 changes role from CANDIDATE to LEADER at term 1 for changeToLeader
2019-09-20 08:37:53,133 [b889c58e-4fe0-4be9-9092-901247a80a4f:group-47FCE720E348:LeaderElection41] INFO  impl.RaftServerImpl (ServerState.java:setLeader(263)) - b889c58e-4fe0-4be9-9092-901247a80a4f:group-47FCE720E348 change Leader from null to b889c58e-4fe0-4be9-9092-901247a80a4f at term 1 for becomeLeader, leader elected after 5231ms
2019-09-20 08:37:53,133 [f0549359-73a8-43a9-8479-5d696f050b37:group-13125FA92646:LeaderElection42] INFO  impl.RaftServerImpl (ServerState.java:setLeader(263)) - f0549359-73a8-43a9-8479-5d696f050b37:group-13125FA92646 change Leader from null to f0549359-73a8-43a9-8479-5d696f050b37 at term 1 for becomeLeader, leader elected after 5088ms
2019-09-20 08:37:53,133 [b889c58e-4fe0-4be9-9092-901247a80a4f:group-47FCE720E348:LeaderElection41] INFO  server.RaftServerConfigKeys (ConfUtils.java:logGet(43)) - raft.server.staging.catchup.gap = 1000 (default)
2019-09-20 08:37:53,133 [f0549359-73a8-43a9-8479-5d696f050b37:group-13125FA92646:LeaderElection42] INFO  server.RaftServerConfigKeys (ConfUtils.java:logGet(43)) - raft.server.staging.catchup.gap = 1000 (default)
2019-09-20 08:37:53,134 [b889c58e-4fe0-4be9-9092-901247a80a4f:group-47FCE720E348:LeaderElection41] INFO  server.RaftServerConfigKeys (ConfUtils.java:logGet(43)) - raft.server.rpc.sleep.time = 25ms (default)
2019-09-20 08:37:53,134 [f0549359-73a8-43a9-8479-5d696f050b37:group-13125FA92646:LeaderElection42] INFO  server.RaftServerConfigKeys (ConfUtils.java:logGet(43)) - raft.server.rpc.sleep.time = 25ms (default)
2019-09-20 08:37:53,134 [b889c58e-4fe0-4be9-9092-901247a80a4f:group-47FCE720E348:LeaderElection41] INFO  server.RaftServerConfigKeys (ConfUtils.java:logGet(43)) - raft.server.write.element-limit = 4096 (default)
2019-09-20 08:37:53,134 [f0549359-73a8-43a9-8479-5d696f050b37:group-13125FA92646:LeaderElection42] INFO  server.RaftServerConfigKeys (ConfUtils.java:logGet(43)) - raft.server.write.element-limit = 4096 (default)
2019-09-20 08:37:53,134 [b889c58e-4fe0-4be9-9092-901247a80a4f:group-47FCE720E348:LeaderElection41] INFO  server.RaftServerConfigKeys (ConfUtils.java:logGet(43)) - raft.server.watch.timeout = 10s (default)
2019-09-20 08:37:53,134 [f0549359-73a8-43a9-8479-5d696f050b37:group-13125FA92646:LeaderElection42] INFO  server.RaftServerConfigKeys (ConfUtils.java:logGet(43)) - raft.server.watch.timeout = 10s (default)
2019-09-20 08:37:53,134 [b889c58e-4fe0-4be9-9092-901247a80a4f:group-47FCE720E348:LeaderElection41] INFO  server.RaftServerConfigKeys (ConfUtils.java:logGet(43)) - raft.server.watch.timeout.denomination = 1s (default)
2019-09-20 08:37:53,134 [f0549359-73a8-43a9-8479-5d696f050b37:group-13125FA92646:LeaderElection42] INFO  server.RaftServerConfigKeys (ConfUtils.java:logGet(43)) - raft.server.watch.timeout.denomination = 1s (default)
2019-09-20 08:37:53,135 [b889c58e-4fe0-4be9-9092-901247a80a4f:group-47FCE720E348:LeaderElection41] INFO  server.RaftServerConfigKeys (ConfUtils.java:logGet(43)) - raft.server.watch.element-limit = 65536 (default)
2019-09-20 08:37:53,135 [f0549359-73a8-43a9-8479-5d696f050b37:group-13125FA92646:LeaderElection42] INFO  server.RaftServerConfigKeys (ConfUtils.java:logGet(43)) - raft.server.watch.element-limit = 65536 (default)
2019-09-20 08:37:53,135 [b889c58e-4fe0-4be9-9092-901247a80a4f:group-47FCE720E348:LeaderElection41] INFO  impl.RoleInfo (RoleInfo.java:updateAndGet(143)) - b889c58e-4fe0-4be9-9092-901247a80a4f: start LeaderState
2019-09-20 08:37:53,135 [f0549359-73a8-43a9-8479-5d696f050b37:group-13125FA92646:LeaderElection42] INFO  impl.RoleInfo (RoleInfo.java:updateAndGet(143)) - f0549359-73a8-43a9-8479-5d696f050b37: start LeaderState
2019-09-20 08:37:53,135 [b889c58e-4fe0-4be9-9092-901247a80a4f:group-47FCE720E348:LeaderElection41] INFO  segmented.SegmentedRaftLogWorker (SegmentedRaftLogWorker.java:startLogSegment(380)) - b889c58e-4fe0-4be9-9092-901247a80a4f-SegmentedRaftLogWorker:Storage Directory /workdir/hadoop-ozone/ozonefs/target/test-dir/MiniOzoneClusterImpl-855b8ead-b066-4f2a-ac82-4f38b96b29b6/datanode-1/data/ratis/0f63b613-f44f-4820-a6b1-47fce720e348: Starting segment from index:0
2019-09-20 08:37:53,135 [f0549359-73a8-43a9-8479-5d696f050b37:group-13125FA92646:LeaderElection42] INFO  segmented.SegmentedRaftLogWorker (SegmentedRaftLogWorker.java:startLogSegment(380)) - f0549359-73a8-43a9-8479-5d696f050b37-SegmentedRaftLogWorker:Storage Directory /workdir/hadoop-ozone/ozonefs/target/test-dir/MiniOzoneClusterImpl-855b8ead-b066-4f2a-ac82-4f38b96b29b6/datanode-0/data/ratis/5169b976-3f82-465c-8527-13125fa92646: Starting segment from index:0
2019-09-20 08:37:53,136 [b889c58e-4fe0-4be9-9092-901247a80a4f:group-47FCE720E348:LeaderElection41] INFO  impl.RaftServerImpl (ServerState.java:setRaftConf(361)) - b889c58e-4fe0-4be9-9092-901247a80a4f:group-47FCE720E348 set configuration 0: [b889c58e-4fe0-4be9-9092-901247a80a4f:192.168.36.79:44889], old=null at 0
2019-09-20 08:37:53,136 [f0549359-73a8-43a9-8479-5d696f050b37:group-13125FA92646:LeaderElection42] INFO  impl.RaftServerImpl (ServerState.java:setRaftConf(361)) - f0549359-73a8-43a9-8479-5d696f050b37:group-13125FA92646 set configuration 0: [f0549359-73a8-43a9-8479-5d696f050b37:192.168.36.79:43263], old=null at 0
2019-09-20 08:37:53,204 [f0549359-73a8-43a9-8479-5d696f050b37-SegmentedRaftLogWorker:Storage Directory /workdir/hadoop-ozone/ozonefs/target/test-dir/MiniOzoneClusterImpl-855b8ead-b066-4f2a-ac82-4f38b96b29b6/datanode-0/data/ratis/5169b976-3f82-465c-8527-13125fa92646] INFO  segmented.SegmentedRaftLogWorker (SegmentedRaftLogWorker.java:execute(569)) - f0549359-73a8-43a9-8479-5d696f050b37-SegmentedRaftLogWorker:Storage Directory /workdir/hadoop-ozone/ozonefs/target/test-dir/MiniOzoneClusterImpl-855b8ead-b066-4f2a-ac82-4f38b96b29b6/datanode-0/data/ratis/5169b976-3f82-465c-8527-13125fa92646: created new log segment /workdir/hadoop-ozone/ozonefs/target/test-dir/MiniOzoneClusterImpl-855b8ead-b066-4f2a-ac82-4f38b96b29b6/datanode-0/data/ratis/5169b976-3f82-465c-8527-13125fa92646/current/log_inprogress_0
2019-09-20 08:37:53,204 [b889c58e-4fe0-4be9-9092-901247a80a4f-SegmentedRaftLogWorker:Storage Directory /workdir/hadoop-ozone/ozonefs/target/test-dir/MiniOzoneClusterImpl-855b8ead-b066-4f2a-ac82-4f38b96b29b6/datanode-1/data/ratis/0f63b613-f44f-4820-a6b1-47fce720e348] INFO  segmented.SegmentedRaftLogWorker (SegmentedRaftLogWorker.java:execute(569)) - b889c58e-4fe0-4be9-9092-901247a80a4f-SegmentedRaftLogWorker:Storage Directory /workdir/hadoop-ozone/ozonefs/target/test-dir/MiniOzoneClusterImpl-855b8ead-b066-4f2a-ac82-4f38b96b29b6/datanode-1/data/ratis/0f63b613-f44f-4820-a6b1-47fce720e348: created new log segment /workdir/hadoop-ozone/ozonefs/target/test-dir/MiniOzoneClusterImpl-855b8ead-b066-4f2a-ac82-4f38b96b29b6/datanode-1/data/ratis/0f63b613-f44f-4820-a6b1-47fce720e348/current/log_inprogress_0
2019-09-20 08:37:53,233 [Thread-744] INFO  impl.FollowerState (FollowerState.java:run(106)) - 9a6a84d6-ff22-4367-bab8-0f0e0dfb03ca:group-5C8E60B2333E changes to CANDIDATE, lastRpcTime:5006, electionTimeout:5006ms
2019-09-20 08:37:53,233 [Thread-744] INFO  impl.RoleInfo (RoleInfo.java:shutdownFollowerState(121)) - 9a6a84d6-ff22-4367-bab8-0f0e0dfb03ca: shutdown FollowerState
2019-09-20 08:37:53,233 [Thread-744] INFO  impl.RaftServerImpl (RaftServerImpl.java:setRole(171)) - 9a6a84d6-ff22-4367-bab8-0f0e0dfb03ca:group-5C8E60B2333E changes role from FOLLOWER to CANDIDATE at term 0 for changeToCandidate
2019-09-20 08:37:53,233 [Thread-744] INFO  impl.RoleInfo (RoleInfo.java:updateAndGet(143)) - 9a6a84d6-ff22-4367-bab8-0f0e0dfb03ca: start LeaderElection
2019-09-20 08:37:53,244 [Thread-738] INFO  impl.FollowerState (FollowerState.java:run(106)) - 9a6a84d6-ff22-4367-bab8-0f0e0dfb03ca:group-2A03F87585DB changes to CANDIDATE, lastRpcTime:5135, electionTimeout:5135ms
2019-09-20 08:37:53,244 [Thread-738] INFO  impl.RoleInfo (RoleInfo.java:shutdownFollowerState(121)) - 9a6a84d6-ff22-4367-bab8-0f0e0dfb03ca: shutdown FollowerState
2019-09-20 08:37:53,245 [Thread-738] INFO  impl.RaftServerImpl (RaftServerImpl.java:setRole(171)) - 9a6a84d6-ff22-4367-bab8-0f0e0dfb03ca:group-2A03F87585DB changes role from FOLLOWER to CANDIDATE at term 0 for changeToCandidate
2019-09-20 08:37:53,245 [Thread-738] INFO  impl.RoleInfo (RoleInfo.java:updateAndGet(143)) - 9a6a84d6-ff22-4367-bab8-0f0e0dfb03ca: start LeaderElection
2019-09-20 08:37:53,258 [9a6a84d6-ff22-4367-bab8-0f0e0dfb03ca:group-2A03F87585DB:LeaderElection44] INFO  impl.LeaderElection (LeaderElection.java:askForVotes(181)) - 9a6a84d6-ff22-4367-bab8-0f0e0dfb03ca:group-2A03F87585DB:LeaderElection44: begin an election at term 1 for -1: [9a6a84d6-ff22-4367-bab8-0f0e0dfb03ca:192.168.36.79:39089], old=null
2019-09-20 08:37:53,258 [9a6a84d6-ff22-4367-bab8-0f0e0dfb03ca:group-5C8E60B2333E:LeaderElection43] INFO  impl.LeaderElection (LeaderElection.java:askForVotes(181)) - 9a6a84d6-ff22-4367-bab8-0f0e0dfb03ca:group-5C8E60B2333E:LeaderElection43: begin an election at term 1 for -1: [9a6a84d6-ff22-4367-bab8-0f0e0dfb03ca:192.168.36.79:39089], old=null
2019-09-20 08:37:53,259 [9a6a84d6-ff22-4367-bab8-0f0e0dfb03ca:group-2A03F87585DB:LeaderElection44] INFO  impl.RoleInfo (RoleInfo.java:shutdownLeaderElection(134)) - 9a6a84d6-ff22-4367-bab8-0f0e0dfb03ca: shutdown LeaderElection
2019-09-20 08:37:53,259 [9a6a84d6-ff22-4367-bab8-0f0e0dfb03ca:group-5C8E60B2333E:LeaderElection43] INFO  impl.RoleInfo (RoleInfo.java:shutdownLeaderElection(134)) - 9a6a84d6-ff22-4367-bab8-0f0e0dfb03ca: shutdown LeaderElection
2019-09-20 08:37:53,259 [9a6a84d6-ff22-4367-bab8-0f0e0dfb03ca:group-2A03F87585DB:LeaderElection44] INFO  impl.RaftServerImpl (RaftServerImpl.java:setRole(171)) - 9a6a84d6-ff22-4367-bab8-0f0e0dfb03ca:group-2A03F87585DB changes role from CANDIDATE to LEADER at term 1 for changeToLeader
2019-09-20 08:37:53,259 [9a6a84d6-ff22-4367-bab8-0f0e0dfb03ca:group-5C8E60B2333E:LeaderElection43] INFO  impl.RaftServerImpl (RaftServerImpl.java:setRole(171)) - 9a6a84d6-ff22-4367-bab8-0f0e0dfb03ca:group-5C8E60B2333E changes role from CANDIDATE to LEADER at term 1 for changeToLeader
2019-09-20 08:37:53,259 [9a6a84d6-ff22-4367-bab8-0f0e0dfb03ca:group-2A03F87585DB:LeaderElection44] INFO  impl.RaftServerImpl (ServerState.java:setLeader(263)) - 9a6a84d6-ff22-4367-bab8-0f0e0dfb03ca:group-2A03F87585DB change Leader from null to 9a6a84d6-ff22-4367-bab8-0f0e0dfb03ca at term 1 for becomeLeader, leader elected after 5154ms
2019-09-20 08:37:53,259 [9a6a84d6-ff22-4367-bab8-0f0e0dfb03ca:group-5C8E60B2333E:LeaderElection43] INFO  impl.RaftServerImpl (ServerState.java:setLeader(263)) - 9a6a84d6-ff22-4367-bab8-0f0e0dfb03ca:group-5C8E60B2333E change Leader from null to 9a6a84d6-ff22-4367-bab8-0f0e0dfb03ca at term 1 for becomeLeader, leader elected after 5036ms
2019-09-20 08:37:53,259 [9a6a84d6-ff22-4367-bab8-0f0e0dfb03ca:group-2A03F87585DB:LeaderElection44] INFO  server.RaftServerConfigKeys (ConfUtils.java:logGet(43)) - raft.server.staging.catchup.gap = 1000 (default)
2019-09-20 08:37:53,259 [9a6a84d6-ff22-4367-bab8-0f0e0dfb03ca:group-5C8E60B2333E:LeaderElection43] INFO  server.RaftServerConfigKeys (ConfUtils.java:logGet(43)) - raft.server.staging.catchup.gap = 1000 (default)
2019-09-20 08:37:53,259 [9a6a84d6-ff22-4367-bab8-0f0e0dfb03ca:group-2A03F87585DB:LeaderElection44] INFO  server.RaftServerConfigKeys (ConfUtils.java:logGet(43)) - raft.server.rpc.sleep.time = 25ms (default)
2019-09-20 08:37:53,259 [9a6a84d6-ff22-4367-bab8-0f0e0dfb03ca:group-5C8E60B2333E:LeaderElection43] INFO  server.RaftServerConfigKeys (ConfUtils.java:logGet(43)) - raft.server.rpc.sleep.time = 25ms (default)
2019-09-20 08:37:53,259 [9a6a84d6-ff22-4367-bab8-0f0e0dfb03ca:group-2A03F87585DB:LeaderElection44] INFO  server.RaftServerConfigKeys (ConfUtils.java:logGet(43)) - raft.server.write.element-limit = 4096 (default)
2019-09-20 08:37:53,260 [9a6a84d6-ff22-4367-bab8-0f0e0dfb03ca:group-5C8E60B2333E:LeaderElection43] INFO  server.RaftServerConfigKeys (ConfUtils.java:logGet(43)) - raft.server.write.element-limit = 4096 (default)
2019-09-20 08:37:53,260 [9a6a84d6-ff22-4367-bab8-0f0e0dfb03ca:group-2A03F87585DB:LeaderElection44] INFO  server.RaftServerConfigKeys (ConfUtils.java:logGet(43)) - raft.server.watch.timeout = 10s (default)
2019-09-20 08:37:53,260 [9a6a84d6-ff22-4367-bab8-0f0e0dfb03ca:group-5C8E60B2333E:LeaderElection43] INFO  server.RaftServerConfigKeys (ConfUtils.java:logGet(43)) - raft.server.watch.timeout = 10s (default)
2019-09-20 08:37:53,260 [9a6a84d6-ff22-4367-bab8-0f0e0dfb03ca:group-2A03F87585DB:LeaderElection44] INFO  server.RaftServerConfigKeys (ConfUtils.java:logGet(43)) - raft.server.watch.timeout.denomination = 1s (default)
2019-09-20 08:37:53,260 [9a6a84d6-ff22-4367-bab8-0f0e0dfb03ca:group-5C8E60B2333E:LeaderElection43] INFO  server.RaftServerConfigKeys (ConfUtils.java:logGet(43)) - raft.server.watch.timeout.denomination = 1s (default)
2019-09-20 08:37:53,260 [9a6a84d6-ff22-4367-bab8-0f0e0dfb03ca:group-2A03F87585DB:LeaderElection44] INFO  server.RaftServerConfigKeys (ConfUtils.java:logGet(43)) - raft.server.watch.element-limit = 65536 (default)
2019-09-20 08:37:53,260 [9a6a84d6-ff22-4367-bab8-0f0e0dfb03ca:group-5C8E60B2333E:LeaderElection43] INFO  server.RaftServerConfigKeys (ConfUtils.java:logGet(43)) - raft.server.watch.element-limit = 65536 (default)
2019-09-20 08:37:53,260 [9a6a84d6-ff22-4367-bab8-0f0e0dfb03ca:group-2A03F87585DB:LeaderElection44] INFO  impl.RoleInfo (RoleInfo.java:updateAndGet(143)) - 9a6a84d6-ff22-4367-bab8-0f0e0dfb03ca: start LeaderState
2019-09-20 08:37:53,260 [9a6a84d6-ff22-4367-bab8-0f0e0dfb03ca:group-5C8E60B2333E:LeaderElection43] INFO  impl.RoleInfo (RoleInfo.java:updateAndGet(143)) - 9a6a84d6-ff22-4367-bab8-0f0e0dfb03ca: start LeaderState
2019-09-20 08:37:53,260 [9a6a84d6-ff22-4367-bab8-0f0e0dfb03ca:group-2A03F87585DB:LeaderElection44] INFO  segmented.SegmentedRaftLogWorker (SegmentedRaftLogWorker.java:startLogSegment(380)) - 9a6a84d6-ff22-4367-bab8-0f0e0dfb03ca-SegmentedRaftLogWorker:Storage Directory /workdir/hadoop-ozone/ozonefs/target/test-dir/MiniOzoneClusterImpl-855b8ead-b066-4f2a-ac82-4f38b96b29b6/datanode-2/data/ratis/6b0cac92-15fa-44dc-95a4-2a03f87585db: Starting segment from index:0
2019-09-20 08:37:53,260 [9a6a84d6-ff22-4367-bab8-0f0e0dfb03ca:group-5C8E60B2333E:LeaderElection43] INFO  segmented.SegmentedRaftLogWorker (SegmentedRaftLogWorker.java:startLogSegment(380)) - 9a6a84d6-ff22-4367-bab8-0f0e0dfb03ca-SegmentedRaftLogWorker:Storage Directory /workdir/hadoop-ozone/ozonefs/target/test-dir/MiniOzoneClusterImpl-855b8ead-b066-4f2a-ac82-4f38b96b29b6/datanode-2/data/ratis/bbebcf7a-4551-4571-90c5-5c8e60b2333e: Starting segment from index:0
2019-09-20 08:37:53,261 [9a6a84d6-ff22-4367-bab8-0f0e0dfb03ca:group-2A03F87585DB:LeaderElection44] INFO  impl.RaftServerImpl (ServerState.java:setRaftConf(361)) - 9a6a84d6-ff22-4367-bab8-0f0e0dfb03ca:group-2A03F87585DB set configuration 0: [9a6a84d6-ff22-4367-bab8-0f0e0dfb03ca:192.168.36.79:39089], old=null at 0
2019-09-20 08:37:53,261 [9a6a84d6-ff22-4367-bab8-0f0e0dfb03ca:group-5C8E60B2333E:LeaderElection43] INFO  impl.RaftServerImpl (ServerState.java:setRaftConf(361)) - 9a6a84d6-ff22-4367-bab8-0f0e0dfb03ca:group-5C8E60B2333E set configuration 0: [9a6a84d6-ff22-4367-bab8-0f0e0dfb03ca:192.168.36.79:39089], old=null at 0
2019-09-20 08:37:53,297 [Thread-741] INFO  impl.FollowerState (FollowerState.java:run(106)) - 9a6a84d6-ff22-4367-bab8-0f0e0dfb03ca:group-05C04A736CA1 changes to CANDIDATE, lastRpcTime:5129, electionTimeout:5129ms
2019-09-20 08:37:53,297 [Thread-741] INFO  impl.RoleInfo (RoleInfo.java:shutdownFollowerState(121)) - 9a6a84d6-ff22-4367-bab8-0f0e0dfb03ca: shutdown FollowerState
2019-09-20 08:37:53,297 [Thread-741] INFO  impl.RaftServerImpl (RaftServerImpl.java:setRole(171)) - 9a6a84d6-ff22-4367-bab8-0f0e0dfb03ca:group-05C04A736CA1 changes role from FOLLOWER to CANDIDATE at term 0 for changeToCandidate
2019-09-20 08:37:53,297 [Thread-741] INFO  impl.RoleInfo (RoleInfo.java:updateAndGet(143)) - 9a6a84d6-ff22-4367-bab8-0f0e0dfb03ca: start LeaderElection
2019-09-20 08:37:53,309 [9a6a84d6-ff22-4367-bab8-0f0e0dfb03ca-SegmentedRaftLogWorker:Storage Directory /workdir/hadoop-ozone/ozonefs/target/test-dir/MiniOzoneClusterImpl-855b8ead-b066-4f2a-ac82-4f38b96b29b6/datanode-2/data/ratis/bbebcf7a-4551-4571-90c5-5c8e60b2333e] INFO  segmented.SegmentedRaftLogWorker (SegmentedRaftLogWorker.java:execute(569)) - 9a6a84d6-ff22-4367-bab8-0f0e0dfb03ca-SegmentedRaftLogWorker:Storage Directory /workdir/hadoop-ozone/ozonefs/target/test-dir/MiniOzoneClusterImpl-855b8ead-b066-4f2a-ac82-4f38b96b29b6/datanode-2/data/ratis/bbebcf7a-4551-4571-90c5-5c8e60b2333e: created new log segment /workdir/hadoop-ozone/ozonefs/target/test-dir/MiniOzoneClusterImpl-855b8ead-b066-4f2a-ac82-4f38b96b29b6/datanode-2/data/ratis/bbebcf7a-4551-4571-90c5-5c8e60b2333e/current/log_inprogress_0
2019-09-20 08:37:53,309 [9a6a84d6-ff22-4367-bab8-0f0e0dfb03ca-SegmentedRaftLogWorker:Storage Directory /workdir/hadoop-ozone/ozonefs/target/test-dir/MiniOzoneClusterImpl-855b8ead-b066-4f2a-ac82-4f38b96b29b6/datanode-2/data/ratis/6b0cac92-15fa-44dc-95a4-2a03f87585db] INFO  segmented.SegmentedRaftLogWorker (SegmentedRaftLogWorker.java:execute(569)) - 9a6a84d6-ff22-4367-bab8-0f0e0dfb03ca-SegmentedRaftLogWorker:Storage Directory /workdir/hadoop-ozone/ozonefs/target/test-dir/MiniOzoneClusterImpl-855b8ead-b066-4f2a-ac82-4f38b96b29b6/datanode-2/data/ratis/6b0cac92-15fa-44dc-95a4-2a03f87585db: created new log segment /workdir/hadoop-ozone/ozonefs/target/test-dir/MiniOzoneClusterImpl-855b8ead-b066-4f2a-ac82-4f38b96b29b6/datanode-2/data/ratis/6b0cac92-15fa-44dc-95a4-2a03f87585db/current/log_inprogress_0
2019-09-20 08:37:53,321 [Thread-747] INFO  impl.FollowerState (FollowerState.java:run(106)) - 9a6a84d6-ff22-4367-bab8-0f0e0dfb03ca:group-5DD9F5F6670F changes to CANDIDATE, lastRpcTime:5018, electionTimeout:5018ms
2019-09-20 08:37:53,321 [Thread-747] INFO  impl.RoleInfo (RoleInfo.java:shutdownFollowerState(121)) - 9a6a84d6-ff22-4367-bab8-0f0e0dfb03ca: shutdown FollowerState
2019-09-20 08:37:53,321 [Thread-747] INFO  impl.RaftServerImpl (RaftServerImpl.java:setRole(171)) - 9a6a84d6-ff22-4367-bab8-0f0e0dfb03ca:group-5DD9F5F6670F changes role from FOLLOWER to CANDIDATE at term 0 for changeToCandidate
2019-09-20 08:37:53,322 [Thread-747] INFO  impl.RoleInfo (RoleInfo.java:updateAndGet(143)) - 9a6a84d6-ff22-4367-bab8-0f0e0dfb03ca: start LeaderElection
2019-09-20 08:37:53,331 [9a6a84d6-ff22-4367-bab8-0f0e0dfb03ca:group-05C04A736CA1:LeaderElection45] INFO  impl.LeaderElection (LeaderElection.java:askForVotes(181)) - 9a6a84d6-ff22-4367-bab8-0f0e0dfb03ca:group-05C04A736CA1:LeaderElection45: begin an election at term 1 for -1: [9a6a84d6-ff22-4367-bab8-0f0e0dfb03ca:192.168.36.79:39089], old=null
2019-09-20 08:37:53,331 [9a6a84d6-ff22-4367-bab8-0f0e0dfb03ca:group-05C04A736CA1:LeaderElection45] INFO  impl.RoleInfo (RoleInfo.java:shutdownLeaderElection(134)) - 9a6a84d6-ff22-4367-bab8-0f0e0dfb03ca: shutdown LeaderElection
2019-09-20 08:37:53,331 [9a6a84d6-ff22-4367-bab8-0f0e0dfb03ca:group-05C04A736CA1:LeaderElection45] INFO  impl.RaftServerImpl (RaftServerImpl.java:setRole(171)) - 9a6a84d6-ff22-4367-bab8-0f0e0dfb03ca:group-05C04A736CA1 changes role from CANDIDATE to LEADER at term 1 for changeToLeader
2019-09-20 08:37:53,331 [9a6a84d6-ff22-4367-bab8-0f0e0dfb03ca:group-05C04A736CA1:LeaderElection45] INFO  impl.RaftServerImpl (ServerState.java:setLeader(263)) - 9a6a84d6-ff22-4367-bab8-0f0e0dfb03ca:group-05C04A736CA1 change Leader from null to 9a6a84d6-ff22-4367-bab8-0f0e0dfb03ca at term 1 for becomeLeader, leader elected after 5168ms
2019-09-20 08:37:53,332 [9a6a84d6-ff22-4367-bab8-0f0e0dfb03ca:group-05C04A736CA1:LeaderElection45] INFO  server.RaftServerConfigKeys (ConfUtils.java:logGet(43)) - raft.server.staging.catchup.gap = 1000 (default)
2019-09-20 08:37:53,332 [9a6a84d6-ff22-4367-bab8-0f0e0dfb03ca:group-05C04A736CA1:LeaderElection45] INFO  server.RaftServerConfigKeys (ConfUtils.java:logGet(43)) - raft.server.rpc.sleep.time = 25ms (default)
2019-09-20 08:37:53,332 [9a6a84d6-ff22-4367-bab8-0f0e0dfb03ca:group-05C04A736CA1:LeaderElection45] INFO  server.RaftServerConfigKeys (ConfUtils.java:logGet(43)) - raft.server.write.element-limit = 4096 (default)
2019-09-20 08:37:53,332 [9a6a84d6-ff22-4367-bab8-0f0e0dfb03ca:group-05C04A736CA1:LeaderElection45] INFO  server.RaftServerConfigKeys (ConfUtils.java:logGet(43)) - raft.server.watch.timeout = 10s (default)
2019-09-20 08:37:53,332 [9a6a84d6-ff22-4367-bab8-0f0e0dfb03ca:group-05C04A736CA1:LeaderElection45] INFO  server.RaftServerConfigKeys (ConfUtils.java:logGet(43)) - raft.server.watch.timeout.denomination = 1s (default)
2019-09-20 08:37:53,332 [9a6a84d6-ff22-4367-bab8-0f0e0dfb03ca:group-05C04A736CA1:LeaderElection45] INFO  server.RaftServerConfigKeys (ConfUtils.java:logGet(43)) - raft.server.watch.element-limit = 65536 (default)
2019-09-20 08:37:53,332 [9a6a84d6-ff22-4367-bab8-0f0e0dfb03ca:group-05C04A736CA1:LeaderElection45] INFO  impl.RoleInfo (RoleInfo.java:updateAndGet(143)) - 9a6a84d6-ff22-4367-bab8-0f0e0dfb03ca: start LeaderState
2019-09-20 08:37:53,333 [9a6a84d6-ff22-4367-bab8-0f0e0dfb03ca:group-05C04A736CA1:LeaderElection45] INFO  segmented.SegmentedRaftLogWorker (SegmentedRaftLogWorker.java:startLogSegment(380)) - 9a6a84d6-ff22-4367-bab8-0f0e0dfb03ca-SegmentedRaftLogWorker:Storage Directory /workdir/hadoop-ozone/ozonefs/target/test-dir/MiniOzoneClusterImpl-855b8ead-b066-4f2a-ac82-4f38b96b29b6/datanode-2/data/ratis/3026be1f-bce2-4b8e-9f2c-05c04a736ca1: Starting segment from index:0
2019-09-20 08:37:53,333 [9a6a84d6-ff22-4367-bab8-0f0e0dfb03ca:group-05C04A736CA1:LeaderElection45] INFO  impl.RaftServerImpl (ServerState.java:setRaftConf(361)) - 9a6a84d6-ff22-4367-bab8-0f0e0dfb03ca:group-05C04A736CA1 set configuration 0: [9a6a84d6-ff22-4367-bab8-0f0e0dfb03ca:192.168.36.79:39089], old=null at 0
2019-09-20 08:37:53,364 [9a6a84d6-ff22-4367-bab8-0f0e0dfb03ca:group-5DD9F5F6670F:LeaderElection46] INFO  impl.LeaderElection (LeaderElection.java:askForVotes(181)) - 9a6a84d6-ff22-4367-bab8-0f0e0dfb03ca:group-5DD9F5F6670F:LeaderElection46: begin an election at term 1 for -1: [9a6a84d6-ff22-4367-bab8-0f0e0dfb03ca:192.168.36.79:39089], old=null
2019-09-20 08:37:53,364 [9a6a84d6-ff22-4367-bab8-0f0e0dfb03ca:group-5DD9F5F6670F:LeaderElection46] INFO  impl.RoleInfo (RoleInfo.java:shutdownLeaderElection(134)) - 9a6a84d6-ff22-4367-bab8-0f0e0dfb03ca: shutdown LeaderElection
2019-09-20 08:37:53,364 [9a6a84d6-ff22-4367-bab8-0f0e0dfb03ca:group-5DD9F5F6670F:LeaderElection46] INFO  impl.RaftServerImpl (RaftServerImpl.java:setRole(171)) - 9a6a84d6-ff22-4367-bab8-0f0e0dfb03ca:group-5DD9F5F6670F changes role from CANDIDATE to LEADER at term 1 for changeToLeader
2019-09-20 08:37:53,364 [9a6a84d6-ff22-4367-bab8-0f0e0dfb03ca:group-5DD9F5F6670F:LeaderElection46] INFO  impl.RaftServerImpl (ServerState.java:setLeader(263)) - 9a6a84d6-ff22-4367-bab8-0f0e0dfb03ca:group-5DD9F5F6670F change Leader from null to 9a6a84d6-ff22-4367-bab8-0f0e0dfb03ca at term 1 for becomeLeader, leader elected after 5066ms
2019-09-20 08:37:53,364 [9a6a84d6-ff22-4367-bab8-0f0e0dfb03ca:group-5DD9F5F6670F:LeaderElection46] INFO  server.RaftServerConfigKeys (ConfUtils.java:logGet(43)) - raft.server.staging.catchup.gap = 1000 (default)
2019-09-20 08:37:53,365 [9a6a84d6-ff22-4367-bab8-0f0e0dfb03ca:group-5DD9F5F6670F:LeaderElection46] INFO  server.RaftServerConfigKeys (ConfUtils.java:logGet(43)) - raft.server.rpc.sleep.time = 25ms (default)
2019-09-20 08:37:53,365 [9a6a84d6-ff22-4367-bab8-0f0e0dfb03ca:group-5DD9F5F6670F:LeaderElection46] INFO  server.RaftServerConfigKeys (ConfUtils.java:logGet(43)) - raft.server.write.element-limit = 4096 (default)
2019-09-20 08:37:53,365 [9a6a84d6-ff22-4367-bab8-0f0e0dfb03ca:group-5DD9F5F6670F:LeaderElection46] INFO  server.RaftServerConfigKeys (ConfUtils.java:logGet(43)) - raft.server.watch.timeout = 10s (default)
2019-09-20 08:37:53,365 [9a6a84d6-ff22-4367-bab8-0f0e0dfb03ca:group-5DD9F5F6670F:LeaderElection46] INFO  server.RaftServerConfigKeys (ConfUtils.java:logGet(43)) - raft.server.watch.timeout.denomination = 1s (default)
2019-09-20 08:37:53,365 [9a6a84d6-ff22-4367-bab8-0f0e0dfb03ca:group-5DD9F5F6670F:LeaderElection46] INFO  server.RaftServerConfigKeys (ConfUtils.java:logGet(43)) - raft.server.watch.element-limit = 65536 (default)
2019-09-20 08:37:53,365 [9a6a84d6-ff22-4367-bab8-0f0e0dfb03ca:group-5DD9F5F6670F:LeaderElection46] INFO  impl.RoleInfo (RoleInfo.java:updateAndGet(143)) - 9a6a84d6-ff22-4367-bab8-0f0e0dfb03ca: start LeaderState
2019-09-20 08:37:53,365 [9a6a84d6-ff22-4367-bab8-0f0e0dfb03ca:group-5DD9F5F6670F:LeaderElection46] INFO  segmented.SegmentedRaftLogWorker (SegmentedRaftLogWorker.java:startLogSegment(380)) - 9a6a84d6-ff22-4367-bab8-0f0e0dfb03ca-SegmentedRaftLogWorker:Storage Directory /workdir/hadoop-ozone/ozonefs/target/test-dir/MiniOzoneClusterImpl-855b8ead-b066-4f2a-ac82-4f38b96b29b6/datanode-2/data/ratis/30e5f97a-b786-4652-a5cd-5dd9f5f6670f: Starting segment from index:0
2019-09-20 08:37:53,366 [9a6a84d6-ff22-4367-bab8-0f0e0dfb03ca:group-5DD9F5F6670F:LeaderElection46] INFO  impl.RaftServerImpl (ServerState.java:setRaftConf(361)) - 9a6a84d6-ff22-4367-bab8-0f0e0dfb03ca:group-5DD9F5F6670F set configuration 0: [9a6a84d6-ff22-4367-bab8-0f0e0dfb03ca:192.168.36.79:39089], old=null at 0
2019-09-20 08:37:53,402 [9a6a84d6-ff22-4367-bab8-0f0e0dfb03ca-SegmentedRaftLogWorker:Storage Directory /workdir/hadoop-ozone/ozonefs/target/test-dir/MiniOzoneClusterImpl-855b8ead-b066-4f2a-ac82-4f38b96b29b6/datanode-2/data/ratis/30e5f97a-b786-4652-a5cd-5dd9f5f6670f] INFO  segmented.SegmentedRaftLogWorker (SegmentedRaftLogWorker.java:execute(569)) - 9a6a84d6-ff22-4367-bab8-0f0e0dfb03ca-SegmentedRaftLogWorker:Storage Directory /workdir/hadoop-ozone/ozonefs/target/test-dir/MiniOzoneClusterImpl-855b8ead-b066-4f2a-ac82-4f38b96b29b6/datanode-2/data/ratis/30e5f97a-b786-4652-a5cd-5dd9f5f6670f: created new log segment /workdir/hadoop-ozone/ozonefs/target/test-dir/MiniOzoneClusterImpl-855b8ead-b066-4f2a-ac82-4f38b96b29b6/datanode-2/data/ratis/30e5f97a-b786-4652-a5cd-5dd9f5f6670f/current/log_inprogress_0
2019-09-20 08:37:53,402 [9a6a84d6-ff22-4367-bab8-0f0e0dfb03ca-SegmentedRaftLogWorker:Storage Directory /workdir/hadoop-ozone/ozonefs/target/test-dir/MiniOzoneClusterImpl-855b8ead-b066-4f2a-ac82-4f38b96b29b6/datanode-2/data/ratis/3026be1f-bce2-4b8e-9f2c-05c04a736ca1] INFO  segmented.SegmentedRaftLogWorker (SegmentedRaftLogWorker.java:execute(569)) - 9a6a84d6-ff22-4367-bab8-0f0e0dfb03ca-SegmentedRaftLogWorker:Storage Directory /workdir/hadoop-ozone/ozonefs/target/test-dir/MiniOzoneClusterImpl-855b8ead-b066-4f2a-ac82-4f38b96b29b6/datanode-2/data/ratis/3026be1f-bce2-4b8e-9f2c-05c04a736ca1: created new log segment /workdir/hadoop-ozone/ozonefs/target/test-dir/MiniOzoneClusterImpl-855b8ead-b066-4f2a-ac82-4f38b96b29b6/datanode-2/data/ratis/3026be1f-bce2-4b8e-9f2c-05c04a736ca1/current/log_inprogress_0
2019-09-20 08:37:53,435 [Thread-750] INFO  impl.FollowerState (FollowerState.java:run(106)) - 9a6a84d6-ff22-4367-bab8-0f0e0dfb03ca:group-415EB254C837 changes to CANDIDATE, lastRpcTime:5073, electionTimeout:5073ms
2019-09-20 08:37:53,435 [Thread-750] INFO  impl.RoleInfo (RoleInfo.java:shutdownFollowerState(121)) - 9a6a84d6-ff22-4367-bab8-0f0e0dfb03ca: shutdown FollowerState
2019-09-20 08:37:53,435 [Thread-750] INFO  impl.RaftServerImpl (RaftServerImpl.java:setRole(171)) - 9a6a84d6-ff22-4367-bab8-0f0e0dfb03ca:group-415EB254C837 changes role from FOLLOWER to CANDIDATE at term 0 for changeToCandidate
2019-09-20 08:37:53,436 [Thread-750] INFO  impl.RoleInfo (RoleInfo.java:updateAndGet(143)) - 9a6a84d6-ff22-4367-bab8-0f0e0dfb03ca: start LeaderElection
2019-09-20 08:37:53,475 [9a6a84d6-ff22-4367-bab8-0f0e0dfb03ca:group-415EB254C837:LeaderElection47] INFO  impl.LeaderElection (LeaderElection.java:askForVotes(181)) - 9a6a84d6-ff22-4367-bab8-0f0e0dfb03ca:group-415EB254C837:LeaderElection47: begin an election at term 1 for -1: [9a6a84d6-ff22-4367-bab8-0f0e0dfb03ca:192.168.36.79:39089], old=null
2019-09-20 08:37:53,475 [9a6a84d6-ff22-4367-bab8-0f0e0dfb03ca:group-415EB254C837:LeaderElection47] INFO  impl.RoleInfo (RoleInfo.java:shutdownLeaderElection(134)) - 9a6a84d6-ff22-4367-bab8-0f0e0dfb03ca: shutdown LeaderElection
2019-09-20 08:37:53,475 [9a6a84d6-ff22-4367-bab8-0f0e0dfb03ca:group-415EB254C837:LeaderElection47] INFO  impl.RaftServerImpl (RaftServerImpl.java:setRole(171)) - 9a6a84d6-ff22-4367-bab8-0f0e0dfb03ca:group-415EB254C837 changes role from CANDIDATE to LEADER at term 1 for changeToLeader
2019-09-20 08:37:53,475 [9a6a84d6-ff22-4367-bab8-0f0e0dfb03ca:group-415EB254C837:LeaderElection47] INFO  impl.RaftServerImpl (ServerState.java:setLeader(263)) - 9a6a84d6-ff22-4367-bab8-0f0e0dfb03ca:group-415EB254C837 change Leader from null to 9a6a84d6-ff22-4367-bab8-0f0e0dfb03ca at term 1 for becomeLeader, leader elected after 5118ms
2019-09-20 08:37:53,476 [9a6a84d6-ff22-4367-bab8-0f0e0dfb03ca:group-415EB254C837:LeaderElection47] INFO  server.RaftServerConfigKeys (ConfUtils.java:logGet(43)) - raft.server.staging.catchup.gap = 1000 (default)
2019-09-20 08:37:53,476 [9a6a84d6-ff22-4367-bab8-0f0e0dfb03ca:group-415EB254C837:LeaderElection47] INFO  server.RaftServerConfigKeys (ConfUtils.java:logGet(43)) - raft.server.rpc.sleep.time = 25ms (default)
2019-09-20 08:37:53,476 [9a6a84d6-ff22-4367-bab8-0f0e0dfb03ca:group-415EB254C837:LeaderElection47] INFO  server.RaftServerConfigKeys (ConfUtils.java:logGet(43)) - raft.server.write.element-limit = 4096 (default)
2019-09-20 08:37:53,476 [9a6a84d6-ff22-4367-bab8-0f0e0dfb03ca:group-415EB254C837:LeaderElection47] INFO  server.RaftServerConfigKeys (ConfUtils.java:logGet(43)) - raft.server.watch.timeout = 10s (default)
2019-09-20 08:37:53,476 [9a6a84d6-ff22-4367-bab8-0f0e0dfb03ca:group-415EB254C837:LeaderElection47] INFO  server.RaftServerConfigKeys (ConfUtils.java:logGet(43)) - raft.server.watch.timeout.denomination = 1s (default)
2019-09-20 08:37:53,476 [9a6a84d6-ff22-4367-bab8-0f0e0dfb03ca:group-415EB254C837:LeaderElection47] INFO  server.RaftServerConfigKeys (ConfUtils.java:logGet(43)) - raft.server.watch.element-limit = 65536 (default)
2019-09-20 08:37:53,477 [9a6a84d6-ff22-4367-bab8-0f0e0dfb03ca:group-415EB254C837:LeaderElection47] INFO  impl.RoleInfo (RoleInfo.java:updateAndGet(143)) - 9a6a84d6-ff22-4367-bab8-0f0e0dfb03ca: start LeaderState
2019-09-20 08:37:53,477 [9a6a84d6-ff22-4367-bab8-0f0e0dfb03ca:group-415EB254C837:LeaderElection47] INFO  segmented.SegmentedRaftLogWorker (SegmentedRaftLogWorker.java:startLogSegment(380)) - 9a6a84d6-ff22-4367-bab8-0f0e0dfb03ca-SegmentedRaftLogWorker:Storage Directory /workdir/hadoop-ozone/ozonefs/target/test-dir/MiniOzoneClusterImpl-855b8ead-b066-4f2a-ac82-4f38b96b29b6/datanode-2/data/ratis/2567cfd5-5b2a-48ce-b306-415eb254c837: Starting segment from index:0
2019-09-20 08:37:53,478 [9a6a84d6-ff22-4367-bab8-0f0e0dfb03ca:group-415EB254C837:LeaderElection47] INFO  impl.RaftServerImpl (ServerState.java:setRaftConf(361)) - 9a6a84d6-ff22-4367-bab8-0f0e0dfb03ca:group-415EB254C837 set configuration 0: [9a6a84d6-ff22-4367-bab8-0f0e0dfb03ca:192.168.36.79:39089], old=null at 0
2019-09-20 08:37:53,525 [9a6a84d6-ff22-4367-bab8-0f0e0dfb03ca-SegmentedRaftLogWorker:Storage Directory /workdir/hadoop-ozone/ozonefs/target/test-dir/MiniOzoneClusterImpl-855b8ead-b066-4f2a-ac82-4f38b96b29b6/datanode-2/data/ratis/2567cfd5-5b2a-48ce-b306-415eb254c837] INFO  segmented.SegmentedRaftLogWorker (SegmentedRaftLogWorker.java:execute(569)) - 9a6a84d6-ff22-4367-bab8-0f0e0dfb03ca-SegmentedRaftLogWorker:Storage Directory /workdir/hadoop-ozone/ozonefs/target/test-dir/MiniOzoneClusterImpl-855b8ead-b066-4f2a-ac82-4f38b96b29b6/datanode-2/data/ratis/2567cfd5-5b2a-48ce-b306-415eb254c837: created new log segment /workdir/hadoop-ozone/ozonefs/target/test-dir/MiniOzoneClusterImpl-855b8ead-b066-4f2a-ac82-4f38b96b29b6/datanode-2/data/ratis/2567cfd5-5b2a-48ce-b306-415eb254c837/current/log_inprogress_0
2019-09-20 08:37:53,633 | INFO  | SCMAudit | user=jenkins1000 | ip=192.168.36.79 | op=SEND_HEARTBEAT {datanodeUUID=9a6a84d6-ff22-4367-bab8-0f0e0dfb03ca, command=[]} | ret=SUCCESS |  
2019-09-20 08:37:53,944 [Thread-525] INFO  ozoneimpl.OzoneContainer (OzoneContainer.java:stop(199)) - Attempting to stop container services.
2019-09-20 08:37:53,944 [ForkJoinPool.commonPool-worker-0] INFO  ozoneimpl.OzoneContainer (OzoneContainer.java:stop(199)) - Attempting to stop container services.
2019-09-20 08:37:53,944 [Thread-525] INFO  impl.RaftServerProxy (RaftServerProxy.java:lambda$close$4(314)) - b889c58e-4fe0-4be9-9092-901247a80a4f: close
2019-09-20 08:37:53,945 [ForkJoinPool.commonPool-worker-0] INFO  impl.RaftServerProxy (RaftServerProxy.java:lambda$close$4(314)) - f0549359-73a8-43a9-8479-5d696f050b37: close
2019-09-20 08:37:53,945 [Thread-525] INFO  impl.RaftServerImpl (RaftServerImpl.java:lambda$shutdown$3(245)) - b889c58e-4fe0-4be9-9092-901247a80a4f: shutdown group-F734B7ECB14B
2019-09-20 08:37:53,945 [ForkJoinPool.commonPool-worker-0] INFO  impl.RaftServerImpl (RaftServerImpl.java:lambda$shutdown$3(245)) - f0549359-73a8-43a9-8479-5d696f050b37: shutdown group-1D25BBD3F93A
2019-09-20 08:37:53,946 [Thread-525] INFO  util.JmxRegister (JmxRegister.java:unregister(73)) - Successfully un-registered JMX Bean with object name Ratis:service=RaftServer,group=group-F734B7ECB14B,id=b889c58e-4fe0-4be9-9092-901247a80a4f
2019-09-20 08:37:53,946 [ForkJoinPool.commonPool-worker-0] INFO  util.JmxRegister (JmxRegister.java:unregister(73)) - Successfully un-registered JMX Bean with object name Ratis:service=RaftServer,group=group-1D25BBD3F93A,id=f0549359-73a8-43a9-8479-5d696f050b37
2019-09-20 08:37:53,947 [Thread-525] INFO  impl.RoleInfo (RoleInfo.java:shutdownLeaderState(104)) - b889c58e-4fe0-4be9-9092-901247a80a4f: shutdown LeaderState
2019-09-20 08:37:53,948 [ForkJoinPool.commonPool-worker-0] INFO  impl.RoleInfo (RoleInfo.java:shutdownLeaderState(104)) - f0549359-73a8-43a9-8479-5d696f050b37: shutdown LeaderState
2019-09-20 08:37:53,948 [Thread-525] INFO  impl.PendingRequests (PendingRequests.java:sendNotLeaderResponses(202)) - b889c58e-4fe0-4be9-9092-901247a80a4f-PendingRequests: sendNotLeaderResponses
2019-09-20 08:37:53,948 [ForkJoinPool.commonPool-worker-0] INFO  impl.PendingRequests (PendingRequests.java:sendNotLeaderResponses(202)) - f0549359-73a8-43a9-8479-5d696f050b37-PendingRequests: sendNotLeaderResponses
2019-09-20 08:37:53,949 [Thread-525] INFO  impl.StateMachineUpdater (StateMachineUpdater.java:stopAndJoin(115)) - StateMachineUpdater:b889c58e-4fe0-4be9-9092-901247a80a4f:group-F734B7ECB14B: set stopIndex = 0
2019-09-20 08:37:53,949 [ForkJoinPool.commonPool-worker-0] INFO  impl.StateMachineUpdater (StateMachineUpdater.java:stopAndJoin(115)) - StateMachineUpdater:f0549359-73a8-43a9-8479-5d696f050b37:group-1D25BBD3F93A: set stopIndex = 0
2019-09-20 08:37:53,949 [Thread-525] INFO  impl.RaftServerImpl (ServerState.java:close(394)) - b889c58e-4fe0-4be9-9092-901247a80a4f:group-F734B7ECB14B closes. The last applied log index is 0
2019-09-20 08:37:53,950 [ForkJoinPool.commonPool-worker-0] INFO  impl.RaftServerImpl (ServerState.java:close(394)) - f0549359-73a8-43a9-8479-5d696f050b37:group-1D25BBD3F93A closes. The last applied log index is 0
2019-09-20 08:37:53,950 [b889c58e-4fe0-4be9-9092-901247a80a4f-SegmentedRaftLogWorker:Storage Directory /workdir/hadoop-ozone/ozonefs/target/test-dir/MiniOzoneClusterImpl-855b8ead-b066-4f2a-ac82-4f38b96b29b6/datanode-1/data/ratis/87e5bc65-429f-4222-aebf-f734b7ecb14b] INFO  segmented.SegmentedRaftLogWorker (SegmentedRaftLogWorker.java:run(313)) - b889c58e-4fe0-4be9-9092-901247a80a4f-SegmentedRaftLogWorker:Storage Directory /workdir/hadoop-ozone/ozonefs/target/test-dir/MiniOzoneClusterImpl-855b8ead-b066-4f2a-ac82-4f38b96b29b6/datanode-1/data/ratis/87e5bc65-429f-4222-aebf-f734b7ecb14b was interrupted, exiting. There are 0 tasks remaining in the queue.
2019-09-20 08:37:53,950 [f0549359-73a8-43a9-8479-5d696f050b37-SegmentedRaftLogWorker:Storage Directory /workdir/hadoop-ozone/ozonefs/target/test-dir/MiniOzoneClusterImpl-855b8ead-b066-4f2a-ac82-4f38b96b29b6/datanode-0/data/ratis/2122690c-a257-497a-a6ff-1d25bbd3f93a] INFO  segmented.SegmentedRaftLogWorker (SegmentedRaftLogWorker.java:run(313)) - f0549359-73a8-43a9-8479-5d696f050b37-SegmentedRaftLogWorker:Storage Directory /workdir/hadoop-ozone/ozonefs/target/test-dir/MiniOzoneClusterImpl-855b8ead-b066-4f2a-ac82-4f38b96b29b6/datanode-0/data/ratis/2122690c-a257-497a-a6ff-1d25bbd3f93a was interrupted, exiting. There are 0 tasks remaining in the queue.
2019-09-20 08:37:53,951 [ForkJoinPool.commonPool-worker-0] INFO  segmented.SegmentedRaftLogWorker (SegmentedRaftLogWorker.java:close(228)) - f0549359-73a8-43a9-8479-5d696f050b37-SegmentedRaftLogWorker:Storage Directory /workdir/hadoop-ozone/ozonefs/target/test-dir/MiniOzoneClusterImpl-855b8ead-b066-4f2a-ac82-4f38b96b29b6/datanode-0/data/ratis/2122690c-a257-497a-a6ff-1d25bbd3f93a close()
2019-09-20 08:37:53,951 [Thread-525] INFO  segmented.SegmentedRaftLogWorker (SegmentedRaftLogWorker.java:close(228)) - b889c58e-4fe0-4be9-9092-901247a80a4f-SegmentedRaftLogWorker:Storage Directory /workdir/hadoop-ozone/ozonefs/target/test-dir/MiniOzoneClusterImpl-855b8ead-b066-4f2a-ac82-4f38b96b29b6/datanode-1/data/ratis/87e5bc65-429f-4222-aebf-f734b7ecb14b close()
2019-09-20 08:37:53,955 [ForkJoinPool.commonPool-worker-0] INFO  impl.RaftServerImpl (RaftServerImpl.java:lambda$shutdown$3(245)) - f0549359-73a8-43a9-8479-5d696f050b37: shutdown group-A043258D84E1
2019-09-20 08:37:53,957 [Thread-525] INFO  impl.RaftServerImpl (RaftServerImpl.java:lambda$shutdown$3(245)) - b889c58e-4fe0-4be9-9092-901247a80a4f: shutdown group-61667F0676A5
2019-09-20 08:37:53,957 [ForkJoinPool.commonPool-worker-0] INFO  util.JmxRegister (JmxRegister.java:unregister(73)) - Successfully un-registered JMX Bean with object name Ratis:service=RaftServer,group=group-A043258D84E1,id=f0549359-73a8-43a9-8479-5d696f050b37
2019-09-20 08:37:53,957 [Thread-525] INFO  util.JmxRegister (JmxRegister.java:unregister(73)) - Successfully un-registered JMX Bean with object name Ratis:service=RaftServer,group=group-61667F0676A5,id=b889c58e-4fe0-4be9-9092-901247a80a4f
2019-09-20 08:37:53,957 [ForkJoinPool.commonPool-worker-0] INFO  impl.RoleInfo (RoleInfo.java:shutdownLeaderState(104)) - f0549359-73a8-43a9-8479-5d696f050b37: shutdown LeaderState
2019-09-20 08:37:53,958 [Thread-525] INFO  impl.RoleInfo (RoleInfo.java:shutdownLeaderState(104)) - b889c58e-4fe0-4be9-9092-901247a80a4f: shutdown LeaderState
2019-09-20 08:37:53,958 [ForkJoinPool.commonPool-worker-0] INFO  impl.PendingRequests (PendingRequests.java:sendNotLeaderResponses(202)) - f0549359-73a8-43a9-8479-5d696f050b37-PendingRequests: sendNotLeaderResponses
2019-09-20 08:37:53,958 [Thread-525] INFO  impl.PendingRequests (PendingRequests.java:sendNotLeaderResponses(202)) - b889c58e-4fe0-4be9-9092-901247a80a4f-PendingRequests: sendNotLeaderResponses
2019-09-20 08:37:53,959 [ForkJoinPool.commonPool-worker-0] INFO  impl.StateMachineUpdater (StateMachineUpdater.java:stopAndJoin(115)) - StateMachineUpdater:f0549359-73a8-43a9-8479-5d696f050b37:group-A043258D84E1: set stopIndex = 0
2019-09-20 08:37:53,959 [Thread-525] INFO  impl.StateMachineUpdater (StateMachineUpdater.java:stopAndJoin(115)) - StateMachineUpdater:b889c58e-4fe0-4be9-9092-901247a80a4f:group-61667F0676A5: set stopIndex = 0
2019-09-20 08:37:53,959 [ForkJoinPool.commonPool-worker-0] INFO  impl.RaftServerImpl (ServerState.java:close(394)) - f0549359-73a8-43a9-8479-5d696f050b37:group-A043258D84E1 closes. The last applied log index is 0
2019-09-20 08:37:53,960 [Thread-525] INFO  impl.RaftServerImpl (ServerState.java:close(394)) - b889c58e-4fe0-4be9-9092-901247a80a4f:group-61667F0676A5 closes. The last applied log index is 0
2019-09-20 08:37:53,960 [f0549359-73a8-43a9-8479-5d696f050b37-SegmentedRaftLogWorker:Storage Directory /workdir/hadoop-ozone/ozonefs/target/test-dir/MiniOzoneClusterImpl-855b8ead-b066-4f2a-ac82-4f38b96b29b6/datanode-0/data/ratis/63ab3dc6-b9bf-4214-b529-a043258d84e1] INFO  segmented.SegmentedRaftLogWorker (SegmentedRaftLogWorker.java:run(313)) - f0549359-73a8-43a9-8479-5d696f050b37-SegmentedRaftLogWorker:Storage Directory /workdir/hadoop-ozone/ozonefs/target/test-dir/MiniOzoneClusterImpl-855b8ead-b066-4f2a-ac82-4f38b96b29b6/datanode-0/data/ratis/63ab3dc6-b9bf-4214-b529-a043258d84e1 was interrupted, exiting. There are 0 tasks remaining in the queue.
2019-09-20 08:37:53,960 [b889c58e-4fe0-4be9-9092-901247a80a4f-SegmentedRaftLogWorker:Storage Directory /workdir/hadoop-ozone/ozonefs/target/test-dir/MiniOzoneClusterImpl-855b8ead-b066-4f2a-ac82-4f38b96b29b6/datanode-1/data/ratis/87a105ff-f5f4-46ca-8c06-61667f0676a5] INFO  segmented.SegmentedRaftLogWorker (SegmentedRaftLogWorker.java:run(313)) - b889c58e-4fe0-4be9-9092-901247a80a4f-SegmentedRaftLogWorker:Storage Directory /workdir/hadoop-ozone/ozonefs/target/test-dir/MiniOzoneClusterImpl-855b8ead-b066-4f2a-ac82-4f38b96b29b6/datanode-1/data/ratis/87a105ff-f5f4-46ca-8c06-61667f0676a5 was interrupted, exiting. There are 0 tasks remaining in the queue.
2019-09-20 08:37:53,960 [ForkJoinPool.commonPool-worker-0] INFO  segmented.SegmentedRaftLogWorker (SegmentedRaftLogWorker.java:close(228)) - f0549359-73a8-43a9-8479-5d696f050b37-SegmentedRaftLogWorker:Storage Directory /workdir/hadoop-ozone/ozonefs/target/test-dir/MiniOzoneClusterImpl-855b8ead-b066-4f2a-ac82-4f38b96b29b6/datanode-0/data/ratis/63ab3dc6-b9bf-4214-b529-a043258d84e1 close()
2019-09-20 08:37:53,961 [Thread-525] INFO  segmented.SegmentedRaftLogWorker (SegmentedRaftLogWorker.java:close(228)) - b889c58e-4fe0-4be9-9092-901247a80a4f-SegmentedRaftLogWorker:Storage Directory /workdir/hadoop-ozone/ozonefs/target/test-dir/MiniOzoneClusterImpl-855b8ead-b066-4f2a-ac82-4f38b96b29b6/datanode-1/data/ratis/87a105ff-f5f4-46ca-8c06-61667f0676a5 close()
2019-09-20 08:37:53,962 [ForkJoinPool.commonPool-worker-0] INFO  impl.RaftServerImpl (RaftServerImpl.java:lambda$shutdown$3(245)) - f0549359-73a8-43a9-8479-5d696f050b37: shutdown group-B116BEB23272
2019-09-20 08:37:53,963 [Thread-525] INFO  impl.RaftServerImpl (RaftServerImpl.java:lambda$shutdown$3(245)) - b889c58e-4fe0-4be9-9092-901247a80a4f: shutdown group-54BEFF5E7F9A
2019-09-20 08:37:53,963 [ForkJoinPool.commonPool-worker-0] INFO  util.JmxRegister (JmxRegister.java:unregister(73)) - Successfully un-registered JMX Bean with object name Ratis:service=RaftServer,group=group-B116BEB23272,id=f0549359-73a8-43a9-8479-5d696f050b37
2019-09-20 08:37:53,964 [Thread-525] INFO  util.JmxRegister (JmxRegister.java:unregister(73)) - Successfully un-registered JMX Bean with object name Ratis:service=RaftServer,group=group-54BEFF5E7F9A,id=b889c58e-4fe0-4be9-9092-901247a80a4f
2019-09-20 08:37:53,964 [ForkJoinPool.commonPool-worker-0] INFO  impl.RoleInfo (RoleInfo.java:shutdownLeaderState(104)) - f0549359-73a8-43a9-8479-5d696f050b37: shutdown LeaderState
2019-09-20 08:37:53,964 [Thread-525] INFO  impl.RoleInfo (RoleInfo.java:shutdownLeaderState(104)) - b889c58e-4fe0-4be9-9092-901247a80a4f: shutdown LeaderState
2019-09-20 08:37:53,965 [ForkJoinPool.commonPool-worker-0] INFO  impl.PendingRequests (PendingRequests.java:sendNotLeaderResponses(202)) - f0549359-73a8-43a9-8479-5d696f050b37-PendingRequests: sendNotLeaderResponses
2019-09-20 08:37:53,965 [Thread-525] INFO  impl.PendingRequests (PendingRequests.java:sendNotLeaderResponses(202)) - b889c58e-4fe0-4be9-9092-901247a80a4f-PendingRequests: sendNotLeaderResponses
2019-09-20 08:37:53,965 [ForkJoinPool.commonPool-worker-0] INFO  impl.StateMachineUpdater (StateMachineUpdater.java:stopAndJoin(115)) - StateMachineUpdater:f0549359-73a8-43a9-8479-5d696f050b37:group-B116BEB23272: set stopIndex = 0
2019-09-20 08:37:53,966 [Thread-525] INFO  impl.StateMachineUpdater (StateMachineUpdater.java:stopAndJoin(115)) - StateMachineUpdater:b889c58e-4fe0-4be9-9092-901247a80a4f:group-54BEFF5E7F9A: set stopIndex = 0
2019-09-20 08:37:53,966 [Thread-525] INFO  impl.RaftServerImpl (ServerState.java:close(394)) - b889c58e-4fe0-4be9-9092-901247a80a4f:group-54BEFF5E7F9A closes. The last applied log index is 0
2019-09-20 08:37:53,966 [ForkJoinPool.commonPool-worker-0] INFO  impl.RaftServerImpl (ServerState.java:close(394)) - f0549359-73a8-43a9-8479-5d696f050b37:group-B116BEB23272 closes. The last applied log index is 0
2019-09-20 08:37:53,966 [b889c58e-4fe0-4be9-9092-901247a80a4f-SegmentedRaftLogWorker:Storage Directory /workdir/hadoop-ozone/ozonefs/target/test-dir/MiniOzoneClusterImpl-855b8ead-b066-4f2a-ac82-4f38b96b29b6/datanode-1/data/ratis/a7233549-f23c-46ef-91a0-54beff5e7f9a] INFO  segmented.SegmentedRaftLogWorker (SegmentedRaftLogWorker.java:run(313)) - b889c58e-4fe0-4be9-9092-901247a80a4f-SegmentedRaftLogWorker:Storage Directory /workdir/hadoop-ozone/ozonefs/target/test-dir/MiniOzoneClusterImpl-855b8ead-b066-4f2a-ac82-4f38b96b29b6/datanode-1/data/ratis/a7233549-f23c-46ef-91a0-54beff5e7f9a was interrupted, exiting. There are 0 tasks remaining in the queue.
2019-09-20 08:37:53,967 [f0549359-73a8-43a9-8479-5d696f050b37-SegmentedRaftLogWorker:Storage Directory /workdir/hadoop-ozone/ozonefs/target/test-dir/MiniOzoneClusterImpl-855b8ead-b066-4f2a-ac82-4f38b96b29b6/datanode-0/data/ratis/099408e5-934f-4d8c-95b6-b116beb23272] INFO  segmented.SegmentedRaftLogWorker (SegmentedRaftLogWorker.java:run(313)) - f0549359-73a8-43a9-8479-5d696f050b37-SegmentedRaftLogWorker:Storage Directory /workdir/hadoop-ozone/ozonefs/target/test-dir/MiniOzoneClusterImpl-855b8ead-b066-4f2a-ac82-4f38b96b29b6/datanode-0/data/ratis/099408e5-934f-4d8c-95b6-b116beb23272 was interrupted, exiting. There are 0 tasks remaining in the queue.
2019-09-20 08:37:53,967 [Thread-525] INFO  segmented.SegmentedRaftLogWorker (SegmentedRaftLogWorker.java:close(228)) - b889c58e-4fe0-4be9-9092-901247a80a4f-SegmentedRaftLogWorker:Storage Directory /workdir/hadoop-ozone/ozonefs/target/test-dir/MiniOzoneClusterImpl-855b8ead-b066-4f2a-ac82-4f38b96b29b6/datanode-1/data/ratis/a7233549-f23c-46ef-91a0-54beff5e7f9a close()
2019-09-20 08:37:53,967 [ForkJoinPool.commonPool-worker-0] INFO  segmented.SegmentedRaftLogWorker (SegmentedRaftLogWorker.java:close(228)) - f0549359-73a8-43a9-8479-5d696f050b37-SegmentedRaftLogWorker:Storage Directory /workdir/hadoop-ozone/ozonefs/target/test-dir/MiniOzoneClusterImpl-855b8ead-b066-4f2a-ac82-4f38b96b29b6/datanode-0/data/ratis/099408e5-934f-4d8c-95b6-b116beb23272 close()
2019-09-20 08:37:53,968 [Thread-525] INFO  impl.RaftServerImpl (RaftServerImpl.java:lambda$shutdown$3(245)) - b889c58e-4fe0-4be9-9092-901247a80a4f: shutdown group-35919163E07D
2019-09-20 08:37:53,970 [ForkJoinPool.commonPool-worker-0] INFO  impl.RaftServerImpl (RaftServerImpl.java:lambda$shutdown$3(245)) - f0549359-73a8-43a9-8479-5d696f050b37: shutdown group-13125FA92646
2019-09-20 08:37:53,970 [Thread-525] INFO  util.JmxRegister (JmxRegister.java:unregister(73)) - Successfully un-registered JMX Bean with object name Ratis:service=RaftServer,group=group-35919163E07D,id=b889c58e-4fe0-4be9-9092-901247a80a4f
2019-09-20 08:37:53,970 [ForkJoinPool.commonPool-worker-0] INFO  util.JmxRegister (JmxRegister.java:unregister(73)) - Successfully un-registered JMX Bean with object name Ratis:service=RaftServer,group=group-13125FA92646,id=f0549359-73a8-43a9-8479-5d696f050b37
2019-09-20 08:37:53,970 [Thread-525] INFO  impl.RoleInfo (RoleInfo.java:shutdownLeaderState(104)) - b889c58e-4fe0-4be9-9092-901247a80a4f: shutdown LeaderState
2019-09-20 08:37:53,971 [ForkJoinPool.commonPool-worker-0] INFO  impl.RoleInfo (RoleInfo.java:shutdownLeaderState(104)) - f0549359-73a8-43a9-8479-5d696f050b37: shutdown LeaderState
2019-09-20 08:37:53,971 [Thread-525] INFO  impl.PendingRequests (PendingRequests.java:sendNotLeaderResponses(202)) - b889c58e-4fe0-4be9-9092-901247a80a4f-PendingRequests: sendNotLeaderResponses
2019-09-20 08:37:53,971 [ForkJoinPool.commonPool-worker-0] INFO  impl.PendingRequests (PendingRequests.java:sendNotLeaderResponses(202)) - f0549359-73a8-43a9-8479-5d696f050b37-PendingRequests: sendNotLeaderResponses
2019-09-20 08:37:53,972 [Thread-525] INFO  impl.StateMachineUpdater (StateMachineUpdater.java:stopAndJoin(115)) - StateMachineUpdater:b889c58e-4fe0-4be9-9092-901247a80a4f:group-35919163E07D: set stopIndex = 0
2019-09-20 08:37:53,972 [ForkJoinPool.commonPool-worker-0] INFO  impl.StateMachineUpdater (StateMachineUpdater.java:stopAndJoin(115)) - StateMachineUpdater:f0549359-73a8-43a9-8479-5d696f050b37:group-13125FA92646: set stopIndex = 0
2019-09-20 08:37:53,972 [Thread-525] INFO  impl.RaftServerImpl (ServerState.java:close(394)) - b889c58e-4fe0-4be9-9092-901247a80a4f:group-35919163E07D closes. The last applied log index is 0
2019-09-20 08:37:53,972 [ForkJoinPool.commonPool-worker-0] INFO  impl.RaftServerImpl (ServerState.java:close(394)) - f0549359-73a8-43a9-8479-5d696f050b37:group-13125FA92646 closes. The last applied log index is 0
2019-09-20 08:37:53,973 [b889c58e-4fe0-4be9-9092-901247a80a4f-SegmentedRaftLogWorker:Storage Directory /workdir/hadoop-ozone/ozonefs/target/test-dir/MiniOzoneClusterImpl-855b8ead-b066-4f2a-ac82-4f38b96b29b6/datanode-1/data/ratis/14c9fbe3-16a9-4311-82d4-35919163e07d] INFO  segmented.SegmentedRaftLogWorker (SegmentedRaftLogWorker.java:run(313)) - b889c58e-4fe0-4be9-9092-901247a80a4f-SegmentedRaftLogWorker:Storage Directory /workdir/hadoop-ozone/ozonefs/target/test-dir/MiniOzoneClusterImpl-855b8ead-b066-4f2a-ac82-4f38b96b29b6/datanode-1/data/ratis/14c9fbe3-16a9-4311-82d4-35919163e07d was interrupted, exiting. There are 0 tasks remaining in the queue.
2019-09-20 08:37:53,973 [f0549359-73a8-43a9-8479-5d696f050b37-SegmentedRaftLogWorker:Storage Directory /workdir/hadoop-ozone/ozonefs/target/test-dir/MiniOzoneClusterImpl-855b8ead-b066-4f2a-ac82-4f38b96b29b6/datanode-0/data/ratis/5169b976-3f82-465c-8527-13125fa92646] INFO  segmented.SegmentedRaftLogWorker (SegmentedRaftLogWorker.java:run(313)) - f0549359-73a8-43a9-8479-5d696f050b37-SegmentedRaftLogWorker:Storage Directory /workdir/hadoop-ozone/ozonefs/target/test-dir/MiniOzoneClusterImpl-855b8ead-b066-4f2a-ac82-4f38b96b29b6/datanode-0/data/ratis/5169b976-3f82-465c-8527-13125fa92646 was interrupted, exiting. There are 0 tasks remaining in the queue.
2019-09-20 08:37:53,973 [Thread-525] INFO  segmented.SegmentedRaftLogWorker (SegmentedRaftLogWorker.java:close(228)) - b889c58e-4fe0-4be9-9092-901247a80a4f-SegmentedRaftLogWorker:Storage Directory /workdir/hadoop-ozone/ozonefs/target/test-dir/MiniOzoneClusterImpl-855b8ead-b066-4f2a-ac82-4f38b96b29b6/datanode-1/data/ratis/14c9fbe3-16a9-4311-82d4-35919163e07d close()
2019-09-20 08:37:53,973 [ForkJoinPool.commonPool-worker-0] INFO  segmented.SegmentedRaftLogWorker (SegmentedRaftLogWorker.java:close(228)) - f0549359-73a8-43a9-8479-5d696f050b37-SegmentedRaftLogWorker:Storage Directory /workdir/hadoop-ozone/ozonefs/target/test-dir/MiniOzoneClusterImpl-855b8ead-b066-4f2a-ac82-4f38b96b29b6/datanode-0/data/ratis/5169b976-3f82-465c-8527-13125fa92646 close()
2019-09-20 08:37:53,975 [Thread-525] INFO  impl.RaftServerImpl (RaftServerImpl.java:lambda$shutdown$3(245)) - b889c58e-4fe0-4be9-9092-901247a80a4f: shutdown group-47FCE720E348
2019-09-20 08:37:53,976 [ForkJoinPool.commonPool-worker-0] INFO  impl.RaftServerImpl (RaftServerImpl.java:lambda$shutdown$3(245)) - f0549359-73a8-43a9-8479-5d696f050b37: shutdown group-8E0D6B7094F7
2019-09-20 08:37:53,976 [Thread-525] INFO  util.JmxRegister (JmxRegister.java:unregister(73)) - Successfully un-registered JMX Bean with object name Ratis:service=RaftServer,group=group-47FCE720E348,id=b889c58e-4fe0-4be9-9092-901247a80a4f
2019-09-20 08:37:53,976 [ForkJoinPool.commonPool-worker-0] INFO  util.JmxRegister (JmxRegister.java:unregister(73)) - Successfully un-registered JMX Bean with object name Ratis:service=RaftServer,group=group-8E0D6B7094F7,id=f0549359-73a8-43a9-8479-5d696f050b37
2019-09-20 08:37:53,977 [Thread-525] INFO  impl.RoleInfo (RoleInfo.java:shutdownLeaderState(104)) - b889c58e-4fe0-4be9-9092-901247a80a4f: shutdown LeaderState
2019-09-20 08:37:53,977 [ForkJoinPool.commonPool-worker-0] INFO  impl.RoleInfo (RoleInfo.java:shutdownLeaderState(104)) - f0549359-73a8-43a9-8479-5d696f050b37: shutdown LeaderState
2019-09-20 08:37:53,977 [Thread-525] INFO  impl.PendingRequests (PendingRequests.java:sendNotLeaderResponses(202)) - b889c58e-4fe0-4be9-9092-901247a80a4f-PendingRequests: sendNotLeaderResponses
2019-09-20 08:37:53,977 [ForkJoinPool.commonPool-worker-0] INFO  impl.PendingRequests (PendingRequests.java:sendNotLeaderResponses(202)) - f0549359-73a8-43a9-8479-5d696f050b37-PendingRequests: sendNotLeaderResponses
2019-09-20 08:37:53,978 [Thread-525] INFO  impl.StateMachineUpdater (StateMachineUpdater.java:stopAndJoin(115)) - StateMachineUpdater:b889c58e-4fe0-4be9-9092-901247a80a4f:group-47FCE720E348: set stopIndex = 0
2019-09-20 08:37:53,978 [ForkJoinPool.commonPool-worker-0] INFO  impl.StateMachineUpdater (StateMachineUpdater.java:stopAndJoin(115)) - StateMachineUpdater:f0549359-73a8-43a9-8479-5d696f050b37:group-8E0D6B7094F7: set stopIndex = 0
2019-09-20 08:37:53,978 [Thread-525] INFO  impl.RaftServerImpl (ServerState.java:close(394)) - b889c58e-4fe0-4be9-9092-901247a80a4f:group-47FCE720E348 closes. The last applied log index is 0
2019-09-20 08:37:53,978 [ForkJoinPool.commonPool-worker-0] INFO  impl.RaftServerImpl (ServerState.java:close(394)) - f0549359-73a8-43a9-8479-5d696f050b37:group-8E0D6B7094F7 closes. The last applied log index is 0
2019-09-20 08:37:53,979 [b889c58e-4fe0-4be9-9092-901247a80a4f-SegmentedRaftLogWorker:Storage Directory /workdir/hadoop-ozone/ozonefs/target/test-dir/MiniOzoneClusterImpl-855b8ead-b066-4f2a-ac82-4f38b96b29b6/datanode-1/data/ratis/0f63b613-f44f-4820-a6b1-47fce720e348] INFO  segmented.SegmentedRaftLogWorker (SegmentedRaftLogWorker.java:run(313)) - b889c58e-4fe0-4be9-9092-901247a80a4f-SegmentedRaftLogWorker:Storage Directory /workdir/hadoop-ozone/ozonefs/target/test-dir/MiniOzoneClusterImpl-855b8ead-b066-4f2a-ac82-4f38b96b29b6/datanode-1/data/ratis/0f63b613-f44f-4820-a6b1-47fce720e348 was interrupted, exiting. There are 0 tasks remaining in the queue.
2019-09-20 08:37:53,979 [f0549359-73a8-43a9-8479-5d696f050b37-SegmentedRaftLogWorker:Storage Directory /workdir/hadoop-ozone/ozonefs/target/test-dir/MiniOzoneClusterImpl-855b8ead-b066-4f2a-ac82-4f38b96b29b6/datanode-0/data/ratis/f17dee65-1f46-426f-aa87-8e0d6b7094f7] INFO  segmented.SegmentedRaftLogWorker (SegmentedRaftLogWorker.java:run(313)) - f0549359-73a8-43a9-8479-5d696f050b37-SegmentedRaftLogWorker:Storage Directory /workdir/hadoop-ozone/ozonefs/target/test-dir/MiniOzoneClusterImpl-855b8ead-b066-4f2a-ac82-4f38b96b29b6/datanode-0/data/ratis/f17dee65-1f46-426f-aa87-8e0d6b7094f7 was interrupted, exiting. There are 0 tasks remaining in the queue.
2019-09-20 08:37:53,979 [Thread-525] INFO  segmented.SegmentedRaftLogWorker (SegmentedRaftLogWorker.java:close(228)) - b889c58e-4fe0-4be9-9092-901247a80a4f-SegmentedRaftLogWorker:Storage Directory /workdir/hadoop-ozone/ozonefs/target/test-dir/MiniOzoneClusterImpl-855b8ead-b066-4f2a-ac82-4f38b96b29b6/datanode-1/data/ratis/0f63b613-f44f-4820-a6b1-47fce720e348 close()
2019-09-20 08:37:53,979 [ForkJoinPool.commonPool-worker-0] INFO  segmented.SegmentedRaftLogWorker (SegmentedRaftLogWorker.java:close(228)) - f0549359-73a8-43a9-8479-5d696f050b37-SegmentedRaftLogWorker:Storage Directory /workdir/hadoop-ozone/ozonefs/target/test-dir/MiniOzoneClusterImpl-855b8ead-b066-4f2a-ac82-4f38b96b29b6/datanode-0/data/ratis/f17dee65-1f46-426f-aa87-8e0d6b7094f7 close()
2019-09-20 08:37:53,981 [Thread-525] INFO  impl.RaftServerImpl (RaftServerImpl.java:lambda$shutdown$3(245)) - b889c58e-4fe0-4be9-9092-901247a80a4f: shutdown group-5F49CC59FABC
2019-09-20 08:37:53,982 [ForkJoinPool.commonPool-worker-0] INFO  impl.RaftServerImpl (RaftServerImpl.java:lambda$shutdown$3(245)) - f0549359-73a8-43a9-8479-5d696f050b37: shutdown group-A2B14922285D
2019-09-20 08:37:53,982 [Thread-525] INFO  util.JmxRegister (JmxRegister.java:unregister(73)) - Successfully un-registered JMX Bean with object name Ratis:service=RaftServer,group=group-5F49CC59FABC,id=b889c58e-4fe0-4be9-9092-901247a80a4f
2019-09-20 08:37:53,982 [ForkJoinPool.commonPool-worker-0] INFO  util.JmxRegister (JmxRegister.java:unregister(73)) - Successfully un-registered JMX Bean with object name Ratis:service=RaftServer,group=group-A2B14922285D,id=f0549359-73a8-43a9-8479-5d696f050b37
2019-09-20 08:37:53,982 [Thread-525] INFO  impl.RoleInfo (RoleInfo.java:shutdownLeaderState(104)) - b889c58e-4fe0-4be9-9092-901247a80a4f: shutdown LeaderState
2019-09-20 08:37:53,983 [ForkJoinPool.commonPool-worker-0] INFO  impl.RoleInfo (RoleInfo.java:shutdownLeaderState(104)) - f0549359-73a8-43a9-8479-5d696f050b37: shutdown LeaderState
2019-09-20 08:37:53,983 [Thread-525] INFO  impl.PendingRequests (PendingRequests.java:sendNotLeaderResponses(202)) - b889c58e-4fe0-4be9-9092-901247a80a4f-PendingRequests: sendNotLeaderResponses
2019-09-20 08:37:53,983 [ForkJoinPool.commonPool-worker-0] INFO  impl.PendingRequests (PendingRequests.java:sendNotLeaderResponses(202)) - f0549359-73a8-43a9-8479-5d696f050b37-PendingRequests: sendNotLeaderResponses
2019-09-20 08:37:53,984 [Thread-525] INFO  impl.StateMachineUpdater (StateMachineUpdater.java:stopAndJoin(115)) - StateMachineUpdater:b889c58e-4fe0-4be9-9092-901247a80a4f:group-5F49CC59FABC: set stopIndex = 0
2019-09-20 08:37:53,984 [ForkJoinPool.commonPool-worker-0] INFO  impl.StateMachineUpdater (StateMachineUpdater.java:stopAndJoin(115)) - StateMachineUpdater:f0549359-73a8-43a9-8479-5d696f050b37:group-A2B14922285D: set stopIndex = 0
2019-09-20 08:37:53,984 [Thread-525] INFO  impl.RaftServerImpl (ServerState.java:close(394)) - b889c58e-4fe0-4be9-9092-901247a80a4f:group-5F49CC59FABC closes. The last applied log index is 0
2019-09-20 08:37:53,984 [ForkJoinPool.commonPool-worker-0] INFO  impl.RaftServerImpl (ServerState.java:close(394)) - f0549359-73a8-43a9-8479-5d696f050b37:group-A2B14922285D closes. The last applied log index is 0
2019-09-20 08:37:53,985 [b889c58e-4fe0-4be9-9092-901247a80a4f-SegmentedRaftLogWorker:Storage Directory /workdir/hadoop-ozone/ozonefs/target/test-dir/MiniOzoneClusterImpl-855b8ead-b066-4f2a-ac82-4f38b96b29b6/datanode-1/data/ratis/a4034903-19f2-47fb-b0bb-5f49cc59fabc] INFO  segmented.SegmentedRaftLogWorker (SegmentedRaftLogWorker.java:run(313)) - b889c58e-4fe0-4be9-9092-901247a80a4f-SegmentedRaftLogWorker:Storage Directory /workdir/hadoop-ozone/ozonefs/target/test-dir/MiniOzoneClusterImpl-855b8ead-b066-4f2a-ac82-4f38b96b29b6/datanode-1/data/ratis/a4034903-19f2-47fb-b0bb-5f49cc59fabc was interrupted, exiting. There are 0 tasks remaining in the queue.
2019-09-20 08:37:53,985 [f0549359-73a8-43a9-8479-5d696f050b37-SegmentedRaftLogWorker:Storage Directory /workdir/hadoop-ozone/ozonefs/target/test-dir/MiniOzoneClusterImpl-855b8ead-b066-4f2a-ac82-4f38b96b29b6/datanode-0/data/ratis/8de04c45-7774-4612-b8e1-a2b14922285d] INFO  segmented.SegmentedRaftLogWorker (SegmentedRaftLogWorker.java:run(313)) - f0549359-73a8-43a9-8479-5d696f050b37-SegmentedRaftLogWorker:Storage Directory /workdir/hadoop-ozone/ozonefs/target/test-dir/MiniOzoneClusterImpl-855b8ead-b066-4f2a-ac82-4f38b96b29b6/datanode-0/data/ratis/8de04c45-7774-4612-b8e1-a2b14922285d was interrupted, exiting. There are 0 tasks remaining in the queue.
2019-09-20 08:37:53,985 [Thread-525] INFO  segmented.SegmentedRaftLogWorker (SegmentedRaftLogWorker.java:close(228)) - b889c58e-4fe0-4be9-9092-901247a80a4f-SegmentedRaftLogWorker:Storage Directory /workdir/hadoop-ozone/ozonefs/target/test-dir/MiniOzoneClusterImpl-855b8ead-b066-4f2a-ac82-4f38b96b29b6/datanode-1/data/ratis/a4034903-19f2-47fb-b0bb-5f49cc59fabc close()
2019-09-20 08:37:53,985 [ForkJoinPool.commonPool-worker-0] INFO  segmented.SegmentedRaftLogWorker (SegmentedRaftLogWorker.java:close(228)) - f0549359-73a8-43a9-8479-5d696f050b37-SegmentedRaftLogWorker:Storage Directory /workdir/hadoop-ozone/ozonefs/target/test-dir/MiniOzoneClusterImpl-855b8ead-b066-4f2a-ac82-4f38b96b29b6/datanode-0/data/ratis/8de04c45-7774-4612-b8e1-a2b14922285d close()
2019-09-20 08:37:53,987 [Thread-525] INFO  server.GrpcService (GrpcService.java:closeImpl(155)) - b889c58e-4fe0-4be9-9092-901247a80a4f: shutdown server with port 44889 now
2019-09-20 08:37:53,988 [ForkJoinPool.commonPool-worker-0] INFO  server.GrpcService (GrpcService.java:closeImpl(155)) - f0549359-73a8-43a9-8479-5d696f050b37: shutdown server with port 43263 now
2019-09-20 08:37:53,989 [Thread-525] INFO  server.GrpcService (GrpcService.java:closeImpl(163)) - b889c58e-4fe0-4be9-9092-901247a80a4f: shutdown server with port 44889 successfully
2019-09-20 08:37:53,990 [ForkJoinPool.commonPool-worker-0] INFO  server.GrpcService (GrpcService.java:closeImpl(163)) - f0549359-73a8-43a9-8479-5d696f050b37: shutdown server with port 43263 successfully
2019-09-20 08:37:53,992 [Thread-525] INFO  utils.BackgroundService (BackgroundService.java:shutdown(148)) - Shutting down service BlockDeletingService
2019-09-20 08:37:53,992 [ForkJoinPool.commonPool-worker-0] INFO  utils.BackgroundService (BackgroundService.java:shutdown(148)) - Shutting down service BlockDeletingService
2019-09-20 08:37:53,996 [refreshUsed-/workdir/hadoop-ozone/ozonefs/target/test-dir/MiniOzoneClusterImpl-855b8ead-b066-4f2a-ac82-4f38b96b29b6/datanode-0/data/containers] WARN  fs.CachingGetSpaceUsed (CachingGetSpaceUsed.java:run(183)) - Thread Interrupted waiting to refresh disk information: sleep interrupted
2019-09-20 08:37:53,996 [refreshUsed-/workdir/hadoop-ozone/ozonefs/target/test-dir/MiniOzoneClusterImpl-855b8ead-b066-4f2a-ac82-4f38b96b29b6/datanode-1/data/containers] WARN  fs.CachingGetSpaceUsed (CachingGetSpaceUsed.java:run(183)) - Thread Interrupted waiting to refresh disk information: sleep interrupted
2019-09-20 08:37:54,029 [Thread-525] INFO  statemachine.DatanodeStateMachine (DatanodeStateMachine.java:stopDaemon(395)) - Ozone container server stopped.
2019-09-20 08:37:54,029 [ForkJoinPool.commonPool-worker-0] INFO  statemachine.DatanodeStateMachine (DatanodeStateMachine.java:stopDaemon(395)) - Ozone container server stopped.
2019-09-20 08:37:54,032 [ForkJoinPool.commonPool-worker-0] INFO  handler.ContextHandler (ContextHandler.java:doStop(910)) - Stopped o.e.j.w.WebAppContext@325d05ce{/,null,UNAVAILABLE}{/hddsDatanode}
2019-09-20 08:37:54,032 [Thread-525] INFO  handler.ContextHandler (ContextHandler.java:doStop(910)) - Stopped o.e.j.w.WebAppContext@1498b46f{/,null,UNAVAILABLE}{/hddsDatanode}
2019-09-20 08:37:54,033 [ForkJoinPool.commonPool-worker-0] INFO  server.AbstractConnector (AbstractConnector.java:doStop(318)) - Stopped ServerConnector@141810a4{HTTP/1.1,[http/1.1]}{0.0.0.0:0}
2019-09-20 08:37:54,033 [Thread-525] INFO  server.AbstractConnector (AbstractConnector.java:doStop(318)) - Stopped ServerConnector@d63a18b{HTTP/1.1,[http/1.1]}{0.0.0.0:0}
2019-09-20 08:37:54,033 [ForkJoinPool.commonPool-worker-0] INFO  handler.ContextHandler (ContextHandler.java:doStop(910)) - Stopped o.e.j.s.ServletContextHandler@5da030eb{/static,jar:file:/home/user/.m2/repository/org/apache/hadoop/hadoop-hdds-container-service/0.5.0-SNAPSHOT/hadoop-hdds-container-service-0.5.0-SNAPSHOT.jar!/webapps/static,UNAVAILABLE}
2019-09-20 08:37:54,034 [Thread-525] INFO  handler.ContextHandler (ContextHandler.java:doStop(910)) - Stopped o.e.j.s.ServletContextHandler@3afcf591{/static,jar:file:/home/user/.m2/repository/org/apache/hadoop/hadoop-hdds-container-service/0.5.0-SNAPSHOT/hadoop-hdds-container-service-0.5.0-SNAPSHOT.jar!/webapps/static,UNAVAILABLE}
2019-09-20 08:37:54,034 [ForkJoinPool.commonPool-worker-0] INFO  handler.ContextHandler (ContextHandler.java:doStop(910)) - Stopped o.e.j.s.ServletContextHandler@5e1c23e8{/logs,file:///workdir/hadoop-ozone/ozonefs/target/log,UNAVAILABLE}
2019-09-20 08:37:54,035 [Thread-525] INFO  handler.ContextHandler (ContextHandler.java:doStop(910)) - Stopped o.e.j.s.ServletContextHandler@327eebf1{/logs,file:///workdir/hadoop-ozone/ozonefs/target/log,UNAVAILABLE}
2019-09-20 08:37:54,036 [ForkJoinPool.commonPool-worker-0] INFO  datanode.ObjectStoreHandler (ObjectStoreHandler.java:close(155)) - Closing ObjectStoreHandler.
2019-09-20 08:37:54,037 [ForkJoinPool.commonPool-worker-0] INFO  ozone.HddsDatanodeService (HddsDatanodeService.java:stop(451)) - Stopped plug-in org.apache.hadoop.ozone.web.OzoneHddsDatanodeService@236dc97b
2019-09-20 08:37:54,632 [Datanode State Machine Thread - 0] INFO  statemachine.DatanodeStateMachine (DatanodeStateMachine.java:lambda$startDaemon$0(350)) - Ozone container server started.
2019-09-20 08:37:59,038 [ForkJoinPool.commonPool-worker-0] INFO  ozoneimpl.OzoneContainer (OzoneContainer.java:stop(199)) - Attempting to stop container services.
2019-09-20 08:37:59,040 [ForkJoinPool.commonPool-worker-0] INFO  impl.RaftServerProxy (RaftServerProxy.java:lambda$close$4(314)) - 9a6a84d6-ff22-4367-bab8-0f0e0dfb03ca: close
2019-09-20 08:37:59,040 [ForkJoinPool.commonPool-worker-0] INFO  impl.RaftServerImpl (RaftServerImpl.java:lambda$shutdown$3(245)) - 9a6a84d6-ff22-4367-bab8-0f0e0dfb03ca: shutdown group-5C8E60B2333E
2019-09-20 08:37:59,041 [ForkJoinPool.commonPool-worker-0] INFO  util.JmxRegister (JmxRegister.java:unregister(73)) - Successfully un-registered JMX Bean with object name Ratis:service=RaftServer,group=group-5C8E60B2333E,id=9a6a84d6-ff22-4367-bab8-0f0e0dfb03ca
2019-09-20 08:37:59,041 [ForkJoinPool.commonPool-worker-0] INFO  impl.RoleInfo (RoleInfo.java:shutdownLeaderState(104)) - 9a6a84d6-ff22-4367-bab8-0f0e0dfb03ca: shutdown LeaderState
2019-09-20 08:37:59,042 [ForkJoinPool.commonPool-worker-0] INFO  impl.PendingRequests (PendingRequests.java:sendNotLeaderResponses(202)) - 9a6a84d6-ff22-4367-bab8-0f0e0dfb03ca-PendingRequests: sendNotLeaderResponses
2019-09-20 08:37:59,043 [ForkJoinPool.commonPool-worker-0] INFO  impl.StateMachineUpdater (StateMachineUpdater.java:stopAndJoin(115)) - StateMachineUpdater:9a6a84d6-ff22-4367-bab8-0f0e0dfb03ca:group-5C8E60B2333E: set stopIndex = 0
2019-09-20 08:37:59,043 [ForkJoinPool.commonPool-worker-0] INFO  impl.RaftServerImpl (ServerState.java:close(394)) - 9a6a84d6-ff22-4367-bab8-0f0e0dfb03ca:group-5C8E60B2333E closes. The last applied log index is 0
2019-09-20 08:37:59,044 [9a6a84d6-ff22-4367-bab8-0f0e0dfb03ca-SegmentedRaftLogWorker:Storage Directory /workdir/hadoop-ozone/ozonefs/target/test-dir/MiniOzoneClusterImpl-855b8ead-b066-4f2a-ac82-4f38b96b29b6/datanode-2/data/ratis/bbebcf7a-4551-4571-90c5-5c8e60b2333e] INFO  segmented.SegmentedRaftLogWorker (SegmentedRaftLogWorker.java:run(313)) - 9a6a84d6-ff22-4367-bab8-0f0e0dfb03ca-SegmentedRaftLogWorker:Storage Directory /workdir/hadoop-ozone/ozonefs/target/test-dir/MiniOzoneClusterImpl-855b8ead-b066-4f2a-ac82-4f38b96b29b6/datanode-2/data/ratis/bbebcf7a-4551-4571-90c5-5c8e60b2333e was interrupted, exiting. There are 0 tasks remaining in the queue.
2019-09-20 08:37:59,044 [ForkJoinPool.commonPool-worker-0] INFO  segmented.SegmentedRaftLogWorker (SegmentedRaftLogWorker.java:close(228)) - 9a6a84d6-ff22-4367-bab8-0f0e0dfb03ca-SegmentedRaftLogWorker:Storage Directory /workdir/hadoop-ozone/ozonefs/target/test-dir/MiniOzoneClusterImpl-855b8ead-b066-4f2a-ac82-4f38b96b29b6/datanode-2/data/ratis/bbebcf7a-4551-4571-90c5-5c8e60b2333e close()
2019-09-20 08:37:59,046 [ForkJoinPool.commonPool-worker-0] INFO  impl.RaftServerImpl (RaftServerImpl.java:lambda$shutdown$3(245)) - 9a6a84d6-ff22-4367-bab8-0f0e0dfb03ca: shutdown group-5DD9F5F6670F
2019-09-20 08:37:59,047 [ForkJoinPool.commonPool-worker-0] INFO  util.JmxRegister (JmxRegister.java:unregister(73)) - Successfully un-registered JMX Bean with object name Ratis:service=RaftServer,group=group-5DD9F5F6670F,id=9a6a84d6-ff22-4367-bab8-0f0e0dfb03ca
2019-09-20 08:37:59,047 [ForkJoinPool.commonPool-worker-0] INFO  impl.RoleInfo (RoleInfo.java:shutdownLeaderState(104)) - 9a6a84d6-ff22-4367-bab8-0f0e0dfb03ca: shutdown LeaderState
2019-09-20 08:37:59,047 [ForkJoinPool.commonPool-worker-0] INFO  impl.PendingRequests (PendingRequests.java:sendNotLeaderResponses(202)) - 9a6a84d6-ff22-4367-bab8-0f0e0dfb03ca-PendingRequests: sendNotLeaderResponses
2019-09-20 08:37:59,048 [ForkJoinPool.commonPool-worker-0] INFO  impl.StateMachineUpdater (StateMachineUpdater.java:stopAndJoin(115)) - StateMachineUpdater:9a6a84d6-ff22-4367-bab8-0f0e0dfb03ca:group-5DD9F5F6670F: set stopIndex = 0
2019-09-20 08:37:59,048 [ForkJoinPool.commonPool-worker-0] INFO  impl.RaftServerImpl (ServerState.java:close(394)) - 9a6a84d6-ff22-4367-bab8-0f0e0dfb03ca:group-5DD9F5F6670F closes. The last applied log index is 0
2019-09-20 08:37:59,048 [9a6a84d6-ff22-4367-bab8-0f0e0dfb03ca-SegmentedRaftLogWorker:Storage Directory /workdir/hadoop-ozone/ozonefs/target/test-dir/MiniOzoneClusterImpl-855b8ead-b066-4f2a-ac82-4f38b96b29b6/datanode-2/data/ratis/30e5f97a-b786-4652-a5cd-5dd9f5f6670f] INFO  segmented.SegmentedRaftLogWorker (SegmentedRaftLogWorker.java:run(313)) - 9a6a84d6-ff22-4367-bab8-0f0e0dfb03ca-SegmentedRaftLogWorker:Storage Directory /workdir/hadoop-ozone/ozonefs/target/test-dir/MiniOzoneClusterImpl-855b8ead-b066-4f2a-ac82-4f38b96b29b6/datanode-2/data/ratis/30e5f97a-b786-4652-a5cd-5dd9f5f6670f was interrupted, exiting. There are 0 tasks remaining in the queue.
2019-09-20 08:37:59,049 [ForkJoinPool.commonPool-worker-0] INFO  segmented.SegmentedRaftLogWorker (SegmentedRaftLogWorker.java:close(228)) - 9a6a84d6-ff22-4367-bab8-0f0e0dfb03ca-SegmentedRaftLogWorker:Storage Directory /workdir/hadoop-ozone/ozonefs/target/test-dir/MiniOzoneClusterImpl-855b8ead-b066-4f2a-ac82-4f38b96b29b6/datanode-2/data/ratis/30e5f97a-b786-4652-a5cd-5dd9f5f6670f close()
2019-09-20 08:37:59,050 [ForkJoinPool.commonPool-worker-0] INFO  impl.RaftServerImpl (RaftServerImpl.java:lambda$shutdown$3(245)) - 9a6a84d6-ff22-4367-bab8-0f0e0dfb03ca: shutdown group-2A03F87585DB
2019-09-20 08:37:59,050 [ForkJoinPool.commonPool-worker-0] INFO  util.JmxRegister (JmxRegister.java:unregister(73)) - Successfully un-registered JMX Bean with object name Ratis:service=RaftServer,group=group-2A03F87585DB,id=9a6a84d6-ff22-4367-bab8-0f0e0dfb03ca
2019-09-20 08:37:59,051 [ForkJoinPool.commonPool-worker-0] INFO  impl.RoleInfo (RoleInfo.java:shutdownLeaderState(104)) - 9a6a84d6-ff22-4367-bab8-0f0e0dfb03ca: shutdown LeaderState
2019-09-20 08:37:59,051 [ForkJoinPool.commonPool-worker-0] INFO  impl.PendingRequests (PendingRequests.java:sendNotLeaderResponses(202)) - 9a6a84d6-ff22-4367-bab8-0f0e0dfb03ca-PendingRequests: sendNotLeaderResponses
2019-09-20 08:37:59,052 [ForkJoinPool.commonPool-worker-0] INFO  impl.StateMachineUpdater (StateMachineUpdater.java:stopAndJoin(115)) - StateMachineUpdater:9a6a84d6-ff22-4367-bab8-0f0e0dfb03ca:group-2A03F87585DB: set stopIndex = 0
2019-09-20 08:37:59,052 [ForkJoinPool.commonPool-worker-0] INFO  impl.RaftServerImpl (ServerState.java:close(394)) - 9a6a84d6-ff22-4367-bab8-0f0e0dfb03ca:group-2A03F87585DB closes. The last applied log index is 0
2019-09-20 08:37:59,053 [9a6a84d6-ff22-4367-bab8-0f0e0dfb03ca-SegmentedRaftLogWorker:Storage Directory /workdir/hadoop-ozone/ozonefs/target/test-dir/MiniOzoneClusterImpl-855b8ead-b066-4f2a-ac82-4f38b96b29b6/datanode-2/data/ratis/6b0cac92-15fa-44dc-95a4-2a03f87585db] INFO  segmented.SegmentedRaftLogWorker (SegmentedRaftLogWorker.java:run(313)) - 9a6a84d6-ff22-4367-bab8-0f0e0dfb03ca-SegmentedRaftLogWorker:Storage Directory /workdir/hadoop-ozone/ozonefs/target/test-dir/MiniOzoneClusterImpl-855b8ead-b066-4f2a-ac82-4f38b96b29b6/datanode-2/data/ratis/6b0cac92-15fa-44dc-95a4-2a03f87585db was interrupted, exiting. There are 0 tasks remaining in the queue.
2019-09-20 08:37:59,057 [ForkJoinPool.commonPool-worker-0] INFO  segmented.SegmentedRaftLogWorker (SegmentedRaftLogWorker.java:close(228)) - 9a6a84d6-ff22-4367-bab8-0f0e0dfb03ca-SegmentedRaftLogWorker:Storage Directory /workdir/hadoop-ozone/ozonefs/target/test-dir/MiniOzoneClusterImpl-855b8ead-b066-4f2a-ac82-4f38b96b29b6/datanode-2/data/ratis/6b0cac92-15fa-44dc-95a4-2a03f87585db close()
2019-09-20 08:37:59,058 [ForkJoinPool.commonPool-worker-0] INFO  impl.RaftServerImpl (RaftServerImpl.java:lambda$shutdown$3(245)) - 9a6a84d6-ff22-4367-bab8-0f0e0dfb03ca: shutdown group-CF49CB5889B3
2019-09-20 08:37:59,058 [ForkJoinPool.commonPool-worker-0] INFO  util.JmxRegister (JmxRegister.java:unregister(73)) - Successfully un-registered JMX Bean with object name Ratis:service=RaftServer,group=group-CF49CB5889B3,id=9a6a84d6-ff22-4367-bab8-0f0e0dfb03ca
2019-09-20 08:37:59,059 [ForkJoinPool.commonPool-worker-0] INFO  impl.RoleInfo (RoleInfo.java:shutdownLeaderState(104)) - 9a6a84d6-ff22-4367-bab8-0f0e0dfb03ca: shutdown LeaderState
2019-09-20 08:37:59,059 [ForkJoinPool.commonPool-worker-0] INFO  impl.PendingRequests (PendingRequests.java:sendNotLeaderResponses(202)) - 9a6a84d6-ff22-4367-bab8-0f0e0dfb03ca-PendingRequests: sendNotLeaderResponses
2019-09-20 08:37:59,059 [ForkJoinPool.commonPool-worker-0] INFO  impl.StateMachineUpdater (StateMachineUpdater.java:stopAndJoin(115)) - StateMachineUpdater:9a6a84d6-ff22-4367-bab8-0f0e0dfb03ca:group-CF49CB5889B3: set stopIndex = 0
2019-09-20 08:37:59,059 [ForkJoinPool.commonPool-worker-0] INFO  impl.RaftServerImpl (ServerState.java:close(394)) - 9a6a84d6-ff22-4367-bab8-0f0e0dfb03ca:group-CF49CB5889B3 closes. The last applied log index is 0
2019-09-20 08:37:59,060 [9a6a84d6-ff22-4367-bab8-0f0e0dfb03ca-SegmentedRaftLogWorker:Storage Directory /workdir/hadoop-ozone/ozonefs/target/test-dir/MiniOzoneClusterImpl-855b8ead-b066-4f2a-ac82-4f38b96b29b6/datanode-2/data/ratis/3a62c3d7-d50c-4b7e-b10c-cf49cb5889b3] INFO  segmented.SegmentedRaftLogWorker (SegmentedRaftLogWorker.java:run(313)) - 9a6a84d6-ff22-4367-bab8-0f0e0dfb03ca-SegmentedRaftLogWorker:Storage Directory /workdir/hadoop-ozone/ozonefs/target/test-dir/MiniOzoneClusterImpl-855b8ead-b066-4f2a-ac82-4f38b96b29b6/datanode-2/data/ratis/3a62c3d7-d50c-4b7e-b10c-cf49cb5889b3 was interrupted, exiting. There are 0 tasks remaining in the queue.
2019-09-20 08:37:59,060 [ForkJoinPool.commonPool-worker-0] INFO  segmented.SegmentedRaftLogWorker (SegmentedRaftLogWorker.java:close(228)) - 9a6a84d6-ff22-4367-bab8-0f0e0dfb03ca-SegmentedRaftLogWorker:Storage Directory /workdir/hadoop-ozone/ozonefs/target/test-dir/MiniOzoneClusterImpl-855b8ead-b066-4f2a-ac82-4f38b96b29b6/datanode-2/data/ratis/3a62c3d7-d50c-4b7e-b10c-cf49cb5889b3 close()
2019-09-20 08:37:59,061 [ForkJoinPool.commonPool-worker-0] INFO  impl.RaftServerImpl (RaftServerImpl.java:lambda$shutdown$3(245)) - 9a6a84d6-ff22-4367-bab8-0f0e0dfb03ca: shutdown group-05C04A736CA1
2019-09-20 08:37:59,061 [ForkJoinPool.commonPool-worker-0] INFO  util.JmxRegister (JmxRegister.java:unregister(73)) - Successfully un-registered JMX Bean with object name Ratis:service=RaftServer,group=group-05C04A736CA1,id=9a6a84d6-ff22-4367-bab8-0f0e0dfb03ca
2019-09-20 08:37:59,061 [ForkJoinPool.commonPool-worker-0] INFO  impl.RoleInfo (RoleInfo.java:shutdownLeaderState(104)) - 9a6a84d6-ff22-4367-bab8-0f0e0dfb03ca: shutdown LeaderState
2019-09-20 08:37:59,062 [ForkJoinPool.commonPool-worker-0] INFO  impl.PendingRequests (PendingRequests.java:sendNotLeaderResponses(202)) - 9a6a84d6-ff22-4367-bab8-0f0e0dfb03ca-PendingRequests: sendNotLeaderResponses
2019-09-20 08:37:59,062 [ForkJoinPool.commonPool-worker-0] INFO  impl.StateMachineUpdater (StateMachineUpdater.java:stopAndJoin(115)) - StateMachineUpdater:9a6a84d6-ff22-4367-bab8-0f0e0dfb03ca:group-05C04A736CA1: set stopIndex = 0
2019-09-20 08:37:59,062 [ForkJoinPool.commonPool-worker-0] INFO  impl.RaftServerImpl (ServerState.java:close(394)) - 9a6a84d6-ff22-4367-bab8-0f0e0dfb03ca:group-05C04A736CA1 closes. The last applied log index is 0
2019-09-20 08:37:59,063 [9a6a84d6-ff22-4367-bab8-0f0e0dfb03ca-SegmentedRaftLogWorker:Storage Directory /workdir/hadoop-ozone/ozonefs/target/test-dir/MiniOzoneClusterImpl-855b8ead-b066-4f2a-ac82-4f38b96b29b6/datanode-2/data/ratis/3026be1f-bce2-4b8e-9f2c-05c04a736ca1] INFO  segmented.SegmentedRaftLogWorker (SegmentedRaftLogWorker.java:run(313)) - 9a6a84d6-ff22-4367-bab8-0f0e0dfb03ca-SegmentedRaftLogWorker:Storage Directory /workdir/hadoop-ozone/ozonefs/target/test-dir/MiniOzoneClusterImpl-855b8ead-b066-4f2a-ac82-4f38b96b29b6/datanode-2/data/ratis/3026be1f-bce2-4b8e-9f2c-05c04a736ca1 was interrupted, exiting. There are 0 tasks remaining in the queue.
2019-09-20 08:37:59,063 [ForkJoinPool.commonPool-worker-0] INFO  segmented.SegmentedRaftLogWorker (SegmentedRaftLogWorker.java:close(228)) - 9a6a84d6-ff22-4367-bab8-0f0e0dfb03ca-SegmentedRaftLogWorker:Storage Directory /workdir/hadoop-ozone/ozonefs/target/test-dir/MiniOzoneClusterImpl-855b8ead-b066-4f2a-ac82-4f38b96b29b6/datanode-2/data/ratis/3026be1f-bce2-4b8e-9f2c-05c04a736ca1 close()
2019-09-20 08:37:59,064 [ForkJoinPool.commonPool-worker-0] INFO  impl.RaftServerImpl (RaftServerImpl.java:lambda$shutdown$3(245)) - 9a6a84d6-ff22-4367-bab8-0f0e0dfb03ca: shutdown group-415EB254C837
2019-09-20 08:37:59,064 [ForkJoinPool.commonPool-worker-0] INFO  util.JmxRegister (JmxRegister.java:unregister(73)) - Successfully un-registered JMX Bean with object name Ratis:service=RaftServer,group=group-415EB254C837,id=9a6a84d6-ff22-4367-bab8-0f0e0dfb03ca
2019-09-20 08:37:59,065 [ForkJoinPool.commonPool-worker-0] INFO  impl.RoleInfo (RoleInfo.java:shutdownLeaderState(104)) - 9a6a84d6-ff22-4367-bab8-0f0e0dfb03ca: shutdown LeaderState
2019-09-20 08:37:59,065 [ForkJoinPool.commonPool-worker-0] INFO  impl.PendingRequests (PendingRequests.java:sendNotLeaderResponses(202)) - 9a6a84d6-ff22-4367-bab8-0f0e0dfb03ca-PendingRequests: sendNotLeaderResponses
2019-09-20 08:37:59,065 [ForkJoinPool.commonPool-worker-0] INFO  impl.StateMachineUpdater (StateMachineUpdater.java:stopAndJoin(115)) - StateMachineUpdater:9a6a84d6-ff22-4367-bab8-0f0e0dfb03ca:group-415EB254C837: set stopIndex = 0
2019-09-20 08:37:59,065 [ForkJoinPool.commonPool-worker-0] INFO  impl.RaftServerImpl (ServerState.java:close(394)) - 9a6a84d6-ff22-4367-bab8-0f0e0dfb03ca:group-415EB254C837 closes. The last applied log index is 0
2019-09-20 08:37:59,066 [9a6a84d6-ff22-4367-bab8-0f0e0dfb03ca-SegmentedRaftLogWorker:Storage Directory /workdir/hadoop-ozone/ozonefs/target/test-dir/MiniOzoneClusterImpl-855b8ead-b066-4f2a-ac82-4f38b96b29b6/datanode-2/data/ratis/2567cfd5-5b2a-48ce-b306-415eb254c837] INFO  segmented.SegmentedRaftLogWorker (SegmentedRaftLogWorker.java:run(313)) - 9a6a84d6-ff22-4367-bab8-0f0e0dfb03ca-SegmentedRaftLogWorker:Storage Directory /workdir/hadoop-ozone/ozonefs/target/test-dir/MiniOzoneClusterImpl-855b8ead-b066-4f2a-ac82-4f38b96b29b6/datanode-2/data/ratis/2567cfd5-5b2a-48ce-b306-415eb254c837 was interrupted, exiting. There are 0 tasks remaining in the queue.
2019-09-20 08:37:59,066 [ForkJoinPool.commonPool-worker-0] INFO  segmented.SegmentedRaftLogWorker (SegmentedRaftLogWorker.java:close(228)) - 9a6a84d6-ff22-4367-bab8-0f0e0dfb03ca-SegmentedRaftLogWorker:Storage Directory /workdir/hadoop-ozone/ozonefs/target/test-dir/MiniOzoneClusterImpl-855b8ead-b066-4f2a-ac82-4f38b96b29b6/datanode-2/data/ratis/2567cfd5-5b2a-48ce-b306-415eb254c837 close()
2019-09-20 08:37:59,067 [ForkJoinPool.commonPool-worker-0] INFO  server.GrpcService (GrpcService.java:closeImpl(155)) - 9a6a84d6-ff22-4367-bab8-0f0e0dfb03ca: shutdown server with port 39089 now
2019-09-20 08:37:59,069 [ForkJoinPool.commonPool-worker-0] INFO  server.GrpcService (GrpcService.java:closeImpl(163)) - 9a6a84d6-ff22-4367-bab8-0f0e0dfb03ca: shutdown server with port 39089 successfully
2019-09-20 08:37:59,075 [ForkJoinPool.commonPool-worker-0] INFO  utils.BackgroundService (BackgroundService.java:shutdown(148)) - Shutting down service BlockDeletingService
2019-09-20 08:37:59,076 [refreshUsed-/workdir/hadoop-ozone/ozonefs/target/test-dir/MiniOzoneClusterImpl-855b8ead-b066-4f2a-ac82-4f38b96b29b6/datanode-2/data/containers] WARN  fs.CachingGetSpaceUsed (CachingGetSpaceUsed.java:run(183)) - Thread Interrupted waiting to refresh disk information: sleep interrupted
2019-09-20 08:37:59,105 [ForkJoinPool.commonPool-worker-0] INFO  statemachine.DatanodeStateMachine (DatanodeStateMachine.java:stopDaemon(395)) - Ozone container server stopped.
2019-09-20 08:37:59,109 [ForkJoinPool.commonPool-worker-0] INFO  handler.ContextHandler (ContextHandler.java:doStop(910)) - Stopped o.e.j.w.WebAppContext@37686d71{/,null,UNAVAILABLE}{/hddsDatanode}
2019-09-20 08:37:59,110 [ForkJoinPool.commonPool-worker-0] INFO  server.AbstractConnector (AbstractConnector.java:doStop(318)) - Stopped ServerConnector@687cca95{HTTP/1.1,[http/1.1]}{0.0.0.0:0}
2019-09-20 08:37:59,111 [ForkJoinPool.commonPool-worker-0] INFO  handler.ContextHandler (ContextHandler.java:doStop(910)) - Stopped o.e.j.s.ServletContextHandler@457e1ce0{/static,jar:file:/home/user/.m2/repository/org/apache/hadoop/hadoop-hdds-container-service/0.5.0-SNAPSHOT/hadoop-hdds-container-service-0.5.0-SNAPSHOT.jar!/webapps/static,UNAVAILABLE}
2019-09-20 08:37:59,112 [ForkJoinPool.commonPool-worker-0] INFO  handler.ContextHandler (ContextHandler.java:doStop(910)) - Stopped o.e.j.s.ServletContextHandler@797aaa7d{/logs,file:///workdir/hadoop-ozone/ozonefs/target/log,UNAVAILABLE}
2019-09-20 08:37:59,113 [Thread-525] INFO  ozone.MiniOzoneClusterImpl (MiniOzoneClusterImpl.java:stop(353)) - Stopping the StorageContainerManager
2019-09-20 08:37:59,114 [Thread-525] INFO  server.StorageContainerManager (StorageContainerManager.java:stop(797)) - Stopping Replication Manager Service.
2019-09-20 08:37:59,114 [Thread-525] INFO  container.ReplicationManager (ReplicationManager.java:stop(192)) - Stopping Replication Monitor Thread.
2019-09-20 08:37:59,114 [Thread-525] INFO  server.StorageContainerManager (StorageContainerManager.java:stop(804)) - Stopping Lease Manager of the command watchers
2019-09-20 08:37:59,114 [Thread-525] INFO  server.StorageContainerManager (StorageContainerManager.java:stop(811)) - Stopping datanode service RPC server
2019-09-20 08:37:59,114 [Thread-525] INFO  server.SCMDatanodeProtocolServer (SCMDatanodeProtocolServer.java:stop(367)) - Stopping the RPC server for DataNodes
2019-09-20 08:37:59,115 [Thread-525] INFO  ipc.Server (Server.java:stop(3082)) - Stopping server on 33412
2019-09-20 08:37:59,117 [IPC Server listener on 33412] INFO  ipc.Server (Server.java:run(1185)) - Stopping IPC Server listener on 33412
2019-09-20 08:37:59,119 [IPC Server Responder] INFO  ipc.Server (Server.java:run(1319)) - Stopping IPC Server Responder
2019-09-20 08:37:59,173 [SCM Heartbeat Processing Thread - 0] WARN  node.NodeStateManager (NodeStateManager.java:scheduleNextHealthCheck(655)) - Current Thread is interrupted, shutting down HB processing thread for Node Manager.
2019-09-20 08:37:59,173 [Thread-525] INFO  server.StorageContainerManager (StorageContainerManager.java:stop(819)) - Stopping block service RPC server
2019-09-20 08:37:59,174 [Thread-525] INFO  server.SCMBlockProtocolServer (SCMBlockProtocolServer.java:stop(148)) - Stopping the RPC server for Block Protocol
2019-09-20 08:37:59,174 [Thread-525] INFO  ipc.Server (Server.java:stop(3082)) - Stopping server on 35266
2019-09-20 08:37:59,176 [Thread-525] INFO  server.StorageContainerManager (StorageContainerManager.java:stop(826)) - Stopping the StorageContainerLocationProtocol RPC server
2019-09-20 08:37:59,176 [IPC Server listener on 35266] INFO  ipc.Server (Server.java:run(1185)) - Stopping IPC Server listener on 35266
2019-09-20 08:37:59,176 [IPC Server Responder] INFO  ipc.Server (Server.java:run(1319)) - Stopping IPC Server Responder
2019-09-20 08:37:59,176 [Thread-525] INFO  server.SCMClientProtocolServer (SCMClientProtocolServer.java:stop(159)) - Stopping the RPC server for Client Protocol
2019-09-20 08:37:59,177 [Thread-525] INFO  ipc.Server (Server.java:stop(3082)) - Stopping server on 35687
2019-09-20 08:37:59,180 [Thread-525] INFO  server.StorageContainerManager (StorageContainerManager.java:stop(833)) - Stopping Storage Container Manager HTTP server.
2019-09-20 08:37:59,180 [IPC Server listener on 35687] INFO  ipc.Server (Server.java:run(1185)) - Stopping IPC Server listener on 35687
2019-09-20 08:37:59,180 [IPC Server Responder] INFO  ipc.Server (Server.java:run(1319)) - Stopping IPC Server Responder
2019-09-20 08:37:59,183 [Thread-525] INFO  handler.ContextHandler (ContextHandler.java:doStop(910)) - Stopped o.e.j.w.WebAppContext@37601f30{/,null,UNAVAILABLE}{/scm}
2019-09-20 08:37:59,184 [Thread-525] INFO  server.AbstractConnector (AbstractConnector.java:doStop(318)) - Stopped ServerConnector@1aaed81c{HTTP/1.1,[http/1.1]}{0.0.0.0:0}
2019-09-20 08:37:59,185 [Thread-525] INFO  handler.ContextHandler (ContextHandler.java:doStop(910)) - Stopped o.e.j.s.ServletContextHandler@794fface{/static,jar:file:/home/user/.m2/repository/org/apache/hadoop/hadoop-hdds-server-scm/0.5.0-SNAPSHOT/hadoop-hdds-server-scm-0.5.0-SNAPSHOT.jar!/webapps/static,UNAVAILABLE}
2019-09-20 08:37:59,185 [Thread-525] INFO  handler.ContextHandler (ContextHandler.java:doStop(910)) - Stopped o.e.j.s.ServletContextHandler@2058a644{/logs,file:///workdir/hadoop-ozone/ozonefs/target/log,UNAVAILABLE}
2019-09-20 08:37:59,187 [Thread-525] INFO  server.StorageContainerManager (StorageContainerManager.java:stop(844)) - Stopping Block Manager Service.
2019-09-20 08:37:59,187 [Thread-525] INFO  utils.BackgroundService (BackgroundService.java:shutdown(148)) - Shutting down service SCMBlockDeletingService
2019-09-20 08:37:59,187 [Thread-525] INFO  utils.BackgroundService (BackgroundService.java:shutdown(148)) - Shutting down service SCMBlockDeletingService
2019-09-20 08:37:59,188 [Thread-525] INFO  server.StorageContainerManager (StorageContainerManager.java:stop(866)) - Stopping SCM Event Queue.
2019-09-20 08:37:59,192 [Thread-525] INFO  impl.MetricsSystemImpl (MetricsSystemImpl.java:stop(210)) - Stopping HddsDatanode metrics system...
2019-09-20 08:37:59,202 [Thread-525] INFO  impl.MetricsSystemImpl (MetricsSystemImpl.java:stop(216)) - HddsDatanode metrics system stopped.
]]></system-out>
    <system-err><![CDATA[Sep 20, 2019 8:37:43 AM com.sun.jersey.server.impl.application.WebApplicationImpl _initiate
INFO: Initiating Jersey application, version 'Jersey: 1.19 02/11/2015 03:25 AM'
Sep 20, 2019 8:37:43 AM com.sun.jersey.server.impl.application.WebApplicationImpl _initiate
INFO: Initiating Jersey application, version 'Jersey: 1.19 02/11/2015 03:25 AM'
Sep 20, 2019 8:37:43 AM com.sun.jersey.server.impl.application.WebApplicationImpl _initiate
INFO: Initiating Jersey application, version 'Jersey: 1.19 02/11/2015 03:25 AM'
Sep 20, 2019 8:37:48 AM com.sun.jersey.server.impl.application.WebApplicationImpl _initiate
INFO: Initiating Jersey application, version 'Jersey: 1.19 02/11/2015 03:25 AM'
]]></system-err>
  </testcase>
  <testcase name="testListStatus" classname="org.apache.hadoop.fs.ozone.TestOzoneFileSystem" time="17.84">
    <error message="Allocated 0 blocks. Requested 1 blocks" type="INTERNAL_ERROR org.apache.hadoop.ozone.om.exceptions.OMException">INTERNAL_ERROR org.apache.hadoop.ozone.om.exceptions.OMException: Allocated 0 blocks. Requested 1 blocks
	at org.apache.hadoop.ozone.om.protocolPB.OzoneManagerProtocolClientSideTranslatorPB.handleError(OzoneManagerProtocolClientSideTranslatorPB.java:725)
	at org.apache.hadoop.ozone.om.protocolPB.OzoneManagerProtocolClientSideTranslatorPB.createFile(OzoneManagerProtocolClientSideTranslatorPB.java:1474)
	at org.apache.hadoop.ozone.client.rpc.RpcClient.createFile(RpcClient.java:984)
	at org.apache.hadoop.ozone.client.OzoneBucket.createFile(OzoneBucket.java:535)
	at org.apache.hadoop.fs.ozone.BasicOzoneClientAdapterImpl.createFile(BasicOzoneClientAdapterImpl.java:181)
	at org.apache.hadoop.fs.ozone.BasicOzoneFileSystem.createOutputStream(BasicOzoneFileSystem.java:249)
	at org.apache.hadoop.fs.ozone.BasicOzoneFileSystem.create(BasicOzoneFileSystem.java:230)
	at org.apache.hadoop.fs.FileSystem.create(FileSystem.java:1118)
	at org.apache.hadoop.fs.FileSystem.create(FileSystem.java:1098)
	at org.apache.hadoop.fs.FileSystem.create(FileSystem.java:987)
	at org.apache.hadoop.fs.contract.ContractTestUtils.createFile(ContractTestUtils.java:633)
	at org.apache.hadoop.fs.contract.ContractTestUtils.touch(ContractTestUtils.java:669)
	at org.apache.hadoop.fs.ozone.TestOzoneFileSystem.testListStatus(TestOzoneFileSystem.java:179)
	at sun.reflect.NativeMethodAccessorImpl.invoke0(Native Method)
	at sun.reflect.NativeMethodAccessorImpl.invoke(NativeMethodAccessorImpl.java:62)
	at sun.reflect.DelegatingMethodAccessorImpl.invoke(DelegatingMethodAccessorImpl.java:43)
	at java.lang.reflect.Method.invoke(Method.java:498)
	at org.junit.runners.model.FrameworkMethod$1.runReflectiveCall(FrameworkMethod.java:47)
	at org.junit.internal.runners.model.ReflectiveCallable.run(ReflectiveCallable.java:12)
	at org.junit.runners.model.FrameworkMethod.invokeExplosively(FrameworkMethod.java:44)
	at org.junit.internal.runners.statements.InvokeMethod.evaluate(InvokeMethod.java:17)
	at org.junit.internal.runners.statements.RunBefores.evaluate(RunBefores.java:26)
	at org.junit.internal.runners.statements.RunAfters.evaluate(RunAfters.java:27)
	at org.junit.internal.runners.statements.FailOnTimeout$StatementThread.run(FailOnTimeout.java:74)
</error>
    <system-out><![CDATA[2019-09-20 08:37:59,268 [Thread-791] WARN  server.ServerUtils (ServerUtils.java:getScmDbDir(145)) - ozone.scm.db.dirs is not configured. We recommend adding this setting. Falling back to ozone.metadata.dirs instead.
2019-09-20 08:37:59,290 [Thread-791] WARN  server.ServerUtils (ServerUtils.java:getScmDbDir(145)) - ozone.scm.db.dirs is not configured. We recommend adding this setting. Falling back to ozone.metadata.dirs instead.
2019-09-20 08:37:59,290 [Thread-791] WARN  server.ServerUtils (ServerUtils.java:getScmDbDir(145)) - ozone.scm.db.dirs is not configured. We recommend adding this setting. Falling back to ozone.metadata.dirs instead.
2019-09-20 08:37:59,291 [Thread-791] INFO  db.DBStoreBuilder (DBStoreBuilder.java:addTable(110)) - using custom profile for table: deletedBlocks
2019-09-20 08:37:59,291 [Thread-791] INFO  db.DBStoreBuilder (DBStoreBuilder.java:processTables(161)) - Using default column profile:DBProfile.DISK for Table:deletedBlocks
2019-09-20 08:37:59,292 [Thread-791] INFO  db.DBStoreBuilder (DBStoreBuilder.java:addTable(110)) - using custom profile for table: validCerts
2019-09-20 08:37:59,292 [Thread-791] INFO  db.DBStoreBuilder (DBStoreBuilder.java:processTables(161)) - Using default column profile:DBProfile.DISK for Table:validCerts
2019-09-20 08:37:59,292 [Thread-791] INFO  db.DBStoreBuilder (DBStoreBuilder.java:addTable(110)) - using custom profile for table: revokedCerts
2019-09-20 08:37:59,292 [Thread-791] INFO  db.DBStoreBuilder (DBStoreBuilder.java:processTables(161)) - Using default column profile:DBProfile.DISK for Table:revokedCerts
2019-09-20 08:37:59,293 [Thread-791] INFO  db.DBStoreBuilder (DBStoreBuilder.java:addTable(110)) - using custom profile for table: default
2019-09-20 08:37:59,293 [Thread-791] INFO  db.DBStoreBuilder (DBStoreBuilder.java:processTables(167)) - Using default column profile:DBProfile.DISK for Table:default
2019-09-20 08:37:59,293 [Thread-791] INFO  db.DBStoreBuilder (DBStoreBuilder.java:getDbProfile(198)) - Using default options. DBProfile.DISK
2019-09-20 08:37:59,575 [Thread-791] INFO  net.NodeSchemaLoader (NodeSchemaLoader.java:loadSchemaFromFile(125)) - Loading file from sun.misc.CompoundEnumeration@26adfc11
2019-09-20 08:37:59,575 [Thread-791] INFO  net.NodeSchemaLoader (NodeSchemaLoader.java:loadSchema(171)) - Loading network topology layer schema file
2019-09-20 08:37:59,582 [Thread-791] WARN  server.ServerUtils (ServerUtils.java:sanitizeUserArgs(70)) - ozone.scm.stale.node.interval value = 300000 is larger than max = 100000 based on the key value of ozone.scm.heartbeat.thread.interval, reset to the max value 100000.
2019-09-20 08:37:59,582 [Thread-791] WARN  server.ServerUtils (ServerUtils.java:sanitizeUserArgs(70)) - ozone.scm.stale.node.interval value = 300000 is larger than max = 100000 based on the key value of ozone.scm.heartbeat.thread.interval, reset to the max value 100000.
2019-09-20 08:37:59,582 [Thread-791] INFO  node.SCMNodeManager (SCMNodeManager.java:<init>(121)) - Entering startup safe mode.
2019-09-20 08:37:59,583 [Thread-791] INFO  algorithms.ContainerPlacementPolicyFactory (ContainerPlacementPolicyFactory.java:getPolicy(56)) - Create container placement policy of type org.apache.hadoop.hdds.scm.container.placement.algorithms.SCMContainerPlacementRandom
2019-09-20 08:37:59,583 [Thread-791] WARN  server.ServerUtils (ServerUtils.java:getScmDbDir(145)) - ozone.scm.db.dirs is not configured. We recommend adding this setting. Falling back to ozone.metadata.dirs instead.
2019-09-20 08:37:59,682 [Thread-791] INFO  pipeline.SCMPipelineManager (SCMPipelineManager.java:initializePipelineState(126)) - No pipeline exists in current db
2019-09-20 08:37:59,683 [Thread-791] WARN  server.ServerUtils (ServerUtils.java:getScmDbDir(145)) - ozone.scm.db.dirs is not configured. We recommend adding this setting. Falling back to ozone.metadata.dirs instead.
2019-09-20 08:37:59,788 [Thread-791] WARN  events.EventQueue (EventQueue.java:fireEvent(175)) - No event handler registered for event TypedEvent{payloadType=SafeModeStatus, name='SafeModeStatus'}
2019-09-20 08:37:59,790 [Thread-791] INFO  ipc.CallQueueManager (CallQueueManager.java:<init>(84)) - Using callQueue: class java.util.concurrent.LinkedBlockingQueue, queueCapacity: 2000, scheduler: class org.apache.hadoop.ipc.DefaultRpcScheduler, ipcBackoff: false.
2019-09-20 08:37:59,791 [Socket Reader #1 for port 42422] INFO  ipc.Server (Server.java:run(1074)) - Starting Socket Reader #1 for port 42422
2019-09-20 08:37:59,793 [Thread-791] INFO  ipc.CallQueueManager (CallQueueManager.java:<init>(84)) - Using callQueue: class java.util.concurrent.LinkedBlockingQueue, queueCapacity: 2000, scheduler: class org.apache.hadoop.ipc.DefaultRpcScheduler, ipcBackoff: false.
2019-09-20 08:37:59,794 [Socket Reader #1 for port 38982] INFO  ipc.Server (Server.java:run(1074)) - Starting Socket Reader #1 for port 38982
2019-09-20 08:37:59,796 [Thread-791] INFO  ipc.CallQueueManager (CallQueueManager.java:<init>(84)) - Using callQueue: class java.util.concurrent.LinkedBlockingQueue, queueCapacity: 2000, scheduler: class org.apache.hadoop.ipc.DefaultRpcScheduler, ipcBackoff: false.
2019-09-20 08:37:59,797 [Socket Reader #1 for port 35027] INFO  ipc.Server (Server.java:run(1074)) - Starting Socket Reader #1 for port 35027
2019-09-20 08:37:59,799 [Thread-791] INFO  hdfs.DFSUtil (DFSUtil.java:httpServerTemplateForNNAndJN(1641)) - Starting Web-server for scm at: http://0.0.0.0:0
2019-09-20 08:37:59,804 [Thread-791] INFO  server.AuthenticationFilter (AuthenticationFilter.java:constructSecretProvider(240)) - Unable to initialize FileSignerSecretProvider, falling back to use random secrets.
2019-09-20 08:37:59,805 [Thread-791] WARN  http.HttpRequestLog (HttpRequestLog.java:getRequestLog(97)) - Jetty request log can only be enabled using Log4j
2019-09-20 08:37:59,808 [Thread-791] INFO  http.HttpServer2 (HttpServer2.java:addGlobalFilter(975)) - Added global filter 'safety' (class=org.apache.hadoop.http.HttpServer2$QuotingInputFilter)
2019-09-20 08:37:59,810 [Thread-791] INFO  http.HttpServer2 (HttpServer2.java:addFilter(948)) - Added filter static_user_filter (class=org.apache.hadoop.http.lib.StaticUserWebFilter$StaticUserFilter) to context scm
2019-09-20 08:37:59,810 [Thread-791] INFO  http.HttpServer2 (HttpServer2.java:addFilter(958)) - Added filter static_user_filter (class=org.apache.hadoop.http.lib.StaticUserWebFilter$StaticUserFilter) to context static
2019-09-20 08:37:59,810 [Thread-791] INFO  http.HttpServer2 (HttpServer2.java:addFilter(958)) - Added filter static_user_filter (class=org.apache.hadoop.http.lib.StaticUserWebFilter$StaticUserFilter) to context logs
2019-09-20 08:37:59,813 [Thread-791] INFO  server.StorageContainerManager (StorageContainerManager.java:start(759)) - StorageContainerLocationProtocol RPC server is listening at /0.0.0.0:35027
2019-09-20 08:37:59,816 [Thread-791] WARN  impl.MetricsConfig (MetricsConfig.java:loadFirst(134)) - Cannot locate configuration: tried hadoop-metrics2-storagecontainermanager.properties,hadoop-metrics2.properties
2019-09-20 08:37:59,818 [Thread-791] INFO  impl.MetricsSystemImpl (MetricsSystemImpl.java:startTimer(374)) - Scheduled Metric snapshot period at 10 second(s).
2019-09-20 08:37:59,819 [Thread-791] INFO  impl.MetricsSystemImpl (MetricsSystemImpl.java:start(191)) - StorageContainerManager metrics system started
2019-09-20 08:37:59,880 [Thread-791] INFO  server.SCMClientProtocolServer (SCMClientProtocolServer.java:start(151)) - RPC server for Client  is listening at /0.0.0.0:35027
2019-09-20 08:37:59,880 [IPC Server Responder] INFO  ipc.Server (Server.java:run(1314)) - IPC Server Responder: starting
2019-09-20 08:37:59,880 [IPC Server listener on 35027] INFO  ipc.Server (Server.java:run(1153)) - IPC Server listener on 35027: starting
2019-09-20 08:37:59,884 [Thread-791] INFO  server.StorageContainerManager (StorageContainerManager.java:start(769)) - ScmBlockLocationProtocol RPC server is listening at /0.0.0.0:38982
2019-09-20 08:37:59,884 [Thread-791] INFO  server.SCMBlockProtocolServer (SCMBlockProtocolServer.java:start(140)) - RPC server for Block Protocol is listening at /0.0.0.0:38982
2019-09-20 08:37:59,885 [IPC Server Responder] INFO  ipc.Server (Server.java:run(1314)) - IPC Server Responder: starting
2019-09-20 08:37:59,885 [IPC Server listener on 38982] INFO  ipc.Server (Server.java:run(1153)) - IPC Server listener on 38982: starting
2019-09-20 08:37:59,888 [Thread-791] INFO  server.StorageContainerManager (StorageContainerManager.java:start(773)) - ScmDatanodeProtocl RPC server is listening at /0.0.0.0:42422
2019-09-20 08:37:59,888 [Thread-791] INFO  server.SCMDatanodeProtocolServer (SCMDatanodeProtocolServer.java:start(191)) - RPC server for DataNodes is listening at /0.0.0.0:42422
2019-09-20 08:37:59,889 [IPC Server listener on 42422] INFO  ipc.Server (Server.java:run(1153)) - IPC Server listener on 42422: starting
2019-09-20 08:37:59,889 [IPC Server Responder] INFO  ipc.Server (Server.java:run(1314)) - IPC Server Responder: starting
2019-09-20 08:37:59,893 [Thread-791] INFO  http.HttpServer2 (HttpServer2.java:bindListener(1191)) - Jetty bound to port 33140
2019-09-20 08:37:59,893 [Thread-791] INFO  server.Server (Server.java:doStart(351)) - jetty-9.3.24.v20180605, build timestamp: 2018-06-05T17:11:56Z, git hash: 84205aa28f11a4f31f2a3b86d1bba2cc8ab69827
2019-09-20 08:37:59,895 [Thread-791] INFO  handler.ContextHandler (ContextHandler.java:doStart(781)) - Started o.e.j.s.ServletContextHandler@692fac39{/logs,file:///workdir/hadoop-ozone/ozonefs/target/log,AVAILABLE}
2019-09-20 08:37:59,896 [Thread-791] INFO  handler.ContextHandler (ContextHandler.java:doStart(781)) - Started o.e.j.s.ServletContextHandler@7cd8e3ec{/static,jar:file:/home/user/.m2/repository/org/apache/hadoop/hadoop-hdds-server-scm/0.5.0-SNAPSHOT/hadoop-hdds-server-scm-0.5.0-SNAPSHOT.jar!/webapps/static,AVAILABLE}
2019-09-20 08:37:59,938 [Thread-791] INFO  handler.ContextHandler (ContextHandler.java:doStart(781)) - Started o.e.j.w.WebAppContext@40a97fb{/,file:///tmp/jetty-0.0.0.0-33140-scm-_-any-6791935280283251861.dir/webapp/,AVAILABLE}{/scm}
2019-09-20 08:37:59,938 [Thread-791] INFO  server.AbstractConnector (AbstractConnector.java:doStart(278)) - Started ServerConnector@533eadc6{HTTP/1.1,[http/1.1]}{0.0.0.0:33140}
2019-09-20 08:37:59,939 [Thread-791] INFO  server.Server (Server.java:doStart(419)) - Started @61441ms
2019-09-20 08:37:59,940 [Thread-791] INFO  server.BaseHttpServer (BaseHttpServer.java:updateConnectorAddress(213)) - HTTP server of SCM is listening at http://0.0.0.0:33140
2019-09-20 08:37:59,941 [Thread-791] WARN  server.ServerUtils (ServerUtils.java:getDBPath(222)) - ozone.om.db.dirs is not configured. We recommend adding this setting. Falling back to ozone.metadata.dirs instead.
2019-09-20 08:37:59,941 [org.apache.hadoop.util.JvmPauseMonitor$Monitor@69ae1fb] INFO  util.JvmPauseMonitor (JvmPauseMonitor.java:run(188)) - Starting JVM pause monitor
2019-09-20 08:37:59,966 [Thread-791] WARN  server.ServerUtils (ServerUtils.java:getDBPath(222)) - ozone.om.db.dirs is not configured. We recommend adding this setting. Falling back to ozone.metadata.dirs instead.
2019-09-20 08:37:59,966 [Thread-791] WARN  server.ServerUtils (ServerUtils.java:getDBPath(222)) - ozone.om.db.dirs is not configured. We recommend adding this setting. Falling back to ozone.metadata.dirs instead.
2019-09-20 08:37:59,967 [Thread-791] INFO  om.OzoneManager (OzoneManager.java:setOMNodeDetails(645)) - OM Service ID is not set. Setting it to the default ID: omServiceIdDefault
2019-09-20 08:37:59,967 [Thread-791] INFO  om.OzoneManager (OzoneManager.java:setOMNodeDetails(651)) - OM Node ID is not set. Setting it to the OmStorage's OmID: 308db668-0206-42b7-97a0-ce036ce5f7fe
2019-09-20 08:37:59,967 [Thread-791] INFO  om.OzoneManager (OzoneManager.java:loadOMHAConfigs(602)) - Found matching OM address with OMServiceId: null, OMNodeId: null, RPC Address: localhost:0 and Ratis port: 9872
2019-09-20 08:37:59,974 | INFO  | SCMAudit | user=jenkins1000 | ip=192.168.36.79 | op=GET_SCM_INFO null | ret=SUCCESS |  
2019-09-20 08:37:59,977 [Thread-791] WARN  server.ServerUtils (ServerUtils.java:getDBPath(222)) - ozone.om.db.dirs is not configured. We recommend adding this setting. Falling back to ozone.metadata.dirs instead.
2019-09-20 08:37:59,978 [Thread-791] INFO  db.DBStoreBuilder (DBStoreBuilder.java:addTable(110)) - using custom profile for table: userTable
2019-09-20 08:37:59,978 [Thread-791] INFO  db.DBStoreBuilder (DBStoreBuilder.java:processTables(161)) - Using default column profile:DBProfile.DISK for Table:userTable
2019-09-20 08:37:59,978 [Thread-791] INFO  db.DBStoreBuilder (DBStoreBuilder.java:addTable(110)) - using custom profile for table: volumeTable
2019-09-20 08:37:59,978 [Thread-791] INFO  db.DBStoreBuilder (DBStoreBuilder.java:processTables(161)) - Using default column profile:DBProfile.DISK for Table:volumeTable
2019-09-20 08:37:59,979 [Thread-791] INFO  db.DBStoreBuilder (DBStoreBuilder.java:addTable(110)) - using custom profile for table: bucketTable
2019-09-20 08:37:59,979 [Thread-791] INFO  db.DBStoreBuilder (DBStoreBuilder.java:processTables(161)) - Using default column profile:DBProfile.DISK for Table:bucketTable
2019-09-20 08:37:59,979 [Thread-791] INFO  db.DBStoreBuilder (DBStoreBuilder.java:addTable(110)) - using custom profile for table: keyTable
2019-09-20 08:37:59,979 [Thread-791] INFO  db.DBStoreBuilder (DBStoreBuilder.java:processTables(161)) - Using default column profile:DBProfile.DISK for Table:keyTable
2019-09-20 08:37:59,980 [Thread-791] INFO  db.DBStoreBuilder (DBStoreBuilder.java:addTable(110)) - using custom profile for table: deletedTable
2019-09-20 08:37:59,980 [Thread-791] INFO  db.DBStoreBuilder (DBStoreBuilder.java:processTables(161)) - Using default column profile:DBProfile.DISK for Table:deletedTable
2019-09-20 08:37:59,980 [Thread-791] INFO  db.DBStoreBuilder (DBStoreBuilder.java:addTable(110)) - using custom profile for table: openKeyTable
2019-09-20 08:37:59,980 [Thread-791] INFO  db.DBStoreBuilder (DBStoreBuilder.java:processTables(161)) - Using default column profile:DBProfile.DISK for Table:openKeyTable
2019-09-20 08:37:59,980 [Thread-791] INFO  db.DBStoreBuilder (DBStoreBuilder.java:addTable(110)) - using custom profile for table: s3Table
2019-09-20 08:37:59,981 [Thread-791] INFO  db.DBStoreBuilder (DBStoreBuilder.java:processTables(161)) - Using default column profile:DBProfile.DISK for Table:s3Table
2019-09-20 08:37:59,981 [Thread-791] INFO  db.DBStoreBuilder (DBStoreBuilder.java:addTable(110)) - using custom profile for table: multipartInfoTable
2019-09-20 08:37:59,981 [Thread-791] INFO  db.DBStoreBuilder (DBStoreBuilder.java:processTables(161)) - Using default column profile:DBProfile.DISK for Table:multipartInfoTable
2019-09-20 08:37:59,981 [Thread-791] INFO  db.DBStoreBuilder (DBStoreBuilder.java:addTable(110)) - using custom profile for table: dTokenTable
2019-09-20 08:37:59,982 [Thread-791] INFO  db.DBStoreBuilder (DBStoreBuilder.java:processTables(161)) - Using default column profile:DBProfile.DISK for Table:dTokenTable
2019-09-20 08:37:59,982 [Thread-791] INFO  db.DBStoreBuilder (DBStoreBuilder.java:addTable(110)) - using custom profile for table: s3SecretTable
2019-09-20 08:37:59,982 [Thread-791] INFO  db.DBStoreBuilder (DBStoreBuilder.java:processTables(161)) - Using default column profile:DBProfile.DISK for Table:s3SecretTable
2019-09-20 08:37:59,982 [Thread-791] INFO  db.DBStoreBuilder (DBStoreBuilder.java:addTable(110)) - using custom profile for table: prefixTable
2019-09-20 08:37:59,982 [Thread-791] INFO  db.DBStoreBuilder (DBStoreBuilder.java:processTables(161)) - Using default column profile:DBProfile.DISK for Table:prefixTable
2019-09-20 08:37:59,983 [Thread-791] INFO  db.DBStoreBuilder (DBStoreBuilder.java:addTable(110)) - using custom profile for table: default
2019-09-20 08:37:59,983 [Thread-791] INFO  db.DBStoreBuilder (DBStoreBuilder.java:processTables(167)) - Using default column profile:DBProfile.DISK for Table:default
2019-09-20 08:37:59,983 [Thread-791] INFO  db.DBStoreBuilder (DBStoreBuilder.java:getDbProfile(198)) - Using default options. DBProfile.DISK
2019-09-20 08:38:00,713 [Thread-791] INFO  ipc.CallQueueManager (CallQueueManager.java:<init>(84)) - Using callQueue: class java.util.concurrent.LinkedBlockingQueue, queueCapacity: 2000, scheduler: class org.apache.hadoop.ipc.DefaultRpcScheduler, ipcBackoff: false.
2019-09-20 08:38:00,714 [Socket Reader #1 for port 33803] INFO  ipc.Server (Server.java:run(1074)) - Starting Socket Reader #1 for port 33803
2019-09-20 08:38:00,743 [Thread-791] INFO  om.OzoneManager (OzoneManager.java:start(1256)) - OzoneManager RPC server is listening at localhost/127.0.0.1:33803
2019-09-20 08:38:00,743 [Thread-791] INFO  impl.MetricsSystemImpl (MetricsSystemImpl.java:init(158)) - OzoneManager metrics system started (again)
2019-09-20 08:38:00,744 [IPC Server Responder] INFO  ipc.Server (Server.java:run(1314)) - IPC Server Responder: starting
2019-09-20 08:38:00,744 [IPC Server listener on 33803] INFO  ipc.Server (Server.java:run(1153)) - IPC Server listener on 33803: starting
2019-09-20 08:38:00,751 [Thread-791] INFO  hdfs.DFSUtil (DFSUtil.java:httpServerTemplateForNNAndJN(1641)) - Starting Web-server for ozoneManager at: http://0.0.0.0:0
2019-09-20 08:38:00,754 [Thread-791] INFO  server.AuthenticationFilter (AuthenticationFilter.java:constructSecretProvider(240)) - Unable to initialize FileSignerSecretProvider, falling back to use random secrets.
2019-09-20 08:38:00,755 [Thread-791] WARN  http.HttpRequestLog (HttpRequestLog.java:getRequestLog(97)) - Jetty request log can only be enabled using Log4j
2019-09-20 08:38:00,758 [Thread-791] INFO  http.HttpServer2 (HttpServer2.java:addGlobalFilter(975)) - Added global filter 'safety' (class=org.apache.hadoop.http.HttpServer2$QuotingInputFilter)
2019-09-20 08:38:00,759 [Thread-791] INFO  http.HttpServer2 (HttpServer2.java:addFilter(948)) - Added filter static_user_filter (class=org.apache.hadoop.http.lib.StaticUserWebFilter$StaticUserFilter) to context ozoneManager
2019-09-20 08:38:00,759 [Thread-791] INFO  http.HttpServer2 (HttpServer2.java:addFilter(958)) - Added filter static_user_filter (class=org.apache.hadoop.http.lib.StaticUserWebFilter$StaticUserFilter) to context logs
2019-09-20 08:38:00,760 [Thread-791] INFO  http.HttpServer2 (HttpServer2.java:addFilter(958)) - Added filter static_user_filter (class=org.apache.hadoop.http.lib.StaticUserWebFilter$StaticUserFilter) to context static
2019-09-20 08:38:00,761 [Thread-791] INFO  http.HttpServer2 (HttpServer2.java:bindListener(1191)) - Jetty bound to port 42531
2019-09-20 08:38:00,761 [Thread-791] INFO  server.Server (Server.java:doStart(351)) - jetty-9.3.24.v20180605, build timestamp: 2018-06-05T17:11:56Z, git hash: 84205aa28f11a4f31f2a3b86d1bba2cc8ab69827
2019-09-20 08:38:00,764 [Thread-791] INFO  handler.ContextHandler (ContextHandler.java:doStart(781)) - Started o.e.j.s.ServletContextHandler@7270ef70{/logs,file:///workdir/hadoop-ozone/ozonefs/target/log,AVAILABLE}
2019-09-20 08:38:00,765 [Thread-791] INFO  handler.ContextHandler (ContextHandler.java:doStart(781)) - Started o.e.j.s.ServletContextHandler@7b5fc20{/static,jar:file:/home/user/.m2/repository/org/apache/hadoop/hadoop-ozone-ozone-manager/0.5.0-SNAPSHOT/hadoop-ozone-ozone-manager-0.5.0-SNAPSHOT.jar!/webapps/static,AVAILABLE}
2019-09-20 08:38:00,827 [Thread-791] INFO  handler.ContextHandler (ContextHandler.java:doStart(781)) - Started o.e.j.w.WebAppContext@2b8dd554{/,file:///tmp/jetty-0.0.0.0-42531-ozoneManager-_-any-1114784917635310763.dir/webapp/,AVAILABLE}{/ozoneManager}
2019-09-20 08:38:00,828 [Thread-791] INFO  server.AbstractConnector (AbstractConnector.java:doStart(278)) - Started ServerConnector@5ef6e7f1{HTTP/1.1,[http/1.1]}{0.0.0.0:42531}
2019-09-20 08:38:00,829 [Thread-791] INFO  server.Server (Server.java:doStart(419)) - Started @62331ms
2019-09-20 08:38:00,830 [Thread-791] INFO  server.BaseHttpServer (BaseHttpServer.java:updateConnectorAddress(213)) - HTTP server of OZONEMANAGER is listening at http://0.0.0.0:42531
2019-09-20 08:38:00,838 [Thread-791] INFO  impl.MetricsSystemImpl (MetricsSystemImpl.java:init(158)) - HddsDatanode metrics system started (again)
2019-09-20 08:38:00,839 [Thread-791] INFO  ozone.HddsDatanodeService (HddsDatanodeService.java:start(184)) - HddsDatanodeService host:pr-hdds-1569-s8kj2-2266485376 ip:192.168.36.79
2019-09-20 08:38:00,847 [Thread-791] INFO  volume.HddsVolume (HddsVolume.java:<init>(176)) - Creating Volume: /workdir/hadoop-ozone/ozonefs/target/test-dir/MiniOzoneClusterImpl-1f915b72-7f2b-4803-b951-606f028ff0e9/datanode-0/data/containers/hdds of  storage type : DISK and capacity : 1482555576320
2019-09-20 08:38:00,848 [Thread-791] INFO  volume.VolumeSet (VolumeSet.java:initializeVolumeSet(170)) - Added Volume : /workdir/hadoop-ozone/ozonefs/target/test-dir/MiniOzoneClusterImpl-1f915b72-7f2b-4803-b951-606f028ff0e9/datanode-0/data/containers/hdds to VolumeSet
2019-09-20 08:38:00,848 [Thread-791] INFO  volume.ThrottledAsyncChecker (ThrottledAsyncChecker.java:schedule(140)) - Scheduling a check for org.apache.hadoop.ozone.container.common.volume.HddsVolume@a9c5c0b
2019-09-20 08:38:00,848 [Thread-791] INFO  volume.HddsVolumeChecker (HddsVolumeChecker.java:checkAllVolumes(203)) - Scheduled health check for volume org.apache.hadoop.ozone.container.common.volume.HddsVolume@a9c5c0b
2019-09-20 08:38:00,869 [Thread-791] INFO  impl.RaftServerProxy (ConfUtils.java:logGet(43)) - raft.rpc.type = GRPC (default)
2019-09-20 08:38:00,869 [Thread-791] INFO  grpc.GrpcFactory (GrpcFactory.java:checkPooledByteBufAllocatorUseCacheForAllThreads(45)) - PERFORMANCE WARNING: useCacheForAllThreads is true that may cause Netty to create a lot garbage objects and, as a result, trigger GC.
	It is recommended to disable useCacheForAllThreads by setting -Dorg.apache.ratis.thirdparty.io.netty.allocator.useCacheForAllThreads=false in command line.
2019-09-20 08:38:00,869 [Thread-791] INFO  grpc.GrpcConfigKeys$Server (ConfUtils.java:logGet(43)) - raft.grpc.server.port = 0 (default)
2019-09-20 08:38:00,869 [Thread-791] INFO  server.GrpcService (ConfUtils.java:logGet(43)) - raft.grpc.message.size.max = 33570816 (custom)
2019-09-20 08:38:00,870 [Thread-791] INFO  server.RaftServerConfigKeys (ConfUtils.java:logGet(43)) - raft.server.log.appender.buffer.byte-limit = 33554432 (custom)
2019-09-20 08:38:00,870 [Thread-791] INFO  server.GrpcService (ConfUtils.java:logGet(43)) - raft.grpc.flow.control.window = 1MB (=1048576) (default)
2019-09-20 08:38:00,870 [Thread-791] INFO  server.RaftServerConfigKeys (ConfUtils.java:logGet(43)) - raft.server.rpc.request.timeout = 3000ms (default)
2019-09-20 08:38:00,871 [Thread-791] INFO  server.RaftServerConfigKeys (ConfUtils.java:logGet(43)) - raft.server.storage.dir = [/workdir/hadoop-ozone/ozonefs/target/test-dir/MiniOzoneClusterImpl-1f915b72-7f2b-4803-b951-606f028ff0e9/datanode-0/data/ratis] (custom)
2019-09-20 08:38:00,871 [Thread-791] INFO  replication.SimpleContainerDownloader (SimpleContainerDownloader.java:<init>(72)) - Starting container downloader service to copy containers to replicate.
2019-09-20 08:38:00,872 [Thread-791] INFO  hdfs.DFSUtil (DFSUtil.java:httpServerTemplateForNNAndJN(1641)) - Starting Web-server for hddsDatanode at: http://0.0.0.0:0
2019-09-20 08:38:00,874 [Thread-791] INFO  server.AuthenticationFilter (AuthenticationFilter.java:constructSecretProvider(240)) - Unable to initialize FileSignerSecretProvider, falling back to use random secrets.
2019-09-20 08:38:00,874 [Thread-791] WARN  http.HttpRequestLog (HttpRequestLog.java:getRequestLog(97)) - Jetty request log can only be enabled using Log4j
2019-09-20 08:38:00,876 [Thread-791] INFO  http.HttpServer2 (HttpServer2.java:addGlobalFilter(975)) - Added global filter 'safety' (class=org.apache.hadoop.http.HttpServer2$QuotingInputFilter)
2019-09-20 08:38:00,876 [Thread-791] INFO  http.HttpServer2 (HttpServer2.java:addFilter(948)) - Added filter static_user_filter (class=org.apache.hadoop.http.lib.StaticUserWebFilter$StaticUserFilter) to context hddsDatanode
2019-09-20 08:38:00,876 [Thread-791] INFO  http.HttpServer2 (HttpServer2.java:addFilter(958)) - Added filter static_user_filter (class=org.apache.hadoop.http.lib.StaticUserWebFilter$StaticUserFilter) to context static
2019-09-20 08:38:00,876 [Thread-791] INFO  http.HttpServer2 (HttpServer2.java:addFilter(958)) - Added filter static_user_filter (class=org.apache.hadoop.http.lib.StaticUserWebFilter$StaticUserFilter) to context logs
2019-09-20 08:38:00,877 [Thread-791] INFO  http.HttpServer2 (HttpServer2.java:bindListener(1191)) - Jetty bound to port 41734
2019-09-20 08:38:00,877 [Thread-791] INFO  server.Server (Server.java:doStart(351)) - jetty-9.3.24.v20180605, build timestamp: 2018-06-05T17:11:56Z, git hash: 84205aa28f11a4f31f2a3b86d1bba2cc8ab69827
2019-09-20 08:38:00,879 [Thread-791] INFO  handler.ContextHandler (ContextHandler.java:doStart(781)) - Started o.e.j.s.ServletContextHandler@4a5739be{/logs,file:///workdir/hadoop-ozone/ozonefs/target/log,AVAILABLE}
2019-09-20 08:38:00,879 [Thread-791] INFO  handler.ContextHandler (ContextHandler.java:doStart(781)) - Started o.e.j.s.ServletContextHandler@21f2d810{/static,jar:file:/home/user/.m2/repository/org/apache/hadoop/hadoop-hdds-container-service/0.5.0-SNAPSHOT/hadoop-hdds-container-service-0.5.0-SNAPSHOT.jar!/webapps/static,AVAILABLE}
2019-09-20 08:38:00,906 [Thread-791] INFO  handler.ContextHandler (ContextHandler.java:doStart(781)) - Started o.e.j.w.WebAppContext@7f1b5d49{/,file:///tmp/jetty-0.0.0.0-41734-hddsDatanode-_-any-7491842650542522417.dir/webapp/,AVAILABLE}{/hddsDatanode}
2019-09-20 08:38:00,906 [Thread-791] INFO  server.AbstractConnector (AbstractConnector.java:doStart(278)) - Started ServerConnector@1d1d4b1b{HTTP/1.1,[http/1.1]}{0.0.0.0:41734}
2019-09-20 08:38:00,907 [Thread-791] INFO  server.Server (Server.java:doStart(419)) - Started @62409ms
2019-09-20 08:38:00,908 [Thread-791] INFO  server.BaseHttpServer (BaseHttpServer.java:updateConnectorAddress(213)) - HTTP server of HDDSDATANODE is listening at http://0.0.0.0:41734
2019-09-20 08:38:01,046 | INFO  | ObjectStoreRestHttpServer | Listening HDDS REST traffic on /0.0.0.0:39957 |  
2019-09-20 08:38:01,046 [Thread-791] INFO  ozone.HddsDatanodeService (HddsDatanodeService.java:startPlugins(395)) - Started plug-in org.apache.hadoop.ozone.web.OzoneHddsDatanodeService@71aae917
2019-09-20 08:38:01,046 [Thread-791] INFO  impl.MetricsSystemImpl (MetricsSystemImpl.java:init(158)) - HddsDatanode metrics system started (again)
2019-09-20 08:38:01,048 [org.apache.hadoop.util.JvmPauseMonitor$Monitor@4c6f016f] INFO  util.JvmPauseMonitor (JvmPauseMonitor.java:run(188)) - Starting JVM pause monitor
2019-09-20 08:38:01,049 [Thread-791] INFO  ozone.HddsDatanodeService (HddsDatanodeService.java:start(184)) - HddsDatanodeService host:pr-hdds-1569-s8kj2-2266485376 ip:192.168.36.79
2019-09-20 08:38:01,051 [Datanode State Machine Thread - 0] INFO  datanode.InitDatanodeState (InitDatanodeState.java:persistContainerDatanodeDetails(140)) - DatanodeDetails is persisted to /workdir/hadoop-ozone/ozonefs/target/test-dir/MiniOzoneClusterImpl-1f915b72-7f2b-4803-b951-606f028ff0e9/datanode-0/meta/datanode.id
2019-09-20 08:38:01,056 [Thread-791] INFO  volume.HddsVolume (HddsVolume.java:<init>(176)) - Creating Volume: /workdir/hadoop-ozone/ozonefs/target/test-dir/MiniOzoneClusterImpl-1f915b72-7f2b-4803-b951-606f028ff0e9/datanode-1/data/containers/hdds of  storage type : DISK and capacity : 1482555576320
2019-09-20 08:38:01,057 [Thread-791] INFO  volume.VolumeSet (VolumeSet.java:initializeVolumeSet(170)) - Added Volume : /workdir/hadoop-ozone/ozonefs/target/test-dir/MiniOzoneClusterImpl-1f915b72-7f2b-4803-b951-606f028ff0e9/datanode-1/data/containers/hdds to VolumeSet
2019-09-20 08:38:01,057 [Thread-791] INFO  volume.ThrottledAsyncChecker (ThrottledAsyncChecker.java:schedule(140)) - Scheduling a check for org.apache.hadoop.ozone.container.common.volume.HddsVolume@544f1b15
2019-09-20 08:38:01,057 [Thread-791] INFO  volume.HddsVolumeChecker (HddsVolumeChecker.java:checkAllVolumes(203)) - Scheduled health check for volume org.apache.hadoop.ozone.container.common.volume.HddsVolume@544f1b15
2019-09-20 08:38:01,078 [Thread-791] INFO  impl.RaftServerProxy (ConfUtils.java:logGet(43)) - raft.rpc.type = GRPC (default)
2019-09-20 08:38:01,078 [Thread-791] INFO  grpc.GrpcFactory (GrpcFactory.java:checkPooledByteBufAllocatorUseCacheForAllThreads(45)) - PERFORMANCE WARNING: useCacheForAllThreads is true that may cause Netty to create a lot garbage objects and, as a result, trigger GC.
	It is recommended to disable useCacheForAllThreads by setting -Dorg.apache.ratis.thirdparty.io.netty.allocator.useCacheForAllThreads=false in command line.
2019-09-20 08:38:01,078 [Thread-791] INFO  grpc.GrpcConfigKeys$Server (ConfUtils.java:logGet(43)) - raft.grpc.server.port = 0 (default)
2019-09-20 08:38:01,078 [Thread-791] INFO  server.GrpcService (ConfUtils.java:logGet(43)) - raft.grpc.message.size.max = 33570816 (custom)
2019-09-20 08:38:01,078 [Thread-791] INFO  server.RaftServerConfigKeys (ConfUtils.java:logGet(43)) - raft.server.log.appender.buffer.byte-limit = 33554432 (custom)
2019-09-20 08:38:01,079 [Thread-791] INFO  server.GrpcService (ConfUtils.java:logGet(43)) - raft.grpc.flow.control.window = 1MB (=1048576) (default)
2019-09-20 08:38:01,079 [Thread-791] INFO  server.RaftServerConfigKeys (ConfUtils.java:logGet(43)) - raft.server.rpc.request.timeout = 3000ms (default)
2019-09-20 08:38:01,079 [Thread-791] INFO  server.RaftServerConfigKeys (ConfUtils.java:logGet(43)) - raft.server.storage.dir = [/workdir/hadoop-ozone/ozonefs/target/test-dir/MiniOzoneClusterImpl-1f915b72-7f2b-4803-b951-606f028ff0e9/datanode-1/data/ratis] (custom)
2019-09-20 08:38:01,080 [Thread-791] INFO  replication.SimpleContainerDownloader (SimpleContainerDownloader.java:<init>(72)) - Starting container downloader service to copy containers to replicate.
2019-09-20 08:38:01,081 [Thread-791] INFO  hdfs.DFSUtil (DFSUtil.java:httpServerTemplateForNNAndJN(1641)) - Starting Web-server for hddsDatanode at: http://0.0.0.0:0
2019-09-20 08:38:01,083 [Thread-791] INFO  server.AuthenticationFilter (AuthenticationFilter.java:constructSecretProvider(240)) - Unable to initialize FileSignerSecretProvider, falling back to use random secrets.
2019-09-20 08:38:01,083 [Thread-791] WARN  http.HttpRequestLog (HttpRequestLog.java:getRequestLog(97)) - Jetty request log can only be enabled using Log4j
2019-09-20 08:38:01,085 [Thread-791] INFO  http.HttpServer2 (HttpServer2.java:addGlobalFilter(975)) - Added global filter 'safety' (class=org.apache.hadoop.http.HttpServer2$QuotingInputFilter)
2019-09-20 08:38:01,085 [Thread-791] INFO  http.HttpServer2 (HttpServer2.java:addFilter(948)) - Added filter static_user_filter (class=org.apache.hadoop.http.lib.StaticUserWebFilter$StaticUserFilter) to context hddsDatanode
2019-09-20 08:38:01,085 [Thread-791] INFO  http.HttpServer2 (HttpServer2.java:addFilter(958)) - Added filter static_user_filter (class=org.apache.hadoop.http.lib.StaticUserWebFilter$StaticUserFilter) to context static
2019-09-20 08:38:01,085 [Thread-791] INFO  http.HttpServer2 (HttpServer2.java:addFilter(958)) - Added filter static_user_filter (class=org.apache.hadoop.http.lib.StaticUserWebFilter$StaticUserFilter) to context logs
2019-09-20 08:38:01,086 [Thread-791] INFO  http.HttpServer2 (HttpServer2.java:bindListener(1191)) - Jetty bound to port 44939
2019-09-20 08:38:01,086 [Thread-791] INFO  server.Server (Server.java:doStart(351)) - jetty-9.3.24.v20180605, build timestamp: 2018-06-05T17:11:56Z, git hash: 84205aa28f11a4f31f2a3b86d1bba2cc8ab69827
2019-09-20 08:38:01,088 [Thread-791] INFO  handler.ContextHandler (ContextHandler.java:doStart(781)) - Started o.e.j.s.ServletContextHandler@2771772c{/logs,file:///workdir/hadoop-ozone/ozonefs/target/log,AVAILABLE}
2019-09-20 08:38:01,088 [Thread-791] INFO  handler.ContextHandler (ContextHandler.java:doStart(781)) - Started o.e.j.s.ServletContextHandler@5079352f{/static,jar:file:/home/user/.m2/repository/org/apache/hadoop/hadoop-hdds-container-service/0.5.0-SNAPSHOT/hadoop-hdds-container-service-0.5.0-SNAPSHOT.jar!/webapps/static,AVAILABLE}
2019-09-20 08:38:01,117 [Thread-791] INFO  handler.ContextHandler (ContextHandler.java:doStart(781)) - Started o.e.j.w.WebAppContext@28314dc3{/,file:///tmp/jetty-0.0.0.0-44939-hddsDatanode-_-any-8594161917940975969.dir/webapp/,AVAILABLE}{/hddsDatanode}
2019-09-20 08:38:01,118 [Thread-791] INFO  server.AbstractConnector (AbstractConnector.java:doStart(278)) - Started ServerConnector@76f6e055{HTTP/1.1,[http/1.1]}{0.0.0.0:44939}
2019-09-20 08:38:01,119 [Thread-791] INFO  server.Server (Server.java:doStart(419)) - Started @62621ms
2019-09-20 08:38:01,120 [Thread-791] INFO  server.BaseHttpServer (BaseHttpServer.java:updateConnectorAddress(213)) - HTTP server of HDDSDATANODE is listening at http://0.0.0.0:44939
2019-09-20 08:38:01,258 | INFO  | ObjectStoreRestHttpServer | Listening HDDS REST traffic on /0.0.0.0:41934 |  
2019-09-20 08:38:01,258 [Thread-791] INFO  ozone.HddsDatanodeService (HddsDatanodeService.java:startPlugins(395)) - Started plug-in org.apache.hadoop.ozone.web.OzoneHddsDatanodeService@10775b5c
2019-09-20 08:38:01,258 [Thread-791] INFO  impl.MetricsSystemImpl (MetricsSystemImpl.java:init(158)) - HddsDatanode metrics system started (again)
2019-09-20 08:38:01,261 [Thread-791] INFO  ozone.HddsDatanodeService (HddsDatanodeService.java:start(184)) - HddsDatanodeService host:pr-hdds-1569-s8kj2-2266485376 ip:192.168.36.79
2019-09-20 08:38:01,261 [org.apache.hadoop.util.JvmPauseMonitor$Monitor@7ef265d7] INFO  util.JvmPauseMonitor (JvmPauseMonitor.java:run(188)) - Starting JVM pause monitor
2019-09-20 08:38:01,264 [Datanode State Machine Thread - 0] INFO  datanode.InitDatanodeState (InitDatanodeState.java:persistContainerDatanodeDetails(140)) - DatanodeDetails is persisted to /workdir/hadoop-ozone/ozonefs/target/test-dir/MiniOzoneClusterImpl-1f915b72-7f2b-4803-b951-606f028ff0e9/datanode-1/meta/datanode.id
2019-09-20 08:38:01,270 [Thread-791] INFO  volume.HddsVolume (HddsVolume.java:<init>(176)) - Creating Volume: /workdir/hadoop-ozone/ozonefs/target/test-dir/MiniOzoneClusterImpl-1f915b72-7f2b-4803-b951-606f028ff0e9/datanode-2/data/containers/hdds of  storage type : DISK and capacity : 1482555576320
2019-09-20 08:38:01,270 [Thread-791] INFO  volume.VolumeSet (VolumeSet.java:initializeVolumeSet(170)) - Added Volume : /workdir/hadoop-ozone/ozonefs/target/test-dir/MiniOzoneClusterImpl-1f915b72-7f2b-4803-b951-606f028ff0e9/datanode-2/data/containers/hdds to VolumeSet
2019-09-20 08:38:01,270 [Thread-791] INFO  volume.ThrottledAsyncChecker (ThrottledAsyncChecker.java:schedule(140)) - Scheduling a check for org.apache.hadoop.ozone.container.common.volume.HddsVolume@472a36b6
2019-09-20 08:38:01,271 [Thread-791] INFO  volume.HddsVolumeChecker (HddsVolumeChecker.java:checkAllVolumes(203)) - Scheduled health check for volume org.apache.hadoop.ozone.container.common.volume.HddsVolume@472a36b6
2019-09-20 08:38:01,295 [Thread-791] INFO  impl.RaftServerProxy (ConfUtils.java:logGet(43)) - raft.rpc.type = GRPC (default)
2019-09-20 08:38:01,296 [Thread-791] INFO  grpc.GrpcFactory (GrpcFactory.java:checkPooledByteBufAllocatorUseCacheForAllThreads(45)) - PERFORMANCE WARNING: useCacheForAllThreads is true that may cause Netty to create a lot garbage objects and, as a result, trigger GC.
	It is recommended to disable useCacheForAllThreads by setting -Dorg.apache.ratis.thirdparty.io.netty.allocator.useCacheForAllThreads=false in command line.
2019-09-20 08:38:01,296 [Thread-791] INFO  grpc.GrpcConfigKeys$Server (ConfUtils.java:logGet(43)) - raft.grpc.server.port = 0 (default)
2019-09-20 08:38:01,296 [Thread-791] INFO  server.GrpcService (ConfUtils.java:logGet(43)) - raft.grpc.message.size.max = 33570816 (custom)
2019-09-20 08:38:01,296 [Thread-791] INFO  server.RaftServerConfigKeys (ConfUtils.java:logGet(43)) - raft.server.log.appender.buffer.byte-limit = 33554432 (custom)
2019-09-20 08:38:01,297 [Thread-791] INFO  server.GrpcService (ConfUtils.java:logGet(43)) - raft.grpc.flow.control.window = 1MB (=1048576) (default)
2019-09-20 08:38:01,297 [Thread-791] INFO  server.RaftServerConfigKeys (ConfUtils.java:logGet(43)) - raft.server.rpc.request.timeout = 3000ms (default)
2019-09-20 08:38:01,298 [Thread-791] INFO  server.RaftServerConfigKeys (ConfUtils.java:logGet(43)) - raft.server.storage.dir = [/workdir/hadoop-ozone/ozonefs/target/test-dir/MiniOzoneClusterImpl-1f915b72-7f2b-4803-b951-606f028ff0e9/datanode-2/data/ratis] (custom)
2019-09-20 08:38:01,298 [Thread-791] INFO  replication.SimpleContainerDownloader (SimpleContainerDownloader.java:<init>(72)) - Starting container downloader service to copy containers to replicate.
2019-09-20 08:38:01,300 [Thread-791] INFO  hdfs.DFSUtil (DFSUtil.java:httpServerTemplateForNNAndJN(1641)) - Starting Web-server for hddsDatanode at: http://0.0.0.0:0
2019-09-20 08:38:01,301 [Thread-791] INFO  server.AuthenticationFilter (AuthenticationFilter.java:constructSecretProvider(240)) - Unable to initialize FileSignerSecretProvider, falling back to use random secrets.
2019-09-20 08:38:01,302 [Thread-791] WARN  http.HttpRequestLog (HttpRequestLog.java:getRequestLog(97)) - Jetty request log can only be enabled using Log4j
2019-09-20 08:38:01,304 [Thread-791] INFO  http.HttpServer2 (HttpServer2.java:addGlobalFilter(975)) - Added global filter 'safety' (class=org.apache.hadoop.http.HttpServer2$QuotingInputFilter)
2019-09-20 08:38:01,304 [Thread-791] INFO  http.HttpServer2 (HttpServer2.java:addFilter(948)) - Added filter static_user_filter (class=org.apache.hadoop.http.lib.StaticUserWebFilter$StaticUserFilter) to context hddsDatanode
2019-09-20 08:38:01,304 [Thread-791] INFO  http.HttpServer2 (HttpServer2.java:addFilter(958)) - Added filter static_user_filter (class=org.apache.hadoop.http.lib.StaticUserWebFilter$StaticUserFilter) to context logs
2019-09-20 08:38:01,304 [Thread-791] INFO  http.HttpServer2 (HttpServer2.java:addFilter(958)) - Added filter static_user_filter (class=org.apache.hadoop.http.lib.StaticUserWebFilter$StaticUserFilter) to context static
2019-09-20 08:38:01,305 [Thread-791] INFO  http.HttpServer2 (HttpServer2.java:bindListener(1191)) - Jetty bound to port 37954
2019-09-20 08:38:01,305 [Thread-791] INFO  server.Server (Server.java:doStart(351)) - jetty-9.3.24.v20180605, build timestamp: 2018-06-05T17:11:56Z, git hash: 84205aa28f11a4f31f2a3b86d1bba2cc8ab69827
2019-09-20 08:38:01,307 [Thread-791] INFO  handler.ContextHandler (ContextHandler.java:doStart(781)) - Started o.e.j.s.ServletContextHandler@603b7dff{/logs,file:///workdir/hadoop-ozone/ozonefs/target/log,AVAILABLE}
2019-09-20 08:38:01,308 [Thread-791] INFO  handler.ContextHandler (ContextHandler.java:doStart(781)) - Started o.e.j.s.ServletContextHandler@756f4a71{/static,jar:file:/home/user/.m2/repository/org/apache/hadoop/hadoop-hdds-container-service/0.5.0-SNAPSHOT/hadoop-hdds-container-service-0.5.0-SNAPSHOT.jar!/webapps/static,AVAILABLE}
2019-09-20 08:38:01,334 [Thread-791] INFO  handler.ContextHandler (ContextHandler.java:doStart(781)) - Started o.e.j.w.WebAppContext@2b5679ae{/,file:///tmp/jetty-0.0.0.0-37954-hddsDatanode-_-any-3801431188994430973.dir/webapp/,AVAILABLE}{/hddsDatanode}
2019-09-20 08:38:01,334 [Thread-791] INFO  server.AbstractConnector (AbstractConnector.java:doStart(278)) - Started ServerConnector@2d073d21{HTTP/1.1,[http/1.1]}{0.0.0.0:37954}
2019-09-20 08:38:01,335 [Thread-791] INFO  server.Server (Server.java:doStart(419)) - Started @62837ms
2019-09-20 08:38:01,336 [Thread-791] INFO  server.BaseHttpServer (BaseHttpServer.java:updateConnectorAddress(213)) - HTTP server of HDDSDATANODE is listening at http://0.0.0.0:37954
2019-09-20 08:38:01,480 | INFO  | ObjectStoreRestHttpServer | Listening HDDS REST traffic on /0.0.0.0:39974 |  
2019-09-20 08:38:01,480 [Thread-791] INFO  ozone.HddsDatanodeService (HddsDatanodeService.java:startPlugins(395)) - Started plug-in org.apache.hadoop.ozone.web.OzoneHddsDatanodeService@bb43639
2019-09-20 08:38:01,481 [Thread-791] INFO  ozone.MiniOzoneClusterImpl (MiniOzoneClusterImpl.java:lambda$waitForClusterToBeReady$0(142)) - Waiting for cluster to be ready. Got 0 of 3 DN Heartbeats.
2019-09-20 08:38:01,482 [org.apache.hadoop.util.JvmPauseMonitor$Monitor@b0feae] INFO  util.JvmPauseMonitor (JvmPauseMonitor.java:run(188)) - Starting JVM pause monitor
2019-09-20 08:38:01,485 [Datanode State Machine Thread - 0] INFO  datanode.InitDatanodeState (InitDatanodeState.java:persistContainerDatanodeDetails(140)) - DatanodeDetails is persisted to /workdir/hadoop-ozone/ozonefs/target/test-dir/MiniOzoneClusterImpl-1f915b72-7f2b-4803-b951-606f028ff0e9/datanode-2/meta/datanode.id
2019-09-20 08:38:02,481 [Thread-791] INFO  ozone.MiniOzoneClusterImpl (MiniOzoneClusterImpl.java:lambda$waitForClusterToBeReady$0(142)) - Waiting for cluster to be ready. Got 0 of 3 DN Heartbeats.
2019-09-20 08:38:03,053 | INFO  | SCMAudit | user=jenkins1000 | ip=192.168.36.79 | op=GET_VERSION null | ret=SUCCESS |  
2019-09-20 08:38:03,078 [Datanode State Machine Thread - 0] INFO  ozoneimpl.OzoneContainer (OzoneContainer.java:start(186)) - Attempting to start container services.
2019-09-20 08:38:03,078 [Datanode State Machine Thread - 0] INFO  ozoneimpl.OzoneContainer (OzoneContainer.java:startContainerScrub(160)) - Background container scrubber has been disabled by hdds.containerscrub.enabled
2019-09-20 08:38:03,078 [Datanode State Machine Thread - 0] INFO  ratis.XceiverServerRatis (XceiverServerRatis.java:start(404)) - Starting XceiverServerRatis 8a49adf3-6e81-4a75-ab50-8f2c6e76bdc3 at port 0
2019-09-20 08:38:03,085 [Datanode State Machine Thread - 0] INFO  impl.RaftServerProxy (RaftServerProxy.java:lambda$start$3(299)) - 8a49adf3-6e81-4a75-ab50-8f2c6e76bdc3: start RPC server
2019-09-20 08:38:03,088 [Datanode State Machine Thread - 0] INFO  server.GrpcService (GrpcService.java:startImpl(149)) - 8a49adf3-6e81-4a75-ab50-8f2c6e76bdc3: GrpcService started, listening on 0.0.0.0/0.0.0.0:46226
2019-09-20 08:38:03,088 [Datanode State Machine Thread - 0] INFO  ratis.XceiverServerRatis (XceiverServerRatis.java:start(414)) - XceiverServerRatis 8a49adf3-6e81-4a75-ab50-8f2c6e76bdc3 is started using port 46226
2019-09-20 08:38:03,093 [Datanode State Machine Thread - 0] INFO  server.XceiverServerGrpc (XceiverServerGrpc.java:start(163)) - XceiverServerGrpc 8a49adf3-6e81-4a75-ab50-8f2c6e76bdc3 is started using port 33689
2019-09-20 08:38:03,262 | INFO  | SCMAudit | user=jenkins1000 | ip=192.168.36.79 | op=GET_VERSION null | ret=SUCCESS |  
2019-09-20 08:38:03,292 [Datanode State Machine Thread - 0] INFO  ozoneimpl.OzoneContainer (OzoneContainer.java:start(186)) - Attempting to start container services.
2019-09-20 08:38:03,292 [Datanode State Machine Thread - 0] INFO  ozoneimpl.OzoneContainer (OzoneContainer.java:startContainerScrub(160)) - Background container scrubber has been disabled by hdds.containerscrub.enabled
2019-09-20 08:38:03,292 [Datanode State Machine Thread - 0] INFO  ratis.XceiverServerRatis (XceiverServerRatis.java:start(404)) - Starting XceiverServerRatis 5bfa0e55-6e65-4c9d-a9d6-a9b1c265a83f at port 0
2019-09-20 08:38:03,299 [Datanode State Machine Thread - 0] INFO  impl.RaftServerProxy (RaftServerProxy.java:lambda$start$3(299)) - 5bfa0e55-6e65-4c9d-a9d6-a9b1c265a83f: start RPC server
2019-09-20 08:38:03,300 [Datanode State Machine Thread - 0] INFO  server.GrpcService (GrpcService.java:startImpl(149)) - 5bfa0e55-6e65-4c9d-a9d6-a9b1c265a83f: GrpcService started, listening on 0.0.0.0/0.0.0.0:36439
2019-09-20 08:38:03,300 [Datanode State Machine Thread - 0] INFO  ratis.XceiverServerRatis (XceiverServerRatis.java:start(414)) - XceiverServerRatis 5bfa0e55-6e65-4c9d-a9d6-a9b1c265a83f is started using port 36439
2019-09-20 08:38:03,301 [Datanode State Machine Thread - 0] INFO  server.XceiverServerGrpc (XceiverServerGrpc.java:start(163)) - XceiverServerGrpc 5bfa0e55-6e65-4c9d-a9d6-a9b1c265a83f is started using port 43812
2019-09-20 08:38:03,482 [Thread-791] INFO  ozone.MiniOzoneClusterImpl (MiniOzoneClusterImpl.java:lambda$waitForClusterToBeReady$0(142)) - Waiting for cluster to be ready. Got 0 of 3 DN Heartbeats.
2019-09-20 08:38:03,483 | INFO  | SCMAudit | user=jenkins1000 | ip=192.168.36.79 | op=GET_VERSION null | ret=SUCCESS |  
2019-09-20 08:38:03,509 [Datanode State Machine Thread - 0] INFO  ozoneimpl.OzoneContainer (OzoneContainer.java:start(186)) - Attempting to start container services.
2019-09-20 08:38:03,510 [Datanode State Machine Thread - 0] INFO  ozoneimpl.OzoneContainer (OzoneContainer.java:startContainerScrub(160)) - Background container scrubber has been disabled by hdds.containerscrub.enabled
2019-09-20 08:38:03,510 [Datanode State Machine Thread - 0] INFO  ratis.XceiverServerRatis (XceiverServerRatis.java:start(404)) - Starting XceiverServerRatis 2f8cca2b-bc23-4b5e-a61a-cdaaa212171f at port 0
2019-09-20 08:38:03,516 [Datanode State Machine Thread - 0] INFO  impl.RaftServerProxy (RaftServerProxy.java:lambda$start$3(299)) - 2f8cca2b-bc23-4b5e-a61a-cdaaa212171f: start RPC server
2019-09-20 08:38:03,517 [Datanode State Machine Thread - 0] INFO  server.GrpcService (GrpcService.java:startImpl(149)) - 2f8cca2b-bc23-4b5e-a61a-cdaaa212171f: GrpcService started, listening on 0.0.0.0/0.0.0.0:42129
2019-09-20 08:38:03,517 [Datanode State Machine Thread - 0] INFO  ratis.XceiverServerRatis (XceiverServerRatis.java:start(414)) - XceiverServerRatis 2f8cca2b-bc23-4b5e-a61a-cdaaa212171f is started using port 42129
2019-09-20 08:38:03,520 [Datanode State Machine Thread - 0] INFO  server.XceiverServerGrpc (XceiverServerGrpc.java:start(163)) - XceiverServerGrpc 2f8cca2b-bc23-4b5e-a61a-cdaaa212171f is started using port 36113
2019-09-20 08:38:04,482 [Thread-791] INFO  ozone.MiniOzoneClusterImpl (MiniOzoneClusterImpl.java:lambda$waitForClusterToBeReady$0(142)) - Waiting for cluster to be ready. Got 0 of 3 DN Heartbeats.
2019-09-20 08:38:05,055 [IPC Server handler 0 on 42422] INFO  net.NetworkTopology (NetworkTopologyImpl.java:add(110)) - Added a new node: /default-rack/8a49adf3-6e81-4a75-ab50-8f2c6e76bdc3
2019-09-20 08:38:05,057 [IPC Server handler 0 on 42422] INFO  node.SCMNodeManager (SCMNodeManager.java:register(273)) - Registered Data node : 8a49adf3-6e81-4a75-ab50-8f2c6e76bdc3{ip: 192.168.36.79, host: pr-hdds-1569-s8kj2-2266485376, networkLocation: /default-rack, certSerialId: null}
2019-09-20 08:38:05,058 [EventQueue-NodeRegistrationContainerReportForDataNodeSafeModeRule] INFO  safemode.SCMSafeModeManager (DataNodeSafeModeRule.java:process(71)) - SCM in safe mode. 1 DataNodes registered, 1 required.
2019-09-20 08:38:05,059 | INFO  | SCMAudit | user=jenkins1000 | ip=192.168.36.79 | op=REGISTER {datanodeDetails=8a49adf3-6e81-4a75-ab50-8f2c6e76bdc3{ip: 192.168.36.79, host: pr-hdds-1569-s8kj2-2266485376, networkLocation: /default-rack, certSerialId: null}} | ret=SUCCESS |  
2019-09-20 08:38:05,061 [EventQueue-NodeRegistrationContainerReportForDataNodeSafeModeRule] INFO  safemode.SCMSafeModeManager (SCMSafeModeManager.java:validateSafeModeExitRules(177)) - ScmSafeModeManager, all rules are successfully validated
2019-09-20 08:38:05,061 [EventQueue-NodeRegistrationContainerReportForDataNodeSafeModeRule] INFO  safemode.SCMSafeModeManager (SCMSafeModeManager.java:exitSafeMode(193)) - SCM exiting safe mode.
2019-09-20 08:38:05,076 [grpc-default-executor-0] INFO  impl.RaftServerProxy (RaftServerProxy.java:addNew(89)) - 8a49adf3-6e81-4a75-ab50-8f2c6e76bdc3: addNew group-6C1062D9A251:[8a49adf3-6e81-4a75-ab50-8f2c6e76bdc3:192.168.36.79:46226] returns group-6C1062D9A251:java.util.concurrent.CompletableFuture@3f9f456f[Not completed]
2019-09-20 08:38:05,077 [pool-186-thread-1] INFO  impl.RaftServerImpl (RaftServerImpl.java:<init>(93)) - 8a49adf3-6e81-4a75-ab50-8f2c6e76bdc3: new RaftServerImpl for group-6C1062D9A251:[8a49adf3-6e81-4a75-ab50-8f2c6e76bdc3:192.168.36.79:46226] with ContainerStateMachine:uninitialized
2019-09-20 08:38:05,077 [pool-186-thread-1] INFO  server.RaftServerConfigKeys (ConfUtils.java:logGet(43)) - raft.server.rpc.timeout.min = 5s (custom)
2019-09-20 08:38:05,077 [pool-186-thread-1] INFO  server.RaftServerConfigKeys (ConfUtils.java:logGet(43)) - raft.server.rpc.timeout.max = 5200ms (custom)
2019-09-20 08:38:05,078 [pool-186-thread-1] INFO  server.RaftServerConfigKeys (ConfUtils.java:logGet(43)) - raft.server.rpcslowness.timeout = 120s (custom)
2019-09-20 08:38:05,078 [pool-186-thread-1] INFO  server.RaftServerConfigKeys (ConfUtils.java:logGet(43)) - raft.server.sleep.deviation.threshold = 300 (default)
2019-09-20 08:38:05,078 [pool-186-thread-1] INFO  server.RaftServerConfigKeys (ConfUtils.java:logGet(43)) - raft.server.log.appender.install.snapshot.enabled = false (custom)
2019-09-20 08:38:05,078 [pool-186-thread-1] INFO  impl.RaftServerImpl (ServerState.java:<init>(105)) - 8a49adf3-6e81-4a75-ab50-8f2c6e76bdc3:group-6C1062D9A251 ConfigurationManager, init=-1: [8a49adf3-6e81-4a75-ab50-8f2c6e76bdc3:192.168.36.79:46226], old=null, confs=<EMPTY_MAP>
2019-09-20 08:38:05,078 [pool-186-thread-1] INFO  server.RaftServerConfigKeys (ConfUtils.java:logGet(43)) - raft.server.storage.dir = [/workdir/hadoop-ozone/ozonefs/target/test-dir/MiniOzoneClusterImpl-1f915b72-7f2b-4803-b951-606f028ff0e9/datanode-0/data/ratis] (custom)
2019-09-20 08:38:05,079 [pool-186-thread-1] INFO  storage.RaftStorageDirectory (RaftStorageDirectory.java:analyzeStorage(246)) - The storage directory /workdir/hadoop-ozone/ozonefs/target/test-dir/MiniOzoneClusterImpl-1f915b72-7f2b-4803-b951-606f028ff0e9/datanode-0/data/ratis/fd470c41-c628-462b-8526-6c1062d9a251 does not exist. Creating ...
2019-09-20 08:38:05,102 [pool-186-thread-1] INFO  storage.RaftStorageDirectory (RaftStorageDirectory.java:tryLock(328)) - Lock on /workdir/hadoop-ozone/ozonefs/target/test-dir/MiniOzoneClusterImpl-1f915b72-7f2b-4803-b951-606f028ff0e9/datanode-0/data/ratis/fd470c41-c628-462b-8526-6c1062d9a251/in_use.lock acquired by nodename 25669@pr-hdds-1569-s8kj2-2266485376
2019-09-20 08:38:05,122 [pool-186-thread-1] INFO  storage.RaftStorage (RaftStorage.java:format(72)) - Storage directory /workdir/hadoop-ozone/ozonefs/target/test-dir/MiniOzoneClusterImpl-1f915b72-7f2b-4803-b951-606f028ff0e9/datanode-0/data/ratis/fd470c41-c628-462b-8526-6c1062d9a251 has been successfully formatted.
2019-09-20 08:38:05,123 [pool-186-thread-1] INFO  ratis.ContainerStateMachine (ContainerStateMachine.java:loadSnapshot(226)) - group-6C1062D9A251: The snapshot info is null. Setting the last applied indexto:(t:0, i:~)
2019-09-20 08:38:05,123 [pool-186-thread-1] INFO  server.RaftServerConfigKeys (ConfUtils.java:logGet(43)) - raft.server.leader.election.timeout = 120s (custom)
2019-09-20 08:38:05,123 [pool-186-thread-1] INFO  server.RaftServerConfigKeys (ConfUtils.java:logGet(43)) - raft.server.log.use.memory = false (default)
2019-09-20 08:38:05,123 [pool-186-thread-1] INFO  server.RaftServerConfigKeys (ConfUtils.java:logGet(43)) - raft.server.log.purge.gap = 1000000 (custom)
2019-09-20 08:38:05,124 [pool-186-thread-1] INFO  server.RaftServerConfigKeys (ConfUtils.java:logGet(43)) - raft.server.log.appender.buffer.byte-limit = 33554432 (custom)
2019-09-20 08:38:05,124 [pool-186-thread-1] INFO  server.RaftServerConfigKeys (ConfUtils.java:logGet(43)) - raft.server.log.segment.size.max = 1048576 (custom)
2019-09-20 08:38:05,124 [pool-186-thread-1] INFO  server.RaftServerConfigKeys (ConfUtils.java:logGet(43)) - raft.server.log.segment.cache.num.max = 2 (custom)
2019-09-20 08:38:05,124 [pool-186-thread-1] INFO  segmented.SegmentedRaftLogWorker (SegmentedRaftLogWorker.java:<init>(172)) - new 8a49adf3-6e81-4a75-ab50-8f2c6e76bdc3-SegmentedRaftLogWorker:Storage Directory /workdir/hadoop-ozone/ozonefs/target/test-dir/MiniOzoneClusterImpl-1f915b72-7f2b-4803-b951-606f028ff0e9/datanode-0/data/ratis/fd470c41-c628-462b-8526-6c1062d9a251 for RaftStorage:Storage Directory /workdir/hadoop-ozone/ozonefs/target/test-dir/MiniOzoneClusterImpl-1f915b72-7f2b-4803-b951-606f028ff0e9/datanode-0/data/ratis/fd470c41-c628-462b-8526-6c1062d9a251
2019-09-20 08:38:05,124 [pool-186-thread-1] INFO  server.RaftServerConfigKeys (ConfUtils.java:logGet(43)) - raft.server.log.queue.byte-limit = 2147483647 (custom)
2019-09-20 08:38:05,124 [pool-186-thread-1] INFO  server.RaftServerConfigKeys (ConfUtils.java:logGet(43)) - raft.server.log.queue.element-limit = 1024 (custom)
2019-09-20 08:38:05,125 [pool-186-thread-1] INFO  server.RaftServerConfigKeys (ConfUtils.java:logGet(43)) - raft.server.log.segment.size.max = 1048576 (custom)
2019-09-20 08:38:05,125 [pool-186-thread-1] INFO  server.RaftServerConfigKeys (ConfUtils.java:logGet(43)) - raft.server.log.preallocated.size = 16384 (custom)
2019-09-20 08:38:05,125 [pool-186-thread-1] INFO  server.RaftServerConfigKeys (ConfUtils.java:logGet(43)) - raft.server.log.write.buffer.size = 33554432 (custom)
2019-09-20 08:38:05,125 [pool-186-thread-1] INFO  server.RaftServerConfigKeys (ConfUtils.java:logGet(43)) - raft.server.log.force.sync.num = 128 (default)
2019-09-20 08:38:05,125 [pool-186-thread-1] INFO  server.RaftServerConfigKeys (ConfUtils.java:logGet(43)) - raft.server.log.statemachine.data.sync = true (default)
2019-09-20 08:38:05,126 [pool-186-thread-1] INFO  server.RaftServerConfigKeys (ConfUtils.java:logGet(43)) - raft.server.log.statemachine.data.sync.timeout = 10s (default)
2019-09-20 08:38:05,126 [pool-186-thread-1] INFO  server.RaftServerConfigKeys (ConfUtils.java:logGet(43)) - raft.server.log.statemachine.data.sync.timeout.retry = -1 (default)
2019-09-20 08:38:05,126 [pool-186-thread-1] INFO  server.RaftServerConfigKeys (ConfUtils.java:logGet(43)) - raft.server.log.statemachine.data.caching.enabled = true (custom)
2019-09-20 08:38:05,127 [pool-186-thread-1] INFO  segmented.SegmentedRaftLogWorker (SegmentedRaftLogWorker.java:lambda$new$0(132)) - 8a49adf3-6e81-4a75-ab50-8f2c6e76bdc3-SegmentedRaftLogWorker:Storage Directory /workdir/hadoop-ozone/ozonefs/target/test-dir/MiniOzoneClusterImpl-1f915b72-7f2b-4803-b951-606f028ff0e9/datanode-0/data/ratis/fd470c41-c628-462b-8526-6c1062d9a251: flushIndex: setUnconditionally 0 -> -1
2019-09-20 08:38:05,127 [pool-186-thread-1] INFO  server.RaftServerConfigKeys (ConfUtils.java:logGet(43)) - raft.server.snapshot.auto.trigger.enabled = true (custom)
2019-09-20 08:38:05,127 [pool-186-thread-1] INFO  server.RaftServerConfigKeys (ConfUtils.java:logGet(43)) - raft.server.snapshot.auto.trigger.threshold = 10000 (custom)
2019-09-20 08:38:05,127 [pool-186-thread-1] INFO  server.RaftServerConfigKeys (ConfUtils.java:logGet(43)) - raft.server.retrycache.expirytime = 600000ms (custom)
2019-09-20 08:38:05,128 [pool-186-thread-1] INFO  impl.RaftServerImpl (RaftServerImpl.java:start(180)) - 8a49adf3-6e81-4a75-ab50-8f2c6e76bdc3: start group-6C1062D9A251
2019-09-20 08:38:05,128 [pool-186-thread-1] INFO  impl.RaftServerImpl (RaftServerImpl.java:setRole(171)) - 8a49adf3-6e81-4a75-ab50-8f2c6e76bdc3:group-6C1062D9A251 changes role from null to FOLLOWER at term 0 for startAsFollower
2019-09-20 08:38:05,128 [pool-186-thread-1] INFO  impl.RoleInfo (RoleInfo.java:updateAndGet(143)) - 8a49adf3-6e81-4a75-ab50-8f2c6e76bdc3: start FollowerState
2019-09-20 08:38:05,129 [pool-186-thread-1] INFO  util.JmxRegister (JmxRegister.java:tryRegister(44)) - Successfully registered JMX Bean with object name Ratis:service=RaftServer,group=group-6C1062D9A251,id=8a49adf3-6e81-4a75-ab50-8f2c6e76bdc3
2019-09-20 08:38:05,132 [RatisPipelineUtilsThread] INFO  pipeline.PipelineStateManager (PipelineStateManager.java:addPipeline(56)) - Created pipeline Pipeline[ Id: fd470c41-c628-462b-8526-6c1062d9a251, Nodes: 8a49adf3-6e81-4a75-ab50-8f2c6e76bdc3{ip: 192.168.36.79, host: pr-hdds-1569-s8kj2-2266485376, networkLocation: /default-rack, certSerialId: null}, Type:RATIS, Factor:ONE, State:OPEN]
2019-09-20 08:38:05,139 [grpc-default-executor-0] INFO  impl.RaftServerProxy (RaftServerProxy.java:addNew(89)) - 8a49adf3-6e81-4a75-ab50-8f2c6e76bdc3: addNew group-740A6BEA6513:[8a49adf3-6e81-4a75-ab50-8f2c6e76bdc3:192.168.36.79:46226] returns group-740A6BEA6513:java.util.concurrent.CompletableFuture@eea9aab[Not completed]
2019-09-20 08:38:05,140 [pool-186-thread-1] INFO  impl.RaftServerImpl (RaftServerImpl.java:<init>(93)) - 8a49adf3-6e81-4a75-ab50-8f2c6e76bdc3: new RaftServerImpl for group-740A6BEA6513:[8a49adf3-6e81-4a75-ab50-8f2c6e76bdc3:192.168.36.79:46226] with ContainerStateMachine:uninitialized
2019-09-20 08:38:05,141 [pool-186-thread-1] INFO  server.RaftServerConfigKeys (ConfUtils.java:logGet(43)) - raft.server.rpc.timeout.min = 5s (custom)
2019-09-20 08:38:05,141 [pool-186-thread-1] INFO  server.RaftServerConfigKeys (ConfUtils.java:logGet(43)) - raft.server.rpc.timeout.max = 5200ms (custom)
2019-09-20 08:38:05,141 [pool-186-thread-1] INFO  server.RaftServerConfigKeys (ConfUtils.java:logGet(43)) - raft.server.rpcslowness.timeout = 120s (custom)
2019-09-20 08:38:05,141 [pool-186-thread-1] INFO  server.RaftServerConfigKeys (ConfUtils.java:logGet(43)) - raft.server.sleep.deviation.threshold = 300 (default)
2019-09-20 08:38:05,141 [pool-186-thread-1] INFO  server.RaftServerConfigKeys (ConfUtils.java:logGet(43)) - raft.server.log.appender.install.snapshot.enabled = false (custom)
2019-09-20 08:38:05,142 [pool-186-thread-1] INFO  impl.RaftServerImpl (ServerState.java:<init>(105)) - 8a49adf3-6e81-4a75-ab50-8f2c6e76bdc3:group-740A6BEA6513 ConfigurationManager, init=-1: [8a49adf3-6e81-4a75-ab50-8f2c6e76bdc3:192.168.36.79:46226], old=null, confs=<EMPTY_MAP>
2019-09-20 08:38:05,142 [pool-186-thread-1] INFO  server.RaftServerConfigKeys (ConfUtils.java:logGet(43)) - raft.server.storage.dir = [/workdir/hadoop-ozone/ozonefs/target/test-dir/MiniOzoneClusterImpl-1f915b72-7f2b-4803-b951-606f028ff0e9/datanode-0/data/ratis] (custom)
2019-09-20 08:38:05,142 [pool-186-thread-1] INFO  storage.RaftStorageDirectory (RaftStorageDirectory.java:analyzeStorage(246)) - The storage directory /workdir/hadoop-ozone/ozonefs/target/test-dir/MiniOzoneClusterImpl-1f915b72-7f2b-4803-b951-606f028ff0e9/datanode-0/data/ratis/954e3186-aa29-4339-9ce5-740a6bea6513 does not exist. Creating ...
2019-09-20 08:38:05,159 [pool-186-thread-1] INFO  storage.RaftStorageDirectory (RaftStorageDirectory.java:tryLock(328)) - Lock on /workdir/hadoop-ozone/ozonefs/target/test-dir/MiniOzoneClusterImpl-1f915b72-7f2b-4803-b951-606f028ff0e9/datanode-0/data/ratis/954e3186-aa29-4339-9ce5-740a6bea6513/in_use.lock acquired by nodename 25669@pr-hdds-1569-s8kj2-2266485376
2019-09-20 08:38:05,184 [pool-186-thread-1] INFO  storage.RaftStorage (RaftStorage.java:format(72)) - Storage directory /workdir/hadoop-ozone/ozonefs/target/test-dir/MiniOzoneClusterImpl-1f915b72-7f2b-4803-b951-606f028ff0e9/datanode-0/data/ratis/954e3186-aa29-4339-9ce5-740a6bea6513 has been successfully formatted.
2019-09-20 08:38:05,184 [pool-186-thread-1] INFO  ratis.ContainerStateMachine (ContainerStateMachine.java:loadSnapshot(226)) - group-740A6BEA6513: The snapshot info is null. Setting the last applied indexto:(t:0, i:~)
2019-09-20 08:38:05,184 [pool-186-thread-1] INFO  server.RaftServerConfigKeys (ConfUtils.java:logGet(43)) - raft.server.leader.election.timeout = 120s (custom)
2019-09-20 08:38:05,184 [pool-186-thread-1] INFO  server.RaftServerConfigKeys (ConfUtils.java:logGet(43)) - raft.server.log.use.memory = false (default)
2019-09-20 08:38:05,185 [pool-186-thread-1] INFO  server.RaftServerConfigKeys (ConfUtils.java:logGet(43)) - raft.server.log.purge.gap = 1000000 (custom)
2019-09-20 08:38:05,185 [pool-186-thread-1] INFO  server.RaftServerConfigKeys (ConfUtils.java:logGet(43)) - raft.server.log.appender.buffer.byte-limit = 33554432 (custom)
2019-09-20 08:38:05,185 [pool-186-thread-1] INFO  server.RaftServerConfigKeys (ConfUtils.java:logGet(43)) - raft.server.log.segment.size.max = 1048576 (custom)
2019-09-20 08:38:05,185 [pool-186-thread-1] INFO  server.RaftServerConfigKeys (ConfUtils.java:logGet(43)) - raft.server.log.segment.cache.num.max = 2 (custom)
2019-09-20 08:38:05,185 [pool-186-thread-1] INFO  segmented.SegmentedRaftLogWorker (SegmentedRaftLogWorker.java:<init>(172)) - new 8a49adf3-6e81-4a75-ab50-8f2c6e76bdc3-SegmentedRaftLogWorker:Storage Directory /workdir/hadoop-ozone/ozonefs/target/test-dir/MiniOzoneClusterImpl-1f915b72-7f2b-4803-b951-606f028ff0e9/datanode-0/data/ratis/954e3186-aa29-4339-9ce5-740a6bea6513 for RaftStorage:Storage Directory /workdir/hadoop-ozone/ozonefs/target/test-dir/MiniOzoneClusterImpl-1f915b72-7f2b-4803-b951-606f028ff0e9/datanode-0/data/ratis/954e3186-aa29-4339-9ce5-740a6bea6513
2019-09-20 08:38:05,185 [pool-186-thread-1] INFO  server.RaftServerConfigKeys (ConfUtils.java:logGet(43)) - raft.server.log.queue.byte-limit = 2147483647 (custom)
2019-09-20 08:38:05,186 [pool-186-thread-1] INFO  server.RaftServerConfigKeys (ConfUtils.java:logGet(43)) - raft.server.log.queue.element-limit = 1024 (custom)
2019-09-20 08:38:05,186 [pool-186-thread-1] INFO  server.RaftServerConfigKeys (ConfUtils.java:logGet(43)) - raft.server.log.segment.size.max = 1048576 (custom)
2019-09-20 08:38:05,186 [pool-186-thread-1] INFO  server.RaftServerConfigKeys (ConfUtils.java:logGet(43)) - raft.server.log.preallocated.size = 16384 (custom)
2019-09-20 08:38:05,186 [pool-186-thread-1] INFO  server.RaftServerConfigKeys (ConfUtils.java:logGet(43)) - raft.server.log.write.buffer.size = 33554432 (custom)
2019-09-20 08:38:05,186 [pool-186-thread-1] INFO  server.RaftServerConfigKeys (ConfUtils.java:logGet(43)) - raft.server.log.force.sync.num = 128 (default)
2019-09-20 08:38:05,186 [pool-186-thread-1] INFO  server.RaftServerConfigKeys (ConfUtils.java:logGet(43)) - raft.server.log.statemachine.data.sync = true (default)
2019-09-20 08:38:05,186 [pool-186-thread-1] INFO  server.RaftServerConfigKeys (ConfUtils.java:logGet(43)) - raft.server.log.statemachine.data.sync.timeout = 10s (default)
2019-09-20 08:38:05,187 [pool-186-thread-1] INFO  server.RaftServerConfigKeys (ConfUtils.java:logGet(43)) - raft.server.log.statemachine.data.sync.timeout.retry = -1 (default)
2019-09-20 08:38:05,187 [pool-186-thread-1] INFO  server.RaftServerConfigKeys (ConfUtils.java:logGet(43)) - raft.server.log.statemachine.data.caching.enabled = true (custom)
2019-09-20 08:38:05,187 [pool-186-thread-1] INFO  segmented.SegmentedRaftLogWorker (SegmentedRaftLogWorker.java:lambda$new$0(132)) - 8a49adf3-6e81-4a75-ab50-8f2c6e76bdc3-SegmentedRaftLogWorker:Storage Directory /workdir/hadoop-ozone/ozonefs/target/test-dir/MiniOzoneClusterImpl-1f915b72-7f2b-4803-b951-606f028ff0e9/datanode-0/data/ratis/954e3186-aa29-4339-9ce5-740a6bea6513: flushIndex: setUnconditionally 0 -> -1
2019-09-20 08:38:05,187 [pool-186-thread-1] INFO  server.RaftServerConfigKeys (ConfUtils.java:logGet(43)) - raft.server.snapshot.auto.trigger.enabled = true (custom)
2019-09-20 08:38:05,188 [pool-186-thread-1] INFO  server.RaftServerConfigKeys (ConfUtils.java:logGet(43)) - raft.server.snapshot.auto.trigger.threshold = 10000 (custom)
2019-09-20 08:38:05,188 [pool-186-thread-1] INFO  server.RaftServerConfigKeys (ConfUtils.java:logGet(43)) - raft.server.retrycache.expirytime = 600000ms (custom)
2019-09-20 08:38:05,188 [pool-186-thread-1] INFO  impl.RaftServerImpl (RaftServerImpl.java:start(180)) - 8a49adf3-6e81-4a75-ab50-8f2c6e76bdc3: start group-740A6BEA6513
2019-09-20 08:38:05,188 [pool-186-thread-1] INFO  impl.RaftServerImpl (RaftServerImpl.java:setRole(171)) - 8a49adf3-6e81-4a75-ab50-8f2c6e76bdc3:group-740A6BEA6513 changes role from null to FOLLOWER at term 0 for startAsFollower
2019-09-20 08:38:05,188 [pool-186-thread-1] INFO  impl.RoleInfo (RoleInfo.java:updateAndGet(143)) - 8a49adf3-6e81-4a75-ab50-8f2c6e76bdc3: start FollowerState
2019-09-20 08:38:05,189 [pool-186-thread-1] INFO  util.JmxRegister (JmxRegister.java:tryRegister(44)) - Successfully registered JMX Bean with object name Ratis:service=RaftServer,group=group-740A6BEA6513,id=8a49adf3-6e81-4a75-ab50-8f2c6e76bdc3
2019-09-20 08:38:05,192 [RatisPipelineUtilsThread] INFO  pipeline.PipelineStateManager (PipelineStateManager.java:addPipeline(56)) - Created pipeline Pipeline[ Id: 954e3186-aa29-4339-9ce5-740a6bea6513, Nodes: 8a49adf3-6e81-4a75-ab50-8f2c6e76bdc3{ip: 192.168.36.79, host: pr-hdds-1569-s8kj2-2266485376, networkLocation: /default-rack, certSerialId: null}, Type:RATIS, Factor:ONE, State:OPEN]
2019-09-20 08:38:05,198 [grpc-default-executor-0] INFO  impl.RaftServerProxy (RaftServerProxy.java:addNew(89)) - 8a49adf3-6e81-4a75-ab50-8f2c6e76bdc3: addNew group-BA44C97ABDEE:[8a49adf3-6e81-4a75-ab50-8f2c6e76bdc3:192.168.36.79:46226] returns group-BA44C97ABDEE:java.util.concurrent.CompletableFuture@5fb0ba20[Not completed]
2019-09-20 08:38:05,199 [pool-186-thread-1] INFO  impl.RaftServerImpl (RaftServerImpl.java:<init>(93)) - 8a49adf3-6e81-4a75-ab50-8f2c6e76bdc3: new RaftServerImpl for group-BA44C97ABDEE:[8a49adf3-6e81-4a75-ab50-8f2c6e76bdc3:192.168.36.79:46226] with ContainerStateMachine:uninitialized
2019-09-20 08:38:05,199 [pool-186-thread-1] INFO  server.RaftServerConfigKeys (ConfUtils.java:logGet(43)) - raft.server.rpc.timeout.min = 5s (custom)
2019-09-20 08:38:05,199 [pool-186-thread-1] INFO  server.RaftServerConfigKeys (ConfUtils.java:logGet(43)) - raft.server.rpc.timeout.max = 5200ms (custom)
2019-09-20 08:38:05,199 [pool-186-thread-1] INFO  server.RaftServerConfigKeys (ConfUtils.java:logGet(43)) - raft.server.rpcslowness.timeout = 120s (custom)
2019-09-20 08:38:05,199 [pool-186-thread-1] INFO  server.RaftServerConfigKeys (ConfUtils.java:logGet(43)) - raft.server.sleep.deviation.threshold = 300 (default)
2019-09-20 08:38:05,200 [pool-186-thread-1] INFO  server.RaftServerConfigKeys (ConfUtils.java:logGet(43)) - raft.server.log.appender.install.snapshot.enabled = false (custom)
2019-09-20 08:38:05,200 [pool-186-thread-1] INFO  impl.RaftServerImpl (ServerState.java:<init>(105)) - 8a49adf3-6e81-4a75-ab50-8f2c6e76bdc3:group-BA44C97ABDEE ConfigurationManager, init=-1: [8a49adf3-6e81-4a75-ab50-8f2c6e76bdc3:192.168.36.79:46226], old=null, confs=<EMPTY_MAP>
2019-09-20 08:38:05,200 [pool-186-thread-1] INFO  server.RaftServerConfigKeys (ConfUtils.java:logGet(43)) - raft.server.storage.dir = [/workdir/hadoop-ozone/ozonefs/target/test-dir/MiniOzoneClusterImpl-1f915b72-7f2b-4803-b951-606f028ff0e9/datanode-0/data/ratis] (custom)
2019-09-20 08:38:05,200 [pool-186-thread-1] INFO  storage.RaftStorageDirectory (RaftStorageDirectory.java:analyzeStorage(246)) - The storage directory /workdir/hadoop-ozone/ozonefs/target/test-dir/MiniOzoneClusterImpl-1f915b72-7f2b-4803-b951-606f028ff0e9/datanode-0/data/ratis/3b9282af-c4ad-4f75-b113-ba44c97abdee does not exist. Creating ...
2019-09-20 08:38:05,232 [pool-186-thread-1] INFO  storage.RaftStorageDirectory (RaftStorageDirectory.java:tryLock(328)) - Lock on /workdir/hadoop-ozone/ozonefs/target/test-dir/MiniOzoneClusterImpl-1f915b72-7f2b-4803-b951-606f028ff0e9/datanode-0/data/ratis/3b9282af-c4ad-4f75-b113-ba44c97abdee/in_use.lock acquired by nodename 25669@pr-hdds-1569-s8kj2-2266485376
2019-09-20 08:38:05,257 [pool-186-thread-1] INFO  storage.RaftStorage (RaftStorage.java:format(72)) - Storage directory /workdir/hadoop-ozone/ozonefs/target/test-dir/MiniOzoneClusterImpl-1f915b72-7f2b-4803-b951-606f028ff0e9/datanode-0/data/ratis/3b9282af-c4ad-4f75-b113-ba44c97abdee has been successfully formatted.
2019-09-20 08:38:05,258 [pool-186-thread-1] INFO  ratis.ContainerStateMachine (ContainerStateMachine.java:loadSnapshot(226)) - group-BA44C97ABDEE: The snapshot info is null. Setting the last applied indexto:(t:0, i:~)
2019-09-20 08:38:05,258 [pool-186-thread-1] INFO  server.RaftServerConfigKeys (ConfUtils.java:logGet(43)) - raft.server.leader.election.timeout = 120s (custom)
2019-09-20 08:38:05,258 [pool-186-thread-1] INFO  server.RaftServerConfigKeys (ConfUtils.java:logGet(43)) - raft.server.log.use.memory = false (default)
2019-09-20 08:38:05,258 [pool-186-thread-1] INFO  server.RaftServerConfigKeys (ConfUtils.java:logGet(43)) - raft.server.log.purge.gap = 1000000 (custom)
2019-09-20 08:38:05,258 [pool-186-thread-1] INFO  server.RaftServerConfigKeys (ConfUtils.java:logGet(43)) - raft.server.log.appender.buffer.byte-limit = 33554432 (custom)
2019-09-20 08:38:05,259 [pool-186-thread-1] INFO  server.RaftServerConfigKeys (ConfUtils.java:logGet(43)) - raft.server.log.segment.size.max = 1048576 (custom)
2019-09-20 08:38:05,259 [pool-186-thread-1] INFO  server.RaftServerConfigKeys (ConfUtils.java:logGet(43)) - raft.server.log.segment.cache.num.max = 2 (custom)
2019-09-20 08:38:05,259 [pool-186-thread-1] INFO  segmented.SegmentedRaftLogWorker (SegmentedRaftLogWorker.java:<init>(172)) - new 8a49adf3-6e81-4a75-ab50-8f2c6e76bdc3-SegmentedRaftLogWorker:Storage Directory /workdir/hadoop-ozone/ozonefs/target/test-dir/MiniOzoneClusterImpl-1f915b72-7f2b-4803-b951-606f028ff0e9/datanode-0/data/ratis/3b9282af-c4ad-4f75-b113-ba44c97abdee for RaftStorage:Storage Directory /workdir/hadoop-ozone/ozonefs/target/test-dir/MiniOzoneClusterImpl-1f915b72-7f2b-4803-b951-606f028ff0e9/datanode-0/data/ratis/3b9282af-c4ad-4f75-b113-ba44c97abdee
2019-09-20 08:38:05,259 [pool-186-thread-1] INFO  server.RaftServerConfigKeys (ConfUtils.java:logGet(43)) - raft.server.log.queue.byte-limit = 2147483647 (custom)
2019-09-20 08:38:05,259 [pool-186-thread-1] INFO  server.RaftServerConfigKeys (ConfUtils.java:logGet(43)) - raft.server.log.queue.element-limit = 1024 (custom)
2019-09-20 08:38:05,260 [pool-186-thread-1] INFO  server.RaftServerConfigKeys (ConfUtils.java:logGet(43)) - raft.server.log.segment.size.max = 1048576 (custom)
2019-09-20 08:38:05,260 [pool-186-thread-1] INFO  server.RaftServerConfigKeys (ConfUtils.java:logGet(43)) - raft.server.log.preallocated.size = 16384 (custom)
2019-09-20 08:38:05,260 [pool-186-thread-1] INFO  server.RaftServerConfigKeys (ConfUtils.java:logGet(43)) - raft.server.log.write.buffer.size = 33554432 (custom)
2019-09-20 08:38:05,260 [pool-186-thread-1] INFO  server.RaftServerConfigKeys (ConfUtils.java:logGet(43)) - raft.server.log.force.sync.num = 128 (default)
2019-09-20 08:38:05,260 [pool-186-thread-1] INFO  server.RaftServerConfigKeys (ConfUtils.java:logGet(43)) - raft.server.log.statemachine.data.sync = true (default)
2019-09-20 08:38:05,260 [pool-186-thread-1] INFO  server.RaftServerConfigKeys (ConfUtils.java:logGet(43)) - raft.server.log.statemachine.data.sync.timeout = 10s (default)
2019-09-20 08:38:05,261 [pool-186-thread-1] INFO  server.RaftServerConfigKeys (ConfUtils.java:logGet(43)) - raft.server.log.statemachine.data.sync.timeout.retry = -1 (default)
2019-09-20 08:38:05,261 [pool-186-thread-1] INFO  server.RaftServerConfigKeys (ConfUtils.java:logGet(43)) - raft.server.log.statemachine.data.caching.enabled = true (custom)
2019-09-20 08:38:05,261 [pool-186-thread-1] INFO  segmented.SegmentedRaftLogWorker (SegmentedRaftLogWorker.java:lambda$new$0(132)) - 8a49adf3-6e81-4a75-ab50-8f2c6e76bdc3-SegmentedRaftLogWorker:Storage Directory /workdir/hadoop-ozone/ozonefs/target/test-dir/MiniOzoneClusterImpl-1f915b72-7f2b-4803-b951-606f028ff0e9/datanode-0/data/ratis/3b9282af-c4ad-4f75-b113-ba44c97abdee: flushIndex: setUnconditionally 0 -> -1
2019-09-20 08:38:05,262 [pool-186-thread-1] INFO  server.RaftServerConfigKeys (ConfUtils.java:logGet(43)) - raft.server.snapshot.auto.trigger.enabled = true (custom)
2019-09-20 08:38:05,262 [pool-186-thread-1] INFO  server.RaftServerConfigKeys (ConfUtils.java:logGet(43)) - raft.server.snapshot.auto.trigger.threshold = 10000 (custom)
2019-09-20 08:38:05,262 [pool-186-thread-1] INFO  server.RaftServerConfigKeys (ConfUtils.java:logGet(43)) - raft.server.retrycache.expirytime = 600000ms (custom)
2019-09-20 08:38:05,263 [pool-186-thread-1] INFO  impl.RaftServerImpl (RaftServerImpl.java:start(180)) - 8a49adf3-6e81-4a75-ab50-8f2c6e76bdc3: start group-BA44C97ABDEE
2019-09-20 08:38:05,263 [pool-186-thread-1] INFO  impl.RaftServerImpl (RaftServerImpl.java:setRole(171)) - 8a49adf3-6e81-4a75-ab50-8f2c6e76bdc3:group-BA44C97ABDEE changes role from null to FOLLOWER at term 0 for startAsFollower
2019-09-20 08:38:05,263 [IPC Server handler 1 on 42422] INFO  net.NetworkTopology (NetworkTopologyImpl.java:add(110)) - Added a new node: /default-rack/5bfa0e55-6e65-4c9d-a9d6-a9b1c265a83f
2019-09-20 08:38:05,263 [pool-186-thread-1] INFO  impl.RoleInfo (RoleInfo.java:updateAndGet(143)) - 8a49adf3-6e81-4a75-ab50-8f2c6e76bdc3: start FollowerState
2019-09-20 08:38:05,263 [IPC Server handler 1 on 42422] INFO  node.SCMNodeManager (SCMNodeManager.java:register(273)) - Registered Data node : 5bfa0e55-6e65-4c9d-a9d6-a9b1c265a83f{ip: 192.168.36.79, host: pr-hdds-1569-s8kj2-2266485376, networkLocation: /default-rack, certSerialId: null}
2019-09-20 08:38:05,264 [pool-186-thread-1] INFO  util.JmxRegister (JmxRegister.java:tryRegister(44)) - Successfully registered JMX Bean with object name Ratis:service=RaftServer,group=group-BA44C97ABDEE,id=8a49adf3-6e81-4a75-ab50-8f2c6e76bdc3
2019-09-20 08:38:05,264 | INFO  | SCMAudit | user=jenkins1000 | ip=192.168.36.79 | op=REGISTER {datanodeDetails=5bfa0e55-6e65-4c9d-a9d6-a9b1c265a83f{ip: 192.168.36.79, host: pr-hdds-1569-s8kj2-2266485376, networkLocation: /default-rack, certSerialId: null}} | ret=SUCCESS |  
2019-09-20 08:38:05,267 [RatisPipelineUtilsThread] INFO  pipeline.PipelineStateManager (PipelineStateManager.java:addPipeline(56)) - Created pipeline Pipeline[ Id: 3b9282af-c4ad-4f75-b113-ba44c97abdee, Nodes: 8a49adf3-6e81-4a75-ab50-8f2c6e76bdc3{ip: 192.168.36.79, host: pr-hdds-1569-s8kj2-2266485376, networkLocation: /default-rack, certSerialId: null}, Type:RATIS, Factor:ONE, State:OPEN]
2019-09-20 08:38:05,273 [grpc-default-executor-0] INFO  impl.RaftServerProxy (RaftServerProxy.java:addNew(89)) - 8a49adf3-6e81-4a75-ab50-8f2c6e76bdc3: addNew group-F227561E6AA0:[8a49adf3-6e81-4a75-ab50-8f2c6e76bdc3:192.168.36.79:46226] returns group-F227561E6AA0:java.util.concurrent.CompletableFuture@1296f883[Not completed]
2019-09-20 08:38:05,274 [pool-186-thread-1] INFO  impl.RaftServerImpl (RaftServerImpl.java:<init>(93)) - 8a49adf3-6e81-4a75-ab50-8f2c6e76bdc3: new RaftServerImpl for group-F227561E6AA0:[8a49adf3-6e81-4a75-ab50-8f2c6e76bdc3:192.168.36.79:46226] with ContainerStateMachine:uninitialized
2019-09-20 08:38:05,274 [pool-186-thread-1] INFO  server.RaftServerConfigKeys (ConfUtils.java:logGet(43)) - raft.server.rpc.timeout.min = 5s (custom)
2019-09-20 08:38:05,275 [pool-186-thread-1] INFO  server.RaftServerConfigKeys (ConfUtils.java:logGet(43)) - raft.server.rpc.timeout.max = 5200ms (custom)
2019-09-20 08:38:05,275 [pool-186-thread-1] INFO  server.RaftServerConfigKeys (ConfUtils.java:logGet(43)) - raft.server.rpcslowness.timeout = 120s (custom)
2019-09-20 08:38:05,275 [pool-186-thread-1] INFO  server.RaftServerConfigKeys (ConfUtils.java:logGet(43)) - raft.server.sleep.deviation.threshold = 300 (default)
2019-09-20 08:38:05,275 [pool-186-thread-1] INFO  server.RaftServerConfigKeys (ConfUtils.java:logGet(43)) - raft.server.log.appender.install.snapshot.enabled = false (custom)
2019-09-20 08:38:05,275 [pool-186-thread-1] INFO  impl.RaftServerImpl (ServerState.java:<init>(105)) - 8a49adf3-6e81-4a75-ab50-8f2c6e76bdc3:group-F227561E6AA0 ConfigurationManager, init=-1: [8a49adf3-6e81-4a75-ab50-8f2c6e76bdc3:192.168.36.79:46226], old=null, confs=<EMPTY_MAP>
2019-09-20 08:38:05,275 [pool-186-thread-1] INFO  server.RaftServerConfigKeys (ConfUtils.java:logGet(43)) - raft.server.storage.dir = [/workdir/hadoop-ozone/ozonefs/target/test-dir/MiniOzoneClusterImpl-1f915b72-7f2b-4803-b951-606f028ff0e9/datanode-0/data/ratis] (custom)
2019-09-20 08:38:05,276 [pool-186-thread-1] INFO  storage.RaftStorageDirectory (RaftStorageDirectory.java:analyzeStorage(246)) - The storage directory /workdir/hadoop-ozone/ozonefs/target/test-dir/MiniOzoneClusterImpl-1f915b72-7f2b-4803-b951-606f028ff0e9/datanode-0/data/ratis/a20546fb-9870-4304-ad5f-f227561e6aa0 does not exist. Creating ...
2019-09-20 08:38:05,308 [pool-186-thread-1] INFO  storage.RaftStorageDirectory (RaftStorageDirectory.java:tryLock(328)) - Lock on /workdir/hadoop-ozone/ozonefs/target/test-dir/MiniOzoneClusterImpl-1f915b72-7f2b-4803-b951-606f028ff0e9/datanode-0/data/ratis/a20546fb-9870-4304-ad5f-f227561e6aa0/in_use.lock acquired by nodename 25669@pr-hdds-1569-s8kj2-2266485376
2019-09-20 08:38:05,333 [pool-186-thread-1] INFO  storage.RaftStorage (RaftStorage.java:format(72)) - Storage directory /workdir/hadoop-ozone/ozonefs/target/test-dir/MiniOzoneClusterImpl-1f915b72-7f2b-4803-b951-606f028ff0e9/datanode-0/data/ratis/a20546fb-9870-4304-ad5f-f227561e6aa0 has been successfully formatted.
2019-09-20 08:38:05,334 [pool-186-thread-1] INFO  ratis.ContainerStateMachine (ContainerStateMachine.java:loadSnapshot(226)) - group-F227561E6AA0: The snapshot info is null. Setting the last applied indexto:(t:0, i:~)
2019-09-20 08:38:05,334 [pool-186-thread-1] INFO  server.RaftServerConfigKeys (ConfUtils.java:logGet(43)) - raft.server.leader.election.timeout = 120s (custom)
2019-09-20 08:38:05,334 [pool-186-thread-1] INFO  server.RaftServerConfigKeys (ConfUtils.java:logGet(43)) - raft.server.log.use.memory = false (default)
2019-09-20 08:38:05,334 [pool-186-thread-1] INFO  server.RaftServerConfigKeys (ConfUtils.java:logGet(43)) - raft.server.log.purge.gap = 1000000 (custom)
2019-09-20 08:38:05,334 [pool-186-thread-1] INFO  server.RaftServerConfigKeys (ConfUtils.java:logGet(43)) - raft.server.log.appender.buffer.byte-limit = 33554432 (custom)
2019-09-20 08:38:05,335 [pool-186-thread-1] INFO  server.RaftServerConfigKeys (ConfUtils.java:logGet(43)) - raft.server.log.segment.size.max = 1048576 (custom)
2019-09-20 08:38:05,335 [pool-186-thread-1] INFO  server.RaftServerConfigKeys (ConfUtils.java:logGet(43)) - raft.server.log.segment.cache.num.max = 2 (custom)
2019-09-20 08:38:05,335 [pool-186-thread-1] INFO  segmented.SegmentedRaftLogWorker (SegmentedRaftLogWorker.java:<init>(172)) - new 8a49adf3-6e81-4a75-ab50-8f2c6e76bdc3-SegmentedRaftLogWorker:Storage Directory /workdir/hadoop-ozone/ozonefs/target/test-dir/MiniOzoneClusterImpl-1f915b72-7f2b-4803-b951-606f028ff0e9/datanode-0/data/ratis/a20546fb-9870-4304-ad5f-f227561e6aa0 for RaftStorage:Storage Directory /workdir/hadoop-ozone/ozonefs/target/test-dir/MiniOzoneClusterImpl-1f915b72-7f2b-4803-b951-606f028ff0e9/datanode-0/data/ratis/a20546fb-9870-4304-ad5f-f227561e6aa0
2019-09-20 08:38:05,335 [pool-186-thread-1] INFO  server.RaftServerConfigKeys (ConfUtils.java:logGet(43)) - raft.server.log.queue.byte-limit = 2147483647 (custom)
2019-09-20 08:38:05,335 [pool-186-thread-1] INFO  server.RaftServerConfigKeys (ConfUtils.java:logGet(43)) - raft.server.log.queue.element-limit = 1024 (custom)
2019-09-20 08:38:05,335 [pool-186-thread-1] INFO  server.RaftServerConfigKeys (ConfUtils.java:logGet(43)) - raft.server.log.segment.size.max = 1048576 (custom)
2019-09-20 08:38:05,336 [pool-186-thread-1] INFO  server.RaftServerConfigKeys (ConfUtils.java:logGet(43)) - raft.server.log.preallocated.size = 16384 (custom)
2019-09-20 08:38:05,336 [pool-186-thread-1] INFO  server.RaftServerConfigKeys (ConfUtils.java:logGet(43)) - raft.server.log.write.buffer.size = 33554432 (custom)
2019-09-20 08:38:05,336 [pool-186-thread-1] INFO  server.RaftServerConfigKeys (ConfUtils.java:logGet(43)) - raft.server.log.force.sync.num = 128 (default)
2019-09-20 08:38:05,336 [pool-186-thread-1] INFO  server.RaftServerConfigKeys (ConfUtils.java:logGet(43)) - raft.server.log.statemachine.data.sync = true (default)
2019-09-20 08:38:05,336 [pool-186-thread-1] INFO  server.RaftServerConfigKeys (ConfUtils.java:logGet(43)) - raft.server.log.statemachine.data.sync.timeout = 10s (default)
2019-09-20 08:38:05,337 [pool-186-thread-1] INFO  server.RaftServerConfigKeys (ConfUtils.java:logGet(43)) - raft.server.log.statemachine.data.sync.timeout.retry = -1 (default)
2019-09-20 08:38:05,337 [pool-186-thread-1] INFO  server.RaftServerConfigKeys (ConfUtils.java:logGet(43)) - raft.server.log.statemachine.data.caching.enabled = true (custom)
2019-09-20 08:38:05,337 [pool-186-thread-1] INFO  segmented.SegmentedRaftLogWorker (SegmentedRaftLogWorker.java:lambda$new$0(132)) - 8a49adf3-6e81-4a75-ab50-8f2c6e76bdc3-SegmentedRaftLogWorker:Storage Directory /workdir/hadoop-ozone/ozonefs/target/test-dir/MiniOzoneClusterImpl-1f915b72-7f2b-4803-b951-606f028ff0e9/datanode-0/data/ratis/a20546fb-9870-4304-ad5f-f227561e6aa0: flushIndex: setUnconditionally 0 -> -1
2019-09-20 08:38:05,337 [pool-186-thread-1] INFO  server.RaftServerConfigKeys (ConfUtils.java:logGet(43)) - raft.server.snapshot.auto.trigger.enabled = true (custom)
2019-09-20 08:38:05,338 [pool-186-thread-1] INFO  server.RaftServerConfigKeys (ConfUtils.java:logGet(43)) - raft.server.snapshot.auto.trigger.threshold = 10000 (custom)
2019-09-20 08:38:05,338 [pool-186-thread-1] INFO  server.RaftServerConfigKeys (ConfUtils.java:logGet(43)) - raft.server.retrycache.expirytime = 600000ms (custom)
2019-09-20 08:38:05,338 [pool-186-thread-1] INFO  impl.RaftServerImpl (RaftServerImpl.java:start(180)) - 8a49adf3-6e81-4a75-ab50-8f2c6e76bdc3: start group-F227561E6AA0
2019-09-20 08:38:05,338 [pool-186-thread-1] INFO  impl.RaftServerImpl (RaftServerImpl.java:setRole(171)) - 8a49adf3-6e81-4a75-ab50-8f2c6e76bdc3:group-F227561E6AA0 changes role from null to FOLLOWER at term 0 for startAsFollower
2019-09-20 08:38:05,338 [pool-186-thread-1] INFO  impl.RoleInfo (RoleInfo.java:updateAndGet(143)) - 8a49adf3-6e81-4a75-ab50-8f2c6e76bdc3: start FollowerState
2019-09-20 08:38:05,339 [pool-186-thread-1] INFO  util.JmxRegister (JmxRegister.java:tryRegister(44)) - Successfully registered JMX Bean with object name Ratis:service=RaftServer,group=group-F227561E6AA0,id=8a49adf3-6e81-4a75-ab50-8f2c6e76bdc3
2019-09-20 08:38:05,342 [RatisPipelineUtilsThread] INFO  pipeline.PipelineStateManager (PipelineStateManager.java:addPipeline(56)) - Created pipeline Pipeline[ Id: a20546fb-9870-4304-ad5f-f227561e6aa0, Nodes: 8a49adf3-6e81-4a75-ab50-8f2c6e76bdc3{ip: 192.168.36.79, host: pr-hdds-1569-s8kj2-2266485376, networkLocation: /default-rack, certSerialId: null}, Type:RATIS, Factor:ONE, State:OPEN]
2019-09-20 08:38:05,348 [grpc-default-executor-0] INFO  impl.RaftServerProxy (RaftServerProxy.java:addNew(89)) - 8a49adf3-6e81-4a75-ab50-8f2c6e76bdc3: addNew group-80BB40189F1A:[8a49adf3-6e81-4a75-ab50-8f2c6e76bdc3:192.168.36.79:46226] returns group-80BB40189F1A:java.util.concurrent.CompletableFuture@5bfe0139[Not completed]
2019-09-20 08:38:05,350 [pool-186-thread-1] INFO  impl.RaftServerImpl (RaftServerImpl.java:<init>(93)) - 8a49adf3-6e81-4a75-ab50-8f2c6e76bdc3: new RaftServerImpl for group-80BB40189F1A:[8a49adf3-6e81-4a75-ab50-8f2c6e76bdc3:192.168.36.79:46226] with ContainerStateMachine:uninitialized
2019-09-20 08:38:05,350 [pool-186-thread-1] INFO  server.RaftServerConfigKeys (ConfUtils.java:logGet(43)) - raft.server.rpc.timeout.min = 5s (custom)
2019-09-20 08:38:05,350 [pool-186-thread-1] INFO  server.RaftServerConfigKeys (ConfUtils.java:logGet(43)) - raft.server.rpc.timeout.max = 5200ms (custom)
2019-09-20 08:38:05,350 [pool-186-thread-1] INFO  server.RaftServerConfigKeys (ConfUtils.java:logGet(43)) - raft.server.rpcslowness.timeout = 120s (custom)
2019-09-20 08:38:05,350 [pool-186-thread-1] INFO  server.RaftServerConfigKeys (ConfUtils.java:logGet(43)) - raft.server.sleep.deviation.threshold = 300 (default)
2019-09-20 08:38:05,350 [pool-186-thread-1] INFO  server.RaftServerConfigKeys (ConfUtils.java:logGet(43)) - raft.server.log.appender.install.snapshot.enabled = false (custom)
2019-09-20 08:38:05,351 [pool-186-thread-1] INFO  impl.RaftServerImpl (ServerState.java:<init>(105)) - 8a49adf3-6e81-4a75-ab50-8f2c6e76bdc3:group-80BB40189F1A ConfigurationManager, init=-1: [8a49adf3-6e81-4a75-ab50-8f2c6e76bdc3:192.168.36.79:46226], old=null, confs=<EMPTY_MAP>
2019-09-20 08:38:05,351 [pool-186-thread-1] INFO  server.RaftServerConfigKeys (ConfUtils.java:logGet(43)) - raft.server.storage.dir = [/workdir/hadoop-ozone/ozonefs/target/test-dir/MiniOzoneClusterImpl-1f915b72-7f2b-4803-b951-606f028ff0e9/datanode-0/data/ratis] (custom)
2019-09-20 08:38:05,351 [pool-186-thread-1] INFO  storage.RaftStorageDirectory (RaftStorageDirectory.java:analyzeStorage(246)) - The storage directory /workdir/hadoop-ozone/ozonefs/target/test-dir/MiniOzoneClusterImpl-1f915b72-7f2b-4803-b951-606f028ff0e9/datanode-0/data/ratis/c843b12d-cdfe-4e99-9eb5-80bb40189f1a does not exist. Creating ...
2019-09-20 08:38:05,392 [pool-186-thread-1] INFO  storage.RaftStorageDirectory (RaftStorageDirectory.java:tryLock(328)) - Lock on /workdir/hadoop-ozone/ozonefs/target/test-dir/MiniOzoneClusterImpl-1f915b72-7f2b-4803-b951-606f028ff0e9/datanode-0/data/ratis/c843b12d-cdfe-4e99-9eb5-80bb40189f1a/in_use.lock acquired by nodename 25669@pr-hdds-1569-s8kj2-2266485376
2019-09-20 08:38:05,434 [pool-186-thread-1] INFO  storage.RaftStorage (RaftStorage.java:format(72)) - Storage directory /workdir/hadoop-ozone/ozonefs/target/test-dir/MiniOzoneClusterImpl-1f915b72-7f2b-4803-b951-606f028ff0e9/datanode-0/data/ratis/c843b12d-cdfe-4e99-9eb5-80bb40189f1a has been successfully formatted.
2019-09-20 08:38:05,434 [pool-186-thread-1] INFO  ratis.ContainerStateMachine (ContainerStateMachine.java:loadSnapshot(226)) - group-80BB40189F1A: The snapshot info is null. Setting the last applied indexto:(t:0, i:~)
2019-09-20 08:38:05,435 [pool-186-thread-1] INFO  server.RaftServerConfigKeys (ConfUtils.java:logGet(43)) - raft.server.leader.election.timeout = 120s (custom)
2019-09-20 08:38:05,435 [pool-186-thread-1] INFO  server.RaftServerConfigKeys (ConfUtils.java:logGet(43)) - raft.server.log.use.memory = false (default)
2019-09-20 08:38:05,435 [pool-186-thread-1] INFO  server.RaftServerConfigKeys (ConfUtils.java:logGet(43)) - raft.server.log.purge.gap = 1000000 (custom)
2019-09-20 08:38:05,435 [pool-186-thread-1] INFO  server.RaftServerConfigKeys (ConfUtils.java:logGet(43)) - raft.server.log.appender.buffer.byte-limit = 33554432 (custom)
2019-09-20 08:38:05,435 [pool-186-thread-1] INFO  server.RaftServerConfigKeys (ConfUtils.java:logGet(43)) - raft.server.log.segment.size.max = 1048576 (custom)
2019-09-20 08:38:05,435 [pool-186-thread-1] INFO  server.RaftServerConfigKeys (ConfUtils.java:logGet(43)) - raft.server.log.segment.cache.num.max = 2 (custom)
2019-09-20 08:38:05,436 [pool-186-thread-1] INFO  segmented.SegmentedRaftLogWorker (SegmentedRaftLogWorker.java:<init>(172)) - new 8a49adf3-6e81-4a75-ab50-8f2c6e76bdc3-SegmentedRaftLogWorker:Storage Directory /workdir/hadoop-ozone/ozonefs/target/test-dir/MiniOzoneClusterImpl-1f915b72-7f2b-4803-b951-606f028ff0e9/datanode-0/data/ratis/c843b12d-cdfe-4e99-9eb5-80bb40189f1a for RaftStorage:Storage Directory /workdir/hadoop-ozone/ozonefs/target/test-dir/MiniOzoneClusterImpl-1f915b72-7f2b-4803-b951-606f028ff0e9/datanode-0/data/ratis/c843b12d-cdfe-4e99-9eb5-80bb40189f1a
2019-09-20 08:38:05,436 [pool-186-thread-1] INFO  server.RaftServerConfigKeys (ConfUtils.java:logGet(43)) - raft.server.log.queue.byte-limit = 2147483647 (custom)
2019-09-20 08:38:05,436 [pool-186-thread-1] INFO  server.RaftServerConfigKeys (ConfUtils.java:logGet(43)) - raft.server.log.queue.element-limit = 1024 (custom)
2019-09-20 08:38:05,436 [pool-186-thread-1] INFO  server.RaftServerConfigKeys (ConfUtils.java:logGet(43)) - raft.server.log.segment.size.max = 1048576 (custom)
2019-09-20 08:38:05,436 [pool-186-thread-1] INFO  server.RaftServerConfigKeys (ConfUtils.java:logGet(43)) - raft.server.log.preallocated.size = 16384 (custom)
2019-09-20 08:38:05,437 [pool-186-thread-1] INFO  server.RaftServerConfigKeys (ConfUtils.java:logGet(43)) - raft.server.log.write.buffer.size = 33554432 (custom)
2019-09-20 08:38:05,437 [pool-186-thread-1] INFO  server.RaftServerConfigKeys (ConfUtils.java:logGet(43)) - raft.server.log.force.sync.num = 128 (default)
2019-09-20 08:38:05,437 [pool-186-thread-1] INFO  server.RaftServerConfigKeys (ConfUtils.java:logGet(43)) - raft.server.log.statemachine.data.sync = true (default)
2019-09-20 08:38:05,437 [pool-186-thread-1] INFO  server.RaftServerConfigKeys (ConfUtils.java:logGet(43)) - raft.server.log.statemachine.data.sync.timeout = 10s (default)
2019-09-20 08:38:05,437 [pool-186-thread-1] INFO  server.RaftServerConfigKeys (ConfUtils.java:logGet(43)) - raft.server.log.statemachine.data.sync.timeout.retry = -1 (default)
2019-09-20 08:38:05,438 [pool-186-thread-1] INFO  server.RaftServerConfigKeys (ConfUtils.java:logGet(43)) - raft.server.log.statemachine.data.caching.enabled = true (custom)
2019-09-20 08:38:05,438 [pool-186-thread-1] INFO  segmented.SegmentedRaftLogWorker (SegmentedRaftLogWorker.java:lambda$new$0(132)) - 8a49adf3-6e81-4a75-ab50-8f2c6e76bdc3-SegmentedRaftLogWorker:Storage Directory /workdir/hadoop-ozone/ozonefs/target/test-dir/MiniOzoneClusterImpl-1f915b72-7f2b-4803-b951-606f028ff0e9/datanode-0/data/ratis/c843b12d-cdfe-4e99-9eb5-80bb40189f1a: flushIndex: setUnconditionally 0 -> -1
2019-09-20 08:38:05,438 [pool-186-thread-1] INFO  server.RaftServerConfigKeys (ConfUtils.java:logGet(43)) - raft.server.snapshot.auto.trigger.enabled = true (custom)
2019-09-20 08:38:05,439 [pool-186-thread-1] INFO  server.RaftServerConfigKeys (ConfUtils.java:logGet(43)) - raft.server.snapshot.auto.trigger.threshold = 10000 (custom)
2019-09-20 08:38:05,439 [pool-186-thread-1] INFO  server.RaftServerConfigKeys (ConfUtils.java:logGet(43)) - raft.server.retrycache.expirytime = 600000ms (custom)
2019-09-20 08:38:05,439 [pool-186-thread-1] INFO  impl.RaftServerImpl (RaftServerImpl.java:start(180)) - 8a49adf3-6e81-4a75-ab50-8f2c6e76bdc3: start group-80BB40189F1A
2019-09-20 08:38:05,439 [pool-186-thread-1] INFO  impl.RaftServerImpl (RaftServerImpl.java:setRole(171)) - 8a49adf3-6e81-4a75-ab50-8f2c6e76bdc3:group-80BB40189F1A changes role from null to FOLLOWER at term 0 for startAsFollower
2019-09-20 08:38:05,439 [pool-186-thread-1] INFO  impl.RoleInfo (RoleInfo.java:updateAndGet(143)) - 8a49adf3-6e81-4a75-ab50-8f2c6e76bdc3: start FollowerState
2019-09-20 08:38:05,440 [pool-186-thread-1] INFO  util.JmxRegister (JmxRegister.java:tryRegister(44)) - Successfully registered JMX Bean with object name Ratis:service=RaftServer,group=group-80BB40189F1A,id=8a49adf3-6e81-4a75-ab50-8f2c6e76bdc3
2019-09-20 08:38:05,444 [RatisPipelineUtilsThread] INFO  pipeline.PipelineStateManager (PipelineStateManager.java:addPipeline(56)) - Created pipeline Pipeline[ Id: c843b12d-cdfe-4e99-9eb5-80bb40189f1a, Nodes: 8a49adf3-6e81-4a75-ab50-8f2c6e76bdc3{ip: 192.168.36.79, host: pr-hdds-1569-s8kj2-2266485376, networkLocation: /default-rack, certSerialId: null}, Type:RATIS, Factor:ONE, State:OPEN]
2019-09-20 08:38:05,453 [grpc-default-executor-0] INFO  impl.RaftServerProxy (RaftServerProxy.java:addNew(89)) - 5bfa0e55-6e65-4c9d-a9d6-a9b1c265a83f: addNew group-12F1FF0A02E8:[5bfa0e55-6e65-4c9d-a9d6-a9b1c265a83f:192.168.36.79:36439] returns group-12F1FF0A02E8:java.util.concurrent.CompletableFuture@1f317da[Not completed]
2019-09-20 08:38:05,455 [pool-197-thread-1] INFO  impl.RaftServerImpl (RaftServerImpl.java:<init>(93)) - 5bfa0e55-6e65-4c9d-a9d6-a9b1c265a83f: new RaftServerImpl for group-12F1FF0A02E8:[5bfa0e55-6e65-4c9d-a9d6-a9b1c265a83f:192.168.36.79:36439] with ContainerStateMachine:uninitialized
2019-09-20 08:38:05,455 [pool-197-thread-1] INFO  server.RaftServerConfigKeys (ConfUtils.java:logGet(43)) - raft.server.rpc.timeout.min = 5s (custom)
2019-09-20 08:38:05,455 [pool-197-thread-1] INFO  server.RaftServerConfigKeys (ConfUtils.java:logGet(43)) - raft.server.rpc.timeout.max = 5200ms (custom)
2019-09-20 08:38:05,456 [pool-197-thread-1] INFO  server.RaftServerConfigKeys (ConfUtils.java:logGet(43)) - raft.server.rpcslowness.timeout = 120s (custom)
2019-09-20 08:38:05,456 [pool-197-thread-1] INFO  server.RaftServerConfigKeys (ConfUtils.java:logGet(43)) - raft.server.sleep.deviation.threshold = 300 (default)
2019-09-20 08:38:05,456 [pool-197-thread-1] INFO  server.RaftServerConfigKeys (ConfUtils.java:logGet(43)) - raft.server.log.appender.install.snapshot.enabled = false (custom)
2019-09-20 08:38:05,456 [pool-197-thread-1] INFO  impl.RaftServerImpl (ServerState.java:<init>(105)) - 5bfa0e55-6e65-4c9d-a9d6-a9b1c265a83f:group-12F1FF0A02E8 ConfigurationManager, init=-1: [5bfa0e55-6e65-4c9d-a9d6-a9b1c265a83f:192.168.36.79:36439], old=null, confs=<EMPTY_MAP>
2019-09-20 08:38:05,456 [pool-197-thread-1] INFO  server.RaftServerConfigKeys (ConfUtils.java:logGet(43)) - raft.server.storage.dir = [/workdir/hadoop-ozone/ozonefs/target/test-dir/MiniOzoneClusterImpl-1f915b72-7f2b-4803-b951-606f028ff0e9/datanode-1/data/ratis] (custom)
2019-09-20 08:38:05,457 [pool-197-thread-1] INFO  storage.RaftStorageDirectory (RaftStorageDirectory.java:analyzeStorage(246)) - The storage directory /workdir/hadoop-ozone/ozonefs/target/test-dir/MiniOzoneClusterImpl-1f915b72-7f2b-4803-b951-606f028ff0e9/datanode-1/data/ratis/03bb5b8e-be2f-49b7-bff0-12f1ff0a02e8 does not exist. Creating ...
2019-09-20 08:38:05,476 [pool-197-thread-1] INFO  storage.RaftStorageDirectory (RaftStorageDirectory.java:tryLock(328)) - Lock on /workdir/hadoop-ozone/ozonefs/target/test-dir/MiniOzoneClusterImpl-1f915b72-7f2b-4803-b951-606f028ff0e9/datanode-1/data/ratis/03bb5b8e-be2f-49b7-bff0-12f1ff0a02e8/in_use.lock acquired by nodename 25669@pr-hdds-1569-s8kj2-2266485376
2019-09-20 08:38:05,483 [Thread-791] INFO  ozone.MiniOzoneClusterImpl (MiniOzoneClusterImpl.java:lambda$waitForClusterToBeReady$0(142)) - Waiting for cluster to be ready. Got 2 of 3 DN Heartbeats.
2019-09-20 08:38:05,484 [IPC Server handler 2 on 42422] INFO  net.NetworkTopology (NetworkTopologyImpl.java:add(110)) - Added a new node: /default-rack/2f8cca2b-bc23-4b5e-a61a-cdaaa212171f
2019-09-20 08:38:05,484 [IPC Server handler 2 on 42422] INFO  node.SCMNodeManager (SCMNodeManager.java:register(273)) - Registered Data node : 2f8cca2b-bc23-4b5e-a61a-cdaaa212171f{ip: 192.168.36.79, host: pr-hdds-1569-s8kj2-2266485376, networkLocation: /default-rack, certSerialId: null}
2019-09-20 08:38:05,485 | INFO  | SCMAudit | user=jenkins1000 | ip=192.168.36.79 | op=REGISTER {datanodeDetails=2f8cca2b-bc23-4b5e-a61a-cdaaa212171f{ip: 192.168.36.79, host: pr-hdds-1569-s8kj2-2266485376, networkLocation: /default-rack, certSerialId: null}} | ret=SUCCESS |  
2019-09-20 08:38:05,493 [pool-197-thread-1] INFO  storage.RaftStorage (RaftStorage.java:format(72)) - Storage directory /workdir/hadoop-ozone/ozonefs/target/test-dir/MiniOzoneClusterImpl-1f915b72-7f2b-4803-b951-606f028ff0e9/datanode-1/data/ratis/03bb5b8e-be2f-49b7-bff0-12f1ff0a02e8 has been successfully formatted.
2019-09-20 08:38:05,493 [pool-197-thread-1] INFO  ratis.ContainerStateMachine (ContainerStateMachine.java:loadSnapshot(226)) - group-12F1FF0A02E8: The snapshot info is null. Setting the last applied indexto:(t:0, i:~)
2019-09-20 08:38:05,494 [pool-197-thread-1] INFO  server.RaftServerConfigKeys (ConfUtils.java:logGet(43)) - raft.server.leader.election.timeout = 120s (custom)
2019-09-20 08:38:05,494 [pool-197-thread-1] INFO  server.RaftServerConfigKeys (ConfUtils.java:logGet(43)) - raft.server.log.use.memory = false (default)
2019-09-20 08:38:05,494 [pool-197-thread-1] INFO  server.RaftServerConfigKeys (ConfUtils.java:logGet(43)) - raft.server.log.purge.gap = 1000000 (custom)
2019-09-20 08:38:05,494 [pool-197-thread-1] INFO  server.RaftServerConfigKeys (ConfUtils.java:logGet(43)) - raft.server.log.appender.buffer.byte-limit = 33554432 (custom)
2019-09-20 08:38:05,494 [pool-197-thread-1] INFO  server.RaftServerConfigKeys (ConfUtils.java:logGet(43)) - raft.server.log.segment.size.max = 1048576 (custom)
2019-09-20 08:38:05,495 [pool-197-thread-1] INFO  server.RaftServerConfigKeys (ConfUtils.java:logGet(43)) - raft.server.log.segment.cache.num.max = 2 (custom)
2019-09-20 08:38:05,495 [pool-197-thread-1] INFO  segmented.SegmentedRaftLogWorker (SegmentedRaftLogWorker.java:<init>(172)) - new 5bfa0e55-6e65-4c9d-a9d6-a9b1c265a83f-SegmentedRaftLogWorker:Storage Directory /workdir/hadoop-ozone/ozonefs/target/test-dir/MiniOzoneClusterImpl-1f915b72-7f2b-4803-b951-606f028ff0e9/datanode-1/data/ratis/03bb5b8e-be2f-49b7-bff0-12f1ff0a02e8 for RaftStorage:Storage Directory /workdir/hadoop-ozone/ozonefs/target/test-dir/MiniOzoneClusterImpl-1f915b72-7f2b-4803-b951-606f028ff0e9/datanode-1/data/ratis/03bb5b8e-be2f-49b7-bff0-12f1ff0a02e8
2019-09-20 08:38:05,495 [pool-197-thread-1] INFO  server.RaftServerConfigKeys (ConfUtils.java:logGet(43)) - raft.server.log.queue.byte-limit = 2147483647 (custom)
2019-09-20 08:38:05,495 [pool-197-thread-1] INFO  server.RaftServerConfigKeys (ConfUtils.java:logGet(43)) - raft.server.log.queue.element-limit = 1024 (custom)
2019-09-20 08:38:05,495 [pool-197-thread-1] INFO  server.RaftServerConfigKeys (ConfUtils.java:logGet(43)) - raft.server.log.segment.size.max = 1048576 (custom)
2019-09-20 08:38:05,496 [pool-197-thread-1] INFO  server.RaftServerConfigKeys (ConfUtils.java:logGet(43)) - raft.server.log.preallocated.size = 16384 (custom)
2019-09-20 08:38:05,496 [pool-197-thread-1] INFO  server.RaftServerConfigKeys (ConfUtils.java:logGet(43)) - raft.server.log.write.buffer.size = 33554432 (custom)
2019-09-20 08:38:05,496 [pool-197-thread-1] INFO  server.RaftServerConfigKeys (ConfUtils.java:logGet(43)) - raft.server.log.force.sync.num = 128 (default)
2019-09-20 08:38:05,496 [pool-197-thread-1] INFO  server.RaftServerConfigKeys (ConfUtils.java:logGet(43)) - raft.server.log.statemachine.data.sync = true (default)
2019-09-20 08:38:05,496 [pool-197-thread-1] INFO  server.RaftServerConfigKeys (ConfUtils.java:logGet(43)) - raft.server.log.statemachine.data.sync.timeout = 10s (default)
2019-09-20 08:38:05,497 [pool-197-thread-1] INFO  server.RaftServerConfigKeys (ConfUtils.java:logGet(43)) - raft.server.log.statemachine.data.sync.timeout.retry = -1 (default)
2019-09-20 08:38:05,497 [pool-197-thread-1] INFO  server.RaftServerConfigKeys (ConfUtils.java:logGet(43)) - raft.server.log.statemachine.data.caching.enabled = true (custom)
2019-09-20 08:38:05,497 [pool-197-thread-1] INFO  segmented.SegmentedRaftLogWorker (SegmentedRaftLogWorker.java:lambda$new$0(132)) - 5bfa0e55-6e65-4c9d-a9d6-a9b1c265a83f-SegmentedRaftLogWorker:Storage Directory /workdir/hadoop-ozone/ozonefs/target/test-dir/MiniOzoneClusterImpl-1f915b72-7f2b-4803-b951-606f028ff0e9/datanode-1/data/ratis/03bb5b8e-be2f-49b7-bff0-12f1ff0a02e8: flushIndex: setUnconditionally 0 -> -1
2019-09-20 08:38:05,498 [pool-197-thread-1] INFO  server.RaftServerConfigKeys (ConfUtils.java:logGet(43)) - raft.server.snapshot.auto.trigger.enabled = true (custom)
2019-09-20 08:38:05,498 [pool-197-thread-1] INFO  server.RaftServerConfigKeys (ConfUtils.java:logGet(43)) - raft.server.snapshot.auto.trigger.threshold = 10000 (custom)
2019-09-20 08:38:05,498 [pool-197-thread-1] INFO  server.RaftServerConfigKeys (ConfUtils.java:logGet(43)) - raft.server.retrycache.expirytime = 600000ms (custom)
2019-09-20 08:38:05,499 [pool-197-thread-1] INFO  impl.RaftServerImpl (RaftServerImpl.java:start(180)) - 5bfa0e55-6e65-4c9d-a9d6-a9b1c265a83f: start group-12F1FF0A02E8
2019-09-20 08:38:05,499 [pool-197-thread-1] INFO  impl.RaftServerImpl (RaftServerImpl.java:setRole(171)) - 5bfa0e55-6e65-4c9d-a9d6-a9b1c265a83f:group-12F1FF0A02E8 changes role from null to FOLLOWER at term 0 for startAsFollower
2019-09-20 08:38:05,499 [pool-197-thread-1] INFO  impl.RoleInfo (RoleInfo.java:updateAndGet(143)) - 5bfa0e55-6e65-4c9d-a9d6-a9b1c265a83f: start FollowerState
2019-09-20 08:38:05,499 [pool-197-thread-1] INFO  util.JmxRegister (JmxRegister.java:tryRegister(44)) - Successfully registered JMX Bean with object name Ratis:service=RaftServer,group=group-12F1FF0A02E8,id=5bfa0e55-6e65-4c9d-a9d6-a9b1c265a83f
2019-09-20 08:38:05,502 [RatisPipelineUtilsThread] INFO  pipeline.PipelineStateManager (PipelineStateManager.java:addPipeline(56)) - Created pipeline Pipeline[ Id: 03bb5b8e-be2f-49b7-bff0-12f1ff0a02e8, Nodes: 5bfa0e55-6e65-4c9d-a9d6-a9b1c265a83f{ip: 192.168.36.79, host: pr-hdds-1569-s8kj2-2266485376, networkLocation: /default-rack, certSerialId: null}, Type:RATIS, Factor:ONE, State:OPEN]
2019-09-20 08:38:05,509 [grpc-default-executor-0] INFO  impl.RaftServerProxy (RaftServerProxy.java:addNew(89)) - 8a49adf3-6e81-4a75-ab50-8f2c6e76bdc3: addNew group-6F9F94C08E27:[8a49adf3-6e81-4a75-ab50-8f2c6e76bdc3:192.168.36.79:46226] returns group-6F9F94C08E27:java.util.concurrent.CompletableFuture@745f408d[Not completed]
2019-09-20 08:38:05,510 [pool-186-thread-1] INFO  impl.RaftServerImpl (RaftServerImpl.java:<init>(93)) - 8a49adf3-6e81-4a75-ab50-8f2c6e76bdc3: new RaftServerImpl for group-6F9F94C08E27:[8a49adf3-6e81-4a75-ab50-8f2c6e76bdc3:192.168.36.79:46226] with ContainerStateMachine:uninitialized
2019-09-20 08:38:05,510 [pool-186-thread-1] INFO  server.RaftServerConfigKeys (ConfUtils.java:logGet(43)) - raft.server.rpc.timeout.min = 5s (custom)
2019-09-20 08:38:05,510 [pool-186-thread-1] INFO  server.RaftServerConfigKeys (ConfUtils.java:logGet(43)) - raft.server.rpc.timeout.max = 5200ms (custom)
2019-09-20 08:38:05,511 [pool-186-thread-1] INFO  server.RaftServerConfigKeys (ConfUtils.java:logGet(43)) - raft.server.rpcslowness.timeout = 120s (custom)
2019-09-20 08:38:05,511 [pool-186-thread-1] INFO  server.RaftServerConfigKeys (ConfUtils.java:logGet(43)) - raft.server.sleep.deviation.threshold = 300 (default)
2019-09-20 08:38:05,511 [pool-186-thread-1] INFO  server.RaftServerConfigKeys (ConfUtils.java:logGet(43)) - raft.server.log.appender.install.snapshot.enabled = false (custom)
2019-09-20 08:38:05,511 [pool-186-thread-1] INFO  impl.RaftServerImpl (ServerState.java:<init>(105)) - 8a49adf3-6e81-4a75-ab50-8f2c6e76bdc3:group-6F9F94C08E27 ConfigurationManager, init=-1: [8a49adf3-6e81-4a75-ab50-8f2c6e76bdc3:192.168.36.79:46226], old=null, confs=<EMPTY_MAP>
2019-09-20 08:38:05,511 [pool-186-thread-1] INFO  server.RaftServerConfigKeys (ConfUtils.java:logGet(43)) - raft.server.storage.dir = [/workdir/hadoop-ozone/ozonefs/target/test-dir/MiniOzoneClusterImpl-1f915b72-7f2b-4803-b951-606f028ff0e9/datanode-0/data/ratis] (custom)
2019-09-20 08:38:05,512 [pool-186-thread-1] INFO  storage.RaftStorageDirectory (RaftStorageDirectory.java:analyzeStorage(246)) - The storage directory /workdir/hadoop-ozone/ozonefs/target/test-dir/MiniOzoneClusterImpl-1f915b72-7f2b-4803-b951-606f028ff0e9/datanode-0/data/ratis/0669b78f-6bed-48eb-85a8-6f9f94c08e27 does not exist. Creating ...
2019-09-20 08:38:05,535 [pool-186-thread-1] INFO  storage.RaftStorageDirectory (RaftStorageDirectory.java:tryLock(328)) - Lock on /workdir/hadoop-ozone/ozonefs/target/test-dir/MiniOzoneClusterImpl-1f915b72-7f2b-4803-b951-606f028ff0e9/datanode-0/data/ratis/0669b78f-6bed-48eb-85a8-6f9f94c08e27/in_use.lock acquired by nodename 25669@pr-hdds-1569-s8kj2-2266485376
2019-09-20 08:38:05,560 [pool-186-thread-1] INFO  storage.RaftStorage (RaftStorage.java:format(72)) - Storage directory /workdir/hadoop-ozone/ozonefs/target/test-dir/MiniOzoneClusterImpl-1f915b72-7f2b-4803-b951-606f028ff0e9/datanode-0/data/ratis/0669b78f-6bed-48eb-85a8-6f9f94c08e27 has been successfully formatted.
2019-09-20 08:38:05,561 [pool-186-thread-1] INFO  ratis.ContainerStateMachine (ContainerStateMachine.java:loadSnapshot(226)) - group-6F9F94C08E27: The snapshot info is null. Setting the last applied indexto:(t:0, i:~)
2019-09-20 08:38:05,561 [pool-186-thread-1] INFO  server.RaftServerConfigKeys (ConfUtils.java:logGet(43)) - raft.server.leader.election.timeout = 120s (custom)
2019-09-20 08:38:05,561 [pool-186-thread-1] INFO  server.RaftServerConfigKeys (ConfUtils.java:logGet(43)) - raft.server.log.use.memory = false (default)
2019-09-20 08:38:05,561 [pool-186-thread-1] INFO  server.RaftServerConfigKeys (ConfUtils.java:logGet(43)) - raft.server.log.purge.gap = 1000000 (custom)
2019-09-20 08:38:05,561 [pool-186-thread-1] INFO  server.RaftServerConfigKeys (ConfUtils.java:logGet(43)) - raft.server.log.appender.buffer.byte-limit = 33554432 (custom)
2019-09-20 08:38:05,562 [pool-186-thread-1] INFO  server.RaftServerConfigKeys (ConfUtils.java:logGet(43)) - raft.server.log.segment.size.max = 1048576 (custom)
2019-09-20 08:38:05,562 [pool-186-thread-1] INFO  server.RaftServerConfigKeys (ConfUtils.java:logGet(43)) - raft.server.log.segment.cache.num.max = 2 (custom)
2019-09-20 08:38:05,562 [pool-186-thread-1] INFO  segmented.SegmentedRaftLogWorker (SegmentedRaftLogWorker.java:<init>(172)) - new 8a49adf3-6e81-4a75-ab50-8f2c6e76bdc3-SegmentedRaftLogWorker:Storage Directory /workdir/hadoop-ozone/ozonefs/target/test-dir/MiniOzoneClusterImpl-1f915b72-7f2b-4803-b951-606f028ff0e9/datanode-0/data/ratis/0669b78f-6bed-48eb-85a8-6f9f94c08e27 for RaftStorage:Storage Directory /workdir/hadoop-ozone/ozonefs/target/test-dir/MiniOzoneClusterImpl-1f915b72-7f2b-4803-b951-606f028ff0e9/datanode-0/data/ratis/0669b78f-6bed-48eb-85a8-6f9f94c08e27
2019-09-20 08:38:05,562 [pool-186-thread-1] INFO  server.RaftServerConfigKeys (ConfUtils.java:logGet(43)) - raft.server.log.queue.byte-limit = 2147483647 (custom)
2019-09-20 08:38:05,562 [pool-186-thread-1] INFO  server.RaftServerConfigKeys (ConfUtils.java:logGet(43)) - raft.server.log.queue.element-limit = 1024 (custom)
2019-09-20 08:38:05,563 [pool-186-thread-1] INFO  server.RaftServerConfigKeys (ConfUtils.java:logGet(43)) - raft.server.log.segment.size.max = 1048576 (custom)
2019-09-20 08:38:05,563 [pool-186-thread-1] INFO  server.RaftServerConfigKeys (ConfUtils.java:logGet(43)) - raft.server.log.preallocated.size = 16384 (custom)
2019-09-20 08:38:05,563 [pool-186-thread-1] INFO  server.RaftServerConfigKeys (ConfUtils.java:logGet(43)) - raft.server.log.write.buffer.size = 33554432 (custom)
2019-09-20 08:38:05,563 [pool-186-thread-1] INFO  server.RaftServerConfigKeys (ConfUtils.java:logGet(43)) - raft.server.log.force.sync.num = 128 (default)
2019-09-20 08:38:05,563 [pool-186-thread-1] INFO  server.RaftServerConfigKeys (ConfUtils.java:logGet(43)) - raft.server.log.statemachine.data.sync = true (default)
2019-09-20 08:38:05,563 [pool-186-thread-1] INFO  server.RaftServerConfigKeys (ConfUtils.java:logGet(43)) - raft.server.log.statemachine.data.sync.timeout = 10s (default)
2019-09-20 08:38:05,563 [pool-186-thread-1] INFO  server.RaftServerConfigKeys (ConfUtils.java:logGet(43)) - raft.server.log.statemachine.data.sync.timeout.retry = -1 (default)
2019-09-20 08:38:05,564 [pool-186-thread-1] INFO  server.RaftServerConfigKeys (ConfUtils.java:logGet(43)) - raft.server.log.statemachine.data.caching.enabled = true (custom)
2019-09-20 08:38:05,564 [pool-186-thread-1] INFO  segmented.SegmentedRaftLogWorker (SegmentedRaftLogWorker.java:lambda$new$0(132)) - 8a49adf3-6e81-4a75-ab50-8f2c6e76bdc3-SegmentedRaftLogWorker:Storage Directory /workdir/hadoop-ozone/ozonefs/target/test-dir/MiniOzoneClusterImpl-1f915b72-7f2b-4803-b951-606f028ff0e9/datanode-0/data/ratis/0669b78f-6bed-48eb-85a8-6f9f94c08e27: flushIndex: setUnconditionally 0 -> -1
2019-09-20 08:38:05,564 [pool-186-thread-1] INFO  server.RaftServerConfigKeys (ConfUtils.java:logGet(43)) - raft.server.snapshot.auto.trigger.enabled = true (custom)
2019-09-20 08:38:05,565 [pool-186-thread-1] INFO  server.RaftServerConfigKeys (ConfUtils.java:logGet(43)) - raft.server.snapshot.auto.trigger.threshold = 10000 (custom)
2019-09-20 08:38:05,565 [pool-186-thread-1] INFO  server.RaftServerConfigKeys (ConfUtils.java:logGet(43)) - raft.server.retrycache.expirytime = 600000ms (custom)
2019-09-20 08:38:05,565 [pool-186-thread-1] INFO  impl.RaftServerImpl (RaftServerImpl.java:start(180)) - 8a49adf3-6e81-4a75-ab50-8f2c6e76bdc3: start group-6F9F94C08E27
2019-09-20 08:38:05,565 [pool-186-thread-1] INFO  impl.RaftServerImpl (RaftServerImpl.java:setRole(171)) - 8a49adf3-6e81-4a75-ab50-8f2c6e76bdc3:group-6F9F94C08E27 changes role from null to FOLLOWER at term 0 for startAsFollower
2019-09-20 08:38:05,565 [pool-186-thread-1] INFO  impl.RoleInfo (RoleInfo.java:updateAndGet(143)) - 8a49adf3-6e81-4a75-ab50-8f2c6e76bdc3: start FollowerState
2019-09-20 08:38:05,566 [pool-186-thread-1] INFO  util.JmxRegister (JmxRegister.java:tryRegister(44)) - Successfully registered JMX Bean with object name Ratis:service=RaftServer,group=group-6F9F94C08E27,id=8a49adf3-6e81-4a75-ab50-8f2c6e76bdc3
2019-09-20 08:38:05,570 [RatisPipelineUtilsThread] INFO  pipeline.PipelineStateManager (PipelineStateManager.java:addPipeline(56)) - Created pipeline Pipeline[ Id: 0669b78f-6bed-48eb-85a8-6f9f94c08e27, Nodes: 8a49adf3-6e81-4a75-ab50-8f2c6e76bdc3{ip: 192.168.36.79, host: pr-hdds-1569-s8kj2-2266485376, networkLocation: /default-rack, certSerialId: null}, Type:RATIS, Factor:ONE, State:OPEN]
2019-09-20 08:38:05,570 [RatisPipelineUtilsThread] INFO  pipeline.PipelinePlacementPolicy (PipelinePlacementPolicy.java:meetCriteria(91)) - Pipeline Placement: Doesn't meet the criteria to be viable node： 8a49adf3-6e81-4a75-ab50-8f2c6e76bdc3 Heaviness: 6 limit: 5
2019-09-20 08:38:05,578 [grpc-default-executor-0] INFO  impl.RaftServerProxy (RaftServerProxy.java:addNew(89)) - 2f8cca2b-bc23-4b5e-a61a-cdaaa212171f: addNew group-0C3FEDB48FD0:[2f8cca2b-bc23-4b5e-a61a-cdaaa212171f:192.168.36.79:42129] returns group-0C3FEDB48FD0:java.util.concurrent.CompletableFuture@78b8a9e7[Not completed]
2019-09-20 08:38:05,580 [pool-208-thread-1] INFO  impl.RaftServerImpl (RaftServerImpl.java:<init>(93)) - 2f8cca2b-bc23-4b5e-a61a-cdaaa212171f: new RaftServerImpl for group-0C3FEDB48FD0:[2f8cca2b-bc23-4b5e-a61a-cdaaa212171f:192.168.36.79:42129] with ContainerStateMachine:uninitialized
2019-09-20 08:38:05,580 [pool-208-thread-1] INFO  server.RaftServerConfigKeys (ConfUtils.java:logGet(43)) - raft.server.rpc.timeout.min = 5s (custom)
2019-09-20 08:38:05,580 [pool-208-thread-1] INFO  server.RaftServerConfigKeys (ConfUtils.java:logGet(43)) - raft.server.rpc.timeout.max = 5200ms (custom)
2019-09-20 08:38:05,581 [pool-208-thread-1] INFO  server.RaftServerConfigKeys (ConfUtils.java:logGet(43)) - raft.server.rpcslowness.timeout = 120s (custom)
2019-09-20 08:38:05,581 [pool-208-thread-1] INFO  server.RaftServerConfigKeys (ConfUtils.java:logGet(43)) - raft.server.sleep.deviation.threshold = 300 (default)
2019-09-20 08:38:05,581 [pool-208-thread-1] INFO  server.RaftServerConfigKeys (ConfUtils.java:logGet(43)) - raft.server.log.appender.install.snapshot.enabled = false (custom)
2019-09-20 08:38:05,581 [pool-208-thread-1] INFO  impl.RaftServerImpl (ServerState.java:<init>(105)) - 2f8cca2b-bc23-4b5e-a61a-cdaaa212171f:group-0C3FEDB48FD0 ConfigurationManager, init=-1: [2f8cca2b-bc23-4b5e-a61a-cdaaa212171f:192.168.36.79:42129], old=null, confs=<EMPTY_MAP>
2019-09-20 08:38:05,581 [pool-208-thread-1] INFO  server.RaftServerConfigKeys (ConfUtils.java:logGet(43)) - raft.server.storage.dir = [/workdir/hadoop-ozone/ozonefs/target/test-dir/MiniOzoneClusterImpl-1f915b72-7f2b-4803-b951-606f028ff0e9/datanode-2/data/ratis] (custom)
2019-09-20 08:38:05,582 [pool-208-thread-1] INFO  storage.RaftStorageDirectory (RaftStorageDirectory.java:analyzeStorage(246)) - The storage directory /workdir/hadoop-ozone/ozonefs/target/test-dir/MiniOzoneClusterImpl-1f915b72-7f2b-4803-b951-606f028ff0e9/datanode-2/data/ratis/389a7d56-cc4d-467b-90a8-0c3fedb48fd0 does not exist. Creating ...
2019-09-20 08:38:05,602 [pool-208-thread-1] INFO  storage.RaftStorageDirectory (RaftStorageDirectory.java:tryLock(328)) - Lock on /workdir/hadoop-ozone/ozonefs/target/test-dir/MiniOzoneClusterImpl-1f915b72-7f2b-4803-b951-606f028ff0e9/datanode-2/data/ratis/389a7d56-cc4d-467b-90a8-0c3fedb48fd0/in_use.lock acquired by nodename 25669@pr-hdds-1569-s8kj2-2266485376
2019-09-20 08:38:05,645 [pool-208-thread-1] INFO  storage.RaftStorage (RaftStorage.java:format(72)) - Storage directory /workdir/hadoop-ozone/ozonefs/target/test-dir/MiniOzoneClusterImpl-1f915b72-7f2b-4803-b951-606f028ff0e9/datanode-2/data/ratis/389a7d56-cc4d-467b-90a8-0c3fedb48fd0 has been successfully formatted.
2019-09-20 08:38:05,645 [pool-208-thread-1] INFO  ratis.ContainerStateMachine (ContainerStateMachine.java:loadSnapshot(226)) - group-0C3FEDB48FD0: The snapshot info is null. Setting the last applied indexto:(t:0, i:~)
2019-09-20 08:38:05,645 [pool-208-thread-1] INFO  server.RaftServerConfigKeys (ConfUtils.java:logGet(43)) - raft.server.leader.election.timeout = 120s (custom)
2019-09-20 08:38:05,645 [pool-208-thread-1] INFO  server.RaftServerConfigKeys (ConfUtils.java:logGet(43)) - raft.server.log.use.memory = false (default)
2019-09-20 08:38:05,645 [pool-208-thread-1] INFO  server.RaftServerConfigKeys (ConfUtils.java:logGet(43)) - raft.server.log.purge.gap = 1000000 (custom)
2019-09-20 08:38:05,646 [pool-208-thread-1] INFO  server.RaftServerConfigKeys (ConfUtils.java:logGet(43)) - raft.server.log.appender.buffer.byte-limit = 33554432 (custom)
2019-09-20 08:38:05,646 [pool-208-thread-1] INFO  server.RaftServerConfigKeys (ConfUtils.java:logGet(43)) - raft.server.log.segment.size.max = 1048576 (custom)
2019-09-20 08:38:05,646 [pool-208-thread-1] INFO  server.RaftServerConfigKeys (ConfUtils.java:logGet(43)) - raft.server.log.segment.cache.num.max = 2 (custom)
2019-09-20 08:38:05,646 [pool-208-thread-1] INFO  segmented.SegmentedRaftLogWorker (SegmentedRaftLogWorker.java:<init>(172)) - new 2f8cca2b-bc23-4b5e-a61a-cdaaa212171f-SegmentedRaftLogWorker:Storage Directory /workdir/hadoop-ozone/ozonefs/target/test-dir/MiniOzoneClusterImpl-1f915b72-7f2b-4803-b951-606f028ff0e9/datanode-2/data/ratis/389a7d56-cc4d-467b-90a8-0c3fedb48fd0 for RaftStorage:Storage Directory /workdir/hadoop-ozone/ozonefs/target/test-dir/MiniOzoneClusterImpl-1f915b72-7f2b-4803-b951-606f028ff0e9/datanode-2/data/ratis/389a7d56-cc4d-467b-90a8-0c3fedb48fd0
2019-09-20 08:38:05,646 [pool-208-thread-1] INFO  server.RaftServerConfigKeys (ConfUtils.java:logGet(43)) - raft.server.log.queue.byte-limit = 2147483647 (custom)
2019-09-20 08:38:05,646 [pool-208-thread-1] INFO  server.RaftServerConfigKeys (ConfUtils.java:logGet(43)) - raft.server.log.queue.element-limit = 1024 (custom)
2019-09-20 08:38:05,647 [pool-208-thread-1] INFO  server.RaftServerConfigKeys (ConfUtils.java:logGet(43)) - raft.server.log.segment.size.max = 1048576 (custom)
2019-09-20 08:38:05,647 [pool-208-thread-1] INFO  server.RaftServerConfigKeys (ConfUtils.java:logGet(43)) - raft.server.log.preallocated.size = 16384 (custom)
2019-09-20 08:38:05,647 [pool-208-thread-1] INFO  server.RaftServerConfigKeys (ConfUtils.java:logGet(43)) - raft.server.log.write.buffer.size = 33554432 (custom)
2019-09-20 08:38:05,647 [pool-208-thread-1] INFO  server.RaftServerConfigKeys (ConfUtils.java:logGet(43)) - raft.server.log.force.sync.num = 128 (default)
2019-09-20 08:38:05,647 [pool-208-thread-1] INFO  server.RaftServerConfigKeys (ConfUtils.java:logGet(43)) - raft.server.log.statemachine.data.sync = true (default)
2019-09-20 08:38:05,648 [pool-208-thread-1] INFO  server.RaftServerConfigKeys (ConfUtils.java:logGet(43)) - raft.server.log.statemachine.data.sync.timeout = 10s (default)
2019-09-20 08:38:05,648 [pool-208-thread-1] INFO  server.RaftServerConfigKeys (ConfUtils.java:logGet(43)) - raft.server.log.statemachine.data.sync.timeout.retry = -1 (default)
2019-09-20 08:38:05,648 [pool-208-thread-1] INFO  server.RaftServerConfigKeys (ConfUtils.java:logGet(43)) - raft.server.log.statemachine.data.caching.enabled = true (custom)
2019-09-20 08:38:05,649 [pool-208-thread-1] INFO  segmented.SegmentedRaftLogWorker (SegmentedRaftLogWorker.java:lambda$new$0(132)) - 2f8cca2b-bc23-4b5e-a61a-cdaaa212171f-SegmentedRaftLogWorker:Storage Directory /workdir/hadoop-ozone/ozonefs/target/test-dir/MiniOzoneClusterImpl-1f915b72-7f2b-4803-b951-606f028ff0e9/datanode-2/data/ratis/389a7d56-cc4d-467b-90a8-0c3fedb48fd0: flushIndex: setUnconditionally 0 -> -1
2019-09-20 08:38:05,649 [pool-208-thread-1] INFO  server.RaftServerConfigKeys (ConfUtils.java:logGet(43)) - raft.server.snapshot.auto.trigger.enabled = true (custom)
2019-09-20 08:38:05,649 [pool-208-thread-1] INFO  server.RaftServerConfigKeys (ConfUtils.java:logGet(43)) - raft.server.snapshot.auto.trigger.threshold = 10000 (custom)
2019-09-20 08:38:05,650 [pool-208-thread-1] INFO  server.RaftServerConfigKeys (ConfUtils.java:logGet(43)) - raft.server.retrycache.expirytime = 600000ms (custom)
2019-09-20 08:38:05,650 [pool-208-thread-1] INFO  impl.RaftServerImpl (RaftServerImpl.java:start(180)) - 2f8cca2b-bc23-4b5e-a61a-cdaaa212171f: start group-0C3FEDB48FD0
2019-09-20 08:38:05,650 [pool-208-thread-1] INFO  impl.RaftServerImpl (RaftServerImpl.java:setRole(171)) - 2f8cca2b-bc23-4b5e-a61a-cdaaa212171f:group-0C3FEDB48FD0 changes role from null to FOLLOWER at term 0 for startAsFollower
2019-09-20 08:38:05,650 [pool-208-thread-1] INFO  impl.RoleInfo (RoleInfo.java:updateAndGet(143)) - 2f8cca2b-bc23-4b5e-a61a-cdaaa212171f: start FollowerState
2019-09-20 08:38:05,651 [pool-208-thread-1] INFO  util.JmxRegister (JmxRegister.java:tryRegister(44)) - Successfully registered JMX Bean with object name Ratis:service=RaftServer,group=group-0C3FEDB48FD0,id=2f8cca2b-bc23-4b5e-a61a-cdaaa212171f
2019-09-20 08:38:05,655 [RatisPipelineUtilsThread] INFO  pipeline.PipelineStateManager (PipelineStateManager.java:addPipeline(56)) - Created pipeline Pipeline[ Id: 389a7d56-cc4d-467b-90a8-0c3fedb48fd0, Nodes: 2f8cca2b-bc23-4b5e-a61a-cdaaa212171f{ip: 192.168.36.79, host: pr-hdds-1569-s8kj2-2266485376, networkLocation: /default-rack, certSerialId: null}, Type:RATIS, Factor:ONE, State:OPEN]
2019-09-20 08:38:05,655 [RatisPipelineUtilsThread] INFO  pipeline.PipelinePlacementPolicy (PipelinePlacementPolicy.java:meetCriteria(91)) - Pipeline Placement: Doesn't meet the criteria to be viable node： 8a49adf3-6e81-4a75-ab50-8f2c6e76bdc3 Heaviness: 6 limit: 5
2019-09-20 08:38:05,663 [grpc-default-executor-0] INFO  impl.RaftServerProxy (RaftServerProxy.java:addNew(89)) - 5bfa0e55-6e65-4c9d-a9d6-a9b1c265a83f: addNew group-6587745B51F5:[5bfa0e55-6e65-4c9d-a9d6-a9b1c265a83f:192.168.36.79:36439] returns group-6587745B51F5:java.util.concurrent.CompletableFuture@233c7e3[Not completed]
2019-09-20 08:38:05,665 [pool-197-thread-1] INFO  impl.RaftServerImpl (RaftServerImpl.java:<init>(93)) - 5bfa0e55-6e65-4c9d-a9d6-a9b1c265a83f: new RaftServerImpl for group-6587745B51F5:[5bfa0e55-6e65-4c9d-a9d6-a9b1c265a83f:192.168.36.79:36439] with ContainerStateMachine:uninitialized
2019-09-20 08:38:05,665 [pool-197-thread-1] INFO  server.RaftServerConfigKeys (ConfUtils.java:logGet(43)) - raft.server.rpc.timeout.min = 5s (custom)
2019-09-20 08:38:05,665 [pool-197-thread-1] INFO  server.RaftServerConfigKeys (ConfUtils.java:logGet(43)) - raft.server.rpc.timeout.max = 5200ms (custom)
2019-09-20 08:38:05,665 [pool-197-thread-1] INFO  server.RaftServerConfigKeys (ConfUtils.java:logGet(43)) - raft.server.rpcslowness.timeout = 120s (custom)
2019-09-20 08:38:05,665 [pool-197-thread-1] INFO  server.RaftServerConfigKeys (ConfUtils.java:logGet(43)) - raft.server.sleep.deviation.threshold = 300 (default)
2019-09-20 08:38:05,665 [pool-197-thread-1] INFO  server.RaftServerConfigKeys (ConfUtils.java:logGet(43)) - raft.server.log.appender.install.snapshot.enabled = false (custom)
2019-09-20 08:38:05,666 [pool-197-thread-1] INFO  impl.RaftServerImpl (ServerState.java:<init>(105)) - 5bfa0e55-6e65-4c9d-a9d6-a9b1c265a83f:group-6587745B51F5 ConfigurationManager, init=-1: [5bfa0e55-6e65-4c9d-a9d6-a9b1c265a83f:192.168.36.79:36439], old=null, confs=<EMPTY_MAP>
2019-09-20 08:38:05,666 [pool-197-thread-1] INFO  server.RaftServerConfigKeys (ConfUtils.java:logGet(43)) - raft.server.storage.dir = [/workdir/hadoop-ozone/ozonefs/target/test-dir/MiniOzoneClusterImpl-1f915b72-7f2b-4803-b951-606f028ff0e9/datanode-1/data/ratis] (custom)
2019-09-20 08:38:05,666 [pool-197-thread-1] INFO  storage.RaftStorageDirectory (RaftStorageDirectory.java:analyzeStorage(246)) - The storage directory /workdir/hadoop-ozone/ozonefs/target/test-dir/MiniOzoneClusterImpl-1f915b72-7f2b-4803-b951-606f028ff0e9/datanode-1/data/ratis/6cae6f67-df77-410e-87b0-6587745b51f5 does not exist. Creating ...
2019-09-20 08:38:05,687 [pool-197-thread-1] INFO  storage.RaftStorageDirectory (RaftStorageDirectory.java:tryLock(328)) - Lock on /workdir/hadoop-ozone/ozonefs/target/test-dir/MiniOzoneClusterImpl-1f915b72-7f2b-4803-b951-606f028ff0e9/datanode-1/data/ratis/6cae6f67-df77-410e-87b0-6587745b51f5/in_use.lock acquired by nodename 25669@pr-hdds-1569-s8kj2-2266485376
2019-09-20 08:38:05,712 [pool-197-thread-1] INFO  storage.RaftStorage (RaftStorage.java:format(72)) - Storage directory /workdir/hadoop-ozone/ozonefs/target/test-dir/MiniOzoneClusterImpl-1f915b72-7f2b-4803-b951-606f028ff0e9/datanode-1/data/ratis/6cae6f67-df77-410e-87b0-6587745b51f5 has been successfully formatted.
2019-09-20 08:38:05,712 [pool-197-thread-1] INFO  ratis.ContainerStateMachine (ContainerStateMachine.java:loadSnapshot(226)) - group-6587745B51F5: The snapshot info is null. Setting the last applied indexto:(t:0, i:~)
2019-09-20 08:38:05,713 [pool-197-thread-1] INFO  server.RaftServerConfigKeys (ConfUtils.java:logGet(43)) - raft.server.leader.election.timeout = 120s (custom)
2019-09-20 08:38:05,713 [pool-197-thread-1] INFO  server.RaftServerConfigKeys (ConfUtils.java:logGet(43)) - raft.server.log.use.memory = false (default)
2019-09-20 08:38:05,713 [pool-197-thread-1] INFO  server.RaftServerConfigKeys (ConfUtils.java:logGet(43)) - raft.server.log.purge.gap = 1000000 (custom)
2019-09-20 08:38:05,713 [pool-197-thread-1] INFO  server.RaftServerConfigKeys (ConfUtils.java:logGet(43)) - raft.server.log.appender.buffer.byte-limit = 33554432 (custom)
2019-09-20 08:38:05,713 [pool-197-thread-1] INFO  server.RaftServerConfigKeys (ConfUtils.java:logGet(43)) - raft.server.log.segment.size.max = 1048576 (custom)
2019-09-20 08:38:05,714 [pool-197-thread-1] INFO  server.RaftServerConfigKeys (ConfUtils.java:logGet(43)) - raft.server.log.segment.cache.num.max = 2 (custom)
2019-09-20 08:38:05,714 [pool-197-thread-1] INFO  segmented.SegmentedRaftLogWorker (SegmentedRaftLogWorker.java:<init>(172)) - new 5bfa0e55-6e65-4c9d-a9d6-a9b1c265a83f-SegmentedRaftLogWorker:Storage Directory /workdir/hadoop-ozone/ozonefs/target/test-dir/MiniOzoneClusterImpl-1f915b72-7f2b-4803-b951-606f028ff0e9/datanode-1/data/ratis/6cae6f67-df77-410e-87b0-6587745b51f5 for RaftStorage:Storage Directory /workdir/hadoop-ozone/ozonefs/target/test-dir/MiniOzoneClusterImpl-1f915b72-7f2b-4803-b951-606f028ff0e9/datanode-1/data/ratis/6cae6f67-df77-410e-87b0-6587745b51f5
2019-09-20 08:38:05,714 [pool-197-thread-1] INFO  server.RaftServerConfigKeys (ConfUtils.java:logGet(43)) - raft.server.log.queue.byte-limit = 2147483647 (custom)
2019-09-20 08:38:05,714 [pool-197-thread-1] INFO  server.RaftServerConfigKeys (ConfUtils.java:logGet(43)) - raft.server.log.queue.element-limit = 1024 (custom)
2019-09-20 08:38:05,714 [pool-197-thread-1] INFO  server.RaftServerConfigKeys (ConfUtils.java:logGet(43)) - raft.server.log.segment.size.max = 1048576 (custom)
2019-09-20 08:38:05,714 [pool-197-thread-1] INFO  server.RaftServerConfigKeys (ConfUtils.java:logGet(43)) - raft.server.log.preallocated.size = 16384 (custom)
2019-09-20 08:38:05,715 [pool-197-thread-1] INFO  server.RaftServerConfigKeys (ConfUtils.java:logGet(43)) - raft.server.log.write.buffer.size = 33554432 (custom)
2019-09-20 08:38:05,715 [pool-197-thread-1] INFO  server.RaftServerConfigKeys (ConfUtils.java:logGet(43)) - raft.server.log.force.sync.num = 128 (default)
2019-09-20 08:38:05,715 [pool-197-thread-1] INFO  server.RaftServerConfigKeys (ConfUtils.java:logGet(43)) - raft.server.log.statemachine.data.sync = true (default)
2019-09-20 08:38:05,715 [pool-197-thread-1] INFO  server.RaftServerConfigKeys (ConfUtils.java:logGet(43)) - raft.server.log.statemachine.data.sync.timeout = 10s (default)
2019-09-20 08:38:05,715 [pool-197-thread-1] INFO  server.RaftServerConfigKeys (ConfUtils.java:logGet(43)) - raft.server.log.statemachine.data.sync.timeout.retry = -1 (default)
2019-09-20 08:38:05,716 [pool-197-thread-1] INFO  server.RaftServerConfigKeys (ConfUtils.java:logGet(43)) - raft.server.log.statemachine.data.caching.enabled = true (custom)
2019-09-20 08:38:05,716 [pool-197-thread-1] INFO  segmented.SegmentedRaftLogWorker (SegmentedRaftLogWorker.java:lambda$new$0(132)) - 5bfa0e55-6e65-4c9d-a9d6-a9b1c265a83f-SegmentedRaftLogWorker:Storage Directory /workdir/hadoop-ozone/ozonefs/target/test-dir/MiniOzoneClusterImpl-1f915b72-7f2b-4803-b951-606f028ff0e9/datanode-1/data/ratis/6cae6f67-df77-410e-87b0-6587745b51f5: flushIndex: setUnconditionally 0 -> -1
2019-09-20 08:38:05,716 [pool-197-thread-1] INFO  server.RaftServerConfigKeys (ConfUtils.java:logGet(43)) - raft.server.snapshot.auto.trigger.enabled = true (custom)
2019-09-20 08:38:05,717 [pool-197-thread-1] INFO  server.RaftServerConfigKeys (ConfUtils.java:logGet(43)) - raft.server.snapshot.auto.trigger.threshold = 10000 (custom)
2019-09-20 08:38:05,717 [pool-197-thread-1] INFO  server.RaftServerConfigKeys (ConfUtils.java:logGet(43)) - raft.server.retrycache.expirytime = 600000ms (custom)
2019-09-20 08:38:05,717 [pool-197-thread-1] INFO  impl.RaftServerImpl (RaftServerImpl.java:start(180)) - 5bfa0e55-6e65-4c9d-a9d6-a9b1c265a83f: start group-6587745B51F5
2019-09-20 08:38:05,717 [pool-197-thread-1] INFO  impl.RaftServerImpl (RaftServerImpl.java:setRole(171)) - 5bfa0e55-6e65-4c9d-a9d6-a9b1c265a83f:group-6587745B51F5 changes role from null to FOLLOWER at term 0 for startAsFollower
2019-09-20 08:38:05,717 [pool-197-thread-1] INFO  impl.RoleInfo (RoleInfo.java:updateAndGet(143)) - 5bfa0e55-6e65-4c9d-a9d6-a9b1c265a83f: start FollowerState
2019-09-20 08:38:05,718 [pool-197-thread-1] INFO  util.JmxRegister (JmxRegister.java:tryRegister(44)) - Successfully registered JMX Bean with object name Ratis:service=RaftServer,group=group-6587745B51F5,id=5bfa0e55-6e65-4c9d-a9d6-a9b1c265a83f
2019-09-20 08:38:05,722 [RatisPipelineUtilsThread] INFO  pipeline.PipelineStateManager (PipelineStateManager.java:addPipeline(56)) - Created pipeline Pipeline[ Id: 6cae6f67-df77-410e-87b0-6587745b51f5, Nodes: 5bfa0e55-6e65-4c9d-a9d6-a9b1c265a83f{ip: 192.168.36.79, host: pr-hdds-1569-s8kj2-2266485376, networkLocation: /default-rack, certSerialId: null}, Type:RATIS, Factor:ONE, State:OPEN]
2019-09-20 08:38:05,722 [RatisPipelineUtilsThread] INFO  pipeline.PipelinePlacementPolicy (PipelinePlacementPolicy.java:meetCriteria(91)) - Pipeline Placement: Doesn't meet the criteria to be viable node： 8a49adf3-6e81-4a75-ab50-8f2c6e76bdc3 Heaviness: 6 limit: 5
2019-09-20 08:38:05,730 [grpc-default-executor-0] INFO  impl.RaftServerProxy (RaftServerProxy.java:addNew(89)) - 5bfa0e55-6e65-4c9d-a9d6-a9b1c265a83f: addNew group-968900B0C1C0:[5bfa0e55-6e65-4c9d-a9d6-a9b1c265a83f:192.168.36.79:36439] returns group-968900B0C1C0:java.util.concurrent.CompletableFuture@762c3e2e[Not completed]
2019-09-20 08:38:05,732 [pool-197-thread-1] INFO  impl.RaftServerImpl (RaftServerImpl.java:<init>(93)) - 5bfa0e55-6e65-4c9d-a9d6-a9b1c265a83f: new RaftServerImpl for group-968900B0C1C0:[5bfa0e55-6e65-4c9d-a9d6-a9b1c265a83f:192.168.36.79:36439] with ContainerStateMachine:uninitialized
2019-09-20 08:38:05,732 [pool-197-thread-1] INFO  server.RaftServerConfigKeys (ConfUtils.java:logGet(43)) - raft.server.rpc.timeout.min = 5s (custom)
2019-09-20 08:38:05,733 [pool-197-thread-1] INFO  server.RaftServerConfigKeys (ConfUtils.java:logGet(43)) - raft.server.rpc.timeout.max = 5200ms (custom)
2019-09-20 08:38:05,733 [pool-197-thread-1] INFO  server.RaftServerConfigKeys (ConfUtils.java:logGet(43)) - raft.server.rpcslowness.timeout = 120s (custom)
2019-09-20 08:38:05,733 [pool-197-thread-1] INFO  server.RaftServerConfigKeys (ConfUtils.java:logGet(43)) - raft.server.sleep.deviation.threshold = 300 (default)
2019-09-20 08:38:05,733 [pool-197-thread-1] INFO  server.RaftServerConfigKeys (ConfUtils.java:logGet(43)) - raft.server.log.appender.install.snapshot.enabled = false (custom)
2019-09-20 08:38:05,733 [pool-197-thread-1] INFO  impl.RaftServerImpl (ServerState.java:<init>(105)) - 5bfa0e55-6e65-4c9d-a9d6-a9b1c265a83f:group-968900B0C1C0 ConfigurationManager, init=-1: [5bfa0e55-6e65-4c9d-a9d6-a9b1c265a83f:192.168.36.79:36439], old=null, confs=<EMPTY_MAP>
2019-09-20 08:38:05,734 [pool-197-thread-1] INFO  server.RaftServerConfigKeys (ConfUtils.java:logGet(43)) - raft.server.storage.dir = [/workdir/hadoop-ozone/ozonefs/target/test-dir/MiniOzoneClusterImpl-1f915b72-7f2b-4803-b951-606f028ff0e9/datanode-1/data/ratis] (custom)
2019-09-20 08:38:05,734 [pool-197-thread-1] INFO  storage.RaftStorageDirectory (RaftStorageDirectory.java:analyzeStorage(246)) - The storage directory /workdir/hadoop-ozone/ozonefs/target/test-dir/MiniOzoneClusterImpl-1f915b72-7f2b-4803-b951-606f028ff0e9/datanode-1/data/ratis/d3033f77-9075-4ac1-b447-968900b0c1c0 does not exist. Creating ...
2019-09-20 08:38:05,762 [pool-197-thread-1] INFO  storage.RaftStorageDirectory (RaftStorageDirectory.java:tryLock(328)) - Lock on /workdir/hadoop-ozone/ozonefs/target/test-dir/MiniOzoneClusterImpl-1f915b72-7f2b-4803-b951-606f028ff0e9/datanode-1/data/ratis/d3033f77-9075-4ac1-b447-968900b0c1c0/in_use.lock acquired by nodename 25669@pr-hdds-1569-s8kj2-2266485376
2019-09-20 08:38:05,838 [pool-197-thread-1] INFO  storage.RaftStorage (RaftStorage.java:format(72)) - Storage directory /workdir/hadoop-ozone/ozonefs/target/test-dir/MiniOzoneClusterImpl-1f915b72-7f2b-4803-b951-606f028ff0e9/datanode-1/data/ratis/d3033f77-9075-4ac1-b447-968900b0c1c0 has been successfully formatted.
2019-09-20 08:38:05,838 [pool-197-thread-1] INFO  ratis.ContainerStateMachine (ContainerStateMachine.java:loadSnapshot(226)) - group-968900B0C1C0: The snapshot info is null. Setting the last applied indexto:(t:0, i:~)
2019-09-20 08:38:05,839 [pool-197-thread-1] INFO  server.RaftServerConfigKeys (ConfUtils.java:logGet(43)) - raft.server.leader.election.timeout = 120s (custom)
2019-09-20 08:38:05,839 [pool-197-thread-1] INFO  server.RaftServerConfigKeys (ConfUtils.java:logGet(43)) - raft.server.log.use.memory = false (default)
2019-09-20 08:38:05,839 [pool-197-thread-1] INFO  server.RaftServerConfigKeys (ConfUtils.java:logGet(43)) - raft.server.log.purge.gap = 1000000 (custom)
2019-09-20 08:38:05,839 [pool-197-thread-1] INFO  server.RaftServerConfigKeys (ConfUtils.java:logGet(43)) - raft.server.log.appender.buffer.byte-limit = 33554432 (custom)
2019-09-20 08:38:05,839 [pool-197-thread-1] INFO  server.RaftServerConfigKeys (ConfUtils.java:logGet(43)) - raft.server.log.segment.size.max = 1048576 (custom)
2019-09-20 08:38:05,840 [pool-197-thread-1] INFO  server.RaftServerConfigKeys (ConfUtils.java:logGet(43)) - raft.server.log.segment.cache.num.max = 2 (custom)
2019-09-20 08:38:05,840 [pool-197-thread-1] INFO  segmented.SegmentedRaftLogWorker (SegmentedRaftLogWorker.java:<init>(172)) - new 5bfa0e55-6e65-4c9d-a9d6-a9b1c265a83f-SegmentedRaftLogWorker:Storage Directory /workdir/hadoop-ozone/ozonefs/target/test-dir/MiniOzoneClusterImpl-1f915b72-7f2b-4803-b951-606f028ff0e9/datanode-1/data/ratis/d3033f77-9075-4ac1-b447-968900b0c1c0 for RaftStorage:Storage Directory /workdir/hadoop-ozone/ozonefs/target/test-dir/MiniOzoneClusterImpl-1f915b72-7f2b-4803-b951-606f028ff0e9/datanode-1/data/ratis/d3033f77-9075-4ac1-b447-968900b0c1c0
2019-09-20 08:38:05,840 [pool-197-thread-1] INFO  server.RaftServerConfigKeys (ConfUtils.java:logGet(43)) - raft.server.log.queue.byte-limit = 2147483647 (custom)
2019-09-20 08:38:05,840 [pool-197-thread-1] INFO  server.RaftServerConfigKeys (ConfUtils.java:logGet(43)) - raft.server.log.queue.element-limit = 1024 (custom)
2019-09-20 08:38:05,840 [pool-197-thread-1] INFO  server.RaftServerConfigKeys (ConfUtils.java:logGet(43)) - raft.server.log.segment.size.max = 1048576 (custom)
2019-09-20 08:38:05,841 [pool-197-thread-1] INFO  server.RaftServerConfigKeys (ConfUtils.java:logGet(43)) - raft.server.log.preallocated.size = 16384 (custom)
2019-09-20 08:38:05,841 [pool-197-thread-1] INFO  server.RaftServerConfigKeys (ConfUtils.java:logGet(43)) - raft.server.log.write.buffer.size = 33554432 (custom)
2019-09-20 08:38:05,841 [pool-197-thread-1] INFO  server.RaftServerConfigKeys (ConfUtils.java:logGet(43)) - raft.server.log.force.sync.num = 128 (default)
2019-09-20 08:38:05,841 [pool-197-thread-1] INFO  server.RaftServerConfigKeys (ConfUtils.java:logGet(43)) - raft.server.log.statemachine.data.sync = true (default)
2019-09-20 08:38:05,841 [pool-197-thread-1] INFO  server.RaftServerConfigKeys (ConfUtils.java:logGet(43)) - raft.server.log.statemachine.data.sync.timeout = 10s (default)
2019-09-20 08:38:05,841 [pool-197-thread-1] INFO  server.RaftServerConfigKeys (ConfUtils.java:logGet(43)) - raft.server.log.statemachine.data.sync.timeout.retry = -1 (default)
2019-09-20 08:38:05,842 [pool-197-thread-1] INFO  server.RaftServerConfigKeys (ConfUtils.java:logGet(43)) - raft.server.log.statemachine.data.caching.enabled = true (custom)
2019-09-20 08:38:05,842 [pool-197-thread-1] INFO  segmented.SegmentedRaftLogWorker (SegmentedRaftLogWorker.java:lambda$new$0(132)) - 5bfa0e55-6e65-4c9d-a9d6-a9b1c265a83f-SegmentedRaftLogWorker:Storage Directory /workdir/hadoop-ozone/ozonefs/target/test-dir/MiniOzoneClusterImpl-1f915b72-7f2b-4803-b951-606f028ff0e9/datanode-1/data/ratis/d3033f77-9075-4ac1-b447-968900b0c1c0: flushIndex: setUnconditionally 0 -> -1
2019-09-20 08:38:05,842 [pool-197-thread-1] INFO  server.RaftServerConfigKeys (ConfUtils.java:logGet(43)) - raft.server.snapshot.auto.trigger.enabled = true (custom)
2019-09-20 08:38:05,843 [pool-197-thread-1] INFO  server.RaftServerConfigKeys (ConfUtils.java:logGet(43)) - raft.server.snapshot.auto.trigger.threshold = 10000 (custom)
2019-09-20 08:38:05,843 [pool-197-thread-1] INFO  server.RaftServerConfigKeys (ConfUtils.java:logGet(43)) - raft.server.retrycache.expirytime = 600000ms (custom)
2019-09-20 08:38:05,843 [pool-197-thread-1] INFO  impl.RaftServerImpl (RaftServerImpl.java:start(180)) - 5bfa0e55-6e65-4c9d-a9d6-a9b1c265a83f: start group-968900B0C1C0
2019-09-20 08:38:05,843 [pool-197-thread-1] INFO  impl.RaftServerImpl (RaftServerImpl.java:setRole(171)) - 5bfa0e55-6e65-4c9d-a9d6-a9b1c265a83f:group-968900B0C1C0 changes role from null to FOLLOWER at term 0 for startAsFollower
2019-09-20 08:38:05,843 [pool-197-thread-1] INFO  impl.RoleInfo (RoleInfo.java:updateAndGet(143)) - 5bfa0e55-6e65-4c9d-a9d6-a9b1c265a83f: start FollowerState
2019-09-20 08:38:05,844 [pool-197-thread-1] INFO  util.JmxRegister (JmxRegister.java:tryRegister(44)) - Successfully registered JMX Bean with object name Ratis:service=RaftServer,group=group-968900B0C1C0,id=5bfa0e55-6e65-4c9d-a9d6-a9b1c265a83f
2019-09-20 08:38:05,849 [RatisPipelineUtilsThread] INFO  pipeline.PipelineStateManager (PipelineStateManager.java:addPipeline(56)) - Created pipeline Pipeline[ Id: d3033f77-9075-4ac1-b447-968900b0c1c0, Nodes: 5bfa0e55-6e65-4c9d-a9d6-a9b1c265a83f{ip: 192.168.36.79, host: pr-hdds-1569-s8kj2-2266485376, networkLocation: /default-rack, certSerialId: null}, Type:RATIS, Factor:ONE, State:OPEN]
2019-09-20 08:38:05,850 [RatisPipelineUtilsThread] INFO  pipeline.PipelinePlacementPolicy (PipelinePlacementPolicy.java:meetCriteria(91)) - Pipeline Placement: Doesn't meet the criteria to be viable node： 8a49adf3-6e81-4a75-ab50-8f2c6e76bdc3 Heaviness: 6 limit: 5
2019-09-20 08:38:05,856 [grpc-default-executor-0] INFO  impl.RaftServerProxy (RaftServerProxy.java:addNew(89)) - 5bfa0e55-6e65-4c9d-a9d6-a9b1c265a83f: addNew group-079493BCAA72:[5bfa0e55-6e65-4c9d-a9d6-a9b1c265a83f:192.168.36.79:36439] returns group-079493BCAA72:java.util.concurrent.CompletableFuture@7263d431[Not completed]
2019-09-20 08:38:05,857 [pool-197-thread-1] INFO  impl.RaftServerImpl (RaftServerImpl.java:<init>(93)) - 5bfa0e55-6e65-4c9d-a9d6-a9b1c265a83f: new RaftServerImpl for group-079493BCAA72:[5bfa0e55-6e65-4c9d-a9d6-a9b1c265a83f:192.168.36.79:36439] with ContainerStateMachine:uninitialized
2019-09-20 08:38:05,858 [pool-197-thread-1] INFO  server.RaftServerConfigKeys (ConfUtils.java:logGet(43)) - raft.server.rpc.timeout.min = 5s (custom)
2019-09-20 08:38:05,858 [pool-197-thread-1] INFO  server.RaftServerConfigKeys (ConfUtils.java:logGet(43)) - raft.server.rpc.timeout.max = 5200ms (custom)
2019-09-20 08:38:05,858 [pool-197-thread-1] INFO  server.RaftServerConfigKeys (ConfUtils.java:logGet(43)) - raft.server.rpcslowness.timeout = 120s (custom)
2019-09-20 08:38:05,858 [pool-197-thread-1] INFO  server.RaftServerConfigKeys (ConfUtils.java:logGet(43)) - raft.server.sleep.deviation.threshold = 300 (default)
2019-09-20 08:38:05,859 [pool-197-thread-1] INFO  server.RaftServerConfigKeys (ConfUtils.java:logGet(43)) - raft.server.log.appender.install.snapshot.enabled = false (custom)
2019-09-20 08:38:05,859 [pool-197-thread-1] INFO  impl.RaftServerImpl (ServerState.java:<init>(105)) - 5bfa0e55-6e65-4c9d-a9d6-a9b1c265a83f:group-079493BCAA72 ConfigurationManager, init=-1: [5bfa0e55-6e65-4c9d-a9d6-a9b1c265a83f:192.168.36.79:36439], old=null, confs=<EMPTY_MAP>
2019-09-20 08:38:05,859 [pool-197-thread-1] INFO  server.RaftServerConfigKeys (ConfUtils.java:logGet(43)) - raft.server.storage.dir = [/workdir/hadoop-ozone/ozonefs/target/test-dir/MiniOzoneClusterImpl-1f915b72-7f2b-4803-b951-606f028ff0e9/datanode-1/data/ratis] (custom)
2019-09-20 08:38:05,859 [pool-197-thread-1] INFO  storage.RaftStorageDirectory (RaftStorageDirectory.java:analyzeStorage(246)) - The storage directory /workdir/hadoop-ozone/ozonefs/target/test-dir/MiniOzoneClusterImpl-1f915b72-7f2b-4803-b951-606f028ff0e9/datanode-1/data/ratis/bd0d7cd5-0667-4fac-beac-079493bcaa72 does not exist. Creating ...
2019-09-20 08:38:05,897 [pool-197-thread-1] INFO  storage.RaftStorageDirectory (RaftStorageDirectory.java:tryLock(328)) - Lock on /workdir/hadoop-ozone/ozonefs/target/test-dir/MiniOzoneClusterImpl-1f915b72-7f2b-4803-b951-606f028ff0e9/datanode-1/data/ratis/bd0d7cd5-0667-4fac-beac-079493bcaa72/in_use.lock acquired by nodename 25669@pr-hdds-1569-s8kj2-2266485376
2019-09-20 08:38:05,931 [pool-197-thread-1] INFO  storage.RaftStorage (RaftStorage.java:format(72)) - Storage directory /workdir/hadoop-ozone/ozonefs/target/test-dir/MiniOzoneClusterImpl-1f915b72-7f2b-4803-b951-606f028ff0e9/datanode-1/data/ratis/bd0d7cd5-0667-4fac-beac-079493bcaa72 has been successfully formatted.
2019-09-20 08:38:05,932 [pool-197-thread-1] INFO  ratis.ContainerStateMachine (ContainerStateMachine.java:loadSnapshot(226)) - group-079493BCAA72: The snapshot info is null. Setting the last applied indexto:(t:0, i:~)
2019-09-20 08:38:05,932 [pool-197-thread-1] INFO  server.RaftServerConfigKeys (ConfUtils.java:logGet(43)) - raft.server.leader.election.timeout = 120s (custom)
2019-09-20 08:38:05,932 [pool-197-thread-1] INFO  server.RaftServerConfigKeys (ConfUtils.java:logGet(43)) - raft.server.log.use.memory = false (default)
2019-09-20 08:38:05,932 [pool-197-thread-1] INFO  server.RaftServerConfigKeys (ConfUtils.java:logGet(43)) - raft.server.log.purge.gap = 1000000 (custom)
2019-09-20 08:38:05,932 [pool-197-thread-1] INFO  server.RaftServerConfigKeys (ConfUtils.java:logGet(43)) - raft.server.log.appender.buffer.byte-limit = 33554432 (custom)
2019-09-20 08:38:05,933 [pool-197-thread-1] INFO  server.RaftServerConfigKeys (ConfUtils.java:logGet(43)) - raft.server.log.segment.size.max = 1048576 (custom)
2019-09-20 08:38:05,933 [pool-197-thread-1] INFO  server.RaftServerConfigKeys (ConfUtils.java:logGet(43)) - raft.server.log.segment.cache.num.max = 2 (custom)
2019-09-20 08:38:05,933 [pool-197-thread-1] INFO  segmented.SegmentedRaftLogWorker (SegmentedRaftLogWorker.java:<init>(172)) - new 5bfa0e55-6e65-4c9d-a9d6-a9b1c265a83f-SegmentedRaftLogWorker:Storage Directory /workdir/hadoop-ozone/ozonefs/target/test-dir/MiniOzoneClusterImpl-1f915b72-7f2b-4803-b951-606f028ff0e9/datanode-1/data/ratis/bd0d7cd5-0667-4fac-beac-079493bcaa72 for RaftStorage:Storage Directory /workdir/hadoop-ozone/ozonefs/target/test-dir/MiniOzoneClusterImpl-1f915b72-7f2b-4803-b951-606f028ff0e9/datanode-1/data/ratis/bd0d7cd5-0667-4fac-beac-079493bcaa72
2019-09-20 08:38:05,933 [pool-197-thread-1] INFO  server.RaftServerConfigKeys (ConfUtils.java:logGet(43)) - raft.server.log.queue.byte-limit = 2147483647 (custom)
2019-09-20 08:38:05,933 [pool-197-thread-1] INFO  server.RaftServerConfigKeys (ConfUtils.java:logGet(43)) - raft.server.log.queue.element-limit = 1024 (custom)
2019-09-20 08:38:05,933 [pool-197-thread-1] INFO  server.RaftServerConfigKeys (ConfUtils.java:logGet(43)) - raft.server.log.segment.size.max = 1048576 (custom)
2019-09-20 08:38:05,933 [pool-197-thread-1] INFO  server.RaftServerConfigKeys (ConfUtils.java:logGet(43)) - raft.server.log.preallocated.size = 16384 (custom)
2019-09-20 08:38:05,934 [pool-197-thread-1] INFO  server.RaftServerConfigKeys (ConfUtils.java:logGet(43)) - raft.server.log.write.buffer.size = 33554432 (custom)
2019-09-20 08:38:05,934 [pool-197-thread-1] INFO  server.RaftServerConfigKeys (ConfUtils.java:logGet(43)) - raft.server.log.force.sync.num = 128 (default)
2019-09-20 08:38:05,934 [pool-197-thread-1] INFO  server.RaftServerConfigKeys (ConfUtils.java:logGet(43)) - raft.server.log.statemachine.data.sync = true (default)
2019-09-20 08:38:05,934 [pool-197-thread-1] INFO  server.RaftServerConfigKeys (ConfUtils.java:logGet(43)) - raft.server.log.statemachine.data.sync.timeout = 10s (default)
2019-09-20 08:38:05,934 [pool-197-thread-1] INFO  server.RaftServerConfigKeys (ConfUtils.java:logGet(43)) - raft.server.log.statemachine.data.sync.timeout.retry = -1 (default)
2019-09-20 08:38:05,934 [pool-197-thread-1] INFO  server.RaftServerConfigKeys (ConfUtils.java:logGet(43)) - raft.server.log.statemachine.data.caching.enabled = true (custom)
2019-09-20 08:38:05,935 [pool-197-thread-1] INFO  segmented.SegmentedRaftLogWorker (SegmentedRaftLogWorker.java:lambda$new$0(132)) - 5bfa0e55-6e65-4c9d-a9d6-a9b1c265a83f-SegmentedRaftLogWorker:Storage Directory /workdir/hadoop-ozone/ozonefs/target/test-dir/MiniOzoneClusterImpl-1f915b72-7f2b-4803-b951-606f028ff0e9/datanode-1/data/ratis/bd0d7cd5-0667-4fac-beac-079493bcaa72: flushIndex: setUnconditionally 0 -> -1
2019-09-20 08:38:05,935 [pool-197-thread-1] INFO  server.RaftServerConfigKeys (ConfUtils.java:logGet(43)) - raft.server.snapshot.auto.trigger.enabled = true (custom)
2019-09-20 08:38:05,935 [pool-197-thread-1] INFO  server.RaftServerConfigKeys (ConfUtils.java:logGet(43)) - raft.server.snapshot.auto.trigger.threshold = 10000 (custom)
2019-09-20 08:38:05,935 [pool-197-thread-1] INFO  server.RaftServerConfigKeys (ConfUtils.java:logGet(43)) - raft.server.retrycache.expirytime = 600000ms (custom)
2019-09-20 08:38:05,936 [pool-197-thread-1] INFO  impl.RaftServerImpl (RaftServerImpl.java:start(180)) - 5bfa0e55-6e65-4c9d-a9d6-a9b1c265a83f: start group-079493BCAA72
2019-09-20 08:38:05,936 [pool-197-thread-1] INFO  impl.RaftServerImpl (RaftServerImpl.java:setRole(171)) - 5bfa0e55-6e65-4c9d-a9d6-a9b1c265a83f:group-079493BCAA72 changes role from null to FOLLOWER at term 0 for startAsFollower
2019-09-20 08:38:05,936 [pool-197-thread-1] INFO  impl.RoleInfo (RoleInfo.java:updateAndGet(143)) - 5bfa0e55-6e65-4c9d-a9d6-a9b1c265a83f: start FollowerState
2019-09-20 08:38:05,936 [pool-197-thread-1] INFO  util.JmxRegister (JmxRegister.java:tryRegister(44)) - Successfully registered JMX Bean with object name Ratis:service=RaftServer,group=group-079493BCAA72,id=5bfa0e55-6e65-4c9d-a9d6-a9b1c265a83f
2019-09-20 08:38:05,939 [RatisPipelineUtilsThread] INFO  pipeline.PipelineStateManager (PipelineStateManager.java:addPipeline(56)) - Created pipeline Pipeline[ Id: bd0d7cd5-0667-4fac-beac-079493bcaa72, Nodes: 5bfa0e55-6e65-4c9d-a9d6-a9b1c265a83f{ip: 192.168.36.79, host: pr-hdds-1569-s8kj2-2266485376, networkLocation: /default-rack, certSerialId: null}, Type:RATIS, Factor:ONE, State:OPEN]
2019-09-20 08:38:05,940 [RatisPipelineUtilsThread] INFO  pipeline.PipelinePlacementPolicy (PipelinePlacementPolicy.java:meetCriteria(91)) - Pipeline Placement: Doesn't meet the criteria to be viable node： 8a49adf3-6e81-4a75-ab50-8f2c6e76bdc3 Heaviness: 6 limit: 5
2019-09-20 08:38:05,946 [grpc-default-executor-0] INFO  impl.RaftServerProxy (RaftServerProxy.java:addNew(89)) - 5bfa0e55-6e65-4c9d-a9d6-a9b1c265a83f: addNew group-7790141D22C0:[5bfa0e55-6e65-4c9d-a9d6-a9b1c265a83f:192.168.36.79:36439] returns group-7790141D22C0:java.util.concurrent.CompletableFuture@1c3fd6b6[Not completed]
2019-09-20 08:38:05,947 [pool-197-thread-1] INFO  impl.RaftServerImpl (RaftServerImpl.java:<init>(93)) - 5bfa0e55-6e65-4c9d-a9d6-a9b1c265a83f: new RaftServerImpl for group-7790141D22C0:[5bfa0e55-6e65-4c9d-a9d6-a9b1c265a83f:192.168.36.79:36439] with ContainerStateMachine:uninitialized
2019-09-20 08:38:05,948 [pool-197-thread-1] INFO  server.RaftServerConfigKeys (ConfUtils.java:logGet(43)) - raft.server.rpc.timeout.min = 5s (custom)
2019-09-20 08:38:05,948 [pool-197-thread-1] INFO  server.RaftServerConfigKeys (ConfUtils.java:logGet(43)) - raft.server.rpc.timeout.max = 5200ms (custom)
2019-09-20 08:38:05,948 [pool-197-thread-1] INFO  server.RaftServerConfigKeys (ConfUtils.java:logGet(43)) - raft.server.rpcslowness.timeout = 120s (custom)
2019-09-20 08:38:05,948 [pool-197-thread-1] INFO  server.RaftServerConfigKeys (ConfUtils.java:logGet(43)) - raft.server.sleep.deviation.threshold = 300 (default)
2019-09-20 08:38:05,948 [pool-197-thread-1] INFO  server.RaftServerConfigKeys (ConfUtils.java:logGet(43)) - raft.server.log.appender.install.snapshot.enabled = false (custom)
2019-09-20 08:38:05,948 [pool-197-thread-1] INFO  impl.RaftServerImpl (ServerState.java:<init>(105)) - 5bfa0e55-6e65-4c9d-a9d6-a9b1c265a83f:group-7790141D22C0 ConfigurationManager, init=-1: [5bfa0e55-6e65-4c9d-a9d6-a9b1c265a83f:192.168.36.79:36439], old=null, confs=<EMPTY_MAP>
2019-09-20 08:38:05,949 [pool-197-thread-1] INFO  server.RaftServerConfigKeys (ConfUtils.java:logGet(43)) - raft.server.storage.dir = [/workdir/hadoop-ozone/ozonefs/target/test-dir/MiniOzoneClusterImpl-1f915b72-7f2b-4803-b951-606f028ff0e9/datanode-1/data/ratis] (custom)
2019-09-20 08:38:05,949 [pool-197-thread-1] INFO  storage.RaftStorageDirectory (RaftStorageDirectory.java:analyzeStorage(246)) - The storage directory /workdir/hadoop-ozone/ozonefs/target/test-dir/MiniOzoneClusterImpl-1f915b72-7f2b-4803-b951-606f028ff0e9/datanode-1/data/ratis/cc9f50fb-a74f-489b-8032-7790141d22c0 does not exist. Creating ...
2019-09-20 08:38:05,973 [pool-197-thread-1] INFO  storage.RaftStorageDirectory (RaftStorageDirectory.java:tryLock(328)) - Lock on /workdir/hadoop-ozone/ozonefs/target/test-dir/MiniOzoneClusterImpl-1f915b72-7f2b-4803-b951-606f028ff0e9/datanode-1/data/ratis/cc9f50fb-a74f-489b-8032-7790141d22c0/in_use.lock acquired by nodename 25669@pr-hdds-1569-s8kj2-2266485376
2019-09-20 08:38:05,998 [pool-197-thread-1] INFO  storage.RaftStorage (RaftStorage.java:format(72)) - Storage directory /workdir/hadoop-ozone/ozonefs/target/test-dir/MiniOzoneClusterImpl-1f915b72-7f2b-4803-b951-606f028ff0e9/datanode-1/data/ratis/cc9f50fb-a74f-489b-8032-7790141d22c0 has been successfully formatted.
2019-09-20 08:38:05,999 [pool-197-thread-1] INFO  ratis.ContainerStateMachine (ContainerStateMachine.java:loadSnapshot(226)) - group-7790141D22C0: The snapshot info is null. Setting the last applied indexto:(t:0, i:~)
2019-09-20 08:38:05,999 [pool-197-thread-1] INFO  server.RaftServerConfigKeys (ConfUtils.java:logGet(43)) - raft.server.leader.election.timeout = 120s (custom)
2019-09-20 08:38:05,999 [pool-197-thread-1] INFO  server.RaftServerConfigKeys (ConfUtils.java:logGet(43)) - raft.server.log.use.memory = false (default)
2019-09-20 08:38:05,999 [pool-197-thread-1] INFO  server.RaftServerConfigKeys (ConfUtils.java:logGet(43)) - raft.server.log.purge.gap = 1000000 (custom)
2019-09-20 08:38:05,999 [pool-197-thread-1] INFO  server.RaftServerConfigKeys (ConfUtils.java:logGet(43)) - raft.server.log.appender.buffer.byte-limit = 33554432 (custom)
2019-09-20 08:38:06,000 [pool-197-thread-1] INFO  server.RaftServerConfigKeys (ConfUtils.java:logGet(43)) - raft.server.log.segment.size.max = 1048576 (custom)
2019-09-20 08:38:06,000 [pool-197-thread-1] INFO  server.RaftServerConfigKeys (ConfUtils.java:logGet(43)) - raft.server.log.segment.cache.num.max = 2 (custom)
2019-09-20 08:38:06,000 [pool-197-thread-1] INFO  segmented.SegmentedRaftLogWorker (SegmentedRaftLogWorker.java:<init>(172)) - new 5bfa0e55-6e65-4c9d-a9d6-a9b1c265a83f-SegmentedRaftLogWorker:Storage Directory /workdir/hadoop-ozone/ozonefs/target/test-dir/MiniOzoneClusterImpl-1f915b72-7f2b-4803-b951-606f028ff0e9/datanode-1/data/ratis/cc9f50fb-a74f-489b-8032-7790141d22c0 for RaftStorage:Storage Directory /workdir/hadoop-ozone/ozonefs/target/test-dir/MiniOzoneClusterImpl-1f915b72-7f2b-4803-b951-606f028ff0e9/datanode-1/data/ratis/cc9f50fb-a74f-489b-8032-7790141d22c0
2019-09-20 08:38:06,000 [pool-197-thread-1] INFO  server.RaftServerConfigKeys (ConfUtils.java:logGet(43)) - raft.server.log.queue.byte-limit = 2147483647 (custom)
2019-09-20 08:38:06,000 [pool-197-thread-1] INFO  server.RaftServerConfigKeys (ConfUtils.java:logGet(43)) - raft.server.log.queue.element-limit = 1024 (custom)
2019-09-20 08:38:06,001 [pool-197-thread-1] INFO  server.RaftServerConfigKeys (ConfUtils.java:logGet(43)) - raft.server.log.segment.size.max = 1048576 (custom)
2019-09-20 08:38:06,001 [pool-197-thread-1] INFO  server.RaftServerConfigKeys (ConfUtils.java:logGet(43)) - raft.server.log.preallocated.size = 16384 (custom)
2019-09-20 08:38:06,001 [pool-197-thread-1] INFO  server.RaftServerConfigKeys (ConfUtils.java:logGet(43)) - raft.server.log.write.buffer.size = 33554432 (custom)
2019-09-20 08:38:06,001 [pool-197-thread-1] INFO  server.RaftServerConfigKeys (ConfUtils.java:logGet(43)) - raft.server.log.force.sync.num = 128 (default)
2019-09-20 08:38:06,001 [pool-197-thread-1] INFO  server.RaftServerConfigKeys (ConfUtils.java:logGet(43)) - raft.server.log.statemachine.data.sync = true (default)
2019-09-20 08:38:06,001 [pool-197-thread-1] INFO  server.RaftServerConfigKeys (ConfUtils.java:logGet(43)) - raft.server.log.statemachine.data.sync.timeout = 10s (default)
2019-09-20 08:38:06,001 [pool-197-thread-1] INFO  server.RaftServerConfigKeys (ConfUtils.java:logGet(43)) - raft.server.log.statemachine.data.sync.timeout.retry = -1 (default)
2019-09-20 08:38:06,002 [pool-197-thread-1] INFO  server.RaftServerConfigKeys (ConfUtils.java:logGet(43)) - raft.server.log.statemachine.data.caching.enabled = true (custom)
2019-09-20 08:38:06,002 [pool-197-thread-1] INFO  segmented.SegmentedRaftLogWorker (SegmentedRaftLogWorker.java:lambda$new$0(132)) - 5bfa0e55-6e65-4c9d-a9d6-a9b1c265a83f-SegmentedRaftLogWorker:Storage Directory /workdir/hadoop-ozone/ozonefs/target/test-dir/MiniOzoneClusterImpl-1f915b72-7f2b-4803-b951-606f028ff0e9/datanode-1/data/ratis/cc9f50fb-a74f-489b-8032-7790141d22c0: flushIndex: setUnconditionally 0 -> -1
2019-09-20 08:38:06,002 [pool-197-thread-1] INFO  server.RaftServerConfigKeys (ConfUtils.java:logGet(43)) - raft.server.snapshot.auto.trigger.enabled = true (custom)
2019-09-20 08:38:06,003 [pool-197-thread-1] INFO  server.RaftServerConfigKeys (ConfUtils.java:logGet(43)) - raft.server.snapshot.auto.trigger.threshold = 10000 (custom)
2019-09-20 08:38:06,003 [pool-197-thread-1] INFO  server.RaftServerConfigKeys (ConfUtils.java:logGet(43)) - raft.server.retrycache.expirytime = 600000ms (custom)
2019-09-20 08:38:06,003 [pool-197-thread-1] INFO  impl.RaftServerImpl (RaftServerImpl.java:start(180)) - 5bfa0e55-6e65-4c9d-a9d6-a9b1c265a83f: start group-7790141D22C0
2019-09-20 08:38:06,003 [pool-197-thread-1] INFO  impl.RaftServerImpl (RaftServerImpl.java:setRole(171)) - 5bfa0e55-6e65-4c9d-a9d6-a9b1c265a83f:group-7790141D22C0 changes role from null to FOLLOWER at term 0 for startAsFollower
2019-09-20 08:38:06,003 [pool-197-thread-1] INFO  impl.RoleInfo (RoleInfo.java:updateAndGet(143)) - 5bfa0e55-6e65-4c9d-a9d6-a9b1c265a83f: start FollowerState
2019-09-20 08:38:06,004 [pool-197-thread-1] INFO  util.JmxRegister (JmxRegister.java:tryRegister(44)) - Successfully registered JMX Bean with object name Ratis:service=RaftServer,group=group-7790141D22C0,id=5bfa0e55-6e65-4c9d-a9d6-a9b1c265a83f
2019-09-20 08:38:06,007 [RatisPipelineUtilsThread] INFO  pipeline.PipelineStateManager (PipelineStateManager.java:addPipeline(56)) - Created pipeline Pipeline[ Id: cc9f50fb-a74f-489b-8032-7790141d22c0, Nodes: 5bfa0e55-6e65-4c9d-a9d6-a9b1c265a83f{ip: 192.168.36.79, host: pr-hdds-1569-s8kj2-2266485376, networkLocation: /default-rack, certSerialId: null}, Type:RATIS, Factor:ONE, State:OPEN]
2019-09-20 08:38:06,007 [RatisPipelineUtilsThread] INFO  pipeline.PipelinePlacementPolicy (PipelinePlacementPolicy.java:meetCriteria(91)) - Pipeline Placement: Doesn't meet the criteria to be viable node： 8a49adf3-6e81-4a75-ab50-8f2c6e76bdc3 Heaviness: 6 limit: 5
2019-09-20 08:38:06,013 [grpc-default-executor-0] INFO  impl.RaftServerProxy (RaftServerProxy.java:addNew(89)) - 2f8cca2b-bc23-4b5e-a61a-cdaaa212171f: addNew group-21EBE17B1FEE:[2f8cca2b-bc23-4b5e-a61a-cdaaa212171f:192.168.36.79:42129] returns group-21EBE17B1FEE:java.util.concurrent.CompletableFuture@64261d0[Not completed]
2019-09-20 08:38:06,014 [pool-208-thread-1] INFO  impl.RaftServerImpl (RaftServerImpl.java:<init>(93)) - 2f8cca2b-bc23-4b5e-a61a-cdaaa212171f: new RaftServerImpl for group-21EBE17B1FEE:[2f8cca2b-bc23-4b5e-a61a-cdaaa212171f:192.168.36.79:42129] with ContainerStateMachine:uninitialized
2019-09-20 08:38:06,014 [pool-208-thread-1] INFO  server.RaftServerConfigKeys (ConfUtils.java:logGet(43)) - raft.server.rpc.timeout.min = 5s (custom)
2019-09-20 08:38:06,014 [pool-208-thread-1] INFO  server.RaftServerConfigKeys (ConfUtils.java:logGet(43)) - raft.server.rpc.timeout.max = 5200ms (custom)
2019-09-20 08:38:06,015 [pool-208-thread-1] INFO  server.RaftServerConfigKeys (ConfUtils.java:logGet(43)) - raft.server.rpcslowness.timeout = 120s (custom)
2019-09-20 08:38:06,015 [pool-208-thread-1] INFO  server.RaftServerConfigKeys (ConfUtils.java:logGet(43)) - raft.server.sleep.deviation.threshold = 300 (default)
2019-09-20 08:38:06,015 [pool-208-thread-1] INFO  server.RaftServerConfigKeys (ConfUtils.java:logGet(43)) - raft.server.log.appender.install.snapshot.enabled = false (custom)
2019-09-20 08:38:06,015 [pool-208-thread-1] INFO  impl.RaftServerImpl (ServerState.java:<init>(105)) - 2f8cca2b-bc23-4b5e-a61a-cdaaa212171f:group-21EBE17B1FEE ConfigurationManager, init=-1: [2f8cca2b-bc23-4b5e-a61a-cdaaa212171f:192.168.36.79:42129], old=null, confs=<EMPTY_MAP>
2019-09-20 08:38:06,015 [pool-208-thread-1] INFO  server.RaftServerConfigKeys (ConfUtils.java:logGet(43)) - raft.server.storage.dir = [/workdir/hadoop-ozone/ozonefs/target/test-dir/MiniOzoneClusterImpl-1f915b72-7f2b-4803-b951-606f028ff0e9/datanode-2/data/ratis] (custom)
2019-09-20 08:38:06,015 [pool-208-thread-1] INFO  storage.RaftStorageDirectory (RaftStorageDirectory.java:analyzeStorage(246)) - The storage directory /workdir/hadoop-ozone/ozonefs/target/test-dir/MiniOzoneClusterImpl-1f915b72-7f2b-4803-b951-606f028ff0e9/datanode-2/data/ratis/4b937603-123a-44b7-90ca-21ebe17b1fee does not exist. Creating ...
2019-09-20 08:38:06,040 [pool-208-thread-1] INFO  storage.RaftStorageDirectory (RaftStorageDirectory.java:tryLock(328)) - Lock on /workdir/hadoop-ozone/ozonefs/target/test-dir/MiniOzoneClusterImpl-1f915b72-7f2b-4803-b951-606f028ff0e9/datanode-2/data/ratis/4b937603-123a-44b7-90ca-21ebe17b1fee/in_use.lock acquired by nodename 25669@pr-hdds-1569-s8kj2-2266485376
2019-09-20 08:38:06,058 [pool-208-thread-1] INFO  storage.RaftStorage (RaftStorage.java:format(72)) - Storage directory /workdir/hadoop-ozone/ozonefs/target/test-dir/MiniOzoneClusterImpl-1f915b72-7f2b-4803-b951-606f028ff0e9/datanode-2/data/ratis/4b937603-123a-44b7-90ca-21ebe17b1fee has been successfully formatted.
2019-09-20 08:38:06,058 [pool-208-thread-1] INFO  ratis.ContainerStateMachine (ContainerStateMachine.java:loadSnapshot(226)) - group-21EBE17B1FEE: The snapshot info is null. Setting the last applied indexto:(t:0, i:~)
2019-09-20 08:38:06,058 [pool-208-thread-1] INFO  server.RaftServerConfigKeys (ConfUtils.java:logGet(43)) - raft.server.leader.election.timeout = 120s (custom)
2019-09-20 08:38:06,058 [pool-208-thread-1] INFO  server.RaftServerConfigKeys (ConfUtils.java:logGet(43)) - raft.server.log.use.memory = false (default)
2019-09-20 08:38:06,058 [pool-208-thread-1] INFO  server.RaftServerConfigKeys (ConfUtils.java:logGet(43)) - raft.server.log.purge.gap = 1000000 (custom)
2019-09-20 08:38:06,058 [pool-208-thread-1] INFO  server.RaftServerConfigKeys (ConfUtils.java:logGet(43)) - raft.server.log.appender.buffer.byte-limit = 33554432 (custom)
2019-09-20 08:38:06,058 [pool-208-thread-1] INFO  server.RaftServerConfigKeys (ConfUtils.java:logGet(43)) - raft.server.log.segment.size.max = 1048576 (custom)
2019-09-20 08:38:06,058 [pool-208-thread-1] INFO  server.RaftServerConfigKeys (ConfUtils.java:logGet(43)) - raft.server.log.segment.cache.num.max = 2 (custom)
2019-09-20 08:38:06,059 [pool-208-thread-1] INFO  segmented.SegmentedRaftLogWorker (SegmentedRaftLogWorker.java:<init>(172)) - new 2f8cca2b-bc23-4b5e-a61a-cdaaa212171f-SegmentedRaftLogWorker:Storage Directory /workdir/hadoop-ozone/ozonefs/target/test-dir/MiniOzoneClusterImpl-1f915b72-7f2b-4803-b951-606f028ff0e9/datanode-2/data/ratis/4b937603-123a-44b7-90ca-21ebe17b1fee for RaftStorage:Storage Directory /workdir/hadoop-ozone/ozonefs/target/test-dir/MiniOzoneClusterImpl-1f915b72-7f2b-4803-b951-606f028ff0e9/datanode-2/data/ratis/4b937603-123a-44b7-90ca-21ebe17b1fee
2019-09-20 08:38:06,059 [pool-208-thread-1] INFO  server.RaftServerConfigKeys (ConfUtils.java:logGet(43)) - raft.server.log.queue.byte-limit = 2147483647 (custom)
2019-09-20 08:38:06,059 [pool-208-thread-1] INFO  server.RaftServerConfigKeys (ConfUtils.java:logGet(43)) - raft.server.log.queue.element-limit = 1024 (custom)
2019-09-20 08:38:06,059 [pool-208-thread-1] INFO  server.RaftServerConfigKeys (ConfUtils.java:logGet(43)) - raft.server.log.segment.size.max = 1048576 (custom)
2019-09-20 08:38:06,059 [pool-208-thread-1] INFO  server.RaftServerConfigKeys (ConfUtils.java:logGet(43)) - raft.server.log.preallocated.size = 16384 (custom)
2019-09-20 08:38:06,059 [pool-208-thread-1] INFO  server.RaftServerConfigKeys (ConfUtils.java:logGet(43)) - raft.server.log.write.buffer.size = 33554432 (custom)
2019-09-20 08:38:06,059 [pool-208-thread-1] INFO  server.RaftServerConfigKeys (ConfUtils.java:logGet(43)) - raft.server.log.force.sync.num = 128 (default)
2019-09-20 08:38:06,059 [pool-208-thread-1] INFO  server.RaftServerConfigKeys (ConfUtils.java:logGet(43)) - raft.server.log.statemachine.data.sync = true (default)
2019-09-20 08:38:06,060 [pool-208-thread-1] INFO  server.RaftServerConfigKeys (ConfUtils.java:logGet(43)) - raft.server.log.statemachine.data.sync.timeout = 10s (default)
2019-09-20 08:38:06,060 [pool-208-thread-1] INFO  server.RaftServerConfigKeys (ConfUtils.java:logGet(43)) - raft.server.log.statemachine.data.sync.timeout.retry = -1 (default)
2019-09-20 08:38:06,060 [pool-208-thread-1] INFO  server.RaftServerConfigKeys (ConfUtils.java:logGet(43)) - raft.server.log.statemachine.data.caching.enabled = true (custom)
2019-09-20 08:38:06,060 [pool-208-thread-1] INFO  segmented.SegmentedRaftLogWorker (SegmentedRaftLogWorker.java:lambda$new$0(132)) - 2f8cca2b-bc23-4b5e-a61a-cdaaa212171f-SegmentedRaftLogWorker:Storage Directory /workdir/hadoop-ozone/ozonefs/target/test-dir/MiniOzoneClusterImpl-1f915b72-7f2b-4803-b951-606f028ff0e9/datanode-2/data/ratis/4b937603-123a-44b7-90ca-21ebe17b1fee: flushIndex: setUnconditionally 0 -> -1
2019-09-20 08:38:06,060 [pool-208-thread-1] INFO  server.RaftServerConfigKeys (ConfUtils.java:logGet(43)) - raft.server.snapshot.auto.trigger.enabled = true (custom)
2019-09-20 08:38:06,060 [pool-208-thread-1] INFO  server.RaftServerConfigKeys (ConfUtils.java:logGet(43)) - raft.server.snapshot.auto.trigger.threshold = 10000 (custom)
2019-09-20 08:38:06,061 [pool-208-thread-1] INFO  server.RaftServerConfigKeys (ConfUtils.java:logGet(43)) - raft.server.retrycache.expirytime = 600000ms (custom)
2019-09-20 08:38:06,061 [pool-208-thread-1] INFO  impl.RaftServerImpl (RaftServerImpl.java:start(180)) - 2f8cca2b-bc23-4b5e-a61a-cdaaa212171f: start group-21EBE17B1FEE
2019-09-20 08:38:06,061 [pool-208-thread-1] INFO  impl.RaftServerImpl (RaftServerImpl.java:setRole(171)) - 2f8cca2b-bc23-4b5e-a61a-cdaaa212171f:group-21EBE17B1FEE changes role from null to FOLLOWER at term 0 for startAsFollower
2019-09-20 08:38:06,061 [pool-208-thread-1] INFO  impl.RoleInfo (RoleInfo.java:updateAndGet(143)) - 2f8cca2b-bc23-4b5e-a61a-cdaaa212171f: start FollowerState
2019-09-20 08:38:06,061 [pool-208-thread-1] INFO  util.JmxRegister (JmxRegister.java:tryRegister(44)) - Successfully registered JMX Bean with object name Ratis:service=RaftServer,group=group-21EBE17B1FEE,id=2f8cca2b-bc23-4b5e-a61a-cdaaa212171f
2019-09-20 08:38:06,065 [RatisPipelineUtilsThread] INFO  pipeline.PipelineStateManager (PipelineStateManager.java:addPipeline(56)) - Created pipeline Pipeline[ Id: 4b937603-123a-44b7-90ca-21ebe17b1fee, Nodes: 2f8cca2b-bc23-4b5e-a61a-cdaaa212171f{ip: 192.168.36.79, host: pr-hdds-1569-s8kj2-2266485376, networkLocation: /default-rack, certSerialId: null}, Type:RATIS, Factor:ONE, State:OPEN]
2019-09-20 08:38:06,065 [RatisPipelineUtilsThread] INFO  pipeline.PipelinePlacementPolicy (PipelinePlacementPolicy.java:meetCriteria(91)) - Pipeline Placement: Doesn't meet the criteria to be viable node： 8a49adf3-6e81-4a75-ab50-8f2c6e76bdc3 Heaviness: 6 limit: 5
2019-09-20 08:38:06,070 [grpc-default-executor-0] INFO  impl.RaftServerProxy (RaftServerProxy.java:addNew(89)) - 5bfa0e55-6e65-4c9d-a9d6-a9b1c265a83f: addNew group-5EC690A38105:[5bfa0e55-6e65-4c9d-a9d6-a9b1c265a83f:192.168.36.79:36439] returns group-5EC690A38105:java.util.concurrent.CompletableFuture@45dbcd92[Not completed]
2019-09-20 08:38:06,072 [pool-197-thread-1] INFO  impl.RaftServerImpl (RaftServerImpl.java:<init>(93)) - 5bfa0e55-6e65-4c9d-a9d6-a9b1c265a83f: new RaftServerImpl for group-5EC690A38105:[5bfa0e55-6e65-4c9d-a9d6-a9b1c265a83f:192.168.36.79:36439] with ContainerStateMachine:uninitialized
2019-09-20 08:38:06,072 [pool-197-thread-1] INFO  server.RaftServerConfigKeys (ConfUtils.java:logGet(43)) - raft.server.rpc.timeout.min = 5s (custom)
2019-09-20 08:38:06,072 [pool-197-thread-1] INFO  server.RaftServerConfigKeys (ConfUtils.java:logGet(43)) - raft.server.rpc.timeout.max = 5200ms (custom)
2019-09-20 08:38:06,072 [pool-197-thread-1] INFO  server.RaftServerConfigKeys (ConfUtils.java:logGet(43)) - raft.server.rpcslowness.timeout = 120s (custom)
2019-09-20 08:38:06,072 [pool-197-thread-1] INFO  server.RaftServerConfigKeys (ConfUtils.java:logGet(43)) - raft.server.sleep.deviation.threshold = 300 (default)
2019-09-20 08:38:06,072 [pool-197-thread-1] INFO  server.RaftServerConfigKeys (ConfUtils.java:logGet(43)) - raft.server.log.appender.install.snapshot.enabled = false (custom)
2019-09-20 08:38:06,072 [pool-197-thread-1] INFO  impl.RaftServerImpl (ServerState.java:<init>(105)) - 5bfa0e55-6e65-4c9d-a9d6-a9b1c265a83f:group-5EC690A38105 ConfigurationManager, init=-1: [5bfa0e55-6e65-4c9d-a9d6-a9b1c265a83f:192.168.36.79:36439], old=null, confs=<EMPTY_MAP>
2019-09-20 08:38:06,073 [pool-197-thread-1] INFO  server.RaftServerConfigKeys (ConfUtils.java:logGet(43)) - raft.server.storage.dir = [/workdir/hadoop-ozone/ozonefs/target/test-dir/MiniOzoneClusterImpl-1f915b72-7f2b-4803-b951-606f028ff0e9/datanode-1/data/ratis] (custom)
2019-09-20 08:38:06,073 [pool-197-thread-1] INFO  storage.RaftStorageDirectory (RaftStorageDirectory.java:analyzeStorage(246)) - The storage directory /workdir/hadoop-ozone/ozonefs/target/test-dir/MiniOzoneClusterImpl-1f915b72-7f2b-4803-b951-606f028ff0e9/datanode-1/data/ratis/5ee55049-05db-4ed9-b6f1-5ec690a38105 does not exist. Creating ...
2019-09-20 08:38:06,091 [pool-197-thread-1] INFO  storage.RaftStorageDirectory (RaftStorageDirectory.java:tryLock(328)) - Lock on /workdir/hadoop-ozone/ozonefs/target/test-dir/MiniOzoneClusterImpl-1f915b72-7f2b-4803-b951-606f028ff0e9/datanode-1/data/ratis/5ee55049-05db-4ed9-b6f1-5ec690a38105/in_use.lock acquired by nodename 25669@pr-hdds-1569-s8kj2-2266485376
2019-09-20 08:38:06,117 [pool-197-thread-1] INFO  storage.RaftStorage (RaftStorage.java:format(72)) - Storage directory /workdir/hadoop-ozone/ozonefs/target/test-dir/MiniOzoneClusterImpl-1f915b72-7f2b-4803-b951-606f028ff0e9/datanode-1/data/ratis/5ee55049-05db-4ed9-b6f1-5ec690a38105 has been successfully formatted.
2019-09-20 08:38:06,117 [pool-197-thread-1] INFO  ratis.ContainerStateMachine (ContainerStateMachine.java:loadSnapshot(226)) - group-5EC690A38105: The snapshot info is null. Setting the last applied indexto:(t:0, i:~)
2019-09-20 08:38:06,117 [pool-197-thread-1] INFO  server.RaftServerConfigKeys (ConfUtils.java:logGet(43)) - raft.server.leader.election.timeout = 120s (custom)
2019-09-20 08:38:06,117 [pool-197-thread-1] INFO  server.RaftServerConfigKeys (ConfUtils.java:logGet(43)) - raft.server.log.use.memory = false (default)
2019-09-20 08:38:06,118 [pool-197-thread-1] INFO  server.RaftServerConfigKeys (ConfUtils.java:logGet(43)) - raft.server.log.purge.gap = 1000000 (custom)
2019-09-20 08:38:06,118 [pool-197-thread-1] INFO  server.RaftServerConfigKeys (ConfUtils.java:logGet(43)) - raft.server.log.appender.buffer.byte-limit = 33554432 (custom)
2019-09-20 08:38:06,118 [pool-197-thread-1] INFO  server.RaftServerConfigKeys (ConfUtils.java:logGet(43)) - raft.server.log.segment.size.max = 1048576 (custom)
2019-09-20 08:38:06,118 [pool-197-thread-1] INFO  server.RaftServerConfigKeys (ConfUtils.java:logGet(43)) - raft.server.log.segment.cache.num.max = 2 (custom)
2019-09-20 08:38:06,118 [pool-197-thread-1] INFO  segmented.SegmentedRaftLogWorker (SegmentedRaftLogWorker.java:<init>(172)) - new 5bfa0e55-6e65-4c9d-a9d6-a9b1c265a83f-SegmentedRaftLogWorker:Storage Directory /workdir/hadoop-ozone/ozonefs/target/test-dir/MiniOzoneClusterImpl-1f915b72-7f2b-4803-b951-606f028ff0e9/datanode-1/data/ratis/5ee55049-05db-4ed9-b6f1-5ec690a38105 for RaftStorage:Storage Directory /workdir/hadoop-ozone/ozonefs/target/test-dir/MiniOzoneClusterImpl-1f915b72-7f2b-4803-b951-606f028ff0e9/datanode-1/data/ratis/5ee55049-05db-4ed9-b6f1-5ec690a38105
2019-09-20 08:38:06,118 [pool-197-thread-1] INFO  server.RaftServerConfigKeys (ConfUtils.java:logGet(43)) - raft.server.log.queue.byte-limit = 2147483647 (custom)
2019-09-20 08:38:06,119 [pool-197-thread-1] INFO  server.RaftServerConfigKeys (ConfUtils.java:logGet(43)) - raft.server.log.queue.element-limit = 1024 (custom)
2019-09-20 08:38:06,119 [pool-197-thread-1] INFO  server.RaftServerConfigKeys (ConfUtils.java:logGet(43)) - raft.server.log.segment.size.max = 1048576 (custom)
2019-09-20 08:38:06,119 [pool-197-thread-1] INFO  server.RaftServerConfigKeys (ConfUtils.java:logGet(43)) - raft.server.log.preallocated.size = 16384 (custom)
2019-09-20 08:38:06,119 [pool-197-thread-1] INFO  server.RaftServerConfigKeys (ConfUtils.java:logGet(43)) - raft.server.log.write.buffer.size = 33554432 (custom)
2019-09-20 08:38:06,119 [pool-197-thread-1] INFO  server.RaftServerConfigKeys (ConfUtils.java:logGet(43)) - raft.server.log.force.sync.num = 128 (default)
2019-09-20 08:38:06,119 [pool-197-thread-1] INFO  server.RaftServerConfigKeys (ConfUtils.java:logGet(43)) - raft.server.log.statemachine.data.sync = true (default)
2019-09-20 08:38:06,120 [pool-197-thread-1] INFO  server.RaftServerConfigKeys (ConfUtils.java:logGet(43)) - raft.server.log.statemachine.data.sync.timeout = 10s (default)
2019-09-20 08:38:06,120 [pool-197-thread-1] INFO  server.RaftServerConfigKeys (ConfUtils.java:logGet(43)) - raft.server.log.statemachine.data.sync.timeout.retry = -1 (default)
2019-09-20 08:38:06,120 [pool-197-thread-1] INFO  server.RaftServerConfigKeys (ConfUtils.java:logGet(43)) - raft.server.log.statemachine.data.caching.enabled = true (custom)
2019-09-20 08:38:06,120 [pool-197-thread-1] INFO  segmented.SegmentedRaftLogWorker (SegmentedRaftLogWorker.java:lambda$new$0(132)) - 5bfa0e55-6e65-4c9d-a9d6-a9b1c265a83f-SegmentedRaftLogWorker:Storage Directory /workdir/hadoop-ozone/ozonefs/target/test-dir/MiniOzoneClusterImpl-1f915b72-7f2b-4803-b951-606f028ff0e9/datanode-1/data/ratis/5ee55049-05db-4ed9-b6f1-5ec690a38105: flushIndex: setUnconditionally 0 -> -1
2019-09-20 08:38:06,121 [pool-197-thread-1] INFO  server.RaftServerConfigKeys (ConfUtils.java:logGet(43)) - raft.server.snapshot.auto.trigger.enabled = true (custom)
2019-09-20 08:38:06,121 [pool-197-thread-1] INFO  server.RaftServerConfigKeys (ConfUtils.java:logGet(43)) - raft.server.snapshot.auto.trigger.threshold = 10000 (custom)
2019-09-20 08:38:06,121 [pool-197-thread-1] INFO  server.RaftServerConfigKeys (ConfUtils.java:logGet(43)) - raft.server.retrycache.expirytime = 600000ms (custom)
2019-09-20 08:38:06,121 [pool-197-thread-1] INFO  impl.RaftServerImpl (RaftServerImpl.java:start(180)) - 5bfa0e55-6e65-4c9d-a9d6-a9b1c265a83f: start group-5EC690A38105
2019-09-20 08:38:06,121 [pool-197-thread-1] INFO  impl.RaftServerImpl (RaftServerImpl.java:setRole(171)) - 5bfa0e55-6e65-4c9d-a9d6-a9b1c265a83f:group-5EC690A38105 changes role from null to FOLLOWER at term 0 for startAsFollower
2019-09-20 08:38:06,122 [pool-197-thread-1] INFO  impl.RoleInfo (RoleInfo.java:updateAndGet(143)) - 5bfa0e55-6e65-4c9d-a9d6-a9b1c265a83f: start FollowerState
2019-09-20 08:38:06,122 [pool-197-thread-1] INFO  util.JmxRegister (JmxRegister.java:tryRegister(44)) - Successfully registered JMX Bean with object name Ratis:service=RaftServer,group=group-5EC690A38105,id=5bfa0e55-6e65-4c9d-a9d6-a9b1c265a83f
2019-09-20 08:38:06,125 [RatisPipelineUtilsThread] INFO  pipeline.PipelineStateManager (PipelineStateManager.java:addPipeline(56)) - Created pipeline Pipeline[ Id: 5ee55049-05db-4ed9-b6f1-5ec690a38105, Nodes: 5bfa0e55-6e65-4c9d-a9d6-a9b1c265a83f{ip: 192.168.36.79, host: pr-hdds-1569-s8kj2-2266485376, networkLocation: /default-rack, certSerialId: null}, Type:RATIS, Factor:ONE, State:OPEN]
2019-09-20 08:38:06,126 [RatisPipelineUtilsThread] INFO  pipeline.PipelinePlacementPolicy (PipelinePlacementPolicy.java:meetCriteria(91)) - Pipeline Placement: Doesn't meet the criteria to be viable node： 8a49adf3-6e81-4a75-ab50-8f2c6e76bdc3 Heaviness: 6 limit: 5
2019-09-20 08:38:06,126 [RatisPipelineUtilsThread] INFO  pipeline.PipelinePlacementPolicy (PipelinePlacementPolicy.java:meetCriteria(91)) - Pipeline Placement: Doesn't meet the criteria to be viable node： 5bfa0e55-6e65-4c9d-a9d6-a9b1c265a83f Heaviness: 6 limit: 5
2019-09-20 08:38:06,131 [grpc-default-executor-0] INFO  impl.RaftServerProxy (RaftServerProxy.java:addNew(89)) - 2f8cca2b-bc23-4b5e-a61a-cdaaa212171f: addNew group-D6C954FA365F:[2f8cca2b-bc23-4b5e-a61a-cdaaa212171f:192.168.36.79:42129] returns group-D6C954FA365F:java.util.concurrent.CompletableFuture@5df4e81f[Not completed]
2019-09-20 08:38:06,132 [pool-208-thread-1] INFO  impl.RaftServerImpl (RaftServerImpl.java:<init>(93)) - 2f8cca2b-bc23-4b5e-a61a-cdaaa212171f: new RaftServerImpl for group-D6C954FA365F:[2f8cca2b-bc23-4b5e-a61a-cdaaa212171f:192.168.36.79:42129] with ContainerStateMachine:uninitialized
2019-09-20 08:38:06,132 [pool-208-thread-1] INFO  server.RaftServerConfigKeys (ConfUtils.java:logGet(43)) - raft.server.rpc.timeout.min = 5s (custom)
2019-09-20 08:38:06,132 [pool-208-thread-1] INFO  server.RaftServerConfigKeys (ConfUtils.java:logGet(43)) - raft.server.rpc.timeout.max = 5200ms (custom)
2019-09-20 08:38:06,132 [pool-208-thread-1] INFO  server.RaftServerConfigKeys (ConfUtils.java:logGet(43)) - raft.server.rpcslowness.timeout = 120s (custom)
2019-09-20 08:38:06,132 [pool-208-thread-1] INFO  server.RaftServerConfigKeys (ConfUtils.java:logGet(43)) - raft.server.sleep.deviation.threshold = 300 (default)
2019-09-20 08:38:06,132 [pool-208-thread-1] INFO  server.RaftServerConfigKeys (ConfUtils.java:logGet(43)) - raft.server.log.appender.install.snapshot.enabled = false (custom)
2019-09-20 08:38:06,133 [pool-208-thread-1] INFO  impl.RaftServerImpl (ServerState.java:<init>(105)) - 2f8cca2b-bc23-4b5e-a61a-cdaaa212171f:group-D6C954FA365F ConfigurationManager, init=-1: [2f8cca2b-bc23-4b5e-a61a-cdaaa212171f:192.168.36.79:42129], old=null, confs=<EMPTY_MAP>
2019-09-20 08:38:06,133 [pool-208-thread-1] INFO  server.RaftServerConfigKeys (ConfUtils.java:logGet(43)) - raft.server.storage.dir = [/workdir/hadoop-ozone/ozonefs/target/test-dir/MiniOzoneClusterImpl-1f915b72-7f2b-4803-b951-606f028ff0e9/datanode-2/data/ratis] (custom)
2019-09-20 08:38:06,133 [pool-208-thread-1] INFO  storage.RaftStorageDirectory (RaftStorageDirectory.java:analyzeStorage(246)) - The storage directory /workdir/hadoop-ozone/ozonefs/target/test-dir/MiniOzoneClusterImpl-1f915b72-7f2b-4803-b951-606f028ff0e9/datanode-2/data/ratis/cb544e40-5b42-446d-9572-d6c954fa365f does not exist. Creating ...
2019-09-20 08:38:06,150 [pool-208-thread-1] INFO  storage.RaftStorageDirectory (RaftStorageDirectory.java:tryLock(328)) - Lock on /workdir/hadoop-ozone/ozonefs/target/test-dir/MiniOzoneClusterImpl-1f915b72-7f2b-4803-b951-606f028ff0e9/datanode-2/data/ratis/cb544e40-5b42-446d-9572-d6c954fa365f/in_use.lock acquired by nodename 25669@pr-hdds-1569-s8kj2-2266485376
2019-09-20 08:38:06,176 [pool-208-thread-1] INFO  storage.RaftStorage (RaftStorage.java:format(72)) - Storage directory /workdir/hadoop-ozone/ozonefs/target/test-dir/MiniOzoneClusterImpl-1f915b72-7f2b-4803-b951-606f028ff0e9/datanode-2/data/ratis/cb544e40-5b42-446d-9572-d6c954fa365f has been successfully formatted.
2019-09-20 08:38:06,176 [pool-208-thread-1] INFO  ratis.ContainerStateMachine (ContainerStateMachine.java:loadSnapshot(226)) - group-D6C954FA365F: The snapshot info is null. Setting the last applied indexto:(t:0, i:~)
2019-09-20 08:38:06,176 [pool-208-thread-1] INFO  server.RaftServerConfigKeys (ConfUtils.java:logGet(43)) - raft.server.leader.election.timeout = 120s (custom)
2019-09-20 08:38:06,176 [pool-208-thread-1] INFO  server.RaftServerConfigKeys (ConfUtils.java:logGet(43)) - raft.server.log.use.memory = false (default)
2019-09-20 08:38:06,176 [pool-208-thread-1] INFO  server.RaftServerConfigKeys (ConfUtils.java:logGet(43)) - raft.server.log.purge.gap = 1000000 (custom)
2019-09-20 08:38:06,176 [pool-208-thread-1] INFO  server.RaftServerConfigKeys (ConfUtils.java:logGet(43)) - raft.server.log.appender.buffer.byte-limit = 33554432 (custom)
2019-09-20 08:38:06,176 [pool-208-thread-1] INFO  server.RaftServerConfigKeys (ConfUtils.java:logGet(43)) - raft.server.log.segment.size.max = 1048576 (custom)
2019-09-20 08:38:06,177 [pool-208-thread-1] INFO  server.RaftServerConfigKeys (ConfUtils.java:logGet(43)) - raft.server.log.segment.cache.num.max = 2 (custom)
2019-09-20 08:38:06,177 [pool-208-thread-1] INFO  segmented.SegmentedRaftLogWorker (SegmentedRaftLogWorker.java:<init>(172)) - new 2f8cca2b-bc23-4b5e-a61a-cdaaa212171f-SegmentedRaftLogWorker:Storage Directory /workdir/hadoop-ozone/ozonefs/target/test-dir/MiniOzoneClusterImpl-1f915b72-7f2b-4803-b951-606f028ff0e9/datanode-2/data/ratis/cb544e40-5b42-446d-9572-d6c954fa365f for RaftStorage:Storage Directory /workdir/hadoop-ozone/ozonefs/target/test-dir/MiniOzoneClusterImpl-1f915b72-7f2b-4803-b951-606f028ff0e9/datanode-2/data/ratis/cb544e40-5b42-446d-9572-d6c954fa365f
2019-09-20 08:38:06,177 [pool-208-thread-1] INFO  server.RaftServerConfigKeys (ConfUtils.java:logGet(43)) - raft.server.log.queue.byte-limit = 2147483647 (custom)
2019-09-20 08:38:06,177 [pool-208-thread-1] INFO  server.RaftServerConfigKeys (ConfUtils.java:logGet(43)) - raft.server.log.queue.element-limit = 1024 (custom)
2019-09-20 08:38:06,177 [pool-208-thread-1] INFO  server.RaftServerConfigKeys (ConfUtils.java:logGet(43)) - raft.server.log.segment.size.max = 1048576 (custom)
2019-09-20 08:38:06,177 [pool-208-thread-1] INFO  server.RaftServerConfigKeys (ConfUtils.java:logGet(43)) - raft.server.log.preallocated.size = 16384 (custom)
2019-09-20 08:38:06,177 [pool-208-thread-1] INFO  server.RaftServerConfigKeys (ConfUtils.java:logGet(43)) - raft.server.log.write.buffer.size = 33554432 (custom)
2019-09-20 08:38:06,177 [pool-208-thread-1] INFO  server.RaftServerConfigKeys (ConfUtils.java:logGet(43)) - raft.server.log.force.sync.num = 128 (default)
2019-09-20 08:38:06,177 [pool-208-thread-1] INFO  server.RaftServerConfigKeys (ConfUtils.java:logGet(43)) - raft.server.log.statemachine.data.sync = true (default)
2019-09-20 08:38:06,177 [pool-208-thread-1] INFO  server.RaftServerConfigKeys (ConfUtils.java:logGet(43)) - raft.server.log.statemachine.data.sync.timeout = 10s (default)
2019-09-20 08:38:06,177 [pool-208-thread-1] INFO  server.RaftServerConfigKeys (ConfUtils.java:logGet(43)) - raft.server.log.statemachine.data.sync.timeout.retry = -1 (default)
2019-09-20 08:38:06,178 [pool-208-thread-1] INFO  server.RaftServerConfigKeys (ConfUtils.java:logGet(43)) - raft.server.log.statemachine.data.caching.enabled = true (custom)
2019-09-20 08:38:06,178 [pool-208-thread-1] INFO  segmented.SegmentedRaftLogWorker (SegmentedRaftLogWorker.java:lambda$new$0(132)) - 2f8cca2b-bc23-4b5e-a61a-cdaaa212171f-SegmentedRaftLogWorker:Storage Directory /workdir/hadoop-ozone/ozonefs/target/test-dir/MiniOzoneClusterImpl-1f915b72-7f2b-4803-b951-606f028ff0e9/datanode-2/data/ratis/cb544e40-5b42-446d-9572-d6c954fa365f: flushIndex: setUnconditionally 0 -> -1
2019-09-20 08:38:06,178 [pool-208-thread-1] INFO  server.RaftServerConfigKeys (ConfUtils.java:logGet(43)) - raft.server.snapshot.auto.trigger.enabled = true (custom)
2019-09-20 08:38:06,178 [pool-208-thread-1] INFO  server.RaftServerConfigKeys (ConfUtils.java:logGet(43)) - raft.server.snapshot.auto.trigger.threshold = 10000 (custom)
2019-09-20 08:38:06,178 [pool-208-thread-1] INFO  server.RaftServerConfigKeys (ConfUtils.java:logGet(43)) - raft.server.retrycache.expirytime = 600000ms (custom)
2019-09-20 08:38:06,178 [pool-208-thread-1] INFO  impl.RaftServerImpl (RaftServerImpl.java:start(180)) - 2f8cca2b-bc23-4b5e-a61a-cdaaa212171f: start group-D6C954FA365F
2019-09-20 08:38:06,179 [pool-208-thread-1] INFO  impl.RaftServerImpl (RaftServerImpl.java:setRole(171)) - 2f8cca2b-bc23-4b5e-a61a-cdaaa212171f:group-D6C954FA365F changes role from null to FOLLOWER at term 0 for startAsFollower
2019-09-20 08:38:06,179 [pool-208-thread-1] INFO  impl.RoleInfo (RoleInfo.java:updateAndGet(143)) - 2f8cca2b-bc23-4b5e-a61a-cdaaa212171f: start FollowerState
2019-09-20 08:38:06,179 [pool-208-thread-1] INFO  util.JmxRegister (JmxRegister.java:tryRegister(44)) - Successfully registered JMX Bean with object name Ratis:service=RaftServer,group=group-D6C954FA365F,id=2f8cca2b-bc23-4b5e-a61a-cdaaa212171f
2019-09-20 08:38:06,182 [RatisPipelineUtilsThread] INFO  pipeline.PipelineStateManager (PipelineStateManager.java:addPipeline(56)) - Created pipeline Pipeline[ Id: cb544e40-5b42-446d-9572-d6c954fa365f, Nodes: 2f8cca2b-bc23-4b5e-a61a-cdaaa212171f{ip: 192.168.36.79, host: pr-hdds-1569-s8kj2-2266485376, networkLocation: /default-rack, certSerialId: null}, Type:RATIS, Factor:ONE, State:OPEN]
2019-09-20 08:38:06,182 [RatisPipelineUtilsThread] INFO  pipeline.PipelinePlacementPolicy (PipelinePlacementPolicy.java:meetCriteria(91)) - Pipeline Placement: Doesn't meet the criteria to be viable node： 8a49adf3-6e81-4a75-ab50-8f2c6e76bdc3 Heaviness: 6 limit: 5
2019-09-20 08:38:06,182 [RatisPipelineUtilsThread] INFO  pipeline.PipelinePlacementPolicy (PipelinePlacementPolicy.java:meetCriteria(91)) - Pipeline Placement: Doesn't meet the criteria to be viable node： 5bfa0e55-6e65-4c9d-a9d6-a9b1c265a83f Heaviness: 6 limit: 5
2019-09-20 08:38:06,187 [grpc-default-executor-0] INFO  impl.RaftServerProxy (RaftServerProxy.java:addNew(89)) - 2f8cca2b-bc23-4b5e-a61a-cdaaa212171f: addNew group-0E4014F931BD:[2f8cca2b-bc23-4b5e-a61a-cdaaa212171f:192.168.36.79:42129] returns group-0E4014F931BD:java.util.concurrent.CompletableFuture@78780ea5[Not completed]
2019-09-20 08:38:06,188 [pool-208-thread-1] INFO  impl.RaftServerImpl (RaftServerImpl.java:<init>(93)) - 2f8cca2b-bc23-4b5e-a61a-cdaaa212171f: new RaftServerImpl for group-0E4014F931BD:[2f8cca2b-bc23-4b5e-a61a-cdaaa212171f:192.168.36.79:42129] with ContainerStateMachine:uninitialized
2019-09-20 08:38:06,188 [pool-208-thread-1] INFO  server.RaftServerConfigKeys (ConfUtils.java:logGet(43)) - raft.server.rpc.timeout.min = 5s (custom)
2019-09-20 08:38:06,188 [pool-208-thread-1] INFO  server.RaftServerConfigKeys (ConfUtils.java:logGet(43)) - raft.server.rpc.timeout.max = 5200ms (custom)
2019-09-20 08:38:06,188 [pool-208-thread-1] INFO  server.RaftServerConfigKeys (ConfUtils.java:logGet(43)) - raft.server.rpcslowness.timeout = 120s (custom)
2019-09-20 08:38:06,188 [pool-208-thread-1] INFO  server.RaftServerConfigKeys (ConfUtils.java:logGet(43)) - raft.server.sleep.deviation.threshold = 300 (default)
2019-09-20 08:38:06,188 [pool-208-thread-1] INFO  server.RaftServerConfigKeys (ConfUtils.java:logGet(43)) - raft.server.log.appender.install.snapshot.enabled = false (custom)
2019-09-20 08:38:06,189 [pool-208-thread-1] INFO  impl.RaftServerImpl (ServerState.java:<init>(105)) - 2f8cca2b-bc23-4b5e-a61a-cdaaa212171f:group-0E4014F931BD ConfigurationManager, init=-1: [2f8cca2b-bc23-4b5e-a61a-cdaaa212171f:192.168.36.79:42129], old=null, confs=<EMPTY_MAP>
2019-09-20 08:38:06,189 [pool-208-thread-1] INFO  server.RaftServerConfigKeys (ConfUtils.java:logGet(43)) - raft.server.storage.dir = [/workdir/hadoop-ozone/ozonefs/target/test-dir/MiniOzoneClusterImpl-1f915b72-7f2b-4803-b951-606f028ff0e9/datanode-2/data/ratis] (custom)
2019-09-20 08:38:06,189 [pool-208-thread-1] INFO  storage.RaftStorageDirectory (RaftStorageDirectory.java:analyzeStorage(246)) - The storage directory /workdir/hadoop-ozone/ozonefs/target/test-dir/MiniOzoneClusterImpl-1f915b72-7f2b-4803-b951-606f028ff0e9/datanode-2/data/ratis/ad6a5138-5bee-44cb-af51-0e4014f931bd does not exist. Creating ...
2019-09-20 08:38:06,209 [pool-208-thread-1] INFO  storage.RaftStorageDirectory (RaftStorageDirectory.java:tryLock(328)) - Lock on /workdir/hadoop-ozone/ozonefs/target/test-dir/MiniOzoneClusterImpl-1f915b72-7f2b-4803-b951-606f028ff0e9/datanode-2/data/ratis/ad6a5138-5bee-44cb-af51-0e4014f931bd/in_use.lock acquired by nodename 25669@pr-hdds-1569-s8kj2-2266485376
2019-09-20 08:38:06,226 [pool-208-thread-1] INFO  storage.RaftStorage (RaftStorage.java:format(72)) - Storage directory /workdir/hadoop-ozone/ozonefs/target/test-dir/MiniOzoneClusterImpl-1f915b72-7f2b-4803-b951-606f028ff0e9/datanode-2/data/ratis/ad6a5138-5bee-44cb-af51-0e4014f931bd has been successfully formatted.
2019-09-20 08:38:06,227 [pool-208-thread-1] INFO  ratis.ContainerStateMachine (ContainerStateMachine.java:loadSnapshot(226)) - group-0E4014F931BD: The snapshot info is null. Setting the last applied indexto:(t:0, i:~)
2019-09-20 08:38:06,227 [pool-208-thread-1] INFO  server.RaftServerConfigKeys (ConfUtils.java:logGet(43)) - raft.server.leader.election.timeout = 120s (custom)
2019-09-20 08:38:06,227 [pool-208-thread-1] INFO  server.RaftServerConfigKeys (ConfUtils.java:logGet(43)) - raft.server.log.use.memory = false (default)
2019-09-20 08:38:06,227 [pool-208-thread-1] INFO  server.RaftServerConfigKeys (ConfUtils.java:logGet(43)) - raft.server.log.purge.gap = 1000000 (custom)
2019-09-20 08:38:06,227 [pool-208-thread-1] INFO  server.RaftServerConfigKeys (ConfUtils.java:logGet(43)) - raft.server.log.appender.buffer.byte-limit = 33554432 (custom)
2019-09-20 08:38:06,227 [pool-208-thread-1] INFO  server.RaftServerConfigKeys (ConfUtils.java:logGet(43)) - raft.server.log.segment.size.max = 1048576 (custom)
2019-09-20 08:38:06,227 [pool-208-thread-1] INFO  server.RaftServerConfigKeys (ConfUtils.java:logGet(43)) - raft.server.log.segment.cache.num.max = 2 (custom)
2019-09-20 08:38:06,227 [pool-208-thread-1] INFO  segmented.SegmentedRaftLogWorker (SegmentedRaftLogWorker.java:<init>(172)) - new 2f8cca2b-bc23-4b5e-a61a-cdaaa212171f-SegmentedRaftLogWorker:Storage Directory /workdir/hadoop-ozone/ozonefs/target/test-dir/MiniOzoneClusterImpl-1f915b72-7f2b-4803-b951-606f028ff0e9/datanode-2/data/ratis/ad6a5138-5bee-44cb-af51-0e4014f931bd for RaftStorage:Storage Directory /workdir/hadoop-ozone/ozonefs/target/test-dir/MiniOzoneClusterImpl-1f915b72-7f2b-4803-b951-606f028ff0e9/datanode-2/data/ratis/ad6a5138-5bee-44cb-af51-0e4014f931bd
2019-09-20 08:38:06,228 [pool-208-thread-1] INFO  server.RaftServerConfigKeys (ConfUtils.java:logGet(43)) - raft.server.log.queue.byte-limit = 2147483647 (custom)
2019-09-20 08:38:06,228 [pool-208-thread-1] INFO  server.RaftServerConfigKeys (ConfUtils.java:logGet(43)) - raft.server.log.queue.element-limit = 1024 (custom)
2019-09-20 08:38:06,228 [pool-208-thread-1] INFO  server.RaftServerConfigKeys (ConfUtils.java:logGet(43)) - raft.server.log.segment.size.max = 1048576 (custom)
2019-09-20 08:38:06,228 [pool-208-thread-1] INFO  server.RaftServerConfigKeys (ConfUtils.java:logGet(43)) - raft.server.log.preallocated.size = 16384 (custom)
2019-09-20 08:38:06,228 [pool-208-thread-1] INFO  server.RaftServerConfigKeys (ConfUtils.java:logGet(43)) - raft.server.log.write.buffer.size = 33554432 (custom)
2019-09-20 08:38:06,228 [pool-208-thread-1] INFO  server.RaftServerConfigKeys (ConfUtils.java:logGet(43)) - raft.server.log.force.sync.num = 128 (default)
2019-09-20 08:38:06,228 [pool-208-thread-1] INFO  server.RaftServerConfigKeys (ConfUtils.java:logGet(43)) - raft.server.log.statemachine.data.sync = true (default)
2019-09-20 08:38:06,228 [pool-208-thread-1] INFO  server.RaftServerConfigKeys (ConfUtils.java:logGet(43)) - raft.server.log.statemachine.data.sync.timeout = 10s (default)
2019-09-20 08:38:06,228 [pool-208-thread-1] INFO  server.RaftServerConfigKeys (ConfUtils.java:logGet(43)) - raft.server.log.statemachine.data.sync.timeout.retry = -1 (default)
2019-09-20 08:38:06,229 [pool-208-thread-1] INFO  server.RaftServerConfigKeys (ConfUtils.java:logGet(43)) - raft.server.log.statemachine.data.caching.enabled = true (custom)
2019-09-20 08:38:06,229 [pool-208-thread-1] INFO  segmented.SegmentedRaftLogWorker (SegmentedRaftLogWorker.java:lambda$new$0(132)) - 2f8cca2b-bc23-4b5e-a61a-cdaaa212171f-SegmentedRaftLogWorker:Storage Directory /workdir/hadoop-ozone/ozonefs/target/test-dir/MiniOzoneClusterImpl-1f915b72-7f2b-4803-b951-606f028ff0e9/datanode-2/data/ratis/ad6a5138-5bee-44cb-af51-0e4014f931bd: flushIndex: setUnconditionally 0 -> -1
2019-09-20 08:38:06,229 [pool-208-thread-1] INFO  server.RaftServerConfigKeys (ConfUtils.java:logGet(43)) - raft.server.snapshot.auto.trigger.enabled = true (custom)
2019-09-20 08:38:06,229 [pool-208-thread-1] INFO  server.RaftServerConfigKeys (ConfUtils.java:logGet(43)) - raft.server.snapshot.auto.trigger.threshold = 10000 (custom)
2019-09-20 08:38:06,229 [pool-208-thread-1] INFO  server.RaftServerConfigKeys (ConfUtils.java:logGet(43)) - raft.server.retrycache.expirytime = 600000ms (custom)
2019-09-20 08:38:06,229 [pool-208-thread-1] INFO  impl.RaftServerImpl (RaftServerImpl.java:start(180)) - 2f8cca2b-bc23-4b5e-a61a-cdaaa212171f: start group-0E4014F931BD
2019-09-20 08:38:06,229 [pool-208-thread-1] INFO  impl.RaftServerImpl (RaftServerImpl.java:setRole(171)) - 2f8cca2b-bc23-4b5e-a61a-cdaaa212171f:group-0E4014F931BD changes role from null to FOLLOWER at term 0 for startAsFollower
2019-09-20 08:38:06,230 [pool-208-thread-1] INFO  impl.RoleInfo (RoleInfo.java:updateAndGet(143)) - 2f8cca2b-bc23-4b5e-a61a-cdaaa212171f: start FollowerState
2019-09-20 08:38:06,230 [pool-208-thread-1] INFO  util.JmxRegister (JmxRegister.java:tryRegister(44)) - Successfully registered JMX Bean with object name Ratis:service=RaftServer,group=group-0E4014F931BD,id=2f8cca2b-bc23-4b5e-a61a-cdaaa212171f
2019-09-20 08:38:06,232 [RatisPipelineUtilsThread] INFO  pipeline.PipelineStateManager (PipelineStateManager.java:addPipeline(56)) - Created pipeline Pipeline[ Id: ad6a5138-5bee-44cb-af51-0e4014f931bd, Nodes: 2f8cca2b-bc23-4b5e-a61a-cdaaa212171f{ip: 192.168.36.79, host: pr-hdds-1569-s8kj2-2266485376, networkLocation: /default-rack, certSerialId: null}, Type:RATIS, Factor:ONE, State:OPEN]
2019-09-20 08:38:06,233 [RatisPipelineUtilsThread] INFO  pipeline.PipelinePlacementPolicy (PipelinePlacementPolicy.java:meetCriteria(91)) - Pipeline Placement: Doesn't meet the criteria to be viable node： 8a49adf3-6e81-4a75-ab50-8f2c6e76bdc3 Heaviness: 6 limit: 5
2019-09-20 08:38:06,233 [RatisPipelineUtilsThread] INFO  pipeline.PipelinePlacementPolicy (PipelinePlacementPolicy.java:meetCriteria(91)) - Pipeline Placement: Doesn't meet the criteria to be viable node： 5bfa0e55-6e65-4c9d-a9d6-a9b1c265a83f Heaviness: 6 limit: 5
2019-09-20 08:38:06,238 [grpc-default-executor-0] INFO  impl.RaftServerProxy (RaftServerProxy.java:addNew(89)) - 2f8cca2b-bc23-4b5e-a61a-cdaaa212171f: addNew group-AB03F178C851:[2f8cca2b-bc23-4b5e-a61a-cdaaa212171f:192.168.36.79:42129] returns group-AB03F178C851:java.util.concurrent.CompletableFuture@20d8f658[Not completed]
2019-09-20 08:38:06,239 [pool-208-thread-1] INFO  impl.RaftServerImpl (RaftServerImpl.java:<init>(93)) - 2f8cca2b-bc23-4b5e-a61a-cdaaa212171f: new RaftServerImpl for group-AB03F178C851:[2f8cca2b-bc23-4b5e-a61a-cdaaa212171f:192.168.36.79:42129] with ContainerStateMachine:uninitialized
2019-09-20 08:38:06,239 [pool-208-thread-1] INFO  server.RaftServerConfigKeys (ConfUtils.java:logGet(43)) - raft.server.rpc.timeout.min = 5s (custom)
2019-09-20 08:38:06,239 [pool-208-thread-1] INFO  server.RaftServerConfigKeys (ConfUtils.java:logGet(43)) - raft.server.rpc.timeout.max = 5200ms (custom)
2019-09-20 08:38:06,239 [pool-208-thread-1] INFO  server.RaftServerConfigKeys (ConfUtils.java:logGet(43)) - raft.server.rpcslowness.timeout = 120s (custom)
2019-09-20 08:38:06,240 [pool-208-thread-1] INFO  server.RaftServerConfigKeys (ConfUtils.java:logGet(43)) - raft.server.sleep.deviation.threshold = 300 (default)
2019-09-20 08:38:06,240 [pool-208-thread-1] INFO  server.RaftServerConfigKeys (ConfUtils.java:logGet(43)) - raft.server.log.appender.install.snapshot.enabled = false (custom)
2019-09-20 08:38:06,240 [pool-208-thread-1] INFO  impl.RaftServerImpl (ServerState.java:<init>(105)) - 2f8cca2b-bc23-4b5e-a61a-cdaaa212171f:group-AB03F178C851 ConfigurationManager, init=-1: [2f8cca2b-bc23-4b5e-a61a-cdaaa212171f:192.168.36.79:42129], old=null, confs=<EMPTY_MAP>
2019-09-20 08:38:06,240 [pool-208-thread-1] INFO  server.RaftServerConfigKeys (ConfUtils.java:logGet(43)) - raft.server.storage.dir = [/workdir/hadoop-ozone/ozonefs/target/test-dir/MiniOzoneClusterImpl-1f915b72-7f2b-4803-b951-606f028ff0e9/datanode-2/data/ratis] (custom)
2019-09-20 08:38:06,240 [pool-208-thread-1] INFO  storage.RaftStorageDirectory (RaftStorageDirectory.java:analyzeStorage(246)) - The storage directory /workdir/hadoop-ozone/ozonefs/target/test-dir/MiniOzoneClusterImpl-1f915b72-7f2b-4803-b951-606f028ff0e9/datanode-2/data/ratis/f41d2adf-6cb2-4ab6-bea4-ab03f178c851 does not exist. Creating ...
2019-09-20 08:38:06,268 [pool-208-thread-1] INFO  storage.RaftStorageDirectory (RaftStorageDirectory.java:tryLock(328)) - Lock on /workdir/hadoop-ozone/ozonefs/target/test-dir/MiniOzoneClusterImpl-1f915b72-7f2b-4803-b951-606f028ff0e9/datanode-2/data/ratis/f41d2adf-6cb2-4ab6-bea4-ab03f178c851/in_use.lock acquired by nodename 25669@pr-hdds-1569-s8kj2-2266485376
2019-09-20 08:38:06,352 [pool-208-thread-1] INFO  storage.RaftStorage (RaftStorage.java:format(72)) - Storage directory /workdir/hadoop-ozone/ozonefs/target/test-dir/MiniOzoneClusterImpl-1f915b72-7f2b-4803-b951-606f028ff0e9/datanode-2/data/ratis/f41d2adf-6cb2-4ab6-bea4-ab03f178c851 has been successfully formatted.
2019-09-20 08:38:06,353 [pool-208-thread-1] INFO  ratis.ContainerStateMachine (ContainerStateMachine.java:loadSnapshot(226)) - group-AB03F178C851: The snapshot info is null. Setting the last applied indexto:(t:0, i:~)
2019-09-20 08:38:06,353 [pool-208-thread-1] INFO  server.RaftServerConfigKeys (ConfUtils.java:logGet(43)) - raft.server.leader.election.timeout = 120s (custom)
2019-09-20 08:38:06,353 [pool-208-thread-1] INFO  server.RaftServerConfigKeys (ConfUtils.java:logGet(43)) - raft.server.log.use.memory = false (default)
2019-09-20 08:38:06,353 [pool-208-thread-1] INFO  server.RaftServerConfigKeys (ConfUtils.java:logGet(43)) - raft.server.log.purge.gap = 1000000 (custom)
2019-09-20 08:38:06,353 [pool-208-thread-1] INFO  server.RaftServerConfigKeys (ConfUtils.java:logGet(43)) - raft.server.log.appender.buffer.byte-limit = 33554432 (custom)
2019-09-20 08:38:06,353 [pool-208-thread-1] INFO  server.RaftServerConfigKeys (ConfUtils.java:logGet(43)) - raft.server.log.segment.size.max = 1048576 (custom)
2019-09-20 08:38:06,354 [pool-208-thread-1] INFO  server.RaftServerConfigKeys (ConfUtils.java:logGet(43)) - raft.server.log.segment.cache.num.max = 2 (custom)
2019-09-20 08:38:06,354 [pool-208-thread-1] INFO  segmented.SegmentedRaftLogWorker (SegmentedRaftLogWorker.java:<init>(172)) - new 2f8cca2b-bc23-4b5e-a61a-cdaaa212171f-SegmentedRaftLogWorker:Storage Directory /workdir/hadoop-ozone/ozonefs/target/test-dir/MiniOzoneClusterImpl-1f915b72-7f2b-4803-b951-606f028ff0e9/datanode-2/data/ratis/f41d2adf-6cb2-4ab6-bea4-ab03f178c851 for RaftStorage:Storage Directory /workdir/hadoop-ozone/ozonefs/target/test-dir/MiniOzoneClusterImpl-1f915b72-7f2b-4803-b951-606f028ff0e9/datanode-2/data/ratis/f41d2adf-6cb2-4ab6-bea4-ab03f178c851
2019-09-20 08:38:06,354 [pool-208-thread-1] INFO  server.RaftServerConfigKeys (ConfUtils.java:logGet(43)) - raft.server.log.queue.byte-limit = 2147483647 (custom)
2019-09-20 08:38:06,354 [pool-208-thread-1] INFO  server.RaftServerConfigKeys (ConfUtils.java:logGet(43)) - raft.server.log.queue.element-limit = 1024 (custom)
2019-09-20 08:38:06,354 [pool-208-thread-1] INFO  server.RaftServerConfigKeys (ConfUtils.java:logGet(43)) - raft.server.log.segment.size.max = 1048576 (custom)
2019-09-20 08:38:06,354 [pool-208-thread-1] INFO  server.RaftServerConfigKeys (ConfUtils.java:logGet(43)) - raft.server.log.preallocated.size = 16384 (custom)
2019-09-20 08:38:06,354 [pool-208-thread-1] INFO  server.RaftServerConfigKeys (ConfUtils.java:logGet(43)) - raft.server.log.write.buffer.size = 33554432 (custom)
2019-09-20 08:38:06,354 [pool-208-thread-1] INFO  server.RaftServerConfigKeys (ConfUtils.java:logGet(43)) - raft.server.log.force.sync.num = 128 (default)
2019-09-20 08:38:06,355 [pool-208-thread-1] INFO  server.RaftServerConfigKeys (ConfUtils.java:logGet(43)) - raft.server.log.statemachine.data.sync = true (default)
2019-09-20 08:38:06,355 [pool-208-thread-1] INFO  server.RaftServerConfigKeys (ConfUtils.java:logGet(43)) - raft.server.log.statemachine.data.sync.timeout = 10s (default)
2019-09-20 08:38:06,355 [pool-208-thread-1] INFO  server.RaftServerConfigKeys (ConfUtils.java:logGet(43)) - raft.server.log.statemachine.data.sync.timeout.retry = -1 (default)
2019-09-20 08:38:06,355 [pool-208-thread-1] INFO  server.RaftServerConfigKeys (ConfUtils.java:logGet(43)) - raft.server.log.statemachine.data.caching.enabled = true (custom)
2019-09-20 08:38:06,355 [pool-208-thread-1] INFO  segmented.SegmentedRaftLogWorker (SegmentedRaftLogWorker.java:lambda$new$0(132)) - 2f8cca2b-bc23-4b5e-a61a-cdaaa212171f-SegmentedRaftLogWorker:Storage Directory /workdir/hadoop-ozone/ozonefs/target/test-dir/MiniOzoneClusterImpl-1f915b72-7f2b-4803-b951-606f028ff0e9/datanode-2/data/ratis/f41d2adf-6cb2-4ab6-bea4-ab03f178c851: flushIndex: setUnconditionally 0 -> -1
2019-09-20 08:38:06,356 [pool-208-thread-1] INFO  server.RaftServerConfigKeys (ConfUtils.java:logGet(43)) - raft.server.snapshot.auto.trigger.enabled = true (custom)
2019-09-20 08:38:06,356 [pool-208-thread-1] INFO  server.RaftServerConfigKeys (ConfUtils.java:logGet(43)) - raft.server.snapshot.auto.trigger.threshold = 10000 (custom)
2019-09-20 08:38:06,356 [pool-208-thread-1] INFO  server.RaftServerConfigKeys (ConfUtils.java:logGet(43)) - raft.server.retrycache.expirytime = 600000ms (custom)
2019-09-20 08:38:06,356 [pool-208-thread-1] INFO  impl.RaftServerImpl (RaftServerImpl.java:start(180)) - 2f8cca2b-bc23-4b5e-a61a-cdaaa212171f: start group-AB03F178C851
2019-09-20 08:38:06,356 [pool-208-thread-1] INFO  impl.RaftServerImpl (RaftServerImpl.java:setRole(171)) - 2f8cca2b-bc23-4b5e-a61a-cdaaa212171f:group-AB03F178C851 changes role from null to FOLLOWER at term 0 for startAsFollower
2019-09-20 08:38:06,357 [pool-208-thread-1] INFO  impl.RoleInfo (RoleInfo.java:updateAndGet(143)) - 2f8cca2b-bc23-4b5e-a61a-cdaaa212171f: start FollowerState
2019-09-20 08:38:06,357 [pool-208-thread-1] INFO  util.JmxRegister (JmxRegister.java:tryRegister(44)) - Successfully registered JMX Bean with object name Ratis:service=RaftServer,group=group-AB03F178C851,id=2f8cca2b-bc23-4b5e-a61a-cdaaa212171f
2019-09-20 08:38:06,360 [RatisPipelineUtilsThread] INFO  pipeline.PipelineStateManager (PipelineStateManager.java:addPipeline(56)) - Created pipeline Pipeline[ Id: f41d2adf-6cb2-4ab6-bea4-ab03f178c851, Nodes: 2f8cca2b-bc23-4b5e-a61a-cdaaa212171f{ip: 192.168.36.79, host: pr-hdds-1569-s8kj2-2266485376, networkLocation: /default-rack, certSerialId: null}, Type:RATIS, Factor:ONE, State:OPEN]
2019-09-20 08:38:06,361 [RatisPipelineUtilsThread] INFO  pipeline.PipelinePlacementPolicy (PipelinePlacementPolicy.java:meetCriteria(91)) - Pipeline Placement: Doesn't meet the criteria to be viable node： 8a49adf3-6e81-4a75-ab50-8f2c6e76bdc3 Heaviness: 6 limit: 5
2019-09-20 08:38:06,361 [RatisPipelineUtilsThread] INFO  pipeline.PipelinePlacementPolicy (PipelinePlacementPolicy.java:meetCriteria(91)) - Pipeline Placement: Doesn't meet the criteria to be viable node： 5bfa0e55-6e65-4c9d-a9d6-a9b1c265a83f Heaviness: 6 limit: 5
2019-09-20 08:38:06,366 [grpc-default-executor-0] INFO  impl.RaftServerProxy (RaftServerProxy.java:addNew(89)) - 2f8cca2b-bc23-4b5e-a61a-cdaaa212171f: addNew group-299696EB839A:[2f8cca2b-bc23-4b5e-a61a-cdaaa212171f:192.168.36.79:42129] returns group-299696EB839A:java.util.concurrent.CompletableFuture@5cbdb9b9[Not completed]
2019-09-20 08:38:06,368 [pool-208-thread-1] INFO  impl.RaftServerImpl (RaftServerImpl.java:<init>(93)) - 2f8cca2b-bc23-4b5e-a61a-cdaaa212171f: new RaftServerImpl for group-299696EB839A:[2f8cca2b-bc23-4b5e-a61a-cdaaa212171f:192.168.36.79:42129] with ContainerStateMachine:uninitialized
2019-09-20 08:38:06,368 [pool-208-thread-1] INFO  server.RaftServerConfigKeys (ConfUtils.java:logGet(43)) - raft.server.rpc.timeout.min = 5s (custom)
2019-09-20 08:38:06,368 [pool-208-thread-1] INFO  server.RaftServerConfigKeys (ConfUtils.java:logGet(43)) - raft.server.rpc.timeout.max = 5200ms (custom)
2019-09-20 08:38:06,368 [pool-208-thread-1] INFO  server.RaftServerConfigKeys (ConfUtils.java:logGet(43)) - raft.server.rpcslowness.timeout = 120s (custom)
2019-09-20 08:38:06,368 [pool-208-thread-1] INFO  server.RaftServerConfigKeys (ConfUtils.java:logGet(43)) - raft.server.sleep.deviation.threshold = 300 (default)
2019-09-20 08:38:06,368 [pool-208-thread-1] INFO  server.RaftServerConfigKeys (ConfUtils.java:logGet(43)) - raft.server.log.appender.install.snapshot.enabled = false (custom)
2019-09-20 08:38:06,368 [pool-208-thread-1] INFO  impl.RaftServerImpl (ServerState.java:<init>(105)) - 2f8cca2b-bc23-4b5e-a61a-cdaaa212171f:group-299696EB839A ConfigurationManager, init=-1: [2f8cca2b-bc23-4b5e-a61a-cdaaa212171f:192.168.36.79:42129], old=null, confs=<EMPTY_MAP>
2019-09-20 08:38:06,368 [pool-208-thread-1] INFO  server.RaftServerConfigKeys (ConfUtils.java:logGet(43)) - raft.server.storage.dir = [/workdir/hadoop-ozone/ozonefs/target/test-dir/MiniOzoneClusterImpl-1f915b72-7f2b-4803-b951-606f028ff0e9/datanode-2/data/ratis] (custom)
2019-09-20 08:38:06,369 [pool-208-thread-1] INFO  storage.RaftStorageDirectory (RaftStorageDirectory.java:analyzeStorage(246)) - The storage directory /workdir/hadoop-ozone/ozonefs/target/test-dir/MiniOzoneClusterImpl-1f915b72-7f2b-4803-b951-606f028ff0e9/datanode-2/data/ratis/6196322e-1b01-49a1-abd1-299696eb839a does not exist. Creating ...
2019-09-20 08:38:06,386 [pool-208-thread-1] INFO  storage.RaftStorageDirectory (RaftStorageDirectory.java:tryLock(328)) - Lock on /workdir/hadoop-ozone/ozonefs/target/test-dir/MiniOzoneClusterImpl-1f915b72-7f2b-4803-b951-606f028ff0e9/datanode-2/data/ratis/6196322e-1b01-49a1-abd1-299696eb839a/in_use.lock acquired by nodename 25669@pr-hdds-1569-s8kj2-2266485376
2019-09-20 08:38:06,411 [pool-208-thread-1] INFO  storage.RaftStorage (RaftStorage.java:format(72)) - Storage directory /workdir/hadoop-ozone/ozonefs/target/test-dir/MiniOzoneClusterImpl-1f915b72-7f2b-4803-b951-606f028ff0e9/datanode-2/data/ratis/6196322e-1b01-49a1-abd1-299696eb839a has been successfully formatted.
2019-09-20 08:38:06,412 [pool-208-thread-1] INFO  ratis.ContainerStateMachine (ContainerStateMachine.java:loadSnapshot(226)) - group-299696EB839A: The snapshot info is null. Setting the last applied indexto:(t:0, i:~)
2019-09-20 08:38:06,412 [pool-208-thread-1] INFO  server.RaftServerConfigKeys (ConfUtils.java:logGet(43)) - raft.server.leader.election.timeout = 120s (custom)
2019-09-20 08:38:06,412 [pool-208-thread-1] INFO  server.RaftServerConfigKeys (ConfUtils.java:logGet(43)) - raft.server.log.use.memory = false (default)
2019-09-20 08:38:06,412 [pool-208-thread-1] INFO  server.RaftServerConfigKeys (ConfUtils.java:logGet(43)) - raft.server.log.purge.gap = 1000000 (custom)
2019-09-20 08:38:06,412 [pool-208-thread-1] INFO  server.RaftServerConfigKeys (ConfUtils.java:logGet(43)) - raft.server.log.appender.buffer.byte-limit = 33554432 (custom)
2019-09-20 08:38:06,413 [pool-208-thread-1] INFO  server.RaftServerConfigKeys (ConfUtils.java:logGet(43)) - raft.server.log.segment.size.max = 1048576 (custom)
2019-09-20 08:38:06,413 [pool-208-thread-1] INFO  server.RaftServerConfigKeys (ConfUtils.java:logGet(43)) - raft.server.log.segment.cache.num.max = 2 (custom)
2019-09-20 08:38:06,413 [pool-208-thread-1] INFO  segmented.SegmentedRaftLogWorker (SegmentedRaftLogWorker.java:<init>(172)) - new 2f8cca2b-bc23-4b5e-a61a-cdaaa212171f-SegmentedRaftLogWorker:Storage Directory /workdir/hadoop-ozone/ozonefs/target/test-dir/MiniOzoneClusterImpl-1f915b72-7f2b-4803-b951-606f028ff0e9/datanode-2/data/ratis/6196322e-1b01-49a1-abd1-299696eb839a for RaftStorage:Storage Directory /workdir/hadoop-ozone/ozonefs/target/test-dir/MiniOzoneClusterImpl-1f915b72-7f2b-4803-b951-606f028ff0e9/datanode-2/data/ratis/6196322e-1b01-49a1-abd1-299696eb839a
2019-09-20 08:38:06,413 [pool-208-thread-1] INFO  server.RaftServerConfigKeys (ConfUtils.java:logGet(43)) - raft.server.log.queue.byte-limit = 2147483647 (custom)
2019-09-20 08:38:06,413 [pool-208-thread-1] INFO  server.RaftServerConfigKeys (ConfUtils.java:logGet(43)) - raft.server.log.queue.element-limit = 1024 (custom)
2019-09-20 08:38:06,414 [pool-208-thread-1] INFO  server.RaftServerConfigKeys (ConfUtils.java:logGet(43)) - raft.server.log.segment.size.max = 1048576 (custom)
2019-09-20 08:38:06,414 [pool-208-thread-1] INFO  server.RaftServerConfigKeys (ConfUtils.java:logGet(43)) - raft.server.log.preallocated.size = 16384 (custom)
2019-09-20 08:38:06,414 [pool-208-thread-1] INFO  server.RaftServerConfigKeys (ConfUtils.java:logGet(43)) - raft.server.log.write.buffer.size = 33554432 (custom)
2019-09-20 08:38:06,414 [pool-208-thread-1] INFO  server.RaftServerConfigKeys (ConfUtils.java:logGet(43)) - raft.server.log.force.sync.num = 128 (default)
2019-09-20 08:38:06,414 [pool-208-thread-1] INFO  server.RaftServerConfigKeys (ConfUtils.java:logGet(43)) - raft.server.log.statemachine.data.sync = true (default)
2019-09-20 08:38:06,415 [pool-208-thread-1] INFO  server.RaftServerConfigKeys (ConfUtils.java:logGet(43)) - raft.server.log.statemachine.data.sync.timeout = 10s (default)
2019-09-20 08:38:06,415 [pool-208-thread-1] INFO  server.RaftServerConfigKeys (ConfUtils.java:logGet(43)) - raft.server.log.statemachine.data.sync.timeout.retry = -1 (default)
2019-09-20 08:38:06,415 [pool-208-thread-1] INFO  server.RaftServerConfigKeys (ConfUtils.java:logGet(43)) - raft.server.log.statemachine.data.caching.enabled = true (custom)
2019-09-20 08:38:06,415 [pool-208-thread-1] INFO  segmented.SegmentedRaftLogWorker (SegmentedRaftLogWorker.java:lambda$new$0(132)) - 2f8cca2b-bc23-4b5e-a61a-cdaaa212171f-SegmentedRaftLogWorker:Storage Directory /workdir/hadoop-ozone/ozonefs/target/test-dir/MiniOzoneClusterImpl-1f915b72-7f2b-4803-b951-606f028ff0e9/datanode-2/data/ratis/6196322e-1b01-49a1-abd1-299696eb839a: flushIndex: setUnconditionally 0 -> -1
2019-09-20 08:38:06,416 [pool-208-thread-1] INFO  server.RaftServerConfigKeys (ConfUtils.java:logGet(43)) - raft.server.snapshot.auto.trigger.enabled = true (custom)
2019-09-20 08:38:06,416 [pool-208-thread-1] INFO  server.RaftServerConfigKeys (ConfUtils.java:logGet(43)) - raft.server.snapshot.auto.trigger.threshold = 10000 (custom)
2019-09-20 08:38:06,416 [pool-208-thread-1] INFO  server.RaftServerConfigKeys (ConfUtils.java:logGet(43)) - raft.server.retrycache.expirytime = 600000ms (custom)
2019-09-20 08:38:06,416 [pool-208-thread-1] INFO  impl.RaftServerImpl (RaftServerImpl.java:start(180)) - 2f8cca2b-bc23-4b5e-a61a-cdaaa212171f: start group-299696EB839A
2019-09-20 08:38:06,417 [pool-208-thread-1] INFO  impl.RaftServerImpl (RaftServerImpl.java:setRole(171)) - 2f8cca2b-bc23-4b5e-a61a-cdaaa212171f:group-299696EB839A changes role from null to FOLLOWER at term 0 for startAsFollower
2019-09-20 08:38:06,417 [pool-208-thread-1] INFO  impl.RoleInfo (RoleInfo.java:updateAndGet(143)) - 2f8cca2b-bc23-4b5e-a61a-cdaaa212171f: start FollowerState
2019-09-20 08:38:06,417 [pool-208-thread-1] INFO  util.JmxRegister (JmxRegister.java:tryRegister(44)) - Successfully registered JMX Bean with object name Ratis:service=RaftServer,group=group-299696EB839A,id=2f8cca2b-bc23-4b5e-a61a-cdaaa212171f
2019-09-20 08:38:06,421 [RatisPipelineUtilsThread] INFO  pipeline.PipelineStateManager (PipelineStateManager.java:addPipeline(56)) - Created pipeline Pipeline[ Id: 6196322e-1b01-49a1-abd1-299696eb839a, Nodes: 2f8cca2b-bc23-4b5e-a61a-cdaaa212171f{ip: 192.168.36.79, host: pr-hdds-1569-s8kj2-2266485376, networkLocation: /default-rack, certSerialId: null}, Type:RATIS, Factor:ONE, State:OPEN]
2019-09-20 08:38:06,421 [RatisPipelineUtilsThread] INFO  pipeline.PipelinePlacementPolicy (PipelinePlacementPolicy.java:meetCriteria(91)) - Pipeline Placement: Doesn't meet the criteria to be viable node： 8a49adf3-6e81-4a75-ab50-8f2c6e76bdc3 Heaviness: 6 limit: 5
2019-09-20 08:38:06,421 [RatisPipelineUtilsThread] INFO  pipeline.PipelinePlacementPolicy (PipelinePlacementPolicy.java:meetCriteria(91)) - Pipeline Placement: Doesn't meet the criteria to be viable node： 2f8cca2b-bc23-4b5e-a61a-cdaaa212171f Heaviness: 6 limit: 5
2019-09-20 08:38:06,421 [RatisPipelineUtilsThread] INFO  pipeline.PipelinePlacementPolicy (PipelinePlacementPolicy.java:meetCriteria(91)) - Pipeline Placement: Doesn't meet the criteria to be viable node： 5bfa0e55-6e65-4c9d-a9d6-a9b1c265a83f Heaviness: 6 limit: 5
2019-09-20 08:38:06,422 [RatisPipelineUtilsThread] ERROR pipeline.PipelinePlacementPolicy (PipelinePlacementPolicy.java:filterViableNodes(148)) - Unable to find enough nodes that meet the criteria that cannot engage in more than 5 pipelines. Nodes required: 1 Found: 0, healthy nodes count inNodeManager: 3.
2019-09-20 08:38:06,422 [RatisPipelineUtilsThread] ERROR pipeline.SCMPipelineManager (SCMPipelineManager.java:createPipeline(161)) - Pipeline creation failed due to exception: Unable to find enough nodes that meet the criteria that cannot engage in more than 5 pipelines. Nodes required: 1 Found: 0, healthy nodes count inNodeManager: 3.
2019-09-20 08:38:06,422 [RatisPipelineUtilsThread] INFO  pipeline.PipelinePlacementPolicy (PipelinePlacementPolicy.java:meetCriteria(91)) - Pipeline Placement: Doesn't meet the criteria to be viable node： 8a49adf3-6e81-4a75-ab50-8f2c6e76bdc3 Heaviness: 6 limit: 5
2019-09-20 08:38:06,422 [RatisPipelineUtilsThread] INFO  pipeline.PipelinePlacementPolicy (PipelinePlacementPolicy.java:meetCriteria(91)) - Pipeline Placement: Doesn't meet the criteria to be viable node： 2f8cca2b-bc23-4b5e-a61a-cdaaa212171f Heaviness: 6 limit: 5
2019-09-20 08:38:06,422 [RatisPipelineUtilsThread] INFO  pipeline.PipelinePlacementPolicy (PipelinePlacementPolicy.java:meetCriteria(91)) - Pipeline Placement: Doesn't meet the criteria to be viable node： 5bfa0e55-6e65-4c9d-a9d6-a9b1c265a83f Heaviness: 6 limit: 5
2019-09-20 08:38:06,423 [RatisPipelineUtilsThread] ERROR pipeline.PipelinePlacementPolicy (PipelinePlacementPolicy.java:filterViableNodes(148)) - Unable to find enough nodes that meet the criteria that cannot engage in more than 5 pipelines. Nodes required: 3 Found: 0, healthy nodes count inNodeManager: 3.
2019-09-20 08:38:06,423 [RatisPipelineUtilsThread] ERROR pipeline.SCMPipelineManager (SCMPipelineManager.java:createPipeline(161)) - Pipeline creation failed due to exception: Unable to find enough nodes that meet the criteria that cannot engage in more than 5 pipelines. Nodes required: 3 Found: 0, healthy nodes count inNodeManager: 3.
2019-09-20 08:38:06,423 [RatisPipelineUtilsThread] INFO  pipeline.PipelinePlacementPolicy (PipelinePlacementPolicy.java:meetCriteria(91)) - Pipeline Placement: Doesn't meet the criteria to be viable node： 8a49adf3-6e81-4a75-ab50-8f2c6e76bdc3 Heaviness: 6 limit: 5
2019-09-20 08:38:06,423 [RatisPipelineUtilsThread] INFO  pipeline.PipelinePlacementPolicy (PipelinePlacementPolicy.java:meetCriteria(91)) - Pipeline Placement: Doesn't meet the criteria to be viable node： 2f8cca2b-bc23-4b5e-a61a-cdaaa212171f Heaviness: 6 limit: 5
2019-09-20 08:38:06,423 [RatisPipelineUtilsThread] INFO  pipeline.PipelinePlacementPolicy (PipelinePlacementPolicy.java:meetCriteria(91)) - Pipeline Placement: Doesn't meet the criteria to be viable node： 5bfa0e55-6e65-4c9d-a9d6-a9b1c265a83f Heaviness: 6 limit: 5
2019-09-20 08:38:06,424 [RatisPipelineUtilsThread] ERROR pipeline.PipelinePlacementPolicy (PipelinePlacementPolicy.java:filterViableNodes(148)) - Unable to find enough nodes that meet the criteria that cannot engage in more than 5 pipelines. Nodes required: 1 Found: 0, healthy nodes count inNodeManager: 3.
2019-09-20 08:38:06,424 [RatisPipelineUtilsThread] ERROR pipeline.SCMPipelineManager (SCMPipelineManager.java:createPipeline(161)) - Pipeline creation failed due to exception: Unable to find enough nodes that meet the criteria that cannot engage in more than 5 pipelines. Nodes required: 1 Found: 0, healthy nodes count inNodeManager: 3.
2019-09-20 08:38:06,424 [RatisPipelineUtilsThread] INFO  pipeline.PipelinePlacementPolicy (PipelinePlacementPolicy.java:meetCriteria(91)) - Pipeline Placement: Doesn't meet the criteria to be viable node： 8a49adf3-6e81-4a75-ab50-8f2c6e76bdc3 Heaviness: 6 limit: 5
2019-09-20 08:38:06,424 [RatisPipelineUtilsThread] INFO  pipeline.PipelinePlacementPolicy (PipelinePlacementPolicy.java:meetCriteria(91)) - Pipeline Placement: Doesn't meet the criteria to be viable node： 2f8cca2b-bc23-4b5e-a61a-cdaaa212171f Heaviness: 6 limit: 5
2019-09-20 08:38:06,424 [RatisPipelineUtilsThread] INFO  pipeline.PipelinePlacementPolicy (PipelinePlacementPolicy.java:meetCriteria(91)) - Pipeline Placement: Doesn't meet the criteria to be viable node： 5bfa0e55-6e65-4c9d-a9d6-a9b1c265a83f Heaviness: 6 limit: 5
2019-09-20 08:38:06,424 [RatisPipelineUtilsThread] ERROR pipeline.PipelinePlacementPolicy (PipelinePlacementPolicy.java:filterViableNodes(148)) - Unable to find enough nodes that meet the criteria that cannot engage in more than 5 pipelines. Nodes required: 3 Found: 0, healthy nodes count inNodeManager: 3.
2019-09-20 08:38:06,425 [RatisPipelineUtilsThread] ERROR pipeline.SCMPipelineManager (SCMPipelineManager.java:createPipeline(161)) - Pipeline creation failed due to exception: Unable to find enough nodes that meet the criteria that cannot engage in more than 5 pipelines. Nodes required: 3 Found: 0, healthy nodes count inNodeManager: 3.
2019-09-20 08:38:06,483 [Thread-791] INFO  ozone.MiniOzoneClusterImpl (MiniOzoneClusterImpl.java:lambda$waitForClusterToBeReady$0(142)) - Cluster is ready. Got 3 of 3 DN Heartbeats.
2019-09-20 08:38:06,687 | INFO  | OMAudit | user=jenkins1000 | ip=127.0.0.1 | op=CREATE_VOLUME {admin=admin63803, owner=user65523, volume=volume53136, creationTime=1568968686687, quotaInBytes=1152921504606846976} | ret=SUCCESS |  
2019-09-20 08:38:06,697 | INFO  | OMAudit | user=jenkins1000 | ip=127.0.0.1 | op=CREATE_BUCKET {volume=volume53136, bucket=bucket20545, acls=[], isVersionEnabled=false, storageType=DISK, creationTime=0} | ret=SUCCESS |  
2019-09-20 08:38:06,719 | INFO  | OMAudit | user=jenkins1000 | ip=127.0.0.1 | op=READ_VOLUME {volume=volume53136} | ret=SUCCESS |  
2019-09-20 08:38:06,721 | INFO  | OMAudit | user=jenkins1000 | ip=127.0.0.1 | op=READ_BUCKET {volume=volume53136, bucket=bucket20545} | ret=SUCCESS |  
2019-09-20 08:38:06,744 [IPC Server handler 0 on 38982] INFO  pipeline.PipelinePlacementPolicy (PipelinePlacementPolicy.java:meetCriteria(91)) - Pipeline Placement: Doesn't meet the criteria to be viable node： 8a49adf3-6e81-4a75-ab50-8f2c6e76bdc3 Heaviness: 6 limit: 5
2019-09-20 08:38:06,745 [IPC Server handler 0 on 38982] INFO  pipeline.PipelinePlacementPolicy (PipelinePlacementPolicy.java:meetCriteria(91)) - Pipeline Placement: Doesn't meet the criteria to be viable node： 2f8cca2b-bc23-4b5e-a61a-cdaaa212171f Heaviness: 6 limit: 5
2019-09-20 08:38:06,745 [IPC Server handler 0 on 38982] INFO  pipeline.PipelinePlacementPolicy (PipelinePlacementPolicy.java:meetCriteria(91)) - Pipeline Placement: Doesn't meet the criteria to be viable node： 5bfa0e55-6e65-4c9d-a9d6-a9b1c265a83f Heaviness: 6 limit: 5
2019-09-20 08:38:06,745 [IPC Server handler 0 on 38982] ERROR pipeline.PipelinePlacementPolicy (PipelinePlacementPolicy.java:filterViableNodes(148)) - Unable to find enough nodes that meet the criteria that cannot engage in more than 5 pipelines. Nodes required: 3 Found: 0, healthy nodes count inNodeManager: 3.
2019-09-20 08:38:06,745 [IPC Server handler 0 on 38982] ERROR pipeline.SCMPipelineManager (SCMPipelineManager.java:createPipeline(161)) - Pipeline creation failed due to exception: Unable to find enough nodes that meet the criteria that cannot engage in more than 5 pipelines. Nodes required: 3 Found: 0, healthy nodes count inNodeManager: 3.
2019-09-20 08:38:06,745 [IPC Server handler 0 on 38982] WARN  block.BlockManagerImpl (BlockManagerImpl.java:allocateBlock(192)) - Pipeline creation failed for type:RATIS factor:THREE. Retrying get pipelines call once.
org.apache.hadoop.hdds.scm.exceptions.SCMException: Unable to find enough nodes that meet the criteria that cannot engage in more than 5 pipelines. Nodes required: 3 Found: 0, healthy nodes count inNodeManager: 3.
	at org.apache.hadoop.hdds.scm.pipeline.PipelinePlacementPolicy.filterViableNodes(PipelinePlacementPolicy.java:149)
	at org.apache.hadoop.hdds.scm.pipeline.PipelinePlacementPolicy.chooseDatanodes(PipelinePlacementPolicy.java:172)
	at org.apache.hadoop.hdds.scm.pipeline.RatisPipelineProvider.create(RatisPipelineProvider.java:92)
	at org.apache.hadoop.hdds.scm.pipeline.PipelineFactory.create(PipelineFactory.java:57)
	at org.apache.hadoop.hdds.scm.pipeline.SCMPipelineManager.createPipeline(SCMPipelineManager.java:149)
	at org.apache.hadoop.hdds.scm.block.BlockManagerImpl.allocateBlock(BlockManagerImpl.java:190)
	at org.apache.hadoop.hdds.scm.server.SCMBlockProtocolServer.allocateBlock(SCMBlockProtocolServer.java:175)
	at org.apache.hadoop.ozone.protocolPB.ScmBlockLocationProtocolServerSideTranslatorPB.allocateScmBlock(ScmBlockLocationProtocolServerSideTranslatorPB.java:153)
	at org.apache.hadoop.ozone.protocolPB.ScmBlockLocationProtocolServerSideTranslatorPB.send(ScmBlockLocationProtocolServerSideTranslatorPB.java:112)
	at org.apache.hadoop.hdds.protocol.proto.ScmBlockLocationProtocolProtos$ScmBlockLocationProtocolService$2.callBlockingMethod(ScmBlockLocationProtocolProtos.java:13157)
	at org.apache.hadoop.ipc.ProtobufRpcEngine$Server$ProtoBufRpcInvoker.call(ProtobufRpcEngine.java:524)
	at org.apache.hadoop.ipc.RPC$Server.call(RPC.java:1025)
	at org.apache.hadoop.ipc.Server$RpcCall.run(Server.java:876)
	at org.apache.hadoop.ipc.Server$RpcCall.run(Server.java:822)
	at java.security.AccessController.doPrivileged(Native Method)
	at javax.security.auth.Subject.doAs(Subject.java:422)
	at org.apache.hadoop.security.UserGroupInformation.doAs(UserGroupInformation.java:1730)
	at org.apache.hadoop.ipc.Server$Handler.run(Server.java:2682)
2019-09-20 08:38:06,746 [IPC Server handler 0 on 38982] INFO  block.BlockManagerImpl (BlockManagerImpl.java:allocateBlock(198)) - Could not find available pipeline of type:RATIS and factor:THREE even after retrying
2019-09-20 08:38:06,746 [IPC Server handler 0 on 38982] ERROR block.BlockManagerImpl (BlockManagerImpl.java:allocateBlock(222)) - Unable to allocate a block for the size: 4194304, type: RATIS, factor: THREE
2019-09-20 08:38:06,746 | INFO  | SCMAudit | user=jenkins1000 | ip=192.168.36.79 | op=ALLOCATE_BLOCK {owner=308db668-0206-42b7-97a0-ce036ce5f7fe, size=4194304, type=RATIS, factor=THREE} | ret=SUCCESS |  
2019-09-20 08:38:06,747 | ERROR | OMAudit | user=jenkins1000 | ip=127.0.0.1 | op=CREATE_FILE {volume=volume53136, bucket=bucket20545, key=testListStatus/key1, dataSize=0, replicationType=RATIS, replicationFactor=THREE, keyLocationInfo=null} | ret=FAILURE | org.apache.hadoop.hdds.scm.exceptions.SCMException: Allocated 0 blocks. Requested 1 blocks
	at org.apache.hadoop.hdds.scm.protocolPB.ScmBlockLocationProtocolClientSideTranslatorPB.handleError(ScmBlockLocationProtocolClientSideTranslatorPB.java:118)
	at org.apache.hadoop.hdds.scm.protocolPB.ScmBlockLocationProtocolClientSideTranslatorPB.allocateBlock(ScmBlockLocationProtocolClientSideTranslatorPB.java:156) 
2019-09-20 08:38:06,749 [Thread-791] INFO  ozone.MiniOzoneClusterImpl (MiniOzoneClusterImpl.java:shutdown(321)) - Shutting down the Mini Ozone Cluster
2019-09-20 08:38:06,749 | INFO  | SCMAudit | user=null | ip=null | op=GET_SCM_INFO null | ret=SUCCESS |  
2019-09-20 08:38:06,749 [Thread-791] INFO  ozone.MiniOzoneClusterImpl (MiniOzoneClusterImpl.java:stop(336)) - Stopping the Mini Ozone Cluster
2019-09-20 08:38:06,749 [Thread-791] INFO  ozone.MiniOzoneClusterImpl (MiniOzoneClusterImpl.java:stop(338)) - Stopping the OzoneManager
2019-09-20 08:38:06,749 [Thread-791] INFO  ipc.Server (Server.java:stop(3082)) - Stopping server on 33803
2019-09-20 08:38:06,753 [IPC Server listener on 33803] INFO  ipc.Server (Server.java:run(1185)) - Stopping IPC Server listener on 33803
2019-09-20 08:38:06,753 [Thread-791] INFO  ratis.OzoneManagerDoubleBuffer (OzoneManagerDoubleBuffer.java:stop(248)) - Stopping OMDoubleBuffer flush thread
2019-09-20 08:38:06,753 [IPC Server Responder] INFO  ipc.Server (Server.java:run(1319)) - Stopping IPC Server Responder
2019-09-20 08:38:06,755 [OMDoubleBufferFlushThread] INFO  ratis.OzoneManagerDoubleBuffer (OzoneManagerDoubleBuffer.java:flushTransactions(191)) - OMDoubleBuffer flush thread OMDoubleBufferFlushThread is interrupted and will exit. OMDoubleBufferFlushThread
2019-09-20 08:38:06,756 [Thread-791] INFO  utils.BackgroundService (BackgroundService.java:shutdown(148)) - Shutting down service KeyDeletingService
2019-09-20 08:38:06,757 [Thread-791] INFO  handler.ContextHandler (ContextHandler.java:doStop(910)) - Stopped o.e.j.w.WebAppContext@2b8dd554{/,null,UNAVAILABLE}{/ozoneManager}
2019-09-20 08:38:06,758 [Thread-791] INFO  server.AbstractConnector (AbstractConnector.java:doStop(318)) - Stopped ServerConnector@5ef6e7f1{HTTP/1.1,[http/1.1]}{0.0.0.0:0}
2019-09-20 08:38:06,758 [Thread-791] INFO  handler.ContextHandler (ContextHandler.java:doStop(910)) - Stopped o.e.j.s.ServletContextHandler@7b5fc20{/static,jar:file:/home/user/.m2/repository/org/apache/hadoop/hadoop-ozone-ozone-manager/0.5.0-SNAPSHOT/hadoop-ozone-ozone-manager-0.5.0-SNAPSHOT.jar!/webapps/static,UNAVAILABLE}
2019-09-20 08:38:06,758 [Thread-791] INFO  handler.ContextHandler (ContextHandler.java:doStop(910)) - Stopped o.e.j.s.ServletContextHandler@7270ef70{/logs,file:///workdir/hadoop-ozone/ozonefs/target/log,UNAVAILABLE}
2019-09-20 08:38:06,762 [Thread-791] INFO  ozone.MiniOzoneClusterImpl (MiniOzoneClusterImpl.java:stop(344)) - Shutting the HddsDatanodes
2019-09-20 08:38:06,763 [Thread-791] INFO  datanode.ObjectStoreHandler (ObjectStoreHandler.java:close(155)) - Closing ObjectStoreHandler.
2019-09-20 08:38:06,763 [ForkJoinPool.commonPool-worker-1] INFO  datanode.ObjectStoreHandler (ObjectStoreHandler.java:close(155)) - Closing ObjectStoreHandler.
2019-09-20 08:38:06,763 [Thread-791] INFO  ozone.HddsDatanodeService (HddsDatanodeService.java:stop(451)) - Stopped plug-in org.apache.hadoop.ozone.web.OzoneHddsDatanodeService@10775b5c
2019-09-20 08:38:06,764 [ForkJoinPool.commonPool-worker-1] INFO  ozone.HddsDatanodeService (HddsDatanodeService.java:stop(451)) - Stopped plug-in org.apache.hadoop.ozone.web.OzoneHddsDatanodeService@71aae917
2019-09-20 08:38:07,048 [Datanode State Machine Thread - 0] INFO  statemachine.DatanodeStateMachine (DatanodeStateMachine.java:lambda$startDaemon$0(350)) - Ozone container server started.
2019-09-20 08:38:07,261 [Datanode State Machine Thread - 0] INFO  statemachine.DatanodeStateMachine (DatanodeStateMachine.java:lambda$startDaemon$0(350)) - Ozone container server started.
2019-09-20 08:38:07,484 | INFO  | SCMAudit | user=jenkins1000 | ip=192.168.36.79 | op=SEND_HEARTBEAT {datanodeUUID=2f8cca2b-bc23-4b5e-a61a-cdaaa212171f, command=[]} | ret=SUCCESS |  
2019-09-20 08:38:08,063 [Thread-963] INFO  container.ReplicationManager (ReplicationManager.java:start(151)) - Starting Replication Monitor Thread.
2019-09-20 08:38:08,065 [ReplicationMonitor] INFO  container.ReplicationManager (ReplicationManager.java:run(214)) - Replication Monitor Thread took 0 milliseconds for processing 0 containers.
2019-09-20 08:38:08,484 | INFO  | SCMAudit | user=jenkins1000 | ip=192.168.36.79 | op=SEND_HEARTBEAT {datanodeUUID=2f8cca2b-bc23-4b5e-a61a-cdaaa212171f, command=[]} | ret=SUCCESS |  
2019-09-20 08:38:09,483 | INFO  | SCMAudit | user=jenkins1000 | ip=192.168.36.79 | op=SEND_HEARTBEAT {datanodeUUID=2f8cca2b-bc23-4b5e-a61a-cdaaa212171f, command=[]} | ret=SUCCESS |  
2019-09-20 08:38:10,212 [Thread-965] INFO  impl.FollowerState (FollowerState.java:run(106)) - 8a49adf3-6e81-4a75-ab50-8f2c6e76bdc3:group-6C1062D9A251 changes to CANDIDATE, lastRpcTime:5083, electionTimeout:5083ms
2019-09-20 08:38:10,212 [Thread-965] INFO  impl.RoleInfo (RoleInfo.java:shutdownFollowerState(121)) - 8a49adf3-6e81-4a75-ab50-8f2c6e76bdc3: shutdown FollowerState
2019-09-20 08:38:10,212 [Thread-965] INFO  impl.RaftServerImpl (RaftServerImpl.java:setRole(171)) - 8a49adf3-6e81-4a75-ab50-8f2c6e76bdc3:group-6C1062D9A251 changes role from FOLLOWER to CANDIDATE at term 0 for changeToCandidate
2019-09-20 08:38:10,212 [Thread-965] INFO  impl.RoleInfo (RoleInfo.java:updateAndGet(143)) - 8a49adf3-6e81-4a75-ab50-8f2c6e76bdc3: start LeaderElection
2019-09-20 08:38:10,238 [8a49adf3-6e81-4a75-ab50-8f2c6e76bdc3:group-6C1062D9A251:LeaderElection48] INFO  impl.LeaderElection (LeaderElection.java:askForVotes(181)) - 8a49adf3-6e81-4a75-ab50-8f2c6e76bdc3:group-6C1062D9A251:LeaderElection48: begin an election at term 1 for -1: [8a49adf3-6e81-4a75-ab50-8f2c6e76bdc3:192.168.36.79:46226], old=null
2019-09-20 08:38:10,238 [8a49adf3-6e81-4a75-ab50-8f2c6e76bdc3:group-6C1062D9A251:LeaderElection48] INFO  impl.RoleInfo (RoleInfo.java:shutdownLeaderElection(134)) - 8a49adf3-6e81-4a75-ab50-8f2c6e76bdc3: shutdown LeaderElection
2019-09-20 08:38:10,238 [8a49adf3-6e81-4a75-ab50-8f2c6e76bdc3:group-6C1062D9A251:LeaderElection48] INFO  impl.RaftServerImpl (RaftServerImpl.java:setRole(171)) - 8a49adf3-6e81-4a75-ab50-8f2c6e76bdc3:group-6C1062D9A251 changes role from CANDIDATE to LEADER at term 1 for changeToLeader
2019-09-20 08:38:10,238 [8a49adf3-6e81-4a75-ab50-8f2c6e76bdc3:group-6C1062D9A251:LeaderElection48] INFO  impl.RaftServerImpl (ServerState.java:setLeader(263)) - 8a49adf3-6e81-4a75-ab50-8f2c6e76bdc3:group-6C1062D9A251 change Leader from null to 8a49adf3-6e81-4a75-ab50-8f2c6e76bdc3 at term 1 for becomeLeader, leader elected after 5115ms
2019-09-20 08:38:10,239 [8a49adf3-6e81-4a75-ab50-8f2c6e76bdc3:group-6C1062D9A251:LeaderElection48] INFO  server.RaftServerConfigKeys (ConfUtils.java:logGet(43)) - raft.server.staging.catchup.gap = 1000 (default)
2019-09-20 08:38:10,239 [8a49adf3-6e81-4a75-ab50-8f2c6e76bdc3:group-6C1062D9A251:LeaderElection48] INFO  server.RaftServerConfigKeys (ConfUtils.java:logGet(43)) - raft.server.rpc.sleep.time = 25ms (default)
2019-09-20 08:38:10,239 [8a49adf3-6e81-4a75-ab50-8f2c6e76bdc3:group-6C1062D9A251:LeaderElection48] INFO  server.RaftServerConfigKeys (ConfUtils.java:logGet(43)) - raft.server.write.element-limit = 4096 (default)
2019-09-20 08:38:10,239 [8a49adf3-6e81-4a75-ab50-8f2c6e76bdc3:group-6C1062D9A251:LeaderElection48] INFO  server.RaftServerConfigKeys (ConfUtils.java:logGet(43)) - raft.server.watch.timeout = 10s (default)
2019-09-20 08:38:10,239 [8a49adf3-6e81-4a75-ab50-8f2c6e76bdc3:group-6C1062D9A251:LeaderElection48] INFO  server.RaftServerConfigKeys (ConfUtils.java:logGet(43)) - raft.server.watch.timeout.denomination = 1s (default)
2019-09-20 08:38:10,240 [8a49adf3-6e81-4a75-ab50-8f2c6e76bdc3:group-6C1062D9A251:LeaderElection48] INFO  server.RaftServerConfigKeys (ConfUtils.java:logGet(43)) - raft.server.watch.element-limit = 65536 (default)
2019-09-20 08:38:10,240 [8a49adf3-6e81-4a75-ab50-8f2c6e76bdc3:group-6C1062D9A251:LeaderElection48] INFO  impl.RoleInfo (RoleInfo.java:updateAndGet(143)) - 8a49adf3-6e81-4a75-ab50-8f2c6e76bdc3: start LeaderState
2019-09-20 08:38:10,240 [8a49adf3-6e81-4a75-ab50-8f2c6e76bdc3:group-6C1062D9A251:LeaderElection48] INFO  segmented.SegmentedRaftLogWorker (SegmentedRaftLogWorker.java:startLogSegment(380)) - 8a49adf3-6e81-4a75-ab50-8f2c6e76bdc3-SegmentedRaftLogWorker:Storage Directory /workdir/hadoop-ozone/ozonefs/target/test-dir/MiniOzoneClusterImpl-1f915b72-7f2b-4803-b951-606f028ff0e9/datanode-0/data/ratis/fd470c41-c628-462b-8526-6c1062d9a251: Starting segment from index:0
2019-09-20 08:38:10,241 [8a49adf3-6e81-4a75-ab50-8f2c6e76bdc3:group-6C1062D9A251:LeaderElection48] INFO  impl.RaftServerImpl (ServerState.java:setRaftConf(361)) - 8a49adf3-6e81-4a75-ab50-8f2c6e76bdc3:group-6C1062D9A251 set configuration 0: [8a49adf3-6e81-4a75-ab50-8f2c6e76bdc3:192.168.36.79:46226], old=null at 0
2019-09-20 08:38:10,298 [8a49adf3-6e81-4a75-ab50-8f2c6e76bdc3-SegmentedRaftLogWorker:Storage Directory /workdir/hadoop-ozone/ozonefs/target/test-dir/MiniOzoneClusterImpl-1f915b72-7f2b-4803-b951-606f028ff0e9/datanode-0/data/ratis/fd470c41-c628-462b-8526-6c1062d9a251] INFO  segmented.SegmentedRaftLogWorker (SegmentedRaftLogWorker.java:execute(569)) - 8a49adf3-6e81-4a75-ab50-8f2c6e76bdc3-SegmentedRaftLogWorker:Storage Directory /workdir/hadoop-ozone/ozonefs/target/test-dir/MiniOzoneClusterImpl-1f915b72-7f2b-4803-b951-606f028ff0e9/datanode-0/data/ratis/fd470c41-c628-462b-8526-6c1062d9a251: created new log segment /workdir/hadoop-ozone/ozonefs/target/test-dir/MiniOzoneClusterImpl-1f915b72-7f2b-4803-b951-606f028ff0e9/datanode-0/data/ratis/fd470c41-c628-462b-8526-6c1062d9a251/current/log_inprogress_0
2019-09-20 08:38:10,368 [Thread-968] INFO  impl.FollowerState (FollowerState.java:run(106)) - 8a49adf3-6e81-4a75-ab50-8f2c6e76bdc3:group-740A6BEA6513 changes to CANDIDATE, lastRpcTime:5179, electionTimeout:5179ms
2019-09-20 08:38:10,368 [Thread-968] INFO  impl.RoleInfo (RoleInfo.java:shutdownFollowerState(121)) - 8a49adf3-6e81-4a75-ab50-8f2c6e76bdc3: shutdown FollowerState
2019-09-20 08:38:10,368 [Thread-968] INFO  impl.RaftServerImpl (RaftServerImpl.java:setRole(171)) - 8a49adf3-6e81-4a75-ab50-8f2c6e76bdc3:group-740A6BEA6513 changes role from FOLLOWER to CANDIDATE at term 0 for changeToCandidate
2019-09-20 08:38:10,368 [Thread-968] INFO  impl.RoleInfo (RoleInfo.java:updateAndGet(143)) - 8a49adf3-6e81-4a75-ab50-8f2c6e76bdc3: start LeaderElection
2019-09-20 08:38:10,380 [Thread-971] INFO  impl.FollowerState (FollowerState.java:run(106)) - 8a49adf3-6e81-4a75-ab50-8f2c6e76bdc3:group-BA44C97ABDEE changes to CANDIDATE, lastRpcTime:5116, electionTimeout:5116ms
2019-09-20 08:38:10,380 [Thread-971] INFO  impl.RoleInfo (RoleInfo.java:shutdownFollowerState(121)) - 8a49adf3-6e81-4a75-ab50-8f2c6e76bdc3: shutdown FollowerState
2019-09-20 08:38:10,380 [Thread-971] INFO  impl.RaftServerImpl (RaftServerImpl.java:setRole(171)) - 8a49adf3-6e81-4a75-ab50-8f2c6e76bdc3:group-BA44C97ABDEE changes role from FOLLOWER to CANDIDATE at term 0 for changeToCandidate
2019-09-20 08:38:10,381 [Thread-971] INFO  impl.RoleInfo (RoleInfo.java:updateAndGet(143)) - 8a49adf3-6e81-4a75-ab50-8f2c6e76bdc3: start LeaderElection
2019-09-20 08:38:10,393 [8a49adf3-6e81-4a75-ab50-8f2c6e76bdc3:group-740A6BEA6513:LeaderElection49] INFO  impl.LeaderElection (LeaderElection.java:askForVotes(181)) - 8a49adf3-6e81-4a75-ab50-8f2c6e76bdc3:group-740A6BEA6513:LeaderElection49: begin an election at term 1 for -1: [8a49adf3-6e81-4a75-ab50-8f2c6e76bdc3:192.168.36.79:46226], old=null
2019-09-20 08:38:10,393 [8a49adf3-6e81-4a75-ab50-8f2c6e76bdc3:group-740A6BEA6513:LeaderElection49] INFO  impl.RoleInfo (RoleInfo.java:shutdownLeaderElection(134)) - 8a49adf3-6e81-4a75-ab50-8f2c6e76bdc3: shutdown LeaderElection
2019-09-20 08:38:10,393 [8a49adf3-6e81-4a75-ab50-8f2c6e76bdc3:group-740A6BEA6513:LeaderElection49] INFO  impl.RaftServerImpl (RaftServerImpl.java:setRole(171)) - 8a49adf3-6e81-4a75-ab50-8f2c6e76bdc3:group-740A6BEA6513 changes role from CANDIDATE to LEADER at term 1 for changeToLeader
2019-09-20 08:38:10,393 [8a49adf3-6e81-4a75-ab50-8f2c6e76bdc3:group-740A6BEA6513:LeaderElection49] INFO  impl.RaftServerImpl (ServerState.java:setLeader(263)) - 8a49adf3-6e81-4a75-ab50-8f2c6e76bdc3:group-740A6BEA6513 change Leader from null to 8a49adf3-6e81-4a75-ab50-8f2c6e76bdc3 at term 1 for becomeLeader, leader elected after 5208ms
2019-09-20 08:38:10,393 [8a49adf3-6e81-4a75-ab50-8f2c6e76bdc3:group-740A6BEA6513:LeaderElection49] INFO  server.RaftServerConfigKeys (ConfUtils.java:logGet(43)) - raft.server.staging.catchup.gap = 1000 (default)
2019-09-20 08:38:10,393 [8a49adf3-6e81-4a75-ab50-8f2c6e76bdc3:group-740A6BEA6513:LeaderElection49] INFO  server.RaftServerConfigKeys (ConfUtils.java:logGet(43)) - raft.server.rpc.sleep.time = 25ms (default)
2019-09-20 08:38:10,394 [8a49adf3-6e81-4a75-ab50-8f2c6e76bdc3:group-740A6BEA6513:LeaderElection49] INFO  server.RaftServerConfigKeys (ConfUtils.java:logGet(43)) - raft.server.write.element-limit = 4096 (default)
2019-09-20 08:38:10,394 [8a49adf3-6e81-4a75-ab50-8f2c6e76bdc3:group-740A6BEA6513:LeaderElection49] INFO  server.RaftServerConfigKeys (ConfUtils.java:logGet(43)) - raft.server.watch.timeout = 10s (default)
2019-09-20 08:38:10,394 [8a49adf3-6e81-4a75-ab50-8f2c6e76bdc3:group-740A6BEA6513:LeaderElection49] INFO  server.RaftServerConfigKeys (ConfUtils.java:logGet(43)) - raft.server.watch.timeout.denomination = 1s (default)
2019-09-20 08:38:10,394 [8a49adf3-6e81-4a75-ab50-8f2c6e76bdc3:group-740A6BEA6513:LeaderElection49] INFO  server.RaftServerConfigKeys (ConfUtils.java:logGet(43)) - raft.server.watch.element-limit = 65536 (default)
2019-09-20 08:38:10,394 [8a49adf3-6e81-4a75-ab50-8f2c6e76bdc3:group-740A6BEA6513:LeaderElection49] INFO  impl.RoleInfo (RoleInfo.java:updateAndGet(143)) - 8a49adf3-6e81-4a75-ab50-8f2c6e76bdc3: start LeaderState
2019-09-20 08:38:10,394 [8a49adf3-6e81-4a75-ab50-8f2c6e76bdc3:group-740A6BEA6513:LeaderElection49] INFO  segmented.SegmentedRaftLogWorker (SegmentedRaftLogWorker.java:startLogSegment(380)) - 8a49adf3-6e81-4a75-ab50-8f2c6e76bdc3-SegmentedRaftLogWorker:Storage Directory /workdir/hadoop-ozone/ozonefs/target/test-dir/MiniOzoneClusterImpl-1f915b72-7f2b-4803-b951-606f028ff0e9/datanode-0/data/ratis/954e3186-aa29-4339-9ce5-740a6bea6513: Starting segment from index:0
2019-09-20 08:38:10,395 [8a49adf3-6e81-4a75-ab50-8f2c6e76bdc3:group-740A6BEA6513:LeaderElection49] INFO  impl.RaftServerImpl (ServerState.java:setRaftConf(361)) - 8a49adf3-6e81-4a75-ab50-8f2c6e76bdc3:group-740A6BEA6513 set configuration 0: [8a49adf3-6e81-4a75-ab50-8f2c6e76bdc3:192.168.36.79:46226], old=null at 0
2019-09-20 08:38:10,409 [8a49adf3-6e81-4a75-ab50-8f2c6e76bdc3:group-BA44C97ABDEE:LeaderElection50] INFO  impl.LeaderElection (LeaderElection.java:askForVotes(181)) - 8a49adf3-6e81-4a75-ab50-8f2c6e76bdc3:group-BA44C97ABDEE:LeaderElection50: begin an election at term 1 for -1: [8a49adf3-6e81-4a75-ab50-8f2c6e76bdc3:192.168.36.79:46226], old=null
2019-09-20 08:38:10,410 [8a49adf3-6e81-4a75-ab50-8f2c6e76bdc3:group-BA44C97ABDEE:LeaderElection50] INFO  impl.RoleInfo (RoleInfo.java:shutdownLeaderElection(134)) - 8a49adf3-6e81-4a75-ab50-8f2c6e76bdc3: shutdown LeaderElection
2019-09-20 08:38:10,410 [8a49adf3-6e81-4a75-ab50-8f2c6e76bdc3:group-BA44C97ABDEE:LeaderElection50] INFO  impl.RaftServerImpl (RaftServerImpl.java:setRole(171)) - 8a49adf3-6e81-4a75-ab50-8f2c6e76bdc3:group-BA44C97ABDEE changes role from CANDIDATE to LEADER at term 1 for changeToLeader
2019-09-20 08:38:10,410 [8a49adf3-6e81-4a75-ab50-8f2c6e76bdc3:group-BA44C97ABDEE:LeaderElection50] INFO  impl.RaftServerImpl (ServerState.java:setLeader(263)) - 8a49adf3-6e81-4a75-ab50-8f2c6e76bdc3:group-BA44C97ABDEE change Leader from null to 8a49adf3-6e81-4a75-ab50-8f2c6e76bdc3 at term 1 for becomeLeader, leader elected after 5152ms
2019-09-20 08:38:10,410 [8a49adf3-6e81-4a75-ab50-8f2c6e76bdc3:group-BA44C97ABDEE:LeaderElection50] INFO  server.RaftServerConfigKeys (ConfUtils.java:logGet(43)) - raft.server.staging.catchup.gap = 1000 (default)
2019-09-20 08:38:10,410 [8a49adf3-6e81-4a75-ab50-8f2c6e76bdc3:group-BA44C97ABDEE:LeaderElection50] INFO  server.RaftServerConfigKeys (ConfUtils.java:logGet(43)) - raft.server.rpc.sleep.time = 25ms (default)
2019-09-20 08:38:10,410 [8a49adf3-6e81-4a75-ab50-8f2c6e76bdc3:group-BA44C97ABDEE:LeaderElection50] INFO  server.RaftServerConfigKeys (ConfUtils.java:logGet(43)) - raft.server.write.element-limit = 4096 (default)
2019-09-20 08:38:10,411 [8a49adf3-6e81-4a75-ab50-8f2c6e76bdc3:group-BA44C97ABDEE:LeaderElection50] INFO  server.RaftServerConfigKeys (ConfUtils.java:logGet(43)) - raft.server.watch.timeout = 10s (default)
2019-09-20 08:38:10,411 [8a49adf3-6e81-4a75-ab50-8f2c6e76bdc3:group-BA44C97ABDEE:LeaderElection50] INFO  server.RaftServerConfigKeys (ConfUtils.java:logGet(43)) - raft.server.watch.timeout.denomination = 1s (default)
2019-09-20 08:38:10,411 [8a49adf3-6e81-4a75-ab50-8f2c6e76bdc3:group-BA44C97ABDEE:LeaderElection50] INFO  server.RaftServerConfigKeys (ConfUtils.java:logGet(43)) - raft.server.watch.element-limit = 65536 (default)
2019-09-20 08:38:10,411 [8a49adf3-6e81-4a75-ab50-8f2c6e76bdc3:group-BA44C97ABDEE:LeaderElection50] INFO  impl.RoleInfo (RoleInfo.java:updateAndGet(143)) - 8a49adf3-6e81-4a75-ab50-8f2c6e76bdc3: start LeaderState
2019-09-20 08:38:10,412 [8a49adf3-6e81-4a75-ab50-8f2c6e76bdc3:group-BA44C97ABDEE:LeaderElection50] INFO  segmented.SegmentedRaftLogWorker (SegmentedRaftLogWorker.java:startLogSegment(380)) - 8a49adf3-6e81-4a75-ab50-8f2c6e76bdc3-SegmentedRaftLogWorker:Storage Directory /workdir/hadoop-ozone/ozonefs/target/test-dir/MiniOzoneClusterImpl-1f915b72-7f2b-4803-b951-606f028ff0e9/datanode-0/data/ratis/3b9282af-c4ad-4f75-b113-ba44c97abdee: Starting segment from index:0
2019-09-20 08:38:10,412 [8a49adf3-6e81-4a75-ab50-8f2c6e76bdc3:group-BA44C97ABDEE:LeaderElection50] INFO  impl.RaftServerImpl (ServerState.java:setRaftConf(361)) - 8a49adf3-6e81-4a75-ab50-8f2c6e76bdc3:group-BA44C97ABDEE set configuration 0: [8a49adf3-6e81-4a75-ab50-8f2c6e76bdc3:192.168.36.79:46226], old=null at 0
2019-09-20 08:38:10,448 [8a49adf3-6e81-4a75-ab50-8f2c6e76bdc3-SegmentedRaftLogWorker:Storage Directory /workdir/hadoop-ozone/ozonefs/target/test-dir/MiniOzoneClusterImpl-1f915b72-7f2b-4803-b951-606f028ff0e9/datanode-0/data/ratis/954e3186-aa29-4339-9ce5-740a6bea6513] INFO  segmented.SegmentedRaftLogWorker (SegmentedRaftLogWorker.java:execute(569)) - 8a49adf3-6e81-4a75-ab50-8f2c6e76bdc3-SegmentedRaftLogWorker:Storage Directory /workdir/hadoop-ozone/ozonefs/target/test-dir/MiniOzoneClusterImpl-1f915b72-7f2b-4803-b951-606f028ff0e9/datanode-0/data/ratis/954e3186-aa29-4339-9ce5-740a6bea6513: created new log segment /workdir/hadoop-ozone/ozonefs/target/test-dir/MiniOzoneClusterImpl-1f915b72-7f2b-4803-b951-606f028ff0e9/datanode-0/data/ratis/954e3186-aa29-4339-9ce5-740a6bea6513/current/log_inprogress_0
2019-09-20 08:38:10,463 [Thread-974] INFO  impl.FollowerState (FollowerState.java:run(106)) - 8a49adf3-6e81-4a75-ab50-8f2c6e76bdc3:group-F227561E6AA0 changes to CANDIDATE, lastRpcTime:5124, electionTimeout:5124ms
2019-09-20 08:38:10,463 [Thread-974] INFO  impl.RoleInfo (RoleInfo.java:shutdownFollowerState(121)) - 8a49adf3-6e81-4a75-ab50-8f2c6e76bdc3: shutdown FollowerState
2019-09-20 08:38:10,463 [Thread-974] INFO  impl.RaftServerImpl (RaftServerImpl.java:setRole(171)) - 8a49adf3-6e81-4a75-ab50-8f2c6e76bdc3:group-F227561E6AA0 changes role from FOLLOWER to CANDIDATE at term 0 for changeToCandidate
2019-09-20 08:38:10,464 [Thread-974] INFO  impl.RoleInfo (RoleInfo.java:updateAndGet(143)) - 8a49adf3-6e81-4a75-ab50-8f2c6e76bdc3: start LeaderElection
2019-09-20 08:38:10,467 [8a49adf3-6e81-4a75-ab50-8f2c6e76bdc3-SegmentedRaftLogWorker:Storage Directory /workdir/hadoop-ozone/ozonefs/target/test-dir/MiniOzoneClusterImpl-1f915b72-7f2b-4803-b951-606f028ff0e9/datanode-0/data/ratis/3b9282af-c4ad-4f75-b113-ba44c97abdee] INFO  segmented.SegmentedRaftLogWorker (SegmentedRaftLogWorker.java:execute(569)) - 8a49adf3-6e81-4a75-ab50-8f2c6e76bdc3-SegmentedRaftLogWorker:Storage Directory /workdir/hadoop-ozone/ozonefs/target/test-dir/MiniOzoneClusterImpl-1f915b72-7f2b-4803-b951-606f028ff0e9/datanode-0/data/ratis/3b9282af-c4ad-4f75-b113-ba44c97abdee: created new log segment /workdir/hadoop-ozone/ozonefs/target/test-dir/MiniOzoneClusterImpl-1f915b72-7f2b-4803-b951-606f028ff0e9/datanode-0/data/ratis/3b9282af-c4ad-4f75-b113-ba44c97abdee/current/log_inprogress_0
2019-09-20 08:38:10,484 | INFO  | SCMAudit | user=jenkins1000 | ip=192.168.36.79 | op=SEND_HEARTBEAT {datanodeUUID=2f8cca2b-bc23-4b5e-a61a-cdaaa212171f, command=[]} | ret=SUCCESS |  
2019-09-20 08:38:10,485 [8a49adf3-6e81-4a75-ab50-8f2c6e76bdc3:group-F227561E6AA0:LeaderElection51] INFO  impl.LeaderElection (LeaderElection.java:askForVotes(181)) - 8a49adf3-6e81-4a75-ab50-8f2c6e76bdc3:group-F227561E6AA0:LeaderElection51: begin an election at term 1 for -1: [8a49adf3-6e81-4a75-ab50-8f2c6e76bdc3:192.168.36.79:46226], old=null
2019-09-20 08:38:10,485 [8a49adf3-6e81-4a75-ab50-8f2c6e76bdc3:group-F227561E6AA0:LeaderElection51] INFO  impl.RoleInfo (RoleInfo.java:shutdownLeaderElection(134)) - 8a49adf3-6e81-4a75-ab50-8f2c6e76bdc3: shutdown LeaderElection
2019-09-20 08:38:10,485 [8a49adf3-6e81-4a75-ab50-8f2c6e76bdc3:group-F227561E6AA0:LeaderElection51] INFO  impl.RaftServerImpl (RaftServerImpl.java:setRole(171)) - 8a49adf3-6e81-4a75-ab50-8f2c6e76bdc3:group-F227561E6AA0 changes role from CANDIDATE to LEADER at term 1 for changeToLeader
2019-09-20 08:38:10,485 [8a49adf3-6e81-4a75-ab50-8f2c6e76bdc3:group-F227561E6AA0:LeaderElection51] INFO  impl.RaftServerImpl (ServerState.java:setLeader(263)) - 8a49adf3-6e81-4a75-ab50-8f2c6e76bdc3:group-F227561E6AA0 change Leader from null to 8a49adf3-6e81-4a75-ab50-8f2c6e76bdc3 at term 1 for becomeLeader, leader elected after 5151ms
2019-09-20 08:38:10,486 [8a49adf3-6e81-4a75-ab50-8f2c6e76bdc3:group-F227561E6AA0:LeaderElection51] INFO  server.RaftServerConfigKeys (ConfUtils.java:logGet(43)) - raft.server.staging.catchup.gap = 1000 (default)
2019-09-20 08:38:10,486 [8a49adf3-6e81-4a75-ab50-8f2c6e76bdc3:group-F227561E6AA0:LeaderElection51] INFO  server.RaftServerConfigKeys (ConfUtils.java:logGet(43)) - raft.server.rpc.sleep.time = 25ms (default)
2019-09-20 08:38:10,486 [8a49adf3-6e81-4a75-ab50-8f2c6e76bdc3:group-F227561E6AA0:LeaderElection51] INFO  server.RaftServerConfigKeys (ConfUtils.java:logGet(43)) - raft.server.write.element-limit = 4096 (default)
2019-09-20 08:38:10,486 [8a49adf3-6e81-4a75-ab50-8f2c6e76bdc3:group-F227561E6AA0:LeaderElection51] INFO  server.RaftServerConfigKeys (ConfUtils.java:logGet(43)) - raft.server.watch.timeout = 10s (default)
2019-09-20 08:38:10,486 [8a49adf3-6e81-4a75-ab50-8f2c6e76bdc3:group-F227561E6AA0:LeaderElection51] INFO  server.RaftServerConfigKeys (ConfUtils.java:logGet(43)) - raft.server.watch.timeout.denomination = 1s (default)
2019-09-20 08:38:10,486 [8a49adf3-6e81-4a75-ab50-8f2c6e76bdc3:group-F227561E6AA0:LeaderElection51] INFO  server.RaftServerConfigKeys (ConfUtils.java:logGet(43)) - raft.server.watch.element-limit = 65536 (default)
2019-09-20 08:38:10,487 [8a49adf3-6e81-4a75-ab50-8f2c6e76bdc3:group-F227561E6AA0:LeaderElection51] INFO  impl.RoleInfo (RoleInfo.java:updateAndGet(143)) - 8a49adf3-6e81-4a75-ab50-8f2c6e76bdc3: start LeaderState
2019-09-20 08:38:10,487 [8a49adf3-6e81-4a75-ab50-8f2c6e76bdc3:group-F227561E6AA0:LeaderElection51] INFO  segmented.SegmentedRaftLogWorker (SegmentedRaftLogWorker.java:startLogSegment(380)) - 8a49adf3-6e81-4a75-ab50-8f2c6e76bdc3-SegmentedRaftLogWorker:Storage Directory /workdir/hadoop-ozone/ozonefs/target/test-dir/MiniOzoneClusterImpl-1f915b72-7f2b-4803-b951-606f028ff0e9/datanode-0/data/ratis/a20546fb-9870-4304-ad5f-f227561e6aa0: Starting segment from index:0
2019-09-20 08:38:10,488 [8a49adf3-6e81-4a75-ab50-8f2c6e76bdc3:group-F227561E6AA0:LeaderElection51] INFO  impl.RaftServerImpl (ServerState.java:setRaftConf(361)) - 8a49adf3-6e81-4a75-ab50-8f2c6e76bdc3:group-F227561E6AA0 set configuration 0: [8a49adf3-6e81-4a75-ab50-8f2c6e76bdc3:192.168.36.79:46226], old=null at 0
2019-09-20 08:38:10,565 [8a49adf3-6e81-4a75-ab50-8f2c6e76bdc3-SegmentedRaftLogWorker:Storage Directory /workdir/hadoop-ozone/ozonefs/target/test-dir/MiniOzoneClusterImpl-1f915b72-7f2b-4803-b951-606f028ff0e9/datanode-0/data/ratis/a20546fb-9870-4304-ad5f-f227561e6aa0] INFO  segmented.SegmentedRaftLogWorker (SegmentedRaftLogWorker.java:execute(569)) - 8a49adf3-6e81-4a75-ab50-8f2c6e76bdc3-SegmentedRaftLogWorker:Storage Directory /workdir/hadoop-ozone/ozonefs/target/test-dir/MiniOzoneClusterImpl-1f915b72-7f2b-4803-b951-606f028ff0e9/datanode-0/data/ratis/a20546fb-9870-4304-ad5f-f227561e6aa0: created new log segment /workdir/hadoop-ozone/ozonefs/target/test-dir/MiniOzoneClusterImpl-1f915b72-7f2b-4803-b951-606f028ff0e9/datanode-0/data/ratis/a20546fb-9870-4304-ad5f-f227561e6aa0/current/log_inprogress_0
2019-09-20 08:38:10,606 [Thread-980] INFO  impl.FollowerState (FollowerState.java:run(106)) - 5bfa0e55-6e65-4c9d-a9d6-a9b1c265a83f:group-12F1FF0A02E8 changes to CANDIDATE, lastRpcTime:5106, electionTimeout:5106ms
2019-09-20 08:38:10,606 [Thread-980] INFO  impl.RoleInfo (RoleInfo.java:shutdownFollowerState(121)) - 5bfa0e55-6e65-4c9d-a9d6-a9b1c265a83f: shutdown FollowerState
2019-09-20 08:38:10,606 [Thread-980] INFO  impl.RaftServerImpl (RaftServerImpl.java:setRole(171)) - 5bfa0e55-6e65-4c9d-a9d6-a9b1c265a83f:group-12F1FF0A02E8 changes role from FOLLOWER to CANDIDATE at term 0 for changeToCandidate
2019-09-20 08:38:10,606 [Thread-980] INFO  impl.RoleInfo (RoleInfo.java:updateAndGet(143)) - 5bfa0e55-6e65-4c9d-a9d6-a9b1c265a83f: start LeaderElection
2019-09-20 08:38:10,630 [Thread-977] INFO  impl.FollowerState (FollowerState.java:run(106)) - 8a49adf3-6e81-4a75-ab50-8f2c6e76bdc3:group-80BB40189F1A changes to CANDIDATE, lastRpcTime:5190, electionTimeout:5190ms
2019-09-20 08:38:10,630 [Thread-977] INFO  impl.RoleInfo (RoleInfo.java:shutdownFollowerState(121)) - 8a49adf3-6e81-4a75-ab50-8f2c6e76bdc3: shutdown FollowerState
2019-09-20 08:38:10,630 [Thread-977] INFO  impl.RaftServerImpl (RaftServerImpl.java:setRole(171)) - 8a49adf3-6e81-4a75-ab50-8f2c6e76bdc3:group-80BB40189F1A changes role from FOLLOWER to CANDIDATE at term 0 for changeToCandidate
2019-09-20 08:38:10,630 [Thread-977] INFO  impl.RoleInfo (RoleInfo.java:updateAndGet(143)) - 8a49adf3-6e81-4a75-ab50-8f2c6e76bdc3: start LeaderElection
2019-09-20 08:38:10,633 [5bfa0e55-6e65-4c9d-a9d6-a9b1c265a83f:group-12F1FF0A02E8:LeaderElection52] INFO  impl.LeaderElection (LeaderElection.java:askForVotes(181)) - 5bfa0e55-6e65-4c9d-a9d6-a9b1c265a83f:group-12F1FF0A02E8:LeaderElection52: begin an election at term 1 for -1: [5bfa0e55-6e65-4c9d-a9d6-a9b1c265a83f:192.168.36.79:36439], old=null
2019-09-20 08:38:10,633 [5bfa0e55-6e65-4c9d-a9d6-a9b1c265a83f:group-12F1FF0A02E8:LeaderElection52] INFO  impl.RoleInfo (RoleInfo.java:shutdownLeaderElection(134)) - 5bfa0e55-6e65-4c9d-a9d6-a9b1c265a83f: shutdown LeaderElection
2019-09-20 08:38:10,633 [5bfa0e55-6e65-4c9d-a9d6-a9b1c265a83f:group-12F1FF0A02E8:LeaderElection52] INFO  impl.RaftServerImpl (RaftServerImpl.java:setRole(171)) - 5bfa0e55-6e65-4c9d-a9d6-a9b1c265a83f:group-12F1FF0A02E8 changes role from CANDIDATE to LEADER at term 1 for changeToLeader
2019-09-20 08:38:10,633 [5bfa0e55-6e65-4c9d-a9d6-a9b1c265a83f:group-12F1FF0A02E8:LeaderElection52] INFO  impl.RaftServerImpl (ServerState.java:setLeader(263)) - 5bfa0e55-6e65-4c9d-a9d6-a9b1c265a83f:group-12F1FF0A02E8 change Leader from null to 5bfa0e55-6e65-4c9d-a9d6-a9b1c265a83f at term 1 for becomeLeader, leader elected after 5139ms
2019-09-20 08:38:10,633 [5bfa0e55-6e65-4c9d-a9d6-a9b1c265a83f:group-12F1FF0A02E8:LeaderElection52] INFO  server.RaftServerConfigKeys (ConfUtils.java:logGet(43)) - raft.server.staging.catchup.gap = 1000 (default)
2019-09-20 08:38:10,634 [5bfa0e55-6e65-4c9d-a9d6-a9b1c265a83f:group-12F1FF0A02E8:LeaderElection52] INFO  server.RaftServerConfigKeys (ConfUtils.java:logGet(43)) - raft.server.rpc.sleep.time = 25ms (default)
2019-09-20 08:38:10,634 [5bfa0e55-6e65-4c9d-a9d6-a9b1c265a83f:group-12F1FF0A02E8:LeaderElection52] INFO  server.RaftServerConfigKeys (ConfUtils.java:logGet(43)) - raft.server.write.element-limit = 4096 (default)
2019-09-20 08:38:10,634 [5bfa0e55-6e65-4c9d-a9d6-a9b1c265a83f:group-12F1FF0A02E8:LeaderElection52] INFO  server.RaftServerConfigKeys (ConfUtils.java:logGet(43)) - raft.server.watch.timeout = 10s (default)
2019-09-20 08:38:10,634 [5bfa0e55-6e65-4c9d-a9d6-a9b1c265a83f:group-12F1FF0A02E8:LeaderElection52] INFO  server.RaftServerConfigKeys (ConfUtils.java:logGet(43)) - raft.server.watch.timeout.denomination = 1s (default)
2019-09-20 08:38:10,634 [5bfa0e55-6e65-4c9d-a9d6-a9b1c265a83f:group-12F1FF0A02E8:LeaderElection52] INFO  server.RaftServerConfigKeys (ConfUtils.java:logGet(43)) - raft.server.watch.element-limit = 65536 (default)
2019-09-20 08:38:10,635 [5bfa0e55-6e65-4c9d-a9d6-a9b1c265a83f:group-12F1FF0A02E8:LeaderElection52] INFO  impl.RoleInfo (RoleInfo.java:updateAndGet(143)) - 5bfa0e55-6e65-4c9d-a9d6-a9b1c265a83f: start LeaderState
2019-09-20 08:38:10,635 [5bfa0e55-6e65-4c9d-a9d6-a9b1c265a83f:group-12F1FF0A02E8:LeaderElection52] INFO  segmented.SegmentedRaftLogWorker (SegmentedRaftLogWorker.java:startLogSegment(380)) - 5bfa0e55-6e65-4c9d-a9d6-a9b1c265a83f-SegmentedRaftLogWorker:Storage Directory /workdir/hadoop-ozone/ozonefs/target/test-dir/MiniOzoneClusterImpl-1f915b72-7f2b-4803-b951-606f028ff0e9/datanode-1/data/ratis/03bb5b8e-be2f-49b7-bff0-12f1ff0a02e8: Starting segment from index:0
2019-09-20 08:38:10,636 [5bfa0e55-6e65-4c9d-a9d6-a9b1c265a83f:group-12F1FF0A02E8:LeaderElection52] INFO  impl.RaftServerImpl (ServerState.java:setRaftConf(361)) - 5bfa0e55-6e65-4c9d-a9d6-a9b1c265a83f:group-12F1FF0A02E8 set configuration 0: [5bfa0e55-6e65-4c9d-a9d6-a9b1c265a83f:192.168.36.79:36439], old=null at 0
2019-09-20 08:38:10,658 [8a49adf3-6e81-4a75-ab50-8f2c6e76bdc3:group-80BB40189F1A:LeaderElection53] INFO  impl.LeaderElection (LeaderElection.java:askForVotes(181)) - 8a49adf3-6e81-4a75-ab50-8f2c6e76bdc3:group-80BB40189F1A:LeaderElection53: begin an election at term 1 for -1: [8a49adf3-6e81-4a75-ab50-8f2c6e76bdc3:192.168.36.79:46226], old=null
2019-09-20 08:38:10,658 [8a49adf3-6e81-4a75-ab50-8f2c6e76bdc3:group-80BB40189F1A:LeaderElection53] INFO  impl.RoleInfo (RoleInfo.java:shutdownLeaderElection(134)) - 8a49adf3-6e81-4a75-ab50-8f2c6e76bdc3: shutdown LeaderElection
2019-09-20 08:38:10,658 [8a49adf3-6e81-4a75-ab50-8f2c6e76bdc3:group-80BB40189F1A:LeaderElection53] INFO  impl.RaftServerImpl (RaftServerImpl.java:setRole(171)) - 8a49adf3-6e81-4a75-ab50-8f2c6e76bdc3:group-80BB40189F1A changes role from CANDIDATE to LEADER at term 1 for changeToLeader
2019-09-20 08:38:10,658 [8a49adf3-6e81-4a75-ab50-8f2c6e76bdc3:group-80BB40189F1A:LeaderElection53] INFO  impl.RaftServerImpl (ServerState.java:setLeader(263)) - 8a49adf3-6e81-4a75-ab50-8f2c6e76bdc3:group-80BB40189F1A change Leader from null to 8a49adf3-6e81-4a75-ab50-8f2c6e76bdc3 at term 1 for becomeLeader, leader elected after 5223ms
2019-09-20 08:38:10,658 [8a49adf3-6e81-4a75-ab50-8f2c6e76bdc3:group-80BB40189F1A:LeaderElection53] INFO  server.RaftServerConfigKeys (ConfUtils.java:logGet(43)) - raft.server.staging.catchup.gap = 1000 (default)
2019-09-20 08:38:10,659 [8a49adf3-6e81-4a75-ab50-8f2c6e76bdc3:group-80BB40189F1A:LeaderElection53] INFO  server.RaftServerConfigKeys (ConfUtils.java:logGet(43)) - raft.server.rpc.sleep.time = 25ms (default)
2019-09-20 08:38:10,659 [8a49adf3-6e81-4a75-ab50-8f2c6e76bdc3:group-80BB40189F1A:LeaderElection53] INFO  server.RaftServerConfigKeys (ConfUtils.java:logGet(43)) - raft.server.write.element-limit = 4096 (default)
2019-09-20 08:38:10,659 [8a49adf3-6e81-4a75-ab50-8f2c6e76bdc3:group-80BB40189F1A:LeaderElection53] INFO  server.RaftServerConfigKeys (ConfUtils.java:logGet(43)) - raft.server.watch.timeout = 10s (default)
2019-09-20 08:38:10,659 [8a49adf3-6e81-4a75-ab50-8f2c6e76bdc3:group-80BB40189F1A:LeaderElection53] INFO  server.RaftServerConfigKeys (ConfUtils.java:logGet(43)) - raft.server.watch.timeout.denomination = 1s (default)
2019-09-20 08:38:10,659 [8a49adf3-6e81-4a75-ab50-8f2c6e76bdc3:group-80BB40189F1A:LeaderElection53] INFO  server.RaftServerConfigKeys (ConfUtils.java:logGet(43)) - raft.server.watch.element-limit = 65536 (default)
2019-09-20 08:38:10,660 [8a49adf3-6e81-4a75-ab50-8f2c6e76bdc3:group-80BB40189F1A:LeaderElection53] INFO  impl.RoleInfo (RoleInfo.java:updateAndGet(143)) - 8a49adf3-6e81-4a75-ab50-8f2c6e76bdc3: start LeaderState
2019-09-20 08:38:10,660 [8a49adf3-6e81-4a75-ab50-8f2c6e76bdc3:group-80BB40189F1A:LeaderElection53] INFO  segmented.SegmentedRaftLogWorker (SegmentedRaftLogWorker.java:startLogSegment(380)) - 8a49adf3-6e81-4a75-ab50-8f2c6e76bdc3-SegmentedRaftLogWorker:Storage Directory /workdir/hadoop-ozone/ozonefs/target/test-dir/MiniOzoneClusterImpl-1f915b72-7f2b-4803-b951-606f028ff0e9/datanode-0/data/ratis/c843b12d-cdfe-4e99-9eb5-80bb40189f1a: Starting segment from index:0
2019-09-20 08:38:10,660 [8a49adf3-6e81-4a75-ab50-8f2c6e76bdc3:group-80BB40189F1A:LeaderElection53] INFO  impl.RaftServerImpl (ServerState.java:setRaftConf(361)) - 8a49adf3-6e81-4a75-ab50-8f2c6e76bdc3:group-80BB40189F1A set configuration 0: [8a49adf3-6e81-4a75-ab50-8f2c6e76bdc3:192.168.36.79:46226], old=null at 0
2019-09-20 08:38:10,662 [Thread-983] INFO  impl.FollowerState (FollowerState.java:run(106)) - 8a49adf3-6e81-4a75-ab50-8f2c6e76bdc3:group-6F9F94C08E27 changes to CANDIDATE, lastRpcTime:5096, electionTimeout:5096ms
2019-09-20 08:38:10,662 [Thread-983] INFO  impl.RoleInfo (RoleInfo.java:shutdownFollowerState(121)) - 8a49adf3-6e81-4a75-ab50-8f2c6e76bdc3: shutdown FollowerState
2019-09-20 08:38:10,662 [Thread-983] INFO  impl.RaftServerImpl (RaftServerImpl.java:setRole(171)) - 8a49adf3-6e81-4a75-ab50-8f2c6e76bdc3:group-6F9F94C08E27 changes role from FOLLOWER to CANDIDATE at term 0 for changeToCandidate
2019-09-20 08:38:10,662 [Thread-983] INFO  impl.RoleInfo (RoleInfo.java:updateAndGet(143)) - 8a49adf3-6e81-4a75-ab50-8f2c6e76bdc3: start LeaderElection
2019-09-20 08:38:10,716 [8a49adf3-6e81-4a75-ab50-8f2c6e76bdc3-SegmentedRaftLogWorker:Storage Directory /workdir/hadoop-ozone/ozonefs/target/test-dir/MiniOzoneClusterImpl-1f915b72-7f2b-4803-b951-606f028ff0e9/datanode-0/data/ratis/c843b12d-cdfe-4e99-9eb5-80bb40189f1a] INFO  segmented.SegmentedRaftLogWorker (SegmentedRaftLogWorker.java:execute(569)) - 8a49adf3-6e81-4a75-ab50-8f2c6e76bdc3-SegmentedRaftLogWorker:Storage Directory /workdir/hadoop-ozone/ozonefs/target/test-dir/MiniOzoneClusterImpl-1f915b72-7f2b-4803-b951-606f028ff0e9/datanode-0/data/ratis/c843b12d-cdfe-4e99-9eb5-80bb40189f1a: created new log segment /workdir/hadoop-ozone/ozonefs/target/test-dir/MiniOzoneClusterImpl-1f915b72-7f2b-4803-b951-606f028ff0e9/datanode-0/data/ratis/c843b12d-cdfe-4e99-9eb5-80bb40189f1a/current/log_inprogress_0
2019-09-20 08:38:10,717 [8a49adf3-6e81-4a75-ab50-8f2c6e76bdc3:group-6F9F94C08E27:LeaderElection54] INFO  impl.LeaderElection (LeaderElection.java:askForVotes(181)) - 8a49adf3-6e81-4a75-ab50-8f2c6e76bdc3:group-6F9F94C08E27:LeaderElection54: begin an election at term 1 for -1: [8a49adf3-6e81-4a75-ab50-8f2c6e76bdc3:192.168.36.79:46226], old=null
2019-09-20 08:38:10,716 [5bfa0e55-6e65-4c9d-a9d6-a9b1c265a83f-SegmentedRaftLogWorker:Storage Directory /workdir/hadoop-ozone/ozonefs/target/test-dir/MiniOzoneClusterImpl-1f915b72-7f2b-4803-b951-606f028ff0e9/datanode-1/data/ratis/03bb5b8e-be2f-49b7-bff0-12f1ff0a02e8] INFO  segmented.SegmentedRaftLogWorker (SegmentedRaftLogWorker.java:execute(569)) - 5bfa0e55-6e65-4c9d-a9d6-a9b1c265a83f-SegmentedRaftLogWorker:Storage Directory /workdir/hadoop-ozone/ozonefs/target/test-dir/MiniOzoneClusterImpl-1f915b72-7f2b-4803-b951-606f028ff0e9/datanode-1/data/ratis/03bb5b8e-be2f-49b7-bff0-12f1ff0a02e8: created new log segment /workdir/hadoop-ozone/ozonefs/target/test-dir/MiniOzoneClusterImpl-1f915b72-7f2b-4803-b951-606f028ff0e9/datanode-1/data/ratis/03bb5b8e-be2f-49b7-bff0-12f1ff0a02e8/current/log_inprogress_0
2019-09-20 08:38:10,717 [8a49adf3-6e81-4a75-ab50-8f2c6e76bdc3:group-6F9F94C08E27:LeaderElection54] INFO  impl.RoleInfo (RoleInfo.java:shutdownLeaderElection(134)) - 8a49adf3-6e81-4a75-ab50-8f2c6e76bdc3: shutdown LeaderElection
2019-09-20 08:38:10,717 [8a49adf3-6e81-4a75-ab50-8f2c6e76bdc3:group-6F9F94C08E27:LeaderElection54] INFO  impl.RaftServerImpl (RaftServerImpl.java:setRole(171)) - 8a49adf3-6e81-4a75-ab50-8f2c6e76bdc3:group-6F9F94C08E27 changes role from CANDIDATE to LEADER at term 1 for changeToLeader
2019-09-20 08:38:10,717 [8a49adf3-6e81-4a75-ab50-8f2c6e76bdc3:group-6F9F94C08E27:LeaderElection54] INFO  impl.RaftServerImpl (ServerState.java:setLeader(263)) - 8a49adf3-6e81-4a75-ab50-8f2c6e76bdc3:group-6F9F94C08E27 change Leader from null to 8a49adf3-6e81-4a75-ab50-8f2c6e76bdc3 at term 1 for becomeLeader, leader elected after 5156ms
2019-09-20 08:38:10,718 [8a49adf3-6e81-4a75-ab50-8f2c6e76bdc3:group-6F9F94C08E27:LeaderElection54] INFO  server.RaftServerConfigKeys (ConfUtils.java:logGet(43)) - raft.server.staging.catchup.gap = 1000 (default)
2019-09-20 08:38:10,718 [8a49adf3-6e81-4a75-ab50-8f2c6e76bdc3:group-6F9F94C08E27:LeaderElection54] INFO  server.RaftServerConfigKeys (ConfUtils.java:logGet(43)) - raft.server.rpc.sleep.time = 25ms (default)
2019-09-20 08:38:10,718 [8a49adf3-6e81-4a75-ab50-8f2c6e76bdc3:group-6F9F94C08E27:LeaderElection54] INFO  server.RaftServerConfigKeys (ConfUtils.java:logGet(43)) - raft.server.write.element-limit = 4096 (default)
2019-09-20 08:38:10,718 [8a49adf3-6e81-4a75-ab50-8f2c6e76bdc3:group-6F9F94C08E27:LeaderElection54] INFO  server.RaftServerConfigKeys (ConfUtils.java:logGet(43)) - raft.server.watch.timeout = 10s (default)
2019-09-20 08:38:10,718 [8a49adf3-6e81-4a75-ab50-8f2c6e76bdc3:group-6F9F94C08E27:LeaderElection54] INFO  server.RaftServerConfigKeys (ConfUtils.java:logGet(43)) - raft.server.watch.timeout.denomination = 1s (default)
2019-09-20 08:38:10,718 [8a49adf3-6e81-4a75-ab50-8f2c6e76bdc3:group-6F9F94C08E27:LeaderElection54] INFO  server.RaftServerConfigKeys (ConfUtils.java:logGet(43)) - raft.server.watch.element-limit = 65536 (default)
2019-09-20 08:38:10,719 [8a49adf3-6e81-4a75-ab50-8f2c6e76bdc3:group-6F9F94C08E27:LeaderElection54] INFO  impl.RoleInfo (RoleInfo.java:updateAndGet(143)) - 8a49adf3-6e81-4a75-ab50-8f2c6e76bdc3: start LeaderState
2019-09-20 08:38:10,719 [8a49adf3-6e81-4a75-ab50-8f2c6e76bdc3:group-6F9F94C08E27:LeaderElection54] INFO  segmented.SegmentedRaftLogWorker (SegmentedRaftLogWorker.java:startLogSegment(380)) - 8a49adf3-6e81-4a75-ab50-8f2c6e76bdc3-SegmentedRaftLogWorker:Storage Directory /workdir/hadoop-ozone/ozonefs/target/test-dir/MiniOzoneClusterImpl-1f915b72-7f2b-4803-b951-606f028ff0e9/datanode-0/data/ratis/0669b78f-6bed-48eb-85a8-6f9f94c08e27: Starting segment from index:0
2019-09-20 08:38:10,719 [8a49adf3-6e81-4a75-ab50-8f2c6e76bdc3:group-6F9F94C08E27:LeaderElection54] INFO  impl.RaftServerImpl (ServerState.java:setRaftConf(361)) - 8a49adf3-6e81-4a75-ab50-8f2c6e76bdc3:group-6F9F94C08E27 set configuration 0: [8a49adf3-6e81-4a75-ab50-8f2c6e76bdc3:192.168.36.79:46226], old=null at 0
2019-09-20 08:38:10,783 [8a49adf3-6e81-4a75-ab50-8f2c6e76bdc3-SegmentedRaftLogWorker:Storage Directory /workdir/hadoop-ozone/ozonefs/target/test-dir/MiniOzoneClusterImpl-1f915b72-7f2b-4803-b951-606f028ff0e9/datanode-0/data/ratis/0669b78f-6bed-48eb-85a8-6f9f94c08e27] INFO  segmented.SegmentedRaftLogWorker (SegmentedRaftLogWorker.java:execute(569)) - 8a49adf3-6e81-4a75-ab50-8f2c6e76bdc3-SegmentedRaftLogWorker:Storage Directory /workdir/hadoop-ozone/ozonefs/target/test-dir/MiniOzoneClusterImpl-1f915b72-7f2b-4803-b951-606f028ff0e9/datanode-0/data/ratis/0669b78f-6bed-48eb-85a8-6f9f94c08e27: created new log segment /workdir/hadoop-ozone/ozonefs/target/test-dir/MiniOzoneClusterImpl-1f915b72-7f2b-4803-b951-606f028ff0e9/datanode-0/data/ratis/0669b78f-6bed-48eb-85a8-6f9f94c08e27/current/log_inprogress_0
2019-09-20 08:38:10,815 [Thread-986] INFO  impl.FollowerState (FollowerState.java:run(106)) - 2f8cca2b-bc23-4b5e-a61a-cdaaa212171f:group-0C3FEDB48FD0 changes to CANDIDATE, lastRpcTime:5164, electionTimeout:5164ms
2019-09-20 08:38:10,815 [Thread-986] INFO  impl.RoleInfo (RoleInfo.java:shutdownFollowerState(121)) - 2f8cca2b-bc23-4b5e-a61a-cdaaa212171f: shutdown FollowerState
2019-09-20 08:38:10,815 [Thread-986] INFO  impl.RaftServerImpl (RaftServerImpl.java:setRole(171)) - 2f8cca2b-bc23-4b5e-a61a-cdaaa212171f:group-0C3FEDB48FD0 changes role from FOLLOWER to CANDIDATE at term 0 for changeToCandidate
2019-09-20 08:38:10,816 [Thread-986] INFO  impl.RoleInfo (RoleInfo.java:updateAndGet(143)) - 2f8cca2b-bc23-4b5e-a61a-cdaaa212171f: start LeaderElection
2019-09-20 08:38:10,838 [Thread-989] INFO  impl.FollowerState (FollowerState.java:run(106)) - 5bfa0e55-6e65-4c9d-a9d6-a9b1c265a83f:group-6587745B51F5 changes to CANDIDATE, lastRpcTime:5120, electionTimeout:5120ms
2019-09-20 08:38:10,838 [Thread-989] INFO  impl.RoleInfo (RoleInfo.java:shutdownFollowerState(121)) - 5bfa0e55-6e65-4c9d-a9d6-a9b1c265a83f: shutdown FollowerState
2019-09-20 08:38:10,838 [Thread-989] INFO  impl.RaftServerImpl (RaftServerImpl.java:setRole(171)) - 5bfa0e55-6e65-4c9d-a9d6-a9b1c265a83f:group-6587745B51F5 changes role from FOLLOWER to CANDIDATE at term 0 for changeToCandidate
2019-09-20 08:38:10,839 [Thread-989] INFO  impl.RoleInfo (RoleInfo.java:updateAndGet(143)) - 5bfa0e55-6e65-4c9d-a9d6-a9b1c265a83f: start LeaderElection
2019-09-20 08:38:10,842 [2f8cca2b-bc23-4b5e-a61a-cdaaa212171f:group-0C3FEDB48FD0:LeaderElection55] INFO  impl.LeaderElection (LeaderElection.java:askForVotes(181)) - 2f8cca2b-bc23-4b5e-a61a-cdaaa212171f:group-0C3FEDB48FD0:LeaderElection55: begin an election at term 1 for -1: [2f8cca2b-bc23-4b5e-a61a-cdaaa212171f:192.168.36.79:42129], old=null
2019-09-20 08:38:10,842 [2f8cca2b-bc23-4b5e-a61a-cdaaa212171f:group-0C3FEDB48FD0:LeaderElection55] INFO  impl.RoleInfo (RoleInfo.java:shutdownLeaderElection(134)) - 2f8cca2b-bc23-4b5e-a61a-cdaaa212171f: shutdown LeaderElection
2019-09-20 08:38:10,843 [2f8cca2b-bc23-4b5e-a61a-cdaaa212171f:group-0C3FEDB48FD0:LeaderElection55] INFO  impl.RaftServerImpl (RaftServerImpl.java:setRole(171)) - 2f8cca2b-bc23-4b5e-a61a-cdaaa212171f:group-0C3FEDB48FD0 changes role from CANDIDATE to LEADER at term 1 for changeToLeader
2019-09-20 08:38:10,843 [2f8cca2b-bc23-4b5e-a61a-cdaaa212171f:group-0C3FEDB48FD0:LeaderElection55] INFO  impl.RaftServerImpl (ServerState.java:setLeader(263)) - 2f8cca2b-bc23-4b5e-a61a-cdaaa212171f:group-0C3FEDB48FD0 change Leader from null to 2f8cca2b-bc23-4b5e-a61a-cdaaa212171f at term 1 for becomeLeader, leader elected after 5197ms
2019-09-20 08:38:10,843 [2f8cca2b-bc23-4b5e-a61a-cdaaa212171f:group-0C3FEDB48FD0:LeaderElection55] INFO  server.RaftServerConfigKeys (ConfUtils.java:logGet(43)) - raft.server.staging.catchup.gap = 1000 (default)
2019-09-20 08:38:10,843 [2f8cca2b-bc23-4b5e-a61a-cdaaa212171f:group-0C3FEDB48FD0:LeaderElection55] INFO  server.RaftServerConfigKeys (ConfUtils.java:logGet(43)) - raft.server.rpc.sleep.time = 25ms (default)
2019-09-20 08:38:10,843 [2f8cca2b-bc23-4b5e-a61a-cdaaa212171f:group-0C3FEDB48FD0:LeaderElection55] INFO  server.RaftServerConfigKeys (ConfUtils.java:logGet(43)) - raft.server.write.element-limit = 4096 (default)
2019-09-20 08:38:10,843 [2f8cca2b-bc23-4b5e-a61a-cdaaa212171f:group-0C3FEDB48FD0:LeaderElection55] INFO  server.RaftServerConfigKeys (ConfUtils.java:logGet(43)) - raft.server.watch.timeout = 10s (default)
2019-09-20 08:38:10,843 [2f8cca2b-bc23-4b5e-a61a-cdaaa212171f:group-0C3FEDB48FD0:LeaderElection55] INFO  server.RaftServerConfigKeys (ConfUtils.java:logGet(43)) - raft.server.watch.timeout.denomination = 1s (default)
2019-09-20 08:38:10,843 [2f8cca2b-bc23-4b5e-a61a-cdaaa212171f:group-0C3FEDB48FD0:LeaderElection55] INFO  server.RaftServerConfigKeys (ConfUtils.java:logGet(43)) - raft.server.watch.element-limit = 65536 (default)
2019-09-20 08:38:10,844 [2f8cca2b-bc23-4b5e-a61a-cdaaa212171f:group-0C3FEDB48FD0:LeaderElection55] INFO  impl.RoleInfo (RoleInfo.java:updateAndGet(143)) - 2f8cca2b-bc23-4b5e-a61a-cdaaa212171f: start LeaderState
2019-09-20 08:38:10,844 [2f8cca2b-bc23-4b5e-a61a-cdaaa212171f:group-0C3FEDB48FD0:LeaderElection55] INFO  segmented.SegmentedRaftLogWorker (SegmentedRaftLogWorker.java:startLogSegment(380)) - 2f8cca2b-bc23-4b5e-a61a-cdaaa212171f-SegmentedRaftLogWorker:Storage Directory /workdir/hadoop-ozone/ozonefs/target/test-dir/MiniOzoneClusterImpl-1f915b72-7f2b-4803-b951-606f028ff0e9/datanode-2/data/ratis/389a7d56-cc4d-467b-90a8-0c3fedb48fd0: Starting segment from index:0
2019-09-20 08:38:10,845 [2f8cca2b-bc23-4b5e-a61a-cdaaa212171f:group-0C3FEDB48FD0:LeaderElection55] INFO  impl.RaftServerImpl (ServerState.java:setRaftConf(361)) - 2f8cca2b-bc23-4b5e-a61a-cdaaa212171f:group-0C3FEDB48FD0 set configuration 0: [2f8cca2b-bc23-4b5e-a61a-cdaaa212171f:192.168.36.79:42129], old=null at 0
2019-09-20 08:38:10,859 [5bfa0e55-6e65-4c9d-a9d6-a9b1c265a83f:group-6587745B51F5:LeaderElection56] INFO  impl.LeaderElection (LeaderElection.java:askForVotes(181)) - 5bfa0e55-6e65-4c9d-a9d6-a9b1c265a83f:group-6587745B51F5:LeaderElection56: begin an election at term 1 for -1: [5bfa0e55-6e65-4c9d-a9d6-a9b1c265a83f:192.168.36.79:36439], old=null
2019-09-20 08:38:10,860 [5bfa0e55-6e65-4c9d-a9d6-a9b1c265a83f:group-6587745B51F5:LeaderElection56] INFO  impl.RoleInfo (RoleInfo.java:shutdownLeaderElection(134)) - 5bfa0e55-6e65-4c9d-a9d6-a9b1c265a83f: shutdown LeaderElection
2019-09-20 08:38:10,860 [5bfa0e55-6e65-4c9d-a9d6-a9b1c265a83f:group-6587745B51F5:LeaderElection56] INFO  impl.RaftServerImpl (RaftServerImpl.java:setRole(171)) - 5bfa0e55-6e65-4c9d-a9d6-a9b1c265a83f:group-6587745B51F5 changes role from CANDIDATE to LEADER at term 1 for changeToLeader
2019-09-20 08:38:10,860 [5bfa0e55-6e65-4c9d-a9d6-a9b1c265a83f:group-6587745B51F5:LeaderElection56] INFO  impl.RaftServerImpl (ServerState.java:setLeader(263)) - 5bfa0e55-6e65-4c9d-a9d6-a9b1c265a83f:group-6587745B51F5 change Leader from null to 5bfa0e55-6e65-4c9d-a9d6-a9b1c265a83f at term 1 for becomeLeader, leader elected after 5147ms
2019-09-20 08:38:10,860 [5bfa0e55-6e65-4c9d-a9d6-a9b1c265a83f:group-6587745B51F5:LeaderElection56] INFO  server.RaftServerConfigKeys (ConfUtils.java:logGet(43)) - raft.server.staging.catchup.gap = 1000 (default)
2019-09-20 08:38:10,860 [5bfa0e55-6e65-4c9d-a9d6-a9b1c265a83f:group-6587745B51F5:LeaderElection56] INFO  server.RaftServerConfigKeys (ConfUtils.java:logGet(43)) - raft.server.rpc.sleep.time = 25ms (default)
2019-09-20 08:38:10,860 [5bfa0e55-6e65-4c9d-a9d6-a9b1c265a83f:group-6587745B51F5:LeaderElection56] INFO  server.RaftServerConfigKeys (ConfUtils.java:logGet(43)) - raft.server.write.element-limit = 4096 (default)
2019-09-20 08:38:10,861 [5bfa0e55-6e65-4c9d-a9d6-a9b1c265a83f:group-6587745B51F5:LeaderElection56] INFO  server.RaftServerConfigKeys (ConfUtils.java:logGet(43)) - raft.server.watch.timeout = 10s (default)
2019-09-20 08:38:10,861 [5bfa0e55-6e65-4c9d-a9d6-a9b1c265a83f:group-6587745B51F5:LeaderElection56] INFO  server.RaftServerConfigKeys (ConfUtils.java:logGet(43)) - raft.server.watch.timeout.denomination = 1s (default)
2019-09-20 08:38:10,861 [5bfa0e55-6e65-4c9d-a9d6-a9b1c265a83f:group-6587745B51F5:LeaderElection56] INFO  server.RaftServerConfigKeys (ConfUtils.java:logGet(43)) - raft.server.watch.element-limit = 65536 (default)
2019-09-20 08:38:10,861 [5bfa0e55-6e65-4c9d-a9d6-a9b1c265a83f:group-6587745B51F5:LeaderElection56] INFO  impl.RoleInfo (RoleInfo.java:updateAndGet(143)) - 5bfa0e55-6e65-4c9d-a9d6-a9b1c265a83f: start LeaderState
2019-09-20 08:38:10,861 [5bfa0e55-6e65-4c9d-a9d6-a9b1c265a83f:group-6587745B51F5:LeaderElection56] INFO  segmented.SegmentedRaftLogWorker (SegmentedRaftLogWorker.java:startLogSegment(380)) - 5bfa0e55-6e65-4c9d-a9d6-a9b1c265a83f-SegmentedRaftLogWorker:Storage Directory /workdir/hadoop-ozone/ozonefs/target/test-dir/MiniOzoneClusterImpl-1f915b72-7f2b-4803-b951-606f028ff0e9/datanode-1/data/ratis/6cae6f67-df77-410e-87b0-6587745b51f5: Starting segment from index:0
2019-09-20 08:38:10,862 [5bfa0e55-6e65-4c9d-a9d6-a9b1c265a83f:group-6587745B51F5:LeaderElection56] INFO  impl.RaftServerImpl (ServerState.java:setRaftConf(361)) - 5bfa0e55-6e65-4c9d-a9d6-a9b1c265a83f:group-6587745B51F5 set configuration 0: [5bfa0e55-6e65-4c9d-a9d6-a9b1c265a83f:192.168.36.79:36439], old=null at 0
2019-09-20 08:38:10,871 [Thread-992] INFO  impl.FollowerState (FollowerState.java:run(106)) - 5bfa0e55-6e65-4c9d-a9d6-a9b1c265a83f:group-968900B0C1C0 changes to CANDIDATE, lastRpcTime:5027, electionTimeout:5027ms
2019-09-20 08:38:10,871 [Thread-992] INFO  impl.RoleInfo (RoleInfo.java:shutdownFollowerState(121)) - 5bfa0e55-6e65-4c9d-a9d6-a9b1c265a83f: shutdown FollowerState
2019-09-20 08:38:10,871 [Thread-992] INFO  impl.RaftServerImpl (RaftServerImpl.java:setRole(171)) - 5bfa0e55-6e65-4c9d-a9d6-a9b1c265a83f:group-968900B0C1C0 changes role from FOLLOWER to CANDIDATE at term 0 for changeToCandidate
2019-09-20 08:38:10,872 [Thread-992] INFO  impl.RoleInfo (RoleInfo.java:updateAndGet(143)) - 5bfa0e55-6e65-4c9d-a9d6-a9b1c265a83f: start LeaderElection
2019-09-20 08:38:10,926 [2f8cca2b-bc23-4b5e-a61a-cdaaa212171f-SegmentedRaftLogWorker:Storage Directory /workdir/hadoop-ozone/ozonefs/target/test-dir/MiniOzoneClusterImpl-1f915b72-7f2b-4803-b951-606f028ff0e9/datanode-2/data/ratis/389a7d56-cc4d-467b-90a8-0c3fedb48fd0] INFO  segmented.SegmentedRaftLogWorker (SegmentedRaftLogWorker.java:execute(569)) - 2f8cca2b-bc23-4b5e-a61a-cdaaa212171f-SegmentedRaftLogWorker:Storage Directory /workdir/hadoop-ozone/ozonefs/target/test-dir/MiniOzoneClusterImpl-1f915b72-7f2b-4803-b951-606f028ff0e9/datanode-2/data/ratis/389a7d56-cc4d-467b-90a8-0c3fedb48fd0: created new log segment /workdir/hadoop-ozone/ozonefs/target/test-dir/MiniOzoneClusterImpl-1f915b72-7f2b-4803-b951-606f028ff0e9/datanode-2/data/ratis/389a7d56-cc4d-467b-90a8-0c3fedb48fd0/current/log_inprogress_0
2019-09-20 08:38:10,927 [5bfa0e55-6e65-4c9d-a9d6-a9b1c265a83f:group-968900B0C1C0:LeaderElection57] INFO  impl.LeaderElection (LeaderElection.java:askForVotes(181)) - 5bfa0e55-6e65-4c9d-a9d6-a9b1c265a83f:group-968900B0C1C0:LeaderElection57: begin an election at term 1 for -1: [5bfa0e55-6e65-4c9d-a9d6-a9b1c265a83f:192.168.36.79:36439], old=null
2019-09-20 08:38:10,926 [5bfa0e55-6e65-4c9d-a9d6-a9b1c265a83f-SegmentedRaftLogWorker:Storage Directory /workdir/hadoop-ozone/ozonefs/target/test-dir/MiniOzoneClusterImpl-1f915b72-7f2b-4803-b951-606f028ff0e9/datanode-1/data/ratis/6cae6f67-df77-410e-87b0-6587745b51f5] INFO  segmented.SegmentedRaftLogWorker (SegmentedRaftLogWorker.java:execute(569)) - 5bfa0e55-6e65-4c9d-a9d6-a9b1c265a83f-SegmentedRaftLogWorker:Storage Directory /workdir/hadoop-ozone/ozonefs/target/test-dir/MiniOzoneClusterImpl-1f915b72-7f2b-4803-b951-606f028ff0e9/datanode-1/data/ratis/6cae6f67-df77-410e-87b0-6587745b51f5: created new log segment /workdir/hadoop-ozone/ozonefs/target/test-dir/MiniOzoneClusterImpl-1f915b72-7f2b-4803-b951-606f028ff0e9/datanode-1/data/ratis/6cae6f67-df77-410e-87b0-6587745b51f5/current/log_inprogress_0
2019-09-20 08:38:10,927 [5bfa0e55-6e65-4c9d-a9d6-a9b1c265a83f:group-968900B0C1C0:LeaderElection57] INFO  impl.RoleInfo (RoleInfo.java:shutdownLeaderElection(134)) - 5bfa0e55-6e65-4c9d-a9d6-a9b1c265a83f: shutdown LeaderElection
2019-09-20 08:38:10,927 [5bfa0e55-6e65-4c9d-a9d6-a9b1c265a83f:group-968900B0C1C0:LeaderElection57] INFO  impl.RaftServerImpl (RaftServerImpl.java:setRole(171)) - 5bfa0e55-6e65-4c9d-a9d6-a9b1c265a83f:group-968900B0C1C0 changes role from CANDIDATE to LEADER at term 1 for changeToLeader
2019-09-20 08:38:10,927 [5bfa0e55-6e65-4c9d-a9d6-a9b1c265a83f:group-968900B0C1C0:LeaderElection57] INFO  impl.RaftServerImpl (ServerState.java:setLeader(263)) - 5bfa0e55-6e65-4c9d-a9d6-a9b1c265a83f:group-968900B0C1C0 change Leader from null to 5bfa0e55-6e65-4c9d-a9d6-a9b1c265a83f at term 1 for becomeLeader, leader elected after 5088ms
2019-09-20 08:38:10,928 [5bfa0e55-6e65-4c9d-a9d6-a9b1c265a83f:group-968900B0C1C0:LeaderElection57] INFO  server.RaftServerConfigKeys (ConfUtils.java:logGet(43)) - raft.server.staging.catchup.gap = 1000 (default)
2019-09-20 08:38:10,928 [5bfa0e55-6e65-4c9d-a9d6-a9b1c265a83f:group-968900B0C1C0:LeaderElection57] INFO  server.RaftServerConfigKeys (ConfUtils.java:logGet(43)) - raft.server.rpc.sleep.time = 25ms (default)
2019-09-20 08:38:10,928 [5bfa0e55-6e65-4c9d-a9d6-a9b1c265a83f:group-968900B0C1C0:LeaderElection57] INFO  server.RaftServerConfigKeys (ConfUtils.java:logGet(43)) - raft.server.write.element-limit = 4096 (default)
2019-09-20 08:38:10,928 [5bfa0e55-6e65-4c9d-a9d6-a9b1c265a83f:group-968900B0C1C0:LeaderElection57] INFO  server.RaftServerConfigKeys (ConfUtils.java:logGet(43)) - raft.server.watch.timeout = 10s (default)
2019-09-20 08:38:10,928 [5bfa0e55-6e65-4c9d-a9d6-a9b1c265a83f:group-968900B0C1C0:LeaderElection57] INFO  server.RaftServerConfigKeys (ConfUtils.java:logGet(43)) - raft.server.watch.timeout.denomination = 1s (default)
2019-09-20 08:38:10,928 [5bfa0e55-6e65-4c9d-a9d6-a9b1c265a83f:group-968900B0C1C0:LeaderElection57] INFO  server.RaftServerConfigKeys (ConfUtils.java:logGet(43)) - raft.server.watch.element-limit = 65536 (default)
2019-09-20 08:38:10,929 [5bfa0e55-6e65-4c9d-a9d6-a9b1c265a83f:group-968900B0C1C0:LeaderElection57] INFO  impl.RoleInfo (RoleInfo.java:updateAndGet(143)) - 5bfa0e55-6e65-4c9d-a9d6-a9b1c265a83f: start LeaderState
2019-09-20 08:38:10,929 [5bfa0e55-6e65-4c9d-a9d6-a9b1c265a83f:group-968900B0C1C0:LeaderElection57] INFO  segmented.SegmentedRaftLogWorker (SegmentedRaftLogWorker.java:startLogSegment(380)) - 5bfa0e55-6e65-4c9d-a9d6-a9b1c265a83f-SegmentedRaftLogWorker:Storage Directory /workdir/hadoop-ozone/ozonefs/target/test-dir/MiniOzoneClusterImpl-1f915b72-7f2b-4803-b951-606f028ff0e9/datanode-1/data/ratis/d3033f77-9075-4ac1-b447-968900b0c1c0: Starting segment from index:0
2019-09-20 08:38:10,930 [5bfa0e55-6e65-4c9d-a9d6-a9b1c265a83f:group-968900B0C1C0:LeaderElection57] INFO  impl.RaftServerImpl (ServerState.java:setRaftConf(361)) - 5bfa0e55-6e65-4c9d-a9d6-a9b1c265a83f:group-968900B0C1C0 set configuration 0: [5bfa0e55-6e65-4c9d-a9d6-a9b1c265a83f:192.168.36.79:36439], old=null at 0
2019-09-20 08:38:10,985 [5bfa0e55-6e65-4c9d-a9d6-a9b1c265a83f-SegmentedRaftLogWorker:Storage Directory /workdir/hadoop-ozone/ozonefs/target/test-dir/MiniOzoneClusterImpl-1f915b72-7f2b-4803-b951-606f028ff0e9/datanode-1/data/ratis/d3033f77-9075-4ac1-b447-968900b0c1c0] INFO  segmented.SegmentedRaftLogWorker (SegmentedRaftLogWorker.java:execute(569)) - 5bfa0e55-6e65-4c9d-a9d6-a9b1c265a83f-SegmentedRaftLogWorker:Storage Directory /workdir/hadoop-ozone/ozonefs/target/test-dir/MiniOzoneClusterImpl-1f915b72-7f2b-4803-b951-606f028ff0e9/datanode-1/data/ratis/d3033f77-9075-4ac1-b447-968900b0c1c0: created new log segment /workdir/hadoop-ozone/ozonefs/target/test-dir/MiniOzoneClusterImpl-1f915b72-7f2b-4803-b951-606f028ff0e9/datanode-1/data/ratis/d3033f77-9075-4ac1-b447-968900b0c1c0/current/log_inprogress_0
2019-09-20 08:38:11,038 [Thread-995] INFO  impl.FollowerState (FollowerState.java:run(106)) - 5bfa0e55-6e65-4c9d-a9d6-a9b1c265a83f:group-079493BCAA72 changes to CANDIDATE, lastRpcTime:5101, electionTimeout:5101ms
2019-09-20 08:38:11,038 [Thread-995] INFO  impl.RoleInfo (RoleInfo.java:shutdownFollowerState(121)) - 5bfa0e55-6e65-4c9d-a9d6-a9b1c265a83f: shutdown FollowerState
2019-09-20 08:38:11,038 [Thread-995] INFO  impl.RaftServerImpl (RaftServerImpl.java:setRole(171)) - 5bfa0e55-6e65-4c9d-a9d6-a9b1c265a83f:group-079493BCAA72 changes role from FOLLOWER to CANDIDATE at term 0 for changeToCandidate
2019-09-20 08:38:11,038 [Thread-995] INFO  impl.RoleInfo (RoleInfo.java:updateAndGet(143)) - 5bfa0e55-6e65-4c9d-a9d6-a9b1c265a83f: start LeaderElection
2019-09-20 08:38:11,082 [Thread-998] INFO  impl.FollowerState (FollowerState.java:run(106)) - 5bfa0e55-6e65-4c9d-a9d6-a9b1c265a83f:group-7790141D22C0 changes to CANDIDATE, lastRpcTime:5078, electionTimeout:5078ms
2019-09-20 08:38:11,082 [Thread-998] INFO  impl.RoleInfo (RoleInfo.java:shutdownFollowerState(121)) - 5bfa0e55-6e65-4c9d-a9d6-a9b1c265a83f: shutdown FollowerState
2019-09-20 08:38:11,082 [Thread-998] INFO  impl.RaftServerImpl (RaftServerImpl.java:setRole(171)) - 5bfa0e55-6e65-4c9d-a9d6-a9b1c265a83f:group-7790141D22C0 changes role from FOLLOWER to CANDIDATE at term 0 for changeToCandidate
2019-09-20 08:38:11,082 [Thread-998] INFO  impl.RoleInfo (RoleInfo.java:updateAndGet(143)) - 5bfa0e55-6e65-4c9d-a9d6-a9b1c265a83f: start LeaderElection
2019-09-20 08:38:11,086 [5bfa0e55-6e65-4c9d-a9d6-a9b1c265a83f:group-079493BCAA72:LeaderElection58] INFO  impl.LeaderElection (LeaderElection.java:askForVotes(181)) - 5bfa0e55-6e65-4c9d-a9d6-a9b1c265a83f:group-079493BCAA72:LeaderElection58: begin an election at term 1 for -1: [5bfa0e55-6e65-4c9d-a9d6-a9b1c265a83f:192.168.36.79:36439], old=null
2019-09-20 08:38:11,086 [5bfa0e55-6e65-4c9d-a9d6-a9b1c265a83f:group-079493BCAA72:LeaderElection58] INFO  impl.RoleInfo (RoleInfo.java:shutdownLeaderElection(134)) - 5bfa0e55-6e65-4c9d-a9d6-a9b1c265a83f: shutdown LeaderElection
2019-09-20 08:38:11,086 [5bfa0e55-6e65-4c9d-a9d6-a9b1c265a83f:group-079493BCAA72:LeaderElection58] INFO  impl.RaftServerImpl (RaftServerImpl.java:setRole(171)) - 5bfa0e55-6e65-4c9d-a9d6-a9b1c265a83f:group-079493BCAA72 changes role from CANDIDATE to LEADER at term 1 for changeToLeader
2019-09-20 08:38:11,086 [5bfa0e55-6e65-4c9d-a9d6-a9b1c265a83f:group-079493BCAA72:LeaderElection58] INFO  impl.RaftServerImpl (ServerState.java:setLeader(263)) - 5bfa0e55-6e65-4c9d-a9d6-a9b1c265a83f:group-079493BCAA72 change Leader from null to 5bfa0e55-6e65-4c9d-a9d6-a9b1c265a83f at term 1 for becomeLeader, leader elected after 5154ms
2019-09-20 08:38:11,086 [5bfa0e55-6e65-4c9d-a9d6-a9b1c265a83f:group-079493BCAA72:LeaderElection58] INFO  server.RaftServerConfigKeys (ConfUtils.java:logGet(43)) - raft.server.staging.catchup.gap = 1000 (default)
2019-09-20 08:38:11,087 [5bfa0e55-6e65-4c9d-a9d6-a9b1c265a83f:group-079493BCAA72:LeaderElection58] INFO  server.RaftServerConfigKeys (ConfUtils.java:logGet(43)) - raft.server.rpc.sleep.time = 25ms (default)
2019-09-20 08:38:11,087 [5bfa0e55-6e65-4c9d-a9d6-a9b1c265a83f:group-079493BCAA72:LeaderElection58] INFO  server.RaftServerConfigKeys (ConfUtils.java:logGet(43)) - raft.server.write.element-limit = 4096 (default)
2019-09-20 08:38:11,087 [5bfa0e55-6e65-4c9d-a9d6-a9b1c265a83f:group-079493BCAA72:LeaderElection58] INFO  server.RaftServerConfigKeys (ConfUtils.java:logGet(43)) - raft.server.watch.timeout = 10s (default)
2019-09-20 08:38:11,087 [5bfa0e55-6e65-4c9d-a9d6-a9b1c265a83f:group-079493BCAA72:LeaderElection58] INFO  server.RaftServerConfigKeys (ConfUtils.java:logGet(43)) - raft.server.watch.timeout.denomination = 1s (default)
2019-09-20 08:38:11,087 [5bfa0e55-6e65-4c9d-a9d6-a9b1c265a83f:group-079493BCAA72:LeaderElection58] INFO  server.RaftServerConfigKeys (ConfUtils.java:logGet(43)) - raft.server.watch.element-limit = 65536 (default)
2019-09-20 08:38:11,088 [5bfa0e55-6e65-4c9d-a9d6-a9b1c265a83f:group-079493BCAA72:LeaderElection58] INFO  impl.RoleInfo (RoleInfo.java:updateAndGet(143)) - 5bfa0e55-6e65-4c9d-a9d6-a9b1c265a83f: start LeaderState
2019-09-20 08:38:11,088 [5bfa0e55-6e65-4c9d-a9d6-a9b1c265a83f:group-079493BCAA72:LeaderElection58] INFO  segmented.SegmentedRaftLogWorker (SegmentedRaftLogWorker.java:startLogSegment(380)) - 5bfa0e55-6e65-4c9d-a9d6-a9b1c265a83f-SegmentedRaftLogWorker:Storage Directory /workdir/hadoop-ozone/ozonefs/target/test-dir/MiniOzoneClusterImpl-1f915b72-7f2b-4803-b951-606f028ff0e9/datanode-1/data/ratis/bd0d7cd5-0667-4fac-beac-079493bcaa72: Starting segment from index:0
2019-09-20 08:38:11,089 [5bfa0e55-6e65-4c9d-a9d6-a9b1c265a83f:group-079493BCAA72:LeaderElection58] INFO  impl.RaftServerImpl (ServerState.java:setRaftConf(361)) - 5bfa0e55-6e65-4c9d-a9d6-a9b1c265a83f:group-079493BCAA72 set configuration 0: [5bfa0e55-6e65-4c9d-a9d6-a9b1c265a83f:192.168.36.79:36439], old=null at 0
2019-09-20 08:38:11,103 [5bfa0e55-6e65-4c9d-a9d6-a9b1c265a83f:group-7790141D22C0:LeaderElection59] INFO  impl.LeaderElection (LeaderElection.java:askForVotes(181)) - 5bfa0e55-6e65-4c9d-a9d6-a9b1c265a83f:group-7790141D22C0:LeaderElection59: begin an election at term 1 for -1: [5bfa0e55-6e65-4c9d-a9d6-a9b1c265a83f:192.168.36.79:36439], old=null
2019-09-20 08:38:11,103 [5bfa0e55-6e65-4c9d-a9d6-a9b1c265a83f:group-7790141D22C0:LeaderElection59] INFO  impl.RoleInfo (RoleInfo.java:shutdownLeaderElection(134)) - 5bfa0e55-6e65-4c9d-a9d6-a9b1c265a83f: shutdown LeaderElection
2019-09-20 08:38:11,103 [5bfa0e55-6e65-4c9d-a9d6-a9b1c265a83f:group-7790141D22C0:LeaderElection59] INFO  impl.RaftServerImpl (RaftServerImpl.java:setRole(171)) - 5bfa0e55-6e65-4c9d-a9d6-a9b1c265a83f:group-7790141D22C0 changes role from CANDIDATE to LEADER at term 1 for changeToLeader
2019-09-20 08:38:11,103 [5bfa0e55-6e65-4c9d-a9d6-a9b1c265a83f:group-7790141D22C0:LeaderElection59] INFO  impl.RaftServerImpl (ServerState.java:setLeader(263)) - 5bfa0e55-6e65-4c9d-a9d6-a9b1c265a83f:group-7790141D22C0 change Leader from null to 5bfa0e55-6e65-4c9d-a9d6-a9b1c265a83f at term 1 for becomeLeader, leader elected after 5104ms
2019-09-20 08:38:11,103 [5bfa0e55-6e65-4c9d-a9d6-a9b1c265a83f:group-7790141D22C0:LeaderElection59] INFO  server.RaftServerConfigKeys (ConfUtils.java:logGet(43)) - raft.server.staging.catchup.gap = 1000 (default)
2019-09-20 08:38:11,103 [5bfa0e55-6e65-4c9d-a9d6-a9b1c265a83f:group-7790141D22C0:LeaderElection59] INFO  server.RaftServerConfigKeys (ConfUtils.java:logGet(43)) - raft.server.rpc.sleep.time = 25ms (default)
2019-09-20 08:38:11,104 [5bfa0e55-6e65-4c9d-a9d6-a9b1c265a83f:group-7790141D22C0:LeaderElection59] INFO  server.RaftServerConfigKeys (ConfUtils.java:logGet(43)) - raft.server.write.element-limit = 4096 (default)
2019-09-20 08:38:11,104 [5bfa0e55-6e65-4c9d-a9d6-a9b1c265a83f:group-7790141D22C0:LeaderElection59] INFO  server.RaftServerConfigKeys (ConfUtils.java:logGet(43)) - raft.server.watch.timeout = 10s (default)
2019-09-20 08:38:11,104 [5bfa0e55-6e65-4c9d-a9d6-a9b1c265a83f:group-7790141D22C0:LeaderElection59] INFO  server.RaftServerConfigKeys (ConfUtils.java:logGet(43)) - raft.server.watch.timeout.denomination = 1s (default)
2019-09-20 08:38:11,104 [5bfa0e55-6e65-4c9d-a9d6-a9b1c265a83f:group-7790141D22C0:LeaderElection59] INFO  server.RaftServerConfigKeys (ConfUtils.java:logGet(43)) - raft.server.watch.element-limit = 65536 (default)
2019-09-20 08:38:11,104 [5bfa0e55-6e65-4c9d-a9d6-a9b1c265a83f:group-7790141D22C0:LeaderElection59] INFO  impl.RoleInfo (RoleInfo.java:updateAndGet(143)) - 5bfa0e55-6e65-4c9d-a9d6-a9b1c265a83f: start LeaderState
2019-09-20 08:38:11,104 [5bfa0e55-6e65-4c9d-a9d6-a9b1c265a83f:group-7790141D22C0:LeaderElection59] INFO  segmented.SegmentedRaftLogWorker (SegmentedRaftLogWorker.java:startLogSegment(380)) - 5bfa0e55-6e65-4c9d-a9d6-a9b1c265a83f-SegmentedRaftLogWorker:Storage Directory /workdir/hadoop-ozone/ozonefs/target/test-dir/MiniOzoneClusterImpl-1f915b72-7f2b-4803-b951-606f028ff0e9/datanode-1/data/ratis/cc9f50fb-a74f-489b-8032-7790141d22c0: Starting segment from index:0
2019-09-20 08:38:11,105 [5bfa0e55-6e65-4c9d-a9d6-a9b1c265a83f:group-7790141D22C0:LeaderElection59] INFO  impl.RaftServerImpl (ServerState.java:setRaftConf(361)) - 5bfa0e55-6e65-4c9d-a9d6-a9b1c265a83f:group-7790141D22C0 set configuration 0: [5bfa0e55-6e65-4c9d-a9d6-a9b1c265a83f:192.168.36.79:36439], old=null at 0
2019-09-20 08:38:11,126 [Thread-1001] INFO  impl.FollowerState (FollowerState.java:run(106)) - 2f8cca2b-bc23-4b5e-a61a-cdaaa212171f:group-21EBE17B1FEE changes to CANDIDATE, lastRpcTime:5064, electionTimeout:5064ms
2019-09-20 08:38:11,126 [Thread-1001] INFO  impl.RoleInfo (RoleInfo.java:shutdownFollowerState(121)) - 2f8cca2b-bc23-4b5e-a61a-cdaaa212171f: shutdown FollowerState
2019-09-20 08:38:11,126 [Thread-1001] INFO  impl.RaftServerImpl (RaftServerImpl.java:setRole(171)) - 2f8cca2b-bc23-4b5e-a61a-cdaaa212171f:group-21EBE17B1FEE changes role from FOLLOWER to CANDIDATE at term 0 for changeToCandidate
2019-09-20 08:38:11,126 [Thread-1001] INFO  impl.RoleInfo (RoleInfo.java:updateAndGet(143)) - 2f8cca2b-bc23-4b5e-a61a-cdaaa212171f: start LeaderElection
2019-09-20 08:38:11,146 [5bfa0e55-6e65-4c9d-a9d6-a9b1c265a83f-SegmentedRaftLogWorker:Storage Directory /workdir/hadoop-ozone/ozonefs/target/test-dir/MiniOzoneClusterImpl-1f915b72-7f2b-4803-b951-606f028ff0e9/datanode-1/data/ratis/bd0d7cd5-0667-4fac-beac-079493bcaa72] INFO  segmented.SegmentedRaftLogWorker (SegmentedRaftLogWorker.java:execute(569)) - 5bfa0e55-6e65-4c9d-a9d6-a9b1c265a83f-SegmentedRaftLogWorker:Storage Directory /workdir/hadoop-ozone/ozonefs/target/test-dir/MiniOzoneClusterImpl-1f915b72-7f2b-4803-b951-606f028ff0e9/datanode-1/data/ratis/bd0d7cd5-0667-4fac-beac-079493bcaa72: created new log segment /workdir/hadoop-ozone/ozonefs/target/test-dir/MiniOzoneClusterImpl-1f915b72-7f2b-4803-b951-606f028ff0e9/datanode-1/data/ratis/bd0d7cd5-0667-4fac-beac-079493bcaa72/current/log_inprogress_0
2019-09-20 08:38:11,162 [5bfa0e55-6e65-4c9d-a9d6-a9b1c265a83f-SegmentedRaftLogWorker:Storage Directory /workdir/hadoop-ozone/ozonefs/target/test-dir/MiniOzoneClusterImpl-1f915b72-7f2b-4803-b951-606f028ff0e9/datanode-1/data/ratis/cc9f50fb-a74f-489b-8032-7790141d22c0] INFO  segmented.SegmentedRaftLogWorker (SegmentedRaftLogWorker.java:execute(569)) - 5bfa0e55-6e65-4c9d-a9d6-a9b1c265a83f-SegmentedRaftLogWorker:Storage Directory /workdir/hadoop-ozone/ozonefs/target/test-dir/MiniOzoneClusterImpl-1f915b72-7f2b-4803-b951-606f028ff0e9/datanode-1/data/ratis/cc9f50fb-a74f-489b-8032-7790141d22c0: created new log segment /workdir/hadoop-ozone/ozonefs/target/test-dir/MiniOzoneClusterImpl-1f915b72-7f2b-4803-b951-606f028ff0e9/datanode-1/data/ratis/cc9f50fb-a74f-489b-8032-7790141d22c0/current/log_inprogress_0
2019-09-20 08:38:11,162 [2f8cca2b-bc23-4b5e-a61a-cdaaa212171f:group-21EBE17B1FEE:LeaderElection60] INFO  impl.LeaderElection (LeaderElection.java:askForVotes(181)) - 2f8cca2b-bc23-4b5e-a61a-cdaaa212171f:group-21EBE17B1FEE:LeaderElection60: begin an election at term 1 for -1: [2f8cca2b-bc23-4b5e-a61a-cdaaa212171f:192.168.36.79:42129], old=null
2019-09-20 08:38:11,162 [2f8cca2b-bc23-4b5e-a61a-cdaaa212171f:group-21EBE17B1FEE:LeaderElection60] INFO  impl.RoleInfo (RoleInfo.java:shutdownLeaderElection(134)) - 2f8cca2b-bc23-4b5e-a61a-cdaaa212171f: shutdown LeaderElection
2019-09-20 08:38:11,162 [2f8cca2b-bc23-4b5e-a61a-cdaaa212171f:group-21EBE17B1FEE:LeaderElection60] INFO  impl.RaftServerImpl (RaftServerImpl.java:setRole(171)) - 2f8cca2b-bc23-4b5e-a61a-cdaaa212171f:group-21EBE17B1FEE changes role from CANDIDATE to LEADER at term 1 for changeToLeader
2019-09-20 08:38:11,162 [2f8cca2b-bc23-4b5e-a61a-cdaaa212171f:group-21EBE17B1FEE:LeaderElection60] INFO  impl.RaftServerImpl (ServerState.java:setLeader(263)) - 2f8cca2b-bc23-4b5e-a61a-cdaaa212171f:group-21EBE17B1FEE change Leader from null to 2f8cca2b-bc23-4b5e-a61a-cdaaa212171f at term 1 for becomeLeader, leader elected after 5104ms
2019-09-20 08:38:11,162 [2f8cca2b-bc23-4b5e-a61a-cdaaa212171f:group-21EBE17B1FEE:LeaderElection60] INFO  server.RaftServerConfigKeys (ConfUtils.java:logGet(43)) - raft.server.staging.catchup.gap = 1000 (default)
2019-09-20 08:38:11,163 [2f8cca2b-bc23-4b5e-a61a-cdaaa212171f:group-21EBE17B1FEE:LeaderElection60] INFO  server.RaftServerConfigKeys (ConfUtils.java:logGet(43)) - raft.server.rpc.sleep.time = 25ms (default)
2019-09-20 08:38:11,163 [2f8cca2b-bc23-4b5e-a61a-cdaaa212171f:group-21EBE17B1FEE:LeaderElection60] INFO  server.RaftServerConfigKeys (ConfUtils.java:logGet(43)) - raft.server.write.element-limit = 4096 (default)
2019-09-20 08:38:11,163 [2f8cca2b-bc23-4b5e-a61a-cdaaa212171f:group-21EBE17B1FEE:LeaderElection60] INFO  server.RaftServerConfigKeys (ConfUtils.java:logGet(43)) - raft.server.watch.timeout = 10s (default)
2019-09-20 08:38:11,163 [2f8cca2b-bc23-4b5e-a61a-cdaaa212171f:group-21EBE17B1FEE:LeaderElection60] INFO  server.RaftServerConfigKeys (ConfUtils.java:logGet(43)) - raft.server.watch.timeout.denomination = 1s (default)
2019-09-20 08:38:11,163 [2f8cca2b-bc23-4b5e-a61a-cdaaa212171f:group-21EBE17B1FEE:LeaderElection60] INFO  server.RaftServerConfigKeys (ConfUtils.java:logGet(43)) - raft.server.watch.element-limit = 65536 (default)
2019-09-20 08:38:11,164 [2f8cca2b-bc23-4b5e-a61a-cdaaa212171f:group-21EBE17B1FEE:LeaderElection60] INFO  impl.RoleInfo (RoleInfo.java:updateAndGet(143)) - 2f8cca2b-bc23-4b5e-a61a-cdaaa212171f: start LeaderState
2019-09-20 08:38:11,164 [2f8cca2b-bc23-4b5e-a61a-cdaaa212171f:group-21EBE17B1FEE:LeaderElection60] INFO  segmented.SegmentedRaftLogWorker (SegmentedRaftLogWorker.java:startLogSegment(380)) - 2f8cca2b-bc23-4b5e-a61a-cdaaa212171f-SegmentedRaftLogWorker:Storage Directory /workdir/hadoop-ozone/ozonefs/target/test-dir/MiniOzoneClusterImpl-1f915b72-7f2b-4803-b951-606f028ff0e9/datanode-2/data/ratis/4b937603-123a-44b7-90ca-21ebe17b1fee: Starting segment from index:0
2019-09-20 08:38:11,164 [2f8cca2b-bc23-4b5e-a61a-cdaaa212171f:group-21EBE17B1FEE:LeaderElection60] INFO  impl.RaftServerImpl (ServerState.java:setRaftConf(361)) - 2f8cca2b-bc23-4b5e-a61a-cdaaa212171f:group-21EBE17B1FEE set configuration 0: [2f8cca2b-bc23-4b5e-a61a-cdaaa212171f:192.168.36.79:42129], old=null at 0
2019-09-20 08:38:11,197 [Thread-1007] INFO  impl.FollowerState (FollowerState.java:run(106)) - 2f8cca2b-bc23-4b5e-a61a-cdaaa212171f:group-D6C954FA365F changes to CANDIDATE, lastRpcTime:5018, electionTimeout:5018ms
2019-09-20 08:38:11,197 [Thread-1007] INFO  impl.RoleInfo (RoleInfo.java:shutdownFollowerState(121)) - 2f8cca2b-bc23-4b5e-a61a-cdaaa212171f: shutdown FollowerState
2019-09-20 08:38:11,198 [Thread-1007] INFO  impl.RaftServerImpl (RaftServerImpl.java:setRole(171)) - 2f8cca2b-bc23-4b5e-a61a-cdaaa212171f:group-D6C954FA365F changes role from FOLLOWER to CANDIDATE at term 0 for changeToCandidate
2019-09-20 08:38:11,198 [Thread-1007] INFO  impl.RoleInfo (RoleInfo.java:updateAndGet(143)) - 2f8cca2b-bc23-4b5e-a61a-cdaaa212171f: start LeaderElection
2019-09-20 08:38:11,220 [2f8cca2b-bc23-4b5e-a61a-cdaaa212171f-SegmentedRaftLogWorker:Storage Directory /workdir/hadoop-ozone/ozonefs/target/test-dir/MiniOzoneClusterImpl-1f915b72-7f2b-4803-b951-606f028ff0e9/datanode-2/data/ratis/4b937603-123a-44b7-90ca-21ebe17b1fee] INFO  segmented.SegmentedRaftLogWorker (SegmentedRaftLogWorker.java:execute(569)) - 2f8cca2b-bc23-4b5e-a61a-cdaaa212171f-SegmentedRaftLogWorker:Storage Directory /workdir/hadoop-ozone/ozonefs/target/test-dir/MiniOzoneClusterImpl-1f915b72-7f2b-4803-b951-606f028ff0e9/datanode-2/data/ratis/4b937603-123a-44b7-90ca-21ebe17b1fee: created new log segment /workdir/hadoop-ozone/ozonefs/target/test-dir/MiniOzoneClusterImpl-1f915b72-7f2b-4803-b951-606f028ff0e9/datanode-2/data/ratis/4b937603-123a-44b7-90ca-21ebe17b1fee/current/log_inprogress_0
2019-09-20 08:38:11,221 [2f8cca2b-bc23-4b5e-a61a-cdaaa212171f:group-D6C954FA365F:LeaderElection61] INFO  impl.LeaderElection (LeaderElection.java:askForVotes(181)) - 2f8cca2b-bc23-4b5e-a61a-cdaaa212171f:group-D6C954FA365F:LeaderElection61: begin an election at term 1 for -1: [2f8cca2b-bc23-4b5e-a61a-cdaaa212171f:192.168.36.79:42129], old=null
2019-09-20 08:38:11,221 [2f8cca2b-bc23-4b5e-a61a-cdaaa212171f:group-D6C954FA365F:LeaderElection61] INFO  impl.RoleInfo (RoleInfo.java:shutdownLeaderElection(134)) - 2f8cca2b-bc23-4b5e-a61a-cdaaa212171f: shutdown LeaderElection
2019-09-20 08:38:11,221 [2f8cca2b-bc23-4b5e-a61a-cdaaa212171f:group-D6C954FA365F:LeaderElection61] INFO  impl.RaftServerImpl (RaftServerImpl.java:setRole(171)) - 2f8cca2b-bc23-4b5e-a61a-cdaaa212171f:group-D6C954FA365F changes role from CANDIDATE to LEADER at term 1 for changeToLeader
2019-09-20 08:38:11,221 [2f8cca2b-bc23-4b5e-a61a-cdaaa212171f:group-D6C954FA365F:LeaderElection61] INFO  impl.RaftServerImpl (ServerState.java:setLeader(263)) - 2f8cca2b-bc23-4b5e-a61a-cdaaa212171f:group-D6C954FA365F change Leader from null to 2f8cca2b-bc23-4b5e-a61a-cdaaa212171f at term 1 for becomeLeader, leader elected after 5045ms
2019-09-20 08:38:11,221 [2f8cca2b-bc23-4b5e-a61a-cdaaa212171f:group-D6C954FA365F:LeaderElection61] INFO  server.RaftServerConfigKeys (ConfUtils.java:logGet(43)) - raft.server.staging.catchup.gap = 1000 (default)
2019-09-20 08:38:11,222 [2f8cca2b-bc23-4b5e-a61a-cdaaa212171f:group-D6C954FA365F:LeaderElection61] INFO  server.RaftServerConfigKeys (ConfUtils.java:logGet(43)) - raft.server.rpc.sleep.time = 25ms (default)
2019-09-20 08:38:11,222 [2f8cca2b-bc23-4b5e-a61a-cdaaa212171f:group-D6C954FA365F:LeaderElection61] INFO  server.RaftServerConfigKeys (ConfUtils.java:logGet(43)) - raft.server.write.element-limit = 4096 (default)
2019-09-20 08:38:11,222 [2f8cca2b-bc23-4b5e-a61a-cdaaa212171f:group-D6C954FA365F:LeaderElection61] INFO  server.RaftServerConfigKeys (ConfUtils.java:logGet(43)) - raft.server.watch.timeout = 10s (default)
2019-09-20 08:38:11,222 [2f8cca2b-bc23-4b5e-a61a-cdaaa212171f:group-D6C954FA365F:LeaderElection61] INFO  server.RaftServerConfigKeys (ConfUtils.java:logGet(43)) - raft.server.watch.timeout.denomination = 1s (default)
2019-09-20 08:38:11,222 [2f8cca2b-bc23-4b5e-a61a-cdaaa212171f:group-D6C954FA365F:LeaderElection61] INFO  server.RaftServerConfigKeys (ConfUtils.java:logGet(43)) - raft.server.watch.element-limit = 65536 (default)
2019-09-20 08:38:11,223 [2f8cca2b-bc23-4b5e-a61a-cdaaa212171f:group-D6C954FA365F:LeaderElection61] INFO  impl.RoleInfo (RoleInfo.java:updateAndGet(143)) - 2f8cca2b-bc23-4b5e-a61a-cdaaa212171f: start LeaderState
2019-09-20 08:38:11,223 [2f8cca2b-bc23-4b5e-a61a-cdaaa212171f:group-D6C954FA365F:LeaderElection61] INFO  segmented.SegmentedRaftLogWorker (SegmentedRaftLogWorker.java:startLogSegment(380)) - 2f8cca2b-bc23-4b5e-a61a-cdaaa212171f-SegmentedRaftLogWorker:Storage Directory /workdir/hadoop-ozone/ozonefs/target/test-dir/MiniOzoneClusterImpl-1f915b72-7f2b-4803-b951-606f028ff0e9/datanode-2/data/ratis/cb544e40-5b42-446d-9572-d6c954fa365f: Starting segment from index:0
2019-09-20 08:38:11,224 [2f8cca2b-bc23-4b5e-a61a-cdaaa212171f:group-D6C954FA365F:LeaderElection61] INFO  impl.RaftServerImpl (ServerState.java:setRaftConf(361)) - 2f8cca2b-bc23-4b5e-a61a-cdaaa212171f:group-D6C954FA365F set configuration 0: [2f8cca2b-bc23-4b5e-a61a-cdaaa212171f:192.168.36.79:42129], old=null at 0
2019-09-20 08:38:11,277 [Thread-1010] INFO  impl.FollowerState (FollowerState.java:run(106)) - 2f8cca2b-bc23-4b5e-a61a-cdaaa212171f:group-0E4014F931BD changes to CANDIDATE, lastRpcTime:5047, electionTimeout:5047ms
2019-09-20 08:38:11,277 [Thread-1010] INFO  impl.RoleInfo (RoleInfo.java:shutdownFollowerState(121)) - 2f8cca2b-bc23-4b5e-a61a-cdaaa212171f: shutdown FollowerState
2019-09-20 08:38:11,277 [Thread-1010] INFO  impl.RaftServerImpl (RaftServerImpl.java:setRole(171)) - 2f8cca2b-bc23-4b5e-a61a-cdaaa212171f:group-0E4014F931BD changes role from FOLLOWER to CANDIDATE at term 0 for changeToCandidate
2019-09-20 08:38:11,277 [Thread-1010] INFO  impl.RoleInfo (RoleInfo.java:updateAndGet(143)) - 2f8cca2b-bc23-4b5e-a61a-cdaaa212171f: start LeaderElection
2019-09-20 08:38:11,280 [Thread-1004] INFO  impl.FollowerState (FollowerState.java:run(106)) - 5bfa0e55-6e65-4c9d-a9d6-a9b1c265a83f:group-5EC690A38105 changes to CANDIDATE, lastRpcTime:5158, electionTimeout:5157ms
2019-09-20 08:38:11,280 [Thread-1004] INFO  impl.RoleInfo (RoleInfo.java:shutdownFollowerState(121)) - 5bfa0e55-6e65-4c9d-a9d6-a9b1c265a83f: shutdown FollowerState
2019-09-20 08:38:11,280 [Thread-1004] INFO  impl.RaftServerImpl (RaftServerImpl.java:setRole(171)) - 5bfa0e55-6e65-4c9d-a9d6-a9b1c265a83f:group-5EC690A38105 changes role from FOLLOWER to CANDIDATE at term 0 for changeToCandidate
2019-09-20 08:38:11,280 [Thread-1004] INFO  impl.RoleInfo (RoleInfo.java:updateAndGet(143)) - 5bfa0e55-6e65-4c9d-a9d6-a9b1c265a83f: start LeaderElection
2019-09-20 08:38:11,329 [2f8cca2b-bc23-4b5e-a61a-cdaaa212171f-SegmentedRaftLogWorker:Storage Directory /workdir/hadoop-ozone/ozonefs/target/test-dir/MiniOzoneClusterImpl-1f915b72-7f2b-4803-b951-606f028ff0e9/datanode-2/data/ratis/cb544e40-5b42-446d-9572-d6c954fa365f] INFO  segmented.SegmentedRaftLogWorker (SegmentedRaftLogWorker.java:execute(569)) - 2f8cca2b-bc23-4b5e-a61a-cdaaa212171f-SegmentedRaftLogWorker:Storage Directory /workdir/hadoop-ozone/ozonefs/target/test-dir/MiniOzoneClusterImpl-1f915b72-7f2b-4803-b951-606f028ff0e9/datanode-2/data/ratis/cb544e40-5b42-446d-9572-d6c954fa365f: created new log segment /workdir/hadoop-ozone/ozonefs/target/test-dir/MiniOzoneClusterImpl-1f915b72-7f2b-4803-b951-606f028ff0e9/datanode-2/data/ratis/cb544e40-5b42-446d-9572-d6c954fa365f/current/log_inprogress_0
2019-09-20 08:38:11,346 [2f8cca2b-bc23-4b5e-a61a-cdaaa212171f:group-0E4014F931BD:LeaderElection62] INFO  impl.LeaderElection (LeaderElection.java:askForVotes(181)) - 2f8cca2b-bc23-4b5e-a61a-cdaaa212171f:group-0E4014F931BD:LeaderElection62: begin an election at term 1 for -1: [2f8cca2b-bc23-4b5e-a61a-cdaaa212171f:192.168.36.79:42129], old=null
2019-09-20 08:38:11,346 [5bfa0e55-6e65-4c9d-a9d6-a9b1c265a83f:group-5EC690A38105:LeaderElection63] INFO  impl.LeaderElection (LeaderElection.java:askForVotes(181)) - 5bfa0e55-6e65-4c9d-a9d6-a9b1c265a83f:group-5EC690A38105:LeaderElection63: begin an election at term 1 for -1: [5bfa0e55-6e65-4c9d-a9d6-a9b1c265a83f:192.168.36.79:36439], old=null
2019-09-20 08:38:11,347 [2f8cca2b-bc23-4b5e-a61a-cdaaa212171f:group-0E4014F931BD:LeaderElection62] INFO  impl.RoleInfo (RoleInfo.java:shutdownLeaderElection(134)) - 2f8cca2b-bc23-4b5e-a61a-cdaaa212171f: shutdown LeaderElection
2019-09-20 08:38:11,347 [5bfa0e55-6e65-4c9d-a9d6-a9b1c265a83f:group-5EC690A38105:LeaderElection63] INFO  impl.RoleInfo (RoleInfo.java:shutdownLeaderElection(134)) - 5bfa0e55-6e65-4c9d-a9d6-a9b1c265a83f: shutdown LeaderElection
2019-09-20 08:38:11,347 [2f8cca2b-bc23-4b5e-a61a-cdaaa212171f:group-0E4014F931BD:LeaderElection62] INFO  impl.RaftServerImpl (RaftServerImpl.java:setRole(171)) - 2f8cca2b-bc23-4b5e-a61a-cdaaa212171f:group-0E4014F931BD changes role from CANDIDATE to LEADER at term 1 for changeToLeader
2019-09-20 08:38:11,347 [5bfa0e55-6e65-4c9d-a9d6-a9b1c265a83f:group-5EC690A38105:LeaderElection63] INFO  impl.RaftServerImpl (RaftServerImpl.java:setRole(171)) - 5bfa0e55-6e65-4c9d-a9d6-a9b1c265a83f:group-5EC690A38105 changes role from CANDIDATE to LEADER at term 1 for changeToLeader
2019-09-20 08:38:11,347 [2f8cca2b-bc23-4b5e-a61a-cdaaa212171f:group-0E4014F931BD:LeaderElection62] INFO  impl.RaftServerImpl (ServerState.java:setLeader(263)) - 2f8cca2b-bc23-4b5e-a61a-cdaaa212171f:group-0E4014F931BD change Leader from null to 2f8cca2b-bc23-4b5e-a61a-cdaaa212171f at term 1 for becomeLeader, leader elected after 5120ms
2019-09-20 08:38:11,347 [5bfa0e55-6e65-4c9d-a9d6-a9b1c265a83f:group-5EC690A38105:LeaderElection63] INFO  impl.RaftServerImpl (ServerState.java:setLeader(263)) - 5bfa0e55-6e65-4c9d-a9d6-a9b1c265a83f:group-5EC690A38105 change Leader from null to 5bfa0e55-6e65-4c9d-a9d6-a9b1c265a83f at term 1 for becomeLeader, leader elected after 5230ms
2019-09-20 08:38:11,348 [2f8cca2b-bc23-4b5e-a61a-cdaaa212171f:group-0E4014F931BD:LeaderElection62] INFO  server.RaftServerConfigKeys (ConfUtils.java:logGet(43)) - raft.server.staging.catchup.gap = 1000 (default)
2019-09-20 08:38:11,348 [5bfa0e55-6e65-4c9d-a9d6-a9b1c265a83f:group-5EC690A38105:LeaderElection63] INFO  server.RaftServerConfigKeys (ConfUtils.java:logGet(43)) - raft.server.staging.catchup.gap = 1000 (default)
2019-09-20 08:38:11,348 [2f8cca2b-bc23-4b5e-a61a-cdaaa212171f:group-0E4014F931BD:LeaderElection62] INFO  server.RaftServerConfigKeys (ConfUtils.java:logGet(43)) - raft.server.rpc.sleep.time = 25ms (default)
2019-09-20 08:38:11,348 [5bfa0e55-6e65-4c9d-a9d6-a9b1c265a83f:group-5EC690A38105:LeaderElection63] INFO  server.RaftServerConfigKeys (ConfUtils.java:logGet(43)) - raft.server.rpc.sleep.time = 25ms (default)
2019-09-20 08:38:11,348 [5bfa0e55-6e65-4c9d-a9d6-a9b1c265a83f:group-5EC690A38105:LeaderElection63] INFO  server.RaftServerConfigKeys (ConfUtils.java:logGet(43)) - raft.server.write.element-limit = 4096 (default)
2019-09-20 08:38:11,348 [2f8cca2b-bc23-4b5e-a61a-cdaaa212171f:group-0E4014F931BD:LeaderElection62] INFO  server.RaftServerConfigKeys (ConfUtils.java:logGet(43)) - raft.server.write.element-limit = 4096 (default)
2019-09-20 08:38:11,349 [5bfa0e55-6e65-4c9d-a9d6-a9b1c265a83f:group-5EC690A38105:LeaderElection63] INFO  server.RaftServerConfigKeys (ConfUtils.java:logGet(43)) - raft.server.watch.timeout = 10s (default)
2019-09-20 08:38:11,349 [2f8cca2b-bc23-4b5e-a61a-cdaaa212171f:group-0E4014F931BD:LeaderElection62] INFO  server.RaftServerConfigKeys (ConfUtils.java:logGet(43)) - raft.server.watch.timeout = 10s (default)
2019-09-20 08:38:11,349 [5bfa0e55-6e65-4c9d-a9d6-a9b1c265a83f:group-5EC690A38105:LeaderElection63] INFO  server.RaftServerConfigKeys (ConfUtils.java:logGet(43)) - raft.server.watch.timeout.denomination = 1s (default)
2019-09-20 08:38:11,349 [2f8cca2b-bc23-4b5e-a61a-cdaaa212171f:group-0E4014F931BD:LeaderElection62] INFO  server.RaftServerConfigKeys (ConfUtils.java:logGet(43)) - raft.server.watch.timeout.denomination = 1s (default)
2019-09-20 08:38:11,349 [5bfa0e55-6e65-4c9d-a9d6-a9b1c265a83f:group-5EC690A38105:LeaderElection63] INFO  server.RaftServerConfigKeys (ConfUtils.java:logGet(43)) - raft.server.watch.element-limit = 65536 (default)
2019-09-20 08:38:11,349 [2f8cca2b-bc23-4b5e-a61a-cdaaa212171f:group-0E4014F931BD:LeaderElection62] INFO  server.RaftServerConfigKeys (ConfUtils.java:logGet(43)) - raft.server.watch.element-limit = 65536 (default)
2019-09-20 08:38:11,350 [5bfa0e55-6e65-4c9d-a9d6-a9b1c265a83f:group-5EC690A38105:LeaderElection63] INFO  impl.RoleInfo (RoleInfo.java:updateAndGet(143)) - 5bfa0e55-6e65-4c9d-a9d6-a9b1c265a83f: start LeaderState
2019-09-20 08:38:11,350 [2f8cca2b-bc23-4b5e-a61a-cdaaa212171f:group-0E4014F931BD:LeaderElection62] INFO  impl.RoleInfo (RoleInfo.java:updateAndGet(143)) - 2f8cca2b-bc23-4b5e-a61a-cdaaa212171f: start LeaderState
2019-09-20 08:38:11,350 [5bfa0e55-6e65-4c9d-a9d6-a9b1c265a83f:group-5EC690A38105:LeaderElection63] INFO  segmented.SegmentedRaftLogWorker (SegmentedRaftLogWorker.java:startLogSegment(380)) - 5bfa0e55-6e65-4c9d-a9d6-a9b1c265a83f-SegmentedRaftLogWorker:Storage Directory /workdir/hadoop-ozone/ozonefs/target/test-dir/MiniOzoneClusterImpl-1f915b72-7f2b-4803-b951-606f028ff0e9/datanode-1/data/ratis/5ee55049-05db-4ed9-b6f1-5ec690a38105: Starting segment from index:0
2019-09-20 08:38:11,350 [2f8cca2b-bc23-4b5e-a61a-cdaaa212171f:group-0E4014F931BD:LeaderElection62] INFO  segmented.SegmentedRaftLogWorker (SegmentedRaftLogWorker.java:startLogSegment(380)) - 2f8cca2b-bc23-4b5e-a61a-cdaaa212171f-SegmentedRaftLogWorker:Storage Directory /workdir/hadoop-ozone/ozonefs/target/test-dir/MiniOzoneClusterImpl-1f915b72-7f2b-4803-b951-606f028ff0e9/datanode-2/data/ratis/ad6a5138-5bee-44cb-af51-0e4014f931bd: Starting segment from index:0
2019-09-20 08:38:11,351 [5bfa0e55-6e65-4c9d-a9d6-a9b1c265a83f:group-5EC690A38105:LeaderElection63] INFO  impl.RaftServerImpl (ServerState.java:setRaftConf(361)) - 5bfa0e55-6e65-4c9d-a9d6-a9b1c265a83f:group-5EC690A38105 set configuration 0: [5bfa0e55-6e65-4c9d-a9d6-a9b1c265a83f:192.168.36.79:36439], old=null at 0
2019-09-20 08:38:11,351 [2f8cca2b-bc23-4b5e-a61a-cdaaa212171f:group-0E4014F931BD:LeaderElection62] INFO  impl.RaftServerImpl (ServerState.java:setRaftConf(361)) - 2f8cca2b-bc23-4b5e-a61a-cdaaa212171f:group-0E4014F931BD set configuration 0: [2f8cca2b-bc23-4b5e-a61a-cdaaa212171f:192.168.36.79:42129], old=null at 0
2019-09-20 08:38:11,413 [2f8cca2b-bc23-4b5e-a61a-cdaaa212171f-SegmentedRaftLogWorker:Storage Directory /workdir/hadoop-ozone/ozonefs/target/test-dir/MiniOzoneClusterImpl-1f915b72-7f2b-4803-b951-606f028ff0e9/datanode-2/data/ratis/ad6a5138-5bee-44cb-af51-0e4014f931bd] INFO  segmented.SegmentedRaftLogWorker (SegmentedRaftLogWorker.java:execute(569)) - 2f8cca2b-bc23-4b5e-a61a-cdaaa212171f-SegmentedRaftLogWorker:Storage Directory /workdir/hadoop-ozone/ozonefs/target/test-dir/MiniOzoneClusterImpl-1f915b72-7f2b-4803-b951-606f028ff0e9/datanode-2/data/ratis/ad6a5138-5bee-44cb-af51-0e4014f931bd: created new log segment /workdir/hadoop-ozone/ozonefs/target/test-dir/MiniOzoneClusterImpl-1f915b72-7f2b-4803-b951-606f028ff0e9/datanode-2/data/ratis/ad6a5138-5bee-44cb-af51-0e4014f931bd/current/log_inprogress_0
2019-09-20 08:38:11,413 [5bfa0e55-6e65-4c9d-a9d6-a9b1c265a83f-SegmentedRaftLogWorker:Storage Directory /workdir/hadoop-ozone/ozonefs/target/test-dir/MiniOzoneClusterImpl-1f915b72-7f2b-4803-b951-606f028ff0e9/datanode-1/data/ratis/5ee55049-05db-4ed9-b6f1-5ec690a38105] INFO  segmented.SegmentedRaftLogWorker (SegmentedRaftLogWorker.java:execute(569)) - 5bfa0e55-6e65-4c9d-a9d6-a9b1c265a83f-SegmentedRaftLogWorker:Storage Directory /workdir/hadoop-ozone/ozonefs/target/test-dir/MiniOzoneClusterImpl-1f915b72-7f2b-4803-b951-606f028ff0e9/datanode-1/data/ratis/5ee55049-05db-4ed9-b6f1-5ec690a38105: created new log segment /workdir/hadoop-ozone/ozonefs/target/test-dir/MiniOzoneClusterImpl-1f915b72-7f2b-4803-b951-606f028ff0e9/datanode-1/data/ratis/5ee55049-05db-4ed9-b6f1-5ec690a38105/current/log_inprogress_0
2019-09-20 08:38:11,470 [Thread-1013] INFO  impl.FollowerState (FollowerState.java:run(106)) - 2f8cca2b-bc23-4b5e-a61a-cdaaa212171f:group-AB03F178C851 changes to CANDIDATE, lastRpcTime:5113, electionTimeout:5113ms
2019-09-20 08:38:11,470 [Thread-1013] INFO  impl.RoleInfo (RoleInfo.java:shutdownFollowerState(121)) - 2f8cca2b-bc23-4b5e-a61a-cdaaa212171f: shutdown FollowerState
2019-09-20 08:38:11,470 [Thread-1013] INFO  impl.RaftServerImpl (RaftServerImpl.java:setRole(171)) - 2f8cca2b-bc23-4b5e-a61a-cdaaa212171f:group-AB03F178C851 changes role from FOLLOWER to CANDIDATE at term 0 for changeToCandidate
2019-09-20 08:38:11,471 [Thread-1013] INFO  impl.RoleInfo (RoleInfo.java:updateAndGet(143)) - 2f8cca2b-bc23-4b5e-a61a-cdaaa212171f: start LeaderElection
2019-09-20 08:38:11,483 | INFO  | SCMAudit | user=jenkins1000 | ip=192.168.36.79 | op=SEND_HEARTBEAT {datanodeUUID=2f8cca2b-bc23-4b5e-a61a-cdaaa212171f, command=[]} | ret=SUCCESS |  
2019-09-20 08:38:11,489 [2f8cca2b-bc23-4b5e-a61a-cdaaa212171f:group-AB03F178C851:LeaderElection64] INFO  impl.LeaderElection (LeaderElection.java:askForVotes(181)) - 2f8cca2b-bc23-4b5e-a61a-cdaaa212171f:group-AB03F178C851:LeaderElection64: begin an election at term 1 for -1: [2f8cca2b-bc23-4b5e-a61a-cdaaa212171f:192.168.36.79:42129], old=null
2019-09-20 08:38:11,489 [2f8cca2b-bc23-4b5e-a61a-cdaaa212171f:group-AB03F178C851:LeaderElection64] INFO  impl.RoleInfo (RoleInfo.java:shutdownLeaderElection(134)) - 2f8cca2b-bc23-4b5e-a61a-cdaaa212171f: shutdown LeaderElection
2019-09-20 08:38:11,489 [2f8cca2b-bc23-4b5e-a61a-cdaaa212171f:group-AB03F178C851:LeaderElection64] INFO  impl.RaftServerImpl (RaftServerImpl.java:setRole(171)) - 2f8cca2b-bc23-4b5e-a61a-cdaaa212171f:group-AB03F178C851 changes role from CANDIDATE to LEADER at term 1 for changeToLeader
2019-09-20 08:38:11,489 [2f8cca2b-bc23-4b5e-a61a-cdaaa212171f:group-AB03F178C851:LeaderElection64] INFO  impl.RaftServerImpl (ServerState.java:setLeader(263)) - 2f8cca2b-bc23-4b5e-a61a-cdaaa212171f:group-AB03F178C851 change Leader from null to 2f8cca2b-bc23-4b5e-a61a-cdaaa212171f at term 1 for becomeLeader, leader elected after 5136ms
2019-09-20 08:38:11,489 [2f8cca2b-bc23-4b5e-a61a-cdaaa212171f:group-AB03F178C851:LeaderElection64] INFO  server.RaftServerConfigKeys (ConfUtils.java:logGet(43)) - raft.server.staging.catchup.gap = 1000 (default)
2019-09-20 08:38:11,489 [2f8cca2b-bc23-4b5e-a61a-cdaaa212171f:group-AB03F178C851:LeaderElection64] INFO  server.RaftServerConfigKeys (ConfUtils.java:logGet(43)) - raft.server.rpc.sleep.time = 25ms (default)
2019-09-20 08:38:11,490 [2f8cca2b-bc23-4b5e-a61a-cdaaa212171f:group-AB03F178C851:LeaderElection64] INFO  server.RaftServerConfigKeys (ConfUtils.java:logGet(43)) - raft.server.write.element-limit = 4096 (default)
2019-09-20 08:38:11,490 [2f8cca2b-bc23-4b5e-a61a-cdaaa212171f:group-AB03F178C851:LeaderElection64] INFO  server.RaftServerConfigKeys (ConfUtils.java:logGet(43)) - raft.server.watch.timeout = 10s (default)
2019-09-20 08:38:11,490 [2f8cca2b-bc23-4b5e-a61a-cdaaa212171f:group-AB03F178C851:LeaderElection64] INFO  server.RaftServerConfigKeys (ConfUtils.java:logGet(43)) - raft.server.watch.timeout.denomination = 1s (default)
2019-09-20 08:38:11,490 [2f8cca2b-bc23-4b5e-a61a-cdaaa212171f:group-AB03F178C851:LeaderElection64] INFO  server.RaftServerConfigKeys (ConfUtils.java:logGet(43)) - raft.server.watch.element-limit = 65536 (default)
2019-09-20 08:38:11,490 [2f8cca2b-bc23-4b5e-a61a-cdaaa212171f:group-AB03F178C851:LeaderElection64] INFO  impl.RoleInfo (RoleInfo.java:updateAndGet(143)) - 2f8cca2b-bc23-4b5e-a61a-cdaaa212171f: start LeaderState
2019-09-20 08:38:11,490 [2f8cca2b-bc23-4b5e-a61a-cdaaa212171f:group-AB03F178C851:LeaderElection64] INFO  segmented.SegmentedRaftLogWorker (SegmentedRaftLogWorker.java:startLogSegment(380)) - 2f8cca2b-bc23-4b5e-a61a-cdaaa212171f-SegmentedRaftLogWorker:Storage Directory /workdir/hadoop-ozone/ozonefs/target/test-dir/MiniOzoneClusterImpl-1f915b72-7f2b-4803-b951-606f028ff0e9/datanode-2/data/ratis/f41d2adf-6cb2-4ab6-bea4-ab03f178c851: Starting segment from index:0
2019-09-20 08:38:11,491 [2f8cca2b-bc23-4b5e-a61a-cdaaa212171f:group-AB03F178C851:LeaderElection64] INFO  impl.RaftServerImpl (ServerState.java:setRaftConf(361)) - 2f8cca2b-bc23-4b5e-a61a-cdaaa212171f:group-AB03F178C851 set configuration 0: [2f8cca2b-bc23-4b5e-a61a-cdaaa212171f:192.168.36.79:42129], old=null at 0
2019-09-20 08:38:11,539 [2f8cca2b-bc23-4b5e-a61a-cdaaa212171f-SegmentedRaftLogWorker:Storage Directory /workdir/hadoop-ozone/ozonefs/target/test-dir/MiniOzoneClusterImpl-1f915b72-7f2b-4803-b951-606f028ff0e9/datanode-2/data/ratis/f41d2adf-6cb2-4ab6-bea4-ab03f178c851] INFO  segmented.SegmentedRaftLogWorker (SegmentedRaftLogWorker.java:execute(569)) - 2f8cca2b-bc23-4b5e-a61a-cdaaa212171f-SegmentedRaftLogWorker:Storage Directory /workdir/hadoop-ozone/ozonefs/target/test-dir/MiniOzoneClusterImpl-1f915b72-7f2b-4803-b951-606f028ff0e9/datanode-2/data/ratis/f41d2adf-6cb2-4ab6-bea4-ab03f178c851: created new log segment /workdir/hadoop-ozone/ozonefs/target/test-dir/MiniOzoneClusterImpl-1f915b72-7f2b-4803-b951-606f028ff0e9/datanode-2/data/ratis/f41d2adf-6cb2-4ab6-bea4-ab03f178c851/current/log_inprogress_0
2019-09-20 08:38:11,542 [Thread-1016] INFO  impl.FollowerState (FollowerState.java:run(106)) - 2f8cca2b-bc23-4b5e-a61a-cdaaa212171f:group-299696EB839A changes to CANDIDATE, lastRpcTime:5125, electionTimeout:5125ms
2019-09-20 08:38:11,543 [Thread-1016] INFO  impl.RoleInfo (RoleInfo.java:shutdownFollowerState(121)) - 2f8cca2b-bc23-4b5e-a61a-cdaaa212171f: shutdown FollowerState
2019-09-20 08:38:11,543 [Thread-1016] INFO  impl.RaftServerImpl (RaftServerImpl.java:setRole(171)) - 2f8cca2b-bc23-4b5e-a61a-cdaaa212171f:group-299696EB839A changes role from FOLLOWER to CANDIDATE at term 0 for changeToCandidate
2019-09-20 08:38:11,543 [Thread-1016] INFO  impl.RoleInfo (RoleInfo.java:updateAndGet(143)) - 2f8cca2b-bc23-4b5e-a61a-cdaaa212171f: start LeaderElection
2019-09-20 08:38:11,565 [2f8cca2b-bc23-4b5e-a61a-cdaaa212171f:group-299696EB839A:LeaderElection65] INFO  impl.LeaderElection (LeaderElection.java:askForVotes(181)) - 2f8cca2b-bc23-4b5e-a61a-cdaaa212171f:group-299696EB839A:LeaderElection65: begin an election at term 1 for -1: [2f8cca2b-bc23-4b5e-a61a-cdaaa212171f:192.168.36.79:42129], old=null
2019-09-20 08:38:11,565 [2f8cca2b-bc23-4b5e-a61a-cdaaa212171f:group-299696EB839A:LeaderElection65] INFO  impl.RoleInfo (RoleInfo.java:shutdownLeaderElection(134)) - 2f8cca2b-bc23-4b5e-a61a-cdaaa212171f: shutdown LeaderElection
2019-09-20 08:38:11,565 [2f8cca2b-bc23-4b5e-a61a-cdaaa212171f:group-299696EB839A:LeaderElection65] INFO  impl.RaftServerImpl (RaftServerImpl.java:setRole(171)) - 2f8cca2b-bc23-4b5e-a61a-cdaaa212171f:group-299696EB839A changes role from CANDIDATE to LEADER at term 1 for changeToLeader
2019-09-20 08:38:11,565 [2f8cca2b-bc23-4b5e-a61a-cdaaa212171f:group-299696EB839A:LeaderElection65] INFO  impl.RaftServerImpl (ServerState.java:setLeader(263)) - 2f8cca2b-bc23-4b5e-a61a-cdaaa212171f:group-299696EB839A change Leader from null to 2f8cca2b-bc23-4b5e-a61a-cdaaa212171f at term 1 for becomeLeader, leader elected after 5153ms
2019-09-20 08:38:11,565 [2f8cca2b-bc23-4b5e-a61a-cdaaa212171f:group-299696EB839A:LeaderElection65] INFO  server.RaftServerConfigKeys (ConfUtils.java:logGet(43)) - raft.server.staging.catchup.gap = 1000 (default)
2019-09-20 08:38:11,565 [2f8cca2b-bc23-4b5e-a61a-cdaaa212171f:group-299696EB839A:LeaderElection65] INFO  server.RaftServerConfigKeys (ConfUtils.java:logGet(43)) - raft.server.rpc.sleep.time = 25ms (default)
2019-09-20 08:38:11,566 [2f8cca2b-bc23-4b5e-a61a-cdaaa212171f:group-299696EB839A:LeaderElection65] INFO  server.RaftServerConfigKeys (ConfUtils.java:logGet(43)) - raft.server.write.element-limit = 4096 (default)
2019-09-20 08:38:11,566 [2f8cca2b-bc23-4b5e-a61a-cdaaa212171f:group-299696EB839A:LeaderElection65] INFO  server.RaftServerConfigKeys (ConfUtils.java:logGet(43)) - raft.server.watch.timeout = 10s (default)
2019-09-20 08:38:11,566 [2f8cca2b-bc23-4b5e-a61a-cdaaa212171f:group-299696EB839A:LeaderElection65] INFO  server.RaftServerConfigKeys (ConfUtils.java:logGet(43)) - raft.server.watch.timeout.denomination = 1s (default)
2019-09-20 08:38:11,566 [2f8cca2b-bc23-4b5e-a61a-cdaaa212171f:group-299696EB839A:LeaderElection65] INFO  server.RaftServerConfigKeys (ConfUtils.java:logGet(43)) - raft.server.watch.element-limit = 65536 (default)
2019-09-20 08:38:11,566 [2f8cca2b-bc23-4b5e-a61a-cdaaa212171f:group-299696EB839A:LeaderElection65] INFO  impl.RoleInfo (RoleInfo.java:updateAndGet(143)) - 2f8cca2b-bc23-4b5e-a61a-cdaaa212171f: start LeaderState
2019-09-20 08:38:11,567 [2f8cca2b-bc23-4b5e-a61a-cdaaa212171f:group-299696EB839A:LeaderElection65] INFO  segmented.SegmentedRaftLogWorker (SegmentedRaftLogWorker.java:startLogSegment(380)) - 2f8cca2b-bc23-4b5e-a61a-cdaaa212171f-SegmentedRaftLogWorker:Storage Directory /workdir/hadoop-ozone/ozonefs/target/test-dir/MiniOzoneClusterImpl-1f915b72-7f2b-4803-b951-606f028ff0e9/datanode-2/data/ratis/6196322e-1b01-49a1-abd1-299696eb839a: Starting segment from index:0
2019-09-20 08:38:11,567 [2f8cca2b-bc23-4b5e-a61a-cdaaa212171f:group-299696EB839A:LeaderElection65] INFO  impl.RaftServerImpl (ServerState.java:setRaftConf(361)) - 2f8cca2b-bc23-4b5e-a61a-cdaaa212171f:group-299696EB839A set configuration 0: [2f8cca2b-bc23-4b5e-a61a-cdaaa212171f:192.168.36.79:42129], old=null at 0
2019-09-20 08:38:11,623 [2f8cca2b-bc23-4b5e-a61a-cdaaa212171f-SegmentedRaftLogWorker:Storage Directory /workdir/hadoop-ozone/ozonefs/target/test-dir/MiniOzoneClusterImpl-1f915b72-7f2b-4803-b951-606f028ff0e9/datanode-2/data/ratis/6196322e-1b01-49a1-abd1-299696eb839a] INFO  segmented.SegmentedRaftLogWorker (SegmentedRaftLogWorker.java:execute(569)) - 2f8cca2b-bc23-4b5e-a61a-cdaaa212171f-SegmentedRaftLogWorker:Storage Directory /workdir/hadoop-ozone/ozonefs/target/test-dir/MiniOzoneClusterImpl-1f915b72-7f2b-4803-b951-606f028ff0e9/datanode-2/data/ratis/6196322e-1b01-49a1-abd1-299696eb839a: created new log segment /workdir/hadoop-ozone/ozonefs/target/test-dir/MiniOzoneClusterImpl-1f915b72-7f2b-4803-b951-606f028ff0e9/datanode-2/data/ratis/6196322e-1b01-49a1-abd1-299696eb839a/current/log_inprogress_0
2019-09-20 08:38:11,765 [Thread-791] INFO  ozoneimpl.OzoneContainer (OzoneContainer.java:stop(199)) - Attempting to stop container services.
2019-09-20 08:38:11,766 [Thread-791] INFO  impl.RaftServerProxy (RaftServerProxy.java:lambda$close$4(314)) - 5bfa0e55-6e65-4c9d-a9d6-a9b1c265a83f: close
2019-09-20 08:38:11,766 [ForkJoinPool.commonPool-worker-1] INFO  ozoneimpl.OzoneContainer (OzoneContainer.java:stop(199)) - Attempting to stop container services.
2019-09-20 08:38:11,767 [Thread-791] INFO  impl.RaftServerImpl (RaftServerImpl.java:lambda$shutdown$3(245)) - 5bfa0e55-6e65-4c9d-a9d6-a9b1c265a83f: shutdown group-079493BCAA72
2019-09-20 08:38:11,767 [ForkJoinPool.commonPool-worker-1] INFO  impl.RaftServerProxy (RaftServerProxy.java:lambda$close$4(314)) - 8a49adf3-6e81-4a75-ab50-8f2c6e76bdc3: close
2019-09-20 08:38:11,767 [Thread-791] INFO  util.JmxRegister (JmxRegister.java:unregister(73)) - Successfully un-registered JMX Bean with object name Ratis:service=RaftServer,group=group-079493BCAA72,id=5bfa0e55-6e65-4c9d-a9d6-a9b1c265a83f
2019-09-20 08:38:11,768 [ForkJoinPool.commonPool-worker-1] INFO  impl.RaftServerImpl (RaftServerImpl.java:lambda$shutdown$3(245)) - 8a49adf3-6e81-4a75-ab50-8f2c6e76bdc3: shutdown group-80BB40189F1A
2019-09-20 08:38:11,768 [Thread-791] INFO  impl.RoleInfo (RoleInfo.java:shutdownLeaderState(104)) - 5bfa0e55-6e65-4c9d-a9d6-a9b1c265a83f: shutdown LeaderState
2019-09-20 08:38:11,768 [ForkJoinPool.commonPool-worker-1] INFO  util.JmxRegister (JmxRegister.java:unregister(73)) - Successfully un-registered JMX Bean with object name Ratis:service=RaftServer,group=group-80BB40189F1A,id=8a49adf3-6e81-4a75-ab50-8f2c6e76bdc3
2019-09-20 08:38:11,769 [Thread-791] INFO  impl.PendingRequests (PendingRequests.java:sendNotLeaderResponses(202)) - 5bfa0e55-6e65-4c9d-a9d6-a9b1c265a83f-PendingRequests: sendNotLeaderResponses
2019-09-20 08:38:11,769 [ForkJoinPool.commonPool-worker-1] INFO  impl.RoleInfo (RoleInfo.java:shutdownLeaderState(104)) - 8a49adf3-6e81-4a75-ab50-8f2c6e76bdc3: shutdown LeaderState
2019-09-20 08:38:11,769 [Thread-791] INFO  impl.StateMachineUpdater (StateMachineUpdater.java:stopAndJoin(115)) - StateMachineUpdater:5bfa0e55-6e65-4c9d-a9d6-a9b1c265a83f:group-079493BCAA72: set stopIndex = 0
2019-09-20 08:38:11,770 [ForkJoinPool.commonPool-worker-1] INFO  impl.PendingRequests (PendingRequests.java:sendNotLeaderResponses(202)) - 8a49adf3-6e81-4a75-ab50-8f2c6e76bdc3-PendingRequests: sendNotLeaderResponses
2019-09-20 08:38:11,770 [Thread-791] INFO  impl.RaftServerImpl (ServerState.java:close(394)) - 5bfa0e55-6e65-4c9d-a9d6-a9b1c265a83f:group-079493BCAA72 closes. The last applied log index is 0
2019-09-20 08:38:11,770 [ForkJoinPool.commonPool-worker-1] INFO  impl.StateMachineUpdater (StateMachineUpdater.java:stopAndJoin(115)) - StateMachineUpdater:8a49adf3-6e81-4a75-ab50-8f2c6e76bdc3:group-80BB40189F1A: set stopIndex = 0
2019-09-20 08:38:11,771 [5bfa0e55-6e65-4c9d-a9d6-a9b1c265a83f-SegmentedRaftLogWorker:Storage Directory /workdir/hadoop-ozone/ozonefs/target/test-dir/MiniOzoneClusterImpl-1f915b72-7f2b-4803-b951-606f028ff0e9/datanode-1/data/ratis/bd0d7cd5-0667-4fac-beac-079493bcaa72] INFO  segmented.SegmentedRaftLogWorker (SegmentedRaftLogWorker.java:run(313)) - 5bfa0e55-6e65-4c9d-a9d6-a9b1c265a83f-SegmentedRaftLogWorker:Storage Directory /workdir/hadoop-ozone/ozonefs/target/test-dir/MiniOzoneClusterImpl-1f915b72-7f2b-4803-b951-606f028ff0e9/datanode-1/data/ratis/bd0d7cd5-0667-4fac-beac-079493bcaa72 was interrupted, exiting. There are 0 tasks remaining in the queue.
2019-09-20 08:38:11,771 [ForkJoinPool.commonPool-worker-1] INFO  impl.RaftServerImpl (ServerState.java:close(394)) - 8a49adf3-6e81-4a75-ab50-8f2c6e76bdc3:group-80BB40189F1A closes. The last applied log index is 0
2019-09-20 08:38:11,771 [Thread-791] INFO  segmented.SegmentedRaftLogWorker (SegmentedRaftLogWorker.java:close(228)) - 5bfa0e55-6e65-4c9d-a9d6-a9b1c265a83f-SegmentedRaftLogWorker:Storage Directory /workdir/hadoop-ozone/ozonefs/target/test-dir/MiniOzoneClusterImpl-1f915b72-7f2b-4803-b951-606f028ff0e9/datanode-1/data/ratis/bd0d7cd5-0667-4fac-beac-079493bcaa72 close()
2019-09-20 08:38:11,772 [8a49adf3-6e81-4a75-ab50-8f2c6e76bdc3-SegmentedRaftLogWorker:Storage Directory /workdir/hadoop-ozone/ozonefs/target/test-dir/MiniOzoneClusterImpl-1f915b72-7f2b-4803-b951-606f028ff0e9/datanode-0/data/ratis/c843b12d-cdfe-4e99-9eb5-80bb40189f1a] INFO  segmented.SegmentedRaftLogWorker (SegmentedRaftLogWorker.java:run(313)) - 8a49adf3-6e81-4a75-ab50-8f2c6e76bdc3-SegmentedRaftLogWorker:Storage Directory /workdir/hadoop-ozone/ozonefs/target/test-dir/MiniOzoneClusterImpl-1f915b72-7f2b-4803-b951-606f028ff0e9/datanode-0/data/ratis/c843b12d-cdfe-4e99-9eb5-80bb40189f1a was interrupted, exiting. There are 0 tasks remaining in the queue.
2019-09-20 08:38:11,776 [Thread-791] INFO  impl.RaftServerImpl (RaftServerImpl.java:lambda$shutdown$3(245)) - 5bfa0e55-6e65-4c9d-a9d6-a9b1c265a83f: shutdown group-6587745B51F5
2019-09-20 08:38:11,776 [ForkJoinPool.commonPool-worker-1] INFO  segmented.SegmentedRaftLogWorker (SegmentedRaftLogWorker.java:close(228)) - 8a49adf3-6e81-4a75-ab50-8f2c6e76bdc3-SegmentedRaftLogWorker:Storage Directory /workdir/hadoop-ozone/ozonefs/target/test-dir/MiniOzoneClusterImpl-1f915b72-7f2b-4803-b951-606f028ff0e9/datanode-0/data/ratis/c843b12d-cdfe-4e99-9eb5-80bb40189f1a close()
2019-09-20 08:38:11,776 [Thread-791] INFO  util.JmxRegister (JmxRegister.java:unregister(73)) - Successfully un-registered JMX Bean with object name Ratis:service=RaftServer,group=group-6587745B51F5,id=5bfa0e55-6e65-4c9d-a9d6-a9b1c265a83f
2019-09-20 08:38:11,778 [ForkJoinPool.commonPool-worker-1] INFO  impl.RaftServerImpl (RaftServerImpl.java:lambda$shutdown$3(245)) - 8a49adf3-6e81-4a75-ab50-8f2c6e76bdc3: shutdown group-BA44C97ABDEE
2019-09-20 08:38:11,778 [Thread-791] INFO  impl.RoleInfo (RoleInfo.java:shutdownLeaderState(104)) - 5bfa0e55-6e65-4c9d-a9d6-a9b1c265a83f: shutdown LeaderState
2019-09-20 08:38:11,778 [ForkJoinPool.commonPool-worker-1] INFO  util.JmxRegister (JmxRegister.java:unregister(73)) - Successfully un-registered JMX Bean with object name Ratis:service=RaftServer,group=group-BA44C97ABDEE,id=8a49adf3-6e81-4a75-ab50-8f2c6e76bdc3
2019-09-20 08:38:11,779 [Thread-791] INFO  impl.PendingRequests (PendingRequests.java:sendNotLeaderResponses(202)) - 5bfa0e55-6e65-4c9d-a9d6-a9b1c265a83f-PendingRequests: sendNotLeaderResponses
2019-09-20 08:38:11,779 [ForkJoinPool.commonPool-worker-1] INFO  impl.RoleInfo (RoleInfo.java:shutdownLeaderState(104)) - 8a49adf3-6e81-4a75-ab50-8f2c6e76bdc3: shutdown LeaderState
2019-09-20 08:38:11,779 [Thread-791] INFO  impl.StateMachineUpdater (StateMachineUpdater.java:stopAndJoin(115)) - StateMachineUpdater:5bfa0e55-6e65-4c9d-a9d6-a9b1c265a83f:group-6587745B51F5: set stopIndex = 0
2019-09-20 08:38:11,780 [ForkJoinPool.commonPool-worker-1] INFO  impl.PendingRequests (PendingRequests.java:sendNotLeaderResponses(202)) - 8a49adf3-6e81-4a75-ab50-8f2c6e76bdc3-PendingRequests: sendNotLeaderResponses
2019-09-20 08:38:11,780 [Thread-791] INFO  impl.RaftServerImpl (ServerState.java:close(394)) - 5bfa0e55-6e65-4c9d-a9d6-a9b1c265a83f:group-6587745B51F5 closes. The last applied log index is 0
2019-09-20 08:38:11,780 [ForkJoinPool.commonPool-worker-1] INFO  impl.StateMachineUpdater (StateMachineUpdater.java:stopAndJoin(115)) - StateMachineUpdater:8a49adf3-6e81-4a75-ab50-8f2c6e76bdc3:group-BA44C97ABDEE: set stopIndex = 0
2019-09-20 08:38:11,781 [5bfa0e55-6e65-4c9d-a9d6-a9b1c265a83f-SegmentedRaftLogWorker:Storage Directory /workdir/hadoop-ozone/ozonefs/target/test-dir/MiniOzoneClusterImpl-1f915b72-7f2b-4803-b951-606f028ff0e9/datanode-1/data/ratis/6cae6f67-df77-410e-87b0-6587745b51f5] INFO  segmented.SegmentedRaftLogWorker (SegmentedRaftLogWorker.java:run(313)) - 5bfa0e55-6e65-4c9d-a9d6-a9b1c265a83f-SegmentedRaftLogWorker:Storage Directory /workdir/hadoop-ozone/ozonefs/target/test-dir/MiniOzoneClusterImpl-1f915b72-7f2b-4803-b951-606f028ff0e9/datanode-1/data/ratis/6cae6f67-df77-410e-87b0-6587745b51f5 was interrupted, exiting. There are 0 tasks remaining in the queue.
2019-09-20 08:38:11,781 [ForkJoinPool.commonPool-worker-1] INFO  impl.RaftServerImpl (ServerState.java:close(394)) - 8a49adf3-6e81-4a75-ab50-8f2c6e76bdc3:group-BA44C97ABDEE closes. The last applied log index is 0
2019-09-20 08:38:11,781 [Thread-791] INFO  segmented.SegmentedRaftLogWorker (SegmentedRaftLogWorker.java:close(228)) - 5bfa0e55-6e65-4c9d-a9d6-a9b1c265a83f-SegmentedRaftLogWorker:Storage Directory /workdir/hadoop-ozone/ozonefs/target/test-dir/MiniOzoneClusterImpl-1f915b72-7f2b-4803-b951-606f028ff0e9/datanode-1/data/ratis/6cae6f67-df77-410e-87b0-6587745b51f5 close()
2019-09-20 08:38:11,781 [8a49adf3-6e81-4a75-ab50-8f2c6e76bdc3-SegmentedRaftLogWorker:Storage Directory /workdir/hadoop-ozone/ozonefs/target/test-dir/MiniOzoneClusterImpl-1f915b72-7f2b-4803-b951-606f028ff0e9/datanode-0/data/ratis/3b9282af-c4ad-4f75-b113-ba44c97abdee] INFO  segmented.SegmentedRaftLogWorker (SegmentedRaftLogWorker.java:run(313)) - 8a49adf3-6e81-4a75-ab50-8f2c6e76bdc3-SegmentedRaftLogWorker:Storage Directory /workdir/hadoop-ozone/ozonefs/target/test-dir/MiniOzoneClusterImpl-1f915b72-7f2b-4803-b951-606f028ff0e9/datanode-0/data/ratis/3b9282af-c4ad-4f75-b113-ba44c97abdee was interrupted, exiting. There are 0 tasks remaining in the queue.
2019-09-20 08:38:11,783 [Thread-791] INFO  impl.RaftServerImpl (RaftServerImpl.java:lambda$shutdown$3(245)) - 5bfa0e55-6e65-4c9d-a9d6-a9b1c265a83f: shutdown group-12F1FF0A02E8
2019-09-20 08:38:11,783 [ForkJoinPool.commonPool-worker-1] INFO  segmented.SegmentedRaftLogWorker (SegmentedRaftLogWorker.java:close(228)) - 8a49adf3-6e81-4a75-ab50-8f2c6e76bdc3-SegmentedRaftLogWorker:Storage Directory /workdir/hadoop-ozone/ozonefs/target/test-dir/MiniOzoneClusterImpl-1f915b72-7f2b-4803-b951-606f028ff0e9/datanode-0/data/ratis/3b9282af-c4ad-4f75-b113-ba44c97abdee close()
2019-09-20 08:38:11,784 [Thread-791] INFO  util.JmxRegister (JmxRegister.java:unregister(73)) - Successfully un-registered JMX Bean with object name Ratis:service=RaftServer,group=group-12F1FF0A02E8,id=5bfa0e55-6e65-4c9d-a9d6-a9b1c265a83f
2019-09-20 08:38:11,786 [Thread-791] INFO  impl.RoleInfo (RoleInfo.java:shutdownLeaderState(104)) - 5bfa0e55-6e65-4c9d-a9d6-a9b1c265a83f: shutdown LeaderState
2019-09-20 08:38:11,785 [ForkJoinPool.commonPool-worker-1] INFO  impl.RaftServerImpl (RaftServerImpl.java:lambda$shutdown$3(245)) - 8a49adf3-6e81-4a75-ab50-8f2c6e76bdc3: shutdown group-6F9F94C08E27
2019-09-20 08:38:11,786 [Thread-791] INFO  impl.PendingRequests (PendingRequests.java:sendNotLeaderResponses(202)) - 5bfa0e55-6e65-4c9d-a9d6-a9b1c265a83f-PendingRequests: sendNotLeaderResponses
2019-09-20 08:38:11,786 [ForkJoinPool.commonPool-worker-1] INFO  util.JmxRegister (JmxRegister.java:unregister(73)) - Successfully un-registered JMX Bean with object name Ratis:service=RaftServer,group=group-6F9F94C08E27,id=8a49adf3-6e81-4a75-ab50-8f2c6e76bdc3
2019-09-20 08:38:11,787 [Thread-791] INFO  impl.StateMachineUpdater (StateMachineUpdater.java:stopAndJoin(115)) - StateMachineUpdater:5bfa0e55-6e65-4c9d-a9d6-a9b1c265a83f:group-12F1FF0A02E8: set stopIndex = 0
2019-09-20 08:38:11,787 [ForkJoinPool.commonPool-worker-1] INFO  impl.RoleInfo (RoleInfo.java:shutdownLeaderState(104)) - 8a49adf3-6e81-4a75-ab50-8f2c6e76bdc3: shutdown LeaderState
2019-09-20 08:38:11,787 [Thread-791] INFO  impl.RaftServerImpl (ServerState.java:close(394)) - 5bfa0e55-6e65-4c9d-a9d6-a9b1c265a83f:group-12F1FF0A02E8 closes. The last applied log index is 0
2019-09-20 08:38:11,788 [ForkJoinPool.commonPool-worker-1] INFO  impl.PendingRequests (PendingRequests.java:sendNotLeaderResponses(202)) - 8a49adf3-6e81-4a75-ab50-8f2c6e76bdc3-PendingRequests: sendNotLeaderResponses
2019-09-20 08:38:11,788 [5bfa0e55-6e65-4c9d-a9d6-a9b1c265a83f-SegmentedRaftLogWorker:Storage Directory /workdir/hadoop-ozone/ozonefs/target/test-dir/MiniOzoneClusterImpl-1f915b72-7f2b-4803-b951-606f028ff0e9/datanode-1/data/ratis/03bb5b8e-be2f-49b7-bff0-12f1ff0a02e8] INFO  segmented.SegmentedRaftLogWorker (SegmentedRaftLogWorker.java:run(313)) - 5bfa0e55-6e65-4c9d-a9d6-a9b1c265a83f-SegmentedRaftLogWorker:Storage Directory /workdir/hadoop-ozone/ozonefs/target/test-dir/MiniOzoneClusterImpl-1f915b72-7f2b-4803-b951-606f028ff0e9/datanode-1/data/ratis/03bb5b8e-be2f-49b7-bff0-12f1ff0a02e8 was interrupted, exiting. There are 0 tasks remaining in the queue.
2019-09-20 08:38:11,788 [ForkJoinPool.commonPool-worker-1] INFO  impl.StateMachineUpdater (StateMachineUpdater.java:stopAndJoin(115)) - StateMachineUpdater:8a49adf3-6e81-4a75-ab50-8f2c6e76bdc3:group-6F9F94C08E27: set stopIndex = 0
2019-09-20 08:38:11,788 [Thread-791] INFO  segmented.SegmentedRaftLogWorker (SegmentedRaftLogWorker.java:close(228)) - 5bfa0e55-6e65-4c9d-a9d6-a9b1c265a83f-SegmentedRaftLogWorker:Storage Directory /workdir/hadoop-ozone/ozonefs/target/test-dir/MiniOzoneClusterImpl-1f915b72-7f2b-4803-b951-606f028ff0e9/datanode-1/data/ratis/03bb5b8e-be2f-49b7-bff0-12f1ff0a02e8 close()
2019-09-20 08:38:11,789 [ForkJoinPool.commonPool-worker-1] INFO  impl.RaftServerImpl (ServerState.java:close(394)) - 8a49adf3-6e81-4a75-ab50-8f2c6e76bdc3:group-6F9F94C08E27 closes. The last applied log index is 0
2019-09-20 08:38:11,790 [Thread-791] INFO  impl.RaftServerImpl (RaftServerImpl.java:lambda$shutdown$3(245)) - 5bfa0e55-6e65-4c9d-a9d6-a9b1c265a83f: shutdown group-968900B0C1C0
2019-09-20 08:38:11,791 [8a49adf3-6e81-4a75-ab50-8f2c6e76bdc3-SegmentedRaftLogWorker:Storage Directory /workdir/hadoop-ozone/ozonefs/target/test-dir/MiniOzoneClusterImpl-1f915b72-7f2b-4803-b951-606f028ff0e9/datanode-0/data/ratis/0669b78f-6bed-48eb-85a8-6f9f94c08e27] INFO  segmented.SegmentedRaftLogWorker (SegmentedRaftLogWorker.java:run(313)) - 8a49adf3-6e81-4a75-ab50-8f2c6e76bdc3-SegmentedRaftLogWorker:Storage Directory /workdir/hadoop-ozone/ozonefs/target/test-dir/MiniOzoneClusterImpl-1f915b72-7f2b-4803-b951-606f028ff0e9/datanode-0/data/ratis/0669b78f-6bed-48eb-85a8-6f9f94c08e27 was interrupted, exiting. There are 0 tasks remaining in the queue.
2019-09-20 08:38:11,791 [Thread-791] INFO  util.JmxRegister (JmxRegister.java:unregister(73)) - Successfully un-registered JMX Bean with object name Ratis:service=RaftServer,group=group-968900B0C1C0,id=5bfa0e55-6e65-4c9d-a9d6-a9b1c265a83f
2019-09-20 08:38:11,791 [ForkJoinPool.commonPool-worker-1] INFO  segmented.SegmentedRaftLogWorker (SegmentedRaftLogWorker.java:close(228)) - 8a49adf3-6e81-4a75-ab50-8f2c6e76bdc3-SegmentedRaftLogWorker:Storage Directory /workdir/hadoop-ozone/ozonefs/target/test-dir/MiniOzoneClusterImpl-1f915b72-7f2b-4803-b951-606f028ff0e9/datanode-0/data/ratis/0669b78f-6bed-48eb-85a8-6f9f94c08e27 close()
2019-09-20 08:38:11,792 [Thread-791] INFO  impl.RoleInfo (RoleInfo.java:shutdownLeaderState(104)) - 5bfa0e55-6e65-4c9d-a9d6-a9b1c265a83f: shutdown LeaderState
2019-09-20 08:38:11,793 [ForkJoinPool.commonPool-worker-1] INFO  impl.RaftServerImpl (RaftServerImpl.java:lambda$shutdown$3(245)) - 8a49adf3-6e81-4a75-ab50-8f2c6e76bdc3: shutdown group-6C1062D9A251
2019-09-20 08:38:11,793 [Thread-791] INFO  impl.PendingRequests (PendingRequests.java:sendNotLeaderResponses(202)) - 5bfa0e55-6e65-4c9d-a9d6-a9b1c265a83f-PendingRequests: sendNotLeaderResponses
2019-09-20 08:38:11,794 [ForkJoinPool.commonPool-worker-1] INFO  util.JmxRegister (JmxRegister.java:unregister(73)) - Successfully un-registered JMX Bean with object name Ratis:service=RaftServer,group=group-6C1062D9A251,id=8a49adf3-6e81-4a75-ab50-8f2c6e76bdc3
2019-09-20 08:38:11,794 [Thread-791] INFO  impl.StateMachineUpdater (StateMachineUpdater.java:stopAndJoin(115)) - StateMachineUpdater:5bfa0e55-6e65-4c9d-a9d6-a9b1c265a83f:group-968900B0C1C0: set stopIndex = 0
2019-09-20 08:38:11,794 [ForkJoinPool.commonPool-worker-1] INFO  impl.RoleInfo (RoleInfo.java:shutdownLeaderState(104)) - 8a49adf3-6e81-4a75-ab50-8f2c6e76bdc3: shutdown LeaderState
2019-09-20 08:38:11,795 [Thread-791] INFO  impl.RaftServerImpl (ServerState.java:close(394)) - 5bfa0e55-6e65-4c9d-a9d6-a9b1c265a83f:group-968900B0C1C0 closes. The last applied log index is 0
2019-09-20 08:38:11,795 [ForkJoinPool.commonPool-worker-1] INFO  impl.PendingRequests (PendingRequests.java:sendNotLeaderResponses(202)) - 8a49adf3-6e81-4a75-ab50-8f2c6e76bdc3-PendingRequests: sendNotLeaderResponses
2019-09-20 08:38:11,795 [5bfa0e55-6e65-4c9d-a9d6-a9b1c265a83f-SegmentedRaftLogWorker:Storage Directory /workdir/hadoop-ozone/ozonefs/target/test-dir/MiniOzoneClusterImpl-1f915b72-7f2b-4803-b951-606f028ff0e9/datanode-1/data/ratis/d3033f77-9075-4ac1-b447-968900b0c1c0] INFO  segmented.SegmentedRaftLogWorker (SegmentedRaftLogWorker.java:run(313)) - 5bfa0e55-6e65-4c9d-a9d6-a9b1c265a83f-SegmentedRaftLogWorker:Storage Directory /workdir/hadoop-ozone/ozonefs/target/test-dir/MiniOzoneClusterImpl-1f915b72-7f2b-4803-b951-606f028ff0e9/datanode-1/data/ratis/d3033f77-9075-4ac1-b447-968900b0c1c0 was interrupted, exiting. There are 0 tasks remaining in the queue.
2019-09-20 08:38:11,795 [ForkJoinPool.commonPool-worker-1] INFO  impl.StateMachineUpdater (StateMachineUpdater.java:stopAndJoin(115)) - StateMachineUpdater:8a49adf3-6e81-4a75-ab50-8f2c6e76bdc3:group-6C1062D9A251: set stopIndex = 0
2019-09-20 08:38:11,796 [Thread-791] INFO  segmented.SegmentedRaftLogWorker (SegmentedRaftLogWorker.java:close(228)) - 5bfa0e55-6e65-4c9d-a9d6-a9b1c265a83f-SegmentedRaftLogWorker:Storage Directory /workdir/hadoop-ozone/ozonefs/target/test-dir/MiniOzoneClusterImpl-1f915b72-7f2b-4803-b951-606f028ff0e9/datanode-1/data/ratis/d3033f77-9075-4ac1-b447-968900b0c1c0 close()
2019-09-20 08:38:11,796 [ForkJoinPool.commonPool-worker-1] INFO  impl.RaftServerImpl (ServerState.java:close(394)) - 8a49adf3-6e81-4a75-ab50-8f2c6e76bdc3:group-6C1062D9A251 closes. The last applied log index is 0
2019-09-20 08:38:11,797 [Thread-791] INFO  impl.RaftServerImpl (RaftServerImpl.java:lambda$shutdown$3(245)) - 5bfa0e55-6e65-4c9d-a9d6-a9b1c265a83f: shutdown group-7790141D22C0
2019-09-20 08:38:11,797 [8a49adf3-6e81-4a75-ab50-8f2c6e76bdc3-SegmentedRaftLogWorker:Storage Directory /workdir/hadoop-ozone/ozonefs/target/test-dir/MiniOzoneClusterImpl-1f915b72-7f2b-4803-b951-606f028ff0e9/datanode-0/data/ratis/fd470c41-c628-462b-8526-6c1062d9a251] INFO  segmented.SegmentedRaftLogWorker (SegmentedRaftLogWorker.java:run(313)) - 8a49adf3-6e81-4a75-ab50-8f2c6e76bdc3-SegmentedRaftLogWorker:Storage Directory /workdir/hadoop-ozone/ozonefs/target/test-dir/MiniOzoneClusterImpl-1f915b72-7f2b-4803-b951-606f028ff0e9/datanode-0/data/ratis/fd470c41-c628-462b-8526-6c1062d9a251 was interrupted, exiting. There are 0 tasks remaining in the queue.
2019-09-20 08:38:11,798 [Thread-791] INFO  util.JmxRegister (JmxRegister.java:unregister(73)) - Successfully un-registered JMX Bean with object name Ratis:service=RaftServer,group=group-7790141D22C0,id=5bfa0e55-6e65-4c9d-a9d6-a9b1c265a83f
2019-09-20 08:38:11,798 [ForkJoinPool.commonPool-worker-1] INFO  segmented.SegmentedRaftLogWorker (SegmentedRaftLogWorker.java:close(228)) - 8a49adf3-6e81-4a75-ab50-8f2c6e76bdc3-SegmentedRaftLogWorker:Storage Directory /workdir/hadoop-ozone/ozonefs/target/test-dir/MiniOzoneClusterImpl-1f915b72-7f2b-4803-b951-606f028ff0e9/datanode-0/data/ratis/fd470c41-c628-462b-8526-6c1062d9a251 close()
2019-09-20 08:38:11,798 [Thread-791] INFO  impl.RoleInfo (RoleInfo.java:shutdownLeaderState(104)) - 5bfa0e55-6e65-4c9d-a9d6-a9b1c265a83f: shutdown LeaderState
2019-09-20 08:38:11,799 [ForkJoinPool.commonPool-worker-1] INFO  impl.RaftServerImpl (RaftServerImpl.java:lambda$shutdown$3(245)) - 8a49adf3-6e81-4a75-ab50-8f2c6e76bdc3: shutdown group-F227561E6AA0
2019-09-20 08:38:11,799 [Thread-791] INFO  impl.PendingRequests (PendingRequests.java:sendNotLeaderResponses(202)) - 5bfa0e55-6e65-4c9d-a9d6-a9b1c265a83f-PendingRequests: sendNotLeaderResponses
2019-09-20 08:38:11,800 [ForkJoinPool.commonPool-worker-1] INFO  util.JmxRegister (JmxRegister.java:unregister(73)) - Successfully un-registered JMX Bean with object name Ratis:service=RaftServer,group=group-F227561E6AA0,id=8a49adf3-6e81-4a75-ab50-8f2c6e76bdc3
2019-09-20 08:38:11,800 [Thread-791] INFO  impl.StateMachineUpdater (StateMachineUpdater.java:stopAndJoin(115)) - StateMachineUpdater:5bfa0e55-6e65-4c9d-a9d6-a9b1c265a83f:group-7790141D22C0: set stopIndex = 0
2019-09-20 08:38:11,800 [ForkJoinPool.commonPool-worker-1] INFO  impl.RoleInfo (RoleInfo.java:shutdownLeaderState(104)) - 8a49adf3-6e81-4a75-ab50-8f2c6e76bdc3: shutdown LeaderState
2019-09-20 08:38:11,801 [Thread-791] INFO  impl.RaftServerImpl (ServerState.java:close(394)) - 5bfa0e55-6e65-4c9d-a9d6-a9b1c265a83f:group-7790141D22C0 closes. The last applied log index is 0
2019-09-20 08:38:11,801 [ForkJoinPool.commonPool-worker-1] INFO  impl.PendingRequests (PendingRequests.java:sendNotLeaderResponses(202)) - 8a49adf3-6e81-4a75-ab50-8f2c6e76bdc3-PendingRequests: sendNotLeaderResponses
2019-09-20 08:38:11,802 [5bfa0e55-6e65-4c9d-a9d6-a9b1c265a83f-SegmentedRaftLogWorker:Storage Directory /workdir/hadoop-ozone/ozonefs/target/test-dir/MiniOzoneClusterImpl-1f915b72-7f2b-4803-b951-606f028ff0e9/datanode-1/data/ratis/cc9f50fb-a74f-489b-8032-7790141d22c0] INFO  segmented.SegmentedRaftLogWorker (SegmentedRaftLogWorker.java:run(313)) - 5bfa0e55-6e65-4c9d-a9d6-a9b1c265a83f-SegmentedRaftLogWorker:Storage Directory /workdir/hadoop-ozone/ozonefs/target/test-dir/MiniOzoneClusterImpl-1f915b72-7f2b-4803-b951-606f028ff0e9/datanode-1/data/ratis/cc9f50fb-a74f-489b-8032-7790141d22c0 was interrupted, exiting. There are 0 tasks remaining in the queue.
2019-09-20 08:38:11,802 [ForkJoinPool.commonPool-worker-1] INFO  impl.StateMachineUpdater (StateMachineUpdater.java:stopAndJoin(115)) - StateMachineUpdater:8a49adf3-6e81-4a75-ab50-8f2c6e76bdc3:group-F227561E6AA0: set stopIndex = 0
2019-09-20 08:38:11,802 [Thread-791] INFO  segmented.SegmentedRaftLogWorker (SegmentedRaftLogWorker.java:close(228)) - 5bfa0e55-6e65-4c9d-a9d6-a9b1c265a83f-SegmentedRaftLogWorker:Storage Directory /workdir/hadoop-ozone/ozonefs/target/test-dir/MiniOzoneClusterImpl-1f915b72-7f2b-4803-b951-606f028ff0e9/datanode-1/data/ratis/cc9f50fb-a74f-489b-8032-7790141d22c0 close()
2019-09-20 08:38:11,802 [ForkJoinPool.commonPool-worker-1] INFO  impl.RaftServerImpl (ServerState.java:close(394)) - 8a49adf3-6e81-4a75-ab50-8f2c6e76bdc3:group-F227561E6AA0 closes. The last applied log index is 0
2019-09-20 08:38:11,804 [Thread-791] INFO  impl.RaftServerImpl (RaftServerImpl.java:lambda$shutdown$3(245)) - 5bfa0e55-6e65-4c9d-a9d6-a9b1c265a83f: shutdown group-5EC690A38105
2019-09-20 08:38:11,804 [8a49adf3-6e81-4a75-ab50-8f2c6e76bdc3-SegmentedRaftLogWorker:Storage Directory /workdir/hadoop-ozone/ozonefs/target/test-dir/MiniOzoneClusterImpl-1f915b72-7f2b-4803-b951-606f028ff0e9/datanode-0/data/ratis/a20546fb-9870-4304-ad5f-f227561e6aa0] INFO  segmented.SegmentedRaftLogWorker (SegmentedRaftLogWorker.java:run(313)) - 8a49adf3-6e81-4a75-ab50-8f2c6e76bdc3-SegmentedRaftLogWorker:Storage Directory /workdir/hadoop-ozone/ozonefs/target/test-dir/MiniOzoneClusterImpl-1f915b72-7f2b-4803-b951-606f028ff0e9/datanode-0/data/ratis/a20546fb-9870-4304-ad5f-f227561e6aa0 was interrupted, exiting. There are 0 tasks remaining in the queue.
2019-09-20 08:38:11,805 [Thread-791] INFO  util.JmxRegister (JmxRegister.java:unregister(73)) - Successfully un-registered JMX Bean with object name Ratis:service=RaftServer,group=group-5EC690A38105,id=5bfa0e55-6e65-4c9d-a9d6-a9b1c265a83f
2019-09-20 08:38:11,805 [ForkJoinPool.commonPool-worker-1] INFO  segmented.SegmentedRaftLogWorker (SegmentedRaftLogWorker.java:close(228)) - 8a49adf3-6e81-4a75-ab50-8f2c6e76bdc3-SegmentedRaftLogWorker:Storage Directory /workdir/hadoop-ozone/ozonefs/target/test-dir/MiniOzoneClusterImpl-1f915b72-7f2b-4803-b951-606f028ff0e9/datanode-0/data/ratis/a20546fb-9870-4304-ad5f-f227561e6aa0 close()
2019-09-20 08:38:11,805 [Thread-791] INFO  impl.RoleInfo (RoleInfo.java:shutdownLeaderState(104)) - 5bfa0e55-6e65-4c9d-a9d6-a9b1c265a83f: shutdown LeaderState
2019-09-20 08:38:11,807 [ForkJoinPool.commonPool-worker-1] INFO  impl.RaftServerImpl (RaftServerImpl.java:lambda$shutdown$3(245)) - 8a49adf3-6e81-4a75-ab50-8f2c6e76bdc3: shutdown group-740A6BEA6513
2019-09-20 08:38:11,807 [Thread-791] INFO  impl.PendingRequests (PendingRequests.java:sendNotLeaderResponses(202)) - 5bfa0e55-6e65-4c9d-a9d6-a9b1c265a83f-PendingRequests: sendNotLeaderResponses
2019-09-20 08:38:11,807 [ForkJoinPool.commonPool-worker-1] INFO  util.JmxRegister (JmxRegister.java:unregister(73)) - Successfully un-registered JMX Bean with object name Ratis:service=RaftServer,group=group-740A6BEA6513,id=8a49adf3-6e81-4a75-ab50-8f2c6e76bdc3
2019-09-20 08:38:11,808 [Thread-791] INFO  impl.StateMachineUpdater (StateMachineUpdater.java:stopAndJoin(115)) - StateMachineUpdater:5bfa0e55-6e65-4c9d-a9d6-a9b1c265a83f:group-5EC690A38105: set stopIndex = 0
2019-09-20 08:38:11,808 [ForkJoinPool.commonPool-worker-1] INFO  impl.RoleInfo (RoleInfo.java:shutdownLeaderState(104)) - 8a49adf3-6e81-4a75-ab50-8f2c6e76bdc3: shutdown LeaderState
2019-09-20 08:38:11,809 [Thread-791] INFO  impl.RaftServerImpl (ServerState.java:close(394)) - 5bfa0e55-6e65-4c9d-a9d6-a9b1c265a83f:group-5EC690A38105 closes. The last applied log index is 0
2019-09-20 08:38:11,809 [ForkJoinPool.commonPool-worker-1] INFO  impl.PendingRequests (PendingRequests.java:sendNotLeaderResponses(202)) - 8a49adf3-6e81-4a75-ab50-8f2c6e76bdc3-PendingRequests: sendNotLeaderResponses
2019-09-20 08:38:11,809 [5bfa0e55-6e65-4c9d-a9d6-a9b1c265a83f-SegmentedRaftLogWorker:Storage Directory /workdir/hadoop-ozone/ozonefs/target/test-dir/MiniOzoneClusterImpl-1f915b72-7f2b-4803-b951-606f028ff0e9/datanode-1/data/ratis/5ee55049-05db-4ed9-b6f1-5ec690a38105] INFO  segmented.SegmentedRaftLogWorker (SegmentedRaftLogWorker.java:run(313)) - 5bfa0e55-6e65-4c9d-a9d6-a9b1c265a83f-SegmentedRaftLogWorker:Storage Directory /workdir/hadoop-ozone/ozonefs/target/test-dir/MiniOzoneClusterImpl-1f915b72-7f2b-4803-b951-606f028ff0e9/datanode-1/data/ratis/5ee55049-05db-4ed9-b6f1-5ec690a38105 was interrupted, exiting. There are 0 tasks remaining in the queue.
2019-09-20 08:38:11,810 [ForkJoinPool.commonPool-worker-1] INFO  impl.StateMachineUpdater (StateMachineUpdater.java:stopAndJoin(115)) - StateMachineUpdater:8a49adf3-6e81-4a75-ab50-8f2c6e76bdc3:group-740A6BEA6513: set stopIndex = 0
2019-09-20 08:38:11,810 [Thread-791] INFO  segmented.SegmentedRaftLogWorker (SegmentedRaftLogWorker.java:close(228)) - 5bfa0e55-6e65-4c9d-a9d6-a9b1c265a83f-SegmentedRaftLogWorker:Storage Directory /workdir/hadoop-ozone/ozonefs/target/test-dir/MiniOzoneClusterImpl-1f915b72-7f2b-4803-b951-606f028ff0e9/datanode-1/data/ratis/5ee55049-05db-4ed9-b6f1-5ec690a38105 close()
2019-09-20 08:38:11,810 [ForkJoinPool.commonPool-worker-1] INFO  impl.RaftServerImpl (ServerState.java:close(394)) - 8a49adf3-6e81-4a75-ab50-8f2c6e76bdc3:group-740A6BEA6513 closes. The last applied log index is 0
2019-09-20 08:38:11,812 [Thread-791] INFO  server.GrpcService (GrpcService.java:closeImpl(155)) - 5bfa0e55-6e65-4c9d-a9d6-a9b1c265a83f: shutdown server with port 36439 now
2019-09-20 08:38:11,812 [8a49adf3-6e81-4a75-ab50-8f2c6e76bdc3-SegmentedRaftLogWorker:Storage Directory /workdir/hadoop-ozone/ozonefs/target/test-dir/MiniOzoneClusterImpl-1f915b72-7f2b-4803-b951-606f028ff0e9/datanode-0/data/ratis/954e3186-aa29-4339-9ce5-740a6bea6513] INFO  segmented.SegmentedRaftLogWorker (SegmentedRaftLogWorker.java:run(313)) - 8a49adf3-6e81-4a75-ab50-8f2c6e76bdc3-SegmentedRaftLogWorker:Storage Directory /workdir/hadoop-ozone/ozonefs/target/test-dir/MiniOzoneClusterImpl-1f915b72-7f2b-4803-b951-606f028ff0e9/datanode-0/data/ratis/954e3186-aa29-4339-9ce5-740a6bea6513 was interrupted, exiting. There are 0 tasks remaining in the queue.
2019-09-20 08:38:11,812 [ForkJoinPool.commonPool-worker-1] INFO  segmented.SegmentedRaftLogWorker (SegmentedRaftLogWorker.java:close(228)) - 8a49adf3-6e81-4a75-ab50-8f2c6e76bdc3-SegmentedRaftLogWorker:Storage Directory /workdir/hadoop-ozone/ozonefs/target/test-dir/MiniOzoneClusterImpl-1f915b72-7f2b-4803-b951-606f028ff0e9/datanode-0/data/ratis/954e3186-aa29-4339-9ce5-740a6bea6513 close()
2019-09-20 08:38:11,814 [ForkJoinPool.commonPool-worker-1] INFO  server.GrpcService (GrpcService.java:closeImpl(155)) - 8a49adf3-6e81-4a75-ab50-8f2c6e76bdc3: shutdown server with port 46226 now
2019-09-20 08:38:11,814 [Thread-791] INFO  server.GrpcService (GrpcService.java:closeImpl(163)) - 5bfa0e55-6e65-4c9d-a9d6-a9b1c265a83f: shutdown server with port 36439 successfully
2019-09-20 08:38:11,816 [ForkJoinPool.commonPool-worker-1] INFO  server.GrpcService (GrpcService.java:closeImpl(163)) - 8a49adf3-6e81-4a75-ab50-8f2c6e76bdc3: shutdown server with port 46226 successfully
2019-09-20 08:38:11,818 [Thread-791] INFO  utils.BackgroundService (BackgroundService.java:shutdown(148)) - Shutting down service BlockDeletingService
2019-09-20 08:38:11,818 [ForkJoinPool.commonPool-worker-1] INFO  utils.BackgroundService (BackgroundService.java:shutdown(148)) - Shutting down service BlockDeletingService
2019-09-20 08:38:11,820 [refreshUsed-/workdir/hadoop-ozone/ozonefs/target/test-dir/MiniOzoneClusterImpl-1f915b72-7f2b-4803-b951-606f028ff0e9/datanode-1/data/containers] WARN  fs.CachingGetSpaceUsed (CachingGetSpaceUsed.java:run(183)) - Thread Interrupted waiting to refresh disk information: sleep interrupted
2019-09-20 08:38:11,820 [refreshUsed-/workdir/hadoop-ozone/ozonefs/target/test-dir/MiniOzoneClusterImpl-1f915b72-7f2b-4803-b951-606f028ff0e9/datanode-0/data/containers] WARN  fs.CachingGetSpaceUsed (CachingGetSpaceUsed.java:run(183)) - Thread Interrupted waiting to refresh disk information: sleep interrupted
2019-09-20 08:38:11,854 [Thread-791] INFO  statemachine.DatanodeStateMachine (DatanodeStateMachine.java:stopDaemon(395)) - Ozone container server stopped.
2019-09-20 08:38:11,855 [Thread-791] INFO  handler.ContextHandler (ContextHandler.java:doStop(910)) - Stopped o.e.j.w.WebAppContext@28314dc3{/,null,UNAVAILABLE}{/hddsDatanode}
2019-09-20 08:38:11,856 [Thread-791] INFO  server.AbstractConnector (AbstractConnector.java:doStop(318)) - Stopped ServerConnector@76f6e055{HTTP/1.1,[http/1.1]}{0.0.0.0:0}
2019-09-20 08:38:11,856 [Thread-791] INFO  handler.ContextHandler (ContextHandler.java:doStop(910)) - Stopped o.e.j.s.ServletContextHandler@5079352f{/static,jar:file:/home/user/.m2/repository/org/apache/hadoop/hadoop-hdds-container-service/0.5.0-SNAPSHOT/hadoop-hdds-container-service-0.5.0-SNAPSHOT.jar!/webapps/static,UNAVAILABLE}
2019-09-20 08:38:11,857 [Thread-791] INFO  handler.ContextHandler (ContextHandler.java:doStop(910)) - Stopped o.e.j.s.ServletContextHandler@2771772c{/logs,file:///workdir/hadoop-ozone/ozonefs/target/log,UNAVAILABLE}
2019-09-20 08:38:11,858 [Thread-791] INFO  datanode.ObjectStoreHandler (ObjectStoreHandler.java:close(155)) - Closing ObjectStoreHandler.
2019-09-20 08:38:11,860 [ForkJoinPool.commonPool-worker-1] INFO  statemachine.DatanodeStateMachine (DatanodeStateMachine.java:stopDaemon(395)) - Ozone container server stopped.
2019-09-20 08:38:11,861 [Thread-791] INFO  ozone.HddsDatanodeService (HddsDatanodeService.java:stop(451)) - Stopped plug-in org.apache.hadoop.ozone.web.OzoneHddsDatanodeService@bb43639
2019-09-20 08:38:11,864 [ForkJoinPool.commonPool-worker-1] INFO  handler.ContextHandler (ContextHandler.java:doStop(910)) - Stopped o.e.j.w.WebAppContext@7f1b5d49{/,null,UNAVAILABLE}{/hddsDatanode}
2019-09-20 08:38:11,864 [ForkJoinPool.commonPool-worker-1] INFO  server.AbstractConnector (AbstractConnector.java:doStop(318)) - Stopped ServerConnector@1d1d4b1b{HTTP/1.1,[http/1.1]}{0.0.0.0:0}
2019-09-20 08:38:11,865 [ForkJoinPool.commonPool-worker-1] INFO  handler.ContextHandler (ContextHandler.java:doStop(910)) - Stopped o.e.j.s.ServletContextHandler@21f2d810{/static,jar:file:/home/user/.m2/repository/org/apache/hadoop/hadoop-hdds-container-service/0.5.0-SNAPSHOT/hadoop-hdds-container-service-0.5.0-SNAPSHOT.jar!/webapps/static,UNAVAILABLE}
2019-09-20 08:38:11,866 [ForkJoinPool.commonPool-worker-1] INFO  handler.ContextHandler (ContextHandler.java:doStop(910)) - Stopped o.e.j.s.ServletContextHandler@4a5739be{/logs,file:///workdir/hadoop-ozone/ozonefs/target/log,UNAVAILABLE}
2019-09-20 08:38:12,482 [Datanode State Machine Thread - 0] INFO  statemachine.DatanodeStateMachine (DatanodeStateMachine.java:lambda$startDaemon$0(350)) - Ozone container server started.
2019-09-20 08:38:16,863 [Thread-791] INFO  ozoneimpl.OzoneContainer (OzoneContainer.java:stop(199)) - Attempting to stop container services.
2019-09-20 08:38:16,864 [Thread-791] INFO  impl.RaftServerProxy (RaftServerProxy.java:lambda$close$4(314)) - 2f8cca2b-bc23-4b5e-a61a-cdaaa212171f: close
2019-09-20 08:38:16,865 [Thread-791] INFO  impl.RaftServerImpl (RaftServerImpl.java:lambda$shutdown$3(245)) - 2f8cca2b-bc23-4b5e-a61a-cdaaa212171f: shutdown group-D6C954FA365F
2019-09-20 08:38:16,865 [ForkJoinPool.commonPool-worker-0] INFO  impl.RaftServerImpl (RaftServerImpl.java:lambda$shutdown$3(245)) - 2f8cca2b-bc23-4b5e-a61a-cdaaa212171f: shutdown group-AB03F178C851
2019-09-20 08:38:16,866 [Thread-791] INFO  util.JmxRegister (JmxRegister.java:unregister(73)) - Successfully un-registered JMX Bean with object name Ratis:service=RaftServer,group=group-D6C954FA365F,id=2f8cca2b-bc23-4b5e-a61a-cdaaa212171f
2019-09-20 08:38:16,866 [ForkJoinPool.commonPool-worker-0] INFO  util.JmxRegister (JmxRegister.java:unregister(73)) - Successfully un-registered JMX Bean with object name Ratis:service=RaftServer,group=group-AB03F178C851,id=2f8cca2b-bc23-4b5e-a61a-cdaaa212171f
2019-09-20 08:38:16,866 [Thread-791] INFO  impl.RoleInfo (RoleInfo.java:shutdownLeaderState(104)) - 2f8cca2b-bc23-4b5e-a61a-cdaaa212171f: shutdown LeaderState
2019-09-20 08:38:16,866 [ForkJoinPool.commonPool-worker-0] INFO  impl.RoleInfo (RoleInfo.java:shutdownLeaderState(104)) - 2f8cca2b-bc23-4b5e-a61a-cdaaa212171f: shutdown LeaderState
2019-09-20 08:38:16,867 [Thread-791] INFO  impl.PendingRequests (PendingRequests.java:sendNotLeaderResponses(202)) - 2f8cca2b-bc23-4b5e-a61a-cdaaa212171f-PendingRequests: sendNotLeaderResponses
2019-09-20 08:38:16,867 [ForkJoinPool.commonPool-worker-0] INFO  impl.PendingRequests (PendingRequests.java:sendNotLeaderResponses(202)) - 2f8cca2b-bc23-4b5e-a61a-cdaaa212171f-PendingRequests: sendNotLeaderResponses
2019-09-20 08:38:16,867 [Thread-791] INFO  impl.StateMachineUpdater (StateMachineUpdater.java:stopAndJoin(115)) - StateMachineUpdater:2f8cca2b-bc23-4b5e-a61a-cdaaa212171f:group-D6C954FA365F: set stopIndex = 0
2019-09-20 08:38:16,868 [ForkJoinPool.commonPool-worker-0] INFO  impl.StateMachineUpdater (StateMachineUpdater.java:stopAndJoin(115)) - StateMachineUpdater:2f8cca2b-bc23-4b5e-a61a-cdaaa212171f:group-AB03F178C851: set stopIndex = 0
2019-09-20 08:38:16,868 [Thread-791] INFO  impl.RaftServerImpl (ServerState.java:close(394)) - 2f8cca2b-bc23-4b5e-a61a-cdaaa212171f:group-D6C954FA365F closes. The last applied log index is 0
2019-09-20 08:38:16,868 [ForkJoinPool.commonPool-worker-0] INFO  impl.RaftServerImpl (ServerState.java:close(394)) - 2f8cca2b-bc23-4b5e-a61a-cdaaa212171f:group-AB03F178C851 closes. The last applied log index is 0
2019-09-20 08:38:16,869 [2f8cca2b-bc23-4b5e-a61a-cdaaa212171f-SegmentedRaftLogWorker:Storage Directory /workdir/hadoop-ozone/ozonefs/target/test-dir/MiniOzoneClusterImpl-1f915b72-7f2b-4803-b951-606f028ff0e9/datanode-2/data/ratis/cb544e40-5b42-446d-9572-d6c954fa365f] INFO  segmented.SegmentedRaftLogWorker (SegmentedRaftLogWorker.java:run(313)) - 2f8cca2b-bc23-4b5e-a61a-cdaaa212171f-SegmentedRaftLogWorker:Storage Directory /workdir/hadoop-ozone/ozonefs/target/test-dir/MiniOzoneClusterImpl-1f915b72-7f2b-4803-b951-606f028ff0e9/datanode-2/data/ratis/cb544e40-5b42-446d-9572-d6c954fa365f was interrupted, exiting. There are 0 tasks remaining in the queue.
2019-09-20 08:38:16,869 [2f8cca2b-bc23-4b5e-a61a-cdaaa212171f-SegmentedRaftLogWorker:Storage Directory /workdir/hadoop-ozone/ozonefs/target/test-dir/MiniOzoneClusterImpl-1f915b72-7f2b-4803-b951-606f028ff0e9/datanode-2/data/ratis/f41d2adf-6cb2-4ab6-bea4-ab03f178c851] INFO  segmented.SegmentedRaftLogWorker (SegmentedRaftLogWorker.java:run(313)) - 2f8cca2b-bc23-4b5e-a61a-cdaaa212171f-SegmentedRaftLogWorker:Storage Directory /workdir/hadoop-ozone/ozonefs/target/test-dir/MiniOzoneClusterImpl-1f915b72-7f2b-4803-b951-606f028ff0e9/datanode-2/data/ratis/f41d2adf-6cb2-4ab6-bea4-ab03f178c851 was interrupted, exiting. There are 0 tasks remaining in the queue.
2019-09-20 08:38:16,869 [Thread-791] INFO  segmented.SegmentedRaftLogWorker (SegmentedRaftLogWorker.java:close(228)) - 2f8cca2b-bc23-4b5e-a61a-cdaaa212171f-SegmentedRaftLogWorker:Storage Directory /workdir/hadoop-ozone/ozonefs/target/test-dir/MiniOzoneClusterImpl-1f915b72-7f2b-4803-b951-606f028ff0e9/datanode-2/data/ratis/cb544e40-5b42-446d-9572-d6c954fa365f close()
2019-09-20 08:38:16,869 [ForkJoinPool.commonPool-worker-0] INFO  segmented.SegmentedRaftLogWorker (SegmentedRaftLogWorker.java:close(228)) - 2f8cca2b-bc23-4b5e-a61a-cdaaa212171f-SegmentedRaftLogWorker:Storage Directory /workdir/hadoop-ozone/ozonefs/target/test-dir/MiniOzoneClusterImpl-1f915b72-7f2b-4803-b951-606f028ff0e9/datanode-2/data/ratis/f41d2adf-6cb2-4ab6-bea4-ab03f178c851 close()
2019-09-20 08:38:16,871 [Thread-791] INFO  impl.RaftServerImpl (RaftServerImpl.java:lambda$shutdown$3(245)) - 2f8cca2b-bc23-4b5e-a61a-cdaaa212171f: shutdown group-0E4014F931BD
2019-09-20 08:38:16,872 [ForkJoinPool.commonPool-worker-0] INFO  impl.RaftServerImpl (RaftServerImpl.java:lambda$shutdown$3(245)) - 2f8cca2b-bc23-4b5e-a61a-cdaaa212171f: shutdown group-0C3FEDB48FD0
2019-09-20 08:38:16,872 [Thread-791] INFO  util.JmxRegister (JmxRegister.java:unregister(73)) - Successfully un-registered JMX Bean with object name Ratis:service=RaftServer,group=group-0E4014F931BD,id=2f8cca2b-bc23-4b5e-a61a-cdaaa212171f
2019-09-20 08:38:16,873 [ForkJoinPool.commonPool-worker-0] INFO  util.JmxRegister (JmxRegister.java:unregister(73)) - Successfully un-registered JMX Bean with object name Ratis:service=RaftServer,group=group-0C3FEDB48FD0,id=2f8cca2b-bc23-4b5e-a61a-cdaaa212171f
2019-09-20 08:38:16,873 [Thread-791] INFO  impl.RoleInfo (RoleInfo.java:shutdownLeaderState(104)) - 2f8cca2b-bc23-4b5e-a61a-cdaaa212171f: shutdown LeaderState
2019-09-20 08:38:16,873 [ForkJoinPool.commonPool-worker-0] INFO  impl.RoleInfo (RoleInfo.java:shutdownLeaderState(104)) - 2f8cca2b-bc23-4b5e-a61a-cdaaa212171f: shutdown LeaderState
2019-09-20 08:38:16,873 [Thread-791] INFO  impl.PendingRequests (PendingRequests.java:sendNotLeaderResponses(202)) - 2f8cca2b-bc23-4b5e-a61a-cdaaa212171f-PendingRequests: sendNotLeaderResponses
2019-09-20 08:38:16,874 [ForkJoinPool.commonPool-worker-0] INFO  impl.PendingRequests (PendingRequests.java:sendNotLeaderResponses(202)) - 2f8cca2b-bc23-4b5e-a61a-cdaaa212171f-PendingRequests: sendNotLeaderResponses
2019-09-20 08:38:16,874 [Thread-791] INFO  impl.StateMachineUpdater (StateMachineUpdater.java:stopAndJoin(115)) - StateMachineUpdater:2f8cca2b-bc23-4b5e-a61a-cdaaa212171f:group-0E4014F931BD: set stopIndex = 0
2019-09-20 08:38:16,874 [ForkJoinPool.commonPool-worker-0] INFO  impl.StateMachineUpdater (StateMachineUpdater.java:stopAndJoin(115)) - StateMachineUpdater:2f8cca2b-bc23-4b5e-a61a-cdaaa212171f:group-0C3FEDB48FD0: set stopIndex = 0
2019-09-20 08:38:16,874 [Thread-791] INFO  impl.RaftServerImpl (ServerState.java:close(394)) - 2f8cca2b-bc23-4b5e-a61a-cdaaa212171f:group-0E4014F931BD closes. The last applied log index is 0
2019-09-20 08:38:16,875 [ForkJoinPool.commonPool-worker-0] INFO  impl.RaftServerImpl (ServerState.java:close(394)) - 2f8cca2b-bc23-4b5e-a61a-cdaaa212171f:group-0C3FEDB48FD0 closes. The last applied log index is 0
2019-09-20 08:38:16,875 [2f8cca2b-bc23-4b5e-a61a-cdaaa212171f-SegmentedRaftLogWorker:Storage Directory /workdir/hadoop-ozone/ozonefs/target/test-dir/MiniOzoneClusterImpl-1f915b72-7f2b-4803-b951-606f028ff0e9/datanode-2/data/ratis/ad6a5138-5bee-44cb-af51-0e4014f931bd] INFO  segmented.SegmentedRaftLogWorker (SegmentedRaftLogWorker.java:run(313)) - 2f8cca2b-bc23-4b5e-a61a-cdaaa212171f-SegmentedRaftLogWorker:Storage Directory /workdir/hadoop-ozone/ozonefs/target/test-dir/MiniOzoneClusterImpl-1f915b72-7f2b-4803-b951-606f028ff0e9/datanode-2/data/ratis/ad6a5138-5bee-44cb-af51-0e4014f931bd was interrupted, exiting. There are 0 tasks remaining in the queue.
2019-09-20 08:38:16,875 [2f8cca2b-bc23-4b5e-a61a-cdaaa212171f-SegmentedRaftLogWorker:Storage Directory /workdir/hadoop-ozone/ozonefs/target/test-dir/MiniOzoneClusterImpl-1f915b72-7f2b-4803-b951-606f028ff0e9/datanode-2/data/ratis/389a7d56-cc4d-467b-90a8-0c3fedb48fd0] INFO  segmented.SegmentedRaftLogWorker (SegmentedRaftLogWorker.java:run(313)) - 2f8cca2b-bc23-4b5e-a61a-cdaaa212171f-SegmentedRaftLogWorker:Storage Directory /workdir/hadoop-ozone/ozonefs/target/test-dir/MiniOzoneClusterImpl-1f915b72-7f2b-4803-b951-606f028ff0e9/datanode-2/data/ratis/389a7d56-cc4d-467b-90a8-0c3fedb48fd0 was interrupted, exiting. There are 0 tasks remaining in the queue.
2019-09-20 08:38:16,876 [ForkJoinPool.commonPool-worker-0] INFO  segmented.SegmentedRaftLogWorker (SegmentedRaftLogWorker.java:close(228)) - 2f8cca2b-bc23-4b5e-a61a-cdaaa212171f-SegmentedRaftLogWorker:Storage Directory /workdir/hadoop-ozone/ozonefs/target/test-dir/MiniOzoneClusterImpl-1f915b72-7f2b-4803-b951-606f028ff0e9/datanode-2/data/ratis/389a7d56-cc4d-467b-90a8-0c3fedb48fd0 close()
2019-09-20 08:38:16,877 [ForkJoinPool.commonPool-worker-0] INFO  impl.RaftServerImpl (RaftServerImpl.java:lambda$shutdown$3(245)) - 2f8cca2b-bc23-4b5e-a61a-cdaaa212171f: shutdown group-21EBE17B1FEE
2019-09-20 08:38:16,877 [ForkJoinPool.commonPool-worker-0] INFO  util.JmxRegister (JmxRegister.java:unregister(73)) - Successfully un-registered JMX Bean with object name Ratis:service=RaftServer,group=group-21EBE17B1FEE,id=2f8cca2b-bc23-4b5e-a61a-cdaaa212171f
2019-09-20 08:38:16,877 [ForkJoinPool.commonPool-worker-0] INFO  impl.RoleInfo (RoleInfo.java:shutdownLeaderState(104)) - 2f8cca2b-bc23-4b5e-a61a-cdaaa212171f: shutdown LeaderState
2019-09-20 08:38:16,877 [ForkJoinPool.commonPool-worker-0] INFO  impl.PendingRequests (PendingRequests.java:sendNotLeaderResponses(202)) - 2f8cca2b-bc23-4b5e-a61a-cdaaa212171f-PendingRequests: sendNotLeaderResponses
2019-09-20 08:38:16,878 [ForkJoinPool.commonPool-worker-0] INFO  impl.StateMachineUpdater (StateMachineUpdater.java:stopAndJoin(115)) - StateMachineUpdater:2f8cca2b-bc23-4b5e-a61a-cdaaa212171f:group-21EBE17B1FEE: set stopIndex = 0
2019-09-20 08:38:16,878 [ForkJoinPool.commonPool-worker-0] INFO  impl.RaftServerImpl (ServerState.java:close(394)) - 2f8cca2b-bc23-4b5e-a61a-cdaaa212171f:group-21EBE17B1FEE closes. The last applied log index is 0
2019-09-20 08:38:16,878 [2f8cca2b-bc23-4b5e-a61a-cdaaa212171f-SegmentedRaftLogWorker:Storage Directory /workdir/hadoop-ozone/ozonefs/target/test-dir/MiniOzoneClusterImpl-1f915b72-7f2b-4803-b951-606f028ff0e9/datanode-2/data/ratis/4b937603-123a-44b7-90ca-21ebe17b1fee] INFO  segmented.SegmentedRaftLogWorker (SegmentedRaftLogWorker.java:run(313)) - 2f8cca2b-bc23-4b5e-a61a-cdaaa212171f-SegmentedRaftLogWorker:Storage Directory /workdir/hadoop-ozone/ozonefs/target/test-dir/MiniOzoneClusterImpl-1f915b72-7f2b-4803-b951-606f028ff0e9/datanode-2/data/ratis/4b937603-123a-44b7-90ca-21ebe17b1fee was interrupted, exiting. There are 0 tasks remaining in the queue.
2019-09-20 08:38:16,879 [ForkJoinPool.commonPool-worker-0] INFO  segmented.SegmentedRaftLogWorker (SegmentedRaftLogWorker.java:close(228)) - 2f8cca2b-bc23-4b5e-a61a-cdaaa212171f-SegmentedRaftLogWorker:Storage Directory /workdir/hadoop-ozone/ozonefs/target/test-dir/MiniOzoneClusterImpl-1f915b72-7f2b-4803-b951-606f028ff0e9/datanode-2/data/ratis/4b937603-123a-44b7-90ca-21ebe17b1fee close()
2019-09-20 08:38:16,880 [ForkJoinPool.commonPool-worker-0] INFO  impl.RaftServerImpl (RaftServerImpl.java:lambda$shutdown$3(245)) - 2f8cca2b-bc23-4b5e-a61a-cdaaa212171f: shutdown group-299696EB839A
2019-09-20 08:38:16,880 [ForkJoinPool.commonPool-worker-0] INFO  util.JmxRegister (JmxRegister.java:unregister(73)) - Successfully un-registered JMX Bean with object name Ratis:service=RaftServer,group=group-299696EB839A,id=2f8cca2b-bc23-4b5e-a61a-cdaaa212171f
2019-09-20 08:38:16,880 [ForkJoinPool.commonPool-worker-0] INFO  impl.RoleInfo (RoleInfo.java:shutdownLeaderState(104)) - 2f8cca2b-bc23-4b5e-a61a-cdaaa212171f: shutdown LeaderState
2019-09-20 08:38:16,880 [ForkJoinPool.commonPool-worker-0] INFO  impl.PendingRequests (PendingRequests.java:sendNotLeaderResponses(202)) - 2f8cca2b-bc23-4b5e-a61a-cdaaa212171f-PendingRequests: sendNotLeaderResponses
2019-09-20 08:38:16,880 [ForkJoinPool.commonPool-worker-0] INFO  impl.StateMachineUpdater (StateMachineUpdater.java:stopAndJoin(115)) - StateMachineUpdater:2f8cca2b-bc23-4b5e-a61a-cdaaa212171f:group-299696EB839A: set stopIndex = 0
2019-09-20 08:38:16,881 [ForkJoinPool.commonPool-worker-0] INFO  impl.RaftServerImpl (ServerState.java:close(394)) - 2f8cca2b-bc23-4b5e-a61a-cdaaa212171f:group-299696EB839A closes. The last applied log index is 0
2019-09-20 08:38:16,881 [Thread-791] INFO  segmented.SegmentedRaftLogWorker (SegmentedRaftLogWorker.java:close(228)) - 2f8cca2b-bc23-4b5e-a61a-cdaaa212171f-SegmentedRaftLogWorker:Storage Directory /workdir/hadoop-ozone/ozonefs/target/test-dir/MiniOzoneClusterImpl-1f915b72-7f2b-4803-b951-606f028ff0e9/datanode-2/data/ratis/ad6a5138-5bee-44cb-af51-0e4014f931bd close()
2019-09-20 08:38:16,881 [2f8cca2b-bc23-4b5e-a61a-cdaaa212171f-SegmentedRaftLogWorker:Storage Directory /workdir/hadoop-ozone/ozonefs/target/test-dir/MiniOzoneClusterImpl-1f915b72-7f2b-4803-b951-606f028ff0e9/datanode-2/data/ratis/6196322e-1b01-49a1-abd1-299696eb839a] INFO  segmented.SegmentedRaftLogWorker (SegmentedRaftLogWorker.java:run(313)) - 2f8cca2b-bc23-4b5e-a61a-cdaaa212171f-SegmentedRaftLogWorker:Storage Directory /workdir/hadoop-ozone/ozonefs/target/test-dir/MiniOzoneClusterImpl-1f915b72-7f2b-4803-b951-606f028ff0e9/datanode-2/data/ratis/6196322e-1b01-49a1-abd1-299696eb839a was interrupted, exiting. There are 0 tasks remaining in the queue.
2019-09-20 08:38:16,882 [ForkJoinPool.commonPool-worker-0] INFO  segmented.SegmentedRaftLogWorker (SegmentedRaftLogWorker.java:close(228)) - 2f8cca2b-bc23-4b5e-a61a-cdaaa212171f-SegmentedRaftLogWorker:Storage Directory /workdir/hadoop-ozone/ozonefs/target/test-dir/MiniOzoneClusterImpl-1f915b72-7f2b-4803-b951-606f028ff0e9/datanode-2/data/ratis/6196322e-1b01-49a1-abd1-299696eb839a close()
2019-09-20 08:38:16,883 [Thread-791] INFO  server.GrpcService (GrpcService.java:closeImpl(155)) - 2f8cca2b-bc23-4b5e-a61a-cdaaa212171f: shutdown server with port 42129 now
2019-09-20 08:38:16,885 [Thread-791] INFO  server.GrpcService (GrpcService.java:closeImpl(163)) - 2f8cca2b-bc23-4b5e-a61a-cdaaa212171f: shutdown server with port 42129 successfully
2019-09-20 08:38:16,887 [Thread-791] INFO  utils.BackgroundService (BackgroundService.java:shutdown(148)) - Shutting down service BlockDeletingService
2019-09-20 08:38:16,889 [refreshUsed-/workdir/hadoop-ozone/ozonefs/target/test-dir/MiniOzoneClusterImpl-1f915b72-7f2b-4803-b951-606f028ff0e9/datanode-2/data/containers] WARN  fs.CachingGetSpaceUsed (CachingGetSpaceUsed.java:run(183)) - Thread Interrupted waiting to refresh disk information: sleep interrupted
2019-09-20 08:38:16,917 [Thread-791] INFO  statemachine.DatanodeStateMachine (DatanodeStateMachine.java:stopDaemon(395)) - Ozone container server stopped.
2019-09-20 08:38:16,919 [Thread-791] INFO  handler.ContextHandler (ContextHandler.java:doStop(910)) - Stopped o.e.j.w.WebAppContext@2b5679ae{/,null,UNAVAILABLE}{/hddsDatanode}
2019-09-20 08:38:16,919 [Thread-791] INFO  server.AbstractConnector (AbstractConnector.java:doStop(318)) - Stopped ServerConnector@2d073d21{HTTP/1.1,[http/1.1]}{0.0.0.0:0}
2019-09-20 08:38:16,920 [Thread-791] INFO  handler.ContextHandler (ContextHandler.java:doStop(910)) - Stopped o.e.j.s.ServletContextHandler@756f4a71{/static,jar:file:/home/user/.m2/repository/org/apache/hadoop/hadoop-hdds-container-service/0.5.0-SNAPSHOT/hadoop-hdds-container-service-0.5.0-SNAPSHOT.jar!/webapps/static,UNAVAILABLE}
2019-09-20 08:38:16,920 [Thread-791] INFO  handler.ContextHandler (ContextHandler.java:doStop(910)) - Stopped o.e.j.s.ServletContextHandler@603b7dff{/logs,file:///workdir/hadoop-ozone/ozonefs/target/log,UNAVAILABLE}
2019-09-20 08:38:16,921 [Thread-791] INFO  ozone.MiniOzoneClusterImpl (MiniOzoneClusterImpl.java:stop(353)) - Stopping the StorageContainerManager
2019-09-20 08:38:16,921 [Thread-791] INFO  server.StorageContainerManager (StorageContainerManager.java:stop(797)) - Stopping Replication Manager Service.
2019-09-20 08:38:16,921 [Thread-791] INFO  container.ReplicationManager (ReplicationManager.java:stop(192)) - Stopping Replication Monitor Thread.
2019-09-20 08:38:16,922 [Thread-791] INFO  server.StorageContainerManager (StorageContainerManager.java:stop(804)) - Stopping Lease Manager of the command watchers
2019-09-20 08:38:16,922 [Thread-791] INFO  server.StorageContainerManager (StorageContainerManager.java:stop(811)) - Stopping datanode service RPC server
2019-09-20 08:38:16,922 [Thread-791] INFO  server.SCMDatanodeProtocolServer (SCMDatanodeProtocolServer.java:stop(367)) - Stopping the RPC server for DataNodes
2019-09-20 08:38:16,922 [Thread-791] INFO  ipc.Server (Server.java:stop(3082)) - Stopping server on 42422
2019-09-20 08:38:16,923 [IPC Server listener on 42422] INFO  ipc.Server (Server.java:run(1185)) - Stopping IPC Server listener on 42422
2019-09-20 08:38:16,925 [IPC Server Responder] INFO  ipc.Server (Server.java:run(1319)) - Stopping IPC Server Responder
2019-09-20 08:38:17,014 [SCM Heartbeat Processing Thread - 0] WARN  node.NodeStateManager (NodeStateManager.java:scheduleNextHealthCheck(655)) - Current Thread is interrupted, shutting down HB processing thread for Node Manager.
2019-09-20 08:38:17,015 [Thread-791] INFO  server.StorageContainerManager (StorageContainerManager.java:stop(819)) - Stopping block service RPC server
2019-09-20 08:38:17,015 [Thread-791] INFO  server.SCMBlockProtocolServer (SCMBlockProtocolServer.java:stop(148)) - Stopping the RPC server for Block Protocol
2019-09-20 08:38:17,015 [Thread-791] INFO  ipc.Server (Server.java:stop(3082)) - Stopping server on 38982
2019-09-20 08:38:17,022 [IPC Server listener on 38982] INFO  ipc.Server (Server.java:run(1185)) - Stopping IPC Server listener on 38982
2019-09-20 08:38:17,022 [Thread-791] INFO  server.StorageContainerManager (StorageContainerManager.java:stop(826)) - Stopping the StorageContainerLocationProtocol RPC server
2019-09-20 08:38:17,022 [IPC Server Responder] INFO  ipc.Server (Server.java:run(1319)) - Stopping IPC Server Responder
2019-09-20 08:38:17,022 [Thread-791] INFO  server.SCMClientProtocolServer (SCMClientProtocolServer.java:stop(159)) - Stopping the RPC server for Client Protocol
2019-09-20 08:38:17,023 [Thread-791] INFO  ipc.Server (Server.java:stop(3082)) - Stopping server on 35027
2019-09-20 08:38:17,025 [IPC Server listener on 35027] INFO  ipc.Server (Server.java:run(1185)) - Stopping IPC Server listener on 35027
2019-09-20 08:38:17,025 [Thread-791] INFO  server.StorageContainerManager (StorageContainerManager.java:stop(833)) - Stopping Storage Container Manager HTTP server.
2019-09-20 08:38:17,025 [IPC Server Responder] INFO  ipc.Server (Server.java:run(1319)) - Stopping IPC Server Responder
2019-09-20 08:38:17,029 [Thread-791] INFO  handler.ContextHandler (ContextHandler.java:doStop(910)) - Stopped o.e.j.w.WebAppContext@40a97fb{/,null,UNAVAILABLE}{/scm}
2019-09-20 08:38:17,030 [Thread-791] INFO  server.AbstractConnector (AbstractConnector.java:doStop(318)) - Stopped ServerConnector@533eadc6{HTTP/1.1,[http/1.1]}{0.0.0.0:0}
2019-09-20 08:38:17,030 [Thread-791] INFO  handler.ContextHandler (ContextHandler.java:doStop(910)) - Stopped o.e.j.s.ServletContextHandler@7cd8e3ec{/static,jar:file:/home/user/.m2/repository/org/apache/hadoop/hadoop-hdds-server-scm/0.5.0-SNAPSHOT/hadoop-hdds-server-scm-0.5.0-SNAPSHOT.jar!/webapps/static,UNAVAILABLE}
2019-09-20 08:38:17,031 [Thread-791] INFO  handler.ContextHandler (ContextHandler.java:doStop(910)) - Stopped o.e.j.s.ServletContextHandler@692fac39{/logs,file:///workdir/hadoop-ozone/ozonefs/target/log,UNAVAILABLE}
2019-09-20 08:38:17,032 [Thread-791] INFO  server.StorageContainerManager (StorageContainerManager.java:stop(844)) - Stopping Block Manager Service.
2019-09-20 08:38:17,032 [Thread-791] INFO  utils.BackgroundService (BackgroundService.java:shutdown(148)) - Shutting down service SCMBlockDeletingService
2019-09-20 08:38:17,033 [Thread-791] INFO  utils.BackgroundService (BackgroundService.java:shutdown(148)) - Shutting down service SCMBlockDeletingService
2019-09-20 08:38:17,033 [Thread-791] INFO  server.StorageContainerManager (StorageContainerManager.java:stop(866)) - Stopping SCM Event Queue.
2019-09-20 08:38:17,038 [Thread-791] INFO  impl.MetricsSystemImpl (MetricsSystemImpl.java:stop(210)) - Stopping HddsDatanode metrics system...
2019-09-20 08:38:17,055 [Thread-791] INFO  impl.MetricsSystemImpl (MetricsSystemImpl.java:stop(216)) - HddsDatanode metrics system stopped.
]]></system-out>
    <system-err><![CDATA[Sep 20, 2019 8:38:00 AM com.sun.jersey.server.impl.application.WebApplicationImpl _initiate
INFO: Initiating Jersey application, version 'Jersey: 1.19 02/11/2015 03:25 AM'
Sep 20, 2019 8:38:01 AM com.sun.jersey.server.impl.application.WebApplicationImpl _initiate
INFO: Initiating Jersey application, version 'Jersey: 1.19 02/11/2015 03:25 AM'
Sep 20, 2019 8:38:01 AM com.sun.jersey.server.impl.application.WebApplicationImpl _initiate
INFO: Initiating Jersey application, version 'Jersey: 1.19 02/11/2015 03:25 AM'
Sep 20, 2019 8:38:06 AM com.sun.jersey.server.impl.application.WebApplicationImpl _initiate
INFO: Initiating Jersey application, version 'Jersey: 1.19 02/11/2015 03:25 AM'
]]></system-err>
  </testcase>
  <testcase name="testCreateDoesNotAddParentDirKeys" classname="org.apache.hadoop.fs.ozone.TestOzoneFileSystem" time="17.878">
    <error message="Allocated 0 blocks. Requested 1 blocks" type="INTERNAL_ERROR org.apache.hadoop.ozone.om.exceptions.OMException">INTERNAL_ERROR org.apache.hadoop.ozone.om.exceptions.OMException: Allocated 0 blocks. Requested 1 blocks
	at org.apache.hadoop.ozone.om.protocolPB.OzoneManagerProtocolClientSideTranslatorPB.handleError(OzoneManagerProtocolClientSideTranslatorPB.java:725)
	at org.apache.hadoop.ozone.om.protocolPB.OzoneManagerProtocolClientSideTranslatorPB.createFile(OzoneManagerProtocolClientSideTranslatorPB.java:1474)
	at org.apache.hadoop.ozone.client.rpc.RpcClient.createFile(RpcClient.java:984)
	at org.apache.hadoop.ozone.client.OzoneBucket.createFile(OzoneBucket.java:535)
	at org.apache.hadoop.fs.ozone.BasicOzoneClientAdapterImpl.createFile(BasicOzoneClientAdapterImpl.java:181)
	at org.apache.hadoop.fs.ozone.BasicOzoneFileSystem.createOutputStream(BasicOzoneFileSystem.java:249)
	at org.apache.hadoop.fs.ozone.BasicOzoneFileSystem.create(BasicOzoneFileSystem.java:230)
	at org.apache.hadoop.fs.FileSystem.create(FileSystem.java:1118)
	at org.apache.hadoop.fs.FileSystem.create(FileSystem.java:1098)
	at org.apache.hadoop.fs.FileSystem.create(FileSystem.java:987)
	at org.apache.hadoop.fs.contract.ContractTestUtils.createFile(ContractTestUtils.java:633)
	at org.apache.hadoop.fs.contract.ContractTestUtils.touch(ContractTestUtils.java:669)
	at org.apache.hadoop.fs.ozone.TestOzoneFileSystem.testCreateDoesNotAddParentDirKeys(TestOzoneFileSystem.java:130)
	at sun.reflect.NativeMethodAccessorImpl.invoke0(Native Method)
	at sun.reflect.NativeMethodAccessorImpl.invoke(NativeMethodAccessorImpl.java:62)
	at sun.reflect.DelegatingMethodAccessorImpl.invoke(DelegatingMethodAccessorImpl.java:43)
	at java.lang.reflect.Method.invoke(Method.java:498)
	at org.junit.runners.model.FrameworkMethod$1.runReflectiveCall(FrameworkMethod.java:47)
	at org.junit.internal.runners.model.ReflectiveCallable.run(ReflectiveCallable.java:12)
	at org.junit.runners.model.FrameworkMethod.invokeExplosively(FrameworkMethod.java:44)
	at org.junit.internal.runners.statements.InvokeMethod.evaluate(InvokeMethod.java:17)
	at org.junit.internal.runners.statements.RunBefores.evaluate(RunBefores.java:26)
	at org.junit.internal.runners.statements.RunAfters.evaluate(RunAfters.java:27)
	at org.junit.internal.runners.statements.FailOnTimeout$StatementThread.run(FailOnTimeout.java:74)
</error>
    <system-out><![CDATA[2019-09-20 08:38:17,397 [Thread-1057] WARN  server.ServerUtils (ServerUtils.java:getScmDbDir(145)) - ozone.scm.db.dirs is not configured. We recommend adding this setting. Falling back to ozone.metadata.dirs instead.
2019-09-20 08:38:17,436 [Thread-1057] WARN  server.ServerUtils (ServerUtils.java:getScmDbDir(145)) - ozone.scm.db.dirs is not configured. We recommend adding this setting. Falling back to ozone.metadata.dirs instead.
2019-09-20 08:38:17,436 [Thread-1057] WARN  server.ServerUtils (ServerUtils.java:getScmDbDir(145)) - ozone.scm.db.dirs is not configured. We recommend adding this setting. Falling back to ozone.metadata.dirs instead.
2019-09-20 08:38:17,437 [Thread-1057] INFO  db.DBStoreBuilder (DBStoreBuilder.java:addTable(110)) - using custom profile for table: deletedBlocks
2019-09-20 08:38:17,437 [Thread-1057] INFO  db.DBStoreBuilder (DBStoreBuilder.java:processTables(161)) - Using default column profile:DBProfile.DISK for Table:deletedBlocks
2019-09-20 08:38:17,438 [Thread-1057] INFO  db.DBStoreBuilder (DBStoreBuilder.java:addTable(110)) - using custom profile for table: validCerts
2019-09-20 08:38:17,438 [Thread-1057] INFO  db.DBStoreBuilder (DBStoreBuilder.java:processTables(161)) - Using default column profile:DBProfile.DISK for Table:validCerts
2019-09-20 08:38:17,438 [Thread-1057] INFO  db.DBStoreBuilder (DBStoreBuilder.java:addTable(110)) - using custom profile for table: revokedCerts
2019-09-20 08:38:17,438 [Thread-1057] INFO  db.DBStoreBuilder (DBStoreBuilder.java:processTables(161)) - Using default column profile:DBProfile.DISK for Table:revokedCerts
2019-09-20 08:38:17,438 [Thread-1057] INFO  db.DBStoreBuilder (DBStoreBuilder.java:addTable(110)) - using custom profile for table: default
2019-09-20 08:38:17,439 [Thread-1057] INFO  db.DBStoreBuilder (DBStoreBuilder.java:processTables(167)) - Using default column profile:DBProfile.DISK for Table:default
2019-09-20 08:38:17,439 [Thread-1057] INFO  db.DBStoreBuilder (DBStoreBuilder.java:getDbProfile(198)) - Using default options. DBProfile.DISK
2019-09-20 08:38:17,677 [Thread-1057] INFO  net.NodeSchemaLoader (NodeSchemaLoader.java:loadSchemaFromFile(125)) - Loading file from sun.misc.CompoundEnumeration@b2fb576
2019-09-20 08:38:17,677 [Thread-1057] INFO  net.NodeSchemaLoader (NodeSchemaLoader.java:loadSchema(171)) - Loading network topology layer schema file
2019-09-20 08:38:17,683 [Thread-1057] WARN  server.ServerUtils (ServerUtils.java:sanitizeUserArgs(70)) - ozone.scm.stale.node.interval value = 300000 is larger than max = 100000 based on the key value of ozone.scm.heartbeat.thread.interval, reset to the max value 100000.
2019-09-20 08:38:17,683 [Thread-1057] WARN  server.ServerUtils (ServerUtils.java:sanitizeUserArgs(70)) - ozone.scm.stale.node.interval value = 300000 is larger than max = 100000 based on the key value of ozone.scm.heartbeat.thread.interval, reset to the max value 100000.
2019-09-20 08:38:17,684 [Thread-1057] INFO  node.SCMNodeManager (SCMNodeManager.java:<init>(121)) - Entering startup safe mode.
2019-09-20 08:38:17,685 [Thread-1057] INFO  algorithms.ContainerPlacementPolicyFactory (ContainerPlacementPolicyFactory.java:getPolicy(56)) - Create container placement policy of type org.apache.hadoop.hdds.scm.container.placement.algorithms.SCMContainerPlacementRandom
2019-09-20 08:38:17,685 [Thread-1057] WARN  server.ServerUtils (ServerUtils.java:getScmDbDir(145)) - ozone.scm.db.dirs is not configured. We recommend adding this setting. Falling back to ozone.metadata.dirs instead.
2019-09-20 08:38:17,772 [Thread-1057] INFO  pipeline.SCMPipelineManager (SCMPipelineManager.java:initializePipelineState(126)) - No pipeline exists in current db
2019-09-20 08:38:17,772 [Thread-1057] WARN  server.ServerUtils (ServerUtils.java:getScmDbDir(145)) - ozone.scm.db.dirs is not configured. We recommend adding this setting. Falling back to ozone.metadata.dirs instead.
2019-09-20 08:38:17,859 [Thread-1057] WARN  events.EventQueue (EventQueue.java:fireEvent(175)) - No event handler registered for event TypedEvent{payloadType=SafeModeStatus, name='SafeModeStatus'}
2019-09-20 08:38:17,860 [Thread-1057] INFO  ipc.CallQueueManager (CallQueueManager.java:<init>(84)) - Using callQueue: class java.util.concurrent.LinkedBlockingQueue, queueCapacity: 2000, scheduler: class org.apache.hadoop.ipc.DefaultRpcScheduler, ipcBackoff: false.
2019-09-20 08:38:17,861 [Socket Reader #1 for port 45139] INFO  ipc.Server (Server.java:run(1074)) - Starting Socket Reader #1 for port 45139
2019-09-20 08:38:17,863 [Thread-1057] INFO  ipc.CallQueueManager (CallQueueManager.java:<init>(84)) - Using callQueue: class java.util.concurrent.LinkedBlockingQueue, queueCapacity: 2000, scheduler: class org.apache.hadoop.ipc.DefaultRpcScheduler, ipcBackoff: false.
2019-09-20 08:38:17,866 [Socket Reader #1 for port 45931] INFO  ipc.Server (Server.java:run(1074)) - Starting Socket Reader #1 for port 45931
2019-09-20 08:38:17,869 [Thread-1057] INFO  ipc.CallQueueManager (CallQueueManager.java:<init>(84)) - Using callQueue: class java.util.concurrent.LinkedBlockingQueue, queueCapacity: 2000, scheduler: class org.apache.hadoop.ipc.DefaultRpcScheduler, ipcBackoff: false.
2019-09-20 08:38:17,870 [Socket Reader #1 for port 37978] INFO  ipc.Server (Server.java:run(1074)) - Starting Socket Reader #1 for port 37978
2019-09-20 08:38:17,873 [Thread-1057] INFO  hdfs.DFSUtil (DFSUtil.java:httpServerTemplateForNNAndJN(1641)) - Starting Web-server for scm at: http://0.0.0.0:0
2019-09-20 08:38:17,878 [Thread-1057] INFO  server.AuthenticationFilter (AuthenticationFilter.java:constructSecretProvider(240)) - Unable to initialize FileSignerSecretProvider, falling back to use random secrets.
2019-09-20 08:38:17,878 [Thread-1057] WARN  http.HttpRequestLog (HttpRequestLog.java:getRequestLog(97)) - Jetty request log can only be enabled using Log4j
2019-09-20 08:38:17,881 [Thread-1057] INFO  http.HttpServer2 (HttpServer2.java:addGlobalFilter(975)) - Added global filter 'safety' (class=org.apache.hadoop.http.HttpServer2$QuotingInputFilter)
2019-09-20 08:38:17,881 [Thread-1057] INFO  http.HttpServer2 (HttpServer2.java:addFilter(948)) - Added filter static_user_filter (class=org.apache.hadoop.http.lib.StaticUserWebFilter$StaticUserFilter) to context scm
2019-09-20 08:38:17,882 [Thread-1057] INFO  http.HttpServer2 (HttpServer2.java:addFilter(958)) - Added filter static_user_filter (class=org.apache.hadoop.http.lib.StaticUserWebFilter$StaticUserFilter) to context logs
2019-09-20 08:38:17,882 [Thread-1057] INFO  http.HttpServer2 (HttpServer2.java:addFilter(958)) - Added filter static_user_filter (class=org.apache.hadoop.http.lib.StaticUserWebFilter$StaticUserFilter) to context static
2019-09-20 08:38:17,884 [Thread-1057] INFO  server.StorageContainerManager (StorageContainerManager.java:start(759)) - StorageContainerLocationProtocol RPC server is listening at /0.0.0.0:37978
2019-09-20 08:38:17,887 [Thread-1057] WARN  impl.MetricsConfig (MetricsConfig.java:loadFirst(134)) - Cannot locate configuration: tried hadoop-metrics2-storagecontainermanager.properties,hadoop-metrics2.properties
2019-09-20 08:38:17,892 [Thread-1057] INFO  impl.MetricsSystemImpl (MetricsSystemImpl.java:startTimer(374)) - Scheduled Metric snapshot period at 10 second(s).
2019-09-20 08:38:17,892 [Thread-1057] INFO  impl.MetricsSystemImpl (MetricsSystemImpl.java:start(191)) - StorageContainerManager metrics system started
2019-09-20 08:38:17,951 [Thread-1057] INFO  server.SCMClientProtocolServer (SCMClientProtocolServer.java:start(151)) - RPC server for Client  is listening at /0.0.0.0:37978
2019-09-20 08:38:17,952 [IPC Server Responder] INFO  ipc.Server (Server.java:run(1314)) - IPC Server Responder: starting
2019-09-20 08:38:17,952 [IPC Server listener on 37978] INFO  ipc.Server (Server.java:run(1153)) - IPC Server listener on 37978: starting
2019-09-20 08:38:17,956 [Thread-1057] INFO  server.StorageContainerManager (StorageContainerManager.java:start(769)) - ScmBlockLocationProtocol RPC server is listening at /0.0.0.0:45931
2019-09-20 08:38:17,956 [Thread-1057] INFO  server.SCMBlockProtocolServer (SCMBlockProtocolServer.java:start(140)) - RPC server for Block Protocol is listening at /0.0.0.0:45931
2019-09-20 08:38:17,957 [IPC Server Responder] INFO  ipc.Server (Server.java:run(1314)) - IPC Server Responder: starting
2019-09-20 08:38:17,957 [IPC Server listener on 45931] INFO  ipc.Server (Server.java:run(1153)) - IPC Server listener on 45931: starting
2019-09-20 08:38:17,961 [Thread-1057] INFO  server.StorageContainerManager (StorageContainerManager.java:start(773)) - ScmDatanodeProtocl RPC server is listening at /0.0.0.0:45139
2019-09-20 08:38:17,961 [Thread-1057] INFO  server.SCMDatanodeProtocolServer (SCMDatanodeProtocolServer.java:start(191)) - RPC server for DataNodes is listening at /0.0.0.0:45139
2019-09-20 08:38:17,961 [IPC Server Responder] INFO  ipc.Server (Server.java:run(1314)) - IPC Server Responder: starting
2019-09-20 08:38:17,962 [IPC Server listener on 45139] INFO  ipc.Server (Server.java:run(1153)) - IPC Server listener on 45139: starting
2019-09-20 08:38:17,967 [Thread-1057] INFO  http.HttpServer2 (HttpServer2.java:bindListener(1191)) - Jetty bound to port 37923
2019-09-20 08:38:17,967 [Thread-1057] INFO  server.Server (Server.java:doStart(351)) - jetty-9.3.24.v20180605, build timestamp: 2018-06-05T17:11:56Z, git hash: 84205aa28f11a4f31f2a3b86d1bba2cc8ab69827
2019-09-20 08:38:17,969 [Thread-1057] INFO  handler.ContextHandler (ContextHandler.java:doStart(781)) - Started o.e.j.s.ServletContextHandler@91354f0{/logs,file:///workdir/hadoop-ozone/ozonefs/target/log,AVAILABLE}
2019-09-20 08:38:17,970 [Thread-1057] INFO  handler.ContextHandler (ContextHandler.java:doStart(781)) - Started o.e.j.s.ServletContextHandler@7ef9d445{/static,jar:file:/home/user/.m2/repository/org/apache/hadoop/hadoop-hdds-server-scm/0.5.0-SNAPSHOT/hadoop-hdds-server-scm-0.5.0-SNAPSHOT.jar!/webapps/static,AVAILABLE}
2019-09-20 08:38:18,013 [Thread-1057] INFO  handler.ContextHandler (ContextHandler.java:doStart(781)) - Started o.e.j.w.WebAppContext@6ac7e7f4{/,file:///tmp/jetty-0.0.0.0-37923-scm-_-any-6164736107812279894.dir/webapp/,AVAILABLE}{/scm}
2019-09-20 08:38:18,013 [Thread-1057] INFO  server.AbstractConnector (AbstractConnector.java:doStart(278)) - Started ServerConnector@3ce4ff0a{HTTP/1.1,[http/1.1]}{0.0.0.0:37923}
2019-09-20 08:38:18,015 [Thread-1057] INFO  server.Server (Server.java:doStart(419)) - Started @79517ms
2019-09-20 08:38:18,016 [Thread-1057] INFO  server.BaseHttpServer (BaseHttpServer.java:updateConnectorAddress(213)) - HTTP server of SCM is listening at http://0.0.0.0:37923
2019-09-20 08:38:18,018 [Thread-1057] WARN  server.ServerUtils (ServerUtils.java:getDBPath(222)) - ozone.om.db.dirs is not configured. We recommend adding this setting. Falling back to ozone.metadata.dirs instead.
2019-09-20 08:38:18,019 [org.apache.hadoop.util.JvmPauseMonitor$Monitor@f1d9322] INFO  util.JvmPauseMonitor (JvmPauseMonitor.java:run(188)) - Starting JVM pause monitor
2019-09-20 08:38:18,049 [Thread-1057] WARN  server.ServerUtils (ServerUtils.java:getDBPath(222)) - ozone.om.db.dirs is not configured. We recommend adding this setting. Falling back to ozone.metadata.dirs instead.
2019-09-20 08:38:18,050 [Thread-1057] WARN  server.ServerUtils (ServerUtils.java:getDBPath(222)) - ozone.om.db.dirs is not configured. We recommend adding this setting. Falling back to ozone.metadata.dirs instead.
2019-09-20 08:38:18,051 [Thread-1057] INFO  om.OzoneManager (OzoneManager.java:setOMNodeDetails(645)) - OM Service ID is not set. Setting it to the default ID: omServiceIdDefault
2019-09-20 08:38:18,051 [Thread-1057] INFO  om.OzoneManager (OzoneManager.java:setOMNodeDetails(651)) - OM Node ID is not set. Setting it to the OmStorage's OmID: 84ce9f09-4327-4ac2-8e5f-72bfb0c0dd9b
2019-09-20 08:38:18,051 [Thread-1057] INFO  om.OzoneManager (OzoneManager.java:loadOMHAConfigs(602)) - Found matching OM address with OMServiceId: null, OMNodeId: null, RPC Address: localhost:0 and Ratis port: 9872
2019-09-20 08:38:18,059 | INFO  | SCMAudit | user=jenkins1000 | ip=192.168.36.79 | op=GET_SCM_INFO null | ret=SUCCESS |  
2019-09-20 08:38:18,062 [Thread-1057] WARN  server.ServerUtils (ServerUtils.java:getDBPath(222)) - ozone.om.db.dirs is not configured. We recommend adding this setting. Falling back to ozone.metadata.dirs instead.
2019-09-20 08:38:18,062 [Thread-1057] INFO  db.DBStoreBuilder (DBStoreBuilder.java:addTable(110)) - using custom profile for table: userTable
2019-09-20 08:38:18,063 [Thread-1057] INFO  db.DBStoreBuilder (DBStoreBuilder.java:processTables(161)) - Using default column profile:DBProfile.DISK for Table:userTable
2019-09-20 08:38:18,063 [Thread-1057] INFO  db.DBStoreBuilder (DBStoreBuilder.java:addTable(110)) - using custom profile for table: volumeTable
2019-09-20 08:38:18,063 [Thread-1057] INFO  db.DBStoreBuilder (DBStoreBuilder.java:processTables(161)) - Using default column profile:DBProfile.DISK for Table:volumeTable
2019-09-20 08:38:18,063 [Thread-1057] INFO  db.DBStoreBuilder (DBStoreBuilder.java:addTable(110)) - using custom profile for table: bucketTable
2019-09-20 08:38:18,063 [Thread-1057] INFO  db.DBStoreBuilder (DBStoreBuilder.java:processTables(161)) - Using default column profile:DBProfile.DISK for Table:bucketTable
2019-09-20 08:38:18,063 [Thread-1057] INFO  db.DBStoreBuilder (DBStoreBuilder.java:addTable(110)) - using custom profile for table: keyTable
2019-09-20 08:38:18,064 [Thread-1057] INFO  db.DBStoreBuilder (DBStoreBuilder.java:processTables(161)) - Using default column profile:DBProfile.DISK for Table:keyTable
2019-09-20 08:38:18,064 [Thread-1057] INFO  db.DBStoreBuilder (DBStoreBuilder.java:addTable(110)) - using custom profile for table: deletedTable
2019-09-20 08:38:18,064 [Thread-1057] INFO  db.DBStoreBuilder (DBStoreBuilder.java:processTables(161)) - Using default column profile:DBProfile.DISK for Table:deletedTable
2019-09-20 08:38:18,064 [Thread-1057] INFO  db.DBStoreBuilder (DBStoreBuilder.java:addTable(110)) - using custom profile for table: openKeyTable
2019-09-20 08:38:18,064 [Thread-1057] INFO  db.DBStoreBuilder (DBStoreBuilder.java:processTables(161)) - Using default column profile:DBProfile.DISK for Table:openKeyTable
2019-09-20 08:38:18,064 [Thread-1057] INFO  db.DBStoreBuilder (DBStoreBuilder.java:addTable(110)) - using custom profile for table: s3Table
2019-09-20 08:38:18,065 [Thread-1057] INFO  db.DBStoreBuilder (DBStoreBuilder.java:processTables(161)) - Using default column profile:DBProfile.DISK for Table:s3Table
2019-09-20 08:38:18,065 [Thread-1057] INFO  db.DBStoreBuilder (DBStoreBuilder.java:addTable(110)) - using custom profile for table: multipartInfoTable
2019-09-20 08:38:18,065 [Thread-1057] INFO  db.DBStoreBuilder (DBStoreBuilder.java:processTables(161)) - Using default column profile:DBProfile.DISK for Table:multipartInfoTable
2019-09-20 08:38:18,065 [Thread-1057] INFO  db.DBStoreBuilder (DBStoreBuilder.java:addTable(110)) - using custom profile for table: dTokenTable
2019-09-20 08:38:18,065 [Thread-1057] INFO  db.DBStoreBuilder (DBStoreBuilder.java:processTables(161)) - Using default column profile:DBProfile.DISK for Table:dTokenTable
2019-09-20 08:38:18,066 [Thread-1057] INFO  db.DBStoreBuilder (DBStoreBuilder.java:addTable(110)) - using custom profile for table: s3SecretTable
2019-09-20 08:38:18,066 [Thread-1057] INFO  db.DBStoreBuilder (DBStoreBuilder.java:processTables(161)) - Using default column profile:DBProfile.DISK for Table:s3SecretTable
2019-09-20 08:38:18,066 [Thread-1057] INFO  db.DBStoreBuilder (DBStoreBuilder.java:addTable(110)) - using custom profile for table: prefixTable
2019-09-20 08:38:18,066 [Thread-1057] INFO  db.DBStoreBuilder (DBStoreBuilder.java:processTables(161)) - Using default column profile:DBProfile.DISK for Table:prefixTable
2019-09-20 08:38:18,066 [Thread-1057] INFO  db.DBStoreBuilder (DBStoreBuilder.java:addTable(110)) - using custom profile for table: default
2019-09-20 08:38:18,066 [Thread-1057] INFO  db.DBStoreBuilder (DBStoreBuilder.java:processTables(167)) - Using default column profile:DBProfile.DISK for Table:default
2019-09-20 08:38:18,067 [Thread-1057] INFO  db.DBStoreBuilder (DBStoreBuilder.java:getDbProfile(198)) - Using default options. DBProfile.DISK
2019-09-20 08:38:18,710 [Thread-1057] INFO  ipc.CallQueueManager (CallQueueManager.java:<init>(84)) - Using callQueue: class java.util.concurrent.LinkedBlockingQueue, queueCapacity: 2000, scheduler: class org.apache.hadoop.ipc.DefaultRpcScheduler, ipcBackoff: false.
2019-09-20 08:38:18,711 [Socket Reader #1 for port 39497] INFO  ipc.Server (Server.java:run(1074)) - Starting Socket Reader #1 for port 39497
2019-09-20 08:38:18,729 [Thread-1057] INFO  om.OzoneManager (OzoneManager.java:start(1256)) - OzoneManager RPC server is listening at localhost/127.0.0.1:39497
2019-09-20 08:38:18,729 [Thread-1057] INFO  impl.MetricsSystemImpl (MetricsSystemImpl.java:init(158)) - OzoneManager metrics system started (again)
2019-09-20 08:38:18,730 [IPC Server Responder] INFO  ipc.Server (Server.java:run(1314)) - IPC Server Responder: starting
2019-09-20 08:38:18,731 [IPC Server listener on 39497] INFO  ipc.Server (Server.java:run(1153)) - IPC Server listener on 39497: starting
2019-09-20 08:38:18,735 [Thread-1057] INFO  hdfs.DFSUtil (DFSUtil.java:httpServerTemplateForNNAndJN(1641)) - Starting Web-server for ozoneManager at: http://0.0.0.0:0
2019-09-20 08:38:18,736 [Thread-1057] INFO  server.AuthenticationFilter (AuthenticationFilter.java:constructSecretProvider(240)) - Unable to initialize FileSignerSecretProvider, falling back to use random secrets.
2019-09-20 08:38:18,737 [Thread-1057] WARN  http.HttpRequestLog (HttpRequestLog.java:getRequestLog(97)) - Jetty request log can only be enabled using Log4j
2019-09-20 08:38:18,738 [Thread-1057] INFO  http.HttpServer2 (HttpServer2.java:addGlobalFilter(975)) - Added global filter 'safety' (class=org.apache.hadoop.http.HttpServer2$QuotingInputFilter)
2019-09-20 08:38:18,739 [Thread-1057] INFO  http.HttpServer2 (HttpServer2.java:addFilter(948)) - Added filter static_user_filter (class=org.apache.hadoop.http.lib.StaticUserWebFilter$StaticUserFilter) to context ozoneManager
2019-09-20 08:38:18,739 [Thread-1057] INFO  http.HttpServer2 (HttpServer2.java:addFilter(958)) - Added filter static_user_filter (class=org.apache.hadoop.http.lib.StaticUserWebFilter$StaticUserFilter) to context static
2019-09-20 08:38:18,739 [Thread-1057] INFO  http.HttpServer2 (HttpServer2.java:addFilter(958)) - Added filter static_user_filter (class=org.apache.hadoop.http.lib.StaticUserWebFilter$StaticUserFilter) to context logs
2019-09-20 08:38:18,740 [Thread-1057] INFO  http.HttpServer2 (HttpServer2.java:bindListener(1191)) - Jetty bound to port 44299
2019-09-20 08:38:18,740 [Thread-1057] INFO  server.Server (Server.java:doStart(351)) - jetty-9.3.24.v20180605, build timestamp: 2018-06-05T17:11:56Z, git hash: 84205aa28f11a4f31f2a3b86d1bba2cc8ab69827
2019-09-20 08:38:18,741 [Thread-1057] INFO  handler.ContextHandler (ContextHandler.java:doStart(781)) - Started o.e.j.s.ServletContextHandler@47237bc9{/logs,file:///workdir/hadoop-ozone/ozonefs/target/log,AVAILABLE}
2019-09-20 08:38:18,742 [Thread-1057] INFO  handler.ContextHandler (ContextHandler.java:doStart(781)) - Started o.e.j.s.ServletContextHandler@5741fee4{/static,jar:file:/home/user/.m2/repository/org/apache/hadoop/hadoop-ozone-ozone-manager/0.5.0-SNAPSHOT/hadoop-ozone-ozone-manager-0.5.0-SNAPSHOT.jar!/webapps/static,AVAILABLE}
2019-09-20 08:38:18,786 [Thread-1057] INFO  handler.ContextHandler (ContextHandler.java:doStart(781)) - Started o.e.j.w.WebAppContext@6c8b5812{/,file:///tmp/jetty-0.0.0.0-44299-ozoneManager-_-any-5722907818322203422.dir/webapp/,AVAILABLE}{/ozoneManager}
2019-09-20 08:38:18,786 [Thread-1057] INFO  server.AbstractConnector (AbstractConnector.java:doStart(278)) - Started ServerConnector@374fc253{HTTP/1.1,[http/1.1]}{0.0.0.0:44299}
2019-09-20 08:38:18,787 [Thread-1057] INFO  server.Server (Server.java:doStart(419)) - Started @80289ms
2019-09-20 08:38:18,788 [Thread-1057] INFO  server.BaseHttpServer (BaseHttpServer.java:updateConnectorAddress(213)) - HTTP server of OZONEMANAGER is listening at http://0.0.0.0:44299
2019-09-20 08:38:18,794 [Thread-1057] INFO  impl.MetricsSystemImpl (MetricsSystemImpl.java:init(158)) - HddsDatanode metrics system started (again)
2019-09-20 08:38:18,796 [Thread-1057] INFO  ozone.HddsDatanodeService (HddsDatanodeService.java:start(184)) - HddsDatanodeService host:pr-hdds-1569-s8kj2-2266485376 ip:192.168.36.79
2019-09-20 08:38:18,803 [Thread-1057] INFO  volume.HddsVolume (HddsVolume.java:<init>(176)) - Creating Volume: /workdir/hadoop-ozone/ozonefs/target/test-dir/MiniOzoneClusterImpl-0e2437da-0aee-42ff-b383-10e9a9564f41/datanode-0/data/containers/hdds of  storage type : DISK and capacity : 1482555576320
2019-09-20 08:38:18,803 [Thread-1057] INFO  volume.VolumeSet (VolumeSet.java:initializeVolumeSet(170)) - Added Volume : /workdir/hadoop-ozone/ozonefs/target/test-dir/MiniOzoneClusterImpl-0e2437da-0aee-42ff-b383-10e9a9564f41/datanode-0/data/containers/hdds to VolumeSet
2019-09-20 08:38:18,803 [Thread-1057] INFO  volume.ThrottledAsyncChecker (ThrottledAsyncChecker.java:schedule(140)) - Scheduling a check for org.apache.hadoop.ozone.container.common.volume.HddsVolume@209d2d6a
2019-09-20 08:38:18,804 [Thread-1057] INFO  volume.HddsVolumeChecker (HddsVolumeChecker.java:checkAllVolumes(203)) - Scheduled health check for volume org.apache.hadoop.ozone.container.common.volume.HddsVolume@209d2d6a
2019-09-20 08:38:18,824 [Thread-1057] INFO  impl.RaftServerProxy (ConfUtils.java:logGet(43)) - raft.rpc.type = GRPC (default)
2019-09-20 08:38:18,824 [Thread-1057] INFO  grpc.GrpcFactory (GrpcFactory.java:checkPooledByteBufAllocatorUseCacheForAllThreads(45)) - PERFORMANCE WARNING: useCacheForAllThreads is true that may cause Netty to create a lot garbage objects and, as a result, trigger GC.
	It is recommended to disable useCacheForAllThreads by setting -Dorg.apache.ratis.thirdparty.io.netty.allocator.useCacheForAllThreads=false in command line.
2019-09-20 08:38:18,824 [Thread-1057] INFO  grpc.GrpcConfigKeys$Server (ConfUtils.java:logGet(43)) - raft.grpc.server.port = 0 (default)
2019-09-20 08:38:18,824 [Thread-1057] INFO  server.GrpcService (ConfUtils.java:logGet(43)) - raft.grpc.message.size.max = 33570816 (custom)
2019-09-20 08:38:18,824 [Thread-1057] INFO  server.RaftServerConfigKeys (ConfUtils.java:logGet(43)) - raft.server.log.appender.buffer.byte-limit = 33554432 (custom)
2019-09-20 08:38:18,825 [Thread-1057] INFO  server.GrpcService (ConfUtils.java:logGet(43)) - raft.grpc.flow.control.window = 1MB (=1048576) (default)
2019-09-20 08:38:18,825 [Thread-1057] INFO  server.RaftServerConfigKeys (ConfUtils.java:logGet(43)) - raft.server.rpc.request.timeout = 3000ms (default)
2019-09-20 08:38:18,825 [Thread-1057] INFO  server.RaftServerConfigKeys (ConfUtils.java:logGet(43)) - raft.server.storage.dir = [/workdir/hadoop-ozone/ozonefs/target/test-dir/MiniOzoneClusterImpl-0e2437da-0aee-42ff-b383-10e9a9564f41/datanode-0/data/ratis] (custom)
2019-09-20 08:38:18,826 [Thread-1057] INFO  replication.SimpleContainerDownloader (SimpleContainerDownloader.java:<init>(72)) - Starting container downloader service to copy containers to replicate.
2019-09-20 08:38:18,827 [Thread-1057] INFO  hdfs.DFSUtil (DFSUtil.java:httpServerTemplateForNNAndJN(1641)) - Starting Web-server for hddsDatanode at: http://0.0.0.0:0
2019-09-20 08:38:18,829 [Thread-1057] INFO  server.AuthenticationFilter (AuthenticationFilter.java:constructSecretProvider(240)) - Unable to initialize FileSignerSecretProvider, falling back to use random secrets.
2019-09-20 08:38:18,830 [Thread-1057] WARN  http.HttpRequestLog (HttpRequestLog.java:getRequestLog(97)) - Jetty request log can only be enabled using Log4j
2019-09-20 08:38:18,832 [Thread-1057] INFO  http.HttpServer2 (HttpServer2.java:addGlobalFilter(975)) - Added global filter 'safety' (class=org.apache.hadoop.http.HttpServer2$QuotingInputFilter)
2019-09-20 08:38:18,833 [Thread-1057] INFO  http.HttpServer2 (HttpServer2.java:addFilter(948)) - Added filter static_user_filter (class=org.apache.hadoop.http.lib.StaticUserWebFilter$StaticUserFilter) to context hddsDatanode
2019-09-20 08:38:18,833 [Thread-1057] INFO  http.HttpServer2 (HttpServer2.java:addFilter(958)) - Added filter static_user_filter (class=org.apache.hadoop.http.lib.StaticUserWebFilter$StaticUserFilter) to context static
2019-09-20 08:38:18,833 [Thread-1057] INFO  http.HttpServer2 (HttpServer2.java:addFilter(958)) - Added filter static_user_filter (class=org.apache.hadoop.http.lib.StaticUserWebFilter$StaticUserFilter) to context logs
2019-09-20 08:38:18,834 [Thread-1057] INFO  http.HttpServer2 (HttpServer2.java:bindListener(1191)) - Jetty bound to port 34392
2019-09-20 08:38:18,834 [Thread-1057] INFO  server.Server (Server.java:doStart(351)) - jetty-9.3.24.v20180605, build timestamp: 2018-06-05T17:11:56Z, git hash: 84205aa28f11a4f31f2a3b86d1bba2cc8ab69827
2019-09-20 08:38:18,836 [Thread-1057] INFO  handler.ContextHandler (ContextHandler.java:doStart(781)) - Started o.e.j.s.ServletContextHandler@483ed210{/logs,file:///workdir/hadoop-ozone/ozonefs/target/log,AVAILABLE}
2019-09-20 08:38:18,837 [Thread-1057] INFO  handler.ContextHandler (ContextHandler.java:doStart(781)) - Started o.e.j.s.ServletContextHandler@138d8d64{/static,jar:file:/home/user/.m2/repository/org/apache/hadoop/hadoop-hdds-container-service/0.5.0-SNAPSHOT/hadoop-hdds-container-service-0.5.0-SNAPSHOT.jar!/webapps/static,AVAILABLE}
2019-09-20 08:38:18,877 [Thread-1057] INFO  handler.ContextHandler (ContextHandler.java:doStart(781)) - Started o.e.j.w.WebAppContext@7016154c{/,file:///tmp/jetty-0.0.0.0-34392-hddsDatanode-_-any-384223069874890129.dir/webapp/,AVAILABLE}{/hddsDatanode}
2019-09-20 08:38:18,877 [Thread-1057] INFO  server.AbstractConnector (AbstractConnector.java:doStart(278)) - Started ServerConnector@6617d40b{HTTP/1.1,[http/1.1]}{0.0.0.0:34392}
2019-09-20 08:38:18,878 [Thread-1057] INFO  server.Server (Server.java:doStart(419)) - Started @80380ms
2019-09-20 08:38:18,879 [Thread-1057] INFO  server.BaseHttpServer (BaseHttpServer.java:updateConnectorAddress(213)) - HTTP server of HDDSDATANODE is listening at http://0.0.0.0:34392
2019-09-20 08:38:19,033 | INFO  | ObjectStoreRestHttpServer | Listening HDDS REST traffic on /0.0.0.0:36756 |  
2019-09-20 08:38:19,033 [Thread-1057] INFO  ozone.HddsDatanodeService (HddsDatanodeService.java:startPlugins(395)) - Started plug-in org.apache.hadoop.ozone.web.OzoneHddsDatanodeService@7021791f
2019-09-20 08:38:19,034 [Thread-1057] INFO  impl.MetricsSystemImpl (MetricsSystemImpl.java:init(158)) - HddsDatanode metrics system started (again)
2019-09-20 08:38:19,036 [org.apache.hadoop.util.JvmPauseMonitor$Monitor@3081892a] INFO  util.JvmPauseMonitor (JvmPauseMonitor.java:run(188)) - Starting JVM pause monitor
2019-09-20 08:38:19,036 [Thread-1057] INFO  ozone.HddsDatanodeService (HddsDatanodeService.java:start(184)) - HddsDatanodeService host:pr-hdds-1569-s8kj2-2266485376 ip:192.168.36.79
2019-09-20 08:38:19,038 [Datanode State Machine Thread - 0] INFO  datanode.InitDatanodeState (InitDatanodeState.java:persistContainerDatanodeDetails(140)) - DatanodeDetails is persisted to /workdir/hadoop-ozone/ozonefs/target/test-dir/MiniOzoneClusterImpl-0e2437da-0aee-42ff-b383-10e9a9564f41/datanode-0/meta/datanode.id
2019-09-20 08:38:19,044 [Thread-1057] INFO  volume.HddsVolume (HddsVolume.java:<init>(176)) - Creating Volume: /workdir/hadoop-ozone/ozonefs/target/test-dir/MiniOzoneClusterImpl-0e2437da-0aee-42ff-b383-10e9a9564f41/datanode-1/data/containers/hdds of  storage type : DISK and capacity : 1482555576320
2019-09-20 08:38:19,044 [Thread-1057] INFO  volume.VolumeSet (VolumeSet.java:initializeVolumeSet(170)) - Added Volume : /workdir/hadoop-ozone/ozonefs/target/test-dir/MiniOzoneClusterImpl-0e2437da-0aee-42ff-b383-10e9a9564f41/datanode-1/data/containers/hdds to VolumeSet
2019-09-20 08:38:19,044 [Thread-1057] INFO  volume.ThrottledAsyncChecker (ThrottledAsyncChecker.java:schedule(140)) - Scheduling a check for org.apache.hadoop.ozone.container.common.volume.HddsVolume@5931efbb
2019-09-20 08:38:19,044 [Thread-1057] INFO  volume.HddsVolumeChecker (HddsVolumeChecker.java:checkAllVolumes(203)) - Scheduled health check for volume org.apache.hadoop.ozone.container.common.volume.HddsVolume@5931efbb
2019-09-20 08:38:19,065 [Thread-1057] INFO  impl.RaftServerProxy (ConfUtils.java:logGet(43)) - raft.rpc.type = GRPC (default)
2019-09-20 08:38:19,065 [Thread-1057] INFO  grpc.GrpcFactory (GrpcFactory.java:checkPooledByteBufAllocatorUseCacheForAllThreads(45)) - PERFORMANCE WARNING: useCacheForAllThreads is true that may cause Netty to create a lot garbage objects and, as a result, trigger GC.
	It is recommended to disable useCacheForAllThreads by setting -Dorg.apache.ratis.thirdparty.io.netty.allocator.useCacheForAllThreads=false in command line.
2019-09-20 08:38:19,065 [Thread-1057] INFO  grpc.GrpcConfigKeys$Server (ConfUtils.java:logGet(43)) - raft.grpc.server.port = 0 (default)
2019-09-20 08:38:19,066 [Thread-1057] INFO  server.GrpcService (ConfUtils.java:logGet(43)) - raft.grpc.message.size.max = 33570816 (custom)
2019-09-20 08:38:19,066 [Thread-1057] INFO  server.RaftServerConfigKeys (ConfUtils.java:logGet(43)) - raft.server.log.appender.buffer.byte-limit = 33554432 (custom)
2019-09-20 08:38:19,066 [Thread-1057] INFO  server.GrpcService (ConfUtils.java:logGet(43)) - raft.grpc.flow.control.window = 1MB (=1048576) (default)
2019-09-20 08:38:19,066 [Thread-1057] INFO  server.RaftServerConfigKeys (ConfUtils.java:logGet(43)) - raft.server.rpc.request.timeout = 3000ms (default)
2019-09-20 08:38:19,067 [Thread-1057] INFO  server.RaftServerConfigKeys (ConfUtils.java:logGet(43)) - raft.server.storage.dir = [/workdir/hadoop-ozone/ozonefs/target/test-dir/MiniOzoneClusterImpl-0e2437da-0aee-42ff-b383-10e9a9564f41/datanode-1/data/ratis] (custom)
2019-09-20 08:38:19,067 [Thread-1057] INFO  replication.SimpleContainerDownloader (SimpleContainerDownloader.java:<init>(72)) - Starting container downloader service to copy containers to replicate.
2019-09-20 08:38:19,068 [Thread-1057] INFO  hdfs.DFSUtil (DFSUtil.java:httpServerTemplateForNNAndJN(1641)) - Starting Web-server for hddsDatanode at: http://0.0.0.0:0
2019-09-20 08:38:19,070 [Thread-1057] INFO  server.AuthenticationFilter (AuthenticationFilter.java:constructSecretProvider(240)) - Unable to initialize FileSignerSecretProvider, falling back to use random secrets.
2019-09-20 08:38:19,070 [Thread-1057] WARN  http.HttpRequestLog (HttpRequestLog.java:getRequestLog(97)) - Jetty request log can only be enabled using Log4j
2019-09-20 08:38:19,073 [Thread-1057] INFO  http.HttpServer2 (HttpServer2.java:addGlobalFilter(975)) - Added global filter 'safety' (class=org.apache.hadoop.http.HttpServer2$QuotingInputFilter)
2019-09-20 08:38:19,073 [Thread-1057] INFO  http.HttpServer2 (HttpServer2.java:addFilter(948)) - Added filter static_user_filter (class=org.apache.hadoop.http.lib.StaticUserWebFilter$StaticUserFilter) to context hddsDatanode
2019-09-20 08:38:19,074 [Thread-1057] INFO  http.HttpServer2 (HttpServer2.java:addFilter(958)) - Added filter static_user_filter (class=org.apache.hadoop.http.lib.StaticUserWebFilter$StaticUserFilter) to context static
2019-09-20 08:38:19,074 [Thread-1057] INFO  http.HttpServer2 (HttpServer2.java:addFilter(958)) - Added filter static_user_filter (class=org.apache.hadoop.http.lib.StaticUserWebFilter$StaticUserFilter) to context logs
2019-09-20 08:38:19,075 [Thread-1057] INFO  http.HttpServer2 (HttpServer2.java:bindListener(1191)) - Jetty bound to port 38159
2019-09-20 08:38:19,075 [Thread-1057] INFO  server.Server (Server.java:doStart(351)) - jetty-9.3.24.v20180605, build timestamp: 2018-06-05T17:11:56Z, git hash: 84205aa28f11a4f31f2a3b86d1bba2cc8ab69827
2019-09-20 08:38:19,077 [Thread-1057] INFO  handler.ContextHandler (ContextHandler.java:doStart(781)) - Started o.e.j.s.ServletContextHandler@b8f4472{/logs,file:///workdir/hadoop-ozone/ozonefs/target/log,AVAILABLE}
2019-09-20 08:38:19,077 [Thread-1057] INFO  handler.ContextHandler (ContextHandler.java:doStart(781)) - Started o.e.j.s.ServletContextHandler@7c40c4eb{/static,jar:file:/home/user/.m2/repository/org/apache/hadoop/hadoop-hdds-container-service/0.5.0-SNAPSHOT/hadoop-hdds-container-service-0.5.0-SNAPSHOT.jar!/webapps/static,AVAILABLE}
2019-09-20 08:38:19,116 [Thread-1057] INFO  handler.ContextHandler (ContextHandler.java:doStart(781)) - Started o.e.j.w.WebAppContext@50afae02{/,file:///tmp/jetty-0.0.0.0-38159-hddsDatanode-_-any-9000020116954094724.dir/webapp/,AVAILABLE}{/hddsDatanode}
2019-09-20 08:38:19,117 [Thread-1057] INFO  server.AbstractConnector (AbstractConnector.java:doStart(278)) - Started ServerConnector@5d2eb42{HTTP/1.1,[http/1.1]}{0.0.0.0:38159}
2019-09-20 08:38:19,118 [Thread-1057] INFO  server.Server (Server.java:doStart(419)) - Started @80619ms
2019-09-20 08:38:19,119 [Thread-1057] INFO  server.BaseHttpServer (BaseHttpServer.java:updateConnectorAddress(213)) - HTTP server of HDDSDATANODE is listening at http://0.0.0.0:38159
2019-09-20 08:38:19,257 | INFO  | ObjectStoreRestHttpServer | Listening HDDS REST traffic on /0.0.0.0:37812 |  
2019-09-20 08:38:19,257 [Thread-1057] INFO  ozone.HddsDatanodeService (HddsDatanodeService.java:startPlugins(395)) - Started plug-in org.apache.hadoop.ozone.web.OzoneHddsDatanodeService@58101dd1
2019-09-20 08:38:19,258 [Thread-1057] INFO  impl.MetricsSystemImpl (MetricsSystemImpl.java:init(158)) - HddsDatanode metrics system started (again)
2019-09-20 08:38:19,260 [Thread-1057] INFO  ozone.HddsDatanodeService (HddsDatanodeService.java:start(184)) - HddsDatanodeService host:pr-hdds-1569-s8kj2-2266485376 ip:192.168.36.79
2019-09-20 08:38:19,260 [org.apache.hadoop.util.JvmPauseMonitor$Monitor@1dc912c3] INFO  util.JvmPauseMonitor (JvmPauseMonitor.java:run(188)) - Starting JVM pause monitor
2019-09-20 08:38:19,263 [Datanode State Machine Thread - 0] INFO  datanode.InitDatanodeState (InitDatanodeState.java:persistContainerDatanodeDetails(140)) - DatanodeDetails is persisted to /workdir/hadoop-ozone/ozonefs/target/test-dir/MiniOzoneClusterImpl-0e2437da-0aee-42ff-b383-10e9a9564f41/datanode-1/meta/datanode.id
2019-09-20 08:38:19,269 [Thread-1057] INFO  volume.HddsVolume (HddsVolume.java:<init>(176)) - Creating Volume: /workdir/hadoop-ozone/ozonefs/target/test-dir/MiniOzoneClusterImpl-0e2437da-0aee-42ff-b383-10e9a9564f41/datanode-2/data/containers/hdds of  storage type : DISK and capacity : 1482555576320
2019-09-20 08:38:19,269 [Thread-1057] INFO  volume.VolumeSet (VolumeSet.java:initializeVolumeSet(170)) - Added Volume : /workdir/hadoop-ozone/ozonefs/target/test-dir/MiniOzoneClusterImpl-0e2437da-0aee-42ff-b383-10e9a9564f41/datanode-2/data/containers/hdds to VolumeSet
2019-09-20 08:38:19,269 [Thread-1057] INFO  volume.ThrottledAsyncChecker (ThrottledAsyncChecker.java:schedule(140)) - Scheduling a check for org.apache.hadoop.ozone.container.common.volume.HddsVolume@389e9874
2019-09-20 08:38:19,270 [Thread-1057] INFO  volume.HddsVolumeChecker (HddsVolumeChecker.java:checkAllVolumes(203)) - Scheduled health check for volume org.apache.hadoop.ozone.container.common.volume.HddsVolume@389e9874
2019-09-20 08:38:19,289 [Thread-1057] INFO  impl.RaftServerProxy (ConfUtils.java:logGet(43)) - raft.rpc.type = GRPC (default)
2019-09-20 08:38:19,290 [Thread-1057] INFO  grpc.GrpcFactory (GrpcFactory.java:checkPooledByteBufAllocatorUseCacheForAllThreads(45)) - PERFORMANCE WARNING: useCacheForAllThreads is true that may cause Netty to create a lot garbage objects and, as a result, trigger GC.
	It is recommended to disable useCacheForAllThreads by setting -Dorg.apache.ratis.thirdparty.io.netty.allocator.useCacheForAllThreads=false in command line.
2019-09-20 08:38:19,290 [Thread-1057] INFO  grpc.GrpcConfigKeys$Server (ConfUtils.java:logGet(43)) - raft.grpc.server.port = 0 (default)
2019-09-20 08:38:19,290 [Thread-1057] INFO  server.GrpcService (ConfUtils.java:logGet(43)) - raft.grpc.message.size.max = 33570816 (custom)
2019-09-20 08:38:19,290 [Thread-1057] INFO  server.RaftServerConfigKeys (ConfUtils.java:logGet(43)) - raft.server.log.appender.buffer.byte-limit = 33554432 (custom)
2019-09-20 08:38:19,290 [Thread-1057] INFO  server.GrpcService (ConfUtils.java:logGet(43)) - raft.grpc.flow.control.window = 1MB (=1048576) (default)
2019-09-20 08:38:19,290 [Thread-1057] INFO  server.RaftServerConfigKeys (ConfUtils.java:logGet(43)) - raft.server.rpc.request.timeout = 3000ms (default)
2019-09-20 08:38:19,291 [Thread-1057] INFO  server.RaftServerConfigKeys (ConfUtils.java:logGet(43)) - raft.server.storage.dir = [/workdir/hadoop-ozone/ozonefs/target/test-dir/MiniOzoneClusterImpl-0e2437da-0aee-42ff-b383-10e9a9564f41/datanode-2/data/ratis] (custom)
2019-09-20 08:38:19,291 [Thread-1057] INFO  replication.SimpleContainerDownloader (SimpleContainerDownloader.java:<init>(72)) - Starting container downloader service to copy containers to replicate.
2019-09-20 08:38:19,292 [Thread-1057] INFO  hdfs.DFSUtil (DFSUtil.java:httpServerTemplateForNNAndJN(1641)) - Starting Web-server for hddsDatanode at: http://0.0.0.0:0
2019-09-20 08:38:19,295 [Thread-1057] INFO  server.AuthenticationFilter (AuthenticationFilter.java:constructSecretProvider(240)) - Unable to initialize FileSignerSecretProvider, falling back to use random secrets.
2019-09-20 08:38:19,295 [Thread-1057] WARN  http.HttpRequestLog (HttpRequestLog.java:getRequestLog(97)) - Jetty request log can only be enabled using Log4j
2019-09-20 08:38:19,298 [Thread-1057] INFO  http.HttpServer2 (HttpServer2.java:addGlobalFilter(975)) - Added global filter 'safety' (class=org.apache.hadoop.http.HttpServer2$QuotingInputFilter)
2019-09-20 08:38:19,299 [Thread-1057] INFO  http.HttpServer2 (HttpServer2.java:addFilter(948)) - Added filter static_user_filter (class=org.apache.hadoop.http.lib.StaticUserWebFilter$StaticUserFilter) to context hddsDatanode
2019-09-20 08:38:19,300 [Thread-1057] INFO  http.HttpServer2 (HttpServer2.java:addFilter(958)) - Added filter static_user_filter (class=org.apache.hadoop.http.lib.StaticUserWebFilter$StaticUserFilter) to context static
2019-09-20 08:38:19,300 [Thread-1057] INFO  http.HttpServer2 (HttpServer2.java:addFilter(958)) - Added filter static_user_filter (class=org.apache.hadoop.http.lib.StaticUserWebFilter$StaticUserFilter) to context logs
2019-09-20 08:38:19,301 [Thread-1057] INFO  http.HttpServer2 (HttpServer2.java:bindListener(1191)) - Jetty bound to port 43370
2019-09-20 08:38:19,301 [Thread-1057] INFO  server.Server (Server.java:doStart(351)) - jetty-9.3.24.v20180605, build timestamp: 2018-06-05T17:11:56Z, git hash: 84205aa28f11a4f31f2a3b86d1bba2cc8ab69827
2019-09-20 08:38:19,303 [Thread-1057] INFO  handler.ContextHandler (ContextHandler.java:doStart(781)) - Started o.e.j.s.ServletContextHandler@6bde6c53{/logs,file:///workdir/hadoop-ozone/ozonefs/target/log,AVAILABLE}
2019-09-20 08:38:19,304 [Thread-1057] INFO  handler.ContextHandler (ContextHandler.java:doStart(781)) - Started o.e.j.s.ServletContextHandler@5090e889{/static,jar:file:/home/user/.m2/repository/org/apache/hadoop/hadoop-hdds-container-service/0.5.0-SNAPSHOT/hadoop-hdds-container-service-0.5.0-SNAPSHOT.jar!/webapps/static,AVAILABLE}
2019-09-20 08:38:19,347 [Thread-1057] INFO  handler.ContextHandler (ContextHandler.java:doStart(781)) - Started o.e.j.w.WebAppContext@5f079d4d{/,file:///tmp/jetty-0.0.0.0-43370-hddsDatanode-_-any-4693293034141570024.dir/webapp/,AVAILABLE}{/hddsDatanode}
2019-09-20 08:38:19,347 [Thread-1057] INFO  server.AbstractConnector (AbstractConnector.java:doStart(278)) - Started ServerConnector@29e9b470{HTTP/1.1,[http/1.1]}{0.0.0.0:43370}
2019-09-20 08:38:19,348 [Thread-1057] INFO  server.Server (Server.java:doStart(419)) - Started @80850ms
2019-09-20 08:38:19,349 [Thread-1057] INFO  server.BaseHttpServer (BaseHttpServer.java:updateConnectorAddress(213)) - HTTP server of HDDSDATANODE is listening at http://0.0.0.0:43370
2019-09-20 08:38:19,465 | INFO  | ObjectStoreRestHttpServer | Listening HDDS REST traffic on /0.0.0.0:37218 |  
2019-09-20 08:38:19,465 [Thread-1057] INFO  ozone.HddsDatanodeService (HddsDatanodeService.java:startPlugins(395)) - Started plug-in org.apache.hadoop.ozone.web.OzoneHddsDatanodeService@335b840d
2019-09-20 08:38:19,465 [Thread-1057] INFO  ozone.MiniOzoneClusterImpl (MiniOzoneClusterImpl.java:lambda$waitForClusterToBeReady$0(142)) - Waiting for cluster to be ready. Got 0 of 3 DN Heartbeats.
2019-09-20 08:38:19,467 [org.apache.hadoop.util.JvmPauseMonitor$Monitor@1c34817f] INFO  util.JvmPauseMonitor (JvmPauseMonitor.java:run(188)) - Starting JVM pause monitor
2019-09-20 08:38:19,468 [Datanode State Machine Thread - 0] INFO  datanode.InitDatanodeState (InitDatanodeState.java:persistContainerDatanodeDetails(140)) - DatanodeDetails is persisted to /workdir/hadoop-ozone/ozonefs/target/test-dir/MiniOzoneClusterImpl-0e2437da-0aee-42ff-b383-10e9a9564f41/datanode-2/meta/datanode.id
2019-09-20 08:38:20,466 [Thread-1057] INFO  ozone.MiniOzoneClusterImpl (MiniOzoneClusterImpl.java:lambda$waitForClusterToBeReady$0(142)) - Waiting for cluster to be ready. Got 0 of 3 DN Heartbeats.
2019-09-20 08:38:21,044 | INFO  | SCMAudit | user=jenkins1000 | ip=192.168.36.79 | op=GET_VERSION null | ret=SUCCESS |  
2019-09-20 08:38:21,066 [Datanode State Machine Thread - 0] INFO  ozoneimpl.OzoneContainer (OzoneContainer.java:start(186)) - Attempting to start container services.
2019-09-20 08:38:21,066 [Datanode State Machine Thread - 0] INFO  ozoneimpl.OzoneContainer (OzoneContainer.java:startContainerScrub(160)) - Background container scrubber has been disabled by hdds.containerscrub.enabled
2019-09-20 08:38:21,066 [Datanode State Machine Thread - 0] INFO  ratis.XceiverServerRatis (XceiverServerRatis.java:start(404)) - Starting XceiverServerRatis 7e673b66-ddf6-4b97-a643-f59697fb3549 at port 0
2019-09-20 08:38:21,072 [Datanode State Machine Thread - 0] INFO  impl.RaftServerProxy (RaftServerProxy.java:lambda$start$3(299)) - 7e673b66-ddf6-4b97-a643-f59697fb3549: start RPC server
2019-09-20 08:38:21,075 [Datanode State Machine Thread - 0] INFO  server.GrpcService (GrpcService.java:startImpl(149)) - 7e673b66-ddf6-4b97-a643-f59697fb3549: GrpcService started, listening on 0.0.0.0/0.0.0.0:35666
2019-09-20 08:38:21,075 [Datanode State Machine Thread - 0] INFO  ratis.XceiverServerRatis (XceiverServerRatis.java:start(414)) - XceiverServerRatis 7e673b66-ddf6-4b97-a643-f59697fb3549 is started using port 35666
2019-09-20 08:38:21,076 [Datanode State Machine Thread - 0] INFO  server.XceiverServerGrpc (XceiverServerGrpc.java:start(163)) - XceiverServerGrpc 7e673b66-ddf6-4b97-a643-f59697fb3549 is started using port 41320
2019-09-20 08:38:21,262 | INFO  | SCMAudit | user=jenkins1000 | ip=192.168.36.79 | op=GET_VERSION null | ret=SUCCESS |  
2019-09-20 08:38:21,282 [Datanode State Machine Thread - 0] INFO  ozoneimpl.OzoneContainer (OzoneContainer.java:start(186)) - Attempting to start container services.
2019-09-20 08:38:21,282 [Datanode State Machine Thread - 0] INFO  ozoneimpl.OzoneContainer (OzoneContainer.java:startContainerScrub(160)) - Background container scrubber has been disabled by hdds.containerscrub.enabled
2019-09-20 08:38:21,283 [Datanode State Machine Thread - 0] INFO  ratis.XceiverServerRatis (XceiverServerRatis.java:start(404)) - Starting XceiverServerRatis 22464498-4bd3-4a74-88e5-a0fbe623bf0e at port 0
2019-09-20 08:38:21,290 [Datanode State Machine Thread - 0] INFO  impl.RaftServerProxy (RaftServerProxy.java:lambda$start$3(299)) - 22464498-4bd3-4a74-88e5-a0fbe623bf0e: start RPC server
2019-09-20 08:38:21,292 [Datanode State Machine Thread - 0] INFO  server.GrpcService (GrpcService.java:startImpl(149)) - 22464498-4bd3-4a74-88e5-a0fbe623bf0e: GrpcService started, listening on 0.0.0.0/0.0.0.0:46088
2019-09-20 08:38:21,293 [Datanode State Machine Thread - 0] INFO  ratis.XceiverServerRatis (XceiverServerRatis.java:start(414)) - XceiverServerRatis 22464498-4bd3-4a74-88e5-a0fbe623bf0e is started using port 46088
2019-09-20 08:38:21,294 [Datanode State Machine Thread - 0] INFO  server.XceiverServerGrpc (XceiverServerGrpc.java:start(163)) - XceiverServerGrpc 22464498-4bd3-4a74-88e5-a0fbe623bf0e is started using port 36121
2019-09-20 08:38:21,466 [Thread-1057] INFO  ozone.MiniOzoneClusterImpl (MiniOzoneClusterImpl.java:lambda$waitForClusterToBeReady$0(142)) - Waiting for cluster to be ready. Got 0 of 3 DN Heartbeats.
2019-09-20 08:38:21,469 | INFO  | SCMAudit | user=jenkins1000 | ip=192.168.36.79 | op=GET_VERSION null | ret=SUCCESS |  
2019-09-20 08:38:21,493 [Datanode State Machine Thread - 0] INFO  ozoneimpl.OzoneContainer (OzoneContainer.java:start(186)) - Attempting to start container services.
2019-09-20 08:38:21,493 [Datanode State Machine Thread - 0] INFO  ozoneimpl.OzoneContainer (OzoneContainer.java:startContainerScrub(160)) - Background container scrubber has been disabled by hdds.containerscrub.enabled
2019-09-20 08:38:21,494 [Datanode State Machine Thread - 0] INFO  ratis.XceiverServerRatis (XceiverServerRatis.java:start(404)) - Starting XceiverServerRatis db6d3ca5-f12f-4d4c-aad8-4a2a4f640353 at port 0
2019-09-20 08:38:21,501 [Datanode State Machine Thread - 0] INFO  impl.RaftServerProxy (RaftServerProxy.java:lambda$start$3(299)) - db6d3ca5-f12f-4d4c-aad8-4a2a4f640353: start RPC server
2019-09-20 08:38:21,502 [Datanode State Machine Thread - 0] INFO  server.GrpcService (GrpcService.java:startImpl(149)) - db6d3ca5-f12f-4d4c-aad8-4a2a4f640353: GrpcService started, listening on 0.0.0.0/0.0.0.0:39139
2019-09-20 08:38:21,502 [Datanode State Machine Thread - 0] INFO  ratis.XceiverServerRatis (XceiverServerRatis.java:start(414)) - XceiverServerRatis db6d3ca5-f12f-4d4c-aad8-4a2a4f640353 is started using port 39139
2019-09-20 08:38:21,503 [Datanode State Machine Thread - 0] INFO  server.XceiverServerGrpc (XceiverServerGrpc.java:start(163)) - XceiverServerGrpc db6d3ca5-f12f-4d4c-aad8-4a2a4f640353 is started using port 35900
2019-09-20 08:38:22,467 [Thread-1057] INFO  ozone.MiniOzoneClusterImpl (MiniOzoneClusterImpl.java:lambda$waitForClusterToBeReady$0(142)) - Waiting for cluster to be ready. Got 0 of 3 DN Heartbeats.
2019-09-20 08:38:23,041 [IPC Server handler 0 on 45139] INFO  net.NetworkTopology (NetworkTopologyImpl.java:add(110)) - Added a new node: /default-rack/7e673b66-ddf6-4b97-a643-f59697fb3549
2019-09-20 08:38:23,043 [IPC Server handler 0 on 45139] INFO  node.SCMNodeManager (SCMNodeManager.java:register(273)) - Registered Data node : 7e673b66-ddf6-4b97-a643-f59697fb3549{ip: 192.168.36.79, host: pr-hdds-1569-s8kj2-2266485376, networkLocation: /default-rack, certSerialId: null}
2019-09-20 08:38:23,044 [EventQueue-NodeRegistrationContainerReportForDataNodeSafeModeRule] INFO  safemode.SCMSafeModeManager (DataNodeSafeModeRule.java:process(71)) - SCM in safe mode. 1 DataNodes registered, 1 required.
2019-09-20 08:38:23,045 [EventQueue-NodeRegistrationContainerReportForDataNodeSafeModeRule] INFO  safemode.SCMSafeModeManager (SCMSafeModeManager.java:validateSafeModeExitRules(177)) - ScmSafeModeManager, all rules are successfully validated
2019-09-20 08:38:23,045 [EventQueue-NodeRegistrationContainerReportForDataNodeSafeModeRule] INFO  safemode.SCMSafeModeManager (SCMSafeModeManager.java:exitSafeMode(193)) - SCM exiting safe mode.
2019-09-20 08:38:23,046 | INFO  | SCMAudit | user=jenkins1000 | ip=192.168.36.79 | op=REGISTER {datanodeDetails=7e673b66-ddf6-4b97-a643-f59697fb3549{ip: 192.168.36.79, host: pr-hdds-1569-s8kj2-2266485376, networkLocation: /default-rack, certSerialId: null}} | ret=SUCCESS |  
2019-09-20 08:38:23,059 [grpc-default-executor-0] INFO  impl.RaftServerProxy (RaftServerProxy.java:addNew(89)) - 7e673b66-ddf6-4b97-a643-f59697fb3549: addNew group-1F6AF170D025:[7e673b66-ddf6-4b97-a643-f59697fb3549:192.168.36.79:35666] returns group-1F6AF170D025:java.util.concurrent.CompletableFuture@2cf5db2b[Not completed]
2019-09-20 08:38:23,060 [pool-239-thread-1] INFO  impl.RaftServerImpl (RaftServerImpl.java:<init>(93)) - 7e673b66-ddf6-4b97-a643-f59697fb3549: new RaftServerImpl for group-1F6AF170D025:[7e673b66-ddf6-4b97-a643-f59697fb3549:192.168.36.79:35666] with ContainerStateMachine:uninitialized
2019-09-20 08:38:23,060 [pool-239-thread-1] INFO  server.RaftServerConfigKeys (ConfUtils.java:logGet(43)) - raft.server.rpc.timeout.min = 5s (custom)
2019-09-20 08:38:23,061 [pool-239-thread-1] INFO  server.RaftServerConfigKeys (ConfUtils.java:logGet(43)) - raft.server.rpc.timeout.max = 5200ms (custom)
2019-09-20 08:38:23,061 [pool-239-thread-1] INFO  server.RaftServerConfigKeys (ConfUtils.java:logGet(43)) - raft.server.rpcslowness.timeout = 120s (custom)
2019-09-20 08:38:23,061 [pool-239-thread-1] INFO  server.RaftServerConfigKeys (ConfUtils.java:logGet(43)) - raft.server.sleep.deviation.threshold = 300 (default)
2019-09-20 08:38:23,061 [pool-239-thread-1] INFO  server.RaftServerConfigKeys (ConfUtils.java:logGet(43)) - raft.server.log.appender.install.snapshot.enabled = false (custom)
2019-09-20 08:38:23,061 [pool-239-thread-1] INFO  impl.RaftServerImpl (ServerState.java:<init>(105)) - 7e673b66-ddf6-4b97-a643-f59697fb3549:group-1F6AF170D025 ConfigurationManager, init=-1: [7e673b66-ddf6-4b97-a643-f59697fb3549:192.168.36.79:35666], old=null, confs=<EMPTY_MAP>
2019-09-20 08:38:23,061 [pool-239-thread-1] INFO  server.RaftServerConfigKeys (ConfUtils.java:logGet(43)) - raft.server.storage.dir = [/workdir/hadoop-ozone/ozonefs/target/test-dir/MiniOzoneClusterImpl-0e2437da-0aee-42ff-b383-10e9a9564f41/datanode-0/data/ratis] (custom)
2019-09-20 08:38:23,062 [pool-239-thread-1] INFO  storage.RaftStorageDirectory (RaftStorageDirectory.java:analyzeStorage(246)) - The storage directory /workdir/hadoop-ozone/ozonefs/target/test-dir/MiniOzoneClusterImpl-0e2437da-0aee-42ff-b383-10e9a9564f41/datanode-0/data/ratis/c3af1e75-f44a-493a-8b3d-1f6af170d025 does not exist. Creating ...
2019-09-20 08:38:23,080 [pool-239-thread-1] INFO  storage.RaftStorageDirectory (RaftStorageDirectory.java:tryLock(328)) - Lock on /workdir/hadoop-ozone/ozonefs/target/test-dir/MiniOzoneClusterImpl-0e2437da-0aee-42ff-b383-10e9a9564f41/datanode-0/data/ratis/c3af1e75-f44a-493a-8b3d-1f6af170d025/in_use.lock acquired by nodename 25669@pr-hdds-1569-s8kj2-2266485376
2019-09-20 08:38:23,097 [pool-239-thread-1] INFO  storage.RaftStorage (RaftStorage.java:format(72)) - Storage directory /workdir/hadoop-ozone/ozonefs/target/test-dir/MiniOzoneClusterImpl-0e2437da-0aee-42ff-b383-10e9a9564f41/datanode-0/data/ratis/c3af1e75-f44a-493a-8b3d-1f6af170d025 has been successfully formatted.
2019-09-20 08:38:23,097 [pool-239-thread-1] INFO  ratis.ContainerStateMachine (ContainerStateMachine.java:loadSnapshot(226)) - group-1F6AF170D025: The snapshot info is null. Setting the last applied indexto:(t:0, i:~)
2019-09-20 08:38:23,097 [pool-239-thread-1] INFO  server.RaftServerConfigKeys (ConfUtils.java:logGet(43)) - raft.server.leader.election.timeout = 120s (custom)
2019-09-20 08:38:23,097 [pool-239-thread-1] INFO  server.RaftServerConfigKeys (ConfUtils.java:logGet(43)) - raft.server.log.use.memory = false (default)
2019-09-20 08:38:23,098 [pool-239-thread-1] INFO  server.RaftServerConfigKeys (ConfUtils.java:logGet(43)) - raft.server.log.purge.gap = 1000000 (custom)
2019-09-20 08:38:23,098 [pool-239-thread-1] INFO  server.RaftServerConfigKeys (ConfUtils.java:logGet(43)) - raft.server.log.appender.buffer.byte-limit = 33554432 (custom)
2019-09-20 08:38:23,098 [pool-239-thread-1] INFO  server.RaftServerConfigKeys (ConfUtils.java:logGet(43)) - raft.server.log.segment.size.max = 1048576 (custom)
2019-09-20 08:38:23,098 [pool-239-thread-1] INFO  server.RaftServerConfigKeys (ConfUtils.java:logGet(43)) - raft.server.log.segment.cache.num.max = 2 (custom)
2019-09-20 08:38:23,098 [pool-239-thread-1] INFO  segmented.SegmentedRaftLogWorker (SegmentedRaftLogWorker.java:<init>(172)) - new 7e673b66-ddf6-4b97-a643-f59697fb3549-SegmentedRaftLogWorker:Storage Directory /workdir/hadoop-ozone/ozonefs/target/test-dir/MiniOzoneClusterImpl-0e2437da-0aee-42ff-b383-10e9a9564f41/datanode-0/data/ratis/c3af1e75-f44a-493a-8b3d-1f6af170d025 for RaftStorage:Storage Directory /workdir/hadoop-ozone/ozonefs/target/test-dir/MiniOzoneClusterImpl-0e2437da-0aee-42ff-b383-10e9a9564f41/datanode-0/data/ratis/c3af1e75-f44a-493a-8b3d-1f6af170d025
2019-09-20 08:38:23,098 [pool-239-thread-1] INFO  server.RaftServerConfigKeys (ConfUtils.java:logGet(43)) - raft.server.log.queue.byte-limit = 2147483647 (custom)
2019-09-20 08:38:23,098 [pool-239-thread-1] INFO  server.RaftServerConfigKeys (ConfUtils.java:logGet(43)) - raft.server.log.queue.element-limit = 1024 (custom)
2019-09-20 08:38:23,099 [pool-239-thread-1] INFO  server.RaftServerConfigKeys (ConfUtils.java:logGet(43)) - raft.server.log.segment.size.max = 1048576 (custom)
2019-09-20 08:38:23,099 [pool-239-thread-1] INFO  server.RaftServerConfigKeys (ConfUtils.java:logGet(43)) - raft.server.log.preallocated.size = 16384 (custom)
2019-09-20 08:38:23,099 [pool-239-thread-1] INFO  server.RaftServerConfigKeys (ConfUtils.java:logGet(43)) - raft.server.log.write.buffer.size = 33554432 (custom)
2019-09-20 08:38:23,099 [pool-239-thread-1] INFO  server.RaftServerConfigKeys (ConfUtils.java:logGet(43)) - raft.server.log.force.sync.num = 128 (default)
2019-09-20 08:38:23,099 [pool-239-thread-1] INFO  server.RaftServerConfigKeys (ConfUtils.java:logGet(43)) - raft.server.log.statemachine.data.sync = true (default)
2019-09-20 08:38:23,099 [pool-239-thread-1] INFO  server.RaftServerConfigKeys (ConfUtils.java:logGet(43)) - raft.server.log.statemachine.data.sync.timeout = 10s (default)
2019-09-20 08:38:23,100 [pool-239-thread-1] INFO  server.RaftServerConfigKeys (ConfUtils.java:logGet(43)) - raft.server.log.statemachine.data.sync.timeout.retry = -1 (default)
2019-09-20 08:38:23,100 [pool-239-thread-1] INFO  server.RaftServerConfigKeys (ConfUtils.java:logGet(43)) - raft.server.log.statemachine.data.caching.enabled = true (custom)
2019-09-20 08:38:23,100 [pool-239-thread-1] INFO  segmented.SegmentedRaftLogWorker (SegmentedRaftLogWorker.java:lambda$new$0(132)) - 7e673b66-ddf6-4b97-a643-f59697fb3549-SegmentedRaftLogWorker:Storage Directory /workdir/hadoop-ozone/ozonefs/target/test-dir/MiniOzoneClusterImpl-0e2437da-0aee-42ff-b383-10e9a9564f41/datanode-0/data/ratis/c3af1e75-f44a-493a-8b3d-1f6af170d025: flushIndex: setUnconditionally 0 -> -1
2019-09-20 08:38:23,101 [pool-239-thread-1] INFO  server.RaftServerConfigKeys (ConfUtils.java:logGet(43)) - raft.server.snapshot.auto.trigger.enabled = true (custom)
2019-09-20 08:38:23,101 [pool-239-thread-1] INFO  server.RaftServerConfigKeys (ConfUtils.java:logGet(43)) - raft.server.snapshot.auto.trigger.threshold = 10000 (custom)
2019-09-20 08:38:23,101 [pool-239-thread-1] INFO  server.RaftServerConfigKeys (ConfUtils.java:logGet(43)) - raft.server.retrycache.expirytime = 600000ms (custom)
2019-09-20 08:38:23,101 [pool-239-thread-1] INFO  impl.RaftServerImpl (RaftServerImpl.java:start(180)) - 7e673b66-ddf6-4b97-a643-f59697fb3549: start group-1F6AF170D025
2019-09-20 08:38:23,101 [pool-239-thread-1] INFO  impl.RaftServerImpl (RaftServerImpl.java:setRole(171)) - 7e673b66-ddf6-4b97-a643-f59697fb3549:group-1F6AF170D025 changes role from null to FOLLOWER at term 0 for startAsFollower
2019-09-20 08:38:23,102 [pool-239-thread-1] INFO  impl.RoleInfo (RoleInfo.java:updateAndGet(143)) - 7e673b66-ddf6-4b97-a643-f59697fb3549: start FollowerState
2019-09-20 08:38:23,103 [pool-239-thread-1] INFO  util.JmxRegister (JmxRegister.java:tryRegister(44)) - Successfully registered JMX Bean with object name Ratis:service=RaftServer,group=group-1F6AF170D025,id=7e673b66-ddf6-4b97-a643-f59697fb3549
2019-09-20 08:38:23,107 [RatisPipelineUtilsThread] INFO  pipeline.PipelineStateManager (PipelineStateManager.java:addPipeline(56)) - Created pipeline Pipeline[ Id: c3af1e75-f44a-493a-8b3d-1f6af170d025, Nodes: 7e673b66-ddf6-4b97-a643-f59697fb3549{ip: 192.168.36.79, host: pr-hdds-1569-s8kj2-2266485376, networkLocation: /default-rack, certSerialId: null}, Type:RATIS, Factor:ONE, State:OPEN]
2019-09-20 08:38:23,113 [grpc-default-executor-0] INFO  impl.RaftServerProxy (RaftServerProxy.java:addNew(89)) - 7e673b66-ddf6-4b97-a643-f59697fb3549: addNew group-C66BE12FC56C:[7e673b66-ddf6-4b97-a643-f59697fb3549:192.168.36.79:35666] returns group-C66BE12FC56C:java.util.concurrent.CompletableFuture@1d13f501[Not completed]
2019-09-20 08:38:23,114 [pool-239-thread-1] INFO  impl.RaftServerImpl (RaftServerImpl.java:<init>(93)) - 7e673b66-ddf6-4b97-a643-f59697fb3549: new RaftServerImpl for group-C66BE12FC56C:[7e673b66-ddf6-4b97-a643-f59697fb3549:192.168.36.79:35666] with ContainerStateMachine:uninitialized
2019-09-20 08:38:23,114 [pool-239-thread-1] INFO  server.RaftServerConfigKeys (ConfUtils.java:logGet(43)) - raft.server.rpc.timeout.min = 5s (custom)
2019-09-20 08:38:23,114 [pool-239-thread-1] INFO  server.RaftServerConfigKeys (ConfUtils.java:logGet(43)) - raft.server.rpc.timeout.max = 5200ms (custom)
2019-09-20 08:38:23,114 [pool-239-thread-1] INFO  server.RaftServerConfigKeys (ConfUtils.java:logGet(43)) - raft.server.rpcslowness.timeout = 120s (custom)
2019-09-20 08:38:23,114 [pool-239-thread-1] INFO  server.RaftServerConfigKeys (ConfUtils.java:logGet(43)) - raft.server.sleep.deviation.threshold = 300 (default)
2019-09-20 08:38:23,115 [pool-239-thread-1] INFO  server.RaftServerConfigKeys (ConfUtils.java:logGet(43)) - raft.server.log.appender.install.snapshot.enabled = false (custom)
2019-09-20 08:38:23,115 [pool-239-thread-1] INFO  impl.RaftServerImpl (ServerState.java:<init>(105)) - 7e673b66-ddf6-4b97-a643-f59697fb3549:group-C66BE12FC56C ConfigurationManager, init=-1: [7e673b66-ddf6-4b97-a643-f59697fb3549:192.168.36.79:35666], old=null, confs=<EMPTY_MAP>
2019-09-20 08:38:23,115 [pool-239-thread-1] INFO  server.RaftServerConfigKeys (ConfUtils.java:logGet(43)) - raft.server.storage.dir = [/workdir/hadoop-ozone/ozonefs/target/test-dir/MiniOzoneClusterImpl-0e2437da-0aee-42ff-b383-10e9a9564f41/datanode-0/data/ratis] (custom)
2019-09-20 08:38:23,115 [pool-239-thread-1] INFO  storage.RaftStorageDirectory (RaftStorageDirectory.java:analyzeStorage(246)) - The storage directory /workdir/hadoop-ozone/ozonefs/target/test-dir/MiniOzoneClusterImpl-0e2437da-0aee-42ff-b383-10e9a9564f41/datanode-0/data/ratis/d3f4c10a-5bc0-4600-a7f5-c66be12fc56c does not exist. Creating ...
2019-09-20 08:38:23,134 [pool-239-thread-1] INFO  storage.RaftStorageDirectory (RaftStorageDirectory.java:tryLock(328)) - Lock on /workdir/hadoop-ozone/ozonefs/target/test-dir/MiniOzoneClusterImpl-0e2437da-0aee-42ff-b383-10e9a9564f41/datanode-0/data/ratis/d3f4c10a-5bc0-4600-a7f5-c66be12fc56c/in_use.lock acquired by nodename 25669@pr-hdds-1569-s8kj2-2266485376
2019-09-20 08:38:23,153 [pool-239-thread-1] INFO  storage.RaftStorage (RaftStorage.java:format(72)) - Storage directory /workdir/hadoop-ozone/ozonefs/target/test-dir/MiniOzoneClusterImpl-0e2437da-0aee-42ff-b383-10e9a9564f41/datanode-0/data/ratis/d3f4c10a-5bc0-4600-a7f5-c66be12fc56c has been successfully formatted.
2019-09-20 08:38:23,153 [pool-239-thread-1] INFO  ratis.ContainerStateMachine (ContainerStateMachine.java:loadSnapshot(226)) - group-C66BE12FC56C: The snapshot info is null. Setting the last applied indexto:(t:0, i:~)
2019-09-20 08:38:23,154 [pool-239-thread-1] INFO  server.RaftServerConfigKeys (ConfUtils.java:logGet(43)) - raft.server.leader.election.timeout = 120s (custom)
2019-09-20 08:38:23,154 [pool-239-thread-1] INFO  server.RaftServerConfigKeys (ConfUtils.java:logGet(43)) - raft.server.log.use.memory = false (default)
2019-09-20 08:38:23,154 [pool-239-thread-1] INFO  server.RaftServerConfigKeys (ConfUtils.java:logGet(43)) - raft.server.log.purge.gap = 1000000 (custom)
2019-09-20 08:38:23,154 [pool-239-thread-1] INFO  server.RaftServerConfigKeys (ConfUtils.java:logGet(43)) - raft.server.log.appender.buffer.byte-limit = 33554432 (custom)
2019-09-20 08:38:23,154 [pool-239-thread-1] INFO  server.RaftServerConfigKeys (ConfUtils.java:logGet(43)) - raft.server.log.segment.size.max = 1048576 (custom)
2019-09-20 08:38:23,154 [pool-239-thread-1] INFO  server.RaftServerConfigKeys (ConfUtils.java:logGet(43)) - raft.server.log.segment.cache.num.max = 2 (custom)
2019-09-20 08:38:23,154 [pool-239-thread-1] INFO  segmented.SegmentedRaftLogWorker (SegmentedRaftLogWorker.java:<init>(172)) - new 7e673b66-ddf6-4b97-a643-f59697fb3549-SegmentedRaftLogWorker:Storage Directory /workdir/hadoop-ozone/ozonefs/target/test-dir/MiniOzoneClusterImpl-0e2437da-0aee-42ff-b383-10e9a9564f41/datanode-0/data/ratis/d3f4c10a-5bc0-4600-a7f5-c66be12fc56c for RaftStorage:Storage Directory /workdir/hadoop-ozone/ozonefs/target/test-dir/MiniOzoneClusterImpl-0e2437da-0aee-42ff-b383-10e9a9564f41/datanode-0/data/ratis/d3f4c10a-5bc0-4600-a7f5-c66be12fc56c
2019-09-20 08:38:23,155 [pool-239-thread-1] INFO  server.RaftServerConfigKeys (ConfUtils.java:logGet(43)) - raft.server.log.queue.byte-limit = 2147483647 (custom)
2019-09-20 08:38:23,155 [pool-239-thread-1] INFO  server.RaftServerConfigKeys (ConfUtils.java:logGet(43)) - raft.server.log.queue.element-limit = 1024 (custom)
2019-09-20 08:38:23,155 [pool-239-thread-1] INFO  server.RaftServerConfigKeys (ConfUtils.java:logGet(43)) - raft.server.log.segment.size.max = 1048576 (custom)
2019-09-20 08:38:23,155 [pool-239-thread-1] INFO  server.RaftServerConfigKeys (ConfUtils.java:logGet(43)) - raft.server.log.preallocated.size = 16384 (custom)
2019-09-20 08:38:23,155 [pool-239-thread-1] INFO  server.RaftServerConfigKeys (ConfUtils.java:logGet(43)) - raft.server.log.write.buffer.size = 33554432 (custom)
2019-09-20 08:38:23,155 [pool-239-thread-1] INFO  server.RaftServerConfigKeys (ConfUtils.java:logGet(43)) - raft.server.log.force.sync.num = 128 (default)
2019-09-20 08:38:23,155 [pool-239-thread-1] INFO  server.RaftServerConfigKeys (ConfUtils.java:logGet(43)) - raft.server.log.statemachine.data.sync = true (default)
2019-09-20 08:38:23,156 [pool-239-thread-1] INFO  server.RaftServerConfigKeys (ConfUtils.java:logGet(43)) - raft.server.log.statemachine.data.sync.timeout = 10s (default)
2019-09-20 08:38:23,156 [pool-239-thread-1] INFO  server.RaftServerConfigKeys (ConfUtils.java:logGet(43)) - raft.server.log.statemachine.data.sync.timeout.retry = -1 (default)
2019-09-20 08:38:23,156 [pool-239-thread-1] INFO  server.RaftServerConfigKeys (ConfUtils.java:logGet(43)) - raft.server.log.statemachine.data.caching.enabled = true (custom)
2019-09-20 08:38:23,156 [pool-239-thread-1] INFO  segmented.SegmentedRaftLogWorker (SegmentedRaftLogWorker.java:lambda$new$0(132)) - 7e673b66-ddf6-4b97-a643-f59697fb3549-SegmentedRaftLogWorker:Storage Directory /workdir/hadoop-ozone/ozonefs/target/test-dir/MiniOzoneClusterImpl-0e2437da-0aee-42ff-b383-10e9a9564f41/datanode-0/data/ratis/d3f4c10a-5bc0-4600-a7f5-c66be12fc56c: flushIndex: setUnconditionally 0 -> -1
2019-09-20 08:38:23,156 [pool-239-thread-1] INFO  server.RaftServerConfigKeys (ConfUtils.java:logGet(43)) - raft.server.snapshot.auto.trigger.enabled = true (custom)
2019-09-20 08:38:23,157 [pool-239-thread-1] INFO  server.RaftServerConfigKeys (ConfUtils.java:logGet(43)) - raft.server.snapshot.auto.trigger.threshold = 10000 (custom)
2019-09-20 08:38:23,157 [pool-239-thread-1] INFO  server.RaftServerConfigKeys (ConfUtils.java:logGet(43)) - raft.server.retrycache.expirytime = 600000ms (custom)
2019-09-20 08:38:23,157 [pool-239-thread-1] INFO  impl.RaftServerImpl (RaftServerImpl.java:start(180)) - 7e673b66-ddf6-4b97-a643-f59697fb3549: start group-C66BE12FC56C
2019-09-20 08:38:23,157 [pool-239-thread-1] INFO  impl.RaftServerImpl (RaftServerImpl.java:setRole(171)) - 7e673b66-ddf6-4b97-a643-f59697fb3549:group-C66BE12FC56C changes role from null to FOLLOWER at term 0 for startAsFollower
2019-09-20 08:38:23,157 [pool-239-thread-1] INFO  impl.RoleInfo (RoleInfo.java:updateAndGet(143)) - 7e673b66-ddf6-4b97-a643-f59697fb3549: start FollowerState
2019-09-20 08:38:23,158 [pool-239-thread-1] INFO  util.JmxRegister (JmxRegister.java:tryRegister(44)) - Successfully registered JMX Bean with object name Ratis:service=RaftServer,group=group-C66BE12FC56C,id=7e673b66-ddf6-4b97-a643-f59697fb3549
2019-09-20 08:38:23,161 [RatisPipelineUtilsThread] INFO  pipeline.PipelineStateManager (PipelineStateManager.java:addPipeline(56)) - Created pipeline Pipeline[ Id: d3f4c10a-5bc0-4600-a7f5-c66be12fc56c, Nodes: 7e673b66-ddf6-4b97-a643-f59697fb3549{ip: 192.168.36.79, host: pr-hdds-1569-s8kj2-2266485376, networkLocation: /default-rack, certSerialId: null}, Type:RATIS, Factor:ONE, State:OPEN]
2019-09-20 08:38:23,168 [grpc-default-executor-0] INFO  impl.RaftServerProxy (RaftServerProxy.java:addNew(89)) - 7e673b66-ddf6-4b97-a643-f59697fb3549: addNew group-7FCF35AD64FC:[7e673b66-ddf6-4b97-a643-f59697fb3549:192.168.36.79:35666] returns group-7FCF35AD64FC:java.util.concurrent.CompletableFuture@4cda2464[Not completed]
2019-09-20 08:38:23,169 [pool-239-thread-1] INFO  impl.RaftServerImpl (RaftServerImpl.java:<init>(93)) - 7e673b66-ddf6-4b97-a643-f59697fb3549: new RaftServerImpl for group-7FCF35AD64FC:[7e673b66-ddf6-4b97-a643-f59697fb3549:192.168.36.79:35666] with ContainerStateMachine:uninitialized
2019-09-20 08:38:23,169 [pool-239-thread-1] INFO  server.RaftServerConfigKeys (ConfUtils.java:logGet(43)) - raft.server.rpc.timeout.min = 5s (custom)
2019-09-20 08:38:23,169 [pool-239-thread-1] INFO  server.RaftServerConfigKeys (ConfUtils.java:logGet(43)) - raft.server.rpc.timeout.max = 5200ms (custom)
2019-09-20 08:38:23,169 [pool-239-thread-1] INFO  server.RaftServerConfigKeys (ConfUtils.java:logGet(43)) - raft.server.rpcslowness.timeout = 120s (custom)
2019-09-20 08:38:23,169 [pool-239-thread-1] INFO  server.RaftServerConfigKeys (ConfUtils.java:logGet(43)) - raft.server.sleep.deviation.threshold = 300 (default)
2019-09-20 08:38:23,169 [pool-239-thread-1] INFO  server.RaftServerConfigKeys (ConfUtils.java:logGet(43)) - raft.server.log.appender.install.snapshot.enabled = false (custom)
2019-09-20 08:38:23,169 [pool-239-thread-1] INFO  impl.RaftServerImpl (ServerState.java:<init>(105)) - 7e673b66-ddf6-4b97-a643-f59697fb3549:group-7FCF35AD64FC ConfigurationManager, init=-1: [7e673b66-ddf6-4b97-a643-f59697fb3549:192.168.36.79:35666], old=null, confs=<EMPTY_MAP>
2019-09-20 08:38:23,170 [pool-239-thread-1] INFO  server.RaftServerConfigKeys (ConfUtils.java:logGet(43)) - raft.server.storage.dir = [/workdir/hadoop-ozone/ozonefs/target/test-dir/MiniOzoneClusterImpl-0e2437da-0aee-42ff-b383-10e9a9564f41/datanode-0/data/ratis] (custom)
2019-09-20 08:38:23,170 [pool-239-thread-1] INFO  storage.RaftStorageDirectory (RaftStorageDirectory.java:analyzeStorage(246)) - The storage directory /workdir/hadoop-ozone/ozonefs/target/test-dir/MiniOzoneClusterImpl-0e2437da-0aee-42ff-b383-10e9a9564f41/datanode-0/data/ratis/d4436d04-3bbf-4878-aefc-7fcf35ad64fc does not exist. Creating ...
2019-09-20 08:38:23,185 [pool-239-thread-1] INFO  storage.RaftStorageDirectory (RaftStorageDirectory.java:tryLock(328)) - Lock on /workdir/hadoop-ozone/ozonefs/target/test-dir/MiniOzoneClusterImpl-0e2437da-0aee-42ff-b383-10e9a9564f41/datanode-0/data/ratis/d4436d04-3bbf-4878-aefc-7fcf35ad64fc/in_use.lock acquired by nodename 25669@pr-hdds-1569-s8kj2-2266485376
2019-09-20 08:38:23,192 [pool-239-thread-1] INFO  storage.RaftStorage (RaftStorage.java:format(72)) - Storage directory /workdir/hadoop-ozone/ozonefs/target/test-dir/MiniOzoneClusterImpl-0e2437da-0aee-42ff-b383-10e9a9564f41/datanode-0/data/ratis/d4436d04-3bbf-4878-aefc-7fcf35ad64fc has been successfully formatted.
2019-09-20 08:38:23,192 [pool-239-thread-1] INFO  ratis.ContainerStateMachine (ContainerStateMachine.java:loadSnapshot(226)) - group-7FCF35AD64FC: The snapshot info is null. Setting the last applied indexto:(t:0, i:~)
2019-09-20 08:38:23,192 [pool-239-thread-1] INFO  server.RaftServerConfigKeys (ConfUtils.java:logGet(43)) - raft.server.leader.election.timeout = 120s (custom)
2019-09-20 08:38:23,192 [pool-239-thread-1] INFO  server.RaftServerConfigKeys (ConfUtils.java:logGet(43)) - raft.server.log.use.memory = false (default)
2019-09-20 08:38:23,192 [pool-239-thread-1] INFO  server.RaftServerConfigKeys (ConfUtils.java:logGet(43)) - raft.server.log.purge.gap = 1000000 (custom)
2019-09-20 08:38:23,192 [pool-239-thread-1] INFO  server.RaftServerConfigKeys (ConfUtils.java:logGet(43)) - raft.server.log.appender.buffer.byte-limit = 33554432 (custom)
2019-09-20 08:38:23,193 [pool-239-thread-1] INFO  server.RaftServerConfigKeys (ConfUtils.java:logGet(43)) - raft.server.log.segment.size.max = 1048576 (custom)
2019-09-20 08:38:23,193 [pool-239-thread-1] INFO  server.RaftServerConfigKeys (ConfUtils.java:logGet(43)) - raft.server.log.segment.cache.num.max = 2 (custom)
2019-09-20 08:38:23,193 [pool-239-thread-1] INFO  segmented.SegmentedRaftLogWorker (SegmentedRaftLogWorker.java:<init>(172)) - new 7e673b66-ddf6-4b97-a643-f59697fb3549-SegmentedRaftLogWorker:Storage Directory /workdir/hadoop-ozone/ozonefs/target/test-dir/MiniOzoneClusterImpl-0e2437da-0aee-42ff-b383-10e9a9564f41/datanode-0/data/ratis/d4436d04-3bbf-4878-aefc-7fcf35ad64fc for RaftStorage:Storage Directory /workdir/hadoop-ozone/ozonefs/target/test-dir/MiniOzoneClusterImpl-0e2437da-0aee-42ff-b383-10e9a9564f41/datanode-0/data/ratis/d4436d04-3bbf-4878-aefc-7fcf35ad64fc
2019-09-20 08:38:23,193 [pool-239-thread-1] INFO  server.RaftServerConfigKeys (ConfUtils.java:logGet(43)) - raft.server.log.queue.byte-limit = 2147483647 (custom)
2019-09-20 08:38:23,193 [pool-239-thread-1] INFO  server.RaftServerConfigKeys (ConfUtils.java:logGet(43)) - raft.server.log.queue.element-limit = 1024 (custom)
2019-09-20 08:38:23,193 [pool-239-thread-1] INFO  server.RaftServerConfigKeys (ConfUtils.java:logGet(43)) - raft.server.log.segment.size.max = 1048576 (custom)
2019-09-20 08:38:23,193 [pool-239-thread-1] INFO  server.RaftServerConfigKeys (ConfUtils.java:logGet(43)) - raft.server.log.preallocated.size = 16384 (custom)
2019-09-20 08:38:23,194 [pool-239-thread-1] INFO  server.RaftServerConfigKeys (ConfUtils.java:logGet(43)) - raft.server.log.write.buffer.size = 33554432 (custom)
2019-09-20 08:38:23,194 [pool-239-thread-1] INFO  server.RaftServerConfigKeys (ConfUtils.java:logGet(43)) - raft.server.log.force.sync.num = 128 (default)
2019-09-20 08:38:23,194 [pool-239-thread-1] INFO  server.RaftServerConfigKeys (ConfUtils.java:logGet(43)) - raft.server.log.statemachine.data.sync = true (default)
2019-09-20 08:38:23,194 [pool-239-thread-1] INFO  server.RaftServerConfigKeys (ConfUtils.java:logGet(43)) - raft.server.log.statemachine.data.sync.timeout = 10s (default)
2019-09-20 08:38:23,194 [pool-239-thread-1] INFO  server.RaftServerConfigKeys (ConfUtils.java:logGet(43)) - raft.server.log.statemachine.data.sync.timeout.retry = -1 (default)
2019-09-20 08:38:23,194 [pool-239-thread-1] INFO  server.RaftServerConfigKeys (ConfUtils.java:logGet(43)) - raft.server.log.statemachine.data.caching.enabled = true (custom)
2019-09-20 08:38:23,194 [pool-239-thread-1] INFO  segmented.SegmentedRaftLogWorker (SegmentedRaftLogWorker.java:lambda$new$0(132)) - 7e673b66-ddf6-4b97-a643-f59697fb3549-SegmentedRaftLogWorker:Storage Directory /workdir/hadoop-ozone/ozonefs/target/test-dir/MiniOzoneClusterImpl-0e2437da-0aee-42ff-b383-10e9a9564f41/datanode-0/data/ratis/d4436d04-3bbf-4878-aefc-7fcf35ad64fc: flushIndex: setUnconditionally 0 -> -1
2019-09-20 08:38:23,195 [pool-239-thread-1] INFO  server.RaftServerConfigKeys (ConfUtils.java:logGet(43)) - raft.server.snapshot.auto.trigger.enabled = true (custom)
2019-09-20 08:38:23,195 [pool-239-thread-1] INFO  server.RaftServerConfigKeys (ConfUtils.java:logGet(43)) - raft.server.snapshot.auto.trigger.threshold = 10000 (custom)
2019-09-20 08:38:23,195 [pool-239-thread-1] INFO  server.RaftServerConfigKeys (ConfUtils.java:logGet(43)) - raft.server.retrycache.expirytime = 600000ms (custom)
2019-09-20 08:38:23,195 [pool-239-thread-1] INFO  impl.RaftServerImpl (RaftServerImpl.java:start(180)) - 7e673b66-ddf6-4b97-a643-f59697fb3549: start group-7FCF35AD64FC
2019-09-20 08:38:23,195 [pool-239-thread-1] INFO  impl.RaftServerImpl (RaftServerImpl.java:setRole(171)) - 7e673b66-ddf6-4b97-a643-f59697fb3549:group-7FCF35AD64FC changes role from null to FOLLOWER at term 0 for startAsFollower
2019-09-20 08:38:23,196 [pool-239-thread-1] INFO  impl.RoleInfo (RoleInfo.java:updateAndGet(143)) - 7e673b66-ddf6-4b97-a643-f59697fb3549: start FollowerState
2019-09-20 08:38:23,196 [pool-239-thread-1] INFO  util.JmxRegister (JmxRegister.java:tryRegister(44)) - Successfully registered JMX Bean with object name Ratis:service=RaftServer,group=group-7FCF35AD64FC,id=7e673b66-ddf6-4b97-a643-f59697fb3549
2019-09-20 08:38:23,199 [RatisPipelineUtilsThread] INFO  pipeline.PipelineStateManager (PipelineStateManager.java:addPipeline(56)) - Created pipeline Pipeline[ Id: d4436d04-3bbf-4878-aefc-7fcf35ad64fc, Nodes: 7e673b66-ddf6-4b97-a643-f59697fb3549{ip: 192.168.36.79, host: pr-hdds-1569-s8kj2-2266485376, networkLocation: /default-rack, certSerialId: null}, Type:RATIS, Factor:ONE, State:OPEN]
2019-09-20 08:38:23,205 [grpc-default-executor-0] INFO  impl.RaftServerProxy (RaftServerProxy.java:addNew(89)) - 7e673b66-ddf6-4b97-a643-f59697fb3549: addNew group-AD8C133633DC:[7e673b66-ddf6-4b97-a643-f59697fb3549:192.168.36.79:35666] returns group-AD8C133633DC:java.util.concurrent.CompletableFuture@3ffe0a2e[Not completed]
2019-09-20 08:38:23,206 [pool-239-thread-1] INFO  impl.RaftServerImpl (RaftServerImpl.java:<init>(93)) - 7e673b66-ddf6-4b97-a643-f59697fb3549: new RaftServerImpl for group-AD8C133633DC:[7e673b66-ddf6-4b97-a643-f59697fb3549:192.168.36.79:35666] with ContainerStateMachine:uninitialized
2019-09-20 08:38:23,206 [pool-239-thread-1] INFO  server.RaftServerConfigKeys (ConfUtils.java:logGet(43)) - raft.server.rpc.timeout.min = 5s (custom)
2019-09-20 08:38:23,206 [pool-239-thread-1] INFO  server.RaftServerConfigKeys (ConfUtils.java:logGet(43)) - raft.server.rpc.timeout.max = 5200ms (custom)
2019-09-20 08:38:23,206 [pool-239-thread-1] INFO  server.RaftServerConfigKeys (ConfUtils.java:logGet(43)) - raft.server.rpcslowness.timeout = 120s (custom)
2019-09-20 08:38:23,206 [pool-239-thread-1] INFO  server.RaftServerConfigKeys (ConfUtils.java:logGet(43)) - raft.server.sleep.deviation.threshold = 300 (default)
2019-09-20 08:38:23,206 [pool-239-thread-1] INFO  server.RaftServerConfigKeys (ConfUtils.java:logGet(43)) - raft.server.log.appender.install.snapshot.enabled = false (custom)
2019-09-20 08:38:23,207 [pool-239-thread-1] INFO  impl.RaftServerImpl (ServerState.java:<init>(105)) - 7e673b66-ddf6-4b97-a643-f59697fb3549:group-AD8C133633DC ConfigurationManager, init=-1: [7e673b66-ddf6-4b97-a643-f59697fb3549:192.168.36.79:35666], old=null, confs=<EMPTY_MAP>
2019-09-20 08:38:23,207 [pool-239-thread-1] INFO  server.RaftServerConfigKeys (ConfUtils.java:logGet(43)) - raft.server.storage.dir = [/workdir/hadoop-ozone/ozonefs/target/test-dir/MiniOzoneClusterImpl-0e2437da-0aee-42ff-b383-10e9a9564f41/datanode-0/data/ratis] (custom)
2019-09-20 08:38:23,207 [pool-239-thread-1] INFO  storage.RaftStorageDirectory (RaftStorageDirectory.java:analyzeStorage(246)) - The storage directory /workdir/hadoop-ozone/ozonefs/target/test-dir/MiniOzoneClusterImpl-0e2437da-0aee-42ff-b383-10e9a9564f41/datanode-0/data/ratis/a2efbe0f-dcf6-442c-ad97-ad8c133633dc does not exist. Creating ...
2019-09-20 08:38:23,213 [pool-239-thread-1] INFO  storage.RaftStorageDirectory (RaftStorageDirectory.java:tryLock(328)) - Lock on /workdir/hadoop-ozone/ozonefs/target/test-dir/MiniOzoneClusterImpl-0e2437da-0aee-42ff-b383-10e9a9564f41/datanode-0/data/ratis/a2efbe0f-dcf6-442c-ad97-ad8c133633dc/in_use.lock acquired by nodename 25669@pr-hdds-1569-s8kj2-2266485376
2019-09-20 08:38:23,247 [pool-239-thread-1] INFO  storage.RaftStorage (RaftStorage.java:format(72)) - Storage directory /workdir/hadoop-ozone/ozonefs/target/test-dir/MiniOzoneClusterImpl-0e2437da-0aee-42ff-b383-10e9a9564f41/datanode-0/data/ratis/a2efbe0f-dcf6-442c-ad97-ad8c133633dc has been successfully formatted.
2019-09-20 08:38:23,248 [pool-239-thread-1] INFO  ratis.ContainerStateMachine (ContainerStateMachine.java:loadSnapshot(226)) - group-AD8C133633DC: The snapshot info is null. Setting the last applied indexto:(t:0, i:~)
2019-09-20 08:38:23,248 [pool-239-thread-1] INFO  server.RaftServerConfigKeys (ConfUtils.java:logGet(43)) - raft.server.leader.election.timeout = 120s (custom)
2019-09-20 08:38:23,248 [pool-239-thread-1] INFO  server.RaftServerConfigKeys (ConfUtils.java:logGet(43)) - raft.server.log.use.memory = false (default)
2019-09-20 08:38:23,248 [pool-239-thread-1] INFO  server.RaftServerConfigKeys (ConfUtils.java:logGet(43)) - raft.server.log.purge.gap = 1000000 (custom)
2019-09-20 08:38:23,248 [pool-239-thread-1] INFO  server.RaftServerConfigKeys (ConfUtils.java:logGet(43)) - raft.server.log.appender.buffer.byte-limit = 33554432 (custom)
2019-09-20 08:38:23,249 [pool-239-thread-1] INFO  server.RaftServerConfigKeys (ConfUtils.java:logGet(43)) - raft.server.log.segment.size.max = 1048576 (custom)
2019-09-20 08:38:23,249 [pool-239-thread-1] INFO  server.RaftServerConfigKeys (ConfUtils.java:logGet(43)) - raft.server.log.segment.cache.num.max = 2 (custom)
2019-09-20 08:38:23,249 [pool-239-thread-1] INFO  segmented.SegmentedRaftLogWorker (SegmentedRaftLogWorker.java:<init>(172)) - new 7e673b66-ddf6-4b97-a643-f59697fb3549-SegmentedRaftLogWorker:Storage Directory /workdir/hadoop-ozone/ozonefs/target/test-dir/MiniOzoneClusterImpl-0e2437da-0aee-42ff-b383-10e9a9564f41/datanode-0/data/ratis/a2efbe0f-dcf6-442c-ad97-ad8c133633dc for RaftStorage:Storage Directory /workdir/hadoop-ozone/ozonefs/target/test-dir/MiniOzoneClusterImpl-0e2437da-0aee-42ff-b383-10e9a9564f41/datanode-0/data/ratis/a2efbe0f-dcf6-442c-ad97-ad8c133633dc
2019-09-20 08:38:23,249 [pool-239-thread-1] INFO  server.RaftServerConfigKeys (ConfUtils.java:logGet(43)) - raft.server.log.queue.byte-limit = 2147483647 (custom)
2019-09-20 08:38:23,249 [pool-239-thread-1] INFO  server.RaftServerConfigKeys (ConfUtils.java:logGet(43)) - raft.server.log.queue.element-limit = 1024 (custom)
2019-09-20 08:38:23,250 [pool-239-thread-1] INFO  server.RaftServerConfigKeys (ConfUtils.java:logGet(43)) - raft.server.log.segment.size.max = 1048576 (custom)
2019-09-20 08:38:23,250 [pool-239-thread-1] INFO  server.RaftServerConfigKeys (ConfUtils.java:logGet(43)) - raft.server.log.preallocated.size = 16384 (custom)
2019-09-20 08:38:23,250 [pool-239-thread-1] INFO  server.RaftServerConfigKeys (ConfUtils.java:logGet(43)) - raft.server.log.write.buffer.size = 33554432 (custom)
2019-09-20 08:38:23,250 [pool-239-thread-1] INFO  server.RaftServerConfigKeys (ConfUtils.java:logGet(43)) - raft.server.log.force.sync.num = 128 (default)
2019-09-20 08:38:23,250 [pool-239-thread-1] INFO  server.RaftServerConfigKeys (ConfUtils.java:logGet(43)) - raft.server.log.statemachine.data.sync = true (default)
2019-09-20 08:38:23,250 [pool-239-thread-1] INFO  server.RaftServerConfigKeys (ConfUtils.java:logGet(43)) - raft.server.log.statemachine.data.sync.timeout = 10s (default)
2019-09-20 08:38:23,251 [pool-239-thread-1] INFO  server.RaftServerConfigKeys (ConfUtils.java:logGet(43)) - raft.server.log.statemachine.data.sync.timeout.retry = -1 (default)
2019-09-20 08:38:23,251 [pool-239-thread-1] INFO  server.RaftServerConfigKeys (ConfUtils.java:logGet(43)) - raft.server.log.statemachine.data.caching.enabled = true (custom)
2019-09-20 08:38:23,251 [pool-239-thread-1] INFO  segmented.SegmentedRaftLogWorker (SegmentedRaftLogWorker.java:lambda$new$0(132)) - 7e673b66-ddf6-4b97-a643-f59697fb3549-SegmentedRaftLogWorker:Storage Directory /workdir/hadoop-ozone/ozonefs/target/test-dir/MiniOzoneClusterImpl-0e2437da-0aee-42ff-b383-10e9a9564f41/datanode-0/data/ratis/a2efbe0f-dcf6-442c-ad97-ad8c133633dc: flushIndex: setUnconditionally 0 -> -1
2019-09-20 08:38:23,251 [pool-239-thread-1] INFO  server.RaftServerConfigKeys (ConfUtils.java:logGet(43)) - raft.server.snapshot.auto.trigger.enabled = true (custom)
2019-09-20 08:38:23,252 [pool-239-thread-1] INFO  server.RaftServerConfigKeys (ConfUtils.java:logGet(43)) - raft.server.snapshot.auto.trigger.threshold = 10000 (custom)
2019-09-20 08:38:23,252 [pool-239-thread-1] INFO  server.RaftServerConfigKeys (ConfUtils.java:logGet(43)) - raft.server.retrycache.expirytime = 600000ms (custom)
2019-09-20 08:38:23,252 [pool-239-thread-1] INFO  impl.RaftServerImpl (RaftServerImpl.java:start(180)) - 7e673b66-ddf6-4b97-a643-f59697fb3549: start group-AD8C133633DC
2019-09-20 08:38:23,252 [pool-239-thread-1] INFO  impl.RaftServerImpl (RaftServerImpl.java:setRole(171)) - 7e673b66-ddf6-4b97-a643-f59697fb3549:group-AD8C133633DC changes role from null to FOLLOWER at term 0 for startAsFollower
2019-09-20 08:38:23,252 [pool-239-thread-1] INFO  impl.RoleInfo (RoleInfo.java:updateAndGet(143)) - 7e673b66-ddf6-4b97-a643-f59697fb3549: start FollowerState
2019-09-20 08:38:23,253 [pool-239-thread-1] INFO  util.JmxRegister (JmxRegister.java:tryRegister(44)) - Successfully registered JMX Bean with object name Ratis:service=RaftServer,group=group-AD8C133633DC,id=7e673b66-ddf6-4b97-a643-f59697fb3549
2019-09-20 08:38:23,256 [RatisPipelineUtilsThread] INFO  pipeline.PipelineStateManager (PipelineStateManager.java:addPipeline(56)) - Created pipeline Pipeline[ Id: a2efbe0f-dcf6-442c-ad97-ad8c133633dc, Nodes: 7e673b66-ddf6-4b97-a643-f59697fb3549{ip: 192.168.36.79, host: pr-hdds-1569-s8kj2-2266485376, networkLocation: /default-rack, certSerialId: null}, Type:RATIS, Factor:ONE, State:OPEN]
2019-09-20 08:38:23,261 [IPC Server handler 1 on 45139] INFO  net.NetworkTopology (NetworkTopologyImpl.java:add(110)) - Added a new node: /default-rack/22464498-4bd3-4a74-88e5-a0fbe623bf0e
2019-09-20 08:38:23,261 [grpc-default-executor-0] INFO  impl.RaftServerProxy (RaftServerProxy.java:addNew(89)) - 7e673b66-ddf6-4b97-a643-f59697fb3549: addNew group-9C094EEBB2FC:[7e673b66-ddf6-4b97-a643-f59697fb3549:192.168.36.79:35666] returns group-9C094EEBB2FC:java.util.concurrent.CompletableFuture@48941c0f[Not completed]
2019-09-20 08:38:23,262 [IPC Server handler 1 on 45139] INFO  node.SCMNodeManager (SCMNodeManager.java:register(273)) - Registered Data node : 22464498-4bd3-4a74-88e5-a0fbe623bf0e{ip: 192.168.36.79, host: pr-hdds-1569-s8kj2-2266485376, networkLocation: /default-rack, certSerialId: null}
2019-09-20 08:38:23,262 | INFO  | SCMAudit | user=jenkins1000 | ip=192.168.36.79 | op=REGISTER {datanodeDetails=22464498-4bd3-4a74-88e5-a0fbe623bf0e{ip: 192.168.36.79, host: pr-hdds-1569-s8kj2-2266485376, networkLocation: /default-rack, certSerialId: null}} | ret=SUCCESS |  
2019-09-20 08:38:23,263 [pool-239-thread-1] INFO  impl.RaftServerImpl (RaftServerImpl.java:<init>(93)) - 7e673b66-ddf6-4b97-a643-f59697fb3549: new RaftServerImpl for group-9C094EEBB2FC:[7e673b66-ddf6-4b97-a643-f59697fb3549:192.168.36.79:35666] with ContainerStateMachine:uninitialized
2019-09-20 08:38:23,263 [pool-239-thread-1] INFO  server.RaftServerConfigKeys (ConfUtils.java:logGet(43)) - raft.server.rpc.timeout.min = 5s (custom)
2019-09-20 08:38:23,263 [pool-239-thread-1] INFO  server.RaftServerConfigKeys (ConfUtils.java:logGet(43)) - raft.server.rpc.timeout.max = 5200ms (custom)
2019-09-20 08:38:23,264 [pool-239-thread-1] INFO  server.RaftServerConfigKeys (ConfUtils.java:logGet(43)) - raft.server.rpcslowness.timeout = 120s (custom)
2019-09-20 08:38:23,264 [pool-239-thread-1] INFO  server.RaftServerConfigKeys (ConfUtils.java:logGet(43)) - raft.server.sleep.deviation.threshold = 300 (default)
2019-09-20 08:38:23,264 [pool-239-thread-1] INFO  server.RaftServerConfigKeys (ConfUtils.java:logGet(43)) - raft.server.log.appender.install.snapshot.enabled = false (custom)
2019-09-20 08:38:23,264 [pool-239-thread-1] INFO  impl.RaftServerImpl (ServerState.java:<init>(105)) - 7e673b66-ddf6-4b97-a643-f59697fb3549:group-9C094EEBB2FC ConfigurationManager, init=-1: [7e673b66-ddf6-4b97-a643-f59697fb3549:192.168.36.79:35666], old=null, confs=<EMPTY_MAP>
2019-09-20 08:38:23,264 [pool-239-thread-1] INFO  server.RaftServerConfigKeys (ConfUtils.java:logGet(43)) - raft.server.storage.dir = [/workdir/hadoop-ozone/ozonefs/target/test-dir/MiniOzoneClusterImpl-0e2437da-0aee-42ff-b383-10e9a9564f41/datanode-0/data/ratis] (custom)
2019-09-20 08:38:23,265 [pool-239-thread-1] INFO  storage.RaftStorageDirectory (RaftStorageDirectory.java:analyzeStorage(246)) - The storage directory /workdir/hadoop-ozone/ozonefs/target/test-dir/MiniOzoneClusterImpl-0e2437da-0aee-42ff-b383-10e9a9564f41/datanode-0/data/ratis/785adc97-32ba-4b42-aa86-9c094eebb2fc does not exist. Creating ...
2019-09-20 08:38:23,281 [pool-239-thread-1] INFO  storage.RaftStorageDirectory (RaftStorageDirectory.java:tryLock(328)) - Lock on /workdir/hadoop-ozone/ozonefs/target/test-dir/MiniOzoneClusterImpl-0e2437da-0aee-42ff-b383-10e9a9564f41/datanode-0/data/ratis/785adc97-32ba-4b42-aa86-9c094eebb2fc/in_use.lock acquired by nodename 25669@pr-hdds-1569-s8kj2-2266485376
2019-09-20 08:38:23,298 [pool-239-thread-1] INFO  storage.RaftStorage (RaftStorage.java:format(72)) - Storage directory /workdir/hadoop-ozone/ozonefs/target/test-dir/MiniOzoneClusterImpl-0e2437da-0aee-42ff-b383-10e9a9564f41/datanode-0/data/ratis/785adc97-32ba-4b42-aa86-9c094eebb2fc has been successfully formatted.
2019-09-20 08:38:23,299 [pool-239-thread-1] INFO  ratis.ContainerStateMachine (ContainerStateMachine.java:loadSnapshot(226)) - group-9C094EEBB2FC: The snapshot info is null. Setting the last applied indexto:(t:0, i:~)
2019-09-20 08:38:23,299 [pool-239-thread-1] INFO  server.RaftServerConfigKeys (ConfUtils.java:logGet(43)) - raft.server.leader.election.timeout = 120s (custom)
2019-09-20 08:38:23,299 [pool-239-thread-1] INFO  server.RaftServerConfigKeys (ConfUtils.java:logGet(43)) - raft.server.log.use.memory = false (default)
2019-09-20 08:38:23,299 [pool-239-thread-1] INFO  server.RaftServerConfigKeys (ConfUtils.java:logGet(43)) - raft.server.log.purge.gap = 1000000 (custom)
2019-09-20 08:38:23,299 [pool-239-thread-1] INFO  server.RaftServerConfigKeys (ConfUtils.java:logGet(43)) - raft.server.log.appender.buffer.byte-limit = 33554432 (custom)
2019-09-20 08:38:23,299 [pool-239-thread-1] INFO  server.RaftServerConfigKeys (ConfUtils.java:logGet(43)) - raft.server.log.segment.size.max = 1048576 (custom)
2019-09-20 08:38:23,300 [pool-239-thread-1] INFO  server.RaftServerConfigKeys (ConfUtils.java:logGet(43)) - raft.server.log.segment.cache.num.max = 2 (custom)
2019-09-20 08:38:23,300 [pool-239-thread-1] INFO  segmented.SegmentedRaftLogWorker (SegmentedRaftLogWorker.java:<init>(172)) - new 7e673b66-ddf6-4b97-a643-f59697fb3549-SegmentedRaftLogWorker:Storage Directory /workdir/hadoop-ozone/ozonefs/target/test-dir/MiniOzoneClusterImpl-0e2437da-0aee-42ff-b383-10e9a9564f41/datanode-0/data/ratis/785adc97-32ba-4b42-aa86-9c094eebb2fc for RaftStorage:Storage Directory /workdir/hadoop-ozone/ozonefs/target/test-dir/MiniOzoneClusterImpl-0e2437da-0aee-42ff-b383-10e9a9564f41/datanode-0/data/ratis/785adc97-32ba-4b42-aa86-9c094eebb2fc
2019-09-20 08:38:23,300 [pool-239-thread-1] INFO  server.RaftServerConfigKeys (ConfUtils.java:logGet(43)) - raft.server.log.queue.byte-limit = 2147483647 (custom)
2019-09-20 08:38:23,300 [pool-239-thread-1] INFO  server.RaftServerConfigKeys (ConfUtils.java:logGet(43)) - raft.server.log.queue.element-limit = 1024 (custom)
2019-09-20 08:38:23,300 [pool-239-thread-1] INFO  server.RaftServerConfigKeys (ConfUtils.java:logGet(43)) - raft.server.log.segment.size.max = 1048576 (custom)
2019-09-20 08:38:23,300 [pool-239-thread-1] INFO  server.RaftServerConfigKeys (ConfUtils.java:logGet(43)) - raft.server.log.preallocated.size = 16384 (custom)
2019-09-20 08:38:23,301 [pool-239-thread-1] INFO  server.RaftServerConfigKeys (ConfUtils.java:logGet(43)) - raft.server.log.write.buffer.size = 33554432 (custom)
2019-09-20 08:38:23,301 [pool-239-thread-1] INFO  server.RaftServerConfigKeys (ConfUtils.java:logGet(43)) - raft.server.log.force.sync.num = 128 (default)
2019-09-20 08:38:23,301 [pool-239-thread-1] INFO  server.RaftServerConfigKeys (ConfUtils.java:logGet(43)) - raft.server.log.statemachine.data.sync = true (default)
2019-09-20 08:38:23,301 [pool-239-thread-1] INFO  server.RaftServerConfigKeys (ConfUtils.java:logGet(43)) - raft.server.log.statemachine.data.sync.timeout = 10s (default)
2019-09-20 08:38:23,301 [pool-239-thread-1] INFO  server.RaftServerConfigKeys (ConfUtils.java:logGet(43)) - raft.server.log.statemachine.data.sync.timeout.retry = -1 (default)
2019-09-20 08:38:23,302 [pool-239-thread-1] INFO  server.RaftServerConfigKeys (ConfUtils.java:logGet(43)) - raft.server.log.statemachine.data.caching.enabled = true (custom)
2019-09-20 08:38:23,302 [pool-239-thread-1] INFO  segmented.SegmentedRaftLogWorker (SegmentedRaftLogWorker.java:lambda$new$0(132)) - 7e673b66-ddf6-4b97-a643-f59697fb3549-SegmentedRaftLogWorker:Storage Directory /workdir/hadoop-ozone/ozonefs/target/test-dir/MiniOzoneClusterImpl-0e2437da-0aee-42ff-b383-10e9a9564f41/datanode-0/data/ratis/785adc97-32ba-4b42-aa86-9c094eebb2fc: flushIndex: setUnconditionally 0 -> -1
2019-09-20 08:38:23,302 [pool-239-thread-1] INFO  server.RaftServerConfigKeys (ConfUtils.java:logGet(43)) - raft.server.snapshot.auto.trigger.enabled = true (custom)
2019-09-20 08:38:23,303 [pool-239-thread-1] INFO  server.RaftServerConfigKeys (ConfUtils.java:logGet(43)) - raft.server.snapshot.auto.trigger.threshold = 10000 (custom)
2019-09-20 08:38:23,303 [pool-239-thread-1] INFO  server.RaftServerConfigKeys (ConfUtils.java:logGet(43)) - raft.server.retrycache.expirytime = 600000ms (custom)
2019-09-20 08:38:23,303 [pool-239-thread-1] INFO  impl.RaftServerImpl (RaftServerImpl.java:start(180)) - 7e673b66-ddf6-4b97-a643-f59697fb3549: start group-9C094EEBB2FC
2019-09-20 08:38:23,303 [pool-239-thread-1] INFO  impl.RaftServerImpl (RaftServerImpl.java:setRole(171)) - 7e673b66-ddf6-4b97-a643-f59697fb3549:group-9C094EEBB2FC changes role from null to FOLLOWER at term 0 for startAsFollower
2019-09-20 08:38:23,303 [pool-239-thread-1] INFO  impl.RoleInfo (RoleInfo.java:updateAndGet(143)) - 7e673b66-ddf6-4b97-a643-f59697fb3549: start FollowerState
2019-09-20 08:38:23,304 [pool-239-thread-1] INFO  util.JmxRegister (JmxRegister.java:tryRegister(44)) - Successfully registered JMX Bean with object name Ratis:service=RaftServer,group=group-9C094EEBB2FC,id=7e673b66-ddf6-4b97-a643-f59697fb3549
2019-09-20 08:38:23,307 [RatisPipelineUtilsThread] INFO  pipeline.PipelineStateManager (PipelineStateManager.java:addPipeline(56)) - Created pipeline Pipeline[ Id: 785adc97-32ba-4b42-aa86-9c094eebb2fc, Nodes: 7e673b66-ddf6-4b97-a643-f59697fb3549{ip: 192.168.36.79, host: pr-hdds-1569-s8kj2-2266485376, networkLocation: /default-rack, certSerialId: null}, Type:RATIS, Factor:ONE, State:OPEN]
2019-09-20 08:38:23,316 [grpc-default-executor-0] INFO  impl.RaftServerProxy (RaftServerProxy.java:addNew(89)) - 22464498-4bd3-4a74-88e5-a0fbe623bf0e: addNew group-0D9B0AEB849F:[22464498-4bd3-4a74-88e5-a0fbe623bf0e:192.168.36.79:46088] returns group-0D9B0AEB849F:java.util.concurrent.CompletableFuture@52939376[Not completed]
2019-09-20 08:38:23,317 [pool-250-thread-1] INFO  impl.RaftServerImpl (RaftServerImpl.java:<init>(93)) - 22464498-4bd3-4a74-88e5-a0fbe623bf0e: new RaftServerImpl for group-0D9B0AEB849F:[22464498-4bd3-4a74-88e5-a0fbe623bf0e:192.168.36.79:46088] with ContainerStateMachine:uninitialized
2019-09-20 08:38:23,317 [pool-250-thread-1] INFO  server.RaftServerConfigKeys (ConfUtils.java:logGet(43)) - raft.server.rpc.timeout.min = 5s (custom)
2019-09-20 08:38:23,317 [pool-250-thread-1] INFO  server.RaftServerConfigKeys (ConfUtils.java:logGet(43)) - raft.server.rpc.timeout.max = 5200ms (custom)
2019-09-20 08:38:23,317 [pool-250-thread-1] INFO  server.RaftServerConfigKeys (ConfUtils.java:logGet(43)) - raft.server.rpcslowness.timeout = 120s (custom)
2019-09-20 08:38:23,317 [pool-250-thread-1] INFO  server.RaftServerConfigKeys (ConfUtils.java:logGet(43)) - raft.server.sleep.deviation.threshold = 300 (default)
2019-09-20 08:38:23,318 [pool-250-thread-1] INFO  server.RaftServerConfigKeys (ConfUtils.java:logGet(43)) - raft.server.log.appender.install.snapshot.enabled = false (custom)
2019-09-20 08:38:23,318 [pool-250-thread-1] INFO  impl.RaftServerImpl (ServerState.java:<init>(105)) - 22464498-4bd3-4a74-88e5-a0fbe623bf0e:group-0D9B0AEB849F ConfigurationManager, init=-1: [22464498-4bd3-4a74-88e5-a0fbe623bf0e:192.168.36.79:46088], old=null, confs=<EMPTY_MAP>
2019-09-20 08:38:23,318 [pool-250-thread-1] INFO  server.RaftServerConfigKeys (ConfUtils.java:logGet(43)) - raft.server.storage.dir = [/workdir/hadoop-ozone/ozonefs/target/test-dir/MiniOzoneClusterImpl-0e2437da-0aee-42ff-b383-10e9a9564f41/datanode-1/data/ratis] (custom)
2019-09-20 08:38:23,318 [pool-250-thread-1] INFO  storage.RaftStorageDirectory (RaftStorageDirectory.java:analyzeStorage(246)) - The storage directory /workdir/hadoop-ozone/ozonefs/target/test-dir/MiniOzoneClusterImpl-0e2437da-0aee-42ff-b383-10e9a9564f41/datanode-1/data/ratis/dc19f81c-3fc3-44c0-b711-0d9b0aeb849f does not exist. Creating ...
2019-09-20 08:38:23,340 [pool-250-thread-1] INFO  storage.RaftStorageDirectory (RaftStorageDirectory.java:tryLock(328)) - Lock on /workdir/hadoop-ozone/ozonefs/target/test-dir/MiniOzoneClusterImpl-0e2437da-0aee-42ff-b383-10e9a9564f41/datanode-1/data/ratis/dc19f81c-3fc3-44c0-b711-0d9b0aeb849f/in_use.lock acquired by nodename 25669@pr-hdds-1569-s8kj2-2266485376
2019-09-20 08:38:23,357 [pool-250-thread-1] INFO  storage.RaftStorage (RaftStorage.java:format(72)) - Storage directory /workdir/hadoop-ozone/ozonefs/target/test-dir/MiniOzoneClusterImpl-0e2437da-0aee-42ff-b383-10e9a9564f41/datanode-1/data/ratis/dc19f81c-3fc3-44c0-b711-0d9b0aeb849f has been successfully formatted.
2019-09-20 08:38:23,358 [pool-250-thread-1] INFO  ratis.ContainerStateMachine (ContainerStateMachine.java:loadSnapshot(226)) - group-0D9B0AEB849F: The snapshot info is null. Setting the last applied indexto:(t:0, i:~)
2019-09-20 08:38:23,358 [pool-250-thread-1] INFO  server.RaftServerConfigKeys (ConfUtils.java:logGet(43)) - raft.server.leader.election.timeout = 120s (custom)
2019-09-20 08:38:23,358 [pool-250-thread-1] INFO  server.RaftServerConfigKeys (ConfUtils.java:logGet(43)) - raft.server.log.use.memory = false (default)
2019-09-20 08:38:23,358 [pool-250-thread-1] INFO  server.RaftServerConfigKeys (ConfUtils.java:logGet(43)) - raft.server.log.purge.gap = 1000000 (custom)
2019-09-20 08:38:23,358 [pool-250-thread-1] INFO  server.RaftServerConfigKeys (ConfUtils.java:logGet(43)) - raft.server.log.appender.buffer.byte-limit = 33554432 (custom)
2019-09-20 08:38:23,358 [pool-250-thread-1] INFO  server.RaftServerConfigKeys (ConfUtils.java:logGet(43)) - raft.server.log.segment.size.max = 1048576 (custom)
2019-09-20 08:38:23,359 [pool-250-thread-1] INFO  server.RaftServerConfigKeys (ConfUtils.java:logGet(43)) - raft.server.log.segment.cache.num.max = 2 (custom)
2019-09-20 08:38:23,359 [pool-250-thread-1] INFO  segmented.SegmentedRaftLogWorker (SegmentedRaftLogWorker.java:<init>(172)) - new 22464498-4bd3-4a74-88e5-a0fbe623bf0e-SegmentedRaftLogWorker:Storage Directory /workdir/hadoop-ozone/ozonefs/target/test-dir/MiniOzoneClusterImpl-0e2437da-0aee-42ff-b383-10e9a9564f41/datanode-1/data/ratis/dc19f81c-3fc3-44c0-b711-0d9b0aeb849f for RaftStorage:Storage Directory /workdir/hadoop-ozone/ozonefs/target/test-dir/MiniOzoneClusterImpl-0e2437da-0aee-42ff-b383-10e9a9564f41/datanode-1/data/ratis/dc19f81c-3fc3-44c0-b711-0d9b0aeb849f
2019-09-20 08:38:23,359 [pool-250-thread-1] INFO  server.RaftServerConfigKeys (ConfUtils.java:logGet(43)) - raft.server.log.queue.byte-limit = 2147483647 (custom)
2019-09-20 08:38:23,359 [pool-250-thread-1] INFO  server.RaftServerConfigKeys (ConfUtils.java:logGet(43)) - raft.server.log.queue.element-limit = 1024 (custom)
2019-09-20 08:38:23,359 [pool-250-thread-1] INFO  server.RaftServerConfigKeys (ConfUtils.java:logGet(43)) - raft.server.log.segment.size.max = 1048576 (custom)
2019-09-20 08:38:23,360 [pool-250-thread-1] INFO  server.RaftServerConfigKeys (ConfUtils.java:logGet(43)) - raft.server.log.preallocated.size = 16384 (custom)
2019-09-20 08:38:23,360 [pool-250-thread-1] INFO  server.RaftServerConfigKeys (ConfUtils.java:logGet(43)) - raft.server.log.write.buffer.size = 33554432 (custom)
2019-09-20 08:38:23,360 [pool-250-thread-1] INFO  server.RaftServerConfigKeys (ConfUtils.java:logGet(43)) - raft.server.log.force.sync.num = 128 (default)
2019-09-20 08:38:23,360 [pool-250-thread-1] INFO  server.RaftServerConfigKeys (ConfUtils.java:logGet(43)) - raft.server.log.statemachine.data.sync = true (default)
2019-09-20 08:38:23,360 [pool-250-thread-1] INFO  server.RaftServerConfigKeys (ConfUtils.java:logGet(43)) - raft.server.log.statemachine.data.sync.timeout = 10s (default)
2019-09-20 08:38:23,360 [pool-250-thread-1] INFO  server.RaftServerConfigKeys (ConfUtils.java:logGet(43)) - raft.server.log.statemachine.data.sync.timeout.retry = -1 (default)
2019-09-20 08:38:23,361 [pool-250-thread-1] INFO  server.RaftServerConfigKeys (ConfUtils.java:logGet(43)) - raft.server.log.statemachine.data.caching.enabled = true (custom)
2019-09-20 08:38:23,361 [pool-250-thread-1] INFO  segmented.SegmentedRaftLogWorker (SegmentedRaftLogWorker.java:lambda$new$0(132)) - 22464498-4bd3-4a74-88e5-a0fbe623bf0e-SegmentedRaftLogWorker:Storage Directory /workdir/hadoop-ozone/ozonefs/target/test-dir/MiniOzoneClusterImpl-0e2437da-0aee-42ff-b383-10e9a9564f41/datanode-1/data/ratis/dc19f81c-3fc3-44c0-b711-0d9b0aeb849f: flushIndex: setUnconditionally 0 -> -1
2019-09-20 08:38:23,361 [pool-250-thread-1] INFO  server.RaftServerConfigKeys (ConfUtils.java:logGet(43)) - raft.server.snapshot.auto.trigger.enabled = true (custom)
2019-09-20 08:38:23,362 [pool-250-thread-1] INFO  server.RaftServerConfigKeys (ConfUtils.java:logGet(43)) - raft.server.snapshot.auto.trigger.threshold = 10000 (custom)
2019-09-20 08:38:23,362 [pool-250-thread-1] INFO  server.RaftServerConfigKeys (ConfUtils.java:logGet(43)) - raft.server.retrycache.expirytime = 600000ms (custom)
2019-09-20 08:38:23,362 [pool-250-thread-1] INFO  impl.RaftServerImpl (RaftServerImpl.java:start(180)) - 22464498-4bd3-4a74-88e5-a0fbe623bf0e: start group-0D9B0AEB849F
2019-09-20 08:38:23,362 [pool-250-thread-1] INFO  impl.RaftServerImpl (RaftServerImpl.java:setRole(171)) - 22464498-4bd3-4a74-88e5-a0fbe623bf0e:group-0D9B0AEB849F changes role from null to FOLLOWER at term 0 for startAsFollower
2019-09-20 08:38:23,362 [pool-250-thread-1] INFO  impl.RoleInfo (RoleInfo.java:updateAndGet(143)) - 22464498-4bd3-4a74-88e5-a0fbe623bf0e: start FollowerState
2019-09-20 08:38:23,363 [pool-250-thread-1] INFO  util.JmxRegister (JmxRegister.java:tryRegister(44)) - Successfully registered JMX Bean with object name Ratis:service=RaftServer,group=group-0D9B0AEB849F,id=22464498-4bd3-4a74-88e5-a0fbe623bf0e
2019-09-20 08:38:23,366 [RatisPipelineUtilsThread] INFO  pipeline.PipelineStateManager (PipelineStateManager.java:addPipeline(56)) - Created pipeline Pipeline[ Id: dc19f81c-3fc3-44c0-b711-0d9b0aeb849f, Nodes: 22464498-4bd3-4a74-88e5-a0fbe623bf0e{ip: 192.168.36.79, host: pr-hdds-1569-s8kj2-2266485376, networkLocation: /default-rack, certSerialId: null}, Type:RATIS, Factor:ONE, State:OPEN]
2019-09-20 08:38:23,372 [grpc-default-executor-0] INFO  impl.RaftServerProxy (RaftServerProxy.java:addNew(89)) - 7e673b66-ddf6-4b97-a643-f59697fb3549: addNew group-F933D7DC1CEB:[7e673b66-ddf6-4b97-a643-f59697fb3549:192.168.36.79:35666] returns group-F933D7DC1CEB:java.util.concurrent.CompletableFuture@9207090[Not completed]
2019-09-20 08:38:23,373 [pool-239-thread-1] INFO  impl.RaftServerImpl (RaftServerImpl.java:<init>(93)) - 7e673b66-ddf6-4b97-a643-f59697fb3549: new RaftServerImpl for group-F933D7DC1CEB:[7e673b66-ddf6-4b97-a643-f59697fb3549:192.168.36.79:35666] with ContainerStateMachine:uninitialized
2019-09-20 08:38:23,373 [pool-239-thread-1] INFO  server.RaftServerConfigKeys (ConfUtils.java:logGet(43)) - raft.server.rpc.timeout.min = 5s (custom)
2019-09-20 08:38:23,373 [pool-239-thread-1] INFO  server.RaftServerConfigKeys (ConfUtils.java:logGet(43)) - raft.server.rpc.timeout.max = 5200ms (custom)
2019-09-20 08:38:23,374 [pool-239-thread-1] INFO  server.RaftServerConfigKeys (ConfUtils.java:logGet(43)) - raft.server.rpcslowness.timeout = 120s (custom)
2019-09-20 08:38:23,374 [pool-239-thread-1] INFO  server.RaftServerConfigKeys (ConfUtils.java:logGet(43)) - raft.server.sleep.deviation.threshold = 300 (default)
2019-09-20 08:38:23,374 [pool-239-thread-1] INFO  server.RaftServerConfigKeys (ConfUtils.java:logGet(43)) - raft.server.log.appender.install.snapshot.enabled = false (custom)
2019-09-20 08:38:23,374 [pool-239-thread-1] INFO  impl.RaftServerImpl (ServerState.java:<init>(105)) - 7e673b66-ddf6-4b97-a643-f59697fb3549:group-F933D7DC1CEB ConfigurationManager, init=-1: [7e673b66-ddf6-4b97-a643-f59697fb3549:192.168.36.79:35666], old=null, confs=<EMPTY_MAP>
2019-09-20 08:38:23,374 [pool-239-thread-1] INFO  server.RaftServerConfigKeys (ConfUtils.java:logGet(43)) - raft.server.storage.dir = [/workdir/hadoop-ozone/ozonefs/target/test-dir/MiniOzoneClusterImpl-0e2437da-0aee-42ff-b383-10e9a9564f41/datanode-0/data/ratis] (custom)
2019-09-20 08:38:23,375 [pool-239-thread-1] INFO  storage.RaftStorageDirectory (RaftStorageDirectory.java:analyzeStorage(246)) - The storage directory /workdir/hadoop-ozone/ozonefs/target/test-dir/MiniOzoneClusterImpl-0e2437da-0aee-42ff-b383-10e9a9564f41/datanode-0/data/ratis/b4c04d03-793b-4e6f-8580-f933d7dc1ceb does not exist. Creating ...
2019-09-20 08:38:23,399 [pool-239-thread-1] INFO  storage.RaftStorageDirectory (RaftStorageDirectory.java:tryLock(328)) - Lock on /workdir/hadoop-ozone/ozonefs/target/test-dir/MiniOzoneClusterImpl-0e2437da-0aee-42ff-b383-10e9a9564f41/datanode-0/data/ratis/b4c04d03-793b-4e6f-8580-f933d7dc1ceb/in_use.lock acquired by nodename 25669@pr-hdds-1569-s8kj2-2266485376
2019-09-20 08:38:23,433 [pool-239-thread-1] INFO  storage.RaftStorage (RaftStorage.java:format(72)) - Storage directory /workdir/hadoop-ozone/ozonefs/target/test-dir/MiniOzoneClusterImpl-0e2437da-0aee-42ff-b383-10e9a9564f41/datanode-0/data/ratis/b4c04d03-793b-4e6f-8580-f933d7dc1ceb has been successfully formatted.
2019-09-20 08:38:23,433 [pool-239-thread-1] INFO  ratis.ContainerStateMachine (ContainerStateMachine.java:loadSnapshot(226)) - group-F933D7DC1CEB: The snapshot info is null. Setting the last applied indexto:(t:0, i:~)
2019-09-20 08:38:23,434 [pool-239-thread-1] INFO  server.RaftServerConfigKeys (ConfUtils.java:logGet(43)) - raft.server.leader.election.timeout = 120s (custom)
2019-09-20 08:38:23,434 [pool-239-thread-1] INFO  server.RaftServerConfigKeys (ConfUtils.java:logGet(43)) - raft.server.log.use.memory = false (default)
2019-09-20 08:38:23,434 [pool-239-thread-1] INFO  server.RaftServerConfigKeys (ConfUtils.java:logGet(43)) - raft.server.log.purge.gap = 1000000 (custom)
2019-09-20 08:38:23,434 [pool-239-thread-1] INFO  server.RaftServerConfigKeys (ConfUtils.java:logGet(43)) - raft.server.log.appender.buffer.byte-limit = 33554432 (custom)
2019-09-20 08:38:23,434 [pool-239-thread-1] INFO  server.RaftServerConfigKeys (ConfUtils.java:logGet(43)) - raft.server.log.segment.size.max = 1048576 (custom)
2019-09-20 08:38:23,434 [pool-239-thread-1] INFO  server.RaftServerConfigKeys (ConfUtils.java:logGet(43)) - raft.server.log.segment.cache.num.max = 2 (custom)
2019-09-20 08:38:23,435 [pool-239-thread-1] INFO  segmented.SegmentedRaftLogWorker (SegmentedRaftLogWorker.java:<init>(172)) - new 7e673b66-ddf6-4b97-a643-f59697fb3549-SegmentedRaftLogWorker:Storage Directory /workdir/hadoop-ozone/ozonefs/target/test-dir/MiniOzoneClusterImpl-0e2437da-0aee-42ff-b383-10e9a9564f41/datanode-0/data/ratis/b4c04d03-793b-4e6f-8580-f933d7dc1ceb for RaftStorage:Storage Directory /workdir/hadoop-ozone/ozonefs/target/test-dir/MiniOzoneClusterImpl-0e2437da-0aee-42ff-b383-10e9a9564f41/datanode-0/data/ratis/b4c04d03-793b-4e6f-8580-f933d7dc1ceb
2019-09-20 08:38:23,435 [pool-239-thread-1] INFO  server.RaftServerConfigKeys (ConfUtils.java:logGet(43)) - raft.server.log.queue.byte-limit = 2147483647 (custom)
2019-09-20 08:38:23,435 [pool-239-thread-1] INFO  server.RaftServerConfigKeys (ConfUtils.java:logGet(43)) - raft.server.log.queue.element-limit = 1024 (custom)
2019-09-20 08:38:23,435 [pool-239-thread-1] INFO  server.RaftServerConfigKeys (ConfUtils.java:logGet(43)) - raft.server.log.segment.size.max = 1048576 (custom)
2019-09-20 08:38:23,435 [pool-239-thread-1] INFO  server.RaftServerConfigKeys (ConfUtils.java:logGet(43)) - raft.server.log.preallocated.size = 16384 (custom)
2019-09-20 08:38:23,435 [pool-239-thread-1] INFO  server.RaftServerConfigKeys (ConfUtils.java:logGet(43)) - raft.server.log.write.buffer.size = 33554432 (custom)
2019-09-20 08:38:23,435 [pool-239-thread-1] INFO  server.RaftServerConfigKeys (ConfUtils.java:logGet(43)) - raft.server.log.force.sync.num = 128 (default)
2019-09-20 08:38:23,436 [pool-239-thread-1] INFO  server.RaftServerConfigKeys (ConfUtils.java:logGet(43)) - raft.server.log.statemachine.data.sync = true (default)
2019-09-20 08:38:23,436 [pool-239-thread-1] INFO  server.RaftServerConfigKeys (ConfUtils.java:logGet(43)) - raft.server.log.statemachine.data.sync.timeout = 10s (default)
2019-09-20 08:38:23,436 [pool-239-thread-1] INFO  server.RaftServerConfigKeys (ConfUtils.java:logGet(43)) - raft.server.log.statemachine.data.sync.timeout.retry = -1 (default)
2019-09-20 08:38:23,436 [pool-239-thread-1] INFO  server.RaftServerConfigKeys (ConfUtils.java:logGet(43)) - raft.server.log.statemachine.data.caching.enabled = true (custom)
2019-09-20 08:38:23,436 [pool-239-thread-1] INFO  segmented.SegmentedRaftLogWorker (SegmentedRaftLogWorker.java:lambda$new$0(132)) - 7e673b66-ddf6-4b97-a643-f59697fb3549-SegmentedRaftLogWorker:Storage Directory /workdir/hadoop-ozone/ozonefs/target/test-dir/MiniOzoneClusterImpl-0e2437da-0aee-42ff-b383-10e9a9564f41/datanode-0/data/ratis/b4c04d03-793b-4e6f-8580-f933d7dc1ceb: flushIndex: setUnconditionally 0 -> -1
2019-09-20 08:38:23,437 [pool-239-thread-1] INFO  server.RaftServerConfigKeys (ConfUtils.java:logGet(43)) - raft.server.snapshot.auto.trigger.enabled = true (custom)
2019-09-20 08:38:23,437 [pool-239-thread-1] INFO  server.RaftServerConfigKeys (ConfUtils.java:logGet(43)) - raft.server.snapshot.auto.trigger.threshold = 10000 (custom)
2019-09-20 08:38:23,437 [pool-239-thread-1] INFO  server.RaftServerConfigKeys (ConfUtils.java:logGet(43)) - raft.server.retrycache.expirytime = 600000ms (custom)
2019-09-20 08:38:23,437 [pool-239-thread-1] INFO  impl.RaftServerImpl (RaftServerImpl.java:start(180)) - 7e673b66-ddf6-4b97-a643-f59697fb3549: start group-F933D7DC1CEB
2019-09-20 08:38:23,437 [pool-239-thread-1] INFO  impl.RaftServerImpl (RaftServerImpl.java:setRole(171)) - 7e673b66-ddf6-4b97-a643-f59697fb3549:group-F933D7DC1CEB changes role from null to FOLLOWER at term 0 for startAsFollower
2019-09-20 08:38:23,438 [pool-239-thread-1] INFO  impl.RoleInfo (RoleInfo.java:updateAndGet(143)) - 7e673b66-ddf6-4b97-a643-f59697fb3549: start FollowerState
2019-09-20 08:38:23,438 [pool-239-thread-1] INFO  util.JmxRegister (JmxRegister.java:tryRegister(44)) - Successfully registered JMX Bean with object name Ratis:service=RaftServer,group=group-F933D7DC1CEB,id=7e673b66-ddf6-4b97-a643-f59697fb3549
2019-09-20 08:38:23,441 [RatisPipelineUtilsThread] INFO  pipeline.PipelineStateManager (PipelineStateManager.java:addPipeline(56)) - Created pipeline Pipeline[ Id: b4c04d03-793b-4e6f-8580-f933d7dc1ceb, Nodes: 7e673b66-ddf6-4b97-a643-f59697fb3549{ip: 192.168.36.79, host: pr-hdds-1569-s8kj2-2266485376, networkLocation: /default-rack, certSerialId: null}, Type:RATIS, Factor:ONE, State:OPEN]
2019-09-20 08:38:23,441 [RatisPipelineUtilsThread] INFO  pipeline.PipelinePlacementPolicy (PipelinePlacementPolicy.java:meetCriteria(91)) - Pipeline Placement: Doesn't meet the criteria to be viable node： 7e673b66-ddf6-4b97-a643-f59697fb3549 Heaviness: 6 limit: 5
2019-09-20 08:38:23,447 [grpc-default-executor-0] INFO  impl.RaftServerProxy (RaftServerProxy.java:addNew(89)) - 22464498-4bd3-4a74-88e5-a0fbe623bf0e: addNew group-9AD353372CA5:[22464498-4bd3-4a74-88e5-a0fbe623bf0e:192.168.36.79:46088] returns group-9AD353372CA5:java.util.concurrent.CompletableFuture@3d855bd6[Not completed]
2019-09-20 08:38:23,448 [pool-250-thread-1] INFO  impl.RaftServerImpl (RaftServerImpl.java:<init>(93)) - 22464498-4bd3-4a74-88e5-a0fbe623bf0e: new RaftServerImpl for group-9AD353372CA5:[22464498-4bd3-4a74-88e5-a0fbe623bf0e:192.168.36.79:46088] with ContainerStateMachine:uninitialized
2019-09-20 08:38:23,449 [pool-250-thread-1] INFO  server.RaftServerConfigKeys (ConfUtils.java:logGet(43)) - raft.server.rpc.timeout.min = 5s (custom)
2019-09-20 08:38:23,449 [pool-250-thread-1] INFO  server.RaftServerConfigKeys (ConfUtils.java:logGet(43)) - raft.server.rpc.timeout.max = 5200ms (custom)
2019-09-20 08:38:23,449 [pool-250-thread-1] INFO  server.RaftServerConfigKeys (ConfUtils.java:logGet(43)) - raft.server.rpcslowness.timeout = 120s (custom)
2019-09-20 08:38:23,449 [pool-250-thread-1] INFO  server.RaftServerConfigKeys (ConfUtils.java:logGet(43)) - raft.server.sleep.deviation.threshold = 300 (default)
2019-09-20 08:38:23,450 [pool-250-thread-1] INFO  server.RaftServerConfigKeys (ConfUtils.java:logGet(43)) - raft.server.log.appender.install.snapshot.enabled = false (custom)
2019-09-20 08:38:23,450 [pool-250-thread-1] INFO  impl.RaftServerImpl (ServerState.java:<init>(105)) - 22464498-4bd3-4a74-88e5-a0fbe623bf0e:group-9AD353372CA5 ConfigurationManager, init=-1: [22464498-4bd3-4a74-88e5-a0fbe623bf0e:192.168.36.79:46088], old=null, confs=<EMPTY_MAP>
2019-09-20 08:38:23,450 [pool-250-thread-1] INFO  server.RaftServerConfigKeys (ConfUtils.java:logGet(43)) - raft.server.storage.dir = [/workdir/hadoop-ozone/ozonefs/target/test-dir/MiniOzoneClusterImpl-0e2437da-0aee-42ff-b383-10e9a9564f41/datanode-1/data/ratis] (custom)
2019-09-20 08:38:23,450 [pool-250-thread-1] INFO  storage.RaftStorageDirectory (RaftStorageDirectory.java:analyzeStorage(246)) - The storage directory /workdir/hadoop-ozone/ozonefs/target/test-dir/MiniOzoneClusterImpl-0e2437da-0aee-42ff-b383-10e9a9564f41/datanode-1/data/ratis/7236f4ba-422c-4ad1-a99d-9ad353372ca5 does not exist. Creating ...
2019-09-20 08:38:23,467 [Thread-1057] INFO  ozone.MiniOzoneClusterImpl (MiniOzoneClusterImpl.java:lambda$waitForClusterToBeReady$0(142)) - Waiting for cluster to be ready. Got 2 of 3 DN Heartbeats.
2019-09-20 08:38:23,469 [IPC Server handler 2 on 45139] INFO  net.NetworkTopology (NetworkTopologyImpl.java:add(110)) - Added a new node: /default-rack/db6d3ca5-f12f-4d4c-aad8-4a2a4f640353
2019-09-20 08:38:23,469 [IPC Server handler 2 on 45139] INFO  node.SCMNodeManager (SCMNodeManager.java:register(273)) - Registered Data node : db6d3ca5-f12f-4d4c-aad8-4a2a4f640353{ip: 192.168.36.79, host: pr-hdds-1569-s8kj2-2266485376, networkLocation: /default-rack, certSerialId: null}
2019-09-20 08:38:23,470 | INFO  | SCMAudit | user=jenkins1000 | ip=192.168.36.79 | op=REGISTER {datanodeDetails=db6d3ca5-f12f-4d4c-aad8-4a2a4f640353{ip: 192.168.36.79, host: pr-hdds-1569-s8kj2-2266485376, networkLocation: /default-rack, certSerialId: null}} | ret=SUCCESS |  
2019-09-20 08:38:23,475 [pool-250-thread-1] INFO  storage.RaftStorageDirectory (RaftStorageDirectory.java:tryLock(328)) - Lock on /workdir/hadoop-ozone/ozonefs/target/test-dir/MiniOzoneClusterImpl-0e2437da-0aee-42ff-b383-10e9a9564f41/datanode-1/data/ratis/7236f4ba-422c-4ad1-a99d-9ad353372ca5/in_use.lock acquired by nodename 25669@pr-hdds-1569-s8kj2-2266485376
2019-09-20 08:38:23,492 [pool-250-thread-1] INFO  storage.RaftStorage (RaftStorage.java:format(72)) - Storage directory /workdir/hadoop-ozone/ozonefs/target/test-dir/MiniOzoneClusterImpl-0e2437da-0aee-42ff-b383-10e9a9564f41/datanode-1/data/ratis/7236f4ba-422c-4ad1-a99d-9ad353372ca5 has been successfully formatted.
2019-09-20 08:38:23,492 [pool-250-thread-1] INFO  ratis.ContainerStateMachine (ContainerStateMachine.java:loadSnapshot(226)) - group-9AD353372CA5: The snapshot info is null. Setting the last applied indexto:(t:0, i:~)
2019-09-20 08:38:23,493 [pool-250-thread-1] INFO  server.RaftServerConfigKeys (ConfUtils.java:logGet(43)) - raft.server.leader.election.timeout = 120s (custom)
2019-09-20 08:38:23,493 [pool-250-thread-1] INFO  server.RaftServerConfigKeys (ConfUtils.java:logGet(43)) - raft.server.log.use.memory = false (default)
2019-09-20 08:38:23,493 [pool-250-thread-1] INFO  server.RaftServerConfigKeys (ConfUtils.java:logGet(43)) - raft.server.log.purge.gap = 1000000 (custom)
2019-09-20 08:38:23,493 [pool-250-thread-1] INFO  server.RaftServerConfigKeys (ConfUtils.java:logGet(43)) - raft.server.log.appender.buffer.byte-limit = 33554432 (custom)
2019-09-20 08:38:23,493 [pool-250-thread-1] INFO  server.RaftServerConfigKeys (ConfUtils.java:logGet(43)) - raft.server.log.segment.size.max = 1048576 (custom)
2019-09-20 08:38:23,494 [pool-250-thread-1] INFO  server.RaftServerConfigKeys (ConfUtils.java:logGet(43)) - raft.server.log.segment.cache.num.max = 2 (custom)
2019-09-20 08:38:23,494 [pool-250-thread-1] INFO  segmented.SegmentedRaftLogWorker (SegmentedRaftLogWorker.java:<init>(172)) - new 22464498-4bd3-4a74-88e5-a0fbe623bf0e-SegmentedRaftLogWorker:Storage Directory /workdir/hadoop-ozone/ozonefs/target/test-dir/MiniOzoneClusterImpl-0e2437da-0aee-42ff-b383-10e9a9564f41/datanode-1/data/ratis/7236f4ba-422c-4ad1-a99d-9ad353372ca5 for RaftStorage:Storage Directory /workdir/hadoop-ozone/ozonefs/target/test-dir/MiniOzoneClusterImpl-0e2437da-0aee-42ff-b383-10e9a9564f41/datanode-1/data/ratis/7236f4ba-422c-4ad1-a99d-9ad353372ca5
2019-09-20 08:38:23,494 [pool-250-thread-1] INFO  server.RaftServerConfigKeys (ConfUtils.java:logGet(43)) - raft.server.log.queue.byte-limit = 2147483647 (custom)
2019-09-20 08:38:23,494 [pool-250-thread-1] INFO  server.RaftServerConfigKeys (ConfUtils.java:logGet(43)) - raft.server.log.queue.element-limit = 1024 (custom)
2019-09-20 08:38:23,494 [pool-250-thread-1] INFO  server.RaftServerConfigKeys (ConfUtils.java:logGet(43)) - raft.server.log.segment.size.max = 1048576 (custom)
2019-09-20 08:38:23,494 [pool-250-thread-1] INFO  server.RaftServerConfigKeys (ConfUtils.java:logGet(43)) - raft.server.log.preallocated.size = 16384 (custom)
2019-09-20 08:38:23,494 [pool-250-thread-1] INFO  server.RaftServerConfigKeys (ConfUtils.java:logGet(43)) - raft.server.log.write.buffer.size = 33554432 (custom)
2019-09-20 08:38:23,495 [pool-250-thread-1] INFO  server.RaftServerConfigKeys (ConfUtils.java:logGet(43)) - raft.server.log.force.sync.num = 128 (default)
2019-09-20 08:38:23,495 [pool-250-thread-1] INFO  server.RaftServerConfigKeys (ConfUtils.java:logGet(43)) - raft.server.log.statemachine.data.sync = true (default)
2019-09-20 08:38:23,495 [pool-250-thread-1] INFO  server.RaftServerConfigKeys (ConfUtils.java:logGet(43)) - raft.server.log.statemachine.data.sync.timeout = 10s (default)
2019-09-20 08:38:23,495 [pool-250-thread-1] INFO  server.RaftServerConfigKeys (ConfUtils.java:logGet(43)) - raft.server.log.statemachine.data.sync.timeout.retry = -1 (default)
2019-09-20 08:38:23,495 [pool-250-thread-1] INFO  server.RaftServerConfigKeys (ConfUtils.java:logGet(43)) - raft.server.log.statemachine.data.caching.enabled = true (custom)
2019-09-20 08:38:23,496 [pool-250-thread-1] INFO  segmented.SegmentedRaftLogWorker (SegmentedRaftLogWorker.java:lambda$new$0(132)) - 22464498-4bd3-4a74-88e5-a0fbe623bf0e-SegmentedRaftLogWorker:Storage Directory /workdir/hadoop-ozone/ozonefs/target/test-dir/MiniOzoneClusterImpl-0e2437da-0aee-42ff-b383-10e9a9564f41/datanode-1/data/ratis/7236f4ba-422c-4ad1-a99d-9ad353372ca5: flushIndex: setUnconditionally 0 -> -1
2019-09-20 08:38:23,496 [pool-250-thread-1] INFO  server.RaftServerConfigKeys (ConfUtils.java:logGet(43)) - raft.server.snapshot.auto.trigger.enabled = true (custom)
2019-09-20 08:38:23,496 [pool-250-thread-1] INFO  server.RaftServerConfigKeys (ConfUtils.java:logGet(43)) - raft.server.snapshot.auto.trigger.threshold = 10000 (custom)
2019-09-20 08:38:23,497 [pool-250-thread-1] INFO  server.RaftServerConfigKeys (ConfUtils.java:logGet(43)) - raft.server.retrycache.expirytime = 600000ms (custom)
2019-09-20 08:38:23,497 [pool-250-thread-1] INFO  impl.RaftServerImpl (RaftServerImpl.java:start(180)) - 22464498-4bd3-4a74-88e5-a0fbe623bf0e: start group-9AD353372CA5
2019-09-20 08:38:23,497 [pool-250-thread-1] INFO  impl.RaftServerImpl (RaftServerImpl.java:setRole(171)) - 22464498-4bd3-4a74-88e5-a0fbe623bf0e:group-9AD353372CA5 changes role from null to FOLLOWER at term 0 for startAsFollower
2019-09-20 08:38:23,497 [pool-250-thread-1] INFO  impl.RoleInfo (RoleInfo.java:updateAndGet(143)) - 22464498-4bd3-4a74-88e5-a0fbe623bf0e: start FollowerState
2019-09-20 08:38:23,498 [pool-250-thread-1] INFO  util.JmxRegister (JmxRegister.java:tryRegister(44)) - Successfully registered JMX Bean with object name Ratis:service=RaftServer,group=group-9AD353372CA5,id=22464498-4bd3-4a74-88e5-a0fbe623bf0e
2019-09-20 08:38:23,501 [RatisPipelineUtilsThread] INFO  pipeline.PipelineStateManager (PipelineStateManager.java:addPipeline(56)) - Created pipeline Pipeline[ Id: 7236f4ba-422c-4ad1-a99d-9ad353372ca5, Nodes: 22464498-4bd3-4a74-88e5-a0fbe623bf0e{ip: 192.168.36.79, host: pr-hdds-1569-s8kj2-2266485376, networkLocation: /default-rack, certSerialId: null}, Type:RATIS, Factor:ONE, State:OPEN]
2019-09-20 08:38:23,501 [RatisPipelineUtilsThread] INFO  pipeline.PipelinePlacementPolicy (PipelinePlacementPolicy.java:meetCriteria(91)) - Pipeline Placement: Doesn't meet the criteria to be viable node： 7e673b66-ddf6-4b97-a643-f59697fb3549 Heaviness: 6 limit: 5
2019-09-20 08:38:23,508 [grpc-default-executor-0] INFO  impl.RaftServerProxy (RaftServerProxy.java:addNew(89)) - 22464498-4bd3-4a74-88e5-a0fbe623bf0e: addNew group-94F9104B54A0:[22464498-4bd3-4a74-88e5-a0fbe623bf0e:192.168.36.79:46088] returns group-94F9104B54A0:java.util.concurrent.CompletableFuture@712833d8[Not completed]
2019-09-20 08:38:23,510 [pool-250-thread-1] INFO  impl.RaftServerImpl (RaftServerImpl.java:<init>(93)) - 22464498-4bd3-4a74-88e5-a0fbe623bf0e: new RaftServerImpl for group-94F9104B54A0:[22464498-4bd3-4a74-88e5-a0fbe623bf0e:192.168.36.79:46088] with ContainerStateMachine:uninitialized
2019-09-20 08:38:23,510 [pool-250-thread-1] INFO  server.RaftServerConfigKeys (ConfUtils.java:logGet(43)) - raft.server.rpc.timeout.min = 5s (custom)
2019-09-20 08:38:23,510 [pool-250-thread-1] INFO  server.RaftServerConfigKeys (ConfUtils.java:logGet(43)) - raft.server.rpc.timeout.max = 5200ms (custom)
2019-09-20 08:38:23,510 [pool-250-thread-1] INFO  server.RaftServerConfigKeys (ConfUtils.java:logGet(43)) - raft.server.rpcslowness.timeout = 120s (custom)
2019-09-20 08:38:23,511 [pool-250-thread-1] INFO  server.RaftServerConfigKeys (ConfUtils.java:logGet(43)) - raft.server.sleep.deviation.threshold = 300 (default)
2019-09-20 08:38:23,511 [pool-250-thread-1] INFO  server.RaftServerConfigKeys (ConfUtils.java:logGet(43)) - raft.server.log.appender.install.snapshot.enabled = false (custom)
2019-09-20 08:38:23,511 [pool-250-thread-1] INFO  impl.RaftServerImpl (ServerState.java:<init>(105)) - 22464498-4bd3-4a74-88e5-a0fbe623bf0e:group-94F9104B54A0 ConfigurationManager, init=-1: [22464498-4bd3-4a74-88e5-a0fbe623bf0e:192.168.36.79:46088], old=null, confs=<EMPTY_MAP>
2019-09-20 08:38:23,511 [pool-250-thread-1] INFO  server.RaftServerConfigKeys (ConfUtils.java:logGet(43)) - raft.server.storage.dir = [/workdir/hadoop-ozone/ozonefs/target/test-dir/MiniOzoneClusterImpl-0e2437da-0aee-42ff-b383-10e9a9564f41/datanode-1/data/ratis] (custom)
2019-09-20 08:38:23,512 [pool-250-thread-1] INFO  storage.RaftStorageDirectory (RaftStorageDirectory.java:analyzeStorage(246)) - The storage directory /workdir/hadoop-ozone/ozonefs/target/test-dir/MiniOzoneClusterImpl-0e2437da-0aee-42ff-b383-10e9a9564f41/datanode-1/data/ratis/48c16362-e183-47ee-97ee-94f9104b54a0 does not exist. Creating ...
2019-09-20 08:38:23,526 [pool-250-thread-1] INFO  storage.RaftStorageDirectory (RaftStorageDirectory.java:tryLock(328)) - Lock on /workdir/hadoop-ozone/ozonefs/target/test-dir/MiniOzoneClusterImpl-0e2437da-0aee-42ff-b383-10e9a9564f41/datanode-1/data/ratis/48c16362-e183-47ee-97ee-94f9104b54a0/in_use.lock acquired by nodename 25669@pr-hdds-1569-s8kj2-2266485376
2019-09-20 08:38:23,544 [pool-250-thread-1] INFO  storage.RaftStorage (RaftStorage.java:format(72)) - Storage directory /workdir/hadoop-ozone/ozonefs/target/test-dir/MiniOzoneClusterImpl-0e2437da-0aee-42ff-b383-10e9a9564f41/datanode-1/data/ratis/48c16362-e183-47ee-97ee-94f9104b54a0 has been successfully formatted.
2019-09-20 08:38:23,544 [pool-250-thread-1] INFO  ratis.ContainerStateMachine (ContainerStateMachine.java:loadSnapshot(226)) - group-94F9104B54A0: The snapshot info is null. Setting the last applied indexto:(t:0, i:~)
2019-09-20 08:38:23,544 [pool-250-thread-1] INFO  server.RaftServerConfigKeys (ConfUtils.java:logGet(43)) - raft.server.leader.election.timeout = 120s (custom)
2019-09-20 08:38:23,545 [pool-250-thread-1] INFO  server.RaftServerConfigKeys (ConfUtils.java:logGet(43)) - raft.server.log.use.memory = false (default)
2019-09-20 08:38:23,545 [pool-250-thread-1] INFO  server.RaftServerConfigKeys (ConfUtils.java:logGet(43)) - raft.server.log.purge.gap = 1000000 (custom)
2019-09-20 08:38:23,545 [pool-250-thread-1] INFO  server.RaftServerConfigKeys (ConfUtils.java:logGet(43)) - raft.server.log.appender.buffer.byte-limit = 33554432 (custom)
2019-09-20 08:38:23,545 [pool-250-thread-1] INFO  server.RaftServerConfigKeys (ConfUtils.java:logGet(43)) - raft.server.log.segment.size.max = 1048576 (custom)
2019-09-20 08:38:23,545 [pool-250-thread-1] INFO  server.RaftServerConfigKeys (ConfUtils.java:logGet(43)) - raft.server.log.segment.cache.num.max = 2 (custom)
2019-09-20 08:38:23,545 [pool-250-thread-1] INFO  segmented.SegmentedRaftLogWorker (SegmentedRaftLogWorker.java:<init>(172)) - new 22464498-4bd3-4a74-88e5-a0fbe623bf0e-SegmentedRaftLogWorker:Storage Directory /workdir/hadoop-ozone/ozonefs/target/test-dir/MiniOzoneClusterImpl-0e2437da-0aee-42ff-b383-10e9a9564f41/datanode-1/data/ratis/48c16362-e183-47ee-97ee-94f9104b54a0 for RaftStorage:Storage Directory /workdir/hadoop-ozone/ozonefs/target/test-dir/MiniOzoneClusterImpl-0e2437da-0aee-42ff-b383-10e9a9564f41/datanode-1/data/ratis/48c16362-e183-47ee-97ee-94f9104b54a0
2019-09-20 08:38:23,545 [pool-250-thread-1] INFO  server.RaftServerConfigKeys (ConfUtils.java:logGet(43)) - raft.server.log.queue.byte-limit = 2147483647 (custom)
2019-09-20 08:38:23,546 [pool-250-thread-1] INFO  server.RaftServerConfigKeys (ConfUtils.java:logGet(43)) - raft.server.log.queue.element-limit = 1024 (custom)
2019-09-20 08:38:23,546 [pool-250-thread-1] INFO  server.RaftServerConfigKeys (ConfUtils.java:logGet(43)) - raft.server.log.segment.size.max = 1048576 (custom)
2019-09-20 08:38:23,546 [pool-250-thread-1] INFO  server.RaftServerConfigKeys (ConfUtils.java:logGet(43)) - raft.server.log.preallocated.size = 16384 (custom)
2019-09-20 08:38:23,546 [pool-250-thread-1] INFO  server.RaftServerConfigKeys (ConfUtils.java:logGet(43)) - raft.server.log.write.buffer.size = 33554432 (custom)
2019-09-20 08:38:23,546 [pool-250-thread-1] INFO  server.RaftServerConfigKeys (ConfUtils.java:logGet(43)) - raft.server.log.force.sync.num = 128 (default)
2019-09-20 08:38:23,546 [pool-250-thread-1] INFO  server.RaftServerConfigKeys (ConfUtils.java:logGet(43)) - raft.server.log.statemachine.data.sync = true (default)
2019-09-20 08:38:23,547 [pool-250-thread-1] INFO  server.RaftServerConfigKeys (ConfUtils.java:logGet(43)) - raft.server.log.statemachine.data.sync.timeout = 10s (default)
2019-09-20 08:38:23,547 [pool-250-thread-1] INFO  server.RaftServerConfigKeys (ConfUtils.java:logGet(43)) - raft.server.log.statemachine.data.sync.timeout.retry = -1 (default)
2019-09-20 08:38:23,547 [pool-250-thread-1] INFO  server.RaftServerConfigKeys (ConfUtils.java:logGet(43)) - raft.server.log.statemachine.data.caching.enabled = true (custom)
2019-09-20 08:38:23,547 [pool-250-thread-1] INFO  segmented.SegmentedRaftLogWorker (SegmentedRaftLogWorker.java:lambda$new$0(132)) - 22464498-4bd3-4a74-88e5-a0fbe623bf0e-SegmentedRaftLogWorker:Storage Directory /workdir/hadoop-ozone/ozonefs/target/test-dir/MiniOzoneClusterImpl-0e2437da-0aee-42ff-b383-10e9a9564f41/datanode-1/data/ratis/48c16362-e183-47ee-97ee-94f9104b54a0: flushIndex: setUnconditionally 0 -> -1
2019-09-20 08:38:23,548 [pool-250-thread-1] INFO  server.RaftServerConfigKeys (ConfUtils.java:logGet(43)) - raft.server.snapshot.auto.trigger.enabled = true (custom)
2019-09-20 08:38:23,548 [pool-250-thread-1] INFO  server.RaftServerConfigKeys (ConfUtils.java:logGet(43)) - raft.server.snapshot.auto.trigger.threshold = 10000 (custom)
2019-09-20 08:38:23,548 [pool-250-thread-1] INFO  server.RaftServerConfigKeys (ConfUtils.java:logGet(43)) - raft.server.retrycache.expirytime = 600000ms (custom)
2019-09-20 08:38:23,548 [pool-250-thread-1] INFO  impl.RaftServerImpl (RaftServerImpl.java:start(180)) - 22464498-4bd3-4a74-88e5-a0fbe623bf0e: start group-94F9104B54A0
2019-09-20 08:38:23,548 [pool-250-thread-1] INFO  impl.RaftServerImpl (RaftServerImpl.java:setRole(171)) - 22464498-4bd3-4a74-88e5-a0fbe623bf0e:group-94F9104B54A0 changes role from null to FOLLOWER at term 0 for startAsFollower
2019-09-20 08:38:23,548 [pool-250-thread-1] INFO  impl.RoleInfo (RoleInfo.java:updateAndGet(143)) - 22464498-4bd3-4a74-88e5-a0fbe623bf0e: start FollowerState
2019-09-20 08:38:23,549 [pool-250-thread-1] INFO  util.JmxRegister (JmxRegister.java:tryRegister(44)) - Successfully registered JMX Bean with object name Ratis:service=RaftServer,group=group-94F9104B54A0,id=22464498-4bd3-4a74-88e5-a0fbe623bf0e
2019-09-20 08:38:23,552 [RatisPipelineUtilsThread] INFO  pipeline.PipelineStateManager (PipelineStateManager.java:addPipeline(56)) - Created pipeline Pipeline[ Id: 48c16362-e183-47ee-97ee-94f9104b54a0, Nodes: 22464498-4bd3-4a74-88e5-a0fbe623bf0e{ip: 192.168.36.79, host: pr-hdds-1569-s8kj2-2266485376, networkLocation: /default-rack, certSerialId: null}, Type:RATIS, Factor:ONE, State:OPEN]
2019-09-20 08:38:23,552 [RatisPipelineUtilsThread] INFO  pipeline.PipelinePlacementPolicy (PipelinePlacementPolicy.java:meetCriteria(91)) - Pipeline Placement: Doesn't meet the criteria to be viable node： 7e673b66-ddf6-4b97-a643-f59697fb3549 Heaviness: 6 limit: 5
2019-09-20 08:38:23,558 [grpc-default-executor-0] INFO  impl.RaftServerProxy (RaftServerProxy.java:addNew(89)) - 22464498-4bd3-4a74-88e5-a0fbe623bf0e: addNew group-EB3A6FE931CE:[22464498-4bd3-4a74-88e5-a0fbe623bf0e:192.168.36.79:46088] returns group-EB3A6FE931CE:java.util.concurrent.CompletableFuture@e381c33[Not completed]
2019-09-20 08:38:23,559 [pool-250-thread-1] INFO  impl.RaftServerImpl (RaftServerImpl.java:<init>(93)) - 22464498-4bd3-4a74-88e5-a0fbe623bf0e: new RaftServerImpl for group-EB3A6FE931CE:[22464498-4bd3-4a74-88e5-a0fbe623bf0e:192.168.36.79:46088] with ContainerStateMachine:uninitialized
2019-09-20 08:38:23,559 [pool-250-thread-1] INFO  server.RaftServerConfigKeys (ConfUtils.java:logGet(43)) - raft.server.rpc.timeout.min = 5s (custom)
2019-09-20 08:38:23,559 [pool-250-thread-1] INFO  server.RaftServerConfigKeys (ConfUtils.java:logGet(43)) - raft.server.rpc.timeout.max = 5200ms (custom)
2019-09-20 08:38:23,559 [pool-250-thread-1] INFO  server.RaftServerConfigKeys (ConfUtils.java:logGet(43)) - raft.server.rpcslowness.timeout = 120s (custom)
2019-09-20 08:38:23,559 [pool-250-thread-1] INFO  server.RaftServerConfigKeys (ConfUtils.java:logGet(43)) - raft.server.sleep.deviation.threshold = 300 (default)
2019-09-20 08:38:23,559 [pool-250-thread-1] INFO  server.RaftServerConfigKeys (ConfUtils.java:logGet(43)) - raft.server.log.appender.install.snapshot.enabled = false (custom)
2019-09-20 08:38:23,560 [pool-250-thread-1] INFO  impl.RaftServerImpl (ServerState.java:<init>(105)) - 22464498-4bd3-4a74-88e5-a0fbe623bf0e:group-EB3A6FE931CE ConfigurationManager, init=-1: [22464498-4bd3-4a74-88e5-a0fbe623bf0e:192.168.36.79:46088], old=null, confs=<EMPTY_MAP>
2019-09-20 08:38:23,560 [pool-250-thread-1] INFO  server.RaftServerConfigKeys (ConfUtils.java:logGet(43)) - raft.server.storage.dir = [/workdir/hadoop-ozone/ozonefs/target/test-dir/MiniOzoneClusterImpl-0e2437da-0aee-42ff-b383-10e9a9564f41/datanode-1/data/ratis] (custom)
2019-09-20 08:38:23,560 [pool-250-thread-1] INFO  storage.RaftStorageDirectory (RaftStorageDirectory.java:analyzeStorage(246)) - The storage directory /workdir/hadoop-ozone/ozonefs/target/test-dir/MiniOzoneClusterImpl-0e2437da-0aee-42ff-b383-10e9a9564f41/datanode-1/data/ratis/a24a8b32-c87b-445b-9269-eb3a6fe931ce does not exist. Creating ...
2019-09-20 08:38:23,577 [pool-250-thread-1] INFO  storage.RaftStorageDirectory (RaftStorageDirectory.java:tryLock(328)) - Lock on /workdir/hadoop-ozone/ozonefs/target/test-dir/MiniOzoneClusterImpl-0e2437da-0aee-42ff-b383-10e9a9564f41/datanode-1/data/ratis/a24a8b32-c87b-445b-9269-eb3a6fe931ce/in_use.lock acquired by nodename 25669@pr-hdds-1569-s8kj2-2266485376
2019-09-20 08:38:23,611 [pool-250-thread-1] INFO  storage.RaftStorage (RaftStorage.java:format(72)) - Storage directory /workdir/hadoop-ozone/ozonefs/target/test-dir/MiniOzoneClusterImpl-0e2437da-0aee-42ff-b383-10e9a9564f41/datanode-1/data/ratis/a24a8b32-c87b-445b-9269-eb3a6fe931ce has been successfully formatted.
2019-09-20 08:38:23,612 [pool-250-thread-1] INFO  ratis.ContainerStateMachine (ContainerStateMachine.java:loadSnapshot(226)) - group-EB3A6FE931CE: The snapshot info is null. Setting the last applied indexto:(t:0, i:~)
2019-09-20 08:38:23,612 [pool-250-thread-1] INFO  server.RaftServerConfigKeys (ConfUtils.java:logGet(43)) - raft.server.leader.election.timeout = 120s (custom)
2019-09-20 08:38:23,612 [pool-250-thread-1] INFO  server.RaftServerConfigKeys (ConfUtils.java:logGet(43)) - raft.server.log.use.memory = false (default)
2019-09-20 08:38:23,612 [pool-250-thread-1] INFO  server.RaftServerConfigKeys (ConfUtils.java:logGet(43)) - raft.server.log.purge.gap = 1000000 (custom)
2019-09-20 08:38:23,612 [pool-250-thread-1] INFO  server.RaftServerConfigKeys (ConfUtils.java:logGet(43)) - raft.server.log.appender.buffer.byte-limit = 33554432 (custom)
2019-09-20 08:38:23,612 [pool-250-thread-1] INFO  server.RaftServerConfigKeys (ConfUtils.java:logGet(43)) - raft.server.log.segment.size.max = 1048576 (custom)
2019-09-20 08:38:23,612 [pool-250-thread-1] INFO  server.RaftServerConfigKeys (ConfUtils.java:logGet(43)) - raft.server.log.segment.cache.num.max = 2 (custom)
2019-09-20 08:38:23,613 [pool-250-thread-1] INFO  segmented.SegmentedRaftLogWorker (SegmentedRaftLogWorker.java:<init>(172)) - new 22464498-4bd3-4a74-88e5-a0fbe623bf0e-SegmentedRaftLogWorker:Storage Directory /workdir/hadoop-ozone/ozonefs/target/test-dir/MiniOzoneClusterImpl-0e2437da-0aee-42ff-b383-10e9a9564f41/datanode-1/data/ratis/a24a8b32-c87b-445b-9269-eb3a6fe931ce for RaftStorage:Storage Directory /workdir/hadoop-ozone/ozonefs/target/test-dir/MiniOzoneClusterImpl-0e2437da-0aee-42ff-b383-10e9a9564f41/datanode-1/data/ratis/a24a8b32-c87b-445b-9269-eb3a6fe931ce
2019-09-20 08:38:23,613 [pool-250-thread-1] INFO  server.RaftServerConfigKeys (ConfUtils.java:logGet(43)) - raft.server.log.queue.byte-limit = 2147483647 (custom)
2019-09-20 08:38:23,613 [pool-250-thread-1] INFO  server.RaftServerConfigKeys (ConfUtils.java:logGet(43)) - raft.server.log.queue.element-limit = 1024 (custom)
2019-09-20 08:38:23,613 [pool-250-thread-1] INFO  server.RaftServerConfigKeys (ConfUtils.java:logGet(43)) - raft.server.log.segment.size.max = 1048576 (custom)
2019-09-20 08:38:23,613 [pool-250-thread-1] INFO  server.RaftServerConfigKeys (ConfUtils.java:logGet(43)) - raft.server.log.preallocated.size = 16384 (custom)
2019-09-20 08:38:23,614 [pool-250-thread-1] INFO  server.RaftServerConfigKeys (ConfUtils.java:logGet(43)) - raft.server.log.write.buffer.size = 33554432 (custom)
2019-09-20 08:38:23,614 [pool-250-thread-1] INFO  server.RaftServerConfigKeys (ConfUtils.java:logGet(43)) - raft.server.log.force.sync.num = 128 (default)
2019-09-20 08:38:23,614 [pool-250-thread-1] INFO  server.RaftServerConfigKeys (ConfUtils.java:logGet(43)) - raft.server.log.statemachine.data.sync = true (default)
2019-09-20 08:38:23,614 [pool-250-thread-1] INFO  server.RaftServerConfigKeys (ConfUtils.java:logGet(43)) - raft.server.log.statemachine.data.sync.timeout = 10s (default)
2019-09-20 08:38:23,614 [pool-250-thread-1] INFO  server.RaftServerConfigKeys (ConfUtils.java:logGet(43)) - raft.server.log.statemachine.data.sync.timeout.retry = -1 (default)
2019-09-20 08:38:23,614 [pool-250-thread-1] INFO  server.RaftServerConfigKeys (ConfUtils.java:logGet(43)) - raft.server.log.statemachine.data.caching.enabled = true (custom)
2019-09-20 08:38:23,615 [pool-250-thread-1] INFO  segmented.SegmentedRaftLogWorker (SegmentedRaftLogWorker.java:lambda$new$0(132)) - 22464498-4bd3-4a74-88e5-a0fbe623bf0e-SegmentedRaftLogWorker:Storage Directory /workdir/hadoop-ozone/ozonefs/target/test-dir/MiniOzoneClusterImpl-0e2437da-0aee-42ff-b383-10e9a9564f41/datanode-1/data/ratis/a24a8b32-c87b-445b-9269-eb3a6fe931ce: flushIndex: setUnconditionally 0 -> -1
2019-09-20 08:38:23,615 [pool-250-thread-1] INFO  server.RaftServerConfigKeys (ConfUtils.java:logGet(43)) - raft.server.snapshot.auto.trigger.enabled = true (custom)
2019-09-20 08:38:23,615 [pool-250-thread-1] INFO  server.RaftServerConfigKeys (ConfUtils.java:logGet(43)) - raft.server.snapshot.auto.trigger.threshold = 10000 (custom)
2019-09-20 08:38:23,615 [pool-250-thread-1] INFO  server.RaftServerConfigKeys (ConfUtils.java:logGet(43)) - raft.server.retrycache.expirytime = 600000ms (custom)
2019-09-20 08:38:23,615 [pool-250-thread-1] INFO  impl.RaftServerImpl (RaftServerImpl.java:start(180)) - 22464498-4bd3-4a74-88e5-a0fbe623bf0e: start group-EB3A6FE931CE
2019-09-20 08:38:23,616 [pool-250-thread-1] INFO  impl.RaftServerImpl (RaftServerImpl.java:setRole(171)) - 22464498-4bd3-4a74-88e5-a0fbe623bf0e:group-EB3A6FE931CE changes role from null to FOLLOWER at term 0 for startAsFollower
2019-09-20 08:38:23,616 [pool-250-thread-1] INFO  impl.RoleInfo (RoleInfo.java:updateAndGet(143)) - 22464498-4bd3-4a74-88e5-a0fbe623bf0e: start FollowerState
2019-09-20 08:38:23,616 [pool-250-thread-1] INFO  util.JmxRegister (JmxRegister.java:tryRegister(44)) - Successfully registered JMX Bean with object name Ratis:service=RaftServer,group=group-EB3A6FE931CE,id=22464498-4bd3-4a74-88e5-a0fbe623bf0e
2019-09-20 08:38:23,619 [RatisPipelineUtilsThread] INFO  pipeline.PipelineStateManager (PipelineStateManager.java:addPipeline(56)) - Created pipeline Pipeline[ Id: a24a8b32-c87b-445b-9269-eb3a6fe931ce, Nodes: 22464498-4bd3-4a74-88e5-a0fbe623bf0e{ip: 192.168.36.79, host: pr-hdds-1569-s8kj2-2266485376, networkLocation: /default-rack, certSerialId: null}, Type:RATIS, Factor:ONE, State:OPEN]
2019-09-20 08:38:23,619 [RatisPipelineUtilsThread] INFO  pipeline.PipelinePlacementPolicy (PipelinePlacementPolicy.java:meetCriteria(91)) - Pipeline Placement: Doesn't meet the criteria to be viable node： 7e673b66-ddf6-4b97-a643-f59697fb3549 Heaviness: 6 limit: 5
2019-09-20 08:38:23,627 [grpc-default-executor-0] INFO  impl.RaftServerProxy (RaftServerProxy.java:addNew(89)) - db6d3ca5-f12f-4d4c-aad8-4a2a4f640353: addNew group-5A1C3107B3ED:[db6d3ca5-f12f-4d4c-aad8-4a2a4f640353:192.168.36.79:39139] returns group-5A1C3107B3ED:java.util.concurrent.CompletableFuture@4a8794b0[Not completed]
2019-09-20 08:38:23,628 [pool-261-thread-1] INFO  impl.RaftServerImpl (RaftServerImpl.java:<init>(93)) - db6d3ca5-f12f-4d4c-aad8-4a2a4f640353: new RaftServerImpl for group-5A1C3107B3ED:[db6d3ca5-f12f-4d4c-aad8-4a2a4f640353:192.168.36.79:39139] with ContainerStateMachine:uninitialized
2019-09-20 08:38:23,628 [pool-261-thread-1] INFO  server.RaftServerConfigKeys (ConfUtils.java:logGet(43)) - raft.server.rpc.timeout.min = 5s (custom)
2019-09-20 08:38:23,629 [pool-261-thread-1] INFO  server.RaftServerConfigKeys (ConfUtils.java:logGet(43)) - raft.server.rpc.timeout.max = 5200ms (custom)
2019-09-20 08:38:23,629 [pool-261-thread-1] INFO  server.RaftServerConfigKeys (ConfUtils.java:logGet(43)) - raft.server.rpcslowness.timeout = 120s (custom)
2019-09-20 08:38:23,629 [pool-261-thread-1] INFO  server.RaftServerConfigKeys (ConfUtils.java:logGet(43)) - raft.server.sleep.deviation.threshold = 300 (default)
2019-09-20 08:38:23,629 [pool-261-thread-1] INFO  server.RaftServerConfigKeys (ConfUtils.java:logGet(43)) - raft.server.log.appender.install.snapshot.enabled = false (custom)
2019-09-20 08:38:23,629 [pool-261-thread-1] INFO  impl.RaftServerImpl (ServerState.java:<init>(105)) - db6d3ca5-f12f-4d4c-aad8-4a2a4f640353:group-5A1C3107B3ED ConfigurationManager, init=-1: [db6d3ca5-f12f-4d4c-aad8-4a2a4f640353:192.168.36.79:39139], old=null, confs=<EMPTY_MAP>
2019-09-20 08:38:23,629 [pool-261-thread-1] INFO  server.RaftServerConfigKeys (ConfUtils.java:logGet(43)) - raft.server.storage.dir = [/workdir/hadoop-ozone/ozonefs/target/test-dir/MiniOzoneClusterImpl-0e2437da-0aee-42ff-b383-10e9a9564f41/datanode-2/data/ratis] (custom)
2019-09-20 08:38:23,630 [pool-261-thread-1] INFO  storage.RaftStorageDirectory (RaftStorageDirectory.java:analyzeStorage(246)) - The storage directory /workdir/hadoop-ozone/ozonefs/target/test-dir/MiniOzoneClusterImpl-0e2437da-0aee-42ff-b383-10e9a9564f41/datanode-2/data/ratis/a1f8b82c-c873-495d-92dc-5a1c3107b3ed does not exist. Creating ...
2019-09-20 08:38:23,645 [pool-261-thread-1] INFO  storage.RaftStorageDirectory (RaftStorageDirectory.java:tryLock(328)) - Lock on /workdir/hadoop-ozone/ozonefs/target/test-dir/MiniOzoneClusterImpl-0e2437da-0aee-42ff-b383-10e9a9564f41/datanode-2/data/ratis/a1f8b82c-c873-495d-92dc-5a1c3107b3ed/in_use.lock acquired by nodename 25669@pr-hdds-1569-s8kj2-2266485376
2019-09-20 08:38:23,687 [pool-261-thread-1] INFO  storage.RaftStorage (RaftStorage.java:format(72)) - Storage directory /workdir/hadoop-ozone/ozonefs/target/test-dir/MiniOzoneClusterImpl-0e2437da-0aee-42ff-b383-10e9a9564f41/datanode-2/data/ratis/a1f8b82c-c873-495d-92dc-5a1c3107b3ed has been successfully formatted.
2019-09-20 08:38:23,687 [pool-261-thread-1] INFO  ratis.ContainerStateMachine (ContainerStateMachine.java:loadSnapshot(226)) - group-5A1C3107B3ED: The snapshot info is null. Setting the last applied indexto:(t:0, i:~)
2019-09-20 08:38:23,687 [pool-261-thread-1] INFO  server.RaftServerConfigKeys (ConfUtils.java:logGet(43)) - raft.server.leader.election.timeout = 120s (custom)
2019-09-20 08:38:23,688 [pool-261-thread-1] INFO  server.RaftServerConfigKeys (ConfUtils.java:logGet(43)) - raft.server.log.use.memory = false (default)
2019-09-20 08:38:23,688 [pool-261-thread-1] INFO  server.RaftServerConfigKeys (ConfUtils.java:logGet(43)) - raft.server.log.purge.gap = 1000000 (custom)
2019-09-20 08:38:23,688 [pool-261-thread-1] INFO  server.RaftServerConfigKeys (ConfUtils.java:logGet(43)) - raft.server.log.appender.buffer.byte-limit = 33554432 (custom)
2019-09-20 08:38:23,688 [pool-261-thread-1] INFO  server.RaftServerConfigKeys (ConfUtils.java:logGet(43)) - raft.server.log.segment.size.max = 1048576 (custom)
2019-09-20 08:38:23,688 [pool-261-thread-1] INFO  server.RaftServerConfigKeys (ConfUtils.java:logGet(43)) - raft.server.log.segment.cache.num.max = 2 (custom)
2019-09-20 08:38:23,688 [pool-261-thread-1] INFO  segmented.SegmentedRaftLogWorker (SegmentedRaftLogWorker.java:<init>(172)) - new db6d3ca5-f12f-4d4c-aad8-4a2a4f640353-SegmentedRaftLogWorker:Storage Directory /workdir/hadoop-ozone/ozonefs/target/test-dir/MiniOzoneClusterImpl-0e2437da-0aee-42ff-b383-10e9a9564f41/datanode-2/data/ratis/a1f8b82c-c873-495d-92dc-5a1c3107b3ed for RaftStorage:Storage Directory /workdir/hadoop-ozone/ozonefs/target/test-dir/MiniOzoneClusterImpl-0e2437da-0aee-42ff-b383-10e9a9564f41/datanode-2/data/ratis/a1f8b82c-c873-495d-92dc-5a1c3107b3ed
2019-09-20 08:38:23,688 [pool-261-thread-1] INFO  server.RaftServerConfigKeys (ConfUtils.java:logGet(43)) - raft.server.log.queue.byte-limit = 2147483647 (custom)
2019-09-20 08:38:23,689 [pool-261-thread-1] INFO  server.RaftServerConfigKeys (ConfUtils.java:logGet(43)) - raft.server.log.queue.element-limit = 1024 (custom)
2019-09-20 08:38:23,689 [pool-261-thread-1] INFO  server.RaftServerConfigKeys (ConfUtils.java:logGet(43)) - raft.server.log.segment.size.max = 1048576 (custom)
2019-09-20 08:38:23,689 [pool-261-thread-1] INFO  server.RaftServerConfigKeys (ConfUtils.java:logGet(43)) - raft.server.log.preallocated.size = 16384 (custom)
2019-09-20 08:38:23,689 [pool-261-thread-1] INFO  server.RaftServerConfigKeys (ConfUtils.java:logGet(43)) - raft.server.log.write.buffer.size = 33554432 (custom)
2019-09-20 08:38:23,689 [pool-261-thread-1] INFO  server.RaftServerConfigKeys (ConfUtils.java:logGet(43)) - raft.server.log.force.sync.num = 128 (default)
2019-09-20 08:38:23,689 [pool-261-thread-1] INFO  server.RaftServerConfigKeys (ConfUtils.java:logGet(43)) - raft.server.log.statemachine.data.sync = true (default)
2019-09-20 08:38:23,690 [pool-261-thread-1] INFO  server.RaftServerConfigKeys (ConfUtils.java:logGet(43)) - raft.server.log.statemachine.data.sync.timeout = 10s (default)
2019-09-20 08:38:23,690 [pool-261-thread-1] INFO  server.RaftServerConfigKeys (ConfUtils.java:logGet(43)) - raft.server.log.statemachine.data.sync.timeout.retry = -1 (default)
2019-09-20 08:38:23,690 [pool-261-thread-1] INFO  server.RaftServerConfigKeys (ConfUtils.java:logGet(43)) - raft.server.log.statemachine.data.caching.enabled = true (custom)
2019-09-20 08:38:23,690 [pool-261-thread-1] INFO  segmented.SegmentedRaftLogWorker (SegmentedRaftLogWorker.java:lambda$new$0(132)) - db6d3ca5-f12f-4d4c-aad8-4a2a4f640353-SegmentedRaftLogWorker:Storage Directory /workdir/hadoop-ozone/ozonefs/target/test-dir/MiniOzoneClusterImpl-0e2437da-0aee-42ff-b383-10e9a9564f41/datanode-2/data/ratis/a1f8b82c-c873-495d-92dc-5a1c3107b3ed: flushIndex: setUnconditionally 0 -> -1
2019-09-20 08:38:23,691 [pool-261-thread-1] INFO  server.RaftServerConfigKeys (ConfUtils.java:logGet(43)) - raft.server.snapshot.auto.trigger.enabled = true (custom)
2019-09-20 08:38:23,691 [pool-261-thread-1] INFO  server.RaftServerConfigKeys (ConfUtils.java:logGet(43)) - raft.server.snapshot.auto.trigger.threshold = 10000 (custom)
2019-09-20 08:38:23,691 [pool-261-thread-1] INFO  server.RaftServerConfigKeys (ConfUtils.java:logGet(43)) - raft.server.retrycache.expirytime = 600000ms (custom)
2019-09-20 08:38:23,691 [pool-261-thread-1] INFO  impl.RaftServerImpl (RaftServerImpl.java:start(180)) - db6d3ca5-f12f-4d4c-aad8-4a2a4f640353: start group-5A1C3107B3ED
2019-09-20 08:38:23,691 [pool-261-thread-1] INFO  impl.RaftServerImpl (RaftServerImpl.java:setRole(171)) - db6d3ca5-f12f-4d4c-aad8-4a2a4f640353:group-5A1C3107B3ED changes role from null to FOLLOWER at term 0 for startAsFollower
2019-09-20 08:38:23,691 [pool-261-thread-1] INFO  impl.RoleInfo (RoleInfo.java:updateAndGet(143)) - db6d3ca5-f12f-4d4c-aad8-4a2a4f640353: start FollowerState
2019-09-20 08:38:23,692 [pool-261-thread-1] INFO  util.JmxRegister (JmxRegister.java:tryRegister(44)) - Successfully registered JMX Bean with object name Ratis:service=RaftServer,group=group-5A1C3107B3ED,id=db6d3ca5-f12f-4d4c-aad8-4a2a4f640353
2019-09-20 08:38:23,694 [RatisPipelineUtilsThread] INFO  pipeline.PipelineStateManager (PipelineStateManager.java:addPipeline(56)) - Created pipeline Pipeline[ Id: a1f8b82c-c873-495d-92dc-5a1c3107b3ed, Nodes: db6d3ca5-f12f-4d4c-aad8-4a2a4f640353{ip: 192.168.36.79, host: pr-hdds-1569-s8kj2-2266485376, networkLocation: /default-rack, certSerialId: null}, Type:RATIS, Factor:ONE, State:OPEN]
2019-09-20 08:38:23,694 [RatisPipelineUtilsThread] INFO  pipeline.PipelinePlacementPolicy (PipelinePlacementPolicy.java:meetCriteria(91)) - Pipeline Placement: Doesn't meet the criteria to be viable node： 7e673b66-ddf6-4b97-a643-f59697fb3549 Heaviness: 6 limit: 5
2019-09-20 08:38:23,700 [grpc-default-executor-0] INFO  impl.RaftServerProxy (RaftServerProxy.java:addNew(89)) - 22464498-4bd3-4a74-88e5-a0fbe623bf0e: addNew group-D6C9E6C1C1BE:[22464498-4bd3-4a74-88e5-a0fbe623bf0e:192.168.36.79:46088] returns group-D6C9E6C1C1BE:java.util.concurrent.CompletableFuture@41498994[Not completed]
2019-09-20 08:38:23,700 [pool-250-thread-1] INFO  impl.RaftServerImpl (RaftServerImpl.java:<init>(93)) - 22464498-4bd3-4a74-88e5-a0fbe623bf0e: new RaftServerImpl for group-D6C9E6C1C1BE:[22464498-4bd3-4a74-88e5-a0fbe623bf0e:192.168.36.79:46088] with ContainerStateMachine:uninitialized
2019-09-20 08:38:23,700 [pool-250-thread-1] INFO  server.RaftServerConfigKeys (ConfUtils.java:logGet(43)) - raft.server.rpc.timeout.min = 5s (custom)
2019-09-20 08:38:23,701 [pool-250-thread-1] INFO  server.RaftServerConfigKeys (ConfUtils.java:logGet(43)) - raft.server.rpc.timeout.max = 5200ms (custom)
2019-09-20 08:38:23,701 [pool-250-thread-1] INFO  server.RaftServerConfigKeys (ConfUtils.java:logGet(43)) - raft.server.rpcslowness.timeout = 120s (custom)
2019-09-20 08:38:23,701 [pool-250-thread-1] INFO  server.RaftServerConfigKeys (ConfUtils.java:logGet(43)) - raft.server.sleep.deviation.threshold = 300 (default)
2019-09-20 08:38:23,701 [pool-250-thread-1] INFO  server.RaftServerConfigKeys (ConfUtils.java:logGet(43)) - raft.server.log.appender.install.snapshot.enabled = false (custom)
2019-09-20 08:38:23,701 [pool-250-thread-1] INFO  impl.RaftServerImpl (ServerState.java:<init>(105)) - 22464498-4bd3-4a74-88e5-a0fbe623bf0e:group-D6C9E6C1C1BE ConfigurationManager, init=-1: [22464498-4bd3-4a74-88e5-a0fbe623bf0e:192.168.36.79:46088], old=null, confs=<EMPTY_MAP>
2019-09-20 08:38:23,701 [pool-250-thread-1] INFO  server.RaftServerConfigKeys (ConfUtils.java:logGet(43)) - raft.server.storage.dir = [/workdir/hadoop-ozone/ozonefs/target/test-dir/MiniOzoneClusterImpl-0e2437da-0aee-42ff-b383-10e9a9564f41/datanode-1/data/ratis] (custom)
2019-09-20 08:38:23,701 [pool-250-thread-1] INFO  storage.RaftStorageDirectory (RaftStorageDirectory.java:analyzeStorage(246)) - The storage directory /workdir/hadoop-ozone/ozonefs/target/test-dir/MiniOzoneClusterImpl-0e2437da-0aee-42ff-b383-10e9a9564f41/datanode-1/data/ratis/92138eb0-e772-4fa1-8983-d6c9e6c1c1be does not exist. Creating ...
2019-09-20 08:38:23,721 [pool-250-thread-1] INFO  storage.RaftStorageDirectory (RaftStorageDirectory.java:tryLock(328)) - Lock on /workdir/hadoop-ozone/ozonefs/target/test-dir/MiniOzoneClusterImpl-0e2437da-0aee-42ff-b383-10e9a9564f41/datanode-1/data/ratis/92138eb0-e772-4fa1-8983-d6c9e6c1c1be/in_use.lock acquired by nodename 25669@pr-hdds-1569-s8kj2-2266485376
2019-09-20 08:38:23,738 [pool-250-thread-1] INFO  storage.RaftStorage (RaftStorage.java:format(72)) - Storage directory /workdir/hadoop-ozone/ozonefs/target/test-dir/MiniOzoneClusterImpl-0e2437da-0aee-42ff-b383-10e9a9564f41/datanode-1/data/ratis/92138eb0-e772-4fa1-8983-d6c9e6c1c1be has been successfully formatted.
2019-09-20 08:38:23,738 [pool-250-thread-1] INFO  ratis.ContainerStateMachine (ContainerStateMachine.java:loadSnapshot(226)) - group-D6C9E6C1C1BE: The snapshot info is null. Setting the last applied indexto:(t:0, i:~)
2019-09-20 08:38:23,738 [pool-250-thread-1] INFO  server.RaftServerConfigKeys (ConfUtils.java:logGet(43)) - raft.server.leader.election.timeout = 120s (custom)
2019-09-20 08:38:23,738 [pool-250-thread-1] INFO  server.RaftServerConfigKeys (ConfUtils.java:logGet(43)) - raft.server.log.use.memory = false (default)
2019-09-20 08:38:23,738 [pool-250-thread-1] INFO  server.RaftServerConfigKeys (ConfUtils.java:logGet(43)) - raft.server.log.purge.gap = 1000000 (custom)
2019-09-20 08:38:23,739 [pool-250-thread-1] INFO  server.RaftServerConfigKeys (ConfUtils.java:logGet(43)) - raft.server.log.appender.buffer.byte-limit = 33554432 (custom)
2019-09-20 08:38:23,739 [pool-250-thread-1] INFO  server.RaftServerConfigKeys (ConfUtils.java:logGet(43)) - raft.server.log.segment.size.max = 1048576 (custom)
2019-09-20 08:38:23,739 [pool-250-thread-1] INFO  server.RaftServerConfigKeys (ConfUtils.java:logGet(43)) - raft.server.log.segment.cache.num.max = 2 (custom)
2019-09-20 08:38:23,739 [pool-250-thread-1] INFO  segmented.SegmentedRaftLogWorker (SegmentedRaftLogWorker.java:<init>(172)) - new 22464498-4bd3-4a74-88e5-a0fbe623bf0e-SegmentedRaftLogWorker:Storage Directory /workdir/hadoop-ozone/ozonefs/target/test-dir/MiniOzoneClusterImpl-0e2437da-0aee-42ff-b383-10e9a9564f41/datanode-1/data/ratis/92138eb0-e772-4fa1-8983-d6c9e6c1c1be for RaftStorage:Storage Directory /workdir/hadoop-ozone/ozonefs/target/test-dir/MiniOzoneClusterImpl-0e2437da-0aee-42ff-b383-10e9a9564f41/datanode-1/data/ratis/92138eb0-e772-4fa1-8983-d6c9e6c1c1be
2019-09-20 08:38:23,739 [pool-250-thread-1] INFO  server.RaftServerConfigKeys (ConfUtils.java:logGet(43)) - raft.server.log.queue.byte-limit = 2147483647 (custom)
2019-09-20 08:38:23,739 [pool-250-thread-1] INFO  server.RaftServerConfigKeys (ConfUtils.java:logGet(43)) - raft.server.log.queue.element-limit = 1024 (custom)
2019-09-20 08:38:23,739 [pool-250-thread-1] INFO  server.RaftServerConfigKeys (ConfUtils.java:logGet(43)) - raft.server.log.segment.size.max = 1048576 (custom)
2019-09-20 08:38:23,740 [pool-250-thread-1] INFO  server.RaftServerConfigKeys (ConfUtils.java:logGet(43)) - raft.server.log.preallocated.size = 16384 (custom)
2019-09-20 08:38:23,740 [pool-250-thread-1] INFO  server.RaftServerConfigKeys (ConfUtils.java:logGet(43)) - raft.server.log.write.buffer.size = 33554432 (custom)
2019-09-20 08:38:23,740 [pool-250-thread-1] INFO  server.RaftServerConfigKeys (ConfUtils.java:logGet(43)) - raft.server.log.force.sync.num = 128 (default)
2019-09-20 08:38:23,740 [pool-250-thread-1] INFO  server.RaftServerConfigKeys (ConfUtils.java:logGet(43)) - raft.server.log.statemachine.data.sync = true (default)
2019-09-20 08:38:23,740 [pool-250-thread-1] INFO  server.RaftServerConfigKeys (ConfUtils.java:logGet(43)) - raft.server.log.statemachine.data.sync.timeout = 10s (default)
2019-09-20 08:38:23,740 [pool-250-thread-1] INFO  server.RaftServerConfigKeys (ConfUtils.java:logGet(43)) - raft.server.log.statemachine.data.sync.timeout.retry = -1 (default)
2019-09-20 08:38:23,740 [pool-250-thread-1] INFO  server.RaftServerConfigKeys (ConfUtils.java:logGet(43)) - raft.server.log.statemachine.data.caching.enabled = true (custom)
2019-09-20 08:38:23,741 [pool-250-thread-1] INFO  segmented.SegmentedRaftLogWorker (SegmentedRaftLogWorker.java:lambda$new$0(132)) - 22464498-4bd3-4a74-88e5-a0fbe623bf0e-SegmentedRaftLogWorker:Storage Directory /workdir/hadoop-ozone/ozonefs/target/test-dir/MiniOzoneClusterImpl-0e2437da-0aee-42ff-b383-10e9a9564f41/datanode-1/data/ratis/92138eb0-e772-4fa1-8983-d6c9e6c1c1be: flushIndex: setUnconditionally 0 -> -1
2019-09-20 08:38:23,741 [pool-250-thread-1] INFO  server.RaftServerConfigKeys (ConfUtils.java:logGet(43)) - raft.server.snapshot.auto.trigger.enabled = true (custom)
2019-09-20 08:38:23,741 [pool-250-thread-1] INFO  server.RaftServerConfigKeys (ConfUtils.java:logGet(43)) - raft.server.snapshot.auto.trigger.threshold = 10000 (custom)
2019-09-20 08:38:23,741 [pool-250-thread-1] INFO  server.RaftServerConfigKeys (ConfUtils.java:logGet(43)) - raft.server.retrycache.expirytime = 600000ms (custom)
2019-09-20 08:38:23,742 [pool-250-thread-1] INFO  impl.RaftServerImpl (RaftServerImpl.java:start(180)) - 22464498-4bd3-4a74-88e5-a0fbe623bf0e: start group-D6C9E6C1C1BE
2019-09-20 08:38:23,742 [pool-250-thread-1] INFO  impl.RaftServerImpl (RaftServerImpl.java:setRole(171)) - 22464498-4bd3-4a74-88e5-a0fbe623bf0e:group-D6C9E6C1C1BE changes role from null to FOLLOWER at term 0 for startAsFollower
2019-09-20 08:38:23,742 [pool-250-thread-1] INFO  impl.RoleInfo (RoleInfo.java:updateAndGet(143)) - 22464498-4bd3-4a74-88e5-a0fbe623bf0e: start FollowerState
2019-09-20 08:38:23,742 [pool-250-thread-1] INFO  util.JmxRegister (JmxRegister.java:tryRegister(44)) - Successfully registered JMX Bean with object name Ratis:service=RaftServer,group=group-D6C9E6C1C1BE,id=22464498-4bd3-4a74-88e5-a0fbe623bf0e
2019-09-20 08:38:23,745 [RatisPipelineUtilsThread] INFO  pipeline.PipelineStateManager (PipelineStateManager.java:addPipeline(56)) - Created pipeline Pipeline[ Id: 92138eb0-e772-4fa1-8983-d6c9e6c1c1be, Nodes: 22464498-4bd3-4a74-88e5-a0fbe623bf0e{ip: 192.168.36.79, host: pr-hdds-1569-s8kj2-2266485376, networkLocation: /default-rack, certSerialId: null}, Type:RATIS, Factor:ONE, State:OPEN]
2019-09-20 08:38:23,745 [RatisPipelineUtilsThread] INFO  pipeline.PipelinePlacementPolicy (PipelinePlacementPolicy.java:meetCriteria(91)) - Pipeline Placement: Doesn't meet the criteria to be viable node： 7e673b66-ddf6-4b97-a643-f59697fb3549 Heaviness: 6 limit: 5
2019-09-20 08:38:23,750 [grpc-default-executor-0] INFO  impl.RaftServerProxy (RaftServerProxy.java:addNew(89)) - 22464498-4bd3-4a74-88e5-a0fbe623bf0e: addNew group-9CDE048D2320:[22464498-4bd3-4a74-88e5-a0fbe623bf0e:192.168.36.79:46088] returns group-9CDE048D2320:java.util.concurrent.CompletableFuture@702f224f[Not completed]
2019-09-20 08:38:23,751 [pool-250-thread-1] INFO  impl.RaftServerImpl (RaftServerImpl.java:<init>(93)) - 22464498-4bd3-4a74-88e5-a0fbe623bf0e: new RaftServerImpl for group-9CDE048D2320:[22464498-4bd3-4a74-88e5-a0fbe623bf0e:192.168.36.79:46088] with ContainerStateMachine:uninitialized
2019-09-20 08:38:23,751 [pool-250-thread-1] INFO  server.RaftServerConfigKeys (ConfUtils.java:logGet(43)) - raft.server.rpc.timeout.min = 5s (custom)
2019-09-20 08:38:23,751 [pool-250-thread-1] INFO  server.RaftServerConfigKeys (ConfUtils.java:logGet(43)) - raft.server.rpc.timeout.max = 5200ms (custom)
2019-09-20 08:38:23,751 [pool-250-thread-1] INFO  server.RaftServerConfigKeys (ConfUtils.java:logGet(43)) - raft.server.rpcslowness.timeout = 120s (custom)
2019-09-20 08:38:23,751 [pool-250-thread-1] INFO  server.RaftServerConfigKeys (ConfUtils.java:logGet(43)) - raft.server.sleep.deviation.threshold = 300 (default)
2019-09-20 08:38:23,752 [pool-250-thread-1] INFO  server.RaftServerConfigKeys (ConfUtils.java:logGet(43)) - raft.server.log.appender.install.snapshot.enabled = false (custom)
2019-09-20 08:38:23,752 [pool-250-thread-1] INFO  impl.RaftServerImpl (ServerState.java:<init>(105)) - 22464498-4bd3-4a74-88e5-a0fbe623bf0e:group-9CDE048D2320 ConfigurationManager, init=-1: [22464498-4bd3-4a74-88e5-a0fbe623bf0e:192.168.36.79:46088], old=null, confs=<EMPTY_MAP>
2019-09-20 08:38:23,752 [pool-250-thread-1] INFO  server.RaftServerConfigKeys (ConfUtils.java:logGet(43)) - raft.server.storage.dir = [/workdir/hadoop-ozone/ozonefs/target/test-dir/MiniOzoneClusterImpl-0e2437da-0aee-42ff-b383-10e9a9564f41/datanode-1/data/ratis] (custom)
2019-09-20 08:38:23,752 [pool-250-thread-1] INFO  storage.RaftStorageDirectory (RaftStorageDirectory.java:analyzeStorage(246)) - The storage directory /workdir/hadoop-ozone/ozonefs/target/test-dir/MiniOzoneClusterImpl-0e2437da-0aee-42ff-b383-10e9a9564f41/datanode-1/data/ratis/8d938333-270c-4520-89f6-9cde048d2320 does not exist. Creating ...
2019-09-20 08:38:23,771 [pool-250-thread-1] INFO  storage.RaftStorageDirectory (RaftStorageDirectory.java:tryLock(328)) - Lock on /workdir/hadoop-ozone/ozonefs/target/test-dir/MiniOzoneClusterImpl-0e2437da-0aee-42ff-b383-10e9a9564f41/datanode-1/data/ratis/8d938333-270c-4520-89f6-9cde048d2320/in_use.lock acquired by nodename 25669@pr-hdds-1569-s8kj2-2266485376
2019-09-20 08:38:23,797 [pool-250-thread-1] INFO  storage.RaftStorage (RaftStorage.java:format(72)) - Storage directory /workdir/hadoop-ozone/ozonefs/target/test-dir/MiniOzoneClusterImpl-0e2437da-0aee-42ff-b383-10e9a9564f41/datanode-1/data/ratis/8d938333-270c-4520-89f6-9cde048d2320 has been successfully formatted.
2019-09-20 08:38:23,797 [pool-250-thread-1] INFO  ratis.ContainerStateMachine (ContainerStateMachine.java:loadSnapshot(226)) - group-9CDE048D2320: The snapshot info is null. Setting the last applied indexto:(t:0, i:~)
2019-09-20 08:38:23,797 [pool-250-thread-1] INFO  server.RaftServerConfigKeys (ConfUtils.java:logGet(43)) - raft.server.leader.election.timeout = 120s (custom)
2019-09-20 08:38:23,798 [pool-250-thread-1] INFO  server.RaftServerConfigKeys (ConfUtils.java:logGet(43)) - raft.server.log.use.memory = false (default)
2019-09-20 08:38:23,798 [pool-250-thread-1] INFO  server.RaftServerConfigKeys (ConfUtils.java:logGet(43)) - raft.server.log.purge.gap = 1000000 (custom)
2019-09-20 08:38:23,798 [pool-250-thread-1] INFO  server.RaftServerConfigKeys (ConfUtils.java:logGet(43)) - raft.server.log.appender.buffer.byte-limit = 33554432 (custom)
2019-09-20 08:38:23,798 [pool-250-thread-1] INFO  server.RaftServerConfigKeys (ConfUtils.java:logGet(43)) - raft.server.log.segment.size.max = 1048576 (custom)
2019-09-20 08:38:23,798 [pool-250-thread-1] INFO  server.RaftServerConfigKeys (ConfUtils.java:logGet(43)) - raft.server.log.segment.cache.num.max = 2 (custom)
2019-09-20 08:38:23,798 [pool-250-thread-1] INFO  segmented.SegmentedRaftLogWorker (SegmentedRaftLogWorker.java:<init>(172)) - new 22464498-4bd3-4a74-88e5-a0fbe623bf0e-SegmentedRaftLogWorker:Storage Directory /workdir/hadoop-ozone/ozonefs/target/test-dir/MiniOzoneClusterImpl-0e2437da-0aee-42ff-b383-10e9a9564f41/datanode-1/data/ratis/8d938333-270c-4520-89f6-9cde048d2320 for RaftStorage:Storage Directory /workdir/hadoop-ozone/ozonefs/target/test-dir/MiniOzoneClusterImpl-0e2437da-0aee-42ff-b383-10e9a9564f41/datanode-1/data/ratis/8d938333-270c-4520-89f6-9cde048d2320
2019-09-20 08:38:23,799 [pool-250-thread-1] INFO  server.RaftServerConfigKeys (ConfUtils.java:logGet(43)) - raft.server.log.queue.byte-limit = 2147483647 (custom)
2019-09-20 08:38:23,799 [pool-250-thread-1] INFO  server.RaftServerConfigKeys (ConfUtils.java:logGet(43)) - raft.server.log.queue.element-limit = 1024 (custom)
2019-09-20 08:38:23,799 [pool-250-thread-1] INFO  server.RaftServerConfigKeys (ConfUtils.java:logGet(43)) - raft.server.log.segment.size.max = 1048576 (custom)
2019-09-20 08:38:23,799 [pool-250-thread-1] INFO  server.RaftServerConfigKeys (ConfUtils.java:logGet(43)) - raft.server.log.preallocated.size = 16384 (custom)
2019-09-20 08:38:23,799 [pool-250-thread-1] INFO  server.RaftServerConfigKeys (ConfUtils.java:logGet(43)) - raft.server.log.write.buffer.size = 33554432 (custom)
2019-09-20 08:38:23,799 [pool-250-thread-1] INFO  server.RaftServerConfigKeys (ConfUtils.java:logGet(43)) - raft.server.log.force.sync.num = 128 (default)
2019-09-20 08:38:23,799 [pool-250-thread-1] INFO  server.RaftServerConfigKeys (ConfUtils.java:logGet(43)) - raft.server.log.statemachine.data.sync = true (default)
2019-09-20 08:38:23,800 [pool-250-thread-1] INFO  server.RaftServerConfigKeys (ConfUtils.java:logGet(43)) - raft.server.log.statemachine.data.sync.timeout = 10s (default)
2019-09-20 08:38:23,800 [pool-250-thread-1] INFO  server.RaftServerConfigKeys (ConfUtils.java:logGet(43)) - raft.server.log.statemachine.data.sync.timeout.retry = -1 (default)
2019-09-20 08:38:23,800 [pool-250-thread-1] INFO  server.RaftServerConfigKeys (ConfUtils.java:logGet(43)) - raft.server.log.statemachine.data.caching.enabled = true (custom)
2019-09-20 08:38:23,800 [pool-250-thread-1] INFO  segmented.SegmentedRaftLogWorker (SegmentedRaftLogWorker.java:lambda$new$0(132)) - 22464498-4bd3-4a74-88e5-a0fbe623bf0e-SegmentedRaftLogWorker:Storage Directory /workdir/hadoop-ozone/ozonefs/target/test-dir/MiniOzoneClusterImpl-0e2437da-0aee-42ff-b383-10e9a9564f41/datanode-1/data/ratis/8d938333-270c-4520-89f6-9cde048d2320: flushIndex: setUnconditionally 0 -> -1
2019-09-20 08:38:23,801 [pool-250-thread-1] INFO  server.RaftServerConfigKeys (ConfUtils.java:logGet(43)) - raft.server.snapshot.auto.trigger.enabled = true (custom)
2019-09-20 08:38:23,801 [pool-250-thread-1] INFO  server.RaftServerConfigKeys (ConfUtils.java:logGet(43)) - raft.server.snapshot.auto.trigger.threshold = 10000 (custom)
2019-09-20 08:38:23,801 [pool-250-thread-1] INFO  server.RaftServerConfigKeys (ConfUtils.java:logGet(43)) - raft.server.retrycache.expirytime = 600000ms (custom)
2019-09-20 08:38:23,801 [pool-250-thread-1] INFO  impl.RaftServerImpl (RaftServerImpl.java:start(180)) - 22464498-4bd3-4a74-88e5-a0fbe623bf0e: start group-9CDE048D2320
2019-09-20 08:38:23,801 [pool-250-thread-1] INFO  impl.RaftServerImpl (RaftServerImpl.java:setRole(171)) - 22464498-4bd3-4a74-88e5-a0fbe623bf0e:group-9CDE048D2320 changes role from null to FOLLOWER at term 0 for startAsFollower
2019-09-20 08:38:23,801 [pool-250-thread-1] INFO  impl.RoleInfo (RoleInfo.java:updateAndGet(143)) - 22464498-4bd3-4a74-88e5-a0fbe623bf0e: start FollowerState
2019-09-20 08:38:23,802 [pool-250-thread-1] INFO  util.JmxRegister (JmxRegister.java:tryRegister(44)) - Successfully registered JMX Bean with object name Ratis:service=RaftServer,group=group-9CDE048D2320,id=22464498-4bd3-4a74-88e5-a0fbe623bf0e
2019-09-20 08:38:23,804 [RatisPipelineUtilsThread] INFO  pipeline.PipelineStateManager (PipelineStateManager.java:addPipeline(56)) - Created pipeline Pipeline[ Id: 8d938333-270c-4520-89f6-9cde048d2320, Nodes: 22464498-4bd3-4a74-88e5-a0fbe623bf0e{ip: 192.168.36.79, host: pr-hdds-1569-s8kj2-2266485376, networkLocation: /default-rack, certSerialId: null}, Type:RATIS, Factor:ONE, State:OPEN]
2019-09-20 08:38:23,805 [RatisPipelineUtilsThread] INFO  pipeline.PipelinePlacementPolicy (PipelinePlacementPolicy.java:meetCriteria(91)) - Pipeline Placement: Doesn't meet the criteria to be viable node： 7e673b66-ddf6-4b97-a643-f59697fb3549 Heaviness: 6 limit: 5
2019-09-20 08:38:23,805 [RatisPipelineUtilsThread] INFO  pipeline.PipelinePlacementPolicy (PipelinePlacementPolicy.java:meetCriteria(91)) - Pipeline Placement: Doesn't meet the criteria to be viable node： 22464498-4bd3-4a74-88e5-a0fbe623bf0e Heaviness: 6 limit: 5
2019-09-20 08:38:23,811 [grpc-default-executor-0] INFO  impl.RaftServerProxy (RaftServerProxy.java:addNew(89)) - db6d3ca5-f12f-4d4c-aad8-4a2a4f640353: addNew group-FC8E4D2C2148:[db6d3ca5-f12f-4d4c-aad8-4a2a4f640353:192.168.36.79:39139] returns group-FC8E4D2C2148:java.util.concurrent.CompletableFuture@7fb7f49f[Not completed]
2019-09-20 08:38:23,812 [pool-261-thread-1] INFO  impl.RaftServerImpl (RaftServerImpl.java:<init>(93)) - db6d3ca5-f12f-4d4c-aad8-4a2a4f640353: new RaftServerImpl for group-FC8E4D2C2148:[db6d3ca5-f12f-4d4c-aad8-4a2a4f640353:192.168.36.79:39139] with ContainerStateMachine:uninitialized
2019-09-20 08:38:23,812 [pool-261-thread-1] INFO  server.RaftServerConfigKeys (ConfUtils.java:logGet(43)) - raft.server.rpc.timeout.min = 5s (custom)
2019-09-20 08:38:23,812 [pool-261-thread-1] INFO  server.RaftServerConfigKeys (ConfUtils.java:logGet(43)) - raft.server.rpc.timeout.max = 5200ms (custom)
2019-09-20 08:38:23,812 [pool-261-thread-1] INFO  server.RaftServerConfigKeys (ConfUtils.java:logGet(43)) - raft.server.rpcslowness.timeout = 120s (custom)
2019-09-20 08:38:23,812 [pool-261-thread-1] INFO  server.RaftServerConfigKeys (ConfUtils.java:logGet(43)) - raft.server.sleep.deviation.threshold = 300 (default)
2019-09-20 08:38:23,813 [pool-261-thread-1] INFO  server.RaftServerConfigKeys (ConfUtils.java:logGet(43)) - raft.server.log.appender.install.snapshot.enabled = false (custom)
2019-09-20 08:38:23,813 [pool-261-thread-1] INFO  impl.RaftServerImpl (ServerState.java:<init>(105)) - db6d3ca5-f12f-4d4c-aad8-4a2a4f640353:group-FC8E4D2C2148 ConfigurationManager, init=-1: [db6d3ca5-f12f-4d4c-aad8-4a2a4f640353:192.168.36.79:39139], old=null, confs=<EMPTY_MAP>
2019-09-20 08:38:23,813 [pool-261-thread-1] INFO  server.RaftServerConfigKeys (ConfUtils.java:logGet(43)) - raft.server.storage.dir = [/workdir/hadoop-ozone/ozonefs/target/test-dir/MiniOzoneClusterImpl-0e2437da-0aee-42ff-b383-10e9a9564f41/datanode-2/data/ratis] (custom)
2019-09-20 08:38:23,813 [pool-261-thread-1] INFO  storage.RaftStorageDirectory (RaftStorageDirectory.java:analyzeStorage(246)) - The storage directory /workdir/hadoop-ozone/ozonefs/target/test-dir/MiniOzoneClusterImpl-0e2437da-0aee-42ff-b383-10e9a9564f41/datanode-2/data/ratis/02d24ccf-2328-4f7d-89ea-fc8e4d2c2148 does not exist. Creating ...
2019-09-20 08:38:23,831 [pool-261-thread-1] INFO  storage.RaftStorageDirectory (RaftStorageDirectory.java:tryLock(328)) - Lock on /workdir/hadoop-ozone/ozonefs/target/test-dir/MiniOzoneClusterImpl-0e2437da-0aee-42ff-b383-10e9a9564f41/datanode-2/data/ratis/02d24ccf-2328-4f7d-89ea-fc8e4d2c2148/in_use.lock acquired by nodename 25669@pr-hdds-1569-s8kj2-2266485376
2019-09-20 08:38:23,864 [pool-261-thread-1] INFO  storage.RaftStorage (RaftStorage.java:format(72)) - Storage directory /workdir/hadoop-ozone/ozonefs/target/test-dir/MiniOzoneClusterImpl-0e2437da-0aee-42ff-b383-10e9a9564f41/datanode-2/data/ratis/02d24ccf-2328-4f7d-89ea-fc8e4d2c2148 has been successfully formatted.
2019-09-20 08:38:23,865 [pool-261-thread-1] INFO  ratis.ContainerStateMachine (ContainerStateMachine.java:loadSnapshot(226)) - group-FC8E4D2C2148: The snapshot info is null. Setting the last applied indexto:(t:0, i:~)
2019-09-20 08:38:23,865 [pool-261-thread-1] INFO  server.RaftServerConfigKeys (ConfUtils.java:logGet(43)) - raft.server.leader.election.timeout = 120s (custom)
2019-09-20 08:38:23,865 [pool-261-thread-1] INFO  server.RaftServerConfigKeys (ConfUtils.java:logGet(43)) - raft.server.log.use.memory = false (default)
2019-09-20 08:38:23,865 [pool-261-thread-1] INFO  server.RaftServerConfigKeys (ConfUtils.java:logGet(43)) - raft.server.log.purge.gap = 1000000 (custom)
2019-09-20 08:38:23,865 [pool-261-thread-1] INFO  server.RaftServerConfigKeys (ConfUtils.java:logGet(43)) - raft.server.log.appender.buffer.byte-limit = 33554432 (custom)
2019-09-20 08:38:23,865 [pool-261-thread-1] INFO  server.RaftServerConfigKeys (ConfUtils.java:logGet(43)) - raft.server.log.segment.size.max = 1048576 (custom)
2019-09-20 08:38:23,866 [pool-261-thread-1] INFO  server.RaftServerConfigKeys (ConfUtils.java:logGet(43)) - raft.server.log.segment.cache.num.max = 2 (custom)
2019-09-20 08:38:23,866 [pool-261-thread-1] INFO  segmented.SegmentedRaftLogWorker (SegmentedRaftLogWorker.java:<init>(172)) - new db6d3ca5-f12f-4d4c-aad8-4a2a4f640353-SegmentedRaftLogWorker:Storage Directory /workdir/hadoop-ozone/ozonefs/target/test-dir/MiniOzoneClusterImpl-0e2437da-0aee-42ff-b383-10e9a9564f41/datanode-2/data/ratis/02d24ccf-2328-4f7d-89ea-fc8e4d2c2148 for RaftStorage:Storage Directory /workdir/hadoop-ozone/ozonefs/target/test-dir/MiniOzoneClusterImpl-0e2437da-0aee-42ff-b383-10e9a9564f41/datanode-2/data/ratis/02d24ccf-2328-4f7d-89ea-fc8e4d2c2148
2019-09-20 08:38:23,866 [pool-261-thread-1] INFO  server.RaftServerConfigKeys (ConfUtils.java:logGet(43)) - raft.server.log.queue.byte-limit = 2147483647 (custom)
2019-09-20 08:38:23,866 [pool-261-thread-1] INFO  server.RaftServerConfigKeys (ConfUtils.java:logGet(43)) - raft.server.log.queue.element-limit = 1024 (custom)
2019-09-20 08:38:23,866 [pool-261-thread-1] INFO  server.RaftServerConfigKeys (ConfUtils.java:logGet(43)) - raft.server.log.segment.size.max = 1048576 (custom)
2019-09-20 08:38:23,866 [pool-261-thread-1] INFO  server.RaftServerConfigKeys (ConfUtils.java:logGet(43)) - raft.server.log.preallocated.size = 16384 (custom)
2019-09-20 08:38:23,867 [pool-261-thread-1] INFO  server.RaftServerConfigKeys (ConfUtils.java:logGet(43)) - raft.server.log.write.buffer.size = 33554432 (custom)
2019-09-20 08:38:23,867 [pool-261-thread-1] INFO  server.RaftServerConfigKeys (ConfUtils.java:logGet(43)) - raft.server.log.force.sync.num = 128 (default)
2019-09-20 08:38:23,867 [pool-261-thread-1] INFO  server.RaftServerConfigKeys (ConfUtils.java:logGet(43)) - raft.server.log.statemachine.data.sync = true (default)
2019-09-20 08:38:23,867 [pool-261-thread-1] INFO  server.RaftServerConfigKeys (ConfUtils.java:logGet(43)) - raft.server.log.statemachine.data.sync.timeout = 10s (default)
2019-09-20 08:38:23,867 [pool-261-thread-1] INFO  server.RaftServerConfigKeys (ConfUtils.java:logGet(43)) - raft.server.log.statemachine.data.sync.timeout.retry = -1 (default)
2019-09-20 08:38:23,867 [pool-261-thread-1] INFO  server.RaftServerConfigKeys (ConfUtils.java:logGet(43)) - raft.server.log.statemachine.data.caching.enabled = true (custom)
2019-09-20 08:38:23,868 [pool-261-thread-1] INFO  segmented.SegmentedRaftLogWorker (SegmentedRaftLogWorker.java:lambda$new$0(132)) - db6d3ca5-f12f-4d4c-aad8-4a2a4f640353-SegmentedRaftLogWorker:Storage Directory /workdir/hadoop-ozone/ozonefs/target/test-dir/MiniOzoneClusterImpl-0e2437da-0aee-42ff-b383-10e9a9564f41/datanode-2/data/ratis/02d24ccf-2328-4f7d-89ea-fc8e4d2c2148: flushIndex: setUnconditionally 0 -> -1
2019-09-20 08:38:23,868 [pool-261-thread-1] INFO  server.RaftServerConfigKeys (ConfUtils.java:logGet(43)) - raft.server.snapshot.auto.trigger.enabled = true (custom)
2019-09-20 08:38:23,868 [pool-261-thread-1] INFO  server.RaftServerConfigKeys (ConfUtils.java:logGet(43)) - raft.server.snapshot.auto.trigger.threshold = 10000 (custom)
2019-09-20 08:38:23,869 [pool-261-thread-1] INFO  server.RaftServerConfigKeys (ConfUtils.java:logGet(43)) - raft.server.retrycache.expirytime = 600000ms (custom)
2019-09-20 08:38:23,869 [pool-261-thread-1] INFO  impl.RaftServerImpl (RaftServerImpl.java:start(180)) - db6d3ca5-f12f-4d4c-aad8-4a2a4f640353: start group-FC8E4D2C2148
2019-09-20 08:38:23,869 [pool-261-thread-1] INFO  impl.RaftServerImpl (RaftServerImpl.java:setRole(171)) - db6d3ca5-f12f-4d4c-aad8-4a2a4f640353:group-FC8E4D2C2148 changes role from null to FOLLOWER at term 0 for startAsFollower
2019-09-20 08:38:23,869 [pool-261-thread-1] INFO  impl.RoleInfo (RoleInfo.java:updateAndGet(143)) - db6d3ca5-f12f-4d4c-aad8-4a2a4f640353: start FollowerState
2019-09-20 08:38:23,869 [pool-261-thread-1] INFO  util.JmxRegister (JmxRegister.java:tryRegister(44)) - Successfully registered JMX Bean with object name Ratis:service=RaftServer,group=group-FC8E4D2C2148,id=db6d3ca5-f12f-4d4c-aad8-4a2a4f640353
2019-09-20 08:38:23,872 [RatisPipelineUtilsThread] INFO  pipeline.PipelineStateManager (PipelineStateManager.java:addPipeline(56)) - Created pipeline Pipeline[ Id: 02d24ccf-2328-4f7d-89ea-fc8e4d2c2148, Nodes: db6d3ca5-f12f-4d4c-aad8-4a2a4f640353{ip: 192.168.36.79, host: pr-hdds-1569-s8kj2-2266485376, networkLocation: /default-rack, certSerialId: null}, Type:RATIS, Factor:ONE, State:OPEN]
2019-09-20 08:38:23,872 [RatisPipelineUtilsThread] INFO  pipeline.PipelinePlacementPolicy (PipelinePlacementPolicy.java:meetCriteria(91)) - Pipeline Placement: Doesn't meet the criteria to be viable node： 7e673b66-ddf6-4b97-a643-f59697fb3549 Heaviness: 6 limit: 5
2019-09-20 08:38:23,873 [RatisPipelineUtilsThread] INFO  pipeline.PipelinePlacementPolicy (PipelinePlacementPolicy.java:meetCriteria(91)) - Pipeline Placement: Doesn't meet the criteria to be viable node： 22464498-4bd3-4a74-88e5-a0fbe623bf0e Heaviness: 6 limit: 5
2019-09-20 08:38:23,878 [grpc-default-executor-0] INFO  impl.RaftServerProxy (RaftServerProxy.java:addNew(89)) - db6d3ca5-f12f-4d4c-aad8-4a2a4f640353: addNew group-050F044AE1BE:[db6d3ca5-f12f-4d4c-aad8-4a2a4f640353:192.168.36.79:39139] returns group-050F044AE1BE:java.util.concurrent.CompletableFuture@2807e6ca[Not completed]
2019-09-20 08:38:23,879 [pool-261-thread-1] INFO  impl.RaftServerImpl (RaftServerImpl.java:<init>(93)) - db6d3ca5-f12f-4d4c-aad8-4a2a4f640353: new RaftServerImpl for group-050F044AE1BE:[db6d3ca5-f12f-4d4c-aad8-4a2a4f640353:192.168.36.79:39139] with ContainerStateMachine:uninitialized
2019-09-20 08:38:23,879 [pool-261-thread-1] INFO  server.RaftServerConfigKeys (ConfUtils.java:logGet(43)) - raft.server.rpc.timeout.min = 5s (custom)
2019-09-20 08:38:23,879 [pool-261-thread-1] INFO  server.RaftServerConfigKeys (ConfUtils.java:logGet(43)) - raft.server.rpc.timeout.max = 5200ms (custom)
2019-09-20 08:38:23,879 [pool-261-thread-1] INFO  server.RaftServerConfigKeys (ConfUtils.java:logGet(43)) - raft.server.rpcslowness.timeout = 120s (custom)
2019-09-20 08:38:23,879 [pool-261-thread-1] INFO  server.RaftServerConfigKeys (ConfUtils.java:logGet(43)) - raft.server.sleep.deviation.threshold = 300 (default)
2019-09-20 08:38:23,879 [pool-261-thread-1] INFO  server.RaftServerConfigKeys (ConfUtils.java:logGet(43)) - raft.server.log.appender.install.snapshot.enabled = false (custom)
2019-09-20 08:38:23,880 [pool-261-thread-1] INFO  impl.RaftServerImpl (ServerState.java:<init>(105)) - db6d3ca5-f12f-4d4c-aad8-4a2a4f640353:group-050F044AE1BE ConfigurationManager, init=-1: [db6d3ca5-f12f-4d4c-aad8-4a2a4f640353:192.168.36.79:39139], old=null, confs=<EMPTY_MAP>
2019-09-20 08:38:23,880 [pool-261-thread-1] INFO  server.RaftServerConfigKeys (ConfUtils.java:logGet(43)) - raft.server.storage.dir = [/workdir/hadoop-ozone/ozonefs/target/test-dir/MiniOzoneClusterImpl-0e2437da-0aee-42ff-b383-10e9a9564f41/datanode-2/data/ratis] (custom)
2019-09-20 08:38:23,880 [pool-261-thread-1] INFO  storage.RaftStorageDirectory (RaftStorageDirectory.java:analyzeStorage(246)) - The storage directory /workdir/hadoop-ozone/ozonefs/target/test-dir/MiniOzoneClusterImpl-0e2437da-0aee-42ff-b383-10e9a9564f41/datanode-2/data/ratis/09bf9283-62ef-469e-b45e-050f044ae1be does not exist. Creating ...
2019-09-20 08:38:23,898 [pool-261-thread-1] INFO  storage.RaftStorageDirectory (RaftStorageDirectory.java:tryLock(328)) - Lock on /workdir/hadoop-ozone/ozonefs/target/test-dir/MiniOzoneClusterImpl-0e2437da-0aee-42ff-b383-10e9a9564f41/datanode-2/data/ratis/09bf9283-62ef-469e-b45e-050f044ae1be/in_use.lock acquired by nodename 25669@pr-hdds-1569-s8kj2-2266485376
2019-09-20 08:38:23,915 [pool-261-thread-1] INFO  storage.RaftStorage (RaftStorage.java:format(72)) - Storage directory /workdir/hadoop-ozone/ozonefs/target/test-dir/MiniOzoneClusterImpl-0e2437da-0aee-42ff-b383-10e9a9564f41/datanode-2/data/ratis/09bf9283-62ef-469e-b45e-050f044ae1be has been successfully formatted.
2019-09-20 08:38:23,915 [pool-261-thread-1] INFO  ratis.ContainerStateMachine (ContainerStateMachine.java:loadSnapshot(226)) - group-050F044AE1BE: The snapshot info is null. Setting the last applied indexto:(t:0, i:~)
2019-09-20 08:38:23,915 [pool-261-thread-1] INFO  server.RaftServerConfigKeys (ConfUtils.java:logGet(43)) - raft.server.leader.election.timeout = 120s (custom)
2019-09-20 08:38:23,916 [pool-261-thread-1] INFO  server.RaftServerConfigKeys (ConfUtils.java:logGet(43)) - raft.server.log.use.memory = false (default)
2019-09-20 08:38:23,916 [pool-261-thread-1] INFO  server.RaftServerConfigKeys (ConfUtils.java:logGet(43)) - raft.server.log.purge.gap = 1000000 (custom)
2019-09-20 08:38:23,916 [pool-261-thread-1] INFO  server.RaftServerConfigKeys (ConfUtils.java:logGet(43)) - raft.server.log.appender.buffer.byte-limit = 33554432 (custom)
2019-09-20 08:38:23,916 [pool-261-thread-1] INFO  server.RaftServerConfigKeys (ConfUtils.java:logGet(43)) - raft.server.log.segment.size.max = 1048576 (custom)
2019-09-20 08:38:23,916 [pool-261-thread-1] INFO  server.RaftServerConfigKeys (ConfUtils.java:logGet(43)) - raft.server.log.segment.cache.num.max = 2 (custom)
2019-09-20 08:38:23,916 [pool-261-thread-1] INFO  segmented.SegmentedRaftLogWorker (SegmentedRaftLogWorker.java:<init>(172)) - new db6d3ca5-f12f-4d4c-aad8-4a2a4f640353-SegmentedRaftLogWorker:Storage Directory /workdir/hadoop-ozone/ozonefs/target/test-dir/MiniOzoneClusterImpl-0e2437da-0aee-42ff-b383-10e9a9564f41/datanode-2/data/ratis/09bf9283-62ef-469e-b45e-050f044ae1be for RaftStorage:Storage Directory /workdir/hadoop-ozone/ozonefs/target/test-dir/MiniOzoneClusterImpl-0e2437da-0aee-42ff-b383-10e9a9564f41/datanode-2/data/ratis/09bf9283-62ef-469e-b45e-050f044ae1be
2019-09-20 08:38:23,917 [pool-261-thread-1] INFO  server.RaftServerConfigKeys (ConfUtils.java:logGet(43)) - raft.server.log.queue.byte-limit = 2147483647 (custom)
2019-09-20 08:38:23,917 [pool-261-thread-1] INFO  server.RaftServerConfigKeys (ConfUtils.java:logGet(43)) - raft.server.log.queue.element-limit = 1024 (custom)
2019-09-20 08:38:23,917 [pool-261-thread-1] INFO  server.RaftServerConfigKeys (ConfUtils.java:logGet(43)) - raft.server.log.segment.size.max = 1048576 (custom)
2019-09-20 08:38:23,917 [pool-261-thread-1] INFO  server.RaftServerConfigKeys (ConfUtils.java:logGet(43)) - raft.server.log.preallocated.size = 16384 (custom)
2019-09-20 08:38:23,917 [pool-261-thread-1] INFO  server.RaftServerConfigKeys (ConfUtils.java:logGet(43)) - raft.server.log.write.buffer.size = 33554432 (custom)
2019-09-20 08:38:23,917 [pool-261-thread-1] INFO  server.RaftServerConfigKeys (ConfUtils.java:logGet(43)) - raft.server.log.force.sync.num = 128 (default)
2019-09-20 08:38:23,917 [pool-261-thread-1] INFO  server.RaftServerConfigKeys (ConfUtils.java:logGet(43)) - raft.server.log.statemachine.data.sync = true (default)
2019-09-20 08:38:23,918 [pool-261-thread-1] INFO  server.RaftServerConfigKeys (ConfUtils.java:logGet(43)) - raft.server.log.statemachine.data.sync.timeout = 10s (default)
2019-09-20 08:38:23,918 [pool-261-thread-1] INFO  server.RaftServerConfigKeys (ConfUtils.java:logGet(43)) - raft.server.log.statemachine.data.sync.timeout.retry = -1 (default)
2019-09-20 08:38:23,918 [pool-261-thread-1] INFO  server.RaftServerConfigKeys (ConfUtils.java:logGet(43)) - raft.server.log.statemachine.data.caching.enabled = true (custom)
2019-09-20 08:38:23,918 [pool-261-thread-1] INFO  segmented.SegmentedRaftLogWorker (SegmentedRaftLogWorker.java:lambda$new$0(132)) - db6d3ca5-f12f-4d4c-aad8-4a2a4f640353-SegmentedRaftLogWorker:Storage Directory /workdir/hadoop-ozone/ozonefs/target/test-dir/MiniOzoneClusterImpl-0e2437da-0aee-42ff-b383-10e9a9564f41/datanode-2/data/ratis/09bf9283-62ef-469e-b45e-050f044ae1be: flushIndex: setUnconditionally 0 -> -1
2019-09-20 08:38:23,918 [pool-261-thread-1] INFO  server.RaftServerConfigKeys (ConfUtils.java:logGet(43)) - raft.server.snapshot.auto.trigger.enabled = true (custom)
2019-09-20 08:38:23,919 [pool-261-thread-1] INFO  server.RaftServerConfigKeys (ConfUtils.java:logGet(43)) - raft.server.snapshot.auto.trigger.threshold = 10000 (custom)
2019-09-20 08:38:23,919 [pool-261-thread-1] INFO  server.RaftServerConfigKeys (ConfUtils.java:logGet(43)) - raft.server.retrycache.expirytime = 600000ms (custom)
2019-09-20 08:38:23,919 [pool-261-thread-1] INFO  impl.RaftServerImpl (RaftServerImpl.java:start(180)) - db6d3ca5-f12f-4d4c-aad8-4a2a4f640353: start group-050F044AE1BE
2019-09-20 08:38:23,919 [pool-261-thread-1] INFO  impl.RaftServerImpl (RaftServerImpl.java:setRole(171)) - db6d3ca5-f12f-4d4c-aad8-4a2a4f640353:group-050F044AE1BE changes role from null to FOLLOWER at term 0 for startAsFollower
2019-09-20 08:38:23,919 [pool-261-thread-1] INFO  impl.RoleInfo (RoleInfo.java:updateAndGet(143)) - db6d3ca5-f12f-4d4c-aad8-4a2a4f640353: start FollowerState
2019-09-20 08:38:23,920 [pool-261-thread-1] INFO  util.JmxRegister (JmxRegister.java:tryRegister(44)) - Successfully registered JMX Bean with object name Ratis:service=RaftServer,group=group-050F044AE1BE,id=db6d3ca5-f12f-4d4c-aad8-4a2a4f640353
2019-09-20 08:38:23,923 [RatisPipelineUtilsThread] INFO  pipeline.PipelineStateManager (PipelineStateManager.java:addPipeline(56)) - Created pipeline Pipeline[ Id: 09bf9283-62ef-469e-b45e-050f044ae1be, Nodes: db6d3ca5-f12f-4d4c-aad8-4a2a4f640353{ip: 192.168.36.79, host: pr-hdds-1569-s8kj2-2266485376, networkLocation: /default-rack, certSerialId: null}, Type:RATIS, Factor:ONE, State:OPEN]
2019-09-20 08:38:23,923 [RatisPipelineUtilsThread] INFO  pipeline.PipelinePlacementPolicy (PipelinePlacementPolicy.java:meetCriteria(91)) - Pipeline Placement: Doesn't meet the criteria to be viable node： 7e673b66-ddf6-4b97-a643-f59697fb3549 Heaviness: 6 limit: 5
2019-09-20 08:38:23,923 [RatisPipelineUtilsThread] INFO  pipeline.PipelinePlacementPolicy (PipelinePlacementPolicy.java:meetCriteria(91)) - Pipeline Placement: Doesn't meet the criteria to be viable node： 22464498-4bd3-4a74-88e5-a0fbe623bf0e Heaviness: 6 limit: 5
2019-09-20 08:38:23,928 [grpc-default-executor-0] INFO  impl.RaftServerProxy (RaftServerProxy.java:addNew(89)) - db6d3ca5-f12f-4d4c-aad8-4a2a4f640353: addNew group-E5F4F14C03BD:[db6d3ca5-f12f-4d4c-aad8-4a2a4f640353:192.168.36.79:39139] returns group-E5F4F14C03BD:java.util.concurrent.CompletableFuture@64549ac2[Not completed]
2019-09-20 08:38:23,929 [pool-261-thread-1] INFO  impl.RaftServerImpl (RaftServerImpl.java:<init>(93)) - db6d3ca5-f12f-4d4c-aad8-4a2a4f640353: new RaftServerImpl for group-E5F4F14C03BD:[db6d3ca5-f12f-4d4c-aad8-4a2a4f640353:192.168.36.79:39139] with ContainerStateMachine:uninitialized
2019-09-20 08:38:23,929 [pool-261-thread-1] INFO  server.RaftServerConfigKeys (ConfUtils.java:logGet(43)) - raft.server.rpc.timeout.min = 5s (custom)
2019-09-20 08:38:23,930 [pool-261-thread-1] INFO  server.RaftServerConfigKeys (ConfUtils.java:logGet(43)) - raft.server.rpc.timeout.max = 5200ms (custom)
2019-09-20 08:38:23,930 [pool-261-thread-1] INFO  server.RaftServerConfigKeys (ConfUtils.java:logGet(43)) - raft.server.rpcslowness.timeout = 120s (custom)
2019-09-20 08:38:23,930 [pool-261-thread-1] INFO  server.RaftServerConfigKeys (ConfUtils.java:logGet(43)) - raft.server.sleep.deviation.threshold = 300 (default)
2019-09-20 08:38:23,930 [pool-261-thread-1] INFO  server.RaftServerConfigKeys (ConfUtils.java:logGet(43)) - raft.server.log.appender.install.snapshot.enabled = false (custom)
2019-09-20 08:38:23,930 [pool-261-thread-1] INFO  impl.RaftServerImpl (ServerState.java:<init>(105)) - db6d3ca5-f12f-4d4c-aad8-4a2a4f640353:group-E5F4F14C03BD ConfigurationManager, init=-1: [db6d3ca5-f12f-4d4c-aad8-4a2a4f640353:192.168.36.79:39139], old=null, confs=<EMPTY_MAP>
2019-09-20 08:38:23,930 [pool-261-thread-1] INFO  server.RaftServerConfigKeys (ConfUtils.java:logGet(43)) - raft.server.storage.dir = [/workdir/hadoop-ozone/ozonefs/target/test-dir/MiniOzoneClusterImpl-0e2437da-0aee-42ff-b383-10e9a9564f41/datanode-2/data/ratis] (custom)
2019-09-20 08:38:23,931 [pool-261-thread-1] INFO  storage.RaftStorageDirectory (RaftStorageDirectory.java:analyzeStorage(246)) - The storage directory /workdir/hadoop-ozone/ozonefs/target/test-dir/MiniOzoneClusterImpl-0e2437da-0aee-42ff-b383-10e9a9564f41/datanode-2/data/ratis/08f4da97-3279-431c-a287-e5f4f14c03bd does not exist. Creating ...
2019-09-20 08:38:23,965 [pool-261-thread-1] INFO  storage.RaftStorageDirectory (RaftStorageDirectory.java:tryLock(328)) - Lock on /workdir/hadoop-ozone/ozonefs/target/test-dir/MiniOzoneClusterImpl-0e2437da-0aee-42ff-b383-10e9a9564f41/datanode-2/data/ratis/08f4da97-3279-431c-a287-e5f4f14c03bd/in_use.lock acquired by nodename 25669@pr-hdds-1569-s8kj2-2266485376
2019-09-20 08:38:23,991 [pool-261-thread-1] INFO  storage.RaftStorage (RaftStorage.java:format(72)) - Storage directory /workdir/hadoop-ozone/ozonefs/target/test-dir/MiniOzoneClusterImpl-0e2437da-0aee-42ff-b383-10e9a9564f41/datanode-2/data/ratis/08f4da97-3279-431c-a287-e5f4f14c03bd has been successfully formatted.
2019-09-20 08:38:23,991 [pool-261-thread-1] INFO  ratis.ContainerStateMachine (ContainerStateMachine.java:loadSnapshot(226)) - group-E5F4F14C03BD: The snapshot info is null. Setting the last applied indexto:(t:0, i:~)
2019-09-20 08:38:23,991 [pool-261-thread-1] INFO  server.RaftServerConfigKeys (ConfUtils.java:logGet(43)) - raft.server.leader.election.timeout = 120s (custom)
2019-09-20 08:38:23,991 [pool-261-thread-1] INFO  server.RaftServerConfigKeys (ConfUtils.java:logGet(43)) - raft.server.log.use.memory = false (default)
2019-09-20 08:38:23,992 [pool-261-thread-1] INFO  server.RaftServerConfigKeys (ConfUtils.java:logGet(43)) - raft.server.log.purge.gap = 1000000 (custom)
2019-09-20 08:38:23,992 [pool-261-thread-1] INFO  server.RaftServerConfigKeys (ConfUtils.java:logGet(43)) - raft.server.log.appender.buffer.byte-limit = 33554432 (custom)
2019-09-20 08:38:23,992 [pool-261-thread-1] INFO  server.RaftServerConfigKeys (ConfUtils.java:logGet(43)) - raft.server.log.segment.size.max = 1048576 (custom)
2019-09-20 08:38:23,992 [pool-261-thread-1] INFO  server.RaftServerConfigKeys (ConfUtils.java:logGet(43)) - raft.server.log.segment.cache.num.max = 2 (custom)
2019-09-20 08:38:23,992 [pool-261-thread-1] INFO  segmented.SegmentedRaftLogWorker (SegmentedRaftLogWorker.java:<init>(172)) - new db6d3ca5-f12f-4d4c-aad8-4a2a4f640353-SegmentedRaftLogWorker:Storage Directory /workdir/hadoop-ozone/ozonefs/target/test-dir/MiniOzoneClusterImpl-0e2437da-0aee-42ff-b383-10e9a9564f41/datanode-2/data/ratis/08f4da97-3279-431c-a287-e5f4f14c03bd for RaftStorage:Storage Directory /workdir/hadoop-ozone/ozonefs/target/test-dir/MiniOzoneClusterImpl-0e2437da-0aee-42ff-b383-10e9a9564f41/datanode-2/data/ratis/08f4da97-3279-431c-a287-e5f4f14c03bd
2019-09-20 08:38:23,992 [pool-261-thread-1] INFO  server.RaftServerConfigKeys (ConfUtils.java:logGet(43)) - raft.server.log.queue.byte-limit = 2147483647 (custom)
2019-09-20 08:38:23,992 [pool-261-thread-1] INFO  server.RaftServerConfigKeys (ConfUtils.java:logGet(43)) - raft.server.log.queue.element-limit = 1024 (custom)
2019-09-20 08:38:23,993 [pool-261-thread-1] INFO  server.RaftServerConfigKeys (ConfUtils.java:logGet(43)) - raft.server.log.segment.size.max = 1048576 (custom)
2019-09-20 08:38:23,993 [pool-261-thread-1] INFO  server.RaftServerConfigKeys (ConfUtils.java:logGet(43)) - raft.server.log.preallocated.size = 16384 (custom)
2019-09-20 08:38:23,993 [pool-261-thread-1] INFO  server.RaftServerConfigKeys (ConfUtils.java:logGet(43)) - raft.server.log.write.buffer.size = 33554432 (custom)
2019-09-20 08:38:23,993 [pool-261-thread-1] INFO  server.RaftServerConfigKeys (ConfUtils.java:logGet(43)) - raft.server.log.force.sync.num = 128 (default)
2019-09-20 08:38:23,993 [pool-261-thread-1] INFO  server.RaftServerConfigKeys (ConfUtils.java:logGet(43)) - raft.server.log.statemachine.data.sync = true (default)
2019-09-20 08:38:23,993 [pool-261-thread-1] INFO  server.RaftServerConfigKeys (ConfUtils.java:logGet(43)) - raft.server.log.statemachine.data.sync.timeout = 10s (default)
2019-09-20 08:38:23,993 [pool-261-thread-1] INFO  server.RaftServerConfigKeys (ConfUtils.java:logGet(43)) - raft.server.log.statemachine.data.sync.timeout.retry = -1 (default)
2019-09-20 08:38:23,994 [pool-261-thread-1] INFO  server.RaftServerConfigKeys (ConfUtils.java:logGet(43)) - raft.server.log.statemachine.data.caching.enabled = true (custom)
2019-09-20 08:38:23,994 [pool-261-thread-1] INFO  segmented.SegmentedRaftLogWorker (SegmentedRaftLogWorker.java:lambda$new$0(132)) - db6d3ca5-f12f-4d4c-aad8-4a2a4f640353-SegmentedRaftLogWorker:Storage Directory /workdir/hadoop-ozone/ozonefs/target/test-dir/MiniOzoneClusterImpl-0e2437da-0aee-42ff-b383-10e9a9564f41/datanode-2/data/ratis/08f4da97-3279-431c-a287-e5f4f14c03bd: flushIndex: setUnconditionally 0 -> -1
2019-09-20 08:38:23,994 [pool-261-thread-1] INFO  server.RaftServerConfigKeys (ConfUtils.java:logGet(43)) - raft.server.snapshot.auto.trigger.enabled = true (custom)
2019-09-20 08:38:23,994 [pool-261-thread-1] INFO  server.RaftServerConfigKeys (ConfUtils.java:logGet(43)) - raft.server.snapshot.auto.trigger.threshold = 10000 (custom)
2019-09-20 08:38:23,995 [pool-261-thread-1] INFO  server.RaftServerConfigKeys (ConfUtils.java:logGet(43)) - raft.server.retrycache.expirytime = 600000ms (custom)
2019-09-20 08:38:23,995 [pool-261-thread-1] INFO  impl.RaftServerImpl (RaftServerImpl.java:start(180)) - db6d3ca5-f12f-4d4c-aad8-4a2a4f640353: start group-E5F4F14C03BD
2019-09-20 08:38:23,995 [pool-261-thread-1] INFO  impl.RaftServerImpl (RaftServerImpl.java:setRole(171)) - db6d3ca5-f12f-4d4c-aad8-4a2a4f640353:group-E5F4F14C03BD changes role from null to FOLLOWER at term 0 for startAsFollower
2019-09-20 08:38:23,995 [pool-261-thread-1] INFO  impl.RoleInfo (RoleInfo.java:updateAndGet(143)) - db6d3ca5-f12f-4d4c-aad8-4a2a4f640353: start FollowerState
2019-09-20 08:38:23,995 [pool-261-thread-1] INFO  util.JmxRegister (JmxRegister.java:tryRegister(44)) - Successfully registered JMX Bean with object name Ratis:service=RaftServer,group=group-E5F4F14C03BD,id=db6d3ca5-f12f-4d4c-aad8-4a2a4f640353
2019-09-20 08:38:23,998 [RatisPipelineUtilsThread] INFO  pipeline.PipelineStateManager (PipelineStateManager.java:addPipeline(56)) - Created pipeline Pipeline[ Id: 08f4da97-3279-431c-a287-e5f4f14c03bd, Nodes: db6d3ca5-f12f-4d4c-aad8-4a2a4f640353{ip: 192.168.36.79, host: pr-hdds-1569-s8kj2-2266485376, networkLocation: /default-rack, certSerialId: null}, Type:RATIS, Factor:ONE, State:OPEN]
2019-09-20 08:38:23,998 [RatisPipelineUtilsThread] INFO  pipeline.PipelinePlacementPolicy (PipelinePlacementPolicy.java:meetCriteria(91)) - Pipeline Placement: Doesn't meet the criteria to be viable node： 7e673b66-ddf6-4b97-a643-f59697fb3549 Heaviness: 6 limit: 5
2019-09-20 08:38:23,998 [RatisPipelineUtilsThread] INFO  pipeline.PipelinePlacementPolicy (PipelinePlacementPolicy.java:meetCriteria(91)) - Pipeline Placement: Doesn't meet the criteria to be viable node： 22464498-4bd3-4a74-88e5-a0fbe623bf0e Heaviness: 6 limit: 5
2019-09-20 08:38:24,004 [grpc-default-executor-0] INFO  impl.RaftServerProxy (RaftServerProxy.java:addNew(89)) - db6d3ca5-f12f-4d4c-aad8-4a2a4f640353: addNew group-549DBC461A8A:[db6d3ca5-f12f-4d4c-aad8-4a2a4f640353:192.168.36.79:39139] returns group-549DBC461A8A:java.util.concurrent.CompletableFuture@4ed35bbe[Not completed]
2019-09-20 08:38:24,005 [pool-261-thread-1] INFO  impl.RaftServerImpl (RaftServerImpl.java:<init>(93)) - db6d3ca5-f12f-4d4c-aad8-4a2a4f640353: new RaftServerImpl for group-549DBC461A8A:[db6d3ca5-f12f-4d4c-aad8-4a2a4f640353:192.168.36.79:39139] with ContainerStateMachine:uninitialized
2019-09-20 08:38:24,005 [pool-261-thread-1] INFO  server.RaftServerConfigKeys (ConfUtils.java:logGet(43)) - raft.server.rpc.timeout.min = 5s (custom)
2019-09-20 08:38:24,005 [pool-261-thread-1] INFO  server.RaftServerConfigKeys (ConfUtils.java:logGet(43)) - raft.server.rpc.timeout.max = 5200ms (custom)
2019-09-20 08:38:24,005 [pool-261-thread-1] INFO  server.RaftServerConfigKeys (ConfUtils.java:logGet(43)) - raft.server.rpcslowness.timeout = 120s (custom)
2019-09-20 08:38:24,005 [pool-261-thread-1] INFO  server.RaftServerConfigKeys (ConfUtils.java:logGet(43)) - raft.server.sleep.deviation.threshold = 300 (default)
2019-09-20 08:38:24,005 [pool-261-thread-1] INFO  server.RaftServerConfigKeys (ConfUtils.java:logGet(43)) - raft.server.log.appender.install.snapshot.enabled = false (custom)
2019-09-20 08:38:24,005 [pool-261-thread-1] INFO  impl.RaftServerImpl (ServerState.java:<init>(105)) - db6d3ca5-f12f-4d4c-aad8-4a2a4f640353:group-549DBC461A8A ConfigurationManager, init=-1: [db6d3ca5-f12f-4d4c-aad8-4a2a4f640353:192.168.36.79:39139], old=null, confs=<EMPTY_MAP>
2019-09-20 08:38:24,006 [pool-261-thread-1] INFO  server.RaftServerConfigKeys (ConfUtils.java:logGet(43)) - raft.server.storage.dir = [/workdir/hadoop-ozone/ozonefs/target/test-dir/MiniOzoneClusterImpl-0e2437da-0aee-42ff-b383-10e9a9564f41/datanode-2/data/ratis] (custom)
2019-09-20 08:38:24,006 [pool-261-thread-1] INFO  storage.RaftStorageDirectory (RaftStorageDirectory.java:analyzeStorage(246)) - The storage directory /workdir/hadoop-ozone/ozonefs/target/test-dir/MiniOzoneClusterImpl-0e2437da-0aee-42ff-b383-10e9a9564f41/datanode-2/data/ratis/2c2cd4a7-edcc-460f-979f-549dbc461a8a does not exist. Creating ...
2019-09-20 08:38:24,024 [pool-261-thread-1] INFO  storage.RaftStorageDirectory (RaftStorageDirectory.java:tryLock(328)) - Lock on /workdir/hadoop-ozone/ozonefs/target/test-dir/MiniOzoneClusterImpl-0e2437da-0aee-42ff-b383-10e9a9564f41/datanode-2/data/ratis/2c2cd4a7-edcc-460f-979f-549dbc461a8a/in_use.lock acquired by nodename 25669@pr-hdds-1569-s8kj2-2266485376
2019-09-20 08:38:24,050 [pool-261-thread-1] INFO  storage.RaftStorage (RaftStorage.java:format(72)) - Storage directory /workdir/hadoop-ozone/ozonefs/target/test-dir/MiniOzoneClusterImpl-0e2437da-0aee-42ff-b383-10e9a9564f41/datanode-2/data/ratis/2c2cd4a7-edcc-460f-979f-549dbc461a8a has been successfully formatted.
2019-09-20 08:38:24,050 [pool-261-thread-1] INFO  ratis.ContainerStateMachine (ContainerStateMachine.java:loadSnapshot(226)) - group-549DBC461A8A: The snapshot info is null. Setting the last applied indexto:(t:0, i:~)
2019-09-20 08:38:24,050 [pool-261-thread-1] INFO  server.RaftServerConfigKeys (ConfUtils.java:logGet(43)) - raft.server.leader.election.timeout = 120s (custom)
2019-09-20 08:38:24,050 [pool-261-thread-1] INFO  server.RaftServerConfigKeys (ConfUtils.java:logGet(43)) - raft.server.log.use.memory = false (default)
2019-09-20 08:38:24,051 [pool-261-thread-1] INFO  server.RaftServerConfigKeys (ConfUtils.java:logGet(43)) - raft.server.log.purge.gap = 1000000 (custom)
2019-09-20 08:38:24,051 [pool-261-thread-1] INFO  server.RaftServerConfigKeys (ConfUtils.java:logGet(43)) - raft.server.log.appender.buffer.byte-limit = 33554432 (custom)
2019-09-20 08:38:24,051 [pool-261-thread-1] INFO  server.RaftServerConfigKeys (ConfUtils.java:logGet(43)) - raft.server.log.segment.size.max = 1048576 (custom)
2019-09-20 08:38:24,051 [pool-261-thread-1] INFO  server.RaftServerConfigKeys (ConfUtils.java:logGet(43)) - raft.server.log.segment.cache.num.max = 2 (custom)
2019-09-20 08:38:24,051 [pool-261-thread-1] INFO  segmented.SegmentedRaftLogWorker (SegmentedRaftLogWorker.java:<init>(172)) - new db6d3ca5-f12f-4d4c-aad8-4a2a4f640353-SegmentedRaftLogWorker:Storage Directory /workdir/hadoop-ozone/ozonefs/target/test-dir/MiniOzoneClusterImpl-0e2437da-0aee-42ff-b383-10e9a9564f41/datanode-2/data/ratis/2c2cd4a7-edcc-460f-979f-549dbc461a8a for RaftStorage:Storage Directory /workdir/hadoop-ozone/ozonefs/target/test-dir/MiniOzoneClusterImpl-0e2437da-0aee-42ff-b383-10e9a9564f41/datanode-2/data/ratis/2c2cd4a7-edcc-460f-979f-549dbc461a8a
2019-09-20 08:38:24,051 [pool-261-thread-1] INFO  server.RaftServerConfigKeys (ConfUtils.java:logGet(43)) - raft.server.log.queue.byte-limit = 2147483647 (custom)
2019-09-20 08:38:24,051 [pool-261-thread-1] INFO  server.RaftServerConfigKeys (ConfUtils.java:logGet(43)) - raft.server.log.queue.element-limit = 1024 (custom)
2019-09-20 08:38:24,052 [pool-261-thread-1] INFO  server.RaftServerConfigKeys (ConfUtils.java:logGet(43)) - raft.server.log.segment.size.max = 1048576 (custom)
2019-09-20 08:38:24,052 [pool-261-thread-1] INFO  server.RaftServerConfigKeys (ConfUtils.java:logGet(43)) - raft.server.log.preallocated.size = 16384 (custom)
2019-09-20 08:38:24,052 [pool-261-thread-1] INFO  server.RaftServerConfigKeys (ConfUtils.java:logGet(43)) - raft.server.log.write.buffer.size = 33554432 (custom)
2019-09-20 08:38:24,052 [pool-261-thread-1] INFO  server.RaftServerConfigKeys (ConfUtils.java:logGet(43)) - raft.server.log.force.sync.num = 128 (default)
2019-09-20 08:38:24,052 [pool-261-thread-1] INFO  server.RaftServerConfigKeys (ConfUtils.java:logGet(43)) - raft.server.log.statemachine.data.sync = true (default)
2019-09-20 08:38:24,052 [pool-261-thread-1] INFO  server.RaftServerConfigKeys (ConfUtils.java:logGet(43)) - raft.server.log.statemachine.data.sync.timeout = 10s (default)
2019-09-20 08:38:24,052 [pool-261-thread-1] INFO  server.RaftServerConfigKeys (ConfUtils.java:logGet(43)) - raft.server.log.statemachine.data.sync.timeout.retry = -1 (default)
2019-09-20 08:38:24,053 [pool-261-thread-1] INFO  server.RaftServerConfigKeys (ConfUtils.java:logGet(43)) - raft.server.log.statemachine.data.caching.enabled = true (custom)
2019-09-20 08:38:24,053 [pool-261-thread-1] INFO  segmented.SegmentedRaftLogWorker (SegmentedRaftLogWorker.java:lambda$new$0(132)) - db6d3ca5-f12f-4d4c-aad8-4a2a4f640353-SegmentedRaftLogWorker:Storage Directory /workdir/hadoop-ozone/ozonefs/target/test-dir/MiniOzoneClusterImpl-0e2437da-0aee-42ff-b383-10e9a9564f41/datanode-2/data/ratis/2c2cd4a7-edcc-460f-979f-549dbc461a8a: flushIndex: setUnconditionally 0 -> -1
2019-09-20 08:38:24,053 [pool-261-thread-1] INFO  server.RaftServerConfigKeys (ConfUtils.java:logGet(43)) - raft.server.snapshot.auto.trigger.enabled = true (custom)
2019-09-20 08:38:24,053 [pool-261-thread-1] INFO  server.RaftServerConfigKeys (ConfUtils.java:logGet(43)) - raft.server.snapshot.auto.trigger.threshold = 10000 (custom)
2019-09-20 08:38:24,054 [pool-261-thread-1] INFO  server.RaftServerConfigKeys (ConfUtils.java:logGet(43)) - raft.server.retrycache.expirytime = 600000ms (custom)
2019-09-20 08:38:24,054 [pool-261-thread-1] INFO  impl.RaftServerImpl (RaftServerImpl.java:start(180)) - db6d3ca5-f12f-4d4c-aad8-4a2a4f640353: start group-549DBC461A8A
2019-09-20 08:38:24,054 [pool-261-thread-1] INFO  impl.RaftServerImpl (RaftServerImpl.java:setRole(171)) - db6d3ca5-f12f-4d4c-aad8-4a2a4f640353:group-549DBC461A8A changes role from null to FOLLOWER at term 0 for startAsFollower
2019-09-20 08:38:24,054 [pool-261-thread-1] INFO  impl.RoleInfo (RoleInfo.java:updateAndGet(143)) - db6d3ca5-f12f-4d4c-aad8-4a2a4f640353: start FollowerState
2019-09-20 08:38:24,054 [pool-261-thread-1] INFO  util.JmxRegister (JmxRegister.java:tryRegister(44)) - Successfully registered JMX Bean with object name Ratis:service=RaftServer,group=group-549DBC461A8A,id=db6d3ca5-f12f-4d4c-aad8-4a2a4f640353
2019-09-20 08:38:24,057 [RatisPipelineUtilsThread] INFO  pipeline.PipelineStateManager (PipelineStateManager.java:addPipeline(56)) - Created pipeline Pipeline[ Id: 2c2cd4a7-edcc-460f-979f-549dbc461a8a, Nodes: db6d3ca5-f12f-4d4c-aad8-4a2a4f640353{ip: 192.168.36.79, host: pr-hdds-1569-s8kj2-2266485376, networkLocation: /default-rack, certSerialId: null}, Type:RATIS, Factor:ONE, State:OPEN]
2019-09-20 08:38:24,057 [RatisPipelineUtilsThread] INFO  pipeline.PipelinePlacementPolicy (PipelinePlacementPolicy.java:meetCriteria(91)) - Pipeline Placement: Doesn't meet the criteria to be viable node： 7e673b66-ddf6-4b97-a643-f59697fb3549 Heaviness: 6 limit: 5
2019-09-20 08:38:24,057 [RatisPipelineUtilsThread] INFO  pipeline.PipelinePlacementPolicy (PipelinePlacementPolicy.java:meetCriteria(91)) - Pipeline Placement: Doesn't meet the criteria to be viable node： 22464498-4bd3-4a74-88e5-a0fbe623bf0e Heaviness: 6 limit: 5
2019-09-20 08:38:24,062 [grpc-default-executor-0] INFO  impl.RaftServerProxy (RaftServerProxy.java:addNew(89)) - db6d3ca5-f12f-4d4c-aad8-4a2a4f640353: addNew group-348F56719B2C:[db6d3ca5-f12f-4d4c-aad8-4a2a4f640353:192.168.36.79:39139] returns group-348F56719B2C:java.util.concurrent.CompletableFuture@1600d0bc[Not completed]
2019-09-20 08:38:24,063 [pool-261-thread-1] INFO  impl.RaftServerImpl (RaftServerImpl.java:<init>(93)) - db6d3ca5-f12f-4d4c-aad8-4a2a4f640353: new RaftServerImpl for group-348F56719B2C:[db6d3ca5-f12f-4d4c-aad8-4a2a4f640353:192.168.36.79:39139] with ContainerStateMachine:uninitialized
2019-09-20 08:38:24,063 [pool-261-thread-1] INFO  server.RaftServerConfigKeys (ConfUtils.java:logGet(43)) - raft.server.rpc.timeout.min = 5s (custom)
2019-09-20 08:38:24,064 [pool-261-thread-1] INFO  server.RaftServerConfigKeys (ConfUtils.java:logGet(43)) - raft.server.rpc.timeout.max = 5200ms (custom)
2019-09-20 08:38:24,064 [pool-261-thread-1] INFO  server.RaftServerConfigKeys (ConfUtils.java:logGet(43)) - raft.server.rpcslowness.timeout = 120s (custom)
2019-09-20 08:38:24,064 [pool-261-thread-1] INFO  server.RaftServerConfigKeys (ConfUtils.java:logGet(43)) - raft.server.sleep.deviation.threshold = 300 (default)
2019-09-20 08:38:24,064 [pool-261-thread-1] INFO  server.RaftServerConfigKeys (ConfUtils.java:logGet(43)) - raft.server.log.appender.install.snapshot.enabled = false (custom)
2019-09-20 08:38:24,064 [pool-261-thread-1] INFO  impl.RaftServerImpl (ServerState.java:<init>(105)) - db6d3ca5-f12f-4d4c-aad8-4a2a4f640353:group-348F56719B2C ConfigurationManager, init=-1: [db6d3ca5-f12f-4d4c-aad8-4a2a4f640353:192.168.36.79:39139], old=null, confs=<EMPTY_MAP>
2019-09-20 08:38:24,064 [pool-261-thread-1] INFO  server.RaftServerConfigKeys (ConfUtils.java:logGet(43)) - raft.server.storage.dir = [/workdir/hadoop-ozone/ozonefs/target/test-dir/MiniOzoneClusterImpl-0e2437da-0aee-42ff-b383-10e9a9564f41/datanode-2/data/ratis] (custom)
2019-09-20 08:38:24,065 [pool-261-thread-1] INFO  storage.RaftStorageDirectory (RaftStorageDirectory.java:analyzeStorage(246)) - The storage directory /workdir/hadoop-ozone/ozonefs/target/test-dir/MiniOzoneClusterImpl-0e2437da-0aee-42ff-b383-10e9a9564f41/datanode-2/data/ratis/1373ee11-ddd7-42f0-9efc-348f56719b2c does not exist. Creating ...
2019-09-20 08:38:24,083 [pool-261-thread-1] INFO  storage.RaftStorageDirectory (RaftStorageDirectory.java:tryLock(328)) - Lock on /workdir/hadoop-ozone/ozonefs/target/test-dir/MiniOzoneClusterImpl-0e2437da-0aee-42ff-b383-10e9a9564f41/datanode-2/data/ratis/1373ee11-ddd7-42f0-9efc-348f56719b2c/in_use.lock acquired by nodename 25669@pr-hdds-1569-s8kj2-2266485376
2019-09-20 08:38:24,126 [pool-261-thread-1] INFO  storage.RaftStorage (RaftStorage.java:format(72)) - Storage directory /workdir/hadoop-ozone/ozonefs/target/test-dir/MiniOzoneClusterImpl-0e2437da-0aee-42ff-b383-10e9a9564f41/datanode-2/data/ratis/1373ee11-ddd7-42f0-9efc-348f56719b2c has been successfully formatted.
2019-09-20 08:38:24,126 [pool-261-thread-1] INFO  ratis.ContainerStateMachine (ContainerStateMachine.java:loadSnapshot(226)) - group-348F56719B2C: The snapshot info is null. Setting the last applied indexto:(t:0, i:~)
2019-09-20 08:38:24,126 [pool-261-thread-1] INFO  server.RaftServerConfigKeys (ConfUtils.java:logGet(43)) - raft.server.leader.election.timeout = 120s (custom)
2019-09-20 08:38:24,126 [pool-261-thread-1] INFO  server.RaftServerConfigKeys (ConfUtils.java:logGet(43)) - raft.server.log.use.memory = false (default)
2019-09-20 08:38:24,127 [pool-261-thread-1] INFO  server.RaftServerConfigKeys (ConfUtils.java:logGet(43)) - raft.server.log.purge.gap = 1000000 (custom)
2019-09-20 08:38:24,127 [pool-261-thread-1] INFO  server.RaftServerConfigKeys (ConfUtils.java:logGet(43)) - raft.server.log.appender.buffer.byte-limit = 33554432 (custom)
2019-09-20 08:38:24,127 [pool-261-thread-1] INFO  server.RaftServerConfigKeys (ConfUtils.java:logGet(43)) - raft.server.log.segment.size.max = 1048576 (custom)
2019-09-20 08:38:24,127 [pool-261-thread-1] INFO  server.RaftServerConfigKeys (ConfUtils.java:logGet(43)) - raft.server.log.segment.cache.num.max = 2 (custom)
2019-09-20 08:38:24,127 [pool-261-thread-1] INFO  segmented.SegmentedRaftLogWorker (SegmentedRaftLogWorker.java:<init>(172)) - new db6d3ca5-f12f-4d4c-aad8-4a2a4f640353-SegmentedRaftLogWorker:Storage Directory /workdir/hadoop-ozone/ozonefs/target/test-dir/MiniOzoneClusterImpl-0e2437da-0aee-42ff-b383-10e9a9564f41/datanode-2/data/ratis/1373ee11-ddd7-42f0-9efc-348f56719b2c for RaftStorage:Storage Directory /workdir/hadoop-ozone/ozonefs/target/test-dir/MiniOzoneClusterImpl-0e2437da-0aee-42ff-b383-10e9a9564f41/datanode-2/data/ratis/1373ee11-ddd7-42f0-9efc-348f56719b2c
2019-09-20 08:38:24,127 [pool-261-thread-1] INFO  server.RaftServerConfigKeys (ConfUtils.java:logGet(43)) - raft.server.log.queue.byte-limit = 2147483647 (custom)
2019-09-20 08:38:24,128 [pool-261-thread-1] INFO  server.RaftServerConfigKeys (ConfUtils.java:logGet(43)) - raft.server.log.queue.element-limit = 1024 (custom)
2019-09-20 08:38:24,128 [pool-261-thread-1] INFO  server.RaftServerConfigKeys (ConfUtils.java:logGet(43)) - raft.server.log.segment.size.max = 1048576 (custom)
2019-09-20 08:38:24,128 [pool-261-thread-1] INFO  server.RaftServerConfigKeys (ConfUtils.java:logGet(43)) - raft.server.log.preallocated.size = 16384 (custom)
2019-09-20 08:38:24,128 [pool-261-thread-1] INFO  server.RaftServerConfigKeys (ConfUtils.java:logGet(43)) - raft.server.log.write.buffer.size = 33554432 (custom)
2019-09-20 08:38:24,128 [pool-261-thread-1] INFO  server.RaftServerConfigKeys (ConfUtils.java:logGet(43)) - raft.server.log.force.sync.num = 128 (default)
2019-09-20 08:38:24,128 [pool-261-thread-1] INFO  server.RaftServerConfigKeys (ConfUtils.java:logGet(43)) - raft.server.log.statemachine.data.sync = true (default)
2019-09-20 08:38:24,129 [pool-261-thread-1] INFO  server.RaftServerConfigKeys (ConfUtils.java:logGet(43)) - raft.server.log.statemachine.data.sync.timeout = 10s (default)
2019-09-20 08:38:24,129 [pool-261-thread-1] INFO  server.RaftServerConfigKeys (ConfUtils.java:logGet(43)) - raft.server.log.statemachine.data.sync.timeout.retry = -1 (default)
2019-09-20 08:38:24,129 [pool-261-thread-1] INFO  server.RaftServerConfigKeys (ConfUtils.java:logGet(43)) - raft.server.log.statemachine.data.caching.enabled = true (custom)
2019-09-20 08:38:24,129 [pool-261-thread-1] INFO  segmented.SegmentedRaftLogWorker (SegmentedRaftLogWorker.java:lambda$new$0(132)) - db6d3ca5-f12f-4d4c-aad8-4a2a4f640353-SegmentedRaftLogWorker:Storage Directory /workdir/hadoop-ozone/ozonefs/target/test-dir/MiniOzoneClusterImpl-0e2437da-0aee-42ff-b383-10e9a9564f41/datanode-2/data/ratis/1373ee11-ddd7-42f0-9efc-348f56719b2c: flushIndex: setUnconditionally 0 -> -1
2019-09-20 08:38:24,130 [pool-261-thread-1] INFO  server.RaftServerConfigKeys (ConfUtils.java:logGet(43)) - raft.server.snapshot.auto.trigger.enabled = true (custom)
2019-09-20 08:38:24,130 [pool-261-thread-1] INFO  server.RaftServerConfigKeys (ConfUtils.java:logGet(43)) - raft.server.snapshot.auto.trigger.threshold = 10000 (custom)
2019-09-20 08:38:24,130 [pool-261-thread-1] INFO  server.RaftServerConfigKeys (ConfUtils.java:logGet(43)) - raft.server.retrycache.expirytime = 600000ms (custom)
2019-09-20 08:38:24,130 [pool-261-thread-1] INFO  impl.RaftServerImpl (RaftServerImpl.java:start(180)) - db6d3ca5-f12f-4d4c-aad8-4a2a4f640353: start group-348F56719B2C
2019-09-20 08:38:24,130 [pool-261-thread-1] INFO  impl.RaftServerImpl (RaftServerImpl.java:setRole(171)) - db6d3ca5-f12f-4d4c-aad8-4a2a4f640353:group-348F56719B2C changes role from null to FOLLOWER at term 0 for startAsFollower
2019-09-20 08:38:24,131 [pool-261-thread-1] INFO  impl.RoleInfo (RoleInfo.java:updateAndGet(143)) - db6d3ca5-f12f-4d4c-aad8-4a2a4f640353: start FollowerState
2019-09-20 08:38:24,131 [pool-261-thread-1] INFO  util.JmxRegister (JmxRegister.java:tryRegister(44)) - Successfully registered JMX Bean with object name Ratis:service=RaftServer,group=group-348F56719B2C,id=db6d3ca5-f12f-4d4c-aad8-4a2a4f640353
2019-09-20 08:38:24,134 [RatisPipelineUtilsThread] INFO  pipeline.PipelineStateManager (PipelineStateManager.java:addPipeline(56)) - Created pipeline Pipeline[ Id: 1373ee11-ddd7-42f0-9efc-348f56719b2c, Nodes: db6d3ca5-f12f-4d4c-aad8-4a2a4f640353{ip: 192.168.36.79, host: pr-hdds-1569-s8kj2-2266485376, networkLocation: /default-rack, certSerialId: null}, Type:RATIS, Factor:ONE, State:OPEN]
2019-09-20 08:38:24,134 [RatisPipelineUtilsThread] INFO  pipeline.PipelinePlacementPolicy (PipelinePlacementPolicy.java:meetCriteria(91)) - Pipeline Placement: Doesn't meet the criteria to be viable node： 7e673b66-ddf6-4b97-a643-f59697fb3549 Heaviness: 6 limit: 5
2019-09-20 08:38:24,134 [RatisPipelineUtilsThread] INFO  pipeline.PipelinePlacementPolicy (PipelinePlacementPolicy.java:meetCriteria(91)) - Pipeline Placement: Doesn't meet the criteria to be viable node： 22464498-4bd3-4a74-88e5-a0fbe623bf0e Heaviness: 6 limit: 5
2019-09-20 08:38:24,135 [RatisPipelineUtilsThread] INFO  pipeline.PipelinePlacementPolicy (PipelinePlacementPolicy.java:meetCriteria(91)) - Pipeline Placement: Doesn't meet the criteria to be viable node： db6d3ca5-f12f-4d4c-aad8-4a2a4f640353 Heaviness: 6 limit: 5
2019-09-20 08:38:24,135 [RatisPipelineUtilsThread] ERROR pipeline.PipelinePlacementPolicy (PipelinePlacementPolicy.java:filterViableNodes(148)) - Unable to find enough nodes that meet the criteria that cannot engage in more than 5 pipelines. Nodes required: 1 Found: 0, healthy nodes count inNodeManager: 3.
2019-09-20 08:38:24,135 [RatisPipelineUtilsThread] ERROR pipeline.SCMPipelineManager (SCMPipelineManager.java:createPipeline(161)) - Pipeline creation failed due to exception: Unable to find enough nodes that meet the criteria that cannot engage in more than 5 pipelines. Nodes required: 1 Found: 0, healthy nodes count inNodeManager: 3.
2019-09-20 08:38:24,135 [RatisPipelineUtilsThread] INFO  pipeline.PipelinePlacementPolicy (PipelinePlacementPolicy.java:meetCriteria(91)) - Pipeline Placement: Doesn't meet the criteria to be viable node： 7e673b66-ddf6-4b97-a643-f59697fb3549 Heaviness: 6 limit: 5
2019-09-20 08:38:24,135 [RatisPipelineUtilsThread] INFO  pipeline.PipelinePlacementPolicy (PipelinePlacementPolicy.java:meetCriteria(91)) - Pipeline Placement: Doesn't meet the criteria to be viable node： 22464498-4bd3-4a74-88e5-a0fbe623bf0e Heaviness: 6 limit: 5
2019-09-20 08:38:24,135 [RatisPipelineUtilsThread] INFO  pipeline.PipelinePlacementPolicy (PipelinePlacementPolicy.java:meetCriteria(91)) - Pipeline Placement: Doesn't meet the criteria to be viable node： db6d3ca5-f12f-4d4c-aad8-4a2a4f640353 Heaviness: 6 limit: 5
2019-09-20 08:38:24,136 [RatisPipelineUtilsThread] ERROR pipeline.PipelinePlacementPolicy (PipelinePlacementPolicy.java:filterViableNodes(148)) - Unable to find enough nodes that meet the criteria that cannot engage in more than 5 pipelines. Nodes required: 3 Found: 0, healthy nodes count inNodeManager: 3.
2019-09-20 08:38:24,136 [RatisPipelineUtilsThread] ERROR pipeline.SCMPipelineManager (SCMPipelineManager.java:createPipeline(161)) - Pipeline creation failed due to exception: Unable to find enough nodes that meet the criteria that cannot engage in more than 5 pipelines. Nodes required: 3 Found: 0, healthy nodes count inNodeManager: 3.
2019-09-20 08:38:24,136 [RatisPipelineUtilsThread] INFO  pipeline.PipelinePlacementPolicy (PipelinePlacementPolicy.java:meetCriteria(91)) - Pipeline Placement: Doesn't meet the criteria to be viable node： 7e673b66-ddf6-4b97-a643-f59697fb3549 Heaviness: 6 limit: 5
2019-09-20 08:38:24,136 [RatisPipelineUtilsThread] INFO  pipeline.PipelinePlacementPolicy (PipelinePlacementPolicy.java:meetCriteria(91)) - Pipeline Placement: Doesn't meet the criteria to be viable node： 22464498-4bd3-4a74-88e5-a0fbe623bf0e Heaviness: 6 limit: 5
2019-09-20 08:38:24,136 [RatisPipelineUtilsThread] INFO  pipeline.PipelinePlacementPolicy (PipelinePlacementPolicy.java:meetCriteria(91)) - Pipeline Placement: Doesn't meet the criteria to be viable node： db6d3ca5-f12f-4d4c-aad8-4a2a4f640353 Heaviness: 6 limit: 5
2019-09-20 08:38:24,137 [RatisPipelineUtilsThread] ERROR pipeline.PipelinePlacementPolicy (PipelinePlacementPolicy.java:filterViableNodes(148)) - Unable to find enough nodes that meet the criteria that cannot engage in more than 5 pipelines. Nodes required: 1 Found: 0, healthy nodes count inNodeManager: 3.
2019-09-20 08:38:24,137 [RatisPipelineUtilsThread] ERROR pipeline.SCMPipelineManager (SCMPipelineManager.java:createPipeline(161)) - Pipeline creation failed due to exception: Unable to find enough nodes that meet the criteria that cannot engage in more than 5 pipelines. Nodes required: 1 Found: 0, healthy nodes count inNodeManager: 3.
2019-09-20 08:38:24,137 [RatisPipelineUtilsThread] INFO  pipeline.PipelinePlacementPolicy (PipelinePlacementPolicy.java:meetCriteria(91)) - Pipeline Placement: Doesn't meet the criteria to be viable node： 7e673b66-ddf6-4b97-a643-f59697fb3549 Heaviness: 6 limit: 5
2019-09-20 08:38:24,137 [RatisPipelineUtilsThread] INFO  pipeline.PipelinePlacementPolicy (PipelinePlacementPolicy.java:meetCriteria(91)) - Pipeline Placement: Doesn't meet the criteria to be viable node： 22464498-4bd3-4a74-88e5-a0fbe623bf0e Heaviness: 6 limit: 5
2019-09-20 08:38:24,137 [RatisPipelineUtilsThread] INFO  pipeline.PipelinePlacementPolicy (PipelinePlacementPolicy.java:meetCriteria(91)) - Pipeline Placement: Doesn't meet the criteria to be viable node： db6d3ca5-f12f-4d4c-aad8-4a2a4f640353 Heaviness: 6 limit: 5
2019-09-20 08:38:24,138 [RatisPipelineUtilsThread] ERROR pipeline.PipelinePlacementPolicy (PipelinePlacementPolicy.java:filterViableNodes(148)) - Unable to find enough nodes that meet the criteria that cannot engage in more than 5 pipelines. Nodes required: 3 Found: 0, healthy nodes count inNodeManager: 3.
2019-09-20 08:38:24,138 [RatisPipelineUtilsThread] ERROR pipeline.SCMPipelineManager (SCMPipelineManager.java:createPipeline(161)) - Pipeline creation failed due to exception: Unable to find enough nodes that meet the criteria that cannot engage in more than 5 pipelines. Nodes required: 3 Found: 0, healthy nodes count inNodeManager: 3.
2019-09-20 08:38:24,468 [Thread-1057] INFO  ozone.MiniOzoneClusterImpl (MiniOzoneClusterImpl.java:lambda$waitForClusterToBeReady$0(142)) - Cluster is ready. Got 3 of 3 DN Heartbeats.
2019-09-20 08:38:24,616 | INFO  | OMAudit | user=jenkins1000 | ip=127.0.0.1 | op=CREATE_VOLUME {admin=admin50076, owner=user82772, volume=volume17868, creationTime=1568968704615, quotaInBytes=1152921504606846976} | ret=SUCCESS |  
2019-09-20 08:38:24,626 | INFO  | OMAudit | user=jenkins1000 | ip=127.0.0.1 | op=CREATE_BUCKET {volume=volume17868, bucket=bucket51130, acls=[], isVersionEnabled=false, storageType=DISK, creationTime=0} | ret=SUCCESS |  
2019-09-20 08:38:24,646 | INFO  | OMAudit | user=jenkins1000 | ip=127.0.0.1 | op=READ_VOLUME {volume=volume17868} | ret=SUCCESS |  
2019-09-20 08:38:24,648 | INFO  | OMAudit | user=jenkins1000 | ip=127.0.0.1 | op=READ_BUCKET {volume=volume17868, bucket=bucket51130} | ret=SUCCESS |  
2019-09-20 08:38:24,679 [IPC Server handler 0 on 45931] INFO  pipeline.PipelinePlacementPolicy (PipelinePlacementPolicy.java:meetCriteria(91)) - Pipeline Placement: Doesn't meet the criteria to be viable node： 7e673b66-ddf6-4b97-a643-f59697fb3549 Heaviness: 6 limit: 5
2019-09-20 08:38:24,679 [IPC Server handler 0 on 45931] INFO  pipeline.PipelinePlacementPolicy (PipelinePlacementPolicy.java:meetCriteria(91)) - Pipeline Placement: Doesn't meet the criteria to be viable node： 22464498-4bd3-4a74-88e5-a0fbe623bf0e Heaviness: 6 limit: 5
2019-09-20 08:38:24,680 [IPC Server handler 0 on 45931] INFO  pipeline.PipelinePlacementPolicy (PipelinePlacementPolicy.java:meetCriteria(91)) - Pipeline Placement: Doesn't meet the criteria to be viable node： db6d3ca5-f12f-4d4c-aad8-4a2a4f640353 Heaviness: 6 limit: 5
2019-09-20 08:38:24,680 [IPC Server handler 0 on 45931] ERROR pipeline.PipelinePlacementPolicy (PipelinePlacementPolicy.java:filterViableNodes(148)) - Unable to find enough nodes that meet the criteria that cannot engage in more than 5 pipelines. Nodes required: 3 Found: 0, healthy nodes count inNodeManager: 3.
2019-09-20 08:38:24,680 [IPC Server handler 0 on 45931] ERROR pipeline.SCMPipelineManager (SCMPipelineManager.java:createPipeline(161)) - Pipeline creation failed due to exception: Unable to find enough nodes that meet the criteria that cannot engage in more than 5 pipelines. Nodes required: 3 Found: 0, healthy nodes count inNodeManager: 3.
2019-09-20 08:38:24,680 [IPC Server handler 0 on 45931] WARN  block.BlockManagerImpl (BlockManagerImpl.java:allocateBlock(192)) - Pipeline creation failed for type:RATIS factor:THREE. Retrying get pipelines call once.
org.apache.hadoop.hdds.scm.exceptions.SCMException: Unable to find enough nodes that meet the criteria that cannot engage in more than 5 pipelines. Nodes required: 3 Found: 0, healthy nodes count inNodeManager: 3.
	at org.apache.hadoop.hdds.scm.pipeline.PipelinePlacementPolicy.filterViableNodes(PipelinePlacementPolicy.java:149)
	at org.apache.hadoop.hdds.scm.pipeline.PipelinePlacementPolicy.chooseDatanodes(PipelinePlacementPolicy.java:172)
	at org.apache.hadoop.hdds.scm.pipeline.RatisPipelineProvider.create(RatisPipelineProvider.java:92)
	at org.apache.hadoop.hdds.scm.pipeline.PipelineFactory.create(PipelineFactory.java:57)
	at org.apache.hadoop.hdds.scm.pipeline.SCMPipelineManager.createPipeline(SCMPipelineManager.java:149)
	at org.apache.hadoop.hdds.scm.block.BlockManagerImpl.allocateBlock(BlockManagerImpl.java:190)
	at org.apache.hadoop.hdds.scm.server.SCMBlockProtocolServer.allocateBlock(SCMBlockProtocolServer.java:175)
	at org.apache.hadoop.ozone.protocolPB.ScmBlockLocationProtocolServerSideTranslatorPB.allocateScmBlock(ScmBlockLocationProtocolServerSideTranslatorPB.java:153)
	at org.apache.hadoop.ozone.protocolPB.ScmBlockLocationProtocolServerSideTranslatorPB.send(ScmBlockLocationProtocolServerSideTranslatorPB.java:112)
	at org.apache.hadoop.hdds.protocol.proto.ScmBlockLocationProtocolProtos$ScmBlockLocationProtocolService$2.callBlockingMethod(ScmBlockLocationProtocolProtos.java:13157)
	at org.apache.hadoop.ipc.ProtobufRpcEngine$Server$ProtoBufRpcInvoker.call(ProtobufRpcEngine.java:524)
	at org.apache.hadoop.ipc.RPC$Server.call(RPC.java:1025)
	at org.apache.hadoop.ipc.Server$RpcCall.run(Server.java:876)
	at org.apache.hadoop.ipc.Server$RpcCall.run(Server.java:822)
	at java.security.AccessController.doPrivileged(Native Method)
	at javax.security.auth.Subject.doAs(Subject.java:422)
	at org.apache.hadoop.security.UserGroupInformation.doAs(UserGroupInformation.java:1730)
	at org.apache.hadoop.ipc.Server$Handler.run(Server.java:2682)
2019-09-20 08:38:24,681 [IPC Server handler 0 on 45931] INFO  block.BlockManagerImpl (BlockManagerImpl.java:allocateBlock(198)) - Could not find available pipeline of type:RATIS and factor:THREE even after retrying
2019-09-20 08:38:24,681 [IPC Server handler 0 on 45931] ERROR block.BlockManagerImpl (BlockManagerImpl.java:allocateBlock(222)) - Unable to allocate a block for the size: 4194304, type: RATIS, factor: THREE
2019-09-20 08:38:24,681 | INFO  | SCMAudit | user=jenkins1000 | ip=192.168.36.79 | op=ALLOCATE_BLOCK {owner=84ce9f09-4327-4ac2-8e5f-72bfb0c0dd9b, size=4194304, type=RATIS, factor=THREE} | ret=SUCCESS |  
2019-09-20 08:38:24,684 | ERROR | OMAudit | user=jenkins1000 | ip=127.0.0.1 | op=CREATE_FILE {volume=volume17868, bucket=bucket51130, key=testCreateDoesNotAddParentDirKeys/parent/child, dataSize=0, replicationType=RATIS, replicationFactor=THREE, keyLocationInfo=null} | ret=FAILURE | org.apache.hadoop.hdds.scm.exceptions.SCMException: Allocated 0 blocks. Requested 1 blocks
	at org.apache.hadoop.hdds.scm.protocolPB.ScmBlockLocationProtocolClientSideTranslatorPB.handleError(ScmBlockLocationProtocolClientSideTranslatorPB.java:118)
	at org.apache.hadoop.hdds.scm.protocolPB.ScmBlockLocationProtocolClientSideTranslatorPB.allocateBlock(ScmBlockLocationProtocolClientSideTranslatorPB.java:156) 
2019-09-20 08:38:24,687 [Thread-1057] INFO  ozone.MiniOzoneClusterImpl (MiniOzoneClusterImpl.java:shutdown(321)) - Shutting down the Mini Ozone Cluster
2019-09-20 08:38:24,687 | INFO  | SCMAudit | user=null | ip=null | op=GET_SCM_INFO null | ret=SUCCESS |  
2019-09-20 08:38:24,687 [Thread-1057] INFO  ozone.MiniOzoneClusterImpl (MiniOzoneClusterImpl.java:stop(336)) - Stopping the Mini Ozone Cluster
2019-09-20 08:38:24,687 [Thread-1057] INFO  ozone.MiniOzoneClusterImpl (MiniOzoneClusterImpl.java:stop(338)) - Stopping the OzoneManager
2019-09-20 08:38:24,688 [Thread-1057] INFO  ipc.Server (Server.java:stop(3082)) - Stopping server on 39497
2019-09-20 08:38:24,691 [IPC Server listener on 39497] INFO  ipc.Server (Server.java:run(1185)) - Stopping IPC Server listener on 39497
2019-09-20 08:38:24,691 [IPC Server Responder] INFO  ipc.Server (Server.java:run(1319)) - Stopping IPC Server Responder
2019-09-20 08:38:24,691 [Thread-1057] INFO  ratis.OzoneManagerDoubleBuffer (OzoneManagerDoubleBuffer.java:stop(248)) - Stopping OMDoubleBuffer flush thread
2019-09-20 08:38:24,704 [OMDoubleBufferFlushThread] INFO  ratis.OzoneManagerDoubleBuffer (OzoneManagerDoubleBuffer.java:flushTransactions(191)) - OMDoubleBuffer flush thread OMDoubleBufferFlushThread is interrupted and will exit. OMDoubleBufferFlushThread
2019-09-20 08:38:24,705 [Thread-1057] INFO  utils.BackgroundService (BackgroundService.java:shutdown(148)) - Shutting down service KeyDeletingService
2019-09-20 08:38:24,707 [Thread-1057] INFO  handler.ContextHandler (ContextHandler.java:doStop(910)) - Stopped o.e.j.w.WebAppContext@6c8b5812{/,null,UNAVAILABLE}{/ozoneManager}
2019-09-20 08:38:24,707 [Thread-1057] INFO  server.AbstractConnector (AbstractConnector.java:doStop(318)) - Stopped ServerConnector@374fc253{HTTP/1.1,[http/1.1]}{0.0.0.0:0}
2019-09-20 08:38:24,708 [Thread-1057] INFO  handler.ContextHandler (ContextHandler.java:doStop(910)) - Stopped o.e.j.s.ServletContextHandler@5741fee4{/static,jar:file:/home/user/.m2/repository/org/apache/hadoop/hadoop-ozone-ozone-manager/0.5.0-SNAPSHOT/hadoop-ozone-ozone-manager-0.5.0-SNAPSHOT.jar!/webapps/static,UNAVAILABLE}
2019-09-20 08:38:24,708 [Thread-1057] INFO  handler.ContextHandler (ContextHandler.java:doStop(910)) - Stopped o.e.j.s.ServletContextHandler@47237bc9{/logs,file:///workdir/hadoop-ozone/ozonefs/target/log,UNAVAILABLE}
2019-09-20 08:38:24,710 [Thread-1057] INFO  ozone.MiniOzoneClusterImpl (MiniOzoneClusterImpl.java:stop(344)) - Shutting the HddsDatanodes
2019-09-20 08:38:24,711 [Thread-1057] INFO  datanode.ObjectStoreHandler (ObjectStoreHandler.java:close(155)) - Closing ObjectStoreHandler.
2019-09-20 08:38:24,711 [ForkJoinPool.commonPool-worker-1] INFO  datanode.ObjectStoreHandler (ObjectStoreHandler.java:close(155)) - Closing ObjectStoreHandler.
2019-09-20 08:38:24,711 [Thread-1057] INFO  ozone.HddsDatanodeService (HddsDatanodeService.java:stop(451)) - Stopped plug-in org.apache.hadoop.ozone.web.OzoneHddsDatanodeService@58101dd1
2019-09-20 08:38:24,712 [ForkJoinPool.commonPool-worker-1] INFO  ozone.HddsDatanodeService (HddsDatanodeService.java:stop(451)) - Stopped plug-in org.apache.hadoop.ozone.web.OzoneHddsDatanodeService@7021791f
2019-09-20 08:38:25,036 [Datanode State Machine Thread - 0] INFO  statemachine.DatanodeStateMachine (DatanodeStateMachine.java:lambda$startDaemon$0(350)) - Ozone container server started.
2019-09-20 08:38:25,260 [Datanode State Machine Thread - 0] INFO  statemachine.DatanodeStateMachine (DatanodeStateMachine.java:lambda$startDaemon$0(350)) - Ozone container server started.
2019-09-20 08:38:25,469 | INFO  | SCMAudit | user=jenkins1000 | ip=192.168.36.79 | op=SEND_HEARTBEAT {datanodeUUID=db6d3ca5-f12f-4d4c-aad8-4a2a4f640353, command=[]} | ret=SUCCESS |  
2019-09-20 08:38:26,047 [Thread-1229] INFO  container.ReplicationManager (ReplicationManager.java:start(151)) - Starting Replication Monitor Thread.
2019-09-20 08:38:26,049 [ReplicationMonitor] INFO  container.ReplicationManager (ReplicationManager.java:run(214)) - Replication Monitor Thread took 0 milliseconds for processing 0 containers.
2019-09-20 08:38:26,469 | INFO  | SCMAudit | user=jenkins1000 | ip=192.168.36.79 | op=SEND_HEARTBEAT {datanodeUUID=db6d3ca5-f12f-4d4c-aad8-4a2a4f640353, command=[]} | ret=SUCCESS |  
2019-09-20 08:38:27,469 | INFO  | SCMAudit | user=jenkins1000 | ip=192.168.36.79 | op=SEND_HEARTBEAT {datanodeUUID=db6d3ca5-f12f-4d4c-aad8-4a2a4f640353, command=[]} | ret=SUCCESS |  
2019-09-20 08:38:28,180 [Thread-1231] INFO  impl.FollowerState (FollowerState.java:run(106)) - 7e673b66-ddf6-4b97-a643-f59697fb3549:group-1F6AF170D025 changes to CANDIDATE, lastRpcTime:5078, electionTimeout:5078ms
2019-09-20 08:38:28,180 [Thread-1231] INFO  impl.RoleInfo (RoleInfo.java:shutdownFollowerState(121)) - 7e673b66-ddf6-4b97-a643-f59697fb3549: shutdown FollowerState
2019-09-20 08:38:28,181 [Thread-1231] INFO  impl.RaftServerImpl (RaftServerImpl.java:setRole(171)) - 7e673b66-ddf6-4b97-a643-f59697fb3549:group-1F6AF170D025 changes role from FOLLOWER to CANDIDATE at term 0 for changeToCandidate
2019-09-20 08:38:28,181 [Thread-1231] INFO  impl.RoleInfo (RoleInfo.java:updateAndGet(143)) - 7e673b66-ddf6-4b97-a643-f59697fb3549: start LeaderElection
2019-09-20 08:38:28,206 [7e673b66-ddf6-4b97-a643-f59697fb3549:group-1F6AF170D025:LeaderElection66] INFO  impl.LeaderElection (LeaderElection.java:askForVotes(181)) - 7e673b66-ddf6-4b97-a643-f59697fb3549:group-1F6AF170D025:LeaderElection66: begin an election at term 1 for -1: [7e673b66-ddf6-4b97-a643-f59697fb3549:192.168.36.79:35666], old=null
2019-09-20 08:38:28,207 [7e673b66-ddf6-4b97-a643-f59697fb3549:group-1F6AF170D025:LeaderElection66] INFO  impl.RoleInfo (RoleInfo.java:shutdownLeaderElection(134)) - 7e673b66-ddf6-4b97-a643-f59697fb3549: shutdown LeaderElection
2019-09-20 08:38:28,207 [7e673b66-ddf6-4b97-a643-f59697fb3549:group-1F6AF170D025:LeaderElection66] INFO  impl.RaftServerImpl (RaftServerImpl.java:setRole(171)) - 7e673b66-ddf6-4b97-a643-f59697fb3549:group-1F6AF170D025 changes role from CANDIDATE to LEADER at term 1 for changeToLeader
2019-09-20 08:38:28,207 [7e673b66-ddf6-4b97-a643-f59697fb3549:group-1F6AF170D025:LeaderElection66] INFO  impl.RaftServerImpl (ServerState.java:setLeader(263)) - 7e673b66-ddf6-4b97-a643-f59697fb3549:group-1F6AF170D025 change Leader from null to 7e673b66-ddf6-4b97-a643-f59697fb3549 at term 1 for becomeLeader, leader elected after 5109ms
2019-09-20 08:38:28,207 [7e673b66-ddf6-4b97-a643-f59697fb3549:group-1F6AF170D025:LeaderElection66] INFO  server.RaftServerConfigKeys (ConfUtils.java:logGet(43)) - raft.server.staging.catchup.gap = 1000 (default)
2019-09-20 08:38:28,207 [7e673b66-ddf6-4b97-a643-f59697fb3549:group-1F6AF170D025:LeaderElection66] INFO  server.RaftServerConfigKeys (ConfUtils.java:logGet(43)) - raft.server.rpc.sleep.time = 25ms (default)
2019-09-20 08:38:28,207 [7e673b66-ddf6-4b97-a643-f59697fb3549:group-1F6AF170D025:LeaderElection66] INFO  server.RaftServerConfigKeys (ConfUtils.java:logGet(43)) - raft.server.write.element-limit = 4096 (default)
2019-09-20 08:38:28,208 [7e673b66-ddf6-4b97-a643-f59697fb3549:group-1F6AF170D025:LeaderElection66] INFO  server.RaftServerConfigKeys (ConfUtils.java:logGet(43)) - raft.server.watch.timeout = 10s (default)
2019-09-20 08:38:28,208 [7e673b66-ddf6-4b97-a643-f59697fb3549:group-1F6AF170D025:LeaderElection66] INFO  server.RaftServerConfigKeys (ConfUtils.java:logGet(43)) - raft.server.watch.timeout.denomination = 1s (default)
2019-09-20 08:38:28,208 [7e673b66-ddf6-4b97-a643-f59697fb3549:group-1F6AF170D025:LeaderElection66] INFO  server.RaftServerConfigKeys (ConfUtils.java:logGet(43)) - raft.server.watch.element-limit = 65536 (default)
2019-09-20 08:38:28,208 [7e673b66-ddf6-4b97-a643-f59697fb3549:group-1F6AF170D025:LeaderElection66] INFO  impl.RoleInfo (RoleInfo.java:updateAndGet(143)) - 7e673b66-ddf6-4b97-a643-f59697fb3549: start LeaderState
2019-09-20 08:38:28,209 [7e673b66-ddf6-4b97-a643-f59697fb3549:group-1F6AF170D025:LeaderElection66] INFO  segmented.SegmentedRaftLogWorker (SegmentedRaftLogWorker.java:startLogSegment(380)) - 7e673b66-ddf6-4b97-a643-f59697fb3549-SegmentedRaftLogWorker:Storage Directory /workdir/hadoop-ozone/ozonefs/target/test-dir/MiniOzoneClusterImpl-0e2437da-0aee-42ff-b383-10e9a9564f41/datanode-0/data/ratis/c3af1e75-f44a-493a-8b3d-1f6af170d025: Starting segment from index:0
2019-09-20 08:38:28,209 [7e673b66-ddf6-4b97-a643-f59697fb3549:group-1F6AF170D025:LeaderElection66] INFO  impl.RaftServerImpl (ServerState.java:setRaftConf(361)) - 7e673b66-ddf6-4b97-a643-f59697fb3549:group-1F6AF170D025 set configuration 0: [7e673b66-ddf6-4b97-a643-f59697fb3549:192.168.36.79:35666], old=null at 0
2019-09-20 08:38:28,262 [7e673b66-ddf6-4b97-a643-f59697fb3549-SegmentedRaftLogWorker:Storage Directory /workdir/hadoop-ozone/ozonefs/target/test-dir/MiniOzoneClusterImpl-0e2437da-0aee-42ff-b383-10e9a9564f41/datanode-0/data/ratis/c3af1e75-f44a-493a-8b3d-1f6af170d025] INFO  segmented.SegmentedRaftLogWorker (SegmentedRaftLogWorker.java:execute(569)) - 7e673b66-ddf6-4b97-a643-f59697fb3549-SegmentedRaftLogWorker:Storage Directory /workdir/hadoop-ozone/ozonefs/target/test-dir/MiniOzoneClusterImpl-0e2437da-0aee-42ff-b383-10e9a9564f41/datanode-0/data/ratis/c3af1e75-f44a-493a-8b3d-1f6af170d025: created new log segment /workdir/hadoop-ozone/ozonefs/target/test-dir/MiniOzoneClusterImpl-0e2437da-0aee-42ff-b383-10e9a9564f41/datanode-0/data/ratis/c3af1e75-f44a-493a-8b3d-1f6af170d025/current/log_inprogress_0
2019-09-20 08:38:28,325 [Thread-1237] INFO  impl.FollowerState (FollowerState.java:run(106)) - 7e673b66-ddf6-4b97-a643-f59697fb3549:group-7FCF35AD64FC changes to CANDIDATE, lastRpcTime:5129, electionTimeout:5129ms
2019-09-20 08:38:28,325 [Thread-1237] INFO  impl.RoleInfo (RoleInfo.java:shutdownFollowerState(121)) - 7e673b66-ddf6-4b97-a643-f59697fb3549: shutdown FollowerState
2019-09-20 08:38:28,326 [Thread-1237] INFO  impl.RaftServerImpl (RaftServerImpl.java:setRole(171)) - 7e673b66-ddf6-4b97-a643-f59697fb3549:group-7FCF35AD64FC changes role from FOLLOWER to CANDIDATE at term 0 for changeToCandidate
2019-09-20 08:38:28,326 [Thread-1237] INFO  impl.RoleInfo (RoleInfo.java:updateAndGet(143)) - 7e673b66-ddf6-4b97-a643-f59697fb3549: start LeaderElection
2019-09-20 08:38:28,337 [Thread-1243] INFO  impl.FollowerState (FollowerState.java:run(106)) - 7e673b66-ddf6-4b97-a643-f59697fb3549:group-9C094EEBB2FC changes to CANDIDATE, lastRpcTime:5033, electionTimeout:5033ms
2019-09-20 08:38:28,337 [Thread-1243] INFO  impl.RoleInfo (RoleInfo.java:shutdownFollowerState(121)) - 7e673b66-ddf6-4b97-a643-f59697fb3549: shutdown FollowerState
2019-09-20 08:38:28,337 [Thread-1243] INFO  impl.RaftServerImpl (RaftServerImpl.java:setRole(171)) - 7e673b66-ddf6-4b97-a643-f59697fb3549:group-9C094EEBB2FC changes role from FOLLOWER to CANDIDATE at term 0 for changeToCandidate
2019-09-20 08:38:28,338 [Thread-1243] INFO  impl.RoleInfo (RoleInfo.java:updateAndGet(143)) - 7e673b66-ddf6-4b97-a643-f59697fb3549: start LeaderElection
2019-09-20 08:38:28,344 [Thread-1234] INFO  impl.FollowerState (FollowerState.java:run(106)) - 7e673b66-ddf6-4b97-a643-f59697fb3549:group-C66BE12FC56C changes to CANDIDATE, lastRpcTime:5186, electionTimeout:5186ms
2019-09-20 08:38:28,344 [Thread-1234] INFO  impl.RoleInfo (RoleInfo.java:shutdownFollowerState(121)) - 7e673b66-ddf6-4b97-a643-f59697fb3549: shutdown FollowerState
2019-09-20 08:38:28,344 [Thread-1234] INFO  impl.RaftServerImpl (RaftServerImpl.java:setRole(171)) - 7e673b66-ddf6-4b97-a643-f59697fb3549:group-C66BE12FC56C changes role from FOLLOWER to CANDIDATE at term 0 for changeToCandidate
2019-09-20 08:38:28,344 [Thread-1234] INFO  impl.RoleInfo (RoleInfo.java:updateAndGet(143)) - 7e673b66-ddf6-4b97-a643-f59697fb3549: start LeaderElection
2019-09-20 08:38:28,354 [7e673b66-ddf6-4b97-a643-f59697fb3549:group-9C094EEBB2FC:LeaderElection68] INFO  impl.LeaderElection (LeaderElection.java:askForVotes(181)) - 7e673b66-ddf6-4b97-a643-f59697fb3549:group-9C094EEBB2FC:LeaderElection68: begin an election at term 1 for -1: [7e673b66-ddf6-4b97-a643-f59697fb3549:192.168.36.79:35666], old=null
2019-09-20 08:38:28,354 [7e673b66-ddf6-4b97-a643-f59697fb3549:group-7FCF35AD64FC:LeaderElection67] INFO  impl.LeaderElection (LeaderElection.java:askForVotes(181)) - 7e673b66-ddf6-4b97-a643-f59697fb3549:group-7FCF35AD64FC:LeaderElection67: begin an election at term 1 for -1: [7e673b66-ddf6-4b97-a643-f59697fb3549:192.168.36.79:35666], old=null
2019-09-20 08:38:28,354 [7e673b66-ddf6-4b97-a643-f59697fb3549:group-9C094EEBB2FC:LeaderElection68] INFO  impl.RoleInfo (RoleInfo.java:shutdownLeaderElection(134)) - 7e673b66-ddf6-4b97-a643-f59697fb3549: shutdown LeaderElection
2019-09-20 08:38:28,354 [7e673b66-ddf6-4b97-a643-f59697fb3549:group-7FCF35AD64FC:LeaderElection67] INFO  impl.RoleInfo (RoleInfo.java:shutdownLeaderElection(134)) - 7e673b66-ddf6-4b97-a643-f59697fb3549: shutdown LeaderElection
2019-09-20 08:38:28,354 [7e673b66-ddf6-4b97-a643-f59697fb3549:group-9C094EEBB2FC:LeaderElection68] INFO  impl.RaftServerImpl (RaftServerImpl.java:setRole(171)) - 7e673b66-ddf6-4b97-a643-f59697fb3549:group-9C094EEBB2FC changes role from CANDIDATE to LEADER at term 1 for changeToLeader
2019-09-20 08:38:28,355 [7e673b66-ddf6-4b97-a643-f59697fb3549:group-7FCF35AD64FC:LeaderElection67] INFO  impl.RaftServerImpl (RaftServerImpl.java:setRole(171)) - 7e673b66-ddf6-4b97-a643-f59697fb3549:group-7FCF35AD64FC changes role from CANDIDATE to LEADER at term 1 for changeToLeader
2019-09-20 08:38:28,355 [7e673b66-ddf6-4b97-a643-f59697fb3549:group-7FCF35AD64FC:LeaderElection67] INFO  impl.RaftServerImpl (ServerState.java:setLeader(263)) - 7e673b66-ddf6-4b97-a643-f59697fb3549:group-7FCF35AD64FC change Leader from null to 7e673b66-ddf6-4b97-a643-f59697fb3549 at term 1 for becomeLeader, leader elected after 5162ms
2019-09-20 08:38:28,355 [7e673b66-ddf6-4b97-a643-f59697fb3549:group-9C094EEBB2FC:LeaderElection68] INFO  impl.RaftServerImpl (ServerState.java:setLeader(263)) - 7e673b66-ddf6-4b97-a643-f59697fb3549:group-9C094EEBB2FC change Leader from null to 7e673b66-ddf6-4b97-a643-f59697fb3549 at term 1 for becomeLeader, leader elected after 5055ms
2019-09-20 08:38:28,355 [7e673b66-ddf6-4b97-a643-f59697fb3549:group-7FCF35AD64FC:LeaderElection67] INFO  server.RaftServerConfigKeys (ConfUtils.java:logGet(43)) - raft.server.staging.catchup.gap = 1000 (default)
2019-09-20 08:38:28,355 [7e673b66-ddf6-4b97-a643-f59697fb3549:group-9C094EEBB2FC:LeaderElection68] INFO  server.RaftServerConfigKeys (ConfUtils.java:logGet(43)) - raft.server.staging.catchup.gap = 1000 (default)
2019-09-20 08:38:28,355 [7e673b66-ddf6-4b97-a643-f59697fb3549:group-7FCF35AD64FC:LeaderElection67] INFO  server.RaftServerConfigKeys (ConfUtils.java:logGet(43)) - raft.server.rpc.sleep.time = 25ms (default)
2019-09-20 08:38:28,355 [7e673b66-ddf6-4b97-a643-f59697fb3549:group-9C094EEBB2FC:LeaderElection68] INFO  server.RaftServerConfigKeys (ConfUtils.java:logGet(43)) - raft.server.rpc.sleep.time = 25ms (default)
2019-09-20 08:38:28,355 [7e673b66-ddf6-4b97-a643-f59697fb3549:group-7FCF35AD64FC:LeaderElection67] INFO  server.RaftServerConfigKeys (ConfUtils.java:logGet(43)) - raft.server.write.element-limit = 4096 (default)
2019-09-20 08:38:28,356 [7e673b66-ddf6-4b97-a643-f59697fb3549:group-9C094EEBB2FC:LeaderElection68] INFO  server.RaftServerConfigKeys (ConfUtils.java:logGet(43)) - raft.server.write.element-limit = 4096 (default)
2019-09-20 08:38:28,356 [7e673b66-ddf6-4b97-a643-f59697fb3549:group-7FCF35AD64FC:LeaderElection67] INFO  server.RaftServerConfigKeys (ConfUtils.java:logGet(43)) - raft.server.watch.timeout = 10s (default)
2019-09-20 08:38:28,356 [7e673b66-ddf6-4b97-a643-f59697fb3549:group-9C094EEBB2FC:LeaderElection68] INFO  server.RaftServerConfigKeys (ConfUtils.java:logGet(43)) - raft.server.watch.timeout = 10s (default)
2019-09-20 08:38:28,356 [7e673b66-ddf6-4b97-a643-f59697fb3549:group-7FCF35AD64FC:LeaderElection67] INFO  server.RaftServerConfigKeys (ConfUtils.java:logGet(43)) - raft.server.watch.timeout.denomination = 1s (default)
2019-09-20 08:38:28,356 [7e673b66-ddf6-4b97-a643-f59697fb3549:group-9C094EEBB2FC:LeaderElection68] INFO  server.RaftServerConfigKeys (ConfUtils.java:logGet(43)) - raft.server.watch.timeout.denomination = 1s (default)
2019-09-20 08:38:28,356 [7e673b66-ddf6-4b97-a643-f59697fb3549:group-7FCF35AD64FC:LeaderElection67] INFO  server.RaftServerConfigKeys (ConfUtils.java:logGet(43)) - raft.server.watch.element-limit = 65536 (default)
2019-09-20 08:38:28,356 [7e673b66-ddf6-4b97-a643-f59697fb3549:group-9C094EEBB2FC:LeaderElection68] INFO  server.RaftServerConfigKeys (ConfUtils.java:logGet(43)) - raft.server.watch.element-limit = 65536 (default)
2019-09-20 08:38:28,357 [7e673b66-ddf6-4b97-a643-f59697fb3549:group-7FCF35AD64FC:LeaderElection67] INFO  impl.RoleInfo (RoleInfo.java:updateAndGet(143)) - 7e673b66-ddf6-4b97-a643-f59697fb3549: start LeaderState
2019-09-20 08:38:28,357 [7e673b66-ddf6-4b97-a643-f59697fb3549:group-9C094EEBB2FC:LeaderElection68] INFO  impl.RoleInfo (RoleInfo.java:updateAndGet(143)) - 7e673b66-ddf6-4b97-a643-f59697fb3549: start LeaderState
2019-09-20 08:38:28,357 [7e673b66-ddf6-4b97-a643-f59697fb3549:group-7FCF35AD64FC:LeaderElection67] INFO  segmented.SegmentedRaftLogWorker (SegmentedRaftLogWorker.java:startLogSegment(380)) - 7e673b66-ddf6-4b97-a643-f59697fb3549-SegmentedRaftLogWorker:Storage Directory /workdir/hadoop-ozone/ozonefs/target/test-dir/MiniOzoneClusterImpl-0e2437da-0aee-42ff-b383-10e9a9564f41/datanode-0/data/ratis/d4436d04-3bbf-4878-aefc-7fcf35ad64fc: Starting segment from index:0
2019-09-20 08:38:28,357 [7e673b66-ddf6-4b97-a643-f59697fb3549:group-9C094EEBB2FC:LeaderElection68] INFO  segmented.SegmentedRaftLogWorker (SegmentedRaftLogWorker.java:startLogSegment(380)) - 7e673b66-ddf6-4b97-a643-f59697fb3549-SegmentedRaftLogWorker:Storage Directory /workdir/hadoop-ozone/ozonefs/target/test-dir/MiniOzoneClusterImpl-0e2437da-0aee-42ff-b383-10e9a9564f41/datanode-0/data/ratis/785adc97-32ba-4b42-aa86-9c094eebb2fc: Starting segment from index:0
2019-09-20 08:38:28,358 [7e673b66-ddf6-4b97-a643-f59697fb3549:group-7FCF35AD64FC:LeaderElection67] INFO  impl.RaftServerImpl (ServerState.java:setRaftConf(361)) - 7e673b66-ddf6-4b97-a643-f59697fb3549:group-7FCF35AD64FC set configuration 0: [7e673b66-ddf6-4b97-a643-f59697fb3549:192.168.36.79:35666], old=null at 0
2019-09-20 08:38:28,358 [7e673b66-ddf6-4b97-a643-f59697fb3549:group-9C094EEBB2FC:LeaderElection68] INFO  impl.RaftServerImpl (ServerState.java:setRaftConf(361)) - 7e673b66-ddf6-4b97-a643-f59697fb3549:group-9C094EEBB2FC set configuration 0: [7e673b66-ddf6-4b97-a643-f59697fb3549:192.168.36.79:35666], old=null at 0
2019-09-20 08:38:28,371 [7e673b66-ddf6-4b97-a643-f59697fb3549:group-C66BE12FC56C:LeaderElection69] INFO  impl.LeaderElection (LeaderElection.java:askForVotes(181)) - 7e673b66-ddf6-4b97-a643-f59697fb3549:group-C66BE12FC56C:LeaderElection69: begin an election at term 1 for -1: [7e673b66-ddf6-4b97-a643-f59697fb3549:192.168.36.79:35666], old=null
2019-09-20 08:38:28,371 [7e673b66-ddf6-4b97-a643-f59697fb3549:group-C66BE12FC56C:LeaderElection69] INFO  impl.RoleInfo (RoleInfo.java:shutdownLeaderElection(134)) - 7e673b66-ddf6-4b97-a643-f59697fb3549: shutdown LeaderElection
2019-09-20 08:38:28,371 [7e673b66-ddf6-4b97-a643-f59697fb3549:group-C66BE12FC56C:LeaderElection69] INFO  impl.RaftServerImpl (RaftServerImpl.java:setRole(171)) - 7e673b66-ddf6-4b97-a643-f59697fb3549:group-C66BE12FC56C changes role from CANDIDATE to LEADER at term 1 for changeToLeader
2019-09-20 08:38:28,371 [7e673b66-ddf6-4b97-a643-f59697fb3549:group-C66BE12FC56C:LeaderElection69] INFO  impl.RaftServerImpl (ServerState.java:setLeader(263)) - 7e673b66-ddf6-4b97-a643-f59697fb3549:group-C66BE12FC56C change Leader from null to 7e673b66-ddf6-4b97-a643-f59697fb3549 at term 1 for becomeLeader, leader elected after 5217ms
2019-09-20 08:38:28,371 [7e673b66-ddf6-4b97-a643-f59697fb3549:group-C66BE12FC56C:LeaderElection69] INFO  server.RaftServerConfigKeys (ConfUtils.java:logGet(43)) - raft.server.staging.catchup.gap = 1000 (default)
2019-09-20 08:38:28,372 [7e673b66-ddf6-4b97-a643-f59697fb3549:group-C66BE12FC56C:LeaderElection69] INFO  server.RaftServerConfigKeys (ConfUtils.java:logGet(43)) - raft.server.rpc.sleep.time = 25ms (default)
2019-09-20 08:38:28,372 [7e673b66-ddf6-4b97-a643-f59697fb3549:group-C66BE12FC56C:LeaderElection69] INFO  server.RaftServerConfigKeys (ConfUtils.java:logGet(43)) - raft.server.write.element-limit = 4096 (default)
2019-09-20 08:38:28,372 [7e673b66-ddf6-4b97-a643-f59697fb3549:group-C66BE12FC56C:LeaderElection69] INFO  server.RaftServerConfigKeys (ConfUtils.java:logGet(43)) - raft.server.watch.timeout = 10s (default)
2019-09-20 08:38:28,372 [7e673b66-ddf6-4b97-a643-f59697fb3549:group-C66BE12FC56C:LeaderElection69] INFO  server.RaftServerConfigKeys (ConfUtils.java:logGet(43)) - raft.server.watch.timeout.denomination = 1s (default)
2019-09-20 08:38:28,372 [7e673b66-ddf6-4b97-a643-f59697fb3549:group-C66BE12FC56C:LeaderElection69] INFO  server.RaftServerConfigKeys (ConfUtils.java:logGet(43)) - raft.server.watch.element-limit = 65536 (default)
2019-09-20 08:38:28,373 [7e673b66-ddf6-4b97-a643-f59697fb3549:group-C66BE12FC56C:LeaderElection69] INFO  impl.RoleInfo (RoleInfo.java:updateAndGet(143)) - 7e673b66-ddf6-4b97-a643-f59697fb3549: start LeaderState
2019-09-20 08:38:28,373 [7e673b66-ddf6-4b97-a643-f59697fb3549:group-C66BE12FC56C:LeaderElection69] INFO  segmented.SegmentedRaftLogWorker (SegmentedRaftLogWorker.java:startLogSegment(380)) - 7e673b66-ddf6-4b97-a643-f59697fb3549-SegmentedRaftLogWorker:Storage Directory /workdir/hadoop-ozone/ozonefs/target/test-dir/MiniOzoneClusterImpl-0e2437da-0aee-42ff-b383-10e9a9564f41/datanode-0/data/ratis/d3f4c10a-5bc0-4600-a7f5-c66be12fc56c: Starting segment from index:0
2019-09-20 08:38:28,373 [Thread-1240] INFO  impl.FollowerState (FollowerState.java:run(106)) - 7e673b66-ddf6-4b97-a643-f59697fb3549:group-AD8C133633DC changes to CANDIDATE, lastRpcTime:5120, electionTimeout:5120ms
2019-09-20 08:38:28,373 [Thread-1240] INFO  impl.RoleInfo (RoleInfo.java:shutdownFollowerState(121)) - 7e673b66-ddf6-4b97-a643-f59697fb3549: shutdown FollowerState
2019-09-20 08:38:28,374 [Thread-1240] INFO  impl.RaftServerImpl (RaftServerImpl.java:setRole(171)) - 7e673b66-ddf6-4b97-a643-f59697fb3549:group-AD8C133633DC changes role from FOLLOWER to CANDIDATE at term 0 for changeToCandidate
2019-09-20 08:38:28,374 [Thread-1240] INFO  impl.RoleInfo (RoleInfo.java:updateAndGet(143)) - 7e673b66-ddf6-4b97-a643-f59697fb3549: start LeaderElection
2019-09-20 08:38:28,374 [7e673b66-ddf6-4b97-a643-f59697fb3549:group-C66BE12FC56C:LeaderElection69] INFO  impl.RaftServerImpl (ServerState.java:setRaftConf(361)) - 7e673b66-ddf6-4b97-a643-f59697fb3549:group-C66BE12FC56C set configuration 0: [7e673b66-ddf6-4b97-a643-f59697fb3549:192.168.36.79:35666], old=null at 0
2019-09-20 08:38:28,395 [7e673b66-ddf6-4b97-a643-f59697fb3549:group-AD8C133633DC:LeaderElection70] INFO  impl.LeaderElection (LeaderElection.java:askForVotes(181)) - 7e673b66-ddf6-4b97-a643-f59697fb3549:group-AD8C133633DC:LeaderElection70: begin an election at term 1 for -1: [7e673b66-ddf6-4b97-a643-f59697fb3549:192.168.36.79:35666], old=null
2019-09-20 08:38:28,395 [7e673b66-ddf6-4b97-a643-f59697fb3549:group-AD8C133633DC:LeaderElection70] INFO  impl.RoleInfo (RoleInfo.java:shutdownLeaderElection(134)) - 7e673b66-ddf6-4b97-a643-f59697fb3549: shutdown LeaderElection
2019-09-20 08:38:28,395 [7e673b66-ddf6-4b97-a643-f59697fb3549:group-AD8C133633DC:LeaderElection70] INFO  impl.RaftServerImpl (RaftServerImpl.java:setRole(171)) - 7e673b66-ddf6-4b97-a643-f59697fb3549:group-AD8C133633DC changes role from CANDIDATE to LEADER at term 1 for changeToLeader
2019-09-20 08:38:28,395 [7e673b66-ddf6-4b97-a643-f59697fb3549:group-AD8C133633DC:LeaderElection70] INFO  impl.RaftServerImpl (ServerState.java:setLeader(263)) - 7e673b66-ddf6-4b97-a643-f59697fb3549:group-AD8C133633DC change Leader from null to 7e673b66-ddf6-4b97-a643-f59697fb3549 at term 1 for becomeLeader, leader elected after 5147ms
2019-09-20 08:38:28,396 [7e673b66-ddf6-4b97-a643-f59697fb3549:group-AD8C133633DC:LeaderElection70] INFO  server.RaftServerConfigKeys (ConfUtils.java:logGet(43)) - raft.server.staging.catchup.gap = 1000 (default)
2019-09-20 08:38:28,396 [7e673b66-ddf6-4b97-a643-f59697fb3549:group-AD8C133633DC:LeaderElection70] INFO  server.RaftServerConfigKeys (ConfUtils.java:logGet(43)) - raft.server.rpc.sleep.time = 25ms (default)
2019-09-20 08:38:28,396 [7e673b66-ddf6-4b97-a643-f59697fb3549:group-AD8C133633DC:LeaderElection70] INFO  server.RaftServerConfigKeys (ConfUtils.java:logGet(43)) - raft.server.write.element-limit = 4096 (default)
2019-09-20 08:38:28,396 [7e673b66-ddf6-4b97-a643-f59697fb3549:group-AD8C133633DC:LeaderElection70] INFO  server.RaftServerConfigKeys (ConfUtils.java:logGet(43)) - raft.server.watch.timeout = 10s (default)
2019-09-20 08:38:28,396 [7e673b66-ddf6-4b97-a643-f59697fb3549:group-AD8C133633DC:LeaderElection70] INFO  server.RaftServerConfigKeys (ConfUtils.java:logGet(43)) - raft.server.watch.timeout.denomination = 1s (default)
2019-09-20 08:38:28,396 [7e673b66-ddf6-4b97-a643-f59697fb3549:group-AD8C133633DC:LeaderElection70] INFO  server.RaftServerConfigKeys (ConfUtils.java:logGet(43)) - raft.server.watch.element-limit = 65536 (default)
2019-09-20 08:38:28,397 [7e673b66-ddf6-4b97-a643-f59697fb3549:group-AD8C133633DC:LeaderElection70] INFO  impl.RoleInfo (RoleInfo.java:updateAndGet(143)) - 7e673b66-ddf6-4b97-a643-f59697fb3549: start LeaderState
2019-09-20 08:38:28,397 [7e673b66-ddf6-4b97-a643-f59697fb3549:group-AD8C133633DC:LeaderElection70] INFO  segmented.SegmentedRaftLogWorker (SegmentedRaftLogWorker.java:startLogSegment(380)) - 7e673b66-ddf6-4b97-a643-f59697fb3549-SegmentedRaftLogWorker:Storage Directory /workdir/hadoop-ozone/ozonefs/target/test-dir/MiniOzoneClusterImpl-0e2437da-0aee-42ff-b383-10e9a9564f41/datanode-0/data/ratis/a2efbe0f-dcf6-442c-ad97-ad8c133633dc: Starting segment from index:0
2019-09-20 08:38:28,398 [7e673b66-ddf6-4b97-a643-f59697fb3549:group-AD8C133633DC:LeaderElection70] INFO  impl.RaftServerImpl (ServerState.java:setRaftConf(361)) - 7e673b66-ddf6-4b97-a643-f59697fb3549:group-AD8C133633DC set configuration 0: [7e673b66-ddf6-4b97-a643-f59697fb3549:192.168.36.79:35666], old=null at 0
2019-09-20 08:38:28,412 [7e673b66-ddf6-4b97-a643-f59697fb3549-SegmentedRaftLogWorker:Storage Directory /workdir/hadoop-ozone/ozonefs/target/test-dir/MiniOzoneClusterImpl-0e2437da-0aee-42ff-b383-10e9a9564f41/datanode-0/data/ratis/d4436d04-3bbf-4878-aefc-7fcf35ad64fc] INFO  segmented.SegmentedRaftLogWorker (SegmentedRaftLogWorker.java:execute(569)) - 7e673b66-ddf6-4b97-a643-f59697fb3549-SegmentedRaftLogWorker:Storage Directory /workdir/hadoop-ozone/ozonefs/target/test-dir/MiniOzoneClusterImpl-0e2437da-0aee-42ff-b383-10e9a9564f41/datanode-0/data/ratis/d4436d04-3bbf-4878-aefc-7fcf35ad64fc: created new log segment /workdir/hadoop-ozone/ozonefs/target/test-dir/MiniOzoneClusterImpl-0e2437da-0aee-42ff-b383-10e9a9564f41/datanode-0/data/ratis/d4436d04-3bbf-4878-aefc-7fcf35ad64fc/current/log_inprogress_0
2019-09-20 08:38:28,412 [7e673b66-ddf6-4b97-a643-f59697fb3549-SegmentedRaftLogWorker:Storage Directory /workdir/hadoop-ozone/ozonefs/target/test-dir/MiniOzoneClusterImpl-0e2437da-0aee-42ff-b383-10e9a9564f41/datanode-0/data/ratis/785adc97-32ba-4b42-aa86-9c094eebb2fc] INFO  segmented.SegmentedRaftLogWorker (SegmentedRaftLogWorker.java:execute(569)) - 7e673b66-ddf6-4b97-a643-f59697fb3549-SegmentedRaftLogWorker:Storage Directory /workdir/hadoop-ozone/ozonefs/target/test-dir/MiniOzoneClusterImpl-0e2437da-0aee-42ff-b383-10e9a9564f41/datanode-0/data/ratis/785adc97-32ba-4b42-aa86-9c094eebb2fc: created new log segment /workdir/hadoop-ozone/ozonefs/target/test-dir/MiniOzoneClusterImpl-0e2437da-0aee-42ff-b383-10e9a9564f41/datanode-0/data/ratis/785adc97-32ba-4b42-aa86-9c094eebb2fc/current/log_inprogress_0
2019-09-20 08:38:28,429 [7e673b66-ddf6-4b97-a643-f59697fb3549-SegmentedRaftLogWorker:Storage Directory /workdir/hadoop-ozone/ozonefs/target/test-dir/MiniOzoneClusterImpl-0e2437da-0aee-42ff-b383-10e9a9564f41/datanode-0/data/ratis/d3f4c10a-5bc0-4600-a7f5-c66be12fc56c] INFO  segmented.SegmentedRaftLogWorker (SegmentedRaftLogWorker.java:execute(569)) - 7e673b66-ddf6-4b97-a643-f59697fb3549-SegmentedRaftLogWorker:Storage Directory /workdir/hadoop-ozone/ozonefs/target/test-dir/MiniOzoneClusterImpl-0e2437da-0aee-42ff-b383-10e9a9564f41/datanode-0/data/ratis/d3f4c10a-5bc0-4600-a7f5-c66be12fc56c: created new log segment /workdir/hadoop-ozone/ozonefs/target/test-dir/MiniOzoneClusterImpl-0e2437da-0aee-42ff-b383-10e9a9564f41/datanode-0/data/ratis/d3f4c10a-5bc0-4600-a7f5-c66be12fc56c/current/log_inprogress_0
2019-09-20 08:38:28,440 [Thread-1249] INFO  impl.FollowerState (FollowerState.java:run(106)) - 7e673b66-ddf6-4b97-a643-f59697fb3549:group-F933D7DC1CEB changes to CANDIDATE, lastRpcTime:5002, electionTimeout:5002ms
2019-09-20 08:38:28,440 [Thread-1249] INFO  impl.RoleInfo (RoleInfo.java:shutdownFollowerState(121)) - 7e673b66-ddf6-4b97-a643-f59697fb3549: shutdown FollowerState
2019-09-20 08:38:28,440 [Thread-1249] INFO  impl.RaftServerImpl (RaftServerImpl.java:setRole(171)) - 7e673b66-ddf6-4b97-a643-f59697fb3549:group-F933D7DC1CEB changes role from FOLLOWER to CANDIDATE at term 0 for changeToCandidate
2019-09-20 08:38:28,441 [Thread-1249] INFO  impl.RoleInfo (RoleInfo.java:updateAndGet(143)) - 7e673b66-ddf6-4b97-a643-f59697fb3549: start LeaderElection
2019-09-20 08:38:28,455 [7e673b66-ddf6-4b97-a643-f59697fb3549-SegmentedRaftLogWorker:Storage Directory /workdir/hadoop-ozone/ozonefs/target/test-dir/MiniOzoneClusterImpl-0e2437da-0aee-42ff-b383-10e9a9564f41/datanode-0/data/ratis/a2efbe0f-dcf6-442c-ad97-ad8c133633dc] INFO  segmented.SegmentedRaftLogWorker (SegmentedRaftLogWorker.java:execute(569)) - 7e673b66-ddf6-4b97-a643-f59697fb3549-SegmentedRaftLogWorker:Storage Directory /workdir/hadoop-ozone/ozonefs/target/test-dir/MiniOzoneClusterImpl-0e2437da-0aee-42ff-b383-10e9a9564f41/datanode-0/data/ratis/a2efbe0f-dcf6-442c-ad97-ad8c133633dc: created new log segment /workdir/hadoop-ozone/ozonefs/target/test-dir/MiniOzoneClusterImpl-0e2437da-0aee-42ff-b383-10e9a9564f41/datanode-0/data/ratis/a2efbe0f-dcf6-442c-ad97-ad8c133633dc/current/log_inprogress_0
2019-09-20 08:38:28,468 | INFO  | SCMAudit | user=jenkins1000 | ip=192.168.36.79 | op=SEND_HEARTBEAT {datanodeUUID=db6d3ca5-f12f-4d4c-aad8-4a2a4f640353, command=[]} | ret=SUCCESS |  
2019-09-20 08:38:28,472 [7e673b66-ddf6-4b97-a643-f59697fb3549:group-F933D7DC1CEB:LeaderElection71] INFO  impl.LeaderElection (LeaderElection.java:askForVotes(181)) - 7e673b66-ddf6-4b97-a643-f59697fb3549:group-F933D7DC1CEB:LeaderElection71: begin an election at term 1 for -1: [7e673b66-ddf6-4b97-a643-f59697fb3549:192.168.36.79:35666], old=null
2019-09-20 08:38:28,472 [7e673b66-ddf6-4b97-a643-f59697fb3549:group-F933D7DC1CEB:LeaderElection71] INFO  impl.RoleInfo (RoleInfo.java:shutdownLeaderElection(134)) - 7e673b66-ddf6-4b97-a643-f59697fb3549: shutdown LeaderElection
2019-09-20 08:38:28,472 [7e673b66-ddf6-4b97-a643-f59697fb3549:group-F933D7DC1CEB:LeaderElection71] INFO  impl.RaftServerImpl (RaftServerImpl.java:setRole(171)) - 7e673b66-ddf6-4b97-a643-f59697fb3549:group-F933D7DC1CEB changes role from CANDIDATE to LEADER at term 1 for changeToLeader
2019-09-20 08:38:28,472 [7e673b66-ddf6-4b97-a643-f59697fb3549:group-F933D7DC1CEB:LeaderElection71] INFO  impl.RaftServerImpl (ServerState.java:setLeader(263)) - 7e673b66-ddf6-4b97-a643-f59697fb3549:group-F933D7DC1CEB change Leader from null to 7e673b66-ddf6-4b97-a643-f59697fb3549 at term 1 for becomeLeader, leader elected after 5038ms
2019-09-20 08:38:28,472 [7e673b66-ddf6-4b97-a643-f59697fb3549:group-F933D7DC1CEB:LeaderElection71] INFO  server.RaftServerConfigKeys (ConfUtils.java:logGet(43)) - raft.server.staging.catchup.gap = 1000 (default)
2019-09-20 08:38:28,473 [7e673b66-ddf6-4b97-a643-f59697fb3549:group-F933D7DC1CEB:LeaderElection71] INFO  server.RaftServerConfigKeys (ConfUtils.java:logGet(43)) - raft.server.rpc.sleep.time = 25ms (default)
2019-09-20 08:38:28,473 [7e673b66-ddf6-4b97-a643-f59697fb3549:group-F933D7DC1CEB:LeaderElection71] INFO  server.RaftServerConfigKeys (ConfUtils.java:logGet(43)) - raft.server.write.element-limit = 4096 (default)
2019-09-20 08:38:28,473 [7e673b66-ddf6-4b97-a643-f59697fb3549:group-F933D7DC1CEB:LeaderElection71] INFO  server.RaftServerConfigKeys (ConfUtils.java:logGet(43)) - raft.server.watch.timeout = 10s (default)
2019-09-20 08:38:28,473 [7e673b66-ddf6-4b97-a643-f59697fb3549:group-F933D7DC1CEB:LeaderElection71] INFO  server.RaftServerConfigKeys (ConfUtils.java:logGet(43)) - raft.server.watch.timeout.denomination = 1s (default)
2019-09-20 08:38:28,473 [7e673b66-ddf6-4b97-a643-f59697fb3549:group-F933D7DC1CEB:LeaderElection71] INFO  server.RaftServerConfigKeys (ConfUtils.java:logGet(43)) - raft.server.watch.element-limit = 65536 (default)
2019-09-20 08:38:28,474 [7e673b66-ddf6-4b97-a643-f59697fb3549:group-F933D7DC1CEB:LeaderElection71] INFO  impl.RoleInfo (RoleInfo.java:updateAndGet(143)) - 7e673b66-ddf6-4b97-a643-f59697fb3549: start LeaderState
2019-09-20 08:38:28,474 [7e673b66-ddf6-4b97-a643-f59697fb3549:group-F933D7DC1CEB:LeaderElection71] INFO  segmented.SegmentedRaftLogWorker (SegmentedRaftLogWorker.java:startLogSegment(380)) - 7e673b66-ddf6-4b97-a643-f59697fb3549-SegmentedRaftLogWorker:Storage Directory /workdir/hadoop-ozone/ozonefs/target/test-dir/MiniOzoneClusterImpl-0e2437da-0aee-42ff-b383-10e9a9564f41/datanode-0/data/ratis/b4c04d03-793b-4e6f-8580-f933d7dc1ceb: Starting segment from index:0
2019-09-20 08:38:28,474 [7e673b66-ddf6-4b97-a643-f59697fb3549:group-F933D7DC1CEB:LeaderElection71] INFO  impl.RaftServerImpl (ServerState.java:setRaftConf(361)) - 7e673b66-ddf6-4b97-a643-f59697fb3549:group-F933D7DC1CEB set configuration 0: [7e673b66-ddf6-4b97-a643-f59697fb3549:192.168.36.79:35666], old=null at 0
2019-09-20 08:38:28,527 [Thread-1246] INFO  impl.FollowerState (FollowerState.java:run(106)) - 22464498-4bd3-4a74-88e5-a0fbe623bf0e:group-0D9B0AEB849F changes to CANDIDATE, lastRpcTime:5164, electionTimeout:5164ms
2019-09-20 08:38:28,527 [Thread-1246] INFO  impl.RoleInfo (RoleInfo.java:shutdownFollowerState(121)) - 22464498-4bd3-4a74-88e5-a0fbe623bf0e: shutdown FollowerState
2019-09-20 08:38:28,527 [Thread-1246] INFO  impl.RaftServerImpl (RaftServerImpl.java:setRole(171)) - 22464498-4bd3-4a74-88e5-a0fbe623bf0e:group-0D9B0AEB849F changes role from FOLLOWER to CANDIDATE at term 0 for changeToCandidate
2019-09-20 08:38:28,527 [Thread-1246] INFO  impl.RoleInfo (RoleInfo.java:updateAndGet(143)) - 22464498-4bd3-4a74-88e5-a0fbe623bf0e: start LeaderElection
2019-09-20 08:38:28,547 [7e673b66-ddf6-4b97-a643-f59697fb3549-SegmentedRaftLogWorker:Storage Directory /workdir/hadoop-ozone/ozonefs/target/test-dir/MiniOzoneClusterImpl-0e2437da-0aee-42ff-b383-10e9a9564f41/datanode-0/data/ratis/b4c04d03-793b-4e6f-8580-f933d7dc1ceb] INFO  segmented.SegmentedRaftLogWorker (SegmentedRaftLogWorker.java:execute(569)) - 7e673b66-ddf6-4b97-a643-f59697fb3549-SegmentedRaftLogWorker:Storage Directory /workdir/hadoop-ozone/ozonefs/target/test-dir/MiniOzoneClusterImpl-0e2437da-0aee-42ff-b383-10e9a9564f41/datanode-0/data/ratis/b4c04d03-793b-4e6f-8580-f933d7dc1ceb: created new log segment /workdir/hadoop-ozone/ozonefs/target/test-dir/MiniOzoneClusterImpl-0e2437da-0aee-42ff-b383-10e9a9564f41/datanode-0/data/ratis/b4c04d03-793b-4e6f-8580-f933d7dc1ceb/current/log_inprogress_0
2019-09-20 08:38:28,547 [22464498-4bd3-4a74-88e5-a0fbe623bf0e:group-0D9B0AEB849F:LeaderElection72] INFO  impl.LeaderElection (LeaderElection.java:askForVotes(181)) - 22464498-4bd3-4a74-88e5-a0fbe623bf0e:group-0D9B0AEB849F:LeaderElection72: begin an election at term 1 for -1: [22464498-4bd3-4a74-88e5-a0fbe623bf0e:192.168.36.79:46088], old=null
2019-09-20 08:38:28,547 [22464498-4bd3-4a74-88e5-a0fbe623bf0e:group-0D9B0AEB849F:LeaderElection72] INFO  impl.RoleInfo (RoleInfo.java:shutdownLeaderElection(134)) - 22464498-4bd3-4a74-88e5-a0fbe623bf0e: shutdown LeaderElection
2019-09-20 08:38:28,548 [22464498-4bd3-4a74-88e5-a0fbe623bf0e:group-0D9B0AEB849F:LeaderElection72] INFO  impl.RaftServerImpl (RaftServerImpl.java:setRole(171)) - 22464498-4bd3-4a74-88e5-a0fbe623bf0e:group-0D9B0AEB849F changes role from CANDIDATE to LEADER at term 1 for changeToLeader
2019-09-20 08:38:28,548 [22464498-4bd3-4a74-88e5-a0fbe623bf0e:group-0D9B0AEB849F:LeaderElection72] INFO  impl.RaftServerImpl (ServerState.java:setLeader(263)) - 22464498-4bd3-4a74-88e5-a0fbe623bf0e:group-0D9B0AEB849F change Leader from null to 22464498-4bd3-4a74-88e5-a0fbe623bf0e at term 1 for becomeLeader, leader elected after 5189ms
2019-09-20 08:38:28,548 [22464498-4bd3-4a74-88e5-a0fbe623bf0e:group-0D9B0AEB849F:LeaderElection72] INFO  server.RaftServerConfigKeys (ConfUtils.java:logGet(43)) - raft.server.staging.catchup.gap = 1000 (default)
2019-09-20 08:38:28,548 [22464498-4bd3-4a74-88e5-a0fbe623bf0e:group-0D9B0AEB849F:LeaderElection72] INFO  server.RaftServerConfigKeys (ConfUtils.java:logGet(43)) - raft.server.rpc.sleep.time = 25ms (default)
2019-09-20 08:38:28,548 [22464498-4bd3-4a74-88e5-a0fbe623bf0e:group-0D9B0AEB849F:LeaderElection72] INFO  server.RaftServerConfigKeys (ConfUtils.java:logGet(43)) - raft.server.write.element-limit = 4096 (default)
2019-09-20 08:38:28,548 [22464498-4bd3-4a74-88e5-a0fbe623bf0e:group-0D9B0AEB849F:LeaderElection72] INFO  server.RaftServerConfigKeys (ConfUtils.java:logGet(43)) - raft.server.watch.timeout = 10s (default)
2019-09-20 08:38:28,549 [22464498-4bd3-4a74-88e5-a0fbe623bf0e:group-0D9B0AEB849F:LeaderElection72] INFO  server.RaftServerConfigKeys (ConfUtils.java:logGet(43)) - raft.server.watch.timeout.denomination = 1s (default)
2019-09-20 08:38:28,549 [22464498-4bd3-4a74-88e5-a0fbe623bf0e:group-0D9B0AEB849F:LeaderElection72] INFO  server.RaftServerConfigKeys (ConfUtils.java:logGet(43)) - raft.server.watch.element-limit = 65536 (default)
2019-09-20 08:38:28,549 [22464498-4bd3-4a74-88e5-a0fbe623bf0e:group-0D9B0AEB849F:LeaderElection72] INFO  impl.RoleInfo (RoleInfo.java:updateAndGet(143)) - 22464498-4bd3-4a74-88e5-a0fbe623bf0e: start LeaderState
2019-09-20 08:38:28,549 [22464498-4bd3-4a74-88e5-a0fbe623bf0e:group-0D9B0AEB849F:LeaderElection72] INFO  segmented.SegmentedRaftLogWorker (SegmentedRaftLogWorker.java:startLogSegment(380)) - 22464498-4bd3-4a74-88e5-a0fbe623bf0e-SegmentedRaftLogWorker:Storage Directory /workdir/hadoop-ozone/ozonefs/target/test-dir/MiniOzoneClusterImpl-0e2437da-0aee-42ff-b383-10e9a9564f41/datanode-1/data/ratis/dc19f81c-3fc3-44c0-b711-0d9b0aeb849f: Starting segment from index:0
2019-09-20 08:38:28,550 [22464498-4bd3-4a74-88e5-a0fbe623bf0e:group-0D9B0AEB849F:LeaderElection72] INFO  impl.RaftServerImpl (ServerState.java:setRaftConf(361)) - 22464498-4bd3-4a74-88e5-a0fbe623bf0e:group-0D9B0AEB849F set configuration 0: [22464498-4bd3-4a74-88e5-a0fbe623bf0e:192.168.36.79:46088], old=null at 0
2019-09-20 08:38:28,597 [22464498-4bd3-4a74-88e5-a0fbe623bf0e-SegmentedRaftLogWorker:Storage Directory /workdir/hadoop-ozone/ozonefs/target/test-dir/MiniOzoneClusterImpl-0e2437da-0aee-42ff-b383-10e9a9564f41/datanode-1/data/ratis/dc19f81c-3fc3-44c0-b711-0d9b0aeb849f] INFO  segmented.SegmentedRaftLogWorker (SegmentedRaftLogWorker.java:execute(569)) - 22464498-4bd3-4a74-88e5-a0fbe623bf0e-SegmentedRaftLogWorker:Storage Directory /workdir/hadoop-ozone/ozonefs/target/test-dir/MiniOzoneClusterImpl-0e2437da-0aee-42ff-b383-10e9a9564f41/datanode-1/data/ratis/dc19f81c-3fc3-44c0-b711-0d9b0aeb849f: created new log segment /workdir/hadoop-ozone/ozonefs/target/test-dir/MiniOzoneClusterImpl-0e2437da-0aee-42ff-b383-10e9a9564f41/datanode-1/data/ratis/dc19f81c-3fc3-44c0-b711-0d9b0aeb849f/current/log_inprogress_0
2019-09-20 08:38:28,665 [Thread-1252] INFO  impl.FollowerState (FollowerState.java:run(106)) - 22464498-4bd3-4a74-88e5-a0fbe623bf0e:group-9AD353372CA5 changes to CANDIDATE, lastRpcTime:5167, electionTimeout:5167ms
2019-09-20 08:38:28,665 [Thread-1252] INFO  impl.RoleInfo (RoleInfo.java:shutdownFollowerState(121)) - 22464498-4bd3-4a74-88e5-a0fbe623bf0e: shutdown FollowerState
2019-09-20 08:38:28,665 [Thread-1252] INFO  impl.RaftServerImpl (RaftServerImpl.java:setRole(171)) - 22464498-4bd3-4a74-88e5-a0fbe623bf0e:group-9AD353372CA5 changes role from FOLLOWER to CANDIDATE at term 0 for changeToCandidate
2019-09-20 08:38:28,665 [Thread-1252] INFO  impl.RoleInfo (RoleInfo.java:updateAndGet(143)) - 22464498-4bd3-4a74-88e5-a0fbe623bf0e: start LeaderElection
2019-09-20 08:38:28,690 [22464498-4bd3-4a74-88e5-a0fbe623bf0e:group-9AD353372CA5:LeaderElection73] INFO  impl.LeaderElection (LeaderElection.java:askForVotes(181)) - 22464498-4bd3-4a74-88e5-a0fbe623bf0e:group-9AD353372CA5:LeaderElection73: begin an election at term 1 for -1: [22464498-4bd3-4a74-88e5-a0fbe623bf0e:192.168.36.79:46088], old=null
2019-09-20 08:38:28,690 [22464498-4bd3-4a74-88e5-a0fbe623bf0e:group-9AD353372CA5:LeaderElection73] INFO  impl.RoleInfo (RoleInfo.java:shutdownLeaderElection(134)) - 22464498-4bd3-4a74-88e5-a0fbe623bf0e: shutdown LeaderElection
2019-09-20 08:38:28,690 [22464498-4bd3-4a74-88e5-a0fbe623bf0e:group-9AD353372CA5:LeaderElection73] INFO  impl.RaftServerImpl (RaftServerImpl.java:setRole(171)) - 22464498-4bd3-4a74-88e5-a0fbe623bf0e:group-9AD353372CA5 changes role from CANDIDATE to LEADER at term 1 for changeToLeader
2019-09-20 08:38:28,690 [22464498-4bd3-4a74-88e5-a0fbe623bf0e:group-9AD353372CA5:LeaderElection73] INFO  impl.RaftServerImpl (ServerState.java:setLeader(263)) - 22464498-4bd3-4a74-88e5-a0fbe623bf0e:group-9AD353372CA5 change Leader from null to 22464498-4bd3-4a74-88e5-a0fbe623bf0e at term 1 for becomeLeader, leader elected after 5197ms
2019-09-20 08:38:28,690 [22464498-4bd3-4a74-88e5-a0fbe623bf0e:group-9AD353372CA5:LeaderElection73] INFO  server.RaftServerConfigKeys (ConfUtils.java:logGet(43)) - raft.server.staging.catchup.gap = 1000 (default)
2019-09-20 08:38:28,690 [22464498-4bd3-4a74-88e5-a0fbe623bf0e:group-9AD353372CA5:LeaderElection73] INFO  server.RaftServerConfigKeys (ConfUtils.java:logGet(43)) - raft.server.rpc.sleep.time = 25ms (default)
2019-09-20 08:38:28,690 [22464498-4bd3-4a74-88e5-a0fbe623bf0e:group-9AD353372CA5:LeaderElection73] INFO  server.RaftServerConfigKeys (ConfUtils.java:logGet(43)) - raft.server.write.element-limit = 4096 (default)
2019-09-20 08:38:28,691 [22464498-4bd3-4a74-88e5-a0fbe623bf0e:group-9AD353372CA5:LeaderElection73] INFO  server.RaftServerConfigKeys (ConfUtils.java:logGet(43)) - raft.server.watch.timeout = 10s (default)
2019-09-20 08:38:28,691 [22464498-4bd3-4a74-88e5-a0fbe623bf0e:group-9AD353372CA5:LeaderElection73] INFO  server.RaftServerConfigKeys (ConfUtils.java:logGet(43)) - raft.server.watch.timeout.denomination = 1s (default)
2019-09-20 08:38:28,691 [22464498-4bd3-4a74-88e5-a0fbe623bf0e:group-9AD353372CA5:LeaderElection73] INFO  server.RaftServerConfigKeys (ConfUtils.java:logGet(43)) - raft.server.watch.element-limit = 65536 (default)
2019-09-20 08:38:28,691 [22464498-4bd3-4a74-88e5-a0fbe623bf0e:group-9AD353372CA5:LeaderElection73] INFO  impl.RoleInfo (RoleInfo.java:updateAndGet(143)) - 22464498-4bd3-4a74-88e5-a0fbe623bf0e: start LeaderState
2019-09-20 08:38:28,691 [22464498-4bd3-4a74-88e5-a0fbe623bf0e:group-9AD353372CA5:LeaderElection73] INFO  segmented.SegmentedRaftLogWorker (SegmentedRaftLogWorker.java:startLogSegment(380)) - 22464498-4bd3-4a74-88e5-a0fbe623bf0e-SegmentedRaftLogWorker:Storage Directory /workdir/hadoop-ozone/ozonefs/target/test-dir/MiniOzoneClusterImpl-0e2437da-0aee-42ff-b383-10e9a9564f41/datanode-1/data/ratis/7236f4ba-422c-4ad1-a99d-9ad353372ca5: Starting segment from index:0
2019-09-20 08:38:28,691 [22464498-4bd3-4a74-88e5-a0fbe623bf0e:group-9AD353372CA5:LeaderElection73] INFO  impl.RaftServerImpl (ServerState.java:setRaftConf(361)) - 22464498-4bd3-4a74-88e5-a0fbe623bf0e:group-9AD353372CA5 set configuration 0: [22464498-4bd3-4a74-88e5-a0fbe623bf0e:192.168.36.79:46088], old=null at 0
2019-09-20 08:38:28,703 [Thread-1255] INFO  impl.FollowerState (FollowerState.java:run(106)) - 22464498-4bd3-4a74-88e5-a0fbe623bf0e:group-94F9104B54A0 changes to CANDIDATE, lastRpcTime:5154, electionTimeout:5154ms
2019-09-20 08:38:28,703 [Thread-1255] INFO  impl.RoleInfo (RoleInfo.java:shutdownFollowerState(121)) - 22464498-4bd3-4a74-88e5-a0fbe623bf0e: shutdown FollowerState
2019-09-20 08:38:28,703 [Thread-1255] INFO  impl.RaftServerImpl (RaftServerImpl.java:setRole(171)) - 22464498-4bd3-4a74-88e5-a0fbe623bf0e:group-94F9104B54A0 changes role from FOLLOWER to CANDIDATE at term 0 for changeToCandidate
2019-09-20 08:38:28,703 [Thread-1255] INFO  impl.RoleInfo (RoleInfo.java:updateAndGet(143)) - 22464498-4bd3-4a74-88e5-a0fbe623bf0e: start LeaderElection
2019-09-20 08:38:28,713 [Thread-1261] INFO  impl.FollowerState (FollowerState.java:run(106)) - db6d3ca5-f12f-4d4c-aad8-4a2a4f640353:group-5A1C3107B3ED changes to CANDIDATE, lastRpcTime:5021, electionTimeout:5021ms
2019-09-20 08:38:28,713 [Thread-1261] INFO  impl.RoleInfo (RoleInfo.java:shutdownFollowerState(121)) - db6d3ca5-f12f-4d4c-aad8-4a2a4f640353: shutdown FollowerState
2019-09-20 08:38:28,713 [Thread-1261] INFO  impl.RaftServerImpl (RaftServerImpl.java:setRole(171)) - db6d3ca5-f12f-4d4c-aad8-4a2a4f640353:group-5A1C3107B3ED changes role from FOLLOWER to CANDIDATE at term 0 for changeToCandidate
2019-09-20 08:38:28,713 [Thread-1261] INFO  impl.RoleInfo (RoleInfo.java:updateAndGet(143)) - db6d3ca5-f12f-4d4c-aad8-4a2a4f640353: start LeaderElection
2019-09-20 08:38:28,723 [22464498-4bd3-4a74-88e5-a0fbe623bf0e:group-94F9104B54A0:LeaderElection74] INFO  impl.LeaderElection (LeaderElection.java:askForVotes(181)) - 22464498-4bd3-4a74-88e5-a0fbe623bf0e:group-94F9104B54A0:LeaderElection74: begin an election at term 1 for -1: [22464498-4bd3-4a74-88e5-a0fbe623bf0e:192.168.36.79:46088], old=null
2019-09-20 08:38:28,724 [22464498-4bd3-4a74-88e5-a0fbe623bf0e:group-94F9104B54A0:LeaderElection74] INFO  impl.RoleInfo (RoleInfo.java:shutdownLeaderElection(134)) - 22464498-4bd3-4a74-88e5-a0fbe623bf0e: shutdown LeaderElection
2019-09-20 08:38:28,724 [22464498-4bd3-4a74-88e5-a0fbe623bf0e:group-94F9104B54A0:LeaderElection74] INFO  impl.RaftServerImpl (RaftServerImpl.java:setRole(171)) - 22464498-4bd3-4a74-88e5-a0fbe623bf0e:group-94F9104B54A0 changes role from CANDIDATE to LEADER at term 1 for changeToLeader
2019-09-20 08:38:28,724 [22464498-4bd3-4a74-88e5-a0fbe623bf0e:group-94F9104B54A0:LeaderElection74] INFO  impl.RaftServerImpl (ServerState.java:setLeader(263)) - 22464498-4bd3-4a74-88e5-a0fbe623bf0e:group-94F9104B54A0 change Leader from null to 22464498-4bd3-4a74-88e5-a0fbe623bf0e at term 1 for becomeLeader, leader elected after 5179ms
2019-09-20 08:38:28,724 [22464498-4bd3-4a74-88e5-a0fbe623bf0e:group-94F9104B54A0:LeaderElection74] INFO  server.RaftServerConfigKeys (ConfUtils.java:logGet(43)) - raft.server.staging.catchup.gap = 1000 (default)
2019-09-20 08:38:28,724 [22464498-4bd3-4a74-88e5-a0fbe623bf0e:group-94F9104B54A0:LeaderElection74] INFO  server.RaftServerConfigKeys (ConfUtils.java:logGet(43)) - raft.server.rpc.sleep.time = 25ms (default)
2019-09-20 08:38:28,724 [22464498-4bd3-4a74-88e5-a0fbe623bf0e:group-94F9104B54A0:LeaderElection74] INFO  server.RaftServerConfigKeys (ConfUtils.java:logGet(43)) - raft.server.write.element-limit = 4096 (default)
2019-09-20 08:38:28,724 [22464498-4bd3-4a74-88e5-a0fbe623bf0e:group-94F9104B54A0:LeaderElection74] INFO  server.RaftServerConfigKeys (ConfUtils.java:logGet(43)) - raft.server.watch.timeout = 10s (default)
2019-09-20 08:38:28,724 [22464498-4bd3-4a74-88e5-a0fbe623bf0e:group-94F9104B54A0:LeaderElection74] INFO  server.RaftServerConfigKeys (ConfUtils.java:logGet(43)) - raft.server.watch.timeout.denomination = 1s (default)
2019-09-20 08:38:28,725 [22464498-4bd3-4a74-88e5-a0fbe623bf0e:group-94F9104B54A0:LeaderElection74] INFO  server.RaftServerConfigKeys (ConfUtils.java:logGet(43)) - raft.server.watch.element-limit = 65536 (default)
2019-09-20 08:38:28,725 [22464498-4bd3-4a74-88e5-a0fbe623bf0e:group-94F9104B54A0:LeaderElection74] INFO  impl.RoleInfo (RoleInfo.java:updateAndGet(143)) - 22464498-4bd3-4a74-88e5-a0fbe623bf0e: start LeaderState
2019-09-20 08:38:28,725 [22464498-4bd3-4a74-88e5-a0fbe623bf0e:group-94F9104B54A0:LeaderElection74] INFO  segmented.SegmentedRaftLogWorker (SegmentedRaftLogWorker.java:startLogSegment(380)) - 22464498-4bd3-4a74-88e5-a0fbe623bf0e-SegmentedRaftLogWorker:Storage Directory /workdir/hadoop-ozone/ozonefs/target/test-dir/MiniOzoneClusterImpl-0e2437da-0aee-42ff-b383-10e9a9564f41/datanode-1/data/ratis/48c16362-e183-47ee-97ee-94f9104b54a0: Starting segment from index:0
2019-09-20 08:38:28,726 [22464498-4bd3-4a74-88e5-a0fbe623bf0e:group-94F9104B54A0:LeaderElection74] INFO  impl.RaftServerImpl (ServerState.java:setRaftConf(361)) - 22464498-4bd3-4a74-88e5-a0fbe623bf0e:group-94F9104B54A0 set configuration 0: [22464498-4bd3-4a74-88e5-a0fbe623bf0e:192.168.36.79:46088], old=null at 0
2019-09-20 08:38:28,752 [Thread-1258] INFO  impl.FollowerState (FollowerState.java:run(106)) - 22464498-4bd3-4a74-88e5-a0fbe623bf0e:group-EB3A6FE931CE changes to CANDIDATE, lastRpcTime:5136, electionTimeout:5136ms
2019-09-20 08:38:28,752 [Thread-1258] INFO  impl.RoleInfo (RoleInfo.java:shutdownFollowerState(121)) - 22464498-4bd3-4a74-88e5-a0fbe623bf0e: shutdown FollowerState
2019-09-20 08:38:28,753 [Thread-1258] INFO  impl.RaftServerImpl (RaftServerImpl.java:setRole(171)) - 22464498-4bd3-4a74-88e5-a0fbe623bf0e:group-EB3A6FE931CE changes role from FOLLOWER to CANDIDATE at term 0 for changeToCandidate
2019-09-20 08:38:28,753 [Thread-1258] INFO  impl.RoleInfo (RoleInfo.java:updateAndGet(143)) - 22464498-4bd3-4a74-88e5-a0fbe623bf0e: start LeaderElection
2019-09-20 08:38:28,757 [22464498-4bd3-4a74-88e5-a0fbe623bf0e-SegmentedRaftLogWorker:Storage Directory /workdir/hadoop-ozone/ozonefs/target/test-dir/MiniOzoneClusterImpl-0e2437da-0aee-42ff-b383-10e9a9564f41/datanode-1/data/ratis/7236f4ba-422c-4ad1-a99d-9ad353372ca5] INFO  segmented.SegmentedRaftLogWorker (SegmentedRaftLogWorker.java:execute(569)) - 22464498-4bd3-4a74-88e5-a0fbe623bf0e-SegmentedRaftLogWorker:Storage Directory /workdir/hadoop-ozone/ozonefs/target/test-dir/MiniOzoneClusterImpl-0e2437da-0aee-42ff-b383-10e9a9564f41/datanode-1/data/ratis/7236f4ba-422c-4ad1-a99d-9ad353372ca5: created new log segment /workdir/hadoop-ozone/ozonefs/target/test-dir/MiniOzoneClusterImpl-0e2437da-0aee-42ff-b383-10e9a9564f41/datanode-1/data/ratis/7236f4ba-422c-4ad1-a99d-9ad353372ca5/current/log_inprogress_0
2019-09-20 08:38:28,757 [db6d3ca5-f12f-4d4c-aad8-4a2a4f640353:group-5A1C3107B3ED:LeaderElection75] INFO  impl.LeaderElection (LeaderElection.java:askForVotes(181)) - db6d3ca5-f12f-4d4c-aad8-4a2a4f640353:group-5A1C3107B3ED:LeaderElection75: begin an election at term 1 for -1: [db6d3ca5-f12f-4d4c-aad8-4a2a4f640353:192.168.36.79:39139], old=null
2019-09-20 08:38:28,757 [db6d3ca5-f12f-4d4c-aad8-4a2a4f640353:group-5A1C3107B3ED:LeaderElection75] INFO  impl.RoleInfo (RoleInfo.java:shutdownLeaderElection(134)) - db6d3ca5-f12f-4d4c-aad8-4a2a4f640353: shutdown LeaderElection
2019-09-20 08:38:28,757 [db6d3ca5-f12f-4d4c-aad8-4a2a4f640353:group-5A1C3107B3ED:LeaderElection75] INFO  impl.RaftServerImpl (RaftServerImpl.java:setRole(171)) - db6d3ca5-f12f-4d4c-aad8-4a2a4f640353:group-5A1C3107B3ED changes role from CANDIDATE to LEADER at term 1 for changeToLeader
2019-09-20 08:38:28,757 [db6d3ca5-f12f-4d4c-aad8-4a2a4f640353:group-5A1C3107B3ED:LeaderElection75] INFO  impl.RaftServerImpl (ServerState.java:setLeader(263)) - db6d3ca5-f12f-4d4c-aad8-4a2a4f640353:group-5A1C3107B3ED change Leader from null to db6d3ca5-f12f-4d4c-aad8-4a2a4f640353 at term 1 for becomeLeader, leader elected after 5069ms
2019-09-20 08:38:28,758 [db6d3ca5-f12f-4d4c-aad8-4a2a4f640353:group-5A1C3107B3ED:LeaderElection75] INFO  server.RaftServerConfigKeys (ConfUtils.java:logGet(43)) - raft.server.staging.catchup.gap = 1000 (default)
2019-09-20 08:38:28,758 [db6d3ca5-f12f-4d4c-aad8-4a2a4f640353:group-5A1C3107B3ED:LeaderElection75] INFO  server.RaftServerConfigKeys (ConfUtils.java:logGet(43)) - raft.server.rpc.sleep.time = 25ms (default)
2019-09-20 08:38:28,758 [db6d3ca5-f12f-4d4c-aad8-4a2a4f640353:group-5A1C3107B3ED:LeaderElection75] INFO  server.RaftServerConfigKeys (ConfUtils.java:logGet(43)) - raft.server.write.element-limit = 4096 (default)
2019-09-20 08:38:28,758 [db6d3ca5-f12f-4d4c-aad8-4a2a4f640353:group-5A1C3107B3ED:LeaderElection75] INFO  server.RaftServerConfigKeys (ConfUtils.java:logGet(43)) - raft.server.watch.timeout = 10s (default)
2019-09-20 08:38:28,758 [db6d3ca5-f12f-4d4c-aad8-4a2a4f640353:group-5A1C3107B3ED:LeaderElection75] INFO  server.RaftServerConfigKeys (ConfUtils.java:logGet(43)) - raft.server.watch.timeout.denomination = 1s (default)
2019-09-20 08:38:28,758 [db6d3ca5-f12f-4d4c-aad8-4a2a4f640353:group-5A1C3107B3ED:LeaderElection75] INFO  server.RaftServerConfigKeys (ConfUtils.java:logGet(43)) - raft.server.watch.element-limit = 65536 (default)
2019-09-20 08:38:28,758 [db6d3ca5-f12f-4d4c-aad8-4a2a4f640353:group-5A1C3107B3ED:LeaderElection75] INFO  impl.RoleInfo (RoleInfo.java:updateAndGet(143)) - db6d3ca5-f12f-4d4c-aad8-4a2a4f640353: start LeaderState
2019-09-20 08:38:28,758 [db6d3ca5-f12f-4d4c-aad8-4a2a4f640353:group-5A1C3107B3ED:LeaderElection75] INFO  segmented.SegmentedRaftLogWorker (SegmentedRaftLogWorker.java:startLogSegment(380)) - db6d3ca5-f12f-4d4c-aad8-4a2a4f640353-SegmentedRaftLogWorker:Storage Directory /workdir/hadoop-ozone/ozonefs/target/test-dir/MiniOzoneClusterImpl-0e2437da-0aee-42ff-b383-10e9a9564f41/datanode-2/data/ratis/a1f8b82c-c873-495d-92dc-5a1c3107b3ed: Starting segment from index:0
2019-09-20 08:38:28,759 [db6d3ca5-f12f-4d4c-aad8-4a2a4f640353:group-5A1C3107B3ED:LeaderElection75] INFO  impl.RaftServerImpl (ServerState.java:setRaftConf(361)) - db6d3ca5-f12f-4d4c-aad8-4a2a4f640353:group-5A1C3107B3ED set configuration 0: [db6d3ca5-f12f-4d4c-aad8-4a2a4f640353:192.168.36.79:39139], old=null at 0
2019-09-20 08:38:28,807 [22464498-4bd3-4a74-88e5-a0fbe623bf0e-SegmentedRaftLogWorker:Storage Directory /workdir/hadoop-ozone/ozonefs/target/test-dir/MiniOzoneClusterImpl-0e2437da-0aee-42ff-b383-10e9a9564f41/datanode-1/data/ratis/48c16362-e183-47ee-97ee-94f9104b54a0] INFO  segmented.SegmentedRaftLogWorker (SegmentedRaftLogWorker.java:execute(569)) - 22464498-4bd3-4a74-88e5-a0fbe623bf0e-SegmentedRaftLogWorker:Storage Directory /workdir/hadoop-ozone/ozonefs/target/test-dir/MiniOzoneClusterImpl-0e2437da-0aee-42ff-b383-10e9a9564f41/datanode-1/data/ratis/48c16362-e183-47ee-97ee-94f9104b54a0: created new log segment /workdir/hadoop-ozone/ozonefs/target/test-dir/MiniOzoneClusterImpl-0e2437da-0aee-42ff-b383-10e9a9564f41/datanode-1/data/ratis/48c16362-e183-47ee-97ee-94f9104b54a0/current/log_inprogress_0
2019-09-20 08:38:28,808 [db6d3ca5-f12f-4d4c-aad8-4a2a4f640353-SegmentedRaftLogWorker:Storage Directory /workdir/hadoop-ozone/ozonefs/target/test-dir/MiniOzoneClusterImpl-0e2437da-0aee-42ff-b383-10e9a9564f41/datanode-2/data/ratis/a1f8b82c-c873-495d-92dc-5a1c3107b3ed] INFO  segmented.SegmentedRaftLogWorker (SegmentedRaftLogWorker.java:execute(569)) - db6d3ca5-f12f-4d4c-aad8-4a2a4f640353-SegmentedRaftLogWorker:Storage Directory /workdir/hadoop-ozone/ozonefs/target/test-dir/MiniOzoneClusterImpl-0e2437da-0aee-42ff-b383-10e9a9564f41/datanode-2/data/ratis/a1f8b82c-c873-495d-92dc-5a1c3107b3ed: created new log segment /workdir/hadoop-ozone/ozonefs/target/test-dir/MiniOzoneClusterImpl-0e2437da-0aee-42ff-b383-10e9a9564f41/datanode-2/data/ratis/a1f8b82c-c873-495d-92dc-5a1c3107b3ed/current/log_inprogress_0
2019-09-20 08:38:28,808 [22464498-4bd3-4a74-88e5-a0fbe623bf0e:group-EB3A6FE931CE:LeaderElection76] INFO  impl.LeaderElection (LeaderElection.java:askForVotes(181)) - 22464498-4bd3-4a74-88e5-a0fbe623bf0e:group-EB3A6FE931CE:LeaderElection76: begin an election at term 1 for -1: [22464498-4bd3-4a74-88e5-a0fbe623bf0e:192.168.36.79:46088], old=null
2019-09-20 08:38:28,808 [22464498-4bd3-4a74-88e5-a0fbe623bf0e:group-EB3A6FE931CE:LeaderElection76] INFO  impl.RoleInfo (RoleInfo.java:shutdownLeaderElection(134)) - 22464498-4bd3-4a74-88e5-a0fbe623bf0e: shutdown LeaderElection
2019-09-20 08:38:28,808 [22464498-4bd3-4a74-88e5-a0fbe623bf0e:group-EB3A6FE931CE:LeaderElection76] INFO  impl.RaftServerImpl (RaftServerImpl.java:setRole(171)) - 22464498-4bd3-4a74-88e5-a0fbe623bf0e:group-EB3A6FE931CE changes role from CANDIDATE to LEADER at term 1 for changeToLeader
2019-09-20 08:38:28,808 [22464498-4bd3-4a74-88e5-a0fbe623bf0e:group-EB3A6FE931CE:LeaderElection76] INFO  impl.RaftServerImpl (ServerState.java:setLeader(263)) - 22464498-4bd3-4a74-88e5-a0fbe623bf0e:group-EB3A6FE931CE change Leader from null to 22464498-4bd3-4a74-88e5-a0fbe623bf0e at term 1 for becomeLeader, leader elected after 5196ms
2019-09-20 08:38:28,808 [22464498-4bd3-4a74-88e5-a0fbe623bf0e:group-EB3A6FE931CE:LeaderElection76] INFO  server.RaftServerConfigKeys (ConfUtils.java:logGet(43)) - raft.server.staging.catchup.gap = 1000 (default)
2019-09-20 08:38:28,808 [22464498-4bd3-4a74-88e5-a0fbe623bf0e:group-EB3A6FE931CE:LeaderElection76] INFO  server.RaftServerConfigKeys (ConfUtils.java:logGet(43)) - raft.server.rpc.sleep.time = 25ms (default)
2019-09-20 08:38:28,808 [22464498-4bd3-4a74-88e5-a0fbe623bf0e:group-EB3A6FE931CE:LeaderElection76] INFO  server.RaftServerConfigKeys (ConfUtils.java:logGet(43)) - raft.server.write.element-limit = 4096 (default)
2019-09-20 08:38:28,809 [22464498-4bd3-4a74-88e5-a0fbe623bf0e:group-EB3A6FE931CE:LeaderElection76] INFO  server.RaftServerConfigKeys (ConfUtils.java:logGet(43)) - raft.server.watch.timeout = 10s (default)
2019-09-20 08:38:28,809 [22464498-4bd3-4a74-88e5-a0fbe623bf0e:group-EB3A6FE931CE:LeaderElection76] INFO  server.RaftServerConfigKeys (ConfUtils.java:logGet(43)) - raft.server.watch.timeout.denomination = 1s (default)
2019-09-20 08:38:28,809 [22464498-4bd3-4a74-88e5-a0fbe623bf0e:group-EB3A6FE931CE:LeaderElection76] INFO  server.RaftServerConfigKeys (ConfUtils.java:logGet(43)) - raft.server.watch.element-limit = 65536 (default)
2019-09-20 08:38:28,809 [22464498-4bd3-4a74-88e5-a0fbe623bf0e:group-EB3A6FE931CE:LeaderElection76] INFO  impl.RoleInfo (RoleInfo.java:updateAndGet(143)) - 22464498-4bd3-4a74-88e5-a0fbe623bf0e: start LeaderState
2019-09-20 08:38:28,809 [22464498-4bd3-4a74-88e5-a0fbe623bf0e:group-EB3A6FE931CE:LeaderElection76] INFO  segmented.SegmentedRaftLogWorker (SegmentedRaftLogWorker.java:startLogSegment(380)) - 22464498-4bd3-4a74-88e5-a0fbe623bf0e-SegmentedRaftLogWorker:Storage Directory /workdir/hadoop-ozone/ozonefs/target/test-dir/MiniOzoneClusterImpl-0e2437da-0aee-42ff-b383-10e9a9564f41/datanode-1/data/ratis/a24a8b32-c87b-445b-9269-eb3a6fe931ce: Starting segment from index:0
2019-09-20 08:38:28,809 [22464498-4bd3-4a74-88e5-a0fbe623bf0e:group-EB3A6FE931CE:LeaderElection76] INFO  impl.RaftServerImpl (ServerState.java:setRaftConf(361)) - 22464498-4bd3-4a74-88e5-a0fbe623bf0e:group-EB3A6FE931CE set configuration 0: [22464498-4bd3-4a74-88e5-a0fbe623bf0e:192.168.36.79:46088], old=null at 0
2019-09-20 08:38:28,815 [Thread-1267] INFO  impl.FollowerState (FollowerState.java:run(106)) - 22464498-4bd3-4a74-88e5-a0fbe623bf0e:group-9CDE048D2320 changes to CANDIDATE, lastRpcTime:5013, electionTimeout:5013ms
2019-09-20 08:38:28,815 [Thread-1267] INFO  impl.RoleInfo (RoleInfo.java:shutdownFollowerState(121)) - 22464498-4bd3-4a74-88e5-a0fbe623bf0e: shutdown FollowerState
2019-09-20 08:38:28,815 [Thread-1267] INFO  impl.RaftServerImpl (RaftServerImpl.java:setRole(171)) - 22464498-4bd3-4a74-88e5-a0fbe623bf0e:group-9CDE048D2320 changes role from FOLLOWER to CANDIDATE at term 0 for changeToCandidate
2019-09-20 08:38:28,815 [Thread-1267] INFO  impl.RoleInfo (RoleInfo.java:updateAndGet(143)) - 22464498-4bd3-4a74-88e5-a0fbe623bf0e: start LeaderElection
2019-09-20 08:38:28,833 [22464498-4bd3-4a74-88e5-a0fbe623bf0e:group-9CDE048D2320:LeaderElection77] INFO  impl.LeaderElection (LeaderElection.java:askForVotes(181)) - 22464498-4bd3-4a74-88e5-a0fbe623bf0e:group-9CDE048D2320:LeaderElection77: begin an election at term 1 for -1: [22464498-4bd3-4a74-88e5-a0fbe623bf0e:192.168.36.79:46088], old=null
2019-09-20 08:38:28,833 [22464498-4bd3-4a74-88e5-a0fbe623bf0e:group-9CDE048D2320:LeaderElection77] INFO  impl.RoleInfo (RoleInfo.java:shutdownLeaderElection(134)) - 22464498-4bd3-4a74-88e5-a0fbe623bf0e: shutdown LeaderElection
2019-09-20 08:38:28,833 [22464498-4bd3-4a74-88e5-a0fbe623bf0e:group-9CDE048D2320:LeaderElection77] INFO  impl.RaftServerImpl (RaftServerImpl.java:setRole(171)) - 22464498-4bd3-4a74-88e5-a0fbe623bf0e:group-9CDE048D2320 changes role from CANDIDATE to LEADER at term 1 for changeToLeader
2019-09-20 08:38:28,834 [22464498-4bd3-4a74-88e5-a0fbe623bf0e:group-9CDE048D2320:LeaderElection77] INFO  impl.RaftServerImpl (ServerState.java:setLeader(263)) - 22464498-4bd3-4a74-88e5-a0fbe623bf0e:group-9CDE048D2320 change Leader from null to 22464498-4bd3-4a74-88e5-a0fbe623bf0e at term 1 for becomeLeader, leader elected after 5036ms
2019-09-20 08:38:28,834 [22464498-4bd3-4a74-88e5-a0fbe623bf0e:group-9CDE048D2320:LeaderElection77] INFO  server.RaftServerConfigKeys (ConfUtils.java:logGet(43)) - raft.server.staging.catchup.gap = 1000 (default)
2019-09-20 08:38:28,834 [22464498-4bd3-4a74-88e5-a0fbe623bf0e:group-9CDE048D2320:LeaderElection77] INFO  server.RaftServerConfigKeys (ConfUtils.java:logGet(43)) - raft.server.rpc.sleep.time = 25ms (default)
2019-09-20 08:38:28,834 [22464498-4bd3-4a74-88e5-a0fbe623bf0e:group-9CDE048D2320:LeaderElection77] INFO  server.RaftServerConfigKeys (ConfUtils.java:logGet(43)) - raft.server.write.element-limit = 4096 (default)
2019-09-20 08:38:28,834 [22464498-4bd3-4a74-88e5-a0fbe623bf0e:group-9CDE048D2320:LeaderElection77] INFO  server.RaftServerConfigKeys (ConfUtils.java:logGet(43)) - raft.server.watch.timeout = 10s (default)
2019-09-20 08:38:28,834 [22464498-4bd3-4a74-88e5-a0fbe623bf0e:group-9CDE048D2320:LeaderElection77] INFO  server.RaftServerConfigKeys (ConfUtils.java:logGet(43)) - raft.server.watch.timeout.denomination = 1s (default)
2019-09-20 08:38:28,835 [22464498-4bd3-4a74-88e5-a0fbe623bf0e:group-9CDE048D2320:LeaderElection77] INFO  server.RaftServerConfigKeys (ConfUtils.java:logGet(43)) - raft.server.watch.element-limit = 65536 (default)
2019-09-20 08:38:28,835 [22464498-4bd3-4a74-88e5-a0fbe623bf0e:group-9CDE048D2320:LeaderElection77] INFO  impl.RoleInfo (RoleInfo.java:updateAndGet(143)) - 22464498-4bd3-4a74-88e5-a0fbe623bf0e: start LeaderState
2019-09-20 08:38:28,835 [22464498-4bd3-4a74-88e5-a0fbe623bf0e:group-9CDE048D2320:LeaderElection77] INFO  segmented.SegmentedRaftLogWorker (SegmentedRaftLogWorker.java:startLogSegment(380)) - 22464498-4bd3-4a74-88e5-a0fbe623bf0e-SegmentedRaftLogWorker:Storage Directory /workdir/hadoop-ozone/ozonefs/target/test-dir/MiniOzoneClusterImpl-0e2437da-0aee-42ff-b383-10e9a9564f41/datanode-1/data/ratis/8d938333-270c-4520-89f6-9cde048d2320: Starting segment from index:0
2019-09-20 08:38:28,836 [22464498-4bd3-4a74-88e5-a0fbe623bf0e:group-9CDE048D2320:LeaderElection77] INFO  impl.RaftServerImpl (ServerState.java:setRaftConf(361)) - 22464498-4bd3-4a74-88e5-a0fbe623bf0e:group-9CDE048D2320 set configuration 0: [22464498-4bd3-4a74-88e5-a0fbe623bf0e:192.168.36.79:46088], old=null at 0
2019-09-20 08:38:28,850 [22464498-4bd3-4a74-88e5-a0fbe623bf0e-SegmentedRaftLogWorker:Storage Directory /workdir/hadoop-ozone/ozonefs/target/test-dir/MiniOzoneClusterImpl-0e2437da-0aee-42ff-b383-10e9a9564f41/datanode-1/data/ratis/a24a8b32-c87b-445b-9269-eb3a6fe931ce] INFO  segmented.SegmentedRaftLogWorker (SegmentedRaftLogWorker.java:execute(569)) - 22464498-4bd3-4a74-88e5-a0fbe623bf0e-SegmentedRaftLogWorker:Storage Directory /workdir/hadoop-ozone/ozonefs/target/test-dir/MiniOzoneClusterImpl-0e2437da-0aee-42ff-b383-10e9a9564f41/datanode-1/data/ratis/a24a8b32-c87b-445b-9269-eb3a6fe931ce: created new log segment /workdir/hadoop-ozone/ozonefs/target/test-dir/MiniOzoneClusterImpl-0e2437da-0aee-42ff-b383-10e9a9564f41/datanode-1/data/ratis/a24a8b32-c87b-445b-9269-eb3a6fe931ce/current/log_inprogress_0
2019-09-20 08:38:28,884 [22464498-4bd3-4a74-88e5-a0fbe623bf0e-SegmentedRaftLogWorker:Storage Directory /workdir/hadoop-ozone/ozonefs/target/test-dir/MiniOzoneClusterImpl-0e2437da-0aee-42ff-b383-10e9a9564f41/datanode-1/data/ratis/8d938333-270c-4520-89f6-9cde048d2320] INFO  segmented.SegmentedRaftLogWorker (SegmentedRaftLogWorker.java:execute(569)) - 22464498-4bd3-4a74-88e5-a0fbe623bf0e-SegmentedRaftLogWorker:Storage Directory /workdir/hadoop-ozone/ozonefs/target/test-dir/MiniOzoneClusterImpl-0e2437da-0aee-42ff-b383-10e9a9564f41/datanode-1/data/ratis/8d938333-270c-4520-89f6-9cde048d2320: created new log segment /workdir/hadoop-ozone/ozonefs/target/test-dir/MiniOzoneClusterImpl-0e2437da-0aee-42ff-b383-10e9a9564f41/datanode-1/data/ratis/8d938333-270c-4520-89f6-9cde048d2320/current/log_inprogress_0
2019-09-20 08:38:28,890 [Thread-1264] INFO  impl.FollowerState (FollowerState.java:run(106)) - 22464498-4bd3-4a74-88e5-a0fbe623bf0e:group-D6C9E6C1C1BE changes to CANDIDATE, lastRpcTime:5148, electionTimeout:5148ms
2019-09-20 08:38:28,890 [Thread-1264] INFO  impl.RoleInfo (RoleInfo.java:shutdownFollowerState(121)) - 22464498-4bd3-4a74-88e5-a0fbe623bf0e: shutdown FollowerState
2019-09-20 08:38:28,890 [Thread-1264] INFO  impl.RaftServerImpl (RaftServerImpl.java:setRole(171)) - 22464498-4bd3-4a74-88e5-a0fbe623bf0e:group-D6C9E6C1C1BE changes role from FOLLOWER to CANDIDATE at term 0 for changeToCandidate
2019-09-20 08:38:28,891 [Thread-1264] INFO  impl.RoleInfo (RoleInfo.java:updateAndGet(143)) - 22464498-4bd3-4a74-88e5-a0fbe623bf0e: start LeaderElection
2019-09-20 08:38:28,909 [22464498-4bd3-4a74-88e5-a0fbe623bf0e:group-D6C9E6C1C1BE:LeaderElection78] INFO  impl.LeaderElection (LeaderElection.java:askForVotes(181)) - 22464498-4bd3-4a74-88e5-a0fbe623bf0e:group-D6C9E6C1C1BE:LeaderElection78: begin an election at term 1 for -1: [22464498-4bd3-4a74-88e5-a0fbe623bf0e:192.168.36.79:46088], old=null
2019-09-20 08:38:28,909 [22464498-4bd3-4a74-88e5-a0fbe623bf0e:group-D6C9E6C1C1BE:LeaderElection78] INFO  impl.RoleInfo (RoleInfo.java:shutdownLeaderElection(134)) - 22464498-4bd3-4a74-88e5-a0fbe623bf0e: shutdown LeaderElection
2019-09-20 08:38:28,909 [22464498-4bd3-4a74-88e5-a0fbe623bf0e:group-D6C9E6C1C1BE:LeaderElection78] INFO  impl.RaftServerImpl (RaftServerImpl.java:setRole(171)) - 22464498-4bd3-4a74-88e5-a0fbe623bf0e:group-D6C9E6C1C1BE changes role from CANDIDATE to LEADER at term 1 for changeToLeader
2019-09-20 08:38:28,909 [22464498-4bd3-4a74-88e5-a0fbe623bf0e:group-D6C9E6C1C1BE:LeaderElection78] INFO  impl.RaftServerImpl (ServerState.java:setLeader(263)) - 22464498-4bd3-4a74-88e5-a0fbe623bf0e:group-D6C9E6C1C1BE change Leader from null to 22464498-4bd3-4a74-88e5-a0fbe623bf0e at term 1 for becomeLeader, leader elected after 5171ms
2019-09-20 08:38:28,910 [22464498-4bd3-4a74-88e5-a0fbe623bf0e:group-D6C9E6C1C1BE:LeaderElection78] INFO  server.RaftServerConfigKeys (ConfUtils.java:logGet(43)) - raft.server.staging.catchup.gap = 1000 (default)
2019-09-20 08:38:28,910 [22464498-4bd3-4a74-88e5-a0fbe623bf0e:group-D6C9E6C1C1BE:LeaderElection78] INFO  server.RaftServerConfigKeys (ConfUtils.java:logGet(43)) - raft.server.rpc.sleep.time = 25ms (default)
2019-09-20 08:38:28,910 [22464498-4bd3-4a74-88e5-a0fbe623bf0e:group-D6C9E6C1C1BE:LeaderElection78] INFO  server.RaftServerConfigKeys (ConfUtils.java:logGet(43)) - raft.server.write.element-limit = 4096 (default)
2019-09-20 08:38:28,910 [22464498-4bd3-4a74-88e5-a0fbe623bf0e:group-D6C9E6C1C1BE:LeaderElection78] INFO  server.RaftServerConfigKeys (ConfUtils.java:logGet(43)) - raft.server.watch.timeout = 10s (default)
2019-09-20 08:38:28,910 [22464498-4bd3-4a74-88e5-a0fbe623bf0e:group-D6C9E6C1C1BE:LeaderElection78] INFO  server.RaftServerConfigKeys (ConfUtils.java:logGet(43)) - raft.server.watch.timeout.denomination = 1s (default)
2019-09-20 08:38:28,910 [22464498-4bd3-4a74-88e5-a0fbe623bf0e:group-D6C9E6C1C1BE:LeaderElection78] INFO  server.RaftServerConfigKeys (ConfUtils.java:logGet(43)) - raft.server.watch.element-limit = 65536 (default)
2019-09-20 08:38:28,911 [22464498-4bd3-4a74-88e5-a0fbe623bf0e:group-D6C9E6C1C1BE:LeaderElection78] INFO  impl.RoleInfo (RoleInfo.java:updateAndGet(143)) - 22464498-4bd3-4a74-88e5-a0fbe623bf0e: start LeaderState
2019-09-20 08:38:28,911 [22464498-4bd3-4a74-88e5-a0fbe623bf0e:group-D6C9E6C1C1BE:LeaderElection78] INFO  segmented.SegmentedRaftLogWorker (SegmentedRaftLogWorker.java:startLogSegment(380)) - 22464498-4bd3-4a74-88e5-a0fbe623bf0e-SegmentedRaftLogWorker:Storage Directory /workdir/hadoop-ozone/ozonefs/target/test-dir/MiniOzoneClusterImpl-0e2437da-0aee-42ff-b383-10e9a9564f41/datanode-1/data/ratis/92138eb0-e772-4fa1-8983-d6c9e6c1c1be: Starting segment from index:0
2019-09-20 08:38:28,912 [22464498-4bd3-4a74-88e5-a0fbe623bf0e:group-D6C9E6C1C1BE:LeaderElection78] INFO  impl.RaftServerImpl (ServerState.java:setRaftConf(361)) - 22464498-4bd3-4a74-88e5-a0fbe623bf0e:group-D6C9E6C1C1BE set configuration 0: [22464498-4bd3-4a74-88e5-a0fbe623bf0e:192.168.36.79:46088], old=null at 0
2019-09-20 08:38:28,959 [22464498-4bd3-4a74-88e5-a0fbe623bf0e-SegmentedRaftLogWorker:Storage Directory /workdir/hadoop-ozone/ozonefs/target/test-dir/MiniOzoneClusterImpl-0e2437da-0aee-42ff-b383-10e9a9564f41/datanode-1/data/ratis/92138eb0-e772-4fa1-8983-d6c9e6c1c1be] INFO  segmented.SegmentedRaftLogWorker (SegmentedRaftLogWorker.java:execute(569)) - 22464498-4bd3-4a74-88e5-a0fbe623bf0e-SegmentedRaftLogWorker:Storage Directory /workdir/hadoop-ozone/ozonefs/target/test-dir/MiniOzoneClusterImpl-0e2437da-0aee-42ff-b383-10e9a9564f41/datanode-1/data/ratis/92138eb0-e772-4fa1-8983-d6c9e6c1c1be: created new log segment /workdir/hadoop-ozone/ozonefs/target/test-dir/MiniOzoneClusterImpl-0e2437da-0aee-42ff-b383-10e9a9564f41/datanode-1/data/ratis/92138eb0-e772-4fa1-8983-d6c9e6c1c1be/current/log_inprogress_0
2019-09-20 08:38:28,982 [Thread-1270] INFO  impl.FollowerState (FollowerState.java:run(106)) - db6d3ca5-f12f-4d4c-aad8-4a2a4f640353:group-FC8E4D2C2148 changes to CANDIDATE, lastRpcTime:5112, electionTimeout:5112ms
2019-09-20 08:38:28,982 [Thread-1270] INFO  impl.RoleInfo (RoleInfo.java:shutdownFollowerState(121)) - db6d3ca5-f12f-4d4c-aad8-4a2a4f640353: shutdown FollowerState
2019-09-20 08:38:28,982 [Thread-1270] INFO  impl.RaftServerImpl (RaftServerImpl.java:setRole(171)) - db6d3ca5-f12f-4d4c-aad8-4a2a4f640353:group-FC8E4D2C2148 changes role from FOLLOWER to CANDIDATE at term 0 for changeToCandidate
2019-09-20 08:38:28,982 [Thread-1270] INFO  impl.RoleInfo (RoleInfo.java:updateAndGet(143)) - db6d3ca5-f12f-4d4c-aad8-4a2a4f640353: start LeaderElection
2019-09-20 08:38:29,001 [db6d3ca5-f12f-4d4c-aad8-4a2a4f640353:group-FC8E4D2C2148:LeaderElection79] INFO  impl.LeaderElection (LeaderElection.java:askForVotes(181)) - db6d3ca5-f12f-4d4c-aad8-4a2a4f640353:group-FC8E4D2C2148:LeaderElection79: begin an election at term 1 for -1: [db6d3ca5-f12f-4d4c-aad8-4a2a4f640353:192.168.36.79:39139], old=null
2019-09-20 08:38:29,002 [db6d3ca5-f12f-4d4c-aad8-4a2a4f640353:group-FC8E4D2C2148:LeaderElection79] INFO  impl.RoleInfo (RoleInfo.java:shutdownLeaderElection(134)) - db6d3ca5-f12f-4d4c-aad8-4a2a4f640353: shutdown LeaderElection
2019-09-20 08:38:29,002 [db6d3ca5-f12f-4d4c-aad8-4a2a4f640353:group-FC8E4D2C2148:LeaderElection79] INFO  impl.RaftServerImpl (RaftServerImpl.java:setRole(171)) - db6d3ca5-f12f-4d4c-aad8-4a2a4f640353:group-FC8E4D2C2148 changes role from CANDIDATE to LEADER at term 1 for changeToLeader
2019-09-20 08:38:29,002 [db6d3ca5-f12f-4d4c-aad8-4a2a4f640353:group-FC8E4D2C2148:LeaderElection79] INFO  impl.RaftServerImpl (ServerState.java:setLeader(263)) - db6d3ca5-f12f-4d4c-aad8-4a2a4f640353:group-FC8E4D2C2148 change Leader from null to db6d3ca5-f12f-4d4c-aad8-4a2a4f640353 at term 1 for becomeLeader, leader elected after 5137ms
2019-09-20 08:38:29,002 [db6d3ca5-f12f-4d4c-aad8-4a2a4f640353:group-FC8E4D2C2148:LeaderElection79] INFO  server.RaftServerConfigKeys (ConfUtils.java:logGet(43)) - raft.server.staging.catchup.gap = 1000 (default)
2019-09-20 08:38:29,002 [db6d3ca5-f12f-4d4c-aad8-4a2a4f640353:group-FC8E4D2C2148:LeaderElection79] INFO  server.RaftServerConfigKeys (ConfUtils.java:logGet(43)) - raft.server.rpc.sleep.time = 25ms (default)
2019-09-20 08:38:29,003 [db6d3ca5-f12f-4d4c-aad8-4a2a4f640353:group-FC8E4D2C2148:LeaderElection79] INFO  server.RaftServerConfigKeys (ConfUtils.java:logGet(43)) - raft.server.write.element-limit = 4096 (default)
2019-09-20 08:38:29,003 [db6d3ca5-f12f-4d4c-aad8-4a2a4f640353:group-FC8E4D2C2148:LeaderElection79] INFO  server.RaftServerConfigKeys (ConfUtils.java:logGet(43)) - raft.server.watch.timeout = 10s (default)
2019-09-20 08:38:29,003 [db6d3ca5-f12f-4d4c-aad8-4a2a4f640353:group-FC8E4D2C2148:LeaderElection79] INFO  server.RaftServerConfigKeys (ConfUtils.java:logGet(43)) - raft.server.watch.timeout.denomination = 1s (default)
2019-09-20 08:38:29,003 [db6d3ca5-f12f-4d4c-aad8-4a2a4f640353:group-FC8E4D2C2148:LeaderElection79] INFO  server.RaftServerConfigKeys (ConfUtils.java:logGet(43)) - raft.server.watch.element-limit = 65536 (default)
2019-09-20 08:38:29,003 [db6d3ca5-f12f-4d4c-aad8-4a2a4f640353:group-FC8E4D2C2148:LeaderElection79] INFO  impl.RoleInfo (RoleInfo.java:updateAndGet(143)) - db6d3ca5-f12f-4d4c-aad8-4a2a4f640353: start LeaderState
2019-09-20 08:38:29,004 [db6d3ca5-f12f-4d4c-aad8-4a2a4f640353:group-FC8E4D2C2148:LeaderElection79] INFO  segmented.SegmentedRaftLogWorker (SegmentedRaftLogWorker.java:startLogSegment(380)) - db6d3ca5-f12f-4d4c-aad8-4a2a4f640353-SegmentedRaftLogWorker:Storage Directory /workdir/hadoop-ozone/ozonefs/target/test-dir/MiniOzoneClusterImpl-0e2437da-0aee-42ff-b383-10e9a9564f41/datanode-2/data/ratis/02d24ccf-2328-4f7d-89ea-fc8e4d2c2148: Starting segment from index:0
2019-09-20 08:38:29,004 [db6d3ca5-f12f-4d4c-aad8-4a2a4f640353:group-FC8E4D2C2148:LeaderElection79] INFO  impl.RaftServerImpl (ServerState.java:setRaftConf(361)) - db6d3ca5-f12f-4d4c-aad8-4a2a4f640353:group-FC8E4D2C2148 set configuration 0: [db6d3ca5-f12f-4d4c-aad8-4a2a4f640353:192.168.36.79:39139], old=null at 0
2019-09-20 08:38:29,010 [Thread-1276] INFO  impl.FollowerState (FollowerState.java:run(106)) - db6d3ca5-f12f-4d4c-aad8-4a2a4f640353:group-E5F4F14C03BD changes to CANDIDATE, lastRpcTime:5015, electionTimeout:5015ms
2019-09-20 08:38:29,011 [Thread-1276] INFO  impl.RoleInfo (RoleInfo.java:shutdownFollowerState(121)) - db6d3ca5-f12f-4d4c-aad8-4a2a4f640353: shutdown FollowerState
2019-09-20 08:38:29,011 [Thread-1276] INFO  impl.RaftServerImpl (RaftServerImpl.java:setRole(171)) - db6d3ca5-f12f-4d4c-aad8-4a2a4f640353:group-E5F4F14C03BD changes role from FOLLOWER to CANDIDATE at term 0 for changeToCandidate
2019-09-20 08:38:29,011 [Thread-1276] INFO  impl.RoleInfo (RoleInfo.java:updateAndGet(143)) - db6d3ca5-f12f-4d4c-aad8-4a2a4f640353: start LeaderElection
2019-09-20 08:38:29,044 [db6d3ca5-f12f-4d4c-aad8-4a2a4f640353:group-E5F4F14C03BD:LeaderElection80] INFO  impl.LeaderElection (LeaderElection.java:askForVotes(181)) - db6d3ca5-f12f-4d4c-aad8-4a2a4f640353:group-E5F4F14C03BD:LeaderElection80: begin an election at term 1 for -1: [db6d3ca5-f12f-4d4c-aad8-4a2a4f640353:192.168.36.79:39139], old=null
2019-09-20 08:38:29,044 [db6d3ca5-f12f-4d4c-aad8-4a2a4f640353:group-E5F4F14C03BD:LeaderElection80] INFO  impl.RoleInfo (RoleInfo.java:shutdownLeaderElection(134)) - db6d3ca5-f12f-4d4c-aad8-4a2a4f640353: shutdown LeaderElection
2019-09-20 08:38:29,044 [db6d3ca5-f12f-4d4c-aad8-4a2a4f640353:group-E5F4F14C03BD:LeaderElection80] INFO  impl.RaftServerImpl (RaftServerImpl.java:setRole(171)) - db6d3ca5-f12f-4d4c-aad8-4a2a4f640353:group-E5F4F14C03BD changes role from CANDIDATE to LEADER at term 1 for changeToLeader
2019-09-20 08:38:29,044 [db6d3ca5-f12f-4d4c-aad8-4a2a4f640353:group-E5F4F14C03BD:LeaderElection80] INFO  impl.RaftServerImpl (ServerState.java:setLeader(263)) - db6d3ca5-f12f-4d4c-aad8-4a2a4f640353:group-E5F4F14C03BD change Leader from null to db6d3ca5-f12f-4d4c-aad8-4a2a4f640353 at term 1 for becomeLeader, leader elected after 5052ms
2019-09-20 08:38:29,044 [db6d3ca5-f12f-4d4c-aad8-4a2a4f640353:group-E5F4F14C03BD:LeaderElection80] INFO  server.RaftServerConfigKeys (ConfUtils.java:logGet(43)) - raft.server.staging.catchup.gap = 1000 (default)
2019-09-20 08:38:29,044 [db6d3ca5-f12f-4d4c-aad8-4a2a4f640353:group-E5F4F14C03BD:LeaderElection80] INFO  server.RaftServerConfigKeys (ConfUtils.java:logGet(43)) - raft.server.rpc.sleep.time = 25ms (default)
2019-09-20 08:38:29,045 [db6d3ca5-f12f-4d4c-aad8-4a2a4f640353:group-E5F4F14C03BD:LeaderElection80] INFO  server.RaftServerConfigKeys (ConfUtils.java:logGet(43)) - raft.server.write.element-limit = 4096 (default)
2019-09-20 08:38:29,045 [db6d3ca5-f12f-4d4c-aad8-4a2a4f640353:group-E5F4F14C03BD:LeaderElection80] INFO  server.RaftServerConfigKeys (ConfUtils.java:logGet(43)) - raft.server.watch.timeout = 10s (default)
2019-09-20 08:38:29,045 [db6d3ca5-f12f-4d4c-aad8-4a2a4f640353:group-E5F4F14C03BD:LeaderElection80] INFO  server.RaftServerConfigKeys (ConfUtils.java:logGet(43)) - raft.server.watch.timeout.denomination = 1s (default)
2019-09-20 08:38:29,045 [db6d3ca5-f12f-4d4c-aad8-4a2a4f640353:group-E5F4F14C03BD:LeaderElection80] INFO  server.RaftServerConfigKeys (ConfUtils.java:logGet(43)) - raft.server.watch.element-limit = 65536 (default)
2019-09-20 08:38:29,045 [db6d3ca5-f12f-4d4c-aad8-4a2a4f640353:group-E5F4F14C03BD:LeaderElection80] INFO  impl.RoleInfo (RoleInfo.java:updateAndGet(143)) - db6d3ca5-f12f-4d4c-aad8-4a2a4f640353: start LeaderState
2019-09-20 08:38:29,045 [db6d3ca5-f12f-4d4c-aad8-4a2a4f640353:group-E5F4F14C03BD:LeaderElection80] INFO  segmented.SegmentedRaftLogWorker (SegmentedRaftLogWorker.java:startLogSegment(380)) - db6d3ca5-f12f-4d4c-aad8-4a2a4f640353-SegmentedRaftLogWorker:Storage Directory /workdir/hadoop-ozone/ozonefs/target/test-dir/MiniOzoneClusterImpl-0e2437da-0aee-42ff-b383-10e9a9564f41/datanode-2/data/ratis/08f4da97-3279-431c-a287-e5f4f14c03bd: Starting segment from index:0
2019-09-20 08:38:29,046 [db6d3ca5-f12f-4d4c-aad8-4a2a4f640353:group-E5F4F14C03BD:LeaderElection80] INFO  impl.RaftServerImpl (ServerState.java:setRaftConf(361)) - db6d3ca5-f12f-4d4c-aad8-4a2a4f640353:group-E5F4F14C03BD set configuration 0: [db6d3ca5-f12f-4d4c-aad8-4a2a4f640353:192.168.36.79:39139], old=null at 0
2019-09-20 08:38:29,060 [db6d3ca5-f12f-4d4c-aad8-4a2a4f640353-SegmentedRaftLogWorker:Storage Directory /workdir/hadoop-ozone/ozonefs/target/test-dir/MiniOzoneClusterImpl-0e2437da-0aee-42ff-b383-10e9a9564f41/datanode-2/data/ratis/02d24ccf-2328-4f7d-89ea-fc8e4d2c2148] INFO  segmented.SegmentedRaftLogWorker (SegmentedRaftLogWorker.java:execute(569)) - db6d3ca5-f12f-4d4c-aad8-4a2a4f640353-SegmentedRaftLogWorker:Storage Directory /workdir/hadoop-ozone/ozonefs/target/test-dir/MiniOzoneClusterImpl-0e2437da-0aee-42ff-b383-10e9a9564f41/datanode-2/data/ratis/02d24ccf-2328-4f7d-89ea-fc8e4d2c2148: created new log segment /workdir/hadoop-ozone/ozonefs/target/test-dir/MiniOzoneClusterImpl-0e2437da-0aee-42ff-b383-10e9a9564f41/datanode-2/data/ratis/02d24ccf-2328-4f7d-89ea-fc8e4d2c2148/current/log_inprogress_0
2019-09-20 08:38:29,080 [Thread-1273] INFO  impl.FollowerState (FollowerState.java:run(106)) - db6d3ca5-f12f-4d4c-aad8-4a2a4f640353:group-050F044AE1BE changes to CANDIDATE, lastRpcTime:5160, electionTimeout:5160ms
2019-09-20 08:38:29,080 [Thread-1273] INFO  impl.RoleInfo (RoleInfo.java:shutdownFollowerState(121)) - db6d3ca5-f12f-4d4c-aad8-4a2a4f640353: shutdown FollowerState
2019-09-20 08:38:29,080 [Thread-1273] INFO  impl.RaftServerImpl (RaftServerImpl.java:setRole(171)) - db6d3ca5-f12f-4d4c-aad8-4a2a4f640353:group-050F044AE1BE changes role from FOLLOWER to CANDIDATE at term 0 for changeToCandidate
2019-09-20 08:38:29,080 [Thread-1273] INFO  impl.RoleInfo (RoleInfo.java:updateAndGet(143)) - db6d3ca5-f12f-4d4c-aad8-4a2a4f640353: start LeaderElection
2019-09-20 08:38:29,094 [db6d3ca5-f12f-4d4c-aad8-4a2a4f640353-SegmentedRaftLogWorker:Storage Directory /workdir/hadoop-ozone/ozonefs/target/test-dir/MiniOzoneClusterImpl-0e2437da-0aee-42ff-b383-10e9a9564f41/datanode-2/data/ratis/08f4da97-3279-431c-a287-e5f4f14c03bd] INFO  segmented.SegmentedRaftLogWorker (SegmentedRaftLogWorker.java:execute(569)) - db6d3ca5-f12f-4d4c-aad8-4a2a4f640353-SegmentedRaftLogWorker:Storage Directory /workdir/hadoop-ozone/ozonefs/target/test-dir/MiniOzoneClusterImpl-0e2437da-0aee-42ff-b383-10e9a9564f41/datanode-2/data/ratis/08f4da97-3279-431c-a287-e5f4f14c03bd: created new log segment /workdir/hadoop-ozone/ozonefs/target/test-dir/MiniOzoneClusterImpl-0e2437da-0aee-42ff-b383-10e9a9564f41/datanode-2/data/ratis/08f4da97-3279-431c-a287-e5f4f14c03bd/current/log_inprogress_0
2019-09-20 08:38:29,111 [db6d3ca5-f12f-4d4c-aad8-4a2a4f640353:group-050F044AE1BE:LeaderElection81] INFO  impl.LeaderElection (LeaderElection.java:askForVotes(181)) - db6d3ca5-f12f-4d4c-aad8-4a2a4f640353:group-050F044AE1BE:LeaderElection81: begin an election at term 1 for -1: [db6d3ca5-f12f-4d4c-aad8-4a2a4f640353:192.168.36.79:39139], old=null
2019-09-20 08:38:29,111 [db6d3ca5-f12f-4d4c-aad8-4a2a4f640353:group-050F044AE1BE:LeaderElection81] INFO  impl.RoleInfo (RoleInfo.java:shutdownLeaderElection(134)) - db6d3ca5-f12f-4d4c-aad8-4a2a4f640353: shutdown LeaderElection
2019-09-20 08:38:29,111 [db6d3ca5-f12f-4d4c-aad8-4a2a4f640353:group-050F044AE1BE:LeaderElection81] INFO  impl.RaftServerImpl (RaftServerImpl.java:setRole(171)) - db6d3ca5-f12f-4d4c-aad8-4a2a4f640353:group-050F044AE1BE changes role from CANDIDATE to LEADER at term 1 for changeToLeader
2019-09-20 08:38:29,112 [db6d3ca5-f12f-4d4c-aad8-4a2a4f640353:group-050F044AE1BE:LeaderElection81] INFO  impl.RaftServerImpl (ServerState.java:setLeader(263)) - db6d3ca5-f12f-4d4c-aad8-4a2a4f640353:group-050F044AE1BE change Leader from null to db6d3ca5-f12f-4d4c-aad8-4a2a4f640353 at term 1 for becomeLeader, leader elected after 5196ms
2019-09-20 08:38:29,112 [db6d3ca5-f12f-4d4c-aad8-4a2a4f640353:group-050F044AE1BE:LeaderElection81] INFO  server.RaftServerConfigKeys (ConfUtils.java:logGet(43)) - raft.server.staging.catchup.gap = 1000 (default)
2019-09-20 08:38:29,112 [db6d3ca5-f12f-4d4c-aad8-4a2a4f640353:group-050F044AE1BE:LeaderElection81] INFO  server.RaftServerConfigKeys (ConfUtils.java:logGet(43)) - raft.server.rpc.sleep.time = 25ms (default)
2019-09-20 08:38:29,112 [db6d3ca5-f12f-4d4c-aad8-4a2a4f640353:group-050F044AE1BE:LeaderElection81] INFO  server.RaftServerConfigKeys (ConfUtils.java:logGet(43)) - raft.server.write.element-limit = 4096 (default)
2019-09-20 08:38:29,112 [db6d3ca5-f12f-4d4c-aad8-4a2a4f640353:group-050F044AE1BE:LeaderElection81] INFO  server.RaftServerConfigKeys (ConfUtils.java:logGet(43)) - raft.server.watch.timeout = 10s (default)
2019-09-20 08:38:29,112 [db6d3ca5-f12f-4d4c-aad8-4a2a4f640353:group-050F044AE1BE:LeaderElection81] INFO  server.RaftServerConfigKeys (ConfUtils.java:logGet(43)) - raft.server.watch.timeout.denomination = 1s (default)
2019-09-20 08:38:29,112 [db6d3ca5-f12f-4d4c-aad8-4a2a4f640353:group-050F044AE1BE:LeaderElection81] INFO  server.RaftServerConfigKeys (ConfUtils.java:logGet(43)) - raft.server.watch.element-limit = 65536 (default)
2019-09-20 08:38:29,113 [db6d3ca5-f12f-4d4c-aad8-4a2a4f640353:group-050F044AE1BE:LeaderElection81] INFO  impl.RoleInfo (RoleInfo.java:updateAndGet(143)) - db6d3ca5-f12f-4d4c-aad8-4a2a4f640353: start LeaderState
2019-09-20 08:38:29,113 [db6d3ca5-f12f-4d4c-aad8-4a2a4f640353:group-050F044AE1BE:LeaderElection81] INFO  segmented.SegmentedRaftLogWorker (SegmentedRaftLogWorker.java:startLogSegment(380)) - db6d3ca5-f12f-4d4c-aad8-4a2a4f640353-SegmentedRaftLogWorker:Storage Directory /workdir/hadoop-ozone/ozonefs/target/test-dir/MiniOzoneClusterImpl-0e2437da-0aee-42ff-b383-10e9a9564f41/datanode-2/data/ratis/09bf9283-62ef-469e-b45e-050f044ae1be: Starting segment from index:0
2019-09-20 08:38:29,113 [db6d3ca5-f12f-4d4c-aad8-4a2a4f640353:group-050F044AE1BE:LeaderElection81] INFO  impl.RaftServerImpl (ServerState.java:setRaftConf(361)) - db6d3ca5-f12f-4d4c-aad8-4a2a4f640353:group-050F044AE1BE set configuration 0: [db6d3ca5-f12f-4d4c-aad8-4a2a4f640353:192.168.36.79:39139], old=null at 0
2019-09-20 08:38:29,154 [db6d3ca5-f12f-4d4c-aad8-4a2a4f640353-SegmentedRaftLogWorker:Storage Directory /workdir/hadoop-ozone/ozonefs/target/test-dir/MiniOzoneClusterImpl-0e2437da-0aee-42ff-b383-10e9a9564f41/datanode-2/data/ratis/09bf9283-62ef-469e-b45e-050f044ae1be] INFO  segmented.SegmentedRaftLogWorker (SegmentedRaftLogWorker.java:execute(569)) - db6d3ca5-f12f-4d4c-aad8-4a2a4f640353-SegmentedRaftLogWorker:Storage Directory /workdir/hadoop-ozone/ozonefs/target/test-dir/MiniOzoneClusterImpl-0e2437da-0aee-42ff-b383-10e9a9564f41/datanode-2/data/ratis/09bf9283-62ef-469e-b45e-050f044ae1be: created new log segment /workdir/hadoop-ozone/ozonefs/target/test-dir/MiniOzoneClusterImpl-0e2437da-0aee-42ff-b383-10e9a9564f41/datanode-2/data/ratis/09bf9283-62ef-469e-b45e-050f044ae1be/current/log_inprogress_0
2019-09-20 08:38:29,172 [Thread-1279] INFO  impl.FollowerState (FollowerState.java:run(106)) - db6d3ca5-f12f-4d4c-aad8-4a2a4f640353:group-549DBC461A8A changes to CANDIDATE, lastRpcTime:5118, electionTimeout:5118ms
2019-09-20 08:38:29,173 [Thread-1279] INFO  impl.RoleInfo (RoleInfo.java:shutdownFollowerState(121)) - db6d3ca5-f12f-4d4c-aad8-4a2a4f640353: shutdown FollowerState
2019-09-20 08:38:29,173 [Thread-1279] INFO  impl.RaftServerImpl (RaftServerImpl.java:setRole(171)) - db6d3ca5-f12f-4d4c-aad8-4a2a4f640353:group-549DBC461A8A changes role from FOLLOWER to CANDIDATE at term 0 for changeToCandidate
2019-09-20 08:38:29,173 [Thread-1279] INFO  impl.RoleInfo (RoleInfo.java:updateAndGet(143)) - db6d3ca5-f12f-4d4c-aad8-4a2a4f640353: start LeaderElection
2019-09-20 08:38:29,196 [db6d3ca5-f12f-4d4c-aad8-4a2a4f640353:group-549DBC461A8A:LeaderElection82] INFO  impl.LeaderElection (LeaderElection.java:askForVotes(181)) - db6d3ca5-f12f-4d4c-aad8-4a2a4f640353:group-549DBC461A8A:LeaderElection82: begin an election at term 1 for -1: [db6d3ca5-f12f-4d4c-aad8-4a2a4f640353:192.168.36.79:39139], old=null
2019-09-20 08:38:29,196 [db6d3ca5-f12f-4d4c-aad8-4a2a4f640353:group-549DBC461A8A:LeaderElection82] INFO  impl.RoleInfo (RoleInfo.java:shutdownLeaderElection(134)) - db6d3ca5-f12f-4d4c-aad8-4a2a4f640353: shutdown LeaderElection
2019-09-20 08:38:29,196 [db6d3ca5-f12f-4d4c-aad8-4a2a4f640353:group-549DBC461A8A:LeaderElection82] INFO  impl.RaftServerImpl (RaftServerImpl.java:setRole(171)) - db6d3ca5-f12f-4d4c-aad8-4a2a4f640353:group-549DBC461A8A changes role from CANDIDATE to LEADER at term 1 for changeToLeader
2019-09-20 08:38:29,197 [db6d3ca5-f12f-4d4c-aad8-4a2a4f640353:group-549DBC461A8A:LeaderElection82] INFO  impl.RaftServerImpl (ServerState.java:setLeader(263)) - db6d3ca5-f12f-4d4c-aad8-4a2a4f640353:group-549DBC461A8A change Leader from null to db6d3ca5-f12f-4d4c-aad8-4a2a4f640353 at term 1 for becomeLeader, leader elected after 5146ms
2019-09-20 08:38:29,197 [db6d3ca5-f12f-4d4c-aad8-4a2a4f640353:group-549DBC461A8A:LeaderElection82] INFO  server.RaftServerConfigKeys (ConfUtils.java:logGet(43)) - raft.server.staging.catchup.gap = 1000 (default)
2019-09-20 08:38:29,197 [db6d3ca5-f12f-4d4c-aad8-4a2a4f640353:group-549DBC461A8A:LeaderElection82] INFO  server.RaftServerConfigKeys (ConfUtils.java:logGet(43)) - raft.server.rpc.sleep.time = 25ms (default)
2019-09-20 08:38:29,197 [db6d3ca5-f12f-4d4c-aad8-4a2a4f640353:group-549DBC461A8A:LeaderElection82] INFO  server.RaftServerConfigKeys (ConfUtils.java:logGet(43)) - raft.server.write.element-limit = 4096 (default)
2019-09-20 08:38:29,197 [db6d3ca5-f12f-4d4c-aad8-4a2a4f640353:group-549DBC461A8A:LeaderElection82] INFO  server.RaftServerConfigKeys (ConfUtils.java:logGet(43)) - raft.server.watch.timeout = 10s (default)
2019-09-20 08:38:29,197 [db6d3ca5-f12f-4d4c-aad8-4a2a4f640353:group-549DBC461A8A:LeaderElection82] INFO  server.RaftServerConfigKeys (ConfUtils.java:logGet(43)) - raft.server.watch.timeout.denomination = 1s (default)
2019-09-20 08:38:29,197 [db6d3ca5-f12f-4d4c-aad8-4a2a4f640353:group-549DBC461A8A:LeaderElection82] INFO  server.RaftServerConfigKeys (ConfUtils.java:logGet(43)) - raft.server.watch.element-limit = 65536 (default)
2019-09-20 08:38:29,198 [db6d3ca5-f12f-4d4c-aad8-4a2a4f640353:group-549DBC461A8A:LeaderElection82] INFO  impl.RoleInfo (RoleInfo.java:updateAndGet(143)) - db6d3ca5-f12f-4d4c-aad8-4a2a4f640353: start LeaderState
2019-09-20 08:38:29,198 [db6d3ca5-f12f-4d4c-aad8-4a2a4f640353:group-549DBC461A8A:LeaderElection82] INFO  segmented.SegmentedRaftLogWorker (SegmentedRaftLogWorker.java:startLogSegment(380)) - db6d3ca5-f12f-4d4c-aad8-4a2a4f640353-SegmentedRaftLogWorker:Storage Directory /workdir/hadoop-ozone/ozonefs/target/test-dir/MiniOzoneClusterImpl-0e2437da-0aee-42ff-b383-10e9a9564f41/datanode-2/data/ratis/2c2cd4a7-edcc-460f-979f-549dbc461a8a: Starting segment from index:0
2019-09-20 08:38:29,198 [db6d3ca5-f12f-4d4c-aad8-4a2a4f640353:group-549DBC461A8A:LeaderElection82] INFO  impl.RaftServerImpl (ServerState.java:setRaftConf(361)) - db6d3ca5-f12f-4d4c-aad8-4a2a4f640353:group-549DBC461A8A set configuration 0: [db6d3ca5-f12f-4d4c-aad8-4a2a4f640353:192.168.36.79:39139], old=null at 0
2019-09-20 08:38:29,246 [db6d3ca5-f12f-4d4c-aad8-4a2a4f640353-SegmentedRaftLogWorker:Storage Directory /workdir/hadoop-ozone/ozonefs/target/test-dir/MiniOzoneClusterImpl-0e2437da-0aee-42ff-b383-10e9a9564f41/datanode-2/data/ratis/2c2cd4a7-edcc-460f-979f-549dbc461a8a] INFO  segmented.SegmentedRaftLogWorker (SegmentedRaftLogWorker.java:execute(569)) - db6d3ca5-f12f-4d4c-aad8-4a2a4f640353-SegmentedRaftLogWorker:Storage Directory /workdir/hadoop-ozone/ozonefs/target/test-dir/MiniOzoneClusterImpl-0e2437da-0aee-42ff-b383-10e9a9564f41/datanode-2/data/ratis/2c2cd4a7-edcc-460f-979f-549dbc461a8a: created new log segment /workdir/hadoop-ozone/ozonefs/target/test-dir/MiniOzoneClusterImpl-0e2437da-0aee-42ff-b383-10e9a9564f41/datanode-2/data/ratis/2c2cd4a7-edcc-460f-979f-549dbc461a8a/current/log_inprogress_0
2019-09-20 08:38:29,277 [Thread-1282] INFO  impl.FollowerState (FollowerState.java:run(106)) - db6d3ca5-f12f-4d4c-aad8-4a2a4f640353:group-348F56719B2C changes to CANDIDATE, lastRpcTime:5146, electionTimeout:5146ms
2019-09-20 08:38:29,277 [Thread-1282] INFO  impl.RoleInfo (RoleInfo.java:shutdownFollowerState(121)) - db6d3ca5-f12f-4d4c-aad8-4a2a4f640353: shutdown FollowerState
2019-09-20 08:38:29,278 [Thread-1282] INFO  impl.RaftServerImpl (RaftServerImpl.java:setRole(171)) - db6d3ca5-f12f-4d4c-aad8-4a2a4f640353:group-348F56719B2C changes role from FOLLOWER to CANDIDATE at term 0 for changeToCandidate
2019-09-20 08:38:29,278 [Thread-1282] INFO  impl.RoleInfo (RoleInfo.java:updateAndGet(143)) - db6d3ca5-f12f-4d4c-aad8-4a2a4f640353: start LeaderElection
2019-09-20 08:38:29,297 [db6d3ca5-f12f-4d4c-aad8-4a2a4f640353:group-348F56719B2C:LeaderElection83] INFO  impl.LeaderElection (LeaderElection.java:askForVotes(181)) - db6d3ca5-f12f-4d4c-aad8-4a2a4f640353:group-348F56719B2C:LeaderElection83: begin an election at term 1 for -1: [db6d3ca5-f12f-4d4c-aad8-4a2a4f640353:192.168.36.79:39139], old=null
2019-09-20 08:38:29,297 [db6d3ca5-f12f-4d4c-aad8-4a2a4f640353:group-348F56719B2C:LeaderElection83] INFO  impl.RoleInfo (RoleInfo.java:shutdownLeaderElection(134)) - db6d3ca5-f12f-4d4c-aad8-4a2a4f640353: shutdown LeaderElection
2019-09-20 08:38:29,297 [db6d3ca5-f12f-4d4c-aad8-4a2a4f640353:group-348F56719B2C:LeaderElection83] INFO  impl.RaftServerImpl (RaftServerImpl.java:setRole(171)) - db6d3ca5-f12f-4d4c-aad8-4a2a4f640353:group-348F56719B2C changes role from CANDIDATE to LEADER at term 1 for changeToLeader
2019-09-20 08:38:29,297 [db6d3ca5-f12f-4d4c-aad8-4a2a4f640353:group-348F56719B2C:LeaderElection83] INFO  impl.RaftServerImpl (ServerState.java:setLeader(263)) - db6d3ca5-f12f-4d4c-aad8-4a2a4f640353:group-348F56719B2C change Leader from null to db6d3ca5-f12f-4d4c-aad8-4a2a4f640353 at term 1 for becomeLeader, leader elected after 5170ms
2019-09-20 08:38:29,297 [db6d3ca5-f12f-4d4c-aad8-4a2a4f640353:group-348F56719B2C:LeaderElection83] INFO  server.RaftServerConfigKeys (ConfUtils.java:logGet(43)) - raft.server.staging.catchup.gap = 1000 (default)
2019-09-20 08:38:29,298 [db6d3ca5-f12f-4d4c-aad8-4a2a4f640353:group-348F56719B2C:LeaderElection83] INFO  server.RaftServerConfigKeys (ConfUtils.java:logGet(43)) - raft.server.rpc.sleep.time = 25ms (default)
2019-09-20 08:38:29,298 [db6d3ca5-f12f-4d4c-aad8-4a2a4f640353:group-348F56719B2C:LeaderElection83] INFO  server.RaftServerConfigKeys (ConfUtils.java:logGet(43)) - raft.server.write.element-limit = 4096 (default)
2019-09-20 08:38:29,298 [db6d3ca5-f12f-4d4c-aad8-4a2a4f640353:group-348F56719B2C:LeaderElection83] INFO  server.RaftServerConfigKeys (ConfUtils.java:logGet(43)) - raft.server.watch.timeout = 10s (default)
2019-09-20 08:38:29,298 [db6d3ca5-f12f-4d4c-aad8-4a2a4f640353:group-348F56719B2C:LeaderElection83] INFO  server.RaftServerConfigKeys (ConfUtils.java:logGet(43)) - raft.server.watch.timeout.denomination = 1s (default)
2019-09-20 08:38:29,298 [db6d3ca5-f12f-4d4c-aad8-4a2a4f640353:group-348F56719B2C:LeaderElection83] INFO  server.RaftServerConfigKeys (ConfUtils.java:logGet(43)) - raft.server.watch.element-limit = 65536 (default)
2019-09-20 08:38:29,298 [db6d3ca5-f12f-4d4c-aad8-4a2a4f640353:group-348F56719B2C:LeaderElection83] INFO  impl.RoleInfo (RoleInfo.java:updateAndGet(143)) - db6d3ca5-f12f-4d4c-aad8-4a2a4f640353: start LeaderState
2019-09-20 08:38:29,299 [db6d3ca5-f12f-4d4c-aad8-4a2a4f640353:group-348F56719B2C:LeaderElection83] INFO  segmented.SegmentedRaftLogWorker (SegmentedRaftLogWorker.java:startLogSegment(380)) - db6d3ca5-f12f-4d4c-aad8-4a2a4f640353-SegmentedRaftLogWorker:Storage Directory /workdir/hadoop-ozone/ozonefs/target/test-dir/MiniOzoneClusterImpl-0e2437da-0aee-42ff-b383-10e9a9564f41/datanode-2/data/ratis/1373ee11-ddd7-42f0-9efc-348f56719b2c: Starting segment from index:0
2019-09-20 08:38:29,299 [db6d3ca5-f12f-4d4c-aad8-4a2a4f640353:group-348F56719B2C:LeaderElection83] INFO  impl.RaftServerImpl (ServerState.java:setRaftConf(361)) - db6d3ca5-f12f-4d4c-aad8-4a2a4f640353:group-348F56719B2C set configuration 0: [db6d3ca5-f12f-4d4c-aad8-4a2a4f640353:192.168.36.79:39139], old=null at 0
2019-09-20 08:38:29,355 [db6d3ca5-f12f-4d4c-aad8-4a2a4f640353-SegmentedRaftLogWorker:Storage Directory /workdir/hadoop-ozone/ozonefs/target/test-dir/MiniOzoneClusterImpl-0e2437da-0aee-42ff-b383-10e9a9564f41/datanode-2/data/ratis/1373ee11-ddd7-42f0-9efc-348f56719b2c] INFO  segmented.SegmentedRaftLogWorker (SegmentedRaftLogWorker.java:execute(569)) - db6d3ca5-f12f-4d4c-aad8-4a2a4f640353-SegmentedRaftLogWorker:Storage Directory /workdir/hadoop-ozone/ozonefs/target/test-dir/MiniOzoneClusterImpl-0e2437da-0aee-42ff-b383-10e9a9564f41/datanode-2/data/ratis/1373ee11-ddd7-42f0-9efc-348f56719b2c: created new log segment /workdir/hadoop-ozone/ozonefs/target/test-dir/MiniOzoneClusterImpl-0e2437da-0aee-42ff-b383-10e9a9564f41/datanode-2/data/ratis/1373ee11-ddd7-42f0-9efc-348f56719b2c/current/log_inprogress_0
2019-09-20 08:38:29,468 | INFO  | SCMAudit | user=jenkins1000 | ip=192.168.36.79 | op=SEND_HEARTBEAT {datanodeUUID=db6d3ca5-f12f-4d4c-aad8-4a2a4f640353, command=[]} | ret=SUCCESS |  
2019-09-20 08:38:29,712 [Thread-1057] INFO  ozoneimpl.OzoneContainer (OzoneContainer.java:stop(199)) - Attempting to stop container services.
2019-09-20 08:38:29,712 [ForkJoinPool.commonPool-worker-1] INFO  ozoneimpl.OzoneContainer (OzoneContainer.java:stop(199)) - Attempting to stop container services.
2019-09-20 08:38:29,713 [Thread-1057] INFO  impl.RaftServerProxy (RaftServerProxy.java:lambda$close$4(314)) - 22464498-4bd3-4a74-88e5-a0fbe623bf0e: close
2019-09-20 08:38:29,713 [ForkJoinPool.commonPool-worker-1] INFO  impl.RaftServerProxy (RaftServerProxy.java:lambda$close$4(314)) - 7e673b66-ddf6-4b97-a643-f59697fb3549: close
2019-09-20 08:38:29,713 [Thread-1057] INFO  impl.RaftServerImpl (RaftServerImpl.java:lambda$shutdown$3(245)) - 22464498-4bd3-4a74-88e5-a0fbe623bf0e: shutdown group-D6C9E6C1C1BE
2019-09-20 08:38:29,713 [ForkJoinPool.commonPool-worker-1] INFO  impl.RaftServerImpl (RaftServerImpl.java:lambda$shutdown$3(245)) - 7e673b66-ddf6-4b97-a643-f59697fb3549: shutdown group-7FCF35AD64FC
2019-09-20 08:38:29,714 [Thread-1057] INFO  util.JmxRegister (JmxRegister.java:unregister(73)) - Successfully un-registered JMX Bean with object name Ratis:service=RaftServer,group=group-D6C9E6C1C1BE,id=22464498-4bd3-4a74-88e5-a0fbe623bf0e
2019-09-20 08:38:29,714 [ForkJoinPool.commonPool-worker-1] INFO  util.JmxRegister (JmxRegister.java:unregister(73)) - Successfully un-registered JMX Bean with object name Ratis:service=RaftServer,group=group-7FCF35AD64FC,id=7e673b66-ddf6-4b97-a643-f59697fb3549
2019-09-20 08:38:29,714 [Thread-1057] INFO  impl.RoleInfo (RoleInfo.java:shutdownLeaderState(104)) - 22464498-4bd3-4a74-88e5-a0fbe623bf0e: shutdown LeaderState
2019-09-20 08:38:29,715 [ForkJoinPool.commonPool-worker-1] INFO  impl.RoleInfo (RoleInfo.java:shutdownLeaderState(104)) - 7e673b66-ddf6-4b97-a643-f59697fb3549: shutdown LeaderState
2019-09-20 08:38:29,715 [Thread-1057] INFO  impl.PendingRequests (PendingRequests.java:sendNotLeaderResponses(202)) - 22464498-4bd3-4a74-88e5-a0fbe623bf0e-PendingRequests: sendNotLeaderResponses
2019-09-20 08:38:29,715 [ForkJoinPool.commonPool-worker-1] INFO  impl.PendingRequests (PendingRequests.java:sendNotLeaderResponses(202)) - 7e673b66-ddf6-4b97-a643-f59697fb3549-PendingRequests: sendNotLeaderResponses
2019-09-20 08:38:29,716 [Thread-1057] INFO  impl.StateMachineUpdater (StateMachineUpdater.java:stopAndJoin(115)) - StateMachineUpdater:22464498-4bd3-4a74-88e5-a0fbe623bf0e:group-D6C9E6C1C1BE: set stopIndex = 0
2019-09-20 08:38:29,716 [ForkJoinPool.commonPool-worker-1] INFO  impl.StateMachineUpdater (StateMachineUpdater.java:stopAndJoin(115)) - StateMachineUpdater:7e673b66-ddf6-4b97-a643-f59697fb3549:group-7FCF35AD64FC: set stopIndex = 0
2019-09-20 08:38:29,716 [ForkJoinPool.commonPool-worker-1] INFO  impl.RaftServerImpl (ServerState.java:close(394)) - 7e673b66-ddf6-4b97-a643-f59697fb3549:group-7FCF35AD64FC closes. The last applied log index is 0
2019-09-20 08:38:29,716 [Thread-1057] INFO  impl.RaftServerImpl (ServerState.java:close(394)) - 22464498-4bd3-4a74-88e5-a0fbe623bf0e:group-D6C9E6C1C1BE closes. The last applied log index is 0
2019-09-20 08:38:29,717 [7e673b66-ddf6-4b97-a643-f59697fb3549-SegmentedRaftLogWorker:Storage Directory /workdir/hadoop-ozone/ozonefs/target/test-dir/MiniOzoneClusterImpl-0e2437da-0aee-42ff-b383-10e9a9564f41/datanode-0/data/ratis/d4436d04-3bbf-4878-aefc-7fcf35ad64fc] INFO  segmented.SegmentedRaftLogWorker (SegmentedRaftLogWorker.java:run(313)) - 7e673b66-ddf6-4b97-a643-f59697fb3549-SegmentedRaftLogWorker:Storage Directory /workdir/hadoop-ozone/ozonefs/target/test-dir/MiniOzoneClusterImpl-0e2437da-0aee-42ff-b383-10e9a9564f41/datanode-0/data/ratis/d4436d04-3bbf-4878-aefc-7fcf35ad64fc was interrupted, exiting. There are 0 tasks remaining in the queue.
2019-09-20 08:38:29,717 [22464498-4bd3-4a74-88e5-a0fbe623bf0e-SegmentedRaftLogWorker:Storage Directory /workdir/hadoop-ozone/ozonefs/target/test-dir/MiniOzoneClusterImpl-0e2437da-0aee-42ff-b383-10e9a9564f41/datanode-1/data/ratis/92138eb0-e772-4fa1-8983-d6c9e6c1c1be] INFO  segmented.SegmentedRaftLogWorker (SegmentedRaftLogWorker.java:run(313)) - 22464498-4bd3-4a74-88e5-a0fbe623bf0e-SegmentedRaftLogWorker:Storage Directory /workdir/hadoop-ozone/ozonefs/target/test-dir/MiniOzoneClusterImpl-0e2437da-0aee-42ff-b383-10e9a9564f41/datanode-1/data/ratis/92138eb0-e772-4fa1-8983-d6c9e6c1c1be was interrupted, exiting. There are 0 tasks remaining in the queue.
2019-09-20 08:38:29,717 [ForkJoinPool.commonPool-worker-1] INFO  segmented.SegmentedRaftLogWorker (SegmentedRaftLogWorker.java:close(228)) - 7e673b66-ddf6-4b97-a643-f59697fb3549-SegmentedRaftLogWorker:Storage Directory /workdir/hadoop-ozone/ozonefs/target/test-dir/MiniOzoneClusterImpl-0e2437da-0aee-42ff-b383-10e9a9564f41/datanode-0/data/ratis/d4436d04-3bbf-4878-aefc-7fcf35ad64fc close()
2019-09-20 08:38:29,717 [Thread-1057] INFO  segmented.SegmentedRaftLogWorker (SegmentedRaftLogWorker.java:close(228)) - 22464498-4bd3-4a74-88e5-a0fbe623bf0e-SegmentedRaftLogWorker:Storage Directory /workdir/hadoop-ozone/ozonefs/target/test-dir/MiniOzoneClusterImpl-0e2437da-0aee-42ff-b383-10e9a9564f41/datanode-1/data/ratis/92138eb0-e772-4fa1-8983-d6c9e6c1c1be close()
2019-09-20 08:38:29,720 [ForkJoinPool.commonPool-worker-1] INFO  impl.RaftServerImpl (RaftServerImpl.java:lambda$shutdown$3(245)) - 7e673b66-ddf6-4b97-a643-f59697fb3549: shutdown group-C66BE12FC56C
2019-09-20 08:38:29,726 [Thread-1057] INFO  impl.RaftServerImpl (RaftServerImpl.java:lambda$shutdown$3(245)) - 22464498-4bd3-4a74-88e5-a0fbe623bf0e: shutdown group-94F9104B54A0
2019-09-20 08:38:29,726 [ForkJoinPool.commonPool-worker-1] INFO  util.JmxRegister (JmxRegister.java:unregister(73)) - Successfully un-registered JMX Bean with object name Ratis:service=RaftServer,group=group-C66BE12FC56C,id=7e673b66-ddf6-4b97-a643-f59697fb3549
2019-09-20 08:38:29,726 [Thread-1057] INFO  util.JmxRegister (JmxRegister.java:unregister(73)) - Successfully un-registered JMX Bean with object name Ratis:service=RaftServer,group=group-94F9104B54A0,id=22464498-4bd3-4a74-88e5-a0fbe623bf0e
2019-09-20 08:38:29,726 [ForkJoinPool.commonPool-worker-1] INFO  impl.RoleInfo (RoleInfo.java:shutdownLeaderState(104)) - 7e673b66-ddf6-4b97-a643-f59697fb3549: shutdown LeaderState
2019-09-20 08:38:29,727 [Thread-1057] INFO  impl.RoleInfo (RoleInfo.java:shutdownLeaderState(104)) - 22464498-4bd3-4a74-88e5-a0fbe623bf0e: shutdown LeaderState
2019-09-20 08:38:29,727 [ForkJoinPool.commonPool-worker-1] INFO  impl.PendingRequests (PendingRequests.java:sendNotLeaderResponses(202)) - 7e673b66-ddf6-4b97-a643-f59697fb3549-PendingRequests: sendNotLeaderResponses
2019-09-20 08:38:29,727 [Thread-1057] INFO  impl.PendingRequests (PendingRequests.java:sendNotLeaderResponses(202)) - 22464498-4bd3-4a74-88e5-a0fbe623bf0e-PendingRequests: sendNotLeaderResponses
2019-09-20 08:38:29,728 [ForkJoinPool.commonPool-worker-1] INFO  impl.StateMachineUpdater (StateMachineUpdater.java:stopAndJoin(115)) - StateMachineUpdater:7e673b66-ddf6-4b97-a643-f59697fb3549:group-C66BE12FC56C: set stopIndex = 0
2019-09-20 08:38:29,728 [Thread-1057] INFO  impl.StateMachineUpdater (StateMachineUpdater.java:stopAndJoin(115)) - StateMachineUpdater:22464498-4bd3-4a74-88e5-a0fbe623bf0e:group-94F9104B54A0: set stopIndex = 0
2019-09-20 08:38:29,728 [ForkJoinPool.commonPool-worker-1] INFO  impl.RaftServerImpl (ServerState.java:close(394)) - 7e673b66-ddf6-4b97-a643-f59697fb3549:group-C66BE12FC56C closes. The last applied log index is 0
2019-09-20 08:38:29,728 [Thread-1057] INFO  impl.RaftServerImpl (ServerState.java:close(394)) - 22464498-4bd3-4a74-88e5-a0fbe623bf0e:group-94F9104B54A0 closes. The last applied log index is 0
2019-09-20 08:38:29,729 [7e673b66-ddf6-4b97-a643-f59697fb3549-SegmentedRaftLogWorker:Storage Directory /workdir/hadoop-ozone/ozonefs/target/test-dir/MiniOzoneClusterImpl-0e2437da-0aee-42ff-b383-10e9a9564f41/datanode-0/data/ratis/d3f4c10a-5bc0-4600-a7f5-c66be12fc56c] INFO  segmented.SegmentedRaftLogWorker (SegmentedRaftLogWorker.java:run(313)) - 7e673b66-ddf6-4b97-a643-f59697fb3549-SegmentedRaftLogWorker:Storage Directory /workdir/hadoop-ozone/ozonefs/target/test-dir/MiniOzoneClusterImpl-0e2437da-0aee-42ff-b383-10e9a9564f41/datanode-0/data/ratis/d3f4c10a-5bc0-4600-a7f5-c66be12fc56c was interrupted, exiting. There are 0 tasks remaining in the queue.
2019-09-20 08:38:29,729 [22464498-4bd3-4a74-88e5-a0fbe623bf0e-SegmentedRaftLogWorker:Storage Directory /workdir/hadoop-ozone/ozonefs/target/test-dir/MiniOzoneClusterImpl-0e2437da-0aee-42ff-b383-10e9a9564f41/datanode-1/data/ratis/48c16362-e183-47ee-97ee-94f9104b54a0] INFO  segmented.SegmentedRaftLogWorker (SegmentedRaftLogWorker.java:run(313)) - 22464498-4bd3-4a74-88e5-a0fbe623bf0e-SegmentedRaftLogWorker:Storage Directory /workdir/hadoop-ozone/ozonefs/target/test-dir/MiniOzoneClusterImpl-0e2437da-0aee-42ff-b383-10e9a9564f41/datanode-1/data/ratis/48c16362-e183-47ee-97ee-94f9104b54a0 was interrupted, exiting. There are 0 tasks remaining in the queue.
2019-09-20 08:38:29,729 [ForkJoinPool.commonPool-worker-1] INFO  segmented.SegmentedRaftLogWorker (SegmentedRaftLogWorker.java:close(228)) - 7e673b66-ddf6-4b97-a643-f59697fb3549-SegmentedRaftLogWorker:Storage Directory /workdir/hadoop-ozone/ozonefs/target/test-dir/MiniOzoneClusterImpl-0e2437da-0aee-42ff-b383-10e9a9564f41/datanode-0/data/ratis/d3f4c10a-5bc0-4600-a7f5-c66be12fc56c close()
2019-09-20 08:38:29,729 [Thread-1057] INFO  segmented.SegmentedRaftLogWorker (SegmentedRaftLogWorker.java:close(228)) - 22464498-4bd3-4a74-88e5-a0fbe623bf0e-SegmentedRaftLogWorker:Storage Directory /workdir/hadoop-ozone/ozonefs/target/test-dir/MiniOzoneClusterImpl-0e2437da-0aee-42ff-b383-10e9a9564f41/datanode-1/data/ratis/48c16362-e183-47ee-97ee-94f9104b54a0 close()
2019-09-20 08:38:29,730 [ForkJoinPool.commonPool-worker-1] INFO  impl.RaftServerImpl (RaftServerImpl.java:lambda$shutdown$3(245)) - 7e673b66-ddf6-4b97-a643-f59697fb3549: shutdown group-F933D7DC1CEB
2019-09-20 08:38:29,730 [Thread-1057] INFO  impl.RaftServerImpl (RaftServerImpl.java:lambda$shutdown$3(245)) - 22464498-4bd3-4a74-88e5-a0fbe623bf0e: shutdown group-0D9B0AEB849F
2019-09-20 08:38:29,730 [ForkJoinPool.commonPool-worker-1] INFO  util.JmxRegister (JmxRegister.java:unregister(73)) - Successfully un-registered JMX Bean with object name Ratis:service=RaftServer,group=group-F933D7DC1CEB,id=7e673b66-ddf6-4b97-a643-f59697fb3549
2019-09-20 08:38:29,731 [Thread-1057] INFO  util.JmxRegister (JmxRegister.java:unregister(73)) - Successfully un-registered JMX Bean with object name Ratis:service=RaftServer,group=group-0D9B0AEB849F,id=22464498-4bd3-4a74-88e5-a0fbe623bf0e
2019-09-20 08:38:29,731 [Thread-1057] INFO  impl.RoleInfo (RoleInfo.java:shutdownLeaderState(104)) - 22464498-4bd3-4a74-88e5-a0fbe623bf0e: shutdown LeaderState
2019-09-20 08:38:29,731 [ForkJoinPool.commonPool-worker-1] INFO  impl.RoleInfo (RoleInfo.java:shutdownLeaderState(104)) - 7e673b66-ddf6-4b97-a643-f59697fb3549: shutdown LeaderState
2019-09-20 08:38:29,731 [Thread-1057] INFO  impl.PendingRequests (PendingRequests.java:sendNotLeaderResponses(202)) - 22464498-4bd3-4a74-88e5-a0fbe623bf0e-PendingRequests: sendNotLeaderResponses
2019-09-20 08:38:29,732 [ForkJoinPool.commonPool-worker-1] INFO  impl.PendingRequests (PendingRequests.java:sendNotLeaderResponses(202)) - 7e673b66-ddf6-4b97-a643-f59697fb3549-PendingRequests: sendNotLeaderResponses
2019-09-20 08:38:29,732 [Thread-1057] INFO  impl.StateMachineUpdater (StateMachineUpdater.java:stopAndJoin(115)) - StateMachineUpdater:22464498-4bd3-4a74-88e5-a0fbe623bf0e:group-0D9B0AEB849F: set stopIndex = 0
2019-09-20 08:38:29,732 [ForkJoinPool.commonPool-worker-1] INFO  impl.StateMachineUpdater (StateMachineUpdater.java:stopAndJoin(115)) - StateMachineUpdater:7e673b66-ddf6-4b97-a643-f59697fb3549:group-F933D7DC1CEB: set stopIndex = 0
2019-09-20 08:38:29,733 [Thread-1057] INFO  impl.RaftServerImpl (ServerState.java:close(394)) - 22464498-4bd3-4a74-88e5-a0fbe623bf0e:group-0D9B0AEB849F closes. The last applied log index is 0
2019-09-20 08:38:29,733 [ForkJoinPool.commonPool-worker-1] INFO  impl.RaftServerImpl (ServerState.java:close(394)) - 7e673b66-ddf6-4b97-a643-f59697fb3549:group-F933D7DC1CEB closes. The last applied log index is 0
2019-09-20 08:38:29,733 [22464498-4bd3-4a74-88e5-a0fbe623bf0e-SegmentedRaftLogWorker:Storage Directory /workdir/hadoop-ozone/ozonefs/target/test-dir/MiniOzoneClusterImpl-0e2437da-0aee-42ff-b383-10e9a9564f41/datanode-1/data/ratis/dc19f81c-3fc3-44c0-b711-0d9b0aeb849f] INFO  segmented.SegmentedRaftLogWorker (SegmentedRaftLogWorker.java:run(313)) - 22464498-4bd3-4a74-88e5-a0fbe623bf0e-SegmentedRaftLogWorker:Storage Directory /workdir/hadoop-ozone/ozonefs/target/test-dir/MiniOzoneClusterImpl-0e2437da-0aee-42ff-b383-10e9a9564f41/datanode-1/data/ratis/dc19f81c-3fc3-44c0-b711-0d9b0aeb849f was interrupted, exiting. There are 0 tasks remaining in the queue.
2019-09-20 08:38:29,733 [7e673b66-ddf6-4b97-a643-f59697fb3549-SegmentedRaftLogWorker:Storage Directory /workdir/hadoop-ozone/ozonefs/target/test-dir/MiniOzoneClusterImpl-0e2437da-0aee-42ff-b383-10e9a9564f41/datanode-0/data/ratis/b4c04d03-793b-4e6f-8580-f933d7dc1ceb] INFO  segmented.SegmentedRaftLogWorker (SegmentedRaftLogWorker.java:run(313)) - 7e673b66-ddf6-4b97-a643-f59697fb3549-SegmentedRaftLogWorker:Storage Directory /workdir/hadoop-ozone/ozonefs/target/test-dir/MiniOzoneClusterImpl-0e2437da-0aee-42ff-b383-10e9a9564f41/datanode-0/data/ratis/b4c04d03-793b-4e6f-8580-f933d7dc1ceb was interrupted, exiting. There are 0 tasks remaining in the queue.
2019-09-20 08:38:29,734 [Thread-1057] INFO  segmented.SegmentedRaftLogWorker (SegmentedRaftLogWorker.java:close(228)) - 22464498-4bd3-4a74-88e5-a0fbe623bf0e-SegmentedRaftLogWorker:Storage Directory /workdir/hadoop-ozone/ozonefs/target/test-dir/MiniOzoneClusterImpl-0e2437da-0aee-42ff-b383-10e9a9564f41/datanode-1/data/ratis/dc19f81c-3fc3-44c0-b711-0d9b0aeb849f close()
2019-09-20 08:38:29,734 [ForkJoinPool.commonPool-worker-1] INFO  segmented.SegmentedRaftLogWorker (SegmentedRaftLogWorker.java:close(228)) - 7e673b66-ddf6-4b97-a643-f59697fb3549-SegmentedRaftLogWorker:Storage Directory /workdir/hadoop-ozone/ozonefs/target/test-dir/MiniOzoneClusterImpl-0e2437da-0aee-42ff-b383-10e9a9564f41/datanode-0/data/ratis/b4c04d03-793b-4e6f-8580-f933d7dc1ceb close()
2019-09-20 08:38:29,734 [Thread-1057] INFO  impl.RaftServerImpl (RaftServerImpl.java:lambda$shutdown$3(245)) - 22464498-4bd3-4a74-88e5-a0fbe623bf0e: shutdown group-9CDE048D2320
2019-09-20 08:38:29,734 [ForkJoinPool.commonPool-worker-1] INFO  impl.RaftServerImpl (RaftServerImpl.java:lambda$shutdown$3(245)) - 7e673b66-ddf6-4b97-a643-f59697fb3549: shutdown group-1F6AF170D025
2019-09-20 08:38:29,735 [Thread-1057] INFO  util.JmxRegister (JmxRegister.java:unregister(73)) - Successfully un-registered JMX Bean with object name Ratis:service=RaftServer,group=group-9CDE048D2320,id=22464498-4bd3-4a74-88e5-a0fbe623bf0e
2019-09-20 08:38:29,735 [ForkJoinPool.commonPool-worker-1] INFO  util.JmxRegister (JmxRegister.java:unregister(73)) - Successfully un-registered JMX Bean with object name Ratis:service=RaftServer,group=group-1F6AF170D025,id=7e673b66-ddf6-4b97-a643-f59697fb3549
2019-09-20 08:38:29,735 [Thread-1057] INFO  impl.RoleInfo (RoleInfo.java:shutdownLeaderState(104)) - 22464498-4bd3-4a74-88e5-a0fbe623bf0e: shutdown LeaderState
2019-09-20 08:38:29,735 [ForkJoinPool.commonPool-worker-1] INFO  impl.RoleInfo (RoleInfo.java:shutdownLeaderState(104)) - 7e673b66-ddf6-4b97-a643-f59697fb3549: shutdown LeaderState
2019-09-20 08:38:29,736 [Thread-1057] INFO  impl.PendingRequests (PendingRequests.java:sendNotLeaderResponses(202)) - 22464498-4bd3-4a74-88e5-a0fbe623bf0e-PendingRequests: sendNotLeaderResponses
2019-09-20 08:38:29,736 [ForkJoinPool.commonPool-worker-1] INFO  impl.PendingRequests (PendingRequests.java:sendNotLeaderResponses(202)) - 7e673b66-ddf6-4b97-a643-f59697fb3549-PendingRequests: sendNotLeaderResponses
2019-09-20 08:38:29,737 [Thread-1057] INFO  impl.StateMachineUpdater (StateMachineUpdater.java:stopAndJoin(115)) - StateMachineUpdater:22464498-4bd3-4a74-88e5-a0fbe623bf0e:group-9CDE048D2320: set stopIndex = 0
2019-09-20 08:38:29,737 [Thread-1057] INFO  impl.RaftServerImpl (ServerState.java:close(394)) - 22464498-4bd3-4a74-88e5-a0fbe623bf0e:group-9CDE048D2320 closes. The last applied log index is 0
2019-09-20 08:38:29,737 [ForkJoinPool.commonPool-worker-1] INFO  impl.StateMachineUpdater (StateMachineUpdater.java:stopAndJoin(115)) - StateMachineUpdater:7e673b66-ddf6-4b97-a643-f59697fb3549:group-1F6AF170D025: set stopIndex = 0
2019-09-20 08:38:29,738 [22464498-4bd3-4a74-88e5-a0fbe623bf0e-SegmentedRaftLogWorker:Storage Directory /workdir/hadoop-ozone/ozonefs/target/test-dir/MiniOzoneClusterImpl-0e2437da-0aee-42ff-b383-10e9a9564f41/datanode-1/data/ratis/8d938333-270c-4520-89f6-9cde048d2320] INFO  segmented.SegmentedRaftLogWorker (SegmentedRaftLogWorker.java:run(313)) - 22464498-4bd3-4a74-88e5-a0fbe623bf0e-SegmentedRaftLogWorker:Storage Directory /workdir/hadoop-ozone/ozonefs/target/test-dir/MiniOzoneClusterImpl-0e2437da-0aee-42ff-b383-10e9a9564f41/datanode-1/data/ratis/8d938333-270c-4520-89f6-9cde048d2320 was interrupted, exiting. There are 0 tasks remaining in the queue.
2019-09-20 08:38:29,738 [ForkJoinPool.commonPool-worker-1] INFO  impl.RaftServerImpl (ServerState.java:close(394)) - 7e673b66-ddf6-4b97-a643-f59697fb3549:group-1F6AF170D025 closes. The last applied log index is 0
2019-09-20 08:38:29,738 [Thread-1057] INFO  segmented.SegmentedRaftLogWorker (SegmentedRaftLogWorker.java:close(228)) - 22464498-4bd3-4a74-88e5-a0fbe623bf0e-SegmentedRaftLogWorker:Storage Directory /workdir/hadoop-ozone/ozonefs/target/test-dir/MiniOzoneClusterImpl-0e2437da-0aee-42ff-b383-10e9a9564f41/datanode-1/data/ratis/8d938333-270c-4520-89f6-9cde048d2320 close()
2019-09-20 08:38:29,738 [7e673b66-ddf6-4b97-a643-f59697fb3549-SegmentedRaftLogWorker:Storage Directory /workdir/hadoop-ozone/ozonefs/target/test-dir/MiniOzoneClusterImpl-0e2437da-0aee-42ff-b383-10e9a9564f41/datanode-0/data/ratis/c3af1e75-f44a-493a-8b3d-1f6af170d025] INFO  segmented.SegmentedRaftLogWorker (SegmentedRaftLogWorker.java:run(313)) - 7e673b66-ddf6-4b97-a643-f59697fb3549-SegmentedRaftLogWorker:Storage Directory /workdir/hadoop-ozone/ozonefs/target/test-dir/MiniOzoneClusterImpl-0e2437da-0aee-42ff-b383-10e9a9564f41/datanode-0/data/ratis/c3af1e75-f44a-493a-8b3d-1f6af170d025 was interrupted, exiting. There are 0 tasks remaining in the queue.
2019-09-20 08:38:29,739 [Thread-1057] INFO  impl.RaftServerImpl (RaftServerImpl.java:lambda$shutdown$3(245)) - 22464498-4bd3-4a74-88e5-a0fbe623bf0e: shutdown group-EB3A6FE931CE
2019-09-20 08:38:29,739 [ForkJoinPool.commonPool-worker-1] INFO  segmented.SegmentedRaftLogWorker (SegmentedRaftLogWorker.java:close(228)) - 7e673b66-ddf6-4b97-a643-f59697fb3549-SegmentedRaftLogWorker:Storage Directory /workdir/hadoop-ozone/ozonefs/target/test-dir/MiniOzoneClusterImpl-0e2437da-0aee-42ff-b383-10e9a9564f41/datanode-0/data/ratis/c3af1e75-f44a-493a-8b3d-1f6af170d025 close()
2019-09-20 08:38:29,739 [Thread-1057] INFO  util.JmxRegister (JmxRegister.java:unregister(73)) - Successfully un-registered JMX Bean with object name Ratis:service=RaftServer,group=group-EB3A6FE931CE,id=22464498-4bd3-4a74-88e5-a0fbe623bf0e
2019-09-20 08:38:29,739 [ForkJoinPool.commonPool-worker-1] INFO  impl.RaftServerImpl (RaftServerImpl.java:lambda$shutdown$3(245)) - 7e673b66-ddf6-4b97-a643-f59697fb3549: shutdown group-AD8C133633DC
2019-09-20 08:38:29,740 [Thread-1057] INFO  impl.RoleInfo (RoleInfo.java:shutdownLeaderState(104)) - 22464498-4bd3-4a74-88e5-a0fbe623bf0e: shutdown LeaderState
2019-09-20 08:38:29,740 [ForkJoinPool.commonPool-worker-1] INFO  util.JmxRegister (JmxRegister.java:unregister(73)) - Successfully un-registered JMX Bean with object name Ratis:service=RaftServer,group=group-AD8C133633DC,id=7e673b66-ddf6-4b97-a643-f59697fb3549
2019-09-20 08:38:29,740 [Thread-1057] INFO  impl.PendingRequests (PendingRequests.java:sendNotLeaderResponses(202)) - 22464498-4bd3-4a74-88e5-a0fbe623bf0e-PendingRequests: sendNotLeaderResponses
2019-09-20 08:38:29,740 [ForkJoinPool.commonPool-worker-1] INFO  impl.RoleInfo (RoleInfo.java:shutdownLeaderState(104)) - 7e673b66-ddf6-4b97-a643-f59697fb3549: shutdown LeaderState
2019-09-20 08:38:29,741 [Thread-1057] INFO  impl.StateMachineUpdater (StateMachineUpdater.java:stopAndJoin(115)) - StateMachineUpdater:22464498-4bd3-4a74-88e5-a0fbe623bf0e:group-EB3A6FE931CE: set stopIndex = 0
2019-09-20 08:38:29,741 [ForkJoinPool.commonPool-worker-1] INFO  impl.PendingRequests (PendingRequests.java:sendNotLeaderResponses(202)) - 7e673b66-ddf6-4b97-a643-f59697fb3549-PendingRequests: sendNotLeaderResponses
2019-09-20 08:38:29,741 [Thread-1057] INFO  impl.RaftServerImpl (ServerState.java:close(394)) - 22464498-4bd3-4a74-88e5-a0fbe623bf0e:group-EB3A6FE931CE closes. The last applied log index is 0
2019-09-20 08:38:29,742 [ForkJoinPool.commonPool-worker-1] INFO  impl.StateMachineUpdater (StateMachineUpdater.java:stopAndJoin(115)) - StateMachineUpdater:7e673b66-ddf6-4b97-a643-f59697fb3549:group-AD8C133633DC: set stopIndex = 0
2019-09-20 08:38:29,742 [22464498-4bd3-4a74-88e5-a0fbe623bf0e-SegmentedRaftLogWorker:Storage Directory /workdir/hadoop-ozone/ozonefs/target/test-dir/MiniOzoneClusterImpl-0e2437da-0aee-42ff-b383-10e9a9564f41/datanode-1/data/ratis/a24a8b32-c87b-445b-9269-eb3a6fe931ce] INFO  segmented.SegmentedRaftLogWorker (SegmentedRaftLogWorker.java:run(313)) - 22464498-4bd3-4a74-88e5-a0fbe623bf0e-SegmentedRaftLogWorker:Storage Directory /workdir/hadoop-ozone/ozonefs/target/test-dir/MiniOzoneClusterImpl-0e2437da-0aee-42ff-b383-10e9a9564f41/datanode-1/data/ratis/a24a8b32-c87b-445b-9269-eb3a6fe931ce was interrupted, exiting. There are 0 tasks remaining in the queue.
2019-09-20 08:38:29,742 [ForkJoinPool.commonPool-worker-1] INFO  impl.RaftServerImpl (ServerState.java:close(394)) - 7e673b66-ddf6-4b97-a643-f59697fb3549:group-AD8C133633DC closes. The last applied log index is 0
2019-09-20 08:38:29,742 [Thread-1057] INFO  segmented.SegmentedRaftLogWorker (SegmentedRaftLogWorker.java:close(228)) - 22464498-4bd3-4a74-88e5-a0fbe623bf0e-SegmentedRaftLogWorker:Storage Directory /workdir/hadoop-ozone/ozonefs/target/test-dir/MiniOzoneClusterImpl-0e2437da-0aee-42ff-b383-10e9a9564f41/datanode-1/data/ratis/a24a8b32-c87b-445b-9269-eb3a6fe931ce close()
2019-09-20 08:38:29,743 [7e673b66-ddf6-4b97-a643-f59697fb3549-SegmentedRaftLogWorker:Storage Directory /workdir/hadoop-ozone/ozonefs/target/test-dir/MiniOzoneClusterImpl-0e2437da-0aee-42ff-b383-10e9a9564f41/datanode-0/data/ratis/a2efbe0f-dcf6-442c-ad97-ad8c133633dc] INFO  segmented.SegmentedRaftLogWorker (SegmentedRaftLogWorker.java:run(313)) - 7e673b66-ddf6-4b97-a643-f59697fb3549-SegmentedRaftLogWorker:Storage Directory /workdir/hadoop-ozone/ozonefs/target/test-dir/MiniOzoneClusterImpl-0e2437da-0aee-42ff-b383-10e9a9564f41/datanode-0/data/ratis/a2efbe0f-dcf6-442c-ad97-ad8c133633dc was interrupted, exiting. There are 0 tasks remaining in the queue.
2019-09-20 08:38:29,743 [Thread-1057] INFO  impl.RaftServerImpl (RaftServerImpl.java:lambda$shutdown$3(245)) - 22464498-4bd3-4a74-88e5-a0fbe623bf0e: shutdown group-9AD353372CA5
2019-09-20 08:38:29,743 [ForkJoinPool.commonPool-worker-1] INFO  segmented.SegmentedRaftLogWorker (SegmentedRaftLogWorker.java:close(228)) - 7e673b66-ddf6-4b97-a643-f59697fb3549-SegmentedRaftLogWorker:Storage Directory /workdir/hadoop-ozone/ozonefs/target/test-dir/MiniOzoneClusterImpl-0e2437da-0aee-42ff-b383-10e9a9564f41/datanode-0/data/ratis/a2efbe0f-dcf6-442c-ad97-ad8c133633dc close()
2019-09-20 08:38:29,743 [Thread-1057] INFO  util.JmxRegister (JmxRegister.java:unregister(73)) - Successfully un-registered JMX Bean with object name Ratis:service=RaftServer,group=group-9AD353372CA5,id=22464498-4bd3-4a74-88e5-a0fbe623bf0e
2019-09-20 08:38:29,744 [ForkJoinPool.commonPool-worker-1] INFO  impl.RaftServerImpl (RaftServerImpl.java:lambda$shutdown$3(245)) - 7e673b66-ddf6-4b97-a643-f59697fb3549: shutdown group-9C094EEBB2FC
2019-09-20 08:38:29,744 [Thread-1057] INFO  impl.RoleInfo (RoleInfo.java:shutdownLeaderState(104)) - 22464498-4bd3-4a74-88e5-a0fbe623bf0e: shutdown LeaderState
2019-09-20 08:38:29,744 [ForkJoinPool.commonPool-worker-1] INFO  util.JmxRegister (JmxRegister.java:unregister(73)) - Successfully un-registered JMX Bean with object name Ratis:service=RaftServer,group=group-9C094EEBB2FC,id=7e673b66-ddf6-4b97-a643-f59697fb3549
2019-09-20 08:38:29,745 [Thread-1057] INFO  impl.PendingRequests (PendingRequests.java:sendNotLeaderResponses(202)) - 22464498-4bd3-4a74-88e5-a0fbe623bf0e-PendingRequests: sendNotLeaderResponses
2019-09-20 08:38:29,745 [ForkJoinPool.commonPool-worker-1] INFO  impl.RoleInfo (RoleInfo.java:shutdownLeaderState(104)) - 7e673b66-ddf6-4b97-a643-f59697fb3549: shutdown LeaderState
2019-09-20 08:38:29,745 [Thread-1057] INFO  impl.StateMachineUpdater (StateMachineUpdater.java:stopAndJoin(115)) - StateMachineUpdater:22464498-4bd3-4a74-88e5-a0fbe623bf0e:group-9AD353372CA5: set stopIndex = 0
2019-09-20 08:38:29,745 [ForkJoinPool.commonPool-worker-1] INFO  impl.PendingRequests (PendingRequests.java:sendNotLeaderResponses(202)) - 7e673b66-ddf6-4b97-a643-f59697fb3549-PendingRequests: sendNotLeaderResponses
2019-09-20 08:38:29,746 [Thread-1057] INFO  impl.RaftServerImpl (ServerState.java:close(394)) - 22464498-4bd3-4a74-88e5-a0fbe623bf0e:group-9AD353372CA5 closes. The last applied log index is 0
2019-09-20 08:38:29,746 [ForkJoinPool.commonPool-worker-1] INFO  impl.StateMachineUpdater (StateMachineUpdater.java:stopAndJoin(115)) - StateMachineUpdater:7e673b66-ddf6-4b97-a643-f59697fb3549:group-9C094EEBB2FC: set stopIndex = 0
2019-09-20 08:38:29,746 [22464498-4bd3-4a74-88e5-a0fbe623bf0e-SegmentedRaftLogWorker:Storage Directory /workdir/hadoop-ozone/ozonefs/target/test-dir/MiniOzoneClusterImpl-0e2437da-0aee-42ff-b383-10e9a9564f41/datanode-1/data/ratis/7236f4ba-422c-4ad1-a99d-9ad353372ca5] INFO  segmented.SegmentedRaftLogWorker (SegmentedRaftLogWorker.java:run(313)) - 22464498-4bd3-4a74-88e5-a0fbe623bf0e-SegmentedRaftLogWorker:Storage Directory /workdir/hadoop-ozone/ozonefs/target/test-dir/MiniOzoneClusterImpl-0e2437da-0aee-42ff-b383-10e9a9564f41/datanode-1/data/ratis/7236f4ba-422c-4ad1-a99d-9ad353372ca5 was interrupted, exiting. There are 0 tasks remaining in the queue.
2019-09-20 08:38:29,746 [ForkJoinPool.commonPool-worker-1] INFO  impl.RaftServerImpl (ServerState.java:close(394)) - 7e673b66-ddf6-4b97-a643-f59697fb3549:group-9C094EEBB2FC closes. The last applied log index is 0
2019-09-20 08:38:29,747 [Thread-1057] INFO  segmented.SegmentedRaftLogWorker (SegmentedRaftLogWorker.java:close(228)) - 22464498-4bd3-4a74-88e5-a0fbe623bf0e-SegmentedRaftLogWorker:Storage Directory /workdir/hadoop-ozone/ozonefs/target/test-dir/MiniOzoneClusterImpl-0e2437da-0aee-42ff-b383-10e9a9564f41/datanode-1/data/ratis/7236f4ba-422c-4ad1-a99d-9ad353372ca5 close()
2019-09-20 08:38:29,747 [7e673b66-ddf6-4b97-a643-f59697fb3549-SegmentedRaftLogWorker:Storage Directory /workdir/hadoop-ozone/ozonefs/target/test-dir/MiniOzoneClusterImpl-0e2437da-0aee-42ff-b383-10e9a9564f41/datanode-0/data/ratis/785adc97-32ba-4b42-aa86-9c094eebb2fc] INFO  segmented.SegmentedRaftLogWorker (SegmentedRaftLogWorker.java:run(313)) - 7e673b66-ddf6-4b97-a643-f59697fb3549-SegmentedRaftLogWorker:Storage Directory /workdir/hadoop-ozone/ozonefs/target/test-dir/MiniOzoneClusterImpl-0e2437da-0aee-42ff-b383-10e9a9564f41/datanode-0/data/ratis/785adc97-32ba-4b42-aa86-9c094eebb2fc was interrupted, exiting. There are 0 tasks remaining in the queue.
2019-09-20 08:38:29,747 [Thread-1057] INFO  server.GrpcService (GrpcService.java:closeImpl(155)) - 22464498-4bd3-4a74-88e5-a0fbe623bf0e: shutdown server with port 46088 now
2019-09-20 08:38:29,747 [ForkJoinPool.commonPool-worker-1] INFO  segmented.SegmentedRaftLogWorker (SegmentedRaftLogWorker.java:close(228)) - 7e673b66-ddf6-4b97-a643-f59697fb3549-SegmentedRaftLogWorker:Storage Directory /workdir/hadoop-ozone/ozonefs/target/test-dir/MiniOzoneClusterImpl-0e2437da-0aee-42ff-b383-10e9a9564f41/datanode-0/data/ratis/785adc97-32ba-4b42-aa86-9c094eebb2fc close()
2019-09-20 08:38:29,748 [ForkJoinPool.commonPool-worker-1] INFO  server.GrpcService (GrpcService.java:closeImpl(155)) - 7e673b66-ddf6-4b97-a643-f59697fb3549: shutdown server with port 35666 now
2019-09-20 08:38:29,749 [Thread-1057] INFO  server.GrpcService (GrpcService.java:closeImpl(163)) - 22464498-4bd3-4a74-88e5-a0fbe623bf0e: shutdown server with port 46088 successfully
2019-09-20 08:38:29,751 [ForkJoinPool.commonPool-worker-1] INFO  server.GrpcService (GrpcService.java:closeImpl(163)) - 7e673b66-ddf6-4b97-a643-f59697fb3549: shutdown server with port 35666 successfully
2019-09-20 08:38:29,752 [Thread-1057] INFO  utils.BackgroundService (BackgroundService.java:shutdown(148)) - Shutting down service BlockDeletingService
2019-09-20 08:38:29,753 [ForkJoinPool.commonPool-worker-1] INFO  utils.BackgroundService (BackgroundService.java:shutdown(148)) - Shutting down service BlockDeletingService
2019-09-20 08:38:29,757 [refreshUsed-/workdir/hadoop-ozone/ozonefs/target/test-dir/MiniOzoneClusterImpl-0e2437da-0aee-42ff-b383-10e9a9564f41/datanode-1/data/containers] WARN  fs.CachingGetSpaceUsed (CachingGetSpaceUsed.java:run(183)) - Thread Interrupted waiting to refresh disk information: sleep interrupted
2019-09-20 08:38:29,758 [refreshUsed-/workdir/hadoop-ozone/ozonefs/target/test-dir/MiniOzoneClusterImpl-0e2437da-0aee-42ff-b383-10e9a9564f41/datanode-0/data/containers] WARN  fs.CachingGetSpaceUsed (CachingGetSpaceUsed.java:run(183)) - Thread Interrupted waiting to refresh disk information: sleep interrupted
2019-09-20 08:38:29,780 [ForkJoinPool.commonPool-worker-1] INFO  statemachine.DatanodeStateMachine (DatanodeStateMachine.java:stopDaemon(395)) - Ozone container server stopped.
2019-09-20 08:38:29,784 [ForkJoinPool.commonPool-worker-1] INFO  handler.ContextHandler (ContextHandler.java:doStop(910)) - Stopped o.e.j.w.WebAppContext@7016154c{/,null,UNAVAILABLE}{/hddsDatanode}
2019-09-20 08:38:29,785 [ForkJoinPool.commonPool-worker-1] INFO  server.AbstractConnector (AbstractConnector.java:doStop(318)) - Stopped ServerConnector@6617d40b{HTTP/1.1,[http/1.1]}{0.0.0.0:0}
2019-09-20 08:38:29,789 [ForkJoinPool.commonPool-worker-1] INFO  handler.ContextHandler (ContextHandler.java:doStop(910)) - Stopped o.e.j.s.ServletContextHandler@138d8d64{/static,jar:file:/home/user/.m2/repository/org/apache/hadoop/hadoop-hdds-container-service/0.5.0-SNAPSHOT/hadoop-hdds-container-service-0.5.0-SNAPSHOT.jar!/webapps/static,UNAVAILABLE}
2019-09-20 08:38:29,789 [ForkJoinPool.commonPool-worker-1] INFO  handler.ContextHandler (ContextHandler.java:doStop(910)) - Stopped o.e.j.s.ServletContextHandler@483ed210{/logs,file:///workdir/hadoop-ozone/ozonefs/target/log,UNAVAILABLE}
2019-09-20 08:38:29,790 [ForkJoinPool.commonPool-worker-1] INFO  datanode.ObjectStoreHandler (ObjectStoreHandler.java:close(155)) - Closing ObjectStoreHandler.
2019-09-20 08:38:29,791 [ForkJoinPool.commonPool-worker-1] INFO  ozone.HddsDatanodeService (HddsDatanodeService.java:stop(451)) - Stopped plug-in org.apache.hadoop.ozone.web.OzoneHddsDatanodeService@335b840d
2019-09-20 08:38:29,794 [Thread-1057] INFO  statemachine.DatanodeStateMachine (DatanodeStateMachine.java:stopDaemon(395)) - Ozone container server stopped.
2019-09-20 08:38:29,795 [Thread-1057] INFO  handler.ContextHandler (ContextHandler.java:doStop(910)) - Stopped o.e.j.w.WebAppContext@50afae02{/,null,UNAVAILABLE}{/hddsDatanode}
2019-09-20 08:38:29,796 [Thread-1057] INFO  server.AbstractConnector (AbstractConnector.java:doStop(318)) - Stopped ServerConnector@5d2eb42{HTTP/1.1,[http/1.1]}{0.0.0.0:0}
2019-09-20 08:38:29,796 [Thread-1057] INFO  handler.ContextHandler (ContextHandler.java:doStop(910)) - Stopped o.e.j.s.ServletContextHandler@7c40c4eb{/static,jar:file:/home/user/.m2/repository/org/apache/hadoop/hadoop-hdds-container-service/0.5.0-SNAPSHOT/hadoop-hdds-container-service-0.5.0-SNAPSHOT.jar!/webapps/static,UNAVAILABLE}
2019-09-20 08:38:29,797 [Thread-1057] INFO  handler.ContextHandler (ContextHandler.java:doStop(910)) - Stopped o.e.j.s.ServletContextHandler@b8f4472{/logs,file:///workdir/hadoop-ozone/ozonefs/target/log,UNAVAILABLE}
2019-09-20 08:38:30,467 [Datanode State Machine Thread - 0] INFO  statemachine.DatanodeStateMachine (DatanodeStateMachine.java:lambda$startDaemon$0(350)) - Ozone container server started.
2019-09-20 08:38:34,791 [ForkJoinPool.commonPool-worker-1] INFO  ozoneimpl.OzoneContainer (OzoneContainer.java:stop(199)) - Attempting to stop container services.
2019-09-20 08:38:34,792 [ForkJoinPool.commonPool-worker-1] INFO  impl.RaftServerProxy (RaftServerProxy.java:lambda$close$4(314)) - db6d3ca5-f12f-4d4c-aad8-4a2a4f640353: close
2019-09-20 08:38:34,792 [ForkJoinPool.commonPool-worker-1] INFO  impl.RaftServerImpl (RaftServerImpl.java:lambda$shutdown$3(245)) - db6d3ca5-f12f-4d4c-aad8-4a2a4f640353: shutdown group-E5F4F14C03BD
2019-09-20 08:38:34,793 [ForkJoinPool.commonPool-worker-1] INFO  util.JmxRegister (JmxRegister.java:unregister(73)) - Successfully un-registered JMX Bean with object name Ratis:service=RaftServer,group=group-E5F4F14C03BD,id=db6d3ca5-f12f-4d4c-aad8-4a2a4f640353
2019-09-20 08:38:34,793 [ForkJoinPool.commonPool-worker-1] INFO  impl.RoleInfo (RoleInfo.java:shutdownLeaderState(104)) - db6d3ca5-f12f-4d4c-aad8-4a2a4f640353: shutdown LeaderState
2019-09-20 08:38:34,793 [ForkJoinPool.commonPool-worker-1] INFO  impl.PendingRequests (PendingRequests.java:sendNotLeaderResponses(202)) - db6d3ca5-f12f-4d4c-aad8-4a2a4f640353-PendingRequests: sendNotLeaderResponses
2019-09-20 08:38:34,793 [ForkJoinPool.commonPool-worker-1] INFO  impl.StateMachineUpdater (StateMachineUpdater.java:stopAndJoin(115)) - StateMachineUpdater:db6d3ca5-f12f-4d4c-aad8-4a2a4f640353:group-E5F4F14C03BD: set stopIndex = 0
2019-09-20 08:38:34,794 [ForkJoinPool.commonPool-worker-1] INFO  impl.RaftServerImpl (ServerState.java:close(394)) - db6d3ca5-f12f-4d4c-aad8-4a2a4f640353:group-E5F4F14C03BD closes. The last applied log index is 0
2019-09-20 08:38:34,795 [db6d3ca5-f12f-4d4c-aad8-4a2a4f640353-SegmentedRaftLogWorker:Storage Directory /workdir/hadoop-ozone/ozonefs/target/test-dir/MiniOzoneClusterImpl-0e2437da-0aee-42ff-b383-10e9a9564f41/datanode-2/data/ratis/08f4da97-3279-431c-a287-e5f4f14c03bd] INFO  segmented.SegmentedRaftLogWorker (SegmentedRaftLogWorker.java:run(313)) - db6d3ca5-f12f-4d4c-aad8-4a2a4f640353-SegmentedRaftLogWorker:Storage Directory /workdir/hadoop-ozone/ozonefs/target/test-dir/MiniOzoneClusterImpl-0e2437da-0aee-42ff-b383-10e9a9564f41/datanode-2/data/ratis/08f4da97-3279-431c-a287-e5f4f14c03bd was interrupted, exiting. There are 0 tasks remaining in the queue.
2019-09-20 08:38:34,795 [ForkJoinPool.commonPool-worker-1] INFO  segmented.SegmentedRaftLogWorker (SegmentedRaftLogWorker.java:close(228)) - db6d3ca5-f12f-4d4c-aad8-4a2a4f640353-SegmentedRaftLogWorker:Storage Directory /workdir/hadoop-ozone/ozonefs/target/test-dir/MiniOzoneClusterImpl-0e2437da-0aee-42ff-b383-10e9a9564f41/datanode-2/data/ratis/08f4da97-3279-431c-a287-e5f4f14c03bd close()
2019-09-20 08:38:34,795 [ForkJoinPool.commonPool-worker-1] INFO  impl.RaftServerImpl (RaftServerImpl.java:lambda$shutdown$3(245)) - db6d3ca5-f12f-4d4c-aad8-4a2a4f640353: shutdown group-549DBC461A8A
2019-09-20 08:38:34,796 [ForkJoinPool.commonPool-worker-1] INFO  util.JmxRegister (JmxRegister.java:unregister(73)) - Successfully un-registered JMX Bean with object name Ratis:service=RaftServer,group=group-549DBC461A8A,id=db6d3ca5-f12f-4d4c-aad8-4a2a4f640353
2019-09-20 08:38:34,796 [ForkJoinPool.commonPool-worker-1] INFO  impl.RoleInfo (RoleInfo.java:shutdownLeaderState(104)) - db6d3ca5-f12f-4d4c-aad8-4a2a4f640353: shutdown LeaderState
2019-09-20 08:38:34,796 [ForkJoinPool.commonPool-worker-1] INFO  impl.PendingRequests (PendingRequests.java:sendNotLeaderResponses(202)) - db6d3ca5-f12f-4d4c-aad8-4a2a4f640353-PendingRequests: sendNotLeaderResponses
2019-09-20 08:38:34,797 [ForkJoinPool.commonPool-worker-1] INFO  impl.StateMachineUpdater (StateMachineUpdater.java:stopAndJoin(115)) - StateMachineUpdater:db6d3ca5-f12f-4d4c-aad8-4a2a4f640353:group-549DBC461A8A: set stopIndex = 0
2019-09-20 08:38:34,797 [ForkJoinPool.commonPool-worker-1] INFO  impl.RaftServerImpl (ServerState.java:close(394)) - db6d3ca5-f12f-4d4c-aad8-4a2a4f640353:group-549DBC461A8A closes. The last applied log index is 0
2019-09-20 08:38:34,797 [db6d3ca5-f12f-4d4c-aad8-4a2a4f640353-SegmentedRaftLogWorker:Storage Directory /workdir/hadoop-ozone/ozonefs/target/test-dir/MiniOzoneClusterImpl-0e2437da-0aee-42ff-b383-10e9a9564f41/datanode-2/data/ratis/2c2cd4a7-edcc-460f-979f-549dbc461a8a] INFO  segmented.SegmentedRaftLogWorker (SegmentedRaftLogWorker.java:run(313)) - db6d3ca5-f12f-4d4c-aad8-4a2a4f640353-SegmentedRaftLogWorker:Storage Directory /workdir/hadoop-ozone/ozonefs/target/test-dir/MiniOzoneClusterImpl-0e2437da-0aee-42ff-b383-10e9a9564f41/datanode-2/data/ratis/2c2cd4a7-edcc-460f-979f-549dbc461a8a was interrupted, exiting. There are 0 tasks remaining in the queue.
2019-09-20 08:38:34,807 [ForkJoinPool.commonPool-worker-1] INFO  segmented.SegmentedRaftLogWorker (SegmentedRaftLogWorker.java:close(228)) - db6d3ca5-f12f-4d4c-aad8-4a2a4f640353-SegmentedRaftLogWorker:Storage Directory /workdir/hadoop-ozone/ozonefs/target/test-dir/MiniOzoneClusterImpl-0e2437da-0aee-42ff-b383-10e9a9564f41/datanode-2/data/ratis/2c2cd4a7-edcc-460f-979f-549dbc461a8a close()
2019-09-20 08:38:34,808 [ForkJoinPool.commonPool-worker-1] INFO  impl.RaftServerImpl (RaftServerImpl.java:lambda$shutdown$3(245)) - db6d3ca5-f12f-4d4c-aad8-4a2a4f640353: shutdown group-5A1C3107B3ED
2019-09-20 08:38:34,808 [ForkJoinPool.commonPool-worker-1] INFO  util.JmxRegister (JmxRegister.java:unregister(73)) - Successfully un-registered JMX Bean with object name Ratis:service=RaftServer,group=group-5A1C3107B3ED,id=db6d3ca5-f12f-4d4c-aad8-4a2a4f640353
2019-09-20 08:38:34,808 [ForkJoinPool.commonPool-worker-1] INFO  impl.RoleInfo (RoleInfo.java:shutdownLeaderState(104)) - db6d3ca5-f12f-4d4c-aad8-4a2a4f640353: shutdown LeaderState
2019-09-20 08:38:34,808 [ForkJoinPool.commonPool-worker-1] INFO  impl.PendingRequests (PendingRequests.java:sendNotLeaderResponses(202)) - db6d3ca5-f12f-4d4c-aad8-4a2a4f640353-PendingRequests: sendNotLeaderResponses
2019-09-20 08:38:34,809 [ForkJoinPool.commonPool-worker-1] INFO  impl.StateMachineUpdater (StateMachineUpdater.java:stopAndJoin(115)) - StateMachineUpdater:db6d3ca5-f12f-4d4c-aad8-4a2a4f640353:group-5A1C3107B3ED: set stopIndex = 0
2019-09-20 08:38:34,809 [ForkJoinPool.commonPool-worker-1] INFO  impl.RaftServerImpl (ServerState.java:close(394)) - db6d3ca5-f12f-4d4c-aad8-4a2a4f640353:group-5A1C3107B3ED closes. The last applied log index is 0
2019-09-20 08:38:34,810 [db6d3ca5-f12f-4d4c-aad8-4a2a4f640353-SegmentedRaftLogWorker:Storage Directory /workdir/hadoop-ozone/ozonefs/target/test-dir/MiniOzoneClusterImpl-0e2437da-0aee-42ff-b383-10e9a9564f41/datanode-2/data/ratis/a1f8b82c-c873-495d-92dc-5a1c3107b3ed] INFO  segmented.SegmentedRaftLogWorker (SegmentedRaftLogWorker.java:run(313)) - db6d3ca5-f12f-4d4c-aad8-4a2a4f640353-SegmentedRaftLogWorker:Storage Directory /workdir/hadoop-ozone/ozonefs/target/test-dir/MiniOzoneClusterImpl-0e2437da-0aee-42ff-b383-10e9a9564f41/datanode-2/data/ratis/a1f8b82c-c873-495d-92dc-5a1c3107b3ed was interrupted, exiting. There are 0 tasks remaining in the queue.
2019-09-20 08:38:34,810 [ForkJoinPool.commonPool-worker-1] INFO  segmented.SegmentedRaftLogWorker (SegmentedRaftLogWorker.java:close(228)) - db6d3ca5-f12f-4d4c-aad8-4a2a4f640353-SegmentedRaftLogWorker:Storage Directory /workdir/hadoop-ozone/ozonefs/target/test-dir/MiniOzoneClusterImpl-0e2437da-0aee-42ff-b383-10e9a9564f41/datanode-2/data/ratis/a1f8b82c-c873-495d-92dc-5a1c3107b3ed close()
2019-09-20 08:38:34,810 [ForkJoinPool.commonPool-worker-1] INFO  impl.RaftServerImpl (RaftServerImpl.java:lambda$shutdown$3(245)) - db6d3ca5-f12f-4d4c-aad8-4a2a4f640353: shutdown group-FC8E4D2C2148
2019-09-20 08:38:34,811 [ForkJoinPool.commonPool-worker-1] INFO  util.JmxRegister (JmxRegister.java:unregister(73)) - Successfully un-registered JMX Bean with object name Ratis:service=RaftServer,group=group-FC8E4D2C2148,id=db6d3ca5-f12f-4d4c-aad8-4a2a4f640353
2019-09-20 08:38:34,811 [ForkJoinPool.commonPool-worker-1] INFO  impl.RoleInfo (RoleInfo.java:shutdownLeaderState(104)) - db6d3ca5-f12f-4d4c-aad8-4a2a4f640353: shutdown LeaderState
2019-09-20 08:38:34,811 [ForkJoinPool.commonPool-worker-1] INFO  impl.PendingRequests (PendingRequests.java:sendNotLeaderResponses(202)) - db6d3ca5-f12f-4d4c-aad8-4a2a4f640353-PendingRequests: sendNotLeaderResponses
2019-09-20 08:38:34,812 [ForkJoinPool.commonPool-worker-1] INFO  impl.StateMachineUpdater (StateMachineUpdater.java:stopAndJoin(115)) - StateMachineUpdater:db6d3ca5-f12f-4d4c-aad8-4a2a4f640353:group-FC8E4D2C2148: set stopIndex = 0
2019-09-20 08:38:34,812 [ForkJoinPool.commonPool-worker-1] INFO  impl.RaftServerImpl (ServerState.java:close(394)) - db6d3ca5-f12f-4d4c-aad8-4a2a4f640353:group-FC8E4D2C2148 closes. The last applied log index is 0
2019-09-20 08:38:34,812 [db6d3ca5-f12f-4d4c-aad8-4a2a4f640353-SegmentedRaftLogWorker:Storage Directory /workdir/hadoop-ozone/ozonefs/target/test-dir/MiniOzoneClusterImpl-0e2437da-0aee-42ff-b383-10e9a9564f41/datanode-2/data/ratis/02d24ccf-2328-4f7d-89ea-fc8e4d2c2148] INFO  segmented.SegmentedRaftLogWorker (SegmentedRaftLogWorker.java:run(313)) - db6d3ca5-f12f-4d4c-aad8-4a2a4f640353-SegmentedRaftLogWorker:Storage Directory /workdir/hadoop-ozone/ozonefs/target/test-dir/MiniOzoneClusterImpl-0e2437da-0aee-42ff-b383-10e9a9564f41/datanode-2/data/ratis/02d24ccf-2328-4f7d-89ea-fc8e4d2c2148 was interrupted, exiting. There are 0 tasks remaining in the queue.
2019-09-20 08:38:34,813 [ForkJoinPool.commonPool-worker-1] INFO  segmented.SegmentedRaftLogWorker (SegmentedRaftLogWorker.java:close(228)) - db6d3ca5-f12f-4d4c-aad8-4a2a4f640353-SegmentedRaftLogWorker:Storage Directory /workdir/hadoop-ozone/ozonefs/target/test-dir/MiniOzoneClusterImpl-0e2437da-0aee-42ff-b383-10e9a9564f41/datanode-2/data/ratis/02d24ccf-2328-4f7d-89ea-fc8e4d2c2148 close()
2019-09-20 08:38:34,813 [ForkJoinPool.commonPool-worker-1] INFO  impl.RaftServerImpl (RaftServerImpl.java:lambda$shutdown$3(245)) - db6d3ca5-f12f-4d4c-aad8-4a2a4f640353: shutdown group-050F044AE1BE
2019-09-20 08:38:34,813 [ForkJoinPool.commonPool-worker-1] INFO  util.JmxRegister (JmxRegister.java:unregister(73)) - Successfully un-registered JMX Bean with object name Ratis:service=RaftServer,group=group-050F044AE1BE,id=db6d3ca5-f12f-4d4c-aad8-4a2a4f640353
2019-09-20 08:38:34,814 [ForkJoinPool.commonPool-worker-1] INFO  impl.RoleInfo (RoleInfo.java:shutdownLeaderState(104)) - db6d3ca5-f12f-4d4c-aad8-4a2a4f640353: shutdown LeaderState
2019-09-20 08:38:34,814 [ForkJoinPool.commonPool-worker-1] INFO  impl.PendingRequests (PendingRequests.java:sendNotLeaderResponses(202)) - db6d3ca5-f12f-4d4c-aad8-4a2a4f640353-PendingRequests: sendNotLeaderResponses
2019-09-20 08:38:34,814 [ForkJoinPool.commonPool-worker-1] INFO  impl.StateMachineUpdater (StateMachineUpdater.java:stopAndJoin(115)) - StateMachineUpdater:db6d3ca5-f12f-4d4c-aad8-4a2a4f640353:group-050F044AE1BE: set stopIndex = 0
2019-09-20 08:38:34,815 [ForkJoinPool.commonPool-worker-1] INFO  impl.RaftServerImpl (ServerState.java:close(394)) - db6d3ca5-f12f-4d4c-aad8-4a2a4f640353:group-050F044AE1BE closes. The last applied log index is 0
2019-09-20 08:38:34,815 [db6d3ca5-f12f-4d4c-aad8-4a2a4f640353-SegmentedRaftLogWorker:Storage Directory /workdir/hadoop-ozone/ozonefs/target/test-dir/MiniOzoneClusterImpl-0e2437da-0aee-42ff-b383-10e9a9564f41/datanode-2/data/ratis/09bf9283-62ef-469e-b45e-050f044ae1be] INFO  segmented.SegmentedRaftLogWorker (SegmentedRaftLogWorker.java:run(313)) - db6d3ca5-f12f-4d4c-aad8-4a2a4f640353-SegmentedRaftLogWorker:Storage Directory /workdir/hadoop-ozone/ozonefs/target/test-dir/MiniOzoneClusterImpl-0e2437da-0aee-42ff-b383-10e9a9564f41/datanode-2/data/ratis/09bf9283-62ef-469e-b45e-050f044ae1be was interrupted, exiting. There are 0 tasks remaining in the queue.
2019-09-20 08:38:34,815 [ForkJoinPool.commonPool-worker-1] INFO  segmented.SegmentedRaftLogWorker (SegmentedRaftLogWorker.java:close(228)) - db6d3ca5-f12f-4d4c-aad8-4a2a4f640353-SegmentedRaftLogWorker:Storage Directory /workdir/hadoop-ozone/ozonefs/target/test-dir/MiniOzoneClusterImpl-0e2437da-0aee-42ff-b383-10e9a9564f41/datanode-2/data/ratis/09bf9283-62ef-469e-b45e-050f044ae1be close()
2019-09-20 08:38:34,816 [ForkJoinPool.commonPool-worker-1] INFO  impl.RaftServerImpl (RaftServerImpl.java:lambda$shutdown$3(245)) - db6d3ca5-f12f-4d4c-aad8-4a2a4f640353: shutdown group-348F56719B2C
2019-09-20 08:38:34,816 [ForkJoinPool.commonPool-worker-1] INFO  util.JmxRegister (JmxRegister.java:unregister(73)) - Successfully un-registered JMX Bean with object name Ratis:service=RaftServer,group=group-348F56719B2C,id=db6d3ca5-f12f-4d4c-aad8-4a2a4f640353
2019-09-20 08:38:34,816 [ForkJoinPool.commonPool-worker-1] INFO  impl.RoleInfo (RoleInfo.java:shutdownLeaderState(104)) - db6d3ca5-f12f-4d4c-aad8-4a2a4f640353: shutdown LeaderState
2019-09-20 08:38:34,816 [ForkJoinPool.commonPool-worker-1] INFO  impl.PendingRequests (PendingRequests.java:sendNotLeaderResponses(202)) - db6d3ca5-f12f-4d4c-aad8-4a2a4f640353-PendingRequests: sendNotLeaderResponses
2019-09-20 08:38:34,817 [ForkJoinPool.commonPool-worker-1] INFO  impl.StateMachineUpdater (StateMachineUpdater.java:stopAndJoin(115)) - StateMachineUpdater:db6d3ca5-f12f-4d4c-aad8-4a2a4f640353:group-348F56719B2C: set stopIndex = 0
2019-09-20 08:38:34,817 [ForkJoinPool.commonPool-worker-1] INFO  impl.RaftServerImpl (ServerState.java:close(394)) - db6d3ca5-f12f-4d4c-aad8-4a2a4f640353:group-348F56719B2C closes. The last applied log index is 0
2019-09-20 08:38:34,817 [db6d3ca5-f12f-4d4c-aad8-4a2a4f640353-SegmentedRaftLogWorker:Storage Directory /workdir/hadoop-ozone/ozonefs/target/test-dir/MiniOzoneClusterImpl-0e2437da-0aee-42ff-b383-10e9a9564f41/datanode-2/data/ratis/1373ee11-ddd7-42f0-9efc-348f56719b2c] INFO  segmented.SegmentedRaftLogWorker (SegmentedRaftLogWorker.java:run(313)) - db6d3ca5-f12f-4d4c-aad8-4a2a4f640353-SegmentedRaftLogWorker:Storage Directory /workdir/hadoop-ozone/ozonefs/target/test-dir/MiniOzoneClusterImpl-0e2437da-0aee-42ff-b383-10e9a9564f41/datanode-2/data/ratis/1373ee11-ddd7-42f0-9efc-348f56719b2c was interrupted, exiting. There are 0 tasks remaining in the queue.
2019-09-20 08:38:34,818 [ForkJoinPool.commonPool-worker-1] INFO  segmented.SegmentedRaftLogWorker (SegmentedRaftLogWorker.java:close(228)) - db6d3ca5-f12f-4d4c-aad8-4a2a4f640353-SegmentedRaftLogWorker:Storage Directory /workdir/hadoop-ozone/ozonefs/target/test-dir/MiniOzoneClusterImpl-0e2437da-0aee-42ff-b383-10e9a9564f41/datanode-2/data/ratis/1373ee11-ddd7-42f0-9efc-348f56719b2c close()
2019-09-20 08:38:34,818 [ForkJoinPool.commonPool-worker-1] INFO  server.GrpcService (GrpcService.java:closeImpl(155)) - db6d3ca5-f12f-4d4c-aad8-4a2a4f640353: shutdown server with port 39139 now
2019-09-20 08:38:34,820 [ForkJoinPool.commonPool-worker-1] INFO  server.GrpcService (GrpcService.java:closeImpl(163)) - db6d3ca5-f12f-4d4c-aad8-4a2a4f640353: shutdown server with port 39139 successfully
2019-09-20 08:38:34,826 [ForkJoinPool.commonPool-worker-1] INFO  utils.BackgroundService (BackgroundService.java:shutdown(148)) - Shutting down service BlockDeletingService
2019-09-20 08:38:34,827 [refreshUsed-/workdir/hadoop-ozone/ozonefs/target/test-dir/MiniOzoneClusterImpl-0e2437da-0aee-42ff-b383-10e9a9564f41/datanode-2/data/containers] WARN  fs.CachingGetSpaceUsed (CachingGetSpaceUsed.java:run(183)) - Thread Interrupted waiting to refresh disk information: sleep interrupted
2019-09-20 08:38:34,848 [ForkJoinPool.commonPool-worker-1] INFO  statemachine.DatanodeStateMachine (DatanodeStateMachine.java:stopDaemon(395)) - Ozone container server stopped.
2019-09-20 08:38:34,851 [ForkJoinPool.commonPool-worker-1] INFO  handler.ContextHandler (ContextHandler.java:doStop(910)) - Stopped o.e.j.w.WebAppContext@5f079d4d{/,null,UNAVAILABLE}{/hddsDatanode}
2019-09-20 08:38:34,851 [ForkJoinPool.commonPool-worker-1] INFO  server.AbstractConnector (AbstractConnector.java:doStop(318)) - Stopped ServerConnector@29e9b470{HTTP/1.1,[http/1.1]}{0.0.0.0:0}
2019-09-20 08:38:34,851 [ForkJoinPool.commonPool-worker-1] INFO  handler.ContextHandler (ContextHandler.java:doStop(910)) - Stopped o.e.j.s.ServletContextHandler@5090e889{/static,jar:file:/home/user/.m2/repository/org/apache/hadoop/hadoop-hdds-container-service/0.5.0-SNAPSHOT/hadoop-hdds-container-service-0.5.0-SNAPSHOT.jar!/webapps/static,UNAVAILABLE}
2019-09-20 08:38:34,852 [ForkJoinPool.commonPool-worker-1] INFO  handler.ContextHandler (ContextHandler.java:doStop(910)) - Stopped o.e.j.s.ServletContextHandler@6bde6c53{/logs,file:///workdir/hadoop-ozone/ozonefs/target/log,UNAVAILABLE}
2019-09-20 08:38:34,853 [Thread-1057] INFO  ozone.MiniOzoneClusterImpl (MiniOzoneClusterImpl.java:stop(353)) - Stopping the StorageContainerManager
2019-09-20 08:38:34,853 [Thread-1057] INFO  server.StorageContainerManager (StorageContainerManager.java:stop(797)) - Stopping Replication Manager Service.
2019-09-20 08:38:34,853 [Thread-1057] INFO  container.ReplicationManager (ReplicationManager.java:stop(192)) - Stopping Replication Monitor Thread.
2019-09-20 08:38:34,853 [Thread-1057] INFO  server.StorageContainerManager (StorageContainerManager.java:stop(804)) - Stopping Lease Manager of the command watchers
2019-09-20 08:38:34,853 [Thread-1057] INFO  server.StorageContainerManager (StorageContainerManager.java:stop(811)) - Stopping datanode service RPC server
2019-09-20 08:38:34,854 [Thread-1057] INFO  server.SCMDatanodeProtocolServer (SCMDatanodeProtocolServer.java:stop(367)) - Stopping the RPC server for DataNodes
2019-09-20 08:38:34,854 [Thread-1057] INFO  ipc.Server (Server.java:stop(3082)) - Stopping server on 45139
2019-09-20 08:38:34,857 [IPC Server listener on 45139] INFO  ipc.Server (Server.java:run(1185)) - Stopping IPC Server listener on 45139
2019-09-20 08:38:34,857 [IPC Server Responder] INFO  ipc.Server (Server.java:run(1319)) - Stopping IPC Server Responder
2019-09-20 08:38:34,909 [SCM Heartbeat Processing Thread - 0] WARN  node.NodeStateManager (NodeStateManager.java:scheduleNextHealthCheck(655)) - Current Thread is interrupted, shutting down HB processing thread for Node Manager.
2019-09-20 08:38:34,910 [Thread-1057] INFO  server.StorageContainerManager (StorageContainerManager.java:stop(819)) - Stopping block service RPC server
2019-09-20 08:38:34,910 [Thread-1057] INFO  server.SCMBlockProtocolServer (SCMBlockProtocolServer.java:stop(148)) - Stopping the RPC server for Block Protocol
2019-09-20 08:38:34,910 [Thread-1057] INFO  ipc.Server (Server.java:stop(3082)) - Stopping server on 45931
2019-09-20 08:38:34,912 [IPC Server listener on 45931] INFO  ipc.Server (Server.java:run(1185)) - Stopping IPC Server listener on 45931
2019-09-20 08:38:34,912 [IPC Server Responder] INFO  ipc.Server (Server.java:run(1319)) - Stopping IPC Server Responder
2019-09-20 08:38:34,912 [Thread-1057] INFO  server.StorageContainerManager (StorageContainerManager.java:stop(826)) - Stopping the StorageContainerLocationProtocol RPC server
2019-09-20 08:38:34,914 [Thread-1057] INFO  server.SCMClientProtocolServer (SCMClientProtocolServer.java:stop(159)) - Stopping the RPC server for Client Protocol
2019-09-20 08:38:34,914 [Thread-1057] INFO  ipc.Server (Server.java:stop(3082)) - Stopping server on 37978
2019-09-20 08:38:34,915 [IPC Server listener on 37978] INFO  ipc.Server (Server.java:run(1185)) - Stopping IPC Server listener on 37978
2019-09-20 08:38:34,915 [IPC Server Responder] INFO  ipc.Server (Server.java:run(1319)) - Stopping IPC Server Responder
2019-09-20 08:38:34,915 [Thread-1057] INFO  server.StorageContainerManager (StorageContainerManager.java:stop(833)) - Stopping Storage Container Manager HTTP server.
2019-09-20 08:38:34,918 [Thread-1057] INFO  handler.ContextHandler (ContextHandler.java:doStop(910)) - Stopped o.e.j.w.WebAppContext@6ac7e7f4{/,null,UNAVAILABLE}{/scm}
2019-09-20 08:38:34,919 [Thread-1057] INFO  server.AbstractConnector (AbstractConnector.java:doStop(318)) - Stopped ServerConnector@3ce4ff0a{HTTP/1.1,[http/1.1]}{0.0.0.0:0}
2019-09-20 08:38:34,919 [Thread-1057] INFO  handler.ContextHandler (ContextHandler.java:doStop(910)) - Stopped o.e.j.s.ServletContextHandler@7ef9d445{/static,jar:file:/home/user/.m2/repository/org/apache/hadoop/hadoop-hdds-server-scm/0.5.0-SNAPSHOT/hadoop-hdds-server-scm-0.5.0-SNAPSHOT.jar!/webapps/static,UNAVAILABLE}
2019-09-20 08:38:34,920 [Thread-1057] INFO  handler.ContextHandler (ContextHandler.java:doStop(910)) - Stopped o.e.j.s.ServletContextHandler@91354f0{/logs,file:///workdir/hadoop-ozone/ozonefs/target/log,UNAVAILABLE}
2019-09-20 08:38:34,920 [Thread-1057] INFO  server.StorageContainerManager (StorageContainerManager.java:stop(844)) - Stopping Block Manager Service.
2019-09-20 08:38:34,921 [Thread-1057] INFO  utils.BackgroundService (BackgroundService.java:shutdown(148)) - Shutting down service SCMBlockDeletingService
2019-09-20 08:38:34,921 [Thread-1057] INFO  utils.BackgroundService (BackgroundService.java:shutdown(148)) - Shutting down service SCMBlockDeletingService
2019-09-20 08:38:34,922 [Thread-1057] INFO  server.StorageContainerManager (StorageContainerManager.java:stop(866)) - Stopping SCM Event Queue.
2019-09-20 08:38:34,925 [Thread-1057] INFO  impl.MetricsSystemImpl (MetricsSystemImpl.java:stop(210)) - Stopping HddsDatanode metrics system...
2019-09-20 08:38:34,933 [Thread-1057] INFO  impl.MetricsSystemImpl (MetricsSystemImpl.java:stop(216)) - HddsDatanode metrics system stopped.
]]></system-out>
    <system-err><![CDATA[Sep 20, 2019 8:38:18 AM com.sun.jersey.server.impl.application.WebApplicationImpl _initiate
INFO: Initiating Jersey application, version 'Jersey: 1.19 02/11/2015 03:25 AM'
Sep 20, 2019 8:38:19 AM com.sun.jersey.server.impl.application.WebApplicationImpl _initiate
INFO: Initiating Jersey application, version 'Jersey: 1.19 02/11/2015 03:25 AM'
Sep 20, 2019 8:38:19 AM com.sun.jersey.server.impl.application.WebApplicationImpl _initiate
INFO: Initiating Jersey application, version 'Jersey: 1.19 02/11/2015 03:25 AM'
Sep 20, 2019 8:38:24 AM com.sun.jersey.server.impl.application.WebApplicationImpl _initiate
INFO: Initiating Jersey application, version 'Jersey: 1.19 02/11/2015 03:25 AM'
]]></system-err>
  </testcase>
  <testcase name="testDeleteCreatesFakeParentDir" classname="org.apache.hadoop.fs.ozone.TestOzoneFileSystem" time="18.14">
    <error message="Allocated 0 blocks. Requested 1 blocks" type="INTERNAL_ERROR org.apache.hadoop.ozone.om.exceptions.OMException">INTERNAL_ERROR org.apache.hadoop.ozone.om.exceptions.OMException: Allocated 0 blocks. Requested 1 blocks
	at org.apache.hadoop.ozone.om.protocolPB.OzoneManagerProtocolClientSideTranslatorPB.handleError(OzoneManagerProtocolClientSideTranslatorPB.java:725)
	at org.apache.hadoop.ozone.om.protocolPB.OzoneManagerProtocolClientSideTranslatorPB.createFile(OzoneManagerProtocolClientSideTranslatorPB.java:1474)
	at org.apache.hadoop.ozone.client.rpc.RpcClient.createFile(RpcClient.java:984)
	at org.apache.hadoop.ozone.client.OzoneBucket.createFile(OzoneBucket.java:535)
	at org.apache.hadoop.fs.ozone.BasicOzoneClientAdapterImpl.createFile(BasicOzoneClientAdapterImpl.java:181)
	at org.apache.hadoop.fs.ozone.BasicOzoneFileSystem.createOutputStream(BasicOzoneFileSystem.java:249)
	at org.apache.hadoop.fs.ozone.BasicOzoneFileSystem.create(BasicOzoneFileSystem.java:230)
	at org.apache.hadoop.fs.FileSystem.create(FileSystem.java:1118)
	at org.apache.hadoop.fs.FileSystem.create(FileSystem.java:1098)
	at org.apache.hadoop.fs.FileSystem.create(FileSystem.java:987)
	at org.apache.hadoop.fs.contract.ContractTestUtils.createFile(ContractTestUtils.java:633)
	at org.apache.hadoop.fs.contract.ContractTestUtils.touch(ContractTestUtils.java:669)
	at org.apache.hadoop.fs.ozone.TestOzoneFileSystem.testDeleteCreatesFakeParentDir(TestOzoneFileSystem.java:154)
	at sun.reflect.NativeMethodAccessorImpl.invoke0(Native Method)
	at sun.reflect.NativeMethodAccessorImpl.invoke(NativeMethodAccessorImpl.java:62)
	at sun.reflect.DelegatingMethodAccessorImpl.invoke(DelegatingMethodAccessorImpl.java:43)
	at java.lang.reflect.Method.invoke(Method.java:498)
	at org.junit.runners.model.FrameworkMethod$1.runReflectiveCall(FrameworkMethod.java:47)
	at org.junit.internal.runners.model.ReflectiveCallable.run(ReflectiveCallable.java:12)
	at org.junit.runners.model.FrameworkMethod.invokeExplosively(FrameworkMethod.java:44)
	at org.junit.internal.runners.statements.InvokeMethod.evaluate(InvokeMethod.java:17)
	at org.junit.internal.runners.statements.RunBefores.evaluate(RunBefores.java:26)
	at org.junit.internal.runners.statements.RunAfters.evaluate(RunAfters.java:27)
	at org.junit.internal.runners.statements.FailOnTimeout$StatementThread.run(FailOnTimeout.java:74)
</error>
    <system-out><![CDATA[2019-09-20 08:38:34,982 [Thread-1323] WARN  server.ServerUtils (ServerUtils.java:getScmDbDir(145)) - ozone.scm.db.dirs is not configured. We recommend adding this setting. Falling back to ozone.metadata.dirs instead.
2019-09-20 08:38:35,011 [Thread-1323] WARN  server.ServerUtils (ServerUtils.java:getScmDbDir(145)) - ozone.scm.db.dirs is not configured. We recommend adding this setting. Falling back to ozone.metadata.dirs instead.
2019-09-20 08:38:35,012 [Thread-1323] WARN  server.ServerUtils (ServerUtils.java:getScmDbDir(145)) - ozone.scm.db.dirs is not configured. We recommend adding this setting. Falling back to ozone.metadata.dirs instead.
2019-09-20 08:38:35,012 [Thread-1323] INFO  db.DBStoreBuilder (DBStoreBuilder.java:addTable(110)) - using custom profile for table: deletedBlocks
2019-09-20 08:38:35,013 [Thread-1323] INFO  db.DBStoreBuilder (DBStoreBuilder.java:processTables(161)) - Using default column profile:DBProfile.DISK for Table:deletedBlocks
2019-09-20 08:38:35,013 [Thread-1323] INFO  db.DBStoreBuilder (DBStoreBuilder.java:addTable(110)) - using custom profile for table: validCerts
2019-09-20 08:38:35,013 [Thread-1323] INFO  db.DBStoreBuilder (DBStoreBuilder.java:processTables(161)) - Using default column profile:DBProfile.DISK for Table:validCerts
2019-09-20 08:38:35,013 [Thread-1323] INFO  db.DBStoreBuilder (DBStoreBuilder.java:addTable(110)) - using custom profile for table: revokedCerts
2019-09-20 08:38:35,013 [Thread-1323] INFO  db.DBStoreBuilder (DBStoreBuilder.java:processTables(161)) - Using default column profile:DBProfile.DISK for Table:revokedCerts
2019-09-20 08:38:35,014 [Thread-1323] INFO  db.DBStoreBuilder (DBStoreBuilder.java:addTable(110)) - using custom profile for table: default
2019-09-20 08:38:35,014 [Thread-1323] INFO  db.DBStoreBuilder (DBStoreBuilder.java:processTables(167)) - Using default column profile:DBProfile.DISK for Table:default
2019-09-20 08:38:35,014 [Thread-1323] INFO  db.DBStoreBuilder (DBStoreBuilder.java:getDbProfile(198)) - Using default options. DBProfile.DISK
2019-09-20 08:38:35,301 [Thread-1323] INFO  net.NodeSchemaLoader (NodeSchemaLoader.java:loadSchemaFromFile(125)) - Loading file from sun.misc.CompoundEnumeration@6b813abb
2019-09-20 08:38:35,302 [Thread-1323] INFO  net.NodeSchemaLoader (NodeSchemaLoader.java:loadSchema(171)) - Loading network topology layer schema file
2019-09-20 08:38:35,308 [Thread-1323] WARN  server.ServerUtils (ServerUtils.java:sanitizeUserArgs(70)) - ozone.scm.stale.node.interval value = 300000 is larger than max = 100000 based on the key value of ozone.scm.heartbeat.thread.interval, reset to the max value 100000.
2019-09-20 08:38:35,308 [Thread-1323] WARN  server.ServerUtils (ServerUtils.java:sanitizeUserArgs(70)) - ozone.scm.stale.node.interval value = 300000 is larger than max = 100000 based on the key value of ozone.scm.heartbeat.thread.interval, reset to the max value 100000.
2019-09-20 08:38:35,309 [Thread-1323] INFO  node.SCMNodeManager (SCMNodeManager.java:<init>(121)) - Entering startup safe mode.
2019-09-20 08:38:35,309 [Thread-1323] INFO  algorithms.ContainerPlacementPolicyFactory (ContainerPlacementPolicyFactory.java:getPolicy(56)) - Create container placement policy of type org.apache.hadoop.hdds.scm.container.placement.algorithms.SCMContainerPlacementRandom
2019-09-20 08:38:35,310 [Thread-1323] WARN  server.ServerUtils (ServerUtils.java:getScmDbDir(145)) - ozone.scm.db.dirs is not configured. We recommend adding this setting. Falling back to ozone.metadata.dirs instead.
2019-09-20 08:38:35,399 [Thread-1323] INFO  pipeline.SCMPipelineManager (SCMPipelineManager.java:initializePipelineState(126)) - No pipeline exists in current db
2019-09-20 08:38:35,399 [Thread-1323] WARN  server.ServerUtils (ServerUtils.java:getScmDbDir(145)) - ozone.scm.db.dirs is not configured. We recommend adding this setting. Falling back to ozone.metadata.dirs instead.
2019-09-20 08:38:35,521 [Thread-1323] WARN  events.EventQueue (EventQueue.java:fireEvent(175)) - No event handler registered for event TypedEvent{payloadType=SafeModeStatus, name='SafeModeStatus'}
2019-09-20 08:38:35,522 [Thread-1323] INFO  ipc.CallQueueManager (CallQueueManager.java:<init>(84)) - Using callQueue: class java.util.concurrent.LinkedBlockingQueue, queueCapacity: 2000, scheduler: class org.apache.hadoop.ipc.DefaultRpcScheduler, ipcBackoff: false.
2019-09-20 08:38:35,523 [Socket Reader #1 for port 32999] INFO  ipc.Server (Server.java:run(1074)) - Starting Socket Reader #1 for port 32999
2019-09-20 08:38:35,526 [Thread-1323] INFO  ipc.CallQueueManager (CallQueueManager.java:<init>(84)) - Using callQueue: class java.util.concurrent.LinkedBlockingQueue, queueCapacity: 2000, scheduler: class org.apache.hadoop.ipc.DefaultRpcScheduler, ipcBackoff: false.
2019-09-20 08:38:35,527 [Socket Reader #1 for port 38438] INFO  ipc.Server (Server.java:run(1074)) - Starting Socket Reader #1 for port 38438
2019-09-20 08:38:35,528 [Thread-1323] INFO  ipc.CallQueueManager (CallQueueManager.java:<init>(84)) - Using callQueue: class java.util.concurrent.LinkedBlockingQueue, queueCapacity: 2000, scheduler: class org.apache.hadoop.ipc.DefaultRpcScheduler, ipcBackoff: false.
2019-09-20 08:38:35,529 [Socket Reader #1 for port 38264] INFO  ipc.Server (Server.java:run(1074)) - Starting Socket Reader #1 for port 38264
2019-09-20 08:38:35,533 [Thread-1323] INFO  hdfs.DFSUtil (DFSUtil.java:httpServerTemplateForNNAndJN(1641)) - Starting Web-server for scm at: http://0.0.0.0:0
2019-09-20 08:38:35,536 [Thread-1323] INFO  server.AuthenticationFilter (AuthenticationFilter.java:constructSecretProvider(240)) - Unable to initialize FileSignerSecretProvider, falling back to use random secrets.
2019-09-20 08:38:35,536 [Thread-1323] WARN  http.HttpRequestLog (HttpRequestLog.java:getRequestLog(97)) - Jetty request log can only be enabled using Log4j
2019-09-20 08:38:35,539 [Thread-1323] INFO  http.HttpServer2 (HttpServer2.java:addGlobalFilter(975)) - Added global filter 'safety' (class=org.apache.hadoop.http.HttpServer2$QuotingInputFilter)
2019-09-20 08:38:35,541 [Thread-1323] INFO  http.HttpServer2 (HttpServer2.java:addFilter(948)) - Added filter static_user_filter (class=org.apache.hadoop.http.lib.StaticUserWebFilter$StaticUserFilter) to context scm
2019-09-20 08:38:35,541 [Thread-1323] INFO  http.HttpServer2 (HttpServer2.java:addFilter(958)) - Added filter static_user_filter (class=org.apache.hadoop.http.lib.StaticUserWebFilter$StaticUserFilter) to context static
2019-09-20 08:38:35,541 [Thread-1323] INFO  http.HttpServer2 (HttpServer2.java:addFilter(958)) - Added filter static_user_filter (class=org.apache.hadoop.http.lib.StaticUserWebFilter$StaticUserFilter) to context logs
2019-09-20 08:38:35,543 [Thread-1323] INFO  server.StorageContainerManager (StorageContainerManager.java:start(759)) - StorageContainerLocationProtocol RPC server is listening at /0.0.0.0:38264
2019-09-20 08:38:35,546 [Thread-1323] WARN  impl.MetricsConfig (MetricsConfig.java:loadFirst(134)) - Cannot locate configuration: tried hadoop-metrics2-storagecontainermanager.properties,hadoop-metrics2.properties
2019-09-20 08:38:35,547 [Thread-1323] INFO  impl.MetricsSystemImpl (MetricsSystemImpl.java:startTimer(374)) - Scheduled Metric snapshot period at 10 second(s).
2019-09-20 08:38:35,547 [Thread-1323] INFO  impl.MetricsSystemImpl (MetricsSystemImpl.java:start(191)) - StorageContainerManager metrics system started
2019-09-20 08:38:35,629 [Thread-1323] INFO  server.SCMClientProtocolServer (SCMClientProtocolServer.java:start(151)) - RPC server for Client  is listening at /0.0.0.0:38264
2019-09-20 08:38:35,629 [IPC Server Responder] INFO  ipc.Server (Server.java:run(1314)) - IPC Server Responder: starting
2019-09-20 08:38:35,629 [IPC Server listener on 38264] INFO  ipc.Server (Server.java:run(1153)) - IPC Server listener on 38264: starting
2019-09-20 08:38:35,633 [Thread-1323] INFO  server.StorageContainerManager (StorageContainerManager.java:start(769)) - ScmBlockLocationProtocol RPC server is listening at /0.0.0.0:38438
2019-09-20 08:38:35,633 [Thread-1323] INFO  server.SCMBlockProtocolServer (SCMBlockProtocolServer.java:start(140)) - RPC server for Block Protocol is listening at /0.0.0.0:38438
2019-09-20 08:38:35,634 [IPC Server Responder] INFO  ipc.Server (Server.java:run(1314)) - IPC Server Responder: starting
2019-09-20 08:38:35,634 [IPC Server listener on 38438] INFO  ipc.Server (Server.java:run(1153)) - IPC Server listener on 38438: starting
2019-09-20 08:38:35,637 [Thread-1323] INFO  server.StorageContainerManager (StorageContainerManager.java:start(773)) - ScmDatanodeProtocl RPC server is listening at /0.0.0.0:32999
2019-09-20 08:38:35,638 [Thread-1323] INFO  server.SCMDatanodeProtocolServer (SCMDatanodeProtocolServer.java:start(191)) - RPC server for DataNodes is listening at /0.0.0.0:32999
2019-09-20 08:38:35,638 [IPC Server Responder] INFO  ipc.Server (Server.java:run(1314)) - IPC Server Responder: starting
2019-09-20 08:38:35,638 [IPC Server listener on 32999] INFO  ipc.Server (Server.java:run(1153)) - IPC Server listener on 32999: starting
2019-09-20 08:38:35,644 [Thread-1323] INFO  http.HttpServer2 (HttpServer2.java:bindListener(1191)) - Jetty bound to port 45527
2019-09-20 08:38:35,644 [Thread-1323] INFO  server.Server (Server.java:doStart(351)) - jetty-9.3.24.v20180605, build timestamp: 2018-06-05T17:11:56Z, git hash: 84205aa28f11a4f31f2a3b86d1bba2cc8ab69827
2019-09-20 08:38:35,646 [Thread-1323] INFO  handler.ContextHandler (ContextHandler.java:doStart(781)) - Started o.e.j.s.ServletContextHandler@5ac05ab8{/logs,file:///workdir/hadoop-ozone/ozonefs/target/log,AVAILABLE}
2019-09-20 08:38:35,647 [Thread-1323] INFO  handler.ContextHandler (ContextHandler.java:doStart(781)) - Started o.e.j.s.ServletContextHandler@65d05983{/static,jar:file:/home/user/.m2/repository/org/apache/hadoop/hadoop-hdds-server-scm/0.5.0-SNAPSHOT/hadoop-hdds-server-scm-0.5.0-SNAPSHOT.jar!/webapps/static,AVAILABLE}
2019-09-20 08:38:35,705 [Thread-1323] INFO  handler.ContextHandler (ContextHandler.java:doStart(781)) - Started o.e.j.w.WebAppContext@7aa7f1a{/,file:///tmp/jetty-0.0.0.0-45527-scm-_-any-1945758652782003941.dir/webapp/,AVAILABLE}{/scm}
2019-09-20 08:38:35,705 [Thread-1323] INFO  server.AbstractConnector (AbstractConnector.java:doStart(278)) - Started ServerConnector@3bd64a08{HTTP/1.1,[http/1.1]}{0.0.0.0:45527}
2019-09-20 08:38:35,706 [Thread-1323] INFO  server.Server (Server.java:doStart(419)) - Started @97208ms
2019-09-20 08:38:35,707 [Thread-1323] INFO  server.BaseHttpServer (BaseHttpServer.java:updateConnectorAddress(213)) - HTTP server of SCM is listening at http://0.0.0.0:45527
2019-09-20 08:38:35,708 [Thread-1323] WARN  server.ServerUtils (ServerUtils.java:getDBPath(222)) - ozone.om.db.dirs is not configured. We recommend adding this setting. Falling back to ozone.metadata.dirs instead.
2019-09-20 08:38:35,709 [org.apache.hadoop.util.JvmPauseMonitor$Monitor@75bb2a91] INFO  util.JvmPauseMonitor (JvmPauseMonitor.java:run(188)) - Starting JVM pause monitor
2019-09-20 08:38:35,727 [Thread-1323] WARN  server.ServerUtils (ServerUtils.java:getDBPath(222)) - ozone.om.db.dirs is not configured. We recommend adding this setting. Falling back to ozone.metadata.dirs instead.
2019-09-20 08:38:35,727 [Thread-1323] WARN  server.ServerUtils (ServerUtils.java:getDBPath(222)) - ozone.om.db.dirs is not configured. We recommend adding this setting. Falling back to ozone.metadata.dirs instead.
2019-09-20 08:38:35,727 [Thread-1323] INFO  om.OzoneManager (OzoneManager.java:setOMNodeDetails(645)) - OM Service ID is not set. Setting it to the default ID: omServiceIdDefault
2019-09-20 08:38:35,728 [Thread-1323] INFO  om.OzoneManager (OzoneManager.java:setOMNodeDetails(651)) - OM Node ID is not set. Setting it to the OmStorage's OmID: 501a2e2a-8a7b-4417-aa2a-2b18ed54f609
2019-09-20 08:38:35,728 [Thread-1323] INFO  om.OzoneManager (OzoneManager.java:loadOMHAConfigs(602)) - Found matching OM address with OMServiceId: null, OMNodeId: null, RPC Address: localhost:0 and Ratis port: 9872
2019-09-20 08:38:35,737 | INFO  | SCMAudit | user=jenkins1000 | ip=192.168.36.79 | op=GET_SCM_INFO null | ret=SUCCESS |  
2019-09-20 08:38:35,740 [Thread-1323] WARN  server.ServerUtils (ServerUtils.java:getDBPath(222)) - ozone.om.db.dirs is not configured. We recommend adding this setting. Falling back to ozone.metadata.dirs instead.
2019-09-20 08:38:35,740 [Thread-1323] INFO  db.DBStoreBuilder (DBStoreBuilder.java:addTable(110)) - using custom profile for table: userTable
2019-09-20 08:38:35,740 [Thread-1323] INFO  db.DBStoreBuilder (DBStoreBuilder.java:processTables(161)) - Using default column profile:DBProfile.DISK for Table:userTable
2019-09-20 08:38:35,741 [Thread-1323] INFO  db.DBStoreBuilder (DBStoreBuilder.java:addTable(110)) - using custom profile for table: volumeTable
2019-09-20 08:38:35,741 [Thread-1323] INFO  db.DBStoreBuilder (DBStoreBuilder.java:processTables(161)) - Using default column profile:DBProfile.DISK for Table:volumeTable
2019-09-20 08:38:35,741 [Thread-1323] INFO  db.DBStoreBuilder (DBStoreBuilder.java:addTable(110)) - using custom profile for table: bucketTable
2019-09-20 08:38:35,741 [Thread-1323] INFO  db.DBStoreBuilder (DBStoreBuilder.java:processTables(161)) - Using default column profile:DBProfile.DISK for Table:bucketTable
2019-09-20 08:38:35,741 [Thread-1323] INFO  db.DBStoreBuilder (DBStoreBuilder.java:addTable(110)) - using custom profile for table: keyTable
2019-09-20 08:38:35,742 [Thread-1323] INFO  db.DBStoreBuilder (DBStoreBuilder.java:processTables(161)) - Using default column profile:DBProfile.DISK for Table:keyTable
2019-09-20 08:38:35,742 [Thread-1323] INFO  db.DBStoreBuilder (DBStoreBuilder.java:addTable(110)) - using custom profile for table: deletedTable
2019-09-20 08:38:35,742 [Thread-1323] INFO  db.DBStoreBuilder (DBStoreBuilder.java:processTables(161)) - Using default column profile:DBProfile.DISK for Table:deletedTable
2019-09-20 08:38:35,742 [Thread-1323] INFO  db.DBStoreBuilder (DBStoreBuilder.java:addTable(110)) - using custom profile for table: openKeyTable
2019-09-20 08:38:35,742 [Thread-1323] INFO  db.DBStoreBuilder (DBStoreBuilder.java:processTables(161)) - Using default column profile:DBProfile.DISK for Table:openKeyTable
2019-09-20 08:38:35,743 [Thread-1323] INFO  db.DBStoreBuilder (DBStoreBuilder.java:addTable(110)) - using custom profile for table: s3Table
2019-09-20 08:38:35,743 [Thread-1323] INFO  db.DBStoreBuilder (DBStoreBuilder.java:processTables(161)) - Using default column profile:DBProfile.DISK for Table:s3Table
2019-09-20 08:38:35,743 [Thread-1323] INFO  db.DBStoreBuilder (DBStoreBuilder.java:addTable(110)) - using custom profile for table: multipartInfoTable
2019-09-20 08:38:35,743 [Thread-1323] INFO  db.DBStoreBuilder (DBStoreBuilder.java:processTables(161)) - Using default column profile:DBProfile.DISK for Table:multipartInfoTable
2019-09-20 08:38:35,743 [Thread-1323] INFO  db.DBStoreBuilder (DBStoreBuilder.java:addTable(110)) - using custom profile for table: dTokenTable
2019-09-20 08:38:35,744 [Thread-1323] INFO  db.DBStoreBuilder (DBStoreBuilder.java:processTables(161)) - Using default column profile:DBProfile.DISK for Table:dTokenTable
2019-09-20 08:38:35,744 [Thread-1323] INFO  db.DBStoreBuilder (DBStoreBuilder.java:addTable(110)) - using custom profile for table: s3SecretTable
2019-09-20 08:38:35,744 [Thread-1323] INFO  db.DBStoreBuilder (DBStoreBuilder.java:processTables(161)) - Using default column profile:DBProfile.DISK for Table:s3SecretTable
2019-09-20 08:38:35,744 [Thread-1323] INFO  db.DBStoreBuilder (DBStoreBuilder.java:addTable(110)) - using custom profile for table: prefixTable
2019-09-20 08:38:35,744 [Thread-1323] INFO  db.DBStoreBuilder (DBStoreBuilder.java:processTables(161)) - Using default column profile:DBProfile.DISK for Table:prefixTable
2019-09-20 08:38:35,745 [Thread-1323] INFO  db.DBStoreBuilder (DBStoreBuilder.java:addTable(110)) - using custom profile for table: default
2019-09-20 08:38:35,745 [Thread-1323] INFO  db.DBStoreBuilder (DBStoreBuilder.java:processTables(167)) - Using default column profile:DBProfile.DISK for Table:default
2019-09-20 08:38:35,745 [Thread-1323] INFO  db.DBStoreBuilder (DBStoreBuilder.java:getDbProfile(198)) - Using default options. DBProfile.DISK
2019-09-20 08:38:36,515 [Thread-1323] INFO  ipc.CallQueueManager (CallQueueManager.java:<init>(84)) - Using callQueue: class java.util.concurrent.LinkedBlockingQueue, queueCapacity: 2000, scheduler: class org.apache.hadoop.ipc.DefaultRpcScheduler, ipcBackoff: false.
2019-09-20 08:38:36,516 [Socket Reader #1 for port 40448] INFO  ipc.Server (Server.java:run(1074)) - Starting Socket Reader #1 for port 40448
2019-09-20 08:38:36,544 [Thread-1323] INFO  om.OzoneManager (OzoneManager.java:start(1256)) - OzoneManager RPC server is listening at localhost/127.0.0.1:40448
2019-09-20 08:38:36,544 [Thread-1323] INFO  impl.MetricsSystemImpl (MetricsSystemImpl.java:init(158)) - OzoneManager metrics system started (again)
2019-09-20 08:38:36,545 [IPC Server listener on 40448] INFO  ipc.Server (Server.java:run(1153)) - IPC Server listener on 40448: starting
2019-09-20 08:38:36,545 [IPC Server Responder] INFO  ipc.Server (Server.java:run(1314)) - IPC Server Responder: starting
2019-09-20 08:38:36,551 [Thread-1323] INFO  hdfs.DFSUtil (DFSUtil.java:httpServerTemplateForNNAndJN(1641)) - Starting Web-server for ozoneManager at: http://0.0.0.0:0
2019-09-20 08:38:36,554 [Thread-1323] INFO  server.AuthenticationFilter (AuthenticationFilter.java:constructSecretProvider(240)) - Unable to initialize FileSignerSecretProvider, falling back to use random secrets.
2019-09-20 08:38:36,555 [Thread-1323] WARN  http.HttpRequestLog (HttpRequestLog.java:getRequestLog(97)) - Jetty request log can only be enabled using Log4j
2019-09-20 08:38:36,558 [Thread-1323] INFO  http.HttpServer2 (HttpServer2.java:addGlobalFilter(975)) - Added global filter 'safety' (class=org.apache.hadoop.http.HttpServer2$QuotingInputFilter)
2019-09-20 08:38:36,559 [Thread-1323] INFO  http.HttpServer2 (HttpServer2.java:addFilter(948)) - Added filter static_user_filter (class=org.apache.hadoop.http.lib.StaticUserWebFilter$StaticUserFilter) to context ozoneManager
2019-09-20 08:38:36,559 [Thread-1323] INFO  http.HttpServer2 (HttpServer2.java:addFilter(958)) - Added filter static_user_filter (class=org.apache.hadoop.http.lib.StaticUserWebFilter$StaticUserFilter) to context logs
2019-09-20 08:38:36,559 [Thread-1323] INFO  http.HttpServer2 (HttpServer2.java:addFilter(958)) - Added filter static_user_filter (class=org.apache.hadoop.http.lib.StaticUserWebFilter$StaticUserFilter) to context static
2019-09-20 08:38:36,560 [Thread-1323] INFO  http.HttpServer2 (HttpServer2.java:bindListener(1191)) - Jetty bound to port 46414
2019-09-20 08:38:36,560 [Thread-1323] INFO  server.Server (Server.java:doStart(351)) - jetty-9.3.24.v20180605, build timestamp: 2018-06-05T17:11:56Z, git hash: 84205aa28f11a4f31f2a3b86d1bba2cc8ab69827
2019-09-20 08:38:36,563 [Thread-1323] INFO  handler.ContextHandler (ContextHandler.java:doStart(781)) - Started o.e.j.s.ServletContextHandler@5524e54c{/logs,file:///workdir/hadoop-ozone/ozonefs/target/log,AVAILABLE}
2019-09-20 08:38:36,563 [Thread-1323] INFO  handler.ContextHandler (ContextHandler.java:doStart(781)) - Started o.e.j.s.ServletContextHandler@7140492c{/static,jar:file:/home/user/.m2/repository/org/apache/hadoop/hadoop-ozone-ozone-manager/0.5.0-SNAPSHOT/hadoop-ozone-ozone-manager-0.5.0-SNAPSHOT.jar!/webapps/static,AVAILABLE}
2019-09-20 08:38:36,626 [Thread-1323] INFO  handler.ContextHandler (ContextHandler.java:doStart(781)) - Started o.e.j.w.WebAppContext@74337d13{/,file:///tmp/jetty-0.0.0.0-46414-ozoneManager-_-any-8444069669322488055.dir/webapp/,AVAILABLE}{/ozoneManager}
2019-09-20 08:38:36,626 [Thread-1323] INFO  server.AbstractConnector (AbstractConnector.java:doStart(278)) - Started ServerConnector@d36ffc7{HTTP/1.1,[http/1.1]}{0.0.0.0:46414}
2019-09-20 08:38:36,628 [Thread-1323] INFO  server.Server (Server.java:doStart(419)) - Started @98129ms
2019-09-20 08:38:36,628 [Thread-1323] INFO  server.BaseHttpServer (BaseHttpServer.java:updateConnectorAddress(213)) - HTTP server of OZONEMANAGER is listening at http://0.0.0.0:46414
2019-09-20 08:38:36,642 [Thread-1323] INFO  impl.MetricsSystemImpl (MetricsSystemImpl.java:init(158)) - HddsDatanode metrics system started (again)
2019-09-20 08:38:36,645 [Thread-1323] INFO  ozone.HddsDatanodeService (HddsDatanodeService.java:start(184)) - HddsDatanodeService host:pr-hdds-1569-s8kj2-2266485376 ip:192.168.36.79
2019-09-20 08:38:36,655 [Thread-1323] INFO  volume.HddsVolume (HddsVolume.java:<init>(176)) - Creating Volume: /workdir/hadoop-ozone/ozonefs/target/test-dir/MiniOzoneClusterImpl-91d92c25-20d7-4a60-97d2-df3786b0ca5e/datanode-0/data/containers/hdds of  storage type : DISK and capacity : 1482555576320
2019-09-20 08:38:36,655 [Thread-1323] INFO  volume.VolumeSet (VolumeSet.java:initializeVolumeSet(170)) - Added Volume : /workdir/hadoop-ozone/ozonefs/target/test-dir/MiniOzoneClusterImpl-91d92c25-20d7-4a60-97d2-df3786b0ca5e/datanode-0/data/containers/hdds to VolumeSet
2019-09-20 08:38:36,656 [Thread-1323] INFO  volume.ThrottledAsyncChecker (ThrottledAsyncChecker.java:schedule(140)) - Scheduling a check for org.apache.hadoop.ozone.container.common.volume.HddsVolume@188aa9b
2019-09-20 08:38:36,656 [Thread-1323] INFO  volume.HddsVolumeChecker (HddsVolumeChecker.java:checkAllVolumes(203)) - Scheduled health check for volume org.apache.hadoop.ozone.container.common.volume.HddsVolume@188aa9b
2019-09-20 08:38:36,686 [Thread-1323] INFO  impl.RaftServerProxy (ConfUtils.java:logGet(43)) - raft.rpc.type = GRPC (default)
2019-09-20 08:38:36,687 [Thread-1323] INFO  grpc.GrpcFactory (GrpcFactory.java:checkPooledByteBufAllocatorUseCacheForAllThreads(45)) - PERFORMANCE WARNING: useCacheForAllThreads is true that may cause Netty to create a lot garbage objects and, as a result, trigger GC.
	It is recommended to disable useCacheForAllThreads by setting -Dorg.apache.ratis.thirdparty.io.netty.allocator.useCacheForAllThreads=false in command line.
2019-09-20 08:38:36,687 [Thread-1323] INFO  grpc.GrpcConfigKeys$Server (ConfUtils.java:logGet(43)) - raft.grpc.server.port = 0 (default)
2019-09-20 08:38:36,687 [Thread-1323] INFO  server.GrpcService (ConfUtils.java:logGet(43)) - raft.grpc.message.size.max = 33570816 (custom)
2019-09-20 08:38:36,687 [Thread-1323] INFO  server.RaftServerConfigKeys (ConfUtils.java:logGet(43)) - raft.server.log.appender.buffer.byte-limit = 33554432 (custom)
2019-09-20 08:38:36,688 [Thread-1323] INFO  server.GrpcService (ConfUtils.java:logGet(43)) - raft.grpc.flow.control.window = 1MB (=1048576) (default)
2019-09-20 08:38:36,688 [Thread-1323] INFO  server.RaftServerConfigKeys (ConfUtils.java:logGet(43)) - raft.server.rpc.request.timeout = 3000ms (default)
2019-09-20 08:38:36,689 [Thread-1323] INFO  server.RaftServerConfigKeys (ConfUtils.java:logGet(43)) - raft.server.storage.dir = [/workdir/hadoop-ozone/ozonefs/target/test-dir/MiniOzoneClusterImpl-91d92c25-20d7-4a60-97d2-df3786b0ca5e/datanode-0/data/ratis] (custom)
2019-09-20 08:38:36,689 [Thread-1323] INFO  replication.SimpleContainerDownloader (SimpleContainerDownloader.java:<init>(72)) - Starting container downloader service to copy containers to replicate.
2019-09-20 08:38:36,692 [Thread-1323] INFO  hdfs.DFSUtil (DFSUtil.java:httpServerTemplateForNNAndJN(1641)) - Starting Web-server for hddsDatanode at: http://0.0.0.0:0
2019-09-20 08:38:36,694 [Thread-1323] INFO  server.AuthenticationFilter (AuthenticationFilter.java:constructSecretProvider(240)) - Unable to initialize FileSignerSecretProvider, falling back to use random secrets.
2019-09-20 08:38:36,695 [Thread-1323] WARN  http.HttpRequestLog (HttpRequestLog.java:getRequestLog(97)) - Jetty request log can only be enabled using Log4j
2019-09-20 08:38:36,698 [Thread-1323] INFO  http.HttpServer2 (HttpServer2.java:addGlobalFilter(975)) - Added global filter 'safety' (class=org.apache.hadoop.http.HttpServer2$QuotingInputFilter)
2019-09-20 08:38:36,699 [Thread-1323] INFO  http.HttpServer2 (HttpServer2.java:addFilter(948)) - Added filter static_user_filter (class=org.apache.hadoop.http.lib.StaticUserWebFilter$StaticUserFilter) to context hddsDatanode
2019-09-20 08:38:36,699 [Thread-1323] INFO  http.HttpServer2 (HttpServer2.java:addFilter(958)) - Added filter static_user_filter (class=org.apache.hadoop.http.lib.StaticUserWebFilter$StaticUserFilter) to context logs
2019-09-20 08:38:36,699 [Thread-1323] INFO  http.HttpServer2 (HttpServer2.java:addFilter(958)) - Added filter static_user_filter (class=org.apache.hadoop.http.lib.StaticUserWebFilter$StaticUserFilter) to context static
2019-09-20 08:38:36,700 [Thread-1323] INFO  http.HttpServer2 (HttpServer2.java:bindListener(1191)) - Jetty bound to port 32971
2019-09-20 08:38:36,700 [Thread-1323] INFO  server.Server (Server.java:doStart(351)) - jetty-9.3.24.v20180605, build timestamp: 2018-06-05T17:11:56Z, git hash: 84205aa28f11a4f31f2a3b86d1bba2cc8ab69827
2019-09-20 08:38:36,703 [Thread-1323] INFO  handler.ContextHandler (ContextHandler.java:doStart(781)) - Started o.e.j.s.ServletContextHandler@e1a321{/logs,file:///workdir/hadoop-ozone/ozonefs/target/log,AVAILABLE}
2019-09-20 08:38:36,703 [Thread-1323] INFO  handler.ContextHandler (ContextHandler.java:doStart(781)) - Started o.e.j.s.ServletContextHandler@5450a7ef{/static,jar:file:/home/user/.m2/repository/org/apache/hadoop/hadoop-hdds-container-service/0.5.0-SNAPSHOT/hadoop-hdds-container-service-0.5.0-SNAPSHOT.jar!/webapps/static,AVAILABLE}
2019-09-20 08:38:36,750 [Thread-1323] INFO  handler.ContextHandler (ContextHandler.java:doStart(781)) - Started o.e.j.w.WebAppContext@17040f91{/,file:///tmp/jetty-0.0.0.0-32971-hddsDatanode-_-any-2707563835334217763.dir/webapp/,AVAILABLE}{/hddsDatanode}
2019-09-20 08:38:36,750 [Thread-1323] INFO  server.AbstractConnector (AbstractConnector.java:doStart(278)) - Started ServerConnector@553cc6aa{HTTP/1.1,[http/1.1]}{0.0.0.0:32971}
2019-09-20 08:38:36,751 [Thread-1323] INFO  server.Server (Server.java:doStart(419)) - Started @98253ms
2019-09-20 08:38:36,752 [Thread-1323] INFO  server.BaseHttpServer (BaseHttpServer.java:updateConnectorAddress(213)) - HTTP server of HDDSDATANODE is listening at http://0.0.0.0:32971
2019-09-20 08:38:36,942 | INFO  | ObjectStoreRestHttpServer | Listening HDDS REST traffic on /0.0.0.0:40932 |  
2019-09-20 08:38:36,942 [Thread-1323] INFO  ozone.HddsDatanodeService (HddsDatanodeService.java:startPlugins(395)) - Started plug-in org.apache.hadoop.ozone.web.OzoneHddsDatanodeService@60c2bd5a
2019-09-20 08:38:36,942 [Thread-1323] INFO  impl.MetricsSystemImpl (MetricsSystemImpl.java:init(158)) - HddsDatanode metrics system started (again)
2019-09-20 08:38:36,945 [org.apache.hadoop.util.JvmPauseMonitor$Monitor@241fc11f] INFO  util.JvmPauseMonitor (JvmPauseMonitor.java:run(188)) - Starting JVM pause monitor
2019-09-20 08:38:36,946 [Thread-1323] INFO  ozone.HddsDatanodeService (HddsDatanodeService.java:start(184)) - HddsDatanodeService host:pr-hdds-1569-s8kj2-2266485376 ip:192.168.36.79
2019-09-20 08:38:36,949 [Datanode State Machine Thread - 0] INFO  datanode.InitDatanodeState (InitDatanodeState.java:persistContainerDatanodeDetails(140)) - DatanodeDetails is persisted to /workdir/hadoop-ozone/ozonefs/target/test-dir/MiniOzoneClusterImpl-91d92c25-20d7-4a60-97d2-df3786b0ca5e/datanode-0/meta/datanode.id
2019-09-20 08:38:36,955 [Thread-1323] INFO  volume.HddsVolume (HddsVolume.java:<init>(176)) - Creating Volume: /workdir/hadoop-ozone/ozonefs/target/test-dir/MiniOzoneClusterImpl-91d92c25-20d7-4a60-97d2-df3786b0ca5e/datanode-1/data/containers/hdds of  storage type : DISK and capacity : 1482555576320
2019-09-20 08:38:36,955 [Thread-1323] INFO  volume.VolumeSet (VolumeSet.java:initializeVolumeSet(170)) - Added Volume : /workdir/hadoop-ozone/ozonefs/target/test-dir/MiniOzoneClusterImpl-91d92c25-20d7-4a60-97d2-df3786b0ca5e/datanode-1/data/containers/hdds to VolumeSet
2019-09-20 08:38:36,955 [Thread-1323] INFO  volume.ThrottledAsyncChecker (ThrottledAsyncChecker.java:schedule(140)) - Scheduling a check for org.apache.hadoop.ozone.container.common.volume.HddsVolume@6871f390
2019-09-20 08:38:36,955 [Thread-1323] INFO  volume.HddsVolumeChecker (HddsVolumeChecker.java:checkAllVolumes(203)) - Scheduled health check for volume org.apache.hadoop.ozone.container.common.volume.HddsVolume@6871f390
2019-09-20 08:38:36,978 [Thread-1323] INFO  impl.RaftServerProxy (ConfUtils.java:logGet(43)) - raft.rpc.type = GRPC (default)
2019-09-20 08:38:36,981 [Thread-1323] INFO  grpc.GrpcFactory (GrpcFactory.java:checkPooledByteBufAllocatorUseCacheForAllThreads(45)) - PERFORMANCE WARNING: useCacheForAllThreads is true that may cause Netty to create a lot garbage objects and, as a result, trigger GC.
	It is recommended to disable useCacheForAllThreads by setting -Dorg.apache.ratis.thirdparty.io.netty.allocator.useCacheForAllThreads=false in command line.
2019-09-20 08:38:36,981 [Thread-1323] INFO  grpc.GrpcConfigKeys$Server (ConfUtils.java:logGet(43)) - raft.grpc.server.port = 0 (default)
2019-09-20 08:38:36,982 [Thread-1323] INFO  server.GrpcService (ConfUtils.java:logGet(43)) - raft.grpc.message.size.max = 33570816 (custom)
2019-09-20 08:38:36,982 [Thread-1323] INFO  server.RaftServerConfigKeys (ConfUtils.java:logGet(43)) - raft.server.log.appender.buffer.byte-limit = 33554432 (custom)
2019-09-20 08:38:36,982 [Thread-1323] INFO  server.GrpcService (ConfUtils.java:logGet(43)) - raft.grpc.flow.control.window = 1MB (=1048576) (default)
2019-09-20 08:38:36,982 [Thread-1323] INFO  server.RaftServerConfigKeys (ConfUtils.java:logGet(43)) - raft.server.rpc.request.timeout = 3000ms (default)
2019-09-20 08:38:36,983 [Thread-1323] INFO  server.RaftServerConfigKeys (ConfUtils.java:logGet(43)) - raft.server.storage.dir = [/workdir/hadoop-ozone/ozonefs/target/test-dir/MiniOzoneClusterImpl-91d92c25-20d7-4a60-97d2-df3786b0ca5e/datanode-1/data/ratis] (custom)
2019-09-20 08:38:36,984 [Thread-1323] INFO  replication.SimpleContainerDownloader (SimpleContainerDownloader.java:<init>(72)) - Starting container downloader service to copy containers to replicate.
2019-09-20 08:38:36,986 [Thread-1323] INFO  hdfs.DFSUtil (DFSUtil.java:httpServerTemplateForNNAndJN(1641)) - Starting Web-server for hddsDatanode at: http://0.0.0.0:0
2019-09-20 08:38:36,990 [Thread-1323] INFO  server.AuthenticationFilter (AuthenticationFilter.java:constructSecretProvider(240)) - Unable to initialize FileSignerSecretProvider, falling back to use random secrets.
2019-09-20 08:38:36,990 [Thread-1323] WARN  http.HttpRequestLog (HttpRequestLog.java:getRequestLog(97)) - Jetty request log can only be enabled using Log4j
2019-09-20 08:38:36,994 [Thread-1323] INFO  http.HttpServer2 (HttpServer2.java:addGlobalFilter(975)) - Added global filter 'safety' (class=org.apache.hadoop.http.HttpServer2$QuotingInputFilter)
2019-09-20 08:38:36,995 [Thread-1323] INFO  http.HttpServer2 (HttpServer2.java:addFilter(948)) - Added filter static_user_filter (class=org.apache.hadoop.http.lib.StaticUserWebFilter$StaticUserFilter) to context hddsDatanode
2019-09-20 08:38:36,995 [Thread-1323] INFO  http.HttpServer2 (HttpServer2.java:addFilter(958)) - Added filter static_user_filter (class=org.apache.hadoop.http.lib.StaticUserWebFilter$StaticUserFilter) to context logs
2019-09-20 08:38:36,996 [Thread-1323] INFO  http.HttpServer2 (HttpServer2.java:addFilter(958)) - Added filter static_user_filter (class=org.apache.hadoop.http.lib.StaticUserWebFilter$StaticUserFilter) to context static
2019-09-20 08:38:36,997 [Thread-1323] INFO  http.HttpServer2 (HttpServer2.java:bindListener(1191)) - Jetty bound to port 39817
2019-09-20 08:38:36,998 [Thread-1323] INFO  server.Server (Server.java:doStart(351)) - jetty-9.3.24.v20180605, build timestamp: 2018-06-05T17:11:56Z, git hash: 84205aa28f11a4f31f2a3b86d1bba2cc8ab69827
2019-09-20 08:38:37,001 [Thread-1323] INFO  handler.ContextHandler (ContextHandler.java:doStart(781)) - Started o.e.j.s.ServletContextHandler@3cde5e08{/logs,file:///workdir/hadoop-ozone/ozonefs/target/log,AVAILABLE}
2019-09-20 08:38:37,001 [Thread-1323] INFO  handler.ContextHandler (ContextHandler.java:doStart(781)) - Started o.e.j.s.ServletContextHandler@16a0329f{/static,jar:file:/home/user/.m2/repository/org/apache/hadoop/hadoop-hdds-container-service/0.5.0-SNAPSHOT/hadoop-hdds-container-service-0.5.0-SNAPSHOT.jar!/webapps/static,AVAILABLE}
2019-09-20 08:38:37,042 [Thread-1323] INFO  handler.ContextHandler (ContextHandler.java:doStart(781)) - Started o.e.j.w.WebAppContext@5c61ef1d{/,file:///tmp/jetty-0.0.0.0-39817-hddsDatanode-_-any-8181774249608206286.dir/webapp/,AVAILABLE}{/hddsDatanode}
2019-09-20 08:38:37,043 [Thread-1323] INFO  server.AbstractConnector (AbstractConnector.java:doStart(278)) - Started ServerConnector@204133f0{HTTP/1.1,[http/1.1]}{0.0.0.0:39817}
2019-09-20 08:38:37,044 [Thread-1323] INFO  server.Server (Server.java:doStart(419)) - Started @98546ms
2019-09-20 08:38:37,046 [Thread-1323] INFO  server.BaseHttpServer (BaseHttpServer.java:updateConnectorAddress(213)) - HTTP server of HDDSDATANODE is listening at http://0.0.0.0:39817
2019-09-20 08:38:37,203 | INFO  | ObjectStoreRestHttpServer | Listening HDDS REST traffic on /0.0.0.0:42875 |  
2019-09-20 08:38:37,204 [Thread-1323] INFO  ozone.HddsDatanodeService (HddsDatanodeService.java:startPlugins(395)) - Started plug-in org.apache.hadoop.ozone.web.OzoneHddsDatanodeService@c45172b
2019-09-20 08:38:37,204 [Thread-1323] INFO  impl.MetricsSystemImpl (MetricsSystemImpl.java:init(158)) - HddsDatanode metrics system started (again)
2019-09-20 08:38:37,207 [org.apache.hadoop.util.JvmPauseMonitor$Monitor@8b4e70b] INFO  util.JvmPauseMonitor (JvmPauseMonitor.java:run(188)) - Starting JVM pause monitor
2019-09-20 08:38:37,207 [Thread-1323] INFO  ozone.HddsDatanodeService (HddsDatanodeService.java:start(184)) - HddsDatanodeService host:pr-hdds-1569-s8kj2-2266485376 ip:192.168.36.79
2019-09-20 08:38:37,209 [Datanode State Machine Thread - 0] INFO  datanode.InitDatanodeState (InitDatanodeState.java:persistContainerDatanodeDetails(140)) - DatanodeDetails is persisted to /workdir/hadoop-ozone/ozonefs/target/test-dir/MiniOzoneClusterImpl-91d92c25-20d7-4a60-97d2-df3786b0ca5e/datanode-1/meta/datanode.id
2019-09-20 08:38:37,216 [Thread-1323] INFO  volume.HddsVolume (HddsVolume.java:<init>(176)) - Creating Volume: /workdir/hadoop-ozone/ozonefs/target/test-dir/MiniOzoneClusterImpl-91d92c25-20d7-4a60-97d2-df3786b0ca5e/datanode-2/data/containers/hdds of  storage type : DISK and capacity : 1482555576320
2019-09-20 08:38:37,216 [Thread-1323] INFO  volume.VolumeSet (VolumeSet.java:initializeVolumeSet(170)) - Added Volume : /workdir/hadoop-ozone/ozonefs/target/test-dir/MiniOzoneClusterImpl-91d92c25-20d7-4a60-97d2-df3786b0ca5e/datanode-2/data/containers/hdds to VolumeSet
2019-09-20 08:38:37,216 [Thread-1323] INFO  volume.ThrottledAsyncChecker (ThrottledAsyncChecker.java:schedule(140)) - Scheduling a check for org.apache.hadoop.ozone.container.common.volume.HddsVolume@10d0c80c
2019-09-20 08:38:37,217 [Thread-1323] INFO  volume.HddsVolumeChecker (HddsVolumeChecker.java:checkAllVolumes(203)) - Scheduled health check for volume org.apache.hadoop.ozone.container.common.volume.HddsVolume@10d0c80c
2019-09-20 08:38:37,238 [Thread-1323] INFO  impl.RaftServerProxy (ConfUtils.java:logGet(43)) - raft.rpc.type = GRPC (default)
2019-09-20 08:38:37,238 [Thread-1323] INFO  grpc.GrpcFactory (GrpcFactory.java:checkPooledByteBufAllocatorUseCacheForAllThreads(45)) - PERFORMANCE WARNING: useCacheForAllThreads is true that may cause Netty to create a lot garbage objects and, as a result, trigger GC.
	It is recommended to disable useCacheForAllThreads by setting -Dorg.apache.ratis.thirdparty.io.netty.allocator.useCacheForAllThreads=false in command line.
2019-09-20 08:38:37,238 [Thread-1323] INFO  grpc.GrpcConfigKeys$Server (ConfUtils.java:logGet(43)) - raft.grpc.server.port = 0 (default)
2019-09-20 08:38:37,239 [Thread-1323] INFO  server.GrpcService (ConfUtils.java:logGet(43)) - raft.grpc.message.size.max = 33570816 (custom)
2019-09-20 08:38:37,239 [Thread-1323] INFO  server.RaftServerConfigKeys (ConfUtils.java:logGet(43)) - raft.server.log.appender.buffer.byte-limit = 33554432 (custom)
2019-09-20 08:38:37,239 [Thread-1323] INFO  server.GrpcService (ConfUtils.java:logGet(43)) - raft.grpc.flow.control.window = 1MB (=1048576) (default)
2019-09-20 08:38:37,239 [Thread-1323] INFO  server.RaftServerConfigKeys (ConfUtils.java:logGet(43)) - raft.server.rpc.request.timeout = 3000ms (default)
2019-09-20 08:38:37,239 [Thread-1323] INFO  server.RaftServerConfigKeys (ConfUtils.java:logGet(43)) - raft.server.storage.dir = [/workdir/hadoop-ozone/ozonefs/target/test-dir/MiniOzoneClusterImpl-91d92c25-20d7-4a60-97d2-df3786b0ca5e/datanode-2/data/ratis] (custom)
2019-09-20 08:38:37,240 [Thread-1323] INFO  replication.SimpleContainerDownloader (SimpleContainerDownloader.java:<init>(72)) - Starting container downloader service to copy containers to replicate.
2019-09-20 08:38:37,241 [Thread-1323] INFO  hdfs.DFSUtil (DFSUtil.java:httpServerTemplateForNNAndJN(1641)) - Starting Web-server for hddsDatanode at: http://0.0.0.0:0
2019-09-20 08:38:37,243 [Thread-1323] INFO  server.AuthenticationFilter (AuthenticationFilter.java:constructSecretProvider(240)) - Unable to initialize FileSignerSecretProvider, falling back to use random secrets.
2019-09-20 08:38:37,243 [Thread-1323] WARN  http.HttpRequestLog (HttpRequestLog.java:getRequestLog(97)) - Jetty request log can only be enabled using Log4j
2019-09-20 08:38:37,245 [Thread-1323] INFO  http.HttpServer2 (HttpServer2.java:addGlobalFilter(975)) - Added global filter 'safety' (class=org.apache.hadoop.http.HttpServer2$QuotingInputFilter)
2019-09-20 08:38:37,246 [Thread-1323] INFO  http.HttpServer2 (HttpServer2.java:addFilter(948)) - Added filter static_user_filter (class=org.apache.hadoop.http.lib.StaticUserWebFilter$StaticUserFilter) to context hddsDatanode
2019-09-20 08:38:37,246 [Thread-1323] INFO  http.HttpServer2 (HttpServer2.java:addFilter(958)) - Added filter static_user_filter (class=org.apache.hadoop.http.lib.StaticUserWebFilter$StaticUserFilter) to context static
2019-09-20 08:38:37,246 [Thread-1323] INFO  http.HttpServer2 (HttpServer2.java:addFilter(958)) - Added filter static_user_filter (class=org.apache.hadoop.http.lib.StaticUserWebFilter$StaticUserFilter) to context logs
2019-09-20 08:38:37,247 [Thread-1323] INFO  http.HttpServer2 (HttpServer2.java:bindListener(1191)) - Jetty bound to port 39657
2019-09-20 08:38:37,247 [Thread-1323] INFO  server.Server (Server.java:doStart(351)) - jetty-9.3.24.v20180605, build timestamp: 2018-06-05T17:11:56Z, git hash: 84205aa28f11a4f31f2a3b86d1bba2cc8ab69827
2019-09-20 08:38:37,250 [Thread-1323] INFO  handler.ContextHandler (ContextHandler.java:doStart(781)) - Started o.e.j.s.ServletContextHandler@2c60d726{/logs,file:///workdir/hadoop-ozone/ozonefs/target/log,AVAILABLE}
2019-09-20 08:38:37,250 [Thread-1323] INFO  handler.ContextHandler (ContextHandler.java:doStart(781)) - Started o.e.j.s.ServletContextHandler@349d51ae{/static,jar:file:/home/user/.m2/repository/org/apache/hadoop/hadoop-hdds-container-service/0.5.0-SNAPSHOT/hadoop-hdds-container-service-0.5.0-SNAPSHOT.jar!/webapps/static,AVAILABLE}
2019-09-20 08:38:37,286 [Thread-1323] INFO  handler.ContextHandler (ContextHandler.java:doStart(781)) - Started o.e.j.w.WebAppContext@f542317{/,file:///tmp/jetty-0.0.0.0-39657-hddsDatanode-_-any-1505353166006281612.dir/webapp/,AVAILABLE}{/hddsDatanode}
2019-09-20 08:38:37,287 [Thread-1323] INFO  server.AbstractConnector (AbstractConnector.java:doStart(278)) - Started ServerConnector@68e7a438{HTTP/1.1,[http/1.1]}{0.0.0.0:39657}
2019-09-20 08:38:37,290 [Thread-1323] INFO  server.Server (Server.java:doStart(419)) - Started @98791ms
2019-09-20 08:38:37,291 [Thread-1323] INFO  server.BaseHttpServer (BaseHttpServer.java:updateConnectorAddress(213)) - HTTP server of HDDSDATANODE is listening at http://0.0.0.0:39657
2019-09-20 08:38:37,421 | INFO  | ObjectStoreRestHttpServer | Listening HDDS REST traffic on /0.0.0.0:41873 |  
2019-09-20 08:38:37,421 [Thread-1323] INFO  ozone.HddsDatanodeService (HddsDatanodeService.java:startPlugins(395)) - Started plug-in org.apache.hadoop.ozone.web.OzoneHddsDatanodeService@78b12036
2019-09-20 08:38:37,422 [Thread-1323] INFO  ozone.MiniOzoneClusterImpl (MiniOzoneClusterImpl.java:lambda$waitForClusterToBeReady$0(142)) - Waiting for cluster to be ready. Got 0 of 3 DN Heartbeats.
2019-09-20 08:38:37,423 [org.apache.hadoop.util.JvmPauseMonitor$Monitor@2c840af0] INFO  util.JvmPauseMonitor (JvmPauseMonitor.java:run(188)) - Starting JVM pause monitor
2019-09-20 08:38:37,426 [Datanode State Machine Thread - 0] INFO  datanode.InitDatanodeState (InitDatanodeState.java:persistContainerDatanodeDetails(140)) - DatanodeDetails is persisted to /workdir/hadoop-ozone/ozonefs/target/test-dir/MiniOzoneClusterImpl-91d92c25-20d7-4a60-97d2-df3786b0ca5e/datanode-2/meta/datanode.id
2019-09-20 08:38:38,422 [Thread-1323] INFO  ozone.MiniOzoneClusterImpl (MiniOzoneClusterImpl.java:lambda$waitForClusterToBeReady$0(142)) - Waiting for cluster to be ready. Got 0 of 3 DN Heartbeats.
2019-09-20 08:38:38,951 | INFO  | SCMAudit | user=jenkins1000 | ip=192.168.36.79 | op=GET_VERSION null | ret=SUCCESS |  
2019-09-20 08:38:38,976 [Datanode State Machine Thread - 0] INFO  ozoneimpl.OzoneContainer (OzoneContainer.java:start(186)) - Attempting to start container services.
2019-09-20 08:38:38,976 [Datanode State Machine Thread - 0] INFO  ozoneimpl.OzoneContainer (OzoneContainer.java:startContainerScrub(160)) - Background container scrubber has been disabled by hdds.containerscrub.enabled
2019-09-20 08:38:38,976 [Datanode State Machine Thread - 0] INFO  ratis.XceiverServerRatis (XceiverServerRatis.java:start(404)) - Starting XceiverServerRatis 4c68c9f7-fd0b-45cb-be6c-07622c529b6d at port 0
2019-09-20 08:38:38,985 [Datanode State Machine Thread - 0] INFO  impl.RaftServerProxy (RaftServerProxy.java:lambda$start$3(299)) - 4c68c9f7-fd0b-45cb-be6c-07622c529b6d: start RPC server
2019-09-20 08:38:38,987 [Datanode State Machine Thread - 0] INFO  server.GrpcService (GrpcService.java:startImpl(149)) - 4c68c9f7-fd0b-45cb-be6c-07622c529b6d: GrpcService started, listening on 0.0.0.0/0.0.0.0:33530
2019-09-20 08:38:38,987 [Datanode State Machine Thread - 0] INFO  ratis.XceiverServerRatis (XceiverServerRatis.java:start(414)) - XceiverServerRatis 4c68c9f7-fd0b-45cb-be6c-07622c529b6d is started using port 33530
2019-09-20 08:38:38,989 [Datanode State Machine Thread - 0] INFO  server.XceiverServerGrpc (XceiverServerGrpc.java:start(163)) - XceiverServerGrpc 4c68c9f7-fd0b-45cb-be6c-07622c529b6d is started using port 35222
2019-09-20 08:38:39,208 | INFO  | SCMAudit | user=jenkins1000 | ip=192.168.36.79 | op=GET_VERSION null | ret=SUCCESS |  
2019-09-20 08:38:39,231 [Datanode State Machine Thread - 0] INFO  ozoneimpl.OzoneContainer (OzoneContainer.java:start(186)) - Attempting to start container services.
2019-09-20 08:38:39,231 [Datanode State Machine Thread - 0] INFO  ozoneimpl.OzoneContainer (OzoneContainer.java:startContainerScrub(160)) - Background container scrubber has been disabled by hdds.containerscrub.enabled
2019-09-20 08:38:39,232 [Datanode State Machine Thread - 0] INFO  ratis.XceiverServerRatis (XceiverServerRatis.java:start(404)) - Starting XceiverServerRatis 17688808-c4a5-475e-9b35-5fbd5f50591a at port 0
2019-09-20 08:38:39,241 [Datanode State Machine Thread - 0] INFO  impl.RaftServerProxy (RaftServerProxy.java:lambda$start$3(299)) - 17688808-c4a5-475e-9b35-5fbd5f50591a: start RPC server
2019-09-20 08:38:39,242 [Datanode State Machine Thread - 0] INFO  server.GrpcService (GrpcService.java:startImpl(149)) - 17688808-c4a5-475e-9b35-5fbd5f50591a: GrpcService started, listening on 0.0.0.0/0.0.0.0:42065
2019-09-20 08:38:39,242 [Datanode State Machine Thread - 0] INFO  ratis.XceiverServerRatis (XceiverServerRatis.java:start(414)) - XceiverServerRatis 17688808-c4a5-475e-9b35-5fbd5f50591a is started using port 42065
2019-09-20 08:38:39,243 [Datanode State Machine Thread - 0] INFO  server.XceiverServerGrpc (XceiverServerGrpc.java:start(163)) - XceiverServerGrpc 17688808-c4a5-475e-9b35-5fbd5f50591a is started using port 35550
2019-09-20 08:38:39,423 [Thread-1323] INFO  ozone.MiniOzoneClusterImpl (MiniOzoneClusterImpl.java:lambda$waitForClusterToBeReady$0(142)) - Waiting for cluster to be ready. Got 0 of 3 DN Heartbeats.
2019-09-20 08:38:39,424 | INFO  | SCMAudit | user=jenkins1000 | ip=192.168.36.79 | op=GET_VERSION null | ret=SUCCESS |  
2019-09-20 08:38:39,441 [Datanode State Machine Thread - 0] INFO  ozoneimpl.OzoneContainer (OzoneContainer.java:start(186)) - Attempting to start container services.
2019-09-20 08:38:39,441 [Datanode State Machine Thread - 0] INFO  ozoneimpl.OzoneContainer (OzoneContainer.java:startContainerScrub(160)) - Background container scrubber has been disabled by hdds.containerscrub.enabled
2019-09-20 08:38:39,441 [Datanode State Machine Thread - 0] INFO  ratis.XceiverServerRatis (XceiverServerRatis.java:start(404)) - Starting XceiverServerRatis 94e01da5-69fc-47f8-9cb6-206c4d0ff2c1 at port 0
2019-09-20 08:38:39,451 [Datanode State Machine Thread - 0] INFO  impl.RaftServerProxy (RaftServerProxy.java:lambda$start$3(299)) - 94e01da5-69fc-47f8-9cb6-206c4d0ff2c1: start RPC server
2019-09-20 08:38:39,452 [Datanode State Machine Thread - 0] INFO  server.GrpcService (GrpcService.java:startImpl(149)) - 94e01da5-69fc-47f8-9cb6-206c4d0ff2c1: GrpcService started, listening on 0.0.0.0/0.0.0.0:44839
2019-09-20 08:38:39,452 [Datanode State Machine Thread - 0] INFO  ratis.XceiverServerRatis (XceiverServerRatis.java:start(414)) - XceiverServerRatis 94e01da5-69fc-47f8-9cb6-206c4d0ff2c1 is started using port 44839
2019-09-20 08:38:39,452 [Datanode State Machine Thread - 0] INFO  server.XceiverServerGrpc (XceiverServerGrpc.java:start(163)) - XceiverServerGrpc 94e01da5-69fc-47f8-9cb6-206c4d0ff2c1 is started using port 32899
2019-09-20 08:38:40,423 [Thread-1323] INFO  ozone.MiniOzoneClusterImpl (MiniOzoneClusterImpl.java:lambda$waitForClusterToBeReady$0(142)) - Waiting for cluster to be ready. Got 0 of 3 DN Heartbeats.
2019-09-20 08:38:40,949 [IPC Server handler 0 on 32999] INFO  net.NetworkTopology (NetworkTopologyImpl.java:add(110)) - Added a new node: /default-rack/4c68c9f7-fd0b-45cb-be6c-07622c529b6d
2019-09-20 08:38:40,951 [IPC Server handler 0 on 32999] INFO  node.SCMNodeManager (SCMNodeManager.java:register(273)) - Registered Data node : 4c68c9f7-fd0b-45cb-be6c-07622c529b6d{ip: 192.168.36.79, host: pr-hdds-1569-s8kj2-2266485376, networkLocation: /default-rack, certSerialId: null}
2019-09-20 08:38:40,951 [EventQueue-NodeRegistrationContainerReportForDataNodeSafeModeRule] INFO  safemode.SCMSafeModeManager (DataNodeSafeModeRule.java:process(71)) - SCM in safe mode. 1 DataNodes registered, 1 required.
2019-09-20 08:38:40,951 | INFO  | SCMAudit | user=jenkins1000 | ip=192.168.36.79 | op=REGISTER {datanodeDetails=4c68c9f7-fd0b-45cb-be6c-07622c529b6d{ip: 192.168.36.79, host: pr-hdds-1569-s8kj2-2266485376, networkLocation: /default-rack, certSerialId: null}} | ret=SUCCESS |  
2019-09-20 08:38:40,953 [EventQueue-NodeRegistrationContainerReportForDataNodeSafeModeRule] INFO  safemode.SCMSafeModeManager (SCMSafeModeManager.java:validateSafeModeExitRules(177)) - ScmSafeModeManager, all rules are successfully validated
2019-09-20 08:38:40,953 [EventQueue-NodeRegistrationContainerReportForDataNodeSafeModeRule] INFO  safemode.SCMSafeModeManager (SCMSafeModeManager.java:exitSafeMode(193)) - SCM exiting safe mode.
2019-09-20 08:38:40,964 [grpc-default-executor-0] INFO  impl.RaftServerProxy (RaftServerProxy.java:addNew(89)) - 4c68c9f7-fd0b-45cb-be6c-07622c529b6d: addNew group-1AD41A5494B6:[4c68c9f7-fd0b-45cb-be6c-07622c529b6d:192.168.36.79:33530] returns group-1AD41A5494B6:java.util.concurrent.CompletableFuture@72e7fffe[Not completed]
2019-09-20 08:38:40,966 [pool-292-thread-1] INFO  impl.RaftServerImpl (RaftServerImpl.java:<init>(93)) - 4c68c9f7-fd0b-45cb-be6c-07622c529b6d: new RaftServerImpl for group-1AD41A5494B6:[4c68c9f7-fd0b-45cb-be6c-07622c529b6d:192.168.36.79:33530] with ContainerStateMachine:uninitialized
2019-09-20 08:38:40,966 [pool-292-thread-1] INFO  server.RaftServerConfigKeys (ConfUtils.java:logGet(43)) - raft.server.rpc.timeout.min = 5s (custom)
2019-09-20 08:38:40,966 [pool-292-thread-1] INFO  server.RaftServerConfigKeys (ConfUtils.java:logGet(43)) - raft.server.rpc.timeout.max = 5200ms (custom)
2019-09-20 08:38:40,966 [pool-292-thread-1] INFO  server.RaftServerConfigKeys (ConfUtils.java:logGet(43)) - raft.server.rpcslowness.timeout = 120s (custom)
2019-09-20 08:38:40,966 [pool-292-thread-1] INFO  server.RaftServerConfigKeys (ConfUtils.java:logGet(43)) - raft.server.sleep.deviation.threshold = 300 (default)
2019-09-20 08:38:40,966 [pool-292-thread-1] INFO  server.RaftServerConfigKeys (ConfUtils.java:logGet(43)) - raft.server.log.appender.install.snapshot.enabled = false (custom)
2019-09-20 08:38:40,967 [pool-292-thread-1] INFO  impl.RaftServerImpl (ServerState.java:<init>(105)) - 4c68c9f7-fd0b-45cb-be6c-07622c529b6d:group-1AD41A5494B6 ConfigurationManager, init=-1: [4c68c9f7-fd0b-45cb-be6c-07622c529b6d:192.168.36.79:33530], old=null, confs=<EMPTY_MAP>
2019-09-20 08:38:40,967 [pool-292-thread-1] INFO  server.RaftServerConfigKeys (ConfUtils.java:logGet(43)) - raft.server.storage.dir = [/workdir/hadoop-ozone/ozonefs/target/test-dir/MiniOzoneClusterImpl-91d92c25-20d7-4a60-97d2-df3786b0ca5e/datanode-0/data/ratis] (custom)
2019-09-20 08:38:40,967 [pool-292-thread-1] INFO  storage.RaftStorageDirectory (RaftStorageDirectory.java:analyzeStorage(246)) - The storage directory /workdir/hadoop-ozone/ozonefs/target/test-dir/MiniOzoneClusterImpl-91d92c25-20d7-4a60-97d2-df3786b0ca5e/datanode-0/data/ratis/924b4a90-99f7-4a4b-91ec-1ad41a5494b6 does not exist. Creating ...
2019-09-20 08:38:41,010 [pool-292-thread-1] INFO  storage.RaftStorageDirectory (RaftStorageDirectory.java:tryLock(328)) - Lock on /workdir/hadoop-ozone/ozonefs/target/test-dir/MiniOzoneClusterImpl-91d92c25-20d7-4a60-97d2-df3786b0ca5e/datanode-0/data/ratis/924b4a90-99f7-4a4b-91ec-1ad41a5494b6/in_use.lock acquired by nodename 25669@pr-hdds-1569-s8kj2-2266485376
2019-09-20 08:38:41,027 [pool-292-thread-1] INFO  storage.RaftStorage (RaftStorage.java:format(72)) - Storage directory /workdir/hadoop-ozone/ozonefs/target/test-dir/MiniOzoneClusterImpl-91d92c25-20d7-4a60-97d2-df3786b0ca5e/datanode-0/data/ratis/924b4a90-99f7-4a4b-91ec-1ad41a5494b6 has been successfully formatted.
2019-09-20 08:38:41,027 [pool-292-thread-1] INFO  ratis.ContainerStateMachine (ContainerStateMachine.java:loadSnapshot(226)) - group-1AD41A5494B6: The snapshot info is null. Setting the last applied indexto:(t:0, i:~)
2019-09-20 08:38:41,027 [pool-292-thread-1] INFO  server.RaftServerConfigKeys (ConfUtils.java:logGet(43)) - raft.server.leader.election.timeout = 120s (custom)
2019-09-20 08:38:41,028 [pool-292-thread-1] INFO  server.RaftServerConfigKeys (ConfUtils.java:logGet(43)) - raft.server.log.use.memory = false (default)
2019-09-20 08:38:41,028 [pool-292-thread-1] INFO  server.RaftServerConfigKeys (ConfUtils.java:logGet(43)) - raft.server.log.purge.gap = 1000000 (custom)
2019-09-20 08:38:41,028 [pool-292-thread-1] INFO  server.RaftServerConfigKeys (ConfUtils.java:logGet(43)) - raft.server.log.appender.buffer.byte-limit = 33554432 (custom)
2019-09-20 08:38:41,028 [pool-292-thread-1] INFO  server.RaftServerConfigKeys (ConfUtils.java:logGet(43)) - raft.server.log.segment.size.max = 1048576 (custom)
2019-09-20 08:38:41,028 [pool-292-thread-1] INFO  server.RaftServerConfigKeys (ConfUtils.java:logGet(43)) - raft.server.log.segment.cache.num.max = 2 (custom)
2019-09-20 08:38:41,028 [pool-292-thread-1] INFO  segmented.SegmentedRaftLogWorker (SegmentedRaftLogWorker.java:<init>(172)) - new 4c68c9f7-fd0b-45cb-be6c-07622c529b6d-SegmentedRaftLogWorker:Storage Directory /workdir/hadoop-ozone/ozonefs/target/test-dir/MiniOzoneClusterImpl-91d92c25-20d7-4a60-97d2-df3786b0ca5e/datanode-0/data/ratis/924b4a90-99f7-4a4b-91ec-1ad41a5494b6 for RaftStorage:Storage Directory /workdir/hadoop-ozone/ozonefs/target/test-dir/MiniOzoneClusterImpl-91d92c25-20d7-4a60-97d2-df3786b0ca5e/datanode-0/data/ratis/924b4a90-99f7-4a4b-91ec-1ad41a5494b6
2019-09-20 08:38:41,029 [pool-292-thread-1] INFO  server.RaftServerConfigKeys (ConfUtils.java:logGet(43)) - raft.server.log.queue.byte-limit = 2147483647 (custom)
2019-09-20 08:38:41,029 [pool-292-thread-1] INFO  server.RaftServerConfigKeys (ConfUtils.java:logGet(43)) - raft.server.log.queue.element-limit = 1024 (custom)
2019-09-20 08:38:41,029 [pool-292-thread-1] INFO  server.RaftServerConfigKeys (ConfUtils.java:logGet(43)) - raft.server.log.segment.size.max = 1048576 (custom)
2019-09-20 08:38:41,029 [pool-292-thread-1] INFO  server.RaftServerConfigKeys (ConfUtils.java:logGet(43)) - raft.server.log.preallocated.size = 16384 (custom)
2019-09-20 08:38:41,029 [pool-292-thread-1] INFO  server.RaftServerConfigKeys (ConfUtils.java:logGet(43)) - raft.server.log.write.buffer.size = 33554432 (custom)
2019-09-20 08:38:41,030 [pool-292-thread-1] INFO  server.RaftServerConfigKeys (ConfUtils.java:logGet(43)) - raft.server.log.force.sync.num = 128 (default)
2019-09-20 08:38:41,030 [pool-292-thread-1] INFO  server.RaftServerConfigKeys (ConfUtils.java:logGet(43)) - raft.server.log.statemachine.data.sync = true (default)
2019-09-20 08:38:41,030 [pool-292-thread-1] INFO  server.RaftServerConfigKeys (ConfUtils.java:logGet(43)) - raft.server.log.statemachine.data.sync.timeout = 10s (default)
2019-09-20 08:38:41,030 [pool-292-thread-1] INFO  server.RaftServerConfigKeys (ConfUtils.java:logGet(43)) - raft.server.log.statemachine.data.sync.timeout.retry = -1 (default)
2019-09-20 08:38:41,030 [pool-292-thread-1] INFO  server.RaftServerConfigKeys (ConfUtils.java:logGet(43)) - raft.server.log.statemachine.data.caching.enabled = true (custom)
2019-09-20 08:38:41,031 [pool-292-thread-1] INFO  segmented.SegmentedRaftLogWorker (SegmentedRaftLogWorker.java:lambda$new$0(132)) - 4c68c9f7-fd0b-45cb-be6c-07622c529b6d-SegmentedRaftLogWorker:Storage Directory /workdir/hadoop-ozone/ozonefs/target/test-dir/MiniOzoneClusterImpl-91d92c25-20d7-4a60-97d2-df3786b0ca5e/datanode-0/data/ratis/924b4a90-99f7-4a4b-91ec-1ad41a5494b6: flushIndex: setUnconditionally 0 -> -1
2019-09-20 08:38:41,031 [pool-292-thread-1] INFO  server.RaftServerConfigKeys (ConfUtils.java:logGet(43)) - raft.server.snapshot.auto.trigger.enabled = true (custom)
2019-09-20 08:38:41,031 [pool-292-thread-1] INFO  server.RaftServerConfigKeys (ConfUtils.java:logGet(43)) - raft.server.snapshot.auto.trigger.threshold = 10000 (custom)
2019-09-20 08:38:41,031 [pool-292-thread-1] INFO  server.RaftServerConfigKeys (ConfUtils.java:logGet(43)) - raft.server.retrycache.expirytime = 600000ms (custom)
2019-09-20 08:38:41,032 [pool-292-thread-1] INFO  impl.RaftServerImpl (RaftServerImpl.java:start(180)) - 4c68c9f7-fd0b-45cb-be6c-07622c529b6d: start group-1AD41A5494B6
2019-09-20 08:38:41,032 [pool-292-thread-1] INFO  impl.RaftServerImpl (RaftServerImpl.java:setRole(171)) - 4c68c9f7-fd0b-45cb-be6c-07622c529b6d:group-1AD41A5494B6 changes role from null to FOLLOWER at term 0 for startAsFollower
2019-09-20 08:38:41,032 [pool-292-thread-1] INFO  impl.RoleInfo (RoleInfo.java:updateAndGet(143)) - 4c68c9f7-fd0b-45cb-be6c-07622c529b6d: start FollowerState
2019-09-20 08:38:41,032 [pool-292-thread-1] INFO  util.JmxRegister (JmxRegister.java:tryRegister(44)) - Successfully registered JMX Bean with object name Ratis:service=RaftServer,group=group-1AD41A5494B6,id=4c68c9f7-fd0b-45cb-be6c-07622c529b6d
2019-09-20 08:38:41,036 [RatisPipelineUtilsThread] INFO  pipeline.PipelineStateManager (PipelineStateManager.java:addPipeline(56)) - Created pipeline Pipeline[ Id: 924b4a90-99f7-4a4b-91ec-1ad41a5494b6, Nodes: 4c68c9f7-fd0b-45cb-be6c-07622c529b6d{ip: 192.168.36.79, host: pr-hdds-1569-s8kj2-2266485376, networkLocation: /default-rack, certSerialId: null}, Type:RATIS, Factor:ONE, State:OPEN]
2019-09-20 08:38:41,042 [grpc-default-executor-0] INFO  impl.RaftServerProxy (RaftServerProxy.java:addNew(89)) - 4c68c9f7-fd0b-45cb-be6c-07622c529b6d: addNew group-D1F18BED0C6C:[4c68c9f7-fd0b-45cb-be6c-07622c529b6d:192.168.36.79:33530] returns group-D1F18BED0C6C:java.util.concurrent.CompletableFuture@43df0de9[Not completed]
2019-09-20 08:38:41,043 [pool-292-thread-1] INFO  impl.RaftServerImpl (RaftServerImpl.java:<init>(93)) - 4c68c9f7-fd0b-45cb-be6c-07622c529b6d: new RaftServerImpl for group-D1F18BED0C6C:[4c68c9f7-fd0b-45cb-be6c-07622c529b6d:192.168.36.79:33530] with ContainerStateMachine:uninitialized
2019-09-20 08:38:41,043 [pool-292-thread-1] INFO  server.RaftServerConfigKeys (ConfUtils.java:logGet(43)) - raft.server.rpc.timeout.min = 5s (custom)
2019-09-20 08:38:41,043 [pool-292-thread-1] INFO  server.RaftServerConfigKeys (ConfUtils.java:logGet(43)) - raft.server.rpc.timeout.max = 5200ms (custom)
2019-09-20 08:38:41,043 [pool-292-thread-1] INFO  server.RaftServerConfigKeys (ConfUtils.java:logGet(43)) - raft.server.rpcslowness.timeout = 120s (custom)
2019-09-20 08:38:41,043 [pool-292-thread-1] INFO  server.RaftServerConfigKeys (ConfUtils.java:logGet(43)) - raft.server.sleep.deviation.threshold = 300 (default)
2019-09-20 08:38:41,044 [pool-292-thread-1] INFO  server.RaftServerConfigKeys (ConfUtils.java:logGet(43)) - raft.server.log.appender.install.snapshot.enabled = false (custom)
2019-09-20 08:38:41,044 [pool-292-thread-1] INFO  impl.RaftServerImpl (ServerState.java:<init>(105)) - 4c68c9f7-fd0b-45cb-be6c-07622c529b6d:group-D1F18BED0C6C ConfigurationManager, init=-1: [4c68c9f7-fd0b-45cb-be6c-07622c529b6d:192.168.36.79:33530], old=null, confs=<EMPTY_MAP>
2019-09-20 08:38:41,044 [pool-292-thread-1] INFO  server.RaftServerConfigKeys (ConfUtils.java:logGet(43)) - raft.server.storage.dir = [/workdir/hadoop-ozone/ozonefs/target/test-dir/MiniOzoneClusterImpl-91d92c25-20d7-4a60-97d2-df3786b0ca5e/datanode-0/data/ratis] (custom)
2019-09-20 08:38:41,044 [pool-292-thread-1] INFO  storage.RaftStorageDirectory (RaftStorageDirectory.java:analyzeStorage(246)) - The storage directory /workdir/hadoop-ozone/ozonefs/target/test-dir/MiniOzoneClusterImpl-91d92c25-20d7-4a60-97d2-df3786b0ca5e/datanode-0/data/ratis/28d4ed47-5cb4-4e5f-a744-d1f18bed0c6c does not exist. Creating ...
2019-09-20 08:38:41,069 [pool-292-thread-1] INFO  storage.RaftStorageDirectory (RaftStorageDirectory.java:tryLock(328)) - Lock on /workdir/hadoop-ozone/ozonefs/target/test-dir/MiniOzoneClusterImpl-91d92c25-20d7-4a60-97d2-df3786b0ca5e/datanode-0/data/ratis/28d4ed47-5cb4-4e5f-a744-d1f18bed0c6c/in_use.lock acquired by nodename 25669@pr-hdds-1569-s8kj2-2266485376
2019-09-20 08:38:41,094 [pool-292-thread-1] INFO  storage.RaftStorage (RaftStorage.java:format(72)) - Storage directory /workdir/hadoop-ozone/ozonefs/target/test-dir/MiniOzoneClusterImpl-91d92c25-20d7-4a60-97d2-df3786b0ca5e/datanode-0/data/ratis/28d4ed47-5cb4-4e5f-a744-d1f18bed0c6c has been successfully formatted.
2019-09-20 08:38:41,095 [pool-292-thread-1] INFO  ratis.ContainerStateMachine (ContainerStateMachine.java:loadSnapshot(226)) - group-D1F18BED0C6C: The snapshot info is null. Setting the last applied indexto:(t:0, i:~)
2019-09-20 08:38:41,095 [pool-292-thread-1] INFO  server.RaftServerConfigKeys (ConfUtils.java:logGet(43)) - raft.server.leader.election.timeout = 120s (custom)
2019-09-20 08:38:41,095 [pool-292-thread-1] INFO  server.RaftServerConfigKeys (ConfUtils.java:logGet(43)) - raft.server.log.use.memory = false (default)
2019-09-20 08:38:41,095 [pool-292-thread-1] INFO  server.RaftServerConfigKeys (ConfUtils.java:logGet(43)) - raft.server.log.purge.gap = 1000000 (custom)
2019-09-20 08:38:41,095 [pool-292-thread-1] INFO  server.RaftServerConfigKeys (ConfUtils.java:logGet(43)) - raft.server.log.appender.buffer.byte-limit = 33554432 (custom)
2019-09-20 08:38:41,095 [pool-292-thread-1] INFO  server.RaftServerConfigKeys (ConfUtils.java:logGet(43)) - raft.server.log.segment.size.max = 1048576 (custom)
2019-09-20 08:38:41,095 [pool-292-thread-1] INFO  server.RaftServerConfigKeys (ConfUtils.java:logGet(43)) - raft.server.log.segment.cache.num.max = 2 (custom)
2019-09-20 08:38:41,096 [pool-292-thread-1] INFO  segmented.SegmentedRaftLogWorker (SegmentedRaftLogWorker.java:<init>(172)) - new 4c68c9f7-fd0b-45cb-be6c-07622c529b6d-SegmentedRaftLogWorker:Storage Directory /workdir/hadoop-ozone/ozonefs/target/test-dir/MiniOzoneClusterImpl-91d92c25-20d7-4a60-97d2-df3786b0ca5e/datanode-0/data/ratis/28d4ed47-5cb4-4e5f-a744-d1f18bed0c6c for RaftStorage:Storage Directory /workdir/hadoop-ozone/ozonefs/target/test-dir/MiniOzoneClusterImpl-91d92c25-20d7-4a60-97d2-df3786b0ca5e/datanode-0/data/ratis/28d4ed47-5cb4-4e5f-a744-d1f18bed0c6c
2019-09-20 08:38:41,096 [pool-292-thread-1] INFO  server.RaftServerConfigKeys (ConfUtils.java:logGet(43)) - raft.server.log.queue.byte-limit = 2147483647 (custom)
2019-09-20 08:38:41,096 [pool-292-thread-1] INFO  server.RaftServerConfigKeys (ConfUtils.java:logGet(43)) - raft.server.log.queue.element-limit = 1024 (custom)
2019-09-20 08:38:41,096 [pool-292-thread-1] INFO  server.RaftServerConfigKeys (ConfUtils.java:logGet(43)) - raft.server.log.segment.size.max = 1048576 (custom)
2019-09-20 08:38:41,096 [pool-292-thread-1] INFO  server.RaftServerConfigKeys (ConfUtils.java:logGet(43)) - raft.server.log.preallocated.size = 16384 (custom)
2019-09-20 08:38:41,096 [pool-292-thread-1] INFO  server.RaftServerConfigKeys (ConfUtils.java:logGet(43)) - raft.server.log.write.buffer.size = 33554432 (custom)
2019-09-20 08:38:41,096 [pool-292-thread-1] INFO  server.RaftServerConfigKeys (ConfUtils.java:logGet(43)) - raft.server.log.force.sync.num = 128 (default)
2019-09-20 08:38:41,096 [pool-292-thread-1] INFO  server.RaftServerConfigKeys (ConfUtils.java:logGet(43)) - raft.server.log.statemachine.data.sync = true (default)
2019-09-20 08:38:41,096 [pool-292-thread-1] INFO  server.RaftServerConfigKeys (ConfUtils.java:logGet(43)) - raft.server.log.statemachine.data.sync.timeout = 10s (default)
2019-09-20 08:38:41,096 [pool-292-thread-1] INFO  server.RaftServerConfigKeys (ConfUtils.java:logGet(43)) - raft.server.log.statemachine.data.sync.timeout.retry = -1 (default)
2019-09-20 08:38:41,097 [pool-292-thread-1] INFO  server.RaftServerConfigKeys (ConfUtils.java:logGet(43)) - raft.server.log.statemachine.data.caching.enabled = true (custom)
2019-09-20 08:38:41,097 [pool-292-thread-1] INFO  segmented.SegmentedRaftLogWorker (SegmentedRaftLogWorker.java:lambda$new$0(132)) - 4c68c9f7-fd0b-45cb-be6c-07622c529b6d-SegmentedRaftLogWorker:Storage Directory /workdir/hadoop-ozone/ozonefs/target/test-dir/MiniOzoneClusterImpl-91d92c25-20d7-4a60-97d2-df3786b0ca5e/datanode-0/data/ratis/28d4ed47-5cb4-4e5f-a744-d1f18bed0c6c: flushIndex: setUnconditionally 0 -> -1
2019-09-20 08:38:41,097 [pool-292-thread-1] INFO  server.RaftServerConfigKeys (ConfUtils.java:logGet(43)) - raft.server.snapshot.auto.trigger.enabled = true (custom)
2019-09-20 08:38:41,097 [pool-292-thread-1] INFO  server.RaftServerConfigKeys (ConfUtils.java:logGet(43)) - raft.server.snapshot.auto.trigger.threshold = 10000 (custom)
2019-09-20 08:38:41,097 [pool-292-thread-1] INFO  server.RaftServerConfigKeys (ConfUtils.java:logGet(43)) - raft.server.retrycache.expirytime = 600000ms (custom)
2019-09-20 08:38:41,098 [pool-292-thread-1] INFO  impl.RaftServerImpl (RaftServerImpl.java:start(180)) - 4c68c9f7-fd0b-45cb-be6c-07622c529b6d: start group-D1F18BED0C6C
2019-09-20 08:38:41,098 [pool-292-thread-1] INFO  impl.RaftServerImpl (RaftServerImpl.java:setRole(171)) - 4c68c9f7-fd0b-45cb-be6c-07622c529b6d:group-D1F18BED0C6C changes role from null to FOLLOWER at term 0 for startAsFollower
2019-09-20 08:38:41,098 [pool-292-thread-1] INFO  impl.RoleInfo (RoleInfo.java:updateAndGet(143)) - 4c68c9f7-fd0b-45cb-be6c-07622c529b6d: start FollowerState
2019-09-20 08:38:41,098 [pool-292-thread-1] INFO  util.JmxRegister (JmxRegister.java:tryRegister(44)) - Successfully registered JMX Bean with object name Ratis:service=RaftServer,group=group-D1F18BED0C6C,id=4c68c9f7-fd0b-45cb-be6c-07622c529b6d
2019-09-20 08:38:41,101 [RatisPipelineUtilsThread] INFO  pipeline.PipelineStateManager (PipelineStateManager.java:addPipeline(56)) - Created pipeline Pipeline[ Id: 28d4ed47-5cb4-4e5f-a744-d1f18bed0c6c, Nodes: 4c68c9f7-fd0b-45cb-be6c-07622c529b6d{ip: 192.168.36.79, host: pr-hdds-1569-s8kj2-2266485376, networkLocation: /default-rack, certSerialId: null}, Type:RATIS, Factor:ONE, State:OPEN]
2019-09-20 08:38:41,107 [grpc-default-executor-0] INFO  impl.RaftServerProxy (RaftServerProxy.java:addNew(89)) - 4c68c9f7-fd0b-45cb-be6c-07622c529b6d: addNew group-053B43A84ED8:[4c68c9f7-fd0b-45cb-be6c-07622c529b6d:192.168.36.79:33530] returns group-053B43A84ED8:java.util.concurrent.CompletableFuture@12c800b1[Not completed]
2019-09-20 08:38:41,108 [pool-292-thread-1] INFO  impl.RaftServerImpl (RaftServerImpl.java:<init>(93)) - 4c68c9f7-fd0b-45cb-be6c-07622c529b6d: new RaftServerImpl for group-053B43A84ED8:[4c68c9f7-fd0b-45cb-be6c-07622c529b6d:192.168.36.79:33530] with ContainerStateMachine:uninitialized
2019-09-20 08:38:41,108 [pool-292-thread-1] INFO  server.RaftServerConfigKeys (ConfUtils.java:logGet(43)) - raft.server.rpc.timeout.min = 5s (custom)
2019-09-20 08:38:41,108 [pool-292-thread-1] INFO  server.RaftServerConfigKeys (ConfUtils.java:logGet(43)) - raft.server.rpc.timeout.max = 5200ms (custom)
2019-09-20 08:38:41,108 [pool-292-thread-1] INFO  server.RaftServerConfigKeys (ConfUtils.java:logGet(43)) - raft.server.rpcslowness.timeout = 120s (custom)
2019-09-20 08:38:41,108 [pool-292-thread-1] INFO  server.RaftServerConfigKeys (ConfUtils.java:logGet(43)) - raft.server.sleep.deviation.threshold = 300 (default)
2019-09-20 08:38:41,108 [pool-292-thread-1] INFO  server.RaftServerConfigKeys (ConfUtils.java:logGet(43)) - raft.server.log.appender.install.snapshot.enabled = false (custom)
2019-09-20 08:38:41,108 [pool-292-thread-1] INFO  impl.RaftServerImpl (ServerState.java:<init>(105)) - 4c68c9f7-fd0b-45cb-be6c-07622c529b6d:group-053B43A84ED8 ConfigurationManager, init=-1: [4c68c9f7-fd0b-45cb-be6c-07622c529b6d:192.168.36.79:33530], old=null, confs=<EMPTY_MAP>
2019-09-20 08:38:41,109 [pool-292-thread-1] INFO  server.RaftServerConfigKeys (ConfUtils.java:logGet(43)) - raft.server.storage.dir = [/workdir/hadoop-ozone/ozonefs/target/test-dir/MiniOzoneClusterImpl-91d92c25-20d7-4a60-97d2-df3786b0ca5e/datanode-0/data/ratis] (custom)
2019-09-20 08:38:41,109 [pool-292-thread-1] INFO  storage.RaftStorageDirectory (RaftStorageDirectory.java:analyzeStorage(246)) - The storage directory /workdir/hadoop-ozone/ozonefs/target/test-dir/MiniOzoneClusterImpl-91d92c25-20d7-4a60-97d2-df3786b0ca5e/datanode-0/data/ratis/8bab4f84-497e-427a-9358-053b43a84ed8 does not exist. Creating ...
2019-09-20 08:38:41,128 [pool-292-thread-1] INFO  storage.RaftStorageDirectory (RaftStorageDirectory.java:tryLock(328)) - Lock on /workdir/hadoop-ozone/ozonefs/target/test-dir/MiniOzoneClusterImpl-91d92c25-20d7-4a60-97d2-df3786b0ca5e/datanode-0/data/ratis/8bab4f84-497e-427a-9358-053b43a84ed8/in_use.lock acquired by nodename 25669@pr-hdds-1569-s8kj2-2266485376
2019-09-20 08:38:41,153 [pool-292-thread-1] INFO  storage.RaftStorage (RaftStorage.java:format(72)) - Storage directory /workdir/hadoop-ozone/ozonefs/target/test-dir/MiniOzoneClusterImpl-91d92c25-20d7-4a60-97d2-df3786b0ca5e/datanode-0/data/ratis/8bab4f84-497e-427a-9358-053b43a84ed8 has been successfully formatted.
2019-09-20 08:38:41,154 [pool-292-thread-1] INFO  ratis.ContainerStateMachine (ContainerStateMachine.java:loadSnapshot(226)) - group-053B43A84ED8: The snapshot info is null. Setting the last applied indexto:(t:0, i:~)
2019-09-20 08:38:41,154 [pool-292-thread-1] INFO  server.RaftServerConfigKeys (ConfUtils.java:logGet(43)) - raft.server.leader.election.timeout = 120s (custom)
2019-09-20 08:38:41,154 [pool-292-thread-1] INFO  server.RaftServerConfigKeys (ConfUtils.java:logGet(43)) - raft.server.log.use.memory = false (default)
2019-09-20 08:38:41,154 [pool-292-thread-1] INFO  server.RaftServerConfigKeys (ConfUtils.java:logGet(43)) - raft.server.log.purge.gap = 1000000 (custom)
2019-09-20 08:38:41,154 [pool-292-thread-1] INFO  server.RaftServerConfigKeys (ConfUtils.java:logGet(43)) - raft.server.log.appender.buffer.byte-limit = 33554432 (custom)
2019-09-20 08:38:41,154 [pool-292-thread-1] INFO  server.RaftServerConfigKeys (ConfUtils.java:logGet(43)) - raft.server.log.segment.size.max = 1048576 (custom)
2019-09-20 08:38:41,154 [pool-292-thread-1] INFO  server.RaftServerConfigKeys (ConfUtils.java:logGet(43)) - raft.server.log.segment.cache.num.max = 2 (custom)
2019-09-20 08:38:41,155 [pool-292-thread-1] INFO  segmented.SegmentedRaftLogWorker (SegmentedRaftLogWorker.java:<init>(172)) - new 4c68c9f7-fd0b-45cb-be6c-07622c529b6d-SegmentedRaftLogWorker:Storage Directory /workdir/hadoop-ozone/ozonefs/target/test-dir/MiniOzoneClusterImpl-91d92c25-20d7-4a60-97d2-df3786b0ca5e/datanode-0/data/ratis/8bab4f84-497e-427a-9358-053b43a84ed8 for RaftStorage:Storage Directory /workdir/hadoop-ozone/ozonefs/target/test-dir/MiniOzoneClusterImpl-91d92c25-20d7-4a60-97d2-df3786b0ca5e/datanode-0/data/ratis/8bab4f84-497e-427a-9358-053b43a84ed8
2019-09-20 08:38:41,155 [pool-292-thread-1] INFO  server.RaftServerConfigKeys (ConfUtils.java:logGet(43)) - raft.server.log.queue.byte-limit = 2147483647 (custom)
2019-09-20 08:38:41,155 [pool-292-thread-1] INFO  server.RaftServerConfigKeys (ConfUtils.java:logGet(43)) - raft.server.log.queue.element-limit = 1024 (custom)
2019-09-20 08:38:41,155 [pool-292-thread-1] INFO  server.RaftServerConfigKeys (ConfUtils.java:logGet(43)) - raft.server.log.segment.size.max = 1048576 (custom)
2019-09-20 08:38:41,155 [pool-292-thread-1] INFO  server.RaftServerConfigKeys (ConfUtils.java:logGet(43)) - raft.server.log.preallocated.size = 16384 (custom)
2019-09-20 08:38:41,155 [pool-292-thread-1] INFO  server.RaftServerConfigKeys (ConfUtils.java:logGet(43)) - raft.server.log.write.buffer.size = 33554432 (custom)
2019-09-20 08:38:41,155 [pool-292-thread-1] INFO  server.RaftServerConfigKeys (ConfUtils.java:logGet(43)) - raft.server.log.force.sync.num = 128 (default)
2019-09-20 08:38:41,155 [pool-292-thread-1] INFO  server.RaftServerConfigKeys (ConfUtils.java:logGet(43)) - raft.server.log.statemachine.data.sync = true (default)
2019-09-20 08:38:41,155 [pool-292-thread-1] INFO  server.RaftServerConfigKeys (ConfUtils.java:logGet(43)) - raft.server.log.statemachine.data.sync.timeout = 10s (default)
2019-09-20 08:38:41,155 [pool-292-thread-1] INFO  server.RaftServerConfigKeys (ConfUtils.java:logGet(43)) - raft.server.log.statemachine.data.sync.timeout.retry = -1 (default)
2019-09-20 08:38:41,156 [pool-292-thread-1] INFO  server.RaftServerConfigKeys (ConfUtils.java:logGet(43)) - raft.server.log.statemachine.data.caching.enabled = true (custom)
2019-09-20 08:38:41,156 [pool-292-thread-1] INFO  segmented.SegmentedRaftLogWorker (SegmentedRaftLogWorker.java:lambda$new$0(132)) - 4c68c9f7-fd0b-45cb-be6c-07622c529b6d-SegmentedRaftLogWorker:Storage Directory /workdir/hadoop-ozone/ozonefs/target/test-dir/MiniOzoneClusterImpl-91d92c25-20d7-4a60-97d2-df3786b0ca5e/datanode-0/data/ratis/8bab4f84-497e-427a-9358-053b43a84ed8: flushIndex: setUnconditionally 0 -> -1
2019-09-20 08:38:41,156 [pool-292-thread-1] INFO  server.RaftServerConfigKeys (ConfUtils.java:logGet(43)) - raft.server.snapshot.auto.trigger.enabled = true (custom)
2019-09-20 08:38:41,156 [pool-292-thread-1] INFO  server.RaftServerConfigKeys (ConfUtils.java:logGet(43)) - raft.server.snapshot.auto.trigger.threshold = 10000 (custom)
2019-09-20 08:38:41,156 [pool-292-thread-1] INFO  server.RaftServerConfigKeys (ConfUtils.java:logGet(43)) - raft.server.retrycache.expirytime = 600000ms (custom)
2019-09-20 08:38:41,156 [pool-292-thread-1] INFO  impl.RaftServerImpl (RaftServerImpl.java:start(180)) - 4c68c9f7-fd0b-45cb-be6c-07622c529b6d: start group-053B43A84ED8
2019-09-20 08:38:41,157 [pool-292-thread-1] INFO  impl.RaftServerImpl (RaftServerImpl.java:setRole(171)) - 4c68c9f7-fd0b-45cb-be6c-07622c529b6d:group-053B43A84ED8 changes role from null to FOLLOWER at term 0 for startAsFollower
2019-09-20 08:38:41,157 [pool-292-thread-1] INFO  impl.RoleInfo (RoleInfo.java:updateAndGet(143)) - 4c68c9f7-fd0b-45cb-be6c-07622c529b6d: start FollowerState
2019-09-20 08:38:41,157 [pool-292-thread-1] INFO  util.JmxRegister (JmxRegister.java:tryRegister(44)) - Successfully registered JMX Bean with object name Ratis:service=RaftServer,group=group-053B43A84ED8,id=4c68c9f7-fd0b-45cb-be6c-07622c529b6d
2019-09-20 08:38:41,160 [RatisPipelineUtilsThread] INFO  pipeline.PipelineStateManager (PipelineStateManager.java:addPipeline(56)) - Created pipeline Pipeline[ Id: 8bab4f84-497e-427a-9358-053b43a84ed8, Nodes: 4c68c9f7-fd0b-45cb-be6c-07622c529b6d{ip: 192.168.36.79, host: pr-hdds-1569-s8kj2-2266485376, networkLocation: /default-rack, certSerialId: null}, Type:RATIS, Factor:ONE, State:OPEN]
2019-09-20 08:38:41,166 [grpc-default-executor-0] INFO  impl.RaftServerProxy (RaftServerProxy.java:addNew(89)) - 4c68c9f7-fd0b-45cb-be6c-07622c529b6d: addNew group-7673CA358757:[4c68c9f7-fd0b-45cb-be6c-07622c529b6d:192.168.36.79:33530] returns group-7673CA358757:java.util.concurrent.CompletableFuture@7356d127[Not completed]
2019-09-20 08:38:41,167 [pool-292-thread-1] INFO  impl.RaftServerImpl (RaftServerImpl.java:<init>(93)) - 4c68c9f7-fd0b-45cb-be6c-07622c529b6d: new RaftServerImpl for group-7673CA358757:[4c68c9f7-fd0b-45cb-be6c-07622c529b6d:192.168.36.79:33530] with ContainerStateMachine:uninitialized
2019-09-20 08:38:41,167 [pool-292-thread-1] INFO  server.RaftServerConfigKeys (ConfUtils.java:logGet(43)) - raft.server.rpc.timeout.min = 5s (custom)
2019-09-20 08:38:41,167 [pool-292-thread-1] INFO  server.RaftServerConfigKeys (ConfUtils.java:logGet(43)) - raft.server.rpc.timeout.max = 5200ms (custom)
2019-09-20 08:38:41,167 [pool-292-thread-1] INFO  server.RaftServerConfigKeys (ConfUtils.java:logGet(43)) - raft.server.rpcslowness.timeout = 120s (custom)
2019-09-20 08:38:41,167 [pool-292-thread-1] INFO  server.RaftServerConfigKeys (ConfUtils.java:logGet(43)) - raft.server.sleep.deviation.threshold = 300 (default)
2019-09-20 08:38:41,167 [pool-292-thread-1] INFO  server.RaftServerConfigKeys (ConfUtils.java:logGet(43)) - raft.server.log.appender.install.snapshot.enabled = false (custom)
2019-09-20 08:38:41,167 [pool-292-thread-1] INFO  impl.RaftServerImpl (ServerState.java:<init>(105)) - 4c68c9f7-fd0b-45cb-be6c-07622c529b6d:group-7673CA358757 ConfigurationManager, init=-1: [4c68c9f7-fd0b-45cb-be6c-07622c529b6d:192.168.36.79:33530], old=null, confs=<EMPTY_MAP>
2019-09-20 08:38:41,167 [pool-292-thread-1] INFO  server.RaftServerConfigKeys (ConfUtils.java:logGet(43)) - raft.server.storage.dir = [/workdir/hadoop-ozone/ozonefs/target/test-dir/MiniOzoneClusterImpl-91d92c25-20d7-4a60-97d2-df3786b0ca5e/datanode-0/data/ratis] (custom)
2019-09-20 08:38:41,168 [pool-292-thread-1] INFO  storage.RaftStorageDirectory (RaftStorageDirectory.java:analyzeStorage(246)) - The storage directory /workdir/hadoop-ozone/ozonefs/target/test-dir/MiniOzoneClusterImpl-91d92c25-20d7-4a60-97d2-df3786b0ca5e/datanode-0/data/ratis/7ac71341-d539-4497-aed1-7673ca358757 does not exist. Creating ...
2019-09-20 08:38:41,195 [pool-292-thread-1] INFO  storage.RaftStorageDirectory (RaftStorageDirectory.java:tryLock(328)) - Lock on /workdir/hadoop-ozone/ozonefs/target/test-dir/MiniOzoneClusterImpl-91d92c25-20d7-4a60-97d2-df3786b0ca5e/datanode-0/data/ratis/7ac71341-d539-4497-aed1-7673ca358757/in_use.lock acquired by nodename 25669@pr-hdds-1569-s8kj2-2266485376
2019-09-20 08:38:41,209 [IPC Server handler 1 on 32999] INFO  net.NetworkTopology (NetworkTopologyImpl.java:add(110)) - Added a new node: /default-rack/17688808-c4a5-475e-9b35-5fbd5f50591a
2019-09-20 08:38:41,209 [IPC Server handler 1 on 32999] INFO  node.SCMNodeManager (SCMNodeManager.java:register(273)) - Registered Data node : 17688808-c4a5-475e-9b35-5fbd5f50591a{ip: 192.168.36.79, host: pr-hdds-1569-s8kj2-2266485376, networkLocation: /default-rack, certSerialId: null}
2019-09-20 08:38:41,209 | INFO  | SCMAudit | user=jenkins1000 | ip=192.168.36.79 | op=REGISTER {datanodeDetails=17688808-c4a5-475e-9b35-5fbd5f50591a{ip: 192.168.36.79, host: pr-hdds-1569-s8kj2-2266485376, networkLocation: /default-rack, certSerialId: null}} | ret=SUCCESS |  
2019-09-20 08:38:41,221 [pool-292-thread-1] INFO  storage.RaftStorage (RaftStorage.java:format(72)) - Storage directory /workdir/hadoop-ozone/ozonefs/target/test-dir/MiniOzoneClusterImpl-91d92c25-20d7-4a60-97d2-df3786b0ca5e/datanode-0/data/ratis/7ac71341-d539-4497-aed1-7673ca358757 has been successfully formatted.
2019-09-20 08:38:41,221 [pool-292-thread-1] INFO  ratis.ContainerStateMachine (ContainerStateMachine.java:loadSnapshot(226)) - group-7673CA358757: The snapshot info is null. Setting the last applied indexto:(t:0, i:~)
2019-09-20 08:38:41,221 [pool-292-thread-1] INFO  server.RaftServerConfigKeys (ConfUtils.java:logGet(43)) - raft.server.leader.election.timeout = 120s (custom)
2019-09-20 08:38:41,221 [pool-292-thread-1] INFO  server.RaftServerConfigKeys (ConfUtils.java:logGet(43)) - raft.server.log.use.memory = false (default)
2019-09-20 08:38:41,222 [pool-292-thread-1] INFO  server.RaftServerConfigKeys (ConfUtils.java:logGet(43)) - raft.server.log.purge.gap = 1000000 (custom)
2019-09-20 08:38:41,222 [pool-292-thread-1] INFO  server.RaftServerConfigKeys (ConfUtils.java:logGet(43)) - raft.server.log.appender.buffer.byte-limit = 33554432 (custom)
2019-09-20 08:38:41,222 [pool-292-thread-1] INFO  server.RaftServerConfigKeys (ConfUtils.java:logGet(43)) - raft.server.log.segment.size.max = 1048576 (custom)
2019-09-20 08:38:41,222 [pool-292-thread-1] INFO  server.RaftServerConfigKeys (ConfUtils.java:logGet(43)) - raft.server.log.segment.cache.num.max = 2 (custom)
2019-09-20 08:38:41,222 [pool-292-thread-1] INFO  segmented.SegmentedRaftLogWorker (SegmentedRaftLogWorker.java:<init>(172)) - new 4c68c9f7-fd0b-45cb-be6c-07622c529b6d-SegmentedRaftLogWorker:Storage Directory /workdir/hadoop-ozone/ozonefs/target/test-dir/MiniOzoneClusterImpl-91d92c25-20d7-4a60-97d2-df3786b0ca5e/datanode-0/data/ratis/7ac71341-d539-4497-aed1-7673ca358757 for RaftStorage:Storage Directory /workdir/hadoop-ozone/ozonefs/target/test-dir/MiniOzoneClusterImpl-91d92c25-20d7-4a60-97d2-df3786b0ca5e/datanode-0/data/ratis/7ac71341-d539-4497-aed1-7673ca358757
2019-09-20 08:38:41,222 [pool-292-thread-1] INFO  server.RaftServerConfigKeys (ConfUtils.java:logGet(43)) - raft.server.log.queue.byte-limit = 2147483647 (custom)
2019-09-20 08:38:41,222 [pool-292-thread-1] INFO  server.RaftServerConfigKeys (ConfUtils.java:logGet(43)) - raft.server.log.queue.element-limit = 1024 (custom)
2019-09-20 08:38:41,222 [pool-292-thread-1] INFO  server.RaftServerConfigKeys (ConfUtils.java:logGet(43)) - raft.server.log.segment.size.max = 1048576 (custom)
2019-09-20 08:38:41,222 [pool-292-thread-1] INFO  server.RaftServerConfigKeys (ConfUtils.java:logGet(43)) - raft.server.log.preallocated.size = 16384 (custom)
2019-09-20 08:38:41,222 [pool-292-thread-1] INFO  server.RaftServerConfigKeys (ConfUtils.java:logGet(43)) - raft.server.log.write.buffer.size = 33554432 (custom)
2019-09-20 08:38:41,223 [pool-292-thread-1] INFO  server.RaftServerConfigKeys (ConfUtils.java:logGet(43)) - raft.server.log.force.sync.num = 128 (default)
2019-09-20 08:38:41,223 [pool-292-thread-1] INFO  server.RaftServerConfigKeys (ConfUtils.java:logGet(43)) - raft.server.log.statemachine.data.sync = true (default)
2019-09-20 08:38:41,223 [pool-292-thread-1] INFO  server.RaftServerConfigKeys (ConfUtils.java:logGet(43)) - raft.server.log.statemachine.data.sync.timeout = 10s (default)
2019-09-20 08:38:41,223 [pool-292-thread-1] INFO  server.RaftServerConfigKeys (ConfUtils.java:logGet(43)) - raft.server.log.statemachine.data.sync.timeout.retry = -1 (default)
2019-09-20 08:38:41,223 [pool-292-thread-1] INFO  server.RaftServerConfigKeys (ConfUtils.java:logGet(43)) - raft.server.log.statemachine.data.caching.enabled = true (custom)
2019-09-20 08:38:41,223 [pool-292-thread-1] INFO  segmented.SegmentedRaftLogWorker (SegmentedRaftLogWorker.java:lambda$new$0(132)) - 4c68c9f7-fd0b-45cb-be6c-07622c529b6d-SegmentedRaftLogWorker:Storage Directory /workdir/hadoop-ozone/ozonefs/target/test-dir/MiniOzoneClusterImpl-91d92c25-20d7-4a60-97d2-df3786b0ca5e/datanode-0/data/ratis/7ac71341-d539-4497-aed1-7673ca358757: flushIndex: setUnconditionally 0 -> -1
2019-09-20 08:38:41,223 [pool-292-thread-1] INFO  server.RaftServerConfigKeys (ConfUtils.java:logGet(43)) - raft.server.snapshot.auto.trigger.enabled = true (custom)
2019-09-20 08:38:41,224 [pool-292-thread-1] INFO  server.RaftServerConfigKeys (ConfUtils.java:logGet(43)) - raft.server.snapshot.auto.trigger.threshold = 10000 (custom)
2019-09-20 08:38:41,224 [pool-292-thread-1] INFO  server.RaftServerConfigKeys (ConfUtils.java:logGet(43)) - raft.server.retrycache.expirytime = 600000ms (custom)
2019-09-20 08:38:41,224 [pool-292-thread-1] INFO  impl.RaftServerImpl (RaftServerImpl.java:start(180)) - 4c68c9f7-fd0b-45cb-be6c-07622c529b6d: start group-7673CA358757
2019-09-20 08:38:41,224 [pool-292-thread-1] INFO  impl.RaftServerImpl (RaftServerImpl.java:setRole(171)) - 4c68c9f7-fd0b-45cb-be6c-07622c529b6d:group-7673CA358757 changes role from null to FOLLOWER at term 0 for startAsFollower
2019-09-20 08:38:41,224 [pool-292-thread-1] INFO  impl.RoleInfo (RoleInfo.java:updateAndGet(143)) - 4c68c9f7-fd0b-45cb-be6c-07622c529b6d: start FollowerState
2019-09-20 08:38:41,224 [pool-292-thread-1] INFO  util.JmxRegister (JmxRegister.java:tryRegister(44)) - Successfully registered JMX Bean with object name Ratis:service=RaftServer,group=group-7673CA358757,id=4c68c9f7-fd0b-45cb-be6c-07622c529b6d
2019-09-20 08:38:41,227 [RatisPipelineUtilsThread] INFO  pipeline.PipelineStateManager (PipelineStateManager.java:addPipeline(56)) - Created pipeline Pipeline[ Id: 7ac71341-d539-4497-aed1-7673ca358757, Nodes: 4c68c9f7-fd0b-45cb-be6c-07622c529b6d{ip: 192.168.36.79, host: pr-hdds-1569-s8kj2-2266485376, networkLocation: /default-rack, certSerialId: null}, Type:RATIS, Factor:ONE, State:OPEN]
2019-09-20 08:38:41,232 [grpc-default-executor-0] INFO  impl.RaftServerProxy (RaftServerProxy.java:addNew(89)) - 4c68c9f7-fd0b-45cb-be6c-07622c529b6d: addNew group-409BA5F17854:[4c68c9f7-fd0b-45cb-be6c-07622c529b6d:192.168.36.79:33530] returns group-409BA5F17854:java.util.concurrent.CompletableFuture@1686fec0[Not completed]
2019-09-20 08:38:41,233 [pool-292-thread-1] INFO  impl.RaftServerImpl (RaftServerImpl.java:<init>(93)) - 4c68c9f7-fd0b-45cb-be6c-07622c529b6d: new RaftServerImpl for group-409BA5F17854:[4c68c9f7-fd0b-45cb-be6c-07622c529b6d:192.168.36.79:33530] with ContainerStateMachine:uninitialized
2019-09-20 08:38:41,233 [pool-292-thread-1] INFO  server.RaftServerConfigKeys (ConfUtils.java:logGet(43)) - raft.server.rpc.timeout.min = 5s (custom)
2019-09-20 08:38:41,233 [pool-292-thread-1] INFO  server.RaftServerConfigKeys (ConfUtils.java:logGet(43)) - raft.server.rpc.timeout.max = 5200ms (custom)
2019-09-20 08:38:41,233 [pool-292-thread-1] INFO  server.RaftServerConfigKeys (ConfUtils.java:logGet(43)) - raft.server.rpcslowness.timeout = 120s (custom)
2019-09-20 08:38:41,233 [pool-292-thread-1] INFO  server.RaftServerConfigKeys (ConfUtils.java:logGet(43)) - raft.server.sleep.deviation.threshold = 300 (default)
2019-09-20 08:38:41,233 [pool-292-thread-1] INFO  server.RaftServerConfigKeys (ConfUtils.java:logGet(43)) - raft.server.log.appender.install.snapshot.enabled = false (custom)
2019-09-20 08:38:41,233 [pool-292-thread-1] INFO  impl.RaftServerImpl (ServerState.java:<init>(105)) - 4c68c9f7-fd0b-45cb-be6c-07622c529b6d:group-409BA5F17854 ConfigurationManager, init=-1: [4c68c9f7-fd0b-45cb-be6c-07622c529b6d:192.168.36.79:33530], old=null, confs=<EMPTY_MAP>
2019-09-20 08:38:41,233 [pool-292-thread-1] INFO  server.RaftServerConfigKeys (ConfUtils.java:logGet(43)) - raft.server.storage.dir = [/workdir/hadoop-ozone/ozonefs/target/test-dir/MiniOzoneClusterImpl-91d92c25-20d7-4a60-97d2-df3786b0ca5e/datanode-0/data/ratis] (custom)
2019-09-20 08:38:41,234 [pool-292-thread-1] INFO  storage.RaftStorageDirectory (RaftStorageDirectory.java:analyzeStorage(246)) - The storage directory /workdir/hadoop-ozone/ozonefs/target/test-dir/MiniOzoneClusterImpl-91d92c25-20d7-4a60-97d2-df3786b0ca5e/datanode-0/data/ratis/cb3a9992-ca30-4ea1-a01f-409ba5f17854 does not exist. Creating ...
2019-09-20 08:38:41,280 [pool-292-thread-1] INFO  storage.RaftStorageDirectory (RaftStorageDirectory.java:tryLock(328)) - Lock on /workdir/hadoop-ozone/ozonefs/target/test-dir/MiniOzoneClusterImpl-91d92c25-20d7-4a60-97d2-df3786b0ca5e/datanode-0/data/ratis/cb3a9992-ca30-4ea1-a01f-409ba5f17854/in_use.lock acquired by nodename 25669@pr-hdds-1569-s8kj2-2266485376
2019-09-20 08:38:41,305 [pool-292-thread-1] INFO  storage.RaftStorage (RaftStorage.java:format(72)) - Storage directory /workdir/hadoop-ozone/ozonefs/target/test-dir/MiniOzoneClusterImpl-91d92c25-20d7-4a60-97d2-df3786b0ca5e/datanode-0/data/ratis/cb3a9992-ca30-4ea1-a01f-409ba5f17854 has been successfully formatted.
2019-09-20 08:38:41,305 [pool-292-thread-1] INFO  ratis.ContainerStateMachine (ContainerStateMachine.java:loadSnapshot(226)) - group-409BA5F17854: The snapshot info is null. Setting the last applied indexto:(t:0, i:~)
2019-09-20 08:38:41,305 [pool-292-thread-1] INFO  server.RaftServerConfigKeys (ConfUtils.java:logGet(43)) - raft.server.leader.election.timeout = 120s (custom)
2019-09-20 08:38:41,305 [pool-292-thread-1] INFO  server.RaftServerConfigKeys (ConfUtils.java:logGet(43)) - raft.server.log.use.memory = false (default)
2019-09-20 08:38:41,306 [pool-292-thread-1] INFO  server.RaftServerConfigKeys (ConfUtils.java:logGet(43)) - raft.server.log.purge.gap = 1000000 (custom)
2019-09-20 08:38:41,306 [pool-292-thread-1] INFO  server.RaftServerConfigKeys (ConfUtils.java:logGet(43)) - raft.server.log.appender.buffer.byte-limit = 33554432 (custom)
2019-09-20 08:38:41,306 [pool-292-thread-1] INFO  server.RaftServerConfigKeys (ConfUtils.java:logGet(43)) - raft.server.log.segment.size.max = 1048576 (custom)
2019-09-20 08:38:41,306 [pool-292-thread-1] INFO  server.RaftServerConfigKeys (ConfUtils.java:logGet(43)) - raft.server.log.segment.cache.num.max = 2 (custom)
2019-09-20 08:38:41,306 [pool-292-thread-1] INFO  segmented.SegmentedRaftLogWorker (SegmentedRaftLogWorker.java:<init>(172)) - new 4c68c9f7-fd0b-45cb-be6c-07622c529b6d-SegmentedRaftLogWorker:Storage Directory /workdir/hadoop-ozone/ozonefs/target/test-dir/MiniOzoneClusterImpl-91d92c25-20d7-4a60-97d2-df3786b0ca5e/datanode-0/data/ratis/cb3a9992-ca30-4ea1-a01f-409ba5f17854 for RaftStorage:Storage Directory /workdir/hadoop-ozone/ozonefs/target/test-dir/MiniOzoneClusterImpl-91d92c25-20d7-4a60-97d2-df3786b0ca5e/datanode-0/data/ratis/cb3a9992-ca30-4ea1-a01f-409ba5f17854
2019-09-20 08:38:41,306 [pool-292-thread-1] INFO  server.RaftServerConfigKeys (ConfUtils.java:logGet(43)) - raft.server.log.queue.byte-limit = 2147483647 (custom)
2019-09-20 08:38:41,306 [pool-292-thread-1] INFO  server.RaftServerConfigKeys (ConfUtils.java:logGet(43)) - raft.server.log.queue.element-limit = 1024 (custom)
2019-09-20 08:38:41,306 [pool-292-thread-1] INFO  server.RaftServerConfigKeys (ConfUtils.java:logGet(43)) - raft.server.log.segment.size.max = 1048576 (custom)
2019-09-20 08:38:41,306 [pool-292-thread-1] INFO  server.RaftServerConfigKeys (ConfUtils.java:logGet(43)) - raft.server.log.preallocated.size = 16384 (custom)
2019-09-20 08:38:41,306 [pool-292-thread-1] INFO  server.RaftServerConfigKeys (ConfUtils.java:logGet(43)) - raft.server.log.write.buffer.size = 33554432 (custom)
2019-09-20 08:38:41,307 [pool-292-thread-1] INFO  server.RaftServerConfigKeys (ConfUtils.java:logGet(43)) - raft.server.log.force.sync.num = 128 (default)
2019-09-20 08:38:41,307 [pool-292-thread-1] INFO  server.RaftServerConfigKeys (ConfUtils.java:logGet(43)) - raft.server.log.statemachine.data.sync = true (default)
2019-09-20 08:38:41,307 [pool-292-thread-1] INFO  server.RaftServerConfigKeys (ConfUtils.java:logGet(43)) - raft.server.log.statemachine.data.sync.timeout = 10s (default)
2019-09-20 08:38:41,307 [pool-292-thread-1] INFO  server.RaftServerConfigKeys (ConfUtils.java:logGet(43)) - raft.server.log.statemachine.data.sync.timeout.retry = -1 (default)
2019-09-20 08:38:41,307 [pool-292-thread-1] INFO  server.RaftServerConfigKeys (ConfUtils.java:logGet(43)) - raft.server.log.statemachine.data.caching.enabled = true (custom)
2019-09-20 08:38:41,307 [pool-292-thread-1] INFO  segmented.SegmentedRaftLogWorker (SegmentedRaftLogWorker.java:lambda$new$0(132)) - 4c68c9f7-fd0b-45cb-be6c-07622c529b6d-SegmentedRaftLogWorker:Storage Directory /workdir/hadoop-ozone/ozonefs/target/test-dir/MiniOzoneClusterImpl-91d92c25-20d7-4a60-97d2-df3786b0ca5e/datanode-0/data/ratis/cb3a9992-ca30-4ea1-a01f-409ba5f17854: flushIndex: setUnconditionally 0 -> -1
2019-09-20 08:38:41,307 [pool-292-thread-1] INFO  server.RaftServerConfigKeys (ConfUtils.java:logGet(43)) - raft.server.snapshot.auto.trigger.enabled = true (custom)
2019-09-20 08:38:41,308 [pool-292-thread-1] INFO  server.RaftServerConfigKeys (ConfUtils.java:logGet(43)) - raft.server.snapshot.auto.trigger.threshold = 10000 (custom)
2019-09-20 08:38:41,308 [pool-292-thread-1] INFO  server.RaftServerConfigKeys (ConfUtils.java:logGet(43)) - raft.server.retrycache.expirytime = 600000ms (custom)
2019-09-20 08:38:41,308 [pool-292-thread-1] INFO  impl.RaftServerImpl (RaftServerImpl.java:start(180)) - 4c68c9f7-fd0b-45cb-be6c-07622c529b6d: start group-409BA5F17854
2019-09-20 08:38:41,308 [pool-292-thread-1] INFO  impl.RaftServerImpl (RaftServerImpl.java:setRole(171)) - 4c68c9f7-fd0b-45cb-be6c-07622c529b6d:group-409BA5F17854 changes role from null to FOLLOWER at term 0 for startAsFollower
2019-09-20 08:38:41,308 [pool-292-thread-1] INFO  impl.RoleInfo (RoleInfo.java:updateAndGet(143)) - 4c68c9f7-fd0b-45cb-be6c-07622c529b6d: start FollowerState
2019-09-20 08:38:41,308 [pool-292-thread-1] INFO  util.JmxRegister (JmxRegister.java:tryRegister(44)) - Successfully registered JMX Bean with object name Ratis:service=RaftServer,group=group-409BA5F17854,id=4c68c9f7-fd0b-45cb-be6c-07622c529b6d
2019-09-20 08:38:41,311 [RatisPipelineUtilsThread] INFO  pipeline.PipelineStateManager (PipelineStateManager.java:addPipeline(56)) - Created pipeline Pipeline[ Id: cb3a9992-ca30-4ea1-a01f-409ba5f17854, Nodes: 4c68c9f7-fd0b-45cb-be6c-07622c529b6d{ip: 192.168.36.79, host: pr-hdds-1569-s8kj2-2266485376, networkLocation: /default-rack, certSerialId: null}, Type:RATIS, Factor:ONE, State:OPEN]
2019-09-20 08:38:41,317 [grpc-default-executor-0] INFO  impl.RaftServerProxy (RaftServerProxy.java:addNew(89)) - 4c68c9f7-fd0b-45cb-be6c-07622c529b6d: addNew group-B318365A5C26:[4c68c9f7-fd0b-45cb-be6c-07622c529b6d:192.168.36.79:33530] returns group-B318365A5C26:java.util.concurrent.CompletableFuture@720c4001[Not completed]
2019-09-20 08:38:41,318 [pool-292-thread-1] INFO  impl.RaftServerImpl (RaftServerImpl.java:<init>(93)) - 4c68c9f7-fd0b-45cb-be6c-07622c529b6d: new RaftServerImpl for group-B318365A5C26:[4c68c9f7-fd0b-45cb-be6c-07622c529b6d:192.168.36.79:33530] with ContainerStateMachine:uninitialized
2019-09-20 08:38:41,318 [pool-292-thread-1] INFO  server.RaftServerConfigKeys (ConfUtils.java:logGet(43)) - raft.server.rpc.timeout.min = 5s (custom)
2019-09-20 08:38:41,318 [pool-292-thread-1] INFO  server.RaftServerConfigKeys (ConfUtils.java:logGet(43)) - raft.server.rpc.timeout.max = 5200ms (custom)
2019-09-20 08:38:41,318 [pool-292-thread-1] INFO  server.RaftServerConfigKeys (ConfUtils.java:logGet(43)) - raft.server.rpcslowness.timeout = 120s (custom)
2019-09-20 08:38:41,319 [pool-292-thread-1] INFO  server.RaftServerConfigKeys (ConfUtils.java:logGet(43)) - raft.server.sleep.deviation.threshold = 300 (default)
2019-09-20 08:38:41,319 [pool-292-thread-1] INFO  server.RaftServerConfigKeys (ConfUtils.java:logGet(43)) - raft.server.log.appender.install.snapshot.enabled = false (custom)
2019-09-20 08:38:41,319 [pool-292-thread-1] INFO  impl.RaftServerImpl (ServerState.java:<init>(105)) - 4c68c9f7-fd0b-45cb-be6c-07622c529b6d:group-B318365A5C26 ConfigurationManager, init=-1: [4c68c9f7-fd0b-45cb-be6c-07622c529b6d:192.168.36.79:33530], old=null, confs=<EMPTY_MAP>
2019-09-20 08:38:41,319 [pool-292-thread-1] INFO  server.RaftServerConfigKeys (ConfUtils.java:logGet(43)) - raft.server.storage.dir = [/workdir/hadoop-ozone/ozonefs/target/test-dir/MiniOzoneClusterImpl-91d92c25-20d7-4a60-97d2-df3786b0ca5e/datanode-0/data/ratis] (custom)
2019-09-20 08:38:41,319 [pool-292-thread-1] INFO  storage.RaftStorageDirectory (RaftStorageDirectory.java:analyzeStorage(246)) - The storage directory /workdir/hadoop-ozone/ozonefs/target/test-dir/MiniOzoneClusterImpl-91d92c25-20d7-4a60-97d2-df3786b0ca5e/datanode-0/data/ratis/75b541a4-15f0-434f-9252-b318365a5c26 does not exist. Creating ...
2019-09-20 08:38:41,347 [pool-292-thread-1] INFO  storage.RaftStorageDirectory (RaftStorageDirectory.java:tryLock(328)) - Lock on /workdir/hadoop-ozone/ozonefs/target/test-dir/MiniOzoneClusterImpl-91d92c25-20d7-4a60-97d2-df3786b0ca5e/datanode-0/data/ratis/75b541a4-15f0-434f-9252-b318365a5c26/in_use.lock acquired by nodename 25669@pr-hdds-1569-s8kj2-2266485376
2019-09-20 08:38:41,365 [pool-292-thread-1] INFO  storage.RaftStorage (RaftStorage.java:format(72)) - Storage directory /workdir/hadoop-ozone/ozonefs/target/test-dir/MiniOzoneClusterImpl-91d92c25-20d7-4a60-97d2-df3786b0ca5e/datanode-0/data/ratis/75b541a4-15f0-434f-9252-b318365a5c26 has been successfully formatted.
2019-09-20 08:38:41,365 [pool-292-thread-1] INFO  ratis.ContainerStateMachine (ContainerStateMachine.java:loadSnapshot(226)) - group-B318365A5C26: The snapshot info is null. Setting the last applied indexto:(t:0, i:~)
2019-09-20 08:38:41,366 [pool-292-thread-1] INFO  server.RaftServerConfigKeys (ConfUtils.java:logGet(43)) - raft.server.leader.election.timeout = 120s (custom)
2019-09-20 08:38:41,366 [pool-292-thread-1] INFO  server.RaftServerConfigKeys (ConfUtils.java:logGet(43)) - raft.server.log.use.memory = false (default)
2019-09-20 08:38:41,366 [pool-292-thread-1] INFO  server.RaftServerConfigKeys (ConfUtils.java:logGet(43)) - raft.server.log.purge.gap = 1000000 (custom)
2019-09-20 08:38:41,366 [pool-292-thread-1] INFO  server.RaftServerConfigKeys (ConfUtils.java:logGet(43)) - raft.server.log.appender.buffer.byte-limit = 33554432 (custom)
2019-09-20 08:38:41,366 [pool-292-thread-1] INFO  server.RaftServerConfigKeys (ConfUtils.java:logGet(43)) - raft.server.log.segment.size.max = 1048576 (custom)
2019-09-20 08:38:41,366 [pool-292-thread-1] INFO  server.RaftServerConfigKeys (ConfUtils.java:logGet(43)) - raft.server.log.segment.cache.num.max = 2 (custom)
2019-09-20 08:38:41,366 [pool-292-thread-1] INFO  segmented.SegmentedRaftLogWorker (SegmentedRaftLogWorker.java:<init>(172)) - new 4c68c9f7-fd0b-45cb-be6c-07622c529b6d-SegmentedRaftLogWorker:Storage Directory /workdir/hadoop-ozone/ozonefs/target/test-dir/MiniOzoneClusterImpl-91d92c25-20d7-4a60-97d2-df3786b0ca5e/datanode-0/data/ratis/75b541a4-15f0-434f-9252-b318365a5c26 for RaftStorage:Storage Directory /workdir/hadoop-ozone/ozonefs/target/test-dir/MiniOzoneClusterImpl-91d92c25-20d7-4a60-97d2-df3786b0ca5e/datanode-0/data/ratis/75b541a4-15f0-434f-9252-b318365a5c26
2019-09-20 08:38:41,366 [pool-292-thread-1] INFO  server.RaftServerConfigKeys (ConfUtils.java:logGet(43)) - raft.server.log.queue.byte-limit = 2147483647 (custom)
2019-09-20 08:38:41,367 [pool-292-thread-1] INFO  server.RaftServerConfigKeys (ConfUtils.java:logGet(43)) - raft.server.log.queue.element-limit = 1024 (custom)
2019-09-20 08:38:41,367 [pool-292-thread-1] INFO  server.RaftServerConfigKeys (ConfUtils.java:logGet(43)) - raft.server.log.segment.size.max = 1048576 (custom)
2019-09-20 08:38:41,367 [pool-292-thread-1] INFO  server.RaftServerConfigKeys (ConfUtils.java:logGet(43)) - raft.server.log.preallocated.size = 16384 (custom)
2019-09-20 08:38:41,367 [pool-292-thread-1] INFO  server.RaftServerConfigKeys (ConfUtils.java:logGet(43)) - raft.server.log.write.buffer.size = 33554432 (custom)
2019-09-20 08:38:41,367 [pool-292-thread-1] INFO  server.RaftServerConfigKeys (ConfUtils.java:logGet(43)) - raft.server.log.force.sync.num = 128 (default)
2019-09-20 08:38:41,367 [pool-292-thread-1] INFO  server.RaftServerConfigKeys (ConfUtils.java:logGet(43)) - raft.server.log.statemachine.data.sync = true (default)
2019-09-20 08:38:41,367 [pool-292-thread-1] INFO  server.RaftServerConfigKeys (ConfUtils.java:logGet(43)) - raft.server.log.statemachine.data.sync.timeout = 10s (default)
2019-09-20 08:38:41,367 [pool-292-thread-1] INFO  server.RaftServerConfigKeys (ConfUtils.java:logGet(43)) - raft.server.log.statemachine.data.sync.timeout.retry = -1 (default)
2019-09-20 08:38:41,367 [pool-292-thread-1] INFO  server.RaftServerConfigKeys (ConfUtils.java:logGet(43)) - raft.server.log.statemachine.data.caching.enabled = true (custom)
2019-09-20 08:38:41,368 [pool-292-thread-1] INFO  segmented.SegmentedRaftLogWorker (SegmentedRaftLogWorker.java:lambda$new$0(132)) - 4c68c9f7-fd0b-45cb-be6c-07622c529b6d-SegmentedRaftLogWorker:Storage Directory /workdir/hadoop-ozone/ozonefs/target/test-dir/MiniOzoneClusterImpl-91d92c25-20d7-4a60-97d2-df3786b0ca5e/datanode-0/data/ratis/75b541a4-15f0-434f-9252-b318365a5c26: flushIndex: setUnconditionally 0 -> -1
2019-09-20 08:38:41,368 [pool-292-thread-1] INFO  server.RaftServerConfigKeys (ConfUtils.java:logGet(43)) - raft.server.snapshot.auto.trigger.enabled = true (custom)
2019-09-20 08:38:41,368 [pool-292-thread-1] INFO  server.RaftServerConfigKeys (ConfUtils.java:logGet(43)) - raft.server.snapshot.auto.trigger.threshold = 10000 (custom)
2019-09-20 08:38:41,368 [pool-292-thread-1] INFO  server.RaftServerConfigKeys (ConfUtils.java:logGet(43)) - raft.server.retrycache.expirytime = 600000ms (custom)
2019-09-20 08:38:41,368 [pool-292-thread-1] INFO  impl.RaftServerImpl (RaftServerImpl.java:start(180)) - 4c68c9f7-fd0b-45cb-be6c-07622c529b6d: start group-B318365A5C26
2019-09-20 08:38:41,369 [pool-292-thread-1] INFO  impl.RaftServerImpl (RaftServerImpl.java:setRole(171)) - 4c68c9f7-fd0b-45cb-be6c-07622c529b6d:group-B318365A5C26 changes role from null to FOLLOWER at term 0 for startAsFollower
2019-09-20 08:38:41,369 [pool-292-thread-1] INFO  impl.RoleInfo (RoleInfo.java:updateAndGet(143)) - 4c68c9f7-fd0b-45cb-be6c-07622c529b6d: start FollowerState
2019-09-20 08:38:41,369 [pool-292-thread-1] INFO  util.JmxRegister (JmxRegister.java:tryRegister(44)) - Successfully registered JMX Bean with object name Ratis:service=RaftServer,group=group-B318365A5C26,id=4c68c9f7-fd0b-45cb-be6c-07622c529b6d
2019-09-20 08:38:41,372 [RatisPipelineUtilsThread] INFO  pipeline.PipelineStateManager (PipelineStateManager.java:addPipeline(56)) - Created pipeline Pipeline[ Id: 75b541a4-15f0-434f-9252-b318365a5c26, Nodes: 4c68c9f7-fd0b-45cb-be6c-07622c529b6d{ip: 192.168.36.79, host: pr-hdds-1569-s8kj2-2266485376, networkLocation: /default-rack, certSerialId: null}, Type:RATIS, Factor:ONE, State:OPEN]
2019-09-20 08:38:41,373 [RatisPipelineUtilsThread] INFO  pipeline.PipelinePlacementPolicy (PipelinePlacementPolicy.java:meetCriteria(91)) - Pipeline Placement: Doesn't meet the criteria to be viable node： 4c68c9f7-fd0b-45cb-be6c-07622c529b6d Heaviness: 6 limit: 5
2019-09-20 08:38:41,381 [grpc-default-executor-0] INFO  impl.RaftServerProxy (RaftServerProxy.java:addNew(89)) - 17688808-c4a5-475e-9b35-5fbd5f50591a: addNew group-053C4BF48A8E:[17688808-c4a5-475e-9b35-5fbd5f50591a:192.168.36.79:42065] returns group-053C4BF48A8E:java.util.concurrent.CompletableFuture@5e453a68[Not completed]
2019-09-20 08:38:41,383 [pool-303-thread-1] INFO  impl.RaftServerImpl (RaftServerImpl.java:<init>(93)) - 17688808-c4a5-475e-9b35-5fbd5f50591a: new RaftServerImpl for group-053C4BF48A8E:[17688808-c4a5-475e-9b35-5fbd5f50591a:192.168.36.79:42065] with ContainerStateMachine:uninitialized
2019-09-20 08:38:41,383 [pool-303-thread-1] INFO  server.RaftServerConfigKeys (ConfUtils.java:logGet(43)) - raft.server.rpc.timeout.min = 5s (custom)
2019-09-20 08:38:41,383 [pool-303-thread-1] INFO  server.RaftServerConfigKeys (ConfUtils.java:logGet(43)) - raft.server.rpc.timeout.max = 5200ms (custom)
2019-09-20 08:38:41,383 [pool-303-thread-1] INFO  server.RaftServerConfigKeys (ConfUtils.java:logGet(43)) - raft.server.rpcslowness.timeout = 120s (custom)
2019-09-20 08:38:41,383 [pool-303-thread-1] INFO  server.RaftServerConfigKeys (ConfUtils.java:logGet(43)) - raft.server.sleep.deviation.threshold = 300 (default)
2019-09-20 08:38:41,383 [pool-303-thread-1] INFO  server.RaftServerConfigKeys (ConfUtils.java:logGet(43)) - raft.server.log.appender.install.snapshot.enabled = false (custom)
2019-09-20 08:38:41,383 [pool-303-thread-1] INFO  impl.RaftServerImpl (ServerState.java:<init>(105)) - 17688808-c4a5-475e-9b35-5fbd5f50591a:group-053C4BF48A8E ConfigurationManager, init=-1: [17688808-c4a5-475e-9b35-5fbd5f50591a:192.168.36.79:42065], old=null, confs=<EMPTY_MAP>
2019-09-20 08:38:41,384 [pool-303-thread-1] INFO  server.RaftServerConfigKeys (ConfUtils.java:logGet(43)) - raft.server.storage.dir = [/workdir/hadoop-ozone/ozonefs/target/test-dir/MiniOzoneClusterImpl-91d92c25-20d7-4a60-97d2-df3786b0ca5e/datanode-1/data/ratis] (custom)
2019-09-20 08:38:41,384 [pool-303-thread-1] INFO  storage.RaftStorageDirectory (RaftStorageDirectory.java:analyzeStorage(246)) - The storage directory /workdir/hadoop-ozone/ozonefs/target/test-dir/MiniOzoneClusterImpl-91d92c25-20d7-4a60-97d2-df3786b0ca5e/datanode-1/data/ratis/2c8553cf-6a6b-449e-aef5-053c4bf48a8e does not exist. Creating ...
2019-09-20 08:38:41,407 [pool-303-thread-1] INFO  storage.RaftStorageDirectory (RaftStorageDirectory.java:tryLock(328)) - Lock on /workdir/hadoop-ozone/ozonefs/target/test-dir/MiniOzoneClusterImpl-91d92c25-20d7-4a60-97d2-df3786b0ca5e/datanode-1/data/ratis/2c8553cf-6a6b-449e-aef5-053c4bf48a8e/in_use.lock acquired by nodename 25669@pr-hdds-1569-s8kj2-2266485376
2019-09-20 08:38:41,424 [Thread-1323] INFO  ozone.MiniOzoneClusterImpl (MiniOzoneClusterImpl.java:lambda$waitForClusterToBeReady$0(142)) - Waiting for cluster to be ready. Got 2 of 3 DN Heartbeats.
2019-09-20 08:38:41,424 [IPC Server handler 2 on 32999] INFO  net.NetworkTopology (NetworkTopologyImpl.java:add(110)) - Added a new node: /default-rack/94e01da5-69fc-47f8-9cb6-206c4d0ff2c1
2019-09-20 08:38:41,425 [IPC Server handler 2 on 32999] INFO  node.SCMNodeManager (SCMNodeManager.java:register(273)) - Registered Data node : 94e01da5-69fc-47f8-9cb6-206c4d0ff2c1{ip: 192.168.36.79, host: pr-hdds-1569-s8kj2-2266485376, networkLocation: /default-rack, certSerialId: null}
2019-09-20 08:38:41,425 | INFO  | SCMAudit | user=jenkins1000 | ip=192.168.36.79 | op=REGISTER {datanodeDetails=94e01da5-69fc-47f8-9cb6-206c4d0ff2c1{ip: 192.168.36.79, host: pr-hdds-1569-s8kj2-2266485376, networkLocation: /default-rack, certSerialId: null}} | ret=SUCCESS |  
2019-09-20 08:38:41,432 [pool-303-thread-1] INFO  storage.RaftStorage (RaftStorage.java:format(72)) - Storage directory /workdir/hadoop-ozone/ozonefs/target/test-dir/MiniOzoneClusterImpl-91d92c25-20d7-4a60-97d2-df3786b0ca5e/datanode-1/data/ratis/2c8553cf-6a6b-449e-aef5-053c4bf48a8e has been successfully formatted.
2019-09-20 08:38:41,433 [pool-303-thread-1] INFO  ratis.ContainerStateMachine (ContainerStateMachine.java:loadSnapshot(226)) - group-053C4BF48A8E: The snapshot info is null. Setting the last applied indexto:(t:0, i:~)
2019-09-20 08:38:41,433 [pool-303-thread-1] INFO  server.RaftServerConfigKeys (ConfUtils.java:logGet(43)) - raft.server.leader.election.timeout = 120s (custom)
2019-09-20 08:38:41,433 [pool-303-thread-1] INFO  server.RaftServerConfigKeys (ConfUtils.java:logGet(43)) - raft.server.log.use.memory = false (default)
2019-09-20 08:38:41,433 [pool-303-thread-1] INFO  server.RaftServerConfigKeys (ConfUtils.java:logGet(43)) - raft.server.log.purge.gap = 1000000 (custom)
2019-09-20 08:38:41,433 [pool-303-thread-1] INFO  server.RaftServerConfigKeys (ConfUtils.java:logGet(43)) - raft.server.log.appender.buffer.byte-limit = 33554432 (custom)
2019-09-20 08:38:41,433 [pool-303-thread-1] INFO  server.RaftServerConfigKeys (ConfUtils.java:logGet(43)) - raft.server.log.segment.size.max = 1048576 (custom)
2019-09-20 08:38:41,433 [pool-303-thread-1] INFO  server.RaftServerConfigKeys (ConfUtils.java:logGet(43)) - raft.server.log.segment.cache.num.max = 2 (custom)
2019-09-20 08:38:41,434 [pool-303-thread-1] INFO  segmented.SegmentedRaftLogWorker (SegmentedRaftLogWorker.java:<init>(172)) - new 17688808-c4a5-475e-9b35-5fbd5f50591a-SegmentedRaftLogWorker:Storage Directory /workdir/hadoop-ozone/ozonefs/target/test-dir/MiniOzoneClusterImpl-91d92c25-20d7-4a60-97d2-df3786b0ca5e/datanode-1/data/ratis/2c8553cf-6a6b-449e-aef5-053c4bf48a8e for RaftStorage:Storage Directory /workdir/hadoop-ozone/ozonefs/target/test-dir/MiniOzoneClusterImpl-91d92c25-20d7-4a60-97d2-df3786b0ca5e/datanode-1/data/ratis/2c8553cf-6a6b-449e-aef5-053c4bf48a8e
2019-09-20 08:38:41,434 [pool-303-thread-1] INFO  server.RaftServerConfigKeys (ConfUtils.java:logGet(43)) - raft.server.log.queue.byte-limit = 2147483647 (custom)
2019-09-20 08:38:41,434 [pool-303-thread-1] INFO  server.RaftServerConfigKeys (ConfUtils.java:logGet(43)) - raft.server.log.queue.element-limit = 1024 (custom)
2019-09-20 08:38:41,434 [pool-303-thread-1] INFO  server.RaftServerConfigKeys (ConfUtils.java:logGet(43)) - raft.server.log.segment.size.max = 1048576 (custom)
2019-09-20 08:38:41,434 [pool-303-thread-1] INFO  server.RaftServerConfigKeys (ConfUtils.java:logGet(43)) - raft.server.log.preallocated.size = 16384 (custom)
2019-09-20 08:38:41,434 [pool-303-thread-1] INFO  server.RaftServerConfigKeys (ConfUtils.java:logGet(43)) - raft.server.log.write.buffer.size = 33554432 (custom)
2019-09-20 08:38:41,434 [pool-303-thread-1] INFO  server.RaftServerConfigKeys (ConfUtils.java:logGet(43)) - raft.server.log.force.sync.num = 128 (default)
2019-09-20 08:38:41,435 [pool-303-thread-1] INFO  server.RaftServerConfigKeys (ConfUtils.java:logGet(43)) - raft.server.log.statemachine.data.sync = true (default)
2019-09-20 08:38:41,435 [pool-303-thread-1] INFO  server.RaftServerConfigKeys (ConfUtils.java:logGet(43)) - raft.server.log.statemachine.data.sync.timeout = 10s (default)
2019-09-20 08:38:41,435 [pool-303-thread-1] INFO  server.RaftServerConfigKeys (ConfUtils.java:logGet(43)) - raft.server.log.statemachine.data.sync.timeout.retry = -1 (default)
2019-09-20 08:38:41,435 [pool-303-thread-1] INFO  server.RaftServerConfigKeys (ConfUtils.java:logGet(43)) - raft.server.log.statemachine.data.caching.enabled = true (custom)
2019-09-20 08:38:41,435 [pool-303-thread-1] INFO  segmented.SegmentedRaftLogWorker (SegmentedRaftLogWorker.java:lambda$new$0(132)) - 17688808-c4a5-475e-9b35-5fbd5f50591a-SegmentedRaftLogWorker:Storage Directory /workdir/hadoop-ozone/ozonefs/target/test-dir/MiniOzoneClusterImpl-91d92c25-20d7-4a60-97d2-df3786b0ca5e/datanode-1/data/ratis/2c8553cf-6a6b-449e-aef5-053c4bf48a8e: flushIndex: setUnconditionally 0 -> -1
2019-09-20 08:38:41,436 [pool-303-thread-1] INFO  server.RaftServerConfigKeys (ConfUtils.java:logGet(43)) - raft.server.snapshot.auto.trigger.enabled = true (custom)
2019-09-20 08:38:41,436 [pool-303-thread-1] INFO  server.RaftServerConfigKeys (ConfUtils.java:logGet(43)) - raft.server.snapshot.auto.trigger.threshold = 10000 (custom)
2019-09-20 08:38:41,436 [pool-303-thread-1] INFO  server.RaftServerConfigKeys (ConfUtils.java:logGet(43)) - raft.server.retrycache.expirytime = 600000ms (custom)
2019-09-20 08:38:41,436 [pool-303-thread-1] INFO  impl.RaftServerImpl (RaftServerImpl.java:start(180)) - 17688808-c4a5-475e-9b35-5fbd5f50591a: start group-053C4BF48A8E
2019-09-20 08:38:41,436 [pool-303-thread-1] INFO  impl.RaftServerImpl (RaftServerImpl.java:setRole(171)) - 17688808-c4a5-475e-9b35-5fbd5f50591a:group-053C4BF48A8E changes role from null to FOLLOWER at term 0 for startAsFollower
2019-09-20 08:38:41,437 [pool-303-thread-1] INFO  impl.RoleInfo (RoleInfo.java:updateAndGet(143)) - 17688808-c4a5-475e-9b35-5fbd5f50591a: start FollowerState
2019-09-20 08:38:41,437 [pool-303-thread-1] INFO  util.JmxRegister (JmxRegister.java:tryRegister(44)) - Successfully registered JMX Bean with object name Ratis:service=RaftServer,group=group-053C4BF48A8E,id=17688808-c4a5-475e-9b35-5fbd5f50591a
2019-09-20 08:38:41,440 [RatisPipelineUtilsThread] INFO  pipeline.PipelineStateManager (PipelineStateManager.java:addPipeline(56)) - Created pipeline Pipeline[ Id: 2c8553cf-6a6b-449e-aef5-053c4bf48a8e, Nodes: 17688808-c4a5-475e-9b35-5fbd5f50591a{ip: 192.168.36.79, host: pr-hdds-1569-s8kj2-2266485376, networkLocation: /default-rack, certSerialId: null}, Type:RATIS, Factor:ONE, State:OPEN]
2019-09-20 08:38:41,441 [RatisPipelineUtilsThread] INFO  pipeline.PipelinePlacementPolicy (PipelinePlacementPolicy.java:meetCriteria(91)) - Pipeline Placement: Doesn't meet the criteria to be viable node： 4c68c9f7-fd0b-45cb-be6c-07622c529b6d Heaviness: 6 limit: 5
2019-09-20 08:38:41,446 [grpc-default-executor-0] INFO  impl.RaftServerProxy (RaftServerProxy.java:addNew(89)) - 17688808-c4a5-475e-9b35-5fbd5f50591a: addNew group-CE446C77B429:[17688808-c4a5-475e-9b35-5fbd5f50591a:192.168.36.79:42065] returns group-CE446C77B429:java.util.concurrent.CompletableFuture@c62f20c[Not completed]
2019-09-20 08:38:41,448 [pool-303-thread-1] INFO  impl.RaftServerImpl (RaftServerImpl.java:<init>(93)) - 17688808-c4a5-475e-9b35-5fbd5f50591a: new RaftServerImpl for group-CE446C77B429:[17688808-c4a5-475e-9b35-5fbd5f50591a:192.168.36.79:42065] with ContainerStateMachine:uninitialized
2019-09-20 08:38:41,448 [pool-303-thread-1] INFO  server.RaftServerConfigKeys (ConfUtils.java:logGet(43)) - raft.server.rpc.timeout.min = 5s (custom)
2019-09-20 08:38:41,448 [pool-303-thread-1] INFO  server.RaftServerConfigKeys (ConfUtils.java:logGet(43)) - raft.server.rpc.timeout.max = 5200ms (custom)
2019-09-20 08:38:41,448 [pool-303-thread-1] INFO  server.RaftServerConfigKeys (ConfUtils.java:logGet(43)) - raft.server.rpcslowness.timeout = 120s (custom)
2019-09-20 08:38:41,448 [pool-303-thread-1] INFO  server.RaftServerConfigKeys (ConfUtils.java:logGet(43)) - raft.server.sleep.deviation.threshold = 300 (default)
2019-09-20 08:38:41,448 [pool-303-thread-1] INFO  server.RaftServerConfigKeys (ConfUtils.java:logGet(43)) - raft.server.log.appender.install.snapshot.enabled = false (custom)
2019-09-20 08:38:41,448 [pool-303-thread-1] INFO  impl.RaftServerImpl (ServerState.java:<init>(105)) - 17688808-c4a5-475e-9b35-5fbd5f50591a:group-CE446C77B429 ConfigurationManager, init=-1: [17688808-c4a5-475e-9b35-5fbd5f50591a:192.168.36.79:42065], old=null, confs=<EMPTY_MAP>
2019-09-20 08:38:41,448 [pool-303-thread-1] INFO  server.RaftServerConfigKeys (ConfUtils.java:logGet(43)) - raft.server.storage.dir = [/workdir/hadoop-ozone/ozonefs/target/test-dir/MiniOzoneClusterImpl-91d92c25-20d7-4a60-97d2-df3786b0ca5e/datanode-1/data/ratis] (custom)
2019-09-20 08:38:41,449 [pool-303-thread-1] INFO  storage.RaftStorageDirectory (RaftStorageDirectory.java:analyzeStorage(246)) - The storage directory /workdir/hadoop-ozone/ozonefs/target/test-dir/MiniOzoneClusterImpl-91d92c25-20d7-4a60-97d2-df3786b0ca5e/datanode-1/data/ratis/372e9edd-0ba3-47b4-b465-ce446c77b429 does not exist. Creating ...
2019-09-20 08:38:41,474 [pool-303-thread-1] INFO  storage.RaftStorageDirectory (RaftStorageDirectory.java:tryLock(328)) - Lock on /workdir/hadoop-ozone/ozonefs/target/test-dir/MiniOzoneClusterImpl-91d92c25-20d7-4a60-97d2-df3786b0ca5e/datanode-1/data/ratis/372e9edd-0ba3-47b4-b465-ce446c77b429/in_use.lock acquired by nodename 25669@pr-hdds-1569-s8kj2-2266485376
2019-09-20 08:38:41,500 [pool-303-thread-1] INFO  storage.RaftStorage (RaftStorage.java:format(72)) - Storage directory /workdir/hadoop-ozone/ozonefs/target/test-dir/MiniOzoneClusterImpl-91d92c25-20d7-4a60-97d2-df3786b0ca5e/datanode-1/data/ratis/372e9edd-0ba3-47b4-b465-ce446c77b429 has been successfully formatted.
2019-09-20 08:38:41,500 [pool-303-thread-1] INFO  ratis.ContainerStateMachine (ContainerStateMachine.java:loadSnapshot(226)) - group-CE446C77B429: The snapshot info is null. Setting the last applied indexto:(t:0, i:~)
2019-09-20 08:38:41,500 [pool-303-thread-1] INFO  server.RaftServerConfigKeys (ConfUtils.java:logGet(43)) - raft.server.leader.election.timeout = 120s (custom)
2019-09-20 08:38:41,500 [pool-303-thread-1] INFO  server.RaftServerConfigKeys (ConfUtils.java:logGet(43)) - raft.server.log.use.memory = false (default)
2019-09-20 08:38:41,500 [pool-303-thread-1] INFO  server.RaftServerConfigKeys (ConfUtils.java:logGet(43)) - raft.server.log.purge.gap = 1000000 (custom)
2019-09-20 08:38:41,500 [pool-303-thread-1] INFO  server.RaftServerConfigKeys (ConfUtils.java:logGet(43)) - raft.server.log.appender.buffer.byte-limit = 33554432 (custom)
2019-09-20 08:38:41,501 [pool-303-thread-1] INFO  server.RaftServerConfigKeys (ConfUtils.java:logGet(43)) - raft.server.log.segment.size.max = 1048576 (custom)
2019-09-20 08:38:41,501 [pool-303-thread-1] INFO  server.RaftServerConfigKeys (ConfUtils.java:logGet(43)) - raft.server.log.segment.cache.num.max = 2 (custom)
2019-09-20 08:38:41,501 [pool-303-thread-1] INFO  segmented.SegmentedRaftLogWorker (SegmentedRaftLogWorker.java:<init>(172)) - new 17688808-c4a5-475e-9b35-5fbd5f50591a-SegmentedRaftLogWorker:Storage Directory /workdir/hadoop-ozone/ozonefs/target/test-dir/MiniOzoneClusterImpl-91d92c25-20d7-4a60-97d2-df3786b0ca5e/datanode-1/data/ratis/372e9edd-0ba3-47b4-b465-ce446c77b429 for RaftStorage:Storage Directory /workdir/hadoop-ozone/ozonefs/target/test-dir/MiniOzoneClusterImpl-91d92c25-20d7-4a60-97d2-df3786b0ca5e/datanode-1/data/ratis/372e9edd-0ba3-47b4-b465-ce446c77b429
2019-09-20 08:38:41,501 [pool-303-thread-1] INFO  server.RaftServerConfigKeys (ConfUtils.java:logGet(43)) - raft.server.log.queue.byte-limit = 2147483647 (custom)
2019-09-20 08:38:41,501 [pool-303-thread-1] INFO  server.RaftServerConfigKeys (ConfUtils.java:logGet(43)) - raft.server.log.queue.element-limit = 1024 (custom)
2019-09-20 08:38:41,501 [pool-303-thread-1] INFO  server.RaftServerConfigKeys (ConfUtils.java:logGet(43)) - raft.server.log.segment.size.max = 1048576 (custom)
2019-09-20 08:38:41,501 [pool-303-thread-1] INFO  server.RaftServerConfigKeys (ConfUtils.java:logGet(43)) - raft.server.log.preallocated.size = 16384 (custom)
2019-09-20 08:38:41,501 [pool-303-thread-1] INFO  server.RaftServerConfigKeys (ConfUtils.java:logGet(43)) - raft.server.log.write.buffer.size = 33554432 (custom)
2019-09-20 08:38:41,501 [pool-303-thread-1] INFO  server.RaftServerConfigKeys (ConfUtils.java:logGet(43)) - raft.server.log.force.sync.num = 128 (default)
2019-09-20 08:38:41,502 [pool-303-thread-1] INFO  server.RaftServerConfigKeys (ConfUtils.java:logGet(43)) - raft.server.log.statemachine.data.sync = true (default)
2019-09-20 08:38:41,502 [pool-303-thread-1] INFO  server.RaftServerConfigKeys (ConfUtils.java:logGet(43)) - raft.server.log.statemachine.data.sync.timeout = 10s (default)
2019-09-20 08:38:41,502 [pool-303-thread-1] INFO  server.RaftServerConfigKeys (ConfUtils.java:logGet(43)) - raft.server.log.statemachine.data.sync.timeout.retry = -1 (default)
2019-09-20 08:38:41,502 [pool-303-thread-1] INFO  server.RaftServerConfigKeys (ConfUtils.java:logGet(43)) - raft.server.log.statemachine.data.caching.enabled = true (custom)
2019-09-20 08:38:41,502 [pool-303-thread-1] INFO  segmented.SegmentedRaftLogWorker (SegmentedRaftLogWorker.java:lambda$new$0(132)) - 17688808-c4a5-475e-9b35-5fbd5f50591a-SegmentedRaftLogWorker:Storage Directory /workdir/hadoop-ozone/ozonefs/target/test-dir/MiniOzoneClusterImpl-91d92c25-20d7-4a60-97d2-df3786b0ca5e/datanode-1/data/ratis/372e9edd-0ba3-47b4-b465-ce446c77b429: flushIndex: setUnconditionally 0 -> -1
2019-09-20 08:38:41,502 [pool-303-thread-1] INFO  server.RaftServerConfigKeys (ConfUtils.java:logGet(43)) - raft.server.snapshot.auto.trigger.enabled = true (custom)
2019-09-20 08:38:41,503 [pool-303-thread-1] INFO  server.RaftServerConfigKeys (ConfUtils.java:logGet(43)) - raft.server.snapshot.auto.trigger.threshold = 10000 (custom)
2019-09-20 08:38:41,503 [pool-303-thread-1] INFO  server.RaftServerConfigKeys (ConfUtils.java:logGet(43)) - raft.server.retrycache.expirytime = 600000ms (custom)
2019-09-20 08:38:41,503 [pool-303-thread-1] INFO  impl.RaftServerImpl (RaftServerImpl.java:start(180)) - 17688808-c4a5-475e-9b35-5fbd5f50591a: start group-CE446C77B429
2019-09-20 08:38:41,503 [pool-303-thread-1] INFO  impl.RaftServerImpl (RaftServerImpl.java:setRole(171)) - 17688808-c4a5-475e-9b35-5fbd5f50591a:group-CE446C77B429 changes role from null to FOLLOWER at term 0 for startAsFollower
2019-09-20 08:38:41,503 [pool-303-thread-1] INFO  impl.RoleInfo (RoleInfo.java:updateAndGet(143)) - 17688808-c4a5-475e-9b35-5fbd5f50591a: start FollowerState
2019-09-20 08:38:41,503 [pool-303-thread-1] INFO  util.JmxRegister (JmxRegister.java:tryRegister(44)) - Successfully registered JMX Bean with object name Ratis:service=RaftServer,group=group-CE446C77B429,id=17688808-c4a5-475e-9b35-5fbd5f50591a
2019-09-20 08:38:41,506 [RatisPipelineUtilsThread] INFO  pipeline.PipelineStateManager (PipelineStateManager.java:addPipeline(56)) - Created pipeline Pipeline[ Id: 372e9edd-0ba3-47b4-b465-ce446c77b429, Nodes: 17688808-c4a5-475e-9b35-5fbd5f50591a{ip: 192.168.36.79, host: pr-hdds-1569-s8kj2-2266485376, networkLocation: /default-rack, certSerialId: null}, Type:RATIS, Factor:ONE, State:OPEN]
2019-09-20 08:38:41,506 [RatisPipelineUtilsThread] INFO  pipeline.PipelinePlacementPolicy (PipelinePlacementPolicy.java:meetCriteria(91)) - Pipeline Placement: Doesn't meet the criteria to be viable node： 4c68c9f7-fd0b-45cb-be6c-07622c529b6d Heaviness: 6 limit: 5
2019-09-20 08:38:41,514 [grpc-default-executor-0] INFO  impl.RaftServerProxy (RaftServerProxy.java:addNew(89)) - 94e01da5-69fc-47f8-9cb6-206c4d0ff2c1: addNew group-F1ABDE923CCB:[94e01da5-69fc-47f8-9cb6-206c4d0ff2c1:192.168.36.79:44839] returns group-F1ABDE923CCB:java.util.concurrent.CompletableFuture@11bd6e2b[Not completed]
2019-09-20 08:38:41,516 [pool-314-thread-1] INFO  impl.RaftServerImpl (RaftServerImpl.java:<init>(93)) - 94e01da5-69fc-47f8-9cb6-206c4d0ff2c1: new RaftServerImpl for group-F1ABDE923CCB:[94e01da5-69fc-47f8-9cb6-206c4d0ff2c1:192.168.36.79:44839] with ContainerStateMachine:uninitialized
2019-09-20 08:38:41,516 [pool-314-thread-1] INFO  server.RaftServerConfigKeys (ConfUtils.java:logGet(43)) - raft.server.rpc.timeout.min = 5s (custom)
2019-09-20 08:38:41,516 [pool-314-thread-1] INFO  server.RaftServerConfigKeys (ConfUtils.java:logGet(43)) - raft.server.rpc.timeout.max = 5200ms (custom)
2019-09-20 08:38:41,516 [pool-314-thread-1] INFO  server.RaftServerConfigKeys (ConfUtils.java:logGet(43)) - raft.server.rpcslowness.timeout = 120s (custom)
2019-09-20 08:38:41,516 [pool-314-thread-1] INFO  server.RaftServerConfigKeys (ConfUtils.java:logGet(43)) - raft.server.sleep.deviation.threshold = 300 (default)
2019-09-20 08:38:41,516 [pool-314-thread-1] INFO  server.RaftServerConfigKeys (ConfUtils.java:logGet(43)) - raft.server.log.appender.install.snapshot.enabled = false (custom)
2019-09-20 08:38:41,516 [pool-314-thread-1] INFO  impl.RaftServerImpl (ServerState.java:<init>(105)) - 94e01da5-69fc-47f8-9cb6-206c4d0ff2c1:group-F1ABDE923CCB ConfigurationManager, init=-1: [94e01da5-69fc-47f8-9cb6-206c4d0ff2c1:192.168.36.79:44839], old=null, confs=<EMPTY_MAP>
2019-09-20 08:38:41,517 [pool-314-thread-1] INFO  server.RaftServerConfigKeys (ConfUtils.java:logGet(43)) - raft.server.storage.dir = [/workdir/hadoop-ozone/ozonefs/target/test-dir/MiniOzoneClusterImpl-91d92c25-20d7-4a60-97d2-df3786b0ca5e/datanode-2/data/ratis] (custom)
2019-09-20 08:38:41,517 [pool-314-thread-1] INFO  storage.RaftStorageDirectory (RaftStorageDirectory.java:analyzeStorage(246)) - The storage directory /workdir/hadoop-ozone/ozonefs/target/test-dir/MiniOzoneClusterImpl-91d92c25-20d7-4a60-97d2-df3786b0ca5e/datanode-2/data/ratis/883f2871-ef41-4eb2-9b37-f1abde923ccb does not exist. Creating ...
2019-09-20 08:38:41,559 [pool-314-thread-1] INFO  storage.RaftStorageDirectory (RaftStorageDirectory.java:tryLock(328)) - Lock on /workdir/hadoop-ozone/ozonefs/target/test-dir/MiniOzoneClusterImpl-91d92c25-20d7-4a60-97d2-df3786b0ca5e/datanode-2/data/ratis/883f2871-ef41-4eb2-9b37-f1abde923ccb/in_use.lock acquired by nodename 25669@pr-hdds-1569-s8kj2-2266485376
2019-09-20 08:38:41,584 [pool-314-thread-1] INFO  storage.RaftStorage (RaftStorage.java:format(72)) - Storage directory /workdir/hadoop-ozone/ozonefs/target/test-dir/MiniOzoneClusterImpl-91d92c25-20d7-4a60-97d2-df3786b0ca5e/datanode-2/data/ratis/883f2871-ef41-4eb2-9b37-f1abde923ccb has been successfully formatted.
2019-09-20 08:38:41,584 [pool-314-thread-1] INFO  ratis.ContainerStateMachine (ContainerStateMachine.java:loadSnapshot(226)) - group-F1ABDE923CCB: The snapshot info is null. Setting the last applied indexto:(t:0, i:~)
2019-09-20 08:38:41,584 [pool-314-thread-1] INFO  server.RaftServerConfigKeys (ConfUtils.java:logGet(43)) - raft.server.leader.election.timeout = 120s (custom)
2019-09-20 08:38:41,585 [pool-314-thread-1] INFO  server.RaftServerConfigKeys (ConfUtils.java:logGet(43)) - raft.server.log.use.memory = false (default)
2019-09-20 08:38:41,585 [pool-314-thread-1] INFO  server.RaftServerConfigKeys (ConfUtils.java:logGet(43)) - raft.server.log.purge.gap = 1000000 (custom)
2019-09-20 08:38:41,585 [pool-314-thread-1] INFO  server.RaftServerConfigKeys (ConfUtils.java:logGet(43)) - raft.server.log.appender.buffer.byte-limit = 33554432 (custom)
2019-09-20 08:38:41,585 [pool-314-thread-1] INFO  server.RaftServerConfigKeys (ConfUtils.java:logGet(43)) - raft.server.log.segment.size.max = 1048576 (custom)
2019-09-20 08:38:41,585 [pool-314-thread-1] INFO  server.RaftServerConfigKeys (ConfUtils.java:logGet(43)) - raft.server.log.segment.cache.num.max = 2 (custom)
2019-09-20 08:38:41,585 [pool-314-thread-1] INFO  segmented.SegmentedRaftLogWorker (SegmentedRaftLogWorker.java:<init>(172)) - new 94e01da5-69fc-47f8-9cb6-206c4d0ff2c1-SegmentedRaftLogWorker:Storage Directory /workdir/hadoop-ozone/ozonefs/target/test-dir/MiniOzoneClusterImpl-91d92c25-20d7-4a60-97d2-df3786b0ca5e/datanode-2/data/ratis/883f2871-ef41-4eb2-9b37-f1abde923ccb for RaftStorage:Storage Directory /workdir/hadoop-ozone/ozonefs/target/test-dir/MiniOzoneClusterImpl-91d92c25-20d7-4a60-97d2-df3786b0ca5e/datanode-2/data/ratis/883f2871-ef41-4eb2-9b37-f1abde923ccb
2019-09-20 08:38:41,586 [pool-314-thread-1] INFO  server.RaftServerConfigKeys (ConfUtils.java:logGet(43)) - raft.server.log.queue.byte-limit = 2147483647 (custom)
2019-09-20 08:38:41,586 [pool-314-thread-1] INFO  server.RaftServerConfigKeys (ConfUtils.java:logGet(43)) - raft.server.log.queue.element-limit = 1024 (custom)
2019-09-20 08:38:41,586 [pool-314-thread-1] INFO  server.RaftServerConfigKeys (ConfUtils.java:logGet(43)) - raft.server.log.segment.size.max = 1048576 (custom)
2019-09-20 08:38:41,586 [pool-314-thread-1] INFO  server.RaftServerConfigKeys (ConfUtils.java:logGet(43)) - raft.server.log.preallocated.size = 16384 (custom)
2019-09-20 08:38:41,586 [pool-314-thread-1] INFO  server.RaftServerConfigKeys (ConfUtils.java:logGet(43)) - raft.server.log.write.buffer.size = 33554432 (custom)
2019-09-20 08:38:41,587 [pool-314-thread-1] INFO  server.RaftServerConfigKeys (ConfUtils.java:logGet(43)) - raft.server.log.force.sync.num = 128 (default)
2019-09-20 08:38:41,587 [pool-314-thread-1] INFO  server.RaftServerConfigKeys (ConfUtils.java:logGet(43)) - raft.server.log.statemachine.data.sync = true (default)
2019-09-20 08:38:41,587 [pool-314-thread-1] INFO  server.RaftServerConfigKeys (ConfUtils.java:logGet(43)) - raft.server.log.statemachine.data.sync.timeout = 10s (default)
2019-09-20 08:38:41,587 [pool-314-thread-1] INFO  server.RaftServerConfigKeys (ConfUtils.java:logGet(43)) - raft.server.log.statemachine.data.sync.timeout.retry = -1 (default)
2019-09-20 08:38:41,587 [pool-314-thread-1] INFO  server.RaftServerConfigKeys (ConfUtils.java:logGet(43)) - raft.server.log.statemachine.data.caching.enabled = true (custom)
2019-09-20 08:38:41,588 [pool-314-thread-1] INFO  segmented.SegmentedRaftLogWorker (SegmentedRaftLogWorker.java:lambda$new$0(132)) - 94e01da5-69fc-47f8-9cb6-206c4d0ff2c1-SegmentedRaftLogWorker:Storage Directory /workdir/hadoop-ozone/ozonefs/target/test-dir/MiniOzoneClusterImpl-91d92c25-20d7-4a60-97d2-df3786b0ca5e/datanode-2/data/ratis/883f2871-ef41-4eb2-9b37-f1abde923ccb: flushIndex: setUnconditionally 0 -> -1
2019-09-20 08:38:41,588 [pool-314-thread-1] INFO  server.RaftServerConfigKeys (ConfUtils.java:logGet(43)) - raft.server.snapshot.auto.trigger.enabled = true (custom)
2019-09-20 08:38:41,588 [pool-314-thread-1] INFO  server.RaftServerConfigKeys (ConfUtils.java:logGet(43)) - raft.server.snapshot.auto.trigger.threshold = 10000 (custom)
2019-09-20 08:38:41,588 [pool-314-thread-1] INFO  server.RaftServerConfigKeys (ConfUtils.java:logGet(43)) - raft.server.retrycache.expirytime = 600000ms (custom)
2019-09-20 08:38:41,589 [pool-314-thread-1] INFO  impl.RaftServerImpl (RaftServerImpl.java:start(180)) - 94e01da5-69fc-47f8-9cb6-206c4d0ff2c1: start group-F1ABDE923CCB
2019-09-20 08:38:41,589 [pool-314-thread-1] INFO  impl.RaftServerImpl (RaftServerImpl.java:setRole(171)) - 94e01da5-69fc-47f8-9cb6-206c4d0ff2c1:group-F1ABDE923CCB changes role from null to FOLLOWER at term 0 for startAsFollower
2019-09-20 08:38:41,589 [pool-314-thread-1] INFO  impl.RoleInfo (RoleInfo.java:updateAndGet(143)) - 94e01da5-69fc-47f8-9cb6-206c4d0ff2c1: start FollowerState
2019-09-20 08:38:41,589 [pool-314-thread-1] INFO  util.JmxRegister (JmxRegister.java:tryRegister(44)) - Successfully registered JMX Bean with object name Ratis:service=RaftServer,group=group-F1ABDE923CCB,id=94e01da5-69fc-47f8-9cb6-206c4d0ff2c1
2019-09-20 08:38:41,592 [RatisPipelineUtilsThread] INFO  pipeline.PipelineStateManager (PipelineStateManager.java:addPipeline(56)) - Created pipeline Pipeline[ Id: 883f2871-ef41-4eb2-9b37-f1abde923ccb, Nodes: 94e01da5-69fc-47f8-9cb6-206c4d0ff2c1{ip: 192.168.36.79, host: pr-hdds-1569-s8kj2-2266485376, networkLocation: /default-rack, certSerialId: null}, Type:RATIS, Factor:ONE, State:OPEN]
2019-09-20 08:38:41,593 [RatisPipelineUtilsThread] INFO  pipeline.PipelinePlacementPolicy (PipelinePlacementPolicy.java:meetCriteria(91)) - Pipeline Placement: Doesn't meet the criteria to be viable node： 4c68c9f7-fd0b-45cb-be6c-07622c529b6d Heaviness: 6 limit: 5
2019-09-20 08:38:41,598 [grpc-default-executor-0] INFO  impl.RaftServerProxy (RaftServerProxy.java:addNew(89)) - 17688808-c4a5-475e-9b35-5fbd5f50591a: addNew group-48FBDBD7CD44:[17688808-c4a5-475e-9b35-5fbd5f50591a:192.168.36.79:42065] returns group-48FBDBD7CD44:java.util.concurrent.CompletableFuture@175ec586[Not completed]
2019-09-20 08:38:41,599 [pool-303-thread-1] INFO  impl.RaftServerImpl (RaftServerImpl.java:<init>(93)) - 17688808-c4a5-475e-9b35-5fbd5f50591a: new RaftServerImpl for group-48FBDBD7CD44:[17688808-c4a5-475e-9b35-5fbd5f50591a:192.168.36.79:42065] with ContainerStateMachine:uninitialized
2019-09-20 08:38:41,599 [pool-303-thread-1] INFO  server.RaftServerConfigKeys (ConfUtils.java:logGet(43)) - raft.server.rpc.timeout.min = 5s (custom)
2019-09-20 08:38:41,599 [pool-303-thread-1] INFO  server.RaftServerConfigKeys (ConfUtils.java:logGet(43)) - raft.server.rpc.timeout.max = 5200ms (custom)
2019-09-20 08:38:41,599 [pool-303-thread-1] INFO  server.RaftServerConfigKeys (ConfUtils.java:logGet(43)) - raft.server.rpcslowness.timeout = 120s (custom)
2019-09-20 08:38:41,599 [pool-303-thread-1] INFO  server.RaftServerConfigKeys (ConfUtils.java:logGet(43)) - raft.server.sleep.deviation.threshold = 300 (default)
2019-09-20 08:38:41,599 [pool-303-thread-1] INFO  server.RaftServerConfigKeys (ConfUtils.java:logGet(43)) - raft.server.log.appender.install.snapshot.enabled = false (custom)
2019-09-20 08:38:41,600 [pool-303-thread-1] INFO  impl.RaftServerImpl (ServerState.java:<init>(105)) - 17688808-c4a5-475e-9b35-5fbd5f50591a:group-48FBDBD7CD44 ConfigurationManager, init=-1: [17688808-c4a5-475e-9b35-5fbd5f50591a:192.168.36.79:42065], old=null, confs=<EMPTY_MAP>
2019-09-20 08:38:41,600 [pool-303-thread-1] INFO  server.RaftServerConfigKeys (ConfUtils.java:logGet(43)) - raft.server.storage.dir = [/workdir/hadoop-ozone/ozonefs/target/test-dir/MiniOzoneClusterImpl-91d92c25-20d7-4a60-97d2-df3786b0ca5e/datanode-1/data/ratis] (custom)
2019-09-20 08:38:41,600 [pool-303-thread-1] INFO  storage.RaftStorageDirectory (RaftStorageDirectory.java:analyzeStorage(246)) - The storage directory /workdir/hadoop-ozone/ozonefs/target/test-dir/MiniOzoneClusterImpl-91d92c25-20d7-4a60-97d2-df3786b0ca5e/datanode-1/data/ratis/b530f96a-f063-494d-a28f-48fbdbd7cd44 does not exist. Creating ...
2019-09-20 08:38:41,626 [pool-303-thread-1] INFO  storage.RaftStorageDirectory (RaftStorageDirectory.java:tryLock(328)) - Lock on /workdir/hadoop-ozone/ozonefs/target/test-dir/MiniOzoneClusterImpl-91d92c25-20d7-4a60-97d2-df3786b0ca5e/datanode-1/data/ratis/b530f96a-f063-494d-a28f-48fbdbd7cd44/in_use.lock acquired by nodename 25669@pr-hdds-1569-s8kj2-2266485376
2019-09-20 08:38:41,651 [pool-303-thread-1] INFO  storage.RaftStorage (RaftStorage.java:format(72)) - Storage directory /workdir/hadoop-ozone/ozonefs/target/test-dir/MiniOzoneClusterImpl-91d92c25-20d7-4a60-97d2-df3786b0ca5e/datanode-1/data/ratis/b530f96a-f063-494d-a28f-48fbdbd7cd44 has been successfully formatted.
2019-09-20 08:38:41,652 [pool-303-thread-1] INFO  ratis.ContainerStateMachine (ContainerStateMachine.java:loadSnapshot(226)) - group-48FBDBD7CD44: The snapshot info is null. Setting the last applied indexto:(t:0, i:~)
2019-09-20 08:38:41,652 [pool-303-thread-1] INFO  server.RaftServerConfigKeys (ConfUtils.java:logGet(43)) - raft.server.leader.election.timeout = 120s (custom)
2019-09-20 08:38:41,652 [pool-303-thread-1] INFO  server.RaftServerConfigKeys (ConfUtils.java:logGet(43)) - raft.server.log.use.memory = false (default)
2019-09-20 08:38:41,652 [pool-303-thread-1] INFO  server.RaftServerConfigKeys (ConfUtils.java:logGet(43)) - raft.server.log.purge.gap = 1000000 (custom)
2019-09-20 08:38:41,652 [pool-303-thread-1] INFO  server.RaftServerConfigKeys (ConfUtils.java:logGet(43)) - raft.server.log.appender.buffer.byte-limit = 33554432 (custom)
2019-09-20 08:38:41,652 [pool-303-thread-1] INFO  server.RaftServerConfigKeys (ConfUtils.java:logGet(43)) - raft.server.log.segment.size.max = 1048576 (custom)
2019-09-20 08:38:41,653 [pool-303-thread-1] INFO  server.RaftServerConfigKeys (ConfUtils.java:logGet(43)) - raft.server.log.segment.cache.num.max = 2 (custom)
2019-09-20 08:38:41,653 [pool-303-thread-1] INFO  segmented.SegmentedRaftLogWorker (SegmentedRaftLogWorker.java:<init>(172)) - new 17688808-c4a5-475e-9b35-5fbd5f50591a-SegmentedRaftLogWorker:Storage Directory /workdir/hadoop-ozone/ozonefs/target/test-dir/MiniOzoneClusterImpl-91d92c25-20d7-4a60-97d2-df3786b0ca5e/datanode-1/data/ratis/b530f96a-f063-494d-a28f-48fbdbd7cd44 for RaftStorage:Storage Directory /workdir/hadoop-ozone/ozonefs/target/test-dir/MiniOzoneClusterImpl-91d92c25-20d7-4a60-97d2-df3786b0ca5e/datanode-1/data/ratis/b530f96a-f063-494d-a28f-48fbdbd7cd44
2019-09-20 08:38:41,653 [pool-303-thread-1] INFO  server.RaftServerConfigKeys (ConfUtils.java:logGet(43)) - raft.server.log.queue.byte-limit = 2147483647 (custom)
2019-09-20 08:38:41,653 [pool-303-thread-1] INFO  server.RaftServerConfigKeys (ConfUtils.java:logGet(43)) - raft.server.log.queue.element-limit = 1024 (custom)
2019-09-20 08:38:41,653 [pool-303-thread-1] INFO  server.RaftServerConfigKeys (ConfUtils.java:logGet(43)) - raft.server.log.segment.size.max = 1048576 (custom)
2019-09-20 08:38:41,654 [pool-303-thread-1] INFO  server.RaftServerConfigKeys (ConfUtils.java:logGet(43)) - raft.server.log.preallocated.size = 16384 (custom)
2019-09-20 08:38:41,654 [pool-303-thread-1] INFO  server.RaftServerConfigKeys (ConfUtils.java:logGet(43)) - raft.server.log.write.buffer.size = 33554432 (custom)
2019-09-20 08:38:41,654 [pool-303-thread-1] INFO  server.RaftServerConfigKeys (ConfUtils.java:logGet(43)) - raft.server.log.force.sync.num = 128 (default)
2019-09-20 08:38:41,654 [pool-303-thread-1] INFO  server.RaftServerConfigKeys (ConfUtils.java:logGet(43)) - raft.server.log.statemachine.data.sync = true (default)
2019-09-20 08:38:41,654 [pool-303-thread-1] INFO  server.RaftServerConfigKeys (ConfUtils.java:logGet(43)) - raft.server.log.statemachine.data.sync.timeout = 10s (default)
2019-09-20 08:38:41,654 [pool-303-thread-1] INFO  server.RaftServerConfigKeys (ConfUtils.java:logGet(43)) - raft.server.log.statemachine.data.sync.timeout.retry = -1 (default)
2019-09-20 08:38:41,655 [pool-303-thread-1] INFO  server.RaftServerConfigKeys (ConfUtils.java:logGet(43)) - raft.server.log.statemachine.data.caching.enabled = true (custom)
2019-09-20 08:38:41,655 [pool-303-thread-1] INFO  segmented.SegmentedRaftLogWorker (SegmentedRaftLogWorker.java:lambda$new$0(132)) - 17688808-c4a5-475e-9b35-5fbd5f50591a-SegmentedRaftLogWorker:Storage Directory /workdir/hadoop-ozone/ozonefs/target/test-dir/MiniOzoneClusterImpl-91d92c25-20d7-4a60-97d2-df3786b0ca5e/datanode-1/data/ratis/b530f96a-f063-494d-a28f-48fbdbd7cd44: flushIndex: setUnconditionally 0 -> -1
2019-09-20 08:38:41,655 [pool-303-thread-1] INFO  server.RaftServerConfigKeys (ConfUtils.java:logGet(43)) - raft.server.snapshot.auto.trigger.enabled = true (custom)
2019-09-20 08:38:41,656 [pool-303-thread-1] INFO  server.RaftServerConfigKeys (ConfUtils.java:logGet(43)) - raft.server.snapshot.auto.trigger.threshold = 10000 (custom)
2019-09-20 08:38:41,656 [pool-303-thread-1] INFO  server.RaftServerConfigKeys (ConfUtils.java:logGet(43)) - raft.server.retrycache.expirytime = 600000ms (custom)
2019-09-20 08:38:41,656 [pool-303-thread-1] INFO  impl.RaftServerImpl (RaftServerImpl.java:start(180)) - 17688808-c4a5-475e-9b35-5fbd5f50591a: start group-48FBDBD7CD44
2019-09-20 08:38:41,656 [pool-303-thread-1] INFO  impl.RaftServerImpl (RaftServerImpl.java:setRole(171)) - 17688808-c4a5-475e-9b35-5fbd5f50591a:group-48FBDBD7CD44 changes role from null to FOLLOWER at term 0 for startAsFollower
2019-09-20 08:38:41,656 [pool-303-thread-1] INFO  impl.RoleInfo (RoleInfo.java:updateAndGet(143)) - 17688808-c4a5-475e-9b35-5fbd5f50591a: start FollowerState
2019-09-20 08:38:41,657 [pool-303-thread-1] INFO  util.JmxRegister (JmxRegister.java:tryRegister(44)) - Successfully registered JMX Bean with object name Ratis:service=RaftServer,group=group-48FBDBD7CD44,id=17688808-c4a5-475e-9b35-5fbd5f50591a
2019-09-20 08:38:41,660 [RatisPipelineUtilsThread] INFO  pipeline.PipelineStateManager (PipelineStateManager.java:addPipeline(56)) - Created pipeline Pipeline[ Id: b530f96a-f063-494d-a28f-48fbdbd7cd44, Nodes: 17688808-c4a5-475e-9b35-5fbd5f50591a{ip: 192.168.36.79, host: pr-hdds-1569-s8kj2-2266485376, networkLocation: /default-rack, certSerialId: null}, Type:RATIS, Factor:ONE, State:OPEN]
2019-09-20 08:38:41,660 [RatisPipelineUtilsThread] INFO  pipeline.PipelinePlacementPolicy (PipelinePlacementPolicy.java:meetCriteria(91)) - Pipeline Placement: Doesn't meet the criteria to be viable node： 4c68c9f7-fd0b-45cb-be6c-07622c529b6d Heaviness: 6 limit: 5
2019-09-20 08:38:41,666 [grpc-default-executor-0] INFO  impl.RaftServerProxy (RaftServerProxy.java:addNew(89)) - 17688808-c4a5-475e-9b35-5fbd5f50591a: addNew group-F77CC649759C:[17688808-c4a5-475e-9b35-5fbd5f50591a:192.168.36.79:42065] returns group-F77CC649759C:java.util.concurrent.CompletableFuture@8f841d8[Not completed]
2019-09-20 08:38:41,667 [pool-303-thread-1] INFO  impl.RaftServerImpl (RaftServerImpl.java:<init>(93)) - 17688808-c4a5-475e-9b35-5fbd5f50591a: new RaftServerImpl for group-F77CC649759C:[17688808-c4a5-475e-9b35-5fbd5f50591a:192.168.36.79:42065] with ContainerStateMachine:uninitialized
2019-09-20 08:38:41,668 [pool-303-thread-1] INFO  server.RaftServerConfigKeys (ConfUtils.java:logGet(43)) - raft.server.rpc.timeout.min = 5s (custom)
2019-09-20 08:38:41,668 [pool-303-thread-1] INFO  server.RaftServerConfigKeys (ConfUtils.java:logGet(43)) - raft.server.rpc.timeout.max = 5200ms (custom)
2019-09-20 08:38:41,668 [pool-303-thread-1] INFO  server.RaftServerConfigKeys (ConfUtils.java:logGet(43)) - raft.server.rpcslowness.timeout = 120s (custom)
2019-09-20 08:38:41,668 [pool-303-thread-1] INFO  server.RaftServerConfigKeys (ConfUtils.java:logGet(43)) - raft.server.sleep.deviation.threshold = 300 (default)
2019-09-20 08:38:41,668 [pool-303-thread-1] INFO  server.RaftServerConfigKeys (ConfUtils.java:logGet(43)) - raft.server.log.appender.install.snapshot.enabled = false (custom)
2019-09-20 08:38:41,668 [pool-303-thread-1] INFO  impl.RaftServerImpl (ServerState.java:<init>(105)) - 17688808-c4a5-475e-9b35-5fbd5f50591a:group-F77CC649759C ConfigurationManager, init=-1: [17688808-c4a5-475e-9b35-5fbd5f50591a:192.168.36.79:42065], old=null, confs=<EMPTY_MAP>
2019-09-20 08:38:41,668 [pool-303-thread-1] INFO  server.RaftServerConfigKeys (ConfUtils.java:logGet(43)) - raft.server.storage.dir = [/workdir/hadoop-ozone/ozonefs/target/test-dir/MiniOzoneClusterImpl-91d92c25-20d7-4a60-97d2-df3786b0ca5e/datanode-1/data/ratis] (custom)
2019-09-20 08:38:41,669 [pool-303-thread-1] INFO  storage.RaftStorageDirectory (RaftStorageDirectory.java:analyzeStorage(246)) - The storage directory /workdir/hadoop-ozone/ozonefs/target/test-dir/MiniOzoneClusterImpl-91d92c25-20d7-4a60-97d2-df3786b0ca5e/datanode-1/data/ratis/00ab1e18-0e2b-4680-8c52-f77cc649759c does not exist. Creating ...
2019-09-20 08:38:41,693 [pool-303-thread-1] INFO  storage.RaftStorageDirectory (RaftStorageDirectory.java:tryLock(328)) - Lock on /workdir/hadoop-ozone/ozonefs/target/test-dir/MiniOzoneClusterImpl-91d92c25-20d7-4a60-97d2-df3786b0ca5e/datanode-1/data/ratis/00ab1e18-0e2b-4680-8c52-f77cc649759c/in_use.lock acquired by nodename 25669@pr-hdds-1569-s8kj2-2266485376
2019-09-20 08:38:41,710 [pool-303-thread-1] INFO  storage.RaftStorage (RaftStorage.java:format(72)) - Storage directory /workdir/hadoop-ozone/ozonefs/target/test-dir/MiniOzoneClusterImpl-91d92c25-20d7-4a60-97d2-df3786b0ca5e/datanode-1/data/ratis/00ab1e18-0e2b-4680-8c52-f77cc649759c has been successfully formatted.
2019-09-20 08:38:41,711 [pool-303-thread-1] INFO  ratis.ContainerStateMachine (ContainerStateMachine.java:loadSnapshot(226)) - group-F77CC649759C: The snapshot info is null. Setting the last applied indexto:(t:0, i:~)
2019-09-20 08:38:41,711 [pool-303-thread-1] INFO  server.RaftServerConfigKeys (ConfUtils.java:logGet(43)) - raft.server.leader.election.timeout = 120s (custom)
2019-09-20 08:38:41,711 [pool-303-thread-1] INFO  server.RaftServerConfigKeys (ConfUtils.java:logGet(43)) - raft.server.log.use.memory = false (default)
2019-09-20 08:38:41,711 [pool-303-thread-1] INFO  server.RaftServerConfigKeys (ConfUtils.java:logGet(43)) - raft.server.log.purge.gap = 1000000 (custom)
2019-09-20 08:38:41,711 [pool-303-thread-1] INFO  server.RaftServerConfigKeys (ConfUtils.java:logGet(43)) - raft.server.log.appender.buffer.byte-limit = 33554432 (custom)
2019-09-20 08:38:41,711 [pool-303-thread-1] INFO  server.RaftServerConfigKeys (ConfUtils.java:logGet(43)) - raft.server.log.segment.size.max = 1048576 (custom)
2019-09-20 08:38:41,712 [pool-303-thread-1] INFO  server.RaftServerConfigKeys (ConfUtils.java:logGet(43)) - raft.server.log.segment.cache.num.max = 2 (custom)
2019-09-20 08:38:41,712 [pool-303-thread-1] INFO  segmented.SegmentedRaftLogWorker (SegmentedRaftLogWorker.java:<init>(172)) - new 17688808-c4a5-475e-9b35-5fbd5f50591a-SegmentedRaftLogWorker:Storage Directory /workdir/hadoop-ozone/ozonefs/target/test-dir/MiniOzoneClusterImpl-91d92c25-20d7-4a60-97d2-df3786b0ca5e/datanode-1/data/ratis/00ab1e18-0e2b-4680-8c52-f77cc649759c for RaftStorage:Storage Directory /workdir/hadoop-ozone/ozonefs/target/test-dir/MiniOzoneClusterImpl-91d92c25-20d7-4a60-97d2-df3786b0ca5e/datanode-1/data/ratis/00ab1e18-0e2b-4680-8c52-f77cc649759c
2019-09-20 08:38:41,712 [pool-303-thread-1] INFO  server.RaftServerConfigKeys (ConfUtils.java:logGet(43)) - raft.server.log.queue.byte-limit = 2147483647 (custom)
2019-09-20 08:38:41,712 [pool-303-thread-1] INFO  server.RaftServerConfigKeys (ConfUtils.java:logGet(43)) - raft.server.log.queue.element-limit = 1024 (custom)
2019-09-20 08:38:41,712 [pool-303-thread-1] INFO  server.RaftServerConfigKeys (ConfUtils.java:logGet(43)) - raft.server.log.segment.size.max = 1048576 (custom)
2019-09-20 08:38:41,712 [pool-303-thread-1] INFO  server.RaftServerConfigKeys (ConfUtils.java:logGet(43)) - raft.server.log.preallocated.size = 16384 (custom)
2019-09-20 08:38:41,713 [pool-303-thread-1] INFO  server.RaftServerConfigKeys (ConfUtils.java:logGet(43)) - raft.server.log.write.buffer.size = 33554432 (custom)
2019-09-20 08:38:41,713 [pool-303-thread-1] INFO  server.RaftServerConfigKeys (ConfUtils.java:logGet(43)) - raft.server.log.force.sync.num = 128 (default)
2019-09-20 08:38:41,713 [pool-303-thread-1] INFO  server.RaftServerConfigKeys (ConfUtils.java:logGet(43)) - raft.server.log.statemachine.data.sync = true (default)
2019-09-20 08:38:41,713 [pool-303-thread-1] INFO  server.RaftServerConfigKeys (ConfUtils.java:logGet(43)) - raft.server.log.statemachine.data.sync.timeout = 10s (default)
2019-09-20 08:38:41,713 [pool-303-thread-1] INFO  server.RaftServerConfigKeys (ConfUtils.java:logGet(43)) - raft.server.log.statemachine.data.sync.timeout.retry = -1 (default)
2019-09-20 08:38:41,713 [pool-303-thread-1] INFO  server.RaftServerConfigKeys (ConfUtils.java:logGet(43)) - raft.server.log.statemachine.data.caching.enabled = true (custom)
2019-09-20 08:38:41,714 [pool-303-thread-1] INFO  segmented.SegmentedRaftLogWorker (SegmentedRaftLogWorker.java:lambda$new$0(132)) - 17688808-c4a5-475e-9b35-5fbd5f50591a-SegmentedRaftLogWorker:Storage Directory /workdir/hadoop-ozone/ozonefs/target/test-dir/MiniOzoneClusterImpl-91d92c25-20d7-4a60-97d2-df3786b0ca5e/datanode-1/data/ratis/00ab1e18-0e2b-4680-8c52-f77cc649759c: flushIndex: setUnconditionally 0 -> -1
2019-09-20 08:38:41,714 [pool-303-thread-1] INFO  server.RaftServerConfigKeys (ConfUtils.java:logGet(43)) - raft.server.snapshot.auto.trigger.enabled = true (custom)
2019-09-20 08:38:41,714 [pool-303-thread-1] INFO  server.RaftServerConfigKeys (ConfUtils.java:logGet(43)) - raft.server.snapshot.auto.trigger.threshold = 10000 (custom)
2019-09-20 08:38:41,714 [pool-303-thread-1] INFO  server.RaftServerConfigKeys (ConfUtils.java:logGet(43)) - raft.server.retrycache.expirytime = 600000ms (custom)
2019-09-20 08:38:41,715 [pool-303-thread-1] INFO  impl.RaftServerImpl (RaftServerImpl.java:start(180)) - 17688808-c4a5-475e-9b35-5fbd5f50591a: start group-F77CC649759C
2019-09-20 08:38:41,715 [pool-303-thread-1] INFO  impl.RaftServerImpl (RaftServerImpl.java:setRole(171)) - 17688808-c4a5-475e-9b35-5fbd5f50591a:group-F77CC649759C changes role from null to FOLLOWER at term 0 for startAsFollower
2019-09-20 08:38:41,715 [pool-303-thread-1] INFO  impl.RoleInfo (RoleInfo.java:updateAndGet(143)) - 17688808-c4a5-475e-9b35-5fbd5f50591a: start FollowerState
2019-09-20 08:38:41,715 [pool-303-thread-1] INFO  util.JmxRegister (JmxRegister.java:tryRegister(44)) - Successfully registered JMX Bean with object name Ratis:service=RaftServer,group=group-F77CC649759C,id=17688808-c4a5-475e-9b35-5fbd5f50591a
2019-09-20 08:38:41,718 [RatisPipelineUtilsThread] INFO  pipeline.PipelineStateManager (PipelineStateManager.java:addPipeline(56)) - Created pipeline Pipeline[ Id: 00ab1e18-0e2b-4680-8c52-f77cc649759c, Nodes: 17688808-c4a5-475e-9b35-5fbd5f50591a{ip: 192.168.36.79, host: pr-hdds-1569-s8kj2-2266485376, networkLocation: /default-rack, certSerialId: null}, Type:RATIS, Factor:ONE, State:OPEN]
2019-09-20 08:38:41,718 [RatisPipelineUtilsThread] INFO  pipeline.PipelinePlacementPolicy (PipelinePlacementPolicy.java:meetCriteria(91)) - Pipeline Placement: Doesn't meet the criteria to be viable node： 4c68c9f7-fd0b-45cb-be6c-07622c529b6d Heaviness: 6 limit: 5
2019-09-20 08:38:41,725 [grpc-default-executor-0] INFO  impl.RaftServerProxy (RaftServerProxy.java:addNew(89)) - 17688808-c4a5-475e-9b35-5fbd5f50591a: addNew group-5317E1D13DB2:[17688808-c4a5-475e-9b35-5fbd5f50591a:192.168.36.79:42065] returns group-5317E1D13DB2:java.util.concurrent.CompletableFuture@43f1ef76[Not completed]
2019-09-20 08:38:41,726 [pool-303-thread-1] INFO  impl.RaftServerImpl (RaftServerImpl.java:<init>(93)) - 17688808-c4a5-475e-9b35-5fbd5f50591a: new RaftServerImpl for group-5317E1D13DB2:[17688808-c4a5-475e-9b35-5fbd5f50591a:192.168.36.79:42065] with ContainerStateMachine:uninitialized
2019-09-20 08:38:41,726 [pool-303-thread-1] INFO  server.RaftServerConfigKeys (ConfUtils.java:logGet(43)) - raft.server.rpc.timeout.min = 5s (custom)
2019-09-20 08:38:41,726 [pool-303-thread-1] INFO  server.RaftServerConfigKeys (ConfUtils.java:logGet(43)) - raft.server.rpc.timeout.max = 5200ms (custom)
2019-09-20 08:38:41,726 [pool-303-thread-1] INFO  server.RaftServerConfigKeys (ConfUtils.java:logGet(43)) - raft.server.rpcslowness.timeout = 120s (custom)
2019-09-20 08:38:41,726 [pool-303-thread-1] INFO  server.RaftServerConfigKeys (ConfUtils.java:logGet(43)) - raft.server.sleep.deviation.threshold = 300 (default)
2019-09-20 08:38:41,726 [pool-303-thread-1] INFO  server.RaftServerConfigKeys (ConfUtils.java:logGet(43)) - raft.server.log.appender.install.snapshot.enabled = false (custom)
2019-09-20 08:38:41,727 [pool-303-thread-1] INFO  impl.RaftServerImpl (ServerState.java:<init>(105)) - 17688808-c4a5-475e-9b35-5fbd5f50591a:group-5317E1D13DB2 ConfigurationManager, init=-1: [17688808-c4a5-475e-9b35-5fbd5f50591a:192.168.36.79:42065], old=null, confs=<EMPTY_MAP>
2019-09-20 08:38:41,727 [pool-303-thread-1] INFO  server.RaftServerConfigKeys (ConfUtils.java:logGet(43)) - raft.server.storage.dir = [/workdir/hadoop-ozone/ozonefs/target/test-dir/MiniOzoneClusterImpl-91d92c25-20d7-4a60-97d2-df3786b0ca5e/datanode-1/data/ratis] (custom)
2019-09-20 08:38:41,727 [pool-303-thread-1] INFO  storage.RaftStorageDirectory (RaftStorageDirectory.java:analyzeStorage(246)) - The storage directory /workdir/hadoop-ozone/ozonefs/target/test-dir/MiniOzoneClusterImpl-91d92c25-20d7-4a60-97d2-df3786b0ca5e/datanode-1/data/ratis/e80992de-f227-4f72-aa9e-5317e1d13db2 does not exist. Creating ...
2019-09-20 08:38:41,752 [pool-303-thread-1] INFO  storage.RaftStorageDirectory (RaftStorageDirectory.java:tryLock(328)) - Lock on /workdir/hadoop-ozone/ozonefs/target/test-dir/MiniOzoneClusterImpl-91d92c25-20d7-4a60-97d2-df3786b0ca5e/datanode-1/data/ratis/e80992de-f227-4f72-aa9e-5317e1d13db2/in_use.lock acquired by nodename 25669@pr-hdds-1569-s8kj2-2266485376
2019-09-20 08:38:41,778 [pool-303-thread-1] INFO  storage.RaftStorage (RaftStorage.java:format(72)) - Storage directory /workdir/hadoop-ozone/ozonefs/target/test-dir/MiniOzoneClusterImpl-91d92c25-20d7-4a60-97d2-df3786b0ca5e/datanode-1/data/ratis/e80992de-f227-4f72-aa9e-5317e1d13db2 has been successfully formatted.
2019-09-20 08:38:41,778 [pool-303-thread-1] INFO  ratis.ContainerStateMachine (ContainerStateMachine.java:loadSnapshot(226)) - group-5317E1D13DB2: The snapshot info is null. Setting the last applied indexto:(t:0, i:~)
2019-09-20 08:38:41,778 [pool-303-thread-1] INFO  server.RaftServerConfigKeys (ConfUtils.java:logGet(43)) - raft.server.leader.election.timeout = 120s (custom)
2019-09-20 08:38:41,778 [pool-303-thread-1] INFO  server.RaftServerConfigKeys (ConfUtils.java:logGet(43)) - raft.server.log.use.memory = false (default)
2019-09-20 08:38:41,778 [pool-303-thread-1] INFO  server.RaftServerConfigKeys (ConfUtils.java:logGet(43)) - raft.server.log.purge.gap = 1000000 (custom)
2019-09-20 08:38:41,779 [pool-303-thread-1] INFO  server.RaftServerConfigKeys (ConfUtils.java:logGet(43)) - raft.server.log.appender.buffer.byte-limit = 33554432 (custom)
2019-09-20 08:38:41,779 [pool-303-thread-1] INFO  server.RaftServerConfigKeys (ConfUtils.java:logGet(43)) - raft.server.log.segment.size.max = 1048576 (custom)
2019-09-20 08:38:41,779 [pool-303-thread-1] INFO  server.RaftServerConfigKeys (ConfUtils.java:logGet(43)) - raft.server.log.segment.cache.num.max = 2 (custom)
2019-09-20 08:38:41,779 [pool-303-thread-1] INFO  segmented.SegmentedRaftLogWorker (SegmentedRaftLogWorker.java:<init>(172)) - new 17688808-c4a5-475e-9b35-5fbd5f50591a-SegmentedRaftLogWorker:Storage Directory /workdir/hadoop-ozone/ozonefs/target/test-dir/MiniOzoneClusterImpl-91d92c25-20d7-4a60-97d2-df3786b0ca5e/datanode-1/data/ratis/e80992de-f227-4f72-aa9e-5317e1d13db2 for RaftStorage:Storage Directory /workdir/hadoop-ozone/ozonefs/target/test-dir/MiniOzoneClusterImpl-91d92c25-20d7-4a60-97d2-df3786b0ca5e/datanode-1/data/ratis/e80992de-f227-4f72-aa9e-5317e1d13db2
2019-09-20 08:38:41,779 [pool-303-thread-1] INFO  server.RaftServerConfigKeys (ConfUtils.java:logGet(43)) - raft.server.log.queue.byte-limit = 2147483647 (custom)
2019-09-20 08:38:41,779 [pool-303-thread-1] INFO  server.RaftServerConfigKeys (ConfUtils.java:logGet(43)) - raft.server.log.queue.element-limit = 1024 (custom)
2019-09-20 08:38:41,780 [pool-303-thread-1] INFO  server.RaftServerConfigKeys (ConfUtils.java:logGet(43)) - raft.server.log.segment.size.max = 1048576 (custom)
2019-09-20 08:38:41,780 [pool-303-thread-1] INFO  server.RaftServerConfigKeys (ConfUtils.java:logGet(43)) - raft.server.log.preallocated.size = 16384 (custom)
2019-09-20 08:38:41,780 [pool-303-thread-1] INFO  server.RaftServerConfigKeys (ConfUtils.java:logGet(43)) - raft.server.log.write.buffer.size = 33554432 (custom)
2019-09-20 08:38:41,780 [pool-303-thread-1] INFO  server.RaftServerConfigKeys (ConfUtils.java:logGet(43)) - raft.server.log.force.sync.num = 128 (default)
2019-09-20 08:38:41,780 [pool-303-thread-1] INFO  server.RaftServerConfigKeys (ConfUtils.java:logGet(43)) - raft.server.log.statemachine.data.sync = true (default)
2019-09-20 08:38:41,780 [pool-303-thread-1] INFO  server.RaftServerConfigKeys (ConfUtils.java:logGet(43)) - raft.server.log.statemachine.data.sync.timeout = 10s (default)
2019-09-20 08:38:41,780 [pool-303-thread-1] INFO  server.RaftServerConfigKeys (ConfUtils.java:logGet(43)) - raft.server.log.statemachine.data.sync.timeout.retry = -1 (default)
2019-09-20 08:38:41,781 [pool-303-thread-1] INFO  server.RaftServerConfigKeys (ConfUtils.java:logGet(43)) - raft.server.log.statemachine.data.caching.enabled = true (custom)
2019-09-20 08:38:41,781 [pool-303-thread-1] INFO  segmented.SegmentedRaftLogWorker (SegmentedRaftLogWorker.java:lambda$new$0(132)) - 17688808-c4a5-475e-9b35-5fbd5f50591a-SegmentedRaftLogWorker:Storage Directory /workdir/hadoop-ozone/ozonefs/target/test-dir/MiniOzoneClusterImpl-91d92c25-20d7-4a60-97d2-df3786b0ca5e/datanode-1/data/ratis/e80992de-f227-4f72-aa9e-5317e1d13db2: flushIndex: setUnconditionally 0 -> -1
2019-09-20 08:38:41,781 [pool-303-thread-1] INFO  server.RaftServerConfigKeys (ConfUtils.java:logGet(43)) - raft.server.snapshot.auto.trigger.enabled = true (custom)
2019-09-20 08:38:41,781 [pool-303-thread-1] INFO  server.RaftServerConfigKeys (ConfUtils.java:logGet(43)) - raft.server.snapshot.auto.trigger.threshold = 10000 (custom)
2019-09-20 08:38:41,782 [pool-303-thread-1] INFO  server.RaftServerConfigKeys (ConfUtils.java:logGet(43)) - raft.server.retrycache.expirytime = 600000ms (custom)
2019-09-20 08:38:41,782 [pool-303-thread-1] INFO  impl.RaftServerImpl (RaftServerImpl.java:start(180)) - 17688808-c4a5-475e-9b35-5fbd5f50591a: start group-5317E1D13DB2
2019-09-20 08:38:41,782 [pool-303-thread-1] INFO  impl.RaftServerImpl (RaftServerImpl.java:setRole(171)) - 17688808-c4a5-475e-9b35-5fbd5f50591a:group-5317E1D13DB2 changes role from null to FOLLOWER at term 0 for startAsFollower
2019-09-20 08:38:41,782 [pool-303-thread-1] INFO  impl.RoleInfo (RoleInfo.java:updateAndGet(143)) - 17688808-c4a5-475e-9b35-5fbd5f50591a: start FollowerState
2019-09-20 08:38:41,782 [pool-303-thread-1] INFO  util.JmxRegister (JmxRegister.java:tryRegister(44)) - Successfully registered JMX Bean with object name Ratis:service=RaftServer,group=group-5317E1D13DB2,id=17688808-c4a5-475e-9b35-5fbd5f50591a
2019-09-20 08:38:41,785 [RatisPipelineUtilsThread] INFO  pipeline.PipelineStateManager (PipelineStateManager.java:addPipeline(56)) - Created pipeline Pipeline[ Id: e80992de-f227-4f72-aa9e-5317e1d13db2, Nodes: 17688808-c4a5-475e-9b35-5fbd5f50591a{ip: 192.168.36.79, host: pr-hdds-1569-s8kj2-2266485376, networkLocation: /default-rack, certSerialId: null}, Type:RATIS, Factor:ONE, State:OPEN]
2019-09-20 08:38:41,786 [RatisPipelineUtilsThread] INFO  pipeline.PipelinePlacementPolicy (PipelinePlacementPolicy.java:meetCriteria(91)) - Pipeline Placement: Doesn't meet the criteria to be viable node： 4c68c9f7-fd0b-45cb-be6c-07622c529b6d Heaviness: 6 limit: 5
2019-09-20 08:38:41,792 [grpc-default-executor-0] INFO  impl.RaftServerProxy (RaftServerProxy.java:addNew(89)) - 17688808-c4a5-475e-9b35-5fbd5f50591a: addNew group-36A75094B6F0:[17688808-c4a5-475e-9b35-5fbd5f50591a:192.168.36.79:42065] returns group-36A75094B6F0:java.util.concurrent.CompletableFuture@ea82f9a[Not completed]
2019-09-20 08:38:41,793 [pool-303-thread-1] INFO  impl.RaftServerImpl (RaftServerImpl.java:<init>(93)) - 17688808-c4a5-475e-9b35-5fbd5f50591a: new RaftServerImpl for group-36A75094B6F0:[17688808-c4a5-475e-9b35-5fbd5f50591a:192.168.36.79:42065] with ContainerStateMachine:uninitialized
2019-09-20 08:38:41,793 [pool-303-thread-1] INFO  server.RaftServerConfigKeys (ConfUtils.java:logGet(43)) - raft.server.rpc.timeout.min = 5s (custom)
2019-09-20 08:38:41,793 [pool-303-thread-1] INFO  server.RaftServerConfigKeys (ConfUtils.java:logGet(43)) - raft.server.rpc.timeout.max = 5200ms (custom)
2019-09-20 08:38:41,793 [pool-303-thread-1] INFO  server.RaftServerConfigKeys (ConfUtils.java:logGet(43)) - raft.server.rpcslowness.timeout = 120s (custom)
2019-09-20 08:38:41,793 [pool-303-thread-1] INFO  server.RaftServerConfigKeys (ConfUtils.java:logGet(43)) - raft.server.sleep.deviation.threshold = 300 (default)
2019-09-20 08:38:41,793 [pool-303-thread-1] INFO  server.RaftServerConfigKeys (ConfUtils.java:logGet(43)) - raft.server.log.appender.install.snapshot.enabled = false (custom)
2019-09-20 08:38:41,794 [pool-303-thread-1] INFO  impl.RaftServerImpl (ServerState.java:<init>(105)) - 17688808-c4a5-475e-9b35-5fbd5f50591a:group-36A75094B6F0 ConfigurationManager, init=-1: [17688808-c4a5-475e-9b35-5fbd5f50591a:192.168.36.79:42065], old=null, confs=<EMPTY_MAP>
2019-09-20 08:38:41,794 [pool-303-thread-1] INFO  server.RaftServerConfigKeys (ConfUtils.java:logGet(43)) - raft.server.storage.dir = [/workdir/hadoop-ozone/ozonefs/target/test-dir/MiniOzoneClusterImpl-91d92c25-20d7-4a60-97d2-df3786b0ca5e/datanode-1/data/ratis] (custom)
2019-09-20 08:38:41,794 [pool-303-thread-1] INFO  storage.RaftStorageDirectory (RaftStorageDirectory.java:analyzeStorage(246)) - The storage directory /workdir/hadoop-ozone/ozonefs/target/test-dir/MiniOzoneClusterImpl-91d92c25-20d7-4a60-97d2-df3786b0ca5e/datanode-1/data/ratis/14d54426-584c-4dbd-b445-36a75094b6f0 does not exist. Creating ...
2019-09-20 08:38:41,811 [pool-303-thread-1] INFO  storage.RaftStorageDirectory (RaftStorageDirectory.java:tryLock(328)) - Lock on /workdir/hadoop-ozone/ozonefs/target/test-dir/MiniOzoneClusterImpl-91d92c25-20d7-4a60-97d2-df3786b0ca5e/datanode-1/data/ratis/14d54426-584c-4dbd-b445-36a75094b6f0/in_use.lock acquired by nodename 25669@pr-hdds-1569-s8kj2-2266485376
2019-09-20 08:38:41,853 [pool-303-thread-1] INFO  storage.RaftStorage (RaftStorage.java:format(72)) - Storage directory /workdir/hadoop-ozone/ozonefs/target/test-dir/MiniOzoneClusterImpl-91d92c25-20d7-4a60-97d2-df3786b0ca5e/datanode-1/data/ratis/14d54426-584c-4dbd-b445-36a75094b6f0 has been successfully formatted.
2019-09-20 08:38:41,854 [pool-303-thread-1] INFO  ratis.ContainerStateMachine (ContainerStateMachine.java:loadSnapshot(226)) - group-36A75094B6F0: The snapshot info is null. Setting the last applied indexto:(t:0, i:~)
2019-09-20 08:38:41,854 [pool-303-thread-1] INFO  server.RaftServerConfigKeys (ConfUtils.java:logGet(43)) - raft.server.leader.election.timeout = 120s (custom)
2019-09-20 08:38:41,854 [pool-303-thread-1] INFO  server.RaftServerConfigKeys (ConfUtils.java:logGet(43)) - raft.server.log.use.memory = false (default)
2019-09-20 08:38:41,854 [pool-303-thread-1] INFO  server.RaftServerConfigKeys (ConfUtils.java:logGet(43)) - raft.server.log.purge.gap = 1000000 (custom)
2019-09-20 08:38:41,854 [pool-303-thread-1] INFO  server.RaftServerConfigKeys (ConfUtils.java:logGet(43)) - raft.server.log.appender.buffer.byte-limit = 33554432 (custom)
2019-09-20 08:38:41,855 [pool-303-thread-1] INFO  server.RaftServerConfigKeys (ConfUtils.java:logGet(43)) - raft.server.log.segment.size.max = 1048576 (custom)
2019-09-20 08:38:41,855 [pool-303-thread-1] INFO  server.RaftServerConfigKeys (ConfUtils.java:logGet(43)) - raft.server.log.segment.cache.num.max = 2 (custom)
2019-09-20 08:38:41,855 [pool-303-thread-1] INFO  segmented.SegmentedRaftLogWorker (SegmentedRaftLogWorker.java:<init>(172)) - new 17688808-c4a5-475e-9b35-5fbd5f50591a-SegmentedRaftLogWorker:Storage Directory /workdir/hadoop-ozone/ozonefs/target/test-dir/MiniOzoneClusterImpl-91d92c25-20d7-4a60-97d2-df3786b0ca5e/datanode-1/data/ratis/14d54426-584c-4dbd-b445-36a75094b6f0 for RaftStorage:Storage Directory /workdir/hadoop-ozone/ozonefs/target/test-dir/MiniOzoneClusterImpl-91d92c25-20d7-4a60-97d2-df3786b0ca5e/datanode-1/data/ratis/14d54426-584c-4dbd-b445-36a75094b6f0
2019-09-20 08:38:41,855 [pool-303-thread-1] INFO  server.RaftServerConfigKeys (ConfUtils.java:logGet(43)) - raft.server.log.queue.byte-limit = 2147483647 (custom)
2019-09-20 08:38:41,855 [pool-303-thread-1] INFO  server.RaftServerConfigKeys (ConfUtils.java:logGet(43)) - raft.server.log.queue.element-limit = 1024 (custom)
2019-09-20 08:38:41,855 [pool-303-thread-1] INFO  server.RaftServerConfigKeys (ConfUtils.java:logGet(43)) - raft.server.log.segment.size.max = 1048576 (custom)
2019-09-20 08:38:41,856 [pool-303-thread-1] INFO  server.RaftServerConfigKeys (ConfUtils.java:logGet(43)) - raft.server.log.preallocated.size = 16384 (custom)
2019-09-20 08:38:41,856 [pool-303-thread-1] INFO  server.RaftServerConfigKeys (ConfUtils.java:logGet(43)) - raft.server.log.write.buffer.size = 33554432 (custom)
2019-09-20 08:38:41,856 [pool-303-thread-1] INFO  server.RaftServerConfigKeys (ConfUtils.java:logGet(43)) - raft.server.log.force.sync.num = 128 (default)
2019-09-20 08:38:41,856 [pool-303-thread-1] INFO  server.RaftServerConfigKeys (ConfUtils.java:logGet(43)) - raft.server.log.statemachine.data.sync = true (default)
2019-09-20 08:38:41,856 [pool-303-thread-1] INFO  server.RaftServerConfigKeys (ConfUtils.java:logGet(43)) - raft.server.log.statemachine.data.sync.timeout = 10s (default)
2019-09-20 08:38:41,856 [pool-303-thread-1] INFO  server.RaftServerConfigKeys (ConfUtils.java:logGet(43)) - raft.server.log.statemachine.data.sync.timeout.retry = -1 (default)
2019-09-20 08:38:41,857 [pool-303-thread-1] INFO  server.RaftServerConfigKeys (ConfUtils.java:logGet(43)) - raft.server.log.statemachine.data.caching.enabled = true (custom)
2019-09-20 08:38:41,857 [pool-303-thread-1] INFO  segmented.SegmentedRaftLogWorker (SegmentedRaftLogWorker.java:lambda$new$0(132)) - 17688808-c4a5-475e-9b35-5fbd5f50591a-SegmentedRaftLogWorker:Storage Directory /workdir/hadoop-ozone/ozonefs/target/test-dir/MiniOzoneClusterImpl-91d92c25-20d7-4a60-97d2-df3786b0ca5e/datanode-1/data/ratis/14d54426-584c-4dbd-b445-36a75094b6f0: flushIndex: setUnconditionally 0 -> -1
2019-09-20 08:38:41,857 [pool-303-thread-1] INFO  server.RaftServerConfigKeys (ConfUtils.java:logGet(43)) - raft.server.snapshot.auto.trigger.enabled = true (custom)
2019-09-20 08:38:41,857 [pool-303-thread-1] INFO  server.RaftServerConfigKeys (ConfUtils.java:logGet(43)) - raft.server.snapshot.auto.trigger.threshold = 10000 (custom)
2019-09-20 08:38:41,858 [pool-303-thread-1] INFO  server.RaftServerConfigKeys (ConfUtils.java:logGet(43)) - raft.server.retrycache.expirytime = 600000ms (custom)
2019-09-20 08:38:41,858 [pool-303-thread-1] INFO  impl.RaftServerImpl (RaftServerImpl.java:start(180)) - 17688808-c4a5-475e-9b35-5fbd5f50591a: start group-36A75094B6F0
2019-09-20 08:38:41,858 [pool-303-thread-1] INFO  impl.RaftServerImpl (RaftServerImpl.java:setRole(171)) - 17688808-c4a5-475e-9b35-5fbd5f50591a:group-36A75094B6F0 changes role from null to FOLLOWER at term 0 for startAsFollower
2019-09-20 08:38:41,858 [pool-303-thread-1] INFO  impl.RoleInfo (RoleInfo.java:updateAndGet(143)) - 17688808-c4a5-475e-9b35-5fbd5f50591a: start FollowerState
2019-09-20 08:38:41,859 [pool-303-thread-1] INFO  util.JmxRegister (JmxRegister.java:tryRegister(44)) - Successfully registered JMX Bean with object name Ratis:service=RaftServer,group=group-36A75094B6F0,id=17688808-c4a5-475e-9b35-5fbd5f50591a
2019-09-20 08:38:41,862 [RatisPipelineUtilsThread] INFO  pipeline.PipelineStateManager (PipelineStateManager.java:addPipeline(56)) - Created pipeline Pipeline[ Id: 14d54426-584c-4dbd-b445-36a75094b6f0, Nodes: 17688808-c4a5-475e-9b35-5fbd5f50591a{ip: 192.168.36.79, host: pr-hdds-1569-s8kj2-2266485376, networkLocation: /default-rack, certSerialId: null}, Type:RATIS, Factor:ONE, State:OPEN]
2019-09-20 08:38:41,862 [RatisPipelineUtilsThread] INFO  pipeline.PipelinePlacementPolicy (PipelinePlacementPolicy.java:meetCriteria(91)) - Pipeline Placement: Doesn't meet the criteria to be viable node： 17688808-c4a5-475e-9b35-5fbd5f50591a Heaviness: 6 limit: 5
2019-09-20 08:38:41,862 [RatisPipelineUtilsThread] INFO  pipeline.PipelinePlacementPolicy (PipelinePlacementPolicy.java:meetCriteria(91)) - Pipeline Placement: Doesn't meet the criteria to be viable node： 4c68c9f7-fd0b-45cb-be6c-07622c529b6d Heaviness: 6 limit: 5
2019-09-20 08:38:41,868 [grpc-default-executor-0] INFO  impl.RaftServerProxy (RaftServerProxy.java:addNew(89)) - 94e01da5-69fc-47f8-9cb6-206c4d0ff2c1: addNew group-1D8CC8646F84:[94e01da5-69fc-47f8-9cb6-206c4d0ff2c1:192.168.36.79:44839] returns group-1D8CC8646F84:java.util.concurrent.CompletableFuture@735fd8f8[Not completed]
2019-09-20 08:38:41,869 [pool-314-thread-1] INFO  impl.RaftServerImpl (RaftServerImpl.java:<init>(93)) - 94e01da5-69fc-47f8-9cb6-206c4d0ff2c1: new RaftServerImpl for group-1D8CC8646F84:[94e01da5-69fc-47f8-9cb6-206c4d0ff2c1:192.168.36.79:44839] with ContainerStateMachine:uninitialized
2019-09-20 08:38:41,869 [pool-314-thread-1] INFO  server.RaftServerConfigKeys (ConfUtils.java:logGet(43)) - raft.server.rpc.timeout.min = 5s (custom)
2019-09-20 08:38:41,870 [pool-314-thread-1] INFO  server.RaftServerConfigKeys (ConfUtils.java:logGet(43)) - raft.server.rpc.timeout.max = 5200ms (custom)
2019-09-20 08:38:41,870 [pool-314-thread-1] INFO  server.RaftServerConfigKeys (ConfUtils.java:logGet(43)) - raft.server.rpcslowness.timeout = 120s (custom)
2019-09-20 08:38:41,870 [pool-314-thread-1] INFO  server.RaftServerConfigKeys (ConfUtils.java:logGet(43)) - raft.server.sleep.deviation.threshold = 300 (default)
2019-09-20 08:38:41,870 [pool-314-thread-1] INFO  server.RaftServerConfigKeys (ConfUtils.java:logGet(43)) - raft.server.log.appender.install.snapshot.enabled = false (custom)
2019-09-20 08:38:41,870 [pool-314-thread-1] INFO  impl.RaftServerImpl (ServerState.java:<init>(105)) - 94e01da5-69fc-47f8-9cb6-206c4d0ff2c1:group-1D8CC8646F84 ConfigurationManager, init=-1: [94e01da5-69fc-47f8-9cb6-206c4d0ff2c1:192.168.36.79:44839], old=null, confs=<EMPTY_MAP>
2019-09-20 08:38:41,870 [pool-314-thread-1] INFO  server.RaftServerConfigKeys (ConfUtils.java:logGet(43)) - raft.server.storage.dir = [/workdir/hadoop-ozone/ozonefs/target/test-dir/MiniOzoneClusterImpl-91d92c25-20d7-4a60-97d2-df3786b0ca5e/datanode-2/data/ratis] (custom)
2019-09-20 08:38:41,871 [pool-314-thread-1] INFO  storage.RaftStorageDirectory (RaftStorageDirectory.java:analyzeStorage(246)) - The storage directory /workdir/hadoop-ozone/ozonefs/target/test-dir/MiniOzoneClusterImpl-91d92c25-20d7-4a60-97d2-df3786b0ca5e/datanode-2/data/ratis/3aa16bf9-e0a9-4866-b68f-1d8cc8646f84 does not exist. Creating ...
2019-09-20 08:38:41,887 [pool-314-thread-1] INFO  storage.RaftStorageDirectory (RaftStorageDirectory.java:tryLock(328)) - Lock on /workdir/hadoop-ozone/ozonefs/target/test-dir/MiniOzoneClusterImpl-91d92c25-20d7-4a60-97d2-df3786b0ca5e/datanode-2/data/ratis/3aa16bf9-e0a9-4866-b68f-1d8cc8646f84/in_use.lock acquired by nodename 25669@pr-hdds-1569-s8kj2-2266485376
2019-09-20 08:38:41,913 [pool-314-thread-1] INFO  storage.RaftStorage (RaftStorage.java:format(72)) - Storage directory /workdir/hadoop-ozone/ozonefs/target/test-dir/MiniOzoneClusterImpl-91d92c25-20d7-4a60-97d2-df3786b0ca5e/datanode-2/data/ratis/3aa16bf9-e0a9-4866-b68f-1d8cc8646f84 has been successfully formatted.
2019-09-20 08:38:41,913 [pool-314-thread-1] INFO  ratis.ContainerStateMachine (ContainerStateMachine.java:loadSnapshot(226)) - group-1D8CC8646F84: The snapshot info is null. Setting the last applied indexto:(t:0, i:~)
2019-09-20 08:38:41,913 [pool-314-thread-1] INFO  server.RaftServerConfigKeys (ConfUtils.java:logGet(43)) - raft.server.leader.election.timeout = 120s (custom)
2019-09-20 08:38:41,913 [pool-314-thread-1] INFO  server.RaftServerConfigKeys (ConfUtils.java:logGet(43)) - raft.server.log.use.memory = false (default)
2019-09-20 08:38:41,913 [pool-314-thread-1] INFO  server.RaftServerConfigKeys (ConfUtils.java:logGet(43)) - raft.server.log.purge.gap = 1000000 (custom)
2019-09-20 08:38:41,914 [pool-314-thread-1] INFO  server.RaftServerConfigKeys (ConfUtils.java:logGet(43)) - raft.server.log.appender.buffer.byte-limit = 33554432 (custom)
2019-09-20 08:38:41,914 [pool-314-thread-1] INFO  server.RaftServerConfigKeys (ConfUtils.java:logGet(43)) - raft.server.log.segment.size.max = 1048576 (custom)
2019-09-20 08:38:41,914 [pool-314-thread-1] INFO  server.RaftServerConfigKeys (ConfUtils.java:logGet(43)) - raft.server.log.segment.cache.num.max = 2 (custom)
2019-09-20 08:38:41,914 [pool-314-thread-1] INFO  segmented.SegmentedRaftLogWorker (SegmentedRaftLogWorker.java:<init>(172)) - new 94e01da5-69fc-47f8-9cb6-206c4d0ff2c1-SegmentedRaftLogWorker:Storage Directory /workdir/hadoop-ozone/ozonefs/target/test-dir/MiniOzoneClusterImpl-91d92c25-20d7-4a60-97d2-df3786b0ca5e/datanode-2/data/ratis/3aa16bf9-e0a9-4866-b68f-1d8cc8646f84 for RaftStorage:Storage Directory /workdir/hadoop-ozone/ozonefs/target/test-dir/MiniOzoneClusterImpl-91d92c25-20d7-4a60-97d2-df3786b0ca5e/datanode-2/data/ratis/3aa16bf9-e0a9-4866-b68f-1d8cc8646f84
2019-09-20 08:38:41,914 [pool-314-thread-1] INFO  server.RaftServerConfigKeys (ConfUtils.java:logGet(43)) - raft.server.log.queue.byte-limit = 2147483647 (custom)
2019-09-20 08:38:41,914 [pool-314-thread-1] INFO  server.RaftServerConfigKeys (ConfUtils.java:logGet(43)) - raft.server.log.queue.element-limit = 1024 (custom)
2019-09-20 08:38:41,915 [pool-314-thread-1] INFO  server.RaftServerConfigKeys (ConfUtils.java:logGet(43)) - raft.server.log.segment.size.max = 1048576 (custom)
2019-09-20 08:38:41,915 [pool-314-thread-1] INFO  server.RaftServerConfigKeys (ConfUtils.java:logGet(43)) - raft.server.log.preallocated.size = 16384 (custom)
2019-09-20 08:38:41,915 [pool-314-thread-1] INFO  server.RaftServerConfigKeys (ConfUtils.java:logGet(43)) - raft.server.log.write.buffer.size = 33554432 (custom)
2019-09-20 08:38:41,915 [pool-314-thread-1] INFO  server.RaftServerConfigKeys (ConfUtils.java:logGet(43)) - raft.server.log.force.sync.num = 128 (default)
2019-09-20 08:38:41,915 [pool-314-thread-1] INFO  server.RaftServerConfigKeys (ConfUtils.java:logGet(43)) - raft.server.log.statemachine.data.sync = true (default)
2019-09-20 08:38:41,915 [pool-314-thread-1] INFO  server.RaftServerConfigKeys (ConfUtils.java:logGet(43)) - raft.server.log.statemachine.data.sync.timeout = 10s (default)
2019-09-20 08:38:41,915 [pool-314-thread-1] INFO  server.RaftServerConfigKeys (ConfUtils.java:logGet(43)) - raft.server.log.statemachine.data.sync.timeout.retry = -1 (default)
2019-09-20 08:38:41,916 [pool-314-thread-1] INFO  server.RaftServerConfigKeys (ConfUtils.java:logGet(43)) - raft.server.log.statemachine.data.caching.enabled = true (custom)
2019-09-20 08:38:41,916 [pool-314-thread-1] INFO  segmented.SegmentedRaftLogWorker (SegmentedRaftLogWorker.java:lambda$new$0(132)) - 94e01da5-69fc-47f8-9cb6-206c4d0ff2c1-SegmentedRaftLogWorker:Storage Directory /workdir/hadoop-ozone/ozonefs/target/test-dir/MiniOzoneClusterImpl-91d92c25-20d7-4a60-97d2-df3786b0ca5e/datanode-2/data/ratis/3aa16bf9-e0a9-4866-b68f-1d8cc8646f84: flushIndex: setUnconditionally 0 -> -1
2019-09-20 08:38:41,916 [pool-314-thread-1] INFO  server.RaftServerConfigKeys (ConfUtils.java:logGet(43)) - raft.server.snapshot.auto.trigger.enabled = true (custom)
2019-09-20 08:38:41,916 [pool-314-thread-1] INFO  server.RaftServerConfigKeys (ConfUtils.java:logGet(43)) - raft.server.snapshot.auto.trigger.threshold = 10000 (custom)
2019-09-20 08:38:41,917 [pool-314-thread-1] INFO  server.RaftServerConfigKeys (ConfUtils.java:logGet(43)) - raft.server.retrycache.expirytime = 600000ms (custom)
2019-09-20 08:38:41,917 [pool-314-thread-1] INFO  impl.RaftServerImpl (RaftServerImpl.java:start(180)) - 94e01da5-69fc-47f8-9cb6-206c4d0ff2c1: start group-1D8CC8646F84
2019-09-20 08:38:41,917 [pool-314-thread-1] INFO  impl.RaftServerImpl (RaftServerImpl.java:setRole(171)) - 94e01da5-69fc-47f8-9cb6-206c4d0ff2c1:group-1D8CC8646F84 changes role from null to FOLLOWER at term 0 for startAsFollower
2019-09-20 08:38:41,917 [pool-314-thread-1] INFO  impl.RoleInfo (RoleInfo.java:updateAndGet(143)) - 94e01da5-69fc-47f8-9cb6-206c4d0ff2c1: start FollowerState
2019-09-20 08:38:41,917 [pool-314-thread-1] INFO  util.JmxRegister (JmxRegister.java:tryRegister(44)) - Successfully registered JMX Bean with object name Ratis:service=RaftServer,group=group-1D8CC8646F84,id=94e01da5-69fc-47f8-9cb6-206c4d0ff2c1
2019-09-20 08:38:41,920 [RatisPipelineUtilsThread] INFO  pipeline.PipelineStateManager (PipelineStateManager.java:addPipeline(56)) - Created pipeline Pipeline[ Id: 3aa16bf9-e0a9-4866-b68f-1d8cc8646f84, Nodes: 94e01da5-69fc-47f8-9cb6-206c4d0ff2c1{ip: 192.168.36.79, host: pr-hdds-1569-s8kj2-2266485376, networkLocation: /default-rack, certSerialId: null}, Type:RATIS, Factor:ONE, State:OPEN]
2019-09-20 08:38:41,921 [RatisPipelineUtilsThread] INFO  pipeline.PipelinePlacementPolicy (PipelinePlacementPolicy.java:meetCriteria(91)) - Pipeline Placement: Doesn't meet the criteria to be viable node： 17688808-c4a5-475e-9b35-5fbd5f50591a Heaviness: 6 limit: 5
2019-09-20 08:38:41,921 [RatisPipelineUtilsThread] INFO  pipeline.PipelinePlacementPolicy (PipelinePlacementPolicy.java:meetCriteria(91)) - Pipeline Placement: Doesn't meet the criteria to be viable node： 4c68c9f7-fd0b-45cb-be6c-07622c529b6d Heaviness: 6 limit: 5
2019-09-20 08:38:41,926 [grpc-default-executor-0] INFO  impl.RaftServerProxy (RaftServerProxy.java:addNew(89)) - 94e01da5-69fc-47f8-9cb6-206c4d0ff2c1: addNew group-A54610EBC9F7:[94e01da5-69fc-47f8-9cb6-206c4d0ff2c1:192.168.36.79:44839] returns group-A54610EBC9F7:java.util.concurrent.CompletableFuture@5ab4214a[Not completed]
2019-09-20 08:38:41,927 [pool-314-thread-1] INFO  impl.RaftServerImpl (RaftServerImpl.java:<init>(93)) - 94e01da5-69fc-47f8-9cb6-206c4d0ff2c1: new RaftServerImpl for group-A54610EBC9F7:[94e01da5-69fc-47f8-9cb6-206c4d0ff2c1:192.168.36.79:44839] with ContainerStateMachine:uninitialized
2019-09-20 08:38:41,928 [pool-314-thread-1] INFO  server.RaftServerConfigKeys (ConfUtils.java:logGet(43)) - raft.server.rpc.timeout.min = 5s (custom)
2019-09-20 08:38:41,928 [pool-314-thread-1] INFO  server.RaftServerConfigKeys (ConfUtils.java:logGet(43)) - raft.server.rpc.timeout.max = 5200ms (custom)
2019-09-20 08:38:41,928 [pool-314-thread-1] INFO  server.RaftServerConfigKeys (ConfUtils.java:logGet(43)) - raft.server.rpcslowness.timeout = 120s (custom)
2019-09-20 08:38:41,928 [pool-314-thread-1] INFO  server.RaftServerConfigKeys (ConfUtils.java:logGet(43)) - raft.server.sleep.deviation.threshold = 300 (default)
2019-09-20 08:38:41,928 [pool-314-thread-1] INFO  server.RaftServerConfigKeys (ConfUtils.java:logGet(43)) - raft.server.log.appender.install.snapshot.enabled = false (custom)
2019-09-20 08:38:41,928 [pool-314-thread-1] INFO  impl.RaftServerImpl (ServerState.java:<init>(105)) - 94e01da5-69fc-47f8-9cb6-206c4d0ff2c1:group-A54610EBC9F7 ConfigurationManager, init=-1: [94e01da5-69fc-47f8-9cb6-206c4d0ff2c1:192.168.36.79:44839], old=null, confs=<EMPTY_MAP>
2019-09-20 08:38:41,929 [pool-314-thread-1] INFO  server.RaftServerConfigKeys (ConfUtils.java:logGet(43)) - raft.server.storage.dir = [/workdir/hadoop-ozone/ozonefs/target/test-dir/MiniOzoneClusterImpl-91d92c25-20d7-4a60-97d2-df3786b0ca5e/datanode-2/data/ratis] (custom)
2019-09-20 08:38:41,929 [pool-314-thread-1] INFO  storage.RaftStorageDirectory (RaftStorageDirectory.java:analyzeStorage(246)) - The storage directory /workdir/hadoop-ozone/ozonefs/target/test-dir/MiniOzoneClusterImpl-91d92c25-20d7-4a60-97d2-df3786b0ca5e/datanode-2/data/ratis/0c45091d-78e4-41ea-ba22-a54610ebc9f7 does not exist. Creating ...
2019-09-20 08:38:41,954 [pool-314-thread-1] INFO  storage.RaftStorageDirectory (RaftStorageDirectory.java:tryLock(328)) - Lock on /workdir/hadoop-ozone/ozonefs/target/test-dir/MiniOzoneClusterImpl-91d92c25-20d7-4a60-97d2-df3786b0ca5e/datanode-2/data/ratis/0c45091d-78e4-41ea-ba22-a54610ebc9f7/in_use.lock acquired by nodename 25669@pr-hdds-1569-s8kj2-2266485376
2019-09-20 08:38:41,980 [pool-314-thread-1] INFO  storage.RaftStorage (RaftStorage.java:format(72)) - Storage directory /workdir/hadoop-ozone/ozonefs/target/test-dir/MiniOzoneClusterImpl-91d92c25-20d7-4a60-97d2-df3786b0ca5e/datanode-2/data/ratis/0c45091d-78e4-41ea-ba22-a54610ebc9f7 has been successfully formatted.
2019-09-20 08:38:41,980 [pool-314-thread-1] INFO  ratis.ContainerStateMachine (ContainerStateMachine.java:loadSnapshot(226)) - group-A54610EBC9F7: The snapshot info is null. Setting the last applied indexto:(t:0, i:~)
2019-09-20 08:38:41,981 [pool-314-thread-1] INFO  server.RaftServerConfigKeys (ConfUtils.java:logGet(43)) - raft.server.leader.election.timeout = 120s (custom)
2019-09-20 08:38:41,981 [pool-314-thread-1] INFO  server.RaftServerConfigKeys (ConfUtils.java:logGet(43)) - raft.server.log.use.memory = false (default)
2019-09-20 08:38:41,981 [pool-314-thread-1] INFO  server.RaftServerConfigKeys (ConfUtils.java:logGet(43)) - raft.server.log.purge.gap = 1000000 (custom)
2019-09-20 08:38:41,981 [pool-314-thread-1] INFO  server.RaftServerConfigKeys (ConfUtils.java:logGet(43)) - raft.server.log.appender.buffer.byte-limit = 33554432 (custom)
2019-09-20 08:38:41,981 [pool-314-thread-1] INFO  server.RaftServerConfigKeys (ConfUtils.java:logGet(43)) - raft.server.log.segment.size.max = 1048576 (custom)
2019-09-20 08:38:41,981 [pool-314-thread-1] INFO  server.RaftServerConfigKeys (ConfUtils.java:logGet(43)) - raft.server.log.segment.cache.num.max = 2 (custom)
2019-09-20 08:38:41,982 [pool-314-thread-1] INFO  segmented.SegmentedRaftLogWorker (SegmentedRaftLogWorker.java:<init>(172)) - new 94e01da5-69fc-47f8-9cb6-206c4d0ff2c1-SegmentedRaftLogWorker:Storage Directory /workdir/hadoop-ozone/ozonefs/target/test-dir/MiniOzoneClusterImpl-91d92c25-20d7-4a60-97d2-df3786b0ca5e/datanode-2/data/ratis/0c45091d-78e4-41ea-ba22-a54610ebc9f7 for RaftStorage:Storage Directory /workdir/hadoop-ozone/ozonefs/target/test-dir/MiniOzoneClusterImpl-91d92c25-20d7-4a60-97d2-df3786b0ca5e/datanode-2/data/ratis/0c45091d-78e4-41ea-ba22-a54610ebc9f7
2019-09-20 08:38:41,982 [pool-314-thread-1] INFO  server.RaftServerConfigKeys (ConfUtils.java:logGet(43)) - raft.server.log.queue.byte-limit = 2147483647 (custom)
2019-09-20 08:38:41,982 [pool-314-thread-1] INFO  server.RaftServerConfigKeys (ConfUtils.java:logGet(43)) - raft.server.log.queue.element-limit = 1024 (custom)
2019-09-20 08:38:41,982 [pool-314-thread-1] INFO  server.RaftServerConfigKeys (ConfUtils.java:logGet(43)) - raft.server.log.segment.size.max = 1048576 (custom)
2019-09-20 08:38:41,982 [pool-314-thread-1] INFO  server.RaftServerConfigKeys (ConfUtils.java:logGet(43)) - raft.server.log.preallocated.size = 16384 (custom)
2019-09-20 08:38:41,982 [pool-314-thread-1] INFO  server.RaftServerConfigKeys (ConfUtils.java:logGet(43)) - raft.server.log.write.buffer.size = 33554432 (custom)
2019-09-20 08:38:41,982 [pool-314-thread-1] INFO  server.RaftServerConfigKeys (ConfUtils.java:logGet(43)) - raft.server.log.force.sync.num = 128 (default)
2019-09-20 08:38:41,982 [pool-314-thread-1] INFO  server.RaftServerConfigKeys (ConfUtils.java:logGet(43)) - raft.server.log.statemachine.data.sync = true (default)
2019-09-20 08:38:41,983 [pool-314-thread-1] INFO  server.RaftServerConfigKeys (ConfUtils.java:logGet(43)) - raft.server.log.statemachine.data.sync.timeout = 10s (default)
2019-09-20 08:38:41,983 [pool-314-thread-1] INFO  server.RaftServerConfigKeys (ConfUtils.java:logGet(43)) - raft.server.log.statemachine.data.sync.timeout.retry = -1 (default)
2019-09-20 08:38:41,983 [pool-314-thread-1] INFO  server.RaftServerConfigKeys (ConfUtils.java:logGet(43)) - raft.server.log.statemachine.data.caching.enabled = true (custom)
2019-09-20 08:38:41,983 [pool-314-thread-1] INFO  segmented.SegmentedRaftLogWorker (SegmentedRaftLogWorker.java:lambda$new$0(132)) - 94e01da5-69fc-47f8-9cb6-206c4d0ff2c1-SegmentedRaftLogWorker:Storage Directory /workdir/hadoop-ozone/ozonefs/target/test-dir/MiniOzoneClusterImpl-91d92c25-20d7-4a60-97d2-df3786b0ca5e/datanode-2/data/ratis/0c45091d-78e4-41ea-ba22-a54610ebc9f7: flushIndex: setUnconditionally 0 -> -1
2019-09-20 08:38:41,984 [pool-314-thread-1] INFO  server.RaftServerConfigKeys (ConfUtils.java:logGet(43)) - raft.server.snapshot.auto.trigger.enabled = true (custom)
2019-09-20 08:38:41,984 [pool-314-thread-1] INFO  server.RaftServerConfigKeys (ConfUtils.java:logGet(43)) - raft.server.snapshot.auto.trigger.threshold = 10000 (custom)
2019-09-20 08:38:41,984 [pool-314-thread-1] INFO  server.RaftServerConfigKeys (ConfUtils.java:logGet(43)) - raft.server.retrycache.expirytime = 600000ms (custom)
2019-09-20 08:38:41,984 [pool-314-thread-1] INFO  impl.RaftServerImpl (RaftServerImpl.java:start(180)) - 94e01da5-69fc-47f8-9cb6-206c4d0ff2c1: start group-A54610EBC9F7
2019-09-20 08:38:41,984 [pool-314-thread-1] INFO  impl.RaftServerImpl (RaftServerImpl.java:setRole(171)) - 94e01da5-69fc-47f8-9cb6-206c4d0ff2c1:group-A54610EBC9F7 changes role from null to FOLLOWER at term 0 for startAsFollower
2019-09-20 08:38:41,985 [pool-314-thread-1] INFO  impl.RoleInfo (RoleInfo.java:updateAndGet(143)) - 94e01da5-69fc-47f8-9cb6-206c4d0ff2c1: start FollowerState
2019-09-20 08:38:41,985 [pool-314-thread-1] INFO  util.JmxRegister (JmxRegister.java:tryRegister(44)) - Successfully registered JMX Bean with object name Ratis:service=RaftServer,group=group-A54610EBC9F7,id=94e01da5-69fc-47f8-9cb6-206c4d0ff2c1
2019-09-20 08:38:41,988 [RatisPipelineUtilsThread] INFO  pipeline.PipelineStateManager (PipelineStateManager.java:addPipeline(56)) - Created pipeline Pipeline[ Id: 0c45091d-78e4-41ea-ba22-a54610ebc9f7, Nodes: 94e01da5-69fc-47f8-9cb6-206c4d0ff2c1{ip: 192.168.36.79, host: pr-hdds-1569-s8kj2-2266485376, networkLocation: /default-rack, certSerialId: null}, Type:RATIS, Factor:ONE, State:OPEN]
2019-09-20 08:38:41,988 [RatisPipelineUtilsThread] INFO  pipeline.PipelinePlacementPolicy (PipelinePlacementPolicy.java:meetCriteria(91)) - Pipeline Placement: Doesn't meet the criteria to be viable node： 17688808-c4a5-475e-9b35-5fbd5f50591a Heaviness: 6 limit: 5
2019-09-20 08:38:41,989 [RatisPipelineUtilsThread] INFO  pipeline.PipelinePlacementPolicy (PipelinePlacementPolicy.java:meetCriteria(91)) - Pipeline Placement: Doesn't meet the criteria to be viable node： 4c68c9f7-fd0b-45cb-be6c-07622c529b6d Heaviness: 6 limit: 5
2019-09-20 08:38:41,995 [grpc-default-executor-0] INFO  impl.RaftServerProxy (RaftServerProxy.java:addNew(89)) - 94e01da5-69fc-47f8-9cb6-206c4d0ff2c1: addNew group-776AE63BB804:[94e01da5-69fc-47f8-9cb6-206c4d0ff2c1:192.168.36.79:44839] returns group-776AE63BB804:java.util.concurrent.CompletableFuture@209e6d75[Not completed]
2019-09-20 08:38:41,996 [pool-314-thread-1] INFO  impl.RaftServerImpl (RaftServerImpl.java:<init>(93)) - 94e01da5-69fc-47f8-9cb6-206c4d0ff2c1: new RaftServerImpl for group-776AE63BB804:[94e01da5-69fc-47f8-9cb6-206c4d0ff2c1:192.168.36.79:44839] with ContainerStateMachine:uninitialized
2019-09-20 08:38:41,996 [pool-314-thread-1] INFO  server.RaftServerConfigKeys (ConfUtils.java:logGet(43)) - raft.server.rpc.timeout.min = 5s (custom)
2019-09-20 08:38:41,996 [pool-314-thread-1] INFO  server.RaftServerConfigKeys (ConfUtils.java:logGet(43)) - raft.server.rpc.timeout.max = 5200ms (custom)
2019-09-20 08:38:41,996 [pool-314-thread-1] INFO  server.RaftServerConfigKeys (ConfUtils.java:logGet(43)) - raft.server.rpcslowness.timeout = 120s (custom)
2019-09-20 08:38:41,997 [pool-314-thread-1] INFO  server.RaftServerConfigKeys (ConfUtils.java:logGet(43)) - raft.server.sleep.deviation.threshold = 300 (default)
2019-09-20 08:38:41,997 [pool-314-thread-1] INFO  server.RaftServerConfigKeys (ConfUtils.java:logGet(43)) - raft.server.log.appender.install.snapshot.enabled = false (custom)
2019-09-20 08:38:41,997 [pool-314-thread-1] INFO  impl.RaftServerImpl (ServerState.java:<init>(105)) - 94e01da5-69fc-47f8-9cb6-206c4d0ff2c1:group-776AE63BB804 ConfigurationManager, init=-1: [94e01da5-69fc-47f8-9cb6-206c4d0ff2c1:192.168.36.79:44839], old=null, confs=<EMPTY_MAP>
2019-09-20 08:38:41,997 [pool-314-thread-1] INFO  server.RaftServerConfigKeys (ConfUtils.java:logGet(43)) - raft.server.storage.dir = [/workdir/hadoop-ozone/ozonefs/target/test-dir/MiniOzoneClusterImpl-91d92c25-20d7-4a60-97d2-df3786b0ca5e/datanode-2/data/ratis] (custom)
2019-09-20 08:38:41,998 [pool-314-thread-1] INFO  storage.RaftStorageDirectory (RaftStorageDirectory.java:analyzeStorage(246)) - The storage directory /workdir/hadoop-ozone/ozonefs/target/test-dir/MiniOzoneClusterImpl-91d92c25-20d7-4a60-97d2-df3786b0ca5e/datanode-2/data/ratis/826241be-b085-4bcf-b8d5-776ae63bb804 does not exist. Creating ...
2019-09-20 08:38:42,022 [pool-314-thread-1] INFO  storage.RaftStorageDirectory (RaftStorageDirectory.java:tryLock(328)) - Lock on /workdir/hadoop-ozone/ozonefs/target/test-dir/MiniOzoneClusterImpl-91d92c25-20d7-4a60-97d2-df3786b0ca5e/datanode-2/data/ratis/826241be-b085-4bcf-b8d5-776ae63bb804/in_use.lock acquired by nodename 25669@pr-hdds-1569-s8kj2-2266485376
2019-09-20 08:38:42,039 [pool-314-thread-1] INFO  storage.RaftStorage (RaftStorage.java:format(72)) - Storage directory /workdir/hadoop-ozone/ozonefs/target/test-dir/MiniOzoneClusterImpl-91d92c25-20d7-4a60-97d2-df3786b0ca5e/datanode-2/data/ratis/826241be-b085-4bcf-b8d5-776ae63bb804 has been successfully formatted.
2019-09-20 08:38:42,039 [pool-314-thread-1] INFO  ratis.ContainerStateMachine (ContainerStateMachine.java:loadSnapshot(226)) - group-776AE63BB804: The snapshot info is null. Setting the last applied indexto:(t:0, i:~)
2019-09-20 08:38:42,040 [pool-314-thread-1] INFO  server.RaftServerConfigKeys (ConfUtils.java:logGet(43)) - raft.server.leader.election.timeout = 120s (custom)
2019-09-20 08:38:42,040 [pool-314-thread-1] INFO  server.RaftServerConfigKeys (ConfUtils.java:logGet(43)) - raft.server.log.use.memory = false (default)
2019-09-20 08:38:42,040 [pool-314-thread-1] INFO  server.RaftServerConfigKeys (ConfUtils.java:logGet(43)) - raft.server.log.purge.gap = 1000000 (custom)
2019-09-20 08:38:42,040 [pool-314-thread-1] INFO  server.RaftServerConfigKeys (ConfUtils.java:logGet(43)) - raft.server.log.appender.buffer.byte-limit = 33554432 (custom)
2019-09-20 08:38:42,040 [pool-314-thread-1] INFO  server.RaftServerConfigKeys (ConfUtils.java:logGet(43)) - raft.server.log.segment.size.max = 1048576 (custom)
2019-09-20 08:38:42,041 [pool-314-thread-1] INFO  server.RaftServerConfigKeys (ConfUtils.java:logGet(43)) - raft.server.log.segment.cache.num.max = 2 (custom)
2019-09-20 08:38:42,041 [pool-314-thread-1] INFO  segmented.SegmentedRaftLogWorker (SegmentedRaftLogWorker.java:<init>(172)) - new 94e01da5-69fc-47f8-9cb6-206c4d0ff2c1-SegmentedRaftLogWorker:Storage Directory /workdir/hadoop-ozone/ozonefs/target/test-dir/MiniOzoneClusterImpl-91d92c25-20d7-4a60-97d2-df3786b0ca5e/datanode-2/data/ratis/826241be-b085-4bcf-b8d5-776ae63bb804 for RaftStorage:Storage Directory /workdir/hadoop-ozone/ozonefs/target/test-dir/MiniOzoneClusterImpl-91d92c25-20d7-4a60-97d2-df3786b0ca5e/datanode-2/data/ratis/826241be-b085-4bcf-b8d5-776ae63bb804
2019-09-20 08:38:42,041 [pool-314-thread-1] INFO  server.RaftServerConfigKeys (ConfUtils.java:logGet(43)) - raft.server.log.queue.byte-limit = 2147483647 (custom)
2019-09-20 08:38:42,041 [pool-314-thread-1] INFO  server.RaftServerConfigKeys (ConfUtils.java:logGet(43)) - raft.server.log.queue.element-limit = 1024 (custom)
2019-09-20 08:38:42,041 [pool-314-thread-1] INFO  server.RaftServerConfigKeys (ConfUtils.java:logGet(43)) - raft.server.log.segment.size.max = 1048576 (custom)
2019-09-20 08:38:42,041 [pool-314-thread-1] INFO  server.RaftServerConfigKeys (ConfUtils.java:logGet(43)) - raft.server.log.preallocated.size = 16384 (custom)
2019-09-20 08:38:42,041 [pool-314-thread-1] INFO  server.RaftServerConfigKeys (ConfUtils.java:logGet(43)) - raft.server.log.write.buffer.size = 33554432 (custom)
2019-09-20 08:38:42,042 [pool-314-thread-1] INFO  server.RaftServerConfigKeys (ConfUtils.java:logGet(43)) - raft.server.log.force.sync.num = 128 (default)
2019-09-20 08:38:42,042 [pool-314-thread-1] INFO  server.RaftServerConfigKeys (ConfUtils.java:logGet(43)) - raft.server.log.statemachine.data.sync = true (default)
2019-09-20 08:38:42,042 [pool-314-thread-1] INFO  server.RaftServerConfigKeys (ConfUtils.java:logGet(43)) - raft.server.log.statemachine.data.sync.timeout = 10s (default)
2019-09-20 08:38:42,042 [pool-314-thread-1] INFO  server.RaftServerConfigKeys (ConfUtils.java:logGet(43)) - raft.server.log.statemachine.data.sync.timeout.retry = -1 (default)
2019-09-20 08:38:42,042 [pool-314-thread-1] INFO  server.RaftServerConfigKeys (ConfUtils.java:logGet(43)) - raft.server.log.statemachine.data.caching.enabled = true (custom)
2019-09-20 08:38:42,043 [pool-314-thread-1] INFO  segmented.SegmentedRaftLogWorker (SegmentedRaftLogWorker.java:lambda$new$0(132)) - 94e01da5-69fc-47f8-9cb6-206c4d0ff2c1-SegmentedRaftLogWorker:Storage Directory /workdir/hadoop-ozone/ozonefs/target/test-dir/MiniOzoneClusterImpl-91d92c25-20d7-4a60-97d2-df3786b0ca5e/datanode-2/data/ratis/826241be-b085-4bcf-b8d5-776ae63bb804: flushIndex: setUnconditionally 0 -> -1
2019-09-20 08:38:42,043 [pool-314-thread-1] INFO  server.RaftServerConfigKeys (ConfUtils.java:logGet(43)) - raft.server.snapshot.auto.trigger.enabled = true (custom)
2019-09-20 08:38:42,043 [pool-314-thread-1] INFO  server.RaftServerConfigKeys (ConfUtils.java:logGet(43)) - raft.server.snapshot.auto.trigger.threshold = 10000 (custom)
2019-09-20 08:38:42,043 [pool-314-thread-1] INFO  server.RaftServerConfigKeys (ConfUtils.java:logGet(43)) - raft.server.retrycache.expirytime = 600000ms (custom)
2019-09-20 08:38:42,044 [pool-314-thread-1] INFO  impl.RaftServerImpl (RaftServerImpl.java:start(180)) - 94e01da5-69fc-47f8-9cb6-206c4d0ff2c1: start group-776AE63BB804
2019-09-20 08:38:42,044 [pool-314-thread-1] INFO  impl.RaftServerImpl (RaftServerImpl.java:setRole(171)) - 94e01da5-69fc-47f8-9cb6-206c4d0ff2c1:group-776AE63BB804 changes role from null to FOLLOWER at term 0 for startAsFollower
2019-09-20 08:38:42,044 [pool-314-thread-1] INFO  impl.RoleInfo (RoleInfo.java:updateAndGet(143)) - 94e01da5-69fc-47f8-9cb6-206c4d0ff2c1: start FollowerState
2019-09-20 08:38:42,045 [pool-314-thread-1] INFO  util.JmxRegister (JmxRegister.java:tryRegister(44)) - Successfully registered JMX Bean with object name Ratis:service=RaftServer,group=group-776AE63BB804,id=94e01da5-69fc-47f8-9cb6-206c4d0ff2c1
2019-09-20 08:38:42,048 [RatisPipelineUtilsThread] INFO  pipeline.PipelineStateManager (PipelineStateManager.java:addPipeline(56)) - Created pipeline Pipeline[ Id: 826241be-b085-4bcf-b8d5-776ae63bb804, Nodes: 94e01da5-69fc-47f8-9cb6-206c4d0ff2c1{ip: 192.168.36.79, host: pr-hdds-1569-s8kj2-2266485376, networkLocation: /default-rack, certSerialId: null}, Type:RATIS, Factor:ONE, State:OPEN]
2019-09-20 08:38:42,048 [RatisPipelineUtilsThread] INFO  pipeline.PipelinePlacementPolicy (PipelinePlacementPolicy.java:meetCriteria(91)) - Pipeline Placement: Doesn't meet the criteria to be viable node： 17688808-c4a5-475e-9b35-5fbd5f50591a Heaviness: 6 limit: 5
2019-09-20 08:38:42,049 [RatisPipelineUtilsThread] INFO  pipeline.PipelinePlacementPolicy (PipelinePlacementPolicy.java:meetCriteria(91)) - Pipeline Placement: Doesn't meet the criteria to be viable node： 4c68c9f7-fd0b-45cb-be6c-07622c529b6d Heaviness: 6 limit: 5
2019-09-20 08:38:42,054 [grpc-default-executor-0] INFO  impl.RaftServerProxy (RaftServerProxy.java:addNew(89)) - 94e01da5-69fc-47f8-9cb6-206c4d0ff2c1: addNew group-0279CA8F1DD8:[94e01da5-69fc-47f8-9cb6-206c4d0ff2c1:192.168.36.79:44839] returns group-0279CA8F1DD8:java.util.concurrent.CompletableFuture@365d1c2c[Not completed]
2019-09-20 08:38:42,055 [pool-314-thread-1] INFO  impl.RaftServerImpl (RaftServerImpl.java:<init>(93)) - 94e01da5-69fc-47f8-9cb6-206c4d0ff2c1: new RaftServerImpl for group-0279CA8F1DD8:[94e01da5-69fc-47f8-9cb6-206c4d0ff2c1:192.168.36.79:44839] with ContainerStateMachine:uninitialized
2019-09-20 08:38:42,055 [pool-314-thread-1] INFO  server.RaftServerConfigKeys (ConfUtils.java:logGet(43)) - raft.server.rpc.timeout.min = 5s (custom)
2019-09-20 08:38:42,056 [pool-314-thread-1] INFO  server.RaftServerConfigKeys (ConfUtils.java:logGet(43)) - raft.server.rpc.timeout.max = 5200ms (custom)
2019-09-20 08:38:42,056 [pool-314-thread-1] INFO  server.RaftServerConfigKeys (ConfUtils.java:logGet(43)) - raft.server.rpcslowness.timeout = 120s (custom)
2019-09-20 08:38:42,056 [pool-314-thread-1] INFO  server.RaftServerConfigKeys (ConfUtils.java:logGet(43)) - raft.server.sleep.deviation.threshold = 300 (default)
2019-09-20 08:38:42,056 [pool-314-thread-1] INFO  server.RaftServerConfigKeys (ConfUtils.java:logGet(43)) - raft.server.log.appender.install.snapshot.enabled = false (custom)
2019-09-20 08:38:42,056 [pool-314-thread-1] INFO  impl.RaftServerImpl (ServerState.java:<init>(105)) - 94e01da5-69fc-47f8-9cb6-206c4d0ff2c1:group-0279CA8F1DD8 ConfigurationManager, init=-1: [94e01da5-69fc-47f8-9cb6-206c4d0ff2c1:192.168.36.79:44839], old=null, confs=<EMPTY_MAP>
2019-09-20 08:38:42,056 [pool-314-thread-1] INFO  server.RaftServerConfigKeys (ConfUtils.java:logGet(43)) - raft.server.storage.dir = [/workdir/hadoop-ozone/ozonefs/target/test-dir/MiniOzoneClusterImpl-91d92c25-20d7-4a60-97d2-df3786b0ca5e/datanode-2/data/ratis] (custom)
2019-09-20 08:38:42,057 [pool-314-thread-1] INFO  storage.RaftStorageDirectory (RaftStorageDirectory.java:analyzeStorage(246)) - The storage directory /workdir/hadoop-ozone/ozonefs/target/test-dir/MiniOzoneClusterImpl-91d92c25-20d7-4a60-97d2-df3786b0ca5e/datanode-2/data/ratis/1b77807a-bb81-4d1e-bf52-0279ca8f1dd8 does not exist. Creating ...
2019-09-20 08:38:42,098 [pool-314-thread-1] INFO  storage.RaftStorageDirectory (RaftStorageDirectory.java:tryLock(328)) - Lock on /workdir/hadoop-ozone/ozonefs/target/test-dir/MiniOzoneClusterImpl-91d92c25-20d7-4a60-97d2-df3786b0ca5e/datanode-2/data/ratis/1b77807a-bb81-4d1e-bf52-0279ca8f1dd8/in_use.lock acquired by nodename 25669@pr-hdds-1569-s8kj2-2266485376
2019-09-20 08:38:42,140 [pool-314-thread-1] INFO  storage.RaftStorage (RaftStorage.java:format(72)) - Storage directory /workdir/hadoop-ozone/ozonefs/target/test-dir/MiniOzoneClusterImpl-91d92c25-20d7-4a60-97d2-df3786b0ca5e/datanode-2/data/ratis/1b77807a-bb81-4d1e-bf52-0279ca8f1dd8 has been successfully formatted.
2019-09-20 08:38:42,140 [pool-314-thread-1] INFO  ratis.ContainerStateMachine (ContainerStateMachine.java:loadSnapshot(226)) - group-0279CA8F1DD8: The snapshot info is null. Setting the last applied indexto:(t:0, i:~)
2019-09-20 08:38:42,140 [pool-314-thread-1] INFO  server.RaftServerConfigKeys (ConfUtils.java:logGet(43)) - raft.server.leader.election.timeout = 120s (custom)
2019-09-20 08:38:42,140 [pool-314-thread-1] INFO  server.RaftServerConfigKeys (ConfUtils.java:logGet(43)) - raft.server.log.use.memory = false (default)
2019-09-20 08:38:42,141 [pool-314-thread-1] INFO  server.RaftServerConfigKeys (ConfUtils.java:logGet(43)) - raft.server.log.purge.gap = 1000000 (custom)
2019-09-20 08:38:42,141 [pool-314-thread-1] INFO  server.RaftServerConfigKeys (ConfUtils.java:logGet(43)) - raft.server.log.appender.buffer.byte-limit = 33554432 (custom)
2019-09-20 08:38:42,141 [pool-314-thread-1] INFO  server.RaftServerConfigKeys (ConfUtils.java:logGet(43)) - raft.server.log.segment.size.max = 1048576 (custom)
2019-09-20 08:38:42,141 [pool-314-thread-1] INFO  server.RaftServerConfigKeys (ConfUtils.java:logGet(43)) - raft.server.log.segment.cache.num.max = 2 (custom)
2019-09-20 08:38:42,141 [pool-314-thread-1] INFO  segmented.SegmentedRaftLogWorker (SegmentedRaftLogWorker.java:<init>(172)) - new 94e01da5-69fc-47f8-9cb6-206c4d0ff2c1-SegmentedRaftLogWorker:Storage Directory /workdir/hadoop-ozone/ozonefs/target/test-dir/MiniOzoneClusterImpl-91d92c25-20d7-4a60-97d2-df3786b0ca5e/datanode-2/data/ratis/1b77807a-bb81-4d1e-bf52-0279ca8f1dd8 for RaftStorage:Storage Directory /workdir/hadoop-ozone/ozonefs/target/test-dir/MiniOzoneClusterImpl-91d92c25-20d7-4a60-97d2-df3786b0ca5e/datanode-2/data/ratis/1b77807a-bb81-4d1e-bf52-0279ca8f1dd8
2019-09-20 08:38:42,141 [pool-314-thread-1] INFO  server.RaftServerConfigKeys (ConfUtils.java:logGet(43)) - raft.server.log.queue.byte-limit = 2147483647 (custom)
2019-09-20 08:38:42,142 [pool-314-thread-1] INFO  server.RaftServerConfigKeys (ConfUtils.java:logGet(43)) - raft.server.log.queue.element-limit = 1024 (custom)
2019-09-20 08:38:42,142 [pool-314-thread-1] INFO  server.RaftServerConfigKeys (ConfUtils.java:logGet(43)) - raft.server.log.segment.size.max = 1048576 (custom)
2019-09-20 08:38:42,142 [pool-314-thread-1] INFO  server.RaftServerConfigKeys (ConfUtils.java:logGet(43)) - raft.server.log.preallocated.size = 16384 (custom)
2019-09-20 08:38:42,142 [pool-314-thread-1] INFO  server.RaftServerConfigKeys (ConfUtils.java:logGet(43)) - raft.server.log.write.buffer.size = 33554432 (custom)
2019-09-20 08:38:42,142 [pool-314-thread-1] INFO  server.RaftServerConfigKeys (ConfUtils.java:logGet(43)) - raft.server.log.force.sync.num = 128 (default)
2019-09-20 08:38:42,142 [pool-314-thread-1] INFO  server.RaftServerConfigKeys (ConfUtils.java:logGet(43)) - raft.server.log.statemachine.data.sync = true (default)
2019-09-20 08:38:42,143 [pool-314-thread-1] INFO  server.RaftServerConfigKeys (ConfUtils.java:logGet(43)) - raft.server.log.statemachine.data.sync.timeout = 10s (default)
2019-09-20 08:38:42,143 [pool-314-thread-1] INFO  server.RaftServerConfigKeys (ConfUtils.java:logGet(43)) - raft.server.log.statemachine.data.sync.timeout.retry = -1 (default)
2019-09-20 08:38:42,143 [pool-314-thread-1] INFO  server.RaftServerConfigKeys (ConfUtils.java:logGet(43)) - raft.server.log.statemachine.data.caching.enabled = true (custom)
2019-09-20 08:38:42,143 [pool-314-thread-1] INFO  segmented.SegmentedRaftLogWorker (SegmentedRaftLogWorker.java:lambda$new$0(132)) - 94e01da5-69fc-47f8-9cb6-206c4d0ff2c1-SegmentedRaftLogWorker:Storage Directory /workdir/hadoop-ozone/ozonefs/target/test-dir/MiniOzoneClusterImpl-91d92c25-20d7-4a60-97d2-df3786b0ca5e/datanode-2/data/ratis/1b77807a-bb81-4d1e-bf52-0279ca8f1dd8: flushIndex: setUnconditionally 0 -> -1
2019-09-20 08:38:42,144 [pool-314-thread-1] INFO  server.RaftServerConfigKeys (ConfUtils.java:logGet(43)) - raft.server.snapshot.auto.trigger.enabled = true (custom)
2019-09-20 08:38:42,144 [pool-314-thread-1] INFO  server.RaftServerConfigKeys (ConfUtils.java:logGet(43)) - raft.server.snapshot.auto.trigger.threshold = 10000 (custom)
2019-09-20 08:38:42,144 [pool-314-thread-1] INFO  server.RaftServerConfigKeys (ConfUtils.java:logGet(43)) - raft.server.retrycache.expirytime = 600000ms (custom)
2019-09-20 08:38:42,144 [pool-314-thread-1] INFO  impl.RaftServerImpl (RaftServerImpl.java:start(180)) - 94e01da5-69fc-47f8-9cb6-206c4d0ff2c1: start group-0279CA8F1DD8
2019-09-20 08:38:42,144 [pool-314-thread-1] INFO  impl.RaftServerImpl (RaftServerImpl.java:setRole(171)) - 94e01da5-69fc-47f8-9cb6-206c4d0ff2c1:group-0279CA8F1DD8 changes role from null to FOLLOWER at term 0 for startAsFollower
2019-09-20 08:38:42,144 [pool-314-thread-1] INFO  impl.RoleInfo (RoleInfo.java:updateAndGet(143)) - 94e01da5-69fc-47f8-9cb6-206c4d0ff2c1: start FollowerState
2019-09-20 08:38:42,145 [pool-314-thread-1] INFO  util.JmxRegister (JmxRegister.java:tryRegister(44)) - Successfully registered JMX Bean with object name Ratis:service=RaftServer,group=group-0279CA8F1DD8,id=94e01da5-69fc-47f8-9cb6-206c4d0ff2c1
2019-09-20 08:38:42,148 [RatisPipelineUtilsThread] INFO  pipeline.PipelineStateManager (PipelineStateManager.java:addPipeline(56)) - Created pipeline Pipeline[ Id: 1b77807a-bb81-4d1e-bf52-0279ca8f1dd8, Nodes: 94e01da5-69fc-47f8-9cb6-206c4d0ff2c1{ip: 192.168.36.79, host: pr-hdds-1569-s8kj2-2266485376, networkLocation: /default-rack, certSerialId: null}, Type:RATIS, Factor:ONE, State:OPEN]
2019-09-20 08:38:42,149 [RatisPipelineUtilsThread] INFO  pipeline.PipelinePlacementPolicy (PipelinePlacementPolicy.java:meetCriteria(91)) - Pipeline Placement: Doesn't meet the criteria to be viable node： 17688808-c4a5-475e-9b35-5fbd5f50591a Heaviness: 6 limit: 5
2019-09-20 08:38:42,149 [RatisPipelineUtilsThread] INFO  pipeline.PipelinePlacementPolicy (PipelinePlacementPolicy.java:meetCriteria(91)) - Pipeline Placement: Doesn't meet the criteria to be viable node： 4c68c9f7-fd0b-45cb-be6c-07622c529b6d Heaviness: 6 limit: 5
2019-09-20 08:38:42,155 [grpc-default-executor-0] INFO  impl.RaftServerProxy (RaftServerProxy.java:addNew(89)) - 94e01da5-69fc-47f8-9cb6-206c4d0ff2c1: addNew group-90044CC6D6CF:[94e01da5-69fc-47f8-9cb6-206c4d0ff2c1:192.168.36.79:44839] returns group-90044CC6D6CF:java.util.concurrent.CompletableFuture@17432027[Not completed]
2019-09-20 08:38:42,156 [pool-314-thread-1] INFO  impl.RaftServerImpl (RaftServerImpl.java:<init>(93)) - 94e01da5-69fc-47f8-9cb6-206c4d0ff2c1: new RaftServerImpl for group-90044CC6D6CF:[94e01da5-69fc-47f8-9cb6-206c4d0ff2c1:192.168.36.79:44839] with ContainerStateMachine:uninitialized
2019-09-20 08:38:42,156 [pool-314-thread-1] INFO  server.RaftServerConfigKeys (ConfUtils.java:logGet(43)) - raft.server.rpc.timeout.min = 5s (custom)
2019-09-20 08:38:42,156 [pool-314-thread-1] INFO  server.RaftServerConfigKeys (ConfUtils.java:logGet(43)) - raft.server.rpc.timeout.max = 5200ms (custom)
2019-09-20 08:38:42,156 [pool-314-thread-1] INFO  server.RaftServerConfigKeys (ConfUtils.java:logGet(43)) - raft.server.rpcslowness.timeout = 120s (custom)
2019-09-20 08:38:42,156 [pool-314-thread-1] INFO  server.RaftServerConfigKeys (ConfUtils.java:logGet(43)) - raft.server.sleep.deviation.threshold = 300 (default)
2019-09-20 08:38:42,157 [pool-314-thread-1] INFO  server.RaftServerConfigKeys (ConfUtils.java:logGet(43)) - raft.server.log.appender.install.snapshot.enabled = false (custom)
2019-09-20 08:38:42,157 [pool-314-thread-1] INFO  impl.RaftServerImpl (ServerState.java:<init>(105)) - 94e01da5-69fc-47f8-9cb6-206c4d0ff2c1:group-90044CC6D6CF ConfigurationManager, init=-1: [94e01da5-69fc-47f8-9cb6-206c4d0ff2c1:192.168.36.79:44839], old=null, confs=<EMPTY_MAP>
2019-09-20 08:38:42,157 [pool-314-thread-1] INFO  server.RaftServerConfigKeys (ConfUtils.java:logGet(43)) - raft.server.storage.dir = [/workdir/hadoop-ozone/ozonefs/target/test-dir/MiniOzoneClusterImpl-91d92c25-20d7-4a60-97d2-df3786b0ca5e/datanode-2/data/ratis] (custom)
2019-09-20 08:38:42,157 [pool-314-thread-1] INFO  storage.RaftStorageDirectory (RaftStorageDirectory.java:analyzeStorage(246)) - The storage directory /workdir/hadoop-ozone/ozonefs/target/test-dir/MiniOzoneClusterImpl-91d92c25-20d7-4a60-97d2-df3786b0ca5e/datanode-2/data/ratis/8fe8596b-af2f-4c79-87ec-90044cc6d6cf does not exist. Creating ...
2019-09-20 08:38:42,183 [pool-314-thread-1] INFO  storage.RaftStorageDirectory (RaftStorageDirectory.java:tryLock(328)) - Lock on /workdir/hadoop-ozone/ozonefs/target/test-dir/MiniOzoneClusterImpl-91d92c25-20d7-4a60-97d2-df3786b0ca5e/datanode-2/data/ratis/8fe8596b-af2f-4c79-87ec-90044cc6d6cf/in_use.lock acquired by nodename 25669@pr-hdds-1569-s8kj2-2266485376
2019-09-20 08:38:42,208 [pool-314-thread-1] INFO  storage.RaftStorage (RaftStorage.java:format(72)) - Storage directory /workdir/hadoop-ozone/ozonefs/target/test-dir/MiniOzoneClusterImpl-91d92c25-20d7-4a60-97d2-df3786b0ca5e/datanode-2/data/ratis/8fe8596b-af2f-4c79-87ec-90044cc6d6cf has been successfully formatted.
2019-09-20 08:38:42,208 [pool-314-thread-1] INFO  ratis.ContainerStateMachine (ContainerStateMachine.java:loadSnapshot(226)) - group-90044CC6D6CF: The snapshot info is null. Setting the last applied indexto:(t:0, i:~)
2019-09-20 08:38:42,209 [pool-314-thread-1] INFO  server.RaftServerConfigKeys (ConfUtils.java:logGet(43)) - raft.server.leader.election.timeout = 120s (custom)
2019-09-20 08:38:42,209 [pool-314-thread-1] INFO  server.RaftServerConfigKeys (ConfUtils.java:logGet(43)) - raft.server.log.use.memory = false (default)
2019-09-20 08:38:42,209 [pool-314-thread-1] INFO  server.RaftServerConfigKeys (ConfUtils.java:logGet(43)) - raft.server.log.purge.gap = 1000000 (custom)
2019-09-20 08:38:42,209 [pool-314-thread-1] INFO  server.RaftServerConfigKeys (ConfUtils.java:logGet(43)) - raft.server.log.appender.buffer.byte-limit = 33554432 (custom)
2019-09-20 08:38:42,209 [pool-314-thread-1] INFO  server.RaftServerConfigKeys (ConfUtils.java:logGet(43)) - raft.server.log.segment.size.max = 1048576 (custom)
2019-09-20 08:38:42,209 [pool-314-thread-1] INFO  server.RaftServerConfigKeys (ConfUtils.java:logGet(43)) - raft.server.log.segment.cache.num.max = 2 (custom)
2019-09-20 08:38:42,209 [pool-314-thread-1] INFO  segmented.SegmentedRaftLogWorker (SegmentedRaftLogWorker.java:<init>(172)) - new 94e01da5-69fc-47f8-9cb6-206c4d0ff2c1-SegmentedRaftLogWorker:Storage Directory /workdir/hadoop-ozone/ozonefs/target/test-dir/MiniOzoneClusterImpl-91d92c25-20d7-4a60-97d2-df3786b0ca5e/datanode-2/data/ratis/8fe8596b-af2f-4c79-87ec-90044cc6d6cf for RaftStorage:Storage Directory /workdir/hadoop-ozone/ozonefs/target/test-dir/MiniOzoneClusterImpl-91d92c25-20d7-4a60-97d2-df3786b0ca5e/datanode-2/data/ratis/8fe8596b-af2f-4c79-87ec-90044cc6d6cf
2019-09-20 08:38:42,210 [pool-314-thread-1] INFO  server.RaftServerConfigKeys (ConfUtils.java:logGet(43)) - raft.server.log.queue.byte-limit = 2147483647 (custom)
2019-09-20 08:38:42,210 [pool-314-thread-1] INFO  server.RaftServerConfigKeys (ConfUtils.java:logGet(43)) - raft.server.log.queue.element-limit = 1024 (custom)
2019-09-20 08:38:42,210 [pool-314-thread-1] INFO  server.RaftServerConfigKeys (ConfUtils.java:logGet(43)) - raft.server.log.segment.size.max = 1048576 (custom)
2019-09-20 08:38:42,210 [pool-314-thread-1] INFO  server.RaftServerConfigKeys (ConfUtils.java:logGet(43)) - raft.server.log.preallocated.size = 16384 (custom)
2019-09-20 08:38:42,210 [pool-314-thread-1] INFO  server.RaftServerConfigKeys (ConfUtils.java:logGet(43)) - raft.server.log.write.buffer.size = 33554432 (custom)
2019-09-20 08:38:42,210 [pool-314-thread-1] INFO  server.RaftServerConfigKeys (ConfUtils.java:logGet(43)) - raft.server.log.force.sync.num = 128 (default)
2019-09-20 08:38:42,211 [pool-314-thread-1] INFO  server.RaftServerConfigKeys (ConfUtils.java:logGet(43)) - raft.server.log.statemachine.data.sync = true (default)
2019-09-20 08:38:42,211 [pool-314-thread-1] INFO  server.RaftServerConfigKeys (ConfUtils.java:logGet(43)) - raft.server.log.statemachine.data.sync.timeout = 10s (default)
2019-09-20 08:38:42,211 [pool-314-thread-1] INFO  server.RaftServerConfigKeys (ConfUtils.java:logGet(43)) - raft.server.log.statemachine.data.sync.timeout.retry = -1 (default)
2019-09-20 08:38:42,211 [pool-314-thread-1] INFO  server.RaftServerConfigKeys (ConfUtils.java:logGet(43)) - raft.server.log.statemachine.data.caching.enabled = true (custom)
2019-09-20 08:38:42,211 [pool-314-thread-1] INFO  segmented.SegmentedRaftLogWorker (SegmentedRaftLogWorker.java:lambda$new$0(132)) - 94e01da5-69fc-47f8-9cb6-206c4d0ff2c1-SegmentedRaftLogWorker:Storage Directory /workdir/hadoop-ozone/ozonefs/target/test-dir/MiniOzoneClusterImpl-91d92c25-20d7-4a60-97d2-df3786b0ca5e/datanode-2/data/ratis/8fe8596b-af2f-4c79-87ec-90044cc6d6cf: flushIndex: setUnconditionally 0 -> -1
2019-09-20 08:38:42,212 [pool-314-thread-1] INFO  server.RaftServerConfigKeys (ConfUtils.java:logGet(43)) - raft.server.snapshot.auto.trigger.enabled = true (custom)
2019-09-20 08:38:42,212 [pool-314-thread-1] INFO  server.RaftServerConfigKeys (ConfUtils.java:logGet(43)) - raft.server.snapshot.auto.trigger.threshold = 10000 (custom)
2019-09-20 08:38:42,212 [pool-314-thread-1] INFO  server.RaftServerConfigKeys (ConfUtils.java:logGet(43)) - raft.server.retrycache.expirytime = 600000ms (custom)
2019-09-20 08:38:42,212 [pool-314-thread-1] INFO  impl.RaftServerImpl (RaftServerImpl.java:start(180)) - 94e01da5-69fc-47f8-9cb6-206c4d0ff2c1: start group-90044CC6D6CF
2019-09-20 08:38:42,212 [pool-314-thread-1] INFO  impl.RaftServerImpl (RaftServerImpl.java:setRole(171)) - 94e01da5-69fc-47f8-9cb6-206c4d0ff2c1:group-90044CC6D6CF changes role from null to FOLLOWER at term 0 for startAsFollower
2019-09-20 08:38:42,212 [pool-314-thread-1] INFO  impl.RoleInfo (RoleInfo.java:updateAndGet(143)) - 94e01da5-69fc-47f8-9cb6-206c4d0ff2c1: start FollowerState
2019-09-20 08:38:42,213 [pool-314-thread-1] INFO  util.JmxRegister (JmxRegister.java:tryRegister(44)) - Successfully registered JMX Bean with object name Ratis:service=RaftServer,group=group-90044CC6D6CF,id=94e01da5-69fc-47f8-9cb6-206c4d0ff2c1
2019-09-20 08:38:42,216 [RatisPipelineUtilsThread] INFO  pipeline.PipelineStateManager (PipelineStateManager.java:addPipeline(56)) - Created pipeline Pipeline[ Id: 8fe8596b-af2f-4c79-87ec-90044cc6d6cf, Nodes: 94e01da5-69fc-47f8-9cb6-206c4d0ff2c1{ip: 192.168.36.79, host: pr-hdds-1569-s8kj2-2266485376, networkLocation: /default-rack, certSerialId: null}, Type:RATIS, Factor:ONE, State:OPEN]
2019-09-20 08:38:42,216 [RatisPipelineUtilsThread] INFO  pipeline.PipelinePlacementPolicy (PipelinePlacementPolicy.java:meetCriteria(91)) - Pipeline Placement: Doesn't meet the criteria to be viable node： 94e01da5-69fc-47f8-9cb6-206c4d0ff2c1 Heaviness: 6 limit: 5
2019-09-20 08:38:42,217 [RatisPipelineUtilsThread] INFO  pipeline.PipelinePlacementPolicy (PipelinePlacementPolicy.java:meetCriteria(91)) - Pipeline Placement: Doesn't meet the criteria to be viable node： 17688808-c4a5-475e-9b35-5fbd5f50591a Heaviness: 6 limit: 5
2019-09-20 08:38:42,217 [RatisPipelineUtilsThread] INFO  pipeline.PipelinePlacementPolicy (PipelinePlacementPolicy.java:meetCriteria(91)) - Pipeline Placement: Doesn't meet the criteria to be viable node： 4c68c9f7-fd0b-45cb-be6c-07622c529b6d Heaviness: 6 limit: 5
2019-09-20 08:38:42,217 [RatisPipelineUtilsThread] ERROR pipeline.PipelinePlacementPolicy (PipelinePlacementPolicy.java:filterViableNodes(148)) - Unable to find enough nodes that meet the criteria that cannot engage in more than 5 pipelines. Nodes required: 1 Found: 0, healthy nodes count inNodeManager: 3.
2019-09-20 08:38:42,218 [RatisPipelineUtilsThread] ERROR pipeline.SCMPipelineManager (SCMPipelineManager.java:createPipeline(161)) - Pipeline creation failed due to exception: Unable to find enough nodes that meet the criteria that cannot engage in more than 5 pipelines. Nodes required: 1 Found: 0, healthy nodes count inNodeManager: 3.
2019-09-20 08:38:42,218 [RatisPipelineUtilsThread] INFO  pipeline.PipelinePlacementPolicy (PipelinePlacementPolicy.java:meetCriteria(91)) - Pipeline Placement: Doesn't meet the criteria to be viable node： 94e01da5-69fc-47f8-9cb6-206c4d0ff2c1 Heaviness: 6 limit: 5
2019-09-20 08:38:42,218 [RatisPipelineUtilsThread] INFO  pipeline.PipelinePlacementPolicy (PipelinePlacementPolicy.java:meetCriteria(91)) - Pipeline Placement: Doesn't meet the criteria to be viable node： 17688808-c4a5-475e-9b35-5fbd5f50591a Heaviness: 6 limit: 5
2019-09-20 08:38:42,218 [RatisPipelineUtilsThread] INFO  pipeline.PipelinePlacementPolicy (PipelinePlacementPolicy.java:meetCriteria(91)) - Pipeline Placement: Doesn't meet the criteria to be viable node： 4c68c9f7-fd0b-45cb-be6c-07622c529b6d Heaviness: 6 limit: 5
2019-09-20 08:38:42,218 [RatisPipelineUtilsThread] ERROR pipeline.PipelinePlacementPolicy (PipelinePlacementPolicy.java:filterViableNodes(148)) - Unable to find enough nodes that meet the criteria that cannot engage in more than 5 pipelines. Nodes required: 3 Found: 0, healthy nodes count inNodeManager: 3.
2019-09-20 08:38:42,219 [RatisPipelineUtilsThread] ERROR pipeline.SCMPipelineManager (SCMPipelineManager.java:createPipeline(161)) - Pipeline creation failed due to exception: Unable to find enough nodes that meet the criteria that cannot engage in more than 5 pipelines. Nodes required: 3 Found: 0, healthy nodes count inNodeManager: 3.
2019-09-20 08:38:42,219 [RatisPipelineUtilsThread] INFO  pipeline.PipelinePlacementPolicy (PipelinePlacementPolicy.java:meetCriteria(91)) - Pipeline Placement: Doesn't meet the criteria to be viable node： 94e01da5-69fc-47f8-9cb6-206c4d0ff2c1 Heaviness: 6 limit: 5
2019-09-20 08:38:42,219 [RatisPipelineUtilsThread] INFO  pipeline.PipelinePlacementPolicy (PipelinePlacementPolicy.java:meetCriteria(91)) - Pipeline Placement: Doesn't meet the criteria to be viable node： 17688808-c4a5-475e-9b35-5fbd5f50591a Heaviness: 6 limit: 5
2019-09-20 08:38:42,219 [RatisPipelineUtilsThread] INFO  pipeline.PipelinePlacementPolicy (PipelinePlacementPolicy.java:meetCriteria(91)) - Pipeline Placement: Doesn't meet the criteria to be viable node： 4c68c9f7-fd0b-45cb-be6c-07622c529b6d Heaviness: 6 limit: 5
2019-09-20 08:38:42,219 [RatisPipelineUtilsThread] ERROR pipeline.PipelinePlacementPolicy (PipelinePlacementPolicy.java:filterViableNodes(148)) - Unable to find enough nodes that meet the criteria that cannot engage in more than 5 pipelines. Nodes required: 1 Found: 0, healthy nodes count inNodeManager: 3.
2019-09-20 08:38:42,219 [RatisPipelineUtilsThread] ERROR pipeline.SCMPipelineManager (SCMPipelineManager.java:createPipeline(161)) - Pipeline creation failed due to exception: Unable to find enough nodes that meet the criteria that cannot engage in more than 5 pipelines. Nodes required: 1 Found: 0, healthy nodes count inNodeManager: 3.
2019-09-20 08:38:42,220 [RatisPipelineUtilsThread] INFO  pipeline.PipelinePlacementPolicy (PipelinePlacementPolicy.java:meetCriteria(91)) - Pipeline Placement: Doesn't meet the criteria to be viable node： 94e01da5-69fc-47f8-9cb6-206c4d0ff2c1 Heaviness: 6 limit: 5
2019-09-20 08:38:42,220 [RatisPipelineUtilsThread] INFO  pipeline.PipelinePlacementPolicy (PipelinePlacementPolicy.java:meetCriteria(91)) - Pipeline Placement: Doesn't meet the criteria to be viable node： 17688808-c4a5-475e-9b35-5fbd5f50591a Heaviness: 6 limit: 5
2019-09-20 08:38:42,220 [RatisPipelineUtilsThread] INFO  pipeline.PipelinePlacementPolicy (PipelinePlacementPolicy.java:meetCriteria(91)) - Pipeline Placement: Doesn't meet the criteria to be viable node： 4c68c9f7-fd0b-45cb-be6c-07622c529b6d Heaviness: 6 limit: 5
2019-09-20 08:38:42,220 [RatisPipelineUtilsThread] ERROR pipeline.PipelinePlacementPolicy (PipelinePlacementPolicy.java:filterViableNodes(148)) - Unable to find enough nodes that meet the criteria that cannot engage in more than 5 pipelines. Nodes required: 3 Found: 0, healthy nodes count inNodeManager: 3.
2019-09-20 08:38:42,221 [RatisPipelineUtilsThread] ERROR pipeline.SCMPipelineManager (SCMPipelineManager.java:createPipeline(161)) - Pipeline creation failed due to exception: Unable to find enough nodes that meet the criteria that cannot engage in more than 5 pipelines. Nodes required: 3 Found: 0, healthy nodes count inNodeManager: 3.
2019-09-20 08:38:42,424 [Thread-1323] INFO  ozone.MiniOzoneClusterImpl (MiniOzoneClusterImpl.java:lambda$waitForClusterToBeReady$0(142)) - Cluster is ready. Got 3 of 3 DN Heartbeats.
2019-09-20 08:38:42,584 | INFO  | OMAudit | user=jenkins1000 | ip=127.0.0.1 | op=CREATE_VOLUME {admin=admin77954, owner=user45639, volume=volume55432, creationTime=1568968722583, quotaInBytes=1152921504606846976} | ret=SUCCESS |  
2019-09-20 08:38:42,593 | INFO  | OMAudit | user=jenkins1000 | ip=127.0.0.1 | op=CREATE_BUCKET {volume=volume55432, bucket=bucket25385, acls=[], isVersionEnabled=false, storageType=DISK, creationTime=0} | ret=SUCCESS |  
2019-09-20 08:38:42,614 | INFO  | OMAudit | user=jenkins1000 | ip=127.0.0.1 | op=READ_VOLUME {volume=volume55432} | ret=SUCCESS |  
2019-09-20 08:38:42,616 | INFO  | OMAudit | user=jenkins1000 | ip=127.0.0.1 | op=READ_BUCKET {volume=volume55432, bucket=bucket25385} | ret=SUCCESS |  
2019-09-20 08:38:42,636 [IPC Server handler 4 on 38438] INFO  pipeline.PipelinePlacementPolicy (PipelinePlacementPolicy.java:meetCriteria(91)) - Pipeline Placement: Doesn't meet the criteria to be viable node： 94e01da5-69fc-47f8-9cb6-206c4d0ff2c1 Heaviness: 6 limit: 5
2019-09-20 08:38:42,636 [IPC Server handler 4 on 38438] INFO  pipeline.PipelinePlacementPolicy (PipelinePlacementPolicy.java:meetCriteria(91)) - Pipeline Placement: Doesn't meet the criteria to be viable node： 17688808-c4a5-475e-9b35-5fbd5f50591a Heaviness: 6 limit: 5
2019-09-20 08:38:42,637 [IPC Server handler 4 on 38438] INFO  pipeline.PipelinePlacementPolicy (PipelinePlacementPolicy.java:meetCriteria(91)) - Pipeline Placement: Doesn't meet the criteria to be viable node： 4c68c9f7-fd0b-45cb-be6c-07622c529b6d Heaviness: 6 limit: 5
2019-09-20 08:38:42,637 [IPC Server handler 4 on 38438] ERROR pipeline.PipelinePlacementPolicy (PipelinePlacementPolicy.java:filterViableNodes(148)) - Unable to find enough nodes that meet the criteria that cannot engage in more than 5 pipelines. Nodes required: 3 Found: 0, healthy nodes count inNodeManager: 3.
2019-09-20 08:38:42,637 [IPC Server handler 4 on 38438] ERROR pipeline.SCMPipelineManager (SCMPipelineManager.java:createPipeline(161)) - Pipeline creation failed due to exception: Unable to find enough nodes that meet the criteria that cannot engage in more than 5 pipelines. Nodes required: 3 Found: 0, healthy nodes count inNodeManager: 3.
2019-09-20 08:38:42,637 [IPC Server handler 4 on 38438] WARN  block.BlockManagerImpl (BlockManagerImpl.java:allocateBlock(192)) - Pipeline creation failed for type:RATIS factor:THREE. Retrying get pipelines call once.
org.apache.hadoop.hdds.scm.exceptions.SCMException: Unable to find enough nodes that meet the criteria that cannot engage in more than 5 pipelines. Nodes required: 3 Found: 0, healthy nodes count inNodeManager: 3.
	at org.apache.hadoop.hdds.scm.pipeline.PipelinePlacementPolicy.filterViableNodes(PipelinePlacementPolicy.java:149)
	at org.apache.hadoop.hdds.scm.pipeline.PipelinePlacementPolicy.chooseDatanodes(PipelinePlacementPolicy.java:172)
	at org.apache.hadoop.hdds.scm.pipeline.RatisPipelineProvider.create(RatisPipelineProvider.java:92)
	at org.apache.hadoop.hdds.scm.pipeline.PipelineFactory.create(PipelineFactory.java:57)
	at org.apache.hadoop.hdds.scm.pipeline.SCMPipelineManager.createPipeline(SCMPipelineManager.java:149)
	at org.apache.hadoop.hdds.scm.block.BlockManagerImpl.allocateBlock(BlockManagerImpl.java:190)
	at org.apache.hadoop.hdds.scm.server.SCMBlockProtocolServer.allocateBlock(SCMBlockProtocolServer.java:175)
	at org.apache.hadoop.ozone.protocolPB.ScmBlockLocationProtocolServerSideTranslatorPB.allocateScmBlock(ScmBlockLocationProtocolServerSideTranslatorPB.java:153)
	at org.apache.hadoop.ozone.protocolPB.ScmBlockLocationProtocolServerSideTranslatorPB.send(ScmBlockLocationProtocolServerSideTranslatorPB.java:112)
	at org.apache.hadoop.hdds.protocol.proto.ScmBlockLocationProtocolProtos$ScmBlockLocationProtocolService$2.callBlockingMethod(ScmBlockLocationProtocolProtos.java:13157)
	at org.apache.hadoop.ipc.ProtobufRpcEngine$Server$ProtoBufRpcInvoker.call(ProtobufRpcEngine.java:524)
	at org.apache.hadoop.ipc.RPC$Server.call(RPC.java:1025)
	at org.apache.hadoop.ipc.Server$RpcCall.run(Server.java:876)
	at org.apache.hadoop.ipc.Server$RpcCall.run(Server.java:822)
	at java.security.AccessController.doPrivileged(Native Method)
	at javax.security.auth.Subject.doAs(Subject.java:422)
	at org.apache.hadoop.security.UserGroupInformation.doAs(UserGroupInformation.java:1730)
	at org.apache.hadoop.ipc.Server$Handler.run(Server.java:2682)
2019-09-20 08:38:42,637 [IPC Server handler 4 on 38438] INFO  block.BlockManagerImpl (BlockManagerImpl.java:allocateBlock(198)) - Could not find available pipeline of type:RATIS and factor:THREE even after retrying
2019-09-20 08:38:42,637 [IPC Server handler 4 on 38438] ERROR block.BlockManagerImpl (BlockManagerImpl.java:allocateBlock(222)) - Unable to allocate a block for the size: 4194304, type: RATIS, factor: THREE
2019-09-20 08:38:42,638 | INFO  | SCMAudit | user=jenkins1000 | ip=192.168.36.79 | op=ALLOCATE_BLOCK {owner=501a2e2a-8a7b-4417-aa2a-2b18ed54f609, size=4194304, type=RATIS, factor=THREE} | ret=SUCCESS |  
2019-09-20 08:38:42,641 | ERROR | OMAudit | user=jenkins1000 | ip=127.0.0.1 | op=CREATE_FILE {volume=volume55432, bucket=bucket25385, key=testDeleteCreatesFakeParentDir/parent/child, dataSize=0, replicationType=RATIS, replicationFactor=THREE, keyLocationInfo=null} | ret=FAILURE | org.apache.hadoop.hdds.scm.exceptions.SCMException: Allocated 0 blocks. Requested 1 blocks
	at org.apache.hadoop.hdds.scm.protocolPB.ScmBlockLocationProtocolClientSideTranslatorPB.handleError(ScmBlockLocationProtocolClientSideTranslatorPB.java:118)
	at org.apache.hadoop.hdds.scm.protocolPB.ScmBlockLocationProtocolClientSideTranslatorPB.allocateBlock(ScmBlockLocationProtocolClientSideTranslatorPB.java:156) 
2019-09-20 08:38:42,642 [Thread-1323] INFO  ozone.MiniOzoneClusterImpl (MiniOzoneClusterImpl.java:shutdown(321)) - Shutting down the Mini Ozone Cluster
2019-09-20 08:38:42,642 | INFO  | SCMAudit | user=null | ip=null | op=GET_SCM_INFO null | ret=SUCCESS |  
2019-09-20 08:38:42,642 [Thread-1323] INFO  ozone.MiniOzoneClusterImpl (MiniOzoneClusterImpl.java:stop(336)) - Stopping the Mini Ozone Cluster
2019-09-20 08:38:42,642 [Thread-1323] INFO  ozone.MiniOzoneClusterImpl (MiniOzoneClusterImpl.java:stop(338)) - Stopping the OzoneManager
2019-09-20 08:38:42,642 [Thread-1323] INFO  ipc.Server (Server.java:stop(3082)) - Stopping server on 40448
2019-09-20 08:38:42,646 [Thread-1323] INFO  ratis.OzoneManagerDoubleBuffer (OzoneManagerDoubleBuffer.java:stop(248)) - Stopping OMDoubleBuffer flush thread
2019-09-20 08:38:42,646 [IPC Server listener on 40448] INFO  ipc.Server (Server.java:run(1185)) - Stopping IPC Server listener on 40448
2019-09-20 08:38:42,646 [OMDoubleBufferFlushThread] INFO  ratis.OzoneManagerDoubleBuffer (OzoneManagerDoubleBuffer.java:flushTransactions(191)) - OMDoubleBuffer flush thread OMDoubleBufferFlushThread is interrupted and will exit. OMDoubleBufferFlushThread
2019-09-20 08:38:42,646 [IPC Server Responder] INFO  ipc.Server (Server.java:run(1319)) - Stopping IPC Server Responder
2019-09-20 08:38:42,648 [Thread-1323] INFO  utils.BackgroundService (BackgroundService.java:shutdown(148)) - Shutting down service KeyDeletingService
2019-09-20 08:38:42,650 [Thread-1323] INFO  handler.ContextHandler (ContextHandler.java:doStop(910)) - Stopped o.e.j.w.WebAppContext@74337d13{/,null,UNAVAILABLE}{/ozoneManager}
2019-09-20 08:38:42,651 [Thread-1323] INFO  server.AbstractConnector (AbstractConnector.java:doStop(318)) - Stopped ServerConnector@d36ffc7{HTTP/1.1,[http/1.1]}{0.0.0.0:0}
2019-09-20 08:38:42,651 [Thread-1323] INFO  handler.ContextHandler (ContextHandler.java:doStop(910)) - Stopped o.e.j.s.ServletContextHandler@7140492c{/static,jar:file:/home/user/.m2/repository/org/apache/hadoop/hadoop-ozone-ozone-manager/0.5.0-SNAPSHOT/hadoop-ozone-ozone-manager-0.5.0-SNAPSHOT.jar!/webapps/static,UNAVAILABLE}
2019-09-20 08:38:42,652 [Thread-1323] INFO  handler.ContextHandler (ContextHandler.java:doStop(910)) - Stopped o.e.j.s.ServletContextHandler@5524e54c{/logs,file:///workdir/hadoop-ozone/ozonefs/target/log,UNAVAILABLE}
2019-09-20 08:38:42,654 [Thread-1323] INFO  ozone.MiniOzoneClusterImpl (MiniOzoneClusterImpl.java:stop(344)) - Shutting the HddsDatanodes
2019-09-20 08:38:42,654 [Thread-1323] INFO  datanode.ObjectStoreHandler (ObjectStoreHandler.java:close(155)) - Closing ObjectStoreHandler.
2019-09-20 08:38:42,655 [ForkJoinPool.commonPool-worker-0] INFO  datanode.ObjectStoreHandler (ObjectStoreHandler.java:close(155)) - Closing ObjectStoreHandler.
2019-09-20 08:38:42,655 [Thread-1323] INFO  ozone.HddsDatanodeService (HddsDatanodeService.java:stop(451)) - Stopped plug-in org.apache.hadoop.ozone.web.OzoneHddsDatanodeService@c45172b
2019-09-20 08:38:42,655 [ForkJoinPool.commonPool-worker-0] INFO  ozone.HddsDatanodeService (HddsDatanodeService.java:stop(451)) - Stopped plug-in org.apache.hadoop.ozone.web.OzoneHddsDatanodeService@60c2bd5a
2019-09-20 08:38:42,946 [Datanode State Machine Thread - 0] INFO  statemachine.DatanodeStateMachine (DatanodeStateMachine.java:lambda$startDaemon$0(350)) - Ozone container server started.
2019-09-20 08:38:43,208 [Datanode State Machine Thread - 0] INFO  statemachine.DatanodeStateMachine (DatanodeStateMachine.java:lambda$startDaemon$0(350)) - Ozone container server started.
2019-09-20 08:38:43,425 | INFO  | SCMAudit | user=jenkins1000 | ip=192.168.36.79 | op=SEND_HEARTBEAT {datanodeUUID=94e01da5-69fc-47f8-9cb6-206c4d0ff2c1, command=[]} | ret=SUCCESS |  
2019-09-20 08:38:43,954 [Thread-1495] INFO  container.ReplicationManager (ReplicationManager.java:start(151)) - Starting Replication Monitor Thread.
2019-09-20 08:38:43,956 [ReplicationMonitor] INFO  container.ReplicationManager (ReplicationManager.java:run(214)) - Replication Monitor Thread took 0 milliseconds for processing 0 containers.
2019-09-20 08:38:44,424 | INFO  | SCMAudit | user=jenkins1000 | ip=192.168.36.79 | op=SEND_HEARTBEAT {datanodeUUID=94e01da5-69fc-47f8-9cb6-206c4d0ff2c1, command=[]} | ret=SUCCESS |  
2019-09-20 08:38:45,425 | INFO  | SCMAudit | user=jenkins1000 | ip=192.168.36.79 | op=SEND_HEARTBEAT {datanodeUUID=94e01da5-69fc-47f8-9cb6-206c4d0ff2c1, command=[]} | ret=SUCCESS |  
2019-09-20 08:38:46,115 [Thread-1497] INFO  impl.FollowerState (FollowerState.java:run(106)) - 4c68c9f7-fd0b-45cb-be6c-07622c529b6d:group-1AD41A5494B6 changes to CANDIDATE, lastRpcTime:5083, electionTimeout:5083ms
2019-09-20 08:38:46,116 [Thread-1497] INFO  impl.RoleInfo (RoleInfo.java:shutdownFollowerState(121)) - 4c68c9f7-fd0b-45cb-be6c-07622c529b6d: shutdown FollowerState
2019-09-20 08:38:46,116 [Thread-1497] INFO  impl.RaftServerImpl (RaftServerImpl.java:setRole(171)) - 4c68c9f7-fd0b-45cb-be6c-07622c529b6d:group-1AD41A5494B6 changes role from FOLLOWER to CANDIDATE at term 0 for changeToCandidate
2019-09-20 08:38:46,116 [Thread-1497] INFO  impl.RoleInfo (RoleInfo.java:updateAndGet(143)) - 4c68c9f7-fd0b-45cb-be6c-07622c529b6d: start LeaderElection
2019-09-20 08:38:46,137 [4c68c9f7-fd0b-45cb-be6c-07622c529b6d:group-1AD41A5494B6:LeaderElection84] INFO  impl.LeaderElection (LeaderElection.java:askForVotes(181)) - 4c68c9f7-fd0b-45cb-be6c-07622c529b6d:group-1AD41A5494B6:LeaderElection84: begin an election at term 1 for -1: [4c68c9f7-fd0b-45cb-be6c-07622c529b6d:192.168.36.79:33530], old=null
2019-09-20 08:38:46,138 [4c68c9f7-fd0b-45cb-be6c-07622c529b6d:group-1AD41A5494B6:LeaderElection84] INFO  impl.RoleInfo (RoleInfo.java:shutdownLeaderElection(134)) - 4c68c9f7-fd0b-45cb-be6c-07622c529b6d: shutdown LeaderElection
2019-09-20 08:38:46,138 [4c68c9f7-fd0b-45cb-be6c-07622c529b6d:group-1AD41A5494B6:LeaderElection84] INFO  impl.RaftServerImpl (RaftServerImpl.java:setRole(171)) - 4c68c9f7-fd0b-45cb-be6c-07622c529b6d:group-1AD41A5494B6 changes role from CANDIDATE to LEADER at term 1 for changeToLeader
2019-09-20 08:38:46,138 [4c68c9f7-fd0b-45cb-be6c-07622c529b6d:group-1AD41A5494B6:LeaderElection84] INFO  impl.RaftServerImpl (ServerState.java:setLeader(263)) - 4c68c9f7-fd0b-45cb-be6c-07622c529b6d:group-1AD41A5494B6 change Leader from null to 4c68c9f7-fd0b-45cb-be6c-07622c529b6d at term 1 for becomeLeader, leader elected after 5110ms
2019-09-20 08:38:46,138 [4c68c9f7-fd0b-45cb-be6c-07622c529b6d:group-1AD41A5494B6:LeaderElection84] INFO  server.RaftServerConfigKeys (ConfUtils.java:logGet(43)) - raft.server.staging.catchup.gap = 1000 (default)
2019-09-20 08:38:46,138 [4c68c9f7-fd0b-45cb-be6c-07622c529b6d:group-1AD41A5494B6:LeaderElection84] INFO  server.RaftServerConfigKeys (ConfUtils.java:logGet(43)) - raft.server.rpc.sleep.time = 25ms (default)
2019-09-20 08:38:46,138 [4c68c9f7-fd0b-45cb-be6c-07622c529b6d:group-1AD41A5494B6:LeaderElection84] INFO  server.RaftServerConfigKeys (ConfUtils.java:logGet(43)) - raft.server.write.element-limit = 4096 (default)
2019-09-20 08:38:46,139 [4c68c9f7-fd0b-45cb-be6c-07622c529b6d:group-1AD41A5494B6:LeaderElection84] INFO  server.RaftServerConfigKeys (ConfUtils.java:logGet(43)) - raft.server.watch.timeout = 10s (default)
2019-09-20 08:38:46,139 [4c68c9f7-fd0b-45cb-be6c-07622c529b6d:group-1AD41A5494B6:LeaderElection84] INFO  server.RaftServerConfigKeys (ConfUtils.java:logGet(43)) - raft.server.watch.timeout.denomination = 1s (default)
2019-09-20 08:38:46,139 [4c68c9f7-fd0b-45cb-be6c-07622c529b6d:group-1AD41A5494B6:LeaderElection84] INFO  server.RaftServerConfigKeys (ConfUtils.java:logGet(43)) - raft.server.watch.element-limit = 65536 (default)
2019-09-20 08:38:46,139 [4c68c9f7-fd0b-45cb-be6c-07622c529b6d:group-1AD41A5494B6:LeaderElection84] INFO  impl.RoleInfo (RoleInfo.java:updateAndGet(143)) - 4c68c9f7-fd0b-45cb-be6c-07622c529b6d: start LeaderState
2019-09-20 08:38:46,140 [4c68c9f7-fd0b-45cb-be6c-07622c529b6d:group-1AD41A5494B6:LeaderElection84] INFO  segmented.SegmentedRaftLogWorker (SegmentedRaftLogWorker.java:startLogSegment(380)) - 4c68c9f7-fd0b-45cb-be6c-07622c529b6d-SegmentedRaftLogWorker:Storage Directory /workdir/hadoop-ozone/ozonefs/target/test-dir/MiniOzoneClusterImpl-91d92c25-20d7-4a60-97d2-df3786b0ca5e/datanode-0/data/ratis/924b4a90-99f7-4a4b-91ec-1ad41a5494b6: Starting segment from index:0
2019-09-20 08:38:46,140 [4c68c9f7-fd0b-45cb-be6c-07622c529b6d:group-1AD41A5494B6:LeaderElection84] INFO  impl.RaftServerImpl (ServerState.java:setRaftConf(361)) - 4c68c9f7-fd0b-45cb-be6c-07622c529b6d:group-1AD41A5494B6 set configuration 0: [4c68c9f7-fd0b-45cb-be6c-07622c529b6d:192.168.36.79:33530], old=null at 0
2019-09-20 08:38:46,177 [Thread-1500] INFO  impl.FollowerState (FollowerState.java:run(106)) - 4c68c9f7-fd0b-45cb-be6c-07622c529b6d:group-D1F18BED0C6C changes to CANDIDATE, lastRpcTime:5079, electionTimeout:5079ms
2019-09-20 08:38:46,178 [Thread-1500] INFO  impl.RoleInfo (RoleInfo.java:shutdownFollowerState(121)) - 4c68c9f7-fd0b-45cb-be6c-07622c529b6d: shutdown FollowerState
2019-09-20 08:38:46,178 [Thread-1500] INFO  impl.RaftServerImpl (RaftServerImpl.java:setRole(171)) - 4c68c9f7-fd0b-45cb-be6c-07622c529b6d:group-D1F18BED0C6C changes role from FOLLOWER to CANDIDATE at term 0 for changeToCandidate
2019-09-20 08:38:46,178 [Thread-1500] INFO  impl.RoleInfo (RoleInfo.java:updateAndGet(143)) - 4c68c9f7-fd0b-45cb-be6c-07622c529b6d: start LeaderElection
2019-09-20 08:38:46,194 [4c68c9f7-fd0b-45cb-be6c-07622c529b6d-SegmentedRaftLogWorker:Storage Directory /workdir/hadoop-ozone/ozonefs/target/test-dir/MiniOzoneClusterImpl-91d92c25-20d7-4a60-97d2-df3786b0ca5e/datanode-0/data/ratis/924b4a90-99f7-4a4b-91ec-1ad41a5494b6] INFO  segmented.SegmentedRaftLogWorker (SegmentedRaftLogWorker.java:execute(569)) - 4c68c9f7-fd0b-45cb-be6c-07622c529b6d-SegmentedRaftLogWorker:Storage Directory /workdir/hadoop-ozone/ozonefs/target/test-dir/MiniOzoneClusterImpl-91d92c25-20d7-4a60-97d2-df3786b0ca5e/datanode-0/data/ratis/924b4a90-99f7-4a4b-91ec-1ad41a5494b6: created new log segment /workdir/hadoop-ozone/ozonefs/target/test-dir/MiniOzoneClusterImpl-91d92c25-20d7-4a60-97d2-df3786b0ca5e/datanode-0/data/ratis/924b4a90-99f7-4a4b-91ec-1ad41a5494b6/current/log_inprogress_0
2019-09-20 08:38:46,194 [4c68c9f7-fd0b-45cb-be6c-07622c529b6d:group-D1F18BED0C6C:LeaderElection85] INFO  impl.LeaderElection (LeaderElection.java:askForVotes(181)) - 4c68c9f7-fd0b-45cb-be6c-07622c529b6d:group-D1F18BED0C6C:LeaderElection85: begin an election at term 1 for -1: [4c68c9f7-fd0b-45cb-be6c-07622c529b6d:192.168.36.79:33530], old=null
2019-09-20 08:38:46,194 [4c68c9f7-fd0b-45cb-be6c-07622c529b6d:group-D1F18BED0C6C:LeaderElection85] INFO  impl.RoleInfo (RoleInfo.java:shutdownLeaderElection(134)) - 4c68c9f7-fd0b-45cb-be6c-07622c529b6d: shutdown LeaderElection
2019-09-20 08:38:46,194 [4c68c9f7-fd0b-45cb-be6c-07622c529b6d:group-D1F18BED0C6C:LeaderElection85] INFO  impl.RaftServerImpl (RaftServerImpl.java:setRole(171)) - 4c68c9f7-fd0b-45cb-be6c-07622c529b6d:group-D1F18BED0C6C changes role from CANDIDATE to LEADER at term 1 for changeToLeader
2019-09-20 08:38:46,194 [4c68c9f7-fd0b-45cb-be6c-07622c529b6d:group-D1F18BED0C6C:LeaderElection85] INFO  impl.RaftServerImpl (ServerState.java:setLeader(263)) - 4c68c9f7-fd0b-45cb-be6c-07622c529b6d:group-D1F18BED0C6C change Leader from null to 4c68c9f7-fd0b-45cb-be6c-07622c529b6d at term 1 for becomeLeader, leader elected after 5099ms
2019-09-20 08:38:46,194 [4c68c9f7-fd0b-45cb-be6c-07622c529b6d:group-D1F18BED0C6C:LeaderElection85] INFO  server.RaftServerConfigKeys (ConfUtils.java:logGet(43)) - raft.server.staging.catchup.gap = 1000 (default)
2019-09-20 08:38:46,194 [4c68c9f7-fd0b-45cb-be6c-07622c529b6d:group-D1F18BED0C6C:LeaderElection85] INFO  server.RaftServerConfigKeys (ConfUtils.java:logGet(43)) - raft.server.rpc.sleep.time = 25ms (default)
2019-09-20 08:38:46,195 [4c68c9f7-fd0b-45cb-be6c-07622c529b6d:group-D1F18BED0C6C:LeaderElection85] INFO  server.RaftServerConfigKeys (ConfUtils.java:logGet(43)) - raft.server.write.element-limit = 4096 (default)
2019-09-20 08:38:46,195 [4c68c9f7-fd0b-45cb-be6c-07622c529b6d:group-D1F18BED0C6C:LeaderElection85] INFO  server.RaftServerConfigKeys (ConfUtils.java:logGet(43)) - raft.server.watch.timeout = 10s (default)
2019-09-20 08:38:46,195 [4c68c9f7-fd0b-45cb-be6c-07622c529b6d:group-D1F18BED0C6C:LeaderElection85] INFO  server.RaftServerConfigKeys (ConfUtils.java:logGet(43)) - raft.server.watch.timeout.denomination = 1s (default)
2019-09-20 08:38:46,195 [4c68c9f7-fd0b-45cb-be6c-07622c529b6d:group-D1F18BED0C6C:LeaderElection85] INFO  server.RaftServerConfigKeys (ConfUtils.java:logGet(43)) - raft.server.watch.element-limit = 65536 (default)
2019-09-20 08:38:46,195 [4c68c9f7-fd0b-45cb-be6c-07622c529b6d:group-D1F18BED0C6C:LeaderElection85] INFO  impl.RoleInfo (RoleInfo.java:updateAndGet(143)) - 4c68c9f7-fd0b-45cb-be6c-07622c529b6d: start LeaderState
2019-09-20 08:38:46,196 [4c68c9f7-fd0b-45cb-be6c-07622c529b6d:group-D1F18BED0C6C:LeaderElection85] INFO  segmented.SegmentedRaftLogWorker (SegmentedRaftLogWorker.java:startLogSegment(380)) - 4c68c9f7-fd0b-45cb-be6c-07622c529b6d-SegmentedRaftLogWorker:Storage Directory /workdir/hadoop-ozone/ozonefs/target/test-dir/MiniOzoneClusterImpl-91d92c25-20d7-4a60-97d2-df3786b0ca5e/datanode-0/data/ratis/28d4ed47-5cb4-4e5f-a744-d1f18bed0c6c: Starting segment from index:0
2019-09-20 08:38:46,196 [4c68c9f7-fd0b-45cb-be6c-07622c529b6d:group-D1F18BED0C6C:LeaderElection85] INFO  impl.RaftServerImpl (ServerState.java:setRaftConf(361)) - 4c68c9f7-fd0b-45cb-be6c-07622c529b6d:group-D1F18BED0C6C set configuration 0: [4c68c9f7-fd0b-45cb-be6c-07622c529b6d:192.168.36.79:33530], old=null at 0
2019-09-20 08:38:46,254 [4c68c9f7-fd0b-45cb-be6c-07622c529b6d-SegmentedRaftLogWorker:Storage Directory /workdir/hadoop-ozone/ozonefs/target/test-dir/MiniOzoneClusterImpl-91d92c25-20d7-4a60-97d2-df3786b0ca5e/datanode-0/data/ratis/28d4ed47-5cb4-4e5f-a744-d1f18bed0c6c] INFO  segmented.SegmentedRaftLogWorker (SegmentedRaftLogWorker.java:execute(569)) - 4c68c9f7-fd0b-45cb-be6c-07622c529b6d-SegmentedRaftLogWorker:Storage Directory /workdir/hadoop-ozone/ozonefs/target/test-dir/MiniOzoneClusterImpl-91d92c25-20d7-4a60-97d2-df3786b0ca5e/datanode-0/data/ratis/28d4ed47-5cb4-4e5f-a744-d1f18bed0c6c: created new log segment /workdir/hadoop-ozone/ozonefs/target/test-dir/MiniOzoneClusterImpl-91d92c25-20d7-4a60-97d2-df3786b0ca5e/datanode-0/data/ratis/28d4ed47-5cb4-4e5f-a744-d1f18bed0c6c/current/log_inprogress_0
2019-09-20 08:38:46,256 [Thread-1503] INFO  impl.FollowerState (FollowerState.java:run(106)) - 4c68c9f7-fd0b-45cb-be6c-07622c529b6d:group-053B43A84ED8 changes to CANDIDATE, lastRpcTime:5099, electionTimeout:5099ms
2019-09-20 08:38:46,256 [Thread-1503] INFO  impl.RoleInfo (RoleInfo.java:shutdownFollowerState(121)) - 4c68c9f7-fd0b-45cb-be6c-07622c529b6d: shutdown FollowerState
2019-09-20 08:38:46,257 [Thread-1503] INFO  impl.RaftServerImpl (RaftServerImpl.java:setRole(171)) - 4c68c9f7-fd0b-45cb-be6c-07622c529b6d:group-053B43A84ED8 changes role from FOLLOWER to CANDIDATE at term 0 for changeToCandidate
2019-09-20 08:38:46,257 [Thread-1503] INFO  impl.RoleInfo (RoleInfo.java:updateAndGet(143)) - 4c68c9f7-fd0b-45cb-be6c-07622c529b6d: start LeaderElection
2019-09-20 08:38:46,275 [Thread-1506] INFO  impl.FollowerState (FollowerState.java:run(106)) - 4c68c9f7-fd0b-45cb-be6c-07622c529b6d:group-7673CA358757 changes to CANDIDATE, lastRpcTime:5051, electionTimeout:5051ms
2019-09-20 08:38:46,276 [Thread-1506] INFO  impl.RoleInfo (RoleInfo.java:shutdownFollowerState(121)) - 4c68c9f7-fd0b-45cb-be6c-07622c529b6d: shutdown FollowerState
2019-09-20 08:38:46,276 [Thread-1506] INFO  impl.RaftServerImpl (RaftServerImpl.java:setRole(171)) - 4c68c9f7-fd0b-45cb-be6c-07622c529b6d:group-7673CA358757 changes role from FOLLOWER to CANDIDATE at term 0 for changeToCandidate
2019-09-20 08:38:46,276 [Thread-1506] INFO  impl.RoleInfo (RoleInfo.java:updateAndGet(143)) - 4c68c9f7-fd0b-45cb-be6c-07622c529b6d: start LeaderElection
2019-09-20 08:38:46,282 [4c68c9f7-fd0b-45cb-be6c-07622c529b6d:group-053B43A84ED8:LeaderElection86] INFO  impl.LeaderElection (LeaderElection.java:askForVotes(181)) - 4c68c9f7-fd0b-45cb-be6c-07622c529b6d:group-053B43A84ED8:LeaderElection86: begin an election at term 1 for -1: [4c68c9f7-fd0b-45cb-be6c-07622c529b6d:192.168.36.79:33530], old=null
2019-09-20 08:38:46,282 [4c68c9f7-fd0b-45cb-be6c-07622c529b6d:group-053B43A84ED8:LeaderElection86] INFO  impl.RoleInfo (RoleInfo.java:shutdownLeaderElection(134)) - 4c68c9f7-fd0b-45cb-be6c-07622c529b6d: shutdown LeaderElection
2019-09-20 08:38:46,282 [4c68c9f7-fd0b-45cb-be6c-07622c529b6d:group-053B43A84ED8:LeaderElection86] INFO  impl.RaftServerImpl (RaftServerImpl.java:setRole(171)) - 4c68c9f7-fd0b-45cb-be6c-07622c529b6d:group-053B43A84ED8 changes role from CANDIDATE to LEADER at term 1 for changeToLeader
2019-09-20 08:38:46,282 [4c68c9f7-fd0b-45cb-be6c-07622c529b6d:group-053B43A84ED8:LeaderElection86] INFO  impl.RaftServerImpl (ServerState.java:setLeader(263)) - 4c68c9f7-fd0b-45cb-be6c-07622c529b6d:group-053B43A84ED8 change Leader from null to 4c68c9f7-fd0b-45cb-be6c-07622c529b6d at term 1 for becomeLeader, leader elected after 5128ms
2019-09-20 08:38:46,282 [4c68c9f7-fd0b-45cb-be6c-07622c529b6d:group-053B43A84ED8:LeaderElection86] INFO  server.RaftServerConfigKeys (ConfUtils.java:logGet(43)) - raft.server.staging.catchup.gap = 1000 (default)
2019-09-20 08:38:46,282 [4c68c9f7-fd0b-45cb-be6c-07622c529b6d:group-053B43A84ED8:LeaderElection86] INFO  server.RaftServerConfigKeys (ConfUtils.java:logGet(43)) - raft.server.rpc.sleep.time = 25ms (default)
2019-09-20 08:38:46,283 [4c68c9f7-fd0b-45cb-be6c-07622c529b6d:group-053B43A84ED8:LeaderElection86] INFO  server.RaftServerConfigKeys (ConfUtils.java:logGet(43)) - raft.server.write.element-limit = 4096 (default)
2019-09-20 08:38:46,283 [4c68c9f7-fd0b-45cb-be6c-07622c529b6d:group-053B43A84ED8:LeaderElection86] INFO  server.RaftServerConfigKeys (ConfUtils.java:logGet(43)) - raft.server.watch.timeout = 10s (default)
2019-09-20 08:38:46,283 [4c68c9f7-fd0b-45cb-be6c-07622c529b6d:group-053B43A84ED8:LeaderElection86] INFO  server.RaftServerConfigKeys (ConfUtils.java:logGet(43)) - raft.server.watch.timeout.denomination = 1s (default)
2019-09-20 08:38:46,283 [4c68c9f7-fd0b-45cb-be6c-07622c529b6d:group-053B43A84ED8:LeaderElection86] INFO  server.RaftServerConfigKeys (ConfUtils.java:logGet(43)) - raft.server.watch.element-limit = 65536 (default)
2019-09-20 08:38:46,283 [4c68c9f7-fd0b-45cb-be6c-07622c529b6d:group-053B43A84ED8:LeaderElection86] INFO  impl.RoleInfo (RoleInfo.java:updateAndGet(143)) - 4c68c9f7-fd0b-45cb-be6c-07622c529b6d: start LeaderState
2019-09-20 08:38:46,283 [4c68c9f7-fd0b-45cb-be6c-07622c529b6d:group-053B43A84ED8:LeaderElection86] INFO  segmented.SegmentedRaftLogWorker (SegmentedRaftLogWorker.java:startLogSegment(380)) - 4c68c9f7-fd0b-45cb-be6c-07622c529b6d-SegmentedRaftLogWorker:Storage Directory /workdir/hadoop-ozone/ozonefs/target/test-dir/MiniOzoneClusterImpl-91d92c25-20d7-4a60-97d2-df3786b0ca5e/datanode-0/data/ratis/8bab4f84-497e-427a-9358-053b43a84ed8: Starting segment from index:0
2019-09-20 08:38:46,284 [4c68c9f7-fd0b-45cb-be6c-07622c529b6d:group-053B43A84ED8:LeaderElection86] INFO  impl.RaftServerImpl (ServerState.java:setRaftConf(361)) - 4c68c9f7-fd0b-45cb-be6c-07622c529b6d:group-053B43A84ED8 set configuration 0: [4c68c9f7-fd0b-45cb-be6c-07622c529b6d:192.168.36.79:33530], old=null at 0
2019-09-20 08:38:46,298 [4c68c9f7-fd0b-45cb-be6c-07622c529b6d:group-7673CA358757:LeaderElection87] INFO  impl.LeaderElection (LeaderElection.java:askForVotes(181)) - 4c68c9f7-fd0b-45cb-be6c-07622c529b6d:group-7673CA358757:LeaderElection87: begin an election at term 1 for -1: [4c68c9f7-fd0b-45cb-be6c-07622c529b6d:192.168.36.79:33530], old=null
2019-09-20 08:38:46,298 [4c68c9f7-fd0b-45cb-be6c-07622c529b6d:group-7673CA358757:LeaderElection87] INFO  impl.RoleInfo (RoleInfo.java:shutdownLeaderElection(134)) - 4c68c9f7-fd0b-45cb-be6c-07622c529b6d: shutdown LeaderElection
2019-09-20 08:38:46,298 [4c68c9f7-fd0b-45cb-be6c-07622c529b6d:group-7673CA358757:LeaderElection87] INFO  impl.RaftServerImpl (RaftServerImpl.java:setRole(171)) - 4c68c9f7-fd0b-45cb-be6c-07622c529b6d:group-7673CA358757 changes role from CANDIDATE to LEADER at term 1 for changeToLeader
2019-09-20 08:38:46,298 [4c68c9f7-fd0b-45cb-be6c-07622c529b6d:group-7673CA358757:LeaderElection87] INFO  impl.RaftServerImpl (ServerState.java:setLeader(263)) - 4c68c9f7-fd0b-45cb-be6c-07622c529b6d:group-7673CA358757 change Leader from null to 4c68c9f7-fd0b-45cb-be6c-07622c529b6d at term 1 for becomeLeader, leader elected after 5077ms
2019-09-20 08:38:46,299 [4c68c9f7-fd0b-45cb-be6c-07622c529b6d:group-7673CA358757:LeaderElection87] INFO  server.RaftServerConfigKeys (ConfUtils.java:logGet(43)) - raft.server.staging.catchup.gap = 1000 (default)
2019-09-20 08:38:46,299 [4c68c9f7-fd0b-45cb-be6c-07622c529b6d:group-7673CA358757:LeaderElection87] INFO  server.RaftServerConfigKeys (ConfUtils.java:logGet(43)) - raft.server.rpc.sleep.time = 25ms (default)
2019-09-20 08:38:46,299 [4c68c9f7-fd0b-45cb-be6c-07622c529b6d:group-7673CA358757:LeaderElection87] INFO  server.RaftServerConfigKeys (ConfUtils.java:logGet(43)) - raft.server.write.element-limit = 4096 (default)
2019-09-20 08:38:46,299 [4c68c9f7-fd0b-45cb-be6c-07622c529b6d:group-7673CA358757:LeaderElection87] INFO  server.RaftServerConfigKeys (ConfUtils.java:logGet(43)) - raft.server.watch.timeout = 10s (default)
2019-09-20 08:38:46,299 [4c68c9f7-fd0b-45cb-be6c-07622c529b6d:group-7673CA358757:LeaderElection87] INFO  server.RaftServerConfigKeys (ConfUtils.java:logGet(43)) - raft.server.watch.timeout.denomination = 1s (default)
2019-09-20 08:38:46,299 [4c68c9f7-fd0b-45cb-be6c-07622c529b6d:group-7673CA358757:LeaderElection87] INFO  server.RaftServerConfigKeys (ConfUtils.java:logGet(43)) - raft.server.watch.element-limit = 65536 (default)
2019-09-20 08:38:46,300 [4c68c9f7-fd0b-45cb-be6c-07622c529b6d:group-7673CA358757:LeaderElection87] INFO  impl.RoleInfo (RoleInfo.java:updateAndGet(143)) - 4c68c9f7-fd0b-45cb-be6c-07622c529b6d: start LeaderState
2019-09-20 08:38:46,300 [4c68c9f7-fd0b-45cb-be6c-07622c529b6d:group-7673CA358757:LeaderElection87] INFO  segmented.SegmentedRaftLogWorker (SegmentedRaftLogWorker.java:startLogSegment(380)) - 4c68c9f7-fd0b-45cb-be6c-07622c529b6d-SegmentedRaftLogWorker:Storage Directory /workdir/hadoop-ozone/ozonefs/target/test-dir/MiniOzoneClusterImpl-91d92c25-20d7-4a60-97d2-df3786b0ca5e/datanode-0/data/ratis/7ac71341-d539-4497-aed1-7673ca358757: Starting segment from index:0
2019-09-20 08:38:46,301 [4c68c9f7-fd0b-45cb-be6c-07622c529b6d:group-7673CA358757:LeaderElection87] INFO  impl.RaftServerImpl (ServerState.java:setRaftConf(361)) - 4c68c9f7-fd0b-45cb-be6c-07622c529b6d:group-7673CA358757 set configuration 0: [4c68c9f7-fd0b-45cb-be6c-07622c529b6d:192.168.36.79:33530], old=null at 0
2019-09-20 08:38:46,335 [4c68c9f7-fd0b-45cb-be6c-07622c529b6d-SegmentedRaftLogWorker:Storage Directory /workdir/hadoop-ozone/ozonefs/target/test-dir/MiniOzoneClusterImpl-91d92c25-20d7-4a60-97d2-df3786b0ca5e/datanode-0/data/ratis/8bab4f84-497e-427a-9358-053b43a84ed8] INFO  segmented.SegmentedRaftLogWorker (SegmentedRaftLogWorker.java:execute(569)) - 4c68c9f7-fd0b-45cb-be6c-07622c529b6d-SegmentedRaftLogWorker:Storage Directory /workdir/hadoop-ozone/ozonefs/target/test-dir/MiniOzoneClusterImpl-91d92c25-20d7-4a60-97d2-df3786b0ca5e/datanode-0/data/ratis/8bab4f84-497e-427a-9358-053b43a84ed8: created new log segment /workdir/hadoop-ozone/ozonefs/target/test-dir/MiniOzoneClusterImpl-91d92c25-20d7-4a60-97d2-df3786b0ca5e/datanode-0/data/ratis/8bab4f84-497e-427a-9358-053b43a84ed8/current/log_inprogress_0
2019-09-20 08:38:46,358 [4c68c9f7-fd0b-45cb-be6c-07622c529b6d-SegmentedRaftLogWorker:Storage Directory /workdir/hadoop-ozone/ozonefs/target/test-dir/MiniOzoneClusterImpl-91d92c25-20d7-4a60-97d2-df3786b0ca5e/datanode-0/data/ratis/7ac71341-d539-4497-aed1-7673ca358757] INFO  segmented.SegmentedRaftLogWorker (SegmentedRaftLogWorker.java:execute(569)) - 4c68c9f7-fd0b-45cb-be6c-07622c529b6d-SegmentedRaftLogWorker:Storage Directory /workdir/hadoop-ozone/ozonefs/target/test-dir/MiniOzoneClusterImpl-91d92c25-20d7-4a60-97d2-df3786b0ca5e/datanode-0/data/ratis/7ac71341-d539-4497-aed1-7673ca358757: created new log segment /workdir/hadoop-ozone/ozonefs/target/test-dir/MiniOzoneClusterImpl-91d92c25-20d7-4a60-97d2-df3786b0ca5e/datanode-0/data/ratis/7ac71341-d539-4497-aed1-7673ca358757/current/log_inprogress_0
2019-09-20 08:38:46,424 | INFO  | SCMAudit | user=jenkins1000 | ip=192.168.36.79 | op=SEND_HEARTBEAT {datanodeUUID=94e01da5-69fc-47f8-9cb6-206c4d0ff2c1, command=[]} | ret=SUCCESS |  
2019-09-20 08:38:46,496 [Thread-1509] INFO  impl.FollowerState (FollowerState.java:run(106)) - 4c68c9f7-fd0b-45cb-be6c-07622c529b6d:group-409BA5F17854 changes to CANDIDATE, lastRpcTime:5188, electionTimeout:5188ms
2019-09-20 08:38:46,497 [Thread-1509] INFO  impl.RoleInfo (RoleInfo.java:shutdownFollowerState(121)) - 4c68c9f7-fd0b-45cb-be6c-07622c529b6d: shutdown FollowerState
2019-09-20 08:38:46,497 [Thread-1509] INFO  impl.RaftServerImpl (RaftServerImpl.java:setRole(171)) - 4c68c9f7-fd0b-45cb-be6c-07622c529b6d:group-409BA5F17854 changes role from FOLLOWER to CANDIDATE at term 0 for changeToCandidate
2019-09-20 08:38:46,497 [Thread-1509] INFO  impl.RoleInfo (RoleInfo.java:updateAndGet(143)) - 4c68c9f7-fd0b-45cb-be6c-07622c529b6d: start LeaderElection
2019-09-20 08:38:46,497 [Thread-1515] INFO  impl.FollowerState (FollowerState.java:run(106)) - 17688808-c4a5-475e-9b35-5fbd5f50591a:group-053C4BF48A8E changes to CANDIDATE, lastRpcTime:5060, electionTimeout:5060ms
2019-09-20 08:38:46,497 [Thread-1515] INFO  impl.RoleInfo (RoleInfo.java:shutdownFollowerState(121)) - 17688808-c4a5-475e-9b35-5fbd5f50591a: shutdown FollowerState
2019-09-20 08:38:46,498 [Thread-1515] INFO  impl.RaftServerImpl (RaftServerImpl.java:setRole(171)) - 17688808-c4a5-475e-9b35-5fbd5f50591a:group-053C4BF48A8E changes role from FOLLOWER to CANDIDATE at term 0 for changeToCandidate
2019-09-20 08:38:46,500 [Thread-1515] INFO  impl.RoleInfo (RoleInfo.java:updateAndGet(143)) - 17688808-c4a5-475e-9b35-5fbd5f50591a: start LeaderElection
2019-09-20 08:38:46,520 [4c68c9f7-fd0b-45cb-be6c-07622c529b6d:group-409BA5F17854:LeaderElection88] INFO  impl.LeaderElection (LeaderElection.java:askForVotes(181)) - 4c68c9f7-fd0b-45cb-be6c-07622c529b6d:group-409BA5F17854:LeaderElection88: begin an election at term 1 for -1: [4c68c9f7-fd0b-45cb-be6c-07622c529b6d:192.168.36.79:33530], old=null
2019-09-20 08:38:46,520 [17688808-c4a5-475e-9b35-5fbd5f50591a:group-053C4BF48A8E:LeaderElection89] INFO  impl.LeaderElection (LeaderElection.java:askForVotes(181)) - 17688808-c4a5-475e-9b35-5fbd5f50591a:group-053C4BF48A8E:LeaderElection89: begin an election at term 1 for -1: [17688808-c4a5-475e-9b35-5fbd5f50591a:192.168.36.79:42065], old=null
2019-09-20 08:38:46,520 [4c68c9f7-fd0b-45cb-be6c-07622c529b6d:group-409BA5F17854:LeaderElection88] INFO  impl.RoleInfo (RoleInfo.java:shutdownLeaderElection(134)) - 4c68c9f7-fd0b-45cb-be6c-07622c529b6d: shutdown LeaderElection
2019-09-20 08:38:46,520 [17688808-c4a5-475e-9b35-5fbd5f50591a:group-053C4BF48A8E:LeaderElection89] INFO  impl.RoleInfo (RoleInfo.java:shutdownLeaderElection(134)) - 17688808-c4a5-475e-9b35-5fbd5f50591a: shutdown LeaderElection
2019-09-20 08:38:46,520 [4c68c9f7-fd0b-45cb-be6c-07622c529b6d:group-409BA5F17854:LeaderElection88] INFO  impl.RaftServerImpl (RaftServerImpl.java:setRole(171)) - 4c68c9f7-fd0b-45cb-be6c-07622c529b6d:group-409BA5F17854 changes role from CANDIDATE to LEADER at term 1 for changeToLeader
2019-09-20 08:38:46,521 [Thread-1518] INFO  impl.FollowerState (FollowerState.java:run(106)) - 17688808-c4a5-475e-9b35-5fbd5f50591a:group-CE446C77B429 changes to CANDIDATE, lastRpcTime:5017, electionTimeout:5017ms
2019-09-20 08:38:46,521 [17688808-c4a5-475e-9b35-5fbd5f50591a:group-053C4BF48A8E:LeaderElection89] INFO  impl.RaftServerImpl (RaftServerImpl.java:setRole(171)) - 17688808-c4a5-475e-9b35-5fbd5f50591a:group-053C4BF48A8E changes role from CANDIDATE to LEADER at term 1 for changeToLeader
2019-09-20 08:38:46,521 [Thread-1518] INFO  impl.RoleInfo (RoleInfo.java:shutdownFollowerState(121)) - 17688808-c4a5-475e-9b35-5fbd5f50591a: shutdown FollowerState
2019-09-20 08:38:46,521 [4c68c9f7-fd0b-45cb-be6c-07622c529b6d:group-409BA5F17854:LeaderElection88] INFO  impl.RaftServerImpl (ServerState.java:setLeader(263)) - 4c68c9f7-fd0b-45cb-be6c-07622c529b6d:group-409BA5F17854 change Leader from null to 4c68c9f7-fd0b-45cb-be6c-07622c529b6d at term 1 for becomeLeader, leader elected after 5215ms
2019-09-20 08:38:46,521 [Thread-1518] INFO  impl.RaftServerImpl (RaftServerImpl.java:setRole(171)) - 17688808-c4a5-475e-9b35-5fbd5f50591a:group-CE446C77B429 changes role from FOLLOWER to CANDIDATE at term 0 for changeToCandidate
2019-09-20 08:38:46,521 [17688808-c4a5-475e-9b35-5fbd5f50591a:group-053C4BF48A8E:LeaderElection89] INFO  impl.RaftServerImpl (ServerState.java:setLeader(263)) - 17688808-c4a5-475e-9b35-5fbd5f50591a:group-053C4BF48A8E change Leader from null to 17688808-c4a5-475e-9b35-5fbd5f50591a at term 1 for becomeLeader, leader elected after 5088ms
2019-09-20 08:38:46,521 [Thread-1518] INFO  impl.RoleInfo (RoleInfo.java:updateAndGet(143)) - 17688808-c4a5-475e-9b35-5fbd5f50591a: start LeaderElection
2019-09-20 08:38:46,521 [4c68c9f7-fd0b-45cb-be6c-07622c529b6d:group-409BA5F17854:LeaderElection88] INFO  server.RaftServerConfigKeys (ConfUtils.java:logGet(43)) - raft.server.staging.catchup.gap = 1000 (default)
2019-09-20 08:38:46,522 [17688808-c4a5-475e-9b35-5fbd5f50591a:group-053C4BF48A8E:LeaderElection89] INFO  server.RaftServerConfigKeys (ConfUtils.java:logGet(43)) - raft.server.staging.catchup.gap = 1000 (default)
2019-09-20 08:38:46,523 [4c68c9f7-fd0b-45cb-be6c-07622c529b6d:group-409BA5F17854:LeaderElection88] INFO  server.RaftServerConfigKeys (ConfUtils.java:logGet(43)) - raft.server.rpc.sleep.time = 25ms (default)
2019-09-20 08:38:46,523 [17688808-c4a5-475e-9b35-5fbd5f50591a:group-053C4BF48A8E:LeaderElection89] INFO  server.RaftServerConfigKeys (ConfUtils.java:logGet(43)) - raft.server.rpc.sleep.time = 25ms (default)
2019-09-20 08:38:46,524 [4c68c9f7-fd0b-45cb-be6c-07622c529b6d:group-409BA5F17854:LeaderElection88] INFO  server.RaftServerConfigKeys (ConfUtils.java:logGet(43)) - raft.server.write.element-limit = 4096 (default)
2019-09-20 08:38:46,524 [17688808-c4a5-475e-9b35-5fbd5f50591a:group-053C4BF48A8E:LeaderElection89] INFO  server.RaftServerConfigKeys (ConfUtils.java:logGet(43)) - raft.server.write.element-limit = 4096 (default)
2019-09-20 08:38:46,524 [4c68c9f7-fd0b-45cb-be6c-07622c529b6d:group-409BA5F17854:LeaderElection88] INFO  server.RaftServerConfigKeys (ConfUtils.java:logGet(43)) - raft.server.watch.timeout = 10s (default)
2019-09-20 08:38:46,524 [17688808-c4a5-475e-9b35-5fbd5f50591a:group-053C4BF48A8E:LeaderElection89] INFO  server.RaftServerConfigKeys (ConfUtils.java:logGet(43)) - raft.server.watch.timeout = 10s (default)
2019-09-20 08:38:46,524 [4c68c9f7-fd0b-45cb-be6c-07622c529b6d:group-409BA5F17854:LeaderElection88] INFO  server.RaftServerConfigKeys (ConfUtils.java:logGet(43)) - raft.server.watch.timeout.denomination = 1s (default)
2019-09-20 08:38:46,524 [17688808-c4a5-475e-9b35-5fbd5f50591a:group-053C4BF48A8E:LeaderElection89] INFO  server.RaftServerConfigKeys (ConfUtils.java:logGet(43)) - raft.server.watch.timeout.denomination = 1s (default)
2019-09-20 08:38:46,525 [4c68c9f7-fd0b-45cb-be6c-07622c529b6d:group-409BA5F17854:LeaderElection88] INFO  server.RaftServerConfigKeys (ConfUtils.java:logGet(43)) - raft.server.watch.element-limit = 65536 (default)
2019-09-20 08:38:46,525 [17688808-c4a5-475e-9b35-5fbd5f50591a:group-053C4BF48A8E:LeaderElection89] INFO  server.RaftServerConfigKeys (ConfUtils.java:logGet(43)) - raft.server.watch.element-limit = 65536 (default)
2019-09-20 08:38:46,525 [4c68c9f7-fd0b-45cb-be6c-07622c529b6d:group-409BA5F17854:LeaderElection88] INFO  impl.RoleInfo (RoleInfo.java:updateAndGet(143)) - 4c68c9f7-fd0b-45cb-be6c-07622c529b6d: start LeaderState
2019-09-20 08:38:46,525 [17688808-c4a5-475e-9b35-5fbd5f50591a:group-053C4BF48A8E:LeaderElection89] INFO  impl.RoleInfo (RoleInfo.java:updateAndGet(143)) - 17688808-c4a5-475e-9b35-5fbd5f50591a: start LeaderState
2019-09-20 08:38:46,525 [4c68c9f7-fd0b-45cb-be6c-07622c529b6d:group-409BA5F17854:LeaderElection88] INFO  segmented.SegmentedRaftLogWorker (SegmentedRaftLogWorker.java:startLogSegment(380)) - 4c68c9f7-fd0b-45cb-be6c-07622c529b6d-SegmentedRaftLogWorker:Storage Directory /workdir/hadoop-ozone/ozonefs/target/test-dir/MiniOzoneClusterImpl-91d92c25-20d7-4a60-97d2-df3786b0ca5e/datanode-0/data/ratis/cb3a9992-ca30-4ea1-a01f-409ba5f17854: Starting segment from index:0
2019-09-20 08:38:46,525 [17688808-c4a5-475e-9b35-5fbd5f50591a:group-053C4BF48A8E:LeaderElection89] INFO  segmented.SegmentedRaftLogWorker (SegmentedRaftLogWorker.java:startLogSegment(380)) - 17688808-c4a5-475e-9b35-5fbd5f50591a-SegmentedRaftLogWorker:Storage Directory /workdir/hadoop-ozone/ozonefs/target/test-dir/MiniOzoneClusterImpl-91d92c25-20d7-4a60-97d2-df3786b0ca5e/datanode-1/data/ratis/2c8553cf-6a6b-449e-aef5-053c4bf48a8e: Starting segment from index:0
2019-09-20 08:38:46,526 [4c68c9f7-fd0b-45cb-be6c-07622c529b6d:group-409BA5F17854:LeaderElection88] INFO  impl.RaftServerImpl (ServerState.java:setRaftConf(361)) - 4c68c9f7-fd0b-45cb-be6c-07622c529b6d:group-409BA5F17854 set configuration 0: [4c68c9f7-fd0b-45cb-be6c-07622c529b6d:192.168.36.79:33530], old=null at 0
2019-09-20 08:38:46,526 [17688808-c4a5-475e-9b35-5fbd5f50591a:group-053C4BF48A8E:LeaderElection89] INFO  impl.RaftServerImpl (ServerState.java:setRaftConf(361)) - 17688808-c4a5-475e-9b35-5fbd5f50591a:group-053C4BF48A8E set configuration 0: [17688808-c4a5-475e-9b35-5fbd5f50591a:192.168.36.79:42065], old=null at 0
2019-09-20 08:38:46,545 [17688808-c4a5-475e-9b35-5fbd5f50591a:group-CE446C77B429:LeaderElection90] INFO  impl.LeaderElection (LeaderElection.java:askForVotes(181)) - 17688808-c4a5-475e-9b35-5fbd5f50591a:group-CE446C77B429:LeaderElection90: begin an election at term 1 for -1: [17688808-c4a5-475e-9b35-5fbd5f50591a:192.168.36.79:42065], old=null
2019-09-20 08:38:46,546 [17688808-c4a5-475e-9b35-5fbd5f50591a:group-CE446C77B429:LeaderElection90] INFO  impl.RoleInfo (RoleInfo.java:shutdownLeaderElection(134)) - 17688808-c4a5-475e-9b35-5fbd5f50591a: shutdown LeaderElection
2019-09-20 08:38:46,546 [17688808-c4a5-475e-9b35-5fbd5f50591a:group-CE446C77B429:LeaderElection90] INFO  impl.RaftServerImpl (RaftServerImpl.java:setRole(171)) - 17688808-c4a5-475e-9b35-5fbd5f50591a:group-CE446C77B429 changes role from CANDIDATE to LEADER at term 1 for changeToLeader
2019-09-20 08:38:46,546 [17688808-c4a5-475e-9b35-5fbd5f50591a:group-CE446C77B429:LeaderElection90] INFO  impl.RaftServerImpl (ServerState.java:setLeader(263)) - 17688808-c4a5-475e-9b35-5fbd5f50591a:group-CE446C77B429 change Leader from null to 17688808-c4a5-475e-9b35-5fbd5f50591a at term 1 for becomeLeader, leader elected after 5045ms
2019-09-20 08:38:46,546 [17688808-c4a5-475e-9b35-5fbd5f50591a:group-CE446C77B429:LeaderElection90] INFO  server.RaftServerConfigKeys (ConfUtils.java:logGet(43)) - raft.server.staging.catchup.gap = 1000 (default)
2019-09-20 08:38:46,546 [17688808-c4a5-475e-9b35-5fbd5f50591a:group-CE446C77B429:LeaderElection90] INFO  server.RaftServerConfigKeys (ConfUtils.java:logGet(43)) - raft.server.rpc.sleep.time = 25ms (default)
2019-09-20 08:38:46,546 [17688808-c4a5-475e-9b35-5fbd5f50591a:group-CE446C77B429:LeaderElection90] INFO  server.RaftServerConfigKeys (ConfUtils.java:logGet(43)) - raft.server.write.element-limit = 4096 (default)
2019-09-20 08:38:46,547 [17688808-c4a5-475e-9b35-5fbd5f50591a:group-CE446C77B429:LeaderElection90] INFO  server.RaftServerConfigKeys (ConfUtils.java:logGet(43)) - raft.server.watch.timeout = 10s (default)
2019-09-20 08:38:46,547 [17688808-c4a5-475e-9b35-5fbd5f50591a:group-CE446C77B429:LeaderElection90] INFO  server.RaftServerConfigKeys (ConfUtils.java:logGet(43)) - raft.server.watch.timeout.denomination = 1s (default)
2019-09-20 08:38:46,547 [17688808-c4a5-475e-9b35-5fbd5f50591a:group-CE446C77B429:LeaderElection90] INFO  server.RaftServerConfigKeys (ConfUtils.java:logGet(43)) - raft.server.watch.element-limit = 65536 (default)
2019-09-20 08:38:46,547 [17688808-c4a5-475e-9b35-5fbd5f50591a:group-CE446C77B429:LeaderElection90] INFO  impl.RoleInfo (RoleInfo.java:updateAndGet(143)) - 17688808-c4a5-475e-9b35-5fbd5f50591a: start LeaderState
2019-09-20 08:38:46,547 [17688808-c4a5-475e-9b35-5fbd5f50591a:group-CE446C77B429:LeaderElection90] INFO  segmented.SegmentedRaftLogWorker (SegmentedRaftLogWorker.java:startLogSegment(380)) - 17688808-c4a5-475e-9b35-5fbd5f50591a-SegmentedRaftLogWorker:Storage Directory /workdir/hadoop-ozone/ozonefs/target/test-dir/MiniOzoneClusterImpl-91d92c25-20d7-4a60-97d2-df3786b0ca5e/datanode-1/data/ratis/372e9edd-0ba3-47b4-b465-ce446c77b429: Starting segment from index:0
2019-09-20 08:38:46,548 [17688808-c4a5-475e-9b35-5fbd5f50591a:group-CE446C77B429:LeaderElection90] INFO  impl.RaftServerImpl (ServerState.java:setRaftConf(361)) - 17688808-c4a5-475e-9b35-5fbd5f50591a:group-CE446C77B429 set configuration 0: [17688808-c4a5-475e-9b35-5fbd5f50591a:192.168.36.79:42065], old=null at 0
2019-09-20 08:38:46,554 [Thread-1512] INFO  impl.FollowerState (FollowerState.java:run(106)) - 4c68c9f7-fd0b-45cb-be6c-07622c529b6d:group-B318365A5C26 changes to CANDIDATE, lastRpcTime:5185, electionTimeout:5185ms
2019-09-20 08:38:46,554 [Thread-1512] INFO  impl.RoleInfo (RoleInfo.java:shutdownFollowerState(121)) - 4c68c9f7-fd0b-45cb-be6c-07622c529b6d: shutdown FollowerState
2019-09-20 08:38:46,554 [Thread-1512] INFO  impl.RaftServerImpl (RaftServerImpl.java:setRole(171)) - 4c68c9f7-fd0b-45cb-be6c-07622c529b6d:group-B318365A5C26 changes role from FOLLOWER to CANDIDATE at term 0 for changeToCandidate
2019-09-20 08:38:46,555 [Thread-1512] INFO  impl.RoleInfo (RoleInfo.java:updateAndGet(143)) - 4c68c9f7-fd0b-45cb-be6c-07622c529b6d: start LeaderElection
2019-09-20 08:38:46,612 [17688808-c4a5-475e-9b35-5fbd5f50591a-SegmentedRaftLogWorker:Storage Directory /workdir/hadoop-ozone/ozonefs/target/test-dir/MiniOzoneClusterImpl-91d92c25-20d7-4a60-97d2-df3786b0ca5e/datanode-1/data/ratis/372e9edd-0ba3-47b4-b465-ce446c77b429] INFO  segmented.SegmentedRaftLogWorker (SegmentedRaftLogWorker.java:execute(569)) - 17688808-c4a5-475e-9b35-5fbd5f50591a-SegmentedRaftLogWorker:Storage Directory /workdir/hadoop-ozone/ozonefs/target/test-dir/MiniOzoneClusterImpl-91d92c25-20d7-4a60-97d2-df3786b0ca5e/datanode-1/data/ratis/372e9edd-0ba3-47b4-b465-ce446c77b429: created new log segment /workdir/hadoop-ozone/ozonefs/target/test-dir/MiniOzoneClusterImpl-91d92c25-20d7-4a60-97d2-df3786b0ca5e/datanode-1/data/ratis/372e9edd-0ba3-47b4-b465-ce446c77b429/current/log_inprogress_0
2019-09-20 08:38:46,612 [4c68c9f7-fd0b-45cb-be6c-07622c529b6d:group-B318365A5C26:LeaderElection91] INFO  impl.LeaderElection (LeaderElection.java:askForVotes(181)) - 4c68c9f7-fd0b-45cb-be6c-07622c529b6d:group-B318365A5C26:LeaderElection91: begin an election at term 1 for -1: [4c68c9f7-fd0b-45cb-be6c-07622c529b6d:192.168.36.79:33530], old=null
2019-09-20 08:38:46,612 [4c68c9f7-fd0b-45cb-be6c-07622c529b6d-SegmentedRaftLogWorker:Storage Directory /workdir/hadoop-ozone/ozonefs/target/test-dir/MiniOzoneClusterImpl-91d92c25-20d7-4a60-97d2-df3786b0ca5e/datanode-0/data/ratis/cb3a9992-ca30-4ea1-a01f-409ba5f17854] INFO  segmented.SegmentedRaftLogWorker (SegmentedRaftLogWorker.java:execute(569)) - 4c68c9f7-fd0b-45cb-be6c-07622c529b6d-SegmentedRaftLogWorker:Storage Directory /workdir/hadoop-ozone/ozonefs/target/test-dir/MiniOzoneClusterImpl-91d92c25-20d7-4a60-97d2-df3786b0ca5e/datanode-0/data/ratis/cb3a9992-ca30-4ea1-a01f-409ba5f17854: created new log segment /workdir/hadoop-ozone/ozonefs/target/test-dir/MiniOzoneClusterImpl-91d92c25-20d7-4a60-97d2-df3786b0ca5e/datanode-0/data/ratis/cb3a9992-ca30-4ea1-a01f-409ba5f17854/current/log_inprogress_0
2019-09-20 08:38:46,612 [17688808-c4a5-475e-9b35-5fbd5f50591a-SegmentedRaftLogWorker:Storage Directory /workdir/hadoop-ozone/ozonefs/target/test-dir/MiniOzoneClusterImpl-91d92c25-20d7-4a60-97d2-df3786b0ca5e/datanode-1/data/ratis/2c8553cf-6a6b-449e-aef5-053c4bf48a8e] INFO  segmented.SegmentedRaftLogWorker (SegmentedRaftLogWorker.java:execute(569)) - 17688808-c4a5-475e-9b35-5fbd5f50591a-SegmentedRaftLogWorker:Storage Directory /workdir/hadoop-ozone/ozonefs/target/test-dir/MiniOzoneClusterImpl-91d92c25-20d7-4a60-97d2-df3786b0ca5e/datanode-1/data/ratis/2c8553cf-6a6b-449e-aef5-053c4bf48a8e: created new log segment /workdir/hadoop-ozone/ozonefs/target/test-dir/MiniOzoneClusterImpl-91d92c25-20d7-4a60-97d2-df3786b0ca5e/datanode-1/data/ratis/2c8553cf-6a6b-449e-aef5-053c4bf48a8e/current/log_inprogress_0
2019-09-20 08:38:46,613 [4c68c9f7-fd0b-45cb-be6c-07622c529b6d:group-B318365A5C26:LeaderElection91] INFO  impl.RoleInfo (RoleInfo.java:shutdownLeaderElection(134)) - 4c68c9f7-fd0b-45cb-be6c-07622c529b6d: shutdown LeaderElection
2019-09-20 08:38:46,613 [4c68c9f7-fd0b-45cb-be6c-07622c529b6d:group-B318365A5C26:LeaderElection91] INFO  impl.RaftServerImpl (RaftServerImpl.java:setRole(171)) - 4c68c9f7-fd0b-45cb-be6c-07622c529b6d:group-B318365A5C26 changes role from CANDIDATE to LEADER at term 1 for changeToLeader
2019-09-20 08:38:46,613 [4c68c9f7-fd0b-45cb-be6c-07622c529b6d:group-B318365A5C26:LeaderElection91] INFO  impl.RaftServerImpl (ServerState.java:setLeader(263)) - 4c68c9f7-fd0b-45cb-be6c-07622c529b6d:group-B318365A5C26 change Leader from null to 4c68c9f7-fd0b-45cb-be6c-07622c529b6d at term 1 for becomeLeader, leader elected after 5247ms
2019-09-20 08:38:46,614 [4c68c9f7-fd0b-45cb-be6c-07622c529b6d:group-B318365A5C26:LeaderElection91] INFO  server.RaftServerConfigKeys (ConfUtils.java:logGet(43)) - raft.server.staging.catchup.gap = 1000 (default)
2019-09-20 08:38:46,614 [4c68c9f7-fd0b-45cb-be6c-07622c529b6d:group-B318365A5C26:LeaderElection91] INFO  server.RaftServerConfigKeys (ConfUtils.java:logGet(43)) - raft.server.rpc.sleep.time = 25ms (default)
2019-09-20 08:38:46,614 [4c68c9f7-fd0b-45cb-be6c-07622c529b6d:group-B318365A5C26:LeaderElection91] INFO  server.RaftServerConfigKeys (ConfUtils.java:logGet(43)) - raft.server.write.element-limit = 4096 (default)
2019-09-20 08:38:46,614 [4c68c9f7-fd0b-45cb-be6c-07622c529b6d:group-B318365A5C26:LeaderElection91] INFO  server.RaftServerConfigKeys (ConfUtils.java:logGet(43)) - raft.server.watch.timeout = 10s (default)
2019-09-20 08:38:46,614 [4c68c9f7-fd0b-45cb-be6c-07622c529b6d:group-B318365A5C26:LeaderElection91] INFO  server.RaftServerConfigKeys (ConfUtils.java:logGet(43)) - raft.server.watch.timeout.denomination = 1s (default)
2019-09-20 08:38:46,614 [4c68c9f7-fd0b-45cb-be6c-07622c529b6d:group-B318365A5C26:LeaderElection91] INFO  server.RaftServerConfigKeys (ConfUtils.java:logGet(43)) - raft.server.watch.element-limit = 65536 (default)
2019-09-20 08:38:46,615 [4c68c9f7-fd0b-45cb-be6c-07622c529b6d:group-B318365A5C26:LeaderElection91] INFO  impl.RoleInfo (RoleInfo.java:updateAndGet(143)) - 4c68c9f7-fd0b-45cb-be6c-07622c529b6d: start LeaderState
2019-09-20 08:38:46,615 [4c68c9f7-fd0b-45cb-be6c-07622c529b6d:group-B318365A5C26:LeaderElection91] INFO  segmented.SegmentedRaftLogWorker (SegmentedRaftLogWorker.java:startLogSegment(380)) - 4c68c9f7-fd0b-45cb-be6c-07622c529b6d-SegmentedRaftLogWorker:Storage Directory /workdir/hadoop-ozone/ozonefs/target/test-dir/MiniOzoneClusterImpl-91d92c25-20d7-4a60-97d2-df3786b0ca5e/datanode-0/data/ratis/75b541a4-15f0-434f-9252-b318365a5c26: Starting segment from index:0
2019-09-20 08:38:46,616 [4c68c9f7-fd0b-45cb-be6c-07622c529b6d:group-B318365A5C26:LeaderElection91] INFO  impl.RaftServerImpl (ServerState.java:setRaftConf(361)) - 4c68c9f7-fd0b-45cb-be6c-07622c529b6d:group-B318365A5C26 set configuration 0: [4c68c9f7-fd0b-45cb-be6c-07622c529b6d:192.168.36.79:33530], old=null at 0
2019-09-20 08:38:46,679 [4c68c9f7-fd0b-45cb-be6c-07622c529b6d-SegmentedRaftLogWorker:Storage Directory /workdir/hadoop-ozone/ozonefs/target/test-dir/MiniOzoneClusterImpl-91d92c25-20d7-4a60-97d2-df3786b0ca5e/datanode-0/data/ratis/75b541a4-15f0-434f-9252-b318365a5c26] INFO  segmented.SegmentedRaftLogWorker (SegmentedRaftLogWorker.java:execute(569)) - 4c68c9f7-fd0b-45cb-be6c-07622c529b6d-SegmentedRaftLogWorker:Storage Directory /workdir/hadoop-ozone/ozonefs/target/test-dir/MiniOzoneClusterImpl-91d92c25-20d7-4a60-97d2-df3786b0ca5e/datanode-0/data/ratis/75b541a4-15f0-434f-9252-b318365a5c26: created new log segment /workdir/hadoop-ozone/ozonefs/target/test-dir/MiniOzoneClusterImpl-91d92c25-20d7-4a60-97d2-df3786b0ca5e/datanode-0/data/ratis/75b541a4-15f0-434f-9252-b318365a5c26/current/log_inprogress_0
2019-09-20 08:38:46,773 [Thread-1521] INFO  impl.FollowerState (FollowerState.java:run(106)) - 94e01da5-69fc-47f8-9cb6-206c4d0ff2c1:group-F1ABDE923CCB changes to CANDIDATE, lastRpcTime:5183, electionTimeout:5183ms
2019-09-20 08:38:46,773 [Thread-1521] INFO  impl.RoleInfo (RoleInfo.java:shutdownFollowerState(121)) - 94e01da5-69fc-47f8-9cb6-206c4d0ff2c1: shutdown FollowerState
2019-09-20 08:38:46,773 [Thread-1521] INFO  impl.RaftServerImpl (RaftServerImpl.java:setRole(171)) - 94e01da5-69fc-47f8-9cb6-206c4d0ff2c1:group-F1ABDE923CCB changes role from FOLLOWER to CANDIDATE at term 0 for changeToCandidate
2019-09-20 08:38:46,773 [Thread-1521] INFO  impl.RoleInfo (RoleInfo.java:updateAndGet(143)) - 94e01da5-69fc-47f8-9cb6-206c4d0ff2c1: start LeaderElection
2019-09-20 08:38:46,782 [Thread-1527] INFO  impl.FollowerState (FollowerState.java:run(106)) - 17688808-c4a5-475e-9b35-5fbd5f50591a:group-F77CC649759C changes to CANDIDATE, lastRpcTime:5067, electionTimeout:5067ms
2019-09-20 08:38:46,782 [Thread-1527] INFO  impl.RoleInfo (RoleInfo.java:shutdownFollowerState(121)) - 17688808-c4a5-475e-9b35-5fbd5f50591a: shutdown FollowerState
2019-09-20 08:38:46,783 [Thread-1527] INFO  impl.RaftServerImpl (RaftServerImpl.java:setRole(171)) - 17688808-c4a5-475e-9b35-5fbd5f50591a:group-F77CC649759C changes role from FOLLOWER to CANDIDATE at term 0 for changeToCandidate
2019-09-20 08:38:46,783 [Thread-1527] INFO  impl.RoleInfo (RoleInfo.java:updateAndGet(143)) - 17688808-c4a5-475e-9b35-5fbd5f50591a: start LeaderElection
2019-09-20 08:38:46,785 [Thread-1524] INFO  impl.FollowerState (FollowerState.java:run(106)) - 17688808-c4a5-475e-9b35-5fbd5f50591a:group-48FBDBD7CD44 changes to CANDIDATE, lastRpcTime:5128, electionTimeout:5127ms
2019-09-20 08:38:46,785 [Thread-1524] INFO  impl.RoleInfo (RoleInfo.java:shutdownFollowerState(121)) - 17688808-c4a5-475e-9b35-5fbd5f50591a: shutdown FollowerState
2019-09-20 08:38:46,785 [Thread-1524] INFO  impl.RaftServerImpl (RaftServerImpl.java:setRole(171)) - 17688808-c4a5-475e-9b35-5fbd5f50591a:group-48FBDBD7CD44 changes role from FOLLOWER to CANDIDATE at term 0 for changeToCandidate
2019-09-20 08:38:46,785 [Thread-1524] INFO  impl.RoleInfo (RoleInfo.java:updateAndGet(143)) - 17688808-c4a5-475e-9b35-5fbd5f50591a: start LeaderElection
2019-09-20 08:38:46,797 [94e01da5-69fc-47f8-9cb6-206c4d0ff2c1:group-F1ABDE923CCB:LeaderElection92] INFO  impl.LeaderElection (LeaderElection.java:askForVotes(181)) - 94e01da5-69fc-47f8-9cb6-206c4d0ff2c1:group-F1ABDE923CCB:LeaderElection92: begin an election at term 1 for -1: [94e01da5-69fc-47f8-9cb6-206c4d0ff2c1:192.168.36.79:44839], old=null
2019-09-20 08:38:46,797 [94e01da5-69fc-47f8-9cb6-206c4d0ff2c1:group-F1ABDE923CCB:LeaderElection92] INFO  impl.RoleInfo (RoleInfo.java:shutdownLeaderElection(134)) - 94e01da5-69fc-47f8-9cb6-206c4d0ff2c1: shutdown LeaderElection
2019-09-20 08:38:46,797 [94e01da5-69fc-47f8-9cb6-206c4d0ff2c1:group-F1ABDE923CCB:LeaderElection92] INFO  impl.RaftServerImpl (RaftServerImpl.java:setRole(171)) - 94e01da5-69fc-47f8-9cb6-206c4d0ff2c1:group-F1ABDE923CCB changes role from CANDIDATE to LEADER at term 1 for changeToLeader
2019-09-20 08:38:46,797 [94e01da5-69fc-47f8-9cb6-206c4d0ff2c1:group-F1ABDE923CCB:LeaderElection92] INFO  impl.RaftServerImpl (ServerState.java:setLeader(263)) - 94e01da5-69fc-47f8-9cb6-206c4d0ff2c1:group-F1ABDE923CCB change Leader from null to 94e01da5-69fc-47f8-9cb6-206c4d0ff2c1 at term 1 for becomeLeader, leader elected after 5212ms
2019-09-20 08:38:46,797 [94e01da5-69fc-47f8-9cb6-206c4d0ff2c1:group-F1ABDE923CCB:LeaderElection92] INFO  server.RaftServerConfigKeys (ConfUtils.java:logGet(43)) - raft.server.staging.catchup.gap = 1000 (default)
2019-09-20 08:38:46,798 [94e01da5-69fc-47f8-9cb6-206c4d0ff2c1:group-F1ABDE923CCB:LeaderElection92] INFO  server.RaftServerConfigKeys (ConfUtils.java:logGet(43)) - raft.server.rpc.sleep.time = 25ms (default)
2019-09-20 08:38:46,798 [94e01da5-69fc-47f8-9cb6-206c4d0ff2c1:group-F1ABDE923CCB:LeaderElection92] INFO  server.RaftServerConfigKeys (ConfUtils.java:logGet(43)) - raft.server.write.element-limit = 4096 (default)
2019-09-20 08:38:46,798 [94e01da5-69fc-47f8-9cb6-206c4d0ff2c1:group-F1ABDE923CCB:LeaderElection92] INFO  server.RaftServerConfigKeys (ConfUtils.java:logGet(43)) - raft.server.watch.timeout = 10s (default)
2019-09-20 08:38:46,798 [94e01da5-69fc-47f8-9cb6-206c4d0ff2c1:group-F1ABDE923CCB:LeaderElection92] INFO  server.RaftServerConfigKeys (ConfUtils.java:logGet(43)) - raft.server.watch.timeout.denomination = 1s (default)
2019-09-20 08:38:46,798 [94e01da5-69fc-47f8-9cb6-206c4d0ff2c1:group-F1ABDE923CCB:LeaderElection92] INFO  server.RaftServerConfigKeys (ConfUtils.java:logGet(43)) - raft.server.watch.element-limit = 65536 (default)
2019-09-20 08:38:46,798 [94e01da5-69fc-47f8-9cb6-206c4d0ff2c1:group-F1ABDE923CCB:LeaderElection92] INFO  impl.RoleInfo (RoleInfo.java:updateAndGet(143)) - 94e01da5-69fc-47f8-9cb6-206c4d0ff2c1: start LeaderState
2019-09-20 08:38:46,799 [94e01da5-69fc-47f8-9cb6-206c4d0ff2c1:group-F1ABDE923CCB:LeaderElection92] INFO  segmented.SegmentedRaftLogWorker (SegmentedRaftLogWorker.java:startLogSegment(380)) - 94e01da5-69fc-47f8-9cb6-206c4d0ff2c1-SegmentedRaftLogWorker:Storage Directory /workdir/hadoop-ozone/ozonefs/target/test-dir/MiniOzoneClusterImpl-91d92c25-20d7-4a60-97d2-df3786b0ca5e/datanode-2/data/ratis/883f2871-ef41-4eb2-9b37-f1abde923ccb: Starting segment from index:0
2019-09-20 08:38:46,799 [94e01da5-69fc-47f8-9cb6-206c4d0ff2c1:group-F1ABDE923CCB:LeaderElection92] INFO  impl.RaftServerImpl (ServerState.java:setRaftConf(361)) - 94e01da5-69fc-47f8-9cb6-206c4d0ff2c1:group-F1ABDE923CCB set configuration 0: [94e01da5-69fc-47f8-9cb6-206c4d0ff2c1:192.168.36.79:44839], old=null at 0
2019-09-20 08:38:46,814 [17688808-c4a5-475e-9b35-5fbd5f50591a:group-F77CC649759C:LeaderElection93] INFO  impl.LeaderElection (LeaderElection.java:askForVotes(181)) - 17688808-c4a5-475e-9b35-5fbd5f50591a:group-F77CC649759C:LeaderElection93: begin an election at term 1 for -1: [17688808-c4a5-475e-9b35-5fbd5f50591a:192.168.36.79:42065], old=null
2019-09-20 08:38:46,814 [17688808-c4a5-475e-9b35-5fbd5f50591a:group-48FBDBD7CD44:LeaderElection94] INFO  impl.LeaderElection (LeaderElection.java:askForVotes(181)) - 17688808-c4a5-475e-9b35-5fbd5f50591a:group-48FBDBD7CD44:LeaderElection94: begin an election at term 1 for -1: [17688808-c4a5-475e-9b35-5fbd5f50591a:192.168.36.79:42065], old=null
2019-09-20 08:38:46,814 [17688808-c4a5-475e-9b35-5fbd5f50591a:group-F77CC649759C:LeaderElection93] INFO  impl.RoleInfo (RoleInfo.java:shutdownLeaderElection(134)) - 17688808-c4a5-475e-9b35-5fbd5f50591a: shutdown LeaderElection
2019-09-20 08:38:46,814 [17688808-c4a5-475e-9b35-5fbd5f50591a:group-48FBDBD7CD44:LeaderElection94] INFO  impl.RoleInfo (RoleInfo.java:shutdownLeaderElection(134)) - 17688808-c4a5-475e-9b35-5fbd5f50591a: shutdown LeaderElection
2019-09-20 08:38:46,814 [17688808-c4a5-475e-9b35-5fbd5f50591a:group-F77CC649759C:LeaderElection93] INFO  impl.RaftServerImpl (RaftServerImpl.java:setRole(171)) - 17688808-c4a5-475e-9b35-5fbd5f50591a:group-F77CC649759C changes role from CANDIDATE to LEADER at term 1 for changeToLeader
2019-09-20 08:38:46,814 [17688808-c4a5-475e-9b35-5fbd5f50591a:group-48FBDBD7CD44:LeaderElection94] INFO  impl.RaftServerImpl (RaftServerImpl.java:setRole(171)) - 17688808-c4a5-475e-9b35-5fbd5f50591a:group-48FBDBD7CD44 changes role from CANDIDATE to LEADER at term 1 for changeToLeader
2019-09-20 08:38:46,814 [17688808-c4a5-475e-9b35-5fbd5f50591a:group-F77CC649759C:LeaderElection93] INFO  impl.RaftServerImpl (ServerState.java:setLeader(263)) - 17688808-c4a5-475e-9b35-5fbd5f50591a:group-F77CC649759C change Leader from null to 17688808-c4a5-475e-9b35-5fbd5f50591a at term 1 for becomeLeader, leader elected after 5103ms
2019-09-20 08:38:46,815 [17688808-c4a5-475e-9b35-5fbd5f50591a:group-48FBDBD7CD44:LeaderElection94] INFO  impl.RaftServerImpl (ServerState.java:setLeader(263)) - 17688808-c4a5-475e-9b35-5fbd5f50591a:group-48FBDBD7CD44 change Leader from null to 17688808-c4a5-475e-9b35-5fbd5f50591a at term 1 for becomeLeader, leader elected after 5162ms
2019-09-20 08:38:46,815 [17688808-c4a5-475e-9b35-5fbd5f50591a:group-F77CC649759C:LeaderElection93] INFO  server.RaftServerConfigKeys (ConfUtils.java:logGet(43)) - raft.server.staging.catchup.gap = 1000 (default)
2019-09-20 08:38:46,815 [17688808-c4a5-475e-9b35-5fbd5f50591a:group-48FBDBD7CD44:LeaderElection94] INFO  server.RaftServerConfigKeys (ConfUtils.java:logGet(43)) - raft.server.staging.catchup.gap = 1000 (default)
2019-09-20 08:38:46,815 [17688808-c4a5-475e-9b35-5fbd5f50591a:group-F77CC649759C:LeaderElection93] INFO  server.RaftServerConfigKeys (ConfUtils.java:logGet(43)) - raft.server.rpc.sleep.time = 25ms (default)
2019-09-20 08:38:46,815 [17688808-c4a5-475e-9b35-5fbd5f50591a:group-48FBDBD7CD44:LeaderElection94] INFO  server.RaftServerConfigKeys (ConfUtils.java:logGet(43)) - raft.server.rpc.sleep.time = 25ms (default)
2019-09-20 08:38:46,815 [17688808-c4a5-475e-9b35-5fbd5f50591a:group-F77CC649759C:LeaderElection93] INFO  server.RaftServerConfigKeys (ConfUtils.java:logGet(43)) - raft.server.write.element-limit = 4096 (default)
2019-09-20 08:38:46,815 [17688808-c4a5-475e-9b35-5fbd5f50591a:group-48FBDBD7CD44:LeaderElection94] INFO  server.RaftServerConfigKeys (ConfUtils.java:logGet(43)) - raft.server.write.element-limit = 4096 (default)
2019-09-20 08:38:46,815 [17688808-c4a5-475e-9b35-5fbd5f50591a:group-F77CC649759C:LeaderElection93] INFO  server.RaftServerConfigKeys (ConfUtils.java:logGet(43)) - raft.server.watch.timeout = 10s (default)
2019-09-20 08:38:46,816 [17688808-c4a5-475e-9b35-5fbd5f50591a:group-48FBDBD7CD44:LeaderElection94] INFO  server.RaftServerConfigKeys (ConfUtils.java:logGet(43)) - raft.server.watch.timeout = 10s (default)
2019-09-20 08:38:46,816 [17688808-c4a5-475e-9b35-5fbd5f50591a:group-F77CC649759C:LeaderElection93] INFO  server.RaftServerConfigKeys (ConfUtils.java:logGet(43)) - raft.server.watch.timeout.denomination = 1s (default)
2019-09-20 08:38:46,816 [17688808-c4a5-475e-9b35-5fbd5f50591a:group-48FBDBD7CD44:LeaderElection94] INFO  server.RaftServerConfigKeys (ConfUtils.java:logGet(43)) - raft.server.watch.timeout.denomination = 1s (default)
2019-09-20 08:38:46,816 [17688808-c4a5-475e-9b35-5fbd5f50591a:group-F77CC649759C:LeaderElection93] INFO  server.RaftServerConfigKeys (ConfUtils.java:logGet(43)) - raft.server.watch.element-limit = 65536 (default)
2019-09-20 08:38:46,816 [17688808-c4a5-475e-9b35-5fbd5f50591a:group-48FBDBD7CD44:LeaderElection94] INFO  server.RaftServerConfigKeys (ConfUtils.java:logGet(43)) - raft.server.watch.element-limit = 65536 (default)
2019-09-20 08:38:46,816 [17688808-c4a5-475e-9b35-5fbd5f50591a:group-F77CC649759C:LeaderElection93] INFO  impl.RoleInfo (RoleInfo.java:updateAndGet(143)) - 17688808-c4a5-475e-9b35-5fbd5f50591a: start LeaderState
2019-09-20 08:38:46,816 [17688808-c4a5-475e-9b35-5fbd5f50591a:group-48FBDBD7CD44:LeaderElection94] INFO  impl.RoleInfo (RoleInfo.java:updateAndGet(143)) - 17688808-c4a5-475e-9b35-5fbd5f50591a: start LeaderState
2019-09-20 08:38:46,817 [17688808-c4a5-475e-9b35-5fbd5f50591a:group-F77CC649759C:LeaderElection93] INFO  segmented.SegmentedRaftLogWorker (SegmentedRaftLogWorker.java:startLogSegment(380)) - 17688808-c4a5-475e-9b35-5fbd5f50591a-SegmentedRaftLogWorker:Storage Directory /workdir/hadoop-ozone/ozonefs/target/test-dir/MiniOzoneClusterImpl-91d92c25-20d7-4a60-97d2-df3786b0ca5e/datanode-1/data/ratis/00ab1e18-0e2b-4680-8c52-f77cc649759c: Starting segment from index:0
2019-09-20 08:38:46,817 [17688808-c4a5-475e-9b35-5fbd5f50591a:group-48FBDBD7CD44:LeaderElection94] INFO  segmented.SegmentedRaftLogWorker (SegmentedRaftLogWorker.java:startLogSegment(380)) - 17688808-c4a5-475e-9b35-5fbd5f50591a-SegmentedRaftLogWorker:Storage Directory /workdir/hadoop-ozone/ozonefs/target/test-dir/MiniOzoneClusterImpl-91d92c25-20d7-4a60-97d2-df3786b0ca5e/datanode-1/data/ratis/b530f96a-f063-494d-a28f-48fbdbd7cd44: Starting segment from index:0
2019-09-20 08:38:46,817 [17688808-c4a5-475e-9b35-5fbd5f50591a:group-F77CC649759C:LeaderElection93] INFO  impl.RaftServerImpl (ServerState.java:setRaftConf(361)) - 17688808-c4a5-475e-9b35-5fbd5f50591a:group-F77CC649759C set configuration 0: [17688808-c4a5-475e-9b35-5fbd5f50591a:192.168.36.79:42065], old=null at 0
2019-09-20 08:38:46,818 [17688808-c4a5-475e-9b35-5fbd5f50591a:group-48FBDBD7CD44:LeaderElection94] INFO  impl.RaftServerImpl (ServerState.java:setRaftConf(361)) - 17688808-c4a5-475e-9b35-5fbd5f50591a:group-48FBDBD7CD44 set configuration 0: [17688808-c4a5-475e-9b35-5fbd5f50591a:192.168.36.79:42065], old=null at 0
2019-09-20 08:38:46,856 [94e01da5-69fc-47f8-9cb6-206c4d0ff2c1-SegmentedRaftLogWorker:Storage Directory /workdir/hadoop-ozone/ozonefs/target/test-dir/MiniOzoneClusterImpl-91d92c25-20d7-4a60-97d2-df3786b0ca5e/datanode-2/data/ratis/883f2871-ef41-4eb2-9b37-f1abde923ccb] INFO  segmented.SegmentedRaftLogWorker (SegmentedRaftLogWorker.java:execute(569)) - 94e01da5-69fc-47f8-9cb6-206c4d0ff2c1-SegmentedRaftLogWorker:Storage Directory /workdir/hadoop-ozone/ozonefs/target/test-dir/MiniOzoneClusterImpl-91d92c25-20d7-4a60-97d2-df3786b0ca5e/datanode-2/data/ratis/883f2871-ef41-4eb2-9b37-f1abde923ccb: created new log segment /workdir/hadoop-ozone/ozonefs/target/test-dir/MiniOzoneClusterImpl-91d92c25-20d7-4a60-97d2-df3786b0ca5e/datanode-2/data/ratis/883f2871-ef41-4eb2-9b37-f1abde923ccb/current/log_inprogress_0
2019-09-20 08:38:46,872 [17688808-c4a5-475e-9b35-5fbd5f50591a-SegmentedRaftLogWorker:Storage Directory /workdir/hadoop-ozone/ozonefs/target/test-dir/MiniOzoneClusterImpl-91d92c25-20d7-4a60-97d2-df3786b0ca5e/datanode-1/data/ratis/00ab1e18-0e2b-4680-8c52-f77cc649759c] INFO  segmented.SegmentedRaftLogWorker (SegmentedRaftLogWorker.java:execute(569)) - 17688808-c4a5-475e-9b35-5fbd5f50591a-SegmentedRaftLogWorker:Storage Directory /workdir/hadoop-ozone/ozonefs/target/test-dir/MiniOzoneClusterImpl-91d92c25-20d7-4a60-97d2-df3786b0ca5e/datanode-1/data/ratis/00ab1e18-0e2b-4680-8c52-f77cc649759c: created new log segment /workdir/hadoop-ozone/ozonefs/target/test-dir/MiniOzoneClusterImpl-91d92c25-20d7-4a60-97d2-df3786b0ca5e/datanode-1/data/ratis/00ab1e18-0e2b-4680-8c52-f77cc649759c/current/log_inprogress_0
2019-09-20 08:38:46,876 [Thread-1530] INFO  impl.FollowerState (FollowerState.java:run(106)) - 17688808-c4a5-475e-9b35-5fbd5f50591a:group-5317E1D13DB2 changes to CANDIDATE, lastRpcTime:5093, electionTimeout:5093ms
2019-09-20 08:38:46,876 [Thread-1530] INFO  impl.RoleInfo (RoleInfo.java:shutdownFollowerState(121)) - 17688808-c4a5-475e-9b35-5fbd5f50591a: shutdown FollowerState
2019-09-20 08:38:46,876 [Thread-1530] INFO  impl.RaftServerImpl (RaftServerImpl.java:setRole(171)) - 17688808-c4a5-475e-9b35-5fbd5f50591a:group-5317E1D13DB2 changes role from FOLLOWER to CANDIDATE at term 0 for changeToCandidate
2019-09-20 08:38:46,876 [Thread-1530] INFO  impl.RoleInfo (RoleInfo.java:updateAndGet(143)) - 17688808-c4a5-475e-9b35-5fbd5f50591a: start LeaderElection
2019-09-20 08:38:46,889 [17688808-c4a5-475e-9b35-5fbd5f50591a-SegmentedRaftLogWorker:Storage Directory /workdir/hadoop-ozone/ozonefs/target/test-dir/MiniOzoneClusterImpl-91d92c25-20d7-4a60-97d2-df3786b0ca5e/datanode-1/data/ratis/b530f96a-f063-494d-a28f-48fbdbd7cd44] INFO  segmented.SegmentedRaftLogWorker (SegmentedRaftLogWorker.java:execute(569)) - 17688808-c4a5-475e-9b35-5fbd5f50591a-SegmentedRaftLogWorker:Storage Directory /workdir/hadoop-ozone/ozonefs/target/test-dir/MiniOzoneClusterImpl-91d92c25-20d7-4a60-97d2-df3786b0ca5e/datanode-1/data/ratis/b530f96a-f063-494d-a28f-48fbdbd7cd44: created new log segment /workdir/hadoop-ozone/ozonefs/target/test-dir/MiniOzoneClusterImpl-91d92c25-20d7-4a60-97d2-df3786b0ca5e/datanode-1/data/ratis/b530f96a-f063-494d-a28f-48fbdbd7cd44/current/log_inprogress_0
2019-09-20 08:38:46,907 [17688808-c4a5-475e-9b35-5fbd5f50591a:group-5317E1D13DB2:LeaderElection95] INFO  impl.LeaderElection (LeaderElection.java:askForVotes(181)) - 17688808-c4a5-475e-9b35-5fbd5f50591a:group-5317E1D13DB2:LeaderElection95: begin an election at term 1 for -1: [17688808-c4a5-475e-9b35-5fbd5f50591a:192.168.36.79:42065], old=null
2019-09-20 08:38:46,907 [17688808-c4a5-475e-9b35-5fbd5f50591a:group-5317E1D13DB2:LeaderElection95] INFO  impl.RoleInfo (RoleInfo.java:shutdownLeaderElection(134)) - 17688808-c4a5-475e-9b35-5fbd5f50591a: shutdown LeaderElection
2019-09-20 08:38:46,907 [17688808-c4a5-475e-9b35-5fbd5f50591a:group-5317E1D13DB2:LeaderElection95] INFO  impl.RaftServerImpl (RaftServerImpl.java:setRole(171)) - 17688808-c4a5-475e-9b35-5fbd5f50591a:group-5317E1D13DB2 changes role from CANDIDATE to LEADER at term 1 for changeToLeader
2019-09-20 08:38:46,907 [17688808-c4a5-475e-9b35-5fbd5f50591a:group-5317E1D13DB2:LeaderElection95] INFO  impl.RaftServerImpl (ServerState.java:setLeader(263)) - 17688808-c4a5-475e-9b35-5fbd5f50591a:group-5317E1D13DB2 change Leader from null to 17688808-c4a5-475e-9b35-5fbd5f50591a at term 1 for becomeLeader, leader elected after 5128ms
2019-09-20 08:38:46,907 [17688808-c4a5-475e-9b35-5fbd5f50591a:group-5317E1D13DB2:LeaderElection95] INFO  server.RaftServerConfigKeys (ConfUtils.java:logGet(43)) - raft.server.staging.catchup.gap = 1000 (default)
2019-09-20 08:38:46,907 [17688808-c4a5-475e-9b35-5fbd5f50591a:group-5317E1D13DB2:LeaderElection95] INFO  server.RaftServerConfigKeys (ConfUtils.java:logGet(43)) - raft.server.rpc.sleep.time = 25ms (default)
2019-09-20 08:38:46,908 [17688808-c4a5-475e-9b35-5fbd5f50591a:group-5317E1D13DB2:LeaderElection95] INFO  server.RaftServerConfigKeys (ConfUtils.java:logGet(43)) - raft.server.write.element-limit = 4096 (default)
2019-09-20 08:38:46,908 [17688808-c4a5-475e-9b35-5fbd5f50591a:group-5317E1D13DB2:LeaderElection95] INFO  server.RaftServerConfigKeys (ConfUtils.java:logGet(43)) - raft.server.watch.timeout = 10s (default)
2019-09-20 08:38:46,908 [17688808-c4a5-475e-9b35-5fbd5f50591a:group-5317E1D13DB2:LeaderElection95] INFO  server.RaftServerConfigKeys (ConfUtils.java:logGet(43)) - raft.server.watch.timeout.denomination = 1s (default)
2019-09-20 08:38:46,908 [17688808-c4a5-475e-9b35-5fbd5f50591a:group-5317E1D13DB2:LeaderElection95] INFO  server.RaftServerConfigKeys (ConfUtils.java:logGet(43)) - raft.server.watch.element-limit = 65536 (default)
2019-09-20 08:38:46,908 [17688808-c4a5-475e-9b35-5fbd5f50591a:group-5317E1D13DB2:LeaderElection95] INFO  impl.RoleInfo (RoleInfo.java:updateAndGet(143)) - 17688808-c4a5-475e-9b35-5fbd5f50591a: start LeaderState
2019-09-20 08:38:46,909 [17688808-c4a5-475e-9b35-5fbd5f50591a:group-5317E1D13DB2:LeaderElection95] INFO  segmented.SegmentedRaftLogWorker (SegmentedRaftLogWorker.java:startLogSegment(380)) - 17688808-c4a5-475e-9b35-5fbd5f50591a-SegmentedRaftLogWorker:Storage Directory /workdir/hadoop-ozone/ozonefs/target/test-dir/MiniOzoneClusterImpl-91d92c25-20d7-4a60-97d2-df3786b0ca5e/datanode-1/data/ratis/e80992de-f227-4f72-aa9e-5317e1d13db2: Starting segment from index:0
2019-09-20 08:38:46,909 [17688808-c4a5-475e-9b35-5fbd5f50591a:group-5317E1D13DB2:LeaderElection95] INFO  impl.RaftServerImpl (ServerState.java:setRaftConf(361)) - 17688808-c4a5-475e-9b35-5fbd5f50591a:group-5317E1D13DB2 set configuration 0: [17688808-c4a5-475e-9b35-5fbd5f50591a:192.168.36.79:42065], old=null at 0
2019-09-20 08:38:46,973 [17688808-c4a5-475e-9b35-5fbd5f50591a-SegmentedRaftLogWorker:Storage Directory /workdir/hadoop-ozone/ozonefs/target/test-dir/MiniOzoneClusterImpl-91d92c25-20d7-4a60-97d2-df3786b0ca5e/datanode-1/data/ratis/e80992de-f227-4f72-aa9e-5317e1d13db2] INFO  segmented.SegmentedRaftLogWorker (SegmentedRaftLogWorker.java:execute(569)) - 17688808-c4a5-475e-9b35-5fbd5f50591a-SegmentedRaftLogWorker:Storage Directory /workdir/hadoop-ozone/ozonefs/target/test-dir/MiniOzoneClusterImpl-91d92c25-20d7-4a60-97d2-df3786b0ca5e/datanode-1/data/ratis/e80992de-f227-4f72-aa9e-5317e1d13db2: created new log segment /workdir/hadoop-ozone/ozonefs/target/test-dir/MiniOzoneClusterImpl-91d92c25-20d7-4a60-97d2-df3786b0ca5e/datanode-1/data/ratis/e80992de-f227-4f72-aa9e-5317e1d13db2/current/log_inprogress_0
2019-09-20 08:38:46,993 [Thread-1536] INFO  impl.FollowerState (FollowerState.java:run(106)) - 94e01da5-69fc-47f8-9cb6-206c4d0ff2c1:group-1D8CC8646F84 changes to CANDIDATE, lastRpcTime:5075, electionTimeout:5075ms
2019-09-20 08:38:46,993 [Thread-1536] INFO  impl.RoleInfo (RoleInfo.java:shutdownFollowerState(121)) - 94e01da5-69fc-47f8-9cb6-206c4d0ff2c1: shutdown FollowerState
2019-09-20 08:38:46,993 [Thread-1536] INFO  impl.RaftServerImpl (RaftServerImpl.java:setRole(171)) - 94e01da5-69fc-47f8-9cb6-206c4d0ff2c1:group-1D8CC8646F84 changes role from FOLLOWER to CANDIDATE at term 0 for changeToCandidate
2019-09-20 08:38:46,993 [Thread-1536] INFO  impl.RoleInfo (RoleInfo.java:updateAndGet(143)) - 94e01da5-69fc-47f8-9cb6-206c4d0ff2c1: start LeaderElection
2019-09-20 08:38:47,007 [Thread-1533] INFO  impl.FollowerState (FollowerState.java:run(106)) - 17688808-c4a5-475e-9b35-5fbd5f50591a:group-36A75094B6F0 changes to CANDIDATE, lastRpcTime:5148, electionTimeout:5148ms
2019-09-20 08:38:47,007 [Thread-1533] INFO  impl.RoleInfo (RoleInfo.java:shutdownFollowerState(121)) - 17688808-c4a5-475e-9b35-5fbd5f50591a: shutdown FollowerState
2019-09-20 08:38:47,007 [Thread-1533] INFO  impl.RaftServerImpl (RaftServerImpl.java:setRole(171)) - 17688808-c4a5-475e-9b35-5fbd5f50591a:group-36A75094B6F0 changes role from FOLLOWER to CANDIDATE at term 0 for changeToCandidate
2019-09-20 08:38:47,007 [Thread-1533] INFO  impl.RoleInfo (RoleInfo.java:updateAndGet(143)) - 17688808-c4a5-475e-9b35-5fbd5f50591a: start LeaderElection
2019-09-20 08:38:47,024 [94e01da5-69fc-47f8-9cb6-206c4d0ff2c1:group-1D8CC8646F84:LeaderElection96] INFO  impl.LeaderElection (LeaderElection.java:askForVotes(181)) - 94e01da5-69fc-47f8-9cb6-206c4d0ff2c1:group-1D8CC8646F84:LeaderElection96: begin an election at term 1 for -1: [94e01da5-69fc-47f8-9cb6-206c4d0ff2c1:192.168.36.79:44839], old=null
2019-09-20 08:38:47,024 [94e01da5-69fc-47f8-9cb6-206c4d0ff2c1:group-1D8CC8646F84:LeaderElection96] INFO  impl.RoleInfo (RoleInfo.java:shutdownLeaderElection(134)) - 94e01da5-69fc-47f8-9cb6-206c4d0ff2c1: shutdown LeaderElection
2019-09-20 08:38:47,024 [94e01da5-69fc-47f8-9cb6-206c4d0ff2c1:group-1D8CC8646F84:LeaderElection96] INFO  impl.RaftServerImpl (RaftServerImpl.java:setRole(171)) - 94e01da5-69fc-47f8-9cb6-206c4d0ff2c1:group-1D8CC8646F84 changes role from CANDIDATE to LEADER at term 1 for changeToLeader
2019-09-20 08:38:47,025 [94e01da5-69fc-47f8-9cb6-206c4d0ff2c1:group-1D8CC8646F84:LeaderElection96] INFO  impl.RaftServerImpl (ServerState.java:setLeader(263)) - 94e01da5-69fc-47f8-9cb6-206c4d0ff2c1:group-1D8CC8646F84 change Leader from null to 94e01da5-69fc-47f8-9cb6-206c4d0ff2c1 at term 1 for becomeLeader, leader elected after 5111ms
2019-09-20 08:38:47,025 [94e01da5-69fc-47f8-9cb6-206c4d0ff2c1:group-1D8CC8646F84:LeaderElection96] INFO  server.RaftServerConfigKeys (ConfUtils.java:logGet(43)) - raft.server.staging.catchup.gap = 1000 (default)
2019-09-20 08:38:47,025 [94e01da5-69fc-47f8-9cb6-206c4d0ff2c1:group-1D8CC8646F84:LeaderElection96] INFO  server.RaftServerConfigKeys (ConfUtils.java:logGet(43)) - raft.server.rpc.sleep.time = 25ms (default)
2019-09-20 08:38:47,025 [94e01da5-69fc-47f8-9cb6-206c4d0ff2c1:group-1D8CC8646F84:LeaderElection96] INFO  server.RaftServerConfigKeys (ConfUtils.java:logGet(43)) - raft.server.write.element-limit = 4096 (default)
2019-09-20 08:38:47,025 [94e01da5-69fc-47f8-9cb6-206c4d0ff2c1:group-1D8CC8646F84:LeaderElection96] INFO  server.RaftServerConfigKeys (ConfUtils.java:logGet(43)) - raft.server.watch.timeout = 10s (default)
2019-09-20 08:38:47,025 [94e01da5-69fc-47f8-9cb6-206c4d0ff2c1:group-1D8CC8646F84:LeaderElection96] INFO  server.RaftServerConfigKeys (ConfUtils.java:logGet(43)) - raft.server.watch.timeout.denomination = 1s (default)
2019-09-20 08:38:47,026 [94e01da5-69fc-47f8-9cb6-206c4d0ff2c1:group-1D8CC8646F84:LeaderElection96] INFO  server.RaftServerConfigKeys (ConfUtils.java:logGet(43)) - raft.server.watch.element-limit = 65536 (default)
2019-09-20 08:38:47,026 [94e01da5-69fc-47f8-9cb6-206c4d0ff2c1:group-1D8CC8646F84:LeaderElection96] INFO  impl.RoleInfo (RoleInfo.java:updateAndGet(143)) - 94e01da5-69fc-47f8-9cb6-206c4d0ff2c1: start LeaderState
2019-09-20 08:38:47,026 [94e01da5-69fc-47f8-9cb6-206c4d0ff2c1:group-1D8CC8646F84:LeaderElection96] INFO  segmented.SegmentedRaftLogWorker (SegmentedRaftLogWorker.java:startLogSegment(380)) - 94e01da5-69fc-47f8-9cb6-206c4d0ff2c1-SegmentedRaftLogWorker:Storage Directory /workdir/hadoop-ozone/ozonefs/target/test-dir/MiniOzoneClusterImpl-91d92c25-20d7-4a60-97d2-df3786b0ca5e/datanode-2/data/ratis/3aa16bf9-e0a9-4866-b68f-1d8cc8646f84: Starting segment from index:0
2019-09-20 08:38:47,027 [94e01da5-69fc-47f8-9cb6-206c4d0ff2c1:group-1D8CC8646F84:LeaderElection96] INFO  impl.RaftServerImpl (ServerState.java:setRaftConf(361)) - 94e01da5-69fc-47f8-9cb6-206c4d0ff2c1:group-1D8CC8646F84 set configuration 0: [94e01da5-69fc-47f8-9cb6-206c4d0ff2c1:192.168.36.79:44839], old=null at 0
2019-09-20 08:38:47,041 [17688808-c4a5-475e-9b35-5fbd5f50591a:group-36A75094B6F0:LeaderElection97] INFO  impl.LeaderElection (LeaderElection.java:askForVotes(181)) - 17688808-c4a5-475e-9b35-5fbd5f50591a:group-36A75094B6F0:LeaderElection97: begin an election at term 1 for -1: [17688808-c4a5-475e-9b35-5fbd5f50591a:192.168.36.79:42065], old=null
2019-09-20 08:38:47,041 [17688808-c4a5-475e-9b35-5fbd5f50591a:group-36A75094B6F0:LeaderElection97] INFO  impl.RoleInfo (RoleInfo.java:shutdownLeaderElection(134)) - 17688808-c4a5-475e-9b35-5fbd5f50591a: shutdown LeaderElection
2019-09-20 08:38:47,042 [17688808-c4a5-475e-9b35-5fbd5f50591a:group-36A75094B6F0:LeaderElection97] INFO  impl.RaftServerImpl (RaftServerImpl.java:setRole(171)) - 17688808-c4a5-475e-9b35-5fbd5f50591a:group-36A75094B6F0 changes role from CANDIDATE to LEADER at term 1 for changeToLeader
2019-09-20 08:38:47,042 [17688808-c4a5-475e-9b35-5fbd5f50591a:group-36A75094B6F0:LeaderElection97] INFO  impl.RaftServerImpl (ServerState.java:setLeader(263)) - 17688808-c4a5-475e-9b35-5fbd5f50591a:group-36A75094B6F0 change Leader from null to 17688808-c4a5-475e-9b35-5fbd5f50591a at term 1 for becomeLeader, leader elected after 5187ms
2019-09-20 08:38:47,042 [17688808-c4a5-475e-9b35-5fbd5f50591a:group-36A75094B6F0:LeaderElection97] INFO  server.RaftServerConfigKeys (ConfUtils.java:logGet(43)) - raft.server.staging.catchup.gap = 1000 (default)
2019-09-20 08:38:47,042 [17688808-c4a5-475e-9b35-5fbd5f50591a:group-36A75094B6F0:LeaderElection97] INFO  server.RaftServerConfigKeys (ConfUtils.java:logGet(43)) - raft.server.rpc.sleep.time = 25ms (default)
2019-09-20 08:38:47,042 [17688808-c4a5-475e-9b35-5fbd5f50591a:group-36A75094B6F0:LeaderElection97] INFO  server.RaftServerConfigKeys (ConfUtils.java:logGet(43)) - raft.server.write.element-limit = 4096 (default)
2019-09-20 08:38:47,042 [17688808-c4a5-475e-9b35-5fbd5f50591a:group-36A75094B6F0:LeaderElection97] INFO  server.RaftServerConfigKeys (ConfUtils.java:logGet(43)) - raft.server.watch.timeout = 10s (default)
2019-09-20 08:38:47,043 [17688808-c4a5-475e-9b35-5fbd5f50591a:group-36A75094B6F0:LeaderElection97] INFO  server.RaftServerConfigKeys (ConfUtils.java:logGet(43)) - raft.server.watch.timeout.denomination = 1s (default)
2019-09-20 08:38:47,043 [17688808-c4a5-475e-9b35-5fbd5f50591a:group-36A75094B6F0:LeaderElection97] INFO  server.RaftServerConfigKeys (ConfUtils.java:logGet(43)) - raft.server.watch.element-limit = 65536 (default)
2019-09-20 08:38:47,043 [17688808-c4a5-475e-9b35-5fbd5f50591a:group-36A75094B6F0:LeaderElection97] INFO  impl.RoleInfo (RoleInfo.java:updateAndGet(143)) - 17688808-c4a5-475e-9b35-5fbd5f50591a: start LeaderState
2019-09-20 08:38:47,043 [Thread-1539] INFO  impl.FollowerState (FollowerState.java:run(106)) - 94e01da5-69fc-47f8-9cb6-206c4d0ff2c1:group-A54610EBC9F7 changes to CANDIDATE, lastRpcTime:5058, electionTimeout:5058ms
2019-09-20 08:38:47,043 [Thread-1539] INFO  impl.RoleInfo (RoleInfo.java:shutdownFollowerState(121)) - 94e01da5-69fc-47f8-9cb6-206c4d0ff2c1: shutdown FollowerState
2019-09-20 08:38:47,043 [17688808-c4a5-475e-9b35-5fbd5f50591a:group-36A75094B6F0:LeaderElection97] INFO  segmented.SegmentedRaftLogWorker (SegmentedRaftLogWorker.java:startLogSegment(380)) - 17688808-c4a5-475e-9b35-5fbd5f50591a-SegmentedRaftLogWorker:Storage Directory /workdir/hadoop-ozone/ozonefs/target/test-dir/MiniOzoneClusterImpl-91d92c25-20d7-4a60-97d2-df3786b0ca5e/datanode-1/data/ratis/14d54426-584c-4dbd-b445-36a75094b6f0: Starting segment from index:0
2019-09-20 08:38:47,043 [Thread-1539] INFO  impl.RaftServerImpl (RaftServerImpl.java:setRole(171)) - 94e01da5-69fc-47f8-9cb6-206c4d0ff2c1:group-A54610EBC9F7 changes role from FOLLOWER to CANDIDATE at term 0 for changeToCandidate
2019-09-20 08:38:47,044 [Thread-1539] INFO  impl.RoleInfo (RoleInfo.java:updateAndGet(143)) - 94e01da5-69fc-47f8-9cb6-206c4d0ff2c1: start LeaderElection
2019-09-20 08:38:47,077 [17688808-c4a5-475e-9b35-5fbd5f50591a:group-36A75094B6F0:LeaderElection97] INFO  impl.RaftServerImpl (ServerState.java:setRaftConf(361)) - 17688808-c4a5-475e-9b35-5fbd5f50591a:group-36A75094B6F0 set configuration 0: [17688808-c4a5-475e-9b35-5fbd5f50591a:192.168.36.79:42065], old=null at 0
2019-09-20 08:38:47,101 [94e01da5-69fc-47f8-9cb6-206c4d0ff2c1-SegmentedRaftLogWorker:Storage Directory /workdir/hadoop-ozone/ozonefs/target/test-dir/MiniOzoneClusterImpl-91d92c25-20d7-4a60-97d2-df3786b0ca5e/datanode-2/data/ratis/3aa16bf9-e0a9-4866-b68f-1d8cc8646f84] INFO  segmented.SegmentedRaftLogWorker (SegmentedRaftLogWorker.java:execute(569)) - 94e01da5-69fc-47f8-9cb6-206c4d0ff2c1-SegmentedRaftLogWorker:Storage Directory /workdir/hadoop-ozone/ozonefs/target/test-dir/MiniOzoneClusterImpl-91d92c25-20d7-4a60-97d2-df3786b0ca5e/datanode-2/data/ratis/3aa16bf9-e0a9-4866-b68f-1d8cc8646f84: created new log segment /workdir/hadoop-ozone/ozonefs/target/test-dir/MiniOzoneClusterImpl-91d92c25-20d7-4a60-97d2-df3786b0ca5e/datanode-2/data/ratis/3aa16bf9-e0a9-4866-b68f-1d8cc8646f84/current/log_inprogress_0
2019-09-20 08:38:47,101 [94e01da5-69fc-47f8-9cb6-206c4d0ff2c1:group-A54610EBC9F7:LeaderElection98] INFO  impl.LeaderElection (LeaderElection.java:askForVotes(181)) - 94e01da5-69fc-47f8-9cb6-206c4d0ff2c1:group-A54610EBC9F7:LeaderElection98: begin an election at term 1 for -1: [94e01da5-69fc-47f8-9cb6-206c4d0ff2c1:192.168.36.79:44839], old=null
2019-09-20 08:38:47,101 [94e01da5-69fc-47f8-9cb6-206c4d0ff2c1:group-A54610EBC9F7:LeaderElection98] INFO  impl.RoleInfo (RoleInfo.java:shutdownLeaderElection(134)) - 94e01da5-69fc-47f8-9cb6-206c4d0ff2c1: shutdown LeaderElection
2019-09-20 08:38:47,101 [17688808-c4a5-475e-9b35-5fbd5f50591a-SegmentedRaftLogWorker:Storage Directory /workdir/hadoop-ozone/ozonefs/target/test-dir/MiniOzoneClusterImpl-91d92c25-20d7-4a60-97d2-df3786b0ca5e/datanode-1/data/ratis/14d54426-584c-4dbd-b445-36a75094b6f0] INFO  segmented.SegmentedRaftLogWorker (SegmentedRaftLogWorker.java:execute(569)) - 17688808-c4a5-475e-9b35-5fbd5f50591a-SegmentedRaftLogWorker:Storage Directory /workdir/hadoop-ozone/ozonefs/target/test-dir/MiniOzoneClusterImpl-91d92c25-20d7-4a60-97d2-df3786b0ca5e/datanode-1/data/ratis/14d54426-584c-4dbd-b445-36a75094b6f0: created new log segment /workdir/hadoop-ozone/ozonefs/target/test-dir/MiniOzoneClusterImpl-91d92c25-20d7-4a60-97d2-df3786b0ca5e/datanode-1/data/ratis/14d54426-584c-4dbd-b445-36a75094b6f0/current/log_inprogress_0
2019-09-20 08:38:47,101 [94e01da5-69fc-47f8-9cb6-206c4d0ff2c1:group-A54610EBC9F7:LeaderElection98] INFO  impl.RaftServerImpl (RaftServerImpl.java:setRole(171)) - 94e01da5-69fc-47f8-9cb6-206c4d0ff2c1:group-A54610EBC9F7 changes role from CANDIDATE to LEADER at term 1 for changeToLeader
2019-09-20 08:38:47,101 [94e01da5-69fc-47f8-9cb6-206c4d0ff2c1:group-A54610EBC9F7:LeaderElection98] INFO  impl.RaftServerImpl (ServerState.java:setLeader(263)) - 94e01da5-69fc-47f8-9cb6-206c4d0ff2c1:group-A54610EBC9F7 change Leader from null to 94e01da5-69fc-47f8-9cb6-206c4d0ff2c1 at term 1 for becomeLeader, leader elected after 5120ms
2019-09-20 08:38:47,102 [94e01da5-69fc-47f8-9cb6-206c4d0ff2c1:group-A54610EBC9F7:LeaderElection98] INFO  server.RaftServerConfigKeys (ConfUtils.java:logGet(43)) - raft.server.staging.catchup.gap = 1000 (default)
2019-09-20 08:38:47,102 [94e01da5-69fc-47f8-9cb6-206c4d0ff2c1:group-A54610EBC9F7:LeaderElection98] INFO  server.RaftServerConfigKeys (ConfUtils.java:logGet(43)) - raft.server.rpc.sleep.time = 25ms (default)
2019-09-20 08:38:47,102 [94e01da5-69fc-47f8-9cb6-206c4d0ff2c1:group-A54610EBC9F7:LeaderElection98] INFO  server.RaftServerConfigKeys (ConfUtils.java:logGet(43)) - raft.server.write.element-limit = 4096 (default)
2019-09-20 08:38:47,102 [94e01da5-69fc-47f8-9cb6-206c4d0ff2c1:group-A54610EBC9F7:LeaderElection98] INFO  server.RaftServerConfigKeys (ConfUtils.java:logGet(43)) - raft.server.watch.timeout = 10s (default)
2019-09-20 08:38:47,102 [94e01da5-69fc-47f8-9cb6-206c4d0ff2c1:group-A54610EBC9F7:LeaderElection98] INFO  server.RaftServerConfigKeys (ConfUtils.java:logGet(43)) - raft.server.watch.timeout.denomination = 1s (default)
2019-09-20 08:38:47,102 [94e01da5-69fc-47f8-9cb6-206c4d0ff2c1:group-A54610EBC9F7:LeaderElection98] INFO  server.RaftServerConfigKeys (ConfUtils.java:logGet(43)) - raft.server.watch.element-limit = 65536 (default)
2019-09-20 08:38:47,102 [94e01da5-69fc-47f8-9cb6-206c4d0ff2c1:group-A54610EBC9F7:LeaderElection98] INFO  impl.RoleInfo (RoleInfo.java:updateAndGet(143)) - 94e01da5-69fc-47f8-9cb6-206c4d0ff2c1: start LeaderState
2019-09-20 08:38:47,103 [94e01da5-69fc-47f8-9cb6-206c4d0ff2c1:group-A54610EBC9F7:LeaderElection98] INFO  segmented.SegmentedRaftLogWorker (SegmentedRaftLogWorker.java:startLogSegment(380)) - 94e01da5-69fc-47f8-9cb6-206c4d0ff2c1-SegmentedRaftLogWorker:Storage Directory /workdir/hadoop-ozone/ozonefs/target/test-dir/MiniOzoneClusterImpl-91d92c25-20d7-4a60-97d2-df3786b0ca5e/datanode-2/data/ratis/0c45091d-78e4-41ea-ba22-a54610ebc9f7: Starting segment from index:0
2019-09-20 08:38:47,103 [94e01da5-69fc-47f8-9cb6-206c4d0ff2c1:group-A54610EBC9F7:LeaderElection98] INFO  impl.RaftServerImpl (ServerState.java:setRaftConf(361)) - 94e01da5-69fc-47f8-9cb6-206c4d0ff2c1:group-A54610EBC9F7 set configuration 0: [94e01da5-69fc-47f8-9cb6-206c4d0ff2c1:192.168.36.79:44839], old=null at 0
2019-09-20 08:38:47,176 [94e01da5-69fc-47f8-9cb6-206c4d0ff2c1-SegmentedRaftLogWorker:Storage Directory /workdir/hadoop-ozone/ozonefs/target/test-dir/MiniOzoneClusterImpl-91d92c25-20d7-4a60-97d2-df3786b0ca5e/datanode-2/data/ratis/0c45091d-78e4-41ea-ba22-a54610ebc9f7] INFO  segmented.SegmentedRaftLogWorker (SegmentedRaftLogWorker.java:execute(569)) - 94e01da5-69fc-47f8-9cb6-206c4d0ff2c1-SegmentedRaftLogWorker:Storage Directory /workdir/hadoop-ozone/ozonefs/target/test-dir/MiniOzoneClusterImpl-91d92c25-20d7-4a60-97d2-df3786b0ca5e/datanode-2/data/ratis/0c45091d-78e4-41ea-ba22-a54610ebc9f7: created new log segment /workdir/hadoop-ozone/ozonefs/target/test-dir/MiniOzoneClusterImpl-91d92c25-20d7-4a60-97d2-df3786b0ca5e/datanode-2/data/ratis/0c45091d-78e4-41ea-ba22-a54610ebc9f7/current/log_inprogress_0
2019-09-20 08:38:47,221 [Thread-1542] INFO  impl.FollowerState (FollowerState.java:run(106)) - 94e01da5-69fc-47f8-9cb6-206c4d0ff2c1:group-776AE63BB804 changes to CANDIDATE, lastRpcTime:5176, electionTimeout:5176ms
2019-09-20 08:38:47,221 [Thread-1542] INFO  impl.RoleInfo (RoleInfo.java:shutdownFollowerState(121)) - 94e01da5-69fc-47f8-9cb6-206c4d0ff2c1: shutdown FollowerState
2019-09-20 08:38:47,221 [Thread-1542] INFO  impl.RaftServerImpl (RaftServerImpl.java:setRole(171)) - 94e01da5-69fc-47f8-9cb6-206c4d0ff2c1:group-776AE63BB804 changes role from FOLLOWER to CANDIDATE at term 0 for changeToCandidate
2019-09-20 08:38:47,221 [Thread-1542] INFO  impl.RoleInfo (RoleInfo.java:updateAndGet(143)) - 94e01da5-69fc-47f8-9cb6-206c4d0ff2c1: start LeaderElection
2019-09-20 08:38:47,241 [Thread-1548] INFO  impl.FollowerState (FollowerState.java:run(106)) - 94e01da5-69fc-47f8-9cb6-206c4d0ff2c1:group-90044CC6D6CF changes to CANDIDATE, lastRpcTime:5028, electionTimeout:5028ms
2019-09-20 08:38:47,241 [Thread-1548] INFO  impl.RoleInfo (RoleInfo.java:shutdownFollowerState(121)) - 94e01da5-69fc-47f8-9cb6-206c4d0ff2c1: shutdown FollowerState
2019-09-20 08:38:47,241 [Thread-1548] INFO  impl.RaftServerImpl (RaftServerImpl.java:setRole(171)) - 94e01da5-69fc-47f8-9cb6-206c4d0ff2c1:group-90044CC6D6CF changes role from FOLLOWER to CANDIDATE at term 0 for changeToCandidate
2019-09-20 08:38:47,242 [Thread-1548] INFO  impl.RoleInfo (RoleInfo.java:updateAndGet(143)) - 94e01da5-69fc-47f8-9cb6-206c4d0ff2c1: start LeaderElection
2019-09-20 08:38:47,244 [94e01da5-69fc-47f8-9cb6-206c4d0ff2c1:group-776AE63BB804:LeaderElection99] INFO  impl.LeaderElection (LeaderElection.java:askForVotes(181)) - 94e01da5-69fc-47f8-9cb6-206c4d0ff2c1:group-776AE63BB804:LeaderElection99: begin an election at term 1 for -1: [94e01da5-69fc-47f8-9cb6-206c4d0ff2c1:192.168.36.79:44839], old=null
2019-09-20 08:38:47,244 [94e01da5-69fc-47f8-9cb6-206c4d0ff2c1:group-776AE63BB804:LeaderElection99] INFO  impl.RoleInfo (RoleInfo.java:shutdownLeaderElection(134)) - 94e01da5-69fc-47f8-9cb6-206c4d0ff2c1: shutdown LeaderElection
2019-09-20 08:38:47,244 [94e01da5-69fc-47f8-9cb6-206c4d0ff2c1:group-776AE63BB804:LeaderElection99] INFO  impl.RaftServerImpl (RaftServerImpl.java:setRole(171)) - 94e01da5-69fc-47f8-9cb6-206c4d0ff2c1:group-776AE63BB804 changes role from CANDIDATE to LEADER at term 1 for changeToLeader
2019-09-20 08:38:47,244 [94e01da5-69fc-47f8-9cb6-206c4d0ff2c1:group-776AE63BB804:LeaderElection99] INFO  impl.RaftServerImpl (ServerState.java:setLeader(263)) - 94e01da5-69fc-47f8-9cb6-206c4d0ff2c1:group-776AE63BB804 change Leader from null to 94e01da5-69fc-47f8-9cb6-206c4d0ff2c1 at term 1 for becomeLeader, leader elected after 5204ms
2019-09-20 08:38:47,244 [94e01da5-69fc-47f8-9cb6-206c4d0ff2c1:group-776AE63BB804:LeaderElection99] INFO  server.RaftServerConfigKeys (ConfUtils.java:logGet(43)) - raft.server.staging.catchup.gap = 1000 (default)
2019-09-20 08:38:47,244 [94e01da5-69fc-47f8-9cb6-206c4d0ff2c1:group-776AE63BB804:LeaderElection99] INFO  server.RaftServerConfigKeys (ConfUtils.java:logGet(43)) - raft.server.rpc.sleep.time = 25ms (default)
2019-09-20 08:38:47,245 [94e01da5-69fc-47f8-9cb6-206c4d0ff2c1:group-776AE63BB804:LeaderElection99] INFO  server.RaftServerConfigKeys (ConfUtils.java:logGet(43)) - raft.server.write.element-limit = 4096 (default)
2019-09-20 08:38:47,245 [94e01da5-69fc-47f8-9cb6-206c4d0ff2c1:group-776AE63BB804:LeaderElection99] INFO  server.RaftServerConfigKeys (ConfUtils.java:logGet(43)) - raft.server.watch.timeout = 10s (default)
2019-09-20 08:38:47,245 [94e01da5-69fc-47f8-9cb6-206c4d0ff2c1:group-776AE63BB804:LeaderElection99] INFO  server.RaftServerConfigKeys (ConfUtils.java:logGet(43)) - raft.server.watch.timeout.denomination = 1s (default)
2019-09-20 08:38:47,245 [94e01da5-69fc-47f8-9cb6-206c4d0ff2c1:group-776AE63BB804:LeaderElection99] INFO  server.RaftServerConfigKeys (ConfUtils.java:logGet(43)) - raft.server.watch.element-limit = 65536 (default)
2019-09-20 08:38:47,245 [94e01da5-69fc-47f8-9cb6-206c4d0ff2c1:group-776AE63BB804:LeaderElection99] INFO  impl.RoleInfo (RoleInfo.java:updateAndGet(143)) - 94e01da5-69fc-47f8-9cb6-206c4d0ff2c1: start LeaderState
2019-09-20 08:38:47,246 [94e01da5-69fc-47f8-9cb6-206c4d0ff2c1:group-776AE63BB804:LeaderElection99] INFO  segmented.SegmentedRaftLogWorker (SegmentedRaftLogWorker.java:startLogSegment(380)) - 94e01da5-69fc-47f8-9cb6-206c4d0ff2c1-SegmentedRaftLogWorker:Storage Directory /workdir/hadoop-ozone/ozonefs/target/test-dir/MiniOzoneClusterImpl-91d92c25-20d7-4a60-97d2-df3786b0ca5e/datanode-2/data/ratis/826241be-b085-4bcf-b8d5-776ae63bb804: Starting segment from index:0
2019-09-20 08:38:47,246 [94e01da5-69fc-47f8-9cb6-206c4d0ff2c1:group-776AE63BB804:LeaderElection99] INFO  impl.RaftServerImpl (ServerState.java:setRaftConf(361)) - 94e01da5-69fc-47f8-9cb6-206c4d0ff2c1:group-776AE63BB804 set configuration 0: [94e01da5-69fc-47f8-9cb6-206c4d0ff2c1:192.168.36.79:44839], old=null at 0
2019-09-20 08:38:47,268 [94e01da5-69fc-47f8-9cb6-206c4d0ff2c1:group-90044CC6D6CF:LeaderElection100] INFO  impl.LeaderElection (LeaderElection.java:askForVotes(181)) - 94e01da5-69fc-47f8-9cb6-206c4d0ff2c1:group-90044CC6D6CF:LeaderElection100: begin an election at term 1 for -1: [94e01da5-69fc-47f8-9cb6-206c4d0ff2c1:192.168.36.79:44839], old=null
2019-09-20 08:38:47,269 [94e01da5-69fc-47f8-9cb6-206c4d0ff2c1:group-90044CC6D6CF:LeaderElection100] INFO  impl.RoleInfo (RoleInfo.java:shutdownLeaderElection(134)) - 94e01da5-69fc-47f8-9cb6-206c4d0ff2c1: shutdown LeaderElection
2019-09-20 08:38:47,269 [94e01da5-69fc-47f8-9cb6-206c4d0ff2c1:group-90044CC6D6CF:LeaderElection100] INFO  impl.RaftServerImpl (RaftServerImpl.java:setRole(171)) - 94e01da5-69fc-47f8-9cb6-206c4d0ff2c1:group-90044CC6D6CF changes role from CANDIDATE to LEADER at term 1 for changeToLeader
2019-09-20 08:38:47,269 [94e01da5-69fc-47f8-9cb6-206c4d0ff2c1:group-90044CC6D6CF:LeaderElection100] INFO  impl.RaftServerImpl (ServerState.java:setLeader(263)) - 94e01da5-69fc-47f8-9cb6-206c4d0ff2c1:group-90044CC6D6CF change Leader from null to 94e01da5-69fc-47f8-9cb6-206c4d0ff2c1 at term 1 for becomeLeader, leader elected after 5060ms
2019-09-20 08:38:47,269 [94e01da5-69fc-47f8-9cb6-206c4d0ff2c1:group-90044CC6D6CF:LeaderElection100] INFO  server.RaftServerConfigKeys (ConfUtils.java:logGet(43)) - raft.server.staging.catchup.gap = 1000 (default)
2019-09-20 08:38:47,269 [94e01da5-69fc-47f8-9cb6-206c4d0ff2c1:group-90044CC6D6CF:LeaderElection100] INFO  server.RaftServerConfigKeys (ConfUtils.java:logGet(43)) - raft.server.rpc.sleep.time = 25ms (default)
2019-09-20 08:38:47,269 [94e01da5-69fc-47f8-9cb6-206c4d0ff2c1:group-90044CC6D6CF:LeaderElection100] INFO  server.RaftServerConfigKeys (ConfUtils.java:logGet(43)) - raft.server.write.element-limit = 4096 (default)
2019-09-20 08:38:47,270 [94e01da5-69fc-47f8-9cb6-206c4d0ff2c1:group-90044CC6D6CF:LeaderElection100] INFO  server.RaftServerConfigKeys (ConfUtils.java:logGet(43)) - raft.server.watch.timeout = 10s (default)
2019-09-20 08:38:47,270 [94e01da5-69fc-47f8-9cb6-206c4d0ff2c1:group-90044CC6D6CF:LeaderElection100] INFO  server.RaftServerConfigKeys (ConfUtils.java:logGet(43)) - raft.server.watch.timeout.denomination = 1s (default)
2019-09-20 08:38:47,270 [94e01da5-69fc-47f8-9cb6-206c4d0ff2c1:group-90044CC6D6CF:LeaderElection100] INFO  server.RaftServerConfigKeys (ConfUtils.java:logGet(43)) - raft.server.watch.element-limit = 65536 (default)
2019-09-20 08:38:47,270 [94e01da5-69fc-47f8-9cb6-206c4d0ff2c1:group-90044CC6D6CF:LeaderElection100] INFO  impl.RoleInfo (RoleInfo.java:updateAndGet(143)) - 94e01da5-69fc-47f8-9cb6-206c4d0ff2c1: start LeaderState
2019-09-20 08:38:47,270 [94e01da5-69fc-47f8-9cb6-206c4d0ff2c1:group-90044CC6D6CF:LeaderElection100] INFO  segmented.SegmentedRaftLogWorker (SegmentedRaftLogWorker.java:startLogSegment(380)) - 94e01da5-69fc-47f8-9cb6-206c4d0ff2c1-SegmentedRaftLogWorker:Storage Directory /workdir/hadoop-ozone/ozonefs/target/test-dir/MiniOzoneClusterImpl-91d92c25-20d7-4a60-97d2-df3786b0ca5e/datanode-2/data/ratis/8fe8596b-af2f-4c79-87ec-90044cc6d6cf: Starting segment from index:0
2019-09-20 08:38:47,271 [94e01da5-69fc-47f8-9cb6-206c4d0ff2c1:group-90044CC6D6CF:LeaderElection100] INFO  impl.RaftServerImpl (ServerState.java:setRaftConf(361)) - 94e01da5-69fc-47f8-9cb6-206c4d0ff2c1:group-90044CC6D6CF set configuration 0: [94e01da5-69fc-47f8-9cb6-206c4d0ff2c1:192.168.36.79:44839], old=null at 0
2019-09-20 08:38:47,302 [94e01da5-69fc-47f8-9cb6-206c4d0ff2c1-SegmentedRaftLogWorker:Storage Directory /workdir/hadoop-ozone/ozonefs/target/test-dir/MiniOzoneClusterImpl-91d92c25-20d7-4a60-97d2-df3786b0ca5e/datanode-2/data/ratis/826241be-b085-4bcf-b8d5-776ae63bb804] INFO  segmented.SegmentedRaftLogWorker (SegmentedRaftLogWorker.java:execute(569)) - 94e01da5-69fc-47f8-9cb6-206c4d0ff2c1-SegmentedRaftLogWorker:Storage Directory /workdir/hadoop-ozone/ozonefs/target/test-dir/MiniOzoneClusterImpl-91d92c25-20d7-4a60-97d2-df3786b0ca5e/datanode-2/data/ratis/826241be-b085-4bcf-b8d5-776ae63bb804: created new log segment /workdir/hadoop-ozone/ozonefs/target/test-dir/MiniOzoneClusterImpl-91d92c25-20d7-4a60-97d2-df3786b0ca5e/datanode-2/data/ratis/826241be-b085-4bcf-b8d5-776ae63bb804/current/log_inprogress_0
2019-09-20 08:38:47,327 [94e01da5-69fc-47f8-9cb6-206c4d0ff2c1-SegmentedRaftLogWorker:Storage Directory /workdir/hadoop-ozone/ozonefs/target/test-dir/MiniOzoneClusterImpl-91d92c25-20d7-4a60-97d2-df3786b0ca5e/datanode-2/data/ratis/8fe8596b-af2f-4c79-87ec-90044cc6d6cf] INFO  segmented.SegmentedRaftLogWorker (SegmentedRaftLogWorker.java:execute(569)) - 94e01da5-69fc-47f8-9cb6-206c4d0ff2c1-SegmentedRaftLogWorker:Storage Directory /workdir/hadoop-ozone/ozonefs/target/test-dir/MiniOzoneClusterImpl-91d92c25-20d7-4a60-97d2-df3786b0ca5e/datanode-2/data/ratis/8fe8596b-af2f-4c79-87ec-90044cc6d6cf: created new log segment /workdir/hadoop-ozone/ozonefs/target/test-dir/MiniOzoneClusterImpl-91d92c25-20d7-4a60-97d2-df3786b0ca5e/datanode-2/data/ratis/8fe8596b-af2f-4c79-87ec-90044cc6d6cf/current/log_inprogress_0
2019-09-20 08:38:47,344 [Thread-1545] INFO  impl.FollowerState (FollowerState.java:run(106)) - 94e01da5-69fc-47f8-9cb6-206c4d0ff2c1:group-0279CA8F1DD8 changes to CANDIDATE, lastRpcTime:5199, electionTimeout:5199ms
2019-09-20 08:38:47,344 [Thread-1545] INFO  impl.RoleInfo (RoleInfo.java:shutdownFollowerState(121)) - 94e01da5-69fc-47f8-9cb6-206c4d0ff2c1: shutdown FollowerState
2019-09-20 08:38:47,344 [Thread-1545] INFO  impl.RaftServerImpl (RaftServerImpl.java:setRole(171)) - 94e01da5-69fc-47f8-9cb6-206c4d0ff2c1:group-0279CA8F1DD8 changes role from FOLLOWER to CANDIDATE at term 0 for changeToCandidate
2019-09-20 08:38:47,345 [Thread-1545] INFO  impl.RoleInfo (RoleInfo.java:updateAndGet(143)) - 94e01da5-69fc-47f8-9cb6-206c4d0ff2c1: start LeaderElection
2019-09-20 08:38:47,361 [94e01da5-69fc-47f8-9cb6-206c4d0ff2c1:group-0279CA8F1DD8:LeaderElection101] INFO  impl.LeaderElection (LeaderElection.java:askForVotes(181)) - 94e01da5-69fc-47f8-9cb6-206c4d0ff2c1:group-0279CA8F1DD8:LeaderElection101: begin an election at term 1 for -1: [94e01da5-69fc-47f8-9cb6-206c4d0ff2c1:192.168.36.79:44839], old=null
2019-09-20 08:38:47,361 [94e01da5-69fc-47f8-9cb6-206c4d0ff2c1:group-0279CA8F1DD8:LeaderElection101] INFO  impl.RoleInfo (RoleInfo.java:shutdownLeaderElection(134)) - 94e01da5-69fc-47f8-9cb6-206c4d0ff2c1: shutdown LeaderElection
2019-09-20 08:38:47,361 [94e01da5-69fc-47f8-9cb6-206c4d0ff2c1:group-0279CA8F1DD8:LeaderElection101] INFO  impl.RaftServerImpl (RaftServerImpl.java:setRole(171)) - 94e01da5-69fc-47f8-9cb6-206c4d0ff2c1:group-0279CA8F1DD8 changes role from CANDIDATE to LEADER at term 1 for changeToLeader
2019-09-20 08:38:47,362 [94e01da5-69fc-47f8-9cb6-206c4d0ff2c1:group-0279CA8F1DD8:LeaderElection101] INFO  impl.RaftServerImpl (ServerState.java:setLeader(263)) - 94e01da5-69fc-47f8-9cb6-206c4d0ff2c1:group-0279CA8F1DD8 change Leader from null to 94e01da5-69fc-47f8-9cb6-206c4d0ff2c1 at term 1 for becomeLeader, leader elected after 5221ms
2019-09-20 08:38:47,362 [94e01da5-69fc-47f8-9cb6-206c4d0ff2c1:group-0279CA8F1DD8:LeaderElection101] INFO  server.RaftServerConfigKeys (ConfUtils.java:logGet(43)) - raft.server.staging.catchup.gap = 1000 (default)
2019-09-20 08:38:47,362 [94e01da5-69fc-47f8-9cb6-206c4d0ff2c1:group-0279CA8F1DD8:LeaderElection101] INFO  server.RaftServerConfigKeys (ConfUtils.java:logGet(43)) - raft.server.rpc.sleep.time = 25ms (default)
2019-09-20 08:38:47,362 [94e01da5-69fc-47f8-9cb6-206c4d0ff2c1:group-0279CA8F1DD8:LeaderElection101] INFO  server.RaftServerConfigKeys (ConfUtils.java:logGet(43)) - raft.server.write.element-limit = 4096 (default)
2019-09-20 08:38:47,362 [94e01da5-69fc-47f8-9cb6-206c4d0ff2c1:group-0279CA8F1DD8:LeaderElection101] INFO  server.RaftServerConfigKeys (ConfUtils.java:logGet(43)) - raft.server.watch.timeout = 10s (default)
2019-09-20 08:38:47,362 [94e01da5-69fc-47f8-9cb6-206c4d0ff2c1:group-0279CA8F1DD8:LeaderElection101] INFO  server.RaftServerConfigKeys (ConfUtils.java:logGet(43)) - raft.server.watch.timeout.denomination = 1s (default)
2019-09-20 08:38:47,363 [94e01da5-69fc-47f8-9cb6-206c4d0ff2c1:group-0279CA8F1DD8:LeaderElection101] INFO  server.RaftServerConfigKeys (ConfUtils.java:logGet(43)) - raft.server.watch.element-limit = 65536 (default)
2019-09-20 08:38:47,363 [94e01da5-69fc-47f8-9cb6-206c4d0ff2c1:group-0279CA8F1DD8:LeaderElection101] INFO  impl.RoleInfo (RoleInfo.java:updateAndGet(143)) - 94e01da5-69fc-47f8-9cb6-206c4d0ff2c1: start LeaderState
2019-09-20 08:38:47,363 [94e01da5-69fc-47f8-9cb6-206c4d0ff2c1:group-0279CA8F1DD8:LeaderElection101] INFO  segmented.SegmentedRaftLogWorker (SegmentedRaftLogWorker.java:startLogSegment(380)) - 94e01da5-69fc-47f8-9cb6-206c4d0ff2c1-SegmentedRaftLogWorker:Storage Directory /workdir/hadoop-ozone/ozonefs/target/test-dir/MiniOzoneClusterImpl-91d92c25-20d7-4a60-97d2-df3786b0ca5e/datanode-2/data/ratis/1b77807a-bb81-4d1e-bf52-0279ca8f1dd8: Starting segment from index:0
2019-09-20 08:38:47,364 [94e01da5-69fc-47f8-9cb6-206c4d0ff2c1:group-0279CA8F1DD8:LeaderElection101] INFO  impl.RaftServerImpl (ServerState.java:setRaftConf(361)) - 94e01da5-69fc-47f8-9cb6-206c4d0ff2c1:group-0279CA8F1DD8 set configuration 0: [94e01da5-69fc-47f8-9cb6-206c4d0ff2c1:192.168.36.79:44839], old=null at 0
2019-09-20 08:38:47,425 | INFO  | SCMAudit | user=jenkins1000 | ip=192.168.36.79 | op=SEND_HEARTBEAT {datanodeUUID=94e01da5-69fc-47f8-9cb6-206c4d0ff2c1, command=[]} | ret=SUCCESS |  
2019-09-20 08:38:47,430 [94e01da5-69fc-47f8-9cb6-206c4d0ff2c1-SegmentedRaftLogWorker:Storage Directory /workdir/hadoop-ozone/ozonefs/target/test-dir/MiniOzoneClusterImpl-91d92c25-20d7-4a60-97d2-df3786b0ca5e/datanode-2/data/ratis/1b77807a-bb81-4d1e-bf52-0279ca8f1dd8] INFO  segmented.SegmentedRaftLogWorker (SegmentedRaftLogWorker.java:execute(569)) - 94e01da5-69fc-47f8-9cb6-206c4d0ff2c1-SegmentedRaftLogWorker:Storage Directory /workdir/hadoop-ozone/ozonefs/target/test-dir/MiniOzoneClusterImpl-91d92c25-20d7-4a60-97d2-df3786b0ca5e/datanode-2/data/ratis/1b77807a-bb81-4d1e-bf52-0279ca8f1dd8: created new log segment /workdir/hadoop-ozone/ozonefs/target/test-dir/MiniOzoneClusterImpl-91d92c25-20d7-4a60-97d2-df3786b0ca5e/datanode-2/data/ratis/1b77807a-bb81-4d1e-bf52-0279ca8f1dd8/current/log_inprogress_0
2019-09-20 08:38:47,655 [Thread-1323] INFO  ozoneimpl.OzoneContainer (OzoneContainer.java:stop(199)) - Attempting to stop container services.
2019-09-20 08:38:47,656 [ForkJoinPool.commonPool-worker-0] INFO  ozoneimpl.OzoneContainer (OzoneContainer.java:stop(199)) - Attempting to stop container services.
2019-09-20 08:38:47,656 [Thread-1323] INFO  impl.RaftServerProxy (RaftServerProxy.java:lambda$close$4(314)) - 17688808-c4a5-475e-9b35-5fbd5f50591a: close
2019-09-20 08:38:47,656 [ForkJoinPool.commonPool-worker-0] INFO  impl.RaftServerProxy (RaftServerProxy.java:lambda$close$4(314)) - 4c68c9f7-fd0b-45cb-be6c-07622c529b6d: close
2019-09-20 08:38:47,656 [Thread-1323] INFO  impl.RaftServerImpl (RaftServerImpl.java:lambda$shutdown$3(245)) - 17688808-c4a5-475e-9b35-5fbd5f50591a: shutdown group-36A75094B6F0
2019-09-20 08:38:47,657 [ForkJoinPool.commonPool-worker-0] INFO  impl.RaftServerImpl (RaftServerImpl.java:lambda$shutdown$3(245)) - 4c68c9f7-fd0b-45cb-be6c-07622c529b6d: shutdown group-053B43A84ED8
2019-09-20 08:38:47,657 [Thread-1323] INFO  util.JmxRegister (JmxRegister.java:unregister(73)) - Successfully un-registered JMX Bean with object name Ratis:service=RaftServer,group=group-36A75094B6F0,id=17688808-c4a5-475e-9b35-5fbd5f50591a
2019-09-20 08:38:47,657 [ForkJoinPool.commonPool-worker-0] INFO  util.JmxRegister (JmxRegister.java:unregister(73)) - Successfully un-registered JMX Bean with object name Ratis:service=RaftServer,group=group-053B43A84ED8,id=4c68c9f7-fd0b-45cb-be6c-07622c529b6d
2019-09-20 08:38:47,657 [Thread-1323] INFO  impl.RoleInfo (RoleInfo.java:shutdownLeaderState(104)) - 17688808-c4a5-475e-9b35-5fbd5f50591a: shutdown LeaderState
2019-09-20 08:38:47,657 [ForkJoinPool.commonPool-worker-0] INFO  impl.RoleInfo (RoleInfo.java:shutdownLeaderState(104)) - 4c68c9f7-fd0b-45cb-be6c-07622c529b6d: shutdown LeaderState
2019-09-20 08:38:47,661 [ForkJoinPool.commonPool-worker-0] INFO  impl.PendingRequests (PendingRequests.java:sendNotLeaderResponses(202)) - 4c68c9f7-fd0b-45cb-be6c-07622c529b6d-PendingRequests: sendNotLeaderResponses
2019-09-20 08:38:47,661 [Thread-1323] INFO  impl.PendingRequests (PendingRequests.java:sendNotLeaderResponses(202)) - 17688808-c4a5-475e-9b35-5fbd5f50591a-PendingRequests: sendNotLeaderResponses
2019-09-20 08:38:47,661 [ForkJoinPool.commonPool-worker-0] INFO  impl.StateMachineUpdater (StateMachineUpdater.java:stopAndJoin(115)) - StateMachineUpdater:4c68c9f7-fd0b-45cb-be6c-07622c529b6d:group-053B43A84ED8: set stopIndex = 0
2019-09-20 08:38:47,662 [Thread-1323] INFO  impl.StateMachineUpdater (StateMachineUpdater.java:stopAndJoin(115)) - StateMachineUpdater:17688808-c4a5-475e-9b35-5fbd5f50591a:group-36A75094B6F0: set stopIndex = 0
2019-09-20 08:38:47,662 [ForkJoinPool.commonPool-worker-0] INFO  impl.RaftServerImpl (ServerState.java:close(394)) - 4c68c9f7-fd0b-45cb-be6c-07622c529b6d:group-053B43A84ED8 closes. The last applied log index is 0
2019-09-20 08:38:47,662 [Thread-1323] INFO  impl.RaftServerImpl (ServerState.java:close(394)) - 17688808-c4a5-475e-9b35-5fbd5f50591a:group-36A75094B6F0 closes. The last applied log index is 0
2019-09-20 08:38:47,662 [4c68c9f7-fd0b-45cb-be6c-07622c529b6d-SegmentedRaftLogWorker:Storage Directory /workdir/hadoop-ozone/ozonefs/target/test-dir/MiniOzoneClusterImpl-91d92c25-20d7-4a60-97d2-df3786b0ca5e/datanode-0/data/ratis/8bab4f84-497e-427a-9358-053b43a84ed8] INFO  segmented.SegmentedRaftLogWorker (SegmentedRaftLogWorker.java:run(313)) - 4c68c9f7-fd0b-45cb-be6c-07622c529b6d-SegmentedRaftLogWorker:Storage Directory /workdir/hadoop-ozone/ozonefs/target/test-dir/MiniOzoneClusterImpl-91d92c25-20d7-4a60-97d2-df3786b0ca5e/datanode-0/data/ratis/8bab4f84-497e-427a-9358-053b43a84ed8 was interrupted, exiting. There are 0 tasks remaining in the queue.
2019-09-20 08:38:47,663 [17688808-c4a5-475e-9b35-5fbd5f50591a-SegmentedRaftLogWorker:Storage Directory /workdir/hadoop-ozone/ozonefs/target/test-dir/MiniOzoneClusterImpl-91d92c25-20d7-4a60-97d2-df3786b0ca5e/datanode-1/data/ratis/14d54426-584c-4dbd-b445-36a75094b6f0] INFO  segmented.SegmentedRaftLogWorker (SegmentedRaftLogWorker.java:run(313)) - 17688808-c4a5-475e-9b35-5fbd5f50591a-SegmentedRaftLogWorker:Storage Directory /workdir/hadoop-ozone/ozonefs/target/test-dir/MiniOzoneClusterImpl-91d92c25-20d7-4a60-97d2-df3786b0ca5e/datanode-1/data/ratis/14d54426-584c-4dbd-b445-36a75094b6f0 was interrupted, exiting. There are 0 tasks remaining in the queue.
2019-09-20 08:38:47,663 [ForkJoinPool.commonPool-worker-0] INFO  segmented.SegmentedRaftLogWorker (SegmentedRaftLogWorker.java:close(228)) - 4c68c9f7-fd0b-45cb-be6c-07622c529b6d-SegmentedRaftLogWorker:Storage Directory /workdir/hadoop-ozone/ozonefs/target/test-dir/MiniOzoneClusterImpl-91d92c25-20d7-4a60-97d2-df3786b0ca5e/datanode-0/data/ratis/8bab4f84-497e-427a-9358-053b43a84ed8 close()
2019-09-20 08:38:47,663 [Thread-1323] INFO  segmented.SegmentedRaftLogWorker (SegmentedRaftLogWorker.java:close(228)) - 17688808-c4a5-475e-9b35-5fbd5f50591a-SegmentedRaftLogWorker:Storage Directory /workdir/hadoop-ozone/ozonefs/target/test-dir/MiniOzoneClusterImpl-91d92c25-20d7-4a60-97d2-df3786b0ca5e/datanode-1/data/ratis/14d54426-584c-4dbd-b445-36a75094b6f0 close()
2019-09-20 08:38:47,665 [ForkJoinPool.commonPool-worker-0] INFO  impl.RaftServerImpl (RaftServerImpl.java:lambda$shutdown$3(245)) - 4c68c9f7-fd0b-45cb-be6c-07622c529b6d: shutdown group-7673CA358757
2019-09-20 08:38:47,667 [Thread-1323] INFO  impl.RaftServerImpl (RaftServerImpl.java:lambda$shutdown$3(245)) - 17688808-c4a5-475e-9b35-5fbd5f50591a: shutdown group-48FBDBD7CD44
2019-09-20 08:38:47,667 [ForkJoinPool.commonPool-worker-0] INFO  util.JmxRegister (JmxRegister.java:unregister(73)) - Successfully un-registered JMX Bean with object name Ratis:service=RaftServer,group=group-7673CA358757,id=4c68c9f7-fd0b-45cb-be6c-07622c529b6d
2019-09-20 08:38:47,667 [Thread-1323] INFO  util.JmxRegister (JmxRegister.java:unregister(73)) - Successfully un-registered JMX Bean with object name Ratis:service=RaftServer,group=group-48FBDBD7CD44,id=17688808-c4a5-475e-9b35-5fbd5f50591a
2019-09-20 08:38:47,668 [Thread-1323] INFO  impl.RoleInfo (RoleInfo.java:shutdownLeaderState(104)) - 17688808-c4a5-475e-9b35-5fbd5f50591a: shutdown LeaderState
2019-09-20 08:38:47,668 [ForkJoinPool.commonPool-worker-0] INFO  impl.RoleInfo (RoleInfo.java:shutdownLeaderState(104)) - 4c68c9f7-fd0b-45cb-be6c-07622c529b6d: shutdown LeaderState
2019-09-20 08:38:47,668 [Thread-1323] INFO  impl.PendingRequests (PendingRequests.java:sendNotLeaderResponses(202)) - 17688808-c4a5-475e-9b35-5fbd5f50591a-PendingRequests: sendNotLeaderResponses
2019-09-20 08:38:47,669 [ForkJoinPool.commonPool-worker-0] INFO  impl.PendingRequests (PendingRequests.java:sendNotLeaderResponses(202)) - 4c68c9f7-fd0b-45cb-be6c-07622c529b6d-PendingRequests: sendNotLeaderResponses
2019-09-20 08:38:47,669 [Thread-1323] INFO  impl.StateMachineUpdater (StateMachineUpdater.java:stopAndJoin(115)) - StateMachineUpdater:17688808-c4a5-475e-9b35-5fbd5f50591a:group-48FBDBD7CD44: set stopIndex = 0
2019-09-20 08:38:47,669 [ForkJoinPool.commonPool-worker-0] INFO  impl.StateMachineUpdater (StateMachineUpdater.java:stopAndJoin(115)) - StateMachineUpdater:4c68c9f7-fd0b-45cb-be6c-07622c529b6d:group-7673CA358757: set stopIndex = 0
2019-09-20 08:38:47,669 [Thread-1323] INFO  impl.RaftServerImpl (ServerState.java:close(394)) - 17688808-c4a5-475e-9b35-5fbd5f50591a:group-48FBDBD7CD44 closes. The last applied log index is 0
2019-09-20 08:38:47,670 [ForkJoinPool.commonPool-worker-0] INFO  impl.RaftServerImpl (ServerState.java:close(394)) - 4c68c9f7-fd0b-45cb-be6c-07622c529b6d:group-7673CA358757 closes. The last applied log index is 0
2019-09-20 08:38:47,670 [17688808-c4a5-475e-9b35-5fbd5f50591a-SegmentedRaftLogWorker:Storage Directory /workdir/hadoop-ozone/ozonefs/target/test-dir/MiniOzoneClusterImpl-91d92c25-20d7-4a60-97d2-df3786b0ca5e/datanode-1/data/ratis/b530f96a-f063-494d-a28f-48fbdbd7cd44] INFO  segmented.SegmentedRaftLogWorker (SegmentedRaftLogWorker.java:run(313)) - 17688808-c4a5-475e-9b35-5fbd5f50591a-SegmentedRaftLogWorker:Storage Directory /workdir/hadoop-ozone/ozonefs/target/test-dir/MiniOzoneClusterImpl-91d92c25-20d7-4a60-97d2-df3786b0ca5e/datanode-1/data/ratis/b530f96a-f063-494d-a28f-48fbdbd7cd44 was interrupted, exiting. There are 0 tasks remaining in the queue.
2019-09-20 08:38:47,670 [4c68c9f7-fd0b-45cb-be6c-07622c529b6d-SegmentedRaftLogWorker:Storage Directory /workdir/hadoop-ozone/ozonefs/target/test-dir/MiniOzoneClusterImpl-91d92c25-20d7-4a60-97d2-df3786b0ca5e/datanode-0/data/ratis/7ac71341-d539-4497-aed1-7673ca358757] INFO  segmented.SegmentedRaftLogWorker (SegmentedRaftLogWorker.java:run(313)) - 4c68c9f7-fd0b-45cb-be6c-07622c529b6d-SegmentedRaftLogWorker:Storage Directory /workdir/hadoop-ozone/ozonefs/target/test-dir/MiniOzoneClusterImpl-91d92c25-20d7-4a60-97d2-df3786b0ca5e/datanode-0/data/ratis/7ac71341-d539-4497-aed1-7673ca358757 was interrupted, exiting. There are 0 tasks remaining in the queue.
2019-09-20 08:38:47,670 [Thread-1323] INFO  segmented.SegmentedRaftLogWorker (SegmentedRaftLogWorker.java:close(228)) - 17688808-c4a5-475e-9b35-5fbd5f50591a-SegmentedRaftLogWorker:Storage Directory /workdir/hadoop-ozone/ozonefs/target/test-dir/MiniOzoneClusterImpl-91d92c25-20d7-4a60-97d2-df3786b0ca5e/datanode-1/data/ratis/b530f96a-f063-494d-a28f-48fbdbd7cd44 close()
2019-09-20 08:38:47,671 [ForkJoinPool.commonPool-worker-0] INFO  segmented.SegmentedRaftLogWorker (SegmentedRaftLogWorker.java:close(228)) - 4c68c9f7-fd0b-45cb-be6c-07622c529b6d-SegmentedRaftLogWorker:Storage Directory /workdir/hadoop-ozone/ozonefs/target/test-dir/MiniOzoneClusterImpl-91d92c25-20d7-4a60-97d2-df3786b0ca5e/datanode-0/data/ratis/7ac71341-d539-4497-aed1-7673ca358757 close()
2019-09-20 08:38:47,672 [Thread-1323] INFO  impl.RaftServerImpl (RaftServerImpl.java:lambda$shutdown$3(245)) - 17688808-c4a5-475e-9b35-5fbd5f50591a: shutdown group-F77CC649759C
2019-09-20 08:38:47,674 [ForkJoinPool.commonPool-worker-0] INFO  impl.RaftServerImpl (RaftServerImpl.java:lambda$shutdown$3(245)) - 4c68c9f7-fd0b-45cb-be6c-07622c529b6d: shutdown group-409BA5F17854
2019-09-20 08:38:47,674 [Thread-1323] INFO  util.JmxRegister (JmxRegister.java:unregister(73)) - Successfully un-registered JMX Bean with object name Ratis:service=RaftServer,group=group-F77CC649759C,id=17688808-c4a5-475e-9b35-5fbd5f50591a
2019-09-20 08:38:47,674 [ForkJoinPool.commonPool-worker-0] INFO  util.JmxRegister (JmxRegister.java:unregister(73)) - Successfully un-registered JMX Bean with object name Ratis:service=RaftServer,group=group-409BA5F17854,id=4c68c9f7-fd0b-45cb-be6c-07622c529b6d
2019-09-20 08:38:47,675 [Thread-1323] INFO  impl.RoleInfo (RoleInfo.java:shutdownLeaderState(104)) - 17688808-c4a5-475e-9b35-5fbd5f50591a: shutdown LeaderState
2019-09-20 08:38:47,675 [ForkJoinPool.commonPool-worker-0] INFO  impl.RoleInfo (RoleInfo.java:shutdownLeaderState(104)) - 4c68c9f7-fd0b-45cb-be6c-07622c529b6d: shutdown LeaderState
2019-09-20 08:38:47,676 [Thread-1323] INFO  impl.PendingRequests (PendingRequests.java:sendNotLeaderResponses(202)) - 17688808-c4a5-475e-9b35-5fbd5f50591a-PendingRequests: sendNotLeaderResponses
2019-09-20 08:38:47,676 [ForkJoinPool.commonPool-worker-0] INFO  impl.PendingRequests (PendingRequests.java:sendNotLeaderResponses(202)) - 4c68c9f7-fd0b-45cb-be6c-07622c529b6d-PendingRequests: sendNotLeaderResponses
2019-09-20 08:38:47,676 [Thread-1323] INFO  impl.StateMachineUpdater (StateMachineUpdater.java:stopAndJoin(115)) - StateMachineUpdater:17688808-c4a5-475e-9b35-5fbd5f50591a:group-F77CC649759C: set stopIndex = 0
2019-09-20 08:38:47,677 [ForkJoinPool.commonPool-worker-0] INFO  impl.StateMachineUpdater (StateMachineUpdater.java:stopAndJoin(115)) - StateMachineUpdater:4c68c9f7-fd0b-45cb-be6c-07622c529b6d:group-409BA5F17854: set stopIndex = 0
2019-09-20 08:38:47,677 [Thread-1323] INFO  impl.RaftServerImpl (ServerState.java:close(394)) - 17688808-c4a5-475e-9b35-5fbd5f50591a:group-F77CC649759C closes. The last applied log index is 0
2019-09-20 08:38:47,677 [ForkJoinPool.commonPool-worker-0] INFO  impl.RaftServerImpl (ServerState.java:close(394)) - 4c68c9f7-fd0b-45cb-be6c-07622c529b6d:group-409BA5F17854 closes. The last applied log index is 0
2019-09-20 08:38:47,678 [17688808-c4a5-475e-9b35-5fbd5f50591a-SegmentedRaftLogWorker:Storage Directory /workdir/hadoop-ozone/ozonefs/target/test-dir/MiniOzoneClusterImpl-91d92c25-20d7-4a60-97d2-df3786b0ca5e/datanode-1/data/ratis/00ab1e18-0e2b-4680-8c52-f77cc649759c] INFO  segmented.SegmentedRaftLogWorker (SegmentedRaftLogWorker.java:run(313)) - 17688808-c4a5-475e-9b35-5fbd5f50591a-SegmentedRaftLogWorker:Storage Directory /workdir/hadoop-ozone/ozonefs/target/test-dir/MiniOzoneClusterImpl-91d92c25-20d7-4a60-97d2-df3786b0ca5e/datanode-1/data/ratis/00ab1e18-0e2b-4680-8c52-f77cc649759c was interrupted, exiting. There are 0 tasks remaining in the queue.
2019-09-20 08:38:47,678 [4c68c9f7-fd0b-45cb-be6c-07622c529b6d-SegmentedRaftLogWorker:Storage Directory /workdir/hadoop-ozone/ozonefs/target/test-dir/MiniOzoneClusterImpl-91d92c25-20d7-4a60-97d2-df3786b0ca5e/datanode-0/data/ratis/cb3a9992-ca30-4ea1-a01f-409ba5f17854] INFO  segmented.SegmentedRaftLogWorker (SegmentedRaftLogWorker.java:run(313)) - 4c68c9f7-fd0b-45cb-be6c-07622c529b6d-SegmentedRaftLogWorker:Storage Directory /workdir/hadoop-ozone/ozonefs/target/test-dir/MiniOzoneClusterImpl-91d92c25-20d7-4a60-97d2-df3786b0ca5e/datanode-0/data/ratis/cb3a9992-ca30-4ea1-a01f-409ba5f17854 was interrupted, exiting. There are 0 tasks remaining in the queue.
2019-09-20 08:38:47,678 [Thread-1323] INFO  segmented.SegmentedRaftLogWorker (SegmentedRaftLogWorker.java:close(228)) - 17688808-c4a5-475e-9b35-5fbd5f50591a-SegmentedRaftLogWorker:Storage Directory /workdir/hadoop-ozone/ozonefs/target/test-dir/MiniOzoneClusterImpl-91d92c25-20d7-4a60-97d2-df3786b0ca5e/datanode-1/data/ratis/00ab1e18-0e2b-4680-8c52-f77cc649759c close()
2019-09-20 08:38:47,678 [ForkJoinPool.commonPool-worker-0] INFO  segmented.SegmentedRaftLogWorker (SegmentedRaftLogWorker.java:close(228)) - 4c68c9f7-fd0b-45cb-be6c-07622c529b6d-SegmentedRaftLogWorker:Storage Directory /workdir/hadoop-ozone/ozonefs/target/test-dir/MiniOzoneClusterImpl-91d92c25-20d7-4a60-97d2-df3786b0ca5e/datanode-0/data/ratis/cb3a9992-ca30-4ea1-a01f-409ba5f17854 close()
2019-09-20 08:38:47,680 [Thread-1323] INFO  impl.RaftServerImpl (RaftServerImpl.java:lambda$shutdown$3(245)) - 17688808-c4a5-475e-9b35-5fbd5f50591a: shutdown group-5317E1D13DB2
2019-09-20 08:38:47,681 [ForkJoinPool.commonPool-worker-0] INFO  impl.RaftServerImpl (RaftServerImpl.java:lambda$shutdown$3(245)) - 4c68c9f7-fd0b-45cb-be6c-07622c529b6d: shutdown group-B318365A5C26
2019-09-20 08:38:47,682 [Thread-1323] INFO  util.JmxRegister (JmxRegister.java:unregister(73)) - Successfully un-registered JMX Bean with object name Ratis:service=RaftServer,group=group-5317E1D13DB2,id=17688808-c4a5-475e-9b35-5fbd5f50591a
2019-09-20 08:38:47,682 [ForkJoinPool.commonPool-worker-0] INFO  util.JmxRegister (JmxRegister.java:unregister(73)) - Successfully un-registered JMX Bean with object name Ratis:service=RaftServer,group=group-B318365A5C26,id=4c68c9f7-fd0b-45cb-be6c-07622c529b6d
2019-09-20 08:38:47,682 [Thread-1323] INFO  impl.RoleInfo (RoleInfo.java:shutdownLeaderState(104)) - 17688808-c4a5-475e-9b35-5fbd5f50591a: shutdown LeaderState
2019-09-20 08:38:47,683 [ForkJoinPool.commonPool-worker-0] INFO  impl.RoleInfo (RoleInfo.java:shutdownLeaderState(104)) - 4c68c9f7-fd0b-45cb-be6c-07622c529b6d: shutdown LeaderState
2019-09-20 08:38:47,683 [Thread-1323] INFO  impl.PendingRequests (PendingRequests.java:sendNotLeaderResponses(202)) - 17688808-c4a5-475e-9b35-5fbd5f50591a-PendingRequests: sendNotLeaderResponses
2019-09-20 08:38:47,683 [ForkJoinPool.commonPool-worker-0] INFO  impl.PendingRequests (PendingRequests.java:sendNotLeaderResponses(202)) - 4c68c9f7-fd0b-45cb-be6c-07622c529b6d-PendingRequests: sendNotLeaderResponses
2019-09-20 08:38:47,683 [Thread-1323] INFO  impl.StateMachineUpdater (StateMachineUpdater.java:stopAndJoin(115)) - StateMachineUpdater:17688808-c4a5-475e-9b35-5fbd5f50591a:group-5317E1D13DB2: set stopIndex = 0
2019-09-20 08:38:47,684 [ForkJoinPool.commonPool-worker-0] INFO  impl.StateMachineUpdater (StateMachineUpdater.java:stopAndJoin(115)) - StateMachineUpdater:4c68c9f7-fd0b-45cb-be6c-07622c529b6d:group-B318365A5C26: set stopIndex = 0
2019-09-20 08:38:47,684 [Thread-1323] INFO  impl.RaftServerImpl (ServerState.java:close(394)) - 17688808-c4a5-475e-9b35-5fbd5f50591a:group-5317E1D13DB2 closes. The last applied log index is 0
2019-09-20 08:38:47,684 [ForkJoinPool.commonPool-worker-0] INFO  impl.RaftServerImpl (ServerState.java:close(394)) - 4c68c9f7-fd0b-45cb-be6c-07622c529b6d:group-B318365A5C26 closes. The last applied log index is 0
2019-09-20 08:38:47,684 [17688808-c4a5-475e-9b35-5fbd5f50591a-SegmentedRaftLogWorker:Storage Directory /workdir/hadoop-ozone/ozonefs/target/test-dir/MiniOzoneClusterImpl-91d92c25-20d7-4a60-97d2-df3786b0ca5e/datanode-1/data/ratis/e80992de-f227-4f72-aa9e-5317e1d13db2] INFO  segmented.SegmentedRaftLogWorker (SegmentedRaftLogWorker.java:run(313)) - 17688808-c4a5-475e-9b35-5fbd5f50591a-SegmentedRaftLogWorker:Storage Directory /workdir/hadoop-ozone/ozonefs/target/test-dir/MiniOzoneClusterImpl-91d92c25-20d7-4a60-97d2-df3786b0ca5e/datanode-1/data/ratis/e80992de-f227-4f72-aa9e-5317e1d13db2 was interrupted, exiting. There are 0 tasks remaining in the queue.
2019-09-20 08:38:47,685 [4c68c9f7-fd0b-45cb-be6c-07622c529b6d-SegmentedRaftLogWorker:Storage Directory /workdir/hadoop-ozone/ozonefs/target/test-dir/MiniOzoneClusterImpl-91d92c25-20d7-4a60-97d2-df3786b0ca5e/datanode-0/data/ratis/75b541a4-15f0-434f-9252-b318365a5c26] INFO  segmented.SegmentedRaftLogWorker (SegmentedRaftLogWorker.java:run(313)) - 4c68c9f7-fd0b-45cb-be6c-07622c529b6d-SegmentedRaftLogWorker:Storage Directory /workdir/hadoop-ozone/ozonefs/target/test-dir/MiniOzoneClusterImpl-91d92c25-20d7-4a60-97d2-df3786b0ca5e/datanode-0/data/ratis/75b541a4-15f0-434f-9252-b318365a5c26 was interrupted, exiting. There are 0 tasks remaining in the queue.
2019-09-20 08:38:47,685 [Thread-1323] INFO  segmented.SegmentedRaftLogWorker (SegmentedRaftLogWorker.java:close(228)) - 17688808-c4a5-475e-9b35-5fbd5f50591a-SegmentedRaftLogWorker:Storage Directory /workdir/hadoop-ozone/ozonefs/target/test-dir/MiniOzoneClusterImpl-91d92c25-20d7-4a60-97d2-df3786b0ca5e/datanode-1/data/ratis/e80992de-f227-4f72-aa9e-5317e1d13db2 close()
2019-09-20 08:38:47,685 [ForkJoinPool.commonPool-worker-0] INFO  segmented.SegmentedRaftLogWorker (SegmentedRaftLogWorker.java:close(228)) - 4c68c9f7-fd0b-45cb-be6c-07622c529b6d-SegmentedRaftLogWorker:Storage Directory /workdir/hadoop-ozone/ozonefs/target/test-dir/MiniOzoneClusterImpl-91d92c25-20d7-4a60-97d2-df3786b0ca5e/datanode-0/data/ratis/75b541a4-15f0-434f-9252-b318365a5c26 close()
2019-09-20 08:38:47,687 [Thread-1323] INFO  impl.RaftServerImpl (RaftServerImpl.java:lambda$shutdown$3(245)) - 17688808-c4a5-475e-9b35-5fbd5f50591a: shutdown group-CE446C77B429
2019-09-20 08:38:47,688 [ForkJoinPool.commonPool-worker-0] INFO  impl.RaftServerImpl (RaftServerImpl.java:lambda$shutdown$3(245)) - 4c68c9f7-fd0b-45cb-be6c-07622c529b6d: shutdown group-D1F18BED0C6C
2019-09-20 08:38:47,688 [Thread-1323] INFO  util.JmxRegister (JmxRegister.java:unregister(73)) - Successfully un-registered JMX Bean with object name Ratis:service=RaftServer,group=group-CE446C77B429,id=17688808-c4a5-475e-9b35-5fbd5f50591a
2019-09-20 08:38:47,688 [ForkJoinPool.commonPool-worker-0] INFO  util.JmxRegister (JmxRegister.java:unregister(73)) - Successfully un-registered JMX Bean with object name Ratis:service=RaftServer,group=group-D1F18BED0C6C,id=4c68c9f7-fd0b-45cb-be6c-07622c529b6d
2019-09-20 08:38:47,689 [Thread-1323] INFO  impl.RoleInfo (RoleInfo.java:shutdownLeaderState(104)) - 17688808-c4a5-475e-9b35-5fbd5f50591a: shutdown LeaderState
2019-09-20 08:38:47,689 [ForkJoinPool.commonPool-worker-0] INFO  impl.RoleInfo (RoleInfo.java:shutdownLeaderState(104)) - 4c68c9f7-fd0b-45cb-be6c-07622c529b6d: shutdown LeaderState
2019-09-20 08:38:47,689 [Thread-1323] INFO  impl.PendingRequests (PendingRequests.java:sendNotLeaderResponses(202)) - 17688808-c4a5-475e-9b35-5fbd5f50591a-PendingRequests: sendNotLeaderResponses
2019-09-20 08:38:47,689 [ForkJoinPool.commonPool-worker-0] INFO  impl.PendingRequests (PendingRequests.java:sendNotLeaderResponses(202)) - 4c68c9f7-fd0b-45cb-be6c-07622c529b6d-PendingRequests: sendNotLeaderResponses
2019-09-20 08:38:47,690 [Thread-1323] INFO  impl.StateMachineUpdater (StateMachineUpdater.java:stopAndJoin(115)) - StateMachineUpdater:17688808-c4a5-475e-9b35-5fbd5f50591a:group-CE446C77B429: set stopIndex = 0
2019-09-20 08:38:47,690 [ForkJoinPool.commonPool-worker-0] INFO  impl.StateMachineUpdater (StateMachineUpdater.java:stopAndJoin(115)) - StateMachineUpdater:4c68c9f7-fd0b-45cb-be6c-07622c529b6d:group-D1F18BED0C6C: set stopIndex = 0
2019-09-20 08:38:47,690 [Thread-1323] INFO  impl.RaftServerImpl (ServerState.java:close(394)) - 17688808-c4a5-475e-9b35-5fbd5f50591a:group-CE446C77B429 closes. The last applied log index is 0
2019-09-20 08:38:47,690 [ForkJoinPool.commonPool-worker-0] INFO  impl.RaftServerImpl (ServerState.java:close(394)) - 4c68c9f7-fd0b-45cb-be6c-07622c529b6d:group-D1F18BED0C6C closes. The last applied log index is 0
2019-09-20 08:38:47,691 [17688808-c4a5-475e-9b35-5fbd5f50591a-SegmentedRaftLogWorker:Storage Directory /workdir/hadoop-ozone/ozonefs/target/test-dir/MiniOzoneClusterImpl-91d92c25-20d7-4a60-97d2-df3786b0ca5e/datanode-1/data/ratis/372e9edd-0ba3-47b4-b465-ce446c77b429] INFO  segmented.SegmentedRaftLogWorker (SegmentedRaftLogWorker.java:run(313)) - 17688808-c4a5-475e-9b35-5fbd5f50591a-SegmentedRaftLogWorker:Storage Directory /workdir/hadoop-ozone/ozonefs/target/test-dir/MiniOzoneClusterImpl-91d92c25-20d7-4a60-97d2-df3786b0ca5e/datanode-1/data/ratis/372e9edd-0ba3-47b4-b465-ce446c77b429 was interrupted, exiting. There are 0 tasks remaining in the queue.
2019-09-20 08:38:47,691 [4c68c9f7-fd0b-45cb-be6c-07622c529b6d-SegmentedRaftLogWorker:Storage Directory /workdir/hadoop-ozone/ozonefs/target/test-dir/MiniOzoneClusterImpl-91d92c25-20d7-4a60-97d2-df3786b0ca5e/datanode-0/data/ratis/28d4ed47-5cb4-4e5f-a744-d1f18bed0c6c] INFO  segmented.SegmentedRaftLogWorker (SegmentedRaftLogWorker.java:run(313)) - 4c68c9f7-fd0b-45cb-be6c-07622c529b6d-SegmentedRaftLogWorker:Storage Directory /workdir/hadoop-ozone/ozonefs/target/test-dir/MiniOzoneClusterImpl-91d92c25-20d7-4a60-97d2-df3786b0ca5e/datanode-0/data/ratis/28d4ed47-5cb4-4e5f-a744-d1f18bed0c6c was interrupted, exiting. There are 0 tasks remaining in the queue.
2019-09-20 08:38:47,691 [Thread-1323] INFO  segmented.SegmentedRaftLogWorker (SegmentedRaftLogWorker.java:close(228)) - 17688808-c4a5-475e-9b35-5fbd5f50591a-SegmentedRaftLogWorker:Storage Directory /workdir/hadoop-ozone/ozonefs/target/test-dir/MiniOzoneClusterImpl-91d92c25-20d7-4a60-97d2-df3786b0ca5e/datanode-1/data/ratis/372e9edd-0ba3-47b4-b465-ce446c77b429 close()
2019-09-20 08:38:47,691 [ForkJoinPool.commonPool-worker-0] INFO  segmented.SegmentedRaftLogWorker (SegmentedRaftLogWorker.java:close(228)) - 4c68c9f7-fd0b-45cb-be6c-07622c529b6d-SegmentedRaftLogWorker:Storage Directory /workdir/hadoop-ozone/ozonefs/target/test-dir/MiniOzoneClusterImpl-91d92c25-20d7-4a60-97d2-df3786b0ca5e/datanode-0/data/ratis/28d4ed47-5cb4-4e5f-a744-d1f18bed0c6c close()
2019-09-20 08:38:47,693 [Thread-1323] INFO  impl.RaftServerImpl (RaftServerImpl.java:lambda$shutdown$3(245)) - 17688808-c4a5-475e-9b35-5fbd5f50591a: shutdown group-053C4BF48A8E
2019-09-20 08:38:47,694 [ForkJoinPool.commonPool-worker-0] INFO  impl.RaftServerImpl (RaftServerImpl.java:lambda$shutdown$3(245)) - 4c68c9f7-fd0b-45cb-be6c-07622c529b6d: shutdown group-1AD41A5494B6
2019-09-20 08:38:47,694 [Thread-1323] INFO  util.JmxRegister (JmxRegister.java:unregister(73)) - Successfully un-registered JMX Bean with object name Ratis:service=RaftServer,group=group-053C4BF48A8E,id=17688808-c4a5-475e-9b35-5fbd5f50591a
2019-09-20 08:38:47,695 [Thread-1323] INFO  impl.RoleInfo (RoleInfo.java:shutdownLeaderState(104)) - 17688808-c4a5-475e-9b35-5fbd5f50591a: shutdown LeaderState
2019-09-20 08:38:47,694 [ForkJoinPool.commonPool-worker-0] INFO  util.JmxRegister (JmxRegister.java:unregister(73)) - Successfully un-registered JMX Bean with object name Ratis:service=RaftServer,group=group-1AD41A5494B6,id=4c68c9f7-fd0b-45cb-be6c-07622c529b6d
2019-09-20 08:38:47,695 [Thread-1323] INFO  impl.PendingRequests (PendingRequests.java:sendNotLeaderResponses(202)) - 17688808-c4a5-475e-9b35-5fbd5f50591a-PendingRequests: sendNotLeaderResponses
2019-09-20 08:38:47,695 [ForkJoinPool.commonPool-worker-0] INFO  impl.RoleInfo (RoleInfo.java:shutdownLeaderState(104)) - 4c68c9f7-fd0b-45cb-be6c-07622c529b6d: shutdown LeaderState
2019-09-20 08:38:47,695 [Thread-1323] INFO  impl.StateMachineUpdater (StateMachineUpdater.java:stopAndJoin(115)) - StateMachineUpdater:17688808-c4a5-475e-9b35-5fbd5f50591a:group-053C4BF48A8E: set stopIndex = 0
2019-09-20 08:38:47,696 [ForkJoinPool.commonPool-worker-0] INFO  impl.PendingRequests (PendingRequests.java:sendNotLeaderResponses(202)) - 4c68c9f7-fd0b-45cb-be6c-07622c529b6d-PendingRequests: sendNotLeaderResponses
2019-09-20 08:38:47,696 [Thread-1323] INFO  impl.RaftServerImpl (ServerState.java:close(394)) - 17688808-c4a5-475e-9b35-5fbd5f50591a:group-053C4BF48A8E closes. The last applied log index is 0
2019-09-20 08:38:47,696 [ForkJoinPool.commonPool-worker-0] INFO  impl.StateMachineUpdater (StateMachineUpdater.java:stopAndJoin(115)) - StateMachineUpdater:4c68c9f7-fd0b-45cb-be6c-07622c529b6d:group-1AD41A5494B6: set stopIndex = 0
2019-09-20 08:38:47,697 [17688808-c4a5-475e-9b35-5fbd5f50591a-SegmentedRaftLogWorker:Storage Directory /workdir/hadoop-ozone/ozonefs/target/test-dir/MiniOzoneClusterImpl-91d92c25-20d7-4a60-97d2-df3786b0ca5e/datanode-1/data/ratis/2c8553cf-6a6b-449e-aef5-053c4bf48a8e] INFO  segmented.SegmentedRaftLogWorker (SegmentedRaftLogWorker.java:run(313)) - 17688808-c4a5-475e-9b35-5fbd5f50591a-SegmentedRaftLogWorker:Storage Directory /workdir/hadoop-ozone/ozonefs/target/test-dir/MiniOzoneClusterImpl-91d92c25-20d7-4a60-97d2-df3786b0ca5e/datanode-1/data/ratis/2c8553cf-6a6b-449e-aef5-053c4bf48a8e was interrupted, exiting. There are 0 tasks remaining in the queue.
2019-09-20 08:38:47,697 [ForkJoinPool.commonPool-worker-0] INFO  impl.RaftServerImpl (ServerState.java:close(394)) - 4c68c9f7-fd0b-45cb-be6c-07622c529b6d:group-1AD41A5494B6 closes. The last applied log index is 0
2019-09-20 08:38:47,697 [Thread-1323] INFO  segmented.SegmentedRaftLogWorker (SegmentedRaftLogWorker.java:close(228)) - 17688808-c4a5-475e-9b35-5fbd5f50591a-SegmentedRaftLogWorker:Storage Directory /workdir/hadoop-ozone/ozonefs/target/test-dir/MiniOzoneClusterImpl-91d92c25-20d7-4a60-97d2-df3786b0ca5e/datanode-1/data/ratis/2c8553cf-6a6b-449e-aef5-053c4bf48a8e close()
2019-09-20 08:38:47,697 [4c68c9f7-fd0b-45cb-be6c-07622c529b6d-SegmentedRaftLogWorker:Storage Directory /workdir/hadoop-ozone/ozonefs/target/test-dir/MiniOzoneClusterImpl-91d92c25-20d7-4a60-97d2-df3786b0ca5e/datanode-0/data/ratis/924b4a90-99f7-4a4b-91ec-1ad41a5494b6] INFO  segmented.SegmentedRaftLogWorker (SegmentedRaftLogWorker.java:run(313)) - 4c68c9f7-fd0b-45cb-be6c-07622c529b6d-SegmentedRaftLogWorker:Storage Directory /workdir/hadoop-ozone/ozonefs/target/test-dir/MiniOzoneClusterImpl-91d92c25-20d7-4a60-97d2-df3786b0ca5e/datanode-0/data/ratis/924b4a90-99f7-4a4b-91ec-1ad41a5494b6 was interrupted, exiting. There are 0 tasks remaining in the queue.
2019-09-20 08:38:47,698 [Thread-1323] INFO  server.GrpcService (GrpcService.java:closeImpl(155)) - 17688808-c4a5-475e-9b35-5fbd5f50591a: shutdown server with port 42065 now
2019-09-20 08:38:47,698 [ForkJoinPool.commonPool-worker-0] INFO  segmented.SegmentedRaftLogWorker (SegmentedRaftLogWorker.java:close(228)) - 4c68c9f7-fd0b-45cb-be6c-07622c529b6d-SegmentedRaftLogWorker:Storage Directory /workdir/hadoop-ozone/ozonefs/target/test-dir/MiniOzoneClusterImpl-91d92c25-20d7-4a60-97d2-df3786b0ca5e/datanode-0/data/ratis/924b4a90-99f7-4a4b-91ec-1ad41a5494b6 close()
2019-09-20 08:38:47,700 [ForkJoinPool.commonPool-worker-0] INFO  server.GrpcService (GrpcService.java:closeImpl(155)) - 4c68c9f7-fd0b-45cb-be6c-07622c529b6d: shutdown server with port 33530 now
2019-09-20 08:38:47,700 [Thread-1323] INFO  server.GrpcService (GrpcService.java:closeImpl(163)) - 17688808-c4a5-475e-9b35-5fbd5f50591a: shutdown server with port 42065 successfully
2019-09-20 08:38:47,701 [ForkJoinPool.commonPool-worker-0] INFO  server.GrpcService (GrpcService.java:closeImpl(163)) - 4c68c9f7-fd0b-45cb-be6c-07622c529b6d: shutdown server with port 33530 successfully
2019-09-20 08:38:47,703 [ForkJoinPool.commonPool-worker-0] INFO  utils.BackgroundService (BackgroundService.java:shutdown(148)) - Shutting down service BlockDeletingService
2019-09-20 08:38:47,705 [Thread-1323] INFO  utils.BackgroundService (BackgroundService.java:shutdown(148)) - Shutting down service BlockDeletingService
2019-09-20 08:38:47,708 [refreshUsed-/workdir/hadoop-ozone/ozonefs/target/test-dir/MiniOzoneClusterImpl-91d92c25-20d7-4a60-97d2-df3786b0ca5e/datanode-0/data/containers] WARN  fs.CachingGetSpaceUsed (CachingGetSpaceUsed.java:run(183)) - Thread Interrupted waiting to refresh disk information: sleep interrupted
2019-09-20 08:38:47,709 [refreshUsed-/workdir/hadoop-ozone/ozonefs/target/test-dir/MiniOzoneClusterImpl-91d92c25-20d7-4a60-97d2-df3786b0ca5e/datanode-1/data/containers] WARN  fs.CachingGetSpaceUsed (CachingGetSpaceUsed.java:run(183)) - Thread Interrupted waiting to refresh disk information: sleep interrupted
2019-09-20 08:38:47,733 [Thread-1323] INFO  statemachine.DatanodeStateMachine (DatanodeStateMachine.java:stopDaemon(395)) - Ozone container server stopped.
2019-09-20 08:38:47,734 [ForkJoinPool.commonPool-worker-0] INFO  statemachine.DatanodeStateMachine (DatanodeStateMachine.java:stopDaemon(395)) - Ozone container server stopped.
2019-09-20 08:38:47,736 [Thread-1323] INFO  handler.ContextHandler (ContextHandler.java:doStop(910)) - Stopped o.e.j.w.WebAppContext@5c61ef1d{/,null,UNAVAILABLE}{/hddsDatanode}
2019-09-20 08:38:47,737 [ForkJoinPool.commonPool-worker-0] INFO  handler.ContextHandler (ContextHandler.java:doStop(910)) - Stopped o.e.j.w.WebAppContext@17040f91{/,null,UNAVAILABLE}{/hddsDatanode}
2019-09-20 08:38:47,737 [ForkJoinPool.commonPool-worker-0] INFO  server.AbstractConnector (AbstractConnector.java:doStop(318)) - Stopped ServerConnector@553cc6aa{HTTP/1.1,[http/1.1]}{0.0.0.0:0}
2019-09-20 08:38:47,737 [Thread-1323] INFO  server.AbstractConnector (AbstractConnector.java:doStop(318)) - Stopped ServerConnector@204133f0{HTTP/1.1,[http/1.1]}{0.0.0.0:0}
2019-09-20 08:38:47,738 [ForkJoinPool.commonPool-worker-0] INFO  handler.ContextHandler (ContextHandler.java:doStop(910)) - Stopped o.e.j.s.ServletContextHandler@5450a7ef{/static,jar:file:/home/user/.m2/repository/org/apache/hadoop/hadoop-hdds-container-service/0.5.0-SNAPSHOT/hadoop-hdds-container-service-0.5.0-SNAPSHOT.jar!/webapps/static,UNAVAILABLE}
2019-09-20 08:38:47,738 [Thread-1323] INFO  handler.ContextHandler (ContextHandler.java:doStop(910)) - Stopped o.e.j.s.ServletContextHandler@16a0329f{/static,jar:file:/home/user/.m2/repository/org/apache/hadoop/hadoop-hdds-container-service/0.5.0-SNAPSHOT/hadoop-hdds-container-service-0.5.0-SNAPSHOT.jar!/webapps/static,UNAVAILABLE}
2019-09-20 08:38:47,739 [ForkJoinPool.commonPool-worker-0] INFO  handler.ContextHandler (ContextHandler.java:doStop(910)) - Stopped o.e.j.s.ServletContextHandler@e1a321{/logs,file:///workdir/hadoop-ozone/ozonefs/target/log,UNAVAILABLE}
2019-09-20 08:38:47,739 [Thread-1323] INFO  handler.ContextHandler (ContextHandler.java:doStop(910)) - Stopped o.e.j.s.ServletContextHandler@3cde5e08{/logs,file:///workdir/hadoop-ozone/ozonefs/target/log,UNAVAILABLE}
2019-09-20 08:38:47,740 [ForkJoinPool.commonPool-worker-0] INFO  datanode.ObjectStoreHandler (ObjectStoreHandler.java:close(155)) - Closing ObjectStoreHandler.
2019-09-20 08:38:47,741 [ForkJoinPool.commonPool-worker-0] INFO  ozone.HddsDatanodeService (HddsDatanodeService.java:stop(451)) - Stopped plug-in org.apache.hadoop.ozone.web.OzoneHddsDatanodeService@78b12036
2019-09-20 08:38:48,424 [Datanode State Machine Thread - 0] INFO  statemachine.DatanodeStateMachine (DatanodeStateMachine.java:lambda$startDaemon$0(350)) - Ozone container server started.
2019-09-20 08:38:52,742 [ForkJoinPool.commonPool-worker-0] INFO  ozoneimpl.OzoneContainer (OzoneContainer.java:stop(199)) - Attempting to stop container services.
2019-09-20 08:38:52,742 [ForkJoinPool.commonPool-worker-0] INFO  impl.RaftServerProxy (RaftServerProxy.java:lambda$close$4(314)) - 94e01da5-69fc-47f8-9cb6-206c4d0ff2c1: close
2019-09-20 08:38:52,742 [ForkJoinPool.commonPool-worker-0] INFO  impl.RaftServerImpl (RaftServerImpl.java:lambda$shutdown$3(245)) - 94e01da5-69fc-47f8-9cb6-206c4d0ff2c1: shutdown group-1D8CC8646F84
2019-09-20 08:38:52,743 [ForkJoinPool.commonPool-worker-0] INFO  util.JmxRegister (JmxRegister.java:unregister(73)) - Successfully un-registered JMX Bean with object name Ratis:service=RaftServer,group=group-1D8CC8646F84,id=94e01da5-69fc-47f8-9cb6-206c4d0ff2c1
2019-09-20 08:38:52,743 [ForkJoinPool.commonPool-worker-0] INFO  impl.RoleInfo (RoleInfo.java:shutdownLeaderState(104)) - 94e01da5-69fc-47f8-9cb6-206c4d0ff2c1: shutdown LeaderState
2019-09-20 08:38:52,743 [ForkJoinPool.commonPool-worker-0] INFO  impl.PendingRequests (PendingRequests.java:sendNotLeaderResponses(202)) - 94e01da5-69fc-47f8-9cb6-206c4d0ff2c1-PendingRequests: sendNotLeaderResponses
2019-09-20 08:38:52,744 [ForkJoinPool.commonPool-worker-0] INFO  impl.StateMachineUpdater (StateMachineUpdater.java:stopAndJoin(115)) - StateMachineUpdater:94e01da5-69fc-47f8-9cb6-206c4d0ff2c1:group-1D8CC8646F84: set stopIndex = 0
2019-09-20 08:38:52,744 [ForkJoinPool.commonPool-worker-0] INFO  impl.RaftServerImpl (ServerState.java:close(394)) - 94e01da5-69fc-47f8-9cb6-206c4d0ff2c1:group-1D8CC8646F84 closes. The last applied log index is 0
2019-09-20 08:38:52,930 [94e01da5-69fc-47f8-9cb6-206c4d0ff2c1-SegmentedRaftLogWorker:Storage Directory /workdir/hadoop-ozone/ozonefs/target/test-dir/MiniOzoneClusterImpl-91d92c25-20d7-4a60-97d2-df3786b0ca5e/datanode-2/data/ratis/3aa16bf9-e0a9-4866-b68f-1d8cc8646f84] INFO  segmented.SegmentedRaftLogWorker (SegmentedRaftLogWorker.java:run(313)) - 94e01da5-69fc-47f8-9cb6-206c4d0ff2c1-SegmentedRaftLogWorker:Storage Directory /workdir/hadoop-ozone/ozonefs/target/test-dir/MiniOzoneClusterImpl-91d92c25-20d7-4a60-97d2-df3786b0ca5e/datanode-2/data/ratis/3aa16bf9-e0a9-4866-b68f-1d8cc8646f84 was interrupted, exiting. There are 0 tasks remaining in the queue.
2019-09-20 08:38:52,951 [ForkJoinPool.commonPool-worker-0] INFO  segmented.SegmentedRaftLogWorker (SegmentedRaftLogWorker.java:close(228)) - 94e01da5-69fc-47f8-9cb6-206c4d0ff2c1-SegmentedRaftLogWorker:Storage Directory /workdir/hadoop-ozone/ozonefs/target/test-dir/MiniOzoneClusterImpl-91d92c25-20d7-4a60-97d2-df3786b0ca5e/datanode-2/data/ratis/3aa16bf9-e0a9-4866-b68f-1d8cc8646f84 close()
2019-09-20 08:38:52,963 [ForkJoinPool.commonPool-worker-0] INFO  impl.RaftServerImpl (RaftServerImpl.java:lambda$shutdown$3(245)) - 94e01da5-69fc-47f8-9cb6-206c4d0ff2c1: shutdown group-90044CC6D6CF
2019-09-20 08:38:52,966 [ForkJoinPool.commonPool-worker-0] INFO  util.JmxRegister (JmxRegister.java:unregister(73)) - Successfully un-registered JMX Bean with object name Ratis:service=RaftServer,group=group-90044CC6D6CF,id=94e01da5-69fc-47f8-9cb6-206c4d0ff2c1
2019-09-20 08:38:52,970 [ForkJoinPool.commonPool-worker-0] INFO  impl.RoleInfo (RoleInfo.java:shutdownLeaderState(104)) - 94e01da5-69fc-47f8-9cb6-206c4d0ff2c1: shutdown LeaderState
2019-09-20 08:38:52,970 [ForkJoinPool.commonPool-worker-0] INFO  impl.PendingRequests (PendingRequests.java:sendNotLeaderResponses(202)) - 94e01da5-69fc-47f8-9cb6-206c4d0ff2c1-PendingRequests: sendNotLeaderResponses
2019-09-20 08:38:52,970 [ForkJoinPool.commonPool-worker-0] INFO  impl.StateMachineUpdater (StateMachineUpdater.java:stopAndJoin(115)) - StateMachineUpdater:94e01da5-69fc-47f8-9cb6-206c4d0ff2c1:group-90044CC6D6CF: set stopIndex = 0
2019-09-20 08:38:52,971 [ForkJoinPool.commonPool-worker-0] INFO  impl.RaftServerImpl (ServerState.java:close(394)) - 94e01da5-69fc-47f8-9cb6-206c4d0ff2c1:group-90044CC6D6CF closes. The last applied log index is 0
2019-09-20 08:38:52,971 [94e01da5-69fc-47f8-9cb6-206c4d0ff2c1-SegmentedRaftLogWorker:Storage Directory /workdir/hadoop-ozone/ozonefs/target/test-dir/MiniOzoneClusterImpl-91d92c25-20d7-4a60-97d2-df3786b0ca5e/datanode-2/data/ratis/8fe8596b-af2f-4c79-87ec-90044cc6d6cf] INFO  segmented.SegmentedRaftLogWorker (SegmentedRaftLogWorker.java:run(313)) - 94e01da5-69fc-47f8-9cb6-206c4d0ff2c1-SegmentedRaftLogWorker:Storage Directory /workdir/hadoop-ozone/ozonefs/target/test-dir/MiniOzoneClusterImpl-91d92c25-20d7-4a60-97d2-df3786b0ca5e/datanode-2/data/ratis/8fe8596b-af2f-4c79-87ec-90044cc6d6cf was interrupted, exiting. There are 0 tasks remaining in the queue.
2019-09-20 08:38:52,971 [ForkJoinPool.commonPool-worker-0] INFO  segmented.SegmentedRaftLogWorker (SegmentedRaftLogWorker.java:close(228)) - 94e01da5-69fc-47f8-9cb6-206c4d0ff2c1-SegmentedRaftLogWorker:Storage Directory /workdir/hadoop-ozone/ozonefs/target/test-dir/MiniOzoneClusterImpl-91d92c25-20d7-4a60-97d2-df3786b0ca5e/datanode-2/data/ratis/8fe8596b-af2f-4c79-87ec-90044cc6d6cf close()
2019-09-20 08:38:52,973 [ForkJoinPool.commonPool-worker-0] INFO  impl.RaftServerImpl (RaftServerImpl.java:lambda$shutdown$3(245)) - 94e01da5-69fc-47f8-9cb6-206c4d0ff2c1: shutdown group-776AE63BB804
2019-09-20 08:38:52,973 [ForkJoinPool.commonPool-worker-0] INFO  util.JmxRegister (JmxRegister.java:unregister(73)) - Successfully un-registered JMX Bean with object name Ratis:service=RaftServer,group=group-776AE63BB804,id=94e01da5-69fc-47f8-9cb6-206c4d0ff2c1
2019-09-20 08:38:52,973 [ForkJoinPool.commonPool-worker-0] INFO  impl.RoleInfo (RoleInfo.java:shutdownLeaderState(104)) - 94e01da5-69fc-47f8-9cb6-206c4d0ff2c1: shutdown LeaderState
2019-09-20 08:38:52,974 [ForkJoinPool.commonPool-worker-0] INFO  impl.PendingRequests (PendingRequests.java:sendNotLeaderResponses(202)) - 94e01da5-69fc-47f8-9cb6-206c4d0ff2c1-PendingRequests: sendNotLeaderResponses
2019-09-20 08:38:52,974 [ForkJoinPool.commonPool-worker-0] INFO  impl.StateMachineUpdater (StateMachineUpdater.java:stopAndJoin(115)) - StateMachineUpdater:94e01da5-69fc-47f8-9cb6-206c4d0ff2c1:group-776AE63BB804: set stopIndex = 0
2019-09-20 08:38:52,974 [ForkJoinPool.commonPool-worker-0] INFO  impl.RaftServerImpl (ServerState.java:close(394)) - 94e01da5-69fc-47f8-9cb6-206c4d0ff2c1:group-776AE63BB804 closes. The last applied log index is 0
2019-09-20 08:38:52,975 [94e01da5-69fc-47f8-9cb6-206c4d0ff2c1-SegmentedRaftLogWorker:Storage Directory /workdir/hadoop-ozone/ozonefs/target/test-dir/MiniOzoneClusterImpl-91d92c25-20d7-4a60-97d2-df3786b0ca5e/datanode-2/data/ratis/826241be-b085-4bcf-b8d5-776ae63bb804] INFO  segmented.SegmentedRaftLogWorker (SegmentedRaftLogWorker.java:run(313)) - 94e01da5-69fc-47f8-9cb6-206c4d0ff2c1-SegmentedRaftLogWorker:Storage Directory /workdir/hadoop-ozone/ozonefs/target/test-dir/MiniOzoneClusterImpl-91d92c25-20d7-4a60-97d2-df3786b0ca5e/datanode-2/data/ratis/826241be-b085-4bcf-b8d5-776ae63bb804 was interrupted, exiting. There are 0 tasks remaining in the queue.
2019-09-20 08:38:52,975 [ForkJoinPool.commonPool-worker-0] INFO  segmented.SegmentedRaftLogWorker (SegmentedRaftLogWorker.java:close(228)) - 94e01da5-69fc-47f8-9cb6-206c4d0ff2c1-SegmentedRaftLogWorker:Storage Directory /workdir/hadoop-ozone/ozonefs/target/test-dir/MiniOzoneClusterImpl-91d92c25-20d7-4a60-97d2-df3786b0ca5e/datanode-2/data/ratis/826241be-b085-4bcf-b8d5-776ae63bb804 close()
2019-09-20 08:38:52,976 [ForkJoinPool.commonPool-worker-0] INFO  impl.RaftServerImpl (RaftServerImpl.java:lambda$shutdown$3(245)) - 94e01da5-69fc-47f8-9cb6-206c4d0ff2c1: shutdown group-F1ABDE923CCB
2019-09-20 08:38:52,976 [ForkJoinPool.commonPool-worker-0] INFO  util.JmxRegister (JmxRegister.java:unregister(73)) - Successfully un-registered JMX Bean with object name Ratis:service=RaftServer,group=group-F1ABDE923CCB,id=94e01da5-69fc-47f8-9cb6-206c4d0ff2c1
2019-09-20 08:38:52,976 [ForkJoinPool.commonPool-worker-0] INFO  impl.RoleInfo (RoleInfo.java:shutdownLeaderState(104)) - 94e01da5-69fc-47f8-9cb6-206c4d0ff2c1: shutdown LeaderState
2019-09-20 08:38:52,977 [ForkJoinPool.commonPool-worker-0] INFO  impl.PendingRequests (PendingRequests.java:sendNotLeaderResponses(202)) - 94e01da5-69fc-47f8-9cb6-206c4d0ff2c1-PendingRequests: sendNotLeaderResponses
2019-09-20 08:38:52,977 [ForkJoinPool.commonPool-worker-0] INFO  impl.StateMachineUpdater (StateMachineUpdater.java:stopAndJoin(115)) - StateMachineUpdater:94e01da5-69fc-47f8-9cb6-206c4d0ff2c1:group-F1ABDE923CCB: set stopIndex = 0
2019-09-20 08:38:52,977 [ForkJoinPool.commonPool-worker-0] INFO  impl.RaftServerImpl (ServerState.java:close(394)) - 94e01da5-69fc-47f8-9cb6-206c4d0ff2c1:group-F1ABDE923CCB closes. The last applied log index is 0
2019-09-20 08:38:52,977 [94e01da5-69fc-47f8-9cb6-206c4d0ff2c1-SegmentedRaftLogWorker:Storage Directory /workdir/hadoop-ozone/ozonefs/target/test-dir/MiniOzoneClusterImpl-91d92c25-20d7-4a60-97d2-df3786b0ca5e/datanode-2/data/ratis/883f2871-ef41-4eb2-9b37-f1abde923ccb] INFO  segmented.SegmentedRaftLogWorker (SegmentedRaftLogWorker.java:run(313)) - 94e01da5-69fc-47f8-9cb6-206c4d0ff2c1-SegmentedRaftLogWorker:Storage Directory /workdir/hadoop-ozone/ozonefs/target/test-dir/MiniOzoneClusterImpl-91d92c25-20d7-4a60-97d2-df3786b0ca5e/datanode-2/data/ratis/883f2871-ef41-4eb2-9b37-f1abde923ccb was interrupted, exiting. There are 0 tasks remaining in the queue.
2019-09-20 08:38:52,977 [ForkJoinPool.commonPool-worker-0] INFO  segmented.SegmentedRaftLogWorker (SegmentedRaftLogWorker.java:close(228)) - 94e01da5-69fc-47f8-9cb6-206c4d0ff2c1-SegmentedRaftLogWorker:Storage Directory /workdir/hadoop-ozone/ozonefs/target/test-dir/MiniOzoneClusterImpl-91d92c25-20d7-4a60-97d2-df3786b0ca5e/datanode-2/data/ratis/883f2871-ef41-4eb2-9b37-f1abde923ccb close()
2019-09-20 08:38:52,979 [ForkJoinPool.commonPool-worker-0] INFO  impl.RaftServerImpl (RaftServerImpl.java:lambda$shutdown$3(245)) - 94e01da5-69fc-47f8-9cb6-206c4d0ff2c1: shutdown group-A54610EBC9F7
2019-09-20 08:38:52,979 [ForkJoinPool.commonPool-worker-0] INFO  util.JmxRegister (JmxRegister.java:unregister(73)) - Successfully un-registered JMX Bean with object name Ratis:service=RaftServer,group=group-A54610EBC9F7,id=94e01da5-69fc-47f8-9cb6-206c4d0ff2c1
2019-09-20 08:38:52,979 [ForkJoinPool.commonPool-worker-0] INFO  impl.RoleInfo (RoleInfo.java:shutdownLeaderState(104)) - 94e01da5-69fc-47f8-9cb6-206c4d0ff2c1: shutdown LeaderState
2019-09-20 08:38:52,979 [ForkJoinPool.commonPool-worker-0] INFO  impl.PendingRequests (PendingRequests.java:sendNotLeaderResponses(202)) - 94e01da5-69fc-47f8-9cb6-206c4d0ff2c1-PendingRequests: sendNotLeaderResponses
2019-09-20 08:38:52,979 [ForkJoinPool.commonPool-worker-0] INFO  impl.StateMachineUpdater (StateMachineUpdater.java:stopAndJoin(115)) - StateMachineUpdater:94e01da5-69fc-47f8-9cb6-206c4d0ff2c1:group-A54610EBC9F7: set stopIndex = 0
2019-09-20 08:38:52,980 [ForkJoinPool.commonPool-worker-0] INFO  impl.RaftServerImpl (ServerState.java:close(394)) - 94e01da5-69fc-47f8-9cb6-206c4d0ff2c1:group-A54610EBC9F7 closes. The last applied log index is 0
2019-09-20 08:38:52,980 [94e01da5-69fc-47f8-9cb6-206c4d0ff2c1-SegmentedRaftLogWorker:Storage Directory /workdir/hadoop-ozone/ozonefs/target/test-dir/MiniOzoneClusterImpl-91d92c25-20d7-4a60-97d2-df3786b0ca5e/datanode-2/data/ratis/0c45091d-78e4-41ea-ba22-a54610ebc9f7] INFO  segmented.SegmentedRaftLogWorker (SegmentedRaftLogWorker.java:run(313)) - 94e01da5-69fc-47f8-9cb6-206c4d0ff2c1-SegmentedRaftLogWorker:Storage Directory /workdir/hadoop-ozone/ozonefs/target/test-dir/MiniOzoneClusterImpl-91d92c25-20d7-4a60-97d2-df3786b0ca5e/datanode-2/data/ratis/0c45091d-78e4-41ea-ba22-a54610ebc9f7 was interrupted, exiting. There are 0 tasks remaining in the queue.
2019-09-20 08:38:52,980 [ForkJoinPool.commonPool-worker-0] INFO  segmented.SegmentedRaftLogWorker (SegmentedRaftLogWorker.java:close(228)) - 94e01da5-69fc-47f8-9cb6-206c4d0ff2c1-SegmentedRaftLogWorker:Storage Directory /workdir/hadoop-ozone/ozonefs/target/test-dir/MiniOzoneClusterImpl-91d92c25-20d7-4a60-97d2-df3786b0ca5e/datanode-2/data/ratis/0c45091d-78e4-41ea-ba22-a54610ebc9f7 close()
2019-09-20 08:38:52,981 [ForkJoinPool.commonPool-worker-0] INFO  impl.RaftServerImpl (RaftServerImpl.java:lambda$shutdown$3(245)) - 94e01da5-69fc-47f8-9cb6-206c4d0ff2c1: shutdown group-0279CA8F1DD8
2019-09-20 08:38:52,981 [ForkJoinPool.commonPool-worker-0] INFO  util.JmxRegister (JmxRegister.java:unregister(73)) - Successfully un-registered JMX Bean with object name Ratis:service=RaftServer,group=group-0279CA8F1DD8,id=94e01da5-69fc-47f8-9cb6-206c4d0ff2c1
2019-09-20 08:38:52,982 [ForkJoinPool.commonPool-worker-0] INFO  impl.RoleInfo (RoleInfo.java:shutdownLeaderState(104)) - 94e01da5-69fc-47f8-9cb6-206c4d0ff2c1: shutdown LeaderState
2019-09-20 08:38:52,982 [ForkJoinPool.commonPool-worker-0] INFO  impl.PendingRequests (PendingRequests.java:sendNotLeaderResponses(202)) - 94e01da5-69fc-47f8-9cb6-206c4d0ff2c1-PendingRequests: sendNotLeaderResponses
2019-09-20 08:38:52,982 [ForkJoinPool.commonPool-worker-0] INFO  impl.StateMachineUpdater (StateMachineUpdater.java:stopAndJoin(115)) - StateMachineUpdater:94e01da5-69fc-47f8-9cb6-206c4d0ff2c1:group-0279CA8F1DD8: set stopIndex = 0
2019-09-20 08:38:52,982 [ForkJoinPool.commonPool-worker-0] INFO  impl.RaftServerImpl (ServerState.java:close(394)) - 94e01da5-69fc-47f8-9cb6-206c4d0ff2c1:group-0279CA8F1DD8 closes. The last applied log index is 0
2019-09-20 08:38:52,983 [94e01da5-69fc-47f8-9cb6-206c4d0ff2c1-SegmentedRaftLogWorker:Storage Directory /workdir/hadoop-ozone/ozonefs/target/test-dir/MiniOzoneClusterImpl-91d92c25-20d7-4a60-97d2-df3786b0ca5e/datanode-2/data/ratis/1b77807a-bb81-4d1e-bf52-0279ca8f1dd8] INFO  segmented.SegmentedRaftLogWorker (SegmentedRaftLogWorker.java:run(313)) - 94e01da5-69fc-47f8-9cb6-206c4d0ff2c1-SegmentedRaftLogWorker:Storage Directory /workdir/hadoop-ozone/ozonefs/target/test-dir/MiniOzoneClusterImpl-91d92c25-20d7-4a60-97d2-df3786b0ca5e/datanode-2/data/ratis/1b77807a-bb81-4d1e-bf52-0279ca8f1dd8 was interrupted, exiting. There are 0 tasks remaining in the queue.
2019-09-20 08:38:52,983 [ForkJoinPool.commonPool-worker-0] INFO  segmented.SegmentedRaftLogWorker (SegmentedRaftLogWorker.java:close(228)) - 94e01da5-69fc-47f8-9cb6-206c4d0ff2c1-SegmentedRaftLogWorker:Storage Directory /workdir/hadoop-ozone/ozonefs/target/test-dir/MiniOzoneClusterImpl-91d92c25-20d7-4a60-97d2-df3786b0ca5e/datanode-2/data/ratis/1b77807a-bb81-4d1e-bf52-0279ca8f1dd8 close()
2019-09-20 08:38:52,984 [ForkJoinPool.commonPool-worker-0] INFO  server.GrpcService (GrpcService.java:closeImpl(155)) - 94e01da5-69fc-47f8-9cb6-206c4d0ff2c1: shutdown server with port 44839 now
2019-09-20 08:38:52,985 [ForkJoinPool.commonPool-worker-0] INFO  server.GrpcService (GrpcService.java:closeImpl(163)) - 94e01da5-69fc-47f8-9cb6-206c4d0ff2c1: shutdown server with port 44839 successfully
2019-09-20 08:38:52,987 [ForkJoinPool.commonPool-worker-0] INFO  utils.BackgroundService (BackgroundService.java:shutdown(148)) - Shutting down service BlockDeletingService
2019-09-20 08:38:52,988 [refreshUsed-/workdir/hadoop-ozone/ozonefs/target/test-dir/MiniOzoneClusterImpl-91d92c25-20d7-4a60-97d2-df3786b0ca5e/datanode-2/data/containers] WARN  fs.CachingGetSpaceUsed (CachingGetSpaceUsed.java:run(183)) - Thread Interrupted waiting to refresh disk information: sleep interrupted
2019-09-20 08:38:53,011 [ForkJoinPool.commonPool-worker-0] INFO  statemachine.DatanodeStateMachine (DatanodeStateMachine.java:stopDaemon(395)) - Ozone container server stopped.
2019-09-20 08:38:53,014 [ForkJoinPool.commonPool-worker-0] INFO  handler.ContextHandler (ContextHandler.java:doStop(910)) - Stopped o.e.j.w.WebAppContext@f542317{/,null,UNAVAILABLE}{/hddsDatanode}
2019-09-20 08:38:53,015 [ForkJoinPool.commonPool-worker-0] INFO  server.AbstractConnector (AbstractConnector.java:doStop(318)) - Stopped ServerConnector@68e7a438{HTTP/1.1,[http/1.1]}{0.0.0.0:0}
2019-09-20 08:38:53,016 [ForkJoinPool.commonPool-worker-0] INFO  handler.ContextHandler (ContextHandler.java:doStop(910)) - Stopped o.e.j.s.ServletContextHandler@349d51ae{/static,jar:file:/home/user/.m2/repository/org/apache/hadoop/hadoop-hdds-container-service/0.5.0-SNAPSHOT/hadoop-hdds-container-service-0.5.0-SNAPSHOT.jar!/webapps/static,UNAVAILABLE}
2019-09-20 08:38:53,016 [ForkJoinPool.commonPool-worker-0] INFO  handler.ContextHandler (ContextHandler.java:doStop(910)) - Stopped o.e.j.s.ServletContextHandler@2c60d726{/logs,file:///workdir/hadoop-ozone/ozonefs/target/log,UNAVAILABLE}
2019-09-20 08:38:53,017 [Thread-1323] INFO  ozone.MiniOzoneClusterImpl (MiniOzoneClusterImpl.java:stop(353)) - Stopping the StorageContainerManager
2019-09-20 08:38:53,017 [Thread-1323] INFO  server.StorageContainerManager (StorageContainerManager.java:stop(797)) - Stopping Replication Manager Service.
2019-09-20 08:38:53,017 [Thread-1323] INFO  container.ReplicationManager (ReplicationManager.java:stop(192)) - Stopping Replication Monitor Thread.
2019-09-20 08:38:53,018 [Thread-1323] INFO  server.StorageContainerManager (StorageContainerManager.java:stop(804)) - Stopping Lease Manager of the command watchers
2019-09-20 08:38:53,018 [Thread-1323] INFO  server.StorageContainerManager (StorageContainerManager.java:stop(811)) - Stopping datanode service RPC server
2019-09-20 08:38:53,018 [Thread-1323] INFO  server.SCMDatanodeProtocolServer (SCMDatanodeProtocolServer.java:stop(367)) - Stopping the RPC server for DataNodes
2019-09-20 08:38:53,018 [Thread-1323] INFO  ipc.Server (Server.java:stop(3082)) - Stopping server on 32999
2019-09-20 08:38:53,020 [IPC Server listener on 32999] INFO  ipc.Server (Server.java:run(1185)) - Stopping IPC Server listener on 32999
2019-09-20 08:38:53,020 [IPC Server Responder] INFO  ipc.Server (Server.java:run(1319)) - Stopping IPC Server Responder
2019-09-20 08:38:53,057 [SCM Heartbeat Processing Thread - 0] WARN  node.NodeStateManager (NodeStateManager.java:scheduleNextHealthCheck(655)) - Current Thread is interrupted, shutting down HB processing thread for Node Manager.
2019-09-20 08:38:53,057 [Thread-1323] INFO  server.StorageContainerManager (StorageContainerManager.java:stop(819)) - Stopping block service RPC server
2019-09-20 08:38:53,057 [Thread-1323] INFO  server.SCMBlockProtocolServer (SCMBlockProtocolServer.java:stop(148)) - Stopping the RPC server for Block Protocol
2019-09-20 08:38:53,058 [Thread-1323] INFO  ipc.Server (Server.java:stop(3082)) - Stopping server on 38438
2019-09-20 08:38:53,059 [IPC Server listener on 38438] INFO  ipc.Server (Server.java:run(1185)) - Stopping IPC Server listener on 38438
2019-09-20 08:38:53,061 [IPC Server Responder] INFO  ipc.Server (Server.java:run(1319)) - Stopping IPC Server Responder
2019-09-20 08:38:53,061 [Thread-1323] INFO  server.StorageContainerManager (StorageContainerManager.java:stop(826)) - Stopping the StorageContainerLocationProtocol RPC server
2019-09-20 08:38:53,062 [Thread-1323] INFO  server.SCMClientProtocolServer (SCMClientProtocolServer.java:stop(159)) - Stopping the RPC server for Client Protocol
2019-09-20 08:38:53,063 [Thread-1323] INFO  ipc.Server (Server.java:stop(3082)) - Stopping server on 38264
2019-09-20 08:38:53,065 [IPC Server listener on 38264] INFO  ipc.Server (Server.java:run(1185)) - Stopping IPC Server listener on 38264
2019-09-20 08:38:53,065 [IPC Server Responder] INFO  ipc.Server (Server.java:run(1319)) - Stopping IPC Server Responder
2019-09-20 08:38:53,065 [Thread-1323] INFO  server.StorageContainerManager (StorageContainerManager.java:stop(833)) - Stopping Storage Container Manager HTTP server.
2019-09-20 08:38:53,067 [Thread-1323] INFO  handler.ContextHandler (ContextHandler.java:doStop(910)) - Stopped o.e.j.w.WebAppContext@7aa7f1a{/,null,UNAVAILABLE}{/scm}
2019-09-20 08:38:53,068 [Thread-1323] INFO  server.AbstractConnector (AbstractConnector.java:doStop(318)) - Stopped ServerConnector@3bd64a08{HTTP/1.1,[http/1.1]}{0.0.0.0:0}
2019-09-20 08:38:53,068 [Thread-1323] INFO  handler.ContextHandler (ContextHandler.java:doStop(910)) - Stopped o.e.j.s.ServletContextHandler@65d05983{/static,jar:file:/home/user/.m2/repository/org/apache/hadoop/hadoop-hdds-server-scm/0.5.0-SNAPSHOT/hadoop-hdds-server-scm-0.5.0-SNAPSHOT.jar!/webapps/static,UNAVAILABLE}
2019-09-20 08:38:53,068 [Thread-1323] INFO  handler.ContextHandler (ContextHandler.java:doStop(910)) - Stopped o.e.j.s.ServletContextHandler@5ac05ab8{/logs,file:///workdir/hadoop-ozone/ozonefs/target/log,UNAVAILABLE}
2019-09-20 08:38:53,069 [Thread-1323] INFO  server.StorageContainerManager (StorageContainerManager.java:stop(844)) - Stopping Block Manager Service.
2019-09-20 08:38:53,069 [Thread-1323] INFO  utils.BackgroundService (BackgroundService.java:shutdown(148)) - Shutting down service SCMBlockDeletingService
2019-09-20 08:38:53,069 [Thread-1323] INFO  utils.BackgroundService (BackgroundService.java:shutdown(148)) - Shutting down service SCMBlockDeletingService
2019-09-20 08:38:53,069 [Thread-1323] INFO  server.StorageContainerManager (StorageContainerManager.java:stop(866)) - Stopping SCM Event Queue.
2019-09-20 08:38:53,072 [Thread-1323] INFO  impl.MetricsSystemImpl (MetricsSystemImpl.java:stop(210)) - Stopping HddsDatanode metrics system...
2019-09-20 08:38:53,079 [Thread-1323] INFO  impl.MetricsSystemImpl (MetricsSystemImpl.java:stop(216)) - HddsDatanode metrics system stopped.
]]></system-out>
    <system-err><![CDATA[Sep 20, 2019 8:38:36 AM com.sun.jersey.server.impl.application.WebApplicationImpl _initiate
INFO: Initiating Jersey application, version 'Jersey: 1.19 02/11/2015 03:25 AM'
Sep 20, 2019 8:38:37 AM com.sun.jersey.server.impl.application.WebApplicationImpl _initiate
INFO: Initiating Jersey application, version 'Jersey: 1.19 02/11/2015 03:25 AM'
Sep 20, 2019 8:38:37 AM com.sun.jersey.server.impl.application.WebApplicationImpl _initiate
INFO: Initiating Jersey application, version 'Jersey: 1.19 02/11/2015 03:25 AM'
Sep 20, 2019 8:38:42 AM com.sun.jersey.server.impl.application.WebApplicationImpl _initiate
INFO: Initiating Jersey application, version 'Jersey: 1.19 02/11/2015 03:25 AM'
]]></system-err>
  </testcase>
  <testcase name="testListStatusOnLargeDirectory" classname="org.apache.hadoop.fs.ozone.TestOzoneFileSystem" time="22.983"/>
</testsuite>