<?xml version="1.0" encoding="UTF-8"?>
<testsuite xmlns:xsi="http://www.w3.org/2001/XMLSchema-instance" xsi:noNamespaceSchemaLocation="https://maven.apache.org/surefire/maven-surefire-plugin/xsd/surefire-test-report.xsd" name="org.apache.hadoop.fs.ozone.contract.ITestOzoneContractDistCp" time="110.751" tests="6" errors="6" skipped="0" failures="0">
  <properties>
    <property name="awt.toolkit" value="sun.awt.X11.XToolkit"/>
    <property name="file.encoding.pkg" value="sun.io"/>
    <property name="java.specification.version" value="1.8"/>
    <property name="sun.cpu.isalist" value=""/>
    <property name="sun.jnu.encoding" value="UTF-8"/>
    <property name="java.class.path" value="/workdir/hadoop-ozone/ozonefs/target/test-classes:/workdir/hadoop-ozone/ozonefs/target/classes:/home/user/.m2/repository/org/apache/hadoop/hadoop-common/3.2.0/hadoop-common-3.2.0.jar:/home/user/.m2/repository/org/apache/hadoop/hadoop-annotations/3.2.0/hadoop-annotations-3.2.0.jar:/usr/lib/jvm/java-1.8-openjdk/jre/../lib/tools.jar:/home/user/.m2/repository/com/google/guava/guava/11.0.2/guava-11.0.2.jar:/home/user/.m2/repository/commons-cli/commons-cli/1.2/commons-cli-1.2.jar:/home/user/.m2/repository/org/apache/commons/commons-math3/3.1.1/commons-math3-3.1.1.jar:/home/user/.m2/repository/org/apache/httpcomponents/httpclient/4.5.2/httpclient-4.5.2.jar:/home/user/.m2/repository/org/apache/httpcomponents/httpcore/4.4.4/httpcore-4.4.4.jar:/home/user/.m2/repository/commons-codec/commons-codec/1.11/commons-codec-1.11.jar:/home/user/.m2/repository/commons-io/commons-io/2.5/commons-io-2.5.jar:/home/user/.m2/repository/commons-net/commons-net/3.6/commons-net-3.6.jar:/home/user/.m2/repository/commons-collections/commons-collections/3.2.2/commons-collections-3.2.2.jar:/home/user/.m2/repository/javax/servlet/javax.servlet-api/3.1.0/javax.servlet-api-3.1.0.jar:/home/user/.m2/repository/org/eclipse/jetty/jetty-server/9.3.24.v20180605/jetty-server-9.3.24.v20180605.jar:/home/user/.m2/repository/org/eclipse/jetty/jetty-http/9.3.24.v20180605/jetty-http-9.3.24.v20180605.jar:/home/user/.m2/repository/org/eclipse/jetty/jetty-io/9.3.24.v20180605/jetty-io-9.3.24.v20180605.jar:/home/user/.m2/repository/org/eclipse/jetty/jetty-util/9.3.24.v20180605/jetty-util-9.3.24.v20180605.jar:/home/user/.m2/repository/org/eclipse/jetty/jetty-servlet/9.3.24.v20180605/jetty-servlet-9.3.24.v20180605.jar:/home/user/.m2/repository/org/eclipse/jetty/jetty-security/9.3.24.v20180605/jetty-security-9.3.24.v20180605.jar:/home/user/.m2/repository/org/eclipse/jetty/jetty-webapp/9.3.24.v20180605/jetty-webapp-9.3.24.v20180605.jar:/home/user/.m2/repository/org/eclipse/jetty/jetty-xml/9.3.24.v20180605/jetty-xml-9.3.24.v20180605.jar:/home/user/.m2/repository/javax/servlet/jsp/jsp-api/2.1/jsp-api-2.1.jar:/home/user/.m2/repository/com/sun/jersey/jersey-core/1.19/jersey-core-1.19.jar:/home/user/.m2/repository/javax/ws/rs/jsr311-api/1.1.1/jsr311-api-1.1.1.jar:/home/user/.m2/repository/com/sun/jersey/jersey-servlet/1.19/jersey-servlet-1.19.jar:/home/user/.m2/repository/com/sun/jersey/jersey-json/1.19/jersey-json-1.19.jar:/home/user/.m2/repository/org/codehaus/jettison/jettison/1.1/jettison-1.1.jar:/home/user/.m2/repository/com/sun/xml/bind/jaxb-impl/2.3.0.1/jaxb-impl-2.3.0.1.jar:/home/user/.m2/repository/org/codehaus/jackson/jackson-core-asl/1.9.13/jackson-core-asl-1.9.13.jar:/home/user/.m2/repository/org/codehaus/jackson/jackson-mapper-asl/1.9.13/jackson-mapper-asl-1.9.13.jar:/home/user/.m2/repository/org/codehaus/jackson/jackson-jaxrs/1.9.13/jackson-jaxrs-1.9.13.jar:/home/user/.m2/repository/org/codehaus/jackson/jackson-xc/1.9.13/jackson-xc-1.9.13.jar:/home/user/.m2/repository/com/sun/jersey/jersey-server/1.19/jersey-server-1.19.jar:/home/user/.m2/repository/commons-logging/commons-logging/1.1.3/commons-logging-1.1.3.jar:/home/user/.m2/repository/log4j/log4j/1.2.17/log4j-1.2.17.jar:/home/user/.m2/repository/commons-beanutils/commons-beanutils/1.9.3/commons-beanutils-1.9.3.jar:/home/user/.m2/repository/org/apache/commons/commons-configuration2/2.1.1/commons-configuration2-2.1.1.jar:/home/user/.m2/repository/org/apache/commons/commons-lang3/3.7/commons-lang3-3.7.jar:/home/user/.m2/repository/org/apache/commons/commons-text/1.4/commons-text-1.4.jar:/home/user/.m2/repository/org/slf4j/slf4j-api/1.7.25/slf4j-api-1.7.25.jar:/home/user/.m2/repository/org/slf4j/slf4j-log4j12/1.7.25/slf4j-log4j12-1.7.25.jar:/home/user/.m2/repository/org/apache/avro/avro/1.7.7/avro-1.7.7.jar:/home/user/.m2/repository/com/thoughtworks/paranamer/paranamer/2.3/paranamer-2.3.jar:/home/user/.m2/repository/org/xerial/snappy/snappy-java/1.0.5/snappy-java-1.0.5.jar:/home/user/.m2/repository/com/google/re2j/re2j/1.1/re2j-1.1.jar:/home/user/.m2/repository/com/google/protobuf/protobuf-java/2.5.0/protobuf-java-2.5.0.jar:/home/user/.m2/repository/com/google/code/gson/gson/2.2.4/gson-2.2.4.jar:/home/user/.m2/repository/org/apache/hadoop/hadoop-auth/3.2.0/hadoop-auth-3.2.0.jar:/home/user/.m2/repository/com/nimbusds/nimbus-jose-jwt/4.41.1/nimbus-jose-jwt-4.41.1.jar:/home/user/.m2/repository/com/github/stephenc/jcip/jcip-annotations/1.0-1/jcip-annotations-1.0-1.jar:/home/user/.m2/repository/net/minidev/json-smart/2.3/json-smart-2.3.jar:/home/user/.m2/repository/net/minidev/accessors-smart/1.2/accessors-smart-1.2.jar:/home/user/.m2/repository/org/apache/curator/curator-framework/2.12.0/curator-framework-2.12.0.jar:/home/user/.m2/repository/com/jcraft/jsch/0.1.54/jsch-0.1.54.jar:/home/user/.m2/repository/org/apache/curator/curator-client/2.12.0/curator-client-2.12.0.jar:/home/user/.m2/repository/org/apache/curator/curator-recipes/2.12.0/curator-recipes-2.12.0.jar:/home/user/.m2/repository/com/google/code/findbugs/jsr305/3.0.0/jsr305-3.0.0.jar:/home/user/.m2/repository/org/apache/htrace/htrace-core4/4.1.0-incubating/htrace-core4-4.1.0-incubating.jar:/home/user/.m2/repository/org/apache/zookeeper/zookeeper/3.4.13/zookeeper-3.4.13.jar:/home/user/.m2/repository/org/apache/yetus/audience-annotations/0.5.0/audience-annotations-0.5.0.jar:/home/user/.m2/repository/org/apache/commons/commons-compress/1.4.1/commons-compress-1.4.1.jar:/home/user/.m2/repository/org/tukaani/xz/1.0/xz-1.0.jar:/home/user/.m2/repository/org/apache/kerby/kerb-simplekdc/1.0.1/kerb-simplekdc-1.0.1.jar:/home/user/.m2/repository/org/apache/kerby/kerb-client/1.0.1/kerb-client-1.0.1.jar:/home/user/.m2/repository/org/apache/kerby/kerby-config/1.0.1/kerby-config-1.0.1.jar:/home/user/.m2/repository/org/apache/kerby/kerb-core/1.0.1/kerb-core-1.0.1.jar:/home/user/.m2/repository/org/apache/kerby/kerby-pkix/1.0.1/kerby-pkix-1.0.1.jar:/home/user/.m2/repository/org/apache/kerby/kerby-asn1/1.0.1/kerby-asn1-1.0.1.jar:/home/user/.m2/repository/org/apache/kerby/kerby-util/1.0.1/kerby-util-1.0.1.jar:/home/user/.m2/repository/org/apache/kerby/kerb-common/1.0.1/kerb-common-1.0.1.jar:/home/user/.m2/repository/org/apache/kerby/kerb-crypto/1.0.1/kerb-crypto-1.0.1.jar:/home/user/.m2/repository/org/apache/kerby/kerb-util/1.0.1/kerb-util-1.0.1.jar:/home/user/.m2/repository/org/apache/kerby/token-provider/1.0.1/token-provider-1.0.1.jar:/home/user/.m2/repository/org/apache/kerby/kerb-admin/1.0.1/kerb-admin-1.0.1.jar:/home/user/.m2/repository/org/apache/kerby/kerb-server/1.0.1/kerb-server-1.0.1.jar:/home/user/.m2/repository/org/apache/kerby/kerb-identity/1.0.1/kerb-identity-1.0.1.jar:/home/user/.m2/repository/org/apache/kerby/kerby-xdr/1.0.1/kerby-xdr-1.0.1.jar:/home/user/.m2/repository/com/fasterxml/jackson/core/jackson-databind/2.9.5/jackson-databind-2.9.5.jar:/home/user/.m2/repository/com/fasterxml/jackson/core/jackson-annotations/2.9.5/jackson-annotations-2.9.5.jar:/home/user/.m2/repository/com/fasterxml/jackson/core/jackson-core/2.9.5/jackson-core-2.9.5.jar:/home/user/.m2/repository/org/codehaus/woodstox/stax2-api/3.1.4/stax2-api-3.1.4.jar:/home/user/.m2/repository/com/fasterxml/woodstox/woodstox-core/5.0.3/woodstox-core-5.0.3.jar:/home/user/.m2/repository/dnsjava/dnsjava/2.1.7/dnsjava-2.1.7.jar:/home/user/.m2/repository/org/apache/hadoop/hadoop-hdfs/3.2.0/hadoop-hdfs-3.2.0.jar:/home/user/.m2/repository/org/eclipse/jetty/jetty-util-ajax/9.3.24.v20180605/jetty-util-ajax-9.3.24.v20180605.jar:/home/user/.m2/repository/commons-daemon/commons-daemon/1.0.13/commons-daemon-1.0.13.jar:/home/user/.m2/repository/io/netty/netty/3.10.5.Final/netty-3.10.5.Final.jar:/home/user/.m2/repository/io/netty/netty-all/4.0.52.Final/netty-all-4.0.52.Final.jar:/home/user/.m2/repository/org/fusesource/leveldbjni/leveldbjni-all/1.8/leveldbjni-all-1.8.jar:/home/user/.m2/repository/org/apache/hadoop/hadoop-hdds-common/0.5.0-SNAPSHOT/hadoop-hdds-common-0.5.0-SNAPSHOT.jar:/home/user/.m2/repository/org/apache/hadoop/hadoop-hdds-config/0.5.0-SNAPSHOT/hadoop-hdds-config-0.5.0-SNAPSHOT.jar:/home/user/.m2/repository/javax/annotation/javax.annotation-api/1.2/javax.annotation-api-1.2.jar:/home/user/.m2/repository/org/apache/ratis/ratis-server/0.4.0-2337318-SNAPSHOT/ratis-server-0.4.0-2337318-SNAPSHOT.jar:/home/user/.m2/repository/org/apache/ratis/ratis-thirdparty-misc/0.2.0/ratis-thirdparty-misc-0.2.0.jar:/home/user/.m2/repository/org/apache/ratis/ratis-proto/0.4.0-2337318-SNAPSHOT/ratis-proto-0.4.0-2337318-SNAPSHOT.jar:/home/user/.m2/repository/org/apache/ratis/ratis-common/0.4.0-2337318-SNAPSHOT/ratis-common-0.4.0-2337318-SNAPSHOT.jar:/home/user/.m2/repository/org/apache/ratis/ratis-client/0.4.0-2337318-SNAPSHOT/ratis-client-0.4.0-2337318-SNAPSHOT.jar:/home/user/.m2/repository/org/apache/ratis/ratis-metrics/0.4.0-2337318-SNAPSHOT/ratis-metrics-0.4.0-2337318-SNAPSHOT.jar:/home/user/.m2/repository/org/apache/ratis/ratis-netty/0.4.0-2337318-SNAPSHOT/ratis-netty-0.4.0-2337318-SNAPSHOT.jar:/home/user/.m2/repository/org/apache/ratis/ratis-grpc/0.4.0-2337318-SNAPSHOT/ratis-grpc-0.4.0-2337318-SNAPSHOT.jar:/home/user/.m2/repository/org/rocksdb/rocksdbjni/6.0.1/rocksdbjni-6.0.1.jar:/home/user/.m2/repository/org/apache/logging/log4j/log4j-api/2.11.0/log4j-api-2.11.0.jar:/home/user/.m2/repository/org/apache/logging/log4j/log4j-core/2.11.0/log4j-core-2.11.0.jar:/home/user/.m2/repository/com/lmax/disruptor/3.4.2/disruptor-3.4.2.jar:/home/user/.m2/repository/org/apache/commons/commons-pool2/2.6.0/commons-pool2-2.6.0.jar:/home/user/.m2/repository/org/bouncycastle/bcpkix-jdk15on/1.60/bcpkix-jdk15on-1.60.jar:/home/user/.m2/repository/commons-validator/commons-validator/1.6/commons-validator-1.6.jar:/home/user/.m2/repository/commons-digester/commons-digester/1.8.1/commons-digester-1.8.1.jar:/home/user/.m2/repository/io/jaegertracing/jaeger-client/0.33.1/jaeger-client-0.33.1.jar:/home/user/.m2/repository/io/jaegertracing/jaeger-thrift/0.33.1/jaeger-thrift-0.33.1.jar:/home/user/.m2/repository/org/apache/thrift/libthrift/0.11.0/libthrift-0.11.0.jar:/home/user/.m2/repository/com/squareup/okhttp3/okhttp/3.9.0/okhttp-3.9.0.jar:/home/user/.m2/repository/com/squareup/okio/okio/1.13.0/okio-1.13.0.jar:/home/user/.m2/repository/io/jaegertracing/jaeger-core/0.33.1/jaeger-core-0.33.1.jar:/home/user/.m2/repository/io/jaegertracing/jaeger-tracerresolver/0.33.1/jaeger-tracerresolver-0.33.1.jar:/home/user/.m2/repository/io/opentracing/contrib/opentracing-tracerresolver/0.1.5/opentracing-tracerresolver-0.1.5.jar:/home/user/.m2/repository/io/opentracing/opentracing-util/0.31.0/opentracing-util-0.31.0.jar:/home/user/.m2/repository/io/opentracing/opentracing-api/0.31.0/opentracing-api-0.31.0.jar:/home/user/.m2/repository/io/opentracing/opentracing-noop/0.31.0/opentracing-noop-0.31.0.jar:/home/user/.m2/repository/org/yaml/snakeyaml/1.16/snakeyaml-1.16.jar:/home/user/.m2/repository/org/apache/hadoop/hadoop-hdfs-client/3.2.0/hadoop-hdfs-client-3.2.0.jar:/home/user/.m2/repository/info/picocli/picocli/3.9.6/picocli-3.9.6.jar:/home/user/.m2/repository/org/apache/hadoop/hadoop-hdds-server-scm/0.5.0-SNAPSHOT/hadoop-hdds-server-scm-0.5.0-SNAPSHOT.jar:/home/user/.m2/repository/org/apache/hadoop/hadoop-hdds-docs/0.5.0-SNAPSHOT/hadoop-hdds-docs-0.5.0-SNAPSHOT.jar:/home/user/.m2/repository/io/dropwizard/metrics/metrics-core/3.2.4/metrics-core-3.2.4.jar:/home/user/.m2/repository/org/hamcrest/hamcrest-all/1.3/hamcrest-all-1.3.jar:/home/user/.m2/repository/org/bouncycastle/bcprov-jdk15on/1.60/bcprov-jdk15on-1.60.jar:/home/user/.m2/repository/org/apache/hadoop/hadoop-hdds-server-framework/0.5.0-SNAPSHOT/hadoop-hdds-server-framework-0.5.0-SNAPSHOT.jar:/home/user/.m2/repository/org/apache/hadoop/hadoop-ozone-ozone-manager/0.5.0-SNAPSHOT/hadoop-ozone-ozone-manager-0.5.0-SNAPSHOT.jar:/home/user/.m2/repository/org/apache/hadoop/hadoop-hdds-container-service/0.5.0-SNAPSHOT/hadoop-hdds-container-service-0.5.0-SNAPSHOT.jar:/home/user/.m2/repository/org/apache/hadoop/hadoop-hdds-client/0.5.0-SNAPSHOT/hadoop-hdds-client-0.5.0-SNAPSHOT.jar:/home/user/.m2/repository/org/apache/hadoop/hadoop-ozone-common/0.5.0-SNAPSHOT/hadoop-ozone-common-0.5.0-SNAPSHOT.jar:/home/user/.m2/repository/org/apache/hadoop/hadoop-hdds-tools/0.5.0-SNAPSHOT/hadoop-hdds-tools-0.5.0-SNAPSHOT.jar:/home/user/.m2/repository/org/xerial/sqlite-jdbc/3.25.2/sqlite-jdbc-3.25.2.jar:/home/user/.m2/repository/org/apache/hadoop/hadoop-ozone-objectstore-service/0.5.0-SNAPSHOT/hadoop-ozone-objectstore-service-0.5.0-SNAPSHOT.jar:/home/user/.m2/repository/com/google/code/findbugs/findbugs/3.0.1/findbugs-3.0.1.jar:/home/user/.m2/repository/net/jcip/jcip-annotations/1.0/jcip-annotations-1.0.jar:/home/user/.m2/repository/com/google/code/findbugs/bcel-findbugs/6.0/bcel-findbugs-6.0.jar:/home/user/.m2/repository/com/google/code/findbugs/jFormatString/2.0.1/jFormatString-2.0.1.jar:/home/user/.m2/repository/dom4j/dom4j/1.6.1/dom4j-1.6.1.jar:/home/user/.m2/repository/xml-apis/xml-apis/1.0.b2/xml-apis-1.0.b2.jar:/home/user/.m2/repository/org/ow2/asm/asm-debug-all/5.0.2/asm-debug-all-5.0.2.jar:/home/user/.m2/repository/org/ow2/asm/asm-commons/5.0.2/asm-commons-5.0.2.jar:/home/user/.m2/repository/org/ow2/asm/asm-tree/5.0.2/asm-tree-5.0.2.jar:/home/user/.m2/repository/org/ow2/asm/asm/5.0.4/asm-5.0.4.jar:/home/user/.m2/repository/commons-lang/commons-lang/2.6/commons-lang-2.6.jar:/home/user/.m2/repository/com/apple/AppleJavaExtensions/1.4/AppleJavaExtensions-1.4.jar:/home/user/.m2/repository/jaxen/jaxen/1.1.6/jaxen-1.1.6.jar:/home/user/.m2/repository/org/apache/hadoop/hadoop-common/3.2.0/hadoop-common-3.2.0-tests.jar:/home/user/.m2/repository/org/apache/hadoop/hadoop-ozone-client/0.5.0-SNAPSHOT/hadoop-ozone-client-0.5.0-SNAPSHOT.jar:/home/user/.m2/repository/org/apache/hadoop/hadoop-hdfs/3.2.0/hadoop-hdfs-3.2.0-tests.jar:/workdir/hadoop-ozone/integration-test/target/test-classes:/home/user/.m2/repository/org/apache/hadoop/hadoop-ozone-s3gateway/0.5.0-SNAPSHOT/hadoop-ozone-s3gateway-0.5.0-SNAPSHOT.jar:/home/user/.m2/repository/org/jboss/weld/servlet/weld-servlet/2.4.7.Final/weld-servlet-2.4.7.Final.jar:/home/user/.m2/repository/org/glassfish/jersey/containers/jersey-container-servlet-core/2.27/jersey-container-servlet-core-2.27.jar:/home/user/.m2/repository/org/glassfish/hk2/external/javax.inject/2.5.0-b42/javax.inject-2.5.0-b42.jar:/home/user/.m2/repository/org/glassfish/jersey/core/jersey-common/2.27/jersey-common-2.27.jar:/home/user/.m2/repository/org/glassfish/hk2/osgi-resource-locator/1.0.1/osgi-resource-locator-1.0.1.jar:/home/user/.m2/repository/javax/ws/rs/javax.ws.rs-api/2.1/javax.ws.rs-api-2.1.jar:/home/user/.m2/repository/org/glassfish/jersey/ext/cdi/jersey-cdi1x/2.27/jersey-cdi1x-2.27.jar:/home/user/.m2/repository/org/glassfish/jersey/inject/jersey-hk2/2.27/jersey-hk2-2.27.jar:/home/user/.m2/repository/org/glassfish/hk2/hk2-locator/2.5.0-b42/hk2-locator-2.5.0-b42.jar:/home/user/.m2/repository/org/javassist/javassist/3.22.0-CR2/javassist-3.22.0-CR2.jar:/home/user/.m2/repository/org/glassfish/hk2/hk2-api/2.5.0/hk2-api-2.5.0.jar:/home/user/.m2/repository/org/glassfish/hk2/external/jakarta.inject/2.5.0/jakarta.inject-2.5.0.jar:/home/user/.m2/repository/org/glassfish/hk2/hk2-utils/2.5.0/hk2-utils-2.5.0.jar:/home/user/.m2/repository/jakarta/annotation/jakarta.annotation-api/1.3.4/jakarta.annotation-api-1.3.4.jar:/home/user/.m2/repository/org/glassfish/hk2/external/aopalliance-repackaged/2.5.0/aopalliance-repackaged-2.5.0.jar:/home/user/.m2/repository/com/fasterxml/jackson/dataformat/jackson-dataformat-xml/2.9.0/jackson-dataformat-xml-2.9.0.jar:/home/user/.m2/repository/com/fasterxml/jackson/module/jackson-module-jaxb-annotations/2.9.5/jackson-module-jaxb-annotations-2.9.5.jar:/home/user/.m2/repository/javax/enterprise/cdi-api/1.2/cdi-api-1.2.jar:/home/user/.m2/repository/javax/el/javax.el-api/3.0.0/javax.el-api-3.0.0.jar:/home/user/.m2/repository/javax/interceptor/javax.interceptor-api/1.2/javax.interceptor-api-1.2.jar:/home/user/.m2/repository/javax/inject/javax.inject/1/javax.inject-1.jar:/home/user/.m2/repository/com/sun/xml/bind/jaxb-core/2.3.0.1/jaxb-core-2.3.0.1.jar:/home/user/.m2/repository/javax/xml/bind/jaxb-api/2.3.0/jaxb-api-2.3.0.jar:/home/user/.m2/repository/javax/activation/activation/1.1.1/activation-1.1.1.jar:/home/user/.m2/repository/org/apache/hadoop/hadoop-ozone-csi/0.5.0-SNAPSHOT/hadoop-ozone-csi-0.5.0-SNAPSHOT.jar:/home/user/.m2/repository/com/google/protobuf/protobuf-java-util/3.5.1/protobuf-java-util-3.5.1.jar:/home/user/.m2/repository/io/grpc/grpc-netty/1.17.1/grpc-netty-1.17.1.jar:/home/user/.m2/repository/io/grpc/grpc-core/1.17.1/grpc-core-1.17.1.jar:/home/user/.m2/repository/io/grpc/grpc-context/1.17.1/grpc-context-1.17.1.jar:/home/user/.m2/repository/com/google/errorprone/error_prone_annotations/2.2.0/error_prone_annotations-2.2.0.jar:/home/user/.m2/repository/org/codehaus/mojo/animal-sniffer-annotations/1.17/animal-sniffer-annotations-1.17.jar:/home/user/.m2/repository/io/opencensus/opencensus-api/0.17.0/opencensus-api-0.17.0.jar:/home/user/.m2/repository/io/opencensus/opencensus-contrib-grpc-metrics/0.17.0/opencensus-contrib-grpc-metrics-0.17.0.jar:/home/user/.m2/repository/io/netty/netty-codec-http2/4.1.30.Final/netty-codec-http2-4.1.30.Final.jar:/home/user/.m2/repository/io/netty/netty-codec-http/4.1.30.Final/netty-codec-http-4.1.30.Final.jar:/home/user/.m2/repository/io/netty/netty-codec/4.1.30.Final/netty-codec-4.1.30.Final.jar:/home/user/.m2/repository/io/netty/netty-handler/4.1.30.Final/netty-handler-4.1.30.Final.jar:/home/user/.m2/repository/io/netty/netty-handler-proxy/4.1.30.Final/netty-handler-proxy-4.1.30.Final.jar:/home/user/.m2/repository/io/netty/netty-codec-socks/4.1.30.Final/netty-codec-socks-4.1.30.Final.jar:/home/user/.m2/repository/io/netty/netty-transport-native-epoll/4.1.30.Final/netty-transport-native-epoll-4.1.30.Final.jar:/home/user/.m2/repository/io/netty/netty-common/4.1.30.Final/netty-common-4.1.30.Final.jar:/home/user/.m2/repository/io/netty/netty-buffer/4.1.30.Final/netty-buffer-4.1.30.Final.jar:/home/user/.m2/repository/io/netty/netty-transport/4.1.30.Final/netty-transport-4.1.30.Final.jar:/home/user/.m2/repository/io/netty/netty-resolver/4.1.30.Final/netty-resolver-4.1.30.Final.jar:/home/user/.m2/repository/io/netty/netty-transport-native-unix-common/4.1.30.Final/netty-transport-native-unix-common-4.1.30.Final.jar:/home/user/.m2/repository/io/grpc/grpc-protobuf/1.17.1/grpc-protobuf-1.17.1.jar:/home/user/.m2/repository/com/google/api/grpc/proto-google-common-protos/1.0.0/proto-google-common-protos-1.0.0.jar:/home/user/.m2/repository/io/grpc/grpc-protobuf-lite/1.17.1/grpc-protobuf-lite-1.17.1.jar:/home/user/.m2/repository/io/grpc/grpc-stub/1.17.1/grpc-stub-1.17.1.jar:/home/user/.m2/repository/org/apache/hadoop/hadoop-ozone-recon/0.5.0-SNAPSHOT/hadoop-ozone-recon-0.5.0-SNAPSHOT.jar:/home/user/.m2/repository/org/apache/hadoop/hadoop-ozone-reconcodegen/0.5.0-SNAPSHOT/hadoop-ozone-reconcodegen-0.5.0-SNAPSHOT.jar:/home/user/.m2/repository/com/google/inject/extensions/guice-multibindings/4.0/guice-multibindings-4.0.jar:/home/user/.m2/repository/com/google/inject/guice/4.0/guice-4.0.jar:/home/user/.m2/repository/aopalliance/aopalliance/1.0/aopalliance-1.0.jar:/home/user/.m2/repository/org/glassfish/jersey/containers/jersey-container-servlet/2.27/jersey-container-servlet-2.27.jar:/home/user/.m2/repository/org/glassfish/hk2/guice-bridge/2.5.0/guice-bridge-2.5.0.jar:/home/user/.m2/repository/org/glassfish/jersey/core/jersey-server/2.27/jersey-server-2.27.jar:/home/user/.m2/repository/org/glassfish/jersey/core/jersey-client/2.27/jersey-client-2.27.jar:/home/user/.m2/repository/org/glassfish/jersey/media/jersey-media-jaxb/2.27/jersey-media-jaxb-2.27.jar:/home/user/.m2/repository/javax/validation/validation-api/1.1.0.Final/validation-api-1.1.0.Final.jar:/home/user/.m2/repository/org/glassfish/jersey/media/jersey-media-json-jackson/2.27/jersey-media-json-jackson-2.27.jar:/home/user/.m2/repository/org/glassfish/jersey/ext/jersey-entity-filtering/2.27/jersey-entity-filtering-2.27.jar:/home/user/.m2/repository/com/google/inject/extensions/guice-assistedinject/4.0/guice-assistedinject-4.0.jar:/home/user/.m2/repository/org/jooq/jooq/3.11.10/jooq-3.11.10.jar:/home/user/.m2/repository/org/jooq/jooq-meta/3.11.10/jooq-meta-3.11.10.jar:/home/user/.m2/repository/org/jooq/jooq-codegen/3.11.10/jooq-codegen-3.11.10.jar:/home/user/.m2/repository/com/jolbox/bonecp/0.8.0.RELEASE/bonecp-0.8.0.RELEASE.jar:/home/user/.m2/repository/org/springframework/spring-jdbc/5.1.3.RELEASE/spring-jdbc-5.1.3.RELEASE.jar:/home/user/.m2/repository/org/springframework/spring-beans/5.1.3.RELEASE/spring-beans-5.1.3.RELEASE.jar:/home/user/.m2/repository/org/springframework/spring-core/5.1.3.RELEASE/spring-core-5.1.3.RELEASE.jar:/home/user/.m2/repository/org/springframework/spring-jcl/5.1.3.RELEASE/spring-jcl-5.1.3.RELEASE.jar:/home/user/.m2/repository/org/springframework/spring-tx/5.1.3.RELEASE/spring-tx-5.1.3.RELEASE.jar:/home/user/.m2/repository/org/mockito/mockito-all/1.10.19/mockito-all-1.10.19.jar:/home/user/.m2/repository/junit/junit/4.11/junit-4.11.jar:/home/user/.m2/repository/org/hamcrest/hamcrest-core/1.3/hamcrest-core-1.3.jar:/home/user/.m2/repository/org/apache/hadoop/hadoop-distcp/3.2.0/hadoop-distcp-3.2.0.jar:/home/user/.m2/repository/org/apache/hadoop/hadoop-distcp/3.2.0/hadoop-distcp-3.2.0-tests.jar:/home/user/.m2/repository/org/apache/hadoop/hadoop-mapreduce-client-jobclient/3.2.0/hadoop-mapreduce-client-jobclient-3.2.0.jar:/home/user/.m2/repository/org/apache/hadoop/hadoop-mapreduce-client-common/3.2.0/hadoop-mapreduce-client-common-3.2.0.jar:/home/user/.m2/repository/org/apache/hadoop/hadoop-yarn-common/3.2.0/hadoop-yarn-common-3.2.0.jar:/home/user/.m2/repository/org/apache/hadoop/hadoop-yarn-api/3.2.0/hadoop-yarn-api-3.2.0.jar:/home/user/.m2/repository/com/sun/jersey/jersey-client/1.19/jersey-client-1.19.jar:/home/user/.m2/repository/com/sun/jersey/contribs/jersey-guice/1.19/jersey-guice-1.19.jar:/home/user/.m2/repository/com/fasterxml/jackson/jaxrs/jackson-jaxrs-json-provider/2.9.5/jackson-jaxrs-json-provider-2.9.5.jar:/home/user/.m2/repository/com/fasterxml/jackson/jaxrs/jackson-jaxrs-base/2.9.5/jackson-jaxrs-base-2.9.5.jar:/home/user/.m2/repository/org/apache/hadoop/hadoop-yarn-client/3.2.0/hadoop-yarn-client-3.2.0.jar:/home/user/.m2/repository/org/apache/hadoop/hadoop-mapreduce-client-core/3.2.0/hadoop-mapreduce-client-core-3.2.0.jar:/home/user/.m2/repository/com/google/inject/extensions/guice-servlet/4.0/guice-servlet-4.0.jar:/home/user/.m2/repository/org/powermock/powermock-module-junit4/1.6.5/powermock-module-junit4-1.6.5.jar:/home/user/.m2/repository/org/powermock/powermock-module-junit4-common/1.6.5/powermock-module-junit4-common-1.6.5.jar:/home/user/.m2/repository/org/powermock/powermock-core/1.6.5/powermock-core-1.6.5.jar:/home/user/.m2/repository/org/powermock/powermock-reflect/1.6.5/powermock-reflect-1.6.5.jar:/home/user/.m2/repository/org/powermock/powermock-api-mockito/1.6.5/powermock-api-mockito-1.6.5.jar:/home/user/.m2/repository/org/mockito/mockito-core/1.10.19/mockito-core-1.10.19.jar:/home/user/.m2/repository/org/objenesis/objenesis/1.0/objenesis-1.0.jar:/home/user/.m2/repository/org/powermock/powermock-api-mockito-common/1.6.5/powermock-api-mockito-common-1.6.5.jar:/home/user/.m2/repository/org/powermock/powermock-api-support/1.6.5/powermock-api-support-1.6.5.jar:"/>
    <property name="java.vm.vendor" value="IcedTea"/>
    <property name="sun.arch.data.model" value="64"/>
    <property name="test.build.dir" value="/workdir/hadoop-ozone/ozonefs/target/test-dir"/>
    <property name="test.cache.data" value=""/>
    <property name="java.vendor.url" value="https://icedtea.classpath.org"/>
    <property name="user.timezone" value=""/>
    <property name="java.vm.specification.version" value="1.8"/>
    <property name="os.name" value="Linux"/>
    <property name="test.build.data" value="/workdir/hadoop-ozone/ozonefs/target/test-dir"/>
    <property name="user.country" value="US"/>
    <property name="sun.java.launcher" value="SUN_STANDARD"/>
    <property name="sun.boot.library.path" value="/usr/lib/jvm/java-1.8-openjdk/jre/lib/amd64"/>
    <property name="sun.java.command" value="/workdir/hadoop-ozone/ozonefs/target/surefire/surefirebooter266540916383535197.jar /workdir/hadoop-ozone/ozonefs/target/surefire 2019-09-20T03-51-17_086-jvmRun1 surefire5221592924289193489tmp surefire_1127808090874578723524tmp"/>
    <property name="test" value="!TestMiniChaosOzoneCluster"/>
    <property name="surefire.test.class.path" value="/workdir/hadoop-ozone/ozonefs/target/test-classes:/workdir/hadoop-ozone/ozonefs/target/classes:/home/user/.m2/repository/org/apache/hadoop/hadoop-common/3.2.0/hadoop-common-3.2.0.jar:/home/user/.m2/repository/org/apache/hadoop/hadoop-annotations/3.2.0/hadoop-annotations-3.2.0.jar:/usr/lib/jvm/java-1.8-openjdk/jre/../lib/tools.jar:/home/user/.m2/repository/com/google/guava/guava/11.0.2/guava-11.0.2.jar:/home/user/.m2/repository/commons-cli/commons-cli/1.2/commons-cli-1.2.jar:/home/user/.m2/repository/org/apache/commons/commons-math3/3.1.1/commons-math3-3.1.1.jar:/home/user/.m2/repository/org/apache/httpcomponents/httpclient/4.5.2/httpclient-4.5.2.jar:/home/user/.m2/repository/org/apache/httpcomponents/httpcore/4.4.4/httpcore-4.4.4.jar:/home/user/.m2/repository/commons-codec/commons-codec/1.11/commons-codec-1.11.jar:/home/user/.m2/repository/commons-io/commons-io/2.5/commons-io-2.5.jar:/home/user/.m2/repository/commons-net/commons-net/3.6/commons-net-3.6.jar:/home/user/.m2/repository/commons-collections/commons-collections/3.2.2/commons-collections-3.2.2.jar:/home/user/.m2/repository/javax/servlet/javax.servlet-api/3.1.0/javax.servlet-api-3.1.0.jar:/home/user/.m2/repository/org/eclipse/jetty/jetty-server/9.3.24.v20180605/jetty-server-9.3.24.v20180605.jar:/home/user/.m2/repository/org/eclipse/jetty/jetty-http/9.3.24.v20180605/jetty-http-9.3.24.v20180605.jar:/home/user/.m2/repository/org/eclipse/jetty/jetty-io/9.3.24.v20180605/jetty-io-9.3.24.v20180605.jar:/home/user/.m2/repository/org/eclipse/jetty/jetty-util/9.3.24.v20180605/jetty-util-9.3.24.v20180605.jar:/home/user/.m2/repository/org/eclipse/jetty/jetty-servlet/9.3.24.v20180605/jetty-servlet-9.3.24.v20180605.jar:/home/user/.m2/repository/org/eclipse/jetty/jetty-security/9.3.24.v20180605/jetty-security-9.3.24.v20180605.jar:/home/user/.m2/repository/org/eclipse/jetty/jetty-webapp/9.3.24.v20180605/jetty-webapp-9.3.24.v20180605.jar:/home/user/.m2/repository/org/eclipse/jetty/jetty-xml/9.3.24.v20180605/jetty-xml-9.3.24.v20180605.jar:/home/user/.m2/repository/javax/servlet/jsp/jsp-api/2.1/jsp-api-2.1.jar:/home/user/.m2/repository/com/sun/jersey/jersey-core/1.19/jersey-core-1.19.jar:/home/user/.m2/repository/javax/ws/rs/jsr311-api/1.1.1/jsr311-api-1.1.1.jar:/home/user/.m2/repository/com/sun/jersey/jersey-servlet/1.19/jersey-servlet-1.19.jar:/home/user/.m2/repository/com/sun/jersey/jersey-json/1.19/jersey-json-1.19.jar:/home/user/.m2/repository/org/codehaus/jettison/jettison/1.1/jettison-1.1.jar:/home/user/.m2/repository/com/sun/xml/bind/jaxb-impl/2.3.0.1/jaxb-impl-2.3.0.1.jar:/home/user/.m2/repository/org/codehaus/jackson/jackson-core-asl/1.9.13/jackson-core-asl-1.9.13.jar:/home/user/.m2/repository/org/codehaus/jackson/jackson-mapper-asl/1.9.13/jackson-mapper-asl-1.9.13.jar:/home/user/.m2/repository/org/codehaus/jackson/jackson-jaxrs/1.9.13/jackson-jaxrs-1.9.13.jar:/home/user/.m2/repository/org/codehaus/jackson/jackson-xc/1.9.13/jackson-xc-1.9.13.jar:/home/user/.m2/repository/com/sun/jersey/jersey-server/1.19/jersey-server-1.19.jar:/home/user/.m2/repository/commons-logging/commons-logging/1.1.3/commons-logging-1.1.3.jar:/home/user/.m2/repository/log4j/log4j/1.2.17/log4j-1.2.17.jar:/home/user/.m2/repository/commons-beanutils/commons-beanutils/1.9.3/commons-beanutils-1.9.3.jar:/home/user/.m2/repository/org/apache/commons/commons-configuration2/2.1.1/commons-configuration2-2.1.1.jar:/home/user/.m2/repository/org/apache/commons/commons-lang3/3.7/commons-lang3-3.7.jar:/home/user/.m2/repository/org/apache/commons/commons-text/1.4/commons-text-1.4.jar:/home/user/.m2/repository/org/slf4j/slf4j-api/1.7.25/slf4j-api-1.7.25.jar:/home/user/.m2/repository/org/slf4j/slf4j-log4j12/1.7.25/slf4j-log4j12-1.7.25.jar:/home/user/.m2/repository/org/apache/avro/avro/1.7.7/avro-1.7.7.jar:/home/user/.m2/repository/com/thoughtworks/paranamer/paranamer/2.3/paranamer-2.3.jar:/home/user/.m2/repository/org/xerial/snappy/snappy-java/1.0.5/snappy-java-1.0.5.jar:/home/user/.m2/repository/com/google/re2j/re2j/1.1/re2j-1.1.jar:/home/user/.m2/repository/com/google/protobuf/protobuf-java/2.5.0/protobuf-java-2.5.0.jar:/home/user/.m2/repository/com/google/code/gson/gson/2.2.4/gson-2.2.4.jar:/home/user/.m2/repository/org/apache/hadoop/hadoop-auth/3.2.0/hadoop-auth-3.2.0.jar:/home/user/.m2/repository/com/nimbusds/nimbus-jose-jwt/4.41.1/nimbus-jose-jwt-4.41.1.jar:/home/user/.m2/repository/com/github/stephenc/jcip/jcip-annotations/1.0-1/jcip-annotations-1.0-1.jar:/home/user/.m2/repository/net/minidev/json-smart/2.3/json-smart-2.3.jar:/home/user/.m2/repository/net/minidev/accessors-smart/1.2/accessors-smart-1.2.jar:/home/user/.m2/repository/org/apache/curator/curator-framework/2.12.0/curator-framework-2.12.0.jar:/home/user/.m2/repository/com/jcraft/jsch/0.1.54/jsch-0.1.54.jar:/home/user/.m2/repository/org/apache/curator/curator-client/2.12.0/curator-client-2.12.0.jar:/home/user/.m2/repository/org/apache/curator/curator-recipes/2.12.0/curator-recipes-2.12.0.jar:/home/user/.m2/repository/com/google/code/findbugs/jsr305/3.0.0/jsr305-3.0.0.jar:/home/user/.m2/repository/org/apache/htrace/htrace-core4/4.1.0-incubating/htrace-core4-4.1.0-incubating.jar:/home/user/.m2/repository/org/apache/zookeeper/zookeeper/3.4.13/zookeeper-3.4.13.jar:/home/user/.m2/repository/org/apache/yetus/audience-annotations/0.5.0/audience-annotations-0.5.0.jar:/home/user/.m2/repository/org/apache/commons/commons-compress/1.4.1/commons-compress-1.4.1.jar:/home/user/.m2/repository/org/tukaani/xz/1.0/xz-1.0.jar:/home/user/.m2/repository/org/apache/kerby/kerb-simplekdc/1.0.1/kerb-simplekdc-1.0.1.jar:/home/user/.m2/repository/org/apache/kerby/kerb-client/1.0.1/kerb-client-1.0.1.jar:/home/user/.m2/repository/org/apache/kerby/kerby-config/1.0.1/kerby-config-1.0.1.jar:/home/user/.m2/repository/org/apache/kerby/kerb-core/1.0.1/kerb-core-1.0.1.jar:/home/user/.m2/repository/org/apache/kerby/kerby-pkix/1.0.1/kerby-pkix-1.0.1.jar:/home/user/.m2/repository/org/apache/kerby/kerby-asn1/1.0.1/kerby-asn1-1.0.1.jar:/home/user/.m2/repository/org/apache/kerby/kerby-util/1.0.1/kerby-util-1.0.1.jar:/home/user/.m2/repository/org/apache/kerby/kerb-common/1.0.1/kerb-common-1.0.1.jar:/home/user/.m2/repository/org/apache/kerby/kerb-crypto/1.0.1/kerb-crypto-1.0.1.jar:/home/user/.m2/repository/org/apache/kerby/kerb-util/1.0.1/kerb-util-1.0.1.jar:/home/user/.m2/repository/org/apache/kerby/token-provider/1.0.1/token-provider-1.0.1.jar:/home/user/.m2/repository/org/apache/kerby/kerb-admin/1.0.1/kerb-admin-1.0.1.jar:/home/user/.m2/repository/org/apache/kerby/kerb-server/1.0.1/kerb-server-1.0.1.jar:/home/user/.m2/repository/org/apache/kerby/kerb-identity/1.0.1/kerb-identity-1.0.1.jar:/home/user/.m2/repository/org/apache/kerby/kerby-xdr/1.0.1/kerby-xdr-1.0.1.jar:/home/user/.m2/repository/com/fasterxml/jackson/core/jackson-databind/2.9.5/jackson-databind-2.9.5.jar:/home/user/.m2/repository/com/fasterxml/jackson/core/jackson-annotations/2.9.5/jackson-annotations-2.9.5.jar:/home/user/.m2/repository/com/fasterxml/jackson/core/jackson-core/2.9.5/jackson-core-2.9.5.jar:/home/user/.m2/repository/org/codehaus/woodstox/stax2-api/3.1.4/stax2-api-3.1.4.jar:/home/user/.m2/repository/com/fasterxml/woodstox/woodstox-core/5.0.3/woodstox-core-5.0.3.jar:/home/user/.m2/repository/dnsjava/dnsjava/2.1.7/dnsjava-2.1.7.jar:/home/user/.m2/repository/org/apache/hadoop/hadoop-hdfs/3.2.0/hadoop-hdfs-3.2.0.jar:/home/user/.m2/repository/org/eclipse/jetty/jetty-util-ajax/9.3.24.v20180605/jetty-util-ajax-9.3.24.v20180605.jar:/home/user/.m2/repository/commons-daemon/commons-daemon/1.0.13/commons-daemon-1.0.13.jar:/home/user/.m2/repository/io/netty/netty/3.10.5.Final/netty-3.10.5.Final.jar:/home/user/.m2/repository/io/netty/netty-all/4.0.52.Final/netty-all-4.0.52.Final.jar:/home/user/.m2/repository/org/fusesource/leveldbjni/leveldbjni-all/1.8/leveldbjni-all-1.8.jar:/home/user/.m2/repository/org/apache/hadoop/hadoop-hdds-common/0.5.0-SNAPSHOT/hadoop-hdds-common-0.5.0-SNAPSHOT.jar:/home/user/.m2/repository/org/apache/hadoop/hadoop-hdds-config/0.5.0-SNAPSHOT/hadoop-hdds-config-0.5.0-SNAPSHOT.jar:/home/user/.m2/repository/javax/annotation/javax.annotation-api/1.2/javax.annotation-api-1.2.jar:/home/user/.m2/repository/org/apache/ratis/ratis-server/0.4.0-2337318-SNAPSHOT/ratis-server-0.4.0-2337318-SNAPSHOT.jar:/home/user/.m2/repository/org/apache/ratis/ratis-thirdparty-misc/0.2.0/ratis-thirdparty-misc-0.2.0.jar:/home/user/.m2/repository/org/apache/ratis/ratis-proto/0.4.0-2337318-SNAPSHOT/ratis-proto-0.4.0-2337318-SNAPSHOT.jar:/home/user/.m2/repository/org/apache/ratis/ratis-common/0.4.0-2337318-SNAPSHOT/ratis-common-0.4.0-2337318-SNAPSHOT.jar:/home/user/.m2/repository/org/apache/ratis/ratis-client/0.4.0-2337318-SNAPSHOT/ratis-client-0.4.0-2337318-SNAPSHOT.jar:/home/user/.m2/repository/org/apache/ratis/ratis-metrics/0.4.0-2337318-SNAPSHOT/ratis-metrics-0.4.0-2337318-SNAPSHOT.jar:/home/user/.m2/repository/org/apache/ratis/ratis-netty/0.4.0-2337318-SNAPSHOT/ratis-netty-0.4.0-2337318-SNAPSHOT.jar:/home/user/.m2/repository/org/apache/ratis/ratis-grpc/0.4.0-2337318-SNAPSHOT/ratis-grpc-0.4.0-2337318-SNAPSHOT.jar:/home/user/.m2/repository/org/rocksdb/rocksdbjni/6.0.1/rocksdbjni-6.0.1.jar:/home/user/.m2/repository/org/apache/logging/log4j/log4j-api/2.11.0/log4j-api-2.11.0.jar:/home/user/.m2/repository/org/apache/logging/log4j/log4j-core/2.11.0/log4j-core-2.11.0.jar:/home/user/.m2/repository/com/lmax/disruptor/3.4.2/disruptor-3.4.2.jar:/home/user/.m2/repository/org/apache/commons/commons-pool2/2.6.0/commons-pool2-2.6.0.jar:/home/user/.m2/repository/org/bouncycastle/bcpkix-jdk15on/1.60/bcpkix-jdk15on-1.60.jar:/home/user/.m2/repository/commons-validator/commons-validator/1.6/commons-validator-1.6.jar:/home/user/.m2/repository/commons-digester/commons-digester/1.8.1/commons-digester-1.8.1.jar:/home/user/.m2/repository/io/jaegertracing/jaeger-client/0.33.1/jaeger-client-0.33.1.jar:/home/user/.m2/repository/io/jaegertracing/jaeger-thrift/0.33.1/jaeger-thrift-0.33.1.jar:/home/user/.m2/repository/org/apache/thrift/libthrift/0.11.0/libthrift-0.11.0.jar:/home/user/.m2/repository/com/squareup/okhttp3/okhttp/3.9.0/okhttp-3.9.0.jar:/home/user/.m2/repository/com/squareup/okio/okio/1.13.0/okio-1.13.0.jar:/home/user/.m2/repository/io/jaegertracing/jaeger-core/0.33.1/jaeger-core-0.33.1.jar:/home/user/.m2/repository/io/jaegertracing/jaeger-tracerresolver/0.33.1/jaeger-tracerresolver-0.33.1.jar:/home/user/.m2/repository/io/opentracing/contrib/opentracing-tracerresolver/0.1.5/opentracing-tracerresolver-0.1.5.jar:/home/user/.m2/repository/io/opentracing/opentracing-util/0.31.0/opentracing-util-0.31.0.jar:/home/user/.m2/repository/io/opentracing/opentracing-api/0.31.0/opentracing-api-0.31.0.jar:/home/user/.m2/repository/io/opentracing/opentracing-noop/0.31.0/opentracing-noop-0.31.0.jar:/home/user/.m2/repository/org/yaml/snakeyaml/1.16/snakeyaml-1.16.jar:/home/user/.m2/repository/org/apache/hadoop/hadoop-hdfs-client/3.2.0/hadoop-hdfs-client-3.2.0.jar:/home/user/.m2/repository/info/picocli/picocli/3.9.6/picocli-3.9.6.jar:/home/user/.m2/repository/org/apache/hadoop/hadoop-hdds-server-scm/0.5.0-SNAPSHOT/hadoop-hdds-server-scm-0.5.0-SNAPSHOT.jar:/home/user/.m2/repository/org/apache/hadoop/hadoop-hdds-docs/0.5.0-SNAPSHOT/hadoop-hdds-docs-0.5.0-SNAPSHOT.jar:/home/user/.m2/repository/io/dropwizard/metrics/metrics-core/3.2.4/metrics-core-3.2.4.jar:/home/user/.m2/repository/org/hamcrest/hamcrest-all/1.3/hamcrest-all-1.3.jar:/home/user/.m2/repository/org/bouncycastle/bcprov-jdk15on/1.60/bcprov-jdk15on-1.60.jar:/home/user/.m2/repository/org/apache/hadoop/hadoop-hdds-server-framework/0.5.0-SNAPSHOT/hadoop-hdds-server-framework-0.5.0-SNAPSHOT.jar:/home/user/.m2/repository/org/apache/hadoop/hadoop-ozone-ozone-manager/0.5.0-SNAPSHOT/hadoop-ozone-ozone-manager-0.5.0-SNAPSHOT.jar:/home/user/.m2/repository/org/apache/hadoop/hadoop-hdds-container-service/0.5.0-SNAPSHOT/hadoop-hdds-container-service-0.5.0-SNAPSHOT.jar:/home/user/.m2/repository/org/apache/hadoop/hadoop-hdds-client/0.5.0-SNAPSHOT/hadoop-hdds-client-0.5.0-SNAPSHOT.jar:/home/user/.m2/repository/org/apache/hadoop/hadoop-ozone-common/0.5.0-SNAPSHOT/hadoop-ozone-common-0.5.0-SNAPSHOT.jar:/home/user/.m2/repository/org/apache/hadoop/hadoop-hdds-tools/0.5.0-SNAPSHOT/hadoop-hdds-tools-0.5.0-SNAPSHOT.jar:/home/user/.m2/repository/org/xerial/sqlite-jdbc/3.25.2/sqlite-jdbc-3.25.2.jar:/home/user/.m2/repository/org/apache/hadoop/hadoop-ozone-objectstore-service/0.5.0-SNAPSHOT/hadoop-ozone-objectstore-service-0.5.0-SNAPSHOT.jar:/home/user/.m2/repository/com/google/code/findbugs/findbugs/3.0.1/findbugs-3.0.1.jar:/home/user/.m2/repository/net/jcip/jcip-annotations/1.0/jcip-annotations-1.0.jar:/home/user/.m2/repository/com/google/code/findbugs/bcel-findbugs/6.0/bcel-findbugs-6.0.jar:/home/user/.m2/repository/com/google/code/findbugs/jFormatString/2.0.1/jFormatString-2.0.1.jar:/home/user/.m2/repository/dom4j/dom4j/1.6.1/dom4j-1.6.1.jar:/home/user/.m2/repository/xml-apis/xml-apis/1.0.b2/xml-apis-1.0.b2.jar:/home/user/.m2/repository/org/ow2/asm/asm-debug-all/5.0.2/asm-debug-all-5.0.2.jar:/home/user/.m2/repository/org/ow2/asm/asm-commons/5.0.2/asm-commons-5.0.2.jar:/home/user/.m2/repository/org/ow2/asm/asm-tree/5.0.2/asm-tree-5.0.2.jar:/home/user/.m2/repository/org/ow2/asm/asm/5.0.4/asm-5.0.4.jar:/home/user/.m2/repository/commons-lang/commons-lang/2.6/commons-lang-2.6.jar:/home/user/.m2/repository/com/apple/AppleJavaExtensions/1.4/AppleJavaExtensions-1.4.jar:/home/user/.m2/repository/jaxen/jaxen/1.1.6/jaxen-1.1.6.jar:/home/user/.m2/repository/org/apache/hadoop/hadoop-common/3.2.0/hadoop-common-3.2.0-tests.jar:/home/user/.m2/repository/org/apache/hadoop/hadoop-ozone-client/0.5.0-SNAPSHOT/hadoop-ozone-client-0.5.0-SNAPSHOT.jar:/home/user/.m2/repository/org/apache/hadoop/hadoop-hdfs/3.2.0/hadoop-hdfs-3.2.0-tests.jar:/workdir/hadoop-ozone/integration-test/target/test-classes:/home/user/.m2/repository/org/apache/hadoop/hadoop-ozone-s3gateway/0.5.0-SNAPSHOT/hadoop-ozone-s3gateway-0.5.0-SNAPSHOT.jar:/home/user/.m2/repository/org/jboss/weld/servlet/weld-servlet/2.4.7.Final/weld-servlet-2.4.7.Final.jar:/home/user/.m2/repository/org/glassfish/jersey/containers/jersey-container-servlet-core/2.27/jersey-container-servlet-core-2.27.jar:/home/user/.m2/repository/org/glassfish/hk2/external/javax.inject/2.5.0-b42/javax.inject-2.5.0-b42.jar:/home/user/.m2/repository/org/glassfish/jersey/core/jersey-common/2.27/jersey-common-2.27.jar:/home/user/.m2/repository/org/glassfish/hk2/osgi-resource-locator/1.0.1/osgi-resource-locator-1.0.1.jar:/home/user/.m2/repository/javax/ws/rs/javax.ws.rs-api/2.1/javax.ws.rs-api-2.1.jar:/home/user/.m2/repository/org/glassfish/jersey/ext/cdi/jersey-cdi1x/2.27/jersey-cdi1x-2.27.jar:/home/user/.m2/repository/org/glassfish/jersey/inject/jersey-hk2/2.27/jersey-hk2-2.27.jar:/home/user/.m2/repository/org/glassfish/hk2/hk2-locator/2.5.0-b42/hk2-locator-2.5.0-b42.jar:/home/user/.m2/repository/org/javassist/javassist/3.22.0-CR2/javassist-3.22.0-CR2.jar:/home/user/.m2/repository/org/glassfish/hk2/hk2-api/2.5.0/hk2-api-2.5.0.jar:/home/user/.m2/repository/org/glassfish/hk2/external/jakarta.inject/2.5.0/jakarta.inject-2.5.0.jar:/home/user/.m2/repository/org/glassfish/hk2/hk2-utils/2.5.0/hk2-utils-2.5.0.jar:/home/user/.m2/repository/jakarta/annotation/jakarta.annotation-api/1.3.4/jakarta.annotation-api-1.3.4.jar:/home/user/.m2/repository/org/glassfish/hk2/external/aopalliance-repackaged/2.5.0/aopalliance-repackaged-2.5.0.jar:/home/user/.m2/repository/com/fasterxml/jackson/dataformat/jackson-dataformat-xml/2.9.0/jackson-dataformat-xml-2.9.0.jar:/home/user/.m2/repository/com/fasterxml/jackson/module/jackson-module-jaxb-annotations/2.9.5/jackson-module-jaxb-annotations-2.9.5.jar:/home/user/.m2/repository/javax/enterprise/cdi-api/1.2/cdi-api-1.2.jar:/home/user/.m2/repository/javax/el/javax.el-api/3.0.0/javax.el-api-3.0.0.jar:/home/user/.m2/repository/javax/interceptor/javax.interceptor-api/1.2/javax.interceptor-api-1.2.jar:/home/user/.m2/repository/javax/inject/javax.inject/1/javax.inject-1.jar:/home/user/.m2/repository/com/sun/xml/bind/jaxb-core/2.3.0.1/jaxb-core-2.3.0.1.jar:/home/user/.m2/repository/javax/xml/bind/jaxb-api/2.3.0/jaxb-api-2.3.0.jar:/home/user/.m2/repository/javax/activation/activation/1.1.1/activation-1.1.1.jar:/home/user/.m2/repository/org/apache/hadoop/hadoop-ozone-csi/0.5.0-SNAPSHOT/hadoop-ozone-csi-0.5.0-SNAPSHOT.jar:/home/user/.m2/repository/com/google/protobuf/protobuf-java-util/3.5.1/protobuf-java-util-3.5.1.jar:/home/user/.m2/repository/io/grpc/grpc-netty/1.17.1/grpc-netty-1.17.1.jar:/home/user/.m2/repository/io/grpc/grpc-core/1.17.1/grpc-core-1.17.1.jar:/home/user/.m2/repository/io/grpc/grpc-context/1.17.1/grpc-context-1.17.1.jar:/home/user/.m2/repository/com/google/errorprone/error_prone_annotations/2.2.0/error_prone_annotations-2.2.0.jar:/home/user/.m2/repository/org/codehaus/mojo/animal-sniffer-annotations/1.17/animal-sniffer-annotations-1.17.jar:/home/user/.m2/repository/io/opencensus/opencensus-api/0.17.0/opencensus-api-0.17.0.jar:/home/user/.m2/repository/io/opencensus/opencensus-contrib-grpc-metrics/0.17.0/opencensus-contrib-grpc-metrics-0.17.0.jar:/home/user/.m2/repository/io/netty/netty-codec-http2/4.1.30.Final/netty-codec-http2-4.1.30.Final.jar:/home/user/.m2/repository/io/netty/netty-codec-http/4.1.30.Final/netty-codec-http-4.1.30.Final.jar:/home/user/.m2/repository/io/netty/netty-codec/4.1.30.Final/netty-codec-4.1.30.Final.jar:/home/user/.m2/repository/io/netty/netty-handler/4.1.30.Final/netty-handler-4.1.30.Final.jar:/home/user/.m2/repository/io/netty/netty-handler-proxy/4.1.30.Final/netty-handler-proxy-4.1.30.Final.jar:/home/user/.m2/repository/io/netty/netty-codec-socks/4.1.30.Final/netty-codec-socks-4.1.30.Final.jar:/home/user/.m2/repository/io/netty/netty-transport-native-epoll/4.1.30.Final/netty-transport-native-epoll-4.1.30.Final.jar:/home/user/.m2/repository/io/netty/netty-common/4.1.30.Final/netty-common-4.1.30.Final.jar:/home/user/.m2/repository/io/netty/netty-buffer/4.1.30.Final/netty-buffer-4.1.30.Final.jar:/home/user/.m2/repository/io/netty/netty-transport/4.1.30.Final/netty-transport-4.1.30.Final.jar:/home/user/.m2/repository/io/netty/netty-resolver/4.1.30.Final/netty-resolver-4.1.30.Final.jar:/home/user/.m2/repository/io/netty/netty-transport-native-unix-common/4.1.30.Final/netty-transport-native-unix-common-4.1.30.Final.jar:/home/user/.m2/repository/io/grpc/grpc-protobuf/1.17.1/grpc-protobuf-1.17.1.jar:/home/user/.m2/repository/com/google/api/grpc/proto-google-common-protos/1.0.0/proto-google-common-protos-1.0.0.jar:/home/user/.m2/repository/io/grpc/grpc-protobuf-lite/1.17.1/grpc-protobuf-lite-1.17.1.jar:/home/user/.m2/repository/io/grpc/grpc-stub/1.17.1/grpc-stub-1.17.1.jar:/home/user/.m2/repository/org/apache/hadoop/hadoop-ozone-recon/0.5.0-SNAPSHOT/hadoop-ozone-recon-0.5.0-SNAPSHOT.jar:/home/user/.m2/repository/org/apache/hadoop/hadoop-ozone-reconcodegen/0.5.0-SNAPSHOT/hadoop-ozone-reconcodegen-0.5.0-SNAPSHOT.jar:/home/user/.m2/repository/com/google/inject/extensions/guice-multibindings/4.0/guice-multibindings-4.0.jar:/home/user/.m2/repository/com/google/inject/guice/4.0/guice-4.0.jar:/home/user/.m2/repository/aopalliance/aopalliance/1.0/aopalliance-1.0.jar:/home/user/.m2/repository/org/glassfish/jersey/containers/jersey-container-servlet/2.27/jersey-container-servlet-2.27.jar:/home/user/.m2/repository/org/glassfish/hk2/guice-bridge/2.5.0/guice-bridge-2.5.0.jar:/home/user/.m2/repository/org/glassfish/jersey/core/jersey-server/2.27/jersey-server-2.27.jar:/home/user/.m2/repository/org/glassfish/jersey/core/jersey-client/2.27/jersey-client-2.27.jar:/home/user/.m2/repository/org/glassfish/jersey/media/jersey-media-jaxb/2.27/jersey-media-jaxb-2.27.jar:/home/user/.m2/repository/javax/validation/validation-api/1.1.0.Final/validation-api-1.1.0.Final.jar:/home/user/.m2/repository/org/glassfish/jersey/media/jersey-media-json-jackson/2.27/jersey-media-json-jackson-2.27.jar:/home/user/.m2/repository/org/glassfish/jersey/ext/jersey-entity-filtering/2.27/jersey-entity-filtering-2.27.jar:/home/user/.m2/repository/com/google/inject/extensions/guice-assistedinject/4.0/guice-assistedinject-4.0.jar:/home/user/.m2/repository/org/jooq/jooq/3.11.10/jooq-3.11.10.jar:/home/user/.m2/repository/org/jooq/jooq-meta/3.11.10/jooq-meta-3.11.10.jar:/home/user/.m2/repository/org/jooq/jooq-codegen/3.11.10/jooq-codegen-3.11.10.jar:/home/user/.m2/repository/com/jolbox/bonecp/0.8.0.RELEASE/bonecp-0.8.0.RELEASE.jar:/home/user/.m2/repository/org/springframework/spring-jdbc/5.1.3.RELEASE/spring-jdbc-5.1.3.RELEASE.jar:/home/user/.m2/repository/org/springframework/spring-beans/5.1.3.RELEASE/spring-beans-5.1.3.RELEASE.jar:/home/user/.m2/repository/org/springframework/spring-core/5.1.3.RELEASE/spring-core-5.1.3.RELEASE.jar:/home/user/.m2/repository/org/springframework/spring-jcl/5.1.3.RELEASE/spring-jcl-5.1.3.RELEASE.jar:/home/user/.m2/repository/org/springframework/spring-tx/5.1.3.RELEASE/spring-tx-5.1.3.RELEASE.jar:/home/user/.m2/repository/org/mockito/mockito-all/1.10.19/mockito-all-1.10.19.jar:/home/user/.m2/repository/junit/junit/4.11/junit-4.11.jar:/home/user/.m2/repository/org/hamcrest/hamcrest-core/1.3/hamcrest-core-1.3.jar:/home/user/.m2/repository/org/apache/hadoop/hadoop-distcp/3.2.0/hadoop-distcp-3.2.0.jar:/home/user/.m2/repository/org/apache/hadoop/hadoop-distcp/3.2.0/hadoop-distcp-3.2.0-tests.jar:/home/user/.m2/repository/org/apache/hadoop/hadoop-mapreduce-client-jobclient/3.2.0/hadoop-mapreduce-client-jobclient-3.2.0.jar:/home/user/.m2/repository/org/apache/hadoop/hadoop-mapreduce-client-common/3.2.0/hadoop-mapreduce-client-common-3.2.0.jar:/home/user/.m2/repository/org/apache/hadoop/hadoop-yarn-common/3.2.0/hadoop-yarn-common-3.2.0.jar:/home/user/.m2/repository/org/apache/hadoop/hadoop-yarn-api/3.2.0/hadoop-yarn-api-3.2.0.jar:/home/user/.m2/repository/com/sun/jersey/jersey-client/1.19/jersey-client-1.19.jar:/home/user/.m2/repository/com/sun/jersey/contribs/jersey-guice/1.19/jersey-guice-1.19.jar:/home/user/.m2/repository/com/fasterxml/jackson/jaxrs/jackson-jaxrs-json-provider/2.9.5/jackson-jaxrs-json-provider-2.9.5.jar:/home/user/.m2/repository/com/fasterxml/jackson/jaxrs/jackson-jaxrs-base/2.9.5/jackson-jaxrs-base-2.9.5.jar:/home/user/.m2/repository/org/apache/hadoop/hadoop-yarn-client/3.2.0/hadoop-yarn-client-3.2.0.jar:/home/user/.m2/repository/org/apache/hadoop/hadoop-mapreduce-client-core/3.2.0/hadoop-mapreduce-client-core-3.2.0.jar:/home/user/.m2/repository/com/google/inject/extensions/guice-servlet/4.0/guice-servlet-4.0.jar:/home/user/.m2/repository/org/powermock/powermock-module-junit4/1.6.5/powermock-module-junit4-1.6.5.jar:/home/user/.m2/repository/org/powermock/powermock-module-junit4-common/1.6.5/powermock-module-junit4-common-1.6.5.jar:/home/user/.m2/repository/org/powermock/powermock-core/1.6.5/powermock-core-1.6.5.jar:/home/user/.m2/repository/org/powermock/powermock-reflect/1.6.5/powermock-reflect-1.6.5.jar:/home/user/.m2/repository/org/powermock/powermock-api-mockito/1.6.5/powermock-api-mockito-1.6.5.jar:/home/user/.m2/repository/org/mockito/mockito-core/1.10.19/mockito-core-1.10.19.jar:/home/user/.m2/repository/org/objenesis/objenesis/1.0/objenesis-1.0.jar:/home/user/.m2/repository/org/powermock/powermock-api-mockito-common/1.6.5/powermock-api-mockito-common-1.6.5.jar:/home/user/.m2/repository/org/powermock/powermock-api-support/1.6.5/powermock-api-support-1.6.5.jar:"/>
    <property name="sun.cpu.endian" value="little"/>
    <property name="user.home" value="/home/user"/>
    <property name="user.language" value="en"/>
    <property name="java.specification.vendor" value="Oracle Corporation"/>
    <property name="java.home" value="/usr/lib/jvm/java-1.8-openjdk/jre"/>
    <property name="java.security.krb5.conf" value="/workdir/hadoop-ozone/ozonefs/target/test-classes/krb5.conf"/>
    <property name="basedir" value="/workdir/hadoop-ozone/ozonefs"/>
    <property name="file.separator" value="/"/>
    <property name="line.separator" value="&#10;"/>
    <property name="java.vm.specification.vendor" value="Oracle Corporation"/>
    <property name="java.specification.name" value="Java Platform API Specification"/>
    <property name="java.awt.graphicsenv" value="sun.awt.X11GraphicsEnvironment"/>
    <property name="surefire.real.class.path" value="/workdir/hadoop-ozone/ozonefs/target/surefire/surefirebooter266540916383535197.jar"/>
    <property name="hadoop.log.dir" value="/workdir/hadoop-ozone/ozonefs/target/log"/>
    <property name="sun.boot.class.path" value="/usr/lib/jvm/java-1.8-openjdk/jre/lib/resources.jar:/usr/lib/jvm/java-1.8-openjdk/jre/lib/rt.jar:/usr/lib/jvm/java-1.8-openjdk/jre/lib/sunrsasign.jar:/usr/lib/jvm/java-1.8-openjdk/jre/lib/jsse.jar:/usr/lib/jvm/java-1.8-openjdk/jre/lib/jce.jar:/usr/lib/jvm/java-1.8-openjdk/jre/lib/charsets.jar:/usr/lib/jvm/java-1.8-openjdk/jre/lib/jfr.jar:/usr/lib/jvm/java-1.8-openjdk/jre/classes"/>
    <property name="sun.management.compiler" value="HotSpot 64-Bit Tiered Compilers"/>
    <property name="java.runtime.version" value="1.8.0_212-b04"/>
    <property name="java.net.preferIPv4Stack" value="true"/>
    <property name="user.name" value="jenkins1000"/>
    <property name="path.separator" value=":"/>
    <property name="java.security.egd" value="file:///dev/urandom"/>
    <property name="os.version" value="3.10.0-957.12.2.el7.x86_64"/>
    <property name="java.endorsed.dirs" value="/usr/lib/jvm/java-1.8-openjdk/jre/lib/endorsed"/>
    <property name="java.runtime.name" value="OpenJDK Runtime Environment"/>
    <property name="file.encoding" value="UTF-8"/>
    <property name="java.vm.name" value="OpenJDK 64-Bit Server VM"/>
    <property name="test.build.webapps" value=""/>
    <property name="localRepository" value="/home/user/.m2/repository"/>
    <property name="java.vendor.url.bug" value="https://icedtea.classpath.org/bugzilla"/>
    <property name="java.io.tmpdir" value="/tmp"/>
    <property name="require.test.libhadoop" value=""/>
    <property name="java.version" value="1.8.0_212"/>
    <property name="user.dir" value="/workdir/hadoop-ozone/ozonefs"/>
    <property name="os.arch" value="amd64"/>
    <property name="java.vm.specification.name" value="Java Virtual Machine Specification"/>
    <property name="test.build.classes" value="/workdir/hadoop-ozone/ozonefs/target/test-classes"/>
    <property name="java.awt.printerjob" value="sun.print.PSPrinterJob"/>
    <property name="sun.os.patch.level" value="unknown"/>
    <property name="hadoop.tmp.dir" value="/workdir/hadoop-ozone/ozonefs/target/tmp"/>
    <property name="java.library.path" value="/usr/lib/jvm/java-1.8-openjdk/jre/lib/amd64/server:/usr/lib/jvm/java-1.8-openjdk/jre/lib/amd64:/usr/lib/jvm/java-1.8-openjdk/jre/../lib/amd64:/workdir/hadoop-ozone/ozonefs/target/native/target/usr/local/lib:/workdir/hadoop-ozone/ozonefs/../../hadoop-common-project/hadoop-common/target/native/target/usr/local/lib:/usr/java/packages/lib/amd64:/usr/lib64:/lib64:/lib:/usr/lib"/>
    <property name="java.vm.info" value="mixed mode"/>
    <property name="java.vendor" value="IcedTea"/>
    <property name="java.vm.version" value="25.212-b04"/>
    <property name="java.ext.dirs" value="/usr/lib/jvm/java-1.8-openjdk/jre/lib/ext:/usr/java/packages/lib/ext"/>
    <property name="sun.io.unicode.encoding" value="UnicodeLittle"/>
    <property name="java.class.version" value="52.0"/>
  </properties>
  <testcase name="testUpdateDeepDirectoryStructureNoChange" classname="org.apache.hadoop.fs.ozone.contract.ITestOzoneContractDistCp" time="26.681">
    <error message="DistCp failure: Job job_local1209324504_0001 has failed: NA" type="java.io.IOException">java.io.IOException: DistCp failure: Job job_local1209324504_0001 has failed: NA
	at org.apache.hadoop.tools.DistCp.waitForJobCompletion(DistCp.java:230)
	at org.apache.hadoop.tools.DistCp.execute(DistCp.java:185)
	at org.apache.hadoop.tools.contract.AbstractContractDistCpTest.runDistCp(AbstractContractDistCpTest.java:560)
	at org.apache.hadoop.tools.contract.AbstractContractDistCpTest.runDistCp(AbstractContractDistCpTest.java:549)
	at org.apache.hadoop.tools.contract.AbstractContractDistCpTest.distCpDeepDirectoryStructure(AbstractContractDistCpTest.java:496)
	at org.apache.hadoop.tools.contract.AbstractContractDistCpTest.testUpdateDeepDirectoryStructureNoChange(AbstractContractDistCpTest.java:231)
	at sun.reflect.NativeMethodAccessorImpl.invoke0(Native Method)
	at sun.reflect.NativeMethodAccessorImpl.invoke(NativeMethodAccessorImpl.java:62)
	at sun.reflect.DelegatingMethodAccessorImpl.invoke(DelegatingMethodAccessorImpl.java:43)
	at java.lang.reflect.Method.invoke(Method.java:498)
	at org.junit.runners.model.FrameworkMethod$1.runReflectiveCall(FrameworkMethod.java:47)
	at org.junit.internal.runners.model.ReflectiveCallable.run(ReflectiveCallable.java:12)
	at org.junit.runners.model.FrameworkMethod.invokeExplosively(FrameworkMethod.java:44)
	at org.junit.internal.runners.statements.InvokeMethod.evaluate(InvokeMethod.java:17)
	at org.junit.internal.runners.statements.RunBefores.evaluate(RunBefores.java:26)
	at org.junit.internal.runners.statements.RunAfters.evaluate(RunAfters.java:27)
	at org.junit.rules.TestWatcher$1.evaluate(TestWatcher.java:55)
	at org.junit.rules.TestWatcher$1.evaluate(TestWatcher.java:55)
	at org.junit.internal.runners.statements.FailOnTimeout$StatementThread.run(FailOnTimeout.java:74)
</error>
    <system-out><![CDATA[2019-09-20 08:44:03,916 [JUnit] WARN  server.ServerUtils (ServerUtils.java:getScmDbDir(145)) - ozone.scm.db.dirs is not configured. We recommend adding this setting. Falling back to ozone.metadata.dirs instead.
2019-09-20 08:44:04,034 [JUnit] WARN  server.ServerUtils (ServerUtils.java:getScmDbDir(145)) - ozone.scm.db.dirs is not configured. We recommend adding this setting. Falling back to ozone.metadata.dirs instead.
2019-09-20 08:44:04,038 [JUnit] WARN  server.ServerUtils (ServerUtils.java:getScmDbDir(145)) - ozone.scm.db.dirs is not configured. We recommend adding this setting. Falling back to ozone.metadata.dirs instead.
2019-09-20 08:44:04,057 [JUnit] INFO  util.log (Log.java:initialized(192)) - Logging initialized @978ms
2019-09-20 08:44:04,179 [JUnit] INFO  db.DBStoreBuilder (DBStoreBuilder.java:addTable(110)) - using custom profile for table: deletedBlocks
2019-09-20 08:44:04,179 [JUnit] INFO  db.DBStoreBuilder (DBStoreBuilder.java:processTables(161)) - Using default column profile:DBProfile.DISK for Table:deletedBlocks
2019-09-20 08:44:04,180 [JUnit] INFO  db.DBStoreBuilder (DBStoreBuilder.java:addTable(110)) - using custom profile for table: validCerts
2019-09-20 08:44:04,180 [JUnit] INFO  db.DBStoreBuilder (DBStoreBuilder.java:processTables(161)) - Using default column profile:DBProfile.DISK for Table:validCerts
2019-09-20 08:44:04,181 [JUnit] INFO  db.DBStoreBuilder (DBStoreBuilder.java:addTable(110)) - using custom profile for table: revokedCerts
2019-09-20 08:44:04,181 [JUnit] INFO  db.DBStoreBuilder (DBStoreBuilder.java:processTables(161)) - Using default column profile:DBProfile.DISK for Table:revokedCerts
2019-09-20 08:44:04,197 [JUnit] INFO  db.DBStoreBuilder (DBStoreBuilder.java:addTable(110)) - using custom profile for table: default
2019-09-20 08:44:04,197 [JUnit] INFO  db.DBStoreBuilder (DBStoreBuilder.java:processTables(167)) - Using default column profile:DBProfile.DISK for Table:default
2019-09-20 08:44:04,199 [JUnit] INFO  db.DBStoreBuilder (DBStoreBuilder.java:getDbProfile(198)) - Using default options. DBProfile.DISK
2019-09-20 08:44:04,506 [JUnit] INFO  net.NodeSchemaLoader (NodeSchemaLoader.java:loadSchemaFromFile(125)) - Loading file from sun.misc.CompoundEnumeration@6b81ce95
2019-09-20 08:44:04,508 [JUnit] INFO  net.NodeSchemaLoader (NodeSchemaLoader.java:loadSchema(171)) - Loading network topology layer schema file
2019-09-20 08:44:04,613 [JUnit] WARN  server.ServerUtils (ServerUtils.java:sanitizeUserArgs(70)) - ozone.scm.stale.node.interval value = 300000 is larger than max = 100000 based on the key value of ozone.scm.heartbeat.thread.interval, reset to the max value 100000.
2019-09-20 08:44:04,615 [JUnit] WARN  server.ServerUtils (ServerUtils.java:sanitizeUserArgs(70)) - ozone.scm.stale.node.interval value = 300000 is larger than max = 100000 based on the key value of ozone.scm.heartbeat.thread.interval, reset to the max value 100000.
2019-09-20 08:44:04,618 [JUnit] INFO  node.SCMNodeManager (SCMNodeManager.java:<init>(121)) - Entering startup safe mode.
2019-09-20 08:44:04,758 [JUnit] INFO  algorithms.ContainerPlacementPolicyFactory (ContainerPlacementPolicyFactory.java:getPolicy(56)) - Create container placement policy of type org.apache.hadoop.hdds.scm.container.placement.algorithms.SCMContainerPlacementRandom
2019-09-20 08:44:04,775 [JUnit] WARN  server.ServerUtils (ServerUtils.java:getScmDbDir(145)) - ozone.scm.db.dirs is not configured. We recommend adding this setting. Falling back to ozone.metadata.dirs instead.
2019-09-20 08:44:04,872 [JUnit] INFO  pipeline.SCMPipelineManager (SCMPipelineManager.java:initializePipelineState(126)) - No pipeline exists in current db
2019-09-20 08:44:04,876 [JUnit] WARN  server.ServerUtils (ServerUtils.java:getScmDbDir(145)) - ozone.scm.db.dirs is not configured. We recommend adding this setting. Falling back to ozone.metadata.dirs instead.
2019-09-20 08:44:05,044 [JUnit] WARN  events.EventQueue (EventQueue.java:fireEvent(175)) - No event handler registered for event TypedEvent{payloadType=SafeModeStatus, name='SafeModeStatus'}
2019-09-20 08:44:05,974 [JUnit] INFO  ipc.CallQueueManager (CallQueueManager.java:<init>(84)) - Using callQueue: class java.util.concurrent.LinkedBlockingQueue, queueCapacity: 2000, scheduler: class org.apache.hadoop.ipc.DefaultRpcScheduler, ipcBackoff: false.
2019-09-20 08:44:06,007 [Socket Reader #1 for port 38749] INFO  ipc.Server (Server.java:run(1074)) - Starting Socket Reader #1 for port 38749
2019-09-20 08:44:06,031 [JUnit] INFO  ipc.CallQueueManager (CallQueueManager.java:<init>(84)) - Using callQueue: class java.util.concurrent.LinkedBlockingQueue, queueCapacity: 2000, scheduler: class org.apache.hadoop.ipc.DefaultRpcScheduler, ipcBackoff: false.
2019-09-20 08:44:06,032 [Socket Reader #1 for port 45031] INFO  ipc.Server (Server.java:run(1074)) - Starting Socket Reader #1 for port 45031
2019-09-20 08:44:06,047 [JUnit] INFO  ipc.CallQueueManager (CallQueueManager.java:<init>(84)) - Using callQueue: class java.util.concurrent.LinkedBlockingQueue, queueCapacity: 2000, scheduler: class org.apache.hadoop.ipc.DefaultRpcScheduler, ipcBackoff: false.
2019-09-20 08:44:06,048 [Socket Reader #1 for port 35428] INFO  ipc.Server (Server.java:run(1074)) - Starting Socket Reader #1 for port 35428
2019-09-20 08:44:06,079 [JUnit] INFO  hdfs.DFSUtil (DFSUtil.java:httpServerTemplateForNNAndJN(1641)) - Starting Web-server for scm at: http://0.0.0.0:0
2019-09-20 08:44:06,237 [JUnit] INFO  server.AuthenticationFilter (AuthenticationFilter.java:constructSecretProvider(240)) - Unable to initialize FileSignerSecretProvider, falling back to use random secrets.
2019-09-20 08:44:06,255 [JUnit] WARN  http.HttpRequestLog (HttpRequestLog.java:getRequestLog(97)) - Jetty request log can only be enabled using Log4j
2019-09-20 08:44:06,267 [JUnit] INFO  http.HttpServer2 (HttpServer2.java:addGlobalFilter(975)) - Added global filter 'safety' (class=org.apache.hadoop.http.HttpServer2$QuotingInputFilter)
2019-09-20 08:44:06,269 [JUnit] INFO  http.HttpServer2 (HttpServer2.java:addFilter(948)) - Added filter static_user_filter (class=org.apache.hadoop.http.lib.StaticUserWebFilter$StaticUserFilter) to context scm
2019-09-20 08:44:06,269 [JUnit] INFO  http.HttpServer2 (HttpServer2.java:addFilter(958)) - Added filter static_user_filter (class=org.apache.hadoop.http.lib.StaticUserWebFilter$StaticUserFilter) to context static
2019-09-20 08:44:06,269 [JUnit] INFO  http.HttpServer2 (HttpServer2.java:addFilter(958)) - Added filter static_user_filter (class=org.apache.hadoop.http.lib.StaticUserWebFilter$StaticUserFilter) to context logs
2019-09-20 08:44:06,295 [JUnit] INFO  server.StorageContainerManager (StorageContainerManager.java:start(759)) - StorageContainerLocationProtocol RPC server is listening at /0.0.0.0:35428
2019-09-20 08:44:06,342 [JUnit] WARN  impl.MetricsConfig (MetricsConfig.java:loadFirst(134)) - Cannot locate configuration: tried hadoop-metrics2-storagecontainermanager.properties,hadoop-metrics2.properties
2019-09-20 08:44:06,354 [JUnit] INFO  impl.MetricsSystemImpl (MetricsSystemImpl.java:startTimer(374)) - Scheduled Metric snapshot period at 10 second(s).
2019-09-20 08:44:06,354 [JUnit] INFO  impl.MetricsSystemImpl (MetricsSystemImpl.java:start(191)) - StorageContainerManager metrics system started
2019-09-20 08:44:06,564 [JUnit] INFO  server.SCMClientProtocolServer (SCMClientProtocolServer.java:start(151)) - RPC server for Client  is listening at /0.0.0.0:35428
2019-09-20 08:44:06,565 [IPC Server Responder] INFO  ipc.Server (Server.java:run(1314)) - IPC Server Responder: starting
2019-09-20 08:44:06,565 [IPC Server listener on 35428] INFO  ipc.Server (Server.java:run(1153)) - IPC Server listener on 35428: starting
2019-09-20 08:44:06,568 [JUnit] INFO  server.StorageContainerManager (StorageContainerManager.java:start(769)) - ScmBlockLocationProtocol RPC server is listening at /0.0.0.0:45031
2019-09-20 08:44:06,568 [JUnit] INFO  server.SCMBlockProtocolServer (SCMBlockProtocolServer.java:start(140)) - RPC server for Block Protocol is listening at /0.0.0.0:45031
2019-09-20 08:44:06,568 [IPC Server Responder] INFO  ipc.Server (Server.java:run(1314)) - IPC Server Responder: starting
2019-09-20 08:44:06,568 [IPC Server listener on 45031] INFO  ipc.Server (Server.java:run(1153)) - IPC Server listener on 45031: starting
2019-09-20 08:44:06,571 [JUnit] INFO  server.StorageContainerManager (StorageContainerManager.java:start(773)) - ScmDatanodeProtocl RPC server is listening at /0.0.0.0:38749
2019-09-20 08:44:06,571 [JUnit] INFO  server.SCMDatanodeProtocolServer (SCMDatanodeProtocolServer.java:start(191)) - RPC server for DataNodes is listening at /0.0.0.0:38749
2019-09-20 08:44:06,572 [IPC Server Responder] INFO  ipc.Server (Server.java:run(1314)) - IPC Server Responder: starting
2019-09-20 08:44:06,572 [IPC Server listener on 38749] INFO  ipc.Server (Server.java:run(1153)) - IPC Server listener on 38749: starting
2019-09-20 08:44:06,576 [JUnit] INFO  http.HttpServer2 (HttpServer2.java:bindListener(1191)) - Jetty bound to port 38256
2019-09-20 08:44:06,578 [JUnit] INFO  server.Server (Server.java:doStart(351)) - jetty-9.3.24.v20180605, build timestamp: 2018-06-05T17:11:56Z, git hash: 84205aa28f11a4f31f2a3b86d1bba2cc8ab69827
2019-09-20 08:44:06,611 [JUnit] INFO  handler.ContextHandler (ContextHandler.java:doStart(781)) - Started o.e.j.s.ServletContextHandler@65b3a85a{/logs,file:///workdir/hadoop-ozone/ozonefs/target/log,AVAILABLE}
2019-09-20 08:44:06,612 [JUnit] INFO  handler.ContextHandler (ContextHandler.java:doStart(781)) - Started o.e.j.s.ServletContextHandler@53d1b9b3{/static,jar:file:/home/user/.m2/repository/org/apache/hadoop/hadoop-hdds-server-scm/0.5.0-SNAPSHOT/hadoop-hdds-server-scm-0.5.0-SNAPSHOT.jar!/webapps/static,AVAILABLE}
2019-09-20 08:44:06,680 [JUnit] INFO  handler.ContextHandler (ContextHandler.java:doStart(781)) - Started o.e.j.w.WebAppContext@733037{/,file:///tmp/jetty-0.0.0.0-38256-scm-_-any-2836691840388608463.dir/webapp/,AVAILABLE}{/scm}
2019-09-20 08:44:06,685 [JUnit] INFO  server.AbstractConnector (AbstractConnector.java:doStart(278)) - Started ServerConnector@50b8ae8d{HTTP/1.1,[http/1.1]}{0.0.0.0:38256}
2019-09-20 08:44:06,685 [JUnit] INFO  server.Server (Server.java:doStart(419)) - Started @3606ms
2019-09-20 08:44:06,686 [JUnit] INFO  server.BaseHttpServer (BaseHttpServer.java:updateConnectorAddress(213)) - HTTP server of SCM is listening at http://0.0.0.0:38256
2019-09-20 08:44:06,696 [org.apache.hadoop.util.JvmPauseMonitor$Monitor@7577b641] INFO  util.JvmPauseMonitor (JvmPauseMonitor.java:run(188)) - Starting JVM pause monitor
2019-09-20 08:44:06,701 [JUnit] WARN  server.ServerUtils (ServerUtils.java:getDBPath(222)) - ozone.om.db.dirs is not configured. We recommend adding this setting. Falling back to ozone.metadata.dirs instead.
2019-09-20 08:44:06,834 [JUnit] WARN  server.ServerUtils (ServerUtils.java:getDBPath(222)) - ozone.om.db.dirs is not configured. We recommend adding this setting. Falling back to ozone.metadata.dirs instead.
2019-09-20 08:44:06,835 [JUnit] WARN  server.ServerUtils (ServerUtils.java:getDBPath(222)) - ozone.om.db.dirs is not configured. We recommend adding this setting. Falling back to ozone.metadata.dirs instead.
2019-09-20 08:44:06,836 [JUnit] INFO  om.OzoneManager (OzoneManager.java:setOMNodeDetails(645)) - OM Service ID is not set. Setting it to the default ID: omServiceIdDefault
2019-09-20 08:44:06,836 [JUnit] INFO  om.OzoneManager (OzoneManager.java:setOMNodeDetails(651)) - OM Node ID is not set. Setting it to the OmStorage's OmID: a1d0c9a2-9b67-4af3-a1f8-8c5669c9b817
2019-09-20 08:44:06,838 [JUnit] INFO  om.OzoneManager (OzoneManager.java:loadOMHAConfigs(602)) - Found matching OM address with OMServiceId: null, OMNodeId: null, RPC Address: localhost:0 and Ratis port: 9872
2019-09-20 08:44:07,117 | INFO  | SCMAudit | user=jenkins1000 | ip=192.168.36.79 | op=GET_SCM_INFO null | ret=SUCCESS |  
2019-09-20 08:44:07,637 [JUnit] WARN  server.ServerUtils (ServerUtils.java:getDBPath(222)) - ozone.om.db.dirs is not configured. We recommend adding this setting. Falling back to ozone.metadata.dirs instead.
2019-09-20 08:44:07,647 [JUnit] INFO  db.DBStoreBuilder (DBStoreBuilder.java:addTable(110)) - using custom profile for table: userTable
2019-09-20 08:44:07,647 [JUnit] INFO  db.DBStoreBuilder (DBStoreBuilder.java:processTables(161)) - Using default column profile:DBProfile.DISK for Table:userTable
2019-09-20 08:44:07,647 [JUnit] INFO  db.DBStoreBuilder (DBStoreBuilder.java:addTable(110)) - using custom profile for table: volumeTable
2019-09-20 08:44:07,647 [JUnit] INFO  db.DBStoreBuilder (DBStoreBuilder.java:processTables(161)) - Using default column profile:DBProfile.DISK for Table:volumeTable
2019-09-20 08:44:07,648 [JUnit] INFO  db.DBStoreBuilder (DBStoreBuilder.java:addTable(110)) - using custom profile for table: bucketTable
2019-09-20 08:44:07,648 [JUnit] INFO  db.DBStoreBuilder (DBStoreBuilder.java:processTables(161)) - Using default column profile:DBProfile.DISK for Table:bucketTable
2019-09-20 08:44:07,648 [JUnit] INFO  db.DBStoreBuilder (DBStoreBuilder.java:addTable(110)) - using custom profile for table: keyTable
2019-09-20 08:44:07,648 [JUnit] INFO  db.DBStoreBuilder (DBStoreBuilder.java:processTables(161)) - Using default column profile:DBProfile.DISK for Table:keyTable
2019-09-20 08:44:07,649 [JUnit] INFO  db.DBStoreBuilder (DBStoreBuilder.java:addTable(110)) - using custom profile for table: deletedTable
2019-09-20 08:44:07,649 [JUnit] INFO  db.DBStoreBuilder (DBStoreBuilder.java:processTables(161)) - Using default column profile:DBProfile.DISK for Table:deletedTable
2019-09-20 08:44:07,649 [JUnit] INFO  db.DBStoreBuilder (DBStoreBuilder.java:addTable(110)) - using custom profile for table: openKeyTable
2019-09-20 08:44:07,649 [JUnit] INFO  db.DBStoreBuilder (DBStoreBuilder.java:processTables(161)) - Using default column profile:DBProfile.DISK for Table:openKeyTable
2019-09-20 08:44:07,650 [JUnit] INFO  db.DBStoreBuilder (DBStoreBuilder.java:addTable(110)) - using custom profile for table: s3Table
2019-09-20 08:44:07,650 [JUnit] INFO  db.DBStoreBuilder (DBStoreBuilder.java:processTables(161)) - Using default column profile:DBProfile.DISK for Table:s3Table
2019-09-20 08:44:07,650 [JUnit] INFO  db.DBStoreBuilder (DBStoreBuilder.java:addTable(110)) - using custom profile for table: multipartInfoTable
2019-09-20 08:44:07,650 [JUnit] INFO  db.DBStoreBuilder (DBStoreBuilder.java:processTables(161)) - Using default column profile:DBProfile.DISK for Table:multipartInfoTable
2019-09-20 08:44:07,651 [JUnit] INFO  db.DBStoreBuilder (DBStoreBuilder.java:addTable(110)) - using custom profile for table: dTokenTable
2019-09-20 08:44:07,651 [JUnit] INFO  db.DBStoreBuilder (DBStoreBuilder.java:processTables(161)) - Using default column profile:DBProfile.DISK for Table:dTokenTable
2019-09-20 08:44:07,651 [JUnit] INFO  db.DBStoreBuilder (DBStoreBuilder.java:addTable(110)) - using custom profile for table: s3SecretTable
2019-09-20 08:44:07,652 [JUnit] INFO  db.DBStoreBuilder (DBStoreBuilder.java:processTables(161)) - Using default column profile:DBProfile.DISK for Table:s3SecretTable
2019-09-20 08:44:07,652 [JUnit] INFO  db.DBStoreBuilder (DBStoreBuilder.java:addTable(110)) - using custom profile for table: prefixTable
2019-09-20 08:44:07,652 [JUnit] INFO  db.DBStoreBuilder (DBStoreBuilder.java:processTables(161)) - Using default column profile:DBProfile.DISK for Table:prefixTable
2019-09-20 08:44:07,652 [JUnit] INFO  db.DBStoreBuilder (DBStoreBuilder.java:addTable(110)) - using custom profile for table: default
2019-09-20 08:44:07,653 [JUnit] INFO  db.DBStoreBuilder (DBStoreBuilder.java:processTables(167)) - Using default column profile:DBProfile.DISK for Table:default
2019-09-20 08:44:07,653 [JUnit] INFO  db.DBStoreBuilder (DBStoreBuilder.java:getDbProfile(198)) - Using default options. DBProfile.DISK
2019-09-20 08:44:08,434 [JUnit] INFO  ipc.CallQueueManager (CallQueueManager.java:<init>(84)) - Using callQueue: class java.util.concurrent.LinkedBlockingQueue, queueCapacity: 2000, scheduler: class org.apache.hadoop.ipc.DefaultRpcScheduler, ipcBackoff: false.
2019-09-20 08:44:08,435 [Socket Reader #1 for port 35840] INFO  ipc.Server (Server.java:run(1074)) - Starting Socket Reader #1 for port 35840
2019-09-20 08:44:08,459 [JUnit] INFO  om.OzoneManager (OzoneManager.java:start(1256)) - OzoneManager RPC server is listening at localhost/127.0.0.1:35840
2019-09-20 08:44:08,459 [JUnit] INFO  impl.MetricsSystemImpl (MetricsSystemImpl.java:init(158)) - OzoneManager metrics system started (again)
2019-09-20 08:44:08,460 [IPC Server Responder] INFO  ipc.Server (Server.java:run(1314)) - IPC Server Responder: starting
2019-09-20 08:44:08,461 [IPC Server listener on 35840] INFO  ipc.Server (Server.java:run(1153)) - IPC Server listener on 35840: starting
2019-09-20 08:44:08,466 [JUnit] INFO  hdfs.DFSUtil (DFSUtil.java:httpServerTemplateForNNAndJN(1641)) - Starting Web-server for ozoneManager at: http://0.0.0.0:0
2019-09-20 08:44:08,468 [JUnit] INFO  server.AuthenticationFilter (AuthenticationFilter.java:constructSecretProvider(240)) - Unable to initialize FileSignerSecretProvider, falling back to use random secrets.
2019-09-20 08:44:08,469 [JUnit] WARN  http.HttpRequestLog (HttpRequestLog.java:getRequestLog(97)) - Jetty request log can only be enabled using Log4j
2019-09-20 08:44:08,471 [JUnit] INFO  http.HttpServer2 (HttpServer2.java:addGlobalFilter(975)) - Added global filter 'safety' (class=org.apache.hadoop.http.HttpServer2$QuotingInputFilter)
2019-09-20 08:44:08,472 [JUnit] INFO  http.HttpServer2 (HttpServer2.java:addFilter(948)) - Added filter static_user_filter (class=org.apache.hadoop.http.lib.StaticUserWebFilter$StaticUserFilter) to context ozoneManager
2019-09-20 08:44:08,472 [JUnit] INFO  http.HttpServer2 (HttpServer2.java:addFilter(958)) - Added filter static_user_filter (class=org.apache.hadoop.http.lib.StaticUserWebFilter$StaticUserFilter) to context static
2019-09-20 08:44:08,472 [JUnit] INFO  http.HttpServer2 (HttpServer2.java:addFilter(958)) - Added filter static_user_filter (class=org.apache.hadoop.http.lib.StaticUserWebFilter$StaticUserFilter) to context logs
2019-09-20 08:44:08,474 [JUnit] INFO  http.HttpServer2 (HttpServer2.java:bindListener(1191)) - Jetty bound to port 34042
2019-09-20 08:44:08,474 [JUnit] INFO  server.Server (Server.java:doStart(351)) - jetty-9.3.24.v20180605, build timestamp: 2018-06-05T17:11:56Z, git hash: 84205aa28f11a4f31f2a3b86d1bba2cc8ab69827
2019-09-20 08:44:08,476 [JUnit] INFO  handler.ContextHandler (ContextHandler.java:doStart(781)) - Started o.e.j.s.ServletContextHandler@749ab7b4{/logs,file:///workdir/hadoop-ozone/ozonefs/target/log,AVAILABLE}
2019-09-20 08:44:08,477 [JUnit] INFO  handler.ContextHandler (ContextHandler.java:doStart(781)) - Started o.e.j.s.ServletContextHandler@2bf94401{/static,jar:file:/home/user/.m2/repository/org/apache/hadoop/hadoop-ozone-ozone-manager/0.5.0-SNAPSHOT/hadoop-ozone-ozone-manager-0.5.0-SNAPSHOT.jar!/webapps/static,AVAILABLE}
2019-09-20 08:44:08,524 [JUnit] INFO  handler.ContextHandler (ContextHandler.java:doStart(781)) - Started o.e.j.w.WebAppContext@54562ea6{/,file:///tmp/jetty-0.0.0.0-34042-ozoneManager-_-any-7169074659927914267.dir/webapp/,AVAILABLE}{/ozoneManager}
2019-09-20 08:44:08,525 [JUnit] INFO  server.AbstractConnector (AbstractConnector.java:doStart(278)) - Started ServerConnector@1a35993f{HTTP/1.1,[http/1.1]}{0.0.0.0:34042}
2019-09-20 08:44:08,526 [JUnit] INFO  server.Server (Server.java:doStart(419)) - Started @5447ms
2019-09-20 08:44:08,527 [JUnit] INFO  server.BaseHttpServer (BaseHttpServer.java:updateConnectorAddress(213)) - HTTP server of OZONEMANAGER is listening at http://0.0.0.0:34042
2019-09-20 08:44:08,731 [JUnit] INFO  impl.MetricsSystemImpl (MetricsSystemImpl.java:init(158)) - HddsDatanode metrics system started (again)
2019-09-20 08:44:08,839 [JUnit] INFO  ozone.HddsDatanodeService (HddsDatanodeService.java:start(184)) - HddsDatanodeService host:pr-hdds-1569-s8kj2-2266485376 ip:192.168.36.79
2019-09-20 08:44:08,876 [JUnit] INFO  volume.HddsVolume (HddsVolume.java:<init>(176)) - Creating Volume: /workdir/hadoop-ozone/ozonefs/target/test-dir/MiniOzoneClusterImpl-84b7649f-0e5d-4ae2-b324-047deb1fece8/datanode-0/data/containers/hdds of  storage type : DISK and capacity : 1482555576320
2019-09-20 08:44:08,878 [JUnit] INFO  volume.VolumeSet (VolumeSet.java:initializeVolumeSet(170)) - Added Volume : /workdir/hadoop-ozone/ozonefs/target/test-dir/MiniOzoneClusterImpl-84b7649f-0e5d-4ae2-b324-047deb1fece8/datanode-0/data/containers/hdds to VolumeSet
2019-09-20 08:44:08,881 [JUnit] INFO  volume.ThrottledAsyncChecker (ThrottledAsyncChecker.java:schedule(140)) - Scheduling a check for org.apache.hadoop.ozone.container.common.volume.HddsVolume@1fba386c
2019-09-20 08:44:08,898 [JUnit] INFO  volume.HddsVolumeChecker (HddsVolumeChecker.java:checkAllVolumes(203)) - Scheduled health check for volume org.apache.hadoop.ozone.container.common.volume.HddsVolume@1fba386c
2019-09-20 08:44:09,029 [JUnit] INFO  impl.RaftServerProxy (ConfUtils.java:logGet(43)) - raft.rpc.type = GRPC (default)
2019-09-20 08:44:09,099 [JUnit] INFO  grpc.GrpcFactory (GrpcFactory.java:checkPooledByteBufAllocatorUseCacheForAllThreads(45)) - PERFORMANCE WARNING: useCacheForAllThreads is true that may cause Netty to create a lot garbage objects and, as a result, trigger GC.
	It is recommended to disable useCacheForAllThreads by setting -Dorg.apache.ratis.thirdparty.io.netty.allocator.useCacheForAllThreads=false in command line.
2019-09-20 08:44:09,104 [JUnit] INFO  grpc.GrpcConfigKeys$Server (ConfUtils.java:logGet(43)) - raft.grpc.server.port = 0 (default)
2019-09-20 08:44:09,105 [JUnit] INFO  server.GrpcService (ConfUtils.java:logGet(43)) - raft.grpc.message.size.max = 33570816 (custom)
2019-09-20 08:44:09,106 [JUnit] INFO  server.RaftServerConfigKeys (ConfUtils.java:logGet(43)) - raft.server.log.appender.buffer.byte-limit = 33554432 (custom)
2019-09-20 08:44:09,107 [JUnit] INFO  server.GrpcService (ConfUtils.java:logGet(43)) - raft.grpc.flow.control.window = 1MB (=1048576) (default)
2019-09-20 08:44:09,107 [JUnit] INFO  server.RaftServerConfigKeys (ConfUtils.java:logGet(43)) - raft.server.rpc.request.timeout = 3000ms (default)
2019-09-20 08:44:09,364 [JUnit] INFO  server.RaftServerConfigKeys (ConfUtils.java:logGet(43)) - raft.server.storage.dir = [/workdir/hadoop-ozone/ozonefs/target/test-dir/MiniOzoneClusterImpl-84b7649f-0e5d-4ae2-b324-047deb1fece8/datanode-0/data/ratis] (custom)
2019-09-20 08:44:09,424 [JUnit] INFO  replication.SimpleContainerDownloader (SimpleContainerDownloader.java:<init>(72)) - Starting container downloader service to copy containers to replicate.
2019-09-20 08:44:09,442 [JUnit] INFO  hdfs.DFSUtil (DFSUtil.java:httpServerTemplateForNNAndJN(1641)) - Starting Web-server for hddsDatanode at: http://0.0.0.0:0
2019-09-20 08:44:09,448 [JUnit] INFO  server.AuthenticationFilter (AuthenticationFilter.java:constructSecretProvider(240)) - Unable to initialize FileSignerSecretProvider, falling back to use random secrets.
2019-09-20 08:44:09,449 [JUnit] WARN  http.HttpRequestLog (HttpRequestLog.java:getRequestLog(97)) - Jetty request log can only be enabled using Log4j
2019-09-20 08:44:09,453 [JUnit] INFO  http.HttpServer2 (HttpServer2.java:addGlobalFilter(975)) - Added global filter 'safety' (class=org.apache.hadoop.http.HttpServer2$QuotingInputFilter)
2019-09-20 08:44:09,454 [JUnit] INFO  http.HttpServer2 (HttpServer2.java:addFilter(948)) - Added filter static_user_filter (class=org.apache.hadoop.http.lib.StaticUserWebFilter$StaticUserFilter) to context hddsDatanode
2019-09-20 08:44:09,455 [JUnit] INFO  http.HttpServer2 (HttpServer2.java:addFilter(958)) - Added filter static_user_filter (class=org.apache.hadoop.http.lib.StaticUserWebFilter$StaticUserFilter) to context static
2019-09-20 08:44:09,455 [JUnit] INFO  http.HttpServer2 (HttpServer2.java:addFilter(958)) - Added filter static_user_filter (class=org.apache.hadoop.http.lib.StaticUserWebFilter$StaticUserFilter) to context logs
2019-09-20 08:44:09,458 [JUnit] INFO  http.HttpServer2 (HttpServer2.java:bindListener(1191)) - Jetty bound to port 44831
2019-09-20 08:44:09,458 [JUnit] INFO  server.Server (Server.java:doStart(351)) - jetty-9.3.24.v20180605, build timestamp: 2018-06-05T17:11:56Z, git hash: 84205aa28f11a4f31f2a3b86d1bba2cc8ab69827
2019-09-20 08:44:09,461 [JUnit] INFO  handler.ContextHandler (ContextHandler.java:doStart(781)) - Started o.e.j.s.ServletContextHandler@7fb66650{/logs,file:///workdir/hadoop-ozone/ozonefs/target/log,AVAILABLE}
2019-09-20 08:44:09,462 [JUnit] INFO  handler.ContextHandler (ContextHandler.java:doStart(781)) - Started o.e.j.s.ServletContextHandler@2a869a16{/static,jar:file:/home/user/.m2/repository/org/apache/hadoop/hadoop-hdds-container-service/0.5.0-SNAPSHOT/hadoop-hdds-container-service-0.5.0-SNAPSHOT.jar!/webapps/static,AVAILABLE}
2019-09-20 08:44:09,508 [JUnit] INFO  handler.ContextHandler (ContextHandler.java:doStart(781)) - Started o.e.j.w.WebAppContext@6d5c2745{/,file:///tmp/jetty-0.0.0.0-44831-hddsDatanode-_-any-7610087622392669848.dir/webapp/,AVAILABLE}{/hddsDatanode}
2019-09-20 08:44:09,509 [JUnit] INFO  server.AbstractConnector (AbstractConnector.java:doStart(278)) - Started ServerConnector@44b29496{HTTP/1.1,[http/1.1]}{0.0.0.0:44831}
2019-09-20 08:44:09,512 [JUnit] INFO  server.Server (Server.java:doStart(419)) - Started @6433ms
2019-09-20 08:44:09,513 [JUnit] INFO  server.BaseHttpServer (BaseHttpServer.java:updateConnectorAddress(213)) - HTTP server of HDDSDATANODE is listening at http://0.0.0.0:44831
2019-09-20 08:44:10,460 | INFO  | ObjectStoreRestHttpServer | Listening HDDS REST traffic on /0.0.0.0:44845 |  
2019-09-20 08:44:10,462 [JUnit] INFO  ozone.HddsDatanodeService (HddsDatanodeService.java:startPlugins(395)) - Started plug-in org.apache.hadoop.ozone.web.OzoneHddsDatanodeService@2eda2062
2019-09-20 08:44:10,463 [JUnit] INFO  impl.MetricsSystemImpl (MetricsSystemImpl.java:init(158)) - HddsDatanode metrics system started (again)
2019-09-20 08:44:10,466 [JUnit] INFO  ozone.HddsDatanodeService (HddsDatanodeService.java:start(184)) - HddsDatanodeService host:pr-hdds-1569-s8kj2-2266485376 ip:192.168.36.79
2019-09-20 08:44:10,469 [org.apache.hadoop.util.JvmPauseMonitor$Monitor@174780eb] INFO  util.JvmPauseMonitor (JvmPauseMonitor.java:run(188)) - Starting JVM pause monitor
2019-09-20 08:44:10,475 [JUnit] INFO  volume.HddsVolume (HddsVolume.java:<init>(176)) - Creating Volume: /workdir/hadoop-ozone/ozonefs/target/test-dir/MiniOzoneClusterImpl-84b7649f-0e5d-4ae2-b324-047deb1fece8/datanode-1/data/containers/hdds of  storage type : DISK and capacity : 1482555576320
2019-09-20 08:44:10,476 [JUnit] INFO  volume.VolumeSet (VolumeSet.java:initializeVolumeSet(170)) - Added Volume : /workdir/hadoop-ozone/ozonefs/target/test-dir/MiniOzoneClusterImpl-84b7649f-0e5d-4ae2-b324-047deb1fece8/datanode-1/data/containers/hdds to VolumeSet
2019-09-20 08:44:10,476 [JUnit] INFO  volume.ThrottledAsyncChecker (ThrottledAsyncChecker.java:schedule(140)) - Scheduling a check for org.apache.hadoop.ozone.container.common.volume.HddsVolume@126f8f24
2019-09-20 08:44:10,477 [JUnit] INFO  volume.HddsVolumeChecker (HddsVolumeChecker.java:checkAllVolumes(203)) - Scheduled health check for volume org.apache.hadoop.ozone.container.common.volume.HddsVolume@126f8f24
2019-09-20 08:44:10,499 [JUnit] INFO  impl.RaftServerProxy (ConfUtils.java:logGet(43)) - raft.rpc.type = GRPC (default)
2019-09-20 08:44:10,499 [JUnit] INFO  grpc.GrpcFactory (GrpcFactory.java:checkPooledByteBufAllocatorUseCacheForAllThreads(45)) - PERFORMANCE WARNING: useCacheForAllThreads is true that may cause Netty to create a lot garbage objects and, as a result, trigger GC.
	It is recommended to disable useCacheForAllThreads by setting -Dorg.apache.ratis.thirdparty.io.netty.allocator.useCacheForAllThreads=false in command line.
2019-09-20 08:44:10,499 [JUnit] INFO  grpc.GrpcConfigKeys$Server (ConfUtils.java:logGet(43)) - raft.grpc.server.port = 0 (default)
2019-09-20 08:44:10,499 [JUnit] INFO  server.GrpcService (ConfUtils.java:logGet(43)) - raft.grpc.message.size.max = 33570816 (custom)
2019-09-20 08:44:10,499 [JUnit] INFO  server.RaftServerConfigKeys (ConfUtils.java:logGet(43)) - raft.server.log.appender.buffer.byte-limit = 33554432 (custom)
2019-09-20 08:44:10,500 [JUnit] INFO  server.GrpcService (ConfUtils.java:logGet(43)) - raft.grpc.flow.control.window = 1MB (=1048576) (default)
2019-09-20 08:44:10,500 [JUnit] INFO  server.RaftServerConfigKeys (ConfUtils.java:logGet(43)) - raft.server.rpc.request.timeout = 3000ms (default)
2019-09-20 08:44:10,500 [JUnit] INFO  server.RaftServerConfigKeys (ConfUtils.java:logGet(43)) - raft.server.storage.dir = [/workdir/hadoop-ozone/ozonefs/target/test-dir/MiniOzoneClusterImpl-84b7649f-0e5d-4ae2-b324-047deb1fece8/datanode-1/data/ratis] (custom)
2019-09-20 08:44:10,501 [JUnit] INFO  replication.SimpleContainerDownloader (SimpleContainerDownloader.java:<init>(72)) - Starting container downloader service to copy containers to replicate.
2019-09-20 08:44:10,502 [JUnit] INFO  hdfs.DFSUtil (DFSUtil.java:httpServerTemplateForNNAndJN(1641)) - Starting Web-server for hddsDatanode at: http://0.0.0.0:0
2019-09-20 08:44:10,503 [JUnit] INFO  server.AuthenticationFilter (AuthenticationFilter.java:constructSecretProvider(240)) - Unable to initialize FileSignerSecretProvider, falling back to use random secrets.
2019-09-20 08:44:10,504 [JUnit] WARN  http.HttpRequestLog (HttpRequestLog.java:getRequestLog(97)) - Jetty request log can only be enabled using Log4j
2019-09-20 08:44:10,506 [JUnit] INFO  http.HttpServer2 (HttpServer2.java:addGlobalFilter(975)) - Added global filter 'safety' (class=org.apache.hadoop.http.HttpServer2$QuotingInputFilter)
2019-09-20 08:44:10,506 [JUnit] INFO  http.HttpServer2 (HttpServer2.java:addFilter(948)) - Added filter static_user_filter (class=org.apache.hadoop.http.lib.StaticUserWebFilter$StaticUserFilter) to context hddsDatanode
2019-09-20 08:44:10,506 [JUnit] INFO  http.HttpServer2 (HttpServer2.java:addFilter(958)) - Added filter static_user_filter (class=org.apache.hadoop.http.lib.StaticUserWebFilter$StaticUserFilter) to context static
2019-09-20 08:44:10,507 [JUnit] INFO  http.HttpServer2 (HttpServer2.java:addFilter(958)) - Added filter static_user_filter (class=org.apache.hadoop.http.lib.StaticUserWebFilter$StaticUserFilter) to context logs
2019-09-20 08:44:10,507 [JUnit] INFO  http.HttpServer2 (HttpServer2.java:bindListener(1191)) - Jetty bound to port 39818
2019-09-20 08:44:10,507 [JUnit] INFO  server.Server (Server.java:doStart(351)) - jetty-9.3.24.v20180605, build timestamp: 2018-06-05T17:11:56Z, git hash: 84205aa28f11a4f31f2a3b86d1bba2cc8ab69827
2019-09-20 08:44:10,510 [JUnit] INFO  handler.ContextHandler (ContextHandler.java:doStart(781)) - Started o.e.j.s.ServletContextHandler@57fdb8a4{/logs,file:///workdir/hadoop-ozone/ozonefs/target/log,AVAILABLE}
2019-09-20 08:44:10,510 [JUnit] INFO  handler.ContextHandler (ContextHandler.java:doStart(781)) - Started o.e.j.s.ServletContextHandler@2db15f70{/static,jar:file:/home/user/.m2/repository/org/apache/hadoop/hadoop-hdds-container-service/0.5.0-SNAPSHOT/hadoop-hdds-container-service-0.5.0-SNAPSHOT.jar!/webapps/static,AVAILABLE}
2019-09-20 08:44:10,535 [JUnit] INFO  handler.ContextHandler (ContextHandler.java:doStart(781)) - Started o.e.j.w.WebAppContext@44b940a2{/,file:///tmp/jetty-0.0.0.0-39818-hddsDatanode-_-any-8851101151804429121.dir/webapp/,AVAILABLE}{/hddsDatanode}
2019-09-20 08:44:10,536 [JUnit] INFO  server.AbstractConnector (AbstractConnector.java:doStart(278)) - Started ServerConnector@34c53688{HTTP/1.1,[http/1.1]}{0.0.0.0:39818}
2019-09-20 08:44:10,537 [JUnit] INFO  server.Server (Server.java:doStart(419)) - Started @7458ms
2019-09-20 08:44:10,538 [JUnit] INFO  server.BaseHttpServer (BaseHttpServer.java:updateConnectorAddress(213)) - HTTP server of HDDSDATANODE is listening at http://0.0.0.0:39818
2019-09-20 08:44:10,603 [Datanode State Machine Thread - 0] INFO  datanode.InitDatanodeState (InitDatanodeState.java:persistContainerDatanodeDetails(140)) - DatanodeDetails is persisted to /workdir/hadoop-ozone/ozonefs/target/test-dir/MiniOzoneClusterImpl-84b7649f-0e5d-4ae2-b324-047deb1fece8/datanode-0/meta/datanode.id
2019-09-20 08:44:10,715 | INFO  | ObjectStoreRestHttpServer | Listening HDDS REST traffic on /0.0.0.0:46454 |  
2019-09-20 08:44:10,715 [JUnit] INFO  ozone.HddsDatanodeService (HddsDatanodeService.java:startPlugins(395)) - Started plug-in org.apache.hadoop.ozone.web.OzoneHddsDatanodeService@284bdeed
2019-09-20 08:44:10,716 [JUnit] INFO  impl.MetricsSystemImpl (MetricsSystemImpl.java:init(158)) - HddsDatanode metrics system started (again)
2019-09-20 08:44:10,718 [JUnit] INFO  ozone.HddsDatanodeService (HddsDatanodeService.java:start(184)) - HddsDatanodeService host:pr-hdds-1569-s8kj2-2266485376 ip:192.168.36.79
2019-09-20 08:44:10,719 [org.apache.hadoop.util.JvmPauseMonitor$Monitor@7588d5a0] INFO  util.JvmPauseMonitor (JvmPauseMonitor.java:run(188)) - Starting JVM pause monitor
2019-09-20 08:44:10,725 [Datanode State Machine Thread - 0] INFO  datanode.InitDatanodeState (InitDatanodeState.java:persistContainerDatanodeDetails(140)) - DatanodeDetails is persisted to /workdir/hadoop-ozone/ozonefs/target/test-dir/MiniOzoneClusterImpl-84b7649f-0e5d-4ae2-b324-047deb1fece8/datanode-1/meta/datanode.id
2019-09-20 08:44:10,729 [JUnit] INFO  volume.HddsVolume (HddsVolume.java:<init>(176)) - Creating Volume: /workdir/hadoop-ozone/ozonefs/target/test-dir/MiniOzoneClusterImpl-84b7649f-0e5d-4ae2-b324-047deb1fece8/datanode-2/data/containers/hdds of  storage type : DISK and capacity : 1482555576320
2019-09-20 08:44:10,730 [JUnit] INFO  volume.VolumeSet (VolumeSet.java:initializeVolumeSet(170)) - Added Volume : /workdir/hadoop-ozone/ozonefs/target/test-dir/MiniOzoneClusterImpl-84b7649f-0e5d-4ae2-b324-047deb1fece8/datanode-2/data/containers/hdds to VolumeSet
2019-09-20 08:44:10,730 [JUnit] INFO  volume.ThrottledAsyncChecker (ThrottledAsyncChecker.java:schedule(140)) - Scheduling a check for org.apache.hadoop.ozone.container.common.volume.HddsVolume@20440c6c
2019-09-20 08:44:10,731 [JUnit] INFO  volume.HddsVolumeChecker (HddsVolumeChecker.java:checkAllVolumes(203)) - Scheduled health check for volume org.apache.hadoop.ozone.container.common.volume.HddsVolume@20440c6c
2019-09-20 08:44:10,753 [JUnit] INFO  impl.RaftServerProxy (ConfUtils.java:logGet(43)) - raft.rpc.type = GRPC (default)
2019-09-20 08:44:10,753 [JUnit] INFO  grpc.GrpcFactory (GrpcFactory.java:checkPooledByteBufAllocatorUseCacheForAllThreads(45)) - PERFORMANCE WARNING: useCacheForAllThreads is true that may cause Netty to create a lot garbage objects and, as a result, trigger GC.
	It is recommended to disable useCacheForAllThreads by setting -Dorg.apache.ratis.thirdparty.io.netty.allocator.useCacheForAllThreads=false in command line.
2019-09-20 08:44:10,753 [JUnit] INFO  grpc.GrpcConfigKeys$Server (ConfUtils.java:logGet(43)) - raft.grpc.server.port = 0 (default)
2019-09-20 08:44:10,753 [JUnit] INFO  server.GrpcService (ConfUtils.java:logGet(43)) - raft.grpc.message.size.max = 33570816 (custom)
2019-09-20 08:44:10,754 [JUnit] INFO  server.RaftServerConfigKeys (ConfUtils.java:logGet(43)) - raft.server.log.appender.buffer.byte-limit = 33554432 (custom)
2019-09-20 08:44:10,754 [JUnit] INFO  server.GrpcService (ConfUtils.java:logGet(43)) - raft.grpc.flow.control.window = 1MB (=1048576) (default)
2019-09-20 08:44:10,754 [JUnit] INFO  server.RaftServerConfigKeys (ConfUtils.java:logGet(43)) - raft.server.rpc.request.timeout = 3000ms (default)
2019-09-20 08:44:10,755 [JUnit] INFO  server.RaftServerConfigKeys (ConfUtils.java:logGet(43)) - raft.server.storage.dir = [/workdir/hadoop-ozone/ozonefs/target/test-dir/MiniOzoneClusterImpl-84b7649f-0e5d-4ae2-b324-047deb1fece8/datanode-2/data/ratis] (custom)
2019-09-20 08:44:10,756 [JUnit] INFO  replication.SimpleContainerDownloader (SimpleContainerDownloader.java:<init>(72)) - Starting container downloader service to copy containers to replicate.
2019-09-20 08:44:10,757 [JUnit] INFO  hdfs.DFSUtil (DFSUtil.java:httpServerTemplateForNNAndJN(1641)) - Starting Web-server for hddsDatanode at: http://0.0.0.0:0
2019-09-20 08:44:10,760 [JUnit] INFO  server.AuthenticationFilter (AuthenticationFilter.java:constructSecretProvider(240)) - Unable to initialize FileSignerSecretProvider, falling back to use random secrets.
2019-09-20 08:44:10,761 [JUnit] WARN  http.HttpRequestLog (HttpRequestLog.java:getRequestLog(97)) - Jetty request log can only be enabled using Log4j
2019-09-20 08:44:10,764 [JUnit] INFO  http.HttpServer2 (HttpServer2.java:addGlobalFilter(975)) - Added global filter 'safety' (class=org.apache.hadoop.http.HttpServer2$QuotingInputFilter)
2019-09-20 08:44:10,766 [JUnit] INFO  http.HttpServer2 (HttpServer2.java:addFilter(948)) - Added filter static_user_filter (class=org.apache.hadoop.http.lib.StaticUserWebFilter$StaticUserFilter) to context hddsDatanode
2019-09-20 08:44:10,766 [JUnit] INFO  http.HttpServer2 (HttpServer2.java:addFilter(958)) - Added filter static_user_filter (class=org.apache.hadoop.http.lib.StaticUserWebFilter$StaticUserFilter) to context static
2019-09-20 08:44:10,766 [JUnit] INFO  http.HttpServer2 (HttpServer2.java:addFilter(958)) - Added filter static_user_filter (class=org.apache.hadoop.http.lib.StaticUserWebFilter$StaticUserFilter) to context logs
2019-09-20 08:44:10,768 [JUnit] INFO  http.HttpServer2 (HttpServer2.java:bindListener(1191)) - Jetty bound to port 40043
2019-09-20 08:44:10,768 [JUnit] INFO  server.Server (Server.java:doStart(351)) - jetty-9.3.24.v20180605, build timestamp: 2018-06-05T17:11:56Z, git hash: 84205aa28f11a4f31f2a3b86d1bba2cc8ab69827
2019-09-20 08:44:10,771 [JUnit] INFO  handler.ContextHandler (ContextHandler.java:doStart(781)) - Started o.e.j.s.ServletContextHandler@a0c5be{/logs,file:///workdir/hadoop-ozone/ozonefs/target/log,AVAILABLE}
2019-09-20 08:44:10,772 [JUnit] INFO  handler.ContextHandler (ContextHandler.java:doStart(781)) - Started o.e.j.s.ServletContextHandler@14efa279{/static,jar:file:/home/user/.m2/repository/org/apache/hadoop/hadoop-hdds-container-service/0.5.0-SNAPSHOT/hadoop-hdds-container-service-0.5.0-SNAPSHOT.jar!/webapps/static,AVAILABLE}
2019-09-20 08:44:10,815 [JUnit] INFO  handler.ContextHandler (ContextHandler.java:doStart(781)) - Started o.e.j.w.WebAppContext@24fba488{/,file:///tmp/jetty-0.0.0.0-40043-hddsDatanode-_-any-2121763842782149139.dir/webapp/,AVAILABLE}{/hddsDatanode}
2019-09-20 08:44:10,816 [JUnit] INFO  server.AbstractConnector (AbstractConnector.java:doStart(278)) - Started ServerConnector@73a6cc79{HTTP/1.1,[http/1.1]}{0.0.0.0:40043}
2019-09-20 08:44:10,817 [JUnit] INFO  server.Server (Server.java:doStart(419)) - Started @7738ms
2019-09-20 08:44:10,818 [JUnit] INFO  server.BaseHttpServer (BaseHttpServer.java:updateConnectorAddress(213)) - HTTP server of HDDSDATANODE is listening at http://0.0.0.0:40043
2019-09-20 08:44:10,960 | INFO  | ObjectStoreRestHttpServer | Listening HDDS REST traffic on /0.0.0.0:42134 |  
2019-09-20 08:44:10,960 [JUnit] INFO  ozone.HddsDatanodeService (HddsDatanodeService.java:startPlugins(395)) - Started plug-in org.apache.hadoop.ozone.web.OzoneHddsDatanodeService@3bbf1c0d
2019-09-20 08:44:10,961 [JUnit] INFO  impl.MetricsSystemImpl (MetricsSystemImpl.java:init(158)) - HddsDatanode metrics system started (again)
2019-09-20 08:44:10,964 [JUnit] INFO  ozone.HddsDatanodeService (HddsDatanodeService.java:start(184)) - HddsDatanodeService host:pr-hdds-1569-s8kj2-2266485376 ip:192.168.36.79
2019-09-20 08:44:10,964 [org.apache.hadoop.util.JvmPauseMonitor$Monitor@213660f9] INFO  util.JvmPauseMonitor (JvmPauseMonitor.java:run(188)) - Starting JVM pause monitor
2019-09-20 08:44:10,967 [Datanode State Machine Thread - 0] INFO  datanode.InitDatanodeState (InitDatanodeState.java:persistContainerDatanodeDetails(140)) - DatanodeDetails is persisted to /workdir/hadoop-ozone/ozonefs/target/test-dir/MiniOzoneClusterImpl-84b7649f-0e5d-4ae2-b324-047deb1fece8/datanode-2/meta/datanode.id
2019-09-20 08:44:10,972 [JUnit] INFO  volume.HddsVolume (HddsVolume.java:<init>(176)) - Creating Volume: /workdir/hadoop-ozone/ozonefs/target/test-dir/MiniOzoneClusterImpl-84b7649f-0e5d-4ae2-b324-047deb1fece8/datanode-3/data/containers/hdds of  storage type : DISK and capacity : 1482555576320
2019-09-20 08:44:10,972 [JUnit] INFO  volume.VolumeSet (VolumeSet.java:initializeVolumeSet(170)) - Added Volume : /workdir/hadoop-ozone/ozonefs/target/test-dir/MiniOzoneClusterImpl-84b7649f-0e5d-4ae2-b324-047deb1fece8/datanode-3/data/containers/hdds to VolumeSet
2019-09-20 08:44:10,972 [JUnit] INFO  volume.ThrottledAsyncChecker (ThrottledAsyncChecker.java:schedule(140)) - Scheduling a check for org.apache.hadoop.ozone.container.common.volume.HddsVolume@143fefaf
2019-09-20 08:44:10,973 [JUnit] INFO  volume.HddsVolumeChecker (HddsVolumeChecker.java:checkAllVolumes(203)) - Scheduled health check for volume org.apache.hadoop.ozone.container.common.volume.HddsVolume@143fefaf
2019-09-20 08:44:10,994 [JUnit] INFO  impl.RaftServerProxy (ConfUtils.java:logGet(43)) - raft.rpc.type = GRPC (default)
2019-09-20 08:44:10,994 [JUnit] INFO  grpc.GrpcFactory (GrpcFactory.java:checkPooledByteBufAllocatorUseCacheForAllThreads(45)) - PERFORMANCE WARNING: useCacheForAllThreads is true that may cause Netty to create a lot garbage objects and, as a result, trigger GC.
	It is recommended to disable useCacheForAllThreads by setting -Dorg.apache.ratis.thirdparty.io.netty.allocator.useCacheForAllThreads=false in command line.
2019-09-20 08:44:10,994 [JUnit] INFO  grpc.GrpcConfigKeys$Server (ConfUtils.java:logGet(43)) - raft.grpc.server.port = 0 (default)
2019-09-20 08:44:10,994 [JUnit] INFO  server.GrpcService (ConfUtils.java:logGet(43)) - raft.grpc.message.size.max = 33570816 (custom)
2019-09-20 08:44:10,994 [JUnit] INFO  server.RaftServerConfigKeys (ConfUtils.java:logGet(43)) - raft.server.log.appender.buffer.byte-limit = 33554432 (custom)
2019-09-20 08:44:10,995 [JUnit] INFO  server.GrpcService (ConfUtils.java:logGet(43)) - raft.grpc.flow.control.window = 1MB (=1048576) (default)
2019-09-20 08:44:10,995 [JUnit] INFO  server.RaftServerConfigKeys (ConfUtils.java:logGet(43)) - raft.server.rpc.request.timeout = 3000ms (default)
2019-09-20 08:44:10,996 [JUnit] INFO  server.RaftServerConfigKeys (ConfUtils.java:logGet(43)) - raft.server.storage.dir = [/workdir/hadoop-ozone/ozonefs/target/test-dir/MiniOzoneClusterImpl-84b7649f-0e5d-4ae2-b324-047deb1fece8/datanode-3/data/ratis] (custom)
2019-09-20 08:44:10,996 [JUnit] INFO  replication.SimpleContainerDownloader (SimpleContainerDownloader.java:<init>(72)) - Starting container downloader service to copy containers to replicate.
2019-09-20 08:44:10,997 [JUnit] INFO  hdfs.DFSUtil (DFSUtil.java:httpServerTemplateForNNAndJN(1641)) - Starting Web-server for hddsDatanode at: http://0.0.0.0:0
2019-09-20 08:44:10,999 [JUnit] INFO  server.AuthenticationFilter (AuthenticationFilter.java:constructSecretProvider(240)) - Unable to initialize FileSignerSecretProvider, falling back to use random secrets.
2019-09-20 08:44:11,000 [JUnit] WARN  http.HttpRequestLog (HttpRequestLog.java:getRequestLog(97)) - Jetty request log can only be enabled using Log4j
2019-09-20 08:44:11,001 [JUnit] INFO  http.HttpServer2 (HttpServer2.java:addGlobalFilter(975)) - Added global filter 'safety' (class=org.apache.hadoop.http.HttpServer2$QuotingInputFilter)
2019-09-20 08:44:11,003 [JUnit] INFO  http.HttpServer2 (HttpServer2.java:addFilter(948)) - Added filter static_user_filter (class=org.apache.hadoop.http.lib.StaticUserWebFilter$StaticUserFilter) to context hddsDatanode
2019-09-20 08:44:11,003 [JUnit] INFO  http.HttpServer2 (HttpServer2.java:addFilter(958)) - Added filter static_user_filter (class=org.apache.hadoop.http.lib.StaticUserWebFilter$StaticUserFilter) to context static
2019-09-20 08:44:11,003 [JUnit] INFO  http.HttpServer2 (HttpServer2.java:addFilter(958)) - Added filter static_user_filter (class=org.apache.hadoop.http.lib.StaticUserWebFilter$StaticUserFilter) to context logs
2019-09-20 08:44:11,004 [JUnit] INFO  http.HttpServer2 (HttpServer2.java:bindListener(1191)) - Jetty bound to port 39536
2019-09-20 08:44:11,004 [JUnit] INFO  server.Server (Server.java:doStart(351)) - jetty-9.3.24.v20180605, build timestamp: 2018-06-05T17:11:56Z, git hash: 84205aa28f11a4f31f2a3b86d1bba2cc8ab69827
2019-09-20 08:44:11,007 [JUnit] INFO  handler.ContextHandler (ContextHandler.java:doStart(781)) - Started o.e.j.s.ServletContextHandler@58d4238e{/logs,file:///workdir/hadoop-ozone/ozonefs/target/log,AVAILABLE}
2019-09-20 08:44:11,008 [JUnit] INFO  handler.ContextHandler (ContextHandler.java:doStart(781)) - Started o.e.j.s.ServletContextHandler@36478bce{/static,jar:file:/home/user/.m2/repository/org/apache/hadoop/hadoop-hdds-container-service/0.5.0-SNAPSHOT/hadoop-hdds-container-service-0.5.0-SNAPSHOT.jar!/webapps/static,AVAILABLE}
2019-09-20 08:44:11,034 [JUnit] INFO  handler.ContextHandler (ContextHandler.java:doStart(781)) - Started o.e.j.w.WebAppContext@78b03788{/,file:///tmp/jetty-0.0.0.0-39536-hddsDatanode-_-any-5728416848546192254.dir/webapp/,AVAILABLE}{/hddsDatanode}
2019-09-20 08:44:11,035 [JUnit] INFO  server.AbstractConnector (AbstractConnector.java:doStart(278)) - Started ServerConnector@3f5dfe69{HTTP/1.1,[http/1.1]}{0.0.0.0:39536}
2019-09-20 08:44:11,035 [JUnit] INFO  server.Server (Server.java:doStart(419)) - Started @7957ms
2019-09-20 08:44:11,036 [JUnit] INFO  server.BaseHttpServer (BaseHttpServer.java:updateConnectorAddress(213)) - HTTP server of HDDSDATANODE is listening at http://0.0.0.0:39536
2019-09-20 08:44:11,158 | INFO  | ObjectStoreRestHttpServer | Listening HDDS REST traffic on /0.0.0.0:44071 |  
2019-09-20 08:44:11,158 [JUnit] INFO  ozone.HddsDatanodeService (HddsDatanodeService.java:startPlugins(395)) - Started plug-in org.apache.hadoop.ozone.web.OzoneHddsDatanodeService@700b9e6b
2019-09-20 08:44:11,159 [JUnit] INFO  impl.MetricsSystemImpl (MetricsSystemImpl.java:init(158)) - HddsDatanode metrics system started (again)
2019-09-20 08:44:11,161 [JUnit] INFO  ozone.HddsDatanodeService (HddsDatanodeService.java:start(184)) - HddsDatanodeService host:pr-hdds-1569-s8kj2-2266485376 ip:192.168.36.79
2019-09-20 08:44:11,161 [org.apache.hadoop.util.JvmPauseMonitor$Monitor@1bc058a2] INFO  util.JvmPauseMonitor (JvmPauseMonitor.java:run(188)) - Starting JVM pause monitor
2019-09-20 08:44:11,165 [Datanode State Machine Thread - 0] INFO  datanode.InitDatanodeState (InitDatanodeState.java:persistContainerDatanodeDetails(140)) - DatanodeDetails is persisted to /workdir/hadoop-ozone/ozonefs/target/test-dir/MiniOzoneClusterImpl-84b7649f-0e5d-4ae2-b324-047deb1fece8/datanode-3/meta/datanode.id
2019-09-20 08:44:11,170 [JUnit] INFO  volume.HddsVolume (HddsVolume.java:<init>(176)) - Creating Volume: /workdir/hadoop-ozone/ozonefs/target/test-dir/MiniOzoneClusterImpl-84b7649f-0e5d-4ae2-b324-047deb1fece8/datanode-4/data/containers/hdds of  storage type : DISK and capacity : 1482555576320
2019-09-20 08:44:11,170 [JUnit] INFO  volume.VolumeSet (VolumeSet.java:initializeVolumeSet(170)) - Added Volume : /workdir/hadoop-ozone/ozonefs/target/test-dir/MiniOzoneClusterImpl-84b7649f-0e5d-4ae2-b324-047deb1fece8/datanode-4/data/containers/hdds to VolumeSet
2019-09-20 08:44:11,170 [JUnit] INFO  volume.ThrottledAsyncChecker (ThrottledAsyncChecker.java:schedule(140)) - Scheduling a check for org.apache.hadoop.ozone.container.common.volume.HddsVolume@7eaa2bc6
2019-09-20 08:44:11,171 [JUnit] INFO  volume.HddsVolumeChecker (HddsVolumeChecker.java:checkAllVolumes(203)) - Scheduled health check for volume org.apache.hadoop.ozone.container.common.volume.HddsVolume@7eaa2bc6
2019-09-20 08:44:11,196 [JUnit] INFO  impl.RaftServerProxy (ConfUtils.java:logGet(43)) - raft.rpc.type = GRPC (default)
2019-09-20 08:44:11,197 [JUnit] INFO  grpc.GrpcFactory (GrpcFactory.java:checkPooledByteBufAllocatorUseCacheForAllThreads(45)) - PERFORMANCE WARNING: useCacheForAllThreads is true that may cause Netty to create a lot garbage objects and, as a result, trigger GC.
	It is recommended to disable useCacheForAllThreads by setting -Dorg.apache.ratis.thirdparty.io.netty.allocator.useCacheForAllThreads=false in command line.
2019-09-20 08:44:11,197 [JUnit] INFO  grpc.GrpcConfigKeys$Server (ConfUtils.java:logGet(43)) - raft.grpc.server.port = 0 (default)
2019-09-20 08:44:11,197 [JUnit] INFO  server.GrpcService (ConfUtils.java:logGet(43)) - raft.grpc.message.size.max = 33570816 (custom)
2019-09-20 08:44:11,198 [JUnit] INFO  server.RaftServerConfigKeys (ConfUtils.java:logGet(43)) - raft.server.log.appender.buffer.byte-limit = 33554432 (custom)
2019-09-20 08:44:11,198 [JUnit] INFO  server.GrpcService (ConfUtils.java:logGet(43)) - raft.grpc.flow.control.window = 1MB (=1048576) (default)
2019-09-20 08:44:11,198 [JUnit] INFO  server.RaftServerConfigKeys (ConfUtils.java:logGet(43)) - raft.server.rpc.request.timeout = 3000ms (default)
2019-09-20 08:44:11,199 [JUnit] INFO  server.RaftServerConfigKeys (ConfUtils.java:logGet(43)) - raft.server.storage.dir = [/workdir/hadoop-ozone/ozonefs/target/test-dir/MiniOzoneClusterImpl-84b7649f-0e5d-4ae2-b324-047deb1fece8/datanode-4/data/ratis] (custom)
2019-09-20 08:44:11,200 [JUnit] INFO  replication.SimpleContainerDownloader (SimpleContainerDownloader.java:<init>(72)) - Starting container downloader service to copy containers to replicate.
2019-09-20 08:44:11,202 [JUnit] INFO  hdfs.DFSUtil (DFSUtil.java:httpServerTemplateForNNAndJN(1641)) - Starting Web-server for hddsDatanode at: http://0.0.0.0:0
2019-09-20 08:44:11,203 [JUnit] INFO  server.AuthenticationFilter (AuthenticationFilter.java:constructSecretProvider(240)) - Unable to initialize FileSignerSecretProvider, falling back to use random secrets.
2019-09-20 08:44:11,204 [JUnit] WARN  http.HttpRequestLog (HttpRequestLog.java:getRequestLog(97)) - Jetty request log can only be enabled using Log4j
2019-09-20 08:44:11,206 [JUnit] INFO  http.HttpServer2 (HttpServer2.java:addGlobalFilter(975)) - Added global filter 'safety' (class=org.apache.hadoop.http.HttpServer2$QuotingInputFilter)
2019-09-20 08:44:11,206 [JUnit] INFO  http.HttpServer2 (HttpServer2.java:addFilter(948)) - Added filter static_user_filter (class=org.apache.hadoop.http.lib.StaticUserWebFilter$StaticUserFilter) to context hddsDatanode
2019-09-20 08:44:11,207 [JUnit] INFO  http.HttpServer2 (HttpServer2.java:addFilter(958)) - Added filter static_user_filter (class=org.apache.hadoop.http.lib.StaticUserWebFilter$StaticUserFilter) to context static
2019-09-20 08:44:11,207 [JUnit] INFO  http.HttpServer2 (HttpServer2.java:addFilter(958)) - Added filter static_user_filter (class=org.apache.hadoop.http.lib.StaticUserWebFilter$StaticUserFilter) to context logs
2019-09-20 08:44:11,207 [JUnit] INFO  http.HttpServer2 (HttpServer2.java:bindListener(1191)) - Jetty bound to port 33147
2019-09-20 08:44:11,207 [JUnit] INFO  server.Server (Server.java:doStart(351)) - jetty-9.3.24.v20180605, build timestamp: 2018-06-05T17:11:56Z, git hash: 84205aa28f11a4f31f2a3b86d1bba2cc8ab69827
2019-09-20 08:44:11,210 [JUnit] INFO  handler.ContextHandler (ContextHandler.java:doStart(781)) - Started o.e.j.s.ServletContextHandler@cf01c2e{/logs,file:///workdir/hadoop-ozone/ozonefs/target/log,AVAILABLE}
2019-09-20 08:44:11,210 [JUnit] INFO  handler.ContextHandler (ContextHandler.java:doStart(781)) - Started o.e.j.s.ServletContextHandler@1eb9bf60{/static,jar:file:/home/user/.m2/repository/org/apache/hadoop/hadoop-hdds-container-service/0.5.0-SNAPSHOT/hadoop-hdds-container-service-0.5.0-SNAPSHOT.jar!/webapps/static,AVAILABLE}
2019-09-20 08:44:11,234 [JUnit] INFO  handler.ContextHandler (ContextHandler.java:doStart(781)) - Started o.e.j.w.WebAppContext@68bd8ca7{/,file:///tmp/jetty-0.0.0.0-33147-hddsDatanode-_-any-7421900772381674992.dir/webapp/,AVAILABLE}{/hddsDatanode}
2019-09-20 08:44:11,235 [JUnit] INFO  server.AbstractConnector (AbstractConnector.java:doStart(278)) - Started ServerConnector@6744707b{HTTP/1.1,[http/1.1]}{0.0.0.0:33147}
2019-09-20 08:44:11,236 [JUnit] INFO  server.Server (Server.java:doStart(419)) - Started @8157ms
2019-09-20 08:44:11,236 [JUnit] INFO  server.BaseHttpServer (BaseHttpServer.java:updateConnectorAddress(213)) - HTTP server of HDDSDATANODE is listening at http://0.0.0.0:33147
2019-09-20 08:44:11,476 | INFO  | ObjectStoreRestHttpServer | Listening HDDS REST traffic on /0.0.0.0:45009 |  
2019-09-20 08:44:11,476 [JUnit] INFO  ozone.HddsDatanodeService (HddsDatanodeService.java:startPlugins(395)) - Started plug-in org.apache.hadoop.ozone.web.OzoneHddsDatanodeService@5d66ae3a
2019-09-20 08:44:11,478 [JUnit] INFO  ozone.MiniOzoneClusterImpl (MiniOzoneClusterImpl.java:lambda$waitForClusterToBeReady$0(142)) - Waiting for cluster to be ready. Got 0 of 5 DN Heartbeats.
2019-09-20 08:44:11,479 [org.apache.hadoop.util.JvmPauseMonitor$Monitor@2bdf349c] INFO  util.JvmPauseMonitor (JvmPauseMonitor.java:run(188)) - Starting JVM pause monitor
2019-09-20 08:44:11,483 [Datanode State Machine Thread - 0] INFO  datanode.InitDatanodeState (InitDatanodeState.java:persistContainerDatanodeDetails(140)) - DatanodeDetails is persisted to /workdir/hadoop-ozone/ozonefs/target/test-dir/MiniOzoneClusterImpl-84b7649f-0e5d-4ae2-b324-047deb1fece8/datanode-4/meta/datanode.id
2019-09-20 08:44:12,479 [JUnit] INFO  ozone.MiniOzoneClusterImpl (MiniOzoneClusterImpl.java:lambda$waitForClusterToBeReady$0(142)) - Waiting for cluster to be ready. Got 0 of 5 DN Heartbeats.
2019-09-20 08:44:12,504 | INFO  | SCMAudit | user=jenkins1000 | ip=192.168.36.79 | op=GET_VERSION null | ret=SUCCESS |  
2019-09-20 08:44:12,548 [Datanode State Machine Thread - 0] INFO  ozoneimpl.OzoneContainer (OzoneContainer.java:start(186)) - Attempting to start container services.
2019-09-20 08:44:12,549 [Datanode State Machine Thread - 0] INFO  ozoneimpl.OzoneContainer (OzoneContainer.java:startContainerScrub(160)) - Background container scrubber has been disabled by hdds.containerscrub.enabled
2019-09-20 08:44:12,550 [Datanode State Machine Thread - 0] INFO  ratis.XceiverServerRatis (XceiverServerRatis.java:start(404)) - Starting XceiverServerRatis b892e876-f5ae-410a-9dfd-4f07fd940729 at port 0
2019-09-20 08:44:12,573 [Datanode State Machine Thread - 0] INFO  impl.RaftServerProxy (RaftServerProxy.java:lambda$start$3(299)) - b892e876-f5ae-410a-9dfd-4f07fd940729: start RPC server
2019-09-20 08:44:12,721 | INFO  | SCMAudit | user=jenkins1000 | ip=192.168.36.79 | op=GET_VERSION null | ret=SUCCESS |  
2019-09-20 08:44:12,724 [Datanode State Machine Thread - 0] INFO  server.GrpcService (GrpcService.java:startImpl(149)) - b892e876-f5ae-410a-9dfd-4f07fd940729: GrpcService started, listening on 0.0.0.0/0.0.0.0:42750
2019-09-20 08:44:12,725 [Datanode State Machine Thread - 0] INFO  ratis.XceiverServerRatis (XceiverServerRatis.java:start(414)) - XceiverServerRatis b892e876-f5ae-410a-9dfd-4f07fd940729 is started using port 42750
2019-09-20 08:44:12,727 [Datanode State Machine Thread - 0] INFO  server.XceiverServerGrpc (XceiverServerGrpc.java:start(163)) - XceiverServerGrpc b892e876-f5ae-410a-9dfd-4f07fd940729 is started using port 37018
2019-09-20 08:44:12,741 [Datanode State Machine Thread - 0] INFO  ozoneimpl.OzoneContainer (OzoneContainer.java:start(186)) - Attempting to start container services.
2019-09-20 08:44:12,743 [Datanode State Machine Thread - 0] INFO  ozoneimpl.OzoneContainer (OzoneContainer.java:startContainerScrub(160)) - Background container scrubber has been disabled by hdds.containerscrub.enabled
2019-09-20 08:44:12,743 [Datanode State Machine Thread - 0] INFO  ratis.XceiverServerRatis (XceiverServerRatis.java:start(404)) - Starting XceiverServerRatis a4a73c82-9756-45ac-afed-7299ac804f25 at port 0
2019-09-20 08:44:12,753 [Datanode State Machine Thread - 0] INFO  impl.RaftServerProxy (RaftServerProxy.java:lambda$start$3(299)) - a4a73c82-9756-45ac-afed-7299ac804f25: start RPC server
2019-09-20 08:44:12,756 [Datanode State Machine Thread - 0] INFO  server.GrpcService (GrpcService.java:startImpl(149)) - a4a73c82-9756-45ac-afed-7299ac804f25: GrpcService started, listening on 0.0.0.0/0.0.0.0:38495
2019-09-20 08:44:12,756 [Datanode State Machine Thread - 0] INFO  ratis.XceiverServerRatis (XceiverServerRatis.java:start(414)) - XceiverServerRatis a4a73c82-9756-45ac-afed-7299ac804f25 is started using port 38495
2019-09-20 08:44:12,759 [Datanode State Machine Thread - 0] INFO  server.XceiverServerGrpc (XceiverServerGrpc.java:start(163)) - XceiverServerGrpc a4a73c82-9756-45ac-afed-7299ac804f25 is started using port 40889
2019-09-20 08:44:12,966 | INFO  | SCMAudit | user=jenkins1000 | ip=192.168.36.79 | op=GET_VERSION null | ret=SUCCESS |  
2019-09-20 08:44:12,985 [Datanode State Machine Thread - 0] INFO  ozoneimpl.OzoneContainer (OzoneContainer.java:start(186)) - Attempting to start container services.
2019-09-20 08:44:12,987 [Datanode State Machine Thread - 0] INFO  ozoneimpl.OzoneContainer (OzoneContainer.java:startContainerScrub(160)) - Background container scrubber has been disabled by hdds.containerscrub.enabled
2019-09-20 08:44:12,988 [Datanode State Machine Thread - 0] INFO  ratis.XceiverServerRatis (XceiverServerRatis.java:start(404)) - Starting XceiverServerRatis 9123b815-6bfa-48f7-ade2-b84cdc033afa at port 0
2019-09-20 08:44:12,996 [Datanode State Machine Thread - 0] INFO  impl.RaftServerProxy (RaftServerProxy.java:lambda$start$3(299)) - 9123b815-6bfa-48f7-ade2-b84cdc033afa: start RPC server
2019-09-20 08:44:12,999 [Datanode State Machine Thread - 0] INFO  server.GrpcService (GrpcService.java:startImpl(149)) - 9123b815-6bfa-48f7-ade2-b84cdc033afa: GrpcService started, listening on 0.0.0.0/0.0.0.0:38300
2019-09-20 08:44:12,999 [Datanode State Machine Thread - 0] INFO  ratis.XceiverServerRatis (XceiverServerRatis.java:start(414)) - XceiverServerRatis 9123b815-6bfa-48f7-ade2-b84cdc033afa is started using port 38300
2019-09-20 08:44:13,002 [Datanode State Machine Thread - 0] INFO  server.XceiverServerGrpc (XceiverServerGrpc.java:start(163)) - XceiverServerGrpc 9123b815-6bfa-48f7-ade2-b84cdc033afa is started using port 38593
2019-09-20 08:44:13,164 | INFO  | SCMAudit | user=jenkins1000 | ip=192.168.36.79 | op=GET_VERSION null | ret=SUCCESS |  
2019-09-20 08:44:13,185 [Datanode State Machine Thread - 0] INFO  ozoneimpl.OzoneContainer (OzoneContainer.java:start(186)) - Attempting to start container services.
2019-09-20 08:44:13,187 [Datanode State Machine Thread - 0] INFO  ozoneimpl.OzoneContainer (OzoneContainer.java:startContainerScrub(160)) - Background container scrubber has been disabled by hdds.containerscrub.enabled
2019-09-20 08:44:13,188 [Datanode State Machine Thread - 0] INFO  ratis.XceiverServerRatis (XceiverServerRatis.java:start(404)) - Starting XceiverServerRatis 75feff7d-6f48-4002-b580-45a21ea734c6 at port 0
2019-09-20 08:44:13,197 [Datanode State Machine Thread - 0] INFO  impl.RaftServerProxy (RaftServerProxy.java:lambda$start$3(299)) - 75feff7d-6f48-4002-b580-45a21ea734c6: start RPC server
2019-09-20 08:44:13,200 [Datanode State Machine Thread - 0] INFO  server.GrpcService (GrpcService.java:startImpl(149)) - 75feff7d-6f48-4002-b580-45a21ea734c6: GrpcService started, listening on 0.0.0.0/0.0.0.0:46393
2019-09-20 08:44:13,201 [Datanode State Machine Thread - 0] INFO  ratis.XceiverServerRatis (XceiverServerRatis.java:start(414)) - XceiverServerRatis 75feff7d-6f48-4002-b580-45a21ea734c6 is started using port 46393
2019-09-20 08:44:13,204 [Datanode State Machine Thread - 0] INFO  server.XceiverServerGrpc (XceiverServerGrpc.java:start(163)) - XceiverServerGrpc 75feff7d-6f48-4002-b580-45a21ea734c6 is started using port 35113
2019-09-20 08:44:13,481 [JUnit] INFO  ozone.MiniOzoneClusterImpl (MiniOzoneClusterImpl.java:lambda$waitForClusterToBeReady$0(142)) - Waiting for cluster to be ready. Got 0 of 5 DN Heartbeats.
2019-09-20 08:44:13,482 | INFO  | SCMAudit | user=jenkins1000 | ip=192.168.36.79 | op=GET_VERSION null | ret=SUCCESS |  
2019-09-20 08:44:13,501 [Datanode State Machine Thread - 0] INFO  ozoneimpl.OzoneContainer (OzoneContainer.java:start(186)) - Attempting to start container services.
2019-09-20 08:44:13,507 [Datanode State Machine Thread - 0] INFO  ozoneimpl.OzoneContainer (OzoneContainer.java:startContainerScrub(160)) - Background container scrubber has been disabled by hdds.containerscrub.enabled
2019-09-20 08:44:13,507 [Datanode State Machine Thread - 0] INFO  ratis.XceiverServerRatis (XceiverServerRatis.java:start(404)) - Starting XceiverServerRatis aa30552f-ad30-4fe7-9018-411c04218958 at port 0
2019-09-20 08:44:13,516 [Datanode State Machine Thread - 0] INFO  impl.RaftServerProxy (RaftServerProxy.java:lambda$start$3(299)) - aa30552f-ad30-4fe7-9018-411c04218958: start RPC server
2019-09-20 08:44:13,521 [Datanode State Machine Thread - 0] INFO  server.GrpcService (GrpcService.java:startImpl(149)) - aa30552f-ad30-4fe7-9018-411c04218958: GrpcService started, listening on 0.0.0.0/0.0.0.0:43863
2019-09-20 08:44:13,521 [Datanode State Machine Thread - 0] INFO  ratis.XceiverServerRatis (XceiverServerRatis.java:start(414)) - XceiverServerRatis aa30552f-ad30-4fe7-9018-411c04218958 is started using port 43863
2019-09-20 08:44:13,525 [Datanode State Machine Thread - 0] INFO  server.XceiverServerGrpc (XceiverServerGrpc.java:start(163)) - XceiverServerGrpc aa30552f-ad30-4fe7-9018-411c04218958 is started using port 36598
2019-09-20 08:44:14,482 [JUnit] INFO  ozone.MiniOzoneClusterImpl (MiniOzoneClusterImpl.java:lambda$waitForClusterToBeReady$0(142)) - Waiting for cluster to be ready. Got 0 of 5 DN Heartbeats.
2019-09-20 08:44:14,519 [IPC Server handler 2 on 38749] INFO  net.NetworkTopology (NetworkTopologyImpl.java:add(110)) - Added a new node: /default-rack/b892e876-f5ae-410a-9dfd-4f07fd940729
2019-09-20 08:44:14,520 [IPC Server handler 2 on 38749] INFO  node.SCMNodeManager (SCMNodeManager.java:register(273)) - Registered Data node : b892e876-f5ae-410a-9dfd-4f07fd940729{ip: 192.168.36.79, host: pr-hdds-1569-s8kj2-2266485376, networkLocation: /default-rack, certSerialId: null}
2019-09-20 08:44:14,525 [EventQueue-NodeRegistrationContainerReportForDataNodeSafeModeRule] INFO  safemode.SCMSafeModeManager (DataNodeSafeModeRule.java:process(71)) - SCM in safe mode. 1 DataNodes registered, 1 required.
2019-09-20 08:44:14,525 [EventQueue-NodeRegistrationContainerReportForDataNodeSafeModeRule] INFO  safemode.SCMSafeModeManager (SCMSafeModeManager.java:validateSafeModeExitRules(177)) - ScmSafeModeManager, all rules are successfully validated
2019-09-20 08:44:14,526 [EventQueue-NodeRegistrationContainerReportForDataNodeSafeModeRule] INFO  safemode.SCMSafeModeManager (SCMSafeModeManager.java:exitSafeMode(193)) - SCM exiting safe mode.
2019-09-20 08:44:14,536 | INFO  | SCMAudit | user=jenkins1000 | ip=192.168.36.79 | op=REGISTER {datanodeDetails=b892e876-f5ae-410a-9dfd-4f07fd940729{ip: 192.168.36.79, host: pr-hdds-1569-s8kj2-2266485376, networkLocation: /default-rack, certSerialId: null}} | ret=SUCCESS |  
2019-09-20 08:44:14,724 [IPC Server handler 1 on 38749] INFO  net.NetworkTopology (NetworkTopologyImpl.java:add(110)) - Added a new node: /default-rack/a4a73c82-9756-45ac-afed-7299ac804f25
2019-09-20 08:44:14,725 [IPC Server handler 1 on 38749] INFO  node.SCMNodeManager (SCMNodeManager.java:register(273)) - Registered Data node : a4a73c82-9756-45ac-afed-7299ac804f25{ip: 192.168.36.79, host: pr-hdds-1569-s8kj2-2266485376, networkLocation: /default-rack, certSerialId: null}
2019-09-20 08:44:14,725 | INFO  | SCMAudit | user=jenkins1000 | ip=192.168.36.79 | op=REGISTER {datanodeDetails=a4a73c82-9756-45ac-afed-7299ac804f25{ip: 192.168.36.79, host: pr-hdds-1569-s8kj2-2266485376, networkLocation: /default-rack, certSerialId: null}} | ret=SUCCESS |  
2019-09-20 08:44:14,975 [IPC Server handler 6 on 38749] INFO  net.NetworkTopology (NetworkTopologyImpl.java:add(110)) - Added a new node: /default-rack/9123b815-6bfa-48f7-ade2-b84cdc033afa
2019-09-20 08:44:14,975 [IPC Server handler 6 on 38749] INFO  node.SCMNodeManager (SCMNodeManager.java:register(273)) - Registered Data node : 9123b815-6bfa-48f7-ade2-b84cdc033afa{ip: 192.168.36.79, host: pr-hdds-1569-s8kj2-2266485376, networkLocation: /default-rack, certSerialId: null}
2019-09-20 08:44:14,976 | INFO  | SCMAudit | user=jenkins1000 | ip=192.168.36.79 | op=REGISTER {datanodeDetails=9123b815-6bfa-48f7-ade2-b84cdc033afa{ip: 192.168.36.79, host: pr-hdds-1569-s8kj2-2266485376, networkLocation: /default-rack, certSerialId: null}} | ret=SUCCESS |  
2019-09-20 08:44:15,452 [IPC Server handler 3 on 38749] INFO  net.NetworkTopology (NetworkTopologyImpl.java:add(110)) - Added a new node: /default-rack/75feff7d-6f48-4002-b580-45a21ea734c6
2019-09-20 08:44:15,452 [IPC Server handler 3 on 38749] INFO  node.SCMNodeManager (SCMNodeManager.java:register(273)) - Registered Data node : 75feff7d-6f48-4002-b580-45a21ea734c6{ip: 192.168.36.79, host: pr-hdds-1569-s8kj2-2266485376, networkLocation: /default-rack, certSerialId: null}
2019-09-20 08:44:15,453 | INFO  | SCMAudit | user=jenkins1000 | ip=192.168.36.79 | op=REGISTER {datanodeDetails=75feff7d-6f48-4002-b580-45a21ea734c6{ip: 192.168.36.79, host: pr-hdds-1569-s8kj2-2266485376, networkLocation: /default-rack, certSerialId: null}} | ret=SUCCESS |  
2019-09-20 08:44:15,482 [JUnit] INFO  ozone.MiniOzoneClusterImpl (MiniOzoneClusterImpl.java:lambda$waitForClusterToBeReady$0(142)) - Waiting for cluster to be ready. Got 4 of 5 DN Heartbeats.
2019-09-20 08:44:15,482 [IPC Server handler 2 on 38749] INFO  net.NetworkTopology (NetworkTopologyImpl.java:add(110)) - Added a new node: /default-rack/aa30552f-ad30-4fe7-9018-411c04218958
2019-09-20 08:44:15,483 [IPC Server handler 2 on 38749] INFO  node.SCMNodeManager (SCMNodeManager.java:register(273)) - Registered Data node : aa30552f-ad30-4fe7-9018-411c04218958{ip: 192.168.36.79, host: pr-hdds-1569-s8kj2-2266485376, networkLocation: /default-rack, certSerialId: null}
2019-09-20 08:44:15,483 | INFO  | SCMAudit | user=jenkins1000 | ip=192.168.36.79 | op=REGISTER {datanodeDetails=aa30552f-ad30-4fe7-9018-411c04218958{ip: 192.168.36.79, host: pr-hdds-1569-s8kj2-2266485376, networkLocation: /default-rack, certSerialId: null}} | ret=SUCCESS |  
2019-09-20 08:44:15,565 [grpc-default-executor-0] INFO  impl.RaftServerProxy (RaftServerProxy.java:addNew(89)) - b892e876-f5ae-410a-9dfd-4f07fd940729: addNew group-6398A9828E52:[b892e876-f5ae-410a-9dfd-4f07fd940729:192.168.36.79:42750] returns group-6398A9828E52:java.util.concurrent.CompletableFuture@369847c8[Not completed]
2019-09-20 08:44:15,591 [pool-27-thread-1] INFO  impl.RaftServerImpl (RaftServerImpl.java:<init>(93)) - b892e876-f5ae-410a-9dfd-4f07fd940729: new RaftServerImpl for group-6398A9828E52:[b892e876-f5ae-410a-9dfd-4f07fd940729:192.168.36.79:42750] with ContainerStateMachine:uninitialized
2019-09-20 08:44:15,593 [pool-27-thread-1] INFO  server.RaftServerConfigKeys (ConfUtils.java:logGet(43)) - raft.server.rpc.timeout.min = 5s (custom)
2019-09-20 08:44:15,595 [pool-27-thread-1] INFO  server.RaftServerConfigKeys (ConfUtils.java:logGet(43)) - raft.server.rpc.timeout.max = 5200ms (custom)
2019-09-20 08:44:15,595 [pool-27-thread-1] INFO  server.RaftServerConfigKeys (ConfUtils.java:logGet(43)) - raft.server.rpcslowness.timeout = 120s (custom)
2019-09-20 08:44:15,596 [pool-27-thread-1] INFO  server.RaftServerConfigKeys (ConfUtils.java:logGet(43)) - raft.server.sleep.deviation.threshold = 300 (default)
2019-09-20 08:44:15,597 [pool-27-thread-1] INFO  server.RaftServerConfigKeys (ConfUtils.java:logGet(43)) - raft.server.log.appender.install.snapshot.enabled = false (custom)
2019-09-20 08:44:15,608 [pool-27-thread-1] INFO  impl.RaftServerImpl (ServerState.java:<init>(105)) - b892e876-f5ae-410a-9dfd-4f07fd940729:group-6398A9828E52 ConfigurationManager, init=-1: [b892e876-f5ae-410a-9dfd-4f07fd940729:192.168.36.79:42750], old=null, confs=<EMPTY_MAP>
2019-09-20 08:44:15,608 [pool-27-thread-1] INFO  server.RaftServerConfigKeys (ConfUtils.java:logGet(43)) - raft.server.storage.dir = [/workdir/hadoop-ozone/ozonefs/target/test-dir/MiniOzoneClusterImpl-84b7649f-0e5d-4ae2-b324-047deb1fece8/datanode-0/data/ratis] (custom)
2019-09-20 08:44:15,618 [pool-27-thread-1] INFO  storage.RaftStorageDirectory (RaftStorageDirectory.java:analyzeStorage(246)) - The storage directory /workdir/hadoop-ozone/ozonefs/target/test-dir/MiniOzoneClusterImpl-84b7649f-0e5d-4ae2-b324-047deb1fece8/datanode-0/data/ratis/07f617af-4c9f-44bb-8ea2-6398a9828e52 does not exist. Creating ...
2019-09-20 08:44:15,643 [pool-27-thread-1] INFO  storage.RaftStorageDirectory (RaftStorageDirectory.java:tryLock(328)) - Lock on /workdir/hadoop-ozone/ozonefs/target/test-dir/MiniOzoneClusterImpl-84b7649f-0e5d-4ae2-b324-047deb1fece8/datanode-0/data/ratis/07f617af-4c9f-44bb-8ea2-6398a9828e52/in_use.lock acquired by nodename 5807@pr-hdds-1569-s8kj2-2266485376
2019-09-20 08:44:15,663 [pool-27-thread-1] INFO  storage.RaftStorage (RaftStorage.java:format(72)) - Storage directory /workdir/hadoop-ozone/ozonefs/target/test-dir/MiniOzoneClusterImpl-84b7649f-0e5d-4ae2-b324-047deb1fece8/datanode-0/data/ratis/07f617af-4c9f-44bb-8ea2-6398a9828e52 has been successfully formatted.
2019-09-20 08:44:15,667 [pool-27-thread-1] INFO  ratis.ContainerStateMachine (ContainerStateMachine.java:loadSnapshot(226)) - group-6398A9828E52: The snapshot info is null. Setting the last applied indexto:(t:0, i:~)
2019-09-20 08:44:15,667 [pool-27-thread-1] INFO  server.RaftServerConfigKeys (ConfUtils.java:logGet(43)) - raft.server.leader.election.timeout = 120s (custom)
2019-09-20 08:44:15,671 [pool-27-thread-1] INFO  server.RaftServerConfigKeys (ConfUtils.java:logGet(43)) - raft.server.log.use.memory = false (default)
2019-09-20 08:44:15,680 [pool-27-thread-1] INFO  server.RaftServerConfigKeys (ConfUtils.java:logGet(43)) - raft.server.log.purge.gap = 1000000 (custom)
2019-09-20 08:44:15,680 [pool-27-thread-1] INFO  server.RaftServerConfigKeys (ConfUtils.java:logGet(43)) - raft.server.log.appender.buffer.byte-limit = 33554432 (custom)
2019-09-20 08:44:15,683 [pool-27-thread-1] INFO  server.RaftServerConfigKeys (ConfUtils.java:logGet(43)) - raft.server.log.segment.size.max = 1048576 (custom)
2019-09-20 08:44:15,689 [pool-27-thread-1] INFO  server.RaftServerConfigKeys (ConfUtils.java:logGet(43)) - raft.server.log.segment.cache.num.max = 2 (custom)
2019-09-20 08:44:15,698 [pool-27-thread-1] INFO  segmented.SegmentedRaftLogWorker (SegmentedRaftLogWorker.java:<init>(172)) - new b892e876-f5ae-410a-9dfd-4f07fd940729-SegmentedRaftLogWorker:Storage Directory /workdir/hadoop-ozone/ozonefs/target/test-dir/MiniOzoneClusterImpl-84b7649f-0e5d-4ae2-b324-047deb1fece8/datanode-0/data/ratis/07f617af-4c9f-44bb-8ea2-6398a9828e52 for RaftStorage:Storage Directory /workdir/hadoop-ozone/ozonefs/target/test-dir/MiniOzoneClusterImpl-84b7649f-0e5d-4ae2-b324-047deb1fece8/datanode-0/data/ratis/07f617af-4c9f-44bb-8ea2-6398a9828e52
2019-09-20 08:44:15,714 [pool-27-thread-1] INFO  server.RaftServerConfigKeys (ConfUtils.java:logGet(43)) - raft.server.log.queue.byte-limit = 2147483647 (custom)
2019-09-20 08:44:15,714 [pool-27-thread-1] INFO  server.RaftServerConfigKeys (ConfUtils.java:logGet(43)) - raft.server.log.queue.element-limit = 1024 (custom)
2019-09-20 08:44:15,720 [pool-27-thread-1] INFO  server.RaftServerConfigKeys (ConfUtils.java:logGet(43)) - raft.server.log.segment.size.max = 1048576 (custom)
2019-09-20 08:44:15,720 [pool-27-thread-1] INFO  server.RaftServerConfigKeys (ConfUtils.java:logGet(43)) - raft.server.log.preallocated.size = 16384 (custom)
2019-09-20 08:44:15,721 [pool-27-thread-1] INFO  server.RaftServerConfigKeys (ConfUtils.java:logGet(43)) - raft.server.log.write.buffer.size = 33554432 (custom)
2019-09-20 08:44:15,721 [pool-27-thread-1] INFO  server.RaftServerConfigKeys (ConfUtils.java:logGet(43)) - raft.server.log.force.sync.num = 128 (default)
2019-09-20 08:44:15,722 [pool-27-thread-1] INFO  server.RaftServerConfigKeys (ConfUtils.java:logGet(43)) - raft.server.log.statemachine.data.sync = true (default)
2019-09-20 08:44:15,723 [pool-27-thread-1] INFO  server.RaftServerConfigKeys (ConfUtils.java:logGet(43)) - raft.server.log.statemachine.data.sync.timeout = 10s (default)
2019-09-20 08:44:15,723 [pool-27-thread-1] INFO  server.RaftServerConfigKeys (ConfUtils.java:logGet(43)) - raft.server.log.statemachine.data.sync.timeout.retry = -1 (default)
2019-09-20 08:44:15,733 [pool-27-thread-1] INFO  server.RaftServerConfigKeys (ConfUtils.java:logGet(43)) - raft.server.log.statemachine.data.caching.enabled = true (custom)
2019-09-20 08:44:15,738 [pool-27-thread-1] INFO  segmented.SegmentedRaftLogWorker (SegmentedRaftLogWorker.java:lambda$new$0(132)) - b892e876-f5ae-410a-9dfd-4f07fd940729-SegmentedRaftLogWorker:Storage Directory /workdir/hadoop-ozone/ozonefs/target/test-dir/MiniOzoneClusterImpl-84b7649f-0e5d-4ae2-b324-047deb1fece8/datanode-0/data/ratis/07f617af-4c9f-44bb-8ea2-6398a9828e52: flushIndex: setUnconditionally 0 -> -1
2019-09-20 08:44:15,743 [pool-27-thread-1] INFO  server.RaftServerConfigKeys (ConfUtils.java:logGet(43)) - raft.server.snapshot.auto.trigger.enabled = true (custom)
2019-09-20 08:44:15,744 [pool-27-thread-1] INFO  server.RaftServerConfigKeys (ConfUtils.java:logGet(43)) - raft.server.snapshot.auto.trigger.threshold = 10000 (custom)
2019-09-20 08:44:15,744 [pool-27-thread-1] INFO  server.RaftServerConfigKeys (ConfUtils.java:logGet(43)) - raft.server.retrycache.expirytime = 600000ms (custom)
2019-09-20 08:44:15,767 [pool-27-thread-1] INFO  impl.RaftServerImpl (RaftServerImpl.java:start(180)) - b892e876-f5ae-410a-9dfd-4f07fd940729: start group-6398A9828E52
2019-09-20 08:44:15,768 [pool-27-thread-1] INFO  impl.RaftServerImpl (RaftServerImpl.java:setRole(171)) - b892e876-f5ae-410a-9dfd-4f07fd940729:group-6398A9828E52 changes role from null to FOLLOWER at term 0 for startAsFollower
2019-09-20 08:44:15,769 [pool-27-thread-1] INFO  impl.RoleInfo (RoleInfo.java:updateAndGet(143)) - b892e876-f5ae-410a-9dfd-4f07fd940729: start FollowerState
2019-09-20 08:44:15,771 [pool-27-thread-1] INFO  util.JmxRegister (JmxRegister.java:tryRegister(44)) - Successfully registered JMX Bean with object name Ratis:service=RaftServer,group=group-6398A9828E52,id=b892e876-f5ae-410a-9dfd-4f07fd940729
2019-09-20 08:44:15,841 [RatisPipelineUtilsThread] INFO  pipeline.PipelineStateManager (PipelineStateManager.java:addPipeline(56)) - Created pipeline Pipeline[ Id: 07f617af-4c9f-44bb-8ea2-6398a9828e52, Nodes: b892e876-f5ae-410a-9dfd-4f07fd940729{ip: 192.168.36.79, host: pr-hdds-1569-s8kj2-2266485376, networkLocation: /default-rack, certSerialId: null}, Type:RATIS, Factor:ONE, State:OPEN]
2019-09-20 08:44:15,866 [grpc-default-executor-0] INFO  impl.RaftServerProxy (RaftServerProxy.java:addNew(89)) - 9123b815-6bfa-48f7-ade2-b84cdc033afa: addNew group-DC749EBDFE67:[9123b815-6bfa-48f7-ade2-b84cdc033afa:192.168.36.79:38300] returns group-DC749EBDFE67:java.util.concurrent.CompletableFuture@2a907f0[Not completed]
2019-09-20 08:44:15,911 [pool-49-thread-1] INFO  impl.RaftServerImpl (RaftServerImpl.java:<init>(93)) - 9123b815-6bfa-48f7-ade2-b84cdc033afa: new RaftServerImpl for group-DC749EBDFE67:[9123b815-6bfa-48f7-ade2-b84cdc033afa:192.168.36.79:38300] with ContainerStateMachine:uninitialized
2019-09-20 08:44:15,912 [pool-49-thread-1] INFO  server.RaftServerConfigKeys (ConfUtils.java:logGet(43)) - raft.server.rpc.timeout.min = 5s (custom)
2019-09-20 08:44:15,912 [pool-49-thread-1] INFO  server.RaftServerConfigKeys (ConfUtils.java:logGet(43)) - raft.server.rpc.timeout.max = 5200ms (custom)
2019-09-20 08:44:15,913 [pool-49-thread-1] INFO  server.RaftServerConfigKeys (ConfUtils.java:logGet(43)) - raft.server.rpcslowness.timeout = 120s (custom)
2019-09-20 08:44:15,913 [pool-49-thread-1] INFO  server.RaftServerConfigKeys (ConfUtils.java:logGet(43)) - raft.server.sleep.deviation.threshold = 300 (default)
2019-09-20 08:44:15,913 [pool-49-thread-1] INFO  server.RaftServerConfigKeys (ConfUtils.java:logGet(43)) - raft.server.log.appender.install.snapshot.enabled = false (custom)
2019-09-20 08:44:15,913 [pool-49-thread-1] INFO  impl.RaftServerImpl (ServerState.java:<init>(105)) - 9123b815-6bfa-48f7-ade2-b84cdc033afa:group-DC749EBDFE67 ConfigurationManager, init=-1: [9123b815-6bfa-48f7-ade2-b84cdc033afa:192.168.36.79:38300], old=null, confs=<EMPTY_MAP>
2019-09-20 08:44:15,914 [pool-49-thread-1] INFO  server.RaftServerConfigKeys (ConfUtils.java:logGet(43)) - raft.server.storage.dir = [/workdir/hadoop-ozone/ozonefs/target/test-dir/MiniOzoneClusterImpl-84b7649f-0e5d-4ae2-b324-047deb1fece8/datanode-2/data/ratis] (custom)
2019-09-20 08:44:15,914 [pool-49-thread-1] INFO  storage.RaftStorageDirectory (RaftStorageDirectory.java:analyzeStorage(246)) - The storage directory /workdir/hadoop-ozone/ozonefs/target/test-dir/MiniOzoneClusterImpl-84b7649f-0e5d-4ae2-b324-047deb1fece8/datanode-2/data/ratis/274abf85-1824-4d7f-857e-dc749ebdfe67 does not exist. Creating ...
2019-09-20 08:44:15,945 [pool-49-thread-1] INFO  storage.RaftStorageDirectory (RaftStorageDirectory.java:tryLock(328)) - Lock on /workdir/hadoop-ozone/ozonefs/target/test-dir/MiniOzoneClusterImpl-84b7649f-0e5d-4ae2-b324-047deb1fece8/datanode-2/data/ratis/274abf85-1824-4d7f-857e-dc749ebdfe67/in_use.lock acquired by nodename 5807@pr-hdds-1569-s8kj2-2266485376
2019-09-20 08:44:15,983 [pool-49-thread-1] INFO  storage.RaftStorage (RaftStorage.java:format(72)) - Storage directory /workdir/hadoop-ozone/ozonefs/target/test-dir/MiniOzoneClusterImpl-84b7649f-0e5d-4ae2-b324-047deb1fece8/datanode-2/data/ratis/274abf85-1824-4d7f-857e-dc749ebdfe67 has been successfully formatted.
2019-09-20 08:44:15,985 [pool-49-thread-1] INFO  ratis.ContainerStateMachine (ContainerStateMachine.java:loadSnapshot(226)) - group-DC749EBDFE67: The snapshot info is null. Setting the last applied indexto:(t:0, i:~)
2019-09-20 08:44:15,987 [pool-49-thread-1] INFO  server.RaftServerConfigKeys (ConfUtils.java:logGet(43)) - raft.server.leader.election.timeout = 120s (custom)
2019-09-20 08:44:15,987 [pool-49-thread-1] INFO  server.RaftServerConfigKeys (ConfUtils.java:logGet(43)) - raft.server.log.use.memory = false (default)
2019-09-20 08:44:15,987 [pool-49-thread-1] INFO  server.RaftServerConfigKeys (ConfUtils.java:logGet(43)) - raft.server.log.purge.gap = 1000000 (custom)
2019-09-20 08:44:15,987 [pool-49-thread-1] INFO  server.RaftServerConfigKeys (ConfUtils.java:logGet(43)) - raft.server.log.appender.buffer.byte-limit = 33554432 (custom)
2019-09-20 08:44:15,988 [pool-49-thread-1] INFO  server.RaftServerConfigKeys (ConfUtils.java:logGet(43)) - raft.server.log.segment.size.max = 1048576 (custom)
2019-09-20 08:44:15,988 [pool-49-thread-1] INFO  server.RaftServerConfigKeys (ConfUtils.java:logGet(43)) - raft.server.log.segment.cache.num.max = 2 (custom)
2019-09-20 08:44:15,988 [pool-49-thread-1] INFO  segmented.SegmentedRaftLogWorker (SegmentedRaftLogWorker.java:<init>(172)) - new 9123b815-6bfa-48f7-ade2-b84cdc033afa-SegmentedRaftLogWorker:Storage Directory /workdir/hadoop-ozone/ozonefs/target/test-dir/MiniOzoneClusterImpl-84b7649f-0e5d-4ae2-b324-047deb1fece8/datanode-2/data/ratis/274abf85-1824-4d7f-857e-dc749ebdfe67 for RaftStorage:Storage Directory /workdir/hadoop-ozone/ozonefs/target/test-dir/MiniOzoneClusterImpl-84b7649f-0e5d-4ae2-b324-047deb1fece8/datanode-2/data/ratis/274abf85-1824-4d7f-857e-dc749ebdfe67
2019-09-20 08:44:15,990 [pool-49-thread-1] INFO  server.RaftServerConfigKeys (ConfUtils.java:logGet(43)) - raft.server.log.queue.byte-limit = 2147483647 (custom)
2019-09-20 08:44:15,990 [pool-49-thread-1] INFO  server.RaftServerConfigKeys (ConfUtils.java:logGet(43)) - raft.server.log.queue.element-limit = 1024 (custom)
2019-09-20 08:44:15,991 [pool-49-thread-1] INFO  server.RaftServerConfigKeys (ConfUtils.java:logGet(43)) - raft.server.log.segment.size.max = 1048576 (custom)
2019-09-20 08:44:15,991 [pool-49-thread-1] INFO  server.RaftServerConfigKeys (ConfUtils.java:logGet(43)) - raft.server.log.preallocated.size = 16384 (custom)
2019-09-20 08:44:15,991 [pool-49-thread-1] INFO  server.RaftServerConfigKeys (ConfUtils.java:logGet(43)) - raft.server.log.write.buffer.size = 33554432 (custom)
2019-09-20 08:44:15,991 [pool-49-thread-1] INFO  server.RaftServerConfigKeys (ConfUtils.java:logGet(43)) - raft.server.log.force.sync.num = 128 (default)
2019-09-20 08:44:15,992 [pool-49-thread-1] INFO  server.RaftServerConfigKeys (ConfUtils.java:logGet(43)) - raft.server.log.statemachine.data.sync = true (default)
2019-09-20 08:44:15,992 [pool-49-thread-1] INFO  server.RaftServerConfigKeys (ConfUtils.java:logGet(43)) - raft.server.log.statemachine.data.sync.timeout = 10s (default)
2019-09-20 08:44:15,992 [pool-49-thread-1] INFO  server.RaftServerConfigKeys (ConfUtils.java:logGet(43)) - raft.server.log.statemachine.data.sync.timeout.retry = -1 (default)
2019-09-20 08:44:15,993 [pool-49-thread-1] INFO  server.RaftServerConfigKeys (ConfUtils.java:logGet(43)) - raft.server.log.statemachine.data.caching.enabled = true (custom)
2019-09-20 08:44:15,993 [pool-49-thread-1] INFO  segmented.SegmentedRaftLogWorker (SegmentedRaftLogWorker.java:lambda$new$0(132)) - 9123b815-6bfa-48f7-ade2-b84cdc033afa-SegmentedRaftLogWorker:Storage Directory /workdir/hadoop-ozone/ozonefs/target/test-dir/MiniOzoneClusterImpl-84b7649f-0e5d-4ae2-b324-047deb1fece8/datanode-2/data/ratis/274abf85-1824-4d7f-857e-dc749ebdfe67: flushIndex: setUnconditionally 0 -> -1
2019-09-20 08:44:15,994 [pool-49-thread-1] INFO  server.RaftServerConfigKeys (ConfUtils.java:logGet(43)) - raft.server.snapshot.auto.trigger.enabled = true (custom)
2019-09-20 08:44:15,994 [pool-49-thread-1] INFO  server.RaftServerConfigKeys (ConfUtils.java:logGet(43)) - raft.server.snapshot.auto.trigger.threshold = 10000 (custom)
2019-09-20 08:44:15,994 [pool-49-thread-1] INFO  server.RaftServerConfigKeys (ConfUtils.java:logGet(43)) - raft.server.retrycache.expirytime = 600000ms (custom)
2019-09-20 08:44:15,995 [pool-49-thread-1] INFO  impl.RaftServerImpl (RaftServerImpl.java:start(180)) - 9123b815-6bfa-48f7-ade2-b84cdc033afa: start group-DC749EBDFE67
2019-09-20 08:44:15,995 [pool-49-thread-1] INFO  impl.RaftServerImpl (RaftServerImpl.java:setRole(171)) - 9123b815-6bfa-48f7-ade2-b84cdc033afa:group-DC749EBDFE67 changes role from null to FOLLOWER at term 0 for startAsFollower
2019-09-20 08:44:15,995 [pool-49-thread-1] INFO  impl.RoleInfo (RoleInfo.java:updateAndGet(143)) - 9123b815-6bfa-48f7-ade2-b84cdc033afa: start FollowerState
2019-09-20 08:44:15,997 [pool-49-thread-1] INFO  util.JmxRegister (JmxRegister.java:tryRegister(44)) - Successfully registered JMX Bean with object name Ratis:service=RaftServer,group=group-DC749EBDFE67,id=9123b815-6bfa-48f7-ade2-b84cdc033afa
2019-09-20 08:44:16,017 [RatisPipelineUtilsThread] INFO  pipeline.PipelineStateManager (PipelineStateManager.java:addPipeline(56)) - Created pipeline Pipeline[ Id: 274abf85-1824-4d7f-857e-dc749ebdfe67, Nodes: 9123b815-6bfa-48f7-ade2-b84cdc033afa{ip: 192.168.36.79, host: pr-hdds-1569-s8kj2-2266485376, networkLocation: /default-rack, certSerialId: null}, Type:RATIS, Factor:ONE, State:OPEN]
2019-09-20 08:44:16,042 [grpc-default-executor-0] INFO  impl.RaftServerProxy (RaftServerProxy.java:addNew(89)) - a4a73c82-9756-45ac-afed-7299ac804f25: addNew group-F3F72F6CE3A6:[a4a73c82-9756-45ac-afed-7299ac804f25:192.168.36.79:38495] returns group-F3F72F6CE3A6:java.util.concurrent.CompletableFuture@56ac211c[Not completed]
2019-09-20 08:44:16,054 [pool-38-thread-1] INFO  impl.RaftServerImpl (RaftServerImpl.java:<init>(93)) - a4a73c82-9756-45ac-afed-7299ac804f25: new RaftServerImpl for group-F3F72F6CE3A6:[a4a73c82-9756-45ac-afed-7299ac804f25:192.168.36.79:38495] with ContainerStateMachine:uninitialized
2019-09-20 08:44:16,054 [pool-38-thread-1] INFO  server.RaftServerConfigKeys (ConfUtils.java:logGet(43)) - raft.server.rpc.timeout.min = 5s (custom)
2019-09-20 08:44:16,054 [pool-38-thread-1] INFO  server.RaftServerConfigKeys (ConfUtils.java:logGet(43)) - raft.server.rpc.timeout.max = 5200ms (custom)
2019-09-20 08:44:16,054 [pool-38-thread-1] INFO  server.RaftServerConfigKeys (ConfUtils.java:logGet(43)) - raft.server.rpcslowness.timeout = 120s (custom)
2019-09-20 08:44:16,055 [pool-38-thread-1] INFO  server.RaftServerConfigKeys (ConfUtils.java:logGet(43)) - raft.server.sleep.deviation.threshold = 300 (default)
2019-09-20 08:44:16,055 [pool-38-thread-1] INFO  server.RaftServerConfigKeys (ConfUtils.java:logGet(43)) - raft.server.log.appender.install.snapshot.enabled = false (custom)
2019-09-20 08:44:16,055 [pool-38-thread-1] INFO  impl.RaftServerImpl (ServerState.java:<init>(105)) - a4a73c82-9756-45ac-afed-7299ac804f25:group-F3F72F6CE3A6 ConfigurationManager, init=-1: [a4a73c82-9756-45ac-afed-7299ac804f25:192.168.36.79:38495], old=null, confs=<EMPTY_MAP>
2019-09-20 08:44:16,055 [pool-38-thread-1] INFO  server.RaftServerConfigKeys (ConfUtils.java:logGet(43)) - raft.server.storage.dir = [/workdir/hadoop-ozone/ozonefs/target/test-dir/MiniOzoneClusterImpl-84b7649f-0e5d-4ae2-b324-047deb1fece8/datanode-1/data/ratis] (custom)
2019-09-20 08:44:16,056 [pool-38-thread-1] INFO  storage.RaftStorageDirectory (RaftStorageDirectory.java:analyzeStorage(246)) - The storage directory /workdir/hadoop-ozone/ozonefs/target/test-dir/MiniOzoneClusterImpl-84b7649f-0e5d-4ae2-b324-047deb1fece8/datanode-1/data/ratis/9dc744bd-947b-4864-b005-f3f72f6ce3a6 does not exist. Creating ...
2019-09-20 08:44:16,080 [pool-38-thread-1] INFO  storage.RaftStorageDirectory (RaftStorageDirectory.java:tryLock(328)) - Lock on /workdir/hadoop-ozone/ozonefs/target/test-dir/MiniOzoneClusterImpl-84b7649f-0e5d-4ae2-b324-047deb1fece8/datanode-1/data/ratis/9dc744bd-947b-4864-b005-f3f72f6ce3a6/in_use.lock acquired by nodename 5807@pr-hdds-1569-s8kj2-2266485376
2019-09-20 08:44:16,098 [pool-38-thread-1] INFO  storage.RaftStorage (RaftStorage.java:format(72)) - Storage directory /workdir/hadoop-ozone/ozonefs/target/test-dir/MiniOzoneClusterImpl-84b7649f-0e5d-4ae2-b324-047deb1fece8/datanode-1/data/ratis/9dc744bd-947b-4864-b005-f3f72f6ce3a6 has been successfully formatted.
2019-09-20 08:44:16,098 [pool-38-thread-1] INFO  ratis.ContainerStateMachine (ContainerStateMachine.java:loadSnapshot(226)) - group-F3F72F6CE3A6: The snapshot info is null. Setting the last applied indexto:(t:0, i:~)
2019-09-20 08:44:16,098 [pool-38-thread-1] INFO  server.RaftServerConfigKeys (ConfUtils.java:logGet(43)) - raft.server.leader.election.timeout = 120s (custom)
2019-09-20 08:44:16,098 [pool-38-thread-1] INFO  server.RaftServerConfigKeys (ConfUtils.java:logGet(43)) - raft.server.log.use.memory = false (default)
2019-09-20 08:44:16,099 [pool-38-thread-1] INFO  server.RaftServerConfigKeys (ConfUtils.java:logGet(43)) - raft.server.log.purge.gap = 1000000 (custom)
2019-09-20 08:44:16,099 [pool-38-thread-1] INFO  server.RaftServerConfigKeys (ConfUtils.java:logGet(43)) - raft.server.log.appender.buffer.byte-limit = 33554432 (custom)
2019-09-20 08:44:16,099 [pool-38-thread-1] INFO  server.RaftServerConfigKeys (ConfUtils.java:logGet(43)) - raft.server.log.segment.size.max = 1048576 (custom)
2019-09-20 08:44:16,099 [pool-38-thread-1] INFO  server.RaftServerConfigKeys (ConfUtils.java:logGet(43)) - raft.server.log.segment.cache.num.max = 2 (custom)
2019-09-20 08:44:16,099 [pool-38-thread-1] INFO  segmented.SegmentedRaftLogWorker (SegmentedRaftLogWorker.java:<init>(172)) - new a4a73c82-9756-45ac-afed-7299ac804f25-SegmentedRaftLogWorker:Storage Directory /workdir/hadoop-ozone/ozonefs/target/test-dir/MiniOzoneClusterImpl-84b7649f-0e5d-4ae2-b324-047deb1fece8/datanode-1/data/ratis/9dc744bd-947b-4864-b005-f3f72f6ce3a6 for RaftStorage:Storage Directory /workdir/hadoop-ozone/ozonefs/target/test-dir/MiniOzoneClusterImpl-84b7649f-0e5d-4ae2-b324-047deb1fece8/datanode-1/data/ratis/9dc744bd-947b-4864-b005-f3f72f6ce3a6
2019-09-20 08:44:16,100 [pool-38-thread-1] INFO  server.RaftServerConfigKeys (ConfUtils.java:logGet(43)) - raft.server.log.queue.byte-limit = 2147483647 (custom)
2019-09-20 08:44:16,100 [pool-38-thread-1] INFO  server.RaftServerConfigKeys (ConfUtils.java:logGet(43)) - raft.server.log.queue.element-limit = 1024 (custom)
2019-09-20 08:44:16,100 [pool-38-thread-1] INFO  server.RaftServerConfigKeys (ConfUtils.java:logGet(43)) - raft.server.log.segment.size.max = 1048576 (custom)
2019-09-20 08:44:16,101 [pool-38-thread-1] INFO  server.RaftServerConfigKeys (ConfUtils.java:logGet(43)) - raft.server.log.preallocated.size = 16384 (custom)
2019-09-20 08:44:16,101 [pool-38-thread-1] INFO  server.RaftServerConfigKeys (ConfUtils.java:logGet(43)) - raft.server.log.write.buffer.size = 33554432 (custom)
2019-09-20 08:44:16,101 [pool-38-thread-1] INFO  server.RaftServerConfigKeys (ConfUtils.java:logGet(43)) - raft.server.log.force.sync.num = 128 (default)
2019-09-20 08:44:16,101 [pool-38-thread-1] INFO  server.RaftServerConfigKeys (ConfUtils.java:logGet(43)) - raft.server.log.statemachine.data.sync = true (default)
2019-09-20 08:44:16,101 [pool-38-thread-1] INFO  server.RaftServerConfigKeys (ConfUtils.java:logGet(43)) - raft.server.log.statemachine.data.sync.timeout = 10s (default)
2019-09-20 08:44:16,102 [pool-38-thread-1] INFO  server.RaftServerConfigKeys (ConfUtils.java:logGet(43)) - raft.server.log.statemachine.data.sync.timeout.retry = -1 (default)
2019-09-20 08:44:16,102 [pool-38-thread-1] INFO  server.RaftServerConfigKeys (ConfUtils.java:logGet(43)) - raft.server.log.statemachine.data.caching.enabled = true (custom)
2019-09-20 08:44:16,102 [pool-38-thread-1] INFO  segmented.SegmentedRaftLogWorker (SegmentedRaftLogWorker.java:lambda$new$0(132)) - a4a73c82-9756-45ac-afed-7299ac804f25-SegmentedRaftLogWorker:Storage Directory /workdir/hadoop-ozone/ozonefs/target/test-dir/MiniOzoneClusterImpl-84b7649f-0e5d-4ae2-b324-047deb1fece8/datanode-1/data/ratis/9dc744bd-947b-4864-b005-f3f72f6ce3a6: flushIndex: setUnconditionally 0 -> -1
2019-09-20 08:44:16,103 [pool-38-thread-1] INFO  server.RaftServerConfigKeys (ConfUtils.java:logGet(43)) - raft.server.snapshot.auto.trigger.enabled = true (custom)
2019-09-20 08:44:16,103 [pool-38-thread-1] INFO  server.RaftServerConfigKeys (ConfUtils.java:logGet(43)) - raft.server.snapshot.auto.trigger.threshold = 10000 (custom)
2019-09-20 08:44:16,103 [pool-38-thread-1] INFO  server.RaftServerConfigKeys (ConfUtils.java:logGet(43)) - raft.server.retrycache.expirytime = 600000ms (custom)
2019-09-20 08:44:16,103 [pool-38-thread-1] INFO  impl.RaftServerImpl (RaftServerImpl.java:start(180)) - a4a73c82-9756-45ac-afed-7299ac804f25: start group-F3F72F6CE3A6
2019-09-20 08:44:16,104 [pool-38-thread-1] INFO  impl.RaftServerImpl (RaftServerImpl.java:setRole(171)) - a4a73c82-9756-45ac-afed-7299ac804f25:group-F3F72F6CE3A6 changes role from null to FOLLOWER at term 0 for startAsFollower
2019-09-20 08:44:16,104 [pool-38-thread-1] INFO  impl.RoleInfo (RoleInfo.java:updateAndGet(143)) - a4a73c82-9756-45ac-afed-7299ac804f25: start FollowerState
2019-09-20 08:44:16,104 [pool-38-thread-1] INFO  util.JmxRegister (JmxRegister.java:tryRegister(44)) - Successfully registered JMX Bean with object name Ratis:service=RaftServer,group=group-F3F72F6CE3A6,id=a4a73c82-9756-45ac-afed-7299ac804f25
2019-09-20 08:44:16,117 [RatisPipelineUtilsThread] INFO  pipeline.PipelineStateManager (PipelineStateManager.java:addPipeline(56)) - Created pipeline Pipeline[ Id: 9dc744bd-947b-4864-b005-f3f72f6ce3a6, Nodes: a4a73c82-9756-45ac-afed-7299ac804f25{ip: 192.168.36.79, host: pr-hdds-1569-s8kj2-2266485376, networkLocation: /default-rack, certSerialId: null}, Type:RATIS, Factor:ONE, State:OPEN]
2019-09-20 08:44:16,136 [grpc-default-executor-0] INFO  impl.RaftServerProxy (RaftServerProxy.java:addNew(89)) - a4a73c82-9756-45ac-afed-7299ac804f25: addNew group-BA5055E799EF:[a4a73c82-9756-45ac-afed-7299ac804f25:192.168.36.79:38495] returns group-BA5055E799EF:java.util.concurrent.CompletableFuture@63b62c6a[Not completed]
2019-09-20 08:44:16,138 [pool-38-thread-1] INFO  impl.RaftServerImpl (RaftServerImpl.java:<init>(93)) - a4a73c82-9756-45ac-afed-7299ac804f25: new RaftServerImpl for group-BA5055E799EF:[a4a73c82-9756-45ac-afed-7299ac804f25:192.168.36.79:38495] with ContainerStateMachine:uninitialized
2019-09-20 08:44:16,138 [pool-38-thread-1] INFO  server.RaftServerConfigKeys (ConfUtils.java:logGet(43)) - raft.server.rpc.timeout.min = 5s (custom)
2019-09-20 08:44:16,138 [pool-38-thread-1] INFO  server.RaftServerConfigKeys (ConfUtils.java:logGet(43)) - raft.server.rpc.timeout.max = 5200ms (custom)
2019-09-20 08:44:16,138 [pool-38-thread-1] INFO  server.RaftServerConfigKeys (ConfUtils.java:logGet(43)) - raft.server.rpcslowness.timeout = 120s (custom)
2019-09-20 08:44:16,138 [pool-38-thread-1] INFO  server.RaftServerConfigKeys (ConfUtils.java:logGet(43)) - raft.server.sleep.deviation.threshold = 300 (default)
2019-09-20 08:44:16,139 [pool-38-thread-1] INFO  server.RaftServerConfigKeys (ConfUtils.java:logGet(43)) - raft.server.log.appender.install.snapshot.enabled = false (custom)
2019-09-20 08:44:16,139 [pool-38-thread-1] INFO  impl.RaftServerImpl (ServerState.java:<init>(105)) - a4a73c82-9756-45ac-afed-7299ac804f25:group-BA5055E799EF ConfigurationManager, init=-1: [a4a73c82-9756-45ac-afed-7299ac804f25:192.168.36.79:38495], old=null, confs=<EMPTY_MAP>
2019-09-20 08:44:16,139 [pool-38-thread-1] INFO  server.RaftServerConfigKeys (ConfUtils.java:logGet(43)) - raft.server.storage.dir = [/workdir/hadoop-ozone/ozonefs/target/test-dir/MiniOzoneClusterImpl-84b7649f-0e5d-4ae2-b324-047deb1fece8/datanode-1/data/ratis] (custom)
2019-09-20 08:44:16,140 [pool-38-thread-1] INFO  storage.RaftStorageDirectory (RaftStorageDirectory.java:analyzeStorage(246)) - The storage directory /workdir/hadoop-ozone/ozonefs/target/test-dir/MiniOzoneClusterImpl-84b7649f-0e5d-4ae2-b324-047deb1fece8/datanode-1/data/ratis/d2cbed57-8a63-490f-92b8-ba5055e799ef does not exist. Creating ...
2019-09-20 08:44:16,158 [pool-38-thread-1] INFO  storage.RaftStorageDirectory (RaftStorageDirectory.java:tryLock(328)) - Lock on /workdir/hadoop-ozone/ozonefs/target/test-dir/MiniOzoneClusterImpl-84b7649f-0e5d-4ae2-b324-047deb1fece8/datanode-1/data/ratis/d2cbed57-8a63-490f-92b8-ba5055e799ef/in_use.lock acquired by nodename 5807@pr-hdds-1569-s8kj2-2266485376
2019-09-20 08:44:16,176 [pool-38-thread-1] INFO  storage.RaftStorage (RaftStorage.java:format(72)) - Storage directory /workdir/hadoop-ozone/ozonefs/target/test-dir/MiniOzoneClusterImpl-84b7649f-0e5d-4ae2-b324-047deb1fece8/datanode-1/data/ratis/d2cbed57-8a63-490f-92b8-ba5055e799ef has been successfully formatted.
2019-09-20 08:44:16,176 [pool-38-thread-1] INFO  ratis.ContainerStateMachine (ContainerStateMachine.java:loadSnapshot(226)) - group-BA5055E799EF: The snapshot info is null. Setting the last applied indexto:(t:0, i:~)
2019-09-20 08:44:16,176 [pool-38-thread-1] INFO  server.RaftServerConfigKeys (ConfUtils.java:logGet(43)) - raft.server.leader.election.timeout = 120s (custom)
2019-09-20 08:44:16,176 [pool-38-thread-1] INFO  server.RaftServerConfigKeys (ConfUtils.java:logGet(43)) - raft.server.log.use.memory = false (default)
2019-09-20 08:44:16,177 [pool-38-thread-1] INFO  server.RaftServerConfigKeys (ConfUtils.java:logGet(43)) - raft.server.log.purge.gap = 1000000 (custom)
2019-09-20 08:44:16,177 [pool-38-thread-1] INFO  server.RaftServerConfigKeys (ConfUtils.java:logGet(43)) - raft.server.log.appender.buffer.byte-limit = 33554432 (custom)
2019-09-20 08:44:16,177 [pool-38-thread-1] INFO  server.RaftServerConfigKeys (ConfUtils.java:logGet(43)) - raft.server.log.segment.size.max = 1048576 (custom)
2019-09-20 08:44:16,177 [pool-38-thread-1] INFO  server.RaftServerConfigKeys (ConfUtils.java:logGet(43)) - raft.server.log.segment.cache.num.max = 2 (custom)
2019-09-20 08:44:16,177 [pool-38-thread-1] INFO  segmented.SegmentedRaftLogWorker (SegmentedRaftLogWorker.java:<init>(172)) - new a4a73c82-9756-45ac-afed-7299ac804f25-SegmentedRaftLogWorker:Storage Directory /workdir/hadoop-ozone/ozonefs/target/test-dir/MiniOzoneClusterImpl-84b7649f-0e5d-4ae2-b324-047deb1fece8/datanode-1/data/ratis/d2cbed57-8a63-490f-92b8-ba5055e799ef for RaftStorage:Storage Directory /workdir/hadoop-ozone/ozonefs/target/test-dir/MiniOzoneClusterImpl-84b7649f-0e5d-4ae2-b324-047deb1fece8/datanode-1/data/ratis/d2cbed57-8a63-490f-92b8-ba5055e799ef
2019-09-20 08:44:16,178 [pool-38-thread-1] INFO  server.RaftServerConfigKeys (ConfUtils.java:logGet(43)) - raft.server.log.queue.byte-limit = 2147483647 (custom)
2019-09-20 08:44:16,178 [pool-38-thread-1] INFO  server.RaftServerConfigKeys (ConfUtils.java:logGet(43)) - raft.server.log.queue.element-limit = 1024 (custom)
2019-09-20 08:44:16,178 [pool-38-thread-1] INFO  server.RaftServerConfigKeys (ConfUtils.java:logGet(43)) - raft.server.log.segment.size.max = 1048576 (custom)
2019-09-20 08:44:16,178 [pool-38-thread-1] INFO  server.RaftServerConfigKeys (ConfUtils.java:logGet(43)) - raft.server.log.preallocated.size = 16384 (custom)
2019-09-20 08:44:16,178 [pool-38-thread-1] INFO  server.RaftServerConfigKeys (ConfUtils.java:logGet(43)) - raft.server.log.write.buffer.size = 33554432 (custom)
2019-09-20 08:44:16,178 [pool-38-thread-1] INFO  server.RaftServerConfigKeys (ConfUtils.java:logGet(43)) - raft.server.log.force.sync.num = 128 (default)
2019-09-20 08:44:16,179 [pool-38-thread-1] INFO  server.RaftServerConfigKeys (ConfUtils.java:logGet(43)) - raft.server.log.statemachine.data.sync = true (default)
2019-09-20 08:44:16,179 [pool-38-thread-1] INFO  server.RaftServerConfigKeys (ConfUtils.java:logGet(43)) - raft.server.log.statemachine.data.sync.timeout = 10s (default)
2019-09-20 08:44:16,179 [pool-38-thread-1] INFO  server.RaftServerConfigKeys (ConfUtils.java:logGet(43)) - raft.server.log.statemachine.data.sync.timeout.retry = -1 (default)
2019-09-20 08:44:16,179 [pool-38-thread-1] INFO  server.RaftServerConfigKeys (ConfUtils.java:logGet(43)) - raft.server.log.statemachine.data.caching.enabled = true (custom)
2019-09-20 08:44:16,180 [pool-38-thread-1] INFO  segmented.SegmentedRaftLogWorker (SegmentedRaftLogWorker.java:lambda$new$0(132)) - a4a73c82-9756-45ac-afed-7299ac804f25-SegmentedRaftLogWorker:Storage Directory /workdir/hadoop-ozone/ozonefs/target/test-dir/MiniOzoneClusterImpl-84b7649f-0e5d-4ae2-b324-047deb1fece8/datanode-1/data/ratis/d2cbed57-8a63-490f-92b8-ba5055e799ef: flushIndex: setUnconditionally 0 -> -1
2019-09-20 08:44:16,180 [pool-38-thread-1] INFO  server.RaftServerConfigKeys (ConfUtils.java:logGet(43)) - raft.server.snapshot.auto.trigger.enabled = true (custom)
2019-09-20 08:44:16,180 [pool-38-thread-1] INFO  server.RaftServerConfigKeys (ConfUtils.java:logGet(43)) - raft.server.snapshot.auto.trigger.threshold = 10000 (custom)
2019-09-20 08:44:16,180 [pool-38-thread-1] INFO  server.RaftServerConfigKeys (ConfUtils.java:logGet(43)) - raft.server.retrycache.expirytime = 600000ms (custom)
2019-09-20 08:44:16,181 [pool-38-thread-1] INFO  impl.RaftServerImpl (RaftServerImpl.java:start(180)) - a4a73c82-9756-45ac-afed-7299ac804f25: start group-BA5055E799EF
2019-09-20 08:44:16,181 [pool-38-thread-1] INFO  impl.RaftServerImpl (RaftServerImpl.java:setRole(171)) - a4a73c82-9756-45ac-afed-7299ac804f25:group-BA5055E799EF changes role from null to FOLLOWER at term 0 for startAsFollower
2019-09-20 08:44:16,181 [pool-38-thread-1] INFO  impl.RoleInfo (RoleInfo.java:updateAndGet(143)) - a4a73c82-9756-45ac-afed-7299ac804f25: start FollowerState
2019-09-20 08:44:16,181 [pool-38-thread-1] INFO  util.JmxRegister (JmxRegister.java:tryRegister(44)) - Successfully registered JMX Bean with object name Ratis:service=RaftServer,group=group-BA5055E799EF,id=a4a73c82-9756-45ac-afed-7299ac804f25
2019-09-20 08:44:16,194 [RatisPipelineUtilsThread] INFO  pipeline.PipelineStateManager (PipelineStateManager.java:addPipeline(56)) - Created pipeline Pipeline[ Id: d2cbed57-8a63-490f-92b8-ba5055e799ef, Nodes: a4a73c82-9756-45ac-afed-7299ac804f25{ip: 192.168.36.79, host: pr-hdds-1569-s8kj2-2266485376, networkLocation: /default-rack, certSerialId: null}, Type:RATIS, Factor:ONE, State:OPEN]
2019-09-20 08:44:16,219 [grpc-default-executor-0] INFO  impl.RaftServerProxy (RaftServerProxy.java:addNew(89)) - 75feff7d-6f48-4002-b580-45a21ea734c6: addNew group-6B794F6151EE:[75feff7d-6f48-4002-b580-45a21ea734c6:192.168.36.79:46393] returns group-6B794F6151EE:java.util.concurrent.CompletableFuture@76cdd29[Not completed]
2019-09-20 08:44:16,221 [pool-60-thread-1] INFO  impl.RaftServerImpl (RaftServerImpl.java:<init>(93)) - 75feff7d-6f48-4002-b580-45a21ea734c6: new RaftServerImpl for group-6B794F6151EE:[75feff7d-6f48-4002-b580-45a21ea734c6:192.168.36.79:46393] with ContainerStateMachine:uninitialized
2019-09-20 08:44:16,221 [pool-60-thread-1] INFO  server.RaftServerConfigKeys (ConfUtils.java:logGet(43)) - raft.server.rpc.timeout.min = 5s (custom)
2019-09-20 08:44:16,222 [pool-60-thread-1] INFO  server.RaftServerConfigKeys (ConfUtils.java:logGet(43)) - raft.server.rpc.timeout.max = 5200ms (custom)
2019-09-20 08:44:16,222 [pool-60-thread-1] INFO  server.RaftServerConfigKeys (ConfUtils.java:logGet(43)) - raft.server.rpcslowness.timeout = 120s (custom)
2019-09-20 08:44:16,222 [pool-60-thread-1] INFO  server.RaftServerConfigKeys (ConfUtils.java:logGet(43)) - raft.server.sleep.deviation.threshold = 300 (default)
2019-09-20 08:44:16,222 [pool-60-thread-1] INFO  server.RaftServerConfigKeys (ConfUtils.java:logGet(43)) - raft.server.log.appender.install.snapshot.enabled = false (custom)
2019-09-20 08:44:16,222 [pool-60-thread-1] INFO  impl.RaftServerImpl (ServerState.java:<init>(105)) - 75feff7d-6f48-4002-b580-45a21ea734c6:group-6B794F6151EE ConfigurationManager, init=-1: [75feff7d-6f48-4002-b580-45a21ea734c6:192.168.36.79:46393], old=null, confs=<EMPTY_MAP>
2019-09-20 08:44:16,223 [pool-60-thread-1] INFO  server.RaftServerConfigKeys (ConfUtils.java:logGet(43)) - raft.server.storage.dir = [/workdir/hadoop-ozone/ozonefs/target/test-dir/MiniOzoneClusterImpl-84b7649f-0e5d-4ae2-b324-047deb1fece8/datanode-3/data/ratis] (custom)
2019-09-20 08:44:16,223 [pool-60-thread-1] INFO  storage.RaftStorageDirectory (RaftStorageDirectory.java:analyzeStorage(246)) - The storage directory /workdir/hadoop-ozone/ozonefs/target/test-dir/MiniOzoneClusterImpl-84b7649f-0e5d-4ae2-b324-047deb1fece8/datanode-3/data/ratis/63d19817-b199-4ae0-9067-6b794f6151ee does not exist. Creating ...
2019-09-20 08:44:16,255 [pool-60-thread-1] INFO  storage.RaftStorageDirectory (RaftStorageDirectory.java:tryLock(328)) - Lock on /workdir/hadoop-ozone/ozonefs/target/test-dir/MiniOzoneClusterImpl-84b7649f-0e5d-4ae2-b324-047deb1fece8/datanode-3/data/ratis/63d19817-b199-4ae0-9067-6b794f6151ee/in_use.lock acquired by nodename 5807@pr-hdds-1569-s8kj2-2266485376
2019-09-20 08:44:16,284 [pool-60-thread-1] INFO  storage.RaftStorage (RaftStorage.java:format(72)) - Storage directory /workdir/hadoop-ozone/ozonefs/target/test-dir/MiniOzoneClusterImpl-84b7649f-0e5d-4ae2-b324-047deb1fece8/datanode-3/data/ratis/63d19817-b199-4ae0-9067-6b794f6151ee has been successfully formatted.
2019-09-20 08:44:16,284 [pool-60-thread-1] INFO  ratis.ContainerStateMachine (ContainerStateMachine.java:loadSnapshot(226)) - group-6B794F6151EE: The snapshot info is null. Setting the last applied indexto:(t:0, i:~)
2019-09-20 08:44:16,284 [pool-60-thread-1] INFO  server.RaftServerConfigKeys (ConfUtils.java:logGet(43)) - raft.server.leader.election.timeout = 120s (custom)
2019-09-20 08:44:16,285 [pool-60-thread-1] INFO  server.RaftServerConfigKeys (ConfUtils.java:logGet(43)) - raft.server.log.use.memory = false (default)
2019-09-20 08:44:16,285 [pool-60-thread-1] INFO  server.RaftServerConfigKeys (ConfUtils.java:logGet(43)) - raft.server.log.purge.gap = 1000000 (custom)
2019-09-20 08:44:16,285 [pool-60-thread-1] INFO  server.RaftServerConfigKeys (ConfUtils.java:logGet(43)) - raft.server.log.appender.buffer.byte-limit = 33554432 (custom)
2019-09-20 08:44:16,285 [pool-60-thread-1] INFO  server.RaftServerConfigKeys (ConfUtils.java:logGet(43)) - raft.server.log.segment.size.max = 1048576 (custom)
2019-09-20 08:44:16,286 [pool-60-thread-1] INFO  server.RaftServerConfigKeys (ConfUtils.java:logGet(43)) - raft.server.log.segment.cache.num.max = 2 (custom)
2019-09-20 08:44:16,286 [pool-60-thread-1] INFO  segmented.SegmentedRaftLogWorker (SegmentedRaftLogWorker.java:<init>(172)) - new 75feff7d-6f48-4002-b580-45a21ea734c6-SegmentedRaftLogWorker:Storage Directory /workdir/hadoop-ozone/ozonefs/target/test-dir/MiniOzoneClusterImpl-84b7649f-0e5d-4ae2-b324-047deb1fece8/datanode-3/data/ratis/63d19817-b199-4ae0-9067-6b794f6151ee for RaftStorage:Storage Directory /workdir/hadoop-ozone/ozonefs/target/test-dir/MiniOzoneClusterImpl-84b7649f-0e5d-4ae2-b324-047deb1fece8/datanode-3/data/ratis/63d19817-b199-4ae0-9067-6b794f6151ee
2019-09-20 08:44:16,286 [pool-60-thread-1] INFO  server.RaftServerConfigKeys (ConfUtils.java:logGet(43)) - raft.server.log.queue.byte-limit = 2147483647 (custom)
2019-09-20 08:44:16,286 [pool-60-thread-1] INFO  server.RaftServerConfigKeys (ConfUtils.java:logGet(43)) - raft.server.log.queue.element-limit = 1024 (custom)
2019-09-20 08:44:16,287 [pool-60-thread-1] INFO  server.RaftServerConfigKeys (ConfUtils.java:logGet(43)) - raft.server.log.segment.size.max = 1048576 (custom)
2019-09-20 08:44:16,287 [pool-60-thread-1] INFO  server.RaftServerConfigKeys (ConfUtils.java:logGet(43)) - raft.server.log.preallocated.size = 16384 (custom)
2019-09-20 08:44:16,287 [pool-60-thread-1] INFO  server.RaftServerConfigKeys (ConfUtils.java:logGet(43)) - raft.server.log.write.buffer.size = 33554432 (custom)
2019-09-20 08:44:16,287 [pool-60-thread-1] INFO  server.RaftServerConfigKeys (ConfUtils.java:logGet(43)) - raft.server.log.force.sync.num = 128 (default)
2019-09-20 08:44:16,288 [pool-60-thread-1] INFO  server.RaftServerConfigKeys (ConfUtils.java:logGet(43)) - raft.server.log.statemachine.data.sync = true (default)
2019-09-20 08:44:16,288 [pool-60-thread-1] INFO  server.RaftServerConfigKeys (ConfUtils.java:logGet(43)) - raft.server.log.statemachine.data.sync.timeout = 10s (default)
2019-09-20 08:44:16,288 [pool-60-thread-1] INFO  server.RaftServerConfigKeys (ConfUtils.java:logGet(43)) - raft.server.log.statemachine.data.sync.timeout.retry = -1 (default)
2019-09-20 08:44:16,289 [pool-60-thread-1] INFO  server.RaftServerConfigKeys (ConfUtils.java:logGet(43)) - raft.server.log.statemachine.data.caching.enabled = true (custom)
2019-09-20 08:44:16,289 [pool-60-thread-1] INFO  segmented.SegmentedRaftLogWorker (SegmentedRaftLogWorker.java:lambda$new$0(132)) - 75feff7d-6f48-4002-b580-45a21ea734c6-SegmentedRaftLogWorker:Storage Directory /workdir/hadoop-ozone/ozonefs/target/test-dir/MiniOzoneClusterImpl-84b7649f-0e5d-4ae2-b324-047deb1fece8/datanode-3/data/ratis/63d19817-b199-4ae0-9067-6b794f6151ee: flushIndex: setUnconditionally 0 -> -1
2019-09-20 08:44:16,290 [pool-60-thread-1] INFO  server.RaftServerConfigKeys (ConfUtils.java:logGet(43)) - raft.server.snapshot.auto.trigger.enabled = true (custom)
2019-09-20 08:44:16,290 [pool-60-thread-1] INFO  server.RaftServerConfigKeys (ConfUtils.java:logGet(43)) - raft.server.snapshot.auto.trigger.threshold = 10000 (custom)
2019-09-20 08:44:16,290 [pool-60-thread-1] INFO  server.RaftServerConfigKeys (ConfUtils.java:logGet(43)) - raft.server.retrycache.expirytime = 600000ms (custom)
2019-09-20 08:44:16,290 [pool-60-thread-1] INFO  impl.RaftServerImpl (RaftServerImpl.java:start(180)) - 75feff7d-6f48-4002-b580-45a21ea734c6: start group-6B794F6151EE
2019-09-20 08:44:16,290 [pool-60-thread-1] INFO  impl.RaftServerImpl (RaftServerImpl.java:setRole(171)) - 75feff7d-6f48-4002-b580-45a21ea734c6:group-6B794F6151EE changes role from null to FOLLOWER at term 0 for startAsFollower
2019-09-20 08:44:16,291 [pool-60-thread-1] INFO  impl.RoleInfo (RoleInfo.java:updateAndGet(143)) - 75feff7d-6f48-4002-b580-45a21ea734c6: start FollowerState
2019-09-20 08:44:16,291 [pool-60-thread-1] INFO  util.JmxRegister (JmxRegister.java:tryRegister(44)) - Successfully registered JMX Bean with object name Ratis:service=RaftServer,group=group-6B794F6151EE,id=75feff7d-6f48-4002-b580-45a21ea734c6
2019-09-20 08:44:16,303 [RatisPipelineUtilsThread] INFO  pipeline.PipelineStateManager (PipelineStateManager.java:addPipeline(56)) - Created pipeline Pipeline[ Id: 63d19817-b199-4ae0-9067-6b794f6151ee, Nodes: 75feff7d-6f48-4002-b580-45a21ea734c6{ip: 192.168.36.79, host: pr-hdds-1569-s8kj2-2266485376, networkLocation: /default-rack, certSerialId: null}, Type:RATIS, Factor:ONE, State:OPEN]
2019-09-20 08:44:16,322 [grpc-default-executor-0] INFO  impl.RaftServerProxy (RaftServerProxy.java:addNew(89)) - b892e876-f5ae-410a-9dfd-4f07fd940729: addNew group-B4DF1E5FFB26:[b892e876-f5ae-410a-9dfd-4f07fd940729:192.168.36.79:42750] returns group-B4DF1E5FFB26:java.util.concurrent.CompletableFuture@42b073dc[Not completed]
2019-09-20 08:44:16,324 [pool-27-thread-1] INFO  impl.RaftServerImpl (RaftServerImpl.java:<init>(93)) - b892e876-f5ae-410a-9dfd-4f07fd940729: new RaftServerImpl for group-B4DF1E5FFB26:[b892e876-f5ae-410a-9dfd-4f07fd940729:192.168.36.79:42750] with ContainerStateMachine:uninitialized
2019-09-20 08:44:16,325 [pool-27-thread-1] INFO  server.RaftServerConfigKeys (ConfUtils.java:logGet(43)) - raft.server.rpc.timeout.min = 5s (custom)
2019-09-20 08:44:16,325 [pool-27-thread-1] INFO  server.RaftServerConfigKeys (ConfUtils.java:logGet(43)) - raft.server.rpc.timeout.max = 5200ms (custom)
2019-09-20 08:44:16,325 [pool-27-thread-1] INFO  server.RaftServerConfigKeys (ConfUtils.java:logGet(43)) - raft.server.rpcslowness.timeout = 120s (custom)
2019-09-20 08:44:16,325 [pool-27-thread-1] INFO  server.RaftServerConfigKeys (ConfUtils.java:logGet(43)) - raft.server.sleep.deviation.threshold = 300 (default)
2019-09-20 08:44:16,325 [pool-27-thread-1] INFO  server.RaftServerConfigKeys (ConfUtils.java:logGet(43)) - raft.server.log.appender.install.snapshot.enabled = false (custom)
2019-09-20 08:44:16,326 [pool-27-thread-1] INFO  impl.RaftServerImpl (ServerState.java:<init>(105)) - b892e876-f5ae-410a-9dfd-4f07fd940729:group-B4DF1E5FFB26 ConfigurationManager, init=-1: [b892e876-f5ae-410a-9dfd-4f07fd940729:192.168.36.79:42750], old=null, confs=<EMPTY_MAP>
2019-09-20 08:44:16,326 [pool-27-thread-1] INFO  server.RaftServerConfigKeys (ConfUtils.java:logGet(43)) - raft.server.storage.dir = [/workdir/hadoop-ozone/ozonefs/target/test-dir/MiniOzoneClusterImpl-84b7649f-0e5d-4ae2-b324-047deb1fece8/datanode-0/data/ratis] (custom)
2019-09-20 08:44:16,326 [pool-27-thread-1] INFO  storage.RaftStorageDirectory (RaftStorageDirectory.java:analyzeStorage(246)) - The storage directory /workdir/hadoop-ozone/ozonefs/target/test-dir/MiniOzoneClusterImpl-84b7649f-0e5d-4ae2-b324-047deb1fece8/datanode-0/data/ratis/c61f8323-6446-49c6-9546-b4df1e5ffb26 does not exist. Creating ...
2019-09-20 08:44:16,351 [pool-27-thread-1] INFO  storage.RaftStorageDirectory (RaftStorageDirectory.java:tryLock(328)) - Lock on /workdir/hadoop-ozone/ozonefs/target/test-dir/MiniOzoneClusterImpl-84b7649f-0e5d-4ae2-b324-047deb1fece8/datanode-0/data/ratis/c61f8323-6446-49c6-9546-b4df1e5ffb26/in_use.lock acquired by nodename 5807@pr-hdds-1569-s8kj2-2266485376
2019-09-20 08:44:16,368 [pool-27-thread-1] INFO  storage.RaftStorage (RaftStorage.java:format(72)) - Storage directory /workdir/hadoop-ozone/ozonefs/target/test-dir/MiniOzoneClusterImpl-84b7649f-0e5d-4ae2-b324-047deb1fece8/datanode-0/data/ratis/c61f8323-6446-49c6-9546-b4df1e5ffb26 has been successfully formatted.
2019-09-20 08:44:16,368 [pool-27-thread-1] INFO  ratis.ContainerStateMachine (ContainerStateMachine.java:loadSnapshot(226)) - group-B4DF1E5FFB26: The snapshot info is null. Setting the last applied indexto:(t:0, i:~)
2019-09-20 08:44:16,368 [pool-27-thread-1] INFO  server.RaftServerConfigKeys (ConfUtils.java:logGet(43)) - raft.server.leader.election.timeout = 120s (custom)
2019-09-20 08:44:16,369 [pool-27-thread-1] INFO  server.RaftServerConfigKeys (ConfUtils.java:logGet(43)) - raft.server.log.use.memory = false (default)
2019-09-20 08:44:16,369 [pool-27-thread-1] INFO  server.RaftServerConfigKeys (ConfUtils.java:logGet(43)) - raft.server.log.purge.gap = 1000000 (custom)
2019-09-20 08:44:16,369 [pool-27-thread-1] INFO  server.RaftServerConfigKeys (ConfUtils.java:logGet(43)) - raft.server.log.appender.buffer.byte-limit = 33554432 (custom)
2019-09-20 08:44:16,369 [pool-27-thread-1] INFO  server.RaftServerConfigKeys (ConfUtils.java:logGet(43)) - raft.server.log.segment.size.max = 1048576 (custom)
2019-09-20 08:44:16,369 [pool-27-thread-1] INFO  server.RaftServerConfigKeys (ConfUtils.java:logGet(43)) - raft.server.log.segment.cache.num.max = 2 (custom)
2019-09-20 08:44:16,369 [pool-27-thread-1] INFO  segmented.SegmentedRaftLogWorker (SegmentedRaftLogWorker.java:<init>(172)) - new b892e876-f5ae-410a-9dfd-4f07fd940729-SegmentedRaftLogWorker:Storage Directory /workdir/hadoop-ozone/ozonefs/target/test-dir/MiniOzoneClusterImpl-84b7649f-0e5d-4ae2-b324-047deb1fece8/datanode-0/data/ratis/c61f8323-6446-49c6-9546-b4df1e5ffb26 for RaftStorage:Storage Directory /workdir/hadoop-ozone/ozonefs/target/test-dir/MiniOzoneClusterImpl-84b7649f-0e5d-4ae2-b324-047deb1fece8/datanode-0/data/ratis/c61f8323-6446-49c6-9546-b4df1e5ffb26
2019-09-20 08:44:16,370 [pool-27-thread-1] INFO  server.RaftServerConfigKeys (ConfUtils.java:logGet(43)) - raft.server.log.queue.byte-limit = 2147483647 (custom)
2019-09-20 08:44:16,370 [pool-27-thread-1] INFO  server.RaftServerConfigKeys (ConfUtils.java:logGet(43)) - raft.server.log.queue.element-limit = 1024 (custom)
2019-09-20 08:44:16,370 [pool-27-thread-1] INFO  server.RaftServerConfigKeys (ConfUtils.java:logGet(43)) - raft.server.log.segment.size.max = 1048576 (custom)
2019-09-20 08:44:16,370 [pool-27-thread-1] INFO  server.RaftServerConfigKeys (ConfUtils.java:logGet(43)) - raft.server.log.preallocated.size = 16384 (custom)
2019-09-20 08:44:16,370 [pool-27-thread-1] INFO  server.RaftServerConfigKeys (ConfUtils.java:logGet(43)) - raft.server.log.write.buffer.size = 33554432 (custom)
2019-09-20 08:44:16,371 [pool-27-thread-1] INFO  server.RaftServerConfigKeys (ConfUtils.java:logGet(43)) - raft.server.log.force.sync.num = 128 (default)
2019-09-20 08:44:16,371 [pool-27-thread-1] INFO  server.RaftServerConfigKeys (ConfUtils.java:logGet(43)) - raft.server.log.statemachine.data.sync = true (default)
2019-09-20 08:44:16,371 [pool-27-thread-1] INFO  server.RaftServerConfigKeys (ConfUtils.java:logGet(43)) - raft.server.log.statemachine.data.sync.timeout = 10s (default)
2019-09-20 08:44:16,371 [pool-27-thread-1] INFO  server.RaftServerConfigKeys (ConfUtils.java:logGet(43)) - raft.server.log.statemachine.data.sync.timeout.retry = -1 (default)
2019-09-20 08:44:16,371 [pool-27-thread-1] INFO  server.RaftServerConfigKeys (ConfUtils.java:logGet(43)) - raft.server.log.statemachine.data.caching.enabled = true (custom)
2019-09-20 08:44:16,372 [pool-27-thread-1] INFO  segmented.SegmentedRaftLogWorker (SegmentedRaftLogWorker.java:lambda$new$0(132)) - b892e876-f5ae-410a-9dfd-4f07fd940729-SegmentedRaftLogWorker:Storage Directory /workdir/hadoop-ozone/ozonefs/target/test-dir/MiniOzoneClusterImpl-84b7649f-0e5d-4ae2-b324-047deb1fece8/datanode-0/data/ratis/c61f8323-6446-49c6-9546-b4df1e5ffb26: flushIndex: setUnconditionally 0 -> -1
2019-09-20 08:44:16,372 [pool-27-thread-1] INFO  server.RaftServerConfigKeys (ConfUtils.java:logGet(43)) - raft.server.snapshot.auto.trigger.enabled = true (custom)
2019-09-20 08:44:16,372 [pool-27-thread-1] INFO  server.RaftServerConfigKeys (ConfUtils.java:logGet(43)) - raft.server.snapshot.auto.trigger.threshold = 10000 (custom)
2019-09-20 08:44:16,373 [pool-27-thread-1] INFO  server.RaftServerConfigKeys (ConfUtils.java:logGet(43)) - raft.server.retrycache.expirytime = 600000ms (custom)
2019-09-20 08:44:16,373 [pool-27-thread-1] INFO  impl.RaftServerImpl (RaftServerImpl.java:start(180)) - b892e876-f5ae-410a-9dfd-4f07fd940729: start group-B4DF1E5FFB26
2019-09-20 08:44:16,373 [pool-27-thread-1] INFO  impl.RaftServerImpl (RaftServerImpl.java:setRole(171)) - b892e876-f5ae-410a-9dfd-4f07fd940729:group-B4DF1E5FFB26 changes role from null to FOLLOWER at term 0 for startAsFollower
2019-09-20 08:44:16,373 [pool-27-thread-1] INFO  impl.RoleInfo (RoleInfo.java:updateAndGet(143)) - b892e876-f5ae-410a-9dfd-4f07fd940729: start FollowerState
2019-09-20 08:44:16,374 [pool-27-thread-1] INFO  util.JmxRegister (JmxRegister.java:tryRegister(44)) - Successfully registered JMX Bean with object name Ratis:service=RaftServer,group=group-B4DF1E5FFB26,id=b892e876-f5ae-410a-9dfd-4f07fd940729
2019-09-20 08:44:16,389 [RatisPipelineUtilsThread] INFO  pipeline.PipelineStateManager (PipelineStateManager.java:addPipeline(56)) - Created pipeline Pipeline[ Id: c61f8323-6446-49c6-9546-b4df1e5ffb26, Nodes: b892e876-f5ae-410a-9dfd-4f07fd940729{ip: 192.168.36.79, host: pr-hdds-1569-s8kj2-2266485376, networkLocation: /default-rack, certSerialId: null}, Type:RATIS, Factor:ONE, State:OPEN]
2019-09-20 08:44:16,403 [grpc-default-executor-0] INFO  impl.RaftServerProxy (RaftServerProxy.java:addNew(89)) - b892e876-f5ae-410a-9dfd-4f07fd940729: addNew group-7160F451124B:[b892e876-f5ae-410a-9dfd-4f07fd940729:192.168.36.79:42750] returns group-7160F451124B:java.util.concurrent.CompletableFuture@18b33102[Not completed]
2019-09-20 08:44:16,404 [pool-27-thread-1] INFO  impl.RaftServerImpl (RaftServerImpl.java:<init>(93)) - b892e876-f5ae-410a-9dfd-4f07fd940729: new RaftServerImpl for group-7160F451124B:[b892e876-f5ae-410a-9dfd-4f07fd940729:192.168.36.79:42750] with ContainerStateMachine:uninitialized
2019-09-20 08:44:16,404 [pool-27-thread-1] INFO  server.RaftServerConfigKeys (ConfUtils.java:logGet(43)) - raft.server.rpc.timeout.min = 5s (custom)
2019-09-20 08:44:16,405 [pool-27-thread-1] INFO  server.RaftServerConfigKeys (ConfUtils.java:logGet(43)) - raft.server.rpc.timeout.max = 5200ms (custom)
2019-09-20 08:44:16,405 [pool-27-thread-1] INFO  server.RaftServerConfigKeys (ConfUtils.java:logGet(43)) - raft.server.rpcslowness.timeout = 120s (custom)
2019-09-20 08:44:16,405 [pool-27-thread-1] INFO  server.RaftServerConfigKeys (ConfUtils.java:logGet(43)) - raft.server.sleep.deviation.threshold = 300 (default)
2019-09-20 08:44:16,405 [pool-27-thread-1] INFO  server.RaftServerConfigKeys (ConfUtils.java:logGet(43)) - raft.server.log.appender.install.snapshot.enabled = false (custom)
2019-09-20 08:44:16,405 [pool-27-thread-1] INFO  impl.RaftServerImpl (ServerState.java:<init>(105)) - b892e876-f5ae-410a-9dfd-4f07fd940729:group-7160F451124B ConfigurationManager, init=-1: [b892e876-f5ae-410a-9dfd-4f07fd940729:192.168.36.79:42750], old=null, confs=<EMPTY_MAP>
2019-09-20 08:44:16,405 [pool-27-thread-1] INFO  server.RaftServerConfigKeys (ConfUtils.java:logGet(43)) - raft.server.storage.dir = [/workdir/hadoop-ozone/ozonefs/target/test-dir/MiniOzoneClusterImpl-84b7649f-0e5d-4ae2-b324-047deb1fece8/datanode-0/data/ratis] (custom)
2019-09-20 08:44:16,406 [pool-27-thread-1] INFO  storage.RaftStorageDirectory (RaftStorageDirectory.java:analyzeStorage(246)) - The storage directory /workdir/hadoop-ozone/ozonefs/target/test-dir/MiniOzoneClusterImpl-84b7649f-0e5d-4ae2-b324-047deb1fece8/datanode-0/data/ratis/2122904b-4879-44c2-88a4-7160f451124b does not exist. Creating ...
2019-09-20 08:44:16,426 [pool-27-thread-1] INFO  storage.RaftStorageDirectory (RaftStorageDirectory.java:tryLock(328)) - Lock on /workdir/hadoop-ozone/ozonefs/target/test-dir/MiniOzoneClusterImpl-84b7649f-0e5d-4ae2-b324-047deb1fece8/datanode-0/data/ratis/2122904b-4879-44c2-88a4-7160f451124b/in_use.lock acquired by nodename 5807@pr-hdds-1569-s8kj2-2266485376
2019-09-20 08:44:16,453 [pool-27-thread-1] INFO  storage.RaftStorage (RaftStorage.java:format(72)) - Storage directory /workdir/hadoop-ozone/ozonefs/target/test-dir/MiniOzoneClusterImpl-84b7649f-0e5d-4ae2-b324-047deb1fece8/datanode-0/data/ratis/2122904b-4879-44c2-88a4-7160f451124b has been successfully formatted.
2019-09-20 08:44:16,453 [pool-27-thread-1] INFO  ratis.ContainerStateMachine (ContainerStateMachine.java:loadSnapshot(226)) - group-7160F451124B: The snapshot info is null. Setting the last applied indexto:(t:0, i:~)
2019-09-20 08:44:16,453 [pool-27-thread-1] INFO  server.RaftServerConfigKeys (ConfUtils.java:logGet(43)) - raft.server.leader.election.timeout = 120s (custom)
2019-09-20 08:44:16,453 [pool-27-thread-1] INFO  server.RaftServerConfigKeys (ConfUtils.java:logGet(43)) - raft.server.log.use.memory = false (default)
2019-09-20 08:44:16,454 [pool-27-thread-1] INFO  server.RaftServerConfigKeys (ConfUtils.java:logGet(43)) - raft.server.log.purge.gap = 1000000 (custom)
2019-09-20 08:44:16,454 [pool-27-thread-1] INFO  server.RaftServerConfigKeys (ConfUtils.java:logGet(43)) - raft.server.log.appender.buffer.byte-limit = 33554432 (custom)
2019-09-20 08:44:16,454 [pool-27-thread-1] INFO  server.RaftServerConfigKeys (ConfUtils.java:logGet(43)) - raft.server.log.segment.size.max = 1048576 (custom)
2019-09-20 08:44:16,454 [pool-27-thread-1] INFO  server.RaftServerConfigKeys (ConfUtils.java:logGet(43)) - raft.server.log.segment.cache.num.max = 2 (custom)
2019-09-20 08:44:16,454 [pool-27-thread-1] INFO  segmented.SegmentedRaftLogWorker (SegmentedRaftLogWorker.java:<init>(172)) - new b892e876-f5ae-410a-9dfd-4f07fd940729-SegmentedRaftLogWorker:Storage Directory /workdir/hadoop-ozone/ozonefs/target/test-dir/MiniOzoneClusterImpl-84b7649f-0e5d-4ae2-b324-047deb1fece8/datanode-0/data/ratis/2122904b-4879-44c2-88a4-7160f451124b for RaftStorage:Storage Directory /workdir/hadoop-ozone/ozonefs/target/test-dir/MiniOzoneClusterImpl-84b7649f-0e5d-4ae2-b324-047deb1fece8/datanode-0/data/ratis/2122904b-4879-44c2-88a4-7160f451124b
2019-09-20 08:44:16,454 [pool-27-thread-1] INFO  server.RaftServerConfigKeys (ConfUtils.java:logGet(43)) - raft.server.log.queue.byte-limit = 2147483647 (custom)
2019-09-20 08:44:16,455 [pool-27-thread-1] INFO  server.RaftServerConfigKeys (ConfUtils.java:logGet(43)) - raft.server.log.queue.element-limit = 1024 (custom)
2019-09-20 08:44:16,455 [pool-27-thread-1] INFO  server.RaftServerConfigKeys (ConfUtils.java:logGet(43)) - raft.server.log.segment.size.max = 1048576 (custom)
2019-09-20 08:44:16,455 [pool-27-thread-1] INFO  server.RaftServerConfigKeys (ConfUtils.java:logGet(43)) - raft.server.log.preallocated.size = 16384 (custom)
2019-09-20 08:44:16,455 [pool-27-thread-1] INFO  server.RaftServerConfigKeys (ConfUtils.java:logGet(43)) - raft.server.log.write.buffer.size = 33554432 (custom)
2019-09-20 08:44:16,455 [pool-27-thread-1] INFO  server.RaftServerConfigKeys (ConfUtils.java:logGet(43)) - raft.server.log.force.sync.num = 128 (default)
2019-09-20 08:44:16,455 [pool-27-thread-1] INFO  server.RaftServerConfigKeys (ConfUtils.java:logGet(43)) - raft.server.log.statemachine.data.sync = true (default)
2019-09-20 08:44:16,455 [pool-27-thread-1] INFO  server.RaftServerConfigKeys (ConfUtils.java:logGet(43)) - raft.server.log.statemachine.data.sync.timeout = 10s (default)
2019-09-20 08:44:16,456 [pool-27-thread-1] INFO  server.RaftServerConfigKeys (ConfUtils.java:logGet(43)) - raft.server.log.statemachine.data.sync.timeout.retry = -1 (default)
2019-09-20 08:44:16,456 [pool-27-thread-1] INFO  server.RaftServerConfigKeys (ConfUtils.java:logGet(43)) - raft.server.log.statemachine.data.caching.enabled = true (custom)
2019-09-20 08:44:16,456 [pool-27-thread-1] INFO  segmented.SegmentedRaftLogWorker (SegmentedRaftLogWorker.java:lambda$new$0(132)) - b892e876-f5ae-410a-9dfd-4f07fd940729-SegmentedRaftLogWorker:Storage Directory /workdir/hadoop-ozone/ozonefs/target/test-dir/MiniOzoneClusterImpl-84b7649f-0e5d-4ae2-b324-047deb1fece8/datanode-0/data/ratis/2122904b-4879-44c2-88a4-7160f451124b: flushIndex: setUnconditionally 0 -> -1
2019-09-20 08:44:16,457 [pool-27-thread-1] INFO  server.RaftServerConfigKeys (ConfUtils.java:logGet(43)) - raft.server.snapshot.auto.trigger.enabled = true (custom)
2019-09-20 08:44:16,457 [pool-27-thread-1] INFO  server.RaftServerConfigKeys (ConfUtils.java:logGet(43)) - raft.server.snapshot.auto.trigger.threshold = 10000 (custom)
2019-09-20 08:44:16,457 [pool-27-thread-1] INFO  server.RaftServerConfigKeys (ConfUtils.java:logGet(43)) - raft.server.retrycache.expirytime = 600000ms (custom)
2019-09-20 08:44:16,457 [pool-27-thread-1] INFO  impl.RaftServerImpl (RaftServerImpl.java:start(180)) - b892e876-f5ae-410a-9dfd-4f07fd940729: start group-7160F451124B
2019-09-20 08:44:16,457 [pool-27-thread-1] INFO  impl.RaftServerImpl (RaftServerImpl.java:setRole(171)) - b892e876-f5ae-410a-9dfd-4f07fd940729:group-7160F451124B changes role from null to FOLLOWER at term 0 for startAsFollower
2019-09-20 08:44:16,457 [pool-27-thread-1] INFO  impl.RoleInfo (RoleInfo.java:updateAndGet(143)) - b892e876-f5ae-410a-9dfd-4f07fd940729: start FollowerState
2019-09-20 08:44:16,458 [pool-27-thread-1] INFO  util.JmxRegister (JmxRegister.java:tryRegister(44)) - Successfully registered JMX Bean with object name Ratis:service=RaftServer,group=group-7160F451124B,id=b892e876-f5ae-410a-9dfd-4f07fd940729
2019-09-20 08:44:16,472 [RatisPipelineUtilsThread] INFO  pipeline.PipelineStateManager (PipelineStateManager.java:addPipeline(56)) - Created pipeline Pipeline[ Id: 2122904b-4879-44c2-88a4-7160f451124b, Nodes: b892e876-f5ae-410a-9dfd-4f07fd940729{ip: 192.168.36.79, host: pr-hdds-1569-s8kj2-2266485376, networkLocation: /default-rack, certSerialId: null}, Type:RATIS, Factor:ONE, State:OPEN]
2019-09-20 08:44:16,483 [JUnit] INFO  ozone.MiniOzoneClusterImpl (MiniOzoneClusterImpl.java:lambda$waitForClusterToBeReady$0(142)) - Cluster is ready. Got 5 of 5 DN Heartbeats.
2019-09-20 08:44:16,490 [grpc-default-executor-0] INFO  impl.RaftServerProxy (RaftServerProxy.java:addNew(89)) - 75feff7d-6f48-4002-b580-45a21ea734c6: addNew group-FC20E9D5F5BA:[75feff7d-6f48-4002-b580-45a21ea734c6:192.168.36.79:46393] returns group-FC20E9D5F5BA:java.util.concurrent.CompletableFuture@579f24b3[Not completed]
2019-09-20 08:44:16,492 [pool-60-thread-1] INFO  impl.RaftServerImpl (RaftServerImpl.java:<init>(93)) - 75feff7d-6f48-4002-b580-45a21ea734c6: new RaftServerImpl for group-FC20E9D5F5BA:[75feff7d-6f48-4002-b580-45a21ea734c6:192.168.36.79:46393] with ContainerStateMachine:uninitialized
2019-09-20 08:44:16,493 [pool-60-thread-1] INFO  server.RaftServerConfigKeys (ConfUtils.java:logGet(43)) - raft.server.rpc.timeout.min = 5s (custom)
2019-09-20 08:44:16,493 [pool-60-thread-1] INFO  server.RaftServerConfigKeys (ConfUtils.java:logGet(43)) - raft.server.rpc.timeout.max = 5200ms (custom)
2019-09-20 08:44:16,493 [pool-60-thread-1] INFO  server.RaftServerConfigKeys (ConfUtils.java:logGet(43)) - raft.server.rpcslowness.timeout = 120s (custom)
2019-09-20 08:44:16,493 [pool-60-thread-1] INFO  server.RaftServerConfigKeys (ConfUtils.java:logGet(43)) - raft.server.sleep.deviation.threshold = 300 (default)
2019-09-20 08:44:16,493 [pool-60-thread-1] INFO  server.RaftServerConfigKeys (ConfUtils.java:logGet(43)) - raft.server.log.appender.install.snapshot.enabled = false (custom)
2019-09-20 08:44:16,494 [pool-60-thread-1] INFO  impl.RaftServerImpl (ServerState.java:<init>(105)) - 75feff7d-6f48-4002-b580-45a21ea734c6:group-FC20E9D5F5BA ConfigurationManager, init=-1: [75feff7d-6f48-4002-b580-45a21ea734c6:192.168.36.79:46393], old=null, confs=<EMPTY_MAP>
2019-09-20 08:44:16,494 [pool-60-thread-1] INFO  server.RaftServerConfigKeys (ConfUtils.java:logGet(43)) - raft.server.storage.dir = [/workdir/hadoop-ozone/ozonefs/target/test-dir/MiniOzoneClusterImpl-84b7649f-0e5d-4ae2-b324-047deb1fece8/datanode-3/data/ratis] (custom)
2019-09-20 08:44:16,494 [pool-60-thread-1] INFO  storage.RaftStorageDirectory (RaftStorageDirectory.java:analyzeStorage(246)) - The storage directory /workdir/hadoop-ozone/ozonefs/target/test-dir/MiniOzoneClusterImpl-84b7649f-0e5d-4ae2-b324-047deb1fece8/datanode-3/data/ratis/483bc83e-f70b-4c47-9104-fc20e9d5f5ba does not exist. Creating ...
2019-09-20 08:44:16,499 | INFO  | SCMAudit | user=jenkins1000 | ip=192.168.36.79 | op=SEND_HEARTBEAT {datanodeUUID=b892e876-f5ae-410a-9dfd-4f07fd940729, command=[]} | ret=SUCCESS |  
2019-09-20 08:44:16,536 [pool-60-thread-1] INFO  storage.RaftStorageDirectory (RaftStorageDirectory.java:tryLock(328)) - Lock on /workdir/hadoop-ozone/ozonefs/target/test-dir/MiniOzoneClusterImpl-84b7649f-0e5d-4ae2-b324-047deb1fece8/datanode-3/data/ratis/483bc83e-f70b-4c47-9104-fc20e9d5f5ba/in_use.lock acquired by nodename 5807@pr-hdds-1569-s8kj2-2266485376
2019-09-20 08:44:16,570 [pool-60-thread-1] INFO  storage.RaftStorage (RaftStorage.java:format(72)) - Storage directory /workdir/hadoop-ozone/ozonefs/target/test-dir/MiniOzoneClusterImpl-84b7649f-0e5d-4ae2-b324-047deb1fece8/datanode-3/data/ratis/483bc83e-f70b-4c47-9104-fc20e9d5f5ba has been successfully formatted.
2019-09-20 08:44:16,571 [pool-60-thread-1] INFO  ratis.ContainerStateMachine (ContainerStateMachine.java:loadSnapshot(226)) - group-FC20E9D5F5BA: The snapshot info is null. Setting the last applied indexto:(t:0, i:~)
2019-09-20 08:44:16,571 [pool-60-thread-1] INFO  server.RaftServerConfigKeys (ConfUtils.java:logGet(43)) - raft.server.leader.election.timeout = 120s (custom)
2019-09-20 08:44:16,571 [pool-60-thread-1] INFO  server.RaftServerConfigKeys (ConfUtils.java:logGet(43)) - raft.server.log.use.memory = false (default)
2019-09-20 08:44:16,571 [pool-60-thread-1] INFO  server.RaftServerConfigKeys (ConfUtils.java:logGet(43)) - raft.server.log.purge.gap = 1000000 (custom)
2019-09-20 08:44:16,571 [pool-60-thread-1] INFO  server.RaftServerConfigKeys (ConfUtils.java:logGet(43)) - raft.server.log.appender.buffer.byte-limit = 33554432 (custom)
2019-09-20 08:44:16,571 [pool-60-thread-1] INFO  server.RaftServerConfigKeys (ConfUtils.java:logGet(43)) - raft.server.log.segment.size.max = 1048576 (custom)
2019-09-20 08:44:16,572 [pool-60-thread-1] INFO  server.RaftServerConfigKeys (ConfUtils.java:logGet(43)) - raft.server.log.segment.cache.num.max = 2 (custom)
2019-09-20 08:44:16,572 [pool-60-thread-1] INFO  segmented.SegmentedRaftLogWorker (SegmentedRaftLogWorker.java:<init>(172)) - new 75feff7d-6f48-4002-b580-45a21ea734c6-SegmentedRaftLogWorker:Storage Directory /workdir/hadoop-ozone/ozonefs/target/test-dir/MiniOzoneClusterImpl-84b7649f-0e5d-4ae2-b324-047deb1fece8/datanode-3/data/ratis/483bc83e-f70b-4c47-9104-fc20e9d5f5ba for RaftStorage:Storage Directory /workdir/hadoop-ozone/ozonefs/target/test-dir/MiniOzoneClusterImpl-84b7649f-0e5d-4ae2-b324-047deb1fece8/datanode-3/data/ratis/483bc83e-f70b-4c47-9104-fc20e9d5f5ba
2019-09-20 08:44:16,572 [pool-60-thread-1] INFO  server.RaftServerConfigKeys (ConfUtils.java:logGet(43)) - raft.server.log.queue.byte-limit = 2147483647 (custom)
2019-09-20 08:44:16,572 [pool-60-thread-1] INFO  server.RaftServerConfigKeys (ConfUtils.java:logGet(43)) - raft.server.log.queue.element-limit = 1024 (custom)
2019-09-20 08:44:16,572 [pool-60-thread-1] INFO  server.RaftServerConfigKeys (ConfUtils.java:logGet(43)) - raft.server.log.segment.size.max = 1048576 (custom)
2019-09-20 08:44:16,572 [pool-60-thread-1] INFO  server.RaftServerConfigKeys (ConfUtils.java:logGet(43)) - raft.server.log.preallocated.size = 16384 (custom)
2019-09-20 08:44:16,573 [pool-60-thread-1] INFO  server.RaftServerConfigKeys (ConfUtils.java:logGet(43)) - raft.server.log.write.buffer.size = 33554432 (custom)
2019-09-20 08:44:16,573 [pool-60-thread-1] INFO  server.RaftServerConfigKeys (ConfUtils.java:logGet(43)) - raft.server.log.force.sync.num = 128 (default)
2019-09-20 08:44:16,573 [pool-60-thread-1] INFO  server.RaftServerConfigKeys (ConfUtils.java:logGet(43)) - raft.server.log.statemachine.data.sync = true (default)
2019-09-20 08:44:16,573 [pool-60-thread-1] INFO  server.RaftServerConfigKeys (ConfUtils.java:logGet(43)) - raft.server.log.statemachine.data.sync.timeout = 10s (default)
2019-09-20 08:44:16,573 [pool-60-thread-1] INFO  server.RaftServerConfigKeys (ConfUtils.java:logGet(43)) - raft.server.log.statemachine.data.sync.timeout.retry = -1 (default)
2019-09-20 08:44:16,573 [pool-60-thread-1] INFO  server.RaftServerConfigKeys (ConfUtils.java:logGet(43)) - raft.server.log.statemachine.data.caching.enabled = true (custom)
2019-09-20 08:44:16,574 [pool-60-thread-1] INFO  segmented.SegmentedRaftLogWorker (SegmentedRaftLogWorker.java:lambda$new$0(132)) - 75feff7d-6f48-4002-b580-45a21ea734c6-SegmentedRaftLogWorker:Storage Directory /workdir/hadoop-ozone/ozonefs/target/test-dir/MiniOzoneClusterImpl-84b7649f-0e5d-4ae2-b324-047deb1fece8/datanode-3/data/ratis/483bc83e-f70b-4c47-9104-fc20e9d5f5ba: flushIndex: setUnconditionally 0 -> -1
2019-09-20 08:44:16,574 [pool-60-thread-1] INFO  server.RaftServerConfigKeys (ConfUtils.java:logGet(43)) - raft.server.snapshot.auto.trigger.enabled = true (custom)
2019-09-20 08:44:16,574 [pool-60-thread-1] INFO  server.RaftServerConfigKeys (ConfUtils.java:logGet(43)) - raft.server.snapshot.auto.trigger.threshold = 10000 (custom)
2019-09-20 08:44:16,575 [pool-60-thread-1] INFO  server.RaftServerConfigKeys (ConfUtils.java:logGet(43)) - raft.server.retrycache.expirytime = 600000ms (custom)
2019-09-20 08:44:16,575 [pool-60-thread-1] INFO  impl.RaftServerImpl (RaftServerImpl.java:start(180)) - 75feff7d-6f48-4002-b580-45a21ea734c6: start group-FC20E9D5F5BA
2019-09-20 08:44:16,575 [pool-60-thread-1] INFO  impl.RaftServerImpl (RaftServerImpl.java:setRole(171)) - 75feff7d-6f48-4002-b580-45a21ea734c6:group-FC20E9D5F5BA changes role from null to FOLLOWER at term 0 for startAsFollower
2019-09-20 08:44:16,575 [pool-60-thread-1] INFO  impl.RoleInfo (RoleInfo.java:updateAndGet(143)) - 75feff7d-6f48-4002-b580-45a21ea734c6: start FollowerState
2019-09-20 08:44:16,576 [pool-60-thread-1] INFO  util.JmxRegister (JmxRegister.java:tryRegister(44)) - Successfully registered JMX Bean with object name Ratis:service=RaftServer,group=group-FC20E9D5F5BA,id=75feff7d-6f48-4002-b580-45a21ea734c6
2019-09-20 08:44:16,588 [RatisPipelineUtilsThread] INFO  pipeline.PipelineStateManager (PipelineStateManager.java:addPipeline(56)) - Created pipeline Pipeline[ Id: 483bc83e-f70b-4c47-9104-fc20e9d5f5ba, Nodes: 75feff7d-6f48-4002-b580-45a21ea734c6{ip: 192.168.36.79, host: pr-hdds-1569-s8kj2-2266485376, networkLocation: /default-rack, certSerialId: null}, Type:RATIS, Factor:ONE, State:OPEN]
2019-09-20 08:44:16,603 [grpc-default-executor-0] INFO  impl.RaftServerProxy (RaftServerProxy.java:addNew(89)) - a4a73c82-9756-45ac-afed-7299ac804f25: addNew group-7B39EF39C2E4:[a4a73c82-9756-45ac-afed-7299ac804f25:192.168.36.79:38495] returns group-7B39EF39C2E4:java.util.concurrent.CompletableFuture@16c68b96[Not completed]
2019-09-20 08:44:16,605 [pool-38-thread-1] INFO  impl.RaftServerImpl (RaftServerImpl.java:<init>(93)) - a4a73c82-9756-45ac-afed-7299ac804f25: new RaftServerImpl for group-7B39EF39C2E4:[a4a73c82-9756-45ac-afed-7299ac804f25:192.168.36.79:38495] with ContainerStateMachine:uninitialized
2019-09-20 08:44:16,605 [pool-38-thread-1] INFO  server.RaftServerConfigKeys (ConfUtils.java:logGet(43)) - raft.server.rpc.timeout.min = 5s (custom)
2019-09-20 08:44:16,605 [pool-38-thread-1] INFO  server.RaftServerConfigKeys (ConfUtils.java:logGet(43)) - raft.server.rpc.timeout.max = 5200ms (custom)
2019-09-20 08:44:16,605 [pool-38-thread-1] INFO  server.RaftServerConfigKeys (ConfUtils.java:logGet(43)) - raft.server.rpcslowness.timeout = 120s (custom)
2019-09-20 08:44:16,605 [pool-38-thread-1] INFO  server.RaftServerConfigKeys (ConfUtils.java:logGet(43)) - raft.server.sleep.deviation.threshold = 300 (default)
2019-09-20 08:44:16,605 [pool-38-thread-1] INFO  server.RaftServerConfigKeys (ConfUtils.java:logGet(43)) - raft.server.log.appender.install.snapshot.enabled = false (custom)
2019-09-20 08:44:16,606 [pool-38-thread-1] INFO  impl.RaftServerImpl (ServerState.java:<init>(105)) - a4a73c82-9756-45ac-afed-7299ac804f25:group-7B39EF39C2E4 ConfigurationManager, init=-1: [a4a73c82-9756-45ac-afed-7299ac804f25:192.168.36.79:38495], old=null, confs=<EMPTY_MAP>
2019-09-20 08:44:16,606 [pool-38-thread-1] INFO  server.RaftServerConfigKeys (ConfUtils.java:logGet(43)) - raft.server.storage.dir = [/workdir/hadoop-ozone/ozonefs/target/test-dir/MiniOzoneClusterImpl-84b7649f-0e5d-4ae2-b324-047deb1fece8/datanode-1/data/ratis] (custom)
2019-09-20 08:44:16,606 [pool-38-thread-1] INFO  storage.RaftStorageDirectory (RaftStorageDirectory.java:analyzeStorage(246)) - The storage directory /workdir/hadoop-ozone/ozonefs/target/test-dir/MiniOzoneClusterImpl-84b7649f-0e5d-4ae2-b324-047deb1fece8/datanode-1/data/ratis/ff9eb400-739c-44e7-9a00-7b39ef39c2e4 does not exist. Creating ...
2019-09-20 08:44:16,621 [pool-38-thread-1] INFO  storage.RaftStorageDirectory (RaftStorageDirectory.java:tryLock(328)) - Lock on /workdir/hadoop-ozone/ozonefs/target/test-dir/MiniOzoneClusterImpl-84b7649f-0e5d-4ae2-b324-047deb1fece8/datanode-1/data/ratis/ff9eb400-739c-44e7-9a00-7b39ef39c2e4/in_use.lock acquired by nodename 5807@pr-hdds-1569-s8kj2-2266485376
2019-09-20 08:44:16,646 [pool-38-thread-1] INFO  storage.RaftStorage (RaftStorage.java:format(72)) - Storage directory /workdir/hadoop-ozone/ozonefs/target/test-dir/MiniOzoneClusterImpl-84b7649f-0e5d-4ae2-b324-047deb1fece8/datanode-1/data/ratis/ff9eb400-739c-44e7-9a00-7b39ef39c2e4 has been successfully formatted.
2019-09-20 08:44:16,646 [pool-38-thread-1] INFO  ratis.ContainerStateMachine (ContainerStateMachine.java:loadSnapshot(226)) - group-7B39EF39C2E4: The snapshot info is null. Setting the last applied indexto:(t:0, i:~)
2019-09-20 08:44:16,646 [pool-38-thread-1] INFO  server.RaftServerConfigKeys (ConfUtils.java:logGet(43)) - raft.server.leader.election.timeout = 120s (custom)
2019-09-20 08:44:16,647 [pool-38-thread-1] INFO  server.RaftServerConfigKeys (ConfUtils.java:logGet(43)) - raft.server.log.use.memory = false (default)
2019-09-20 08:44:16,647 [pool-38-thread-1] INFO  server.RaftServerConfigKeys (ConfUtils.java:logGet(43)) - raft.server.log.purge.gap = 1000000 (custom)
2019-09-20 08:44:16,647 [pool-38-thread-1] INFO  server.RaftServerConfigKeys (ConfUtils.java:logGet(43)) - raft.server.log.appender.buffer.byte-limit = 33554432 (custom)
2019-09-20 08:44:16,647 [pool-38-thread-1] INFO  server.RaftServerConfigKeys (ConfUtils.java:logGet(43)) - raft.server.log.segment.size.max = 1048576 (custom)
2019-09-20 08:44:16,647 [pool-38-thread-1] INFO  server.RaftServerConfigKeys (ConfUtils.java:logGet(43)) - raft.server.log.segment.cache.num.max = 2 (custom)
2019-09-20 08:44:16,647 [pool-38-thread-1] INFO  segmented.SegmentedRaftLogWorker (SegmentedRaftLogWorker.java:<init>(172)) - new a4a73c82-9756-45ac-afed-7299ac804f25-SegmentedRaftLogWorker:Storage Directory /workdir/hadoop-ozone/ozonefs/target/test-dir/MiniOzoneClusterImpl-84b7649f-0e5d-4ae2-b324-047deb1fece8/datanode-1/data/ratis/ff9eb400-739c-44e7-9a00-7b39ef39c2e4 for RaftStorage:Storage Directory /workdir/hadoop-ozone/ozonefs/target/test-dir/MiniOzoneClusterImpl-84b7649f-0e5d-4ae2-b324-047deb1fece8/datanode-1/data/ratis/ff9eb400-739c-44e7-9a00-7b39ef39c2e4
2019-09-20 08:44:16,647 [pool-38-thread-1] INFO  server.RaftServerConfigKeys (ConfUtils.java:logGet(43)) - raft.server.log.queue.byte-limit = 2147483647 (custom)
2019-09-20 08:44:16,648 [pool-38-thread-1] INFO  server.RaftServerConfigKeys (ConfUtils.java:logGet(43)) - raft.server.log.queue.element-limit = 1024 (custom)
2019-09-20 08:44:16,648 [pool-38-thread-1] INFO  server.RaftServerConfigKeys (ConfUtils.java:logGet(43)) - raft.server.log.segment.size.max = 1048576 (custom)
2019-09-20 08:44:16,648 [pool-38-thread-1] INFO  server.RaftServerConfigKeys (ConfUtils.java:logGet(43)) - raft.server.log.preallocated.size = 16384 (custom)
2019-09-20 08:44:16,648 [pool-38-thread-1] INFO  server.RaftServerConfigKeys (ConfUtils.java:logGet(43)) - raft.server.log.write.buffer.size = 33554432 (custom)
2019-09-20 08:44:16,648 [pool-38-thread-1] INFO  server.RaftServerConfigKeys (ConfUtils.java:logGet(43)) - raft.server.log.force.sync.num = 128 (default)
2019-09-20 08:44:16,648 [pool-38-thread-1] INFO  server.RaftServerConfigKeys (ConfUtils.java:logGet(43)) - raft.server.log.statemachine.data.sync = true (default)
2019-09-20 08:44:16,648 [pool-38-thread-1] INFO  server.RaftServerConfigKeys (ConfUtils.java:logGet(43)) - raft.server.log.statemachine.data.sync.timeout = 10s (default)
2019-09-20 08:44:16,648 [pool-38-thread-1] INFO  server.RaftServerConfigKeys (ConfUtils.java:logGet(43)) - raft.server.log.statemachine.data.sync.timeout.retry = -1 (default)
2019-09-20 08:44:16,649 [pool-38-thread-1] INFO  server.RaftServerConfigKeys (ConfUtils.java:logGet(43)) - raft.server.log.statemachine.data.caching.enabled = true (custom)
2019-09-20 08:44:16,649 [pool-38-thread-1] INFO  segmented.SegmentedRaftLogWorker (SegmentedRaftLogWorker.java:lambda$new$0(132)) - a4a73c82-9756-45ac-afed-7299ac804f25-SegmentedRaftLogWorker:Storage Directory /workdir/hadoop-ozone/ozonefs/target/test-dir/MiniOzoneClusterImpl-84b7649f-0e5d-4ae2-b324-047deb1fece8/datanode-1/data/ratis/ff9eb400-739c-44e7-9a00-7b39ef39c2e4: flushIndex: setUnconditionally 0 -> -1
2019-09-20 08:44:16,649 [pool-38-thread-1] INFO  server.RaftServerConfigKeys (ConfUtils.java:logGet(43)) - raft.server.snapshot.auto.trigger.enabled = true (custom)
2019-09-20 08:44:16,649 [pool-38-thread-1] INFO  server.RaftServerConfigKeys (ConfUtils.java:logGet(43)) - raft.server.snapshot.auto.trigger.threshold = 10000 (custom)
2019-09-20 08:44:16,650 [pool-38-thread-1] INFO  server.RaftServerConfigKeys (ConfUtils.java:logGet(43)) - raft.server.retrycache.expirytime = 600000ms (custom)
2019-09-20 08:44:16,650 [pool-38-thread-1] INFO  impl.RaftServerImpl (RaftServerImpl.java:start(180)) - a4a73c82-9756-45ac-afed-7299ac804f25: start group-7B39EF39C2E4
2019-09-20 08:44:16,650 [pool-38-thread-1] INFO  impl.RaftServerImpl (RaftServerImpl.java:setRole(171)) - a4a73c82-9756-45ac-afed-7299ac804f25:group-7B39EF39C2E4 changes role from null to FOLLOWER at term 0 for startAsFollower
2019-09-20 08:44:16,650 [pool-38-thread-1] INFO  impl.RoleInfo (RoleInfo.java:updateAndGet(143)) - a4a73c82-9756-45ac-afed-7299ac804f25: start FollowerState
2019-09-20 08:44:16,651 [pool-38-thread-1] INFO  util.JmxRegister (JmxRegister.java:tryRegister(44)) - Successfully registered JMX Bean with object name Ratis:service=RaftServer,group=group-7B39EF39C2E4,id=a4a73c82-9756-45ac-afed-7299ac804f25
2019-09-20 08:44:16,667 [RatisPipelineUtilsThread] INFO  pipeline.PipelineStateManager (PipelineStateManager.java:addPipeline(56)) - Created pipeline Pipeline[ Id: ff9eb400-739c-44e7-9a00-7b39ef39c2e4, Nodes: a4a73c82-9756-45ac-afed-7299ac804f25{ip: 192.168.36.79, host: pr-hdds-1569-s8kj2-2266485376, networkLocation: /default-rack, certSerialId: null}, Type:RATIS, Factor:ONE, State:OPEN]
2019-09-20 08:44:16,680 [grpc-default-executor-0] INFO  impl.RaftServerProxy (RaftServerProxy.java:addNew(89)) - 75feff7d-6f48-4002-b580-45a21ea734c6: addNew group-A8ACCF115692:[75feff7d-6f48-4002-b580-45a21ea734c6:192.168.36.79:46393] returns group-A8ACCF115692:java.util.concurrent.CompletableFuture@2a693d67[Not completed]
2019-09-20 08:44:16,681 [pool-60-thread-1] INFO  impl.RaftServerImpl (RaftServerImpl.java:<init>(93)) - 75feff7d-6f48-4002-b580-45a21ea734c6: new RaftServerImpl for group-A8ACCF115692:[75feff7d-6f48-4002-b580-45a21ea734c6:192.168.36.79:46393] with ContainerStateMachine:uninitialized
2019-09-20 08:44:16,682 [pool-60-thread-1] INFO  server.RaftServerConfigKeys (ConfUtils.java:logGet(43)) - raft.server.rpc.timeout.min = 5s (custom)
2019-09-20 08:44:16,682 [pool-60-thread-1] INFO  server.RaftServerConfigKeys (ConfUtils.java:logGet(43)) - raft.server.rpc.timeout.max = 5200ms (custom)
2019-09-20 08:44:16,682 [pool-60-thread-1] INFO  server.RaftServerConfigKeys (ConfUtils.java:logGet(43)) - raft.server.rpcslowness.timeout = 120s (custom)
2019-09-20 08:44:16,682 [pool-60-thread-1] INFO  server.RaftServerConfigKeys (ConfUtils.java:logGet(43)) - raft.server.sleep.deviation.threshold = 300 (default)
2019-09-20 08:44:16,682 [pool-60-thread-1] INFO  server.RaftServerConfigKeys (ConfUtils.java:logGet(43)) - raft.server.log.appender.install.snapshot.enabled = false (custom)
2019-09-20 08:44:16,682 [pool-60-thread-1] INFO  impl.RaftServerImpl (ServerState.java:<init>(105)) - 75feff7d-6f48-4002-b580-45a21ea734c6:group-A8ACCF115692 ConfigurationManager, init=-1: [75feff7d-6f48-4002-b580-45a21ea734c6:192.168.36.79:46393], old=null, confs=<EMPTY_MAP>
2019-09-20 08:44:16,683 [pool-60-thread-1] INFO  server.RaftServerConfigKeys (ConfUtils.java:logGet(43)) - raft.server.storage.dir = [/workdir/hadoop-ozone/ozonefs/target/test-dir/MiniOzoneClusterImpl-84b7649f-0e5d-4ae2-b324-047deb1fece8/datanode-3/data/ratis] (custom)
2019-09-20 08:44:16,683 [pool-60-thread-1] INFO  storage.RaftStorageDirectory (RaftStorageDirectory.java:analyzeStorage(246)) - The storage directory /workdir/hadoop-ozone/ozonefs/target/test-dir/MiniOzoneClusterImpl-84b7649f-0e5d-4ae2-b324-047deb1fece8/datanode-3/data/ratis/ace28391-ecb5-41b4-a23e-a8accf115692 does not exist. Creating ...
2019-09-20 08:44:16,705 [pool-60-thread-1] INFO  storage.RaftStorageDirectory (RaftStorageDirectory.java:tryLock(328)) - Lock on /workdir/hadoop-ozone/ozonefs/target/test-dir/MiniOzoneClusterImpl-84b7649f-0e5d-4ae2-b324-047deb1fece8/datanode-3/data/ratis/ace28391-ecb5-41b4-a23e-a8accf115692/in_use.lock acquired by nodename 5807@pr-hdds-1569-s8kj2-2266485376
2019-09-20 08:44:16,710 [Thread-235] INFO  Configuration.deprecation (Configuration.java:logDeprecation(1394)) - mapred.job.tracker is deprecated. Instead, use mapreduce.jobtracker.address
2019-09-20 08:44:16,722 [pool-60-thread-1] INFO  storage.RaftStorage (RaftStorage.java:format(72)) - Storage directory /workdir/hadoop-ozone/ozonefs/target/test-dir/MiniOzoneClusterImpl-84b7649f-0e5d-4ae2-b324-047deb1fece8/datanode-3/data/ratis/ace28391-ecb5-41b4-a23e-a8accf115692 has been successfully formatted.
2019-09-20 08:44:16,722 [pool-60-thread-1] INFO  ratis.ContainerStateMachine (ContainerStateMachine.java:loadSnapshot(226)) - group-A8ACCF115692: The snapshot info is null. Setting the last applied indexto:(t:0, i:~)
2019-09-20 08:44:16,722 [pool-60-thread-1] INFO  server.RaftServerConfigKeys (ConfUtils.java:logGet(43)) - raft.server.leader.election.timeout = 120s (custom)
2019-09-20 08:44:16,722 [pool-60-thread-1] INFO  server.RaftServerConfigKeys (ConfUtils.java:logGet(43)) - raft.server.log.use.memory = false (default)
2019-09-20 08:44:16,722 [pool-60-thread-1] INFO  server.RaftServerConfigKeys (ConfUtils.java:logGet(43)) - raft.server.log.purge.gap = 1000000 (custom)
2019-09-20 08:44:16,722 | INFO  | SCMAudit | user=jenkins1000 | ip=192.168.36.79 | op=SEND_HEARTBEAT {datanodeUUID=a4a73c82-9756-45ac-afed-7299ac804f25, command=[]} | ret=SUCCESS |  
2019-09-20 08:44:16,722 [pool-60-thread-1] INFO  server.RaftServerConfigKeys (ConfUtils.java:logGet(43)) - raft.server.log.appender.buffer.byte-limit = 33554432 (custom)
2019-09-20 08:44:16,723 [pool-60-thread-1] INFO  server.RaftServerConfigKeys (ConfUtils.java:logGet(43)) - raft.server.log.segment.size.max = 1048576 (custom)
2019-09-20 08:44:16,723 [pool-60-thread-1] INFO  server.RaftServerConfigKeys (ConfUtils.java:logGet(43)) - raft.server.log.segment.cache.num.max = 2 (custom)
2019-09-20 08:44:16,723 [pool-60-thread-1] INFO  segmented.SegmentedRaftLogWorker (SegmentedRaftLogWorker.java:<init>(172)) - new 75feff7d-6f48-4002-b580-45a21ea734c6-SegmentedRaftLogWorker:Storage Directory /workdir/hadoop-ozone/ozonefs/target/test-dir/MiniOzoneClusterImpl-84b7649f-0e5d-4ae2-b324-047deb1fece8/datanode-3/data/ratis/ace28391-ecb5-41b4-a23e-a8accf115692 for RaftStorage:Storage Directory /workdir/hadoop-ozone/ozonefs/target/test-dir/MiniOzoneClusterImpl-84b7649f-0e5d-4ae2-b324-047deb1fece8/datanode-3/data/ratis/ace28391-ecb5-41b4-a23e-a8accf115692
2019-09-20 08:44:16,723 [pool-60-thread-1] INFO  server.RaftServerConfigKeys (ConfUtils.java:logGet(43)) - raft.server.log.queue.byte-limit = 2147483647 (custom)
2019-09-20 08:44:16,723 [pool-60-thread-1] INFO  server.RaftServerConfigKeys (ConfUtils.java:logGet(43)) - raft.server.log.queue.element-limit = 1024 (custom)
2019-09-20 08:44:16,723 [pool-60-thread-1] INFO  server.RaftServerConfigKeys (ConfUtils.java:logGet(43)) - raft.server.log.segment.size.max = 1048576 (custom)
2019-09-20 08:44:16,723 [pool-60-thread-1] INFO  server.RaftServerConfigKeys (ConfUtils.java:logGet(43)) - raft.server.log.preallocated.size = 16384 (custom)
2019-09-20 08:44:16,724 [pool-60-thread-1] INFO  server.RaftServerConfigKeys (ConfUtils.java:logGet(43)) - raft.server.log.write.buffer.size = 33554432 (custom)
2019-09-20 08:44:16,724 [pool-60-thread-1] INFO  server.RaftServerConfigKeys (ConfUtils.java:logGet(43)) - raft.server.log.force.sync.num = 128 (default)
2019-09-20 08:44:16,724 [pool-60-thread-1] INFO  server.RaftServerConfigKeys (ConfUtils.java:logGet(43)) - raft.server.log.statemachine.data.sync = true (default)
2019-09-20 08:44:16,724 [pool-60-thread-1] INFO  server.RaftServerConfigKeys (ConfUtils.java:logGet(43)) - raft.server.log.statemachine.data.sync.timeout = 10s (default)
2019-09-20 08:44:16,724 [pool-60-thread-1] INFO  server.RaftServerConfigKeys (ConfUtils.java:logGet(43)) - raft.server.log.statemachine.data.sync.timeout.retry = -1 (default)
2019-09-20 08:44:16,724 [pool-60-thread-1] INFO  server.RaftServerConfigKeys (ConfUtils.java:logGet(43)) - raft.server.log.statemachine.data.caching.enabled = true (custom)
2019-09-20 08:44:16,725 [pool-60-thread-1] INFO  segmented.SegmentedRaftLogWorker (SegmentedRaftLogWorker.java:lambda$new$0(132)) - 75feff7d-6f48-4002-b580-45a21ea734c6-SegmentedRaftLogWorker:Storage Directory /workdir/hadoop-ozone/ozonefs/target/test-dir/MiniOzoneClusterImpl-84b7649f-0e5d-4ae2-b324-047deb1fece8/datanode-3/data/ratis/ace28391-ecb5-41b4-a23e-a8accf115692: flushIndex: setUnconditionally 0 -> -1
2019-09-20 08:44:16,725 [pool-60-thread-1] INFO  server.RaftServerConfigKeys (ConfUtils.java:logGet(43)) - raft.server.snapshot.auto.trigger.enabled = true (custom)
2019-09-20 08:44:16,725 [pool-60-thread-1] INFO  server.RaftServerConfigKeys (ConfUtils.java:logGet(43)) - raft.server.snapshot.auto.trigger.threshold = 10000 (custom)
2019-09-20 08:44:16,725 [pool-60-thread-1] INFO  server.RaftServerConfigKeys (ConfUtils.java:logGet(43)) - raft.server.retrycache.expirytime = 600000ms (custom)
2019-09-20 08:44:16,725 [pool-60-thread-1] INFO  impl.RaftServerImpl (RaftServerImpl.java:start(180)) - 75feff7d-6f48-4002-b580-45a21ea734c6: start group-A8ACCF115692
2019-09-20 08:44:16,725 [pool-60-thread-1] INFO  impl.RaftServerImpl (RaftServerImpl.java:setRole(171)) - 75feff7d-6f48-4002-b580-45a21ea734c6:group-A8ACCF115692 changes role from null to FOLLOWER at term 0 for startAsFollower
2019-09-20 08:44:16,726 [pool-60-thread-1] INFO  impl.RoleInfo (RoleInfo.java:updateAndGet(143)) - 75feff7d-6f48-4002-b580-45a21ea734c6: start FollowerState
2019-09-20 08:44:16,726 [pool-60-thread-1] INFO  util.JmxRegister (JmxRegister.java:tryRegister(44)) - Successfully registered JMX Bean with object name Ratis:service=RaftServer,group=group-A8ACCF115692,id=75feff7d-6f48-4002-b580-45a21ea734c6
2019-09-20 08:44:16,736 [RatisPipelineUtilsThread] INFO  pipeline.PipelineStateManager (PipelineStateManager.java:addPipeline(56)) - Created pipeline Pipeline[ Id: ace28391-ecb5-41b4-a23e-a8accf115692, Nodes: 75feff7d-6f48-4002-b580-45a21ea734c6{ip: 192.168.36.79, host: pr-hdds-1569-s8kj2-2266485376, networkLocation: /default-rack, certSerialId: null}, Type:RATIS, Factor:ONE, State:OPEN]
2019-09-20 08:44:16,767 [grpc-default-executor-0] INFO  impl.RaftServerProxy (RaftServerProxy.java:addNew(89)) - 9123b815-6bfa-48f7-ade2-b84cdc033afa: addNew group-A79F5EBACAF7:[9123b815-6bfa-48f7-ade2-b84cdc033afa:192.168.36.79:38300] returns group-A79F5EBACAF7:java.util.concurrent.CompletableFuture@7bc4a7a1[Not completed]
2019-09-20 08:44:16,769 [pool-49-thread-1] INFO  impl.RaftServerImpl (RaftServerImpl.java:<init>(93)) - 9123b815-6bfa-48f7-ade2-b84cdc033afa: new RaftServerImpl for group-A79F5EBACAF7:[9123b815-6bfa-48f7-ade2-b84cdc033afa:192.168.36.79:38300] with ContainerStateMachine:uninitialized
2019-09-20 08:44:16,769 [pool-49-thread-1] INFO  server.RaftServerConfigKeys (ConfUtils.java:logGet(43)) - raft.server.rpc.timeout.min = 5s (custom)
2019-09-20 08:44:16,769 [pool-49-thread-1] INFO  server.RaftServerConfigKeys (ConfUtils.java:logGet(43)) - raft.server.rpc.timeout.max = 5200ms (custom)
2019-09-20 08:44:16,769 [pool-49-thread-1] INFO  server.RaftServerConfigKeys (ConfUtils.java:logGet(43)) - raft.server.rpcslowness.timeout = 120s (custom)
2019-09-20 08:44:16,769 [pool-49-thread-1] INFO  server.RaftServerConfigKeys (ConfUtils.java:logGet(43)) - raft.server.sleep.deviation.threshold = 300 (default)
2019-09-20 08:44:16,769 [pool-49-thread-1] INFO  server.RaftServerConfigKeys (ConfUtils.java:logGet(43)) - raft.server.log.appender.install.snapshot.enabled = false (custom)
2019-09-20 08:44:16,769 [pool-49-thread-1] INFO  impl.RaftServerImpl (ServerState.java:<init>(105)) - 9123b815-6bfa-48f7-ade2-b84cdc033afa:group-A79F5EBACAF7 ConfigurationManager, init=-1: [9123b815-6bfa-48f7-ade2-b84cdc033afa:192.168.36.79:38300], old=null, confs=<EMPTY_MAP>
2019-09-20 08:44:16,769 [pool-49-thread-1] INFO  server.RaftServerConfigKeys (ConfUtils.java:logGet(43)) - raft.server.storage.dir = [/workdir/hadoop-ozone/ozonefs/target/test-dir/MiniOzoneClusterImpl-84b7649f-0e5d-4ae2-b324-047deb1fece8/datanode-2/data/ratis] (custom)
2019-09-20 08:44:16,770 [pool-49-thread-1] INFO  storage.RaftStorageDirectory (RaftStorageDirectory.java:analyzeStorage(246)) - The storage directory /workdir/hadoop-ozone/ozonefs/target/test-dir/MiniOzoneClusterImpl-84b7649f-0e5d-4ae2-b324-047deb1fece8/datanode-2/data/ratis/1c4992cc-d87f-4d4c-9db9-a79f5ebacaf7 does not exist. Creating ...
2019-09-20 08:44:16,789 [pool-49-thread-1] INFO  storage.RaftStorageDirectory (RaftStorageDirectory.java:tryLock(328)) - Lock on /workdir/hadoop-ozone/ozonefs/target/test-dir/MiniOzoneClusterImpl-84b7649f-0e5d-4ae2-b324-047deb1fece8/datanode-2/data/ratis/1c4992cc-d87f-4d4c-9db9-a79f5ebacaf7/in_use.lock acquired by nodename 5807@pr-hdds-1569-s8kj2-2266485376
2019-09-20 08:44:16,839 [pool-49-thread-1] INFO  storage.RaftStorage (RaftStorage.java:format(72)) - Storage directory /workdir/hadoop-ozone/ozonefs/target/test-dir/MiniOzoneClusterImpl-84b7649f-0e5d-4ae2-b324-047deb1fece8/datanode-2/data/ratis/1c4992cc-d87f-4d4c-9db9-a79f5ebacaf7 has been successfully formatted.
2019-09-20 08:44:16,840 [pool-49-thread-1] INFO  ratis.ContainerStateMachine (ContainerStateMachine.java:loadSnapshot(226)) - group-A79F5EBACAF7: The snapshot info is null. Setting the last applied indexto:(t:0, i:~)
2019-09-20 08:44:16,840 [pool-49-thread-1] INFO  server.RaftServerConfigKeys (ConfUtils.java:logGet(43)) - raft.server.leader.election.timeout = 120s (custom)
2019-09-20 08:44:16,840 [pool-49-thread-1] INFO  server.RaftServerConfigKeys (ConfUtils.java:logGet(43)) - raft.server.log.use.memory = false (default)
2019-09-20 08:44:16,840 [pool-49-thread-1] INFO  server.RaftServerConfigKeys (ConfUtils.java:logGet(43)) - raft.server.log.purge.gap = 1000000 (custom)
2019-09-20 08:44:16,841 [pool-49-thread-1] INFO  server.RaftServerConfigKeys (ConfUtils.java:logGet(43)) - raft.server.log.appender.buffer.byte-limit = 33554432 (custom)
2019-09-20 08:44:16,841 [pool-49-thread-1] INFO  server.RaftServerConfigKeys (ConfUtils.java:logGet(43)) - raft.server.log.segment.size.max = 1048576 (custom)
2019-09-20 08:44:16,841 [pool-49-thread-1] INFO  server.RaftServerConfigKeys (ConfUtils.java:logGet(43)) - raft.server.log.segment.cache.num.max = 2 (custom)
2019-09-20 08:44:16,841 [pool-49-thread-1] INFO  segmented.SegmentedRaftLogWorker (SegmentedRaftLogWorker.java:<init>(172)) - new 9123b815-6bfa-48f7-ade2-b84cdc033afa-SegmentedRaftLogWorker:Storage Directory /workdir/hadoop-ozone/ozonefs/target/test-dir/MiniOzoneClusterImpl-84b7649f-0e5d-4ae2-b324-047deb1fece8/datanode-2/data/ratis/1c4992cc-d87f-4d4c-9db9-a79f5ebacaf7 for RaftStorage:Storage Directory /workdir/hadoop-ozone/ozonefs/target/test-dir/MiniOzoneClusterImpl-84b7649f-0e5d-4ae2-b324-047deb1fece8/datanode-2/data/ratis/1c4992cc-d87f-4d4c-9db9-a79f5ebacaf7
2019-09-20 08:44:16,842 [pool-49-thread-1] INFO  server.RaftServerConfigKeys (ConfUtils.java:logGet(43)) - raft.server.log.queue.byte-limit = 2147483647 (custom)
2019-09-20 08:44:16,842 [pool-49-thread-1] INFO  server.RaftServerConfigKeys (ConfUtils.java:logGet(43)) - raft.server.log.queue.element-limit = 1024 (custom)
2019-09-20 08:44:16,842 [pool-49-thread-1] INFO  server.RaftServerConfigKeys (ConfUtils.java:logGet(43)) - raft.server.log.segment.size.max = 1048576 (custom)
2019-09-20 08:44:16,842 [pool-49-thread-1] INFO  server.RaftServerConfigKeys (ConfUtils.java:logGet(43)) - raft.server.log.preallocated.size = 16384 (custom)
2019-09-20 08:44:16,842 [pool-49-thread-1] INFO  server.RaftServerConfigKeys (ConfUtils.java:logGet(43)) - raft.server.log.write.buffer.size = 33554432 (custom)
2019-09-20 08:44:16,843 [pool-49-thread-1] INFO  server.RaftServerConfigKeys (ConfUtils.java:logGet(43)) - raft.server.log.force.sync.num = 128 (default)
2019-09-20 08:44:16,843 [pool-49-thread-1] INFO  server.RaftServerConfigKeys (ConfUtils.java:logGet(43)) - raft.server.log.statemachine.data.sync = true (default)
2019-09-20 08:44:16,843 [pool-49-thread-1] INFO  server.RaftServerConfigKeys (ConfUtils.java:logGet(43)) - raft.server.log.statemachine.data.sync.timeout = 10s (default)
2019-09-20 08:44:16,843 [pool-49-thread-1] INFO  server.RaftServerConfigKeys (ConfUtils.java:logGet(43)) - raft.server.log.statemachine.data.sync.timeout.retry = -1 (default)
2019-09-20 08:44:16,844 [pool-49-thread-1] INFO  server.RaftServerConfigKeys (ConfUtils.java:logGet(43)) - raft.server.log.statemachine.data.caching.enabled = true (custom)
2019-09-20 08:44:16,844 [pool-49-thread-1] INFO  segmented.SegmentedRaftLogWorker (SegmentedRaftLogWorker.java:lambda$new$0(132)) - 9123b815-6bfa-48f7-ade2-b84cdc033afa-SegmentedRaftLogWorker:Storage Directory /workdir/hadoop-ozone/ozonefs/target/test-dir/MiniOzoneClusterImpl-84b7649f-0e5d-4ae2-b324-047deb1fece8/datanode-2/data/ratis/1c4992cc-d87f-4d4c-9db9-a79f5ebacaf7: flushIndex: setUnconditionally 0 -> -1
2019-09-20 08:44:16,845 [pool-49-thread-1] INFO  server.RaftServerConfigKeys (ConfUtils.java:logGet(43)) - raft.server.snapshot.auto.trigger.enabled = true (custom)
2019-09-20 08:44:16,845 [pool-49-thread-1] INFO  server.RaftServerConfigKeys (ConfUtils.java:logGet(43)) - raft.server.snapshot.auto.trigger.threshold = 10000 (custom)
2019-09-20 08:44:16,845 [pool-49-thread-1] INFO  server.RaftServerConfigKeys (ConfUtils.java:logGet(43)) - raft.server.retrycache.expirytime = 600000ms (custom)
2019-09-20 08:44:16,845 [pool-49-thread-1] INFO  impl.RaftServerImpl (RaftServerImpl.java:start(180)) - 9123b815-6bfa-48f7-ade2-b84cdc033afa: start group-A79F5EBACAF7
2019-09-20 08:44:16,846 [pool-49-thread-1] INFO  impl.RaftServerImpl (RaftServerImpl.java:setRole(171)) - 9123b815-6bfa-48f7-ade2-b84cdc033afa:group-A79F5EBACAF7 changes role from null to FOLLOWER at term 0 for startAsFollower
2019-09-20 08:44:16,846 [pool-49-thread-1] INFO  impl.RoleInfo (RoleInfo.java:updateAndGet(143)) - 9123b815-6bfa-48f7-ade2-b84cdc033afa: start FollowerState
2019-09-20 08:44:16,846 [pool-49-thread-1] INFO  util.JmxRegister (JmxRegister.java:tryRegister(44)) - Successfully registered JMX Bean with object name Ratis:service=RaftServer,group=group-A79F5EBACAF7,id=9123b815-6bfa-48f7-ade2-b84cdc033afa
2019-09-20 08:44:16,857 [RatisPipelineUtilsThread] INFO  pipeline.PipelineStateManager (PipelineStateManager.java:addPipeline(56)) - Created pipeline Pipeline[ Id: 1c4992cc-d87f-4d4c-9db9-a79f5ebacaf7, Nodes: 9123b815-6bfa-48f7-ade2-b84cdc033afa{ip: 192.168.36.79, host: pr-hdds-1569-s8kj2-2266485376, networkLocation: /default-rack, certSerialId: null}, Type:RATIS, Factor:ONE, State:OPEN]
2019-09-20 08:44:16,872 [grpc-default-executor-0] INFO  impl.RaftServerProxy (RaftServerProxy.java:addNew(89)) - b892e876-f5ae-410a-9dfd-4f07fd940729: addNew group-BE70404A6D66:[b892e876-f5ae-410a-9dfd-4f07fd940729:192.168.36.79:42750] returns group-BE70404A6D66:java.util.concurrent.CompletableFuture@756a1c9e[Not completed]
2019-09-20 08:44:16,873 [pool-27-thread-1] INFO  impl.RaftServerImpl (RaftServerImpl.java:<init>(93)) - b892e876-f5ae-410a-9dfd-4f07fd940729: new RaftServerImpl for group-BE70404A6D66:[b892e876-f5ae-410a-9dfd-4f07fd940729:192.168.36.79:42750] with ContainerStateMachine:uninitialized
2019-09-20 08:44:16,874 [pool-27-thread-1] INFO  server.RaftServerConfigKeys (ConfUtils.java:logGet(43)) - raft.server.rpc.timeout.min = 5s (custom)
2019-09-20 08:44:16,874 [pool-27-thread-1] INFO  server.RaftServerConfigKeys (ConfUtils.java:logGet(43)) - raft.server.rpc.timeout.max = 5200ms (custom)
2019-09-20 08:44:16,874 [pool-27-thread-1] INFO  server.RaftServerConfigKeys (ConfUtils.java:logGet(43)) - raft.server.rpcslowness.timeout = 120s (custom)
2019-09-20 08:44:16,874 [pool-27-thread-1] INFO  server.RaftServerConfigKeys (ConfUtils.java:logGet(43)) - raft.server.sleep.deviation.threshold = 300 (default)
2019-09-20 08:44:16,874 [pool-27-thread-1] INFO  server.RaftServerConfigKeys (ConfUtils.java:logGet(43)) - raft.server.log.appender.install.snapshot.enabled = false (custom)
2019-09-20 08:44:16,875 [pool-27-thread-1] INFO  impl.RaftServerImpl (ServerState.java:<init>(105)) - b892e876-f5ae-410a-9dfd-4f07fd940729:group-BE70404A6D66 ConfigurationManager, init=-1: [b892e876-f5ae-410a-9dfd-4f07fd940729:192.168.36.79:42750], old=null, confs=<EMPTY_MAP>
2019-09-20 08:44:16,875 [pool-27-thread-1] INFO  server.RaftServerConfigKeys (ConfUtils.java:logGet(43)) - raft.server.storage.dir = [/workdir/hadoop-ozone/ozonefs/target/test-dir/MiniOzoneClusterImpl-84b7649f-0e5d-4ae2-b324-047deb1fece8/datanode-0/data/ratis] (custom)
2019-09-20 08:44:16,875 [pool-27-thread-1] INFO  storage.RaftStorageDirectory (RaftStorageDirectory.java:analyzeStorage(246)) - The storage directory /workdir/hadoop-ozone/ozonefs/target/test-dir/MiniOzoneClusterImpl-84b7649f-0e5d-4ae2-b324-047deb1fece8/datanode-0/data/ratis/927474ea-bac3-4403-b021-be70404a6d66 does not exist. Creating ...
2019-09-20 08:44:16,898 [pool-27-thread-1] INFO  storage.RaftStorageDirectory (RaftStorageDirectory.java:tryLock(328)) - Lock on /workdir/hadoop-ozone/ozonefs/target/test-dir/MiniOzoneClusterImpl-84b7649f-0e5d-4ae2-b324-047deb1fece8/datanode-0/data/ratis/927474ea-bac3-4403-b021-be70404a6d66/in_use.lock acquired by nodename 5807@pr-hdds-1569-s8kj2-2266485376
2019-09-20 08:44:16,923 [pool-27-thread-1] INFO  storage.RaftStorage (RaftStorage.java:format(72)) - Storage directory /workdir/hadoop-ozone/ozonefs/target/test-dir/MiniOzoneClusterImpl-84b7649f-0e5d-4ae2-b324-047deb1fece8/datanode-0/data/ratis/927474ea-bac3-4403-b021-be70404a6d66 has been successfully formatted.
2019-09-20 08:44:16,924 [pool-27-thread-1] INFO  ratis.ContainerStateMachine (ContainerStateMachine.java:loadSnapshot(226)) - group-BE70404A6D66: The snapshot info is null. Setting the last applied indexto:(t:0, i:~)
2019-09-20 08:44:16,924 [pool-27-thread-1] INFO  server.RaftServerConfigKeys (ConfUtils.java:logGet(43)) - raft.server.leader.election.timeout = 120s (custom)
2019-09-20 08:44:16,924 [pool-27-thread-1] INFO  server.RaftServerConfigKeys (ConfUtils.java:logGet(43)) - raft.server.log.use.memory = false (default)
2019-09-20 08:44:16,924 [pool-27-thread-1] INFO  server.RaftServerConfigKeys (ConfUtils.java:logGet(43)) - raft.server.log.purge.gap = 1000000 (custom)
2019-09-20 08:44:16,924 [pool-27-thread-1] INFO  server.RaftServerConfigKeys (ConfUtils.java:logGet(43)) - raft.server.log.appender.buffer.byte-limit = 33554432 (custom)
2019-09-20 08:44:16,924 [pool-27-thread-1] INFO  server.RaftServerConfigKeys (ConfUtils.java:logGet(43)) - raft.server.log.segment.size.max = 1048576 (custom)
2019-09-20 08:44:16,925 [pool-27-thread-1] INFO  server.RaftServerConfigKeys (ConfUtils.java:logGet(43)) - raft.server.log.segment.cache.num.max = 2 (custom)
2019-09-20 08:44:16,925 [pool-27-thread-1] INFO  segmented.SegmentedRaftLogWorker (SegmentedRaftLogWorker.java:<init>(172)) - new b892e876-f5ae-410a-9dfd-4f07fd940729-SegmentedRaftLogWorker:Storage Directory /workdir/hadoop-ozone/ozonefs/target/test-dir/MiniOzoneClusterImpl-84b7649f-0e5d-4ae2-b324-047deb1fece8/datanode-0/data/ratis/927474ea-bac3-4403-b021-be70404a6d66 for RaftStorage:Storage Directory /workdir/hadoop-ozone/ozonefs/target/test-dir/MiniOzoneClusterImpl-84b7649f-0e5d-4ae2-b324-047deb1fece8/datanode-0/data/ratis/927474ea-bac3-4403-b021-be70404a6d66
2019-09-20 08:44:16,925 [pool-27-thread-1] INFO  server.RaftServerConfigKeys (ConfUtils.java:logGet(43)) - raft.server.log.queue.byte-limit = 2147483647 (custom)
2019-09-20 08:44:16,925 [pool-27-thread-1] INFO  server.RaftServerConfigKeys (ConfUtils.java:logGet(43)) - raft.server.log.queue.element-limit = 1024 (custom)
2019-09-20 08:44:16,925 [pool-27-thread-1] INFO  server.RaftServerConfigKeys (ConfUtils.java:logGet(43)) - raft.server.log.segment.size.max = 1048576 (custom)
2019-09-20 08:44:16,925 [pool-27-thread-1] INFO  server.RaftServerConfigKeys (ConfUtils.java:logGet(43)) - raft.server.log.preallocated.size = 16384 (custom)
2019-09-20 08:44:16,926 [pool-27-thread-1] INFO  server.RaftServerConfigKeys (ConfUtils.java:logGet(43)) - raft.server.log.write.buffer.size = 33554432 (custom)
2019-09-20 08:44:16,926 [pool-27-thread-1] INFO  server.RaftServerConfigKeys (ConfUtils.java:logGet(43)) - raft.server.log.force.sync.num = 128 (default)
2019-09-20 08:44:16,926 [pool-27-thread-1] INFO  server.RaftServerConfigKeys (ConfUtils.java:logGet(43)) - raft.server.log.statemachine.data.sync = true (default)
2019-09-20 08:44:16,926 [pool-27-thread-1] INFO  server.RaftServerConfigKeys (ConfUtils.java:logGet(43)) - raft.server.log.statemachine.data.sync.timeout = 10s (default)
2019-09-20 08:44:16,926 [pool-27-thread-1] INFO  server.RaftServerConfigKeys (ConfUtils.java:logGet(43)) - raft.server.log.statemachine.data.sync.timeout.retry = -1 (default)
2019-09-20 08:44:16,926 [pool-27-thread-1] INFO  server.RaftServerConfigKeys (ConfUtils.java:logGet(43)) - raft.server.log.statemachine.data.caching.enabled = true (custom)
2019-09-20 08:44:16,927 [pool-27-thread-1] INFO  segmented.SegmentedRaftLogWorker (SegmentedRaftLogWorker.java:lambda$new$0(132)) - b892e876-f5ae-410a-9dfd-4f07fd940729-SegmentedRaftLogWorker:Storage Directory /workdir/hadoop-ozone/ozonefs/target/test-dir/MiniOzoneClusterImpl-84b7649f-0e5d-4ae2-b324-047deb1fece8/datanode-0/data/ratis/927474ea-bac3-4403-b021-be70404a6d66: flushIndex: setUnconditionally 0 -> -1
2019-09-20 08:44:16,927 [pool-27-thread-1] INFO  server.RaftServerConfigKeys (ConfUtils.java:logGet(43)) - raft.server.snapshot.auto.trigger.enabled = true (custom)
2019-09-20 08:44:16,927 [pool-27-thread-1] INFO  server.RaftServerConfigKeys (ConfUtils.java:logGet(43)) - raft.server.snapshot.auto.trigger.threshold = 10000 (custom)
2019-09-20 08:44:16,927 [pool-27-thread-1] INFO  server.RaftServerConfigKeys (ConfUtils.java:logGet(43)) - raft.server.retrycache.expirytime = 600000ms (custom)
2019-09-20 08:44:16,928 [pool-27-thread-1] INFO  impl.RaftServerImpl (RaftServerImpl.java:start(180)) - b892e876-f5ae-410a-9dfd-4f07fd940729: start group-BE70404A6D66
2019-09-20 08:44:16,928 [pool-27-thread-1] INFO  impl.RaftServerImpl (RaftServerImpl.java:setRole(171)) - b892e876-f5ae-410a-9dfd-4f07fd940729:group-BE70404A6D66 changes role from null to FOLLOWER at term 0 for startAsFollower
2019-09-20 08:44:16,928 [pool-27-thread-1] INFO  impl.RoleInfo (RoleInfo.java:updateAndGet(143)) - b892e876-f5ae-410a-9dfd-4f07fd940729: start FollowerState
2019-09-20 08:44:16,928 [pool-27-thread-1] INFO  util.JmxRegister (JmxRegister.java:tryRegister(44)) - Successfully registered JMX Bean with object name Ratis:service=RaftServer,group=group-BE70404A6D66,id=b892e876-f5ae-410a-9dfd-4f07fd940729
2019-09-20 08:44:16,939 [RatisPipelineUtilsThread] INFO  pipeline.PipelineStateManager (PipelineStateManager.java:addPipeline(56)) - Created pipeline Pipeline[ Id: 927474ea-bac3-4403-b021-be70404a6d66, Nodes: b892e876-f5ae-410a-9dfd-4f07fd940729{ip: 192.168.36.79, host: pr-hdds-1569-s8kj2-2266485376, networkLocation: /default-rack, certSerialId: null}, Type:RATIS, Factor:ONE, State:OPEN]
2019-09-20 08:44:16,954 [grpc-default-executor-0] INFO  impl.RaftServerProxy (RaftServerProxy.java:addNew(89)) - b892e876-f5ae-410a-9dfd-4f07fd940729: addNew group-B0FA253110A0:[b892e876-f5ae-410a-9dfd-4f07fd940729:192.168.36.79:42750] returns group-B0FA253110A0:java.util.concurrent.CompletableFuture@12615d93[Not completed]
2019-09-20 08:44:16,956 [pool-27-thread-1] INFO  impl.RaftServerImpl (RaftServerImpl.java:<init>(93)) - b892e876-f5ae-410a-9dfd-4f07fd940729: new RaftServerImpl for group-B0FA253110A0:[b892e876-f5ae-410a-9dfd-4f07fd940729:192.168.36.79:42750] with ContainerStateMachine:uninitialized
2019-09-20 08:44:16,956 [pool-27-thread-1] INFO  server.RaftServerConfigKeys (ConfUtils.java:logGet(43)) - raft.server.rpc.timeout.min = 5s (custom)
2019-09-20 08:44:16,956 [pool-27-thread-1] INFO  server.RaftServerConfigKeys (ConfUtils.java:logGet(43)) - raft.server.rpc.timeout.max = 5200ms (custom)
2019-09-20 08:44:16,956 [pool-27-thread-1] INFO  server.RaftServerConfigKeys (ConfUtils.java:logGet(43)) - raft.server.rpcslowness.timeout = 120s (custom)
2019-09-20 08:44:16,956 [pool-27-thread-1] INFO  server.RaftServerConfigKeys (ConfUtils.java:logGet(43)) - raft.server.sleep.deviation.threshold = 300 (default)
2019-09-20 08:44:16,956 [pool-27-thread-1] INFO  server.RaftServerConfigKeys (ConfUtils.java:logGet(43)) - raft.server.log.appender.install.snapshot.enabled = false (custom)
2019-09-20 08:44:16,957 [pool-27-thread-1] INFO  impl.RaftServerImpl (ServerState.java:<init>(105)) - b892e876-f5ae-410a-9dfd-4f07fd940729:group-B0FA253110A0 ConfigurationManager, init=-1: [b892e876-f5ae-410a-9dfd-4f07fd940729:192.168.36.79:42750], old=null, confs=<EMPTY_MAP>
2019-09-20 08:44:16,957 [pool-27-thread-1] INFO  server.RaftServerConfigKeys (ConfUtils.java:logGet(43)) - raft.server.storage.dir = [/workdir/hadoop-ozone/ozonefs/target/test-dir/MiniOzoneClusterImpl-84b7649f-0e5d-4ae2-b324-047deb1fece8/datanode-0/data/ratis] (custom)
2019-09-20 08:44:16,957 [pool-27-thread-1] INFO  storage.RaftStorageDirectory (RaftStorageDirectory.java:analyzeStorage(246)) - The storage directory /workdir/hadoop-ozone/ozonefs/target/test-dir/MiniOzoneClusterImpl-84b7649f-0e5d-4ae2-b324-047deb1fece8/datanode-0/data/ratis/a435a2bd-4550-4fd3-bd78-b0fa253110a0 does not exist. Creating ...
2019-09-20 08:44:16,959 | INFO  | OMAudit | user=jenkins1000 | ip=127.0.0.1 | op=CREATE_VOLUME {admin=admin45311, owner=user47561, volume=volume58442, creationTime=1568969056951, quotaInBytes=1152921504606846976} | ret=SUCCESS |  
2019-09-20 08:44:16,970 | INFO  | SCMAudit | user=jenkins1000 | ip=192.168.36.79 | op=SEND_HEARTBEAT {datanodeUUID=9123b815-6bfa-48f7-ade2-b84cdc033afa, command=[]} | ret=SUCCESS |  
2019-09-20 08:44:16,973 [pool-27-thread-1] INFO  storage.RaftStorageDirectory (RaftStorageDirectory.java:tryLock(328)) - Lock on /workdir/hadoop-ozone/ozonefs/target/test-dir/MiniOzoneClusterImpl-84b7649f-0e5d-4ae2-b324-047deb1fece8/datanode-0/data/ratis/a435a2bd-4550-4fd3-bd78-b0fa253110a0/in_use.lock acquired by nodename 5807@pr-hdds-1569-s8kj2-2266485376
2019-09-20 08:44:16,994 [pool-27-thread-1] INFO  storage.RaftStorage (RaftStorage.java:format(72)) - Storage directory /workdir/hadoop-ozone/ozonefs/target/test-dir/MiniOzoneClusterImpl-84b7649f-0e5d-4ae2-b324-047deb1fece8/datanode-0/data/ratis/a435a2bd-4550-4fd3-bd78-b0fa253110a0 has been successfully formatted.
2019-09-20 08:44:16,994 [pool-27-thread-1] INFO  ratis.ContainerStateMachine (ContainerStateMachine.java:loadSnapshot(226)) - group-B0FA253110A0: The snapshot info is null. Setting the last applied indexto:(t:0, i:~)
2019-09-20 08:44:16,995 [pool-27-thread-1] INFO  server.RaftServerConfigKeys (ConfUtils.java:logGet(43)) - raft.server.leader.election.timeout = 120s (custom)
2019-09-20 08:44:16,995 [pool-27-thread-1] INFO  server.RaftServerConfigKeys (ConfUtils.java:logGet(43)) - raft.server.log.use.memory = false (default)
2019-09-20 08:44:16,995 [pool-27-thread-1] INFO  server.RaftServerConfigKeys (ConfUtils.java:logGet(43)) - raft.server.log.purge.gap = 1000000 (custom)
2019-09-20 08:44:16,995 [pool-27-thread-1] INFO  server.RaftServerConfigKeys (ConfUtils.java:logGet(43)) - raft.server.log.appender.buffer.byte-limit = 33554432 (custom)
2019-09-20 08:44:16,995 [pool-27-thread-1] INFO  server.RaftServerConfigKeys (ConfUtils.java:logGet(43)) - raft.server.log.segment.size.max = 1048576 (custom)
2019-09-20 08:44:17,002 [pool-27-thread-1] INFO  server.RaftServerConfigKeys (ConfUtils.java:logGet(43)) - raft.server.log.segment.cache.num.max = 2 (custom)
2019-09-20 08:44:17,003 [pool-27-thread-1] INFO  segmented.SegmentedRaftLogWorker (SegmentedRaftLogWorker.java:<init>(172)) - new b892e876-f5ae-410a-9dfd-4f07fd940729-SegmentedRaftLogWorker:Storage Directory /workdir/hadoop-ozone/ozonefs/target/test-dir/MiniOzoneClusterImpl-84b7649f-0e5d-4ae2-b324-047deb1fece8/datanode-0/data/ratis/a435a2bd-4550-4fd3-bd78-b0fa253110a0 for RaftStorage:Storage Directory /workdir/hadoop-ozone/ozonefs/target/test-dir/MiniOzoneClusterImpl-84b7649f-0e5d-4ae2-b324-047deb1fece8/datanode-0/data/ratis/a435a2bd-4550-4fd3-bd78-b0fa253110a0
2019-09-20 08:44:17,003 [pool-27-thread-1] INFO  server.RaftServerConfigKeys (ConfUtils.java:logGet(43)) - raft.server.log.queue.byte-limit = 2147483647 (custom)
2019-09-20 08:44:17,003 [pool-27-thread-1] INFO  server.RaftServerConfigKeys (ConfUtils.java:logGet(43)) - raft.server.log.queue.element-limit = 1024 (custom)
2019-09-20 08:44:17,004 [pool-27-thread-1] INFO  server.RaftServerConfigKeys (ConfUtils.java:logGet(43)) - raft.server.log.segment.size.max = 1048576 (custom)
2019-09-20 08:44:17,004 [pool-27-thread-1] INFO  server.RaftServerConfigKeys (ConfUtils.java:logGet(43)) - raft.server.log.preallocated.size = 16384 (custom)
2019-09-20 08:44:17,006 [pool-27-thread-1] INFO  server.RaftServerConfigKeys (ConfUtils.java:logGet(43)) - raft.server.log.write.buffer.size = 33554432 (custom)
2019-09-20 08:44:17,006 [pool-27-thread-1] INFO  server.RaftServerConfigKeys (ConfUtils.java:logGet(43)) - raft.server.log.force.sync.num = 128 (default)
2019-09-20 08:44:17,006 | INFO  | OMAudit | user=jenkins1000 | ip=127.0.0.1 | op=CREATE_BUCKET {volume=volume58442, bucket=bucket72129, acls=[], isVersionEnabled=false, storageType=DISK, creationTime=0} | ret=SUCCESS |  
2019-09-20 08:44:17,006 [pool-27-thread-1] INFO  server.RaftServerConfigKeys (ConfUtils.java:logGet(43)) - raft.server.log.statemachine.data.sync = true (default)
2019-09-20 08:44:17,007 [pool-27-thread-1] INFO  server.RaftServerConfigKeys (ConfUtils.java:logGet(43)) - raft.server.log.statemachine.data.sync.timeout = 10s (default)
2019-09-20 08:44:17,007 [pool-27-thread-1] INFO  server.RaftServerConfigKeys (ConfUtils.java:logGet(43)) - raft.server.log.statemachine.data.sync.timeout.retry = -1 (default)
2019-09-20 08:44:17,009 [pool-27-thread-1] INFO  server.RaftServerConfigKeys (ConfUtils.java:logGet(43)) - raft.server.log.statemachine.data.caching.enabled = true (custom)
2019-09-20 08:44:17,010 [pool-27-thread-1] INFO  segmented.SegmentedRaftLogWorker (SegmentedRaftLogWorker.java:lambda$new$0(132)) - b892e876-f5ae-410a-9dfd-4f07fd940729-SegmentedRaftLogWorker:Storage Directory /workdir/hadoop-ozone/ozonefs/target/test-dir/MiniOzoneClusterImpl-84b7649f-0e5d-4ae2-b324-047deb1fece8/datanode-0/data/ratis/a435a2bd-4550-4fd3-bd78-b0fa253110a0: flushIndex: setUnconditionally 0 -> -1
2019-09-20 08:44:17,010 [pool-27-thread-1] INFO  server.RaftServerConfigKeys (ConfUtils.java:logGet(43)) - raft.server.snapshot.auto.trigger.enabled = true (custom)
2019-09-20 08:44:17,010 [pool-27-thread-1] INFO  server.RaftServerConfigKeys (ConfUtils.java:logGet(43)) - raft.server.snapshot.auto.trigger.threshold = 10000 (custom)
2019-09-20 08:44:17,011 [pool-27-thread-1] INFO  server.RaftServerConfigKeys (ConfUtils.java:logGet(43)) - raft.server.retrycache.expirytime = 600000ms (custom)
2019-09-20 08:44:17,011 [pool-27-thread-1] INFO  impl.RaftServerImpl (RaftServerImpl.java:start(180)) - b892e876-f5ae-410a-9dfd-4f07fd940729: start group-B0FA253110A0
2019-09-20 08:44:17,011 [pool-27-thread-1] INFO  impl.RaftServerImpl (RaftServerImpl.java:setRole(171)) - b892e876-f5ae-410a-9dfd-4f07fd940729:group-B0FA253110A0 changes role from null to FOLLOWER at term 0 for startAsFollower
2019-09-20 08:44:17,011 [pool-27-thread-1] INFO  impl.RoleInfo (RoleInfo.java:updateAndGet(143)) - b892e876-f5ae-410a-9dfd-4f07fd940729: start FollowerState
2019-09-20 08:44:17,012 [pool-27-thread-1] INFO  util.JmxRegister (JmxRegister.java:tryRegister(44)) - Successfully registered JMX Bean with object name Ratis:service=RaftServer,group=group-B0FA253110A0,id=b892e876-f5ae-410a-9dfd-4f07fd940729
2019-09-20 08:44:17,024 [RatisPipelineUtilsThread] INFO  pipeline.PipelineStateManager (PipelineStateManager.java:addPipeline(56)) - Created pipeline Pipeline[ Id: a435a2bd-4550-4fd3-bd78-b0fa253110a0, Nodes: b892e876-f5ae-410a-9dfd-4f07fd940729{ip: 192.168.36.79, host: pr-hdds-1569-s8kj2-2266485376, networkLocation: /default-rack, certSerialId: null}, Type:RATIS, Factor:ONE, State:OPEN]
2019-09-20 08:44:17,043 [grpc-default-executor-0] INFO  impl.RaftServerProxy (RaftServerProxy.java:addNew(89)) - a4a73c82-9756-45ac-afed-7299ac804f25: addNew group-F6155705D561:[a4a73c82-9756-45ac-afed-7299ac804f25:192.168.36.79:38495] returns group-F6155705D561:java.util.concurrent.CompletableFuture@7dc2857c[Not completed]
2019-09-20 08:44:17,045 [pool-38-thread-1] INFO  impl.RaftServerImpl (RaftServerImpl.java:<init>(93)) - a4a73c82-9756-45ac-afed-7299ac804f25: new RaftServerImpl for group-F6155705D561:[a4a73c82-9756-45ac-afed-7299ac804f25:192.168.36.79:38495] with ContainerStateMachine:uninitialized
2019-09-20 08:44:17,046 [pool-38-thread-1] INFO  server.RaftServerConfigKeys (ConfUtils.java:logGet(43)) - raft.server.rpc.timeout.min = 5s (custom)
2019-09-20 08:44:17,046 [pool-38-thread-1] INFO  server.RaftServerConfigKeys (ConfUtils.java:logGet(43)) - raft.server.rpc.timeout.max = 5200ms (custom)
2019-09-20 08:44:17,046 [pool-38-thread-1] INFO  server.RaftServerConfigKeys (ConfUtils.java:logGet(43)) - raft.server.rpcslowness.timeout = 120s (custom)
2019-09-20 08:44:17,046 [pool-38-thread-1] INFO  server.RaftServerConfigKeys (ConfUtils.java:logGet(43)) - raft.server.sleep.deviation.threshold = 300 (default)
2019-09-20 08:44:17,046 [pool-38-thread-1] INFO  server.RaftServerConfigKeys (ConfUtils.java:logGet(43)) - raft.server.log.appender.install.snapshot.enabled = false (custom)
2019-09-20 08:44:17,047 [pool-38-thread-1] INFO  impl.RaftServerImpl (ServerState.java:<init>(105)) - a4a73c82-9756-45ac-afed-7299ac804f25:group-F6155705D561 ConfigurationManager, init=-1: [a4a73c82-9756-45ac-afed-7299ac804f25:192.168.36.79:38495], old=null, confs=<EMPTY_MAP>
2019-09-20 08:44:17,047 [pool-38-thread-1] INFO  server.RaftServerConfigKeys (ConfUtils.java:logGet(43)) - raft.server.storage.dir = [/workdir/hadoop-ozone/ozonefs/target/test-dir/MiniOzoneClusterImpl-84b7649f-0e5d-4ae2-b324-047deb1fece8/datanode-1/data/ratis] (custom)
2019-09-20 08:44:17,047 [pool-38-thread-1] INFO  storage.RaftStorageDirectory (RaftStorageDirectory.java:analyzeStorage(246)) - The storage directory /workdir/hadoop-ozone/ozonefs/target/test-dir/MiniOzoneClusterImpl-84b7649f-0e5d-4ae2-b324-047deb1fece8/datanode-1/data/ratis/87ace88d-db56-41c5-81a8-f6155705d561 does not exist. Creating ...
2019-09-20 08:44:17,065 [pool-38-thread-1] INFO  storage.RaftStorageDirectory (RaftStorageDirectory.java:tryLock(328)) - Lock on /workdir/hadoop-ozone/ozonefs/target/test-dir/MiniOzoneClusterImpl-84b7649f-0e5d-4ae2-b324-047deb1fece8/datanode-1/data/ratis/87ace88d-db56-41c5-81a8-f6155705d561/in_use.lock acquired by nodename 5807@pr-hdds-1569-s8kj2-2266485376
2019-09-20 08:44:17,081 [pool-38-thread-1] INFO  storage.RaftStorage (RaftStorage.java:format(72)) - Storage directory /workdir/hadoop-ozone/ozonefs/target/test-dir/MiniOzoneClusterImpl-84b7649f-0e5d-4ae2-b324-047deb1fece8/datanode-1/data/ratis/87ace88d-db56-41c5-81a8-f6155705d561 has been successfully formatted.
2019-09-20 08:44:17,082 [pool-38-thread-1] INFO  ratis.ContainerStateMachine (ContainerStateMachine.java:loadSnapshot(226)) - group-F6155705D561: The snapshot info is null. Setting the last applied indexto:(t:0, i:~)
2019-09-20 08:44:17,082 [pool-38-thread-1] INFO  server.RaftServerConfigKeys (ConfUtils.java:logGet(43)) - raft.server.leader.election.timeout = 120s (custom)
2019-09-20 08:44:17,082 [pool-38-thread-1] INFO  server.RaftServerConfigKeys (ConfUtils.java:logGet(43)) - raft.server.log.use.memory = false (default)
2019-09-20 08:44:17,082 [pool-38-thread-1] INFO  server.RaftServerConfigKeys (ConfUtils.java:logGet(43)) - raft.server.log.purge.gap = 1000000 (custom)
2019-09-20 08:44:17,083 [pool-38-thread-1] INFO  server.RaftServerConfigKeys (ConfUtils.java:logGet(43)) - raft.server.log.appender.buffer.byte-limit = 33554432 (custom)
2019-09-20 08:44:17,083 [pool-38-thread-1] INFO  server.RaftServerConfigKeys (ConfUtils.java:logGet(43)) - raft.server.log.segment.size.max = 1048576 (custom)
2019-09-20 08:44:17,083 [pool-38-thread-1] INFO  server.RaftServerConfigKeys (ConfUtils.java:logGet(43)) - raft.server.log.segment.cache.num.max = 2 (custom)
2019-09-20 08:44:17,083 [pool-38-thread-1] INFO  segmented.SegmentedRaftLogWorker (SegmentedRaftLogWorker.java:<init>(172)) - new a4a73c82-9756-45ac-afed-7299ac804f25-SegmentedRaftLogWorker:Storage Directory /workdir/hadoop-ozone/ozonefs/target/test-dir/MiniOzoneClusterImpl-84b7649f-0e5d-4ae2-b324-047deb1fece8/datanode-1/data/ratis/87ace88d-db56-41c5-81a8-f6155705d561 for RaftStorage:Storage Directory /workdir/hadoop-ozone/ozonefs/target/test-dir/MiniOzoneClusterImpl-84b7649f-0e5d-4ae2-b324-047deb1fece8/datanode-1/data/ratis/87ace88d-db56-41c5-81a8-f6155705d561
2019-09-20 08:44:17,083 [pool-38-thread-1] INFO  server.RaftServerConfigKeys (ConfUtils.java:logGet(43)) - raft.server.log.queue.byte-limit = 2147483647 (custom)
2019-09-20 08:44:17,084 [pool-38-thread-1] INFO  server.RaftServerConfigKeys (ConfUtils.java:logGet(43)) - raft.server.log.queue.element-limit = 1024 (custom)
2019-09-20 08:44:17,084 [pool-38-thread-1] INFO  server.RaftServerConfigKeys (ConfUtils.java:logGet(43)) - raft.server.log.segment.size.max = 1048576 (custom)
2019-09-20 08:44:17,084 [pool-38-thread-1] INFO  server.RaftServerConfigKeys (ConfUtils.java:logGet(43)) - raft.server.log.preallocated.size = 16384 (custom)
2019-09-20 08:44:17,084 [pool-38-thread-1] INFO  server.RaftServerConfigKeys (ConfUtils.java:logGet(43)) - raft.server.log.write.buffer.size = 33554432 (custom)
2019-09-20 08:44:17,084 [pool-38-thread-1] INFO  server.RaftServerConfigKeys (ConfUtils.java:logGet(43)) - raft.server.log.force.sync.num = 128 (default)
2019-09-20 08:44:17,085 [pool-38-thread-1] INFO  server.RaftServerConfigKeys (ConfUtils.java:logGet(43)) - raft.server.log.statemachine.data.sync = true (default)
2019-09-20 08:44:17,085 [pool-38-thread-1] INFO  server.RaftServerConfigKeys (ConfUtils.java:logGet(43)) - raft.server.log.statemachine.data.sync.timeout = 10s (default)
2019-09-20 08:44:17,085 [pool-38-thread-1] INFO  server.RaftServerConfigKeys (ConfUtils.java:logGet(43)) - raft.server.log.statemachine.data.sync.timeout.retry = -1 (default)
2019-09-20 08:44:17,085 [pool-38-thread-1] INFO  server.RaftServerConfigKeys (ConfUtils.java:logGet(43)) - raft.server.log.statemachine.data.caching.enabled = true (custom)
2019-09-20 08:44:17,086 [pool-38-thread-1] INFO  segmented.SegmentedRaftLogWorker (SegmentedRaftLogWorker.java:lambda$new$0(132)) - a4a73c82-9756-45ac-afed-7299ac804f25-SegmentedRaftLogWorker:Storage Directory /workdir/hadoop-ozone/ozonefs/target/test-dir/MiniOzoneClusterImpl-84b7649f-0e5d-4ae2-b324-047deb1fece8/datanode-1/data/ratis/87ace88d-db56-41c5-81a8-f6155705d561: flushIndex: setUnconditionally 0 -> -1
2019-09-20 08:44:17,086 [pool-38-thread-1] INFO  server.RaftServerConfigKeys (ConfUtils.java:logGet(43)) - raft.server.snapshot.auto.trigger.enabled = true (custom)
2019-09-20 08:44:17,086 [pool-38-thread-1] INFO  server.RaftServerConfigKeys (ConfUtils.java:logGet(43)) - raft.server.snapshot.auto.trigger.threshold = 10000 (custom)
2019-09-20 08:44:17,087 [pool-38-thread-1] INFO  server.RaftServerConfigKeys (ConfUtils.java:logGet(43)) - raft.server.retrycache.expirytime = 600000ms (custom)
2019-09-20 08:44:17,087 [pool-38-thread-1] INFO  impl.RaftServerImpl (RaftServerImpl.java:start(180)) - a4a73c82-9756-45ac-afed-7299ac804f25: start group-F6155705D561
2019-09-20 08:44:17,087 [pool-38-thread-1] INFO  impl.RaftServerImpl (RaftServerImpl.java:setRole(171)) - a4a73c82-9756-45ac-afed-7299ac804f25:group-F6155705D561 changes role from null to FOLLOWER at term 0 for startAsFollower
2019-09-20 08:44:17,087 [pool-38-thread-1] INFO  impl.RoleInfo (RoleInfo.java:updateAndGet(143)) - a4a73c82-9756-45ac-afed-7299ac804f25: start FollowerState
2019-09-20 08:44:17,088 [pool-38-thread-1] INFO  util.JmxRegister (JmxRegister.java:tryRegister(44)) - Successfully registered JMX Bean with object name Ratis:service=RaftServer,group=group-F6155705D561,id=a4a73c82-9756-45ac-afed-7299ac804f25
2019-09-20 08:44:17,100 [RatisPipelineUtilsThread] INFO  pipeline.PipelineStateManager (PipelineStateManager.java:addPipeline(56)) - Created pipeline Pipeline[ Id: 87ace88d-db56-41c5-81a8-f6155705d561, Nodes: a4a73c82-9756-45ac-afed-7299ac804f25{ip: 192.168.36.79, host: pr-hdds-1569-s8kj2-2266485376, networkLocation: /default-rack, certSerialId: null}, Type:RATIS, Factor:ONE, State:OPEN]
2019-09-20 08:44:17,115 [grpc-default-executor-0] INFO  impl.RaftServerProxy (RaftServerProxy.java:addNew(89)) - 9123b815-6bfa-48f7-ade2-b84cdc033afa: addNew group-E080C0E29A89:[9123b815-6bfa-48f7-ade2-b84cdc033afa:192.168.36.79:38300] returns group-E080C0E29A89:java.util.concurrent.CompletableFuture@197dbe80[Not completed]
2019-09-20 08:44:17,117 [pool-49-thread-1] INFO  impl.RaftServerImpl (RaftServerImpl.java:<init>(93)) - 9123b815-6bfa-48f7-ade2-b84cdc033afa: new RaftServerImpl for group-E080C0E29A89:[9123b815-6bfa-48f7-ade2-b84cdc033afa:192.168.36.79:38300] with ContainerStateMachine:uninitialized
2019-09-20 08:44:17,117 [pool-49-thread-1] INFO  server.RaftServerConfigKeys (ConfUtils.java:logGet(43)) - raft.server.rpc.timeout.min = 5s (custom)
2019-09-20 08:44:17,117 [pool-49-thread-1] INFO  server.RaftServerConfigKeys (ConfUtils.java:logGet(43)) - raft.server.rpc.timeout.max = 5200ms (custom)
2019-09-20 08:44:17,118 [pool-49-thread-1] INFO  server.RaftServerConfigKeys (ConfUtils.java:logGet(43)) - raft.server.rpcslowness.timeout = 120s (custom)
2019-09-20 08:44:17,118 [pool-49-thread-1] INFO  server.RaftServerConfigKeys (ConfUtils.java:logGet(43)) - raft.server.sleep.deviation.threshold = 300 (default)
2019-09-20 08:44:17,118 [pool-49-thread-1] INFO  server.RaftServerConfigKeys (ConfUtils.java:logGet(43)) - raft.server.log.appender.install.snapshot.enabled = false (custom)
2019-09-20 08:44:17,118 [pool-49-thread-1] INFO  impl.RaftServerImpl (ServerState.java:<init>(105)) - 9123b815-6bfa-48f7-ade2-b84cdc033afa:group-E080C0E29A89 ConfigurationManager, init=-1: [9123b815-6bfa-48f7-ade2-b84cdc033afa:192.168.36.79:38300], old=null, confs=<EMPTY_MAP>
2019-09-20 08:44:17,118 [pool-49-thread-1] INFO  server.RaftServerConfigKeys (ConfUtils.java:logGet(43)) - raft.server.storage.dir = [/workdir/hadoop-ozone/ozonefs/target/test-dir/MiniOzoneClusterImpl-84b7649f-0e5d-4ae2-b324-047deb1fece8/datanode-2/data/ratis] (custom)
2019-09-20 08:44:17,119 [pool-49-thread-1] INFO  storage.RaftStorageDirectory (RaftStorageDirectory.java:analyzeStorage(246)) - The storage directory /workdir/hadoop-ozone/ozonefs/target/test-dir/MiniOzoneClusterImpl-84b7649f-0e5d-4ae2-b324-047deb1fece8/datanode-2/data/ratis/672ac0ac-15f7-4b43-935c-e080c0e29a89 does not exist. Creating ...
2019-09-20 08:44:17,142 [pool-49-thread-1] INFO  storage.RaftStorageDirectory (RaftStorageDirectory.java:tryLock(328)) - Lock on /workdir/hadoop-ozone/ozonefs/target/test-dir/MiniOzoneClusterImpl-84b7649f-0e5d-4ae2-b324-047deb1fece8/datanode-2/data/ratis/672ac0ac-15f7-4b43-935c-e080c0e29a89/in_use.lock acquired by nodename 5807@pr-hdds-1569-s8kj2-2266485376
2019-09-20 08:44:17,160 [pool-49-thread-1] INFO  storage.RaftStorage (RaftStorage.java:format(72)) - Storage directory /workdir/hadoop-ozone/ozonefs/target/test-dir/MiniOzoneClusterImpl-84b7649f-0e5d-4ae2-b324-047deb1fece8/datanode-2/data/ratis/672ac0ac-15f7-4b43-935c-e080c0e29a89 has been successfully formatted.
2019-09-20 08:44:17,160 [pool-49-thread-1] INFO  ratis.ContainerStateMachine (ContainerStateMachine.java:loadSnapshot(226)) - group-E080C0E29A89: The snapshot info is null. Setting the last applied indexto:(t:0, i:~)
2019-09-20 08:44:17,160 [pool-49-thread-1] INFO  server.RaftServerConfigKeys (ConfUtils.java:logGet(43)) - raft.server.leader.election.timeout = 120s (custom)
2019-09-20 08:44:17,160 [pool-49-thread-1] INFO  server.RaftServerConfigKeys (ConfUtils.java:logGet(43)) - raft.server.log.use.memory = false (default)
2019-09-20 08:44:17,161 [pool-49-thread-1] INFO  server.RaftServerConfigKeys (ConfUtils.java:logGet(43)) - raft.server.log.purge.gap = 1000000 (custom)
2019-09-20 08:44:17,161 [pool-49-thread-1] INFO  server.RaftServerConfigKeys (ConfUtils.java:logGet(43)) - raft.server.log.appender.buffer.byte-limit = 33554432 (custom)
2019-09-20 08:44:17,161 [pool-49-thread-1] INFO  server.RaftServerConfigKeys (ConfUtils.java:logGet(43)) - raft.server.log.segment.size.max = 1048576 (custom)
2019-09-20 08:44:17,161 [pool-49-thread-1] INFO  server.RaftServerConfigKeys (ConfUtils.java:logGet(43)) - raft.server.log.segment.cache.num.max = 2 (custom)
2019-09-20 08:44:17,161 [pool-49-thread-1] INFO  segmented.SegmentedRaftLogWorker (SegmentedRaftLogWorker.java:<init>(172)) - new 9123b815-6bfa-48f7-ade2-b84cdc033afa-SegmentedRaftLogWorker:Storage Directory /workdir/hadoop-ozone/ozonefs/target/test-dir/MiniOzoneClusterImpl-84b7649f-0e5d-4ae2-b324-047deb1fece8/datanode-2/data/ratis/672ac0ac-15f7-4b43-935c-e080c0e29a89 for RaftStorage:Storage Directory /workdir/hadoop-ozone/ozonefs/target/test-dir/MiniOzoneClusterImpl-84b7649f-0e5d-4ae2-b324-047deb1fece8/datanode-2/data/ratis/672ac0ac-15f7-4b43-935c-e080c0e29a89
2019-09-20 08:44:17,162 [pool-49-thread-1] INFO  server.RaftServerConfigKeys (ConfUtils.java:logGet(43)) - raft.server.log.queue.byte-limit = 2147483647 (custom)
2019-09-20 08:44:17,162 [pool-49-thread-1] INFO  server.RaftServerConfigKeys (ConfUtils.java:logGet(43)) - raft.server.log.queue.element-limit = 1024 (custom)
2019-09-20 08:44:17,162 [pool-49-thread-1] INFO  server.RaftServerConfigKeys (ConfUtils.java:logGet(43)) - raft.server.log.segment.size.max = 1048576 (custom)
2019-09-20 08:44:17,162 [pool-49-thread-1] INFO  server.RaftServerConfigKeys (ConfUtils.java:logGet(43)) - raft.server.log.preallocated.size = 16384 (custom)
2019-09-20 08:44:17,162 [pool-49-thread-1] INFO  server.RaftServerConfigKeys (ConfUtils.java:logGet(43)) - raft.server.log.write.buffer.size = 33554432 (custom)
2019-09-20 08:44:17,162 [pool-49-thread-1] INFO  server.RaftServerConfigKeys (ConfUtils.java:logGet(43)) - raft.server.log.force.sync.num = 128 (default)
2019-09-20 08:44:17,162 [pool-49-thread-1] INFO  server.RaftServerConfigKeys (ConfUtils.java:logGet(43)) - raft.server.log.statemachine.data.sync = true (default)
2019-09-20 08:44:17,163 [pool-49-thread-1] INFO  server.RaftServerConfigKeys (ConfUtils.java:logGet(43)) - raft.server.log.statemachine.data.sync.timeout = 10s (default)
2019-09-20 08:44:17,163 [pool-49-thread-1] INFO  server.RaftServerConfigKeys (ConfUtils.java:logGet(43)) - raft.server.log.statemachine.data.sync.timeout.retry = -1 (default)
2019-09-20 08:44:17,163 [pool-49-thread-1] INFO  server.RaftServerConfigKeys (ConfUtils.java:logGet(43)) - raft.server.log.statemachine.data.caching.enabled = true (custom)
2019-09-20 08:44:17,163 [pool-49-thread-1] INFO  segmented.SegmentedRaftLogWorker (SegmentedRaftLogWorker.java:lambda$new$0(132)) - 9123b815-6bfa-48f7-ade2-b84cdc033afa-SegmentedRaftLogWorker:Storage Directory /workdir/hadoop-ozone/ozonefs/target/test-dir/MiniOzoneClusterImpl-84b7649f-0e5d-4ae2-b324-047deb1fece8/datanode-2/data/ratis/672ac0ac-15f7-4b43-935c-e080c0e29a89: flushIndex: setUnconditionally 0 -> -1
2019-09-20 08:44:17,164 [pool-49-thread-1] INFO  server.RaftServerConfigKeys (ConfUtils.java:logGet(43)) - raft.server.snapshot.auto.trigger.enabled = true (custom)
2019-09-20 08:44:17,164 [pool-49-thread-1] INFO  server.RaftServerConfigKeys (ConfUtils.java:logGet(43)) - raft.server.snapshot.auto.trigger.threshold = 10000 (custom)
2019-09-20 08:44:17,169 [pool-49-thread-1] INFO  server.RaftServerConfigKeys (ConfUtils.java:logGet(43)) - raft.server.retrycache.expirytime = 600000ms (custom)
2019-09-20 08:44:17,170 [pool-49-thread-1] INFO  impl.RaftServerImpl (RaftServerImpl.java:start(180)) - 9123b815-6bfa-48f7-ade2-b84cdc033afa: start group-E080C0E29A89
2019-09-20 08:44:17,170 [pool-49-thread-1] INFO  impl.RaftServerImpl (RaftServerImpl.java:setRole(171)) - 9123b815-6bfa-48f7-ade2-b84cdc033afa:group-E080C0E29A89 changes role from null to FOLLOWER at term 0 for startAsFollower
2019-09-20 08:44:17,170 [pool-49-thread-1] INFO  impl.RoleInfo (RoleInfo.java:updateAndGet(143)) - 9123b815-6bfa-48f7-ade2-b84cdc033afa: start FollowerState
2019-09-20 08:44:17,170 [pool-49-thread-1] INFO  util.JmxRegister (JmxRegister.java:tryRegister(44)) - Successfully registered JMX Bean with object name Ratis:service=RaftServer,group=group-E080C0E29A89,id=9123b815-6bfa-48f7-ade2-b84cdc033afa
2019-09-20 08:44:17,176 [RatisPipelineUtilsThread] INFO  pipeline.PipelineStateManager (PipelineStateManager.java:addPipeline(56)) - Created pipeline Pipeline[ Id: 672ac0ac-15f7-4b43-935c-e080c0e29a89, Nodes: 9123b815-6bfa-48f7-ade2-b84cdc033afa{ip: 192.168.36.79, host: pr-hdds-1569-s8kj2-2266485376, networkLocation: /default-rack, certSerialId: null}, Type:RATIS, Factor:ONE, State:OPEN]
2019-09-20 08:44:17,191 [grpc-default-executor-0] INFO  impl.RaftServerProxy (RaftServerProxy.java:addNew(89)) - 9123b815-6bfa-48f7-ade2-b84cdc033afa: addNew group-13384C7BF125:[9123b815-6bfa-48f7-ade2-b84cdc033afa:192.168.36.79:38300] returns group-13384C7BF125:java.util.concurrent.CompletableFuture@550783a5[Not completed]
2019-09-20 08:44:17,194 [pool-49-thread-1] INFO  impl.RaftServerImpl (RaftServerImpl.java:<init>(93)) - 9123b815-6bfa-48f7-ade2-b84cdc033afa: new RaftServerImpl for group-13384C7BF125:[9123b815-6bfa-48f7-ade2-b84cdc033afa:192.168.36.79:38300] with ContainerStateMachine:uninitialized
2019-09-20 08:44:17,194 [pool-49-thread-1] INFO  server.RaftServerConfigKeys (ConfUtils.java:logGet(43)) - raft.server.rpc.timeout.min = 5s (custom)
2019-09-20 08:44:17,194 [pool-49-thread-1] INFO  server.RaftServerConfigKeys (ConfUtils.java:logGet(43)) - raft.server.rpc.timeout.max = 5200ms (custom)
2019-09-20 08:44:17,194 [pool-49-thread-1] INFO  server.RaftServerConfigKeys (ConfUtils.java:logGet(43)) - raft.server.rpcslowness.timeout = 120s (custom)
2019-09-20 08:44:17,194 [pool-49-thread-1] INFO  server.RaftServerConfigKeys (ConfUtils.java:logGet(43)) - raft.server.sleep.deviation.threshold = 300 (default)
2019-09-20 08:44:17,194 [pool-49-thread-1] INFO  server.RaftServerConfigKeys (ConfUtils.java:logGet(43)) - raft.server.log.appender.install.snapshot.enabled = false (custom)
2019-09-20 08:44:17,195 [pool-49-thread-1] INFO  impl.RaftServerImpl (ServerState.java:<init>(105)) - 9123b815-6bfa-48f7-ade2-b84cdc033afa:group-13384C7BF125 ConfigurationManager, init=-1: [9123b815-6bfa-48f7-ade2-b84cdc033afa:192.168.36.79:38300], old=null, confs=<EMPTY_MAP>
2019-09-20 08:44:17,195 [pool-49-thread-1] INFO  server.RaftServerConfigKeys (ConfUtils.java:logGet(43)) - raft.server.storage.dir = [/workdir/hadoop-ozone/ozonefs/target/test-dir/MiniOzoneClusterImpl-84b7649f-0e5d-4ae2-b324-047deb1fece8/datanode-2/data/ratis] (custom)
2019-09-20 08:44:17,195 [pool-49-thread-1] INFO  storage.RaftStorageDirectory (RaftStorageDirectory.java:analyzeStorage(246)) - The storage directory /workdir/hadoop-ozone/ozonefs/target/test-dir/MiniOzoneClusterImpl-84b7649f-0e5d-4ae2-b324-047deb1fece8/datanode-2/data/ratis/0c1258db-3004-42a9-898e-13384c7bf125 does not exist. Creating ...
2019-09-20 08:44:17,216 [pool-49-thread-1] INFO  storage.RaftStorageDirectory (RaftStorageDirectory.java:tryLock(328)) - Lock on /workdir/hadoop-ozone/ozonefs/target/test-dir/MiniOzoneClusterImpl-84b7649f-0e5d-4ae2-b324-047deb1fece8/datanode-2/data/ratis/0c1258db-3004-42a9-898e-13384c7bf125/in_use.lock acquired by nodename 5807@pr-hdds-1569-s8kj2-2266485376
2019-09-20 08:44:17,251 [pool-49-thread-1] INFO  storage.RaftStorage (RaftStorage.java:format(72)) - Storage directory /workdir/hadoop-ozone/ozonefs/target/test-dir/MiniOzoneClusterImpl-84b7649f-0e5d-4ae2-b324-047deb1fece8/datanode-2/data/ratis/0c1258db-3004-42a9-898e-13384c7bf125 has been successfully formatted.
2019-09-20 08:44:17,252 [pool-49-thread-1] INFO  ratis.ContainerStateMachine (ContainerStateMachine.java:loadSnapshot(226)) - group-13384C7BF125: The snapshot info is null. Setting the last applied indexto:(t:0, i:~)
2019-09-20 08:44:17,252 [pool-49-thread-1] INFO  server.RaftServerConfigKeys (ConfUtils.java:logGet(43)) - raft.server.leader.election.timeout = 120s (custom)
2019-09-20 08:44:17,252 [pool-49-thread-1] INFO  server.RaftServerConfigKeys (ConfUtils.java:logGet(43)) - raft.server.log.use.memory = false (default)
2019-09-20 08:44:17,253 [pool-49-thread-1] INFO  server.RaftServerConfigKeys (ConfUtils.java:logGet(43)) - raft.server.log.purge.gap = 1000000 (custom)
2019-09-20 08:44:17,253 [pool-49-thread-1] INFO  server.RaftServerConfigKeys (ConfUtils.java:logGet(43)) - raft.server.log.appender.buffer.byte-limit = 33554432 (custom)
2019-09-20 08:44:17,253 [pool-49-thread-1] INFO  server.RaftServerConfigKeys (ConfUtils.java:logGet(43)) - raft.server.log.segment.size.max = 1048576 (custom)
2019-09-20 08:44:17,253 [pool-49-thread-1] INFO  server.RaftServerConfigKeys (ConfUtils.java:logGet(43)) - raft.server.log.segment.cache.num.max = 2 (custom)
2019-09-20 08:44:17,254 [pool-49-thread-1] INFO  segmented.SegmentedRaftLogWorker (SegmentedRaftLogWorker.java:<init>(172)) - new 9123b815-6bfa-48f7-ade2-b84cdc033afa-SegmentedRaftLogWorker:Storage Directory /workdir/hadoop-ozone/ozonefs/target/test-dir/MiniOzoneClusterImpl-84b7649f-0e5d-4ae2-b324-047deb1fece8/datanode-2/data/ratis/0c1258db-3004-42a9-898e-13384c7bf125 for RaftStorage:Storage Directory /workdir/hadoop-ozone/ozonefs/target/test-dir/MiniOzoneClusterImpl-84b7649f-0e5d-4ae2-b324-047deb1fece8/datanode-2/data/ratis/0c1258db-3004-42a9-898e-13384c7bf125
2019-09-20 08:44:17,254 [pool-49-thread-1] INFO  server.RaftServerConfigKeys (ConfUtils.java:logGet(43)) - raft.server.log.queue.byte-limit = 2147483647 (custom)
2019-09-20 08:44:17,254 [pool-49-thread-1] INFO  server.RaftServerConfigKeys (ConfUtils.java:logGet(43)) - raft.server.log.queue.element-limit = 1024 (custom)
2019-09-20 08:44:17,254 [pool-49-thread-1] INFO  server.RaftServerConfigKeys (ConfUtils.java:logGet(43)) - raft.server.log.segment.size.max = 1048576 (custom)
2019-09-20 08:44:17,254 [pool-49-thread-1] INFO  server.RaftServerConfigKeys (ConfUtils.java:logGet(43)) - raft.server.log.preallocated.size = 16384 (custom)
2019-09-20 08:44:17,254 [pool-49-thread-1] INFO  server.RaftServerConfigKeys (ConfUtils.java:logGet(43)) - raft.server.log.write.buffer.size = 33554432 (custom)
2019-09-20 08:44:17,254 [pool-49-thread-1] INFO  server.RaftServerConfigKeys (ConfUtils.java:logGet(43)) - raft.server.log.force.sync.num = 128 (default)
2019-09-20 08:44:17,255 [pool-49-thread-1] INFO  server.RaftServerConfigKeys (ConfUtils.java:logGet(43)) - raft.server.log.statemachine.data.sync = true (default)
2019-09-20 08:44:17,255 [pool-49-thread-1] INFO  server.RaftServerConfigKeys (ConfUtils.java:logGet(43)) - raft.server.log.statemachine.data.sync.timeout = 10s (default)
2019-09-20 08:44:17,255 [pool-49-thread-1] INFO  server.RaftServerConfigKeys (ConfUtils.java:logGet(43)) - raft.server.log.statemachine.data.sync.timeout.retry = -1 (default)
2019-09-20 08:44:17,255 [pool-49-thread-1] INFO  server.RaftServerConfigKeys (ConfUtils.java:logGet(43)) - raft.server.log.statemachine.data.caching.enabled = true (custom)
2019-09-20 08:44:17,255 [pool-49-thread-1] INFO  segmented.SegmentedRaftLogWorker (SegmentedRaftLogWorker.java:lambda$new$0(132)) - 9123b815-6bfa-48f7-ade2-b84cdc033afa-SegmentedRaftLogWorker:Storage Directory /workdir/hadoop-ozone/ozonefs/target/test-dir/MiniOzoneClusterImpl-84b7649f-0e5d-4ae2-b324-047deb1fece8/datanode-2/data/ratis/0c1258db-3004-42a9-898e-13384c7bf125: flushIndex: setUnconditionally 0 -> -1
2019-09-20 08:44:17,256 [pool-49-thread-1] INFO  server.RaftServerConfigKeys (ConfUtils.java:logGet(43)) - raft.server.snapshot.auto.trigger.enabled = true (custom)
2019-09-20 08:44:17,256 [pool-49-thread-1] INFO  server.RaftServerConfigKeys (ConfUtils.java:logGet(43)) - raft.server.snapshot.auto.trigger.threshold = 10000 (custom)
2019-09-20 08:44:17,256 [pool-49-thread-1] INFO  server.RaftServerConfigKeys (ConfUtils.java:logGet(43)) - raft.server.retrycache.expirytime = 600000ms (custom)
2019-09-20 08:44:17,256 [pool-49-thread-1] INFO  impl.RaftServerImpl (RaftServerImpl.java:start(180)) - 9123b815-6bfa-48f7-ade2-b84cdc033afa: start group-13384C7BF125
2019-09-20 08:44:17,256 [pool-49-thread-1] INFO  impl.RaftServerImpl (RaftServerImpl.java:setRole(171)) - 9123b815-6bfa-48f7-ade2-b84cdc033afa:group-13384C7BF125 changes role from null to FOLLOWER at term 0 for startAsFollower
2019-09-20 08:44:17,257 [pool-49-thread-1] INFO  impl.RoleInfo (RoleInfo.java:updateAndGet(143)) - 9123b815-6bfa-48f7-ade2-b84cdc033afa: start FollowerState
2019-09-20 08:44:17,257 [pool-49-thread-1] INFO  util.JmxRegister (JmxRegister.java:tryRegister(44)) - Successfully registered JMX Bean with object name Ratis:service=RaftServer,group=group-13384C7BF125,id=9123b815-6bfa-48f7-ade2-b84cdc033afa
2019-09-20 08:44:17,262 [RatisPipelineUtilsThread] INFO  pipeline.PipelineStateManager (PipelineStateManager.java:addPipeline(56)) - Created pipeline Pipeline[ Id: 0c1258db-3004-42a9-898e-13384c7bf125, Nodes: 9123b815-6bfa-48f7-ade2-b84cdc033afa{ip: 192.168.36.79, host: pr-hdds-1569-s8kj2-2266485376, networkLocation: /default-rack, certSerialId: null}, Type:RATIS, Factor:ONE, State:OPEN]
2019-09-20 08:44:17,273 [grpc-default-executor-0] INFO  impl.RaftServerProxy (RaftServerProxy.java:addNew(89)) - 9123b815-6bfa-48f7-ade2-b84cdc033afa: addNew group-948D5C57BB10:[9123b815-6bfa-48f7-ade2-b84cdc033afa:192.168.36.79:38300] returns group-948D5C57BB10:java.util.concurrent.CompletableFuture@3884ca5b[Not completed]
2019-09-20 08:44:17,274 [pool-49-thread-1] INFO  impl.RaftServerImpl (RaftServerImpl.java:<init>(93)) - 9123b815-6bfa-48f7-ade2-b84cdc033afa: new RaftServerImpl for group-948D5C57BB10:[9123b815-6bfa-48f7-ade2-b84cdc033afa:192.168.36.79:38300] with ContainerStateMachine:uninitialized
2019-09-20 08:44:17,274 [pool-49-thread-1] INFO  server.RaftServerConfigKeys (ConfUtils.java:logGet(43)) - raft.server.rpc.timeout.min = 5s (custom)
2019-09-20 08:44:17,274 [pool-49-thread-1] INFO  server.RaftServerConfigKeys (ConfUtils.java:logGet(43)) - raft.server.rpc.timeout.max = 5200ms (custom)
2019-09-20 08:44:17,274 [pool-49-thread-1] INFO  server.RaftServerConfigKeys (ConfUtils.java:logGet(43)) - raft.server.rpcslowness.timeout = 120s (custom)
2019-09-20 08:44:17,274 [pool-49-thread-1] INFO  server.RaftServerConfigKeys (ConfUtils.java:logGet(43)) - raft.server.sleep.deviation.threshold = 300 (default)
2019-09-20 08:44:17,275 [pool-49-thread-1] INFO  server.RaftServerConfigKeys (ConfUtils.java:logGet(43)) - raft.server.log.appender.install.snapshot.enabled = false (custom)
2019-09-20 08:44:17,275 [pool-49-thread-1] INFO  impl.RaftServerImpl (ServerState.java:<init>(105)) - 9123b815-6bfa-48f7-ade2-b84cdc033afa:group-948D5C57BB10 ConfigurationManager, init=-1: [9123b815-6bfa-48f7-ade2-b84cdc033afa:192.168.36.79:38300], old=null, confs=<EMPTY_MAP>
2019-09-20 08:44:17,275 [pool-49-thread-1] INFO  server.RaftServerConfigKeys (ConfUtils.java:logGet(43)) - raft.server.storage.dir = [/workdir/hadoop-ozone/ozonefs/target/test-dir/MiniOzoneClusterImpl-84b7649f-0e5d-4ae2-b324-047deb1fece8/datanode-2/data/ratis] (custom)
2019-09-20 08:44:17,275 [pool-49-thread-1] INFO  storage.RaftStorageDirectory (RaftStorageDirectory.java:analyzeStorage(246)) - The storage directory /workdir/hadoop-ozone/ozonefs/target/test-dir/MiniOzoneClusterImpl-84b7649f-0e5d-4ae2-b324-047deb1fece8/datanode-2/data/ratis/6a71f66b-6dee-46ab-a69c-948d5c57bb10 does not exist. Creating ...
2019-09-20 08:44:17,284 | INFO  | OMAudit | user=jenkins1000 | ip=127.0.0.1 | op=READ_VOLUME {volume=volume58442} | ret=SUCCESS |  
2019-09-20 08:44:17,292 | INFO  | OMAudit | user=jenkins1000 | ip=127.0.0.1 | op=READ_BUCKET {volume=volume58442, bucket=bucket72129} | ret=SUCCESS |  
2019-09-20 08:44:17,293 [pool-49-thread-1] INFO  storage.RaftStorageDirectory (RaftStorageDirectory.java:tryLock(328)) - Lock on /workdir/hadoop-ozone/ozonefs/target/test-dir/MiniOzoneClusterImpl-84b7649f-0e5d-4ae2-b324-047deb1fece8/datanode-2/data/ratis/6a71f66b-6dee-46ab-a69c-948d5c57bb10/in_use.lock acquired by nodename 5807@pr-hdds-1569-s8kj2-2266485376
2019-09-20 08:44:17,311 [pool-49-thread-1] INFO  storage.RaftStorage (RaftStorage.java:format(72)) - Storage directory /workdir/hadoop-ozone/ozonefs/target/test-dir/MiniOzoneClusterImpl-84b7649f-0e5d-4ae2-b324-047deb1fece8/datanode-2/data/ratis/6a71f66b-6dee-46ab-a69c-948d5c57bb10 has been successfully formatted.
2019-09-20 08:44:17,311 [pool-49-thread-1] INFO  ratis.ContainerStateMachine (ContainerStateMachine.java:loadSnapshot(226)) - group-948D5C57BB10: The snapshot info is null. Setting the last applied indexto:(t:0, i:~)
2019-09-20 08:44:17,311 [pool-49-thread-1] INFO  server.RaftServerConfigKeys (ConfUtils.java:logGet(43)) - raft.server.leader.election.timeout = 120s (custom)
2019-09-20 08:44:17,311 [pool-49-thread-1] INFO  server.RaftServerConfigKeys (ConfUtils.java:logGet(43)) - raft.server.log.use.memory = false (default)
2019-09-20 08:44:17,311 [pool-49-thread-1] INFO  server.RaftServerConfigKeys (ConfUtils.java:logGet(43)) - raft.server.log.purge.gap = 1000000 (custom)
2019-09-20 08:44:17,312 [pool-49-thread-1] INFO  server.RaftServerConfigKeys (ConfUtils.java:logGet(43)) - raft.server.log.appender.buffer.byte-limit = 33554432 (custom)
2019-09-20 08:44:17,312 [pool-49-thread-1] INFO  server.RaftServerConfigKeys (ConfUtils.java:logGet(43)) - raft.server.log.segment.size.max = 1048576 (custom)
2019-09-20 08:44:17,312 [pool-49-thread-1] INFO  server.RaftServerConfigKeys (ConfUtils.java:logGet(43)) - raft.server.log.segment.cache.num.max = 2 (custom)
2019-09-20 08:44:17,312 [pool-49-thread-1] INFO  segmented.SegmentedRaftLogWorker (SegmentedRaftLogWorker.java:<init>(172)) - new 9123b815-6bfa-48f7-ade2-b84cdc033afa-SegmentedRaftLogWorker:Storage Directory /workdir/hadoop-ozone/ozonefs/target/test-dir/MiniOzoneClusterImpl-84b7649f-0e5d-4ae2-b324-047deb1fece8/datanode-2/data/ratis/6a71f66b-6dee-46ab-a69c-948d5c57bb10 for RaftStorage:Storage Directory /workdir/hadoop-ozone/ozonefs/target/test-dir/MiniOzoneClusterImpl-84b7649f-0e5d-4ae2-b324-047deb1fece8/datanode-2/data/ratis/6a71f66b-6dee-46ab-a69c-948d5c57bb10
2019-09-20 08:44:17,312 [pool-49-thread-1] INFO  server.RaftServerConfigKeys (ConfUtils.java:logGet(43)) - raft.server.log.queue.byte-limit = 2147483647 (custom)
2019-09-20 08:44:17,313 [pool-49-thread-1] INFO  server.RaftServerConfigKeys (ConfUtils.java:logGet(43)) - raft.server.log.queue.element-limit = 1024 (custom)
2019-09-20 08:44:17,313 [pool-49-thread-1] INFO  server.RaftServerConfigKeys (ConfUtils.java:logGet(43)) - raft.server.log.segment.size.max = 1048576 (custom)
2019-09-20 08:44:17,313 [pool-49-thread-1] INFO  server.RaftServerConfigKeys (ConfUtils.java:logGet(43)) - raft.server.log.preallocated.size = 16384 (custom)
2019-09-20 08:44:17,313 [pool-49-thread-1] INFO  server.RaftServerConfigKeys (ConfUtils.java:logGet(43)) - raft.server.log.write.buffer.size = 33554432 (custom)
2019-09-20 08:44:17,313 [pool-49-thread-1] INFO  server.RaftServerConfigKeys (ConfUtils.java:logGet(43)) - raft.server.log.force.sync.num = 128 (default)
2019-09-20 08:44:17,314 [pool-49-thread-1] INFO  server.RaftServerConfigKeys (ConfUtils.java:logGet(43)) - raft.server.log.statemachine.data.sync = true (default)
2019-09-20 08:44:17,314 [pool-49-thread-1] INFO  server.RaftServerConfigKeys (ConfUtils.java:logGet(43)) - raft.server.log.statemachine.data.sync.timeout = 10s (default)
2019-09-20 08:44:17,314 [pool-49-thread-1] INFO  server.RaftServerConfigKeys (ConfUtils.java:logGet(43)) - raft.server.log.statemachine.data.sync.timeout.retry = -1 (default)
2019-09-20 08:44:17,314 [pool-49-thread-1] INFO  server.RaftServerConfigKeys (ConfUtils.java:logGet(43)) - raft.server.log.statemachine.data.caching.enabled = true (custom)
2019-09-20 08:44:17,315 [pool-49-thread-1] INFO  segmented.SegmentedRaftLogWorker (SegmentedRaftLogWorker.java:lambda$new$0(132)) - 9123b815-6bfa-48f7-ade2-b84cdc033afa-SegmentedRaftLogWorker:Storage Directory /workdir/hadoop-ozone/ozonefs/target/test-dir/MiniOzoneClusterImpl-84b7649f-0e5d-4ae2-b324-047deb1fece8/datanode-2/data/ratis/6a71f66b-6dee-46ab-a69c-948d5c57bb10: flushIndex: setUnconditionally 0 -> -1
2019-09-20 08:44:17,315 [pool-49-thread-1] INFO  server.RaftServerConfigKeys (ConfUtils.java:logGet(43)) - raft.server.snapshot.auto.trigger.enabled = true (custom)
2019-09-20 08:44:17,315 [pool-49-thread-1] INFO  server.RaftServerConfigKeys (ConfUtils.java:logGet(43)) - raft.server.snapshot.auto.trigger.threshold = 10000 (custom)
2019-09-20 08:44:17,316 [pool-49-thread-1] INFO  server.RaftServerConfigKeys (ConfUtils.java:logGet(43)) - raft.server.retrycache.expirytime = 600000ms (custom)
2019-09-20 08:44:17,316 [pool-49-thread-1] INFO  impl.RaftServerImpl (RaftServerImpl.java:start(180)) - 9123b815-6bfa-48f7-ade2-b84cdc033afa: start group-948D5C57BB10
2019-09-20 08:44:17,316 [pool-49-thread-1] INFO  impl.RaftServerImpl (RaftServerImpl.java:setRole(171)) - 9123b815-6bfa-48f7-ade2-b84cdc033afa:group-948D5C57BB10 changes role from null to FOLLOWER at term 0 for startAsFollower
2019-09-20 08:44:17,316 [pool-49-thread-1] INFO  impl.RoleInfo (RoleInfo.java:updateAndGet(143)) - 9123b815-6bfa-48f7-ade2-b84cdc033afa: start FollowerState
2019-09-20 08:44:17,317 [pool-49-thread-1] INFO  util.JmxRegister (JmxRegister.java:tryRegister(44)) - Successfully registered JMX Bean with object name Ratis:service=RaftServer,group=group-948D5C57BB10,id=9123b815-6bfa-48f7-ade2-b84cdc033afa
2019-09-20 08:44:17,322 [Thread-235] INFO  contract.AbstractFSContractTestBase (AbstractFSContractTestBase.java:setup(184)) - Test filesystem = o3fs://bucket72129.volume58442 implemented by OzoneFileSystem{URI=o3fs://bucket72129.volume58442, workingDir=o3fs://bucket72129.volume58442/user/jenkins1000, userName=jenkins1000, statistics=0 bytes read, 0 bytes written, 0 read ops, 0 large read ops, 0 write ops}
2019-09-20 08:44:17,324 [RatisPipelineUtilsThread] INFO  pipeline.PipelineStateManager (PipelineStateManager.java:addPipeline(56)) - Created pipeline Pipeline[ Id: 6a71f66b-6dee-46ab-a69c-948d5c57bb10, Nodes: 9123b815-6bfa-48f7-ade2-b84cdc033afa{ip: 192.168.36.79, host: pr-hdds-1569-s8kj2-2266485376, networkLocation: /default-rack, certSerialId: null}, Type:RATIS, Factor:ONE, State:OPEN]
2019-09-20 08:44:17,334 [grpc-default-executor-0] INFO  impl.RaftServerProxy (RaftServerProxy.java:addNew(89)) - b892e876-f5ae-410a-9dfd-4f07fd940729: addNew group-B1087F5A003E:[b892e876-f5ae-410a-9dfd-4f07fd940729:192.168.36.79:42750] returns group-B1087F5A003E:java.util.concurrent.CompletableFuture@25fc0ae0[Not completed]
2019-09-20 08:44:17,335 [pool-27-thread-1] INFO  impl.RaftServerImpl (RaftServerImpl.java:<init>(93)) - b892e876-f5ae-410a-9dfd-4f07fd940729: new RaftServerImpl for group-B1087F5A003E:[b892e876-f5ae-410a-9dfd-4f07fd940729:192.168.36.79:42750] with ContainerStateMachine:uninitialized
2019-09-20 08:44:17,336 [pool-27-thread-1] INFO  server.RaftServerConfigKeys (ConfUtils.java:logGet(43)) - raft.server.rpc.timeout.min = 5s (custom)
2019-09-20 08:44:17,336 [pool-27-thread-1] INFO  server.RaftServerConfigKeys (ConfUtils.java:logGet(43)) - raft.server.rpc.timeout.max = 5200ms (custom)
2019-09-20 08:44:17,336 [pool-27-thread-1] INFO  server.RaftServerConfigKeys (ConfUtils.java:logGet(43)) - raft.server.rpcslowness.timeout = 120s (custom)
2019-09-20 08:44:17,336 [pool-27-thread-1] INFO  server.RaftServerConfigKeys (ConfUtils.java:logGet(43)) - raft.server.sleep.deviation.threshold = 300 (default)
2019-09-20 08:44:17,336 [pool-27-thread-1] INFO  server.RaftServerConfigKeys (ConfUtils.java:logGet(43)) - raft.server.log.appender.install.snapshot.enabled = false (custom)
2019-09-20 08:44:17,336 [pool-27-thread-1] INFO  impl.RaftServerImpl (ServerState.java:<init>(105)) - b892e876-f5ae-410a-9dfd-4f07fd940729:group-B1087F5A003E ConfigurationManager, init=-1: [b892e876-f5ae-410a-9dfd-4f07fd940729:192.168.36.79:42750], old=null, confs=<EMPTY_MAP>
2019-09-20 08:44:17,337 [pool-27-thread-1] INFO  server.RaftServerConfigKeys (ConfUtils.java:logGet(43)) - raft.server.storage.dir = [/workdir/hadoop-ozone/ozonefs/target/test-dir/MiniOzoneClusterImpl-84b7649f-0e5d-4ae2-b324-047deb1fece8/datanode-0/data/ratis] (custom)
2019-09-20 08:44:17,337 [pool-27-thread-1] INFO  storage.RaftStorageDirectory (RaftStorageDirectory.java:analyzeStorage(246)) - The storage directory /workdir/hadoop-ozone/ozonefs/target/test-dir/MiniOzoneClusterImpl-84b7649f-0e5d-4ae2-b324-047deb1fece8/datanode-0/data/ratis/c347adfb-afc8-4d03-a0f9-b1087f5a003e does not exist. Creating ...
2019-09-20 08:44:17,379 [pool-27-thread-1] INFO  storage.RaftStorageDirectory (RaftStorageDirectory.java:tryLock(328)) - Lock on /workdir/hadoop-ozone/ozonefs/target/test-dir/MiniOzoneClusterImpl-84b7649f-0e5d-4ae2-b324-047deb1fece8/datanode-0/data/ratis/c347adfb-afc8-4d03-a0f9-b1087f5a003e/in_use.lock acquired by nodename 5807@pr-hdds-1569-s8kj2-2266485376
2019-09-20 08:44:17,380 | INFO  | OMAudit | user=jenkins1000 | ip=127.0.0.1 | op=CREATE_DIRECTORY {volume=volume58442, bucket=bucket72129, key=test, dataSize=0, replicationType=null, replicationFactor=null, keyLocationInfo=null} | ret=SUCCESS |  
2019-09-20 08:44:17,443 [pool-27-thread-1] INFO  storage.RaftStorage (RaftStorage.java:format(72)) - Storage directory /workdir/hadoop-ozone/ozonefs/target/test-dir/MiniOzoneClusterImpl-84b7649f-0e5d-4ae2-b324-047deb1fece8/datanode-0/data/ratis/c347adfb-afc8-4d03-a0f9-b1087f5a003e has been successfully formatted.
2019-09-20 08:44:17,444 [pool-27-thread-1] INFO  ratis.ContainerStateMachine (ContainerStateMachine.java:loadSnapshot(226)) - group-B1087F5A003E: The snapshot info is null. Setting the last applied indexto:(t:0, i:~)
2019-09-20 08:44:17,445 [pool-27-thread-1] INFO  server.RaftServerConfigKeys (ConfUtils.java:logGet(43)) - raft.server.leader.election.timeout = 120s (custom)
2019-09-20 08:44:17,445 [pool-27-thread-1] INFO  server.RaftServerConfigKeys (ConfUtils.java:logGet(43)) - raft.server.log.use.memory = false (default)
2019-09-20 08:44:17,445 [pool-27-thread-1] INFO  server.RaftServerConfigKeys (ConfUtils.java:logGet(43)) - raft.server.log.purge.gap = 1000000 (custom)
2019-09-20 08:44:17,445 [pool-27-thread-1] INFO  server.RaftServerConfigKeys (ConfUtils.java:logGet(43)) - raft.server.log.appender.buffer.byte-limit = 33554432 (custom)
2019-09-20 08:44:17,445 [pool-27-thread-1] INFO  server.RaftServerConfigKeys (ConfUtils.java:logGet(43)) - raft.server.log.segment.size.max = 1048576 (custom)
2019-09-20 08:44:17,446 [pool-27-thread-1] INFO  server.RaftServerConfigKeys (ConfUtils.java:logGet(43)) - raft.server.log.segment.cache.num.max = 2 (custom)
2019-09-20 08:44:17,446 [pool-27-thread-1] INFO  segmented.SegmentedRaftLogWorker (SegmentedRaftLogWorker.java:<init>(172)) - new b892e876-f5ae-410a-9dfd-4f07fd940729-SegmentedRaftLogWorker:Storage Directory /workdir/hadoop-ozone/ozonefs/target/test-dir/MiniOzoneClusterImpl-84b7649f-0e5d-4ae2-b324-047deb1fece8/datanode-0/data/ratis/c347adfb-afc8-4d03-a0f9-b1087f5a003e for RaftStorage:Storage Directory /workdir/hadoop-ozone/ozonefs/target/test-dir/MiniOzoneClusterImpl-84b7649f-0e5d-4ae2-b324-047deb1fece8/datanode-0/data/ratis/c347adfb-afc8-4d03-a0f9-b1087f5a003e
2019-09-20 08:44:17,446 [pool-27-thread-1] INFO  server.RaftServerConfigKeys (ConfUtils.java:logGet(43)) - raft.server.log.queue.byte-limit = 2147483647 (custom)
2019-09-20 08:44:17,446 [pool-27-thread-1] INFO  server.RaftServerConfigKeys (ConfUtils.java:logGet(43)) - raft.server.log.queue.element-limit = 1024 (custom)
2019-09-20 08:44:17,446 [pool-27-thread-1] INFO  server.RaftServerConfigKeys (ConfUtils.java:logGet(43)) - raft.server.log.segment.size.max = 1048576 (custom)
2019-09-20 08:44:17,447 [pool-27-thread-1] INFO  server.RaftServerConfigKeys (ConfUtils.java:logGet(43)) - raft.server.log.preallocated.size = 16384 (custom)
2019-09-20 08:44:17,447 [pool-27-thread-1] INFO  server.RaftServerConfigKeys (ConfUtils.java:logGet(43)) - raft.server.log.write.buffer.size = 33554432 (custom)
2019-09-20 08:44:17,447 [pool-27-thread-1] INFO  server.RaftServerConfigKeys (ConfUtils.java:logGet(43)) - raft.server.log.force.sync.num = 128 (default)
2019-09-20 08:44:17,447 [pool-27-thread-1] INFO  server.RaftServerConfigKeys (ConfUtils.java:logGet(43)) - raft.server.log.statemachine.data.sync = true (default)
2019-09-20 08:44:17,447 [pool-27-thread-1] INFO  server.RaftServerConfigKeys (ConfUtils.java:logGet(43)) - raft.server.log.statemachine.data.sync.timeout = 10s (default)
2019-09-20 08:44:17,448 [pool-27-thread-1] INFO  server.RaftServerConfigKeys (ConfUtils.java:logGet(43)) - raft.server.log.statemachine.data.sync.timeout.retry = -1 (default)
2019-09-20 08:44:17,448 [pool-27-thread-1] INFO  server.RaftServerConfigKeys (ConfUtils.java:logGet(43)) - raft.server.log.statemachine.data.caching.enabled = true (custom)
2019-09-20 08:44:17,458 [pool-27-thread-1] INFO  segmented.SegmentedRaftLogWorker (SegmentedRaftLogWorker.java:lambda$new$0(132)) - b892e876-f5ae-410a-9dfd-4f07fd940729-SegmentedRaftLogWorker:Storage Directory /workdir/hadoop-ozone/ozonefs/target/test-dir/MiniOzoneClusterImpl-84b7649f-0e5d-4ae2-b324-047deb1fece8/datanode-0/data/ratis/c347adfb-afc8-4d03-a0f9-b1087f5a003e: flushIndex: setUnconditionally 0 -> -1
2019-09-20 08:44:17,459 [pool-27-thread-1] INFO  server.RaftServerConfigKeys (ConfUtils.java:logGet(43)) - raft.server.snapshot.auto.trigger.enabled = true (custom)
2019-09-20 08:44:17,459 | INFO  | SCMAudit | user=jenkins1000 | ip=192.168.36.79 | op=SEND_HEARTBEAT {datanodeUUID=75feff7d-6f48-4002-b580-45a21ea734c6, command=[]} | ret=SUCCESS |  
2019-09-20 08:44:17,459 [pool-27-thread-1] INFO  server.RaftServerConfigKeys (ConfUtils.java:logGet(43)) - raft.server.snapshot.auto.trigger.threshold = 10000 (custom)
2019-09-20 08:44:17,459 [pool-27-thread-1] INFO  server.RaftServerConfigKeys (ConfUtils.java:logGet(43)) - raft.server.retrycache.expirytime = 600000ms (custom)
2019-09-20 08:44:17,460 [pool-27-thread-1] INFO  impl.RaftServerImpl (RaftServerImpl.java:start(180)) - b892e876-f5ae-410a-9dfd-4f07fd940729: start group-B1087F5A003E
2019-09-20 08:44:17,460 [pool-27-thread-1] INFO  impl.RaftServerImpl (RaftServerImpl.java:setRole(171)) - b892e876-f5ae-410a-9dfd-4f07fd940729:group-B1087F5A003E changes role from null to FOLLOWER at term 0 for startAsFollower
2019-09-20 08:44:17,460 [pool-27-thread-1] INFO  impl.RoleInfo (RoleInfo.java:updateAndGet(143)) - b892e876-f5ae-410a-9dfd-4f07fd940729: start FollowerState
2019-09-20 08:44:17,461 [pool-27-thread-1] INFO  util.JmxRegister (JmxRegister.java:tryRegister(44)) - Successfully registered JMX Bean with object name Ratis:service=RaftServer,group=group-B1087F5A003E,id=b892e876-f5ae-410a-9dfd-4f07fd940729
2019-09-20 08:44:17,475 | INFO  | SCMAudit | user=jenkins1000 | ip=192.168.36.79 | op=SEND_HEARTBEAT {datanodeUUID=b892e876-f5ae-410a-9dfd-4f07fd940729, command=[]} | ret=SUCCESS |  
2019-09-20 08:44:17,481 | INFO  | SCMAudit | user=jenkins1000 | ip=192.168.36.79 | op=SEND_HEARTBEAT {datanodeUUID=aa30552f-ad30-4fe7-9018-411c04218958, command=[]} | ret=SUCCESS |  
2019-09-20 08:44:17,481 [RatisPipelineUtilsThread] INFO  pipeline.PipelineStateManager (PipelineStateManager.java:addPipeline(56)) - Created pipeline Pipeline[ Id: c347adfb-afc8-4d03-a0f9-b1087f5a003e, Nodes: b892e876-f5ae-410a-9dfd-4f07fd940729{ip: 192.168.36.79, host: pr-hdds-1569-s8kj2-2266485376, networkLocation: /default-rack, certSerialId: null}, Type:RATIS, Factor:ONE, State:OPEN]
2019-09-20 08:44:17,482 [RatisPipelineUtilsThread] INFO  pipeline.PipelinePlacementPolicy (PipelinePlacementPolicy.java:meetCriteria(91)) - Pipeline Placement: Doesn't meet the criteria to be viable node： b892e876-f5ae-410a-9dfd-4f07fd940729 Heaviness: 6 limit: 5
2019-09-20 08:44:17,487 | INFO  | OMAudit | user=jenkins1000 | ip=127.0.0.1 | op=CREATE_DIRECTORY {volume=volume58442, bucket=bucket72129, key=test/ITestOzoneContractDistCp/testUpdateDeepDirectoryStructureNoChange/remote, dataSize=0, replicationType=null, replicationFactor=null, keyLocationInfo=null} | ret=SUCCESS |  
2019-09-20 08:44:17,494 [grpc-default-executor-0] INFO  impl.RaftServerProxy (RaftServerProxy.java:addNew(89)) - 9123b815-6bfa-48f7-ade2-b84cdc033afa: addNew group-1C637496C042:[9123b815-6bfa-48f7-ade2-b84cdc033afa:192.168.36.79:38300] returns group-1C637496C042:java.util.concurrent.CompletableFuture@4df260ac[Not completed]
2019-09-20 08:44:17,496 [pool-49-thread-1] INFO  impl.RaftServerImpl (RaftServerImpl.java:<init>(93)) - 9123b815-6bfa-48f7-ade2-b84cdc033afa: new RaftServerImpl for group-1C637496C042:[9123b815-6bfa-48f7-ade2-b84cdc033afa:192.168.36.79:38300] with ContainerStateMachine:uninitialized
2019-09-20 08:44:17,496 [pool-49-thread-1] INFO  server.RaftServerConfigKeys (ConfUtils.java:logGet(43)) - raft.server.rpc.timeout.min = 5s (custom)
2019-09-20 08:44:17,496 [pool-49-thread-1] INFO  server.RaftServerConfigKeys (ConfUtils.java:logGet(43)) - raft.server.rpc.timeout.max = 5200ms (custom)
2019-09-20 08:44:17,496 [pool-49-thread-1] INFO  server.RaftServerConfigKeys (ConfUtils.java:logGet(43)) - raft.server.rpcslowness.timeout = 120s (custom)
2019-09-20 08:44:17,496 [pool-49-thread-1] INFO  server.RaftServerConfigKeys (ConfUtils.java:logGet(43)) - raft.server.sleep.deviation.threshold = 300 (default)
2019-09-20 08:44:17,497 [pool-49-thread-1] INFO  server.RaftServerConfigKeys (ConfUtils.java:logGet(43)) - raft.server.log.appender.install.snapshot.enabled = false (custom)
2019-09-20 08:44:17,497 [pool-49-thread-1] INFO  impl.RaftServerImpl (ServerState.java:<init>(105)) - 9123b815-6bfa-48f7-ade2-b84cdc033afa:group-1C637496C042 ConfigurationManager, init=-1: [9123b815-6bfa-48f7-ade2-b84cdc033afa:192.168.36.79:38300], old=null, confs=<EMPTY_MAP>
2019-09-20 08:44:17,497 [pool-49-thread-1] INFO  server.RaftServerConfigKeys (ConfUtils.java:logGet(43)) - raft.server.storage.dir = [/workdir/hadoop-ozone/ozonefs/target/test-dir/MiniOzoneClusterImpl-84b7649f-0e5d-4ae2-b324-047deb1fece8/datanode-2/data/ratis] (custom)
2019-09-20 08:44:17,497 [pool-49-thread-1] INFO  storage.RaftStorageDirectory (RaftStorageDirectory.java:analyzeStorage(246)) - The storage directory /workdir/hadoop-ozone/ozonefs/target/test-dir/MiniOzoneClusterImpl-84b7649f-0e5d-4ae2-b324-047deb1fece8/datanode-2/data/ratis/f87181f6-ae93-4746-a7b8-1c637496c042 does not exist. Creating ...
2019-09-20 08:44:17,497 | INFO  | OMAudit | user=jenkins1000 | ip=127.0.0.1 | op=GET_FILE_STATUS {volume=volume58442, bucket=bucket72129, key=test/ITestOzoneContractDistCp/testUpdateDeepDirectoryStructureNoChange/remote, dataSize=0, replicationType=null, replicationFactor=null, keyLocationInfo=null} | ret=SUCCESS |  
2019-09-20 08:44:17,513 | INFO  | OMAudit | user=jenkins1000 | ip=127.0.0.1 | op=GET_FILE_STATUS {volume=volume58442, bucket=bucket72129, key=test/ITestOzoneContractDistCp/testUpdateDeepDirectoryStructureNoChange/remote, dataSize=0, replicationType=null, replicationFactor=null, keyLocationInfo=null} | ret=SUCCESS |  
2019-09-20 08:44:17,520 [pool-49-thread-1] INFO  storage.RaftStorageDirectory (RaftStorageDirectory.java:tryLock(328)) - Lock on /workdir/hadoop-ozone/ozonefs/target/test-dir/MiniOzoneClusterImpl-84b7649f-0e5d-4ae2-b324-047deb1fece8/datanode-2/data/ratis/f87181f6-ae93-4746-a7b8-1c637496c042/in_use.lock acquired by nodename 5807@pr-hdds-1569-s8kj2-2266485376
2019-09-20 08:44:17,523 | INFO  | OMAudit | user=jenkins1000 | ip=127.0.0.1 | op=LIST_KEYS {volume=volume58442, bucket=bucket72129, startKey=, maxKeys=1000, keyPrefix=test/ITestOzoneContractDistCp/testUpdateDeepDirectoryStructureNoChange/remote/} | ret=SUCCESS |  
2019-09-20 08:44:17,527 [Thread-207] INFO  container.ReplicationManager (ReplicationManager.java:start(151)) - Starting Replication Monitor Thread.
2019-09-20 08:44:17,531 [ReplicationMonitor] INFO  container.ReplicationManager (ReplicationManager.java:run(214)) - Replication Monitor Thread took 1 milliseconds for processing 0 containers.
2019-09-20 08:44:17,533 | INFO  | OMAudit | user=jenkins1000 | ip=127.0.0.1 | op=DELETE_KEY {volume=volume58442, bucket=bucket72129, key=test/ITestOzoneContractDistCp/testUpdateDeepDirectoryStructureNoChange/remote/, dataSize=0, replicationType=null, replicationFactor=null, keyLocationInfo=null} | ret=SUCCESS |  
2019-09-20 08:44:17,536 | INFO  | OMAudit | user=jenkins1000 | ip=127.0.0.1 | op=LIST_KEYS {volume=volume58442, bucket=bucket72129, startKey=test/ITestOzoneContractDistCp/testUpdateDeepDirectoryStructureNoChange/remote/, maxKeys=1000, keyPrefix=test/ITestOzoneContractDistCp/testUpdateDeepDirectoryStructureNoChange/remote/} | ret=SUCCESS |  
2019-09-20 08:44:17,539 | ERROR | OMAudit | user=jenkins1000 | ip=127.0.0.1 | op=GET_FILE_STATUS {volume=volume58442, bucket=bucket72129, key=test/ITestOzoneContractDistCp/testUpdateDeepDirectoryStructureNoChange, dataSize=0, replicationType=null, replicationFactor=null, keyLocationInfo=null} | ret=FAILURE | FILE_NOT_FOUND org.apache.hadoop.ozone.om.exceptions.OMException: Unable to get file status: volume: volume58442 bucket: bucket72129 key: test/ITestOzoneContractDistCp/testUpdateDeepDirectoryStructureNoChange
	at org.apache.hadoop.ozone.om.KeyManagerImpl.getFileStatus(KeyManagerImpl.java:1655)
	at org.apache.hadoop.ozone.om.OzoneManager.getFileStatus(OzoneManager.java:2868) 
2019-09-20 08:44:17,541 [pool-49-thread-1] INFO  storage.RaftStorage (RaftStorage.java:format(72)) - Storage directory /workdir/hadoop-ozone/ozonefs/target/test-dir/MiniOzoneClusterImpl-84b7649f-0e5d-4ae2-b324-047deb1fece8/datanode-2/data/ratis/f87181f6-ae93-4746-a7b8-1c637496c042 has been successfully formatted.
2019-09-20 08:44:17,541 [pool-49-thread-1] INFO  ratis.ContainerStateMachine (ContainerStateMachine.java:loadSnapshot(226)) - group-1C637496C042: The snapshot info is null. Setting the last applied indexto:(t:0, i:~)
2019-09-20 08:44:17,542 [pool-49-thread-1] INFO  server.RaftServerConfigKeys (ConfUtils.java:logGet(43)) - raft.server.leader.election.timeout = 120s (custom)
2019-09-20 08:44:17,543 [pool-49-thread-1] INFO  server.RaftServerConfigKeys (ConfUtils.java:logGet(43)) - raft.server.log.use.memory = false (default)
2019-09-20 08:44:17,543 [pool-49-thread-1] INFO  server.RaftServerConfigKeys (ConfUtils.java:logGet(43)) - raft.server.log.purge.gap = 1000000 (custom)
2019-09-20 08:44:17,543 [pool-49-thread-1] INFO  server.RaftServerConfigKeys (ConfUtils.java:logGet(43)) - raft.server.log.appender.buffer.byte-limit = 33554432 (custom)
2019-09-20 08:44:17,543 [pool-49-thread-1] INFO  server.RaftServerConfigKeys (ConfUtils.java:logGet(43)) - raft.server.log.segment.size.max = 1048576 (custom)
2019-09-20 08:44:17,543 [pool-49-thread-1] INFO  server.RaftServerConfigKeys (ConfUtils.java:logGet(43)) - raft.server.log.segment.cache.num.max = 2 (custom)
2019-09-20 08:44:17,543 [pool-49-thread-1] INFO  segmented.SegmentedRaftLogWorker (SegmentedRaftLogWorker.java:<init>(172)) - new 9123b815-6bfa-48f7-ade2-b84cdc033afa-SegmentedRaftLogWorker:Storage Directory /workdir/hadoop-ozone/ozonefs/target/test-dir/MiniOzoneClusterImpl-84b7649f-0e5d-4ae2-b324-047deb1fece8/datanode-2/data/ratis/f87181f6-ae93-4746-a7b8-1c637496c042 for RaftStorage:Storage Directory /workdir/hadoop-ozone/ozonefs/target/test-dir/MiniOzoneClusterImpl-84b7649f-0e5d-4ae2-b324-047deb1fece8/datanode-2/data/ratis/f87181f6-ae93-4746-a7b8-1c637496c042
2019-09-20 08:44:17,543 [pool-49-thread-1] INFO  server.RaftServerConfigKeys (ConfUtils.java:logGet(43)) - raft.server.log.queue.byte-limit = 2147483647 (custom)
2019-09-20 08:44:17,543 [pool-49-thread-1] INFO  server.RaftServerConfigKeys (ConfUtils.java:logGet(43)) - raft.server.log.queue.element-limit = 1024 (custom)
2019-09-20 08:44:17,544 [pool-49-thread-1] INFO  server.RaftServerConfigKeys (ConfUtils.java:logGet(43)) - raft.server.log.segment.size.max = 1048576 (custom)
2019-09-20 08:44:17,544 [pool-49-thread-1] INFO  server.RaftServerConfigKeys (ConfUtils.java:logGet(43)) - raft.server.log.preallocated.size = 16384 (custom)
2019-09-20 08:44:17,544 [pool-49-thread-1] INFO  server.RaftServerConfigKeys (ConfUtils.java:logGet(43)) - raft.server.log.write.buffer.size = 33554432 (custom)
2019-09-20 08:44:17,544 [pool-49-thread-1] INFO  server.RaftServerConfigKeys (ConfUtils.java:logGet(43)) - raft.server.log.force.sync.num = 128 (default)
2019-09-20 08:44:17,544 [pool-49-thread-1] INFO  server.RaftServerConfigKeys (ConfUtils.java:logGet(43)) - raft.server.log.statemachine.data.sync = true (default)
2019-09-20 08:44:17,544 [pool-49-thread-1] INFO  server.RaftServerConfigKeys (ConfUtils.java:logGet(43)) - raft.server.log.statemachine.data.sync.timeout = 10s (default)
2019-09-20 08:44:17,544 [pool-49-thread-1] INFO  server.RaftServerConfigKeys (ConfUtils.java:logGet(43)) - raft.server.log.statemachine.data.sync.timeout.retry = -1 (default)
2019-09-20 08:44:17,544 [pool-49-thread-1] INFO  server.RaftServerConfigKeys (ConfUtils.java:logGet(43)) - raft.server.log.statemachine.data.caching.enabled = true (custom)
2019-09-20 08:44:17,545 [pool-49-thread-1] INFO  segmented.SegmentedRaftLogWorker (SegmentedRaftLogWorker.java:lambda$new$0(132)) - 9123b815-6bfa-48f7-ade2-b84cdc033afa-SegmentedRaftLogWorker:Storage Directory /workdir/hadoop-ozone/ozonefs/target/test-dir/MiniOzoneClusterImpl-84b7649f-0e5d-4ae2-b324-047deb1fece8/datanode-2/data/ratis/f87181f6-ae93-4746-a7b8-1c637496c042: flushIndex: setUnconditionally 0 -> -1
2019-09-20 08:44:17,545 | INFO  | OMAudit | user=jenkins1000 | ip=127.0.0.1 | op=CREATE_DIRECTORY {volume=volume58442, bucket=bucket72129, key=test/ITestOzoneContractDistCp/testUpdateDeepDirectoryStructureNoChange/, dataSize=0, replicationType=null, replicationFactor=null, keyLocationInfo=null} | ret=SUCCESS |  
2019-09-20 08:44:17,545 [pool-49-thread-1] INFO  server.RaftServerConfigKeys (ConfUtils.java:logGet(43)) - raft.server.snapshot.auto.trigger.enabled = true (custom)
2019-09-20 08:44:17,545 [pool-49-thread-1] INFO  server.RaftServerConfigKeys (ConfUtils.java:logGet(43)) - raft.server.snapshot.auto.trigger.threshold = 10000 (custom)
2019-09-20 08:44:17,545 [pool-49-thread-1] INFO  server.RaftServerConfigKeys (ConfUtils.java:logGet(43)) - raft.server.retrycache.expirytime = 600000ms (custom)
2019-09-20 08:44:17,545 [pool-49-thread-1] INFO  impl.RaftServerImpl (RaftServerImpl.java:start(180)) - 9123b815-6bfa-48f7-ade2-b84cdc033afa: start group-1C637496C042
2019-09-20 08:44:17,546 [pool-49-thread-1] INFO  impl.RaftServerImpl (RaftServerImpl.java:setRole(171)) - 9123b815-6bfa-48f7-ade2-b84cdc033afa:group-1C637496C042 changes role from null to FOLLOWER at term 0 for startAsFollower
2019-09-20 08:44:17,546 [pool-49-thread-1] INFO  impl.RoleInfo (RoleInfo.java:updateAndGet(143)) - 9123b815-6bfa-48f7-ade2-b84cdc033afa: start FollowerState
2019-09-20 08:44:17,546 [pool-49-thread-1] INFO  util.JmxRegister (JmxRegister.java:tryRegister(44)) - Successfully registered JMX Bean with object name Ratis:service=RaftServer,group=group-1C637496C042,id=9123b815-6bfa-48f7-ade2-b84cdc033afa
2019-09-20 08:44:17,547 [Thread-235] INFO  contract.AbstractFSContractTestBase (AbstractFSContractTestBase.java:describe(255)) - update an unchanged directory structure from local to remote; expect no copy
2019-09-20 08:44:17,552 [RatisPipelineUtilsThread] INFO  pipeline.PipelineStateManager (PipelineStateManager.java:addPipeline(56)) - Created pipeline Pipeline[ Id: f87181f6-ae93-4746-a7b8-1c637496c042, Nodes: 9123b815-6bfa-48f7-ade2-b84cdc033afa{ip: 192.168.36.79, host: pr-hdds-1569-s8kj2-2266485376, networkLocation: /default-rack, certSerialId: null}, Type:RATIS, Factor:ONE, State:OPEN]
2019-09-20 08:44:17,553 [RatisPipelineUtilsThread] INFO  pipeline.PipelinePlacementPolicy (PipelinePlacementPolicy.java:meetCriteria(91)) - Pipeline Placement: Doesn't meet the criteria to be viable node： b892e876-f5ae-410a-9dfd-4f07fd940729 Heaviness: 6 limit: 5
2019-09-20 08:44:17,553 [RatisPipelineUtilsThread] INFO  pipeline.PipelinePlacementPolicy (PipelinePlacementPolicy.java:meetCriteria(91)) - Pipeline Placement: Doesn't meet the criteria to be viable node： 9123b815-6bfa-48f7-ade2-b84cdc033afa Heaviness: 6 limit: 5
2019-09-20 08:44:17,611 [grpc-default-executor-0] INFO  impl.RaftServerProxy (RaftServerProxy.java:addNew(89)) - aa30552f-ad30-4fe7-9018-411c04218958: addNew group-973A3080FDD1:[aa30552f-ad30-4fe7-9018-411c04218958:192.168.36.79:43863] returns group-973A3080FDD1:java.util.concurrent.CompletableFuture@3f79e6cc[Not completed]
2019-09-20 08:44:17,618 [pool-71-thread-1] INFO  impl.RaftServerImpl (RaftServerImpl.java:<init>(93)) - aa30552f-ad30-4fe7-9018-411c04218958: new RaftServerImpl for group-973A3080FDD1:[aa30552f-ad30-4fe7-9018-411c04218958:192.168.36.79:43863] with ContainerStateMachine:uninitialized
2019-09-20 08:44:17,618 [pool-71-thread-1] INFO  server.RaftServerConfigKeys (ConfUtils.java:logGet(43)) - raft.server.rpc.timeout.min = 5s (custom)
2019-09-20 08:44:17,618 [pool-71-thread-1] INFO  server.RaftServerConfigKeys (ConfUtils.java:logGet(43)) - raft.server.rpc.timeout.max = 5200ms (custom)
2019-09-20 08:44:17,619 [pool-71-thread-1] INFO  server.RaftServerConfigKeys (ConfUtils.java:logGet(43)) - raft.server.rpcslowness.timeout = 120s (custom)
2019-09-20 08:44:17,619 [pool-71-thread-1] INFO  server.RaftServerConfigKeys (ConfUtils.java:logGet(43)) - raft.server.sleep.deviation.threshold = 300 (default)
2019-09-20 08:44:17,619 [pool-71-thread-1] INFO  server.RaftServerConfigKeys (ConfUtils.java:logGet(43)) - raft.server.log.appender.install.snapshot.enabled = false (custom)
2019-09-20 08:44:17,619 [pool-71-thread-1] INFO  impl.RaftServerImpl (ServerState.java:<init>(105)) - aa30552f-ad30-4fe7-9018-411c04218958:group-973A3080FDD1 ConfigurationManager, init=-1: [aa30552f-ad30-4fe7-9018-411c04218958:192.168.36.79:43863], old=null, confs=<EMPTY_MAP>
2019-09-20 08:44:17,619 [pool-71-thread-1] INFO  server.RaftServerConfigKeys (ConfUtils.java:logGet(43)) - raft.server.storage.dir = [/workdir/hadoop-ozone/ozonefs/target/test-dir/MiniOzoneClusterImpl-84b7649f-0e5d-4ae2-b324-047deb1fece8/datanode-4/data/ratis] (custom)
2019-09-20 08:44:17,619 [pool-71-thread-1] INFO  storage.RaftStorageDirectory (RaftStorageDirectory.java:analyzeStorage(246)) - The storage directory /workdir/hadoop-ozone/ozonefs/target/test-dir/MiniOzoneClusterImpl-84b7649f-0e5d-4ae2-b324-047deb1fece8/datanode-4/data/ratis/5096085c-79a1-49ed-8ac6-973a3080fdd1 does not exist. Creating ...
2019-09-20 08:44:17,646 [pool-71-thread-1] INFO  storage.RaftStorageDirectory (RaftStorageDirectory.java:tryLock(328)) - Lock on /workdir/hadoop-ozone/ozonefs/target/test-dir/MiniOzoneClusterImpl-84b7649f-0e5d-4ae2-b324-047deb1fece8/datanode-4/data/ratis/5096085c-79a1-49ed-8ac6-973a3080fdd1/in_use.lock acquired by nodename 5807@pr-hdds-1569-s8kj2-2266485376
2019-09-20 08:44:17,663 [pool-71-thread-1] INFO  storage.RaftStorage (RaftStorage.java:format(72)) - Storage directory /workdir/hadoop-ozone/ozonefs/target/test-dir/MiniOzoneClusterImpl-84b7649f-0e5d-4ae2-b324-047deb1fece8/datanode-4/data/ratis/5096085c-79a1-49ed-8ac6-973a3080fdd1 has been successfully formatted.
2019-09-20 08:44:17,663 [pool-71-thread-1] INFO  ratis.ContainerStateMachine (ContainerStateMachine.java:loadSnapshot(226)) - group-973A3080FDD1: The snapshot info is null. Setting the last applied indexto:(t:0, i:~)
2019-09-20 08:44:17,663 [pool-71-thread-1] INFO  server.RaftServerConfigKeys (ConfUtils.java:logGet(43)) - raft.server.leader.election.timeout = 120s (custom)
2019-09-20 08:44:17,664 [pool-71-thread-1] INFO  server.RaftServerConfigKeys (ConfUtils.java:logGet(43)) - raft.server.log.use.memory = false (default)
2019-09-20 08:44:17,664 [pool-71-thread-1] INFO  server.RaftServerConfigKeys (ConfUtils.java:logGet(43)) - raft.server.log.purge.gap = 1000000 (custom)
2019-09-20 08:44:17,664 [pool-71-thread-1] INFO  server.RaftServerConfigKeys (ConfUtils.java:logGet(43)) - raft.server.log.appender.buffer.byte-limit = 33554432 (custom)
2019-09-20 08:44:17,664 [pool-71-thread-1] INFO  server.RaftServerConfigKeys (ConfUtils.java:logGet(43)) - raft.server.log.segment.size.max = 1048576 (custom)
2019-09-20 08:44:17,664 [pool-71-thread-1] INFO  server.RaftServerConfigKeys (ConfUtils.java:logGet(43)) - raft.server.log.segment.cache.num.max = 2 (custom)
2019-09-20 08:44:17,665 [pool-71-thread-1] INFO  segmented.SegmentedRaftLogWorker (SegmentedRaftLogWorker.java:<init>(172)) - new aa30552f-ad30-4fe7-9018-411c04218958-SegmentedRaftLogWorker:Storage Directory /workdir/hadoop-ozone/ozonefs/target/test-dir/MiniOzoneClusterImpl-84b7649f-0e5d-4ae2-b324-047deb1fece8/datanode-4/data/ratis/5096085c-79a1-49ed-8ac6-973a3080fdd1 for RaftStorage:Storage Directory /workdir/hadoop-ozone/ozonefs/target/test-dir/MiniOzoneClusterImpl-84b7649f-0e5d-4ae2-b324-047deb1fece8/datanode-4/data/ratis/5096085c-79a1-49ed-8ac6-973a3080fdd1
2019-09-20 08:44:17,665 [pool-71-thread-1] INFO  server.RaftServerConfigKeys (ConfUtils.java:logGet(43)) - raft.server.log.queue.byte-limit = 2147483647 (custom)
2019-09-20 08:44:17,669 [pool-71-thread-1] INFO  server.RaftServerConfigKeys (ConfUtils.java:logGet(43)) - raft.server.log.queue.element-limit = 1024 (custom)
2019-09-20 08:44:17,670 [pool-71-thread-1] INFO  server.RaftServerConfigKeys (ConfUtils.java:logGet(43)) - raft.server.log.segment.size.max = 1048576 (custom)
2019-09-20 08:44:17,670 [pool-71-thread-1] INFO  server.RaftServerConfigKeys (ConfUtils.java:logGet(43)) - raft.server.log.preallocated.size = 16384 (custom)
2019-09-20 08:44:17,670 [pool-71-thread-1] INFO  server.RaftServerConfigKeys (ConfUtils.java:logGet(43)) - raft.server.log.write.buffer.size = 33554432 (custom)
2019-09-20 08:44:17,670 [pool-71-thread-1] INFO  server.RaftServerConfigKeys (ConfUtils.java:logGet(43)) - raft.server.log.force.sync.num = 128 (default)
2019-09-20 08:44:17,670 [pool-71-thread-1] INFO  server.RaftServerConfigKeys (ConfUtils.java:logGet(43)) - raft.server.log.statemachine.data.sync = true (default)
2019-09-20 08:44:17,671 [pool-71-thread-1] INFO  server.RaftServerConfigKeys (ConfUtils.java:logGet(43)) - raft.server.log.statemachine.data.sync.timeout = 10s (default)
2019-09-20 08:44:17,671 [pool-71-thread-1] INFO  server.RaftServerConfigKeys (ConfUtils.java:logGet(43)) - raft.server.log.statemachine.data.sync.timeout.retry = -1 (default)
2019-09-20 08:44:17,671 [pool-71-thread-1] INFO  server.RaftServerConfigKeys (ConfUtils.java:logGet(43)) - raft.server.log.statemachine.data.caching.enabled = true (custom)
2019-09-20 08:44:17,672 [pool-71-thread-1] INFO  segmented.SegmentedRaftLogWorker (SegmentedRaftLogWorker.java:lambda$new$0(132)) - aa30552f-ad30-4fe7-9018-411c04218958-SegmentedRaftLogWorker:Storage Directory /workdir/hadoop-ozone/ozonefs/target/test-dir/MiniOzoneClusterImpl-84b7649f-0e5d-4ae2-b324-047deb1fece8/datanode-4/data/ratis/5096085c-79a1-49ed-8ac6-973a3080fdd1: flushIndex: setUnconditionally 0 -> -1
2019-09-20 08:44:17,672 [pool-71-thread-1] INFO  server.RaftServerConfigKeys (ConfUtils.java:logGet(43)) - raft.server.snapshot.auto.trigger.enabled = true (custom)
2019-09-20 08:44:17,672 [pool-71-thread-1] INFO  server.RaftServerConfigKeys (ConfUtils.java:logGet(43)) - raft.server.snapshot.auto.trigger.threshold = 10000 (custom)
2019-09-20 08:44:17,672 [pool-71-thread-1] INFO  server.RaftServerConfigKeys (ConfUtils.java:logGet(43)) - raft.server.retrycache.expirytime = 600000ms (custom)
2019-09-20 08:44:17,673 [pool-71-thread-1] INFO  impl.RaftServerImpl (RaftServerImpl.java:start(180)) - aa30552f-ad30-4fe7-9018-411c04218958: start group-973A3080FDD1
2019-09-20 08:44:17,673 [pool-71-thread-1] INFO  impl.RaftServerImpl (RaftServerImpl.java:setRole(171)) - aa30552f-ad30-4fe7-9018-411c04218958:group-973A3080FDD1 changes role from null to FOLLOWER at term 0 for startAsFollower
2019-09-20 08:44:17,673 [pool-71-thread-1] INFO  impl.RoleInfo (RoleInfo.java:updateAndGet(143)) - aa30552f-ad30-4fe7-9018-411c04218958: start FollowerState
2019-09-20 08:44:17,679 [pool-71-thread-1] INFO  util.JmxRegister (JmxRegister.java:tryRegister(44)) - Successfully registered JMX Bean with object name Ratis:service=RaftServer,group=group-973A3080FDD1,id=aa30552f-ad30-4fe7-9018-411c04218958
2019-09-20 08:44:17,692 [RatisPipelineUtilsThread] INFO  pipeline.PipelineStateManager (PipelineStateManager.java:addPipeline(56)) - Created pipeline Pipeline[ Id: 5096085c-79a1-49ed-8ac6-973a3080fdd1, Nodes: aa30552f-ad30-4fe7-9018-411c04218958{ip: 192.168.36.79, host: pr-hdds-1569-s8kj2-2266485376, networkLocation: /default-rack, certSerialId: null}, Type:RATIS, Factor:ONE, State:OPEN]
2019-09-20 08:44:17,696 [RatisPipelineUtilsThread] INFO  pipeline.PipelinePlacementPolicy (PipelinePlacementPolicy.java:meetCriteria(91)) - Pipeline Placement: Doesn't meet the criteria to be viable node： b892e876-f5ae-410a-9dfd-4f07fd940729 Heaviness: 6 limit: 5
2019-09-20 08:44:17,702 [RatisPipelineUtilsThread] INFO  pipeline.PipelinePlacementPolicy (PipelinePlacementPolicy.java:meetCriteria(91)) - Pipeline Placement: Doesn't meet the criteria to be viable node： 9123b815-6bfa-48f7-ade2-b84cdc033afa Heaviness: 6 limit: 5
2019-09-20 08:44:17,722 [grpc-default-executor-0] INFO  impl.RaftServerProxy (RaftServerProxy.java:addNew(89)) - aa30552f-ad30-4fe7-9018-411c04218958: addNew group-D2503B277A97:[aa30552f-ad30-4fe7-9018-411c04218958:192.168.36.79:43863] returns group-D2503B277A97:java.util.concurrent.CompletableFuture@64f7af95[Not completed]
2019-09-20 08:44:17,725 | INFO  | SCMAudit | user=jenkins1000 | ip=192.168.36.79 | op=SEND_HEARTBEAT {datanodeUUID=a4a73c82-9756-45ac-afed-7299ac804f25, command=[]} | ret=SUCCESS |  
2019-09-20 08:44:17,726 [pool-71-thread-1] INFO  impl.RaftServerImpl (RaftServerImpl.java:<init>(93)) - aa30552f-ad30-4fe7-9018-411c04218958: new RaftServerImpl for group-D2503B277A97:[aa30552f-ad30-4fe7-9018-411c04218958:192.168.36.79:43863] with ContainerStateMachine:uninitialized
2019-09-20 08:44:17,726 [pool-71-thread-1] INFO  server.RaftServerConfigKeys (ConfUtils.java:logGet(43)) - raft.server.rpc.timeout.min = 5s (custom)
2019-09-20 08:44:17,726 [pool-71-thread-1] INFO  server.RaftServerConfigKeys (ConfUtils.java:logGet(43)) - raft.server.rpc.timeout.max = 5200ms (custom)
2019-09-20 08:44:17,726 [pool-71-thread-1] INFO  server.RaftServerConfigKeys (ConfUtils.java:logGet(43)) - raft.server.rpcslowness.timeout = 120s (custom)
2019-09-20 08:44:17,726 [pool-71-thread-1] INFO  server.RaftServerConfigKeys (ConfUtils.java:logGet(43)) - raft.server.sleep.deviation.threshold = 300 (default)
2019-09-20 08:44:17,727 [pool-71-thread-1] INFO  server.RaftServerConfigKeys (ConfUtils.java:logGet(43)) - raft.server.log.appender.install.snapshot.enabled = false (custom)
2019-09-20 08:44:17,727 [pool-71-thread-1] INFO  impl.RaftServerImpl (ServerState.java:<init>(105)) - aa30552f-ad30-4fe7-9018-411c04218958:group-D2503B277A97 ConfigurationManager, init=-1: [aa30552f-ad30-4fe7-9018-411c04218958:192.168.36.79:43863], old=null, confs=<EMPTY_MAP>
2019-09-20 08:44:17,727 [pool-71-thread-1] INFO  server.RaftServerConfigKeys (ConfUtils.java:logGet(43)) - raft.server.storage.dir = [/workdir/hadoop-ozone/ozonefs/target/test-dir/MiniOzoneClusterImpl-84b7649f-0e5d-4ae2-b324-047deb1fece8/datanode-4/data/ratis] (custom)
2019-09-20 08:44:17,731 [pool-71-thread-1] INFO  storage.RaftStorageDirectory (RaftStorageDirectory.java:analyzeStorage(246)) - The storage directory /workdir/hadoop-ozone/ozonefs/target/test-dir/MiniOzoneClusterImpl-84b7649f-0e5d-4ae2-b324-047deb1fece8/datanode-4/data/ratis/157af384-4b28-4e89-8a13-d2503b277a97 does not exist. Creating ...
2019-09-20 08:44:17,756 [pool-71-thread-1] INFO  storage.RaftStorageDirectory (RaftStorageDirectory.java:tryLock(328)) - Lock on /workdir/hadoop-ozone/ozonefs/target/test-dir/MiniOzoneClusterImpl-84b7649f-0e5d-4ae2-b324-047deb1fece8/datanode-4/data/ratis/157af384-4b28-4e89-8a13-d2503b277a97/in_use.lock acquired by nodename 5807@pr-hdds-1569-s8kj2-2266485376
2019-09-20 08:44:17,797 [pool-71-thread-1] INFO  storage.RaftStorage (RaftStorage.java:format(72)) - Storage directory /workdir/hadoop-ozone/ozonefs/target/test-dir/MiniOzoneClusterImpl-84b7649f-0e5d-4ae2-b324-047deb1fece8/datanode-4/data/ratis/157af384-4b28-4e89-8a13-d2503b277a97 has been successfully formatted.
2019-09-20 08:44:17,797 [pool-71-thread-1] INFO  ratis.ContainerStateMachine (ContainerStateMachine.java:loadSnapshot(226)) - group-D2503B277A97: The snapshot info is null. Setting the last applied indexto:(t:0, i:~)
2019-09-20 08:44:17,797 [pool-71-thread-1] INFO  server.RaftServerConfigKeys (ConfUtils.java:logGet(43)) - raft.server.leader.election.timeout = 120s (custom)
2019-09-20 08:44:17,797 [pool-71-thread-1] INFO  server.RaftServerConfigKeys (ConfUtils.java:logGet(43)) - raft.server.log.use.memory = false (default)
2019-09-20 08:44:17,798 [pool-71-thread-1] INFO  server.RaftServerConfigKeys (ConfUtils.java:logGet(43)) - raft.server.log.purge.gap = 1000000 (custom)
2019-09-20 08:44:17,798 [pool-71-thread-1] INFO  server.RaftServerConfigKeys (ConfUtils.java:logGet(43)) - raft.server.log.appender.buffer.byte-limit = 33554432 (custom)
2019-09-20 08:44:17,798 [pool-71-thread-1] INFO  server.RaftServerConfigKeys (ConfUtils.java:logGet(43)) - raft.server.log.segment.size.max = 1048576 (custom)
2019-09-20 08:44:17,798 [pool-71-thread-1] INFO  server.RaftServerConfigKeys (ConfUtils.java:logGet(43)) - raft.server.log.segment.cache.num.max = 2 (custom)
2019-09-20 08:44:17,798 [pool-71-thread-1] INFO  segmented.SegmentedRaftLogWorker (SegmentedRaftLogWorker.java:<init>(172)) - new aa30552f-ad30-4fe7-9018-411c04218958-SegmentedRaftLogWorker:Storage Directory /workdir/hadoop-ozone/ozonefs/target/test-dir/MiniOzoneClusterImpl-84b7649f-0e5d-4ae2-b324-047deb1fece8/datanode-4/data/ratis/157af384-4b28-4e89-8a13-d2503b277a97 for RaftStorage:Storage Directory /workdir/hadoop-ozone/ozonefs/target/test-dir/MiniOzoneClusterImpl-84b7649f-0e5d-4ae2-b324-047deb1fece8/datanode-4/data/ratis/157af384-4b28-4e89-8a13-d2503b277a97
2019-09-20 08:44:17,798 [pool-71-thread-1] INFO  server.RaftServerConfigKeys (ConfUtils.java:logGet(43)) - raft.server.log.queue.byte-limit = 2147483647 (custom)
2019-09-20 08:44:17,798 [pool-71-thread-1] INFO  server.RaftServerConfigKeys (ConfUtils.java:logGet(43)) - raft.server.log.queue.element-limit = 1024 (custom)
2019-09-20 08:44:17,799 [pool-71-thread-1] INFO  server.RaftServerConfigKeys (ConfUtils.java:logGet(43)) - raft.server.log.segment.size.max = 1048576 (custom)
2019-09-20 08:44:17,799 [pool-71-thread-1] INFO  server.RaftServerConfigKeys (ConfUtils.java:logGet(43)) - raft.server.log.preallocated.size = 16384 (custom)
2019-09-20 08:44:17,799 [pool-71-thread-1] INFO  server.RaftServerConfigKeys (ConfUtils.java:logGet(43)) - raft.server.log.write.buffer.size = 33554432 (custom)
2019-09-20 08:44:17,799 [pool-71-thread-1] INFO  server.RaftServerConfigKeys (ConfUtils.java:logGet(43)) - raft.server.log.force.sync.num = 128 (default)
2019-09-20 08:44:17,799 [pool-71-thread-1] INFO  server.RaftServerConfigKeys (ConfUtils.java:logGet(43)) - raft.server.log.statemachine.data.sync = true (default)
2019-09-20 08:44:17,799 [pool-71-thread-1] INFO  server.RaftServerConfigKeys (ConfUtils.java:logGet(43)) - raft.server.log.statemachine.data.sync.timeout = 10s (default)
2019-09-20 08:44:17,799 [pool-71-thread-1] INFO  server.RaftServerConfigKeys (ConfUtils.java:logGet(43)) - raft.server.log.statemachine.data.sync.timeout.retry = -1 (default)
2019-09-20 08:44:17,800 [pool-71-thread-1] INFO  server.RaftServerConfigKeys (ConfUtils.java:logGet(43)) - raft.server.log.statemachine.data.caching.enabled = true (custom)
2019-09-20 08:44:17,800 [pool-71-thread-1] INFO  segmented.SegmentedRaftLogWorker (SegmentedRaftLogWorker.java:lambda$new$0(132)) - aa30552f-ad30-4fe7-9018-411c04218958-SegmentedRaftLogWorker:Storage Directory /workdir/hadoop-ozone/ozonefs/target/test-dir/MiniOzoneClusterImpl-84b7649f-0e5d-4ae2-b324-047deb1fece8/datanode-4/data/ratis/157af384-4b28-4e89-8a13-d2503b277a97: flushIndex: setUnconditionally 0 -> -1
2019-09-20 08:44:17,800 [pool-71-thread-1] INFO  server.RaftServerConfigKeys (ConfUtils.java:logGet(43)) - raft.server.snapshot.auto.trigger.enabled = true (custom)
2019-09-20 08:44:17,800 [pool-71-thread-1] INFO  server.RaftServerConfigKeys (ConfUtils.java:logGet(43)) - raft.server.snapshot.auto.trigger.threshold = 10000 (custom)
2019-09-20 08:44:17,801 [pool-71-thread-1] INFO  server.RaftServerConfigKeys (ConfUtils.java:logGet(43)) - raft.server.retrycache.expirytime = 600000ms (custom)
2019-09-20 08:44:17,801 [pool-71-thread-1] INFO  impl.RaftServerImpl (RaftServerImpl.java:start(180)) - aa30552f-ad30-4fe7-9018-411c04218958: start group-D2503B277A97
2019-09-20 08:44:17,801 [pool-71-thread-1] INFO  impl.RaftServerImpl (RaftServerImpl.java:setRole(171)) - aa30552f-ad30-4fe7-9018-411c04218958:group-D2503B277A97 changes role from null to FOLLOWER at term 0 for startAsFollower
2019-09-20 08:44:17,801 [pool-71-thread-1] INFO  impl.RoleInfo (RoleInfo.java:updateAndGet(143)) - aa30552f-ad30-4fe7-9018-411c04218958: start FollowerState
2019-09-20 08:44:17,802 [pool-71-thread-1] INFO  util.JmxRegister (JmxRegister.java:tryRegister(44)) - Successfully registered JMX Bean with object name Ratis:service=RaftServer,group=group-D2503B277A97,id=aa30552f-ad30-4fe7-9018-411c04218958
2019-09-20 08:44:17,806 [RatisPipelineUtilsThread] INFO  pipeline.PipelineStateManager (PipelineStateManager.java:addPipeline(56)) - Created pipeline Pipeline[ Id: 157af384-4b28-4e89-8a13-d2503b277a97, Nodes: aa30552f-ad30-4fe7-9018-411c04218958{ip: 192.168.36.79, host: pr-hdds-1569-s8kj2-2266485376, networkLocation: /default-rack, certSerialId: null}, Type:RATIS, Factor:ONE, State:OPEN]
2019-09-20 08:44:17,808 [RatisPipelineUtilsThread] INFO  pipeline.PipelinePlacementPolicy (PipelinePlacementPolicy.java:meetCriteria(91)) - Pipeline Placement: Doesn't meet the criteria to be viable node： b892e876-f5ae-410a-9dfd-4f07fd940729 Heaviness: 6 limit: 5
2019-09-20 08:44:17,808 [RatisPipelineUtilsThread] INFO  pipeline.PipelinePlacementPolicy (PipelinePlacementPolicy.java:meetCriteria(91)) - Pipeline Placement: Doesn't meet the criteria to be viable node： 9123b815-6bfa-48f7-ade2-b84cdc033afa Heaviness: 6 limit: 5
2019-09-20 08:44:17,818 [grpc-default-executor-0] INFO  impl.RaftServerProxy (RaftServerProxy.java:addNew(89)) - a4a73c82-9756-45ac-afed-7299ac804f25: addNew group-DA6A3B92B5C4:[a4a73c82-9756-45ac-afed-7299ac804f25:192.168.36.79:38495] returns group-DA6A3B92B5C4:java.util.concurrent.CompletableFuture@21c27e89[Not completed]
2019-09-20 08:44:17,819 [pool-38-thread-1] INFO  impl.RaftServerImpl (RaftServerImpl.java:<init>(93)) - a4a73c82-9756-45ac-afed-7299ac804f25: new RaftServerImpl for group-DA6A3B92B5C4:[a4a73c82-9756-45ac-afed-7299ac804f25:192.168.36.79:38495] with ContainerStateMachine:uninitialized
2019-09-20 08:44:17,819 [pool-38-thread-1] INFO  server.RaftServerConfigKeys (ConfUtils.java:logGet(43)) - raft.server.rpc.timeout.min = 5s (custom)
2019-09-20 08:44:17,819 [pool-38-thread-1] INFO  server.RaftServerConfigKeys (ConfUtils.java:logGet(43)) - raft.server.rpc.timeout.max = 5200ms (custom)
2019-09-20 08:44:17,820 [pool-38-thread-1] INFO  server.RaftServerConfigKeys (ConfUtils.java:logGet(43)) - raft.server.rpcslowness.timeout = 120s (custom)
2019-09-20 08:44:17,820 [pool-38-thread-1] INFO  server.RaftServerConfigKeys (ConfUtils.java:logGet(43)) - raft.server.sleep.deviation.threshold = 300 (default)
2019-09-20 08:44:17,820 [pool-38-thread-1] INFO  server.RaftServerConfigKeys (ConfUtils.java:logGet(43)) - raft.server.log.appender.install.snapshot.enabled = false (custom)
2019-09-20 08:44:17,820 [pool-38-thread-1] INFO  impl.RaftServerImpl (ServerState.java:<init>(105)) - a4a73c82-9756-45ac-afed-7299ac804f25:group-DA6A3B92B5C4 ConfigurationManager, init=-1: [a4a73c82-9756-45ac-afed-7299ac804f25:192.168.36.79:38495], old=null, confs=<EMPTY_MAP>
2019-09-20 08:44:17,820 [pool-38-thread-1] INFO  server.RaftServerConfigKeys (ConfUtils.java:logGet(43)) - raft.server.storage.dir = [/workdir/hadoop-ozone/ozonefs/target/test-dir/MiniOzoneClusterImpl-84b7649f-0e5d-4ae2-b324-047deb1fece8/datanode-1/data/ratis] (custom)
2019-09-20 08:44:17,820 [pool-38-thread-1] INFO  storage.RaftStorageDirectory (RaftStorageDirectory.java:analyzeStorage(246)) - The storage directory /workdir/hadoop-ozone/ozonefs/target/test-dir/MiniOzoneClusterImpl-84b7649f-0e5d-4ae2-b324-047deb1fece8/datanode-1/data/ratis/8237acfa-be23-4cc9-8748-da6a3b92b5c4 does not exist. Creating ...
2019-09-20 08:44:17,830 [Thread-235] INFO  impl.MetricsSystemImpl (MetricsSystemImpl.java:init(158)) - JobTracker metrics system started (again)
2019-09-20 08:44:17,842 [pool-38-thread-1] INFO  storage.RaftStorageDirectory (RaftStorageDirectory.java:tryLock(328)) - Lock on /workdir/hadoop-ozone/ozonefs/target/test-dir/MiniOzoneClusterImpl-84b7649f-0e5d-4ae2-b324-047deb1fece8/datanode-1/data/ratis/8237acfa-be23-4cc9-8748-da6a3b92b5c4/in_use.lock acquired by nodename 5807@pr-hdds-1569-s8kj2-2266485376
2019-09-20 08:44:17,858 [pool-38-thread-1] INFO  storage.RaftStorage (RaftStorage.java:format(72)) - Storage directory /workdir/hadoop-ozone/ozonefs/target/test-dir/MiniOzoneClusterImpl-84b7649f-0e5d-4ae2-b324-047deb1fece8/datanode-1/data/ratis/8237acfa-be23-4cc9-8748-da6a3b92b5c4 has been successfully formatted.
2019-09-20 08:44:17,864 [pool-38-thread-1] INFO  ratis.ContainerStateMachine (ContainerStateMachine.java:loadSnapshot(226)) - group-DA6A3B92B5C4: The snapshot info is null. Setting the last applied indexto:(t:0, i:~)
2019-09-20 08:44:17,865 [pool-38-thread-1] INFO  server.RaftServerConfigKeys (ConfUtils.java:logGet(43)) - raft.server.leader.election.timeout = 120s (custom)
2019-09-20 08:44:17,865 [pool-38-thread-1] INFO  server.RaftServerConfigKeys (ConfUtils.java:logGet(43)) - raft.server.log.use.memory = false (default)
2019-09-20 08:44:17,865 [pool-38-thread-1] INFO  server.RaftServerConfigKeys (ConfUtils.java:logGet(43)) - raft.server.log.purge.gap = 1000000 (custom)
2019-09-20 08:44:17,865 [pool-38-thread-1] INFO  server.RaftServerConfigKeys (ConfUtils.java:logGet(43)) - raft.server.log.appender.buffer.byte-limit = 33554432 (custom)
2019-09-20 08:44:17,865 [pool-38-thread-1] INFO  server.RaftServerConfigKeys (ConfUtils.java:logGet(43)) - raft.server.log.segment.size.max = 1048576 (custom)
2019-09-20 08:44:17,865 [pool-38-thread-1] INFO  server.RaftServerConfigKeys (ConfUtils.java:logGet(43)) - raft.server.log.segment.cache.num.max = 2 (custom)
2019-09-20 08:44:17,866 [pool-38-thread-1] INFO  segmented.SegmentedRaftLogWorker (SegmentedRaftLogWorker.java:<init>(172)) - new a4a73c82-9756-45ac-afed-7299ac804f25-SegmentedRaftLogWorker:Storage Directory /workdir/hadoop-ozone/ozonefs/target/test-dir/MiniOzoneClusterImpl-84b7649f-0e5d-4ae2-b324-047deb1fece8/datanode-1/data/ratis/8237acfa-be23-4cc9-8748-da6a3b92b5c4 for RaftStorage:Storage Directory /workdir/hadoop-ozone/ozonefs/target/test-dir/MiniOzoneClusterImpl-84b7649f-0e5d-4ae2-b324-047deb1fece8/datanode-1/data/ratis/8237acfa-be23-4cc9-8748-da6a3b92b5c4
2019-09-20 08:44:17,866 [pool-38-thread-1] INFO  server.RaftServerConfigKeys (ConfUtils.java:logGet(43)) - raft.server.log.queue.byte-limit = 2147483647 (custom)
2019-09-20 08:44:17,866 [pool-38-thread-1] INFO  server.RaftServerConfigKeys (ConfUtils.java:logGet(43)) - raft.server.log.queue.element-limit = 1024 (custom)
2019-09-20 08:44:17,866 [pool-38-thread-1] INFO  server.RaftServerConfigKeys (ConfUtils.java:logGet(43)) - raft.server.log.segment.size.max = 1048576 (custom)
2019-09-20 08:44:17,866 [pool-38-thread-1] INFO  server.RaftServerConfigKeys (ConfUtils.java:logGet(43)) - raft.server.log.preallocated.size = 16384 (custom)
2019-09-20 08:44:17,866 [pool-38-thread-1] INFO  server.RaftServerConfigKeys (ConfUtils.java:logGet(43)) - raft.server.log.write.buffer.size = 33554432 (custom)
2019-09-20 08:44:17,866 [pool-38-thread-1] INFO  server.RaftServerConfigKeys (ConfUtils.java:logGet(43)) - raft.server.log.force.sync.num = 128 (default)
2019-09-20 08:44:17,867 [pool-38-thread-1] INFO  server.RaftServerConfigKeys (ConfUtils.java:logGet(43)) - raft.server.log.statemachine.data.sync = true (default)
2019-09-20 08:44:17,867 [pool-38-thread-1] INFO  server.RaftServerConfigKeys (ConfUtils.java:logGet(43)) - raft.server.log.statemachine.data.sync.timeout = 10s (default)
2019-09-20 08:44:17,867 [pool-38-thread-1] INFO  server.RaftServerConfigKeys (ConfUtils.java:logGet(43)) - raft.server.log.statemachine.data.sync.timeout.retry = -1 (default)
2019-09-20 08:44:17,867 [pool-38-thread-1] INFO  server.RaftServerConfigKeys (ConfUtils.java:logGet(43)) - raft.server.log.statemachine.data.caching.enabled = true (custom)
2019-09-20 08:44:17,867 [pool-38-thread-1] INFO  segmented.SegmentedRaftLogWorker (SegmentedRaftLogWorker.java:lambda$new$0(132)) - a4a73c82-9756-45ac-afed-7299ac804f25-SegmentedRaftLogWorker:Storage Directory /workdir/hadoop-ozone/ozonefs/target/test-dir/MiniOzoneClusterImpl-84b7649f-0e5d-4ae2-b324-047deb1fece8/datanode-1/data/ratis/8237acfa-be23-4cc9-8748-da6a3b92b5c4: flushIndex: setUnconditionally 0 -> -1
2019-09-20 08:44:17,868 [pool-38-thread-1] INFO  server.RaftServerConfigKeys (ConfUtils.java:logGet(43)) - raft.server.snapshot.auto.trigger.enabled = true (custom)
2019-09-20 08:44:17,868 [pool-38-thread-1] INFO  server.RaftServerConfigKeys (ConfUtils.java:logGet(43)) - raft.server.snapshot.auto.trigger.threshold = 10000 (custom)
2019-09-20 08:44:17,869 [pool-38-thread-1] INFO  server.RaftServerConfigKeys (ConfUtils.java:logGet(43)) - raft.server.retrycache.expirytime = 600000ms (custom)
2019-09-20 08:44:17,871 [pool-38-thread-1] INFO  impl.RaftServerImpl (RaftServerImpl.java:start(180)) - a4a73c82-9756-45ac-afed-7299ac804f25: start group-DA6A3B92B5C4
2019-09-20 08:44:17,871 [pool-38-thread-1] INFO  impl.RaftServerImpl (RaftServerImpl.java:setRole(171)) - a4a73c82-9756-45ac-afed-7299ac804f25:group-DA6A3B92B5C4 changes role from null to FOLLOWER at term 0 for startAsFollower
2019-09-20 08:44:17,871 [pool-38-thread-1] INFO  impl.RoleInfo (RoleInfo.java:updateAndGet(143)) - a4a73c82-9756-45ac-afed-7299ac804f25: start FollowerState
2019-09-20 08:44:17,872 [pool-38-thread-1] INFO  util.JmxRegister (JmxRegister.java:tryRegister(44)) - Successfully registered JMX Bean with object name Ratis:service=RaftServer,group=group-DA6A3B92B5C4,id=a4a73c82-9756-45ac-afed-7299ac804f25
2019-09-20 08:44:17,879 [Thread-235] INFO  impl.MetricsSystemImpl (MetricsSystemImpl.java:init(158)) - JobTracker metrics system started (again)
2019-09-20 08:44:17,880 [RatisPipelineUtilsThread] INFO  pipeline.PipelineStateManager (PipelineStateManager.java:addPipeline(56)) - Created pipeline Pipeline[ Id: 8237acfa-be23-4cc9-8748-da6a3b92b5c4, Nodes: a4a73c82-9756-45ac-afed-7299ac804f25{ip: 192.168.36.79, host: pr-hdds-1569-s8kj2-2266485376, networkLocation: /default-rack, certSerialId: null}, Type:RATIS, Factor:ONE, State:OPEN]
2019-09-20 08:44:17,881 [RatisPipelineUtilsThread] INFO  pipeline.PipelinePlacementPolicy (PipelinePlacementPolicy.java:meetCriteria(91)) - Pipeline Placement: Doesn't meet the criteria to be viable node： b892e876-f5ae-410a-9dfd-4f07fd940729 Heaviness: 6 limit: 5
2019-09-20 08:44:17,881 [RatisPipelineUtilsThread] INFO  pipeline.PipelinePlacementPolicy (PipelinePlacementPolicy.java:meetCriteria(91)) - Pipeline Placement: Doesn't meet the criteria to be viable node： 9123b815-6bfa-48f7-ade2-b84cdc033afa Heaviness: 6 limit: 5
2019-09-20 08:44:17,895 [grpc-default-executor-0] INFO  impl.RaftServerProxy (RaftServerProxy.java:addNew(89)) - a4a73c82-9756-45ac-afed-7299ac804f25: addNew group-7C0284D0CEFB:[a4a73c82-9756-45ac-afed-7299ac804f25:192.168.36.79:38495] returns group-7C0284D0CEFB:java.util.concurrent.CompletableFuture@199564da[Not completed]
2019-09-20 08:44:17,897 [pool-38-thread-1] INFO  impl.RaftServerImpl (RaftServerImpl.java:<init>(93)) - a4a73c82-9756-45ac-afed-7299ac804f25: new RaftServerImpl for group-7C0284D0CEFB:[a4a73c82-9756-45ac-afed-7299ac804f25:192.168.36.79:38495] with ContainerStateMachine:uninitialized
2019-09-20 08:44:17,897 [pool-38-thread-1] INFO  server.RaftServerConfigKeys (ConfUtils.java:logGet(43)) - raft.server.rpc.timeout.min = 5s (custom)
2019-09-20 08:44:17,897 [pool-38-thread-1] INFO  server.RaftServerConfigKeys (ConfUtils.java:logGet(43)) - raft.server.rpc.timeout.max = 5200ms (custom)
2019-09-20 08:44:17,897 [pool-38-thread-1] INFO  server.RaftServerConfigKeys (ConfUtils.java:logGet(43)) - raft.server.rpcslowness.timeout = 120s (custom)
2019-09-20 08:44:17,897 [pool-38-thread-1] INFO  server.RaftServerConfigKeys (ConfUtils.java:logGet(43)) - raft.server.sleep.deviation.threshold = 300 (default)
2019-09-20 08:44:17,897 [pool-38-thread-1] INFO  server.RaftServerConfigKeys (ConfUtils.java:logGet(43)) - raft.server.log.appender.install.snapshot.enabled = false (custom)
2019-09-20 08:44:17,898 [pool-38-thread-1] INFO  impl.RaftServerImpl (ServerState.java:<init>(105)) - a4a73c82-9756-45ac-afed-7299ac804f25:group-7C0284D0CEFB ConfigurationManager, init=-1: [a4a73c82-9756-45ac-afed-7299ac804f25:192.168.36.79:38495], old=null, confs=<EMPTY_MAP>
2019-09-20 08:44:17,898 [pool-38-thread-1] INFO  server.RaftServerConfigKeys (ConfUtils.java:logGet(43)) - raft.server.storage.dir = [/workdir/hadoop-ozone/ozonefs/target/test-dir/MiniOzoneClusterImpl-84b7649f-0e5d-4ae2-b324-047deb1fece8/datanode-1/data/ratis] (custom)
2019-09-20 08:44:17,898 [pool-38-thread-1] INFO  storage.RaftStorageDirectory (RaftStorageDirectory.java:analyzeStorage(246)) - The storage directory /workdir/hadoop-ozone/ozonefs/target/test-dir/MiniOzoneClusterImpl-84b7649f-0e5d-4ae2-b324-047deb1fece8/datanode-1/data/ratis/2180a398-5b53-46cf-b6e3-7c0284d0cefb does not exist. Creating ...
2019-09-20 08:44:17,929 [pool-38-thread-1] INFO  storage.RaftStorageDirectory (RaftStorageDirectory.java:tryLock(328)) - Lock on /workdir/hadoop-ozone/ozonefs/target/test-dir/MiniOzoneClusterImpl-84b7649f-0e5d-4ae2-b324-047deb1fece8/datanode-1/data/ratis/2180a398-5b53-46cf-b6e3-7c0284d0cefb/in_use.lock acquired by nodename 5807@pr-hdds-1569-s8kj2-2266485376
2019-09-20 08:44:17,969 | INFO  | SCMAudit | user=jenkins1000 | ip=192.168.36.79 | op=SEND_HEARTBEAT {datanodeUUID=9123b815-6bfa-48f7-ade2-b84cdc033afa, command=[]} | ret=SUCCESS |  
2019-09-20 08:44:17,971 [pool-38-thread-1] INFO  storage.RaftStorage (RaftStorage.java:format(72)) - Storage directory /workdir/hadoop-ozone/ozonefs/target/test-dir/MiniOzoneClusterImpl-84b7649f-0e5d-4ae2-b324-047deb1fece8/datanode-1/data/ratis/2180a398-5b53-46cf-b6e3-7c0284d0cefb has been successfully formatted.
2019-09-20 08:44:17,972 [pool-38-thread-1] INFO  ratis.ContainerStateMachine (ContainerStateMachine.java:loadSnapshot(226)) - group-7C0284D0CEFB: The snapshot info is null. Setting the last applied indexto:(t:0, i:~)
2019-09-20 08:44:17,972 [pool-38-thread-1] INFO  server.RaftServerConfigKeys (ConfUtils.java:logGet(43)) - raft.server.leader.election.timeout = 120s (custom)
2019-09-20 08:44:17,972 [pool-38-thread-1] INFO  server.RaftServerConfigKeys (ConfUtils.java:logGet(43)) - raft.server.log.use.memory = false (default)
2019-09-20 08:44:17,972 [pool-38-thread-1] INFO  server.RaftServerConfigKeys (ConfUtils.java:logGet(43)) - raft.server.log.purge.gap = 1000000 (custom)
2019-09-20 08:44:17,972 [pool-38-thread-1] INFO  server.RaftServerConfigKeys (ConfUtils.java:logGet(43)) - raft.server.log.appender.buffer.byte-limit = 33554432 (custom)
2019-09-20 08:44:17,973 [pool-38-thread-1] INFO  server.RaftServerConfigKeys (ConfUtils.java:logGet(43)) - raft.server.log.segment.size.max = 1048576 (custom)
2019-09-20 08:44:17,973 [pool-38-thread-1] INFO  server.RaftServerConfigKeys (ConfUtils.java:logGet(43)) - raft.server.log.segment.cache.num.max = 2 (custom)
2019-09-20 08:44:17,973 [pool-38-thread-1] INFO  segmented.SegmentedRaftLogWorker (SegmentedRaftLogWorker.java:<init>(172)) - new a4a73c82-9756-45ac-afed-7299ac804f25-SegmentedRaftLogWorker:Storage Directory /workdir/hadoop-ozone/ozonefs/target/test-dir/MiniOzoneClusterImpl-84b7649f-0e5d-4ae2-b324-047deb1fece8/datanode-1/data/ratis/2180a398-5b53-46cf-b6e3-7c0284d0cefb for RaftStorage:Storage Directory /workdir/hadoop-ozone/ozonefs/target/test-dir/MiniOzoneClusterImpl-84b7649f-0e5d-4ae2-b324-047deb1fece8/datanode-1/data/ratis/2180a398-5b53-46cf-b6e3-7c0284d0cefb
2019-09-20 08:44:17,973 [pool-38-thread-1] INFO  server.RaftServerConfigKeys (ConfUtils.java:logGet(43)) - raft.server.log.queue.byte-limit = 2147483647 (custom)
2019-09-20 08:44:17,973 [pool-38-thread-1] INFO  server.RaftServerConfigKeys (ConfUtils.java:logGet(43)) - raft.server.log.queue.element-limit = 1024 (custom)
2019-09-20 08:44:17,974 [pool-38-thread-1] INFO  server.RaftServerConfigKeys (ConfUtils.java:logGet(43)) - raft.server.log.segment.size.max = 1048576 (custom)
2019-09-20 08:44:17,974 [pool-38-thread-1] INFO  server.RaftServerConfigKeys (ConfUtils.java:logGet(43)) - raft.server.log.preallocated.size = 16384 (custom)
2019-09-20 08:44:17,974 [pool-38-thread-1] INFO  server.RaftServerConfigKeys (ConfUtils.java:logGet(43)) - raft.server.log.write.buffer.size = 33554432 (custom)
2019-09-20 08:44:17,974 [pool-38-thread-1] INFO  server.RaftServerConfigKeys (ConfUtils.java:logGet(43)) - raft.server.log.force.sync.num = 128 (default)
2019-09-20 08:44:17,974 [pool-38-thread-1] INFO  server.RaftServerConfigKeys (ConfUtils.java:logGet(43)) - raft.server.log.statemachine.data.sync = true (default)
2019-09-20 08:44:17,974 [pool-38-thread-1] INFO  server.RaftServerConfigKeys (ConfUtils.java:logGet(43)) - raft.server.log.statemachine.data.sync.timeout = 10s (default)
2019-09-20 08:44:17,975 [pool-38-thread-1] INFO  server.RaftServerConfigKeys (ConfUtils.java:logGet(43)) - raft.server.log.statemachine.data.sync.timeout.retry = -1 (default)
2019-09-20 08:44:17,975 [pool-38-thread-1] INFO  server.RaftServerConfigKeys (ConfUtils.java:logGet(43)) - raft.server.log.statemachine.data.caching.enabled = true (custom)
2019-09-20 08:44:17,975 [pool-38-thread-1] INFO  segmented.SegmentedRaftLogWorker (SegmentedRaftLogWorker.java:lambda$new$0(132)) - a4a73c82-9756-45ac-afed-7299ac804f25-SegmentedRaftLogWorker:Storage Directory /workdir/hadoop-ozone/ozonefs/target/test-dir/MiniOzoneClusterImpl-84b7649f-0e5d-4ae2-b324-047deb1fece8/datanode-1/data/ratis/2180a398-5b53-46cf-b6e3-7c0284d0cefb: flushIndex: setUnconditionally 0 -> -1
2019-09-20 08:44:17,976 [pool-38-thread-1] INFO  server.RaftServerConfigKeys (ConfUtils.java:logGet(43)) - raft.server.snapshot.auto.trigger.enabled = true (custom)
2019-09-20 08:44:17,976 [pool-38-thread-1] INFO  server.RaftServerConfigKeys (ConfUtils.java:logGet(43)) - raft.server.snapshot.auto.trigger.threshold = 10000 (custom)
2019-09-20 08:44:17,976 [pool-38-thread-1] INFO  server.RaftServerConfigKeys (ConfUtils.java:logGet(43)) - raft.server.retrycache.expirytime = 600000ms (custom)
2019-09-20 08:44:17,977 [pool-38-thread-1] INFO  impl.RaftServerImpl (RaftServerImpl.java:start(180)) - a4a73c82-9756-45ac-afed-7299ac804f25: start group-7C0284D0CEFB
2019-09-20 08:44:17,977 [pool-38-thread-1] INFO  impl.RaftServerImpl (RaftServerImpl.java:setRole(171)) - a4a73c82-9756-45ac-afed-7299ac804f25:group-7C0284D0CEFB changes role from null to FOLLOWER at term 0 for startAsFollower
2019-09-20 08:44:17,977 [pool-38-thread-1] INFO  impl.RoleInfo (RoleInfo.java:updateAndGet(143)) - a4a73c82-9756-45ac-afed-7299ac804f25: start FollowerState
2019-09-20 08:44:17,977 [pool-38-thread-1] INFO  util.JmxRegister (JmxRegister.java:tryRegister(44)) - Successfully registered JMX Bean with object name Ratis:service=RaftServer,group=group-7C0284D0CEFB,id=a4a73c82-9756-45ac-afed-7299ac804f25
2019-09-20 08:44:17,983 [RatisPipelineUtilsThread] INFO  pipeline.PipelineStateManager (PipelineStateManager.java:addPipeline(56)) - Created pipeline Pipeline[ Id: 2180a398-5b53-46cf-b6e3-7c0284d0cefb, Nodes: a4a73c82-9756-45ac-afed-7299ac804f25{ip: 192.168.36.79, host: pr-hdds-1569-s8kj2-2266485376, networkLocation: /default-rack, certSerialId: null}, Type:RATIS, Factor:ONE, State:OPEN]
2019-09-20 08:44:17,985 [RatisPipelineUtilsThread] INFO  pipeline.PipelinePlacementPolicy (PipelinePlacementPolicy.java:meetCriteria(91)) - Pipeline Placement: Doesn't meet the criteria to be viable node： b892e876-f5ae-410a-9dfd-4f07fd940729 Heaviness: 6 limit: 5
2019-09-20 08:44:17,985 [RatisPipelineUtilsThread] INFO  pipeline.PipelinePlacementPolicy (PipelinePlacementPolicy.java:meetCriteria(91)) - Pipeline Placement: Doesn't meet the criteria to be viable node： 9123b815-6bfa-48f7-ade2-b84cdc033afa Heaviness: 6 limit: 5
2019-09-20 08:44:17,986 [RatisPipelineUtilsThread] INFO  pipeline.PipelinePlacementPolicy (PipelinePlacementPolicy.java:meetCriteria(91)) - Pipeline Placement: Doesn't meet the criteria to be viable node： a4a73c82-9756-45ac-afed-7299ac804f25 Heaviness: 6 limit: 5
2019-09-20 08:44:17,997 [grpc-default-executor-0] INFO  impl.RaftServerProxy (RaftServerProxy.java:addNew(89)) - 75feff7d-6f48-4002-b580-45a21ea734c6: addNew group-E93AED085ECE:[75feff7d-6f48-4002-b580-45a21ea734c6:192.168.36.79:46393] returns group-E93AED085ECE:java.util.concurrent.CompletableFuture@17bfbc41[Not completed]
2019-09-20 08:44:17,999 [pool-60-thread-1] INFO  impl.RaftServerImpl (RaftServerImpl.java:<init>(93)) - 75feff7d-6f48-4002-b580-45a21ea734c6: new RaftServerImpl for group-E93AED085ECE:[75feff7d-6f48-4002-b580-45a21ea734c6:192.168.36.79:46393] with ContainerStateMachine:uninitialized
2019-09-20 08:44:17,999 [pool-60-thread-1] INFO  server.RaftServerConfigKeys (ConfUtils.java:logGet(43)) - raft.server.rpc.timeout.min = 5s (custom)
2019-09-20 08:44:17,999 [pool-60-thread-1] INFO  server.RaftServerConfigKeys (ConfUtils.java:logGet(43)) - raft.server.rpc.timeout.max = 5200ms (custom)
2019-09-20 08:44:17,999 [pool-60-thread-1] INFO  server.RaftServerConfigKeys (ConfUtils.java:logGet(43)) - raft.server.rpcslowness.timeout = 120s (custom)
2019-09-20 08:44:18,000 [pool-60-thread-1] INFO  server.RaftServerConfigKeys (ConfUtils.java:logGet(43)) - raft.server.sleep.deviation.threshold = 300 (default)
2019-09-20 08:44:18,000 [pool-60-thread-1] INFO  server.RaftServerConfigKeys (ConfUtils.java:logGet(43)) - raft.server.log.appender.install.snapshot.enabled = false (custom)
2019-09-20 08:44:18,000 [pool-60-thread-1] INFO  impl.RaftServerImpl (ServerState.java:<init>(105)) - 75feff7d-6f48-4002-b580-45a21ea734c6:group-E93AED085ECE ConfigurationManager, init=-1: [75feff7d-6f48-4002-b580-45a21ea734c6:192.168.36.79:46393], old=null, confs=<EMPTY_MAP>
2019-09-20 08:44:18,000 [pool-60-thread-1] INFO  server.RaftServerConfigKeys (ConfUtils.java:logGet(43)) - raft.server.storage.dir = [/workdir/hadoop-ozone/ozonefs/target/test-dir/MiniOzoneClusterImpl-84b7649f-0e5d-4ae2-b324-047deb1fece8/datanode-3/data/ratis] (custom)
2019-09-20 08:44:18,001 [pool-60-thread-1] INFO  storage.RaftStorageDirectory (RaftStorageDirectory.java:analyzeStorage(246)) - The storage directory /workdir/hadoop-ozone/ozonefs/target/test-dir/MiniOzoneClusterImpl-84b7649f-0e5d-4ae2-b324-047deb1fece8/datanode-3/data/ratis/c3eef1a6-8c29-460d-a721-e93aed085ece does not exist. Creating ...
2019-09-20 08:44:18,020 [pool-60-thread-1] INFO  storage.RaftStorageDirectory (RaftStorageDirectory.java:tryLock(328)) - Lock on /workdir/hadoop-ozone/ozonefs/target/test-dir/MiniOzoneClusterImpl-84b7649f-0e5d-4ae2-b324-047deb1fece8/datanode-3/data/ratis/c3eef1a6-8c29-460d-a721-e93aed085ece/in_use.lock acquired by nodename 5807@pr-hdds-1569-s8kj2-2266485376
2019-09-20 08:44:18,048 | ERROR | OMAudit | user=jenkins1000 | ip=127.0.0.1 | op=GET_FILE_STATUS {volume=volume58442, bucket=bucket72129, key=test/ITestOzoneContractDistCp/testUpdateDeepDirectoryStructureNoChange/remote/outputDir, dataSize=0, replicationType=null, replicationFactor=null, keyLocationInfo=null} | ret=FAILURE | FILE_NOT_FOUND org.apache.hadoop.ozone.om.exceptions.OMException: Unable to get file status: volume: volume58442 bucket: bucket72129 key: test/ITestOzoneContractDistCp/testUpdateDeepDirectoryStructureNoChange/remote/outputDir
	at org.apache.hadoop.ozone.om.KeyManagerImpl.getFileStatus(KeyManagerImpl.java:1655)
	at org.apache.hadoop.ozone.om.OzoneManager.getFileStatus(OzoneManager.java:2868) 
2019-09-20 08:44:18,065 [pool-60-thread-1] INFO  storage.RaftStorage (RaftStorage.java:format(72)) - Storage directory /workdir/hadoop-ozone/ozonefs/target/test-dir/MiniOzoneClusterImpl-84b7649f-0e5d-4ae2-b324-047deb1fece8/datanode-3/data/ratis/c3eef1a6-8c29-460d-a721-e93aed085ece has been successfully formatted.
2019-09-20 08:44:18,065 [pool-60-thread-1] INFO  ratis.ContainerStateMachine (ContainerStateMachine.java:loadSnapshot(226)) - group-E93AED085ECE: The snapshot info is null. Setting the last applied indexto:(t:0, i:~)
2019-09-20 08:44:18,066 [pool-60-thread-1] INFO  server.RaftServerConfigKeys (ConfUtils.java:logGet(43)) - raft.server.leader.election.timeout = 120s (custom)
2019-09-20 08:44:18,066 [pool-60-thread-1] INFO  server.RaftServerConfigKeys (ConfUtils.java:logGet(43)) - raft.server.log.use.memory = false (default)
2019-09-20 08:44:18,066 [pool-60-thread-1] INFO  server.RaftServerConfigKeys (ConfUtils.java:logGet(43)) - raft.server.log.purge.gap = 1000000 (custom)
2019-09-20 08:44:18,066 [pool-60-thread-1] INFO  server.RaftServerConfigKeys (ConfUtils.java:logGet(43)) - raft.server.log.appender.buffer.byte-limit = 33554432 (custom)
2019-09-20 08:44:18,066 [pool-60-thread-1] INFO  server.RaftServerConfigKeys (ConfUtils.java:logGet(43)) - raft.server.log.segment.size.max = 1048576 (custom)
2019-09-20 08:44:18,067 [pool-60-thread-1] INFO  server.RaftServerConfigKeys (ConfUtils.java:logGet(43)) - raft.server.log.segment.cache.num.max = 2 (custom)
2019-09-20 08:44:18,067 [pool-60-thread-1] INFO  segmented.SegmentedRaftLogWorker (SegmentedRaftLogWorker.java:<init>(172)) - new 75feff7d-6f48-4002-b580-45a21ea734c6-SegmentedRaftLogWorker:Storage Directory /workdir/hadoop-ozone/ozonefs/target/test-dir/MiniOzoneClusterImpl-84b7649f-0e5d-4ae2-b324-047deb1fece8/datanode-3/data/ratis/c3eef1a6-8c29-460d-a721-e93aed085ece for RaftStorage:Storage Directory /workdir/hadoop-ozone/ozonefs/target/test-dir/MiniOzoneClusterImpl-84b7649f-0e5d-4ae2-b324-047deb1fece8/datanode-3/data/ratis/c3eef1a6-8c29-460d-a721-e93aed085ece
2019-09-20 08:44:18,067 [pool-60-thread-1] INFO  server.RaftServerConfigKeys (ConfUtils.java:logGet(43)) - raft.server.log.queue.byte-limit = 2147483647 (custom)
2019-09-20 08:44:18,067 [pool-60-thread-1] INFO  server.RaftServerConfigKeys (ConfUtils.java:logGet(43)) - raft.server.log.queue.element-limit = 1024 (custom)
2019-09-20 08:44:18,067 [pool-60-thread-1] INFO  server.RaftServerConfigKeys (ConfUtils.java:logGet(43)) - raft.server.log.segment.size.max = 1048576 (custom)
2019-09-20 08:44:18,068 [pool-60-thread-1] INFO  server.RaftServerConfigKeys (ConfUtils.java:logGet(43)) - raft.server.log.preallocated.size = 16384 (custom)
2019-09-20 08:44:18,068 [pool-60-thread-1] INFO  server.RaftServerConfigKeys (ConfUtils.java:logGet(43)) - raft.server.log.write.buffer.size = 33554432 (custom)
2019-09-20 08:44:18,068 [pool-60-thread-1] INFO  server.RaftServerConfigKeys (ConfUtils.java:logGet(43)) - raft.server.log.force.sync.num = 128 (default)
2019-09-20 08:44:18,068 [pool-60-thread-1] INFO  server.RaftServerConfigKeys (ConfUtils.java:logGet(43)) - raft.server.log.statemachine.data.sync = true (default)
2019-09-20 08:44:18,068 [pool-60-thread-1] INFO  server.RaftServerConfigKeys (ConfUtils.java:logGet(43)) - raft.server.log.statemachine.data.sync.timeout = 10s (default)
2019-09-20 08:44:18,069 [pool-60-thread-1] INFO  server.RaftServerConfigKeys (ConfUtils.java:logGet(43)) - raft.server.log.statemachine.data.sync.timeout.retry = -1 (default)
2019-09-20 08:44:18,069 [pool-60-thread-1] INFO  server.RaftServerConfigKeys (ConfUtils.java:logGet(43)) - raft.server.log.statemachine.data.caching.enabled = true (custom)
2019-09-20 08:44:18,069 [pool-60-thread-1] INFO  segmented.SegmentedRaftLogWorker (SegmentedRaftLogWorker.java:lambda$new$0(132)) - 75feff7d-6f48-4002-b580-45a21ea734c6-SegmentedRaftLogWorker:Storage Directory /workdir/hadoop-ozone/ozonefs/target/test-dir/MiniOzoneClusterImpl-84b7649f-0e5d-4ae2-b324-047deb1fece8/datanode-3/data/ratis/c3eef1a6-8c29-460d-a721-e93aed085ece: flushIndex: setUnconditionally 0 -> -1
2019-09-20 08:44:18,070 [pool-60-thread-1] INFO  server.RaftServerConfigKeys (ConfUtils.java:logGet(43)) - raft.server.snapshot.auto.trigger.enabled = true (custom)
2019-09-20 08:44:18,070 [pool-60-thread-1] INFO  server.RaftServerConfigKeys (ConfUtils.java:logGet(43)) - raft.server.snapshot.auto.trigger.threshold = 10000 (custom)
2019-09-20 08:44:18,070 [pool-60-thread-1] INFO  server.RaftServerConfigKeys (ConfUtils.java:logGet(43)) - raft.server.retrycache.expirytime = 600000ms (custom)
2019-09-20 08:44:18,070 [pool-60-thread-1] INFO  impl.RaftServerImpl (RaftServerImpl.java:start(180)) - 75feff7d-6f48-4002-b580-45a21ea734c6: start group-E93AED085ECE
2019-09-20 08:44:18,071 [pool-60-thread-1] INFO  impl.RaftServerImpl (RaftServerImpl.java:setRole(171)) - 75feff7d-6f48-4002-b580-45a21ea734c6:group-E93AED085ECE changes role from null to FOLLOWER at term 0 for startAsFollower
2019-09-20 08:44:18,071 [pool-60-thread-1] INFO  impl.RoleInfo (RoleInfo.java:updateAndGet(143)) - 75feff7d-6f48-4002-b580-45a21ea734c6: start FollowerState
2019-09-20 08:44:18,072 [pool-60-thread-1] INFO  util.JmxRegister (JmxRegister.java:tryRegister(44)) - Successfully registered JMX Bean with object name Ratis:service=RaftServer,group=group-E93AED085ECE,id=75feff7d-6f48-4002-b580-45a21ea734c6
2019-09-20 08:44:18,077 [RatisPipelineUtilsThread] INFO  pipeline.PipelineStateManager (PipelineStateManager.java:addPipeline(56)) - Created pipeline Pipeline[ Id: c3eef1a6-8c29-460d-a721-e93aed085ece, Nodes: 75feff7d-6f48-4002-b580-45a21ea734c6{ip: 192.168.36.79, host: pr-hdds-1569-s8kj2-2266485376, networkLocation: /default-rack, certSerialId: null}, Type:RATIS, Factor:ONE, State:OPEN]
2019-09-20 08:44:18,078 [RatisPipelineUtilsThread] INFO  pipeline.PipelinePlacementPolicy (PipelinePlacementPolicy.java:meetCriteria(91)) - Pipeline Placement: Doesn't meet the criteria to be viable node： b892e876-f5ae-410a-9dfd-4f07fd940729 Heaviness: 6 limit: 5
2019-09-20 08:44:18,079 [RatisPipelineUtilsThread] INFO  pipeline.PipelinePlacementPolicy (PipelinePlacementPolicy.java:meetCriteria(91)) - Pipeline Placement: Doesn't meet the criteria to be viable node： 9123b815-6bfa-48f7-ade2-b84cdc033afa Heaviness: 6 limit: 5
2019-09-20 08:44:18,079 [RatisPipelineUtilsThread] INFO  pipeline.PipelinePlacementPolicy (PipelinePlacementPolicy.java:meetCriteria(91)) - Pipeline Placement: Doesn't meet the criteria to be viable node： a4a73c82-9756-45ac-afed-7299ac804f25 Heaviness: 6 limit: 5
2019-09-20 08:44:18,089 [grpc-default-executor-0] INFO  impl.RaftServerProxy (RaftServerProxy.java:addNew(89)) - aa30552f-ad30-4fe7-9018-411c04218958: addNew group-000340E80DCB:[aa30552f-ad30-4fe7-9018-411c04218958:192.168.36.79:43863] returns group-000340E80DCB:java.util.concurrent.CompletableFuture@5a049178[Not completed]
2019-09-20 08:44:18,091 [pool-71-thread-1] INFO  impl.RaftServerImpl (RaftServerImpl.java:<init>(93)) - aa30552f-ad30-4fe7-9018-411c04218958: new RaftServerImpl for group-000340E80DCB:[aa30552f-ad30-4fe7-9018-411c04218958:192.168.36.79:43863] with ContainerStateMachine:uninitialized
2019-09-20 08:44:18,091 [pool-71-thread-1] INFO  server.RaftServerConfigKeys (ConfUtils.java:logGet(43)) - raft.server.rpc.timeout.min = 5s (custom)
2019-09-20 08:44:18,092 [pool-71-thread-1] INFO  server.RaftServerConfigKeys (ConfUtils.java:logGet(43)) - raft.server.rpc.timeout.max = 5200ms (custom)
2019-09-20 08:44:18,092 [pool-71-thread-1] INFO  server.RaftServerConfigKeys (ConfUtils.java:logGet(43)) - raft.server.rpcslowness.timeout = 120s (custom)
2019-09-20 08:44:18,092 [pool-71-thread-1] INFO  server.RaftServerConfigKeys (ConfUtils.java:logGet(43)) - raft.server.sleep.deviation.threshold = 300 (default)
2019-09-20 08:44:18,092 [pool-71-thread-1] INFO  server.RaftServerConfigKeys (ConfUtils.java:logGet(43)) - raft.server.log.appender.install.snapshot.enabled = false (custom)
2019-09-20 08:44:18,092 [pool-71-thread-1] INFO  impl.RaftServerImpl (ServerState.java:<init>(105)) - aa30552f-ad30-4fe7-9018-411c04218958:group-000340E80DCB ConfigurationManager, init=-1: [aa30552f-ad30-4fe7-9018-411c04218958:192.168.36.79:43863], old=null, confs=<EMPTY_MAP>
2019-09-20 08:44:18,092 [pool-71-thread-1] INFO  server.RaftServerConfigKeys (ConfUtils.java:logGet(43)) - raft.server.storage.dir = [/workdir/hadoop-ozone/ozonefs/target/test-dir/MiniOzoneClusterImpl-84b7649f-0e5d-4ae2-b324-047deb1fece8/datanode-4/data/ratis] (custom)
2019-09-20 08:44:18,093 [pool-71-thread-1] INFO  storage.RaftStorageDirectory (RaftStorageDirectory.java:analyzeStorage(246)) - The storage directory /workdir/hadoop-ozone/ozonefs/target/test-dir/MiniOzoneClusterImpl-84b7649f-0e5d-4ae2-b324-047deb1fece8/datanode-4/data/ratis/d8da794e-e8f5-4c73-8153-000340e80dcb does not exist. Creating ...
2019-09-20 08:44:18,124 [pool-71-thread-1] INFO  storage.RaftStorageDirectory (RaftStorageDirectory.java:tryLock(328)) - Lock on /workdir/hadoop-ozone/ozonefs/target/test-dir/MiniOzoneClusterImpl-84b7649f-0e5d-4ae2-b324-047deb1fece8/datanode-4/data/ratis/d8da794e-e8f5-4c73-8153-000340e80dcb/in_use.lock acquired by nodename 5807@pr-hdds-1569-s8kj2-2266485376
2019-09-20 08:44:18,177 [pool-71-thread-1] INFO  storage.RaftStorage (RaftStorage.java:format(72)) - Storage directory /workdir/hadoop-ozone/ozonefs/target/test-dir/MiniOzoneClusterImpl-84b7649f-0e5d-4ae2-b324-047deb1fece8/datanode-4/data/ratis/d8da794e-e8f5-4c73-8153-000340e80dcb has been successfully formatted.
2019-09-20 08:44:18,178 [pool-71-thread-1] INFO  ratis.ContainerStateMachine (ContainerStateMachine.java:loadSnapshot(226)) - group-000340E80DCB: The snapshot info is null. Setting the last applied indexto:(t:0, i:~)
2019-09-20 08:44:18,178 [pool-71-thread-1] INFO  server.RaftServerConfigKeys (ConfUtils.java:logGet(43)) - raft.server.leader.election.timeout = 120s (custom)
2019-09-20 08:44:18,178 [pool-71-thread-1] INFO  server.RaftServerConfigKeys (ConfUtils.java:logGet(43)) - raft.server.log.use.memory = false (default)
2019-09-20 08:44:18,178 [pool-71-thread-1] INFO  server.RaftServerConfigKeys (ConfUtils.java:logGet(43)) - raft.server.log.purge.gap = 1000000 (custom)
2019-09-20 08:44:18,178 [pool-71-thread-1] INFO  server.RaftServerConfigKeys (ConfUtils.java:logGet(43)) - raft.server.log.appender.buffer.byte-limit = 33554432 (custom)
2019-09-20 08:44:18,179 [pool-71-thread-1] INFO  server.RaftServerConfigKeys (ConfUtils.java:logGet(43)) - raft.server.log.segment.size.max = 1048576 (custom)
2019-09-20 08:44:18,179 [pool-71-thread-1] INFO  server.RaftServerConfigKeys (ConfUtils.java:logGet(43)) - raft.server.log.segment.cache.num.max = 2 (custom)
2019-09-20 08:44:18,179 [pool-71-thread-1] INFO  segmented.SegmentedRaftLogWorker (SegmentedRaftLogWorker.java:<init>(172)) - new aa30552f-ad30-4fe7-9018-411c04218958-SegmentedRaftLogWorker:Storage Directory /workdir/hadoop-ozone/ozonefs/target/test-dir/MiniOzoneClusterImpl-84b7649f-0e5d-4ae2-b324-047deb1fece8/datanode-4/data/ratis/d8da794e-e8f5-4c73-8153-000340e80dcb for RaftStorage:Storage Directory /workdir/hadoop-ozone/ozonefs/target/test-dir/MiniOzoneClusterImpl-84b7649f-0e5d-4ae2-b324-047deb1fece8/datanode-4/data/ratis/d8da794e-e8f5-4c73-8153-000340e80dcb
2019-09-20 08:44:18,179 [pool-71-thread-1] INFO  server.RaftServerConfigKeys (ConfUtils.java:logGet(43)) - raft.server.log.queue.byte-limit = 2147483647 (custom)
2019-09-20 08:44:18,179 [pool-71-thread-1] INFO  server.RaftServerConfigKeys (ConfUtils.java:logGet(43)) - raft.server.log.queue.element-limit = 1024 (custom)
2019-09-20 08:44:18,180 [pool-71-thread-1] INFO  server.RaftServerConfigKeys (ConfUtils.java:logGet(43)) - raft.server.log.segment.size.max = 1048576 (custom)
2019-09-20 08:44:18,180 [pool-71-thread-1] INFO  server.RaftServerConfigKeys (ConfUtils.java:logGet(43)) - raft.server.log.preallocated.size = 16384 (custom)
2019-09-20 08:44:18,180 [pool-71-thread-1] INFO  server.RaftServerConfigKeys (ConfUtils.java:logGet(43)) - raft.server.log.write.buffer.size = 33554432 (custom)
2019-09-20 08:44:18,180 [pool-71-thread-1] INFO  server.RaftServerConfigKeys (ConfUtils.java:logGet(43)) - raft.server.log.force.sync.num = 128 (default)
2019-09-20 08:44:18,180 [pool-71-thread-1] INFO  server.RaftServerConfigKeys (ConfUtils.java:logGet(43)) - raft.server.log.statemachine.data.sync = true (default)
2019-09-20 08:44:18,180 [pool-71-thread-1] INFO  server.RaftServerConfigKeys (ConfUtils.java:logGet(43)) - raft.server.log.statemachine.data.sync.timeout = 10s (default)
2019-09-20 08:44:18,181 [pool-71-thread-1] INFO  server.RaftServerConfigKeys (ConfUtils.java:logGet(43)) - raft.server.log.statemachine.data.sync.timeout.retry = -1 (default)
2019-09-20 08:44:18,181 [pool-71-thread-1] INFO  server.RaftServerConfigKeys (ConfUtils.java:logGet(43)) - raft.server.log.statemachine.data.caching.enabled = true (custom)
2019-09-20 08:44:18,181 [pool-71-thread-1] INFO  segmented.SegmentedRaftLogWorker (SegmentedRaftLogWorker.java:lambda$new$0(132)) - aa30552f-ad30-4fe7-9018-411c04218958-SegmentedRaftLogWorker:Storage Directory /workdir/hadoop-ozone/ozonefs/target/test-dir/MiniOzoneClusterImpl-84b7649f-0e5d-4ae2-b324-047deb1fece8/datanode-4/data/ratis/d8da794e-e8f5-4c73-8153-000340e80dcb: flushIndex: setUnconditionally 0 -> -1
2019-09-20 08:44:18,182 [pool-71-thread-1] INFO  server.RaftServerConfigKeys (ConfUtils.java:logGet(43)) - raft.server.snapshot.auto.trigger.enabled = true (custom)
2019-09-20 08:44:18,182 [pool-71-thread-1] INFO  server.RaftServerConfigKeys (ConfUtils.java:logGet(43)) - raft.server.snapshot.auto.trigger.threshold = 10000 (custom)
2019-09-20 08:44:18,182 [pool-71-thread-1] INFO  server.RaftServerConfigKeys (ConfUtils.java:logGet(43)) - raft.server.retrycache.expirytime = 600000ms (custom)
2019-09-20 08:44:18,185 [pool-71-thread-1] INFO  impl.RaftServerImpl (RaftServerImpl.java:start(180)) - aa30552f-ad30-4fe7-9018-411c04218958: start group-000340E80DCB
2019-09-20 08:44:18,185 [pool-71-thread-1] INFO  impl.RaftServerImpl (RaftServerImpl.java:setRole(171)) - aa30552f-ad30-4fe7-9018-411c04218958:group-000340E80DCB changes role from null to FOLLOWER at term 0 for startAsFollower
2019-09-20 08:44:18,186 [pool-71-thread-1] INFO  impl.RoleInfo (RoleInfo.java:updateAndGet(143)) - aa30552f-ad30-4fe7-9018-411c04218958: start FollowerState
2019-09-20 08:44:18,186 [pool-71-thread-1] INFO  util.JmxRegister (JmxRegister.java:tryRegister(44)) - Successfully registered JMX Bean with object name Ratis:service=RaftServer,group=group-000340E80DCB,id=aa30552f-ad30-4fe7-9018-411c04218958
2019-09-20 08:44:18,195 [RatisPipelineUtilsThread] INFO  pipeline.PipelineStateManager (PipelineStateManager.java:addPipeline(56)) - Created pipeline Pipeline[ Id: d8da794e-e8f5-4c73-8153-000340e80dcb, Nodes: aa30552f-ad30-4fe7-9018-411c04218958{ip: 192.168.36.79, host: pr-hdds-1569-s8kj2-2266485376, networkLocation: /default-rack, certSerialId: null}, Type:RATIS, Factor:ONE, State:OPEN]
2019-09-20 08:44:18,197 [RatisPipelineUtilsThread] INFO  pipeline.PipelinePlacementPolicy (PipelinePlacementPolicy.java:meetCriteria(91)) - Pipeline Placement: Doesn't meet the criteria to be viable node： b892e876-f5ae-410a-9dfd-4f07fd940729 Heaviness: 6 limit: 5
2019-09-20 08:44:18,197 [RatisPipelineUtilsThread] INFO  pipeline.PipelinePlacementPolicy (PipelinePlacementPolicy.java:meetCriteria(91)) - Pipeline Placement: Doesn't meet the criteria to be viable node： 9123b815-6bfa-48f7-ade2-b84cdc033afa Heaviness: 6 limit: 5
2019-09-20 08:44:18,197 [RatisPipelineUtilsThread] INFO  pipeline.PipelinePlacementPolicy (PipelinePlacementPolicy.java:meetCriteria(91)) - Pipeline Placement: Doesn't meet the criteria to be viable node： a4a73c82-9756-45ac-afed-7299ac804f25 Heaviness: 6 limit: 5
2019-09-20 08:44:18,208 [grpc-default-executor-0] INFO  impl.RaftServerProxy (RaftServerProxy.java:addNew(89)) - aa30552f-ad30-4fe7-9018-411c04218958: addNew group-6442D5EB9254:[aa30552f-ad30-4fe7-9018-411c04218958:192.168.36.79:43863] returns group-6442D5EB9254:java.util.concurrent.CompletableFuture@48b26eb4[Not completed]
2019-09-20 08:44:18,209 [pool-71-thread-1] INFO  impl.RaftServerImpl (RaftServerImpl.java:<init>(93)) - aa30552f-ad30-4fe7-9018-411c04218958: new RaftServerImpl for group-6442D5EB9254:[aa30552f-ad30-4fe7-9018-411c04218958:192.168.36.79:43863] with ContainerStateMachine:uninitialized
2019-09-20 08:44:18,210 [pool-71-thread-1] INFO  server.RaftServerConfigKeys (ConfUtils.java:logGet(43)) - raft.server.rpc.timeout.min = 5s (custom)
2019-09-20 08:44:18,210 [pool-71-thread-1] INFO  server.RaftServerConfigKeys (ConfUtils.java:logGet(43)) - raft.server.rpc.timeout.max = 5200ms (custom)
2019-09-20 08:44:18,210 [pool-71-thread-1] INFO  server.RaftServerConfigKeys (ConfUtils.java:logGet(43)) - raft.server.rpcslowness.timeout = 120s (custom)
2019-09-20 08:44:18,210 [pool-71-thread-1] INFO  server.RaftServerConfigKeys (ConfUtils.java:logGet(43)) - raft.server.sleep.deviation.threshold = 300 (default)
2019-09-20 08:44:18,210 [pool-71-thread-1] INFO  server.RaftServerConfigKeys (ConfUtils.java:logGet(43)) - raft.server.log.appender.install.snapshot.enabled = false (custom)
2019-09-20 08:44:18,210 [pool-71-thread-1] INFO  impl.RaftServerImpl (ServerState.java:<init>(105)) - aa30552f-ad30-4fe7-9018-411c04218958:group-6442D5EB9254 ConfigurationManager, init=-1: [aa30552f-ad30-4fe7-9018-411c04218958:192.168.36.79:43863], old=null, confs=<EMPTY_MAP>
2019-09-20 08:44:18,211 [pool-71-thread-1] INFO  server.RaftServerConfigKeys (ConfUtils.java:logGet(43)) - raft.server.storage.dir = [/workdir/hadoop-ozone/ozonefs/target/test-dir/MiniOzoneClusterImpl-84b7649f-0e5d-4ae2-b324-047deb1fece8/datanode-4/data/ratis] (custom)
2019-09-20 08:44:18,211 [pool-71-thread-1] INFO  storage.RaftStorageDirectory (RaftStorageDirectory.java:analyzeStorage(246)) - The storage directory /workdir/hadoop-ozone/ozonefs/target/test-dir/MiniOzoneClusterImpl-84b7649f-0e5d-4ae2-b324-047deb1fece8/datanode-4/data/ratis/97bc5aaf-07b3-479a-84fd-6442d5eb9254 does not exist. Creating ...
2019-09-20 08:44:18,254 [pool-71-thread-1] INFO  storage.RaftStorageDirectory (RaftStorageDirectory.java:tryLock(328)) - Lock on /workdir/hadoop-ozone/ozonefs/target/test-dir/MiniOzoneClusterImpl-84b7649f-0e5d-4ae2-b324-047deb1fece8/datanode-4/data/ratis/97bc5aaf-07b3-479a-84fd-6442d5eb9254/in_use.lock acquired by nodename 5807@pr-hdds-1569-s8kj2-2266485376
2019-09-20 08:44:18,310 [pool-71-thread-1] INFO  storage.RaftStorage (RaftStorage.java:format(72)) - Storage directory /workdir/hadoop-ozone/ozonefs/target/test-dir/MiniOzoneClusterImpl-84b7649f-0e5d-4ae2-b324-047deb1fece8/datanode-4/data/ratis/97bc5aaf-07b3-479a-84fd-6442d5eb9254 has been successfully formatted.
2019-09-20 08:44:18,311 [pool-71-thread-1] INFO  ratis.ContainerStateMachine (ContainerStateMachine.java:loadSnapshot(226)) - group-6442D5EB9254: The snapshot info is null. Setting the last applied indexto:(t:0, i:~)
2019-09-20 08:44:18,311 [pool-71-thread-1] INFO  server.RaftServerConfigKeys (ConfUtils.java:logGet(43)) - raft.server.leader.election.timeout = 120s (custom)
2019-09-20 08:44:18,311 [pool-71-thread-1] INFO  server.RaftServerConfigKeys (ConfUtils.java:logGet(43)) - raft.server.log.use.memory = false (default)
2019-09-20 08:44:18,311 [pool-71-thread-1] INFO  server.RaftServerConfigKeys (ConfUtils.java:logGet(43)) - raft.server.log.purge.gap = 1000000 (custom)
2019-09-20 08:44:18,312 [pool-71-thread-1] INFO  server.RaftServerConfigKeys (ConfUtils.java:logGet(43)) - raft.server.log.appender.buffer.byte-limit = 33554432 (custom)
2019-09-20 08:44:18,312 [pool-71-thread-1] INFO  server.RaftServerConfigKeys (ConfUtils.java:logGet(43)) - raft.server.log.segment.size.max = 1048576 (custom)
2019-09-20 08:44:18,312 [pool-71-thread-1] INFO  server.RaftServerConfigKeys (ConfUtils.java:logGet(43)) - raft.server.log.segment.cache.num.max = 2 (custom)
2019-09-20 08:44:18,312 [pool-71-thread-1] INFO  segmented.SegmentedRaftLogWorker (SegmentedRaftLogWorker.java:<init>(172)) - new aa30552f-ad30-4fe7-9018-411c04218958-SegmentedRaftLogWorker:Storage Directory /workdir/hadoop-ozone/ozonefs/target/test-dir/MiniOzoneClusterImpl-84b7649f-0e5d-4ae2-b324-047deb1fece8/datanode-4/data/ratis/97bc5aaf-07b3-479a-84fd-6442d5eb9254 for RaftStorage:Storage Directory /workdir/hadoop-ozone/ozonefs/target/test-dir/MiniOzoneClusterImpl-84b7649f-0e5d-4ae2-b324-047deb1fece8/datanode-4/data/ratis/97bc5aaf-07b3-479a-84fd-6442d5eb9254
2019-09-20 08:44:18,312 [pool-71-thread-1] INFO  server.RaftServerConfigKeys (ConfUtils.java:logGet(43)) - raft.server.log.queue.byte-limit = 2147483647 (custom)
2019-09-20 08:44:18,313 [pool-71-thread-1] INFO  server.RaftServerConfigKeys (ConfUtils.java:logGet(43)) - raft.server.log.queue.element-limit = 1024 (custom)
2019-09-20 08:44:18,313 [pool-71-thread-1] INFO  server.RaftServerConfigKeys (ConfUtils.java:logGet(43)) - raft.server.log.segment.size.max = 1048576 (custom)
2019-09-20 08:44:18,313 [pool-71-thread-1] INFO  server.RaftServerConfigKeys (ConfUtils.java:logGet(43)) - raft.server.log.preallocated.size = 16384 (custom)
2019-09-20 08:44:18,313 [pool-71-thread-1] INFO  server.RaftServerConfigKeys (ConfUtils.java:logGet(43)) - raft.server.log.write.buffer.size = 33554432 (custom)
2019-09-20 08:44:18,313 [pool-71-thread-1] INFO  server.RaftServerConfigKeys (ConfUtils.java:logGet(43)) - raft.server.log.force.sync.num = 128 (default)
2019-09-20 08:44:18,314 [pool-71-thread-1] INFO  server.RaftServerConfigKeys (ConfUtils.java:logGet(43)) - raft.server.log.statemachine.data.sync = true (default)
2019-09-20 08:44:18,314 [pool-71-thread-1] INFO  server.RaftServerConfigKeys (ConfUtils.java:logGet(43)) - raft.server.log.statemachine.data.sync.timeout = 10s (default)
2019-09-20 08:44:18,314 [pool-71-thread-1] INFO  server.RaftServerConfigKeys (ConfUtils.java:logGet(43)) - raft.server.log.statemachine.data.sync.timeout.retry = -1 (default)
2019-09-20 08:44:18,314 [pool-71-thread-1] INFO  server.RaftServerConfigKeys (ConfUtils.java:logGet(43)) - raft.server.log.statemachine.data.caching.enabled = true (custom)
2019-09-20 08:44:18,315 [pool-71-thread-1] INFO  segmented.SegmentedRaftLogWorker (SegmentedRaftLogWorker.java:lambda$new$0(132)) - aa30552f-ad30-4fe7-9018-411c04218958-SegmentedRaftLogWorker:Storage Directory /workdir/hadoop-ozone/ozonefs/target/test-dir/MiniOzoneClusterImpl-84b7649f-0e5d-4ae2-b324-047deb1fece8/datanode-4/data/ratis/97bc5aaf-07b3-479a-84fd-6442d5eb9254: flushIndex: setUnconditionally 0 -> -1
2019-09-20 08:44:18,315 [pool-71-thread-1] INFO  server.RaftServerConfigKeys (ConfUtils.java:logGet(43)) - raft.server.snapshot.auto.trigger.enabled = true (custom)
2019-09-20 08:44:18,316 [pool-71-thread-1] INFO  server.RaftServerConfigKeys (ConfUtils.java:logGet(43)) - raft.server.snapshot.auto.trigger.threshold = 10000 (custom)
2019-09-20 08:44:18,316 [pool-71-thread-1] INFO  server.RaftServerConfigKeys (ConfUtils.java:logGet(43)) - raft.server.retrycache.expirytime = 600000ms (custom)
2019-09-20 08:44:18,316 [pool-71-thread-1] INFO  impl.RaftServerImpl (RaftServerImpl.java:start(180)) - aa30552f-ad30-4fe7-9018-411c04218958: start group-6442D5EB9254
2019-09-20 08:44:18,316 [pool-71-thread-1] INFO  impl.RaftServerImpl (RaftServerImpl.java:setRole(171)) - aa30552f-ad30-4fe7-9018-411c04218958:group-6442D5EB9254 changes role from null to FOLLOWER at term 0 for startAsFollower
2019-09-20 08:44:18,317 [pool-71-thread-1] INFO  impl.RoleInfo (RoleInfo.java:updateAndGet(143)) - aa30552f-ad30-4fe7-9018-411c04218958: start FollowerState
2019-09-20 08:44:18,317 [pool-71-thread-1] INFO  util.JmxRegister (JmxRegister.java:tryRegister(44)) - Successfully registered JMX Bean with object name Ratis:service=RaftServer,group=group-6442D5EB9254,id=aa30552f-ad30-4fe7-9018-411c04218958
2019-09-20 08:44:18,324 [RatisPipelineUtilsThread] INFO  pipeline.PipelineStateManager (PipelineStateManager.java:addPipeline(56)) - Created pipeline Pipeline[ Id: 97bc5aaf-07b3-479a-84fd-6442d5eb9254, Nodes: aa30552f-ad30-4fe7-9018-411c04218958{ip: 192.168.36.79, host: pr-hdds-1569-s8kj2-2266485376, networkLocation: /default-rack, certSerialId: null}, Type:RATIS, Factor:ONE, State:OPEN]
2019-09-20 08:44:18,326 [RatisPipelineUtilsThread] INFO  pipeline.PipelinePlacementPolicy (PipelinePlacementPolicy.java:meetCriteria(91)) - Pipeline Placement: Doesn't meet the criteria to be viable node： b892e876-f5ae-410a-9dfd-4f07fd940729 Heaviness: 6 limit: 5
2019-09-20 08:44:18,326 [RatisPipelineUtilsThread] INFO  pipeline.PipelinePlacementPolicy (PipelinePlacementPolicy.java:meetCriteria(91)) - Pipeline Placement: Doesn't meet the criteria to be viable node： 9123b815-6bfa-48f7-ade2-b84cdc033afa Heaviness: 6 limit: 5
2019-09-20 08:44:18,326 [RatisPipelineUtilsThread] INFO  pipeline.PipelinePlacementPolicy (PipelinePlacementPolicy.java:meetCriteria(91)) - Pipeline Placement: Doesn't meet the criteria to be viable node： a4a73c82-9756-45ac-afed-7299ac804f25 Heaviness: 6 limit: 5
2019-09-20 08:44:18,337 [Thread-235] INFO  tools.SimpleCopyListing (SimpleCopyListing.java:printStats(608)) - Paths (files+dirs) cnt = 11; dirCnt = 6
2019-09-20 08:44:18,337 [Thread-235] INFO  tools.SimpleCopyListing (SimpleCopyListing.java:doBuildListing(402)) - Build file listing completed.
2019-09-20 08:44:18,337 [grpc-default-executor-0] INFO  impl.RaftServerProxy (RaftServerProxy.java:addNew(89)) - aa30552f-ad30-4fe7-9018-411c04218958: addNew group-BCCBA320C189:[aa30552f-ad30-4fe7-9018-411c04218958:192.168.36.79:43863] returns group-BCCBA320C189:java.util.concurrent.CompletableFuture@72dacea3[Not completed]
2019-09-20 08:44:18,339 [pool-71-thread-1] INFO  impl.RaftServerImpl (RaftServerImpl.java:<init>(93)) - aa30552f-ad30-4fe7-9018-411c04218958: new RaftServerImpl for group-BCCBA320C189:[aa30552f-ad30-4fe7-9018-411c04218958:192.168.36.79:43863] with ContainerStateMachine:uninitialized
2019-09-20 08:44:18,339 [pool-71-thread-1] INFO  server.RaftServerConfigKeys (ConfUtils.java:logGet(43)) - raft.server.rpc.timeout.min = 5s (custom)
2019-09-20 08:44:18,339 [pool-71-thread-1] INFO  server.RaftServerConfigKeys (ConfUtils.java:logGet(43)) - raft.server.rpc.timeout.max = 5200ms (custom)
2019-09-20 08:44:18,339 [Thread-235] INFO  Configuration.deprecation (Configuration.java:logDeprecation(1394)) - io.sort.mb is deprecated. Instead, use mapreduce.task.io.sort.mb
2019-09-20 08:44:18,340 [pool-71-thread-1] INFO  server.RaftServerConfigKeys (ConfUtils.java:logGet(43)) - raft.server.rpcslowness.timeout = 120s (custom)
2019-09-20 08:44:18,340 [Thread-235] INFO  Configuration.deprecation (Configuration.java:logDeprecation(1394)) - io.sort.factor is deprecated. Instead, use mapreduce.task.io.sort.factor
2019-09-20 08:44:18,340 [pool-71-thread-1] INFO  server.RaftServerConfigKeys (ConfUtils.java:logGet(43)) - raft.server.sleep.deviation.threshold = 300 (default)
2019-09-20 08:44:18,340 [pool-71-thread-1] INFO  server.RaftServerConfigKeys (ConfUtils.java:logGet(43)) - raft.server.log.appender.install.snapshot.enabled = false (custom)
2019-09-20 08:44:18,340 [pool-71-thread-1] INFO  impl.RaftServerImpl (ServerState.java:<init>(105)) - aa30552f-ad30-4fe7-9018-411c04218958:group-BCCBA320C189 ConfigurationManager, init=-1: [aa30552f-ad30-4fe7-9018-411c04218958:192.168.36.79:43863], old=null, confs=<EMPTY_MAP>
2019-09-20 08:44:18,341 [pool-71-thread-1] INFO  server.RaftServerConfigKeys (ConfUtils.java:logGet(43)) - raft.server.storage.dir = [/workdir/hadoop-ozone/ozonefs/target/test-dir/MiniOzoneClusterImpl-84b7649f-0e5d-4ae2-b324-047deb1fece8/datanode-4/data/ratis] (custom)
2019-09-20 08:44:18,341 [pool-71-thread-1] INFO  storage.RaftStorageDirectory (RaftStorageDirectory.java:analyzeStorage(246)) - The storage directory /workdir/hadoop-ozone/ozonefs/target/test-dir/MiniOzoneClusterImpl-84b7649f-0e5d-4ae2-b324-047deb1fece8/datanode-4/data/ratis/46ab8ed9-53dd-4537-8c99-bccba320c189 does not exist. Creating ...
2019-09-20 08:44:18,377 [pool-71-thread-1] INFO  storage.RaftStorageDirectory (RaftStorageDirectory.java:tryLock(328)) - Lock on /workdir/hadoop-ozone/ozonefs/target/test-dir/MiniOzoneClusterImpl-84b7649f-0e5d-4ae2-b324-047deb1fece8/datanode-4/data/ratis/46ab8ed9-53dd-4537-8c99-bccba320c189/in_use.lock acquired by nodename 5807@pr-hdds-1569-s8kj2-2266485376
2019-09-20 08:44:18,389 [Thread-235] INFO  tools.DistCp (CopyListing.java:buildListing(94)) - Number of paths in the copy list: 11
2019-09-20 08:44:18,396 [pool-71-thread-1] INFO  storage.RaftStorage (RaftStorage.java:format(72)) - Storage directory /workdir/hadoop-ozone/ozonefs/target/test-dir/MiniOzoneClusterImpl-84b7649f-0e5d-4ae2-b324-047deb1fece8/datanode-4/data/ratis/46ab8ed9-53dd-4537-8c99-bccba320c189 has been successfully formatted.
2019-09-20 08:44:18,396 [pool-71-thread-1] INFO  ratis.ContainerStateMachine (ContainerStateMachine.java:loadSnapshot(226)) - group-BCCBA320C189: The snapshot info is null. Setting the last applied indexto:(t:0, i:~)
2019-09-20 08:44:18,396 [pool-71-thread-1] INFO  server.RaftServerConfigKeys (ConfUtils.java:logGet(43)) - raft.server.leader.election.timeout = 120s (custom)
2019-09-20 08:44:18,397 [pool-71-thread-1] INFO  server.RaftServerConfigKeys (ConfUtils.java:logGet(43)) - raft.server.log.use.memory = false (default)
2019-09-20 08:44:18,397 [pool-71-thread-1] INFO  server.RaftServerConfigKeys (ConfUtils.java:logGet(43)) - raft.server.log.purge.gap = 1000000 (custom)
2019-09-20 08:44:18,397 [pool-71-thread-1] INFO  server.RaftServerConfigKeys (ConfUtils.java:logGet(43)) - raft.server.log.appender.buffer.byte-limit = 33554432 (custom)
2019-09-20 08:44:18,397 [pool-71-thread-1] INFO  server.RaftServerConfigKeys (ConfUtils.java:logGet(43)) - raft.server.log.segment.size.max = 1048576 (custom)
2019-09-20 08:44:18,397 [pool-71-thread-1] INFO  server.RaftServerConfigKeys (ConfUtils.java:logGet(43)) - raft.server.log.segment.cache.num.max = 2 (custom)
2019-09-20 08:44:18,398 [pool-71-thread-1] INFO  segmented.SegmentedRaftLogWorker (SegmentedRaftLogWorker.java:<init>(172)) - new aa30552f-ad30-4fe7-9018-411c04218958-SegmentedRaftLogWorker:Storage Directory /workdir/hadoop-ozone/ozonefs/target/test-dir/MiniOzoneClusterImpl-84b7649f-0e5d-4ae2-b324-047deb1fece8/datanode-4/data/ratis/46ab8ed9-53dd-4537-8c99-bccba320c189 for RaftStorage:Storage Directory /workdir/hadoop-ozone/ozonefs/target/test-dir/MiniOzoneClusterImpl-84b7649f-0e5d-4ae2-b324-047deb1fece8/datanode-4/data/ratis/46ab8ed9-53dd-4537-8c99-bccba320c189
2019-09-20 08:44:18,398 [pool-71-thread-1] INFO  server.RaftServerConfigKeys (ConfUtils.java:logGet(43)) - raft.server.log.queue.byte-limit = 2147483647 (custom)
2019-09-20 08:44:18,398 [pool-71-thread-1] INFO  server.RaftServerConfigKeys (ConfUtils.java:logGet(43)) - raft.server.log.queue.element-limit = 1024 (custom)
2019-09-20 08:44:18,398 [pool-71-thread-1] INFO  server.RaftServerConfigKeys (ConfUtils.java:logGet(43)) - raft.server.log.segment.size.max = 1048576 (custom)
2019-09-20 08:44:18,398 [pool-71-thread-1] INFO  server.RaftServerConfigKeys (ConfUtils.java:logGet(43)) - raft.server.log.preallocated.size = 16384 (custom)
2019-09-20 08:44:18,399 [pool-71-thread-1] INFO  server.RaftServerConfigKeys (ConfUtils.java:logGet(43)) - raft.server.log.write.buffer.size = 33554432 (custom)
2019-09-20 08:44:18,399 [pool-71-thread-1] INFO  server.RaftServerConfigKeys (ConfUtils.java:logGet(43)) - raft.server.log.force.sync.num = 128 (default)
2019-09-20 08:44:18,399 [pool-71-thread-1] INFO  server.RaftServerConfigKeys (ConfUtils.java:logGet(43)) - raft.server.log.statemachine.data.sync = true (default)
2019-09-20 08:44:18,399 [pool-71-thread-1] INFO  server.RaftServerConfigKeys (ConfUtils.java:logGet(43)) - raft.server.log.statemachine.data.sync.timeout = 10s (default)
2019-09-20 08:44:18,399 [pool-71-thread-1] INFO  server.RaftServerConfigKeys (ConfUtils.java:logGet(43)) - raft.server.log.statemachine.data.sync.timeout.retry = -1 (default)
2019-09-20 08:44:18,399 [pool-71-thread-1] INFO  server.RaftServerConfigKeys (ConfUtils.java:logGet(43)) - raft.server.log.statemachine.data.caching.enabled = true (custom)
2019-09-20 08:44:18,400 [pool-71-thread-1] INFO  segmented.SegmentedRaftLogWorker (SegmentedRaftLogWorker.java:lambda$new$0(132)) - aa30552f-ad30-4fe7-9018-411c04218958-SegmentedRaftLogWorker:Storage Directory /workdir/hadoop-ozone/ozonefs/target/test-dir/MiniOzoneClusterImpl-84b7649f-0e5d-4ae2-b324-047deb1fece8/datanode-4/data/ratis/46ab8ed9-53dd-4537-8c99-bccba320c189: flushIndex: setUnconditionally 0 -> -1
2019-09-20 08:44:18,400 [pool-71-thread-1] INFO  server.RaftServerConfigKeys (ConfUtils.java:logGet(43)) - raft.server.snapshot.auto.trigger.enabled = true (custom)
2019-09-20 08:44:18,401 [pool-71-thread-1] INFO  server.RaftServerConfigKeys (ConfUtils.java:logGet(43)) - raft.server.snapshot.auto.trigger.threshold = 10000 (custom)
2019-09-20 08:44:18,401 [pool-71-thread-1] INFO  server.RaftServerConfigKeys (ConfUtils.java:logGet(43)) - raft.server.retrycache.expirytime = 600000ms (custom)
2019-09-20 08:44:18,401 [pool-71-thread-1] INFO  impl.RaftServerImpl (RaftServerImpl.java:start(180)) - aa30552f-ad30-4fe7-9018-411c04218958: start group-BCCBA320C189
2019-09-20 08:44:18,401 [pool-71-thread-1] INFO  impl.RaftServerImpl (RaftServerImpl.java:setRole(171)) - aa30552f-ad30-4fe7-9018-411c04218958:group-BCCBA320C189 changes role from null to FOLLOWER at term 0 for startAsFollower
2019-09-20 08:44:18,402 [pool-71-thread-1] INFO  impl.RoleInfo (RoleInfo.java:updateAndGet(143)) - aa30552f-ad30-4fe7-9018-411c04218958: start FollowerState
2019-09-20 08:44:18,402 [pool-71-thread-1] INFO  util.JmxRegister (JmxRegister.java:tryRegister(44)) - Successfully registered JMX Bean with object name Ratis:service=RaftServer,group=group-BCCBA320C189,id=aa30552f-ad30-4fe7-9018-411c04218958
2019-09-20 08:44:18,407 [Thread-235] INFO  tools.DistCp (CopyListing.java:buildListing(94)) - Number of paths in the copy list: 11
2019-09-20 08:44:18,410 [RatisPipelineUtilsThread] INFO  pipeline.PipelineStateManager (PipelineStateManager.java:addPipeline(56)) - Created pipeline Pipeline[ Id: 46ab8ed9-53dd-4537-8c99-bccba320c189, Nodes: aa30552f-ad30-4fe7-9018-411c04218958{ip: 192.168.36.79, host: pr-hdds-1569-s8kj2-2266485376, networkLocation: /default-rack, certSerialId: null}, Type:RATIS, Factor:ONE, State:OPEN]
2019-09-20 08:44:18,410 [RatisPipelineUtilsThread] INFO  pipeline.PipelinePlacementPolicy (PipelinePlacementPolicy.java:meetCriteria(91)) - Pipeline Placement: Doesn't meet the criteria to be viable node： b892e876-f5ae-410a-9dfd-4f07fd940729 Heaviness: 6 limit: 5
2019-09-20 08:44:18,410 [RatisPipelineUtilsThread] INFO  pipeline.PipelinePlacementPolicy (PipelinePlacementPolicy.java:meetCriteria(91)) - Pipeline Placement: Doesn't meet the criteria to be viable node： 9123b815-6bfa-48f7-ade2-b84cdc033afa Heaviness: 6 limit: 5
2019-09-20 08:44:18,410 [RatisPipelineUtilsThread] INFO  pipeline.PipelinePlacementPolicy (PipelinePlacementPolicy.java:meetCriteria(91)) - Pipeline Placement: Doesn't meet the criteria to be viable node： a4a73c82-9756-45ac-afed-7299ac804f25 Heaviness: 6 limit: 5
2019-09-20 08:44:18,417 [Thread-235] INFO  impl.MetricsSystemImpl (MetricsSystemImpl.java:init(158)) - JobTracker metrics system started (again)
2019-09-20 08:44:18,423 [grpc-default-executor-0] INFO  impl.RaftServerProxy (RaftServerProxy.java:addNew(89)) - aa30552f-ad30-4fe7-9018-411c04218958: addNew group-BC5F22659251:[aa30552f-ad30-4fe7-9018-411c04218958:192.168.36.79:43863] returns group-BC5F22659251:java.util.concurrent.CompletableFuture@27d5d081[Not completed]
2019-09-20 08:44:18,424 [pool-71-thread-1] INFO  impl.RaftServerImpl (RaftServerImpl.java:<init>(93)) - aa30552f-ad30-4fe7-9018-411c04218958: new RaftServerImpl for group-BC5F22659251:[aa30552f-ad30-4fe7-9018-411c04218958:192.168.36.79:43863] with ContainerStateMachine:uninitialized
2019-09-20 08:44:18,424 [pool-71-thread-1] INFO  server.RaftServerConfigKeys (ConfUtils.java:logGet(43)) - raft.server.rpc.timeout.min = 5s (custom)
2019-09-20 08:44:18,425 [pool-71-thread-1] INFO  server.RaftServerConfigKeys (ConfUtils.java:logGet(43)) - raft.server.rpc.timeout.max = 5200ms (custom)
2019-09-20 08:44:18,425 [pool-71-thread-1] INFO  server.RaftServerConfigKeys (ConfUtils.java:logGet(43)) - raft.server.rpcslowness.timeout = 120s (custom)
2019-09-20 08:44:18,425 [pool-71-thread-1] INFO  server.RaftServerConfigKeys (ConfUtils.java:logGet(43)) - raft.server.sleep.deviation.threshold = 300 (default)
2019-09-20 08:44:18,425 [pool-71-thread-1] INFO  server.RaftServerConfigKeys (ConfUtils.java:logGet(43)) - raft.server.log.appender.install.snapshot.enabled = false (custom)
2019-09-20 08:44:18,425 [pool-71-thread-1] INFO  impl.RaftServerImpl (ServerState.java:<init>(105)) - aa30552f-ad30-4fe7-9018-411c04218958:group-BC5F22659251 ConfigurationManager, init=-1: [aa30552f-ad30-4fe7-9018-411c04218958:192.168.36.79:43863], old=null, confs=<EMPTY_MAP>
2019-09-20 08:44:18,426 [pool-71-thread-1] INFO  server.RaftServerConfigKeys (ConfUtils.java:logGet(43)) - raft.server.storage.dir = [/workdir/hadoop-ozone/ozonefs/target/test-dir/MiniOzoneClusterImpl-84b7649f-0e5d-4ae2-b324-047deb1fece8/datanode-4/data/ratis] (custom)
2019-09-20 08:44:18,426 [pool-71-thread-1] INFO  storage.RaftStorageDirectory (RaftStorageDirectory.java:analyzeStorage(246)) - The storage directory /workdir/hadoop-ozone/ozonefs/target/test-dir/MiniOzoneClusterImpl-84b7649f-0e5d-4ae2-b324-047deb1fece8/datanode-4/data/ratis/9975437a-005d-4de9-8c93-bc5f22659251 does not exist. Creating ...
2019-09-20 08:44:18,450 [pool-71-thread-1] INFO  storage.RaftStorageDirectory (RaftStorageDirectory.java:tryLock(328)) - Lock on /workdir/hadoop-ozone/ozonefs/target/test-dir/MiniOzoneClusterImpl-84b7649f-0e5d-4ae2-b324-047deb1fece8/datanode-4/data/ratis/9975437a-005d-4de9-8c93-bc5f22659251/in_use.lock acquired by nodename 5807@pr-hdds-1569-s8kj2-2266485376
2019-09-20 08:44:18,451 | INFO  | SCMAudit | user=jenkins1000 | ip=192.168.36.79 | op=SEND_HEARTBEAT {datanodeUUID=75feff7d-6f48-4002-b580-45a21ea734c6, command=[]} | ret=SUCCESS |  
2019-09-20 08:44:18,464 [Thread-235] WARN  mapreduce.JobResourceUploader (JobResourceUploader.java:uploadResourcesInternal(147)) - Hadoop command-line option parsing not performed. Implement the Tool interface and execute your application with ToolRunner to remedy this.
2019-09-20 08:44:18,467 [pool-71-thread-1] INFO  storage.RaftStorage (RaftStorage.java:format(72)) - Storage directory /workdir/hadoop-ozone/ozonefs/target/test-dir/MiniOzoneClusterImpl-84b7649f-0e5d-4ae2-b324-047deb1fece8/datanode-4/data/ratis/9975437a-005d-4de9-8c93-bc5f22659251 has been successfully formatted.
2019-09-20 08:44:18,468 [pool-71-thread-1] INFO  ratis.ContainerStateMachine (ContainerStateMachine.java:loadSnapshot(226)) - group-BC5F22659251: The snapshot info is null. Setting the last applied indexto:(t:0, i:~)
2019-09-20 08:44:18,468 [pool-71-thread-1] INFO  server.RaftServerConfigKeys (ConfUtils.java:logGet(43)) - raft.server.leader.election.timeout = 120s (custom)
2019-09-20 08:44:18,468 [pool-71-thread-1] INFO  server.RaftServerConfigKeys (ConfUtils.java:logGet(43)) - raft.server.log.use.memory = false (default)
2019-09-20 08:44:18,468 [pool-71-thread-1] INFO  server.RaftServerConfigKeys (ConfUtils.java:logGet(43)) - raft.server.log.purge.gap = 1000000 (custom)
2019-09-20 08:44:18,468 [pool-71-thread-1] INFO  server.RaftServerConfigKeys (ConfUtils.java:logGet(43)) - raft.server.log.appender.buffer.byte-limit = 33554432 (custom)
2019-09-20 08:44:18,469 [pool-71-thread-1] INFO  server.RaftServerConfigKeys (ConfUtils.java:logGet(43)) - raft.server.log.segment.size.max = 1048576 (custom)
2019-09-20 08:44:18,469 [pool-71-thread-1] INFO  server.RaftServerConfigKeys (ConfUtils.java:logGet(43)) - raft.server.log.segment.cache.num.max = 2 (custom)
2019-09-20 08:44:18,469 [pool-71-thread-1] INFO  segmented.SegmentedRaftLogWorker (SegmentedRaftLogWorker.java:<init>(172)) - new aa30552f-ad30-4fe7-9018-411c04218958-SegmentedRaftLogWorker:Storage Directory /workdir/hadoop-ozone/ozonefs/target/test-dir/MiniOzoneClusterImpl-84b7649f-0e5d-4ae2-b324-047deb1fece8/datanode-4/data/ratis/9975437a-005d-4de9-8c93-bc5f22659251 for RaftStorage:Storage Directory /workdir/hadoop-ozone/ozonefs/target/test-dir/MiniOzoneClusterImpl-84b7649f-0e5d-4ae2-b324-047deb1fece8/datanode-4/data/ratis/9975437a-005d-4de9-8c93-bc5f22659251
2019-09-20 08:44:18,469 [pool-71-thread-1] INFO  server.RaftServerConfigKeys (ConfUtils.java:logGet(43)) - raft.server.log.queue.byte-limit = 2147483647 (custom)
2019-09-20 08:44:18,469 [pool-71-thread-1] INFO  server.RaftServerConfigKeys (ConfUtils.java:logGet(43)) - raft.server.log.queue.element-limit = 1024 (custom)
2019-09-20 08:44:18,469 [pool-71-thread-1] INFO  server.RaftServerConfigKeys (ConfUtils.java:logGet(43)) - raft.server.log.segment.size.max = 1048576 (custom)
2019-09-20 08:44:18,470 [pool-71-thread-1] INFO  server.RaftServerConfigKeys (ConfUtils.java:logGet(43)) - raft.server.log.preallocated.size = 16384 (custom)
2019-09-20 08:44:18,470 [pool-71-thread-1] INFO  server.RaftServerConfigKeys (ConfUtils.java:logGet(43)) - raft.server.log.write.buffer.size = 33554432 (custom)
2019-09-20 08:44:18,470 [pool-71-thread-1] INFO  server.RaftServerConfigKeys (ConfUtils.java:logGet(43)) - raft.server.log.force.sync.num = 128 (default)
2019-09-20 08:44:18,470 [pool-71-thread-1] INFO  server.RaftServerConfigKeys (ConfUtils.java:logGet(43)) - raft.server.log.statemachine.data.sync = true (default)
2019-09-20 08:44:18,472 [pool-71-thread-1] INFO  server.RaftServerConfigKeys (ConfUtils.java:logGet(43)) - raft.server.log.statemachine.data.sync.timeout = 10s (default)
2019-09-20 08:44:18,472 [pool-71-thread-1] INFO  server.RaftServerConfigKeys (ConfUtils.java:logGet(43)) - raft.server.log.statemachine.data.sync.timeout.retry = -1 (default)
2019-09-20 08:44:18,472 | INFO  | SCMAudit | user=jenkins1000 | ip=192.168.36.79 | op=SEND_HEARTBEAT {datanodeUUID=b892e876-f5ae-410a-9dfd-4f07fd940729, command=[]} | ret=SUCCESS |  
2019-09-20 08:44:18,472 [pool-71-thread-1] INFO  server.RaftServerConfigKeys (ConfUtils.java:logGet(43)) - raft.server.log.statemachine.data.caching.enabled = true (custom)
2019-09-20 08:44:18,473 [pool-71-thread-1] INFO  segmented.SegmentedRaftLogWorker (SegmentedRaftLogWorker.java:lambda$new$0(132)) - aa30552f-ad30-4fe7-9018-411c04218958-SegmentedRaftLogWorker:Storage Directory /workdir/hadoop-ozone/ozonefs/target/test-dir/MiniOzoneClusterImpl-84b7649f-0e5d-4ae2-b324-047deb1fece8/datanode-4/data/ratis/9975437a-005d-4de9-8c93-bc5f22659251: flushIndex: setUnconditionally 0 -> -1
2019-09-20 08:44:18,473 [pool-71-thread-1] INFO  server.RaftServerConfigKeys (ConfUtils.java:logGet(43)) - raft.server.snapshot.auto.trigger.enabled = true (custom)
2019-09-20 08:44:18,474 [pool-71-thread-1] INFO  server.RaftServerConfigKeys (ConfUtils.java:logGet(43)) - raft.server.snapshot.auto.trigger.threshold = 10000 (custom)
2019-09-20 08:44:18,474 [pool-71-thread-1] INFO  server.RaftServerConfigKeys (ConfUtils.java:logGet(43)) - raft.server.retrycache.expirytime = 600000ms (custom)
2019-09-20 08:44:18,474 [pool-71-thread-1] INFO  impl.RaftServerImpl (RaftServerImpl.java:start(180)) - aa30552f-ad30-4fe7-9018-411c04218958: start group-BC5F22659251
2019-09-20 08:44:18,475 [pool-71-thread-1] INFO  impl.RaftServerImpl (RaftServerImpl.java:setRole(171)) - aa30552f-ad30-4fe7-9018-411c04218958:group-BC5F22659251 changes role from null to FOLLOWER at term 0 for startAsFollower
2019-09-20 08:44:18,475 [pool-71-thread-1] INFO  impl.RoleInfo (RoleInfo.java:updateAndGet(143)) - aa30552f-ad30-4fe7-9018-411c04218958: start FollowerState
2019-09-20 08:44:18,476 [pool-71-thread-1] INFO  util.JmxRegister (JmxRegister.java:tryRegister(44)) - Successfully registered JMX Bean with object name Ratis:service=RaftServer,group=group-BC5F22659251,id=aa30552f-ad30-4fe7-9018-411c04218958
2019-09-20 08:44:18,481 | INFO  | SCMAudit | user=jenkins1000 | ip=192.168.36.79 | op=SEND_HEARTBEAT {datanodeUUID=aa30552f-ad30-4fe7-9018-411c04218958, command=[]} | ret=SUCCESS |  
2019-09-20 08:44:18,482 [RatisPipelineUtilsThread] INFO  pipeline.PipelineStateManager (PipelineStateManager.java:addPipeline(56)) - Created pipeline Pipeline[ Id: 9975437a-005d-4de9-8c93-bc5f22659251, Nodes: aa30552f-ad30-4fe7-9018-411c04218958{ip: 192.168.36.79, host: pr-hdds-1569-s8kj2-2266485376, networkLocation: /default-rack, certSerialId: null}, Type:RATIS, Factor:ONE, State:OPEN]
2019-09-20 08:44:18,484 [RatisPipelineUtilsThread] INFO  pipeline.PipelinePlacementPolicy (PipelinePlacementPolicy.java:meetCriteria(91)) - Pipeline Placement: Doesn't meet the criteria to be viable node： aa30552f-ad30-4fe7-9018-411c04218958 Heaviness: 6 limit: 5
2019-09-20 08:44:18,484 [RatisPipelineUtilsThread] INFO  pipeline.PipelinePlacementPolicy (PipelinePlacementPolicy.java:meetCriteria(91)) - Pipeline Placement: Doesn't meet the criteria to be viable node： b892e876-f5ae-410a-9dfd-4f07fd940729 Heaviness: 6 limit: 5
2019-09-20 08:44:18,484 [RatisPipelineUtilsThread] INFO  pipeline.PipelinePlacementPolicy (PipelinePlacementPolicy.java:meetCriteria(91)) - Pipeline Placement: Doesn't meet the criteria to be viable node： 9123b815-6bfa-48f7-ade2-b84cdc033afa Heaviness: 6 limit: 5
2019-09-20 08:44:18,484 [RatisPipelineUtilsThread] INFO  pipeline.PipelinePlacementPolicy (PipelinePlacementPolicy.java:meetCriteria(91)) - Pipeline Placement: Doesn't meet the criteria to be viable node： a4a73c82-9756-45ac-afed-7299ac804f25 Heaviness: 6 limit: 5
2019-09-20 08:44:18,494 [grpc-default-executor-0] INFO  impl.RaftServerProxy (RaftServerProxy.java:addNew(89)) - 75feff7d-6f48-4002-b580-45a21ea734c6: addNew group-992C195CD1B0:[75feff7d-6f48-4002-b580-45a21ea734c6:192.168.36.79:46393] returns group-992C195CD1B0:java.util.concurrent.CompletableFuture@57a9e99c[Not completed]
2019-09-20 08:44:18,495 [pool-60-thread-1] INFO  impl.RaftServerImpl (RaftServerImpl.java:<init>(93)) - 75feff7d-6f48-4002-b580-45a21ea734c6: new RaftServerImpl for group-992C195CD1B0:[75feff7d-6f48-4002-b580-45a21ea734c6:192.168.36.79:46393] with ContainerStateMachine:uninitialized
2019-09-20 08:44:18,495 [pool-60-thread-1] INFO  server.RaftServerConfigKeys (ConfUtils.java:logGet(43)) - raft.server.rpc.timeout.min = 5s (custom)
2019-09-20 08:44:18,495 [pool-60-thread-1] INFO  server.RaftServerConfigKeys (ConfUtils.java:logGet(43)) - raft.server.rpc.timeout.max = 5200ms (custom)
2019-09-20 08:44:18,495 [pool-60-thread-1] INFO  server.RaftServerConfigKeys (ConfUtils.java:logGet(43)) - raft.server.rpcslowness.timeout = 120s (custom)
2019-09-20 08:44:18,496 [pool-60-thread-1] INFO  server.RaftServerConfigKeys (ConfUtils.java:logGet(43)) - raft.server.sleep.deviation.threshold = 300 (default)
2019-09-20 08:44:18,496 [pool-60-thread-1] INFO  server.RaftServerConfigKeys (ConfUtils.java:logGet(43)) - raft.server.log.appender.install.snapshot.enabled = false (custom)
2019-09-20 08:44:18,496 [pool-60-thread-1] INFO  impl.RaftServerImpl (ServerState.java:<init>(105)) - 75feff7d-6f48-4002-b580-45a21ea734c6:group-992C195CD1B0 ConfigurationManager, init=-1: [75feff7d-6f48-4002-b580-45a21ea734c6:192.168.36.79:46393], old=null, confs=<EMPTY_MAP>
2019-09-20 08:44:18,496 [pool-60-thread-1] INFO  server.RaftServerConfigKeys (ConfUtils.java:logGet(43)) - raft.server.storage.dir = [/workdir/hadoop-ozone/ozonefs/target/test-dir/MiniOzoneClusterImpl-84b7649f-0e5d-4ae2-b324-047deb1fece8/datanode-3/data/ratis] (custom)
2019-09-20 08:44:18,496 [pool-60-thread-1] INFO  storage.RaftStorageDirectory (RaftStorageDirectory.java:analyzeStorage(246)) - The storage directory /workdir/hadoop-ozone/ozonefs/target/test-dir/MiniOzoneClusterImpl-84b7649f-0e5d-4ae2-b324-047deb1fece8/datanode-3/data/ratis/1a6ba18e-b993-40b5-895b-992c195cd1b0 does not exist. Creating ...
2019-09-20 08:44:18,551 [pool-60-thread-1] INFO  storage.RaftStorageDirectory (RaftStorageDirectory.java:tryLock(328)) - Lock on /workdir/hadoop-ozone/ozonefs/target/test-dir/MiniOzoneClusterImpl-84b7649f-0e5d-4ae2-b324-047deb1fece8/datanode-3/data/ratis/1a6ba18e-b993-40b5-895b-992c195cd1b0/in_use.lock acquired by nodename 5807@pr-hdds-1569-s8kj2-2266485376
2019-09-20 08:44:18,566 [Thread-235] INFO  mapreduce.JobSubmitter (JobSubmitter.java:submitJobInternal(202)) - number of splits:9
2019-09-20 08:44:18,571 [pool-60-thread-1] INFO  storage.RaftStorage (RaftStorage.java:format(72)) - Storage directory /workdir/hadoop-ozone/ozonefs/target/test-dir/MiniOzoneClusterImpl-84b7649f-0e5d-4ae2-b324-047deb1fece8/datanode-3/data/ratis/1a6ba18e-b993-40b5-895b-992c195cd1b0 has been successfully formatted.
2019-09-20 08:44:18,572 [pool-60-thread-1] INFO  ratis.ContainerStateMachine (ContainerStateMachine.java:loadSnapshot(226)) - group-992C195CD1B0: The snapshot info is null. Setting the last applied indexto:(t:0, i:~)
2019-09-20 08:44:18,572 [pool-60-thread-1] INFO  server.RaftServerConfigKeys (ConfUtils.java:logGet(43)) - raft.server.leader.election.timeout = 120s (custom)
2019-09-20 08:44:18,572 [pool-60-thread-1] INFO  server.RaftServerConfigKeys (ConfUtils.java:logGet(43)) - raft.server.log.use.memory = false (default)
2019-09-20 08:44:18,572 [pool-60-thread-1] INFO  server.RaftServerConfigKeys (ConfUtils.java:logGet(43)) - raft.server.log.purge.gap = 1000000 (custom)
2019-09-20 08:44:18,572 [pool-60-thread-1] INFO  server.RaftServerConfigKeys (ConfUtils.java:logGet(43)) - raft.server.log.appender.buffer.byte-limit = 33554432 (custom)
2019-09-20 08:44:18,572 [pool-60-thread-1] INFO  server.RaftServerConfigKeys (ConfUtils.java:logGet(43)) - raft.server.log.segment.size.max = 1048576 (custom)
2019-09-20 08:44:18,573 [pool-60-thread-1] INFO  server.RaftServerConfigKeys (ConfUtils.java:logGet(43)) - raft.server.log.segment.cache.num.max = 2 (custom)
2019-09-20 08:44:18,573 [pool-60-thread-1] INFO  segmented.SegmentedRaftLogWorker (SegmentedRaftLogWorker.java:<init>(172)) - new 75feff7d-6f48-4002-b580-45a21ea734c6-SegmentedRaftLogWorker:Storage Directory /workdir/hadoop-ozone/ozonefs/target/test-dir/MiniOzoneClusterImpl-84b7649f-0e5d-4ae2-b324-047deb1fece8/datanode-3/data/ratis/1a6ba18e-b993-40b5-895b-992c195cd1b0 for RaftStorage:Storage Directory /workdir/hadoop-ozone/ozonefs/target/test-dir/MiniOzoneClusterImpl-84b7649f-0e5d-4ae2-b324-047deb1fece8/datanode-3/data/ratis/1a6ba18e-b993-40b5-895b-992c195cd1b0
2019-09-20 08:44:18,573 [pool-60-thread-1] INFO  server.RaftServerConfigKeys (ConfUtils.java:logGet(43)) - raft.server.log.queue.byte-limit = 2147483647 (custom)
2019-09-20 08:44:18,573 [pool-60-thread-1] INFO  server.RaftServerConfigKeys (ConfUtils.java:logGet(43)) - raft.server.log.queue.element-limit = 1024 (custom)
2019-09-20 08:44:18,573 [pool-60-thread-1] INFO  server.RaftServerConfigKeys (ConfUtils.java:logGet(43)) - raft.server.log.segment.size.max = 1048576 (custom)
2019-09-20 08:44:18,573 [pool-60-thread-1] INFO  server.RaftServerConfigKeys (ConfUtils.java:logGet(43)) - raft.server.log.preallocated.size = 16384 (custom)
2019-09-20 08:44:18,573 [pool-60-thread-1] INFO  server.RaftServerConfigKeys (ConfUtils.java:logGet(43)) - raft.server.log.write.buffer.size = 33554432 (custom)
2019-09-20 08:44:18,573 [pool-60-thread-1] INFO  server.RaftServerConfigKeys (ConfUtils.java:logGet(43)) - raft.server.log.force.sync.num = 128 (default)
2019-09-20 08:44:18,574 [pool-60-thread-1] INFO  server.RaftServerConfigKeys (ConfUtils.java:logGet(43)) - raft.server.log.statemachine.data.sync = true (default)
2019-09-20 08:44:18,574 [pool-60-thread-1] INFO  server.RaftServerConfigKeys (ConfUtils.java:logGet(43)) - raft.server.log.statemachine.data.sync.timeout = 10s (default)
2019-09-20 08:44:18,574 [pool-60-thread-1] INFO  server.RaftServerConfigKeys (ConfUtils.java:logGet(43)) - raft.server.log.statemachine.data.sync.timeout.retry = -1 (default)
2019-09-20 08:44:18,574 [pool-60-thread-1] INFO  server.RaftServerConfigKeys (ConfUtils.java:logGet(43)) - raft.server.log.statemachine.data.caching.enabled = true (custom)
2019-09-20 08:44:18,574 [pool-60-thread-1] INFO  segmented.SegmentedRaftLogWorker (SegmentedRaftLogWorker.java:lambda$new$0(132)) - 75feff7d-6f48-4002-b580-45a21ea734c6-SegmentedRaftLogWorker:Storage Directory /workdir/hadoop-ozone/ozonefs/target/test-dir/MiniOzoneClusterImpl-84b7649f-0e5d-4ae2-b324-047deb1fece8/datanode-3/data/ratis/1a6ba18e-b993-40b5-895b-992c195cd1b0: flushIndex: setUnconditionally 0 -> -1
2019-09-20 08:44:18,575 [pool-60-thread-1] INFO  server.RaftServerConfigKeys (ConfUtils.java:logGet(43)) - raft.server.snapshot.auto.trigger.enabled = true (custom)
2019-09-20 08:44:18,575 [pool-60-thread-1] INFO  server.RaftServerConfigKeys (ConfUtils.java:logGet(43)) - raft.server.snapshot.auto.trigger.threshold = 10000 (custom)
2019-09-20 08:44:18,575 [pool-60-thread-1] INFO  server.RaftServerConfigKeys (ConfUtils.java:logGet(43)) - raft.server.retrycache.expirytime = 600000ms (custom)
2019-09-20 08:44:18,575 [pool-60-thread-1] INFO  impl.RaftServerImpl (RaftServerImpl.java:start(180)) - 75feff7d-6f48-4002-b580-45a21ea734c6: start group-992C195CD1B0
2019-09-20 08:44:18,575 [pool-60-thread-1] INFO  impl.RaftServerImpl (RaftServerImpl.java:setRole(171)) - 75feff7d-6f48-4002-b580-45a21ea734c6:group-992C195CD1B0 changes role from null to FOLLOWER at term 0 for startAsFollower
2019-09-20 08:44:18,576 [pool-60-thread-1] INFO  impl.RoleInfo (RoleInfo.java:updateAndGet(143)) - 75feff7d-6f48-4002-b580-45a21ea734c6: start FollowerState
2019-09-20 08:44:18,576 [pool-60-thread-1] INFO  util.JmxRegister (JmxRegister.java:tryRegister(44)) - Successfully registered JMX Bean with object name Ratis:service=RaftServer,group=group-992C195CD1B0,id=75feff7d-6f48-4002-b580-45a21ea734c6
2019-09-20 08:44:18,582 [RatisPipelineUtilsThread] INFO  pipeline.PipelineStateManager (PipelineStateManager.java:addPipeline(56)) - Created pipeline Pipeline[ Id: 1a6ba18e-b993-40b5-895b-992c195cd1b0, Nodes: 75feff7d-6f48-4002-b580-45a21ea734c6{ip: 192.168.36.79, host: pr-hdds-1569-s8kj2-2266485376, networkLocation: /default-rack, certSerialId: null}, Type:RATIS, Factor:ONE, State:OPEN]
2019-09-20 08:44:18,583 [RatisPipelineUtilsThread] INFO  pipeline.PipelinePlacementPolicy (PipelinePlacementPolicy.java:meetCriteria(91)) - Pipeline Placement: Doesn't meet the criteria to be viable node： aa30552f-ad30-4fe7-9018-411c04218958 Heaviness: 6 limit: 5
2019-09-20 08:44:18,583 [RatisPipelineUtilsThread] INFO  pipeline.PipelinePlacementPolicy (PipelinePlacementPolicy.java:meetCriteria(91)) - Pipeline Placement: Doesn't meet the criteria to be viable node： b892e876-f5ae-410a-9dfd-4f07fd940729 Heaviness: 6 limit: 5
2019-09-20 08:44:18,584 [RatisPipelineUtilsThread] INFO  pipeline.PipelinePlacementPolicy (PipelinePlacementPolicy.java:meetCriteria(91)) - Pipeline Placement: Doesn't meet the criteria to be viable node： 9123b815-6bfa-48f7-ade2-b84cdc033afa Heaviness: 6 limit: 5
2019-09-20 08:44:18,584 [RatisPipelineUtilsThread] INFO  pipeline.PipelinePlacementPolicy (PipelinePlacementPolicy.java:meetCriteria(91)) - Pipeline Placement: Doesn't meet the criteria to be viable node： a4a73c82-9756-45ac-afed-7299ac804f25 Heaviness: 6 limit: 5
2019-09-20 08:44:18,592 [grpc-default-executor-0] INFO  impl.RaftServerProxy (RaftServerProxy.java:addNew(89)) - 75feff7d-6f48-4002-b580-45a21ea734c6: addNew group-6CAC61CA7E05:[75feff7d-6f48-4002-b580-45a21ea734c6:192.168.36.79:46393] returns group-6CAC61CA7E05:java.util.concurrent.CompletableFuture@6c395a38[Not completed]
2019-09-20 08:44:18,594 [pool-60-thread-1] INFO  impl.RaftServerImpl (RaftServerImpl.java:<init>(93)) - 75feff7d-6f48-4002-b580-45a21ea734c6: new RaftServerImpl for group-6CAC61CA7E05:[75feff7d-6f48-4002-b580-45a21ea734c6:192.168.36.79:46393] with ContainerStateMachine:uninitialized
2019-09-20 08:44:18,594 [pool-60-thread-1] INFO  server.RaftServerConfigKeys (ConfUtils.java:logGet(43)) - raft.server.rpc.timeout.min = 5s (custom)
2019-09-20 08:44:18,594 [pool-60-thread-1] INFO  server.RaftServerConfigKeys (ConfUtils.java:logGet(43)) - raft.server.rpc.timeout.max = 5200ms (custom)
2019-09-20 08:44:18,594 [pool-60-thread-1] INFO  server.RaftServerConfigKeys (ConfUtils.java:logGet(43)) - raft.server.rpcslowness.timeout = 120s (custom)
2019-09-20 08:44:18,594 [pool-60-thread-1] INFO  server.RaftServerConfigKeys (ConfUtils.java:logGet(43)) - raft.server.sleep.deviation.threshold = 300 (default)
2019-09-20 08:44:18,595 [pool-60-thread-1] INFO  server.RaftServerConfigKeys (ConfUtils.java:logGet(43)) - raft.server.log.appender.install.snapshot.enabled = false (custom)
2019-09-20 08:44:18,595 [pool-60-thread-1] INFO  impl.RaftServerImpl (ServerState.java:<init>(105)) - 75feff7d-6f48-4002-b580-45a21ea734c6:group-6CAC61CA7E05 ConfigurationManager, init=-1: [75feff7d-6f48-4002-b580-45a21ea734c6:192.168.36.79:46393], old=null, confs=<EMPTY_MAP>
2019-09-20 08:44:18,595 [pool-60-thread-1] INFO  server.RaftServerConfigKeys (ConfUtils.java:logGet(43)) - raft.server.storage.dir = [/workdir/hadoop-ozone/ozonefs/target/test-dir/MiniOzoneClusterImpl-84b7649f-0e5d-4ae2-b324-047deb1fece8/datanode-3/data/ratis] (custom)
2019-09-20 08:44:18,595 [pool-60-thread-1] INFO  storage.RaftStorageDirectory (RaftStorageDirectory.java:analyzeStorage(246)) - The storage directory /workdir/hadoop-ozone/ozonefs/target/test-dir/MiniOzoneClusterImpl-84b7649f-0e5d-4ae2-b324-047deb1fece8/datanode-3/data/ratis/169f8099-9e1c-44a6-868c-6cac61ca7e05 does not exist. Creating ...
2019-09-20 08:44:18,700 [pool-60-thread-1] INFO  storage.RaftStorageDirectory (RaftStorageDirectory.java:tryLock(328)) - Lock on /workdir/hadoop-ozone/ozonefs/target/test-dir/MiniOzoneClusterImpl-84b7649f-0e5d-4ae2-b324-047deb1fece8/datanode-3/data/ratis/169f8099-9e1c-44a6-868c-6cac61ca7e05/in_use.lock acquired by nodename 5807@pr-hdds-1569-s8kj2-2266485376
2019-09-20 08:44:18,723 | INFO  | SCMAudit | user=jenkins1000 | ip=192.168.36.79 | op=SEND_HEARTBEAT {datanodeUUID=a4a73c82-9756-45ac-afed-7299ac804f25, command=[]} | ret=SUCCESS |  
2019-09-20 08:44:18,773 [pool-60-thread-1] INFO  storage.RaftStorage (RaftStorage.java:format(72)) - Storage directory /workdir/hadoop-ozone/ozonefs/target/test-dir/MiniOzoneClusterImpl-84b7649f-0e5d-4ae2-b324-047deb1fece8/datanode-3/data/ratis/169f8099-9e1c-44a6-868c-6cac61ca7e05 has been successfully formatted.
2019-09-20 08:44:18,773 [pool-60-thread-1] INFO  ratis.ContainerStateMachine (ContainerStateMachine.java:loadSnapshot(226)) - group-6CAC61CA7E05: The snapshot info is null. Setting the last applied indexto:(t:0, i:~)
2019-09-20 08:44:18,773 [pool-60-thread-1] INFO  server.RaftServerConfigKeys (ConfUtils.java:logGet(43)) - raft.server.leader.election.timeout = 120s (custom)
2019-09-20 08:44:18,774 [pool-60-thread-1] INFO  server.RaftServerConfigKeys (ConfUtils.java:logGet(43)) - raft.server.log.use.memory = false (default)
2019-09-20 08:44:18,774 [pool-60-thread-1] INFO  server.RaftServerConfigKeys (ConfUtils.java:logGet(43)) - raft.server.log.purge.gap = 1000000 (custom)
2019-09-20 08:44:18,774 [pool-60-thread-1] INFO  server.RaftServerConfigKeys (ConfUtils.java:logGet(43)) - raft.server.log.appender.buffer.byte-limit = 33554432 (custom)
2019-09-20 08:44:18,774 [pool-60-thread-1] INFO  server.RaftServerConfigKeys (ConfUtils.java:logGet(43)) - raft.server.log.segment.size.max = 1048576 (custom)
2019-09-20 08:44:18,774 [pool-60-thread-1] INFO  server.RaftServerConfigKeys (ConfUtils.java:logGet(43)) - raft.server.log.segment.cache.num.max = 2 (custom)
2019-09-20 08:44:18,774 [pool-60-thread-1] INFO  segmented.SegmentedRaftLogWorker (SegmentedRaftLogWorker.java:<init>(172)) - new 75feff7d-6f48-4002-b580-45a21ea734c6-SegmentedRaftLogWorker:Storage Directory /workdir/hadoop-ozone/ozonefs/target/test-dir/MiniOzoneClusterImpl-84b7649f-0e5d-4ae2-b324-047deb1fece8/datanode-3/data/ratis/169f8099-9e1c-44a6-868c-6cac61ca7e05 for RaftStorage:Storage Directory /workdir/hadoop-ozone/ozonefs/target/test-dir/MiniOzoneClusterImpl-84b7649f-0e5d-4ae2-b324-047deb1fece8/datanode-3/data/ratis/169f8099-9e1c-44a6-868c-6cac61ca7e05
2019-09-20 08:44:18,775 [pool-60-thread-1] INFO  server.RaftServerConfigKeys (ConfUtils.java:logGet(43)) - raft.server.log.queue.byte-limit = 2147483647 (custom)
2019-09-20 08:44:18,775 [pool-60-thread-1] INFO  server.RaftServerConfigKeys (ConfUtils.java:logGet(43)) - raft.server.log.queue.element-limit = 1024 (custom)
2019-09-20 08:44:18,775 [pool-60-thread-1] INFO  server.RaftServerConfigKeys (ConfUtils.java:logGet(43)) - raft.server.log.segment.size.max = 1048576 (custom)
2019-09-20 08:44:18,775 [pool-60-thread-1] INFO  server.RaftServerConfigKeys (ConfUtils.java:logGet(43)) - raft.server.log.preallocated.size = 16384 (custom)
2019-09-20 08:44:18,775 [pool-60-thread-1] INFO  server.RaftServerConfigKeys (ConfUtils.java:logGet(43)) - raft.server.log.write.buffer.size = 33554432 (custom)
2019-09-20 08:44:18,775 [pool-60-thread-1] INFO  server.RaftServerConfigKeys (ConfUtils.java:logGet(43)) - raft.server.log.force.sync.num = 128 (default)
2019-09-20 08:44:18,776 [pool-60-thread-1] INFO  server.RaftServerConfigKeys (ConfUtils.java:logGet(43)) - raft.server.log.statemachine.data.sync = true (default)
2019-09-20 08:44:18,776 [pool-60-thread-1] INFO  server.RaftServerConfigKeys (ConfUtils.java:logGet(43)) - raft.server.log.statemachine.data.sync.timeout = 10s (default)
2019-09-20 08:44:18,776 [pool-60-thread-1] INFO  server.RaftServerConfigKeys (ConfUtils.java:logGet(43)) - raft.server.log.statemachine.data.sync.timeout.retry = -1 (default)
2019-09-20 08:44:18,776 [pool-60-thread-1] INFO  server.RaftServerConfigKeys (ConfUtils.java:logGet(43)) - raft.server.log.statemachine.data.caching.enabled = true (custom)
2019-09-20 08:44:18,776 [pool-60-thread-1] INFO  segmented.SegmentedRaftLogWorker (SegmentedRaftLogWorker.java:lambda$new$0(132)) - 75feff7d-6f48-4002-b580-45a21ea734c6-SegmentedRaftLogWorker:Storage Directory /workdir/hadoop-ozone/ozonefs/target/test-dir/MiniOzoneClusterImpl-84b7649f-0e5d-4ae2-b324-047deb1fece8/datanode-3/data/ratis/169f8099-9e1c-44a6-868c-6cac61ca7e05: flushIndex: setUnconditionally 0 -> -1
2019-09-20 08:44:18,777 [pool-60-thread-1] INFO  server.RaftServerConfigKeys (ConfUtils.java:logGet(43)) - raft.server.snapshot.auto.trigger.enabled = true (custom)
2019-09-20 08:44:18,777 [pool-60-thread-1] INFO  server.RaftServerConfigKeys (ConfUtils.java:logGet(43)) - raft.server.snapshot.auto.trigger.threshold = 10000 (custom)
2019-09-20 08:44:18,777 [pool-60-thread-1] INFO  server.RaftServerConfigKeys (ConfUtils.java:logGet(43)) - raft.server.retrycache.expirytime = 600000ms (custom)
2019-09-20 08:44:18,778 [pool-60-thread-1] INFO  impl.RaftServerImpl (RaftServerImpl.java:start(180)) - 75feff7d-6f48-4002-b580-45a21ea734c6: start group-6CAC61CA7E05
2019-09-20 08:44:18,778 [pool-60-thread-1] INFO  impl.RaftServerImpl (RaftServerImpl.java:setRole(171)) - 75feff7d-6f48-4002-b580-45a21ea734c6:group-6CAC61CA7E05 changes role from null to FOLLOWER at term 0 for startAsFollower
2019-09-20 08:44:18,778 [pool-60-thread-1] INFO  impl.RoleInfo (RoleInfo.java:updateAndGet(143)) - 75feff7d-6f48-4002-b580-45a21ea734c6: start FollowerState
2019-09-20 08:44:18,778 [pool-60-thread-1] INFO  util.JmxRegister (JmxRegister.java:tryRegister(44)) - Successfully registered JMX Bean with object name Ratis:service=RaftServer,group=group-6CAC61CA7E05,id=75feff7d-6f48-4002-b580-45a21ea734c6
2019-09-20 08:44:18,784 [RatisPipelineUtilsThread] INFO  pipeline.PipelineStateManager (PipelineStateManager.java:addPipeline(56)) - Created pipeline Pipeline[ Id: 169f8099-9e1c-44a6-868c-6cac61ca7e05, Nodes: 75feff7d-6f48-4002-b580-45a21ea734c6{ip: 192.168.36.79, host: pr-hdds-1569-s8kj2-2266485376, networkLocation: /default-rack, certSerialId: null}, Type:RATIS, Factor:ONE, State:OPEN]
2019-09-20 08:44:18,786 [RatisPipelineUtilsThread] INFO  pipeline.PipelinePlacementPolicy (PipelinePlacementPolicy.java:meetCriteria(91)) - Pipeline Placement: Doesn't meet the criteria to be viable node： aa30552f-ad30-4fe7-9018-411c04218958 Heaviness: 6 limit: 5
2019-09-20 08:44:18,786 [RatisPipelineUtilsThread] INFO  pipeline.PipelinePlacementPolicy (PipelinePlacementPolicy.java:meetCriteria(91)) - Pipeline Placement: Doesn't meet the criteria to be viable node： b892e876-f5ae-410a-9dfd-4f07fd940729 Heaviness: 6 limit: 5
2019-09-20 08:44:18,786 [RatisPipelineUtilsThread] INFO  pipeline.PipelinePlacementPolicy (PipelinePlacementPolicy.java:meetCriteria(91)) - Pipeline Placement: Doesn't meet the criteria to be viable node： 75feff7d-6f48-4002-b580-45a21ea734c6 Heaviness: 6 limit: 5
2019-09-20 08:44:18,787 [RatisPipelineUtilsThread] INFO  pipeline.PipelinePlacementPolicy (PipelinePlacementPolicy.java:meetCriteria(91)) - Pipeline Placement: Doesn't meet the criteria to be viable node： 9123b815-6bfa-48f7-ade2-b84cdc033afa Heaviness: 6 limit: 5
2019-09-20 08:44:18,787 [RatisPipelineUtilsThread] INFO  pipeline.PipelinePlacementPolicy (PipelinePlacementPolicy.java:meetCriteria(91)) - Pipeline Placement: Doesn't meet the criteria to be viable node： a4a73c82-9756-45ac-afed-7299ac804f25 Heaviness: 6 limit: 5
2019-09-20 08:44:18,787 [RatisPipelineUtilsThread] ERROR pipeline.PipelinePlacementPolicy (PipelinePlacementPolicy.java:filterViableNodes(148)) - Unable to find enough nodes that meet the criteria that cannot engage in more than 5 pipelines. Nodes required: 1 Found: 0, healthy nodes count inNodeManager: 5.
2019-09-20 08:44:18,789 [RatisPipelineUtilsThread] ERROR pipeline.SCMPipelineManager (SCMPipelineManager.java:createPipeline(161)) - Pipeline creation failed due to exception: Unable to find enough nodes that meet the criteria that cannot engage in more than 5 pipelines. Nodes required: 1 Found: 0, healthy nodes count inNodeManager: 5.
2019-09-20 08:44:18,789 [RatisPipelineUtilsThread] INFO  pipeline.PipelinePlacementPolicy (PipelinePlacementPolicy.java:meetCriteria(91)) - Pipeline Placement: Doesn't meet the criteria to be viable node： aa30552f-ad30-4fe7-9018-411c04218958 Heaviness: 6 limit: 5
2019-09-20 08:44:18,789 [RatisPipelineUtilsThread] INFO  pipeline.PipelinePlacementPolicy (PipelinePlacementPolicy.java:meetCriteria(91)) - Pipeline Placement: Doesn't meet the criteria to be viable node： b892e876-f5ae-410a-9dfd-4f07fd940729 Heaviness: 6 limit: 5
2019-09-20 08:44:18,789 [RatisPipelineUtilsThread] INFO  pipeline.PipelinePlacementPolicy (PipelinePlacementPolicy.java:meetCriteria(91)) - Pipeline Placement: Doesn't meet the criteria to be viable node： 75feff7d-6f48-4002-b580-45a21ea734c6 Heaviness: 6 limit: 5
2019-09-20 08:44:18,790 [RatisPipelineUtilsThread] INFO  pipeline.PipelinePlacementPolicy (PipelinePlacementPolicy.java:meetCriteria(91)) - Pipeline Placement: Doesn't meet the criteria to be viable node： 9123b815-6bfa-48f7-ade2-b84cdc033afa Heaviness: 6 limit: 5
2019-09-20 08:44:18,790 [RatisPipelineUtilsThread] INFO  pipeline.PipelinePlacementPolicy (PipelinePlacementPolicy.java:meetCriteria(91)) - Pipeline Placement: Doesn't meet the criteria to be viable node： a4a73c82-9756-45ac-afed-7299ac804f25 Heaviness: 6 limit: 5
2019-09-20 08:44:18,790 [RatisPipelineUtilsThread] ERROR pipeline.PipelinePlacementPolicy (PipelinePlacementPolicy.java:filterViableNodes(148)) - Unable to find enough nodes that meet the criteria that cannot engage in more than 5 pipelines. Nodes required: 3 Found: 0, healthy nodes count inNodeManager: 5.
2019-09-20 08:44:18,790 [RatisPipelineUtilsThread] ERROR pipeline.SCMPipelineManager (SCMPipelineManager.java:createPipeline(161)) - Pipeline creation failed due to exception: Unable to find enough nodes that meet the criteria that cannot engage in more than 5 pipelines. Nodes required: 3 Found: 0, healthy nodes count inNodeManager: 5.
2019-09-20 08:44:18,790 [RatisPipelineUtilsThread] INFO  pipeline.PipelinePlacementPolicy (PipelinePlacementPolicy.java:meetCriteria(91)) - Pipeline Placement: Doesn't meet the criteria to be viable node： aa30552f-ad30-4fe7-9018-411c04218958 Heaviness: 6 limit: 5
2019-09-20 08:44:18,791 [RatisPipelineUtilsThread] INFO  pipeline.PipelinePlacementPolicy (PipelinePlacementPolicy.java:meetCriteria(91)) - Pipeline Placement: Doesn't meet the criteria to be viable node： b892e876-f5ae-410a-9dfd-4f07fd940729 Heaviness: 6 limit: 5
2019-09-20 08:44:18,791 [RatisPipelineUtilsThread] INFO  pipeline.PipelinePlacementPolicy (PipelinePlacementPolicy.java:meetCriteria(91)) - Pipeline Placement: Doesn't meet the criteria to be viable node： 75feff7d-6f48-4002-b580-45a21ea734c6 Heaviness: 6 limit: 5
2019-09-20 08:44:18,791 [RatisPipelineUtilsThread] INFO  pipeline.PipelinePlacementPolicy (PipelinePlacementPolicy.java:meetCriteria(91)) - Pipeline Placement: Doesn't meet the criteria to be viable node： 9123b815-6bfa-48f7-ade2-b84cdc033afa Heaviness: 6 limit: 5
2019-09-20 08:44:18,791 [RatisPipelineUtilsThread] INFO  pipeline.PipelinePlacementPolicy (PipelinePlacementPolicy.java:meetCriteria(91)) - Pipeline Placement: Doesn't meet the criteria to be viable node： a4a73c82-9756-45ac-afed-7299ac804f25 Heaviness: 6 limit: 5
2019-09-20 08:44:18,791 [RatisPipelineUtilsThread] ERROR pipeline.PipelinePlacementPolicy (PipelinePlacementPolicy.java:filterViableNodes(148)) - Unable to find enough nodes that meet the criteria that cannot engage in more than 5 pipelines. Nodes required: 1 Found: 0, healthy nodes count inNodeManager: 5.
2019-09-20 08:44:18,791 [RatisPipelineUtilsThread] ERROR pipeline.SCMPipelineManager (SCMPipelineManager.java:createPipeline(161)) - Pipeline creation failed due to exception: Unable to find enough nodes that meet the criteria that cannot engage in more than 5 pipelines. Nodes required: 1 Found: 0, healthy nodes count inNodeManager: 5.
2019-09-20 08:44:18,792 [RatisPipelineUtilsThread] INFO  pipeline.PipelinePlacementPolicy (PipelinePlacementPolicy.java:meetCriteria(91)) - Pipeline Placement: Doesn't meet the criteria to be viable node： aa30552f-ad30-4fe7-9018-411c04218958 Heaviness: 6 limit: 5
2019-09-20 08:44:18,792 [RatisPipelineUtilsThread] INFO  pipeline.PipelinePlacementPolicy (PipelinePlacementPolicy.java:meetCriteria(91)) - Pipeline Placement: Doesn't meet the criteria to be viable node： b892e876-f5ae-410a-9dfd-4f07fd940729 Heaviness: 6 limit: 5
2019-09-20 08:44:18,792 [RatisPipelineUtilsThread] INFO  pipeline.PipelinePlacementPolicy (PipelinePlacementPolicy.java:meetCriteria(91)) - Pipeline Placement: Doesn't meet the criteria to be viable node： 75feff7d-6f48-4002-b580-45a21ea734c6 Heaviness: 6 limit: 5
2019-09-20 08:44:18,792 [RatisPipelineUtilsThread] INFO  pipeline.PipelinePlacementPolicy (PipelinePlacementPolicy.java:meetCriteria(91)) - Pipeline Placement: Doesn't meet the criteria to be viable node： 9123b815-6bfa-48f7-ade2-b84cdc033afa Heaviness: 6 limit: 5
2019-09-20 08:44:18,792 [RatisPipelineUtilsThread] INFO  pipeline.PipelinePlacementPolicy (PipelinePlacementPolicy.java:meetCriteria(91)) - Pipeline Placement: Doesn't meet the criteria to be viable node： a4a73c82-9756-45ac-afed-7299ac804f25 Heaviness: 6 limit: 5
2019-09-20 08:44:18,792 [RatisPipelineUtilsThread] ERROR pipeline.PipelinePlacementPolicy (PipelinePlacementPolicy.java:filterViableNodes(148)) - Unable to find enough nodes that meet the criteria that cannot engage in more than 5 pipelines. Nodes required: 3 Found: 0, healthy nodes count inNodeManager: 5.
2019-09-20 08:44:18,793 [RatisPipelineUtilsThread] ERROR pipeline.SCMPipelineManager (SCMPipelineManager.java:createPipeline(161)) - Pipeline creation failed due to exception: Unable to find enough nodes that meet the criteria that cannot engage in more than 5 pipelines. Nodes required: 3 Found: 0, healthy nodes count inNodeManager: 5.
2019-09-20 08:44:18,970 | INFO  | SCMAudit | user=jenkins1000 | ip=192.168.36.79 | op=SEND_HEARTBEAT {datanodeUUID=9123b815-6bfa-48f7-ade2-b84cdc033afa, command=[]} | ret=SUCCESS |  
2019-09-20 08:44:18,997 [Thread-235] INFO  mapreduce.JobSubmitter (JobSubmitter.java:printTokens(298)) - Submitting tokens for job: job_local1209324504_0001
2019-09-20 08:44:18,997 [Thread-235] INFO  mapreduce.JobSubmitter (JobSubmitter.java:printTokens(299)) - Executing with tokens: []
2019-09-20 08:44:19,203 [Thread-235] INFO  mapreduce.Job (Job.java:submit(1574)) - The url to track the job: http://localhost:8080/
2019-09-20 08:44:19,203 [Thread-235] INFO  tools.DistCp (DistCp.java:createAndSubmitJob(217)) - DistCp job-id: job_local1209324504_0001
2019-09-20 08:44:19,204 [Thread-235] INFO  mapreduce.Job (Job.java:monitorAndPrintJob(1619)) - Running job: job_local1209324504_0001
2019-09-20 08:44:19,210 [Thread-369] INFO  mapred.LocalJobRunner (LocalJobRunner.java:createOutputCommitter(501)) - OutputCommitter set in config null
2019-09-20 08:44:19,221 [Thread-369] INFO  output.FileOutputCommitter (FileOutputCommitter.java:<init>(140)) - File Output Committer Algorithm version is 2
2019-09-20 08:44:19,221 [Thread-369] INFO  output.FileOutputCommitter (FileOutputCommitter.java:<init>(155)) - FileOutputCommitter skip cleanup _temporary folders under output directory:false, ignore cleanup failures: false
2019-09-20 08:44:19,224 [Thread-369] INFO  mapred.LocalJobRunner (LocalJobRunner.java:createOutputCommitter(519)) - OutputCommitter is org.apache.hadoop.tools.mapred.CopyCommitter
2019-09-20 08:44:19,297 [Thread-369] INFO  mapred.LocalJobRunner (LocalJobRunner.java:runTasks(478)) - Waiting for map tasks
2019-09-20 08:44:19,300 [LocalJobRunner Map Task Executor #0] INFO  mapred.LocalJobRunner (LocalJobRunner.java:run(252)) - Starting task: attempt_local1209324504_0001_m_000000_0
2019-09-20 08:44:19,335 [LocalJobRunner Map Task Executor #0] INFO  output.FileOutputCommitter (FileOutputCommitter.java:<init>(140)) - File Output Committer Algorithm version is 2
2019-09-20 08:44:19,337 [LocalJobRunner Map Task Executor #0] INFO  output.FileOutputCommitter (FileOutputCommitter.java:<init>(155)) - FileOutputCommitter skip cleanup _temporary folders under output directory:false, ignore cleanup failures: false
2019-09-20 08:44:19,412 [LocalJobRunner Map Task Executor #0] INFO  mapred.Task (Task.java:initialize(626)) -  Using ResourceCalculatorProcessTree : [ ]
2019-09-20 08:44:19,414 [LocalJobRunner Map Task Executor #0] INFO  mapred.MapTask (MapTask.java:runNewMapper(768)) - Processing split: file:/tmp/hadoop/mapred/staging/jenkins1000803860193/.staging/_distcp-334378648/fileList.seq:1118+863
2019-09-20 08:44:19,422 [LocalJobRunner Map Task Executor #0] INFO  output.FileOutputCommitter (FileOutputCommitter.java:<init>(140)) - File Output Committer Algorithm version is 2
2019-09-20 08:44:19,422 [LocalJobRunner Map Task Executor #0] INFO  output.FileOutputCommitter (FileOutputCommitter.java:<init>(155)) - FileOutputCommitter skip cleanup _temporary folders under output directory:false, ignore cleanup failures: false
2019-09-20 08:44:19,463 | INFO  | SCMAudit | user=jenkins1000 | ip=192.168.36.79 | op=SEND_HEARTBEAT {datanodeUUID=75feff7d-6f48-4002-b580-45a21ea734c6, command=[]} | ret=SUCCESS |  
2019-09-20 08:44:19,472 | INFO  | SCMAudit | user=jenkins1000 | ip=192.168.36.79 | op=SEND_HEARTBEAT {datanodeUUID=b892e876-f5ae-410a-9dfd-4f07fd940729, command=[]} | ret=SUCCESS |  
2019-09-20 08:44:19,472 | ERROR | OMAudit | user=jenkins1000 | ip=127.0.0.1 | op=GET_FILE_STATUS {volume=volume58442, bucket=bucket72129, key=test/ITestOzoneContractDistCp/testUpdateDeepDirectoryStructureNoChange/remote/outputDir, dataSize=0, replicationType=null, replicationFactor=null, keyLocationInfo=null} | ret=FAILURE | FILE_NOT_FOUND org.apache.hadoop.ozone.om.exceptions.OMException: Unable to get file status: volume: volume58442 bucket: bucket72129 key: test/ITestOzoneContractDistCp/testUpdateDeepDirectoryStructureNoChange/remote/outputDir
	at org.apache.hadoop.ozone.om.KeyManagerImpl.getFileStatus(KeyManagerImpl.java:1655)
	at org.apache.hadoop.ozone.om.OzoneManager.getFileStatus(OzoneManager.java:2868) 
2019-09-20 08:44:19,474 [LocalJobRunner Map Task Executor #0] INFO  mapred.CopyMapper (CopyMapper.java:map(154)) - Copying file:/workdir/hadoop-ozone/ozonefs/target/test-dir/ITestOzoneContractDistCp/testUpdateDeepDirectoryStructureNoChange/local/inputDir/subDir4/subDir4/file4 to o3fs://bucket72129.volume58442/test/ITestOzoneContractDistCp/testUpdateDeepDirectoryStructureNoChange/remote/outputDir/inputDir/subDir4/subDir4/file4
2019-09-20 08:44:19,480 | INFO  | SCMAudit | user=jenkins1000 | ip=192.168.36.79 | op=SEND_HEARTBEAT {datanodeUUID=aa30552f-ad30-4fe7-9018-411c04218958, command=[]} | ret=SUCCESS |  
2019-09-20 08:44:19,483 | ERROR | OMAudit | user=jenkins1000 | ip=127.0.0.1 | op=GET_FILE_STATUS {volume=volume58442, bucket=bucket72129, key=test/ITestOzoneContractDistCp/testUpdateDeepDirectoryStructureNoChange/remote/outputDir/inputDir/subDir4/subDir4/file4, dataSize=0, replicationType=null, replicationFactor=null, keyLocationInfo=null} | ret=FAILURE | FILE_NOT_FOUND org.apache.hadoop.ozone.om.exceptions.OMException: Unable to get file status: volume: volume58442 bucket: bucket72129 key: test/ITestOzoneContractDistCp/testUpdateDeepDirectoryStructureNoChange/remote/outputDir/inputDir/subDir4/subDir4/file4
	at org.apache.hadoop.ozone.om.KeyManagerImpl.getFileStatus(KeyManagerImpl.java:1655)
	at org.apache.hadoop.ozone.om.OzoneManager.getFileStatus(OzoneManager.java:2868) 
2019-09-20 08:44:19,492 [LocalJobRunner Map Task Executor #0] INFO  mapred.RetriableFileCopyCommand (RetriableFileCopyCommand.java:getTmpFile(260)) - Creating temp file: o3fs://bucket72129.volume58442/test/ITestOzoneContractDistCp/testUpdateDeepDirectoryStructureNoChange/remote/outputDir/.distcp.tmp.attempt_local1209324504_0001_m_000000_0
2019-09-20 08:44:19,524 [IPC Server handler 2 on 45031] INFO  pipeline.PipelinePlacementPolicy (PipelinePlacementPolicy.java:meetCriteria(91)) - Pipeline Placement: Doesn't meet the criteria to be viable node： aa30552f-ad30-4fe7-9018-411c04218958 Heaviness: 6 limit: 5
2019-09-20 08:44:19,524 [IPC Server handler 2 on 45031] INFO  pipeline.PipelinePlacementPolicy (PipelinePlacementPolicy.java:meetCriteria(91)) - Pipeline Placement: Doesn't meet the criteria to be viable node： b892e876-f5ae-410a-9dfd-4f07fd940729 Heaviness: 6 limit: 5
2019-09-20 08:44:19,525 [IPC Server handler 2 on 45031] INFO  pipeline.PipelinePlacementPolicy (PipelinePlacementPolicy.java:meetCriteria(91)) - Pipeline Placement: Doesn't meet the criteria to be viable node： 75feff7d-6f48-4002-b580-45a21ea734c6 Heaviness: 6 limit: 5
2019-09-20 08:44:19,525 [IPC Server handler 2 on 45031] INFO  pipeline.PipelinePlacementPolicy (PipelinePlacementPolicy.java:meetCriteria(91)) - Pipeline Placement: Doesn't meet the criteria to be viable node： 9123b815-6bfa-48f7-ade2-b84cdc033afa Heaviness: 6 limit: 5
2019-09-20 08:44:19,525 [IPC Server handler 2 on 45031] INFO  pipeline.PipelinePlacementPolicy (PipelinePlacementPolicy.java:meetCriteria(91)) - Pipeline Placement: Doesn't meet the criteria to be viable node： a4a73c82-9756-45ac-afed-7299ac804f25 Heaviness: 6 limit: 5
2019-09-20 08:44:19,525 [IPC Server handler 2 on 45031] ERROR pipeline.PipelinePlacementPolicy (PipelinePlacementPolicy.java:filterViableNodes(148)) - Unable to find enough nodes that meet the criteria that cannot engage in more than 5 pipelines. Nodes required: 3 Found: 0, healthy nodes count inNodeManager: 5.
2019-09-20 08:44:19,526 [IPC Server handler 2 on 45031] ERROR pipeline.SCMPipelineManager (SCMPipelineManager.java:createPipeline(161)) - Pipeline creation failed due to exception: Unable to find enough nodes that meet the criteria that cannot engage in more than 5 pipelines. Nodes required: 3 Found: 0, healthy nodes count inNodeManager: 5.
2019-09-20 08:44:19,527 [IPC Server handler 2 on 45031] WARN  block.BlockManagerImpl (BlockManagerImpl.java:allocateBlock(192)) - Pipeline creation failed for type:RATIS factor:THREE. Retrying get pipelines call once.
org.apache.hadoop.hdds.scm.exceptions.SCMException: Unable to find enough nodes that meet the criteria that cannot engage in more than 5 pipelines. Nodes required: 3 Found: 0, healthy nodes count inNodeManager: 5.
	at org.apache.hadoop.hdds.scm.pipeline.PipelinePlacementPolicy.filterViableNodes(PipelinePlacementPolicy.java:149)
	at org.apache.hadoop.hdds.scm.pipeline.PipelinePlacementPolicy.chooseDatanodes(PipelinePlacementPolicy.java:172)
	at org.apache.hadoop.hdds.scm.pipeline.RatisPipelineProvider.create(RatisPipelineProvider.java:92)
	at org.apache.hadoop.hdds.scm.pipeline.PipelineFactory.create(PipelineFactory.java:57)
	at org.apache.hadoop.hdds.scm.pipeline.SCMPipelineManager.createPipeline(SCMPipelineManager.java:149)
	at org.apache.hadoop.hdds.scm.block.BlockManagerImpl.allocateBlock(BlockManagerImpl.java:190)
	at org.apache.hadoop.hdds.scm.server.SCMBlockProtocolServer.allocateBlock(SCMBlockProtocolServer.java:175)
	at org.apache.hadoop.ozone.protocolPB.ScmBlockLocationProtocolServerSideTranslatorPB.allocateScmBlock(ScmBlockLocationProtocolServerSideTranslatorPB.java:153)
	at org.apache.hadoop.ozone.protocolPB.ScmBlockLocationProtocolServerSideTranslatorPB.send(ScmBlockLocationProtocolServerSideTranslatorPB.java:112)
	at org.apache.hadoop.hdds.protocol.proto.ScmBlockLocationProtocolProtos$ScmBlockLocationProtocolService$2.callBlockingMethod(ScmBlockLocationProtocolProtos.java:13157)
	at org.apache.hadoop.ipc.ProtobufRpcEngine$Server$ProtoBufRpcInvoker.call(ProtobufRpcEngine.java:524)
	at org.apache.hadoop.ipc.RPC$Server.call(RPC.java:1025)
	at org.apache.hadoop.ipc.Server$RpcCall.run(Server.java:876)
	at org.apache.hadoop.ipc.Server$RpcCall.run(Server.java:822)
	at java.security.AccessController.doPrivileged(Native Method)
	at javax.security.auth.Subject.doAs(Subject.java:422)
	at org.apache.hadoop.security.UserGroupInformation.doAs(UserGroupInformation.java:1730)
	at org.apache.hadoop.ipc.Server$Handler.run(Server.java:2682)
2019-09-20 08:44:19,528 [IPC Server handler 2 on 45031] INFO  block.BlockManagerImpl (BlockManagerImpl.java:allocateBlock(198)) - Could not find available pipeline of type:RATIS and factor:THREE even after retrying
2019-09-20 08:44:19,529 [IPC Server handler 2 on 45031] ERROR block.BlockManagerImpl (BlockManagerImpl.java:allocateBlock(222)) - Unable to allocate a block for the size: 4194304, type: RATIS, factor: THREE
2019-09-20 08:44:19,529 | INFO  | SCMAudit | user=jenkins1000 | ip=192.168.36.79 | op=ALLOCATE_BLOCK {owner=a1d0c9a2-9b67-4af3-a1f8-8c5669c9b817, size=4194304, type=RATIS, factor=THREE} | ret=SUCCESS |  
2019-09-20 08:44:19,534 | ERROR | OMAudit | user=jenkins1000 | ip=127.0.0.1 | op=CREATE_FILE {volume=volume58442, bucket=bucket72129, key=test/ITestOzoneContractDistCp/testUpdateDeepDirectoryStructureNoChange/remote/outputDir/.distcp.tmp.attempt_local1209324504_0001_m_000000_0, dataSize=0, replicationType=RATIS, replicationFactor=THREE, keyLocationInfo=null} | ret=FAILURE | org.apache.hadoop.hdds.scm.exceptions.SCMException: Allocated 0 blocks. Requested 1 blocks
	at org.apache.hadoop.hdds.scm.protocolPB.ScmBlockLocationProtocolClientSideTranslatorPB.handleError(ScmBlockLocationProtocolClientSideTranslatorPB.java:118)
	at org.apache.hadoop.hdds.scm.protocolPB.ScmBlockLocationProtocolClientSideTranslatorPB.allocateBlock(ScmBlockLocationProtocolClientSideTranslatorPB.java:156) 
2019-09-20 08:44:19,537 | ERROR | OMAudit | user=jenkins1000 | ip=127.0.0.1 | op=GET_FILE_STATUS {volume=volume58442, bucket=bucket72129, key=test/ITestOzoneContractDistCp/testUpdateDeepDirectoryStructureNoChange/remote/outputDir/.distcp.tmp.attempt_local1209324504_0001_m_000000_0, dataSize=0, replicationType=null, replicationFactor=null, keyLocationInfo=null} | ret=FAILURE | FILE_NOT_FOUND org.apache.hadoop.ozone.om.exceptions.OMException: Unable to get file status: volume: volume58442 bucket: bucket72129 key: test/ITestOzoneContractDistCp/testUpdateDeepDirectoryStructureNoChange/remote/outputDir/.distcp.tmp.attempt_local1209324504_0001_m_000000_0
	at org.apache.hadoop.ozone.om.KeyManagerImpl.getFileStatus(KeyManagerImpl.java:1655)
	at org.apache.hadoop.ozone.om.OzoneManager.getFileStatus(OzoneManager.java:2868) 
2019-09-20 08:44:19,540 [LocalJobRunner Map Task Executor #0] WARN  ozone.BasicOzoneFileSystem (BasicOzoneFileSystem.java:delete(437)) - delete: Path does not exist: o3fs://bucket72129.volume58442/test/ITestOzoneContractDistCp/testUpdateDeepDirectoryStructureNoChange/remote/outputDir/.distcp.tmp.attempt_local1209324504_0001_m_000000_0
2019-09-20 08:44:19,541 [LocalJobRunner Map Task Executor #0] ERROR util.RetriableCommand (RetriableCommand.java:execute(89)) - Failure in Retriable command: Copying file:/workdir/hadoop-ozone/ozonefs/target/test-dir/ITestOzoneContractDistCp/testUpdateDeepDirectoryStructureNoChange/local/inputDir/subDir4/subDir4/file4 to o3fs://bucket72129.volume58442/test/ITestOzoneContractDistCp/testUpdateDeepDirectoryStructureNoChange/remote/outputDir/inputDir/subDir4/subDir4/file4
INTERNAL_ERROR org.apache.hadoop.ozone.om.exceptions.OMException: Allocated 0 blocks. Requested 1 blocks
	at org.apache.hadoop.ozone.om.protocolPB.OzoneManagerProtocolClientSideTranslatorPB.handleError(OzoneManagerProtocolClientSideTranslatorPB.java:725)
	at org.apache.hadoop.ozone.om.protocolPB.OzoneManagerProtocolClientSideTranslatorPB.createFile(OzoneManagerProtocolClientSideTranslatorPB.java:1474)
	at org.apache.hadoop.ozone.client.rpc.RpcClient.createFile(RpcClient.java:984)
	at org.apache.hadoop.ozone.client.OzoneBucket.createFile(OzoneBucket.java:535)
	at org.apache.hadoop.fs.ozone.BasicOzoneClientAdapterImpl.createFile(BasicOzoneClientAdapterImpl.java:181)
	at org.apache.hadoop.fs.ozone.BasicOzoneFileSystem.createOutputStream(BasicOzoneFileSystem.java:249)
	at org.apache.hadoop.fs.ozone.BasicOzoneFileSystem.create(BasicOzoneFileSystem.java:230)
	at org.apache.hadoop.fs.FileSystem.create(FileSystem.java:1195)
	at org.apache.hadoop.tools.mapred.RetriableFileCopyCommand.copyToFile(RetriableFileCopyCommand.java:184)
	at org.apache.hadoop.tools.mapred.RetriableFileCopyCommand.doCopy(RetriableFileCopyCommand.java:123)
	at org.apache.hadoop.tools.mapred.RetriableFileCopyCommand.doExecute(RetriableFileCopyCommand.java:99)
	at org.apache.hadoop.tools.util.RetriableCommand.execute(RetriableCommand.java:87)
	at org.apache.hadoop.tools.mapred.CopyMapper.copyFileWithRetry(CopyMapper.java:256)
	at org.apache.hadoop.tools.mapred.CopyMapper.map(CopyMapper.java:217)
	at org.apache.hadoop.tools.mapred.CopyMapper.map(CopyMapper.java:48)
	at org.apache.hadoop.mapreduce.Mapper.run(Mapper.java:146)
	at org.apache.hadoop.mapred.MapTask.runNewMapper(MapTask.java:799)
	at org.apache.hadoop.mapred.MapTask.run(MapTask.java:347)
	at org.apache.hadoop.mapred.LocalJobRunner$Job$MapTaskRunnable.run(LocalJobRunner.java:271)
	at java.util.concurrent.Executors$RunnableAdapter.call(Executors.java:511)
	at java.util.concurrent.FutureTask.run(FutureTask.java:266)
	at java.util.concurrent.ThreadPoolExecutor.runWorker(ThreadPoolExecutor.java:1149)
	at java.util.concurrent.ThreadPoolExecutor$Worker.run(ThreadPoolExecutor.java:624)
	at java.lang.Thread.run(Thread.java:748)
2019-09-20 08:44:19,722 | INFO  | SCMAudit | user=jenkins1000 | ip=192.168.36.79 | op=SEND_HEARTBEAT {datanodeUUID=a4a73c82-9756-45ac-afed-7299ac804f25, command=[]} | ret=SUCCESS |  
2019-09-20 08:44:19,967 | INFO  | SCMAudit | user=jenkins1000 | ip=192.168.36.79 | op=SEND_HEARTBEAT {datanodeUUID=9123b815-6bfa-48f7-ade2-b84cdc033afa, command=[]} | ret=SUCCESS |  
2019-09-20 08:44:20,210 [Thread-235] INFO  mapreduce.Job (Job.java:monitorAndPrintJob(1640)) - Job job_local1209324504_0001 running in uber mode : false
2019-09-20 08:44:20,213 [Thread-235] INFO  mapreduce.Job (Job.java:monitorAndPrintJob(1647)) -  map 0% reduce 0%
2019-09-20 08:44:20,452 | INFO  | SCMAudit | user=jenkins1000 | ip=192.168.36.79 | op=SEND_HEARTBEAT {datanodeUUID=75feff7d-6f48-4002-b580-45a21ea734c6, command=[]} | ret=SUCCESS |  
2019-09-20 08:44:20,473 | INFO  | SCMAudit | user=jenkins1000 | ip=192.168.36.79 | op=SEND_HEARTBEAT {datanodeUUID=b892e876-f5ae-410a-9dfd-4f07fd940729, command=[]} | ret=SUCCESS |  
2019-09-20 08:44:20,480 | INFO  | SCMAudit | user=jenkins1000 | ip=192.168.36.79 | op=SEND_HEARTBEAT {datanodeUUID=aa30552f-ad30-4fe7-9018-411c04218958, command=[]} | ret=SUCCESS |  
2019-09-20 08:44:20,721 | INFO  | SCMAudit | user=jenkins1000 | ip=192.168.36.79 | op=SEND_HEARTBEAT {datanodeUUID=a4a73c82-9756-45ac-afed-7299ac804f25, command=[]} | ret=SUCCESS |  
2019-09-20 08:44:20,799 [Thread-209] INFO  impl.FollowerState (FollowerState.java:run(106)) - b892e876-f5ae-410a-9dfd-4f07fd940729:group-6398A9828E52 changes to CANDIDATE, lastRpcTime:5030, electionTimeout:5029ms
2019-09-20 08:44:20,799 [Thread-209] INFO  impl.RoleInfo (RoleInfo.java:shutdownFollowerState(121)) - b892e876-f5ae-410a-9dfd-4f07fd940729: shutdown FollowerState
2019-09-20 08:44:20,799 [Thread-209] INFO  impl.RaftServerImpl (RaftServerImpl.java:setRole(171)) - b892e876-f5ae-410a-9dfd-4f07fd940729:group-6398A9828E52 changes role from FOLLOWER to CANDIDATE at term 0 for changeToCandidate
2019-09-20 08:44:20,803 [Thread-209] INFO  impl.RoleInfo (RoleInfo.java:updateAndGet(143)) - b892e876-f5ae-410a-9dfd-4f07fd940729: start LeaderElection
2019-09-20 08:44:20,827 [b892e876-f5ae-410a-9dfd-4f07fd940729:group-6398A9828E52:LeaderElection1] INFO  impl.LeaderElection (LeaderElection.java:askForVotes(181)) - b892e876-f5ae-410a-9dfd-4f07fd940729:group-6398A9828E52:LeaderElection1: begin an election at term 1 for -1: [b892e876-f5ae-410a-9dfd-4f07fd940729:192.168.36.79:42750], old=null
2019-09-20 08:44:20,829 [b892e876-f5ae-410a-9dfd-4f07fd940729:group-6398A9828E52:LeaderElection1] INFO  impl.RoleInfo (RoleInfo.java:shutdownLeaderElection(134)) - b892e876-f5ae-410a-9dfd-4f07fd940729: shutdown LeaderElection
2019-09-20 08:44:20,830 [b892e876-f5ae-410a-9dfd-4f07fd940729:group-6398A9828E52:LeaderElection1] INFO  impl.RaftServerImpl (RaftServerImpl.java:setRole(171)) - b892e876-f5ae-410a-9dfd-4f07fd940729:group-6398A9828E52 changes role from CANDIDATE to LEADER at term 1 for changeToLeader
2019-09-20 08:44:20,831 [b892e876-f5ae-410a-9dfd-4f07fd940729:group-6398A9828E52:LeaderElection1] INFO  impl.RaftServerImpl (ServerState.java:setLeader(263)) - b892e876-f5ae-410a-9dfd-4f07fd940729:group-6398A9828E52 change Leader from null to b892e876-f5ae-410a-9dfd-4f07fd940729 at term 1 for becomeLeader, leader elected after 5163ms
2019-09-20 08:44:20,841 [b892e876-f5ae-410a-9dfd-4f07fd940729:group-6398A9828E52:LeaderElection1] INFO  server.RaftServerConfigKeys (ConfUtils.java:logGet(43)) - raft.server.staging.catchup.gap = 1000 (default)
2019-09-20 08:44:20,841 [b892e876-f5ae-410a-9dfd-4f07fd940729:group-6398A9828E52:LeaderElection1] INFO  server.RaftServerConfigKeys (ConfUtils.java:logGet(43)) - raft.server.rpc.sleep.time = 25ms (default)
2019-09-20 08:44:20,845 [b892e876-f5ae-410a-9dfd-4f07fd940729:group-6398A9828E52:LeaderElection1] INFO  server.RaftServerConfigKeys (ConfUtils.java:logGet(43)) - raft.server.write.element-limit = 4096 (default)
2019-09-20 08:44:20,849 [b892e876-f5ae-410a-9dfd-4f07fd940729:group-6398A9828E52:LeaderElection1] INFO  server.RaftServerConfigKeys (ConfUtils.java:logGet(43)) - raft.server.watch.timeout = 10s (default)
2019-09-20 08:44:20,849 [b892e876-f5ae-410a-9dfd-4f07fd940729:group-6398A9828E52:LeaderElection1] INFO  server.RaftServerConfigKeys (ConfUtils.java:logGet(43)) - raft.server.watch.timeout.denomination = 1s (default)
2019-09-20 08:44:20,850 [b892e876-f5ae-410a-9dfd-4f07fd940729:group-6398A9828E52:LeaderElection1] INFO  server.RaftServerConfigKeys (ConfUtils.java:logGet(43)) - raft.server.watch.element-limit = 65536 (default)
2019-09-20 08:44:20,861 [b892e876-f5ae-410a-9dfd-4f07fd940729:group-6398A9828E52:LeaderElection1] INFO  impl.RoleInfo (RoleInfo.java:updateAndGet(143)) - b892e876-f5ae-410a-9dfd-4f07fd940729: start LeaderState
2019-09-20 08:44:20,889 [b892e876-f5ae-410a-9dfd-4f07fd940729:group-6398A9828E52:LeaderElection1] INFO  segmented.SegmentedRaftLogWorker (SegmentedRaftLogWorker.java:startLogSegment(380)) - b892e876-f5ae-410a-9dfd-4f07fd940729-SegmentedRaftLogWorker:Storage Directory /workdir/hadoop-ozone/ozonefs/target/test-dir/MiniOzoneClusterImpl-84b7649f-0e5d-4ae2-b324-047deb1fece8/datanode-0/data/ratis/07f617af-4c9f-44bb-8ea2-6398a9828e52: Starting segment from index:0
2019-09-20 08:44:20,895 [LocalJobRunner Map Task Executor #0] INFO  mapred.RetriableFileCopyCommand (RetriableFileCopyCommand.java:getTmpFile(260)) - Creating temp file: o3fs://bucket72129.volume58442/test/ITestOzoneContractDistCp/testUpdateDeepDirectoryStructureNoChange/remote/outputDir/.distcp.tmp.attempt_local1209324504_0001_m_000000_0
2019-09-20 08:44:20,899 [b892e876-f5ae-410a-9dfd-4f07fd940729:group-6398A9828E52:LeaderElection1] INFO  impl.RaftServerImpl (ServerState.java:setRaftConf(361)) - b892e876-f5ae-410a-9dfd-4f07fd940729:group-6398A9828E52 set configuration 0: [b892e876-f5ae-410a-9dfd-4f07fd940729:192.168.36.79:42750], old=null at 0
2019-09-20 08:44:20,905 [IPC Server handler 0 on 45031] INFO  pipeline.PipelinePlacementPolicy (PipelinePlacementPolicy.java:meetCriteria(91)) - Pipeline Placement: Doesn't meet the criteria to be viable node： aa30552f-ad30-4fe7-9018-411c04218958 Heaviness: 6 limit: 5
2019-09-20 08:44:20,905 [IPC Server handler 0 on 45031] INFO  pipeline.PipelinePlacementPolicy (PipelinePlacementPolicy.java:meetCriteria(91)) - Pipeline Placement: Doesn't meet the criteria to be viable node： b892e876-f5ae-410a-9dfd-4f07fd940729 Heaviness: 6 limit: 5
2019-09-20 08:44:20,906 [IPC Server handler 0 on 45031] INFO  pipeline.PipelinePlacementPolicy (PipelinePlacementPolicy.java:meetCriteria(91)) - Pipeline Placement: Doesn't meet the criteria to be viable node： 75feff7d-6f48-4002-b580-45a21ea734c6 Heaviness: 6 limit: 5
2019-09-20 08:44:20,906 [IPC Server handler 0 on 45031] INFO  pipeline.PipelinePlacementPolicy (PipelinePlacementPolicy.java:meetCriteria(91)) - Pipeline Placement: Doesn't meet the criteria to be viable node： 9123b815-6bfa-48f7-ade2-b84cdc033afa Heaviness: 6 limit: 5
2019-09-20 08:44:20,906 [IPC Server handler 0 on 45031] INFO  pipeline.PipelinePlacementPolicy (PipelinePlacementPolicy.java:meetCriteria(91)) - Pipeline Placement: Doesn't meet the criteria to be viable node： a4a73c82-9756-45ac-afed-7299ac804f25 Heaviness: 6 limit: 5
2019-09-20 08:44:20,907 [IPC Server handler 0 on 45031] ERROR pipeline.PipelinePlacementPolicy (PipelinePlacementPolicy.java:filterViableNodes(148)) - Unable to find enough nodes that meet the criteria that cannot engage in more than 5 pipelines. Nodes required: 3 Found: 0, healthy nodes count inNodeManager: 5.
2019-09-20 08:44:20,907 [IPC Server handler 0 on 45031] ERROR pipeline.SCMPipelineManager (SCMPipelineManager.java:createPipeline(161)) - Pipeline creation failed due to exception: Unable to find enough nodes that meet the criteria that cannot engage in more than 5 pipelines. Nodes required: 3 Found: 0, healthy nodes count inNodeManager: 5.
2019-09-20 08:44:20,907 [IPC Server handler 0 on 45031] WARN  block.BlockManagerImpl (BlockManagerImpl.java:allocateBlock(192)) - Pipeline creation failed for type:RATIS factor:THREE. Retrying get pipelines call once.
org.apache.hadoop.hdds.scm.exceptions.SCMException: Unable to find enough nodes that meet the criteria that cannot engage in more than 5 pipelines. Nodes required: 3 Found: 0, healthy nodes count inNodeManager: 5.
	at org.apache.hadoop.hdds.scm.pipeline.PipelinePlacementPolicy.filterViableNodes(PipelinePlacementPolicy.java:149)
	at org.apache.hadoop.hdds.scm.pipeline.PipelinePlacementPolicy.chooseDatanodes(PipelinePlacementPolicy.java:172)
	at org.apache.hadoop.hdds.scm.pipeline.RatisPipelineProvider.create(RatisPipelineProvider.java:92)
	at org.apache.hadoop.hdds.scm.pipeline.PipelineFactory.create(PipelineFactory.java:57)
	at org.apache.hadoop.hdds.scm.pipeline.SCMPipelineManager.createPipeline(SCMPipelineManager.java:149)
	at org.apache.hadoop.hdds.scm.block.BlockManagerImpl.allocateBlock(BlockManagerImpl.java:190)
	at org.apache.hadoop.hdds.scm.server.SCMBlockProtocolServer.allocateBlock(SCMBlockProtocolServer.java:175)
	at org.apache.hadoop.ozone.protocolPB.ScmBlockLocationProtocolServerSideTranslatorPB.allocateScmBlock(ScmBlockLocationProtocolServerSideTranslatorPB.java:153)
	at org.apache.hadoop.ozone.protocolPB.ScmBlockLocationProtocolServerSideTranslatorPB.send(ScmBlockLocationProtocolServerSideTranslatorPB.java:112)
	at org.apache.hadoop.hdds.protocol.proto.ScmBlockLocationProtocolProtos$ScmBlockLocationProtocolService$2.callBlockingMethod(ScmBlockLocationProtocolProtos.java:13157)
	at org.apache.hadoop.ipc.ProtobufRpcEngine$Server$ProtoBufRpcInvoker.call(ProtobufRpcEngine.java:524)
	at org.apache.hadoop.ipc.RPC$Server.call(RPC.java:1025)
	at org.apache.hadoop.ipc.Server$RpcCall.run(Server.java:876)
	at org.apache.hadoop.ipc.Server$RpcCall.run(Server.java:822)
	at java.security.AccessController.doPrivileged(Native Method)
	at javax.security.auth.Subject.doAs(Subject.java:422)
	at org.apache.hadoop.security.UserGroupInformation.doAs(UserGroupInformation.java:1730)
	at org.apache.hadoop.ipc.Server$Handler.run(Server.java:2682)
2019-09-20 08:44:20,908 [IPC Server handler 0 on 45031] INFO  block.BlockManagerImpl (BlockManagerImpl.java:allocateBlock(198)) - Could not find available pipeline of type:RATIS and factor:THREE even after retrying
2019-09-20 08:44:20,908 [IPC Server handler 0 on 45031] ERROR block.BlockManagerImpl (BlockManagerImpl.java:allocateBlock(222)) - Unable to allocate a block for the size: 4194304, type: RATIS, factor: THREE
2019-09-20 08:44:20,909 | INFO  | SCMAudit | user=jenkins1000 | ip=192.168.36.79 | op=ALLOCATE_BLOCK {owner=a1d0c9a2-9b67-4af3-a1f8-8c5669c9b817, size=4194304, type=RATIS, factor=THREE} | ret=SUCCESS |  
2019-09-20 08:44:20,912 | ERROR | OMAudit | user=jenkins1000 | ip=127.0.0.1 | op=CREATE_FILE {volume=volume58442, bucket=bucket72129, key=test/ITestOzoneContractDistCp/testUpdateDeepDirectoryStructureNoChange/remote/outputDir/.distcp.tmp.attempt_local1209324504_0001_m_000000_0, dataSize=0, replicationType=RATIS, replicationFactor=THREE, keyLocationInfo=null} | ret=FAILURE | org.apache.hadoop.hdds.scm.exceptions.SCMException: Allocated 0 blocks. Requested 1 blocks
	at org.apache.hadoop.hdds.scm.protocolPB.ScmBlockLocationProtocolClientSideTranslatorPB.handleError(ScmBlockLocationProtocolClientSideTranslatorPB.java:118)
	at org.apache.hadoop.hdds.scm.protocolPB.ScmBlockLocationProtocolClientSideTranslatorPB.allocateBlock(ScmBlockLocationProtocolClientSideTranslatorPB.java:156) 
2019-09-20 08:44:20,914 | ERROR | OMAudit | user=jenkins1000 | ip=127.0.0.1 | op=GET_FILE_STATUS {volume=volume58442, bucket=bucket72129, key=test/ITestOzoneContractDistCp/testUpdateDeepDirectoryStructureNoChange/remote/outputDir/.distcp.tmp.attempt_local1209324504_0001_m_000000_0, dataSize=0, replicationType=null, replicationFactor=null, keyLocationInfo=null} | ret=FAILURE | FILE_NOT_FOUND org.apache.hadoop.ozone.om.exceptions.OMException: Unable to get file status: volume: volume58442 bucket: bucket72129 key: test/ITestOzoneContractDistCp/testUpdateDeepDirectoryStructureNoChange/remote/outputDir/.distcp.tmp.attempt_local1209324504_0001_m_000000_0
	at org.apache.hadoop.ozone.om.KeyManagerImpl.getFileStatus(KeyManagerImpl.java:1655)
	at org.apache.hadoop.ozone.om.OzoneManager.getFileStatus(OzoneManager.java:2868) 
2019-09-20 08:44:20,915 [LocalJobRunner Map Task Executor #0] WARN  ozone.BasicOzoneFileSystem (BasicOzoneFileSystem.java:delete(437)) - delete: Path does not exist: o3fs://bucket72129.volume58442/test/ITestOzoneContractDistCp/testUpdateDeepDirectoryStructureNoChange/remote/outputDir/.distcp.tmp.attempt_local1209324504_0001_m_000000_0
2019-09-20 08:44:20,916 [LocalJobRunner Map Task Executor #0] ERROR util.RetriableCommand (RetriableCommand.java:execute(89)) - Failure in Retriable command: Copying file:/workdir/hadoop-ozone/ozonefs/target/test-dir/ITestOzoneContractDistCp/testUpdateDeepDirectoryStructureNoChange/local/inputDir/subDir4/subDir4/file4 to o3fs://bucket72129.volume58442/test/ITestOzoneContractDistCp/testUpdateDeepDirectoryStructureNoChange/remote/outputDir/inputDir/subDir4/subDir4/file4
INTERNAL_ERROR org.apache.hadoop.ozone.om.exceptions.OMException: Allocated 0 blocks. Requested 1 blocks
	at org.apache.hadoop.ozone.om.protocolPB.OzoneManagerProtocolClientSideTranslatorPB.handleError(OzoneManagerProtocolClientSideTranslatorPB.java:725)
	at org.apache.hadoop.ozone.om.protocolPB.OzoneManagerProtocolClientSideTranslatorPB.createFile(OzoneManagerProtocolClientSideTranslatorPB.java:1474)
	at org.apache.hadoop.ozone.client.rpc.RpcClient.createFile(RpcClient.java:984)
	at org.apache.hadoop.ozone.client.OzoneBucket.createFile(OzoneBucket.java:535)
	at org.apache.hadoop.fs.ozone.BasicOzoneClientAdapterImpl.createFile(BasicOzoneClientAdapterImpl.java:181)
	at org.apache.hadoop.fs.ozone.BasicOzoneFileSystem.createOutputStream(BasicOzoneFileSystem.java:249)
	at org.apache.hadoop.fs.ozone.BasicOzoneFileSystem.create(BasicOzoneFileSystem.java:230)
	at org.apache.hadoop.fs.FileSystem.create(FileSystem.java:1195)
	at org.apache.hadoop.tools.mapred.RetriableFileCopyCommand.copyToFile(RetriableFileCopyCommand.java:184)
	at org.apache.hadoop.tools.mapred.RetriableFileCopyCommand.doCopy(RetriableFileCopyCommand.java:123)
	at org.apache.hadoop.tools.mapred.RetriableFileCopyCommand.doExecute(RetriableFileCopyCommand.java:99)
	at org.apache.hadoop.tools.util.RetriableCommand.execute(RetriableCommand.java:87)
	at org.apache.hadoop.tools.mapred.CopyMapper.copyFileWithRetry(CopyMapper.java:256)
	at org.apache.hadoop.tools.mapred.CopyMapper.map(CopyMapper.java:217)
	at org.apache.hadoop.tools.mapred.CopyMapper.map(CopyMapper.java:48)
	at org.apache.hadoop.mapreduce.Mapper.run(Mapper.java:146)
	at org.apache.hadoop.mapred.MapTask.runNewMapper(MapTask.java:799)
	at org.apache.hadoop.mapred.MapTask.run(MapTask.java:347)
	at org.apache.hadoop.mapred.LocalJobRunner$Job$MapTaskRunnable.run(LocalJobRunner.java:271)
	at java.util.concurrent.Executors$RunnableAdapter.call(Executors.java:511)
	at java.util.concurrent.FutureTask.run(FutureTask.java:266)
	at java.util.concurrent.ThreadPoolExecutor.runWorker(ThreadPoolExecutor.java:1149)
	at java.util.concurrent.ThreadPoolExecutor$Worker.run(ThreadPoolExecutor.java:624)
	at java.lang.Thread.run(Thread.java:748)
2019-09-20 08:44:20,967 | INFO  | SCMAudit | user=jenkins1000 | ip=192.168.36.79 | op=SEND_HEARTBEAT {datanodeUUID=9123b815-6bfa-48f7-ade2-b84cdc033afa, command=[]} | ret=SUCCESS |  
2019-09-20 08:44:21,114 [b892e876-f5ae-410a-9dfd-4f07fd940729-SegmentedRaftLogWorker:Storage Directory /workdir/hadoop-ozone/ozonefs/target/test-dir/MiniOzoneClusterImpl-84b7649f-0e5d-4ae2-b324-047deb1fece8/datanode-0/data/ratis/07f617af-4c9f-44bb-8ea2-6398a9828e52] INFO  segmented.SegmentedRaftLogWorker (SegmentedRaftLogWorker.java:execute(569)) - b892e876-f5ae-410a-9dfd-4f07fd940729-SegmentedRaftLogWorker:Storage Directory /workdir/hadoop-ozone/ozonefs/target/test-dir/MiniOzoneClusterImpl-84b7649f-0e5d-4ae2-b324-047deb1fece8/datanode-0/data/ratis/07f617af-4c9f-44bb-8ea2-6398a9828e52: created new log segment /workdir/hadoop-ozone/ozonefs/target/test-dir/MiniOzoneClusterImpl-84b7649f-0e5d-4ae2-b324-047deb1fece8/datanode-0/data/ratis/07f617af-4c9f-44bb-8ea2-6398a9828e52/current/log_inprogress_0
2019-09-20 08:44:21,162 [Thread-212] INFO  impl.FollowerState (FollowerState.java:run(106)) - 9123b815-6bfa-48f7-ade2-b84cdc033afa:group-DC749EBDFE67 changes to CANDIDATE, lastRpcTime:5167, electionTimeout:5165ms
2019-09-20 08:44:21,164 [Thread-212] INFO  impl.RoleInfo (RoleInfo.java:shutdownFollowerState(121)) - 9123b815-6bfa-48f7-ade2-b84cdc033afa: shutdown FollowerState
2019-09-20 08:44:21,165 [Thread-212] INFO  impl.RaftServerImpl (RaftServerImpl.java:setRole(171)) - 9123b815-6bfa-48f7-ade2-b84cdc033afa:group-DC749EBDFE67 changes role from FOLLOWER to CANDIDATE at term 0 for changeToCandidate
2019-09-20 08:44:21,165 [Thread-212] INFO  impl.RoleInfo (RoleInfo.java:updateAndGet(143)) - 9123b815-6bfa-48f7-ade2-b84cdc033afa: start LeaderElection
2019-09-20 08:44:21,181 [Thread-215] INFO  impl.FollowerState (FollowerState.java:run(106)) - a4a73c82-9756-45ac-afed-7299ac804f25:group-F3F72F6CE3A6 changes to CANDIDATE, lastRpcTime:5077, electionTimeout:5077ms
2019-09-20 08:44:21,183 [Thread-215] INFO  impl.RoleInfo (RoleInfo.java:shutdownFollowerState(121)) - a4a73c82-9756-45ac-afed-7299ac804f25: shutdown FollowerState
2019-09-20 08:44:21,183 [Thread-215] INFO  impl.RaftServerImpl (RaftServerImpl.java:setRole(171)) - a4a73c82-9756-45ac-afed-7299ac804f25:group-F3F72F6CE3A6 changes role from FOLLOWER to CANDIDATE at term 0 for changeToCandidate
2019-09-20 08:44:21,183 [Thread-215] INFO  impl.RoleInfo (RoleInfo.java:updateAndGet(143)) - a4a73c82-9756-45ac-afed-7299ac804f25: start LeaderElection
2019-09-20 08:44:21,189 [9123b815-6bfa-48f7-ade2-b84cdc033afa:group-DC749EBDFE67:LeaderElection2] INFO  impl.LeaderElection (LeaderElection.java:askForVotes(181)) - 9123b815-6bfa-48f7-ade2-b84cdc033afa:group-DC749EBDFE67:LeaderElection2: begin an election at term 1 for -1: [9123b815-6bfa-48f7-ade2-b84cdc033afa:192.168.36.79:38300], old=null
2019-09-20 08:44:21,190 [9123b815-6bfa-48f7-ade2-b84cdc033afa:group-DC749EBDFE67:LeaderElection2] INFO  impl.RoleInfo (RoleInfo.java:shutdownLeaderElection(134)) - 9123b815-6bfa-48f7-ade2-b84cdc033afa: shutdown LeaderElection
2019-09-20 08:44:21,190 [9123b815-6bfa-48f7-ade2-b84cdc033afa:group-DC749EBDFE67:LeaderElection2] INFO  impl.RaftServerImpl (RaftServerImpl.java:setRole(171)) - 9123b815-6bfa-48f7-ade2-b84cdc033afa:group-DC749EBDFE67 changes role from CANDIDATE to LEADER at term 1 for changeToLeader
2019-09-20 08:44:21,190 [9123b815-6bfa-48f7-ade2-b84cdc033afa:group-DC749EBDFE67:LeaderElection2] INFO  impl.RaftServerImpl (ServerState.java:setLeader(263)) - 9123b815-6bfa-48f7-ade2-b84cdc033afa:group-DC749EBDFE67 change Leader from null to 9123b815-6bfa-48f7-ade2-b84cdc033afa at term 1 for becomeLeader, leader elected after 5203ms
2019-09-20 08:44:21,192 [9123b815-6bfa-48f7-ade2-b84cdc033afa:group-DC749EBDFE67:LeaderElection2] INFO  server.RaftServerConfigKeys (ConfUtils.java:logGet(43)) - raft.server.staging.catchup.gap = 1000 (default)
2019-09-20 08:44:21,192 [9123b815-6bfa-48f7-ade2-b84cdc033afa:group-DC749EBDFE67:LeaderElection2] INFO  server.RaftServerConfigKeys (ConfUtils.java:logGet(43)) - raft.server.rpc.sleep.time = 25ms (default)
2019-09-20 08:44:21,193 [9123b815-6bfa-48f7-ade2-b84cdc033afa:group-DC749EBDFE67:LeaderElection2] INFO  server.RaftServerConfigKeys (ConfUtils.java:logGet(43)) - raft.server.write.element-limit = 4096 (default)
2019-09-20 08:44:21,193 [9123b815-6bfa-48f7-ade2-b84cdc033afa:group-DC749EBDFE67:LeaderElection2] INFO  server.RaftServerConfigKeys (ConfUtils.java:logGet(43)) - raft.server.watch.timeout = 10s (default)
2019-09-20 08:44:21,193 [9123b815-6bfa-48f7-ade2-b84cdc033afa:group-DC749EBDFE67:LeaderElection2] INFO  server.RaftServerConfigKeys (ConfUtils.java:logGet(43)) - raft.server.watch.timeout.denomination = 1s (default)
2019-09-20 08:44:21,193 [9123b815-6bfa-48f7-ade2-b84cdc033afa:group-DC749EBDFE67:LeaderElection2] INFO  server.RaftServerConfigKeys (ConfUtils.java:logGet(43)) - raft.server.watch.element-limit = 65536 (default)
2019-09-20 08:44:21,194 [9123b815-6bfa-48f7-ade2-b84cdc033afa:group-DC749EBDFE67:LeaderElection2] INFO  impl.RoleInfo (RoleInfo.java:updateAndGet(143)) - 9123b815-6bfa-48f7-ade2-b84cdc033afa: start LeaderState
2019-09-20 08:44:21,194 [9123b815-6bfa-48f7-ade2-b84cdc033afa:group-DC749EBDFE67:LeaderElection2] INFO  segmented.SegmentedRaftLogWorker (SegmentedRaftLogWorker.java:startLogSegment(380)) - 9123b815-6bfa-48f7-ade2-b84cdc033afa-SegmentedRaftLogWorker:Storage Directory /workdir/hadoop-ozone/ozonefs/target/test-dir/MiniOzoneClusterImpl-84b7649f-0e5d-4ae2-b324-047deb1fece8/datanode-2/data/ratis/274abf85-1824-4d7f-857e-dc749ebdfe67: Starting segment from index:0
2019-09-20 08:44:21,195 [9123b815-6bfa-48f7-ade2-b84cdc033afa:group-DC749EBDFE67:LeaderElection2] INFO  impl.RaftServerImpl (ServerState.java:setRaftConf(361)) - 9123b815-6bfa-48f7-ade2-b84cdc033afa:group-DC749EBDFE67 set configuration 0: [9123b815-6bfa-48f7-ade2-b84cdc033afa:192.168.36.79:38300], old=null at 0
2019-09-20 08:44:21,235 [a4a73c82-9756-45ac-afed-7299ac804f25:group-F3F72F6CE3A6:LeaderElection3] INFO  impl.LeaderElection (LeaderElection.java:askForVotes(181)) - a4a73c82-9756-45ac-afed-7299ac804f25:group-F3F72F6CE3A6:LeaderElection3: begin an election at term 1 for -1: [a4a73c82-9756-45ac-afed-7299ac804f25:192.168.36.79:38495], old=null
2019-09-20 08:44:21,236 [a4a73c82-9756-45ac-afed-7299ac804f25:group-F3F72F6CE3A6:LeaderElection3] INFO  impl.RoleInfo (RoleInfo.java:shutdownLeaderElection(134)) - a4a73c82-9756-45ac-afed-7299ac804f25: shutdown LeaderElection
2019-09-20 08:44:21,236 [a4a73c82-9756-45ac-afed-7299ac804f25:group-F3F72F6CE3A6:LeaderElection3] INFO  impl.RaftServerImpl (RaftServerImpl.java:setRole(171)) - a4a73c82-9756-45ac-afed-7299ac804f25:group-F3F72F6CE3A6 changes role from CANDIDATE to LEADER at term 1 for changeToLeader
2019-09-20 08:44:21,236 [a4a73c82-9756-45ac-afed-7299ac804f25:group-F3F72F6CE3A6:LeaderElection3] INFO  impl.RaftServerImpl (ServerState.java:setLeader(263)) - a4a73c82-9756-45ac-afed-7299ac804f25:group-F3F72F6CE3A6 change Leader from null to a4a73c82-9756-45ac-afed-7299ac804f25 at term 1 for becomeLeader, leader elected after 5137ms
2019-09-20 08:44:21,237 [a4a73c82-9756-45ac-afed-7299ac804f25:group-F3F72F6CE3A6:LeaderElection3] INFO  server.RaftServerConfigKeys (ConfUtils.java:logGet(43)) - raft.server.staging.catchup.gap = 1000 (default)
2019-09-20 08:44:21,237 [a4a73c82-9756-45ac-afed-7299ac804f25:group-F3F72F6CE3A6:LeaderElection3] INFO  server.RaftServerConfigKeys (ConfUtils.java:logGet(43)) - raft.server.rpc.sleep.time = 25ms (default)
2019-09-20 08:44:21,238 [a4a73c82-9756-45ac-afed-7299ac804f25:group-F3F72F6CE3A6:LeaderElection3] INFO  server.RaftServerConfigKeys (ConfUtils.java:logGet(43)) - raft.server.write.element-limit = 4096 (default)
2019-09-20 08:44:21,238 [a4a73c82-9756-45ac-afed-7299ac804f25:group-F3F72F6CE3A6:LeaderElection3] INFO  server.RaftServerConfigKeys (ConfUtils.java:logGet(43)) - raft.server.watch.timeout = 10s (default)
2019-09-20 08:44:21,238 [a4a73c82-9756-45ac-afed-7299ac804f25:group-F3F72F6CE3A6:LeaderElection3] INFO  server.RaftServerConfigKeys (ConfUtils.java:logGet(43)) - raft.server.watch.timeout.denomination = 1s (default)
2019-09-20 08:44:21,238 [a4a73c82-9756-45ac-afed-7299ac804f25:group-F3F72F6CE3A6:LeaderElection3] INFO  server.RaftServerConfigKeys (ConfUtils.java:logGet(43)) - raft.server.watch.element-limit = 65536 (default)
2019-09-20 08:44:21,238 [a4a73c82-9756-45ac-afed-7299ac804f25:group-F3F72F6CE3A6:LeaderElection3] INFO  impl.RoleInfo (RoleInfo.java:updateAndGet(143)) - a4a73c82-9756-45ac-afed-7299ac804f25: start LeaderState
2019-09-20 08:44:21,239 [a4a73c82-9756-45ac-afed-7299ac804f25:group-F3F72F6CE3A6:LeaderElection3] INFO  segmented.SegmentedRaftLogWorker (SegmentedRaftLogWorker.java:startLogSegment(380)) - a4a73c82-9756-45ac-afed-7299ac804f25-SegmentedRaftLogWorker:Storage Directory /workdir/hadoop-ozone/ozonefs/target/test-dir/MiniOzoneClusterImpl-84b7649f-0e5d-4ae2-b324-047deb1fece8/datanode-1/data/ratis/9dc744bd-947b-4864-b005-f3f72f6ce3a6: Starting segment from index:0
2019-09-20 08:44:21,239 [a4a73c82-9756-45ac-afed-7299ac804f25:group-F3F72F6CE3A6:LeaderElection3] INFO  impl.RaftServerImpl (ServerState.java:setRaftConf(361)) - a4a73c82-9756-45ac-afed-7299ac804f25:group-F3F72F6CE3A6 set configuration 0: [a4a73c82-9756-45ac-afed-7299ac804f25:192.168.36.79:38495], old=null at 0
2019-09-20 08:44:21,274 [9123b815-6bfa-48f7-ade2-b84cdc033afa-SegmentedRaftLogWorker:Storage Directory /workdir/hadoop-ozone/ozonefs/target/test-dir/MiniOzoneClusterImpl-84b7649f-0e5d-4ae2-b324-047deb1fece8/datanode-2/data/ratis/274abf85-1824-4d7f-857e-dc749ebdfe67] INFO  segmented.SegmentedRaftLogWorker (SegmentedRaftLogWorker.java:execute(569)) - 9123b815-6bfa-48f7-ade2-b84cdc033afa-SegmentedRaftLogWorker:Storage Directory /workdir/hadoop-ozone/ozonefs/target/test-dir/MiniOzoneClusterImpl-84b7649f-0e5d-4ae2-b324-047deb1fece8/datanode-2/data/ratis/274abf85-1824-4d7f-857e-dc749ebdfe67: created new log segment /workdir/hadoop-ozone/ozonefs/target/test-dir/MiniOzoneClusterImpl-84b7649f-0e5d-4ae2-b324-047deb1fece8/datanode-2/data/ratis/274abf85-1824-4d7f-857e-dc749ebdfe67/current/log_inprogress_0
2019-09-20 08:44:21,279 [Thread-218] INFO  impl.FollowerState (FollowerState.java:run(106)) - a4a73c82-9756-45ac-afed-7299ac804f25:group-BA5055E799EF changes to CANDIDATE, lastRpcTime:5097, electionTimeout:5097ms
2019-09-20 08:44:21,279 [Thread-218] INFO  impl.RoleInfo (RoleInfo.java:shutdownFollowerState(121)) - a4a73c82-9756-45ac-afed-7299ac804f25: shutdown FollowerState
2019-09-20 08:44:21,279 [Thread-218] INFO  impl.RaftServerImpl (RaftServerImpl.java:setRole(171)) - a4a73c82-9756-45ac-afed-7299ac804f25:group-BA5055E799EF changes role from FOLLOWER to CANDIDATE at term 0 for changeToCandidate
2019-09-20 08:44:21,279 [Thread-218] INFO  impl.RoleInfo (RoleInfo.java:updateAndGet(143)) - a4a73c82-9756-45ac-afed-7299ac804f25: start LeaderElection
2019-09-20 08:44:21,291 [a4a73c82-9756-45ac-afed-7299ac804f25-SegmentedRaftLogWorker:Storage Directory /workdir/hadoop-ozone/ozonefs/target/test-dir/MiniOzoneClusterImpl-84b7649f-0e5d-4ae2-b324-047deb1fece8/datanode-1/data/ratis/9dc744bd-947b-4864-b005-f3f72f6ce3a6] INFO  segmented.SegmentedRaftLogWorker (SegmentedRaftLogWorker.java:execute(569)) - a4a73c82-9756-45ac-afed-7299ac804f25-SegmentedRaftLogWorker:Storage Directory /workdir/hadoop-ozone/ozonefs/target/test-dir/MiniOzoneClusterImpl-84b7649f-0e5d-4ae2-b324-047deb1fece8/datanode-1/data/ratis/9dc744bd-947b-4864-b005-f3f72f6ce3a6: created new log segment /workdir/hadoop-ozone/ozonefs/target/test-dir/MiniOzoneClusterImpl-84b7649f-0e5d-4ae2-b324-047deb1fece8/datanode-1/data/ratis/9dc744bd-947b-4864-b005-f3f72f6ce3a6/current/log_inprogress_0
2019-09-20 08:44:21,306 [a4a73c82-9756-45ac-afed-7299ac804f25:group-BA5055E799EF:LeaderElection4] INFO  impl.LeaderElection (LeaderElection.java:askForVotes(181)) - a4a73c82-9756-45ac-afed-7299ac804f25:group-BA5055E799EF:LeaderElection4: begin an election at term 1 for -1: [a4a73c82-9756-45ac-afed-7299ac804f25:192.168.36.79:38495], old=null
2019-09-20 08:44:21,306 [a4a73c82-9756-45ac-afed-7299ac804f25:group-BA5055E799EF:LeaderElection4] INFO  impl.RoleInfo (RoleInfo.java:shutdownLeaderElection(134)) - a4a73c82-9756-45ac-afed-7299ac804f25: shutdown LeaderElection
2019-09-20 08:44:21,306 [a4a73c82-9756-45ac-afed-7299ac804f25:group-BA5055E799EF:LeaderElection4] INFO  impl.RaftServerImpl (RaftServerImpl.java:setRole(171)) - a4a73c82-9756-45ac-afed-7299ac804f25:group-BA5055E799EF changes role from CANDIDATE to LEADER at term 1 for changeToLeader
2019-09-20 08:44:21,306 [a4a73c82-9756-45ac-afed-7299ac804f25:group-BA5055E799EF:LeaderElection4] INFO  impl.RaftServerImpl (ServerState.java:setLeader(263)) - a4a73c82-9756-45ac-afed-7299ac804f25:group-BA5055E799EF change Leader from null to a4a73c82-9756-45ac-afed-7299ac804f25 at term 1 for becomeLeader, leader elected after 5129ms
2019-09-20 08:44:21,306 [a4a73c82-9756-45ac-afed-7299ac804f25:group-BA5055E799EF:LeaderElection4] INFO  server.RaftServerConfigKeys (ConfUtils.java:logGet(43)) - raft.server.staging.catchup.gap = 1000 (default)
2019-09-20 08:44:21,306 [a4a73c82-9756-45ac-afed-7299ac804f25:group-BA5055E799EF:LeaderElection4] INFO  server.RaftServerConfigKeys (ConfUtils.java:logGet(43)) - raft.server.rpc.sleep.time = 25ms (default)
2019-09-20 08:44:21,307 [a4a73c82-9756-45ac-afed-7299ac804f25:group-BA5055E799EF:LeaderElection4] INFO  server.RaftServerConfigKeys (ConfUtils.java:logGet(43)) - raft.server.write.element-limit = 4096 (default)
2019-09-20 08:44:21,307 [a4a73c82-9756-45ac-afed-7299ac804f25:group-BA5055E799EF:LeaderElection4] INFO  server.RaftServerConfigKeys (ConfUtils.java:logGet(43)) - raft.server.watch.timeout = 10s (default)
2019-09-20 08:44:21,307 [a4a73c82-9756-45ac-afed-7299ac804f25:group-BA5055E799EF:LeaderElection4] INFO  server.RaftServerConfigKeys (ConfUtils.java:logGet(43)) - raft.server.watch.timeout.denomination = 1s (default)
2019-09-20 08:44:21,307 [a4a73c82-9756-45ac-afed-7299ac804f25:group-BA5055E799EF:LeaderElection4] INFO  server.RaftServerConfigKeys (ConfUtils.java:logGet(43)) - raft.server.watch.element-limit = 65536 (default)
2019-09-20 08:44:21,307 [a4a73c82-9756-45ac-afed-7299ac804f25:group-BA5055E799EF:LeaderElection4] INFO  impl.RoleInfo (RoleInfo.java:updateAndGet(143)) - a4a73c82-9756-45ac-afed-7299ac804f25: start LeaderState
2019-09-20 08:44:21,307 [a4a73c82-9756-45ac-afed-7299ac804f25:group-BA5055E799EF:LeaderElection4] INFO  segmented.SegmentedRaftLogWorker (SegmentedRaftLogWorker.java:startLogSegment(380)) - a4a73c82-9756-45ac-afed-7299ac804f25-SegmentedRaftLogWorker:Storage Directory /workdir/hadoop-ozone/ozonefs/target/test-dir/MiniOzoneClusterImpl-84b7649f-0e5d-4ae2-b324-047deb1fece8/datanode-1/data/ratis/d2cbed57-8a63-490f-92b8-ba5055e799ef: Starting segment from index:0
2019-09-20 08:44:21,308 [a4a73c82-9756-45ac-afed-7299ac804f25:group-BA5055E799EF:LeaderElection4] INFO  impl.RaftServerImpl (ServerState.java:setRaftConf(361)) - a4a73c82-9756-45ac-afed-7299ac804f25:group-BA5055E799EF set configuration 0: [a4a73c82-9756-45ac-afed-7299ac804f25:192.168.36.79:38495], old=null at 0
2019-09-20 08:44:21,354 [Thread-221] INFO  impl.FollowerState (FollowerState.java:run(106)) - 75feff7d-6f48-4002-b580-45a21ea734c6:group-6B794F6151EE changes to CANDIDATE, lastRpcTime:5063, electionTimeout:5063ms
2019-09-20 08:44:21,356 [Thread-221] INFO  impl.RoleInfo (RoleInfo.java:shutdownFollowerState(121)) - 75feff7d-6f48-4002-b580-45a21ea734c6: shutdown FollowerState
2019-09-20 08:44:21,356 [Thread-221] INFO  impl.RaftServerImpl (RaftServerImpl.java:setRole(171)) - 75feff7d-6f48-4002-b580-45a21ea734c6:group-6B794F6151EE changes role from FOLLOWER to CANDIDATE at term 0 for changeToCandidate
2019-09-20 08:44:21,356 [Thread-221] INFO  impl.RoleInfo (RoleInfo.java:updateAndGet(143)) - 75feff7d-6f48-4002-b580-45a21ea734c6: start LeaderElection
2019-09-20 08:44:21,385 [a4a73c82-9756-45ac-afed-7299ac804f25-SegmentedRaftLogWorker:Storage Directory /workdir/hadoop-ozone/ozonefs/target/test-dir/MiniOzoneClusterImpl-84b7649f-0e5d-4ae2-b324-047deb1fece8/datanode-1/data/ratis/d2cbed57-8a63-490f-92b8-ba5055e799ef] INFO  segmented.SegmentedRaftLogWorker (SegmentedRaftLogWorker.java:execute(569)) - a4a73c82-9756-45ac-afed-7299ac804f25-SegmentedRaftLogWorker:Storage Directory /workdir/hadoop-ozone/ozonefs/target/test-dir/MiniOzoneClusterImpl-84b7649f-0e5d-4ae2-b324-047deb1fece8/datanode-1/data/ratis/d2cbed57-8a63-490f-92b8-ba5055e799ef: created new log segment /workdir/hadoop-ozone/ozonefs/target/test-dir/MiniOzoneClusterImpl-84b7649f-0e5d-4ae2-b324-047deb1fece8/datanode-1/data/ratis/d2cbed57-8a63-490f-92b8-ba5055e799ef/current/log_inprogress_0
2019-09-20 08:44:21,402 [75feff7d-6f48-4002-b580-45a21ea734c6:group-6B794F6151EE:LeaderElection5] INFO  impl.LeaderElection (LeaderElection.java:askForVotes(181)) - 75feff7d-6f48-4002-b580-45a21ea734c6:group-6B794F6151EE:LeaderElection5: begin an election at term 1 for -1: [75feff7d-6f48-4002-b580-45a21ea734c6:192.168.36.79:46393], old=null
2019-09-20 08:44:21,402 [75feff7d-6f48-4002-b580-45a21ea734c6:group-6B794F6151EE:LeaderElection5] INFO  impl.RoleInfo (RoleInfo.java:shutdownLeaderElection(134)) - 75feff7d-6f48-4002-b580-45a21ea734c6: shutdown LeaderElection
2019-09-20 08:44:21,402 [75feff7d-6f48-4002-b580-45a21ea734c6:group-6B794F6151EE:LeaderElection5] INFO  impl.RaftServerImpl (RaftServerImpl.java:setRole(171)) - 75feff7d-6f48-4002-b580-45a21ea734c6:group-6B794F6151EE changes role from CANDIDATE to LEADER at term 1 for changeToLeader
2019-09-20 08:44:21,402 [75feff7d-6f48-4002-b580-45a21ea734c6:group-6B794F6151EE:LeaderElection5] INFO  impl.RaftServerImpl (ServerState.java:setLeader(263)) - 75feff7d-6f48-4002-b580-45a21ea734c6:group-6B794F6151EE change Leader from null to 75feff7d-6f48-4002-b580-45a21ea734c6 at term 1 for becomeLeader, leader elected after 5118ms
2019-09-20 08:44:21,404 [75feff7d-6f48-4002-b580-45a21ea734c6:group-6B794F6151EE:LeaderElection5] INFO  server.RaftServerConfigKeys (ConfUtils.java:logGet(43)) - raft.server.staging.catchup.gap = 1000 (default)
2019-09-20 08:44:21,404 [75feff7d-6f48-4002-b580-45a21ea734c6:group-6B794F6151EE:LeaderElection5] INFO  server.RaftServerConfigKeys (ConfUtils.java:logGet(43)) - raft.server.rpc.sleep.time = 25ms (default)
2019-09-20 08:44:21,405 [75feff7d-6f48-4002-b580-45a21ea734c6:group-6B794F6151EE:LeaderElection5] INFO  server.RaftServerConfigKeys (ConfUtils.java:logGet(43)) - raft.server.write.element-limit = 4096 (default)
2019-09-20 08:44:21,405 [75feff7d-6f48-4002-b580-45a21ea734c6:group-6B794F6151EE:LeaderElection5] INFO  server.RaftServerConfigKeys (ConfUtils.java:logGet(43)) - raft.server.watch.timeout = 10s (default)
2019-09-20 08:44:21,405 [75feff7d-6f48-4002-b580-45a21ea734c6:group-6B794F6151EE:LeaderElection5] INFO  server.RaftServerConfigKeys (ConfUtils.java:logGet(43)) - raft.server.watch.timeout.denomination = 1s (default)
2019-09-20 08:44:21,405 [75feff7d-6f48-4002-b580-45a21ea734c6:group-6B794F6151EE:LeaderElection5] INFO  server.RaftServerConfigKeys (ConfUtils.java:logGet(43)) - raft.server.watch.element-limit = 65536 (default)
2019-09-20 08:44:21,405 [75feff7d-6f48-4002-b580-45a21ea734c6:group-6B794F6151EE:LeaderElection5] INFO  impl.RoleInfo (RoleInfo.java:updateAndGet(143)) - 75feff7d-6f48-4002-b580-45a21ea734c6: start LeaderState
2019-09-20 08:44:21,406 [75feff7d-6f48-4002-b580-45a21ea734c6:group-6B794F6151EE:LeaderElection5] INFO  segmented.SegmentedRaftLogWorker (SegmentedRaftLogWorker.java:startLogSegment(380)) - 75feff7d-6f48-4002-b580-45a21ea734c6-SegmentedRaftLogWorker:Storage Directory /workdir/hadoop-ozone/ozonefs/target/test-dir/MiniOzoneClusterImpl-84b7649f-0e5d-4ae2-b324-047deb1fece8/datanode-3/data/ratis/63d19817-b199-4ae0-9067-6b794f6151ee: Starting segment from index:0
2019-09-20 08:44:21,406 [75feff7d-6f48-4002-b580-45a21ea734c6:group-6B794F6151EE:LeaderElection5] INFO  impl.RaftServerImpl (ServerState.java:setRaftConf(361)) - 75feff7d-6f48-4002-b580-45a21ea734c6:group-6B794F6151EE set configuration 0: [75feff7d-6f48-4002-b580-45a21ea734c6:192.168.36.79:46393], old=null at 0
2019-09-20 08:44:21,452 | INFO  | SCMAudit | user=jenkins1000 | ip=192.168.36.79 | op=SEND_HEARTBEAT {datanodeUUID=75feff7d-6f48-4002-b580-45a21ea734c6, command=[]} | ret=SUCCESS |  
2019-09-20 08:44:21,460 [75feff7d-6f48-4002-b580-45a21ea734c6-SegmentedRaftLogWorker:Storage Directory /workdir/hadoop-ozone/ozonefs/target/test-dir/MiniOzoneClusterImpl-84b7649f-0e5d-4ae2-b324-047deb1fece8/datanode-3/data/ratis/63d19817-b199-4ae0-9067-6b794f6151ee] INFO  segmented.SegmentedRaftLogWorker (SegmentedRaftLogWorker.java:execute(569)) - 75feff7d-6f48-4002-b580-45a21ea734c6-SegmentedRaftLogWorker:Storage Directory /workdir/hadoop-ozone/ozonefs/target/test-dir/MiniOzoneClusterImpl-84b7649f-0e5d-4ae2-b324-047deb1fece8/datanode-3/data/ratis/63d19817-b199-4ae0-9067-6b794f6151ee: created new log segment /workdir/hadoop-ozone/ozonefs/target/test-dir/MiniOzoneClusterImpl-84b7649f-0e5d-4ae2-b324-047deb1fece8/datanode-3/data/ratis/63d19817-b199-4ae0-9067-6b794f6151ee/current/log_inprogress_0
2019-09-20 08:44:21,473 | INFO  | SCMAudit | user=jenkins1000 | ip=192.168.36.79 | op=SEND_HEARTBEAT {datanodeUUID=b892e876-f5ae-410a-9dfd-4f07fd940729, command=[]} | ret=SUCCESS |  
2019-09-20 08:44:21,481 | INFO  | SCMAudit | user=jenkins1000 | ip=192.168.36.79 | op=SEND_HEARTBEAT {datanodeUUID=aa30552f-ad30-4fe7-9018-411c04218958, command=[]} | ret=SUCCESS |  
2019-09-20 08:44:21,493 [Thread-224] INFO  impl.FollowerState (FollowerState.java:run(106)) - b892e876-f5ae-410a-9dfd-4f07fd940729:group-B4DF1E5FFB26 changes to CANDIDATE, lastRpcTime:5119, electionTimeout:5119ms
2019-09-20 08:44:21,493 [Thread-224] INFO  impl.RoleInfo (RoleInfo.java:shutdownFollowerState(121)) - b892e876-f5ae-410a-9dfd-4f07fd940729: shutdown FollowerState
2019-09-20 08:44:21,493 [Thread-224] INFO  impl.RaftServerImpl (RaftServerImpl.java:setRole(171)) - b892e876-f5ae-410a-9dfd-4f07fd940729:group-B4DF1E5FFB26 changes role from FOLLOWER to CANDIDATE at term 0 for changeToCandidate
2019-09-20 08:44:21,493 [Thread-224] INFO  impl.RoleInfo (RoleInfo.java:updateAndGet(143)) - b892e876-f5ae-410a-9dfd-4f07fd940729: start LeaderElection
2019-09-20 08:44:21,519 [b892e876-f5ae-410a-9dfd-4f07fd940729:group-B4DF1E5FFB26:LeaderElection6] INFO  impl.LeaderElection (LeaderElection.java:askForVotes(181)) - b892e876-f5ae-410a-9dfd-4f07fd940729:group-B4DF1E5FFB26:LeaderElection6: begin an election at term 1 for -1: [b892e876-f5ae-410a-9dfd-4f07fd940729:192.168.36.79:42750], old=null
2019-09-20 08:44:21,521 [b892e876-f5ae-410a-9dfd-4f07fd940729:group-B4DF1E5FFB26:LeaderElection6] INFO  impl.RoleInfo (RoleInfo.java:shutdownLeaderElection(134)) - b892e876-f5ae-410a-9dfd-4f07fd940729: shutdown LeaderElection
2019-09-20 08:44:21,521 [b892e876-f5ae-410a-9dfd-4f07fd940729:group-B4DF1E5FFB26:LeaderElection6] INFO  impl.RaftServerImpl (RaftServerImpl.java:setRole(171)) - b892e876-f5ae-410a-9dfd-4f07fd940729:group-B4DF1E5FFB26 changes role from CANDIDATE to LEADER at term 1 for changeToLeader
2019-09-20 08:44:21,521 [b892e876-f5ae-410a-9dfd-4f07fd940729:group-B4DF1E5FFB26:LeaderElection6] INFO  impl.RaftServerImpl (ServerState.java:setLeader(263)) - b892e876-f5ae-410a-9dfd-4f07fd940729:group-B4DF1E5FFB26 change Leader from null to b892e876-f5ae-410a-9dfd-4f07fd940729 at term 1 for becomeLeader, leader elected after 5153ms
2019-09-20 08:44:21,522 [b892e876-f5ae-410a-9dfd-4f07fd940729:group-B4DF1E5FFB26:LeaderElection6] INFO  server.RaftServerConfigKeys (ConfUtils.java:logGet(43)) - raft.server.staging.catchup.gap = 1000 (default)
2019-09-20 08:44:21,522 [b892e876-f5ae-410a-9dfd-4f07fd940729:group-B4DF1E5FFB26:LeaderElection6] INFO  server.RaftServerConfigKeys (ConfUtils.java:logGet(43)) - raft.server.rpc.sleep.time = 25ms (default)
2019-09-20 08:44:21,522 [b892e876-f5ae-410a-9dfd-4f07fd940729:group-B4DF1E5FFB26:LeaderElection6] INFO  server.RaftServerConfigKeys (ConfUtils.java:logGet(43)) - raft.server.write.element-limit = 4096 (default)
2019-09-20 08:44:21,522 [b892e876-f5ae-410a-9dfd-4f07fd940729:group-B4DF1E5FFB26:LeaderElection6] INFO  server.RaftServerConfigKeys (ConfUtils.java:logGet(43)) - raft.server.watch.timeout = 10s (default)
2019-09-20 08:44:21,523 [b892e876-f5ae-410a-9dfd-4f07fd940729:group-B4DF1E5FFB26:LeaderElection6] INFO  server.RaftServerConfigKeys (ConfUtils.java:logGet(43)) - raft.server.watch.timeout.denomination = 1s (default)
2019-09-20 08:44:21,523 [b892e876-f5ae-410a-9dfd-4f07fd940729:group-B4DF1E5FFB26:LeaderElection6] INFO  server.RaftServerConfigKeys (ConfUtils.java:logGet(43)) - raft.server.watch.element-limit = 65536 (default)
2019-09-20 08:44:21,523 [b892e876-f5ae-410a-9dfd-4f07fd940729:group-B4DF1E5FFB26:LeaderElection6] INFO  impl.RoleInfo (RoleInfo.java:updateAndGet(143)) - b892e876-f5ae-410a-9dfd-4f07fd940729: start LeaderState
2019-09-20 08:44:21,524 [b892e876-f5ae-410a-9dfd-4f07fd940729:group-B4DF1E5FFB26:LeaderElection6] INFO  segmented.SegmentedRaftLogWorker (SegmentedRaftLogWorker.java:startLogSegment(380)) - b892e876-f5ae-410a-9dfd-4f07fd940729-SegmentedRaftLogWorker:Storage Directory /workdir/hadoop-ozone/ozonefs/target/test-dir/MiniOzoneClusterImpl-84b7649f-0e5d-4ae2-b324-047deb1fece8/datanode-0/data/ratis/c61f8323-6446-49c6-9546-b4df1e5ffb26: Starting segment from index:0
2019-09-20 08:44:21,524 [b892e876-f5ae-410a-9dfd-4f07fd940729:group-B4DF1E5FFB26:LeaderElection6] INFO  impl.RaftServerImpl (ServerState.java:setRaftConf(361)) - b892e876-f5ae-410a-9dfd-4f07fd940729:group-B4DF1E5FFB26 set configuration 0: [b892e876-f5ae-410a-9dfd-4f07fd940729:192.168.36.79:42750], old=null at 0
2019-09-20 08:44:21,578 [b892e876-f5ae-410a-9dfd-4f07fd940729-SegmentedRaftLogWorker:Storage Directory /workdir/hadoop-ozone/ozonefs/target/test-dir/MiniOzoneClusterImpl-84b7649f-0e5d-4ae2-b324-047deb1fece8/datanode-0/data/ratis/c61f8323-6446-49c6-9546-b4df1e5ffb26] INFO  segmented.SegmentedRaftLogWorker (SegmentedRaftLogWorker.java:execute(569)) - b892e876-f5ae-410a-9dfd-4f07fd940729-SegmentedRaftLogWorker:Storage Directory /workdir/hadoop-ozone/ozonefs/target/test-dir/MiniOzoneClusterImpl-84b7649f-0e5d-4ae2-b324-047deb1fece8/datanode-0/data/ratis/c61f8323-6446-49c6-9546-b4df1e5ffb26: created new log segment /workdir/hadoop-ozone/ozonefs/target/test-dir/MiniOzoneClusterImpl-84b7649f-0e5d-4ae2-b324-047deb1fece8/datanode-0/data/ratis/c61f8323-6446-49c6-9546-b4df1e5ffb26/current/log_inprogress_0
2019-09-20 08:44:21,612 [Thread-227] INFO  impl.FollowerState (FollowerState.java:run(106)) - b892e876-f5ae-410a-9dfd-4f07fd940729:group-7160F451124B changes to CANDIDATE, lastRpcTime:5154, electionTimeout:5154ms
2019-09-20 08:44:21,612 [Thread-227] INFO  impl.RoleInfo (RoleInfo.java:shutdownFollowerState(121)) - b892e876-f5ae-410a-9dfd-4f07fd940729: shutdown FollowerState
2019-09-20 08:44:21,612 [Thread-227] INFO  impl.RaftServerImpl (RaftServerImpl.java:setRole(171)) - b892e876-f5ae-410a-9dfd-4f07fd940729:group-7160F451124B changes role from FOLLOWER to CANDIDATE at term 0 for changeToCandidate
2019-09-20 08:44:21,613 [Thread-227] INFO  impl.RoleInfo (RoleInfo.java:updateAndGet(143)) - b892e876-f5ae-410a-9dfd-4f07fd940729: start LeaderElection
2019-09-20 08:44:21,653 [b892e876-f5ae-410a-9dfd-4f07fd940729:group-7160F451124B:LeaderElection7] INFO  impl.LeaderElection (LeaderElection.java:askForVotes(181)) - b892e876-f5ae-410a-9dfd-4f07fd940729:group-7160F451124B:LeaderElection7: begin an election at term 1 for -1: [b892e876-f5ae-410a-9dfd-4f07fd940729:192.168.36.79:42750], old=null
2019-09-20 08:44:21,655 [b892e876-f5ae-410a-9dfd-4f07fd940729:group-7160F451124B:LeaderElection7] INFO  impl.RoleInfo (RoleInfo.java:shutdownLeaderElection(134)) - b892e876-f5ae-410a-9dfd-4f07fd940729: shutdown LeaderElection
2019-09-20 08:44:21,655 [b892e876-f5ae-410a-9dfd-4f07fd940729:group-7160F451124B:LeaderElection7] INFO  impl.RaftServerImpl (RaftServerImpl.java:setRole(171)) - b892e876-f5ae-410a-9dfd-4f07fd940729:group-7160F451124B changes role from CANDIDATE to LEADER at term 1 for changeToLeader
2019-09-20 08:44:21,656 [b892e876-f5ae-410a-9dfd-4f07fd940729:group-7160F451124B:LeaderElection7] INFO  impl.RaftServerImpl (ServerState.java:setLeader(263)) - b892e876-f5ae-410a-9dfd-4f07fd940729:group-7160F451124B change Leader from null to b892e876-f5ae-410a-9dfd-4f07fd940729 at term 1 for becomeLeader, leader elected after 5202ms
2019-09-20 08:44:21,656 [b892e876-f5ae-410a-9dfd-4f07fd940729:group-7160F451124B:LeaderElection7] INFO  server.RaftServerConfigKeys (ConfUtils.java:logGet(43)) - raft.server.staging.catchup.gap = 1000 (default)
2019-09-20 08:44:21,656 [b892e876-f5ae-410a-9dfd-4f07fd940729:group-7160F451124B:LeaderElection7] INFO  server.RaftServerConfigKeys (ConfUtils.java:logGet(43)) - raft.server.rpc.sleep.time = 25ms (default)
2019-09-20 08:44:21,656 [b892e876-f5ae-410a-9dfd-4f07fd940729:group-7160F451124B:LeaderElection7] INFO  server.RaftServerConfigKeys (ConfUtils.java:logGet(43)) - raft.server.write.element-limit = 4096 (default)
2019-09-20 08:44:21,656 [b892e876-f5ae-410a-9dfd-4f07fd940729:group-7160F451124B:LeaderElection7] INFO  server.RaftServerConfigKeys (ConfUtils.java:logGet(43)) - raft.server.watch.timeout = 10s (default)
2019-09-20 08:44:21,657 [b892e876-f5ae-410a-9dfd-4f07fd940729:group-7160F451124B:LeaderElection7] INFO  server.RaftServerConfigKeys (ConfUtils.java:logGet(43)) - raft.server.watch.timeout.denomination = 1s (default)
2019-09-20 08:44:21,657 [b892e876-f5ae-410a-9dfd-4f07fd940729:group-7160F451124B:LeaderElection7] INFO  server.RaftServerConfigKeys (ConfUtils.java:logGet(43)) - raft.server.watch.element-limit = 65536 (default)
2019-09-20 08:44:21,657 [b892e876-f5ae-410a-9dfd-4f07fd940729:group-7160F451124B:LeaderElection7] INFO  impl.RoleInfo (RoleInfo.java:updateAndGet(143)) - b892e876-f5ae-410a-9dfd-4f07fd940729: start LeaderState
2019-09-20 08:44:21,657 [b892e876-f5ae-410a-9dfd-4f07fd940729:group-7160F451124B:LeaderElection7] INFO  segmented.SegmentedRaftLogWorker (SegmentedRaftLogWorker.java:startLogSegment(380)) - b892e876-f5ae-410a-9dfd-4f07fd940729-SegmentedRaftLogWorker:Storage Directory /workdir/hadoop-ozone/ozonefs/target/test-dir/MiniOzoneClusterImpl-84b7649f-0e5d-4ae2-b324-047deb1fece8/datanode-0/data/ratis/2122904b-4879-44c2-88a4-7160f451124b: Starting segment from index:0
2019-09-20 08:44:21,658 [b892e876-f5ae-410a-9dfd-4f07fd940729:group-7160F451124B:LeaderElection7] INFO  impl.RaftServerImpl (ServerState.java:setRaftConf(361)) - b892e876-f5ae-410a-9dfd-4f07fd940729:group-7160F451124B set configuration 0: [b892e876-f5ae-410a-9dfd-4f07fd940729:192.168.36.79:42750], old=null at 0
2019-09-20 08:44:21,698 [Thread-233] INFO  impl.FollowerState (FollowerState.java:run(106)) - a4a73c82-9756-45ac-afed-7299ac804f25:group-7B39EF39C2E4 changes to CANDIDATE, lastRpcTime:5047, electionTimeout:5035ms
2019-09-20 08:44:21,698 [Thread-233] INFO  impl.RoleInfo (RoleInfo.java:shutdownFollowerState(121)) - a4a73c82-9756-45ac-afed-7299ac804f25: shutdown FollowerState
2019-09-20 08:44:21,698 [Thread-233] INFO  impl.RaftServerImpl (RaftServerImpl.java:setRole(171)) - a4a73c82-9756-45ac-afed-7299ac804f25:group-7B39EF39C2E4 changes role from FOLLOWER to CANDIDATE at term 0 for changeToCandidate
2019-09-20 08:44:21,698 [Thread-233] INFO  impl.RoleInfo (RoleInfo.java:updateAndGet(143)) - a4a73c82-9756-45ac-afed-7299ac804f25: start LeaderElection
2019-09-20 08:44:21,720 [b892e876-f5ae-410a-9dfd-4f07fd940729-SegmentedRaftLogWorker:Storage Directory /workdir/hadoop-ozone/ozonefs/target/test-dir/MiniOzoneClusterImpl-84b7649f-0e5d-4ae2-b324-047deb1fece8/datanode-0/data/ratis/2122904b-4879-44c2-88a4-7160f451124b] INFO  segmented.SegmentedRaftLogWorker (SegmentedRaftLogWorker.java:execute(569)) - b892e876-f5ae-410a-9dfd-4f07fd940729-SegmentedRaftLogWorker:Storage Directory /workdir/hadoop-ozone/ozonefs/target/test-dir/MiniOzoneClusterImpl-84b7649f-0e5d-4ae2-b324-047deb1fece8/datanode-0/data/ratis/2122904b-4879-44c2-88a4-7160f451124b: created new log segment /workdir/hadoop-ozone/ozonefs/target/test-dir/MiniOzoneClusterImpl-84b7649f-0e5d-4ae2-b324-047deb1fece8/datanode-0/data/ratis/2122904b-4879-44c2-88a4-7160f451124b/current/log_inprogress_0
2019-09-20 08:44:21,720 [a4a73c82-9756-45ac-afed-7299ac804f25:group-7B39EF39C2E4:LeaderElection8] INFO  impl.LeaderElection (LeaderElection.java:askForVotes(181)) - a4a73c82-9756-45ac-afed-7299ac804f25:group-7B39EF39C2E4:LeaderElection8: begin an election at term 1 for -1: [a4a73c82-9756-45ac-afed-7299ac804f25:192.168.36.79:38495], old=null
2019-09-20 08:44:21,721 [a4a73c82-9756-45ac-afed-7299ac804f25:group-7B39EF39C2E4:LeaderElection8] INFO  impl.RoleInfo (RoleInfo.java:shutdownLeaderElection(134)) - a4a73c82-9756-45ac-afed-7299ac804f25: shutdown LeaderElection
2019-09-20 08:44:21,721 [a4a73c82-9756-45ac-afed-7299ac804f25:group-7B39EF39C2E4:LeaderElection8] INFO  impl.RaftServerImpl (RaftServerImpl.java:setRole(171)) - a4a73c82-9756-45ac-afed-7299ac804f25:group-7B39EF39C2E4 changes role from CANDIDATE to LEADER at term 1 for changeToLeader
2019-09-20 08:44:21,721 [a4a73c82-9756-45ac-afed-7299ac804f25:group-7B39EF39C2E4:LeaderElection8] INFO  impl.RaftServerImpl (ServerState.java:setLeader(263)) - a4a73c82-9756-45ac-afed-7299ac804f25:group-7B39EF39C2E4 change Leader from null to a4a73c82-9756-45ac-afed-7299ac804f25 at term 1 for becomeLeader, leader elected after 5074ms
2019-09-20 08:44:21,721 [a4a73c82-9756-45ac-afed-7299ac804f25:group-7B39EF39C2E4:LeaderElection8] INFO  server.RaftServerConfigKeys (ConfUtils.java:logGet(43)) - raft.server.staging.catchup.gap = 1000 (default)
2019-09-20 08:44:21,721 [a4a73c82-9756-45ac-afed-7299ac804f25:group-7B39EF39C2E4:LeaderElection8] INFO  server.RaftServerConfigKeys (ConfUtils.java:logGet(43)) - raft.server.rpc.sleep.time = 25ms (default)
2019-09-20 08:44:21,722 [a4a73c82-9756-45ac-afed-7299ac804f25:group-7B39EF39C2E4:LeaderElection8] INFO  server.RaftServerConfigKeys (ConfUtils.java:logGet(43)) - raft.server.write.element-limit = 4096 (default)
2019-09-20 08:44:21,722 | INFO  | SCMAudit | user=jenkins1000 | ip=192.168.36.79 | op=SEND_HEARTBEAT {datanodeUUID=a4a73c82-9756-45ac-afed-7299ac804f25, command=[]} | ret=SUCCESS |  
2019-09-20 08:44:21,722 [a4a73c82-9756-45ac-afed-7299ac804f25:group-7B39EF39C2E4:LeaderElection8] INFO  server.RaftServerConfigKeys (ConfUtils.java:logGet(43)) - raft.server.watch.timeout = 10s (default)
2019-09-20 08:44:21,722 [a4a73c82-9756-45ac-afed-7299ac804f25:group-7B39EF39C2E4:LeaderElection8] INFO  server.RaftServerConfigKeys (ConfUtils.java:logGet(43)) - raft.server.watch.timeout.denomination = 1s (default)
2019-09-20 08:44:21,722 [a4a73c82-9756-45ac-afed-7299ac804f25:group-7B39EF39C2E4:LeaderElection8] INFO  server.RaftServerConfigKeys (ConfUtils.java:logGet(43)) - raft.server.watch.element-limit = 65536 (default)
2019-09-20 08:44:21,723 [a4a73c82-9756-45ac-afed-7299ac804f25:group-7B39EF39C2E4:LeaderElection8] INFO  impl.RoleInfo (RoleInfo.java:updateAndGet(143)) - a4a73c82-9756-45ac-afed-7299ac804f25: start LeaderState
2019-09-20 08:44:21,723 [a4a73c82-9756-45ac-afed-7299ac804f25:group-7B39EF39C2E4:LeaderElection8] INFO  segmented.SegmentedRaftLogWorker (SegmentedRaftLogWorker.java:startLogSegment(380)) - a4a73c82-9756-45ac-afed-7299ac804f25-SegmentedRaftLogWorker:Storage Directory /workdir/hadoop-ozone/ozonefs/target/test-dir/MiniOzoneClusterImpl-84b7649f-0e5d-4ae2-b324-047deb1fece8/datanode-1/data/ratis/ff9eb400-739c-44e7-9a00-7b39ef39c2e4: Starting segment from index:0
2019-09-20 08:44:21,724 [a4a73c82-9756-45ac-afed-7299ac804f25:group-7B39EF39C2E4:LeaderElection8] INFO  impl.RaftServerImpl (ServerState.java:setRaftConf(361)) - a4a73c82-9756-45ac-afed-7299ac804f25:group-7B39EF39C2E4 set configuration 0: [a4a73c82-9756-45ac-afed-7299ac804f25:192.168.36.79:38495], old=null at 0
2019-09-20 08:44:21,764 [Thread-230] INFO  impl.FollowerState (FollowerState.java:run(106)) - 75feff7d-6f48-4002-b580-45a21ea734c6:group-FC20E9D5F5BA changes to CANDIDATE, lastRpcTime:5189, electionTimeout:5181ms
2019-09-20 08:44:21,766 [Thread-230] INFO  impl.RoleInfo (RoleInfo.java:shutdownFollowerState(121)) - 75feff7d-6f48-4002-b580-45a21ea734c6: shutdown FollowerState
2019-09-20 08:44:21,766 [Thread-230] INFO  impl.RaftServerImpl (RaftServerImpl.java:setRole(171)) - 75feff7d-6f48-4002-b580-45a21ea734c6:group-FC20E9D5F5BA changes role from FOLLOWER to CANDIDATE at term 0 for changeToCandidate
2019-09-20 08:44:21,766 [Thread-230] INFO  impl.RoleInfo (RoleInfo.java:updateAndGet(143)) - 75feff7d-6f48-4002-b580-45a21ea734c6: start LeaderElection
2019-09-20 08:44:21,787 [a4a73c82-9756-45ac-afed-7299ac804f25-SegmentedRaftLogWorker:Storage Directory /workdir/hadoop-ozone/ozonefs/target/test-dir/MiniOzoneClusterImpl-84b7649f-0e5d-4ae2-b324-047deb1fece8/datanode-1/data/ratis/ff9eb400-739c-44e7-9a00-7b39ef39c2e4] INFO  segmented.SegmentedRaftLogWorker (SegmentedRaftLogWorker.java:execute(569)) - a4a73c82-9756-45ac-afed-7299ac804f25-SegmentedRaftLogWorker:Storage Directory /workdir/hadoop-ozone/ozonefs/target/test-dir/MiniOzoneClusterImpl-84b7649f-0e5d-4ae2-b324-047deb1fece8/datanode-1/data/ratis/ff9eb400-739c-44e7-9a00-7b39ef39c2e4: created new log segment /workdir/hadoop-ozone/ozonefs/target/test-dir/MiniOzoneClusterImpl-84b7649f-0e5d-4ae2-b324-047deb1fece8/datanode-1/data/ratis/ff9eb400-739c-44e7-9a00-7b39ef39c2e4/current/log_inprogress_0
2019-09-20 08:44:21,788 [75feff7d-6f48-4002-b580-45a21ea734c6:group-FC20E9D5F5BA:LeaderElection9] INFO  impl.LeaderElection (LeaderElection.java:askForVotes(181)) - 75feff7d-6f48-4002-b580-45a21ea734c6:group-FC20E9D5F5BA:LeaderElection9: begin an election at term 1 for -1: [75feff7d-6f48-4002-b580-45a21ea734c6:192.168.36.79:46393], old=null
2019-09-20 08:44:21,788 [75feff7d-6f48-4002-b580-45a21ea734c6:group-FC20E9D5F5BA:LeaderElection9] INFO  impl.RoleInfo (RoleInfo.java:shutdownLeaderElection(134)) - 75feff7d-6f48-4002-b580-45a21ea734c6: shutdown LeaderElection
2019-09-20 08:44:21,788 [75feff7d-6f48-4002-b580-45a21ea734c6:group-FC20E9D5F5BA:LeaderElection9] INFO  impl.RaftServerImpl (RaftServerImpl.java:setRole(171)) - 75feff7d-6f48-4002-b580-45a21ea734c6:group-FC20E9D5F5BA changes role from CANDIDATE to LEADER at term 1 for changeToLeader
2019-09-20 08:44:21,788 [75feff7d-6f48-4002-b580-45a21ea734c6:group-FC20E9D5F5BA:LeaderElection9] INFO  impl.RaftServerImpl (ServerState.java:setLeader(263)) - 75feff7d-6f48-4002-b580-45a21ea734c6:group-FC20E9D5F5BA change Leader from null to 75feff7d-6f48-4002-b580-45a21ea734c6 at term 1 for becomeLeader, leader elected after 5217ms
2019-09-20 08:44:21,788 [75feff7d-6f48-4002-b580-45a21ea734c6:group-FC20E9D5F5BA:LeaderElection9] INFO  server.RaftServerConfigKeys (ConfUtils.java:logGet(43)) - raft.server.staging.catchup.gap = 1000 (default)
2019-09-20 08:44:21,789 [75feff7d-6f48-4002-b580-45a21ea734c6:group-FC20E9D5F5BA:LeaderElection9] INFO  server.RaftServerConfigKeys (ConfUtils.java:logGet(43)) - raft.server.rpc.sleep.time = 25ms (default)
2019-09-20 08:44:21,789 [75feff7d-6f48-4002-b580-45a21ea734c6:group-FC20E9D5F5BA:LeaderElection9] INFO  server.RaftServerConfigKeys (ConfUtils.java:logGet(43)) - raft.server.write.element-limit = 4096 (default)
2019-09-20 08:44:21,789 [75feff7d-6f48-4002-b580-45a21ea734c6:group-FC20E9D5F5BA:LeaderElection9] INFO  server.RaftServerConfigKeys (ConfUtils.java:logGet(43)) - raft.server.watch.timeout = 10s (default)
2019-09-20 08:44:21,789 [75feff7d-6f48-4002-b580-45a21ea734c6:group-FC20E9D5F5BA:LeaderElection9] INFO  server.RaftServerConfigKeys (ConfUtils.java:logGet(43)) - raft.server.watch.timeout.denomination = 1s (default)
2019-09-20 08:44:21,789 [75feff7d-6f48-4002-b580-45a21ea734c6:group-FC20E9D5F5BA:LeaderElection9] INFO  server.RaftServerConfigKeys (ConfUtils.java:logGet(43)) - raft.server.watch.element-limit = 65536 (default)
2019-09-20 08:44:21,790 [75feff7d-6f48-4002-b580-45a21ea734c6:group-FC20E9D5F5BA:LeaderElection9] INFO  impl.RoleInfo (RoleInfo.java:updateAndGet(143)) - 75feff7d-6f48-4002-b580-45a21ea734c6: start LeaderState
2019-09-20 08:44:21,790 [75feff7d-6f48-4002-b580-45a21ea734c6:group-FC20E9D5F5BA:LeaderElection9] INFO  segmented.SegmentedRaftLogWorker (SegmentedRaftLogWorker.java:startLogSegment(380)) - 75feff7d-6f48-4002-b580-45a21ea734c6-SegmentedRaftLogWorker:Storage Directory /workdir/hadoop-ozone/ozonefs/target/test-dir/MiniOzoneClusterImpl-84b7649f-0e5d-4ae2-b324-047deb1fece8/datanode-3/data/ratis/483bc83e-f70b-4c47-9104-fc20e9d5f5ba: Starting segment from index:0
2019-09-20 08:44:21,791 [75feff7d-6f48-4002-b580-45a21ea734c6:group-FC20E9D5F5BA:LeaderElection9] INFO  impl.RaftServerImpl (ServerState.java:setRaftConf(361)) - 75feff7d-6f48-4002-b580-45a21ea734c6:group-FC20E9D5F5BA set configuration 0: [75feff7d-6f48-4002-b580-45a21ea734c6:192.168.36.79:46393], old=null at 0
2019-09-20 08:44:21,847 [75feff7d-6f48-4002-b580-45a21ea734c6-SegmentedRaftLogWorker:Storage Directory /workdir/hadoop-ozone/ozonefs/target/test-dir/MiniOzoneClusterImpl-84b7649f-0e5d-4ae2-b324-047deb1fece8/datanode-3/data/ratis/483bc83e-f70b-4c47-9104-fc20e9d5f5ba] INFO  segmented.SegmentedRaftLogWorker (SegmentedRaftLogWorker.java:execute(569)) - 75feff7d-6f48-4002-b580-45a21ea734c6-SegmentedRaftLogWorker:Storage Directory /workdir/hadoop-ozone/ozonefs/target/test-dir/MiniOzoneClusterImpl-84b7649f-0e5d-4ae2-b324-047deb1fece8/datanode-3/data/ratis/483bc83e-f70b-4c47-9104-fc20e9d5f5ba: created new log segment /workdir/hadoop-ozone/ozonefs/target/test-dir/MiniOzoneClusterImpl-84b7649f-0e5d-4ae2-b324-047deb1fece8/datanode-3/data/ratis/483bc83e-f70b-4c47-9104-fc20e9d5f5ba/current/log_inprogress_0
2019-09-20 08:44:21,870 [Thread-237] INFO  impl.FollowerState (FollowerState.java:run(106)) - 75feff7d-6f48-4002-b580-45a21ea734c6:group-A8ACCF115692 changes to CANDIDATE, lastRpcTime:5144, electionTimeout:5144ms
2019-09-20 08:44:21,870 [Thread-237] INFO  impl.RoleInfo (RoleInfo.java:shutdownFollowerState(121)) - 75feff7d-6f48-4002-b580-45a21ea734c6: shutdown FollowerState
2019-09-20 08:44:21,870 [Thread-237] INFO  impl.RaftServerImpl (RaftServerImpl.java:setRole(171)) - 75feff7d-6f48-4002-b580-45a21ea734c6:group-A8ACCF115692 changes role from FOLLOWER to CANDIDATE at term 0 for changeToCandidate
2019-09-20 08:44:21,871 [Thread-237] INFO  impl.RoleInfo (RoleInfo.java:updateAndGet(143)) - 75feff7d-6f48-4002-b580-45a21ea734c6: start LeaderElection
2019-09-20 08:44:21,908 [Thread-241] INFO  impl.FollowerState (FollowerState.java:run(106)) - 9123b815-6bfa-48f7-ade2-b84cdc033afa:group-A79F5EBACAF7 changes to CANDIDATE, lastRpcTime:5062, electionTimeout:5062ms
2019-09-20 08:44:21,909 [Thread-241] INFO  impl.RoleInfo (RoleInfo.java:shutdownFollowerState(121)) - 9123b815-6bfa-48f7-ade2-b84cdc033afa: shutdown FollowerState
2019-09-20 08:44:21,909 [Thread-241] INFO  impl.RaftServerImpl (RaftServerImpl.java:setRole(171)) - 9123b815-6bfa-48f7-ade2-b84cdc033afa:group-A79F5EBACAF7 changes role from FOLLOWER to CANDIDATE at term 0 for changeToCandidate
2019-09-20 08:44:21,909 [Thread-241] INFO  impl.RoleInfo (RoleInfo.java:updateAndGet(143)) - 9123b815-6bfa-48f7-ade2-b84cdc033afa: start LeaderElection
2019-09-20 08:44:21,914 [75feff7d-6f48-4002-b580-45a21ea734c6:group-A8ACCF115692:LeaderElection10] INFO  impl.LeaderElection (LeaderElection.java:askForVotes(181)) - 75feff7d-6f48-4002-b580-45a21ea734c6:group-A8ACCF115692:LeaderElection10: begin an election at term 1 for -1: [75feff7d-6f48-4002-b580-45a21ea734c6:192.168.36.79:46393], old=null
2019-09-20 08:44:21,914 [75feff7d-6f48-4002-b580-45a21ea734c6:group-A8ACCF115692:LeaderElection10] INFO  impl.RoleInfo (RoleInfo.java:shutdownLeaderElection(134)) - 75feff7d-6f48-4002-b580-45a21ea734c6: shutdown LeaderElection
2019-09-20 08:44:21,915 [75feff7d-6f48-4002-b580-45a21ea734c6:group-A8ACCF115692:LeaderElection10] INFO  impl.RaftServerImpl (RaftServerImpl.java:setRole(171)) - 75feff7d-6f48-4002-b580-45a21ea734c6:group-A8ACCF115692 changes role from CANDIDATE to LEADER at term 1 for changeToLeader
2019-09-20 08:44:21,915 [75feff7d-6f48-4002-b580-45a21ea734c6:group-A8ACCF115692:LeaderElection10] INFO  impl.RaftServerImpl (ServerState.java:setLeader(263)) - 75feff7d-6f48-4002-b580-45a21ea734c6:group-A8ACCF115692 change Leader from null to 75feff7d-6f48-4002-b580-45a21ea734c6 at term 1 for becomeLeader, leader elected after 5192ms
2019-09-20 08:44:21,915 [75feff7d-6f48-4002-b580-45a21ea734c6:group-A8ACCF115692:LeaderElection10] INFO  server.RaftServerConfigKeys (ConfUtils.java:logGet(43)) - raft.server.staging.catchup.gap = 1000 (default)
2019-09-20 08:44:21,915 [75feff7d-6f48-4002-b580-45a21ea734c6:group-A8ACCF115692:LeaderElection10] INFO  server.RaftServerConfigKeys (ConfUtils.java:logGet(43)) - raft.server.rpc.sleep.time = 25ms (default)
2019-09-20 08:44:21,915 [75feff7d-6f48-4002-b580-45a21ea734c6:group-A8ACCF115692:LeaderElection10] INFO  server.RaftServerConfigKeys (ConfUtils.java:logGet(43)) - raft.server.write.element-limit = 4096 (default)
2019-09-20 08:44:21,916 [75feff7d-6f48-4002-b580-45a21ea734c6:group-A8ACCF115692:LeaderElection10] INFO  server.RaftServerConfigKeys (ConfUtils.java:logGet(43)) - raft.server.watch.timeout = 10s (default)
2019-09-20 08:44:21,916 [75feff7d-6f48-4002-b580-45a21ea734c6:group-A8ACCF115692:LeaderElection10] INFO  server.RaftServerConfigKeys (ConfUtils.java:logGet(43)) - raft.server.watch.timeout.denomination = 1s (default)
2019-09-20 08:44:21,916 [75feff7d-6f48-4002-b580-45a21ea734c6:group-A8ACCF115692:LeaderElection10] INFO  server.RaftServerConfigKeys (ConfUtils.java:logGet(43)) - raft.server.watch.element-limit = 65536 (default)
2019-09-20 08:44:21,916 [75feff7d-6f48-4002-b580-45a21ea734c6:group-A8ACCF115692:LeaderElection10] INFO  impl.RoleInfo (RoleInfo.java:updateAndGet(143)) - 75feff7d-6f48-4002-b580-45a21ea734c6: start LeaderState
2019-09-20 08:44:21,916 [75feff7d-6f48-4002-b580-45a21ea734c6:group-A8ACCF115692:LeaderElection10] INFO  segmented.SegmentedRaftLogWorker (SegmentedRaftLogWorker.java:startLogSegment(380)) - 75feff7d-6f48-4002-b580-45a21ea734c6-SegmentedRaftLogWorker:Storage Directory /workdir/hadoop-ozone/ozonefs/target/test-dir/MiniOzoneClusterImpl-84b7649f-0e5d-4ae2-b324-047deb1fece8/datanode-3/data/ratis/ace28391-ecb5-41b4-a23e-a8accf115692: Starting segment from index:0
2019-09-20 08:44:21,917 [75feff7d-6f48-4002-b580-45a21ea734c6:group-A8ACCF115692:LeaderElection10] INFO  impl.RaftServerImpl (ServerState.java:setRaftConf(361)) - 75feff7d-6f48-4002-b580-45a21ea734c6:group-A8ACCF115692 set configuration 0: [75feff7d-6f48-4002-b580-45a21ea734c6:192.168.36.79:46393], old=null at 0
2019-09-20 08:44:21,954 [Thread-244] INFO  impl.FollowerState (FollowerState.java:run(106)) - b892e876-f5ae-410a-9dfd-4f07fd940729:group-BE70404A6D66 changes to CANDIDATE, lastRpcTime:5025, electionTimeout:5016ms
2019-09-20 08:44:21,954 [Thread-244] INFO  impl.RoleInfo (RoleInfo.java:shutdownFollowerState(121)) - b892e876-f5ae-410a-9dfd-4f07fd940729: shutdown FollowerState
2019-09-20 08:44:21,954 [Thread-244] INFO  impl.RaftServerImpl (RaftServerImpl.java:setRole(171)) - b892e876-f5ae-410a-9dfd-4f07fd940729:group-BE70404A6D66 changes role from FOLLOWER to CANDIDATE at term 0 for changeToCandidate
2019-09-20 08:44:21,954 [Thread-244] INFO  impl.RoleInfo (RoleInfo.java:updateAndGet(143)) - b892e876-f5ae-410a-9dfd-4f07fd940729: start LeaderElection
2019-09-20 08:44:21,958 [9123b815-6bfa-48f7-ade2-b84cdc033afa:group-A79F5EBACAF7:LeaderElection11] INFO  impl.LeaderElection (LeaderElection.java:askForVotes(181)) - 9123b815-6bfa-48f7-ade2-b84cdc033afa:group-A79F5EBACAF7:LeaderElection11: begin an election at term 1 for -1: [9123b815-6bfa-48f7-ade2-b84cdc033afa:192.168.36.79:38300], old=null
2019-09-20 08:44:21,959 [9123b815-6bfa-48f7-ade2-b84cdc033afa:group-A79F5EBACAF7:LeaderElection11] INFO  impl.RoleInfo (RoleInfo.java:shutdownLeaderElection(134)) - 9123b815-6bfa-48f7-ade2-b84cdc033afa: shutdown LeaderElection
2019-09-20 08:44:21,959 [9123b815-6bfa-48f7-ade2-b84cdc033afa:group-A79F5EBACAF7:LeaderElection11] INFO  impl.RaftServerImpl (RaftServerImpl.java:setRole(171)) - 9123b815-6bfa-48f7-ade2-b84cdc033afa:group-A79F5EBACAF7 changes role from CANDIDATE to LEADER at term 1 for changeToLeader
2019-09-20 08:44:21,959 [9123b815-6bfa-48f7-ade2-b84cdc033afa:group-A79F5EBACAF7:LeaderElection11] INFO  impl.RaftServerImpl (ServerState.java:setLeader(263)) - 9123b815-6bfa-48f7-ade2-b84cdc033afa:group-A79F5EBACAF7 change Leader from null to 9123b815-6bfa-48f7-ade2-b84cdc033afa at term 1 for becomeLeader, leader elected after 5119ms
2019-09-20 08:44:21,959 [9123b815-6bfa-48f7-ade2-b84cdc033afa:group-A79F5EBACAF7:LeaderElection11] INFO  server.RaftServerConfigKeys (ConfUtils.java:logGet(43)) - raft.server.staging.catchup.gap = 1000 (default)
2019-09-20 08:44:21,959 [9123b815-6bfa-48f7-ade2-b84cdc033afa:group-A79F5EBACAF7:LeaderElection11] INFO  server.RaftServerConfigKeys (ConfUtils.java:logGet(43)) - raft.server.rpc.sleep.time = 25ms (default)
2019-09-20 08:44:21,959 [9123b815-6bfa-48f7-ade2-b84cdc033afa:group-A79F5EBACAF7:LeaderElection11] INFO  server.RaftServerConfigKeys (ConfUtils.java:logGet(43)) - raft.server.write.element-limit = 4096 (default)
2019-09-20 08:44:21,960 [9123b815-6bfa-48f7-ade2-b84cdc033afa:group-A79F5EBACAF7:LeaderElection11] INFO  server.RaftServerConfigKeys (ConfUtils.java:logGet(43)) - raft.server.watch.timeout = 10s (default)
2019-09-20 08:44:21,960 [9123b815-6bfa-48f7-ade2-b84cdc033afa:group-A79F5EBACAF7:LeaderElection11] INFO  server.RaftServerConfigKeys (ConfUtils.java:logGet(43)) - raft.server.watch.timeout.denomination = 1s (default)
2019-09-20 08:44:21,960 [9123b815-6bfa-48f7-ade2-b84cdc033afa:group-A79F5EBACAF7:LeaderElection11] INFO  server.RaftServerConfigKeys (ConfUtils.java:logGet(43)) - raft.server.watch.element-limit = 65536 (default)
2019-09-20 08:44:21,960 [9123b815-6bfa-48f7-ade2-b84cdc033afa:group-A79F5EBACAF7:LeaderElection11] INFO  impl.RoleInfo (RoleInfo.java:updateAndGet(143)) - 9123b815-6bfa-48f7-ade2-b84cdc033afa: start LeaderState
2019-09-20 08:44:21,960 [9123b815-6bfa-48f7-ade2-b84cdc033afa:group-A79F5EBACAF7:LeaderElection11] INFO  segmented.SegmentedRaftLogWorker (SegmentedRaftLogWorker.java:startLogSegment(380)) - 9123b815-6bfa-48f7-ade2-b84cdc033afa-SegmentedRaftLogWorker:Storage Directory /workdir/hadoop-ozone/ozonefs/target/test-dir/MiniOzoneClusterImpl-84b7649f-0e5d-4ae2-b324-047deb1fece8/datanode-2/data/ratis/1c4992cc-d87f-4d4c-9db9-a79f5ebacaf7: Starting segment from index:0
2019-09-20 08:44:21,961 [9123b815-6bfa-48f7-ade2-b84cdc033afa:group-A79F5EBACAF7:LeaderElection11] INFO  impl.RaftServerImpl (ServerState.java:setRaftConf(361)) - 9123b815-6bfa-48f7-ade2-b84cdc033afa:group-A79F5EBACAF7 set configuration 0: [9123b815-6bfa-48f7-ade2-b84cdc033afa:192.168.36.79:38300], old=null at 0
2019-09-20 08:44:21,968 | INFO  | SCMAudit | user=jenkins1000 | ip=192.168.36.79 | op=SEND_HEARTBEAT {datanodeUUID=9123b815-6bfa-48f7-ade2-b84cdc033afa, command=[]} | ret=SUCCESS |  
2019-09-20 08:44:21,973 [75feff7d-6f48-4002-b580-45a21ea734c6-SegmentedRaftLogWorker:Storage Directory /workdir/hadoop-ozone/ozonefs/target/test-dir/MiniOzoneClusterImpl-84b7649f-0e5d-4ae2-b324-047deb1fece8/datanode-3/data/ratis/ace28391-ecb5-41b4-a23e-a8accf115692] INFO  segmented.SegmentedRaftLogWorker (SegmentedRaftLogWorker.java:execute(569)) - 75feff7d-6f48-4002-b580-45a21ea734c6-SegmentedRaftLogWorker:Storage Directory /workdir/hadoop-ozone/ozonefs/target/test-dir/MiniOzoneClusterImpl-84b7649f-0e5d-4ae2-b324-047deb1fece8/datanode-3/data/ratis/ace28391-ecb5-41b4-a23e-a8accf115692: created new log segment /workdir/hadoop-ozone/ozonefs/target/test-dir/MiniOzoneClusterImpl-84b7649f-0e5d-4ae2-b324-047deb1fece8/datanode-3/data/ratis/ace28391-ecb5-41b4-a23e-a8accf115692/current/log_inprogress_0
2019-09-20 08:44:21,974 [b892e876-f5ae-410a-9dfd-4f07fd940729:group-BE70404A6D66:LeaderElection12] INFO  impl.LeaderElection (LeaderElection.java:askForVotes(181)) - b892e876-f5ae-410a-9dfd-4f07fd940729:group-BE70404A6D66:LeaderElection12: begin an election at term 1 for -1: [b892e876-f5ae-410a-9dfd-4f07fd940729:192.168.36.79:42750], old=null
2019-09-20 08:44:21,974 [b892e876-f5ae-410a-9dfd-4f07fd940729:group-BE70404A6D66:LeaderElection12] INFO  impl.RoleInfo (RoleInfo.java:shutdownLeaderElection(134)) - b892e876-f5ae-410a-9dfd-4f07fd940729: shutdown LeaderElection
2019-09-20 08:44:21,974 [b892e876-f5ae-410a-9dfd-4f07fd940729:group-BE70404A6D66:LeaderElection12] INFO  impl.RaftServerImpl (RaftServerImpl.java:setRole(171)) - b892e876-f5ae-410a-9dfd-4f07fd940729:group-BE70404A6D66 changes role from CANDIDATE to LEADER at term 1 for changeToLeader
2019-09-20 08:44:21,974 [b892e876-f5ae-410a-9dfd-4f07fd940729:group-BE70404A6D66:LeaderElection12] INFO  impl.RaftServerImpl (ServerState.java:setLeader(263)) - b892e876-f5ae-410a-9dfd-4f07fd940729:group-BE70404A6D66 change Leader from null to b892e876-f5ae-410a-9dfd-4f07fd940729 at term 1 for becomeLeader, leader elected after 5050ms
2019-09-20 08:44:21,974 [b892e876-f5ae-410a-9dfd-4f07fd940729:group-BE70404A6D66:LeaderElection12] INFO  server.RaftServerConfigKeys (ConfUtils.java:logGet(43)) - raft.server.staging.catchup.gap = 1000 (default)
2019-09-20 08:44:21,975 [b892e876-f5ae-410a-9dfd-4f07fd940729:group-BE70404A6D66:LeaderElection12] INFO  server.RaftServerConfigKeys (ConfUtils.java:logGet(43)) - raft.server.rpc.sleep.time = 25ms (default)
2019-09-20 08:44:21,975 [b892e876-f5ae-410a-9dfd-4f07fd940729:group-BE70404A6D66:LeaderElection12] INFO  server.RaftServerConfigKeys (ConfUtils.java:logGet(43)) - raft.server.write.element-limit = 4096 (default)
2019-09-20 08:44:21,975 [b892e876-f5ae-410a-9dfd-4f07fd940729:group-BE70404A6D66:LeaderElection12] INFO  server.RaftServerConfigKeys (ConfUtils.java:logGet(43)) - raft.server.watch.timeout = 10s (default)
2019-09-20 08:44:21,975 [b892e876-f5ae-410a-9dfd-4f07fd940729:group-BE70404A6D66:LeaderElection12] INFO  server.RaftServerConfigKeys (ConfUtils.java:logGet(43)) - raft.server.watch.timeout.denomination = 1s (default)
2019-09-20 08:44:21,975 [b892e876-f5ae-410a-9dfd-4f07fd940729:group-BE70404A6D66:LeaderElection12] INFO  server.RaftServerConfigKeys (ConfUtils.java:logGet(43)) - raft.server.watch.element-limit = 65536 (default)
2019-09-20 08:44:21,976 [b892e876-f5ae-410a-9dfd-4f07fd940729:group-BE70404A6D66:LeaderElection12] INFO  impl.RoleInfo (RoleInfo.java:updateAndGet(143)) - b892e876-f5ae-410a-9dfd-4f07fd940729: start LeaderState
2019-09-20 08:44:21,976 [b892e876-f5ae-410a-9dfd-4f07fd940729:group-BE70404A6D66:LeaderElection12] INFO  segmented.SegmentedRaftLogWorker (SegmentedRaftLogWorker.java:startLogSegment(380)) - b892e876-f5ae-410a-9dfd-4f07fd940729-SegmentedRaftLogWorker:Storage Directory /workdir/hadoop-ozone/ozonefs/target/test-dir/MiniOzoneClusterImpl-84b7649f-0e5d-4ae2-b324-047deb1fece8/datanode-0/data/ratis/927474ea-bac3-4403-b021-be70404a6d66: Starting segment from index:0
2019-09-20 08:44:21,977 [b892e876-f5ae-410a-9dfd-4f07fd940729:group-BE70404A6D66:LeaderElection12] INFO  impl.RaftServerImpl (ServerState.java:setRaftConf(361)) - b892e876-f5ae-410a-9dfd-4f07fd940729:group-BE70404A6D66 set configuration 0: [b892e876-f5ae-410a-9dfd-4f07fd940729:192.168.36.79:42750], old=null at 0
2019-09-20 08:44:22,074 [b892e876-f5ae-410a-9dfd-4f07fd940729-SegmentedRaftLogWorker:Storage Directory /workdir/hadoop-ozone/ozonefs/target/test-dir/MiniOzoneClusterImpl-84b7649f-0e5d-4ae2-b324-047deb1fece8/datanode-0/data/ratis/927474ea-bac3-4403-b021-be70404a6d66] INFO  segmented.SegmentedRaftLogWorker (SegmentedRaftLogWorker.java:execute(569)) - b892e876-f5ae-410a-9dfd-4f07fd940729-SegmentedRaftLogWorker:Storage Directory /workdir/hadoop-ozone/ozonefs/target/test-dir/MiniOzoneClusterImpl-84b7649f-0e5d-4ae2-b324-047deb1fece8/datanode-0/data/ratis/927474ea-bac3-4403-b021-be70404a6d66: created new log segment /workdir/hadoop-ozone/ozonefs/target/test-dir/MiniOzoneClusterImpl-84b7649f-0e5d-4ae2-b324-047deb1fece8/datanode-0/data/ratis/927474ea-bac3-4403-b021-be70404a6d66/current/log_inprogress_0
2019-09-20 08:44:22,074 [9123b815-6bfa-48f7-ade2-b84cdc033afa-SegmentedRaftLogWorker:Storage Directory /workdir/hadoop-ozone/ozonefs/target/test-dir/MiniOzoneClusterImpl-84b7649f-0e5d-4ae2-b324-047deb1fece8/datanode-2/data/ratis/1c4992cc-d87f-4d4c-9db9-a79f5ebacaf7] INFO  segmented.SegmentedRaftLogWorker (SegmentedRaftLogWorker.java:execute(569)) - 9123b815-6bfa-48f7-ade2-b84cdc033afa-SegmentedRaftLogWorker:Storage Directory /workdir/hadoop-ozone/ozonefs/target/test-dir/MiniOzoneClusterImpl-84b7649f-0e5d-4ae2-b324-047deb1fece8/datanode-2/data/ratis/1c4992cc-d87f-4d4c-9db9-a79f5ebacaf7: created new log segment /workdir/hadoop-ozone/ozonefs/target/test-dir/MiniOzoneClusterImpl-84b7649f-0e5d-4ae2-b324-047deb1fece8/datanode-2/data/ratis/1c4992cc-d87f-4d4c-9db9-a79f5ebacaf7/current/log_inprogress_0
2019-09-20 08:44:22,169 [Thread-247] INFO  impl.FollowerState (FollowerState.java:run(106)) - b892e876-f5ae-410a-9dfd-4f07fd940729:group-B0FA253110A0 changes to CANDIDATE, lastRpcTime:5157, electionTimeout:5157ms
2019-09-20 08:44:22,169 [Thread-247] INFO  impl.RoleInfo (RoleInfo.java:shutdownFollowerState(121)) - b892e876-f5ae-410a-9dfd-4f07fd940729: shutdown FollowerState
2019-09-20 08:44:22,169 [Thread-247] INFO  impl.RaftServerImpl (RaftServerImpl.java:setRole(171)) - b892e876-f5ae-410a-9dfd-4f07fd940729:group-B0FA253110A0 changes role from FOLLOWER to CANDIDATE at term 0 for changeToCandidate
2019-09-20 08:44:22,169 [Thread-247] INFO  impl.RoleInfo (RoleInfo.java:updateAndGet(143)) - b892e876-f5ae-410a-9dfd-4f07fd940729: start LeaderElection
2019-09-20 08:44:22,200 [b892e876-f5ae-410a-9dfd-4f07fd940729:group-B0FA253110A0:LeaderElection13] INFO  impl.LeaderElection (LeaderElection.java:askForVotes(181)) - b892e876-f5ae-410a-9dfd-4f07fd940729:group-B0FA253110A0:LeaderElection13: begin an election at term 1 for -1: [b892e876-f5ae-410a-9dfd-4f07fd940729:192.168.36.79:42750], old=null
2019-09-20 08:44:22,200 [b892e876-f5ae-410a-9dfd-4f07fd940729:group-B0FA253110A0:LeaderElection13] INFO  impl.RoleInfo (RoleInfo.java:shutdownLeaderElection(134)) - b892e876-f5ae-410a-9dfd-4f07fd940729: shutdown LeaderElection
2019-09-20 08:44:22,200 [b892e876-f5ae-410a-9dfd-4f07fd940729:group-B0FA253110A0:LeaderElection13] INFO  impl.RaftServerImpl (RaftServerImpl.java:setRole(171)) - b892e876-f5ae-410a-9dfd-4f07fd940729:group-B0FA253110A0 changes role from CANDIDATE to LEADER at term 1 for changeToLeader
2019-09-20 08:44:22,200 [b892e876-f5ae-410a-9dfd-4f07fd940729:group-B0FA253110A0:LeaderElection13] INFO  impl.RaftServerImpl (ServerState.java:setLeader(263)) - b892e876-f5ae-410a-9dfd-4f07fd940729:group-B0FA253110A0 change Leader from null to b892e876-f5ae-410a-9dfd-4f07fd940729 at term 1 for becomeLeader, leader elected after 5205ms
2019-09-20 08:44:22,200 [b892e876-f5ae-410a-9dfd-4f07fd940729:group-B0FA253110A0:LeaderElection13] INFO  server.RaftServerConfigKeys (ConfUtils.java:logGet(43)) - raft.server.staging.catchup.gap = 1000 (default)
2019-09-20 08:44:22,201 [b892e876-f5ae-410a-9dfd-4f07fd940729:group-B0FA253110A0:LeaderElection13] INFO  server.RaftServerConfigKeys (ConfUtils.java:logGet(43)) - raft.server.rpc.sleep.time = 25ms (default)
2019-09-20 08:44:22,201 [b892e876-f5ae-410a-9dfd-4f07fd940729:group-B0FA253110A0:LeaderElection13] INFO  server.RaftServerConfigKeys (ConfUtils.java:logGet(43)) - raft.server.write.element-limit = 4096 (default)
2019-09-20 08:44:22,201 [b892e876-f5ae-410a-9dfd-4f07fd940729:group-B0FA253110A0:LeaderElection13] INFO  server.RaftServerConfigKeys (ConfUtils.java:logGet(43)) - raft.server.watch.timeout = 10s (default)
2019-09-20 08:44:22,201 [b892e876-f5ae-410a-9dfd-4f07fd940729:group-B0FA253110A0:LeaderElection13] INFO  server.RaftServerConfigKeys (ConfUtils.java:logGet(43)) - raft.server.watch.timeout.denomination = 1s (default)
2019-09-20 08:44:22,201 [b892e876-f5ae-410a-9dfd-4f07fd940729:group-B0FA253110A0:LeaderElection13] INFO  server.RaftServerConfigKeys (ConfUtils.java:logGet(43)) - raft.server.watch.element-limit = 65536 (default)
2019-09-20 08:44:22,202 [b892e876-f5ae-410a-9dfd-4f07fd940729:group-B0FA253110A0:LeaderElection13] INFO  impl.RoleInfo (RoleInfo.java:updateAndGet(143)) - b892e876-f5ae-410a-9dfd-4f07fd940729: start LeaderState
2019-09-20 08:44:22,202 [b892e876-f5ae-410a-9dfd-4f07fd940729:group-B0FA253110A0:LeaderElection13] INFO  segmented.SegmentedRaftLogWorker (SegmentedRaftLogWorker.java:startLogSegment(380)) - b892e876-f5ae-410a-9dfd-4f07fd940729-SegmentedRaftLogWorker:Storage Directory /workdir/hadoop-ozone/ozonefs/target/test-dir/MiniOzoneClusterImpl-84b7649f-0e5d-4ae2-b324-047deb1fece8/datanode-0/data/ratis/a435a2bd-4550-4fd3-bd78-b0fa253110a0: Starting segment from index:0
2019-09-20 08:44:22,203 [b892e876-f5ae-410a-9dfd-4f07fd940729:group-B0FA253110A0:LeaderElection13] INFO  impl.RaftServerImpl (ServerState.java:setRaftConf(361)) - b892e876-f5ae-410a-9dfd-4f07fd940729:group-B0FA253110A0 set configuration 0: [b892e876-f5ae-410a-9dfd-4f07fd940729:192.168.36.79:42750], old=null at 0
2019-09-20 08:44:22,258 [b892e876-f5ae-410a-9dfd-4f07fd940729-SegmentedRaftLogWorker:Storage Directory /workdir/hadoop-ozone/ozonefs/target/test-dir/MiniOzoneClusterImpl-84b7649f-0e5d-4ae2-b324-047deb1fece8/datanode-0/data/ratis/a435a2bd-4550-4fd3-bd78-b0fa253110a0] INFO  segmented.SegmentedRaftLogWorker (SegmentedRaftLogWorker.java:execute(569)) - b892e876-f5ae-410a-9dfd-4f07fd940729-SegmentedRaftLogWorker:Storage Directory /workdir/hadoop-ozone/ozonefs/target/test-dir/MiniOzoneClusterImpl-84b7649f-0e5d-4ae2-b324-047deb1fece8/datanode-0/data/ratis/a435a2bd-4550-4fd3-bd78-b0fa253110a0: created new log segment /workdir/hadoop-ozone/ozonefs/target/test-dir/MiniOzoneClusterImpl-84b7649f-0e5d-4ae2-b324-047deb1fece8/datanode-0/data/ratis/a435a2bd-4550-4fd3-bd78-b0fa253110a0/current/log_inprogress_0
2019-09-20 08:44:22,259 [Thread-250] INFO  impl.FollowerState (FollowerState.java:run(106)) - a4a73c82-9756-45ac-afed-7299ac804f25:group-F6155705D561 changes to CANDIDATE, lastRpcTime:5171, electionTimeout:5171ms
2019-09-20 08:44:22,259 [Thread-250] INFO  impl.RoleInfo (RoleInfo.java:shutdownFollowerState(121)) - a4a73c82-9756-45ac-afed-7299ac804f25: shutdown FollowerState
2019-09-20 08:44:22,259 [Thread-250] INFO  impl.RaftServerImpl (RaftServerImpl.java:setRole(171)) - a4a73c82-9756-45ac-afed-7299ac804f25:group-F6155705D561 changes role from FOLLOWER to CANDIDATE at term 0 for changeToCandidate
2019-09-20 08:44:22,259 [Thread-250] INFO  impl.RoleInfo (RoleInfo.java:updateAndGet(143)) - a4a73c82-9756-45ac-afed-7299ac804f25: start LeaderElection
2019-09-20 08:44:22,278 [Thread-254] INFO  impl.FollowerState (FollowerState.java:run(106)) - 9123b815-6bfa-48f7-ade2-b84cdc033afa:group-E080C0E29A89 changes to CANDIDATE, lastRpcTime:5108, electionTimeout:5108ms
2019-09-20 08:44:22,279 [Thread-254] INFO  impl.RoleInfo (RoleInfo.java:shutdownFollowerState(121)) - 9123b815-6bfa-48f7-ade2-b84cdc033afa: shutdown FollowerState
2019-09-20 08:44:22,279 [Thread-254] INFO  impl.RaftServerImpl (RaftServerImpl.java:setRole(171)) - 9123b815-6bfa-48f7-ade2-b84cdc033afa:group-E080C0E29A89 changes role from FOLLOWER to CANDIDATE at term 0 for changeToCandidate
2019-09-20 08:44:22,279 [Thread-254] INFO  impl.RoleInfo (RoleInfo.java:updateAndGet(143)) - 9123b815-6bfa-48f7-ade2-b84cdc033afa: start LeaderElection
2019-09-20 08:44:22,300 [a4a73c82-9756-45ac-afed-7299ac804f25:group-F6155705D561:LeaderElection14] INFO  impl.LeaderElection (LeaderElection.java:askForVotes(181)) - a4a73c82-9756-45ac-afed-7299ac804f25:group-F6155705D561:LeaderElection14: begin an election at term 1 for -1: [a4a73c82-9756-45ac-afed-7299ac804f25:192.168.36.79:38495], old=null
2019-09-20 08:44:22,301 [a4a73c82-9756-45ac-afed-7299ac804f25:group-F6155705D561:LeaderElection14] INFO  impl.RoleInfo (RoleInfo.java:shutdownLeaderElection(134)) - a4a73c82-9756-45ac-afed-7299ac804f25: shutdown LeaderElection
2019-09-20 08:44:22,301 [a4a73c82-9756-45ac-afed-7299ac804f25:group-F6155705D561:LeaderElection14] INFO  impl.RaftServerImpl (RaftServerImpl.java:setRole(171)) - a4a73c82-9756-45ac-afed-7299ac804f25:group-F6155705D561 changes role from CANDIDATE to LEADER at term 1 for changeToLeader
2019-09-20 08:44:22,301 [a4a73c82-9756-45ac-afed-7299ac804f25:group-F6155705D561:LeaderElection14] INFO  impl.RaftServerImpl (ServerState.java:setLeader(263)) - a4a73c82-9756-45ac-afed-7299ac804f25:group-F6155705D561 change Leader from null to a4a73c82-9756-45ac-afed-7299ac804f25 at term 1 for becomeLeader, leader elected after 5218ms
2019-09-20 08:44:22,301 [a4a73c82-9756-45ac-afed-7299ac804f25:group-F6155705D561:LeaderElection14] INFO  server.RaftServerConfigKeys (ConfUtils.java:logGet(43)) - raft.server.staging.catchup.gap = 1000 (default)
2019-09-20 08:44:22,301 [a4a73c82-9756-45ac-afed-7299ac804f25:group-F6155705D561:LeaderElection14] INFO  server.RaftServerConfigKeys (ConfUtils.java:logGet(43)) - raft.server.rpc.sleep.time = 25ms (default)
2019-09-20 08:44:22,301 [a4a73c82-9756-45ac-afed-7299ac804f25:group-F6155705D561:LeaderElection14] INFO  server.RaftServerConfigKeys (ConfUtils.java:logGet(43)) - raft.server.write.element-limit = 4096 (default)
2019-09-20 08:44:22,302 [a4a73c82-9756-45ac-afed-7299ac804f25:group-F6155705D561:LeaderElection14] INFO  server.RaftServerConfigKeys (ConfUtils.java:logGet(43)) - raft.server.watch.timeout = 10s (default)
2019-09-20 08:44:22,302 [a4a73c82-9756-45ac-afed-7299ac804f25:group-F6155705D561:LeaderElection14] INFO  server.RaftServerConfigKeys (ConfUtils.java:logGet(43)) - raft.server.watch.timeout.denomination = 1s (default)
2019-09-20 08:44:22,302 [a4a73c82-9756-45ac-afed-7299ac804f25:group-F6155705D561:LeaderElection14] INFO  server.RaftServerConfigKeys (ConfUtils.java:logGet(43)) - raft.server.watch.element-limit = 65536 (default)
2019-09-20 08:44:22,302 [a4a73c82-9756-45ac-afed-7299ac804f25:group-F6155705D561:LeaderElection14] INFO  impl.RoleInfo (RoleInfo.java:updateAndGet(143)) - a4a73c82-9756-45ac-afed-7299ac804f25: start LeaderState
2019-09-20 08:44:22,302 [a4a73c82-9756-45ac-afed-7299ac804f25:group-F6155705D561:LeaderElection14] INFO  segmented.SegmentedRaftLogWorker (SegmentedRaftLogWorker.java:startLogSegment(380)) - a4a73c82-9756-45ac-afed-7299ac804f25-SegmentedRaftLogWorker:Storage Directory /workdir/hadoop-ozone/ozonefs/target/test-dir/MiniOzoneClusterImpl-84b7649f-0e5d-4ae2-b324-047deb1fece8/datanode-1/data/ratis/87ace88d-db56-41c5-81a8-f6155705d561: Starting segment from index:0
2019-09-20 08:44:22,303 [a4a73c82-9756-45ac-afed-7299ac804f25:group-F6155705D561:LeaderElection14] INFO  impl.RaftServerImpl (ServerState.java:setRaftConf(361)) - a4a73c82-9756-45ac-afed-7299ac804f25:group-F6155705D561 set configuration 0: [a4a73c82-9756-45ac-afed-7299ac804f25:192.168.36.79:38495], old=null at 0
2019-09-20 08:44:22,341 [9123b815-6bfa-48f7-ade2-b84cdc033afa:group-E080C0E29A89:LeaderElection15] INFO  impl.LeaderElection (LeaderElection.java:askForVotes(181)) - 9123b815-6bfa-48f7-ade2-b84cdc033afa:group-E080C0E29A89:LeaderElection15: begin an election at term 1 for -1: [9123b815-6bfa-48f7-ade2-b84cdc033afa:192.168.36.79:38300], old=null
2019-09-20 08:44:22,341 [9123b815-6bfa-48f7-ade2-b84cdc033afa:group-E080C0E29A89:LeaderElection15] INFO  impl.RoleInfo (RoleInfo.java:shutdownLeaderElection(134)) - 9123b815-6bfa-48f7-ade2-b84cdc033afa: shutdown LeaderElection
2019-09-20 08:44:22,341 [9123b815-6bfa-48f7-ade2-b84cdc033afa:group-E080C0E29A89:LeaderElection15] INFO  impl.RaftServerImpl (RaftServerImpl.java:setRole(171)) - 9123b815-6bfa-48f7-ade2-b84cdc033afa:group-E080C0E29A89 changes role from CANDIDATE to LEADER at term 1 for changeToLeader
2019-09-20 08:44:22,341 [9123b815-6bfa-48f7-ade2-b84cdc033afa:group-E080C0E29A89:LeaderElection15] INFO  impl.RaftServerImpl (ServerState.java:setLeader(263)) - 9123b815-6bfa-48f7-ade2-b84cdc033afa:group-E080C0E29A89 change Leader from null to 9123b815-6bfa-48f7-ade2-b84cdc033afa at term 1 for becomeLeader, leader elected after 5180ms
2019-09-20 08:44:22,341 [9123b815-6bfa-48f7-ade2-b84cdc033afa:group-E080C0E29A89:LeaderElection15] INFO  server.RaftServerConfigKeys (ConfUtils.java:logGet(43)) - raft.server.staging.catchup.gap = 1000 (default)
2019-09-20 08:44:22,342 [9123b815-6bfa-48f7-ade2-b84cdc033afa:group-E080C0E29A89:LeaderElection15] INFO  server.RaftServerConfigKeys (ConfUtils.java:logGet(43)) - raft.server.rpc.sleep.time = 25ms (default)
2019-09-20 08:44:22,342 [9123b815-6bfa-48f7-ade2-b84cdc033afa:group-E080C0E29A89:LeaderElection15] INFO  server.RaftServerConfigKeys (ConfUtils.java:logGet(43)) - raft.server.write.element-limit = 4096 (default)
2019-09-20 08:44:22,342 [9123b815-6bfa-48f7-ade2-b84cdc033afa:group-E080C0E29A89:LeaderElection15] INFO  server.RaftServerConfigKeys (ConfUtils.java:logGet(43)) - raft.server.watch.timeout = 10s (default)
2019-09-20 08:44:22,342 [9123b815-6bfa-48f7-ade2-b84cdc033afa:group-E080C0E29A89:LeaderElection15] INFO  server.RaftServerConfigKeys (ConfUtils.java:logGet(43)) - raft.server.watch.timeout.denomination = 1s (default)
2019-09-20 08:44:22,342 [9123b815-6bfa-48f7-ade2-b84cdc033afa:group-E080C0E29A89:LeaderElection15] INFO  server.RaftServerConfigKeys (ConfUtils.java:logGet(43)) - raft.server.watch.element-limit = 65536 (default)
2019-09-20 08:44:22,343 [9123b815-6bfa-48f7-ade2-b84cdc033afa:group-E080C0E29A89:LeaderElection15] INFO  impl.RoleInfo (RoleInfo.java:updateAndGet(143)) - 9123b815-6bfa-48f7-ade2-b84cdc033afa: start LeaderState
2019-09-20 08:44:22,343 [9123b815-6bfa-48f7-ade2-b84cdc033afa:group-E080C0E29A89:LeaderElection15] INFO  segmented.SegmentedRaftLogWorker (SegmentedRaftLogWorker.java:startLogSegment(380)) - 9123b815-6bfa-48f7-ade2-b84cdc033afa-SegmentedRaftLogWorker:Storage Directory /workdir/hadoop-ozone/ozonefs/target/test-dir/MiniOzoneClusterImpl-84b7649f-0e5d-4ae2-b324-047deb1fece8/datanode-2/data/ratis/672ac0ac-15f7-4b43-935c-e080c0e29a89: Starting segment from index:0
2019-09-20 08:44:22,344 [9123b815-6bfa-48f7-ade2-b84cdc033afa:group-E080C0E29A89:LeaderElection15] INFO  impl.RaftServerImpl (ServerState.java:setRaftConf(361)) - 9123b815-6bfa-48f7-ade2-b84cdc033afa:group-E080C0E29A89 set configuration 0: [9123b815-6bfa-48f7-ade2-b84cdc033afa:192.168.36.79:38300], old=null at 0
2019-09-20 08:44:22,377 [a4a73c82-9756-45ac-afed-7299ac804f25-SegmentedRaftLogWorker:Storage Directory /workdir/hadoop-ozone/ozonefs/target/test-dir/MiniOzoneClusterImpl-84b7649f-0e5d-4ae2-b324-047deb1fece8/datanode-1/data/ratis/87ace88d-db56-41c5-81a8-f6155705d561] INFO  segmented.SegmentedRaftLogWorker (SegmentedRaftLogWorker.java:execute(569)) - a4a73c82-9756-45ac-afed-7299ac804f25-SegmentedRaftLogWorker:Storage Directory /workdir/hadoop-ozone/ozonefs/target/test-dir/MiniOzoneClusterImpl-84b7649f-0e5d-4ae2-b324-047deb1fece8/datanode-1/data/ratis/87ace88d-db56-41c5-81a8-f6155705d561: created new log segment /workdir/hadoop-ozone/ozonefs/target/test-dir/MiniOzoneClusterImpl-84b7649f-0e5d-4ae2-b324-047deb1fece8/datanode-1/data/ratis/87ace88d-db56-41c5-81a8-f6155705d561/current/log_inprogress_0
2019-09-20 08:44:22,377 [Thread-258] INFO  impl.FollowerState (FollowerState.java:run(106)) - 9123b815-6bfa-48f7-ade2-b84cdc033afa:group-13384C7BF125 changes to CANDIDATE, lastRpcTime:5119, electionTimeout:5100ms
2019-09-20 08:44:22,377 [Thread-258] INFO  impl.RoleInfo (RoleInfo.java:shutdownFollowerState(121)) - 9123b815-6bfa-48f7-ade2-b84cdc033afa: shutdown FollowerState
2019-09-20 08:44:22,377 [Thread-258] INFO  impl.RaftServerImpl (RaftServerImpl.java:setRole(171)) - 9123b815-6bfa-48f7-ade2-b84cdc033afa:group-13384C7BF125 changes role from FOLLOWER to CANDIDATE at term 0 for changeToCandidate
2019-09-20 08:44:22,377 [Thread-258] INFO  impl.RoleInfo (RoleInfo.java:updateAndGet(143)) - 9123b815-6bfa-48f7-ade2-b84cdc033afa: start LeaderElection
2019-09-20 08:44:22,391 [Thread-261] INFO  impl.FollowerState (FollowerState.java:run(106)) - 9123b815-6bfa-48f7-ade2-b84cdc033afa:group-948D5C57BB10 changes to CANDIDATE, lastRpcTime:5074, electionTimeout:5074ms
2019-09-20 08:44:22,391 [Thread-261] INFO  impl.RoleInfo (RoleInfo.java:shutdownFollowerState(121)) - 9123b815-6bfa-48f7-ade2-b84cdc033afa: shutdown FollowerState
2019-09-20 08:44:22,391 [Thread-261] INFO  impl.RaftServerImpl (RaftServerImpl.java:setRole(171)) - 9123b815-6bfa-48f7-ade2-b84cdc033afa:group-948D5C57BB10 changes role from FOLLOWER to CANDIDATE at term 0 for changeToCandidate
2019-09-20 08:44:22,391 [Thread-261] INFO  impl.RoleInfo (RoleInfo.java:updateAndGet(143)) - 9123b815-6bfa-48f7-ade2-b84cdc033afa: start LeaderElection
2019-09-20 08:44:22,401 [9123b815-6bfa-48f7-ade2-b84cdc033afa-SegmentedRaftLogWorker:Storage Directory /workdir/hadoop-ozone/ozonefs/target/test-dir/MiniOzoneClusterImpl-84b7649f-0e5d-4ae2-b324-047deb1fece8/datanode-2/data/ratis/672ac0ac-15f7-4b43-935c-e080c0e29a89] INFO  segmented.SegmentedRaftLogWorker (SegmentedRaftLogWorker.java:execute(569)) - 9123b815-6bfa-48f7-ade2-b84cdc033afa-SegmentedRaftLogWorker:Storage Directory /workdir/hadoop-ozone/ozonefs/target/test-dir/MiniOzoneClusterImpl-84b7649f-0e5d-4ae2-b324-047deb1fece8/datanode-2/data/ratis/672ac0ac-15f7-4b43-935c-e080c0e29a89: created new log segment /workdir/hadoop-ozone/ozonefs/target/test-dir/MiniOzoneClusterImpl-84b7649f-0e5d-4ae2-b324-047deb1fece8/datanode-2/data/ratis/672ac0ac-15f7-4b43-935c-e080c0e29a89/current/log_inprogress_0
2019-09-20 08:44:22,401 [9123b815-6bfa-48f7-ade2-b84cdc033afa:group-13384C7BF125:LeaderElection16] INFO  impl.LeaderElection (LeaderElection.java:askForVotes(181)) - 9123b815-6bfa-48f7-ade2-b84cdc033afa:group-13384C7BF125:LeaderElection16: begin an election at term 1 for -1: [9123b815-6bfa-48f7-ade2-b84cdc033afa:192.168.36.79:38300], old=null
2019-09-20 08:44:22,402 [9123b815-6bfa-48f7-ade2-b84cdc033afa:group-13384C7BF125:LeaderElection16] INFO  impl.RoleInfo (RoleInfo.java:shutdownLeaderElection(134)) - 9123b815-6bfa-48f7-ade2-b84cdc033afa: shutdown LeaderElection
2019-09-20 08:44:22,402 [9123b815-6bfa-48f7-ade2-b84cdc033afa:group-13384C7BF125:LeaderElection16] INFO  impl.RaftServerImpl (RaftServerImpl.java:setRole(171)) - 9123b815-6bfa-48f7-ade2-b84cdc033afa:group-13384C7BF125 changes role from CANDIDATE to LEADER at term 1 for changeToLeader
2019-09-20 08:44:22,402 [9123b815-6bfa-48f7-ade2-b84cdc033afa:group-13384C7BF125:LeaderElection16] INFO  impl.RaftServerImpl (ServerState.java:setLeader(263)) - 9123b815-6bfa-48f7-ade2-b84cdc033afa:group-13384C7BF125 change Leader from null to 9123b815-6bfa-48f7-ade2-b84cdc033afa at term 1 for becomeLeader, leader elected after 5149ms
2019-09-20 08:44:22,402 [9123b815-6bfa-48f7-ade2-b84cdc033afa:group-13384C7BF125:LeaderElection16] INFO  server.RaftServerConfigKeys (ConfUtils.java:logGet(43)) - raft.server.staging.catchup.gap = 1000 (default)
2019-09-20 08:44:22,402 [9123b815-6bfa-48f7-ade2-b84cdc033afa:group-13384C7BF125:LeaderElection16] INFO  server.RaftServerConfigKeys (ConfUtils.java:logGet(43)) - raft.server.rpc.sleep.time = 25ms (default)
2019-09-20 08:44:22,403 [9123b815-6bfa-48f7-ade2-b84cdc033afa:group-13384C7BF125:LeaderElection16] INFO  server.RaftServerConfigKeys (ConfUtils.java:logGet(43)) - raft.server.write.element-limit = 4096 (default)
2019-09-20 08:44:22,403 [9123b815-6bfa-48f7-ade2-b84cdc033afa:group-13384C7BF125:LeaderElection16] INFO  server.RaftServerConfigKeys (ConfUtils.java:logGet(43)) - raft.server.watch.timeout = 10s (default)
2019-09-20 08:44:22,403 [9123b815-6bfa-48f7-ade2-b84cdc033afa:group-13384C7BF125:LeaderElection16] INFO  server.RaftServerConfigKeys (ConfUtils.java:logGet(43)) - raft.server.watch.timeout.denomination = 1s (default)
2019-09-20 08:44:22,403 [9123b815-6bfa-48f7-ade2-b84cdc033afa:group-13384C7BF125:LeaderElection16] INFO  server.RaftServerConfigKeys (ConfUtils.java:logGet(43)) - raft.server.watch.element-limit = 65536 (default)
2019-09-20 08:44:22,403 [9123b815-6bfa-48f7-ade2-b84cdc033afa:group-13384C7BF125:LeaderElection16] INFO  impl.RoleInfo (RoleInfo.java:updateAndGet(143)) - 9123b815-6bfa-48f7-ade2-b84cdc033afa: start LeaderState
2019-09-20 08:44:22,404 [9123b815-6bfa-48f7-ade2-b84cdc033afa:group-13384C7BF125:LeaderElection16] INFO  segmented.SegmentedRaftLogWorker (SegmentedRaftLogWorker.java:startLogSegment(380)) - 9123b815-6bfa-48f7-ade2-b84cdc033afa-SegmentedRaftLogWorker:Storage Directory /workdir/hadoop-ozone/ozonefs/target/test-dir/MiniOzoneClusterImpl-84b7649f-0e5d-4ae2-b324-047deb1fece8/datanode-2/data/ratis/0c1258db-3004-42a9-898e-13384c7bf125: Starting segment from index:0
2019-09-20 08:44:22,404 [9123b815-6bfa-48f7-ade2-b84cdc033afa:group-13384C7BF125:LeaderElection16] INFO  impl.RaftServerImpl (ServerState.java:setRaftConf(361)) - 9123b815-6bfa-48f7-ade2-b84cdc033afa:group-13384C7BF125 set configuration 0: [9123b815-6bfa-48f7-ade2-b84cdc033afa:192.168.36.79:38300], old=null at 0
2019-09-20 08:44:22,418 [9123b815-6bfa-48f7-ade2-b84cdc033afa:group-948D5C57BB10:LeaderElection17] INFO  impl.LeaderElection (LeaderElection.java:askForVotes(181)) - 9123b815-6bfa-48f7-ade2-b84cdc033afa:group-948D5C57BB10:LeaderElection17: begin an election at term 1 for -1: [9123b815-6bfa-48f7-ade2-b84cdc033afa:192.168.36.79:38300], old=null
2019-09-20 08:44:22,419 [9123b815-6bfa-48f7-ade2-b84cdc033afa:group-948D5C57BB10:LeaderElection17] INFO  impl.RoleInfo (RoleInfo.java:shutdownLeaderElection(134)) - 9123b815-6bfa-48f7-ade2-b84cdc033afa: shutdown LeaderElection
2019-09-20 08:44:22,419 [9123b815-6bfa-48f7-ade2-b84cdc033afa:group-948D5C57BB10:LeaderElection17] INFO  impl.RaftServerImpl (RaftServerImpl.java:setRole(171)) - 9123b815-6bfa-48f7-ade2-b84cdc033afa:group-948D5C57BB10 changes role from CANDIDATE to LEADER at term 1 for changeToLeader
2019-09-20 08:44:22,419 [9123b815-6bfa-48f7-ade2-b84cdc033afa:group-948D5C57BB10:LeaderElection17] INFO  impl.RaftServerImpl (ServerState.java:setLeader(263)) - 9123b815-6bfa-48f7-ade2-b84cdc033afa:group-948D5C57BB10 change Leader from null to 9123b815-6bfa-48f7-ade2-b84cdc033afa at term 1 for becomeLeader, leader elected after 5107ms
2019-09-20 08:44:22,419 [9123b815-6bfa-48f7-ade2-b84cdc033afa:group-948D5C57BB10:LeaderElection17] INFO  server.RaftServerConfigKeys (ConfUtils.java:logGet(43)) - raft.server.staging.catchup.gap = 1000 (default)
2019-09-20 08:44:22,419 [9123b815-6bfa-48f7-ade2-b84cdc033afa:group-948D5C57BB10:LeaderElection17] INFO  server.RaftServerConfigKeys (ConfUtils.java:logGet(43)) - raft.server.rpc.sleep.time = 25ms (default)
2019-09-20 08:44:22,419 [9123b815-6bfa-48f7-ade2-b84cdc033afa:group-948D5C57BB10:LeaderElection17] INFO  server.RaftServerConfigKeys (ConfUtils.java:logGet(43)) - raft.server.write.element-limit = 4096 (default)
2019-09-20 08:44:22,420 [9123b815-6bfa-48f7-ade2-b84cdc033afa:group-948D5C57BB10:LeaderElection17] INFO  server.RaftServerConfigKeys (ConfUtils.java:logGet(43)) - raft.server.watch.timeout = 10s (default)
2019-09-20 08:44:22,420 [9123b815-6bfa-48f7-ade2-b84cdc033afa:group-948D5C57BB10:LeaderElection17] INFO  server.RaftServerConfigKeys (ConfUtils.java:logGet(43)) - raft.server.watch.timeout.denomination = 1s (default)
2019-09-20 08:44:22,420 [9123b815-6bfa-48f7-ade2-b84cdc033afa:group-948D5C57BB10:LeaderElection17] INFO  server.RaftServerConfigKeys (ConfUtils.java:logGet(43)) - raft.server.watch.element-limit = 65536 (default)
2019-09-20 08:44:22,420 [9123b815-6bfa-48f7-ade2-b84cdc033afa:group-948D5C57BB10:LeaderElection17] INFO  impl.RoleInfo (RoleInfo.java:updateAndGet(143)) - 9123b815-6bfa-48f7-ade2-b84cdc033afa: start LeaderState
2019-09-20 08:44:22,420 [9123b815-6bfa-48f7-ade2-b84cdc033afa:group-948D5C57BB10:LeaderElection17] INFO  segmented.SegmentedRaftLogWorker (SegmentedRaftLogWorker.java:startLogSegment(380)) - 9123b815-6bfa-48f7-ade2-b84cdc033afa-SegmentedRaftLogWorker:Storage Directory /workdir/hadoop-ozone/ozonefs/target/test-dir/MiniOzoneClusterImpl-84b7649f-0e5d-4ae2-b324-047deb1fece8/datanode-2/data/ratis/6a71f66b-6dee-46ab-a69c-948d5c57bb10: Starting segment from index:0
2019-09-20 08:44:22,421 [9123b815-6bfa-48f7-ade2-b84cdc033afa:group-948D5C57BB10:LeaderElection17] INFO  impl.RaftServerImpl (ServerState.java:setRaftConf(361)) - 9123b815-6bfa-48f7-ade2-b84cdc033afa:group-948D5C57BB10 set configuration 0: [9123b815-6bfa-48f7-ade2-b84cdc033afa:192.168.36.79:38300], old=null at 0
2019-09-20 08:44:22,455 | INFO  | SCMAudit | user=jenkins1000 | ip=192.168.36.79 | op=SEND_HEARTBEAT {datanodeUUID=75feff7d-6f48-4002-b580-45a21ea734c6, command=[]} | ret=SUCCESS |  
2019-09-20 08:44:22,473 | INFO  | SCMAudit | user=jenkins1000 | ip=192.168.36.79 | op=SEND_HEARTBEAT {datanodeUUID=b892e876-f5ae-410a-9dfd-4f07fd940729, command=[]} | ret=SUCCESS |  
2019-09-20 08:44:22,477 [9123b815-6bfa-48f7-ade2-b84cdc033afa-SegmentedRaftLogWorker:Storage Directory /workdir/hadoop-ozone/ozonefs/target/test-dir/MiniOzoneClusterImpl-84b7649f-0e5d-4ae2-b324-047deb1fece8/datanode-2/data/ratis/6a71f66b-6dee-46ab-a69c-948d5c57bb10] INFO  segmented.SegmentedRaftLogWorker (SegmentedRaftLogWorker.java:execute(569)) - 9123b815-6bfa-48f7-ade2-b84cdc033afa-SegmentedRaftLogWorker:Storage Directory /workdir/hadoop-ozone/ozonefs/target/test-dir/MiniOzoneClusterImpl-84b7649f-0e5d-4ae2-b324-047deb1fece8/datanode-2/data/ratis/6a71f66b-6dee-46ab-a69c-948d5c57bb10: created new log segment /workdir/hadoop-ozone/ozonefs/target/test-dir/MiniOzoneClusterImpl-84b7649f-0e5d-4ae2-b324-047deb1fece8/datanode-2/data/ratis/6a71f66b-6dee-46ab-a69c-948d5c57bb10/current/log_inprogress_0
2019-09-20 08:44:22,477 [9123b815-6bfa-48f7-ade2-b84cdc033afa-SegmentedRaftLogWorker:Storage Directory /workdir/hadoop-ozone/ozonefs/target/test-dir/MiniOzoneClusterImpl-84b7649f-0e5d-4ae2-b324-047deb1fece8/datanode-2/data/ratis/0c1258db-3004-42a9-898e-13384c7bf125] INFO  segmented.SegmentedRaftLogWorker (SegmentedRaftLogWorker.java:execute(569)) - 9123b815-6bfa-48f7-ade2-b84cdc033afa-SegmentedRaftLogWorker:Storage Directory /workdir/hadoop-ozone/ozonefs/target/test-dir/MiniOzoneClusterImpl-84b7649f-0e5d-4ae2-b324-047deb1fece8/datanode-2/data/ratis/0c1258db-3004-42a9-898e-13384c7bf125: created new log segment /workdir/hadoop-ozone/ozonefs/target/test-dir/MiniOzoneClusterImpl-84b7649f-0e5d-4ae2-b324-047deb1fece8/datanode-2/data/ratis/0c1258db-3004-42a9-898e-13384c7bf125/current/log_inprogress_0
2019-09-20 08:44:22,483 | INFO  | SCMAudit | user=jenkins1000 | ip=192.168.36.79 | op=SEND_HEARTBEAT {datanodeUUID=aa30552f-ad30-4fe7-9018-411c04218958, command=[]} | ret=SUCCESS |  
2019-09-20 08:44:22,496 [Thread-267] INFO  impl.FollowerState (FollowerState.java:run(106)) - b892e876-f5ae-410a-9dfd-4f07fd940729:group-B1087F5A003E changes to CANDIDATE, lastRpcTime:5035, electionTimeout:5035ms
2019-09-20 08:44:22,496 [Thread-267] INFO  impl.RoleInfo (RoleInfo.java:shutdownFollowerState(121)) - b892e876-f5ae-410a-9dfd-4f07fd940729: shutdown FollowerState
2019-09-20 08:44:22,496 [Thread-267] INFO  impl.RaftServerImpl (RaftServerImpl.java:setRole(171)) - b892e876-f5ae-410a-9dfd-4f07fd940729:group-B1087F5A003E changes role from FOLLOWER to CANDIDATE at term 0 for changeToCandidate
2019-09-20 08:44:22,496 [Thread-267] INFO  impl.RoleInfo (RoleInfo.java:updateAndGet(143)) - b892e876-f5ae-410a-9dfd-4f07fd940729: start LeaderElection
2019-09-20 08:44:22,528 [b892e876-f5ae-410a-9dfd-4f07fd940729:group-B1087F5A003E:LeaderElection18] INFO  impl.LeaderElection (LeaderElection.java:askForVotes(181)) - b892e876-f5ae-410a-9dfd-4f07fd940729:group-B1087F5A003E:LeaderElection18: begin an election at term 1 for -1: [b892e876-f5ae-410a-9dfd-4f07fd940729:192.168.36.79:42750], old=null
2019-09-20 08:44:22,528 [b892e876-f5ae-410a-9dfd-4f07fd940729:group-B1087F5A003E:LeaderElection18] INFO  impl.RoleInfo (RoleInfo.java:shutdownLeaderElection(134)) - b892e876-f5ae-410a-9dfd-4f07fd940729: shutdown LeaderElection
2019-09-20 08:44:22,528 [b892e876-f5ae-410a-9dfd-4f07fd940729:group-B1087F5A003E:LeaderElection18] INFO  impl.RaftServerImpl (RaftServerImpl.java:setRole(171)) - b892e876-f5ae-410a-9dfd-4f07fd940729:group-B1087F5A003E changes role from CANDIDATE to LEADER at term 1 for changeToLeader
2019-09-20 08:44:22,528 [b892e876-f5ae-410a-9dfd-4f07fd940729:group-B1087F5A003E:LeaderElection18] INFO  impl.RaftServerImpl (ServerState.java:setLeader(263)) - b892e876-f5ae-410a-9dfd-4f07fd940729:group-B1087F5A003E change Leader from null to b892e876-f5ae-410a-9dfd-4f07fd940729 at term 1 for becomeLeader, leader elected after 5083ms
2019-09-20 08:44:22,529 [b892e876-f5ae-410a-9dfd-4f07fd940729:group-B1087F5A003E:LeaderElection18] INFO  server.RaftServerConfigKeys (ConfUtils.java:logGet(43)) - raft.server.staging.catchup.gap = 1000 (default)
2019-09-20 08:44:22,529 [b892e876-f5ae-410a-9dfd-4f07fd940729:group-B1087F5A003E:LeaderElection18] INFO  server.RaftServerConfigKeys (ConfUtils.java:logGet(43)) - raft.server.rpc.sleep.time = 25ms (default)
2019-09-20 08:44:22,529 [b892e876-f5ae-410a-9dfd-4f07fd940729:group-B1087F5A003E:LeaderElection18] INFO  server.RaftServerConfigKeys (ConfUtils.java:logGet(43)) - raft.server.write.element-limit = 4096 (default)
2019-09-20 08:44:22,529 [b892e876-f5ae-410a-9dfd-4f07fd940729:group-B1087F5A003E:LeaderElection18] INFO  server.RaftServerConfigKeys (ConfUtils.java:logGet(43)) - raft.server.watch.timeout = 10s (default)
2019-09-20 08:44:22,529 [b892e876-f5ae-410a-9dfd-4f07fd940729:group-B1087F5A003E:LeaderElection18] INFO  server.RaftServerConfigKeys (ConfUtils.java:logGet(43)) - raft.server.watch.timeout.denomination = 1s (default)
2019-09-20 08:44:22,529 [b892e876-f5ae-410a-9dfd-4f07fd940729:group-B1087F5A003E:LeaderElection18] INFO  server.RaftServerConfigKeys (ConfUtils.java:logGet(43)) - raft.server.watch.element-limit = 65536 (default)
2019-09-20 08:44:22,530 [b892e876-f5ae-410a-9dfd-4f07fd940729:group-B1087F5A003E:LeaderElection18] INFO  impl.RoleInfo (RoleInfo.java:updateAndGet(143)) - b892e876-f5ae-410a-9dfd-4f07fd940729: start LeaderState
2019-09-20 08:44:22,530 [b892e876-f5ae-410a-9dfd-4f07fd940729:group-B1087F5A003E:LeaderElection18] INFO  segmented.SegmentedRaftLogWorker (SegmentedRaftLogWorker.java:startLogSegment(380)) - b892e876-f5ae-410a-9dfd-4f07fd940729-SegmentedRaftLogWorker:Storage Directory /workdir/hadoop-ozone/ozonefs/target/test-dir/MiniOzoneClusterImpl-84b7649f-0e5d-4ae2-b324-047deb1fece8/datanode-0/data/ratis/c347adfb-afc8-4d03-a0f9-b1087f5a003e: Starting segment from index:0
2019-09-20 08:44:22,531 [b892e876-f5ae-410a-9dfd-4f07fd940729:group-B1087F5A003E:LeaderElection18] INFO  impl.RaftServerImpl (ServerState.java:setRaftConf(361)) - b892e876-f5ae-410a-9dfd-4f07fd940729:group-B1087F5A003E set configuration 0: [b892e876-f5ae-410a-9dfd-4f07fd940729:192.168.36.79:42750], old=null at 0
2019-09-20 08:44:22,586 [b892e876-f5ae-410a-9dfd-4f07fd940729-SegmentedRaftLogWorker:Storage Directory /workdir/hadoop-ozone/ozonefs/target/test-dir/MiniOzoneClusterImpl-84b7649f-0e5d-4ae2-b324-047deb1fece8/datanode-0/data/ratis/c347adfb-afc8-4d03-a0f9-b1087f5a003e] INFO  segmented.SegmentedRaftLogWorker (SegmentedRaftLogWorker.java:execute(569)) - b892e876-f5ae-410a-9dfd-4f07fd940729-SegmentedRaftLogWorker:Storage Directory /workdir/hadoop-ozone/ozonefs/target/test-dir/MiniOzoneClusterImpl-84b7649f-0e5d-4ae2-b324-047deb1fece8/datanode-0/data/ratis/c347adfb-afc8-4d03-a0f9-b1087f5a003e: created new log segment /workdir/hadoop-ozone/ozonefs/target/test-dir/MiniOzoneClusterImpl-84b7649f-0e5d-4ae2-b324-047deb1fece8/datanode-0/data/ratis/c347adfb-afc8-4d03-a0f9-b1087f5a003e/current/log_inprogress_0
2019-09-20 08:44:22,704 [Thread-272] INFO  impl.FollowerState (FollowerState.java:run(106)) - 9123b815-6bfa-48f7-ade2-b84cdc033afa:group-1C637496C042 changes to CANDIDATE, lastRpcTime:5158, electionTimeout:5158ms
2019-09-20 08:44:22,704 [Thread-272] INFO  impl.RoleInfo (RoleInfo.java:shutdownFollowerState(121)) - 9123b815-6bfa-48f7-ade2-b84cdc033afa: shutdown FollowerState
2019-09-20 08:44:22,705 [Thread-272] INFO  impl.RaftServerImpl (RaftServerImpl.java:setRole(171)) - 9123b815-6bfa-48f7-ade2-b84cdc033afa:group-1C637496C042 changes role from FOLLOWER to CANDIDATE at term 0 for changeToCandidate
2019-09-20 08:44:22,705 [Thread-272] INFO  impl.RoleInfo (RoleInfo.java:updateAndGet(143)) - 9123b815-6bfa-48f7-ade2-b84cdc033afa: start LeaderElection
2019-09-20 08:44:22,722 | INFO  | SCMAudit | user=jenkins1000 | ip=192.168.36.79 | op=SEND_HEARTBEAT {datanodeUUID=a4a73c82-9756-45ac-afed-7299ac804f25, command=[]} | ret=SUCCESS |  
2019-09-20 08:44:22,737 [9123b815-6bfa-48f7-ade2-b84cdc033afa:group-1C637496C042:LeaderElection19] INFO  impl.LeaderElection (LeaderElection.java:askForVotes(181)) - 9123b815-6bfa-48f7-ade2-b84cdc033afa:group-1C637496C042:LeaderElection19: begin an election at term 1 for -1: [9123b815-6bfa-48f7-ade2-b84cdc033afa:192.168.36.79:38300], old=null
2019-09-20 08:44:22,737 [9123b815-6bfa-48f7-ade2-b84cdc033afa:group-1C637496C042:LeaderElection19] INFO  impl.RoleInfo (RoleInfo.java:shutdownLeaderElection(134)) - 9123b815-6bfa-48f7-ade2-b84cdc033afa: shutdown LeaderElection
2019-09-20 08:44:22,737 [9123b815-6bfa-48f7-ade2-b84cdc033afa:group-1C637496C042:LeaderElection19] INFO  impl.RaftServerImpl (RaftServerImpl.java:setRole(171)) - 9123b815-6bfa-48f7-ade2-b84cdc033afa:group-1C637496C042 changes role from CANDIDATE to LEADER at term 1 for changeToLeader
2019-09-20 08:44:22,737 [9123b815-6bfa-48f7-ade2-b84cdc033afa:group-1C637496C042:LeaderElection19] INFO  impl.RaftServerImpl (ServerState.java:setLeader(263)) - 9123b815-6bfa-48f7-ade2-b84cdc033afa:group-1C637496C042 change Leader from null to 9123b815-6bfa-48f7-ade2-b84cdc033afa at term 1 for becomeLeader, leader elected after 5196ms
2019-09-20 08:44:22,738 [9123b815-6bfa-48f7-ade2-b84cdc033afa:group-1C637496C042:LeaderElection19] INFO  server.RaftServerConfigKeys (ConfUtils.java:logGet(43)) - raft.server.staging.catchup.gap = 1000 (default)
2019-09-20 08:44:22,738 [9123b815-6bfa-48f7-ade2-b84cdc033afa:group-1C637496C042:LeaderElection19] INFO  server.RaftServerConfigKeys (ConfUtils.java:logGet(43)) - raft.server.rpc.sleep.time = 25ms (default)
2019-09-20 08:44:22,738 [9123b815-6bfa-48f7-ade2-b84cdc033afa:group-1C637496C042:LeaderElection19] INFO  server.RaftServerConfigKeys (ConfUtils.java:logGet(43)) - raft.server.write.element-limit = 4096 (default)
2019-09-20 08:44:22,738 [9123b815-6bfa-48f7-ade2-b84cdc033afa:group-1C637496C042:LeaderElection19] INFO  server.RaftServerConfigKeys (ConfUtils.java:logGet(43)) - raft.server.watch.timeout = 10s (default)
2019-09-20 08:44:22,738 [9123b815-6bfa-48f7-ade2-b84cdc033afa:group-1C637496C042:LeaderElection19] INFO  server.RaftServerConfigKeys (ConfUtils.java:logGet(43)) - raft.server.watch.timeout.denomination = 1s (default)
2019-09-20 08:44:22,739 [9123b815-6bfa-48f7-ade2-b84cdc033afa:group-1C637496C042:LeaderElection19] INFO  server.RaftServerConfigKeys (ConfUtils.java:logGet(43)) - raft.server.watch.element-limit = 65536 (default)
2019-09-20 08:44:22,739 [9123b815-6bfa-48f7-ade2-b84cdc033afa:group-1C637496C042:LeaderElection19] INFO  impl.RoleInfo (RoleInfo.java:updateAndGet(143)) - 9123b815-6bfa-48f7-ade2-b84cdc033afa: start LeaderState
2019-09-20 08:44:22,739 [9123b815-6bfa-48f7-ade2-b84cdc033afa:group-1C637496C042:LeaderElection19] INFO  segmented.SegmentedRaftLogWorker (SegmentedRaftLogWorker.java:startLogSegment(380)) - 9123b815-6bfa-48f7-ade2-b84cdc033afa-SegmentedRaftLogWorker:Storage Directory /workdir/hadoop-ozone/ozonefs/target/test-dir/MiniOzoneClusterImpl-84b7649f-0e5d-4ae2-b324-047deb1fece8/datanode-2/data/ratis/f87181f6-ae93-4746-a7b8-1c637496c042: Starting segment from index:0
2019-09-20 08:44:22,740 [9123b815-6bfa-48f7-ade2-b84cdc033afa:group-1C637496C042:LeaderElection19] INFO  impl.RaftServerImpl (ServerState.java:setRaftConf(361)) - 9123b815-6bfa-48f7-ade2-b84cdc033afa:group-1C637496C042 set configuration 0: [9123b815-6bfa-48f7-ade2-b84cdc033afa:192.168.36.79:38300], old=null at 0
2019-09-20 08:44:22,795 [9123b815-6bfa-48f7-ade2-b84cdc033afa-SegmentedRaftLogWorker:Storage Directory /workdir/hadoop-ozone/ozonefs/target/test-dir/MiniOzoneClusterImpl-84b7649f-0e5d-4ae2-b324-047deb1fece8/datanode-2/data/ratis/f87181f6-ae93-4746-a7b8-1c637496c042] INFO  segmented.SegmentedRaftLogWorker (SegmentedRaftLogWorker.java:execute(569)) - 9123b815-6bfa-48f7-ade2-b84cdc033afa-SegmentedRaftLogWorker:Storage Directory /workdir/hadoop-ozone/ozonefs/target/test-dir/MiniOzoneClusterImpl-84b7649f-0e5d-4ae2-b324-047deb1fece8/datanode-2/data/ratis/f87181f6-ae93-4746-a7b8-1c637496c042: created new log segment /workdir/hadoop-ozone/ozonefs/target/test-dir/MiniOzoneClusterImpl-84b7649f-0e5d-4ae2-b324-047deb1fece8/datanode-2/data/ratis/f87181f6-ae93-4746-a7b8-1c637496c042/current/log_inprogress_0
2019-09-20 08:44:22,796 [Thread-283] INFO  impl.FollowerState (FollowerState.java:run(106)) - aa30552f-ad30-4fe7-9018-411c04218958:group-973A3080FDD1 changes to CANDIDATE, lastRpcTime:5123, electionTimeout:5122ms
2019-09-20 08:44:22,797 [Thread-283] INFO  impl.RoleInfo (RoleInfo.java:shutdownFollowerState(121)) - aa30552f-ad30-4fe7-9018-411c04218958: shutdown FollowerState
2019-09-20 08:44:22,797 [Thread-283] INFO  impl.RaftServerImpl (RaftServerImpl.java:setRole(171)) - aa30552f-ad30-4fe7-9018-411c04218958:group-973A3080FDD1 changes role from FOLLOWER to CANDIDATE at term 0 for changeToCandidate
2019-09-20 08:44:22,797 [Thread-283] INFO  impl.RoleInfo (RoleInfo.java:updateAndGet(143)) - aa30552f-ad30-4fe7-9018-411c04218958: start LeaderElection
2019-09-20 08:44:22,838 [aa30552f-ad30-4fe7-9018-411c04218958:group-973A3080FDD1:LeaderElection20] INFO  impl.LeaderElection (LeaderElection.java:askForVotes(181)) - aa30552f-ad30-4fe7-9018-411c04218958:group-973A3080FDD1:LeaderElection20: begin an election at term 1 for -1: [aa30552f-ad30-4fe7-9018-411c04218958:192.168.36.79:43863], old=null
2019-09-20 08:44:22,838 [aa30552f-ad30-4fe7-9018-411c04218958:group-973A3080FDD1:LeaderElection20] INFO  impl.RoleInfo (RoleInfo.java:shutdownLeaderElection(134)) - aa30552f-ad30-4fe7-9018-411c04218958: shutdown LeaderElection
2019-09-20 08:44:22,838 [aa30552f-ad30-4fe7-9018-411c04218958:group-973A3080FDD1:LeaderElection20] INFO  impl.RaftServerImpl (RaftServerImpl.java:setRole(171)) - aa30552f-ad30-4fe7-9018-411c04218958:group-973A3080FDD1 changes role from CANDIDATE to LEADER at term 1 for changeToLeader
2019-09-20 08:44:22,838 [aa30552f-ad30-4fe7-9018-411c04218958:group-973A3080FDD1:LeaderElection20] INFO  impl.RaftServerImpl (ServerState.java:setLeader(263)) - aa30552f-ad30-4fe7-9018-411c04218958:group-973A3080FDD1 change Leader from null to aa30552f-ad30-4fe7-9018-411c04218958 at term 1 for becomeLeader, leader elected after 5174ms
2019-09-20 08:44:22,840 [aa30552f-ad30-4fe7-9018-411c04218958:group-973A3080FDD1:LeaderElection20] INFO  server.RaftServerConfigKeys (ConfUtils.java:logGet(43)) - raft.server.staging.catchup.gap = 1000 (default)
2019-09-20 08:44:22,840 [aa30552f-ad30-4fe7-9018-411c04218958:group-973A3080FDD1:LeaderElection20] INFO  server.RaftServerConfigKeys (ConfUtils.java:logGet(43)) - raft.server.rpc.sleep.time = 25ms (default)
2019-09-20 08:44:22,840 [aa30552f-ad30-4fe7-9018-411c04218958:group-973A3080FDD1:LeaderElection20] INFO  server.RaftServerConfigKeys (ConfUtils.java:logGet(43)) - raft.server.write.element-limit = 4096 (default)
2019-09-20 08:44:22,840 [aa30552f-ad30-4fe7-9018-411c04218958:group-973A3080FDD1:LeaderElection20] INFO  server.RaftServerConfigKeys (ConfUtils.java:logGet(43)) - raft.server.watch.timeout = 10s (default)
2019-09-20 08:44:22,840 [aa30552f-ad30-4fe7-9018-411c04218958:group-973A3080FDD1:LeaderElection20] INFO  server.RaftServerConfigKeys (ConfUtils.java:logGet(43)) - raft.server.watch.timeout.denomination = 1s (default)
2019-09-20 08:44:22,841 [aa30552f-ad30-4fe7-9018-411c04218958:group-973A3080FDD1:LeaderElection20] INFO  server.RaftServerConfigKeys (ConfUtils.java:logGet(43)) - raft.server.watch.element-limit = 65536 (default)
2019-09-20 08:44:22,841 [aa30552f-ad30-4fe7-9018-411c04218958:group-973A3080FDD1:LeaderElection20] INFO  impl.RoleInfo (RoleInfo.java:updateAndGet(143)) - aa30552f-ad30-4fe7-9018-411c04218958: start LeaderState
2019-09-20 08:44:22,841 [aa30552f-ad30-4fe7-9018-411c04218958:group-973A3080FDD1:LeaderElection20] INFO  segmented.SegmentedRaftLogWorker (SegmentedRaftLogWorker.java:startLogSegment(380)) - aa30552f-ad30-4fe7-9018-411c04218958-SegmentedRaftLogWorker:Storage Directory /workdir/hadoop-ozone/ozonefs/target/test-dir/MiniOzoneClusterImpl-84b7649f-0e5d-4ae2-b324-047deb1fece8/datanode-4/data/ratis/5096085c-79a1-49ed-8ac6-973a3080fdd1: Starting segment from index:0
2019-09-20 08:44:22,842 [aa30552f-ad30-4fe7-9018-411c04218958:group-973A3080FDD1:LeaderElection20] INFO  impl.RaftServerImpl (ServerState.java:setRaftConf(361)) - aa30552f-ad30-4fe7-9018-411c04218958:group-973A3080FDD1 set configuration 0: [aa30552f-ad30-4fe7-9018-411c04218958:192.168.36.79:43863], old=null at 0
2019-09-20 08:44:22,877 [Thread-295] INFO  impl.FollowerState (FollowerState.java:run(106)) - aa30552f-ad30-4fe7-9018-411c04218958:group-D2503B277A97 changes to CANDIDATE, lastRpcTime:5075, electionTimeout:5044ms
2019-09-20 08:44:22,883 [Thread-295] INFO  impl.RoleInfo (RoleInfo.java:shutdownFollowerState(121)) - aa30552f-ad30-4fe7-9018-411c04218958: shutdown FollowerState
2019-09-20 08:44:22,884 [Thread-295] INFO  impl.RaftServerImpl (RaftServerImpl.java:setRole(171)) - aa30552f-ad30-4fe7-9018-411c04218958:group-D2503B277A97 changes role from FOLLOWER to CANDIDATE at term 0 for changeToCandidate
2019-09-20 08:44:22,884 [Thread-295] INFO  impl.RoleInfo (RoleInfo.java:updateAndGet(143)) - aa30552f-ad30-4fe7-9018-411c04218958: start LeaderElection
2019-09-20 08:44:22,904 [aa30552f-ad30-4fe7-9018-411c04218958-SegmentedRaftLogWorker:Storage Directory /workdir/hadoop-ozone/ozonefs/target/test-dir/MiniOzoneClusterImpl-84b7649f-0e5d-4ae2-b324-047deb1fece8/datanode-4/data/ratis/5096085c-79a1-49ed-8ac6-973a3080fdd1] INFO  segmented.SegmentedRaftLogWorker (SegmentedRaftLogWorker.java:execute(569)) - aa30552f-ad30-4fe7-9018-411c04218958-SegmentedRaftLogWorker:Storage Directory /workdir/hadoop-ozone/ozonefs/target/test-dir/MiniOzoneClusterImpl-84b7649f-0e5d-4ae2-b324-047deb1fece8/datanode-4/data/ratis/5096085c-79a1-49ed-8ac6-973a3080fdd1: created new log segment /workdir/hadoop-ozone/ozonefs/target/test-dir/MiniOzoneClusterImpl-84b7649f-0e5d-4ae2-b324-047deb1fece8/datanode-4/data/ratis/5096085c-79a1-49ed-8ac6-973a3080fdd1/current/log_inprogress_0
2019-09-20 08:44:22,904 [aa30552f-ad30-4fe7-9018-411c04218958:group-D2503B277A97:LeaderElection21] INFO  impl.LeaderElection (LeaderElection.java:askForVotes(181)) - aa30552f-ad30-4fe7-9018-411c04218958:group-D2503B277A97:LeaderElection21: begin an election at term 1 for -1: [aa30552f-ad30-4fe7-9018-411c04218958:192.168.36.79:43863], old=null
2019-09-20 08:44:22,905 [aa30552f-ad30-4fe7-9018-411c04218958:group-D2503B277A97:LeaderElection21] INFO  impl.RoleInfo (RoleInfo.java:shutdownLeaderElection(134)) - aa30552f-ad30-4fe7-9018-411c04218958: shutdown LeaderElection
2019-09-20 08:44:22,905 [aa30552f-ad30-4fe7-9018-411c04218958:group-D2503B277A97:LeaderElection21] INFO  impl.RaftServerImpl (RaftServerImpl.java:setRole(171)) - aa30552f-ad30-4fe7-9018-411c04218958:group-D2503B277A97 changes role from CANDIDATE to LEADER at term 1 for changeToLeader
2019-09-20 08:44:22,905 [aa30552f-ad30-4fe7-9018-411c04218958:group-D2503B277A97:LeaderElection21] INFO  impl.RaftServerImpl (ServerState.java:setLeader(263)) - aa30552f-ad30-4fe7-9018-411c04218958:group-D2503B277A97 change Leader from null to aa30552f-ad30-4fe7-9018-411c04218958 at term 1 for becomeLeader, leader elected after 5107ms
2019-09-20 08:44:22,905 [aa30552f-ad30-4fe7-9018-411c04218958:group-D2503B277A97:LeaderElection21] INFO  server.RaftServerConfigKeys (ConfUtils.java:logGet(43)) - raft.server.staging.catchup.gap = 1000 (default)
2019-09-20 08:44:22,906 [aa30552f-ad30-4fe7-9018-411c04218958:group-D2503B277A97:LeaderElection21] INFO  server.RaftServerConfigKeys (ConfUtils.java:logGet(43)) - raft.server.rpc.sleep.time = 25ms (default)
2019-09-20 08:44:22,906 [aa30552f-ad30-4fe7-9018-411c04218958:group-D2503B277A97:LeaderElection21] INFO  server.RaftServerConfigKeys (ConfUtils.java:logGet(43)) - raft.server.write.element-limit = 4096 (default)
2019-09-20 08:44:22,906 [aa30552f-ad30-4fe7-9018-411c04218958:group-D2503B277A97:LeaderElection21] INFO  server.RaftServerConfigKeys (ConfUtils.java:logGet(43)) - raft.server.watch.timeout = 10s (default)
2019-09-20 08:44:22,906 [aa30552f-ad30-4fe7-9018-411c04218958:group-D2503B277A97:LeaderElection21] INFO  server.RaftServerConfigKeys (ConfUtils.java:logGet(43)) - raft.server.watch.timeout.denomination = 1s (default)
2019-09-20 08:44:22,906 [aa30552f-ad30-4fe7-9018-411c04218958:group-D2503B277A97:LeaderElection21] INFO  server.RaftServerConfigKeys (ConfUtils.java:logGet(43)) - raft.server.watch.element-limit = 65536 (default)
2019-09-20 08:44:22,907 [aa30552f-ad30-4fe7-9018-411c04218958:group-D2503B277A97:LeaderElection21] INFO  impl.RoleInfo (RoleInfo.java:updateAndGet(143)) - aa30552f-ad30-4fe7-9018-411c04218958: start LeaderState
2019-09-20 08:44:22,907 [aa30552f-ad30-4fe7-9018-411c04218958:group-D2503B277A97:LeaderElection21] INFO  segmented.SegmentedRaftLogWorker (SegmentedRaftLogWorker.java:startLogSegment(380)) - aa30552f-ad30-4fe7-9018-411c04218958-SegmentedRaftLogWorker:Storage Directory /workdir/hadoop-ozone/ozonefs/target/test-dir/MiniOzoneClusterImpl-84b7649f-0e5d-4ae2-b324-047deb1fece8/datanode-4/data/ratis/157af384-4b28-4e89-8a13-d2503b277a97: Starting segment from index:0
2019-09-20 08:44:22,908 [aa30552f-ad30-4fe7-9018-411c04218958:group-D2503B277A97:LeaderElection21] INFO  impl.RaftServerImpl (ServerState.java:setRaftConf(361)) - aa30552f-ad30-4fe7-9018-411c04218958:group-D2503B277A97 set configuration 0: [aa30552f-ad30-4fe7-9018-411c04218958:192.168.36.79:43863], old=null at 0
2019-09-20 08:44:22,963 [aa30552f-ad30-4fe7-9018-411c04218958-SegmentedRaftLogWorker:Storage Directory /workdir/hadoop-ozone/ozonefs/target/test-dir/MiniOzoneClusterImpl-84b7649f-0e5d-4ae2-b324-047deb1fece8/datanode-4/data/ratis/157af384-4b28-4e89-8a13-d2503b277a97] INFO  segmented.SegmentedRaftLogWorker (SegmentedRaftLogWorker.java:execute(569)) - aa30552f-ad30-4fe7-9018-411c04218958-SegmentedRaftLogWorker:Storage Directory /workdir/hadoop-ozone/ozonefs/target/test-dir/MiniOzoneClusterImpl-84b7649f-0e5d-4ae2-b324-047deb1fece8/datanode-4/data/ratis/157af384-4b28-4e89-8a13-d2503b277a97: created new log segment /workdir/hadoop-ozone/ozonefs/target/test-dir/MiniOzoneClusterImpl-84b7649f-0e5d-4ae2-b324-047deb1fece8/datanode-4/data/ratis/157af384-4b28-4e89-8a13-d2503b277a97/current/log_inprogress_0
2019-09-20 08:44:22,967 | INFO  | SCMAudit | user=jenkins1000 | ip=192.168.36.79 | op=SEND_HEARTBEAT {datanodeUUID=9123b815-6bfa-48f7-ade2-b84cdc033afa, command=[]} | ret=SUCCESS |  
2019-09-20 08:44:23,023 [Thread-308] INFO  impl.FollowerState (FollowerState.java:run(106)) - a4a73c82-9756-45ac-afed-7299ac804f25:group-7C0284D0CEFB changes to CANDIDATE, lastRpcTime:5046, electionTimeout:5046ms
2019-09-20 08:44:23,024 [Thread-308] INFO  impl.RoleInfo (RoleInfo.java:shutdownFollowerState(121)) - a4a73c82-9756-45ac-afed-7299ac804f25: shutdown FollowerState
2019-09-20 08:44:23,024 [Thread-308] INFO  impl.RaftServerImpl (RaftServerImpl.java:setRole(171)) - a4a73c82-9756-45ac-afed-7299ac804f25:group-7C0284D0CEFB changes role from FOLLOWER to CANDIDATE at term 0 for changeToCandidate
2019-09-20 08:44:23,024 [Thread-308] INFO  impl.RoleInfo (RoleInfo.java:updateAndGet(143)) - a4a73c82-9756-45ac-afed-7299ac804f25: start LeaderElection
2019-09-20 08:44:23,044 [Thread-302] INFO  impl.FollowerState (FollowerState.java:run(106)) - a4a73c82-9756-45ac-afed-7299ac804f25:group-DA6A3B92B5C4 changes to CANDIDATE, lastRpcTime:5172, electionTimeout:5172ms
2019-09-20 08:44:23,044 [Thread-302] INFO  impl.RoleInfo (RoleInfo.java:shutdownFollowerState(121)) - a4a73c82-9756-45ac-afed-7299ac804f25: shutdown FollowerState
2019-09-20 08:44:23,044 [Thread-302] INFO  impl.RaftServerImpl (RaftServerImpl.java:setRole(171)) - a4a73c82-9756-45ac-afed-7299ac804f25:group-DA6A3B92B5C4 changes role from FOLLOWER to CANDIDATE at term 0 for changeToCandidate
2019-09-20 08:44:23,044 [Thread-302] INFO  impl.RoleInfo (RoleInfo.java:updateAndGet(143)) - a4a73c82-9756-45ac-afed-7299ac804f25: start LeaderElection
2019-09-20 08:44:23,047 [a4a73c82-9756-45ac-afed-7299ac804f25:group-7C0284D0CEFB:LeaderElection22] INFO  impl.LeaderElection (LeaderElection.java:askForVotes(181)) - a4a73c82-9756-45ac-afed-7299ac804f25:group-7C0284D0CEFB:LeaderElection22: begin an election at term 1 for -1: [a4a73c82-9756-45ac-afed-7299ac804f25:192.168.36.79:38495], old=null
2019-09-20 08:44:23,047 [a4a73c82-9756-45ac-afed-7299ac804f25:group-7C0284D0CEFB:LeaderElection22] INFO  impl.RoleInfo (RoleInfo.java:shutdownLeaderElection(134)) - a4a73c82-9756-45ac-afed-7299ac804f25: shutdown LeaderElection
2019-09-20 08:44:23,047 [a4a73c82-9756-45ac-afed-7299ac804f25:group-7C0284D0CEFB:LeaderElection22] INFO  impl.RaftServerImpl (RaftServerImpl.java:setRole(171)) - a4a73c82-9756-45ac-afed-7299ac804f25:group-7C0284D0CEFB changes role from CANDIDATE to LEADER at term 1 for changeToLeader
2019-09-20 08:44:23,047 [a4a73c82-9756-45ac-afed-7299ac804f25:group-7C0284D0CEFB:LeaderElection22] INFO  impl.RaftServerImpl (ServerState.java:setLeader(263)) - a4a73c82-9756-45ac-afed-7299ac804f25:group-7C0284D0CEFB change Leader from null to a4a73c82-9756-45ac-afed-7299ac804f25 at term 1 for becomeLeader, leader elected after 5075ms
2019-09-20 08:44:23,048 [a4a73c82-9756-45ac-afed-7299ac804f25:group-7C0284D0CEFB:LeaderElection22] INFO  server.RaftServerConfigKeys (ConfUtils.java:logGet(43)) - raft.server.staging.catchup.gap = 1000 (default)
2019-09-20 08:44:23,048 [a4a73c82-9756-45ac-afed-7299ac804f25:group-7C0284D0CEFB:LeaderElection22] INFO  server.RaftServerConfigKeys (ConfUtils.java:logGet(43)) - raft.server.rpc.sleep.time = 25ms (default)
2019-09-20 08:44:23,048 [a4a73c82-9756-45ac-afed-7299ac804f25:group-7C0284D0CEFB:LeaderElection22] INFO  server.RaftServerConfigKeys (ConfUtils.java:logGet(43)) - raft.server.write.element-limit = 4096 (default)
2019-09-20 08:44:23,048 [a4a73c82-9756-45ac-afed-7299ac804f25:group-7C0284D0CEFB:LeaderElection22] INFO  server.RaftServerConfigKeys (ConfUtils.java:logGet(43)) - raft.server.watch.timeout = 10s (default)
2019-09-20 08:44:23,048 [a4a73c82-9756-45ac-afed-7299ac804f25:group-7C0284D0CEFB:LeaderElection22] INFO  server.RaftServerConfigKeys (ConfUtils.java:logGet(43)) - raft.server.watch.timeout.denomination = 1s (default)
2019-09-20 08:44:23,049 [a4a73c82-9756-45ac-afed-7299ac804f25:group-7C0284D0CEFB:LeaderElection22] INFO  server.RaftServerConfigKeys (ConfUtils.java:logGet(43)) - raft.server.watch.element-limit = 65536 (default)
2019-09-20 08:44:23,049 [a4a73c82-9756-45ac-afed-7299ac804f25:group-7C0284D0CEFB:LeaderElection22] INFO  impl.RoleInfo (RoleInfo.java:updateAndGet(143)) - a4a73c82-9756-45ac-afed-7299ac804f25: start LeaderState
2019-09-20 08:44:23,049 [a4a73c82-9756-45ac-afed-7299ac804f25:group-7C0284D0CEFB:LeaderElection22] INFO  segmented.SegmentedRaftLogWorker (SegmentedRaftLogWorker.java:startLogSegment(380)) - a4a73c82-9756-45ac-afed-7299ac804f25-SegmentedRaftLogWorker:Storage Directory /workdir/hadoop-ozone/ozonefs/target/test-dir/MiniOzoneClusterImpl-84b7649f-0e5d-4ae2-b324-047deb1fece8/datanode-1/data/ratis/2180a398-5b53-46cf-b6e3-7c0284d0cefb: Starting segment from index:0
2019-09-20 08:44:23,050 [a4a73c82-9756-45ac-afed-7299ac804f25:group-7C0284D0CEFB:LeaderElection22] INFO  impl.RaftServerImpl (ServerState.java:setRaftConf(361)) - a4a73c82-9756-45ac-afed-7299ac804f25:group-7C0284D0CEFB set configuration 0: [a4a73c82-9756-45ac-afed-7299ac804f25:192.168.36.79:38495], old=null at 0
2019-09-20 08:44:23,090 [a4a73c82-9756-45ac-afed-7299ac804f25:group-DA6A3B92B5C4:LeaderElection23] INFO  impl.LeaderElection (LeaderElection.java:askForVotes(181)) - a4a73c82-9756-45ac-afed-7299ac804f25:group-DA6A3B92B5C4:LeaderElection23: begin an election at term 1 for -1: [a4a73c82-9756-45ac-afed-7299ac804f25:192.168.36.79:38495], old=null
2019-09-20 08:44:23,091 [a4a73c82-9756-45ac-afed-7299ac804f25:group-DA6A3B92B5C4:LeaderElection23] INFO  impl.RoleInfo (RoleInfo.java:shutdownLeaderElection(134)) - a4a73c82-9756-45ac-afed-7299ac804f25: shutdown LeaderElection
2019-09-20 08:44:23,091 [a4a73c82-9756-45ac-afed-7299ac804f25:group-DA6A3B92B5C4:LeaderElection23] INFO  impl.RaftServerImpl (RaftServerImpl.java:setRole(171)) - a4a73c82-9756-45ac-afed-7299ac804f25:group-DA6A3B92B5C4 changes role from CANDIDATE to LEADER at term 1 for changeToLeader
2019-09-20 08:44:23,091 [a4a73c82-9756-45ac-afed-7299ac804f25:group-DA6A3B92B5C4:LeaderElection23] INFO  impl.RaftServerImpl (ServerState.java:setLeader(263)) - a4a73c82-9756-45ac-afed-7299ac804f25:group-DA6A3B92B5C4 change Leader from null to a4a73c82-9756-45ac-afed-7299ac804f25 at term 1 for becomeLeader, leader elected after 5226ms
2019-09-20 08:44:23,091 [a4a73c82-9756-45ac-afed-7299ac804f25:group-DA6A3B92B5C4:LeaderElection23] INFO  server.RaftServerConfigKeys (ConfUtils.java:logGet(43)) - raft.server.staging.catchup.gap = 1000 (default)
2019-09-20 08:44:23,092 [a4a73c82-9756-45ac-afed-7299ac804f25:group-DA6A3B92B5C4:LeaderElection23] INFO  server.RaftServerConfigKeys (ConfUtils.java:logGet(43)) - raft.server.rpc.sleep.time = 25ms (default)
2019-09-20 08:44:23,092 [a4a73c82-9756-45ac-afed-7299ac804f25:group-DA6A3B92B5C4:LeaderElection23] INFO  server.RaftServerConfigKeys (ConfUtils.java:logGet(43)) - raft.server.write.element-limit = 4096 (default)
2019-09-20 08:44:23,092 [a4a73c82-9756-45ac-afed-7299ac804f25:group-DA6A3B92B5C4:LeaderElection23] INFO  server.RaftServerConfigKeys (ConfUtils.java:logGet(43)) - raft.server.watch.timeout = 10s (default)
2019-09-20 08:44:23,092 [a4a73c82-9756-45ac-afed-7299ac804f25:group-DA6A3B92B5C4:LeaderElection23] INFO  server.RaftServerConfigKeys (ConfUtils.java:logGet(43)) - raft.server.watch.timeout.denomination = 1s (default)
2019-09-20 08:44:23,093 [a4a73c82-9756-45ac-afed-7299ac804f25:group-DA6A3B92B5C4:LeaderElection23] INFO  server.RaftServerConfigKeys (ConfUtils.java:logGet(43)) - raft.server.watch.element-limit = 65536 (default)
2019-09-20 08:44:23,093 [a4a73c82-9756-45ac-afed-7299ac804f25:group-DA6A3B92B5C4:LeaderElection23] INFO  impl.RoleInfo (RoleInfo.java:updateAndGet(143)) - a4a73c82-9756-45ac-afed-7299ac804f25: start LeaderState
2019-09-20 08:44:23,093 [a4a73c82-9756-45ac-afed-7299ac804f25:group-DA6A3B92B5C4:LeaderElection23] INFO  segmented.SegmentedRaftLogWorker (SegmentedRaftLogWorker.java:startLogSegment(380)) - a4a73c82-9756-45ac-afed-7299ac804f25-SegmentedRaftLogWorker:Storage Directory /workdir/hadoop-ozone/ozonefs/target/test-dir/MiniOzoneClusterImpl-84b7649f-0e5d-4ae2-b324-047deb1fece8/datanode-1/data/ratis/8237acfa-be23-4cc9-8748-da6a3b92b5c4: Starting segment from index:0
2019-09-20 08:44:23,094 [a4a73c82-9756-45ac-afed-7299ac804f25:group-DA6A3B92B5C4:LeaderElection23] INFO  impl.RaftServerImpl (ServerState.java:setRaftConf(361)) - a4a73c82-9756-45ac-afed-7299ac804f25:group-DA6A3B92B5C4 set configuration 0: [a4a73c82-9756-45ac-afed-7299ac804f25:192.168.36.79:38495], old=null at 0
2019-09-20 08:44:23,126 [a4a73c82-9756-45ac-afed-7299ac804f25-SegmentedRaftLogWorker:Storage Directory /workdir/hadoop-ozone/ozonefs/target/test-dir/MiniOzoneClusterImpl-84b7649f-0e5d-4ae2-b324-047deb1fece8/datanode-1/data/ratis/2180a398-5b53-46cf-b6e3-7c0284d0cefb] INFO  segmented.SegmentedRaftLogWorker (SegmentedRaftLogWorker.java:execute(569)) - a4a73c82-9756-45ac-afed-7299ac804f25-SegmentedRaftLogWorker:Storage Directory /workdir/hadoop-ozone/ozonefs/target/test-dir/MiniOzoneClusterImpl-84b7649f-0e5d-4ae2-b324-047deb1fece8/datanode-1/data/ratis/2180a398-5b53-46cf-b6e3-7c0284d0cefb: created new log segment /workdir/hadoop-ozone/ozonefs/target/test-dir/MiniOzoneClusterImpl-84b7649f-0e5d-4ae2-b324-047deb1fece8/datanode-1/data/ratis/2180a398-5b53-46cf-b6e3-7c0284d0cefb/current/log_inprogress_0
2019-09-20 08:44:23,157 [a4a73c82-9756-45ac-afed-7299ac804f25-SegmentedRaftLogWorker:Storage Directory /workdir/hadoop-ozone/ozonefs/target/test-dir/MiniOzoneClusterImpl-84b7649f-0e5d-4ae2-b324-047deb1fece8/datanode-1/data/ratis/8237acfa-be23-4cc9-8748-da6a3b92b5c4] INFO  segmented.SegmentedRaftLogWorker (SegmentedRaftLogWorker.java:execute(569)) - a4a73c82-9756-45ac-afed-7299ac804f25-SegmentedRaftLogWorker:Storage Directory /workdir/hadoop-ozone/ozonefs/target/test-dir/MiniOzoneClusterImpl-84b7649f-0e5d-4ae2-b324-047deb1fece8/datanode-1/data/ratis/8237acfa-be23-4cc9-8748-da6a3b92b5c4: created new log segment /workdir/hadoop-ozone/ozonefs/target/test-dir/MiniOzoneClusterImpl-84b7649f-0e5d-4ae2-b324-047deb1fece8/datanode-1/data/ratis/8237acfa-be23-4cc9-8748-da6a3b92b5c4/current/log_inprogress_0
2019-09-20 08:44:23,167 [Thread-311] INFO  impl.FollowerState (FollowerState.java:run(106)) - 75feff7d-6f48-4002-b580-45a21ea734c6:group-E93AED085ECE changes to CANDIDATE, lastRpcTime:5096, electionTimeout:5096ms
2019-09-20 08:44:23,168 [Thread-311] INFO  impl.RoleInfo (RoleInfo.java:shutdownFollowerState(121)) - 75feff7d-6f48-4002-b580-45a21ea734c6: shutdown FollowerState
2019-09-20 08:44:23,168 [Thread-311] INFO  impl.RaftServerImpl (RaftServerImpl.java:setRole(171)) - 75feff7d-6f48-4002-b580-45a21ea734c6:group-E93AED085ECE changes role from FOLLOWER to CANDIDATE at term 0 for changeToCandidate
2019-09-20 08:44:23,168 [Thread-311] INFO  impl.RoleInfo (RoleInfo.java:updateAndGet(143)) - 75feff7d-6f48-4002-b580-45a21ea734c6: start LeaderElection
2019-09-20 08:44:23,199 [75feff7d-6f48-4002-b580-45a21ea734c6:group-E93AED085ECE:LeaderElection24] INFO  impl.LeaderElection (LeaderElection.java:askForVotes(181)) - 75feff7d-6f48-4002-b580-45a21ea734c6:group-E93AED085ECE:LeaderElection24: begin an election at term 1 for -1: [75feff7d-6f48-4002-b580-45a21ea734c6:192.168.36.79:46393], old=null
2019-09-20 08:44:23,199 [75feff7d-6f48-4002-b580-45a21ea734c6:group-E93AED085ECE:LeaderElection24] INFO  impl.RoleInfo (RoleInfo.java:shutdownLeaderElection(134)) - 75feff7d-6f48-4002-b580-45a21ea734c6: shutdown LeaderElection
2019-09-20 08:44:23,199 [75feff7d-6f48-4002-b580-45a21ea734c6:group-E93AED085ECE:LeaderElection24] INFO  impl.RaftServerImpl (RaftServerImpl.java:setRole(171)) - 75feff7d-6f48-4002-b580-45a21ea734c6:group-E93AED085ECE changes role from CANDIDATE to LEADER at term 1 for changeToLeader
2019-09-20 08:44:23,200 [75feff7d-6f48-4002-b580-45a21ea734c6:group-E93AED085ECE:LeaderElection24] INFO  impl.RaftServerImpl (ServerState.java:setLeader(263)) - 75feff7d-6f48-4002-b580-45a21ea734c6:group-E93AED085ECE change Leader from null to 75feff7d-6f48-4002-b580-45a21ea734c6 at term 1 for becomeLeader, leader elected after 5134ms
2019-09-20 08:44:23,200 [75feff7d-6f48-4002-b580-45a21ea734c6:group-E93AED085ECE:LeaderElection24] INFO  server.RaftServerConfigKeys (ConfUtils.java:logGet(43)) - raft.server.staging.catchup.gap = 1000 (default)
2019-09-20 08:44:23,200 [75feff7d-6f48-4002-b580-45a21ea734c6:group-E93AED085ECE:LeaderElection24] INFO  server.RaftServerConfigKeys (ConfUtils.java:logGet(43)) - raft.server.rpc.sleep.time = 25ms (default)
2019-09-20 08:44:23,200 [75feff7d-6f48-4002-b580-45a21ea734c6:group-E93AED085ECE:LeaderElection24] INFO  server.RaftServerConfigKeys (ConfUtils.java:logGet(43)) - raft.server.write.element-limit = 4096 (default)
2019-09-20 08:44:23,200 [75feff7d-6f48-4002-b580-45a21ea734c6:group-E93AED085ECE:LeaderElection24] INFO  server.RaftServerConfigKeys (ConfUtils.java:logGet(43)) - raft.server.watch.timeout = 10s (default)
2019-09-20 08:44:23,200 [75feff7d-6f48-4002-b580-45a21ea734c6:group-E93AED085ECE:LeaderElection24] INFO  server.RaftServerConfigKeys (ConfUtils.java:logGet(43)) - raft.server.watch.timeout.denomination = 1s (default)
2019-09-20 08:44:23,200 [75feff7d-6f48-4002-b580-45a21ea734c6:group-E93AED085ECE:LeaderElection24] INFO  server.RaftServerConfigKeys (ConfUtils.java:logGet(43)) - raft.server.watch.element-limit = 65536 (default)
2019-09-20 08:44:23,201 [75feff7d-6f48-4002-b580-45a21ea734c6:group-E93AED085ECE:LeaderElection24] INFO  impl.RoleInfo (RoleInfo.java:updateAndGet(143)) - 75feff7d-6f48-4002-b580-45a21ea734c6: start LeaderState
2019-09-20 08:44:23,201 [75feff7d-6f48-4002-b580-45a21ea734c6:group-E93AED085ECE:LeaderElection24] INFO  segmented.SegmentedRaftLogWorker (SegmentedRaftLogWorker.java:startLogSegment(380)) - 75feff7d-6f48-4002-b580-45a21ea734c6-SegmentedRaftLogWorker:Storage Directory /workdir/hadoop-ozone/ozonefs/target/test-dir/MiniOzoneClusterImpl-84b7649f-0e5d-4ae2-b324-047deb1fece8/datanode-3/data/ratis/c3eef1a6-8c29-460d-a721-e93aed085ece: Starting segment from index:0
2019-09-20 08:44:23,201 [75feff7d-6f48-4002-b580-45a21ea734c6:group-E93AED085ECE:LeaderElection24] INFO  impl.RaftServerImpl (ServerState.java:setRaftConf(361)) - 75feff7d-6f48-4002-b580-45a21ea734c6:group-E93AED085ECE set configuration 0: [75feff7d-6f48-4002-b580-45a21ea734c6:192.168.36.79:46393], old=null at 0
2019-09-20 08:44:23,249 [75feff7d-6f48-4002-b580-45a21ea734c6-SegmentedRaftLogWorker:Storage Directory /workdir/hadoop-ozone/ozonefs/target/test-dir/MiniOzoneClusterImpl-84b7649f-0e5d-4ae2-b324-047deb1fece8/datanode-3/data/ratis/c3eef1a6-8c29-460d-a721-e93aed085ece] INFO  segmented.SegmentedRaftLogWorker (SegmentedRaftLogWorker.java:execute(569)) - 75feff7d-6f48-4002-b580-45a21ea734c6-SegmentedRaftLogWorker:Storage Directory /workdir/hadoop-ozone/ozonefs/target/test-dir/MiniOzoneClusterImpl-84b7649f-0e5d-4ae2-b324-047deb1fece8/datanode-3/data/ratis/c3eef1a6-8c29-460d-a721-e93aed085ece: created new log segment /workdir/hadoop-ozone/ozonefs/target/test-dir/MiniOzoneClusterImpl-84b7649f-0e5d-4ae2-b324-047deb1fece8/datanode-3/data/ratis/c3eef1a6-8c29-460d-a721-e93aed085ece/current/log_inprogress_0
2019-09-20 08:44:23,379 [Thread-316] INFO  impl.FollowerState (FollowerState.java:run(106)) - aa30552f-ad30-4fe7-9018-411c04218958:group-000340E80DCB changes to CANDIDATE, lastRpcTime:5193, electionTimeout:5193ms
2019-09-20 08:44:23,379 [Thread-316] INFO  impl.RoleInfo (RoleInfo.java:shutdownFollowerState(121)) - aa30552f-ad30-4fe7-9018-411c04218958: shutdown FollowerState
2019-09-20 08:44:23,380 [Thread-316] INFO  impl.RaftServerImpl (RaftServerImpl.java:setRole(171)) - aa30552f-ad30-4fe7-9018-411c04218958:group-000340E80DCB changes role from FOLLOWER to CANDIDATE at term 0 for changeToCandidate
2019-09-20 08:44:23,380 [Thread-316] INFO  impl.RoleInfo (RoleInfo.java:updateAndGet(143)) - aa30552f-ad30-4fe7-9018-411c04218958: start LeaderElection
2019-09-20 08:44:23,408 [aa30552f-ad30-4fe7-9018-411c04218958:group-000340E80DCB:LeaderElection25] INFO  impl.LeaderElection (LeaderElection.java:askForVotes(181)) - aa30552f-ad30-4fe7-9018-411c04218958:group-000340E80DCB:LeaderElection25: begin an election at term 1 for -1: [aa30552f-ad30-4fe7-9018-411c04218958:192.168.36.79:43863], old=null
2019-09-20 08:44:23,408 [aa30552f-ad30-4fe7-9018-411c04218958:group-000340E80DCB:LeaderElection25] INFO  impl.RoleInfo (RoleInfo.java:shutdownLeaderElection(134)) - aa30552f-ad30-4fe7-9018-411c04218958: shutdown LeaderElection
2019-09-20 08:44:23,408 [aa30552f-ad30-4fe7-9018-411c04218958:group-000340E80DCB:LeaderElection25] INFO  impl.RaftServerImpl (RaftServerImpl.java:setRole(171)) - aa30552f-ad30-4fe7-9018-411c04218958:group-000340E80DCB changes role from CANDIDATE to LEADER at term 1 for changeToLeader
2019-09-20 08:44:23,409 [aa30552f-ad30-4fe7-9018-411c04218958:group-000340E80DCB:LeaderElection25] INFO  impl.RaftServerImpl (ServerState.java:setLeader(263)) - aa30552f-ad30-4fe7-9018-411c04218958:group-000340E80DCB change Leader from null to aa30552f-ad30-4fe7-9018-411c04218958 at term 1 for becomeLeader, leader elected after 5230ms
2019-09-20 08:44:23,409 [aa30552f-ad30-4fe7-9018-411c04218958:group-000340E80DCB:LeaderElection25] INFO  server.RaftServerConfigKeys (ConfUtils.java:logGet(43)) - raft.server.staging.catchup.gap = 1000 (default)
2019-09-20 08:44:23,409 [aa30552f-ad30-4fe7-9018-411c04218958:group-000340E80DCB:LeaderElection25] INFO  server.RaftServerConfigKeys (ConfUtils.java:logGet(43)) - raft.server.rpc.sleep.time = 25ms (default)
2019-09-20 08:44:23,409 [aa30552f-ad30-4fe7-9018-411c04218958:group-000340E80DCB:LeaderElection25] INFO  server.RaftServerConfigKeys (ConfUtils.java:logGet(43)) - raft.server.write.element-limit = 4096 (default)
2019-09-20 08:44:23,409 [aa30552f-ad30-4fe7-9018-411c04218958:group-000340E80DCB:LeaderElection25] INFO  server.RaftServerConfigKeys (ConfUtils.java:logGet(43)) - raft.server.watch.timeout = 10s (default)
2019-09-20 08:44:23,409 [aa30552f-ad30-4fe7-9018-411c04218958:group-000340E80DCB:LeaderElection25] INFO  server.RaftServerConfigKeys (ConfUtils.java:logGet(43)) - raft.server.watch.timeout.denomination = 1s (default)
2019-09-20 08:44:23,410 [aa30552f-ad30-4fe7-9018-411c04218958:group-000340E80DCB:LeaderElection25] INFO  server.RaftServerConfigKeys (ConfUtils.java:logGet(43)) - raft.server.watch.element-limit = 65536 (default)
2019-09-20 08:44:23,410 [aa30552f-ad30-4fe7-9018-411c04218958:group-000340E80DCB:LeaderElection25] INFO  impl.RoleInfo (RoleInfo.java:updateAndGet(143)) - aa30552f-ad30-4fe7-9018-411c04218958: start LeaderState
2019-09-20 08:44:23,410 [aa30552f-ad30-4fe7-9018-411c04218958:group-000340E80DCB:LeaderElection25] INFO  segmented.SegmentedRaftLogWorker (SegmentedRaftLogWorker.java:startLogSegment(380)) - aa30552f-ad30-4fe7-9018-411c04218958-SegmentedRaftLogWorker:Storage Directory /workdir/hadoop-ozone/ozonefs/target/test-dir/MiniOzoneClusterImpl-84b7649f-0e5d-4ae2-b324-047deb1fece8/datanode-4/data/ratis/d8da794e-e8f5-4c73-8153-000340e80dcb: Starting segment from index:0
2019-09-20 08:44:23,411 [aa30552f-ad30-4fe7-9018-411c04218958:group-000340E80DCB:LeaderElection25] INFO  impl.RaftServerImpl (ServerState.java:setRaftConf(361)) - aa30552f-ad30-4fe7-9018-411c04218958:group-000340E80DCB set configuration 0: [aa30552f-ad30-4fe7-9018-411c04218958:192.168.36.79:43863], old=null at 0
2019-09-20 08:44:23,455 | INFO  | SCMAudit | user=jenkins1000 | ip=192.168.36.79 | op=SEND_HEARTBEAT {datanodeUUID=75feff7d-6f48-4002-b580-45a21ea734c6, command=[]} | ret=SUCCESS |  
2019-09-20 08:44:23,467 [aa30552f-ad30-4fe7-9018-411c04218958-SegmentedRaftLogWorker:Storage Directory /workdir/hadoop-ozone/ozonefs/target/test-dir/MiniOzoneClusterImpl-84b7649f-0e5d-4ae2-b324-047deb1fece8/datanode-4/data/ratis/d8da794e-e8f5-4c73-8153-000340e80dcb] INFO  segmented.SegmentedRaftLogWorker (SegmentedRaftLogWorker.java:execute(569)) - aa30552f-ad30-4fe7-9018-411c04218958-SegmentedRaftLogWorker:Storage Directory /workdir/hadoop-ozone/ozonefs/target/test-dir/MiniOzoneClusterImpl-84b7649f-0e5d-4ae2-b324-047deb1fece8/datanode-4/data/ratis/d8da794e-e8f5-4c73-8153-000340e80dcb: created new log segment /workdir/hadoop-ozone/ozonefs/target/test-dir/MiniOzoneClusterImpl-84b7649f-0e5d-4ae2-b324-047deb1fece8/datanode-4/data/ratis/d8da794e-e8f5-4c73-8153-000340e80dcb/current/log_inprogress_0
2019-09-20 08:44:23,473 | INFO  | SCMAudit | user=jenkins1000 | ip=192.168.36.79 | op=SEND_HEARTBEAT {datanodeUUID=b892e876-f5ae-410a-9dfd-4f07fd940729, command=[]} | ret=SUCCESS |  
2019-09-20 08:44:23,483 | INFO  | SCMAudit | user=jenkins1000 | ip=192.168.36.79 | op=SEND_HEARTBEAT {datanodeUUID=aa30552f-ad30-4fe7-9018-411c04218958, command=[]} | ret=SUCCESS |  
2019-09-20 08:44:23,510 [Thread-329] INFO  impl.FollowerState (FollowerState.java:run(106)) - aa30552f-ad30-4fe7-9018-411c04218958:group-6442D5EB9254 changes to CANDIDATE, lastRpcTime:5193, electionTimeout:5193ms
2019-09-20 08:44:23,510 [Thread-329] INFO  impl.RoleInfo (RoleInfo.java:shutdownFollowerState(121)) - aa30552f-ad30-4fe7-9018-411c04218958: shutdown FollowerState
2019-09-20 08:44:23,510 [Thread-329] INFO  impl.RaftServerImpl (RaftServerImpl.java:setRole(171)) - aa30552f-ad30-4fe7-9018-411c04218958:group-6442D5EB9254 changes role from FOLLOWER to CANDIDATE at term 0 for changeToCandidate
2019-09-20 08:44:23,511 [Thread-329] INFO  impl.RoleInfo (RoleInfo.java:updateAndGet(143)) - aa30552f-ad30-4fe7-9018-411c04218958: start LeaderElection
2019-09-20 08:44:23,534 [aa30552f-ad30-4fe7-9018-411c04218958:group-6442D5EB9254:LeaderElection26] INFO  impl.LeaderElection (LeaderElection.java:askForVotes(181)) - aa30552f-ad30-4fe7-9018-411c04218958:group-6442D5EB9254:LeaderElection26: begin an election at term 1 for -1: [aa30552f-ad30-4fe7-9018-411c04218958:192.168.36.79:43863], old=null
2019-09-20 08:44:23,534 [aa30552f-ad30-4fe7-9018-411c04218958:group-6442D5EB9254:LeaderElection26] INFO  impl.RoleInfo (RoleInfo.java:shutdownLeaderElection(134)) - aa30552f-ad30-4fe7-9018-411c04218958: shutdown LeaderElection
2019-09-20 08:44:23,534 [aa30552f-ad30-4fe7-9018-411c04218958:group-6442D5EB9254:LeaderElection26] INFO  impl.RaftServerImpl (RaftServerImpl.java:setRole(171)) - aa30552f-ad30-4fe7-9018-411c04218958:group-6442D5EB9254 changes role from CANDIDATE to LEADER at term 1 for changeToLeader
2019-09-20 08:44:23,534 [aa30552f-ad30-4fe7-9018-411c04218958:group-6442D5EB9254:LeaderElection26] INFO  impl.RaftServerImpl (ServerState.java:setLeader(263)) - aa30552f-ad30-4fe7-9018-411c04218958:group-6442D5EB9254 change Leader from null to aa30552f-ad30-4fe7-9018-411c04218958 at term 1 for becomeLeader, leader elected after 5223ms
2019-09-20 08:44:23,535 [aa30552f-ad30-4fe7-9018-411c04218958:group-6442D5EB9254:LeaderElection26] INFO  server.RaftServerConfigKeys (ConfUtils.java:logGet(43)) - raft.server.staging.catchup.gap = 1000 (default)
2019-09-20 08:44:23,535 [aa30552f-ad30-4fe7-9018-411c04218958:group-6442D5EB9254:LeaderElection26] INFO  server.RaftServerConfigKeys (ConfUtils.java:logGet(43)) - raft.server.rpc.sleep.time = 25ms (default)
2019-09-20 08:44:23,535 [aa30552f-ad30-4fe7-9018-411c04218958:group-6442D5EB9254:LeaderElection26] INFO  server.RaftServerConfigKeys (ConfUtils.java:logGet(43)) - raft.server.write.element-limit = 4096 (default)
2019-09-20 08:44:23,535 [aa30552f-ad30-4fe7-9018-411c04218958:group-6442D5EB9254:LeaderElection26] INFO  server.RaftServerConfigKeys (ConfUtils.java:logGet(43)) - raft.server.watch.timeout = 10s (default)
2019-09-20 08:44:23,536 [aa30552f-ad30-4fe7-9018-411c04218958:group-6442D5EB9254:LeaderElection26] INFO  server.RaftServerConfigKeys (ConfUtils.java:logGet(43)) - raft.server.watch.timeout.denomination = 1s (default)
2019-09-20 08:44:23,536 [aa30552f-ad30-4fe7-9018-411c04218958:group-6442D5EB9254:LeaderElection26] INFO  server.RaftServerConfigKeys (ConfUtils.java:logGet(43)) - raft.server.watch.element-limit = 65536 (default)
2019-09-20 08:44:23,536 [aa30552f-ad30-4fe7-9018-411c04218958:group-6442D5EB9254:LeaderElection26] INFO  impl.RoleInfo (RoleInfo.java:updateAndGet(143)) - aa30552f-ad30-4fe7-9018-411c04218958: start LeaderState
2019-09-20 08:44:23,536 [aa30552f-ad30-4fe7-9018-411c04218958:group-6442D5EB9254:LeaderElection26] INFO  segmented.SegmentedRaftLogWorker (SegmentedRaftLogWorker.java:startLogSegment(380)) - aa30552f-ad30-4fe7-9018-411c04218958-SegmentedRaftLogWorker:Storage Directory /workdir/hadoop-ozone/ozonefs/target/test-dir/MiniOzoneClusterImpl-84b7649f-0e5d-4ae2-b324-047deb1fece8/datanode-4/data/ratis/97bc5aaf-07b3-479a-84fd-6442d5eb9254: Starting segment from index:0
2019-09-20 08:44:23,537 [aa30552f-ad30-4fe7-9018-411c04218958:group-6442D5EB9254:LeaderElection26] INFO  impl.RaftServerImpl (ServerState.java:setRaftConf(361)) - aa30552f-ad30-4fe7-9018-411c04218958:group-6442D5EB9254 set configuration 0: [aa30552f-ad30-4fe7-9018-411c04218958:192.168.36.79:43863], old=null at 0
2019-09-20 08:44:23,566 [Thread-345] INFO  impl.FollowerState (FollowerState.java:run(106)) - aa30552f-ad30-4fe7-9018-411c04218958:group-BC5F22659251 changes to CANDIDATE, lastRpcTime:5091, electionTimeout:5090ms
2019-09-20 08:44:23,567 [Thread-345] INFO  impl.RoleInfo (RoleInfo.java:shutdownFollowerState(121)) - aa30552f-ad30-4fe7-9018-411c04218958: shutdown FollowerState
2019-09-20 08:44:23,567 [Thread-345] INFO  impl.RaftServerImpl (RaftServerImpl.java:setRole(171)) - aa30552f-ad30-4fe7-9018-411c04218958:group-BC5F22659251 changes role from FOLLOWER to CANDIDATE at term 0 for changeToCandidate
2019-09-20 08:44:23,567 [Thread-345] INFO  impl.RoleInfo (RoleInfo.java:updateAndGet(143)) - aa30552f-ad30-4fe7-9018-411c04218958: start LeaderElection
2019-09-20 08:44:23,584 [aa30552f-ad30-4fe7-9018-411c04218958-SegmentedRaftLogWorker:Storage Directory /workdir/hadoop-ozone/ozonefs/target/test-dir/MiniOzoneClusterImpl-84b7649f-0e5d-4ae2-b324-047deb1fece8/datanode-4/data/ratis/97bc5aaf-07b3-479a-84fd-6442d5eb9254] INFO  segmented.SegmentedRaftLogWorker (SegmentedRaftLogWorker.java:execute(569)) - aa30552f-ad30-4fe7-9018-411c04218958-SegmentedRaftLogWorker:Storage Directory /workdir/hadoop-ozone/ozonefs/target/test-dir/MiniOzoneClusterImpl-84b7649f-0e5d-4ae2-b324-047deb1fece8/datanode-4/data/ratis/97bc5aaf-07b3-479a-84fd-6442d5eb9254: created new log segment /workdir/hadoop-ozone/ozonefs/target/test-dir/MiniOzoneClusterImpl-84b7649f-0e5d-4ae2-b324-047deb1fece8/datanode-4/data/ratis/97bc5aaf-07b3-479a-84fd-6442d5eb9254/current/log_inprogress_0
2019-09-20 08:44:23,584 [aa30552f-ad30-4fe7-9018-411c04218958:group-BC5F22659251:LeaderElection27] INFO  impl.LeaderElection (LeaderElection.java:askForVotes(181)) - aa30552f-ad30-4fe7-9018-411c04218958:group-BC5F22659251:LeaderElection27: begin an election at term 1 for -1: [aa30552f-ad30-4fe7-9018-411c04218958:192.168.36.79:43863], old=null
2019-09-20 08:44:23,585 [aa30552f-ad30-4fe7-9018-411c04218958:group-BC5F22659251:LeaderElection27] INFO  impl.RoleInfo (RoleInfo.java:shutdownLeaderElection(134)) - aa30552f-ad30-4fe7-9018-411c04218958: shutdown LeaderElection
2019-09-20 08:44:23,585 [aa30552f-ad30-4fe7-9018-411c04218958:group-BC5F22659251:LeaderElection27] INFO  impl.RaftServerImpl (RaftServerImpl.java:setRole(171)) - aa30552f-ad30-4fe7-9018-411c04218958:group-BC5F22659251 changes role from CANDIDATE to LEADER at term 1 for changeToLeader
2019-09-20 08:44:23,585 [aa30552f-ad30-4fe7-9018-411c04218958:group-BC5F22659251:LeaderElection27] INFO  impl.RaftServerImpl (ServerState.java:setLeader(263)) - aa30552f-ad30-4fe7-9018-411c04218958:group-BC5F22659251 change Leader from null to aa30552f-ad30-4fe7-9018-411c04218958 at term 1 for becomeLeader, leader elected after 5117ms
2019-09-20 08:44:23,585 [aa30552f-ad30-4fe7-9018-411c04218958:group-BC5F22659251:LeaderElection27] INFO  server.RaftServerConfigKeys (ConfUtils.java:logGet(43)) - raft.server.staging.catchup.gap = 1000 (default)
2019-09-20 08:44:23,585 [aa30552f-ad30-4fe7-9018-411c04218958:group-BC5F22659251:LeaderElection27] INFO  server.RaftServerConfigKeys (ConfUtils.java:logGet(43)) - raft.server.rpc.sleep.time = 25ms (default)
2019-09-20 08:44:23,586 [aa30552f-ad30-4fe7-9018-411c04218958:group-BC5F22659251:LeaderElection27] INFO  server.RaftServerConfigKeys (ConfUtils.java:logGet(43)) - raft.server.write.element-limit = 4096 (default)
2019-09-20 08:44:23,586 [aa30552f-ad30-4fe7-9018-411c04218958:group-BC5F22659251:LeaderElection27] INFO  server.RaftServerConfigKeys (ConfUtils.java:logGet(43)) - raft.server.watch.timeout = 10s (default)
2019-09-20 08:44:23,586 [aa30552f-ad30-4fe7-9018-411c04218958:group-BC5F22659251:LeaderElection27] INFO  server.RaftServerConfigKeys (ConfUtils.java:logGet(43)) - raft.server.watch.timeout.denomination = 1s (default)
2019-09-20 08:44:23,586 [aa30552f-ad30-4fe7-9018-411c04218958:group-BC5F22659251:LeaderElection27] INFO  server.RaftServerConfigKeys (ConfUtils.java:logGet(43)) - raft.server.watch.element-limit = 65536 (default)
2019-09-20 08:44:23,586 [aa30552f-ad30-4fe7-9018-411c04218958:group-BC5F22659251:LeaderElection27] INFO  impl.RoleInfo (RoleInfo.java:updateAndGet(143)) - aa30552f-ad30-4fe7-9018-411c04218958: start LeaderState
2019-09-20 08:44:23,587 [aa30552f-ad30-4fe7-9018-411c04218958:group-BC5F22659251:LeaderElection27] INFO  segmented.SegmentedRaftLogWorker (SegmentedRaftLogWorker.java:startLogSegment(380)) - aa30552f-ad30-4fe7-9018-411c04218958-SegmentedRaftLogWorker:Storage Directory /workdir/hadoop-ozone/ozonefs/target/test-dir/MiniOzoneClusterImpl-84b7649f-0e5d-4ae2-b324-047deb1fece8/datanode-4/data/ratis/9975437a-005d-4de9-8c93-bc5f22659251: Starting segment from index:0
2019-09-20 08:44:23,587 [aa30552f-ad30-4fe7-9018-411c04218958:group-BC5F22659251:LeaderElection27] INFO  impl.RaftServerImpl (ServerState.java:setRaftConf(361)) - aa30552f-ad30-4fe7-9018-411c04218958:group-BC5F22659251 set configuration 0: [aa30552f-ad30-4fe7-9018-411c04218958:192.168.36.79:43863], old=null at 0
2019-09-20 08:44:23,619 [Thread-338] INFO  impl.FollowerState (FollowerState.java:run(106)) - aa30552f-ad30-4fe7-9018-411c04218958:group-BCCBA320C189 changes to CANDIDATE, lastRpcTime:5217, electionTimeout:5187ms
2019-09-20 08:44:23,620 [Thread-338] INFO  impl.RoleInfo (RoleInfo.java:shutdownFollowerState(121)) - aa30552f-ad30-4fe7-9018-411c04218958: shutdown FollowerState
2019-09-20 08:44:23,620 [Thread-338] INFO  impl.RaftServerImpl (RaftServerImpl.java:setRole(171)) - aa30552f-ad30-4fe7-9018-411c04218958:group-BCCBA320C189 changes role from FOLLOWER to CANDIDATE at term 0 for changeToCandidate
2019-09-20 08:44:23,620 [Thread-338] INFO  impl.RoleInfo (RoleInfo.java:updateAndGet(143)) - aa30552f-ad30-4fe7-9018-411c04218958: start LeaderElection
2019-09-20 08:44:23,668 [aa30552f-ad30-4fe7-9018-411c04218958-SegmentedRaftLogWorker:Storage Directory /workdir/hadoop-ozone/ozonefs/target/test-dir/MiniOzoneClusterImpl-84b7649f-0e5d-4ae2-b324-047deb1fece8/datanode-4/data/ratis/9975437a-005d-4de9-8c93-bc5f22659251] INFO  segmented.SegmentedRaftLogWorker (SegmentedRaftLogWorker.java:execute(569)) - aa30552f-ad30-4fe7-9018-411c04218958-SegmentedRaftLogWorker:Storage Directory /workdir/hadoop-ozone/ozonefs/target/test-dir/MiniOzoneClusterImpl-84b7649f-0e5d-4ae2-b324-047deb1fece8/datanode-4/data/ratis/9975437a-005d-4de9-8c93-bc5f22659251: created new log segment /workdir/hadoop-ozone/ozonefs/target/test-dir/MiniOzoneClusterImpl-84b7649f-0e5d-4ae2-b324-047deb1fece8/datanode-4/data/ratis/9975437a-005d-4de9-8c93-bc5f22659251/current/log_inprogress_0
2019-09-20 08:44:23,668 [aa30552f-ad30-4fe7-9018-411c04218958:group-BCCBA320C189:LeaderElection28] INFO  impl.LeaderElection (LeaderElection.java:askForVotes(181)) - aa30552f-ad30-4fe7-9018-411c04218958:group-BCCBA320C189:LeaderElection28: begin an election at term 1 for -1: [aa30552f-ad30-4fe7-9018-411c04218958:192.168.36.79:43863], old=null
2019-09-20 08:44:23,668 [aa30552f-ad30-4fe7-9018-411c04218958:group-BCCBA320C189:LeaderElection28] INFO  impl.RoleInfo (RoleInfo.java:shutdownLeaderElection(134)) - aa30552f-ad30-4fe7-9018-411c04218958: shutdown LeaderElection
2019-09-20 08:44:23,669 [aa30552f-ad30-4fe7-9018-411c04218958:group-BCCBA320C189:LeaderElection28] INFO  impl.RaftServerImpl (RaftServerImpl.java:setRole(171)) - aa30552f-ad30-4fe7-9018-411c04218958:group-BCCBA320C189 changes role from CANDIDATE to LEADER at term 1 for changeToLeader
2019-09-20 08:44:23,669 [aa30552f-ad30-4fe7-9018-411c04218958:group-BCCBA320C189:LeaderElection28] INFO  impl.RaftServerImpl (ServerState.java:setLeader(263)) - aa30552f-ad30-4fe7-9018-411c04218958:group-BCCBA320C189 change Leader from null to aa30552f-ad30-4fe7-9018-411c04218958 at term 1 for becomeLeader, leader elected after 5272ms
2019-09-20 08:44:23,669 [aa30552f-ad30-4fe7-9018-411c04218958:group-BCCBA320C189:LeaderElection28] INFO  server.RaftServerConfigKeys (ConfUtils.java:logGet(43)) - raft.server.staging.catchup.gap = 1000 (default)
2019-09-20 08:44:23,669 [aa30552f-ad30-4fe7-9018-411c04218958:group-BCCBA320C189:LeaderElection28] INFO  server.RaftServerConfigKeys (ConfUtils.java:logGet(43)) - raft.server.rpc.sleep.time = 25ms (default)
2019-09-20 08:44:23,669 [aa30552f-ad30-4fe7-9018-411c04218958:group-BCCBA320C189:LeaderElection28] INFO  server.RaftServerConfigKeys (ConfUtils.java:logGet(43)) - raft.server.write.element-limit = 4096 (default)
2019-09-20 08:44:23,669 [aa30552f-ad30-4fe7-9018-411c04218958:group-BCCBA320C189:LeaderElection28] INFO  server.RaftServerConfigKeys (ConfUtils.java:logGet(43)) - raft.server.watch.timeout = 10s (default)
2019-09-20 08:44:23,670 [aa30552f-ad30-4fe7-9018-411c04218958:group-BCCBA320C189:LeaderElection28] INFO  server.RaftServerConfigKeys (ConfUtils.java:logGet(43)) - raft.server.watch.timeout.denomination = 1s (default)
2019-09-20 08:44:23,670 [aa30552f-ad30-4fe7-9018-411c04218958:group-BCCBA320C189:LeaderElection28] INFO  server.RaftServerConfigKeys (ConfUtils.java:logGet(43)) - raft.server.watch.element-limit = 65536 (default)
2019-09-20 08:44:23,670 [aa30552f-ad30-4fe7-9018-411c04218958:group-BCCBA320C189:LeaderElection28] INFO  impl.RoleInfo (RoleInfo.java:updateAndGet(143)) - aa30552f-ad30-4fe7-9018-411c04218958: start LeaderState
2019-09-20 08:44:23,670 [aa30552f-ad30-4fe7-9018-411c04218958:group-BCCBA320C189:LeaderElection28] INFO  segmented.SegmentedRaftLogWorker (SegmentedRaftLogWorker.java:startLogSegment(380)) - aa30552f-ad30-4fe7-9018-411c04218958-SegmentedRaftLogWorker:Storage Directory /workdir/hadoop-ozone/ozonefs/target/test-dir/MiniOzoneClusterImpl-84b7649f-0e5d-4ae2-b324-047deb1fece8/datanode-4/data/ratis/46ab8ed9-53dd-4537-8c99-bccba320c189: Starting segment from index:0
2019-09-20 08:44:23,671 [aa30552f-ad30-4fe7-9018-411c04218958:group-BCCBA320C189:LeaderElection28] INFO  impl.RaftServerImpl (ServerState.java:setRaftConf(361)) - aa30552f-ad30-4fe7-9018-411c04218958:group-BCCBA320C189 set configuration 0: [aa30552f-ad30-4fe7-9018-411c04218958:192.168.36.79:43863], old=null at 0
2019-09-20 08:44:23,708 [Thread-361] INFO  impl.FollowerState (FollowerState.java:run(106)) - 75feff7d-6f48-4002-b580-45a21ea734c6:group-992C195CD1B0 changes to CANDIDATE, lastRpcTime:5131, electionTimeout:5101ms
2019-09-20 08:44:23,708 [Thread-361] INFO  impl.RoleInfo (RoleInfo.java:shutdownFollowerState(121)) - 75feff7d-6f48-4002-b580-45a21ea734c6: shutdown FollowerState
2019-09-20 08:44:23,708 [Thread-361] INFO  impl.RaftServerImpl (RaftServerImpl.java:setRole(171)) - 75feff7d-6f48-4002-b580-45a21ea734c6:group-992C195CD1B0 changes role from FOLLOWER to CANDIDATE at term 0 for changeToCandidate
2019-09-20 08:44:23,708 [Thread-361] INFO  impl.RoleInfo (RoleInfo.java:updateAndGet(143)) - 75feff7d-6f48-4002-b580-45a21ea734c6: start LeaderElection
2019-09-20 08:44:23,721 | INFO  | SCMAudit | user=jenkins1000 | ip=192.168.36.79 | op=SEND_HEARTBEAT {datanodeUUID=a4a73c82-9756-45ac-afed-7299ac804f25, command=[]} | ret=SUCCESS |  
2019-09-20 08:44:23,727 [aa30552f-ad30-4fe7-9018-411c04218958-SegmentedRaftLogWorker:Storage Directory /workdir/hadoop-ozone/ozonefs/target/test-dir/MiniOzoneClusterImpl-84b7649f-0e5d-4ae2-b324-047deb1fece8/datanode-4/data/ratis/46ab8ed9-53dd-4537-8c99-bccba320c189] INFO  segmented.SegmentedRaftLogWorker (SegmentedRaftLogWorker.java:execute(569)) - aa30552f-ad30-4fe7-9018-411c04218958-SegmentedRaftLogWorker:Storage Directory /workdir/hadoop-ozone/ozonefs/target/test-dir/MiniOzoneClusterImpl-84b7649f-0e5d-4ae2-b324-047deb1fece8/datanode-4/data/ratis/46ab8ed9-53dd-4537-8c99-bccba320c189: created new log segment /workdir/hadoop-ozone/ozonefs/target/test-dir/MiniOzoneClusterImpl-84b7649f-0e5d-4ae2-b324-047deb1fece8/datanode-4/data/ratis/46ab8ed9-53dd-4537-8c99-bccba320c189/current/log_inprogress_0
2019-09-20 08:44:23,727 [75feff7d-6f48-4002-b580-45a21ea734c6:group-992C195CD1B0:LeaderElection29] INFO  impl.LeaderElection (LeaderElection.java:askForVotes(181)) - 75feff7d-6f48-4002-b580-45a21ea734c6:group-992C195CD1B0:LeaderElection29: begin an election at term 1 for -1: [75feff7d-6f48-4002-b580-45a21ea734c6:192.168.36.79:46393], old=null
2019-09-20 08:44:23,727 [75feff7d-6f48-4002-b580-45a21ea734c6:group-992C195CD1B0:LeaderElection29] INFO  impl.RoleInfo (RoleInfo.java:shutdownLeaderElection(134)) - 75feff7d-6f48-4002-b580-45a21ea734c6: shutdown LeaderElection
2019-09-20 08:44:23,727 [75feff7d-6f48-4002-b580-45a21ea734c6:group-992C195CD1B0:LeaderElection29] INFO  impl.RaftServerImpl (RaftServerImpl.java:setRole(171)) - 75feff7d-6f48-4002-b580-45a21ea734c6:group-992C195CD1B0 changes role from CANDIDATE to LEADER at term 1 for changeToLeader
2019-09-20 08:44:23,727 [75feff7d-6f48-4002-b580-45a21ea734c6:group-992C195CD1B0:LeaderElection29] INFO  impl.RaftServerImpl (ServerState.java:setLeader(263)) - 75feff7d-6f48-4002-b580-45a21ea734c6:group-992C195CD1B0 change Leader from null to 75feff7d-6f48-4002-b580-45a21ea734c6 at term 1 for becomeLeader, leader elected after 5155ms
2019-09-20 08:44:23,727 [75feff7d-6f48-4002-b580-45a21ea734c6:group-992C195CD1B0:LeaderElection29] INFO  server.RaftServerConfigKeys (ConfUtils.java:logGet(43)) - raft.server.staging.catchup.gap = 1000 (default)
2019-09-20 08:44:23,728 [75feff7d-6f48-4002-b580-45a21ea734c6:group-992C195CD1B0:LeaderElection29] INFO  server.RaftServerConfigKeys (ConfUtils.java:logGet(43)) - raft.server.rpc.sleep.time = 25ms (default)
2019-09-20 08:44:23,728 [75feff7d-6f48-4002-b580-45a21ea734c6:group-992C195CD1B0:LeaderElection29] INFO  server.RaftServerConfigKeys (ConfUtils.java:logGet(43)) - raft.server.write.element-limit = 4096 (default)
2019-09-20 08:44:23,728 [75feff7d-6f48-4002-b580-45a21ea734c6:group-992C195CD1B0:LeaderElection29] INFO  server.RaftServerConfigKeys (ConfUtils.java:logGet(43)) - raft.server.watch.timeout = 10s (default)
2019-09-20 08:44:23,728 [75feff7d-6f48-4002-b580-45a21ea734c6:group-992C195CD1B0:LeaderElection29] INFO  server.RaftServerConfigKeys (ConfUtils.java:logGet(43)) - raft.server.watch.timeout.denomination = 1s (default)
2019-09-20 08:44:23,728 [75feff7d-6f48-4002-b580-45a21ea734c6:group-992C195CD1B0:LeaderElection29] INFO  server.RaftServerConfigKeys (ConfUtils.java:logGet(43)) - raft.server.watch.element-limit = 65536 (default)
2019-09-20 08:44:23,729 [75feff7d-6f48-4002-b580-45a21ea734c6:group-992C195CD1B0:LeaderElection29] INFO  impl.RoleInfo (RoleInfo.java:updateAndGet(143)) - 75feff7d-6f48-4002-b580-45a21ea734c6: start LeaderState
2019-09-20 08:44:23,729 [75feff7d-6f48-4002-b580-45a21ea734c6:group-992C195CD1B0:LeaderElection29] INFO  segmented.SegmentedRaftLogWorker (SegmentedRaftLogWorker.java:startLogSegment(380)) - 75feff7d-6f48-4002-b580-45a21ea734c6-SegmentedRaftLogWorker:Storage Directory /workdir/hadoop-ozone/ozonefs/target/test-dir/MiniOzoneClusterImpl-84b7649f-0e5d-4ae2-b324-047deb1fece8/datanode-3/data/ratis/1a6ba18e-b993-40b5-895b-992c195cd1b0: Starting segment from index:0
2019-09-20 08:44:23,730 [75feff7d-6f48-4002-b580-45a21ea734c6:group-992C195CD1B0:LeaderElection29] INFO  impl.RaftServerImpl (ServerState.java:setRaftConf(361)) - 75feff7d-6f48-4002-b580-45a21ea734c6:group-992C195CD1B0 set configuration 0: [75feff7d-6f48-4002-b580-45a21ea734c6:192.168.36.79:46393], old=null at 0
2019-09-20 08:44:23,785 [75feff7d-6f48-4002-b580-45a21ea734c6-SegmentedRaftLogWorker:Storage Directory /workdir/hadoop-ozone/ozonefs/target/test-dir/MiniOzoneClusterImpl-84b7649f-0e5d-4ae2-b324-047deb1fece8/datanode-3/data/ratis/1a6ba18e-b993-40b5-895b-992c195cd1b0] INFO  segmented.SegmentedRaftLogWorker (SegmentedRaftLogWorker.java:execute(569)) - 75feff7d-6f48-4002-b580-45a21ea734c6-SegmentedRaftLogWorker:Storage Directory /workdir/hadoop-ozone/ozonefs/target/test-dir/MiniOzoneClusterImpl-84b7649f-0e5d-4ae2-b324-047deb1fece8/datanode-3/data/ratis/1a6ba18e-b993-40b5-895b-992c195cd1b0: created new log segment /workdir/hadoop-ozone/ozonefs/target/test-dir/MiniOzoneClusterImpl-84b7649f-0e5d-4ae2-b324-047deb1fece8/datanode-3/data/ratis/1a6ba18e-b993-40b5-895b-992c195cd1b0/current/log_inprogress_0
2019-09-20 08:44:23,941 [Thread-367] INFO  impl.FollowerState (FollowerState.java:run(106)) - 75feff7d-6f48-4002-b580-45a21ea734c6:group-6CAC61CA7E05 changes to CANDIDATE, lastRpcTime:5163, electionTimeout:5163ms
2019-09-20 08:44:23,942 [Thread-367] INFO  impl.RoleInfo (RoleInfo.java:shutdownFollowerState(121)) - 75feff7d-6f48-4002-b580-45a21ea734c6: shutdown FollowerState
2019-09-20 08:44:23,942 [Thread-367] INFO  impl.RaftServerImpl (RaftServerImpl.java:setRole(171)) - 75feff7d-6f48-4002-b580-45a21ea734c6:group-6CAC61CA7E05 changes role from FOLLOWER to CANDIDATE at term 0 for changeToCandidate
2019-09-20 08:44:23,942 [Thread-367] INFO  impl.RoleInfo (RoleInfo.java:updateAndGet(143)) - 75feff7d-6f48-4002-b580-45a21ea734c6: start LeaderElection
2019-09-20 08:44:23,967 | INFO  | SCMAudit | user=jenkins1000 | ip=192.168.36.79 | op=SEND_HEARTBEAT {datanodeUUID=9123b815-6bfa-48f7-ade2-b84cdc033afa, command=[]} | ret=SUCCESS |  
2019-09-20 08:44:23,969 [75feff7d-6f48-4002-b580-45a21ea734c6:group-6CAC61CA7E05:LeaderElection30] INFO  impl.LeaderElection (LeaderElection.java:askForVotes(181)) - 75feff7d-6f48-4002-b580-45a21ea734c6:group-6CAC61CA7E05:LeaderElection30: begin an election at term 1 for -1: [75feff7d-6f48-4002-b580-45a21ea734c6:192.168.36.79:46393], old=null
2019-09-20 08:44:23,970 [75feff7d-6f48-4002-b580-45a21ea734c6:group-6CAC61CA7E05:LeaderElection30] INFO  impl.RoleInfo (RoleInfo.java:shutdownLeaderElection(134)) - 75feff7d-6f48-4002-b580-45a21ea734c6: shutdown LeaderElection
2019-09-20 08:44:23,970 [75feff7d-6f48-4002-b580-45a21ea734c6:group-6CAC61CA7E05:LeaderElection30] INFO  impl.RaftServerImpl (RaftServerImpl.java:setRole(171)) - 75feff7d-6f48-4002-b580-45a21ea734c6:group-6CAC61CA7E05 changes role from CANDIDATE to LEADER at term 1 for changeToLeader
2019-09-20 08:44:23,970 [75feff7d-6f48-4002-b580-45a21ea734c6:group-6CAC61CA7E05:LeaderElection30] INFO  impl.RaftServerImpl (ServerState.java:setLeader(263)) - 75feff7d-6f48-4002-b580-45a21ea734c6:group-6CAC61CA7E05 change Leader from null to 75feff7d-6f48-4002-b580-45a21ea734c6 at term 1 for becomeLeader, leader elected after 5196ms
2019-09-20 08:44:23,970 [75feff7d-6f48-4002-b580-45a21ea734c6:group-6CAC61CA7E05:LeaderElection30] INFO  server.RaftServerConfigKeys (ConfUtils.java:logGet(43)) - raft.server.staging.catchup.gap = 1000 (default)
2019-09-20 08:44:23,970 [75feff7d-6f48-4002-b580-45a21ea734c6:group-6CAC61CA7E05:LeaderElection30] INFO  server.RaftServerConfigKeys (ConfUtils.java:logGet(43)) - raft.server.rpc.sleep.time = 25ms (default)
2019-09-20 08:44:23,971 [75feff7d-6f48-4002-b580-45a21ea734c6:group-6CAC61CA7E05:LeaderElection30] INFO  server.RaftServerConfigKeys (ConfUtils.java:logGet(43)) - raft.server.write.element-limit = 4096 (default)
2019-09-20 08:44:23,971 [75feff7d-6f48-4002-b580-45a21ea734c6:group-6CAC61CA7E05:LeaderElection30] INFO  server.RaftServerConfigKeys (ConfUtils.java:logGet(43)) - raft.server.watch.timeout = 10s (default)
2019-09-20 08:44:23,971 [75feff7d-6f48-4002-b580-45a21ea734c6:group-6CAC61CA7E05:LeaderElection30] INFO  server.RaftServerConfigKeys (ConfUtils.java:logGet(43)) - raft.server.watch.timeout.denomination = 1s (default)
2019-09-20 08:44:23,971 [75feff7d-6f48-4002-b580-45a21ea734c6:group-6CAC61CA7E05:LeaderElection30] INFO  server.RaftServerConfigKeys (ConfUtils.java:logGet(43)) - raft.server.watch.element-limit = 65536 (default)
2019-09-20 08:44:23,972 [75feff7d-6f48-4002-b580-45a21ea734c6:group-6CAC61CA7E05:LeaderElection30] INFO  impl.RoleInfo (RoleInfo.java:updateAndGet(143)) - 75feff7d-6f48-4002-b580-45a21ea734c6: start LeaderState
2019-09-20 08:44:23,972 [75feff7d-6f48-4002-b580-45a21ea734c6:group-6CAC61CA7E05:LeaderElection30] INFO  segmented.SegmentedRaftLogWorker (SegmentedRaftLogWorker.java:startLogSegment(380)) - 75feff7d-6f48-4002-b580-45a21ea734c6-SegmentedRaftLogWorker:Storage Directory /workdir/hadoop-ozone/ozonefs/target/test-dir/MiniOzoneClusterImpl-84b7649f-0e5d-4ae2-b324-047deb1fece8/datanode-3/data/ratis/169f8099-9e1c-44a6-868c-6cac61ca7e05: Starting segment from index:0
2019-09-20 08:44:23,973 [75feff7d-6f48-4002-b580-45a21ea734c6:group-6CAC61CA7E05:LeaderElection30] INFO  impl.RaftServerImpl (ServerState.java:setRaftConf(361)) - 75feff7d-6f48-4002-b580-45a21ea734c6:group-6CAC61CA7E05 set configuration 0: [75feff7d-6f48-4002-b580-45a21ea734c6:192.168.36.79:46393], old=null at 0
2019-09-20 08:44:24,028 [75feff7d-6f48-4002-b580-45a21ea734c6-SegmentedRaftLogWorker:Storage Directory /workdir/hadoop-ozone/ozonefs/target/test-dir/MiniOzoneClusterImpl-84b7649f-0e5d-4ae2-b324-047deb1fece8/datanode-3/data/ratis/169f8099-9e1c-44a6-868c-6cac61ca7e05] INFO  segmented.SegmentedRaftLogWorker (SegmentedRaftLogWorker.java:execute(569)) - 75feff7d-6f48-4002-b580-45a21ea734c6-SegmentedRaftLogWorker:Storage Directory /workdir/hadoop-ozone/ozonefs/target/test-dir/MiniOzoneClusterImpl-84b7649f-0e5d-4ae2-b324-047deb1fece8/datanode-3/data/ratis/169f8099-9e1c-44a6-868c-6cac61ca7e05: created new log segment /workdir/hadoop-ozone/ozonefs/target/test-dir/MiniOzoneClusterImpl-84b7649f-0e5d-4ae2-b324-047deb1fece8/datanode-3/data/ratis/169f8099-9e1c-44a6-868c-6cac61ca7e05/current/log_inprogress_0
2019-09-20 08:44:24,454 | INFO  | SCMAudit | user=jenkins1000 | ip=192.168.36.79 | op=SEND_HEARTBEAT {datanodeUUID=75feff7d-6f48-4002-b580-45a21ea734c6, command=[]} | ret=SUCCESS |  
2019-09-20 08:44:24,473 | INFO  | SCMAudit | user=jenkins1000 | ip=192.168.36.79 | op=SEND_HEARTBEAT {datanodeUUID=b892e876-f5ae-410a-9dfd-4f07fd940729, command=[]} | ret=SUCCESS |  
2019-09-20 08:44:24,483 | INFO  | SCMAudit | user=jenkins1000 | ip=192.168.36.79 | op=SEND_HEARTBEAT {datanodeUUID=aa30552f-ad30-4fe7-9018-411c04218958, command=[]} | ret=SUCCESS |  
2019-09-20 08:44:24,722 | INFO  | SCMAudit | user=jenkins1000 | ip=192.168.36.79 | op=SEND_HEARTBEAT {datanodeUUID=a4a73c82-9756-45ac-afed-7299ac804f25, command=[]} | ret=SUCCESS |  
2019-09-20 08:44:24,968 | INFO  | SCMAudit | user=jenkins1000 | ip=192.168.36.79 | op=SEND_HEARTBEAT {datanodeUUID=9123b815-6bfa-48f7-ade2-b84cdc033afa, command=[]} | ret=SUCCESS |  
2019-09-20 08:44:25,455 | INFO  | SCMAudit | user=jenkins1000 | ip=192.168.36.79 | op=SEND_HEARTBEAT {datanodeUUID=75feff7d-6f48-4002-b580-45a21ea734c6, command=[]} | ret=SUCCESS |  
2019-09-20 08:44:25,473 | INFO  | SCMAudit | user=jenkins1000 | ip=192.168.36.79 | op=SEND_HEARTBEAT {datanodeUUID=b892e876-f5ae-410a-9dfd-4f07fd940729, command=[]} | ret=SUCCESS |  
2019-09-20 08:44:25,483 | INFO  | SCMAudit | user=jenkins1000 | ip=192.168.36.79 | op=SEND_HEARTBEAT {datanodeUUID=aa30552f-ad30-4fe7-9018-411c04218958, command=[]} | ret=SUCCESS |  
2019-09-20 08:44:25,722 | INFO  | SCMAudit | user=jenkins1000 | ip=192.168.36.79 | op=SEND_HEARTBEAT {datanodeUUID=a4a73c82-9756-45ac-afed-7299ac804f25, command=[]} | ret=SUCCESS |  
2019-09-20 08:44:25,968 | INFO  | SCMAudit | user=jenkins1000 | ip=192.168.36.79 | op=SEND_HEARTBEAT {datanodeUUID=9123b815-6bfa-48f7-ade2-b84cdc033afa, command=[]} | ret=SUCCESS |  
2019-09-20 08:44:26,455 | INFO  | SCMAudit | user=jenkins1000 | ip=192.168.36.79 | op=SEND_HEARTBEAT {datanodeUUID=75feff7d-6f48-4002-b580-45a21ea734c6, command=[]} | ret=SUCCESS |  
2019-09-20 08:44:26,473 | INFO  | SCMAudit | user=jenkins1000 | ip=192.168.36.79 | op=SEND_HEARTBEAT {datanodeUUID=b892e876-f5ae-410a-9dfd-4f07fd940729, command=[]} | ret=SUCCESS |  
2019-09-20 08:44:26,484 | INFO  | SCMAudit | user=jenkins1000 | ip=192.168.36.79 | op=SEND_HEARTBEAT {datanodeUUID=aa30552f-ad30-4fe7-9018-411c04218958, command=[]} | ret=SUCCESS |  
2019-09-20 08:44:26,723 | INFO  | SCMAudit | user=jenkins1000 | ip=192.168.36.79 | op=SEND_HEARTBEAT {datanodeUUID=a4a73c82-9756-45ac-afed-7299ac804f25, command=[]} | ret=SUCCESS |  
2019-09-20 08:44:26,839 [LocalJobRunner Map Task Executor #0] INFO  mapred.RetriableFileCopyCommand (RetriableFileCopyCommand.java:getTmpFile(260)) - Creating temp file: o3fs://bucket72129.volume58442/test/ITestOzoneContractDistCp/testUpdateDeepDirectoryStructureNoChange/remote/outputDir/.distcp.tmp.attempt_local1209324504_0001_m_000000_0
2019-09-20 08:44:26,846 [IPC Server handler 0 on 45031] INFO  pipeline.PipelinePlacementPolicy (PipelinePlacementPolicy.java:meetCriteria(91)) - Pipeline Placement: Doesn't meet the criteria to be viable node： aa30552f-ad30-4fe7-9018-411c04218958 Heaviness: 6 limit: 5
2019-09-20 08:44:26,846 [IPC Server handler 0 on 45031] INFO  pipeline.PipelinePlacementPolicy (PipelinePlacementPolicy.java:meetCriteria(91)) - Pipeline Placement: Doesn't meet the criteria to be viable node： b892e876-f5ae-410a-9dfd-4f07fd940729 Heaviness: 6 limit: 5
2019-09-20 08:44:26,846 [IPC Server handler 0 on 45031] INFO  pipeline.PipelinePlacementPolicy (PipelinePlacementPolicy.java:meetCriteria(91)) - Pipeline Placement: Doesn't meet the criteria to be viable node： 75feff7d-6f48-4002-b580-45a21ea734c6 Heaviness: 6 limit: 5
2019-09-20 08:44:26,847 [IPC Server handler 0 on 45031] INFO  pipeline.PipelinePlacementPolicy (PipelinePlacementPolicy.java:meetCriteria(91)) - Pipeline Placement: Doesn't meet the criteria to be viable node： 9123b815-6bfa-48f7-ade2-b84cdc033afa Heaviness: 6 limit: 5
2019-09-20 08:44:26,847 [IPC Server handler 0 on 45031] INFO  pipeline.PipelinePlacementPolicy (PipelinePlacementPolicy.java:meetCriteria(91)) - Pipeline Placement: Doesn't meet the criteria to be viable node： a4a73c82-9756-45ac-afed-7299ac804f25 Heaviness: 6 limit: 5
2019-09-20 08:44:26,847 [IPC Server handler 0 on 45031] ERROR pipeline.PipelinePlacementPolicy (PipelinePlacementPolicy.java:filterViableNodes(148)) - Unable to find enough nodes that meet the criteria that cannot engage in more than 5 pipelines. Nodes required: 3 Found: 0, healthy nodes count inNodeManager: 5.
2019-09-20 08:44:26,847 [IPC Server handler 0 on 45031] ERROR pipeline.SCMPipelineManager (SCMPipelineManager.java:createPipeline(161)) - Pipeline creation failed due to exception: Unable to find enough nodes that meet the criteria that cannot engage in more than 5 pipelines. Nodes required: 3 Found: 0, healthy nodes count inNodeManager: 5.
2019-09-20 08:44:26,847 [IPC Server handler 0 on 45031] WARN  block.BlockManagerImpl (BlockManagerImpl.java:allocateBlock(192)) - Pipeline creation failed for type:RATIS factor:THREE. Retrying get pipelines call once.
org.apache.hadoop.hdds.scm.exceptions.SCMException: Unable to find enough nodes that meet the criteria that cannot engage in more than 5 pipelines. Nodes required: 3 Found: 0, healthy nodes count inNodeManager: 5.
	at org.apache.hadoop.hdds.scm.pipeline.PipelinePlacementPolicy.filterViableNodes(PipelinePlacementPolicy.java:149)
	at org.apache.hadoop.hdds.scm.pipeline.PipelinePlacementPolicy.chooseDatanodes(PipelinePlacementPolicy.java:172)
	at org.apache.hadoop.hdds.scm.pipeline.RatisPipelineProvider.create(RatisPipelineProvider.java:92)
	at org.apache.hadoop.hdds.scm.pipeline.PipelineFactory.create(PipelineFactory.java:57)
	at org.apache.hadoop.hdds.scm.pipeline.SCMPipelineManager.createPipeline(SCMPipelineManager.java:149)
	at org.apache.hadoop.hdds.scm.block.BlockManagerImpl.allocateBlock(BlockManagerImpl.java:190)
	at org.apache.hadoop.hdds.scm.server.SCMBlockProtocolServer.allocateBlock(SCMBlockProtocolServer.java:175)
	at org.apache.hadoop.ozone.protocolPB.ScmBlockLocationProtocolServerSideTranslatorPB.allocateScmBlock(ScmBlockLocationProtocolServerSideTranslatorPB.java:153)
	at org.apache.hadoop.ozone.protocolPB.ScmBlockLocationProtocolServerSideTranslatorPB.send(ScmBlockLocationProtocolServerSideTranslatorPB.java:112)
	at org.apache.hadoop.hdds.protocol.proto.ScmBlockLocationProtocolProtos$ScmBlockLocationProtocolService$2.callBlockingMethod(ScmBlockLocationProtocolProtos.java:13157)
	at org.apache.hadoop.ipc.ProtobufRpcEngine$Server$ProtoBufRpcInvoker.call(ProtobufRpcEngine.java:524)
	at org.apache.hadoop.ipc.RPC$Server.call(RPC.java:1025)
	at org.apache.hadoop.ipc.Server$RpcCall.run(Server.java:876)
	at org.apache.hadoop.ipc.Server$RpcCall.run(Server.java:822)
	at java.security.AccessController.doPrivileged(Native Method)
	at javax.security.auth.Subject.doAs(Subject.java:422)
	at org.apache.hadoop.security.UserGroupInformation.doAs(UserGroupInformation.java:1730)
	at org.apache.hadoop.ipc.Server$Handler.run(Server.java:2682)
2019-09-20 08:44:26,848 [IPC Server handler 0 on 45031] INFO  block.BlockManagerImpl (BlockManagerImpl.java:allocateBlock(198)) - Could not find available pipeline of type:RATIS and factor:THREE even after retrying
2019-09-20 08:44:26,848 [IPC Server handler 0 on 45031] ERROR block.BlockManagerImpl (BlockManagerImpl.java:allocateBlock(222)) - Unable to allocate a block for the size: 4194304, type: RATIS, factor: THREE
2019-09-20 08:44:26,849 | INFO  | SCMAudit | user=jenkins1000 | ip=192.168.36.79 | op=ALLOCATE_BLOCK {owner=a1d0c9a2-9b67-4af3-a1f8-8c5669c9b817, size=4194304, type=RATIS, factor=THREE} | ret=SUCCESS |  
2019-09-20 08:44:26,850 | ERROR | OMAudit | user=jenkins1000 | ip=127.0.0.1 | op=CREATE_FILE {volume=volume58442, bucket=bucket72129, key=test/ITestOzoneContractDistCp/testUpdateDeepDirectoryStructureNoChange/remote/outputDir/.distcp.tmp.attempt_local1209324504_0001_m_000000_0, dataSize=0, replicationType=RATIS, replicationFactor=THREE, keyLocationInfo=null} | ret=FAILURE | org.apache.hadoop.hdds.scm.exceptions.SCMException: Allocated 0 blocks. Requested 1 blocks
	at org.apache.hadoop.hdds.scm.protocolPB.ScmBlockLocationProtocolClientSideTranslatorPB.handleError(ScmBlockLocationProtocolClientSideTranslatorPB.java:118)
	at org.apache.hadoop.hdds.scm.protocolPB.ScmBlockLocationProtocolClientSideTranslatorPB.allocateBlock(ScmBlockLocationProtocolClientSideTranslatorPB.java:156) 
2019-09-20 08:44:26,855 | ERROR | OMAudit | user=jenkins1000 | ip=127.0.0.1 | op=GET_FILE_STATUS {volume=volume58442, bucket=bucket72129, key=test/ITestOzoneContractDistCp/testUpdateDeepDirectoryStructureNoChange/remote/outputDir/.distcp.tmp.attempt_local1209324504_0001_m_000000_0, dataSize=0, replicationType=null, replicationFactor=null, keyLocationInfo=null} | ret=FAILURE | FILE_NOT_FOUND org.apache.hadoop.ozone.om.exceptions.OMException: Unable to get file status: volume: volume58442 bucket: bucket72129 key: test/ITestOzoneContractDistCp/testUpdateDeepDirectoryStructureNoChange/remote/outputDir/.distcp.tmp.attempt_local1209324504_0001_m_000000_0
	at org.apache.hadoop.ozone.om.KeyManagerImpl.getFileStatus(KeyManagerImpl.java:1655)
	at org.apache.hadoop.ozone.om.OzoneManager.getFileStatus(OzoneManager.java:2868) 
2019-09-20 08:44:26,856 [LocalJobRunner Map Task Executor #0] WARN  ozone.BasicOzoneFileSystem (BasicOzoneFileSystem.java:delete(437)) - delete: Path does not exist: o3fs://bucket72129.volume58442/test/ITestOzoneContractDistCp/testUpdateDeepDirectoryStructureNoChange/remote/outputDir/.distcp.tmp.attempt_local1209324504_0001_m_000000_0
2019-09-20 08:44:26,856 [LocalJobRunner Map Task Executor #0] ERROR util.RetriableCommand (RetriableCommand.java:execute(89)) - Failure in Retriable command: Copying file:/workdir/hadoop-ozone/ozonefs/target/test-dir/ITestOzoneContractDistCp/testUpdateDeepDirectoryStructureNoChange/local/inputDir/subDir4/subDir4/file4 to o3fs://bucket72129.volume58442/test/ITestOzoneContractDistCp/testUpdateDeepDirectoryStructureNoChange/remote/outputDir/inputDir/subDir4/subDir4/file4
INTERNAL_ERROR org.apache.hadoop.ozone.om.exceptions.OMException: Allocated 0 blocks. Requested 1 blocks
	at org.apache.hadoop.ozone.om.protocolPB.OzoneManagerProtocolClientSideTranslatorPB.handleError(OzoneManagerProtocolClientSideTranslatorPB.java:725)
	at org.apache.hadoop.ozone.om.protocolPB.OzoneManagerProtocolClientSideTranslatorPB.createFile(OzoneManagerProtocolClientSideTranslatorPB.java:1474)
	at org.apache.hadoop.ozone.client.rpc.RpcClient.createFile(RpcClient.java:984)
	at org.apache.hadoop.ozone.client.OzoneBucket.createFile(OzoneBucket.java:535)
	at org.apache.hadoop.fs.ozone.BasicOzoneClientAdapterImpl.createFile(BasicOzoneClientAdapterImpl.java:181)
	at org.apache.hadoop.fs.ozone.BasicOzoneFileSystem.createOutputStream(BasicOzoneFileSystem.java:249)
	at org.apache.hadoop.fs.ozone.BasicOzoneFileSystem.create(BasicOzoneFileSystem.java:230)
	at org.apache.hadoop.fs.FileSystem.create(FileSystem.java:1195)
	at org.apache.hadoop.tools.mapred.RetriableFileCopyCommand.copyToFile(RetriableFileCopyCommand.java:184)
	at org.apache.hadoop.tools.mapred.RetriableFileCopyCommand.doCopy(RetriableFileCopyCommand.java:123)
	at org.apache.hadoop.tools.mapred.RetriableFileCopyCommand.doExecute(RetriableFileCopyCommand.java:99)
	at org.apache.hadoop.tools.util.RetriableCommand.execute(RetriableCommand.java:87)
	at org.apache.hadoop.tools.mapred.CopyMapper.copyFileWithRetry(CopyMapper.java:256)
	at org.apache.hadoop.tools.mapred.CopyMapper.map(CopyMapper.java:217)
	at org.apache.hadoop.tools.mapred.CopyMapper.map(CopyMapper.java:48)
	at org.apache.hadoop.mapreduce.Mapper.run(Mapper.java:146)
	at org.apache.hadoop.mapred.MapTask.runNewMapper(MapTask.java:799)
	at org.apache.hadoop.mapred.MapTask.run(MapTask.java:347)
	at org.apache.hadoop.mapred.LocalJobRunner$Job$MapTaskRunnable.run(LocalJobRunner.java:271)
	at java.util.concurrent.Executors$RunnableAdapter.call(Executors.java:511)
	at java.util.concurrent.FutureTask.run(FutureTask.java:266)
	at java.util.concurrent.ThreadPoolExecutor.runWorker(ThreadPoolExecutor.java:1149)
	at java.util.concurrent.ThreadPoolExecutor$Worker.run(ThreadPoolExecutor.java:624)
	at java.lang.Thread.run(Thread.java:748)
2019-09-20 08:44:26,856 [LocalJobRunner Map Task Executor #0] ERROR mapred.CopyMapper (CopyMapper.java:handleFailures(296)) - Failure in copying file:/workdir/hadoop-ozone/ozonefs/target/test-dir/ITestOzoneContractDistCp/testUpdateDeepDirectoryStructureNoChange/local/inputDir/subDir4/subDir4/file4 to o3fs://bucket72129.volume58442/test/ITestOzoneContractDistCp/testUpdateDeepDirectoryStructureNoChange/remote/outputDir/inputDir/subDir4/subDir4/file4
java.io.IOException: File copy failed: file:/workdir/hadoop-ozone/ozonefs/target/test-dir/ITestOzoneContractDistCp/testUpdateDeepDirectoryStructureNoChange/local/inputDir/subDir4/subDir4/file4 --> o3fs://bucket72129.volume58442/test/ITestOzoneContractDistCp/testUpdateDeepDirectoryStructureNoChange/remote/outputDir/inputDir/subDir4/subDir4/file4
	at org.apache.hadoop.tools.mapred.CopyMapper.copyFileWithRetry(CopyMapper.java:259)
	at org.apache.hadoop.tools.mapred.CopyMapper.map(CopyMapper.java:217)
	at org.apache.hadoop.tools.mapred.CopyMapper.map(CopyMapper.java:48)
	at org.apache.hadoop.mapreduce.Mapper.run(Mapper.java:146)
	at org.apache.hadoop.mapred.MapTask.runNewMapper(MapTask.java:799)
	at org.apache.hadoop.mapred.MapTask.run(MapTask.java:347)
	at org.apache.hadoop.mapred.LocalJobRunner$Job$MapTaskRunnable.run(LocalJobRunner.java:271)
	at java.util.concurrent.Executors$RunnableAdapter.call(Executors.java:511)
	at java.util.concurrent.FutureTask.run(FutureTask.java:266)
	at java.util.concurrent.ThreadPoolExecutor.runWorker(ThreadPoolExecutor.java:1149)
	at java.util.concurrent.ThreadPoolExecutor$Worker.run(ThreadPoolExecutor.java:624)
	at java.lang.Thread.run(Thread.java:748)
Caused by: java.io.IOException: Couldn't run retriable-command: Copying file:/workdir/hadoop-ozone/ozonefs/target/test-dir/ITestOzoneContractDistCp/testUpdateDeepDirectoryStructureNoChange/local/inputDir/subDir4/subDir4/file4 to o3fs://bucket72129.volume58442/test/ITestOzoneContractDistCp/testUpdateDeepDirectoryStructureNoChange/remote/outputDir/inputDir/subDir4/subDir4/file4
	at org.apache.hadoop.tools.util.RetriableCommand.execute(RetriableCommand.java:101)
	at org.apache.hadoop.tools.mapred.CopyMapper.copyFileWithRetry(CopyMapper.java:256)
	... 11 more
Caused by: INTERNAL_ERROR org.apache.hadoop.ozone.om.exceptions.OMException: Allocated 0 blocks. Requested 1 blocks
	at org.apache.hadoop.ozone.om.protocolPB.OzoneManagerProtocolClientSideTranslatorPB.handleError(OzoneManagerProtocolClientSideTranslatorPB.java:725)
	at org.apache.hadoop.ozone.om.protocolPB.OzoneManagerProtocolClientSideTranslatorPB.createFile(OzoneManagerProtocolClientSideTranslatorPB.java:1474)
	at org.apache.hadoop.ozone.client.rpc.RpcClient.createFile(RpcClient.java:984)
	at org.apache.hadoop.ozone.client.OzoneBucket.createFile(OzoneBucket.java:535)
	at org.apache.hadoop.fs.ozone.BasicOzoneClientAdapterImpl.createFile(BasicOzoneClientAdapterImpl.java:181)
	at org.apache.hadoop.fs.ozone.BasicOzoneFileSystem.createOutputStream(BasicOzoneFileSystem.java:249)
	at org.apache.hadoop.fs.ozone.BasicOzoneFileSystem.create(BasicOzoneFileSystem.java:230)
	at org.apache.hadoop.fs.FileSystem.create(FileSystem.java:1195)
	at org.apache.hadoop.tools.mapred.RetriableFileCopyCommand.copyToFile(RetriableFileCopyCommand.java:184)
	at org.apache.hadoop.tools.mapred.RetriableFileCopyCommand.doCopy(RetriableFileCopyCommand.java:123)
	at org.apache.hadoop.tools.mapred.RetriableFileCopyCommand.doExecute(RetriableFileCopyCommand.java:99)
	at org.apache.hadoop.tools.util.RetriableCommand.execute(RetriableCommand.java:87)
	... 12 more
2019-09-20 08:44:26,862 [LocalJobRunner Map Task Executor #0] INFO  mapred.LocalJobRunner (LocalJobRunner.java:run(252)) - Starting task: attempt_local1209324504_0001_m_000001_0
2019-09-20 08:44:26,866 [LocalJobRunner Map Task Executor #0] INFO  output.FileOutputCommitter (FileOutputCommitter.java:<init>(140)) - File Output Committer Algorithm version is 2
2019-09-20 08:44:26,866 [LocalJobRunner Map Task Executor #0] INFO  output.FileOutputCommitter (FileOutputCommitter.java:<init>(155)) - FileOutputCommitter skip cleanup _temporary folders under output directory:false, ignore cleanup failures: false
2019-09-20 08:44:26,867 [LocalJobRunner Map Task Executor #0] INFO  mapred.Task (Task.java:initialize(626)) -  Using ResourceCalculatorProcessTree : [ ]
2019-09-20 08:44:26,869 [LocalJobRunner Map Task Executor #0] INFO  mapred.MapTask (MapTask.java:runNewMapper(768)) - Processing split: file:/tmp/hadoop/mapred/staging/jenkins1000803860193/.staging/_distcp-334378648/fileList.seq:0+327
2019-09-20 08:44:26,870 [LocalJobRunner Map Task Executor #0] INFO  output.FileOutputCommitter (FileOutputCommitter.java:<init>(140)) - File Output Committer Algorithm version is 2
2019-09-20 08:44:26,870 [LocalJobRunner Map Task Executor #0] INFO  output.FileOutputCommitter (FileOutputCommitter.java:<init>(155)) - FileOutputCommitter skip cleanup _temporary folders under output directory:false, ignore cleanup failures: false
2019-09-20 08:44:26,893 | ERROR | OMAudit | user=jenkins1000 | ip=127.0.0.1 | op=GET_FILE_STATUS {volume=volume58442, bucket=bucket72129, key=test/ITestOzoneContractDistCp/testUpdateDeepDirectoryStructureNoChange/remote/outputDir, dataSize=0, replicationType=null, replicationFactor=null, keyLocationInfo=null} | ret=FAILURE | FILE_NOT_FOUND org.apache.hadoop.ozone.om.exceptions.OMException: Unable to get file status: volume: volume58442 bucket: bucket72129 key: test/ITestOzoneContractDistCp/testUpdateDeepDirectoryStructureNoChange/remote/outputDir
	at org.apache.hadoop.ozone.om.KeyManagerImpl.getFileStatus(KeyManagerImpl.java:1655)
	at org.apache.hadoop.ozone.om.OzoneManager.getFileStatus(OzoneManager.java:2868) 
2019-09-20 08:44:26,895 [LocalJobRunner Map Task Executor #0] INFO  mapred.CopyMapper (CopyMapper.java:map(154)) - Copying file:/workdir/hadoop-ozone/ozonefs/target/test-dir/ITestOzoneContractDistCp/testUpdateDeepDirectoryStructureNoChange/local/inputDir to o3fs://bucket72129.volume58442/test/ITestOzoneContractDistCp/testUpdateDeepDirectoryStructureNoChange/remote/outputDir/inputDir
2019-09-20 08:44:26,904 | ERROR | OMAudit | user=jenkins1000 | ip=127.0.0.1 | op=GET_FILE_STATUS {volume=volume58442, bucket=bucket72129, key=test/ITestOzoneContractDistCp/testUpdateDeepDirectoryStructureNoChange/remote/outputDir/inputDir, dataSize=0, replicationType=null, replicationFactor=null, keyLocationInfo=null} | ret=FAILURE | FILE_NOT_FOUND org.apache.hadoop.ozone.om.exceptions.OMException: Unable to get file status: volume: volume58442 bucket: bucket72129 key: test/ITestOzoneContractDistCp/testUpdateDeepDirectoryStructureNoChange/remote/outputDir/inputDir
	at org.apache.hadoop.ozone.om.KeyManagerImpl.getFileStatus(KeyManagerImpl.java:1655)
	at org.apache.hadoop.ozone.om.OzoneManager.getFileStatus(OzoneManager.java:2868) 
2019-09-20 08:44:26,911 | INFO  | OMAudit | user=jenkins1000 | ip=127.0.0.1 | op=CREATE_DIRECTORY {volume=volume58442, bucket=bucket72129, key=test/ITestOzoneContractDistCp/testUpdateDeepDirectoryStructureNoChange/remote/outputDir/inputDir, dataSize=0, replicationType=null, replicationFactor=null, keyLocationInfo=null} | ret=SUCCESS |  
2019-09-20 08:44:26,915 [LocalJobRunner Map Task Executor #0] INFO  mapred.LocalJobRunner (LocalJobRunner.java:statusUpdate(634)) - 
2019-09-20 08:44:26,924 [LocalJobRunner Map Task Executor #0] INFO  mapred.Task (Task.java:done(1244)) - Task:attempt_local1209324504_0001_m_000001_0 is done. And is in the process of committing
2019-09-20 08:44:26,926 [LocalJobRunner Map Task Executor #0] INFO  mapred.LocalJobRunner (LocalJobRunner.java:statusUpdate(634)) - 
2019-09-20 08:44:26,926 [LocalJobRunner Map Task Executor #0] INFO  mapred.Task (Task.java:commit(1421)) - Task attempt_local1209324504_0001_m_000001_0 is allowed to commit now
2019-09-20 08:44:26,928 [LocalJobRunner Map Task Executor #0] INFO  output.FileOutputCommitter (FileOutputCommitter.java:commitTask(598)) - Saved output of task 'attempt_local1209324504_0001_m_000001_0' to file:/tmp/hadoop/mapred/staging/jenkins1000803860193/.staging/_distcp-334378648/_logs
2019-09-20 08:44:26,929 [LocalJobRunner Map Task Executor #0] INFO  mapred.LocalJobRunner (LocalJobRunner.java:statusUpdate(634)) - Copying file:/workdir/hadoop-ozone/ozonefs/target/test-dir/ITestOzoneContractDistCp/testUpdateDeepDirectoryStructureNoChange/local/inputDir to o3fs://bucket72129.volume58442/test/ITestOzoneContractDistCp/testUpdateDeepDirectoryStructureNoChange/remote/outputDir/inputDir
2019-09-20 08:44:26,929 [LocalJobRunner Map Task Executor #0] INFO  mapred.Task (Task.java:sendDone(1380)) - Task 'attempt_local1209324504_0001_m_000001_0' done.
2019-09-20 08:44:26,932 [LocalJobRunner Map Task Executor #0] INFO  mapred.Task (Task.java:done(1276)) - Final Counters for attempt_local1209324504_0001_m_000001_0: Counters: 22
	File System Counters
		FILE: Number of bytes read=208717
		FILE: Number of bytes written=826620
		FILE: Number of read operations=0
		FILE: Number of large read operations=0
		FILE: Number of write operations=0
		O3FS: Number of bytes read=0
		O3FS: Number of bytes written=0
		O3FS: Number of read operations=11
		O3FS: Number of large read operations=0
		O3FS: Number of write operations=7
	Map-Reduce Framework
		Map input records=1
		Map output records=0
		Input split bytes=157
		Spilled Records=0
		Failed Shuffles=0
		Merged Map outputs=0
		GC time elapsed (ms)=0
		Total committed heap usage (bytes)=2058354688
	File Input Format Counters 
		Bytes Read=3157
	File Output Format Counters 
		Bytes Written=8
	DistCp Counters
		Bandwidth in Btyes=0
		DIR_COPY=1
2019-09-20 08:44:26,932 [LocalJobRunner Map Task Executor #0] INFO  mapred.LocalJobRunner (LocalJobRunner.java:run(277)) - Finishing task: attempt_local1209324504_0001_m_000001_0
2019-09-20 08:44:26,932 [LocalJobRunner Map Task Executor #0] INFO  mapred.LocalJobRunner (LocalJobRunner.java:run(252)) - Starting task: attempt_local1209324504_0001_m_000002_0
2019-09-20 08:44:26,943 [LocalJobRunner Map Task Executor #0] INFO  output.FileOutputCommitter (FileOutputCommitter.java:<init>(140)) - File Output Committer Algorithm version is 2
2019-09-20 08:44:26,943 [LocalJobRunner Map Task Executor #0] INFO  output.FileOutputCommitter (FileOutputCommitter.java:<init>(155)) - FileOutputCommitter skip cleanup _temporary folders under output directory:false, ignore cleanup failures: false
2019-09-20 08:44:26,943 [LocalJobRunner Map Task Executor #0] INFO  mapred.Task (Task.java:initialize(626)) -  Using ResourceCalculatorProcessTree : [ ]
2019-09-20 08:44:26,944 [LocalJobRunner Map Task Executor #0] INFO  mapred.MapTask (MapTask.java:runNewMapper(768)) - Processing split: file:/tmp/hadoop/mapred/staging/jenkins1000803860193/.staging/_distcp-334378648/fileList.seq:2262+293
2019-09-20 08:44:26,945 [LocalJobRunner Map Task Executor #0] INFO  output.FileOutputCommitter (FileOutputCommitter.java:<init>(140)) - File Output Committer Algorithm version is 2
2019-09-20 08:44:26,945 [LocalJobRunner Map Task Executor #0] INFO  output.FileOutputCommitter (FileOutputCommitter.java:<init>(155)) - FileOutputCommitter skip cleanup _temporary folders under output directory:false, ignore cleanup failures: false
2019-09-20 08:44:26,966 | INFO  | OMAudit | user=jenkins1000 | ip=127.0.0.1 | op=GET_FILE_STATUS {volume=volume58442, bucket=bucket72129, key=test/ITestOzoneContractDistCp/testUpdateDeepDirectoryStructureNoChange/remote/outputDir, dataSize=0, replicationType=null, replicationFactor=null, keyLocationInfo=null} | ret=SUCCESS |  
2019-09-20 08:44:26,968 [LocalJobRunner Map Task Executor #0] INFO  mapred.CopyMapper (CopyMapper.java:map(154)) - Copying file:/workdir/hadoop-ozone/ozonefs/target/test-dir/ITestOzoneContractDistCp/testUpdateDeepDirectoryStructureNoChange/local/inputDir/subDir2/subDir2/file3 to o3fs://bucket72129.volume58442/test/ITestOzoneContractDistCp/testUpdateDeepDirectoryStructureNoChange/remote/outputDir/inputDir/subDir2/subDir2/file3
2019-09-20 08:44:26,968 | INFO  | SCMAudit | user=jenkins1000 | ip=192.168.36.79 | op=SEND_HEARTBEAT {datanodeUUID=9123b815-6bfa-48f7-ade2-b84cdc033afa, command=[]} | ret=SUCCESS |  
2019-09-20 08:44:26,977 | ERROR | OMAudit | user=jenkins1000 | ip=127.0.0.1 | op=GET_FILE_STATUS {volume=volume58442, bucket=bucket72129, key=test/ITestOzoneContractDistCp/testUpdateDeepDirectoryStructureNoChange/remote/outputDir/inputDir/subDir2/subDir2/file3, dataSize=0, replicationType=null, replicationFactor=null, keyLocationInfo=null} | ret=FAILURE | FILE_NOT_FOUND org.apache.hadoop.ozone.om.exceptions.OMException: Unable to get file status: volume: volume58442 bucket: bucket72129 key: test/ITestOzoneContractDistCp/testUpdateDeepDirectoryStructureNoChange/remote/outputDir/inputDir/subDir2/subDir2/file3
	at org.apache.hadoop.ozone.om.KeyManagerImpl.getFileStatus(KeyManagerImpl.java:1655)
	at org.apache.hadoop.ozone.om.OzoneManager.getFileStatus(OzoneManager.java:2868) 
2019-09-20 08:44:26,980 [LocalJobRunner Map Task Executor #0] INFO  mapred.RetriableFileCopyCommand (RetriableFileCopyCommand.java:getTmpFile(260)) - Creating temp file: o3fs://bucket72129.volume58442/test/ITestOzoneContractDistCp/testUpdateDeepDirectoryStructureNoChange/remote/outputDir/.distcp.tmp.attempt_local1209324504_0001_m_000002_0
2019-09-20 08:44:26,984 [IPC Server handler 2 on 45031] INFO  pipeline.PipelinePlacementPolicy (PipelinePlacementPolicy.java:meetCriteria(91)) - Pipeline Placement: Doesn't meet the criteria to be viable node： aa30552f-ad30-4fe7-9018-411c04218958 Heaviness: 6 limit: 5
2019-09-20 08:44:26,984 [IPC Server handler 2 on 45031] INFO  pipeline.PipelinePlacementPolicy (PipelinePlacementPolicy.java:meetCriteria(91)) - Pipeline Placement: Doesn't meet the criteria to be viable node： b892e876-f5ae-410a-9dfd-4f07fd940729 Heaviness: 6 limit: 5
2019-09-20 08:44:26,985 [IPC Server handler 2 on 45031] INFO  pipeline.PipelinePlacementPolicy (PipelinePlacementPolicy.java:meetCriteria(91)) - Pipeline Placement: Doesn't meet the criteria to be viable node： 75feff7d-6f48-4002-b580-45a21ea734c6 Heaviness: 6 limit: 5
2019-09-20 08:44:26,985 [IPC Server handler 2 on 45031] INFO  pipeline.PipelinePlacementPolicy (PipelinePlacementPolicy.java:meetCriteria(91)) - Pipeline Placement: Doesn't meet the criteria to be viable node： 9123b815-6bfa-48f7-ade2-b84cdc033afa Heaviness: 6 limit: 5
2019-09-20 08:44:26,985 [IPC Server handler 2 on 45031] INFO  pipeline.PipelinePlacementPolicy (PipelinePlacementPolicy.java:meetCriteria(91)) - Pipeline Placement: Doesn't meet the criteria to be viable node： a4a73c82-9756-45ac-afed-7299ac804f25 Heaviness: 6 limit: 5
2019-09-20 08:44:26,985 [IPC Server handler 2 on 45031] ERROR pipeline.PipelinePlacementPolicy (PipelinePlacementPolicy.java:filterViableNodes(148)) - Unable to find enough nodes that meet the criteria that cannot engage in more than 5 pipelines. Nodes required: 3 Found: 0, healthy nodes count inNodeManager: 5.
2019-09-20 08:44:26,986 [IPC Server handler 2 on 45031] ERROR pipeline.SCMPipelineManager (SCMPipelineManager.java:createPipeline(161)) - Pipeline creation failed due to exception: Unable to find enough nodes that meet the criteria that cannot engage in more than 5 pipelines. Nodes required: 3 Found: 0, healthy nodes count inNodeManager: 5.
2019-09-20 08:44:26,986 [IPC Server handler 2 on 45031] WARN  block.BlockManagerImpl (BlockManagerImpl.java:allocateBlock(192)) - Pipeline creation failed for type:RATIS factor:THREE. Retrying get pipelines call once.
org.apache.hadoop.hdds.scm.exceptions.SCMException: Unable to find enough nodes that meet the criteria that cannot engage in more than 5 pipelines. Nodes required: 3 Found: 0, healthy nodes count inNodeManager: 5.
	at org.apache.hadoop.hdds.scm.pipeline.PipelinePlacementPolicy.filterViableNodes(PipelinePlacementPolicy.java:149)
	at org.apache.hadoop.hdds.scm.pipeline.PipelinePlacementPolicy.chooseDatanodes(PipelinePlacementPolicy.java:172)
	at org.apache.hadoop.hdds.scm.pipeline.RatisPipelineProvider.create(RatisPipelineProvider.java:92)
	at org.apache.hadoop.hdds.scm.pipeline.PipelineFactory.create(PipelineFactory.java:57)
	at org.apache.hadoop.hdds.scm.pipeline.SCMPipelineManager.createPipeline(SCMPipelineManager.java:149)
	at org.apache.hadoop.hdds.scm.block.BlockManagerImpl.allocateBlock(BlockManagerImpl.java:190)
	at org.apache.hadoop.hdds.scm.server.SCMBlockProtocolServer.allocateBlock(SCMBlockProtocolServer.java:175)
	at org.apache.hadoop.ozone.protocolPB.ScmBlockLocationProtocolServerSideTranslatorPB.allocateScmBlock(ScmBlockLocationProtocolServerSideTranslatorPB.java:153)
	at org.apache.hadoop.ozone.protocolPB.ScmBlockLocationProtocolServerSideTranslatorPB.send(ScmBlockLocationProtocolServerSideTranslatorPB.java:112)
	at org.apache.hadoop.hdds.protocol.proto.ScmBlockLocationProtocolProtos$ScmBlockLocationProtocolService$2.callBlockingMethod(ScmBlockLocationProtocolProtos.java:13157)
	at org.apache.hadoop.ipc.ProtobufRpcEngine$Server$ProtoBufRpcInvoker.call(ProtobufRpcEngine.java:524)
	at org.apache.hadoop.ipc.RPC$Server.call(RPC.java:1025)
	at org.apache.hadoop.ipc.Server$RpcCall.run(Server.java:876)
	at org.apache.hadoop.ipc.Server$RpcCall.run(Server.java:822)
	at java.security.AccessController.doPrivileged(Native Method)
	at javax.security.auth.Subject.doAs(Subject.java:422)
	at org.apache.hadoop.security.UserGroupInformation.doAs(UserGroupInformation.java:1730)
	at org.apache.hadoop.ipc.Server$Handler.run(Server.java:2682)
2019-09-20 08:44:26,986 [IPC Server handler 2 on 45031] INFO  block.BlockManagerImpl (BlockManagerImpl.java:allocateBlock(198)) - Could not find available pipeline of type:RATIS and factor:THREE even after retrying
2019-09-20 08:44:26,986 [IPC Server handler 2 on 45031] ERROR block.BlockManagerImpl (BlockManagerImpl.java:allocateBlock(222)) - Unable to allocate a block for the size: 4194304, type: RATIS, factor: THREE
2019-09-20 08:44:26,987 | INFO  | SCMAudit | user=jenkins1000 | ip=192.168.36.79 | op=ALLOCATE_BLOCK {owner=a1d0c9a2-9b67-4af3-a1f8-8c5669c9b817, size=4194304, type=RATIS, factor=THREE} | ret=SUCCESS |  
2019-09-20 08:44:26,988 | ERROR | OMAudit | user=jenkins1000 | ip=127.0.0.1 | op=CREATE_FILE {volume=volume58442, bucket=bucket72129, key=test/ITestOzoneContractDistCp/testUpdateDeepDirectoryStructureNoChange/remote/outputDir/.distcp.tmp.attempt_local1209324504_0001_m_000002_0, dataSize=0, replicationType=RATIS, replicationFactor=THREE, keyLocationInfo=null} | ret=FAILURE | org.apache.hadoop.hdds.scm.exceptions.SCMException: Allocated 0 blocks. Requested 1 blocks
	at org.apache.hadoop.hdds.scm.protocolPB.ScmBlockLocationProtocolClientSideTranslatorPB.handleError(ScmBlockLocationProtocolClientSideTranslatorPB.java:118)
	at org.apache.hadoop.hdds.scm.protocolPB.ScmBlockLocationProtocolClientSideTranslatorPB.allocateBlock(ScmBlockLocationProtocolClientSideTranslatorPB.java:156) 
2019-09-20 08:44:26,992 | ERROR | OMAudit | user=jenkins1000 | ip=127.0.0.1 | op=GET_FILE_STATUS {volume=volume58442, bucket=bucket72129, key=test/ITestOzoneContractDistCp/testUpdateDeepDirectoryStructureNoChange/remote/outputDir/.distcp.tmp.attempt_local1209324504_0001_m_000002_0, dataSize=0, replicationType=null, replicationFactor=null, keyLocationInfo=null} | ret=FAILURE | FILE_NOT_FOUND org.apache.hadoop.ozone.om.exceptions.OMException: Unable to get file status: volume: volume58442 bucket: bucket72129 key: test/ITestOzoneContractDistCp/testUpdateDeepDirectoryStructureNoChange/remote/outputDir/.distcp.tmp.attempt_local1209324504_0001_m_000002_0
	at org.apache.hadoop.ozone.om.KeyManagerImpl.getFileStatus(KeyManagerImpl.java:1655)
	at org.apache.hadoop.ozone.om.OzoneManager.getFileStatus(OzoneManager.java:2868) 
2019-09-20 08:44:26,994 [LocalJobRunner Map Task Executor #0] WARN  ozone.BasicOzoneFileSystem (BasicOzoneFileSystem.java:delete(437)) - delete: Path does not exist: o3fs://bucket72129.volume58442/test/ITestOzoneContractDistCp/testUpdateDeepDirectoryStructureNoChange/remote/outputDir/.distcp.tmp.attempt_local1209324504_0001_m_000002_0
2019-09-20 08:44:26,994 [LocalJobRunner Map Task Executor #0] ERROR util.RetriableCommand (RetriableCommand.java:execute(89)) - Failure in Retriable command: Copying file:/workdir/hadoop-ozone/ozonefs/target/test-dir/ITestOzoneContractDistCp/testUpdateDeepDirectoryStructureNoChange/local/inputDir/subDir2/subDir2/file3 to o3fs://bucket72129.volume58442/test/ITestOzoneContractDistCp/testUpdateDeepDirectoryStructureNoChange/remote/outputDir/inputDir/subDir2/subDir2/file3
INTERNAL_ERROR org.apache.hadoop.ozone.om.exceptions.OMException: Allocated 0 blocks. Requested 1 blocks
	at org.apache.hadoop.ozone.om.protocolPB.OzoneManagerProtocolClientSideTranslatorPB.handleError(OzoneManagerProtocolClientSideTranslatorPB.java:725)
	at org.apache.hadoop.ozone.om.protocolPB.OzoneManagerProtocolClientSideTranslatorPB.createFile(OzoneManagerProtocolClientSideTranslatorPB.java:1474)
	at org.apache.hadoop.ozone.client.rpc.RpcClient.createFile(RpcClient.java:984)
	at org.apache.hadoop.ozone.client.OzoneBucket.createFile(OzoneBucket.java:535)
	at org.apache.hadoop.fs.ozone.BasicOzoneClientAdapterImpl.createFile(BasicOzoneClientAdapterImpl.java:181)
	at org.apache.hadoop.fs.ozone.BasicOzoneFileSystem.createOutputStream(BasicOzoneFileSystem.java:249)
	at org.apache.hadoop.fs.ozone.BasicOzoneFileSystem.create(BasicOzoneFileSystem.java:230)
	at org.apache.hadoop.fs.FileSystem.create(FileSystem.java:1195)
	at org.apache.hadoop.tools.mapred.RetriableFileCopyCommand.copyToFile(RetriableFileCopyCommand.java:184)
	at org.apache.hadoop.tools.mapred.RetriableFileCopyCommand.doCopy(RetriableFileCopyCommand.java:123)
	at org.apache.hadoop.tools.mapred.RetriableFileCopyCommand.doExecute(RetriableFileCopyCommand.java:99)
	at org.apache.hadoop.tools.util.RetriableCommand.execute(RetriableCommand.java:87)
	at org.apache.hadoop.tools.mapred.CopyMapper.copyFileWithRetry(CopyMapper.java:256)
	at org.apache.hadoop.tools.mapred.CopyMapper.map(CopyMapper.java:217)
	at org.apache.hadoop.tools.mapred.CopyMapper.map(CopyMapper.java:48)
	at org.apache.hadoop.mapreduce.Mapper.run(Mapper.java:146)
	at org.apache.hadoop.mapred.MapTask.runNewMapper(MapTask.java:799)
	at org.apache.hadoop.mapred.MapTask.run(MapTask.java:347)
	at org.apache.hadoop.mapred.LocalJobRunner$Job$MapTaskRunnable.run(LocalJobRunner.java:271)
	at java.util.concurrent.Executors$RunnableAdapter.call(Executors.java:511)
	at java.util.concurrent.FutureTask.run(FutureTask.java:266)
	at java.util.concurrent.ThreadPoolExecutor.runWorker(ThreadPoolExecutor.java:1149)
	at java.util.concurrent.ThreadPoolExecutor$Worker.run(ThreadPoolExecutor.java:624)
	at java.lang.Thread.run(Thread.java:748)
2019-09-20 08:44:27,242 [Thread-235] INFO  mapreduce.Job (Job.java:monitorAndPrintJob(1647)) -  map 100% reduce 0%
2019-09-20 08:44:27,454 | INFO  | SCMAudit | user=jenkins1000 | ip=192.168.36.79 | op=SEND_HEARTBEAT {datanodeUUID=75feff7d-6f48-4002-b580-45a21ea734c6, command=[]} | ret=SUCCESS |  
2019-09-20 08:44:27,473 | INFO  | SCMAudit | user=jenkins1000 | ip=192.168.36.79 | op=SEND_HEARTBEAT {datanodeUUID=b892e876-f5ae-410a-9dfd-4f07fd940729, command=[]} | ret=SUCCESS |  
2019-09-20 08:44:27,484 | INFO  | SCMAudit | user=jenkins1000 | ip=192.168.36.79 | op=SEND_HEARTBEAT {datanodeUUID=aa30552f-ad30-4fe7-9018-411c04218958, command=[]} | ret=SUCCESS |  
2019-09-20 08:44:27,723 | INFO  | SCMAudit | user=jenkins1000 | ip=192.168.36.79 | op=SEND_HEARTBEAT {datanodeUUID=a4a73c82-9756-45ac-afed-7299ac804f25, command=[]} | ret=SUCCESS |  
2019-09-20 08:44:27,969 | INFO  | SCMAudit | user=jenkins1000 | ip=192.168.36.79 | op=SEND_HEARTBEAT {datanodeUUID=9123b815-6bfa-48f7-ade2-b84cdc033afa, command=[]} | ret=SUCCESS |  
2019-09-20 08:44:28,455 | INFO  | SCMAudit | user=jenkins1000 | ip=192.168.36.79 | op=SEND_HEARTBEAT {datanodeUUID=75feff7d-6f48-4002-b580-45a21ea734c6, command=[]} | ret=SUCCESS |  
2019-09-20 08:44:28,473 | INFO  | SCMAudit | user=jenkins1000 | ip=192.168.36.79 | op=SEND_HEARTBEAT {datanodeUUID=b892e876-f5ae-410a-9dfd-4f07fd940729, command=[]} | ret=SUCCESS |  
2019-09-20 08:44:28,484 | INFO  | SCMAudit | user=jenkins1000 | ip=192.168.36.79 | op=SEND_HEARTBEAT {datanodeUUID=aa30552f-ad30-4fe7-9018-411c04218958, command=[]} | ret=SUCCESS |  
2019-09-20 08:44:28,724 | INFO  | SCMAudit | user=jenkins1000 | ip=192.168.36.79 | op=SEND_HEARTBEAT {datanodeUUID=a4a73c82-9756-45ac-afed-7299ac804f25, command=[]} | ret=SUCCESS |  
2019-09-20 08:44:28,970 | INFO  | SCMAudit | user=jenkins1000 | ip=192.168.36.79 | op=SEND_HEARTBEAT {datanodeUUID=9123b815-6bfa-48f7-ade2-b84cdc033afa, command=[]} | ret=SUCCESS |  
2019-09-20 08:44:29,322 [LocalJobRunner Map Task Executor #0] INFO  mapred.RetriableFileCopyCommand (RetriableFileCopyCommand.java:getTmpFile(260)) - Creating temp file: o3fs://bucket72129.volume58442/test/ITestOzoneContractDistCp/testUpdateDeepDirectoryStructureNoChange/remote/outputDir/.distcp.tmp.attempt_local1209324504_0001_m_000002_0
2019-09-20 08:44:29,328 [IPC Server handler 1 on 45031] INFO  pipeline.PipelinePlacementPolicy (PipelinePlacementPolicy.java:meetCriteria(91)) - Pipeline Placement: Doesn't meet the criteria to be viable node： aa30552f-ad30-4fe7-9018-411c04218958 Heaviness: 6 limit: 5
2019-09-20 08:44:29,329 [IPC Server handler 1 on 45031] INFO  pipeline.PipelinePlacementPolicy (PipelinePlacementPolicy.java:meetCriteria(91)) - Pipeline Placement: Doesn't meet the criteria to be viable node： b892e876-f5ae-410a-9dfd-4f07fd940729 Heaviness: 6 limit: 5
2019-09-20 08:44:29,329 [IPC Server handler 1 on 45031] INFO  pipeline.PipelinePlacementPolicy (PipelinePlacementPolicy.java:meetCriteria(91)) - Pipeline Placement: Doesn't meet the criteria to be viable node： 75feff7d-6f48-4002-b580-45a21ea734c6 Heaviness: 6 limit: 5
2019-09-20 08:44:29,329 [IPC Server handler 1 on 45031] INFO  pipeline.PipelinePlacementPolicy (PipelinePlacementPolicy.java:meetCriteria(91)) - Pipeline Placement: Doesn't meet the criteria to be viable node： 9123b815-6bfa-48f7-ade2-b84cdc033afa Heaviness: 6 limit: 5
2019-09-20 08:44:29,330 [IPC Server handler 1 on 45031] INFO  pipeline.PipelinePlacementPolicy (PipelinePlacementPolicy.java:meetCriteria(91)) - Pipeline Placement: Doesn't meet the criteria to be viable node： a4a73c82-9756-45ac-afed-7299ac804f25 Heaviness: 6 limit: 5
2019-09-20 08:44:29,330 [IPC Server handler 1 on 45031] ERROR pipeline.PipelinePlacementPolicy (PipelinePlacementPolicy.java:filterViableNodes(148)) - Unable to find enough nodes that meet the criteria that cannot engage in more than 5 pipelines. Nodes required: 3 Found: 0, healthy nodes count inNodeManager: 5.
2019-09-20 08:44:29,330 [IPC Server handler 1 on 45031] ERROR pipeline.SCMPipelineManager (SCMPipelineManager.java:createPipeline(161)) - Pipeline creation failed due to exception: Unable to find enough nodes that meet the criteria that cannot engage in more than 5 pipelines. Nodes required: 3 Found: 0, healthy nodes count inNodeManager: 5.
2019-09-20 08:44:29,330 [IPC Server handler 1 on 45031] WARN  block.BlockManagerImpl (BlockManagerImpl.java:allocateBlock(192)) - Pipeline creation failed for type:RATIS factor:THREE. Retrying get pipelines call once.
org.apache.hadoop.hdds.scm.exceptions.SCMException: Unable to find enough nodes that meet the criteria that cannot engage in more than 5 pipelines. Nodes required: 3 Found: 0, healthy nodes count inNodeManager: 5.
	at org.apache.hadoop.hdds.scm.pipeline.PipelinePlacementPolicy.filterViableNodes(PipelinePlacementPolicy.java:149)
	at org.apache.hadoop.hdds.scm.pipeline.PipelinePlacementPolicy.chooseDatanodes(PipelinePlacementPolicy.java:172)
	at org.apache.hadoop.hdds.scm.pipeline.RatisPipelineProvider.create(RatisPipelineProvider.java:92)
	at org.apache.hadoop.hdds.scm.pipeline.PipelineFactory.create(PipelineFactory.java:57)
	at org.apache.hadoop.hdds.scm.pipeline.SCMPipelineManager.createPipeline(SCMPipelineManager.java:149)
	at org.apache.hadoop.hdds.scm.block.BlockManagerImpl.allocateBlock(BlockManagerImpl.java:190)
	at org.apache.hadoop.hdds.scm.server.SCMBlockProtocolServer.allocateBlock(SCMBlockProtocolServer.java:175)
	at org.apache.hadoop.ozone.protocolPB.ScmBlockLocationProtocolServerSideTranslatorPB.allocateScmBlock(ScmBlockLocationProtocolServerSideTranslatorPB.java:153)
	at org.apache.hadoop.ozone.protocolPB.ScmBlockLocationProtocolServerSideTranslatorPB.send(ScmBlockLocationProtocolServerSideTranslatorPB.java:112)
	at org.apache.hadoop.hdds.protocol.proto.ScmBlockLocationProtocolProtos$ScmBlockLocationProtocolService$2.callBlockingMethod(ScmBlockLocationProtocolProtos.java:13157)
	at org.apache.hadoop.ipc.ProtobufRpcEngine$Server$ProtoBufRpcInvoker.call(ProtobufRpcEngine.java:524)
	at org.apache.hadoop.ipc.RPC$Server.call(RPC.java:1025)
	at org.apache.hadoop.ipc.Server$RpcCall.run(Server.java:876)
	at org.apache.hadoop.ipc.Server$RpcCall.run(Server.java:822)
	at java.security.AccessController.doPrivileged(Native Method)
	at javax.security.auth.Subject.doAs(Subject.java:422)
	at org.apache.hadoop.security.UserGroupInformation.doAs(UserGroupInformation.java:1730)
	at org.apache.hadoop.ipc.Server$Handler.run(Server.java:2682)
2019-09-20 08:44:29,331 [IPC Server handler 1 on 45031] INFO  block.BlockManagerImpl (BlockManagerImpl.java:allocateBlock(198)) - Could not find available pipeline of type:RATIS and factor:THREE even after retrying
2019-09-20 08:44:29,331 [IPC Server handler 1 on 45031] ERROR block.BlockManagerImpl (BlockManagerImpl.java:allocateBlock(222)) - Unable to allocate a block for the size: 4194304, type: RATIS, factor: THREE
2019-09-20 08:44:29,331 | INFO  | SCMAudit | user=jenkins1000 | ip=192.168.36.79 | op=ALLOCATE_BLOCK {owner=a1d0c9a2-9b67-4af3-a1f8-8c5669c9b817, size=4194304, type=RATIS, factor=THREE} | ret=SUCCESS |  
2019-09-20 08:44:29,332 | ERROR | OMAudit | user=jenkins1000 | ip=127.0.0.1 | op=CREATE_FILE {volume=volume58442, bucket=bucket72129, key=test/ITestOzoneContractDistCp/testUpdateDeepDirectoryStructureNoChange/remote/outputDir/.distcp.tmp.attempt_local1209324504_0001_m_000002_0, dataSize=0, replicationType=RATIS, replicationFactor=THREE, keyLocationInfo=null} | ret=FAILURE | org.apache.hadoop.hdds.scm.exceptions.SCMException: Allocated 0 blocks. Requested 1 blocks
	at org.apache.hadoop.hdds.scm.protocolPB.ScmBlockLocationProtocolClientSideTranslatorPB.handleError(ScmBlockLocationProtocolClientSideTranslatorPB.java:118)
	at org.apache.hadoop.hdds.scm.protocolPB.ScmBlockLocationProtocolClientSideTranslatorPB.allocateBlock(ScmBlockLocationProtocolClientSideTranslatorPB.java:156) 
2019-09-20 08:44:29,336 | ERROR | OMAudit | user=jenkins1000 | ip=127.0.0.1 | op=GET_FILE_STATUS {volume=volume58442, bucket=bucket72129, key=test/ITestOzoneContractDistCp/testUpdateDeepDirectoryStructureNoChange/remote/outputDir/.distcp.tmp.attempt_local1209324504_0001_m_000002_0, dataSize=0, replicationType=null, replicationFactor=null, keyLocationInfo=null} | ret=FAILURE | FILE_NOT_FOUND org.apache.hadoop.ozone.om.exceptions.OMException: Unable to get file status: volume: volume58442 bucket: bucket72129 key: test/ITestOzoneContractDistCp/testUpdateDeepDirectoryStructureNoChange/remote/outputDir/.distcp.tmp.attempt_local1209324504_0001_m_000002_0
	at org.apache.hadoop.ozone.om.KeyManagerImpl.getFileStatus(KeyManagerImpl.java:1655)
	at org.apache.hadoop.ozone.om.OzoneManager.getFileStatus(OzoneManager.java:2868) 
2019-09-20 08:44:29,347 [LocalJobRunner Map Task Executor #0] WARN  ozone.BasicOzoneFileSystem (BasicOzoneFileSystem.java:delete(437)) - delete: Path does not exist: o3fs://bucket72129.volume58442/test/ITestOzoneContractDistCp/testUpdateDeepDirectoryStructureNoChange/remote/outputDir/.distcp.tmp.attempt_local1209324504_0001_m_000002_0
2019-09-20 08:44:29,347 [LocalJobRunner Map Task Executor #0] ERROR util.RetriableCommand (RetriableCommand.java:execute(89)) - Failure in Retriable command: Copying file:/workdir/hadoop-ozone/ozonefs/target/test-dir/ITestOzoneContractDistCp/testUpdateDeepDirectoryStructureNoChange/local/inputDir/subDir2/subDir2/file3 to o3fs://bucket72129.volume58442/test/ITestOzoneContractDistCp/testUpdateDeepDirectoryStructureNoChange/remote/outputDir/inputDir/subDir2/subDir2/file3
INTERNAL_ERROR org.apache.hadoop.ozone.om.exceptions.OMException: Allocated 0 blocks. Requested 1 blocks
	at org.apache.hadoop.ozone.om.protocolPB.OzoneManagerProtocolClientSideTranslatorPB.handleError(OzoneManagerProtocolClientSideTranslatorPB.java:725)
	at org.apache.hadoop.ozone.om.protocolPB.OzoneManagerProtocolClientSideTranslatorPB.createFile(OzoneManagerProtocolClientSideTranslatorPB.java:1474)
	at org.apache.hadoop.ozone.client.rpc.RpcClient.createFile(RpcClient.java:984)
	at org.apache.hadoop.ozone.client.OzoneBucket.createFile(OzoneBucket.java:535)
	at org.apache.hadoop.fs.ozone.BasicOzoneClientAdapterImpl.createFile(BasicOzoneClientAdapterImpl.java:181)
	at org.apache.hadoop.fs.ozone.BasicOzoneFileSystem.createOutputStream(BasicOzoneFileSystem.java:249)
	at org.apache.hadoop.fs.ozone.BasicOzoneFileSystem.create(BasicOzoneFileSystem.java:230)
	at org.apache.hadoop.fs.FileSystem.create(FileSystem.java:1195)
	at org.apache.hadoop.tools.mapred.RetriableFileCopyCommand.copyToFile(RetriableFileCopyCommand.java:184)
	at org.apache.hadoop.tools.mapred.RetriableFileCopyCommand.doCopy(RetriableFileCopyCommand.java:123)
	at org.apache.hadoop.tools.mapred.RetriableFileCopyCommand.doExecute(RetriableFileCopyCommand.java:99)
	at org.apache.hadoop.tools.util.RetriableCommand.execute(RetriableCommand.java:87)
	at org.apache.hadoop.tools.mapred.CopyMapper.copyFileWithRetry(CopyMapper.java:256)
	at org.apache.hadoop.tools.mapred.CopyMapper.map(CopyMapper.java:217)
	at org.apache.hadoop.tools.mapred.CopyMapper.map(CopyMapper.java:48)
	at org.apache.hadoop.mapreduce.Mapper.run(Mapper.java:146)
	at org.apache.hadoop.mapred.MapTask.runNewMapper(MapTask.java:799)
	at org.apache.hadoop.mapred.MapTask.run(MapTask.java:347)
	at org.apache.hadoop.mapred.LocalJobRunner$Job$MapTaskRunnable.run(LocalJobRunner.java:271)
	at java.util.concurrent.Executors$RunnableAdapter.call(Executors.java:511)
	at java.util.concurrent.FutureTask.run(FutureTask.java:266)
	at java.util.concurrent.ThreadPoolExecutor.runWorker(ThreadPoolExecutor.java:1149)
	at java.util.concurrent.ThreadPoolExecutor$Worker.run(ThreadPoolExecutor.java:624)
	at java.lang.Thread.run(Thread.java:748)
2019-09-20 08:44:29,456 | INFO  | SCMAudit | user=jenkins1000 | ip=192.168.36.79 | op=SEND_HEARTBEAT {datanodeUUID=75feff7d-6f48-4002-b580-45a21ea734c6, command=[]} | ret=SUCCESS |  
2019-09-20 08:44:29,473 | INFO  | SCMAudit | user=jenkins1000 | ip=192.168.36.79 | op=SEND_HEARTBEAT {datanodeUUID=b892e876-f5ae-410a-9dfd-4f07fd940729, command=[]} | ret=SUCCESS |  
2019-09-20 08:44:29,484 | INFO  | SCMAudit | user=jenkins1000 | ip=192.168.36.79 | op=SEND_HEARTBEAT {datanodeUUID=aa30552f-ad30-4fe7-9018-411c04218958, command=[]} | ret=SUCCESS |  
2019-09-20 08:44:29,723 | INFO  | SCMAudit | user=jenkins1000 | ip=192.168.36.79 | op=SEND_HEARTBEAT {datanodeUUID=a4a73c82-9756-45ac-afed-7299ac804f25, command=[]} | ret=SUCCESS |  
2019-09-20 08:44:29,971 | INFO  | SCMAudit | user=jenkins1000 | ip=192.168.36.79 | op=SEND_HEARTBEAT {datanodeUUID=9123b815-6bfa-48f7-ade2-b84cdc033afa, command=[]} | ret=SUCCESS |  
2019-09-20 08:44:30,456 | INFO  | SCMAudit | user=jenkins1000 | ip=192.168.36.79 | op=SEND_HEARTBEAT {datanodeUUID=75feff7d-6f48-4002-b580-45a21ea734c6, command=[]} | ret=SUCCESS |  
2019-09-20 08:44:30,474 | INFO  | SCMAudit | user=jenkins1000 | ip=192.168.36.79 | op=SEND_HEARTBEAT {datanodeUUID=b892e876-f5ae-410a-9dfd-4f07fd940729, command=[]} | ret=SUCCESS |  
2019-09-20 08:44:30,484 | INFO  | SCMAudit | user=jenkins1000 | ip=192.168.36.79 | op=SEND_HEARTBEAT {datanodeUUID=aa30552f-ad30-4fe7-9018-411c04218958, command=[]} | ret=SUCCESS |  
2019-09-20 08:44:30,724 | INFO  | SCMAudit | user=jenkins1000 | ip=192.168.36.79 | op=SEND_HEARTBEAT {datanodeUUID=a4a73c82-9756-45ac-afed-7299ac804f25, command=[]} | ret=SUCCESS |  
2019-09-20 08:44:30,970 | INFO  | SCMAudit | user=jenkins1000 | ip=192.168.36.79 | op=SEND_HEARTBEAT {datanodeUUID=9123b815-6bfa-48f7-ade2-b84cdc033afa, command=[]} | ret=SUCCESS |  
2019-09-20 08:44:31,359 [communication thread] INFO  mapred.LocalJobRunner (LocalJobRunner.java:statusUpdate(634)) - Copy Failure: file:/workdir/hadoop-ozone/ozonefs/target/test-dir/ITestOzoneContractDistCp/testUpdateDeepDirectoryStructureNoChange/local/inputDir/subDir4/subDir4/file4 > map
2019-09-20 08:44:31,457 | INFO  | SCMAudit | user=jenkins1000 | ip=192.168.36.79 | op=SEND_HEARTBEAT {datanodeUUID=75feff7d-6f48-4002-b580-45a21ea734c6, command=[]} | ret=SUCCESS |  
2019-09-20 08:44:31,473 | INFO  | SCMAudit | user=jenkins1000 | ip=192.168.36.79 | op=SEND_HEARTBEAT {datanodeUUID=b892e876-f5ae-410a-9dfd-4f07fd940729, command=[]} | ret=SUCCESS |  
2019-09-20 08:44:31,484 | INFO  | SCMAudit | user=jenkins1000 | ip=192.168.36.79 | op=SEND_HEARTBEAT {datanodeUUID=aa30552f-ad30-4fe7-9018-411c04218958, command=[]} | ret=SUCCESS |  
2019-09-20 08:44:31,724 | INFO  | SCMAudit | user=jenkins1000 | ip=192.168.36.79 | op=SEND_HEARTBEAT {datanodeUUID=a4a73c82-9756-45ac-afed-7299ac804f25, command=[]} | ret=SUCCESS |  
2019-09-20 08:44:31,970 | INFO  | SCMAudit | user=jenkins1000 | ip=192.168.36.79 | op=SEND_HEARTBEAT {datanodeUUID=9123b815-6bfa-48f7-ade2-b84cdc033afa, command=[]} | ret=SUCCESS |  
2019-09-20 08:44:32,246 [Thread-235] INFO  mapreduce.Job (Job.java:monitorAndPrintJob(1647)) -  map 15% reduce 0%
2019-09-20 08:44:32,456 | INFO  | SCMAudit | user=jenkins1000 | ip=192.168.36.79 | op=SEND_HEARTBEAT {datanodeUUID=75feff7d-6f48-4002-b580-45a21ea734c6, command=[]} | ret=SUCCESS |  
2019-09-20 08:44:32,473 | INFO  | SCMAudit | user=jenkins1000 | ip=192.168.36.79 | op=SEND_HEARTBEAT {datanodeUUID=b892e876-f5ae-410a-9dfd-4f07fd940729, command=[]} | ret=SUCCESS |  
2019-09-20 08:44:32,484 | INFO  | SCMAudit | user=jenkins1000 | ip=192.168.36.79 | op=SEND_HEARTBEAT {datanodeUUID=aa30552f-ad30-4fe7-9018-411c04218958, command=[]} | ret=SUCCESS |  
2019-09-20 08:44:32,723 | INFO  | SCMAudit | user=jenkins1000 | ip=192.168.36.79 | op=SEND_HEARTBEAT {datanodeUUID=a4a73c82-9756-45ac-afed-7299ac804f25, command=[]} | ret=SUCCESS |  
2019-09-20 08:44:32,970 | INFO  | SCMAudit | user=jenkins1000 | ip=192.168.36.79 | op=SEND_HEARTBEAT {datanodeUUID=9123b815-6bfa-48f7-ade2-b84cdc033afa, command=[]} | ret=SUCCESS |  
2019-09-20 08:44:33,456 | INFO  | SCMAudit | user=jenkins1000 | ip=192.168.36.79 | op=SEND_HEARTBEAT {datanodeUUID=75feff7d-6f48-4002-b580-45a21ea734c6, command=[]} | ret=SUCCESS |  
2019-09-20 08:44:33,473 | INFO  | SCMAudit | user=jenkins1000 | ip=192.168.36.79 | op=SEND_HEARTBEAT {datanodeUUID=b892e876-f5ae-410a-9dfd-4f07fd940729, command=[]} | ret=SUCCESS |  
2019-09-20 08:44:33,484 | INFO  | SCMAudit | user=jenkins1000 | ip=192.168.36.79 | op=SEND_HEARTBEAT {datanodeUUID=aa30552f-ad30-4fe7-9018-411c04218958, command=[]} | ret=SUCCESS |  
2019-09-20 08:44:33,724 | INFO  | SCMAudit | user=jenkins1000 | ip=192.168.36.79 | op=SEND_HEARTBEAT {datanodeUUID=a4a73c82-9756-45ac-afed-7299ac804f25, command=[]} | ret=SUCCESS |  
2019-09-20 08:44:33,971 | INFO  | SCMAudit | user=jenkins1000 | ip=192.168.36.79 | op=SEND_HEARTBEAT {datanodeUUID=9123b815-6bfa-48f7-ade2-b84cdc033afa, command=[]} | ret=SUCCESS |  
2019-09-20 08:44:34,156 [LocalJobRunner Map Task Executor #0] INFO  mapred.RetriableFileCopyCommand (RetriableFileCopyCommand.java:getTmpFile(260)) - Creating temp file: o3fs://bucket72129.volume58442/test/ITestOzoneContractDistCp/testUpdateDeepDirectoryStructureNoChange/remote/outputDir/.distcp.tmp.attempt_local1209324504_0001_m_000002_0
2019-09-20 08:44:34,161 [IPC Server handler 1 on 45031] INFO  pipeline.PipelinePlacementPolicy (PipelinePlacementPolicy.java:meetCriteria(91)) - Pipeline Placement: Doesn't meet the criteria to be viable node： aa30552f-ad30-4fe7-9018-411c04218958 Heaviness: 6 limit: 5
2019-09-20 08:44:34,162 [IPC Server handler 1 on 45031] INFO  pipeline.PipelinePlacementPolicy (PipelinePlacementPolicy.java:meetCriteria(91)) - Pipeline Placement: Doesn't meet the criteria to be viable node： b892e876-f5ae-410a-9dfd-4f07fd940729 Heaviness: 6 limit: 5
2019-09-20 08:44:34,162 [IPC Server handler 1 on 45031] INFO  pipeline.PipelinePlacementPolicy (PipelinePlacementPolicy.java:meetCriteria(91)) - Pipeline Placement: Doesn't meet the criteria to be viable node： 75feff7d-6f48-4002-b580-45a21ea734c6 Heaviness: 6 limit: 5
2019-09-20 08:44:34,162 [IPC Server handler 1 on 45031] INFO  pipeline.PipelinePlacementPolicy (PipelinePlacementPolicy.java:meetCriteria(91)) - Pipeline Placement: Doesn't meet the criteria to be viable node： 9123b815-6bfa-48f7-ade2-b84cdc033afa Heaviness: 6 limit: 5
2019-09-20 08:44:34,162 [IPC Server handler 1 on 45031] INFO  pipeline.PipelinePlacementPolicy (PipelinePlacementPolicy.java:meetCriteria(91)) - Pipeline Placement: Doesn't meet the criteria to be viable node： a4a73c82-9756-45ac-afed-7299ac804f25 Heaviness: 6 limit: 5
2019-09-20 08:44:34,163 [IPC Server handler 1 on 45031] ERROR pipeline.PipelinePlacementPolicy (PipelinePlacementPolicy.java:filterViableNodes(148)) - Unable to find enough nodes that meet the criteria that cannot engage in more than 5 pipelines. Nodes required: 3 Found: 0, healthy nodes count inNodeManager: 5.
2019-09-20 08:44:34,163 [IPC Server handler 1 on 45031] ERROR pipeline.SCMPipelineManager (SCMPipelineManager.java:createPipeline(161)) - Pipeline creation failed due to exception: Unable to find enough nodes that meet the criteria that cannot engage in more than 5 pipelines. Nodes required: 3 Found: 0, healthy nodes count inNodeManager: 5.
2019-09-20 08:44:34,163 [IPC Server handler 1 on 45031] WARN  block.BlockManagerImpl (BlockManagerImpl.java:allocateBlock(192)) - Pipeline creation failed for type:RATIS factor:THREE. Retrying get pipelines call once.
org.apache.hadoop.hdds.scm.exceptions.SCMException: Unable to find enough nodes that meet the criteria that cannot engage in more than 5 pipelines. Nodes required: 3 Found: 0, healthy nodes count inNodeManager: 5.
	at org.apache.hadoop.hdds.scm.pipeline.PipelinePlacementPolicy.filterViableNodes(PipelinePlacementPolicy.java:149)
	at org.apache.hadoop.hdds.scm.pipeline.PipelinePlacementPolicy.chooseDatanodes(PipelinePlacementPolicy.java:172)
	at org.apache.hadoop.hdds.scm.pipeline.RatisPipelineProvider.create(RatisPipelineProvider.java:92)
	at org.apache.hadoop.hdds.scm.pipeline.PipelineFactory.create(PipelineFactory.java:57)
	at org.apache.hadoop.hdds.scm.pipeline.SCMPipelineManager.createPipeline(SCMPipelineManager.java:149)
	at org.apache.hadoop.hdds.scm.block.BlockManagerImpl.allocateBlock(BlockManagerImpl.java:190)
	at org.apache.hadoop.hdds.scm.server.SCMBlockProtocolServer.allocateBlock(SCMBlockProtocolServer.java:175)
	at org.apache.hadoop.ozone.protocolPB.ScmBlockLocationProtocolServerSideTranslatorPB.allocateScmBlock(ScmBlockLocationProtocolServerSideTranslatorPB.java:153)
	at org.apache.hadoop.ozone.protocolPB.ScmBlockLocationProtocolServerSideTranslatorPB.send(ScmBlockLocationProtocolServerSideTranslatorPB.java:112)
	at org.apache.hadoop.hdds.protocol.proto.ScmBlockLocationProtocolProtos$ScmBlockLocationProtocolService$2.callBlockingMethod(ScmBlockLocationProtocolProtos.java:13157)
	at org.apache.hadoop.ipc.ProtobufRpcEngine$Server$ProtoBufRpcInvoker.call(ProtobufRpcEngine.java:524)
	at org.apache.hadoop.ipc.RPC$Server.call(RPC.java:1025)
	at org.apache.hadoop.ipc.Server$RpcCall.run(Server.java:876)
	at org.apache.hadoop.ipc.Server$RpcCall.run(Server.java:822)
	at java.security.AccessController.doPrivileged(Native Method)
	at javax.security.auth.Subject.doAs(Subject.java:422)
	at org.apache.hadoop.security.UserGroupInformation.doAs(UserGroupInformation.java:1730)
	at org.apache.hadoop.ipc.Server$Handler.run(Server.java:2682)
2019-09-20 08:44:34,163 [IPC Server handler 1 on 45031] INFO  block.BlockManagerImpl (BlockManagerImpl.java:allocateBlock(198)) - Could not find available pipeline of type:RATIS and factor:THREE even after retrying
2019-09-20 08:44:34,164 [IPC Server handler 1 on 45031] ERROR block.BlockManagerImpl (BlockManagerImpl.java:allocateBlock(222)) - Unable to allocate a block for the size: 4194304, type: RATIS, factor: THREE
2019-09-20 08:44:34,164 | INFO  | SCMAudit | user=jenkins1000 | ip=192.168.36.79 | op=ALLOCATE_BLOCK {owner=a1d0c9a2-9b67-4af3-a1f8-8c5669c9b817, size=4194304, type=RATIS, factor=THREE} | ret=SUCCESS |  
2019-09-20 08:44:34,165 | ERROR | OMAudit | user=jenkins1000 | ip=127.0.0.1 | op=CREATE_FILE {volume=volume58442, bucket=bucket72129, key=test/ITestOzoneContractDistCp/testUpdateDeepDirectoryStructureNoChange/remote/outputDir/.distcp.tmp.attempt_local1209324504_0001_m_000002_0, dataSize=0, replicationType=RATIS, replicationFactor=THREE, keyLocationInfo=null} | ret=FAILURE | org.apache.hadoop.hdds.scm.exceptions.SCMException: Allocated 0 blocks. Requested 1 blocks
	at org.apache.hadoop.hdds.scm.protocolPB.ScmBlockLocationProtocolClientSideTranslatorPB.handleError(ScmBlockLocationProtocolClientSideTranslatorPB.java:118)
	at org.apache.hadoop.hdds.scm.protocolPB.ScmBlockLocationProtocolClientSideTranslatorPB.allocateBlock(ScmBlockLocationProtocolClientSideTranslatorPB.java:156) 
2019-09-20 08:44:34,170 | ERROR | OMAudit | user=jenkins1000 | ip=127.0.0.1 | op=GET_FILE_STATUS {volume=volume58442, bucket=bucket72129, key=test/ITestOzoneContractDistCp/testUpdateDeepDirectoryStructureNoChange/remote/outputDir/.distcp.tmp.attempt_local1209324504_0001_m_000002_0, dataSize=0, replicationType=null, replicationFactor=null, keyLocationInfo=null} | ret=FAILURE | FILE_NOT_FOUND org.apache.hadoop.ozone.om.exceptions.OMException: Unable to get file status: volume: volume58442 bucket: bucket72129 key: test/ITestOzoneContractDistCp/testUpdateDeepDirectoryStructureNoChange/remote/outputDir/.distcp.tmp.attempt_local1209324504_0001_m_000002_0
	at org.apache.hadoop.ozone.om.KeyManagerImpl.getFileStatus(KeyManagerImpl.java:1655)
	at org.apache.hadoop.ozone.om.OzoneManager.getFileStatus(OzoneManager.java:2868) 
2019-09-20 08:44:34,173 [LocalJobRunner Map Task Executor #0] WARN  ozone.BasicOzoneFileSystem (BasicOzoneFileSystem.java:delete(437)) - delete: Path does not exist: o3fs://bucket72129.volume58442/test/ITestOzoneContractDistCp/testUpdateDeepDirectoryStructureNoChange/remote/outputDir/.distcp.tmp.attempt_local1209324504_0001_m_000002_0
2019-09-20 08:44:34,173 [LocalJobRunner Map Task Executor #0] ERROR util.RetriableCommand (RetriableCommand.java:execute(89)) - Failure in Retriable command: Copying file:/workdir/hadoop-ozone/ozonefs/target/test-dir/ITestOzoneContractDistCp/testUpdateDeepDirectoryStructureNoChange/local/inputDir/subDir2/subDir2/file3 to o3fs://bucket72129.volume58442/test/ITestOzoneContractDistCp/testUpdateDeepDirectoryStructureNoChange/remote/outputDir/inputDir/subDir2/subDir2/file3
INTERNAL_ERROR org.apache.hadoop.ozone.om.exceptions.OMException: Allocated 0 blocks. Requested 1 blocks
	at org.apache.hadoop.ozone.om.protocolPB.OzoneManagerProtocolClientSideTranslatorPB.handleError(OzoneManagerProtocolClientSideTranslatorPB.java:725)
	at org.apache.hadoop.ozone.om.protocolPB.OzoneManagerProtocolClientSideTranslatorPB.createFile(OzoneManagerProtocolClientSideTranslatorPB.java:1474)
	at org.apache.hadoop.ozone.client.rpc.RpcClient.createFile(RpcClient.java:984)
	at org.apache.hadoop.ozone.client.OzoneBucket.createFile(OzoneBucket.java:535)
	at org.apache.hadoop.fs.ozone.BasicOzoneClientAdapterImpl.createFile(BasicOzoneClientAdapterImpl.java:181)
	at org.apache.hadoop.fs.ozone.BasicOzoneFileSystem.createOutputStream(BasicOzoneFileSystem.java:249)
	at org.apache.hadoop.fs.ozone.BasicOzoneFileSystem.create(BasicOzoneFileSystem.java:230)
	at org.apache.hadoop.fs.FileSystem.create(FileSystem.java:1195)
	at org.apache.hadoop.tools.mapred.RetriableFileCopyCommand.copyToFile(RetriableFileCopyCommand.java:184)
	at org.apache.hadoop.tools.mapred.RetriableFileCopyCommand.doCopy(RetriableFileCopyCommand.java:123)
	at org.apache.hadoop.tools.mapred.RetriableFileCopyCommand.doExecute(RetriableFileCopyCommand.java:99)
	at org.apache.hadoop.tools.util.RetriableCommand.execute(RetriableCommand.java:87)
	at org.apache.hadoop.tools.mapred.CopyMapper.copyFileWithRetry(CopyMapper.java:256)
	at org.apache.hadoop.tools.mapred.CopyMapper.map(CopyMapper.java:217)
	at org.apache.hadoop.tools.mapred.CopyMapper.map(CopyMapper.java:48)
	at org.apache.hadoop.mapreduce.Mapper.run(Mapper.java:146)
	at org.apache.hadoop.mapred.MapTask.runNewMapper(MapTask.java:799)
	at org.apache.hadoop.mapred.MapTask.run(MapTask.java:347)
	at org.apache.hadoop.mapred.LocalJobRunner$Job$MapTaskRunnable.run(LocalJobRunner.java:271)
	at java.util.concurrent.Executors$RunnableAdapter.call(Executors.java:511)
	at java.util.concurrent.FutureTask.run(FutureTask.java:266)
	at java.util.concurrent.ThreadPoolExecutor.runWorker(ThreadPoolExecutor.java:1149)
	at java.util.concurrent.ThreadPoolExecutor$Worker.run(ThreadPoolExecutor.java:624)
	at java.lang.Thread.run(Thread.java:748)
2019-09-20 08:44:34,174 [LocalJobRunner Map Task Executor #0] ERROR mapred.CopyMapper (CopyMapper.java:handleFailures(296)) - Failure in copying file:/workdir/hadoop-ozone/ozonefs/target/test-dir/ITestOzoneContractDistCp/testUpdateDeepDirectoryStructureNoChange/local/inputDir/subDir2/subDir2/file3 to o3fs://bucket72129.volume58442/test/ITestOzoneContractDistCp/testUpdateDeepDirectoryStructureNoChange/remote/outputDir/inputDir/subDir2/subDir2/file3
java.io.IOException: File copy failed: file:/workdir/hadoop-ozone/ozonefs/target/test-dir/ITestOzoneContractDistCp/testUpdateDeepDirectoryStructureNoChange/local/inputDir/subDir2/subDir2/file3 --> o3fs://bucket72129.volume58442/test/ITestOzoneContractDistCp/testUpdateDeepDirectoryStructureNoChange/remote/outputDir/inputDir/subDir2/subDir2/file3
	at org.apache.hadoop.tools.mapred.CopyMapper.copyFileWithRetry(CopyMapper.java:259)
	at org.apache.hadoop.tools.mapred.CopyMapper.map(CopyMapper.java:217)
	at org.apache.hadoop.tools.mapred.CopyMapper.map(CopyMapper.java:48)
	at org.apache.hadoop.mapreduce.Mapper.run(Mapper.java:146)
	at org.apache.hadoop.mapred.MapTask.runNewMapper(MapTask.java:799)
	at org.apache.hadoop.mapred.MapTask.run(MapTask.java:347)
	at org.apache.hadoop.mapred.LocalJobRunner$Job$MapTaskRunnable.run(LocalJobRunner.java:271)
	at java.util.concurrent.Executors$RunnableAdapter.call(Executors.java:511)
	at java.util.concurrent.FutureTask.run(FutureTask.java:266)
	at java.util.concurrent.ThreadPoolExecutor.runWorker(ThreadPoolExecutor.java:1149)
	at java.util.concurrent.ThreadPoolExecutor$Worker.run(ThreadPoolExecutor.java:624)
	at java.lang.Thread.run(Thread.java:748)
Caused by: java.io.IOException: Couldn't run retriable-command: Copying file:/workdir/hadoop-ozone/ozonefs/target/test-dir/ITestOzoneContractDistCp/testUpdateDeepDirectoryStructureNoChange/local/inputDir/subDir2/subDir2/file3 to o3fs://bucket72129.volume58442/test/ITestOzoneContractDistCp/testUpdateDeepDirectoryStructureNoChange/remote/outputDir/inputDir/subDir2/subDir2/file3
	at org.apache.hadoop.tools.util.RetriableCommand.execute(RetriableCommand.java:101)
	at org.apache.hadoop.tools.mapred.CopyMapper.copyFileWithRetry(CopyMapper.java:256)
	... 11 more
Caused by: INTERNAL_ERROR org.apache.hadoop.ozone.om.exceptions.OMException: Allocated 0 blocks. Requested 1 blocks
	at org.apache.hadoop.ozone.om.protocolPB.OzoneManagerProtocolClientSideTranslatorPB.handleError(OzoneManagerProtocolClientSideTranslatorPB.java:725)
	at org.apache.hadoop.ozone.om.protocolPB.OzoneManagerProtocolClientSideTranslatorPB.createFile(OzoneManagerProtocolClientSideTranslatorPB.java:1474)
	at org.apache.hadoop.ozone.client.rpc.RpcClient.createFile(RpcClient.java:984)
	at org.apache.hadoop.ozone.client.OzoneBucket.createFile(OzoneBucket.java:535)
	at org.apache.hadoop.fs.ozone.BasicOzoneClientAdapterImpl.createFile(BasicOzoneClientAdapterImpl.java:181)
	at org.apache.hadoop.fs.ozone.BasicOzoneFileSystem.createOutputStream(BasicOzoneFileSystem.java:249)
	at org.apache.hadoop.fs.ozone.BasicOzoneFileSystem.create(BasicOzoneFileSystem.java:230)
	at org.apache.hadoop.fs.FileSystem.create(FileSystem.java:1195)
	at org.apache.hadoop.tools.mapred.RetriableFileCopyCommand.copyToFile(RetriableFileCopyCommand.java:184)
	at org.apache.hadoop.tools.mapred.RetriableFileCopyCommand.doCopy(RetriableFileCopyCommand.java:123)
	at org.apache.hadoop.tools.mapred.RetriableFileCopyCommand.doExecute(RetriableFileCopyCommand.java:99)
	at org.apache.hadoop.tools.util.RetriableCommand.execute(RetriableCommand.java:87)
	... 12 more
2019-09-20 08:44:34,175 [LocalJobRunner Map Task Executor #0] INFO  mapred.LocalJobRunner (LocalJobRunner.java:run(252)) - Starting task: attempt_local1209324504_0001_m_000003_0
2019-09-20 08:44:34,176 [LocalJobRunner Map Task Executor #0] INFO  output.FileOutputCommitter (FileOutputCommitter.java:<init>(140)) - File Output Committer Algorithm version is 2
2019-09-20 08:44:34,176 [LocalJobRunner Map Task Executor #0] INFO  output.FileOutputCommitter (FileOutputCommitter.java:<init>(155)) - FileOutputCommitter skip cleanup _temporary folders under output directory:false, ignore cleanup failures: false
2019-09-20 08:44:34,177 [LocalJobRunner Map Task Executor #0] INFO  mapred.Task (Task.java:initialize(626)) -  Using ResourceCalculatorProcessTree : [ ]
2019-09-20 08:44:34,179 [LocalJobRunner Map Task Executor #0] INFO  mapred.MapTask (MapTask.java:runNewMapper(768)) - Processing split: file:/tmp/hadoop/mapred/staging/jenkins1000803860193/.staging/_distcp-334378648/fileList.seq:1981+281
2019-09-20 08:44:34,180 [LocalJobRunner Map Task Executor #0] INFO  output.FileOutputCommitter (FileOutputCommitter.java:<init>(140)) - File Output Committer Algorithm version is 2
2019-09-20 08:44:34,181 [LocalJobRunner Map Task Executor #0] INFO  output.FileOutputCommitter (FileOutputCommitter.java:<init>(155)) - FileOutputCommitter skip cleanup _temporary folders under output directory:false, ignore cleanup failures: false
2019-09-20 08:44:34,201 | INFO  | OMAudit | user=jenkins1000 | ip=127.0.0.1 | op=GET_FILE_STATUS {volume=volume58442, bucket=bucket72129, key=test/ITestOzoneContractDistCp/testUpdateDeepDirectoryStructureNoChange/remote/outputDir, dataSize=0, replicationType=null, replicationFactor=null, keyLocationInfo=null} | ret=SUCCESS |  
2019-09-20 08:44:34,202 [LocalJobRunner Map Task Executor #0] INFO  mapred.CopyMapper (CopyMapper.java:map(154)) - Copying file:/workdir/hadoop-ozone/ozonefs/target/test-dir/ITestOzoneContractDistCp/testUpdateDeepDirectoryStructureNoChange/local/inputDir/subDir2/subDir2 to o3fs://bucket72129.volume58442/test/ITestOzoneContractDistCp/testUpdateDeepDirectoryStructureNoChange/remote/outputDir/inputDir/subDir2/subDir2
2019-09-20 08:44:34,209 | ERROR | OMAudit | user=jenkins1000 | ip=127.0.0.1 | op=GET_FILE_STATUS {volume=volume58442, bucket=bucket72129, key=test/ITestOzoneContractDistCp/testUpdateDeepDirectoryStructureNoChange/remote/outputDir/inputDir/subDir2/subDir2, dataSize=0, replicationType=null, replicationFactor=null, keyLocationInfo=null} | ret=FAILURE | FILE_NOT_FOUND org.apache.hadoop.ozone.om.exceptions.OMException: Unable to get file status: volume: volume58442 bucket: bucket72129 key: test/ITestOzoneContractDistCp/testUpdateDeepDirectoryStructureNoChange/remote/outputDir/inputDir/subDir2/subDir2
	at org.apache.hadoop.ozone.om.KeyManagerImpl.getFileStatus(KeyManagerImpl.java:1655)
	at org.apache.hadoop.ozone.om.OzoneManager.getFileStatus(OzoneManager.java:2868) 
2019-09-20 08:44:34,213 | INFO  | OMAudit | user=jenkins1000 | ip=127.0.0.1 | op=CREATE_DIRECTORY {volume=volume58442, bucket=bucket72129, key=test/ITestOzoneContractDistCp/testUpdateDeepDirectoryStructureNoChange/remote/outputDir/inputDir/subDir2/subDir2, dataSize=0, replicationType=null, replicationFactor=null, keyLocationInfo=null} | ret=SUCCESS |  
2019-09-20 08:44:34,214 [LocalJobRunner Map Task Executor #0] INFO  mapred.LocalJobRunner (LocalJobRunner.java:statusUpdate(634)) - 
2019-09-20 08:44:34,215 [LocalJobRunner Map Task Executor #0] INFO  mapred.Task (Task.java:done(1244)) - Task:attempt_local1209324504_0001_m_000003_0 is done. And is in the process of committing
2019-09-20 08:44:34,216 [LocalJobRunner Map Task Executor #0] INFO  mapred.LocalJobRunner (LocalJobRunner.java:statusUpdate(634)) - 
2019-09-20 08:44:34,216 [LocalJobRunner Map Task Executor #0] INFO  mapred.Task (Task.java:commit(1421)) - Task attempt_local1209324504_0001_m_000003_0 is allowed to commit now
2019-09-20 08:44:34,218 [LocalJobRunner Map Task Executor #0] INFO  output.FileOutputCommitter (FileOutputCommitter.java:commitTask(598)) - Saved output of task 'attempt_local1209324504_0001_m_000003_0' to file:/tmp/hadoop/mapred/staging/jenkins1000803860193/.staging/_distcp-334378648/_logs
2019-09-20 08:44:34,219 [LocalJobRunner Map Task Executor #0] INFO  mapred.LocalJobRunner (LocalJobRunner.java:statusUpdate(634)) - Copying file:/workdir/hadoop-ozone/ozonefs/target/test-dir/ITestOzoneContractDistCp/testUpdateDeepDirectoryStructureNoChange/local/inputDir/subDir2/subDir2 to o3fs://bucket72129.volume58442/test/ITestOzoneContractDistCp/testUpdateDeepDirectoryStructureNoChange/remote/outputDir/inputDir/subDir2/subDir2
2019-09-20 08:44:34,219 [LocalJobRunner Map Task Executor #0] INFO  mapred.Task (Task.java:sendDone(1380)) - Task 'attempt_local1209324504_0001_m_000003_0' done.
2019-09-20 08:44:34,220 [LocalJobRunner Map Task Executor #0] INFO  mapred.Task (Task.java:done(1276)) - Final Counters for attempt_local1209324504_0001_m_000003_0: Counters: 22
	File System Counters
		FILE: Number of bytes read=217911
		FILE: Number of bytes written=826636
		FILE: Number of read operations=0
		FILE: Number of large read operations=0
		FILE: Number of write operations=0
		O3FS: Number of bytes read=0
		O3FS: Number of bytes written=0
		O3FS: Number of read operations=18
		O3FS: Number of large read operations=0
		O3FS: Number of write operations=13
	Map-Reduce Framework
		Map input records=1
		Map output records=0
		Input split bytes=157
		Spilled Records=0
		Failed Shuffles=0
		Merged Map outputs=0
		GC time elapsed (ms)=0
		Total committed heap usage (bytes)=2058354688
	File Input Format Counters 
		Bytes Read=3157
	File Output Format Counters 
		Bytes Written=8
	DistCp Counters
		Bandwidth in Btyes=0
		DIR_COPY=1
2019-09-20 08:44:34,220 [LocalJobRunner Map Task Executor #0] INFO  mapred.LocalJobRunner (LocalJobRunner.java:run(277)) - Finishing task: attempt_local1209324504_0001_m_000003_0
2019-09-20 08:44:34,220 [LocalJobRunner Map Task Executor #0] INFO  mapred.LocalJobRunner (LocalJobRunner.java:run(252)) - Starting task: attempt_local1209324504_0001_m_000004_0
2019-09-20 08:44:34,221 [LocalJobRunner Map Task Executor #0] INFO  output.FileOutputCommitter (FileOutputCommitter.java:<init>(140)) - File Output Committer Algorithm version is 2
2019-09-20 08:44:34,221 [LocalJobRunner Map Task Executor #0] INFO  output.FileOutputCommitter (FileOutputCommitter.java:<init>(155)) - FileOutputCommitter skip cleanup _temporary folders under output directory:false, ignore cleanup failures: false
2019-09-20 08:44:34,222 [LocalJobRunner Map Task Executor #0] INFO  mapred.Task (Task.java:initialize(626)) -  Using ResourceCalculatorProcessTree : [ ]
2019-09-20 08:44:34,223 [LocalJobRunner Map Task Executor #0] INFO  mapred.MapTask (MapTask.java:runNewMapper(768)) - Processing split: file:/tmp/hadoop/mapred/staging/jenkins1000803860193/.staging/_distcp-334378648/fileList.seq:2820+281
2019-09-20 08:44:34,224 [LocalJobRunner Map Task Executor #0] INFO  output.FileOutputCommitter (FileOutputCommitter.java:<init>(140)) - File Output Committer Algorithm version is 2
2019-09-20 08:44:34,224 [LocalJobRunner Map Task Executor #0] INFO  output.FileOutputCommitter (FileOutputCommitter.java:<init>(155)) - FileOutputCommitter skip cleanup _temporary folders under output directory:false, ignore cleanup failures: false
2019-09-20 08:44:34,242 | INFO  | OMAudit | user=jenkins1000 | ip=127.0.0.1 | op=GET_FILE_STATUS {volume=volume58442, bucket=bucket72129, key=test/ITestOzoneContractDistCp/testUpdateDeepDirectoryStructureNoChange/remote/outputDir, dataSize=0, replicationType=null, replicationFactor=null, keyLocationInfo=null} | ret=SUCCESS |  
2019-09-20 08:44:34,243 [LocalJobRunner Map Task Executor #0] INFO  mapred.CopyMapper (CopyMapper.java:map(154)) - Copying file:/workdir/hadoop-ozone/ozonefs/target/test-dir/ITestOzoneContractDistCp/testUpdateDeepDirectoryStructureNoChange/local/inputDir/subDir4/subDir4 to o3fs://bucket72129.volume58442/test/ITestOzoneContractDistCp/testUpdateDeepDirectoryStructureNoChange/remote/outputDir/inputDir/subDir4/subDir4
2019-09-20 08:44:34,248 [Thread-235] INFO  mapreduce.Job (Job.java:monitorAndPrintJob(1647)) -  map 100% reduce 0%
2019-09-20 08:44:34,250 | ERROR | OMAudit | user=jenkins1000 | ip=127.0.0.1 | op=GET_FILE_STATUS {volume=volume58442, bucket=bucket72129, key=test/ITestOzoneContractDistCp/testUpdateDeepDirectoryStructureNoChange/remote/outputDir/inputDir/subDir4/subDir4, dataSize=0, replicationType=null, replicationFactor=null, keyLocationInfo=null} | ret=FAILURE | FILE_NOT_FOUND org.apache.hadoop.ozone.om.exceptions.OMException: Unable to get file status: volume: volume58442 bucket: bucket72129 key: test/ITestOzoneContractDistCp/testUpdateDeepDirectoryStructureNoChange/remote/outputDir/inputDir/subDir4/subDir4
	at org.apache.hadoop.ozone.om.KeyManagerImpl.getFileStatus(KeyManagerImpl.java:1655)
	at org.apache.hadoop.ozone.om.OzoneManager.getFileStatus(OzoneManager.java:2868) 
2019-09-20 08:44:34,253 | INFO  | OMAudit | user=jenkins1000 | ip=127.0.0.1 | op=CREATE_DIRECTORY {volume=volume58442, bucket=bucket72129, key=test/ITestOzoneContractDistCp/testUpdateDeepDirectoryStructureNoChange/remote/outputDir/inputDir/subDir4/subDir4, dataSize=0, replicationType=null, replicationFactor=null, keyLocationInfo=null} | ret=SUCCESS |  
2019-09-20 08:44:34,254 [LocalJobRunner Map Task Executor #0] INFO  mapred.LocalJobRunner (LocalJobRunner.java:statusUpdate(634)) - 
2019-09-20 08:44:34,255 [LocalJobRunner Map Task Executor #0] INFO  mapred.Task (Task.java:done(1244)) - Task:attempt_local1209324504_0001_m_000004_0 is done. And is in the process of committing
2019-09-20 08:44:34,256 [LocalJobRunner Map Task Executor #0] INFO  mapred.LocalJobRunner (LocalJobRunner.java:statusUpdate(634)) - 
2019-09-20 08:44:34,256 [LocalJobRunner Map Task Executor #0] INFO  mapred.Task (Task.java:commit(1421)) - Task attempt_local1209324504_0001_m_000004_0 is allowed to commit now
2019-09-20 08:44:34,258 [LocalJobRunner Map Task Executor #0] INFO  output.FileOutputCommitter (FileOutputCommitter.java:commitTask(598)) - Saved output of task 'attempt_local1209324504_0001_m_000004_0' to file:/tmp/hadoop/mapred/staging/jenkins1000803860193/.staging/_distcp-334378648/_logs
2019-09-20 08:44:34,259 [LocalJobRunner Map Task Executor #0] INFO  mapred.LocalJobRunner (LocalJobRunner.java:statusUpdate(634)) - Copying file:/workdir/hadoop-ozone/ozonefs/target/test-dir/ITestOzoneContractDistCp/testUpdateDeepDirectoryStructureNoChange/local/inputDir/subDir4/subDir4 to o3fs://bucket72129.volume58442/test/ITestOzoneContractDistCp/testUpdateDeepDirectoryStructureNoChange/remote/outputDir/inputDir/subDir4/subDir4
2019-09-20 08:44:34,259 [LocalJobRunner Map Task Executor #0] INFO  mapred.Task (Task.java:sendDone(1380)) - Task 'attempt_local1209324504_0001_m_000004_0' done.
2019-09-20 08:44:34,259 [LocalJobRunner Map Task Executor #0] INFO  mapred.Task (Task.java:done(1276)) - Final Counters for attempt_local1209324504_0001_m_000004_0: Counters: 22
	File System Counters
		FILE: Number of bytes read=221996
		FILE: Number of bytes written=826644
		FILE: Number of read operations=0
		FILE: Number of large read operations=0
		FILE: Number of write operations=0
		O3FS: Number of bytes read=0
		O3FS: Number of bytes written=0
		O3FS: Number of read operations=20
		O3FS: Number of large read operations=0
		O3FS: Number of write operations=13
	Map-Reduce Framework
		Map input records=1
		Map output records=0
		Input split bytes=157
		Spilled Records=0
		Failed Shuffles=0
		Merged Map outputs=0
		GC time elapsed (ms)=0
		Total committed heap usage (bytes)=2058354688
	File Input Format Counters 
		Bytes Read=3157
	File Output Format Counters 
		Bytes Written=8
	DistCp Counters
		Bandwidth in Btyes=0
		DIR_COPY=1
2019-09-20 08:44:34,260 [LocalJobRunner Map Task Executor #0] INFO  mapred.LocalJobRunner (LocalJobRunner.java:run(277)) - Finishing task: attempt_local1209324504_0001_m_000004_0
2019-09-20 08:44:34,260 [LocalJobRunner Map Task Executor #0] INFO  mapred.LocalJobRunner (LocalJobRunner.java:run(252)) - Starting task: attempt_local1209324504_0001_m_000005_0
2019-09-20 08:44:34,261 [LocalJobRunner Map Task Executor #0] INFO  output.FileOutputCommitter (FileOutputCommitter.java:<init>(140)) - File Output Committer Algorithm version is 2
2019-09-20 08:44:34,261 [LocalJobRunner Map Task Executor #0] INFO  output.FileOutputCommitter (FileOutputCommitter.java:<init>(155)) - FileOutputCommitter skip cleanup _temporary folders under output directory:false, ignore cleanup failures: false
2019-09-20 08:44:34,261 [LocalJobRunner Map Task Executor #0] INFO  mapred.Task (Task.java:initialize(626)) -  Using ResourceCalculatorProcessTree : [ ]
2019-09-20 08:44:34,262 [LocalJobRunner Map Task Executor #0] INFO  mapred.MapTask (MapTask.java:runNewMapper(768)) - Processing split: file:/tmp/hadoop/mapred/staging/jenkins1000803860193/.staging/_distcp-334378648/fileList.seq:327+265
2019-09-20 08:44:34,263 [LocalJobRunner Map Task Executor #0] INFO  output.FileOutputCommitter (FileOutputCommitter.java:<init>(140)) - File Output Committer Algorithm version is 2
2019-09-20 08:44:34,263 [LocalJobRunner Map Task Executor #0] INFO  output.FileOutputCommitter (FileOutputCommitter.java:<init>(155)) - FileOutputCommitter skip cleanup _temporary folders under output directory:false, ignore cleanup failures: false
2019-09-20 08:44:34,279 | INFO  | OMAudit | user=jenkins1000 | ip=127.0.0.1 | op=GET_FILE_STATUS {volume=volume58442, bucket=bucket72129, key=test/ITestOzoneContractDistCp/testUpdateDeepDirectoryStructureNoChange/remote/outputDir, dataSize=0, replicationType=null, replicationFactor=null, keyLocationInfo=null} | ret=SUCCESS |  
2019-09-20 08:44:34,280 [LocalJobRunner Map Task Executor #0] INFO  mapred.CopyMapper (CopyMapper.java:map(154)) - Copying file:/workdir/hadoop-ozone/ozonefs/target/test-dir/ITestOzoneContractDistCp/testUpdateDeepDirectoryStructureNoChange/local/inputDir/subDir2 to o3fs://bucket72129.volume58442/test/ITestOzoneContractDistCp/testUpdateDeepDirectoryStructureNoChange/remote/outputDir/inputDir/subDir2
2019-09-20 08:44:34,287 | INFO  | OMAudit | user=jenkins1000 | ip=127.0.0.1 | op=GET_FILE_STATUS {volume=volume58442, bucket=bucket72129, key=test/ITestOzoneContractDistCp/testUpdateDeepDirectoryStructureNoChange/remote/outputDir/inputDir/subDir2, dataSize=0, replicationType=null, replicationFactor=null, keyLocationInfo=null} | ret=SUCCESS |  
2019-09-20 08:44:34,289 | INFO  | OMAudit | user=jenkins1000 | ip=127.0.0.1 | op=CREATE_DIRECTORY {volume=volume58442, bucket=bucket72129, key=test/ITestOzoneContractDistCp/testUpdateDeepDirectoryStructureNoChange/remote/outputDir/inputDir/subDir2, dataSize=0, replicationType=null, replicationFactor=null, keyLocationInfo=null} | ret=SUCCESS |  
2019-09-20 08:44:34,291 [LocalJobRunner Map Task Executor #0] INFO  mapred.LocalJobRunner (LocalJobRunner.java:statusUpdate(634)) - 
2019-09-20 08:44:34,291 [LocalJobRunner Map Task Executor #0] INFO  mapred.Task (Task.java:done(1244)) - Task:attempt_local1209324504_0001_m_000005_0 is done. And is in the process of committing
2019-09-20 08:44:34,292 [LocalJobRunner Map Task Executor #0] INFO  mapred.LocalJobRunner (LocalJobRunner.java:statusUpdate(634)) - 
2019-09-20 08:44:34,292 [LocalJobRunner Map Task Executor #0] INFO  mapred.Task (Task.java:commit(1421)) - Task attempt_local1209324504_0001_m_000005_0 is allowed to commit now
2019-09-20 08:44:34,294 [LocalJobRunner Map Task Executor #0] INFO  output.FileOutputCommitter (FileOutputCommitter.java:commitTask(598)) - Saved output of task 'attempt_local1209324504_0001_m_000005_0' to file:/tmp/hadoop/mapred/staging/jenkins1000803860193/.staging/_distcp-334378648/_logs
2019-09-20 08:44:34,295 [LocalJobRunner Map Task Executor #0] INFO  mapred.LocalJobRunner (LocalJobRunner.java:statusUpdate(634)) - Copying file:/workdir/hadoop-ozone/ozonefs/target/test-dir/ITestOzoneContractDistCp/testUpdateDeepDirectoryStructureNoChange/local/inputDir/subDir2 to o3fs://bucket72129.volume58442/test/ITestOzoneContractDistCp/testUpdateDeepDirectoryStructureNoChange/remote/outputDir/inputDir/subDir2
2019-09-20 08:44:34,295 [LocalJobRunner Map Task Executor #0] INFO  mapred.Task (Task.java:sendDone(1380)) - Task 'attempt_local1209324504_0001_m_000005_0' done.
2019-09-20 08:44:34,296 [LocalJobRunner Map Task Executor #0] INFO  mapred.Task (Task.java:done(1276)) - Final Counters for attempt_local1209324504_0001_m_000005_0: Counters: 22
	File System Counters
		FILE: Number of bytes read=226081
		FILE: Number of bytes written=826652
		FILE: Number of read operations=0
		FILE: Number of large read operations=0
		FILE: Number of write operations=0
		O3FS: Number of bytes read=0
		O3FS: Number of bytes written=0
		O3FS: Number of read operations=22
		O3FS: Number of large read operations=0
		O3FS: Number of write operations=13
	Map-Reduce Framework
		Map input records=1
		Map output records=0
		Input split bytes=157
		Spilled Records=0
		Failed Shuffles=0
		Merged Map outputs=0
		GC time elapsed (ms)=0
		Total committed heap usage (bytes)=2058354688
	File Input Format Counters 
		Bytes Read=3157
	File Output Format Counters 
		Bytes Written=8
	DistCp Counters
		Bandwidth in Btyes=0
		DIR_COPY=1
2019-09-20 08:44:34,296 [LocalJobRunner Map Task Executor #0] INFO  mapred.LocalJobRunner (LocalJobRunner.java:run(277)) - Finishing task: attempt_local1209324504_0001_m_000005_0
2019-09-20 08:44:34,296 [LocalJobRunner Map Task Executor #0] INFO  mapred.LocalJobRunner (LocalJobRunner.java:run(252)) - Starting task: attempt_local1209324504_0001_m_000006_0
2019-09-20 08:44:34,297 [LocalJobRunner Map Task Executor #0] INFO  output.FileOutputCommitter (FileOutputCommitter.java:<init>(140)) - File Output Committer Algorithm version is 2
2019-09-20 08:44:34,297 [LocalJobRunner Map Task Executor #0] INFO  output.FileOutputCommitter (FileOutputCommitter.java:<init>(155)) - FileOutputCommitter skip cleanup _temporary folders under output directory:false, ignore cleanup failures: false
2019-09-20 08:44:34,297 [LocalJobRunner Map Task Executor #0] INFO  mapred.Task (Task.java:initialize(626)) -  Using ResourceCalculatorProcessTree : [ ]
2019-09-20 08:44:34,299 [LocalJobRunner Map Task Executor #0] INFO  mapred.MapTask (MapTask.java:runNewMapper(768)) - Processing split: file:/tmp/hadoop/mapred/staging/jenkins1000803860193/.staging/_distcp-334378648/fileList.seq:853+265
2019-09-20 08:44:34,299 [LocalJobRunner Map Task Executor #0] INFO  output.FileOutputCommitter (FileOutputCommitter.java:<init>(140)) - File Output Committer Algorithm version is 2
2019-09-20 08:44:34,300 [LocalJobRunner Map Task Executor #0] INFO  output.FileOutputCommitter (FileOutputCommitter.java:<init>(155)) - FileOutputCommitter skip cleanup _temporary folders under output directory:false, ignore cleanup failures: false
2019-09-20 08:44:34,315 | INFO  | OMAudit | user=jenkins1000 | ip=127.0.0.1 | op=GET_FILE_STATUS {volume=volume58442, bucket=bucket72129, key=test/ITestOzoneContractDistCp/testUpdateDeepDirectoryStructureNoChange/remote/outputDir, dataSize=0, replicationType=null, replicationFactor=null, keyLocationInfo=null} | ret=SUCCESS |  
2019-09-20 08:44:34,316 [LocalJobRunner Map Task Executor #0] INFO  mapred.CopyMapper (CopyMapper.java:map(154)) - Copying file:/workdir/hadoop-ozone/ozonefs/target/test-dir/ITestOzoneContractDistCp/testUpdateDeepDirectoryStructureNoChange/local/inputDir/subDir1 to o3fs://bucket72129.volume58442/test/ITestOzoneContractDistCp/testUpdateDeepDirectoryStructureNoChange/remote/outputDir/inputDir/subDir1
2019-09-20 08:44:34,322 | ERROR | OMAudit | user=jenkins1000 | ip=127.0.0.1 | op=GET_FILE_STATUS {volume=volume58442, bucket=bucket72129, key=test/ITestOzoneContractDistCp/testUpdateDeepDirectoryStructureNoChange/remote/outputDir/inputDir/subDir1, dataSize=0, replicationType=null, replicationFactor=null, keyLocationInfo=null} | ret=FAILURE | FILE_NOT_FOUND org.apache.hadoop.ozone.om.exceptions.OMException: Unable to get file status: volume: volume58442 bucket: bucket72129 key: test/ITestOzoneContractDistCp/testUpdateDeepDirectoryStructureNoChange/remote/outputDir/inputDir/subDir1
	at org.apache.hadoop.ozone.om.KeyManagerImpl.getFileStatus(KeyManagerImpl.java:1655)
	at org.apache.hadoop.ozone.om.OzoneManager.getFileStatus(OzoneManager.java:2868) 
2019-09-20 08:44:34,325 | INFO  | OMAudit | user=jenkins1000 | ip=127.0.0.1 | op=CREATE_DIRECTORY {volume=volume58442, bucket=bucket72129, key=test/ITestOzoneContractDistCp/testUpdateDeepDirectoryStructureNoChange/remote/outputDir/inputDir/subDir1, dataSize=0, replicationType=null, replicationFactor=null, keyLocationInfo=null} | ret=SUCCESS |  
2019-09-20 08:44:34,326 [LocalJobRunner Map Task Executor #0] INFO  mapred.LocalJobRunner (LocalJobRunner.java:statusUpdate(634)) - 
2019-09-20 08:44:34,326 [LocalJobRunner Map Task Executor #0] INFO  mapred.Task (Task.java:done(1244)) - Task:attempt_local1209324504_0001_m_000006_0 is done. And is in the process of committing
2019-09-20 08:44:34,327 [LocalJobRunner Map Task Executor #0] INFO  mapred.LocalJobRunner (LocalJobRunner.java:statusUpdate(634)) - 
2019-09-20 08:44:34,327 [LocalJobRunner Map Task Executor #0] INFO  mapred.Task (Task.java:commit(1421)) - Task attempt_local1209324504_0001_m_000006_0 is allowed to commit now
2019-09-20 08:44:34,329 [LocalJobRunner Map Task Executor #0] INFO  output.FileOutputCommitter (FileOutputCommitter.java:commitTask(598)) - Saved output of task 'attempt_local1209324504_0001_m_000006_0' to file:/tmp/hadoop/mapred/staging/jenkins1000803860193/.staging/_distcp-334378648/_logs
2019-09-20 08:44:34,330 [LocalJobRunner Map Task Executor #0] INFO  mapred.LocalJobRunner (LocalJobRunner.java:statusUpdate(634)) - Copying file:/workdir/hadoop-ozone/ozonefs/target/test-dir/ITestOzoneContractDistCp/testUpdateDeepDirectoryStructureNoChange/local/inputDir/subDir1 to o3fs://bucket72129.volume58442/test/ITestOzoneContractDistCp/testUpdateDeepDirectoryStructureNoChange/remote/outputDir/inputDir/subDir1
2019-09-20 08:44:34,330 [LocalJobRunner Map Task Executor #0] INFO  mapred.Task (Task.java:sendDone(1380)) - Task 'attempt_local1209324504_0001_m_000006_0' done.
2019-09-20 08:44:34,330 [LocalJobRunner Map Task Executor #0] INFO  mapred.Task (Task.java:done(1276)) - Final Counters for attempt_local1209324504_0001_m_000006_0: Counters: 22
	File System Counters
		FILE: Number of bytes read=230166
		FILE: Number of bytes written=826660
		FILE: Number of read operations=0
		FILE: Number of large read operations=0
		FILE: Number of write operations=0
		O3FS: Number of bytes read=0
		O3FS: Number of bytes written=0
		O3FS: Number of read operations=24
		O3FS: Number of large read operations=0
		O3FS: Number of write operations=13
	Map-Reduce Framework
		Map input records=1
		Map output records=0
		Input split bytes=157
		Spilled Records=0
		Failed Shuffles=0
		Merged Map outputs=0
		GC time elapsed (ms)=0
		Total committed heap usage (bytes)=2058354688
	File Input Format Counters 
		Bytes Read=3157
	File Output Format Counters 
		Bytes Written=8
	DistCp Counters
		Bandwidth in Btyes=0
		DIR_COPY=1
2019-09-20 08:44:34,330 [LocalJobRunner Map Task Executor #0] INFO  mapred.LocalJobRunner (LocalJobRunner.java:run(277)) - Finishing task: attempt_local1209324504_0001_m_000006_0
2019-09-20 08:44:34,331 [LocalJobRunner Map Task Executor #0] INFO  mapred.LocalJobRunner (LocalJobRunner.java:run(252)) - Starting task: attempt_local1209324504_0001_m_000007_0
2019-09-20 08:44:34,331 [LocalJobRunner Map Task Executor #0] INFO  output.FileOutputCommitter (FileOutputCommitter.java:<init>(140)) - File Output Committer Algorithm version is 2
2019-09-20 08:44:34,332 [LocalJobRunner Map Task Executor #0] INFO  output.FileOutputCommitter (FileOutputCommitter.java:<init>(155)) - FileOutputCommitter skip cleanup _temporary folders under output directory:false, ignore cleanup failures: false
2019-09-20 08:44:34,332 [LocalJobRunner Map Task Executor #0] INFO  mapred.Task (Task.java:initialize(626)) -  Using ResourceCalculatorProcessTree : [ ]
2019-09-20 08:44:34,333 [LocalJobRunner Map Task Executor #0] INFO  mapred.MapTask (MapTask.java:runNewMapper(768)) - Processing split: file:/tmp/hadoop/mapred/staging/jenkins1000803860193/.staging/_distcp-334378648/fileList.seq:2555+265
2019-09-20 08:44:34,333 [LocalJobRunner Map Task Executor #0] INFO  output.FileOutputCommitter (FileOutputCommitter.java:<init>(140)) - File Output Committer Algorithm version is 2
2019-09-20 08:44:34,334 [LocalJobRunner Map Task Executor #0] INFO  output.FileOutputCommitter (FileOutputCommitter.java:<init>(155)) - FileOutputCommitter skip cleanup _temporary folders under output directory:false, ignore cleanup failures: false
2019-09-20 08:44:34,349 | INFO  | OMAudit | user=jenkins1000 | ip=127.0.0.1 | op=GET_FILE_STATUS {volume=volume58442, bucket=bucket72129, key=test/ITestOzoneContractDistCp/testUpdateDeepDirectoryStructureNoChange/remote/outputDir, dataSize=0, replicationType=null, replicationFactor=null, keyLocationInfo=null} | ret=SUCCESS |  
2019-09-20 08:44:34,350 [LocalJobRunner Map Task Executor #0] INFO  mapred.CopyMapper (CopyMapper.java:map(154)) - Copying file:/workdir/hadoop-ozone/ozonefs/target/test-dir/ITestOzoneContractDistCp/testUpdateDeepDirectoryStructureNoChange/local/inputDir/subDir4 to o3fs://bucket72129.volume58442/test/ITestOzoneContractDistCp/testUpdateDeepDirectoryStructureNoChange/remote/outputDir/inputDir/subDir4
2019-09-20 08:44:34,357 | INFO  | OMAudit | user=jenkins1000 | ip=127.0.0.1 | op=GET_FILE_STATUS {volume=volume58442, bucket=bucket72129, key=test/ITestOzoneContractDistCp/testUpdateDeepDirectoryStructureNoChange/remote/outputDir/inputDir/subDir4, dataSize=0, replicationType=null, replicationFactor=null, keyLocationInfo=null} | ret=SUCCESS |  
2019-09-20 08:44:34,359 | INFO  | OMAudit | user=jenkins1000 | ip=127.0.0.1 | op=CREATE_DIRECTORY {volume=volume58442, bucket=bucket72129, key=test/ITestOzoneContractDistCp/testUpdateDeepDirectoryStructureNoChange/remote/outputDir/inputDir/subDir4, dataSize=0, replicationType=null, replicationFactor=null, keyLocationInfo=null} | ret=SUCCESS |  
2019-09-20 08:44:34,360 [LocalJobRunner Map Task Executor #0] INFO  mapred.LocalJobRunner (LocalJobRunner.java:statusUpdate(634)) - 
2019-09-20 08:44:34,361 [LocalJobRunner Map Task Executor #0] INFO  mapred.Task (Task.java:done(1244)) - Task:attempt_local1209324504_0001_m_000007_0 is done. And is in the process of committing
2019-09-20 08:44:34,362 [LocalJobRunner Map Task Executor #0] INFO  mapred.LocalJobRunner (LocalJobRunner.java:statusUpdate(634)) - 
2019-09-20 08:44:34,362 [LocalJobRunner Map Task Executor #0] INFO  mapred.Task (Task.java:commit(1421)) - Task attempt_local1209324504_0001_m_000007_0 is allowed to commit now
2019-09-20 08:44:34,363 [LocalJobRunner Map Task Executor #0] INFO  output.FileOutputCommitter (FileOutputCommitter.java:commitTask(598)) - Saved output of task 'attempt_local1209324504_0001_m_000007_0' to file:/tmp/hadoop/mapred/staging/jenkins1000803860193/.staging/_distcp-334378648/_logs
2019-09-20 08:44:34,364 [LocalJobRunner Map Task Executor #0] INFO  mapred.LocalJobRunner (LocalJobRunner.java:statusUpdate(634)) - Copying file:/workdir/hadoop-ozone/ozonefs/target/test-dir/ITestOzoneContractDistCp/testUpdateDeepDirectoryStructureNoChange/local/inputDir/subDir4 to o3fs://bucket72129.volume58442/test/ITestOzoneContractDistCp/testUpdateDeepDirectoryStructureNoChange/remote/outputDir/inputDir/subDir4
2019-09-20 08:44:34,364 [LocalJobRunner Map Task Executor #0] INFO  mapred.Task (Task.java:sendDone(1380)) - Task 'attempt_local1209324504_0001_m_000007_0' done.
2019-09-20 08:44:34,365 [LocalJobRunner Map Task Executor #0] INFO  mapred.Task (Task.java:done(1276)) - Final Counters for attempt_local1209324504_0001_m_000007_0: Counters: 22
	File System Counters
		FILE: Number of bytes read=233739
		FILE: Number of bytes written=826668
		FILE: Number of read operations=0
		FILE: Number of large read operations=0
		FILE: Number of write operations=0
		O3FS: Number of bytes read=0
		O3FS: Number of bytes written=0
		O3FS: Number of read operations=26
		O3FS: Number of large read operations=0
		O3FS: Number of write operations=13
	Map-Reduce Framework
		Map input records=1
		Map output records=0
		Input split bytes=157
		Spilled Records=0
		Failed Shuffles=0
		Merged Map outputs=0
		GC time elapsed (ms)=0
		Total committed heap usage (bytes)=2058354688
	File Input Format Counters 
		Bytes Read=3157
	File Output Format Counters 
		Bytes Written=8
	DistCp Counters
		Bandwidth in Btyes=0
		DIR_COPY=1
2019-09-20 08:44:34,365 [LocalJobRunner Map Task Executor #0] INFO  mapred.LocalJobRunner (LocalJobRunner.java:run(277)) - Finishing task: attempt_local1209324504_0001_m_000007_0
2019-09-20 08:44:34,365 [LocalJobRunner Map Task Executor #0] INFO  mapred.LocalJobRunner (LocalJobRunner.java:run(252)) - Starting task: attempt_local1209324504_0001_m_000008_0
2019-09-20 08:44:34,366 [LocalJobRunner Map Task Executor #0] INFO  output.FileOutputCommitter (FileOutputCommitter.java:<init>(140)) - File Output Committer Algorithm version is 2
2019-09-20 08:44:34,366 [LocalJobRunner Map Task Executor #0] INFO  output.FileOutputCommitter (FileOutputCommitter.java:<init>(155)) - FileOutputCommitter skip cleanup _temporary folders under output directory:false, ignore cleanup failures: false
2019-09-20 08:44:34,367 [LocalJobRunner Map Task Executor #0] INFO  mapred.Task (Task.java:initialize(626)) -  Using ResourceCalculatorProcessTree : [ ]
2019-09-20 08:44:34,368 [LocalJobRunner Map Task Executor #0] INFO  mapred.MapTask (MapTask.java:runNewMapper(768)) - Processing split: file:/tmp/hadoop/mapred/staging/jenkins1000803860193/.staging/_distcp-334378648/fileList.seq:592+261
2019-09-20 08:44:34,369 [LocalJobRunner Map Task Executor #0] INFO  output.FileOutputCommitter (FileOutputCommitter.java:<init>(140)) - File Output Committer Algorithm version is 2
2019-09-20 08:44:34,369 [LocalJobRunner Map Task Executor #0] INFO  output.FileOutputCommitter (FileOutputCommitter.java:<init>(155)) - FileOutputCommitter skip cleanup _temporary folders under output directory:false, ignore cleanup failures: false
2019-09-20 08:44:34,386 | INFO  | OMAudit | user=jenkins1000 | ip=127.0.0.1 | op=GET_FILE_STATUS {volume=volume58442, bucket=bucket72129, key=test/ITestOzoneContractDistCp/testUpdateDeepDirectoryStructureNoChange/remote/outputDir, dataSize=0, replicationType=null, replicationFactor=null, keyLocationInfo=null} | ret=SUCCESS |  
2019-09-20 08:44:34,387 [LocalJobRunner Map Task Executor #0] INFO  mapred.CopyMapper (CopyMapper.java:map(154)) - Copying file:/workdir/hadoop-ozone/ozonefs/target/test-dir/ITestOzoneContractDistCp/testUpdateDeepDirectoryStructureNoChange/local/inputDir/file1 to o3fs://bucket72129.volume58442/test/ITestOzoneContractDistCp/testUpdateDeepDirectoryStructureNoChange/remote/outputDir/inputDir/file1
2019-09-20 08:44:34,392 | ERROR | OMAudit | user=jenkins1000 | ip=127.0.0.1 | op=GET_FILE_STATUS {volume=volume58442, bucket=bucket72129, key=test/ITestOzoneContractDistCp/testUpdateDeepDirectoryStructureNoChange/remote/outputDir/inputDir/file1, dataSize=0, replicationType=null, replicationFactor=null, keyLocationInfo=null} | ret=FAILURE | FILE_NOT_FOUND org.apache.hadoop.ozone.om.exceptions.OMException: Unable to get file status: volume: volume58442 bucket: bucket72129 key: test/ITestOzoneContractDistCp/testUpdateDeepDirectoryStructureNoChange/remote/outputDir/inputDir/file1
	at org.apache.hadoop.ozone.om.KeyManagerImpl.getFileStatus(KeyManagerImpl.java:1655)
	at org.apache.hadoop.ozone.om.OzoneManager.getFileStatus(OzoneManager.java:2868) 
2019-09-20 08:44:34,393 [LocalJobRunner Map Task Executor #0] INFO  mapred.RetriableFileCopyCommand (RetriableFileCopyCommand.java:getTmpFile(260)) - Creating temp file: o3fs://bucket72129.volume58442/test/ITestOzoneContractDistCp/testUpdateDeepDirectoryStructureNoChange/remote/outputDir/.distcp.tmp.attempt_local1209324504_0001_m_000008_0
2019-09-20 08:44:34,397 [IPC Server handler 15 on 45031] INFO  pipeline.PipelinePlacementPolicy (PipelinePlacementPolicy.java:meetCriteria(91)) - Pipeline Placement: Doesn't meet the criteria to be viable node： aa30552f-ad30-4fe7-9018-411c04218958 Heaviness: 6 limit: 5
2019-09-20 08:44:34,397 [IPC Server handler 15 on 45031] INFO  pipeline.PipelinePlacementPolicy (PipelinePlacementPolicy.java:meetCriteria(91)) - Pipeline Placement: Doesn't meet the criteria to be viable node： b892e876-f5ae-410a-9dfd-4f07fd940729 Heaviness: 6 limit: 5
2019-09-20 08:44:34,398 [IPC Server handler 15 on 45031] INFO  pipeline.PipelinePlacementPolicy (PipelinePlacementPolicy.java:meetCriteria(91)) - Pipeline Placement: Doesn't meet the criteria to be viable node： 75feff7d-6f48-4002-b580-45a21ea734c6 Heaviness: 6 limit: 5
2019-09-20 08:44:34,398 [IPC Server handler 15 on 45031] INFO  pipeline.PipelinePlacementPolicy (PipelinePlacementPolicy.java:meetCriteria(91)) - Pipeline Placement: Doesn't meet the criteria to be viable node： 9123b815-6bfa-48f7-ade2-b84cdc033afa Heaviness: 6 limit: 5
2019-09-20 08:44:34,398 [IPC Server handler 15 on 45031] INFO  pipeline.PipelinePlacementPolicy (PipelinePlacementPolicy.java:meetCriteria(91)) - Pipeline Placement: Doesn't meet the criteria to be viable node： a4a73c82-9756-45ac-afed-7299ac804f25 Heaviness: 6 limit: 5
2019-09-20 08:44:34,398 [IPC Server handler 15 on 45031] ERROR pipeline.PipelinePlacementPolicy (PipelinePlacementPolicy.java:filterViableNodes(148)) - Unable to find enough nodes that meet the criteria that cannot engage in more than 5 pipelines. Nodes required: 3 Found: 0, healthy nodes count inNodeManager: 5.
2019-09-20 08:44:34,398 [IPC Server handler 15 on 45031] ERROR pipeline.SCMPipelineManager (SCMPipelineManager.java:createPipeline(161)) - Pipeline creation failed due to exception: Unable to find enough nodes that meet the criteria that cannot engage in more than 5 pipelines. Nodes required: 3 Found: 0, healthy nodes count inNodeManager: 5.
2019-09-20 08:44:34,399 [IPC Server handler 15 on 45031] WARN  block.BlockManagerImpl (BlockManagerImpl.java:allocateBlock(192)) - Pipeline creation failed for type:RATIS factor:THREE. Retrying get pipelines call once.
org.apache.hadoop.hdds.scm.exceptions.SCMException: Unable to find enough nodes that meet the criteria that cannot engage in more than 5 pipelines. Nodes required: 3 Found: 0, healthy nodes count inNodeManager: 5.
	at org.apache.hadoop.hdds.scm.pipeline.PipelinePlacementPolicy.filterViableNodes(PipelinePlacementPolicy.java:149)
	at org.apache.hadoop.hdds.scm.pipeline.PipelinePlacementPolicy.chooseDatanodes(PipelinePlacementPolicy.java:172)
	at org.apache.hadoop.hdds.scm.pipeline.RatisPipelineProvider.create(RatisPipelineProvider.java:92)
	at org.apache.hadoop.hdds.scm.pipeline.PipelineFactory.create(PipelineFactory.java:57)
	at org.apache.hadoop.hdds.scm.pipeline.SCMPipelineManager.createPipeline(SCMPipelineManager.java:149)
	at org.apache.hadoop.hdds.scm.block.BlockManagerImpl.allocateBlock(BlockManagerImpl.java:190)
	at org.apache.hadoop.hdds.scm.server.SCMBlockProtocolServer.allocateBlock(SCMBlockProtocolServer.java:175)
	at org.apache.hadoop.ozone.protocolPB.ScmBlockLocationProtocolServerSideTranslatorPB.allocateScmBlock(ScmBlockLocationProtocolServerSideTranslatorPB.java:153)
	at org.apache.hadoop.ozone.protocolPB.ScmBlockLocationProtocolServerSideTranslatorPB.send(ScmBlockLocationProtocolServerSideTranslatorPB.java:112)
	at org.apache.hadoop.hdds.protocol.proto.ScmBlockLocationProtocolProtos$ScmBlockLocationProtocolService$2.callBlockingMethod(ScmBlockLocationProtocolProtos.java:13157)
	at org.apache.hadoop.ipc.ProtobufRpcEngine$Server$ProtoBufRpcInvoker.call(ProtobufRpcEngine.java:524)
	at org.apache.hadoop.ipc.RPC$Server.call(RPC.java:1025)
	at org.apache.hadoop.ipc.Server$RpcCall.run(Server.java:876)
	at org.apache.hadoop.ipc.Server$RpcCall.run(Server.java:822)
	at java.security.AccessController.doPrivileged(Native Method)
	at javax.security.auth.Subject.doAs(Subject.java:422)
	at org.apache.hadoop.security.UserGroupInformation.doAs(UserGroupInformation.java:1730)
	at org.apache.hadoop.ipc.Server$Handler.run(Server.java:2682)
2019-09-20 08:44:34,399 [IPC Server handler 15 on 45031] INFO  block.BlockManagerImpl (BlockManagerImpl.java:allocateBlock(198)) - Could not find available pipeline of type:RATIS and factor:THREE even after retrying
2019-09-20 08:44:34,399 [IPC Server handler 15 on 45031] ERROR block.BlockManagerImpl (BlockManagerImpl.java:allocateBlock(222)) - Unable to allocate a block for the size: 4194304, type: RATIS, factor: THREE
2019-09-20 08:44:34,399 | INFO  | SCMAudit | user=jenkins1000 | ip=192.168.36.79 | op=ALLOCATE_BLOCK {owner=a1d0c9a2-9b67-4af3-a1f8-8c5669c9b817, size=4194304, type=RATIS, factor=THREE} | ret=SUCCESS |  
2019-09-20 08:44:34,400 | ERROR | OMAudit | user=jenkins1000 | ip=127.0.0.1 | op=CREATE_FILE {volume=volume58442, bucket=bucket72129, key=test/ITestOzoneContractDistCp/testUpdateDeepDirectoryStructureNoChange/remote/outputDir/.distcp.tmp.attempt_local1209324504_0001_m_000008_0, dataSize=0, replicationType=RATIS, replicationFactor=THREE, keyLocationInfo=null} | ret=FAILURE | org.apache.hadoop.hdds.scm.exceptions.SCMException: Allocated 0 blocks. Requested 1 blocks
	at org.apache.hadoop.hdds.scm.protocolPB.ScmBlockLocationProtocolClientSideTranslatorPB.handleError(ScmBlockLocationProtocolClientSideTranslatorPB.java:118)
	at org.apache.hadoop.hdds.scm.protocolPB.ScmBlockLocationProtocolClientSideTranslatorPB.allocateBlock(ScmBlockLocationProtocolClientSideTranslatorPB.java:156) 
2019-09-20 08:44:34,402 | ERROR | OMAudit | user=jenkins1000 | ip=127.0.0.1 | op=GET_FILE_STATUS {volume=volume58442, bucket=bucket72129, key=test/ITestOzoneContractDistCp/testUpdateDeepDirectoryStructureNoChange/remote/outputDir/.distcp.tmp.attempt_local1209324504_0001_m_000008_0, dataSize=0, replicationType=null, replicationFactor=null, keyLocationInfo=null} | ret=FAILURE | FILE_NOT_FOUND org.apache.hadoop.ozone.om.exceptions.OMException: Unable to get file status: volume: volume58442 bucket: bucket72129 key: test/ITestOzoneContractDistCp/testUpdateDeepDirectoryStructureNoChange/remote/outputDir/.distcp.tmp.attempt_local1209324504_0001_m_000008_0
	at org.apache.hadoop.ozone.om.KeyManagerImpl.getFileStatus(KeyManagerImpl.java:1655)
	at org.apache.hadoop.ozone.om.OzoneManager.getFileStatus(OzoneManager.java:2868) 
2019-09-20 08:44:34,403 [LocalJobRunner Map Task Executor #0] WARN  ozone.BasicOzoneFileSystem (BasicOzoneFileSystem.java:delete(437)) - delete: Path does not exist: o3fs://bucket72129.volume58442/test/ITestOzoneContractDistCp/testUpdateDeepDirectoryStructureNoChange/remote/outputDir/.distcp.tmp.attempt_local1209324504_0001_m_000008_0
2019-09-20 08:44:34,403 [LocalJobRunner Map Task Executor #0] ERROR util.RetriableCommand (RetriableCommand.java:execute(89)) - Failure in Retriable command: Copying file:/workdir/hadoop-ozone/ozonefs/target/test-dir/ITestOzoneContractDistCp/testUpdateDeepDirectoryStructureNoChange/local/inputDir/file1 to o3fs://bucket72129.volume58442/test/ITestOzoneContractDistCp/testUpdateDeepDirectoryStructureNoChange/remote/outputDir/inputDir/file1
INTERNAL_ERROR org.apache.hadoop.ozone.om.exceptions.OMException: Allocated 0 blocks. Requested 1 blocks
	at org.apache.hadoop.ozone.om.protocolPB.OzoneManagerProtocolClientSideTranslatorPB.handleError(OzoneManagerProtocolClientSideTranslatorPB.java:725)
	at org.apache.hadoop.ozone.om.protocolPB.OzoneManagerProtocolClientSideTranslatorPB.createFile(OzoneManagerProtocolClientSideTranslatorPB.java:1474)
	at org.apache.hadoop.ozone.client.rpc.RpcClient.createFile(RpcClient.java:984)
	at org.apache.hadoop.ozone.client.OzoneBucket.createFile(OzoneBucket.java:535)
	at org.apache.hadoop.fs.ozone.BasicOzoneClientAdapterImpl.createFile(BasicOzoneClientAdapterImpl.java:181)
	at org.apache.hadoop.fs.ozone.BasicOzoneFileSystem.createOutputStream(BasicOzoneFileSystem.java:249)
	at org.apache.hadoop.fs.ozone.BasicOzoneFileSystem.create(BasicOzoneFileSystem.java:230)
	at org.apache.hadoop.fs.FileSystem.create(FileSystem.java:1195)
	at org.apache.hadoop.tools.mapred.RetriableFileCopyCommand.copyToFile(RetriableFileCopyCommand.java:184)
	at org.apache.hadoop.tools.mapred.RetriableFileCopyCommand.doCopy(RetriableFileCopyCommand.java:123)
	at org.apache.hadoop.tools.mapred.RetriableFileCopyCommand.doExecute(RetriableFileCopyCommand.java:99)
	at org.apache.hadoop.tools.util.RetriableCommand.execute(RetriableCommand.java:87)
	at org.apache.hadoop.tools.mapred.CopyMapper.copyFileWithRetry(CopyMapper.java:256)
	at org.apache.hadoop.tools.mapred.CopyMapper.map(CopyMapper.java:217)
	at org.apache.hadoop.tools.mapred.CopyMapper.map(CopyMapper.java:48)
	at org.apache.hadoop.mapreduce.Mapper.run(Mapper.java:146)
	at org.apache.hadoop.mapred.MapTask.runNewMapper(MapTask.java:799)
	at org.apache.hadoop.mapred.MapTask.run(MapTask.java:347)
	at org.apache.hadoop.mapred.LocalJobRunner$Job$MapTaskRunnable.run(LocalJobRunner.java:271)
	at java.util.concurrent.Executors$RunnableAdapter.call(Executors.java:511)
	at java.util.concurrent.FutureTask.run(FutureTask.java:266)
	at java.util.concurrent.ThreadPoolExecutor.runWorker(ThreadPoolExecutor.java:1149)
	at java.util.concurrent.ThreadPoolExecutor$Worker.run(ThreadPoolExecutor.java:624)
	at java.lang.Thread.run(Thread.java:748)
2019-09-20 08:44:34,456 | INFO  | SCMAudit | user=jenkins1000 | ip=192.168.36.79 | op=SEND_HEARTBEAT {datanodeUUID=75feff7d-6f48-4002-b580-45a21ea734c6, command=[]} | ret=SUCCESS |  
2019-09-20 08:44:34,473 | INFO  | SCMAudit | user=jenkins1000 | ip=192.168.36.79 | op=SEND_HEARTBEAT {datanodeUUID=b892e876-f5ae-410a-9dfd-4f07fd940729, command=[]} | ret=SUCCESS |  
2019-09-20 08:44:34,484 | INFO  | SCMAudit | user=jenkins1000 | ip=192.168.36.79 | op=SEND_HEARTBEAT {datanodeUUID=aa30552f-ad30-4fe7-9018-411c04218958, command=[]} | ret=SUCCESS |  
2019-09-20 08:44:34,723 | INFO  | SCMAudit | user=jenkins1000 | ip=192.168.36.79 | op=SEND_HEARTBEAT {datanodeUUID=a4a73c82-9756-45ac-afed-7299ac804f25, command=[]} | ret=SUCCESS |  
2019-09-20 08:44:34,970 | INFO  | SCMAudit | user=jenkins1000 | ip=192.168.36.79 | op=SEND_HEARTBEAT {datanodeUUID=9123b815-6bfa-48f7-ade2-b84cdc033afa, command=[]} | ret=SUCCESS |  
2019-09-20 08:44:35,457 | INFO  | SCMAudit | user=jenkins1000 | ip=192.168.36.79 | op=SEND_HEARTBEAT {datanodeUUID=75feff7d-6f48-4002-b580-45a21ea734c6, command=[]} | ret=SUCCESS |  
2019-09-20 08:44:35,473 | INFO  | SCMAudit | user=jenkins1000 | ip=192.168.36.79 | op=SEND_HEARTBEAT {datanodeUUID=b892e876-f5ae-410a-9dfd-4f07fd940729, command=[]} | ret=SUCCESS |  
2019-09-20 08:44:35,484 | INFO  | SCMAudit | user=jenkins1000 | ip=192.168.36.79 | op=SEND_HEARTBEAT {datanodeUUID=aa30552f-ad30-4fe7-9018-411c04218958, command=[]} | ret=SUCCESS |  
2019-09-20 08:44:35,723 | INFO  | SCMAudit | user=jenkins1000 | ip=192.168.36.79 | op=SEND_HEARTBEAT {datanodeUUID=a4a73c82-9756-45ac-afed-7299ac804f25, command=[]} | ret=SUCCESS |  
2019-09-20 08:44:35,970 | INFO  | SCMAudit | user=jenkins1000 | ip=192.168.36.79 | op=SEND_HEARTBEAT {datanodeUUID=9123b815-6bfa-48f7-ade2-b84cdc033afa, command=[]} | ret=SUCCESS |  
2019-09-20 08:44:36,456 | INFO  | SCMAudit | user=jenkins1000 | ip=192.168.36.79 | op=SEND_HEARTBEAT {datanodeUUID=75feff7d-6f48-4002-b580-45a21ea734c6, command=[]} | ret=SUCCESS |  
2019-09-20 08:44:36,473 | INFO  | SCMAudit | user=jenkins1000 | ip=192.168.36.79 | op=SEND_HEARTBEAT {datanodeUUID=b892e876-f5ae-410a-9dfd-4f07fd940729, command=[]} | ret=SUCCESS |  
2019-09-20 08:44:36,484 | INFO  | SCMAudit | user=jenkins1000 | ip=192.168.36.79 | op=SEND_HEARTBEAT {datanodeUUID=aa30552f-ad30-4fe7-9018-411c04218958, command=[]} | ret=SUCCESS |  
2019-09-20 08:44:36,723 | INFO  | SCMAudit | user=jenkins1000 | ip=192.168.36.79 | op=SEND_HEARTBEAT {datanodeUUID=a4a73c82-9756-45ac-afed-7299ac804f25, command=[]} | ret=SUCCESS |  
2019-09-20 08:44:36,802 [LocalJobRunner Map Task Executor #0] INFO  mapred.RetriableFileCopyCommand (RetriableFileCopyCommand.java:getTmpFile(260)) - Creating temp file: o3fs://bucket72129.volume58442/test/ITestOzoneContractDistCp/testUpdateDeepDirectoryStructureNoChange/remote/outputDir/.distcp.tmp.attempt_local1209324504_0001_m_000008_0
2019-09-20 08:44:36,807 [IPC Server handler 0 on 45031] INFO  pipeline.PipelinePlacementPolicy (PipelinePlacementPolicy.java:meetCriteria(91)) - Pipeline Placement: Doesn't meet the criteria to be viable node： aa30552f-ad30-4fe7-9018-411c04218958 Heaviness: 6 limit: 5
2019-09-20 08:44:36,808 [IPC Server handler 0 on 45031] INFO  pipeline.PipelinePlacementPolicy (PipelinePlacementPolicy.java:meetCriteria(91)) - Pipeline Placement: Doesn't meet the criteria to be viable node： b892e876-f5ae-410a-9dfd-4f07fd940729 Heaviness: 6 limit: 5
2019-09-20 08:44:36,808 [IPC Server handler 0 on 45031] INFO  pipeline.PipelinePlacementPolicy (PipelinePlacementPolicy.java:meetCriteria(91)) - Pipeline Placement: Doesn't meet the criteria to be viable node： 75feff7d-6f48-4002-b580-45a21ea734c6 Heaviness: 6 limit: 5
2019-09-20 08:44:36,808 [IPC Server handler 0 on 45031] INFO  pipeline.PipelinePlacementPolicy (PipelinePlacementPolicy.java:meetCriteria(91)) - Pipeline Placement: Doesn't meet the criteria to be viable node： 9123b815-6bfa-48f7-ade2-b84cdc033afa Heaviness: 6 limit: 5
2019-09-20 08:44:36,808 [IPC Server handler 0 on 45031] INFO  pipeline.PipelinePlacementPolicy (PipelinePlacementPolicy.java:meetCriteria(91)) - Pipeline Placement: Doesn't meet the criteria to be viable node： a4a73c82-9756-45ac-afed-7299ac804f25 Heaviness: 6 limit: 5
2019-09-20 08:44:36,809 [IPC Server handler 0 on 45031] ERROR pipeline.PipelinePlacementPolicy (PipelinePlacementPolicy.java:filterViableNodes(148)) - Unable to find enough nodes that meet the criteria that cannot engage in more than 5 pipelines. Nodes required: 3 Found: 0, healthy nodes count inNodeManager: 5.
2019-09-20 08:44:36,809 [IPC Server handler 0 on 45031] ERROR pipeline.SCMPipelineManager (SCMPipelineManager.java:createPipeline(161)) - Pipeline creation failed due to exception: Unable to find enough nodes that meet the criteria that cannot engage in more than 5 pipelines. Nodes required: 3 Found: 0, healthy nodes count inNodeManager: 5.
2019-09-20 08:44:36,809 [IPC Server handler 0 on 45031] WARN  block.BlockManagerImpl (BlockManagerImpl.java:allocateBlock(192)) - Pipeline creation failed for type:RATIS factor:THREE. Retrying get pipelines call once.
org.apache.hadoop.hdds.scm.exceptions.SCMException: Unable to find enough nodes that meet the criteria that cannot engage in more than 5 pipelines. Nodes required: 3 Found: 0, healthy nodes count inNodeManager: 5.
	at org.apache.hadoop.hdds.scm.pipeline.PipelinePlacementPolicy.filterViableNodes(PipelinePlacementPolicy.java:149)
	at org.apache.hadoop.hdds.scm.pipeline.PipelinePlacementPolicy.chooseDatanodes(PipelinePlacementPolicy.java:172)
	at org.apache.hadoop.hdds.scm.pipeline.RatisPipelineProvider.create(RatisPipelineProvider.java:92)
	at org.apache.hadoop.hdds.scm.pipeline.PipelineFactory.create(PipelineFactory.java:57)
	at org.apache.hadoop.hdds.scm.pipeline.SCMPipelineManager.createPipeline(SCMPipelineManager.java:149)
	at org.apache.hadoop.hdds.scm.block.BlockManagerImpl.allocateBlock(BlockManagerImpl.java:190)
	at org.apache.hadoop.hdds.scm.server.SCMBlockProtocolServer.allocateBlock(SCMBlockProtocolServer.java:175)
	at org.apache.hadoop.ozone.protocolPB.ScmBlockLocationProtocolServerSideTranslatorPB.allocateScmBlock(ScmBlockLocationProtocolServerSideTranslatorPB.java:153)
	at org.apache.hadoop.ozone.protocolPB.ScmBlockLocationProtocolServerSideTranslatorPB.send(ScmBlockLocationProtocolServerSideTranslatorPB.java:112)
	at org.apache.hadoop.hdds.protocol.proto.ScmBlockLocationProtocolProtos$ScmBlockLocationProtocolService$2.callBlockingMethod(ScmBlockLocationProtocolProtos.java:13157)
	at org.apache.hadoop.ipc.ProtobufRpcEngine$Server$ProtoBufRpcInvoker.call(ProtobufRpcEngine.java:524)
	at org.apache.hadoop.ipc.RPC$Server.call(RPC.java:1025)
	at org.apache.hadoop.ipc.Server$RpcCall.run(Server.java:876)
	at org.apache.hadoop.ipc.Server$RpcCall.run(Server.java:822)
	at java.security.AccessController.doPrivileged(Native Method)
	at javax.security.auth.Subject.doAs(Subject.java:422)
	at org.apache.hadoop.security.UserGroupInformation.doAs(UserGroupInformation.java:1730)
	at org.apache.hadoop.ipc.Server$Handler.run(Server.java:2682)
2019-09-20 08:44:36,810 [IPC Server handler 0 on 45031] INFO  block.BlockManagerImpl (BlockManagerImpl.java:allocateBlock(198)) - Could not find available pipeline of type:RATIS and factor:THREE even after retrying
2019-09-20 08:44:36,810 [IPC Server handler 0 on 45031] ERROR block.BlockManagerImpl (BlockManagerImpl.java:allocateBlock(222)) - Unable to allocate a block for the size: 4194304, type: RATIS, factor: THREE
2019-09-20 08:44:36,810 | INFO  | SCMAudit | user=jenkins1000 | ip=192.168.36.79 | op=ALLOCATE_BLOCK {owner=a1d0c9a2-9b67-4af3-a1f8-8c5669c9b817, size=4194304, type=RATIS, factor=THREE} | ret=SUCCESS |  
2019-09-20 08:44:36,811 | ERROR | OMAudit | user=jenkins1000 | ip=127.0.0.1 | op=CREATE_FILE {volume=volume58442, bucket=bucket72129, key=test/ITestOzoneContractDistCp/testUpdateDeepDirectoryStructureNoChange/remote/outputDir/.distcp.tmp.attempt_local1209324504_0001_m_000008_0, dataSize=0, replicationType=RATIS, replicationFactor=THREE, keyLocationInfo=null} | ret=FAILURE | org.apache.hadoop.hdds.scm.exceptions.SCMException: Allocated 0 blocks. Requested 1 blocks
	at org.apache.hadoop.hdds.scm.protocolPB.ScmBlockLocationProtocolClientSideTranslatorPB.handleError(ScmBlockLocationProtocolClientSideTranslatorPB.java:118)
	at org.apache.hadoop.hdds.scm.protocolPB.ScmBlockLocationProtocolClientSideTranslatorPB.allocateBlock(ScmBlockLocationProtocolClientSideTranslatorPB.java:156) 
2019-09-20 08:44:36,814 | ERROR | OMAudit | user=jenkins1000 | ip=127.0.0.1 | op=GET_FILE_STATUS {volume=volume58442, bucket=bucket72129, key=test/ITestOzoneContractDistCp/testUpdateDeepDirectoryStructureNoChange/remote/outputDir/.distcp.tmp.attempt_local1209324504_0001_m_000008_0, dataSize=0, replicationType=null, replicationFactor=null, keyLocationInfo=null} | ret=FAILURE | FILE_NOT_FOUND org.apache.hadoop.ozone.om.exceptions.OMException: Unable to get file status: volume: volume58442 bucket: bucket72129 key: test/ITestOzoneContractDistCp/testUpdateDeepDirectoryStructureNoChange/remote/outputDir/.distcp.tmp.attempt_local1209324504_0001_m_000008_0
	at org.apache.hadoop.ozone.om.KeyManagerImpl.getFileStatus(KeyManagerImpl.java:1655)
	at org.apache.hadoop.ozone.om.OzoneManager.getFileStatus(OzoneManager.java:2868) 
2019-09-20 08:44:36,815 [LocalJobRunner Map Task Executor #0] WARN  ozone.BasicOzoneFileSystem (BasicOzoneFileSystem.java:delete(437)) - delete: Path does not exist: o3fs://bucket72129.volume58442/test/ITestOzoneContractDistCp/testUpdateDeepDirectoryStructureNoChange/remote/outputDir/.distcp.tmp.attempt_local1209324504_0001_m_000008_0
2019-09-20 08:44:36,815 [LocalJobRunner Map Task Executor #0] ERROR util.RetriableCommand (RetriableCommand.java:execute(89)) - Failure in Retriable command: Copying file:/workdir/hadoop-ozone/ozonefs/target/test-dir/ITestOzoneContractDistCp/testUpdateDeepDirectoryStructureNoChange/local/inputDir/file1 to o3fs://bucket72129.volume58442/test/ITestOzoneContractDistCp/testUpdateDeepDirectoryStructureNoChange/remote/outputDir/inputDir/file1
INTERNAL_ERROR org.apache.hadoop.ozone.om.exceptions.OMException: Allocated 0 blocks. Requested 1 blocks
	at org.apache.hadoop.ozone.om.protocolPB.OzoneManagerProtocolClientSideTranslatorPB.handleError(OzoneManagerProtocolClientSideTranslatorPB.java:725)
	at org.apache.hadoop.ozone.om.protocolPB.OzoneManagerProtocolClientSideTranslatorPB.createFile(OzoneManagerProtocolClientSideTranslatorPB.java:1474)
	at org.apache.hadoop.ozone.client.rpc.RpcClient.createFile(RpcClient.java:984)
	at org.apache.hadoop.ozone.client.OzoneBucket.createFile(OzoneBucket.java:535)
	at org.apache.hadoop.fs.ozone.BasicOzoneClientAdapterImpl.createFile(BasicOzoneClientAdapterImpl.java:181)
	at org.apache.hadoop.fs.ozone.BasicOzoneFileSystem.createOutputStream(BasicOzoneFileSystem.java:249)
	at org.apache.hadoop.fs.ozone.BasicOzoneFileSystem.create(BasicOzoneFileSystem.java:230)
	at org.apache.hadoop.fs.FileSystem.create(FileSystem.java:1195)
	at org.apache.hadoop.tools.mapred.RetriableFileCopyCommand.copyToFile(RetriableFileCopyCommand.java:184)
	at org.apache.hadoop.tools.mapred.RetriableFileCopyCommand.doCopy(RetriableFileCopyCommand.java:123)
	at org.apache.hadoop.tools.mapred.RetriableFileCopyCommand.doExecute(RetriableFileCopyCommand.java:99)
	at org.apache.hadoop.tools.util.RetriableCommand.execute(RetriableCommand.java:87)
	at org.apache.hadoop.tools.mapred.CopyMapper.copyFileWithRetry(CopyMapper.java:256)
	at org.apache.hadoop.tools.mapred.CopyMapper.map(CopyMapper.java:217)
	at org.apache.hadoop.tools.mapred.CopyMapper.map(CopyMapper.java:48)
	at org.apache.hadoop.mapreduce.Mapper.run(Mapper.java:146)
	at org.apache.hadoop.mapred.MapTask.runNewMapper(MapTask.java:799)
	at org.apache.hadoop.mapred.MapTask.run(MapTask.java:347)
	at org.apache.hadoop.mapred.LocalJobRunner$Job$MapTaskRunnable.run(LocalJobRunner.java:271)
	at java.util.concurrent.Executors$RunnableAdapter.call(Executors.java:511)
	at java.util.concurrent.FutureTask.run(FutureTask.java:266)
	at java.util.concurrent.ThreadPoolExecutor.runWorker(ThreadPoolExecutor.java:1149)
	at java.util.concurrent.ThreadPoolExecutor$Worker.run(ThreadPoolExecutor.java:624)
	at java.lang.Thread.run(Thread.java:748)
2019-09-20 08:44:36,970 | INFO  | SCMAudit | user=jenkins1000 | ip=192.168.36.79 | op=SEND_HEARTBEAT {datanodeUUID=9123b815-6bfa-48f7-ade2-b84cdc033afa, command=[]} | ret=SUCCESS |  
2019-09-20 08:44:37,362 [communication thread] INFO  mapred.LocalJobRunner (LocalJobRunner.java:statusUpdate(634)) - Copy Failure: file:/workdir/hadoop-ozone/ozonefs/target/test-dir/ITestOzoneContractDistCp/testUpdateDeepDirectoryStructureNoChange/local/inputDir/subDir4/subDir4/file4 > map
2019-09-20 08:44:37,457 | INFO  | SCMAudit | user=jenkins1000 | ip=192.168.36.79 | op=SEND_HEARTBEAT {datanodeUUID=75feff7d-6f48-4002-b580-45a21ea734c6, command=[]} | ret=SUCCESS |  
2019-09-20 08:44:37,473 | INFO  | SCMAudit | user=jenkins1000 | ip=192.168.36.79 | op=SEND_HEARTBEAT {datanodeUUID=b892e876-f5ae-410a-9dfd-4f07fd940729, command=[]} | ret=SUCCESS |  
2019-09-20 08:44:37,484 | INFO  | SCMAudit | user=jenkins1000 | ip=192.168.36.79 | op=SEND_HEARTBEAT {datanodeUUID=aa30552f-ad30-4fe7-9018-411c04218958, command=[]} | ret=SUCCESS |  
2019-09-20 08:44:37,724 | INFO  | SCMAudit | user=jenkins1000 | ip=192.168.36.79 | op=SEND_HEARTBEAT {datanodeUUID=a4a73c82-9756-45ac-afed-7299ac804f25, command=[]} | ret=SUCCESS |  
2019-09-20 08:44:37,970 | INFO  | SCMAudit | user=jenkins1000 | ip=192.168.36.79 | op=SEND_HEARTBEAT {datanodeUUID=9123b815-6bfa-48f7-ade2-b84cdc033afa, command=[]} | ret=SUCCESS |  
2019-09-20 08:44:38,250 [Thread-235] INFO  mapreduce.Job (Job.java:monitorAndPrintJob(1647)) -  map 70% reduce 0%
2019-09-20 08:44:38,458 | INFO  | SCMAudit | user=jenkins1000 | ip=192.168.36.79 | op=SEND_HEARTBEAT {datanodeUUID=75feff7d-6f48-4002-b580-45a21ea734c6, command=[]} | ret=SUCCESS |  
2019-09-20 08:44:38,473 | INFO  | SCMAudit | user=jenkins1000 | ip=192.168.36.79 | op=SEND_HEARTBEAT {datanodeUUID=b892e876-f5ae-410a-9dfd-4f07fd940729, command=[]} | ret=SUCCESS |  
2019-09-20 08:44:38,485 | INFO  | SCMAudit | user=jenkins1000 | ip=192.168.36.79 | op=SEND_HEARTBEAT {datanodeUUID=aa30552f-ad30-4fe7-9018-411c04218958, command=[]} | ret=SUCCESS |  
2019-09-20 08:44:38,724 | INFO  | SCMAudit | user=jenkins1000 | ip=192.168.36.79 | op=SEND_HEARTBEAT {datanodeUUID=a4a73c82-9756-45ac-afed-7299ac804f25, command=[]} | ret=SUCCESS |  
2019-09-20 08:44:38,960 [communication thread] INFO  mapred.LocalJobRunner (LocalJobRunner.java:statusUpdate(634)) - Copy Failure: file:/workdir/hadoop-ozone/ozonefs/target/test-dir/ITestOzoneContractDistCp/testUpdateDeepDirectoryStructureNoChange/local/inputDir/subDir2/subDir2/file3 > map
2019-09-20 08:44:38,971 | INFO  | SCMAudit | user=jenkins1000 | ip=192.168.36.79 | op=SEND_HEARTBEAT {datanodeUUID=9123b815-6bfa-48f7-ade2-b84cdc033afa, command=[]} | ret=SUCCESS |  
2019-09-20 08:44:39,251 [Thread-235] INFO  mapreduce.Job (Job.java:monitorAndPrintJob(1647)) -  map 82% reduce 0%
2019-09-20 08:44:39,459 | INFO  | SCMAudit | user=jenkins1000 | ip=192.168.36.79 | op=SEND_HEARTBEAT {datanodeUUID=75feff7d-6f48-4002-b580-45a21ea734c6, command=[]} | ret=SUCCESS |  
2019-09-20 08:44:39,474 | INFO  | SCMAudit | user=jenkins1000 | ip=192.168.36.79 | op=SEND_HEARTBEAT {datanodeUUID=b892e876-f5ae-410a-9dfd-4f07fd940729, command=[]} | ret=SUCCESS |  
2019-09-20 08:44:39,485 | INFO  | SCMAudit | user=jenkins1000 | ip=192.168.36.79 | op=SEND_HEARTBEAT {datanodeUUID=aa30552f-ad30-4fe7-9018-411c04218958, command=[]} | ret=SUCCESS |  
2019-09-20 08:44:39,725 | INFO  | SCMAudit | user=jenkins1000 | ip=192.168.36.79 | op=SEND_HEARTBEAT {datanodeUUID=a4a73c82-9756-45ac-afed-7299ac804f25, command=[]} | ret=SUCCESS |  
2019-09-20 08:44:39,972 | INFO  | SCMAudit | user=jenkins1000 | ip=192.168.36.79 | op=SEND_HEARTBEAT {datanodeUUID=9123b815-6bfa-48f7-ade2-b84cdc033afa, command=[]} | ret=SUCCESS |  
2019-09-20 08:44:40,459 | INFO  | SCMAudit | user=jenkins1000 | ip=192.168.36.79 | op=SEND_HEARTBEAT {datanodeUUID=75feff7d-6f48-4002-b580-45a21ea734c6, command=[]} | ret=SUCCESS |  
2019-09-20 08:44:40,473 | INFO  | SCMAudit | user=jenkins1000 | ip=192.168.36.79 | op=SEND_HEARTBEAT {datanodeUUID=b892e876-f5ae-410a-9dfd-4f07fd940729, command=[]} | ret=SUCCESS |  
2019-09-20 08:44:40,485 | INFO  | SCMAudit | user=jenkins1000 | ip=192.168.36.79 | op=SEND_HEARTBEAT {datanodeUUID=aa30552f-ad30-4fe7-9018-411c04218958, command=[]} | ret=SUCCESS |  
2019-09-20 08:44:40,724 | INFO  | SCMAudit | user=jenkins1000 | ip=192.168.36.79 | op=SEND_HEARTBEAT {datanodeUUID=a4a73c82-9756-45ac-afed-7299ac804f25, command=[]} | ret=SUCCESS |  
2019-09-20 08:44:40,972 | INFO  | SCMAudit | user=jenkins1000 | ip=192.168.36.79 | op=SEND_HEARTBEAT {datanodeUUID=9123b815-6bfa-48f7-ade2-b84cdc033afa, command=[]} | ret=SUCCESS |  
2019-09-20 08:44:41,459 | INFO  | SCMAudit | user=jenkins1000 | ip=192.168.36.79 | op=SEND_HEARTBEAT {datanodeUUID=75feff7d-6f48-4002-b580-45a21ea734c6, command=[]} | ret=SUCCESS |  
2019-09-20 08:44:41,473 | INFO  | SCMAudit | user=jenkins1000 | ip=192.168.36.79 | op=SEND_HEARTBEAT {datanodeUUID=b892e876-f5ae-410a-9dfd-4f07fd940729, command=[]} | ret=SUCCESS |  
2019-09-20 08:44:41,486 | INFO  | SCMAudit | user=jenkins1000 | ip=192.168.36.79 | op=SEND_HEARTBEAT {datanodeUUID=aa30552f-ad30-4fe7-9018-411c04218958, command=[]} | ret=SUCCESS |  
2019-09-20 08:44:41,724 | INFO  | SCMAudit | user=jenkins1000 | ip=192.168.36.79 | op=SEND_HEARTBEAT {datanodeUUID=a4a73c82-9756-45ac-afed-7299ac804f25, command=[]} | ret=SUCCESS |  
2019-09-20 08:44:41,973 | INFO  | SCMAudit | user=jenkins1000 | ip=192.168.36.79 | op=SEND_HEARTBEAT {datanodeUUID=9123b815-6bfa-48f7-ade2-b84cdc033afa, command=[]} | ret=SUCCESS |  
2019-09-20 08:44:42,405 [LocalJobRunner Map Task Executor #0] INFO  mapred.RetriableFileCopyCommand (RetriableFileCopyCommand.java:getTmpFile(260)) - Creating temp file: o3fs://bucket72129.volume58442/test/ITestOzoneContractDistCp/testUpdateDeepDirectoryStructureNoChange/remote/outputDir/.distcp.tmp.attempt_local1209324504_0001_m_000008_0
2019-09-20 08:44:42,410 [IPC Server handler 16 on 45031] INFO  pipeline.PipelinePlacementPolicy (PipelinePlacementPolicy.java:meetCriteria(91)) - Pipeline Placement: Doesn't meet the criteria to be viable node： aa30552f-ad30-4fe7-9018-411c04218958 Heaviness: 6 limit: 5
2019-09-20 08:44:42,411 [IPC Server handler 16 on 45031] INFO  pipeline.PipelinePlacementPolicy (PipelinePlacementPolicy.java:meetCriteria(91)) - Pipeline Placement: Doesn't meet the criteria to be viable node： b892e876-f5ae-410a-9dfd-4f07fd940729 Heaviness: 6 limit: 5
2019-09-20 08:44:42,411 [IPC Server handler 16 on 45031] INFO  pipeline.PipelinePlacementPolicy (PipelinePlacementPolicy.java:meetCriteria(91)) - Pipeline Placement: Doesn't meet the criteria to be viable node： 75feff7d-6f48-4002-b580-45a21ea734c6 Heaviness: 6 limit: 5
2019-09-20 08:44:42,411 [IPC Server handler 16 on 45031] INFO  pipeline.PipelinePlacementPolicy (PipelinePlacementPolicy.java:meetCriteria(91)) - Pipeline Placement: Doesn't meet the criteria to be viable node： 9123b815-6bfa-48f7-ade2-b84cdc033afa Heaviness: 6 limit: 5
2019-09-20 08:44:42,411 [IPC Server handler 16 on 45031] INFO  pipeline.PipelinePlacementPolicy (PipelinePlacementPolicy.java:meetCriteria(91)) - Pipeline Placement: Doesn't meet the criteria to be viable node： a4a73c82-9756-45ac-afed-7299ac804f25 Heaviness: 6 limit: 5
2019-09-20 08:44:42,412 [IPC Server handler 16 on 45031] ERROR pipeline.PipelinePlacementPolicy (PipelinePlacementPolicy.java:filterViableNodes(148)) - Unable to find enough nodes that meet the criteria that cannot engage in more than 5 pipelines. Nodes required: 3 Found: 0, healthy nodes count inNodeManager: 5.
2019-09-20 08:44:42,412 [IPC Server handler 16 on 45031] ERROR pipeline.SCMPipelineManager (SCMPipelineManager.java:createPipeline(161)) - Pipeline creation failed due to exception: Unable to find enough nodes that meet the criteria that cannot engage in more than 5 pipelines. Nodes required: 3 Found: 0, healthy nodes count inNodeManager: 5.
2019-09-20 08:44:42,412 [IPC Server handler 16 on 45031] WARN  block.BlockManagerImpl (BlockManagerImpl.java:allocateBlock(192)) - Pipeline creation failed for type:RATIS factor:THREE. Retrying get pipelines call once.
org.apache.hadoop.hdds.scm.exceptions.SCMException: Unable to find enough nodes that meet the criteria that cannot engage in more than 5 pipelines. Nodes required: 3 Found: 0, healthy nodes count inNodeManager: 5.
	at org.apache.hadoop.hdds.scm.pipeline.PipelinePlacementPolicy.filterViableNodes(PipelinePlacementPolicy.java:149)
	at org.apache.hadoop.hdds.scm.pipeline.PipelinePlacementPolicy.chooseDatanodes(PipelinePlacementPolicy.java:172)
	at org.apache.hadoop.hdds.scm.pipeline.RatisPipelineProvider.create(RatisPipelineProvider.java:92)
	at org.apache.hadoop.hdds.scm.pipeline.PipelineFactory.create(PipelineFactory.java:57)
	at org.apache.hadoop.hdds.scm.pipeline.SCMPipelineManager.createPipeline(SCMPipelineManager.java:149)
	at org.apache.hadoop.hdds.scm.block.BlockManagerImpl.allocateBlock(BlockManagerImpl.java:190)
	at org.apache.hadoop.hdds.scm.server.SCMBlockProtocolServer.allocateBlock(SCMBlockProtocolServer.java:175)
	at org.apache.hadoop.ozone.protocolPB.ScmBlockLocationProtocolServerSideTranslatorPB.allocateScmBlock(ScmBlockLocationProtocolServerSideTranslatorPB.java:153)
	at org.apache.hadoop.ozone.protocolPB.ScmBlockLocationProtocolServerSideTranslatorPB.send(ScmBlockLocationProtocolServerSideTranslatorPB.java:112)
	at org.apache.hadoop.hdds.protocol.proto.ScmBlockLocationProtocolProtos$ScmBlockLocationProtocolService$2.callBlockingMethod(ScmBlockLocationProtocolProtos.java:13157)
	at org.apache.hadoop.ipc.ProtobufRpcEngine$Server$ProtoBufRpcInvoker.call(ProtobufRpcEngine.java:524)
	at org.apache.hadoop.ipc.RPC$Server.call(RPC.java:1025)
	at org.apache.hadoop.ipc.Server$RpcCall.run(Server.java:876)
	at org.apache.hadoop.ipc.Server$RpcCall.run(Server.java:822)
	at java.security.AccessController.doPrivileged(Native Method)
	at javax.security.auth.Subject.doAs(Subject.java:422)
	at org.apache.hadoop.security.UserGroupInformation.doAs(UserGroupInformation.java:1730)
	at org.apache.hadoop.ipc.Server$Handler.run(Server.java:2682)
2019-09-20 08:44:42,422 [IPC Server handler 16 on 45031] INFO  block.BlockManagerImpl (BlockManagerImpl.java:allocateBlock(198)) - Could not find available pipeline of type:RATIS and factor:THREE even after retrying
2019-09-20 08:44:42,422 [IPC Server handler 16 on 45031] ERROR block.BlockManagerImpl (BlockManagerImpl.java:allocateBlock(222)) - Unable to allocate a block for the size: 4194304, type: RATIS, factor: THREE
2019-09-20 08:44:42,422 | INFO  | SCMAudit | user=jenkins1000 | ip=192.168.36.79 | op=ALLOCATE_BLOCK {owner=a1d0c9a2-9b67-4af3-a1f8-8c5669c9b817, size=4194304, type=RATIS, factor=THREE} | ret=SUCCESS |  
2019-09-20 08:44:42,424 | ERROR | OMAudit | user=jenkins1000 | ip=127.0.0.1 | op=CREATE_FILE {volume=volume58442, bucket=bucket72129, key=test/ITestOzoneContractDistCp/testUpdateDeepDirectoryStructureNoChange/remote/outputDir/.distcp.tmp.attempt_local1209324504_0001_m_000008_0, dataSize=0, replicationType=RATIS, replicationFactor=THREE, keyLocationInfo=null} | ret=FAILURE | org.apache.hadoop.hdds.scm.exceptions.SCMException: Allocated 0 blocks. Requested 1 blocks
	at org.apache.hadoop.hdds.scm.protocolPB.ScmBlockLocationProtocolClientSideTranslatorPB.handleError(ScmBlockLocationProtocolClientSideTranslatorPB.java:118)
	at org.apache.hadoop.hdds.scm.protocolPB.ScmBlockLocationProtocolClientSideTranslatorPB.allocateBlock(ScmBlockLocationProtocolClientSideTranslatorPB.java:156) 
2019-09-20 08:44:42,428 | ERROR | OMAudit | user=jenkins1000 | ip=127.0.0.1 | op=GET_FILE_STATUS {volume=volume58442, bucket=bucket72129, key=test/ITestOzoneContractDistCp/testUpdateDeepDirectoryStructureNoChange/remote/outputDir/.distcp.tmp.attempt_local1209324504_0001_m_000008_0, dataSize=0, replicationType=null, replicationFactor=null, keyLocationInfo=null} | ret=FAILURE | FILE_NOT_FOUND org.apache.hadoop.ozone.om.exceptions.OMException: Unable to get file status: volume: volume58442 bucket: bucket72129 key: test/ITestOzoneContractDistCp/testUpdateDeepDirectoryStructureNoChange/remote/outputDir/.distcp.tmp.attempt_local1209324504_0001_m_000008_0
	at org.apache.hadoop.ozone.om.KeyManagerImpl.getFileStatus(KeyManagerImpl.java:1655)
	at org.apache.hadoop.ozone.om.OzoneManager.getFileStatus(OzoneManager.java:2868) 
2019-09-20 08:44:42,429 [LocalJobRunner Map Task Executor #0] WARN  ozone.BasicOzoneFileSystem (BasicOzoneFileSystem.java:delete(437)) - delete: Path does not exist: o3fs://bucket72129.volume58442/test/ITestOzoneContractDistCp/testUpdateDeepDirectoryStructureNoChange/remote/outputDir/.distcp.tmp.attempt_local1209324504_0001_m_000008_0
2019-09-20 08:44:42,429 [LocalJobRunner Map Task Executor #0] ERROR util.RetriableCommand (RetriableCommand.java:execute(89)) - Failure in Retriable command: Copying file:/workdir/hadoop-ozone/ozonefs/target/test-dir/ITestOzoneContractDistCp/testUpdateDeepDirectoryStructureNoChange/local/inputDir/file1 to o3fs://bucket72129.volume58442/test/ITestOzoneContractDistCp/testUpdateDeepDirectoryStructureNoChange/remote/outputDir/inputDir/file1
INTERNAL_ERROR org.apache.hadoop.ozone.om.exceptions.OMException: Allocated 0 blocks. Requested 1 blocks
	at org.apache.hadoop.ozone.om.protocolPB.OzoneManagerProtocolClientSideTranslatorPB.handleError(OzoneManagerProtocolClientSideTranslatorPB.java:725)
	at org.apache.hadoop.ozone.om.protocolPB.OzoneManagerProtocolClientSideTranslatorPB.createFile(OzoneManagerProtocolClientSideTranslatorPB.java:1474)
	at org.apache.hadoop.ozone.client.rpc.RpcClient.createFile(RpcClient.java:984)
	at org.apache.hadoop.ozone.client.OzoneBucket.createFile(OzoneBucket.java:535)
	at org.apache.hadoop.fs.ozone.BasicOzoneClientAdapterImpl.createFile(BasicOzoneClientAdapterImpl.java:181)
	at org.apache.hadoop.fs.ozone.BasicOzoneFileSystem.createOutputStream(BasicOzoneFileSystem.java:249)
	at org.apache.hadoop.fs.ozone.BasicOzoneFileSystem.create(BasicOzoneFileSystem.java:230)
	at org.apache.hadoop.fs.FileSystem.create(FileSystem.java:1195)
	at org.apache.hadoop.tools.mapred.RetriableFileCopyCommand.copyToFile(RetriableFileCopyCommand.java:184)
	at org.apache.hadoop.tools.mapred.RetriableFileCopyCommand.doCopy(RetriableFileCopyCommand.java:123)
	at org.apache.hadoop.tools.mapred.RetriableFileCopyCommand.doExecute(RetriableFileCopyCommand.java:99)
	at org.apache.hadoop.tools.util.RetriableCommand.execute(RetriableCommand.java:87)
	at org.apache.hadoop.tools.mapred.CopyMapper.copyFileWithRetry(CopyMapper.java:256)
	at org.apache.hadoop.tools.mapred.CopyMapper.map(CopyMapper.java:217)
	at org.apache.hadoop.tools.mapred.CopyMapper.map(CopyMapper.java:48)
	at org.apache.hadoop.mapreduce.Mapper.run(Mapper.java:146)
	at org.apache.hadoop.mapred.MapTask.runNewMapper(MapTask.java:799)
	at org.apache.hadoop.mapred.MapTask.run(MapTask.java:347)
	at org.apache.hadoop.mapred.LocalJobRunner$Job$MapTaskRunnable.run(LocalJobRunner.java:271)
	at java.util.concurrent.Executors$RunnableAdapter.call(Executors.java:511)
	at java.util.concurrent.FutureTask.run(FutureTask.java:266)
	at java.util.concurrent.ThreadPoolExecutor.runWorker(ThreadPoolExecutor.java:1149)
	at java.util.concurrent.ThreadPoolExecutor$Worker.run(ThreadPoolExecutor.java:624)
	at java.lang.Thread.run(Thread.java:748)
2019-09-20 08:44:42,430 [LocalJobRunner Map Task Executor #0] ERROR mapred.CopyMapper (CopyMapper.java:handleFailures(296)) - Failure in copying file:/workdir/hadoop-ozone/ozonefs/target/test-dir/ITestOzoneContractDistCp/testUpdateDeepDirectoryStructureNoChange/local/inputDir/file1 to o3fs://bucket72129.volume58442/test/ITestOzoneContractDistCp/testUpdateDeepDirectoryStructureNoChange/remote/outputDir/inputDir/file1
java.io.IOException: File copy failed: file:/workdir/hadoop-ozone/ozonefs/target/test-dir/ITestOzoneContractDistCp/testUpdateDeepDirectoryStructureNoChange/local/inputDir/file1 --> o3fs://bucket72129.volume58442/test/ITestOzoneContractDistCp/testUpdateDeepDirectoryStructureNoChange/remote/outputDir/inputDir/file1
	at org.apache.hadoop.tools.mapred.CopyMapper.copyFileWithRetry(CopyMapper.java:259)
	at org.apache.hadoop.tools.mapred.CopyMapper.map(CopyMapper.java:217)
	at org.apache.hadoop.tools.mapred.CopyMapper.map(CopyMapper.java:48)
	at org.apache.hadoop.mapreduce.Mapper.run(Mapper.java:146)
	at org.apache.hadoop.mapred.MapTask.runNewMapper(MapTask.java:799)
	at org.apache.hadoop.mapred.MapTask.run(MapTask.java:347)
	at org.apache.hadoop.mapred.LocalJobRunner$Job$MapTaskRunnable.run(LocalJobRunner.java:271)
	at java.util.concurrent.Executors$RunnableAdapter.call(Executors.java:511)
	at java.util.concurrent.FutureTask.run(FutureTask.java:266)
	at java.util.concurrent.ThreadPoolExecutor.runWorker(ThreadPoolExecutor.java:1149)
	at java.util.concurrent.ThreadPoolExecutor$Worker.run(ThreadPoolExecutor.java:624)
	at java.lang.Thread.run(Thread.java:748)
Caused by: java.io.IOException: Couldn't run retriable-command: Copying file:/workdir/hadoop-ozone/ozonefs/target/test-dir/ITestOzoneContractDistCp/testUpdateDeepDirectoryStructureNoChange/local/inputDir/file1 to o3fs://bucket72129.volume58442/test/ITestOzoneContractDistCp/testUpdateDeepDirectoryStructureNoChange/remote/outputDir/inputDir/file1
	at org.apache.hadoop.tools.util.RetriableCommand.execute(RetriableCommand.java:101)
	at org.apache.hadoop.tools.mapred.CopyMapper.copyFileWithRetry(CopyMapper.java:256)
	... 11 more
Caused by: INTERNAL_ERROR org.apache.hadoop.ozone.om.exceptions.OMException: Allocated 0 blocks. Requested 1 blocks
	at org.apache.hadoop.ozone.om.protocolPB.OzoneManagerProtocolClientSideTranslatorPB.handleError(OzoneManagerProtocolClientSideTranslatorPB.java:725)
	at org.apache.hadoop.ozone.om.protocolPB.OzoneManagerProtocolClientSideTranslatorPB.createFile(OzoneManagerProtocolClientSideTranslatorPB.java:1474)
	at org.apache.hadoop.ozone.client.rpc.RpcClient.createFile(RpcClient.java:984)
	at org.apache.hadoop.ozone.client.OzoneBucket.createFile(OzoneBucket.java:535)
	at org.apache.hadoop.fs.ozone.BasicOzoneClientAdapterImpl.createFile(BasicOzoneClientAdapterImpl.java:181)
	at org.apache.hadoop.fs.ozone.BasicOzoneFileSystem.createOutputStream(BasicOzoneFileSystem.java:249)
	at org.apache.hadoop.fs.ozone.BasicOzoneFileSystem.create(BasicOzoneFileSystem.java:230)
	at org.apache.hadoop.fs.FileSystem.create(FileSystem.java:1195)
	at org.apache.hadoop.tools.mapred.RetriableFileCopyCommand.copyToFile(RetriableFileCopyCommand.java:184)
	at org.apache.hadoop.tools.mapred.RetriableFileCopyCommand.doCopy(RetriableFileCopyCommand.java:123)
	at org.apache.hadoop.tools.mapred.RetriableFileCopyCommand.doExecute(RetriableFileCopyCommand.java:99)
	at org.apache.hadoop.tools.util.RetriableCommand.execute(RetriableCommand.java:87)
	... 12 more
2019-09-20 08:44:42,433 [Thread-369] INFO  mapred.LocalJobRunner (LocalJobRunner.java:runTasks(486)) - map task executor complete.
2019-09-20 08:44:42,451 | INFO  | OMAudit | user=jenkins1000 | ip=127.0.0.1 | op=LIST_STATUS {volume=volume58442, bucket=bucket72129, key=test/ITestOzoneContractDistCp/testUpdateDeepDirectoryStructureNoChange/remote/outputDir, dataSize=0, replicationType=null, replicationFactor=null, keyLocationInfo=null} | ret=SUCCESS |  
2019-09-20 08:44:42,458 | INFO  | SCMAudit | user=jenkins1000 | ip=192.168.36.79 | op=SEND_HEARTBEAT {datanodeUUID=75feff7d-6f48-4002-b580-45a21ea734c6, command=[]} | ret=SUCCESS |  
2019-09-20 08:44:42,458 | INFO  | OMAudit | user=jenkins1000 | ip=127.0.0.1 | op=GET_FILE_STATUS {volume=volume58442, bucket=bucket72129, key=test/ITestOzoneContractDistCp/testUpdateDeepDirectoryStructureNoChange/remote/outputDir, dataSize=0, replicationType=null, replicationFactor=null, keyLocationInfo=null} | ret=SUCCESS |  
2019-09-20 08:44:42,467 | INFO  | OMAudit | user=jenkins1000 | ip=127.0.0.1 | op=LIST_STATUS {volume=volume58442, bucket=bucket72129, key=test/ITestOzoneContractDistCp/testUpdateDeepDirectoryStructureNoChange/remote, dataSize=0, replicationType=null, replicationFactor=null, keyLocationInfo=null} | ret=SUCCESS |  
2019-09-20 08:44:42,470 | INFO  | OMAudit | user=jenkins1000 | ip=127.0.0.1 | op=GET_FILE_STATUS {volume=volume58442, bucket=bucket72129, key=test/ITestOzoneContractDistCp/testUpdateDeepDirectoryStructureNoChange/remote, dataSize=0, replicationType=null, replicationFactor=null, keyLocationInfo=null} | ret=SUCCESS |  
2019-09-20 08:44:42,470 [Thread-369] INFO  mapred.CopyCommitter (CopyCommitter.java:cleanup(189)) - Cleaning up temporary work folder: file:/tmp/hadoop/mapred/staging/jenkins1000803860193/.staging/_distcp-334378648
2019-09-20 08:44:42,473 | INFO  | SCMAudit | user=jenkins1000 | ip=192.168.36.79 | op=SEND_HEARTBEAT {datanodeUUID=b892e876-f5ae-410a-9dfd-4f07fd940729, command=[]} | ret=SUCCESS |  
2019-09-20 08:44:42,473 [Thread-369] WARN  mapred.LocalJobRunner (LocalJobRunner.java:run(590)) - job_local1209324504_0001
java.lang.Exception: java.io.IOException: File copy failed: file:/workdir/hadoop-ozone/ozonefs/target/test-dir/ITestOzoneContractDistCp/testUpdateDeepDirectoryStructureNoChange/local/inputDir/subDir4/subDir4/file4 --> o3fs://bucket72129.volume58442/test/ITestOzoneContractDistCp/testUpdateDeepDirectoryStructureNoChange/remote/outputDir/inputDir/subDir4/subDir4/file4
	at org.apache.hadoop.mapred.LocalJobRunner$Job.runTasks(LocalJobRunner.java:492)
	at org.apache.hadoop.mapred.LocalJobRunner$Job.run(LocalJobRunner.java:552)
Caused by: java.io.IOException: File copy failed: file:/workdir/hadoop-ozone/ozonefs/target/test-dir/ITestOzoneContractDistCp/testUpdateDeepDirectoryStructureNoChange/local/inputDir/subDir4/subDir4/file4 --> o3fs://bucket72129.volume58442/test/ITestOzoneContractDistCp/testUpdateDeepDirectoryStructureNoChange/remote/outputDir/inputDir/subDir4/subDir4/file4
	at org.apache.hadoop.tools.mapred.CopyMapper.copyFileWithRetry(CopyMapper.java:259)
	at org.apache.hadoop.tools.mapred.CopyMapper.map(CopyMapper.java:217)
	at org.apache.hadoop.tools.mapred.CopyMapper.map(CopyMapper.java:48)
	at org.apache.hadoop.mapreduce.Mapper.run(Mapper.java:146)
	at org.apache.hadoop.mapred.MapTask.runNewMapper(MapTask.java:799)
	at org.apache.hadoop.mapred.MapTask.run(MapTask.java:347)
	at org.apache.hadoop.mapred.LocalJobRunner$Job$MapTaskRunnable.run(LocalJobRunner.java:271)
	at java.util.concurrent.Executors$RunnableAdapter.call(Executors.java:511)
	at java.util.concurrent.FutureTask.run(FutureTask.java:266)
	at java.util.concurrent.ThreadPoolExecutor.runWorker(ThreadPoolExecutor.java:1149)
	at java.util.concurrent.ThreadPoolExecutor$Worker.run(ThreadPoolExecutor.java:624)
	at java.lang.Thread.run(Thread.java:748)
Caused by: java.io.IOException: Couldn't run retriable-command: Copying file:/workdir/hadoop-ozone/ozonefs/target/test-dir/ITestOzoneContractDistCp/testUpdateDeepDirectoryStructureNoChange/local/inputDir/subDir4/subDir4/file4 to o3fs://bucket72129.volume58442/test/ITestOzoneContractDistCp/testUpdateDeepDirectoryStructureNoChange/remote/outputDir/inputDir/subDir4/subDir4/file4
	at org.apache.hadoop.tools.util.RetriableCommand.execute(RetriableCommand.java:101)
	at org.apache.hadoop.tools.mapred.CopyMapper.copyFileWithRetry(CopyMapper.java:256)
	... 11 more
Caused by: INTERNAL_ERROR org.apache.hadoop.ozone.om.exceptions.OMException: Allocated 0 blocks. Requested 1 blocks
	at org.apache.hadoop.ozone.om.protocolPB.OzoneManagerProtocolClientSideTranslatorPB.handleError(OzoneManagerProtocolClientSideTranslatorPB.java:725)
	at org.apache.hadoop.ozone.om.protocolPB.OzoneManagerProtocolClientSideTranslatorPB.createFile(OzoneManagerProtocolClientSideTranslatorPB.java:1474)
	at org.apache.hadoop.ozone.client.rpc.RpcClient.createFile(RpcClient.java:984)
	at org.apache.hadoop.ozone.client.OzoneBucket.createFile(OzoneBucket.java:535)
	at org.apache.hadoop.fs.ozone.BasicOzoneClientAdapterImpl.createFile(BasicOzoneClientAdapterImpl.java:181)
	at org.apache.hadoop.fs.ozone.BasicOzoneFileSystem.createOutputStream(BasicOzoneFileSystem.java:249)
	at org.apache.hadoop.fs.ozone.BasicOzoneFileSystem.create(BasicOzoneFileSystem.java:230)
	at org.apache.hadoop.fs.FileSystem.create(FileSystem.java:1195)
	at org.apache.hadoop.tools.mapred.RetriableFileCopyCommand.copyToFile(RetriableFileCopyCommand.java:184)
	at org.apache.hadoop.tools.mapred.RetriableFileCopyCommand.doCopy(RetriableFileCopyCommand.java:123)
	at org.apache.hadoop.tools.mapred.RetriableFileCopyCommand.doExecute(RetriableFileCopyCommand.java:99)
	at org.apache.hadoop.tools.util.RetriableCommand.execute(RetriableCommand.java:87)
	... 12 more
2019-09-20 08:44:42,484 | INFO  | SCMAudit | user=jenkins1000 | ip=192.168.36.79 | op=SEND_HEARTBEAT {datanodeUUID=aa30552f-ad30-4fe7-9018-411c04218958, command=[]} | ret=SUCCESS |  
2019-09-20 08:44:42,725 | INFO  | SCMAudit | user=jenkins1000 | ip=192.168.36.79 | op=SEND_HEARTBEAT {datanodeUUID=a4a73c82-9756-45ac-afed-7299ac804f25, command=[]} | ret=SUCCESS |  
2019-09-20 08:44:42,972 | INFO  | SCMAudit | user=jenkins1000 | ip=192.168.36.79 | op=SEND_HEARTBEAT {datanodeUUID=9123b815-6bfa-48f7-ade2-b84cdc033afa, command=[]} | ret=SUCCESS |  
2019-09-20 08:44:43,255 [Thread-235] INFO  mapreduce.Job (Job.java:monitorAndPrintJob(1660)) - Job job_local1209324504_0001 failed with state FAILED due to: NA
2019-09-20 08:44:43,327 [Thread-235] INFO  mapreduce.Job (Job.java:monitorAndPrintJob(1665)) - Counters: 22
	File System Counters
		FILE: Number of bytes read=1813234
		FILE: Number of bytes written=6613232
		FILE: Number of read operations=0
		FILE: Number of large read operations=0
		FILE: Number of write operations=0
		O3FS: Number of bytes read=0
		O3FS: Number of bytes written=0
		O3FS: Number of read operations=181
		O3FS: Number of large read operations=0
		O3FS: Number of write operations=106
	Map-Reduce Framework
		Map input records=8
		Map output records=0
		Input split bytes=1256
		Spilled Records=0
		Failed Shuffles=0
		Merged Map outputs=0
		GC time elapsed (ms)=0
		Total committed heap usage (bytes)=16466837504
	File Input Format Counters 
		Bytes Read=25256
	File Output Format Counters 
		Bytes Written=64
	DistCp Counters
		Bandwidth in Btyes=0
		DIR_COPY=6
2019-09-20 08:44:43,329 | INFO  | OMAudit | user=jenkins1000 | ip=127.0.0.1 | op=GET_FILE_STATUS {volume=volume58442, bucket=bucket72129, key=test, dataSize=0, replicationType=null, replicationFactor=null, keyLocationInfo=null} | ret=SUCCESS |  
2019-09-20 08:44:43,332 | INFO  | OMAudit | user=jenkins1000 | ip=127.0.0.1 | op=GET_FILE_STATUS {volume=volume58442, bucket=bucket72129, key=test, dataSize=0, replicationType=null, replicationFactor=null, keyLocationInfo=null} | ret=SUCCESS |  
2019-09-20 08:44:43,334 | INFO  | OMAudit | user=jenkins1000 | ip=127.0.0.1 | op=GET_FILE_STATUS {volume=volume58442, bucket=bucket72129, key=test, dataSize=0, replicationType=null, replicationFactor=null, keyLocationInfo=null} | ret=SUCCESS |  
2019-09-20 08:44:43,336 | INFO  | OMAudit | user=jenkins1000 | ip=127.0.0.1 | op=LIST_KEYS {volume=volume58442, bucket=bucket72129, startKey=, maxKeys=1000, keyPrefix=test/} | ret=SUCCESS |  
2019-09-20 08:44:43,340 | INFO  | OMAudit | user=jenkins1000 | ip=127.0.0.1 | op=DELETE_KEY {volume=volume58442, bucket=bucket72129, key=test/, dataSize=0, replicationType=null, replicationFactor=null, keyLocationInfo=null} | ret=SUCCESS |  
2019-09-20 08:44:43,342 | INFO  | OMAudit | user=jenkins1000 | ip=127.0.0.1 | op=DELETE_KEY {volume=volume58442, bucket=bucket72129, key=test/ITestOzoneContractDistCp/testUpdateDeepDirectoryStructureNoChange/, dataSize=0, replicationType=null, replicationFactor=null, keyLocationInfo=null} | ret=SUCCESS |  
2019-09-20 08:44:43,344 | INFO  | OMAudit | user=jenkins1000 | ip=127.0.0.1 | op=DELETE_KEY {volume=volume58442, bucket=bucket72129, key=test/ITestOzoneContractDistCp/testUpdateDeepDirectoryStructureNoChange/remote/outputDir/inputDir/, dataSize=0, replicationType=null, replicationFactor=null, keyLocationInfo=null} | ret=SUCCESS |  
2019-09-20 08:44:43,346 | INFO  | OMAudit | user=jenkins1000 | ip=127.0.0.1 | op=DELETE_KEY {volume=volume58442, bucket=bucket72129, key=test/ITestOzoneContractDistCp/testUpdateDeepDirectoryStructureNoChange/remote/outputDir/inputDir/subDir1/, dataSize=0, replicationType=null, replicationFactor=null, keyLocationInfo=null} | ret=SUCCESS |  
2019-09-20 08:44:43,348 | INFO  | OMAudit | user=jenkins1000 | ip=127.0.0.1 | op=DELETE_KEY {volume=volume58442, bucket=bucket72129, key=test/ITestOzoneContractDistCp/testUpdateDeepDirectoryStructureNoChange/remote/outputDir/inputDir/subDir2/subDir2/, dataSize=0, replicationType=null, replicationFactor=null, keyLocationInfo=null} | ret=SUCCESS |  
2019-09-20 08:44:43,350 | INFO  | OMAudit | user=jenkins1000 | ip=127.0.0.1 | op=DELETE_KEY {volume=volume58442, bucket=bucket72129, key=test/ITestOzoneContractDistCp/testUpdateDeepDirectoryStructureNoChange/remote/outputDir/inputDir/subDir4/subDir4/, dataSize=0, replicationType=null, replicationFactor=null, keyLocationInfo=null} | ret=SUCCESS |  
2019-09-20 08:44:43,351 | INFO  | OMAudit | user=jenkins1000 | ip=127.0.0.1 | op=LIST_KEYS {volume=volume58442, bucket=bucket72129, startKey=test/ITestOzoneContractDistCp/testUpdateDeepDirectoryStructureNoChange/remote/outputDir/inputDir/subDir4/subDir4/, maxKeys=1000, keyPrefix=test/} | ret=SUCCESS |  
]]></system-out>
    <system-err><![CDATA[Sep 20, 2019 8:44:09 AM com.sun.jersey.server.impl.application.WebApplicationImpl _initiate
INFO: Initiating Jersey application, version 'Jersey: 1.19 02/11/2015 03:25 AM'
Sep 20, 2019 8:44:10 AM com.sun.jersey.server.impl.application.WebApplicationImpl _initiate
INFO: Initiating Jersey application, version 'Jersey: 1.19 02/11/2015 03:25 AM'
Sep 20, 2019 8:44:10 AM com.sun.jersey.server.impl.application.WebApplicationImpl _initiate
INFO: Initiating Jersey application, version 'Jersey: 1.19 02/11/2015 03:25 AM'
Sep 20, 2019 8:44:11 AM com.sun.jersey.server.impl.application.WebApplicationImpl _initiate
INFO: Initiating Jersey application, version 'Jersey: 1.19 02/11/2015 03:25 AM'
Sep 20, 2019 8:44:11 AM com.sun.jersey.server.impl.application.WebApplicationImpl _initiate
INFO: Initiating Jersey application, version 'Jersey: 1.19 02/11/2015 03:25 AM'
Sep 20, 2019 8:44:16 AM com.sun.jersey.server.impl.application.WebApplicationImpl _initiate
INFO: Initiating Jersey application, version 'Jersey: 1.19 02/11/2015 03:25 AM'
]]></system-err>
  </testcase>
  <testcase name="testTrackDeepDirectoryStructureToRemote" classname="org.apache.hadoop.fs.ozone.contract.ITestOzoneContractDistCp" time="15.742">
    <error message="DistCp failure: Job job_local1525161619_0002 has failed: NA" type="java.io.IOException">java.io.IOException: DistCp failure: Job job_local1525161619_0002 has failed: NA
	at org.apache.hadoop.tools.DistCp.waitForJobCompletion(DistCp.java:230)
	at org.apache.hadoop.tools.DistCp.execute(DistCp.java:185)
	at org.apache.hadoop.tools.contract.AbstractContractDistCpTest.runDistCp(AbstractContractDistCpTest.java:560)
	at org.apache.hadoop.tools.contract.AbstractContractDistCpTest.runDistCp(AbstractContractDistCpTest.java:549)
	at org.apache.hadoop.tools.contract.AbstractContractDistCpTest.distCpDeepDirectoryStructure(AbstractContractDistCpTest.java:496)
	at org.apache.hadoop.tools.contract.AbstractContractDistCpTest.testTrackDeepDirectoryStructureToRemote(AbstractContractDistCpTest.java:347)
	at sun.reflect.NativeMethodAccessorImpl.invoke0(Native Method)
	at sun.reflect.NativeMethodAccessorImpl.invoke(NativeMethodAccessorImpl.java:62)
	at sun.reflect.DelegatingMethodAccessorImpl.invoke(DelegatingMethodAccessorImpl.java:43)
	at java.lang.reflect.Method.invoke(Method.java:498)
	at org.junit.runners.model.FrameworkMethod$1.runReflectiveCall(FrameworkMethod.java:47)
	at org.junit.internal.runners.model.ReflectiveCallable.run(ReflectiveCallable.java:12)
	at org.junit.runners.model.FrameworkMethod.invokeExplosively(FrameworkMethod.java:44)
	at org.junit.internal.runners.statements.InvokeMethod.evaluate(InvokeMethod.java:17)
	at org.junit.internal.runners.statements.RunBefores.evaluate(RunBefores.java:26)
	at org.junit.internal.runners.statements.RunAfters.evaluate(RunAfters.java:27)
	at org.junit.rules.TestWatcher$1.evaluate(TestWatcher.java:55)
	at org.junit.rules.TestWatcher$1.evaluate(TestWatcher.java:55)
	at org.junit.internal.runners.statements.FailOnTimeout$StatementThread.run(FailOnTimeout.java:74)
</error>
    <system-out><![CDATA[2019-09-20 08:44:43,399 [Thread-481] INFO  Configuration.deprecation (Configuration.java:logDeprecation(1394)) - mapred.job.tracker is deprecated. Instead, use mapreduce.jobtracker.address
2019-09-20 08:44:43,402 | INFO  | OMAudit | user=jenkins1000 | ip=127.0.0.1 | op=CREATE_VOLUME {admin=admin13015, owner=user80941, volume=volume34759, creationTime=1568969083402, quotaInBytes=1152921504606846976} | ret=SUCCESS |  
2019-09-20 08:44:43,404 | INFO  | OMAudit | user=jenkins1000 | ip=127.0.0.1 | op=CREATE_BUCKET {volume=volume34759, bucket=bucket49137, acls=[], isVersionEnabled=false, storageType=DISK, creationTime=0} | ret=SUCCESS |  
2019-09-20 08:44:43,463 | INFO  | SCMAudit | user=jenkins1000 | ip=192.168.36.79 | op=SEND_HEARTBEAT {datanodeUUID=75feff7d-6f48-4002-b580-45a21ea734c6, command=[]} | ret=SUCCESS |  
2019-09-20 08:44:43,467 | INFO  | OMAudit | user=jenkins1000 | ip=127.0.0.1 | op=READ_VOLUME {volume=volume34759} | ret=SUCCESS |  
2019-09-20 08:44:43,469 | INFO  | OMAudit | user=jenkins1000 | ip=127.0.0.1 | op=READ_BUCKET {volume=volume34759, bucket=bucket49137} | ret=SUCCESS |  
2019-09-20 08:44:43,469 [Thread-481] INFO  contract.AbstractFSContractTestBase (AbstractFSContractTestBase.java:setup(184)) - Test filesystem = o3fs://bucket49137.volume34759 implemented by OzoneFileSystem{URI=o3fs://bucket49137.volume34759, workingDir=o3fs://bucket49137.volume34759/user/jenkins1000, userName=jenkins1000, statistics=0 bytes read, 0 bytes written, 38 read ops, 0 large read ops, 20 write ops}
2019-09-20 08:44:43,472 | INFO  | OMAudit | user=jenkins1000 | ip=127.0.0.1 | op=CREATE_DIRECTORY {volume=volume34759, bucket=bucket49137, key=test, dataSize=0, replicationType=null, replicationFactor=null, keyLocationInfo=null} | ret=SUCCESS |  
2019-09-20 08:44:43,473 | INFO  | SCMAudit | user=jenkins1000 | ip=192.168.36.79 | op=SEND_HEARTBEAT {datanodeUUID=b892e876-f5ae-410a-9dfd-4f07fd940729, command=[]} | ret=SUCCESS |  
2019-09-20 08:44:43,485 | INFO  | SCMAudit | user=jenkins1000 | ip=192.168.36.79 | op=SEND_HEARTBEAT {datanodeUUID=aa30552f-ad30-4fe7-9018-411c04218958, command=[]} | ret=SUCCESS |  
2019-09-20 08:44:43,486 | INFO  | OMAudit | user=jenkins1000 | ip=127.0.0.1 | op=CREATE_DIRECTORY {volume=volume34759, bucket=bucket49137, key=test/ITestOzoneContractDistCp/testTrackDeepDirectoryStructureToRemote/remote, dataSize=0, replicationType=null, replicationFactor=null, keyLocationInfo=null} | ret=SUCCESS |  
2019-09-20 08:44:43,488 | INFO  | OMAudit | user=jenkins1000 | ip=127.0.0.1 | op=GET_FILE_STATUS {volume=volume34759, bucket=bucket49137, key=test/ITestOzoneContractDistCp/testTrackDeepDirectoryStructureToRemote/remote, dataSize=0, replicationType=null, replicationFactor=null, keyLocationInfo=null} | ret=SUCCESS |  
2019-09-20 08:44:43,490 | INFO  | OMAudit | user=jenkins1000 | ip=127.0.0.1 | op=GET_FILE_STATUS {volume=volume34759, bucket=bucket49137, key=test/ITestOzoneContractDistCp/testTrackDeepDirectoryStructureToRemote/remote, dataSize=0, replicationType=null, replicationFactor=null, keyLocationInfo=null} | ret=SUCCESS |  
2019-09-20 08:44:43,491 | INFO  | OMAudit | user=jenkins1000 | ip=127.0.0.1 | op=LIST_KEYS {volume=volume34759, bucket=bucket49137, startKey=, maxKeys=1000, keyPrefix=test/ITestOzoneContractDistCp/testTrackDeepDirectoryStructureToRemote/remote/} | ret=SUCCESS |  
2019-09-20 08:44:43,493 | INFO  | OMAudit | user=jenkins1000 | ip=127.0.0.1 | op=DELETE_KEY {volume=volume34759, bucket=bucket49137, key=test/ITestOzoneContractDistCp/testTrackDeepDirectoryStructureToRemote/remote/, dataSize=0, replicationType=null, replicationFactor=null, keyLocationInfo=null} | ret=SUCCESS |  
2019-09-20 08:44:43,495 | INFO  | OMAudit | user=jenkins1000 | ip=127.0.0.1 | op=LIST_KEYS {volume=volume34759, bucket=bucket49137, startKey=test/ITestOzoneContractDistCp/testTrackDeepDirectoryStructureToRemote/remote/, maxKeys=1000, keyPrefix=test/ITestOzoneContractDistCp/testTrackDeepDirectoryStructureToRemote/remote/} | ret=SUCCESS |  
2019-09-20 08:44:43,497 | ERROR | OMAudit | user=jenkins1000 | ip=127.0.0.1 | op=GET_FILE_STATUS {volume=volume34759, bucket=bucket49137, key=test/ITestOzoneContractDistCp/testTrackDeepDirectoryStructureToRemote, dataSize=0, replicationType=null, replicationFactor=null, keyLocationInfo=null} | ret=FAILURE | FILE_NOT_FOUND org.apache.hadoop.ozone.om.exceptions.OMException: Unable to get file status: volume: volume34759 bucket: bucket49137 key: test/ITestOzoneContractDistCp/testTrackDeepDirectoryStructureToRemote
	at org.apache.hadoop.ozone.om.KeyManagerImpl.getFileStatus(KeyManagerImpl.java:1655)
	at org.apache.hadoop.ozone.om.OzoneManager.getFileStatus(OzoneManager.java:2868) 
2019-09-20 08:44:43,502 | INFO  | OMAudit | user=jenkins1000 | ip=127.0.0.1 | op=CREATE_DIRECTORY {volume=volume34759, bucket=bucket49137, key=test/ITestOzoneContractDistCp/testTrackDeepDirectoryStructureToRemote/, dataSize=0, replicationType=null, replicationFactor=null, keyLocationInfo=null} | ret=SUCCESS |  
2019-09-20 08:44:43,502 [Thread-481] INFO  contract.AbstractFSContractTestBase (AbstractFSContractTestBase.java:describe(255)) - copy a deep directory structure from local to remote
2019-09-20 08:44:43,619 [Thread-481] INFO  impl.MetricsSystemImpl (MetricsSystemImpl.java:init(158)) - JobTracker metrics system started (again)
2019-09-20 08:44:43,630 [Thread-481] INFO  impl.MetricsSystemImpl (MetricsSystemImpl.java:init(158)) - JobTracker metrics system started (again)
2019-09-20 08:44:43,644 | ERROR | OMAudit | user=jenkins1000 | ip=127.0.0.1 | op=GET_FILE_STATUS {volume=volume34759, bucket=bucket49137, key=test/ITestOzoneContractDistCp/testTrackDeepDirectoryStructureToRemote/remote/outputDir, dataSize=0, replicationType=null, replicationFactor=null, keyLocationInfo=null} | ret=FAILURE | FILE_NOT_FOUND org.apache.hadoop.ozone.om.exceptions.OMException: Unable to get file status: volume: volume34759 bucket: bucket49137 key: test/ITestOzoneContractDistCp/testTrackDeepDirectoryStructureToRemote/remote/outputDir
	at org.apache.hadoop.ozone.om.KeyManagerImpl.getFileStatus(KeyManagerImpl.java:1655)
	at org.apache.hadoop.ozone.om.OzoneManager.getFileStatus(OzoneManager.java:2868) 
2019-09-20 08:44:43,723 [Thread-481] INFO  tools.SimpleCopyListing (SimpleCopyListing.java:printStats(608)) - Paths (files+dirs) cnt = 11; dirCnt = 6
2019-09-20 08:44:43,724 [Thread-481] INFO  tools.SimpleCopyListing (SimpleCopyListing.java:doBuildListing(402)) - Build file listing completed.
2019-09-20 08:44:43,724 | INFO  | SCMAudit | user=jenkins1000 | ip=192.168.36.79 | op=SEND_HEARTBEAT {datanodeUUID=a4a73c82-9756-45ac-afed-7299ac804f25, command=[]} | ret=SUCCESS |  
2019-09-20 08:44:43,738 [Thread-481] INFO  tools.DistCp (CopyListing.java:buildListing(94)) - Number of paths in the copy list: 11
2019-09-20 08:44:43,750 [Thread-481] INFO  tools.DistCp (CopyListing.java:buildListing(94)) - Number of paths in the copy list: 11
2019-09-20 08:44:43,752 [Thread-481] INFO  impl.MetricsSystemImpl (MetricsSystemImpl.java:init(158)) - JobTracker metrics system started (again)
2019-09-20 08:44:43,762 [Thread-481] WARN  mapreduce.JobResourceUploader (JobResourceUploader.java:uploadResourcesInternal(147)) - Hadoop command-line option parsing not performed. Implement the Tool interface and execute your application with ToolRunner to remedy this.
2019-09-20 08:44:43,821 [Thread-481] INFO  mapreduce.JobSubmitter (JobSubmitter.java:submitJobInternal(202)) - number of splits:8
2019-09-20 08:44:43,876 [Thread-481] INFO  mapreduce.JobSubmitter (JobSubmitter.java:printTokens(298)) - Submitting tokens for job: job_local1525161619_0002
2019-09-20 08:44:43,876 [Thread-481] INFO  mapreduce.JobSubmitter (JobSubmitter.java:printTokens(299)) - Executing with tokens: []
2019-09-20 08:44:43,972 | INFO  | SCMAudit | user=jenkins1000 | ip=192.168.36.79 | op=SEND_HEARTBEAT {datanodeUUID=9123b815-6bfa-48f7-ade2-b84cdc033afa, command=[]} | ret=SUCCESS |  
2019-09-20 08:44:43,993 [Thread-481] INFO  mapreduce.Job (Job.java:submit(1574)) - The url to track the job: http://localhost:8080/
2019-09-20 08:44:43,996 [Thread-544] INFO  mapred.LocalJobRunner (LocalJobRunner.java:createOutputCommitter(501)) - OutputCommitter set in config null
2019-09-20 08:44:43,996 [Thread-481] INFO  tools.DistCp (DistCp.java:createAndSubmitJob(217)) - DistCp job-id: job_local1525161619_0002
2019-09-20 08:44:43,996 [Thread-544] INFO  output.FileOutputCommitter (FileOutputCommitter.java:<init>(140)) - File Output Committer Algorithm version is 2
2019-09-20 08:44:43,996 [Thread-481] INFO  mapreduce.Job (Job.java:monitorAndPrintJob(1619)) - Running job: job_local1525161619_0002
2019-09-20 08:44:43,996 [Thread-544] INFO  output.FileOutputCommitter (FileOutputCommitter.java:<init>(155)) - FileOutputCommitter skip cleanup _temporary folders under output directory:false, ignore cleanup failures: false
2019-09-20 08:44:43,997 [Thread-544] INFO  mapred.LocalJobRunner (LocalJobRunner.java:createOutputCommitter(519)) - OutputCommitter is org.apache.hadoop.tools.mapred.CopyCommitter
2019-09-20 08:44:44,022 [Thread-544] INFO  mapred.LocalJobRunner (LocalJobRunner.java:runTasks(478)) - Waiting for map tasks
2019-09-20 08:44:44,022 [LocalJobRunner Map Task Executor #0] INFO  mapred.LocalJobRunner (LocalJobRunner.java:run(252)) - Starting task: attempt_local1525161619_0002_m_000000_0
2019-09-20 08:44:44,023 [LocalJobRunner Map Task Executor #0] INFO  output.FileOutputCommitter (FileOutputCommitter.java:<init>(140)) - File Output Committer Algorithm version is 2
2019-09-20 08:44:44,023 [LocalJobRunner Map Task Executor #0] INFO  output.FileOutputCommitter (FileOutputCommitter.java:<init>(155)) - FileOutputCommitter skip cleanup _temporary folders under output directory:false, ignore cleanup failures: false
2019-09-20 08:44:44,024 [LocalJobRunner Map Task Executor #0] INFO  mapred.Task (Task.java:initialize(626)) -  Using ResourceCalculatorProcessTree : [ ]
2019-09-20 08:44:44,027 [LocalJobRunner Map Task Executor #0] INFO  mapred.MapTask (MapTask.java:runNewMapper(768)) - Processing split: file:/tmp/hadoop/mapred/staging/jenkins10001172120868/.staging/_distcp1050229267/fileList.seq:854+1136
2019-09-20 08:44:44,036 [LocalJobRunner Map Task Executor #0] INFO  output.FileOutputCommitter (FileOutputCommitter.java:<init>(140)) - File Output Committer Algorithm version is 2
2019-09-20 08:44:44,036 [LocalJobRunner Map Task Executor #0] INFO  output.FileOutputCommitter (FileOutputCommitter.java:<init>(155)) - FileOutputCommitter skip cleanup _temporary folders under output directory:false, ignore cleanup failures: false
2019-09-20 08:44:44,056 | ERROR | OMAudit | user=jenkins1000 | ip=127.0.0.1 | op=GET_FILE_STATUS {volume=volume34759, bucket=bucket49137, key=test/ITestOzoneContractDistCp/testTrackDeepDirectoryStructureToRemote/remote/outputDir, dataSize=0, replicationType=null, replicationFactor=null, keyLocationInfo=null} | ret=FAILURE | FILE_NOT_FOUND org.apache.hadoop.ozone.om.exceptions.OMException: Unable to get file status: volume: volume34759 bucket: bucket49137 key: test/ITestOzoneContractDistCp/testTrackDeepDirectoryStructureToRemote/remote/outputDir
	at org.apache.hadoop.ozone.om.KeyManagerImpl.getFileStatus(KeyManagerImpl.java:1655)
	at org.apache.hadoop.ozone.om.OzoneManager.getFileStatus(OzoneManager.java:2868) 
2019-09-20 08:44:44,059 [LocalJobRunner Map Task Executor #0] INFO  mapred.CopyMapper (CopyMapper.java:map(154)) - Copying file:/workdir/hadoop-ozone/ozonefs/target/test-dir/ITestOzoneContractDistCp/testTrackDeepDirectoryStructureToRemote/local/inputDir/file1 to o3fs://bucket49137.volume34759/test/ITestOzoneContractDistCp/testTrackDeepDirectoryStructureToRemote/remote/outputDir/inputDir/file1
2019-09-20 08:44:44,065 | ERROR | OMAudit | user=jenkins1000 | ip=127.0.0.1 | op=GET_FILE_STATUS {volume=volume34759, bucket=bucket49137, key=test/ITestOzoneContractDistCp/testTrackDeepDirectoryStructureToRemote/remote/outputDir/inputDir/file1, dataSize=0, replicationType=null, replicationFactor=null, keyLocationInfo=null} | ret=FAILURE | FILE_NOT_FOUND org.apache.hadoop.ozone.om.exceptions.OMException: Unable to get file status: volume: volume34759 bucket: bucket49137 key: test/ITestOzoneContractDistCp/testTrackDeepDirectoryStructureToRemote/remote/outputDir/inputDir/file1
	at org.apache.hadoop.ozone.om.KeyManagerImpl.getFileStatus(KeyManagerImpl.java:1655)
	at org.apache.hadoop.ozone.om.OzoneManager.getFileStatus(OzoneManager.java:2868) 
2019-09-20 08:44:44,073 [LocalJobRunner Map Task Executor #0] INFO  mapred.RetriableFileCopyCommand (RetriableFileCopyCommand.java:getTmpFile(260)) - Creating temp file: o3fs://bucket49137.volume34759/test/ITestOzoneContractDistCp/testTrackDeepDirectoryStructureToRemote/remote/outputDir/.distcp.tmp.attempt_local1525161619_0002_m_000000_0
2019-09-20 08:44:44,083 [IPC Server handler 1 on 45031] INFO  pipeline.PipelinePlacementPolicy (PipelinePlacementPolicy.java:meetCriteria(91)) - Pipeline Placement: Doesn't meet the criteria to be viable node： aa30552f-ad30-4fe7-9018-411c04218958 Heaviness: 6 limit: 5
2019-09-20 08:44:44,083 [IPC Server handler 1 on 45031] INFO  pipeline.PipelinePlacementPolicy (PipelinePlacementPolicy.java:meetCriteria(91)) - Pipeline Placement: Doesn't meet the criteria to be viable node： b892e876-f5ae-410a-9dfd-4f07fd940729 Heaviness: 6 limit: 5
2019-09-20 08:44:44,084 [IPC Server handler 1 on 45031] INFO  pipeline.PipelinePlacementPolicy (PipelinePlacementPolicy.java:meetCriteria(91)) - Pipeline Placement: Doesn't meet the criteria to be viable node： 75feff7d-6f48-4002-b580-45a21ea734c6 Heaviness: 6 limit: 5
2019-09-20 08:44:44,084 [IPC Server handler 1 on 45031] INFO  pipeline.PipelinePlacementPolicy (PipelinePlacementPolicy.java:meetCriteria(91)) - Pipeline Placement: Doesn't meet the criteria to be viable node： 9123b815-6bfa-48f7-ade2-b84cdc033afa Heaviness: 6 limit: 5
2019-09-20 08:44:44,084 [IPC Server handler 1 on 45031] INFO  pipeline.PipelinePlacementPolicy (PipelinePlacementPolicy.java:meetCriteria(91)) - Pipeline Placement: Doesn't meet the criteria to be viable node： a4a73c82-9756-45ac-afed-7299ac804f25 Heaviness: 6 limit: 5
2019-09-20 08:44:44,084 [IPC Server handler 1 on 45031] ERROR pipeline.PipelinePlacementPolicy (PipelinePlacementPolicy.java:filterViableNodes(148)) - Unable to find enough nodes that meet the criteria that cannot engage in more than 5 pipelines. Nodes required: 3 Found: 0, healthy nodes count inNodeManager: 5.
2019-09-20 08:44:44,085 [IPC Server handler 1 on 45031] ERROR pipeline.SCMPipelineManager (SCMPipelineManager.java:createPipeline(161)) - Pipeline creation failed due to exception: Unable to find enough nodes that meet the criteria that cannot engage in more than 5 pipelines. Nodes required: 3 Found: 0, healthy nodes count inNodeManager: 5.
2019-09-20 08:44:44,085 [IPC Server handler 1 on 45031] WARN  block.BlockManagerImpl (BlockManagerImpl.java:allocateBlock(192)) - Pipeline creation failed for type:RATIS factor:THREE. Retrying get pipelines call once.
org.apache.hadoop.hdds.scm.exceptions.SCMException: Unable to find enough nodes that meet the criteria that cannot engage in more than 5 pipelines. Nodes required: 3 Found: 0, healthy nodes count inNodeManager: 5.
	at org.apache.hadoop.hdds.scm.pipeline.PipelinePlacementPolicy.filterViableNodes(PipelinePlacementPolicy.java:149)
	at org.apache.hadoop.hdds.scm.pipeline.PipelinePlacementPolicy.chooseDatanodes(PipelinePlacementPolicy.java:172)
	at org.apache.hadoop.hdds.scm.pipeline.RatisPipelineProvider.create(RatisPipelineProvider.java:92)
	at org.apache.hadoop.hdds.scm.pipeline.PipelineFactory.create(PipelineFactory.java:57)
	at org.apache.hadoop.hdds.scm.pipeline.SCMPipelineManager.createPipeline(SCMPipelineManager.java:149)
	at org.apache.hadoop.hdds.scm.block.BlockManagerImpl.allocateBlock(BlockManagerImpl.java:190)
	at org.apache.hadoop.hdds.scm.server.SCMBlockProtocolServer.allocateBlock(SCMBlockProtocolServer.java:175)
	at org.apache.hadoop.ozone.protocolPB.ScmBlockLocationProtocolServerSideTranslatorPB.allocateScmBlock(ScmBlockLocationProtocolServerSideTranslatorPB.java:153)
	at org.apache.hadoop.ozone.protocolPB.ScmBlockLocationProtocolServerSideTranslatorPB.send(ScmBlockLocationProtocolServerSideTranslatorPB.java:112)
	at org.apache.hadoop.hdds.protocol.proto.ScmBlockLocationProtocolProtos$ScmBlockLocationProtocolService$2.callBlockingMethod(ScmBlockLocationProtocolProtos.java:13157)
	at org.apache.hadoop.ipc.ProtobufRpcEngine$Server$ProtoBufRpcInvoker.call(ProtobufRpcEngine.java:524)
	at org.apache.hadoop.ipc.RPC$Server.call(RPC.java:1025)
	at org.apache.hadoop.ipc.Server$RpcCall.run(Server.java:876)
	at org.apache.hadoop.ipc.Server$RpcCall.run(Server.java:822)
	at java.security.AccessController.doPrivileged(Native Method)
	at javax.security.auth.Subject.doAs(Subject.java:422)
	at org.apache.hadoop.security.UserGroupInformation.doAs(UserGroupInformation.java:1730)
	at org.apache.hadoop.ipc.Server$Handler.run(Server.java:2682)
2019-09-20 08:44:44,085 [IPC Server handler 1 on 45031] INFO  block.BlockManagerImpl (BlockManagerImpl.java:allocateBlock(198)) - Could not find available pipeline of type:RATIS and factor:THREE even after retrying
2019-09-20 08:44:44,085 [IPC Server handler 1 on 45031] ERROR block.BlockManagerImpl (BlockManagerImpl.java:allocateBlock(222)) - Unable to allocate a block for the size: 4194304, type: RATIS, factor: THREE
2019-09-20 08:44:44,086 | INFO  | SCMAudit | user=jenkins1000 | ip=192.168.36.79 | op=ALLOCATE_BLOCK {owner=a1d0c9a2-9b67-4af3-a1f8-8c5669c9b817, size=4194304, type=RATIS, factor=THREE} | ret=SUCCESS |  
2019-09-20 08:44:44,086 | ERROR | OMAudit | user=jenkins1000 | ip=127.0.0.1 | op=CREATE_FILE {volume=volume34759, bucket=bucket49137, key=test/ITestOzoneContractDistCp/testTrackDeepDirectoryStructureToRemote/remote/outputDir/.distcp.tmp.attempt_local1525161619_0002_m_000000_0, dataSize=0, replicationType=RATIS, replicationFactor=THREE, keyLocationInfo=null} | ret=FAILURE | org.apache.hadoop.hdds.scm.exceptions.SCMException: Allocated 0 blocks. Requested 1 blocks
	at org.apache.hadoop.hdds.scm.protocolPB.ScmBlockLocationProtocolClientSideTranslatorPB.handleError(ScmBlockLocationProtocolClientSideTranslatorPB.java:118)
	at org.apache.hadoop.hdds.scm.protocolPB.ScmBlockLocationProtocolClientSideTranslatorPB.allocateBlock(ScmBlockLocationProtocolClientSideTranslatorPB.java:156) 
2019-09-20 08:44:44,088 | ERROR | OMAudit | user=jenkins1000 | ip=127.0.0.1 | op=GET_FILE_STATUS {volume=volume34759, bucket=bucket49137, key=test/ITestOzoneContractDistCp/testTrackDeepDirectoryStructureToRemote/remote/outputDir/.distcp.tmp.attempt_local1525161619_0002_m_000000_0, dataSize=0, replicationType=null, replicationFactor=null, keyLocationInfo=null} | ret=FAILURE | FILE_NOT_FOUND org.apache.hadoop.ozone.om.exceptions.OMException: Unable to get file status: volume: volume34759 bucket: bucket49137 key: test/ITestOzoneContractDistCp/testTrackDeepDirectoryStructureToRemote/remote/outputDir/.distcp.tmp.attempt_local1525161619_0002_m_000000_0
	at org.apache.hadoop.ozone.om.KeyManagerImpl.getFileStatus(KeyManagerImpl.java:1655)
	at org.apache.hadoop.ozone.om.OzoneManager.getFileStatus(OzoneManager.java:2868) 
2019-09-20 08:44:44,089 [LocalJobRunner Map Task Executor #0] WARN  ozone.BasicOzoneFileSystem (BasicOzoneFileSystem.java:delete(437)) - delete: Path does not exist: o3fs://bucket49137.volume34759/test/ITestOzoneContractDistCp/testTrackDeepDirectoryStructureToRemote/remote/outputDir/.distcp.tmp.attempt_local1525161619_0002_m_000000_0
2019-09-20 08:44:44,089 [LocalJobRunner Map Task Executor #0] ERROR util.RetriableCommand (RetriableCommand.java:execute(89)) - Failure in Retriable command: Copying file:/workdir/hadoop-ozone/ozonefs/target/test-dir/ITestOzoneContractDistCp/testTrackDeepDirectoryStructureToRemote/local/inputDir/file1 to o3fs://bucket49137.volume34759/test/ITestOzoneContractDistCp/testTrackDeepDirectoryStructureToRemote/remote/outputDir/inputDir/file1
INTERNAL_ERROR org.apache.hadoop.ozone.om.exceptions.OMException: Allocated 0 blocks. Requested 1 blocks
	at org.apache.hadoop.ozone.om.protocolPB.OzoneManagerProtocolClientSideTranslatorPB.handleError(OzoneManagerProtocolClientSideTranslatorPB.java:725)
	at org.apache.hadoop.ozone.om.protocolPB.OzoneManagerProtocolClientSideTranslatorPB.createFile(OzoneManagerProtocolClientSideTranslatorPB.java:1474)
	at org.apache.hadoop.ozone.client.rpc.RpcClient.createFile(RpcClient.java:984)
	at org.apache.hadoop.ozone.client.OzoneBucket.createFile(OzoneBucket.java:535)
	at org.apache.hadoop.fs.ozone.BasicOzoneClientAdapterImpl.createFile(BasicOzoneClientAdapterImpl.java:181)
	at org.apache.hadoop.fs.ozone.BasicOzoneFileSystem.createOutputStream(BasicOzoneFileSystem.java:249)
	at org.apache.hadoop.fs.ozone.BasicOzoneFileSystem.create(BasicOzoneFileSystem.java:230)
	at org.apache.hadoop.fs.FileSystem.create(FileSystem.java:1195)
	at org.apache.hadoop.tools.mapred.RetriableFileCopyCommand.copyToFile(RetriableFileCopyCommand.java:184)
	at org.apache.hadoop.tools.mapred.RetriableFileCopyCommand.doCopy(RetriableFileCopyCommand.java:123)
	at org.apache.hadoop.tools.mapred.RetriableFileCopyCommand.doExecute(RetriableFileCopyCommand.java:99)
	at org.apache.hadoop.tools.util.RetriableCommand.execute(RetriableCommand.java:87)
	at org.apache.hadoop.tools.mapred.CopyMapper.copyFileWithRetry(CopyMapper.java:256)
	at org.apache.hadoop.tools.mapred.CopyMapper.map(CopyMapper.java:217)
	at org.apache.hadoop.tools.mapred.CopyMapper.map(CopyMapper.java:48)
	at org.apache.hadoop.mapreduce.Mapper.run(Mapper.java:146)
	at org.apache.hadoop.mapred.MapTask.runNewMapper(MapTask.java:799)
	at org.apache.hadoop.mapred.MapTask.run(MapTask.java:347)
	at org.apache.hadoop.mapred.LocalJobRunner$Job$MapTaskRunnable.run(LocalJobRunner.java:271)
	at java.util.concurrent.Executors$RunnableAdapter.call(Executors.java:511)
	at java.util.concurrent.FutureTask.run(FutureTask.java:266)
	at java.util.concurrent.ThreadPoolExecutor.runWorker(ThreadPoolExecutor.java:1149)
	at java.util.concurrent.ThreadPoolExecutor$Worker.run(ThreadPoolExecutor.java:624)
	at java.lang.Thread.run(Thread.java:748)
2019-09-20 08:44:44,463 | INFO  | SCMAudit | user=jenkins1000 | ip=192.168.36.79 | op=SEND_HEARTBEAT {datanodeUUID=75feff7d-6f48-4002-b580-45a21ea734c6, command=[]} | ret=SUCCESS |  
2019-09-20 08:44:44,473 | INFO  | SCMAudit | user=jenkins1000 | ip=192.168.36.79 | op=SEND_HEARTBEAT {datanodeUUID=b892e876-f5ae-410a-9dfd-4f07fd940729, command=[]} | ret=SUCCESS |  
2019-09-20 08:44:44,485 | INFO  | SCMAudit | user=jenkins1000 | ip=192.168.36.79 | op=SEND_HEARTBEAT {datanodeUUID=aa30552f-ad30-4fe7-9018-411c04218958, command=[]} | ret=SUCCESS |  
2019-09-20 08:44:44,724 | INFO  | SCMAudit | user=jenkins1000 | ip=192.168.36.79 | op=SEND_HEARTBEAT {datanodeUUID=a4a73c82-9756-45ac-afed-7299ac804f25, command=[]} | ret=SUCCESS |  
2019-09-20 08:44:44,961 [communication thread] INFO  mapred.LocalJobRunner (LocalJobRunner.java:statusUpdate(634)) - Copy Failure: file:/workdir/hadoop-ozone/ozonefs/target/test-dir/ITestOzoneContractDistCp/testUpdateDeepDirectoryStructureNoChange/local/inputDir/subDir2/subDir2/file3 > map
2019-09-20 08:44:44,973 | INFO  | SCMAudit | user=jenkins1000 | ip=192.168.36.79 | op=SEND_HEARTBEAT {datanodeUUID=9123b815-6bfa-48f7-ade2-b84cdc033afa, command=[]} | ret=SUCCESS |  
2019-09-20 08:44:44,997 [Thread-481] INFO  mapreduce.Job (Job.java:monitorAndPrintJob(1640)) - Job job_local1525161619_0002 running in uber mode : false
2019-09-20 08:44:44,997 [Thread-481] INFO  mapreduce.Job (Job.java:monitorAndPrintJob(1647)) -  map 0% reduce 0%
2019-09-20 08:44:45,464 | INFO  | SCMAudit | user=jenkins1000 | ip=192.168.36.79 | op=SEND_HEARTBEAT {datanodeUUID=75feff7d-6f48-4002-b580-45a21ea734c6, command=[]} | ret=SUCCESS |  
2019-09-20 08:44:45,473 | INFO  | SCMAudit | user=jenkins1000 | ip=192.168.36.79 | op=SEND_HEARTBEAT {datanodeUUID=b892e876-f5ae-410a-9dfd-4f07fd940729, command=[]} | ret=SUCCESS |  
2019-09-20 08:44:45,485 | INFO  | SCMAudit | user=jenkins1000 | ip=192.168.36.79 | op=SEND_HEARTBEAT {datanodeUUID=aa30552f-ad30-4fe7-9018-411c04218958, command=[]} | ret=SUCCESS |  
2019-09-20 08:44:45,724 | INFO  | SCMAudit | user=jenkins1000 | ip=192.168.36.79 | op=SEND_HEARTBEAT {datanodeUUID=a4a73c82-9756-45ac-afed-7299ac804f25, command=[]} | ret=SUCCESS |  
2019-09-20 08:44:45,972 | INFO  | SCMAudit | user=jenkins1000 | ip=192.168.36.79 | op=SEND_HEARTBEAT {datanodeUUID=9123b815-6bfa-48f7-ade2-b84cdc033afa, command=[]} | ret=SUCCESS |  
2019-09-20 08:44:46,376 [communication thread] INFO  mapred.LocalJobRunner (LocalJobRunner.java:statusUpdate(634)) - Copy Failure: file:/workdir/hadoop-ozone/ozonefs/target/test-dir/ITestOzoneContractDistCp/testUpdateDeepDirectoryStructureNoChange/local/inputDir/file1 > map
2019-09-20 08:44:46,464 | INFO  | SCMAudit | user=jenkins1000 | ip=192.168.36.79 | op=SEND_HEARTBEAT {datanodeUUID=75feff7d-6f48-4002-b580-45a21ea734c6, command=[]} | ret=SUCCESS |  
2019-09-20 08:44:46,473 | INFO  | SCMAudit | user=jenkins1000 | ip=192.168.36.79 | op=SEND_HEARTBEAT {datanodeUUID=b892e876-f5ae-410a-9dfd-4f07fd940729, command=[]} | ret=SUCCESS |  
2019-09-20 08:44:46,486 | INFO  | SCMAudit | user=jenkins1000 | ip=192.168.36.79 | op=SEND_HEARTBEAT {datanodeUUID=aa30552f-ad30-4fe7-9018-411c04218958, command=[]} | ret=SUCCESS |  
2019-09-20 08:44:46,724 | INFO  | SCMAudit | user=jenkins1000 | ip=192.168.36.79 | op=SEND_HEARTBEAT {datanodeUUID=a4a73c82-9756-45ac-afed-7299ac804f25, command=[]} | ret=SUCCESS |  
2019-09-20 08:44:46,725 [LocalJobRunner Map Task Executor #0] INFO  mapred.RetriableFileCopyCommand (RetriableFileCopyCommand.java:getTmpFile(260)) - Creating temp file: o3fs://bucket49137.volume34759/test/ITestOzoneContractDistCp/testTrackDeepDirectoryStructureToRemote/remote/outputDir/.distcp.tmp.attempt_local1525161619_0002_m_000000_0
2019-09-20 08:44:46,731 [IPC Server handler 0 on 45031] INFO  pipeline.PipelinePlacementPolicy (PipelinePlacementPolicy.java:meetCriteria(91)) - Pipeline Placement: Doesn't meet the criteria to be viable node： aa30552f-ad30-4fe7-9018-411c04218958 Heaviness: 6 limit: 5
2019-09-20 08:44:46,731 [IPC Server handler 0 on 45031] INFO  pipeline.PipelinePlacementPolicy (PipelinePlacementPolicy.java:meetCriteria(91)) - Pipeline Placement: Doesn't meet the criteria to be viable node： b892e876-f5ae-410a-9dfd-4f07fd940729 Heaviness: 6 limit: 5
2019-09-20 08:44:46,731 [IPC Server handler 0 on 45031] INFO  pipeline.PipelinePlacementPolicy (PipelinePlacementPolicy.java:meetCriteria(91)) - Pipeline Placement: Doesn't meet the criteria to be viable node： 75feff7d-6f48-4002-b580-45a21ea734c6 Heaviness: 6 limit: 5
2019-09-20 08:44:46,731 [IPC Server handler 0 on 45031] INFO  pipeline.PipelinePlacementPolicy (PipelinePlacementPolicy.java:meetCriteria(91)) - Pipeline Placement: Doesn't meet the criteria to be viable node： 9123b815-6bfa-48f7-ade2-b84cdc033afa Heaviness: 6 limit: 5
2019-09-20 08:44:46,732 [IPC Server handler 0 on 45031] INFO  pipeline.PipelinePlacementPolicy (PipelinePlacementPolicy.java:meetCriteria(91)) - Pipeline Placement: Doesn't meet the criteria to be viable node： a4a73c82-9756-45ac-afed-7299ac804f25 Heaviness: 6 limit: 5
2019-09-20 08:44:46,732 [IPC Server handler 0 on 45031] ERROR pipeline.PipelinePlacementPolicy (PipelinePlacementPolicy.java:filterViableNodes(148)) - Unable to find enough nodes that meet the criteria that cannot engage in more than 5 pipelines. Nodes required: 3 Found: 0, healthy nodes count inNodeManager: 5.
2019-09-20 08:44:46,732 [IPC Server handler 0 on 45031] ERROR pipeline.SCMPipelineManager (SCMPipelineManager.java:createPipeline(161)) - Pipeline creation failed due to exception: Unable to find enough nodes that meet the criteria that cannot engage in more than 5 pipelines. Nodes required: 3 Found: 0, healthy nodes count inNodeManager: 5.
2019-09-20 08:44:46,732 [IPC Server handler 0 on 45031] WARN  block.BlockManagerImpl (BlockManagerImpl.java:allocateBlock(192)) - Pipeline creation failed for type:RATIS factor:THREE. Retrying get pipelines call once.
org.apache.hadoop.hdds.scm.exceptions.SCMException: Unable to find enough nodes that meet the criteria that cannot engage in more than 5 pipelines. Nodes required: 3 Found: 0, healthy nodes count inNodeManager: 5.
	at org.apache.hadoop.hdds.scm.pipeline.PipelinePlacementPolicy.filterViableNodes(PipelinePlacementPolicy.java:149)
	at org.apache.hadoop.hdds.scm.pipeline.PipelinePlacementPolicy.chooseDatanodes(PipelinePlacementPolicy.java:172)
	at org.apache.hadoop.hdds.scm.pipeline.RatisPipelineProvider.create(RatisPipelineProvider.java:92)
	at org.apache.hadoop.hdds.scm.pipeline.PipelineFactory.create(PipelineFactory.java:57)
	at org.apache.hadoop.hdds.scm.pipeline.SCMPipelineManager.createPipeline(SCMPipelineManager.java:149)
	at org.apache.hadoop.hdds.scm.block.BlockManagerImpl.allocateBlock(BlockManagerImpl.java:190)
	at org.apache.hadoop.hdds.scm.server.SCMBlockProtocolServer.allocateBlock(SCMBlockProtocolServer.java:175)
	at org.apache.hadoop.ozone.protocolPB.ScmBlockLocationProtocolServerSideTranslatorPB.allocateScmBlock(ScmBlockLocationProtocolServerSideTranslatorPB.java:153)
	at org.apache.hadoop.ozone.protocolPB.ScmBlockLocationProtocolServerSideTranslatorPB.send(ScmBlockLocationProtocolServerSideTranslatorPB.java:112)
	at org.apache.hadoop.hdds.protocol.proto.ScmBlockLocationProtocolProtos$ScmBlockLocationProtocolService$2.callBlockingMethod(ScmBlockLocationProtocolProtos.java:13157)
	at org.apache.hadoop.ipc.ProtobufRpcEngine$Server$ProtoBufRpcInvoker.call(ProtobufRpcEngine.java:524)
	at org.apache.hadoop.ipc.RPC$Server.call(RPC.java:1025)
	at org.apache.hadoop.ipc.Server$RpcCall.run(Server.java:876)
	at org.apache.hadoop.ipc.Server$RpcCall.run(Server.java:822)
	at java.security.AccessController.doPrivileged(Native Method)
	at javax.security.auth.Subject.doAs(Subject.java:422)
	at org.apache.hadoop.security.UserGroupInformation.doAs(UserGroupInformation.java:1730)
	at org.apache.hadoop.ipc.Server$Handler.run(Server.java:2682)
2019-09-20 08:44:46,733 [IPC Server handler 0 on 45031] INFO  block.BlockManagerImpl (BlockManagerImpl.java:allocateBlock(198)) - Could not find available pipeline of type:RATIS and factor:THREE even after retrying
2019-09-20 08:44:46,733 [IPC Server handler 0 on 45031] ERROR block.BlockManagerImpl (BlockManagerImpl.java:allocateBlock(222)) - Unable to allocate a block for the size: 4194304, type: RATIS, factor: THREE
2019-09-20 08:44:46,733 | INFO  | SCMAudit | user=jenkins1000 | ip=192.168.36.79 | op=ALLOCATE_BLOCK {owner=a1d0c9a2-9b67-4af3-a1f8-8c5669c9b817, size=4194304, type=RATIS, factor=THREE} | ret=SUCCESS |  
2019-09-20 08:44:46,734 | ERROR | OMAudit | user=jenkins1000 | ip=127.0.0.1 | op=CREATE_FILE {volume=volume34759, bucket=bucket49137, key=test/ITestOzoneContractDistCp/testTrackDeepDirectoryStructureToRemote/remote/outputDir/.distcp.tmp.attempt_local1525161619_0002_m_000000_0, dataSize=0, replicationType=RATIS, replicationFactor=THREE, keyLocationInfo=null} | ret=FAILURE | org.apache.hadoop.hdds.scm.exceptions.SCMException: Allocated 0 blocks. Requested 1 blocks
	at org.apache.hadoop.hdds.scm.protocolPB.ScmBlockLocationProtocolClientSideTranslatorPB.handleError(ScmBlockLocationProtocolClientSideTranslatorPB.java:118)
	at org.apache.hadoop.hdds.scm.protocolPB.ScmBlockLocationProtocolClientSideTranslatorPB.allocateBlock(ScmBlockLocationProtocolClientSideTranslatorPB.java:156) 
2019-09-20 08:44:46,739 | ERROR | OMAudit | user=jenkins1000 | ip=127.0.0.1 | op=GET_FILE_STATUS {volume=volume34759, bucket=bucket49137, key=test/ITestOzoneContractDistCp/testTrackDeepDirectoryStructureToRemote/remote/outputDir/.distcp.tmp.attempt_local1525161619_0002_m_000000_0, dataSize=0, replicationType=null, replicationFactor=null, keyLocationInfo=null} | ret=FAILURE | FILE_NOT_FOUND org.apache.hadoop.ozone.om.exceptions.OMException: Unable to get file status: volume: volume34759 bucket: bucket49137 key: test/ITestOzoneContractDistCp/testTrackDeepDirectoryStructureToRemote/remote/outputDir/.distcp.tmp.attempt_local1525161619_0002_m_000000_0
	at org.apache.hadoop.ozone.om.KeyManagerImpl.getFileStatus(KeyManagerImpl.java:1655)
	at org.apache.hadoop.ozone.om.OzoneManager.getFileStatus(OzoneManager.java:2868) 
2019-09-20 08:44:46,740 [LocalJobRunner Map Task Executor #0] WARN  ozone.BasicOzoneFileSystem (BasicOzoneFileSystem.java:delete(437)) - delete: Path does not exist: o3fs://bucket49137.volume34759/test/ITestOzoneContractDistCp/testTrackDeepDirectoryStructureToRemote/remote/outputDir/.distcp.tmp.attempt_local1525161619_0002_m_000000_0
2019-09-20 08:44:46,741 [LocalJobRunner Map Task Executor #0] ERROR util.RetriableCommand (RetriableCommand.java:execute(89)) - Failure in Retriable command: Copying file:/workdir/hadoop-ozone/ozonefs/target/test-dir/ITestOzoneContractDistCp/testTrackDeepDirectoryStructureToRemote/local/inputDir/file1 to o3fs://bucket49137.volume34759/test/ITestOzoneContractDistCp/testTrackDeepDirectoryStructureToRemote/remote/outputDir/inputDir/file1
INTERNAL_ERROR org.apache.hadoop.ozone.om.exceptions.OMException: Allocated 0 blocks. Requested 1 blocks
	at org.apache.hadoop.ozone.om.protocolPB.OzoneManagerProtocolClientSideTranslatorPB.handleError(OzoneManagerProtocolClientSideTranslatorPB.java:725)
	at org.apache.hadoop.ozone.om.protocolPB.OzoneManagerProtocolClientSideTranslatorPB.createFile(OzoneManagerProtocolClientSideTranslatorPB.java:1474)
	at org.apache.hadoop.ozone.client.rpc.RpcClient.createFile(RpcClient.java:984)
	at org.apache.hadoop.ozone.client.OzoneBucket.createFile(OzoneBucket.java:535)
	at org.apache.hadoop.fs.ozone.BasicOzoneClientAdapterImpl.createFile(BasicOzoneClientAdapterImpl.java:181)
	at org.apache.hadoop.fs.ozone.BasicOzoneFileSystem.createOutputStream(BasicOzoneFileSystem.java:249)
	at org.apache.hadoop.fs.ozone.BasicOzoneFileSystem.create(BasicOzoneFileSystem.java:230)
	at org.apache.hadoop.fs.FileSystem.create(FileSystem.java:1195)
	at org.apache.hadoop.tools.mapred.RetriableFileCopyCommand.copyToFile(RetriableFileCopyCommand.java:184)
	at org.apache.hadoop.tools.mapred.RetriableFileCopyCommand.doCopy(RetriableFileCopyCommand.java:123)
	at org.apache.hadoop.tools.mapred.RetriableFileCopyCommand.doExecute(RetriableFileCopyCommand.java:99)
	at org.apache.hadoop.tools.util.RetriableCommand.execute(RetriableCommand.java:87)
	at org.apache.hadoop.tools.mapred.CopyMapper.copyFileWithRetry(CopyMapper.java:256)
	at org.apache.hadoop.tools.mapred.CopyMapper.map(CopyMapper.java:217)
	at org.apache.hadoop.tools.mapred.CopyMapper.map(CopyMapper.java:48)
	at org.apache.hadoop.mapreduce.Mapper.run(Mapper.java:146)
	at org.apache.hadoop.mapred.MapTask.runNewMapper(MapTask.java:799)
	at org.apache.hadoop.mapred.MapTask.run(MapTask.java:347)
	at org.apache.hadoop.mapred.LocalJobRunner$Job$MapTaskRunnable.run(LocalJobRunner.java:271)
	at java.util.concurrent.Executors$RunnableAdapter.call(Executors.java:511)
	at java.util.concurrent.FutureTask.run(FutureTask.java:266)
	at java.util.concurrent.ThreadPoolExecutor.runWorker(ThreadPoolExecutor.java:1149)
	at java.util.concurrent.ThreadPoolExecutor$Worker.run(ThreadPoolExecutor.java:624)
	at java.lang.Thread.run(Thread.java:748)
2019-09-20 08:44:46,972 | INFO  | SCMAudit | user=jenkins1000 | ip=192.168.36.79 | op=SEND_HEARTBEAT {datanodeUUID=9123b815-6bfa-48f7-ade2-b84cdc033afa, command=[]} | ret=SUCCESS |  
2019-09-20 08:44:47,465 | INFO  | SCMAudit | user=jenkins1000 | ip=192.168.36.79 | op=SEND_HEARTBEAT {datanodeUUID=75feff7d-6f48-4002-b580-45a21ea734c6, command=[]} | ret=SUCCESS |  
2019-09-20 08:44:47,473 | INFO  | SCMAudit | user=jenkins1000 | ip=192.168.36.79 | op=SEND_HEARTBEAT {datanodeUUID=b892e876-f5ae-410a-9dfd-4f07fd940729, command=[]} | ret=SUCCESS |  
2019-09-20 08:44:47,486 | INFO  | SCMAudit | user=jenkins1000 | ip=192.168.36.79 | op=SEND_HEARTBEAT {datanodeUUID=aa30552f-ad30-4fe7-9018-411c04218958, command=[]} | ret=SUCCESS |  
2019-09-20 08:44:47,725 | INFO  | SCMAudit | user=jenkins1000 | ip=192.168.36.79 | op=SEND_HEARTBEAT {datanodeUUID=a4a73c82-9756-45ac-afed-7299ac804f25, command=[]} | ret=SUCCESS |  
2019-09-20 08:44:47,974 | INFO  | SCMAudit | user=jenkins1000 | ip=192.168.36.79 | op=SEND_HEARTBEAT {datanodeUUID=9123b815-6bfa-48f7-ade2-b84cdc033afa, command=[]} | ret=SUCCESS |  
2019-09-20 08:44:48,466 | INFO  | SCMAudit | user=jenkins1000 | ip=192.168.36.79 | op=SEND_HEARTBEAT {datanodeUUID=75feff7d-6f48-4002-b580-45a21ea734c6, command=[]} | ret=SUCCESS |  
2019-09-20 08:44:48,473 | INFO  | SCMAudit | user=jenkins1000 | ip=192.168.36.79 | op=SEND_HEARTBEAT {datanodeUUID=b892e876-f5ae-410a-9dfd-4f07fd940729, command=[]} | ret=SUCCESS |  
2019-09-20 08:44:48,486 | INFO  | SCMAudit | user=jenkins1000 | ip=192.168.36.79 | op=SEND_HEARTBEAT {datanodeUUID=aa30552f-ad30-4fe7-9018-411c04218958, command=[]} | ret=SUCCESS |  
2019-09-20 08:44:48,725 | INFO  | SCMAudit | user=jenkins1000 | ip=192.168.36.79 | op=SEND_HEARTBEAT {datanodeUUID=a4a73c82-9756-45ac-afed-7299ac804f25, command=[]} | ret=SUCCESS |  
2019-09-20 08:44:48,972 | INFO  | SCMAudit | user=jenkins1000 | ip=192.168.36.79 | op=SEND_HEARTBEAT {datanodeUUID=9123b815-6bfa-48f7-ade2-b84cdc033afa, command=[]} | ret=SUCCESS |  
2019-09-20 08:44:49,465 | INFO  | SCMAudit | user=jenkins1000 | ip=192.168.36.79 | op=SEND_HEARTBEAT {datanodeUUID=75feff7d-6f48-4002-b580-45a21ea734c6, command=[]} | ret=SUCCESS |  
2019-09-20 08:44:49,473 | INFO  | SCMAudit | user=jenkins1000 | ip=192.168.36.79 | op=SEND_HEARTBEAT {datanodeUUID=b892e876-f5ae-410a-9dfd-4f07fd940729, command=[]} | ret=SUCCESS |  
2019-09-20 08:44:49,486 | INFO  | SCMAudit | user=jenkins1000 | ip=192.168.36.79 | op=SEND_HEARTBEAT {datanodeUUID=aa30552f-ad30-4fe7-9018-411c04218958, command=[]} | ret=SUCCESS |  
2019-09-20 08:44:49,724 | INFO  | SCMAudit | user=jenkins1000 | ip=192.168.36.79 | op=SEND_HEARTBEAT {datanodeUUID=a4a73c82-9756-45ac-afed-7299ac804f25, command=[]} | ret=SUCCESS |  
2019-09-20 08:44:49,972 | INFO  | SCMAudit | user=jenkins1000 | ip=192.168.36.79 | op=SEND_HEARTBEAT {datanodeUUID=9123b815-6bfa-48f7-ade2-b84cdc033afa, command=[]} | ret=SUCCESS |  
2019-09-20 08:44:50,465 | INFO  | SCMAudit | user=jenkins1000 | ip=192.168.36.79 | op=SEND_HEARTBEAT {datanodeUUID=75feff7d-6f48-4002-b580-45a21ea734c6, command=[]} | ret=SUCCESS |  
2019-09-20 08:44:50,473 | INFO  | SCMAudit | user=jenkins1000 | ip=192.168.36.79 | op=SEND_HEARTBEAT {datanodeUUID=b892e876-f5ae-410a-9dfd-4f07fd940729, command=[]} | ret=SUCCESS |  
2019-09-20 08:44:50,486 | INFO  | SCMAudit | user=jenkins1000 | ip=192.168.36.79 | op=SEND_HEARTBEAT {datanodeUUID=aa30552f-ad30-4fe7-9018-411c04218958, command=[]} | ret=SUCCESS |  
2019-09-20 08:44:50,724 | INFO  | SCMAudit | user=jenkins1000 | ip=192.168.36.79 | op=SEND_HEARTBEAT {datanodeUUID=a4a73c82-9756-45ac-afed-7299ac804f25, command=[]} | ret=SUCCESS |  
2019-09-20 08:44:50,973 | INFO  | SCMAudit | user=jenkins1000 | ip=192.168.36.79 | op=SEND_HEARTBEAT {datanodeUUID=9123b815-6bfa-48f7-ade2-b84cdc033afa, command=[]} | ret=SUCCESS |  
2019-09-20 08:44:51,466 | INFO  | SCMAudit | user=jenkins1000 | ip=192.168.36.79 | op=SEND_HEARTBEAT {datanodeUUID=75feff7d-6f48-4002-b580-45a21ea734c6, command=[]} | ret=SUCCESS |  
2019-09-20 08:44:51,473 | INFO  | SCMAudit | user=jenkins1000 | ip=192.168.36.79 | op=SEND_HEARTBEAT {datanodeUUID=b892e876-f5ae-410a-9dfd-4f07fd940729, command=[]} | ret=SUCCESS |  
2019-09-20 08:44:51,486 | INFO  | SCMAudit | user=jenkins1000 | ip=192.168.36.79 | op=SEND_HEARTBEAT {datanodeUUID=aa30552f-ad30-4fe7-9018-411c04218958, command=[]} | ret=SUCCESS |  
2019-09-20 08:44:51,725 | INFO  | SCMAudit | user=jenkins1000 | ip=192.168.36.79 | op=SEND_HEARTBEAT {datanodeUUID=a4a73c82-9756-45ac-afed-7299ac804f25, command=[]} | ret=SUCCESS |  
2019-09-20 08:44:51,973 | INFO  | SCMAudit | user=jenkins1000 | ip=192.168.36.79 | op=SEND_HEARTBEAT {datanodeUUID=9123b815-6bfa-48f7-ade2-b84cdc033afa, command=[]} | ret=SUCCESS |  
2019-09-20 08:44:52,121 [LocalJobRunner Map Task Executor #0] INFO  mapred.RetriableFileCopyCommand (RetriableFileCopyCommand.java:getTmpFile(260)) - Creating temp file: o3fs://bucket49137.volume34759/test/ITestOzoneContractDistCp/testTrackDeepDirectoryStructureToRemote/remote/outputDir/.distcp.tmp.attempt_local1525161619_0002_m_000000_0
2019-09-20 08:44:52,127 [IPC Server handler 15 on 45031] INFO  pipeline.PipelinePlacementPolicy (PipelinePlacementPolicy.java:meetCriteria(91)) - Pipeline Placement: Doesn't meet the criteria to be viable node： aa30552f-ad30-4fe7-9018-411c04218958 Heaviness: 6 limit: 5
2019-09-20 08:44:52,128 [IPC Server handler 15 on 45031] INFO  pipeline.PipelinePlacementPolicy (PipelinePlacementPolicy.java:meetCriteria(91)) - Pipeline Placement: Doesn't meet the criteria to be viable node： b892e876-f5ae-410a-9dfd-4f07fd940729 Heaviness: 6 limit: 5
2019-09-20 08:44:52,128 [IPC Server handler 15 on 45031] INFO  pipeline.PipelinePlacementPolicy (PipelinePlacementPolicy.java:meetCriteria(91)) - Pipeline Placement: Doesn't meet the criteria to be viable node： 75feff7d-6f48-4002-b580-45a21ea734c6 Heaviness: 6 limit: 5
2019-09-20 08:44:52,128 [IPC Server handler 15 on 45031] INFO  pipeline.PipelinePlacementPolicy (PipelinePlacementPolicy.java:meetCriteria(91)) - Pipeline Placement: Doesn't meet the criteria to be viable node： 9123b815-6bfa-48f7-ade2-b84cdc033afa Heaviness: 6 limit: 5
2019-09-20 08:44:52,129 [IPC Server handler 15 on 45031] INFO  pipeline.PipelinePlacementPolicy (PipelinePlacementPolicy.java:meetCriteria(91)) - Pipeline Placement: Doesn't meet the criteria to be viable node： a4a73c82-9756-45ac-afed-7299ac804f25 Heaviness: 6 limit: 5
2019-09-20 08:44:52,129 [IPC Server handler 15 on 45031] ERROR pipeline.PipelinePlacementPolicy (PipelinePlacementPolicy.java:filterViableNodes(148)) - Unable to find enough nodes that meet the criteria that cannot engage in more than 5 pipelines. Nodes required: 3 Found: 0, healthy nodes count inNodeManager: 5.
2019-09-20 08:44:52,129 [IPC Server handler 15 on 45031] ERROR pipeline.SCMPipelineManager (SCMPipelineManager.java:createPipeline(161)) - Pipeline creation failed due to exception: Unable to find enough nodes that meet the criteria that cannot engage in more than 5 pipelines. Nodes required: 3 Found: 0, healthy nodes count inNodeManager: 5.
2019-09-20 08:44:52,129 [IPC Server handler 15 on 45031] WARN  block.BlockManagerImpl (BlockManagerImpl.java:allocateBlock(192)) - Pipeline creation failed for type:RATIS factor:THREE. Retrying get pipelines call once.
org.apache.hadoop.hdds.scm.exceptions.SCMException: Unable to find enough nodes that meet the criteria that cannot engage in more than 5 pipelines. Nodes required: 3 Found: 0, healthy nodes count inNodeManager: 5.
	at org.apache.hadoop.hdds.scm.pipeline.PipelinePlacementPolicy.filterViableNodes(PipelinePlacementPolicy.java:149)
	at org.apache.hadoop.hdds.scm.pipeline.PipelinePlacementPolicy.chooseDatanodes(PipelinePlacementPolicy.java:172)
	at org.apache.hadoop.hdds.scm.pipeline.RatisPipelineProvider.create(RatisPipelineProvider.java:92)
	at org.apache.hadoop.hdds.scm.pipeline.PipelineFactory.create(PipelineFactory.java:57)
	at org.apache.hadoop.hdds.scm.pipeline.SCMPipelineManager.createPipeline(SCMPipelineManager.java:149)
	at org.apache.hadoop.hdds.scm.block.BlockManagerImpl.allocateBlock(BlockManagerImpl.java:190)
	at org.apache.hadoop.hdds.scm.server.SCMBlockProtocolServer.allocateBlock(SCMBlockProtocolServer.java:175)
	at org.apache.hadoop.ozone.protocolPB.ScmBlockLocationProtocolServerSideTranslatorPB.allocateScmBlock(ScmBlockLocationProtocolServerSideTranslatorPB.java:153)
	at org.apache.hadoop.ozone.protocolPB.ScmBlockLocationProtocolServerSideTranslatorPB.send(ScmBlockLocationProtocolServerSideTranslatorPB.java:112)
	at org.apache.hadoop.hdds.protocol.proto.ScmBlockLocationProtocolProtos$ScmBlockLocationProtocolService$2.callBlockingMethod(ScmBlockLocationProtocolProtos.java:13157)
	at org.apache.hadoop.ipc.ProtobufRpcEngine$Server$ProtoBufRpcInvoker.call(ProtobufRpcEngine.java:524)
	at org.apache.hadoop.ipc.RPC$Server.call(RPC.java:1025)
	at org.apache.hadoop.ipc.Server$RpcCall.run(Server.java:876)
	at org.apache.hadoop.ipc.Server$RpcCall.run(Server.java:822)
	at java.security.AccessController.doPrivileged(Native Method)
	at javax.security.auth.Subject.doAs(Subject.java:422)
	at org.apache.hadoop.security.UserGroupInformation.doAs(UserGroupInformation.java:1730)
	at org.apache.hadoop.ipc.Server$Handler.run(Server.java:2682)
2019-09-20 08:44:52,130 [IPC Server handler 15 on 45031] INFO  block.BlockManagerImpl (BlockManagerImpl.java:allocateBlock(198)) - Could not find available pipeline of type:RATIS and factor:THREE even after retrying
2019-09-20 08:44:52,131 [IPC Server handler 15 on 45031] ERROR block.BlockManagerImpl (BlockManagerImpl.java:allocateBlock(222)) - Unable to allocate a block for the size: 4194304, type: RATIS, factor: THREE
2019-09-20 08:44:52,131 | INFO  | SCMAudit | user=jenkins1000 | ip=192.168.36.79 | op=ALLOCATE_BLOCK {owner=a1d0c9a2-9b67-4af3-a1f8-8c5669c9b817, size=4194304, type=RATIS, factor=THREE} | ret=SUCCESS |  
2019-09-20 08:44:52,132 | ERROR | OMAudit | user=jenkins1000 | ip=127.0.0.1 | op=CREATE_FILE {volume=volume34759, bucket=bucket49137, key=test/ITestOzoneContractDistCp/testTrackDeepDirectoryStructureToRemote/remote/outputDir/.distcp.tmp.attempt_local1525161619_0002_m_000000_0, dataSize=0, replicationType=RATIS, replicationFactor=THREE, keyLocationInfo=null} | ret=FAILURE | org.apache.hadoop.hdds.scm.exceptions.SCMException: Allocated 0 blocks. Requested 1 blocks
	at org.apache.hadoop.hdds.scm.protocolPB.ScmBlockLocationProtocolClientSideTranslatorPB.handleError(ScmBlockLocationProtocolClientSideTranslatorPB.java:118)
	at org.apache.hadoop.hdds.scm.protocolPB.ScmBlockLocationProtocolClientSideTranslatorPB.allocateBlock(ScmBlockLocationProtocolClientSideTranslatorPB.java:156) 
2019-09-20 08:44:52,137 | ERROR | OMAudit | user=jenkins1000 | ip=127.0.0.1 | op=GET_FILE_STATUS {volume=volume34759, bucket=bucket49137, key=test/ITestOzoneContractDistCp/testTrackDeepDirectoryStructureToRemote/remote/outputDir/.distcp.tmp.attempt_local1525161619_0002_m_000000_0, dataSize=0, replicationType=null, replicationFactor=null, keyLocationInfo=null} | ret=FAILURE | FILE_NOT_FOUND org.apache.hadoop.ozone.om.exceptions.OMException: Unable to get file status: volume: volume34759 bucket: bucket49137 key: test/ITestOzoneContractDistCp/testTrackDeepDirectoryStructureToRemote/remote/outputDir/.distcp.tmp.attempt_local1525161619_0002_m_000000_0
	at org.apache.hadoop.ozone.om.KeyManagerImpl.getFileStatus(KeyManagerImpl.java:1655)
	at org.apache.hadoop.ozone.om.OzoneManager.getFileStatus(OzoneManager.java:2868) 
2019-09-20 08:44:52,138 [LocalJobRunner Map Task Executor #0] WARN  ozone.BasicOzoneFileSystem (BasicOzoneFileSystem.java:delete(437)) - delete: Path does not exist: o3fs://bucket49137.volume34759/test/ITestOzoneContractDistCp/testTrackDeepDirectoryStructureToRemote/remote/outputDir/.distcp.tmp.attempt_local1525161619_0002_m_000000_0
2019-09-20 08:44:52,138 [LocalJobRunner Map Task Executor #0] ERROR util.RetriableCommand (RetriableCommand.java:execute(89)) - Failure in Retriable command: Copying file:/workdir/hadoop-ozone/ozonefs/target/test-dir/ITestOzoneContractDistCp/testTrackDeepDirectoryStructureToRemote/local/inputDir/file1 to o3fs://bucket49137.volume34759/test/ITestOzoneContractDistCp/testTrackDeepDirectoryStructureToRemote/remote/outputDir/inputDir/file1
INTERNAL_ERROR org.apache.hadoop.ozone.om.exceptions.OMException: Allocated 0 blocks. Requested 1 blocks
	at org.apache.hadoop.ozone.om.protocolPB.OzoneManagerProtocolClientSideTranslatorPB.handleError(OzoneManagerProtocolClientSideTranslatorPB.java:725)
	at org.apache.hadoop.ozone.om.protocolPB.OzoneManagerProtocolClientSideTranslatorPB.createFile(OzoneManagerProtocolClientSideTranslatorPB.java:1474)
	at org.apache.hadoop.ozone.client.rpc.RpcClient.createFile(RpcClient.java:984)
	at org.apache.hadoop.ozone.client.OzoneBucket.createFile(OzoneBucket.java:535)
	at org.apache.hadoop.fs.ozone.BasicOzoneClientAdapterImpl.createFile(BasicOzoneClientAdapterImpl.java:181)
	at org.apache.hadoop.fs.ozone.BasicOzoneFileSystem.createOutputStream(BasicOzoneFileSystem.java:249)
	at org.apache.hadoop.fs.ozone.BasicOzoneFileSystem.create(BasicOzoneFileSystem.java:230)
	at org.apache.hadoop.fs.FileSystem.create(FileSystem.java:1195)
	at org.apache.hadoop.tools.mapred.RetriableFileCopyCommand.copyToFile(RetriableFileCopyCommand.java:184)
	at org.apache.hadoop.tools.mapred.RetriableFileCopyCommand.doCopy(RetriableFileCopyCommand.java:123)
	at org.apache.hadoop.tools.mapred.RetriableFileCopyCommand.doExecute(RetriableFileCopyCommand.java:99)
	at org.apache.hadoop.tools.util.RetriableCommand.execute(RetriableCommand.java:87)
	at org.apache.hadoop.tools.mapred.CopyMapper.copyFileWithRetry(CopyMapper.java:256)
	at org.apache.hadoop.tools.mapred.CopyMapper.map(CopyMapper.java:217)
	at org.apache.hadoop.tools.mapred.CopyMapper.map(CopyMapper.java:48)
	at org.apache.hadoop.mapreduce.Mapper.run(Mapper.java:146)
	at org.apache.hadoop.mapred.MapTask.runNewMapper(MapTask.java:799)
	at org.apache.hadoop.mapred.MapTask.run(MapTask.java:347)
	at org.apache.hadoop.mapred.LocalJobRunner$Job$MapTaskRunnable.run(LocalJobRunner.java:271)
	at java.util.concurrent.Executors$RunnableAdapter.call(Executors.java:511)
	at java.util.concurrent.FutureTask.run(FutureTask.java:266)
	at java.util.concurrent.ThreadPoolExecutor.runWorker(ThreadPoolExecutor.java:1149)
	at java.util.concurrent.ThreadPoolExecutor$Worker.run(ThreadPoolExecutor.java:624)
	at java.lang.Thread.run(Thread.java:748)
2019-09-20 08:44:52,138 [LocalJobRunner Map Task Executor #0] ERROR mapred.CopyMapper (CopyMapper.java:handleFailures(296)) - Failure in copying file:/workdir/hadoop-ozone/ozonefs/target/test-dir/ITestOzoneContractDistCp/testTrackDeepDirectoryStructureToRemote/local/inputDir/file1 to o3fs://bucket49137.volume34759/test/ITestOzoneContractDistCp/testTrackDeepDirectoryStructureToRemote/remote/outputDir/inputDir/file1
java.io.IOException: File copy failed: file:/workdir/hadoop-ozone/ozonefs/target/test-dir/ITestOzoneContractDistCp/testTrackDeepDirectoryStructureToRemote/local/inputDir/file1 --> o3fs://bucket49137.volume34759/test/ITestOzoneContractDistCp/testTrackDeepDirectoryStructureToRemote/remote/outputDir/inputDir/file1
	at org.apache.hadoop.tools.mapred.CopyMapper.copyFileWithRetry(CopyMapper.java:259)
	at org.apache.hadoop.tools.mapred.CopyMapper.map(CopyMapper.java:217)
	at org.apache.hadoop.tools.mapred.CopyMapper.map(CopyMapper.java:48)
	at org.apache.hadoop.mapreduce.Mapper.run(Mapper.java:146)
	at org.apache.hadoop.mapred.MapTask.runNewMapper(MapTask.java:799)
	at org.apache.hadoop.mapred.MapTask.run(MapTask.java:347)
	at org.apache.hadoop.mapred.LocalJobRunner$Job$MapTaskRunnable.run(LocalJobRunner.java:271)
	at java.util.concurrent.Executors$RunnableAdapter.call(Executors.java:511)
	at java.util.concurrent.FutureTask.run(FutureTask.java:266)
	at java.util.concurrent.ThreadPoolExecutor.runWorker(ThreadPoolExecutor.java:1149)
	at java.util.concurrent.ThreadPoolExecutor$Worker.run(ThreadPoolExecutor.java:624)
	at java.lang.Thread.run(Thread.java:748)
Caused by: java.io.IOException: Couldn't run retriable-command: Copying file:/workdir/hadoop-ozone/ozonefs/target/test-dir/ITestOzoneContractDistCp/testTrackDeepDirectoryStructureToRemote/local/inputDir/file1 to o3fs://bucket49137.volume34759/test/ITestOzoneContractDistCp/testTrackDeepDirectoryStructureToRemote/remote/outputDir/inputDir/file1
	at org.apache.hadoop.tools.util.RetriableCommand.execute(RetriableCommand.java:101)
	at org.apache.hadoop.tools.mapred.CopyMapper.copyFileWithRetry(CopyMapper.java:256)
	... 11 more
Caused by: INTERNAL_ERROR org.apache.hadoop.ozone.om.exceptions.OMException: Allocated 0 blocks. Requested 1 blocks
	at org.apache.hadoop.ozone.om.protocolPB.OzoneManagerProtocolClientSideTranslatorPB.handleError(OzoneManagerProtocolClientSideTranslatorPB.java:725)
	at org.apache.hadoop.ozone.om.protocolPB.OzoneManagerProtocolClientSideTranslatorPB.createFile(OzoneManagerProtocolClientSideTranslatorPB.java:1474)
	at org.apache.hadoop.ozone.client.rpc.RpcClient.createFile(RpcClient.java:984)
	at org.apache.hadoop.ozone.client.OzoneBucket.createFile(OzoneBucket.java:535)
	at org.apache.hadoop.fs.ozone.BasicOzoneClientAdapterImpl.createFile(BasicOzoneClientAdapterImpl.java:181)
	at org.apache.hadoop.fs.ozone.BasicOzoneFileSystem.createOutputStream(BasicOzoneFileSystem.java:249)
	at org.apache.hadoop.fs.ozone.BasicOzoneFileSystem.create(BasicOzoneFileSystem.java:230)
	at org.apache.hadoop.fs.FileSystem.create(FileSystem.java:1195)
	at org.apache.hadoop.tools.mapred.RetriableFileCopyCommand.copyToFile(RetriableFileCopyCommand.java:184)
	at org.apache.hadoop.tools.mapred.RetriableFileCopyCommand.doCopy(RetriableFileCopyCommand.java:123)
	at org.apache.hadoop.tools.mapred.RetriableFileCopyCommand.doExecute(RetriableFileCopyCommand.java:99)
	at org.apache.hadoop.tools.util.RetriableCommand.execute(RetriableCommand.java:87)
	... 12 more
2019-09-20 08:44:52,139 [LocalJobRunner Map Task Executor #0] INFO  mapred.LocalJobRunner (LocalJobRunner.java:run(252)) - Starting task: attempt_local1525161619_0002_m_000001_0
2019-09-20 08:44:52,141 [LocalJobRunner Map Task Executor #0] INFO  output.FileOutputCommitter (FileOutputCommitter.java:<init>(140)) - File Output Committer Algorithm version is 2
2019-09-20 08:44:52,141 [LocalJobRunner Map Task Executor #0] INFO  output.FileOutputCommitter (FileOutputCommitter.java:<init>(155)) - FileOutputCommitter skip cleanup _temporary folders under output directory:false, ignore cleanup failures: false
2019-09-20 08:44:52,141 [LocalJobRunner Map Task Executor #0] INFO  mapred.Task (Task.java:initialize(626)) -  Using ResourceCalculatorProcessTree : [ ]
2019-09-20 08:44:52,142 [LocalJobRunner Map Task Executor #0] INFO  mapred.MapTask (MapTask.java:runNewMapper(768)) - Processing split: file:/tmp/hadoop/mapred/staging/jenkins10001172120868/.staging/_distcp1050229267/fileList.seq:0+326
2019-09-20 08:44:52,143 [LocalJobRunner Map Task Executor #0] INFO  output.FileOutputCommitter (FileOutputCommitter.java:<init>(140)) - File Output Committer Algorithm version is 2
2019-09-20 08:44:52,143 [LocalJobRunner Map Task Executor #0] INFO  output.FileOutputCommitter (FileOutputCommitter.java:<init>(155)) - FileOutputCommitter skip cleanup _temporary folders under output directory:false, ignore cleanup failures: false
2019-09-20 08:44:52,163 | ERROR | OMAudit | user=jenkins1000 | ip=127.0.0.1 | op=GET_FILE_STATUS {volume=volume34759, bucket=bucket49137, key=test/ITestOzoneContractDistCp/testTrackDeepDirectoryStructureToRemote/remote/outputDir, dataSize=0, replicationType=null, replicationFactor=null, keyLocationInfo=null} | ret=FAILURE | FILE_NOT_FOUND org.apache.hadoop.ozone.om.exceptions.OMException: Unable to get file status: volume: volume34759 bucket: bucket49137 key: test/ITestOzoneContractDistCp/testTrackDeepDirectoryStructureToRemote/remote/outputDir
	at org.apache.hadoop.ozone.om.KeyManagerImpl.getFileStatus(KeyManagerImpl.java:1655)
	at org.apache.hadoop.ozone.om.OzoneManager.getFileStatus(OzoneManager.java:2868) 
2019-09-20 08:44:52,164 [LocalJobRunner Map Task Executor #0] INFO  mapred.CopyMapper (CopyMapper.java:map(154)) - Copying file:/workdir/hadoop-ozone/ozonefs/target/test-dir/ITestOzoneContractDistCp/testTrackDeepDirectoryStructureToRemote/local/inputDir to o3fs://bucket49137.volume34759/test/ITestOzoneContractDistCp/testTrackDeepDirectoryStructureToRemote/remote/outputDir/inputDir
2019-09-20 08:44:52,172 | ERROR | OMAudit | user=jenkins1000 | ip=127.0.0.1 | op=GET_FILE_STATUS {volume=volume34759, bucket=bucket49137, key=test/ITestOzoneContractDistCp/testTrackDeepDirectoryStructureToRemote/remote/outputDir/inputDir, dataSize=0, replicationType=null, replicationFactor=null, keyLocationInfo=null} | ret=FAILURE | FILE_NOT_FOUND org.apache.hadoop.ozone.om.exceptions.OMException: Unable to get file status: volume: volume34759 bucket: bucket49137 key: test/ITestOzoneContractDistCp/testTrackDeepDirectoryStructureToRemote/remote/outputDir/inputDir
	at org.apache.hadoop.ozone.om.KeyManagerImpl.getFileStatus(KeyManagerImpl.java:1655)
	at org.apache.hadoop.ozone.om.OzoneManager.getFileStatus(OzoneManager.java:2868) 
2019-09-20 08:44:52,176 | INFO  | OMAudit | user=jenkins1000 | ip=127.0.0.1 | op=CREATE_DIRECTORY {volume=volume34759, bucket=bucket49137, key=test/ITestOzoneContractDistCp/testTrackDeepDirectoryStructureToRemote/remote/outputDir/inputDir, dataSize=0, replicationType=null, replicationFactor=null, keyLocationInfo=null} | ret=SUCCESS |  
2019-09-20 08:44:52,178 [LocalJobRunner Map Task Executor #0] INFO  mapred.LocalJobRunner (LocalJobRunner.java:statusUpdate(634)) - 
2019-09-20 08:44:52,178 [LocalJobRunner Map Task Executor #0] INFO  mapred.Task (Task.java:done(1244)) - Task:attempt_local1525161619_0002_m_000001_0 is done. And is in the process of committing
2019-09-20 08:44:52,179 [LocalJobRunner Map Task Executor #0] INFO  mapred.LocalJobRunner (LocalJobRunner.java:statusUpdate(634)) - 
2019-09-20 08:44:52,179 [LocalJobRunner Map Task Executor #0] INFO  mapred.Task (Task.java:commit(1421)) - Task attempt_local1525161619_0002_m_000001_0 is allowed to commit now
2019-09-20 08:44:52,181 [LocalJobRunner Map Task Executor #0] INFO  output.FileOutputCommitter (FileOutputCommitter.java:commitTask(598)) - Saved output of task 'attempt_local1525161619_0002_m_000001_0' to file:/tmp/hadoop/mapred/staging/jenkins10001172120868/.staging/_distcp1050229267/_logs
2019-09-20 08:44:52,182 [LocalJobRunner Map Task Executor #0] INFO  mapred.LocalJobRunner (LocalJobRunner.java:statusUpdate(634)) - Copying file:/workdir/hadoop-ozone/ozonefs/target/test-dir/ITestOzoneContractDistCp/testTrackDeepDirectoryStructureToRemote/local/inputDir to o3fs://bucket49137.volume34759/test/ITestOzoneContractDistCp/testTrackDeepDirectoryStructureToRemote/remote/outputDir/inputDir
2019-09-20 08:44:52,182 [LocalJobRunner Map Task Executor #0] INFO  mapred.Task (Task.java:sendDone(1380)) - Task 'attempt_local1525161619_0002_m_000001_0' done.
2019-09-20 08:44:52,182 [LocalJobRunner Map Task Executor #0] INFO  mapred.Task (Task.java:done(1276)) - Final Counters for attempt_local1525161619_0002_m_000001_0: Counters: 22
	File System Counters
		FILE: Number of bytes read=445647
		FILE: Number of bytes written=1653109
		FILE: Number of read operations=0
		FILE: Number of large read operations=0
		FILE: Number of write operations=0
		O3FS: Number of bytes read=0
		O3FS: Number of bytes written=0
		O3FS: Number of read operations=49
		O3FS: Number of large read operations=0
		O3FS: Number of write operations=27
	Map-Reduce Framework
		Map input records=1
		Map output records=0
		Input split bytes=158
		Spilled Records=0
		Failed Shuffles=0
		Merged Map outputs=0
		GC time elapsed (ms)=0
		Total committed heap usage (bytes)=2058354688
	File Input Format Counters 
		Bytes Read=3146
	File Output Format Counters 
		Bytes Written=8
	DistCp Counters
		Bandwidth in Btyes=0
		DIR_COPY=1
2019-09-20 08:44:52,182 [LocalJobRunner Map Task Executor #0] INFO  mapred.LocalJobRunner (LocalJobRunner.java:run(277)) - Finishing task: attempt_local1525161619_0002_m_000001_0
2019-09-20 08:44:52,183 [LocalJobRunner Map Task Executor #0] INFO  mapred.LocalJobRunner (LocalJobRunner.java:run(252)) - Starting task: attempt_local1525161619_0002_m_000002_0
2019-09-20 08:44:52,184 [LocalJobRunner Map Task Executor #0] INFO  output.FileOutputCommitter (FileOutputCommitter.java:<init>(140)) - File Output Committer Algorithm version is 2
2019-09-20 08:44:52,185 [LocalJobRunner Map Task Executor #0] INFO  output.FileOutputCommitter (FileOutputCommitter.java:<init>(155)) - FileOutputCommitter skip cleanup _temporary folders under output directory:false, ignore cleanup failures: false
2019-09-20 08:44:52,185 [LocalJobRunner Map Task Executor #0] INFO  mapred.Task (Task.java:initialize(626)) -  Using ResourceCalculatorProcessTree : [ ]
2019-09-20 08:44:52,186 [LocalJobRunner Map Task Executor #0] INFO  mapred.MapTask (MapTask.java:runNewMapper(768)) - Processing split: file:/tmp/hadoop/mapred/staging/jenkins10001172120868/.staging/_distcp1050229267/fileList.seq:1990+280
2019-09-20 08:44:52,186 [LocalJobRunner Map Task Executor #0] INFO  output.FileOutputCommitter (FileOutputCommitter.java:<init>(140)) - File Output Committer Algorithm version is 2
2019-09-20 08:44:52,187 [LocalJobRunner Map Task Executor #0] INFO  output.FileOutputCommitter (FileOutputCommitter.java:<init>(155)) - FileOutputCommitter skip cleanup _temporary folders under output directory:false, ignore cleanup failures: false
2019-09-20 08:44:52,206 | INFO  | OMAudit | user=jenkins1000 | ip=127.0.0.1 | op=GET_FILE_STATUS {volume=volume34759, bucket=bucket49137, key=test/ITestOzoneContractDistCp/testTrackDeepDirectoryStructureToRemote/remote/outputDir, dataSize=0, replicationType=null, replicationFactor=null, keyLocationInfo=null} | ret=SUCCESS |  
2019-09-20 08:44:52,207 [LocalJobRunner Map Task Executor #0] INFO  mapred.CopyMapper (CopyMapper.java:map(154)) - Copying file:/workdir/hadoop-ozone/ozonefs/target/test-dir/ITestOzoneContractDistCp/testTrackDeepDirectoryStructureToRemote/local/inputDir/subDir4/subDir4 to o3fs://bucket49137.volume34759/test/ITestOzoneContractDistCp/testTrackDeepDirectoryStructureToRemote/remote/outputDir/inputDir/subDir4/subDir4
2019-09-20 08:44:52,214 | ERROR | OMAudit | user=jenkins1000 | ip=127.0.0.1 | op=GET_FILE_STATUS {volume=volume34759, bucket=bucket49137, key=test/ITestOzoneContractDistCp/testTrackDeepDirectoryStructureToRemote/remote/outputDir/inputDir/subDir4/subDir4, dataSize=0, replicationType=null, replicationFactor=null, keyLocationInfo=null} | ret=FAILURE | FILE_NOT_FOUND org.apache.hadoop.ozone.om.exceptions.OMException: Unable to get file status: volume: volume34759 bucket: bucket49137 key: test/ITestOzoneContractDistCp/testTrackDeepDirectoryStructureToRemote/remote/outputDir/inputDir/subDir4/subDir4
	at org.apache.hadoop.ozone.om.KeyManagerImpl.getFileStatus(KeyManagerImpl.java:1655)
	at org.apache.hadoop.ozone.om.OzoneManager.getFileStatus(OzoneManager.java:2868) 
2019-09-20 08:44:52,216 | INFO  | OMAudit | user=jenkins1000 | ip=127.0.0.1 | op=CREATE_DIRECTORY {volume=volume34759, bucket=bucket49137, key=test/ITestOzoneContractDistCp/testTrackDeepDirectoryStructureToRemote/remote/outputDir/inputDir/subDir4/subDir4, dataSize=0, replicationType=null, replicationFactor=null, keyLocationInfo=null} | ret=SUCCESS |  
2019-09-20 08:44:52,217 [LocalJobRunner Map Task Executor #0] INFO  mapred.LocalJobRunner (LocalJobRunner.java:statusUpdate(634)) - 
2019-09-20 08:44:52,218 [LocalJobRunner Map Task Executor #0] INFO  mapred.Task (Task.java:done(1244)) - Task:attempt_local1525161619_0002_m_000002_0 is done. And is in the process of committing
2019-09-20 08:44:52,219 [LocalJobRunner Map Task Executor #0] INFO  mapred.LocalJobRunner (LocalJobRunner.java:statusUpdate(634)) - 
2019-09-20 08:44:52,219 [LocalJobRunner Map Task Executor #0] INFO  mapred.Task (Task.java:commit(1421)) - Task attempt_local1525161619_0002_m_000002_0 is allowed to commit now
2019-09-20 08:44:52,220 [LocalJobRunner Map Task Executor #0] INFO  output.FileOutputCommitter (FileOutputCommitter.java:commitTask(598)) - Saved output of task 'attempt_local1525161619_0002_m_000002_0' to file:/tmp/hadoop/mapred/staging/jenkins10001172120868/.staging/_distcp1050229267/_logs
2019-09-20 08:44:52,221 [LocalJobRunner Map Task Executor #0] INFO  mapred.LocalJobRunner (LocalJobRunner.java:statusUpdate(634)) - Copying file:/workdir/hadoop-ozone/ozonefs/target/test-dir/ITestOzoneContractDistCp/testTrackDeepDirectoryStructureToRemote/local/inputDir/subDir4/subDir4 to o3fs://bucket49137.volume34759/test/ITestOzoneContractDistCp/testTrackDeepDirectoryStructureToRemote/remote/outputDir/inputDir/subDir4/subDir4
2019-09-20 08:44:52,221 [LocalJobRunner Map Task Executor #0] INFO  mapred.Task (Task.java:sendDone(1380)) - Task 'attempt_local1525161619_0002_m_000002_0' done.
2019-09-20 08:44:52,221 [LocalJobRunner Map Task Executor #0] INFO  mapred.Task (Task.java:done(1276)) - Final Counters for attempt_local1525161619_0002_m_000002_0: Counters: 22
	File System Counters
		FILE: Number of bytes read=450084
		FILE: Number of bytes written=1653117
		FILE: Number of read operations=0
		FILE: Number of large read operations=0
		FILE: Number of write operations=0
		O3FS: Number of bytes read=0
		O3FS: Number of bytes written=0
		O3FS: Number of read operations=51
		O3FS: Number of large read operations=0
		O3FS: Number of write operations=27
	Map-Reduce Framework
		Map input records=1
		Map output records=0
		Input split bytes=158
		Spilled Records=0
		Failed Shuffles=0
		Merged Map outputs=0
		GC time elapsed (ms)=0
		Total committed heap usage (bytes)=2058354688
	File Input Format Counters 
		Bytes Read=3146
	File Output Format Counters 
		Bytes Written=8
	DistCp Counters
		Bandwidth in Btyes=0
		DIR_COPY=1
2019-09-20 08:44:52,221 [LocalJobRunner Map Task Executor #0] INFO  mapred.LocalJobRunner (LocalJobRunner.java:run(277)) - Finishing task: attempt_local1525161619_0002_m_000002_0
2019-09-20 08:44:52,222 [LocalJobRunner Map Task Executor #0] INFO  mapred.LocalJobRunner (LocalJobRunner.java:run(252)) - Starting task: attempt_local1525161619_0002_m_000003_0
2019-09-20 08:44:52,222 [LocalJobRunner Map Task Executor #0] INFO  output.FileOutputCommitter (FileOutputCommitter.java:<init>(140)) - File Output Committer Algorithm version is 2
2019-09-20 08:44:52,223 [LocalJobRunner Map Task Executor #0] INFO  output.FileOutputCommitter (FileOutputCommitter.java:<init>(155)) - FileOutputCommitter skip cleanup _temporary folders under output directory:false, ignore cleanup failures: false
2019-09-20 08:44:52,223 [LocalJobRunner Map Task Executor #0] INFO  mapred.Task (Task.java:initialize(626)) -  Using ResourceCalculatorProcessTree : [ ]
2019-09-20 08:44:52,224 [LocalJobRunner Map Task Executor #0] INFO  mapred.MapTask (MapTask.java:runNewMapper(768)) - Processing split: file:/tmp/hadoop/mapred/staging/jenkins10001172120868/.staging/_distcp1050229267/fileList.seq:2546+280
2019-09-20 08:44:52,224 [LocalJobRunner Map Task Executor #0] INFO  output.FileOutputCommitter (FileOutputCommitter.java:<init>(140)) - File Output Committer Algorithm version is 2
2019-09-20 08:44:52,224 [LocalJobRunner Map Task Executor #0] INFO  output.FileOutputCommitter (FileOutputCommitter.java:<init>(155)) - FileOutputCommitter skip cleanup _temporary folders under output directory:false, ignore cleanup failures: false
2019-09-20 08:44:52,300 | INFO  | OMAudit | user=jenkins1000 | ip=127.0.0.1 | op=GET_FILE_STATUS {volume=volume34759, bucket=bucket49137, key=test/ITestOzoneContractDistCp/testTrackDeepDirectoryStructureToRemote/remote/outputDir, dataSize=0, replicationType=null, replicationFactor=null, keyLocationInfo=null} | ret=SUCCESS |  
2019-09-20 08:44:52,301 [LocalJobRunner Map Task Executor #0] INFO  mapred.CopyMapper (CopyMapper.java:map(154)) - Copying file:/workdir/hadoop-ozone/ozonefs/target/test-dir/ITestOzoneContractDistCp/testTrackDeepDirectoryStructureToRemote/local/inputDir/subDir2/subDir2 to o3fs://bucket49137.volume34759/test/ITestOzoneContractDistCp/testTrackDeepDirectoryStructureToRemote/remote/outputDir/inputDir/subDir2/subDir2
2019-09-20 08:44:52,307 | ERROR | OMAudit | user=jenkins1000 | ip=127.0.0.1 | op=GET_FILE_STATUS {volume=volume34759, bucket=bucket49137, key=test/ITestOzoneContractDistCp/testTrackDeepDirectoryStructureToRemote/remote/outputDir/inputDir/subDir2/subDir2, dataSize=0, replicationType=null, replicationFactor=null, keyLocationInfo=null} | ret=FAILURE | FILE_NOT_FOUND org.apache.hadoop.ozone.om.exceptions.OMException: Unable to get file status: volume: volume34759 bucket: bucket49137 key: test/ITestOzoneContractDistCp/testTrackDeepDirectoryStructureToRemote/remote/outputDir/inputDir/subDir2/subDir2
	at org.apache.hadoop.ozone.om.KeyManagerImpl.getFileStatus(KeyManagerImpl.java:1655)
	at org.apache.hadoop.ozone.om.OzoneManager.getFileStatus(OzoneManager.java:2868) 
2019-09-20 08:44:52,311 | INFO  | OMAudit | user=jenkins1000 | ip=127.0.0.1 | op=CREATE_DIRECTORY {volume=volume34759, bucket=bucket49137, key=test/ITestOzoneContractDistCp/testTrackDeepDirectoryStructureToRemote/remote/outputDir/inputDir/subDir2/subDir2, dataSize=0, replicationType=null, replicationFactor=null, keyLocationInfo=null} | ret=SUCCESS |  
2019-09-20 08:44:52,312 [LocalJobRunner Map Task Executor #0] INFO  mapred.LocalJobRunner (LocalJobRunner.java:statusUpdate(634)) - 
2019-09-20 08:44:52,313 [LocalJobRunner Map Task Executor #0] INFO  mapred.Task (Task.java:done(1244)) - Task:attempt_local1525161619_0002_m_000003_0 is done. And is in the process of committing
2019-09-20 08:44:52,313 [LocalJobRunner Map Task Executor #0] INFO  mapred.LocalJobRunner (LocalJobRunner.java:statusUpdate(634)) - 
2019-09-20 08:44:52,314 [LocalJobRunner Map Task Executor #0] INFO  mapred.Task (Task.java:commit(1421)) - Task attempt_local1525161619_0002_m_000003_0 is allowed to commit now
2019-09-20 08:44:52,315 [LocalJobRunner Map Task Executor #0] INFO  output.FileOutputCommitter (FileOutputCommitter.java:commitTask(598)) - Saved output of task 'attempt_local1525161619_0002_m_000003_0' to file:/tmp/hadoop/mapred/staging/jenkins10001172120868/.staging/_distcp1050229267/_logs
2019-09-20 08:44:52,316 [LocalJobRunner Map Task Executor #0] INFO  mapred.LocalJobRunner (LocalJobRunner.java:statusUpdate(634)) - Copying file:/workdir/hadoop-ozone/ozonefs/target/test-dir/ITestOzoneContractDistCp/testTrackDeepDirectoryStructureToRemote/local/inputDir/subDir2/subDir2 to o3fs://bucket49137.volume34759/test/ITestOzoneContractDistCp/testTrackDeepDirectoryStructureToRemote/remote/outputDir/inputDir/subDir2/subDir2
2019-09-20 08:44:52,316 [LocalJobRunner Map Task Executor #0] INFO  mapred.Task (Task.java:sendDone(1380)) - Task 'attempt_local1525161619_0002_m_000003_0' done.
2019-09-20 08:44:52,316 [LocalJobRunner Map Task Executor #0] INFO  mapred.Task (Task.java:done(1276)) - Final Counters for attempt_local1525161619_0002_m_000003_0: Counters: 22
	File System Counters
		FILE: Number of bytes read=454521
		FILE: Number of bytes written=1653125
		FILE: Number of read operations=0
		FILE: Number of large read operations=0
		FILE: Number of write operations=0
		O3FS: Number of bytes read=0
		O3FS: Number of bytes written=0
		O3FS: Number of read operations=53
		O3FS: Number of large read operations=0
		O3FS: Number of write operations=27
	Map-Reduce Framework
		Map input records=1
		Map output records=0
		Input split bytes=158
		Spilled Records=0
		Failed Shuffles=0
		Merged Map outputs=0
		GC time elapsed (ms)=0
		Total committed heap usage (bytes)=2058354688
	File Input Format Counters 
		Bytes Read=3146
	File Output Format Counters 
		Bytes Written=8
	DistCp Counters
		Bandwidth in Btyes=0
		DIR_COPY=1
2019-09-20 08:44:52,317 [LocalJobRunner Map Task Executor #0] INFO  mapred.LocalJobRunner (LocalJobRunner.java:run(277)) - Finishing task: attempt_local1525161619_0002_m_000003_0
2019-09-20 08:44:52,317 [LocalJobRunner Map Task Executor #0] INFO  mapred.LocalJobRunner (LocalJobRunner.java:run(252)) - Starting task: attempt_local1525161619_0002_m_000004_0
2019-09-20 08:44:52,317 [LocalJobRunner Map Task Executor #0] INFO  output.FileOutputCommitter (FileOutputCommitter.java:<init>(140)) - File Output Committer Algorithm version is 2
2019-09-20 08:44:52,318 [LocalJobRunner Map Task Executor #0] INFO  output.FileOutputCommitter (FileOutputCommitter.java:<init>(155)) - FileOutputCommitter skip cleanup _temporary folders under output directory:false, ignore cleanup failures: false
2019-09-20 08:44:52,318 [LocalJobRunner Map Task Executor #0] INFO  mapred.Task (Task.java:initialize(626)) -  Using ResourceCalculatorProcessTree : [ ]
2019-09-20 08:44:52,319 [LocalJobRunner Map Task Executor #0] INFO  mapred.MapTask (MapTask.java:runNewMapper(768)) - Processing split: file:/tmp/hadoop/mapred/staging/jenkins10001172120868/.staging/_distcp1050229267/fileList.seq:2270+276
2019-09-20 08:44:52,320 [LocalJobRunner Map Task Executor #0] INFO  output.FileOutputCommitter (FileOutputCommitter.java:<init>(140)) - File Output Committer Algorithm version is 2
2019-09-20 08:44:52,320 [LocalJobRunner Map Task Executor #0] INFO  output.FileOutputCommitter (FileOutputCommitter.java:<init>(155)) - FileOutputCommitter skip cleanup _temporary folders under output directory:false, ignore cleanup failures: false
2019-09-20 08:44:52,336 | INFO  | OMAudit | user=jenkins1000 | ip=127.0.0.1 | op=GET_FILE_STATUS {volume=volume34759, bucket=bucket49137, key=test/ITestOzoneContractDistCp/testTrackDeepDirectoryStructureToRemote/remote/outputDir, dataSize=0, replicationType=null, replicationFactor=null, keyLocationInfo=null} | ret=SUCCESS |  
2019-09-20 08:44:52,337 [LocalJobRunner Map Task Executor #0] INFO  mapred.CopyMapper (CopyMapper.java:map(154)) - Copying file:/workdir/hadoop-ozone/ozonefs/target/test-dir/ITestOzoneContractDistCp/testTrackDeepDirectoryStructureToRemote/local/inputDir/subDir1/file2 to o3fs://bucket49137.volume34759/test/ITestOzoneContractDistCp/testTrackDeepDirectoryStructureToRemote/remote/outputDir/inputDir/subDir1/file2
2019-09-20 08:44:52,343 | ERROR | OMAudit | user=jenkins1000 | ip=127.0.0.1 | op=GET_FILE_STATUS {volume=volume34759, bucket=bucket49137, key=test/ITestOzoneContractDistCp/testTrackDeepDirectoryStructureToRemote/remote/outputDir/inputDir/subDir1/file2, dataSize=0, replicationType=null, replicationFactor=null, keyLocationInfo=null} | ret=FAILURE | FILE_NOT_FOUND org.apache.hadoop.ozone.om.exceptions.OMException: Unable to get file status: volume: volume34759 bucket: bucket49137 key: test/ITestOzoneContractDistCp/testTrackDeepDirectoryStructureToRemote/remote/outputDir/inputDir/subDir1/file2
	at org.apache.hadoop.ozone.om.KeyManagerImpl.getFileStatus(KeyManagerImpl.java:1655)
	at org.apache.hadoop.ozone.om.OzoneManager.getFileStatus(OzoneManager.java:2868) 
2019-09-20 08:44:52,344 [LocalJobRunner Map Task Executor #0] INFO  mapred.RetriableFileCopyCommand (RetriableFileCopyCommand.java:getTmpFile(260)) - Creating temp file: o3fs://bucket49137.volume34759/test/ITestOzoneContractDistCp/testTrackDeepDirectoryStructureToRemote/remote/outputDir/.distcp.tmp.attempt_local1525161619_0002_m_000004_0
2019-09-20 08:44:52,347 [IPC Server handler 16 on 45031] INFO  pipeline.PipelinePlacementPolicy (PipelinePlacementPolicy.java:meetCriteria(91)) - Pipeline Placement: Doesn't meet the criteria to be viable node： aa30552f-ad30-4fe7-9018-411c04218958 Heaviness: 6 limit: 5
2019-09-20 08:44:52,347 [IPC Server handler 16 on 45031] INFO  pipeline.PipelinePlacementPolicy (PipelinePlacementPolicy.java:meetCriteria(91)) - Pipeline Placement: Doesn't meet the criteria to be viable node： b892e876-f5ae-410a-9dfd-4f07fd940729 Heaviness: 6 limit: 5
2019-09-20 08:44:52,348 [IPC Server handler 16 on 45031] INFO  pipeline.PipelinePlacementPolicy (PipelinePlacementPolicy.java:meetCriteria(91)) - Pipeline Placement: Doesn't meet the criteria to be viable node： 75feff7d-6f48-4002-b580-45a21ea734c6 Heaviness: 6 limit: 5
2019-09-20 08:44:52,348 [IPC Server handler 16 on 45031] INFO  pipeline.PipelinePlacementPolicy (PipelinePlacementPolicy.java:meetCriteria(91)) - Pipeline Placement: Doesn't meet the criteria to be viable node： 9123b815-6bfa-48f7-ade2-b84cdc033afa Heaviness: 6 limit: 5
2019-09-20 08:44:52,348 [IPC Server handler 16 on 45031] INFO  pipeline.PipelinePlacementPolicy (PipelinePlacementPolicy.java:meetCriteria(91)) - Pipeline Placement: Doesn't meet the criteria to be viable node： a4a73c82-9756-45ac-afed-7299ac804f25 Heaviness: 6 limit: 5
2019-09-20 08:44:52,348 [IPC Server handler 16 on 45031] ERROR pipeline.PipelinePlacementPolicy (PipelinePlacementPolicy.java:filterViableNodes(148)) - Unable to find enough nodes that meet the criteria that cannot engage in more than 5 pipelines. Nodes required: 3 Found: 0, healthy nodes count inNodeManager: 5.
2019-09-20 08:44:52,348 [IPC Server handler 16 on 45031] ERROR pipeline.SCMPipelineManager (SCMPipelineManager.java:createPipeline(161)) - Pipeline creation failed due to exception: Unable to find enough nodes that meet the criteria that cannot engage in more than 5 pipelines. Nodes required: 3 Found: 0, healthy nodes count inNodeManager: 5.
2019-09-20 08:44:52,348 [IPC Server handler 16 on 45031] WARN  block.BlockManagerImpl (BlockManagerImpl.java:allocateBlock(192)) - Pipeline creation failed for type:RATIS factor:THREE. Retrying get pipelines call once.
org.apache.hadoop.hdds.scm.exceptions.SCMException: Unable to find enough nodes that meet the criteria that cannot engage in more than 5 pipelines. Nodes required: 3 Found: 0, healthy nodes count inNodeManager: 5.
	at org.apache.hadoop.hdds.scm.pipeline.PipelinePlacementPolicy.filterViableNodes(PipelinePlacementPolicy.java:149)
	at org.apache.hadoop.hdds.scm.pipeline.PipelinePlacementPolicy.chooseDatanodes(PipelinePlacementPolicy.java:172)
	at org.apache.hadoop.hdds.scm.pipeline.RatisPipelineProvider.create(RatisPipelineProvider.java:92)
	at org.apache.hadoop.hdds.scm.pipeline.PipelineFactory.create(PipelineFactory.java:57)
	at org.apache.hadoop.hdds.scm.pipeline.SCMPipelineManager.createPipeline(SCMPipelineManager.java:149)
	at org.apache.hadoop.hdds.scm.block.BlockManagerImpl.allocateBlock(BlockManagerImpl.java:190)
	at org.apache.hadoop.hdds.scm.server.SCMBlockProtocolServer.allocateBlock(SCMBlockProtocolServer.java:175)
	at org.apache.hadoop.ozone.protocolPB.ScmBlockLocationProtocolServerSideTranslatorPB.allocateScmBlock(ScmBlockLocationProtocolServerSideTranslatorPB.java:153)
	at org.apache.hadoop.ozone.protocolPB.ScmBlockLocationProtocolServerSideTranslatorPB.send(ScmBlockLocationProtocolServerSideTranslatorPB.java:112)
	at org.apache.hadoop.hdds.protocol.proto.ScmBlockLocationProtocolProtos$ScmBlockLocationProtocolService$2.callBlockingMethod(ScmBlockLocationProtocolProtos.java:13157)
	at org.apache.hadoop.ipc.ProtobufRpcEngine$Server$ProtoBufRpcInvoker.call(ProtobufRpcEngine.java:524)
	at org.apache.hadoop.ipc.RPC$Server.call(RPC.java:1025)
	at org.apache.hadoop.ipc.Server$RpcCall.run(Server.java:876)
	at org.apache.hadoop.ipc.Server$RpcCall.run(Server.java:822)
	at java.security.AccessController.doPrivileged(Native Method)
	at javax.security.auth.Subject.doAs(Subject.java:422)
	at org.apache.hadoop.security.UserGroupInformation.doAs(UserGroupInformation.java:1730)
	at org.apache.hadoop.ipc.Server$Handler.run(Server.java:2682)
2019-09-20 08:44:52,349 [IPC Server handler 16 on 45031] INFO  block.BlockManagerImpl (BlockManagerImpl.java:allocateBlock(198)) - Could not find available pipeline of type:RATIS and factor:THREE even after retrying
2019-09-20 08:44:52,349 [IPC Server handler 16 on 45031] ERROR block.BlockManagerImpl (BlockManagerImpl.java:allocateBlock(222)) - Unable to allocate a block for the size: 4194304, type: RATIS, factor: THREE
2019-09-20 08:44:52,349 | INFO  | SCMAudit | user=jenkins1000 | ip=192.168.36.79 | op=ALLOCATE_BLOCK {owner=a1d0c9a2-9b67-4af3-a1f8-8c5669c9b817, size=4194304, type=RATIS, factor=THREE} | ret=SUCCESS |  
2019-09-20 08:44:52,350 | ERROR | OMAudit | user=jenkins1000 | ip=127.0.0.1 | op=CREATE_FILE {volume=volume34759, bucket=bucket49137, key=test/ITestOzoneContractDistCp/testTrackDeepDirectoryStructureToRemote/remote/outputDir/.distcp.tmp.attempt_local1525161619_0002_m_000004_0, dataSize=0, replicationType=RATIS, replicationFactor=THREE, keyLocationInfo=null} | ret=FAILURE | org.apache.hadoop.hdds.scm.exceptions.SCMException: Allocated 0 blocks. Requested 1 blocks
	at org.apache.hadoop.hdds.scm.protocolPB.ScmBlockLocationProtocolClientSideTranslatorPB.handleError(ScmBlockLocationProtocolClientSideTranslatorPB.java:118)
	at org.apache.hadoop.hdds.scm.protocolPB.ScmBlockLocationProtocolClientSideTranslatorPB.allocateBlock(ScmBlockLocationProtocolClientSideTranslatorPB.java:156) 
2019-09-20 08:44:52,353 | ERROR | OMAudit | user=jenkins1000 | ip=127.0.0.1 | op=GET_FILE_STATUS {volume=volume34759, bucket=bucket49137, key=test/ITestOzoneContractDistCp/testTrackDeepDirectoryStructureToRemote/remote/outputDir/.distcp.tmp.attempt_local1525161619_0002_m_000004_0, dataSize=0, replicationType=null, replicationFactor=null, keyLocationInfo=null} | ret=FAILURE | FILE_NOT_FOUND org.apache.hadoop.ozone.om.exceptions.OMException: Unable to get file status: volume: volume34759 bucket: bucket49137 key: test/ITestOzoneContractDistCp/testTrackDeepDirectoryStructureToRemote/remote/outputDir/.distcp.tmp.attempt_local1525161619_0002_m_000004_0
	at org.apache.hadoop.ozone.om.KeyManagerImpl.getFileStatus(KeyManagerImpl.java:1655)
	at org.apache.hadoop.ozone.om.OzoneManager.getFileStatus(OzoneManager.java:2868) 
2019-09-20 08:44:52,353 [LocalJobRunner Map Task Executor #0] WARN  ozone.BasicOzoneFileSystem (BasicOzoneFileSystem.java:delete(437)) - delete: Path does not exist: o3fs://bucket49137.volume34759/test/ITestOzoneContractDistCp/testTrackDeepDirectoryStructureToRemote/remote/outputDir/.distcp.tmp.attempt_local1525161619_0002_m_000004_0
2019-09-20 08:44:52,354 [LocalJobRunner Map Task Executor #0] ERROR util.RetriableCommand (RetriableCommand.java:execute(89)) - Failure in Retriable command: Copying file:/workdir/hadoop-ozone/ozonefs/target/test-dir/ITestOzoneContractDistCp/testTrackDeepDirectoryStructureToRemote/local/inputDir/subDir1/file2 to o3fs://bucket49137.volume34759/test/ITestOzoneContractDistCp/testTrackDeepDirectoryStructureToRemote/remote/outputDir/inputDir/subDir1/file2
INTERNAL_ERROR org.apache.hadoop.ozone.om.exceptions.OMException: Allocated 0 blocks. Requested 1 blocks
	at org.apache.hadoop.ozone.om.protocolPB.OzoneManagerProtocolClientSideTranslatorPB.handleError(OzoneManagerProtocolClientSideTranslatorPB.java:725)
	at org.apache.hadoop.ozone.om.protocolPB.OzoneManagerProtocolClientSideTranslatorPB.createFile(OzoneManagerProtocolClientSideTranslatorPB.java:1474)
	at org.apache.hadoop.ozone.client.rpc.RpcClient.createFile(RpcClient.java:984)
	at org.apache.hadoop.ozone.client.OzoneBucket.createFile(OzoneBucket.java:535)
	at org.apache.hadoop.fs.ozone.BasicOzoneClientAdapterImpl.createFile(BasicOzoneClientAdapterImpl.java:181)
	at org.apache.hadoop.fs.ozone.BasicOzoneFileSystem.createOutputStream(BasicOzoneFileSystem.java:249)
	at org.apache.hadoop.fs.ozone.BasicOzoneFileSystem.create(BasicOzoneFileSystem.java:230)
	at org.apache.hadoop.fs.FileSystem.create(FileSystem.java:1195)
	at org.apache.hadoop.tools.mapred.RetriableFileCopyCommand.copyToFile(RetriableFileCopyCommand.java:184)
	at org.apache.hadoop.tools.mapred.RetriableFileCopyCommand.doCopy(RetriableFileCopyCommand.java:123)
	at org.apache.hadoop.tools.mapred.RetriableFileCopyCommand.doExecute(RetriableFileCopyCommand.java:99)
	at org.apache.hadoop.tools.util.RetriableCommand.execute(RetriableCommand.java:87)
	at org.apache.hadoop.tools.mapred.CopyMapper.copyFileWithRetry(CopyMapper.java:256)
	at org.apache.hadoop.tools.mapred.CopyMapper.map(CopyMapper.java:217)
	at org.apache.hadoop.tools.mapred.CopyMapper.map(CopyMapper.java:48)
	at org.apache.hadoop.mapreduce.Mapper.run(Mapper.java:146)
	at org.apache.hadoop.mapred.MapTask.runNewMapper(MapTask.java:799)
	at org.apache.hadoop.mapred.MapTask.run(MapTask.java:347)
	at org.apache.hadoop.mapred.LocalJobRunner$Job$MapTaskRunnable.run(LocalJobRunner.java:271)
	at java.util.concurrent.Executors$RunnableAdapter.call(Executors.java:511)
	at java.util.concurrent.FutureTask.run(FutureTask.java:266)
	at java.util.concurrent.ThreadPoolExecutor.runWorker(ThreadPoolExecutor.java:1149)
	at java.util.concurrent.ThreadPoolExecutor$Worker.run(ThreadPoolExecutor.java:624)
	at java.lang.Thread.run(Thread.java:748)
2019-09-20 08:44:52,377 [communication thread] INFO  mapred.LocalJobRunner (LocalJobRunner.java:statusUpdate(634)) - Copy Failure: file:/workdir/hadoop-ozone/ozonefs/target/test-dir/ITestOzoneContractDistCp/testUpdateDeepDirectoryStructureNoChange/local/inputDir/file1 > map
2019-09-20 08:44:52,465 | INFO  | SCMAudit | user=jenkins1000 | ip=192.168.36.79 | op=SEND_HEARTBEAT {datanodeUUID=75feff7d-6f48-4002-b580-45a21ea734c6, command=[]} | ret=SUCCESS |  
2019-09-20 08:44:52,473 | INFO  | SCMAudit | user=jenkins1000 | ip=192.168.36.79 | op=SEND_HEARTBEAT {datanodeUUID=b892e876-f5ae-410a-9dfd-4f07fd940729, command=[]} | ret=SUCCESS |  
2019-09-20 08:44:52,485 | INFO  | SCMAudit | user=jenkins1000 | ip=192.168.36.79 | op=SEND_HEARTBEAT {datanodeUUID=aa30552f-ad30-4fe7-9018-411c04218958, command=[]} | ret=SUCCESS |  
2019-09-20 08:44:52,724 | INFO  | SCMAudit | user=jenkins1000 | ip=192.168.36.79 | op=SEND_HEARTBEAT {datanodeUUID=a4a73c82-9756-45ac-afed-7299ac804f25, command=[]} | ret=SUCCESS |  
2019-09-20 08:44:52,973 | INFO  | SCMAudit | user=jenkins1000 | ip=192.168.36.79 | op=SEND_HEARTBEAT {datanodeUUID=9123b815-6bfa-48f7-ade2-b84cdc033afa, command=[]} | ret=SUCCESS |  
2019-09-20 08:44:53,007 [Thread-481] INFO  mapreduce.Job (Job.java:monitorAndPrintJob(1647)) -  map 100% reduce 0%
2019-09-20 08:44:53,465 | INFO  | SCMAudit | user=jenkins1000 | ip=192.168.36.79 | op=SEND_HEARTBEAT {datanodeUUID=75feff7d-6f48-4002-b580-45a21ea734c6, command=[]} | ret=SUCCESS |  
2019-09-20 08:44:53,473 | INFO  | SCMAudit | user=jenkins1000 | ip=192.168.36.79 | op=SEND_HEARTBEAT {datanodeUUID=b892e876-f5ae-410a-9dfd-4f07fd940729, command=[]} | ret=SUCCESS |  
2019-09-20 08:44:53,486 | INFO  | SCMAudit | user=jenkins1000 | ip=192.168.36.79 | op=SEND_HEARTBEAT {datanodeUUID=aa30552f-ad30-4fe7-9018-411c04218958, command=[]} | ret=SUCCESS |  
2019-09-20 08:44:53,724 | INFO  | SCMAudit | user=jenkins1000 | ip=192.168.36.79 | op=SEND_HEARTBEAT {datanodeUUID=a4a73c82-9756-45ac-afed-7299ac804f25, command=[]} | ret=SUCCESS |  
2019-09-20 08:44:53,973 | INFO  | SCMAudit | user=jenkins1000 | ip=192.168.36.79 | op=SEND_HEARTBEAT {datanodeUUID=9123b815-6bfa-48f7-ade2-b84cdc033afa, command=[]} | ret=SUCCESS |  
2019-09-20 08:44:54,465 | INFO  | SCMAudit | user=jenkins1000 | ip=192.168.36.79 | op=SEND_HEARTBEAT {datanodeUUID=75feff7d-6f48-4002-b580-45a21ea734c6, command=[]} | ret=SUCCESS |  
2019-09-20 08:44:54,473 | INFO  | SCMAudit | user=jenkins1000 | ip=192.168.36.79 | op=SEND_HEARTBEAT {datanodeUUID=b892e876-f5ae-410a-9dfd-4f07fd940729, command=[]} | ret=SUCCESS |  
2019-09-20 08:44:54,486 | INFO  | SCMAudit | user=jenkins1000 | ip=192.168.36.79 | op=SEND_HEARTBEAT {datanodeUUID=aa30552f-ad30-4fe7-9018-411c04218958, command=[]} | ret=SUCCESS |  
2019-09-20 08:44:54,651 [LocalJobRunner Map Task Executor #0] INFO  mapred.RetriableFileCopyCommand (RetriableFileCopyCommand.java:getTmpFile(260)) - Creating temp file: o3fs://bucket49137.volume34759/test/ITestOzoneContractDistCp/testTrackDeepDirectoryStructureToRemote/remote/outputDir/.distcp.tmp.attempt_local1525161619_0002_m_000004_0
2019-09-20 08:44:54,656 [IPC Server handler 0 on 45031] INFO  pipeline.PipelinePlacementPolicy (PipelinePlacementPolicy.java:meetCriteria(91)) - Pipeline Placement: Doesn't meet the criteria to be viable node： aa30552f-ad30-4fe7-9018-411c04218958 Heaviness: 6 limit: 5
2019-09-20 08:44:54,656 [IPC Server handler 0 on 45031] INFO  pipeline.PipelinePlacementPolicy (PipelinePlacementPolicy.java:meetCriteria(91)) - Pipeline Placement: Doesn't meet the criteria to be viable node： b892e876-f5ae-410a-9dfd-4f07fd940729 Heaviness: 6 limit: 5
2019-09-20 08:44:54,656 [IPC Server handler 0 on 45031] INFO  pipeline.PipelinePlacementPolicy (PipelinePlacementPolicy.java:meetCriteria(91)) - Pipeline Placement: Doesn't meet the criteria to be viable node： 75feff7d-6f48-4002-b580-45a21ea734c6 Heaviness: 6 limit: 5
2019-09-20 08:44:54,656 [IPC Server handler 0 on 45031] INFO  pipeline.PipelinePlacementPolicy (PipelinePlacementPolicy.java:meetCriteria(91)) - Pipeline Placement: Doesn't meet the criteria to be viable node： 9123b815-6bfa-48f7-ade2-b84cdc033afa Heaviness: 6 limit: 5
2019-09-20 08:44:54,657 [IPC Server handler 0 on 45031] INFO  pipeline.PipelinePlacementPolicy (PipelinePlacementPolicy.java:meetCriteria(91)) - Pipeline Placement: Doesn't meet the criteria to be viable node： a4a73c82-9756-45ac-afed-7299ac804f25 Heaviness: 6 limit: 5
2019-09-20 08:44:54,657 [IPC Server handler 0 on 45031] ERROR pipeline.PipelinePlacementPolicy (PipelinePlacementPolicy.java:filterViableNodes(148)) - Unable to find enough nodes that meet the criteria that cannot engage in more than 5 pipelines. Nodes required: 3 Found: 0, healthy nodes count inNodeManager: 5.
2019-09-20 08:44:54,657 [IPC Server handler 0 on 45031] ERROR pipeline.SCMPipelineManager (SCMPipelineManager.java:createPipeline(161)) - Pipeline creation failed due to exception: Unable to find enough nodes that meet the criteria that cannot engage in more than 5 pipelines. Nodes required: 3 Found: 0, healthy nodes count inNodeManager: 5.
2019-09-20 08:44:54,657 [IPC Server handler 0 on 45031] WARN  block.BlockManagerImpl (BlockManagerImpl.java:allocateBlock(192)) - Pipeline creation failed for type:RATIS factor:THREE. Retrying get pipelines call once.
org.apache.hadoop.hdds.scm.exceptions.SCMException: Unable to find enough nodes that meet the criteria that cannot engage in more than 5 pipelines. Nodes required: 3 Found: 0, healthy nodes count inNodeManager: 5.
	at org.apache.hadoop.hdds.scm.pipeline.PipelinePlacementPolicy.filterViableNodes(PipelinePlacementPolicy.java:149)
	at org.apache.hadoop.hdds.scm.pipeline.PipelinePlacementPolicy.chooseDatanodes(PipelinePlacementPolicy.java:172)
	at org.apache.hadoop.hdds.scm.pipeline.RatisPipelineProvider.create(RatisPipelineProvider.java:92)
	at org.apache.hadoop.hdds.scm.pipeline.PipelineFactory.create(PipelineFactory.java:57)
	at org.apache.hadoop.hdds.scm.pipeline.SCMPipelineManager.createPipeline(SCMPipelineManager.java:149)
	at org.apache.hadoop.hdds.scm.block.BlockManagerImpl.allocateBlock(BlockManagerImpl.java:190)
	at org.apache.hadoop.hdds.scm.server.SCMBlockProtocolServer.allocateBlock(SCMBlockProtocolServer.java:175)
	at org.apache.hadoop.ozone.protocolPB.ScmBlockLocationProtocolServerSideTranslatorPB.allocateScmBlock(ScmBlockLocationProtocolServerSideTranslatorPB.java:153)
	at org.apache.hadoop.ozone.protocolPB.ScmBlockLocationProtocolServerSideTranslatorPB.send(ScmBlockLocationProtocolServerSideTranslatorPB.java:112)
	at org.apache.hadoop.hdds.protocol.proto.ScmBlockLocationProtocolProtos$ScmBlockLocationProtocolService$2.callBlockingMethod(ScmBlockLocationProtocolProtos.java:13157)
	at org.apache.hadoop.ipc.ProtobufRpcEngine$Server$ProtoBufRpcInvoker.call(ProtobufRpcEngine.java:524)
	at org.apache.hadoop.ipc.RPC$Server.call(RPC.java:1025)
	at org.apache.hadoop.ipc.Server$RpcCall.run(Server.java:876)
	at org.apache.hadoop.ipc.Server$RpcCall.run(Server.java:822)
	at java.security.AccessController.doPrivileged(Native Method)
	at javax.security.auth.Subject.doAs(Subject.java:422)
	at org.apache.hadoop.security.UserGroupInformation.doAs(UserGroupInformation.java:1730)
	at org.apache.hadoop.ipc.Server$Handler.run(Server.java:2682)
2019-09-20 08:44:54,658 [IPC Server handler 0 on 45031] INFO  block.BlockManagerImpl (BlockManagerImpl.java:allocateBlock(198)) - Could not find available pipeline of type:RATIS and factor:THREE even after retrying
2019-09-20 08:44:54,658 [IPC Server handler 0 on 45031] ERROR block.BlockManagerImpl (BlockManagerImpl.java:allocateBlock(222)) - Unable to allocate a block for the size: 4194304, type: RATIS, factor: THREE
2019-09-20 08:44:54,658 | INFO  | SCMAudit | user=jenkins1000 | ip=192.168.36.79 | op=ALLOCATE_BLOCK {owner=a1d0c9a2-9b67-4af3-a1f8-8c5669c9b817, size=4194304, type=RATIS, factor=THREE} | ret=SUCCESS |  
2019-09-20 08:44:54,659 | ERROR | OMAudit | user=jenkins1000 | ip=127.0.0.1 | op=CREATE_FILE {volume=volume34759, bucket=bucket49137, key=test/ITestOzoneContractDistCp/testTrackDeepDirectoryStructureToRemote/remote/outputDir/.distcp.tmp.attempt_local1525161619_0002_m_000004_0, dataSize=0, replicationType=RATIS, replicationFactor=THREE, keyLocationInfo=null} | ret=FAILURE | org.apache.hadoop.hdds.scm.exceptions.SCMException: Allocated 0 blocks. Requested 1 blocks
	at org.apache.hadoop.hdds.scm.protocolPB.ScmBlockLocationProtocolClientSideTranslatorPB.handleError(ScmBlockLocationProtocolClientSideTranslatorPB.java:118)
	at org.apache.hadoop.hdds.scm.protocolPB.ScmBlockLocationProtocolClientSideTranslatorPB.allocateBlock(ScmBlockLocationProtocolClientSideTranslatorPB.java:156) 
2019-09-20 08:44:54,662 | ERROR | OMAudit | user=jenkins1000 | ip=127.0.0.1 | op=GET_FILE_STATUS {volume=volume34759, bucket=bucket49137, key=test/ITestOzoneContractDistCp/testTrackDeepDirectoryStructureToRemote/remote/outputDir/.distcp.tmp.attempt_local1525161619_0002_m_000004_0, dataSize=0, replicationType=null, replicationFactor=null, keyLocationInfo=null} | ret=FAILURE | FILE_NOT_FOUND org.apache.hadoop.ozone.om.exceptions.OMException: Unable to get file status: volume: volume34759 bucket: bucket49137 key: test/ITestOzoneContractDistCp/testTrackDeepDirectoryStructureToRemote/remote/outputDir/.distcp.tmp.attempt_local1525161619_0002_m_000004_0
	at org.apache.hadoop.ozone.om.KeyManagerImpl.getFileStatus(KeyManagerImpl.java:1655)
	at org.apache.hadoop.ozone.om.OzoneManager.getFileStatus(OzoneManager.java:2868) 
2019-09-20 08:44:54,663 [LocalJobRunner Map Task Executor #0] WARN  ozone.BasicOzoneFileSystem (BasicOzoneFileSystem.java:delete(437)) - delete: Path does not exist: o3fs://bucket49137.volume34759/test/ITestOzoneContractDistCp/testTrackDeepDirectoryStructureToRemote/remote/outputDir/.distcp.tmp.attempt_local1525161619_0002_m_000004_0
2019-09-20 08:44:54,663 [LocalJobRunner Map Task Executor #0] ERROR util.RetriableCommand (RetriableCommand.java:execute(89)) - Failure in Retriable command: Copying file:/workdir/hadoop-ozone/ozonefs/target/test-dir/ITestOzoneContractDistCp/testTrackDeepDirectoryStructureToRemote/local/inputDir/subDir1/file2 to o3fs://bucket49137.volume34759/test/ITestOzoneContractDistCp/testTrackDeepDirectoryStructureToRemote/remote/outputDir/inputDir/subDir1/file2
INTERNAL_ERROR org.apache.hadoop.ozone.om.exceptions.OMException: Allocated 0 blocks. Requested 1 blocks
	at org.apache.hadoop.ozone.om.protocolPB.OzoneManagerProtocolClientSideTranslatorPB.handleError(OzoneManagerProtocolClientSideTranslatorPB.java:725)
	at org.apache.hadoop.ozone.om.protocolPB.OzoneManagerProtocolClientSideTranslatorPB.createFile(OzoneManagerProtocolClientSideTranslatorPB.java:1474)
	at org.apache.hadoop.ozone.client.rpc.RpcClient.createFile(RpcClient.java:984)
	at org.apache.hadoop.ozone.client.OzoneBucket.createFile(OzoneBucket.java:535)
	at org.apache.hadoop.fs.ozone.BasicOzoneClientAdapterImpl.createFile(BasicOzoneClientAdapterImpl.java:181)
	at org.apache.hadoop.fs.ozone.BasicOzoneFileSystem.createOutputStream(BasicOzoneFileSystem.java:249)
	at org.apache.hadoop.fs.ozone.BasicOzoneFileSystem.create(BasicOzoneFileSystem.java:230)
	at org.apache.hadoop.fs.FileSystem.create(FileSystem.java:1195)
	at org.apache.hadoop.tools.mapred.RetriableFileCopyCommand.copyToFile(RetriableFileCopyCommand.java:184)
	at org.apache.hadoop.tools.mapred.RetriableFileCopyCommand.doCopy(RetriableFileCopyCommand.java:123)
	at org.apache.hadoop.tools.mapred.RetriableFileCopyCommand.doExecute(RetriableFileCopyCommand.java:99)
	at org.apache.hadoop.tools.util.RetriableCommand.execute(RetriableCommand.java:87)
	at org.apache.hadoop.tools.mapred.CopyMapper.copyFileWithRetry(CopyMapper.java:256)
	at org.apache.hadoop.tools.mapred.CopyMapper.map(CopyMapper.java:217)
	at org.apache.hadoop.tools.mapred.CopyMapper.map(CopyMapper.java:48)
	at org.apache.hadoop.mapreduce.Mapper.run(Mapper.java:146)
	at org.apache.hadoop.mapred.MapTask.runNewMapper(MapTask.java:799)
	at org.apache.hadoop.mapred.MapTask.run(MapTask.java:347)
	at org.apache.hadoop.mapred.LocalJobRunner$Job$MapTaskRunnable.run(LocalJobRunner.java:271)
	at java.util.concurrent.Executors$RunnableAdapter.call(Executors.java:511)
	at java.util.concurrent.FutureTask.run(FutureTask.java:266)
	at java.util.concurrent.ThreadPoolExecutor.runWorker(ThreadPoolExecutor.java:1149)
	at java.util.concurrent.ThreadPoolExecutor$Worker.run(ThreadPoolExecutor.java:624)
	at java.lang.Thread.run(Thread.java:748)
2019-09-20 08:44:54,725 | INFO  | SCMAudit | user=jenkins1000 | ip=192.168.36.79 | op=SEND_HEARTBEAT {datanodeUUID=a4a73c82-9756-45ac-afed-7299ac804f25, command=[]} | ret=SUCCESS |  
2019-09-20 08:44:54,974 | INFO  | SCMAudit | user=jenkins1000 | ip=192.168.36.79 | op=SEND_HEARTBEAT {datanodeUUID=9123b815-6bfa-48f7-ade2-b84cdc033afa, command=[]} | ret=SUCCESS |  
2019-09-20 08:44:55,465 | INFO  | SCMAudit | user=jenkins1000 | ip=192.168.36.79 | op=SEND_HEARTBEAT {datanodeUUID=75feff7d-6f48-4002-b580-45a21ea734c6, command=[]} | ret=SUCCESS |  
2019-09-20 08:44:55,474 | INFO  | SCMAudit | user=jenkins1000 | ip=192.168.36.79 | op=SEND_HEARTBEAT {datanodeUUID=b892e876-f5ae-410a-9dfd-4f07fd940729, command=[]} | ret=SUCCESS |  
2019-09-20 08:44:55,486 | INFO  | SCMAudit | user=jenkins1000 | ip=192.168.36.79 | op=SEND_HEARTBEAT {datanodeUUID=aa30552f-ad30-4fe7-9018-411c04218958, command=[]} | ret=SUCCESS |  
2019-09-20 08:44:55,725 | INFO  | SCMAudit | user=jenkins1000 | ip=192.168.36.79 | op=SEND_HEARTBEAT {datanodeUUID=a4a73c82-9756-45ac-afed-7299ac804f25, command=[]} | ret=SUCCESS |  
2019-09-20 08:44:55,973 | INFO  | SCMAudit | user=jenkins1000 | ip=192.168.36.79 | op=SEND_HEARTBEAT {datanodeUUID=9123b815-6bfa-48f7-ade2-b84cdc033afa, command=[]} | ret=SUCCESS |  
2019-09-20 08:44:56,042 [communication thread] INFO  mapred.LocalJobRunner (LocalJobRunner.java:statusUpdate(634)) - Copy Failure: file:/workdir/hadoop-ozone/ozonefs/target/test-dir/ITestOzoneContractDistCp/testTrackDeepDirectoryStructureToRemote/local/inputDir/file1 > map
2019-09-20 08:44:56,466 | INFO  | SCMAudit | user=jenkins1000 | ip=192.168.36.79 | op=SEND_HEARTBEAT {datanodeUUID=75feff7d-6f48-4002-b580-45a21ea734c6, command=[]} | ret=SUCCESS |  
2019-09-20 08:44:56,474 | INFO  | SCMAudit | user=jenkins1000 | ip=192.168.36.79 | op=SEND_HEARTBEAT {datanodeUUID=b892e876-f5ae-410a-9dfd-4f07fd940729, command=[]} | ret=SUCCESS |  
2019-09-20 08:44:56,487 | INFO  | SCMAudit | user=jenkins1000 | ip=192.168.36.79 | op=SEND_HEARTBEAT {datanodeUUID=aa30552f-ad30-4fe7-9018-411c04218958, command=[]} | ret=SUCCESS |  
2019-09-20 08:44:56,726 | INFO  | SCMAudit | user=jenkins1000 | ip=192.168.36.79 | op=SEND_HEARTBEAT {datanodeUUID=a4a73c82-9756-45ac-afed-7299ac804f25, command=[]} | ret=SUCCESS |  
2019-09-20 08:44:56,974 | INFO  | SCMAudit | user=jenkins1000 | ip=192.168.36.79 | op=SEND_HEARTBEAT {datanodeUUID=9123b815-6bfa-48f7-ade2-b84cdc033afa, command=[]} | ret=SUCCESS |  
2019-09-20 08:44:57,010 [Thread-481] INFO  mapreduce.Job (Job.java:monitorAndPrintJob(1647)) -  map 40% reduce 0%
2019-09-20 08:44:57,466 | INFO  | SCMAudit | user=jenkins1000 | ip=192.168.36.79 | op=SEND_HEARTBEAT {datanodeUUID=75feff7d-6f48-4002-b580-45a21ea734c6, command=[]} | ret=SUCCESS |  
2019-09-20 08:44:57,473 | INFO  | SCMAudit | user=jenkins1000 | ip=192.168.36.79 | op=SEND_HEARTBEAT {datanodeUUID=b892e876-f5ae-410a-9dfd-4f07fd940729, command=[]} | ret=SUCCESS |  
2019-09-20 08:44:57,487 | INFO  | SCMAudit | user=jenkins1000 | ip=192.168.36.79 | op=SEND_HEARTBEAT {datanodeUUID=aa30552f-ad30-4fe7-9018-411c04218958, command=[]} | ret=SUCCESS |  
2019-09-20 08:44:57,726 | INFO  | SCMAudit | user=jenkins1000 | ip=192.168.36.79 | op=SEND_HEARTBEAT {datanodeUUID=a4a73c82-9756-45ac-afed-7299ac804f25, command=[]} | ret=SUCCESS |  
2019-09-20 08:44:57,974 | INFO  | SCMAudit | user=jenkins1000 | ip=192.168.36.79 | op=SEND_HEARTBEAT {datanodeUUID=9123b815-6bfa-48f7-ade2-b84cdc033afa, command=[]} | ret=SUCCESS |  
2019-09-20 08:44:58,334 [LocalJobRunner Map Task Executor #0] INFO  mapred.RetriableFileCopyCommand (RetriableFileCopyCommand.java:getTmpFile(260)) - Creating temp file: o3fs://bucket49137.volume34759/test/ITestOzoneContractDistCp/testTrackDeepDirectoryStructureToRemote/remote/outputDir/.distcp.tmp.attempt_local1525161619_0002_m_000004_0
2019-09-20 08:44:58,339 [IPC Server handler 16 on 45031] INFO  pipeline.PipelinePlacementPolicy (PipelinePlacementPolicy.java:meetCriteria(91)) - Pipeline Placement: Doesn't meet the criteria to be viable node： aa30552f-ad30-4fe7-9018-411c04218958 Heaviness: 6 limit: 5
2019-09-20 08:44:58,339 [IPC Server handler 16 on 45031] INFO  pipeline.PipelinePlacementPolicy (PipelinePlacementPolicy.java:meetCriteria(91)) - Pipeline Placement: Doesn't meet the criteria to be viable node： b892e876-f5ae-410a-9dfd-4f07fd940729 Heaviness: 6 limit: 5
2019-09-20 08:44:58,339 [IPC Server handler 16 on 45031] INFO  pipeline.PipelinePlacementPolicy (PipelinePlacementPolicy.java:meetCriteria(91)) - Pipeline Placement: Doesn't meet the criteria to be viable node： 75feff7d-6f48-4002-b580-45a21ea734c6 Heaviness: 6 limit: 5
2019-09-20 08:44:58,339 [IPC Server handler 16 on 45031] INFO  pipeline.PipelinePlacementPolicy (PipelinePlacementPolicy.java:meetCriteria(91)) - Pipeline Placement: Doesn't meet the criteria to be viable node： 9123b815-6bfa-48f7-ade2-b84cdc033afa Heaviness: 6 limit: 5
2019-09-20 08:44:58,340 [IPC Server handler 16 on 45031] INFO  pipeline.PipelinePlacementPolicy (PipelinePlacementPolicy.java:meetCriteria(91)) - Pipeline Placement: Doesn't meet the criteria to be viable node： a4a73c82-9756-45ac-afed-7299ac804f25 Heaviness: 6 limit: 5
2019-09-20 08:44:58,340 [IPC Server handler 16 on 45031] ERROR pipeline.PipelinePlacementPolicy (PipelinePlacementPolicy.java:filterViableNodes(148)) - Unable to find enough nodes that meet the criteria that cannot engage in more than 5 pipelines. Nodes required: 3 Found: 0, healthy nodes count inNodeManager: 5.
2019-09-20 08:44:58,340 [IPC Server handler 16 on 45031] ERROR pipeline.SCMPipelineManager (SCMPipelineManager.java:createPipeline(161)) - Pipeline creation failed due to exception: Unable to find enough nodes that meet the criteria that cannot engage in more than 5 pipelines. Nodes required: 3 Found: 0, healthy nodes count inNodeManager: 5.
2019-09-20 08:44:58,340 [IPC Server handler 16 on 45031] WARN  block.BlockManagerImpl (BlockManagerImpl.java:allocateBlock(192)) - Pipeline creation failed for type:RATIS factor:THREE. Retrying get pipelines call once.
org.apache.hadoop.hdds.scm.exceptions.SCMException: Unable to find enough nodes that meet the criteria that cannot engage in more than 5 pipelines. Nodes required: 3 Found: 0, healthy nodes count inNodeManager: 5.
	at org.apache.hadoop.hdds.scm.pipeline.PipelinePlacementPolicy.filterViableNodes(PipelinePlacementPolicy.java:149)
	at org.apache.hadoop.hdds.scm.pipeline.PipelinePlacementPolicy.chooseDatanodes(PipelinePlacementPolicy.java:172)
	at org.apache.hadoop.hdds.scm.pipeline.RatisPipelineProvider.create(RatisPipelineProvider.java:92)
	at org.apache.hadoop.hdds.scm.pipeline.PipelineFactory.create(PipelineFactory.java:57)
	at org.apache.hadoop.hdds.scm.pipeline.SCMPipelineManager.createPipeline(SCMPipelineManager.java:149)
	at org.apache.hadoop.hdds.scm.block.BlockManagerImpl.allocateBlock(BlockManagerImpl.java:190)
	at org.apache.hadoop.hdds.scm.server.SCMBlockProtocolServer.allocateBlock(SCMBlockProtocolServer.java:175)
	at org.apache.hadoop.ozone.protocolPB.ScmBlockLocationProtocolServerSideTranslatorPB.allocateScmBlock(ScmBlockLocationProtocolServerSideTranslatorPB.java:153)
	at org.apache.hadoop.ozone.protocolPB.ScmBlockLocationProtocolServerSideTranslatorPB.send(ScmBlockLocationProtocolServerSideTranslatorPB.java:112)
	at org.apache.hadoop.hdds.protocol.proto.ScmBlockLocationProtocolProtos$ScmBlockLocationProtocolService$2.callBlockingMethod(ScmBlockLocationProtocolProtos.java:13157)
	at org.apache.hadoop.ipc.ProtobufRpcEngine$Server$ProtoBufRpcInvoker.call(ProtobufRpcEngine.java:524)
	at org.apache.hadoop.ipc.RPC$Server.call(RPC.java:1025)
	at org.apache.hadoop.ipc.Server$RpcCall.run(Server.java:876)
	at org.apache.hadoop.ipc.Server$RpcCall.run(Server.java:822)
	at java.security.AccessController.doPrivileged(Native Method)
	at javax.security.auth.Subject.doAs(Subject.java:422)
	at org.apache.hadoop.security.UserGroupInformation.doAs(UserGroupInformation.java:1730)
	at org.apache.hadoop.ipc.Server$Handler.run(Server.java:2682)
2019-09-20 08:44:58,341 [IPC Server handler 16 on 45031] INFO  block.BlockManagerImpl (BlockManagerImpl.java:allocateBlock(198)) - Could not find available pipeline of type:RATIS and factor:THREE even after retrying
2019-09-20 08:44:58,341 [IPC Server handler 16 on 45031] ERROR block.BlockManagerImpl (BlockManagerImpl.java:allocateBlock(222)) - Unable to allocate a block for the size: 4194304, type: RATIS, factor: THREE
2019-09-20 08:44:58,341 | INFO  | SCMAudit | user=jenkins1000 | ip=192.168.36.79 | op=ALLOCATE_BLOCK {owner=a1d0c9a2-9b67-4af3-a1f8-8c5669c9b817, size=4194304, type=RATIS, factor=THREE} | ret=SUCCESS |  
2019-09-20 08:44:58,342 | ERROR | OMAudit | user=jenkins1000 | ip=127.0.0.1 | op=CREATE_FILE {volume=volume34759, bucket=bucket49137, key=test/ITestOzoneContractDistCp/testTrackDeepDirectoryStructureToRemote/remote/outputDir/.distcp.tmp.attempt_local1525161619_0002_m_000004_0, dataSize=0, replicationType=RATIS, replicationFactor=THREE, keyLocationInfo=null} | ret=FAILURE | org.apache.hadoop.hdds.scm.exceptions.SCMException: Allocated 0 blocks. Requested 1 blocks
	at org.apache.hadoop.hdds.scm.protocolPB.ScmBlockLocationProtocolClientSideTranslatorPB.handleError(ScmBlockLocationProtocolClientSideTranslatorPB.java:118)
	at org.apache.hadoop.hdds.scm.protocolPB.ScmBlockLocationProtocolClientSideTranslatorPB.allocateBlock(ScmBlockLocationProtocolClientSideTranslatorPB.java:156) 
2019-09-20 08:44:58,347 | ERROR | OMAudit | user=jenkins1000 | ip=127.0.0.1 | op=GET_FILE_STATUS {volume=volume34759, bucket=bucket49137, key=test/ITestOzoneContractDistCp/testTrackDeepDirectoryStructureToRemote/remote/outputDir/.distcp.tmp.attempt_local1525161619_0002_m_000004_0, dataSize=0, replicationType=null, replicationFactor=null, keyLocationInfo=null} | ret=FAILURE | FILE_NOT_FOUND org.apache.hadoop.ozone.om.exceptions.OMException: Unable to get file status: volume: volume34759 bucket: bucket49137 key: test/ITestOzoneContractDistCp/testTrackDeepDirectoryStructureToRemote/remote/outputDir/.distcp.tmp.attempt_local1525161619_0002_m_000004_0
	at org.apache.hadoop.ozone.om.KeyManagerImpl.getFileStatus(KeyManagerImpl.java:1655)
	at org.apache.hadoop.ozone.om.OzoneManager.getFileStatus(OzoneManager.java:2868) 
2019-09-20 08:44:58,348 [LocalJobRunner Map Task Executor #0] WARN  ozone.BasicOzoneFileSystem (BasicOzoneFileSystem.java:delete(437)) - delete: Path does not exist: o3fs://bucket49137.volume34759/test/ITestOzoneContractDistCp/testTrackDeepDirectoryStructureToRemote/remote/outputDir/.distcp.tmp.attempt_local1525161619_0002_m_000004_0
2019-09-20 08:44:58,348 [LocalJobRunner Map Task Executor #0] ERROR util.RetriableCommand (RetriableCommand.java:execute(89)) - Failure in Retriable command: Copying file:/workdir/hadoop-ozone/ozonefs/target/test-dir/ITestOzoneContractDistCp/testTrackDeepDirectoryStructureToRemote/local/inputDir/subDir1/file2 to o3fs://bucket49137.volume34759/test/ITestOzoneContractDistCp/testTrackDeepDirectoryStructureToRemote/remote/outputDir/inputDir/subDir1/file2
INTERNAL_ERROR org.apache.hadoop.ozone.om.exceptions.OMException: Allocated 0 blocks. Requested 1 blocks
	at org.apache.hadoop.ozone.om.protocolPB.OzoneManagerProtocolClientSideTranslatorPB.handleError(OzoneManagerProtocolClientSideTranslatorPB.java:725)
	at org.apache.hadoop.ozone.om.protocolPB.OzoneManagerProtocolClientSideTranslatorPB.createFile(OzoneManagerProtocolClientSideTranslatorPB.java:1474)
	at org.apache.hadoop.ozone.client.rpc.RpcClient.createFile(RpcClient.java:984)
	at org.apache.hadoop.ozone.client.OzoneBucket.createFile(OzoneBucket.java:535)
	at org.apache.hadoop.fs.ozone.BasicOzoneClientAdapterImpl.createFile(BasicOzoneClientAdapterImpl.java:181)
	at org.apache.hadoop.fs.ozone.BasicOzoneFileSystem.createOutputStream(BasicOzoneFileSystem.java:249)
	at org.apache.hadoop.fs.ozone.BasicOzoneFileSystem.create(BasicOzoneFileSystem.java:230)
	at org.apache.hadoop.fs.FileSystem.create(FileSystem.java:1195)
	at org.apache.hadoop.tools.mapred.RetriableFileCopyCommand.copyToFile(RetriableFileCopyCommand.java:184)
	at org.apache.hadoop.tools.mapred.RetriableFileCopyCommand.doCopy(RetriableFileCopyCommand.java:123)
	at org.apache.hadoop.tools.mapred.RetriableFileCopyCommand.doExecute(RetriableFileCopyCommand.java:99)
	at org.apache.hadoop.tools.util.RetriableCommand.execute(RetriableCommand.java:87)
	at org.apache.hadoop.tools.mapred.CopyMapper.copyFileWithRetry(CopyMapper.java:256)
	at org.apache.hadoop.tools.mapred.CopyMapper.map(CopyMapper.java:217)
	at org.apache.hadoop.tools.mapred.CopyMapper.map(CopyMapper.java:48)
	at org.apache.hadoop.mapreduce.Mapper.run(Mapper.java:146)
	at org.apache.hadoop.mapred.MapTask.runNewMapper(MapTask.java:799)
	at org.apache.hadoop.mapred.MapTask.run(MapTask.java:347)
	at org.apache.hadoop.mapred.LocalJobRunner$Job$MapTaskRunnable.run(LocalJobRunner.java:271)
	at java.util.concurrent.Executors$RunnableAdapter.call(Executors.java:511)
	at java.util.concurrent.FutureTask.run(FutureTask.java:266)
	at java.util.concurrent.ThreadPoolExecutor.runWorker(ThreadPoolExecutor.java:1149)
	at java.util.concurrent.ThreadPoolExecutor$Worker.run(ThreadPoolExecutor.java:624)
	at java.lang.Thread.run(Thread.java:748)
2019-09-20 08:44:58,349 [LocalJobRunner Map Task Executor #0] ERROR mapred.CopyMapper (CopyMapper.java:handleFailures(296)) - Failure in copying file:/workdir/hadoop-ozone/ozonefs/target/test-dir/ITestOzoneContractDistCp/testTrackDeepDirectoryStructureToRemote/local/inputDir/subDir1/file2 to o3fs://bucket49137.volume34759/test/ITestOzoneContractDistCp/testTrackDeepDirectoryStructureToRemote/remote/outputDir/inputDir/subDir1/file2
java.io.IOException: File copy failed: file:/workdir/hadoop-ozone/ozonefs/target/test-dir/ITestOzoneContractDistCp/testTrackDeepDirectoryStructureToRemote/local/inputDir/subDir1/file2 --> o3fs://bucket49137.volume34759/test/ITestOzoneContractDistCp/testTrackDeepDirectoryStructureToRemote/remote/outputDir/inputDir/subDir1/file2
	at org.apache.hadoop.tools.mapred.CopyMapper.copyFileWithRetry(CopyMapper.java:259)
	at org.apache.hadoop.tools.mapred.CopyMapper.map(CopyMapper.java:217)
	at org.apache.hadoop.tools.mapred.CopyMapper.map(CopyMapper.java:48)
	at org.apache.hadoop.mapreduce.Mapper.run(Mapper.java:146)
	at org.apache.hadoop.mapred.MapTask.runNewMapper(MapTask.java:799)
	at org.apache.hadoop.mapred.MapTask.run(MapTask.java:347)
	at org.apache.hadoop.mapred.LocalJobRunner$Job$MapTaskRunnable.run(LocalJobRunner.java:271)
	at java.util.concurrent.Executors$RunnableAdapter.call(Executors.java:511)
	at java.util.concurrent.FutureTask.run(FutureTask.java:266)
	at java.util.concurrent.ThreadPoolExecutor.runWorker(ThreadPoolExecutor.java:1149)
	at java.util.concurrent.ThreadPoolExecutor$Worker.run(ThreadPoolExecutor.java:624)
	at java.lang.Thread.run(Thread.java:748)
Caused by: java.io.IOException: Couldn't run retriable-command: Copying file:/workdir/hadoop-ozone/ozonefs/target/test-dir/ITestOzoneContractDistCp/testTrackDeepDirectoryStructureToRemote/local/inputDir/subDir1/file2 to o3fs://bucket49137.volume34759/test/ITestOzoneContractDistCp/testTrackDeepDirectoryStructureToRemote/remote/outputDir/inputDir/subDir1/file2
	at org.apache.hadoop.tools.util.RetriableCommand.execute(RetriableCommand.java:101)
	at org.apache.hadoop.tools.mapred.CopyMapper.copyFileWithRetry(CopyMapper.java:256)
	... 11 more
Caused by: INTERNAL_ERROR org.apache.hadoop.ozone.om.exceptions.OMException: Allocated 0 blocks. Requested 1 blocks
	at org.apache.hadoop.ozone.om.protocolPB.OzoneManagerProtocolClientSideTranslatorPB.handleError(OzoneManagerProtocolClientSideTranslatorPB.java:725)
	at org.apache.hadoop.ozone.om.protocolPB.OzoneManagerProtocolClientSideTranslatorPB.createFile(OzoneManagerProtocolClientSideTranslatorPB.java:1474)
	at org.apache.hadoop.ozone.client.rpc.RpcClient.createFile(RpcClient.java:984)
	at org.apache.hadoop.ozone.client.OzoneBucket.createFile(OzoneBucket.java:535)
	at org.apache.hadoop.fs.ozone.BasicOzoneClientAdapterImpl.createFile(BasicOzoneClientAdapterImpl.java:181)
	at org.apache.hadoop.fs.ozone.BasicOzoneFileSystem.createOutputStream(BasicOzoneFileSystem.java:249)
	at org.apache.hadoop.fs.ozone.BasicOzoneFileSystem.create(BasicOzoneFileSystem.java:230)
	at org.apache.hadoop.fs.FileSystem.create(FileSystem.java:1195)
	at org.apache.hadoop.tools.mapred.RetriableFileCopyCommand.copyToFile(RetriableFileCopyCommand.java:184)
	at org.apache.hadoop.tools.mapred.RetriableFileCopyCommand.doCopy(RetriableFileCopyCommand.java:123)
	at org.apache.hadoop.tools.mapred.RetriableFileCopyCommand.doExecute(RetriableFileCopyCommand.java:99)
	at org.apache.hadoop.tools.util.RetriableCommand.execute(RetriableCommand.java:87)
	... 12 more
2019-09-20 08:44:58,350 [LocalJobRunner Map Task Executor #0] INFO  mapred.LocalJobRunner (LocalJobRunner.java:run(252)) - Starting task: attempt_local1525161619_0002_m_000005_0
2019-09-20 08:44:58,351 [LocalJobRunner Map Task Executor #0] INFO  output.FileOutputCommitter (FileOutputCommitter.java:<init>(140)) - File Output Committer Algorithm version is 2
2019-09-20 08:44:58,351 [LocalJobRunner Map Task Executor #0] INFO  output.FileOutputCommitter (FileOutputCommitter.java:<init>(155)) - FileOutputCommitter skip cleanup _temporary folders under output directory:false, ignore cleanup failures: false
2019-09-20 08:44:58,352 [LocalJobRunner Map Task Executor #0] INFO  mapred.Task (Task.java:initialize(626)) -  Using ResourceCalculatorProcessTree : [ ]
2019-09-20 08:44:58,353 [LocalJobRunner Map Task Executor #0] INFO  mapred.MapTask (MapTask.java:runNewMapper(768)) - Processing split: file:/tmp/hadoop/mapred/staging/jenkins10001172120868/.staging/_distcp1050229267/fileList.seq:326+264
2019-09-20 08:44:58,353 [LocalJobRunner Map Task Executor #0] INFO  output.FileOutputCommitter (FileOutputCommitter.java:<init>(140)) - File Output Committer Algorithm version is 2
2019-09-20 08:44:58,353 [LocalJobRunner Map Task Executor #0] INFO  output.FileOutputCommitter (FileOutputCommitter.java:<init>(155)) - FileOutputCommitter skip cleanup _temporary folders under output directory:false, ignore cleanup failures: false
2019-09-20 08:44:58,374 | INFO  | OMAudit | user=jenkins1000 | ip=127.0.0.1 | op=GET_FILE_STATUS {volume=volume34759, bucket=bucket49137, key=test/ITestOzoneContractDistCp/testTrackDeepDirectoryStructureToRemote/remote/outputDir, dataSize=0, replicationType=null, replicationFactor=null, keyLocationInfo=null} | ret=SUCCESS |  
2019-09-20 08:44:58,375 [LocalJobRunner Map Task Executor #0] INFO  mapred.CopyMapper (CopyMapper.java:map(154)) - Copying file:/workdir/hadoop-ozone/ozonefs/target/test-dir/ITestOzoneContractDistCp/testTrackDeepDirectoryStructureToRemote/local/inputDir/subDir2 to o3fs://bucket49137.volume34759/test/ITestOzoneContractDistCp/testTrackDeepDirectoryStructureToRemote/remote/outputDir/inputDir/subDir2
2019-09-20 08:44:58,383 | INFO  | OMAudit | user=jenkins1000 | ip=127.0.0.1 | op=GET_FILE_STATUS {volume=volume34759, bucket=bucket49137, key=test/ITestOzoneContractDistCp/testTrackDeepDirectoryStructureToRemote/remote/outputDir/inputDir/subDir2, dataSize=0, replicationType=null, replicationFactor=null, keyLocationInfo=null} | ret=SUCCESS |  
2019-09-20 08:44:58,386 | INFO  | OMAudit | user=jenkins1000 | ip=127.0.0.1 | op=CREATE_DIRECTORY {volume=volume34759, bucket=bucket49137, key=test/ITestOzoneContractDistCp/testTrackDeepDirectoryStructureToRemote/remote/outputDir/inputDir/subDir2, dataSize=0, replicationType=null, replicationFactor=null, keyLocationInfo=null} | ret=SUCCESS |  
2019-09-20 08:44:58,387 [LocalJobRunner Map Task Executor #0] INFO  mapred.LocalJobRunner (LocalJobRunner.java:statusUpdate(634)) - 
2019-09-20 08:44:58,388 [LocalJobRunner Map Task Executor #0] INFO  mapred.Task (Task.java:done(1244)) - Task:attempt_local1525161619_0002_m_000005_0 is done. And is in the process of committing
2019-09-20 08:44:58,388 [LocalJobRunner Map Task Executor #0] INFO  mapred.LocalJobRunner (LocalJobRunner.java:statusUpdate(634)) - 
2019-09-20 08:44:58,389 [LocalJobRunner Map Task Executor #0] INFO  mapred.Task (Task.java:commit(1421)) - Task attempt_local1525161619_0002_m_000005_0 is allowed to commit now
2019-09-20 08:44:58,390 [LocalJobRunner Map Task Executor #0] INFO  output.FileOutputCommitter (FileOutputCommitter.java:commitTask(598)) - Saved output of task 'attempt_local1525161619_0002_m_000005_0' to file:/tmp/hadoop/mapred/staging/jenkins10001172120868/.staging/_distcp1050229267/_logs
2019-09-20 08:44:58,391 [LocalJobRunner Map Task Executor #0] INFO  mapred.LocalJobRunner (LocalJobRunner.java:statusUpdate(634)) - Copying file:/workdir/hadoop-ozone/ozonefs/target/test-dir/ITestOzoneContractDistCp/testTrackDeepDirectoryStructureToRemote/local/inputDir/subDir2 to o3fs://bucket49137.volume34759/test/ITestOzoneContractDistCp/testTrackDeepDirectoryStructureToRemote/remote/outputDir/inputDir/subDir2
2019-09-20 08:44:58,391 [LocalJobRunner Map Task Executor #0] INFO  mapred.Task (Task.java:sendDone(1380)) - Task 'attempt_local1525161619_0002_m_000005_0' done.
2019-09-20 08:44:58,392 [LocalJobRunner Map Task Executor #0] INFO  mapred.Task (Task.java:done(1276)) - Final Counters for attempt_local1525161619_0002_m_000005_0: Counters: 22
	File System Counters
		FILE: Number of bytes read=462371
		FILE: Number of bytes written=1653141
		FILE: Number of read operations=0
		FILE: Number of large read operations=0
		FILE: Number of write operations=0
		O3FS: Number of bytes read=0
		O3FS: Number of bytes written=0
		O3FS: Number of read operations=60
		O3FS: Number of large read operations=0
		O3FS: Number of write operations=33
	Map-Reduce Framework
		Map input records=1
		Map output records=0
		Input split bytes=158
		Spilled Records=0
		Failed Shuffles=0
		Merged Map outputs=0
		GC time elapsed (ms)=0
		Total committed heap usage (bytes)=2058354688
	File Input Format Counters 
		Bytes Read=3146
	File Output Format Counters 
		Bytes Written=8
	DistCp Counters
		Bandwidth in Btyes=0
		DIR_COPY=1
2019-09-20 08:44:58,392 [LocalJobRunner Map Task Executor #0] INFO  mapred.LocalJobRunner (LocalJobRunner.java:run(277)) - Finishing task: attempt_local1525161619_0002_m_000005_0
2019-09-20 08:44:58,392 [LocalJobRunner Map Task Executor #0] INFO  mapred.LocalJobRunner (LocalJobRunner.java:run(252)) - Starting task: attempt_local1525161619_0002_m_000006_0
2019-09-20 08:44:58,394 [LocalJobRunner Map Task Executor #0] INFO  output.FileOutputCommitter (FileOutputCommitter.java:<init>(140)) - File Output Committer Algorithm version is 2
2019-09-20 08:44:58,395 [LocalJobRunner Map Task Executor #0] INFO  output.FileOutputCommitter (FileOutputCommitter.java:<init>(155)) - FileOutputCommitter skip cleanup _temporary folders under output directory:false, ignore cleanup failures: false
2019-09-20 08:44:58,396 [LocalJobRunner Map Task Executor #0] INFO  mapred.Task (Task.java:initialize(626)) -  Using ResourceCalculatorProcessTree : [ ]
2019-09-20 08:44:58,398 [LocalJobRunner Map Task Executor #0] INFO  mapred.MapTask (MapTask.java:runNewMapper(768)) - Processing split: file:/tmp/hadoop/mapred/staging/jenkins10001172120868/.staging/_distcp1050229267/fileList.seq:590+264
2019-09-20 08:44:58,399 [LocalJobRunner Map Task Executor #0] INFO  output.FileOutputCommitter (FileOutputCommitter.java:<init>(140)) - File Output Committer Algorithm version is 2
2019-09-20 08:44:58,399 [LocalJobRunner Map Task Executor #0] INFO  output.FileOutputCommitter (FileOutputCommitter.java:<init>(155)) - FileOutputCommitter skip cleanup _temporary folders under output directory:false, ignore cleanup failures: false
2019-09-20 08:44:58,419 | INFO  | OMAudit | user=jenkins1000 | ip=127.0.0.1 | op=GET_FILE_STATUS {volume=volume34759, bucket=bucket49137, key=test/ITestOzoneContractDistCp/testTrackDeepDirectoryStructureToRemote/remote/outputDir, dataSize=0, replicationType=null, replicationFactor=null, keyLocationInfo=null} | ret=SUCCESS |  
2019-09-20 08:44:58,420 [LocalJobRunner Map Task Executor #0] INFO  mapred.CopyMapper (CopyMapper.java:map(154)) - Copying file:/workdir/hadoop-ozone/ozonefs/target/test-dir/ITestOzoneContractDistCp/testTrackDeepDirectoryStructureToRemote/local/inputDir/subDir1 to o3fs://bucket49137.volume34759/test/ITestOzoneContractDistCp/testTrackDeepDirectoryStructureToRemote/remote/outputDir/inputDir/subDir1
2019-09-20 08:44:58,427 | ERROR | OMAudit | user=jenkins1000 | ip=127.0.0.1 | op=GET_FILE_STATUS {volume=volume34759, bucket=bucket49137, key=test/ITestOzoneContractDistCp/testTrackDeepDirectoryStructureToRemote/remote/outputDir/inputDir/subDir1, dataSize=0, replicationType=null, replicationFactor=null, keyLocationInfo=null} | ret=FAILURE | FILE_NOT_FOUND org.apache.hadoop.ozone.om.exceptions.OMException: Unable to get file status: volume: volume34759 bucket: bucket49137 key: test/ITestOzoneContractDistCp/testTrackDeepDirectoryStructureToRemote/remote/outputDir/inputDir/subDir1
	at org.apache.hadoop.ozone.om.KeyManagerImpl.getFileStatus(KeyManagerImpl.java:1655)
	at org.apache.hadoop.ozone.om.OzoneManager.getFileStatus(OzoneManager.java:2868) 
2019-09-20 08:44:58,430 | INFO  | OMAudit | user=jenkins1000 | ip=127.0.0.1 | op=CREATE_DIRECTORY {volume=volume34759, bucket=bucket49137, key=test/ITestOzoneContractDistCp/testTrackDeepDirectoryStructureToRemote/remote/outputDir/inputDir/subDir1, dataSize=0, replicationType=null, replicationFactor=null, keyLocationInfo=null} | ret=SUCCESS |  
2019-09-20 08:44:58,431 [LocalJobRunner Map Task Executor #0] INFO  mapred.LocalJobRunner (LocalJobRunner.java:statusUpdate(634)) - 
2019-09-20 08:44:58,431 [LocalJobRunner Map Task Executor #0] INFO  mapred.Task (Task.java:done(1244)) - Task:attempt_local1525161619_0002_m_000006_0 is done. And is in the process of committing
2019-09-20 08:44:58,432 [LocalJobRunner Map Task Executor #0] INFO  mapred.LocalJobRunner (LocalJobRunner.java:statusUpdate(634)) - 
2019-09-20 08:44:58,432 [LocalJobRunner Map Task Executor #0] INFO  mapred.Task (Task.java:commit(1421)) - Task attempt_local1525161619_0002_m_000006_0 is allowed to commit now
2019-09-20 08:44:58,433 [LocalJobRunner Map Task Executor #0] INFO  output.FileOutputCommitter (FileOutputCommitter.java:commitTask(598)) - Saved output of task 'attempt_local1525161619_0002_m_000006_0' to file:/tmp/hadoop/mapred/staging/jenkins10001172120868/.staging/_distcp1050229267/_logs
2019-09-20 08:44:58,434 [LocalJobRunner Map Task Executor #0] INFO  mapred.LocalJobRunner (LocalJobRunner.java:statusUpdate(634)) - Copying file:/workdir/hadoop-ozone/ozonefs/target/test-dir/ITestOzoneContractDistCp/testTrackDeepDirectoryStructureToRemote/local/inputDir/subDir1 to o3fs://bucket49137.volume34759/test/ITestOzoneContractDistCp/testTrackDeepDirectoryStructureToRemote/remote/outputDir/inputDir/subDir1
2019-09-20 08:44:58,434 [LocalJobRunner Map Task Executor #0] INFO  mapred.Task (Task.java:sendDone(1380)) - Task 'attempt_local1525161619_0002_m_000006_0' done.
2019-09-20 08:44:58,434 [LocalJobRunner Map Task Executor #0] INFO  mapred.Task (Task.java:done(1276)) - Final Counters for attempt_local1525161619_0002_m_000006_0: Counters: 22
	File System Counters
		FILE: Number of bytes read=466296
		FILE: Number of bytes written=1653149
		FILE: Number of read operations=0
		FILE: Number of large read operations=0
		FILE: Number of write operations=0
		O3FS: Number of bytes read=0
		O3FS: Number of bytes written=0
		O3FS: Number of read operations=62
		O3FS: Number of large read operations=0
		O3FS: Number of write operations=33
	Map-Reduce Framework
		Map input records=1
		Map output records=0
		Input split bytes=158
		Spilled Records=0
		Failed Shuffles=0
		Merged Map outputs=0
		GC time elapsed (ms)=0
		Total committed heap usage (bytes)=2058354688
	File Input Format Counters 
		Bytes Read=3146
	File Output Format Counters 
		Bytes Written=8
	DistCp Counters
		Bandwidth in Btyes=0
		DIR_COPY=1
2019-09-20 08:44:58,434 [LocalJobRunner Map Task Executor #0] INFO  mapred.LocalJobRunner (LocalJobRunner.java:run(277)) - Finishing task: attempt_local1525161619_0002_m_000006_0
2019-09-20 08:44:58,435 [LocalJobRunner Map Task Executor #0] INFO  mapred.LocalJobRunner (LocalJobRunner.java:run(252)) - Starting task: attempt_local1525161619_0002_m_000007_0
2019-09-20 08:44:58,435 [LocalJobRunner Map Task Executor #0] INFO  output.FileOutputCommitter (FileOutputCommitter.java:<init>(140)) - File Output Committer Algorithm version is 2
2019-09-20 08:44:58,435 [LocalJobRunner Map Task Executor #0] INFO  output.FileOutputCommitter (FileOutputCommitter.java:<init>(155)) - FileOutputCommitter skip cleanup _temporary folders under output directory:false, ignore cleanup failures: false
2019-09-20 08:44:58,436 [LocalJobRunner Map Task Executor #0] INFO  mapred.Task (Task.java:initialize(626)) -  Using ResourceCalculatorProcessTree : [ ]
2019-09-20 08:44:58,437 [LocalJobRunner Map Task Executor #0] INFO  mapred.MapTask (MapTask.java:runNewMapper(768)) - Processing split: file:/tmp/hadoop/mapred/staging/jenkins10001172120868/.staging/_distcp1050229267/fileList.seq:2826+264
2019-09-20 08:44:58,437 [LocalJobRunner Map Task Executor #0] INFO  output.FileOutputCommitter (FileOutputCommitter.java:<init>(140)) - File Output Committer Algorithm version is 2
2019-09-20 08:44:58,437 [LocalJobRunner Map Task Executor #0] INFO  output.FileOutputCommitter (FileOutputCommitter.java:<init>(155)) - FileOutputCommitter skip cleanup _temporary folders under output directory:false, ignore cleanup failures: false
2019-09-20 08:44:58,454 | INFO  | OMAudit | user=jenkins1000 | ip=127.0.0.1 | op=GET_FILE_STATUS {volume=volume34759, bucket=bucket49137, key=test/ITestOzoneContractDistCp/testTrackDeepDirectoryStructureToRemote/remote/outputDir, dataSize=0, replicationType=null, replicationFactor=null, keyLocationInfo=null} | ret=SUCCESS |  
2019-09-20 08:44:58,455 [LocalJobRunner Map Task Executor #0] INFO  mapred.CopyMapper (CopyMapper.java:map(154)) - Copying file:/workdir/hadoop-ozone/ozonefs/target/test-dir/ITestOzoneContractDistCp/testTrackDeepDirectoryStructureToRemote/local/inputDir/subDir4 to o3fs://bucket49137.volume34759/test/ITestOzoneContractDistCp/testTrackDeepDirectoryStructureToRemote/remote/outputDir/inputDir/subDir4
2019-09-20 08:44:58,461 | INFO  | OMAudit | user=jenkins1000 | ip=127.0.0.1 | op=GET_FILE_STATUS {volume=volume34759, bucket=bucket49137, key=test/ITestOzoneContractDistCp/testTrackDeepDirectoryStructureToRemote/remote/outputDir/inputDir/subDir4, dataSize=0, replicationType=null, replicationFactor=null, keyLocationInfo=null} | ret=SUCCESS |  
2019-09-20 08:44:58,463 | INFO  | OMAudit | user=jenkins1000 | ip=127.0.0.1 | op=CREATE_DIRECTORY {volume=volume34759, bucket=bucket49137, key=test/ITestOzoneContractDistCp/testTrackDeepDirectoryStructureToRemote/remote/outputDir/inputDir/subDir4, dataSize=0, replicationType=null, replicationFactor=null, keyLocationInfo=null} | ret=SUCCESS |  
2019-09-20 08:44:58,464 [LocalJobRunner Map Task Executor #0] INFO  mapred.LocalJobRunner (LocalJobRunner.java:statusUpdate(634)) - 
2019-09-20 08:44:58,465 [LocalJobRunner Map Task Executor #0] INFO  mapred.Task (Task.java:done(1244)) - Task:attempt_local1525161619_0002_m_000007_0 is done. And is in the process of committing
2019-09-20 08:44:58,466 [LocalJobRunner Map Task Executor #0] INFO  mapred.LocalJobRunner (LocalJobRunner.java:statusUpdate(634)) - 
2019-09-20 08:44:58,466 | INFO  | SCMAudit | user=jenkins1000 | ip=192.168.36.79 | op=SEND_HEARTBEAT {datanodeUUID=75feff7d-6f48-4002-b580-45a21ea734c6, command=[]} | ret=SUCCESS |  
2019-09-20 08:44:58,466 [LocalJobRunner Map Task Executor #0] INFO  mapred.Task (Task.java:commit(1421)) - Task attempt_local1525161619_0002_m_000007_0 is allowed to commit now
2019-09-20 08:44:58,469 [LocalJobRunner Map Task Executor #0] INFO  output.FileOutputCommitter (FileOutputCommitter.java:commitTask(598)) - Saved output of task 'attempt_local1525161619_0002_m_000007_0' to file:/tmp/hadoop/mapred/staging/jenkins10001172120868/.staging/_distcp1050229267/_logs
2019-09-20 08:44:58,471 [LocalJobRunner Map Task Executor #0] INFO  mapred.LocalJobRunner (LocalJobRunner.java:statusUpdate(634)) - Copying file:/workdir/hadoop-ozone/ozonefs/target/test-dir/ITestOzoneContractDistCp/testTrackDeepDirectoryStructureToRemote/local/inputDir/subDir4 to o3fs://bucket49137.volume34759/test/ITestOzoneContractDistCp/testTrackDeepDirectoryStructureToRemote/remote/outputDir/inputDir/subDir4
2019-09-20 08:44:58,471 [LocalJobRunner Map Task Executor #0] INFO  mapred.Task (Task.java:sendDone(1380)) - Task 'attempt_local1525161619_0002_m_000007_0' done.
2019-09-20 08:44:58,472 [LocalJobRunner Map Task Executor #0] INFO  mapred.Task (Task.java:done(1276)) - Final Counters for attempt_local1525161619_0002_m_000007_0: Counters: 22
	File System Counters
		FILE: Number of bytes read=469709
		FILE: Number of bytes written=1653157
		FILE: Number of read operations=0
		FILE: Number of large read operations=0
		FILE: Number of write operations=0
		O3FS: Number of bytes read=0
		O3FS: Number of bytes written=0
		O3FS: Number of read operations=64
		O3FS: Number of large read operations=0
		O3FS: Number of write operations=33
	Map-Reduce Framework
		Map input records=1
		Map output records=0
		Input split bytes=158
		Spilled Records=0
		Failed Shuffles=0
		Merged Map outputs=0
		GC time elapsed (ms)=0
		Total committed heap usage (bytes)=2058354688
	File Input Format Counters 
		Bytes Read=3146
	File Output Format Counters 
		Bytes Written=8
	DistCp Counters
		Bandwidth in Btyes=0
		DIR_COPY=1
2019-09-20 08:44:58,472 [LocalJobRunner Map Task Executor #0] INFO  mapred.LocalJobRunner (LocalJobRunner.java:run(277)) - Finishing task: attempt_local1525161619_0002_m_000007_0
2019-09-20 08:44:58,472 [Thread-544] INFO  mapred.LocalJobRunner (LocalJobRunner.java:runTasks(486)) - map task executor complete.
2019-09-20 08:44:58,474 | INFO  | SCMAudit | user=jenkins1000 | ip=192.168.36.79 | op=SEND_HEARTBEAT {datanodeUUID=b892e876-f5ae-410a-9dfd-4f07fd940729, command=[]} | ret=SUCCESS |  
2019-09-20 08:44:58,480 | INFO  | OMAudit | user=jenkins1000 | ip=127.0.0.1 | op=LIST_STATUS {volume=volume34759, bucket=bucket49137, key=test/ITestOzoneContractDistCp/testTrackDeepDirectoryStructureToRemote/remote/outputDir, dataSize=0, replicationType=null, replicationFactor=null, keyLocationInfo=null} | ret=SUCCESS |  
2019-09-20 08:44:58,483 | INFO  | OMAudit | user=jenkins1000 | ip=127.0.0.1 | op=GET_FILE_STATUS {volume=volume34759, bucket=bucket49137, key=test/ITestOzoneContractDistCp/testTrackDeepDirectoryStructureToRemote/remote/outputDir, dataSize=0, replicationType=null, replicationFactor=null, keyLocationInfo=null} | ret=SUCCESS |  
2019-09-20 08:44:58,486 | INFO  | OMAudit | user=jenkins1000 | ip=127.0.0.1 | op=LIST_STATUS {volume=volume34759, bucket=bucket49137, key=test/ITestOzoneContractDistCp/testTrackDeepDirectoryStructureToRemote/remote, dataSize=0, replicationType=null, replicationFactor=null, keyLocationInfo=null} | ret=SUCCESS |  
2019-09-20 08:44:58,486 | INFO  | SCMAudit | user=jenkins1000 | ip=192.168.36.79 | op=SEND_HEARTBEAT {datanodeUUID=aa30552f-ad30-4fe7-9018-411c04218958, command=[]} | ret=SUCCESS |  
2019-09-20 08:44:58,487 | INFO  | OMAudit | user=jenkins1000 | ip=127.0.0.1 | op=GET_FILE_STATUS {volume=volume34759, bucket=bucket49137, key=test/ITestOzoneContractDistCp/testTrackDeepDirectoryStructureToRemote/remote, dataSize=0, replicationType=null, replicationFactor=null, keyLocationInfo=null} | ret=SUCCESS |  
2019-09-20 08:44:58,488 [Thread-544] INFO  mapred.CopyCommitter (CopyCommitter.java:cleanup(189)) - Cleaning up temporary work folder: file:/tmp/hadoop/mapred/staging/jenkins10001172120868/.staging/_distcp1050229267
2019-09-20 08:44:58,489 [Thread-544] WARN  mapred.LocalJobRunner (LocalJobRunner.java:run(590)) - job_local1525161619_0002
java.lang.Exception: java.io.IOException: File copy failed: file:/workdir/hadoop-ozone/ozonefs/target/test-dir/ITestOzoneContractDistCp/testTrackDeepDirectoryStructureToRemote/local/inputDir/file1 --> o3fs://bucket49137.volume34759/test/ITestOzoneContractDistCp/testTrackDeepDirectoryStructureToRemote/remote/outputDir/inputDir/file1
	at org.apache.hadoop.mapred.LocalJobRunner$Job.runTasks(LocalJobRunner.java:492)
	at org.apache.hadoop.mapred.LocalJobRunner$Job.run(LocalJobRunner.java:552)
Caused by: java.io.IOException: File copy failed: file:/workdir/hadoop-ozone/ozonefs/target/test-dir/ITestOzoneContractDistCp/testTrackDeepDirectoryStructureToRemote/local/inputDir/file1 --> o3fs://bucket49137.volume34759/test/ITestOzoneContractDistCp/testTrackDeepDirectoryStructureToRemote/remote/outputDir/inputDir/file1
	at org.apache.hadoop.tools.mapred.CopyMapper.copyFileWithRetry(CopyMapper.java:259)
	at org.apache.hadoop.tools.mapred.CopyMapper.map(CopyMapper.java:217)
	at org.apache.hadoop.tools.mapred.CopyMapper.map(CopyMapper.java:48)
	at org.apache.hadoop.mapreduce.Mapper.run(Mapper.java:146)
	at org.apache.hadoop.mapred.MapTask.runNewMapper(MapTask.java:799)
	at org.apache.hadoop.mapred.MapTask.run(MapTask.java:347)
	at org.apache.hadoop.mapred.LocalJobRunner$Job$MapTaskRunnable.run(LocalJobRunner.java:271)
	at java.util.concurrent.Executors$RunnableAdapter.call(Executors.java:511)
	at java.util.concurrent.FutureTask.run(FutureTask.java:266)
	at java.util.concurrent.ThreadPoolExecutor.runWorker(ThreadPoolExecutor.java:1149)
	at java.util.concurrent.ThreadPoolExecutor$Worker.run(ThreadPoolExecutor.java:624)
	at java.lang.Thread.run(Thread.java:748)
Caused by: java.io.IOException: Couldn't run retriable-command: Copying file:/workdir/hadoop-ozone/ozonefs/target/test-dir/ITestOzoneContractDistCp/testTrackDeepDirectoryStructureToRemote/local/inputDir/file1 to o3fs://bucket49137.volume34759/test/ITestOzoneContractDistCp/testTrackDeepDirectoryStructureToRemote/remote/outputDir/inputDir/file1
	at org.apache.hadoop.tools.util.RetriableCommand.execute(RetriableCommand.java:101)
	at org.apache.hadoop.tools.mapred.CopyMapper.copyFileWithRetry(CopyMapper.java:256)
	... 11 more
Caused by: INTERNAL_ERROR org.apache.hadoop.ozone.om.exceptions.OMException: Allocated 0 blocks. Requested 1 blocks
	at org.apache.hadoop.ozone.om.protocolPB.OzoneManagerProtocolClientSideTranslatorPB.handleError(OzoneManagerProtocolClientSideTranslatorPB.java:725)
	at org.apache.hadoop.ozone.om.protocolPB.OzoneManagerProtocolClientSideTranslatorPB.createFile(OzoneManagerProtocolClientSideTranslatorPB.java:1474)
	at org.apache.hadoop.ozone.client.rpc.RpcClient.createFile(RpcClient.java:984)
	at org.apache.hadoop.ozone.client.OzoneBucket.createFile(OzoneBucket.java:535)
	at org.apache.hadoop.fs.ozone.BasicOzoneClientAdapterImpl.createFile(BasicOzoneClientAdapterImpl.java:181)
	at org.apache.hadoop.fs.ozone.BasicOzoneFileSystem.createOutputStream(BasicOzoneFileSystem.java:249)
	at org.apache.hadoop.fs.ozone.BasicOzoneFileSystem.create(BasicOzoneFileSystem.java:230)
	at org.apache.hadoop.fs.FileSystem.create(FileSystem.java:1195)
	at org.apache.hadoop.tools.mapred.RetriableFileCopyCommand.copyToFile(RetriableFileCopyCommand.java:184)
	at org.apache.hadoop.tools.mapred.RetriableFileCopyCommand.doCopy(RetriableFileCopyCommand.java:123)
	at org.apache.hadoop.tools.mapred.RetriableFileCopyCommand.doExecute(RetriableFileCopyCommand.java:99)
	at org.apache.hadoop.tools.util.RetriableCommand.execute(RetriableCommand.java:87)
	... 12 more
2019-09-20 08:44:58,726 | INFO  | SCMAudit | user=jenkins1000 | ip=192.168.36.79 | op=SEND_HEARTBEAT {datanodeUUID=a4a73c82-9756-45ac-afed-7299ac804f25, command=[]} | ret=SUCCESS |  
2019-09-20 08:44:58,974 | INFO  | SCMAudit | user=jenkins1000 | ip=192.168.36.79 | op=SEND_HEARTBEAT {datanodeUUID=9123b815-6bfa-48f7-ade2-b84cdc033afa, command=[]} | ret=SUCCESS |  
2019-09-20 08:44:59,011 [Thread-481] INFO  mapreduce.Job (Job.java:monitorAndPrintJob(1647)) -  map 100% reduce 0%
2019-09-20 08:44:59,012 [Thread-481] INFO  mapreduce.Job (Job.java:monitorAndPrintJob(1660)) - Job job_local1525161619_0002 failed with state FAILED due to: NA
2019-09-20 08:44:59,083 [Thread-481] INFO  mapreduce.Job (Job.java:monitorAndPrintJob(1665)) - Counters: 22
	File System Counters
		FILE: Number of bytes read=3207074
		FILE: Number of bytes written=11571931
		FILE: Number of read operations=0
		FILE: Number of large read operations=0
		FILE: Number of write operations=0
		O3FS: Number of bytes read=0
		O3FS: Number of bytes written=0
		O3FS: Number of read operations=396
		O3FS: Number of large read operations=0
		O3FS: Number of write operations=211
	Map-Reduce Framework
		Map input records=7
		Map output records=0
		Input split bytes=1106
		Spilled Records=0
		Failed Shuffles=0
		Merged Map outputs=0
		GC time elapsed (ms)=0
		Total committed heap usage (bytes)=14408482816
	File Input Format Counters 
		Bytes Read=22022
	File Output Format Counters 
		Bytes Written=56
	DistCp Counters
		Bandwidth in Btyes=0
		DIR_COPY=6
2019-09-20 08:44:59,086 | INFO  | OMAudit | user=jenkins1000 | ip=127.0.0.1 | op=GET_FILE_STATUS {volume=volume34759, bucket=bucket49137, key=test, dataSize=0, replicationType=null, replicationFactor=null, keyLocationInfo=null} | ret=SUCCESS |  
2019-09-20 08:44:59,089 | INFO  | OMAudit | user=jenkins1000 | ip=127.0.0.1 | op=GET_FILE_STATUS {volume=volume34759, bucket=bucket49137, key=test, dataSize=0, replicationType=null, replicationFactor=null, keyLocationInfo=null} | ret=SUCCESS |  
2019-09-20 08:44:59,091 | INFO  | OMAudit | user=jenkins1000 | ip=127.0.0.1 | op=GET_FILE_STATUS {volume=volume34759, bucket=bucket49137, key=test, dataSize=0, replicationType=null, replicationFactor=null, keyLocationInfo=null} | ret=SUCCESS |  
2019-09-20 08:44:59,095 | INFO  | OMAudit | user=jenkins1000 | ip=127.0.0.1 | op=LIST_KEYS {volume=volume34759, bucket=bucket49137, startKey=, maxKeys=1000, keyPrefix=test/} | ret=SUCCESS |  
2019-09-20 08:44:59,098 | INFO  | OMAudit | user=jenkins1000 | ip=127.0.0.1 | op=DELETE_KEY {volume=volume34759, bucket=bucket49137, key=test/, dataSize=0, replicationType=null, replicationFactor=null, keyLocationInfo=null} | ret=SUCCESS |  
2019-09-20 08:44:59,100 | INFO  | OMAudit | user=jenkins1000 | ip=127.0.0.1 | op=DELETE_KEY {volume=volume34759, bucket=bucket49137, key=test/ITestOzoneContractDistCp/testTrackDeepDirectoryStructureToRemote/, dataSize=0, replicationType=null, replicationFactor=null, keyLocationInfo=null} | ret=SUCCESS |  
2019-09-20 08:44:59,102 | INFO  | OMAudit | user=jenkins1000 | ip=127.0.0.1 | op=DELETE_KEY {volume=volume34759, bucket=bucket49137, key=test/ITestOzoneContractDistCp/testTrackDeepDirectoryStructureToRemote/remote/outputDir/inputDir/, dataSize=0, replicationType=null, replicationFactor=null, keyLocationInfo=null} | ret=SUCCESS |  
2019-09-20 08:44:59,104 | INFO  | OMAudit | user=jenkins1000 | ip=127.0.0.1 | op=DELETE_KEY {volume=volume34759, bucket=bucket49137, key=test/ITestOzoneContractDistCp/testTrackDeepDirectoryStructureToRemote/remote/outputDir/inputDir/subDir1/, dataSize=0, replicationType=null, replicationFactor=null, keyLocationInfo=null} | ret=SUCCESS |  
2019-09-20 08:44:59,106 | INFO  | OMAudit | user=jenkins1000 | ip=127.0.0.1 | op=DELETE_KEY {volume=volume34759, bucket=bucket49137, key=test/ITestOzoneContractDistCp/testTrackDeepDirectoryStructureToRemote/remote/outputDir/inputDir/subDir2/subDir2/, dataSize=0, replicationType=null, replicationFactor=null, keyLocationInfo=null} | ret=SUCCESS |  
2019-09-20 08:44:59,107 | INFO  | OMAudit | user=jenkins1000 | ip=127.0.0.1 | op=DELETE_KEY {volume=volume34759, bucket=bucket49137, key=test/ITestOzoneContractDistCp/testTrackDeepDirectoryStructureToRemote/remote/outputDir/inputDir/subDir4/subDir4/, dataSize=0, replicationType=null, replicationFactor=null, keyLocationInfo=null} | ret=SUCCESS |  
2019-09-20 08:44:59,109 | INFO  | OMAudit | user=jenkins1000 | ip=127.0.0.1 | op=LIST_KEYS {volume=volume34759, bucket=bucket49137, startKey=test/ITestOzoneContractDistCp/testTrackDeepDirectoryStructureToRemote/remote/outputDir/inputDir/subDir4/subDir4/, maxKeys=1000, keyPrefix=test/} | ret=SUCCESS |  
]]></system-out>
  </testcase>
  <testcase name="largeFilesToRemote" classname="org.apache.hadoop.fs.ozone.contract.ITestOzoneContractDistCp" time="13.664">
    <error message="DistCp failure: Job job_local461659686_0003 has failed: NA" type="java.io.IOException">java.io.IOException: DistCp failure: Job job_local461659686_0003 has failed: NA
	at org.apache.hadoop.tools.DistCp.waitForJobCompletion(DistCp.java:230)
	at org.apache.hadoop.tools.DistCp.execute(DistCp.java:185)
	at org.apache.hadoop.tools.contract.AbstractContractDistCpTest.runDistCp(AbstractContractDistCpTest.java:560)
	at org.apache.hadoop.tools.contract.AbstractContractDistCpTest.runDistCp(AbstractContractDistCpTest.java:549)
	at org.apache.hadoop.tools.contract.AbstractContractDistCpTest.largeFiles(AbstractContractDistCpTest.java:534)
	at org.apache.hadoop.tools.contract.AbstractContractDistCpTest.largeFilesToRemote(AbstractContractDistCpTest.java:452)
	at sun.reflect.NativeMethodAccessorImpl.invoke0(Native Method)
	at sun.reflect.NativeMethodAccessorImpl.invoke(NativeMethodAccessorImpl.java:62)
	at sun.reflect.DelegatingMethodAccessorImpl.invoke(DelegatingMethodAccessorImpl.java:43)
	at java.lang.reflect.Method.invoke(Method.java:498)
	at org.junit.runners.model.FrameworkMethod$1.runReflectiveCall(FrameworkMethod.java:47)
	at org.junit.internal.runners.model.ReflectiveCallable.run(ReflectiveCallable.java:12)
	at org.junit.runners.model.FrameworkMethod.invokeExplosively(FrameworkMethod.java:44)
	at org.junit.internal.runners.statements.InvokeMethod.evaluate(InvokeMethod.java:17)
	at org.junit.internal.runners.statements.RunBefores.evaluate(RunBefores.java:26)
	at org.junit.internal.runners.statements.RunAfters.evaluate(RunAfters.java:27)
	at org.junit.rules.TestWatcher$1.evaluate(TestWatcher.java:55)
	at org.junit.rules.TestWatcher$1.evaluate(TestWatcher.java:55)
	at org.junit.internal.runners.statements.FailOnTimeout$StatementThread.run(FailOnTimeout.java:74)
</error>
    <system-out><![CDATA[2019-09-20 08:44:59,145 [Thread-584] INFO  Configuration.deprecation (Configuration.java:logDeprecation(1394)) - mapred.job.tracker is deprecated. Instead, use mapreduce.jobtracker.address
2019-09-20 08:44:59,148 | INFO  | OMAudit | user=jenkins1000 | ip=127.0.0.1 | op=CREATE_VOLUME {admin=admin29801, owner=user58039, volume=volume33664, creationTime=1568969099148, quotaInBytes=1152921504606846976} | ret=SUCCESS |  
2019-09-20 08:44:59,150 | INFO  | OMAudit | user=jenkins1000 | ip=127.0.0.1 | op=CREATE_BUCKET {volume=volume33664, bucket=bucket91737, acls=[], isVersionEnabled=false, storageType=DISK, creationTime=0} | ret=SUCCESS |  
2019-09-20 08:44:59,214 | INFO  | OMAudit | user=jenkins1000 | ip=127.0.0.1 | op=READ_VOLUME {volume=volume33664} | ret=SUCCESS |  
2019-09-20 08:44:59,217 | INFO  | OMAudit | user=jenkins1000 | ip=127.0.0.1 | op=READ_BUCKET {volume=volume33664, bucket=bucket91737} | ret=SUCCESS |  
2019-09-20 08:44:59,217 [Thread-584] INFO  contract.AbstractFSContractTestBase (AbstractFSContractTestBase.java:setup(184)) - Test filesystem = o3fs://bucket91737.volume33664 implemented by OzoneFileSystem{URI=o3fs://bucket91737.volume33664, workingDir=o3fs://bucket91737.volume33664/user/jenkins1000, userName=jenkins1000, statistics=0 bytes read, 0 bytes written, 71 read ops, 0 large read ops, 34 write ops}
2019-09-20 08:44:59,220 | INFO  | OMAudit | user=jenkins1000 | ip=127.0.0.1 | op=CREATE_DIRECTORY {volume=volume33664, bucket=bucket91737, key=test, dataSize=0, replicationType=null, replicationFactor=null, keyLocationInfo=null} | ret=SUCCESS |  
2019-09-20 08:44:59,235 | INFO  | OMAudit | user=jenkins1000 | ip=127.0.0.1 | op=CREATE_DIRECTORY {volume=volume33664, bucket=bucket91737, key=test/ITestOzoneContractDistCp/largeFilesToRemote/remote, dataSize=0, replicationType=null, replicationFactor=null, keyLocationInfo=null} | ret=SUCCESS |  
2019-09-20 08:44:59,236 | INFO  | OMAudit | user=jenkins1000 | ip=127.0.0.1 | op=GET_FILE_STATUS {volume=volume33664, bucket=bucket91737, key=test/ITestOzoneContractDistCp/largeFilesToRemote/remote, dataSize=0, replicationType=null, replicationFactor=null, keyLocationInfo=null} | ret=SUCCESS |  
2019-09-20 08:44:59,238 | INFO  | OMAudit | user=jenkins1000 | ip=127.0.0.1 | op=GET_FILE_STATUS {volume=volume33664, bucket=bucket91737, key=test/ITestOzoneContractDistCp/largeFilesToRemote/remote, dataSize=0, replicationType=null, replicationFactor=null, keyLocationInfo=null} | ret=SUCCESS |  
2019-09-20 08:44:59,240 | INFO  | OMAudit | user=jenkins1000 | ip=127.0.0.1 | op=LIST_KEYS {volume=volume33664, bucket=bucket91737, startKey=, maxKeys=1000, keyPrefix=test/ITestOzoneContractDistCp/largeFilesToRemote/remote/} | ret=SUCCESS |  
2019-09-20 08:44:59,245 | INFO  | OMAudit | user=jenkins1000 | ip=127.0.0.1 | op=DELETE_KEY {volume=volume33664, bucket=bucket91737, key=test/ITestOzoneContractDistCp/largeFilesToRemote/remote/, dataSize=0, replicationType=null, replicationFactor=null, keyLocationInfo=null} | ret=SUCCESS |  
2019-09-20 08:44:59,247 | INFO  | OMAudit | user=jenkins1000 | ip=127.0.0.1 | op=LIST_KEYS {volume=volume33664, bucket=bucket91737, startKey=test/ITestOzoneContractDistCp/largeFilesToRemote/remote/, maxKeys=1000, keyPrefix=test/ITestOzoneContractDistCp/largeFilesToRemote/remote/} | ret=SUCCESS |  
2019-09-20 08:44:59,249 | ERROR | OMAudit | user=jenkins1000 | ip=127.0.0.1 | op=GET_FILE_STATUS {volume=volume33664, bucket=bucket91737, key=test/ITestOzoneContractDistCp/largeFilesToRemote, dataSize=0, replicationType=null, replicationFactor=null, keyLocationInfo=null} | ret=FAILURE | FILE_NOT_FOUND org.apache.hadoop.ozone.om.exceptions.OMException: Unable to get file status: volume: volume33664 bucket: bucket91737 key: test/ITestOzoneContractDistCp/largeFilesToRemote
	at org.apache.hadoop.ozone.om.KeyManagerImpl.getFileStatus(KeyManagerImpl.java:1655)
	at org.apache.hadoop.ozone.om.OzoneManager.getFileStatus(OzoneManager.java:2868) 
2019-09-20 08:44:59,252 | INFO  | OMAudit | user=jenkins1000 | ip=127.0.0.1 | op=CREATE_DIRECTORY {volume=volume33664, bucket=bucket91737, key=test/ITestOzoneContractDistCp/largeFilesToRemote/, dataSize=0, replicationType=null, replicationFactor=null, keyLocationInfo=null} | ret=SUCCESS |  
2019-09-20 08:44:59,252 [Thread-584] INFO  contract.AbstractFSContractTestBase (AbstractFSContractTestBase.java:describe(255)) - copy multiple large files from local to remote
2019-09-20 08:44:59,263 [Thread-584] INFO  contract.AbstractFSContractTestBase (AbstractContractDistCpTest.java:largeFiles(526)) - largeFilesToRemote with file size 1
2019-09-20 08:44:59,404 [Thread-584] INFO  impl.MetricsSystemImpl (MetricsSystemImpl.java:init(158)) - JobTracker metrics system started (again)
2019-09-20 08:44:59,414 [Thread-584] INFO  impl.MetricsSystemImpl (MetricsSystemImpl.java:init(158)) - JobTracker metrics system started (again)
2019-09-20 08:44:59,426 | ERROR | OMAudit | user=jenkins1000 | ip=127.0.0.1 | op=GET_FILE_STATUS {volume=volume33664, bucket=bucket91737, key=test/ITestOzoneContractDistCp/largeFilesToRemote/remote/outputDir, dataSize=0, replicationType=null, replicationFactor=null, keyLocationInfo=null} | ret=FAILURE | FILE_NOT_FOUND org.apache.hadoop.ozone.om.exceptions.OMException: Unable to get file status: volume: volume33664 bucket: bucket91737 key: test/ITestOzoneContractDistCp/largeFilesToRemote/remote/outputDir
	at org.apache.hadoop.ozone.om.KeyManagerImpl.getFileStatus(KeyManagerImpl.java:1655)
	at org.apache.hadoop.ozone.om.OzoneManager.getFileStatus(OzoneManager.java:2868) 
2019-09-20 08:44:59,466 | INFO  | SCMAudit | user=jenkins1000 | ip=192.168.36.79 | op=SEND_HEARTBEAT {datanodeUUID=75feff7d-6f48-4002-b580-45a21ea734c6, command=[]} | ret=SUCCESS |  
2019-09-20 08:44:59,469 [Thread-584] INFO  tools.SimpleCopyListing (SimpleCopyListing.java:printStats(608)) - Paths (files+dirs) cnt = 4; dirCnt = 1
2019-09-20 08:44:59,470 [Thread-584] INFO  tools.SimpleCopyListing (SimpleCopyListing.java:doBuildListing(402)) - Build file listing completed.
2019-09-20 08:44:59,474 | INFO  | SCMAudit | user=jenkins1000 | ip=192.168.36.79 | op=SEND_HEARTBEAT {datanodeUUID=b892e876-f5ae-410a-9dfd-4f07fd940729, command=[]} | ret=SUCCESS |  
2019-09-20 08:44:59,481 [Thread-584] INFO  tools.DistCp (CopyListing.java:buildListing(94)) - Number of paths in the copy list: 4
2019-09-20 08:44:59,486 | INFO  | SCMAudit | user=jenkins1000 | ip=192.168.36.79 | op=SEND_HEARTBEAT {datanodeUUID=aa30552f-ad30-4fe7-9018-411c04218958, command=[]} | ret=SUCCESS |  
2019-09-20 08:44:59,492 [Thread-584] INFO  tools.DistCp (CopyListing.java:buildListing(94)) - Number of paths in the copy list: 4
2019-09-20 08:44:59,494 [Thread-584] INFO  impl.MetricsSystemImpl (MetricsSystemImpl.java:init(158)) - JobTracker metrics system started (again)
2019-09-20 08:44:59,504 [Thread-584] WARN  mapreduce.JobResourceUploader (JobResourceUploader.java:uploadResourcesInternal(147)) - Hadoop command-line option parsing not performed. Implement the Tool interface and execute your application with ToolRunner to remedy this.
2019-09-20 08:44:59,563 [Thread-584] INFO  mapreduce.JobSubmitter (JobSubmitter.java:submitJobInternal(202)) - number of splits:2
2019-09-20 08:44:59,629 [Thread-584] INFO  mapreduce.JobSubmitter (JobSubmitter.java:printTokens(298)) - Submitting tokens for job: job_local461659686_0003
2019-09-20 08:44:59,629 [Thread-584] INFO  mapreduce.JobSubmitter (JobSubmitter.java:printTokens(299)) - Executing with tokens: []
2019-09-20 08:44:59,726 | INFO  | SCMAudit | user=jenkins1000 | ip=192.168.36.79 | op=SEND_HEARTBEAT {datanodeUUID=a4a73c82-9756-45ac-afed-7299ac804f25, command=[]} | ret=SUCCESS |  
2019-09-20 08:44:59,743 [Thread-584] INFO  mapreduce.Job (Job.java:submit(1574)) - The url to track the job: http://localhost:8080/
2019-09-20 08:44:59,746 [Thread-584] INFO  tools.DistCp (DistCp.java:createAndSubmitJob(217)) - DistCp job-id: job_local461659686_0003
2019-09-20 08:44:59,746 [Thread-631] INFO  mapred.LocalJobRunner (LocalJobRunner.java:createOutputCommitter(501)) - OutputCommitter set in config null
2019-09-20 08:44:59,746 [Thread-584] INFO  mapreduce.Job (Job.java:monitorAndPrintJob(1619)) - Running job: job_local461659686_0003
2019-09-20 08:44:59,746 [Thread-631] INFO  output.FileOutputCommitter (FileOutputCommitter.java:<init>(140)) - File Output Committer Algorithm version is 2
2019-09-20 08:44:59,747 [Thread-631] INFO  output.FileOutputCommitter (FileOutputCommitter.java:<init>(155)) - FileOutputCommitter skip cleanup _temporary folders under output directory:false, ignore cleanup failures: false
2019-09-20 08:44:59,747 [Thread-631] INFO  mapred.LocalJobRunner (LocalJobRunner.java:createOutputCommitter(519)) - OutputCommitter is org.apache.hadoop.tools.mapred.CopyCommitter
2019-09-20 08:44:59,974 | INFO  | SCMAudit | user=jenkins1000 | ip=192.168.36.79 | op=SEND_HEARTBEAT {datanodeUUID=9123b815-6bfa-48f7-ade2-b84cdc033afa, command=[]} | ret=SUCCESS |  
2019-09-20 08:45:00,007 [Thread-631] INFO  mapred.LocalJobRunner (LocalJobRunner.java:runTasks(478)) - Waiting for map tasks
2019-09-20 08:45:00,007 [LocalJobRunner Map Task Executor #0] INFO  mapred.LocalJobRunner (LocalJobRunner.java:run(252)) - Starting task: attempt_local461659686_0003_m_000000_0
2019-09-20 08:45:00,008 [LocalJobRunner Map Task Executor #0] INFO  output.FileOutputCommitter (FileOutputCommitter.java:<init>(140)) - File Output Committer Algorithm version is 2
2019-09-20 08:45:00,009 [LocalJobRunner Map Task Executor #0] INFO  output.FileOutputCommitter (FileOutputCommitter.java:<init>(155)) - FileOutputCommitter skip cleanup _temporary folders under output directory:false, ignore cleanup failures: false
2019-09-20 08:45:00,009 [LocalJobRunner Map Task Executor #0] INFO  mapred.Task (Task.java:initialize(626)) -  Using ResourceCalculatorProcessTree : [ ]
2019-09-20 08:45:00,010 [LocalJobRunner Map Task Executor #0] INFO  mapred.MapTask (MapTask.java:runNewMapper(768)) - Processing split: file:/tmp/hadoop/mapred/staging/jenkins10001047836408/.staging/_distcp-1072168159/fileList.seq:0+780
2019-09-20 08:45:00,012 [LocalJobRunner Map Task Executor #0] INFO  output.FileOutputCommitter (FileOutputCommitter.java:<init>(140)) - File Output Committer Algorithm version is 2
2019-09-20 08:45:00,012 [LocalJobRunner Map Task Executor #0] INFO  output.FileOutputCommitter (FileOutputCommitter.java:<init>(155)) - FileOutputCommitter skip cleanup _temporary folders under output directory:false, ignore cleanup failures: false
2019-09-20 08:45:00,035 | ERROR | OMAudit | user=jenkins1000 | ip=127.0.0.1 | op=GET_FILE_STATUS {volume=volume33664, bucket=bucket91737, key=test/ITestOzoneContractDistCp/largeFilesToRemote/remote/outputDir, dataSize=0, replicationType=null, replicationFactor=null, keyLocationInfo=null} | ret=FAILURE | FILE_NOT_FOUND org.apache.hadoop.ozone.om.exceptions.OMException: Unable to get file status: volume: volume33664 bucket: bucket91737 key: test/ITestOzoneContractDistCp/largeFilesToRemote/remote/outputDir
	at org.apache.hadoop.ozone.om.KeyManagerImpl.getFileStatus(KeyManagerImpl.java:1655)
	at org.apache.hadoop.ozone.om.OzoneManager.getFileStatus(OzoneManager.java:2868) 
2019-09-20 08:45:00,036 [LocalJobRunner Map Task Executor #0] INFO  mapred.CopyMapper (CopyMapper.java:map(154)) - Copying file:/workdir/hadoop-ozone/ozonefs/target/test-dir/ITestOzoneContractDistCp/largeFilesToRemote/local/inputDir to o3fs://bucket91737.volume33664/test/ITestOzoneContractDistCp/largeFilesToRemote/remote/outputDir/inputDir
2019-09-20 08:45:00,045 | ERROR | OMAudit | user=jenkins1000 | ip=127.0.0.1 | op=GET_FILE_STATUS {volume=volume33664, bucket=bucket91737, key=test/ITestOzoneContractDistCp/largeFilesToRemote/remote/outputDir/inputDir, dataSize=0, replicationType=null, replicationFactor=null, keyLocationInfo=null} | ret=FAILURE | FILE_NOT_FOUND org.apache.hadoop.ozone.om.exceptions.OMException: Unable to get file status: volume: volume33664 bucket: bucket91737 key: test/ITestOzoneContractDistCp/largeFilesToRemote/remote/outputDir/inputDir
	at org.apache.hadoop.ozone.om.KeyManagerImpl.getFileStatus(KeyManagerImpl.java:1655)
	at org.apache.hadoop.ozone.om.OzoneManager.getFileStatus(OzoneManager.java:2868) 
2019-09-20 08:45:00,048 | INFO  | OMAudit | user=jenkins1000 | ip=127.0.0.1 | op=CREATE_DIRECTORY {volume=volume33664, bucket=bucket91737, key=test/ITestOzoneContractDistCp/largeFilesToRemote/remote/outputDir/inputDir, dataSize=0, replicationType=null, replicationFactor=null, keyLocationInfo=null} | ret=SUCCESS |  
2019-09-20 08:45:00,049 [LocalJobRunner Map Task Executor #0] INFO  mapred.CopyMapper (CopyMapper.java:map(154)) - Copying file:/workdir/hadoop-ozone/ozonefs/target/test-dir/ITestOzoneContractDistCp/largeFilesToRemote/local/inputDir/file1 to o3fs://bucket91737.volume33664/test/ITestOzoneContractDistCp/largeFilesToRemote/remote/outputDir/inputDir/file1
2019-09-20 08:45:00,056 | ERROR | OMAudit | user=jenkins1000 | ip=127.0.0.1 | op=GET_FILE_STATUS {volume=volume33664, bucket=bucket91737, key=test/ITestOzoneContractDistCp/largeFilesToRemote/remote/outputDir/inputDir/file1, dataSize=0, replicationType=null, replicationFactor=null, keyLocationInfo=null} | ret=FAILURE | FILE_NOT_FOUND org.apache.hadoop.ozone.om.exceptions.OMException: Unable to get file status: volume: volume33664 bucket: bucket91737 key: test/ITestOzoneContractDistCp/largeFilesToRemote/remote/outputDir/inputDir/file1
	at org.apache.hadoop.ozone.om.KeyManagerImpl.getFileStatus(KeyManagerImpl.java:1655)
	at org.apache.hadoop.ozone.om.OzoneManager.getFileStatus(OzoneManager.java:2868) 
2019-09-20 08:45:00,057 [LocalJobRunner Map Task Executor #0] INFO  mapred.RetriableFileCopyCommand (RetriableFileCopyCommand.java:getTmpFile(260)) - Creating temp file: o3fs://bucket91737.volume33664/test/ITestOzoneContractDistCp/largeFilesToRemote/remote/outputDir/.distcp.tmp.attempt_local461659686_0003_m_000000_0
2019-09-20 08:45:00,063 [IPC Server handler 1 on 45031] INFO  pipeline.PipelinePlacementPolicy (PipelinePlacementPolicy.java:meetCriteria(91)) - Pipeline Placement: Doesn't meet the criteria to be viable node： aa30552f-ad30-4fe7-9018-411c04218958 Heaviness: 6 limit: 5
2019-09-20 08:45:00,063 [IPC Server handler 1 on 45031] INFO  pipeline.PipelinePlacementPolicy (PipelinePlacementPolicy.java:meetCriteria(91)) - Pipeline Placement: Doesn't meet the criteria to be viable node： b892e876-f5ae-410a-9dfd-4f07fd940729 Heaviness: 6 limit: 5
2019-09-20 08:45:00,063 [IPC Server handler 1 on 45031] INFO  pipeline.PipelinePlacementPolicy (PipelinePlacementPolicy.java:meetCriteria(91)) - Pipeline Placement: Doesn't meet the criteria to be viable node： 75feff7d-6f48-4002-b580-45a21ea734c6 Heaviness: 6 limit: 5
2019-09-20 08:45:00,064 [IPC Server handler 1 on 45031] INFO  pipeline.PipelinePlacementPolicy (PipelinePlacementPolicy.java:meetCriteria(91)) - Pipeline Placement: Doesn't meet the criteria to be viable node： 9123b815-6bfa-48f7-ade2-b84cdc033afa Heaviness: 6 limit: 5
2019-09-20 08:45:00,064 [IPC Server handler 1 on 45031] INFO  pipeline.PipelinePlacementPolicy (PipelinePlacementPolicy.java:meetCriteria(91)) - Pipeline Placement: Doesn't meet the criteria to be viable node： a4a73c82-9756-45ac-afed-7299ac804f25 Heaviness: 6 limit: 5
2019-09-20 08:45:00,064 [IPC Server handler 1 on 45031] ERROR pipeline.PipelinePlacementPolicy (PipelinePlacementPolicy.java:filterViableNodes(148)) - Unable to find enough nodes that meet the criteria that cannot engage in more than 5 pipelines. Nodes required: 3 Found: 0, healthy nodes count inNodeManager: 5.
2019-09-20 08:45:00,064 [IPC Server handler 1 on 45031] ERROR pipeline.SCMPipelineManager (SCMPipelineManager.java:createPipeline(161)) - Pipeline creation failed due to exception: Unable to find enough nodes that meet the criteria that cannot engage in more than 5 pipelines. Nodes required: 3 Found: 0, healthy nodes count inNodeManager: 5.
2019-09-20 08:45:00,064 [IPC Server handler 1 on 45031] WARN  block.BlockManagerImpl (BlockManagerImpl.java:allocateBlock(192)) - Pipeline creation failed for type:RATIS factor:THREE. Retrying get pipelines call once.
org.apache.hadoop.hdds.scm.exceptions.SCMException: Unable to find enough nodes that meet the criteria that cannot engage in more than 5 pipelines. Nodes required: 3 Found: 0, healthy nodes count inNodeManager: 5.
	at org.apache.hadoop.hdds.scm.pipeline.PipelinePlacementPolicy.filterViableNodes(PipelinePlacementPolicy.java:149)
	at org.apache.hadoop.hdds.scm.pipeline.PipelinePlacementPolicy.chooseDatanodes(PipelinePlacementPolicy.java:172)
	at org.apache.hadoop.hdds.scm.pipeline.RatisPipelineProvider.create(RatisPipelineProvider.java:92)
	at org.apache.hadoop.hdds.scm.pipeline.PipelineFactory.create(PipelineFactory.java:57)
	at org.apache.hadoop.hdds.scm.pipeline.SCMPipelineManager.createPipeline(SCMPipelineManager.java:149)
	at org.apache.hadoop.hdds.scm.block.BlockManagerImpl.allocateBlock(BlockManagerImpl.java:190)
	at org.apache.hadoop.hdds.scm.server.SCMBlockProtocolServer.allocateBlock(SCMBlockProtocolServer.java:175)
	at org.apache.hadoop.ozone.protocolPB.ScmBlockLocationProtocolServerSideTranslatorPB.allocateScmBlock(ScmBlockLocationProtocolServerSideTranslatorPB.java:153)
	at org.apache.hadoop.ozone.protocolPB.ScmBlockLocationProtocolServerSideTranslatorPB.send(ScmBlockLocationProtocolServerSideTranslatorPB.java:112)
	at org.apache.hadoop.hdds.protocol.proto.ScmBlockLocationProtocolProtos$ScmBlockLocationProtocolService$2.callBlockingMethod(ScmBlockLocationProtocolProtos.java:13157)
	at org.apache.hadoop.ipc.ProtobufRpcEngine$Server$ProtoBufRpcInvoker.call(ProtobufRpcEngine.java:524)
	at org.apache.hadoop.ipc.RPC$Server.call(RPC.java:1025)
	at org.apache.hadoop.ipc.Server$RpcCall.run(Server.java:876)
	at org.apache.hadoop.ipc.Server$RpcCall.run(Server.java:822)
	at java.security.AccessController.doPrivileged(Native Method)
	at javax.security.auth.Subject.doAs(Subject.java:422)
	at org.apache.hadoop.security.UserGroupInformation.doAs(UserGroupInformation.java:1730)
	at org.apache.hadoop.ipc.Server$Handler.run(Server.java:2682)
2019-09-20 08:45:00,065 [IPC Server handler 1 on 45031] INFO  block.BlockManagerImpl (BlockManagerImpl.java:allocateBlock(198)) - Could not find available pipeline of type:RATIS and factor:THREE even after retrying
2019-09-20 08:45:00,065 [IPC Server handler 1 on 45031] ERROR block.BlockManagerImpl (BlockManagerImpl.java:allocateBlock(222)) - Unable to allocate a block for the size: 4194304, type: RATIS, factor: THREE
2019-09-20 08:45:00,065 | INFO  | SCMAudit | user=jenkins1000 | ip=192.168.36.79 | op=ALLOCATE_BLOCK {owner=a1d0c9a2-9b67-4af3-a1f8-8c5669c9b817, size=4194304, type=RATIS, factor=THREE} | ret=SUCCESS |  
2019-09-20 08:45:00,066 | ERROR | OMAudit | user=jenkins1000 | ip=127.0.0.1 | op=CREATE_FILE {volume=volume33664, bucket=bucket91737, key=test/ITestOzoneContractDistCp/largeFilesToRemote/remote/outputDir/.distcp.tmp.attempt_local461659686_0003_m_000000_0, dataSize=0, replicationType=RATIS, replicationFactor=THREE, keyLocationInfo=null} | ret=FAILURE | org.apache.hadoop.hdds.scm.exceptions.SCMException: Allocated 0 blocks. Requested 1 blocks
	at org.apache.hadoop.hdds.scm.protocolPB.ScmBlockLocationProtocolClientSideTranslatorPB.handleError(ScmBlockLocationProtocolClientSideTranslatorPB.java:118)
	at org.apache.hadoop.hdds.scm.protocolPB.ScmBlockLocationProtocolClientSideTranslatorPB.allocateBlock(ScmBlockLocationProtocolClientSideTranslatorPB.java:156) 
2019-09-20 08:45:00,074 | ERROR | OMAudit | user=jenkins1000 | ip=127.0.0.1 | op=GET_FILE_STATUS {volume=volume33664, bucket=bucket91737, key=test/ITestOzoneContractDistCp/largeFilesToRemote/remote/outputDir/.distcp.tmp.attempt_local461659686_0003_m_000000_0, dataSize=0, replicationType=null, replicationFactor=null, keyLocationInfo=null} | ret=FAILURE | FILE_NOT_FOUND org.apache.hadoop.ozone.om.exceptions.OMException: Unable to get file status: volume: volume33664 bucket: bucket91737 key: test/ITestOzoneContractDistCp/largeFilesToRemote/remote/outputDir/.distcp.tmp.attempt_local461659686_0003_m_000000_0
	at org.apache.hadoop.ozone.om.KeyManagerImpl.getFileStatus(KeyManagerImpl.java:1655)
	at org.apache.hadoop.ozone.om.OzoneManager.getFileStatus(OzoneManager.java:2868) 
2019-09-20 08:45:00,075 [LocalJobRunner Map Task Executor #0] WARN  ozone.BasicOzoneFileSystem (BasicOzoneFileSystem.java:delete(437)) - delete: Path does not exist: o3fs://bucket91737.volume33664/test/ITestOzoneContractDistCp/largeFilesToRemote/remote/outputDir/.distcp.tmp.attempt_local461659686_0003_m_000000_0
2019-09-20 08:45:00,076 [LocalJobRunner Map Task Executor #0] ERROR util.RetriableCommand (RetriableCommand.java:execute(89)) - Failure in Retriable command: Copying file:/workdir/hadoop-ozone/ozonefs/target/test-dir/ITestOzoneContractDistCp/largeFilesToRemote/local/inputDir/file1 to o3fs://bucket91737.volume33664/test/ITestOzoneContractDistCp/largeFilesToRemote/remote/outputDir/inputDir/file1
INTERNAL_ERROR org.apache.hadoop.ozone.om.exceptions.OMException: Allocated 0 blocks. Requested 1 blocks
	at org.apache.hadoop.ozone.om.protocolPB.OzoneManagerProtocolClientSideTranslatorPB.handleError(OzoneManagerProtocolClientSideTranslatorPB.java:725)
	at org.apache.hadoop.ozone.om.protocolPB.OzoneManagerProtocolClientSideTranslatorPB.createFile(OzoneManagerProtocolClientSideTranslatorPB.java:1474)
	at org.apache.hadoop.ozone.client.rpc.RpcClient.createFile(RpcClient.java:984)
	at org.apache.hadoop.ozone.client.OzoneBucket.createFile(OzoneBucket.java:535)
	at org.apache.hadoop.fs.ozone.BasicOzoneClientAdapterImpl.createFile(BasicOzoneClientAdapterImpl.java:181)
	at org.apache.hadoop.fs.ozone.BasicOzoneFileSystem.createOutputStream(BasicOzoneFileSystem.java:249)
	at org.apache.hadoop.fs.ozone.BasicOzoneFileSystem.create(BasicOzoneFileSystem.java:230)
	at org.apache.hadoop.fs.FileSystem.create(FileSystem.java:1195)
	at org.apache.hadoop.tools.mapred.RetriableFileCopyCommand.copyToFile(RetriableFileCopyCommand.java:184)
	at org.apache.hadoop.tools.mapred.RetriableFileCopyCommand.doCopy(RetriableFileCopyCommand.java:123)
	at org.apache.hadoop.tools.mapred.RetriableFileCopyCommand.doExecute(RetriableFileCopyCommand.java:99)
	at org.apache.hadoop.tools.util.RetriableCommand.execute(RetriableCommand.java:87)
	at org.apache.hadoop.tools.mapred.CopyMapper.copyFileWithRetry(CopyMapper.java:256)
	at org.apache.hadoop.tools.mapred.CopyMapper.map(CopyMapper.java:217)
	at org.apache.hadoop.tools.mapred.CopyMapper.map(CopyMapper.java:48)
	at org.apache.hadoop.mapreduce.Mapper.run(Mapper.java:146)
	at org.apache.hadoop.mapred.MapTask.runNewMapper(MapTask.java:799)
	at org.apache.hadoop.mapred.MapTask.run(MapTask.java:347)
	at org.apache.hadoop.mapred.LocalJobRunner$Job$MapTaskRunnable.run(LocalJobRunner.java:271)
	at java.util.concurrent.Executors$RunnableAdapter.call(Executors.java:511)
	at java.util.concurrent.FutureTask.run(FutureTask.java:266)
	at java.util.concurrent.ThreadPoolExecutor.runWorker(ThreadPoolExecutor.java:1149)
	at java.util.concurrent.ThreadPoolExecutor$Worker.run(ThreadPoolExecutor.java:624)
	at java.lang.Thread.run(Thread.java:748)
2019-09-20 08:45:00,467 | INFO  | SCMAudit | user=jenkins1000 | ip=192.168.36.79 | op=SEND_HEARTBEAT {datanodeUUID=75feff7d-6f48-4002-b580-45a21ea734c6, command=[]} | ret=SUCCESS |  
2019-09-20 08:45:00,473 | INFO  | SCMAudit | user=jenkins1000 | ip=192.168.36.79 | op=SEND_HEARTBEAT {datanodeUUID=b892e876-f5ae-410a-9dfd-4f07fd940729, command=[]} | ret=SUCCESS |  
2019-09-20 08:45:00,487 | INFO  | SCMAudit | user=jenkins1000 | ip=192.168.36.79 | op=SEND_HEARTBEAT {datanodeUUID=aa30552f-ad30-4fe7-9018-411c04218958, command=[]} | ret=SUCCESS |  
2019-09-20 08:45:00,727 | INFO  | SCMAudit | user=jenkins1000 | ip=192.168.36.79 | op=SEND_HEARTBEAT {datanodeUUID=a4a73c82-9756-45ac-afed-7299ac804f25, command=[]} | ret=SUCCESS |  
2019-09-20 08:45:00,747 [Thread-584] INFO  mapreduce.Job (Job.java:monitorAndPrintJob(1640)) - Job job_local461659686_0003 running in uber mode : false
2019-09-20 08:45:00,747 [Thread-584] INFO  mapreduce.Job (Job.java:monitorAndPrintJob(1647)) -  map 0% reduce 0%
2019-09-20 08:45:00,974 | INFO  | SCMAudit | user=jenkins1000 | ip=192.168.36.79 | op=SEND_HEARTBEAT {datanodeUUID=9123b815-6bfa-48f7-ade2-b84cdc033afa, command=[]} | ret=SUCCESS |  
2019-09-20 08:45:01,161 [LocalJobRunner Map Task Executor #0] INFO  mapred.RetriableFileCopyCommand (RetriableFileCopyCommand.java:getTmpFile(260)) - Creating temp file: o3fs://bucket91737.volume33664/test/ITestOzoneContractDistCp/largeFilesToRemote/remote/outputDir/.distcp.tmp.attempt_local461659686_0003_m_000000_0
2019-09-20 08:45:01,165 [IPC Server handler 16 on 45031] INFO  pipeline.PipelinePlacementPolicy (PipelinePlacementPolicy.java:meetCriteria(91)) - Pipeline Placement: Doesn't meet the criteria to be viable node： aa30552f-ad30-4fe7-9018-411c04218958 Heaviness: 6 limit: 5
2019-09-20 08:45:01,165 [IPC Server handler 16 on 45031] INFO  pipeline.PipelinePlacementPolicy (PipelinePlacementPolicy.java:meetCriteria(91)) - Pipeline Placement: Doesn't meet the criteria to be viable node： b892e876-f5ae-410a-9dfd-4f07fd940729 Heaviness: 6 limit: 5
2019-09-20 08:45:01,166 [IPC Server handler 16 on 45031] INFO  pipeline.PipelinePlacementPolicy (PipelinePlacementPolicy.java:meetCriteria(91)) - Pipeline Placement: Doesn't meet the criteria to be viable node： 75feff7d-6f48-4002-b580-45a21ea734c6 Heaviness: 6 limit: 5
2019-09-20 08:45:01,166 [IPC Server handler 16 on 45031] INFO  pipeline.PipelinePlacementPolicy (PipelinePlacementPolicy.java:meetCriteria(91)) - Pipeline Placement: Doesn't meet the criteria to be viable node： 9123b815-6bfa-48f7-ade2-b84cdc033afa Heaviness: 6 limit: 5
2019-09-20 08:45:01,166 [IPC Server handler 16 on 45031] INFO  pipeline.PipelinePlacementPolicy (PipelinePlacementPolicy.java:meetCriteria(91)) - Pipeline Placement: Doesn't meet the criteria to be viable node： a4a73c82-9756-45ac-afed-7299ac804f25 Heaviness: 6 limit: 5
2019-09-20 08:45:01,166 [IPC Server handler 16 on 45031] ERROR pipeline.PipelinePlacementPolicy (PipelinePlacementPolicy.java:filterViableNodes(148)) - Unable to find enough nodes that meet the criteria that cannot engage in more than 5 pipelines. Nodes required: 3 Found: 0, healthy nodes count inNodeManager: 5.
2019-09-20 08:45:01,166 [IPC Server handler 16 on 45031] ERROR pipeline.SCMPipelineManager (SCMPipelineManager.java:createPipeline(161)) - Pipeline creation failed due to exception: Unable to find enough nodes that meet the criteria that cannot engage in more than 5 pipelines. Nodes required: 3 Found: 0, healthy nodes count inNodeManager: 5.
2019-09-20 08:45:01,167 [IPC Server handler 16 on 45031] WARN  block.BlockManagerImpl (BlockManagerImpl.java:allocateBlock(192)) - Pipeline creation failed for type:RATIS factor:THREE. Retrying get pipelines call once.
org.apache.hadoop.hdds.scm.exceptions.SCMException: Unable to find enough nodes that meet the criteria that cannot engage in more than 5 pipelines. Nodes required: 3 Found: 0, healthy nodes count inNodeManager: 5.
	at org.apache.hadoop.hdds.scm.pipeline.PipelinePlacementPolicy.filterViableNodes(PipelinePlacementPolicy.java:149)
	at org.apache.hadoop.hdds.scm.pipeline.PipelinePlacementPolicy.chooseDatanodes(PipelinePlacementPolicy.java:172)
	at org.apache.hadoop.hdds.scm.pipeline.RatisPipelineProvider.create(RatisPipelineProvider.java:92)
	at org.apache.hadoop.hdds.scm.pipeline.PipelineFactory.create(PipelineFactory.java:57)
	at org.apache.hadoop.hdds.scm.pipeline.SCMPipelineManager.createPipeline(SCMPipelineManager.java:149)
	at org.apache.hadoop.hdds.scm.block.BlockManagerImpl.allocateBlock(BlockManagerImpl.java:190)
	at org.apache.hadoop.hdds.scm.server.SCMBlockProtocolServer.allocateBlock(SCMBlockProtocolServer.java:175)
	at org.apache.hadoop.ozone.protocolPB.ScmBlockLocationProtocolServerSideTranslatorPB.allocateScmBlock(ScmBlockLocationProtocolServerSideTranslatorPB.java:153)
	at org.apache.hadoop.ozone.protocolPB.ScmBlockLocationProtocolServerSideTranslatorPB.send(ScmBlockLocationProtocolServerSideTranslatorPB.java:112)
	at org.apache.hadoop.hdds.protocol.proto.ScmBlockLocationProtocolProtos$ScmBlockLocationProtocolService$2.callBlockingMethod(ScmBlockLocationProtocolProtos.java:13157)
	at org.apache.hadoop.ipc.ProtobufRpcEngine$Server$ProtoBufRpcInvoker.call(ProtobufRpcEngine.java:524)
	at org.apache.hadoop.ipc.RPC$Server.call(RPC.java:1025)
	at org.apache.hadoop.ipc.Server$RpcCall.run(Server.java:876)
	at org.apache.hadoop.ipc.Server$RpcCall.run(Server.java:822)
	at java.security.AccessController.doPrivileged(Native Method)
	at javax.security.auth.Subject.doAs(Subject.java:422)
	at org.apache.hadoop.security.UserGroupInformation.doAs(UserGroupInformation.java:1730)
	at org.apache.hadoop.ipc.Server$Handler.run(Server.java:2682)
2019-09-20 08:45:01,167 [IPC Server handler 16 on 45031] INFO  block.BlockManagerImpl (BlockManagerImpl.java:allocateBlock(198)) - Could not find available pipeline of type:RATIS and factor:THREE even after retrying
2019-09-20 08:45:01,167 [IPC Server handler 16 on 45031] ERROR block.BlockManagerImpl (BlockManagerImpl.java:allocateBlock(222)) - Unable to allocate a block for the size: 4194304, type: RATIS, factor: THREE
2019-09-20 08:45:01,168 | INFO  | SCMAudit | user=jenkins1000 | ip=192.168.36.79 | op=ALLOCATE_BLOCK {owner=a1d0c9a2-9b67-4af3-a1f8-8c5669c9b817, size=4194304, type=RATIS, factor=THREE} | ret=SUCCESS |  
2019-09-20 08:45:01,168 | ERROR | OMAudit | user=jenkins1000 | ip=127.0.0.1 | op=CREATE_FILE {volume=volume33664, bucket=bucket91737, key=test/ITestOzoneContractDistCp/largeFilesToRemote/remote/outputDir/.distcp.tmp.attempt_local461659686_0003_m_000000_0, dataSize=0, replicationType=RATIS, replicationFactor=THREE, keyLocationInfo=null} | ret=FAILURE | org.apache.hadoop.hdds.scm.exceptions.SCMException: Allocated 0 blocks. Requested 1 blocks
	at org.apache.hadoop.hdds.scm.protocolPB.ScmBlockLocationProtocolClientSideTranslatorPB.handleError(ScmBlockLocationProtocolClientSideTranslatorPB.java:118)
	at org.apache.hadoop.hdds.scm.protocolPB.ScmBlockLocationProtocolClientSideTranslatorPB.allocateBlock(ScmBlockLocationProtocolClientSideTranslatorPB.java:156) 
2019-09-20 08:45:01,171 | ERROR | OMAudit | user=jenkins1000 | ip=127.0.0.1 | op=GET_FILE_STATUS {volume=volume33664, bucket=bucket91737, key=test/ITestOzoneContractDistCp/largeFilesToRemote/remote/outputDir/.distcp.tmp.attempt_local461659686_0003_m_000000_0, dataSize=0, replicationType=null, replicationFactor=null, keyLocationInfo=null} | ret=FAILURE | FILE_NOT_FOUND org.apache.hadoop.ozone.om.exceptions.OMException: Unable to get file status: volume: volume33664 bucket: bucket91737 key: test/ITestOzoneContractDistCp/largeFilesToRemote/remote/outputDir/.distcp.tmp.attempt_local461659686_0003_m_000000_0
	at org.apache.hadoop.ozone.om.KeyManagerImpl.getFileStatus(KeyManagerImpl.java:1655)
	at org.apache.hadoop.ozone.om.OzoneManager.getFileStatus(OzoneManager.java:2868) 
2019-09-20 08:45:01,172 [LocalJobRunner Map Task Executor #0] WARN  ozone.BasicOzoneFileSystem (BasicOzoneFileSystem.java:delete(437)) - delete: Path does not exist: o3fs://bucket91737.volume33664/test/ITestOzoneContractDistCp/largeFilesToRemote/remote/outputDir/.distcp.tmp.attempt_local461659686_0003_m_000000_0
2019-09-20 08:45:01,172 [LocalJobRunner Map Task Executor #0] ERROR util.RetriableCommand (RetriableCommand.java:execute(89)) - Failure in Retriable command: Copying file:/workdir/hadoop-ozone/ozonefs/target/test-dir/ITestOzoneContractDistCp/largeFilesToRemote/local/inputDir/file1 to o3fs://bucket91737.volume33664/test/ITestOzoneContractDistCp/largeFilesToRemote/remote/outputDir/inputDir/file1
INTERNAL_ERROR org.apache.hadoop.ozone.om.exceptions.OMException: Allocated 0 blocks. Requested 1 blocks
	at org.apache.hadoop.ozone.om.protocolPB.OzoneManagerProtocolClientSideTranslatorPB.handleError(OzoneManagerProtocolClientSideTranslatorPB.java:725)
	at org.apache.hadoop.ozone.om.protocolPB.OzoneManagerProtocolClientSideTranslatorPB.createFile(OzoneManagerProtocolClientSideTranslatorPB.java:1474)
	at org.apache.hadoop.ozone.client.rpc.RpcClient.createFile(RpcClient.java:984)
	at org.apache.hadoop.ozone.client.OzoneBucket.createFile(OzoneBucket.java:535)
	at org.apache.hadoop.fs.ozone.BasicOzoneClientAdapterImpl.createFile(BasicOzoneClientAdapterImpl.java:181)
	at org.apache.hadoop.fs.ozone.BasicOzoneFileSystem.createOutputStream(BasicOzoneFileSystem.java:249)
	at org.apache.hadoop.fs.ozone.BasicOzoneFileSystem.create(BasicOzoneFileSystem.java:230)
	at org.apache.hadoop.fs.FileSystem.create(FileSystem.java:1195)
	at org.apache.hadoop.tools.mapred.RetriableFileCopyCommand.copyToFile(RetriableFileCopyCommand.java:184)
	at org.apache.hadoop.tools.mapred.RetriableFileCopyCommand.doCopy(RetriableFileCopyCommand.java:123)
	at org.apache.hadoop.tools.mapred.RetriableFileCopyCommand.doExecute(RetriableFileCopyCommand.java:99)
	at org.apache.hadoop.tools.util.RetriableCommand.execute(RetriableCommand.java:87)
	at org.apache.hadoop.tools.mapred.CopyMapper.copyFileWithRetry(CopyMapper.java:256)
	at org.apache.hadoop.tools.mapred.CopyMapper.map(CopyMapper.java:217)
	at org.apache.hadoop.tools.mapred.CopyMapper.map(CopyMapper.java:48)
	at org.apache.hadoop.mapreduce.Mapper.run(Mapper.java:146)
	at org.apache.hadoop.mapred.MapTask.runNewMapper(MapTask.java:799)
	at org.apache.hadoop.mapred.MapTask.run(MapTask.java:347)
	at org.apache.hadoop.mapred.LocalJobRunner$Job$MapTaskRunnable.run(LocalJobRunner.java:271)
	at java.util.concurrent.Executors$RunnableAdapter.call(Executors.java:511)
	at java.util.concurrent.FutureTask.run(FutureTask.java:266)
	at java.util.concurrent.ThreadPoolExecutor.runWorker(ThreadPoolExecutor.java:1149)
	at java.util.concurrent.ThreadPoolExecutor$Worker.run(ThreadPoolExecutor.java:624)
	at java.lang.Thread.run(Thread.java:748)
2019-09-20 08:45:01,467 | INFO  | SCMAudit | user=jenkins1000 | ip=192.168.36.79 | op=SEND_HEARTBEAT {datanodeUUID=75feff7d-6f48-4002-b580-45a21ea734c6, command=[]} | ret=SUCCESS |  
2019-09-20 08:45:01,474 | INFO  | SCMAudit | user=jenkins1000 | ip=192.168.36.79 | op=SEND_HEARTBEAT {datanodeUUID=b892e876-f5ae-410a-9dfd-4f07fd940729, command=[]} | ret=SUCCESS |  
2019-09-20 08:45:01,487 | INFO  | SCMAudit | user=jenkins1000 | ip=192.168.36.79 | op=SEND_HEARTBEAT {datanodeUUID=aa30552f-ad30-4fe7-9018-411c04218958, command=[]} | ret=SUCCESS |  
2019-09-20 08:45:01,727 | INFO  | SCMAudit | user=jenkins1000 | ip=192.168.36.79 | op=SEND_HEARTBEAT {datanodeUUID=a4a73c82-9756-45ac-afed-7299ac804f25, command=[]} | ret=SUCCESS |  
2019-09-20 08:45:01,974 | INFO  | SCMAudit | user=jenkins1000 | ip=192.168.36.79 | op=SEND_HEARTBEAT {datanodeUUID=9123b815-6bfa-48f7-ade2-b84cdc033afa, command=[]} | ret=SUCCESS |  
2019-09-20 08:45:02,045 [communication thread] INFO  mapred.LocalJobRunner (LocalJobRunner.java:statusUpdate(634)) - Copy Failure: file:/workdir/hadoop-ozone/ozonefs/target/test-dir/ITestOzoneContractDistCp/testTrackDeepDirectoryStructureToRemote/local/inputDir/file1 > map
2019-09-20 08:45:02,467 | INFO  | SCMAudit | user=jenkins1000 | ip=192.168.36.79 | op=SEND_HEARTBEAT {datanodeUUID=75feff7d-6f48-4002-b580-45a21ea734c6, command=[]} | ret=SUCCESS |  
2019-09-20 08:45:02,474 | INFO  | SCMAudit | user=jenkins1000 | ip=192.168.36.79 | op=SEND_HEARTBEAT {datanodeUUID=b892e876-f5ae-410a-9dfd-4f07fd940729, command=[]} | ret=SUCCESS |  
2019-09-20 08:45:02,486 | INFO  | SCMAudit | user=jenkins1000 | ip=192.168.36.79 | op=SEND_HEARTBEAT {datanodeUUID=aa30552f-ad30-4fe7-9018-411c04218958, command=[]} | ret=SUCCESS |  
2019-09-20 08:45:02,727 | INFO  | SCMAudit | user=jenkins1000 | ip=192.168.36.79 | op=SEND_HEARTBEAT {datanodeUUID=a4a73c82-9756-45ac-afed-7299ac804f25, command=[]} | ret=SUCCESS |  
2019-09-20 08:45:02,975 | INFO  | SCMAudit | user=jenkins1000 | ip=192.168.36.79 | op=SEND_HEARTBEAT {datanodeUUID=9123b815-6bfa-48f7-ade2-b84cdc033afa, command=[]} | ret=SUCCESS |  
2019-09-20 08:45:03,468 | INFO  | SCMAudit | user=jenkins1000 | ip=192.168.36.79 | op=SEND_HEARTBEAT {datanodeUUID=75feff7d-6f48-4002-b580-45a21ea734c6, command=[]} | ret=SUCCESS |  
2019-09-20 08:45:03,475 | INFO  | SCMAudit | user=jenkins1000 | ip=192.168.36.79 | op=SEND_HEARTBEAT {datanodeUUID=b892e876-f5ae-410a-9dfd-4f07fd940729, command=[]} | ret=SUCCESS |  
2019-09-20 08:45:03,487 | INFO  | SCMAudit | user=jenkins1000 | ip=192.168.36.79 | op=SEND_HEARTBEAT {datanodeUUID=aa30552f-ad30-4fe7-9018-411c04218958, command=[]} | ret=SUCCESS |  
2019-09-20 08:45:03,727 | INFO  | SCMAudit | user=jenkins1000 | ip=192.168.36.79 | op=SEND_HEARTBEAT {datanodeUUID=a4a73c82-9756-45ac-afed-7299ac804f25, command=[]} | ret=SUCCESS |  
2019-09-20 08:45:03,974 | INFO  | SCMAudit | user=jenkins1000 | ip=192.168.36.79 | op=SEND_HEARTBEAT {datanodeUUID=9123b815-6bfa-48f7-ade2-b84cdc033afa, command=[]} | ret=SUCCESS |  
2019-09-20 08:45:04,325 [communication thread] INFO  mapred.LocalJobRunner (LocalJobRunner.java:statusUpdate(634)) - Copy Failure: file:/workdir/hadoop-ozone/ozonefs/target/test-dir/ITestOzoneContractDistCp/testTrackDeepDirectoryStructureToRemote/local/inputDir/subDir1/file2 > map
2019-09-20 08:45:04,468 | INFO  | SCMAudit | user=jenkins1000 | ip=192.168.36.79 | op=SEND_HEARTBEAT {datanodeUUID=75feff7d-6f48-4002-b580-45a21ea734c6, command=[]} | ret=SUCCESS |  
2019-09-20 08:45:04,475 | INFO  | SCMAudit | user=jenkins1000 | ip=192.168.36.79 | op=SEND_HEARTBEAT {datanodeUUID=b892e876-f5ae-410a-9dfd-4f07fd940729, command=[]} | ret=SUCCESS |  
2019-09-20 08:45:04,487 | INFO  | SCMAudit | user=jenkins1000 | ip=192.168.36.79 | op=SEND_HEARTBEAT {datanodeUUID=aa30552f-ad30-4fe7-9018-411c04218958, command=[]} | ret=SUCCESS |  
2019-09-20 08:45:04,727 | INFO  | SCMAudit | user=jenkins1000 | ip=192.168.36.79 | op=SEND_HEARTBEAT {datanodeUUID=a4a73c82-9756-45ac-afed-7299ac804f25, command=[]} | ret=SUCCESS |  
2019-09-20 08:45:04,974 | INFO  | SCMAudit | user=jenkins1000 | ip=192.168.36.79 | op=SEND_HEARTBEAT {datanodeUUID=9123b815-6bfa-48f7-ade2-b84cdc033afa, command=[]} | ret=SUCCESS |  
2019-09-20 08:45:05,468 | INFO  | SCMAudit | user=jenkins1000 | ip=192.168.36.79 | op=SEND_HEARTBEAT {datanodeUUID=75feff7d-6f48-4002-b580-45a21ea734c6, command=[]} | ret=SUCCESS |  
2019-09-20 08:45:05,475 | INFO  | SCMAudit | user=jenkins1000 | ip=192.168.36.79 | op=SEND_HEARTBEAT {datanodeUUID=b892e876-f5ae-410a-9dfd-4f07fd940729, command=[]} | ret=SUCCESS |  
2019-09-20 08:45:05,487 | INFO  | SCMAudit | user=jenkins1000 | ip=192.168.36.79 | op=SEND_HEARTBEAT {datanodeUUID=aa30552f-ad30-4fe7-9018-411c04218958, command=[]} | ret=SUCCESS |  
2019-09-20 08:45:05,727 | INFO  | SCMAudit | user=jenkins1000 | ip=192.168.36.79 | op=SEND_HEARTBEAT {datanodeUUID=a4a73c82-9756-45ac-afed-7299ac804f25, command=[]} | ret=SUCCESS |  
2019-09-20 08:45:05,975 | INFO  | SCMAudit | user=jenkins1000 | ip=192.168.36.79 | op=SEND_HEARTBEAT {datanodeUUID=9123b815-6bfa-48f7-ade2-b84cdc033afa, command=[]} | ret=SUCCESS |  
2019-09-20 08:45:06,059 [LocalJobRunner Map Task Executor #0] INFO  mapred.RetriableFileCopyCommand (RetriableFileCopyCommand.java:getTmpFile(260)) - Creating temp file: o3fs://bucket91737.volume33664/test/ITestOzoneContractDistCp/largeFilesToRemote/remote/outputDir/.distcp.tmp.attempt_local461659686_0003_m_000000_0
2019-09-20 08:45:06,064 [IPC Server handler 1 on 45031] INFO  pipeline.PipelinePlacementPolicy (PipelinePlacementPolicy.java:meetCriteria(91)) - Pipeline Placement: Doesn't meet the criteria to be viable node： aa30552f-ad30-4fe7-9018-411c04218958 Heaviness: 6 limit: 5
2019-09-20 08:45:06,064 [IPC Server handler 1 on 45031] INFO  pipeline.PipelinePlacementPolicy (PipelinePlacementPolicy.java:meetCriteria(91)) - Pipeline Placement: Doesn't meet the criteria to be viable node： b892e876-f5ae-410a-9dfd-4f07fd940729 Heaviness: 6 limit: 5
2019-09-20 08:45:06,065 [IPC Server handler 1 on 45031] INFO  pipeline.PipelinePlacementPolicy (PipelinePlacementPolicy.java:meetCriteria(91)) - Pipeline Placement: Doesn't meet the criteria to be viable node： 75feff7d-6f48-4002-b580-45a21ea734c6 Heaviness: 6 limit: 5
2019-09-20 08:45:06,065 [IPC Server handler 1 on 45031] INFO  pipeline.PipelinePlacementPolicy (PipelinePlacementPolicy.java:meetCriteria(91)) - Pipeline Placement: Doesn't meet the criteria to be viable node： 9123b815-6bfa-48f7-ade2-b84cdc033afa Heaviness: 6 limit: 5
2019-09-20 08:45:06,065 [IPC Server handler 1 on 45031] INFO  pipeline.PipelinePlacementPolicy (PipelinePlacementPolicy.java:meetCriteria(91)) - Pipeline Placement: Doesn't meet the criteria to be viable node： a4a73c82-9756-45ac-afed-7299ac804f25 Heaviness: 6 limit: 5
2019-09-20 08:45:06,065 [IPC Server handler 1 on 45031] ERROR pipeline.PipelinePlacementPolicy (PipelinePlacementPolicy.java:filterViableNodes(148)) - Unable to find enough nodes that meet the criteria that cannot engage in more than 5 pipelines. Nodes required: 3 Found: 0, healthy nodes count inNodeManager: 5.
2019-09-20 08:45:06,066 [IPC Server handler 1 on 45031] ERROR pipeline.SCMPipelineManager (SCMPipelineManager.java:createPipeline(161)) - Pipeline creation failed due to exception: Unable to find enough nodes that meet the criteria that cannot engage in more than 5 pipelines. Nodes required: 3 Found: 0, healthy nodes count inNodeManager: 5.
2019-09-20 08:45:06,066 [IPC Server handler 1 on 45031] WARN  block.BlockManagerImpl (BlockManagerImpl.java:allocateBlock(192)) - Pipeline creation failed for type:RATIS factor:THREE. Retrying get pipelines call once.
org.apache.hadoop.hdds.scm.exceptions.SCMException: Unable to find enough nodes that meet the criteria that cannot engage in more than 5 pipelines. Nodes required: 3 Found: 0, healthy nodes count inNodeManager: 5.
	at org.apache.hadoop.hdds.scm.pipeline.PipelinePlacementPolicy.filterViableNodes(PipelinePlacementPolicy.java:149)
	at org.apache.hadoop.hdds.scm.pipeline.PipelinePlacementPolicy.chooseDatanodes(PipelinePlacementPolicy.java:172)
	at org.apache.hadoop.hdds.scm.pipeline.RatisPipelineProvider.create(RatisPipelineProvider.java:92)
	at org.apache.hadoop.hdds.scm.pipeline.PipelineFactory.create(PipelineFactory.java:57)
	at org.apache.hadoop.hdds.scm.pipeline.SCMPipelineManager.createPipeline(SCMPipelineManager.java:149)
	at org.apache.hadoop.hdds.scm.block.BlockManagerImpl.allocateBlock(BlockManagerImpl.java:190)
	at org.apache.hadoop.hdds.scm.server.SCMBlockProtocolServer.allocateBlock(SCMBlockProtocolServer.java:175)
	at org.apache.hadoop.ozone.protocolPB.ScmBlockLocationProtocolServerSideTranslatorPB.allocateScmBlock(ScmBlockLocationProtocolServerSideTranslatorPB.java:153)
	at org.apache.hadoop.ozone.protocolPB.ScmBlockLocationProtocolServerSideTranslatorPB.send(ScmBlockLocationProtocolServerSideTranslatorPB.java:112)
	at org.apache.hadoop.hdds.protocol.proto.ScmBlockLocationProtocolProtos$ScmBlockLocationProtocolService$2.callBlockingMethod(ScmBlockLocationProtocolProtos.java:13157)
	at org.apache.hadoop.ipc.ProtobufRpcEngine$Server$ProtoBufRpcInvoker.call(ProtobufRpcEngine.java:524)
	at org.apache.hadoop.ipc.RPC$Server.call(RPC.java:1025)
	at org.apache.hadoop.ipc.Server$RpcCall.run(Server.java:876)
	at org.apache.hadoop.ipc.Server$RpcCall.run(Server.java:822)
	at java.security.AccessController.doPrivileged(Native Method)
	at javax.security.auth.Subject.doAs(Subject.java:422)
	at org.apache.hadoop.security.UserGroupInformation.doAs(UserGroupInformation.java:1730)
	at org.apache.hadoop.ipc.Server$Handler.run(Server.java:2682)
2019-09-20 08:45:06,066 [IPC Server handler 1 on 45031] INFO  block.BlockManagerImpl (BlockManagerImpl.java:allocateBlock(198)) - Could not find available pipeline of type:RATIS and factor:THREE even after retrying
2019-09-20 08:45:06,066 [IPC Server handler 1 on 45031] ERROR block.BlockManagerImpl (BlockManagerImpl.java:allocateBlock(222)) - Unable to allocate a block for the size: 4194304, type: RATIS, factor: THREE
2019-09-20 08:45:06,067 | INFO  | SCMAudit | user=jenkins1000 | ip=192.168.36.79 | op=ALLOCATE_BLOCK {owner=a1d0c9a2-9b67-4af3-a1f8-8c5669c9b817, size=4194304, type=RATIS, factor=THREE} | ret=SUCCESS |  
2019-09-20 08:45:06,067 | ERROR | OMAudit | user=jenkins1000 | ip=127.0.0.1 | op=CREATE_FILE {volume=volume33664, bucket=bucket91737, key=test/ITestOzoneContractDistCp/largeFilesToRemote/remote/outputDir/.distcp.tmp.attempt_local461659686_0003_m_000000_0, dataSize=0, replicationType=RATIS, replicationFactor=THREE, keyLocationInfo=null} | ret=FAILURE | org.apache.hadoop.hdds.scm.exceptions.SCMException: Allocated 0 blocks. Requested 1 blocks
	at org.apache.hadoop.hdds.scm.protocolPB.ScmBlockLocationProtocolClientSideTranslatorPB.handleError(ScmBlockLocationProtocolClientSideTranslatorPB.java:118)
	at org.apache.hadoop.hdds.scm.protocolPB.ScmBlockLocationProtocolClientSideTranslatorPB.allocateBlock(ScmBlockLocationProtocolClientSideTranslatorPB.java:156) 
2019-09-20 08:45:06,070 | ERROR | OMAudit | user=jenkins1000 | ip=127.0.0.1 | op=GET_FILE_STATUS {volume=volume33664, bucket=bucket91737, key=test/ITestOzoneContractDistCp/largeFilesToRemote/remote/outputDir/.distcp.tmp.attempt_local461659686_0003_m_000000_0, dataSize=0, replicationType=null, replicationFactor=null, keyLocationInfo=null} | ret=FAILURE | FILE_NOT_FOUND org.apache.hadoop.ozone.om.exceptions.OMException: Unable to get file status: volume: volume33664 bucket: bucket91737 key: test/ITestOzoneContractDistCp/largeFilesToRemote/remote/outputDir/.distcp.tmp.attempt_local461659686_0003_m_000000_0
	at org.apache.hadoop.ozone.om.KeyManagerImpl.getFileStatus(KeyManagerImpl.java:1655)
	at org.apache.hadoop.ozone.om.OzoneManager.getFileStatus(OzoneManager.java:2868) 
2019-09-20 08:45:06,071 [LocalJobRunner Map Task Executor #0] WARN  ozone.BasicOzoneFileSystem (BasicOzoneFileSystem.java:delete(437)) - delete: Path does not exist: o3fs://bucket91737.volume33664/test/ITestOzoneContractDistCp/largeFilesToRemote/remote/outputDir/.distcp.tmp.attempt_local461659686_0003_m_000000_0
2019-09-20 08:45:06,071 [LocalJobRunner Map Task Executor #0] ERROR util.RetriableCommand (RetriableCommand.java:execute(89)) - Failure in Retriable command: Copying file:/workdir/hadoop-ozone/ozonefs/target/test-dir/ITestOzoneContractDistCp/largeFilesToRemote/local/inputDir/file1 to o3fs://bucket91737.volume33664/test/ITestOzoneContractDistCp/largeFilesToRemote/remote/outputDir/inputDir/file1
INTERNAL_ERROR org.apache.hadoop.ozone.om.exceptions.OMException: Allocated 0 blocks. Requested 1 blocks
	at org.apache.hadoop.ozone.om.protocolPB.OzoneManagerProtocolClientSideTranslatorPB.handleError(OzoneManagerProtocolClientSideTranslatorPB.java:725)
	at org.apache.hadoop.ozone.om.protocolPB.OzoneManagerProtocolClientSideTranslatorPB.createFile(OzoneManagerProtocolClientSideTranslatorPB.java:1474)
	at org.apache.hadoop.ozone.client.rpc.RpcClient.createFile(RpcClient.java:984)
	at org.apache.hadoop.ozone.client.OzoneBucket.createFile(OzoneBucket.java:535)
	at org.apache.hadoop.fs.ozone.BasicOzoneClientAdapterImpl.createFile(BasicOzoneClientAdapterImpl.java:181)
	at org.apache.hadoop.fs.ozone.BasicOzoneFileSystem.createOutputStream(BasicOzoneFileSystem.java:249)
	at org.apache.hadoop.fs.ozone.BasicOzoneFileSystem.create(BasicOzoneFileSystem.java:230)
	at org.apache.hadoop.fs.FileSystem.create(FileSystem.java:1195)
	at org.apache.hadoop.tools.mapred.RetriableFileCopyCommand.copyToFile(RetriableFileCopyCommand.java:184)
	at org.apache.hadoop.tools.mapred.RetriableFileCopyCommand.doCopy(RetriableFileCopyCommand.java:123)
	at org.apache.hadoop.tools.mapred.RetriableFileCopyCommand.doExecute(RetriableFileCopyCommand.java:99)
	at org.apache.hadoop.tools.util.RetriableCommand.execute(RetriableCommand.java:87)
	at org.apache.hadoop.tools.mapred.CopyMapper.copyFileWithRetry(CopyMapper.java:256)
	at org.apache.hadoop.tools.mapred.CopyMapper.map(CopyMapper.java:217)
	at org.apache.hadoop.tools.mapred.CopyMapper.map(CopyMapper.java:48)
	at org.apache.hadoop.mapreduce.Mapper.run(Mapper.java:146)
	at org.apache.hadoop.mapred.MapTask.runNewMapper(MapTask.java:799)
	at org.apache.hadoop.mapred.MapTask.run(MapTask.java:347)
	at org.apache.hadoop.mapred.LocalJobRunner$Job$MapTaskRunnable.run(LocalJobRunner.java:271)
	at java.util.concurrent.Executors$RunnableAdapter.call(Executors.java:511)
	at java.util.concurrent.FutureTask.run(FutureTask.java:266)
	at java.util.concurrent.ThreadPoolExecutor.runWorker(ThreadPoolExecutor.java:1149)
	at java.util.concurrent.ThreadPoolExecutor$Worker.run(ThreadPoolExecutor.java:624)
	at java.lang.Thread.run(Thread.java:748)
2019-09-20 08:45:06,071 [LocalJobRunner Map Task Executor #0] ERROR mapred.CopyMapper (CopyMapper.java:handleFailures(296)) - Failure in copying file:/workdir/hadoop-ozone/ozonefs/target/test-dir/ITestOzoneContractDistCp/largeFilesToRemote/local/inputDir/file1 to o3fs://bucket91737.volume33664/test/ITestOzoneContractDistCp/largeFilesToRemote/remote/outputDir/inputDir/file1
java.io.IOException: File copy failed: file:/workdir/hadoop-ozone/ozonefs/target/test-dir/ITestOzoneContractDistCp/largeFilesToRemote/local/inputDir/file1 --> o3fs://bucket91737.volume33664/test/ITestOzoneContractDistCp/largeFilesToRemote/remote/outputDir/inputDir/file1
	at org.apache.hadoop.tools.mapred.CopyMapper.copyFileWithRetry(CopyMapper.java:259)
	at org.apache.hadoop.tools.mapred.CopyMapper.map(CopyMapper.java:217)
	at org.apache.hadoop.tools.mapred.CopyMapper.map(CopyMapper.java:48)
	at org.apache.hadoop.mapreduce.Mapper.run(Mapper.java:146)
	at org.apache.hadoop.mapred.MapTask.runNewMapper(MapTask.java:799)
	at org.apache.hadoop.mapred.MapTask.run(MapTask.java:347)
	at org.apache.hadoop.mapred.LocalJobRunner$Job$MapTaskRunnable.run(LocalJobRunner.java:271)
	at java.util.concurrent.Executors$RunnableAdapter.call(Executors.java:511)
	at java.util.concurrent.FutureTask.run(FutureTask.java:266)
	at java.util.concurrent.ThreadPoolExecutor.runWorker(ThreadPoolExecutor.java:1149)
	at java.util.concurrent.ThreadPoolExecutor$Worker.run(ThreadPoolExecutor.java:624)
	at java.lang.Thread.run(Thread.java:748)
Caused by: java.io.IOException: Couldn't run retriable-command: Copying file:/workdir/hadoop-ozone/ozonefs/target/test-dir/ITestOzoneContractDistCp/largeFilesToRemote/local/inputDir/file1 to o3fs://bucket91737.volume33664/test/ITestOzoneContractDistCp/largeFilesToRemote/remote/outputDir/inputDir/file1
	at org.apache.hadoop.tools.util.RetriableCommand.execute(RetriableCommand.java:101)
	at org.apache.hadoop.tools.mapred.CopyMapper.copyFileWithRetry(CopyMapper.java:256)
	... 11 more
Caused by: INTERNAL_ERROR org.apache.hadoop.ozone.om.exceptions.OMException: Allocated 0 blocks. Requested 1 blocks
	at org.apache.hadoop.ozone.om.protocolPB.OzoneManagerProtocolClientSideTranslatorPB.handleError(OzoneManagerProtocolClientSideTranslatorPB.java:725)
	at org.apache.hadoop.ozone.om.protocolPB.OzoneManagerProtocolClientSideTranslatorPB.createFile(OzoneManagerProtocolClientSideTranslatorPB.java:1474)
	at org.apache.hadoop.ozone.client.rpc.RpcClient.createFile(RpcClient.java:984)
	at org.apache.hadoop.ozone.client.OzoneBucket.createFile(OzoneBucket.java:535)
	at org.apache.hadoop.fs.ozone.BasicOzoneClientAdapterImpl.createFile(BasicOzoneClientAdapterImpl.java:181)
	at org.apache.hadoop.fs.ozone.BasicOzoneFileSystem.createOutputStream(BasicOzoneFileSystem.java:249)
	at org.apache.hadoop.fs.ozone.BasicOzoneFileSystem.create(BasicOzoneFileSystem.java:230)
	at org.apache.hadoop.fs.FileSystem.create(FileSystem.java:1195)
	at org.apache.hadoop.tools.mapred.RetriableFileCopyCommand.copyToFile(RetriableFileCopyCommand.java:184)
	at org.apache.hadoop.tools.mapred.RetriableFileCopyCommand.doCopy(RetriableFileCopyCommand.java:123)
	at org.apache.hadoop.tools.mapred.RetriableFileCopyCommand.doExecute(RetriableFileCopyCommand.java:99)
	at org.apache.hadoop.tools.util.RetriableCommand.execute(RetriableCommand.java:87)
	... 12 more
2019-09-20 08:45:06,072 [LocalJobRunner Map Task Executor #0] INFO  mapred.LocalJobRunner (LocalJobRunner.java:run(252)) - Starting task: attempt_local461659686_0003_m_000001_0
2019-09-20 08:45:06,073 [LocalJobRunner Map Task Executor #0] INFO  output.FileOutputCommitter (FileOutputCommitter.java:<init>(140)) - File Output Committer Algorithm version is 2
2019-09-20 08:45:06,073 [LocalJobRunner Map Task Executor #0] INFO  output.FileOutputCommitter (FileOutputCommitter.java:<init>(155)) - FileOutputCommitter skip cleanup _temporary folders under output directory:false, ignore cleanup failures: false
2019-09-20 08:45:06,074 [LocalJobRunner Map Task Executor #0] INFO  mapred.Task (Task.java:initialize(626)) -  Using ResourceCalculatorProcessTree : [ ]
2019-09-20 08:45:06,075 [LocalJobRunner Map Task Executor #0] INFO  mapred.MapTask (MapTask.java:runNewMapper(768)) - Processing split: file:/tmp/hadoop/mapred/staging/jenkins10001047836408/.staging/_distcp-1072168159/fileList.seq:780+238
2019-09-20 08:45:06,075 [LocalJobRunner Map Task Executor #0] INFO  output.FileOutputCommitter (FileOutputCommitter.java:<init>(140)) - File Output Committer Algorithm version is 2
2019-09-20 08:45:06,076 [LocalJobRunner Map Task Executor #0] INFO  output.FileOutputCommitter (FileOutputCommitter.java:<init>(155)) - FileOutputCommitter skip cleanup _temporary folders under output directory:false, ignore cleanup failures: false
2019-09-20 08:45:06,097 | INFO  | OMAudit | user=jenkins1000 | ip=127.0.0.1 | op=GET_FILE_STATUS {volume=volume33664, bucket=bucket91737, key=test/ITestOzoneContractDistCp/largeFilesToRemote/remote/outputDir, dataSize=0, replicationType=null, replicationFactor=null, keyLocationInfo=null} | ret=SUCCESS |  
2019-09-20 08:45:06,098 [LocalJobRunner Map Task Executor #0] INFO  mapred.CopyMapper (CopyMapper.java:map(154)) - Copying file:/workdir/hadoop-ozone/ozonefs/target/test-dir/ITestOzoneContractDistCp/largeFilesToRemote/local/inputDir/file2 to o3fs://bucket91737.volume33664/test/ITestOzoneContractDistCp/largeFilesToRemote/remote/outputDir/inputDir/file2
2019-09-20 08:45:06,106 | ERROR | OMAudit | user=jenkins1000 | ip=127.0.0.1 | op=GET_FILE_STATUS {volume=volume33664, bucket=bucket91737, key=test/ITestOzoneContractDistCp/largeFilesToRemote/remote/outputDir/inputDir/file2, dataSize=0, replicationType=null, replicationFactor=null, keyLocationInfo=null} | ret=FAILURE | FILE_NOT_FOUND org.apache.hadoop.ozone.om.exceptions.OMException: Unable to get file status: volume: volume33664 bucket: bucket91737 key: test/ITestOzoneContractDistCp/largeFilesToRemote/remote/outputDir/inputDir/file2
	at org.apache.hadoop.ozone.om.KeyManagerImpl.getFileStatus(KeyManagerImpl.java:1655)
	at org.apache.hadoop.ozone.om.OzoneManager.getFileStatus(OzoneManager.java:2868) 
2019-09-20 08:45:06,107 [LocalJobRunner Map Task Executor #0] INFO  mapred.RetriableFileCopyCommand (RetriableFileCopyCommand.java:getTmpFile(260)) - Creating temp file: o3fs://bucket91737.volume33664/test/ITestOzoneContractDistCp/largeFilesToRemote/remote/outputDir/.distcp.tmp.attempt_local461659686_0003_m_000001_0
2019-09-20 08:45:06,110 [IPC Server handler 15 on 45031] INFO  pipeline.PipelinePlacementPolicy (PipelinePlacementPolicy.java:meetCriteria(91)) - Pipeline Placement: Doesn't meet the criteria to be viable node： aa30552f-ad30-4fe7-9018-411c04218958 Heaviness: 6 limit: 5
2019-09-20 08:45:06,110 [IPC Server handler 15 on 45031] INFO  pipeline.PipelinePlacementPolicy (PipelinePlacementPolicy.java:meetCriteria(91)) - Pipeline Placement: Doesn't meet the criteria to be viable node： b892e876-f5ae-410a-9dfd-4f07fd940729 Heaviness: 6 limit: 5
2019-09-20 08:45:06,111 [IPC Server handler 15 on 45031] INFO  pipeline.PipelinePlacementPolicy (PipelinePlacementPolicy.java:meetCriteria(91)) - Pipeline Placement: Doesn't meet the criteria to be viable node： 75feff7d-6f48-4002-b580-45a21ea734c6 Heaviness: 6 limit: 5
2019-09-20 08:45:06,111 [IPC Server handler 15 on 45031] INFO  pipeline.PipelinePlacementPolicy (PipelinePlacementPolicy.java:meetCriteria(91)) - Pipeline Placement: Doesn't meet the criteria to be viable node： 9123b815-6bfa-48f7-ade2-b84cdc033afa Heaviness: 6 limit: 5
2019-09-20 08:45:06,111 [IPC Server handler 15 on 45031] INFO  pipeline.PipelinePlacementPolicy (PipelinePlacementPolicy.java:meetCriteria(91)) - Pipeline Placement: Doesn't meet the criteria to be viable node： a4a73c82-9756-45ac-afed-7299ac804f25 Heaviness: 6 limit: 5
2019-09-20 08:45:06,111 [IPC Server handler 15 on 45031] ERROR pipeline.PipelinePlacementPolicy (PipelinePlacementPolicy.java:filterViableNodes(148)) - Unable to find enough nodes that meet the criteria that cannot engage in more than 5 pipelines. Nodes required: 3 Found: 0, healthy nodes count inNodeManager: 5.
2019-09-20 08:45:06,111 [IPC Server handler 15 on 45031] ERROR pipeline.SCMPipelineManager (SCMPipelineManager.java:createPipeline(161)) - Pipeline creation failed due to exception: Unable to find enough nodes that meet the criteria that cannot engage in more than 5 pipelines. Nodes required: 3 Found: 0, healthy nodes count inNodeManager: 5.
2019-09-20 08:45:06,111 [IPC Server handler 15 on 45031] WARN  block.BlockManagerImpl (BlockManagerImpl.java:allocateBlock(192)) - Pipeline creation failed for type:RATIS factor:THREE. Retrying get pipelines call once.
org.apache.hadoop.hdds.scm.exceptions.SCMException: Unable to find enough nodes that meet the criteria that cannot engage in more than 5 pipelines. Nodes required: 3 Found: 0, healthy nodes count inNodeManager: 5.
	at org.apache.hadoop.hdds.scm.pipeline.PipelinePlacementPolicy.filterViableNodes(PipelinePlacementPolicy.java:149)
	at org.apache.hadoop.hdds.scm.pipeline.PipelinePlacementPolicy.chooseDatanodes(PipelinePlacementPolicy.java:172)
	at org.apache.hadoop.hdds.scm.pipeline.RatisPipelineProvider.create(RatisPipelineProvider.java:92)
	at org.apache.hadoop.hdds.scm.pipeline.PipelineFactory.create(PipelineFactory.java:57)
	at org.apache.hadoop.hdds.scm.pipeline.SCMPipelineManager.createPipeline(SCMPipelineManager.java:149)
	at org.apache.hadoop.hdds.scm.block.BlockManagerImpl.allocateBlock(BlockManagerImpl.java:190)
	at org.apache.hadoop.hdds.scm.server.SCMBlockProtocolServer.allocateBlock(SCMBlockProtocolServer.java:175)
	at org.apache.hadoop.ozone.protocolPB.ScmBlockLocationProtocolServerSideTranslatorPB.allocateScmBlock(ScmBlockLocationProtocolServerSideTranslatorPB.java:153)
	at org.apache.hadoop.ozone.protocolPB.ScmBlockLocationProtocolServerSideTranslatorPB.send(ScmBlockLocationProtocolServerSideTranslatorPB.java:112)
	at org.apache.hadoop.hdds.protocol.proto.ScmBlockLocationProtocolProtos$ScmBlockLocationProtocolService$2.callBlockingMethod(ScmBlockLocationProtocolProtos.java:13157)
	at org.apache.hadoop.ipc.ProtobufRpcEngine$Server$ProtoBufRpcInvoker.call(ProtobufRpcEngine.java:524)
	at org.apache.hadoop.ipc.RPC$Server.call(RPC.java:1025)
	at org.apache.hadoop.ipc.Server$RpcCall.run(Server.java:876)
	at org.apache.hadoop.ipc.Server$RpcCall.run(Server.java:822)
	at java.security.AccessController.doPrivileged(Native Method)
	at javax.security.auth.Subject.doAs(Subject.java:422)
	at org.apache.hadoop.security.UserGroupInformation.doAs(UserGroupInformation.java:1730)
	at org.apache.hadoop.ipc.Server$Handler.run(Server.java:2682)
2019-09-20 08:45:06,112 [IPC Server handler 15 on 45031] INFO  block.BlockManagerImpl (BlockManagerImpl.java:allocateBlock(198)) - Could not find available pipeline of type:RATIS and factor:THREE even after retrying
2019-09-20 08:45:06,112 [IPC Server handler 15 on 45031] ERROR block.BlockManagerImpl (BlockManagerImpl.java:allocateBlock(222)) - Unable to allocate a block for the size: 4194304, type: RATIS, factor: THREE
2019-09-20 08:45:06,112 | INFO  | SCMAudit | user=jenkins1000 | ip=192.168.36.79 | op=ALLOCATE_BLOCK {owner=a1d0c9a2-9b67-4af3-a1f8-8c5669c9b817, size=4194304, type=RATIS, factor=THREE} | ret=SUCCESS |  
2019-09-20 08:45:06,113 | ERROR | OMAudit | user=jenkins1000 | ip=127.0.0.1 | op=CREATE_FILE {volume=volume33664, bucket=bucket91737, key=test/ITestOzoneContractDistCp/largeFilesToRemote/remote/outputDir/.distcp.tmp.attempt_local461659686_0003_m_000001_0, dataSize=0, replicationType=RATIS, replicationFactor=THREE, keyLocationInfo=null} | ret=FAILURE | org.apache.hadoop.hdds.scm.exceptions.SCMException: Allocated 0 blocks. Requested 1 blocks
	at org.apache.hadoop.hdds.scm.protocolPB.ScmBlockLocationProtocolClientSideTranslatorPB.handleError(ScmBlockLocationProtocolClientSideTranslatorPB.java:118)
	at org.apache.hadoop.hdds.scm.protocolPB.ScmBlockLocationProtocolClientSideTranslatorPB.allocateBlock(ScmBlockLocationProtocolClientSideTranslatorPB.java:156) 
2019-09-20 08:45:06,115 | ERROR | OMAudit | user=jenkins1000 | ip=127.0.0.1 | op=GET_FILE_STATUS {volume=volume33664, bucket=bucket91737, key=test/ITestOzoneContractDistCp/largeFilesToRemote/remote/outputDir/.distcp.tmp.attempt_local461659686_0003_m_000001_0, dataSize=0, replicationType=null, replicationFactor=null, keyLocationInfo=null} | ret=FAILURE | FILE_NOT_FOUND org.apache.hadoop.ozone.om.exceptions.OMException: Unable to get file status: volume: volume33664 bucket: bucket91737 key: test/ITestOzoneContractDistCp/largeFilesToRemote/remote/outputDir/.distcp.tmp.attempt_local461659686_0003_m_000001_0
	at org.apache.hadoop.ozone.om.KeyManagerImpl.getFileStatus(KeyManagerImpl.java:1655)
	at org.apache.hadoop.ozone.om.OzoneManager.getFileStatus(OzoneManager.java:2868) 
2019-09-20 08:45:06,116 [LocalJobRunner Map Task Executor #0] WARN  ozone.BasicOzoneFileSystem (BasicOzoneFileSystem.java:delete(437)) - delete: Path does not exist: o3fs://bucket91737.volume33664/test/ITestOzoneContractDistCp/largeFilesToRemote/remote/outputDir/.distcp.tmp.attempt_local461659686_0003_m_000001_0
2019-09-20 08:45:06,116 [LocalJobRunner Map Task Executor #0] ERROR util.RetriableCommand (RetriableCommand.java:execute(89)) - Failure in Retriable command: Copying file:/workdir/hadoop-ozone/ozonefs/target/test-dir/ITestOzoneContractDistCp/largeFilesToRemote/local/inputDir/file2 to o3fs://bucket91737.volume33664/test/ITestOzoneContractDistCp/largeFilesToRemote/remote/outputDir/inputDir/file2
INTERNAL_ERROR org.apache.hadoop.ozone.om.exceptions.OMException: Allocated 0 blocks. Requested 1 blocks
	at org.apache.hadoop.ozone.om.protocolPB.OzoneManagerProtocolClientSideTranslatorPB.handleError(OzoneManagerProtocolClientSideTranslatorPB.java:725)
	at org.apache.hadoop.ozone.om.protocolPB.OzoneManagerProtocolClientSideTranslatorPB.createFile(OzoneManagerProtocolClientSideTranslatorPB.java:1474)
	at org.apache.hadoop.ozone.client.rpc.RpcClient.createFile(RpcClient.java:984)
	at org.apache.hadoop.ozone.client.OzoneBucket.createFile(OzoneBucket.java:535)
	at org.apache.hadoop.fs.ozone.BasicOzoneClientAdapterImpl.createFile(BasicOzoneClientAdapterImpl.java:181)
	at org.apache.hadoop.fs.ozone.BasicOzoneFileSystem.createOutputStream(BasicOzoneFileSystem.java:249)
	at org.apache.hadoop.fs.ozone.BasicOzoneFileSystem.create(BasicOzoneFileSystem.java:230)
	at org.apache.hadoop.fs.FileSystem.create(FileSystem.java:1195)
	at org.apache.hadoop.tools.mapred.RetriableFileCopyCommand.copyToFile(RetriableFileCopyCommand.java:184)
	at org.apache.hadoop.tools.mapred.RetriableFileCopyCommand.doCopy(RetriableFileCopyCommand.java:123)
	at org.apache.hadoop.tools.mapred.RetriableFileCopyCommand.doExecute(RetriableFileCopyCommand.java:99)
	at org.apache.hadoop.tools.util.RetriableCommand.execute(RetriableCommand.java:87)
	at org.apache.hadoop.tools.mapred.CopyMapper.copyFileWithRetry(CopyMapper.java:256)
	at org.apache.hadoop.tools.mapred.CopyMapper.map(CopyMapper.java:217)
	at org.apache.hadoop.tools.mapred.CopyMapper.map(CopyMapper.java:48)
	at org.apache.hadoop.mapreduce.Mapper.run(Mapper.java:146)
	at org.apache.hadoop.mapred.MapTask.runNewMapper(MapTask.java:799)
	at org.apache.hadoop.mapred.MapTask.run(MapTask.java:347)
	at org.apache.hadoop.mapred.LocalJobRunner$Job$MapTaskRunnable.run(LocalJobRunner.java:271)
	at java.util.concurrent.Executors$RunnableAdapter.call(Executors.java:511)
	at java.util.concurrent.FutureTask.run(FutureTask.java:266)
	at java.util.concurrent.ThreadPoolExecutor.runWorker(ThreadPoolExecutor.java:1149)
	at java.util.concurrent.ThreadPoolExecutor$Worker.run(ThreadPoolExecutor.java:624)
	at java.lang.Thread.run(Thread.java:748)
2019-09-20 08:45:06,468 | INFO  | SCMAudit | user=jenkins1000 | ip=192.168.36.79 | op=SEND_HEARTBEAT {datanodeUUID=75feff7d-6f48-4002-b580-45a21ea734c6, command=[]} | ret=SUCCESS |  
2019-09-20 08:45:06,475 | INFO  | SCMAudit | user=jenkins1000 | ip=192.168.36.79 | op=SEND_HEARTBEAT {datanodeUUID=b892e876-f5ae-410a-9dfd-4f07fd940729, command=[]} | ret=SUCCESS |  
2019-09-20 08:45:06,487 | INFO  | SCMAudit | user=jenkins1000 | ip=192.168.36.79 | op=SEND_HEARTBEAT {datanodeUUID=aa30552f-ad30-4fe7-9018-411c04218958, command=[]} | ret=SUCCESS |  
2019-09-20 08:45:06,740 | INFO  | SCMAudit | user=jenkins1000 | ip=192.168.36.79 | op=SEND_HEARTBEAT {datanodeUUID=a4a73c82-9756-45ac-afed-7299ac804f25, command=[]} | ret=SUCCESS |  
2019-09-20 08:45:06,976 | INFO  | SCMAudit | user=jenkins1000 | ip=192.168.36.79 | op=SEND_HEARTBEAT {datanodeUUID=9123b815-6bfa-48f7-ade2-b84cdc033afa, command=[]} | ret=SUCCESS |  
2019-09-20 08:45:07,468 | INFO  | SCMAudit | user=jenkins1000 | ip=192.168.36.79 | op=SEND_HEARTBEAT {datanodeUUID=75feff7d-6f48-4002-b580-45a21ea734c6, command=[]} | ret=SUCCESS |  
2019-09-20 08:45:07,476 | INFO  | SCMAudit | user=jenkins1000 | ip=192.168.36.79 | op=SEND_HEARTBEAT {datanodeUUID=b892e876-f5ae-410a-9dfd-4f07fd940729, command=[]} | ret=SUCCESS |  
2019-09-20 08:45:07,487 | INFO  | SCMAudit | user=jenkins1000 | ip=192.168.36.79 | op=SEND_HEARTBEAT {datanodeUUID=aa30552f-ad30-4fe7-9018-411c04218958, command=[]} | ret=SUCCESS |  
2019-09-20 08:45:07,731 | INFO  | SCMAudit | user=jenkins1000 | ip=192.168.36.79 | op=SEND_HEARTBEAT {datanodeUUID=a4a73c82-9756-45ac-afed-7299ac804f25, command=[]} | ret=SUCCESS |  
2019-09-20 08:45:07,975 | INFO  | SCMAudit | user=jenkins1000 | ip=192.168.36.79 | op=SEND_HEARTBEAT {datanodeUUID=9123b815-6bfa-48f7-ade2-b84cdc033afa, command=[]} | ret=SUCCESS |  
2019-09-20 08:45:08,468 | INFO  | SCMAudit | user=jenkins1000 | ip=192.168.36.79 | op=SEND_HEARTBEAT {datanodeUUID=75feff7d-6f48-4002-b580-45a21ea734c6, command=[]} | ret=SUCCESS |  
2019-09-20 08:45:08,476 | INFO  | SCMAudit | user=jenkins1000 | ip=192.168.36.79 | op=SEND_HEARTBEAT {datanodeUUID=b892e876-f5ae-410a-9dfd-4f07fd940729, command=[]} | ret=SUCCESS |  
2019-09-20 08:45:08,487 | INFO  | SCMAudit | user=jenkins1000 | ip=192.168.36.79 | op=SEND_HEARTBEAT {datanodeUUID=aa30552f-ad30-4fe7-9018-411c04218958, command=[]} | ret=SUCCESS |  
2019-09-20 08:45:08,731 | INFO  | SCMAudit | user=jenkins1000 | ip=192.168.36.79 | op=SEND_HEARTBEAT {datanodeUUID=a4a73c82-9756-45ac-afed-7299ac804f25, command=[]} | ret=SUCCESS |  
2019-09-20 08:45:08,791 [LocalJobRunner Map Task Executor #0] INFO  mapred.RetriableFileCopyCommand (RetriableFileCopyCommand.java:getTmpFile(260)) - Creating temp file: o3fs://bucket91737.volume33664/test/ITestOzoneContractDistCp/largeFilesToRemote/remote/outputDir/.distcp.tmp.attempt_local461659686_0003_m_000001_0
2019-09-20 08:45:08,795 [IPC Server handler 2 on 45031] INFO  pipeline.PipelinePlacementPolicy (PipelinePlacementPolicy.java:meetCriteria(91)) - Pipeline Placement: Doesn't meet the criteria to be viable node： aa30552f-ad30-4fe7-9018-411c04218958 Heaviness: 6 limit: 5
2019-09-20 08:45:08,795 [IPC Server handler 2 on 45031] INFO  pipeline.PipelinePlacementPolicy (PipelinePlacementPolicy.java:meetCriteria(91)) - Pipeline Placement: Doesn't meet the criteria to be viable node： b892e876-f5ae-410a-9dfd-4f07fd940729 Heaviness: 6 limit: 5
2019-09-20 08:45:08,796 [IPC Server handler 2 on 45031] INFO  pipeline.PipelinePlacementPolicy (PipelinePlacementPolicy.java:meetCriteria(91)) - Pipeline Placement: Doesn't meet the criteria to be viable node： 75feff7d-6f48-4002-b580-45a21ea734c6 Heaviness: 6 limit: 5
2019-09-20 08:45:08,796 [IPC Server handler 2 on 45031] INFO  pipeline.PipelinePlacementPolicy (PipelinePlacementPolicy.java:meetCriteria(91)) - Pipeline Placement: Doesn't meet the criteria to be viable node： 9123b815-6bfa-48f7-ade2-b84cdc033afa Heaviness: 6 limit: 5
2019-09-20 08:45:08,796 [IPC Server handler 2 on 45031] INFO  pipeline.PipelinePlacementPolicy (PipelinePlacementPolicy.java:meetCriteria(91)) - Pipeline Placement: Doesn't meet the criteria to be viable node： a4a73c82-9756-45ac-afed-7299ac804f25 Heaviness: 6 limit: 5
2019-09-20 08:45:08,796 [IPC Server handler 2 on 45031] ERROR pipeline.PipelinePlacementPolicy (PipelinePlacementPolicy.java:filterViableNodes(148)) - Unable to find enough nodes that meet the criteria that cannot engage in more than 5 pipelines. Nodes required: 3 Found: 0, healthy nodes count inNodeManager: 5.
2019-09-20 08:45:08,796 [IPC Server handler 2 on 45031] ERROR pipeline.SCMPipelineManager (SCMPipelineManager.java:createPipeline(161)) - Pipeline creation failed due to exception: Unable to find enough nodes that meet the criteria that cannot engage in more than 5 pipelines. Nodes required: 3 Found: 0, healthy nodes count inNodeManager: 5.
2019-09-20 08:45:08,796 [IPC Server handler 2 on 45031] WARN  block.BlockManagerImpl (BlockManagerImpl.java:allocateBlock(192)) - Pipeline creation failed for type:RATIS factor:THREE. Retrying get pipelines call once.
org.apache.hadoop.hdds.scm.exceptions.SCMException: Unable to find enough nodes that meet the criteria that cannot engage in more than 5 pipelines. Nodes required: 3 Found: 0, healthy nodes count inNodeManager: 5.
	at org.apache.hadoop.hdds.scm.pipeline.PipelinePlacementPolicy.filterViableNodes(PipelinePlacementPolicy.java:149)
	at org.apache.hadoop.hdds.scm.pipeline.PipelinePlacementPolicy.chooseDatanodes(PipelinePlacementPolicy.java:172)
	at org.apache.hadoop.hdds.scm.pipeline.RatisPipelineProvider.create(RatisPipelineProvider.java:92)
	at org.apache.hadoop.hdds.scm.pipeline.PipelineFactory.create(PipelineFactory.java:57)
	at org.apache.hadoop.hdds.scm.pipeline.SCMPipelineManager.createPipeline(SCMPipelineManager.java:149)
	at org.apache.hadoop.hdds.scm.block.BlockManagerImpl.allocateBlock(BlockManagerImpl.java:190)
	at org.apache.hadoop.hdds.scm.server.SCMBlockProtocolServer.allocateBlock(SCMBlockProtocolServer.java:175)
	at org.apache.hadoop.ozone.protocolPB.ScmBlockLocationProtocolServerSideTranslatorPB.allocateScmBlock(ScmBlockLocationProtocolServerSideTranslatorPB.java:153)
	at org.apache.hadoop.ozone.protocolPB.ScmBlockLocationProtocolServerSideTranslatorPB.send(ScmBlockLocationProtocolServerSideTranslatorPB.java:112)
	at org.apache.hadoop.hdds.protocol.proto.ScmBlockLocationProtocolProtos$ScmBlockLocationProtocolService$2.callBlockingMethod(ScmBlockLocationProtocolProtos.java:13157)
	at org.apache.hadoop.ipc.ProtobufRpcEngine$Server$ProtoBufRpcInvoker.call(ProtobufRpcEngine.java:524)
	at org.apache.hadoop.ipc.RPC$Server.call(RPC.java:1025)
	at org.apache.hadoop.ipc.Server$RpcCall.run(Server.java:876)
	at org.apache.hadoop.ipc.Server$RpcCall.run(Server.java:822)
	at java.security.AccessController.doPrivileged(Native Method)
	at javax.security.auth.Subject.doAs(Subject.java:422)
	at org.apache.hadoop.security.UserGroupInformation.doAs(UserGroupInformation.java:1730)
	at org.apache.hadoop.ipc.Server$Handler.run(Server.java:2682)
2019-09-20 08:45:08,797 [IPC Server handler 2 on 45031] INFO  block.BlockManagerImpl (BlockManagerImpl.java:allocateBlock(198)) - Could not find available pipeline of type:RATIS and factor:THREE even after retrying
2019-09-20 08:45:08,797 [IPC Server handler 2 on 45031] ERROR block.BlockManagerImpl (BlockManagerImpl.java:allocateBlock(222)) - Unable to allocate a block for the size: 4194304, type: RATIS, factor: THREE
2019-09-20 08:45:08,797 | INFO  | SCMAudit | user=jenkins1000 | ip=192.168.36.79 | op=ALLOCATE_BLOCK {owner=a1d0c9a2-9b67-4af3-a1f8-8c5669c9b817, size=4194304, type=RATIS, factor=THREE} | ret=SUCCESS |  
2019-09-20 08:45:08,798 | ERROR | OMAudit | user=jenkins1000 | ip=127.0.0.1 | op=CREATE_FILE {volume=volume33664, bucket=bucket91737, key=test/ITestOzoneContractDistCp/largeFilesToRemote/remote/outputDir/.distcp.tmp.attempt_local461659686_0003_m_000001_0, dataSize=0, replicationType=RATIS, replicationFactor=THREE, keyLocationInfo=null} | ret=FAILURE | org.apache.hadoop.hdds.scm.exceptions.SCMException: Allocated 0 blocks. Requested 1 blocks
	at org.apache.hadoop.hdds.scm.protocolPB.ScmBlockLocationProtocolClientSideTranslatorPB.handleError(ScmBlockLocationProtocolClientSideTranslatorPB.java:118)
	at org.apache.hadoop.hdds.scm.protocolPB.ScmBlockLocationProtocolClientSideTranslatorPB.allocateBlock(ScmBlockLocationProtocolClientSideTranslatorPB.java:156) 
2019-09-20 08:45:08,800 | ERROR | OMAudit | user=jenkins1000 | ip=127.0.0.1 | op=GET_FILE_STATUS {volume=volume33664, bucket=bucket91737, key=test/ITestOzoneContractDistCp/largeFilesToRemote/remote/outputDir/.distcp.tmp.attempt_local461659686_0003_m_000001_0, dataSize=0, replicationType=null, replicationFactor=null, keyLocationInfo=null} | ret=FAILURE | FILE_NOT_FOUND org.apache.hadoop.ozone.om.exceptions.OMException: Unable to get file status: volume: volume33664 bucket: bucket91737 key: test/ITestOzoneContractDistCp/largeFilesToRemote/remote/outputDir/.distcp.tmp.attempt_local461659686_0003_m_000001_0
	at org.apache.hadoop.ozone.om.KeyManagerImpl.getFileStatus(KeyManagerImpl.java:1655)
	at org.apache.hadoop.ozone.om.OzoneManager.getFileStatus(OzoneManager.java:2868) 
2019-09-20 08:45:08,801 [LocalJobRunner Map Task Executor #0] WARN  ozone.BasicOzoneFileSystem (BasicOzoneFileSystem.java:delete(437)) - delete: Path does not exist: o3fs://bucket91737.volume33664/test/ITestOzoneContractDistCp/largeFilesToRemote/remote/outputDir/.distcp.tmp.attempt_local461659686_0003_m_000001_0
2019-09-20 08:45:08,801 [LocalJobRunner Map Task Executor #0] ERROR util.RetriableCommand (RetriableCommand.java:execute(89)) - Failure in Retriable command: Copying file:/workdir/hadoop-ozone/ozonefs/target/test-dir/ITestOzoneContractDistCp/largeFilesToRemote/local/inputDir/file2 to o3fs://bucket91737.volume33664/test/ITestOzoneContractDistCp/largeFilesToRemote/remote/outputDir/inputDir/file2
INTERNAL_ERROR org.apache.hadoop.ozone.om.exceptions.OMException: Allocated 0 blocks. Requested 1 blocks
	at org.apache.hadoop.ozone.om.protocolPB.OzoneManagerProtocolClientSideTranslatorPB.handleError(OzoneManagerProtocolClientSideTranslatorPB.java:725)
	at org.apache.hadoop.ozone.om.protocolPB.OzoneManagerProtocolClientSideTranslatorPB.createFile(OzoneManagerProtocolClientSideTranslatorPB.java:1474)
	at org.apache.hadoop.ozone.client.rpc.RpcClient.createFile(RpcClient.java:984)
	at org.apache.hadoop.ozone.client.OzoneBucket.createFile(OzoneBucket.java:535)
	at org.apache.hadoop.fs.ozone.BasicOzoneClientAdapterImpl.createFile(BasicOzoneClientAdapterImpl.java:181)
	at org.apache.hadoop.fs.ozone.BasicOzoneFileSystem.createOutputStream(BasicOzoneFileSystem.java:249)
	at org.apache.hadoop.fs.ozone.BasicOzoneFileSystem.create(BasicOzoneFileSystem.java:230)
	at org.apache.hadoop.fs.FileSystem.create(FileSystem.java:1195)
	at org.apache.hadoop.tools.mapred.RetriableFileCopyCommand.copyToFile(RetriableFileCopyCommand.java:184)
	at org.apache.hadoop.tools.mapred.RetriableFileCopyCommand.doCopy(RetriableFileCopyCommand.java:123)
	at org.apache.hadoop.tools.mapred.RetriableFileCopyCommand.doExecute(RetriableFileCopyCommand.java:99)
	at org.apache.hadoop.tools.util.RetriableCommand.execute(RetriableCommand.java:87)
	at org.apache.hadoop.tools.mapred.CopyMapper.copyFileWithRetry(CopyMapper.java:256)
	at org.apache.hadoop.tools.mapred.CopyMapper.map(CopyMapper.java:217)
	at org.apache.hadoop.tools.mapred.CopyMapper.map(CopyMapper.java:48)
	at org.apache.hadoop.mapreduce.Mapper.run(Mapper.java:146)
	at org.apache.hadoop.mapred.MapTask.runNewMapper(MapTask.java:799)
	at org.apache.hadoop.mapred.MapTask.run(MapTask.java:347)
	at org.apache.hadoop.mapred.LocalJobRunner$Job$MapTaskRunnable.run(LocalJobRunner.java:271)
	at java.util.concurrent.Executors$RunnableAdapter.call(Executors.java:511)
	at java.util.concurrent.FutureTask.run(FutureTask.java:266)
	at java.util.concurrent.ThreadPoolExecutor.runWorker(ThreadPoolExecutor.java:1149)
	at java.util.concurrent.ThreadPoolExecutor$Worker.run(ThreadPoolExecutor.java:624)
	at java.lang.Thread.run(Thread.java:748)
2019-09-20 08:45:08,975 | INFO  | SCMAudit | user=jenkins1000 | ip=192.168.36.79 | op=SEND_HEARTBEAT {datanodeUUID=9123b815-6bfa-48f7-ade2-b84cdc033afa, command=[]} | ret=SUCCESS |  
2019-09-20 08:45:09,468 | INFO  | SCMAudit | user=jenkins1000 | ip=192.168.36.79 | op=SEND_HEARTBEAT {datanodeUUID=75feff7d-6f48-4002-b580-45a21ea734c6, command=[]} | ret=SUCCESS |  
2019-09-20 08:45:09,475 | INFO  | SCMAudit | user=jenkins1000 | ip=192.168.36.79 | op=SEND_HEARTBEAT {datanodeUUID=b892e876-f5ae-410a-9dfd-4f07fd940729, command=[]} | ret=SUCCESS |  
2019-09-20 08:45:09,486 | INFO  | SCMAudit | user=jenkins1000 | ip=192.168.36.79 | op=SEND_HEARTBEAT {datanodeUUID=aa30552f-ad30-4fe7-9018-411c04218958, command=[]} | ret=SUCCESS |  
2019-09-20 08:45:09,732 | INFO  | SCMAudit | user=jenkins1000 | ip=192.168.36.79 | op=SEND_HEARTBEAT {datanodeUUID=a4a73c82-9756-45ac-afed-7299ac804f25, command=[]} | ret=SUCCESS |  
2019-09-20 08:45:09,975 | INFO  | SCMAudit | user=jenkins1000 | ip=192.168.36.79 | op=SEND_HEARTBEAT {datanodeUUID=9123b815-6bfa-48f7-ade2-b84cdc033afa, command=[]} | ret=SUCCESS |  
2019-09-20 08:45:10,326 [communication thread] INFO  mapred.LocalJobRunner (LocalJobRunner.java:statusUpdate(634)) - Copy Failure: file:/workdir/hadoop-ozone/ozonefs/target/test-dir/ITestOzoneContractDistCp/testTrackDeepDirectoryStructureToRemote/local/inputDir/subDir1/file2 > map
2019-09-20 08:45:10,469 | INFO  | SCMAudit | user=jenkins1000 | ip=192.168.36.79 | op=SEND_HEARTBEAT {datanodeUUID=75feff7d-6f48-4002-b580-45a21ea734c6, command=[]} | ret=SUCCESS |  
2019-09-20 08:45:10,487 | INFO  | SCMAudit | user=jenkins1000 | ip=192.168.36.79 | op=SEND_HEARTBEAT {datanodeUUID=aa30552f-ad30-4fe7-9018-411c04218958, command=[]} | ret=SUCCESS |  
2019-09-20 08:45:10,495 | INFO  | SCMAudit | user=jenkins1000 | ip=192.168.36.79 | op=SEND_HEARTBEAT {datanodeUUID=b892e876-f5ae-410a-9dfd-4f07fd940729, command=[]} | ret=SUCCESS |  
2019-09-20 08:45:10,732 | INFO  | SCMAudit | user=jenkins1000 | ip=192.168.36.79 | op=SEND_HEARTBEAT {datanodeUUID=a4a73c82-9756-45ac-afed-7299ac804f25, command=[]} | ret=SUCCESS |  
2019-09-20 08:45:10,975 | INFO  | SCMAudit | user=jenkins1000 | ip=192.168.36.79 | op=SEND_HEARTBEAT {datanodeUUID=9123b815-6bfa-48f7-ade2-b84cdc033afa, command=[]} | ret=SUCCESS |  
2019-09-20 08:45:11,470 | INFO  | SCMAudit | user=jenkins1000 | ip=192.168.36.79 | op=SEND_HEARTBEAT {datanodeUUID=75feff7d-6f48-4002-b580-45a21ea734c6, command=[]} | ret=SUCCESS |  
2019-09-20 08:45:11,475 | INFO  | SCMAudit | user=jenkins1000 | ip=192.168.36.79 | op=SEND_HEARTBEAT {datanodeUUID=b892e876-f5ae-410a-9dfd-4f07fd940729, command=[]} | ret=SUCCESS |  
2019-09-20 08:45:11,488 | INFO  | SCMAudit | user=jenkins1000 | ip=192.168.36.79 | op=SEND_HEARTBEAT {datanodeUUID=aa30552f-ad30-4fe7-9018-411c04218958, command=[]} | ret=SUCCESS |  
2019-09-20 08:45:11,734 | INFO  | SCMAudit | user=jenkins1000 | ip=192.168.36.79 | op=SEND_HEARTBEAT {datanodeUUID=a4a73c82-9756-45ac-afed-7299ac804f25, command=[]} | ret=SUCCESS |  
2019-09-20 08:45:11,976 | INFO  | SCMAudit | user=jenkins1000 | ip=192.168.36.79 | op=SEND_HEARTBEAT {datanodeUUID=9123b815-6bfa-48f7-ade2-b84cdc033afa, command=[]} | ret=SUCCESS |  
2019-09-20 08:45:12,018 [communication thread] INFO  mapred.LocalJobRunner (LocalJobRunner.java:statusUpdate(634)) - Copy Failure: file:/workdir/hadoop-ozone/ozonefs/target/test-dir/ITestOzoneContractDistCp/largeFilesToRemote/local/inputDir/file1 > map
2019-09-20 08:45:12,126 [LocalJobRunner Map Task Executor #0] INFO  mapred.RetriableFileCopyCommand (RetriableFileCopyCommand.java:getTmpFile(260)) - Creating temp file: o3fs://bucket91737.volume33664/test/ITestOzoneContractDistCp/largeFilesToRemote/remote/outputDir/.distcp.tmp.attempt_local461659686_0003_m_000001_0
2019-09-20 08:45:12,132 [IPC Server handler 16 on 45031] INFO  pipeline.PipelinePlacementPolicy (PipelinePlacementPolicy.java:meetCriteria(91)) - Pipeline Placement: Doesn't meet the criteria to be viable node： aa30552f-ad30-4fe7-9018-411c04218958 Heaviness: 6 limit: 5
2019-09-20 08:45:12,132 [IPC Server handler 16 on 45031] INFO  pipeline.PipelinePlacementPolicy (PipelinePlacementPolicy.java:meetCriteria(91)) - Pipeline Placement: Doesn't meet the criteria to be viable node： b892e876-f5ae-410a-9dfd-4f07fd940729 Heaviness: 6 limit: 5
2019-09-20 08:45:12,132 [IPC Server handler 16 on 45031] INFO  pipeline.PipelinePlacementPolicy (PipelinePlacementPolicy.java:meetCriteria(91)) - Pipeline Placement: Doesn't meet the criteria to be viable node： 75feff7d-6f48-4002-b580-45a21ea734c6 Heaviness: 6 limit: 5
2019-09-20 08:45:12,132 [IPC Server handler 16 on 45031] INFO  pipeline.PipelinePlacementPolicy (PipelinePlacementPolicy.java:meetCriteria(91)) - Pipeline Placement: Doesn't meet the criteria to be viable node： 9123b815-6bfa-48f7-ade2-b84cdc033afa Heaviness: 6 limit: 5
2019-09-20 08:45:12,133 [IPC Server handler 16 on 45031] INFO  pipeline.PipelinePlacementPolicy (PipelinePlacementPolicy.java:meetCriteria(91)) - Pipeline Placement: Doesn't meet the criteria to be viable node： a4a73c82-9756-45ac-afed-7299ac804f25 Heaviness: 6 limit: 5
2019-09-20 08:45:12,133 [IPC Server handler 16 on 45031] ERROR pipeline.PipelinePlacementPolicy (PipelinePlacementPolicy.java:filterViableNodes(148)) - Unable to find enough nodes that meet the criteria that cannot engage in more than 5 pipelines. Nodes required: 3 Found: 0, healthy nodes count inNodeManager: 5.
2019-09-20 08:45:12,133 [IPC Server handler 16 on 45031] ERROR pipeline.SCMPipelineManager (SCMPipelineManager.java:createPipeline(161)) - Pipeline creation failed due to exception: Unable to find enough nodes that meet the criteria that cannot engage in more than 5 pipelines. Nodes required: 3 Found: 0, healthy nodes count inNodeManager: 5.
2019-09-20 08:45:12,133 [IPC Server handler 16 on 45031] WARN  block.BlockManagerImpl (BlockManagerImpl.java:allocateBlock(192)) - Pipeline creation failed for type:RATIS factor:THREE. Retrying get pipelines call once.
org.apache.hadoop.hdds.scm.exceptions.SCMException: Unable to find enough nodes that meet the criteria that cannot engage in more than 5 pipelines. Nodes required: 3 Found: 0, healthy nodes count inNodeManager: 5.
	at org.apache.hadoop.hdds.scm.pipeline.PipelinePlacementPolicy.filterViableNodes(PipelinePlacementPolicy.java:149)
	at org.apache.hadoop.hdds.scm.pipeline.PipelinePlacementPolicy.chooseDatanodes(PipelinePlacementPolicy.java:172)
	at org.apache.hadoop.hdds.scm.pipeline.RatisPipelineProvider.create(RatisPipelineProvider.java:92)
	at org.apache.hadoop.hdds.scm.pipeline.PipelineFactory.create(PipelineFactory.java:57)
	at org.apache.hadoop.hdds.scm.pipeline.SCMPipelineManager.createPipeline(SCMPipelineManager.java:149)
	at org.apache.hadoop.hdds.scm.block.BlockManagerImpl.allocateBlock(BlockManagerImpl.java:190)
	at org.apache.hadoop.hdds.scm.server.SCMBlockProtocolServer.allocateBlock(SCMBlockProtocolServer.java:175)
	at org.apache.hadoop.ozone.protocolPB.ScmBlockLocationProtocolServerSideTranslatorPB.allocateScmBlock(ScmBlockLocationProtocolServerSideTranslatorPB.java:153)
	at org.apache.hadoop.ozone.protocolPB.ScmBlockLocationProtocolServerSideTranslatorPB.send(ScmBlockLocationProtocolServerSideTranslatorPB.java:112)
	at org.apache.hadoop.hdds.protocol.proto.ScmBlockLocationProtocolProtos$ScmBlockLocationProtocolService$2.callBlockingMethod(ScmBlockLocationProtocolProtos.java:13157)
	at org.apache.hadoop.ipc.ProtobufRpcEngine$Server$ProtoBufRpcInvoker.call(ProtobufRpcEngine.java:524)
	at org.apache.hadoop.ipc.RPC$Server.call(RPC.java:1025)
	at org.apache.hadoop.ipc.Server$RpcCall.run(Server.java:876)
	at org.apache.hadoop.ipc.Server$RpcCall.run(Server.java:822)
	at java.security.AccessController.doPrivileged(Native Method)
	at javax.security.auth.Subject.doAs(Subject.java:422)
	at org.apache.hadoop.security.UserGroupInformation.doAs(UserGroupInformation.java:1730)
	at org.apache.hadoop.ipc.Server$Handler.run(Server.java:2682)
2019-09-20 08:45:12,134 [IPC Server handler 16 on 45031] INFO  block.BlockManagerImpl (BlockManagerImpl.java:allocateBlock(198)) - Could not find available pipeline of type:RATIS and factor:THREE even after retrying
2019-09-20 08:45:12,134 [IPC Server handler 16 on 45031] ERROR block.BlockManagerImpl (BlockManagerImpl.java:allocateBlock(222)) - Unable to allocate a block for the size: 4194304, type: RATIS, factor: THREE
2019-09-20 08:45:12,134 | INFO  | SCMAudit | user=jenkins1000 | ip=192.168.36.79 | op=ALLOCATE_BLOCK {owner=a1d0c9a2-9b67-4af3-a1f8-8c5669c9b817, size=4194304, type=RATIS, factor=THREE} | ret=SUCCESS |  
2019-09-20 08:45:12,135 | ERROR | OMAudit | user=jenkins1000 | ip=127.0.0.1 | op=CREATE_FILE {volume=volume33664, bucket=bucket91737, key=test/ITestOzoneContractDistCp/largeFilesToRemote/remote/outputDir/.distcp.tmp.attempt_local461659686_0003_m_000001_0, dataSize=0, replicationType=RATIS, replicationFactor=THREE, keyLocationInfo=null} | ret=FAILURE | org.apache.hadoop.hdds.scm.exceptions.SCMException: Allocated 0 blocks. Requested 1 blocks
	at org.apache.hadoop.hdds.scm.protocolPB.ScmBlockLocationProtocolClientSideTranslatorPB.handleError(ScmBlockLocationProtocolClientSideTranslatorPB.java:118)
	at org.apache.hadoop.hdds.scm.protocolPB.ScmBlockLocationProtocolClientSideTranslatorPB.allocateBlock(ScmBlockLocationProtocolClientSideTranslatorPB.java:156) 
2019-09-20 08:45:12,138 | ERROR | OMAudit | user=jenkins1000 | ip=127.0.0.1 | op=GET_FILE_STATUS {volume=volume33664, bucket=bucket91737, key=test/ITestOzoneContractDistCp/largeFilesToRemote/remote/outputDir/.distcp.tmp.attempt_local461659686_0003_m_000001_0, dataSize=0, replicationType=null, replicationFactor=null, keyLocationInfo=null} | ret=FAILURE | FILE_NOT_FOUND org.apache.hadoop.ozone.om.exceptions.OMException: Unable to get file status: volume: volume33664 bucket: bucket91737 key: test/ITestOzoneContractDistCp/largeFilesToRemote/remote/outputDir/.distcp.tmp.attempt_local461659686_0003_m_000001_0
	at org.apache.hadoop.ozone.om.KeyManagerImpl.getFileStatus(KeyManagerImpl.java:1655)
	at org.apache.hadoop.ozone.om.OzoneManager.getFileStatus(OzoneManager.java:2868) 
2019-09-20 08:45:12,139 [LocalJobRunner Map Task Executor #0] WARN  ozone.BasicOzoneFileSystem (BasicOzoneFileSystem.java:delete(437)) - delete: Path does not exist: o3fs://bucket91737.volume33664/test/ITestOzoneContractDistCp/largeFilesToRemote/remote/outputDir/.distcp.tmp.attempt_local461659686_0003_m_000001_0
2019-09-20 08:45:12,139 [LocalJobRunner Map Task Executor #0] ERROR util.RetriableCommand (RetriableCommand.java:execute(89)) - Failure in Retriable command: Copying file:/workdir/hadoop-ozone/ozonefs/target/test-dir/ITestOzoneContractDistCp/largeFilesToRemote/local/inputDir/file2 to o3fs://bucket91737.volume33664/test/ITestOzoneContractDistCp/largeFilesToRemote/remote/outputDir/inputDir/file2
INTERNAL_ERROR org.apache.hadoop.ozone.om.exceptions.OMException: Allocated 0 blocks. Requested 1 blocks
	at org.apache.hadoop.ozone.om.protocolPB.OzoneManagerProtocolClientSideTranslatorPB.handleError(OzoneManagerProtocolClientSideTranslatorPB.java:725)
	at org.apache.hadoop.ozone.om.protocolPB.OzoneManagerProtocolClientSideTranslatorPB.createFile(OzoneManagerProtocolClientSideTranslatorPB.java:1474)
	at org.apache.hadoop.ozone.client.rpc.RpcClient.createFile(RpcClient.java:984)
	at org.apache.hadoop.ozone.client.OzoneBucket.createFile(OzoneBucket.java:535)
	at org.apache.hadoop.fs.ozone.BasicOzoneClientAdapterImpl.createFile(BasicOzoneClientAdapterImpl.java:181)
	at org.apache.hadoop.fs.ozone.BasicOzoneFileSystem.createOutputStream(BasicOzoneFileSystem.java:249)
	at org.apache.hadoop.fs.ozone.BasicOzoneFileSystem.create(BasicOzoneFileSystem.java:230)
	at org.apache.hadoop.fs.FileSystem.create(FileSystem.java:1195)
	at org.apache.hadoop.tools.mapred.RetriableFileCopyCommand.copyToFile(RetriableFileCopyCommand.java:184)
	at org.apache.hadoop.tools.mapred.RetriableFileCopyCommand.doCopy(RetriableFileCopyCommand.java:123)
	at org.apache.hadoop.tools.mapred.RetriableFileCopyCommand.doExecute(RetriableFileCopyCommand.java:99)
	at org.apache.hadoop.tools.util.RetriableCommand.execute(RetriableCommand.java:87)
	at org.apache.hadoop.tools.mapred.CopyMapper.copyFileWithRetry(CopyMapper.java:256)
	at org.apache.hadoop.tools.mapred.CopyMapper.map(CopyMapper.java:217)
	at org.apache.hadoop.tools.mapred.CopyMapper.map(CopyMapper.java:48)
	at org.apache.hadoop.mapreduce.Mapper.run(Mapper.java:146)
	at org.apache.hadoop.mapred.MapTask.runNewMapper(MapTask.java:799)
	at org.apache.hadoop.mapred.MapTask.run(MapTask.java:347)
	at org.apache.hadoop.mapred.LocalJobRunner$Job$MapTaskRunnable.run(LocalJobRunner.java:271)
	at java.util.concurrent.Executors$RunnableAdapter.call(Executors.java:511)
	at java.util.concurrent.FutureTask.run(FutureTask.java:266)
	at java.util.concurrent.ThreadPoolExecutor.runWorker(ThreadPoolExecutor.java:1149)
	at java.util.concurrent.ThreadPoolExecutor$Worker.run(ThreadPoolExecutor.java:624)
	at java.lang.Thread.run(Thread.java:748)
2019-09-20 08:45:12,140 [LocalJobRunner Map Task Executor #0] ERROR mapred.CopyMapper (CopyMapper.java:handleFailures(296)) - Failure in copying file:/workdir/hadoop-ozone/ozonefs/target/test-dir/ITestOzoneContractDistCp/largeFilesToRemote/local/inputDir/file2 to o3fs://bucket91737.volume33664/test/ITestOzoneContractDistCp/largeFilesToRemote/remote/outputDir/inputDir/file2
java.io.IOException: File copy failed: file:/workdir/hadoop-ozone/ozonefs/target/test-dir/ITestOzoneContractDistCp/largeFilesToRemote/local/inputDir/file2 --> o3fs://bucket91737.volume33664/test/ITestOzoneContractDistCp/largeFilesToRemote/remote/outputDir/inputDir/file2
	at org.apache.hadoop.tools.mapred.CopyMapper.copyFileWithRetry(CopyMapper.java:259)
	at org.apache.hadoop.tools.mapred.CopyMapper.map(CopyMapper.java:217)
	at org.apache.hadoop.tools.mapred.CopyMapper.map(CopyMapper.java:48)
	at org.apache.hadoop.mapreduce.Mapper.run(Mapper.java:146)
	at org.apache.hadoop.mapred.MapTask.runNewMapper(MapTask.java:799)
	at org.apache.hadoop.mapred.MapTask.run(MapTask.java:347)
	at org.apache.hadoop.mapred.LocalJobRunner$Job$MapTaskRunnable.run(LocalJobRunner.java:271)
	at java.util.concurrent.Executors$RunnableAdapter.call(Executors.java:511)
	at java.util.concurrent.FutureTask.run(FutureTask.java:266)
	at java.util.concurrent.ThreadPoolExecutor.runWorker(ThreadPoolExecutor.java:1149)
	at java.util.concurrent.ThreadPoolExecutor$Worker.run(ThreadPoolExecutor.java:624)
	at java.lang.Thread.run(Thread.java:748)
Caused by: java.io.IOException: Couldn't run retriable-command: Copying file:/workdir/hadoop-ozone/ozonefs/target/test-dir/ITestOzoneContractDistCp/largeFilesToRemote/local/inputDir/file2 to o3fs://bucket91737.volume33664/test/ITestOzoneContractDistCp/largeFilesToRemote/remote/outputDir/inputDir/file2
	at org.apache.hadoop.tools.util.RetriableCommand.execute(RetriableCommand.java:101)
	at org.apache.hadoop.tools.mapred.CopyMapper.copyFileWithRetry(CopyMapper.java:256)
	... 11 more
Caused by: INTERNAL_ERROR org.apache.hadoop.ozone.om.exceptions.OMException: Allocated 0 blocks. Requested 1 blocks
	at org.apache.hadoop.ozone.om.protocolPB.OzoneManagerProtocolClientSideTranslatorPB.handleError(OzoneManagerProtocolClientSideTranslatorPB.java:725)
	at org.apache.hadoop.ozone.om.protocolPB.OzoneManagerProtocolClientSideTranslatorPB.createFile(OzoneManagerProtocolClientSideTranslatorPB.java:1474)
	at org.apache.hadoop.ozone.client.rpc.RpcClient.createFile(RpcClient.java:984)
	at org.apache.hadoop.ozone.client.OzoneBucket.createFile(OzoneBucket.java:535)
	at org.apache.hadoop.fs.ozone.BasicOzoneClientAdapterImpl.createFile(BasicOzoneClientAdapterImpl.java:181)
	at org.apache.hadoop.fs.ozone.BasicOzoneFileSystem.createOutputStream(BasicOzoneFileSystem.java:249)
	at org.apache.hadoop.fs.ozone.BasicOzoneFileSystem.create(BasicOzoneFileSystem.java:230)
	at org.apache.hadoop.fs.FileSystem.create(FileSystem.java:1195)
	at org.apache.hadoop.tools.mapred.RetriableFileCopyCommand.copyToFile(RetriableFileCopyCommand.java:184)
	at org.apache.hadoop.tools.mapred.RetriableFileCopyCommand.doCopy(RetriableFileCopyCommand.java:123)
	at org.apache.hadoop.tools.mapred.RetriableFileCopyCommand.doExecute(RetriableFileCopyCommand.java:99)
	at org.apache.hadoop.tools.util.RetriableCommand.execute(RetriableCommand.java:87)
	... 12 more
2019-09-20 08:45:12,141 [Thread-631] INFO  mapred.LocalJobRunner (LocalJobRunner.java:runTasks(486)) - map task executor complete.
2019-09-20 08:45:12,146 | INFO  | OMAudit | user=jenkins1000 | ip=127.0.0.1 | op=LIST_STATUS {volume=volume33664, bucket=bucket91737, key=test/ITestOzoneContractDistCp/largeFilesToRemote/remote/outputDir, dataSize=0, replicationType=null, replicationFactor=null, keyLocationInfo=null} | ret=SUCCESS |  
2019-09-20 08:45:12,148 | INFO  | OMAudit | user=jenkins1000 | ip=127.0.0.1 | op=GET_FILE_STATUS {volume=volume33664, bucket=bucket91737, key=test/ITestOzoneContractDistCp/largeFilesToRemote/remote/outputDir, dataSize=0, replicationType=null, replicationFactor=null, keyLocationInfo=null} | ret=SUCCESS |  
2019-09-20 08:45:12,152 | INFO  | OMAudit | user=jenkins1000 | ip=127.0.0.1 | op=LIST_STATUS {volume=volume33664, bucket=bucket91737, key=test/ITestOzoneContractDistCp/largeFilesToRemote/remote, dataSize=0, replicationType=null, replicationFactor=null, keyLocationInfo=null} | ret=SUCCESS |  
2019-09-20 08:45:12,154 | INFO  | OMAudit | user=jenkins1000 | ip=127.0.0.1 | op=GET_FILE_STATUS {volume=volume33664, bucket=bucket91737, key=test/ITestOzoneContractDistCp/largeFilesToRemote/remote, dataSize=0, replicationType=null, replicationFactor=null, keyLocationInfo=null} | ret=SUCCESS |  
2019-09-20 08:45:12,154 [Thread-631] INFO  mapred.CopyCommitter (CopyCommitter.java:cleanup(189)) - Cleaning up temporary work folder: file:/tmp/hadoop/mapred/staging/jenkins10001047836408/.staging/_distcp-1072168159
2019-09-20 08:45:12,158 [Thread-631] WARN  mapred.LocalJobRunner (LocalJobRunner.java:run(590)) - job_local461659686_0003
java.lang.Exception: java.io.IOException: File copy failed: file:/workdir/hadoop-ozone/ozonefs/target/test-dir/ITestOzoneContractDistCp/largeFilesToRemote/local/inputDir/file1 --> o3fs://bucket91737.volume33664/test/ITestOzoneContractDistCp/largeFilesToRemote/remote/outputDir/inputDir/file1
	at org.apache.hadoop.mapred.LocalJobRunner$Job.runTasks(LocalJobRunner.java:492)
	at org.apache.hadoop.mapred.LocalJobRunner$Job.run(LocalJobRunner.java:552)
Caused by: java.io.IOException: File copy failed: file:/workdir/hadoop-ozone/ozonefs/target/test-dir/ITestOzoneContractDistCp/largeFilesToRemote/local/inputDir/file1 --> o3fs://bucket91737.volume33664/test/ITestOzoneContractDistCp/largeFilesToRemote/remote/outputDir/inputDir/file1
	at org.apache.hadoop.tools.mapred.CopyMapper.copyFileWithRetry(CopyMapper.java:259)
	at org.apache.hadoop.tools.mapred.CopyMapper.map(CopyMapper.java:217)
	at org.apache.hadoop.tools.mapred.CopyMapper.map(CopyMapper.java:48)
	at org.apache.hadoop.mapreduce.Mapper.run(Mapper.java:146)
	at org.apache.hadoop.mapred.MapTask.runNewMapper(MapTask.java:799)
	at org.apache.hadoop.mapred.MapTask.run(MapTask.java:347)
	at org.apache.hadoop.mapred.LocalJobRunner$Job$MapTaskRunnable.run(LocalJobRunner.java:271)
	at java.util.concurrent.Executors$RunnableAdapter.call(Executors.java:511)
	at java.util.concurrent.FutureTask.run(FutureTask.java:266)
	at java.util.concurrent.ThreadPoolExecutor.runWorker(ThreadPoolExecutor.java:1149)
	at java.util.concurrent.ThreadPoolExecutor$Worker.run(ThreadPoolExecutor.java:624)
	at java.lang.Thread.run(Thread.java:748)
Caused by: java.io.IOException: Couldn't run retriable-command: Copying file:/workdir/hadoop-ozone/ozonefs/target/test-dir/ITestOzoneContractDistCp/largeFilesToRemote/local/inputDir/file1 to o3fs://bucket91737.volume33664/test/ITestOzoneContractDistCp/largeFilesToRemote/remote/outputDir/inputDir/file1
	at org.apache.hadoop.tools.util.RetriableCommand.execute(RetriableCommand.java:101)
	at org.apache.hadoop.tools.mapred.CopyMapper.copyFileWithRetry(CopyMapper.java:256)
	... 11 more
Caused by: INTERNAL_ERROR org.apache.hadoop.ozone.om.exceptions.OMException: Allocated 0 blocks. Requested 1 blocks
	at org.apache.hadoop.ozone.om.protocolPB.OzoneManagerProtocolClientSideTranslatorPB.handleError(OzoneManagerProtocolClientSideTranslatorPB.java:725)
	at org.apache.hadoop.ozone.om.protocolPB.OzoneManagerProtocolClientSideTranslatorPB.createFile(OzoneManagerProtocolClientSideTranslatorPB.java:1474)
	at org.apache.hadoop.ozone.client.rpc.RpcClient.createFile(RpcClient.java:984)
	at org.apache.hadoop.ozone.client.OzoneBucket.createFile(OzoneBucket.java:535)
	at org.apache.hadoop.fs.ozone.BasicOzoneClientAdapterImpl.createFile(BasicOzoneClientAdapterImpl.java:181)
	at org.apache.hadoop.fs.ozone.BasicOzoneFileSystem.createOutputStream(BasicOzoneFileSystem.java:249)
	at org.apache.hadoop.fs.ozone.BasicOzoneFileSystem.create(BasicOzoneFileSystem.java:230)
	at org.apache.hadoop.fs.FileSystem.create(FileSystem.java:1195)
	at org.apache.hadoop.tools.mapred.RetriableFileCopyCommand.copyToFile(RetriableFileCopyCommand.java:184)
	at org.apache.hadoop.tools.mapred.RetriableFileCopyCommand.doCopy(RetriableFileCopyCommand.java:123)
	at org.apache.hadoop.tools.mapred.RetriableFileCopyCommand.doExecute(RetriableFileCopyCommand.java:99)
	at org.apache.hadoop.tools.util.RetriableCommand.execute(RetriableCommand.java:87)
	... 12 more
2019-09-20 08:45:12,471 | INFO  | SCMAudit | user=jenkins1000 | ip=192.168.36.79 | op=SEND_HEARTBEAT {datanodeUUID=75feff7d-6f48-4002-b580-45a21ea734c6, command=[]} | ret=SUCCESS |  
2019-09-20 08:45:12,476 | INFO  | SCMAudit | user=jenkins1000 | ip=192.168.36.79 | op=SEND_HEARTBEAT {datanodeUUID=b892e876-f5ae-410a-9dfd-4f07fd940729, command=[]} | ret=SUCCESS |  
2019-09-20 08:45:12,488 | INFO  | SCMAudit | user=jenkins1000 | ip=192.168.36.79 | op=SEND_HEARTBEAT {datanodeUUID=aa30552f-ad30-4fe7-9018-411c04218958, command=[]} | ret=SUCCESS |  
2019-09-20 08:45:12,732 | INFO  | SCMAudit | user=jenkins1000 | ip=192.168.36.79 | op=SEND_HEARTBEAT {datanodeUUID=a4a73c82-9756-45ac-afed-7299ac804f25, command=[]} | ret=SUCCESS |  
2019-09-20 08:45:12,753 [Thread-584] INFO  mapreduce.Job (Job.java:monitorAndPrintJob(1647)) -  map 33% reduce 0%
2019-09-20 08:45:12,754 [Thread-584] INFO  mapreduce.Job (Job.java:monitorAndPrintJob(1660)) - Job job_local461659686_0003 failed with state FAILED due to: NA
2019-09-20 08:45:12,756 [Thread-584] INFO  mapreduce.Job (Job.java:monitorAndPrintJob(1665)) - Counters: 22
	File System Counters
		FILE: Number of bytes read=661757
		FILE: Number of bytes written=11978879
		FILE: Number of read operations=0
		FILE: Number of large read operations=0
		FILE: Number of write operations=0
		O3FS: Number of bytes read=0
		O3FS: Number of bytes written=0
		O3FS: Number of read operations=85
		O3FS: Number of large read operations=0
		O3FS: Number of write operations=45
	Map-Reduce Framework
		Map input records=2
		Map output records=0
		Input split bytes=159
		Spilled Records=0
		Failed Shuffles=0
		Merged Map outputs=0
		GC time elapsed (ms)=108
		Total committed heap usage (bytes)=2005925888
	File Input Format Counters 
		Bytes Read=1058
	File Output Format Counters 
		Bytes Written=8
	DistCp Counters
		Bandwidth in Btyes=0
		DIR_COPY=1
2019-09-20 08:45:12,758 | INFO  | OMAudit | user=jenkins1000 | ip=127.0.0.1 | op=GET_FILE_STATUS {volume=volume33664, bucket=bucket91737, key=test, dataSize=0, replicationType=null, replicationFactor=null, keyLocationInfo=null} | ret=SUCCESS |  
2019-09-20 08:45:12,760 | INFO  | OMAudit | user=jenkins1000 | ip=127.0.0.1 | op=GET_FILE_STATUS {volume=volume33664, bucket=bucket91737, key=test, dataSize=0, replicationType=null, replicationFactor=null, keyLocationInfo=null} | ret=SUCCESS |  
2019-09-20 08:45:12,762 | INFO  | OMAudit | user=jenkins1000 | ip=127.0.0.1 | op=GET_FILE_STATUS {volume=volume33664, bucket=bucket91737, key=test, dataSize=0, replicationType=null, replicationFactor=null, keyLocationInfo=null} | ret=SUCCESS |  
2019-09-20 08:45:12,764 | INFO  | OMAudit | user=jenkins1000 | ip=127.0.0.1 | op=LIST_KEYS {volume=volume33664, bucket=bucket91737, startKey=, maxKeys=1000, keyPrefix=test/} | ret=SUCCESS |  
2019-09-20 08:45:12,767 | INFO  | OMAudit | user=jenkins1000 | ip=127.0.0.1 | op=DELETE_KEY {volume=volume33664, bucket=bucket91737, key=test/, dataSize=0, replicationType=null, replicationFactor=null, keyLocationInfo=null} | ret=SUCCESS |  
2019-09-20 08:45:12,768 | INFO  | OMAudit | user=jenkins1000 | ip=127.0.0.1 | op=DELETE_KEY {volume=volume33664, bucket=bucket91737, key=test/ITestOzoneContractDistCp/largeFilesToRemote/, dataSize=0, replicationType=null, replicationFactor=null, keyLocationInfo=null} | ret=SUCCESS |  
2019-09-20 08:45:12,770 | INFO  | OMAudit | user=jenkins1000 | ip=127.0.0.1 | op=DELETE_KEY {volume=volume33664, bucket=bucket91737, key=test/ITestOzoneContractDistCp/largeFilesToRemote/remote/outputDir/inputDir/, dataSize=0, replicationType=null, replicationFactor=null, keyLocationInfo=null} | ret=SUCCESS |  
2019-09-20 08:45:12,772 | INFO  | OMAudit | user=jenkins1000 | ip=127.0.0.1 | op=LIST_KEYS {volume=volume33664, bucket=bucket91737, startKey=test/ITestOzoneContractDistCp/largeFilesToRemote/remote/outputDir/inputDir/, maxKeys=1000, keyPrefix=test/} | ret=SUCCESS |  
]]></system-out>
  </testcase>
  <testcase name="testLargeFilesFromRemote" classname="org.apache.hadoop.fs.ozone.contract.ITestOzoneContractDistCp" time="0.171">
    <error message="Allocated 0 blocks. Requested 1 blocks" type="INTERNAL_ERROR org.apache.hadoop.ozone.om.exceptions.OMException">INTERNAL_ERROR org.apache.hadoop.ozone.om.exceptions.OMException: Allocated 0 blocks. Requested 1 blocks
	at org.apache.hadoop.ozone.om.protocolPB.OzoneManagerProtocolClientSideTranslatorPB.handleError(OzoneManagerProtocolClientSideTranslatorPB.java:725)
	at org.apache.hadoop.ozone.om.protocolPB.OzoneManagerProtocolClientSideTranslatorPB.createFile(OzoneManagerProtocolClientSideTranslatorPB.java:1474)
	at org.apache.hadoop.ozone.client.rpc.RpcClient.createFile(RpcClient.java:984)
	at org.apache.hadoop.ozone.client.OzoneBucket.createFile(OzoneBucket.java:535)
	at org.apache.hadoop.fs.ozone.BasicOzoneClientAdapterImpl.createFile(BasicOzoneClientAdapterImpl.java:181)
	at org.apache.hadoop.fs.ozone.BasicOzoneFileSystem.createOutputStream(BasicOzoneFileSystem.java:249)
	at org.apache.hadoop.fs.ozone.BasicOzoneFileSystem.create(BasicOzoneFileSystem.java:230)
	at org.apache.hadoop.fs.FileSystem.create(FileSystem.java:1118)
	at org.apache.hadoop.fs.FileSystem.create(FileSystem.java:1098)
	at org.apache.hadoop.fs.FileSystem.create(FileSystem.java:987)
	at org.apache.hadoop.fs.contract.ContractTestUtils.createFile(ContractTestUtils.java:633)
	at org.apache.hadoop.tools.contract.AbstractContractDistCpTest.largeFiles(AbstractContractDistCpTest.java:528)
	at org.apache.hadoop.tools.contract.AbstractContractDistCpTest.testLargeFilesFromRemote(AbstractContractDistCpTest.java:464)
	at sun.reflect.NativeMethodAccessorImpl.invoke0(Native Method)
	at sun.reflect.NativeMethodAccessorImpl.invoke(NativeMethodAccessorImpl.java:62)
	at sun.reflect.DelegatingMethodAccessorImpl.invoke(DelegatingMethodAccessorImpl.java:43)
	at java.lang.reflect.Method.invoke(Method.java:498)
	at org.junit.runners.model.FrameworkMethod$1.runReflectiveCall(FrameworkMethod.java:47)
	at org.junit.internal.runners.model.ReflectiveCallable.run(ReflectiveCallable.java:12)
	at org.junit.runners.model.FrameworkMethod.invokeExplosively(FrameworkMethod.java:44)
	at org.junit.internal.runners.statements.InvokeMethod.evaluate(InvokeMethod.java:17)
	at org.junit.internal.runners.statements.RunBefores.evaluate(RunBefores.java:26)
	at org.junit.internal.runners.statements.RunAfters.evaluate(RunAfters.java:27)
	at org.junit.rules.TestWatcher$1.evaluate(TestWatcher.java:55)
	at org.junit.rules.TestWatcher$1.evaluate(TestWatcher.java:55)
	at org.junit.internal.runners.statements.FailOnTimeout$StatementThread.run(FailOnTimeout.java:74)
</error>
    <system-out><![CDATA[2019-09-20 08:45:12,805 [Thread-654] INFO  Configuration.deprecation (Configuration.java:logDeprecation(1394)) - mapred.job.tracker is deprecated. Instead, use mapreduce.jobtracker.address
2019-09-20 08:45:12,807 | INFO  | OMAudit | user=jenkins1000 | ip=127.0.0.1 | op=CREATE_VOLUME {admin=admin46460, owner=user39003, volume=volume74186, creationTime=1568969112807, quotaInBytes=1152921504606846976} | ret=SUCCESS |  
2019-09-20 08:45:12,810 | INFO  | OMAudit | user=jenkins1000 | ip=127.0.0.1 | op=CREATE_BUCKET {volume=volume74186, bucket=bucket68482, acls=[], isVersionEnabled=false, storageType=DISK, creationTime=0} | ret=SUCCESS |  
2019-09-20 08:45:12,870 | INFO  | OMAudit | user=jenkins1000 | ip=127.0.0.1 | op=READ_VOLUME {volume=volume74186} | ret=SUCCESS |  
2019-09-20 08:45:12,872 | INFO  | OMAudit | user=jenkins1000 | ip=127.0.0.1 | op=READ_BUCKET {volume=volume74186, bucket=bucket68482} | ret=SUCCESS |  
2019-09-20 08:45:12,872 [Thread-654] INFO  contract.AbstractFSContractTestBase (AbstractFSContractTestBase.java:setup(184)) - Test filesystem = o3fs://bucket68482.volume74186 implemented by OzoneFileSystem{URI=o3fs://bucket68482.volume74186, workingDir=o3fs://bucket68482.volume74186/user/jenkins1000, userName=jenkins1000, statistics=0 bytes read, 0 bytes written, 93 read ops, 0 large read ops, 48 write ops}
2019-09-20 08:45:12,874 | INFO  | OMAudit | user=jenkins1000 | ip=127.0.0.1 | op=CREATE_DIRECTORY {volume=volume74186, bucket=bucket68482, key=test, dataSize=0, replicationType=null, replicationFactor=null, keyLocationInfo=null} | ret=SUCCESS |  
2019-09-20 08:45:12,889 | INFO  | OMAudit | user=jenkins1000 | ip=127.0.0.1 | op=CREATE_DIRECTORY {volume=volume74186, bucket=bucket68482, key=test/ITestOzoneContractDistCp/testLargeFilesFromRemote/remote, dataSize=0, replicationType=null, replicationFactor=null, keyLocationInfo=null} | ret=SUCCESS |  
2019-09-20 08:45:12,890 | INFO  | OMAudit | user=jenkins1000 | ip=127.0.0.1 | op=GET_FILE_STATUS {volume=volume74186, bucket=bucket68482, key=test/ITestOzoneContractDistCp/testLargeFilesFromRemote/remote, dataSize=0, replicationType=null, replicationFactor=null, keyLocationInfo=null} | ret=SUCCESS |  
2019-09-20 08:45:12,892 | INFO  | OMAudit | user=jenkins1000 | ip=127.0.0.1 | op=GET_FILE_STATUS {volume=volume74186, bucket=bucket68482, key=test/ITestOzoneContractDistCp/testLargeFilesFromRemote/remote, dataSize=0, replicationType=null, replicationFactor=null, keyLocationInfo=null} | ret=SUCCESS |  
2019-09-20 08:45:12,896 | INFO  | OMAudit | user=jenkins1000 | ip=127.0.0.1 | op=LIST_KEYS {volume=volume74186, bucket=bucket68482, startKey=, maxKeys=1000, keyPrefix=test/ITestOzoneContractDistCp/testLargeFilesFromRemote/remote/} | ret=SUCCESS |  
2019-09-20 08:45:12,899 | INFO  | OMAudit | user=jenkins1000 | ip=127.0.0.1 | op=DELETE_KEY {volume=volume74186, bucket=bucket68482, key=test/ITestOzoneContractDistCp/testLargeFilesFromRemote/remote/, dataSize=0, replicationType=null, replicationFactor=null, keyLocationInfo=null} | ret=SUCCESS |  
2019-09-20 08:45:12,901 | INFO  | OMAudit | user=jenkins1000 | ip=127.0.0.1 | op=LIST_KEYS {volume=volume74186, bucket=bucket68482, startKey=test/ITestOzoneContractDistCp/testLargeFilesFromRemote/remote/, maxKeys=1000, keyPrefix=test/ITestOzoneContractDistCp/testLargeFilesFromRemote/remote/} | ret=SUCCESS |  
2019-09-20 08:45:12,903 | ERROR | OMAudit | user=jenkins1000 | ip=127.0.0.1 | op=GET_FILE_STATUS {volume=volume74186, bucket=bucket68482, key=test/ITestOzoneContractDistCp/testLargeFilesFromRemote, dataSize=0, replicationType=null, replicationFactor=null, keyLocationInfo=null} | ret=FAILURE | FILE_NOT_FOUND org.apache.hadoop.ozone.om.exceptions.OMException: Unable to get file status: volume: volume74186 bucket: bucket68482 key: test/ITestOzoneContractDistCp/testLargeFilesFromRemote
	at org.apache.hadoop.ozone.om.KeyManagerImpl.getFileStatus(KeyManagerImpl.java:1655)
	at org.apache.hadoop.ozone.om.OzoneManager.getFileStatus(OzoneManager.java:2868) 
2019-09-20 08:45:12,907 | INFO  | OMAudit | user=jenkins1000 | ip=127.0.0.1 | op=CREATE_DIRECTORY {volume=volume74186, bucket=bucket68482, key=test/ITestOzoneContractDistCp/testLargeFilesFromRemote/, dataSize=0, replicationType=null, replicationFactor=null, keyLocationInfo=null} | ret=SUCCESS |  
2019-09-20 08:45:12,908 [Thread-654] INFO  contract.AbstractFSContractTestBase (AbstractFSContractTestBase.java:describe(255)) - copy multiple large files from remote to local
2019-09-20 08:45:12,910 | INFO  | OMAudit | user=jenkins1000 | ip=127.0.0.1 | op=CREATE_DIRECTORY {volume=volume74186, bucket=bucket68482, key=test/ITestOzoneContractDistCp/testLargeFilesFromRemote/remote/inputDir, dataSize=0, replicationType=null, replicationFactor=null, keyLocationInfo=null} | ret=SUCCESS |  
2019-09-20 08:45:12,911 [Thread-654] INFO  contract.AbstractFSContractTestBase (AbstractContractDistCpTest.java:largeFiles(526)) - testLargeFilesFromRemote with file size 1
2019-09-20 08:45:12,929 [IPC Server handler 1 on 45031] INFO  pipeline.PipelinePlacementPolicy (PipelinePlacementPolicy.java:meetCriteria(91)) - Pipeline Placement: Doesn't meet the criteria to be viable node： aa30552f-ad30-4fe7-9018-411c04218958 Heaviness: 6 limit: 5
2019-09-20 08:45:12,929 [IPC Server handler 1 on 45031] INFO  pipeline.PipelinePlacementPolicy (PipelinePlacementPolicy.java:meetCriteria(91)) - Pipeline Placement: Doesn't meet the criteria to be viable node： b892e876-f5ae-410a-9dfd-4f07fd940729 Heaviness: 6 limit: 5
2019-09-20 08:45:12,929 [IPC Server handler 1 on 45031] INFO  pipeline.PipelinePlacementPolicy (PipelinePlacementPolicy.java:meetCriteria(91)) - Pipeline Placement: Doesn't meet the criteria to be viable node： 75feff7d-6f48-4002-b580-45a21ea734c6 Heaviness: 6 limit: 5
2019-09-20 08:45:12,930 [IPC Server handler 1 on 45031] INFO  pipeline.PipelinePlacementPolicy (PipelinePlacementPolicy.java:meetCriteria(91)) - Pipeline Placement: Doesn't meet the criteria to be viable node： 9123b815-6bfa-48f7-ade2-b84cdc033afa Heaviness: 6 limit: 5
2019-09-20 08:45:12,930 [IPC Server handler 1 on 45031] INFO  pipeline.PipelinePlacementPolicy (PipelinePlacementPolicy.java:meetCriteria(91)) - Pipeline Placement: Doesn't meet the criteria to be viable node： a4a73c82-9756-45ac-afed-7299ac804f25 Heaviness: 6 limit: 5
2019-09-20 08:45:12,930 [IPC Server handler 1 on 45031] ERROR pipeline.PipelinePlacementPolicy (PipelinePlacementPolicy.java:filterViableNodes(148)) - Unable to find enough nodes that meet the criteria that cannot engage in more than 5 pipelines. Nodes required: 3 Found: 0, healthy nodes count inNodeManager: 5.
2019-09-20 08:45:12,930 [IPC Server handler 1 on 45031] ERROR pipeline.SCMPipelineManager (SCMPipelineManager.java:createPipeline(161)) - Pipeline creation failed due to exception: Unable to find enough nodes that meet the criteria that cannot engage in more than 5 pipelines. Nodes required: 3 Found: 0, healthy nodes count inNodeManager: 5.
2019-09-20 08:45:12,930 [IPC Server handler 1 on 45031] WARN  block.BlockManagerImpl (BlockManagerImpl.java:allocateBlock(192)) - Pipeline creation failed for type:RATIS factor:THREE. Retrying get pipelines call once.
org.apache.hadoop.hdds.scm.exceptions.SCMException: Unable to find enough nodes that meet the criteria that cannot engage in more than 5 pipelines. Nodes required: 3 Found: 0, healthy nodes count inNodeManager: 5.
	at org.apache.hadoop.hdds.scm.pipeline.PipelinePlacementPolicy.filterViableNodes(PipelinePlacementPolicy.java:149)
	at org.apache.hadoop.hdds.scm.pipeline.PipelinePlacementPolicy.chooseDatanodes(PipelinePlacementPolicy.java:172)
	at org.apache.hadoop.hdds.scm.pipeline.RatisPipelineProvider.create(RatisPipelineProvider.java:92)
	at org.apache.hadoop.hdds.scm.pipeline.PipelineFactory.create(PipelineFactory.java:57)
	at org.apache.hadoop.hdds.scm.pipeline.SCMPipelineManager.createPipeline(SCMPipelineManager.java:149)
	at org.apache.hadoop.hdds.scm.block.BlockManagerImpl.allocateBlock(BlockManagerImpl.java:190)
	at org.apache.hadoop.hdds.scm.server.SCMBlockProtocolServer.allocateBlock(SCMBlockProtocolServer.java:175)
	at org.apache.hadoop.ozone.protocolPB.ScmBlockLocationProtocolServerSideTranslatorPB.allocateScmBlock(ScmBlockLocationProtocolServerSideTranslatorPB.java:153)
	at org.apache.hadoop.ozone.protocolPB.ScmBlockLocationProtocolServerSideTranslatorPB.send(ScmBlockLocationProtocolServerSideTranslatorPB.java:112)
	at org.apache.hadoop.hdds.protocol.proto.ScmBlockLocationProtocolProtos$ScmBlockLocationProtocolService$2.callBlockingMethod(ScmBlockLocationProtocolProtos.java:13157)
	at org.apache.hadoop.ipc.ProtobufRpcEngine$Server$ProtoBufRpcInvoker.call(ProtobufRpcEngine.java:524)
	at org.apache.hadoop.ipc.RPC$Server.call(RPC.java:1025)
	at org.apache.hadoop.ipc.Server$RpcCall.run(Server.java:876)
	at org.apache.hadoop.ipc.Server$RpcCall.run(Server.java:822)
	at java.security.AccessController.doPrivileged(Native Method)
	at javax.security.auth.Subject.doAs(Subject.java:422)
	at org.apache.hadoop.security.UserGroupInformation.doAs(UserGroupInformation.java:1730)
	at org.apache.hadoop.ipc.Server$Handler.run(Server.java:2682)
2019-09-20 08:45:12,931 [IPC Server handler 1 on 45031] INFO  block.BlockManagerImpl (BlockManagerImpl.java:allocateBlock(198)) - Could not find available pipeline of type:RATIS and factor:THREE even after retrying
2019-09-20 08:45:12,931 [IPC Server handler 1 on 45031] ERROR block.BlockManagerImpl (BlockManagerImpl.java:allocateBlock(222)) - Unable to allocate a block for the size: 4194304, type: RATIS, factor: THREE
2019-09-20 08:45:12,931 | INFO  | SCMAudit | user=jenkins1000 | ip=192.168.36.79 | op=ALLOCATE_BLOCK {owner=a1d0c9a2-9b67-4af3-a1f8-8c5669c9b817, size=4194304, type=RATIS, factor=THREE} | ret=SUCCESS |  
2019-09-20 08:45:12,932 | ERROR | OMAudit | user=jenkins1000 | ip=127.0.0.1 | op=CREATE_FILE {volume=volume74186, bucket=bucket68482, key=test/ITestOzoneContractDistCp/testLargeFilesFromRemote/remote/inputDir/file1, dataSize=0, replicationType=RATIS, replicationFactor=THREE, keyLocationInfo=null} | ret=FAILURE | org.apache.hadoop.hdds.scm.exceptions.SCMException: Allocated 0 blocks. Requested 1 blocks
	at org.apache.hadoop.hdds.scm.protocolPB.ScmBlockLocationProtocolClientSideTranslatorPB.handleError(ScmBlockLocationProtocolClientSideTranslatorPB.java:118)
	at org.apache.hadoop.hdds.scm.protocolPB.ScmBlockLocationProtocolClientSideTranslatorPB.allocateBlock(ScmBlockLocationProtocolClientSideTranslatorPB.java:156) 
2019-09-20 08:45:12,935 | INFO  | OMAudit | user=jenkins1000 | ip=127.0.0.1 | op=GET_FILE_STATUS {volume=volume74186, bucket=bucket68482, key=test, dataSize=0, replicationType=null, replicationFactor=null, keyLocationInfo=null} | ret=SUCCESS |  
2019-09-20 08:45:12,936 | INFO  | OMAudit | user=jenkins1000 | ip=127.0.0.1 | op=GET_FILE_STATUS {volume=volume74186, bucket=bucket68482, key=test, dataSize=0, replicationType=null, replicationFactor=null, keyLocationInfo=null} | ret=SUCCESS |  
2019-09-20 08:45:12,938 | INFO  | OMAudit | user=jenkins1000 | ip=127.0.0.1 | op=GET_FILE_STATUS {volume=volume74186, bucket=bucket68482, key=test, dataSize=0, replicationType=null, replicationFactor=null, keyLocationInfo=null} | ret=SUCCESS |  
2019-09-20 08:45:12,940 | INFO  | OMAudit | user=jenkins1000 | ip=127.0.0.1 | op=LIST_KEYS {volume=volume74186, bucket=bucket68482, startKey=, maxKeys=1000, keyPrefix=test/} | ret=SUCCESS |  
2019-09-20 08:45:12,942 | INFO  | OMAudit | user=jenkins1000 | ip=127.0.0.1 | op=DELETE_KEY {volume=volume74186, bucket=bucket68482, key=test/, dataSize=0, replicationType=null, replicationFactor=null, keyLocationInfo=null} | ret=SUCCESS |  
2019-09-20 08:45:12,944 | INFO  | OMAudit | user=jenkins1000 | ip=127.0.0.1 | op=DELETE_KEY {volume=volume74186, bucket=bucket68482, key=test/ITestOzoneContractDistCp/testLargeFilesFromRemote/, dataSize=0, replicationType=null, replicationFactor=null, keyLocationInfo=null} | ret=SUCCESS |  
2019-09-20 08:45:12,945 | INFO  | OMAudit | user=jenkins1000 | ip=127.0.0.1 | op=DELETE_KEY {volume=volume74186, bucket=bucket68482, key=test/ITestOzoneContractDistCp/testLargeFilesFromRemote/remote/inputDir/, dataSize=0, replicationType=null, replicationFactor=null, keyLocationInfo=null} | ret=SUCCESS |  
2019-09-20 08:45:12,947 | INFO  | OMAudit | user=jenkins1000 | ip=127.0.0.1 | op=LIST_KEYS {volume=volume74186, bucket=bucket68482, startKey=test/ITestOzoneContractDistCp/testLargeFilesFromRemote/remote/inputDir/, maxKeys=1000, keyPrefix=test/} | ret=SUCCESS |  
]]></system-out>
  </testcase>
  <testcase name="testUpdateDeepDirectoryStructureToRemote" classname="org.apache.hadoop.fs.ozone.contract.ITestOzoneContractDistCp" time="25.67">
    <error message="DistCp failure: Job job_local1082070671_0004 has failed: NA" type="java.io.IOException">java.io.IOException: DistCp failure: Job job_local1082070671_0004 has failed: NA
	at org.apache.hadoop.tools.DistCp.waitForJobCompletion(DistCp.java:230)
	at org.apache.hadoop.tools.DistCp.execute(DistCp.java:185)
	at org.apache.hadoop.tools.contract.AbstractContractDistCpTest.runDistCp(AbstractContractDistCpTest.java:560)
	at org.apache.hadoop.tools.contract.AbstractContractDistCpTest.runDistCp(AbstractContractDistCpTest.java:549)
	at org.apache.hadoop.tools.contract.AbstractContractDistCpTest.distCpDeepDirectoryStructure(AbstractContractDistCpTest.java:496)
	at org.apache.hadoop.tools.contract.AbstractContractDistCpTest.testUpdateDeepDirectoryStructureToRemote(AbstractContractDistCpTest.java:223)
	at sun.reflect.NativeMethodAccessorImpl.invoke0(Native Method)
	at sun.reflect.NativeMethodAccessorImpl.invoke(NativeMethodAccessorImpl.java:62)
	at sun.reflect.DelegatingMethodAccessorImpl.invoke(DelegatingMethodAccessorImpl.java:43)
	at java.lang.reflect.Method.invoke(Method.java:498)
	at org.junit.runners.model.FrameworkMethod$1.runReflectiveCall(FrameworkMethod.java:47)
	at org.junit.internal.runners.model.ReflectiveCallable.run(ReflectiveCallable.java:12)
	at org.junit.runners.model.FrameworkMethod.invokeExplosively(FrameworkMethod.java:44)
	at org.junit.internal.runners.statements.InvokeMethod.evaluate(InvokeMethod.java:17)
	at org.junit.internal.runners.statements.RunBefores.evaluate(RunBefores.java:26)
	at org.junit.internal.runners.statements.RunAfters.evaluate(RunAfters.java:27)
	at org.junit.rules.TestWatcher$1.evaluate(TestWatcher.java:55)
	at org.junit.rules.TestWatcher$1.evaluate(TestWatcher.java:55)
	at org.junit.internal.runners.statements.FailOnTimeout$StatementThread.run(FailOnTimeout.java:74)
</error>
    <system-out><![CDATA[2019-09-20 08:45:12,976 | INFO  | SCMAudit | user=jenkins1000 | ip=192.168.36.79 | op=SEND_HEARTBEAT {datanodeUUID=9123b815-6bfa-48f7-ade2-b84cdc033afa, command=[]} | ret=SUCCESS |  
2019-09-20 08:45:12,977 | INFO  | OMAudit | user=jenkins1000 | ip=127.0.0.1 | op=CREATE_VOLUME {admin=admin07136, owner=user25381, volume=volume85291, creationTime=1568969112976, quotaInBytes=1152921504606846976} | ret=SUCCESS |  
2019-09-20 08:45:12,978 | INFO  | OMAudit | user=jenkins1000 | ip=127.0.0.1 | op=CREATE_BUCKET {volume=volume85291, bucket=bucket93347, acls=[], isVersionEnabled=false, storageType=DISK, creationTime=0} | ret=SUCCESS |  
2019-09-20 08:45:13,031 | INFO  | OMAudit | user=jenkins1000 | ip=127.0.0.1 | op=READ_VOLUME {volume=volume85291} | ret=SUCCESS |  
2019-09-20 08:45:13,033 | INFO  | OMAudit | user=jenkins1000 | ip=127.0.0.1 | op=READ_BUCKET {volume=volume85291, bucket=bucket93347} | ret=SUCCESS |  
2019-09-20 08:45:13,033 [Thread-658] INFO  contract.AbstractFSContractTestBase (AbstractFSContractTestBase.java:setup(184)) - Test filesystem = o3fs://bucket93347.volume85291 implemented by OzoneFileSystem{URI=o3fs://bucket93347.volume85291, workingDir=o3fs://bucket93347.volume85291/user/jenkins1000, userName=jenkins1000, statistics=0 bytes read, 0 bytes written, 99 read ops, 0 large read ops, 51 write ops}
2019-09-20 08:45:13,035 | INFO  | OMAudit | user=jenkins1000 | ip=127.0.0.1 | op=CREATE_DIRECTORY {volume=volume85291, bucket=bucket93347, key=test, dataSize=0, replicationType=null, replicationFactor=null, keyLocationInfo=null} | ret=SUCCESS |  
2019-09-20 08:45:13,048 | INFO  | OMAudit | user=jenkins1000 | ip=127.0.0.1 | op=CREATE_DIRECTORY {volume=volume85291, bucket=bucket93347, key=test/ITestOzoneContractDistCp/testUpdateDeepDirectoryStructureToRemote/remote, dataSize=0, replicationType=null, replicationFactor=null, keyLocationInfo=null} | ret=SUCCESS |  
2019-09-20 08:45:13,049 | INFO  | OMAudit | user=jenkins1000 | ip=127.0.0.1 | op=GET_FILE_STATUS {volume=volume85291, bucket=bucket93347, key=test/ITestOzoneContractDistCp/testUpdateDeepDirectoryStructureToRemote/remote, dataSize=0, replicationType=null, replicationFactor=null, keyLocationInfo=null} | ret=SUCCESS |  
2019-09-20 08:45:13,051 | INFO  | OMAudit | user=jenkins1000 | ip=127.0.0.1 | op=GET_FILE_STATUS {volume=volume85291, bucket=bucket93347, key=test/ITestOzoneContractDistCp/testUpdateDeepDirectoryStructureToRemote/remote, dataSize=0, replicationType=null, replicationFactor=null, keyLocationInfo=null} | ret=SUCCESS |  
2019-09-20 08:45:13,052 | INFO  | OMAudit | user=jenkins1000 | ip=127.0.0.1 | op=LIST_KEYS {volume=volume85291, bucket=bucket93347, startKey=, maxKeys=1000, keyPrefix=test/ITestOzoneContractDistCp/testUpdateDeepDirectoryStructureToRemote/remote/} | ret=SUCCESS |  
2019-09-20 08:45:13,054 | INFO  | OMAudit | user=jenkins1000 | ip=127.0.0.1 | op=DELETE_KEY {volume=volume85291, bucket=bucket93347, key=test/ITestOzoneContractDistCp/testUpdateDeepDirectoryStructureToRemote/remote/, dataSize=0, replicationType=null, replicationFactor=null, keyLocationInfo=null} | ret=SUCCESS |  
2019-09-20 08:45:13,055 | INFO  | OMAudit | user=jenkins1000 | ip=127.0.0.1 | op=LIST_KEYS {volume=volume85291, bucket=bucket93347, startKey=test/ITestOzoneContractDistCp/testUpdateDeepDirectoryStructureToRemote/remote/, maxKeys=1000, keyPrefix=test/ITestOzoneContractDistCp/testUpdateDeepDirectoryStructureToRemote/remote/} | ret=SUCCESS |  
2019-09-20 08:45:13,056 | ERROR | OMAudit | user=jenkins1000 | ip=127.0.0.1 | op=GET_FILE_STATUS {volume=volume85291, bucket=bucket93347, key=test/ITestOzoneContractDistCp/testUpdateDeepDirectoryStructureToRemote, dataSize=0, replicationType=null, replicationFactor=null, keyLocationInfo=null} | ret=FAILURE | FILE_NOT_FOUND org.apache.hadoop.ozone.om.exceptions.OMException: Unable to get file status: volume: volume85291 bucket: bucket93347 key: test/ITestOzoneContractDistCp/testUpdateDeepDirectoryStructureToRemote
	at org.apache.hadoop.ozone.om.KeyManagerImpl.getFileStatus(KeyManagerImpl.java:1655)
	at org.apache.hadoop.ozone.om.OzoneManager.getFileStatus(OzoneManager.java:2868) 
2019-09-20 08:45:13,058 | INFO  | OMAudit | user=jenkins1000 | ip=127.0.0.1 | op=CREATE_DIRECTORY {volume=volume85291, bucket=bucket93347, key=test/ITestOzoneContractDistCp/testUpdateDeepDirectoryStructureToRemote/, dataSize=0, replicationType=null, replicationFactor=null, keyLocationInfo=null} | ret=SUCCESS |  
2019-09-20 08:45:13,059 [Thread-658] INFO  contract.AbstractFSContractTestBase (AbstractFSContractTestBase.java:describe(255)) - update a deep directory structure from local to remote
2019-09-20 08:45:13,160 [Thread-658] INFO  impl.MetricsSystemImpl (MetricsSystemImpl.java:init(158)) - JobTracker metrics system started (again)
2019-09-20 08:45:13,188 [Thread-658] INFO  impl.MetricsSystemImpl (MetricsSystemImpl.java:init(158)) - JobTracker metrics system started (again)
2019-09-20 08:45:13,205 | ERROR | OMAudit | user=jenkins1000 | ip=127.0.0.1 | op=GET_FILE_STATUS {volume=volume85291, bucket=bucket93347, key=test/ITestOzoneContractDistCp/testUpdateDeepDirectoryStructureToRemote/remote/outputDir, dataSize=0, replicationType=null, replicationFactor=null, keyLocationInfo=null} | ret=FAILURE | FILE_NOT_FOUND org.apache.hadoop.ozone.om.exceptions.OMException: Unable to get file status: volume: volume85291 bucket: bucket93347 key: test/ITestOzoneContractDistCp/testUpdateDeepDirectoryStructureToRemote/remote/outputDir
	at org.apache.hadoop.ozone.om.KeyManagerImpl.getFileStatus(KeyManagerImpl.java:1655)
	at org.apache.hadoop.ozone.om.OzoneManager.getFileStatus(OzoneManager.java:2868) 
2019-09-20 08:45:13,291 [Thread-658] INFO  tools.SimpleCopyListing (SimpleCopyListing.java:printStats(608)) - Paths (files+dirs) cnt = 11; dirCnt = 6
2019-09-20 08:45:13,295 [Thread-658] INFO  tools.SimpleCopyListing (SimpleCopyListing.java:doBuildListing(402)) - Build file listing completed.
2019-09-20 08:45:13,308 [Thread-658] INFO  tools.DistCp (CopyListing.java:buildListing(94)) - Number of paths in the copy list: 11
2019-09-20 08:45:13,322 [Thread-658] INFO  tools.DistCp (CopyListing.java:buildListing(94)) - Number of paths in the copy list: 11
2019-09-20 08:45:13,323 [Thread-658] INFO  impl.MetricsSystemImpl (MetricsSystemImpl.java:init(158)) - JobTracker metrics system started (again)
2019-09-20 08:45:13,337 [Thread-658] WARN  mapreduce.JobResourceUploader (JobResourceUploader.java:uploadResourcesInternal(147)) - Hadoop command-line option parsing not performed. Implement the Tool interface and execute your application with ToolRunner to remedy this.
2019-09-20 08:45:13,400 [Thread-658] INFO  mapreduce.JobSubmitter (JobSubmitter.java:submitJobInternal(202)) - number of splits:10
2019-09-20 08:45:13,443 [Thread-658] INFO  mapreduce.JobSubmitter (JobSubmitter.java:printTokens(298)) - Submitting tokens for job: job_local1082070671_0004
2019-09-20 08:45:13,443 [Thread-658] INFO  mapreduce.JobSubmitter (JobSubmitter.java:printTokens(299)) - Executing with tokens: []
2019-09-20 08:45:13,471 | INFO  | SCMAudit | user=jenkins1000 | ip=192.168.36.79 | op=SEND_HEARTBEAT {datanodeUUID=75feff7d-6f48-4002-b580-45a21ea734c6, command=[]} | ret=SUCCESS |  
2019-09-20 08:45:13,476 | INFO  | SCMAudit | user=jenkins1000 | ip=192.168.36.79 | op=SEND_HEARTBEAT {datanodeUUID=b892e876-f5ae-410a-9dfd-4f07fd940729, command=[]} | ret=SUCCESS |  
2019-09-20 08:45:13,491 | INFO  | SCMAudit | user=jenkins1000 | ip=192.168.36.79 | op=SEND_HEARTBEAT {datanodeUUID=aa30552f-ad30-4fe7-9018-411c04218958, command=[]} | ret=SUCCESS |  
2019-09-20 08:45:13,570 [Thread-658] INFO  mapreduce.Job (Job.java:submit(1574)) - The url to track the job: http://localhost:8080/
2019-09-20 08:45:13,575 [Thread-720] INFO  mapred.LocalJobRunner (LocalJobRunner.java:createOutputCommitter(501)) - OutputCommitter set in config null
2019-09-20 08:45:13,575 [Thread-658] INFO  tools.DistCp (DistCp.java:createAndSubmitJob(217)) - DistCp job-id: job_local1082070671_0004
2019-09-20 08:45:13,575 [Thread-658] INFO  mapreduce.Job (Job.java:monitorAndPrintJob(1619)) - Running job: job_local1082070671_0004
2019-09-20 08:45:13,575 [Thread-720] INFO  output.FileOutputCommitter (FileOutputCommitter.java:<init>(140)) - File Output Committer Algorithm version is 2
2019-09-20 08:45:13,575 [Thread-720] INFO  output.FileOutputCommitter (FileOutputCommitter.java:<init>(155)) - FileOutputCommitter skip cleanup _temporary folders under output directory:false, ignore cleanup failures: false
2019-09-20 08:45:13,576 [Thread-720] INFO  mapred.LocalJobRunner (LocalJobRunner.java:createOutputCommitter(519)) - OutputCommitter is org.apache.hadoop.tools.mapred.CopyCommitter
2019-09-20 08:45:13,604 [Thread-720] INFO  mapred.LocalJobRunner (LocalJobRunner.java:runTasks(478)) - Waiting for map tasks
2019-09-20 08:45:13,604 [LocalJobRunner Map Task Executor #0] INFO  mapred.LocalJobRunner (LocalJobRunner.java:run(252)) - Starting task: attempt_local1082070671_0004_m_000000_0
2019-09-20 08:45:13,605 [LocalJobRunner Map Task Executor #0] INFO  output.FileOutputCommitter (FileOutputCommitter.java:<init>(140)) - File Output Committer Algorithm version is 2
2019-09-20 08:45:13,605 [LocalJobRunner Map Task Executor #0] INFO  output.FileOutputCommitter (FileOutputCommitter.java:<init>(155)) - FileOutputCommitter skip cleanup _temporary folders under output directory:false, ignore cleanup failures: false
2019-09-20 08:45:13,605 [LocalJobRunner Map Task Executor #0] INFO  mapred.Task (Task.java:initialize(626)) -  Using ResourceCalculatorProcessTree : [ ]
2019-09-20 08:45:13,607 [LocalJobRunner Map Task Executor #0] INFO  mapred.MapTask (MapTask.java:runNewMapper(768)) - Processing split: file:/tmp/hadoop/mapred/staging/jenkins1000914064944/.staging/_distcp-1013877531/fileList.seq:1431+554
2019-09-20 08:45:13,607 [LocalJobRunner Map Task Executor #0] INFO  output.FileOutputCommitter (FileOutputCommitter.java:<init>(140)) - File Output Committer Algorithm version is 2
2019-09-20 08:45:13,608 [LocalJobRunner Map Task Executor #0] INFO  output.FileOutputCommitter (FileOutputCommitter.java:<init>(155)) - FileOutputCommitter skip cleanup _temporary folders under output directory:false, ignore cleanup failures: false
2019-09-20 08:45:13,633 | ERROR | OMAudit | user=jenkins1000 | ip=127.0.0.1 | op=GET_FILE_STATUS {volume=volume85291, bucket=bucket93347, key=test/ITestOzoneContractDistCp/testUpdateDeepDirectoryStructureToRemote/remote/outputDir, dataSize=0, replicationType=null, replicationFactor=null, keyLocationInfo=null} | ret=FAILURE | FILE_NOT_FOUND org.apache.hadoop.ozone.om.exceptions.OMException: Unable to get file status: volume: volume85291 bucket: bucket93347 key: test/ITestOzoneContractDistCp/testUpdateDeepDirectoryStructureToRemote/remote/outputDir
	at org.apache.hadoop.ozone.om.KeyManagerImpl.getFileStatus(KeyManagerImpl.java:1655)
	at org.apache.hadoop.ozone.om.OzoneManager.getFileStatus(OzoneManager.java:2868) 
2019-09-20 08:45:13,634 [LocalJobRunner Map Task Executor #0] INFO  mapred.CopyMapper (CopyMapper.java:map(154)) - Copying file:/workdir/hadoop-ozone/ozonefs/target/test-dir/ITestOzoneContractDistCp/testUpdateDeepDirectoryStructureToRemote/local/inputDir/file1 to o3fs://bucket93347.volume85291/test/ITestOzoneContractDistCp/testUpdateDeepDirectoryStructureToRemote/remote/outputDir/inputDir/file1
2019-09-20 08:45:13,642 | ERROR | OMAudit | user=jenkins1000 | ip=127.0.0.1 | op=GET_FILE_STATUS {volume=volume85291, bucket=bucket93347, key=test/ITestOzoneContractDistCp/testUpdateDeepDirectoryStructureToRemote/remote/outputDir/inputDir/file1, dataSize=0, replicationType=null, replicationFactor=null, keyLocationInfo=null} | ret=FAILURE | FILE_NOT_FOUND org.apache.hadoop.ozone.om.exceptions.OMException: Unable to get file status: volume: volume85291 bucket: bucket93347 key: test/ITestOzoneContractDistCp/testUpdateDeepDirectoryStructureToRemote/remote/outputDir/inputDir/file1
	at org.apache.hadoop.ozone.om.KeyManagerImpl.getFileStatus(KeyManagerImpl.java:1655)
	at org.apache.hadoop.ozone.om.OzoneManager.getFileStatus(OzoneManager.java:2868) 
2019-09-20 08:45:13,646 [LocalJobRunner Map Task Executor #0] INFO  mapred.RetriableFileCopyCommand (RetriableFileCopyCommand.java:getTmpFile(260)) - Creating temp file: o3fs://bucket93347.volume85291/test/ITestOzoneContractDistCp/testUpdateDeepDirectoryStructureToRemote/remote/outputDir/.distcp.tmp.attempt_local1082070671_0004_m_000000_0
2019-09-20 08:45:13,652 [IPC Server handler 0 on 45031] INFO  pipeline.PipelinePlacementPolicy (PipelinePlacementPolicy.java:meetCriteria(91)) - Pipeline Placement: Doesn't meet the criteria to be viable node： aa30552f-ad30-4fe7-9018-411c04218958 Heaviness: 6 limit: 5
2019-09-20 08:45:13,653 [IPC Server handler 0 on 45031] INFO  pipeline.PipelinePlacementPolicy (PipelinePlacementPolicy.java:meetCriteria(91)) - Pipeline Placement: Doesn't meet the criteria to be viable node： b892e876-f5ae-410a-9dfd-4f07fd940729 Heaviness: 6 limit: 5
2019-09-20 08:45:13,653 [IPC Server handler 0 on 45031] INFO  pipeline.PipelinePlacementPolicy (PipelinePlacementPolicy.java:meetCriteria(91)) - Pipeline Placement: Doesn't meet the criteria to be viable node： 75feff7d-6f48-4002-b580-45a21ea734c6 Heaviness: 6 limit: 5
2019-09-20 08:45:13,653 [IPC Server handler 0 on 45031] INFO  pipeline.PipelinePlacementPolicy (PipelinePlacementPolicy.java:meetCriteria(91)) - Pipeline Placement: Doesn't meet the criteria to be viable node： 9123b815-6bfa-48f7-ade2-b84cdc033afa Heaviness: 6 limit: 5
2019-09-20 08:45:13,654 [IPC Server handler 0 on 45031] INFO  pipeline.PipelinePlacementPolicy (PipelinePlacementPolicy.java:meetCriteria(91)) - Pipeline Placement: Doesn't meet the criteria to be viable node： a4a73c82-9756-45ac-afed-7299ac804f25 Heaviness: 6 limit: 5
2019-09-20 08:45:13,654 [IPC Server handler 0 on 45031] ERROR pipeline.PipelinePlacementPolicy (PipelinePlacementPolicy.java:filterViableNodes(148)) - Unable to find enough nodes that meet the criteria that cannot engage in more than 5 pipelines. Nodes required: 3 Found: 0, healthy nodes count inNodeManager: 5.
2019-09-20 08:45:13,654 [IPC Server handler 0 on 45031] ERROR pipeline.SCMPipelineManager (SCMPipelineManager.java:createPipeline(161)) - Pipeline creation failed due to exception: Unable to find enough nodes that meet the criteria that cannot engage in more than 5 pipelines. Nodes required: 3 Found: 0, healthy nodes count inNodeManager: 5.
2019-09-20 08:45:13,654 [IPC Server handler 0 on 45031] WARN  block.BlockManagerImpl (BlockManagerImpl.java:allocateBlock(192)) - Pipeline creation failed for type:RATIS factor:THREE. Retrying get pipelines call once.
org.apache.hadoop.hdds.scm.exceptions.SCMException: Unable to find enough nodes that meet the criteria that cannot engage in more than 5 pipelines. Nodes required: 3 Found: 0, healthy nodes count inNodeManager: 5.
	at org.apache.hadoop.hdds.scm.pipeline.PipelinePlacementPolicy.filterViableNodes(PipelinePlacementPolicy.java:149)
	at org.apache.hadoop.hdds.scm.pipeline.PipelinePlacementPolicy.chooseDatanodes(PipelinePlacementPolicy.java:172)
	at org.apache.hadoop.hdds.scm.pipeline.RatisPipelineProvider.create(RatisPipelineProvider.java:92)
	at org.apache.hadoop.hdds.scm.pipeline.PipelineFactory.create(PipelineFactory.java:57)
	at org.apache.hadoop.hdds.scm.pipeline.SCMPipelineManager.createPipeline(SCMPipelineManager.java:149)
	at org.apache.hadoop.hdds.scm.block.BlockManagerImpl.allocateBlock(BlockManagerImpl.java:190)
	at org.apache.hadoop.hdds.scm.server.SCMBlockProtocolServer.allocateBlock(SCMBlockProtocolServer.java:175)
	at org.apache.hadoop.ozone.protocolPB.ScmBlockLocationProtocolServerSideTranslatorPB.allocateScmBlock(ScmBlockLocationProtocolServerSideTranslatorPB.java:153)
	at org.apache.hadoop.ozone.protocolPB.ScmBlockLocationProtocolServerSideTranslatorPB.send(ScmBlockLocationProtocolServerSideTranslatorPB.java:112)
	at org.apache.hadoop.hdds.protocol.proto.ScmBlockLocationProtocolProtos$ScmBlockLocationProtocolService$2.callBlockingMethod(ScmBlockLocationProtocolProtos.java:13157)
	at org.apache.hadoop.ipc.ProtobufRpcEngine$Server$ProtoBufRpcInvoker.call(ProtobufRpcEngine.java:524)
	at org.apache.hadoop.ipc.RPC$Server.call(RPC.java:1025)
	at org.apache.hadoop.ipc.Server$RpcCall.run(Server.java:876)
	at org.apache.hadoop.ipc.Server$RpcCall.run(Server.java:822)
	at java.security.AccessController.doPrivileged(Native Method)
	at javax.security.auth.Subject.doAs(Subject.java:422)
	at org.apache.hadoop.security.UserGroupInformation.doAs(UserGroupInformation.java:1730)
	at org.apache.hadoop.ipc.Server$Handler.run(Server.java:2682)
2019-09-20 08:45:13,655 [IPC Server handler 0 on 45031] INFO  block.BlockManagerImpl (BlockManagerImpl.java:allocateBlock(198)) - Could not find available pipeline of type:RATIS and factor:THREE even after retrying
2019-09-20 08:45:13,655 [IPC Server handler 0 on 45031] ERROR block.BlockManagerImpl (BlockManagerImpl.java:allocateBlock(222)) - Unable to allocate a block for the size: 4194304, type: RATIS, factor: THREE
2019-09-20 08:45:13,655 | INFO  | SCMAudit | user=jenkins1000 | ip=192.168.36.79 | op=ALLOCATE_BLOCK {owner=a1d0c9a2-9b67-4af3-a1f8-8c5669c9b817, size=4194304, type=RATIS, factor=THREE} | ret=SUCCESS |  
2019-09-20 08:45:13,656 | ERROR | OMAudit | user=jenkins1000 | ip=127.0.0.1 | op=CREATE_FILE {volume=volume85291, bucket=bucket93347, key=test/ITestOzoneContractDistCp/testUpdateDeepDirectoryStructureToRemote/remote/outputDir/.distcp.tmp.attempt_local1082070671_0004_m_000000_0, dataSize=0, replicationType=RATIS, replicationFactor=THREE, keyLocationInfo=null} | ret=FAILURE | org.apache.hadoop.hdds.scm.exceptions.SCMException: Allocated 0 blocks. Requested 1 blocks
	at org.apache.hadoop.hdds.scm.protocolPB.ScmBlockLocationProtocolClientSideTranslatorPB.handleError(ScmBlockLocationProtocolClientSideTranslatorPB.java:118)
	at org.apache.hadoop.hdds.scm.protocolPB.ScmBlockLocationProtocolClientSideTranslatorPB.allocateBlock(ScmBlockLocationProtocolClientSideTranslatorPB.java:156) 
2019-09-20 08:45:13,658 | ERROR | OMAudit | user=jenkins1000 | ip=127.0.0.1 | op=GET_FILE_STATUS {volume=volume85291, bucket=bucket93347, key=test/ITestOzoneContractDistCp/testUpdateDeepDirectoryStructureToRemote/remote/outputDir/.distcp.tmp.attempt_local1082070671_0004_m_000000_0, dataSize=0, replicationType=null, replicationFactor=null, keyLocationInfo=null} | ret=FAILURE | FILE_NOT_FOUND org.apache.hadoop.ozone.om.exceptions.OMException: Unable to get file status: volume: volume85291 bucket: bucket93347 key: test/ITestOzoneContractDistCp/testUpdateDeepDirectoryStructureToRemote/remote/outputDir/.distcp.tmp.attempt_local1082070671_0004_m_000000_0
	at org.apache.hadoop.ozone.om.KeyManagerImpl.getFileStatus(KeyManagerImpl.java:1655)
	at org.apache.hadoop.ozone.om.OzoneManager.getFileStatus(OzoneManager.java:2868) 
2019-09-20 08:45:13,659 [LocalJobRunner Map Task Executor #0] WARN  ozone.BasicOzoneFileSystem (BasicOzoneFileSystem.java:delete(437)) - delete: Path does not exist: o3fs://bucket93347.volume85291/test/ITestOzoneContractDistCp/testUpdateDeepDirectoryStructureToRemote/remote/outputDir/.distcp.tmp.attempt_local1082070671_0004_m_000000_0
2019-09-20 08:45:13,659 [LocalJobRunner Map Task Executor #0] ERROR util.RetriableCommand (RetriableCommand.java:execute(89)) - Failure in Retriable command: Copying file:/workdir/hadoop-ozone/ozonefs/target/test-dir/ITestOzoneContractDistCp/testUpdateDeepDirectoryStructureToRemote/local/inputDir/file1 to o3fs://bucket93347.volume85291/test/ITestOzoneContractDistCp/testUpdateDeepDirectoryStructureToRemote/remote/outputDir/inputDir/file1
INTERNAL_ERROR org.apache.hadoop.ozone.om.exceptions.OMException: Allocated 0 blocks. Requested 1 blocks
	at org.apache.hadoop.ozone.om.protocolPB.OzoneManagerProtocolClientSideTranslatorPB.handleError(OzoneManagerProtocolClientSideTranslatorPB.java:725)
	at org.apache.hadoop.ozone.om.protocolPB.OzoneManagerProtocolClientSideTranslatorPB.createFile(OzoneManagerProtocolClientSideTranslatorPB.java:1474)
	at org.apache.hadoop.ozone.client.rpc.RpcClient.createFile(RpcClient.java:984)
	at org.apache.hadoop.ozone.client.OzoneBucket.createFile(OzoneBucket.java:535)
	at org.apache.hadoop.fs.ozone.BasicOzoneClientAdapterImpl.createFile(BasicOzoneClientAdapterImpl.java:181)
	at org.apache.hadoop.fs.ozone.BasicOzoneFileSystem.createOutputStream(BasicOzoneFileSystem.java:249)
	at org.apache.hadoop.fs.ozone.BasicOzoneFileSystem.create(BasicOzoneFileSystem.java:230)
	at org.apache.hadoop.fs.FileSystem.create(FileSystem.java:1195)
	at org.apache.hadoop.tools.mapred.RetriableFileCopyCommand.copyToFile(RetriableFileCopyCommand.java:184)
	at org.apache.hadoop.tools.mapred.RetriableFileCopyCommand.doCopy(RetriableFileCopyCommand.java:123)
	at org.apache.hadoop.tools.mapred.RetriableFileCopyCommand.doExecute(RetriableFileCopyCommand.java:99)
	at org.apache.hadoop.tools.util.RetriableCommand.execute(RetriableCommand.java:87)
	at org.apache.hadoop.tools.mapred.CopyMapper.copyFileWithRetry(CopyMapper.java:256)
	at org.apache.hadoop.tools.mapred.CopyMapper.map(CopyMapper.java:217)
	at org.apache.hadoop.tools.mapred.CopyMapper.map(CopyMapper.java:48)
	at org.apache.hadoop.mapreduce.Mapper.run(Mapper.java:146)
	at org.apache.hadoop.mapred.MapTask.runNewMapper(MapTask.java:799)
	at org.apache.hadoop.mapred.MapTask.run(MapTask.java:347)
	at org.apache.hadoop.mapred.LocalJobRunner$Job$MapTaskRunnable.run(LocalJobRunner.java:271)
	at java.util.concurrent.Executors$RunnableAdapter.call(Executors.java:511)
	at java.util.concurrent.FutureTask.run(FutureTask.java:266)
	at java.util.concurrent.ThreadPoolExecutor.runWorker(ThreadPoolExecutor.java:1149)
	at java.util.concurrent.ThreadPoolExecutor$Worker.run(ThreadPoolExecutor.java:624)
	at java.lang.Thread.run(Thread.java:748)
2019-09-20 08:45:13,733 | INFO  | SCMAudit | user=jenkins1000 | ip=192.168.36.79 | op=SEND_HEARTBEAT {datanodeUUID=a4a73c82-9756-45ac-afed-7299ac804f25, command=[]} | ret=SUCCESS |  
2019-09-20 08:45:13,976 | INFO  | SCMAudit | user=jenkins1000 | ip=192.168.36.79 | op=SEND_HEARTBEAT {datanodeUUID=9123b815-6bfa-48f7-ade2-b84cdc033afa, command=[]} | ret=SUCCESS |  
2019-09-20 08:45:14,472 | INFO  | SCMAudit | user=jenkins1000 | ip=192.168.36.79 | op=SEND_HEARTBEAT {datanodeUUID=75feff7d-6f48-4002-b580-45a21ea734c6, command=[]} | ret=SUCCESS |  
2019-09-20 08:45:14,475 | INFO  | SCMAudit | user=jenkins1000 | ip=192.168.36.79 | op=SEND_HEARTBEAT {datanodeUUID=b892e876-f5ae-410a-9dfd-4f07fd940729, command=[]} | ret=SUCCESS |  
2019-09-20 08:45:14,489 | INFO  | SCMAudit | user=jenkins1000 | ip=192.168.36.79 | op=SEND_HEARTBEAT {datanodeUUID=aa30552f-ad30-4fe7-9018-411c04218958, command=[]} | ret=SUCCESS |  
2019-09-20 08:45:14,576 [Thread-658] INFO  mapreduce.Job (Job.java:monitorAndPrintJob(1640)) - Job job_local1082070671_0004 running in uber mode : false
2019-09-20 08:45:14,577 [Thread-658] INFO  mapreduce.Job (Job.java:monitorAndPrintJob(1647)) -  map 0% reduce 0%
2019-09-20 08:45:14,732 | INFO  | SCMAudit | user=jenkins1000 | ip=192.168.36.79 | op=SEND_HEARTBEAT {datanodeUUID=a4a73c82-9756-45ac-afed-7299ac804f25, command=[]} | ret=SUCCESS |  
2019-09-20 08:45:14,976 | INFO  | SCMAudit | user=jenkins1000 | ip=192.168.36.79 | op=SEND_HEARTBEAT {datanodeUUID=9123b815-6bfa-48f7-ade2-b84cdc033afa, command=[]} | ret=SUCCESS |  
2019-09-20 08:45:15,472 | INFO  | SCMAudit | user=jenkins1000 | ip=192.168.36.79 | op=SEND_HEARTBEAT {datanodeUUID=75feff7d-6f48-4002-b580-45a21ea734c6, command=[]} | ret=SUCCESS |  
2019-09-20 08:45:15,476 | INFO  | SCMAudit | user=jenkins1000 | ip=192.168.36.79 | op=SEND_HEARTBEAT {datanodeUUID=b892e876-f5ae-410a-9dfd-4f07fd940729, command=[]} | ret=SUCCESS |  
2019-09-20 08:45:15,489 | INFO  | SCMAudit | user=jenkins1000 | ip=192.168.36.79 | op=SEND_HEARTBEAT {datanodeUUID=aa30552f-ad30-4fe7-9018-411c04218958, command=[]} | ret=SUCCESS |  
2019-09-20 08:45:15,531 [LocalJobRunner Map Task Executor #0] INFO  mapred.RetriableFileCopyCommand (RetriableFileCopyCommand.java:getTmpFile(260)) - Creating temp file: o3fs://bucket93347.volume85291/test/ITestOzoneContractDistCp/testUpdateDeepDirectoryStructureToRemote/remote/outputDir/.distcp.tmp.attempt_local1082070671_0004_m_000000_0
2019-09-20 08:45:15,536 [IPC Server handler 4 on 45031] INFO  pipeline.PipelinePlacementPolicy (PipelinePlacementPolicy.java:meetCriteria(91)) - Pipeline Placement: Doesn't meet the criteria to be viable node： aa30552f-ad30-4fe7-9018-411c04218958 Heaviness: 6 limit: 5
2019-09-20 08:45:15,537 [IPC Server handler 4 on 45031] INFO  pipeline.PipelinePlacementPolicy (PipelinePlacementPolicy.java:meetCriteria(91)) - Pipeline Placement: Doesn't meet the criteria to be viable node： b892e876-f5ae-410a-9dfd-4f07fd940729 Heaviness: 6 limit: 5
2019-09-20 08:45:15,537 [IPC Server handler 4 on 45031] INFO  pipeline.PipelinePlacementPolicy (PipelinePlacementPolicy.java:meetCriteria(91)) - Pipeline Placement: Doesn't meet the criteria to be viable node： 75feff7d-6f48-4002-b580-45a21ea734c6 Heaviness: 6 limit: 5
2019-09-20 08:45:15,537 [IPC Server handler 4 on 45031] INFO  pipeline.PipelinePlacementPolicy (PipelinePlacementPolicy.java:meetCriteria(91)) - Pipeline Placement: Doesn't meet the criteria to be viable node： 9123b815-6bfa-48f7-ade2-b84cdc033afa Heaviness: 6 limit: 5
2019-09-20 08:45:15,537 [IPC Server handler 4 on 45031] INFO  pipeline.PipelinePlacementPolicy (PipelinePlacementPolicy.java:meetCriteria(91)) - Pipeline Placement: Doesn't meet the criteria to be viable node： a4a73c82-9756-45ac-afed-7299ac804f25 Heaviness: 6 limit: 5
2019-09-20 08:45:15,538 [IPC Server handler 4 on 45031] ERROR pipeline.PipelinePlacementPolicy (PipelinePlacementPolicy.java:filterViableNodes(148)) - Unable to find enough nodes that meet the criteria that cannot engage in more than 5 pipelines. Nodes required: 3 Found: 0, healthy nodes count inNodeManager: 5.
2019-09-20 08:45:15,538 [IPC Server handler 4 on 45031] ERROR pipeline.SCMPipelineManager (SCMPipelineManager.java:createPipeline(161)) - Pipeline creation failed due to exception: Unable to find enough nodes that meet the criteria that cannot engage in more than 5 pipelines. Nodes required: 3 Found: 0, healthy nodes count inNodeManager: 5.
2019-09-20 08:45:15,538 [IPC Server handler 4 on 45031] WARN  block.BlockManagerImpl (BlockManagerImpl.java:allocateBlock(192)) - Pipeline creation failed for type:RATIS factor:THREE. Retrying get pipelines call once.
org.apache.hadoop.hdds.scm.exceptions.SCMException: Unable to find enough nodes that meet the criteria that cannot engage in more than 5 pipelines. Nodes required: 3 Found: 0, healthy nodes count inNodeManager: 5.
	at org.apache.hadoop.hdds.scm.pipeline.PipelinePlacementPolicy.filterViableNodes(PipelinePlacementPolicy.java:149)
	at org.apache.hadoop.hdds.scm.pipeline.PipelinePlacementPolicy.chooseDatanodes(PipelinePlacementPolicy.java:172)
	at org.apache.hadoop.hdds.scm.pipeline.RatisPipelineProvider.create(RatisPipelineProvider.java:92)
	at org.apache.hadoop.hdds.scm.pipeline.PipelineFactory.create(PipelineFactory.java:57)
	at org.apache.hadoop.hdds.scm.pipeline.SCMPipelineManager.createPipeline(SCMPipelineManager.java:149)
	at org.apache.hadoop.hdds.scm.block.BlockManagerImpl.allocateBlock(BlockManagerImpl.java:190)
	at org.apache.hadoop.hdds.scm.server.SCMBlockProtocolServer.allocateBlock(SCMBlockProtocolServer.java:175)
	at org.apache.hadoop.ozone.protocolPB.ScmBlockLocationProtocolServerSideTranslatorPB.allocateScmBlock(ScmBlockLocationProtocolServerSideTranslatorPB.java:153)
	at org.apache.hadoop.ozone.protocolPB.ScmBlockLocationProtocolServerSideTranslatorPB.send(ScmBlockLocationProtocolServerSideTranslatorPB.java:112)
	at org.apache.hadoop.hdds.protocol.proto.ScmBlockLocationProtocolProtos$ScmBlockLocationProtocolService$2.callBlockingMethod(ScmBlockLocationProtocolProtos.java:13157)
	at org.apache.hadoop.ipc.ProtobufRpcEngine$Server$ProtoBufRpcInvoker.call(ProtobufRpcEngine.java:524)
	at org.apache.hadoop.ipc.RPC$Server.call(RPC.java:1025)
	at org.apache.hadoop.ipc.Server$RpcCall.run(Server.java:876)
	at org.apache.hadoop.ipc.Server$RpcCall.run(Server.java:822)
	at java.security.AccessController.doPrivileged(Native Method)
	at javax.security.auth.Subject.doAs(Subject.java:422)
	at org.apache.hadoop.security.UserGroupInformation.doAs(UserGroupInformation.java:1730)
	at org.apache.hadoop.ipc.Server$Handler.run(Server.java:2682)
2019-09-20 08:45:15,539 [IPC Server handler 4 on 45031] INFO  block.BlockManagerImpl (BlockManagerImpl.java:allocateBlock(198)) - Could not find available pipeline of type:RATIS and factor:THREE even after retrying
2019-09-20 08:45:15,539 [IPC Server handler 4 on 45031] ERROR block.BlockManagerImpl (BlockManagerImpl.java:allocateBlock(222)) - Unable to allocate a block for the size: 4194304, type: RATIS, factor: THREE
2019-09-20 08:45:15,539 | INFO  | SCMAudit | user=jenkins1000 | ip=192.168.36.79 | op=ALLOCATE_BLOCK {owner=a1d0c9a2-9b67-4af3-a1f8-8c5669c9b817, size=4194304, type=RATIS, factor=THREE} | ret=SUCCESS |  
2019-09-20 08:45:15,540 | ERROR | OMAudit | user=jenkins1000 | ip=127.0.0.1 | op=CREATE_FILE {volume=volume85291, bucket=bucket93347, key=test/ITestOzoneContractDistCp/testUpdateDeepDirectoryStructureToRemote/remote/outputDir/.distcp.tmp.attempt_local1082070671_0004_m_000000_0, dataSize=0, replicationType=RATIS, replicationFactor=THREE, keyLocationInfo=null} | ret=FAILURE | org.apache.hadoop.hdds.scm.exceptions.SCMException: Allocated 0 blocks. Requested 1 blocks
	at org.apache.hadoop.hdds.scm.protocolPB.ScmBlockLocationProtocolClientSideTranslatorPB.handleError(ScmBlockLocationProtocolClientSideTranslatorPB.java:118)
	at org.apache.hadoop.hdds.scm.protocolPB.ScmBlockLocationProtocolClientSideTranslatorPB.allocateBlock(ScmBlockLocationProtocolClientSideTranslatorPB.java:156) 
2019-09-20 08:45:15,544 | ERROR | OMAudit | user=jenkins1000 | ip=127.0.0.1 | op=GET_FILE_STATUS {volume=volume85291, bucket=bucket93347, key=test/ITestOzoneContractDistCp/testUpdateDeepDirectoryStructureToRemote/remote/outputDir/.distcp.tmp.attempt_local1082070671_0004_m_000000_0, dataSize=0, replicationType=null, replicationFactor=null, keyLocationInfo=null} | ret=FAILURE | FILE_NOT_FOUND org.apache.hadoop.ozone.om.exceptions.OMException: Unable to get file status: volume: volume85291 bucket: bucket93347 key: test/ITestOzoneContractDistCp/testUpdateDeepDirectoryStructureToRemote/remote/outputDir/.distcp.tmp.attempt_local1082070671_0004_m_000000_0
	at org.apache.hadoop.ozone.om.KeyManagerImpl.getFileStatus(KeyManagerImpl.java:1655)
	at org.apache.hadoop.ozone.om.OzoneManager.getFileStatus(OzoneManager.java:2868) 
2019-09-20 08:45:15,545 [LocalJobRunner Map Task Executor #0] WARN  ozone.BasicOzoneFileSystem (BasicOzoneFileSystem.java:delete(437)) - delete: Path does not exist: o3fs://bucket93347.volume85291/test/ITestOzoneContractDistCp/testUpdateDeepDirectoryStructureToRemote/remote/outputDir/.distcp.tmp.attempt_local1082070671_0004_m_000000_0
2019-09-20 08:45:15,545 [LocalJobRunner Map Task Executor #0] ERROR util.RetriableCommand (RetriableCommand.java:execute(89)) - Failure in Retriable command: Copying file:/workdir/hadoop-ozone/ozonefs/target/test-dir/ITestOzoneContractDistCp/testUpdateDeepDirectoryStructureToRemote/local/inputDir/file1 to o3fs://bucket93347.volume85291/test/ITestOzoneContractDistCp/testUpdateDeepDirectoryStructureToRemote/remote/outputDir/inputDir/file1
INTERNAL_ERROR org.apache.hadoop.ozone.om.exceptions.OMException: Allocated 0 blocks. Requested 1 blocks
	at org.apache.hadoop.ozone.om.protocolPB.OzoneManagerProtocolClientSideTranslatorPB.handleError(OzoneManagerProtocolClientSideTranslatorPB.java:725)
	at org.apache.hadoop.ozone.om.protocolPB.OzoneManagerProtocolClientSideTranslatorPB.createFile(OzoneManagerProtocolClientSideTranslatorPB.java:1474)
	at org.apache.hadoop.ozone.client.rpc.RpcClient.createFile(RpcClient.java:984)
	at org.apache.hadoop.ozone.client.OzoneBucket.createFile(OzoneBucket.java:535)
	at org.apache.hadoop.fs.ozone.BasicOzoneClientAdapterImpl.createFile(BasicOzoneClientAdapterImpl.java:181)
	at org.apache.hadoop.fs.ozone.BasicOzoneFileSystem.createOutputStream(BasicOzoneFileSystem.java:249)
	at org.apache.hadoop.fs.ozone.BasicOzoneFileSystem.create(BasicOzoneFileSystem.java:230)
	at org.apache.hadoop.fs.FileSystem.create(FileSystem.java:1195)
	at org.apache.hadoop.tools.mapred.RetriableFileCopyCommand.copyToFile(RetriableFileCopyCommand.java:184)
	at org.apache.hadoop.tools.mapred.RetriableFileCopyCommand.doCopy(RetriableFileCopyCommand.java:123)
	at org.apache.hadoop.tools.mapred.RetriableFileCopyCommand.doExecute(RetriableFileCopyCommand.java:99)
	at org.apache.hadoop.tools.util.RetriableCommand.execute(RetriableCommand.java:87)
	at org.apache.hadoop.tools.mapred.CopyMapper.copyFileWithRetry(CopyMapper.java:256)
	at org.apache.hadoop.tools.mapred.CopyMapper.map(CopyMapper.java:217)
	at org.apache.hadoop.tools.mapred.CopyMapper.map(CopyMapper.java:48)
	at org.apache.hadoop.mapreduce.Mapper.run(Mapper.java:146)
	at org.apache.hadoop.mapred.MapTask.runNewMapper(MapTask.java:799)
	at org.apache.hadoop.mapred.MapTask.run(MapTask.java:347)
	at org.apache.hadoop.mapred.LocalJobRunner$Job$MapTaskRunnable.run(LocalJobRunner.java:271)
	at java.util.concurrent.Executors$RunnableAdapter.call(Executors.java:511)
	at java.util.concurrent.FutureTask.run(FutureTask.java:266)
	at java.util.concurrent.ThreadPoolExecutor.runWorker(ThreadPoolExecutor.java:1149)
	at java.util.concurrent.ThreadPoolExecutor$Worker.run(ThreadPoolExecutor.java:624)
	at java.lang.Thread.run(Thread.java:748)
2019-09-20 08:45:15,732 | INFO  | SCMAudit | user=jenkins1000 | ip=192.168.36.79 | op=SEND_HEARTBEAT {datanodeUUID=a4a73c82-9756-45ac-afed-7299ac804f25, command=[]} | ret=SUCCESS |  
2019-09-20 08:45:15,976 | INFO  | SCMAudit | user=jenkins1000 | ip=192.168.36.79 | op=SEND_HEARTBEAT {datanodeUUID=9123b815-6bfa-48f7-ade2-b84cdc033afa, command=[]} | ret=SUCCESS |  
2019-09-20 08:45:16,472 | INFO  | SCMAudit | user=jenkins1000 | ip=192.168.36.79 | op=SEND_HEARTBEAT {datanodeUUID=75feff7d-6f48-4002-b580-45a21ea734c6, command=[]} | ret=SUCCESS |  
2019-09-20 08:45:16,476 | INFO  | SCMAudit | user=jenkins1000 | ip=192.168.36.79 | op=SEND_HEARTBEAT {datanodeUUID=b892e876-f5ae-410a-9dfd-4f07fd940729, command=[]} | ret=SUCCESS |  
2019-09-20 08:45:16,489 | INFO  | SCMAudit | user=jenkins1000 | ip=192.168.36.79 | op=SEND_HEARTBEAT {datanodeUUID=aa30552f-ad30-4fe7-9018-411c04218958, command=[]} | ret=SUCCESS |  
2019-09-20 08:45:16,732 | INFO  | SCMAudit | user=jenkins1000 | ip=192.168.36.79 | op=SEND_HEARTBEAT {datanodeUUID=a4a73c82-9756-45ac-afed-7299ac804f25, command=[]} | ret=SUCCESS |  
2019-09-20 08:45:16,976 | INFO  | SCMAudit | user=jenkins1000 | ip=192.168.36.79 | op=SEND_HEARTBEAT {datanodeUUID=9123b815-6bfa-48f7-ade2-b84cdc033afa, command=[]} | ret=SUCCESS |  
2019-09-20 08:45:17,473 | INFO  | SCMAudit | user=jenkins1000 | ip=192.168.36.79 | op=SEND_HEARTBEAT {datanodeUUID=75feff7d-6f48-4002-b580-45a21ea734c6, command=[]} | ret=SUCCESS |  
2019-09-20 08:45:17,476 | INFO  | SCMAudit | user=jenkins1000 | ip=192.168.36.79 | op=SEND_HEARTBEAT {datanodeUUID=b892e876-f5ae-410a-9dfd-4f07fd940729, command=[]} | ret=SUCCESS |  
2019-09-20 08:45:17,488 | INFO  | SCMAudit | user=jenkins1000 | ip=192.168.36.79 | op=SEND_HEARTBEAT {datanodeUUID=aa30552f-ad30-4fe7-9018-411c04218958, command=[]} | ret=SUCCESS |  
2019-09-20 08:45:17,732 | INFO  | SCMAudit | user=jenkins1000 | ip=192.168.36.79 | op=SEND_HEARTBEAT {datanodeUUID=a4a73c82-9756-45ac-afed-7299ac804f25, command=[]} | ret=SUCCESS |  
2019-09-20 08:45:17,903 [LocalJobRunner Map Task Executor #0] INFO  mapred.RetriableFileCopyCommand (RetriableFileCopyCommand.java:getTmpFile(260)) - Creating temp file: o3fs://bucket93347.volume85291/test/ITestOzoneContractDistCp/testUpdateDeepDirectoryStructureToRemote/remote/outputDir/.distcp.tmp.attempt_local1082070671_0004_m_000000_0
2019-09-20 08:45:17,908 [IPC Server handler 1 on 45031] INFO  pipeline.PipelinePlacementPolicy (PipelinePlacementPolicy.java:meetCriteria(91)) - Pipeline Placement: Doesn't meet the criteria to be viable node： aa30552f-ad30-4fe7-9018-411c04218958 Heaviness: 6 limit: 5
2019-09-20 08:45:17,909 [IPC Server handler 1 on 45031] INFO  pipeline.PipelinePlacementPolicy (PipelinePlacementPolicy.java:meetCriteria(91)) - Pipeline Placement: Doesn't meet the criteria to be viable node： b892e876-f5ae-410a-9dfd-4f07fd940729 Heaviness: 6 limit: 5
2019-09-20 08:45:17,909 [IPC Server handler 1 on 45031] INFO  pipeline.PipelinePlacementPolicy (PipelinePlacementPolicy.java:meetCriteria(91)) - Pipeline Placement: Doesn't meet the criteria to be viable node： 75feff7d-6f48-4002-b580-45a21ea734c6 Heaviness: 6 limit: 5
2019-09-20 08:45:17,909 [IPC Server handler 1 on 45031] INFO  pipeline.PipelinePlacementPolicy (PipelinePlacementPolicy.java:meetCriteria(91)) - Pipeline Placement: Doesn't meet the criteria to be viable node： 9123b815-6bfa-48f7-ade2-b84cdc033afa Heaviness: 6 limit: 5
2019-09-20 08:45:17,909 [IPC Server handler 1 on 45031] INFO  pipeline.PipelinePlacementPolicy (PipelinePlacementPolicy.java:meetCriteria(91)) - Pipeline Placement: Doesn't meet the criteria to be viable node： a4a73c82-9756-45ac-afed-7299ac804f25 Heaviness: 6 limit: 5
2019-09-20 08:45:17,910 [IPC Server handler 1 on 45031] ERROR pipeline.PipelinePlacementPolicy (PipelinePlacementPolicy.java:filterViableNodes(148)) - Unable to find enough nodes that meet the criteria that cannot engage in more than 5 pipelines. Nodes required: 3 Found: 0, healthy nodes count inNodeManager: 5.
2019-09-20 08:45:17,910 [IPC Server handler 1 on 45031] ERROR pipeline.SCMPipelineManager (SCMPipelineManager.java:createPipeline(161)) - Pipeline creation failed due to exception: Unable to find enough nodes that meet the criteria that cannot engage in more than 5 pipelines. Nodes required: 3 Found: 0, healthy nodes count inNodeManager: 5.
2019-09-20 08:45:17,910 [IPC Server handler 1 on 45031] WARN  block.BlockManagerImpl (BlockManagerImpl.java:allocateBlock(192)) - Pipeline creation failed for type:RATIS factor:THREE. Retrying get pipelines call once.
org.apache.hadoop.hdds.scm.exceptions.SCMException: Unable to find enough nodes that meet the criteria that cannot engage in more than 5 pipelines. Nodes required: 3 Found: 0, healthy nodes count inNodeManager: 5.
	at org.apache.hadoop.hdds.scm.pipeline.PipelinePlacementPolicy.filterViableNodes(PipelinePlacementPolicy.java:149)
	at org.apache.hadoop.hdds.scm.pipeline.PipelinePlacementPolicy.chooseDatanodes(PipelinePlacementPolicy.java:172)
	at org.apache.hadoop.hdds.scm.pipeline.RatisPipelineProvider.create(RatisPipelineProvider.java:92)
	at org.apache.hadoop.hdds.scm.pipeline.PipelineFactory.create(PipelineFactory.java:57)
	at org.apache.hadoop.hdds.scm.pipeline.SCMPipelineManager.createPipeline(SCMPipelineManager.java:149)
	at org.apache.hadoop.hdds.scm.block.BlockManagerImpl.allocateBlock(BlockManagerImpl.java:190)
	at org.apache.hadoop.hdds.scm.server.SCMBlockProtocolServer.allocateBlock(SCMBlockProtocolServer.java:175)
	at org.apache.hadoop.ozone.protocolPB.ScmBlockLocationProtocolServerSideTranslatorPB.allocateScmBlock(ScmBlockLocationProtocolServerSideTranslatorPB.java:153)
	at org.apache.hadoop.ozone.protocolPB.ScmBlockLocationProtocolServerSideTranslatorPB.send(ScmBlockLocationProtocolServerSideTranslatorPB.java:112)
	at org.apache.hadoop.hdds.protocol.proto.ScmBlockLocationProtocolProtos$ScmBlockLocationProtocolService$2.callBlockingMethod(ScmBlockLocationProtocolProtos.java:13157)
	at org.apache.hadoop.ipc.ProtobufRpcEngine$Server$ProtoBufRpcInvoker.call(ProtobufRpcEngine.java:524)
	at org.apache.hadoop.ipc.RPC$Server.call(RPC.java:1025)
	at org.apache.hadoop.ipc.Server$RpcCall.run(Server.java:876)
	at org.apache.hadoop.ipc.Server$RpcCall.run(Server.java:822)
	at java.security.AccessController.doPrivileged(Native Method)
	at javax.security.auth.Subject.doAs(Subject.java:422)
	at org.apache.hadoop.security.UserGroupInformation.doAs(UserGroupInformation.java:1730)
	at org.apache.hadoop.ipc.Server$Handler.run(Server.java:2682)
2019-09-20 08:45:17,910 [IPC Server handler 1 on 45031] INFO  block.BlockManagerImpl (BlockManagerImpl.java:allocateBlock(198)) - Could not find available pipeline of type:RATIS and factor:THREE even after retrying
2019-09-20 08:45:17,911 [IPC Server handler 1 on 45031] ERROR block.BlockManagerImpl (BlockManagerImpl.java:allocateBlock(222)) - Unable to allocate a block for the size: 4194304, type: RATIS, factor: THREE
2019-09-20 08:45:17,911 | INFO  | SCMAudit | user=jenkins1000 | ip=192.168.36.79 | op=ALLOCATE_BLOCK {owner=a1d0c9a2-9b67-4af3-a1f8-8c5669c9b817, size=4194304, type=RATIS, factor=THREE} | ret=SUCCESS |  
2019-09-20 08:45:17,911 | ERROR | OMAudit | user=jenkins1000 | ip=127.0.0.1 | op=CREATE_FILE {volume=volume85291, bucket=bucket93347, key=test/ITestOzoneContractDistCp/testUpdateDeepDirectoryStructureToRemote/remote/outputDir/.distcp.tmp.attempt_local1082070671_0004_m_000000_0, dataSize=0, replicationType=RATIS, replicationFactor=THREE, keyLocationInfo=null} | ret=FAILURE | org.apache.hadoop.hdds.scm.exceptions.SCMException: Allocated 0 blocks. Requested 1 blocks
	at org.apache.hadoop.hdds.scm.protocolPB.ScmBlockLocationProtocolClientSideTranslatorPB.handleError(ScmBlockLocationProtocolClientSideTranslatorPB.java:118)
	at org.apache.hadoop.hdds.scm.protocolPB.ScmBlockLocationProtocolClientSideTranslatorPB.allocateBlock(ScmBlockLocationProtocolClientSideTranslatorPB.java:156) 
2019-09-20 08:45:17,913 | ERROR | OMAudit | user=jenkins1000 | ip=127.0.0.1 | op=GET_FILE_STATUS {volume=volume85291, bucket=bucket93347, key=test/ITestOzoneContractDistCp/testUpdateDeepDirectoryStructureToRemote/remote/outputDir/.distcp.tmp.attempt_local1082070671_0004_m_000000_0, dataSize=0, replicationType=null, replicationFactor=null, keyLocationInfo=null} | ret=FAILURE | FILE_NOT_FOUND org.apache.hadoop.ozone.om.exceptions.OMException: Unable to get file status: volume: volume85291 bucket: bucket93347 key: test/ITestOzoneContractDistCp/testUpdateDeepDirectoryStructureToRemote/remote/outputDir/.distcp.tmp.attempt_local1082070671_0004_m_000000_0
	at org.apache.hadoop.ozone.om.KeyManagerImpl.getFileStatus(KeyManagerImpl.java:1655)
	at org.apache.hadoop.ozone.om.OzoneManager.getFileStatus(OzoneManager.java:2868) 
2019-09-20 08:45:17,914 [LocalJobRunner Map Task Executor #0] WARN  ozone.BasicOzoneFileSystem (BasicOzoneFileSystem.java:delete(437)) - delete: Path does not exist: o3fs://bucket93347.volume85291/test/ITestOzoneContractDistCp/testUpdateDeepDirectoryStructureToRemote/remote/outputDir/.distcp.tmp.attempt_local1082070671_0004_m_000000_0
2019-09-20 08:45:17,914 [LocalJobRunner Map Task Executor #0] ERROR util.RetriableCommand (RetriableCommand.java:execute(89)) - Failure in Retriable command: Copying file:/workdir/hadoop-ozone/ozonefs/target/test-dir/ITestOzoneContractDistCp/testUpdateDeepDirectoryStructureToRemote/local/inputDir/file1 to o3fs://bucket93347.volume85291/test/ITestOzoneContractDistCp/testUpdateDeepDirectoryStructureToRemote/remote/outputDir/inputDir/file1
INTERNAL_ERROR org.apache.hadoop.ozone.om.exceptions.OMException: Allocated 0 blocks. Requested 1 blocks
	at org.apache.hadoop.ozone.om.protocolPB.OzoneManagerProtocolClientSideTranslatorPB.handleError(OzoneManagerProtocolClientSideTranslatorPB.java:725)
	at org.apache.hadoop.ozone.om.protocolPB.OzoneManagerProtocolClientSideTranslatorPB.createFile(OzoneManagerProtocolClientSideTranslatorPB.java:1474)
	at org.apache.hadoop.ozone.client.rpc.RpcClient.createFile(RpcClient.java:984)
	at org.apache.hadoop.ozone.client.OzoneBucket.createFile(OzoneBucket.java:535)
	at org.apache.hadoop.fs.ozone.BasicOzoneClientAdapterImpl.createFile(BasicOzoneClientAdapterImpl.java:181)
	at org.apache.hadoop.fs.ozone.BasicOzoneFileSystem.createOutputStream(BasicOzoneFileSystem.java:249)
	at org.apache.hadoop.fs.ozone.BasicOzoneFileSystem.create(BasicOzoneFileSystem.java:230)
	at org.apache.hadoop.fs.FileSystem.create(FileSystem.java:1195)
	at org.apache.hadoop.tools.mapred.RetriableFileCopyCommand.copyToFile(RetriableFileCopyCommand.java:184)
	at org.apache.hadoop.tools.mapred.RetriableFileCopyCommand.doCopy(RetriableFileCopyCommand.java:123)
	at org.apache.hadoop.tools.mapred.RetriableFileCopyCommand.doExecute(RetriableFileCopyCommand.java:99)
	at org.apache.hadoop.tools.util.RetriableCommand.execute(RetriableCommand.java:87)
	at org.apache.hadoop.tools.mapred.CopyMapper.copyFileWithRetry(CopyMapper.java:256)
	at org.apache.hadoop.tools.mapred.CopyMapper.map(CopyMapper.java:217)
	at org.apache.hadoop.tools.mapred.CopyMapper.map(CopyMapper.java:48)
	at org.apache.hadoop.mapreduce.Mapper.run(Mapper.java:146)
	at org.apache.hadoop.mapred.MapTask.runNewMapper(MapTask.java:799)
	at org.apache.hadoop.mapred.MapTask.run(MapTask.java:347)
	at org.apache.hadoop.mapred.LocalJobRunner$Job$MapTaskRunnable.run(LocalJobRunner.java:271)
	at java.util.concurrent.Executors$RunnableAdapter.call(Executors.java:511)
	at java.util.concurrent.FutureTask.run(FutureTask.java:266)
	at java.util.concurrent.ThreadPoolExecutor.runWorker(ThreadPoolExecutor.java:1149)
	at java.util.concurrent.ThreadPoolExecutor$Worker.run(ThreadPoolExecutor.java:624)
	at java.lang.Thread.run(Thread.java:748)
2019-09-20 08:45:17,915 [LocalJobRunner Map Task Executor #0] ERROR mapred.CopyMapper (CopyMapper.java:handleFailures(296)) - Failure in copying file:/workdir/hadoop-ozone/ozonefs/target/test-dir/ITestOzoneContractDistCp/testUpdateDeepDirectoryStructureToRemote/local/inputDir/file1 to o3fs://bucket93347.volume85291/test/ITestOzoneContractDistCp/testUpdateDeepDirectoryStructureToRemote/remote/outputDir/inputDir/file1
java.io.IOException: File copy failed: file:/workdir/hadoop-ozone/ozonefs/target/test-dir/ITestOzoneContractDistCp/testUpdateDeepDirectoryStructureToRemote/local/inputDir/file1 --> o3fs://bucket93347.volume85291/test/ITestOzoneContractDistCp/testUpdateDeepDirectoryStructureToRemote/remote/outputDir/inputDir/file1
	at org.apache.hadoop.tools.mapred.CopyMapper.copyFileWithRetry(CopyMapper.java:259)
	at org.apache.hadoop.tools.mapred.CopyMapper.map(CopyMapper.java:217)
	at org.apache.hadoop.tools.mapred.CopyMapper.map(CopyMapper.java:48)
	at org.apache.hadoop.mapreduce.Mapper.run(Mapper.java:146)
	at org.apache.hadoop.mapred.MapTask.runNewMapper(MapTask.java:799)
	at org.apache.hadoop.mapred.MapTask.run(MapTask.java:347)
	at org.apache.hadoop.mapred.LocalJobRunner$Job$MapTaskRunnable.run(LocalJobRunner.java:271)
	at java.util.concurrent.Executors$RunnableAdapter.call(Executors.java:511)
	at java.util.concurrent.FutureTask.run(FutureTask.java:266)
	at java.util.concurrent.ThreadPoolExecutor.runWorker(ThreadPoolExecutor.java:1149)
	at java.util.concurrent.ThreadPoolExecutor$Worker.run(ThreadPoolExecutor.java:624)
	at java.lang.Thread.run(Thread.java:748)
Caused by: java.io.IOException: Couldn't run retriable-command: Copying file:/workdir/hadoop-ozone/ozonefs/target/test-dir/ITestOzoneContractDistCp/testUpdateDeepDirectoryStructureToRemote/local/inputDir/file1 to o3fs://bucket93347.volume85291/test/ITestOzoneContractDistCp/testUpdateDeepDirectoryStructureToRemote/remote/outputDir/inputDir/file1
	at org.apache.hadoop.tools.util.RetriableCommand.execute(RetriableCommand.java:101)
	at org.apache.hadoop.tools.mapred.CopyMapper.copyFileWithRetry(CopyMapper.java:256)
	... 11 more
Caused by: INTERNAL_ERROR org.apache.hadoop.ozone.om.exceptions.OMException: Allocated 0 blocks. Requested 1 blocks
	at org.apache.hadoop.ozone.om.protocolPB.OzoneManagerProtocolClientSideTranslatorPB.handleError(OzoneManagerProtocolClientSideTranslatorPB.java:725)
	at org.apache.hadoop.ozone.om.protocolPB.OzoneManagerProtocolClientSideTranslatorPB.createFile(OzoneManagerProtocolClientSideTranslatorPB.java:1474)
	at org.apache.hadoop.ozone.client.rpc.RpcClient.createFile(RpcClient.java:984)
	at org.apache.hadoop.ozone.client.OzoneBucket.createFile(OzoneBucket.java:535)
	at org.apache.hadoop.fs.ozone.BasicOzoneClientAdapterImpl.createFile(BasicOzoneClientAdapterImpl.java:181)
	at org.apache.hadoop.fs.ozone.BasicOzoneFileSystem.createOutputStream(BasicOzoneFileSystem.java:249)
	at org.apache.hadoop.fs.ozone.BasicOzoneFileSystem.create(BasicOzoneFileSystem.java:230)
	at org.apache.hadoop.fs.FileSystem.create(FileSystem.java:1195)
	at org.apache.hadoop.tools.mapred.RetriableFileCopyCommand.copyToFile(RetriableFileCopyCommand.java:184)
	at org.apache.hadoop.tools.mapred.RetriableFileCopyCommand.doCopy(RetriableFileCopyCommand.java:123)
	at org.apache.hadoop.tools.mapred.RetriableFileCopyCommand.doExecute(RetriableFileCopyCommand.java:99)
	at org.apache.hadoop.tools.util.RetriableCommand.execute(RetriableCommand.java:87)
	... 12 more
2019-09-20 08:45:17,916 [LocalJobRunner Map Task Executor #0] INFO  mapred.LocalJobRunner (LocalJobRunner.java:run(252)) - Starting task: attempt_local1082070671_0004_m_000001_0
2019-09-20 08:45:17,917 [LocalJobRunner Map Task Executor #0] INFO  output.FileOutputCommitter (FileOutputCommitter.java:<init>(140)) - File Output Committer Algorithm version is 2
2019-09-20 08:45:17,917 [LocalJobRunner Map Task Executor #0] INFO  output.FileOutputCommitter (FileOutputCommitter.java:<init>(155)) - FileOutputCommitter skip cleanup _temporary folders under output directory:false, ignore cleanup failures: false
2019-09-20 08:45:17,917 [LocalJobRunner Map Task Executor #0] INFO  mapred.Task (Task.java:initialize(626)) -  Using ResourceCalculatorProcessTree : [ ]
2019-09-20 08:45:17,918 [LocalJobRunner Map Task Executor #0] INFO  mapred.MapTask (MapTask.java:runNewMapper(768)) - Processing split: file:/tmp/hadoop/mapred/staging/jenkins1000914064944/.staging/_distcp-1013877531/fileList.seq:0+327
2019-09-20 08:45:17,919 [LocalJobRunner Map Task Executor #0] INFO  output.FileOutputCommitter (FileOutputCommitter.java:<init>(140)) - File Output Committer Algorithm version is 2
2019-09-20 08:45:17,919 [LocalJobRunner Map Task Executor #0] INFO  output.FileOutputCommitter (FileOutputCommitter.java:<init>(155)) - FileOutputCommitter skip cleanup _temporary folders under output directory:false, ignore cleanup failures: false
2019-09-20 08:45:17,942 | ERROR | OMAudit | user=jenkins1000 | ip=127.0.0.1 | op=GET_FILE_STATUS {volume=volume85291, bucket=bucket93347, key=test/ITestOzoneContractDistCp/testUpdateDeepDirectoryStructureToRemote/remote/outputDir, dataSize=0, replicationType=null, replicationFactor=null, keyLocationInfo=null} | ret=FAILURE | FILE_NOT_FOUND org.apache.hadoop.ozone.om.exceptions.OMException: Unable to get file status: volume: volume85291 bucket: bucket93347 key: test/ITestOzoneContractDistCp/testUpdateDeepDirectoryStructureToRemote/remote/outputDir
	at org.apache.hadoop.ozone.om.KeyManagerImpl.getFileStatus(KeyManagerImpl.java:1655)
	at org.apache.hadoop.ozone.om.OzoneManager.getFileStatus(OzoneManager.java:2868) 
2019-09-20 08:45:17,944 [LocalJobRunner Map Task Executor #0] INFO  mapred.CopyMapper (CopyMapper.java:map(154)) - Copying file:/workdir/hadoop-ozone/ozonefs/target/test-dir/ITestOzoneContractDistCp/testUpdateDeepDirectoryStructureToRemote/local/inputDir to o3fs://bucket93347.volume85291/test/ITestOzoneContractDistCp/testUpdateDeepDirectoryStructureToRemote/remote/outputDir/inputDir
2019-09-20 08:45:17,953 | ERROR | OMAudit | user=jenkins1000 | ip=127.0.0.1 | op=GET_FILE_STATUS {volume=volume85291, bucket=bucket93347, key=test/ITestOzoneContractDistCp/testUpdateDeepDirectoryStructureToRemote/remote/outputDir/inputDir, dataSize=0, replicationType=null, replicationFactor=null, keyLocationInfo=null} | ret=FAILURE | FILE_NOT_FOUND org.apache.hadoop.ozone.om.exceptions.OMException: Unable to get file status: volume: volume85291 bucket: bucket93347 key: test/ITestOzoneContractDistCp/testUpdateDeepDirectoryStructureToRemote/remote/outputDir/inputDir
	at org.apache.hadoop.ozone.om.KeyManagerImpl.getFileStatus(KeyManagerImpl.java:1655)
	at org.apache.hadoop.ozone.om.OzoneManager.getFileStatus(OzoneManager.java:2868) 
2019-09-20 08:45:17,956 | INFO  | OMAudit | user=jenkins1000 | ip=127.0.0.1 | op=CREATE_DIRECTORY {volume=volume85291, bucket=bucket93347, key=test/ITestOzoneContractDistCp/testUpdateDeepDirectoryStructureToRemote/remote/outputDir/inputDir, dataSize=0, replicationType=null, replicationFactor=null, keyLocationInfo=null} | ret=SUCCESS |  
2019-09-20 08:45:17,957 [LocalJobRunner Map Task Executor #0] INFO  mapred.LocalJobRunner (LocalJobRunner.java:statusUpdate(634)) - 
2019-09-20 08:45:17,958 [LocalJobRunner Map Task Executor #0] INFO  mapred.Task (Task.java:done(1244)) - Task:attempt_local1082070671_0004_m_000001_0 is done. And is in the process of committing
2019-09-20 08:45:17,959 [LocalJobRunner Map Task Executor #0] INFO  mapred.LocalJobRunner (LocalJobRunner.java:statusUpdate(634)) - 
2019-09-20 08:45:17,959 [LocalJobRunner Map Task Executor #0] INFO  mapred.Task (Task.java:commit(1421)) - Task attempt_local1082070671_0004_m_000001_0 is allowed to commit now
2019-09-20 08:45:17,960 [LocalJobRunner Map Task Executor #0] INFO  output.FileOutputCommitter (FileOutputCommitter.java:commitTask(598)) - Saved output of task 'attempt_local1082070671_0004_m_000001_0' to file:/tmp/hadoop/mapred/staging/jenkins1000914064944/.staging/_distcp-1013877531/_logs
2019-09-20 08:45:17,960 [LocalJobRunner Map Task Executor #0] INFO  mapred.LocalJobRunner (LocalJobRunner.java:statusUpdate(634)) - Copying file:/workdir/hadoop-ozone/ozonefs/target/test-dir/ITestOzoneContractDistCp/testUpdateDeepDirectoryStructureToRemote/local/inputDir to o3fs://bucket93347.volume85291/test/ITestOzoneContractDistCp/testUpdateDeepDirectoryStructureToRemote/remote/outputDir/inputDir
2019-09-20 08:45:17,961 [LocalJobRunner Map Task Executor #0] INFO  mapred.Task (Task.java:sendDone(1380)) - Task 'attempt_local1082070671_0004_m_000001_0' done.
2019-09-20 08:45:17,961 [LocalJobRunner Map Task Executor #0] INFO  mapred.Task (Task.java:done(1276)) - Final Counters for attempt_local1082070671_0004_m_000001_0: Counters: 22
	File System Counters
		FILE: Number of bytes read=870823
		FILE: Number of bytes written=12805685
		FILE: Number of read operations=0
		FILE: Number of large read operations=0
		FILE: Number of write operations=0
		O3FS: Number of bytes read=0
		O3FS: Number of bytes written=0
		O3FS: Number of read operations=110
		O3FS: Number of large read operations=0
		O3FS: Number of write operations=58
	Map-Reduce Framework
		Map input records=1
		Map output records=0
		Input split bytes=158
		Spilled Records=0
		Failed Shuffles=0
		Merged Map outputs=0
		GC time elapsed (ms)=0
		Total committed heap usage (bytes)=2005925888
	File Input Format Counters 
		Bytes Read=3157
	File Output Format Counters 
		Bytes Written=8
	DistCp Counters
		Bandwidth in Btyes=0
		DIR_COPY=1
2019-09-20 08:45:17,961 [LocalJobRunner Map Task Executor #0] INFO  mapred.LocalJobRunner (LocalJobRunner.java:run(277)) - Finishing task: attempt_local1082070671_0004_m_000001_0
2019-09-20 08:45:17,961 [LocalJobRunner Map Task Executor #0] INFO  mapred.LocalJobRunner (LocalJobRunner.java:run(252)) - Starting task: attempt_local1082070671_0004_m_000002_0
2019-09-20 08:45:17,962 [LocalJobRunner Map Task Executor #0] INFO  output.FileOutputCommitter (FileOutputCommitter.java:<init>(140)) - File Output Committer Algorithm version is 2
2019-09-20 08:45:17,962 [LocalJobRunner Map Task Executor #0] INFO  output.FileOutputCommitter (FileOutputCommitter.java:<init>(155)) - FileOutputCommitter skip cleanup _temporary folders under output directory:false, ignore cleanup failures: false
2019-09-20 08:45:17,962 [LocalJobRunner Map Task Executor #0] INFO  mapred.Task (Task.java:initialize(626)) -  Using ResourceCalculatorProcessTree : [ ]
2019-09-20 08:45:17,963 [LocalJobRunner Map Task Executor #0] INFO  mapred.MapTask (MapTask.java:runNewMapper(768)) - Processing split: file:/tmp/hadoop/mapred/staging/jenkins1000914064944/.staging/_distcp-1013877531/fileList.seq:873+293
2019-09-20 08:45:17,964 [LocalJobRunner Map Task Executor #0] INFO  output.FileOutputCommitter (FileOutputCommitter.java:<init>(140)) - File Output Committer Algorithm version is 2
2019-09-20 08:45:17,964 [LocalJobRunner Map Task Executor #0] INFO  output.FileOutputCommitter (FileOutputCommitter.java:<init>(155)) - FileOutputCommitter skip cleanup _temporary folders under output directory:false, ignore cleanup failures: false
2019-09-20 08:45:17,976 | INFO  | SCMAudit | user=jenkins1000 | ip=192.168.36.79 | op=SEND_HEARTBEAT {datanodeUUID=9123b815-6bfa-48f7-ade2-b84cdc033afa, command=[]} | ret=SUCCESS |  
2019-09-20 08:45:17,979 | INFO  | OMAudit | user=jenkins1000 | ip=127.0.0.1 | op=GET_FILE_STATUS {volume=volume85291, bucket=bucket93347, key=test/ITestOzoneContractDistCp/testUpdateDeepDirectoryStructureToRemote/remote/outputDir, dataSize=0, replicationType=null, replicationFactor=null, keyLocationInfo=null} | ret=SUCCESS |  
2019-09-20 08:45:17,980 [LocalJobRunner Map Task Executor #0] INFO  mapred.CopyMapper (CopyMapper.java:map(154)) - Copying file:/workdir/hadoop-ozone/ozonefs/target/test-dir/ITestOzoneContractDistCp/testUpdateDeepDirectoryStructureToRemote/local/inputDir/subDir2/subDir2/file3 to o3fs://bucket93347.volume85291/test/ITestOzoneContractDistCp/testUpdateDeepDirectoryStructureToRemote/remote/outputDir/inputDir/subDir2/subDir2/file3
2019-09-20 08:45:17,988 | ERROR | OMAudit | user=jenkins1000 | ip=127.0.0.1 | op=GET_FILE_STATUS {volume=volume85291, bucket=bucket93347, key=test/ITestOzoneContractDistCp/testUpdateDeepDirectoryStructureToRemote/remote/outputDir/inputDir/subDir2/subDir2/file3, dataSize=0, replicationType=null, replicationFactor=null, keyLocationInfo=null} | ret=FAILURE | FILE_NOT_FOUND org.apache.hadoop.ozone.om.exceptions.OMException: Unable to get file status: volume: volume85291 bucket: bucket93347 key: test/ITestOzoneContractDistCp/testUpdateDeepDirectoryStructureToRemote/remote/outputDir/inputDir/subDir2/subDir2/file3
	at org.apache.hadoop.ozone.om.KeyManagerImpl.getFileStatus(KeyManagerImpl.java:1655)
	at org.apache.hadoop.ozone.om.OzoneManager.getFileStatus(OzoneManager.java:2868) 
2019-09-20 08:45:17,989 [LocalJobRunner Map Task Executor #0] INFO  mapred.RetriableFileCopyCommand (RetriableFileCopyCommand.java:getTmpFile(260)) - Creating temp file: o3fs://bucket93347.volume85291/test/ITestOzoneContractDistCp/testUpdateDeepDirectoryStructureToRemote/remote/outputDir/.distcp.tmp.attempt_local1082070671_0004_m_000002_0
2019-09-20 08:45:17,992 [IPC Server handler 15 on 45031] INFO  pipeline.PipelinePlacementPolicy (PipelinePlacementPolicy.java:meetCriteria(91)) - Pipeline Placement: Doesn't meet the criteria to be viable node： aa30552f-ad30-4fe7-9018-411c04218958 Heaviness: 6 limit: 5
2019-09-20 08:45:17,992 [IPC Server handler 15 on 45031] INFO  pipeline.PipelinePlacementPolicy (PipelinePlacementPolicy.java:meetCriteria(91)) - Pipeline Placement: Doesn't meet the criteria to be viable node： b892e876-f5ae-410a-9dfd-4f07fd940729 Heaviness: 6 limit: 5
2019-09-20 08:45:17,992 [IPC Server handler 15 on 45031] INFO  pipeline.PipelinePlacementPolicy (PipelinePlacementPolicy.java:meetCriteria(91)) - Pipeline Placement: Doesn't meet the criteria to be viable node： 75feff7d-6f48-4002-b580-45a21ea734c6 Heaviness: 6 limit: 5
2019-09-20 08:45:17,993 [IPC Server handler 15 on 45031] INFO  pipeline.PipelinePlacementPolicy (PipelinePlacementPolicy.java:meetCriteria(91)) - Pipeline Placement: Doesn't meet the criteria to be viable node： 9123b815-6bfa-48f7-ade2-b84cdc033afa Heaviness: 6 limit: 5
2019-09-20 08:45:17,993 [IPC Server handler 15 on 45031] INFO  pipeline.PipelinePlacementPolicy (PipelinePlacementPolicy.java:meetCriteria(91)) - Pipeline Placement: Doesn't meet the criteria to be viable node： a4a73c82-9756-45ac-afed-7299ac804f25 Heaviness: 6 limit: 5
2019-09-20 08:45:17,993 [IPC Server handler 15 on 45031] ERROR pipeline.PipelinePlacementPolicy (PipelinePlacementPolicy.java:filterViableNodes(148)) - Unable to find enough nodes that meet the criteria that cannot engage in more than 5 pipelines. Nodes required: 3 Found: 0, healthy nodes count inNodeManager: 5.
2019-09-20 08:45:17,993 [IPC Server handler 15 on 45031] ERROR pipeline.SCMPipelineManager (SCMPipelineManager.java:createPipeline(161)) - Pipeline creation failed due to exception: Unable to find enough nodes that meet the criteria that cannot engage in more than 5 pipelines. Nodes required: 3 Found: 0, healthy nodes count inNodeManager: 5.
2019-09-20 08:45:17,994 [IPC Server handler 15 on 45031] WARN  block.BlockManagerImpl (BlockManagerImpl.java:allocateBlock(192)) - Pipeline creation failed for type:RATIS factor:THREE. Retrying get pipelines call once.
org.apache.hadoop.hdds.scm.exceptions.SCMException: Unable to find enough nodes that meet the criteria that cannot engage in more than 5 pipelines. Nodes required: 3 Found: 0, healthy nodes count inNodeManager: 5.
	at org.apache.hadoop.hdds.scm.pipeline.PipelinePlacementPolicy.filterViableNodes(PipelinePlacementPolicy.java:149)
	at org.apache.hadoop.hdds.scm.pipeline.PipelinePlacementPolicy.chooseDatanodes(PipelinePlacementPolicy.java:172)
	at org.apache.hadoop.hdds.scm.pipeline.RatisPipelineProvider.create(RatisPipelineProvider.java:92)
	at org.apache.hadoop.hdds.scm.pipeline.PipelineFactory.create(PipelineFactory.java:57)
	at org.apache.hadoop.hdds.scm.pipeline.SCMPipelineManager.createPipeline(SCMPipelineManager.java:149)
	at org.apache.hadoop.hdds.scm.block.BlockManagerImpl.allocateBlock(BlockManagerImpl.java:190)
	at org.apache.hadoop.hdds.scm.server.SCMBlockProtocolServer.allocateBlock(SCMBlockProtocolServer.java:175)
	at org.apache.hadoop.ozone.protocolPB.ScmBlockLocationProtocolServerSideTranslatorPB.allocateScmBlock(ScmBlockLocationProtocolServerSideTranslatorPB.java:153)
	at org.apache.hadoop.ozone.protocolPB.ScmBlockLocationProtocolServerSideTranslatorPB.send(ScmBlockLocationProtocolServerSideTranslatorPB.java:112)
	at org.apache.hadoop.hdds.protocol.proto.ScmBlockLocationProtocolProtos$ScmBlockLocationProtocolService$2.callBlockingMethod(ScmBlockLocationProtocolProtos.java:13157)
	at org.apache.hadoop.ipc.ProtobufRpcEngine$Server$ProtoBufRpcInvoker.call(ProtobufRpcEngine.java:524)
	at org.apache.hadoop.ipc.RPC$Server.call(RPC.java:1025)
	at org.apache.hadoop.ipc.Server$RpcCall.run(Server.java:876)
	at org.apache.hadoop.ipc.Server$RpcCall.run(Server.java:822)
	at java.security.AccessController.doPrivileged(Native Method)
	at javax.security.auth.Subject.doAs(Subject.java:422)
	at org.apache.hadoop.security.UserGroupInformation.doAs(UserGroupInformation.java:1730)
	at org.apache.hadoop.ipc.Server$Handler.run(Server.java:2682)
2019-09-20 08:45:17,994 [IPC Server handler 15 on 45031] INFO  block.BlockManagerImpl (BlockManagerImpl.java:allocateBlock(198)) - Could not find available pipeline of type:RATIS and factor:THREE even after retrying
2019-09-20 08:45:17,994 [IPC Server handler 15 on 45031] ERROR block.BlockManagerImpl (BlockManagerImpl.java:allocateBlock(222)) - Unable to allocate a block for the size: 4194304, type: RATIS, factor: THREE
2019-09-20 08:45:17,995 | INFO  | SCMAudit | user=jenkins1000 | ip=192.168.36.79 | op=ALLOCATE_BLOCK {owner=a1d0c9a2-9b67-4af3-a1f8-8c5669c9b817, size=4194304, type=RATIS, factor=THREE} | ret=SUCCESS |  
2019-09-20 08:45:17,995 | ERROR | OMAudit | user=jenkins1000 | ip=127.0.0.1 | op=CREATE_FILE {volume=volume85291, bucket=bucket93347, key=test/ITestOzoneContractDistCp/testUpdateDeepDirectoryStructureToRemote/remote/outputDir/.distcp.tmp.attempt_local1082070671_0004_m_000002_0, dataSize=0, replicationType=RATIS, replicationFactor=THREE, keyLocationInfo=null} | ret=FAILURE | org.apache.hadoop.hdds.scm.exceptions.SCMException: Allocated 0 blocks. Requested 1 blocks
	at org.apache.hadoop.hdds.scm.protocolPB.ScmBlockLocationProtocolClientSideTranslatorPB.handleError(ScmBlockLocationProtocolClientSideTranslatorPB.java:118)
	at org.apache.hadoop.hdds.scm.protocolPB.ScmBlockLocationProtocolClientSideTranslatorPB.allocateBlock(ScmBlockLocationProtocolClientSideTranslatorPB.java:156) 
2019-09-20 08:45:17,996 | ERROR | OMAudit | user=jenkins1000 | ip=127.0.0.1 | op=GET_FILE_STATUS {volume=volume85291, bucket=bucket93347, key=test/ITestOzoneContractDistCp/testUpdateDeepDirectoryStructureToRemote/remote/outputDir/.distcp.tmp.attempt_local1082070671_0004_m_000002_0, dataSize=0, replicationType=null, replicationFactor=null, keyLocationInfo=null} | ret=FAILURE | FILE_NOT_FOUND org.apache.hadoop.ozone.om.exceptions.OMException: Unable to get file status: volume: volume85291 bucket: bucket93347 key: test/ITestOzoneContractDistCp/testUpdateDeepDirectoryStructureToRemote/remote/outputDir/.distcp.tmp.attempt_local1082070671_0004_m_000002_0
	at org.apache.hadoop.ozone.om.KeyManagerImpl.getFileStatus(KeyManagerImpl.java:1655)
	at org.apache.hadoop.ozone.om.OzoneManager.getFileStatus(OzoneManager.java:2868) 
2019-09-20 08:45:17,997 [LocalJobRunner Map Task Executor #0] WARN  ozone.BasicOzoneFileSystem (BasicOzoneFileSystem.java:delete(437)) - delete: Path does not exist: o3fs://bucket93347.volume85291/test/ITestOzoneContractDistCp/testUpdateDeepDirectoryStructureToRemote/remote/outputDir/.distcp.tmp.attempt_local1082070671_0004_m_000002_0
2019-09-20 08:45:17,997 [LocalJobRunner Map Task Executor #0] ERROR util.RetriableCommand (RetriableCommand.java:execute(89)) - Failure in Retriable command: Copying file:/workdir/hadoop-ozone/ozonefs/target/test-dir/ITestOzoneContractDistCp/testUpdateDeepDirectoryStructureToRemote/local/inputDir/subDir2/subDir2/file3 to o3fs://bucket93347.volume85291/test/ITestOzoneContractDistCp/testUpdateDeepDirectoryStructureToRemote/remote/outputDir/inputDir/subDir2/subDir2/file3
INTERNAL_ERROR org.apache.hadoop.ozone.om.exceptions.OMException: Allocated 0 blocks. Requested 1 blocks
	at org.apache.hadoop.ozone.om.protocolPB.OzoneManagerProtocolClientSideTranslatorPB.handleError(OzoneManagerProtocolClientSideTranslatorPB.java:725)
	at org.apache.hadoop.ozone.om.protocolPB.OzoneManagerProtocolClientSideTranslatorPB.createFile(OzoneManagerProtocolClientSideTranslatorPB.java:1474)
	at org.apache.hadoop.ozone.client.rpc.RpcClient.createFile(RpcClient.java:984)
	at org.apache.hadoop.ozone.client.OzoneBucket.createFile(OzoneBucket.java:535)
	at org.apache.hadoop.fs.ozone.BasicOzoneClientAdapterImpl.createFile(BasicOzoneClientAdapterImpl.java:181)
	at org.apache.hadoop.fs.ozone.BasicOzoneFileSystem.createOutputStream(BasicOzoneFileSystem.java:249)
	at org.apache.hadoop.fs.ozone.BasicOzoneFileSystem.create(BasicOzoneFileSystem.java:230)
	at org.apache.hadoop.fs.FileSystem.create(FileSystem.java:1195)
	at org.apache.hadoop.tools.mapred.RetriableFileCopyCommand.copyToFile(RetriableFileCopyCommand.java:184)
	at org.apache.hadoop.tools.mapred.RetriableFileCopyCommand.doCopy(RetriableFileCopyCommand.java:123)
	at org.apache.hadoop.tools.mapred.RetriableFileCopyCommand.doExecute(RetriableFileCopyCommand.java:99)
	at org.apache.hadoop.tools.util.RetriableCommand.execute(RetriableCommand.java:87)
	at org.apache.hadoop.tools.mapred.CopyMapper.copyFileWithRetry(CopyMapper.java:256)
	at org.apache.hadoop.tools.mapred.CopyMapper.map(CopyMapper.java:217)
	at org.apache.hadoop.tools.mapred.CopyMapper.map(CopyMapper.java:48)
	at org.apache.hadoop.mapreduce.Mapper.run(Mapper.java:146)
	at org.apache.hadoop.mapred.MapTask.runNewMapper(MapTask.java:799)
	at org.apache.hadoop.mapred.MapTask.run(MapTask.java:347)
	at org.apache.hadoop.mapred.LocalJobRunner$Job$MapTaskRunnable.run(LocalJobRunner.java:271)
	at java.util.concurrent.Executors$RunnableAdapter.call(Executors.java:511)
	at java.util.concurrent.FutureTask.run(FutureTask.java:266)
	at java.util.concurrent.ThreadPoolExecutor.runWorker(ThreadPoolExecutor.java:1149)
	at java.util.concurrent.ThreadPoolExecutor$Worker.run(ThreadPoolExecutor.java:624)
	at java.lang.Thread.run(Thread.java:748)
2019-09-20 08:45:18,020 [communication thread] INFO  mapred.LocalJobRunner (LocalJobRunner.java:statusUpdate(634)) - Copy Failure: file:/workdir/hadoop-ozone/ozonefs/target/test-dir/ITestOzoneContractDistCp/largeFilesToRemote/local/inputDir/file1 > map
2019-09-20 08:45:18,079 [communication thread] INFO  mapred.LocalJobRunner (LocalJobRunner.java:statusUpdate(634)) - Copy Failure: file:/workdir/hadoop-ozone/ozonefs/target/test-dir/ITestOzoneContractDistCp/largeFilesToRemote/local/inputDir/file2 > map
2019-09-20 08:45:18,472 | INFO  | SCMAudit | user=jenkins1000 | ip=192.168.36.79 | op=SEND_HEARTBEAT {datanodeUUID=75feff7d-6f48-4002-b580-45a21ea734c6, command=[]} | ret=SUCCESS |  
2019-09-20 08:45:18,475 | INFO  | SCMAudit | user=jenkins1000 | ip=192.168.36.79 | op=SEND_HEARTBEAT {datanodeUUID=b892e876-f5ae-410a-9dfd-4f07fd940729, command=[]} | ret=SUCCESS |  
2019-09-20 08:45:18,489 | INFO  | SCMAudit | user=jenkins1000 | ip=192.168.36.79 | op=SEND_HEARTBEAT {datanodeUUID=aa30552f-ad30-4fe7-9018-411c04218958, command=[]} | ret=SUCCESS |  
2019-09-20 08:45:18,579 [Thread-658] INFO  mapreduce.Job (Job.java:monitorAndPrintJob(1647)) -  map 100% reduce 0%
2019-09-20 08:45:18,732 | INFO  | SCMAudit | user=jenkins1000 | ip=192.168.36.79 | op=SEND_HEARTBEAT {datanodeUUID=a4a73c82-9756-45ac-afed-7299ac804f25, command=[]} | ret=SUCCESS |  
2019-09-20 08:45:18,976 | INFO  | SCMAudit | user=jenkins1000 | ip=192.168.36.79 | op=SEND_HEARTBEAT {datanodeUUID=9123b815-6bfa-48f7-ade2-b84cdc033afa, command=[]} | ret=SUCCESS |  
2019-09-20 08:45:19,472 | INFO  | SCMAudit | user=jenkins1000 | ip=192.168.36.79 | op=SEND_HEARTBEAT {datanodeUUID=75feff7d-6f48-4002-b580-45a21ea734c6, command=[]} | ret=SUCCESS |  
2019-09-20 08:45:19,476 | INFO  | SCMAudit | user=jenkins1000 | ip=192.168.36.79 | op=SEND_HEARTBEAT {datanodeUUID=b892e876-f5ae-410a-9dfd-4f07fd940729, command=[]} | ret=SUCCESS |  
2019-09-20 08:45:19,488 | INFO  | SCMAudit | user=jenkins1000 | ip=192.168.36.79 | op=SEND_HEARTBEAT {datanodeUUID=aa30552f-ad30-4fe7-9018-411c04218958, command=[]} | ret=SUCCESS |  
2019-09-20 08:45:19,732 | INFO  | SCMAudit | user=jenkins1000 | ip=192.168.36.79 | op=SEND_HEARTBEAT {datanodeUUID=a4a73c82-9756-45ac-afed-7299ac804f25, command=[]} | ret=SUCCESS |  
2019-09-20 08:45:19,977 | INFO  | SCMAudit | user=jenkins1000 | ip=192.168.36.79 | op=SEND_HEARTBEAT {datanodeUUID=9123b815-6bfa-48f7-ade2-b84cdc033afa, command=[]} | ret=SUCCESS |  
2019-09-20 08:45:20,472 | INFO  | SCMAudit | user=jenkins1000 | ip=192.168.36.79 | op=SEND_HEARTBEAT {datanodeUUID=75feff7d-6f48-4002-b580-45a21ea734c6, command=[]} | ret=SUCCESS |  
2019-09-20 08:45:20,476 | INFO  | SCMAudit | user=jenkins1000 | ip=192.168.36.79 | op=SEND_HEARTBEAT {datanodeUUID=b892e876-f5ae-410a-9dfd-4f07fd940729, command=[]} | ret=SUCCESS |  
2019-09-20 08:45:20,489 | INFO  | SCMAudit | user=jenkins1000 | ip=192.168.36.79 | op=SEND_HEARTBEAT {datanodeUUID=aa30552f-ad30-4fe7-9018-411c04218958, command=[]} | ret=SUCCESS |  
2019-09-20 08:45:20,610 [LocalJobRunner Map Task Executor #0] INFO  mapred.RetriableFileCopyCommand (RetriableFileCopyCommand.java:getTmpFile(260)) - Creating temp file: o3fs://bucket93347.volume85291/test/ITestOzoneContractDistCp/testUpdateDeepDirectoryStructureToRemote/remote/outputDir/.distcp.tmp.attempt_local1082070671_0004_m_000002_0
2019-09-20 08:45:20,615 [IPC Server handler 0 on 45031] INFO  pipeline.PipelinePlacementPolicy (PipelinePlacementPolicy.java:meetCriteria(91)) - Pipeline Placement: Doesn't meet the criteria to be viable node： aa30552f-ad30-4fe7-9018-411c04218958 Heaviness: 6 limit: 5
2019-09-20 08:45:20,615 [IPC Server handler 0 on 45031] INFO  pipeline.PipelinePlacementPolicy (PipelinePlacementPolicy.java:meetCriteria(91)) - Pipeline Placement: Doesn't meet the criteria to be viable node： b892e876-f5ae-410a-9dfd-4f07fd940729 Heaviness: 6 limit: 5
2019-09-20 08:45:20,615 [IPC Server handler 0 on 45031] INFO  pipeline.PipelinePlacementPolicy (PipelinePlacementPolicy.java:meetCriteria(91)) - Pipeline Placement: Doesn't meet the criteria to be viable node： 75feff7d-6f48-4002-b580-45a21ea734c6 Heaviness: 6 limit: 5
2019-09-20 08:45:20,615 [IPC Server handler 0 on 45031] INFO  pipeline.PipelinePlacementPolicy (PipelinePlacementPolicy.java:meetCriteria(91)) - Pipeline Placement: Doesn't meet the criteria to be viable node： 9123b815-6bfa-48f7-ade2-b84cdc033afa Heaviness: 6 limit: 5
2019-09-20 08:45:20,616 [IPC Server handler 0 on 45031] INFO  pipeline.PipelinePlacementPolicy (PipelinePlacementPolicy.java:meetCriteria(91)) - Pipeline Placement: Doesn't meet the criteria to be viable node： a4a73c82-9756-45ac-afed-7299ac804f25 Heaviness: 6 limit: 5
2019-09-20 08:45:20,616 [IPC Server handler 0 on 45031] ERROR pipeline.PipelinePlacementPolicy (PipelinePlacementPolicy.java:filterViableNodes(148)) - Unable to find enough nodes that meet the criteria that cannot engage in more than 5 pipelines. Nodes required: 3 Found: 0, healthy nodes count inNodeManager: 5.
2019-09-20 08:45:20,616 [IPC Server handler 0 on 45031] ERROR pipeline.SCMPipelineManager (SCMPipelineManager.java:createPipeline(161)) - Pipeline creation failed due to exception: Unable to find enough nodes that meet the criteria that cannot engage in more than 5 pipelines. Nodes required: 3 Found: 0, healthy nodes count inNodeManager: 5.
2019-09-20 08:45:20,616 [IPC Server handler 0 on 45031] WARN  block.BlockManagerImpl (BlockManagerImpl.java:allocateBlock(192)) - Pipeline creation failed for type:RATIS factor:THREE. Retrying get pipelines call once.
org.apache.hadoop.hdds.scm.exceptions.SCMException: Unable to find enough nodes that meet the criteria that cannot engage in more than 5 pipelines. Nodes required: 3 Found: 0, healthy nodes count inNodeManager: 5.
	at org.apache.hadoop.hdds.scm.pipeline.PipelinePlacementPolicy.filterViableNodes(PipelinePlacementPolicy.java:149)
	at org.apache.hadoop.hdds.scm.pipeline.PipelinePlacementPolicy.chooseDatanodes(PipelinePlacementPolicy.java:172)
	at org.apache.hadoop.hdds.scm.pipeline.RatisPipelineProvider.create(RatisPipelineProvider.java:92)
	at org.apache.hadoop.hdds.scm.pipeline.PipelineFactory.create(PipelineFactory.java:57)
	at org.apache.hadoop.hdds.scm.pipeline.SCMPipelineManager.createPipeline(SCMPipelineManager.java:149)
	at org.apache.hadoop.hdds.scm.block.BlockManagerImpl.allocateBlock(BlockManagerImpl.java:190)
	at org.apache.hadoop.hdds.scm.server.SCMBlockProtocolServer.allocateBlock(SCMBlockProtocolServer.java:175)
	at org.apache.hadoop.ozone.protocolPB.ScmBlockLocationProtocolServerSideTranslatorPB.allocateScmBlock(ScmBlockLocationProtocolServerSideTranslatorPB.java:153)
	at org.apache.hadoop.ozone.protocolPB.ScmBlockLocationProtocolServerSideTranslatorPB.send(ScmBlockLocationProtocolServerSideTranslatorPB.java:112)
	at org.apache.hadoop.hdds.protocol.proto.ScmBlockLocationProtocolProtos$ScmBlockLocationProtocolService$2.callBlockingMethod(ScmBlockLocationProtocolProtos.java:13157)
	at org.apache.hadoop.ipc.ProtobufRpcEngine$Server$ProtoBufRpcInvoker.call(ProtobufRpcEngine.java:524)
	at org.apache.hadoop.ipc.RPC$Server.call(RPC.java:1025)
	at org.apache.hadoop.ipc.Server$RpcCall.run(Server.java:876)
	at org.apache.hadoop.ipc.Server$RpcCall.run(Server.java:822)
	at java.security.AccessController.doPrivileged(Native Method)
	at javax.security.auth.Subject.doAs(Subject.java:422)
	at org.apache.hadoop.security.UserGroupInformation.doAs(UserGroupInformation.java:1730)
	at org.apache.hadoop.ipc.Server$Handler.run(Server.java:2682)
2019-09-20 08:45:20,617 [IPC Server handler 0 on 45031] INFO  block.BlockManagerImpl (BlockManagerImpl.java:allocateBlock(198)) - Could not find available pipeline of type:RATIS and factor:THREE even after retrying
2019-09-20 08:45:20,617 [IPC Server handler 0 on 45031] ERROR block.BlockManagerImpl (BlockManagerImpl.java:allocateBlock(222)) - Unable to allocate a block for the size: 4194304, type: RATIS, factor: THREE
2019-09-20 08:45:20,617 | INFO  | SCMAudit | user=jenkins1000 | ip=192.168.36.79 | op=ALLOCATE_BLOCK {owner=a1d0c9a2-9b67-4af3-a1f8-8c5669c9b817, size=4194304, type=RATIS, factor=THREE} | ret=SUCCESS |  
2019-09-20 08:45:20,618 | ERROR | OMAudit | user=jenkins1000 | ip=127.0.0.1 | op=CREATE_FILE {volume=volume85291, bucket=bucket93347, key=test/ITestOzoneContractDistCp/testUpdateDeepDirectoryStructureToRemote/remote/outputDir/.distcp.tmp.attempt_local1082070671_0004_m_000002_0, dataSize=0, replicationType=RATIS, replicationFactor=THREE, keyLocationInfo=null} | ret=FAILURE | org.apache.hadoop.hdds.scm.exceptions.SCMException: Allocated 0 blocks. Requested 1 blocks
	at org.apache.hadoop.hdds.scm.protocolPB.ScmBlockLocationProtocolClientSideTranslatorPB.handleError(ScmBlockLocationProtocolClientSideTranslatorPB.java:118)
	at org.apache.hadoop.hdds.scm.protocolPB.ScmBlockLocationProtocolClientSideTranslatorPB.allocateBlock(ScmBlockLocationProtocolClientSideTranslatorPB.java:156) 
2019-09-20 08:45:20,620 | ERROR | OMAudit | user=jenkins1000 | ip=127.0.0.1 | op=GET_FILE_STATUS {volume=volume85291, bucket=bucket93347, key=test/ITestOzoneContractDistCp/testUpdateDeepDirectoryStructureToRemote/remote/outputDir/.distcp.tmp.attempt_local1082070671_0004_m_000002_0, dataSize=0, replicationType=null, replicationFactor=null, keyLocationInfo=null} | ret=FAILURE | FILE_NOT_FOUND org.apache.hadoop.ozone.om.exceptions.OMException: Unable to get file status: volume: volume85291 bucket: bucket93347 key: test/ITestOzoneContractDistCp/testUpdateDeepDirectoryStructureToRemote/remote/outputDir/.distcp.tmp.attempt_local1082070671_0004_m_000002_0
	at org.apache.hadoop.ozone.om.KeyManagerImpl.getFileStatus(KeyManagerImpl.java:1655)
	at org.apache.hadoop.ozone.om.OzoneManager.getFileStatus(OzoneManager.java:2868) 
2019-09-20 08:45:20,621 [LocalJobRunner Map Task Executor #0] WARN  ozone.BasicOzoneFileSystem (BasicOzoneFileSystem.java:delete(437)) - delete: Path does not exist: o3fs://bucket93347.volume85291/test/ITestOzoneContractDistCp/testUpdateDeepDirectoryStructureToRemote/remote/outputDir/.distcp.tmp.attempt_local1082070671_0004_m_000002_0
2019-09-20 08:45:20,621 [LocalJobRunner Map Task Executor #0] ERROR util.RetriableCommand (RetriableCommand.java:execute(89)) - Failure in Retriable command: Copying file:/workdir/hadoop-ozone/ozonefs/target/test-dir/ITestOzoneContractDistCp/testUpdateDeepDirectoryStructureToRemote/local/inputDir/subDir2/subDir2/file3 to o3fs://bucket93347.volume85291/test/ITestOzoneContractDistCp/testUpdateDeepDirectoryStructureToRemote/remote/outputDir/inputDir/subDir2/subDir2/file3
INTERNAL_ERROR org.apache.hadoop.ozone.om.exceptions.OMException: Allocated 0 blocks. Requested 1 blocks
	at org.apache.hadoop.ozone.om.protocolPB.OzoneManagerProtocolClientSideTranslatorPB.handleError(OzoneManagerProtocolClientSideTranslatorPB.java:725)
	at org.apache.hadoop.ozone.om.protocolPB.OzoneManagerProtocolClientSideTranslatorPB.createFile(OzoneManagerProtocolClientSideTranslatorPB.java:1474)
	at org.apache.hadoop.ozone.client.rpc.RpcClient.createFile(RpcClient.java:984)
	at org.apache.hadoop.ozone.client.OzoneBucket.createFile(OzoneBucket.java:535)
	at org.apache.hadoop.fs.ozone.BasicOzoneClientAdapterImpl.createFile(BasicOzoneClientAdapterImpl.java:181)
	at org.apache.hadoop.fs.ozone.BasicOzoneFileSystem.createOutputStream(BasicOzoneFileSystem.java:249)
	at org.apache.hadoop.fs.ozone.BasicOzoneFileSystem.create(BasicOzoneFileSystem.java:230)
	at org.apache.hadoop.fs.FileSystem.create(FileSystem.java:1195)
	at org.apache.hadoop.tools.mapred.RetriableFileCopyCommand.copyToFile(RetriableFileCopyCommand.java:184)
	at org.apache.hadoop.tools.mapred.RetriableFileCopyCommand.doCopy(RetriableFileCopyCommand.java:123)
	at org.apache.hadoop.tools.mapred.RetriableFileCopyCommand.doExecute(RetriableFileCopyCommand.java:99)
	at org.apache.hadoop.tools.util.RetriableCommand.execute(RetriableCommand.java:87)
	at org.apache.hadoop.tools.mapred.CopyMapper.copyFileWithRetry(CopyMapper.java:256)
	at org.apache.hadoop.tools.mapred.CopyMapper.map(CopyMapper.java:217)
	at org.apache.hadoop.tools.mapred.CopyMapper.map(CopyMapper.java:48)
	at org.apache.hadoop.mapreduce.Mapper.run(Mapper.java:146)
	at org.apache.hadoop.mapred.MapTask.runNewMapper(MapTask.java:799)
	at org.apache.hadoop.mapred.MapTask.run(MapTask.java:347)
	at org.apache.hadoop.mapred.LocalJobRunner$Job$MapTaskRunnable.run(LocalJobRunner.java:271)
	at java.util.concurrent.Executors$RunnableAdapter.call(Executors.java:511)
	at java.util.concurrent.FutureTask.run(FutureTask.java:266)
	at java.util.concurrent.ThreadPoolExecutor.runWorker(ThreadPoolExecutor.java:1149)
	at java.util.concurrent.ThreadPoolExecutor$Worker.run(ThreadPoolExecutor.java:624)
	at java.lang.Thread.run(Thread.java:748)
2019-09-20 08:45:20,732 | INFO  | SCMAudit | user=jenkins1000 | ip=192.168.36.79 | op=SEND_HEARTBEAT {datanodeUUID=a4a73c82-9756-45ac-afed-7299ac804f25, command=[]} | ret=SUCCESS |  
2019-09-20 08:45:20,977 | INFO  | SCMAudit | user=jenkins1000 | ip=192.168.36.79 | op=SEND_HEARTBEAT {datanodeUUID=9123b815-6bfa-48f7-ade2-b84cdc033afa, command=[]} | ret=SUCCESS |  
2019-09-20 08:45:21,472 | INFO  | SCMAudit | user=jenkins1000 | ip=192.168.36.79 | op=SEND_HEARTBEAT {datanodeUUID=75feff7d-6f48-4002-b580-45a21ea734c6, command=[]} | ret=SUCCESS |  
2019-09-20 08:45:21,476 | INFO  | SCMAudit | user=jenkins1000 | ip=192.168.36.79 | op=SEND_HEARTBEAT {datanodeUUID=b892e876-f5ae-410a-9dfd-4f07fd940729, command=[]} | ret=SUCCESS |  
2019-09-20 08:45:21,488 | INFO  | SCMAudit | user=jenkins1000 | ip=192.168.36.79 | op=SEND_HEARTBEAT {datanodeUUID=aa30552f-ad30-4fe7-9018-411c04218958, command=[]} | ret=SUCCESS |  
2019-09-20 08:45:21,732 | INFO  | SCMAudit | user=jenkins1000 | ip=192.168.36.79 | op=SEND_HEARTBEAT {datanodeUUID=a4a73c82-9756-45ac-afed-7299ac804f25, command=[]} | ret=SUCCESS |  
2019-09-20 08:45:21,976 | INFO  | SCMAudit | user=jenkins1000 | ip=192.168.36.79 | op=SEND_HEARTBEAT {datanodeUUID=9123b815-6bfa-48f7-ade2-b84cdc033afa, command=[]} | ret=SUCCESS |  
2019-09-20 08:45:22,472 | INFO  | SCMAudit | user=jenkins1000 | ip=192.168.36.79 | op=SEND_HEARTBEAT {datanodeUUID=75feff7d-6f48-4002-b580-45a21ea734c6, command=[]} | ret=SUCCESS |  
2019-09-20 08:45:22,476 | INFO  | SCMAudit | user=jenkins1000 | ip=192.168.36.79 | op=SEND_HEARTBEAT {datanodeUUID=b892e876-f5ae-410a-9dfd-4f07fd940729, command=[]} | ret=SUCCESS |  
2019-09-20 08:45:22,489 | INFO  | SCMAudit | user=jenkins1000 | ip=192.168.36.79 | op=SEND_HEARTBEAT {datanodeUUID=aa30552f-ad30-4fe7-9018-411c04218958, command=[]} | ret=SUCCESS |  
2019-09-20 08:45:22,732 | INFO  | SCMAudit | user=jenkins1000 | ip=192.168.36.79 | op=SEND_HEARTBEAT {datanodeUUID=a4a73c82-9756-45ac-afed-7299ac804f25, command=[]} | ret=SUCCESS |  
2019-09-20 08:45:22,977 | INFO  | SCMAudit | user=jenkins1000 | ip=192.168.36.79 | op=SEND_HEARTBEAT {datanodeUUID=9123b815-6bfa-48f7-ade2-b84cdc033afa, command=[]} | ret=SUCCESS |  
2019-09-20 08:45:23,473 | INFO  | SCMAudit | user=jenkins1000 | ip=192.168.36.79 | op=SEND_HEARTBEAT {datanodeUUID=75feff7d-6f48-4002-b580-45a21ea734c6, command=[]} | ret=SUCCESS |  
2019-09-20 08:45:23,476 | INFO  | SCMAudit | user=jenkins1000 | ip=192.168.36.79 | op=SEND_HEARTBEAT {datanodeUUID=b892e876-f5ae-410a-9dfd-4f07fd940729, command=[]} | ret=SUCCESS |  
2019-09-20 08:45:23,489 | INFO  | SCMAudit | user=jenkins1000 | ip=192.168.36.79 | op=SEND_HEARTBEAT {datanodeUUID=aa30552f-ad30-4fe7-9018-411c04218958, command=[]} | ret=SUCCESS |  
2019-09-20 08:45:23,732 | INFO  | SCMAudit | user=jenkins1000 | ip=192.168.36.79 | op=SEND_HEARTBEAT {datanodeUUID=a4a73c82-9756-45ac-afed-7299ac804f25, command=[]} | ret=SUCCESS |  
2019-09-20 08:45:23,978 | INFO  | SCMAudit | user=jenkins1000 | ip=192.168.36.79 | op=SEND_HEARTBEAT {datanodeUUID=9123b815-6bfa-48f7-ade2-b84cdc033afa, command=[]} | ret=SUCCESS |  
2019-09-20 08:45:24,080 [communication thread] INFO  mapred.LocalJobRunner (LocalJobRunner.java:statusUpdate(634)) - Copy Failure: file:/workdir/hadoop-ozone/ozonefs/target/test-dir/ITestOzoneContractDistCp/largeFilesToRemote/local/inputDir/file2 > map
2019-09-20 08:45:24,473 | INFO  | SCMAudit | user=jenkins1000 | ip=192.168.36.79 | op=SEND_HEARTBEAT {datanodeUUID=75feff7d-6f48-4002-b580-45a21ea734c6, command=[]} | ret=SUCCESS |  
2019-09-20 08:45:24,476 | INFO  | SCMAudit | user=jenkins1000 | ip=192.168.36.79 | op=SEND_HEARTBEAT {datanodeUUID=b892e876-f5ae-410a-9dfd-4f07fd940729, command=[]} | ret=SUCCESS |  
2019-09-20 08:45:24,489 | INFO  | SCMAudit | user=jenkins1000 | ip=192.168.36.79 | op=SEND_HEARTBEAT {datanodeUUID=aa30552f-ad30-4fe7-9018-411c04218958, command=[]} | ret=SUCCESS |  
2019-09-20 08:45:24,732 | INFO  | SCMAudit | user=jenkins1000 | ip=192.168.36.79 | op=SEND_HEARTBEAT {datanodeUUID=a4a73c82-9756-45ac-afed-7299ac804f25, command=[]} | ret=SUCCESS |  
2019-09-20 08:45:24,977 | INFO  | SCMAudit | user=jenkins1000 | ip=192.168.36.79 | op=SEND_HEARTBEAT {datanodeUUID=9123b815-6bfa-48f7-ade2-b84cdc033afa, command=[]} | ret=SUCCESS |  
2019-09-20 08:45:25,473 | INFO  | SCMAudit | user=jenkins1000 | ip=192.168.36.79 | op=SEND_HEARTBEAT {datanodeUUID=75feff7d-6f48-4002-b580-45a21ea734c6, command=[]} | ret=SUCCESS |  
2019-09-20 08:45:25,476 | INFO  | SCMAudit | user=jenkins1000 | ip=192.168.36.79 | op=SEND_HEARTBEAT {datanodeUUID=b892e876-f5ae-410a-9dfd-4f07fd940729, command=[]} | ret=SUCCESS |  
2019-09-20 08:45:25,489 | INFO  | SCMAudit | user=jenkins1000 | ip=192.168.36.79 | op=SEND_HEARTBEAT {datanodeUUID=aa30552f-ad30-4fe7-9018-411c04218958, command=[]} | ret=SUCCESS |  
2019-09-20 08:45:25,614 [communication thread] INFO  mapred.LocalJobRunner (LocalJobRunner.java:statusUpdate(634)) - Copy Failure: file:/workdir/hadoop-ozone/ozonefs/target/test-dir/ITestOzoneContractDistCp/testUpdateDeepDirectoryStructureToRemote/local/inputDir/file1 > map
2019-09-20 08:45:25,732 | INFO  | SCMAudit | user=jenkins1000 | ip=192.168.36.79 | op=SEND_HEARTBEAT {datanodeUUID=a4a73c82-9756-45ac-afed-7299ac804f25, command=[]} | ret=SUCCESS |  
2019-09-20 08:45:25,978 | INFO  | SCMAudit | user=jenkins1000 | ip=192.168.36.79 | op=SEND_HEARTBEAT {datanodeUUID=9123b815-6bfa-48f7-ade2-b84cdc033afa, command=[]} | ret=SUCCESS |  
2019-09-20 08:45:26,317 [LocalJobRunner Map Task Executor #0] INFO  mapred.RetriableFileCopyCommand (RetriableFileCopyCommand.java:getTmpFile(260)) - Creating temp file: o3fs://bucket93347.volume85291/test/ITestOzoneContractDistCp/testUpdateDeepDirectoryStructureToRemote/remote/outputDir/.distcp.tmp.attempt_local1082070671_0004_m_000002_0
2019-09-20 08:45:26,321 [IPC Server handler 4 on 45031] INFO  pipeline.PipelinePlacementPolicy (PipelinePlacementPolicy.java:meetCriteria(91)) - Pipeline Placement: Doesn't meet the criteria to be viable node： aa30552f-ad30-4fe7-9018-411c04218958 Heaviness: 6 limit: 5
2019-09-20 08:45:26,322 [IPC Server handler 4 on 45031] INFO  pipeline.PipelinePlacementPolicy (PipelinePlacementPolicy.java:meetCriteria(91)) - Pipeline Placement: Doesn't meet the criteria to be viable node： b892e876-f5ae-410a-9dfd-4f07fd940729 Heaviness: 6 limit: 5
2019-09-20 08:45:26,322 [IPC Server handler 4 on 45031] INFO  pipeline.PipelinePlacementPolicy (PipelinePlacementPolicy.java:meetCriteria(91)) - Pipeline Placement: Doesn't meet the criteria to be viable node： 75feff7d-6f48-4002-b580-45a21ea734c6 Heaviness: 6 limit: 5
2019-09-20 08:45:26,322 [IPC Server handler 4 on 45031] INFO  pipeline.PipelinePlacementPolicy (PipelinePlacementPolicy.java:meetCriteria(91)) - Pipeline Placement: Doesn't meet the criteria to be viable node： 9123b815-6bfa-48f7-ade2-b84cdc033afa Heaviness: 6 limit: 5
2019-09-20 08:45:26,322 [IPC Server handler 4 on 45031] INFO  pipeline.PipelinePlacementPolicy (PipelinePlacementPolicy.java:meetCriteria(91)) - Pipeline Placement: Doesn't meet the criteria to be viable node： a4a73c82-9756-45ac-afed-7299ac804f25 Heaviness: 6 limit: 5
2019-09-20 08:45:26,322 [IPC Server handler 4 on 45031] ERROR pipeline.PipelinePlacementPolicy (PipelinePlacementPolicy.java:filterViableNodes(148)) - Unable to find enough nodes that meet the criteria that cannot engage in more than 5 pipelines. Nodes required: 3 Found: 0, healthy nodes count inNodeManager: 5.
2019-09-20 08:45:26,323 [IPC Server handler 4 on 45031] ERROR pipeline.SCMPipelineManager (SCMPipelineManager.java:createPipeline(161)) - Pipeline creation failed due to exception: Unable to find enough nodes that meet the criteria that cannot engage in more than 5 pipelines. Nodes required: 3 Found: 0, healthy nodes count inNodeManager: 5.
2019-09-20 08:45:26,323 [IPC Server handler 4 on 45031] WARN  block.BlockManagerImpl (BlockManagerImpl.java:allocateBlock(192)) - Pipeline creation failed for type:RATIS factor:THREE. Retrying get pipelines call once.
org.apache.hadoop.hdds.scm.exceptions.SCMException: Unable to find enough nodes that meet the criteria that cannot engage in more than 5 pipelines. Nodes required: 3 Found: 0, healthy nodes count inNodeManager: 5.
	at org.apache.hadoop.hdds.scm.pipeline.PipelinePlacementPolicy.filterViableNodes(PipelinePlacementPolicy.java:149)
	at org.apache.hadoop.hdds.scm.pipeline.PipelinePlacementPolicy.chooseDatanodes(PipelinePlacementPolicy.java:172)
	at org.apache.hadoop.hdds.scm.pipeline.RatisPipelineProvider.create(RatisPipelineProvider.java:92)
	at org.apache.hadoop.hdds.scm.pipeline.PipelineFactory.create(PipelineFactory.java:57)
	at org.apache.hadoop.hdds.scm.pipeline.SCMPipelineManager.createPipeline(SCMPipelineManager.java:149)
	at org.apache.hadoop.hdds.scm.block.BlockManagerImpl.allocateBlock(BlockManagerImpl.java:190)
	at org.apache.hadoop.hdds.scm.server.SCMBlockProtocolServer.allocateBlock(SCMBlockProtocolServer.java:175)
	at org.apache.hadoop.ozone.protocolPB.ScmBlockLocationProtocolServerSideTranslatorPB.allocateScmBlock(ScmBlockLocationProtocolServerSideTranslatorPB.java:153)
	at org.apache.hadoop.ozone.protocolPB.ScmBlockLocationProtocolServerSideTranslatorPB.send(ScmBlockLocationProtocolServerSideTranslatorPB.java:112)
	at org.apache.hadoop.hdds.protocol.proto.ScmBlockLocationProtocolProtos$ScmBlockLocationProtocolService$2.callBlockingMethod(ScmBlockLocationProtocolProtos.java:13157)
	at org.apache.hadoop.ipc.ProtobufRpcEngine$Server$ProtoBufRpcInvoker.call(ProtobufRpcEngine.java:524)
	at org.apache.hadoop.ipc.RPC$Server.call(RPC.java:1025)
	at org.apache.hadoop.ipc.Server$RpcCall.run(Server.java:876)
	at org.apache.hadoop.ipc.Server$RpcCall.run(Server.java:822)
	at java.security.AccessController.doPrivileged(Native Method)
	at javax.security.auth.Subject.doAs(Subject.java:422)
	at org.apache.hadoop.security.UserGroupInformation.doAs(UserGroupInformation.java:1730)
	at org.apache.hadoop.ipc.Server$Handler.run(Server.java:2682)
2019-09-20 08:45:26,323 [IPC Server handler 4 on 45031] INFO  block.BlockManagerImpl (BlockManagerImpl.java:allocateBlock(198)) - Could not find available pipeline of type:RATIS and factor:THREE even after retrying
2019-09-20 08:45:26,323 [IPC Server handler 4 on 45031] ERROR block.BlockManagerImpl (BlockManagerImpl.java:allocateBlock(222)) - Unable to allocate a block for the size: 4194304, type: RATIS, factor: THREE
2019-09-20 08:45:26,323 | INFO  | SCMAudit | user=jenkins1000 | ip=192.168.36.79 | op=ALLOCATE_BLOCK {owner=a1d0c9a2-9b67-4af3-a1f8-8c5669c9b817, size=4194304, type=RATIS, factor=THREE} | ret=SUCCESS |  
2019-09-20 08:45:26,324 | ERROR | OMAudit | user=jenkins1000 | ip=127.0.0.1 | op=CREATE_FILE {volume=volume85291, bucket=bucket93347, key=test/ITestOzoneContractDistCp/testUpdateDeepDirectoryStructureToRemote/remote/outputDir/.distcp.tmp.attempt_local1082070671_0004_m_000002_0, dataSize=0, replicationType=RATIS, replicationFactor=THREE, keyLocationInfo=null} | ret=FAILURE | org.apache.hadoop.hdds.scm.exceptions.SCMException: Allocated 0 blocks. Requested 1 blocks
	at org.apache.hadoop.hdds.scm.protocolPB.ScmBlockLocationProtocolClientSideTranslatorPB.handleError(ScmBlockLocationProtocolClientSideTranslatorPB.java:118)
	at org.apache.hadoop.hdds.scm.protocolPB.ScmBlockLocationProtocolClientSideTranslatorPB.allocateBlock(ScmBlockLocationProtocolClientSideTranslatorPB.java:156) 
2019-09-20 08:45:26,326 | ERROR | OMAudit | user=jenkins1000 | ip=127.0.0.1 | op=GET_FILE_STATUS {volume=volume85291, bucket=bucket93347, key=test/ITestOzoneContractDistCp/testUpdateDeepDirectoryStructureToRemote/remote/outputDir/.distcp.tmp.attempt_local1082070671_0004_m_000002_0, dataSize=0, replicationType=null, replicationFactor=null, keyLocationInfo=null} | ret=FAILURE | FILE_NOT_FOUND org.apache.hadoop.ozone.om.exceptions.OMException: Unable to get file status: volume: volume85291 bucket: bucket93347 key: test/ITestOzoneContractDistCp/testUpdateDeepDirectoryStructureToRemote/remote/outputDir/.distcp.tmp.attempt_local1082070671_0004_m_000002_0
	at org.apache.hadoop.ozone.om.KeyManagerImpl.getFileStatus(KeyManagerImpl.java:1655)
	at org.apache.hadoop.ozone.om.OzoneManager.getFileStatus(OzoneManager.java:2868) 
2019-09-20 08:45:26,327 [LocalJobRunner Map Task Executor #0] WARN  ozone.BasicOzoneFileSystem (BasicOzoneFileSystem.java:delete(437)) - delete: Path does not exist: o3fs://bucket93347.volume85291/test/ITestOzoneContractDistCp/testUpdateDeepDirectoryStructureToRemote/remote/outputDir/.distcp.tmp.attempt_local1082070671_0004_m_000002_0
2019-09-20 08:45:26,327 [LocalJobRunner Map Task Executor #0] ERROR util.RetriableCommand (RetriableCommand.java:execute(89)) - Failure in Retriable command: Copying file:/workdir/hadoop-ozone/ozonefs/target/test-dir/ITestOzoneContractDistCp/testUpdateDeepDirectoryStructureToRemote/local/inputDir/subDir2/subDir2/file3 to o3fs://bucket93347.volume85291/test/ITestOzoneContractDistCp/testUpdateDeepDirectoryStructureToRemote/remote/outputDir/inputDir/subDir2/subDir2/file3
INTERNAL_ERROR org.apache.hadoop.ozone.om.exceptions.OMException: Allocated 0 blocks. Requested 1 blocks
	at org.apache.hadoop.ozone.om.protocolPB.OzoneManagerProtocolClientSideTranslatorPB.handleError(OzoneManagerProtocolClientSideTranslatorPB.java:725)
	at org.apache.hadoop.ozone.om.protocolPB.OzoneManagerProtocolClientSideTranslatorPB.createFile(OzoneManagerProtocolClientSideTranslatorPB.java:1474)
	at org.apache.hadoop.ozone.client.rpc.RpcClient.createFile(RpcClient.java:984)
	at org.apache.hadoop.ozone.client.OzoneBucket.createFile(OzoneBucket.java:535)
	at org.apache.hadoop.fs.ozone.BasicOzoneClientAdapterImpl.createFile(BasicOzoneClientAdapterImpl.java:181)
	at org.apache.hadoop.fs.ozone.BasicOzoneFileSystem.createOutputStream(BasicOzoneFileSystem.java:249)
	at org.apache.hadoop.fs.ozone.BasicOzoneFileSystem.create(BasicOzoneFileSystem.java:230)
	at org.apache.hadoop.fs.FileSystem.create(FileSystem.java:1195)
	at org.apache.hadoop.tools.mapred.RetriableFileCopyCommand.copyToFile(RetriableFileCopyCommand.java:184)
	at org.apache.hadoop.tools.mapred.RetriableFileCopyCommand.doCopy(RetriableFileCopyCommand.java:123)
	at org.apache.hadoop.tools.mapred.RetriableFileCopyCommand.doExecute(RetriableFileCopyCommand.java:99)
	at org.apache.hadoop.tools.util.RetriableCommand.execute(RetriableCommand.java:87)
	at org.apache.hadoop.tools.mapred.CopyMapper.copyFileWithRetry(CopyMapper.java:256)
	at org.apache.hadoop.tools.mapred.CopyMapper.map(CopyMapper.java:217)
	at org.apache.hadoop.tools.mapred.CopyMapper.map(CopyMapper.java:48)
	at org.apache.hadoop.mapreduce.Mapper.run(Mapper.java:146)
	at org.apache.hadoop.mapred.MapTask.runNewMapper(MapTask.java:799)
	at org.apache.hadoop.mapred.MapTask.run(MapTask.java:347)
	at org.apache.hadoop.mapred.LocalJobRunner$Job$MapTaskRunnable.run(LocalJobRunner.java:271)
	at java.util.concurrent.Executors$RunnableAdapter.call(Executors.java:511)
	at java.util.concurrent.FutureTask.run(FutureTask.java:266)
	at java.util.concurrent.ThreadPoolExecutor.runWorker(ThreadPoolExecutor.java:1149)
	at java.util.concurrent.ThreadPoolExecutor$Worker.run(ThreadPoolExecutor.java:624)
	at java.lang.Thread.run(Thread.java:748)
2019-09-20 08:45:26,328 [LocalJobRunner Map Task Executor #0] ERROR mapred.CopyMapper (CopyMapper.java:handleFailures(296)) - Failure in copying file:/workdir/hadoop-ozone/ozonefs/target/test-dir/ITestOzoneContractDistCp/testUpdateDeepDirectoryStructureToRemote/local/inputDir/subDir2/subDir2/file3 to o3fs://bucket93347.volume85291/test/ITestOzoneContractDistCp/testUpdateDeepDirectoryStructureToRemote/remote/outputDir/inputDir/subDir2/subDir2/file3
java.io.IOException: File copy failed: file:/workdir/hadoop-ozone/ozonefs/target/test-dir/ITestOzoneContractDistCp/testUpdateDeepDirectoryStructureToRemote/local/inputDir/subDir2/subDir2/file3 --> o3fs://bucket93347.volume85291/test/ITestOzoneContractDistCp/testUpdateDeepDirectoryStructureToRemote/remote/outputDir/inputDir/subDir2/subDir2/file3
	at org.apache.hadoop.tools.mapred.CopyMapper.copyFileWithRetry(CopyMapper.java:259)
	at org.apache.hadoop.tools.mapred.CopyMapper.map(CopyMapper.java:217)
	at org.apache.hadoop.tools.mapred.CopyMapper.map(CopyMapper.java:48)
	at org.apache.hadoop.mapreduce.Mapper.run(Mapper.java:146)
	at org.apache.hadoop.mapred.MapTask.runNewMapper(MapTask.java:799)
	at org.apache.hadoop.mapred.MapTask.run(MapTask.java:347)
	at org.apache.hadoop.mapred.LocalJobRunner$Job$MapTaskRunnable.run(LocalJobRunner.java:271)
	at java.util.concurrent.Executors$RunnableAdapter.call(Executors.java:511)
	at java.util.concurrent.FutureTask.run(FutureTask.java:266)
	at java.util.concurrent.ThreadPoolExecutor.runWorker(ThreadPoolExecutor.java:1149)
	at java.util.concurrent.ThreadPoolExecutor$Worker.run(ThreadPoolExecutor.java:624)
	at java.lang.Thread.run(Thread.java:748)
Caused by: java.io.IOException: Couldn't run retriable-command: Copying file:/workdir/hadoop-ozone/ozonefs/target/test-dir/ITestOzoneContractDistCp/testUpdateDeepDirectoryStructureToRemote/local/inputDir/subDir2/subDir2/file3 to o3fs://bucket93347.volume85291/test/ITestOzoneContractDistCp/testUpdateDeepDirectoryStructureToRemote/remote/outputDir/inputDir/subDir2/subDir2/file3
	at org.apache.hadoop.tools.util.RetriableCommand.execute(RetriableCommand.java:101)
	at org.apache.hadoop.tools.mapred.CopyMapper.copyFileWithRetry(CopyMapper.java:256)
	... 11 more
Caused by: INTERNAL_ERROR org.apache.hadoop.ozone.om.exceptions.OMException: Allocated 0 blocks. Requested 1 blocks
	at org.apache.hadoop.ozone.om.protocolPB.OzoneManagerProtocolClientSideTranslatorPB.handleError(OzoneManagerProtocolClientSideTranslatorPB.java:725)
	at org.apache.hadoop.ozone.om.protocolPB.OzoneManagerProtocolClientSideTranslatorPB.createFile(OzoneManagerProtocolClientSideTranslatorPB.java:1474)
	at org.apache.hadoop.ozone.client.rpc.RpcClient.createFile(RpcClient.java:984)
	at org.apache.hadoop.ozone.client.OzoneBucket.createFile(OzoneBucket.java:535)
	at org.apache.hadoop.fs.ozone.BasicOzoneClientAdapterImpl.createFile(BasicOzoneClientAdapterImpl.java:181)
	at org.apache.hadoop.fs.ozone.BasicOzoneFileSystem.createOutputStream(BasicOzoneFileSystem.java:249)
	at org.apache.hadoop.fs.ozone.BasicOzoneFileSystem.create(BasicOzoneFileSystem.java:230)
	at org.apache.hadoop.fs.FileSystem.create(FileSystem.java:1195)
	at org.apache.hadoop.tools.mapred.RetriableFileCopyCommand.copyToFile(RetriableFileCopyCommand.java:184)
	at org.apache.hadoop.tools.mapred.RetriableFileCopyCommand.doCopy(RetriableFileCopyCommand.java:123)
	at org.apache.hadoop.tools.mapred.RetriableFileCopyCommand.doExecute(RetriableFileCopyCommand.java:99)
	at org.apache.hadoop.tools.util.RetriableCommand.execute(RetriableCommand.java:87)
	... 12 more
2019-09-20 08:45:26,339 [LocalJobRunner Map Task Executor #0] INFO  mapred.LocalJobRunner (LocalJobRunner.java:run(252)) - Starting task: attempt_local1082070671_0004_m_000003_0
2019-09-20 08:45:26,340 [LocalJobRunner Map Task Executor #0] INFO  output.FileOutputCommitter (FileOutputCommitter.java:<init>(140)) - File Output Committer Algorithm version is 2
2019-09-20 08:45:26,340 [LocalJobRunner Map Task Executor #0] INFO  output.FileOutputCommitter (FileOutputCommitter.java:<init>(155)) - FileOutputCommitter skip cleanup _temporary folders under output directory:false, ignore cleanup failures: false
2019-09-20 08:45:26,340 [LocalJobRunner Map Task Executor #0] INFO  mapred.Task (Task.java:initialize(626)) -  Using ResourceCalculatorProcessTree : [ ]
2019-09-20 08:45:26,341 [LocalJobRunner Map Task Executor #0] INFO  mapred.MapTask (MapTask.java:runNewMapper(768)) - Processing split: file:/tmp/hadoop/mapred/staging/jenkins1000914064944/.staging/_distcp-1013877531/fileList.seq:2808+293
2019-09-20 08:45:26,342 [LocalJobRunner Map Task Executor #0] INFO  output.FileOutputCommitter (FileOutputCommitter.java:<init>(140)) - File Output Committer Algorithm version is 2
2019-09-20 08:45:26,342 [LocalJobRunner Map Task Executor #0] INFO  output.FileOutputCommitter (FileOutputCommitter.java:<init>(155)) - FileOutputCommitter skip cleanup _temporary folders under output directory:false, ignore cleanup failures: false
2019-09-20 08:45:26,363 | INFO  | OMAudit | user=jenkins1000 | ip=127.0.0.1 | op=GET_FILE_STATUS {volume=volume85291, bucket=bucket93347, key=test/ITestOzoneContractDistCp/testUpdateDeepDirectoryStructureToRemote/remote/outputDir, dataSize=0, replicationType=null, replicationFactor=null, keyLocationInfo=null} | ret=SUCCESS |  
2019-09-20 08:45:26,364 [LocalJobRunner Map Task Executor #0] INFO  mapred.CopyMapper (CopyMapper.java:map(154)) - Copying file:/workdir/hadoop-ozone/ozonefs/target/test-dir/ITestOzoneContractDistCp/testUpdateDeepDirectoryStructureToRemote/local/inputDir/subDir4/subDir4/file4 to o3fs://bucket93347.volume85291/test/ITestOzoneContractDistCp/testUpdateDeepDirectoryStructureToRemote/remote/outputDir/inputDir/subDir4/subDir4/file4
2019-09-20 08:45:26,372 | ERROR | OMAudit | user=jenkins1000 | ip=127.0.0.1 | op=GET_FILE_STATUS {volume=volume85291, bucket=bucket93347, key=test/ITestOzoneContractDistCp/testUpdateDeepDirectoryStructureToRemote/remote/outputDir/inputDir/subDir4/subDir4/file4, dataSize=0, replicationType=null, replicationFactor=null, keyLocationInfo=null} | ret=FAILURE | FILE_NOT_FOUND org.apache.hadoop.ozone.om.exceptions.OMException: Unable to get file status: volume: volume85291 bucket: bucket93347 key: test/ITestOzoneContractDistCp/testUpdateDeepDirectoryStructureToRemote/remote/outputDir/inputDir/subDir4/subDir4/file4
	at org.apache.hadoop.ozone.om.KeyManagerImpl.getFileStatus(KeyManagerImpl.java:1655)
	at org.apache.hadoop.ozone.om.OzoneManager.getFileStatus(OzoneManager.java:2868) 
2019-09-20 08:45:26,373 [LocalJobRunner Map Task Executor #0] INFO  mapred.RetriableFileCopyCommand (RetriableFileCopyCommand.java:getTmpFile(260)) - Creating temp file: o3fs://bucket93347.volume85291/test/ITestOzoneContractDistCp/testUpdateDeepDirectoryStructureToRemote/remote/outputDir/.distcp.tmp.attempt_local1082070671_0004_m_000003_0
2019-09-20 08:45:26,376 [IPC Server handler 7 on 45031] INFO  pipeline.PipelinePlacementPolicy (PipelinePlacementPolicy.java:meetCriteria(91)) - Pipeline Placement: Doesn't meet the criteria to be viable node： aa30552f-ad30-4fe7-9018-411c04218958 Heaviness: 6 limit: 5
2019-09-20 08:45:26,377 [IPC Server handler 7 on 45031] INFO  pipeline.PipelinePlacementPolicy (PipelinePlacementPolicy.java:meetCriteria(91)) - Pipeline Placement: Doesn't meet the criteria to be viable node： b892e876-f5ae-410a-9dfd-4f07fd940729 Heaviness: 6 limit: 5
2019-09-20 08:45:26,377 [IPC Server handler 7 on 45031] INFO  pipeline.PipelinePlacementPolicy (PipelinePlacementPolicy.java:meetCriteria(91)) - Pipeline Placement: Doesn't meet the criteria to be viable node： 75feff7d-6f48-4002-b580-45a21ea734c6 Heaviness: 6 limit: 5
2019-09-20 08:45:26,377 [IPC Server handler 7 on 45031] INFO  pipeline.PipelinePlacementPolicy (PipelinePlacementPolicy.java:meetCriteria(91)) - Pipeline Placement: Doesn't meet the criteria to be viable node： 9123b815-6bfa-48f7-ade2-b84cdc033afa Heaviness: 6 limit: 5
2019-09-20 08:45:26,377 [IPC Server handler 7 on 45031] INFO  pipeline.PipelinePlacementPolicy (PipelinePlacementPolicy.java:meetCriteria(91)) - Pipeline Placement: Doesn't meet the criteria to be viable node： a4a73c82-9756-45ac-afed-7299ac804f25 Heaviness: 6 limit: 5
2019-09-20 08:45:26,378 [IPC Server handler 7 on 45031] ERROR pipeline.PipelinePlacementPolicy (PipelinePlacementPolicy.java:filterViableNodes(148)) - Unable to find enough nodes that meet the criteria that cannot engage in more than 5 pipelines. Nodes required: 3 Found: 0, healthy nodes count inNodeManager: 5.
2019-09-20 08:45:26,378 [IPC Server handler 7 on 45031] ERROR pipeline.SCMPipelineManager (SCMPipelineManager.java:createPipeline(161)) - Pipeline creation failed due to exception: Unable to find enough nodes that meet the criteria that cannot engage in more than 5 pipelines. Nodes required: 3 Found: 0, healthy nodes count inNodeManager: 5.
2019-09-20 08:45:26,378 [IPC Server handler 7 on 45031] WARN  block.BlockManagerImpl (BlockManagerImpl.java:allocateBlock(192)) - Pipeline creation failed for type:RATIS factor:THREE. Retrying get pipelines call once.
org.apache.hadoop.hdds.scm.exceptions.SCMException: Unable to find enough nodes that meet the criteria that cannot engage in more than 5 pipelines. Nodes required: 3 Found: 0, healthy nodes count inNodeManager: 5.
	at org.apache.hadoop.hdds.scm.pipeline.PipelinePlacementPolicy.filterViableNodes(PipelinePlacementPolicy.java:149)
	at org.apache.hadoop.hdds.scm.pipeline.PipelinePlacementPolicy.chooseDatanodes(PipelinePlacementPolicy.java:172)
	at org.apache.hadoop.hdds.scm.pipeline.RatisPipelineProvider.create(RatisPipelineProvider.java:92)
	at org.apache.hadoop.hdds.scm.pipeline.PipelineFactory.create(PipelineFactory.java:57)
	at org.apache.hadoop.hdds.scm.pipeline.SCMPipelineManager.createPipeline(SCMPipelineManager.java:149)
	at org.apache.hadoop.hdds.scm.block.BlockManagerImpl.allocateBlock(BlockManagerImpl.java:190)
	at org.apache.hadoop.hdds.scm.server.SCMBlockProtocolServer.allocateBlock(SCMBlockProtocolServer.java:175)
	at org.apache.hadoop.ozone.protocolPB.ScmBlockLocationProtocolServerSideTranslatorPB.allocateScmBlock(ScmBlockLocationProtocolServerSideTranslatorPB.java:153)
	at org.apache.hadoop.ozone.protocolPB.ScmBlockLocationProtocolServerSideTranslatorPB.send(ScmBlockLocationProtocolServerSideTranslatorPB.java:112)
	at org.apache.hadoop.hdds.protocol.proto.ScmBlockLocationProtocolProtos$ScmBlockLocationProtocolService$2.callBlockingMethod(ScmBlockLocationProtocolProtos.java:13157)
	at org.apache.hadoop.ipc.ProtobufRpcEngine$Server$ProtoBufRpcInvoker.call(ProtobufRpcEngine.java:524)
	at org.apache.hadoop.ipc.RPC$Server.call(RPC.java:1025)
	at org.apache.hadoop.ipc.Server$RpcCall.run(Server.java:876)
	at org.apache.hadoop.ipc.Server$RpcCall.run(Server.java:822)
	at java.security.AccessController.doPrivileged(Native Method)
	at javax.security.auth.Subject.doAs(Subject.java:422)
	at org.apache.hadoop.security.UserGroupInformation.doAs(UserGroupInformation.java:1730)
	at org.apache.hadoop.ipc.Server$Handler.run(Server.java:2682)
2019-09-20 08:45:26,378 [IPC Server handler 7 on 45031] INFO  block.BlockManagerImpl (BlockManagerImpl.java:allocateBlock(198)) - Could not find available pipeline of type:RATIS and factor:THREE even after retrying
2019-09-20 08:45:26,379 [IPC Server handler 7 on 45031] ERROR block.BlockManagerImpl (BlockManagerImpl.java:allocateBlock(222)) - Unable to allocate a block for the size: 4194304, type: RATIS, factor: THREE
2019-09-20 08:45:26,379 | INFO  | SCMAudit | user=jenkins1000 | ip=192.168.36.79 | op=ALLOCATE_BLOCK {owner=a1d0c9a2-9b67-4af3-a1f8-8c5669c9b817, size=4194304, type=RATIS, factor=THREE} | ret=SUCCESS |  
2019-09-20 08:45:26,380 | ERROR | OMAudit | user=jenkins1000 | ip=127.0.0.1 | op=CREATE_FILE {volume=volume85291, bucket=bucket93347, key=test/ITestOzoneContractDistCp/testUpdateDeepDirectoryStructureToRemote/remote/outputDir/.distcp.tmp.attempt_local1082070671_0004_m_000003_0, dataSize=0, replicationType=RATIS, replicationFactor=THREE, keyLocationInfo=null} | ret=FAILURE | org.apache.hadoop.hdds.scm.exceptions.SCMException: Allocated 0 blocks. Requested 1 blocks
	at org.apache.hadoop.hdds.scm.protocolPB.ScmBlockLocationProtocolClientSideTranslatorPB.handleError(ScmBlockLocationProtocolClientSideTranslatorPB.java:118)
	at org.apache.hadoop.hdds.scm.protocolPB.ScmBlockLocationProtocolClientSideTranslatorPB.allocateBlock(ScmBlockLocationProtocolClientSideTranslatorPB.java:156) 
2019-09-20 08:45:26,382 | ERROR | OMAudit | user=jenkins1000 | ip=127.0.0.1 | op=GET_FILE_STATUS {volume=volume85291, bucket=bucket93347, key=test/ITestOzoneContractDistCp/testUpdateDeepDirectoryStructureToRemote/remote/outputDir/.distcp.tmp.attempt_local1082070671_0004_m_000003_0, dataSize=0, replicationType=null, replicationFactor=null, keyLocationInfo=null} | ret=FAILURE | FILE_NOT_FOUND org.apache.hadoop.ozone.om.exceptions.OMException: Unable to get file status: volume: volume85291 bucket: bucket93347 key: test/ITestOzoneContractDistCp/testUpdateDeepDirectoryStructureToRemote/remote/outputDir/.distcp.tmp.attempt_local1082070671_0004_m_000003_0
	at org.apache.hadoop.ozone.om.KeyManagerImpl.getFileStatus(KeyManagerImpl.java:1655)
	at org.apache.hadoop.ozone.om.OzoneManager.getFileStatus(OzoneManager.java:2868) 
2019-09-20 08:45:26,382 [LocalJobRunner Map Task Executor #0] WARN  ozone.BasicOzoneFileSystem (BasicOzoneFileSystem.java:delete(437)) - delete: Path does not exist: o3fs://bucket93347.volume85291/test/ITestOzoneContractDistCp/testUpdateDeepDirectoryStructureToRemote/remote/outputDir/.distcp.tmp.attempt_local1082070671_0004_m_000003_0
2019-09-20 08:45:26,382 [LocalJobRunner Map Task Executor #0] ERROR util.RetriableCommand (RetriableCommand.java:execute(89)) - Failure in Retriable command: Copying file:/workdir/hadoop-ozone/ozonefs/target/test-dir/ITestOzoneContractDistCp/testUpdateDeepDirectoryStructureToRemote/local/inputDir/subDir4/subDir4/file4 to o3fs://bucket93347.volume85291/test/ITestOzoneContractDistCp/testUpdateDeepDirectoryStructureToRemote/remote/outputDir/inputDir/subDir4/subDir4/file4
INTERNAL_ERROR org.apache.hadoop.ozone.om.exceptions.OMException: Allocated 0 blocks. Requested 1 blocks
	at org.apache.hadoop.ozone.om.protocolPB.OzoneManagerProtocolClientSideTranslatorPB.handleError(OzoneManagerProtocolClientSideTranslatorPB.java:725)
	at org.apache.hadoop.ozone.om.protocolPB.OzoneManagerProtocolClientSideTranslatorPB.createFile(OzoneManagerProtocolClientSideTranslatorPB.java:1474)
	at org.apache.hadoop.ozone.client.rpc.RpcClient.createFile(RpcClient.java:984)
	at org.apache.hadoop.ozone.client.OzoneBucket.createFile(OzoneBucket.java:535)
	at org.apache.hadoop.fs.ozone.BasicOzoneClientAdapterImpl.createFile(BasicOzoneClientAdapterImpl.java:181)
	at org.apache.hadoop.fs.ozone.BasicOzoneFileSystem.createOutputStream(BasicOzoneFileSystem.java:249)
	at org.apache.hadoop.fs.ozone.BasicOzoneFileSystem.create(BasicOzoneFileSystem.java:230)
	at org.apache.hadoop.fs.FileSystem.create(FileSystem.java:1195)
	at org.apache.hadoop.tools.mapred.RetriableFileCopyCommand.copyToFile(RetriableFileCopyCommand.java:184)
	at org.apache.hadoop.tools.mapred.RetriableFileCopyCommand.doCopy(RetriableFileCopyCommand.java:123)
	at org.apache.hadoop.tools.mapred.RetriableFileCopyCommand.doExecute(RetriableFileCopyCommand.java:99)
	at org.apache.hadoop.tools.util.RetriableCommand.execute(RetriableCommand.java:87)
	at org.apache.hadoop.tools.mapred.CopyMapper.copyFileWithRetry(CopyMapper.java:256)
	at org.apache.hadoop.tools.mapred.CopyMapper.map(CopyMapper.java:217)
	at org.apache.hadoop.tools.mapred.CopyMapper.map(CopyMapper.java:48)
	at org.apache.hadoop.mapreduce.Mapper.run(Mapper.java:146)
	at org.apache.hadoop.mapred.MapTask.runNewMapper(MapTask.java:799)
	at org.apache.hadoop.mapred.MapTask.run(MapTask.java:347)
	at org.apache.hadoop.mapred.LocalJobRunner$Job$MapTaskRunnable.run(LocalJobRunner.java:271)
	at java.util.concurrent.Executors$RunnableAdapter.call(Executors.java:511)
	at java.util.concurrent.FutureTask.run(FutureTask.java:266)
	at java.util.concurrent.ThreadPoolExecutor.runWorker(ThreadPoolExecutor.java:1149)
	at java.util.concurrent.ThreadPoolExecutor$Worker.run(ThreadPoolExecutor.java:624)
	at java.lang.Thread.run(Thread.java:748)
2019-09-20 08:45:26,473 | INFO  | SCMAudit | user=jenkins1000 | ip=192.168.36.79 | op=SEND_HEARTBEAT {datanodeUUID=75feff7d-6f48-4002-b580-45a21ea734c6, command=[]} | ret=SUCCESS |  
2019-09-20 08:45:26,477 | INFO  | SCMAudit | user=jenkins1000 | ip=192.168.36.79 | op=SEND_HEARTBEAT {datanodeUUID=b892e876-f5ae-410a-9dfd-4f07fd940729, command=[]} | ret=SUCCESS |  
2019-09-20 08:45:26,488 | INFO  | SCMAudit | user=jenkins1000 | ip=192.168.36.79 | op=SEND_HEARTBEAT {datanodeUUID=aa30552f-ad30-4fe7-9018-411c04218958, command=[]} | ret=SUCCESS |  
2019-09-20 08:45:26,584 [Thread-658] INFO  mapreduce.Job (Job.java:monitorAndPrintJob(1647)) -  map 15% reduce 0%
2019-09-20 08:45:26,732 | INFO  | SCMAudit | user=jenkins1000 | ip=192.168.36.79 | op=SEND_HEARTBEAT {datanodeUUID=a4a73c82-9756-45ac-afed-7299ac804f25, command=[]} | ret=SUCCESS |  
2019-09-20 08:45:26,978 | INFO  | SCMAudit | user=jenkins1000 | ip=192.168.36.79 | op=SEND_HEARTBEAT {datanodeUUID=9123b815-6bfa-48f7-ade2-b84cdc033afa, command=[]} | ret=SUCCESS |  
2019-09-20 08:45:27,473 | INFO  | SCMAudit | user=jenkins1000 | ip=192.168.36.79 | op=SEND_HEARTBEAT {datanodeUUID=75feff7d-6f48-4002-b580-45a21ea734c6, command=[]} | ret=SUCCESS |  
2019-09-20 08:45:27,477 | INFO  | SCMAudit | user=jenkins1000 | ip=192.168.36.79 | op=SEND_HEARTBEAT {datanodeUUID=b892e876-f5ae-410a-9dfd-4f07fd940729, command=[]} | ret=SUCCESS |  
2019-09-20 08:45:27,489 | INFO  | SCMAudit | user=jenkins1000 | ip=192.168.36.79 | op=SEND_HEARTBEAT {datanodeUUID=aa30552f-ad30-4fe7-9018-411c04218958, command=[]} | ret=SUCCESS |  
2019-09-20 08:45:27,732 | INFO  | SCMAudit | user=jenkins1000 | ip=192.168.36.79 | op=SEND_HEARTBEAT {datanodeUUID=a4a73c82-9756-45ac-afed-7299ac804f25, command=[]} | ret=SUCCESS |  
2019-09-20 08:45:27,979 | INFO  | SCMAudit | user=jenkins1000 | ip=192.168.36.79 | op=SEND_HEARTBEAT {datanodeUUID=9123b815-6bfa-48f7-ade2-b84cdc033afa, command=[]} | ret=SUCCESS |  
2019-09-20 08:45:28,473 | INFO  | SCMAudit | user=jenkins1000 | ip=192.168.36.79 | op=SEND_HEARTBEAT {datanodeUUID=75feff7d-6f48-4002-b580-45a21ea734c6, command=[]} | ret=SUCCESS |  
2019-09-20 08:45:28,481 | INFO  | SCMAudit | user=jenkins1000 | ip=192.168.36.79 | op=SEND_HEARTBEAT {datanodeUUID=b892e876-f5ae-410a-9dfd-4f07fd940729, command=[]} | ret=SUCCESS |  
2019-09-20 08:45:28,488 | INFO  | SCMAudit | user=jenkins1000 | ip=192.168.36.79 | op=SEND_HEARTBEAT {datanodeUUID=aa30552f-ad30-4fe7-9018-411c04218958, command=[]} | ret=SUCCESS |  
2019-09-20 08:45:28,732 | INFO  | SCMAudit | user=jenkins1000 | ip=192.168.36.79 | op=SEND_HEARTBEAT {datanodeUUID=a4a73c82-9756-45ac-afed-7299ac804f25, command=[]} | ret=SUCCESS |  
2019-09-20 08:45:28,789 [LocalJobRunner Map Task Executor #0] INFO  mapred.RetriableFileCopyCommand (RetriableFileCopyCommand.java:getTmpFile(260)) - Creating temp file: o3fs://bucket93347.volume85291/test/ITestOzoneContractDistCp/testUpdateDeepDirectoryStructureToRemote/remote/outputDir/.distcp.tmp.attempt_local1082070671_0004_m_000003_0
2019-09-20 08:45:28,794 [IPC Server handler 2 on 45031] INFO  pipeline.PipelinePlacementPolicy (PipelinePlacementPolicy.java:meetCriteria(91)) - Pipeline Placement: Doesn't meet the criteria to be viable node： aa30552f-ad30-4fe7-9018-411c04218958 Heaviness: 6 limit: 5
2019-09-20 08:45:28,795 [IPC Server handler 2 on 45031] INFO  pipeline.PipelinePlacementPolicy (PipelinePlacementPolicy.java:meetCriteria(91)) - Pipeline Placement: Doesn't meet the criteria to be viable node： b892e876-f5ae-410a-9dfd-4f07fd940729 Heaviness: 6 limit: 5
2019-09-20 08:45:28,795 [IPC Server handler 2 on 45031] INFO  pipeline.PipelinePlacementPolicy (PipelinePlacementPolicy.java:meetCriteria(91)) - Pipeline Placement: Doesn't meet the criteria to be viable node： 75feff7d-6f48-4002-b580-45a21ea734c6 Heaviness: 6 limit: 5
2019-09-20 08:45:28,795 [IPC Server handler 2 on 45031] INFO  pipeline.PipelinePlacementPolicy (PipelinePlacementPolicy.java:meetCriteria(91)) - Pipeline Placement: Doesn't meet the criteria to be viable node： 9123b815-6bfa-48f7-ade2-b84cdc033afa Heaviness: 6 limit: 5
2019-09-20 08:45:28,796 [IPC Server handler 2 on 45031] INFO  pipeline.PipelinePlacementPolicy (PipelinePlacementPolicy.java:meetCriteria(91)) - Pipeline Placement: Doesn't meet the criteria to be viable node： a4a73c82-9756-45ac-afed-7299ac804f25 Heaviness: 6 limit: 5
2019-09-20 08:45:28,796 [IPC Server handler 2 on 45031] ERROR pipeline.PipelinePlacementPolicy (PipelinePlacementPolicy.java:filterViableNodes(148)) - Unable to find enough nodes that meet the criteria that cannot engage in more than 5 pipelines. Nodes required: 3 Found: 0, healthy nodes count inNodeManager: 5.
2019-09-20 08:45:28,796 [IPC Server handler 2 on 45031] ERROR pipeline.SCMPipelineManager (SCMPipelineManager.java:createPipeline(161)) - Pipeline creation failed due to exception: Unable to find enough nodes that meet the criteria that cannot engage in more than 5 pipelines. Nodes required: 3 Found: 0, healthy nodes count inNodeManager: 5.
2019-09-20 08:45:28,796 [IPC Server handler 2 on 45031] WARN  block.BlockManagerImpl (BlockManagerImpl.java:allocateBlock(192)) - Pipeline creation failed for type:RATIS factor:THREE. Retrying get pipelines call once.
org.apache.hadoop.hdds.scm.exceptions.SCMException: Unable to find enough nodes that meet the criteria that cannot engage in more than 5 pipelines. Nodes required: 3 Found: 0, healthy nodes count inNodeManager: 5.
	at org.apache.hadoop.hdds.scm.pipeline.PipelinePlacementPolicy.filterViableNodes(PipelinePlacementPolicy.java:149)
	at org.apache.hadoop.hdds.scm.pipeline.PipelinePlacementPolicy.chooseDatanodes(PipelinePlacementPolicy.java:172)
	at org.apache.hadoop.hdds.scm.pipeline.RatisPipelineProvider.create(RatisPipelineProvider.java:92)
	at org.apache.hadoop.hdds.scm.pipeline.PipelineFactory.create(PipelineFactory.java:57)
	at org.apache.hadoop.hdds.scm.pipeline.SCMPipelineManager.createPipeline(SCMPipelineManager.java:149)
	at org.apache.hadoop.hdds.scm.block.BlockManagerImpl.allocateBlock(BlockManagerImpl.java:190)
	at org.apache.hadoop.hdds.scm.server.SCMBlockProtocolServer.allocateBlock(SCMBlockProtocolServer.java:175)
	at org.apache.hadoop.ozone.protocolPB.ScmBlockLocationProtocolServerSideTranslatorPB.allocateScmBlock(ScmBlockLocationProtocolServerSideTranslatorPB.java:153)
	at org.apache.hadoop.ozone.protocolPB.ScmBlockLocationProtocolServerSideTranslatorPB.send(ScmBlockLocationProtocolServerSideTranslatorPB.java:112)
	at org.apache.hadoop.hdds.protocol.proto.ScmBlockLocationProtocolProtos$ScmBlockLocationProtocolService$2.callBlockingMethod(ScmBlockLocationProtocolProtos.java:13157)
	at org.apache.hadoop.ipc.ProtobufRpcEngine$Server$ProtoBufRpcInvoker.call(ProtobufRpcEngine.java:524)
	at org.apache.hadoop.ipc.RPC$Server.call(RPC.java:1025)
	at org.apache.hadoop.ipc.Server$RpcCall.run(Server.java:876)
	at org.apache.hadoop.ipc.Server$RpcCall.run(Server.java:822)
	at java.security.AccessController.doPrivileged(Native Method)
	at javax.security.auth.Subject.doAs(Subject.java:422)
	at org.apache.hadoop.security.UserGroupInformation.doAs(UserGroupInformation.java:1730)
	at org.apache.hadoop.ipc.Server$Handler.run(Server.java:2682)
2019-09-20 08:45:28,797 [IPC Server handler 2 on 45031] INFO  block.BlockManagerImpl (BlockManagerImpl.java:allocateBlock(198)) - Could not find available pipeline of type:RATIS and factor:THREE even after retrying
2019-09-20 08:45:28,797 [IPC Server handler 2 on 45031] ERROR block.BlockManagerImpl (BlockManagerImpl.java:allocateBlock(222)) - Unable to allocate a block for the size: 4194304, type: RATIS, factor: THREE
2019-09-20 08:45:28,797 | INFO  | SCMAudit | user=jenkins1000 | ip=192.168.36.79 | op=ALLOCATE_BLOCK {owner=a1d0c9a2-9b67-4af3-a1f8-8c5669c9b817, size=4194304, type=RATIS, factor=THREE} | ret=SUCCESS |  
2019-09-20 08:45:28,798 | ERROR | OMAudit | user=jenkins1000 | ip=127.0.0.1 | op=CREATE_FILE {volume=volume85291, bucket=bucket93347, key=test/ITestOzoneContractDistCp/testUpdateDeepDirectoryStructureToRemote/remote/outputDir/.distcp.tmp.attempt_local1082070671_0004_m_000003_0, dataSize=0, replicationType=RATIS, replicationFactor=THREE, keyLocationInfo=null} | ret=FAILURE | org.apache.hadoop.hdds.scm.exceptions.SCMException: Allocated 0 blocks. Requested 1 blocks
	at org.apache.hadoop.hdds.scm.protocolPB.ScmBlockLocationProtocolClientSideTranslatorPB.handleError(ScmBlockLocationProtocolClientSideTranslatorPB.java:118)
	at org.apache.hadoop.hdds.scm.protocolPB.ScmBlockLocationProtocolClientSideTranslatorPB.allocateBlock(ScmBlockLocationProtocolClientSideTranslatorPB.java:156) 
2019-09-20 08:45:28,801 | ERROR | OMAudit | user=jenkins1000 | ip=127.0.0.1 | op=GET_FILE_STATUS {volume=volume85291, bucket=bucket93347, key=test/ITestOzoneContractDistCp/testUpdateDeepDirectoryStructureToRemote/remote/outputDir/.distcp.tmp.attempt_local1082070671_0004_m_000003_0, dataSize=0, replicationType=null, replicationFactor=null, keyLocationInfo=null} | ret=FAILURE | FILE_NOT_FOUND org.apache.hadoop.ozone.om.exceptions.OMException: Unable to get file status: volume: volume85291 bucket: bucket93347 key: test/ITestOzoneContractDistCp/testUpdateDeepDirectoryStructureToRemote/remote/outputDir/.distcp.tmp.attempt_local1082070671_0004_m_000003_0
	at org.apache.hadoop.ozone.om.KeyManagerImpl.getFileStatus(KeyManagerImpl.java:1655)
	at org.apache.hadoop.ozone.om.OzoneManager.getFileStatus(OzoneManager.java:2868) 
2019-09-20 08:45:28,802 [LocalJobRunner Map Task Executor #0] WARN  ozone.BasicOzoneFileSystem (BasicOzoneFileSystem.java:delete(437)) - delete: Path does not exist: o3fs://bucket93347.volume85291/test/ITestOzoneContractDistCp/testUpdateDeepDirectoryStructureToRemote/remote/outputDir/.distcp.tmp.attempt_local1082070671_0004_m_000003_0
2019-09-20 08:45:28,802 [LocalJobRunner Map Task Executor #0] ERROR util.RetriableCommand (RetriableCommand.java:execute(89)) - Failure in Retriable command: Copying file:/workdir/hadoop-ozone/ozonefs/target/test-dir/ITestOzoneContractDistCp/testUpdateDeepDirectoryStructureToRemote/local/inputDir/subDir4/subDir4/file4 to o3fs://bucket93347.volume85291/test/ITestOzoneContractDistCp/testUpdateDeepDirectoryStructureToRemote/remote/outputDir/inputDir/subDir4/subDir4/file4
INTERNAL_ERROR org.apache.hadoop.ozone.om.exceptions.OMException: Allocated 0 blocks. Requested 1 blocks
	at org.apache.hadoop.ozone.om.protocolPB.OzoneManagerProtocolClientSideTranslatorPB.handleError(OzoneManagerProtocolClientSideTranslatorPB.java:725)
	at org.apache.hadoop.ozone.om.protocolPB.OzoneManagerProtocolClientSideTranslatorPB.createFile(OzoneManagerProtocolClientSideTranslatorPB.java:1474)
	at org.apache.hadoop.ozone.client.rpc.RpcClient.createFile(RpcClient.java:984)
	at org.apache.hadoop.ozone.client.OzoneBucket.createFile(OzoneBucket.java:535)
	at org.apache.hadoop.fs.ozone.BasicOzoneClientAdapterImpl.createFile(BasicOzoneClientAdapterImpl.java:181)
	at org.apache.hadoop.fs.ozone.BasicOzoneFileSystem.createOutputStream(BasicOzoneFileSystem.java:249)
	at org.apache.hadoop.fs.ozone.BasicOzoneFileSystem.create(BasicOzoneFileSystem.java:230)
	at org.apache.hadoop.fs.FileSystem.create(FileSystem.java:1195)
	at org.apache.hadoop.tools.mapred.RetriableFileCopyCommand.copyToFile(RetriableFileCopyCommand.java:184)
	at org.apache.hadoop.tools.mapred.RetriableFileCopyCommand.doCopy(RetriableFileCopyCommand.java:123)
	at org.apache.hadoop.tools.mapred.RetriableFileCopyCommand.doExecute(RetriableFileCopyCommand.java:99)
	at org.apache.hadoop.tools.util.RetriableCommand.execute(RetriableCommand.java:87)
	at org.apache.hadoop.tools.mapred.CopyMapper.copyFileWithRetry(CopyMapper.java:256)
	at org.apache.hadoop.tools.mapred.CopyMapper.map(CopyMapper.java:217)
	at org.apache.hadoop.tools.mapred.CopyMapper.map(CopyMapper.java:48)
	at org.apache.hadoop.mapreduce.Mapper.run(Mapper.java:146)
	at org.apache.hadoop.mapred.MapTask.runNewMapper(MapTask.java:799)
	at org.apache.hadoop.mapred.MapTask.run(MapTask.java:347)
	at org.apache.hadoop.mapred.LocalJobRunner$Job$MapTaskRunnable.run(LocalJobRunner.java:271)
	at java.util.concurrent.Executors$RunnableAdapter.call(Executors.java:511)
	at java.util.concurrent.FutureTask.run(FutureTask.java:266)
	at java.util.concurrent.ThreadPoolExecutor.runWorker(ThreadPoolExecutor.java:1149)
	at java.util.concurrent.ThreadPoolExecutor$Worker.run(ThreadPoolExecutor.java:624)
	at java.lang.Thread.run(Thread.java:748)
2019-09-20 08:45:28,979 | INFO  | SCMAudit | user=jenkins1000 | ip=192.168.36.79 | op=SEND_HEARTBEAT {datanodeUUID=9123b815-6bfa-48f7-ade2-b84cdc033afa, command=[]} | ret=SUCCESS |  
2019-09-20 08:45:29,473 | INFO  | SCMAudit | user=jenkins1000 | ip=192.168.36.79 | op=SEND_HEARTBEAT {datanodeUUID=75feff7d-6f48-4002-b580-45a21ea734c6, command=[]} | ret=SUCCESS |  
2019-09-20 08:45:29,477 | INFO  | SCMAudit | user=jenkins1000 | ip=192.168.36.79 | op=SEND_HEARTBEAT {datanodeUUID=b892e876-f5ae-410a-9dfd-4f07fd940729, command=[]} | ret=SUCCESS |  
2019-09-20 08:45:29,489 | INFO  | SCMAudit | user=jenkins1000 | ip=192.168.36.79 | op=SEND_HEARTBEAT {datanodeUUID=aa30552f-ad30-4fe7-9018-411c04218958, command=[]} | ret=SUCCESS |  
2019-09-20 08:45:29,732 | INFO  | SCMAudit | user=jenkins1000 | ip=192.168.36.79 | op=SEND_HEARTBEAT {datanodeUUID=a4a73c82-9756-45ac-afed-7299ac804f25, command=[]} | ret=SUCCESS |  
2019-09-20 08:45:29,970 [communication thread] INFO  mapred.LocalJobRunner (LocalJobRunner.java:statusUpdate(634)) - Copy Failure: file:/workdir/hadoop-ozone/ozonefs/target/test-dir/ITestOzoneContractDistCp/testUpdateDeepDirectoryStructureToRemote/local/inputDir/subDir2/subDir2/file3 > map
2019-09-20 08:45:29,979 | INFO  | SCMAudit | user=jenkins1000 | ip=192.168.36.79 | op=SEND_HEARTBEAT {datanodeUUID=9123b815-6bfa-48f7-ade2-b84cdc033afa, command=[]} | ret=SUCCESS |  
2019-09-20 08:45:30,473 | INFO  | SCMAudit | user=jenkins1000 | ip=192.168.36.79 | op=SEND_HEARTBEAT {datanodeUUID=75feff7d-6f48-4002-b580-45a21ea734c6, command=[]} | ret=SUCCESS |  
2019-09-20 08:45:30,476 | INFO  | SCMAudit | user=jenkins1000 | ip=192.168.36.79 | op=SEND_HEARTBEAT {datanodeUUID=b892e876-f5ae-410a-9dfd-4f07fd940729, command=[]} | ret=SUCCESS |  
2019-09-20 08:45:30,489 | INFO  | SCMAudit | user=jenkins1000 | ip=192.168.36.79 | op=SEND_HEARTBEAT {datanodeUUID=aa30552f-ad30-4fe7-9018-411c04218958, command=[]} | ret=SUCCESS |  
2019-09-20 08:45:30,586 [Thread-658] INFO  mapreduce.Job (Job.java:monitorAndPrintJob(1647)) -  map 25% reduce 0%
2019-09-20 08:45:30,732 | INFO  | SCMAudit | user=jenkins1000 | ip=192.168.36.79 | op=SEND_HEARTBEAT {datanodeUUID=a4a73c82-9756-45ac-afed-7299ac804f25, command=[]} | ret=SUCCESS |  
2019-09-20 08:45:30,979 | INFO  | SCMAudit | user=jenkins1000 | ip=192.168.36.79 | op=SEND_HEARTBEAT {datanodeUUID=9123b815-6bfa-48f7-ade2-b84cdc033afa, command=[]} | ret=SUCCESS |  
2019-09-20 08:45:31,473 | INFO  | SCMAudit | user=jenkins1000 | ip=192.168.36.79 | op=SEND_HEARTBEAT {datanodeUUID=75feff7d-6f48-4002-b580-45a21ea734c6, command=[]} | ret=SUCCESS |  
2019-09-20 08:45:31,477 | INFO  | SCMAudit | user=jenkins1000 | ip=192.168.36.79 | op=SEND_HEARTBEAT {datanodeUUID=b892e876-f5ae-410a-9dfd-4f07fd940729, command=[]} | ret=SUCCESS |  
2019-09-20 08:45:31,489 | INFO  | SCMAudit | user=jenkins1000 | ip=192.168.36.79 | op=SEND_HEARTBEAT {datanodeUUID=aa30552f-ad30-4fe7-9018-411c04218958, command=[]} | ret=SUCCESS |  
2019-09-20 08:45:31,733 | INFO  | SCMAudit | user=jenkins1000 | ip=192.168.36.79 | op=SEND_HEARTBEAT {datanodeUUID=a4a73c82-9756-45ac-afed-7299ac804f25, command=[]} | ret=SUCCESS |  
2019-09-20 08:45:31,980 | INFO  | SCMAudit | user=jenkins1000 | ip=192.168.36.79 | op=SEND_HEARTBEAT {datanodeUUID=9123b815-6bfa-48f7-ade2-b84cdc033afa, command=[]} | ret=SUCCESS |  
2019-09-20 08:45:32,474 | INFO  | SCMAudit | user=jenkins1000 | ip=192.168.36.79 | op=SEND_HEARTBEAT {datanodeUUID=75feff7d-6f48-4002-b580-45a21ea734c6, command=[]} | ret=SUCCESS |  
2019-09-20 08:45:32,476 | INFO  | SCMAudit | user=jenkins1000 | ip=192.168.36.79 | op=SEND_HEARTBEAT {datanodeUUID=b892e876-f5ae-410a-9dfd-4f07fd940729, command=[]} | ret=SUCCESS |  
2019-09-20 08:45:32,489 | INFO  | SCMAudit | user=jenkins1000 | ip=192.168.36.79 | op=SEND_HEARTBEAT {datanodeUUID=aa30552f-ad30-4fe7-9018-411c04218958, command=[]} | ret=SUCCESS |  
2019-09-20 08:45:32,733 | INFO  | SCMAudit | user=jenkins1000 | ip=192.168.36.79 | op=SEND_HEARTBEAT {datanodeUUID=a4a73c82-9756-45ac-afed-7299ac804f25, command=[]} | ret=SUCCESS |  
2019-09-20 08:45:32,979 | INFO  | SCMAudit | user=jenkins1000 | ip=192.168.36.79 | op=SEND_HEARTBEAT {datanodeUUID=9123b815-6bfa-48f7-ade2-b84cdc033afa, command=[]} | ret=SUCCESS |  
2019-09-20 08:45:33,343 [LocalJobRunner Map Task Executor #0] INFO  mapred.RetriableFileCopyCommand (RetriableFileCopyCommand.java:getTmpFile(260)) - Creating temp file: o3fs://bucket93347.volume85291/test/ITestOzoneContractDistCp/testUpdateDeepDirectoryStructureToRemote/remote/outputDir/.distcp.tmp.attempt_local1082070671_0004_m_000003_0
2019-09-20 08:45:33,350 [IPC Server handler 7 on 45031] INFO  pipeline.PipelinePlacementPolicy (PipelinePlacementPolicy.java:meetCriteria(91)) - Pipeline Placement: Doesn't meet the criteria to be viable node： aa30552f-ad30-4fe7-9018-411c04218958 Heaviness: 6 limit: 5
2019-09-20 08:45:33,350 [IPC Server handler 7 on 45031] INFO  pipeline.PipelinePlacementPolicy (PipelinePlacementPolicy.java:meetCriteria(91)) - Pipeline Placement: Doesn't meet the criteria to be viable node： b892e876-f5ae-410a-9dfd-4f07fd940729 Heaviness: 6 limit: 5
2019-09-20 08:45:33,351 [IPC Server handler 7 on 45031] INFO  pipeline.PipelinePlacementPolicy (PipelinePlacementPolicy.java:meetCriteria(91)) - Pipeline Placement: Doesn't meet the criteria to be viable node： 75feff7d-6f48-4002-b580-45a21ea734c6 Heaviness: 6 limit: 5
2019-09-20 08:45:33,351 [IPC Server handler 7 on 45031] INFO  pipeline.PipelinePlacementPolicy (PipelinePlacementPolicy.java:meetCriteria(91)) - Pipeline Placement: Doesn't meet the criteria to be viable node： 9123b815-6bfa-48f7-ade2-b84cdc033afa Heaviness: 6 limit: 5
2019-09-20 08:45:33,351 [IPC Server handler 7 on 45031] INFO  pipeline.PipelinePlacementPolicy (PipelinePlacementPolicy.java:meetCriteria(91)) - Pipeline Placement: Doesn't meet the criteria to be viable node： a4a73c82-9756-45ac-afed-7299ac804f25 Heaviness: 6 limit: 5
2019-09-20 08:45:33,351 [IPC Server handler 7 on 45031] ERROR pipeline.PipelinePlacementPolicy (PipelinePlacementPolicy.java:filterViableNodes(148)) - Unable to find enough nodes that meet the criteria that cannot engage in more than 5 pipelines. Nodes required: 3 Found: 0, healthy nodes count inNodeManager: 5.
2019-09-20 08:45:33,352 [IPC Server handler 7 on 45031] ERROR pipeline.SCMPipelineManager (SCMPipelineManager.java:createPipeline(161)) - Pipeline creation failed due to exception: Unable to find enough nodes that meet the criteria that cannot engage in more than 5 pipelines. Nodes required: 3 Found: 0, healthy nodes count inNodeManager: 5.
2019-09-20 08:45:33,352 [IPC Server handler 7 on 45031] WARN  block.BlockManagerImpl (BlockManagerImpl.java:allocateBlock(192)) - Pipeline creation failed for type:RATIS factor:THREE. Retrying get pipelines call once.
org.apache.hadoop.hdds.scm.exceptions.SCMException: Unable to find enough nodes that meet the criteria that cannot engage in more than 5 pipelines. Nodes required: 3 Found: 0, healthy nodes count inNodeManager: 5.
	at org.apache.hadoop.hdds.scm.pipeline.PipelinePlacementPolicy.filterViableNodes(PipelinePlacementPolicy.java:149)
	at org.apache.hadoop.hdds.scm.pipeline.PipelinePlacementPolicy.chooseDatanodes(PipelinePlacementPolicy.java:172)
	at org.apache.hadoop.hdds.scm.pipeline.RatisPipelineProvider.create(RatisPipelineProvider.java:92)
	at org.apache.hadoop.hdds.scm.pipeline.PipelineFactory.create(PipelineFactory.java:57)
	at org.apache.hadoop.hdds.scm.pipeline.SCMPipelineManager.createPipeline(SCMPipelineManager.java:149)
	at org.apache.hadoop.hdds.scm.block.BlockManagerImpl.allocateBlock(BlockManagerImpl.java:190)
	at org.apache.hadoop.hdds.scm.server.SCMBlockProtocolServer.allocateBlock(SCMBlockProtocolServer.java:175)
	at org.apache.hadoop.ozone.protocolPB.ScmBlockLocationProtocolServerSideTranslatorPB.allocateScmBlock(ScmBlockLocationProtocolServerSideTranslatorPB.java:153)
	at org.apache.hadoop.ozone.protocolPB.ScmBlockLocationProtocolServerSideTranslatorPB.send(ScmBlockLocationProtocolServerSideTranslatorPB.java:112)
	at org.apache.hadoop.hdds.protocol.proto.ScmBlockLocationProtocolProtos$ScmBlockLocationProtocolService$2.callBlockingMethod(ScmBlockLocationProtocolProtos.java:13157)
	at org.apache.hadoop.ipc.ProtobufRpcEngine$Server$ProtoBufRpcInvoker.call(ProtobufRpcEngine.java:524)
	at org.apache.hadoop.ipc.RPC$Server.call(RPC.java:1025)
	at org.apache.hadoop.ipc.Server$RpcCall.run(Server.java:876)
	at org.apache.hadoop.ipc.Server$RpcCall.run(Server.java:822)
	at java.security.AccessController.doPrivileged(Native Method)
	at javax.security.auth.Subject.doAs(Subject.java:422)
	at org.apache.hadoop.security.UserGroupInformation.doAs(UserGroupInformation.java:1730)
	at org.apache.hadoop.ipc.Server$Handler.run(Server.java:2682)
2019-09-20 08:45:33,353 [IPC Server handler 7 on 45031] INFO  block.BlockManagerImpl (BlockManagerImpl.java:allocateBlock(198)) - Could not find available pipeline of type:RATIS and factor:THREE even after retrying
2019-09-20 08:45:33,353 [IPC Server handler 7 on 45031] ERROR block.BlockManagerImpl (BlockManagerImpl.java:allocateBlock(222)) - Unable to allocate a block for the size: 4194304, type: RATIS, factor: THREE
2019-09-20 08:45:33,353 | INFO  | SCMAudit | user=jenkins1000 | ip=192.168.36.79 | op=ALLOCATE_BLOCK {owner=a1d0c9a2-9b67-4af3-a1f8-8c5669c9b817, size=4194304, type=RATIS, factor=THREE} | ret=SUCCESS |  
2019-09-20 08:45:33,354 | ERROR | OMAudit | user=jenkins1000 | ip=127.0.0.1 | op=CREATE_FILE {volume=volume85291, bucket=bucket93347, key=test/ITestOzoneContractDistCp/testUpdateDeepDirectoryStructureToRemote/remote/outputDir/.distcp.tmp.attempt_local1082070671_0004_m_000003_0, dataSize=0, replicationType=RATIS, replicationFactor=THREE, keyLocationInfo=null} | ret=FAILURE | org.apache.hadoop.hdds.scm.exceptions.SCMException: Allocated 0 blocks. Requested 1 blocks
	at org.apache.hadoop.hdds.scm.protocolPB.ScmBlockLocationProtocolClientSideTranslatorPB.handleError(ScmBlockLocationProtocolClientSideTranslatorPB.java:118)
	at org.apache.hadoop.hdds.scm.protocolPB.ScmBlockLocationProtocolClientSideTranslatorPB.allocateBlock(ScmBlockLocationProtocolClientSideTranslatorPB.java:156) 
2019-09-20 08:45:33,357 | ERROR | OMAudit | user=jenkins1000 | ip=127.0.0.1 | op=GET_FILE_STATUS {volume=volume85291, bucket=bucket93347, key=test/ITestOzoneContractDistCp/testUpdateDeepDirectoryStructureToRemote/remote/outputDir/.distcp.tmp.attempt_local1082070671_0004_m_000003_0, dataSize=0, replicationType=null, replicationFactor=null, keyLocationInfo=null} | ret=FAILURE | FILE_NOT_FOUND org.apache.hadoop.ozone.om.exceptions.OMException: Unable to get file status: volume: volume85291 bucket: bucket93347 key: test/ITestOzoneContractDistCp/testUpdateDeepDirectoryStructureToRemote/remote/outputDir/.distcp.tmp.attempt_local1082070671_0004_m_000003_0
	at org.apache.hadoop.ozone.om.KeyManagerImpl.getFileStatus(KeyManagerImpl.java:1655)
	at org.apache.hadoop.ozone.om.OzoneManager.getFileStatus(OzoneManager.java:2868) 
2019-09-20 08:45:33,358 [LocalJobRunner Map Task Executor #0] WARN  ozone.BasicOzoneFileSystem (BasicOzoneFileSystem.java:delete(437)) - delete: Path does not exist: o3fs://bucket93347.volume85291/test/ITestOzoneContractDistCp/testUpdateDeepDirectoryStructureToRemote/remote/outputDir/.distcp.tmp.attempt_local1082070671_0004_m_000003_0
2019-09-20 08:45:33,358 [LocalJobRunner Map Task Executor #0] ERROR util.RetriableCommand (RetriableCommand.java:execute(89)) - Failure in Retriable command: Copying file:/workdir/hadoop-ozone/ozonefs/target/test-dir/ITestOzoneContractDistCp/testUpdateDeepDirectoryStructureToRemote/local/inputDir/subDir4/subDir4/file4 to o3fs://bucket93347.volume85291/test/ITestOzoneContractDistCp/testUpdateDeepDirectoryStructureToRemote/remote/outputDir/inputDir/subDir4/subDir4/file4
INTERNAL_ERROR org.apache.hadoop.ozone.om.exceptions.OMException: Allocated 0 blocks. Requested 1 blocks
	at org.apache.hadoop.ozone.om.protocolPB.OzoneManagerProtocolClientSideTranslatorPB.handleError(OzoneManagerProtocolClientSideTranslatorPB.java:725)
	at org.apache.hadoop.ozone.om.protocolPB.OzoneManagerProtocolClientSideTranslatorPB.createFile(OzoneManagerProtocolClientSideTranslatorPB.java:1474)
	at org.apache.hadoop.ozone.client.rpc.RpcClient.createFile(RpcClient.java:984)
	at org.apache.hadoop.ozone.client.OzoneBucket.createFile(OzoneBucket.java:535)
	at org.apache.hadoop.fs.ozone.BasicOzoneClientAdapterImpl.createFile(BasicOzoneClientAdapterImpl.java:181)
	at org.apache.hadoop.fs.ozone.BasicOzoneFileSystem.createOutputStream(BasicOzoneFileSystem.java:249)
	at org.apache.hadoop.fs.ozone.BasicOzoneFileSystem.create(BasicOzoneFileSystem.java:230)
	at org.apache.hadoop.fs.FileSystem.create(FileSystem.java:1195)
	at org.apache.hadoop.tools.mapred.RetriableFileCopyCommand.copyToFile(RetriableFileCopyCommand.java:184)
	at org.apache.hadoop.tools.mapred.RetriableFileCopyCommand.doCopy(RetriableFileCopyCommand.java:123)
	at org.apache.hadoop.tools.mapred.RetriableFileCopyCommand.doExecute(RetriableFileCopyCommand.java:99)
	at org.apache.hadoop.tools.util.RetriableCommand.execute(RetriableCommand.java:87)
	at org.apache.hadoop.tools.mapred.CopyMapper.copyFileWithRetry(CopyMapper.java:256)
	at org.apache.hadoop.tools.mapred.CopyMapper.map(CopyMapper.java:217)
	at org.apache.hadoop.tools.mapred.CopyMapper.map(CopyMapper.java:48)
	at org.apache.hadoop.mapreduce.Mapper.run(Mapper.java:146)
	at org.apache.hadoop.mapred.MapTask.runNewMapper(MapTask.java:799)
	at org.apache.hadoop.mapred.MapTask.run(MapTask.java:347)
	at org.apache.hadoop.mapred.LocalJobRunner$Job$MapTaskRunnable.run(LocalJobRunner.java:271)
	at java.util.concurrent.Executors$RunnableAdapter.call(Executors.java:511)
	at java.util.concurrent.FutureTask.run(FutureTask.java:266)
	at java.util.concurrent.ThreadPoolExecutor.runWorker(ThreadPoolExecutor.java:1149)
	at java.util.concurrent.ThreadPoolExecutor$Worker.run(ThreadPoolExecutor.java:624)
	at java.lang.Thread.run(Thread.java:748)
2019-09-20 08:45:33,359 [LocalJobRunner Map Task Executor #0] ERROR mapred.CopyMapper (CopyMapper.java:handleFailures(296)) - Failure in copying file:/workdir/hadoop-ozone/ozonefs/target/test-dir/ITestOzoneContractDistCp/testUpdateDeepDirectoryStructureToRemote/local/inputDir/subDir4/subDir4/file4 to o3fs://bucket93347.volume85291/test/ITestOzoneContractDistCp/testUpdateDeepDirectoryStructureToRemote/remote/outputDir/inputDir/subDir4/subDir4/file4
java.io.IOException: File copy failed: file:/workdir/hadoop-ozone/ozonefs/target/test-dir/ITestOzoneContractDistCp/testUpdateDeepDirectoryStructureToRemote/local/inputDir/subDir4/subDir4/file4 --> o3fs://bucket93347.volume85291/test/ITestOzoneContractDistCp/testUpdateDeepDirectoryStructureToRemote/remote/outputDir/inputDir/subDir4/subDir4/file4
	at org.apache.hadoop.tools.mapred.CopyMapper.copyFileWithRetry(CopyMapper.java:259)
	at org.apache.hadoop.tools.mapred.CopyMapper.map(CopyMapper.java:217)
	at org.apache.hadoop.tools.mapred.CopyMapper.map(CopyMapper.java:48)
	at org.apache.hadoop.mapreduce.Mapper.run(Mapper.java:146)
	at org.apache.hadoop.mapred.MapTask.runNewMapper(MapTask.java:799)
	at org.apache.hadoop.mapred.MapTask.run(MapTask.java:347)
	at org.apache.hadoop.mapred.LocalJobRunner$Job$MapTaskRunnable.run(LocalJobRunner.java:271)
	at java.util.concurrent.Executors$RunnableAdapter.call(Executors.java:511)
	at java.util.concurrent.FutureTask.run(FutureTask.java:266)
	at java.util.concurrent.ThreadPoolExecutor.runWorker(ThreadPoolExecutor.java:1149)
	at java.util.concurrent.ThreadPoolExecutor$Worker.run(ThreadPoolExecutor.java:624)
	at java.lang.Thread.run(Thread.java:748)
Caused by: java.io.IOException: Couldn't run retriable-command: Copying file:/workdir/hadoop-ozone/ozonefs/target/test-dir/ITestOzoneContractDistCp/testUpdateDeepDirectoryStructureToRemote/local/inputDir/subDir4/subDir4/file4 to o3fs://bucket93347.volume85291/test/ITestOzoneContractDistCp/testUpdateDeepDirectoryStructureToRemote/remote/outputDir/inputDir/subDir4/subDir4/file4
	at org.apache.hadoop.tools.util.RetriableCommand.execute(RetriableCommand.java:101)
	at org.apache.hadoop.tools.mapred.CopyMapper.copyFileWithRetry(CopyMapper.java:256)
	... 11 more
Caused by: INTERNAL_ERROR org.apache.hadoop.ozone.om.exceptions.OMException: Allocated 0 blocks. Requested 1 blocks
	at org.apache.hadoop.ozone.om.protocolPB.OzoneManagerProtocolClientSideTranslatorPB.handleError(OzoneManagerProtocolClientSideTranslatorPB.java:725)
	at org.apache.hadoop.ozone.om.protocolPB.OzoneManagerProtocolClientSideTranslatorPB.createFile(OzoneManagerProtocolClientSideTranslatorPB.java:1474)
	at org.apache.hadoop.ozone.client.rpc.RpcClient.createFile(RpcClient.java:984)
	at org.apache.hadoop.ozone.client.OzoneBucket.createFile(OzoneBucket.java:535)
	at org.apache.hadoop.fs.ozone.BasicOzoneClientAdapterImpl.createFile(BasicOzoneClientAdapterImpl.java:181)
	at org.apache.hadoop.fs.ozone.BasicOzoneFileSystem.createOutputStream(BasicOzoneFileSystem.java:249)
	at org.apache.hadoop.fs.ozone.BasicOzoneFileSystem.create(BasicOzoneFileSystem.java:230)
	at org.apache.hadoop.fs.FileSystem.create(FileSystem.java:1195)
	at org.apache.hadoop.tools.mapred.RetriableFileCopyCommand.copyToFile(RetriableFileCopyCommand.java:184)
	at org.apache.hadoop.tools.mapred.RetriableFileCopyCommand.doCopy(RetriableFileCopyCommand.java:123)
	at org.apache.hadoop.tools.mapred.RetriableFileCopyCommand.doExecute(RetriableFileCopyCommand.java:99)
	at org.apache.hadoop.tools.util.RetriableCommand.execute(RetriableCommand.java:87)
	... 12 more
2019-09-20 08:45:33,360 [LocalJobRunner Map Task Executor #0] INFO  mapred.LocalJobRunner (LocalJobRunner.java:run(252)) - Starting task: attempt_local1082070671_0004_m_000004_0
2019-09-20 08:45:33,361 [LocalJobRunner Map Task Executor #0] INFO  output.FileOutputCommitter (FileOutputCommitter.java:<init>(140)) - File Output Committer Algorithm version is 2
2019-09-20 08:45:33,361 [LocalJobRunner Map Task Executor #0] INFO  output.FileOutputCommitter (FileOutputCommitter.java:<init>(155)) - FileOutputCommitter skip cleanup _temporary folders under output directory:false, ignore cleanup failures: false
2019-09-20 08:45:33,362 [LocalJobRunner Map Task Executor #0] INFO  mapred.Task (Task.java:initialize(626)) -  Using ResourceCalculatorProcessTree : [ ]
2019-09-20 08:45:33,363 [LocalJobRunner Map Task Executor #0] INFO  mapred.MapTask (MapTask.java:runNewMapper(768)) - Processing split: file:/tmp/hadoop/mapred/staging/jenkins1000914064944/.staging/_distcp-1013877531/fileList.seq:592+281
2019-09-20 08:45:33,363 [LocalJobRunner Map Task Executor #0] INFO  output.FileOutputCommitter (FileOutputCommitter.java:<init>(140)) - File Output Committer Algorithm version is 2
2019-09-20 08:45:33,364 [LocalJobRunner Map Task Executor #0] INFO  output.FileOutputCommitter (FileOutputCommitter.java:<init>(155)) - FileOutputCommitter skip cleanup _temporary folders under output directory:false, ignore cleanup failures: false
2019-09-20 08:45:33,385 | INFO  | OMAudit | user=jenkins1000 | ip=127.0.0.1 | op=GET_FILE_STATUS {volume=volume85291, bucket=bucket93347, key=test/ITestOzoneContractDistCp/testUpdateDeepDirectoryStructureToRemote/remote/outputDir, dataSize=0, replicationType=null, replicationFactor=null, keyLocationInfo=null} | ret=SUCCESS |  
2019-09-20 08:45:33,386 [LocalJobRunner Map Task Executor #0] INFO  mapred.CopyMapper (CopyMapper.java:map(154)) - Copying file:/workdir/hadoop-ozone/ozonefs/target/test-dir/ITestOzoneContractDistCp/testUpdateDeepDirectoryStructureToRemote/local/inputDir/subDir4/subDir4 to o3fs://bucket93347.volume85291/test/ITestOzoneContractDistCp/testUpdateDeepDirectoryStructureToRemote/remote/outputDir/inputDir/subDir4/subDir4
2019-09-20 08:45:33,394 | ERROR | OMAudit | user=jenkins1000 | ip=127.0.0.1 | op=GET_FILE_STATUS {volume=volume85291, bucket=bucket93347, key=test/ITestOzoneContractDistCp/testUpdateDeepDirectoryStructureToRemote/remote/outputDir/inputDir/subDir4/subDir4, dataSize=0, replicationType=null, replicationFactor=null, keyLocationInfo=null} | ret=FAILURE | FILE_NOT_FOUND org.apache.hadoop.ozone.om.exceptions.OMException: Unable to get file status: volume: volume85291 bucket: bucket93347 key: test/ITestOzoneContractDistCp/testUpdateDeepDirectoryStructureToRemote/remote/outputDir/inputDir/subDir4/subDir4
	at org.apache.hadoop.ozone.om.KeyManagerImpl.getFileStatus(KeyManagerImpl.java:1655)
	at org.apache.hadoop.ozone.om.OzoneManager.getFileStatus(OzoneManager.java:2868) 
2019-09-20 08:45:33,398 | INFO  | OMAudit | user=jenkins1000 | ip=127.0.0.1 | op=CREATE_DIRECTORY {volume=volume85291, bucket=bucket93347, key=test/ITestOzoneContractDistCp/testUpdateDeepDirectoryStructureToRemote/remote/outputDir/inputDir/subDir4/subDir4, dataSize=0, replicationType=null, replicationFactor=null, keyLocationInfo=null} | ret=SUCCESS |  
2019-09-20 08:45:33,399 [LocalJobRunner Map Task Executor #0] INFO  mapred.LocalJobRunner (LocalJobRunner.java:statusUpdate(634)) - 
2019-09-20 08:45:33,400 [LocalJobRunner Map Task Executor #0] INFO  mapred.Task (Task.java:done(1244)) - Task:attempt_local1082070671_0004_m_000004_0 is done. And is in the process of committing
2019-09-20 08:45:33,401 [LocalJobRunner Map Task Executor #0] INFO  mapred.LocalJobRunner (LocalJobRunner.java:statusUpdate(634)) - 
2019-09-20 08:45:33,401 [LocalJobRunner Map Task Executor #0] INFO  mapred.Task (Task.java:commit(1421)) - Task attempt_local1082070671_0004_m_000004_0 is allowed to commit now
2019-09-20 08:45:33,402 [LocalJobRunner Map Task Executor #0] INFO  output.FileOutputCommitter (FileOutputCommitter.java:commitTask(598)) - Saved output of task 'attempt_local1082070671_0004_m_000004_0' to file:/tmp/hadoop/mapred/staging/jenkins1000914064944/.staging/_distcp-1013877531/_logs
2019-09-20 08:45:33,403 [LocalJobRunner Map Task Executor #0] INFO  mapred.LocalJobRunner (LocalJobRunner.java:statusUpdate(634)) - Copying file:/workdir/hadoop-ozone/ozonefs/target/test-dir/ITestOzoneContractDistCp/testUpdateDeepDirectoryStructureToRemote/local/inputDir/subDir4/subDir4 to o3fs://bucket93347.volume85291/test/ITestOzoneContractDistCp/testUpdateDeepDirectoryStructureToRemote/remote/outputDir/inputDir/subDir4/subDir4
2019-09-20 08:45:33,403 [LocalJobRunner Map Task Executor #0] INFO  mapred.Task (Task.java:sendDone(1380)) - Task 'attempt_local1082070671_0004_m_000004_0' done.
2019-09-20 08:45:33,403 [LocalJobRunner Map Task Executor #0] INFO  mapred.Task (Task.java:done(1276)) - Final Counters for attempt_local1082070671_0004_m_000004_0: Counters: 22
	File System Counters
		FILE: Number of bytes read=884615
		FILE: Number of bytes written=12805709
		FILE: Number of read operations=0
		FILE: Number of large read operations=0
		FILE: Number of write operations=0
		O3FS: Number of bytes read=0
		O3FS: Number of bytes written=0
		O3FS: Number of read operations=122
		O3FS: Number of large read operations=0
		O3FS: Number of write operations=70
	Map-Reduce Framework
		Map input records=1
		Map output records=0
		Input split bytes=158
		Spilled Records=0
		Failed Shuffles=0
		Merged Map outputs=0
		GC time elapsed (ms)=0
		Total committed heap usage (bytes)=2005925888
	File Input Format Counters 
		Bytes Read=3157
	File Output Format Counters 
		Bytes Written=8
	DistCp Counters
		Bandwidth in Btyes=0
		DIR_COPY=1
2019-09-20 08:45:33,404 [LocalJobRunner Map Task Executor #0] INFO  mapred.LocalJobRunner (LocalJobRunner.java:run(277)) - Finishing task: attempt_local1082070671_0004_m_000004_0
2019-09-20 08:45:33,404 [LocalJobRunner Map Task Executor #0] INFO  mapred.LocalJobRunner (LocalJobRunner.java:run(252)) - Starting task: attempt_local1082070671_0004_m_000005_0
2019-09-20 08:45:33,405 [LocalJobRunner Map Task Executor #0] INFO  output.FileOutputCommitter (FileOutputCommitter.java:<init>(140)) - File Output Committer Algorithm version is 2
2019-09-20 08:45:33,405 [LocalJobRunner Map Task Executor #0] INFO  output.FileOutputCommitter (FileOutputCommitter.java:<init>(155)) - FileOutputCommitter skip cleanup _temporary folders under output directory:false, ignore cleanup failures: false
2019-09-20 08:45:33,405 [LocalJobRunner Map Task Executor #0] INFO  mapred.Task (Task.java:initialize(626)) -  Using ResourceCalculatorProcessTree : [ ]
2019-09-20 08:45:33,406 [LocalJobRunner Map Task Executor #0] INFO  mapred.MapTask (MapTask.java:runNewMapper(768)) - Processing split: file:/tmp/hadoop/mapred/staging/jenkins1000914064944/.staging/_distcp-1013877531/fileList.seq:2527+281
2019-09-20 08:45:33,407 [LocalJobRunner Map Task Executor #0] INFO  output.FileOutputCommitter (FileOutputCommitter.java:<init>(140)) - File Output Committer Algorithm version is 2
2019-09-20 08:45:33,407 [LocalJobRunner Map Task Executor #0] INFO  output.FileOutputCommitter (FileOutputCommitter.java:<init>(155)) - FileOutputCommitter skip cleanup _temporary folders under output directory:false, ignore cleanup failures: false
2019-09-20 08:45:33,428 | INFO  | OMAudit | user=jenkins1000 | ip=127.0.0.1 | op=GET_FILE_STATUS {volume=volume85291, bucket=bucket93347, key=test/ITestOzoneContractDistCp/testUpdateDeepDirectoryStructureToRemote/remote/outputDir, dataSize=0, replicationType=null, replicationFactor=null, keyLocationInfo=null} | ret=SUCCESS |  
2019-09-20 08:45:33,429 [LocalJobRunner Map Task Executor #0] INFO  mapred.CopyMapper (CopyMapper.java:map(154)) - Copying file:/workdir/hadoop-ozone/ozonefs/target/test-dir/ITestOzoneContractDistCp/testUpdateDeepDirectoryStructureToRemote/local/inputDir/subDir2/subDir2 to o3fs://bucket93347.volume85291/test/ITestOzoneContractDistCp/testUpdateDeepDirectoryStructureToRemote/remote/outputDir/inputDir/subDir2/subDir2
2019-09-20 08:45:33,437 | ERROR | OMAudit | user=jenkins1000 | ip=127.0.0.1 | op=GET_FILE_STATUS {volume=volume85291, bucket=bucket93347, key=test/ITestOzoneContractDistCp/testUpdateDeepDirectoryStructureToRemote/remote/outputDir/inputDir/subDir2/subDir2, dataSize=0, replicationType=null, replicationFactor=null, keyLocationInfo=null} | ret=FAILURE | FILE_NOT_FOUND org.apache.hadoop.ozone.om.exceptions.OMException: Unable to get file status: volume: volume85291 bucket: bucket93347 key: test/ITestOzoneContractDistCp/testUpdateDeepDirectoryStructureToRemote/remote/outputDir/inputDir/subDir2/subDir2
	at org.apache.hadoop.ozone.om.KeyManagerImpl.getFileStatus(KeyManagerImpl.java:1655)
	at org.apache.hadoop.ozone.om.OzoneManager.getFileStatus(OzoneManager.java:2868) 
2019-09-20 08:45:33,439 | INFO  | OMAudit | user=jenkins1000 | ip=127.0.0.1 | op=CREATE_DIRECTORY {volume=volume85291, bucket=bucket93347, key=test/ITestOzoneContractDistCp/testUpdateDeepDirectoryStructureToRemote/remote/outputDir/inputDir/subDir2/subDir2, dataSize=0, replicationType=null, replicationFactor=null, keyLocationInfo=null} | ret=SUCCESS |  
2019-09-20 08:45:33,440 [LocalJobRunner Map Task Executor #0] INFO  mapred.LocalJobRunner (LocalJobRunner.java:statusUpdate(634)) - 
2019-09-20 08:45:33,441 [LocalJobRunner Map Task Executor #0] INFO  mapred.Task (Task.java:done(1244)) - Task:attempt_local1082070671_0004_m_000005_0 is done. And is in the process of committing
2019-09-20 08:45:33,442 [LocalJobRunner Map Task Executor #0] INFO  mapred.LocalJobRunner (LocalJobRunner.java:statusUpdate(634)) - 
2019-09-20 08:45:33,442 [LocalJobRunner Map Task Executor #0] INFO  mapred.Task (Task.java:commit(1421)) - Task attempt_local1082070671_0004_m_000005_0 is allowed to commit now
2019-09-20 08:45:33,443 [LocalJobRunner Map Task Executor #0] INFO  output.FileOutputCommitter (FileOutputCommitter.java:commitTask(598)) - Saved output of task 'attempt_local1082070671_0004_m_000005_0' to file:/tmp/hadoop/mapred/staging/jenkins1000914064944/.staging/_distcp-1013877531/_logs
2019-09-20 08:45:33,444 [LocalJobRunner Map Task Executor #0] INFO  mapred.LocalJobRunner (LocalJobRunner.java:statusUpdate(634)) - Copying file:/workdir/hadoop-ozone/ozonefs/target/test-dir/ITestOzoneContractDistCp/testUpdateDeepDirectoryStructureToRemote/local/inputDir/subDir2/subDir2 to o3fs://bucket93347.volume85291/test/ITestOzoneContractDistCp/testUpdateDeepDirectoryStructureToRemote/remote/outputDir/inputDir/subDir2/subDir2
2019-09-20 08:45:33,444 [LocalJobRunner Map Task Executor #0] INFO  mapred.Task (Task.java:sendDone(1380)) - Task 'attempt_local1082070671_0004_m_000005_0' done.
2019-09-20 08:45:33,444 [LocalJobRunner Map Task Executor #0] INFO  mapred.Task (Task.java:done(1276)) - Final Counters for attempt_local1082070671_0004_m_000005_0: Counters: 22
	File System Counters
		FILE: Number of bytes read=888871
		FILE: Number of bytes written=12805717
		FILE: Number of read operations=0
		FILE: Number of large read operations=0
		FILE: Number of write operations=0
		O3FS: Number of bytes read=0
		O3FS: Number of bytes written=0
		O3FS: Number of read operations=124
		O3FS: Number of large read operations=0
		O3FS: Number of write operations=70
	Map-Reduce Framework
		Map input records=1
		Map output records=0
		Input split bytes=158
		Spilled Records=0
		Failed Shuffles=0
		Merged Map outputs=0
		GC time elapsed (ms)=0
		Total committed heap usage (bytes)=2005925888
	File Input Format Counters 
		Bytes Read=3157
	File Output Format Counters 
		Bytes Written=8
	DistCp Counters
		Bandwidth in Btyes=0
		DIR_COPY=1
2019-09-20 08:45:33,444 [LocalJobRunner Map Task Executor #0] INFO  mapred.LocalJobRunner (LocalJobRunner.java:run(277)) - Finishing task: attempt_local1082070671_0004_m_000005_0
2019-09-20 08:45:33,445 [LocalJobRunner Map Task Executor #0] INFO  mapred.LocalJobRunner (LocalJobRunner.java:run(252)) - Starting task: attempt_local1082070671_0004_m_000006_0
2019-09-20 08:45:33,445 [LocalJobRunner Map Task Executor #0] INFO  output.FileOutputCommitter (FileOutputCommitter.java:<init>(140)) - File Output Committer Algorithm version is 2
2019-09-20 08:45:33,445 [LocalJobRunner Map Task Executor #0] INFO  output.FileOutputCommitter (FileOutputCommitter.java:<init>(155)) - FileOutputCommitter skip cleanup _temporary folders under output directory:false, ignore cleanup failures: false
2019-09-20 08:45:33,446 [LocalJobRunner Map Task Executor #0] INFO  mapred.Task (Task.java:initialize(626)) -  Using ResourceCalculatorProcessTree : [ ]
2019-09-20 08:45:33,447 [LocalJobRunner Map Task Executor #0] INFO  mapred.MapTask (MapTask.java:runNewMapper(768)) - Processing split: file:/tmp/hadoop/mapred/staging/jenkins1000914064944/.staging/_distcp-1013877531/fileList.seq:2250+277
2019-09-20 08:45:33,447 [LocalJobRunner Map Task Executor #0] INFO  output.FileOutputCommitter (FileOutputCommitter.java:<init>(140)) - File Output Committer Algorithm version is 2
2019-09-20 08:45:33,447 [LocalJobRunner Map Task Executor #0] INFO  output.FileOutputCommitter (FileOutputCommitter.java:<init>(155)) - FileOutputCommitter skip cleanup _temporary folders under output directory:false, ignore cleanup failures: false
2019-09-20 08:45:33,467 | INFO  | OMAudit | user=jenkins1000 | ip=127.0.0.1 | op=GET_FILE_STATUS {volume=volume85291, bucket=bucket93347, key=test/ITestOzoneContractDistCp/testUpdateDeepDirectoryStructureToRemote/remote/outputDir, dataSize=0, replicationType=null, replicationFactor=null, keyLocationInfo=null} | ret=SUCCESS |  
2019-09-20 08:45:33,468 [LocalJobRunner Map Task Executor #0] INFO  mapred.CopyMapper (CopyMapper.java:map(154)) - Copying file:/workdir/hadoop-ozone/ozonefs/target/test-dir/ITestOzoneContractDistCp/testUpdateDeepDirectoryStructureToRemote/local/inputDir/subDir1/file2 to o3fs://bucket93347.volume85291/test/ITestOzoneContractDistCp/testUpdateDeepDirectoryStructureToRemote/remote/outputDir/inputDir/subDir1/file2
2019-09-20 08:45:33,474 | INFO  | SCMAudit | user=jenkins1000 | ip=192.168.36.79 | op=SEND_HEARTBEAT {datanodeUUID=75feff7d-6f48-4002-b580-45a21ea734c6, command=[]} | ret=SUCCESS |  
2019-09-20 08:45:33,476 | ERROR | OMAudit | user=jenkins1000 | ip=127.0.0.1 | op=GET_FILE_STATUS {volume=volume85291, bucket=bucket93347, key=test/ITestOzoneContractDistCp/testUpdateDeepDirectoryStructureToRemote/remote/outputDir/inputDir/subDir1/file2, dataSize=0, replicationType=null, replicationFactor=null, keyLocationInfo=null} | ret=FAILURE | FILE_NOT_FOUND org.apache.hadoop.ozone.om.exceptions.OMException: Unable to get file status: volume: volume85291 bucket: bucket93347 key: test/ITestOzoneContractDistCp/testUpdateDeepDirectoryStructureToRemote/remote/outputDir/inputDir/subDir1/file2
	at org.apache.hadoop.ozone.om.KeyManagerImpl.getFileStatus(KeyManagerImpl.java:1655)
	at org.apache.hadoop.ozone.om.OzoneManager.getFileStatus(OzoneManager.java:2868) 
2019-09-20 08:45:33,477 [LocalJobRunner Map Task Executor #0] INFO  mapred.RetriableFileCopyCommand (RetriableFileCopyCommand.java:getTmpFile(260)) - Creating temp file: o3fs://bucket93347.volume85291/test/ITestOzoneContractDistCp/testUpdateDeepDirectoryStructureToRemote/remote/outputDir/.distcp.tmp.attempt_local1082070671_0004_m_000006_0
2019-09-20 08:45:33,477 | INFO  | SCMAudit | user=jenkins1000 | ip=192.168.36.79 | op=SEND_HEARTBEAT {datanodeUUID=b892e876-f5ae-410a-9dfd-4f07fd940729, command=[]} | ret=SUCCESS |  
2019-09-20 08:45:33,482 [IPC Server handler 8 on 45031] INFO  pipeline.PipelinePlacementPolicy (PipelinePlacementPolicy.java:meetCriteria(91)) - Pipeline Placement: Doesn't meet the criteria to be viable node： aa30552f-ad30-4fe7-9018-411c04218958 Heaviness: 6 limit: 5
2019-09-20 08:45:33,483 [IPC Server handler 8 on 45031] INFO  pipeline.PipelinePlacementPolicy (PipelinePlacementPolicy.java:meetCriteria(91)) - Pipeline Placement: Doesn't meet the criteria to be viable node： b892e876-f5ae-410a-9dfd-4f07fd940729 Heaviness: 6 limit: 5
2019-09-20 08:45:33,483 [IPC Server handler 8 on 45031] INFO  pipeline.PipelinePlacementPolicy (PipelinePlacementPolicy.java:meetCriteria(91)) - Pipeline Placement: Doesn't meet the criteria to be viable node： 75feff7d-6f48-4002-b580-45a21ea734c6 Heaviness: 6 limit: 5
2019-09-20 08:45:33,483 [IPC Server handler 8 on 45031] INFO  pipeline.PipelinePlacementPolicy (PipelinePlacementPolicy.java:meetCriteria(91)) - Pipeline Placement: Doesn't meet the criteria to be viable node： 9123b815-6bfa-48f7-ade2-b84cdc033afa Heaviness: 6 limit: 5
2019-09-20 08:45:33,483 [IPC Server handler 8 on 45031] INFO  pipeline.PipelinePlacementPolicy (PipelinePlacementPolicy.java:meetCriteria(91)) - Pipeline Placement: Doesn't meet the criteria to be viable node： a4a73c82-9756-45ac-afed-7299ac804f25 Heaviness: 6 limit: 5
2019-09-20 08:45:33,484 [IPC Server handler 8 on 45031] ERROR pipeline.PipelinePlacementPolicy (PipelinePlacementPolicy.java:filterViableNodes(148)) - Unable to find enough nodes that meet the criteria that cannot engage in more than 5 pipelines. Nodes required: 3 Found: 0, healthy nodes count inNodeManager: 5.
2019-09-20 08:45:33,484 [IPC Server handler 8 on 45031] ERROR pipeline.SCMPipelineManager (SCMPipelineManager.java:createPipeline(161)) - Pipeline creation failed due to exception: Unable to find enough nodes that meet the criteria that cannot engage in more than 5 pipelines. Nodes required: 3 Found: 0, healthy nodes count inNodeManager: 5.
2019-09-20 08:45:33,484 [IPC Server handler 8 on 45031] WARN  block.BlockManagerImpl (BlockManagerImpl.java:allocateBlock(192)) - Pipeline creation failed for type:RATIS factor:THREE. Retrying get pipelines call once.
org.apache.hadoop.hdds.scm.exceptions.SCMException: Unable to find enough nodes that meet the criteria that cannot engage in more than 5 pipelines. Nodes required: 3 Found: 0, healthy nodes count inNodeManager: 5.
	at org.apache.hadoop.hdds.scm.pipeline.PipelinePlacementPolicy.filterViableNodes(PipelinePlacementPolicy.java:149)
	at org.apache.hadoop.hdds.scm.pipeline.PipelinePlacementPolicy.chooseDatanodes(PipelinePlacementPolicy.java:172)
	at org.apache.hadoop.hdds.scm.pipeline.RatisPipelineProvider.create(RatisPipelineProvider.java:92)
	at org.apache.hadoop.hdds.scm.pipeline.PipelineFactory.create(PipelineFactory.java:57)
	at org.apache.hadoop.hdds.scm.pipeline.SCMPipelineManager.createPipeline(SCMPipelineManager.java:149)
	at org.apache.hadoop.hdds.scm.block.BlockManagerImpl.allocateBlock(BlockManagerImpl.java:190)
	at org.apache.hadoop.hdds.scm.server.SCMBlockProtocolServer.allocateBlock(SCMBlockProtocolServer.java:175)
	at org.apache.hadoop.ozone.protocolPB.ScmBlockLocationProtocolServerSideTranslatorPB.allocateScmBlock(ScmBlockLocationProtocolServerSideTranslatorPB.java:153)
	at org.apache.hadoop.ozone.protocolPB.ScmBlockLocationProtocolServerSideTranslatorPB.send(ScmBlockLocationProtocolServerSideTranslatorPB.java:112)
	at org.apache.hadoop.hdds.protocol.proto.ScmBlockLocationProtocolProtos$ScmBlockLocationProtocolService$2.callBlockingMethod(ScmBlockLocationProtocolProtos.java:13157)
	at org.apache.hadoop.ipc.ProtobufRpcEngine$Server$ProtoBufRpcInvoker.call(ProtobufRpcEngine.java:524)
	at org.apache.hadoop.ipc.RPC$Server.call(RPC.java:1025)
	at org.apache.hadoop.ipc.Server$RpcCall.run(Server.java:876)
	at org.apache.hadoop.ipc.Server$RpcCall.run(Server.java:822)
	at java.security.AccessController.doPrivileged(Native Method)
	at javax.security.auth.Subject.doAs(Subject.java:422)
	at org.apache.hadoop.security.UserGroupInformation.doAs(UserGroupInformation.java:1730)
	at org.apache.hadoop.ipc.Server$Handler.run(Server.java:2682)
2019-09-20 08:45:33,485 [IPC Server handler 8 on 45031] INFO  block.BlockManagerImpl (BlockManagerImpl.java:allocateBlock(198)) - Could not find available pipeline of type:RATIS and factor:THREE even after retrying
2019-09-20 08:45:33,485 [IPC Server handler 8 on 45031] ERROR block.BlockManagerImpl (BlockManagerImpl.java:allocateBlock(222)) - Unable to allocate a block for the size: 4194304, type: RATIS, factor: THREE
2019-09-20 08:45:33,485 | INFO  | SCMAudit | user=jenkins1000 | ip=192.168.36.79 | op=ALLOCATE_BLOCK {owner=a1d0c9a2-9b67-4af3-a1f8-8c5669c9b817, size=4194304, type=RATIS, factor=THREE} | ret=SUCCESS |  
2019-09-20 08:45:33,486 | ERROR | OMAudit | user=jenkins1000 | ip=127.0.0.1 | op=CREATE_FILE {volume=volume85291, bucket=bucket93347, key=test/ITestOzoneContractDistCp/testUpdateDeepDirectoryStructureToRemote/remote/outputDir/.distcp.tmp.attempt_local1082070671_0004_m_000006_0, dataSize=0, replicationType=RATIS, replicationFactor=THREE, keyLocationInfo=null} | ret=FAILURE | org.apache.hadoop.hdds.scm.exceptions.SCMException: Allocated 0 blocks. Requested 1 blocks
	at org.apache.hadoop.hdds.scm.protocolPB.ScmBlockLocationProtocolClientSideTranslatorPB.handleError(ScmBlockLocationProtocolClientSideTranslatorPB.java:118)
	at org.apache.hadoop.hdds.scm.protocolPB.ScmBlockLocationProtocolClientSideTranslatorPB.allocateBlock(ScmBlockLocationProtocolClientSideTranslatorPB.java:156) 
2019-09-20 08:45:33,489 | ERROR | OMAudit | user=jenkins1000 | ip=127.0.0.1 | op=GET_FILE_STATUS {volume=volume85291, bucket=bucket93347, key=test/ITestOzoneContractDistCp/testUpdateDeepDirectoryStructureToRemote/remote/outputDir/.distcp.tmp.attempt_local1082070671_0004_m_000006_0, dataSize=0, replicationType=null, replicationFactor=null, keyLocationInfo=null} | ret=FAILURE | FILE_NOT_FOUND org.apache.hadoop.ozone.om.exceptions.OMException: Unable to get file status: volume: volume85291 bucket: bucket93347 key: test/ITestOzoneContractDistCp/testUpdateDeepDirectoryStructureToRemote/remote/outputDir/.distcp.tmp.attempt_local1082070671_0004_m_000006_0
	at org.apache.hadoop.ozone.om.KeyManagerImpl.getFileStatus(KeyManagerImpl.java:1655)
	at org.apache.hadoop.ozone.om.OzoneManager.getFileStatus(OzoneManager.java:2868) 
2019-09-20 08:45:33,489 | INFO  | SCMAudit | user=jenkins1000 | ip=192.168.36.79 | op=SEND_HEARTBEAT {datanodeUUID=aa30552f-ad30-4fe7-9018-411c04218958, command=[]} | ret=SUCCESS |  
2019-09-20 08:45:33,489 [LocalJobRunner Map Task Executor #0] WARN  ozone.BasicOzoneFileSystem (BasicOzoneFileSystem.java:delete(437)) - delete: Path does not exist: o3fs://bucket93347.volume85291/test/ITestOzoneContractDistCp/testUpdateDeepDirectoryStructureToRemote/remote/outputDir/.distcp.tmp.attempt_local1082070671_0004_m_000006_0
2019-09-20 08:45:33,490 [LocalJobRunner Map Task Executor #0] ERROR util.RetriableCommand (RetriableCommand.java:execute(89)) - Failure in Retriable command: Copying file:/workdir/hadoop-ozone/ozonefs/target/test-dir/ITestOzoneContractDistCp/testUpdateDeepDirectoryStructureToRemote/local/inputDir/subDir1/file2 to o3fs://bucket93347.volume85291/test/ITestOzoneContractDistCp/testUpdateDeepDirectoryStructureToRemote/remote/outputDir/inputDir/subDir1/file2
INTERNAL_ERROR org.apache.hadoop.ozone.om.exceptions.OMException: Allocated 0 blocks. Requested 1 blocks
	at org.apache.hadoop.ozone.om.protocolPB.OzoneManagerProtocolClientSideTranslatorPB.handleError(OzoneManagerProtocolClientSideTranslatorPB.java:725)
	at org.apache.hadoop.ozone.om.protocolPB.OzoneManagerProtocolClientSideTranslatorPB.createFile(OzoneManagerProtocolClientSideTranslatorPB.java:1474)
	at org.apache.hadoop.ozone.client.rpc.RpcClient.createFile(RpcClient.java:984)
	at org.apache.hadoop.ozone.client.OzoneBucket.createFile(OzoneBucket.java:535)
	at org.apache.hadoop.fs.ozone.BasicOzoneClientAdapterImpl.createFile(BasicOzoneClientAdapterImpl.java:181)
	at org.apache.hadoop.fs.ozone.BasicOzoneFileSystem.createOutputStream(BasicOzoneFileSystem.java:249)
	at org.apache.hadoop.fs.ozone.BasicOzoneFileSystem.create(BasicOzoneFileSystem.java:230)
	at org.apache.hadoop.fs.FileSystem.create(FileSystem.java:1195)
	at org.apache.hadoop.tools.mapred.RetriableFileCopyCommand.copyToFile(RetriableFileCopyCommand.java:184)
	at org.apache.hadoop.tools.mapred.RetriableFileCopyCommand.doCopy(RetriableFileCopyCommand.java:123)
	at org.apache.hadoop.tools.mapred.RetriableFileCopyCommand.doExecute(RetriableFileCopyCommand.java:99)
	at org.apache.hadoop.tools.util.RetriableCommand.execute(RetriableCommand.java:87)
	at org.apache.hadoop.tools.mapred.CopyMapper.copyFileWithRetry(CopyMapper.java:256)
	at org.apache.hadoop.tools.mapred.CopyMapper.map(CopyMapper.java:217)
	at org.apache.hadoop.tools.mapred.CopyMapper.map(CopyMapper.java:48)
	at org.apache.hadoop.mapreduce.Mapper.run(Mapper.java:146)
	at org.apache.hadoop.mapred.MapTask.runNewMapper(MapTask.java:799)
	at org.apache.hadoop.mapred.MapTask.run(MapTask.java:347)
	at org.apache.hadoop.mapred.LocalJobRunner$Job$MapTaskRunnable.run(LocalJobRunner.java:271)
	at java.util.concurrent.Executors$RunnableAdapter.call(Executors.java:511)
	at java.util.concurrent.FutureTask.run(FutureTask.java:266)
	at java.util.concurrent.ThreadPoolExecutor.runWorker(ThreadPoolExecutor.java:1149)
	at java.util.concurrent.ThreadPoolExecutor$Worker.run(ThreadPoolExecutor.java:624)
	at java.lang.Thread.run(Thread.java:748)
2019-09-20 08:45:33,588 [Thread-658] INFO  mapreduce.Job (Job.java:monitorAndPrintJob(1647)) -  map 100% reduce 0%
2019-09-20 08:45:33,733 | INFO  | SCMAudit | user=jenkins1000 | ip=192.168.36.79 | op=SEND_HEARTBEAT {datanodeUUID=a4a73c82-9756-45ac-afed-7299ac804f25, command=[]} | ret=SUCCESS |  
2019-09-20 08:45:33,982 | INFO  | SCMAudit | user=jenkins1000 | ip=192.168.36.79 | op=SEND_HEARTBEAT {datanodeUUID=9123b815-6bfa-48f7-ade2-b84cdc033afa, command=[]} | ret=SUCCESS |  
2019-09-20 08:45:34,475 | INFO  | SCMAudit | user=jenkins1000 | ip=192.168.36.79 | op=SEND_HEARTBEAT {datanodeUUID=75feff7d-6f48-4002-b580-45a21ea734c6, command=[]} | ret=SUCCESS |  
2019-09-20 08:45:34,477 | INFO  | SCMAudit | user=jenkins1000 | ip=192.168.36.79 | op=SEND_HEARTBEAT {datanodeUUID=b892e876-f5ae-410a-9dfd-4f07fd940729, command=[]} | ret=SUCCESS |  
2019-09-20 08:45:34,489 | INFO  | SCMAudit | user=jenkins1000 | ip=192.168.36.79 | op=SEND_HEARTBEAT {datanodeUUID=aa30552f-ad30-4fe7-9018-411c04218958, command=[]} | ret=SUCCESS |  
2019-09-20 08:45:34,733 | INFO  | SCMAudit | user=jenkins1000 | ip=192.168.36.79 | op=SEND_HEARTBEAT {datanodeUUID=a4a73c82-9756-45ac-afed-7299ac804f25, command=[]} | ret=SUCCESS |  
2019-09-20 08:45:34,921 [LocalJobRunner Map Task Executor #0] INFO  mapred.RetriableFileCopyCommand (RetriableFileCopyCommand.java:getTmpFile(260)) - Creating temp file: o3fs://bucket93347.volume85291/test/ITestOzoneContractDistCp/testUpdateDeepDirectoryStructureToRemote/remote/outputDir/.distcp.tmp.attempt_local1082070671_0004_m_000006_0
2019-09-20 08:45:34,926 [IPC Server handler 15 on 45031] INFO  pipeline.PipelinePlacementPolicy (PipelinePlacementPolicy.java:meetCriteria(91)) - Pipeline Placement: Doesn't meet the criteria to be viable node： aa30552f-ad30-4fe7-9018-411c04218958 Heaviness: 6 limit: 5
2019-09-20 08:45:34,926 [IPC Server handler 15 on 45031] INFO  pipeline.PipelinePlacementPolicy (PipelinePlacementPolicy.java:meetCriteria(91)) - Pipeline Placement: Doesn't meet the criteria to be viable node： b892e876-f5ae-410a-9dfd-4f07fd940729 Heaviness: 6 limit: 5
2019-09-20 08:45:34,926 [IPC Server handler 15 on 45031] INFO  pipeline.PipelinePlacementPolicy (PipelinePlacementPolicy.java:meetCriteria(91)) - Pipeline Placement: Doesn't meet the criteria to be viable node： 75feff7d-6f48-4002-b580-45a21ea734c6 Heaviness: 6 limit: 5
2019-09-20 08:45:34,926 [IPC Server handler 15 on 45031] INFO  pipeline.PipelinePlacementPolicy (PipelinePlacementPolicy.java:meetCriteria(91)) - Pipeline Placement: Doesn't meet the criteria to be viable node： 9123b815-6bfa-48f7-ade2-b84cdc033afa Heaviness: 6 limit: 5
2019-09-20 08:45:34,927 [IPC Server handler 15 on 45031] INFO  pipeline.PipelinePlacementPolicy (PipelinePlacementPolicy.java:meetCriteria(91)) - Pipeline Placement: Doesn't meet the criteria to be viable node： a4a73c82-9756-45ac-afed-7299ac804f25 Heaviness: 6 limit: 5
2019-09-20 08:45:34,927 [IPC Server handler 15 on 45031] ERROR pipeline.PipelinePlacementPolicy (PipelinePlacementPolicy.java:filterViableNodes(148)) - Unable to find enough nodes that meet the criteria that cannot engage in more than 5 pipelines. Nodes required: 3 Found: 0, healthy nodes count inNodeManager: 5.
2019-09-20 08:45:34,927 [IPC Server handler 15 on 45031] ERROR pipeline.SCMPipelineManager (SCMPipelineManager.java:createPipeline(161)) - Pipeline creation failed due to exception: Unable to find enough nodes that meet the criteria that cannot engage in more than 5 pipelines. Nodes required: 3 Found: 0, healthy nodes count inNodeManager: 5.
2019-09-20 08:45:34,927 [IPC Server handler 15 on 45031] WARN  block.BlockManagerImpl (BlockManagerImpl.java:allocateBlock(192)) - Pipeline creation failed for type:RATIS factor:THREE. Retrying get pipelines call once.
org.apache.hadoop.hdds.scm.exceptions.SCMException: Unable to find enough nodes that meet the criteria that cannot engage in more than 5 pipelines. Nodes required: 3 Found: 0, healthy nodes count inNodeManager: 5.
	at org.apache.hadoop.hdds.scm.pipeline.PipelinePlacementPolicy.filterViableNodes(PipelinePlacementPolicy.java:149)
	at org.apache.hadoop.hdds.scm.pipeline.PipelinePlacementPolicy.chooseDatanodes(PipelinePlacementPolicy.java:172)
	at org.apache.hadoop.hdds.scm.pipeline.RatisPipelineProvider.create(RatisPipelineProvider.java:92)
	at org.apache.hadoop.hdds.scm.pipeline.PipelineFactory.create(PipelineFactory.java:57)
	at org.apache.hadoop.hdds.scm.pipeline.SCMPipelineManager.createPipeline(SCMPipelineManager.java:149)
	at org.apache.hadoop.hdds.scm.block.BlockManagerImpl.allocateBlock(BlockManagerImpl.java:190)
	at org.apache.hadoop.hdds.scm.server.SCMBlockProtocolServer.allocateBlock(SCMBlockProtocolServer.java:175)
	at org.apache.hadoop.ozone.protocolPB.ScmBlockLocationProtocolServerSideTranslatorPB.allocateScmBlock(ScmBlockLocationProtocolServerSideTranslatorPB.java:153)
	at org.apache.hadoop.ozone.protocolPB.ScmBlockLocationProtocolServerSideTranslatorPB.send(ScmBlockLocationProtocolServerSideTranslatorPB.java:112)
	at org.apache.hadoop.hdds.protocol.proto.ScmBlockLocationProtocolProtos$ScmBlockLocationProtocolService$2.callBlockingMethod(ScmBlockLocationProtocolProtos.java:13157)
	at org.apache.hadoop.ipc.ProtobufRpcEngine$Server$ProtoBufRpcInvoker.call(ProtobufRpcEngine.java:524)
	at org.apache.hadoop.ipc.RPC$Server.call(RPC.java:1025)
	at org.apache.hadoop.ipc.Server$RpcCall.run(Server.java:876)
	at org.apache.hadoop.ipc.Server$RpcCall.run(Server.java:822)
	at java.security.AccessController.doPrivileged(Native Method)
	at javax.security.auth.Subject.doAs(Subject.java:422)
	at org.apache.hadoop.security.UserGroupInformation.doAs(UserGroupInformation.java:1730)
	at org.apache.hadoop.ipc.Server$Handler.run(Server.java:2682)
2019-09-20 08:45:34,928 [IPC Server handler 15 on 45031] INFO  block.BlockManagerImpl (BlockManagerImpl.java:allocateBlock(198)) - Could not find available pipeline of type:RATIS and factor:THREE even after retrying
2019-09-20 08:45:34,928 [IPC Server handler 15 on 45031] ERROR block.BlockManagerImpl (BlockManagerImpl.java:allocateBlock(222)) - Unable to allocate a block for the size: 4194304, type: RATIS, factor: THREE
2019-09-20 08:45:34,928 | INFO  | SCMAudit | user=jenkins1000 | ip=192.168.36.79 | op=ALLOCATE_BLOCK {owner=a1d0c9a2-9b67-4af3-a1f8-8c5669c9b817, size=4194304, type=RATIS, factor=THREE} | ret=SUCCESS |  
2019-09-20 08:45:34,929 | ERROR | OMAudit | user=jenkins1000 | ip=127.0.0.1 | op=CREATE_FILE {volume=volume85291, bucket=bucket93347, key=test/ITestOzoneContractDistCp/testUpdateDeepDirectoryStructureToRemote/remote/outputDir/.distcp.tmp.attempt_local1082070671_0004_m_000006_0, dataSize=0, replicationType=RATIS, replicationFactor=THREE, keyLocationInfo=null} | ret=FAILURE | org.apache.hadoop.hdds.scm.exceptions.SCMException: Allocated 0 blocks. Requested 1 blocks
	at org.apache.hadoop.hdds.scm.protocolPB.ScmBlockLocationProtocolClientSideTranslatorPB.handleError(ScmBlockLocationProtocolClientSideTranslatorPB.java:118)
	at org.apache.hadoop.hdds.scm.protocolPB.ScmBlockLocationProtocolClientSideTranslatorPB.allocateBlock(ScmBlockLocationProtocolClientSideTranslatorPB.java:156) 
2019-09-20 08:45:34,931 | ERROR | OMAudit | user=jenkins1000 | ip=127.0.0.1 | op=GET_FILE_STATUS {volume=volume85291, bucket=bucket93347, key=test/ITestOzoneContractDistCp/testUpdateDeepDirectoryStructureToRemote/remote/outputDir/.distcp.tmp.attempt_local1082070671_0004_m_000006_0, dataSize=0, replicationType=null, replicationFactor=null, keyLocationInfo=null} | ret=FAILURE | FILE_NOT_FOUND org.apache.hadoop.ozone.om.exceptions.OMException: Unable to get file status: volume: volume85291 bucket: bucket93347 key: test/ITestOzoneContractDistCp/testUpdateDeepDirectoryStructureToRemote/remote/outputDir/.distcp.tmp.attempt_local1082070671_0004_m_000006_0
	at org.apache.hadoop.ozone.om.KeyManagerImpl.getFileStatus(KeyManagerImpl.java:1655)
	at org.apache.hadoop.ozone.om.OzoneManager.getFileStatus(OzoneManager.java:2868) 
2019-09-20 08:45:34,932 [LocalJobRunner Map Task Executor #0] WARN  ozone.BasicOzoneFileSystem (BasicOzoneFileSystem.java:delete(437)) - delete: Path does not exist: o3fs://bucket93347.volume85291/test/ITestOzoneContractDistCp/testUpdateDeepDirectoryStructureToRemote/remote/outputDir/.distcp.tmp.attempt_local1082070671_0004_m_000006_0
2019-09-20 08:45:34,932 [LocalJobRunner Map Task Executor #0] ERROR util.RetriableCommand (RetriableCommand.java:execute(89)) - Failure in Retriable command: Copying file:/workdir/hadoop-ozone/ozonefs/target/test-dir/ITestOzoneContractDistCp/testUpdateDeepDirectoryStructureToRemote/local/inputDir/subDir1/file2 to o3fs://bucket93347.volume85291/test/ITestOzoneContractDistCp/testUpdateDeepDirectoryStructureToRemote/remote/outputDir/inputDir/subDir1/file2
INTERNAL_ERROR org.apache.hadoop.ozone.om.exceptions.OMException: Allocated 0 blocks. Requested 1 blocks
	at org.apache.hadoop.ozone.om.protocolPB.OzoneManagerProtocolClientSideTranslatorPB.handleError(OzoneManagerProtocolClientSideTranslatorPB.java:725)
	at org.apache.hadoop.ozone.om.protocolPB.OzoneManagerProtocolClientSideTranslatorPB.createFile(OzoneManagerProtocolClientSideTranslatorPB.java:1474)
	at org.apache.hadoop.ozone.client.rpc.RpcClient.createFile(RpcClient.java:984)
	at org.apache.hadoop.ozone.client.OzoneBucket.createFile(OzoneBucket.java:535)
	at org.apache.hadoop.fs.ozone.BasicOzoneClientAdapterImpl.createFile(BasicOzoneClientAdapterImpl.java:181)
	at org.apache.hadoop.fs.ozone.BasicOzoneFileSystem.createOutputStream(BasicOzoneFileSystem.java:249)
	at org.apache.hadoop.fs.ozone.BasicOzoneFileSystem.create(BasicOzoneFileSystem.java:230)
	at org.apache.hadoop.fs.FileSystem.create(FileSystem.java:1195)
	at org.apache.hadoop.tools.mapred.RetriableFileCopyCommand.copyToFile(RetriableFileCopyCommand.java:184)
	at org.apache.hadoop.tools.mapred.RetriableFileCopyCommand.doCopy(RetriableFileCopyCommand.java:123)
	at org.apache.hadoop.tools.mapred.RetriableFileCopyCommand.doExecute(RetriableFileCopyCommand.java:99)
	at org.apache.hadoop.tools.util.RetriableCommand.execute(RetriableCommand.java:87)
	at org.apache.hadoop.tools.mapred.CopyMapper.copyFileWithRetry(CopyMapper.java:256)
	at org.apache.hadoop.tools.mapred.CopyMapper.map(CopyMapper.java:217)
	at org.apache.hadoop.tools.mapred.CopyMapper.map(CopyMapper.java:48)
	at org.apache.hadoop.mapreduce.Mapper.run(Mapper.java:146)
	at org.apache.hadoop.mapred.MapTask.runNewMapper(MapTask.java:799)
	at org.apache.hadoop.mapred.MapTask.run(MapTask.java:347)
	at org.apache.hadoop.mapred.LocalJobRunner$Job$MapTaskRunnable.run(LocalJobRunner.java:271)
	at java.util.concurrent.Executors$RunnableAdapter.call(Executors.java:511)
	at java.util.concurrent.FutureTask.run(FutureTask.java:266)
	at java.util.concurrent.ThreadPoolExecutor.runWorker(ThreadPoolExecutor.java:1149)
	at java.util.concurrent.ThreadPoolExecutor$Worker.run(ThreadPoolExecutor.java:624)
	at java.lang.Thread.run(Thread.java:748)
2019-09-20 08:45:34,984 | INFO  | SCMAudit | user=jenkins1000 | ip=192.168.36.79 | op=SEND_HEARTBEAT {datanodeUUID=9123b815-6bfa-48f7-ade2-b84cdc033afa, command=[]} | ret=SUCCESS |  
2019-09-20 08:45:35,475 | INFO  | SCMAudit | user=jenkins1000 | ip=192.168.36.79 | op=SEND_HEARTBEAT {datanodeUUID=75feff7d-6f48-4002-b580-45a21ea734c6, command=[]} | ret=SUCCESS |  
2019-09-20 08:45:35,476 | INFO  | SCMAudit | user=jenkins1000 | ip=192.168.36.79 | op=SEND_HEARTBEAT {datanodeUUID=b892e876-f5ae-410a-9dfd-4f07fd940729, command=[]} | ret=SUCCESS |  
2019-09-20 08:45:35,490 | INFO  | SCMAudit | user=jenkins1000 | ip=192.168.36.79 | op=SEND_HEARTBEAT {datanodeUUID=aa30552f-ad30-4fe7-9018-411c04218958, command=[]} | ret=SUCCESS |  
2019-09-20 08:45:35,733 | INFO  | SCMAudit | user=jenkins1000 | ip=192.168.36.79 | op=SEND_HEARTBEAT {datanodeUUID=a4a73c82-9756-45ac-afed-7299ac804f25, command=[]} | ret=SUCCESS |  
2019-09-20 08:45:35,971 [communication thread] INFO  mapred.LocalJobRunner (LocalJobRunner.java:statusUpdate(634)) - Copy Failure: file:/workdir/hadoop-ozone/ozonefs/target/test-dir/ITestOzoneContractDistCp/testUpdateDeepDirectoryStructureToRemote/local/inputDir/subDir2/subDir2/file3 > map
2019-09-20 08:45:35,987 | INFO  | SCMAudit | user=jenkins1000 | ip=192.168.36.79 | op=SEND_HEARTBEAT {datanodeUUID=9123b815-6bfa-48f7-ade2-b84cdc033afa, command=[]} | ret=SUCCESS |  
2019-09-20 08:45:36,475 | INFO  | SCMAudit | user=jenkins1000 | ip=192.168.36.79 | op=SEND_HEARTBEAT {datanodeUUID=75feff7d-6f48-4002-b580-45a21ea734c6, command=[]} | ret=SUCCESS |  
2019-09-20 08:45:36,477 | INFO  | SCMAudit | user=jenkins1000 | ip=192.168.36.79 | op=SEND_HEARTBEAT {datanodeUUID=b892e876-f5ae-410a-9dfd-4f07fd940729, command=[]} | ret=SUCCESS |  
2019-09-20 08:45:36,490 | INFO  | SCMAudit | user=jenkins1000 | ip=192.168.36.79 | op=SEND_HEARTBEAT {datanodeUUID=aa30552f-ad30-4fe7-9018-411c04218958, command=[]} | ret=SUCCESS |  
2019-09-20 08:45:36,590 [Thread-658] INFO  mapreduce.Job (Job.java:monitorAndPrintJob(1647)) -  map 45% reduce 0%
2019-09-20 08:45:36,732 | INFO  | SCMAudit | user=jenkins1000 | ip=192.168.36.79 | op=SEND_HEARTBEAT {datanodeUUID=a4a73c82-9756-45ac-afed-7299ac804f25, command=[]} | ret=SUCCESS |  
2019-09-20 08:45:36,984 | INFO  | SCMAudit | user=jenkins1000 | ip=192.168.36.79 | op=SEND_HEARTBEAT {datanodeUUID=9123b815-6bfa-48f7-ade2-b84cdc033afa, command=[]} | ret=SUCCESS |  
2019-09-20 08:45:37,475 | INFO  | SCMAudit | user=jenkins1000 | ip=192.168.36.79 | op=SEND_HEARTBEAT {datanodeUUID=75feff7d-6f48-4002-b580-45a21ea734c6, command=[]} | ret=SUCCESS |  
2019-09-20 08:45:37,477 | INFO  | SCMAudit | user=jenkins1000 | ip=192.168.36.79 | op=SEND_HEARTBEAT {datanodeUUID=b892e876-f5ae-410a-9dfd-4f07fd940729, command=[]} | ret=SUCCESS |  
2019-09-20 08:45:37,489 | INFO  | SCMAudit | user=jenkins1000 | ip=192.168.36.79 | op=SEND_HEARTBEAT {datanodeUUID=aa30552f-ad30-4fe7-9018-411c04218958, command=[]} | ret=SUCCESS |  
2019-09-20 08:45:37,527 [LocalJobRunner Map Task Executor #0] INFO  mapred.RetriableFileCopyCommand (RetriableFileCopyCommand.java:getTmpFile(260)) - Creating temp file: o3fs://bucket93347.volume85291/test/ITestOzoneContractDistCp/testUpdateDeepDirectoryStructureToRemote/remote/outputDir/.distcp.tmp.attempt_local1082070671_0004_m_000006_0
2019-09-20 08:45:37,531 [IPC Server handler 11 on 45031] INFO  pipeline.PipelinePlacementPolicy (PipelinePlacementPolicy.java:meetCriteria(91)) - Pipeline Placement: Doesn't meet the criteria to be viable node： aa30552f-ad30-4fe7-9018-411c04218958 Heaviness: 6 limit: 5
2019-09-20 08:45:37,531 [IPC Server handler 11 on 45031] INFO  pipeline.PipelinePlacementPolicy (PipelinePlacementPolicy.java:meetCriteria(91)) - Pipeline Placement: Doesn't meet the criteria to be viable node： b892e876-f5ae-410a-9dfd-4f07fd940729 Heaviness: 6 limit: 5
2019-09-20 08:45:37,532 [IPC Server handler 11 on 45031] INFO  pipeline.PipelinePlacementPolicy (PipelinePlacementPolicy.java:meetCriteria(91)) - Pipeline Placement: Doesn't meet the criteria to be viable node： 75feff7d-6f48-4002-b580-45a21ea734c6 Heaviness: 6 limit: 5
2019-09-20 08:45:37,532 [IPC Server handler 11 on 45031] INFO  pipeline.PipelinePlacementPolicy (PipelinePlacementPolicy.java:meetCriteria(91)) - Pipeline Placement: Doesn't meet the criteria to be viable node： 9123b815-6bfa-48f7-ade2-b84cdc033afa Heaviness: 6 limit: 5
2019-09-20 08:45:37,532 [IPC Server handler 11 on 45031] INFO  pipeline.PipelinePlacementPolicy (PipelinePlacementPolicy.java:meetCriteria(91)) - Pipeline Placement: Doesn't meet the criteria to be viable node： a4a73c82-9756-45ac-afed-7299ac804f25 Heaviness: 6 limit: 5
2019-09-20 08:45:37,532 [IPC Server handler 11 on 45031] ERROR pipeline.PipelinePlacementPolicy (PipelinePlacementPolicy.java:filterViableNodes(148)) - Unable to find enough nodes that meet the criteria that cannot engage in more than 5 pipelines. Nodes required: 3 Found: 0, healthy nodes count inNodeManager: 5.
2019-09-20 08:45:37,533 [IPC Server handler 11 on 45031] ERROR pipeline.SCMPipelineManager (SCMPipelineManager.java:createPipeline(161)) - Pipeline creation failed due to exception: Unable to find enough nodes that meet the criteria that cannot engage in more than 5 pipelines. Nodes required: 3 Found: 0, healthy nodes count inNodeManager: 5.
2019-09-20 08:45:37,533 [IPC Server handler 11 on 45031] WARN  block.BlockManagerImpl (BlockManagerImpl.java:allocateBlock(192)) - Pipeline creation failed for type:RATIS factor:THREE. Retrying get pipelines call once.
org.apache.hadoop.hdds.scm.exceptions.SCMException: Unable to find enough nodes that meet the criteria that cannot engage in more than 5 pipelines. Nodes required: 3 Found: 0, healthy nodes count inNodeManager: 5.
	at org.apache.hadoop.hdds.scm.pipeline.PipelinePlacementPolicy.filterViableNodes(PipelinePlacementPolicy.java:149)
	at org.apache.hadoop.hdds.scm.pipeline.PipelinePlacementPolicy.chooseDatanodes(PipelinePlacementPolicy.java:172)
	at org.apache.hadoop.hdds.scm.pipeline.RatisPipelineProvider.create(RatisPipelineProvider.java:92)
	at org.apache.hadoop.hdds.scm.pipeline.PipelineFactory.create(PipelineFactory.java:57)
	at org.apache.hadoop.hdds.scm.pipeline.SCMPipelineManager.createPipeline(SCMPipelineManager.java:149)
	at org.apache.hadoop.hdds.scm.block.BlockManagerImpl.allocateBlock(BlockManagerImpl.java:190)
	at org.apache.hadoop.hdds.scm.server.SCMBlockProtocolServer.allocateBlock(SCMBlockProtocolServer.java:175)
	at org.apache.hadoop.ozone.protocolPB.ScmBlockLocationProtocolServerSideTranslatorPB.allocateScmBlock(ScmBlockLocationProtocolServerSideTranslatorPB.java:153)
	at org.apache.hadoop.ozone.protocolPB.ScmBlockLocationProtocolServerSideTranslatorPB.send(ScmBlockLocationProtocolServerSideTranslatorPB.java:112)
	at org.apache.hadoop.hdds.protocol.proto.ScmBlockLocationProtocolProtos$ScmBlockLocationProtocolService$2.callBlockingMethod(ScmBlockLocationProtocolProtos.java:13157)
	at org.apache.hadoop.ipc.ProtobufRpcEngine$Server$ProtoBufRpcInvoker.call(ProtobufRpcEngine.java:524)
	at org.apache.hadoop.ipc.RPC$Server.call(RPC.java:1025)
	at org.apache.hadoop.ipc.Server$RpcCall.run(Server.java:876)
	at org.apache.hadoop.ipc.Server$RpcCall.run(Server.java:822)
	at java.security.AccessController.doPrivileged(Native Method)
	at javax.security.auth.Subject.doAs(Subject.java:422)
	at org.apache.hadoop.security.UserGroupInformation.doAs(UserGroupInformation.java:1730)
	at org.apache.hadoop.ipc.Server$Handler.run(Server.java:2682)
2019-09-20 08:45:37,533 [IPC Server handler 11 on 45031] INFO  block.BlockManagerImpl (BlockManagerImpl.java:allocateBlock(198)) - Could not find available pipeline of type:RATIS and factor:THREE even after retrying
2019-09-20 08:45:37,533 [IPC Server handler 11 on 45031] ERROR block.BlockManagerImpl (BlockManagerImpl.java:allocateBlock(222)) - Unable to allocate a block for the size: 4194304, type: RATIS, factor: THREE
2019-09-20 08:45:37,534 | INFO  | SCMAudit | user=jenkins1000 | ip=192.168.36.79 | op=ALLOCATE_BLOCK {owner=a1d0c9a2-9b67-4af3-a1f8-8c5669c9b817, size=4194304, type=RATIS, factor=THREE} | ret=SUCCESS |  
2019-09-20 08:45:37,534 | ERROR | OMAudit | user=jenkins1000 | ip=127.0.0.1 | op=CREATE_FILE {volume=volume85291, bucket=bucket93347, key=test/ITestOzoneContractDistCp/testUpdateDeepDirectoryStructureToRemote/remote/outputDir/.distcp.tmp.attempt_local1082070671_0004_m_000006_0, dataSize=0, replicationType=RATIS, replicationFactor=THREE, keyLocationInfo=null} | ret=FAILURE | org.apache.hadoop.hdds.scm.exceptions.SCMException: Allocated 0 blocks. Requested 1 blocks
	at org.apache.hadoop.hdds.scm.protocolPB.ScmBlockLocationProtocolClientSideTranslatorPB.handleError(ScmBlockLocationProtocolClientSideTranslatorPB.java:118)
	at org.apache.hadoop.hdds.scm.protocolPB.ScmBlockLocationProtocolClientSideTranslatorPB.allocateBlock(ScmBlockLocationProtocolClientSideTranslatorPB.java:156) 
2019-09-20 08:45:37,537 | ERROR | OMAudit | user=jenkins1000 | ip=127.0.0.1 | op=GET_FILE_STATUS {volume=volume85291, bucket=bucket93347, key=test/ITestOzoneContractDistCp/testUpdateDeepDirectoryStructureToRemote/remote/outputDir/.distcp.tmp.attempt_local1082070671_0004_m_000006_0, dataSize=0, replicationType=null, replicationFactor=null, keyLocationInfo=null} | ret=FAILURE | FILE_NOT_FOUND org.apache.hadoop.ozone.om.exceptions.OMException: Unable to get file status: volume: volume85291 bucket: bucket93347 key: test/ITestOzoneContractDistCp/testUpdateDeepDirectoryStructureToRemote/remote/outputDir/.distcp.tmp.attempt_local1082070671_0004_m_000006_0
	at org.apache.hadoop.ozone.om.KeyManagerImpl.getFileStatus(KeyManagerImpl.java:1655)
	at org.apache.hadoop.ozone.om.OzoneManager.getFileStatus(OzoneManager.java:2868) 
2019-09-20 08:45:37,537 [LocalJobRunner Map Task Executor #0] WARN  ozone.BasicOzoneFileSystem (BasicOzoneFileSystem.java:delete(437)) - delete: Path does not exist: o3fs://bucket93347.volume85291/test/ITestOzoneContractDistCp/testUpdateDeepDirectoryStructureToRemote/remote/outputDir/.distcp.tmp.attempt_local1082070671_0004_m_000006_0
2019-09-20 08:45:37,537 [LocalJobRunner Map Task Executor #0] ERROR util.RetriableCommand (RetriableCommand.java:execute(89)) - Failure in Retriable command: Copying file:/workdir/hadoop-ozone/ozonefs/target/test-dir/ITestOzoneContractDistCp/testUpdateDeepDirectoryStructureToRemote/local/inputDir/subDir1/file2 to o3fs://bucket93347.volume85291/test/ITestOzoneContractDistCp/testUpdateDeepDirectoryStructureToRemote/remote/outputDir/inputDir/subDir1/file2
INTERNAL_ERROR org.apache.hadoop.ozone.om.exceptions.OMException: Allocated 0 blocks. Requested 1 blocks
	at org.apache.hadoop.ozone.om.protocolPB.OzoneManagerProtocolClientSideTranslatorPB.handleError(OzoneManagerProtocolClientSideTranslatorPB.java:725)
	at org.apache.hadoop.ozone.om.protocolPB.OzoneManagerProtocolClientSideTranslatorPB.createFile(OzoneManagerProtocolClientSideTranslatorPB.java:1474)
	at org.apache.hadoop.ozone.client.rpc.RpcClient.createFile(RpcClient.java:984)
	at org.apache.hadoop.ozone.client.OzoneBucket.createFile(OzoneBucket.java:535)
	at org.apache.hadoop.fs.ozone.BasicOzoneClientAdapterImpl.createFile(BasicOzoneClientAdapterImpl.java:181)
	at org.apache.hadoop.fs.ozone.BasicOzoneFileSystem.createOutputStream(BasicOzoneFileSystem.java:249)
	at org.apache.hadoop.fs.ozone.BasicOzoneFileSystem.create(BasicOzoneFileSystem.java:230)
	at org.apache.hadoop.fs.FileSystem.create(FileSystem.java:1195)
	at org.apache.hadoop.tools.mapred.RetriableFileCopyCommand.copyToFile(RetriableFileCopyCommand.java:184)
	at org.apache.hadoop.tools.mapred.RetriableFileCopyCommand.doCopy(RetriableFileCopyCommand.java:123)
	at org.apache.hadoop.tools.mapred.RetriableFileCopyCommand.doExecute(RetriableFileCopyCommand.java:99)
	at org.apache.hadoop.tools.util.RetriableCommand.execute(RetriableCommand.java:87)
	at org.apache.hadoop.tools.mapred.CopyMapper.copyFileWithRetry(CopyMapper.java:256)
	at org.apache.hadoop.tools.mapred.CopyMapper.map(CopyMapper.java:217)
	at org.apache.hadoop.tools.mapred.CopyMapper.map(CopyMapper.java:48)
	at org.apache.hadoop.mapreduce.Mapper.run(Mapper.java:146)
	at org.apache.hadoop.mapred.MapTask.runNewMapper(MapTask.java:799)
	at org.apache.hadoop.mapred.MapTask.run(MapTask.java:347)
	at org.apache.hadoop.mapred.LocalJobRunner$Job$MapTaskRunnable.run(LocalJobRunner.java:271)
	at java.util.concurrent.Executors$RunnableAdapter.call(Executors.java:511)
	at java.util.concurrent.FutureTask.run(FutureTask.java:266)
	at java.util.concurrent.ThreadPoolExecutor.runWorker(ThreadPoolExecutor.java:1149)
	at java.util.concurrent.ThreadPoolExecutor$Worker.run(ThreadPoolExecutor.java:624)
	at java.lang.Thread.run(Thread.java:748)
2019-09-20 08:45:37,538 [LocalJobRunner Map Task Executor #0] ERROR mapred.CopyMapper (CopyMapper.java:handleFailures(296)) - Failure in copying file:/workdir/hadoop-ozone/ozonefs/target/test-dir/ITestOzoneContractDistCp/testUpdateDeepDirectoryStructureToRemote/local/inputDir/subDir1/file2 to o3fs://bucket93347.volume85291/test/ITestOzoneContractDistCp/testUpdateDeepDirectoryStructureToRemote/remote/outputDir/inputDir/subDir1/file2
java.io.IOException: File copy failed: file:/workdir/hadoop-ozone/ozonefs/target/test-dir/ITestOzoneContractDistCp/testUpdateDeepDirectoryStructureToRemote/local/inputDir/subDir1/file2 --> o3fs://bucket93347.volume85291/test/ITestOzoneContractDistCp/testUpdateDeepDirectoryStructureToRemote/remote/outputDir/inputDir/subDir1/file2
	at org.apache.hadoop.tools.mapred.CopyMapper.copyFileWithRetry(CopyMapper.java:259)
	at org.apache.hadoop.tools.mapred.CopyMapper.map(CopyMapper.java:217)
	at org.apache.hadoop.tools.mapred.CopyMapper.map(CopyMapper.java:48)
	at org.apache.hadoop.mapreduce.Mapper.run(Mapper.java:146)
	at org.apache.hadoop.mapred.MapTask.runNewMapper(MapTask.java:799)
	at org.apache.hadoop.mapred.MapTask.run(MapTask.java:347)
	at org.apache.hadoop.mapred.LocalJobRunner$Job$MapTaskRunnable.run(LocalJobRunner.java:271)
	at java.util.concurrent.Executors$RunnableAdapter.call(Executors.java:511)
	at java.util.concurrent.FutureTask.run(FutureTask.java:266)
	at java.util.concurrent.ThreadPoolExecutor.runWorker(ThreadPoolExecutor.java:1149)
	at java.util.concurrent.ThreadPoolExecutor$Worker.run(ThreadPoolExecutor.java:624)
	at java.lang.Thread.run(Thread.java:748)
Caused by: java.io.IOException: Couldn't run retriable-command: Copying file:/workdir/hadoop-ozone/ozonefs/target/test-dir/ITestOzoneContractDistCp/testUpdateDeepDirectoryStructureToRemote/local/inputDir/subDir1/file2 to o3fs://bucket93347.volume85291/test/ITestOzoneContractDistCp/testUpdateDeepDirectoryStructureToRemote/remote/outputDir/inputDir/subDir1/file2
	at org.apache.hadoop.tools.util.RetriableCommand.execute(RetriableCommand.java:101)
	at org.apache.hadoop.tools.mapred.CopyMapper.copyFileWithRetry(CopyMapper.java:256)
	... 11 more
Caused by: INTERNAL_ERROR org.apache.hadoop.ozone.om.exceptions.OMException: Allocated 0 blocks. Requested 1 blocks
	at org.apache.hadoop.ozone.om.protocolPB.OzoneManagerProtocolClientSideTranslatorPB.handleError(OzoneManagerProtocolClientSideTranslatorPB.java:725)
	at org.apache.hadoop.ozone.om.protocolPB.OzoneManagerProtocolClientSideTranslatorPB.createFile(OzoneManagerProtocolClientSideTranslatorPB.java:1474)
	at org.apache.hadoop.ozone.client.rpc.RpcClient.createFile(RpcClient.java:984)
	at org.apache.hadoop.ozone.client.OzoneBucket.createFile(OzoneBucket.java:535)
	at org.apache.hadoop.fs.ozone.BasicOzoneClientAdapterImpl.createFile(BasicOzoneClientAdapterImpl.java:181)
	at org.apache.hadoop.fs.ozone.BasicOzoneFileSystem.createOutputStream(BasicOzoneFileSystem.java:249)
	at org.apache.hadoop.fs.ozone.BasicOzoneFileSystem.create(BasicOzoneFileSystem.java:230)
	at org.apache.hadoop.fs.FileSystem.create(FileSystem.java:1195)
	at org.apache.hadoop.tools.mapred.RetriableFileCopyCommand.copyToFile(RetriableFileCopyCommand.java:184)
	at org.apache.hadoop.tools.mapred.RetriableFileCopyCommand.doCopy(RetriableFileCopyCommand.java:123)
	at org.apache.hadoop.tools.mapred.RetriableFileCopyCommand.doExecute(RetriableFileCopyCommand.java:99)
	at org.apache.hadoop.tools.util.RetriableCommand.execute(RetriableCommand.java:87)
	... 12 more
2019-09-20 08:45:37,539 [LocalJobRunner Map Task Executor #0] INFO  mapred.LocalJobRunner (LocalJobRunner.java:run(252)) - Starting task: attempt_local1082070671_0004_m_000007_0
2019-09-20 08:45:37,539 [LocalJobRunner Map Task Executor #0] INFO  output.FileOutputCommitter (FileOutputCommitter.java:<init>(140)) - File Output Committer Algorithm version is 2
2019-09-20 08:45:37,539 [LocalJobRunner Map Task Executor #0] INFO  output.FileOutputCommitter (FileOutputCommitter.java:<init>(155)) - FileOutputCommitter skip cleanup _temporary folders under output directory:false, ignore cleanup failures: false
2019-09-20 08:45:37,540 [LocalJobRunner Map Task Executor #0] INFO  mapred.Task (Task.java:initialize(626)) -  Using ResourceCalculatorProcessTree : [ ]
2019-09-20 08:45:37,541 [LocalJobRunner Map Task Executor #0] INFO  mapred.MapTask (MapTask.java:runNewMapper(768)) - Processing split: file:/tmp/hadoop/mapred/staging/jenkins1000914064944/.staging/_distcp-1013877531/fileList.seq:327+265
2019-09-20 08:45:37,541 [LocalJobRunner Map Task Executor #0] INFO  output.FileOutputCommitter (FileOutputCommitter.java:<init>(140)) - File Output Committer Algorithm version is 2
2019-09-20 08:45:37,541 [LocalJobRunner Map Task Executor #0] INFO  output.FileOutputCommitter (FileOutputCommitter.java:<init>(155)) - FileOutputCommitter skip cleanup _temporary folders under output directory:false, ignore cleanup failures: false
2019-09-20 08:45:37,560 | INFO  | OMAudit | user=jenkins1000 | ip=127.0.0.1 | op=GET_FILE_STATUS {volume=volume85291, bucket=bucket93347, key=test/ITestOzoneContractDistCp/testUpdateDeepDirectoryStructureToRemote/remote/outputDir, dataSize=0, replicationType=null, replicationFactor=null, keyLocationInfo=null} | ret=SUCCESS |  
2019-09-20 08:45:37,560 [LocalJobRunner Map Task Executor #0] INFO  mapred.CopyMapper (CopyMapper.java:map(154)) - Copying file:/workdir/hadoop-ozone/ozonefs/target/test-dir/ITestOzoneContractDistCp/testUpdateDeepDirectoryStructureToRemote/local/inputDir/subDir4 to o3fs://bucket93347.volume85291/test/ITestOzoneContractDistCp/testUpdateDeepDirectoryStructureToRemote/remote/outputDir/inputDir/subDir4
2019-09-20 08:45:37,567 | INFO  | OMAudit | user=jenkins1000 | ip=127.0.0.1 | op=GET_FILE_STATUS {volume=volume85291, bucket=bucket93347, key=test/ITestOzoneContractDistCp/testUpdateDeepDirectoryStructureToRemote/remote/outputDir/inputDir/subDir4, dataSize=0, replicationType=null, replicationFactor=null, keyLocationInfo=null} | ret=SUCCESS |  
2019-09-20 08:45:37,569 | INFO  | OMAudit | user=jenkins1000 | ip=127.0.0.1 | op=CREATE_DIRECTORY {volume=volume85291, bucket=bucket93347, key=test/ITestOzoneContractDistCp/testUpdateDeepDirectoryStructureToRemote/remote/outputDir/inputDir/subDir4, dataSize=0, replicationType=null, replicationFactor=null, keyLocationInfo=null} | ret=SUCCESS |  
2019-09-20 08:45:37,570 [LocalJobRunner Map Task Executor #0] INFO  mapred.LocalJobRunner (LocalJobRunner.java:statusUpdate(634)) - 
2019-09-20 08:45:37,570 [LocalJobRunner Map Task Executor #0] INFO  mapred.Task (Task.java:done(1244)) - Task:attempt_local1082070671_0004_m_000007_0 is done. And is in the process of committing
2019-09-20 08:45:37,571 [LocalJobRunner Map Task Executor #0] INFO  mapred.LocalJobRunner (LocalJobRunner.java:statusUpdate(634)) - 
2019-09-20 08:45:37,571 [LocalJobRunner Map Task Executor #0] INFO  mapred.Task (Task.java:commit(1421)) - Task attempt_local1082070671_0004_m_000007_0 is allowed to commit now
2019-09-20 08:45:37,572 [LocalJobRunner Map Task Executor #0] INFO  output.FileOutputCommitter (FileOutputCommitter.java:commitTask(598)) - Saved output of task 'attempt_local1082070671_0004_m_000007_0' to file:/tmp/hadoop/mapred/staging/jenkins1000914064944/.staging/_distcp-1013877531/_logs
2019-09-20 08:45:37,572 [LocalJobRunner Map Task Executor #0] INFO  mapred.LocalJobRunner (LocalJobRunner.java:statusUpdate(634)) - Copying file:/workdir/hadoop-ozone/ozonefs/target/test-dir/ITestOzoneContractDistCp/testUpdateDeepDirectoryStructureToRemote/local/inputDir/subDir4 to o3fs://bucket93347.volume85291/test/ITestOzoneContractDistCp/testUpdateDeepDirectoryStructureToRemote/remote/outputDir/inputDir/subDir4
2019-09-20 08:45:37,572 [LocalJobRunner Map Task Executor #0] INFO  mapred.Task (Task.java:sendDone(1380)) - Task 'attempt_local1082070671_0004_m_000007_0' done.
2019-09-20 08:45:37,573 [LocalJobRunner Map Task Executor #0] INFO  mapred.Task (Task.java:done(1276)) - Final Counters for attempt_local1082070671_0004_m_000007_0: Counters: 22
	File System Counters
		FILE: Number of bytes read=896871
		FILE: Number of bytes written=12805733
		FILE: Number of read operations=0
		FILE: Number of large read operations=0
		FILE: Number of write operations=0
		O3FS: Number of bytes read=0
		O3FS: Number of bytes written=0
		O3FS: Number of read operations=131
		O3FS: Number of large read operations=0
		O3FS: Number of write operations=76
	Map-Reduce Framework
		Map input records=1
		Map output records=0
		Input split bytes=158
		Spilled Records=0
		Failed Shuffles=0
		Merged Map outputs=0
		GC time elapsed (ms)=0
		Total committed heap usage (bytes)=2005925888
	File Input Format Counters 
		Bytes Read=3157
	File Output Format Counters 
		Bytes Written=8
	DistCp Counters
		Bandwidth in Btyes=0
		DIR_COPY=1
2019-09-20 08:45:37,573 [LocalJobRunner Map Task Executor #0] INFO  mapred.LocalJobRunner (LocalJobRunner.java:run(277)) - Finishing task: attempt_local1082070671_0004_m_000007_0
2019-09-20 08:45:37,573 [LocalJobRunner Map Task Executor #0] INFO  mapred.LocalJobRunner (LocalJobRunner.java:run(252)) - Starting task: attempt_local1082070671_0004_m_000008_0
2019-09-20 08:45:37,573 [LocalJobRunner Map Task Executor #0] INFO  output.FileOutputCommitter (FileOutputCommitter.java:<init>(140)) - File Output Committer Algorithm version is 2
2019-09-20 08:45:37,574 [LocalJobRunner Map Task Executor #0] INFO  output.FileOutputCommitter (FileOutputCommitter.java:<init>(155)) - FileOutputCommitter skip cleanup _temporary folders under output directory:false, ignore cleanup failures: false
2019-09-20 08:45:37,574 [LocalJobRunner Map Task Executor #0] INFO  mapred.Task (Task.java:initialize(626)) -  Using ResourceCalculatorProcessTree : [ ]
2019-09-20 08:45:37,575 [LocalJobRunner Map Task Executor #0] INFO  mapred.MapTask (MapTask.java:runNewMapper(768)) - Processing split: file:/tmp/hadoop/mapred/staging/jenkins1000914064944/.staging/_distcp-1013877531/fileList.seq:1166+265
2019-09-20 08:45:37,575 [LocalJobRunner Map Task Executor #0] INFO  output.FileOutputCommitter (FileOutputCommitter.java:<init>(140)) - File Output Committer Algorithm version is 2
2019-09-20 08:45:37,576 [LocalJobRunner Map Task Executor #0] INFO  output.FileOutputCommitter (FileOutputCommitter.java:<init>(155)) - FileOutputCommitter skip cleanup _temporary folders under output directory:false, ignore cleanup failures: false
2019-09-20 08:45:37,591 [Thread-658] INFO  mapreduce.Job (Job.java:monitorAndPrintJob(1647)) -  map 100% reduce 0%
2019-09-20 08:45:37,591 | INFO  | OMAudit | user=jenkins1000 | ip=127.0.0.1 | op=GET_FILE_STATUS {volume=volume85291, bucket=bucket93347, key=test/ITestOzoneContractDistCp/testUpdateDeepDirectoryStructureToRemote/remote/outputDir, dataSize=0, replicationType=null, replicationFactor=null, keyLocationInfo=null} | ret=SUCCESS |  
2019-09-20 08:45:37,592 [LocalJobRunner Map Task Executor #0] INFO  mapred.CopyMapper (CopyMapper.java:map(154)) - Copying file:/workdir/hadoop-ozone/ozonefs/target/test-dir/ITestOzoneContractDistCp/testUpdateDeepDirectoryStructureToRemote/local/inputDir/subDir1 to o3fs://bucket93347.volume85291/test/ITestOzoneContractDistCp/testUpdateDeepDirectoryStructureToRemote/remote/outputDir/inputDir/subDir1
2019-09-20 08:45:37,598 | ERROR | OMAudit | user=jenkins1000 | ip=127.0.0.1 | op=GET_FILE_STATUS {volume=volume85291, bucket=bucket93347, key=test/ITestOzoneContractDistCp/testUpdateDeepDirectoryStructureToRemote/remote/outputDir/inputDir/subDir1, dataSize=0, replicationType=null, replicationFactor=null, keyLocationInfo=null} | ret=FAILURE | FILE_NOT_FOUND org.apache.hadoop.ozone.om.exceptions.OMException: Unable to get file status: volume: volume85291 bucket: bucket93347 key: test/ITestOzoneContractDistCp/testUpdateDeepDirectoryStructureToRemote/remote/outputDir/inputDir/subDir1
	at org.apache.hadoop.ozone.om.KeyManagerImpl.getFileStatus(KeyManagerImpl.java:1655)
	at org.apache.hadoop.ozone.om.OzoneManager.getFileStatus(OzoneManager.java:2868) 
2019-09-20 08:45:37,601 | INFO  | OMAudit | user=jenkins1000 | ip=127.0.0.1 | op=CREATE_DIRECTORY {volume=volume85291, bucket=bucket93347, key=test/ITestOzoneContractDistCp/testUpdateDeepDirectoryStructureToRemote/remote/outputDir/inputDir/subDir1, dataSize=0, replicationType=null, replicationFactor=null, keyLocationInfo=null} | ret=SUCCESS |  
2019-09-20 08:45:37,602 [LocalJobRunner Map Task Executor #0] INFO  mapred.LocalJobRunner (LocalJobRunner.java:statusUpdate(634)) - 
2019-09-20 08:45:37,602 [LocalJobRunner Map Task Executor #0] INFO  mapred.Task (Task.java:done(1244)) - Task:attempt_local1082070671_0004_m_000008_0 is done. And is in the process of committing
2019-09-20 08:45:37,603 [LocalJobRunner Map Task Executor #0] INFO  mapred.LocalJobRunner (LocalJobRunner.java:statusUpdate(634)) - 
2019-09-20 08:45:37,603 [LocalJobRunner Map Task Executor #0] INFO  mapred.Task (Task.java:commit(1421)) - Task attempt_local1082070671_0004_m_000008_0 is allowed to commit now
2019-09-20 08:45:37,605 [LocalJobRunner Map Task Executor #0] INFO  output.FileOutputCommitter (FileOutputCommitter.java:commitTask(598)) - Saved output of task 'attempt_local1082070671_0004_m_000008_0' to file:/tmp/hadoop/mapred/staging/jenkins1000914064944/.staging/_distcp-1013877531/_logs
2019-09-20 08:45:37,605 [LocalJobRunner Map Task Executor #0] INFO  mapred.LocalJobRunner (LocalJobRunner.java:statusUpdate(634)) - Copying file:/workdir/hadoop-ozone/ozonefs/target/test-dir/ITestOzoneContractDistCp/testUpdateDeepDirectoryStructureToRemote/local/inputDir/subDir1 to o3fs://bucket93347.volume85291/test/ITestOzoneContractDistCp/testUpdateDeepDirectoryStructureToRemote/remote/outputDir/inputDir/subDir1
2019-09-20 08:45:37,605 [LocalJobRunner Map Task Executor #0] INFO  mapred.Task (Task.java:sendDone(1380)) - Task 'attempt_local1082070671_0004_m_000008_0' done.
2019-09-20 08:45:37,606 [LocalJobRunner Map Task Executor #0] INFO  mapred.Task (Task.java:done(1276)) - Final Counters for attempt_local1082070671_0004_m_000008_0: Counters: 22
	File System Counters
		FILE: Number of bytes read=900615
		FILE: Number of bytes written=12805741
		FILE: Number of read operations=0
		FILE: Number of large read operations=0
		FILE: Number of write operations=0
		O3FS: Number of bytes read=0
		O3FS: Number of bytes written=0
		O3FS: Number of read operations=133
		O3FS: Number of large read operations=0
		O3FS: Number of write operations=76
	Map-Reduce Framework
		Map input records=1
		Map output records=0
		Input split bytes=158
		Spilled Records=0
		Failed Shuffles=0
		Merged Map outputs=0
		GC time elapsed (ms)=0
		Total committed heap usage (bytes)=2005925888
	File Input Format Counters 
		Bytes Read=3157
	File Output Format Counters 
		Bytes Written=8
	DistCp Counters
		Bandwidth in Btyes=0
		DIR_COPY=1
2019-09-20 08:45:37,606 [LocalJobRunner Map Task Executor #0] INFO  mapred.LocalJobRunner (LocalJobRunner.java:run(277)) - Finishing task: attempt_local1082070671_0004_m_000008_0
2019-09-20 08:45:37,606 [LocalJobRunner Map Task Executor #0] INFO  mapred.LocalJobRunner (LocalJobRunner.java:run(252)) - Starting task: attempt_local1082070671_0004_m_000009_0
2019-09-20 08:45:37,607 [LocalJobRunner Map Task Executor #0] INFO  output.FileOutputCommitter (FileOutputCommitter.java:<init>(140)) - File Output Committer Algorithm version is 2
2019-09-20 08:45:37,607 [LocalJobRunner Map Task Executor #0] INFO  output.FileOutputCommitter (FileOutputCommitter.java:<init>(155)) - FileOutputCommitter skip cleanup _temporary folders under output directory:false, ignore cleanup failures: false
2019-09-20 08:45:37,607 [LocalJobRunner Map Task Executor #0] INFO  mapred.Task (Task.java:initialize(626)) -  Using ResourceCalculatorProcessTree : [ ]
2019-09-20 08:45:37,608 [LocalJobRunner Map Task Executor #0] INFO  mapred.MapTask (MapTask.java:runNewMapper(768)) - Processing split: file:/tmp/hadoop/mapred/staging/jenkins1000914064944/.staging/_distcp-1013877531/fileList.seq:1985+265
2019-09-20 08:45:37,609 [LocalJobRunner Map Task Executor #0] INFO  output.FileOutputCommitter (FileOutputCommitter.java:<init>(140)) - File Output Committer Algorithm version is 2
2019-09-20 08:45:37,609 [LocalJobRunner Map Task Executor #0] INFO  output.FileOutputCommitter (FileOutputCommitter.java:<init>(155)) - FileOutputCommitter skip cleanup _temporary folders under output directory:false, ignore cleanup failures: false
2019-09-20 08:45:37,625 | INFO  | OMAudit | user=jenkins1000 | ip=127.0.0.1 | op=GET_FILE_STATUS {volume=volume85291, bucket=bucket93347, key=test/ITestOzoneContractDistCp/testUpdateDeepDirectoryStructureToRemote/remote/outputDir, dataSize=0, replicationType=null, replicationFactor=null, keyLocationInfo=null} | ret=SUCCESS |  
2019-09-20 08:45:37,626 [LocalJobRunner Map Task Executor #0] INFO  mapred.CopyMapper (CopyMapper.java:map(154)) - Copying file:/workdir/hadoop-ozone/ozonefs/target/test-dir/ITestOzoneContractDistCp/testUpdateDeepDirectoryStructureToRemote/local/inputDir/subDir2 to o3fs://bucket93347.volume85291/test/ITestOzoneContractDistCp/testUpdateDeepDirectoryStructureToRemote/remote/outputDir/inputDir/subDir2
2019-09-20 08:45:37,632 | INFO  | OMAudit | user=jenkins1000 | ip=127.0.0.1 | op=GET_FILE_STATUS {volume=volume85291, bucket=bucket93347, key=test/ITestOzoneContractDistCp/testUpdateDeepDirectoryStructureToRemote/remote/outputDir/inputDir/subDir2, dataSize=0, replicationType=null, replicationFactor=null, keyLocationInfo=null} | ret=SUCCESS |  
2019-09-20 08:45:37,634 | INFO  | OMAudit | user=jenkins1000 | ip=127.0.0.1 | op=CREATE_DIRECTORY {volume=volume85291, bucket=bucket93347, key=test/ITestOzoneContractDistCp/testUpdateDeepDirectoryStructureToRemote/remote/outputDir/inputDir/subDir2, dataSize=0, replicationType=null, replicationFactor=null, keyLocationInfo=null} | ret=SUCCESS |  
2019-09-20 08:45:37,635 [LocalJobRunner Map Task Executor #0] INFO  mapred.LocalJobRunner (LocalJobRunner.java:statusUpdate(634)) - 
2019-09-20 08:45:37,635 [LocalJobRunner Map Task Executor #0] INFO  mapred.Task (Task.java:done(1244)) - Task:attempt_local1082070671_0004_m_000009_0 is done. And is in the process of committing
2019-09-20 08:45:37,636 [LocalJobRunner Map Task Executor #0] INFO  mapred.LocalJobRunner (LocalJobRunner.java:statusUpdate(634)) - 
2019-09-20 08:45:37,636 [LocalJobRunner Map Task Executor #0] INFO  mapred.Task (Task.java:commit(1421)) - Task attempt_local1082070671_0004_m_000009_0 is allowed to commit now
2019-09-20 08:45:37,637 [LocalJobRunner Map Task Executor #0] INFO  output.FileOutputCommitter (FileOutputCommitter.java:commitTask(598)) - Saved output of task 'attempt_local1082070671_0004_m_000009_0' to file:/tmp/hadoop/mapred/staging/jenkins1000914064944/.staging/_distcp-1013877531/_logs
2019-09-20 08:45:37,637 [LocalJobRunner Map Task Executor #0] INFO  mapred.LocalJobRunner (LocalJobRunner.java:statusUpdate(634)) - Copying file:/workdir/hadoop-ozone/ozonefs/target/test-dir/ITestOzoneContractDistCp/testUpdateDeepDirectoryStructureToRemote/local/inputDir/subDir2 to o3fs://bucket93347.volume85291/test/ITestOzoneContractDistCp/testUpdateDeepDirectoryStructureToRemote/remote/outputDir/inputDir/subDir2
2019-09-20 08:45:37,638 [LocalJobRunner Map Task Executor #0] INFO  mapred.Task (Task.java:sendDone(1380)) - Task 'attempt_local1082070671_0004_m_000009_0' done.
2019-09-20 08:45:37,638 [LocalJobRunner Map Task Executor #0] INFO  mapred.Task (Task.java:done(1276)) - Final Counters for attempt_local1082070671_0004_m_000009_0: Counters: 22
	File System Counters
		FILE: Number of bytes read=904359
		FILE: Number of bytes written=12805749
		FILE: Number of read operations=0
		FILE: Number of large read operations=0
		FILE: Number of write operations=0
		O3FS: Number of bytes read=0
		O3FS: Number of bytes written=0
		O3FS: Number of read operations=135
		O3FS: Number of large read operations=0
		O3FS: Number of write operations=76
	Map-Reduce Framework
		Map input records=1
		Map output records=0
		Input split bytes=158
		Spilled Records=0
		Failed Shuffles=0
		Merged Map outputs=0
		GC time elapsed (ms)=0
		Total committed heap usage (bytes)=2005925888
	File Input Format Counters 
		Bytes Read=3157
	File Output Format Counters 
		Bytes Written=8
	DistCp Counters
		Bandwidth in Btyes=0
		DIR_COPY=1
2019-09-20 08:45:37,638 [LocalJobRunner Map Task Executor #0] INFO  mapred.LocalJobRunner (LocalJobRunner.java:run(277)) - Finishing task: attempt_local1082070671_0004_m_000009_0
2019-09-20 08:45:37,638 [Thread-720] INFO  mapred.LocalJobRunner (LocalJobRunner.java:runTasks(486)) - map task executor complete.
2019-09-20 08:45:37,643 | INFO  | OMAudit | user=jenkins1000 | ip=127.0.0.1 | op=LIST_STATUS {volume=volume85291, bucket=bucket93347, key=test/ITestOzoneContractDistCp/testUpdateDeepDirectoryStructureToRemote/remote/outputDir, dataSize=0, replicationType=null, replicationFactor=null, keyLocationInfo=null} | ret=SUCCESS |  
2019-09-20 08:45:37,645 | INFO  | OMAudit | user=jenkins1000 | ip=127.0.0.1 | op=GET_FILE_STATUS {volume=volume85291, bucket=bucket93347, key=test/ITestOzoneContractDistCp/testUpdateDeepDirectoryStructureToRemote/remote/outputDir, dataSize=0, replicationType=null, replicationFactor=null, keyLocationInfo=null} | ret=SUCCESS |  
2019-09-20 08:45:37,647 | INFO  | OMAudit | user=jenkins1000 | ip=127.0.0.1 | op=LIST_STATUS {volume=volume85291, bucket=bucket93347, key=test/ITestOzoneContractDistCp/testUpdateDeepDirectoryStructureToRemote/remote, dataSize=0, replicationType=null, replicationFactor=null, keyLocationInfo=null} | ret=SUCCESS |  
2019-09-20 08:45:37,649 | INFO  | OMAudit | user=jenkins1000 | ip=127.0.0.1 | op=GET_FILE_STATUS {volume=volume85291, bucket=bucket93347, key=test/ITestOzoneContractDistCp/testUpdateDeepDirectoryStructureToRemote/remote, dataSize=0, replicationType=null, replicationFactor=null, keyLocationInfo=null} | ret=SUCCESS |  
2019-09-20 08:45:37,649 [Thread-720] INFO  mapred.CopyCommitter (CopyCommitter.java:cleanup(189)) - Cleaning up temporary work folder: file:/tmp/hadoop/mapred/staging/jenkins1000914064944/.staging/_distcp-1013877531
2019-09-20 08:45:37,651 [Thread-720] WARN  mapred.LocalJobRunner (LocalJobRunner.java:run(590)) - job_local1082070671_0004
java.lang.Exception: java.io.IOException: File copy failed: file:/workdir/hadoop-ozone/ozonefs/target/test-dir/ITestOzoneContractDistCp/testUpdateDeepDirectoryStructureToRemote/local/inputDir/file1 --> o3fs://bucket93347.volume85291/test/ITestOzoneContractDistCp/testUpdateDeepDirectoryStructureToRemote/remote/outputDir/inputDir/file1
	at org.apache.hadoop.mapred.LocalJobRunner$Job.runTasks(LocalJobRunner.java:492)
	at org.apache.hadoop.mapred.LocalJobRunner$Job.run(LocalJobRunner.java:552)
Caused by: java.io.IOException: File copy failed: file:/workdir/hadoop-ozone/ozonefs/target/test-dir/ITestOzoneContractDistCp/testUpdateDeepDirectoryStructureToRemote/local/inputDir/file1 --> o3fs://bucket93347.volume85291/test/ITestOzoneContractDistCp/testUpdateDeepDirectoryStructureToRemote/remote/outputDir/inputDir/file1
	at org.apache.hadoop.tools.mapred.CopyMapper.copyFileWithRetry(CopyMapper.java:259)
	at org.apache.hadoop.tools.mapred.CopyMapper.map(CopyMapper.java:217)
	at org.apache.hadoop.tools.mapred.CopyMapper.map(CopyMapper.java:48)
	at org.apache.hadoop.mapreduce.Mapper.run(Mapper.java:146)
	at org.apache.hadoop.mapred.MapTask.runNewMapper(MapTask.java:799)
	at org.apache.hadoop.mapred.MapTask.run(MapTask.java:347)
	at org.apache.hadoop.mapred.LocalJobRunner$Job$MapTaskRunnable.run(LocalJobRunner.java:271)
	at java.util.concurrent.Executors$RunnableAdapter.call(Executors.java:511)
	at java.util.concurrent.FutureTask.run(FutureTask.java:266)
	at java.util.concurrent.ThreadPoolExecutor.runWorker(ThreadPoolExecutor.java:1149)
	at java.util.concurrent.ThreadPoolExecutor$Worker.run(ThreadPoolExecutor.java:624)
	at java.lang.Thread.run(Thread.java:748)
Caused by: java.io.IOException: Couldn't run retriable-command: Copying file:/workdir/hadoop-ozone/ozonefs/target/test-dir/ITestOzoneContractDistCp/testUpdateDeepDirectoryStructureToRemote/local/inputDir/file1 to o3fs://bucket93347.volume85291/test/ITestOzoneContractDistCp/testUpdateDeepDirectoryStructureToRemote/remote/outputDir/inputDir/file1
	at org.apache.hadoop.tools.util.RetriableCommand.execute(RetriableCommand.java:101)
	at org.apache.hadoop.tools.mapred.CopyMapper.copyFileWithRetry(CopyMapper.java:256)
	... 11 more
Caused by: INTERNAL_ERROR org.apache.hadoop.ozone.om.exceptions.OMException: Allocated 0 blocks. Requested 1 blocks
	at org.apache.hadoop.ozone.om.protocolPB.OzoneManagerProtocolClientSideTranslatorPB.handleError(OzoneManagerProtocolClientSideTranslatorPB.java:725)
	at org.apache.hadoop.ozone.om.protocolPB.OzoneManagerProtocolClientSideTranslatorPB.createFile(OzoneManagerProtocolClientSideTranslatorPB.java:1474)
	at org.apache.hadoop.ozone.client.rpc.RpcClient.createFile(RpcClient.java:984)
	at org.apache.hadoop.ozone.client.OzoneBucket.createFile(OzoneBucket.java:535)
	at org.apache.hadoop.fs.ozone.BasicOzoneClientAdapterImpl.createFile(BasicOzoneClientAdapterImpl.java:181)
	at org.apache.hadoop.fs.ozone.BasicOzoneFileSystem.createOutputStream(BasicOzoneFileSystem.java:249)
	at org.apache.hadoop.fs.ozone.BasicOzoneFileSystem.create(BasicOzoneFileSystem.java:230)
	at org.apache.hadoop.fs.FileSystem.create(FileSystem.java:1195)
	at org.apache.hadoop.tools.mapred.RetriableFileCopyCommand.copyToFile(RetriableFileCopyCommand.java:184)
	at org.apache.hadoop.tools.mapred.RetriableFileCopyCommand.doCopy(RetriableFileCopyCommand.java:123)
	at org.apache.hadoop.tools.mapred.RetriableFileCopyCommand.doExecute(RetriableFileCopyCommand.java:99)
	at org.apache.hadoop.tools.util.RetriableCommand.execute(RetriableCommand.java:87)
	... 12 more
2019-09-20 08:45:37,733 | INFO  | SCMAudit | user=jenkins1000 | ip=192.168.36.79 | op=SEND_HEARTBEAT {datanodeUUID=a4a73c82-9756-45ac-afed-7299ac804f25, command=[]} | ret=SUCCESS |  
2019-09-20 08:45:37,984 | INFO  | SCMAudit | user=jenkins1000 | ip=192.168.36.79 | op=SEND_HEARTBEAT {datanodeUUID=9123b815-6bfa-48f7-ade2-b84cdc033afa, command=[]} | ret=SUCCESS |  
2019-09-20 08:45:38,354 [communication thread] INFO  mapred.LocalJobRunner (LocalJobRunner.java:statusUpdate(634)) - Copy Failure: file:/workdir/hadoop-ozone/ozonefs/target/test-dir/ITestOzoneContractDistCp/testUpdateDeepDirectoryStructureToRemote/local/inputDir/subDir4/subDir4/file4 > map
2019-09-20 08:45:38,475 | INFO  | SCMAudit | user=jenkins1000 | ip=192.168.36.79 | op=SEND_HEARTBEAT {datanodeUUID=75feff7d-6f48-4002-b580-45a21ea734c6, command=[]} | ret=SUCCESS |  
2019-09-20 08:45:38,477 | INFO  | SCMAudit | user=jenkins1000 | ip=192.168.36.79 | op=SEND_HEARTBEAT {datanodeUUID=b892e876-f5ae-410a-9dfd-4f07fd940729, command=[]} | ret=SUCCESS |  
2019-09-20 08:45:38,490 | INFO  | SCMAudit | user=jenkins1000 | ip=192.168.36.79 | op=SEND_HEARTBEAT {datanodeUUID=aa30552f-ad30-4fe7-9018-411c04218958, command=[]} | ret=SUCCESS |  
2019-09-20 08:45:38,591 [Thread-658] INFO  mapreduce.Job (Job.java:monitorAndPrintJob(1647)) -  map 85% reduce 0%
2019-09-20 08:45:38,592 [Thread-658] INFO  mapreduce.Job (Job.java:monitorAndPrintJob(1660)) - Job job_local1082070671_0004 failed with state FAILED due to: NA
2019-09-20 08:45:38,597 [Thread-658] INFO  mapreduce.Job (Job.java:monitorAndPrintJob(1665)) - Counters: 22
	File System Counters
		FILE: Number of bytes read=8019231
		FILE: Number of bytes written=115251501
		FILE: Number of read operations=0
		FILE: Number of large read operations=0
		FILE: Number of write operations=0
		O3FS: Number of bytes read=0
		O3FS: Number of bytes written=0
		O3FS: Number of read operations=1136
		O3FS: Number of large read operations=0
		O3FS: Number of write operations=638
	Map-Reduce Framework
		Map input records=9
		Map output records=0
		Input split bytes=1422
		Spilled Records=0
		Failed Shuffles=0
		Merged Map outputs=0
		GC time elapsed (ms)=0
		Total committed heap usage (bytes)=18053332992
	File Input Format Counters 
		Bytes Read=28413
	File Output Format Counters 
		Bytes Written=72
	DistCp Counters
		Bandwidth in Btyes=0
		DIR_COPY=6
2019-09-20 08:45:38,599 | INFO  | OMAudit | user=jenkins1000 | ip=127.0.0.1 | op=GET_FILE_STATUS {volume=volume85291, bucket=bucket93347, key=test, dataSize=0, replicationType=null, replicationFactor=null, keyLocationInfo=null} | ret=SUCCESS |  
2019-09-20 08:45:38,600 | INFO  | OMAudit | user=jenkins1000 | ip=127.0.0.1 | op=GET_FILE_STATUS {volume=volume85291, bucket=bucket93347, key=test, dataSize=0, replicationType=null, replicationFactor=null, keyLocationInfo=null} | ret=SUCCESS |  
2019-09-20 08:45:38,602 | INFO  | OMAudit | user=jenkins1000 | ip=127.0.0.1 | op=GET_FILE_STATUS {volume=volume85291, bucket=bucket93347, key=test, dataSize=0, replicationType=null, replicationFactor=null, keyLocationInfo=null} | ret=SUCCESS |  
2019-09-20 08:45:38,604 | INFO  | OMAudit | user=jenkins1000 | ip=127.0.0.1 | op=LIST_KEYS {volume=volume85291, bucket=bucket93347, startKey=, maxKeys=1000, keyPrefix=test/} | ret=SUCCESS |  
2019-09-20 08:45:38,606 | INFO  | OMAudit | user=jenkins1000 | ip=127.0.0.1 | op=DELETE_KEY {volume=volume85291, bucket=bucket93347, key=test/, dataSize=0, replicationType=null, replicationFactor=null, keyLocationInfo=null} | ret=SUCCESS |  
2019-09-20 08:45:38,608 | INFO  | OMAudit | user=jenkins1000 | ip=127.0.0.1 | op=DELETE_KEY {volume=volume85291, bucket=bucket93347, key=test/ITestOzoneContractDistCp/testUpdateDeepDirectoryStructureToRemote/, dataSize=0, replicationType=null, replicationFactor=null, keyLocationInfo=null} | ret=SUCCESS |  
2019-09-20 08:45:38,609 | INFO  | OMAudit | user=jenkins1000 | ip=127.0.0.1 | op=DELETE_KEY {volume=volume85291, bucket=bucket93347, key=test/ITestOzoneContractDistCp/testUpdateDeepDirectoryStructureToRemote/remote/outputDir/inputDir/, dataSize=0, replicationType=null, replicationFactor=null, keyLocationInfo=null} | ret=SUCCESS |  
2019-09-20 08:45:38,610 | INFO  | OMAudit | user=jenkins1000 | ip=127.0.0.1 | op=DELETE_KEY {volume=volume85291, bucket=bucket93347, key=test/ITestOzoneContractDistCp/testUpdateDeepDirectoryStructureToRemote/remote/outputDir/inputDir/subDir1/, dataSize=0, replicationType=null, replicationFactor=null, keyLocationInfo=null} | ret=SUCCESS |  
2019-09-20 08:45:38,611 | INFO  | OMAudit | user=jenkins1000 | ip=127.0.0.1 | op=DELETE_KEY {volume=volume85291, bucket=bucket93347, key=test/ITestOzoneContractDistCp/testUpdateDeepDirectoryStructureToRemote/remote/outputDir/inputDir/subDir2/subDir2/, dataSize=0, replicationType=null, replicationFactor=null, keyLocationInfo=null} | ret=SUCCESS |  
2019-09-20 08:45:38,613 | INFO  | OMAudit | user=jenkins1000 | ip=127.0.0.1 | op=DELETE_KEY {volume=volume85291, bucket=bucket93347, key=test/ITestOzoneContractDistCp/testUpdateDeepDirectoryStructureToRemote/remote/outputDir/inputDir/subDir4/subDir4/, dataSize=0, replicationType=null, replicationFactor=null, keyLocationInfo=null} | ret=SUCCESS |  
2019-09-20 08:45:38,614 | INFO  | OMAudit | user=jenkins1000 | ip=127.0.0.1 | op=LIST_KEYS {volume=volume85291, bucket=bucket93347, startKey=test/ITestOzoneContractDistCp/testUpdateDeepDirectoryStructureToRemote/remote/outputDir/inputDir/subDir4/subDir4/, maxKeys=1000, keyPrefix=test/} | ret=SUCCESS |  
]]></system-out>
  </testcase>
  <testcase name="testDeepDirectoryStructureFromRemote" classname="org.apache.hadoop.fs.ozone.contract.ITestOzoneContractDistCp" time="0.13">
    <error message="Allocated 0 blocks. Requested 1 blocks" type="INTERNAL_ERROR org.apache.hadoop.ozone.om.exceptions.OMException">INTERNAL_ERROR org.apache.hadoop.ozone.om.exceptions.OMException: Allocated 0 blocks. Requested 1 blocks
	at org.apache.hadoop.ozone.om.protocolPB.OzoneManagerProtocolClientSideTranslatorPB.handleError(OzoneManagerProtocolClientSideTranslatorPB.java:725)
	at org.apache.hadoop.ozone.om.protocolPB.OzoneManagerProtocolClientSideTranslatorPB.createFile(OzoneManagerProtocolClientSideTranslatorPB.java:1474)
	at org.apache.hadoop.ozone.client.rpc.RpcClient.createFile(RpcClient.java:984)
	at org.apache.hadoop.ozone.client.OzoneBucket.createFile(OzoneBucket.java:535)
	at org.apache.hadoop.fs.ozone.BasicOzoneClientAdapterImpl.createFile(BasicOzoneClientAdapterImpl.java:181)
	at org.apache.hadoop.fs.ozone.BasicOzoneFileSystem.createOutputStream(BasicOzoneFileSystem.java:249)
	at org.apache.hadoop.fs.ozone.BasicOzoneFileSystem.create(BasicOzoneFileSystem.java:230)
	at org.apache.hadoop.fs.FileSystem.create(FileSystem.java:1118)
	at org.apache.hadoop.fs.FileSystem.create(FileSystem.java:1098)
	at org.apache.hadoop.fs.FileSystem.create(FileSystem.java:987)
	at org.apache.hadoop.fs.contract.ContractTestUtils.createFile(ContractTestUtils.java:633)
	at org.apache.hadoop.tools.contract.AbstractContractDistCpTest.distCpDeepDirectoryStructure(AbstractContractDistCpTest.java:488)
	at org.apache.hadoop.tools.contract.AbstractContractDistCpTest.testDeepDirectoryStructureFromRemote(AbstractContractDistCpTest.java:458)
	at sun.reflect.NativeMethodAccessorImpl.invoke0(Native Method)
	at sun.reflect.NativeMethodAccessorImpl.invoke(NativeMethodAccessorImpl.java:62)
	at sun.reflect.DelegatingMethodAccessorImpl.invoke(DelegatingMethodAccessorImpl.java:43)
	at java.lang.reflect.Method.invoke(Method.java:498)
	at org.junit.runners.model.FrameworkMethod$1.runReflectiveCall(FrameworkMethod.java:47)
	at org.junit.internal.runners.model.ReflectiveCallable.run(ReflectiveCallable.java:12)
	at org.junit.runners.model.FrameworkMethod.invokeExplosively(FrameworkMethod.java:44)
	at org.junit.internal.runners.statements.InvokeMethod.evaluate(InvokeMethod.java:17)
	at org.junit.internal.runners.statements.RunBefores.evaluate(RunBefores.java:26)
	at org.junit.internal.runners.statements.RunAfters.evaluate(RunAfters.java:27)
	at org.junit.rules.TestWatcher$1.evaluate(TestWatcher.java:55)
	at org.junit.rules.TestWatcher$1.evaluate(TestWatcher.java:55)
	at org.junit.internal.runners.statements.FailOnTimeout$StatementThread.run(FailOnTimeout.java:74)
</error>
    <system-out><![CDATA[2019-09-20 08:45:38,641 [Thread-768] INFO  Configuration.deprecation (Configuration.java:logDeprecation(1394)) - mapred.job.tracker is deprecated. Instead, use mapreduce.jobtracker.address
2019-09-20 08:45:38,643 | INFO  | OMAudit | user=jenkins1000 | ip=127.0.0.1 | op=CREATE_VOLUME {admin=admin85521, owner=user45203, volume=volume16273, creationTime=1568969138643, quotaInBytes=1152921504606846976} | ret=SUCCESS |  
2019-09-20 08:45:38,645 | INFO  | OMAudit | user=jenkins1000 | ip=127.0.0.1 | op=CREATE_BUCKET {volume=volume16273, bucket=bucket31244, acls=[], isVersionEnabled=false, storageType=DISK, creationTime=0} | ret=SUCCESS |  
2019-09-20 08:45:38,695 | INFO  | OMAudit | user=jenkins1000 | ip=127.0.0.1 | op=READ_VOLUME {volume=volume16273} | ret=SUCCESS |  
2019-09-20 08:45:38,696 | INFO  | OMAudit | user=jenkins1000 | ip=127.0.0.1 | op=READ_BUCKET {volume=volume16273, bucket=bucket31244} | ret=SUCCESS |  
2019-09-20 08:45:38,697 [Thread-768] INFO  contract.AbstractFSContractTestBase (AbstractFSContractTestBase.java:setup(184)) - Test filesystem = o3fs://bucket31244.volume16273 implemented by OzoneFileSystem{URI=o3fs://bucket31244.volume16273, workingDir=o3fs://bucket31244.volume16273/user/jenkins1000, userName=jenkins1000, statistics=0 bytes read, 0 bytes written, 142 read ops, 0 large read ops, 77 write ops}
2019-09-20 08:45:38,698 | INFO  | OMAudit | user=jenkins1000 | ip=127.0.0.1 | op=CREATE_DIRECTORY {volume=volume16273, bucket=bucket31244, key=test, dataSize=0, replicationType=null, replicationFactor=null, keyLocationInfo=null} | ret=SUCCESS |  
2019-09-20 08:45:38,712 | INFO  | OMAudit | user=jenkins1000 | ip=127.0.0.1 | op=CREATE_DIRECTORY {volume=volume16273, bucket=bucket31244, key=test/ITestOzoneContractDistCp/testDeepDirectoryStructureFromRemote/remote, dataSize=0, replicationType=null, replicationFactor=null, keyLocationInfo=null} | ret=SUCCESS |  
2019-09-20 08:45:38,713 | INFO  | OMAudit | user=jenkins1000 | ip=127.0.0.1 | op=GET_FILE_STATUS {volume=volume16273, bucket=bucket31244, key=test/ITestOzoneContractDistCp/testDeepDirectoryStructureFromRemote/remote, dataSize=0, replicationType=null, replicationFactor=null, keyLocationInfo=null} | ret=SUCCESS |  
2019-09-20 08:45:38,714 | INFO  | OMAudit | user=jenkins1000 | ip=127.0.0.1 | op=GET_FILE_STATUS {volume=volume16273, bucket=bucket31244, key=test/ITestOzoneContractDistCp/testDeepDirectoryStructureFromRemote/remote, dataSize=0, replicationType=null, replicationFactor=null, keyLocationInfo=null} | ret=SUCCESS |  
2019-09-20 08:45:38,716 | INFO  | OMAudit | user=jenkins1000 | ip=127.0.0.1 | op=LIST_KEYS {volume=volume16273, bucket=bucket31244, startKey=, maxKeys=1000, keyPrefix=test/ITestOzoneContractDistCp/testDeepDirectoryStructureFromRemote/remote/} | ret=SUCCESS |  
2019-09-20 08:45:38,718 | INFO  | OMAudit | user=jenkins1000 | ip=127.0.0.1 | op=DELETE_KEY {volume=volume16273, bucket=bucket31244, key=test/ITestOzoneContractDistCp/testDeepDirectoryStructureFromRemote/remote/, dataSize=0, replicationType=null, replicationFactor=null, keyLocationInfo=null} | ret=SUCCESS |  
2019-09-20 08:45:38,719 | INFO  | OMAudit | user=jenkins1000 | ip=127.0.0.1 | op=LIST_KEYS {volume=volume16273, bucket=bucket31244, startKey=test/ITestOzoneContractDistCp/testDeepDirectoryStructureFromRemote/remote/, maxKeys=1000, keyPrefix=test/ITestOzoneContractDistCp/testDeepDirectoryStructureFromRemote/remote/} | ret=SUCCESS |  
2019-09-20 08:45:38,720 | ERROR | OMAudit | user=jenkins1000 | ip=127.0.0.1 | op=GET_FILE_STATUS {volume=volume16273, bucket=bucket31244, key=test/ITestOzoneContractDistCp/testDeepDirectoryStructureFromRemote, dataSize=0, replicationType=null, replicationFactor=null, keyLocationInfo=null} | ret=FAILURE | FILE_NOT_FOUND org.apache.hadoop.ozone.om.exceptions.OMException: Unable to get file status: volume: volume16273 bucket: bucket31244 key: test/ITestOzoneContractDistCp/testDeepDirectoryStructureFromRemote
	at org.apache.hadoop.ozone.om.KeyManagerImpl.getFileStatus(KeyManagerImpl.java:1655)
	at org.apache.hadoop.ozone.om.OzoneManager.getFileStatus(OzoneManager.java:2868) 
2019-09-20 08:45:38,723 | INFO  | OMAudit | user=jenkins1000 | ip=127.0.0.1 | op=CREATE_DIRECTORY {volume=volume16273, bucket=bucket31244, key=test/ITestOzoneContractDistCp/testDeepDirectoryStructureFromRemote/, dataSize=0, replicationType=null, replicationFactor=null, keyLocationInfo=null} | ret=SUCCESS |  
2019-09-20 08:45:38,723 [Thread-768] INFO  contract.AbstractFSContractTestBase (AbstractFSContractTestBase.java:describe(255)) - copy a deep directory structure from remote to local
2019-09-20 08:45:38,726 | INFO  | OMAudit | user=jenkins1000 | ip=127.0.0.1 | op=CREATE_DIRECTORY {volume=volume16273, bucket=bucket31244, key=test/ITestOzoneContractDistCp/testDeepDirectoryStructureFromRemote/remote/inputDir/subDir1, dataSize=0, replicationType=null, replicationFactor=null, keyLocationInfo=null} | ret=SUCCESS |  
2019-09-20 08:45:38,728 | INFO  | OMAudit | user=jenkins1000 | ip=127.0.0.1 | op=CREATE_DIRECTORY {volume=volume16273, bucket=bucket31244, key=test/ITestOzoneContractDistCp/testDeepDirectoryStructureFromRemote/remote/inputDir/subDir2/subDir2, dataSize=0, replicationType=null, replicationFactor=null, keyLocationInfo=null} | ret=SUCCESS |  
2019-09-20 08:45:38,731 [IPC Server handler 2 on 45031] INFO  pipeline.PipelinePlacementPolicy (PipelinePlacementPolicy.java:meetCriteria(91)) - Pipeline Placement: Doesn't meet the criteria to be viable node： aa30552f-ad30-4fe7-9018-411c04218958 Heaviness: 6 limit: 5
2019-09-20 08:45:38,731 [IPC Server handler 2 on 45031] INFO  pipeline.PipelinePlacementPolicy (PipelinePlacementPolicy.java:meetCriteria(91)) - Pipeline Placement: Doesn't meet the criteria to be viable node： b892e876-f5ae-410a-9dfd-4f07fd940729 Heaviness: 6 limit: 5
2019-09-20 08:45:38,732 [IPC Server handler 2 on 45031] INFO  pipeline.PipelinePlacementPolicy (PipelinePlacementPolicy.java:meetCriteria(91)) - Pipeline Placement: Doesn't meet the criteria to be viable node： 75feff7d-6f48-4002-b580-45a21ea734c6 Heaviness: 6 limit: 5
2019-09-20 08:45:38,732 [IPC Server handler 2 on 45031] INFO  pipeline.PipelinePlacementPolicy (PipelinePlacementPolicy.java:meetCriteria(91)) - Pipeline Placement: Doesn't meet the criteria to be viable node： 9123b815-6bfa-48f7-ade2-b84cdc033afa Heaviness: 6 limit: 5
2019-09-20 08:45:38,732 [IPC Server handler 2 on 45031] INFO  pipeline.PipelinePlacementPolicy (PipelinePlacementPolicy.java:meetCriteria(91)) - Pipeline Placement: Doesn't meet the criteria to be viable node： a4a73c82-9756-45ac-afed-7299ac804f25 Heaviness: 6 limit: 5
2019-09-20 08:45:38,732 [IPC Server handler 2 on 45031] ERROR pipeline.PipelinePlacementPolicy (PipelinePlacementPolicy.java:filterViableNodes(148)) - Unable to find enough nodes that meet the criteria that cannot engage in more than 5 pipelines. Nodes required: 3 Found: 0, healthy nodes count inNodeManager: 5.
2019-09-20 08:45:38,732 [IPC Server handler 2 on 45031] ERROR pipeline.SCMPipelineManager (SCMPipelineManager.java:createPipeline(161)) - Pipeline creation failed due to exception: Unable to find enough nodes that meet the criteria that cannot engage in more than 5 pipelines. Nodes required: 3 Found: 0, healthy nodes count inNodeManager: 5.
2019-09-20 08:45:38,733 | INFO  | SCMAudit | user=jenkins1000 | ip=192.168.36.79 | op=SEND_HEARTBEAT {datanodeUUID=a4a73c82-9756-45ac-afed-7299ac804f25, command=[]} | ret=SUCCESS |  
2019-09-20 08:45:38,733 [IPC Server handler 2 on 45031] WARN  block.BlockManagerImpl (BlockManagerImpl.java:allocateBlock(192)) - Pipeline creation failed for type:RATIS factor:THREE. Retrying get pipelines call once.
org.apache.hadoop.hdds.scm.exceptions.SCMException: Unable to find enough nodes that meet the criteria that cannot engage in more than 5 pipelines. Nodes required: 3 Found: 0, healthy nodes count inNodeManager: 5.
	at org.apache.hadoop.hdds.scm.pipeline.PipelinePlacementPolicy.filterViableNodes(PipelinePlacementPolicy.java:149)
	at org.apache.hadoop.hdds.scm.pipeline.PipelinePlacementPolicy.chooseDatanodes(PipelinePlacementPolicy.java:172)
	at org.apache.hadoop.hdds.scm.pipeline.RatisPipelineProvider.create(RatisPipelineProvider.java:92)
	at org.apache.hadoop.hdds.scm.pipeline.PipelineFactory.create(PipelineFactory.java:57)
	at org.apache.hadoop.hdds.scm.pipeline.SCMPipelineManager.createPipeline(SCMPipelineManager.java:149)
	at org.apache.hadoop.hdds.scm.block.BlockManagerImpl.allocateBlock(BlockManagerImpl.java:190)
	at org.apache.hadoop.hdds.scm.server.SCMBlockProtocolServer.allocateBlock(SCMBlockProtocolServer.java:175)
	at org.apache.hadoop.ozone.protocolPB.ScmBlockLocationProtocolServerSideTranslatorPB.allocateScmBlock(ScmBlockLocationProtocolServerSideTranslatorPB.java:153)
	at org.apache.hadoop.ozone.protocolPB.ScmBlockLocationProtocolServerSideTranslatorPB.send(ScmBlockLocationProtocolServerSideTranslatorPB.java:112)
	at org.apache.hadoop.hdds.protocol.proto.ScmBlockLocationProtocolProtos$ScmBlockLocationProtocolService$2.callBlockingMethod(ScmBlockLocationProtocolProtos.java:13157)
	at org.apache.hadoop.ipc.ProtobufRpcEngine$Server$ProtoBufRpcInvoker.call(ProtobufRpcEngine.java:524)
	at org.apache.hadoop.ipc.RPC$Server.call(RPC.java:1025)
	at org.apache.hadoop.ipc.Server$RpcCall.run(Server.java:876)
	at org.apache.hadoop.ipc.Server$RpcCall.run(Server.java:822)
	at java.security.AccessController.doPrivileged(Native Method)
	at javax.security.auth.Subject.doAs(Subject.java:422)
	at org.apache.hadoop.security.UserGroupInformation.doAs(UserGroupInformation.java:1730)
	at org.apache.hadoop.ipc.Server$Handler.run(Server.java:2682)
2019-09-20 08:45:38,733 [IPC Server handler 2 on 45031] INFO  block.BlockManagerImpl (BlockManagerImpl.java:allocateBlock(198)) - Could not find available pipeline of type:RATIS and factor:THREE even after retrying
2019-09-20 08:45:38,733 [IPC Server handler 2 on 45031] ERROR block.BlockManagerImpl (BlockManagerImpl.java:allocateBlock(222)) - Unable to allocate a block for the size: 4194304, type: RATIS, factor: THREE
2019-09-20 08:45:38,733 | INFO  | SCMAudit | user=jenkins1000 | ip=192.168.36.79 | op=ALLOCATE_BLOCK {owner=a1d0c9a2-9b67-4af3-a1f8-8c5669c9b817, size=4194304, type=RATIS, factor=THREE} | ret=SUCCESS |  
2019-09-20 08:45:38,734 | ERROR | OMAudit | user=jenkins1000 | ip=127.0.0.1 | op=CREATE_FILE {volume=volume16273, bucket=bucket31244, key=test/ITestOzoneContractDistCp/testDeepDirectoryStructureFromRemote/remote/inputDir/file1, dataSize=0, replicationType=RATIS, replicationFactor=THREE, keyLocationInfo=null} | ret=FAILURE | org.apache.hadoop.hdds.scm.exceptions.SCMException: Allocated 0 blocks. Requested 1 blocks
	at org.apache.hadoop.hdds.scm.protocolPB.ScmBlockLocationProtocolClientSideTranslatorPB.handleError(ScmBlockLocationProtocolClientSideTranslatorPB.java:118)
	at org.apache.hadoop.hdds.scm.protocolPB.ScmBlockLocationProtocolClientSideTranslatorPB.allocateBlock(ScmBlockLocationProtocolClientSideTranslatorPB.java:156) 
2019-09-20 08:45:38,736 | INFO  | OMAudit | user=jenkins1000 | ip=127.0.0.1 | op=GET_FILE_STATUS {volume=volume16273, bucket=bucket31244, key=test, dataSize=0, replicationType=null, replicationFactor=null, keyLocationInfo=null} | ret=SUCCESS |  
2019-09-20 08:45:38,737 | INFO  | OMAudit | user=jenkins1000 | ip=127.0.0.1 | op=GET_FILE_STATUS {volume=volume16273, bucket=bucket31244, key=test, dataSize=0, replicationType=null, replicationFactor=null, keyLocationInfo=null} | ret=SUCCESS |  
2019-09-20 08:45:38,738 | INFO  | OMAudit | user=jenkins1000 | ip=127.0.0.1 | op=GET_FILE_STATUS {volume=volume16273, bucket=bucket31244, key=test, dataSize=0, replicationType=null, replicationFactor=null, keyLocationInfo=null} | ret=SUCCESS |  
2019-09-20 08:45:38,740 | INFO  | OMAudit | user=jenkins1000 | ip=127.0.0.1 | op=LIST_KEYS {volume=volume16273, bucket=bucket31244, startKey=, maxKeys=1000, keyPrefix=test/} | ret=SUCCESS |  
2019-09-20 08:45:38,742 | INFO  | OMAudit | user=jenkins1000 | ip=127.0.0.1 | op=DELETE_KEY {volume=volume16273, bucket=bucket31244, key=test/, dataSize=0, replicationType=null, replicationFactor=null, keyLocationInfo=null} | ret=SUCCESS |  
2019-09-20 08:45:38,743 | INFO  | OMAudit | user=jenkins1000 | ip=127.0.0.1 | op=DELETE_KEY {volume=volume16273, bucket=bucket31244, key=test/ITestOzoneContractDistCp/testDeepDirectoryStructureFromRemote/, dataSize=0, replicationType=null, replicationFactor=null, keyLocationInfo=null} | ret=SUCCESS |  
2019-09-20 08:45:38,744 | INFO  | OMAudit | user=jenkins1000 | ip=127.0.0.1 | op=DELETE_KEY {volume=volume16273, bucket=bucket31244, key=test/ITestOzoneContractDistCp/testDeepDirectoryStructureFromRemote/remote/inputDir/subDir1/, dataSize=0, replicationType=null, replicationFactor=null, keyLocationInfo=null} | ret=SUCCESS |  
2019-09-20 08:45:38,745 | INFO  | OMAudit | user=jenkins1000 | ip=127.0.0.1 | op=DELETE_KEY {volume=volume16273, bucket=bucket31244, key=test/ITestOzoneContractDistCp/testDeepDirectoryStructureFromRemote/remote/inputDir/subDir2/subDir2/, dataSize=0, replicationType=null, replicationFactor=null, keyLocationInfo=null} | ret=SUCCESS |  
2019-09-20 08:45:38,746 | INFO  | OMAudit | user=jenkins1000 | ip=127.0.0.1 | op=LIST_KEYS {volume=volume16273, bucket=bucket31244, startKey=test/ITestOzoneContractDistCp/testDeepDirectoryStructureFromRemote/remote/inputDir/subDir2/subDir2/, maxKeys=1000, keyPrefix=test/} | ret=SUCCESS |  
]]></system-out>
  </testcase>
</testsuite>